0.0474, 2281
0.0543, 2279
0.0619, 2278
0.1419, 2277
0.1843, 2275
0.2247, 2273
0.2643, 2272
0.3038, 2270
0.3493, 2268
0.3584, 2266
0.3678, 2265
0.5008, 2264
0.5103, 2263
0.5515, 2262
0.6894, 2261
0.7137, 2260
0.7782, 2259
0.8449, 2258
0.8482, 2257
0.8605, 2256
0.8757, 2255
0.9738, 2253
1.0485, 2252
1.0957, 2250
1.1512, 2249
1.2044, 2248
1.2390, 2247
1.3075, 2246
1.3288, 2245
1.4118, 2244
1.5358, 2243
1.6360, 2241
1.6968, 2240
1.7491, 2238
1.9919, 2237
2.0194, 2236
2.0411, 2235
2.0813, 2234
2.0940, 2233
2.1994, 2232
2.3350, 2231
2.3507, 2230
2.3630, 2229
2.3846, 2228
2.4276, 2227
2.4460, 2226
2.5726, 2225
2.6097, 2224
2.6868, 2223
2.7087, 2222
2.8379, 2221
