0.0342, 2281
0.0474, 2279
0.0887, 2278
0.1151, 2277
0.1550, 2276
0.1864, 2274
0.2977, 2273
0.3009, 2272
0.3738, 2270
0.4976, 2267
0.5162, 2266
0.5255, 2265
0.5571, 2263
0.5759, 2262
0.6037, 2261
0.6765, 2260
0.6946, 2259
0.7159, 2258
0.7250, 2257
0.7861, 2256
0.8226, 2254
0.8710, 2253
0.9471, 2252
1.0431, 2251
1.0657, 2250
1.0794, 2249
1.0892, 2248
1.0955, 2247
1.1806, 2246
1.2601, 2245
1.2874, 2244
1.4330, 2243
1.4637, 2242
1.6228, 2241
1.7062, 2240
1.7249, 2238
1.7855, 2237
1.8684, 2236
1.9018, 2235
1.9324, 2234
1.9508, 2233
1.9602, 2232
1.9786, 2231
2.0484, 2230
2.0576, 2229
2.1732, 2228
2.2134, 2227
2.2839, 2226
2.9196, 2225
2.9560, 2224
2.9592, 2223
