0.0247, 2281
0.0450, 2280
0.0515, 2279
0.1510, 2278
0.1734, 2277
0.2464, 2276
0.3077, 2275
0.3199, 2274
0.3291, 2273
0.3414, 2272
0.3446, 2271
0.3752, 2270
0.3785, 2269
0.4668, 2268
0.5737, 2267
0.5868, 2266
0.6183, 2265
0.6674, 2262
0.6916, 2261
0.7116, 2260
0.7309, 2257
0.7343, 2256
0.7468, 2255
0.8097, 2254
0.8507, 2253
0.8569, 2252
0.8667, 2250
0.8828, 2249
0.9047, 2248
0.9173, 2247
1.0519, 2246
1.0708, 2244
1.0739, 2243
1.0962, 2242
1.1573, 2240
1.4580, 2239
1.4611, 2237
1.5625, 2235
1.6032, 2234
1.6065, 2232
1.7089, 2231
1.7460, 2230
1.7521, 2228
1.8199, 2227
1.8506, 2226
1.8537, 2225
1.9344, 2224
1.9527, 2223
2.0240, 2222
2.5509, 2221
2.7496, 2220
3.1060, 2219
