0.0297, 2281
0.0540, 2279
0.1087, 2278
0.1811, 2277
0.2394, 2276
0.2820, 2274
0.3094, 2273
0.3280, 2272
0.3372, 2271
0.4029, 2268
0.4610, 2267
0.4822, 2266
0.4853, 2265
0.6217, 2264
0.6247, 2263
0.6669, 2262
0.7241, 2259
0.8359, 2257
0.8450, 2256
0.8663, 2255
0.9483, 2254
0.9576, 2253
0.9637, 2252
0.9822, 2251
1.1078, 2248
1.2007, 2247
1.2131, 2246
1.2162, 2245
1.2616, 2244
1.2768, 2243
1.2799, 2242
1.3046, 2241
1.3228, 2240
1.4110, 2238
1.4294, 2237
1.4902, 2236
1.4933, 2235
1.5055, 2234
1.5206, 2233
1.5451, 2232
1.5998, 2230
1.6697, 2229
1.8365, 2228
1.8942, 2227
1.9276, 2226
1.9911, 2225
1.9943, 2224
2.0341, 2223
2.0736, 2222
2.1102, 2221
2.9445, 2220
