0.6630, 3931
0.6633, 3930
0.6637, 3929
0.6640, 3928
0.6644, 3927
0.6647, 3926
0.6650, 3925
0.6654, 3924
0.6657, 3923
0.6661, 3922
0.6664, 3921
0.6668, 3920
0.6671, 3919
0.6674, 3918
0.6678, 3917
0.6681, 3916
0.6684, 3915
0.6688, 3914
0.6691, 3913
0.6694, 3912
0.6698, 3911
0.6701, 3910
0.6704, 3909
0.6708, 3908
0.6711, 3907
0.6715, 3906
0.6718, 3905
0.6721, 3904
0.6725, 3903
0.6728, 3902
0.6731, 3901
0.6735, 3900
0.6738, 3899
0.6741, 3898
0.6745, 3897
0.6748, 3896
0.6752, 3895
0.6755, 3894
0.6758, 3893
0.6762, 3892
0.6765, 3891
0.6769, 3890
0.6772, 3889
0.6775, 3888
0.6779, 3887
0.6782, 3886
0.6785, 3885
0.6789, 3884
0.6792, 3883
0.6796, 3882
0.6799, 3881
0.6802, 3880
0.6806, 3879
0.6809, 3878
0.6812, 3877
0.6816, 3876
0.6819, 3875
0.6822, 3874
0.6826, 3873
0.6829, 3872
0.6832, 3871
0.6836, 3870
0.6839, 3869
0.6843, 3868
0.6846, 3867
0.6849, 3866
0.6853, 3865
0.6856, 3864
0.6859, 3863
0.6862, 3862
0.6866, 3861
0.6869, 3860
0.6872, 3859
0.6876, 3858
0.6879, 3857
0.6882, 3856
0.6886, 3855
0.6889, 3854
0.6892, 3853
0.6896, 3852
0.6899, 3851
0.6902, 3850
0.6906, 3849
0.6909, 3848
0.6912, 3847
0.6916, 3846
0.6919, 3845
0.6923, 3844
0.6926, 3843
0.6929, 3842
0.6933, 3841
0.6936, 3840
0.6940, 3839
0.6943, 3838
0.6946, 3837
0.6950, 3836
0.6953, 3835
0.6957, 3834
0.6960, 3833
0.6963, 3832
0.6967, 3831
0.6970, 3830
0.6974, 3829
0.6977, 3828
0.6980, 3827
0.6984, 3826
0.6987, 3825
0.6991, 3824
0.6994, 3823
0.6997, 3822
0.7001, 3821
0.7004, 3820
0.7007, 3819
0.7011, 3818
0.7014, 3817
0.7018, 3816
0.7021, 3815
0.7024, 3814
0.7028, 3813
0.7031, 3812
0.7034, 3811
0.7038, 3810
0.7041, 3809
0.7044, 3808
0.7048, 3807
0.7051, 3806
0.7055, 3805
0.7058, 3804
0.7062, 3803
0.7065, 3802
0.7068, 3801
0.7072, 3800
0.7075, 3799
0.7079, 3798
0.7082, 3797
0.7085, 3796
0.7089, 3795
0.7092, 3794
0.7095, 3793
0.7099, 3792
0.7102, 3791
0.7106, 3790
0.7109, 3789
0.7112, 3788
0.7115, 3787
0.7119, 3786
0.7122, 3785
0.7126, 3784
0.7129, 3783
0.7132, 3782
0.7136, 3781
0.7140, 3780
0.7143, 3779
0.7147, 3778
0.7150, 3777
0.7153, 3776
0.7157, 3775
0.7161, 3774
0.7164, 3773
0.7168, 3772
0.7171, 3771
0.7175, 3770
0.7178, 3769
0.7181, 3768
0.7185, 3767
0.7188, 3766
0.7192, 3765
0.7195, 3764
0.7200, 3763
0.7203, 3762
0.7206, 3761
0.7210, 3760
0.7213, 3759
0.7217, 3758
0.7220, 3757
0.7223, 3756
0.7227, 3755
0.7230, 3754
0.7234, 3753
0.7238, 3752
0.7241, 3751
0.7244, 3750
0.7248, 3749
0.7251, 3748
0.7255, 3747
0.7258, 3746
0.7261, 3745
0.7265, 3744
0.7268, 3743
0.7271, 3742
0.7275, 3741
0.7278, 3740
0.7281, 3739
0.7285, 3738
0.7288, 3737
0.7291, 3736
0.7295, 3735
0.7298, 3734
0.7301, 3733
0.7305, 3732
0.7308, 3731
0.7311, 3730
0.7314, 3729
0.7318, 3728
0.7321, 3727
0.7348, 3726
0.7351, 3725
0.7355, 3724
0.7358, 3723
0.7362, 3722
0.7365, 3721
0.7368, 3720
0.7371, 3719
0.7374, 3718
0.7378, 3717
0.7381, 3716
0.7384, 3715
0.7387, 3714
0.7391, 3713
0.7394, 3712
0.7397, 3711
0.7400, 3710
0.7404, 3709
0.7407, 3708
0.7410, 3707
0.7413, 3706
0.7417, 3705
0.7420, 3704
0.7423, 3703
0.7426, 3702
0.7429, 3701
0.7433, 3700
0.7436, 3699
0.7439, 3698
0.7442, 3697
0.7445, 3696
0.7448, 3695
0.7452, 3694
0.7455, 3693
0.7458, 3692
0.7462, 3691
0.7465, 3690
0.7468, 3689
0.7471, 3688
0.7475, 3687
0.7478, 3686
0.7481, 3685
0.7485, 3684
0.7488, 3683
0.7491, 3682
0.7495, 3681
0.7498, 3680
0.7501, 3679
0.7505, 3678
0.7508, 3677
0.7511, 3676
0.7514, 3675
0.7518, 3674
0.7521, 3673
0.7524, 3672
0.7528, 3671
0.7531, 3670
0.7534, 3669
0.7538, 3668
0.7541, 3667
0.7544, 3666
0.7547, 3665
0.7551, 3664
0.7554, 3663
0.7557, 3662
0.7561, 3661
0.7564, 3660
0.7567, 3659
0.7571, 3658
0.7574, 3657
0.7577, 3656
0.7580, 3655
0.7584, 3654
0.7587, 3653
0.7590, 3652
0.7594, 3651
0.7597, 3650
0.7600, 3649
0.7603, 3648
0.7607, 3647
0.7610, 3646
0.7613, 3645
0.7617, 3644
0.7620, 3643
0.7623, 3642
0.7626, 3641
0.7630, 3640
0.7633, 3639
0.7636, 3638
0.7640, 3637
0.7643, 3636
0.7646, 3635
0.7649, 3634
0.7653, 3633
0.7656, 3632
0.7659, 3631
0.7662, 3630
0.7666, 3629
0.7669, 3628
0.7672, 3627
0.7675, 3626
0.7679, 3625
0.7682, 3624
0.7685, 3623
0.7688, 3622
0.7692, 3621
0.7695, 3620
0.7698, 3619
0.7702, 3618
0.7705, 3617
0.7708, 3616
0.7711, 3615
0.7715, 3614
0.7718, 3613
0.7721, 3612
0.7725, 3611
0.7728, 3610
0.7731, 3609
0.7734, 3608
0.7737, 3607
0.7741, 3606
0.7744, 3605
0.7747, 3604
0.7750, 3603
0.7754, 3602
0.7757, 3601
0.7760, 3600
0.7763, 3599
0.7767, 3598
0.7770, 3597
0.7773, 3596
0.7777, 3595
0.7780, 3594
0.7783, 3593
0.7786, 3592
0.7790, 3591
0.7793, 3590
0.7797, 3589
0.7800, 3588
0.7804, 3587
0.7807, 3586
0.7811, 3585
0.7814, 3584
0.7818, 3583
0.7821, 3582
0.7824, 3581
0.7828, 3580
0.7831, 3579
0.7835, 3578
0.7838, 3577
0.7842, 3576
0.7845, 3575
0.7848, 3574
0.7852, 3573
0.7856, 3572
0.7859, 3571
0.7862, 3570
0.7866, 3569
0.7869, 3568
0.7872, 3567
0.7875, 3566
0.7878, 3565
0.7881, 3564
0.7884, 3563
0.7888, 3562
0.7891, 3561
0.7894, 3560
0.7897, 3559
0.7900, 3558
0.7904, 3557
0.7907, 3556
0.7910, 3555
0.7913, 3554
0.7917, 3553
0.7920, 3552
0.7924, 3551
0.7927, 3550
0.7931, 3549
0.7934, 3548
0.7937, 3547
0.7940, 3546
0.7944, 3545
0.7947, 3544
0.7950, 3543
0.7953, 3542
0.7956, 3541
0.7960, 3540
0.7963, 3539
0.7966, 3538
0.7969, 3537
0.7972, 3536
0.7976, 3535
0.7979, 3534
0.7982, 3533
0.7985, 3532
0.7989, 3531
0.7992, 3530
0.7996, 3529
0.7999, 3528
0.8002, 3527
0.8005, 3526
0.8009, 3525
0.8012, 3524
0.8015, 3523
0.8019, 3522
0.8022, 3521
0.8025, 3520
0.8028, 3519
0.8032, 3518
0.8035, 3517
0.8038, 3516
0.8042, 3515
0.8045, 3514
0.8048, 3513
0.8052, 3512
0.8055, 3511
0.8058, 3510
0.8061, 3509
0.8065, 3508
0.8068, 3507
0.8071, 3506
0.8074, 3505
0.8078, 3504
0.8081, 3503
0.8084, 3502
0.8087, 3501
0.8090, 3500
0.8093, 3499
0.8097, 3498
0.8100, 3497
0.8103, 3496
0.8106, 3495
0.8109, 3494
0.8112, 3493
0.8115, 3492
0.8119, 3491
0.8122, 3490
0.8125, 3489
0.8128, 3488
0.8131, 3487
0.8134, 3486
0.8138, 3485
0.8141, 3484
0.8144, 3483
0.8147, 3482
0.8150, 3481
0.8153, 3480
0.8156, 3479
0.8160, 3478
0.8163, 3477
0.8166, 3476
0.8169, 3475
0.8173, 3474
0.8176, 3473
0.8180, 3472
0.8183, 3471
0.8186, 3470
0.8189, 3469
0.8192, 3468
0.8196, 3467
0.8199, 3466
0.8202, 3465
0.8205, 3464
0.8208, 3463
0.8211, 3462
0.8214, 3461
0.8218, 3460
0.8221, 3459
0.8224, 3458
0.8227, 3457
0.8230, 3456
0.8233, 3455
0.8237, 3454
0.8240, 3453
0.8243, 3452
0.8246, 3451
0.8249, 3450
0.8252, 3449
0.8255, 3448
0.8258, 3447
0.8262, 3446
0.8265, 3445
0.8268, 3444
0.8271, 3443
0.8274, 3442
0.8277, 3441
0.8281, 3440
0.8284, 3439
0.8287, 3438
0.8290, 3437
0.8293, 3436
0.8296, 3435
0.8299, 3434
0.8302, 3433
0.8305, 3432
0.8308, 3431
0.8311, 3430
0.8315, 3429
0.8318, 3428
0.8321, 3427
0.8324, 3426
0.8328, 3425
0.8331, 3424
0.8334, 3423
0.8337, 3422
0.8340, 3421
0.8343, 3420
0.8346, 3419
0.8349, 3418
0.8352, 3417
0.8355, 3416
0.8358, 3415
0.8361, 3414
0.8364, 3413
0.8368, 3412
0.8370, 3411
0.8373, 3410
0.8376, 3409
0.8379, 3408
0.8382, 3407
0.8385, 3406
0.8388, 3405
0.8392, 3404
0.8395, 3403
0.8398, 3402
0.8401, 3401
0.8404, 3400
0.8407, 3399
0.8410, 3398
0.8414, 3397
0.8417, 3396
0.8420, 3395
0.8423, 3394
0.8426, 3393
0.8429, 3392
0.8432, 3391
0.8435, 3390
0.8439, 3389
0.8442, 3388
0.8445, 3387
0.8448, 3386
0.8451, 3385
0.8454, 3384
0.8457, 3383
0.8460, 3382
0.8464, 3381
0.8467, 3380
0.8470, 3379
0.8474, 3378
0.8477, 3377
0.8480, 3376
0.8483, 3375
0.8486, 3374
0.8489, 3373
0.8493, 3372
0.8496, 3371
0.8499, 3370
0.8502, 3369
0.8506, 3368
0.8509, 3367
0.8513, 3366
0.8516, 3365
0.8519, 3364
0.8522, 3363
0.8525, 3362
0.8528, 3361
0.8531, 3360
0.8535, 3359
0.8538, 3358
0.8541, 3357
0.8544, 3356
0.8547, 3355
0.8550, 3354
0.8554, 3353
0.8557, 3352
0.8560, 3351
0.8563, 3350
0.8567, 3349
0.8570, 3348
0.8573, 3347
0.8576, 3346
0.8579, 3345
0.8582, 3344
0.8585, 3343
0.8588, 3342
0.8591, 3341
0.8594, 3340
0.8597, 3339
0.8600, 3338
0.8604, 3337
0.8607, 3336
0.8610, 3335
0.8613, 3334
0.8616, 3333
0.8619, 3332
0.8622, 3331
0.8625, 3330
0.8628, 3329
0.8631, 3328
0.8634, 3327
0.8637, 3326
0.8640, 3325
0.8643, 3324
0.8646, 3323
0.8649, 3322
0.8652, 3321
0.8656, 3320
0.8659, 3319
0.8663, 3318
0.8666, 3317
0.8670, 3316
0.8673, 3315
0.8676, 3314
0.8679, 3313
0.8682, 3312
0.8685, 3311
0.8689, 3310
0.8692, 3309
0.8695, 3308
0.8698, 3307
0.8702, 3306
0.8705, 3305
0.8708, 3304
0.8711, 3303
0.8714, 3302
0.8717, 3301
0.8721, 3300
0.8724, 3299
0.8727, 3298
0.8730, 3297
0.8734, 3296
0.8737, 3295
0.8741, 3294
0.8744, 3293
0.8747, 3292
0.8750, 3291
0.8753, 3290
0.8756, 3289
0.8760, 3288
0.8763, 3287
0.8766, 3286
0.8769, 3285
0.8772, 3284
0.8775, 3283
0.8779, 3282
0.8782, 3281
0.8785, 3280
0.8788, 3279
0.8792, 3278
0.8795, 3277
0.8799, 3276
0.8801, 3275
0.8805, 3274
0.8808, 3273
0.8812, 3272
0.8815, 3271
0.8818, 3270
0.8821, 3269
0.8824, 3268
0.8828, 3267
0.8831, 3266
0.8834, 3265
0.8838, 3264
0.8841, 3263
0.8844, 3262
0.8847, 3261
0.8851, 3260
0.8854, 3259
0.8857, 3258
0.8860, 3257
0.8863, 3256
0.8866, 3255
0.8869, 3254
0.8872, 3253
0.8876, 3252
0.8879, 3251
0.8882, 3250
0.8885, 3249
0.8888, 3248
0.8891, 3247
0.8894, 3246
0.8898, 3245
0.8901, 3244
0.8904, 3243
0.8907, 3242
0.8910, 3241
0.8914, 3240
0.8917, 3239
0.8920, 3238
0.8923, 3237
0.8926, 3236
0.8929, 3235
0.8932, 3234
0.8935, 3233
0.8939, 3232
0.8942, 3231
0.8945, 3230
0.8948, 3229
0.8951, 3228
0.8954, 3227
0.8958, 3226
0.8962, 3225
0.8965, 3224
0.8968, 3223
0.8971, 3222
0.8974, 3221
0.8977, 3220
0.8980, 3219
0.8983, 3218
0.8986, 3217
0.8989, 3216
0.8992, 3215
0.8995, 3214
0.8998, 3213
0.9001, 3212
0.9004, 3211
0.9007, 3210
0.9010, 3209
0.9014, 3208
0.9017, 3207
0.9021, 3206
0.9024, 3205
0.9027, 3204
0.9031, 3203
0.9034, 3202
0.9037, 3201
0.9040, 3200
0.9043, 3199
0.9046, 3198
0.9049, 3197
0.9052, 3196
0.9056, 3195
0.9059, 3194
0.9062, 3193
0.9065, 3192
0.9068, 3191
0.9072, 3190
0.9075, 3189
0.9078, 3188
0.9081, 3187
0.9084, 3186
0.9087, 3185
0.9091, 3184
0.9094, 3183
0.9097, 3182
0.9100, 3181
0.9103, 3180
0.9106, 3179
0.9109, 3178
0.9112, 3177
0.9115, 3176
0.9118, 3175
0.9122, 3174
0.9126, 3173
0.9129, 3172
0.9131, 3171
0.9135, 3170
0.9138, 3169
0.9141, 3168
0.9144, 3167
0.9146, 3166
0.9150, 3165
0.9152, 3164
0.9155, 3163
0.9159, 3162
0.9162, 3161
0.9165, 3160
0.9169, 3159
0.9172, 3158
0.9175, 3157
0.9178, 3156
0.9181, 3155
0.9184, 3154
0.9187, 3153
0.9190, 3152
0.9193, 3151
0.9196, 3150
0.9199, 3149
0.9202, 3148
0.9205, 3147
0.9208, 3146
0.9212, 3145
0.9215, 3144
0.9218, 3143
0.9221, 3142
0.9224, 3141
0.9227, 3140
0.9231, 3139
0.9235, 3138
0.9237, 3137
0.9240, 3136
0.9243, 3135
0.9247, 3134
0.9250, 3133
0.9253, 3132
0.9256, 3131
0.9259, 3130
0.9262, 3129
0.9265, 3128
0.9269, 3127
0.9272, 3126
0.9274, 3125
0.9277, 3124
0.9281, 3123
0.9283, 3122
0.9287, 3121
0.9290, 3120
0.9293, 3119
0.9296, 3118
0.9299, 3117
0.9302, 3116
0.9304, 3115
0.9307, 3114
0.9310, 3113
0.9313, 3112
0.9316, 3111
0.9319, 3110
0.9322, 3109
0.9324, 3108
0.9328, 3107
0.9331, 3106
0.9334, 3105
0.9337, 3104
0.9340, 3103
0.9343, 3102
0.9346, 3101
0.9349, 3100
0.9352, 3099
0.9355, 3098
0.9358, 3097
0.9361, 3096
0.9363, 3095
0.9366, 3094
0.9370, 3093
0.9373, 3092
0.9376, 3091
0.9378, 3090
0.9381, 3089
0.9384, 3088
0.9387, 3087
0.9390, 3086
0.9393, 3085
0.9396, 3084
0.9399, 3083
0.9402, 3082
0.9405, 3081
0.9408, 3080
0.9411, 3079
0.9414, 3078
0.9417, 3077
0.9421, 3076
0.9424, 3075
0.9427, 3074
0.9430, 3073
0.9433, 3072
0.9435, 3071
0.9438, 3070
0.9441, 3069
0.9444, 3068
0.9447, 3067
0.9450, 3066
0.9453, 3065
0.9456, 3064
0.9458, 3063
0.9461, 3062
0.9464, 3061
0.9467, 3060
0.9470, 3059
0.9473, 3058
0.9475, 3057
0.9478, 3056
0.9481, 3055
0.9484, 3054
0.9487, 3053
0.9490, 3052
0.9493, 3051
0.9496, 3050
0.9499, 3049
0.9502, 3048
0.9505, 3047
0.9508, 3046
0.9511, 3045
0.9514, 3044
0.9517, 3043
0.9520, 3042
0.9522, 3041
0.9525, 3040
0.9528, 3039
0.9531, 3038
0.9534, 3037
0.9537, 3036
0.9540, 3035
0.9542, 3034
0.9545, 3033
0.9548, 3032
0.9551, 3031
0.9554, 3030
0.9556, 3029
0.9559, 3028
0.9562, 3027
0.9565, 3026
0.9568, 3025
0.9571, 3024
0.9574, 3023
0.9577, 3022
0.9580, 3021
0.9583, 3020
0.9586, 3019
0.9588, 3018
0.9591, 3017
0.9594, 3016
0.9597, 3015
0.9600, 3014
0.9603, 3013
0.9606, 3012
0.9609, 3011
0.9611, 3010
0.9614, 3009
0.9617, 3008
0.9620, 3007
0.9623, 3006
0.9626, 3005
0.9628, 3004
0.9631, 3003
0.9634, 3002
0.9637, 3001
0.9639, 3000
0.9642, 2999
0.9645, 2998
0.9648, 2997
0.9651, 2996
0.9654, 2995
0.9656, 2994
0.9659, 2993
0.9662, 2992
0.9665, 2991
0.9668, 2990
0.9670, 2989
0.9673, 2988
0.9676, 2987
0.9679, 2986
0.9681, 2985
0.9684, 2984
0.9687, 2983
0.9690, 2982
0.9693, 2981
0.9695, 2980
0.9698, 2979
0.9701, 2978
0.9704, 2977
0.9707, 2976
0.9711, 2975
0.9715, 2974
0.9717, 2973
0.9720, 2972
0.9723, 2971
0.9726, 2970
0.9729, 2969
0.9733, 2968
0.9736, 2967
0.9739, 2966
0.9742, 2965
0.9745, 2964
0.9748, 2963
0.9751, 2962
0.9754, 2961
0.9757, 2960
0.9759, 2959
0.9762, 2958
0.9765, 2957
0.9768, 2956
0.9771, 2955
0.9774, 2954
0.9777, 2953
0.9780, 2952
0.9783, 2951
0.9786, 2950
0.9789, 2949
0.9791, 2948
0.9794, 2947
0.9797, 2946
0.9800, 2945
0.9803, 2944
0.9805, 2943
0.9808, 2942
0.9811, 2941
0.9814, 2940
0.9817, 2939
0.9821, 2938
0.9824, 2937
0.9827, 2936
0.9831, 2935
0.9834, 2934
0.9837, 2933
0.9840, 2932
0.9843, 2931
0.9846, 2930
0.9850, 2929
0.9853, 2928
0.9856, 2927
0.9859, 2926
0.9862, 2925
0.9865, 2924
0.9868, 2923
0.9871, 2922
0.9874, 2921
0.9876, 2920
0.9879, 2919
0.9883, 2918
0.9886, 2917
0.9889, 2916
0.9892, 2915
0.9895, 2914
0.9899, 2913
0.9903, 2912
0.9905, 2911
0.9908, 2910
0.9912, 2909
0.9915, 2908
0.9918, 2907
0.9921, 2906
0.9924, 2905
0.9927, 2904
0.9930, 2903
0.9932, 2902
0.9935, 2901
0.9938, 2900
0.9941, 2899
0.9944, 2898
0.9947, 2897
0.9950, 2896
0.9952, 2895
0.9955, 2894
0.9958, 2893
0.9961, 2892
0.9964, 2891
0.9967, 2890
0.9970, 2889
0.9973, 2888
0.9977, 2887
0.9980, 2886
0.9983, 2885
0.9986, 2884
0.9989, 2883
0.9992, 2882
0.9995, 2881
0.9999, 2880
1.0002, 2879
1.0005, 2878
1.0008, 2877
1.0011, 2876
1.0014, 2875
1.0017, 2874
1.0019, 2873
1.0022, 2872
1.0025, 2871
1.0028, 2870
1.0030, 2869
1.0033, 2868
1.0036, 2867
1.0039, 2866
1.0042, 2865
1.0044, 2864
1.0047, 2863
1.0050, 2862
1.0053, 2861
1.0056, 2860
1.0059, 2859
1.0062, 2858
1.0065, 2857
1.0068, 2856
1.0071, 2855
1.0073, 2854
1.0076, 2853
1.0079, 2852
1.0081, 2851
1.0084, 2850
1.0087, 2849
1.0090, 2848
1.0092, 2847
1.0095, 2846
1.0098, 2845
1.0101, 2844
1.0104, 2843
1.0106, 2842
1.0109, 2841
1.0112, 2840
1.0115, 2839
1.0118, 2838
1.0120, 2837
1.0123, 2836
1.0126, 2835
1.0129, 2834
1.0132, 2833
1.0135, 2832
1.0138, 2831
1.0141, 2830
1.0144, 2829
1.0147, 2828
1.0150, 2827
1.0152, 2826
1.0156, 2825
1.0159, 2824
1.0162, 2823
1.0165, 2822
1.0168, 2821
1.0171, 2820
1.0174, 2819
1.0177, 2818
1.0179, 2817
1.0182, 2816
1.0185, 2815
1.0187, 2814
1.0190, 2813
1.0193, 2812
1.0195, 2811
1.0198, 2810
1.0201, 2809
1.0203, 2808
1.0206, 2807
1.0209, 2806
1.0212, 2805
1.0215, 2804
1.0218, 2803
1.0221, 2802
1.0223, 2801
1.0226, 2800
1.0229, 2799
1.0232, 2798
1.0235, 2797
1.0238, 2796
1.0240, 2795
1.0243, 2794
1.0246, 2793
1.0249, 2792
1.0252, 2791
1.0254, 2790
1.0257, 2789
1.0260, 2788
1.0263, 2787
1.0266, 2786
1.0269, 2785
1.0271, 2784
1.0274, 2783
1.0277, 2782
1.0279, 2781
1.0282, 2780
1.0285, 2779
1.0288, 2778
1.0290, 2777
1.0294, 2776
1.0297, 2775
1.0300, 2774
1.0302, 2773
1.0305, 2772
1.0308, 2771
1.0311, 2770
1.0313, 2769
1.0316, 2768
1.0319, 2767
1.0322, 2766
1.0325, 2765
1.0328, 2764
1.0330, 2763
1.0334, 2762
1.0336, 2761
1.0339, 2760
1.0341, 2759
1.0344, 2758
1.0347, 2757
1.0349, 2756
1.0352, 2755
1.0355, 2754
1.0357, 2753
1.0360, 2752
1.0363, 2751
1.0365, 2750
1.0368, 2749
1.0371, 2748
1.0374, 2747
1.0377, 2746
1.0380, 2745
1.0383, 2744
1.0385, 2743
1.0388, 2742
1.0391, 2741
1.0393, 2740
1.0396, 2739
1.0400, 2738
1.0403, 2737
1.0406, 2736
1.0408, 2735
1.0411, 2734
1.0414, 2733
1.0417, 2732
1.0420, 2731
1.0423, 2730
1.0425, 2729
1.0428, 2728
1.0431, 2727
1.0435, 2726
1.0437, 2725
1.0440, 2724
1.0443, 2723
1.0446, 2722
1.0449, 2721
1.0451, 2720
1.0454, 2719
1.0457, 2718
1.0460, 2717
1.0463, 2716
1.0466, 2715
1.0468, 2714
1.0471, 2713
1.0474, 2712
1.0477, 2711
1.0480, 2710
1.0482, 2709
1.0485, 2708
1.0488, 2707
1.0491, 2706
1.0493, 2705
1.0496, 2704
1.0499, 2703
1.0502, 2702
1.0505, 2701
1.0508, 2700
1.0511, 2699
1.0514, 2698
1.0517, 2697
1.0519, 2696
1.0522, 2695
1.0525, 2694
1.0527, 2693
1.0530, 2692
1.0533, 2691
1.0535, 2690
1.0539, 2689
1.0541, 2688
1.0544, 2687
1.0547, 2686
1.0550, 2685
1.0552, 2684
1.0555, 2683
1.0558, 2682
1.0560, 2681
1.0563, 2680
1.0566, 2679
1.0568, 2678
1.0571, 2677
1.0574, 2676
1.0576, 2675
1.0579, 2674
1.0582, 2673
1.0584, 2672
1.0587, 2671
1.0591, 2670
1.0593, 2669
1.0596, 2668
1.0598, 2667
1.0601, 2666
1.0604, 2665
1.0606, 2664
1.0609, 2663
1.0611, 2662
1.0614, 2661
1.0617, 2660
1.0620, 2659
1.0623, 2658
1.0625, 2657
1.0628, 2656
1.0630, 2655
1.0633, 2654
1.0635, 2653
1.0638, 2652
1.0641, 2651
1.0643, 2650
1.0646, 2649
1.0649, 2648
1.0651, 2647
1.0654, 2646
1.0656, 2645
1.0659, 2644
1.0662, 2643
1.0665, 2642
1.0667, 2641
1.0670, 2640
1.0673, 2639
1.0675, 2638
1.0678, 2637
1.0680, 2636
1.0683, 2635
1.0686, 2634
1.0688, 2633
1.0691, 2632
1.0694, 2631
1.0696, 2630
1.0699, 2629
1.0701, 2628
1.0705, 2627
1.0707, 2626
1.0710, 2625
1.0713, 2624
1.0715, 2623
1.0718, 2622
1.0721, 2621
1.0723, 2620
1.0726, 2619
1.0728, 2618
1.0731, 2617
1.0733, 2616
1.0736, 2615
1.0739, 2614
1.0741, 2613
1.0744, 2612
1.0746, 2611
1.0749, 2610
1.0752, 2609
1.0754, 2608
1.0757, 2607
1.0759, 2606
1.0762, 2605
1.0764, 2604
1.0767, 2603
1.0770, 2602
1.0773, 2601
1.0775, 2600
1.0778, 2599
1.0781, 2598
1.0783, 2597
1.0786, 2596
1.0788, 2595
1.0791, 2594
1.0794, 2593
1.0796, 2592
1.0799, 2591
1.0802, 2590
1.0804, 2589
1.0807, 2588
1.0810, 2587
1.0812, 2586
1.0815, 2585
1.0817, 2584
1.0820, 2583
1.0823, 2582
1.0825, 2581
1.0828, 2580
1.0831, 2579
1.0834, 2578
1.0837, 2577
1.0840, 2576
1.0842, 2575
1.0845, 2574
1.0848, 2573
1.0850, 2572
1.0853, 2571
1.0856, 2570
1.0859, 2569
1.0861, 2568
1.0865, 2567
1.0867, 2566
1.0870, 2565
1.0936, 2564
1.0980, 2563
1.0982, 2562
1.1066, 2561
1.1151, 2560
1.1153, 2559
1.1239, 2558
1.1241, 2557
1.1407, 2556
1.1573, 2555
1.1575, 2554
1.1869, 2553
1.1935, 2552
1.1938, 2551
1.2086, 2550
1.2088, 2549
1.2133, 2548
1.2176, 2547
1.2344, 2546
1.2387, 2545
1.2495, 2544
1.2561, 2543
1.2564, 2542
1.2587, 2541
1.2589, 2540
1.2592, 2539
1.2635, 2538
1.2699, 2537
1.2702, 2536
1.2874, 2535
1.2965, 2534
1.3094, 2533
1.3096, 2532
1.3184, 2531
1.3251, 2530
1.3357, 2529
1.3569, 2528
1.3717, 2527
1.3719, 2526
1.3742, 2525
1.3745, 2524
1.3854, 2523
1.3856, 2522
1.3880, 2521
1.3924, 2520
1.3969, 2519
1.3993, 2518
1.4016, 2517
1.4083, 2516
1.4085, 2515
1.4130, 2514
1.4199, 2513
1.4201, 2512
1.4203, 2511
1.4249, 2510
1.4943, 2509
1.5051, 2508
1.5053, 2507
1.5327, 2506
1.5477, 2505
1.5543, 2504
1.5545, 2503
1.5717, 2502
1.5719, 2501
1.5847, 2500
1.6015, 2499
1.6059, 2498
1.6290, 2497
1.6500, 2496
1.6565, 2495
1.6610, 2494
1.6612, 2493
1.6615, 2492
1.6700, 2491
1.6765, 2490
1.6850, 2489
1.6852, 2488
1.6916, 2487
1.7002, 2486
1.7004, 2485
1.7007, 2484
1.7009, 2483
1.7011, 2482
1.7097, 2481
1.7099, 2480
1.7101, 2479
1.7250, 2478
1.7253, 2477
1.7255, 2476
1.7467, 2475
1.7470, 2474
1.7577, 2473
1.7642, 2472
1.7707, 2471
1.7751, 2470
1.7797, 2469
1.7800, 2468
1.7802, 2467
1.7804, 2466
1.7999, 2465
1.8149, 2464
1.8193, 2463
1.8195, 2462
1.8197, 2461
1.8200, 2460
1.8348, 2459
1.8604, 2458
1.8713, 2457
1.8757, 2456
1.8759, 2455
1.8867, 2454
1.8870, 2453
1.8893, 2452
1.8958, 2451
1.9002, 2450
1.9004, 2449
1.9222, 2448
1.9331, 2447
1.9437, 2446
1.9439, 2445
1.9524, 2444
1.9714, 2443
1.9944, 2442
1.9988, 2441
2.0073, 2440
2.0138, 2439
2.0391, 2438
2.0581, 2437
2.0687, 2436
2.0690, 2435
2.0879, 2434
2.0985, 2433
2.1050, 2432
2.1178, 2431
2.1433, 2430
2.1477, 2429
2.1668, 2428
2.1753, 2427
2.1755, 2426
2.2153, 2425
2.2156, 2424
2.2386, 2423
2.2555, 2422
2.2558, 2421
2.2601, 2420
2.2811, 2419
2.2813, 2418
2.2941, 2417
2.3026, 2416
2.3257, 2415
2.3322, 2414
2.3490, 2413
2.3576, 2412
2.3749, 2411
2.3814, 2410
2.3900, 2409
2.3965, 2408
2.3968, 2407
2.3991, 2406
2.3993, 2405
2.4078, 2404
2.4080, 2403
2.4145, 2402
2.4147, 2401
2.4149, 2400
2.4235, 2399
2.4403, 2398
2.4405, 2397
2.4491, 2396
2.4535, 2395
2.4579, 2394
2.4603, 2393
2.4605, 2392
2.4690, 2391
2.4734, 2390
2.4736, 2389
2.4801, 2388
2.4803, 2387
2.4931, 2386
2.5100, 2385
2.5124, 2384
2.5168, 2383
2.5170, 2382
2.5234, 2381
2.5237, 2380
2.5322, 2379
2.5325, 2378
2.5327, 2377
2.5391, 2376
2.5394, 2375
2.5396, 2374
2.5440, 2373
2.5483, 2372
2.5527, 2371
2.5530, 2370
2.5532, 2369
2.5763, 2368
2.5765, 2367
2.5768, 2366
2.5812, 2365
2.5814, 2364
2.5816, 2363
2.5902, 2362
2.5905, 2361
2.5907, 2360
2.5909, 2359
2.5912, 2358
2.5914, 2357
2.6104, 2356
2.6169, 2355
2.6172, 2354
2.6175, 2353
2.6177, 2352
2.6242, 2351
2.6286, 2350
2.6289, 2349
2.6291, 2348
2.6293, 2347
2.6359, 2346
2.6507, 2345
2.6571, 2344
2.6699, 2343
2.6701, 2342
2.6724, 2341
2.6850, 2340
2.7081, 2339
2.7208, 2338
2.7293, 2337
2.7316, 2336
2.7318, 2335
2.7487, 2334
2.7530, 2333
2.7532, 2332
2.7576, 2331
2.7704, 2330
2.7978, 2329
2.7980, 2328
2.7982, 2327
2.8046, 2326
2.8089, 2325
2.8092, 2324
2.8198, 2323
2.8200, 2322
2.8618, 2321
2.8621, 2320
3.0002, 2319
3.0027, 2318
3.0055, 2317
3.0101, 2316
3.0103, 2315
3.0129, 2314
3.0176, 2313
3.0178, 2312
3.0225, 2311
3.0366, 2310
3.0432, 2309
3.0499, 2308
3.0547, 2307
3.0550, 2306
3.0597, 2305
3.0599, 2304
3.0754, 2303
3.0756, 2302
3.0886, 2301
3.0889, 2300
3.0918, 2299
3.1047, 2298
3.1102, 2297
3.1105, 2296
3.1159, 2295
3.1210, 2294
3.1213, 2293
3.1241, 2292
3.1344, 2291
3.1396, 2290
3.1550, 2289
3.1652, 2288
3.1725, 2287
3.1727, 2286
3.1813, 2285
3.1861, 2284
3.1884, 2283
3.1887, 2282
3.2045, 2281
3.2156, 2280
3.2246, 2279
3.2510, 2278
3.2575, 2277
3.2661, 2276
3.2997, 2275
3.3041, 2274
3.3043, 2273
3.3045, 2272
3.3047, 2271
3.3093, 2270
3.3095, 2269
3.3201, 2268
3.3247, 2267
3.3249, 2266
3.3251, 2265
3.3363, 2264
3.3427, 2263
3.3494, 2262
3.3649, 2261
3.3651, 2260
3.3654, 2259
3.3810, 2258
3.3947, 2257
3.3990, 2256
3.4036, 2255
3.4080, 2254
3.4082, 2253
3.4125, 2252
3.4294, 2251
3.4296, 2250
3.4298, 2249
3.4300, 2248
3.4467, 2247
3.4555, 2246
3.4641, 2245
3.4729, 2244
3.4732, 2243
3.4880, 2242
3.4926, 2241
3.5078, 2240
3.5081, 2239
3.5270, 2238
3.5375, 2237
3.5418, 2236
3.5522, 2235
3.5545, 2234
3.5609, 2233
3.5611, 2232
3.5757, 2231
3.5821, 2230
3.5946, 2229
3.5989, 2228
3.6196, 2227
3.6404, 2226
3.6570, 2225
3.7553, 2224
3.7804, 2223
3.8035, 2222
3.8227, 2221
3.8293, 2220
3.8400, 2219
3.8962, 2218
4.0249, 2217
4.0440, 2216
4.1044, 2215
4.2714, 2214
4.2717, 2213
4.4655, 2212
