0.6804, 3931
0.6808, 3930
0.6811, 3929
0.6815, 3928
0.6818, 3927
0.6822, 3926
0.6825, 3925
0.6828, 3924
0.6831, 3923
0.6835, 3922
0.6838, 3921
0.6841, 3920
0.6845, 3919
0.6848, 3918
0.6851, 3917
0.6855, 3916
0.6858, 3915
0.6861, 3914
0.6865, 3913
0.6868, 3912
0.6871, 3911
0.6875, 3910
0.6878, 3909
0.6882, 3908
0.6885, 3907
0.6888, 3906
0.6892, 3905
0.6895, 3904
0.6899, 3903
0.6902, 3902
0.6905, 3901
0.6909, 3900
0.6912, 3899
0.6915, 3898
0.6919, 3897
0.6922, 3896
0.6925, 3895
0.6929, 3894
0.6932, 3893
0.6935, 3892
0.6939, 3891
0.6942, 3890
0.6945, 3889
0.6949, 3888
0.6952, 3887
0.6956, 3886
0.6959, 3885
0.6962, 3884
0.6965, 3883
0.6969, 3882
0.6972, 3881
0.6975, 3880
0.6979, 3879
0.6982, 3878
0.6986, 3877
0.6989, 3876
0.6992, 3875
0.6996, 3874
0.6999, 3873
0.7002, 3872
0.7006, 3871
0.7009, 3870
0.7012, 3869
0.7016, 3868
0.7019, 3867
0.7022, 3866
0.7025, 3865
0.7029, 3864
0.7032, 3863
0.7035, 3862
0.7038, 3861
0.7042, 3860
0.7045, 3859
0.7049, 3858
0.7052, 3857
0.7055, 3856
0.7059, 3855
0.7062, 3854
0.7065, 3853
0.7069, 3852
0.7072, 3851
0.7075, 3850
0.7078, 3849
0.7082, 3848
0.7085, 3847
0.7088, 3846
0.7091, 3845
0.7095, 3844
0.7099, 3843
0.7102, 3842
0.7105, 3841
0.7109, 3840
0.7112, 3839
0.7116, 3838
0.7119, 3837
0.7123, 3836
0.7126, 3835
0.7129, 3834
0.7133, 3833
0.7136, 3832
0.7139, 3831
0.7142, 3830
0.7146, 3829
0.7149, 3828
0.7152, 3827
0.7156, 3826
0.7160, 3825
0.7163, 3824
0.7167, 3823
0.7170, 3822
0.7173, 3821
0.7177, 3820
0.7180, 3819
0.7183, 3818
0.7187, 3817
0.7190, 3816
0.7193, 3815
0.7196, 3814
0.7200, 3813
0.7203, 3812
0.7206, 3811
0.7210, 3810
0.7213, 3809
0.7216, 3808
0.7219, 3807
0.7223, 3806
0.7226, 3805
0.7229, 3804
0.7232, 3803
0.7236, 3802
0.7239, 3801
0.7242, 3800
0.7246, 3799
0.7249, 3798
0.7252, 3797
0.7256, 3796
0.7259, 3795
0.7262, 3794
0.7266, 3793
0.7269, 3792
0.7272, 3791
0.7276, 3790
0.7279, 3789
0.7282, 3788
0.7286, 3787
0.7289, 3786
0.7292, 3785
0.7296, 3784
0.7299, 3783
0.7303, 3782
0.7306, 3781
0.7309, 3780
0.7313, 3779
0.7316, 3778
0.7319, 3777
0.7323, 3776
0.7326, 3775
0.7329, 3774
0.7333, 3773
0.7336, 3772
0.7339, 3771
0.7343, 3770
0.7346, 3769
0.7350, 3768
0.7353, 3767
0.7356, 3766
0.7359, 3765
0.7363, 3764
0.7366, 3763
0.7369, 3762
0.7372, 3761
0.7376, 3760
0.7379, 3759
0.7382, 3758
0.7386, 3757
0.7389, 3756
0.7392, 3755
0.7395, 3754
0.7399, 3753
0.7402, 3752
0.7406, 3751
0.7409, 3750
0.7412, 3749
0.7415, 3748
0.7419, 3747
0.7422, 3746
0.7426, 3745
0.7429, 3744
0.7432, 3743
0.7436, 3742
0.7439, 3741
0.7443, 3740
0.7446, 3739
0.7449, 3738
0.7452, 3737
0.7455, 3736
0.7459, 3735
0.7462, 3734
0.7465, 3733
0.7468, 3732
0.7472, 3731
0.7475, 3730
0.7479, 3729
0.7482, 3728
0.7485, 3727
0.7488, 3726
0.7492, 3725
0.7495, 3724
0.7498, 3723
0.7501, 3722
0.7505, 3721
0.7508, 3720
0.7511, 3719
0.7514, 3718
0.7518, 3717
0.7521, 3716
0.7525, 3715
0.7528, 3714
0.7532, 3713
0.7535, 3712
0.7538, 3711
0.7542, 3710
0.7545, 3709
0.7548, 3708
0.7551, 3707
0.7554, 3706
0.7558, 3705
0.7561, 3704
0.7564, 3703
0.7567, 3702
0.7570, 3701
0.7574, 3700
0.7577, 3699
0.7580, 3698
0.7583, 3697
0.7586, 3696
0.7590, 3695
0.7593, 3694
0.7596, 3693
0.7599, 3692
0.7602, 3691
0.7606, 3690
0.7609, 3689
0.7612, 3688
0.7615, 3687
0.7618, 3686
0.7621, 3685
0.7625, 3684
0.7628, 3683
0.7631, 3682
0.7635, 3681
0.7638, 3680
0.7641, 3679
0.7645, 3678
0.7648, 3677
0.7652, 3676
0.7655, 3675
0.7659, 3674
0.7662, 3673
0.7665, 3672
0.7669, 3671
0.7672, 3670
0.7675, 3669
0.7679, 3668
0.7682, 3667
0.7685, 3666
0.7689, 3665
0.7692, 3664
0.7695, 3663
0.7698, 3662
0.7702, 3661
0.7705, 3660
0.7708, 3659
0.7712, 3658
0.7715, 3657
0.7718, 3656
0.7721, 3655
0.7725, 3654
0.7728, 3653
0.7732, 3652
0.7735, 3651
0.7738, 3650
0.7741, 3649
0.7745, 3648
0.7748, 3647
0.7751, 3646
0.7755, 3645
0.7758, 3644
0.7761, 3643
0.7764, 3642
0.7767, 3641
0.7770, 3640
0.7774, 3639
0.7777, 3638
0.7780, 3637
0.7783, 3636
0.7787, 3635
0.7790, 3634
0.7794, 3633
0.7797, 3632
0.7800, 3631
0.7803, 3630
0.7806, 3629
0.7810, 3628
0.7813, 3627
0.7816, 3626
0.7819, 3625
0.7822, 3624
0.7825, 3623
0.7829, 3622
0.7832, 3621
0.7835, 3620
0.7838, 3619
0.7841, 3618
0.7844, 3617
0.7848, 3616
0.7851, 3615
0.7854, 3614
0.7858, 3613
0.7861, 3612
0.7864, 3611
0.7867, 3610
0.7871, 3609
0.7874, 3608
0.7878, 3607
0.7881, 3606
0.7884, 3605
0.7887, 3604
0.7891, 3603
0.7894, 3602
0.7897, 3601
0.7900, 3600
0.7904, 3599
0.7907, 3598
0.7910, 3597
0.7913, 3596
0.7916, 3595
0.7919, 3594
0.7923, 3593
0.7926, 3592
0.7929, 3591
0.7932, 3590
0.7935, 3589
0.7939, 3588
0.7942, 3587
0.7945, 3586
0.7948, 3585
0.7951, 3584
0.7954, 3583
0.7957, 3582
0.7961, 3581
0.7964, 3580
0.7968, 3579
0.7971, 3578
0.7974, 3577
0.7977, 3576
0.7981, 3575
0.7984, 3574
0.7987, 3573
0.7991, 3572
0.7994, 3571
0.7997, 3570
0.8001, 3569
0.8004, 3568
0.8007, 3567
0.8010, 3566
0.8013, 3565
0.8017, 3564
0.8020, 3563
0.8023, 3562
0.8027, 3561
0.8030, 3560
0.8033, 3559
0.8036, 3558
0.8039, 3557
0.8043, 3556
0.8046, 3555
0.8049, 3554
0.8052, 3553
0.8055, 3552
0.8058, 3551
0.8061, 3550
0.8064, 3549
0.8067, 3548
0.8071, 3547
0.8074, 3546
0.8077, 3545
0.8081, 3544
0.8084, 3543
0.8088, 3542
0.8091, 3541
0.8094, 3540
0.8097, 3539
0.8100, 3538
0.8104, 3537
0.8107, 3536
0.8110, 3535
0.8113, 3534
0.8116, 3533
0.8119, 3532
0.8122, 3531
0.8125, 3530
0.8128, 3529
0.8132, 3528
0.8135, 3527
0.8138, 3526
0.8142, 3525
0.8145, 3524
0.8149, 3523
0.8152, 3522
0.8155, 3521
0.8158, 3520
0.8161, 3519
0.8164, 3518
0.8167, 3517
0.8171, 3516
0.8174, 3515
0.8177, 3514
0.8180, 3513
0.8183, 3512
0.8186, 3511
0.8189, 3510
0.8192, 3509
0.8196, 3508
0.8199, 3507
0.8202, 3506
0.8206, 3505
0.8209, 3504
0.8212, 3503
0.8215, 3502
0.8218, 3501
0.8222, 3500
0.8225, 3499
0.8229, 3498
0.8232, 3497
0.8235, 3496
0.8238, 3495
0.8241, 3494
0.8245, 3493
0.8248, 3492
0.8251, 3491
0.8254, 3490
0.8257, 3489
0.8260, 3488
0.8264, 3487
0.8267, 3486
0.8270, 3485
0.8273, 3484
0.8277, 3483
0.8280, 3482
0.8283, 3481
0.8286, 3480
0.8289, 3479
0.8292, 3478
0.8295, 3477
0.8298, 3476
0.8301, 3475
0.8305, 3474
0.8308, 3473
0.8311, 3472
0.8314, 3471
0.8317, 3470
0.8320, 3469
0.8323, 3468
0.8326, 3467
0.8329, 3466
0.8332, 3465
0.8335, 3464
0.8338, 3463
0.8342, 3462
0.8345, 3461
0.8348, 3460
0.8351, 3459
0.8354, 3458
0.8357, 3457
0.8360, 3456
0.8363, 3455
0.8367, 3454
0.8370, 3453
0.8373, 3452
0.8376, 3451
0.8379, 3450
0.8382, 3449
0.8386, 3448
0.8389, 3447
0.8392, 3446
0.8395, 3445
0.8398, 3444
0.8401, 3443
0.8404, 3442
0.8407, 3441
0.8410, 3440
0.8413, 3439
0.8416, 3438
0.8419, 3437
0.8422, 3436
0.8425, 3435
0.8428, 3434
0.8431, 3433
0.8434, 3432
0.8438, 3431
0.8441, 3430
0.8444, 3429
0.8447, 3428
0.8450, 3427
0.8453, 3426
0.8456, 3425
0.8459, 3424
0.8463, 3423
0.8466, 3422
0.8470, 3421
0.8473, 3420
0.8477, 3419
0.8480, 3418
0.8483, 3417
0.8486, 3416
0.8489, 3415
0.8492, 3414
0.8495, 3413
0.8498, 3412
0.8501, 3411
0.8504, 3410
0.8507, 3409
0.8510, 3408
0.8513, 3407
0.8516, 3406
0.8519, 3405
0.8522, 3404
0.8525, 3403
0.8528, 3402
0.8531, 3401
0.8534, 3400
0.8537, 3399
0.8540, 3398
0.8543, 3397
0.8546, 3396
0.8549, 3395
0.8552, 3394
0.8555, 3393
0.8558, 3392
0.8561, 3391
0.8564, 3390
0.8567, 3389
0.8570, 3388
0.8573, 3387
0.8576, 3386
0.8579, 3385
0.8582, 3384
0.8585, 3383
0.8588, 3382
0.8591, 3381
0.8594, 3380
0.8597, 3379
0.8600, 3378
0.8603, 3377
0.8606, 3376
0.8609, 3375
0.8613, 3374
0.8616, 3373
0.8619, 3372
0.8622, 3371
0.8625, 3370
0.8628, 3369
0.8631, 3368
0.8634, 3367
0.8637, 3366
0.8640, 3365
0.8643, 3364
0.8646, 3363
0.8649, 3362
0.8652, 3361
0.8655, 3360
0.8658, 3359
0.8661, 3358
0.8664, 3357
0.8667, 3356
0.8670, 3355
0.8673, 3354
0.8676, 3353
0.8679, 3352
0.8682, 3351
0.8685, 3350
0.8688, 3349
0.8692, 3348
0.8695, 3347
0.8698, 3346
0.8701, 3345
0.8705, 3344
0.8708, 3343
0.8711, 3342
0.8714, 3341
0.8717, 3340
0.8720, 3339
0.8723, 3338
0.8726, 3337
0.8729, 3336
0.8732, 3335
0.8735, 3334
0.8738, 3333
0.8742, 3332
0.8745, 3331
0.8748, 3330
0.8751, 3329
0.8754, 3328
0.8757, 3327
0.8760, 3326
0.8763, 3325
0.8766, 3324
0.8769, 3323
0.8772, 3322
0.8775, 3321
0.8779, 3320
0.8782, 3319
0.8785, 3318
0.8788, 3317
0.8790, 3316
0.8794, 3315
0.8797, 3314
0.8800, 3313
0.8804, 3312
0.8807, 3311
0.8810, 3310
0.8813, 3309
0.8816, 3308
0.8819, 3307
0.8822, 3306
0.8825, 3305
0.8828, 3304
0.8832, 3303
0.8835, 3302
0.8838, 3301
0.8842, 3300
0.8845, 3299
0.8848, 3298
0.8851, 3297
0.8854, 3296
0.8857, 3295
0.8860, 3294
0.8863, 3293
0.8866, 3292
0.8870, 3291
0.8873, 3290
0.8876, 3289
0.8879, 3288
0.8882, 3287
0.8884, 3286
0.8888, 3285
0.8891, 3284
0.8894, 3283
0.8896, 3282
0.8900, 3281
0.8903, 3280
0.8906, 3279
0.8910, 3278
0.8913, 3277
0.8916, 3276
0.8919, 3275
0.8922, 3274
0.8925, 3273
0.8928, 3272
0.8931, 3271
0.8935, 3270
0.8938, 3269
0.8941, 3268
0.8944, 3267
0.8948, 3266
0.8951, 3265
0.8954, 3264
0.8957, 3263
0.8960, 3262
0.8963, 3261
0.8966, 3260
0.8969, 3259
0.8972, 3258
0.8975, 3257
0.8978, 3256
0.8981, 3255
0.8984, 3254
0.8987, 3253
0.8990, 3252
0.8993, 3251
0.8996, 3250
0.8999, 3249
0.9002, 3248
0.9005, 3247
0.9008, 3246
0.9011, 3245
0.9014, 3244
0.9017, 3243
0.9020, 3242
0.9023, 3241
0.9026, 3240
0.9029, 3239
0.9033, 3238
0.9036, 3237
0.9039, 3236
0.9042, 3235
0.9045, 3234
0.9048, 3233
0.9051, 3232
0.9054, 3231
0.9057, 3230
0.9061, 3229
0.9063, 3228
0.9067, 3227
0.9070, 3226
0.9073, 3225
0.9076, 3224
0.9079, 3223
0.9082, 3222
0.9086, 3221
0.9089, 3220
0.9093, 3219
0.9096, 3218
0.9099, 3217
0.9101, 3216
0.9104, 3215
0.9108, 3214
0.9111, 3213
0.9114, 3212
0.9117, 3211
0.9119, 3210
0.9122, 3209
0.9125, 3208
0.9128, 3207
0.9131, 3206
0.9134, 3205
0.9137, 3204
0.9141, 3203
0.9144, 3202
0.9148, 3201
0.9151, 3200
0.9154, 3199
0.9157, 3198
0.9160, 3197
0.9163, 3196
0.9166, 3195
0.9170, 3194
0.9173, 3193
0.9175, 3192
0.9178, 3191
0.9181, 3190
0.9184, 3189
0.9187, 3188
0.9190, 3187
0.9193, 3186
0.9196, 3185
0.9200, 3184
0.9203, 3183
0.9206, 3182
0.9208, 3181
0.9211, 3180
0.9214, 3179
0.9218, 3178
0.9221, 3177
0.9224, 3176
0.9227, 3175
0.9230, 3174
0.9233, 3173
0.9236, 3172
0.9239, 3171
0.9242, 3170
0.9245, 3169
0.9247, 3168
0.9250, 3167
0.9253, 3166
0.9256, 3165
0.9259, 3164
0.9262, 3163
0.9265, 3162
0.9268, 3161
0.9271, 3160
0.9274, 3159
0.9277, 3158
0.9280, 3157
0.9282, 3156
0.9285, 3155
0.9288, 3154
0.9291, 3153
0.9294, 3152
0.9297, 3151
0.9300, 3150
0.9304, 3149
0.9306, 3148
0.9309, 3147
0.9312, 3146
0.9315, 3145
0.9318, 3144
0.9322, 3143
0.9325, 3142
0.9328, 3141
0.9331, 3140
0.9334, 3139
0.9337, 3138
0.9340, 3137
0.9343, 3136
0.9346, 3135
0.9349, 3134
0.9352, 3133
0.9356, 3132
0.9359, 3131
0.9362, 3130
0.9365, 3129
0.9368, 3128
0.9371, 3127
0.9374, 3126
0.9377, 3125
0.9380, 3124
0.9383, 3123
0.9386, 3122
0.9388, 3121
0.9391, 3120
0.9394, 3119
0.9397, 3118
0.9400, 3117
0.9402, 3116
0.9405, 3115
0.9408, 3114
0.9412, 3113
0.9414, 3112
0.9417, 3111
0.9420, 3110
0.9423, 3109
0.9426, 3108
0.9429, 3107
0.9432, 3106
0.9435, 3105
0.9438, 3104
0.9441, 3103
0.9444, 3102
0.9447, 3101
0.9450, 3100
0.9453, 3099
0.9455, 3098
0.9458, 3097
0.9461, 3096
0.9464, 3095
0.9467, 3094
0.9470, 3093
0.9473, 3092
0.9475, 3091
0.9478, 3090
0.9481, 3089
0.9484, 3088
0.9487, 3087
0.9490, 3086
0.9493, 3085
0.9495, 3084
0.9498, 3083
0.9501, 3082
0.9505, 3081
0.9508, 3080
0.9511, 3079
0.9513, 3078
0.9516, 3077
0.9519, 3076
0.9522, 3075
0.9524, 3074
0.9527, 3073
0.9530, 3072
0.9533, 3071
0.9536, 3070
0.9539, 3069
0.9541, 3068
0.9544, 3067
0.9547, 3066
0.9550, 3065
0.9552, 3064
0.9555, 3063
0.9558, 3062
0.9561, 3061
0.9563, 3060
0.9566, 3059
0.9569, 3058
0.9572, 3057
0.9574, 3056
0.9577, 3055
0.9580, 3054
0.9583, 3053
0.9586, 3052
0.9589, 3051
0.9592, 3050
0.9595, 3049
0.9598, 3048
0.9601, 3047
0.9603, 3046
0.9606, 3045
0.9609, 3044
0.9612, 3043
0.9615, 3042
0.9617, 3041
0.9620, 3040
0.9623, 3039
0.9626, 3038
0.9628, 3037
0.9631, 3036
0.9634, 3035
0.9637, 3034
0.9640, 3033
0.9643, 3032
0.9645, 3031
0.9648, 3030
0.9651, 3029
0.9654, 3028
0.9656, 3027
0.9659, 3026
0.9662, 3025
0.9664, 3024
0.9667, 3023
0.9670, 3022
0.9673, 3021
0.9676, 3020
0.9679, 3019
0.9682, 3018
0.9685, 3017
0.9687, 3016
0.9690, 3015
0.9693, 3014
0.9696, 3013
0.9698, 3012
0.9701, 3011
0.9704, 3010
0.9707, 3009
0.9709, 3008
0.9712, 3007
0.9715, 3006
0.9717, 3005
0.9720, 3004
0.9723, 3003
0.9726, 3002
0.9729, 3001
0.9731, 3000
0.9734, 2999
0.9737, 2998
0.9740, 2997
0.9743, 2996
0.9745, 2995
0.9748, 2994
0.9751, 2993
0.9754, 2992
0.9757, 2991
0.9760, 2990
0.9763, 2989
0.9765, 2988
0.9768, 2987
0.9771, 2986
0.9774, 2985
0.9777, 2984
0.9780, 2983
0.9782, 2982
0.9785, 2981
0.9788, 2980
0.9791, 2979
0.9793, 2978
0.9796, 2977
0.9799, 2976
0.9802, 2975
0.9805, 2974
0.9808, 2973
0.9811, 2972
0.9813, 2971
0.9816, 2970
0.9819, 2969
0.9821, 2968
0.9824, 2967
0.9826, 2966
0.9829, 2965
0.9832, 2964
0.9834, 2963
0.9837, 2962
0.9840, 2961
0.9843, 2960
0.9846, 2959
0.9849, 2958
0.9852, 2957
0.9855, 2956
0.9858, 2955
0.9861, 2954
0.9864, 2953
0.9866, 2952
0.9869, 2951
0.9872, 2950
0.9875, 2949
0.9877, 2948
0.9880, 2947
0.9883, 2946
0.9885, 2945
0.9888, 2944
0.9891, 2943
0.9894, 2942
0.9897, 2941
0.9900, 2940
0.9903, 2939
0.9906, 2938
0.9908, 2937
0.9911, 2936
0.9914, 2935
0.9917, 2934
0.9920, 2933
0.9923, 2932
0.9926, 2931
0.9929, 2930
0.9932, 2929
0.9935, 2928
0.9938, 2927
0.9941, 2926
0.9944, 2925
0.9946, 2924
0.9949, 2923
0.9952, 2922
0.9956, 2921
0.9959, 2920
0.9962, 2919
0.9964, 2918
0.9968, 2917
0.9971, 2916
0.9973, 2915
0.9976, 2914
0.9979, 2913
0.9982, 2912
0.9985, 2911
0.9988, 2910
0.9991, 2909
0.9994, 2908
0.9996, 2907
0.9999, 2906
1.0002, 2905
1.0005, 2904
1.0008, 2903
1.0010, 2902
1.0013, 2901
1.0016, 2900
1.0019, 2899
1.0022, 2898
1.0025, 2897
1.0027, 2896
1.0030, 2895
1.0033, 2894
1.0036, 2893
1.0039, 2892
1.0042, 2891
1.0045, 2890
1.0048, 2889
1.0051, 2888
1.0054, 2887
1.0056, 2886
1.0059, 2885
1.0062, 2884
1.0065, 2883
1.0067, 2882
1.0070, 2881
1.0073, 2880
1.0076, 2879
1.0078, 2878
1.0081, 2877
1.0084, 2876
1.0087, 2875
1.0090, 2874
1.0092, 2873
1.0095, 2872
1.0098, 2871
1.0101, 2870
1.0104, 2869
1.0106, 2868
1.0109, 2867
1.0112, 2866
1.0114, 2865
1.0117, 2864
1.0120, 2863
1.0123, 2862
1.0126, 2861
1.0129, 2860
1.0132, 2859
1.0134, 2858
1.0137, 2857
1.0140, 2856
1.0142, 2855
1.0145, 2854
1.0148, 2853
1.0150, 2852
1.0153, 2851
1.0156, 2850
1.0158, 2849
1.0161, 2848
1.0164, 2847
1.0167, 2846
1.0169, 2845
1.0172, 2844
1.0175, 2843
1.0178, 2842
1.0180, 2841
1.0183, 2840
1.0186, 2839
1.0188, 2838
1.0191, 2837
1.0194, 2836
1.0196, 2835
1.0199, 2834
1.0202, 2833
1.0205, 2832
1.0208, 2831
1.0210, 2830
1.0213, 2829
1.0216, 2828
1.0218, 2827
1.0221, 2826
1.0224, 2825
1.0226, 2824
1.0229, 2823
1.0232, 2822
1.0235, 2821
1.0238, 2820
1.0240, 2819
1.0243, 2818
1.0245, 2817
1.0248, 2816
1.0251, 2815
1.0253, 2814
1.0256, 2813
1.0259, 2812
1.0261, 2811
1.0264, 2810
1.0267, 2809
1.0269, 2808
1.0272, 2807
1.0275, 2806
1.0277, 2805
1.0280, 2804
1.0283, 2803
1.0286, 2802
1.0288, 2801
1.0291, 2800
1.0294, 2799
1.0297, 2798
1.0300, 2797
1.0303, 2796
1.0305, 2795
1.0308, 2794
1.0311, 2793
1.0313, 2792
1.0316, 2791
1.0319, 2790
1.0322, 2789
1.0324, 2788
1.0327, 2787
1.0330, 2786
1.0332, 2785
1.0335, 2784
1.0338, 2783
1.0340, 2782
1.0343, 2781
1.0345, 2780
1.0348, 2779
1.0351, 2778
1.0353, 2777
1.0356, 2776
1.0359, 2775
1.0361, 2774
1.0364, 2773
1.0366, 2772
1.0369, 2771
1.0372, 2770
1.0374, 2769
1.0377, 2768
1.0379, 2767
1.0382, 2766
1.0385, 2765
1.0387, 2764
1.0390, 2763
1.0392, 2762
1.0395, 2761
1.0398, 2760
1.0400, 2759
1.0403, 2758
1.0405, 2757
1.0408, 2756
1.0411, 2755
1.0414, 2754
1.0416, 2753
1.0419, 2752
1.0422, 2751
1.0425, 2750
1.0427, 2749
1.0430, 2748
1.0433, 2747
1.0435, 2746
1.0438, 2745
1.0440, 2744
1.0443, 2743
1.0447, 2742
1.0450, 2741
1.0453, 2740
1.0455, 2739
1.0458, 2738
1.0461, 2737
1.0463, 2736
1.0466, 2735
1.0469, 2734
1.0472, 2733
1.0474, 2732
1.0477, 2731
1.0480, 2730
1.0483, 2729
1.0486, 2728
1.0488, 2727
1.0491, 2726
1.0494, 2725
1.0496, 2724
1.0499, 2723
1.0502, 2722
1.0504, 2721
1.0507, 2720
1.0510, 2719
1.0512, 2718
1.0515, 2717
1.0518, 2716
1.0521, 2715
1.0523, 2714
1.0526, 2713
1.0528, 2712
1.0531, 2711
1.0534, 2710
1.0536, 2709
1.0539, 2708
1.0542, 2707
1.0545, 2706
1.0547, 2705
1.0550, 2704
1.0553, 2703
1.0555, 2702
1.0558, 2701
1.0561, 2700
1.0563, 2699
1.0566, 2698
1.0569, 2697
1.0571, 2696
1.0574, 2695
1.0577, 2694
1.0580, 2693
1.0583, 2692
1.0586, 2691
1.0588, 2690
1.0591, 2689
1.0594, 2688
1.0597, 2687
1.0599, 2686
1.0602, 2685
1.0605, 2684
1.0608, 2683
1.0610, 2682
1.0613, 2681
1.0616, 2680
1.0619, 2679
1.0622, 2678
1.0625, 2677
1.0628, 2676
1.0631, 2675
1.0633, 2674
1.0636, 2673
1.0639, 2672
1.0641, 2671
1.0644, 2670
1.0646, 2669
1.0649, 2668
1.0652, 2667
1.0654, 2666
1.0657, 2665
1.0659, 2664
1.0662, 2663
1.0665, 2662
1.0667, 2661
1.0670, 2660
1.0672, 2659
1.0675, 2658
1.0677, 2657
1.0680, 2656
1.0683, 2655
1.0685, 2654
1.0688, 2653
1.0690, 2652
1.0693, 2651
1.0696, 2650
1.0698, 2649
1.0701, 2648
1.0703, 2647
1.0706, 2646
1.0709, 2645
1.0711, 2644
1.0714, 2643
1.0716, 2642
1.0719, 2641
1.0722, 2640
1.0724, 2639
1.0727, 2638
1.0730, 2637
1.0732, 2636
1.0734, 2635
1.0737, 2634
1.0740, 2633
1.0742, 2632
1.0745, 2631
1.0748, 2630
1.0751, 2629
1.0753, 2628
1.0756, 2627
1.0759, 2626
1.0761, 2625
1.0764, 2624
1.0766, 2623
1.0769, 2622
1.0772, 2621
1.0775, 2620
1.0778, 2619
1.0780, 2618
1.0783, 2617
1.0785, 2616
1.0788, 2615
1.0791, 2614
1.0793, 2613
1.0796, 2612
1.0799, 2611
1.0802, 2610
1.0804, 2609
1.0807, 2608
1.0809, 2607
1.0812, 2606
1.0814, 2605
1.0817, 2604
1.0819, 2603
1.0822, 2602
1.0824, 2601
1.0827, 2600
1.0830, 2599
1.0832, 2598
1.0835, 2597
1.0837, 2596
1.0840, 2595
1.0843, 2594
1.0845, 2593
1.0848, 2592
1.0850, 2591
1.0853, 2590
1.0855, 2589
1.0858, 2588
1.0860, 2587
1.0863, 2586
1.0865, 2585
1.0868, 2584
1.0871, 2583
1.0873, 2582
1.0876, 2581
1.0878, 2580
1.0881, 2579
1.0884, 2578
1.0886, 2577
1.0889, 2576
1.0891, 2575
1.0894, 2574
1.0897, 2573
1.0900, 2572
1.0964, 2571
1.1028, 2570
1.1030, 2569
1.1177, 2568
1.1179, 2567
1.1262, 2566
1.1264, 2565
1.1452, 2564
1.1618, 2563
1.1621, 2562
1.1916, 2561
1.2003, 2560
1.2005, 2559
1.2133, 2558
1.2178, 2557
1.2180, 2556
1.2307, 2555
1.2309, 2554
1.2394, 2553
1.2581, 2552
1.2624, 2551
1.2646, 2550
1.2649, 2549
1.2651, 2548
1.2735, 2547
1.2737, 2546
1.2740, 2545
1.2945, 2544
1.2988, 2543
1.3051, 2542
1.3136, 2541
1.3139, 2540
1.3203, 2539
1.3246, 2538
1.3249, 2537
1.3313, 2536
1.3356, 2535
1.3626, 2534
1.3751, 2533
1.3794, 2532
1.3796, 2531
1.3880, 2530
1.4006, 2529
1.4008, 2528
1.4031, 2527
1.4054, 2526
1.4118, 2525
1.4121, 2524
1.4164, 2523
1.4228, 2522
1.4230, 2521
1.4232, 2520
1.4317, 2519
1.4360, 2518
1.4981, 2517
1.5088, 2516
1.5090, 2515
1.5248, 2514
1.5520, 2513
1.5604, 2512
1.5751, 2511
1.5753, 2510
1.5796, 2509
1.5860, 2508
1.5944, 2507
1.6152, 2506
1.6388, 2505
1.6390, 2504
1.6504, 2503
1.6556, 2502
1.6559, 2501
1.6606, 2500
1.6749, 2499
1.6751, 2498
1.6860, 2497
1.6883, 2496
1.6927, 2495
1.6929, 2494
1.6931, 2493
1.6934, 2492
1.6936, 2491
1.7022, 2490
1.7024, 2489
1.7027, 2488
1.7176, 2487
1.7179, 2486
1.7181, 2485
1.7373, 2484
1.7481, 2483
1.7484, 2482
1.7553, 2481
1.7662, 2480
1.7686, 2479
1.7730, 2478
1.7732, 2477
1.7735, 2476
1.7737, 2475
1.7928, 2474
1.8037, 2473
1.8081, 2472
1.8083, 2471
1.8106, 2470
1.8109, 2469
1.8255, 2468
1.8403, 2467
1.8531, 2466
1.8680, 2465
1.8682, 2464
1.8767, 2463
1.8770, 2462
1.8793, 2461
1.8878, 2460
1.8921, 2459
1.8923, 2458
1.9154, 2457
1.9198, 2456
1.9324, 2455
1.9326, 2454
1.9391, 2453
1.9601, 2452
1.9769, 2451
1.9875, 2450
1.9960, 2449
2.0005, 2448
2.0279, 2447
2.0467, 2446
2.0573, 2445
2.0575, 2444
2.0826, 2443
2.0869, 2442
2.0912, 2441
2.0998, 2440
2.1311, 2439
2.1356, 2438
2.1547, 2437
2.1615, 2436
2.1826, 2435
2.2019, 2434
2.2063, 2433
2.2314, 2432
2.2441, 2431
2.2505, 2430
2.2507, 2429
2.2738, 2428
2.2741, 2427
2.2805, 2426
2.2936, 2425
2.3105, 2424
2.3212, 2423
2.3379, 2422
2.3464, 2421
2.3590, 2420
2.3675, 2419
2.3719, 2418
2.3865, 2417
2.3867, 2416
2.3869, 2415
2.3892, 2414
2.3894, 2413
2.4019, 2412
2.4043, 2411
2.4045, 2410
2.4109, 2409
2.4111, 2408
2.4113, 2407
2.4278, 2406
2.4424, 2405
2.4467, 2404
2.4511, 2403
2.4513, 2402
2.4515, 2401
2.4598, 2400
2.4641, 2399
2.4643, 2398
2.4707, 2397
2.4710, 2396
2.4774, 2395
2.5003, 2394
2.5046, 2393
2.5048, 2392
2.5051, 2391
2.5053, 2390
2.5055, 2389
2.5057, 2388
2.5121, 2387
2.5123, 2386
2.5207, 2385
2.5210, 2384
2.5212, 2383
2.5276, 2382
2.5278, 2381
2.5280, 2380
2.5324, 2379
2.5367, 2378
2.5472, 2377
2.5474, 2376
2.5476, 2375
2.5540, 2374
2.5542, 2373
2.5669, 2372
2.5735, 2371
2.5737, 2370
2.5739, 2369
2.5804, 2368
2.5806, 2367
2.5809, 2366
2.5811, 2365
2.5813, 2364
2.5816, 2363
2.6007, 2362
2.6050, 2361
2.6053, 2360
2.6076, 2359
2.6078, 2358
2.6185, 2357
2.6209, 2356
2.6211, 2355
2.6214, 2354
2.6216, 2353
2.6260, 2352
2.6429, 2351
2.6472, 2350
2.6578, 2349
2.6601, 2348
2.6624, 2347
2.6817, 2346
2.6820, 2345
2.6863, 2344
2.6906, 2343
2.6908, 2342
2.6910, 2341
2.7058, 2340
2.7163, 2339
2.7165, 2338
2.7167, 2337
2.7356, 2336
2.7379, 2335
2.7381, 2334
2.7404, 2333
2.7614, 2332
2.7808, 2331
2.7810, 2330
2.7813, 2329
2.7922, 2328
2.7924, 2327
2.8033, 2326
2.8035, 2325
2.9395, 2324
2.9417, 2323
2.9440, 2322
2.9484, 2321
2.9487, 2320
2.9510, 2319
2.9552, 2318
2.9554, 2317
2.9597, 2316
2.9785, 2315
2.9849, 2314
2.9892, 2313
2.9895, 2312
2.9938, 2311
2.9940, 2310
3.0085, 2309
3.0087, 2308
3.0192, 2307
3.0194, 2306
3.0217, 2305
3.0300, 2304
3.0344, 2303
3.0387, 2302
3.0389, 2301
3.0453, 2300
3.0455, 2299
3.0478, 2298
3.0561, 2297
3.0604, 2296
3.0708, 2295
3.0812, 2294
3.0936, 2293
3.0938, 2292
3.0940, 2291
3.1004, 2290
3.1027, 2289
3.1029, 2288
3.1177, 2287
3.1348, 2286
3.1350, 2285
3.1649, 2284
3.1717, 2283
3.1761, 2282
3.2120, 2281
3.2204, 2280
3.2206, 2279
3.2209, 2278
3.2211, 2277
3.2213, 2276
3.2215, 2275
3.2341, 2274
3.2343, 2273
3.2345, 2272
3.2368, 2271
3.2370, 2270
3.2598, 2269
3.2682, 2268
3.2747, 2267
3.2852, 2266
3.2854, 2265
3.3001, 2264
3.3147, 2263
3.3232, 2262
3.3234, 2261
3.3236, 2260
3.3279, 2259
3.3385, 2258
3.3449, 2257
3.3451, 2256
3.3453, 2255
3.3577, 2254
3.3660, 2253
3.3723, 2252
3.3788, 2251
3.3811, 2250
3.3813, 2249
3.3897, 2248
3.3961, 2247
3.4045, 2246
3.4150, 2245
3.4234, 2244
3.4236, 2243
3.4383, 2242
3.4427, 2241
3.4537, 2240
3.4746, 2239
3.4749, 2238
3.4792, 2237
3.4875, 2236
3.4979, 2235
3.5043, 2234
3.5227, 2233
3.5269, 2232
3.5394, 2231
3.5560, 2230
3.5624, 2229
3.5813, 2228
3.5815, 2227
3.6075, 2226
3.7971, 2225
3.8239, 2224
3.8407, 2223
3.8450, 2222
3.8601, 2221
3.8952, 2220
4.0111, 2219
4.0424, 2218
4.0488, 2217
4.0636, 2216
4.1391, 2215
4.1414, 2214
