0.0260, 2281
0.1170, 2279
0.1280, 2277
0.1516, 2276
0.2024, 2274
0.2086, 2273
0.2181, 2272
0.2277, 2271
0.2706, 2270
0.2773, 2269
0.2806, 2268
0.2987, 2267
0.3083, 2266
0.3544, 2264
0.3578, 2263
0.4325, 2262
0.4419, 2261
0.5544, 2258
0.5910, 2257
0.5976, 2256
0.8921, 2255
0.8952, 2254
0.9195, 2253
1.0398, 2252
1.0702, 2251
1.1129, 2250
1.3011, 2249
1.3110, 2248
1.5513, 2247
1.6258, 2246
1.7615, 2244
1.9013, 2242
1.9287, 2241
1.9440, 2240
1.9533, 2239
2.1277, 2238
2.2054, 2237
2.3004, 2236
2.3314, 2235
2.3688, 2234
2.4710, 2233
2.7765, 2232
2.7980, 2231
2.8442, 2230
2.9748, 2229
3.1082, 2228
