0.0268, 2281
0.0403, 2280
0.1491, 2279
0.1756, 2278
0.2020, 2276
0.2233, 2274
0.3230, 2273
0.3321, 2272
0.3626, 2270
0.3810, 2269
0.3992, 2268
0.4205, 2267
0.5586, 2266
0.5768, 2265
0.6132, 2263
0.6193, 2262
0.6681, 2261
0.6804, 2260
0.6957, 2259
0.7320, 2258
0.7351, 2257
0.7889, 2254
0.8778, 2253
0.9693, 2250
1.0856, 2248
1.1098, 2247
1.2537, 2246
1.3120, 2245
1.4468, 2244
1.4623, 2243
1.4931, 2242
1.5329, 2241
1.6705, 2240
1.6798, 2239
1.7959, 2238
2.0044, 2235
2.1864, 2234
2.1903, 2233
2.1971, 2232
2.3458, 2231
2.4652, 2230
2.4684, 2229
2.6522, 2227
2.6923, 2224
2.7812, 2223
2.7844, 2222
