0.8066, 3931
0.8070, 3930
0.8074, 3929
0.8077, 3928
0.8081, 3927
0.8084, 3926
0.8088, 3925
0.8091, 3924
0.8095, 3923
0.8099, 3922
0.8102, 3921
0.8106, 3920
0.8109, 3919
0.8113, 3918
0.8117, 3917
0.8120, 3916
0.8124, 3915
0.8128, 3914
0.8131, 3913
0.8135, 3912
0.8139, 3911
0.8142, 3910
0.8146, 3909
0.8149, 3908
0.8153, 3907
0.8157, 3906
0.8160, 3905
0.8164, 3904
0.8167, 3903
0.8171, 3902
0.8174, 3901
0.8178, 3900
0.8182, 3899
0.8185, 3898
0.8189, 3897
0.8192, 3896
0.8196, 3895
0.8199, 3894
0.8203, 3893
0.8207, 3892
0.8210, 3891
0.8214, 3890
0.8217, 3889
0.8221, 3888
0.8225, 3887
0.8228, 3886
0.8232, 3885
0.8235, 3884
0.8239, 3883
0.8243, 3882
0.8246, 3881
0.8250, 3880
0.8254, 3879
0.8257, 3878
0.8261, 3877
0.8264, 3876
0.8268, 3875
0.8271, 3874
0.8275, 3873
0.8279, 3872
0.8282, 3871
0.8286, 3870
0.8289, 3869
0.8293, 3868
0.8297, 3867
0.8300, 3866
0.8304, 3865
0.8307, 3864
0.8311, 3863
0.8315, 3862
0.8318, 3861
0.8322, 3860
0.8325, 3859
0.8329, 3858
0.8332, 3857
0.8336, 3856
0.8339, 3855
0.8343, 3854
0.8353, 3853
0.8356, 3852
0.8360, 3851
0.8364, 3850
0.8367, 3849
0.8371, 3848
0.8374, 3847
0.8378, 3846
0.8381, 3845
0.8385, 3844
0.8388, 3843
0.8392, 3842
0.8395, 3841
0.8399, 3840
0.8402, 3839
0.8406, 3838
0.8409, 3837
0.8413, 3836
0.8417, 3835
0.8420, 3834
0.8424, 3833
0.8427, 3832
0.8431, 3831
0.8435, 3830
0.8438, 3829
0.8442, 3828
0.8445, 3827
0.8449, 3826
0.8452, 3825
0.8456, 3824
0.8460, 3823
0.8463, 3822
0.8467, 3821
0.8470, 3820
0.8474, 3819
0.8478, 3818
0.8481, 3817
0.8485, 3816
0.8489, 3815
0.8492, 3814
0.8496, 3813
0.8499, 3812
0.8503, 3811
0.8506, 3810
0.8510, 3809
0.8513, 3808
0.8517, 3807
0.8520, 3806
0.8524, 3805
0.8528, 3804
0.8531, 3803
0.8535, 3802
0.8538, 3801
0.8542, 3800
0.8545, 3799
0.8549, 3798
0.8553, 3797
0.8556, 3796
0.8560, 3795
0.8563, 3794
0.8567, 3793
0.8571, 3792
0.8574, 3791
0.8578, 3790
0.8582, 3789
0.8585, 3788
0.8589, 3787
0.8592, 3786
0.8596, 3785
0.8599, 3784
0.8603, 3783
0.8607, 3782
0.8610, 3781
0.8614, 3780
0.8617, 3779
0.8621, 3778
0.8624, 3777
0.8628, 3776
0.8631, 3775
0.8635, 3774
0.8639, 3773
0.8642, 3772
0.8646, 3771
0.8650, 3770
0.8654, 3769
0.8657, 3768
0.8661, 3767
0.8664, 3766
0.8668, 3765
0.8671, 3764
0.8675, 3763
0.8678, 3762
0.8682, 3761
0.8685, 3760
0.8689, 3759
0.8692, 3758
0.8696, 3757
0.8699, 3756
0.8703, 3755
0.8707, 3754
0.8710, 3753
0.8714, 3752
0.8717, 3751
0.8721, 3750
0.8725, 3749
0.8728, 3748
0.8732, 3747
0.8736, 3746
0.8739, 3745
0.8743, 3744
0.8746, 3743
0.8750, 3742
0.8754, 3741
0.8757, 3740
0.8761, 3739
0.8765, 3738
0.8768, 3737
0.8772, 3736
0.8775, 3735
0.8779, 3734
0.8782, 3733
0.8786, 3732
0.8789, 3731
0.8793, 3730
0.8796, 3729
0.8800, 3728
0.8803, 3727
0.8807, 3726
0.8810, 3725
0.8814, 3724
0.8817, 3723
0.8821, 3722
0.8824, 3721
0.8828, 3720
0.8831, 3719
0.8834, 3718
0.8838, 3717
0.8841, 3716
0.8845, 3715
0.8848, 3714
0.8852, 3713
0.8856, 3712
0.8859, 3711
0.8862, 3710
0.8866, 3709
0.8869, 3708
0.8873, 3707
0.8876, 3706
0.8880, 3705
0.8883, 3704
0.8887, 3703
0.8890, 3702
0.8894, 3701
0.8897, 3700
0.8901, 3699
0.8904, 3698
0.8908, 3697
0.8911, 3696
0.8915, 3695
0.8918, 3694
0.8922, 3693
0.8925, 3692
0.8929, 3691
0.8932, 3690
0.8935, 3689
0.8939, 3688
0.8942, 3687
0.8946, 3686
0.8949, 3685
0.8953, 3684
0.8956, 3683
0.8959, 3682
0.8963, 3681
0.8966, 3680
0.8970, 3679
0.8973, 3678
0.8977, 3677
0.8980, 3676
0.8984, 3675
0.8987, 3674
0.8991, 3673
0.8994, 3672
0.8998, 3671
0.9001, 3670
0.9005, 3669
0.9008, 3668
0.9012, 3667
0.9015, 3666
0.9019, 3665
0.9022, 3664
0.9026, 3663
0.9029, 3662
0.9033, 3661
0.9036, 3660
0.9040, 3659
0.9043, 3658
0.9047, 3657
0.9050, 3656
0.9053, 3655
0.9057, 3654
0.9061, 3653
0.9064, 3652
0.9068, 3651
0.9071, 3650
0.9074, 3649
0.9078, 3648
0.9081, 3647
0.9085, 3646
0.9088, 3645
0.9091, 3644
0.9095, 3643
0.9098, 3642
0.9101, 3641
0.9105, 3640
0.9108, 3639
0.9111, 3638
0.9115, 3637
0.9118, 3636
0.9122, 3635
0.9125, 3634
0.9129, 3633
0.9132, 3632
0.9135, 3631
0.9139, 3630
0.9142, 3629
0.9145, 3628
0.9149, 3627
0.9152, 3626
0.9155, 3625
0.9159, 3624
0.9162, 3623
0.9165, 3622
0.9169, 3621
0.9172, 3620
0.9175, 3619
0.9178, 3618
0.9182, 3617
0.9185, 3616
0.9189, 3615
0.9192, 3614
0.9195, 3613
0.9199, 3612
0.9202, 3611
0.9205, 3610
0.9209, 3609
0.9212, 3608
0.9215, 3607
0.9218, 3606
0.9222, 3605
0.9225, 3604
0.9228, 3603
0.9231, 3602
0.9235, 3601
0.9238, 3600
0.9242, 3599
0.9245, 3598
0.9248, 3597
0.9251, 3596
0.9255, 3595
0.9258, 3594
0.9261, 3593
0.9265, 3592
0.9268, 3591
0.9271, 3590
0.9274, 3589
0.9278, 3588
0.9281, 3587
0.9285, 3586
0.9288, 3585
0.9291, 3584
0.9295, 3583
0.9298, 3582
0.9301, 3581
0.9305, 3580
0.9308, 3579
0.9311, 3578
0.9314, 3577
0.9318, 3576
0.9321, 3575
0.9325, 3574
0.9328, 3573
0.9331, 3572
0.9334, 3571
0.9338, 3570
0.9341, 3569
0.9344, 3568
0.9348, 3567
0.9351, 3566
0.9354, 3565
0.9358, 3564
0.9361, 3563
0.9364, 3562
0.9368, 3561
0.9371, 3560
0.9374, 3559
0.9378, 3558
0.9381, 3557
0.9384, 3556
0.9387, 3555
0.9391, 3554
0.9394, 3553
0.9397, 3552
0.9401, 3551
0.9404, 3550
0.9407, 3549
0.9411, 3548
0.9414, 3547
0.9418, 3546
0.9421, 3545
0.9424, 3544
0.9428, 3543
0.9431, 3542
0.9435, 3541
0.9438, 3540
0.9442, 3539
0.9445, 3538
0.9448, 3537
0.9452, 3536
0.9455, 3535
0.9458, 3534
0.9461, 3533
0.9465, 3532
0.9468, 3531
0.9471, 3530
0.9475, 3529
0.9478, 3528
0.9481, 3527
0.9484, 3526
0.9488, 3525
0.9491, 3524
0.9494, 3523
0.9498, 3522
0.9501, 3521
0.9504, 3520
0.9507, 3519
0.9510, 3518
0.9514, 3517
0.9517, 3516
0.9520, 3515
0.9524, 3514
0.9527, 3513
0.9530, 3512
0.9533, 3511
0.9537, 3510
0.9540, 3509
0.9543, 3508
0.9546, 3507
0.9550, 3506
0.9553, 3505
0.9556, 3504
0.9559, 3503
0.9563, 3502
0.9566, 3501
0.9569, 3500
0.9573, 3499
0.9576, 3498
0.9579, 3497
0.9582, 3496
0.9585, 3495
0.9589, 3494
0.9592, 3493
0.9595, 3492
0.9599, 3491
0.9602, 3490
0.9605, 3489
0.9608, 3488
0.9612, 3487
0.9615, 3486
0.9618, 3485
0.9622, 3484
0.9625, 3483
0.9628, 3482
0.9632, 3481
0.9635, 3480
0.9638, 3479
0.9641, 3478
0.9644, 3477
0.9648, 3476
0.9651, 3475
0.9654, 3474
0.9657, 3473
0.9660, 3472
0.9664, 3471
0.9667, 3470
0.9670, 3469
0.9673, 3468
0.9677, 3467
0.9680, 3466
0.9683, 3465
0.9686, 3464
0.9690, 3463
0.9693, 3462
0.9696, 3461
0.9699, 3460
0.9702, 3459
0.9705, 3458
0.9709, 3457
0.9712, 3456
0.9715, 3455
0.9718, 3454
0.9722, 3453
0.9725, 3452
0.9728, 3451
0.9731, 3450
0.9735, 3449
0.9738, 3448
0.9741, 3447
0.9744, 3446
0.9747, 3445
0.9751, 3444
0.9754, 3443
0.9757, 3442
0.9760, 3441
0.9763, 3440
0.9767, 3439
0.9770, 3438
0.9773, 3437
0.9776, 3436
0.9779, 3435
0.9783, 3434
0.9786, 3433
0.9789, 3432
0.9792, 3431
0.9795, 3430
0.9799, 3429
0.9802, 3428
0.9805, 3427
0.9808, 3426
0.9811, 3425
0.9814, 3424
0.9818, 3423
0.9821, 3422
0.9824, 3421
0.9827, 3420
0.9830, 3419
0.9834, 3418
0.9837, 3417
0.9840, 3416
0.9843, 3415
0.9846, 3414
0.9850, 3413
0.9853, 3412
0.9856, 3411
0.9859, 3410
0.9862, 3409
0.9865, 3408
0.9868, 3407
0.9872, 3406
0.9875, 3405
0.9878, 3404
0.9881, 3403
0.9884, 3402
0.9887, 3401
0.9890, 3400
0.9893, 3399
0.9896, 3398
0.9900, 3397
0.9903, 3396
0.9906, 3395
0.9909, 3394
0.9912, 3393
0.9915, 3392
0.9918, 3391
0.9922, 3390
0.9925, 3389
0.9928, 3388
0.9931, 3387
0.9934, 3386
0.9937, 3385
0.9941, 3384
0.9944, 3383
0.9947, 3382
0.9950, 3381
0.9953, 3380
0.9957, 3379
0.9960, 3378
0.9963, 3377
0.9966, 3376
0.9970, 3375
0.9973, 3374
0.9976, 3373
0.9979, 3372
0.9983, 3371
0.9986, 3370
0.9990, 3369
0.9993, 3368
0.9997, 3367
1.0000, 3366
1.0003, 3365
1.0006, 3364
1.0009, 3363
1.0012, 3362
1.0016, 3361
1.0019, 3360
1.0022, 3359
1.0025, 3358
1.0028, 3357
1.0031, 3356
1.0034, 3355
1.0038, 3354
1.0041, 3353
1.0044, 3352
1.0047, 3351
1.0050, 3350
1.0054, 3349
1.0057, 3348
1.0060, 3347
1.0064, 3346
1.0067, 3345
1.0070, 3344
1.0073, 3343
1.0076, 3342
1.0080, 3341
1.0083, 3340
1.0086, 3339
1.0089, 3338
1.0092, 3337
1.0096, 3336
1.0099, 3335
1.0102, 3334
1.0105, 3333
1.0108, 3332
1.0111, 3331
1.0115, 3330
1.0118, 3329
1.0121, 3328
1.0124, 3327
1.0127, 3326
1.0131, 3325
1.0134, 3324
1.0137, 3323
1.0140, 3322
1.0143, 3321
1.0146, 3320
1.0149, 3319
1.0153, 3318
1.0156, 3317
1.0159, 3316
1.0162, 3315
1.0165, 3314
1.0168, 3313
1.0171, 3312
1.0174, 3311
1.0178, 3310
1.0181, 3309
1.0184, 3308
1.0187, 3307
1.0191, 3306
1.0194, 3305
1.0197, 3304
1.0200, 3303
1.0204, 3302
1.0207, 3301
1.0211, 3300
1.0214, 3299
1.0217, 3298
1.0221, 3297
1.0224, 3296
1.0227, 3295
1.0230, 3294
1.0234, 3293
1.0237, 3292
1.0240, 3291
1.0243, 3290
1.0246, 3289
1.0250, 3288
1.0254, 3287
1.0257, 3286
1.0260, 3285
1.0263, 3284
1.0266, 3283
1.0269, 3282
1.0273, 3281
1.0276, 3280
1.0279, 3279
1.0282, 3278
1.0285, 3277
1.0289, 3276
1.0292, 3275
1.0296, 3274
1.0299, 3273
1.0302, 3272
1.0305, 3271
1.0309, 3270
1.0312, 3269
1.0315, 3268
1.0319, 3267
1.0322, 3266
1.0325, 3265
1.0328, 3264
1.0332, 3263
1.0335, 3262
1.0338, 3261
1.0341, 3260
1.0345, 3259
1.0348, 3258
1.0351, 3257
1.0354, 3256
1.0357, 3255
1.0360, 3254
1.0363, 3253
1.0366, 3252
1.0369, 3251
1.0373, 3250
1.0376, 3249
1.0379, 3248
1.0382, 3247
1.0385, 3246
1.0389, 3245
1.0392, 3244
1.0395, 3243
1.0398, 3242
1.0401, 3241
1.0404, 3240
1.0407, 3239
1.0411, 3238
1.0414, 3237
1.0417, 3236
1.0420, 3235
1.0423, 3234
1.0427, 3233
1.0430, 3232
1.0433, 3231
1.0436, 3230
1.0439, 3229
1.0443, 3228
1.0446, 3227
1.0449, 3226
1.0452, 3225
1.0455, 3224
1.0458, 3223
1.0462, 3222
1.0465, 3221
1.0468, 3220
1.0471, 3219
1.0475, 3218
1.0478, 3217
1.0482, 3216
1.0485, 3215
1.0488, 3214
1.0491, 3213
1.0494, 3212
1.0497, 3211
1.0500, 3210
1.0503, 3209
1.0506, 3208
1.0509, 3207
1.0512, 3206
1.0515, 3205
1.0518, 3204
1.0521, 3203
1.0524, 3202
1.0528, 3201
1.0532, 3200
1.0535, 3199
1.0539, 3198
1.0542, 3197
1.0545, 3196
1.0549, 3195
1.0552, 3194
1.0555, 3193
1.0558, 3192
1.0562, 3191
1.0565, 3190
1.0568, 3189
1.0571, 3188
1.0574, 3187
1.0577, 3186
1.0580, 3185
1.0583, 3184
1.0587, 3183
1.0590, 3182
1.0594, 3181
1.0597, 3180
1.0600, 3179
1.0603, 3178
1.0606, 3177
1.0609, 3176
1.0613, 3175
1.0617, 3174
1.0620, 3173
1.0623, 3172
1.0626, 3171
1.0629, 3170
1.0632, 3169
1.0635, 3168
1.0638, 3167
1.0641, 3166
1.0644, 3165
1.0647, 3164
1.0650, 3163
1.0653, 3162
1.0657, 3161
1.0660, 3160
1.0663, 3159
1.0666, 3158
1.0669, 3157
1.0672, 3156
1.0675, 3155
1.0678, 3154
1.0681, 3153
1.0684, 3152
1.0687, 3151
1.0690, 3150
1.0693, 3149
1.0696, 3148
1.0699, 3147
1.0704, 3146
1.0706, 3145
1.0710, 3144
1.0713, 3143
1.0716, 3142
1.0719, 3141
1.0723, 3140
1.0726, 3139
1.0729, 3138
1.0732, 3137
1.0735, 3136
1.0739, 3135
1.0742, 3134
1.0745, 3133
1.0748, 3132
1.0751, 3131
1.0754, 3130
1.0758, 3129
1.0761, 3128
1.0764, 3127
1.0767, 3126
1.0770, 3125
1.0773, 3124
1.0776, 3123
1.0779, 3122
1.0782, 3121
1.0785, 3120
1.0788, 3119
1.0791, 3118
1.0794, 3117
1.0797, 3116
1.0800, 3115
1.0803, 3114
1.0806, 3113
1.0809, 3112
1.0812, 3111
1.0815, 3110
1.0818, 3109
1.0821, 3108
1.0824, 3107
1.0827, 3106
1.0830, 3105
1.0833, 3104
1.0836, 3103
1.0839, 3102
1.0842, 3101
1.0845, 3100
1.0848, 3099
1.0851, 3098
1.0854, 3097
1.0857, 3096
1.0860, 3095
1.0863, 3094
1.0866, 3093
1.0869, 3092
1.0872, 3091
1.0875, 3090
1.0878, 3089
1.0881, 3088
1.0884, 3087
1.0887, 3086
1.0890, 3085
1.0893, 3084
1.0896, 3083
1.0899, 3082
1.0902, 3081
1.0905, 3080
1.0909, 3079
1.0912, 3078
1.0915, 3077
1.0918, 3076
1.0921, 3075
1.0924, 3074
1.0927, 3073
1.0930, 3072
1.0932, 3071
1.0936, 3070
1.0939, 3069
1.0942, 3068
1.0945, 3067
1.0947, 3066
1.0950, 3065
1.0953, 3064
1.0956, 3063
1.0959, 3062
1.0962, 3061
1.0965, 3060
1.0968, 3059
1.0971, 3058
1.0974, 3057
1.0976, 3056
1.0980, 3055
1.0982, 3054
1.0985, 3053
1.0988, 3052
1.0991, 3051
1.0995, 3050
1.0998, 3049
1.1001, 3048
1.1004, 3047
1.1007, 3046
1.1010, 3045
1.1013, 3044
1.1016, 3043
1.1019, 3042
1.1022, 3041
1.1025, 3040
1.1028, 3039
1.1030, 3038
1.1033, 3037
1.1036, 3036
1.1039, 3035
1.1042, 3034
1.1045, 3033
1.1048, 3032
1.1051, 3031
1.1054, 3030
1.1057, 3029
1.1060, 3028
1.1063, 3027
1.1066, 3026
1.1069, 3025
1.1072, 3024
1.1074, 3023
1.1077, 3022
1.1080, 3021
1.1083, 3020
1.1086, 3019
1.1089, 3018
1.1092, 3017
1.1095, 3016
1.1098, 3015
1.1101, 3014
1.1104, 3013
1.1107, 3012
1.1110, 3011
1.1113, 3010
1.1116, 3009
1.1119, 3008
1.1121, 3007
1.1124, 3006
1.1127, 3005
1.1130, 3004
1.1133, 3003
1.1136, 3002
1.1139, 3001
1.1142, 3000
1.1144, 2999
1.1147, 2998
1.1150, 2997
1.1153, 2996
1.1156, 2995
1.1159, 2994
1.1162, 2993
1.1164, 2992
1.1167, 2991
1.1170, 2990
1.1173, 2989
1.1176, 2988
1.1179, 2987
1.1182, 2986
1.1185, 2985
1.1187, 2984
1.1191, 2983
1.1193, 2982
1.1196, 2981
1.1199, 2980
1.1202, 2979
1.1205, 2978
1.1208, 2977
1.1211, 2976
1.1214, 2975
1.1217, 2974
1.1220, 2973
1.1223, 2972
1.1226, 2971
1.1229, 2970
1.1232, 2969
1.1234, 2968
1.1237, 2967
1.1240, 2966
1.1243, 2965
1.1246, 2964
1.1248, 2963
1.1251, 2962
1.1254, 2961
1.1257, 2960
1.1260, 2959
1.1263, 2958
1.1266, 2957
1.1269, 2956
1.1272, 2955
1.1275, 2954
1.1279, 2953
1.1282, 2952
1.1285, 2951
1.1287, 2950
1.1290, 2949
1.1294, 2948
1.1296, 2947
1.1299, 2946
1.1302, 2945
1.1305, 2944
1.1308, 2943
1.1311, 2942
1.1314, 2941
1.1317, 2940
1.1320, 2939
1.1323, 2938
1.1326, 2937
1.1329, 2936
1.1332, 2935
1.1335, 2934
1.1338, 2933
1.1341, 2932
1.1344, 2931
1.1347, 2930
1.1351, 2929
1.1354, 2928
1.1357, 2927
1.1360, 2926
1.1363, 2925
1.1366, 2924
1.1369, 2923
1.1372, 2922
1.1375, 2921
1.1378, 2920
1.1382, 2919
1.1385, 2918
1.1388, 2917
1.1391, 2916
1.1395, 2915
1.1398, 2914
1.1401, 2913
1.1404, 2912
1.1407, 2911
1.1410, 2910
1.1413, 2909
1.1416, 2908
1.1419, 2907
1.1422, 2906
1.1425, 2905
1.1428, 2904
1.1431, 2903
1.1434, 2902
1.1437, 2901
1.1440, 2900
1.1443, 2899
1.1446, 2898
1.1449, 2897
1.1452, 2896
1.1455, 2895
1.1458, 2894
1.1461, 2893
1.1464, 2892
1.1467, 2891
1.1470, 2890
1.1473, 2889
1.1476, 2888
1.1479, 2887
1.1483, 2886
1.1486, 2885
1.1489, 2884
1.1492, 2883
1.1495, 2882
1.1498, 2881
1.1501, 2880
1.1504, 2879
1.1506, 2878
1.1509, 2877
1.1512, 2876
1.1515, 2875
1.1518, 2874
1.1521, 2873
1.1524, 2872
1.1527, 2871
1.1530, 2870
1.1533, 2869
1.1535, 2868
1.1539, 2867
1.1541, 2866
1.1544, 2865
1.1547, 2864
1.1550, 2863
1.1552, 2862
1.1556, 2861
1.1558, 2860
1.1561, 2859
1.1564, 2858
1.1567, 2857
1.1570, 2856
1.1572, 2855
1.1575, 2854
1.1578, 2853
1.1581, 2852
1.1583, 2851
1.1586, 2850
1.1589, 2849
1.1592, 2848
1.1595, 2847
1.1598, 2846
1.1600, 2845
1.1603, 2844
1.1606, 2843
1.1609, 2842
1.1612, 2841
1.1615, 2840
1.1617, 2839
1.1620, 2838
1.1623, 2837
1.1626, 2836
1.1629, 2835
1.1632, 2834
1.1635, 2833
1.1637, 2832
1.1641, 2831
1.1643, 2830
1.1646, 2829
1.1649, 2828
1.1652, 2827
1.1655, 2826
1.1657, 2825
1.1660, 2824
1.1663, 2823
1.1666, 2822
1.1669, 2821
1.1672, 2820
1.1674, 2819
1.1677, 2818
1.1680, 2817
1.1683, 2816
1.1686, 2815
1.1689, 2814
1.1691, 2813
1.1694, 2812
1.1697, 2811
1.1700, 2810
1.1703, 2809
1.1706, 2808
1.1708, 2807
1.1711, 2806
1.1714, 2805
1.1717, 2804
1.1719, 2803
1.1723, 2802
1.1725, 2801
1.1728, 2800
1.1731, 2799
1.1734, 2798
1.1737, 2797
1.1740, 2796
1.1743, 2795
1.1746, 2794
1.1748, 2793
1.1751, 2792
1.1754, 2791
1.1758, 2790
1.1760, 2789
1.1763, 2788
1.1766, 2787
1.1769, 2786
1.1772, 2785
1.1774, 2784
1.1777, 2783
1.1780, 2782
1.1783, 2781
1.1786, 2780
1.1788, 2779
1.1791, 2778
1.1794, 2777
1.1797, 2776
1.1800, 2775
1.1802, 2774
1.1805, 2773
1.1808, 2772
1.1810, 2771
1.1813, 2770
1.1816, 2769
1.1819, 2768
1.1822, 2767
1.1824, 2766
1.1827, 2765
1.1830, 2764
1.1832, 2763
1.1835, 2762
1.1838, 2761
1.1840, 2760
1.1843, 2759
1.1846, 2758
1.1849, 2757
1.1852, 2756
1.1854, 2755
1.1857, 2754
1.1860, 2753
1.1863, 2752
1.1866, 2751
1.1869, 2750
1.1872, 2749
1.1875, 2748
1.1877, 2747
1.1880, 2746
1.1883, 2745
1.1886, 2744
1.1888, 2743
1.1891, 2742
1.1894, 2741
1.1898, 2740
1.1901, 2739
1.1904, 2738
1.1907, 2737
1.1910, 2736
1.1912, 2735
1.1915, 2734
1.1918, 2733
1.1921, 2732
1.1924, 2731
1.1927, 2730
1.1930, 2729
1.1933, 2728
1.1936, 2727
1.1939, 2726
1.1941, 2725
1.1944, 2724
1.1947, 2723
1.1950, 2722
1.1953, 2721
1.1955, 2720
1.1958, 2719
1.1961, 2718
1.1964, 2717
1.1967, 2716
1.1970, 2715
1.1973, 2714
1.1976, 2713
1.1978, 2712
1.1981, 2711
1.1984, 2710
1.1986, 2709
1.1989, 2708
1.1992, 2707
1.1995, 2706
1.1998, 2705
1.2000, 2704
1.2003, 2703
1.2006, 2702
1.2009, 2701
1.2011, 2700
1.2014, 2699
1.2017, 2698
1.2020, 2697
1.2022, 2696
1.2025, 2695
1.2028, 2694
1.2031, 2693
1.2034, 2692
1.2037, 2691
1.2039, 2690
1.2042, 2689
1.2045, 2688
1.2048, 2687
1.2051, 2686
1.2054, 2685
1.2056, 2684
1.2059, 2683
1.2062, 2682
1.2065, 2681
1.2067, 2680
1.2070, 2679
1.2073, 2678
1.2076, 2677
1.2078, 2676
1.2081, 2675
1.2084, 2674
1.2087, 2673
1.2090, 2672
1.2093, 2671
1.2096, 2670
1.2098, 2669
1.2101, 2668
1.2104, 2667
1.2106, 2666
1.2109, 2665
1.2112, 2664
1.2115, 2663
1.2117, 2662
1.2120, 2661
1.2123, 2660
1.2126, 2659
1.2128, 2658
1.2131, 2657
1.2134, 2656
1.2136, 2655
1.2139, 2654
1.2142, 2653
1.2144, 2652
1.2147, 2651
1.2150, 2650
1.2152, 2649
1.2155, 2648
1.2157, 2647
1.2160, 2646
1.2163, 2645
1.2165, 2644
1.2168, 2643
1.2171, 2642
1.2173, 2641
1.2176, 2640
1.2178, 2639
1.2181, 2638
1.2184, 2637
1.2186, 2636
1.2189, 2635
1.2192, 2634
1.2194, 2633
1.2197, 2632
1.2199, 2631
1.2202, 2630
1.2205, 2629
1.2208, 2628
1.2210, 2627
1.2213, 2626
1.2216, 2625
1.2218, 2624
1.2221, 2623
1.2224, 2622
1.2226, 2621
1.2229, 2620
1.2231, 2619
1.2234, 2618
1.2237, 2617
1.2240, 2616
1.2242, 2615
1.2245, 2614
1.2247, 2613
1.2250, 2612
1.2253, 2611
1.2255, 2610
1.2258, 2609
1.2261, 2608
1.2264, 2607
1.2266, 2606
1.2269, 2605
1.2272, 2604
1.2275, 2603
1.2277, 2602
1.2280, 2601
1.2283, 2600
1.2285, 2599
1.2288, 2598
1.2291, 2597
1.2293, 2596
1.2296, 2595
1.2299, 2594
1.2302, 2593
1.2304, 2592
1.2307, 2591
1.2310, 2590
1.2313, 2589
1.2315, 2588
1.2318, 2587
1.2320, 2586
1.2323, 2585
1.2326, 2584
1.2328, 2583
1.2331, 2582
1.2334, 2581
1.2337, 2580
1.2339, 2579
1.2342, 2578
1.2345, 2577
1.2347, 2576
1.2350, 2575
1.2353, 2574
1.2356, 2573
1.2358, 2572
1.2361, 2571
1.2429, 2570
1.2473, 2569
1.2539, 2568
1.2647, 2567
1.2649, 2566
1.2735, 2565
1.2737, 2564
1.3075, 2563
1.3077, 2562
1.3357, 2561
1.3424, 2560
1.3427, 2559
1.3558, 2558
1.3624, 2557
1.3626, 2556
1.3671, 2555
1.3844, 2554
1.3952, 2553
1.4040, 2552
1.4085, 2551
1.4109, 2550
1.4133, 2549
1.4135, 2548
1.4138, 2547
1.4225, 2546
1.4227, 2545
1.4230, 2544
1.4424, 2543
1.4511, 2542
1.4599, 2541
1.4601, 2540
1.4667, 2539
1.4798, 2538
1.4843, 2537
1.4973, 2536
1.5060, 2535
1.5062, 2534
1.5107, 2533
1.5110, 2532
1.5219, 2531
1.5221, 2530
1.5287, 2529
1.5290, 2528
1.5335, 2527
1.5380, 2526
1.5426, 2525
1.5450, 2524
1.5474, 2523
1.5498, 2522
1.5564, 2521
1.5567, 2520
1.5633, 2519
1.5636, 2518
1.5638, 2517
1.5768, 2516
1.5771, 2515
1.6457, 2514
1.6608, 2513
1.6611, 2512
1.6848, 2511
1.7043, 2510
1.7045, 2509
1.7196, 2508
1.7199, 2507
1.7286, 2506
1.7396, 2505
1.7441, 2504
1.7678, 2503
1.7895, 2502
1.7920, 2501
1.8031, 2500
1.8034, 2499
1.8037, 2498
1.8103, 2497
1.8191, 2496
1.8345, 2495
1.8348, 2494
1.8393, 2493
1.8440, 2492
1.8442, 2491
1.8445, 2490
1.8447, 2489
1.8449, 2488
1.8539, 2487
1.8541, 2486
1.8544, 2485
1.8677, 2484
1.8680, 2483
1.8682, 2482
1.8903, 2481
1.8949, 2480
1.9104, 2479
1.9107, 2478
1.9153, 2477
1.9220, 2476
1.9266, 2475
1.9268, 2474
1.9271, 2473
1.9273, 2472
1.9469, 2471
1.9622, 2470
1.9624, 2469
1.9627, 2468
1.9651, 2467
1.9653, 2466
1.9784, 2465
1.9936, 2464
2.0024, 2463
2.0242, 2462
2.0244, 2461
2.0357, 2460
2.0359, 2459
2.0362, 2458
2.0428, 2457
2.0517, 2456
2.0519, 2455
2.0651, 2454
2.0782, 2453
2.0892, 2452
2.0916, 2451
2.1048, 2450
2.1201, 2449
2.1374, 2448
2.1526, 2447
2.1572, 2446
2.1617, 2445
2.1898, 2444
2.2094, 2443
2.2203, 2442
2.2206, 2441
2.2509, 2440
2.2511, 2439
2.2578, 2438
2.2731, 2437
2.2970, 2436
2.3016, 2435
2.3212, 2434
2.3278, 2433
2.3453, 2432
2.3693, 2431
2.3760, 2430
2.4043, 2429
2.4046, 2428
2.4048, 2427
2.4379, 2426
2.4444, 2425
2.4446, 2424
2.4626, 2423
2.4857, 2422
2.4928, 2421
2.4931, 2420
2.5204, 2419
2.5336, 2418
2.5805, 2417
2.5889, 2416
2.5974, 2415
2.6214, 2414
2.6314, 2413
2.6317, 2412
2.6372, 2411
2.6374, 2410
2.6643, 2409
2.6646, 2408
2.6738, 2407
2.6741, 2406
2.6743, 2405
2.6832, 2404
2.7029, 2403
2.7240, 2402
2.7330, 2401
2.7425, 2400
2.7431, 2399
2.7468, 2398
2.7470, 2397
2.7538, 2396
2.7746, 2395
2.7749, 2394
2.7751, 2393
2.7754, 2392
2.8031, 2391
2.8233, 2390
2.8279, 2389
2.8282, 2388
2.8284, 2387
2.8286, 2386
2.8289, 2385
2.8291, 2384
2.8359, 2383
2.8362, 2382
2.8451, 2381
2.8454, 2380
2.8456, 2379
2.8500, 2378
2.8502, 2377
2.8567, 2376
2.8610, 2375
2.8612, 2374
2.8659, 2373
2.8661, 2372
2.8663, 2371
2.8820, 2370
2.8822, 2369
2.8929, 2368
2.8974, 2367
2.8976, 2366
2.8978, 2365
2.9065, 2364
2.9067, 2363
2.9070, 2362
2.9073, 2361
2.9075, 2360
2.9077, 2359
2.9310, 2358
2.9312, 2357
2.9335, 2356
2.9338, 2355
2.9425, 2354
2.9469, 2353
2.9472, 2352
2.9474, 2351
2.9476, 2350
2.9520, 2349
2.9689, 2348
2.9732, 2347
2.9859, 2346
2.9861, 2345
2.9884, 2344
3.0052, 2343
3.0054, 2342
3.0098, 2341
3.0163, 2340
3.0165, 2339
3.0167, 2338
3.0231, 2337
3.0399, 2336
3.0422, 2335
3.0424, 2334
3.0614, 2333
3.0637, 2332
3.0639, 2331
3.0684, 2330
3.0854, 2329
3.1108, 2328
3.1110, 2327
3.1112, 2326
3.1197, 2325
3.1199, 2324
3.1266, 2323
3.1269, 2322
3.2684, 2321
3.2708, 2320
3.2731, 2319
3.2776, 2318
3.2778, 2317
3.2801, 2316
3.2847, 2315
3.2849, 2314
3.2895, 2313
3.3085, 2312
3.3087, 2311
3.3131, 2310
3.3195, 2309
3.3197, 2308
3.3241, 2307
3.3243, 2306
3.3370, 2305
3.3414, 2304
3.3479, 2303
3.3481, 2302
3.3504, 2301
3.3611, 2300
3.3655, 2299
3.3657, 2298
3.3722, 2297
3.3724, 2296
3.3768, 2295
3.3770, 2294
3.3855, 2293
3.3898, 2292
3.4027, 2291
3.4112, 2290
3.4239, 2289
3.4241, 2288
3.4243, 2287
3.4307, 2286
3.4330, 2285
3.4332, 2284
3.4479, 2283
3.4606, 2282
3.4732, 2281
3.4900, 2280
3.4966, 2279
3.5010, 2278
3.5365, 2277
3.5430, 2276
3.5432, 2275
3.5434, 2274
3.5436, 2273
3.5480, 2272
3.5482, 2271
3.5547, 2270
3.5591, 2269
3.5593, 2268
3.5595, 2267
3.5618, 2266
3.5620, 2265
3.5747, 2264
3.5957, 2263
3.6001, 2262
3.6067, 2261
3.6298, 2260
3.6342, 2259
3.6448, 2258
3.6451, 2257
3.6536, 2256
3.6580, 2255
3.6582, 2254
3.6668, 2253
3.6671, 2252
3.6673, 2251
3.6675, 2250
3.6845, 2249
3.6889, 2248
3.6953, 2247
3.7038, 2246
3.7103, 2245
3.7270, 2244
3.7314, 2243
3.7461, 2242
3.7463, 2241
3.7589, 2240
3.7715, 2239
3.7759, 2238
3.7864, 2237
3.7887, 2236
3.7931, 2235
3.7995, 2234
3.8141, 2233
3.8287, 2232
3.8331, 2231
3.8560, 2230
3.8666, 2229
3.9040, 2228
4.0422, 2227
4.0794, 2226
4.1147, 2225
4.1315, 2224
4.1359, 2223
4.1402, 2222
4.1943, 2221
4.2634, 2220
4.3260, 2219
4.3534, 2218
4.5887, 2217
4.6784, 2216
4.7038, 2215
