0.0256, 2281
0.0725, 2279
0.0980, 2278
0.1156, 2277
0.1432, 2274
0.2376, 2273
0.2439, 2272
0.2781, 2271
0.2846, 2270
0.3210, 2269
0.3541, 2268
0.3602, 2266
0.3664, 2263
0.3816, 2262
0.4150, 2261
0.4394, 2260
0.4910, 2259
0.5430, 2258
0.5916, 2257
0.6099, 2256
0.6160, 2255
0.6407, 2254
0.7815, 2253
0.7876, 2252
0.8183, 2251
0.9192, 2249
0.9677, 2248
0.9768, 2246
1.0204, 2245
1.0453, 2244
1.0516, 2243
1.1636, 2241
1.1948, 2240
1.2102, 2239
1.3975, 2238
1.4068, 2237
1.5744, 2236
1.5775, 2234
1.6050, 2233
1.6234, 2232
1.7639, 2231
1.7831, 2228
1.8269, 2227
1.8545, 2226
1.9372, 2225
1.9619, 2224
1.9773, 2223
2.0845, 2222
2.3451, 2221
