0.0289, 2281
0.0325, 2280
0.1134, 2277
0.1169, 2276
0.1508, 2273
0.1606, 2271
0.1803, 2270
0.1868, 2269
0.2181, 2268
0.2275, 2267
0.2997, 2265
0.3089, 2264
0.3484, 2262
0.4153, 2261
0.5762, 2260
0.6003, 2259
0.6218, 2256
0.6371, 2255
0.6522, 2254
0.6553, 2253
0.7105, 2252
0.7533, 2251
0.7655, 2250
0.8560, 2249
1.0812, 2248
1.1904, 2247
1.1937, 2246
1.2755, 2244
1.2822, 2243
1.3022, 2242
1.3120, 2241
1.4026, 2240
1.4486, 2239
1.5537, 2238
1.6354, 2237
1.7539, 2236
1.7692, 2235
1.9530, 2234
1.9779, 2233
2.0245, 2232
2.2731, 2231
2.2958, 2228
2.6455, 2227
2.7651, 2226
2.8457, 2225
2.8488, 2224
2.8802, 2223
2.9792, 2222
3.0163, 2221
3.1295, 2220
