0.6573, 3931
0.6577, 3930
0.6580, 3929
0.6584, 3928
0.6587, 3927
0.6590, 3926
0.6594, 3925
0.6597, 3924
0.6600, 3923
0.6604, 3922
0.6607, 3921
0.6610, 3920
0.6613, 3919
0.6617, 3918
0.6620, 3917
0.6623, 3916
0.6627, 3915
0.6630, 3914
0.6633, 3913
0.6636, 3912
0.6640, 3911
0.6643, 3910
0.6646, 3909
0.6650, 3908
0.6653, 3907
0.6656, 3906
0.6660, 3905
0.6663, 3904
0.6666, 3903
0.6670, 3902
0.6673, 3901
0.6676, 3900
0.6679, 3899
0.6683, 3898
0.6686, 3897
0.6689, 3896
0.6693, 3895
0.6696, 3894
0.6700, 3893
0.6703, 3892
0.6707, 3891
0.6710, 3890
0.6714, 3889
0.6717, 3888
0.6720, 3887
0.6724, 3886
0.6727, 3885
0.6731, 3884
0.6734, 3883
0.6737, 3882
0.6741, 3881
0.6744, 3880
0.6747, 3879
0.6751, 3878
0.6754, 3877
0.6758, 3876
0.6761, 3875
0.6764, 3874
0.6768, 3873
0.6771, 3872
0.6774, 3871
0.6778, 3870
0.6781, 3869
0.6784, 3868
0.6788, 3867
0.6791, 3866
0.6794, 3865
0.6798, 3864
0.6801, 3863
0.6804, 3862
0.6807, 3861
0.6811, 3860
0.6814, 3859
0.6818, 3858
0.6821, 3857
0.6824, 3856
0.6827, 3855
0.6831, 3854
0.6834, 3853
0.6838, 3852
0.6841, 3851
0.6844, 3850
0.6848, 3849
0.6851, 3848
0.6855, 3847
0.6858, 3846
0.6861, 3845
0.6865, 3844
0.6869, 3843
0.6872, 3842
0.6876, 3841
0.6879, 3840
0.6883, 3839
0.6886, 3838
0.6890, 3837
0.6893, 3836
0.6897, 3835
0.6900, 3834
0.6904, 3833
0.6907, 3832
0.6911, 3831
0.6914, 3830
0.6918, 3829
0.6922, 3828
0.6925, 3827
0.6928, 3826
0.6931, 3825
0.6935, 3824
0.6938, 3823
0.6942, 3822
0.6945, 3821
0.6948, 3820
0.6951, 3819
0.6955, 3818
0.6958, 3817
0.6961, 3816
0.6965, 3815
0.6968, 3814
0.6971, 3813
0.6974, 3812
0.6978, 3811
0.6981, 3810
0.6984, 3809
0.6987, 3808
0.6991, 3807
0.6994, 3806
0.6997, 3805
0.7001, 3804
0.7004, 3803
0.7008, 3802
0.7011, 3801
0.7015, 3800
0.7018, 3799
0.7022, 3798
0.7025, 3797
0.7029, 3796
0.7032, 3795
0.7035, 3794
0.7039, 3793
0.7042, 3792
0.7045, 3791
0.7049, 3790
0.7052, 3789
0.7055, 3788
0.7058, 3787
0.7061, 3786
0.7065, 3785
0.7068, 3784
0.7071, 3783
0.7074, 3782
0.7078, 3781
0.7081, 3780
0.7084, 3779
0.7088, 3778
0.7091, 3777
0.7095, 3776
0.7098, 3775
0.7101, 3774
0.7104, 3773
0.7107, 3772
0.7111, 3771
0.7114, 3770
0.7117, 3769
0.7120, 3768
0.7124, 3767
0.7127, 3766
0.7130, 3765
0.7133, 3764
0.7136, 3763
0.7140, 3762
0.7143, 3761
0.7146, 3760
0.7150, 3759
0.7153, 3758
0.7156, 3757
0.7159, 3756
0.7163, 3755
0.7166, 3754
0.7169, 3753
0.7173, 3752
0.7176, 3751
0.7180, 3750
0.7183, 3749
0.7186, 3748
0.7190, 3747
0.7193, 3746
0.7196, 3745
0.7200, 3744
0.7203, 3743
0.7206, 3742
0.7210, 3741
0.7213, 3740
0.7216, 3739
0.7219, 3738
0.7222, 3737
0.7226, 3736
0.7229, 3735
0.7232, 3734
0.7236, 3733
0.7239, 3732
0.7242, 3731
0.7245, 3730
0.7248, 3729
0.7252, 3728
0.7255, 3727
0.7258, 3726
0.7261, 3725
0.7264, 3724
0.7267, 3723
0.7271, 3722
0.7274, 3721
0.7278, 3720
0.7281, 3719
0.7284, 3718
0.7287, 3717
0.7290, 3716
0.7294, 3715
0.7297, 3714
0.7300, 3713
0.7303, 3712
0.7307, 3711
0.7310, 3710
0.7313, 3709
0.7316, 3708
0.7320, 3707
0.7323, 3706
0.7326, 3705
0.7329, 3704
0.7333, 3703
0.7336, 3702
0.7339, 3701
0.7342, 3700
0.7345, 3699
0.7349, 3698
0.7352, 3697
0.7355, 3696
0.7358, 3695
0.7361, 3694
0.7364, 3693
0.7368, 3692
0.7371, 3691
0.7374, 3690
0.7377, 3689
0.7380, 3688
0.7384, 3687
0.7387, 3686
0.7390, 3685
0.7393, 3684
0.7396, 3683
0.7400, 3682
0.7403, 3681
0.7406, 3680
0.7409, 3679
0.7412, 3678
0.7416, 3677
0.7419, 3676
0.7422, 3675
0.7425, 3674
0.7428, 3673
0.7432, 3672
0.7435, 3671
0.7438, 3670
0.7441, 3669
0.7444, 3668
0.7448, 3667
0.7451, 3666
0.7454, 3665
0.7457, 3664
0.7460, 3663
0.7464, 3662
0.7467, 3661
0.7470, 3660
0.7473, 3659
0.7476, 3658
0.7480, 3657
0.7483, 3656
0.7487, 3655
0.7490, 3654
0.7493, 3653
0.7497, 3652
0.7500, 3651
0.7504, 3650
0.7507, 3649
0.7511, 3648
0.7514, 3647
0.7517, 3646
0.7521, 3645
0.7524, 3644
0.7527, 3643
0.7531, 3642
0.7534, 3641
0.7537, 3640
0.7540, 3639
0.7544, 3638
0.7547, 3637
0.7550, 3636
0.7553, 3635
0.7556, 3634
0.7559, 3633
0.7563, 3632
0.7566, 3631
0.7569, 3630
0.7572, 3629
0.7575, 3628
0.7578, 3627
0.7581, 3626
0.7585, 3625
0.7588, 3624
0.7591, 3623
0.7594, 3622
0.7597, 3621
0.7600, 3620
0.7604, 3619
0.7607, 3618
0.7610, 3617
0.7613, 3616
0.7616, 3615
0.7619, 3614
0.7623, 3613
0.7626, 3612
0.7629, 3611
0.7632, 3610
0.7635, 3609
0.7639, 3608
0.7642, 3607
0.7645, 3606
0.7649, 3605
0.7652, 3604
0.7655, 3603
0.7659, 3602
0.7662, 3601
0.7665, 3600
0.7668, 3599
0.7672, 3598
0.7675, 3597
0.7678, 3596
0.7681, 3595
0.7685, 3594
0.7688, 3593
0.7691, 3592
0.7694, 3591
0.7698, 3590
0.7701, 3589
0.7705, 3588
0.7708, 3587
0.7712, 3586
0.7715, 3585
0.7718, 3584
0.7721, 3583
0.7725, 3582
0.7728, 3581
0.7731, 3580
0.7734, 3579
0.7738, 3578
0.7741, 3577
0.7745, 3576
0.7748, 3575
0.7752, 3574
0.7755, 3573
0.7758, 3572
0.7761, 3571
0.7765, 3570
0.7768, 3569
0.7771, 3568
0.7775, 3567
0.7778, 3566
0.7781, 3565
0.7785, 3564
0.7788, 3563
0.7791, 3562
0.7794, 3561
0.7797, 3560
0.7800, 3559
0.7804, 3558
0.7807, 3557
0.7810, 3556
0.7814, 3555
0.7817, 3554
0.7820, 3553
0.7823, 3552
0.7827, 3551
0.7830, 3550
0.7834, 3549
0.7837, 3548
0.7841, 3547
0.7844, 3546
0.7847, 3545
0.7850, 3544
0.7854, 3543
0.7857, 3542
0.7860, 3541
0.7863, 3540
0.7866, 3539
0.7870, 3538
0.7873, 3537
0.7876, 3536
0.7879, 3535
0.7882, 3534
0.7885, 3533
0.7888, 3532
0.7891, 3531
0.7895, 3530
0.7898, 3529
0.7901, 3528
0.7904, 3527
0.7907, 3526
0.7910, 3525
0.7913, 3524
0.7916, 3523
0.7919, 3522
0.7923, 3521
0.7926, 3520
0.7929, 3519
0.7932, 3518
0.7935, 3517
0.7938, 3516
0.7941, 3515
0.7944, 3514
0.7947, 3513
0.7951, 3512
0.7954, 3511
0.7957, 3510
0.7960, 3509
0.7963, 3508
0.7967, 3507
0.7970, 3506
0.7973, 3505
0.7976, 3504
0.7979, 3503
0.7983, 3502
0.7986, 3501
0.7989, 3500
0.7992, 3499
0.7995, 3498
0.7999, 3497
0.8002, 3496
0.8005, 3495
0.8008, 3494
0.8011, 3493
0.8015, 3492
0.8018, 3491
0.8021, 3490
0.8025, 3489
0.8028, 3488
0.8031, 3487
0.8034, 3486
0.8037, 3485
0.8040, 3484
0.8043, 3483
0.8047, 3482
0.8050, 3481
0.8053, 3480
0.8056, 3479
0.8059, 3478
0.8063, 3477
0.8066, 3476
0.8069, 3475
0.8072, 3474
0.8075, 3473
0.8078, 3472
0.8081, 3471
0.8084, 3470
0.8087, 3469
0.8090, 3468
0.8093, 3467
0.8096, 3466
0.8100, 3465
0.8103, 3464
0.8106, 3463
0.8109, 3462
0.8113, 3461
0.8116, 3460
0.8119, 3459
0.8122, 3458
0.8125, 3457
0.8128, 3456
0.8132, 3455
0.8135, 3454
0.8138, 3453
0.8141, 3452
0.8144, 3451
0.8147, 3450
0.8151, 3449
0.8154, 3448
0.8157, 3447
0.8161, 3446
0.8164, 3445
0.8167, 3444
0.8170, 3443
0.8174, 3442
0.8177, 3441
0.8180, 3440
0.8183, 3439
0.8186, 3438
0.8190, 3437
0.8193, 3436
0.8196, 3435
0.8199, 3434
0.8202, 3433
0.8205, 3432
0.8208, 3431
0.8211, 3430
0.8214, 3429
0.8217, 3428
0.8220, 3427
0.8223, 3426
0.8226, 3425
0.8229, 3424
0.8233, 3423
0.8236, 3422
0.8239, 3421
0.8241, 3420
0.8244, 3419
0.8248, 3418
0.8251, 3417
0.8253, 3416
0.8256, 3415
0.8259, 3414
0.8263, 3413
0.8265, 3412
0.8268, 3411
0.8271, 3410
0.8274, 3409
0.8277, 3408
0.8280, 3407
0.8283, 3406
0.8286, 3405
0.8289, 3404
0.8292, 3403
0.8295, 3402
0.8298, 3401
0.8301, 3400
0.8304, 3399
0.8307, 3398
0.8310, 3397
0.8313, 3396
0.8316, 3395
0.8319, 3394
0.8322, 3393
0.8326, 3392
0.8329, 3391
0.8332, 3390
0.8335, 3389
0.8338, 3388
0.8341, 3387
0.8344, 3386
0.8347, 3385
0.8350, 3384
0.8353, 3383
0.8356, 3382
0.8359, 3381
0.8363, 3380
0.8366, 3379
0.8370, 3378
0.8373, 3377
0.8376, 3376
0.8379, 3375
0.8382, 3374
0.8385, 3373
0.8389, 3372
0.8392, 3371
0.8395, 3370
0.8398, 3369
0.8401, 3368
0.8404, 3367
0.8407, 3366
0.8410, 3365
0.8413, 3364
0.8416, 3363
0.8419, 3362
0.8422, 3361
0.8425, 3360
0.8428, 3359
0.8431, 3358
0.8434, 3357
0.8438, 3356
0.8441, 3355
0.8444, 3354
0.8446, 3353
0.8450, 3352
0.8453, 3351
0.8456, 3350
0.8459, 3349
0.8462, 3348
0.8465, 3347
0.8468, 3346
0.8471, 3345
0.8474, 3344
0.8477, 3343
0.8480, 3342
0.8483, 3341
0.8486, 3340
0.8489, 3339
0.8492, 3338
0.8495, 3337
0.8498, 3336
0.8501, 3335
0.8504, 3334
0.8507, 3333
0.8510, 3332
0.8513, 3331
0.8516, 3330
0.8519, 3329
0.8522, 3328
0.8525, 3327
0.8528, 3326
0.8531, 3325
0.8534, 3324
0.8537, 3323
0.8540, 3322
0.8543, 3321
0.8546, 3320
0.8549, 3319
0.8552, 3318
0.8556, 3317
0.8559, 3316
0.8562, 3315
0.8565, 3314
0.8569, 3313
0.8572, 3312
0.8575, 3311
0.8578, 3310
0.8581, 3309
0.8584, 3308
0.8588, 3307
0.8591, 3306
0.8594, 3305
0.8597, 3304
0.8601, 3303
0.8604, 3302
0.8607, 3301
0.8611, 3300
0.8614, 3299
0.8617, 3298
0.8620, 3297
0.8623, 3296
0.8626, 3295
0.8630, 3294
0.8634, 3293
0.8637, 3292
0.8640, 3291
0.8643, 3290
0.8645, 3289
0.8649, 3288
0.8652, 3287
0.8655, 3286
0.8658, 3285
0.8662, 3284
0.8665, 3283
0.8668, 3282
0.8672, 3281
0.8675, 3280
0.8678, 3279
0.8681, 3278
0.8684, 3277
0.8688, 3276
0.8691, 3275
0.8694, 3274
0.8698, 3273
0.8701, 3272
0.8704, 3271
0.8707, 3270
0.8710, 3269
0.8713, 3268
0.8716, 3267
0.8719, 3266
0.8722, 3265
0.8725, 3264
0.8728, 3263
0.8731, 3262
0.8734, 3261
0.8737, 3260
0.8740, 3259
0.8743, 3258
0.8746, 3257
0.8749, 3256
0.8752, 3255
0.8755, 3254
0.8758, 3253
0.8762, 3252
0.8765, 3251
0.8768, 3250
0.8771, 3249
0.8774, 3248
0.8777, 3247
0.8780, 3246
0.8783, 3245
0.8787, 3244
0.8790, 3243
0.8793, 3242
0.8796, 3241
0.8799, 3240
0.8803, 3239
0.8806, 3238
0.8809, 3237
0.8812, 3236
0.8816, 3235
0.8818, 3234
0.8821, 3233
0.8825, 3232
0.8828, 3231
0.8831, 3230
0.8834, 3229
0.8837, 3228
0.8841, 3227
0.8844, 3226
0.8848, 3225
0.8851, 3224
0.8854, 3223
0.8857, 3222
0.8860, 3221
0.8863, 3220
0.8866, 3219
0.8869, 3218
0.8872, 3217
0.8875, 3216
0.8878, 3215
0.8880, 3214
0.8883, 3213
0.8886, 3212
0.8889, 3211
0.8892, 3210
0.8895, 3209
0.8899, 3208
0.8902, 3207
0.8906, 3206
0.8909, 3205
0.8912, 3204
0.8915, 3203
0.8918, 3202
0.8921, 3201
0.8924, 3200
0.8927, 3199
0.8931, 3198
0.8934, 3197
0.8937, 3196
0.8940, 3195
0.8943, 3194
0.8946, 3193
0.8950, 3192
0.8952, 3191
0.8956, 3190
0.8959, 3189
0.8962, 3188
0.8965, 3187
0.8968, 3186
0.8971, 3185
0.8974, 3184
0.8977, 3183
0.8980, 3182
0.8983, 3181
0.8986, 3180
0.8988, 3179
0.8991, 3178
0.8994, 3177
0.8997, 3176
0.9000, 3175
0.9004, 3174
0.9007, 3173
0.9010, 3172
0.9013, 3171
0.9016, 3170
0.9019, 3169
0.9022, 3168
0.9025, 3167
0.9028, 3166
0.9031, 3165
0.9034, 3164
0.9037, 3163
0.9041, 3162
0.9044, 3161
0.9047, 3160
0.9050, 3159
0.9053, 3158
0.9056, 3157
0.9059, 3156
0.9062, 3155
0.9065, 3154
0.9068, 3153
0.9071, 3152
0.9074, 3151
0.9077, 3150
0.9080, 3149
0.9083, 3148
0.9086, 3147
0.9089, 3146
0.9093, 3145
0.9095, 3144
0.9098, 3143
0.9101, 3142
0.9104, 3141
0.9107, 3140
0.9111, 3139
0.9114, 3138
0.9117, 3137
0.9120, 3136
0.9123, 3135
0.9126, 3134
0.9129, 3133
0.9132, 3132
0.9135, 3131
0.9138, 3130
0.9141, 3129
0.9145, 3128
0.9148, 3127
0.9151, 3126
0.9153, 3125
0.9156, 3124
0.9159, 3123
0.9162, 3122
0.9165, 3121
0.9168, 3120
0.9171, 3119
0.9174, 3118
0.9177, 3117
0.9180, 3116
0.9183, 3115
0.9186, 3114
0.9189, 3113
0.9192, 3112
0.9195, 3111
0.9198, 3110
0.9200, 3109
0.9203, 3108
0.9206, 3107
0.9209, 3106
0.9212, 3105
0.9215, 3104
0.9218, 3103
0.9220, 3102
0.9223, 3101
0.9226, 3100
0.9229, 3099
0.9232, 3098
0.9234, 3097
0.9237, 3096
0.9240, 3095
0.9243, 3094
0.9246, 3093
0.9249, 3092
0.9252, 3091
0.9254, 3090
0.9257, 3089
0.9260, 3088
0.9263, 3087
0.9266, 3086
0.9269, 3085
0.9272, 3084
0.9275, 3083
0.9278, 3082
0.9281, 3081
0.9284, 3080
0.9287, 3079
0.9290, 3078
0.9293, 3077
0.9296, 3076
0.9299, 3075
0.9303, 3074
0.9306, 3073
0.9308, 3072
0.9311, 3071
0.9314, 3070
0.9317, 3069
0.9320, 3068
0.9323, 3067
0.9326, 3066
0.9329, 3065
0.9331, 3064
0.9334, 3063
0.9337, 3062
0.9340, 3061
0.9343, 3060
0.9346, 3059
0.9348, 3058
0.9351, 3057
0.9354, 3056
0.9357, 3055
0.9360, 3054
0.9363, 3053
0.9366, 3052
0.9368, 3051
0.9371, 3050
0.9374, 3049
0.9377, 3048
0.9381, 3047
0.9384, 3046
0.9386, 3045
0.9389, 3044
0.9392, 3043
0.9394, 3042
0.9397, 3041
0.9400, 3040
0.9403, 3039
0.9406, 3038
0.9408, 3037
0.9411, 3036
0.9414, 3035
0.9417, 3034
0.9419, 3033
0.9422, 3032
0.9425, 3031
0.9428, 3030
0.9430, 3029
0.9433, 3028
0.9436, 3027
0.9439, 3026
0.9442, 3025
0.9445, 3024
0.9448, 3023
0.9450, 3022
0.9453, 3021
0.9456, 3020
0.9459, 3019
0.9461, 3018
0.9464, 3017
0.9467, 3016
0.9469, 3015
0.9472, 3014
0.9475, 3013
0.9478, 3012
0.9481, 3011
0.9484, 3010
0.9487, 3009
0.9489, 3008
0.9492, 3007
0.9495, 3006
0.9498, 3005
0.9500, 3004
0.9503, 3003
0.9506, 3002
0.9508, 3001
0.9511, 3000
0.9514, 2999
0.9517, 2998
0.9519, 2997
0.9522, 2996
0.9525, 2995
0.9528, 2994
0.9530, 2993
0.9533, 2992
0.9536, 2991
0.9538, 2990
0.9541, 2989
0.9544, 2988
0.9546, 2987
0.9549, 2986
0.9552, 2985
0.9555, 2984
0.9557, 2983
0.9560, 2982
0.9563, 2981
0.9566, 2980
0.9569, 2979
0.9571, 2978
0.9574, 2977
0.9577, 2976
0.9579, 2975
0.9582, 2974
0.9585, 2973
0.9588, 2972
0.9591, 2971
0.9594, 2970
0.9597, 2969
0.9599, 2968
0.9602, 2967
0.9605, 2966
0.9608, 2965
0.9611, 2964
0.9613, 2963
0.9616, 2962
0.9619, 2961
0.9622, 2960
0.9625, 2959
0.9628, 2958
0.9631, 2957
0.9634, 2956
0.9637, 2955
0.9640, 2954
0.9643, 2953
0.9646, 2952
0.9649, 2951
0.9652, 2950
0.9654, 2949
0.9657, 2948
0.9660, 2947
0.9663, 2946
0.9666, 2945
0.9668, 2944
0.9671, 2943
0.9674, 2942
0.9676, 2941
0.9679, 2940
0.9682, 2939
0.9685, 2938
0.9688, 2937
0.9691, 2936
0.9694, 2935
0.9697, 2934
0.9699, 2933
0.9702, 2932
0.9705, 2931
0.9708, 2930
0.9712, 2929
0.9715, 2928
0.9718, 2927
0.9721, 2926
0.9724, 2925
0.9727, 2924
0.9731, 2923
0.9733, 2922
0.9736, 2921
0.9739, 2920
0.9742, 2919
0.9745, 2918
0.9749, 2917
0.9752, 2916
0.9755, 2915
0.9758, 2914
0.9761, 2913
0.9764, 2912
0.9767, 2911
0.9769, 2910
0.9773, 2909
0.9775, 2908
0.9778, 2907
0.9781, 2906
0.9784, 2905
0.9787, 2904
0.9790, 2903
0.9793, 2902
0.9795, 2901
0.9798, 2900
0.9801, 2899
0.9804, 2898
0.9807, 2897
0.9809, 2896
0.9813, 2895
0.9815, 2894
0.9818, 2893
0.9821, 2892
0.9824, 2891
0.9827, 2890
0.9830, 2889
0.9833, 2888
0.9836, 2887
0.9839, 2886
0.9842, 2885
0.9845, 2884
0.9848, 2883
0.9851, 2882
0.9853, 2881
0.9856, 2880
0.9859, 2879
0.9862, 2878
0.9865, 2877
0.9868, 2876
0.9871, 2875
0.9873, 2874
0.9876, 2873
0.9880, 2872
0.9882, 2871
0.9885, 2870
0.9888, 2869
0.9891, 2868
0.9893, 2867
0.9896, 2866
0.9899, 2865
0.9902, 2864
0.9905, 2863
0.9907, 2862
0.9910, 2861
0.9913, 2860
0.9916, 2859
0.9919, 2858
0.9921, 2857
0.9924, 2856
0.9927, 2855
0.9929, 2854
0.9932, 2853
0.9935, 2852
0.9938, 2851
0.9941, 2850
0.9943, 2849
0.9946, 2848
0.9949, 2847
0.9951, 2846
0.9954, 2845
0.9957, 2844
0.9960, 2843
0.9963, 2842
0.9966, 2841
0.9969, 2840
0.9972, 2839
0.9975, 2838
0.9977, 2837
0.9980, 2836
0.9983, 2835
0.9986, 2834
0.9989, 2833
0.9992, 2832
0.9994, 2831
0.9997, 2830
1.0000, 2829
1.0003, 2828
1.0006, 2827
1.0008, 2826
1.0011, 2825
1.0014, 2824
1.0017, 2823
1.0019, 2822
1.0022, 2821
1.0025, 2820
1.0028, 2819
1.0031, 2818
1.0034, 2817
1.0036, 2816
1.0039, 2815
1.0042, 2814
1.0044, 2813
1.0047, 2812
1.0050, 2811
1.0052, 2810
1.0055, 2809
1.0057, 2808
1.0060, 2807
1.0063, 2806
1.0066, 2805
1.0068, 2804
1.0071, 2803
1.0073, 2802
1.0076, 2801
1.0079, 2800
1.0082, 2799
1.0084, 2798
1.0087, 2797
1.0090, 2796
1.0093, 2795
1.0096, 2794
1.0099, 2793
1.0102, 2792
1.0105, 2791
1.0107, 2790
1.0110, 2789
1.0113, 2788
1.0116, 2787
1.0119, 2786
1.0122, 2785
1.0124, 2784
1.0127, 2783
1.0130, 2782
1.0133, 2781
1.0136, 2780
1.0138, 2779
1.0141, 2778
1.0144, 2777
1.0146, 2776
1.0149, 2775
1.0151, 2774
1.0154, 2773
1.0157, 2772
1.0159, 2771
1.0162, 2770
1.0165, 2769
1.0167, 2768
1.0170, 2767
1.0172, 2766
1.0175, 2765
1.0178, 2764
1.0180, 2763
1.0183, 2762
1.0185, 2761
1.0188, 2760
1.0191, 2759
1.0193, 2758
1.0196, 2757
1.0199, 2756
1.0202, 2755
1.0204, 2754
1.0207, 2753
1.0210, 2752
1.0213, 2751
1.0215, 2750
1.0218, 2749
1.0221, 2748
1.0224, 2747
1.0226, 2746
1.0229, 2745
1.0232, 2744
1.0234, 2743
1.0237, 2742
1.0239, 2741
1.0242, 2740
1.0246, 2739
1.0248, 2738
1.0251, 2737
1.0254, 2736
1.0257, 2735
1.0260, 2734
1.0263, 2733
1.0265, 2732
1.0268, 2731
1.0271, 2730
1.0274, 2729
1.0276, 2728
1.0279, 2727
1.0282, 2726
1.0285, 2725
1.0287, 2724
1.0290, 2723
1.0293, 2722
1.0295, 2721
1.0298, 2720
1.0301, 2719
1.0303, 2718
1.0306, 2717
1.0309, 2716
1.0312, 2715
1.0314, 2714
1.0317, 2713
1.0320, 2712
1.0323, 2711
1.0325, 2710
1.0328, 2709
1.0330, 2708
1.0333, 2707
1.0335, 2706
1.0338, 2705
1.0341, 2704
1.0344, 2703
1.0347, 2702
1.0350, 2701
1.0353, 2700
1.0355, 2699
1.0358, 2698
1.0361, 2697
1.0364, 2696
1.0366, 2695
1.0369, 2694
1.0372, 2693
1.0375, 2692
1.0378, 2691
1.0380, 2690
1.0383, 2689
1.0386, 2688
1.0389, 2687
1.0391, 2686
1.0394, 2685
1.0397, 2684
1.0399, 2683
1.0402, 2682
1.0405, 2681
1.0407, 2680
1.0410, 2679
1.0412, 2678
1.0415, 2677
1.0418, 2676
1.0420, 2675
1.0423, 2674
1.0426, 2673
1.0429, 2672
1.0431, 2671
1.0434, 2670
1.0436, 2669
1.0439, 2668
1.0441, 2667
1.0444, 2666
1.0447, 2665
1.0449, 2664
1.0452, 2663
1.0454, 2662
1.0457, 2661
1.0460, 2660
1.0462, 2659
1.0465, 2658
1.0467, 2657
1.0470, 2656
1.0472, 2655
1.0475, 2654
1.0477, 2653
1.0480, 2652
1.0482, 2651
1.0485, 2650
1.0487, 2649
1.0490, 2648
1.0492, 2647
1.0495, 2646
1.0497, 2645
1.0500, 2644
1.0502, 2643
1.0505, 2642
1.0507, 2641
1.0510, 2640
1.0512, 2639
1.0515, 2638
1.0517, 2637
1.0520, 2636
1.0522, 2635
1.0525, 2634
1.0527, 2633
1.0530, 2632
1.0532, 2631
1.0535, 2630
1.0538, 2629
1.0540, 2628
1.0543, 2627
1.0545, 2626
1.0548, 2625
1.0551, 2624
1.0553, 2623
1.0556, 2622
1.0558, 2621
1.0560, 2620
1.0563, 2619
1.0566, 2618
1.0568, 2617
1.0571, 2616
1.0573, 2615
1.0576, 2614
1.0579, 2613
1.0581, 2612
1.0584, 2611
1.0586, 2610
1.0589, 2609
1.0591, 2608
1.0594, 2607
1.0596, 2606
1.0599, 2605
1.0602, 2604
1.0604, 2603
1.0607, 2602
1.0610, 2601
1.0612, 2600
1.0615, 2599
1.0618, 2598
1.0620, 2597
1.0623, 2596
1.0625, 2595
1.0628, 2594
1.0631, 2593
1.0634, 2592
1.0636, 2591
1.0639, 2590
1.0642, 2589
1.0645, 2588
1.0647, 2587
1.0650, 2586
1.0652, 2585
1.0655, 2584
1.0657, 2583
1.0660, 2582
1.0662, 2581
1.0665, 2580
1.0668, 2579
1.0670, 2578
1.0673, 2577
1.0675, 2576
1.0678, 2575
1.0680, 2574
1.0683, 2573
1.0686, 2572
1.0688, 2571
1.0691, 2570
1.0693, 2569
1.0696, 2568
1.0699, 2567
1.0702, 2566
1.0787, 2565
1.0789, 2564
1.0791, 2563
1.0854, 2562
1.0958, 2561
1.0960, 2560
1.1062, 2559
1.1065, 2558
1.1229, 2557
1.1350, 2556
1.1454, 2555
1.1658, 2554
1.1723, 2553
1.1726, 2552
1.1874, 2551
1.1917, 2550
1.1919, 2549
1.1962, 2548
1.2110, 2547
1.2112, 2546
1.2115, 2545
1.2158, 2544
1.2225, 2543
1.2375, 2542
1.2377, 2541
1.2421, 2540
1.2444, 2539
1.2447, 2538
1.2449, 2537
1.2492, 2536
1.2577, 2535
1.2579, 2534
1.2704, 2533
1.2787, 2532
1.2872, 2531
1.2875, 2530
1.2938, 2529
1.3003, 2528
1.3006, 2527
1.3051, 2526
1.3115, 2525
1.3263, 2524
1.3368, 2523
1.3390, 2522
1.3393, 2521
1.3499, 2520
1.3502, 2519
1.3525, 2518
1.3547, 2517
1.3611, 2516
1.3613, 2515
1.3678, 2514
1.3680, 2513
1.3683, 2512
1.3810, 2511
1.3812, 2510
1.4453, 2509
1.4599, 2508
1.4602, 2507
1.4829, 2506
1.5016, 2505
1.5082, 2504
1.5228, 2503
1.5230, 2502
1.5335, 2501
1.5460, 2500
1.5564, 2499
1.5791, 2498
1.6020, 2497
1.6022, 2496
1.6108, 2495
1.6110, 2494
1.6175, 2493
1.6177, 2492
1.6302, 2491
1.6406, 2490
1.6450, 2489
1.6473, 2488
1.6516, 2487
1.6518, 2486
1.6521, 2485
1.6523, 2484
1.6525, 2483
1.6610, 2482
1.6612, 2481
1.6614, 2480
1.6760, 2479
1.6762, 2478
1.6764, 2477
1.6951, 2476
1.6995, 2475
1.7081, 2474
1.7145, 2473
1.7209, 2472
1.7252, 2471
1.7295, 2470
1.7297, 2469
1.7300, 2468
1.7302, 2467
1.7470, 2466
1.7636, 2465
1.7638, 2464
1.7640, 2463
1.7678, 2462
1.7680, 2461
1.7849, 2460
1.8081, 2459
1.8229, 2458
1.8252, 2457
1.8254, 2456
1.8360, 2455
1.8362, 2454
1.8365, 2453
1.8450, 2452
1.8514, 2451
1.8517, 2450
1.8622, 2449
1.8776, 2448
1.8881, 2447
1.8884, 2446
1.8969, 2445
1.9117, 2444
1.9283, 2443
1.9347, 2442
1.9473, 2441
1.9516, 2440
1.9745, 2439
1.9932, 2438
1.9995, 2437
2.0038, 2436
2.0340, 2435
2.0342, 2434
2.0387, 2433
2.0557, 2432
2.0788, 2431
2.0853, 2430
2.1000, 2429
2.1085, 2428
2.1149, 2427
2.1466, 2426
2.1554, 2425
2.1752, 2424
2.1940, 2423
2.2108, 2422
2.2111, 2421
2.2217, 2420
2.2407, 2419
2.2575, 2418
2.2618, 2417
2.2807, 2416
2.2872, 2415
2.3022, 2414
2.3109, 2413
2.3153, 2412
2.3299, 2411
2.3301, 2410
2.3303, 2409
2.3326, 2408
2.3328, 2407
2.3412, 2406
2.3415, 2405
2.3541, 2404
2.3544, 2403
2.3546, 2402
2.3548, 2401
2.3734, 2400
2.3736, 2399
2.3780, 2398
2.3866, 2397
2.3929, 2396
2.3932, 2395
2.3954, 2394
2.3957, 2393
2.4063, 2392
2.4127, 2391
2.4129, 2390
2.4152, 2389
2.4155, 2388
2.4260, 2387
2.4450, 2386
2.4473, 2385
2.4517, 2384
2.4519, 2383
2.4583, 2382
2.4585, 2381
2.4669, 2380
2.4671, 2379
2.4673, 2378
2.4737, 2377
2.4739, 2376
2.4741, 2375
2.4785, 2374
2.4828, 2373
2.4872, 2372
2.4874, 2371
2.4876, 2370
2.5084, 2369
2.5087, 2368
2.5110, 2367
2.5174, 2366
2.5177, 2365
2.5179, 2364
2.5243, 2363
2.5246, 2362
2.5248, 2361
2.5250, 2360
2.5252, 2359
2.5255, 2358
2.5402, 2357
2.5487, 2356
2.5489, 2355
2.5532, 2354
2.5534, 2353
2.5641, 2352
2.5643, 2351
2.5645, 2350
2.5648, 2349
2.5650, 2348
2.5694, 2347
2.5904, 2346
2.5906, 2345
2.6011, 2344
2.6034, 2343
2.6057, 2342
2.6224, 2341
2.6288, 2340
2.6455, 2339
2.6622, 2338
2.6645, 2337
2.6647, 2336
2.6835, 2335
2.6858, 2334
2.6860, 2333
2.6903, 2332
2.7051, 2331
2.7322, 2330
2.7324, 2329
2.7326, 2328
2.7369, 2327
2.7433, 2326
2.7435, 2325
2.7561, 2324
2.7563, 2323
2.7937, 2322
2.7939, 2321
2.8875, 2320
2.8897, 2319
2.8920, 2318
2.8964, 2317
2.8966, 2316
2.9009, 2315
2.9012, 2314
2.9035, 2313
2.9079, 2312
2.9101, 2311
2.9246, 2310
2.9309, 2309
2.9353, 2308
2.9355, 2307
2.9399, 2306
2.9401, 2305
2.9547, 2304
2.9549, 2303
2.9633, 2302
2.9635, 2301
2.9658, 2300
2.9762, 2299
2.9805, 2298
2.9807, 2297
2.9850, 2296
2.9893, 2295
2.9895, 2294
2.9918, 2293
3.0001, 2292
3.0044, 2291
3.0168, 2290
3.0251, 2289
3.0314, 2288
3.0316, 2287
3.0400, 2286
3.0443, 2285
3.0466, 2284
3.0468, 2283
3.0613, 2282
3.0739, 2281
3.0823, 2280
3.0866, 2279
3.1072, 2278
3.1115, 2277
3.1220, 2276
3.1530, 2275
3.1574, 2274
3.1576, 2273
3.1578, 2272
3.1580, 2271
3.1665, 2270
3.1667, 2269
3.1669, 2268
3.1774, 2267
3.1776, 2266
3.1778, 2265
3.1780, 2264
3.1782, 2263
3.1906, 2262
3.1989, 2261
3.2053, 2260
3.2096, 2259
3.2180, 2258
3.2448, 2257
3.2490, 2256
3.2492, 2255
3.2536, 2254
3.2538, 2253
3.2725, 2252
3.2727, 2251
3.2729, 2250
3.2731, 2249
3.2895, 2248
3.2979, 2247
3.3063, 2246
3.3106, 2245
3.3150, 2244
3.3152, 2243
3.3196, 2242
3.3347, 2241
3.3452, 2240
3.3538, 2239
3.3540, 2238
3.3725, 2237
3.3930, 2236
3.3932, 2235
3.4016, 2234
3.4120, 2233
3.4163, 2232
3.4326, 2231
3.4389, 2230
3.4391, 2229
3.4474, 2228
3.4720, 2227
3.4722, 2226
3.4947, 2225
3.6322, 2224
3.6546, 2223
3.6832, 2222
3.6996, 2221
3.6998, 2220
3.7142, 2219
3.7591, 2218
3.8304, 2217
3.9164, 2216
3.9703, 2215
4.1361, 2214
4.2603, 2213
