0.6559, 3931
0.6562, 3930
0.6566, 3929
0.6569, 3928
0.6572, 3927
0.6576, 3926
0.6579, 3925
0.6582, 3924
0.6586, 3923
0.6589, 3922
0.6593, 3921
0.6597, 3920
0.6600, 3919
0.6603, 3918
0.6607, 3917
0.6611, 3916
0.6614, 3915
0.6617, 3914
0.6620, 3913
0.6624, 3912
0.6627, 3911
0.6630, 3910
0.6634, 3909
0.6637, 3908
0.6640, 3907
0.6643, 3906
0.6647, 3905
0.6650, 3904
0.6653, 3903
0.6657, 3902
0.6660, 3901
0.6663, 3900
0.6667, 3899
0.6670, 3898
0.6673, 3897
0.6677, 3896
0.6680, 3895
0.6684, 3894
0.6687, 3893
0.6691, 3892
0.6694, 3891
0.6697, 3890
0.6701, 3889
0.6704, 3888
0.6707, 3887
0.6711, 3886
0.6714, 3885
0.6718, 3884
0.6721, 3883
0.6724, 3882
0.6728, 3881
0.6731, 3880
0.6734, 3879
0.6738, 3878
0.6741, 3877
0.6744, 3876
0.6748, 3875
0.6751, 3874
0.6754, 3873
0.6758, 3872
0.6761, 3871
0.6764, 3870
0.6768, 3869
0.6771, 3868
0.6774, 3867
0.6778, 3866
0.6781, 3865
0.6784, 3864
0.6788, 3863
0.6791, 3862
0.6794, 3861
0.6798, 3860
0.6801, 3859
0.6805, 3858
0.6808, 3857
0.6812, 3856
0.6815, 3855
0.6818, 3854
0.6821, 3853
0.6825, 3852
0.6828, 3851
0.6831, 3850
0.6835, 3849
0.6838, 3848
0.6841, 3847
0.6845, 3846
0.6848, 3845
0.6851, 3844
0.6855, 3843
0.6858, 3842
0.6861, 3841
0.6865, 3840
0.6868, 3839
0.6872, 3838
0.6875, 3837
0.6878, 3836
0.6881, 3835
0.6885, 3834
0.6888, 3833
0.6891, 3832
0.6895, 3831
0.6898, 3830
0.6902, 3829
0.6905, 3828
0.6908, 3827
0.6912, 3826
0.6915, 3825
0.6918, 3824
0.6922, 3823
0.6925, 3822
0.6928, 3821
0.6932, 3820
0.6935, 3819
0.6938, 3818
0.6941, 3817
0.6945, 3816
0.6948, 3815
0.6951, 3814
0.6955, 3813
0.6958, 3812
0.6961, 3811
0.6965, 3810
0.6968, 3809
0.6971, 3808
0.6974, 3807
0.6978, 3806
0.6981, 3805
0.6984, 3804
0.6988, 3803
0.6991, 3802
0.6995, 3801
0.6998, 3800
0.7001, 3799
0.7004, 3798
0.7008, 3797
0.7012, 3796
0.7015, 3795
0.7018, 3794
0.7021, 3793
0.7025, 3792
0.7028, 3791
0.7031, 3790
0.7034, 3789
0.7038, 3788
0.7041, 3787
0.7044, 3786
0.7047, 3785
0.7051, 3784
0.7054, 3783
0.7057, 3782
0.7060, 3781
0.7064, 3780
0.7067, 3779
0.7071, 3778
0.7074, 3777
0.7077, 3776
0.7081, 3775
0.7084, 3774
0.7087, 3773
0.7090, 3772
0.7094, 3771
0.7097, 3770
0.7100, 3769
0.7103, 3768
0.7107, 3767
0.7110, 3766
0.7113, 3765
0.7116, 3764
0.7120, 3763
0.7123, 3762
0.7127, 3761
0.7130, 3760
0.7133, 3759
0.7137, 3758
0.7140, 3757
0.7143, 3756
0.7147, 3755
0.7150, 3754
0.7153, 3753
0.7157, 3752
0.7160, 3751
0.7164, 3750
0.7167, 3749
0.7170, 3748
0.7174, 3747
0.7177, 3746
0.7181, 3745
0.7184, 3744
0.7187, 3743
0.7191, 3742
0.7194, 3741
0.7197, 3740
0.7200, 3739
0.7204, 3738
0.7207, 3737
0.7210, 3736
0.7213, 3735
0.7217, 3734
0.7220, 3733
0.7223, 3732
0.7226, 3731
0.7229, 3730
0.7233, 3729
0.7236, 3728
0.7239, 3727
0.7242, 3726
0.7246, 3725
0.7249, 3724
0.7252, 3723
0.7255, 3722
0.7259, 3721
0.7262, 3720
0.7265, 3719
0.7269, 3718
0.7272, 3717
0.7275, 3716
0.7278, 3715
0.7282, 3714
0.7285, 3713
0.7288, 3712
0.7291, 3711
0.7295, 3710
0.7298, 3709
0.7301, 3708
0.7305, 3707
0.7308, 3706
0.7311, 3705
0.7314, 3704
0.7317, 3703
0.7321, 3702
0.7324, 3701
0.7327, 3700
0.7330, 3699
0.7333, 3698
0.7337, 3697
0.7340, 3696
0.7343, 3695
0.7347, 3694
0.7350, 3693
0.7353, 3692
0.7356, 3691
0.7360, 3690
0.7363, 3689
0.7366, 3688
0.7369, 3687
0.7373, 3686
0.7376, 3685
0.7379, 3684
0.7383, 3683
0.7386, 3682
0.7389, 3681
0.7392, 3680
0.7396, 3679
0.7399, 3678
0.7402, 3677
0.7405, 3676
0.7408, 3675
0.7412, 3674
0.7415, 3673
0.7418, 3672
0.7421, 3671
0.7425, 3670
0.7428, 3669
0.7431, 3668
0.7434, 3667
0.7438, 3666
0.7441, 3665
0.7445, 3664
0.7448, 3663
0.7451, 3662
0.7454, 3661
0.7458, 3660
0.7461, 3659
0.7464, 3658
0.7467, 3657
0.7471, 3656
0.7474, 3655
0.7477, 3654
0.7481, 3653
0.7484, 3652
0.7487, 3651
0.7490, 3650
0.7493, 3649
0.7497, 3648
0.7500, 3647
0.7503, 3646
0.7506, 3645
0.7510, 3644
0.7513, 3643
0.7516, 3642
0.7520, 3641
0.7523, 3640
0.7526, 3639
0.7529, 3638
0.7532, 3637
0.7536, 3636
0.7539, 3635
0.7542, 3634
0.7545, 3633
0.7549, 3632
0.7552, 3631
0.7555, 3630
0.7558, 3629
0.7561, 3628
0.7564, 3627
0.7568, 3626
0.7571, 3625
0.7574, 3624
0.7577, 3623
0.7580, 3622
0.7584, 3621
0.7587, 3620
0.7590, 3619
0.7593, 3618
0.7596, 3617
0.7600, 3616
0.7603, 3615
0.7606, 3614
0.7609, 3613
0.7612, 3612
0.7615, 3611
0.7618, 3610
0.7622, 3609
0.7625, 3608
0.7628, 3607
0.7631, 3606
0.7634, 3605
0.7638, 3604
0.7641, 3603
0.7644, 3602
0.7647, 3601
0.7650, 3600
0.7653, 3599
0.7656, 3598
0.7660, 3597
0.7663, 3596
0.7666, 3595
0.7669, 3594
0.7672, 3593
0.7676, 3592
0.7679, 3591
0.7682, 3590
0.7685, 3589
0.7688, 3588
0.7692, 3587
0.7695, 3586
0.7698, 3585
0.7701, 3584
0.7704, 3583
0.7708, 3582
0.7711, 3581
0.7714, 3580
0.7717, 3579
0.7720, 3578
0.7723, 3577
0.7727, 3576
0.7730, 3575
0.7733, 3574
0.7736, 3573
0.7739, 3572
0.7742, 3571
0.7746, 3570
0.7749, 3569
0.7752, 3568
0.7755, 3567
0.7758, 3566
0.7762, 3565
0.7765, 3564
0.7768, 3563
0.7771, 3562
0.7774, 3561
0.7777, 3560
0.7780, 3559
0.7784, 3558
0.7787, 3557
0.7790, 3556
0.7793, 3555
0.7796, 3554
0.7799, 3553
0.7802, 3552
0.7806, 3551
0.7809, 3550
0.7812, 3549
0.7816, 3548
0.7819, 3547
0.7823, 3546
0.7826, 3545
0.7829, 3544
0.7832, 3543
0.7835, 3542
0.7838, 3541
0.7841, 3540
0.7844, 3539
0.7848, 3538
0.7851, 3537
0.7854, 3536
0.7857, 3535
0.7860, 3534
0.7863, 3533
0.7867, 3532
0.7870, 3531
0.7873, 3530
0.7876, 3529
0.7879, 3528
0.7883, 3527
0.7886, 3526
0.7889, 3525
0.7892, 3524
0.7895, 3523
0.7898, 3522
0.7901, 3521
0.7905, 3520
0.7908, 3519
0.7911, 3518
0.7914, 3517
0.7917, 3516
0.7920, 3515
0.7923, 3514
0.7926, 3513
0.7930, 3512
0.7933, 3511
0.7936, 3510
0.7939, 3509
0.7943, 3508
0.7946, 3507
0.7949, 3506
0.7952, 3505
0.7955, 3504
0.7958, 3503
0.7961, 3502
0.7964, 3501
0.7968, 3500
0.7971, 3499
0.7974, 3498
0.7977, 3497
0.7980, 3496
0.7983, 3495
0.7986, 3494
0.7990, 3493
0.7993, 3492
0.7997, 3491
0.8000, 3490
0.8003, 3489
0.8006, 3488
0.8009, 3487
0.8012, 3486
0.8016, 3485
0.8019, 3484
0.8022, 3483
0.8025, 3482
0.8028, 3481
0.8031, 3480
0.8034, 3479
0.8037, 3478
0.8040, 3477
0.8044, 3476
0.8047, 3475
0.8050, 3474
0.8054, 3473
0.8057, 3472
0.8061, 3471
0.8064, 3470
0.8067, 3469
0.8070, 3468
0.8073, 3467
0.8076, 3466
0.8079, 3465
0.8082, 3464
0.8086, 3463
0.8089, 3462
0.8092, 3461
0.8095, 3460
0.8098, 3459
0.8101, 3458
0.8105, 3457
0.8108, 3456
0.8112, 3455
0.8115, 3454
0.8118, 3453
0.8121, 3452
0.8124, 3451
0.8127, 3450
0.8130, 3449
0.8133, 3448
0.8136, 3447
0.8139, 3446
0.8142, 3445
0.8145, 3444
0.8148, 3443
0.8151, 3442
0.8154, 3441
0.8158, 3440
0.8161, 3439
0.8164, 3438
0.8167, 3437
0.8170, 3436
0.8173, 3435
0.8176, 3434
0.8180, 3433
0.8183, 3432
0.8186, 3431
0.8189, 3430
0.8192, 3429
0.8195, 3428
0.8198, 3427
0.8201, 3426
0.8204, 3425
0.8207, 3424
0.8211, 3423
0.8214, 3422
0.8217, 3421
0.8220, 3420
0.8223, 3419
0.8227, 3418
0.8230, 3417
0.8233, 3416
0.8235, 3415
0.8239, 3414
0.8242, 3413
0.8245, 3412
0.8248, 3411
0.8251, 3410
0.8254, 3409
0.8257, 3408
0.8261, 3407
0.8264, 3406
0.8267, 3405
0.8270, 3404
0.8273, 3403
0.8276, 3402
0.8279, 3401
0.8282, 3400
0.8285, 3399
0.8288, 3398
0.8292, 3397
0.8295, 3396
0.8298, 3395
0.8301, 3394
0.8305, 3393
0.8308, 3392
0.8311, 3391
0.8314, 3390
0.8318, 3389
0.8321, 3388
0.8324, 3387
0.8327, 3386
0.8331, 3385
0.8334, 3384
0.8337, 3383
0.8340, 3382
0.8343, 3381
0.8346, 3380
0.8350, 3379
0.8353, 3378
0.8357, 3377
0.8360, 3376
0.8363, 3375
0.8366, 3374
0.8369, 3373
0.8372, 3372
0.8375, 3371
0.8379, 3370
0.8383, 3369
0.8386, 3368
0.8389, 3367
0.8392, 3366
0.8395, 3365
0.8398, 3364
0.8401, 3363
0.8404, 3362
0.8407, 3361
0.8410, 3360
0.8413, 3359
0.8416, 3358
0.8420, 3357
0.8423, 3356
0.8426, 3355
0.8429, 3354
0.8433, 3353
0.8436, 3352
0.8439, 3351
0.8442, 3350
0.8445, 3349
0.8448, 3348
0.8451, 3347
0.8455, 3346
0.8458, 3345
0.8461, 3344
0.8464, 3343
0.8467, 3342
0.8470, 3341
0.8473, 3340
0.8476, 3339
0.8480, 3338
0.8483, 3337
0.8486, 3336
0.8489, 3335
0.8492, 3334
0.8495, 3333
0.8498, 3332
0.8502, 3331
0.8505, 3330
0.8508, 3329
0.8511, 3328
0.8514, 3327
0.8517, 3326
0.8520, 3325
0.8523, 3324
0.8526, 3323
0.8530, 3322
0.8533, 3321
0.8536, 3320
0.8539, 3319
0.8543, 3318
0.8546, 3317
0.8549, 3316
0.8552, 3315
0.8556, 3314
0.8559, 3313
0.8562, 3312
0.8565, 3311
0.8568, 3310
0.8571, 3309
0.8574, 3308
0.8577, 3307
0.8581, 3306
0.8584, 3305
0.8587, 3304
0.8590, 3303
0.8593, 3302
0.8596, 3301
0.8600, 3300
0.8603, 3299
0.8606, 3298
0.8609, 3297
0.8613, 3296
0.8616, 3295
0.8619, 3294
0.8622, 3293
0.8625, 3292
0.8628, 3291
0.8631, 3290
0.8635, 3289
0.8638, 3288
0.8641, 3287
0.8644, 3286
0.8647, 3285
0.8651, 3284
0.8654, 3283
0.8657, 3282
0.8660, 3281
0.8663, 3280
0.8667, 3279
0.8670, 3278
0.8673, 3277
0.8676, 3276
0.8680, 3275
0.8683, 3274
0.8686, 3273
0.8689, 3272
0.8692, 3271
0.8695, 3270
0.8699, 3269
0.8702, 3268
0.8705, 3267
0.8708, 3266
0.8711, 3265
0.8715, 3264
0.8718, 3263
0.8721, 3262
0.8724, 3261
0.8727, 3260
0.8730, 3259
0.8733, 3258
0.8736, 3257
0.8739, 3256
0.8742, 3255
0.8746, 3254
0.8749, 3253
0.8752, 3252
0.8755, 3251
0.8758, 3250
0.8761, 3249
0.8764, 3248
0.8767, 3247
0.8770, 3246
0.8773, 3245
0.8776, 3244
0.8779, 3243
0.8782, 3242
0.8785, 3241
0.8789, 3240
0.8792, 3239
0.8795, 3238
0.8798, 3237
0.8801, 3236
0.8804, 3235
0.8807, 3234
0.8810, 3233
0.8813, 3232
0.8816, 3231
0.8820, 3230
0.8823, 3229
0.8826, 3228
0.8829, 3227
0.8832, 3226
0.8836, 3225
0.8839, 3224
0.8842, 3223
0.8845, 3222
0.8849, 3221
0.8851, 3220
0.8855, 3219
0.8858, 3218
0.8861, 3217
0.8864, 3216
0.8867, 3215
0.8870, 3214
0.8873, 3213
0.8876, 3212
0.8879, 3211
0.8883, 3210
0.8886, 3209
0.8889, 3208
0.8893, 3207
0.8896, 3206
0.8900, 3205
0.8903, 3204
0.8906, 3203
0.8909, 3202
0.8912, 3201
0.8915, 3200
0.8919, 3199
0.8922, 3198
0.8925, 3197
0.8928, 3196
0.8930, 3195
0.8933, 3194
0.8937, 3193
0.8940, 3192
0.8943, 3191
0.8946, 3190
0.8949, 3189
0.8952, 3188
0.8956, 3187
0.8959, 3186
0.8962, 3185
0.8965, 3184
0.8968, 3183
0.8972, 3182
0.8975, 3181
0.8978, 3180
0.8981, 3179
0.8984, 3178
0.8987, 3177
0.8990, 3176
0.8993, 3175
0.8996, 3174
0.8999, 3173
0.9002, 3172
0.9005, 3171
0.9008, 3170
0.9012, 3169
0.9015, 3168
0.9018, 3167
0.9021, 3166
0.9024, 3165
0.9027, 3164
0.9030, 3163
0.9033, 3162
0.9036, 3161
0.9039, 3160
0.9042, 3159
0.9045, 3158
0.9048, 3157
0.9051, 3156
0.9053, 3155
0.9058, 3154
0.9060, 3153
0.9063, 3152
0.9066, 3151
0.9069, 3150
0.9072, 3149
0.9076, 3148
0.9080, 3147
0.9083, 3146
0.9086, 3145
0.9089, 3144
0.9092, 3143
0.9095, 3142
0.9098, 3141
0.9101, 3140
0.9104, 3139
0.9107, 3138
0.9111, 3137
0.9114, 3136
0.9117, 3135
0.9120, 3134
0.9123, 3133
0.9126, 3132
0.9129, 3131
0.9132, 3130
0.9135, 3129
0.9138, 3128
0.9141, 3127
0.9144, 3126
0.9147, 3125
0.9150, 3124
0.9153, 3123
0.9156, 3122
0.9158, 3121
0.9161, 3120
0.9164, 3119
0.9168, 3118
0.9171, 3117
0.9173, 3116
0.9177, 3115
0.9180, 3114
0.9183, 3113
0.9186, 3112
0.9189, 3111
0.9192, 3110
0.9195, 3109
0.9198, 3108
0.9201, 3107
0.9204, 3106
0.9207, 3105
0.9210, 3104
0.9213, 3103
0.9216, 3102
0.9218, 3101
0.9221, 3100
0.9224, 3099
0.9227, 3098
0.9230, 3097
0.9232, 3096
0.9235, 3095
0.9238, 3094
0.9241, 3093
0.9244, 3092
0.9247, 3091
0.9250, 3090
0.9253, 3089
0.9256, 3088
0.9259, 3087
0.9262, 3086
0.9265, 3085
0.9268, 3084
0.9271, 3083
0.9274, 3082
0.9276, 3081
0.9279, 3080
0.9282, 3079
0.9285, 3078
0.9288, 3077
0.9291, 3076
0.9294, 3075
0.9297, 3074
0.9299, 3073
0.9302, 3072
0.9305, 3071
0.9308, 3070
0.9311, 3069
0.9313, 3068
0.9316, 3067
0.9319, 3066
0.9322, 3065
0.9324, 3064
0.9327, 3063
0.9330, 3062
0.9333, 3061
0.9336, 3060
0.9339, 3059
0.9342, 3058
0.9345, 3057
0.9348, 3056
0.9351, 3055
0.9355, 3054
0.9358, 3053
0.9360, 3052
0.9363, 3051
0.9366, 3050
0.9369, 3049
0.9372, 3048
0.9374, 3047
0.9377, 3046
0.9380, 3045
0.9383, 3044
0.9386, 3043
0.9388, 3042
0.9391, 3041
0.9394, 3040
0.9397, 3039
0.9400, 3038
0.9403, 3037
0.9406, 3036
0.9408, 3035
0.9411, 3034
0.9414, 3033
0.9417, 3032
0.9419, 3031
0.9422, 3030
0.9425, 3029
0.9428, 3028
0.9431, 3027
0.9434, 3026
0.9437, 3025
0.9440, 3024
0.9443, 3023
0.9446, 3022
0.9448, 3021
0.9451, 3020
0.9454, 3019
0.9457, 3018
0.9460, 3017
0.9463, 3016
0.9465, 3015
0.9468, 3014
0.9471, 3013
0.9474, 3012
0.9477, 3011
0.9480, 3010
0.9482, 3009
0.9485, 3008
0.9488, 3007
0.9491, 3006
0.9494, 3005
0.9497, 3004
0.9500, 3003
0.9503, 3002
0.9505, 3001
0.9508, 3000
0.9511, 2999
0.9514, 2998
0.9517, 2997
0.9519, 2996
0.9522, 2995
0.9525, 2994
0.9528, 2993
0.9531, 2992
0.9534, 2991
0.9537, 2990
0.9540, 2989
0.9542, 2988
0.9545, 2987
0.9548, 2986
0.9551, 2985
0.9554, 2984
0.9557, 2983
0.9560, 2982
0.9563, 2981
0.9566, 2980
0.9568, 2979
0.9571, 2978
0.9574, 2977
0.9577, 2976
0.9579, 2975
0.9582, 2974
0.9585, 2973
0.9587, 2972
0.9590, 2971
0.9593, 2970
0.9595, 2969
0.9598, 2968
0.9601, 2967
0.9604, 2966
0.9607, 2965
0.9611, 2964
0.9614, 2963
0.9616, 2962
0.9620, 2961
0.9623, 2960
0.9625, 2959
0.9628, 2958
0.9631, 2957
0.9634, 2956
0.9637, 2955
0.9639, 2954
0.9642, 2953
0.9645, 2952
0.9648, 2951
0.9650, 2950
0.9653, 2949
0.9656, 2948
0.9659, 2947
0.9663, 2946
0.9666, 2945
0.9668, 2944
0.9671, 2943
0.9674, 2942
0.9677, 2941
0.9680, 2940
0.9683, 2939
0.9686, 2938
0.9689, 2937
0.9692, 2936
0.9695, 2935
0.9698, 2934
0.9702, 2933
0.9704, 2932
0.9707, 2931
0.9710, 2930
0.9713, 2929
0.9716, 2928
0.9719, 2927
0.9723, 2926
0.9726, 2925
0.9728, 2924
0.9732, 2923
0.9735, 2922
0.9738, 2921
0.9740, 2920
0.9743, 2919
0.9746, 2918
0.9749, 2917
0.9752, 2916
0.9755, 2915
0.9758, 2914
0.9761, 2913
0.9763, 2912
0.9766, 2911
0.9769, 2910
0.9772, 2909
0.9775, 2908
0.9778, 2907
0.9780, 2906
0.9783, 2905
0.9786, 2904
0.9790, 2903
0.9793, 2902
0.9795, 2901
0.9799, 2900
0.9802, 2899
0.9804, 2898
0.9807, 2897
0.9810, 2896
0.9813, 2895
0.9817, 2894
0.9820, 2893
0.9823, 2892
0.9826, 2891
0.9828, 2890
0.9831, 2889
0.9834, 2888
0.9837, 2887
0.9840, 2886
0.9842, 2885
0.9845, 2884
0.9848, 2883
0.9851, 2882
0.9854, 2881
0.9857, 2880
0.9860, 2879
0.9863, 2878
0.9865, 2877
0.9868, 2876
0.9871, 2875
0.9874, 2874
0.9877, 2873
0.9879, 2872
0.9882, 2871
0.9885, 2870
0.9888, 2869
0.9890, 2868
0.9893, 2867
0.9896, 2866
0.9898, 2865
0.9901, 2864
0.9904, 2863
0.9906, 2862
0.9909, 2861
0.9912, 2860
0.9914, 2859
0.9917, 2858
0.9920, 2857
0.9922, 2856
0.9925, 2855
0.9928, 2854
0.9931, 2853
0.9933, 2852
0.9936, 2851
0.9939, 2850
0.9942, 2849
0.9945, 2848
0.9947, 2847
0.9950, 2846
0.9953, 2845
0.9955, 2844
0.9958, 2843
0.9961, 2842
0.9964, 2841
0.9967, 2840
0.9969, 2839
0.9972, 2838
0.9975, 2837
0.9978, 2836
0.9981, 2835
0.9983, 2834
0.9986, 2833
0.9989, 2832
0.9992, 2831
0.9994, 2830
0.9997, 2829
1.0000, 2828
1.0003, 2827
1.0005, 2826
1.0008, 2825
1.0011, 2824
1.0013, 2823
1.0016, 2822
1.0019, 2821
1.0022, 2820
1.0025, 2819
1.0027, 2818
1.0030, 2817
1.0033, 2816
1.0036, 2815
1.0038, 2814
1.0041, 2813
1.0044, 2812
1.0047, 2811
1.0050, 2810
1.0053, 2809
1.0056, 2808
1.0058, 2807
1.0061, 2806
1.0064, 2805
1.0067, 2804
1.0070, 2803
1.0073, 2802
1.0075, 2801
1.0078, 2800
1.0080, 2799
1.0083, 2798
1.0086, 2797
1.0089, 2796
1.0092, 2795
1.0095, 2794
1.0097, 2793
1.0100, 2792
1.0103, 2791
1.0106, 2790
1.0108, 2789
1.0111, 2788
1.0114, 2787
1.0117, 2786
1.0120, 2785
1.0122, 2784
1.0125, 2783
1.0127, 2782
1.0130, 2781
1.0133, 2780
1.0136, 2779
1.0139, 2778
1.0141, 2777
1.0144, 2776
1.0147, 2775
1.0149, 2774
1.0152, 2773
1.0155, 2772
1.0157, 2771
1.0160, 2770
1.0162, 2769
1.0165, 2768
1.0168, 2767
1.0171, 2766
1.0173, 2765
1.0176, 2764
1.0179, 2763
1.0182, 2762
1.0185, 2761
1.0188, 2760
1.0191, 2759
1.0194, 2758
1.0197, 2757
1.0200, 2756
1.0202, 2755
1.0206, 2754
1.0208, 2753
1.0211, 2752
1.0214, 2751
1.0217, 2750
1.0220, 2749
1.0224, 2748
1.0226, 2747
1.0229, 2746
1.0232, 2745
1.0235, 2744
1.0237, 2743
1.0240, 2742
1.0243, 2741
1.0246, 2740
1.0249, 2739
1.0251, 2738
1.0254, 2737
1.0258, 2736
1.0260, 2735
1.0263, 2734
1.0266, 2733
1.0268, 2732
1.0271, 2731
1.0274, 2730
1.0277, 2729
1.0279, 2728
1.0282, 2727
1.0285, 2726
1.0288, 2725
1.0290, 2724
1.0293, 2723
1.0297, 2722
1.0299, 2721
1.0302, 2720
1.0305, 2719
1.0308, 2718
1.0310, 2717
1.0313, 2716
1.0316, 2715
1.0319, 2714
1.0322, 2713
1.0325, 2712
1.0328, 2711
1.0330, 2710
1.0333, 2709
1.0336, 2708
1.0339, 2707
1.0342, 2706
1.0344, 2705
1.0347, 2704
1.0350, 2703
1.0353, 2702
1.0355, 2701
1.0358, 2700
1.0361, 2699
1.0364, 2698
1.0367, 2697
1.0370, 2696
1.0373, 2695
1.0376, 2694
1.0378, 2693
1.0381, 2692
1.0384, 2691
1.0387, 2690
1.0389, 2689
1.0392, 2688
1.0395, 2687
1.0397, 2686
1.0400, 2685
1.0402, 2684
1.0405, 2683
1.0408, 2682
1.0411, 2681
1.0414, 2680
1.0417, 2679
1.0420, 2678
1.0422, 2677
1.0425, 2676
1.0427, 2675
1.0430, 2674
1.0432, 2673
1.0435, 2672
1.0438, 2671
1.0441, 2670
1.0443, 2669
1.0446, 2668
1.0449, 2667
1.0452, 2666
1.0454, 2665
1.0457, 2664
1.0460, 2663
1.0462, 2662
1.0465, 2661
1.0468, 2660
1.0470, 2659
1.0473, 2658
1.0476, 2657
1.0478, 2656
1.0481, 2655
1.0484, 2654
1.0486, 2653
1.0489, 2652
1.0491, 2651
1.0494, 2650
1.0497, 2649
1.0499, 2648
1.0502, 2647
1.0505, 2646
1.0507, 2645
1.0510, 2644
1.0513, 2643
1.0515, 2642
1.0518, 2641
1.0521, 2640
1.0523, 2639
1.0526, 2638
1.0529, 2637
1.0532, 2636
1.0534, 2635
1.0537, 2634
1.0540, 2633
1.0543, 2632
1.0545, 2631
1.0548, 2630
1.0550, 2629
1.0553, 2628
1.0555, 2627
1.0558, 2626
1.0561, 2625
1.0564, 2624
1.0566, 2623
1.0569, 2622
1.0572, 2621
1.0574, 2620
1.0577, 2619
1.0579, 2618
1.0582, 2617
1.0584, 2616
1.0587, 2615
1.0589, 2614
1.0592, 2613
1.0594, 2612
1.0597, 2611
1.0600, 2610
1.0602, 2609
1.0605, 2608
1.0608, 2607
1.0610, 2606
1.0613, 2605
1.0615, 2604
1.0618, 2603
1.0621, 2602
1.0623, 2601
1.0626, 2600
1.0629, 2599
1.0631, 2598
1.0634, 2597
1.0637, 2596
1.0639, 2595
1.0642, 2594
1.0645, 2593
1.0647, 2592
1.0650, 2591
1.0652, 2590
1.0655, 2589
1.0657, 2588
1.0660, 2587
1.0662, 2586
1.0665, 2585
1.0668, 2584
1.0670, 2583
1.0673, 2582
1.0676, 2581
1.0678, 2580
1.0681, 2579
1.0684, 2578
1.0686, 2577
1.0689, 2576
1.0692, 2575
1.0694, 2574
1.0697, 2573
1.0701, 2572
1.0705, 2571
1.0753, 2570
1.0861, 2569
1.0949, 2568
1.0952, 2567
1.1058, 2566
1.1060, 2565
1.1104, 2564
1.1167, 2563
1.1395, 2562
1.1397, 2561
1.1696, 2560
1.1762, 2559
1.1868, 2558
1.1995, 2557
1.1997, 2556
1.2082, 2555
1.2127, 2554
1.2314, 2553
1.2317, 2552
1.2360, 2551
1.2506, 2550
1.2570, 2549
1.2572, 2548
1.2595, 2547
1.2597, 2546
1.2599, 2545
1.2642, 2544
1.2706, 2543
1.2708, 2542
1.2881, 2541
1.3020, 2540
1.3167, 2539
1.3169, 2538
1.3302, 2537
1.3453, 2536
1.3457, 2535
1.3460, 2534
1.3574, 2533
1.3937, 2532
1.4121, 2531
1.4125, 2530
1.4182, 2529
1.4185, 2528
1.4264, 2527
1.4329, 2526
1.4374, 2525
1.4377, 2524
1.4427, 2523
1.4472, 2522
1.4517, 2521
1.4542, 2520
1.4571, 2519
1.4641, 2518
1.4643, 2517
1.4690, 2516
1.4741, 2515
1.4744, 2514
1.4746, 2513
1.4814, 2512
1.4858, 2511
1.5749, 2510
1.5988, 2509
1.5991, 2508
1.6159, 2507
1.6473, 2506
1.6609, 2505
1.6765, 2504
1.6767, 2503
1.6856, 2502
1.7007, 2501
1.7098, 2500
1.7350, 2499
1.7641, 2498
1.7707, 2497
1.7710, 2496
1.7737, 2495
1.7739, 2494
1.7787, 2493
1.7876, 2492
1.7970, 2491
1.8037, 2490
1.8062, 2489
1.8109, 2488
1.8111, 2487
1.8114, 2486
1.8117, 2485
1.8119, 2484
1.8207, 2483
1.8209, 2482
1.8212, 2481
1.8367, 2480
1.8369, 2479
1.8372, 2478
1.8484, 2477
1.8643, 2476
1.8710, 2475
1.8781, 2474
1.8829, 2473
1.8897, 2472
1.8947, 2471
1.8950, 2470
1.8952, 2469
1.8954, 2468
1.9154, 2467
1.9262, 2466
1.9333, 2465
1.9335, 2464
1.9337, 2463
1.9340, 2462
1.9475, 2461
1.9656, 2460
1.9809, 2459
1.9940, 2458
1.9942, 2457
2.0028, 2456
2.0030, 2455
2.0054, 2454
2.0099, 2453
2.0205, 2452
2.0208, 2451
2.0401, 2450
2.0485, 2449
2.0592, 2448
2.0595, 2447
2.0680, 2446
2.0874, 2445
2.1049, 2444
2.1178, 2443
2.1245, 2442
2.1291, 2441
2.1570, 2440
2.1759, 2439
2.1865, 2438
2.1867, 2437
2.2055, 2436
2.2162, 2435
2.2206, 2434
2.2333, 2433
2.2603, 2432
2.2647, 2431
2.2835, 2430
2.2920, 2429
2.2922, 2428
2.3316, 2427
2.3319, 2426
2.3548, 2425
2.3739, 2424
2.3741, 2423
2.3743, 2422
2.4019, 2421
2.4022, 2420
2.4128, 2419
2.4235, 2418
2.4361, 2417
2.4489, 2416
2.4657, 2415
2.4743, 2414
2.4745, 2413
2.4934, 2412
2.4998, 2411
2.5021, 2410
2.5087, 2409
2.5151, 2408
2.5153, 2407
2.5197, 2406
2.5199, 2405
2.5263, 2404
2.5265, 2403
2.5350, 2402
2.5353, 2401
2.5355, 2400
2.5442, 2399
2.5630, 2398
2.5693, 2397
2.5778, 2396
2.5821, 2395
2.5823, 2394
2.5825, 2393
2.5889, 2392
2.5995, 2391
2.5997, 2390
2.6084, 2389
2.6086, 2388
2.6089, 2387
2.6298, 2386
2.6362, 2385
2.6364, 2384
2.6366, 2383
2.6369, 2382
2.6371, 2381
2.6373, 2380
2.6440, 2379
2.6442, 2378
2.6507, 2377
2.6509, 2376
2.6511, 2375
2.6556, 2374
2.6558, 2373
2.6627, 2372
2.6671, 2371
2.6693, 2370
2.6738, 2369
2.6741, 2368
2.6743, 2367
2.6913, 2366
2.6916, 2365
2.7000, 2364
2.7044, 2363
2.7046, 2362
2.7048, 2361
2.7135, 2360
2.7137, 2359
2.7139, 2358
2.7141, 2357
2.7144, 2356
2.7146, 2355
2.7315, 2354
2.7379, 2353
2.7382, 2352
2.7425, 2351
2.7427, 2350
2.7492, 2349
2.7536, 2348
2.7538, 2347
2.7540, 2346
2.7543, 2345
2.7586, 2344
2.7734, 2343
2.7799, 2342
2.7925, 2341
2.7927, 2340
2.7950, 2339
2.8077, 2338
2.8079, 2337
2.8164, 2336
2.8228, 2335
2.8230, 2334
2.8232, 2333
2.8337, 2332
2.8483, 2331
2.8485, 2330
2.8487, 2329
2.8675, 2328
2.8698, 2327
2.8700, 2326
2.8744, 2325
2.9121, 2324
2.9123, 2323
2.9125, 2322
2.9128, 2321
2.9256, 2320
2.9259, 2319
2.9407, 2318
2.9409, 2317
3.0719, 2316
3.0742, 2315
3.0766, 2314
3.0810, 2313
3.0813, 2312
3.0836, 2311
3.0880, 2310
3.0882, 2309
3.0925, 2308
3.1071, 2307
3.1114, 2306
3.1199, 2305
3.1222, 2304
3.1224, 2303
3.1267, 2302
3.1269, 2301
3.1415, 2300
3.1417, 2299
3.1523, 2298
3.1525, 2297
3.1548, 2296
3.1652, 2295
3.1696, 2294
3.1698, 2293
3.1763, 2292
3.1765, 2291
3.1808, 2290
3.1810, 2289
3.1894, 2288
3.1937, 2287
3.2062, 2286
3.2125, 2285
3.2230, 2284
3.2232, 2283
3.2295, 2282
3.2338, 2281
3.2361, 2280
3.2363, 2279
3.2511, 2278
3.2615, 2277
3.2806, 2276
3.2934, 2275
3.3019, 2274
3.3248, 2273
3.3419, 2272
3.3464, 2271
3.3466, 2270
3.3468, 2269
3.3470, 2268
3.3535, 2267
3.3537, 2266
3.3621, 2265
3.3665, 2264
3.3667, 2263
3.3669, 2262
3.3773, 2261
3.3837, 2260
3.3922, 2259
3.3965, 2258
3.4029, 2257
3.4113, 2256
3.4115, 2255
3.4324, 2254
3.4388, 2253
3.4433, 2252
3.4435, 2251
3.4540, 2250
3.4624, 2249
3.4626, 2248
3.4628, 2247
3.4672, 2246
3.4838, 2245
3.4881, 2244
3.4923, 2243
3.4986, 2242
3.5029, 2241
3.5195, 2240
3.5258, 2239
3.5301, 2238
3.5404, 2237
3.5406, 2236
3.5552, 2235
3.5594, 2234
3.5698, 2233
3.5862, 2232
3.5864, 2231
3.5927, 2230
3.5929, 2229
3.6074, 2228
3.6200, 2227
3.6325, 2226
3.6408, 2225
3.6719, 2224
3.7227, 2223
3.8020, 2222
3.8541, 2221
3.8813, 2220
3.9000, 2219
3.9206, 2218
3.9291, 2217
3.9335, 2216
3.9521, 2215
4.0013, 2214
4.0610, 2213
4.1089, 2212
4.1279, 2211
4.1448, 2210
4.1943, 2209
