0.6621, 3931
0.6624, 3930
0.6628, 3929
0.6631, 3928
0.6634, 3927
0.6638, 3926
0.6641, 3925
0.6645, 3924
0.6648, 3923
0.6652, 3922
0.6655, 3921
0.6659, 3920
0.6663, 3919
0.6666, 3918
0.6669, 3917
0.6673, 3916
0.6676, 3915
0.6680, 3914
0.6683, 3913
0.6686, 3912
0.6690, 3911
0.6693, 3910
0.6696, 3909
0.6700, 3908
0.6703, 3907
0.6706, 3906
0.6710, 3905
0.6714, 3904
0.6717, 3903
0.6720, 3902
0.6724, 3901
0.6727, 3900
0.6730, 3899
0.6734, 3898
0.6737, 3897
0.6740, 3896
0.6744, 3895
0.6747, 3894
0.6751, 3893
0.6754, 3892
0.6758, 3891
0.6761, 3890
0.6765, 3889
0.6768, 3888
0.6772, 3887
0.6775, 3886
0.6778, 3885
0.6782, 3884
0.6785, 3883
0.6789, 3882
0.6792, 3881
0.6795, 3880
0.6799, 3879
0.6802, 3878
0.6806, 3877
0.6809, 3876
0.6813, 3875
0.6816, 3874
0.6820, 3873
0.6823, 3872
0.6826, 3871
0.6830, 3870
0.6833, 3869
0.6836, 3868
0.6840, 3867
0.6843, 3866
0.6846, 3865
0.6850, 3864
0.6853, 3863
0.6856, 3862
0.6860, 3861
0.6863, 3860
0.6866, 3859
0.6869, 3858
0.6873, 3857
0.6876, 3856
0.6879, 3855
0.6883, 3854
0.6886, 3853
0.6890, 3852
0.6893, 3851
0.6896, 3850
0.6899, 3849
0.6903, 3848
0.6906, 3847
0.6909, 3846
0.6913, 3845
0.6916, 3844
0.6919, 3843
0.6923, 3842
0.6926, 3841
0.6929, 3840
0.6933, 3839
0.6937, 3838
0.6941, 3837
0.6944, 3836
0.6947, 3835
0.6951, 3834
0.6954, 3833
0.6957, 3832
0.6961, 3831
0.6964, 3830
0.6968, 3829
0.6971, 3828
0.6975, 3827
0.6979, 3826
0.6982, 3825
0.6986, 3824
0.6989, 3823
0.6993, 3822
0.6996, 3821
0.6999, 3820
0.7003, 3819
0.7006, 3818
0.7010, 3817
0.7013, 3816
0.7017, 3815
0.7020, 3814
0.7024, 3813
0.7027, 3812
0.7031, 3811
0.7034, 3810
0.7038, 3809
0.7041, 3808
0.7045, 3807
0.7048, 3806
0.7052, 3805
0.7055, 3804
0.7059, 3803
0.7062, 3802
0.7066, 3801
0.7069, 3800
0.7072, 3799
0.7076, 3798
0.7080, 3797
0.7083, 3796
0.7087, 3795
0.7090, 3794
0.7093, 3793
0.7097, 3792
0.7100, 3791
0.7104, 3790
0.7107, 3789
0.7111, 3788
0.7115, 3787
0.7118, 3786
0.7122, 3785
0.7125, 3784
0.7128, 3783
0.7132, 3782
0.7135, 3781
0.7139, 3780
0.7142, 3779
0.7146, 3778
0.7149, 3777
0.7153, 3776
0.7156, 3775
0.7159, 3774
0.7163, 3773
0.7166, 3772
0.7169, 3771
0.7173, 3770
0.7176, 3769
0.7179, 3768
0.7183, 3767
0.7186, 3766
0.7189, 3765
0.7193, 3764
0.7196, 3763
0.7199, 3762
0.7203, 3761
0.7207, 3760
0.7210, 3759
0.7213, 3758
0.7217, 3757
0.7220, 3756
0.7223, 3755
0.7227, 3754
0.7230, 3753
0.7233, 3752
0.7237, 3751
0.7240, 3750
0.7244, 3749
0.7247, 3748
0.7251, 3747
0.7254, 3746
0.7257, 3745
0.7261, 3744
0.7264, 3743
0.7268, 3742
0.7271, 3741
0.7275, 3740
0.7278, 3739
0.7282, 3738
0.7285, 3737
0.7289, 3736
0.7292, 3735
0.7295, 3734
0.7299, 3733
0.7302, 3732
0.7305, 3731
0.7309, 3730
0.7312, 3729
0.7315, 3728
0.7318, 3727
0.7322, 3726
0.7325, 3725
0.7328, 3724
0.7332, 3723
0.7335, 3722
0.7339, 3721
0.7343, 3720
0.7346, 3719
0.7349, 3718
0.7353, 3717
0.7356, 3716
0.7359, 3715
0.7363, 3714
0.7366, 3713
0.7369, 3712
0.7373, 3711
0.7376, 3710
0.7379, 3709
0.7383, 3708
0.7386, 3707
0.7390, 3706
0.7393, 3705
0.7396, 3704
0.7400, 3703
0.7403, 3702
0.7407, 3701
0.7410, 3700
0.7414, 3699
0.7417, 3698
0.7421, 3697
0.7424, 3696
0.7427, 3695
0.7430, 3694
0.7434, 3693
0.7437, 3692
0.7441, 3691
0.7444, 3690
0.7448, 3689
0.7451, 3688
0.7454, 3687
0.7458, 3686
0.7461, 3685
0.7465, 3684
0.7468, 3683
0.7472, 3682
0.7475, 3681
0.7479, 3680
0.7482, 3679
0.7485, 3678
0.7488, 3677
0.7492, 3676
0.7495, 3675
0.7499, 3674
0.7502, 3673
0.7505, 3672
0.7509, 3671
0.7512, 3670
0.7516, 3669
0.7519, 3668
0.7522, 3667
0.7526, 3666
0.7529, 3665
0.7533, 3664
0.7536, 3663
0.7539, 3662
0.7543, 3661
0.7546, 3660
0.7550, 3659
0.7553, 3658
0.7556, 3657
0.7560, 3656
0.7564, 3655
0.7567, 3654
0.7570, 3653
0.7574, 3652
0.7577, 3651
0.7580, 3650
0.7584, 3649
0.7587, 3648
0.7590, 3647
0.7593, 3646
0.7597, 3645
0.7600, 3644
0.7604, 3643
0.7608, 3642
0.7611, 3641
0.7614, 3640
0.7617, 3639
0.7621, 3638
0.7624, 3637
0.7628, 3636
0.7631, 3635
0.7634, 3634
0.7637, 3633
0.7641, 3632
0.7644, 3631
0.7648, 3630
0.7651, 3629
0.7654, 3628
0.7658, 3627
0.7661, 3626
0.7664, 3625
0.7667, 3624
0.7671, 3623
0.7674, 3622
0.7677, 3621
0.7680, 3620
0.7684, 3619
0.7687, 3618
0.7690, 3617
0.7694, 3616
0.7697, 3615
0.7700, 3614
0.7703, 3613
0.7706, 3612
0.7709, 3611
0.7713, 3610
0.7716, 3609
0.7719, 3608
0.7723, 3607
0.7726, 3606
0.7729, 3605
0.7732, 3604
0.7736, 3603
0.7739, 3602
0.7742, 3601
0.7746, 3600
0.7749, 3599
0.7752, 3598
0.7755, 3597
0.7759, 3596
0.7762, 3595
0.7765, 3594
0.7768, 3593
0.7772, 3592
0.7775, 3591
0.7778, 3590
0.7781, 3589
0.7784, 3588
0.7787, 3587
0.7791, 3586
0.7799, 3585
0.7803, 3584
0.7806, 3583
0.7810, 3582
0.7813, 3581
0.7816, 3580
0.7819, 3579
0.7823, 3578
0.7826, 3577
0.7829, 3576
0.7832, 3575
0.7836, 3574
0.7839, 3573
0.7842, 3572
0.7846, 3571
0.7849, 3570
0.7852, 3569
0.7856, 3568
0.7859, 3567
0.7862, 3566
0.7865, 3565
0.7869, 3564
0.7872, 3563
0.7875, 3562
0.7878, 3561
0.7881, 3560
0.7885, 3559
0.7888, 3558
0.7891, 3557
0.7895, 3556
0.7898, 3555
0.7901, 3554
0.7904, 3553
0.7908, 3552
0.7911, 3551
0.7915, 3550
0.7918, 3549
0.7921, 3548
0.7925, 3547
0.7928, 3546
0.7931, 3545
0.7934, 3544
0.7937, 3543
0.7941, 3542
0.7944, 3541
0.7947, 3540
0.7950, 3539
0.7953, 3538
0.7956, 3537
0.7960, 3536
0.7963, 3535
0.7966, 3534
0.7969, 3533
0.7973, 3532
0.7976, 3531
0.7980, 3530
0.7983, 3529
0.7986, 3528
0.7989, 3527
0.7993, 3526
0.7996, 3525
0.7999, 3524
0.8003, 3523
0.8006, 3522
0.8009, 3521
0.8013, 3520
0.8016, 3519
0.8019, 3518
0.8022, 3517
0.8026, 3516
0.8029, 3515
0.8032, 3514
0.8036, 3513
0.8039, 3512
0.8042, 3511
0.8046, 3510
0.8049, 3509
0.8052, 3508
0.8056, 3507
0.8059, 3506
0.8062, 3505
0.8065, 3504
0.8069, 3503
0.8072, 3502
0.8075, 3501
0.8078, 3500
0.8081, 3499
0.8085, 3498
0.8088, 3497
0.8091, 3496
0.8094, 3495
0.8097, 3494
0.8100, 3493
0.8103, 3492
0.8107, 3491
0.8110, 3490
0.8113, 3489
0.8116, 3488
0.8119, 3487
0.8122, 3486
0.8125, 3485
0.8128, 3484
0.8132, 3483
0.8135, 3482
0.8138, 3481
0.8141, 3480
0.8144, 3479
0.8147, 3478
0.8150, 3477
0.8153, 3476
0.8156, 3475
0.8159, 3474
0.8163, 3473
0.8166, 3472
0.8169, 3471
0.8172, 3470
0.8175, 3469
0.8178, 3468
0.8181, 3467
0.8184, 3466
0.8187, 3465
0.8190, 3464
0.8194, 3463
0.8197, 3462
0.8200, 3461
0.8203, 3460
0.8206, 3459
0.8209, 3458
0.8212, 3457
0.8215, 3456
0.8218, 3455
0.8221, 3454
0.8224, 3453
0.8228, 3452
0.8231, 3451
0.8234, 3450
0.8237, 3449
0.8240, 3448
0.8243, 3447
0.8246, 3446
0.8249, 3445
0.8252, 3444
0.8255, 3443
0.8258, 3442
0.8261, 3441
0.8264, 3440
0.8268, 3439
0.8271, 3438
0.8274, 3437
0.8277, 3436
0.8280, 3435
0.8283, 3434
0.8286, 3433
0.8289, 3432
0.8292, 3431
0.8295, 3430
0.8298, 3429
0.8301, 3428
0.8305, 3427
0.8308, 3426
0.8311, 3425
0.8314, 3424
0.8318, 3423
0.8321, 3422
0.8324, 3421
0.8327, 3420
0.8330, 3419
0.8333, 3418
0.8336, 3417
0.8339, 3416
0.8342, 3415
0.8345, 3414
0.8348, 3413
0.8352, 3412
0.8355, 3411
0.8358, 3410
0.8361, 3409
0.8364, 3408
0.8367, 3407
0.8370, 3406
0.8373, 3405
0.8376, 3404
0.8379, 3403
0.8382, 3402
0.8385, 3401
0.8388, 3400
0.8391, 3399
0.8394, 3398
0.8397, 3397
0.8401, 3396
0.8404, 3395
0.8407, 3394
0.8410, 3393
0.8414, 3392
0.8417, 3391
0.8420, 3390
0.8423, 3389
0.8427, 3388
0.8430, 3387
0.8433, 3386
0.8436, 3385
0.8439, 3384
0.8442, 3383
0.8445, 3382
0.8448, 3381
0.8451, 3380
0.8454, 3379
0.8458, 3378
0.8461, 3377
0.8464, 3376
0.8467, 3375
0.8470, 3374
0.8473, 3373
0.8476, 3372
0.8479, 3371
0.8483, 3370
0.8486, 3369
0.8489, 3368
0.8492, 3367
0.8495, 3366
0.8498, 3365
0.8501, 3364
0.8504, 3363
0.8507, 3362
0.8510, 3361
0.8513, 3360
0.8516, 3359
0.8519, 3358
0.8522, 3357
0.8526, 3356
0.8529, 3355
0.8532, 3354
0.8535, 3353
0.8538, 3352
0.8541, 3351
0.8544, 3350
0.8547, 3349
0.8550, 3348
0.8553, 3347
0.8556, 3346
0.8560, 3345
0.8563, 3344
0.8566, 3343
0.8569, 3342
0.8572, 3341
0.8575, 3340
0.8578, 3339
0.8581, 3338
0.8584, 3337
0.8587, 3336
0.8590, 3335
0.8593, 3334
0.8596, 3333
0.8599, 3332
0.8602, 3331
0.8605, 3330
0.8608, 3329
0.8611, 3328
0.8614, 3327
0.8617, 3326
0.8620, 3325
0.8623, 3324
0.8626, 3323
0.8630, 3322
0.8633, 3321
0.8636, 3320
0.8639, 3319
0.8642, 3318
0.8646, 3317
0.8649, 3316
0.8653, 3315
0.8656, 3314
0.8659, 3313
0.8663, 3312
0.8666, 3311
0.8669, 3310
0.8673, 3309
0.8676, 3308
0.8679, 3307
0.8682, 3306
0.8686, 3305
0.8689, 3304
0.8692, 3303
0.8695, 3302
0.8699, 3301
0.8703, 3300
0.8706, 3299
0.8709, 3298
0.8712, 3297
0.8715, 3296
0.8718, 3295
0.8721, 3294
0.8725, 3293
0.8729, 3292
0.8732, 3291
0.8735, 3290
0.8738, 3289
0.8741, 3288
0.8744, 3287
0.8747, 3286
0.8750, 3285
0.8754, 3284
0.8757, 3283
0.8760, 3282
0.8764, 3281
0.8767, 3280
0.8770, 3279
0.8773, 3278
0.8777, 3277
0.8780, 3276
0.8783, 3275
0.8786, 3274
0.8789, 3273
0.8793, 3272
0.8796, 3271
0.8799, 3270
0.8802, 3269
0.8805, 3268
0.8809, 3267
0.8812, 3266
0.8815, 3265
0.8818, 3264
0.8821, 3263
0.8824, 3262
0.8827, 3261
0.8830, 3260
0.8833, 3259
0.8836, 3258
0.8839, 3257
0.8842, 3256
0.8845, 3255
0.8848, 3254
0.8851, 3253
0.8855, 3252
0.8858, 3251
0.8861, 3250
0.8864, 3249
0.8867, 3248
0.8870, 3247
0.8873, 3246
0.8876, 3245
0.8879, 3244
0.8883, 3243
0.8886, 3242
0.8889, 3241
0.8892, 3240
0.8895, 3239
0.8898, 3238
0.8901, 3237
0.8904, 3236
0.8907, 3235
0.8911, 3234
0.8913, 3233
0.8916, 3232
0.8920, 3231
0.8923, 3230
0.8926, 3229
0.8929, 3228
0.8932, 3227
0.8936, 3226
0.8940, 3225
0.8943, 3224
0.8947, 3223
0.8950, 3222
0.8953, 3221
0.8956, 3220
0.8959, 3219
0.8962, 3218
0.8965, 3217
0.8968, 3216
0.8971, 3215
0.8974, 3214
0.8977, 3213
0.8980, 3212
0.8983, 3211
0.8986, 3210
0.8989, 3209
0.8993, 3208
0.8996, 3207
0.9000, 3206
0.9004, 3205
0.9007, 3204
0.9010, 3203
0.9014, 3202
0.9017, 3201
0.9020, 3200
0.9024, 3199
0.9027, 3198
0.9030, 3197
0.9034, 3196
0.9037, 3195
0.9040, 3194
0.9043, 3193
0.9046, 3192
0.9050, 3191
0.9053, 3190
0.9056, 3189
0.9059, 3188
0.9062, 3187
0.9066, 3186
0.9069, 3185
0.9072, 3184
0.9075, 3183
0.9079, 3182
0.9082, 3181
0.9084, 3180
0.9088, 3179
0.9090, 3178
0.9094, 3177
0.9096, 3176
0.9100, 3175
0.9103, 3174
0.9107, 3173
0.9110, 3172
0.9114, 3171
0.9117, 3170
0.9120, 3169
0.9123, 3168
0.9127, 3167
0.9130, 3166
0.9133, 3165
0.9136, 3164
0.9139, 3163
0.9142, 3162
0.9145, 3161
0.9148, 3160
0.9151, 3159
0.9154, 3158
0.9157, 3157
0.9160, 3156
0.9163, 3155
0.9166, 3154
0.9169, 3153
0.9172, 3152
0.9174, 3151
0.9178, 3150
0.9181, 3149
0.9184, 3148
0.9186, 3147
0.9189, 3146
0.9192, 3145
0.9196, 3144
0.9199, 3143
0.9202, 3142
0.9205, 3141
0.9208, 3140
0.9211, 3139
0.9215, 3138
0.9218, 3137
0.9221, 3136
0.9224, 3135
0.9227, 3134
0.9230, 3133
0.9233, 3132
0.9236, 3131
0.9239, 3130
0.9242, 3129
0.9246, 3128
0.9249, 3127
0.9252, 3126
0.9255, 3125
0.9258, 3124
0.9261, 3123
0.9264, 3122
0.9266, 3121
0.9270, 3120
0.9273, 3119
0.9276, 3118
0.9279, 3117
0.9282, 3116
0.9285, 3115
0.9288, 3114
0.9290, 3113
0.9293, 3112
0.9296, 3111
0.9299, 3110
0.9302, 3109
0.9305, 3108
0.9308, 3107
0.9311, 3106
0.9314, 3105
0.9317, 3104
0.9320, 3103
0.9323, 3102
0.9325, 3101
0.9328, 3100
0.9331, 3099
0.9334, 3098
0.9337, 3097
0.9340, 3096
0.9343, 3095
0.9345, 3094
0.9348, 3093
0.9351, 3092
0.9354, 3091
0.9357, 3090
0.9360, 3089
0.9363, 3088
0.9366, 3087
0.9369, 3086
0.9371, 3085
0.9374, 3084
0.9377, 3083
0.9380, 3082
0.9383, 3081
0.9386, 3080
0.9389, 3079
0.9392, 3078
0.9395, 3077
0.9398, 3076
0.9401, 3075
0.9404, 3074
0.9407, 3073
0.9410, 3072
0.9413, 3071
0.9415, 3070
0.9418, 3069
0.9421, 3068
0.9424, 3067
0.9427, 3066
0.9430, 3065
0.9433, 3064
0.9436, 3063
0.9438, 3062
0.9441, 3061
0.9444, 3060
0.9447, 3059
0.9450, 3058
0.9452, 3057
0.9455, 3056
0.9458, 3055
0.9461, 3054
0.9464, 3053
0.9467, 3052
0.9470, 3051
0.9472, 3050
0.9475, 3049
0.9479, 3048
0.9482, 3047
0.9485, 3046
0.9488, 3045
0.9491, 3044
0.9494, 3043
0.9496, 3042
0.9499, 3041
0.9502, 3040
0.9505, 3039
0.9507, 3038
0.9510, 3037
0.9513, 3036
0.9516, 3035
0.9519, 3034
0.9521, 3033
0.9524, 3032
0.9527, 3031
0.9530, 3030
0.9532, 3029
0.9535, 3028
0.9538, 3027
0.9541, 3026
0.9544, 3025
0.9547, 3024
0.9550, 3023
0.9553, 3022
0.9556, 3021
0.9558, 3020
0.9561, 3019
0.9564, 3018
0.9567, 3017
0.9570, 3016
0.9572, 3015
0.9575, 3014
0.9578, 3013
0.9581, 3012
0.9584, 3011
0.9587, 3010
0.9590, 3009
0.9592, 3008
0.9595, 3007
0.9598, 3006
0.9601, 3005
0.9603, 3004
0.9606, 3003
0.9609, 3002
0.9612, 3001
0.9615, 3000
0.9617, 2999
0.9620, 2998
0.9623, 2997
0.9626, 2996
0.9628, 2995
0.9631, 2994
0.9634, 2993
0.9637, 2992
0.9639, 2991
0.9642, 2990
0.9645, 2989
0.9648, 2988
0.9650, 2987
0.9653, 2986
0.9656, 2985
0.9659, 2984
0.9661, 2983
0.9664, 2982
0.9667, 2981
0.9670, 2980
0.9672, 2979
0.9676, 2978
0.9678, 2977
0.9681, 2976
0.9684, 2975
0.9686, 2974
0.9689, 2973
0.9692, 2972
0.9695, 2971
0.9698, 2970
0.9701, 2969
0.9704, 2968
0.9707, 2967
0.9710, 2966
0.9712, 2965
0.9715, 2964
0.9718, 2963
0.9721, 2962
0.9723, 2961
0.9726, 2960
0.9729, 2959
0.9731, 2958
0.9734, 2957
0.9737, 2956
0.9740, 2955
0.9743, 2954
0.9746, 2953
0.9749, 2952
0.9752, 2951
0.9756, 2950
0.9758, 2949
0.9761, 2948
0.9764, 2947
0.9767, 2946
0.9770, 2945
0.9772, 2944
0.9775, 2943
0.9778, 2942
0.9781, 2941
0.9783, 2940
0.9786, 2939
0.9789, 2938
0.9792, 2937
0.9795, 2936
0.9798, 2935
0.9801, 2934
0.9804, 2933
0.9807, 2932
0.9809, 2931
0.9812, 2930
0.9815, 2929
0.9818, 2928
0.9822, 2927
0.9825, 2926
0.9828, 2925
0.9831, 2924
0.9834, 2923
0.9837, 2922
0.9840, 2921
0.9842, 2920
0.9845, 2919
0.9848, 2918
0.9851, 2917
0.9855, 2916
0.9858, 2915
0.9861, 2914
0.9864, 2913
0.9867, 2912
0.9871, 2911
0.9873, 2910
0.9876, 2909
0.9880, 2908
0.9882, 2907
0.9885, 2906
0.9888, 2905
0.9891, 2904
0.9894, 2903
0.9897, 2902
0.9900, 2901
0.9903, 2900
0.9905, 2899
0.9908, 2898
0.9911, 2897
0.9914, 2896
0.9917, 2895
0.9920, 2894
0.9922, 2893
0.9926, 2892
0.9928, 2891
0.9931, 2890
0.9935, 2889
0.9938, 2888
0.9941, 2887
0.9944, 2886
0.9946, 2885
0.9949, 2884
0.9953, 2883
0.9956, 2882
0.9958, 2881
0.9961, 2880
0.9964, 2879
0.9967, 2878
0.9970, 2877
0.9973, 2876
0.9975, 2875
0.9978, 2874
0.9981, 2873
0.9984, 2872
0.9987, 2871
0.9990, 2870
0.9992, 2869
0.9995, 2868
0.9998, 2867
1.0001, 2866
1.0003, 2865
1.0007, 2864
1.0009, 2863
1.0012, 2862
1.0015, 2861
1.0017, 2860
1.0020, 2859
1.0023, 2858
1.0026, 2857
1.0028, 2856
1.0031, 2855
1.0034, 2854
1.0037, 2853
1.0039, 2852
1.0042, 2851
1.0045, 2850
1.0047, 2849
1.0050, 2848
1.0053, 2847
1.0055, 2846
1.0058, 2845
1.0061, 2844
1.0064, 2843
1.0066, 2842
1.0069, 2841
1.0072, 2840
1.0075, 2839
1.0077, 2838
1.0080, 2837
1.0083, 2836
1.0085, 2835
1.0088, 2834
1.0091, 2833
1.0094, 2832
1.0096, 2831
1.0099, 2830
1.0102, 2829
1.0105, 2828
1.0108, 2827
1.0110, 2826
1.0113, 2825
1.0116, 2824
1.0119, 2823
1.0121, 2822
1.0124, 2821
1.0127, 2820
1.0129, 2819
1.0132, 2818
1.0135, 2817
1.0138, 2816
1.0140, 2815
1.0143, 2814
1.0146, 2813
1.0148, 2812
1.0151, 2811
1.0154, 2810
1.0156, 2809
1.0159, 2808
1.0162, 2807
1.0165, 2806
1.0167, 2805
1.0170, 2804
1.0173, 2803
1.0175, 2802
1.0178, 2801
1.0181, 2800
1.0183, 2799
1.0186, 2798
1.0189, 2797
1.0192, 2796
1.0195, 2795
1.0197, 2794
1.0200, 2793
1.0203, 2792
1.0206, 2791
1.0209, 2790
1.0211, 2789
1.0214, 2788
1.0217, 2787
1.0220, 2786
1.0223, 2785
1.0225, 2784
1.0228, 2783
1.0231, 2782
1.0233, 2781
1.0236, 2780
1.0239, 2779
1.0241, 2778
1.0244, 2777
1.0247, 2776
1.0249, 2775
1.0252, 2774
1.0255, 2773
1.0257, 2772
1.0260, 2771
1.0263, 2770
1.0265, 2769
1.0268, 2768
1.0271, 2767
1.0273, 2766
1.0276, 2765
1.0279, 2764
1.0281, 2763
1.0284, 2762
1.0287, 2761
1.0289, 2760
1.0292, 2759
1.0294, 2758
1.0297, 2757
1.0300, 2756
1.0302, 2755
1.0305, 2754
1.0308, 2753
1.0310, 2752
1.0313, 2751
1.0316, 2750
1.0319, 2749
1.0322, 2748
1.0325, 2747
1.0327, 2746
1.0330, 2745
1.0333, 2744
1.0336, 2743
1.0338, 2742
1.0341, 2741
1.0343, 2740
1.0346, 2739
1.0349, 2738
1.0353, 2737
1.0355, 2736
1.0358, 2735
1.0361, 2734
1.0364, 2733
1.0367, 2732
1.0370, 2731
1.0373, 2730
1.0376, 2729
1.0378, 2728
1.0381, 2727
1.0384, 2726
1.0387, 2725
1.0390, 2724
1.0393, 2723
1.0396, 2722
1.0398, 2721
1.0401, 2720
1.0404, 2719
1.0407, 2718
1.0409, 2717
1.0412, 2716
1.0415, 2715
1.0418, 2714
1.0421, 2713
1.0424, 2712
1.0426, 2711
1.0429, 2710
1.0432, 2709
1.0434, 2708
1.0437, 2707
1.0440, 2706
1.0442, 2705
1.0445, 2704
1.0448, 2703
1.0451, 2702
1.0453, 2701
1.0456, 2700
1.0459, 2699
1.0461, 2698
1.0464, 2697
1.0466, 2696
1.0469, 2695
1.0472, 2694
1.0474, 2693
1.0477, 2692
1.0480, 2691
1.0483, 2690
1.0485, 2689
1.0488, 2688
1.0491, 2687
1.0494, 2686
1.0496, 2685
1.0499, 2684
1.0502, 2683
1.0505, 2682
1.0507, 2681
1.0510, 2680
1.0513, 2679
1.0515, 2678
1.0518, 2677
1.0520, 2676
1.0523, 2675
1.0526, 2674
1.0528, 2673
1.0531, 2672
1.0534, 2671
1.0537, 2670
1.0540, 2669
1.0543, 2668
1.0546, 2667
1.0548, 2666
1.0551, 2665
1.0553, 2664
1.0556, 2663
1.0558, 2662
1.0561, 2661
1.0564, 2660
1.0566, 2659
1.0569, 2658
1.0572, 2657
1.0574, 2656
1.0577, 2655
1.0580, 2654
1.0582, 2653
1.0585, 2652
1.0587, 2651
1.0590, 2650
1.0592, 2649
1.0595, 2648
1.0598, 2647
1.0600, 2646
1.0603, 2645
1.0605, 2644
1.0608, 2643
1.0610, 2642
1.0613, 2641
1.0615, 2640
1.0618, 2639
1.0620, 2638
1.0623, 2637
1.0625, 2636
1.0628, 2635
1.0630, 2634
1.0633, 2633
1.0636, 2632
1.0639, 2631
1.0641, 2630
1.0644, 2629
1.0646, 2628
1.0649, 2627
1.0651, 2626
1.0654, 2625
1.0657, 2624
1.0660, 2623
1.0663, 2622
1.0665, 2621
1.0668, 2620
1.0671, 2619
1.0673, 2618
1.0676, 2617
1.0679, 2616
1.0681, 2615
1.0684, 2614
1.0687, 2613
1.0690, 2612
1.0692, 2611
1.0695, 2610
1.0698, 2609
1.0701, 2608
1.0704, 2607
1.0707, 2606
1.0709, 2605
1.0712, 2604
1.0714, 2603
1.0717, 2602
1.0720, 2601
1.0722, 2600
1.0725, 2599
1.0728, 2598
1.0731, 2597
1.0733, 2596
1.0736, 2595
1.0739, 2594
1.0742, 2593
1.0744, 2592
1.0747, 2591
1.0749, 2590
1.0752, 2589
1.0755, 2588
1.0757, 2587
1.0760, 2586
1.0763, 2585
1.0765, 2584
1.0768, 2583
1.0770, 2582
1.0773, 2581
1.0775, 2580
1.0778, 2579
1.0780, 2578
1.0783, 2577
1.0785, 2576
1.0788, 2575
1.0791, 2574
1.0793, 2573
1.0796, 2572
1.0799, 2571
1.0801, 2570
1.0804, 2569
1.0807, 2568
1.0809, 2567
1.0812, 2566
1.0814, 2565
1.0817, 2564
1.0821, 2563
1.0823, 2562
1.0826, 2561
1.0911, 2560
1.0913, 2559
1.0915, 2558
1.1018, 2557
1.1123, 2556
1.1125, 2555
1.1229, 2554
1.1232, 2553
1.1338, 2552
1.1647, 2551
1.1726, 2550
1.2004, 2549
1.2084, 2548
1.2225, 2547
1.2331, 2546
1.2476, 2545
1.2583, 2544
1.2586, 2543
1.2639, 2542
1.2865, 2541
1.2867, 2540
1.3064, 2539
1.3066, 2538
1.3117, 2537
1.3144, 2536
1.3147, 2535
1.3149, 2534
1.3220, 2533
1.3339, 2532
1.3341, 2531
1.3482, 2530
1.3570, 2529
1.3669, 2528
1.3672, 2527
1.3751, 2526
1.3915, 2525
1.3991, 2524
1.4227, 2523
1.4434, 2522
1.4437, 2521
1.4463, 2520
1.4465, 2519
1.4565, 2518
1.4611, 2517
1.4686, 2516
1.4712, 2515
1.4735, 2514
1.4760, 2513
1.4836, 2512
1.4839, 2511
1.4885, 2510
1.4956, 2509
1.4959, 2508
1.4961, 2507
1.5029, 2506
1.5118, 2505
1.5758, 2504
1.5891, 2503
1.5893, 2502
1.6070, 2501
1.6312, 2500
1.6356, 2499
1.6402, 2498
1.6576, 2497
1.6579, 2496
1.6733, 2495
1.6804, 2494
1.6911, 2493
1.7155, 2492
1.7355, 2491
1.7399, 2490
1.7513, 2489
1.7537, 2488
1.7539, 2487
1.7584, 2486
1.7653, 2485
1.7718, 2484
1.7762, 2483
1.7808, 2482
1.7875, 2481
1.7878, 2480
1.7880, 2479
1.7882, 2478
1.7906, 2477
1.7976, 2476
1.7979, 2475
1.8002, 2474
1.8164, 2473
1.8167, 2472
1.8169, 2471
1.8299, 2470
1.8406, 2469
1.8491, 2468
1.8576, 2467
1.8620, 2466
1.8685, 2465
1.8729, 2464
1.8731, 2463
1.8734, 2462
1.8736, 2461
1.8902, 2460
1.9050, 2459
1.9053, 2458
1.9096, 2457
1.9099, 2456
1.9101, 2455
1.9247, 2454
1.9373, 2453
1.9478, 2452
1.9625, 2451
1.9627, 2450
1.9774, 2449
1.9776, 2448
1.9778, 2447
1.9822, 2446
1.9885, 2445
1.9888, 2444
2.0097, 2443
2.0202, 2442
2.0307, 2441
2.0309, 2440
2.0373, 2439
2.0582, 2438
2.0750, 2437
2.0819, 2436
2.0946, 2435
2.0992, 2434
2.1268, 2433
2.1462, 2432
2.1553, 2431
2.1576, 2430
2.1874, 2429
2.1876, 2428
2.1963, 2427
2.2030, 2426
2.2327, 2425
2.2372, 2424
2.2563, 2423
2.2628, 2422
2.2651, 2421
2.2986, 2420
2.3112, 2419
2.3324, 2418
2.3454, 2417
2.3456, 2416
2.3503, 2415
2.3693, 2414
2.3695, 2413
2.3967, 2412
2.3969, 2411
2.4178, 2410
2.4181, 2409
2.4397, 2408
2.4487, 2407
2.4623, 2406
2.4736, 2405
2.4761, 2404
2.4855, 2403
2.4969, 2402
2.4972, 2401
2.4997, 2400
2.4999, 2399
2.5134, 2398
2.5137, 2397
2.5236, 2396
2.5238, 2395
2.5241, 2394
2.5243, 2393
2.5434, 2392
2.5580, 2391
2.5623, 2390
2.5625, 2389
2.5648, 2388
2.5650, 2387
2.5714, 2386
2.5799, 2385
2.5801, 2384
2.5844, 2383
2.5847, 2382
2.5994, 2381
2.6140, 2380
2.6162, 2379
2.6206, 2378
2.6208, 2377
2.6272, 2376
2.6275, 2375
2.6339, 2374
2.6341, 2373
2.6343, 2372
2.6387, 2371
2.6389, 2370
2.6476, 2369
2.6521, 2368
2.6523, 2367
2.6566, 2366
2.6569, 2365
2.6571, 2364
2.6780, 2363
2.6783, 2362
2.6805, 2361
2.6849, 2360
2.6851, 2359
2.6853, 2358
2.6940, 2357
2.6942, 2356
2.6944, 2355
2.6947, 2354
2.6949, 2353
2.6951, 2352
2.7161, 2351
2.7164, 2350
2.7207, 2349
2.7209, 2348
2.7274, 2347
2.7319, 2346
2.7321, 2345
2.7323, 2344
2.7326, 2343
2.7370, 2342
2.7517, 2341
2.7581, 2340
2.7707, 2339
2.7709, 2338
2.7732, 2337
2.7898, 2336
2.8064, 2335
2.8169, 2334
2.8294, 2333
2.8318, 2332
2.8320, 2331
2.8528, 2330
2.8530, 2329
2.8532, 2328
2.8575, 2327
2.8726, 2326
2.8940, 2325
2.8942, 2324
2.8944, 2323
2.9092, 2322
2.9114, 2321
2.9116, 2320
2.9201, 2319
2.9203, 2318
2.9575, 2317
2.9577, 2316
3.0556, 2315
3.0579, 2314
3.0602, 2313
3.0646, 2312
3.0648, 2311
3.0674, 2310
3.0717, 2309
3.0719, 2308
3.0763, 2307
3.0951, 2306
3.0994, 2305
3.1059, 2304
3.1061, 2303
3.1105, 2302
3.1107, 2301
3.1252, 2300
3.1254, 2299
3.1340, 2298
3.1342, 2297
3.1365, 2296
3.1472, 2295
3.1514, 2294
3.1517, 2293
3.1580, 2292
3.1582, 2291
3.1625, 2290
3.1627, 2289
3.1711, 2288
3.1754, 2287
3.1878, 2286
3.1963, 2285
3.2026, 2284
3.2029, 2283
3.2093, 2282
3.2158, 2281
3.2181, 2280
3.2183, 2279
3.2329, 2278
3.2495, 2277
3.2497, 2276
3.2766, 2275
3.2851, 2274
3.2894, 2273
3.3242, 2272
3.3305, 2271
3.3308, 2270
3.3310, 2269
3.3312, 2268
3.3314, 2267
3.3357, 2266
3.3360, 2265
3.3423, 2264
3.3486, 2263
3.3488, 2262
3.3490, 2261
3.3492, 2260
3.3495, 2259
3.3740, 2258
3.3864, 2257
3.3927, 2256
3.4172, 2255
3.4235, 2254
3.4298, 2253
3.4301, 2252
3.4303, 2251
3.4488, 2250
3.4490, 2249
3.4493, 2248
3.4495, 2247
3.4660, 2246
3.4723, 2245
3.4786, 2244
3.4830, 2243
3.4974, 2242
3.5057, 2241
3.5100, 2240
3.5204, 2239
3.5247, 2238
3.5434, 2237
3.5603, 2236
3.5627, 2235
3.5690, 2234
3.5732, 2233
3.5735, 2232
3.5858, 2231
3.5901, 2230
3.6006, 2229
3.6068, 2228
3.6070, 2227
3.6317, 2226
3.6382, 2225
3.6467, 2224
3.8067, 2223
3.8292, 2222
3.8600, 2221
3.8745, 2220
3.8808, 2219
3.8911, 2218
3.8913, 2217
3.9299, 2216
3.9952, 2215
4.0553, 2214
4.0957, 2213
4.1415, 2212
4.5622, 2211
