0.6551, 3931
0.6554, 3930
0.6558, 3929
0.6561, 3928
0.6565, 3927
0.6568, 3926
0.6572, 3925
0.6575, 3924
0.6578, 3923
0.6582, 3922
0.6585, 3921
0.6589, 3920
0.6592, 3919
0.6595, 3918
0.6599, 3917
0.6602, 3916
0.6606, 3915
0.6609, 3914
0.6612, 3913
0.6616, 3912
0.6619, 3911
0.6622, 3910
0.6626, 3909
0.6629, 3908
0.6632, 3907
0.6636, 3906
0.6639, 3905
0.6643, 3904
0.6646, 3903
0.6649, 3902
0.6653, 3901
0.6656, 3900
0.6659, 3899
0.6663, 3898
0.6666, 3897
0.6669, 3896
0.6673, 3895
0.6676, 3894
0.6679, 3893
0.6683, 3892
0.6686, 3891
0.6690, 3890
0.6693, 3889
0.6696, 3888
0.6700, 3887
0.6703, 3886
0.6707, 3885
0.6710, 3884
0.6713, 3883
0.6717, 3882
0.6720, 3881
0.6724, 3880
0.6727, 3879
0.6730, 3878
0.6734, 3877
0.6737, 3876
0.6740, 3875
0.6744, 3874
0.6747, 3873
0.6750, 3872
0.6754, 3871
0.6757, 3870
0.6760, 3869
0.6764, 3868
0.6767, 3867
0.6770, 3866
0.6774, 3865
0.6777, 3864
0.6780, 3863
0.6784, 3862
0.6787, 3861
0.6790, 3860
0.6794, 3859
0.6797, 3858
0.6800, 3857
0.6804, 3856
0.6807, 3855
0.6810, 3854
0.6814, 3853
0.6817, 3852
0.6820, 3851
0.6824, 3850
0.6827, 3849
0.6830, 3848
0.6833, 3847
0.6837, 3846
0.6840, 3845
0.6843, 3844
0.6847, 3843
0.6850, 3842
0.6854, 3841
0.6857, 3840
0.6861, 3839
0.6864, 3838
0.6867, 3837
0.6871, 3836
0.6874, 3835
0.6877, 3834
0.6881, 3833
0.6884, 3832
0.6887, 3831
0.6891, 3830
0.6894, 3829
0.6898, 3828
0.6901, 3827
0.6905, 3826
0.6909, 3825
0.6912, 3824
0.6915, 3823
0.6919, 3822
0.6922, 3821
0.6926, 3820
0.6929, 3819
0.6932, 3818
0.6936, 3817
0.6939, 3816
0.6943, 3815
0.6946, 3814
0.6949, 3813
0.6953, 3812
0.6956, 3811
0.6959, 3810
0.6963, 3809
0.6966, 3808
0.6970, 3807
0.6973, 3806
0.6976, 3805
0.6980, 3804
0.6983, 3803
0.6987, 3802
0.6990, 3801
0.6994, 3800
0.6997, 3799
0.7001, 3798
0.7004, 3797
0.7008, 3796
0.7011, 3795
0.7015, 3794
0.7018, 3793
0.7022, 3792
0.7025, 3791
0.7028, 3790
0.7032, 3789
0.7035, 3788
0.7038, 3787
0.7041, 3786
0.7045, 3785
0.7048, 3784
0.7051, 3783
0.7055, 3782
0.7058, 3781
0.7062, 3780
0.7065, 3779
0.7068, 3778
0.7072, 3777
0.7075, 3776
0.7079, 3775
0.7082, 3774
0.7085, 3773
0.7089, 3772
0.7092, 3771
0.7095, 3770
0.7099, 3769
0.7102, 3768
0.7105, 3767
0.7109, 3766
0.7112, 3765
0.7115, 3764
0.7118, 3763
0.7122, 3762
0.7125, 3761
0.7129, 3760
0.7132, 3759
0.7135, 3758
0.7138, 3757
0.7142, 3756
0.7145, 3755
0.7149, 3754
0.7152, 3753
0.7155, 3752
0.7158, 3751
0.7162, 3750
0.7165, 3749
0.7169, 3748
0.7172, 3747
0.7176, 3746
0.7179, 3745
0.7182, 3744
0.7186, 3743
0.7189, 3742
0.7192, 3741
0.7196, 3740
0.7199, 3739
0.7202, 3738
0.7206, 3737
0.7209, 3736
0.7212, 3735
0.7215, 3734
0.7219, 3733
0.7222, 3732
0.7225, 3731
0.7229, 3730
0.7232, 3729
0.7235, 3728
0.7238, 3727
0.7242, 3726
0.7245, 3725
0.7248, 3724
0.7251, 3723
0.7255, 3722
0.7258, 3721
0.7262, 3720
0.7265, 3719
0.7268, 3718
0.7271, 3717
0.7275, 3716
0.7278, 3715
0.7282, 3714
0.7285, 3713
0.7288, 3712
0.7292, 3711
0.7295, 3710
0.7298, 3709
0.7302, 3708
0.7305, 3707
0.7309, 3706
0.7313, 3705
0.7316, 3704
0.7319, 3703
0.7323, 3702
0.7326, 3701
0.7330, 3700
0.7333, 3699
0.7338, 3698
0.7341, 3697
0.7345, 3696
0.7349, 3695
0.7353, 3694
0.7356, 3693
0.7359, 3692
0.7363, 3691
0.7366, 3690
0.7370, 3689
0.7373, 3688
0.7398, 3687
0.7402, 3686
0.7405, 3685
0.7409, 3684
0.7412, 3683
0.7416, 3682
0.7419, 3681
0.7423, 3680
0.7426, 3679
0.7431, 3678
0.7434, 3677
0.7439, 3676
0.7442, 3675
0.7446, 3674
0.7449, 3673
0.7453, 3672
0.7456, 3671
0.7460, 3670
0.7463, 3669
0.7469, 3668
0.7475, 3667
0.7480, 3666
0.7484, 3665
0.7487, 3664
0.7491, 3663
0.7496, 3662
0.7500, 3661
0.7503, 3660
0.7508, 3659
0.7512, 3658
0.7515, 3657
0.7519, 3656
0.7523, 3655
0.7526, 3654
0.7530, 3653
0.7534, 3652
0.7538, 3651
0.7541, 3650
0.7545, 3649
0.7552, 3648
0.7557, 3647
0.7561, 3646
0.7564, 3645
0.7568, 3644
0.7572, 3643
0.7576, 3642
0.7580, 3641
0.7584, 3640
0.7587, 3639
0.7591, 3638
0.7594, 3637
0.7598, 3636
0.7601, 3635
0.7605, 3634
0.7608, 3633
0.7612, 3632
0.7616, 3631
0.7620, 3630
0.7624, 3629
0.7629, 3628
0.7632, 3627
0.7635, 3626
0.7639, 3625
0.7643, 3624
0.7646, 3623
0.7650, 3622
0.7654, 3621
0.7658, 3620
0.7662, 3619
0.7667, 3618
0.7672, 3617
0.7677, 3616
0.7681, 3615
0.7686, 3614
0.7690, 3613
0.7694, 3612
0.7698, 3611
0.7701, 3610
0.7705, 3609
0.7709, 3608
0.7713, 3607
0.7717, 3606
0.7720, 3605
0.7723, 3604
0.7728, 3603
0.7733, 3602
0.7739, 3601
0.7744, 3600
0.7750, 3599
0.7755, 3598
0.7760, 3597
0.7765, 3596
0.7770, 3595
0.7775, 3594
0.7780, 3593
0.7785, 3592
0.7790, 3591
0.7794, 3590
0.7798, 3589
0.7803, 3588
0.7807, 3587
0.7811, 3586
0.7815, 3585
0.7819, 3584
0.7823, 3583
0.7827, 3582
0.7831, 3581
0.7835, 3580
0.7839, 3579
0.7843, 3578
0.7848, 3577
0.7852, 3576
0.7857, 3575
0.7861, 3574
0.7864, 3573
0.7867, 3572
0.7871, 3571
0.7875, 3570
0.7879, 3569
0.7884, 3568
0.7889, 3567
0.7894, 3566
0.7899, 3565
0.7904, 3564
0.7908, 3563
0.7913, 3562
0.7918, 3561
0.7922, 3560
0.7927, 3559
0.7932, 3558
0.7935, 3557
0.7939, 3556
0.7944, 3555
0.7948, 3554
0.7953, 3553
0.7957, 3552
0.7961, 3551
0.7966, 3550
0.7971, 3549
0.7975, 3548
0.7980, 3547
0.7985, 3546
0.7989, 3545
0.7993, 3544
0.7997, 3543
0.8002, 3542
0.8006, 3541
0.8010, 3540
0.8014, 3539
0.8018, 3538
0.8022, 3537
0.8026, 3536
0.8030, 3535
0.8033, 3534
0.8036, 3533
0.8041, 3532
0.8046, 3531
0.8051, 3530
0.8055, 3529
0.8060, 3528
0.8065, 3527
0.8069, 3526
0.8074, 3525
0.8080, 3524
0.8085, 3523
0.8094, 3522
0.8102, 3521
0.8106, 3520
0.8109, 3519
0.8113, 3518
0.8116, 3517
0.8119, 3516
0.8123, 3515
0.8126, 3514
0.8129, 3513
0.8132, 3512
0.8136, 3511
0.8139, 3510
0.8142, 3509
0.8146, 3508
0.8149, 3507
0.8152, 3506
0.8155, 3505
0.8158, 3504
0.8161, 3503
0.8164, 3502
0.8168, 3501
0.8171, 3500
0.8174, 3499
0.8177, 3498
0.8181, 3497
0.8184, 3496
0.8187, 3495
0.8190, 3494
0.8194, 3493
0.8197, 3492
0.8200, 3491
0.8205, 3490
0.8208, 3489
0.8212, 3488
0.8216, 3487
0.8219, 3486
0.8222, 3485
0.8225, 3484
0.8228, 3483
0.8231, 3482
0.8234, 3481
0.8238, 3480
0.8241, 3479
0.8244, 3478
0.8247, 3477
0.8250, 3476
0.8253, 3475
0.8257, 3474
0.8260, 3473
0.8263, 3472
0.8266, 3471
0.8269, 3470
0.8272, 3469
0.8276, 3468
0.8279, 3467
0.8282, 3466
0.8285, 3465
0.8288, 3464
0.8292, 3463
0.8295, 3462
0.8298, 3461
0.8301, 3460
0.8304, 3459
0.8308, 3458
0.8311, 3457
0.8314, 3456
0.8317, 3455
0.8320, 3454
0.8323, 3453
0.8326, 3452
0.8330, 3451
0.8333, 3450
0.8336, 3449
0.8339, 3448
0.8342, 3447
0.8345, 3446
0.8348, 3445
0.8351, 3444
0.8355, 3443
0.8358, 3442
0.8361, 3441
0.8365, 3440
0.8368, 3439
0.8372, 3438
0.8376, 3437
0.8379, 3436
0.8382, 3435
0.8385, 3434
0.8388, 3433
0.8392, 3432
0.8395, 3431
0.8398, 3430
0.8402, 3429
0.8405, 3428
0.8408, 3427
0.8411, 3426
0.8415, 3425
0.8418, 3424
0.8421, 3423
0.8424, 3422
0.8427, 3421
0.8430, 3420
0.8433, 3419
0.8436, 3418
0.8440, 3417
0.8443, 3416
0.8446, 3415
0.8449, 3414
0.8452, 3413
0.8455, 3412
0.8458, 3411
0.8461, 3410
0.8464, 3409
0.8467, 3408
0.8470, 3407
0.8474, 3406
0.8477, 3405
0.8480, 3404
0.8483, 3403
0.8486, 3402
0.8489, 3401
0.8493, 3400
0.8496, 3399
0.8499, 3398
0.8502, 3397
0.8505, 3396
0.8508, 3395
0.8511, 3394
0.8515, 3393
0.8518, 3392
0.8522, 3391
0.8525, 3390
0.8528, 3389
0.8531, 3388
0.8535, 3387
0.8539, 3386
0.8542, 3385
0.8546, 3384
0.8549, 3383
0.8552, 3382
0.8555, 3381
0.8559, 3380
0.8562, 3379
0.8565, 3378
0.8569, 3377
0.8572, 3376
0.8576, 3375
0.8579, 3374
0.8582, 3373
0.8585, 3372
0.8589, 3371
0.8592, 3370
0.8595, 3369
0.8599, 3368
0.8602, 3367
0.8605, 3366
0.8609, 3365
0.8612, 3364
0.8615, 3363
0.8618, 3362
0.8621, 3361
0.8624, 3360
0.8628, 3359
0.8631, 3358
0.8634, 3357
0.8637, 3356
0.8641, 3355
0.8644, 3354
0.8647, 3353
0.8650, 3352
0.8653, 3351
0.8657, 3350
0.8660, 3349
0.8664, 3348
0.8667, 3347
0.8670, 3346
0.8673, 3345
0.8677, 3344
0.8680, 3343
0.8683, 3342
0.8686, 3341
0.8689, 3340
0.8692, 3339
0.8695, 3338
0.8699, 3337
0.8702, 3336
0.8707, 3335
0.8710, 3334
0.8713, 3333
0.8716, 3332
0.8719, 3331
0.8722, 3330
0.8725, 3329
0.8728, 3328
0.8731, 3327
0.8734, 3326
0.8737, 3325
0.8740, 3324
0.8743, 3323
0.8746, 3322
0.8749, 3321
0.8752, 3320
0.8755, 3319
0.8759, 3318
0.8762, 3317
0.8765, 3316
0.8769, 3315
0.8772, 3314
0.8775, 3313
0.8778, 3312
0.8782, 3311
0.8785, 3310
0.8788, 3309
0.8791, 3308
0.8794, 3307
0.8797, 3306
0.8801, 3305
0.8804, 3304
0.8807, 3303
0.8810, 3302
0.8814, 3301
0.8817, 3300
0.8820, 3299
0.8824, 3298
0.8827, 3297
0.8830, 3296
0.8833, 3295
0.8836, 3294
0.8839, 3293
0.8843, 3292
0.8847, 3291
0.8850, 3290
0.8853, 3289
0.8856, 3288
0.8859, 3287
0.8863, 3286
0.8866, 3285
0.8870, 3284
0.8873, 3283
0.8877, 3282
0.8880, 3281
0.8884, 3280
0.8887, 3279
0.8890, 3278
0.8893, 3277
0.8896, 3276
0.8900, 3275
0.8903, 3274
0.8906, 3273
0.8909, 3272
0.8913, 3271
0.8916, 3270
0.8920, 3269
0.8923, 3268
0.8926, 3267
0.8930, 3266
0.8933, 3265
0.8936, 3264
0.8940, 3263
0.8943, 3262
0.8946, 3261
0.8950, 3260
0.8953, 3259
0.8956, 3258
0.8959, 3257
0.8962, 3256
0.8966, 3255
0.8969, 3254
0.8972, 3253
0.8975, 3252
0.8979, 3251
0.8982, 3250
0.8985, 3249
0.8988, 3248
0.8992, 3247
0.8995, 3246
0.8998, 3245
0.9001, 3244
0.9004, 3243
0.9008, 3242
0.9011, 3241
0.9015, 3240
0.9018, 3239
0.9021, 3238
0.9024, 3237
0.9028, 3236
0.9031, 3235
0.9079, 3234
0.9083, 3233
0.9086, 3232
0.9089, 3231
0.9092, 3230
0.9095, 3229
0.9099, 3228
0.9101, 3227
0.9104, 3226
0.9107, 3225
0.9111, 3224
0.9114, 3223
0.9118, 3222
0.9121, 3221
0.9124, 3220
0.9127, 3219
0.9130, 3218
0.9133, 3217
0.9136, 3216
0.9139, 3215
0.9142, 3214
0.9145, 3213
0.9148, 3212
0.9151, 3211
0.9154, 3210
0.9157, 3209
0.9161, 3208
0.9164, 3207
0.9168, 3206
0.9171, 3205
0.9175, 3204
0.9178, 3203
0.9181, 3202
0.9185, 3201
0.9188, 3200
0.9192, 3199
0.9195, 3198
0.9198, 3197
0.9202, 3196
0.9206, 3195
0.9210, 3194
0.9213, 3193
0.9216, 3192
0.9219, 3191
0.9222, 3190
0.9225, 3189
0.9228, 3188
0.9232, 3187
0.9235, 3186
0.9238, 3185
0.9241, 3184
0.9244, 3183
0.9248, 3182
0.9251, 3181
0.9254, 3180
0.9256, 3179
0.9259, 3178
0.9262, 3177
0.9266, 3176
0.9269, 3175
0.9271, 3174
0.9274, 3173
0.9278, 3172
0.9282, 3171
0.9285, 3170
0.9288, 3169
0.9291, 3168
0.9294, 3167
0.9297, 3166
0.9300, 3165
0.9303, 3164
0.9307, 3163
0.9310, 3162
0.9313, 3161
0.9316, 3160
0.9319, 3159
0.9323, 3158
0.9326, 3157
0.9329, 3156
0.9332, 3155
0.9335, 3154
0.9338, 3153
0.9341, 3152
0.9344, 3151
0.9347, 3150
0.9350, 3149
0.9353, 3148
0.9356, 3147
0.9359, 3146
0.9362, 3145
0.9365, 3144
0.9370, 3143
0.9374, 3142
0.9377, 3141
0.9380, 3140
0.9383, 3139
0.9386, 3138
0.9390, 3137
0.9394, 3136
0.9397, 3135
0.9400, 3134
0.9403, 3133
0.9406, 3132
0.9409, 3131
0.9412, 3130
0.9415, 3129
0.9418, 3128
0.9421, 3127
0.9424, 3126
0.9428, 3125
0.9431, 3124
0.9433, 3123
0.9436, 3122
0.9439, 3121
0.9442, 3120
0.9446, 3119
0.9449, 3118
0.9452, 3117
0.9455, 3116
0.9458, 3115
0.9461, 3114
0.9464, 3113
0.9467, 3112
0.9470, 3111
0.9473, 3110
0.9475, 3109
0.9478, 3108
0.9481, 3107
0.9484, 3106
0.9487, 3105
0.9490, 3104
0.9493, 3103
0.9496, 3102
0.9499, 3101
0.9501, 3100
0.9504, 3099
0.9507, 3098
0.9510, 3097
0.9513, 3096
0.9516, 3095
0.9519, 3094
0.9522, 3093
0.9525, 3092
0.9528, 3091
0.9531, 3090
0.9534, 3089
0.9537, 3088
0.9540, 3087
0.9543, 3086
0.9546, 3085
0.9549, 3084
0.9552, 3083
0.9555, 3082
0.9558, 3081
0.9561, 3080
0.9564, 3079
0.9567, 3078
0.9570, 3077
0.9573, 3076
0.9576, 3075
0.9579, 3074
0.9582, 3073
0.9585, 3072
0.9588, 3071
0.9591, 3070
0.9594, 3069
0.9597, 3068
0.9600, 3067
0.9603, 3066
0.9606, 3065
0.9608, 3064
0.9611, 3063
0.9614, 3062
0.9617, 3061
0.9620, 3060
0.9623, 3059
0.9625, 3058
0.9628, 3057
0.9631, 3056
0.9634, 3055
0.9637, 3054
0.9640, 3053
0.9643, 3052
0.9646, 3051
0.9649, 3050
0.9652, 3049
0.9655, 3048
0.9658, 3047
0.9661, 3046
0.9664, 3045
0.9667, 3044
0.9670, 3043
0.9673, 3042
0.9676, 3041
0.9679, 3040
0.9681, 3039
0.9684, 3038
0.9687, 3037
0.9690, 3036
0.9693, 3035
0.9696, 3034
0.9698, 3033
0.9701, 3032
0.9704, 3031
0.9707, 3030
0.9709, 3029
0.9712, 3028
0.9715, 3027
0.9718, 3026
0.9721, 3025
0.9724, 3024
0.9727, 3023
0.9730, 3022
0.9733, 3021
0.9736, 3020
0.9738, 3019
0.9741, 3018
0.9744, 3017
0.9747, 3016
0.9750, 3015
0.9752, 3014
0.9755, 3013
0.9758, 3012
0.9761, 3011
0.9764, 3010
0.9767, 3009
0.9770, 3008
0.9773, 3007
0.9776, 3006
0.9778, 3005
0.9781, 3004
0.9784, 3003
0.9787, 3002
0.9790, 3001
0.9792, 3000
0.9795, 2999
0.9798, 2998
0.9801, 2997
0.9803, 2996
0.9806, 2995
0.9809, 2994
0.9812, 2993
0.9815, 2992
0.9818, 2991
0.9820, 2990
0.9823, 2989
0.9826, 2988
0.9829, 2987
0.9831, 2986
0.9834, 2985
0.9837, 2984
0.9840, 2983
0.9843, 2982
0.9845, 2981
0.9848, 2980
0.9851, 2979
0.9854, 2978
0.9857, 2977
0.9860, 2976
0.9862, 2975
0.9865, 2974
0.9868, 2973
0.9871, 2972
0.9873, 2971
0.9876, 2970
0.9879, 2969
0.9882, 2968
0.9885, 2967
0.9888, 2966
0.9891, 2965
0.9894, 2964
0.9897, 2963
0.9899, 2962
0.9902, 2961
0.9905, 2960
0.9908, 2959
0.9910, 2958
0.9913, 2957
0.9916, 2956
0.9919, 2955
0.9922, 2954
0.9925, 2953
0.9928, 2952
0.9931, 2951
0.9934, 2950
0.9937, 2949
0.9940, 2948
0.9943, 2947
0.9946, 2946
0.9949, 2945
0.9952, 2944
0.9955, 2943
0.9958, 2942
0.9961, 2941
0.9964, 2940
0.9967, 2939
0.9970, 2938
0.9973, 2937
0.9976, 2936
0.9979, 2935
0.9982, 2934
0.9986, 2933
0.9988, 2932
0.9991, 2931
0.9994, 2930
0.9997, 2929
1.0000, 2928
1.0003, 2927
1.0007, 2926
1.0010, 2925
1.0013, 2924
1.0016, 2923
1.0019, 2922
1.0023, 2921
1.0026, 2920
1.0028, 2919
1.0031, 2918
1.0034, 2917
1.0037, 2916
1.0041, 2915
1.0044, 2914
1.0047, 2913
1.0050, 2912
1.0053, 2911
1.0056, 2910
1.0059, 2909
1.0062, 2908
1.0065, 2907
1.0068, 2906
1.0071, 2905
1.0074, 2904
1.0077, 2903
1.0080, 2902
1.0083, 2901
1.0085, 2900
1.0088, 2899
1.0091, 2898
1.0094, 2897
1.0097, 2896
1.0100, 2895
1.0103, 2894
1.0106, 2893
1.0108, 2892
1.0112, 2891
1.0115, 2890
1.0117, 2889
1.0121, 2888
1.0123, 2887
1.0126, 2886
1.0129, 2885
1.0132, 2884
1.0135, 2883
1.0138, 2882
1.0141, 2881
1.0144, 2880
1.0147, 2879
1.0150, 2878
1.0153, 2877
1.0156, 2876
1.0159, 2875
1.0161, 2874
1.0164, 2873
1.0167, 2872
1.0170, 2871
1.0173, 2870
1.0176, 2869
1.0179, 2868
1.0182, 2867
1.0185, 2866
1.0187, 2865
1.0190, 2864
1.0193, 2863
1.0196, 2862
1.0199, 2861
1.0201, 2860
1.0204, 2859
1.0207, 2858
1.0210, 2857
1.0213, 2856
1.0215, 2855
1.0218, 2854
1.0221, 2853
1.0224, 2852
1.0227, 2851
1.0229, 2850
1.0232, 2849
1.0235, 2848
1.0237, 2847
1.0240, 2846
1.0243, 2845
1.0246, 2844
1.0248, 2843
1.0251, 2842
1.0254, 2841
1.0257, 2840
1.0260, 2839
1.0263, 2838
1.0266, 2837
1.0268, 2836
1.0271, 2835
1.0274, 2834
1.0277, 2833
1.0280, 2832
1.0283, 2831
1.0285, 2830
1.0288, 2829
1.0291, 2828
1.0294, 2827
1.0297, 2826
1.0300, 2825
1.0303, 2824
1.0306, 2823
1.0309, 2822
1.0312, 2821
1.0314, 2820
1.0317, 2819
1.0320, 2818
1.0323, 2817
1.0326, 2816
1.0328, 2815
1.0331, 2814
1.0334, 2813
1.0337, 2812
1.0339, 2811
1.0342, 2810
1.0345, 2809
1.0348, 2808
1.0351, 2807
1.0353, 2806
1.0356, 2805
1.0359, 2804
1.0362, 2803
1.0364, 2802
1.0367, 2801
1.0370, 2800
1.0372, 2799
1.0375, 2798
1.0378, 2797
1.0381, 2796
1.0383, 2795
1.0386, 2794
1.0389, 2793
1.0392, 2792
1.0395, 2791
1.0398, 2790
1.0400, 2789
1.0403, 2788
1.0406, 2787
1.0409, 2786
1.0412, 2785
1.0414, 2784
1.0417, 2783
1.0420, 2782
1.0422, 2781
1.0425, 2780
1.0428, 2779
1.0431, 2778
1.0433, 2777
1.0436, 2776
1.0439, 2775
1.0442, 2774
1.0444, 2773
1.0447, 2772
1.0450, 2771
1.0452, 2770
1.0455, 2769
1.0458, 2768
1.0460, 2767
1.0463, 2766
1.0466, 2765
1.0468, 2764
1.0471, 2763
1.0474, 2762
1.0476, 2761
1.0479, 2760
1.0482, 2759
1.0484, 2758
1.0487, 2757
1.0489, 2756
1.0492, 2755
1.0495, 2754
1.0498, 2753
1.0500, 2752
1.0503, 2751
1.0506, 2750
1.0509, 2749
1.0511, 2748
1.0514, 2747
1.0517, 2746
1.0520, 2745
1.0523, 2744
1.0525, 2743
1.0528, 2742
1.0531, 2741
1.0533, 2740
1.0536, 2739
1.0539, 2738
1.0542, 2737
1.0545, 2736
1.0548, 2735
1.0551, 2734
1.0554, 2733
1.0557, 2732
1.0559, 2731
1.0562, 2730
1.0565, 2729
1.0568, 2728
1.0571, 2727
1.0574, 2726
1.0576, 2725
1.0580, 2724
1.0582, 2723
1.0585, 2722
1.0588, 2721
1.0590, 2720
1.0593, 2719
1.0596, 2718
1.0599, 2717
1.0602, 2716
1.0604, 2715
1.0607, 2714
1.0610, 2713
1.0613, 2712
1.0615, 2711
1.0618, 2710
1.0621, 2709
1.0624, 2708
1.0627, 2707
1.0629, 2706
1.0632, 2705
1.0634, 2704
1.0637, 2703
1.0640, 2702
1.0643, 2701
1.0646, 2700
1.0648, 2699
1.0651, 2698
1.0654, 2697
1.0656, 2696
1.0659, 2695
1.0662, 2694
1.0664, 2693
1.0667, 2692
1.0670, 2691
1.0672, 2690
1.0675, 2689
1.0678, 2688
1.0681, 2687
1.0684, 2686
1.0687, 2685
1.0690, 2684
1.0692, 2683
1.0695, 2682
1.0698, 2681
1.0701, 2680
1.0703, 2679
1.0706, 2678
1.0709, 2677
1.0712, 2676
1.0714, 2675
1.0717, 2674
1.0720, 2673
1.0723, 2672
1.0725, 2671
1.0729, 2670
1.0731, 2669
1.0734, 2668
1.0737, 2667
1.0740, 2666
1.0743, 2665
1.0746, 2664
1.0748, 2663
1.0751, 2662
1.0754, 2661
1.0757, 2660
1.0759, 2659
1.0762, 2658
1.0765, 2657
1.0768, 2656
1.0770, 2655
1.0773, 2654
1.0776, 2653
1.0779, 2652
1.0781, 2651
1.0784, 2650
1.0787, 2649
1.0790, 2648
1.0792, 2647
1.0795, 2646
1.0798, 2645
1.0801, 2644
1.0804, 2643
1.0806, 2642
1.0809, 2641
1.0812, 2640
1.0814, 2639
1.0817, 2638
1.0819, 2637
1.0822, 2636
1.0825, 2635
1.0828, 2634
1.0830, 2633
1.0833, 2632
1.0836, 2631
1.0838, 2630
1.0841, 2629
1.0844, 2628
1.0846, 2627
1.0849, 2626
1.0851, 2625
1.0854, 2624
1.0857, 2623
1.0859, 2622
1.0862, 2621
1.0865, 2620
1.0867, 2619
1.0870, 2618
1.0873, 2617
1.0875, 2616
1.0878, 2615
1.0880, 2614
1.0883, 2613
1.0885, 2612
1.0888, 2611
1.0891, 2610
1.0893, 2609
1.0896, 2608
1.0899, 2607
1.0901, 2606
1.0904, 2605
1.0906, 2604
1.0909, 2603
1.0911, 2602
1.0914, 2601
1.0917, 2600
1.0920, 2599
1.0923, 2598
1.0925, 2597
1.0928, 2596
1.0931, 2595
1.0934, 2594
1.0936, 2593
1.0939, 2592
1.0942, 2591
1.0945, 2590
1.0947, 2589
1.0950, 2588
1.0953, 2587
1.0956, 2586
1.0958, 2585
1.0961, 2584
1.0964, 2583
1.0967, 2582
1.0969, 2581
1.0972, 2580
1.0975, 2579
1.0977, 2578
1.0980, 2577
1.0983, 2576
1.0986, 2575
1.0988, 2574
1.0991, 2573
1.0994, 2572
1.0997, 2571
1.1000, 2570
1.1003, 2569
1.1005, 2568
1.1008, 2567
1.1011, 2566
1.1014, 2565
1.1018, 2564
1.1021, 2563
1.1087, 2562
1.1151, 2561
1.1154, 2560
1.1280, 2559
1.1283, 2558
1.1388, 2557
1.1390, 2556
1.1577, 2555
1.1702, 2554
1.1767, 2553
1.2061, 2552
1.2063, 2551
1.2108, 2550
1.2256, 2549
1.2300, 2548
1.2302, 2547
1.2429, 2546
1.2431, 2545
1.2559, 2544
1.2686, 2543
1.2750, 2542
1.2752, 2541
1.2775, 2540
1.2778, 2539
1.2780, 2538
1.2865, 2537
1.2867, 2536
1.2870, 2535
1.3059, 2534
1.3143, 2533
1.3229, 2532
1.3231, 2531
1.3296, 2530
1.3464, 2529
1.3488, 2528
1.3698, 2527
1.3846, 2526
1.3869, 2525
1.3871, 2524
1.3957, 2523
1.3960, 2522
1.4045, 2521
1.4047, 2520
1.4070, 2519
1.4093, 2518
1.4158, 2517
1.4160, 2516
1.4230, 2515
1.4232, 2514
1.4234, 2513
1.4362, 2512
1.4365, 2511
1.5042, 2510
1.5189, 2509
1.5191, 2508
1.5401, 2507
1.5592, 2506
1.5719, 2505
1.5782, 2504
1.5785, 2503
1.5911, 2502
1.5975, 2501
1.6102, 2500
1.6374, 2499
1.6668, 2498
1.6713, 2497
1.6715, 2496
1.6739, 2495
1.6741, 2494
1.6785, 2493
1.6891, 2492
1.6935, 2491
1.6938, 2490
1.7044, 2489
1.7088, 2488
1.7090, 2487
1.7092, 2486
1.7094, 2485
1.7097, 2484
1.7161, 2483
1.7227, 2482
1.7229, 2481
1.7336, 2480
1.7339, 2479
1.7341, 2478
1.7530, 2477
1.7574, 2476
1.7702, 2475
1.7704, 2474
1.7769, 2473
1.7833, 2472
1.7877, 2471
1.7879, 2470
1.7882, 2469
1.7884, 2468
1.8052, 2467
1.8220, 2466
1.8222, 2465
1.8225, 2464
1.8248, 2463
1.8250, 2462
1.8418, 2461
1.8565, 2460
1.8713, 2459
1.8819, 2458
1.8821, 2457
1.8927, 2456
1.8929, 2455
1.8932, 2454
1.9017, 2453
1.9102, 2452
1.9104, 2451
1.9252, 2450
1.9338, 2449
1.9465, 2448
1.9467, 2447
1.9535, 2446
1.9787, 2445
2.0020, 2444
2.0065, 2443
2.0150, 2442
2.0194, 2441
2.0405, 2440
2.0657, 2439
2.0763, 2438
2.0765, 2437
2.1017, 2436
2.1061, 2435
2.1188, 2434
2.1254, 2433
2.1507, 2432
2.1593, 2431
2.1741, 2430
2.1826, 2429
2.1829, 2428
2.2207, 2427
2.2252, 2426
2.2421, 2425
2.2591, 2424
2.2657, 2423
2.2660, 2422
2.2890, 2421
2.2893, 2420
2.3020, 2419
2.3106, 2418
2.3338, 2417
2.3382, 2416
2.3572, 2415
2.3658, 2414
2.3826, 2413
2.3912, 2412
2.4039, 2411
2.4062, 2410
2.4064, 2409
2.4087, 2408
2.4089, 2407
2.4154, 2406
2.4156, 2405
2.4200, 2404
2.4202, 2403
2.4204, 2402
2.4331, 2401
2.4520, 2400
2.4669, 2399
2.4671, 2398
2.4715, 2397
2.4717, 2396
2.4719, 2395
2.4866, 2394
2.4869, 2393
2.4872, 2392
2.4916, 2391
2.4918, 2390
2.5025, 2389
2.5220, 2388
2.5243, 2387
2.5287, 2386
2.5290, 2385
2.5355, 2384
2.5357, 2383
2.5442, 2382
2.5444, 2381
2.5446, 2380
2.5511, 2379
2.5513, 2378
2.5515, 2377
2.5602, 2376
2.5604, 2375
2.5731, 2374
2.5734, 2373
2.5736, 2372
2.5863, 2371
2.5866, 2370
2.5890, 2369
2.5955, 2368
2.5957, 2367
2.5960, 2366
2.6026, 2365
2.6029, 2364
2.6031, 2363
2.6033, 2362
2.6036, 2361
2.6038, 2360
2.6271, 2359
2.6274, 2358
2.6276, 2357
2.6278, 2356
2.6343, 2355
2.6388, 2354
2.6390, 2353
2.6392, 2352
2.6394, 2351
2.6460, 2350
2.6650, 2349
2.6673, 2348
2.6737, 2347
2.6781, 2346
2.6825, 2345
2.6994, 2344
2.7183, 2343
2.7227, 2342
2.7415, 2341
2.7417, 2340
2.7419, 2339
2.7568, 2338
2.7633, 2337
2.7635, 2336
2.7680, 2335
2.7931, 2334
2.8060, 2333
2.8062, 2332
2.8064, 2331
2.8149, 2330
2.8215, 2329
2.8218, 2328
2.8410, 2327
2.8412, 2326
2.8687, 2325
2.8689, 2324
2.9673, 2323
2.9697, 2322
2.9719, 2321
2.9763, 2320
2.9765, 2319
2.9788, 2318
2.9831, 2317
2.9833, 2316
2.9877, 2315
3.0004, 2314
3.0069, 2313
3.0112, 2312
3.0176, 2311
3.0179, 2310
3.0222, 2309
3.0224, 2308
3.0372, 2307
3.0374, 2306
3.0459, 2305
3.0461, 2304
3.0484, 2303
3.0590, 2302
3.0633, 2301
3.0636, 2300
3.0680, 2299
3.0724, 2298
3.0726, 2297
3.0749, 2296
3.0833, 2295
3.0877, 2294
3.1003, 2293
3.1088, 2292
3.1193, 2291
3.1195, 2290
3.1280, 2289
3.1282, 2288
3.1305, 2287
3.1307, 2286
3.1454, 2285
3.1561, 2284
3.1645, 2283
3.1917, 2282
3.1962, 2281
3.2047, 2280
3.2360, 2279
3.2424, 2278
3.2426, 2277
3.2429, 2276
3.2431, 2275
3.2517, 2274
3.2520, 2273
3.2522, 2272
3.2628, 2271
3.2630, 2270
3.2632, 2269
3.2634, 2268
3.2636, 2267
3.2763, 2266
3.2993, 2265
3.2996, 2264
3.3061, 2263
3.3269, 2262
3.3312, 2261
3.3356, 2260
3.3399, 2259
3.3401, 2258
3.3528, 2257
3.3592, 2256
3.3594, 2255
3.3596, 2254
3.3763, 2253
3.3849, 2252
3.3915, 2251
3.3959, 2250
3.4156, 2249
3.4201, 2248
3.4331, 2247
3.4375, 2246
3.4483, 2245
3.4611, 2244
3.4657, 2243
3.4722, 2242
3.4809, 2241
3.4811, 2240
3.4877, 2239
3.4879, 2238
3.4944, 2237
3.5072, 2236
3.5074, 2235
3.5283, 2234
3.5326, 2233
3.5369, 2232
3.5602, 2231
3.5771, 2230
3.5961, 2229
3.7512, 2228
3.7640, 2227
3.8159, 2226
3.8161, 2225
3.8351, 2224
3.8395, 2223
3.8459, 2222
3.9100, 2221
4.0044, 2220
4.0562, 2219
4.0958, 2218
4.0982, 2217
4.1398, 2216
