0.6550, 3931
0.6554, 3930
0.6557, 3929
0.6561, 3928
0.6564, 3927
0.6568, 3926
0.6571, 3925
0.6574, 3924
0.6578, 3923
0.6581, 3922
0.6584, 3921
0.6588, 3920
0.6591, 3919
0.6594, 3918
0.6598, 3917
0.6601, 3916
0.6605, 3915
0.6608, 3914
0.6611, 3913
0.6615, 3912
0.6618, 3911
0.6621, 3910
0.6625, 3909
0.6628, 3908
0.6631, 3907
0.6635, 3906
0.6638, 3905
0.6641, 3904
0.6645, 3903
0.6648, 3902
0.6651, 3901
0.6655, 3900
0.6658, 3899
0.6661, 3898
0.6665, 3897
0.6668, 3896
0.6671, 3895
0.6675, 3894
0.6678, 3893
0.6681, 3892
0.6685, 3891
0.6688, 3890
0.6691, 3889
0.6695, 3888
0.6698, 3887
0.6701, 3886
0.6705, 3885
0.6708, 3884
0.6712, 3883
0.6715, 3882
0.6719, 3881
0.6722, 3880
0.6725, 3879
0.6729, 3878
0.6732, 3877
0.6736, 3876
0.6739, 3875
0.6743, 3874
0.6746, 3873
0.6749, 3872
0.6753, 3871
0.6756, 3870
0.6759, 3869
0.6763, 3868
0.6766, 3867
0.6769, 3866
0.6773, 3865
0.6776, 3864
0.6779, 3863
0.6783, 3862
0.6786, 3861
0.6789, 3860
0.6793, 3859
0.6796, 3858
0.6799, 3857
0.6803, 3856
0.6806, 3855
0.6809, 3854
0.6813, 3853
0.6816, 3852
0.6819, 3851
0.6822, 3850
0.6826, 3849
0.6829, 3848
0.6833, 3847
0.6836, 3846
0.6839, 3845
0.6843, 3844
0.6846, 3843
0.6849, 3842
0.6852, 3841
0.6856, 3840
0.6859, 3839
0.6862, 3838
0.6866, 3837
0.6869, 3836
0.6873, 3835
0.6876, 3834
0.6879, 3833
0.6883, 3832
0.6886, 3831
0.6889, 3830
0.6893, 3829
0.6896, 3828
0.6900, 3827
0.6903, 3826
0.6906, 3825
0.6909, 3824
0.6913, 3823
0.6916, 3822
0.6920, 3821
0.6923, 3820
0.6926, 3819
0.6930, 3818
0.6933, 3817
0.6936, 3816
0.6940, 3815
0.6943, 3814
0.6946, 3813
0.6950, 3812
0.6953, 3811
0.6956, 3810
0.6960, 3809
0.6963, 3808
0.6967, 3807
0.6970, 3806
0.6973, 3805
0.6976, 3804
0.6980, 3803
0.6983, 3802
0.6987, 3801
0.6990, 3800
0.6993, 3799
0.6997, 3798
0.7000, 3797
0.7003, 3796
0.7007, 3795
0.7010, 3794
0.7013, 3793
0.7017, 3792
0.7020, 3791
0.7024, 3790
0.7027, 3789
0.7031, 3788
0.7034, 3787
0.7037, 3786
0.7041, 3785
0.7044, 3784
0.7047, 3783
0.7051, 3782
0.7054, 3781
0.7057, 3780
0.7061, 3779
0.7064, 3778
0.7067, 3777
0.7071, 3776
0.7074, 3775
0.7078, 3774
0.7081, 3773
0.7084, 3772
0.7088, 3771
0.7091, 3770
0.7094, 3769
0.7098, 3768
0.7101, 3767
0.7104, 3766
0.7108, 3765
0.7111, 3764
0.7114, 3763
0.7117, 3762
0.7121, 3761
0.7124, 3760
0.7127, 3759
0.7131, 3758
0.7134, 3757
0.7137, 3756
0.7141, 3755
0.7144, 3754
0.7147, 3753
0.7151, 3752
0.7154, 3751
0.7157, 3750
0.7161, 3749
0.7164, 3748
0.7167, 3747
0.7170, 3746
0.7174, 3745
0.7177, 3744
0.7181, 3743
0.7184, 3742
0.7187, 3741
0.7191, 3740
0.7194, 3739
0.7197, 3738
0.7201, 3737
0.7204, 3736
0.7207, 3735
0.7211, 3734
0.7214, 3733
0.7217, 3732
0.7220, 3731
0.7224, 3730
0.7227, 3729
0.7230, 3728
0.7233, 3727
0.7237, 3726
0.7240, 3725
0.7243, 3724
0.7246, 3723
0.7249, 3722
0.7253, 3721
0.7256, 3720
0.7259, 3719
0.7262, 3718
0.7266, 3717
0.7269, 3716
0.7273, 3715
0.7276, 3714
0.7279, 3713
0.7282, 3712
0.7286, 3711
0.7289, 3710
0.7292, 3709
0.7295, 3708
0.7299, 3707
0.7302, 3706
0.7305, 3705
0.7309, 3704
0.7312, 3703
0.7316, 3702
0.7319, 3701
0.7323, 3700
0.7326, 3699
0.7330, 3698
0.7334, 3697
0.7337, 3696
0.7340, 3695
0.7343, 3694
0.7346, 3693
0.7350, 3692
0.7353, 3691
0.7356, 3690
0.7359, 3689
0.7363, 3688
0.7366, 3687
0.7369, 3686
0.7372, 3685
0.7376, 3684
0.7379, 3683
0.7382, 3682
0.7386, 3681
0.7389, 3680
0.7392, 3679
0.7396, 3678
0.7399, 3677
0.7402, 3676
0.7405, 3675
0.7409, 3674
0.7412, 3673
0.7415, 3672
0.7419, 3671
0.7422, 3670
0.7426, 3669
0.7429, 3668
0.7432, 3667
0.7435, 3666
0.7439, 3665
0.7442, 3664
0.7446, 3663
0.7449, 3662
0.7452, 3661
0.7456, 3660
0.7459, 3659
0.7462, 3658
0.7466, 3657
0.7469, 3656
0.7473, 3655
0.7476, 3654
0.7479, 3653
0.7483, 3652
0.7486, 3651
0.7490, 3650
0.7493, 3649
0.7496, 3648
0.7500, 3647
0.7503, 3646
0.7507, 3645
0.7510, 3644
0.7514, 3643
0.7517, 3642
0.7520, 3641
0.7524, 3640
0.7527, 3639
0.7531, 3638
0.7534, 3637
0.7538, 3636
0.7542, 3635
0.7545, 3634
0.7548, 3633
0.7552, 3632
0.7556, 3631
0.7559, 3630
0.7562, 3629
0.7566, 3628
0.7569, 3627
0.7572, 3626
0.7576, 3625
0.7579, 3624
0.7582, 3623
0.7585, 3622
0.7589, 3621
0.7592, 3620
0.7595, 3619
0.7598, 3618
0.7602, 3617
0.7605, 3616
0.7608, 3615
0.7611, 3614
0.7615, 3613
0.7618, 3612
0.7621, 3611
0.7624, 3610
0.7627, 3609
0.7630, 3608
0.7633, 3607
0.7637, 3606
0.7640, 3605
0.7643, 3604
0.7646, 3603
0.7649, 3602
0.7653, 3601
0.7656, 3600
0.7659, 3599
0.7662, 3598
0.7666, 3597
0.7669, 3596
0.7673, 3595
0.7676, 3594
0.7679, 3593
0.7682, 3592
0.7685, 3591
0.7688, 3590
0.7692, 3589
0.7695, 3588
0.7698, 3587
0.7701, 3586
0.7705, 3585
0.7708, 3584
0.7711, 3583
0.7714, 3582
0.7717, 3581
0.7721, 3580
0.7724, 3579
0.7727, 3578
0.7730, 3577
0.7734, 3576
0.7737, 3575
0.7740, 3574
0.7743, 3573
0.7746, 3572
0.7749, 3571
0.7753, 3570
0.7756, 3569
0.7759, 3568
0.7762, 3567
0.7765, 3566
0.7768, 3565
0.7772, 3564
0.7775, 3563
0.7778, 3562
0.7781, 3561
0.7785, 3560
0.7788, 3559
0.7791, 3558
0.7794, 3557
0.7797, 3556
0.7800, 3555
0.7804, 3554
0.7807, 3553
0.7810, 3552
0.7813, 3551
0.7817, 3550
0.7820, 3549
0.7823, 3548
0.7826, 3547
0.7830, 3546
0.7834, 3545
0.7837, 3544
0.7840, 3543
0.7844, 3542
0.7847, 3541
0.7851, 3540
0.7854, 3539
0.7857, 3538
0.7860, 3537
0.7863, 3536
0.7866, 3535
0.7869, 3534
0.7873, 3533
0.7876, 3532
0.7879, 3531
0.7882, 3530
0.7885, 3529
0.7888, 3528
0.7892, 3527
0.7895, 3526
0.7898, 3525
0.7902, 3524
0.7905, 3523
0.7908, 3522
0.7911, 3521
0.7915, 3520
0.7918, 3519
0.7921, 3518
0.7924, 3517
0.7927, 3516
0.7931, 3515
0.7934, 3514
0.7938, 3513
0.7941, 3512
0.7944, 3511
0.7947, 3510
0.7950, 3509
0.7954, 3508
0.7957, 3507
0.7960, 3506
0.7964, 3505
0.7967, 3504
0.7971, 3503
0.7974, 3502
0.7977, 3501
0.7981, 3500
0.7984, 3499
0.7987, 3498
0.7991, 3497
0.7994, 3496
0.7997, 3495
0.8000, 3494
0.8004, 3493
0.8007, 3492
0.8010, 3491
0.8013, 3490
0.8016, 3489
0.8019, 3488
0.8022, 3487
0.8025, 3486
0.8028, 3485
0.8032, 3484
0.8035, 3483
0.8038, 3482
0.8042, 3481
0.8045, 3480
0.8048, 3479
0.8051, 3478
0.8055, 3477
0.8058, 3476
0.8061, 3475
0.8064, 3474
0.8067, 3473
0.8070, 3472
0.8073, 3471
0.8077, 3470
0.8080, 3469
0.8083, 3468
0.8086, 3467
0.8090, 3466
0.8093, 3465
0.8096, 3464
0.8099, 3463
0.8103, 3462
0.8106, 3461
0.8109, 3460
0.8113, 3459
0.8116, 3458
0.8119, 3457
0.8122, 3456
0.8125, 3455
0.8129, 3454
0.8132, 3453
0.8135, 3452
0.8138, 3451
0.8142, 3450
0.8145, 3449
0.8148, 3448
0.8151, 3447
0.8155, 3446
0.8158, 3445
0.8161, 3444
0.8164, 3443
0.8167, 3442
0.8170, 3441
0.8173, 3440
0.8176, 3439
0.8179, 3438
0.8182, 3437
0.8185, 3436
0.8189, 3435
0.8192, 3434
0.8195, 3433
0.8198, 3432
0.8201, 3431
0.8204, 3430
0.8207, 3429
0.8210, 3428
0.8213, 3427
0.8216, 3426
0.8219, 3425
0.8222, 3424
0.8225, 3423
0.8229, 3422
0.8232, 3421
0.8235, 3420
0.8238, 3419
0.8241, 3418
0.8244, 3417
0.8247, 3416
0.8250, 3415
0.8253, 3414
0.8256, 3413
0.8259, 3412
0.8262, 3411
0.8265, 3410
0.8268, 3409
0.8272, 3408
0.8275, 3407
0.8278, 3406
0.8281, 3405
0.8284, 3404
0.8286, 3403
0.8289, 3402
0.8292, 3401
0.8295, 3400
0.8298, 3399
0.8301, 3398
0.8304, 3397
0.8307, 3396
0.8310, 3395
0.8313, 3394
0.8316, 3393
0.8319, 3392
0.8323, 3391
0.8326, 3390
0.8329, 3389
0.8332, 3388
0.8335, 3387
0.8338, 3386
0.8341, 3385
0.8344, 3384
0.8347, 3383
0.8350, 3382
0.8353, 3381
0.8357, 3380
0.8360, 3379
0.8363, 3378
0.8366, 3377
0.8369, 3376
0.8372, 3375
0.8376, 3374
0.8379, 3373
0.8383, 3372
0.8386, 3371
0.8389, 3370
0.8392, 3369
0.8395, 3368
0.8398, 3367
0.8401, 3366
0.8405, 3365
0.8408, 3364
0.8412, 3363
0.8415, 3362
0.8418, 3361
0.8421, 3360
0.8425, 3359
0.8428, 3358
0.8431, 3357
0.8434, 3356
0.8437, 3355
0.8440, 3354
0.8443, 3353
0.8447, 3352
0.8450, 3351
0.8453, 3350
0.8457, 3349
0.8460, 3348
0.8463, 3347
0.8466, 3346
0.8469, 3345
0.8472, 3344
0.8476, 3343
0.8479, 3342
0.8482, 3341
0.8485, 3340
0.8488, 3339
0.8491, 3338
0.8494, 3337
0.8497, 3336
0.8500, 3335
0.8503, 3334
0.8506, 3333
0.8509, 3332
0.8513, 3331
0.8516, 3330
0.8519, 3329
0.8522, 3328
0.8525, 3327
0.8528, 3326
0.8531, 3325
0.8534, 3324
0.8537, 3323
0.8540, 3322
0.8543, 3321
0.8546, 3320
0.8549, 3319
0.8552, 3318
0.8555, 3317
0.8558, 3316
0.8561, 3315
0.8564, 3314
0.8567, 3313
0.8571, 3312
0.8574, 3311
0.8577, 3310
0.8580, 3309
0.8583, 3308
0.8586, 3307
0.8589, 3306
0.8592, 3305
0.8595, 3304
0.8599, 3303
0.8602, 3302
0.8605, 3301
0.8609, 3300
0.8612, 3299
0.8615, 3298
0.8618, 3297
0.8621, 3296
0.8624, 3295
0.8627, 3294
0.8630, 3293
0.8633, 3292
0.8637, 3291
0.8641, 3290
0.8644, 3289
0.8647, 3288
0.8650, 3287
0.8653, 3286
0.8656, 3285
0.8659, 3284
0.8662, 3283
0.8665, 3282
0.8668, 3281
0.8671, 3280
0.8674, 3279
0.8678, 3278
0.8681, 3277
0.8684, 3276
0.8687, 3275
0.8691, 3274
0.8694, 3273
0.8698, 3272
0.8701, 3271
0.8704, 3270
0.8708, 3269
0.8711, 3268
0.8715, 3267
0.8718, 3266
0.8721, 3265
0.8725, 3264
0.8728, 3263
0.8731, 3262
0.8734, 3261
0.8737, 3260
0.8740, 3259
0.8744, 3258
0.8747, 3257
0.8750, 3256
0.8753, 3255
0.8756, 3254
0.8759, 3253
0.8762, 3252
0.8766, 3251
0.8769, 3250
0.8772, 3249
0.8775, 3248
0.8778, 3247
0.8781, 3246
0.8785, 3245
0.8788, 3244
0.8791, 3243
0.8794, 3242
0.8797, 3241
0.8800, 3240
0.8804, 3239
0.8807, 3238
0.8811, 3237
0.8814, 3236
0.8817, 3235
0.8820, 3234
0.8823, 3233
0.8826, 3232
0.8829, 3231
0.8833, 3230
0.8836, 3229
0.8839, 3228
0.8841, 3227
0.8845, 3226
0.8848, 3225
0.8851, 3224
0.8854, 3223
0.8857, 3222
0.8860, 3221
0.8864, 3220
0.8867, 3219
0.8870, 3218
0.8873, 3217
0.8876, 3216
0.8879, 3215
0.8882, 3214
0.8885, 3213
0.8888, 3212
0.8891, 3211
0.8894, 3210
0.8897, 3209
0.8900, 3208
0.8903, 3207
0.8905, 3206
0.8908, 3205
0.8911, 3204
0.8915, 3203
0.8918, 3202
0.8922, 3201
0.8925, 3200
0.8929, 3199
0.8932, 3198
0.8935, 3197
0.8938, 3196
0.8941, 3195
0.8944, 3194
0.8948, 3193
0.8951, 3192
0.8954, 3191
0.8957, 3190
0.8959, 3189
0.8963, 3188
0.8965, 3187
0.8969, 3186
0.8972, 3185
0.8975, 3184
0.8978, 3183
0.8981, 3182
0.8985, 3181
0.8987, 3180
0.8990, 3179
0.8993, 3178
0.8997, 3177
0.9000, 3176
0.9003, 3175
0.9006, 3174
0.9009, 3173
0.9012, 3172
0.9015, 3171
0.9018, 3170
0.9021, 3169
0.9024, 3168
0.9027, 3167
0.9030, 3166
0.9033, 3165
0.9036, 3164
0.9039, 3163
0.9042, 3162
0.9045, 3161
0.9048, 3160
0.9051, 3159
0.9054, 3158
0.9057, 3157
0.9060, 3156
0.9062, 3155
0.9066, 3154
0.9068, 3153
0.9071, 3152
0.9074, 3151
0.9077, 3150
0.9080, 3149
0.9084, 3148
0.9087, 3147
0.9090, 3146
0.9093, 3145
0.9096, 3144
0.9099, 3143
0.9103, 3142
0.9107, 3141
0.9110, 3140
0.9113, 3139
0.9116, 3138
0.9119, 3137
0.9122, 3136
0.9125, 3135
0.9128, 3134
0.9131, 3133
0.9135, 3132
0.9138, 3131
0.9141, 3130
0.9144, 3129
0.9147, 3128
0.9150, 3127
0.9153, 3126
0.9156, 3125
0.9159, 3124
0.9162, 3123
0.9165, 3122
0.9168, 3121
0.9171, 3120
0.9174, 3119
0.9177, 3118
0.9180, 3117
0.9183, 3116
0.9186, 3115
0.9189, 3114
0.9192, 3113
0.9195, 3112
0.9198, 3111
0.9201, 3110
0.9204, 3109
0.9207, 3108
0.9210, 3107
0.9213, 3106
0.9216, 3105
0.9219, 3104
0.9222, 3103
0.9225, 3102
0.9228, 3101
0.9231, 3100
0.9234, 3099
0.9237, 3098
0.9240, 3097
0.9243, 3096
0.9246, 3095
0.9248, 3094
0.9251, 3093
0.9254, 3092
0.9257, 3091
0.9260, 3090
0.9263, 3089
0.9266, 3088
0.9269, 3087
0.9272, 3086
0.9275, 3085
0.9278, 3084
0.9281, 3083
0.9284, 3082
0.9288, 3081
0.9291, 3080
0.9294, 3079
0.9297, 3078
0.9300, 3077
0.9302, 3076
0.9305, 3075
0.9308, 3074
0.9311, 3073
0.9314, 3072
0.9317, 3071
0.9320, 3070
0.9323, 3069
0.9326, 3068
0.9329, 3067
0.9332, 3066
0.9334, 3065
0.9337, 3064
0.9340, 3063
0.9343, 3062
0.9346, 3061
0.9349, 3060
0.9352, 3059
0.9354, 3058
0.9358, 3057
0.9360, 3056
0.9363, 3055
0.9366, 3054
0.9369, 3053
0.9373, 3052
0.9376, 3051
0.9379, 3050
0.9382, 3049
0.9385, 3048
0.9388, 3047
0.9390, 3046
0.9393, 3045
0.9396, 3044
0.9399, 3043
0.9402, 3042
0.9405, 3041
0.9408, 3040
0.9410, 3039
0.9413, 3038
0.9416, 3037
0.9419, 3036
0.9422, 3035
0.9425, 3034
0.9428, 3033
0.9431, 3032
0.9434, 3031
0.9437, 3030
0.9440, 3029
0.9443, 3028
0.9445, 3027
0.9448, 3026
0.9451, 3025
0.9454, 3024
0.9457, 3023
0.9460, 3022
0.9463, 3021
0.9466, 3020
0.9469, 3019
0.9472, 3018
0.9475, 3017
0.9478, 3016
0.9480, 3015
0.9483, 3014
0.9486, 3013
0.9489, 3012
0.9492, 3011
0.9495, 3010
0.9497, 3009
0.9500, 3008
0.9503, 3007
0.9506, 3006
0.9509, 3005
0.9512, 3004
0.9514, 3003
0.9517, 3002
0.9520, 3001
0.9523, 3000
0.9526, 2999
0.9529, 2998
0.9532, 2997
0.9534, 2996
0.9537, 2995
0.9540, 2994
0.9543, 2993
0.9546, 2992
0.9549, 2991
0.9551, 2990
0.9554, 2989
0.9557, 2988
0.9560, 2987
0.9563, 2986
0.9566, 2985
0.9569, 2984
0.9572, 2983
0.9574, 2982
0.9577, 2981
0.9580, 2980
0.9583, 2979
0.9586, 2978
0.9589, 2977
0.9592, 2976
0.9595, 2975
0.9598, 2974
0.9601, 2973
0.9604, 2972
0.9607, 2971
0.9609, 2970
0.9612, 2969
0.9615, 2968
0.9618, 2967
0.9620, 2966
0.9623, 2965
0.9626, 2964
0.9629, 2963
0.9632, 2962
0.9635, 2961
0.9638, 2960
0.9641, 2959
0.9644, 2958
0.9647, 2957
0.9650, 2956
0.9653, 2955
0.9656, 2954
0.9659, 2953
0.9662, 2952
0.9665, 2951
0.9668, 2950
0.9671, 2949
0.9673, 2948
0.9676, 2947
0.9679, 2946
0.9682, 2945
0.9685, 2944
0.9688, 2943
0.9691, 2942
0.9694, 2941
0.9697, 2940
0.9700, 2939
0.9703, 2938
0.9706, 2937
0.9708, 2936
0.9712, 2935
0.9714, 2934
0.9718, 2933
0.9721, 2932
0.9724, 2931
0.9727, 2930
0.9730, 2929
0.9733, 2928
0.9737, 2927
0.9740, 2926
0.9743, 2925
0.9746, 2924
0.9749, 2923
0.9752, 2922
0.9755, 2921
0.9758, 2920
0.9762, 2919
0.9764, 2918
0.9768, 2917
0.9771, 2916
0.9774, 2915
0.9777, 2914
0.9780, 2913
0.9783, 2912
0.9786, 2911
0.9789, 2910
0.9792, 2909
0.9794, 2908
0.9797, 2907
0.9800, 2906
0.9803, 2905
0.9806, 2904
0.9808, 2903
0.9811, 2902
0.9814, 2901
0.9817, 2900
0.9820, 2899
0.9823, 2898
0.9826, 2897
0.9829, 2896
0.9832, 2895
0.9835, 2894
0.9838, 2893
0.9841, 2892
0.9843, 2891
0.9846, 2890
0.9849, 2889
0.9852, 2888
0.9855, 2887
0.9858, 2886
0.9861, 2885
0.9864, 2884
0.9867, 2883
0.9870, 2882
0.9873, 2881
0.9875, 2880
0.9878, 2879
0.9881, 2878
0.9883, 2877
0.9887, 2876
0.9890, 2875
0.9892, 2874
0.9895, 2873
0.9898, 2872
0.9900, 2871
0.9903, 2870
0.9906, 2869
0.9909, 2868
0.9912, 2867
0.9914, 2866
0.9917, 2865
0.9920, 2864
0.9923, 2863
0.9926, 2862
0.9928, 2861
0.9931, 2860
0.9934, 2859
0.9936, 2858
0.9939, 2857
0.9942, 2856
0.9944, 2855
0.9947, 2854
0.9950, 2853
0.9952, 2852
0.9955, 2851
0.9958, 2850
0.9960, 2849
0.9963, 2848
0.9966, 2847
0.9969, 2846
0.9972, 2845
0.9975, 2844
0.9977, 2843
0.9980, 2842
0.9982, 2841
0.9985, 2840
0.9988, 2839
0.9991, 2838
0.9994, 2837
0.9996, 2836
1.0000, 2835
1.0002, 2834
1.0005, 2833
1.0008, 2832
1.0011, 2831
1.0013, 2830
1.0016, 2829
1.0019, 2828
1.0022, 2827
1.0024, 2826
1.0027, 2825
1.0030, 2824
1.0033, 2823
1.0036, 2822
1.0038, 2821
1.0041, 2820
1.0044, 2819
1.0046, 2818
1.0049, 2817
1.0052, 2816
1.0054, 2815
1.0057, 2814
1.0060, 2813
1.0063, 2812
1.0065, 2811
1.0068, 2810
1.0071, 2809
1.0073, 2808
1.0076, 2807
1.0079, 2806
1.0081, 2805
1.0084, 2804
1.0087, 2803
1.0090, 2802
1.0092, 2801
1.0095, 2800
1.0098, 2799
1.0101, 2798
1.0104, 2797
1.0107, 2796
1.0109, 2795
1.0112, 2794
1.0114, 2793
1.0117, 2792
1.0121, 2791
1.0123, 2790
1.0126, 2789
1.0128, 2788
1.0131, 2787
1.0134, 2786
1.0136, 2785
1.0140, 2784
1.0142, 2783
1.0145, 2782
1.0148, 2781
1.0150, 2780
1.0153, 2779
1.0156, 2778
1.0159, 2777
1.0161, 2776
1.0164, 2775
1.0167, 2774
1.0169, 2773
1.0172, 2772
1.0175, 2771
1.0178, 2770
1.0180, 2769
1.0183, 2768
1.0185, 2767
1.0188, 2766
1.0191, 2765
1.0193, 2764
1.0196, 2763
1.0198, 2762
1.0201, 2761
1.0204, 2760
1.0207, 2759
1.0209, 2758
1.0212, 2757
1.0215, 2756
1.0217, 2755
1.0220, 2754
1.0223, 2753
1.0226, 2752
1.0229, 2751
1.0231, 2750
1.0234, 2749
1.0237, 2748
1.0240, 2747
1.0243, 2746
1.0245, 2745
1.0248, 2744
1.0251, 2743
1.0255, 2742
1.0258, 2741
1.0261, 2740
1.0264, 2739
1.0267, 2738
1.0270, 2737
1.0273, 2736
1.0276, 2735
1.0280, 2734
1.0282, 2733
1.0285, 2732
1.0288, 2731
1.0291, 2730
1.0294, 2729
1.0297, 2728
1.0300, 2727
1.0303, 2726
1.0305, 2725
1.0308, 2724
1.0311, 2723
1.0314, 2722
1.0317, 2721
1.0320, 2720
1.0323, 2719
1.0326, 2718
1.0329, 2717
1.0332, 2716
1.0335, 2715
1.0337, 2714
1.0340, 2713
1.0342, 2712
1.0345, 2711
1.0348, 2710
1.0351, 2709
1.0353, 2708
1.0356, 2707
1.0359, 2706
1.0361, 2705
1.0364, 2704
1.0367, 2703
1.0370, 2702
1.0372, 2701
1.0375, 2700
1.0378, 2699
1.0380, 2698
1.0383, 2697
1.0386, 2696
1.0389, 2695
1.0392, 2694
1.0395, 2693
1.0398, 2692
1.0401, 2691
1.0403, 2690
1.0406, 2689
1.0409, 2688
1.0412, 2687
1.0414, 2686
1.0417, 2685
1.0420, 2684
1.0423, 2683
1.0426, 2682
1.0428, 2681
1.0431, 2680
1.0434, 2679
1.0436, 2678
1.0439, 2677
1.0442, 2676
1.0445, 2675
1.0448, 2674
1.0451, 2673
1.0454, 2672
1.0457, 2671
1.0460, 2670
1.0463, 2669
1.0465, 2668
1.0468, 2667
1.0471, 2666
1.0474, 2665
1.0476, 2664
1.0479, 2663
1.0482, 2662
1.0485, 2661
1.0488, 2660
1.0491, 2659
1.0493, 2658
1.0496, 2657
1.0499, 2656
1.0501, 2655
1.0504, 2654
1.0506, 2653
1.0509, 2652
1.0512, 2651
1.0514, 2650
1.0517, 2649
1.0519, 2648
1.0522, 2647
1.0524, 2646
1.0527, 2645
1.0529, 2644
1.0532, 2643
1.0534, 2642
1.0537, 2641
1.0539, 2640
1.0542, 2639
1.0544, 2638
1.0547, 2637
1.0550, 2636
1.0552, 2635
1.0555, 2634
1.0557, 2633
1.0560, 2632
1.0562, 2631
1.0565, 2630
1.0568, 2629
1.0571, 2628
1.0574, 2627
1.0576, 2626
1.0579, 2625
1.0582, 2624
1.0584, 2623
1.0587, 2622
1.0589, 2621
1.0592, 2620
1.0594, 2619
1.0597, 2618
1.0600, 2617
1.0603, 2616
1.0605, 2615
1.0608, 2614
1.0611, 2613
1.0613, 2612
1.0616, 2611
1.0618, 2610
1.0621, 2609
1.0623, 2608
1.0626, 2607
1.0628, 2606
1.0631, 2605
1.0634, 2604
1.0636, 2603
1.0639, 2602
1.0641, 2601
1.0644, 2600
1.0646, 2599
1.0649, 2598
1.0652, 2597
1.0654, 2596
1.0657, 2595
1.0659, 2594
1.0662, 2593
1.0665, 2592
1.0667, 2591
1.0670, 2590
1.0673, 2589
1.0675, 2588
1.0678, 2587
1.0680, 2586
1.0683, 2585
1.0685, 2584
1.0688, 2583
1.0690, 2582
1.0693, 2581
1.0696, 2580
1.0698, 2579
1.0701, 2578
1.0704, 2577
1.0707, 2576
1.0710, 2575
1.0712, 2574
1.0715, 2573
1.0717, 2572
1.0720, 2571
1.0723, 2570
1.0726, 2569
1.0728, 2568
1.0731, 2567
1.0733, 2566
1.0736, 2565
1.0739, 2564
1.0784, 2563
1.0868, 2562
1.0993, 2561
1.0995, 2560
1.1077, 2559
1.1079, 2558
1.1122, 2557
1.1165, 2556
1.1351, 2555
1.1415, 2554
1.1766, 2553
1.1831, 2552
1.1896, 2551
1.2063, 2550
1.2127, 2549
1.2130, 2548
1.2173, 2547
1.2176, 2546
1.2321, 2545
1.2365, 2544
1.2552, 2543
1.2554, 2542
1.2597, 2541
1.2620, 2540
1.2622, 2539
1.2624, 2538
1.2668, 2537
1.2754, 2536
1.2757, 2535
1.2908, 2534
1.2993, 2533
1.3078, 2532
1.3081, 2531
1.3165, 2530
1.3230, 2529
1.3313, 2528
1.3543, 2527
1.3687, 2526
1.3710, 2525
1.3712, 2524
1.3797, 2523
1.3861, 2522
1.3925, 2521
1.3948, 2520
1.4013, 2519
1.4015, 2518
1.4080, 2517
1.4082, 2516
1.4084, 2515
1.4086, 2514
1.4171, 2513
1.4277, 2512
1.4894, 2511
1.5040, 2510
1.5042, 2509
1.5168, 2508
1.5440, 2507
1.5505, 2506
1.5653, 2505
1.5655, 2504
1.5843, 2503
1.5948, 2502
1.6012, 2501
1.6241, 2500
1.6472, 2499
1.6558, 2498
1.6581, 2497
1.6604, 2496
1.6607, 2495
1.6650, 2494
1.6777, 2493
1.6780, 2492
1.6823, 2491
1.6867, 2490
1.6951, 2489
1.6954, 2488
1.6956, 2487
1.6958, 2486
1.6960, 2485
1.7046, 2484
1.7048, 2483
1.7051, 2482
1.7199, 2481
1.7201, 2480
1.7203, 2479
1.7392, 2478
1.7477, 2477
1.7521, 2476
1.7586, 2475
1.7630, 2474
1.7694, 2473
1.7738, 2472
1.7741, 2471
1.7743, 2470
1.7745, 2469
1.7934, 2468
1.8064, 2467
1.8108, 2466
1.8110, 2465
1.8113, 2464
1.8115, 2463
1.8288, 2462
1.8456, 2461
1.8541, 2460
1.8687, 2459
1.8690, 2458
1.8796, 2457
1.8798, 2456
1.8800, 2455
1.8844, 2454
1.8948, 2453
1.8951, 2452
1.9077, 2451
1.9224, 2450
1.9308, 2449
1.9332, 2448
1.9417, 2447
1.9565, 2446
1.9795, 2445
1.9839, 2444
1.9965, 2443
2.0030, 2442
2.0219, 2441
2.0470, 2440
2.0575, 2439
2.0577, 2438
2.0807, 2437
2.0871, 2436
2.0935, 2435
2.1041, 2434
2.1311, 2433
2.1355, 2432
2.1481, 2431
2.1628, 2430
2.1630, 2429
2.1982, 2428
2.2088, 2427
2.2256, 2426
2.2258, 2425
2.2343, 2424
2.2491, 2423
2.2658, 2422
2.2660, 2421
2.2827, 2420
2.2953, 2419
2.3080, 2418
2.3187, 2417
2.3354, 2416
2.3502, 2415
2.3504, 2414
2.3630, 2413
2.3715, 2412
2.3718, 2411
2.3782, 2410
2.3867, 2409
2.3869, 2408
2.3891, 2407
2.3894, 2406
2.3998, 2405
2.4001, 2404
2.4044, 2403
2.4046, 2402
2.4049, 2401
2.4134, 2400
2.4299, 2399
2.4426, 2398
2.4490, 2397
2.4493, 2396
2.4516, 2395
2.4518, 2394
2.4581, 2393
2.4646, 2392
2.4649, 2391
2.4735, 2390
2.4738, 2389
2.4868, 2388
2.5016, 2387
2.5059, 2386
2.5062, 2385
2.5064, 2384
2.5066, 2383
2.5069, 2382
2.5071, 2381
2.5136, 2380
2.5138, 2379
2.5202, 2378
2.5204, 2377
2.5207, 2376
2.5250, 2375
2.5252, 2374
2.5361, 2373
2.5363, 2372
2.5386, 2371
2.5450, 2370
2.5453, 2369
2.5455, 2368
2.5582, 2367
2.5584, 2366
2.5688, 2365
2.5732, 2364
2.5735, 2363
2.5737, 2362
2.5824, 2361
2.5826, 2360
2.5829, 2359
2.5831, 2358
2.5833, 2357
2.5836, 2356
2.6044, 2355
2.6047, 2354
2.6111, 2353
2.6113, 2352
2.6157, 2351
2.6201, 2350
2.6203, 2349
2.6205, 2348
2.6208, 2347
2.6251, 2346
2.6459, 2345
2.6461, 2344
2.6545, 2343
2.6589, 2342
2.6612, 2341
2.6779, 2340
2.6781, 2339
2.6845, 2338
2.6888, 2337
2.6890, 2336
2.6893, 2335
2.6936, 2334
2.7122, 2333
2.7145, 2332
2.7147, 2331
2.7334, 2330
2.7357, 2329
2.7359, 2328
2.7402, 2327
2.7610, 2326
2.7799, 2325
2.7801, 2324
2.7804, 2323
2.7907, 2322
2.7910, 2321
2.8015, 2320
2.8017, 2319
2.8737, 2318
2.9353, 2317
2.9375, 2316
2.9398, 2315
2.9441, 2314
2.9444, 2313
2.9466, 2312
2.9509, 2311
2.9511, 2310
2.9554, 2309
2.9720, 2308
2.9722, 2307
2.9847, 2306
2.9849, 2305
2.9851, 2304
2.9894, 2303
2.9896, 2302
3.0021, 2301
3.0126, 2300
3.0128, 2299
3.0130, 2298
3.0153, 2297
3.0258, 2296
3.0300, 2295
3.0303, 2294
3.0347, 2293
3.0391, 2292
3.0393, 2291
3.0416, 2290
3.0500, 2289
3.0547, 2288
3.0672, 2287
3.0756, 2286
3.0861, 2285
3.0863, 2284
3.0946, 2283
3.0949, 2282
3.0971, 2281
3.0973, 2280
3.1119, 2279
3.1244, 2278
3.1327, 2277
3.1514, 2276
3.1619, 2275
3.1683, 2274
3.2033, 2273
3.2097, 2272
3.2099, 2271
3.2102, 2270
3.2104, 2269
3.2106, 2268
3.2149, 2267
3.2151, 2266
3.2194, 2265
3.2258, 2264
3.2281, 2263
3.2283, 2262
3.2510, 2261
3.2614, 2260
3.2678, 2259
3.2783, 2258
3.2785, 2257
3.2971, 2256
3.3034, 2255
3.3077, 2254
3.3120, 2253
3.3163, 2252
3.3308, 2251
3.3311, 2250
3.3313, 2249
3.3315, 2248
3.3542, 2247
3.3544, 2246
3.3607, 2245
3.3649, 2244
3.3693, 2243
3.3777, 2242
3.3779, 2241
3.3822, 2240
3.3906, 2239
3.3969, 2238
3.4032, 2237
3.4137, 2236
3.4220, 2235
3.4303, 2234
3.4407, 2233
3.4510, 2232
3.4533, 2231
3.4616, 2230
3.4699, 2229
3.4783, 2228
3.4947, 2227
3.4990, 2226
3.5422, 2225
3.5730, 2224
3.6388, 2223
3.7000, 2222
3.7207, 2221
3.7250, 2220
3.7313, 2219
3.7967, 2218
3.8684, 2217
3.9298, 2216
3.9649, 2215
3.9673, 2214
3.9777, 2213
4.0559, 2212
4.3019, 2211
4.3164, 2210
