0.6742, 3931
0.6745, 3930
0.6748, 3929
0.6752, 3928
0.6755, 3927
0.6758, 3926
0.6762, 3925
0.6765, 3924
0.6768, 3923
0.6772, 3922
0.6775, 3921
0.6778, 3920
0.6781, 3919
0.6785, 3918
0.6788, 3917
0.6791, 3916
0.6795, 3915
0.6798, 3914
0.6801, 3913
0.6805, 3912
0.6808, 3911
0.6811, 3910
0.6815, 3909
0.6818, 3908
0.6821, 3907
0.6825, 3906
0.6828, 3905
0.6831, 3904
0.6835, 3903
0.6838, 3902
0.6841, 3901
0.6845, 3900
0.6848, 3899
0.6851, 3898
0.6854, 3897
0.6858, 3896
0.6861, 3895
0.6864, 3894
0.6868, 3893
0.6871, 3892
0.6874, 3891
0.6877, 3890
0.6881, 3889
0.6884, 3888
0.6888, 3887
0.6891, 3886
0.6894, 3885
0.6898, 3884
0.6901, 3883
0.6904, 3882
0.6908, 3881
0.6911, 3880
0.6914, 3879
0.6917, 3878
0.6921, 3877
0.6924, 3876
0.6927, 3875
0.6930, 3874
0.6934, 3873
0.6937, 3872
0.6940, 3871
0.6943, 3870
0.6947, 3869
0.6950, 3868
0.6953, 3867
0.6956, 3866
0.6960, 3865
0.6963, 3864
0.6967, 3863
0.6970, 3862
0.6973, 3861
0.6976, 3860
0.6980, 3859
0.6983, 3858
0.6986, 3857
0.6989, 3856
0.6993, 3855
0.6996, 3854
0.6999, 3853
0.7003, 3852
0.7006, 3851
0.7009, 3850
0.7012, 3849
0.7015, 3848
0.7019, 3847
0.7022, 3846
0.7025, 3845
0.7028, 3844
0.7032, 3843
0.7035, 3842
0.7038, 3841
0.7042, 3840
0.7045, 3839
0.7049, 3838
0.7052, 3837
0.7056, 3836
0.7059, 3835
0.7062, 3834
0.7066, 3833
0.7069, 3832
0.7072, 3831
0.7075, 3830
0.7079, 3829
0.7082, 3828
0.7085, 3827
0.7089, 3826
0.7092, 3825
0.7095, 3824
0.7099, 3823
0.7102, 3822
0.7105, 3821
0.7108, 3820
0.7112, 3819
0.7115, 3818
0.7118, 3817
0.7122, 3816
0.7125, 3815
0.7129, 3814
0.7132, 3813
0.7135, 3812
0.7138, 3811
0.7142, 3810
0.7145, 3809
0.7148, 3808
0.7152, 3807
0.7155, 3806
0.7158, 3805
0.7161, 3804
0.7165, 3803
0.7168, 3802
0.7171, 3801
0.7175, 3800
0.7178, 3799
0.7182, 3798
0.7185, 3797
0.7188, 3796
0.7191, 3795
0.7195, 3794
0.7198, 3793
0.7201, 3792
0.7204, 3791
0.7208, 3790
0.7211, 3789
0.7214, 3788
0.7217, 3787
0.7220, 3786
0.7224, 3785
0.7227, 3784
0.7231, 3783
0.7234, 3782
0.7237, 3781
0.7240, 3780
0.7244, 3779
0.7247, 3778
0.7251, 3777
0.7254, 3776
0.7257, 3775
0.7260, 3774
0.7264, 3773
0.7267, 3772
0.7270, 3771
0.7273, 3770
0.7276, 3769
0.7280, 3768
0.7283, 3767
0.7286, 3766
0.7290, 3765
0.7293, 3764
0.7296, 3763
0.7300, 3762
0.7303, 3761
0.7306, 3760
0.7309, 3759
0.7313, 3758
0.7316, 3757
0.7319, 3756
0.7322, 3755
0.7326, 3754
0.7329, 3753
0.7332, 3752
0.7336, 3751
0.7339, 3750
0.7343, 3749
0.7346, 3748
0.7349, 3747
0.7353, 3746
0.7356, 3745
0.7359, 3744
0.7362, 3743
0.7366, 3742
0.7369, 3741
0.7373, 3740
0.7376, 3739
0.7379, 3738
0.7382, 3737
0.7385, 3736
0.7389, 3735
0.7392, 3734
0.7395, 3733
0.7398, 3732
0.7401, 3731
0.7405, 3730
0.7408, 3729
0.7411, 3728
0.7414, 3727
0.7417, 3726
0.7420, 3725
0.7424, 3724
0.7427, 3723
0.7430, 3722
0.7434, 3721
0.7437, 3720
0.7440, 3719
0.7444, 3718
0.7447, 3717
0.7450, 3716
0.7453, 3715
0.7457, 3714
0.7460, 3713
0.7463, 3712
0.7466, 3711
0.7469, 3710
0.7473, 3709
0.7476, 3708
0.7479, 3707
0.7482, 3706
0.7486, 3705
0.7489, 3704
0.7492, 3703
0.7495, 3702
0.7498, 3701
0.7502, 3700
0.7505, 3699
0.7508, 3698
0.7511, 3697
0.7514, 3696
0.7518, 3695
0.7521, 3694
0.7524, 3693
0.7527, 3692
0.7530, 3691
0.7533, 3690
0.7537, 3689
0.7540, 3688
0.7543, 3687
0.7546, 3686
0.7550, 3685
0.7553, 3684
0.7556, 3683
0.7560, 3682
0.7563, 3681
0.7566, 3680
0.7569, 3679
0.7572, 3678
0.7576, 3677
0.7579, 3676
0.7582, 3675
0.7586, 3674
0.7589, 3673
0.7592, 3672
0.7595, 3671
0.7598, 3670
0.7602, 3669
0.7605, 3668
0.7608, 3667
0.7611, 3666
0.7614, 3665
0.7618, 3664
0.7621, 3663
0.7624, 3662
0.7627, 3661
0.7630, 3660
0.7634, 3659
0.7637, 3658
0.7640, 3657
0.7644, 3656
0.7647, 3655
0.7650, 3654
0.7653, 3653
0.7656, 3652
0.7660, 3651
0.7663, 3650
0.7667, 3649
0.7670, 3648
0.7673, 3647
0.7676, 3646
0.7680, 3645
0.7684, 3644
0.7687, 3643
0.7690, 3642
0.7694, 3641
0.7697, 3640
0.7701, 3639
0.7704, 3638
0.7707, 3637
0.7710, 3636
0.7713, 3635
0.7717, 3634
0.7720, 3633
0.7723, 3632
0.7726, 3631
0.7729, 3630
0.7732, 3629
0.7736, 3628
0.7739, 3627
0.7742, 3626
0.7746, 3625
0.7749, 3624
0.7752, 3623
0.7755, 3622
0.7759, 3621
0.7762, 3620
0.7765, 3619
0.7768, 3618
0.7771, 3617
0.7774, 3616
0.7777, 3615
0.7780, 3614
0.7783, 3613
0.7787, 3612
0.7790, 3611
0.7793, 3610
0.7796, 3609
0.7800, 3608
0.7803, 3607
0.7806, 3606
0.7809, 3605
0.7812, 3604
0.7816, 3603
0.7819, 3602
0.7822, 3601
0.7826, 3600
0.7829, 3599
0.7832, 3598
0.7835, 3597
0.7838, 3596
0.7842, 3595
0.7845, 3594
0.7848, 3593
0.7851, 3592
0.7854, 3591
0.7857, 3590
0.7860, 3589
0.7863, 3588
0.7867, 3587
0.7870, 3586
0.7873, 3585
0.7876, 3584
0.7879, 3583
0.7882, 3582
0.7885, 3581
0.7889, 3580
0.7892, 3579
0.7895, 3578
0.7899, 3577
0.7902, 3576
0.7905, 3575
0.7908, 3574
0.7912, 3573
0.7915, 3572
0.7918, 3571
0.7921, 3570
0.7924, 3569
0.7928, 3568
0.7931, 3567
0.7934, 3566
0.7937, 3565
0.7940, 3564
0.7943, 3563
0.7946, 3562
0.7950, 3561
0.7953, 3560
0.7956, 3559
0.7959, 3558
0.7962, 3557
0.7965, 3556
0.7968, 3555
0.7971, 3554
0.7975, 3553
0.7978, 3552
0.7981, 3551
0.7985, 3550
0.7989, 3549
0.7992, 3548
0.7995, 3547
0.7999, 3546
0.8002, 3545
0.8005, 3544
0.8008, 3543
0.8011, 3542
0.8014, 3541
0.8017, 3540
0.8021, 3539
0.8024, 3538
0.8027, 3537
0.8030, 3536
0.8033, 3535
0.8036, 3534
0.8039, 3533
0.8042, 3532
0.8045, 3531
0.8049, 3530
0.8052, 3529
0.8055, 3528
0.8058, 3527
0.8061, 3526
0.8064, 3525
0.8067, 3524
0.8071, 3523
0.8074, 3522
0.8078, 3521
0.8081, 3520
0.8084, 3519
0.8087, 3518
0.8090, 3517
0.8093, 3516
0.8096, 3515
0.8099, 3514
0.8102, 3513
0.8105, 3512
0.8108, 3511
0.8112, 3510
0.8115, 3509
0.8118, 3508
0.8121, 3507
0.8124, 3506
0.8127, 3505
0.8130, 3504
0.8134, 3503
0.8137, 3502
0.8140, 3501
0.8144, 3500
0.8147, 3499
0.8150, 3498
0.8153, 3497
0.8156, 3496
0.8159, 3495
0.8162, 3494
0.8166, 3493
0.8169, 3492
0.8172, 3491
0.8175, 3490
0.8178, 3489
0.8181, 3488
0.8184, 3487
0.8187, 3486
0.8190, 3485
0.8194, 3484
0.8196, 3483
0.8200, 3482
0.8203, 3481
0.8206, 3480
0.8209, 3479
0.8212, 3478
0.8215, 3477
0.8218, 3476
0.8221, 3475
0.8224, 3474
0.8228, 3473
0.8231, 3472
0.8234, 3471
0.8237, 3470
0.8240, 3469
0.8243, 3468
0.8246, 3467
0.8249, 3466
0.8252, 3465
0.8255, 3464
0.8258, 3463
0.8261, 3462
0.8264, 3461
0.8267, 3460
0.8270, 3459
0.8274, 3458
0.8277, 3457
0.8280, 3456
0.8283, 3455
0.8286, 3454
0.8289, 3453
0.8292, 3452
0.8295, 3451
0.8298, 3450
0.8301, 3449
0.8304, 3448
0.8307, 3447
0.8310, 3446
0.8313, 3445
0.8317, 3444
0.8320, 3443
0.8323, 3442
0.8326, 3441
0.8329, 3440
0.8332, 3439
0.8335, 3438
0.8338, 3437
0.8341, 3436
0.8344, 3435
0.8347, 3434
0.8350, 3433
0.8353, 3432
0.8356, 3431
0.8359, 3430
0.8362, 3429
0.8365, 3428
0.8368, 3427
0.8371, 3426
0.8374, 3425
0.8378, 3424
0.8381, 3423
0.8384, 3422
0.8387, 3421
0.8390, 3420
0.8393, 3419
0.8396, 3418
0.8399, 3417
0.8402, 3416
0.8405, 3415
0.8408, 3414
0.8411, 3413
0.8414, 3412
0.8417, 3411
0.8420, 3410
0.8423, 3409
0.8426, 3408
0.8429, 3407
0.8432, 3406
0.8434, 3405
0.8437, 3404
0.8440, 3403
0.8443, 3402
0.8446, 3401
0.8449, 3400
0.8452, 3399
0.8456, 3398
0.8459, 3397
0.8462, 3396
0.8465, 3395
0.8468, 3394
0.8472, 3393
0.8475, 3392
0.8478, 3391
0.8481, 3390
0.8484, 3389
0.8487, 3388
0.8490, 3387
0.8493, 3386
0.8497, 3385
0.8500, 3384
0.8503, 3383
0.8506, 3382
0.8509, 3381
0.8512, 3380
0.8515, 3379
0.8518, 3378
0.8522, 3377
0.8525, 3376
0.8528, 3375
0.8531, 3374
0.8534, 3373
0.8537, 3372
0.8540, 3371
0.8543, 3370
0.8546, 3369
0.8549, 3368
0.8552, 3367
0.8555, 3366
0.8558, 3365
0.8561, 3364
0.8564, 3363
0.8567, 3362
0.8570, 3361
0.8573, 3360
0.8576, 3359
0.8579, 3358
0.8582, 3357
0.8585, 3356
0.8588, 3355
0.8591, 3354
0.8594, 3353
0.8598, 3352
0.8601, 3351
0.8604, 3350
0.8607, 3349
0.8610, 3348
0.8613, 3347
0.8616, 3346
0.8619, 3345
0.8622, 3344
0.8625, 3343
0.8628, 3342
0.8631, 3341
0.8634, 3340
0.8637, 3339
0.8640, 3338
0.8644, 3337
0.8647, 3336
0.8649, 3335
0.8652, 3334
0.8655, 3333
0.8658, 3332
0.8661, 3331
0.8665, 3330
0.8668, 3329
0.8671, 3328
0.8674, 3327
0.8677, 3326
0.8680, 3325
0.8683, 3324
0.8686, 3323
0.8689, 3322
0.8692, 3321
0.8695, 3320
0.8698, 3319
0.8702, 3318
0.8705, 3317
0.8709, 3316
0.8712, 3315
0.8715, 3314
0.8718, 3313
0.8721, 3312
0.8724, 3311
0.8727, 3310
0.8730, 3309
0.8734, 3308
0.8737, 3307
0.8740, 3306
0.8744, 3305
0.8747, 3304
0.8750, 3303
0.8753, 3302
0.8756, 3301
0.8760, 3300
0.8763, 3299
0.8766, 3298
0.8768, 3297
0.8771, 3296
0.8775, 3295
0.8779, 3294
0.8782, 3293
0.8785, 3292
0.8788, 3291
0.8791, 3290
0.8794, 3289
0.8797, 3288
0.8800, 3287
0.8803, 3286
0.8806, 3285
0.8809, 3284
0.8813, 3283
0.8816, 3282
0.8820, 3281
0.8823, 3280
0.8826, 3279
0.8829, 3278
0.8832, 3277
0.8835, 3276
0.8838, 3275
0.8841, 3274
0.8845, 3273
0.8848, 3272
0.8851, 3271
0.8854, 3270
0.8857, 3269
0.8860, 3268
0.8863, 3267
0.8866, 3266
0.8870, 3265
0.8872, 3264
0.8876, 3263
0.8879, 3262
0.8882, 3261
0.8885, 3260
0.8888, 3259
0.8891, 3258
0.8894, 3257
0.8897, 3256
0.8900, 3255
0.8903, 3254
0.8906, 3253
0.8909, 3252
0.8912, 3251
0.8915, 3250
0.8918, 3249
0.8921, 3248
0.8924, 3247
0.8927, 3246
0.8930, 3245
0.8933, 3244
0.8936, 3243
0.8939, 3242
0.8942, 3241
0.8946, 3240
0.8949, 3239
0.8952, 3238
0.8955, 3237
0.8958, 3236
0.8961, 3235
0.8964, 3234
0.8967, 3233
0.8970, 3232
0.8973, 3231
0.8976, 3230
0.8979, 3229
0.8982, 3228
0.8985, 3227
0.8988, 3226
0.8992, 3225
0.8995, 3224
0.8998, 3223
0.9001, 3222
0.9004, 3221
0.9007, 3220
0.9010, 3219
0.9013, 3218
0.9017, 3217
0.9020, 3216
0.9022, 3215
0.9025, 3214
0.9028, 3213
0.9031, 3212
0.9034, 3211
0.9037, 3210
0.9040, 3209
0.9044, 3208
0.9047, 3207
0.9051, 3206
0.9054, 3205
0.9057, 3204
0.9060, 3203
0.9064, 3202
0.9067, 3201
0.9070, 3200
0.9073, 3199
0.9077, 3198
0.9080, 3197
0.9083, 3196
0.9086, 3195
0.9089, 3194
0.9092, 3193
0.9095, 3192
0.9098, 3191
0.9102, 3190
0.9105, 3189
0.9108, 3188
0.9111, 3187
0.9114, 3186
0.9117, 3185
0.9120, 3184
0.9123, 3183
0.9126, 3182
0.9129, 3181
0.9132, 3180
0.9135, 3179
0.9138, 3178
0.9141, 3177
0.9143, 3176
0.9147, 3175
0.9150, 3174
0.9154, 3173
0.9157, 3172
0.9159, 3171
0.9163, 3170
0.9166, 3169
0.9169, 3168
0.9172, 3167
0.9175, 3166
0.9178, 3165
0.9181, 3164
0.9184, 3163
0.9188, 3162
0.9191, 3161
0.9194, 3160
0.9197, 3159
0.9200, 3158
0.9203, 3157
0.9206, 3156
0.9210, 3155
0.9213, 3154
0.9216, 3153
0.9219, 3152
0.9222, 3151
0.9225, 3150
0.9229, 3149
0.9231, 3148
0.9234, 3147
0.9237, 3146
0.9241, 3145
0.9244, 3144
0.9248, 3143
0.9251, 3142
0.9254, 3141
0.9257, 3140
0.9260, 3139
0.9264, 3138
0.9267, 3137
0.9270, 3136
0.9272, 3135
0.9275, 3134
0.9279, 3133
0.9282, 3132
0.9285, 3131
0.9288, 3130
0.9291, 3129
0.9294, 3128
0.9297, 3127
0.9300, 3126
0.9303, 3125
0.9306, 3124
0.9309, 3123
0.9311, 3122
0.9314, 3121
0.9317, 3120
0.9320, 3119
0.9324, 3118
0.9327, 3117
0.9329, 3116
0.9332, 3115
0.9335, 3114
0.9338, 3113
0.9341, 3112
0.9343, 3111
0.9346, 3110
0.9349, 3109
0.9352, 3108
0.9355, 3107
0.9358, 3106
0.9361, 3105
0.9363, 3104
0.9366, 3103
0.9369, 3102
0.9372, 3101
0.9374, 3100
0.9378, 3099
0.9380, 3098
0.9383, 3097
0.9386, 3096
0.9389, 3095
0.9392, 3094
0.9395, 3093
0.9398, 3092
0.9401, 3091
0.9404, 3090
0.9407, 3089
0.9410, 3088
0.9412, 3087
0.9415, 3086
0.9418, 3085
0.9421, 3084
0.9424, 3083
0.9427, 3082
0.9430, 3081
0.9433, 3080
0.9436, 3079
0.9438, 3078
0.9441, 3077
0.9445, 3076
0.9448, 3075
0.9451, 3074
0.9454, 3073
0.9456, 3072
0.9459, 3071
0.9462, 3070
0.9465, 3069
0.9468, 3068
0.9471, 3067
0.9473, 3066
0.9476, 3065
0.9479, 3064
0.9482, 3063
0.9485, 3062
0.9488, 3061
0.9491, 3060
0.9493, 3059
0.9496, 3058
0.9499, 3057
0.9502, 3056
0.9504, 3055
0.9507, 3054
0.9510, 3053
0.9513, 3052
0.9516, 3051
0.9519, 3050
0.9522, 3049
0.9525, 3048
0.9528, 3047
0.9531, 3046
0.9534, 3045
0.9536, 3044
0.9539, 3043
0.9542, 3042
0.9545, 3041
0.9547, 3040
0.9550, 3039
0.9553, 3038
0.9556, 3037
0.9558, 3036
0.9561, 3035
0.9564, 3034
0.9566, 3033
0.9569, 3032
0.9572, 3031
0.9574, 3030
0.9577, 3029
0.9580, 3028
0.9583, 3027
0.9586, 3026
0.9589, 3025
0.9592, 3024
0.9594, 3023
0.9597, 3022
0.9600, 3021
0.9603, 3020
0.9605, 3019
0.9608, 3018
0.9611, 3017
0.9614, 3016
0.9616, 3015
0.9619, 3014
0.9622, 3013
0.9625, 3012
0.9628, 3011
0.9630, 3010
0.9633, 3009
0.9636, 3008
0.9639, 3007
0.9641, 3006
0.9644, 3005
0.9647, 3004
0.9650, 3003
0.9652, 3002
0.9655, 3001
0.9658, 3000
0.9660, 2999
0.9663, 2998
0.9666, 2997
0.9669, 2996
0.9672, 2995
0.9674, 2994
0.9677, 2993
0.9680, 2992
0.9682, 2991
0.9685, 2990
0.9688, 2989
0.9690, 2988
0.9693, 2987
0.9696, 2986
0.9699, 2985
0.9701, 2984
0.9704, 2983
0.9707, 2982
0.9709, 2981
0.9712, 2980
0.9715, 2979
0.9718, 2978
0.9721, 2977
0.9723, 2976
0.9726, 2975
0.9729, 2974
0.9731, 2973
0.9734, 2972
0.9737, 2971
0.9740, 2970
0.9743, 2969
0.9746, 2968
0.9749, 2967
0.9752, 2966
0.9754, 2965
0.9757, 2964
0.9760, 2963
0.9763, 2962
0.9765, 2961
0.9768, 2960
0.9770, 2959
0.9773, 2958
0.9776, 2957
0.9779, 2956
0.9782, 2955
0.9785, 2954
0.9788, 2953
0.9791, 2952
0.9794, 2951
0.9797, 2950
0.9800, 2949
0.9802, 2948
0.9805, 2947
0.9808, 2946
0.9811, 2945
0.9814, 2944
0.9816, 2943
0.9819, 2942
0.9822, 2941
0.9825, 2940
0.9827, 2939
0.9830, 2938
0.9833, 2937
0.9836, 2936
0.9840, 2935
0.9842, 2934
0.9845, 2933
0.9847, 2932
0.9851, 2931
0.9853, 2930
0.9856, 2929
0.9860, 2928
0.9863, 2927
0.9866, 2926
0.9868, 2925
0.9872, 2924
0.9875, 2923
0.9877, 2922
0.9880, 2921
0.9883, 2920
0.9886, 2919
0.9889, 2918
0.9892, 2917
0.9895, 2916
0.9898, 2915
0.9901, 2914
0.9904, 2913
0.9907, 2912
0.9910, 2911
0.9913, 2910
0.9916, 2909
0.9919, 2908
0.9922, 2907
0.9924, 2906
0.9927, 2905
0.9930, 2904
0.9933, 2903
0.9935, 2902
0.9938, 2901
0.9941, 2900
0.9944, 2899
0.9947, 2898
0.9949, 2897
0.9952, 2896
0.9955, 2895
0.9958, 2894
0.9961, 2893
0.9964, 2892
0.9967, 2891
0.9970, 2890
0.9973, 2889
0.9975, 2888
0.9978, 2887
0.9981, 2886
0.9984, 2885
0.9987, 2884
0.9990, 2883
0.9993, 2882
0.9996, 2881
0.9999, 2880
1.0002, 2879
1.0004, 2878
1.0007, 2877
1.0010, 2876
1.0012, 2875
1.0015, 2874
1.0018, 2873
1.0021, 2872
1.0024, 2871
1.0026, 2870
1.0029, 2869
1.0032, 2868
1.0035, 2867
1.0037, 2866
1.0040, 2865
1.0043, 2864
1.0046, 2863
1.0048, 2862
1.0051, 2861
1.0054, 2860
1.0057, 2859
1.0059, 2858
1.0062, 2857
1.0064, 2856
1.0067, 2855
1.0070, 2854
1.0072, 2853
1.0075, 2852
1.0078, 2851
1.0080, 2850
1.0083, 2849
1.0086, 2848
1.0088, 2847
1.0091, 2846
1.0094, 2845
1.0096, 2844
1.0099, 2843
1.0102, 2842
1.0105, 2841
1.0107, 2840
1.0110, 2839
1.0113, 2838
1.0115, 2837
1.0118, 2836
1.0121, 2835
1.0123, 2834
1.0126, 2833
1.0129, 2832
1.0132, 2831
1.0134, 2830
1.0137, 2829
1.0140, 2828
1.0142, 2827
1.0145, 2826
1.0148, 2825
1.0151, 2824
1.0153, 2823
1.0156, 2822
1.0159, 2821
1.0161, 2820
1.0164, 2819
1.0167, 2818
1.0170, 2817
1.0173, 2816
1.0175, 2815
1.0178, 2814
1.0180, 2813
1.0183, 2812
1.0186, 2811
1.0188, 2810
1.0191, 2809
1.0194, 2808
1.0196, 2807
1.0199, 2806
1.0202, 2805
1.0204, 2804
1.0207, 2803
1.0210, 2802
1.0212, 2801
1.0215, 2800
1.0218, 2799
1.0220, 2798
1.0223, 2797
1.0226, 2796
1.0229, 2795
1.0231, 2794
1.0234, 2793
1.0237, 2792
1.0239, 2791
1.0242, 2790
1.0245, 2789
1.0248, 2788
1.0251, 2787
1.0253, 2786
1.0256, 2785
1.0259, 2784
1.0261, 2783
1.0264, 2782
1.0266, 2781
1.0269, 2780
1.0272, 2779
1.0274, 2778
1.0277, 2777
1.0280, 2776
1.0282, 2775
1.0285, 2774
1.0288, 2773
1.0290, 2772
1.0293, 2771
1.0295, 2770
1.0298, 2769
1.0301, 2768
1.0303, 2767
1.0306, 2766
1.0308, 2765
1.0311, 2764
1.0314, 2763
1.0317, 2762
1.0319, 2761
1.0322, 2760
1.0324, 2759
1.0327, 2758
1.0330, 2757
1.0333, 2756
1.0335, 2755
1.0338, 2754
1.0340, 2753
1.0343, 2752
1.0346, 2751
1.0349, 2750
1.0351, 2749
1.0354, 2748
1.0357, 2747
1.0360, 2746
1.0362, 2745
1.0365, 2744
1.0368, 2743
1.0370, 2742
1.0373, 2741
1.0375, 2740
1.0378, 2739
1.0382, 2738
1.0385, 2737
1.0388, 2736
1.0390, 2735
1.0393, 2734
1.0396, 2733
1.0399, 2732
1.0402, 2731
1.0404, 2730
1.0407, 2729
1.0410, 2728
1.0412, 2727
1.0415, 2726
1.0418, 2725
1.0421, 2724
1.0424, 2723
1.0426, 2722
1.0429, 2721
1.0431, 2720
1.0434, 2719
1.0437, 2718
1.0439, 2717
1.0442, 2716
1.0445, 2715
1.0448, 2714
1.0450, 2713
1.0453, 2712
1.0456, 2711
1.0459, 2710
1.0461, 2709
1.0464, 2708
1.0466, 2707
1.0469, 2706
1.0472, 2705
1.0474, 2704
1.0477, 2703
1.0480, 2702
1.0483, 2701
1.0485, 2700
1.0488, 2699
1.0491, 2698
1.0493, 2697
1.0496, 2696
1.0499, 2695
1.0501, 2694
1.0504, 2693
1.0507, 2692
1.0509, 2691
1.0512, 2690
1.0515, 2689
1.0517, 2688
1.0520, 2687
1.0523, 2686
1.0525, 2685
1.0528, 2684
1.0531, 2683
1.0533, 2682
1.0536, 2681
1.0539, 2680
1.0541, 2679
1.0544, 2678
1.0546, 2677
1.0549, 2676
1.0552, 2675
1.0554, 2674
1.0557, 2673
1.0560, 2672
1.0563, 2671
1.0566, 2670
1.0569, 2669
1.0571, 2668
1.0574, 2667
1.0576, 2666
1.0579, 2665
1.0581, 2664
1.0584, 2663
1.0586, 2662
1.0589, 2661
1.0591, 2660
1.0594, 2659
1.0597, 2658
1.0599, 2657
1.0602, 2656
1.0604, 2655
1.0607, 2654
1.0610, 2653
1.0612, 2652
1.0615, 2651
1.0617, 2650
1.0620, 2649
1.0622, 2648
1.0625, 2647
1.0627, 2646
1.0630, 2645
1.0632, 2644
1.0635, 2643
1.0637, 2642
1.0639, 2641
1.0642, 2640
1.0644, 2639
1.0647, 2638
1.0649, 2637
1.0652, 2636
1.0655, 2635
1.0657, 2634
1.0660, 2633
1.0662, 2632
1.0665, 2631
1.0667, 2630
1.0670, 2629
1.0672, 2628
1.0675, 2627
1.0677, 2626
1.0680, 2625
1.0682, 2624
1.0685, 2623
1.0688, 2622
1.0690, 2621
1.0693, 2620
1.0695, 2619
1.0697, 2618
1.0700, 2617
1.0702, 2616
1.0705, 2615
1.0707, 2614
1.0710, 2613
1.0713, 2612
1.0715, 2611
1.0718, 2610
1.0721, 2609
1.0723, 2608
1.0726, 2607
1.0728, 2606
1.0731, 2605
1.0733, 2604
1.0736, 2603
1.0738, 2602
1.0741, 2601
1.0743, 2600
1.0746, 2599
1.0749, 2598
1.0752, 2597
1.0754, 2596
1.0757, 2595
1.0759, 2594
1.0762, 2593
1.0765, 2592
1.0767, 2591
1.0770, 2590
1.0772, 2589
1.0775, 2588
1.0777, 2587
1.0780, 2586
1.0782, 2585
1.0785, 2584
1.0788, 2583
1.0790, 2582
1.0793, 2581
1.0795, 2580
1.0798, 2579
1.0800, 2578
1.0803, 2577
1.0805, 2576
1.0808, 2575
1.0810, 2574
1.0813, 2573
1.0815, 2572
1.0818, 2571
1.0821, 2570
1.0823, 2569
1.0826, 2568
1.0828, 2567
1.0831, 2566
1.0834, 2565
1.0836, 2564
1.0839, 2563
1.0841, 2562
1.0844, 2561
1.0847, 2560
1.0849, 2559
1.0915, 2558
1.0978, 2557
1.0981, 2556
1.1126, 2555
1.1129, 2554
1.1211, 2553
1.1213, 2552
1.1398, 2551
1.1521, 2550
1.1564, 2549
1.1857, 2548
1.1859, 2547
1.1903, 2546
1.2030, 2545
1.2094, 2544
1.2096, 2543
1.2139, 2542
1.2304, 2541
1.2368, 2540
1.2473, 2539
1.2475, 2538
1.2519, 2537
1.2542, 2536
1.2544, 2535
1.2546, 2534
1.2611, 2533
1.2697, 2532
1.2699, 2531
1.2824, 2530
1.2908, 2529
1.2993, 2528
1.2996, 2527
1.3059, 2526
1.3186, 2525
1.3250, 2524
1.3334, 2523
1.3460, 2522
1.3462, 2521
1.3485, 2520
1.3488, 2519
1.3552, 2518
1.3636, 2517
1.3679, 2516
1.3681, 2515
1.3773, 2514
1.3820, 2513
1.3822, 2512
1.3846, 2511
1.3870, 2510
1.3935, 2509
1.3938, 2508
1.3982, 2507
1.4048, 2506
1.4050, 2505
1.4052, 2504
1.4054, 2503
1.4163, 2502
1.4860, 2501
1.5015, 2500
1.5017, 2499
1.5131, 2498
1.5811, 2497
1.6113, 2496
1.6322, 2495
1.6328, 2494
1.6562, 2493
1.6774, 2492
1.6798, 2491
1.7361, 2490
1.7792, 2489
1.7906, 2488
1.7930, 2487
1.7955, 2486
1.7958, 2485
1.8004, 2484
1.8115, 2483
1.8159, 2482
1.8161, 2481
1.8245, 2480
1.8289, 2479
1.8291, 2478
1.8293, 2477
1.8295, 2476
1.8318, 2475
1.8403, 2474
1.8406, 2473
1.8408, 2472
1.8555, 2471
1.8557, 2470
1.8559, 2469
1.8747, 2468
1.8791, 2467
1.8917, 2466
1.8940, 2465
1.8983, 2464
1.9048, 2463
1.9092, 2462
1.9094, 2461
1.9096, 2460
1.9099, 2459
1.9287, 2458
1.9413, 2457
1.9457, 2456
1.9459, 2455
1.9461, 2454
1.9463, 2453
1.9629, 2452
1.9757, 2451
1.9982, 2450
2.0094, 2449
2.0096, 2448
2.0207, 2447
2.0209, 2446
2.0212, 2445
2.0328, 2444
2.0330, 2443
2.0333, 2442
2.0575, 2441
2.0664, 2440
2.0773, 2439
2.0775, 2438
2.0883, 2437
2.1011, 2436
2.1180, 2435
2.1327, 2434
2.1372, 2433
2.1415, 2432
2.1646, 2431
2.1835, 2430
2.1919, 2429
2.1962, 2428
2.2130, 2427
2.2235, 2426
2.2278, 2425
2.2405, 2424
2.2676, 2423
2.2721, 2422
2.2911, 2421
2.2976, 2420
2.2999, 2419
2.3396, 2418
2.3398, 2417
2.3690, 2416
2.3859, 2415
2.4048, 2414
2.4050, 2413
2.4135, 2412
2.4241, 2411
2.4409, 2410
2.4495, 2409
2.4683, 2408
2.4747, 2407
2.4914, 2406
2.5020, 2405
2.5022, 2404
2.5107, 2403
2.5171, 2402
2.5173, 2401
2.5196, 2400
2.5198, 2399
2.5348, 2398
2.5350, 2397
2.5353, 2396
2.5439, 2395
2.5441, 2394
2.5443, 2393
2.5613, 2392
2.5615, 2391
2.5680, 2390
2.5744, 2389
2.5809, 2388
2.5811, 2387
2.5813, 2386
2.5898, 2385
2.5941, 2384
2.5944, 2383
2.6008, 2382
2.6010, 2381
2.6075, 2380
2.6305, 2379
2.6328, 2378
2.6371, 2377
2.6374, 2376
2.6438, 2375
2.6440, 2374
2.6524, 2373
2.6527, 2372
2.6529, 2371
2.6593, 2370
2.6595, 2369
2.6597, 2368
2.6682, 2367
2.6684, 2366
2.6749, 2365
2.6751, 2364
2.6753, 2363
2.6941, 2362
2.6943, 2361
2.6966, 2360
2.7031, 2359
2.7033, 2358
2.7035, 2357
2.7101, 2356
2.7103, 2355
2.7105, 2354
2.7107, 2353
2.7109, 2352
2.7112, 2351
2.7321, 2350
2.7323, 2349
2.7346, 2348
2.7348, 2347
2.7476, 2346
2.7478, 2345
2.7480, 2344
2.7482, 2343
2.7484, 2342
2.7529, 2341
2.7682, 2340
2.7749, 2339
2.7857, 2338
2.7881, 2337
2.7904, 2336
2.8073, 2335
2.8137, 2334
2.8345, 2333
2.8490, 2332
2.8493, 2331
2.8495, 2330
2.8662, 2329
2.8705, 2328
2.8707, 2327
2.8751, 2326
2.8898, 2325
2.9189, 2324
2.9191, 2323
2.9193, 2322
2.9195, 2321
2.9279, 2320
2.9281, 2319
2.9366, 2318
2.9369, 2317
2.9741, 2316
2.9743, 2315
3.0863, 2314
3.0890, 2313
3.0924, 2312
3.0989, 2311
3.0993, 2310
3.1025, 2309
3.1158, 2308
3.1332, 2307
3.1772, 2306
3.2063, 2305
3.2131, 2304
3.2177, 2303
3.2183, 2302
3.2232, 2301
3.2235, 2300
3.2391, 2299
3.2393, 2298
3.2502, 2297
3.2504, 2296
3.2536, 2295
3.2645, 2294
3.2692, 2293
3.2694, 2292
3.2739, 2291
3.2789, 2290
3.2792, 2289
3.2819, 2288
3.2932, 2287
3.2988, 2286
3.3249, 2285
3.3348, 2284
3.3480, 2283
3.3483, 2282
3.3560, 2281
3.3614, 2280
3.3642, 2279
3.3644, 2278
3.3818, 2277
3.4010, 2276
3.4068, 2275
3.4391, 2274
3.4457, 2273
3.4503, 2272
3.4856, 2271
3.4967, 2270
3.4969, 2269
3.4972, 2268
3.4974, 2267
3.4976, 2266
3.5067, 2265
3.5069, 2264
3.5136, 2263
3.5138, 2262
3.5140, 2261
3.5142, 2260
3.5144, 2259
3.5278, 2258
3.5370, 2257
3.5459, 2256
3.5506, 2255
3.5576, 2254
3.5775, 2253
3.5926, 2252
3.5929, 2251
3.5976, 2250
3.5978, 2249
3.6154, 2248
3.6224, 2247
3.6226, 2246
3.6228, 2245
3.6400, 2244
3.6403, 2243
3.6467, 2242
3.6532, 2241
3.6618, 2240
3.6768, 2239
3.6919, 2238
3.6961, 2237
3.6963, 2236
3.7092, 2235
3.7219, 2234
3.7346, 2233
3.7369, 2232
3.7433, 2231
3.7435, 2230
3.7562, 2229
3.7730, 2228
3.7794, 2227
3.7796, 2226
3.8027, 2225
3.8114, 2224
3.8344, 2223
3.8783, 2222
3.9693, 2221
3.9880, 2220
4.0339, 2219
4.0444, 2218
4.0508, 2217
4.0638, 2216
4.1116, 2215
4.2462, 2214
4.2486, 2213
4.3091, 2212
4.3300, 2211
