0.6661, 3931
0.6664, 3930
0.6668, 3929
0.6671, 3928
0.6675, 3927
0.6678, 3926
0.6681, 3925
0.6685, 3924
0.6688, 3923
0.6691, 3922
0.6694, 3921
0.6698, 3920
0.6701, 3919
0.6704, 3918
0.6708, 3917
0.6711, 3916
0.6715, 3915
0.6718, 3914
0.6721, 3913
0.6725, 3912
0.6728, 3911
0.6731, 3910
0.6735, 3909
0.6738, 3908
0.6741, 3907
0.6745, 3906
0.6748, 3905
0.6751, 3904
0.6754, 3903
0.6758, 3902
0.6761, 3901
0.6764, 3900
0.6768, 3899
0.6771, 3898
0.6775, 3897
0.6778, 3896
0.6781, 3895
0.6785, 3894
0.6789, 3893
0.6792, 3892
0.6795, 3891
0.6799, 3890
0.6802, 3889
0.6806, 3888
0.6809, 3887
0.6813, 3886
0.6817, 3885
0.6820, 3884
0.6824, 3883
0.6827, 3882
0.6831, 3881
0.6834, 3880
0.6838, 3879
0.6841, 3878
0.6845, 3877
0.6848, 3876
0.6851, 3875
0.6855, 3874
0.6859, 3873
0.6862, 3872
0.6866, 3871
0.6869, 3870
0.6873, 3869
0.6876, 3868
0.6879, 3867
0.6883, 3866
0.6886, 3865
0.6890, 3864
0.6893, 3863
0.6896, 3862
0.6900, 3861
0.6903, 3860
0.6907, 3859
0.6910, 3858
0.6913, 3857
0.6917, 3856
0.6920, 3855
0.6924, 3854
0.6927, 3853
0.6930, 3852
0.6934, 3851
0.6937, 3850
0.6940, 3849
0.6944, 3848
0.6947, 3847
0.6950, 3846
0.6954, 3845
0.6957, 3844
0.6960, 3843
0.6964, 3842
0.6967, 3841
0.6970, 3840
0.6974, 3839
0.6977, 3838
0.6980, 3837
0.6984, 3836
0.6987, 3835
0.6991, 3834
0.6994, 3833
0.6997, 3832
0.7001, 3831
0.7004, 3830
0.7008, 3829
0.7011, 3828
0.7014, 3827
0.7018, 3826
0.7021, 3825
0.7025, 3824
0.7028, 3823
0.7032, 3822
0.7035, 3821
0.7039, 3820
0.7042, 3819
0.7046, 3818
0.7050, 3817
0.7053, 3816
0.7057, 3815
0.7060, 3814
0.7063, 3813
0.7066, 3812
0.7070, 3811
0.7073, 3810
0.7076, 3809
0.7079, 3808
0.7083, 3807
0.7086, 3806
0.7089, 3805
0.7093, 3804
0.7096, 3803
0.7099, 3802
0.7103, 3801
0.7106, 3800
0.7109, 3799
0.7113, 3798
0.7116, 3797
0.7119, 3796
0.7122, 3795
0.7126, 3794
0.7129, 3793
0.7133, 3792
0.7136, 3791
0.7139, 3790
0.7142, 3789
0.7146, 3788
0.7149, 3787
0.7153, 3786
0.7156, 3785
0.7160, 3784
0.7163, 3783
0.7167, 3782
0.7170, 3781
0.7174, 3780
0.7177, 3779
0.7181, 3778
0.7184, 3777
0.7188, 3776
0.7191, 3775
0.7195, 3774
0.7199, 3773
0.7203, 3772
0.7206, 3771
0.7210, 3770
0.7214, 3769
0.7217, 3768
0.7220, 3767
0.7224, 3766
0.7227, 3765
0.7230, 3764
0.7233, 3763
0.7237, 3762
0.7240, 3761
0.7244, 3760
0.7247, 3759
0.7250, 3758
0.7254, 3757
0.7257, 3756
0.7260, 3755
0.7264, 3754
0.7267, 3753
0.7271, 3752
0.7274, 3751
0.7277, 3750
0.7281, 3749
0.7284, 3748
0.7288, 3747
0.7291, 3746
0.7294, 3745
0.7298, 3744
0.7301, 3743
0.7305, 3742
0.7308, 3741
0.7312, 3740
0.7315, 3739
0.7319, 3738
0.7322, 3737
0.7326, 3736
0.7329, 3735
0.7332, 3734
0.7336, 3733
0.7339, 3732
0.7343, 3731
0.7347, 3730
0.7350, 3729
0.7353, 3728
0.7357, 3727
0.7360, 3726
0.7364, 3725
0.7367, 3724
0.7370, 3723
0.7373, 3722
0.7377, 3721
0.7380, 3720
0.7383, 3719
0.7386, 3718
0.7389, 3717
0.7393, 3716
0.7396, 3715
0.7399, 3714
0.7402, 3713
0.7406, 3712
0.7409, 3711
0.7413, 3710
0.7416, 3709
0.7419, 3708
0.7423, 3707
0.7426, 3706
0.7430, 3705
0.7433, 3704
0.7436, 3703
0.7439, 3702
0.7443, 3701
0.7446, 3700
0.7449, 3699
0.7453, 3698
0.7456, 3697
0.7459, 3696
0.7463, 3695
0.7466, 3694
0.7469, 3693
0.7472, 3692
0.7476, 3691
0.7479, 3690
0.7482, 3689
0.7485, 3688
0.7489, 3687
0.7492, 3686
0.7495, 3685
0.7498, 3684
0.7502, 3683
0.7505, 3682
0.7509, 3681
0.7512, 3680
0.7516, 3679
0.7519, 3678
0.7522, 3677
0.7526, 3676
0.7529, 3675
0.7533, 3674
0.7536, 3673
0.7539, 3672
0.7543, 3671
0.7546, 3670
0.7549, 3669
0.7553, 3668
0.7556, 3667
0.7559, 3666
0.7563, 3665
0.7566, 3664
0.7569, 3663
0.7573, 3662
0.7576, 3661
0.7579, 3660
0.7582, 3659
0.7586, 3658
0.7589, 3657
0.7592, 3656
0.7596, 3655
0.7599, 3654
0.7602, 3653
0.7605, 3652
0.7609, 3651
0.7612, 3650
0.7615, 3649
0.7618, 3648
0.7622, 3647
0.7625, 3646
0.7629, 3645
0.7632, 3644
0.7635, 3643
0.7638, 3642
0.7642, 3641
0.7645, 3640
0.7648, 3639
0.7652, 3638
0.7655, 3637
0.7658, 3636
0.7662, 3635
0.7665, 3634
0.7669, 3633
0.7672, 3632
0.7675, 3631
0.7679, 3630
0.7682, 3629
0.7686, 3628
0.7689, 3627
0.7692, 3626
0.7695, 3625
0.7699, 3624
0.7702, 3623
0.7705, 3622
0.7708, 3621
0.7711, 3620
0.7715, 3619
0.7718, 3618
0.7721, 3617
0.7725, 3616
0.7728, 3615
0.7731, 3614
0.7734, 3613
0.7738, 3612
0.7741, 3611
0.7744, 3610
0.7747, 3609
0.7750, 3608
0.7754, 3607
0.7757, 3606
0.7760, 3605
0.7763, 3604
0.7766, 3603
0.7769, 3602
0.7772, 3601
0.7775, 3600
0.7779, 3599
0.7782, 3598
0.7785, 3597
0.7788, 3596
0.7791, 3595
0.7795, 3594
0.7798, 3593
0.7801, 3592
0.7804, 3591
0.7807, 3590
0.7810, 3589
0.7813, 3588
0.7817, 3587
0.7820, 3586
0.7823, 3585
0.7827, 3584
0.7830, 3583
0.7833, 3582
0.7836, 3581
0.7839, 3580
0.7843, 3579
0.7846, 3578
0.7850, 3577
0.7853, 3576
0.7856, 3575
0.7860, 3574
0.7863, 3573
0.7867, 3572
0.7870, 3571
0.7873, 3570
0.7877, 3569
0.7880, 3568
0.7883, 3567
0.7886, 3566
0.7890, 3565
0.7893, 3564
0.7896, 3563
0.7899, 3562
0.7903, 3561
0.7906, 3560
0.7909, 3559
0.7913, 3558
0.7916, 3557
0.7919, 3556
0.7923, 3555
0.7926, 3554
0.7929, 3553
0.7932, 3552
0.7935, 3551
0.7938, 3550
0.7942, 3549
0.7945, 3548
0.7948, 3547
0.7951, 3546
0.7954, 3545
0.7957, 3544
0.7960, 3543
0.7964, 3542
0.7967, 3541
0.7971, 3540
0.7974, 3539
0.7978, 3538
0.7981, 3537
0.7984, 3536
0.7987, 3535
0.7991, 3534
0.7994, 3533
0.7997, 3532
0.8000, 3531
0.8004, 3530
0.8007, 3529
0.8010, 3528
0.8013, 3527
0.8017, 3526
0.8020, 3525
0.8023, 3524
0.8026, 3523
0.8030, 3522
0.8033, 3521
0.8036, 3520
0.8039, 3519
0.8042, 3518
0.8045, 3517
0.8048, 3516
0.8051, 3515
0.8055, 3514
0.8058, 3513
0.8061, 3512
0.8064, 3511
0.8067, 3510
0.8070, 3509
0.8074, 3508
0.8077, 3507
0.8080, 3506
0.8083, 3505
0.8087, 3504
0.8090, 3503
0.8093, 3502
0.8096, 3501
0.8099, 3500
0.8103, 3499
0.8106, 3498
0.8109, 3497
0.8112, 3496
0.8115, 3495
0.8118, 3494
0.8121, 3493
0.8124, 3492
0.8128, 3491
0.8131, 3490
0.8134, 3489
0.8137, 3488
0.8140, 3487
0.8143, 3486
0.8146, 3485
0.8149, 3484
0.8152, 3483
0.8155, 3482
0.8159, 3481
0.8162, 3480
0.8165, 3479
0.8169, 3478
0.8172, 3477
0.8175, 3476
0.8179, 3475
0.8182, 3474
0.8185, 3473
0.8188, 3472
0.8191, 3471
0.8194, 3470
0.8197, 3469
0.8200, 3468
0.8204, 3467
0.8207, 3466
0.8210, 3465
0.8213, 3464
0.8216, 3463
0.8220, 3462
0.8223, 3461
0.8226, 3460
0.8229, 3459
0.8232, 3458
0.8235, 3457
0.8238, 3456
0.8241, 3455
0.8244, 3454
0.8247, 3453
0.8250, 3452
0.8254, 3451
0.8257, 3450
0.8260, 3449
0.8264, 3448
0.8267, 3447
0.8270, 3446
0.8273, 3445
0.8276, 3444
0.8279, 3443
0.8282, 3442
0.8285, 3441
0.8288, 3440
0.8291, 3439
0.8294, 3438
0.8297, 3437
0.8300, 3436
0.8303, 3435
0.8307, 3434
0.8310, 3433
0.8313, 3432
0.8316, 3431
0.8320, 3430
0.8323, 3429
0.8326, 3428
0.8329, 3427
0.8333, 3426
0.8336, 3425
0.8339, 3424
0.8342, 3423
0.8345, 3422
0.8349, 3421
0.8352, 3420
0.8355, 3419
0.8358, 3418
0.8362, 3417
0.8365, 3416
0.8368, 3415
0.8372, 3414
0.8375, 3413
0.8378, 3412
0.8381, 3411
0.8384, 3410
0.8387, 3409
0.8390, 3408
0.8394, 3407
0.8397, 3406
0.8400, 3405
0.8403, 3404
0.8406, 3403
0.8409, 3402
0.8412, 3401
0.8415, 3400
0.8418, 3399
0.8421, 3398
0.8424, 3397
0.8427, 3396
0.8430, 3395
0.8433, 3394
0.8436, 3393
0.8439, 3392
0.8442, 3391
0.8445, 3390
0.8448, 3389
0.8451, 3388
0.8454, 3387
0.8457, 3386
0.8461, 3385
0.8464, 3384
0.8467, 3383
0.8471, 3382
0.8474, 3381
0.8477, 3380
0.8480, 3379
0.8483, 3378
0.8487, 3377
0.8490, 3376
0.8493, 3375
0.8496, 3374
0.8499, 3373
0.8503, 3372
0.8506, 3371
0.8509, 3370
0.8513, 3369
0.8516, 3368
0.8520, 3367
0.8523, 3366
0.8526, 3365
0.8529, 3364
0.8532, 3363
0.8536, 3362
0.8539, 3361
0.8543, 3360
0.8546, 3359
0.8549, 3358
0.8552, 3357
0.8556, 3356
0.8559, 3355
0.8562, 3354
0.8565, 3353
0.8568, 3352
0.8572, 3351
0.8575, 3350
0.8578, 3349
0.8582, 3348
0.8585, 3347
0.8588, 3346
0.8591, 3345
0.8595, 3344
0.8598, 3343
0.8601, 3342
0.8604, 3341
0.8607, 3340
0.8610, 3339
0.8614, 3338
0.8617, 3337
0.8620, 3336
0.8623, 3335
0.8626, 3334
0.8629, 3333
0.8632, 3332
0.8636, 3331
0.8639, 3330
0.8642, 3329
0.8645, 3328
0.8648, 3327
0.8651, 3326
0.8654, 3325
0.8657, 3324
0.8660, 3323
0.8663, 3322
0.8667, 3321
0.8670, 3320
0.8673, 3319
0.8676, 3318
0.8679, 3317
0.8682, 3316
0.8685, 3315
0.8688, 3314
0.8691, 3313
0.8694, 3312
0.8697, 3311
0.8700, 3310
0.8703, 3309
0.8706, 3308
0.8710, 3307
0.8713, 3306
0.8716, 3305
0.8719, 3304
0.8722, 3303
0.8725, 3302
0.8728, 3301
0.8732, 3300
0.8735, 3299
0.8739, 3298
0.8742, 3297
0.8745, 3296
0.8748, 3295
0.8751, 3294
0.8754, 3293
0.8757, 3292
0.8760, 3291
0.8763, 3290
0.8766, 3289
0.8770, 3288
0.8773, 3287
0.8776, 3286
0.8779, 3285
0.8782, 3284
0.8785, 3283
0.8788, 3282
0.8791, 3281
0.8794, 3280
0.8797, 3279
0.8800, 3278
0.8804, 3277
0.8807, 3276
0.8810, 3275
0.8813, 3274
0.8817, 3273
0.8820, 3272
0.8823, 3271
0.8826, 3270
0.8829, 3269
0.8832, 3268
0.8835, 3267
0.8839, 3266
0.8842, 3265
0.8845, 3264
0.8848, 3263
0.8851, 3262
0.8855, 3261
0.8858, 3260
0.8861, 3259
0.8864, 3258
0.8867, 3257
0.8870, 3256
0.8873, 3255
0.8876, 3254
0.8880, 3253
0.8883, 3252
0.8886, 3251
0.8889, 3250
0.8892, 3249
0.8895, 3248
0.8899, 3247
0.8902, 3246
0.8905, 3245
0.8908, 3244
0.8911, 3243
0.8914, 3242
0.8917, 3241
0.8920, 3240
0.8923, 3239
0.8927, 3238
0.8930, 3237
0.8933, 3236
0.8936, 3235
0.8940, 3234
0.8943, 3233
0.8946, 3232
0.8949, 3231
0.8952, 3230
0.8955, 3229
0.8958, 3228
0.8961, 3227
0.8964, 3226
0.8967, 3225
0.8970, 3224
0.8973, 3223
0.8976, 3222
0.8980, 3221
0.8983, 3220
0.8986, 3219
0.8989, 3218
0.8993, 3217
0.8996, 3216
0.8999, 3215
0.9002, 3214
0.9005, 3213
0.9008, 3212
0.9011, 3211
0.9014, 3210
0.9017, 3209
0.9020, 3208
0.9023, 3207
0.9026, 3206
0.9029, 3205
0.9032, 3204
0.9034, 3203
0.9037, 3202
0.9040, 3201
0.9044, 3200
0.9047, 3199
0.9051, 3198
0.9054, 3197
0.9057, 3196
0.9060, 3195
0.9064, 3194
0.9067, 3193
0.9070, 3192
0.9073, 3191
0.9076, 3190
0.9079, 3189
0.9082, 3188
0.9085, 3187
0.9088, 3186
0.9091, 3185
0.9094, 3184
0.9097, 3183
0.9100, 3182
0.9103, 3181
0.9106, 3180
0.9109, 3179
0.9113, 3178
0.9115, 3177
0.9118, 3176
0.9121, 3175
0.9125, 3174
0.9128, 3173
0.9131, 3172
0.9134, 3171
0.9137, 3170
0.9141, 3169
0.9145, 3168
0.9149, 3167
0.9151, 3166
0.9154, 3165
0.9157, 3164
0.9160, 3163
0.9163, 3162
0.9166, 3161
0.9170, 3160
0.9173, 3159
0.9176, 3158
0.9179, 3157
0.9182, 3156
0.9185, 3155
0.9188, 3154
0.9191, 3153
0.9194, 3152
0.9197, 3151
0.9200, 3150
0.9203, 3149
0.9206, 3148
0.9208, 3147
0.9211, 3146
0.9216, 3145
0.9218, 3144
0.9222, 3143
0.9225, 3142
0.9228, 3141
0.9231, 3140
0.9235, 3139
0.9238, 3138
0.9241, 3137
0.9244, 3136
0.9247, 3135
0.9250, 3134
0.9253, 3133
0.9256, 3132
0.9259, 3131
0.9262, 3130
0.9265, 3129
0.9268, 3128
0.9272, 3127
0.9274, 3126
0.9277, 3125
0.9280, 3124
0.9283, 3123
0.9286, 3122
0.9289, 3121
0.9292, 3120
0.9295, 3119
0.9298, 3118
0.9301, 3117
0.9303, 3116
0.9306, 3115
0.9309, 3114
0.9312, 3113
0.9315, 3112
0.9317, 3111
0.9320, 3110
0.9324, 3109
0.9326, 3108
0.9329, 3107
0.9332, 3106
0.9335, 3105
0.9338, 3104
0.9341, 3103
0.9344, 3102
0.9347, 3101
0.9350, 3100
0.9353, 3099
0.9356, 3098
0.9358, 3097
0.9361, 3096
0.9365, 3095
0.9367, 3094
0.9370, 3093
0.9373, 3092
0.9376, 3091
0.9379, 3090
0.9381, 3089
0.9384, 3088
0.9387, 3087
0.9390, 3086
0.9393, 3085
0.9396, 3084
0.9399, 3083
0.9402, 3082
0.9405, 3081
0.9408, 3080
0.9411, 3079
0.9414, 3078
0.9417, 3077
0.9420, 3076
0.9423, 3075
0.9426, 3074
0.9429, 3073
0.9432, 3072
0.9435, 3071
0.9438, 3070
0.9441, 3069
0.9444, 3068
0.9447, 3067
0.9449, 3066
0.9452, 3065
0.9455, 3064
0.9458, 3063
0.9461, 3062
0.9464, 3061
0.9466, 3060
0.9469, 3059
0.9472, 3058
0.9475, 3057
0.9478, 3056
0.9480, 3055
0.9484, 3054
0.9487, 3053
0.9490, 3052
0.9492, 3051
0.9495, 3050
0.9499, 3049
0.9502, 3048
0.9505, 3047
0.9508, 3046
0.9511, 3045
0.9514, 3044
0.9517, 3043
0.9519, 3042
0.9522, 3041
0.9525, 3040
0.9528, 3039
0.9531, 3038
0.9534, 3037
0.9536, 3036
0.9539, 3035
0.9542, 3034
0.9545, 3033
0.9548, 3032
0.9551, 3031
0.9554, 3030
0.9557, 3029
0.9560, 3028
0.9563, 3027
0.9566, 3026
0.9568, 3025
0.9571, 3024
0.9574, 3023
0.9577, 3022
0.9580, 3021
0.9582, 3020
0.9585, 3019
0.9588, 3018
0.9591, 3017
0.9594, 3016
0.9597, 3015
0.9600, 3014
0.9603, 3013
0.9606, 3012
0.9609, 3011
0.9611, 3010
0.9614, 3009
0.9617, 3008
0.9620, 3007
0.9623, 3006
0.9625, 3005
0.9628, 3004
0.9631, 3003
0.9634, 3002
0.9637, 3001
0.9639, 3000
0.9642, 2999
0.9645, 2998
0.9648, 2997
0.9651, 2996
0.9654, 2995
0.9656, 2994
0.9659, 2993
0.9662, 2992
0.9665, 2991
0.9668, 2990
0.9671, 2989
0.9673, 2988
0.9676, 2987
0.9679, 2986
0.9682, 2985
0.9685, 2984
0.9687, 2983
0.9690, 2982
0.9693, 2981
0.9696, 2980
0.9699, 2979
0.9702, 2978
0.9705, 2977
0.9707, 2976
0.9710, 2975
0.9713, 2974
0.9716, 2973
0.9719, 2972
0.9722, 2971
0.9725, 2970
0.9728, 2969
0.9731, 2968
0.9734, 2967
0.9736, 2966
0.9739, 2965
0.9742, 2964
0.9744, 2963
0.9747, 2962
0.9750, 2961
0.9753, 2960
0.9756, 2959
0.9759, 2958
0.9762, 2957
0.9765, 2956
0.9768, 2955
0.9771, 2954
0.9774, 2953
0.9777, 2952
0.9780, 2951
0.9783, 2950
0.9786, 2949
0.9789, 2948
0.9792, 2947
0.9795, 2946
0.9797, 2945
0.9800, 2944
0.9803, 2943
0.9806, 2942
0.9809, 2941
0.9812, 2940
0.9815, 2939
0.9817, 2938
0.9821, 2937
0.9824, 2936
0.9827, 2935
0.9829, 2934
0.9832, 2933
0.9835, 2932
0.9838, 2931
0.9841, 2930
0.9845, 2929
0.9848, 2928
0.9851, 2927
0.9854, 2926
0.9857, 2925
0.9861, 2924
0.9863, 2923
0.9866, 2922
0.9869, 2921
0.9872, 2920
0.9876, 2919
0.9879, 2918
0.9882, 2917
0.9886, 2916
0.9888, 2915
0.9892, 2914
0.9895, 2913
0.9898, 2912
0.9901, 2911
0.9904, 2910
0.9907, 2909
0.9910, 2908
0.9913, 2907
0.9916, 2906
0.9919, 2905
0.9922, 2904
0.9924, 2903
0.9927, 2902
0.9930, 2901
0.9933, 2900
0.9936, 2899
0.9939, 2898
0.9942, 2897
0.9945, 2896
0.9948, 2895
0.9951, 2894
0.9954, 2893
0.9957, 2892
0.9960, 2891
0.9963, 2890
0.9966, 2889
0.9969, 2888
0.9972, 2887
0.9975, 2886
0.9978, 2885
0.9981, 2884
0.9984, 2883
0.9987, 2882
0.9990, 2881
0.9992, 2880
0.9995, 2879
0.9998, 2878
1.0001, 2877
1.0004, 2876
1.0007, 2875
1.0010, 2874
1.0013, 2873
1.0016, 2872
1.0019, 2871
1.0022, 2870
1.0025, 2869
1.0028, 2868
1.0031, 2867
1.0034, 2866
1.0037, 2865
1.0040, 2864
1.0043, 2863
1.0045, 2862
1.0085, 2861
1.0088, 2860
1.0091, 2859
1.0094, 2858
1.0097, 2857
1.0100, 2856
1.0103, 2855
1.0106, 2854
1.0108, 2853
1.0111, 2852
1.0114, 2851
1.0116, 2850
1.0119, 2849
1.0122, 2848
1.0124, 2847
1.0127, 2846
1.0130, 2845
1.0134, 2844
1.0136, 2843
1.0139, 2842
1.0142, 2841
1.0145, 2840
1.0147, 2839
1.0150, 2838
1.0153, 2837
1.0156, 2836
1.0158, 2835
1.0161, 2834
1.0164, 2833
1.0167, 2832
1.0170, 2831
1.0173, 2830
1.0176, 2829
1.0179, 2828
1.0181, 2827
1.0184, 2826
1.0187, 2825
1.0190, 2824
1.0193, 2823
1.0195, 2822
1.0198, 2821
1.0201, 2820
1.0204, 2819
1.0206, 2818
1.0209, 2817
1.0212, 2816
1.0215, 2815
1.0218, 2814
1.0220, 2813
1.0223, 2812
1.0226, 2811
1.0228, 2810
1.0231, 2809
1.0234, 2808
1.0237, 2807
1.0239, 2806
1.0242, 2805
1.0245, 2804
1.0247, 2803
1.0250, 2802
1.0253, 2801
1.0256, 2800
1.0258, 2799
1.0261, 2798
1.0264, 2797
1.0267, 2796
1.0269, 2795
1.0272, 2794
1.0275, 2793
1.0277, 2792
1.0280, 2791
1.0283, 2790
1.0286, 2789
1.0289, 2788
1.0291, 2787
1.0294, 2786
1.0297, 2785
1.0299, 2784
1.0302, 2783
1.0305, 2782
1.0308, 2781
1.0310, 2780
1.0313, 2779
1.0315, 2778
1.0318, 2777
1.0321, 2776
1.0323, 2775
1.0326, 2774
1.0328, 2773
1.0331, 2772
1.0334, 2771
1.0336, 2770
1.0339, 2769
1.0342, 2768
1.0345, 2767
1.0347, 2766
1.0350, 2765
1.0353, 2764
1.0355, 2763
1.0358, 2762
1.0361, 2761
1.0363, 2760
1.0366, 2759
1.0368, 2758
1.0371, 2757
1.0374, 2756
1.0376, 2755
1.0379, 2754
1.0382, 2753
1.0385, 2752
1.0388, 2751
1.0391, 2750
1.0394, 2749
1.0397, 2748
1.0400, 2747
1.0402, 2746
1.0405, 2745
1.0408, 2744
1.0411, 2743
1.0413, 2742
1.0416, 2741
1.0419, 2740
1.0422, 2739
1.0425, 2738
1.0428, 2737
1.0431, 2736
1.0433, 2735
1.0436, 2734
1.0439, 2733
1.0442, 2732
1.0445, 2731
1.0447, 2730
1.0450, 2729
1.0453, 2728
1.0456, 2727
1.0459, 2726
1.0461, 2725
1.0464, 2724
1.0467, 2723
1.0469, 2722
1.0472, 2721
1.0475, 2720
1.0477, 2719
1.0480, 2718
1.0483, 2717
1.0486, 2716
1.0488, 2715
1.0491, 2714
1.0494, 2713
1.0497, 2712
1.0500, 2711
1.0502, 2710
1.0505, 2709
1.0508, 2708
1.0510, 2707
1.0513, 2706
1.0516, 2705
1.0518, 2704
1.0521, 2703
1.0523, 2702
1.0526, 2701
1.0529, 2700
1.0531, 2699
1.0534, 2698
1.0537, 2697
1.0539, 2696
1.0542, 2695
1.0544, 2694
1.0547, 2693
1.0550, 2692
1.0552, 2691
1.0555, 2690
1.0558, 2689
1.0561, 2688
1.0564, 2687
1.0566, 2686
1.0569, 2685
1.0572, 2684
1.0574, 2683
1.0578, 2682
1.0581, 2681
1.0585, 2680
1.0588, 2679
1.0591, 2678
1.0594, 2677
1.0596, 2676
1.0599, 2675
1.0602, 2674
1.0605, 2673
1.0607, 2672
1.0610, 2671
1.0613, 2670
1.0616, 2669
1.0619, 2668
1.0622, 2667
1.0624, 2666
1.0627, 2665
1.0630, 2664
1.0632, 2663
1.0635, 2662
1.0638, 2661
1.0641, 2660
1.0644, 2659
1.0646, 2658
1.0649, 2657
1.0652, 2656
1.0654, 2655
1.0657, 2654
1.0660, 2653
1.0663, 2652
1.0665, 2651
1.0668, 2650
1.0670, 2649
1.0673, 2648
1.0675, 2647
1.0678, 2646
1.0681, 2645
1.0683, 2644
1.0686, 2643
1.0688, 2642
1.0691, 2641
1.0693, 2640
1.0696, 2639
1.0698, 2638
1.0701, 2637
1.0703, 2636
1.0706, 2635
1.0708, 2634
1.0711, 2633
1.0713, 2632
1.0716, 2631
1.0718, 2630
1.0721, 2629
1.0723, 2628
1.0726, 2627
1.0729, 2626
1.0732, 2625
1.0734, 2624
1.0737, 2623
1.0739, 2622
1.0742, 2621
1.0744, 2620
1.0747, 2619
1.0749, 2618
1.0752, 2617
1.0754, 2616
1.0757, 2615
1.0760, 2614
1.0763, 2613
1.0765, 2612
1.0768, 2611
1.0771, 2610
1.0773, 2609
1.0776, 2608
1.0778, 2607
1.0781, 2606
1.0783, 2605
1.0786, 2604
1.0788, 2603
1.0791, 2602
1.0794, 2601
1.0796, 2600
1.0799, 2599
1.0801, 2598
1.0804, 2597
1.0806, 2596
1.0809, 2595
1.0812, 2594
1.0814, 2593
1.0817, 2592
1.0820, 2591
1.0822, 2590
1.0825, 2589
1.0827, 2588
1.0830, 2587
1.0833, 2586
1.0836, 2585
1.0838, 2584
1.0841, 2583
1.0844, 2582
1.0846, 2581
1.0849, 2580
1.0851, 2579
1.0854, 2578
1.0857, 2577
1.0859, 2576
1.0862, 2575
1.0864, 2574
1.0867, 2573
1.0870, 2572
1.0873, 2571
1.0875, 2570
1.0878, 2569
1.0880, 2568
1.0883, 2567
1.0886, 2566
1.0932, 2565
1.0995, 2564
1.1108, 2563
1.1195, 2562
1.1198, 2561
1.1286, 2560
1.1288, 2559
1.1542, 2558
1.1670, 2557
1.1956, 2556
1.1959, 2555
1.2005, 2554
1.2093, 2553
1.2204, 2552
1.2206, 2551
1.2279, 2550
1.2391, 2549
1.2438, 2548
1.2572, 2547
1.2640, 2546
1.2642, 2545
1.2666, 2544
1.2668, 2543
1.2671, 2542
1.2718, 2541
1.2829, 2540
1.2832, 2539
1.2965, 2538
1.3055, 2537
1.3142, 2536
1.3144, 2535
1.3237, 2534
1.3303, 2533
1.3415, 2532
1.3593, 2531
1.3772, 2530
1.3817, 2529
1.3820, 2528
1.3912, 2527
1.3958, 2526
1.4069, 2525
1.4072, 2524
1.4096, 2523
1.4120, 2522
1.4186, 2521
1.4189, 2520
1.4257, 2519
1.4259, 2518
1.4261, 2517
1.4326, 2516
1.4372, 2515
1.5052, 2514
1.5180, 2513
1.5182, 2512
1.5395, 2511
1.5588, 2510
1.5634, 2509
1.5784, 2508
1.5787, 2507
1.5853, 2506
1.5961, 2505
1.6006, 2504
1.6245, 2503
1.6436, 2502
1.6590, 2501
1.6592, 2500
1.6616, 2499
1.6618, 2498
1.6662, 2497
1.6728, 2496
1.6813, 2495
1.6857, 2494
1.6923, 2493
1.6967, 2492
1.6969, 2491
1.6971, 2490
1.6973, 2489
1.6975, 2488
1.7040, 2487
1.7043, 2486
1.7066, 2485
1.7217, 2484
1.7219, 2483
1.7221, 2482
1.7414, 2481
1.7458, 2480
1.7564, 2479
1.7608, 2478
1.7672, 2477
1.7716, 2476
1.7760, 2475
1.7762, 2474
1.7764, 2473
1.7766, 2472
1.7955, 2471
1.8082, 2470
1.8125, 2469
1.8127, 2468
1.8129, 2467
1.8132, 2466
1.8280, 2465
1.8452, 2464
1.8538, 2463
1.8708, 2462
1.8710, 2461
1.8795, 2460
1.8797, 2459
1.8820, 2458
1.8884, 2457
1.8948, 2456
1.8950, 2455
1.9144, 2454
1.9250, 2453
1.9335, 2452
1.9360, 2451
1.9447, 2450
1.9637, 2449
1.9803, 2448
1.9888, 2447
1.9993, 2446
2.0160, 2445
2.0226, 2444
2.0503, 2443
2.0588, 2442
2.0611, 2441
2.0840, 2440
2.0904, 2439
2.0948, 2438
2.1054, 2437
2.1348, 2436
2.1393, 2435
2.1540, 2434
2.1646, 2433
2.1669, 2432
2.1982, 2431
2.2089, 2430
2.2319, 2429
2.2425, 2428
2.2427, 2427
2.2514, 2426
2.2768, 2425
2.2770, 2424
2.2876, 2423
2.2983, 2422
2.3194, 2421
2.3199, 2420
2.3416, 2419
2.3545, 2418
2.3548, 2417
2.3736, 2416
2.3738, 2415
2.3782, 2414
2.3930, 2413
2.3932, 2412
2.3934, 2411
2.3957, 2410
2.3959, 2409
2.4046, 2408
2.4048, 2407
2.4093, 2406
2.4095, 2405
2.4097, 2404
2.4183, 2403
2.4370, 2402
2.4537, 2401
2.4539, 2400
2.4583, 2399
2.4585, 2398
2.4588, 2397
2.4673, 2396
2.4737, 2395
2.4739, 2394
2.4782, 2393
2.4785, 2392
2.4850, 2391
2.5087, 2390
2.5131, 2389
2.5133, 2388
2.5135, 2387
2.5137, 2386
2.5140, 2385
2.5142, 2384
2.5207, 2383
2.5209, 2382
2.5293, 2381
2.5296, 2380
2.5298, 2379
2.5362, 2378
2.5365, 2377
2.5367, 2376
2.5431, 2375
2.5453, 2374
2.5538, 2373
2.5541, 2372
2.5543, 2371
2.5669, 2370
2.5672, 2369
2.5756, 2368
2.5801, 2367
2.5803, 2366
2.5805, 2365
2.5899, 2364
2.5901, 2363
2.5904, 2362
2.5907, 2361
2.5909, 2360
2.5911, 2359
2.6174, 2358
2.6179, 2357
2.6233, 2356
2.6237, 2355
2.6361, 2354
2.6394, 2353
2.6398, 2352
2.6400, 2351
2.6402, 2350
2.6460, 2349
2.6673, 2348
2.6722, 2347
2.6800, 2346
2.6870, 2345
2.6893, 2344
2.7099, 2343
2.7101, 2342
2.7187, 2341
2.7189, 2340
2.7191, 2339
2.7193, 2338
2.7237, 2337
2.7447, 2336
2.7470, 2335
2.7472, 2334
2.7641, 2333
2.7686, 2332
2.7688, 2331
2.7732, 2330
2.7881, 2329
2.8245, 2328
2.8247, 2327
2.8249, 2326
2.8252, 2325
2.8254, 2324
2.8341, 2323
2.8343, 2322
2.9714, 2321
2.9739, 2320
2.9764, 2319
2.9809, 2318
2.9811, 2317
2.9834, 2316
2.9878, 2315
2.9880, 2314
2.9924, 2313
3.0117, 2312
3.0160, 2311
3.0224, 2310
3.0226, 2309
3.0269, 2308
3.0271, 2307
3.0397, 2306
3.0440, 2305
3.0526, 2304
3.0528, 2303
3.0551, 2302
3.0656, 2301
3.0701, 2300
3.0704, 2299
3.0747, 2298
3.0791, 2297
3.0793, 2296
3.0815, 2295
3.0901, 2294
3.0947, 2293
3.1073, 2292
3.1157, 2291
3.1283, 2290
3.1286, 2289
3.1288, 2288
3.1375, 2287
3.1378, 2286
3.1380, 2285
3.1525, 2284
3.1629, 2283
3.1713, 2282
3.1965, 2281
3.2051, 2280
3.2094, 2279
3.2446, 2278
3.2490, 2277
3.2492, 2276
3.2495, 2275
3.2497, 2274
3.2562, 2273
3.2564, 2272
3.2650, 2271
3.2695, 2270
3.2697, 2269
3.2700, 2268
3.2806, 2267
3.2949, 2266
3.3040, 2265
3.3136, 2264
3.3229, 2263
3.3232, 2262
3.3482, 2261
3.3549, 2260
3.3552, 2259
3.3554, 2258
3.3704, 2257
3.3953, 2256
3.3997, 2255
3.4060, 2254
3.4103, 2253
3.4170, 2252
3.4172, 2251
3.4175, 2250
3.4178, 2249
3.4180, 2248
3.4326, 2247
3.4411, 2246
3.4455, 2245
3.4498, 2244
3.4727, 2243
3.4729, 2242
3.4773, 2241
3.4880, 2240
3.4964, 2239
3.4966, 2238
3.5032, 2237
3.5034, 2236
3.5098, 2235
3.5245, 2234
3.5350, 2233
3.5392, 2232
3.5395, 2231
3.5478, 2230
3.5480, 2229
3.5714, 2228
3.5762, 2227
3.5921, 2226
3.7515, 2225
3.7837, 2224
3.8085, 2223
3.8087, 2222
3.8173, 2221
3.8698, 2220
3.9321, 2219
3.9863, 2218
4.0111, 2217
4.0134, 2216
4.0795, 2215
4.1289, 2214
4.3661, 2213
4.6449, 2212
