0.6573, 3931
0.6577, 3930
0.6580, 3929
0.6584, 3928
0.6587, 3927
0.6591, 3926
0.6594, 3925
0.6597, 3924
0.6601, 3923
0.6604, 3922
0.6607, 3921
0.6611, 3920
0.6614, 3919
0.6617, 3918
0.6620, 3917
0.6624, 3916
0.6627, 3915
0.6630, 3914
0.6634, 3913
0.6637, 3912
0.6640, 3911
0.6644, 3910
0.6647, 3909
0.6650, 3908
0.6653, 3907
0.6657, 3906
0.6660, 3905
0.6663, 3904
0.6666, 3903
0.6670, 3902
0.6673, 3901
0.6677, 3900
0.6680, 3899
0.6683, 3898
0.6687, 3897
0.6690, 3896
0.6693, 3895
0.6697, 3894
0.6700, 3893
0.6703, 3892
0.6706, 3891
0.6710, 3890
0.6713, 3889
0.6716, 3888
0.6720, 3887
0.6723, 3886
0.6726, 3885
0.6730, 3884
0.6733, 3883
0.6736, 3882
0.6740, 3881
0.6743, 3880
0.6746, 3879
0.6750, 3878
0.6753, 3877
0.6756, 3876
0.6759, 3875
0.6763, 3874
0.6766, 3873
0.6769, 3872
0.6773, 3871
0.6776, 3870
0.6779, 3869
0.6782, 3868
0.6786, 3867
0.6789, 3866
0.6792, 3865
0.6795, 3864
0.6799, 3863
0.6802, 3862
0.6805, 3861
0.6808, 3860
0.6812, 3859
0.6815, 3858
0.6818, 3857
0.6821, 3856
0.6825, 3855
0.6828, 3854
0.6831, 3853
0.6834, 3852
0.6838, 3851
0.6841, 3850
0.6844, 3849
0.6848, 3848
0.6851, 3847
0.6854, 3846
0.6858, 3845
0.6861, 3844
0.6864, 3843
0.6868, 3842
0.6871, 3841
0.6874, 3840
0.6877, 3839
0.6881, 3838
0.6884, 3837
0.6887, 3836
0.6891, 3835
0.6894, 3834
0.6898, 3833
0.6901, 3832
0.6904, 3831
0.6908, 3830
0.6911, 3829
0.6914, 3828
0.6918, 3827
0.6921, 3826
0.6924, 3825
0.6928, 3824
0.6931, 3823
0.6934, 3822
0.6938, 3821
0.6941, 3820
0.6944, 3819
0.6948, 3818
0.6951, 3817
0.6954, 3816
0.6957, 3815
0.6961, 3814
0.6964, 3813
0.6967, 3812
0.6971, 3811
0.6974, 3810
0.6977, 3809
0.6981, 3808
0.6984, 3807
0.6987, 3806
0.6991, 3805
0.6994, 3804
0.6998, 3803
0.7001, 3802
0.7004, 3801
0.7007, 3800
0.7011, 3799
0.7014, 3798
0.7017, 3797
0.7021, 3796
0.7024, 3795
0.7027, 3794
0.7030, 3793
0.7034, 3792
0.7037, 3791
0.7040, 3790
0.7043, 3789
0.7047, 3788
0.7050, 3787
0.7053, 3786
0.7057, 3785
0.7060, 3784
0.7064, 3783
0.7067, 3782
0.7070, 3781
0.7074, 3780
0.7077, 3779
0.7080, 3778
0.7083, 3777
0.7087, 3776
0.7090, 3775
0.7093, 3774
0.7096, 3773
0.7100, 3772
0.7103, 3771
0.7106, 3770
0.7109, 3769
0.7113, 3768
0.7116, 3767
0.7119, 3766
0.7123, 3765
0.7126, 3764
0.7129, 3763
0.7132, 3762
0.7136, 3761
0.7139, 3760
0.7143, 3759
0.7146, 3758
0.7149, 3757
0.7153, 3756
0.7156, 3755
0.7160, 3754
0.7163, 3753
0.7166, 3752
0.7170, 3751
0.7173, 3750
0.7176, 3749
0.7180, 3748
0.7183, 3747
0.7186, 3746
0.7189, 3745
0.7193, 3744
0.7196, 3743
0.7199, 3742
0.7202, 3741
0.7206, 3740
0.7209, 3739
0.7212, 3738
0.7215, 3737
0.7219, 3736
0.7222, 3735
0.7225, 3734
0.7228, 3733
0.7232, 3732
0.7235, 3731
0.7238, 3730
0.7241, 3729
0.7244, 3728
0.7248, 3727
0.7251, 3726
0.7254, 3725
0.7258, 3724
0.7261, 3723
0.7264, 3722
0.7268, 3721
0.7271, 3720
0.7274, 3719
0.7277, 3718
0.7281, 3717
0.7284, 3716
0.7287, 3715
0.7290, 3714
0.7294, 3713
0.7297, 3712
0.7300, 3711
0.7303, 3710
0.7307, 3709
0.7310, 3708
0.7313, 3707
0.7316, 3706
0.7320, 3705
0.7323, 3704
0.7326, 3703
0.7329, 3702
0.7332, 3701
0.7336, 3700
0.7339, 3699
0.7342, 3698
0.7345, 3697
0.7348, 3696
0.7352, 3695
0.7355, 3694
0.7358, 3693
0.7361, 3692
0.7364, 3691
0.7368, 3690
0.7371, 3689
0.7374, 3688
0.7377, 3687
0.7381, 3686
0.7384, 3685
0.7387, 3684
0.7390, 3683
0.7394, 3682
0.7397, 3681
0.7400, 3680
0.7403, 3679
0.7406, 3678
0.7410, 3677
0.7413, 3676
0.7416, 3675
0.7419, 3674
0.7422, 3673
0.7426, 3672
0.7429, 3671
0.7432, 3670
0.7435, 3669
0.7439, 3668
0.7442, 3667
0.7445, 3666
0.7448, 3665
0.7452, 3664
0.7455, 3663
0.7458, 3662
0.7462, 3661
0.7465, 3660
0.7468, 3659
0.7471, 3658
0.7475, 3657
0.7478, 3656
0.7481, 3655
0.7485, 3654
0.7488, 3653
0.7491, 3652
0.7494, 3651
0.7497, 3650
0.7501, 3649
0.7504, 3648
0.7507, 3647
0.7510, 3646
0.7514, 3645
0.7517, 3644
0.7520, 3643
0.7523, 3642
0.7527, 3641
0.7530, 3640
0.7533, 3639
0.7536, 3638
0.7540, 3637
0.7543, 3636
0.7546, 3635
0.7549, 3634
0.7553, 3633
0.7556, 3632
0.7559, 3631
0.7562, 3630
0.7566, 3629
0.7569, 3628
0.7572, 3627
0.7575, 3626
0.7578, 3625
0.7582, 3624
0.7585, 3623
0.7588, 3622
0.7591, 3621
0.7594, 3620
0.7597, 3619
0.7600, 3618
0.7604, 3617
0.7607, 3616
0.7610, 3615
0.7613, 3614
0.7616, 3613
0.7620, 3612
0.7623, 3611
0.7626, 3610
0.7629, 3609
0.7632, 3608
0.7636, 3607
0.7639, 3606
0.7642, 3605
0.7645, 3604
0.7648, 3603
0.7651, 3602
0.7654, 3601
0.7658, 3600
0.7661, 3599
0.7664, 3598
0.7667, 3597
0.7670, 3596
0.7673, 3595
0.7676, 3594
0.7680, 3593
0.7683, 3592
0.7686, 3591
0.7689, 3590
0.7692, 3589
0.7696, 3588
0.7699, 3587
0.7702, 3586
0.7705, 3585
0.7708, 3584
0.7712, 3583
0.7715, 3582
0.7718, 3581
0.7721, 3580
0.7724, 3579
0.7727, 3578
0.7730, 3577
0.7734, 3576
0.7737, 3575
0.7740, 3574
0.7743, 3573
0.7747, 3572
0.7750, 3571
0.7753, 3570
0.7756, 3569
0.7759, 3568
0.7762, 3567
0.7765, 3566
0.7768, 3565
0.7771, 3564
0.7775, 3563
0.7778, 3562
0.7781, 3561
0.7784, 3560
0.7787, 3559
0.7791, 3558
0.7794, 3557
0.7797, 3556
0.7801, 3555
0.7804, 3554
0.7807, 3553
0.7811, 3552
0.7814, 3551
0.7817, 3550
0.7820, 3549
0.7823, 3548
0.7826, 3547
0.7830, 3546
0.7833, 3545
0.7836, 3544
0.7839, 3543
0.7842, 3542
0.7845, 3541
0.7849, 3540
0.7852, 3539
0.7855, 3538
0.7858, 3537
0.7862, 3536
0.7865, 3535
0.7868, 3534
0.7871, 3533
0.7874, 3532
0.7877, 3531
0.7880, 3530
0.7884, 3529
0.7887, 3528
0.7890, 3527
0.7893, 3526
0.7896, 3525
0.7899, 3524
0.7903, 3523
0.7906, 3522
0.7909, 3521
0.7912, 3520
0.7915, 3519
0.7918, 3518
0.7921, 3517
0.7924, 3516
0.7928, 3515
0.7931, 3514
0.7934, 3513
0.7937, 3512
0.7940, 3511
0.7943, 3510
0.7946, 3509
0.7949, 3508
0.7952, 3507
0.7956, 3506
0.7959, 3505
0.7962, 3504
0.7965, 3503
0.7968, 3502
0.7971, 3501
0.7974, 3500
0.7977, 3499
0.7980, 3498
0.7984, 3497
0.7987, 3496
0.7990, 3495
0.7993, 3494
0.7996, 3493
0.7999, 3492
0.8002, 3491
0.8005, 3490
0.8008, 3489
0.8011, 3488
0.8014, 3487
0.8017, 3486
0.8021, 3485
0.8024, 3484
0.8027, 3483
0.8030, 3482
0.8033, 3481
0.8036, 3480
0.8039, 3479
0.8042, 3478
0.8045, 3477
0.8048, 3476
0.8051, 3475
0.8055, 3474
0.8058, 3473
0.8061, 3472
0.8064, 3471
0.8067, 3470
0.8070, 3469
0.8073, 3468
0.8076, 3467
0.8079, 3466
0.8082, 3465
0.8085, 3464
0.8088, 3463
0.8091, 3462
0.8095, 3461
0.8098, 3460
0.8101, 3459
0.8104, 3458
0.8107, 3457
0.8110, 3456
0.8113, 3455
0.8116, 3454
0.8119, 3453
0.8122, 3452
0.8125, 3451
0.8128, 3450
0.8131, 3449
0.8134, 3448
0.8137, 3447
0.8141, 3446
0.8144, 3445
0.8147, 3444
0.8150, 3443
0.8153, 3442
0.8156, 3441
0.8159, 3440
0.8162, 3439
0.8165, 3438
0.8168, 3437
0.8171, 3436
0.8175, 3435
0.8178, 3434
0.8181, 3433
0.8184, 3432
0.8187, 3431
0.8190, 3430
0.8193, 3429
0.8196, 3428
0.8199, 3427
0.8202, 3426
0.8205, 3425
0.8208, 3424
0.8211, 3423
0.8214, 3422
0.8217, 3421
0.8221, 3420
0.8224, 3419
0.8227, 3418
0.8230, 3417
0.8233, 3416
0.8236, 3415
0.8238, 3414
0.8241, 3413
0.8244, 3412
0.8247, 3411
0.8250, 3410
0.8253, 3409
0.8256, 3408
0.8259, 3407
0.8262, 3406
0.8265, 3405
0.8268, 3404
0.8271, 3403
0.8274, 3402
0.8277, 3401
0.8281, 3400
0.8284, 3399
0.8287, 3398
0.8290, 3397
0.8293, 3396
0.8296, 3395
0.8299, 3394
0.8302, 3393
0.8305, 3392
0.8308, 3391
0.8312, 3390
0.8315, 3389
0.8318, 3388
0.8321, 3387
0.8324, 3386
0.8327, 3385
0.8330, 3384
0.8333, 3383
0.8337, 3382
0.8340, 3381
0.8343, 3380
0.8346, 3379
0.8349, 3378
0.8352, 3377
0.8355, 3376
0.8358, 3375
0.8361, 3374
0.8364, 3373
0.8367, 3372
0.8371, 3371
0.8374, 3370
0.8377, 3369
0.8379, 3368
0.8383, 3367
0.8386, 3366
0.8389, 3365
0.8392, 3364
0.8395, 3363
0.8398, 3362
0.8401, 3361
0.8405, 3360
0.8408, 3359
0.8411, 3358
0.8414, 3357
0.8417, 3356
0.8420, 3355
0.8423, 3354
0.8426, 3353
0.8429, 3352
0.8432, 3351
0.8435, 3350
0.8438, 3349
0.8441, 3348
0.8445, 3347
0.8448, 3346
0.8451, 3345
0.8454, 3344
0.8457, 3343
0.8460, 3342
0.8463, 3341
0.8466, 3340
0.8469, 3339
0.8472, 3338
0.8475, 3337
0.8478, 3336
0.8481, 3335
0.8484, 3334
0.8487, 3333
0.8491, 3332
0.8494, 3331
0.8497, 3330
0.8500, 3329
0.8503, 3328
0.8506, 3327
0.8509, 3326
0.8512, 3325
0.8515, 3324
0.8518, 3323
0.8521, 3322
0.8525, 3321
0.8529, 3320
0.8532, 3319
0.8535, 3318
0.8538, 3317
0.8541, 3316
0.8544, 3315
0.8547, 3314
0.8551, 3313
0.8554, 3312
0.8557, 3311
0.8560, 3310
0.8564, 3309
0.8567, 3308
0.8570, 3307
0.8573, 3306
0.8576, 3305
0.8579, 3304
0.8582, 3303
0.8585, 3302
0.8588, 3301
0.8592, 3300
0.8595, 3299
0.8599, 3298
0.8602, 3297
0.8605, 3296
0.8608, 3295
0.8611, 3294
0.8614, 3293
0.8617, 3292
0.8620, 3291
0.8623, 3290
0.8626, 3289
0.8629, 3288
0.8633, 3287
0.8636, 3286
0.8639, 3285
0.8643, 3284
0.8646, 3283
0.8649, 3282
0.8652, 3281
0.8655, 3280
0.8658, 3279
0.8661, 3278
0.8665, 3277
0.8668, 3276
0.8671, 3275
0.8674, 3274
0.8678, 3273
0.8681, 3272
0.8684, 3271
0.8687, 3270
0.8690, 3269
0.8693, 3268
0.8696, 3267
0.8699, 3266
0.8702, 3265
0.8705, 3264
0.8709, 3263
0.8712, 3262
0.8715, 3261
0.8718, 3260
0.8721, 3259
0.8724, 3258
0.8728, 3257
0.8731, 3256
0.8734, 3255
0.8737, 3254
0.8741, 3253
0.8744, 3252
0.8747, 3251
0.8750, 3250
0.8754, 3249
0.8757, 3248
0.8760, 3247
0.8764, 3246
0.8767, 3245
0.8770, 3244
0.8773, 3243
0.8776, 3242
0.8780, 3241
0.8783, 3240
0.8786, 3239
0.8789, 3238
0.8792, 3237
0.8795, 3236
0.8798, 3235
0.8801, 3234
0.8804, 3233
0.8807, 3232
0.8810, 3231
0.8814, 3230
0.8817, 3229
0.8820, 3228
0.8823, 3227
0.8826, 3226
0.8829, 3225
0.8832, 3224
0.8835, 3223
0.8838, 3222
0.8841, 3221
0.8845, 3220
0.8848, 3219
0.8850, 3218
0.8853, 3217
0.8856, 3216
0.8859, 3215
0.8862, 3214
0.8866, 3213
0.8869, 3212
0.8873, 3211
0.8876, 3210
0.8879, 3209
0.8883, 3208
0.8886, 3207
0.8889, 3206
0.8893, 3205
0.8895, 3204
0.8898, 3203
0.8902, 3202
0.8905, 3201
0.8908, 3200
0.8911, 3199
0.8914, 3198
0.8918, 3197
0.8922, 3196
0.8924, 3195
0.8928, 3194
0.8931, 3193
0.8934, 3192
0.8938, 3191
0.8941, 3190
0.8945, 3189
0.8951, 3188
0.8955, 3187
0.8958, 3186
0.8960, 3185
0.8963, 3184
0.8966, 3183
0.8969, 3182
0.8972, 3181
0.8975, 3180
0.8979, 3179
0.8982, 3178
0.8986, 3177
0.8989, 3176
0.8992, 3175
0.8995, 3174
0.8998, 3173
0.9001, 3172
0.9004, 3171
0.9007, 3170
0.9010, 3169
0.9013, 3168
0.9016, 3167
0.9019, 3166
0.9022, 3165
0.9026, 3164
0.9029, 3163
0.9032, 3162
0.9035, 3161
0.9038, 3160
0.9041, 3159
0.9044, 3158
0.9047, 3157
0.9050, 3156
0.9053, 3155
0.9056, 3154
0.9060, 3153
0.9063, 3152
0.9065, 3151
0.9068, 3150
0.9072, 3149
0.9075, 3148
0.9078, 3147
0.9081, 3146
0.9084, 3145
0.9087, 3144
0.9091, 3143
0.9094, 3142
0.9097, 3141
0.9100, 3140
0.9103, 3139
0.9106, 3138
0.9109, 3137
0.9112, 3136
0.9115, 3135
0.9118, 3134
0.9121, 3133
0.9125, 3132
0.9128, 3131
0.9131, 3130
0.9134, 3129
0.9137, 3128
0.9140, 3127
0.9142, 3126
0.9146, 3125
0.9148, 3124
0.9151, 3123
0.9154, 3122
0.9157, 3121
0.9160, 3120
0.9163, 3119
0.9166, 3118
0.9169, 3117
0.9171, 3116
0.9174, 3115
0.9177, 3114
0.9180, 3113
0.9182, 3112
0.9185, 3111
0.9188, 3110
0.9191, 3109
0.9194, 3108
0.9197, 3107
0.9200, 3106
0.9202, 3105
0.9205, 3104
0.9208, 3103
0.9211, 3102
0.9214, 3101
0.9217, 3100
0.9220, 3099
0.9223, 3098
0.9226, 3097
0.9229, 3096
0.9232, 3095
0.9235, 3094
0.9237, 3093
0.9240, 3092
0.9243, 3091
0.9246, 3090
0.9249, 3089
0.9251, 3088
0.9254, 3087
0.9257, 3086
0.9260, 3085
0.9263, 3084
0.9266, 3083
0.9269, 3082
0.9272, 3081
0.9276, 3080
0.9278, 3079
0.9282, 3078
0.9284, 3077
0.9287, 3076
0.9290, 3075
0.9293, 3074
0.9296, 3073
0.9299, 3072
0.9302, 3071
0.9304, 3070
0.9307, 3069
0.9310, 3068
0.9313, 3067
0.9315, 3066
0.9318, 3065
0.9321, 3064
0.9324, 3063
0.9327, 3062
0.9329, 3061
0.9332, 3060
0.9335, 3059
0.9338, 3058
0.9341, 3057
0.9343, 3056
0.9346, 3055
0.9349, 3054
0.9352, 3053
0.9355, 3052
0.9359, 3051
0.9362, 3050
0.9364, 3049
0.9367, 3048
0.9370, 3047
0.9373, 3046
0.9375, 3045
0.9378, 3044
0.9381, 3043
0.9384, 3042
0.9387, 3041
0.9389, 3040
0.9392, 3039
0.9395, 3038
0.9397, 3037
0.9400, 3036
0.9403, 3035
0.9406, 3034
0.9409, 3033
0.9411, 3032
0.9414, 3031
0.9417, 3030
0.9420, 3029
0.9423, 3028
0.9426, 3027
0.9429, 3026
0.9431, 3025
0.9434, 3024
0.9437, 3023
0.9440, 3022
0.9442, 3021
0.9445, 3020
0.9448, 3019
0.9451, 3018
0.9453, 3017
0.9456, 3016
0.9459, 3015
0.9462, 3014
0.9465, 3013
0.9468, 3012
0.9470, 3011
0.9473, 3010
0.9476, 3009
0.9479, 3008
0.9481, 3007
0.9484, 3006
0.9487, 3005
0.9490, 3004
0.9493, 3003
0.9495, 3002
0.9498, 3001
0.9501, 3000
0.9504, 2999
0.9507, 2998
0.9509, 2997
0.9512, 2996
0.9515, 2995
0.9518, 2994
0.9520, 2993
0.9523, 2992
0.9526, 2991
0.9529, 2990
0.9532, 2989
0.9535, 2988
0.9537, 2987
0.9540, 2986
0.9543, 2985
0.9546, 2984
0.9549, 2983
0.9552, 2982
0.9555, 2981
0.9557, 2980
0.9560, 2979
0.9563, 2978
0.9566, 2977
0.9568, 2976
0.9571, 2975
0.9574, 2974
0.9577, 2973
0.9580, 2972
0.9583, 2971
0.9586, 2970
0.9589, 2969
0.9591, 2968
0.9594, 2967
0.9597, 2966
0.9599, 2965
0.9602, 2964
0.9605, 2963
0.9608, 2962
0.9611, 2961
0.9613, 2960
0.9616, 2959
0.9619, 2958
0.9622, 2957
0.9625, 2956
0.9629, 2955
0.9631, 2954
0.9634, 2953
0.9637, 2952
0.9640, 2951
0.9644, 2950
0.9646, 2949
0.9649, 2948
0.9652, 2947
0.9654, 2946
0.9657, 2945
0.9660, 2944
0.9663, 2943
0.9666, 2942
0.9669, 2941
0.9672, 2940
0.9675, 2939
0.9678, 2938
0.9680, 2937
0.9683, 2936
0.9686, 2935
0.9689, 2934
0.9692, 2933
0.9695, 2932
0.9698, 2931
0.9701, 2930
0.9704, 2929
0.9707, 2928
0.9710, 2927
0.9713, 2926
0.9716, 2925
0.9719, 2924
0.9722, 2923
0.9725, 2922
0.9728, 2921
0.9731, 2920
0.9734, 2919
0.9737, 2918
0.9741, 2917
0.9743, 2916
0.9746, 2915
0.9749, 2914
0.9752, 2913
0.9755, 2912
0.9758, 2911
0.9761, 2910
0.9764, 2909
0.9767, 2908
0.9769, 2907
0.9772, 2906
0.9775, 2905
0.9778, 2904
0.9781, 2903
0.9784, 2902
0.9787, 2901
0.9790, 2900
0.9793, 2899
0.9796, 2898
0.9799, 2897
0.9802, 2896
0.9805, 2895
0.9808, 2894
0.9811, 2893
0.9814, 2892
0.9817, 2891
0.9820, 2890
0.9823, 2889
0.9827, 2888
0.9830, 2887
0.9832, 2886
0.9835, 2885
0.9838, 2884
0.9841, 2883
0.9844, 2882
0.9847, 2881
0.9850, 2880
0.9852, 2879
0.9855, 2878
0.9858, 2877
0.9861, 2876
0.9864, 2875
0.9867, 2874
0.9870, 2873
0.9873, 2872
0.9875, 2871
0.9878, 2870
0.9881, 2869
0.9884, 2868
0.9887, 2867
0.9889, 2866
0.9892, 2865
0.9895, 2864
0.9898, 2863
0.9900, 2862
0.9903, 2861
0.9906, 2860
0.9908, 2859
0.9911, 2858
0.9914, 2857
0.9916, 2856
0.9919, 2855
0.9922, 2854
0.9924, 2853
0.9927, 2852
0.9930, 2851
0.9932, 2850
0.9935, 2849
0.9938, 2848
0.9941, 2847
0.9943, 2846
0.9946, 2845
0.9949, 2844
0.9952, 2843
0.9954, 2842
0.9957, 2841
0.9960, 2840
0.9963, 2839
0.9966, 2838
0.9969, 2837
0.9972, 2836
0.9975, 2835
0.9977, 2834
0.9980, 2833
0.9983, 2832
0.9985, 2831
0.9988, 2830
0.9991, 2829
0.9994, 2828
0.9996, 2827
0.9999, 2826
1.0002, 2825
1.0004, 2824
1.0007, 2823
1.0010, 2822
1.0013, 2821
1.0015, 2820
1.0018, 2819
1.0021, 2818
1.0023, 2817
1.0026, 2816
1.0029, 2815
1.0031, 2814
1.0034, 2813
1.0037, 2812
1.0039, 2811
1.0042, 2810
1.0045, 2809
1.0048, 2808
1.0050, 2807
1.0053, 2806
1.0055, 2805
1.0058, 2804
1.0061, 2803
1.0064, 2802
1.0067, 2801
1.0069, 2800
1.0072, 2799
1.0075, 2798
1.0078, 2797
1.0081, 2796
1.0083, 2795
1.0086, 2794
1.0089, 2793
1.0092, 2792
1.0095, 2791
1.0097, 2790
1.0100, 2789
1.0102, 2788
1.0105, 2787
1.0108, 2786
1.0110, 2785
1.0113, 2784
1.0116, 2783
1.0119, 2782
1.0122, 2781
1.0124, 2780
1.0127, 2779
1.0130, 2778
1.0132, 2777
1.0135, 2776
1.0138, 2775
1.0141, 2774
1.0143, 2773
1.0146, 2772
1.0149, 2771
1.0151, 2770
1.0154, 2769
1.0157, 2768
1.0160, 2767
1.0162, 2766
1.0165, 2765
1.0168, 2764
1.0170, 2763
1.0173, 2762
1.0176, 2761
1.0179, 2760
1.0182, 2759
1.0185, 2758
1.0187, 2757
1.0190, 2756
1.0193, 2755
1.0196, 2754
1.0199, 2753
1.0202, 2752
1.0204, 2751
1.0208, 2750
1.0210, 2749
1.0213, 2748
1.0216, 2747
1.0219, 2746
1.0221, 2745
1.0224, 2744
1.0227, 2743
1.0231, 2742
1.0234, 2741
1.0237, 2740
1.0240, 2739
1.0243, 2738
1.0245, 2737
1.0248, 2736
1.0251, 2735
1.0254, 2734
1.0256, 2733
1.0259, 2732
1.0262, 2731
1.0265, 2730
1.0268, 2729
1.0271, 2728
1.0273, 2727
1.0276, 2726
1.0279, 2725
1.0281, 2724
1.0284, 2723
1.0287, 2722
1.0290, 2721
1.0292, 2720
1.0296, 2719
1.0298, 2718
1.0301, 2717
1.0304, 2716
1.0307, 2715
1.0310, 2714
1.0312, 2713
1.0315, 2712
1.0317, 2711
1.0320, 2710
1.0323, 2709
1.0326, 2708
1.0328, 2707
1.0331, 2706
1.0334, 2705
1.0336, 2704
1.0339, 2703
1.0342, 2702
1.0344, 2701
1.0347, 2700
1.0350, 2699
1.0352, 2698
1.0355, 2697
1.0357, 2696
1.0360, 2695
1.0363, 2694
1.0366, 2693
1.0368, 2692
1.0371, 2691
1.0374, 2690
1.0376, 2689
1.0379, 2688
1.0382, 2687
1.0385, 2686
1.0387, 2685
1.0390, 2684
1.0392, 2683
1.0395, 2682
1.0398, 2681
1.0400, 2680
1.0403, 2679
1.0405, 2678
1.0408, 2677
1.0411, 2676
1.0415, 2675
1.0418, 2674
1.0420, 2673
1.0424, 2672
1.0426, 2671
1.0430, 2670
1.0432, 2669
1.0435, 2668
1.0438, 2667
1.0441, 2666
1.0443, 2665
1.0446, 2664
1.0449, 2663
1.0451, 2662
1.0454, 2661
1.0457, 2660
1.0460, 2659
1.0462, 2658
1.0465, 2657
1.0468, 2656
1.0471, 2655
1.0473, 2654
1.0476, 2653
1.0479, 2652
1.0482, 2651
1.0484, 2650
1.0487, 2649
1.0490, 2648
1.0492, 2647
1.0495, 2646
1.0498, 2645
1.0500, 2644
1.0503, 2643
1.0506, 2642
1.0508, 2641
1.0511, 2640
1.0514, 2639
1.0516, 2638
1.0519, 2637
1.0522, 2636
1.0524, 2635
1.0527, 2634
1.0530, 2633
1.0532, 2632
1.0535, 2631
1.0537, 2630
1.0540, 2629
1.0543, 2628
1.0546, 2627
1.0548, 2626
1.0552, 2625
1.0554, 2624
1.0557, 2623
1.0560, 2622
1.0562, 2621
1.0565, 2620
1.0567, 2619
1.0570, 2618
1.0573, 2617
1.0575, 2616
1.0578, 2615
1.0581, 2614
1.0583, 2613
1.0586, 2612
1.0588, 2611
1.0591, 2610
1.0593, 2609
1.0596, 2608
1.0598, 2607
1.0601, 2606
1.0603, 2605
1.0606, 2604
1.0609, 2603
1.0611, 2602
1.0614, 2601
1.0617, 2600
1.0619, 2599
1.0622, 2598
1.0624, 2597
1.0627, 2596
1.0629, 2595
1.0632, 2594
1.0634, 2593
1.0637, 2592
1.0640, 2591
1.0642, 2590
1.0645, 2589
1.0647, 2588
1.0650, 2587
1.0653, 2586
1.0655, 2585
1.0658, 2584
1.0660, 2583
1.0663, 2582
1.0665, 2581
1.0668, 2580
1.0670, 2579
1.0673, 2578
1.0676, 2577
1.0678, 2576
1.0681, 2575
1.0684, 2574
1.0686, 2573
1.0689, 2572
1.0691, 2571
1.0694, 2570
1.0697, 2569
1.0699, 2568
1.0702, 2567
1.0704, 2566
1.0707, 2565
1.0772, 2564
1.0835, 2563
1.0960, 2562
1.0963, 2561
1.1045, 2560
1.1047, 2559
1.1090, 2558
1.1132, 2557
1.1217, 2556
1.1381, 2555
1.1384, 2554
1.1674, 2553
1.1782, 2552
1.1868, 2551
1.1953, 2550
1.1955, 2549
1.1998, 2548
1.2103, 2547
1.2105, 2546
1.2107, 2545
1.2171, 2544
1.2214, 2543
1.2360, 2542
1.2403, 2541
1.2426, 2540
1.2449, 2539
1.2451, 2538
1.2453, 2537
1.2538, 2536
1.2540, 2535
1.2542, 2534
1.2730, 2533
1.2816, 2532
1.2901, 2531
1.2903, 2530
1.2966, 2529
1.3009, 2528
1.3012, 2527
1.3076, 2526
1.3179, 2525
1.3449, 2524
1.3532, 2523
1.3535, 2522
1.3558, 2521
1.3560, 2520
1.3624, 2519
1.3688, 2518
1.3691, 2517
1.3734, 2516
1.3778, 2515
1.3801, 2514
1.3825, 2513
1.3890, 2512
1.3892, 2511
1.3956, 2510
1.3958, 2509
1.3961, 2508
1.3963, 2507
1.4048, 2506
1.4765, 2505
1.4912, 2504
1.4914, 2503
1.5062, 2502
1.5316, 2501
1.5380, 2500
1.5444, 2499
1.5591, 2498
1.5593, 2497
1.5719, 2496
1.5803, 2495
1.5910, 2494
1.6139, 2493
1.6328, 2492
1.6435, 2491
1.6458, 2490
1.6481, 2489
1.6484, 2488
1.6528, 2487
1.6593, 2486
1.6677, 2485
1.6680, 2484
1.6744, 2483
1.6808, 2482
1.6810, 2481
1.6812, 2480
1.6815, 2479
1.6838, 2478
1.6903, 2477
1.6905, 2476
1.6928, 2475
1.7085, 2474
1.7087, 2473
1.7089, 2472
1.7280, 2471
1.7365, 2470
1.7450, 2469
1.7474, 2468
1.7517, 2467
1.7583, 2466
1.7627, 2465
1.7629, 2464
1.7631, 2463
1.7633, 2462
1.7821, 2461
1.7948, 2460
1.7991, 2459
1.7993, 2458
1.7996, 2457
1.7998, 2456
1.8207, 2455
1.8334, 2454
1.8398, 2453
1.8567, 2452
1.8569, 2451
1.8675, 2450
1.8677, 2449
1.8680, 2448
1.8723, 2447
1.8808, 2446
1.8810, 2445
1.8978, 2444
1.9083, 2443
1.9210, 2442
1.9212, 2441
1.9276, 2440
1.9488, 2439
1.9656, 2438
1.9722, 2437
1.9849, 2436
1.9893, 2435
2.0165, 2434
2.0353, 2433
2.0417, 2432
2.0460, 2431
2.0648, 2430
2.0753, 2429
2.0838, 2428
2.0923, 2427
2.1194, 2426
2.1321, 2425
2.1426, 2424
2.1511, 2423
2.1513, 2422
2.1888, 2421
2.1952, 2420
2.2141, 2419
2.2310, 2418
2.2313, 2417
2.2397, 2416
2.2607, 2415
2.2610, 2414
2.2715, 2413
2.2821, 2412
2.3010, 2411
2.3075, 2410
2.3222, 2409
2.3328, 2408
2.3474, 2407
2.3559, 2406
2.3705, 2405
2.3707, 2404
2.3709, 2403
2.3732, 2402
2.3734, 2401
2.3839, 2400
2.3842, 2399
2.3886, 2398
2.3888, 2397
2.3891, 2396
2.3977, 2395
2.4164, 2394
2.4270, 2393
2.4313, 2392
2.4358, 2391
2.4360, 2390
2.4362, 2389
2.4466, 2388
2.4510, 2387
2.4512, 2386
2.4556, 2385
2.4558, 2384
2.4622, 2383
2.4852, 2382
2.4875, 2381
2.4919, 2380
2.4921, 2379
2.4985, 2378
2.4987, 2377
2.5052, 2376
2.5054, 2375
2.5056, 2374
2.5101, 2373
2.5104, 2372
2.5191, 2371
2.5235, 2370
2.5237, 2369
2.5325, 2368
2.5327, 2367
2.5329, 2366
2.5518, 2365
2.5520, 2364
2.5522, 2363
2.5566, 2362
2.5568, 2361
2.5571, 2360
2.5656, 2359
2.5659, 2358
2.5661, 2357
2.5663, 2356
2.5666, 2355
2.5668, 2354
2.5878, 2353
2.5880, 2352
2.5903, 2351
2.5905, 2350
2.6032, 2349
2.6034, 2348
2.6036, 2347
2.6039, 2346
2.6041, 2345
2.6085, 2344
2.6253, 2343
2.6297, 2342
2.6360, 2341
2.6425, 2340
2.6448, 2339
2.6615, 2338
2.6782, 2337
2.6846, 2336
2.7033, 2335
2.7035, 2334
2.7037, 2333
2.7206, 2332
2.7248, 2331
2.7251, 2330
2.7294, 2329
2.7422, 2328
2.7652, 2327
2.7654, 2326
2.7657, 2325
2.7720, 2324
2.7805, 2323
2.7807, 2322
2.7892, 2321
2.7894, 2320
2.8247, 2319
2.8249, 2318
2.9241, 2317
2.9264, 2316
2.9286, 2315
2.9330, 2314
2.9332, 2313
2.9355, 2312
2.9399, 2311
2.9402, 2310
2.9448, 2309
2.9577, 2308
2.9643, 2307
2.9686, 2306
2.9752, 2305
2.9754, 2304
2.9799, 2303
2.9801, 2302
2.9928, 2301
2.9971, 2300
3.0037, 2299
3.0039, 2298
3.0062, 2297
3.0170, 2296
3.0214, 2295
3.0216, 2294
3.0281, 2293
3.0283, 2292
3.0326, 2291
3.0328, 2290
3.0412, 2289
3.0455, 2288
3.0581, 2287
3.0645, 2286
3.0728, 2285
3.0731, 2284
3.0794, 2283
3.0858, 2282
3.0882, 2281
3.0884, 2280
3.1029, 2279
3.1196, 2278
3.1198, 2277
3.1489, 2276
3.1554, 2275
3.1598, 2274
3.1950, 2273
3.1993, 2272
3.1995, 2271
3.1997, 2270
3.2000, 2269
3.2084, 2268
3.2086, 2267
3.2088, 2266
3.2194, 2265
3.2196, 2264
3.2198, 2263
3.2200, 2262
3.2202, 2261
3.2328, 2260
3.2474, 2259
3.2476, 2258
3.2561, 2257
3.2625, 2256
3.2833, 2255
3.2896, 2254
3.3001, 2253
3.3003, 2252
3.3006, 2251
3.3173, 2250
3.3342, 2249
3.3386, 2248
3.3470, 2247
3.3513, 2246
3.3557, 2245
3.3559, 2244
3.3725, 2243
3.3768, 2242
3.3853, 2241
3.3917, 2240
3.4001, 2239
3.4126, 2238
3.4291, 2237
3.4314, 2236
3.4377, 2235
3.4624, 2234
3.4728, 2233
3.4790, 2232
3.5146, 2231
3.5420, 2230
3.5876, 2229
3.6478, 2228
3.7145, 2227
3.7375, 2226
3.7480, 2225
3.7524, 2224
3.7629, 2223
3.8041, 2222
3.8679, 2221
3.9112, 2220
3.9300, 2219
3.9323, 2218
4.0068, 2217
4.1748, 2216
4.2953, 2215
4.3141, 2214
4.4259, 2213
