0.0414, 2281
0.1347, 2280
0.1443, 2279
0.1731, 2278
0.1920, 2277
0.2045, 2276
0.2382, 2275
0.2624, 2274
0.2780, 2273
0.3181, 2272
0.3366, 2271
0.3830, 2269
0.4218, 2268
0.4280, 2267
0.4709, 2266
0.4984, 2265
0.5597, 2264
0.5876, 2263
0.6152, 2262
0.6308, 2261
0.6670, 2260
0.6919, 2259
0.7134, 2258
0.7867, 2257
0.8478, 2256
0.9684, 2255
0.9871, 2253
1.0026, 2252
1.0217, 2251
1.0804, 2250
1.1114, 2249
1.1795, 2247
1.1890, 2245
1.4633, 2244
1.4851, 2243
1.4914, 2242
1.5073, 2239
1.5381, 2236
1.5882, 2235
1.6133, 2234
1.6287, 2233
1.6319, 2232
1.6846, 2230
1.6879, 2228
1.7249, 2227
1.9921, 2226
2.0681, 2225
2.1062, 2224
2.1742, 2223
2.2276, 2222
2.3525, 2221
2.6060, 2220
2.6372, 2219
2.7091, 2218
2.7778, 2217
2.8932, 2216
2.9682, 2215
3.0771, 2214
