0.6587, 3931
0.6591, 3930
0.6594, 3929
0.6597, 3928
0.6601, 3927
0.6604, 3926
0.6608, 3925
0.6611, 3924
0.6615, 3923
0.6618, 3922
0.6622, 3921
0.6626, 3920
0.6629, 3919
0.6632, 3918
0.6636, 3917
0.6639, 3916
0.6642, 3915
0.6646, 3914
0.6649, 3913
0.6652, 3912
0.6656, 3911
0.6659, 3910
0.6662, 3909
0.6666, 3908
0.6669, 3907
0.6672, 3906
0.6676, 3905
0.6679, 3904
0.6682, 3903
0.6686, 3902
0.6689, 3901
0.6692, 3900
0.6696, 3899
0.6699, 3898
0.6702, 3897
0.6705, 3896
0.6709, 3895
0.6712, 3894
0.6715, 3893
0.6719, 3892
0.6722, 3891
0.6726, 3890
0.6729, 3889
0.6732, 3888
0.6735, 3887
0.6739, 3886
0.6742, 3885
0.6746, 3884
0.6749, 3883
0.6752, 3882
0.6756, 3881
0.6760, 3880
0.6763, 3879
0.6767, 3878
0.6770, 3877
0.6774, 3876
0.6777, 3875
0.6781, 3874
0.6784, 3873
0.6787, 3872
0.6791, 3871
0.6794, 3870
0.6797, 3869
0.6801, 3868
0.6804, 3867
0.6807, 3866
0.6811, 3865
0.6814, 3864
0.6818, 3863
0.6821, 3862
0.6824, 3861
0.6827, 3860
0.6831, 3859
0.6834, 3858
0.6837, 3857
0.6841, 3856
0.6844, 3855
0.6847, 3854
0.6851, 3853
0.6854, 3852
0.6857, 3851
0.6861, 3850
0.6864, 3849
0.6867, 3848
0.6870, 3847
0.6874, 3846
0.6877, 3845
0.6880, 3844
0.6884, 3843
0.6887, 3842
0.6890, 3841
0.6894, 3840
0.6897, 3839
0.6900, 3838
0.6904, 3837
0.6907, 3836
0.6911, 3835
0.6914, 3834
0.6918, 3833
0.6921, 3832
0.6924, 3831
0.6928, 3830
0.6931, 3829
0.6934, 3828
0.6938, 3827
0.6941, 3826
0.6945, 3825
0.6948, 3824
0.6951, 3823
0.6955, 3822
0.6958, 3821
0.6961, 3820
0.6965, 3819
0.6968, 3818
0.6971, 3817
0.6975, 3816
0.6978, 3815
0.6981, 3814
0.6985, 3813
0.6988, 3812
0.6991, 3811
0.6995, 3810
0.6998, 3809
0.7001, 3808
0.7005, 3807
0.7008, 3806
0.7011, 3805
0.7015, 3804
0.7018, 3803
0.7021, 3802
0.7025, 3801
0.7028, 3800
0.7031, 3799
0.7035, 3798
0.7038, 3797
0.7041, 3796
0.7045, 3795
0.7048, 3794
0.7052, 3793
0.7055, 3792
0.7058, 3791
0.7062, 3790
0.7065, 3789
0.7068, 3788
0.7072, 3787
0.7075, 3786
0.7079, 3785
0.7082, 3784
0.7086, 3783
0.7089, 3782
0.7093, 3781
0.7096, 3780
0.7099, 3779
0.7103, 3778
0.7106, 3777
0.7109, 3776
0.7113, 3775
0.7116, 3774
0.7120, 3773
0.7123, 3772
0.7126, 3771
0.7129, 3770
0.7133, 3769
0.7136, 3768
0.7139, 3767
0.7143, 3766
0.7146, 3765
0.7149, 3764
0.7153, 3763
0.7156, 3762
0.7159, 3761
0.7163, 3760
0.7166, 3759
0.7170, 3758
0.7173, 3757
0.7176, 3756
0.7179, 3755
0.7183, 3754
0.7186, 3753
0.7189, 3752
0.7193, 3751
0.7196, 3750
0.7200, 3749
0.7203, 3748
0.7207, 3747
0.7210, 3746
0.7213, 3745
0.7217, 3744
0.7220, 3743
0.7223, 3742
0.7227, 3741
0.7230, 3740
0.7233, 3739
0.7237, 3738
0.7240, 3737
0.7243, 3736
0.7247, 3735
0.7250, 3734
0.7254, 3733
0.7258, 3732
0.7261, 3731
0.7264, 3730
0.7268, 3729
0.7271, 3728
0.7275, 3727
0.7278, 3726
0.7282, 3725
0.7285, 3724
0.7288, 3723
0.7292, 3722
0.7295, 3721
0.7298, 3720
0.7301, 3719
0.7305, 3718
0.7308, 3717
0.7312, 3716
0.7315, 3715
0.7318, 3714
0.7321, 3713
0.7325, 3712
0.7328, 3711
0.7331, 3710
0.7335, 3709
0.7338, 3708
0.7341, 3707
0.7344, 3706
0.7348, 3705
0.7351, 3704
0.7354, 3703
0.7358, 3702
0.7361, 3701
0.7364, 3700
0.7368, 3699
0.7371, 3698
0.7374, 3697
0.7377, 3696
0.7381, 3695
0.7384, 3694
0.7387, 3693
0.7391, 3692
0.7394, 3691
0.7397, 3690
0.7400, 3689
0.7403, 3688
0.7407, 3687
0.7410, 3686
0.7413, 3685
0.7417, 3684
0.7420, 3683
0.7424, 3682
0.7427, 3681
0.7430, 3680
0.7433, 3679
0.7437, 3678
0.7440, 3677
0.7443, 3676
0.7446, 3675
0.7450, 3674
0.7453, 3673
0.7456, 3672
0.7459, 3671
0.7463, 3670
0.7466, 3669
0.7469, 3668
0.7472, 3667
0.7476, 3666
0.7479, 3665
0.7482, 3664
0.7486, 3663
0.7489, 3662
0.7492, 3661
0.7495, 3660
0.7499, 3659
0.7502, 3658
0.7505, 3657
0.7508, 3656
0.7512, 3655
0.7515, 3654
0.7518, 3653
0.7522, 3652
0.7525, 3651
0.7528, 3650
0.7531, 3649
0.7534, 3648
0.7538, 3647
0.7541, 3646
0.7545, 3645
0.7548, 3644
0.7551, 3643
0.7554, 3642
0.7557, 3641
0.7561, 3640
0.7564, 3639
0.7568, 3638
0.7571, 3637
0.7574, 3636
0.7578, 3635
0.7581, 3634
0.7584, 3633
0.7587, 3632
0.7591, 3631
0.7594, 3630
0.7597, 3629
0.7600, 3628
0.7603, 3627
0.7607, 3626
0.7610, 3625
0.7613, 3624
0.7616, 3623
0.7620, 3622
0.7623, 3621
0.7626, 3620
0.7629, 3619
0.7632, 3618
0.7636, 3617
0.7639, 3616
0.7642, 3615
0.7645, 3614
0.7648, 3613
0.7652, 3612
0.7655, 3611
0.7658, 3610
0.7661, 3609
0.7664, 3608
0.7668, 3607
0.7671, 3606
0.7674, 3605
0.7677, 3604
0.7680, 3603
0.7684, 3602
0.7687, 3601
0.7690, 3600
0.7693, 3599
0.7696, 3598
0.7700, 3597
0.7703, 3596
0.7706, 3595
0.7709, 3594
0.7712, 3593
0.7715, 3592
0.7719, 3591
0.7722, 3590
0.7725, 3589
0.7728, 3588
0.7731, 3587
0.7734, 3586
0.7737, 3585
0.7741, 3584
0.7744, 3583
0.7747, 3582
0.7750, 3581
0.7754, 3580
0.7757, 3579
0.7760, 3578
0.7763, 3577
0.7766, 3576
0.7770, 3575
0.7773, 3574
0.7776, 3573
0.7779, 3572
0.7782, 3571
0.7785, 3570
0.7789, 3569
0.7792, 3568
0.7795, 3567
0.7798, 3566
0.7802, 3565
0.7805, 3564
0.7808, 3563
0.7811, 3562
0.7815, 3561
0.7818, 3560
0.7821, 3559
0.7824, 3558
0.7827, 3557
0.7830, 3556
0.7833, 3555
0.7837, 3554
0.7840, 3553
0.7843, 3552
0.7846, 3551
0.7849, 3550
0.7853, 3549
0.7856, 3548
0.7860, 3547
0.7863, 3546
0.7866, 3545
0.7870, 3544
0.7873, 3543
0.7876, 3542
0.7879, 3541
0.7882, 3540
0.7886, 3539
0.7889, 3538
0.7892, 3537
0.7895, 3536
0.7898, 3535
0.7901, 3534
0.7905, 3533
0.7908, 3532
0.7911, 3531
0.7914, 3530
0.7917, 3529
0.7921, 3528
0.7924, 3527
0.7927, 3526
0.7930, 3525
0.7933, 3524
0.7936, 3523
0.7939, 3522
0.7943, 3521
0.7946, 3520
0.7949, 3519
0.7952, 3518
0.7955, 3517
0.7959, 3516
0.7962, 3515
0.7965, 3514
0.7968, 3513
0.7971, 3512
0.7974, 3511
0.7977, 3510
0.7981, 3509
0.7984, 3508
0.7987, 3507
0.7990, 3506
0.7993, 3505
0.7997, 3504
0.8000, 3503
0.8003, 3502
0.8006, 3501
0.8009, 3500
0.8012, 3499
0.8015, 3498
0.8018, 3497
0.8021, 3496
0.8025, 3495
0.8028, 3494
0.8031, 3493
0.8034, 3492
0.8037, 3491
0.8040, 3490
0.8043, 3489
0.8046, 3488
0.8050, 3487
0.8053, 3486
0.8056, 3485
0.8060, 3484
0.8063, 3483
0.8066, 3482
0.8069, 3481
0.8073, 3480
0.8076, 3479
0.8079, 3478
0.8083, 3477
0.8086, 3476
0.8089, 3475
0.8092, 3474
0.8096, 3473
0.8099, 3472
0.8102, 3471
0.8105, 3470
0.8108, 3469
0.8111, 3468
0.8114, 3467
0.8118, 3466
0.8121, 3465
0.8124, 3464
0.8127, 3463
0.8130, 3462
0.8133, 3461
0.8136, 3460
0.8139, 3459
0.8143, 3458
0.8146, 3457
0.8149, 3456
0.8152, 3455
0.8155, 3454
0.8158, 3453
0.8162, 3452
0.8165, 3451
0.8168, 3450
0.8171, 3449
0.8174, 3448
0.8177, 3447
0.8180, 3446
0.8183, 3445
0.8186, 3444
0.8189, 3443
0.8192, 3442
0.8195, 3441
0.8198, 3440
0.8201, 3439
0.8205, 3438
0.8208, 3437
0.8211, 3436
0.8214, 3435
0.8217, 3434
0.8220, 3433
0.8223, 3432
0.8226, 3431
0.8229, 3430
0.8232, 3429
0.8235, 3428
0.8238, 3427
0.8242, 3426
0.8245, 3425
0.8248, 3424
0.8252, 3423
0.8255, 3422
0.8258, 3421
0.8261, 3420
0.8264, 3419
0.8267, 3418
0.8270, 3417
0.8273, 3416
0.8277, 3415
0.8280, 3414
0.8283, 3413
0.8286, 3412
0.8289, 3411
0.8293, 3410
0.8296, 3409
0.8299, 3408
0.8302, 3407
0.8304, 3406
0.8308, 3405
0.8311, 3404
0.8314, 3403
0.8317, 3402
0.8320, 3401
0.8323, 3400
0.8326, 3399
0.8329, 3398
0.8332, 3397
0.8335, 3396
0.8338, 3395
0.8341, 3394
0.8344, 3393
0.8347, 3392
0.8350, 3391
0.8354, 3390
0.8357, 3389
0.8360, 3388
0.8363, 3387
0.8366, 3386
0.8369, 3385
0.8372, 3384
0.8375, 3383
0.8379, 3382
0.8382, 3381
0.8385, 3380
0.8388, 3379
0.8391, 3378
0.8394, 3377
0.8397, 3376
0.8401, 3375
0.8404, 3374
0.8407, 3373
0.8411, 3372
0.8414, 3371
0.8417, 3370
0.8420, 3369
0.8424, 3368
0.8427, 3367
0.8430, 3366
0.8433, 3365
0.8436, 3364
0.8439, 3363
0.8443, 3362
0.8446, 3361
0.8449, 3360
0.8452, 3359
0.8455, 3358
0.8458, 3357
0.8461, 3356
0.8464, 3355
0.8467, 3354
0.8470, 3353
0.8474, 3352
0.8477, 3351
0.8480, 3350
0.8483, 3349
0.8486, 3348
0.8489, 3347
0.8492, 3346
0.8495, 3345
0.8498, 3344
0.8501, 3343
0.8504, 3342
0.8507, 3341
0.8511, 3340
0.8514, 3339
0.8517, 3338
0.8520, 3337
0.8523, 3336
0.8526, 3335
0.8529, 3334
0.8532, 3333
0.8535, 3332
0.8538, 3331
0.8541, 3330
0.8544, 3329
0.8547, 3328
0.8550, 3327
0.8553, 3326
0.8556, 3325
0.8559, 3324
0.8563, 3323
0.8566, 3322
0.8569, 3321
0.8572, 3320
0.8575, 3319
0.8578, 3318
0.8581, 3317
0.8584, 3316
0.8587, 3315
0.8590, 3314
0.8594, 3313
0.8597, 3312
0.8600, 3311
0.8604, 3310
0.8607, 3309
0.8610, 3308
0.8613, 3307
0.8616, 3306
0.8619, 3305
0.8622, 3304
0.8626, 3303
0.8629, 3302
0.8632, 3301
0.8636, 3300
0.8639, 3299
0.8642, 3298
0.8645, 3297
0.8649, 3296
0.8652, 3295
0.8655, 3294
0.8658, 3293
0.8661, 3292
0.8664, 3291
0.8668, 3290
0.8671, 3289
0.8674, 3288
0.8677, 3287
0.8680, 3286
0.8683, 3285
0.8686, 3284
0.8689, 3283
0.8692, 3282
0.8695, 3281
0.8699, 3280
0.8702, 3279
0.8705, 3278
0.8709, 3277
0.8712, 3276
0.8715, 3275
0.8718, 3274
0.8721, 3273
0.8724, 3272
0.8727, 3271
0.8731, 3270
0.8734, 3269
0.8738, 3268
0.8741, 3267
0.8744, 3266
0.8748, 3265
0.8751, 3264
0.8754, 3263
0.8757, 3262
0.8761, 3261
0.8763, 3260
0.8766, 3259
0.8770, 3258
0.8773, 3257
0.8776, 3256
0.8779, 3255
0.8782, 3254
0.8785, 3253
0.8788, 3252
0.8791, 3251
0.8794, 3250
0.8797, 3249
0.8800, 3248
0.8804, 3247
0.8806, 3246
0.8810, 3245
0.8813, 3244
0.8816, 3243
0.8819, 3242
0.8822, 3241
0.8825, 3240
0.8828, 3239
0.8831, 3238
0.8834, 3237
0.8837, 3236
0.8841, 3235
0.8844, 3234
0.8847, 3233
0.8850, 3232
0.8853, 3231
0.8856, 3230
0.8859, 3229
0.8862, 3228
0.8865, 3227
0.8869, 3226
0.8871, 3225
0.8874, 3224
0.8877, 3223
0.8881, 3222
0.8885, 3221
0.8888, 3220
0.8891, 3219
0.8894, 3218
0.8897, 3217
0.8900, 3216
0.8903, 3215
0.8906, 3214
0.8909, 3213
0.8912, 3212
0.8915, 3211
0.8918, 3210
0.8921, 3209
0.8924, 3208
0.8927, 3207
0.8930, 3206
0.8933, 3205
0.8937, 3204
0.8941, 3203
0.8944, 3202
0.8947, 3201
0.8950, 3200
0.8954, 3199
0.8957, 3198
0.8960, 3197
0.8963, 3196
0.8966, 3195
0.8969, 3194
0.8972, 3193
0.8975, 3192
0.8978, 3191
0.8981, 3190
0.8984, 3189
0.8988, 3188
0.8990, 3187
0.8994, 3186
0.8997, 3185
0.9000, 3184
0.9003, 3183
0.9006, 3182
0.9009, 3181
0.9012, 3180
0.9015, 3179
0.9018, 3178
0.9021, 3177
0.9024, 3176
0.9027, 3175
0.9030, 3174
0.9033, 3173
0.9036, 3172
0.9039, 3171
0.9043, 3170
0.9047, 3169
0.9050, 3168
0.9053, 3167
0.9057, 3166
0.9060, 3165
0.9063, 3164
0.9066, 3163
0.9069, 3162
0.9073, 3161
0.9076, 3160
0.9079, 3159
0.9082, 3158
0.9085, 3157
0.9089, 3156
0.9092, 3155
0.9095, 3154
0.9098, 3153
0.9101, 3152
0.9104, 3151
0.9107, 3150
0.9110, 3149
0.9112, 3148
0.9115, 3147
0.9118, 3146
0.9121, 3145
0.9124, 3144
0.9127, 3143
0.9130, 3142
0.9134, 3141
0.9137, 3140
0.9140, 3139
0.9143, 3138
0.9146, 3137
0.9149, 3136
0.9153, 3135
0.9157, 3134
0.9160, 3133
0.9163, 3132
0.9166, 3131
0.9169, 3130
0.9172, 3129
0.9175, 3128
0.9178, 3127
0.9181, 3126
0.9184, 3125
0.9188, 3124
0.9191, 3123
0.9194, 3122
0.9197, 3121
0.9200, 3120
0.9203, 3119
0.9205, 3118
0.9208, 3117
0.9211, 3116
0.9214, 3115
0.9217, 3114
0.9220, 3113
0.9223, 3112
0.9226, 3111
0.9229, 3110
0.9231, 3109
0.9234, 3108
0.9237, 3107
0.9240, 3106
0.9243, 3105
0.9246, 3104
0.9249, 3103
0.9252, 3102
0.9255, 3101
0.9258, 3100
0.9261, 3099
0.9264, 3098
0.9267, 3097
0.9269, 3096
0.9273, 3095
0.9275, 3094
0.9278, 3093
0.9281, 3092
0.9284, 3091
0.9287, 3090
0.9290, 3089
0.9294, 3088
0.9297, 3087
0.9299, 3086
0.9302, 3085
0.9305, 3084
0.9308, 3083
0.9311, 3082
0.9313, 3081
0.9316, 3080
0.9319, 3079
0.9322, 3078
0.9325, 3077
0.9328, 3076
0.9331, 3075
0.9334, 3074
0.9337, 3073
0.9340, 3072
0.9343, 3071
0.9346, 3070
0.9349, 3069
0.9352, 3068
0.9355, 3067
0.9357, 3066
0.9360, 3065
0.9364, 3064
0.9366, 3063
0.9369, 3062
0.9372, 3061
0.9375, 3060
0.9378, 3059
0.9380, 3058
0.9383, 3057
0.9386, 3056
0.9389, 3055
0.9392, 3054
0.9394, 3053
0.9397, 3052
0.9400, 3051
0.9403, 3050
0.9406, 3049
0.9409, 3048
0.9412, 3047
0.9414, 3046
0.9418, 3045
0.9421, 3044
0.9424, 3043
0.9428, 3042
0.9431, 3041
0.9433, 3040
0.9436, 3039
0.9439, 3038
0.9442, 3037
0.9445, 3036
0.9448, 3035
0.9451, 3034
0.9453, 3033
0.9456, 3032
0.9459, 3031
0.9462, 3030
0.9465, 3029
0.9467, 3028
0.9470, 3027
0.9473, 3026
0.9476, 3025
0.9479, 3024
0.9481, 3023
0.9484, 3022
0.9488, 3021
0.9491, 3020
0.9493, 3019
0.9496, 3018
0.9499, 3017
0.9502, 3016
0.9505, 3015
0.9507, 3014
0.9510, 3013
0.9513, 3012
0.9516, 3011
0.9518, 3010
0.9521, 3009
0.9524, 3008
0.9527, 3007
0.9530, 3006
0.9533, 3005
0.9536, 3004
0.9539, 3003
0.9542, 3002
0.9544, 3001
0.9547, 3000
0.9550, 2999
0.9553, 2998
0.9555, 2997
0.9558, 2996
0.9561, 2995
0.9564, 2994
0.9567, 2993
0.9569, 2992
0.9572, 2991
0.9575, 2990
0.9578, 2989
0.9581, 2988
0.9584, 2987
0.9587, 2986
0.9589, 2985
0.9592, 2984
0.9595, 2983
0.9597, 2982
0.9600, 2981
0.9603, 2980
0.9606, 2979
0.9608, 2978
0.9611, 2977
0.9614, 2976
0.9617, 2975
0.9620, 2974
0.9623, 2973
0.9625, 2972
0.9628, 2971
0.9631, 2970
0.9634, 2969
0.9636, 2968
0.9639, 2967
0.9642, 2966
0.9645, 2965
0.9648, 2964
0.9651, 2963
0.9654, 2962
0.9657, 2961
0.9659, 2960
0.9662, 2959
0.9665, 2958
0.9667, 2957
0.9670, 2956
0.9673, 2955
0.9676, 2954
0.9679, 2953
0.9682, 2952
0.9685, 2951
0.9688, 2950
0.9691, 2949
0.9693, 2948
0.9697, 2947
0.9700, 2946
0.9702, 2945
0.9705, 2944
0.9708, 2943
0.9711, 2942
0.9714, 2941
0.9717, 2940
0.9720, 2939
0.9722, 2938
0.9725, 2937
0.9728, 2936
0.9731, 2935
0.9734, 2934
0.9737, 2933
0.9740, 2932
0.9744, 2931
0.9747, 2930
0.9749, 2929
0.9753, 2928
0.9756, 2927
0.9759, 2926
0.9762, 2925
0.9765, 2924
0.9768, 2923
0.9771, 2922
0.9774, 2921
0.9777, 2920
0.9781, 2919
0.9783, 2918
0.9786, 2917
0.9789, 2916
0.9792, 2915
0.9795, 2914
0.9799, 2913
0.9802, 2912
0.9805, 2911
0.9808, 2910
0.9811, 2909
0.9814, 2908
0.9817, 2907
0.9820, 2906
0.9823, 2905
0.9826, 2904
0.9829, 2903
0.9832, 2902
0.9835, 2901
0.9838, 2900
0.9840, 2899
0.9843, 2898
0.9846, 2897
0.9849, 2896
0.9852, 2895
0.9854, 2894
0.9857, 2893
0.9860, 2892
0.9863, 2891
0.9866, 2890
0.9869, 2889
0.9872, 2888
0.9875, 2887
0.9878, 2886
0.9881, 2885
0.9884, 2884
0.9886, 2883
0.9889, 2882
0.9892, 2881
0.9895, 2880
0.9898, 2879
0.9901, 2878
0.9904, 2877
0.9907, 2876
0.9910, 2875
0.9913, 2874
0.9916, 2873
0.9937, 2872
0.9940, 2871
0.9943, 2870
0.9946, 2869
0.9949, 2868
0.9952, 2867
0.9955, 2866
0.9958, 2865
0.9960, 2864
0.9963, 2863
0.9966, 2862
0.9969, 2861
0.9972, 2860
0.9975, 2859
0.9977, 2858
0.9980, 2857
0.9983, 2856
0.9986, 2855
0.9988, 2854
0.9991, 2853
0.9994, 2852
0.9996, 2851
0.9999, 2850
1.0002, 2849
1.0004, 2848
1.0007, 2847
1.0010, 2846
1.0013, 2845
1.0015, 2844
1.0018, 2843
1.0021, 2842
1.0023, 2841
1.0026, 2840
1.0029, 2839
1.0032, 2838
1.0035, 2837
1.0038, 2836
1.0040, 2835
1.0043, 2834
1.0045, 2833
1.0048, 2832
1.0051, 2831
1.0054, 2830
1.0057, 2829
1.0059, 2828
1.0062, 2827
1.0065, 2826
1.0068, 2825
1.0070, 2824
1.0073, 2823
1.0076, 2822
1.0079, 2821
1.0081, 2820
1.0084, 2819
1.0087, 2818
1.0090, 2817
1.0093, 2816
1.0096, 2815
1.0099, 2814
1.0102, 2813
1.0104, 2812
1.0107, 2811
1.0110, 2810
1.0112, 2809
1.0115, 2808
1.0117, 2807
1.0120, 2806
1.0123, 2805
1.0126, 2804
1.0129, 2803
1.0131, 2802
1.0134, 2801
1.0137, 2800
1.0139, 2799
1.0142, 2798
1.0145, 2797
1.0148, 2796
1.0150, 2795
1.0153, 2794
1.0156, 2793
1.0159, 2792
1.0162, 2791
1.0164, 2790
1.0167, 2789
1.0170, 2788
1.0173, 2787
1.0175, 2786
1.0178, 2785
1.0181, 2784
1.0184, 2783
1.0187, 2782
1.0189, 2781
1.0192, 2780
1.0195, 2779
1.0197, 2778
1.0200, 2777
1.0203, 2776
1.0206, 2775
1.0208, 2774
1.0211, 2773
1.0214, 2772
1.0216, 2771
1.0219, 2770
1.0222, 2769
1.0224, 2768
1.0227, 2767
1.0230, 2766
1.0232, 2765
1.0235, 2764
1.0238, 2763
1.0240, 2762
1.0243, 2761
1.0246, 2760
1.0248, 2759
1.0251, 2758
1.0254, 2757
1.0256, 2756
1.0259, 2755
1.0261, 2754
1.0264, 2753
1.0267, 2752
1.0269, 2751
1.0272, 2750
1.0275, 2749
1.0277, 2748
1.0280, 2747
1.0283, 2746
1.0286, 2745
1.0289, 2744
1.0291, 2743
1.0294, 2742
1.0297, 2741
1.0300, 2740
1.0302, 2739
1.0305, 2738
1.0308, 2737
1.0310, 2736
1.0313, 2735
1.0317, 2734
1.0319, 2733
1.0322, 2732
1.0325, 2731
1.0328, 2730
1.0331, 2729
1.0333, 2728
1.0336, 2727
1.0339, 2726
1.0342, 2725
1.0345, 2724
1.0347, 2723
1.0351, 2722
1.0353, 2721
1.0356, 2720
1.0359, 2719
1.0361, 2718
1.0364, 2717
1.0367, 2716
1.0370, 2715
1.0372, 2714
1.0375, 2713
1.0377, 2712
1.0380, 2711
1.0383, 2710
1.0386, 2709
1.0389, 2708
1.0392, 2707
1.0395, 2706
1.0397, 2705
1.0400, 2704
1.0402, 2703
1.0405, 2702
1.0408, 2701
1.0411, 2700
1.0414, 2699
1.0417, 2698
1.0420, 2697
1.0423, 2696
1.0425, 2695
1.0428, 2694
1.0431, 2693
1.0433, 2692
1.0436, 2691
1.0439, 2690
1.0441, 2689
1.0444, 2688
1.0447, 2687
1.0450, 2686
1.0453, 2685
1.0455, 2684
1.0458, 2683
1.0461, 2682
1.0464, 2681
1.0466, 2680
1.0469, 2679
1.0472, 2678
1.0474, 2677
1.0477, 2676
1.0480, 2675
1.0482, 2674
1.0485, 2673
1.0487, 2672
1.0490, 2671
1.0493, 2670
1.0496, 2669
1.0498, 2668
1.0502, 2667
1.0504, 2666
1.0507, 2665
1.0509, 2664
1.0512, 2663
1.0515, 2662
1.0517, 2661
1.0520, 2660
1.0522, 2659
1.0525, 2658
1.0528, 2657
1.0530, 2656
1.0533, 2655
1.0535, 2654
1.0538, 2653
1.0540, 2652
1.0543, 2651
1.0546, 2650
1.0548, 2649
1.0551, 2648
1.0553, 2647
1.0556, 2646
1.0559, 2645
1.0561, 2644
1.0564, 2643
1.0566, 2642
1.0569, 2641
1.0571, 2640
1.0574, 2639
1.0577, 2638
1.0580, 2637
1.0582, 2636
1.0585, 2635
1.0588, 2634
1.0590, 2633
1.0593, 2632
1.0595, 2631
1.0598, 2630
1.0600, 2629
1.0603, 2628
1.0606, 2627
1.0608, 2626
1.0611, 2625
1.0613, 2624
1.0616, 2623
1.0619, 2622
1.0621, 2621
1.0624, 2620
1.0626, 2619
1.0629, 2618
1.0631, 2617
1.0634, 2616
1.0637, 2615
1.0639, 2614
1.0642, 2613
1.0644, 2612
1.0647, 2611
1.0650, 2610
1.0652, 2609
1.0655, 2608
1.0658, 2607
1.0660, 2606
1.0663, 2605
1.0665, 2604
1.0668, 2603
1.0670, 2602
1.0673, 2601
1.0675, 2600
1.0678, 2599
1.0681, 2598
1.0684, 2597
1.0686, 2596
1.0689, 2595
1.0691, 2594
1.0694, 2593
1.0697, 2592
1.0699, 2591
1.0702, 2590
1.0704, 2589
1.0707, 2588
1.0709, 2587
1.0712, 2586
1.0715, 2585
1.0717, 2584
1.0720, 2583
1.0723, 2582
1.0725, 2581
1.0728, 2580
1.0730, 2579
1.0733, 2578
1.0736, 2577
1.0738, 2576
1.0741, 2575
1.0744, 2574
1.0746, 2573
1.0749, 2572
1.0752, 2571
1.0754, 2570
1.0757, 2569
1.0760, 2568
1.0762, 2567
1.0765, 2566
1.0768, 2565
1.0770, 2564
1.0772, 2563
1.0775, 2562
1.0778, 2561
1.0780, 2560
1.0825, 2559
1.0868, 2558
1.0870, 2557
1.0932, 2556
1.1058, 2555
1.1060, 2554
1.1145, 2553
1.1148, 2552
1.1316, 2551
1.1441, 2550
1.1484, 2549
1.1814, 2548
1.1816, 2547
1.1860, 2546
1.1969, 2545
1.2054, 2544
1.2056, 2543
1.2121, 2542
1.2246, 2541
1.2290, 2540
1.2395, 2539
1.2460, 2538
1.2524, 2537
1.2526, 2536
1.2549, 2535
1.2551, 2534
1.2553, 2533
1.2641, 2532
1.2643, 2531
1.2645, 2530
1.2811, 2529
1.2915, 2528
1.3000, 2527
1.3002, 2526
1.3065, 2525
1.3232, 2524
1.3234, 2523
1.3465, 2522
1.3614, 2521
1.3638, 2520
1.3641, 2519
1.3746, 2518
1.3769, 2517
1.3792, 2516
1.3857, 2515
1.3859, 2514
1.3903, 2513
1.3967, 2512
1.3969, 2511
1.3971, 2510
1.3973, 2509
1.4058, 2508
1.4742, 2507
1.4889, 2506
1.4891, 2505
1.5018, 2504
1.5329, 2503
1.5331, 2502
1.5519, 2501
1.5521, 2500
1.5651, 2499
1.5779, 2498
1.5863, 2497
1.6095, 2496
1.6373, 2495
1.6419, 2494
1.6444, 2493
1.6467, 2492
1.6469, 2491
1.6513, 2490
1.6640, 2489
1.6642, 2488
1.6707, 2487
1.6773, 2486
1.6817, 2485
1.6819, 2484
1.6821, 2483
1.6824, 2482
1.6826, 2481
1.6890, 2480
1.7042, 2479
1.7044, 2478
1.7047, 2477
1.7049, 2476
1.7051, 2475
1.7261, 2474
1.7305, 2473
1.7411, 2472
1.7455, 2471
1.7541, 2470
1.7564, 2469
1.7608, 2468
1.7610, 2467
1.7612, 2466
1.7615, 2465
1.7804, 2464
1.7954, 2463
1.7957, 2462
1.7959, 2461
1.7982, 2460
1.7985, 2459
1.8132, 2458
1.8279, 2457
1.8364, 2456
1.8493, 2455
1.8495, 2454
1.8665, 2453
1.8667, 2452
1.8670, 2451
1.8714, 2450
1.8800, 2449
1.8803, 2448
1.8993, 2447
1.9079, 2446
1.9187, 2445
1.9211, 2444
1.9320, 2443
1.9428, 2442
1.9701, 2441
1.9788, 2440
1.9852, 2439
1.9896, 2438
2.0170, 2437
2.0362, 2436
2.0427, 2435
2.0470, 2434
2.0700, 2433
2.0765, 2432
2.0830, 2431
2.0916, 2430
2.1215, 2429
2.1280, 2428
2.1448, 2427
2.1534, 2426
2.1536, 2425
2.1936, 2424
2.1938, 2423
2.2151, 2422
2.2342, 2421
2.2344, 2420
2.2388, 2419
2.2643, 2418
2.2645, 2417
2.2711, 2416
2.2948, 2415
2.3079, 2414
2.3081, 2413
2.3293, 2412
2.3357, 2411
2.3503, 2410
2.3609, 2409
2.3672, 2408
2.3758, 2407
2.3760, 2406
2.3782, 2405
2.3785, 2404
2.3849, 2403
2.3851, 2402
2.3915, 2401
2.3918, 2400
2.3920, 2399
2.4029, 2398
2.4217, 2397
2.4261, 2396
2.4367, 2395
2.4411, 2394
2.4413, 2393
2.4437, 2392
2.4440, 2391
2.4526, 2390
2.4570, 2389
2.4572, 2388
2.4638, 2387
2.4641, 2386
2.4725, 2385
2.4935, 2384
2.4958, 2383
2.5033, 2382
2.5036, 2381
2.5105, 2380
2.5108, 2379
2.5204, 2378
2.5207, 2377
2.5209, 2376
2.5256, 2375
2.5258, 2374
2.5338, 2373
2.5384, 2372
2.5387, 2371
2.5437, 2370
2.5440, 2369
2.5442, 2368
2.5666, 2367
2.5669, 2366
2.5693, 2365
2.5764, 2364
2.5766, 2363
2.5769, 2362
2.5840, 2361
2.5842, 2360
2.5845, 2359
2.5847, 2358
2.5849, 2357
2.5852, 2356
2.6102, 2355
2.6106, 2354
2.6152, 2353
2.6154, 2352
2.6245, 2351
2.6248, 2350
2.6250, 2349
2.6252, 2348
2.6299, 2347
2.6324, 2346
2.6479, 2345
2.6547, 2344
2.6615, 2343
2.6660, 2342
2.6707, 2341
2.6884, 2340
2.6952, 2339
2.7151, 2338
2.7327, 2337
2.7329, 2336
2.7332, 2335
2.7552, 2334
2.7555, 2333
2.7557, 2332
2.7603, 2331
2.7868, 2330
2.8046, 2329
2.8048, 2328
2.8051, 2327
2.8096, 2326
2.8165, 2325
2.8167, 2324
2.8344, 2323
2.8347, 2322
2.8685, 2321
2.8687, 2320
2.9771, 2319
2.9795, 2318
2.9820, 2317
2.9866, 2316
2.9869, 2315
2.9915, 2314
2.9918, 2313
2.9942, 2312
2.9989, 2311
3.0013, 2310
3.0174, 2309
3.0301, 2308
3.0304, 2307
3.0306, 2306
3.0352, 2305
3.0354, 2304
3.0494, 2303
3.0586, 2302
3.0610, 2301
3.0612, 2300
3.0654, 2299
3.0766, 2298
3.0815, 2297
3.0817, 2296
3.0864, 2295
3.0910, 2294
3.0913, 2293
3.0937, 2292
3.1057, 2291
3.1103, 2290
3.1240, 2289
3.1308, 2288
3.1400, 2287
3.1402, 2286
3.1470, 2285
3.1538, 2284
3.1563, 2283
3.1566, 2282
3.1720, 2281
3.1898, 2280
3.1900, 2279
3.2189, 2278
3.2257, 2277
3.2369, 2276
3.2703, 2275
3.2771, 2274
3.2774, 2273
3.2776, 2272
3.2778, 2271
3.2847, 2270
3.2849, 2269
3.2852, 2268
3.2962, 2267
3.2964, 2266
3.2966, 2265
3.2969, 2264
3.2971, 2263
3.3097, 2262
3.3224, 2261
3.3312, 2260
3.3315, 2259
3.3382, 2258
3.3598, 2257
3.3705, 2256
3.3798, 2255
3.3800, 2254
3.3955, 2253
3.3958, 2252
3.4024, 2251
3.4026, 2250
3.4028, 2249
3.4072, 2248
3.4219, 2247
3.4284, 2246
3.4330, 2245
3.4415, 2244
3.4458, 2243
3.4604, 2242
3.4690, 2241
3.4796, 2240
3.4860, 2239
3.4923, 2238
3.5051, 2237
3.5053, 2236
3.5200, 2235
3.5411, 2234
3.5413, 2233
3.5478, 2232
3.5606, 2231
3.5669, 2230
3.5873, 2229
3.5938, 2228
3.6148, 2227
3.6296, 2226
3.6420, 2225
3.7396, 2224
3.8120, 2223
3.8790, 2222
3.8895, 2221
3.8938, 2220
3.9022, 2219
3.9499, 2218
4.0084, 2217
4.0773, 2216
4.1111, 2215
4.1764, 2214
4.1952, 2213
