0.0289, 2281
0.0326, 2280
0.0570, 2278
0.0892, 2277
0.1730, 2276
0.1785, 2275
0.2189, 2274
0.2221, 2273
0.2254, 2271
0.2929, 2269
0.3112, 2267
0.3233, 2266
0.3539, 2265
0.3995, 2263
0.4152, 2262
0.4789, 2261
0.4823, 2260
0.5146, 2259
0.6035, 2258
0.7641, 2257
0.8177, 2256
0.8379, 2255
0.8647, 2253
0.8966, 2252
0.8998, 2251
0.9338, 2248
0.9618, 2247
0.9682, 2246
0.9743, 2245
1.0240, 2244
1.0707, 2243
1.0951, 2242
1.1451, 2241
1.1697, 2240
1.1910, 2237
1.4035, 2236
1.4735, 2235
1.7636, 2234
1.7790, 2233
1.8034, 2231
1.8095, 2230
1.8806, 2229
2.0793, 2228
2.1829, 2227
2.4783, 2226
2.4907, 2225
2.4999, 2223
2.5213, 2222
2.6586, 2221
2.7572, 2220
2.8951, 2219
3.0465, 2217
