0.6653, 3931
0.6657, 3930
0.6661, 3929
0.6664, 3928
0.6668, 3927
0.6671, 3926
0.6675, 3925
0.6679, 3924
0.6682, 3923
0.6686, 3922
0.6689, 3921
0.6693, 3920
0.6696, 3919
0.6700, 3918
0.6703, 3917
0.6706, 3916
0.6710, 3915
0.6714, 3914
0.6717, 3913
0.6721, 3912
0.6724, 3911
0.6728, 3910
0.6731, 3909
0.6734, 3908
0.6738, 3907
0.6741, 3906
0.6745, 3905
0.6748, 3904
0.6752, 3903
0.6755, 3902
0.6759, 3901
0.6763, 3900
0.6766, 3899
0.6770, 3898
0.6773, 3897
0.6777, 3896
0.6780, 3895
0.6784, 3894
0.6787, 3893
0.6791, 3892
0.6794, 3891
0.6798, 3890
0.6801, 3889
0.6805, 3888
0.6809, 3887
0.6812, 3886
0.6815, 3885
0.6819, 3884
0.6823, 3883
0.6826, 3882
0.6830, 3881
0.6833, 3880
0.6837, 3879
0.6840, 3878
0.6844, 3877
0.6847, 3876
0.6851, 3875
0.6854, 3874
0.6858, 3873
0.6861, 3872
0.6864, 3871
0.6867, 3870
0.6871, 3869
0.6874, 3868
0.6878, 3867
0.6881, 3866
0.6885, 3865
0.6888, 3864
0.6891, 3863
0.6894, 3862
0.6898, 3861
0.6901, 3860
0.6904, 3859
0.6908, 3858
0.6911, 3857
0.6914, 3856
0.6918, 3855
0.6921, 3854
0.6925, 3853
0.6928, 3852
0.6932, 3851
0.6935, 3850
0.6938, 3849
0.6942, 3848
0.6945, 3847
0.6948, 3846
0.6952, 3845
0.6955, 3844
0.6958, 3843
0.6961, 3842
0.6965, 3841
0.6968, 3840
0.6972, 3839
0.6975, 3838
0.6978, 3837
0.6982, 3836
0.6985, 3835
0.6989, 3834
0.6992, 3833
0.6995, 3832
0.6999, 3831
0.7002, 3830
0.7005, 3829
0.7009, 3828
0.7012, 3827
0.7015, 3826
0.7019, 3825
0.7022, 3824
0.7025, 3823
0.7029, 3822
0.7032, 3821
0.7036, 3820
0.7040, 3819
0.7043, 3818
0.7047, 3817
0.7050, 3816
0.7054, 3815
0.7057, 3814
0.7061, 3813
0.7064, 3812
0.7067, 3811
0.7071, 3810
0.7074, 3809
0.7077, 3808
0.7081, 3807
0.7084, 3806
0.7087, 3805
0.7090, 3804
0.7094, 3803
0.7098, 3802
0.7101, 3801
0.7104, 3800
0.7107, 3799
0.7111, 3798
0.7114, 3797
0.7117, 3796
0.7121, 3795
0.7124, 3794
0.7127, 3793
0.7131, 3792
0.7134, 3791
0.7137, 3790
0.7140, 3789
0.7144, 3788
0.7147, 3787
0.7151, 3786
0.7154, 3785
0.7158, 3784
0.7161, 3783
0.7164, 3782
0.7167, 3781
0.7171, 3780
0.7174, 3779
0.7177, 3778
0.7180, 3777
0.7184, 3776
0.7187, 3775
0.7190, 3774
0.7193, 3773
0.7197, 3772
0.7200, 3771
0.7203, 3770
0.7207, 3769
0.7210, 3768
0.7214, 3767
0.7217, 3766
0.7220, 3765
0.7224, 3764
0.7227, 3763
0.7231, 3762
0.7234, 3761
0.7238, 3760
0.7241, 3759
0.7244, 3758
0.7248, 3757
0.7251, 3756
0.7255, 3755
0.7258, 3754
0.7261, 3753
0.7265, 3752
0.7268, 3751
0.7271, 3750
0.7275, 3749
0.7278, 3748
0.7282, 3747
0.7285, 3746
0.7288, 3745
0.7291, 3744
0.7295, 3743
0.7298, 3742
0.7301, 3741
0.7304, 3740
0.7308, 3739
0.7311, 3738
0.7314, 3737
0.7317, 3736
0.7321, 3735
0.7324, 3734
0.7327, 3733
0.7330, 3732
0.7334, 3731
0.7337, 3730
0.7340, 3729
0.7343, 3728
0.7347, 3727
0.7350, 3726
0.7354, 3725
0.7357, 3724
0.7360, 3723
0.7363, 3722
0.7367, 3721
0.7370, 3720
0.7373, 3719
0.7376, 3718
0.7380, 3717
0.7383, 3716
0.7387, 3715
0.7390, 3714
0.7394, 3713
0.7397, 3712
0.7401, 3711
0.7404, 3710
0.7408, 3709
0.7411, 3708
0.7414, 3707
0.7417, 3706
0.7421, 3705
0.7424, 3704
0.7428, 3703
0.7431, 3702
0.7434, 3701
0.7437, 3700
0.7440, 3699
0.7444, 3698
0.7447, 3697
0.7450, 3696
0.7454, 3695
0.7457, 3694
0.7460, 3693
0.7464, 3692
0.7467, 3691
0.7470, 3690
0.7474, 3689
0.7477, 3688
0.7481, 3687
0.7484, 3686
0.7487, 3685
0.7491, 3684
0.7494, 3683
0.7497, 3682
0.7501, 3681
0.7504, 3680
0.7507, 3679
0.7511, 3678
0.7514, 3677
0.7517, 3676
0.7521, 3675
0.7524, 3674
0.7527, 3673
0.7531, 3672
0.7534, 3671
0.7537, 3670
0.7540, 3669
0.7544, 3668
0.7547, 3667
0.7551, 3666
0.7554, 3665
0.7557, 3664
0.7561, 3663
0.7564, 3662
0.7568, 3661
0.7571, 3660
0.7574, 3659
0.7577, 3658
0.7581, 3657
0.7584, 3656
0.7587, 3655
0.7590, 3654
0.7594, 3653
0.7597, 3652
0.7600, 3651
0.7603, 3650
0.7606, 3649
0.7610, 3648
0.7613, 3647
0.7616, 3646
0.7619, 3645
0.7623, 3644
0.7626, 3643
0.7629, 3642
0.7632, 3641
0.7635, 3640
0.7639, 3639
0.7642, 3638
0.7645, 3637
0.7648, 3636
0.7652, 3635
0.7655, 3634
0.7658, 3633
0.7661, 3632
0.7664, 3631
0.7667, 3630
0.7671, 3629
0.7674, 3628
0.7677, 3627
0.7681, 3626
0.7684, 3625
0.7687, 3624
0.7691, 3623
0.7694, 3622
0.7697, 3621
0.7700, 3620
0.7704, 3619
0.7707, 3618
0.7711, 3617
0.7714, 3616
0.7717, 3615
0.7720, 3614
0.7723, 3613
0.7726, 3612
0.7730, 3611
0.7733, 3610
0.7736, 3609
0.7740, 3608
0.7743, 3607
0.7746, 3606
0.7749, 3605
0.7753, 3604
0.7756, 3603
0.7759, 3602
0.7762, 3601
0.7765, 3600
0.7768, 3599
0.7772, 3598
0.7775, 3597
0.7779, 3596
0.7782, 3595
0.7785, 3594
0.7788, 3593
0.7791, 3592
0.7794, 3591
0.7798, 3590
0.7801, 3589
0.7804, 3588
0.7808, 3587
0.7811, 3586
0.7814, 3585
0.7817, 3584
0.7820, 3583
0.7824, 3582
0.7827, 3581
0.7830, 3580
0.7833, 3579
0.7837, 3578
0.7840, 3577
0.7843, 3576
0.7847, 3575
0.7850, 3574
0.7853, 3573
0.7856, 3572
0.7860, 3571
0.7863, 3570
0.7866, 3569
0.7869, 3568
0.7872, 3567
0.7876, 3566
0.7879, 3565
0.7883, 3564
0.7886, 3563
0.7889, 3562
0.7892, 3561
0.7895, 3560
0.7898, 3559
0.7902, 3558
0.7905, 3557
0.7908, 3556
0.7912, 3555
0.7915, 3554
0.7918, 3553
0.7922, 3552
0.7925, 3551
0.7928, 3550
0.7931, 3549
0.7934, 3548
0.7937, 3547
0.7940, 3546
0.7943, 3545
0.7947, 3544
0.7950, 3543
0.7953, 3542
0.7956, 3541
0.7959, 3540
0.7962, 3539
0.7965, 3538
0.7968, 3537
0.7972, 3536
0.7975, 3535
0.7978, 3534
0.7981, 3533
0.7984, 3532
0.7987, 3531
0.7991, 3530
0.7994, 3529
0.7997, 3528
0.8000, 3527
0.8003, 3526
0.8007, 3525
0.8010, 3524
0.8013, 3523
0.8016, 3522
0.8019, 3521
0.8022, 3520
0.8025, 3519
0.8028, 3518
0.8032, 3517
0.8035, 3516
0.8038, 3515
0.8042, 3514
0.8045, 3513
0.8049, 3512
0.8053, 3511
0.8056, 3510
0.8059, 3509
0.8062, 3508
0.8065, 3507
0.8069, 3506
0.8072, 3505
0.8075, 3504
0.8078, 3503
0.8081, 3502
0.8084, 3501
0.8087, 3500
0.8090, 3499
0.8093, 3498
0.8097, 3497
0.8100, 3496
0.8103, 3495
0.8106, 3494
0.8109, 3493
0.8112, 3492
0.8116, 3491
0.8119, 3490
0.8122, 3489
0.8125, 3488
0.8128, 3487
0.8131, 3486
0.8135, 3485
0.8138, 3484
0.8141, 3483
0.8144, 3482
0.8148, 3481
0.8151, 3480
0.8154, 3479
0.8157, 3478
0.8161, 3477
0.8164, 3476
0.8167, 3475
0.8170, 3474
0.8173, 3473
0.8176, 3472
0.8179, 3471
0.8183, 3470
0.8186, 3469
0.8189, 3468
0.8192, 3467
0.8195, 3466
0.8199, 3465
0.8202, 3464
0.8205, 3463
0.8208, 3462
0.8212, 3461
0.8215, 3460
0.8218, 3459
0.8221, 3458
0.8225, 3457
0.8228, 3456
0.8231, 3455
0.8234, 3454
0.8237, 3453
0.8241, 3452
0.8244, 3451
0.8247, 3450
0.8250, 3449
0.8254, 3448
0.8257, 3447
0.8260, 3446
0.8263, 3445
0.8266, 3444
0.8269, 3443
0.8272, 3442
0.8275, 3441
0.8278, 3440
0.8281, 3439
0.8284, 3438
0.8287, 3437
0.8290, 3436
0.8293, 3435
0.8296, 3434
0.8299, 3433
0.8303, 3432
0.8306, 3431
0.8309, 3430
0.8312, 3429
0.8315, 3428
0.8318, 3427
0.8321, 3426
0.8324, 3425
0.8327, 3424
0.8330, 3423
0.8333, 3422
0.8336, 3421
0.8339, 3420
0.8342, 3419
0.8345, 3418
0.8348, 3417
0.8351, 3416
0.8354, 3415
0.8357, 3414
0.8360, 3413
0.8362, 3412
0.8365, 3411
0.8368, 3410
0.8371, 3409
0.8374, 3408
0.8378, 3407
0.8381, 3406
0.8384, 3405
0.8387, 3404
0.8391, 3403
0.8394, 3402
0.8397, 3401
0.8400, 3400
0.8403, 3399
0.8407, 3398
0.8410, 3397
0.8413, 3396
0.8416, 3395
0.8419, 3394
0.8423, 3393
0.8426, 3392
0.8429, 3391
0.8432, 3390
0.8435, 3389
0.8438, 3388
0.8441, 3387
0.8444, 3386
0.8447, 3385
0.8451, 3384
0.8454, 3383
0.8458, 3382
0.8461, 3381
0.8464, 3380
0.8467, 3379
0.8470, 3378
0.8474, 3377
0.8477, 3376
0.8480, 3375
0.8484, 3374
0.8487, 3373
0.8490, 3372
0.8493, 3371
0.8497, 3370
0.8500, 3369
0.8503, 3368
0.8506, 3367
0.8509, 3366
0.8512, 3365
0.8516, 3364
0.8519, 3363
0.8522, 3362
0.8525, 3361
0.8528, 3360
0.8531, 3359
0.8534, 3358
0.8538, 3357
0.8541, 3356
0.8544, 3355
0.8548, 3354
0.8551, 3353
0.8554, 3352
0.8557, 3351
0.8560, 3350
0.8563, 3349
0.8566, 3348
0.8569, 3347
0.8572, 3346
0.8575, 3345
0.8579, 3344
0.8582, 3343
0.8585, 3342
0.8588, 3341
0.8591, 3340
0.8594, 3339
0.8597, 3338
0.8600, 3337
0.8603, 3336
0.8606, 3335
0.8609, 3334
0.8612, 3333
0.8615, 3332
0.8618, 3331
0.8621, 3330
0.8624, 3329
0.8627, 3328
0.8630, 3327
0.8633, 3326
0.8636, 3325
0.8639, 3324
0.8643, 3323
0.8646, 3322
0.8650, 3321
0.8653, 3320
0.8656, 3319
0.8659, 3318
0.8662, 3317
0.8665, 3316
0.8668, 3315
0.8671, 3314
0.8674, 3313
0.8678, 3312
0.8681, 3311
0.8684, 3310
0.8687, 3309
0.8691, 3308
0.8694, 3307
0.8697, 3306
0.8700, 3305
0.8716, 3304
0.8719, 3303
0.8722, 3302
0.8725, 3301
0.8730, 3300
0.8734, 3299
0.8737, 3298
0.8740, 3297
0.8743, 3296
0.8746, 3295
0.8749, 3294
0.8752, 3293
0.8755, 3292
0.8758, 3291
0.8761, 3290
0.8764, 3289
0.8768, 3288
0.8771, 3287
0.8775, 3286
0.8778, 3285
0.8781, 3284
0.8784, 3283
0.8787, 3282
0.8791, 3281
0.8794, 3280
0.8797, 3279
0.8801, 3278
0.8804, 3277
0.8807, 3276
0.8810, 3275
0.8814, 3274
0.8817, 3273
0.8820, 3272
0.8823, 3271
0.8827, 3270
0.8830, 3269
0.8833, 3268
0.8836, 3267
0.8839, 3266
0.8842, 3265
0.8845, 3264
0.8848, 3263
0.8851, 3262
0.8854, 3261
0.8857, 3260
0.8860, 3259
0.8864, 3258
0.8867, 3257
0.8870, 3256
0.8873, 3255
0.8877, 3254
0.8880, 3253
0.8883, 3252
0.8886, 3251
0.8889, 3250
0.8893, 3249
0.8896, 3248
0.8899, 3247
0.8902, 3246
0.8906, 3245
0.8909, 3244
0.8912, 3243
0.8915, 3242
0.8918, 3241
0.8921, 3240
0.8924, 3239
0.8927, 3238
0.8930, 3237
0.8934, 3236
0.8937, 3235
0.8940, 3234
0.8943, 3233
0.8946, 3232
0.8950, 3231
0.8953, 3230
0.8956, 3229
0.8960, 3228
0.8962, 3227
0.8965, 3226
0.8968, 3225
0.8972, 3224
0.8975, 3223
0.8978, 3222
0.8981, 3221
0.8984, 3220
0.8987, 3219
0.8990, 3218
0.8993, 3217
0.8996, 3216
0.8999, 3215
0.9002, 3214
0.9006, 3213
0.9010, 3212
0.9013, 3211
0.9017, 3210
0.9020, 3209
0.9023, 3208
0.9026, 3207
0.9030, 3206
0.9033, 3205
0.9036, 3204
0.9040, 3203
0.9044, 3202
0.9047, 3201
0.9050, 3200
0.9053, 3199
0.9056, 3198
0.9059, 3197
0.9062, 3196
0.9065, 3195
0.9068, 3194
0.9072, 3193
0.9075, 3192
0.9078, 3191
0.9081, 3190
0.9085, 3189
0.9088, 3188
0.9091, 3187
0.9093, 3186
0.9096, 3185
0.9099, 3184
0.9102, 3183
0.9105, 3182
0.9108, 3181
0.9111, 3180
0.9115, 3179
0.9118, 3178
0.9121, 3177
0.9124, 3176
0.9127, 3175
0.9130, 3174
0.9133, 3173
0.9136, 3172
0.9138, 3171
0.9141, 3170
0.9144, 3169
0.9147, 3168
0.9150, 3167
0.9153, 3166
0.9157, 3165
0.9159, 3164
0.9162, 3163
0.9165, 3162
0.9168, 3161
0.9171, 3160
0.9174, 3159
0.9177, 3158
0.9180, 3157
0.9183, 3156
0.9186, 3155
0.9189, 3154
0.9191, 3153
0.9194, 3152
0.9197, 3151
0.9201, 3150
0.9204, 3149
0.9207, 3148
0.9211, 3147
0.9214, 3146
0.9217, 3145
0.9221, 3144
0.9224, 3143
0.9227, 3142
0.9230, 3141
0.9233, 3140
0.9236, 3139
0.9240, 3138
0.9242, 3137
0.9245, 3136
0.9249, 3135
0.9252, 3134
0.9255, 3133
0.9258, 3132
0.9261, 3131
0.9264, 3130
0.9267, 3129
0.9270, 3128
0.9273, 3127
0.9276, 3126
0.9279, 3125
0.9281, 3124
0.9285, 3123
0.9287, 3122
0.9290, 3121
0.9293, 3120
0.9296, 3119
0.9300, 3118
0.9303, 3117
0.9306, 3116
0.9309, 3115
0.9312, 3114
0.9315, 3113
0.9318, 3112
0.9320, 3111
0.9323, 3110
0.9326, 3109
0.9330, 3108
0.9332, 3107
0.9335, 3106
0.9338, 3105
0.9341, 3104
0.9344, 3103
0.9347, 3102
0.9350, 3101
0.9353, 3100
0.9356, 3099
0.9359, 3098
0.9363, 3097
0.9366, 3096
0.9369, 3095
0.9371, 3094
0.9375, 3093
0.9378, 3092
0.9381, 3091
0.9383, 3090
0.9386, 3089
0.9389, 3088
0.9392, 3087
0.9395, 3086
0.9398, 3085
0.9402, 3084
0.9405, 3083
0.9408, 3082
0.9412, 3081
0.9415, 3080
0.9418, 3079
0.9421, 3078
0.9423, 3077
0.9426, 3076
0.9429, 3075
0.9432, 3074
0.9435, 3073
0.9438, 3072
0.9441, 3071
0.9444, 3070
0.9446, 3069
0.9449, 3068
0.9452, 3067
0.9455, 3066
0.9458, 3065
0.9460, 3064
0.9463, 3063
0.9466, 3062
0.9469, 3061
0.9471, 3060
0.9474, 3059
0.9477, 3058
0.9480, 3057
0.9483, 3056
0.9486, 3055
0.9489, 3054
0.9492, 3053
0.9495, 3052
0.9498, 3051
0.9502, 3050
0.9504, 3049
0.9507, 3048
0.9510, 3047
0.9513, 3046
0.9516, 3045
0.9519, 3044
0.9522, 3043
0.9524, 3042
0.9527, 3041
0.9530, 3040
0.9533, 3039
0.9536, 3038
0.9539, 3037
0.9542, 3036
0.9546, 3035
0.9549, 3034
0.9552, 3033
0.9554, 3032
0.9557, 3031
0.9561, 3030
0.9564, 3029
0.9567, 3028
0.9570, 3027
0.9573, 3026
0.9576, 3025
0.9578, 3024
0.9581, 3023
0.9584, 3022
0.9587, 3021
0.9589, 3020
0.9592, 3019
0.9595, 3018
0.9598, 3017
0.9601, 3016
0.9604, 3015
0.9607, 3014
0.9610, 3013
0.9612, 3012
0.9615, 3011
0.9618, 3010
0.9621, 3009
0.9623, 3008
0.9626, 3007
0.9629, 3006
0.9632, 3005
0.9634, 3004
0.9637, 3003
0.9640, 3002
0.9643, 3001
0.9645, 3000
0.9648, 2999
0.9651, 2998
0.9653, 2997
0.9656, 2996
0.9659, 2995
0.9662, 2994
0.9664, 2993
0.9667, 2992
0.9670, 2991
0.9673, 2990
0.9675, 2989
0.9678, 2988
0.9681, 2987
0.9684, 2986
0.9687, 2985
0.9690, 2984
0.9692, 2983
0.9695, 2982
0.9698, 2981
0.9700, 2980
0.9703, 2979
0.9706, 2978
0.9709, 2977
0.9741, 2976
0.9745, 2975
0.9748, 2974
0.9751, 2973
0.9754, 2972
0.9757, 2971
0.9759, 2970
0.9762, 2969
0.9765, 2968
0.9767, 2967
0.9770, 2966
0.9773, 2965
0.9776, 2964
0.9779, 2963
0.9782, 2962
0.9785, 2961
0.9787, 2960
0.9790, 2959
0.9793, 2958
0.9796, 2957
0.9800, 2956
0.9802, 2955
0.9805, 2954
0.9808, 2953
0.9811, 2952
0.9814, 2951
0.9816, 2950
0.9819, 2949
0.9822, 2948
0.9824, 2947
0.9827, 2946
0.9830, 2945
0.9833, 2944
0.9836, 2943
0.9839, 2942
0.9842, 2941
0.9845, 2940
0.9848, 2939
0.9850, 2938
0.9853, 2937
0.9856, 2936
0.9859, 2935
0.9862, 2934
0.9866, 2933
0.9869, 2932
0.9872, 2931
0.9875, 2930
0.9879, 2929
0.9882, 2928
0.9885, 2927
0.9888, 2926
0.9891, 2925
0.9894, 2924
0.9897, 2923
0.9901, 2922
0.9904, 2921
0.9907, 2920
0.9910, 2919
0.9913, 2918
0.9916, 2917
0.9919, 2916
0.9922, 2915
0.9925, 2914
0.9928, 2913
0.9930, 2912
0.9933, 2911
0.9936, 2910
0.9940, 2909
0.9942, 2908
0.9945, 2907
0.9948, 2906
0.9951, 2905
0.9954, 2904
0.9957, 2903
0.9960, 2902
0.9962, 2901
0.9965, 2900
0.9968, 2899
0.9971, 2898
0.9974, 2897
0.9977, 2896
0.9980, 2895
0.9983, 2894
0.9986, 2893
0.9989, 2892
0.9992, 2891
0.9995, 2890
0.9998, 2889
1.0001, 2888
1.0004, 2887
1.0006, 2886
1.0009, 2885
1.0012, 2884
1.0015, 2883
1.0018, 2882
1.0021, 2881
1.0023, 2880
1.0026, 2879
1.0029, 2878
1.0032, 2877
1.0035, 2876
1.0038, 2875
1.0040, 2874
1.0043, 2873
1.0046, 2872
1.0049, 2871
1.0052, 2870
1.0054, 2869
1.0057, 2868
1.0060, 2867
1.0062, 2866
1.0065, 2865
1.0068, 2864
1.0071, 2863
1.0073, 2862
1.0076, 2861
1.0079, 2860
1.0081, 2859
1.0084, 2858
1.0087, 2857
1.0089, 2856
1.0092, 2855
1.0094, 2854
1.0097, 2853
1.0100, 2852
1.0102, 2851
1.0105, 2850
1.0108, 2849
1.0111, 2848
1.0113, 2847
1.0116, 2846
1.0119, 2845
1.0122, 2844
1.0124, 2843
1.0127, 2842
1.0130, 2841
1.0132, 2840
1.0135, 2839
1.0138, 2838
1.0141, 2837
1.0143, 2836
1.0146, 2835
1.0149, 2834
1.0152, 2833
1.0154, 2832
1.0157, 2831
1.0160, 2830
1.0162, 2829
1.0165, 2828
1.0168, 2827
1.0170, 2826
1.0173, 2825
1.0194, 2824
1.0197, 2823
1.0200, 2822
1.0203, 2821
1.0206, 2820
1.0209, 2819
1.0212, 2818
1.0215, 2817
1.0218, 2816
1.0221, 2815
1.0224, 2814
1.0226, 2813
1.0229, 2812
1.0232, 2811
1.0234, 2810
1.0237, 2809
1.0240, 2808
1.0243, 2807
1.0246, 2806
1.0249, 2805
1.0251, 2804
1.0254, 2803
1.0258, 2802
1.0261, 2801
1.0264, 2800
1.0266, 2799
1.0269, 2798
1.0272, 2797
1.0274, 2796
1.0277, 2795
1.0280, 2794
1.0283, 2793
1.0286, 2792
1.0288, 2791
1.0291, 2790
1.0294, 2789
1.0296, 2788
1.0299, 2787
1.0302, 2786
1.0304, 2785
1.0307, 2784
1.0310, 2783
1.0312, 2782
1.0315, 2781
1.0318, 2780
1.0320, 2779
1.0323, 2778
1.0326, 2777
1.0328, 2776
1.0331, 2775
1.0334, 2774
1.0337, 2773
1.0339, 2772
1.0342, 2771
1.0344, 2770
1.0347, 2769
1.0350, 2768
1.0353, 2767
1.0355, 2766
1.0358, 2765
1.0361, 2764
1.0363, 2763
1.0366, 2762
1.0369, 2761
1.0372, 2760
1.0375, 2759
1.0378, 2758
1.0381, 2757
1.0384, 2756
1.0386, 2755
1.0389, 2754
1.0392, 2753
1.0395, 2752
1.0397, 2751
1.0400, 2750
1.0403, 2749
1.0405, 2748
1.0408, 2747
1.0411, 2746
1.0413, 2745
1.0418, 2744
1.0421, 2743
1.0423, 2742
1.0426, 2741
1.0429, 2740
1.0432, 2739
1.0435, 2738
1.0438, 2737
1.0441, 2736
1.0444, 2735
1.0446, 2734
1.0449, 2733
1.0452, 2732
1.0455, 2731
1.0458, 2730
1.0460, 2729
1.0463, 2728
1.0466, 2727
1.0468, 2726
1.0471, 2725
1.0474, 2724
1.0476, 2723
1.0479, 2722
1.0482, 2721
1.0485, 2720
1.0487, 2719
1.0490, 2718
1.0493, 2717
1.0496, 2716
1.0499, 2715
1.0501, 2714
1.0504, 2713
1.0506, 2712
1.0509, 2711
1.0512, 2710
1.0514, 2709
1.0517, 2708
1.0520, 2707
1.0522, 2706
1.0525, 2705
1.0527, 2704
1.0530, 2703
1.0533, 2702
1.0536, 2701
1.0538, 2700
1.0541, 2699
1.0544, 2698
1.0547, 2697
1.0550, 2696
1.0553, 2695
1.0555, 2694
1.0558, 2693
1.0561, 2692
1.0564, 2691
1.0566, 2690
1.0570, 2689
1.0572, 2688
1.0575, 2687
1.0578, 2686
1.0581, 2685
1.0583, 2684
1.0586, 2683
1.0589, 2682
1.0591, 2681
1.0594, 2680
1.0597, 2679
1.0600, 2678
1.0603, 2677
1.0605, 2676
1.0608, 2675
1.0611, 2674
1.0614, 2673
1.0616, 2672
1.0619, 2671
1.0622, 2670
1.0625, 2669
1.0627, 2668
1.0630, 2667
1.0632, 2666
1.0635, 2665
1.0637, 2664
1.0640, 2663
1.0643, 2662
1.0645, 2661
1.0648, 2660
1.0651, 2659
1.0653, 2658
1.0656, 2657
1.0658, 2656
1.0661, 2655
1.0663, 2654
1.0666, 2653
1.0668, 2652
1.0671, 2651
1.0673, 2650
1.0676, 2649
1.0679, 2648
1.0681, 2647
1.0684, 2646
1.0686, 2645
1.0689, 2644
1.0691, 2643
1.0694, 2642
1.0696, 2641
1.0699, 2640
1.0701, 2639
1.0704, 2638
1.0706, 2637
1.0709, 2636
1.0711, 2635
1.0714, 2634
1.0716, 2633
1.0719, 2632
1.0722, 2631
1.0724, 2630
1.0727, 2629
1.0730, 2628
1.0732, 2627
1.0735, 2626
1.0737, 2625
1.0740, 2624
1.0742, 2623
1.0745, 2622
1.0747, 2621
1.0751, 2620
1.0753, 2619
1.0756, 2618
1.0758, 2617
1.0761, 2616
1.0763, 2615
1.0766, 2614
1.0768, 2613
1.0771, 2612
1.0773, 2611
1.0776, 2610
1.0779, 2609
1.0781, 2608
1.0784, 2607
1.0786, 2606
1.0789, 2605
1.0791, 2604
1.0794, 2603
1.0797, 2602
1.0799, 2601
1.0802, 2600
1.0804, 2599
1.0807, 2598
1.0810, 2597
1.0812, 2596
1.0815, 2595
1.0818, 2594
1.0820, 2593
1.0823, 2592
1.0825, 2591
1.0828, 2590
1.0830, 2589
1.0833, 2588
1.0835, 2587
1.0838, 2586
1.0840, 2585
1.0843, 2584
1.0845, 2583
1.0848, 2582
1.0851, 2581
1.0853, 2580
1.0856, 2579
1.0858, 2578
1.0861, 2577
1.0864, 2576
1.0866, 2575
1.0869, 2574
1.0872, 2573
1.0874, 2572
1.0878, 2571
1.0881, 2570
1.0884, 2569
1.0887, 2568
1.0931, 2567
1.0975, 2566
1.1068, 2565
1.1175, 2564
1.1177, 2563
1.1261, 2562
1.1263, 2561
1.1456, 2560
1.1540, 2559
1.1645, 2558
1.1916, 2557
1.1980, 2556
1.1983, 2555
1.2129, 2554
1.2173, 2553
1.2175, 2552
1.2218, 2551
1.2363, 2550
1.2433, 2549
1.2503, 2548
1.2712, 2547
1.2715, 2546
1.2762, 2545
1.2785, 2544
1.2787, 2543
1.2790, 2542
1.2854, 2541
1.2947, 2540
1.2949, 2539
1.3077, 2538
1.3161, 2537
1.3247, 2536
1.3250, 2535
1.3314, 2534
1.3422, 2533
1.3424, 2532
1.3427, 2531
1.3511, 2530
1.3743, 2529
1.3890, 2528
1.3892, 2527
1.3914, 2526
1.3917, 2525
1.4023, 2524
1.4025, 2523
1.4027, 2522
1.4071, 2521
1.4137, 2520
1.4139, 2519
1.4162, 2518
1.4205, 2517
1.4249, 2516
1.4272, 2515
1.4295, 2514
1.4359, 2513
1.4361, 2512
1.4427, 2511
1.4429, 2510
1.4431, 2509
1.4434, 2508
1.4517, 2507
1.4581, 2506
1.4665, 2505
1.5255, 2504
1.5388, 2503
1.5390, 2502
1.5477, 2501
1.5776, 2500
1.6007, 2499
1.6009, 2498
1.6032, 2497
1.6178, 2496
1.6180, 2495
1.6408, 2494
1.6617, 2493
1.6641, 2492
1.6790, 2491
1.6792, 2490
1.6794, 2489
1.6838, 2488
1.6924, 2487
1.7050, 2486
1.7052, 2485
1.7095, 2484
1.7139, 2483
1.7141, 2482
1.7143, 2481
1.7146, 2480
1.7148, 2479
1.7232, 2478
1.7235, 2477
1.7237, 2476
1.7383, 2475
1.7385, 2474
1.7387, 2473
1.7574, 2472
1.7617, 2471
1.7702, 2470
1.7768, 2469
1.7812, 2468
1.7877, 2467
1.7920, 2466
1.7922, 2465
1.7925, 2464
1.7927, 2463
1.8115, 2462
1.8243, 2461
1.8286, 2460
1.8288, 2459
1.8290, 2458
1.8293, 2457
1.8438, 2456
1.8564, 2455
1.8627, 2454
1.8835, 2453
1.8837, 2452
1.8942, 2451
1.8944, 2450
1.8967, 2449
1.9010, 2448
1.9095, 2447
1.9098, 2446
1.9244, 2445
1.9391, 2444
1.9481, 2443
1.9505, 2442
1.9615, 2441
1.9723, 2440
1.9951, 2439
2.0036, 2438
2.0140, 2437
2.0267, 2436
2.0455, 2435
2.0645, 2434
2.0729, 2433
2.0813, 2432
2.1021, 2431
2.1045, 2430
2.1192, 2429
2.1238, 2428
2.1467, 2427
2.1551, 2426
2.1718, 2425
2.1783, 2424
2.1805, 2423
2.2198, 2422
2.2200, 2421
2.2459, 2420
2.2462, 2419
2.2567, 2418
2.2849, 2417
2.3003, 2416
2.3006, 2415
2.3111, 2414
2.3227, 2413
2.3482, 2412
2.3484, 2411
2.3738, 2410
2.3802, 2409
2.3804, 2408
2.3972, 2407
2.4076, 2406
2.4140, 2405
2.4225, 2404
2.4227, 2403
2.4250, 2402
2.4252, 2401
2.4399, 2400
2.4402, 2399
2.4404, 2398
2.4469, 2397
2.4471, 2396
2.4474, 2395
2.4642, 2394
2.4664, 2393
2.4771, 2392
2.4835, 2391
2.4837, 2390
2.4860, 2389
2.4862, 2388
2.4970, 2387
2.5017, 2386
2.5019, 2385
2.5065, 2384
2.5067, 2383
2.5180, 2382
2.5371, 2381
2.5395, 2380
2.5440, 2379
2.5442, 2378
2.5505, 2377
2.5508, 2376
2.5597, 2375
2.5600, 2374
2.5602, 2373
2.5668, 2372
2.5670, 2371
2.5672, 2370
2.5760, 2369
2.5762, 2368
2.5910, 2367
2.5912, 2366
2.5915, 2365
2.6020, 2364
2.6022, 2363
2.6046, 2362
2.6091, 2361
2.6093, 2360
2.6096, 2359
2.6184, 2358
2.6186, 2357
2.6188, 2356
2.6191, 2355
2.6193, 2354
2.6195, 2353
2.6417, 2352
2.6420, 2351
2.6466, 2350
2.6468, 2349
2.6561, 2348
2.6586, 2347
2.6588, 2346
2.6590, 2345
2.6593, 2344
2.6640, 2343
2.7194, 2342
2.7247, 2341
2.7360, 2340
2.7445, 2339
2.7447, 2338
2.7627, 2337
2.7690, 2336
2.7859, 2335
2.8029, 2334
2.8054, 2333
2.8056, 2332
2.8230, 2331
2.8274, 2330
2.8276, 2329
2.8320, 2328
2.8468, 2327
2.8700, 2326
2.8702, 2325
2.8705, 2324
2.8789, 2323
2.8853, 2322
2.8855, 2321
2.9066, 2320
2.9069, 2319
2.9312, 2318
2.9315, 2317
3.0607, 2316
3.0631, 2315
3.0653, 2314
3.0697, 2313
3.0699, 2312
3.0745, 2311
3.0748, 2310
3.0770, 2309
3.0814, 2308
3.0837, 2307
3.0986, 2306
3.1050, 2305
3.1097, 2304
3.1099, 2303
3.1143, 2302
3.1145, 2301
3.1294, 2300
3.1297, 2299
3.1383, 2298
3.1385, 2297
3.1409, 2296
3.1515, 2295
3.1559, 2294
3.1562, 2293
3.1648, 2292
3.1650, 2291
3.1695, 2290
3.1697, 2289
3.1784, 2288
3.1828, 2287
3.1958, 2286
3.2024, 2285
3.2134, 2284
3.2136, 2283
3.2179, 2282
3.2245, 2281
3.2268, 2280
3.2271, 2279
3.2417, 2278
3.2521, 2277
3.2584, 2276
3.2710, 2275
3.2877, 2274
3.2943, 2273
3.2986, 2272
3.3335, 2271
3.3418, 2270
3.3420, 2269
3.3423, 2268
3.3425, 2267
3.3427, 2266
3.3470, 2265
3.3472, 2264
3.3556, 2263
3.3558, 2262
3.3560, 2261
3.3583, 2260
3.3585, 2259
3.3709, 2258
3.3792, 2257
3.3896, 2256
3.3899, 2255
3.3983, 2254
3.4208, 2253
3.4250, 2252
3.4252, 2251
3.4295, 2250
3.4378, 2249
3.4504, 2248
3.4713, 2247
3.4755, 2246
3.4819, 2245
3.4861, 2244
3.4904, 2243
3.5028, 2242
3.5111, 2241
3.5238, 2240
3.5282, 2239
3.5284, 2238
3.5452, 2237
3.5496, 2236
3.5560, 2235
3.5644, 2234
3.5771, 2233
3.5774, 2232
3.5838, 2231
3.5964, 2230
3.6027, 2229
3.6235, 2228
3.6511, 2227
3.6592, 2226
3.6953, 2225
3.9044, 2224
3.9271, 2223
3.9274, 2222
3.9329, 2221
3.9928, 2220
4.0938, 2219
4.1002, 2218
4.1151, 2217
4.1822, 2216
