0.0325, 2281
0.0805, 2280
0.1262, 2279
0.1359, 2278
0.2035, 2277
0.2308, 2276
0.2340, 2273
0.2432, 2272
0.2673, 2270
0.2704, 2269
0.2735, 2268
0.2827, 2267
0.3180, 2266
0.3644, 2265
0.5290, 2264
0.6331, 2262
0.6392, 2261
0.6544, 2260
0.7365, 2258
0.7397, 2257
0.8570, 2255
0.8901, 2254
0.9417, 2252
0.9914, 2251
0.9945, 2250
1.0306, 2247
1.0671, 2246
1.1556, 2245
1.1925, 2244
1.1985, 2243
1.2774, 2242
1.3564, 2241
1.3598, 2240
1.3629, 2239
1.4050, 2238
1.5533, 2237
1.5655, 2236
1.5866, 2235
1.6804, 2234
1.6865, 2233
1.7290, 2232
1.7533, 2231
1.7839, 2230
1.9079, 2229
2.2105, 2228
2.2347, 2227
2.3501, 2226
2.4751, 2225
2.9519, 2224
