0.6726, 3931
0.6730, 3930
0.6733, 3929
0.6736, 3928
0.6739, 3927
0.6743, 3926
0.6746, 3925
0.6749, 3924
0.6753, 3923
0.6756, 3922
0.6759, 3921
0.6762, 3920
0.6766, 3919
0.6769, 3918
0.6772, 3917
0.6776, 3916
0.6779, 3915
0.6782, 3914
0.6786, 3913
0.6789, 3912
0.6792, 3911
0.6795, 3910
0.6799, 3909
0.6802, 3908
0.6805, 3907
0.6808, 3906
0.6812, 3905
0.6815, 3904
0.6819, 3903
0.6822, 3902
0.6825, 3901
0.6829, 3900
0.6832, 3899
0.6835, 3898
0.6838, 3897
0.6842, 3896
0.6845, 3895
0.6848, 3894
0.6852, 3893
0.6855, 3892
0.6858, 3891
0.6862, 3890
0.6865, 3889
0.6868, 3888
0.6872, 3887
0.6875, 3886
0.6878, 3885
0.6882, 3884
0.6885, 3883
0.6888, 3882
0.6892, 3881
0.6895, 3880
0.6898, 3879
0.6902, 3878
0.6905, 3877
0.6908, 3876
0.6911, 3875
0.6915, 3874
0.6918, 3873
0.6921, 3872
0.6924, 3871
0.6928, 3870
0.6931, 3869
0.6934, 3868
0.6938, 3867
0.6941, 3866
0.6944, 3865
0.6947, 3864
0.6951, 3863
0.6954, 3862
0.6957, 3861
0.6961, 3860
0.6964, 3859
0.6967, 3858
0.6970, 3857
0.6973, 3856
0.6977, 3855
0.6980, 3854
0.6983, 3853
0.6986, 3852
0.6990, 3851
0.6993, 3850
0.6997, 3849
0.7001, 3848
0.7004, 3847
0.7007, 3846
0.7010, 3845
0.7014, 3844
0.7017, 3843
0.7020, 3842
0.7024, 3841
0.7027, 3840
0.7030, 3839
0.7033, 3838
0.7037, 3837
0.7040, 3836
0.7043, 3835
0.7047, 3834
0.7050, 3833
0.7053, 3832
0.7056, 3831
0.7060, 3830
0.7063, 3829
0.7066, 3828
0.7070, 3827
0.7073, 3826
0.7077, 3825
0.7080, 3824
0.7083, 3823
0.7086, 3822
0.7090, 3821
0.7093, 3820
0.7096, 3819
0.7099, 3818
0.7103, 3817
0.7106, 3816
0.7109, 3815
0.7113, 3814
0.7116, 3813
0.7119, 3812
0.7122, 3811
0.7126, 3810
0.7129, 3809
0.7132, 3808
0.7136, 3807
0.7139, 3806
0.7142, 3805
0.7146, 3804
0.7149, 3803
0.7153, 3802
0.7156, 3801
0.7159, 3800
0.7163, 3799
0.7166, 3798
0.7170, 3797
0.7173, 3796
0.7176, 3795
0.7179, 3794
0.7183, 3793
0.7186, 3792
0.7189, 3791
0.7193, 3790
0.7197, 3789
0.7200, 3788
0.7204, 3787
0.7207, 3786
0.7210, 3785
0.7213, 3784
0.7217, 3783
0.7220, 3782
0.7223, 3781
0.7227, 3780
0.7230, 3779
0.7234, 3778
0.7237, 3777
0.7240, 3776
0.7244, 3775
0.7247, 3774
0.7251, 3773
0.7254, 3772
0.7258, 3771
0.7261, 3770
0.7264, 3769
0.7268, 3768
0.7272, 3767
0.7276, 3766
0.7279, 3765
0.7282, 3764
0.7286, 3763
0.7289, 3762
0.7293, 3761
0.7296, 3760
0.7299, 3759
0.7302, 3758
0.7306, 3757
0.7309, 3756
0.7312, 3755
0.7316, 3754
0.7319, 3753
0.7323, 3752
0.7327, 3751
0.7330, 3750
0.7334, 3749
0.7338, 3748
0.7342, 3747
0.7345, 3746
0.7349, 3745
0.7352, 3744
0.7356, 3743
0.7359, 3742
0.7362, 3741
0.7365, 3740
0.7369, 3739
0.7372, 3738
0.7375, 3737
0.7378, 3736
0.7382, 3735
0.7385, 3734
0.7388, 3733
0.7391, 3732
0.7394, 3731
0.7398, 3730
0.7401, 3729
0.7404, 3728
0.7407, 3727
0.7410, 3726
0.7413, 3725
0.7417, 3724
0.7420, 3723
0.7424, 3722
0.7427, 3721
0.7430, 3720
0.7434, 3719
0.7437, 3718
0.7440, 3717
0.7443, 3716
0.7447, 3715
0.7450, 3714
0.7453, 3713
0.7456, 3712
0.7459, 3711
0.7463, 3710
0.7466, 3709
0.7469, 3708
0.7472, 3707
0.7475, 3706
0.7479, 3705
0.7482, 3704
0.7485, 3703
0.7489, 3702
0.7492, 3701
0.7495, 3700
0.7499, 3699
0.7503, 3698
0.7506, 3697
0.7509, 3696
0.7512, 3695
0.7515, 3694
0.7518, 3693
0.7522, 3692
0.7525, 3691
0.7528, 3690
0.7531, 3689
0.7535, 3688
0.7538, 3687
0.7542, 3686
0.7546, 3685
0.7550, 3684
0.7554, 3683
0.7558, 3682
0.7562, 3681
0.7566, 3680
0.7569, 3679
0.7573, 3678
0.7576, 3677
0.7580, 3676
0.7583, 3675
0.7586, 3674
0.7589, 3673
0.7593, 3672
0.7596, 3671
0.7599, 3670
0.7603, 3669
0.7606, 3668
0.7609, 3667
0.7613, 3666
0.7616, 3665
0.7619, 3664
0.7623, 3663
0.7626, 3662
0.7630, 3661
0.7633, 3660
0.7636, 3659
0.7640, 3658
0.7643, 3657
0.7646, 3656
0.7650, 3655
0.7653, 3654
0.7656, 3653
0.7660, 3652
0.7663, 3651
0.7667, 3650
0.7670, 3649
0.7674, 3648
0.7677, 3647
0.7681, 3646
0.7684, 3645
0.7688, 3644
0.7691, 3643
0.7695, 3642
0.7698, 3641
0.7702, 3640
0.7705, 3639
0.7708, 3638
0.7712, 3637
0.7715, 3636
0.7718, 3635
0.7721, 3634
0.7724, 3633
0.7728, 3632
0.7731, 3631
0.7734, 3630
0.7737, 3629
0.7740, 3628
0.7743, 3627
0.7747, 3626
0.7750, 3625
0.7753, 3624
0.7756, 3623
0.7759, 3622
0.7763, 3621
0.7766, 3620
0.7769, 3619
0.7772, 3618
0.7775, 3617
0.7778, 3616
0.7781, 3615
0.7784, 3614
0.7788, 3613
0.7791, 3612
0.7794, 3611
0.7797, 3610
0.7800, 3609
0.7804, 3608
0.7807, 3607
0.7810, 3606
0.7813, 3605
0.7816, 3604
0.7820, 3603
0.7823, 3602
0.7827, 3601
0.7830, 3600
0.7834, 3599
0.7837, 3598
0.7841, 3597
0.7845, 3596
0.7849, 3595
0.7852, 3594
0.7855, 3593
0.7859, 3592
0.7862, 3591
0.7865, 3590
0.7869, 3589
0.7872, 3588
0.7876, 3587
0.7879, 3586
0.7882, 3585
0.7886, 3584
0.7889, 3583
0.7892, 3582
0.7896, 3581
0.7899, 3580
0.7903, 3579
0.7906, 3578
0.7910, 3577
0.7913, 3576
0.7916, 3575
0.7919, 3574
0.7923, 3573
0.7926, 3572
0.7929, 3571
0.7933, 3570
0.7936, 3569
0.7939, 3568
0.7943, 3567
0.7946, 3566
0.7949, 3565
0.7952, 3564
0.7955, 3563
0.7958, 3562
0.7961, 3561
0.7964, 3560
0.7967, 3559
0.7970, 3558
0.7974, 3557
0.7977, 3556
0.7980, 3555
0.7983, 3554
0.7987, 3553
0.7990, 3552
0.7994, 3551
0.7997, 3550
0.8001, 3549
0.8005, 3548
0.8009, 3547
0.8012, 3546
0.8015, 3545
0.8019, 3544
0.8022, 3543
0.8026, 3542
0.8029, 3541
0.8032, 3540
0.8035, 3539
0.8039, 3538
0.8042, 3537
0.8045, 3536
0.8049, 3535
0.8052, 3534
0.8055, 3533
0.8059, 3532
0.8062, 3531
0.8065, 3530
0.8069, 3529
0.8072, 3528
0.8075, 3527
0.8078, 3526
0.8081, 3525
0.8084, 3524
0.8088, 3523
0.8091, 3522
0.8094, 3521
0.8098, 3520
0.8101, 3519
0.8104, 3518
0.8107, 3517
0.8110, 3516
0.8113, 3515
0.8116, 3514
0.8119, 3513
0.8123, 3512
0.8126, 3511
0.8129, 3510
0.8132, 3509
0.8135, 3508
0.8138, 3507
0.8141, 3506
0.8144, 3505
0.8148, 3504
0.8152, 3503
0.8155, 3502
0.8158, 3501
0.8161, 3500
0.8165, 3499
0.8169, 3498
0.8172, 3497
0.8177, 3496
0.8180, 3495
0.8184, 3494
0.8187, 3493
0.8190, 3492
0.8194, 3491
0.8197, 3490
0.8200, 3489
0.8204, 3488
0.8207, 3487
0.8211, 3486
0.8214, 3485
0.8217, 3484
0.8220, 3483
0.8223, 3482
0.8226, 3481
0.8229, 3480
0.8233, 3479
0.8236, 3478
0.8239, 3477
0.8242, 3476
0.8245, 3475
0.8248, 3474
0.8251, 3473
0.8254, 3472
0.8257, 3471
0.8261, 3470
0.8264, 3469
0.8267, 3468
0.8270, 3467
0.8273, 3466
0.8276, 3465
0.8279, 3464
0.8282, 3463
0.8285, 3462
0.8288, 3461
0.8291, 3460
0.8294, 3459
0.8298, 3458
0.8301, 3457
0.8304, 3456
0.8307, 3455
0.8310, 3454
0.8313, 3453
0.8317, 3452
0.8320, 3451
0.8323, 3450
0.8326, 3449
0.8330, 3448
0.8333, 3447
0.8337, 3446
0.8340, 3445
0.8344, 3444
0.8347, 3443
0.8350, 3442
0.8353, 3441
0.8356, 3440
0.8359, 3439
0.8362, 3438
0.8365, 3437
0.8368, 3436
0.8371, 3435
0.8374, 3434
0.8377, 3433
0.8380, 3432
0.8383, 3431
0.8386, 3430
0.8389, 3429
0.8392, 3428
0.8395, 3427
0.8398, 3426
0.8401, 3425
0.8404, 3424
0.8407, 3423
0.8411, 3422
0.8413, 3421
0.8416, 3420
0.8420, 3419
0.8423, 3418
0.8425, 3417
0.8428, 3416
0.8431, 3415
0.8434, 3414
0.8437, 3413
0.8440, 3412
0.8443, 3411
0.8446, 3410
0.8449, 3409
0.8452, 3408
0.8455, 3407
0.8459, 3406
0.8462, 3405
0.8465, 3404
0.8468, 3403
0.8472, 3402
0.8475, 3401
0.8478, 3400
0.8481, 3399
0.8484, 3398
0.8487, 3397
0.8490, 3396
0.8494, 3395
0.8497, 3394
0.8500, 3393
0.8504, 3392
0.8507, 3391
0.8510, 3390
0.8513, 3389
0.8517, 3388
0.8520, 3387
0.8523, 3386
0.8526, 3385
0.8529, 3384
0.8532, 3383
0.8535, 3382
0.8538, 3381
0.8541, 3380
0.8545, 3379
0.8548, 3378
0.8551, 3377
0.8554, 3376
0.8557, 3375
0.8560, 3374
0.8563, 3373
0.8566, 3372
0.8569, 3371
0.8573, 3370
0.8576, 3369
0.8579, 3368
0.8582, 3367
0.8585, 3366
0.8588, 3365
0.8591, 3364
0.8595, 3363
0.8598, 3362
0.8601, 3361
0.8604, 3360
0.8607, 3359
0.8610, 3358
0.8614, 3357
0.8617, 3356
0.8619, 3355
0.8623, 3354
0.8626, 3353
0.8629, 3352
0.8632, 3351
0.8635, 3350
0.8638, 3349
0.8641, 3348
0.8644, 3347
0.8647, 3346
0.8651, 3345
0.8654, 3344
0.8657, 3343
0.8660, 3342
0.8663, 3341
0.8666, 3340
0.8670, 3339
0.8673, 3338
0.8676, 3337
0.8679, 3336
0.8682, 3335
0.8685, 3334
0.8689, 3333
0.8692, 3332
0.8695, 3331
0.8698, 3330
0.8701, 3329
0.8704, 3328
0.8707, 3327
0.8710, 3326
0.8713, 3325
0.8716, 3324
0.8719, 3323
0.8722, 3322
0.8725, 3321
0.8728, 3320
0.8731, 3319
0.8735, 3318
0.8738, 3317
0.8741, 3316
0.8744, 3315
0.8747, 3314
0.8751, 3313
0.8754, 3312
0.8757, 3311
0.8760, 3310
0.8763, 3309
0.8766, 3308
0.8769, 3307
0.8773, 3306
0.8776, 3305
0.8779, 3304
0.8783, 3303
0.8786, 3302
0.8789, 3301
0.8793, 3300
0.8795, 3299
0.8799, 3298
0.8802, 3297
0.8805, 3296
0.8809, 3295
0.8813, 3294
0.8816, 3293
0.8819, 3292
0.8822, 3291
0.8825, 3290
0.8828, 3289
0.8832, 3288
0.8835, 3287
0.8838, 3286
0.8841, 3285
0.8844, 3284
0.8849, 3283
0.8852, 3282
0.8855, 3281
0.8858, 3280
0.8861, 3279
0.8865, 3278
0.8868, 3277
0.8871, 3276
0.8874, 3275
0.8878, 3274
0.8881, 3273
0.8885, 3272
0.8888, 3271
0.8891, 3270
0.8894, 3269
0.8898, 3268
0.8901, 3267
0.8904, 3266
0.8907, 3265
0.8910, 3264
0.8913, 3263
0.8916, 3262
0.8919, 3261
0.8922, 3260
0.8925, 3259
0.8929, 3258
0.8932, 3257
0.8936, 3256
0.8939, 3255
0.8942, 3254
0.8945, 3253
0.8948, 3252
0.8951, 3251
0.8954, 3250
0.8958, 3249
0.8961, 3248
0.8964, 3247
0.8967, 3246
0.8971, 3245
0.8974, 3244
0.8977, 3243
0.8980, 3242
0.8983, 3241
0.8987, 3240
0.8990, 3239
0.8993, 3238
0.8996, 3237
0.8999, 3236
0.9002, 3235
0.9004, 3234
0.9008, 3233
0.9011, 3232
0.9014, 3231
0.9017, 3230
0.9020, 3229
0.9023, 3228
0.9027, 3227
0.9030, 3226
0.9033, 3225
0.9036, 3224
0.9039, 3223
0.9042, 3222
0.9044, 3221
0.9048, 3220
0.9051, 3219
0.9054, 3218
0.9056, 3217
0.9059, 3216
0.9062, 3215
0.9065, 3214
0.9068, 3213
0.9071, 3212
0.9074, 3211
0.9077, 3210
0.9081, 3209
0.9084, 3208
0.9087, 3207
0.9091, 3206
0.9094, 3205
0.9097, 3204
0.9100, 3203
0.9103, 3202
0.9106, 3201
0.9109, 3200
0.9112, 3199
0.9115, 3198
0.9118, 3197
0.9121, 3196
0.9124, 3195
0.9128, 3194
0.9131, 3193
0.9134, 3192
0.9137, 3191
0.9141, 3190
0.9144, 3189
0.9147, 3188
0.9151, 3187
0.9154, 3186
0.9158, 3185
0.9161, 3184
0.9164, 3183
0.9166, 3182
0.9169, 3181
0.9172, 3180
0.9175, 3179
0.9178, 3178
0.9181, 3177
0.9184, 3176
0.9188, 3175
0.9191, 3174
0.9194, 3173
0.9197, 3172
0.9200, 3171
0.9203, 3170
0.9206, 3169
0.9209, 3168
0.9211, 3167
0.9215, 3166
0.9218, 3165
0.9220, 3164
0.9224, 3163
0.9227, 3162
0.9230, 3161
0.9233, 3160
0.9236, 3159
0.9239, 3158
0.9242, 3157
0.9245, 3156
0.9248, 3155
0.9251, 3154
0.9253, 3153
0.9257, 3152
0.9260, 3151
0.9263, 3150
0.9266, 3149
0.9268, 3148
0.9271, 3147
0.9276, 3146
0.9279, 3145
0.9282, 3144
0.9285, 3143
0.9288, 3142
0.9291, 3141
0.9295, 3140
0.9299, 3139
0.9302, 3138
0.9305, 3137
0.9308, 3136
0.9311, 3135
0.9314, 3134
0.9317, 3133
0.9320, 3132
0.9323, 3131
0.9326, 3130
0.9330, 3129
0.9333, 3128
0.9336, 3127
0.9338, 3126
0.9341, 3125
0.9344, 3124
0.9347, 3123
0.9350, 3122
0.9353, 3121
0.9355, 3120
0.9359, 3119
0.9361, 3118
0.9364, 3117
0.9367, 3116
0.9370, 3115
0.9373, 3114
0.9375, 3113
0.9378, 3112
0.9381, 3111
0.9384, 3110
0.9386, 3109
0.9389, 3108
0.9392, 3107
0.9395, 3106
0.9398, 3105
0.9401, 3104
0.9403, 3103
0.9406, 3102
0.9409, 3101
0.9412, 3100
0.9415, 3099
0.9417, 3098
0.9420, 3097
0.9423, 3096
0.9426, 3095
0.9429, 3094
0.9432, 3093
0.9435, 3092
0.9438, 3091
0.9440, 3090
0.9443, 3089
0.9446, 3088
0.9449, 3087
0.9452, 3086
0.9454, 3085
0.9457, 3084
0.9460, 3083
0.9463, 3082
0.9467, 3081
0.9470, 3080
0.9472, 3079
0.9475, 3078
0.9479, 3077
0.9482, 3076
0.9485, 3075
0.9488, 3074
0.9491, 3073
0.9494, 3072
0.9497, 3071
0.9500, 3070
0.9503, 3069
0.9506, 3068
0.9508, 3067
0.9511, 3066
0.9514, 3065
0.9517, 3064
0.9520, 3063
0.9523, 3062
0.9526, 3061
0.9528, 3060
0.9531, 3059
0.9534, 3058
0.9537, 3057
0.9539, 3056
0.9542, 3055
0.9545, 3054
0.9548, 3053
0.9551, 3052
0.9554, 3051
0.9557, 3050
0.9560, 3049
0.9563, 3048
0.9566, 3047
0.9569, 3046
0.9572, 3045
0.9574, 3044
0.9577, 3043
0.9580, 3042
0.9583, 3041
0.9585, 3040
0.9588, 3039
0.9591, 3038
0.9594, 3037
0.9597, 3036
0.9599, 3035
0.9602, 3034
0.9605, 3033
0.9608, 3032
0.9610, 3031
0.9613, 3030
0.9616, 3029
0.9619, 3028
0.9622, 3027
0.9625, 3026
0.9628, 3025
0.9631, 3024
0.9634, 3023
0.9636, 3022
0.9639, 3021
0.9642, 3020
0.9645, 3019
0.9648, 3018
0.9650, 3017
0.9653, 3016
0.9656, 3015
0.9659, 3014
0.9662, 3013
0.9665, 3012
0.9668, 3011
0.9670, 3010
0.9673, 3009
0.9676, 3008
0.9679, 3007
0.9681, 3006
0.9684, 3005
0.9687, 3004
0.9689, 3003
0.9692, 3002
0.9695, 3001
0.9698, 3000
0.9700, 2999
0.9703, 2998
0.9706, 2997
0.9708, 2996
0.9711, 2995
0.9714, 2994
0.9717, 2993
0.9719, 2992
0.9722, 2991
0.9725, 2990
0.9727, 2989
0.9730, 2988
0.9733, 2987
0.9736, 2986
0.9739, 2985
0.9741, 2984
0.9744, 2983
0.9748, 2982
0.9750, 2981
0.9754, 2980
0.9756, 2979
0.9759, 2978
0.9762, 2977
0.9765, 2976
0.9768, 2975
0.9771, 2974
0.9773, 2973
0.9777, 2972
0.9779, 2971
0.9782, 2970
0.9786, 2969
0.9788, 2968
0.9791, 2967
0.9794, 2966
0.9797, 2965
0.9800, 2964
0.9803, 2963
0.9805, 2962
0.9808, 2961
0.9811, 2960
0.9814, 2959
0.9817, 2958
0.9820, 2957
0.9823, 2956
0.9826, 2955
0.9829, 2954
0.9832, 2953
0.9835, 2952
0.9838, 2951
0.9840, 2950
0.9843, 2949
0.9846, 2948
0.9849, 2947
0.9851, 2946
0.9854, 2945
0.9857, 2944
0.9859, 2943
0.9862, 2942
0.9865, 2941
0.9868, 2940
0.9871, 2939
0.9874, 2938
0.9877, 2937
0.9880, 2936
0.9882, 2935
0.9885, 2934
0.9888, 2933
0.9891, 2932
0.9894, 2931
0.9897, 2930
0.9901, 2929
0.9904, 2928
0.9907, 2927
0.9909, 2926
0.9913, 2925
0.9916, 2924
0.9919, 2923
0.9922, 2922
0.9925, 2921
0.9927, 2920
0.9931, 2919
0.9934, 2918
0.9937, 2917
0.9941, 2916
0.9943, 2915
0.9947, 2914
0.9950, 2913
0.9954, 2912
0.9956, 2911
0.9960, 2910
0.9963, 2909
0.9966, 2908
0.9969, 2907
0.9972, 2906
0.9975, 2905
0.9977, 2904
0.9980, 2903
0.9983, 2902
0.9986, 2901
0.9989, 2900
0.9991, 2899
0.9994, 2898
0.9997, 2897
1.0000, 2896
1.0003, 2895
1.0006, 2894
1.0009, 2893
1.0011, 2892
1.0015, 2891
1.0017, 2890
1.0020, 2889
1.0023, 2888
1.0026, 2887
1.0029, 2886
1.0032, 2885
1.0035, 2884
1.0038, 2883
1.0040, 2882
1.0043, 2881
1.0046, 2880
1.0049, 2879
1.0052, 2878
1.0054, 2877
1.0057, 2876
1.0060, 2875
1.0062, 2874
1.0066, 2873
1.0069, 2872
1.0071, 2871
1.0074, 2870
1.0077, 2869
1.0079, 2868
1.0082, 2867
1.0085, 2866
1.0088, 2865
1.0091, 2864
1.0093, 2863
1.0096, 2862
1.0098, 2861
1.0101, 2860
1.0104, 2859
1.0107, 2858
1.0109, 2857
1.0112, 2856
1.0115, 2855
1.0117, 2854
1.0120, 2853
1.0123, 2852
1.0125, 2851
1.0128, 2850
1.0130, 2849
1.0133, 2848
1.0136, 2847
1.0138, 2846
1.0141, 2845
1.0144, 2844
1.0147, 2843
1.0150, 2842
1.0152, 2841
1.0155, 2840
1.0158, 2839
1.0160, 2838
1.0163, 2837
1.0166, 2836
1.0169, 2835
1.0171, 2834
1.0174, 2833
1.0177, 2832
1.0180, 2831
1.0182, 2830
1.0185, 2829
1.0188, 2828
1.0190, 2827
1.0193, 2826
1.0196, 2825
1.0198, 2824
1.0201, 2823
1.0204, 2822
1.0206, 2821
1.0209, 2820
1.0212, 2819
1.0215, 2818
1.0217, 2817
1.0220, 2816
1.0223, 2815
1.0226, 2814
1.0229, 2813
1.0231, 2812
1.0234, 2811
1.0237, 2810
1.0239, 2809
1.0242, 2808
1.0245, 2807
1.0248, 2806
1.0251, 2805
1.0253, 2804
1.0256, 2803
1.0259, 2802
1.0261, 2801
1.0264, 2800
1.0267, 2799
1.0270, 2798
1.0272, 2797
1.0275, 2796
1.0278, 2795
1.0281, 2794
1.0284, 2793
1.0287, 2792
1.0289, 2791
1.0292, 2790
1.0295, 2789
1.0298, 2788
1.0300, 2787
1.0303, 2786
1.0306, 2785
1.0308, 2784
1.0311, 2783
1.0314, 2782
1.0317, 2781
1.0319, 2780
1.0322, 2779
1.0325, 2778
1.0327, 2777
1.0330, 2776
1.0332, 2775
1.0335, 2774
1.0338, 2773
1.0340, 2772
1.0343, 2771
1.0345, 2770
1.0348, 2769
1.0351, 2768
1.0353, 2767
1.0356, 2766
1.0358, 2765
1.0361, 2764
1.0364, 2763
1.0366, 2762
1.0369, 2761
1.0371, 2760
1.0374, 2759
1.0376, 2758
1.0379, 2757
1.0382, 2756
1.0384, 2755
1.0387, 2754
1.0390, 2753
1.0393, 2752
1.0395, 2751
1.0398, 2750
1.0401, 2749
1.0404, 2748
1.0406, 2747
1.0409, 2746
1.0412, 2745
1.0414, 2744
1.0417, 2743
1.0419, 2742
1.0422, 2741
1.0425, 2740
1.0429, 2739
1.0431, 2738
1.0434, 2737
1.0437, 2736
1.0440, 2735
1.0442, 2734
1.0445, 2733
1.0448, 2732
1.0451, 2731
1.0453, 2730
1.0456, 2729
1.0459, 2728
1.0462, 2727
1.0464, 2726
1.0467, 2725
1.0470, 2724
1.0473, 2723
1.0475, 2722
1.0478, 2721
1.0481, 2720
1.0484, 2719
1.0486, 2718
1.0489, 2717
1.0492, 2716
1.0495, 2715
1.0497, 2714
1.0500, 2713
1.0503, 2712
1.0506, 2711
1.0508, 2710
1.0511, 2709
1.0514, 2708
1.0516, 2707
1.0519, 2706
1.0522, 2705
1.0524, 2704
1.0527, 2703
1.0530, 2702
1.0533, 2701
1.0536, 2700
1.0538, 2699
1.0541, 2698
1.0544, 2697
1.0547, 2696
1.0549, 2695
1.0552, 2694
1.0555, 2693
1.0558, 2692
1.0561, 2691
1.0564, 2690
1.0567, 2689
1.0569, 2688
1.0572, 2687
1.0575, 2686
1.0578, 2685
1.0581, 2684
1.0584, 2683
1.0586, 2682
1.0589, 2681
1.0593, 2680
1.0595, 2679
1.0598, 2678
1.0600, 2677
1.0603, 2676
1.0606, 2675
1.0609, 2674
1.0611, 2673
1.0614, 2672
1.0617, 2671
1.0620, 2670
1.0623, 2669
1.0625, 2668
1.0628, 2667
1.0630, 2666
1.0633, 2665
1.0636, 2664
1.0638, 2663
1.0641, 2662
1.0644, 2661
1.0646, 2660
1.0649, 2659
1.0651, 2658
1.0654, 2657
1.0657, 2656
1.0659, 2655
1.0662, 2654
1.0664, 2653
1.0667, 2652
1.0669, 2651
1.0672, 2650
1.0675, 2649
1.0677, 2648
1.0680, 2647
1.0682, 2646
1.0685, 2645
1.0687, 2644
1.0690, 2643
1.0692, 2642
1.0694, 2641
1.0697, 2640
1.0699, 2639
1.0702, 2638
1.0704, 2637
1.0707, 2636
1.0709, 2635
1.0712, 2634
1.0714, 2633
1.0717, 2632
1.0719, 2631
1.0722, 2630
1.0724, 2629
1.0727, 2628
1.0729, 2627
1.0732, 2626
1.0735, 2625
1.0737, 2624
1.0740, 2623
1.0743, 2622
1.0745, 2621
1.0748, 2620
1.0750, 2619
1.0752, 2618
1.0755, 2617
1.0758, 2616
1.0761, 2615
1.0763, 2614
1.0766, 2613
1.0768, 2612
1.0771, 2611
1.0773, 2610
1.0776, 2609
1.0778, 2608
1.0781, 2607
1.0783, 2606
1.0786, 2605
1.0788, 2604
1.0791, 2603
1.0794, 2602
1.0796, 2601
1.0799, 2600
1.0801, 2599
1.0804, 2598
1.0807, 2597
1.0809, 2596
1.0812, 2595
1.0815, 2594
1.0817, 2593
1.0820, 2592
1.0823, 2591
1.0825, 2590
1.0828, 2589
1.0831, 2588
1.0834, 2587
1.0836, 2586
1.0839, 2585
1.0841, 2584
1.0844, 2583
1.0846, 2582
1.0849, 2581
1.0851, 2580
1.0854, 2579
1.0857, 2578
1.0859, 2577
1.0862, 2576
1.0865, 2575
1.0867, 2574
1.0870, 2573
1.0872, 2572
1.0875, 2571
1.0878, 2570
1.0880, 2569
1.0883, 2568
1.0885, 2567
1.0888, 2566
1.0891, 2565
1.0935, 2564
1.1018, 2563
1.1020, 2562
1.1023, 2561
1.1183, 2560
1.1186, 2559
1.1298, 2558
1.1300, 2557
1.1484, 2556
1.1615, 2555
1.1765, 2554
1.2063, 2553
1.2106, 2552
1.2174, 2551
1.2241, 2550
1.2326, 2549
1.2328, 2548
1.2373, 2547
1.2500, 2546
1.2565, 2545
1.2715, 2544
1.2779, 2543
1.2782, 2542
1.2805, 2541
1.2807, 2540
1.2810, 2539
1.2855, 2538
1.2920, 2537
1.2922, 2536
1.3090, 2535
1.3175, 2534
1.3261, 2533
1.3263, 2532
1.3327, 2531
1.3453, 2530
1.3519, 2529
1.3735, 2528
1.3862, 2527
1.3864, 2526
1.3908, 2525
1.3910, 2524
1.3974, 2523
1.4039, 2522
1.4083, 2521
1.4126, 2520
1.4149, 2519
1.4173, 2518
1.4237, 2517
1.4239, 2516
1.4282, 2515
1.4346, 2514
1.4348, 2513
1.4350, 2512
1.4414, 2511
1.5075, 2510
1.5201, 2509
1.5203, 2508
1.5288, 2507
1.5556, 2506
1.5662, 2505
1.5806, 2504
1.5808, 2503
1.5933, 2502
1.6038, 2501
1.6142, 2500
1.6370, 2499
1.6559, 2498
1.6707, 2497
1.6709, 2496
1.6732, 2495
1.6735, 2494
1.6778, 2493
1.6903, 2492
1.6905, 2491
1.6969, 2490
1.7033, 2489
1.7076, 2488
1.7079, 2487
1.7081, 2486
1.7083, 2485
1.7085, 2484
1.7149, 2483
1.7152, 2482
1.7175, 2481
1.7321, 2480
1.7323, 2479
1.7326, 2478
1.7512, 2477
1.7556, 2476
1.7660, 2475
1.7704, 2474
1.7747, 2473
1.7811, 2472
1.7855, 2471
1.7857, 2470
1.7859, 2469
1.7862, 2468
1.8048, 2467
1.8173, 2466
1.8216, 2465
1.8219, 2464
1.8221, 2463
1.8223, 2462
1.8368, 2461
1.8555, 2460
1.8681, 2459
1.8785, 2458
1.8787, 2457
1.8873, 2456
1.8875, 2455
1.8898, 2454
1.8941, 2453
1.9066, 2452
1.9069, 2451
1.9279, 2450
1.9364, 2449
1.9449, 2448
1.9472, 2447
1.9536, 2446
1.9744, 2445
1.9972, 2444
2.0036, 2443
2.0099, 2442
2.0142, 2441
2.0330, 2440
2.0600, 2439
2.0685, 2438
2.0708, 2437
2.0936, 2436
2.1000, 2435
2.1104, 2434
2.1191, 2433
2.1442, 2432
2.1527, 2431
2.1673, 2430
2.1758, 2429
2.1760, 2428
2.2113, 2427
2.2267, 2426
2.2442, 2425
2.2444, 2424
2.2447, 2423
2.2968, 2422
2.3180, 2421
2.3182, 2420
2.3409, 2419
2.3710, 2418
2.4049, 2417
2.4140, 2416
2.4532, 2415
2.4747, 2414
2.4750, 2413
2.4957, 2412
2.5047, 2411
2.5093, 2410
2.5225, 2409
2.5249, 2408
2.5252, 2407
2.5276, 2406
2.5278, 2405
2.5368, 2404
2.5370, 2403
2.5416, 2402
2.5418, 2401
2.5421, 2400
2.5536, 2399
2.5713, 2398
2.5715, 2397
2.5805, 2396
2.5851, 2395
2.5919, 2394
2.5922, 2393
2.5924, 2392
2.6078, 2391
2.6080, 2390
2.6148, 2389
2.6150, 2388
2.6153, 2387
2.6265, 2386
2.6462, 2385
2.6485, 2384
2.6530, 2383
2.6532, 2382
2.6598, 2381
2.6601, 2380
2.6689, 2379
2.6692, 2378
2.6694, 2377
2.6737, 2376
2.6739, 2375
2.6784, 2374
2.6849, 2373
2.6851, 2372
2.6936, 2371
2.6938, 2370
2.6941, 2369
2.7109, 2368
2.7111, 2367
2.7134, 2366
2.7200, 2365
2.7202, 2364
2.7204, 2363
2.7268, 2362
2.7270, 2361
2.7273, 2360
2.7275, 2359
2.7277, 2358
2.7279, 2357
2.7488, 2356
2.7490, 2355
2.7514, 2354
2.7516, 2353
2.7580, 2352
2.7644, 2351
2.7646, 2350
2.7649, 2349
2.7651, 2348
2.7696, 2347
2.7883, 2346
2.7906, 2345
2.8031, 2344
2.8034, 2343
2.8056, 2342
2.8224, 2341
2.8309, 2340
2.8476, 2339
2.8622, 2338
2.8645, 2337
2.8648, 2336
2.8820, 2335
2.8864, 2334
2.8867, 2333
2.8910, 2332
2.9058, 2331
2.9349, 2330
2.9351, 2329
2.9353, 2328
2.9355, 2327
2.9439, 2326
2.9441, 2325
2.9568, 2324
2.9570, 2323
2.9879, 2322
2.9882, 2321
3.0846, 2320
3.0909, 2319
3.0932, 2318
3.0975, 2317
3.0977, 2316
3.1001, 2315
3.1043, 2314
3.1046, 2313
3.1089, 2312
3.1234, 2311
3.1277, 2310
3.1340, 2309
3.1383, 2308
3.1385, 2307
3.1429, 2306
3.1431, 2305
3.1556, 2304
3.1599, 2303
3.1684, 2302
3.1686, 2301
3.1708, 2300
3.1813, 2299
3.1857, 2298
3.1859, 2297
3.1902, 2296
3.1945, 2295
3.1947, 2294
3.1970, 2293
3.2053, 2292
3.2097, 2291
3.2221, 2290
3.2284, 2289
3.2388, 2288
3.2390, 2287
3.2433, 2286
3.2497, 2285
3.2520, 2284
3.2522, 2283
3.2666, 2282
3.2749, 2281
3.2894, 2280
3.3018, 2279
3.3186, 2278
3.3249, 2277
3.3578, 2276
3.3622, 2275
3.3624, 2274
3.3626, 2273
3.3628, 2272
3.3712, 2271
3.3714, 2270
3.3717, 2269
3.3822, 2268
3.3824, 2267
3.3826, 2266
3.3828, 2265
3.3830, 2264
3.3957, 2263
3.4040, 2262
3.4121, 2261
3.4166, 2260
3.4230, 2259
3.4398, 2258
3.4585, 2257
3.4690, 2256
3.4692, 2255
3.4838, 2254
3.4841, 2253
3.4843, 2252
3.4845, 2251
3.5011, 2250
3.5135, 2249
3.5199, 2248
3.5264, 2247
3.5287, 2246
3.5495, 2245
3.5642, 2244
3.5644, 2243
3.5708, 2242
3.5831, 2241
3.5936, 2240
3.5938, 2239
3.5980, 2238
3.6186, 2237
3.6188, 2236
3.6272, 2235
3.6275, 2234
3.6522, 2233
3.6666, 2232
3.6668, 2231
3.6750, 2230
3.6898, 2229
3.7007, 2228
3.7009, 2227
3.7174, 2226
3.8910, 2225
3.9096, 2224
3.9099, 2223
3.9163, 2222
3.9635, 2221
4.0332, 2220
4.1301, 2219
4.1324, 2218
4.1490, 2217
4.3478, 2216
4.5098, 2215
