0.0263, 2281
0.1225, 2280
0.1259, 2279
0.1476, 2278
0.1889, 2277
0.1987, 2274
0.2239, 2273
0.2270, 2272
0.2424, 2269
0.2700, 2268
0.2951, 2267
0.3015, 2266
0.3533, 2265
0.3753, 2264
0.4285, 2263
0.4537, 2262
0.5129, 2260
0.5192, 2259
0.5496, 2258
0.5588, 2257
0.5988, 2256
0.6021, 2255
0.6240, 2253
0.6303, 2252
0.6486, 2251
0.6671, 2250
0.6705, 2249
0.6737, 2248
0.6954, 2246
0.7049, 2244
0.7853, 2243
0.7884, 2242
0.7976, 2241
0.8131, 2240
0.8904, 2239
0.9029, 2238
0.9639, 2236
0.9863, 2235
0.9989, 2233
1.0361, 2232
1.0696, 2231
1.0855, 2230
1.1041, 2229
1.2891, 2227
1.5702, 2226
1.5766, 2225
1.7202, 2224
1.7539, 2223
1.8349, 2222
1.8441, 2221
1.8967, 2220
2.0119, 2219
2.0557, 2218
