0.0268, 2281
0.0657, 2279
0.0826, 2278
0.1234, 2277
0.2017, 2276
0.2168, 2275
0.2447, 2274
0.2789, 2273
0.2851, 2272
0.3314, 2271
0.3684, 2270
0.4113, 2269
0.4846, 2267
0.4956, 2266
0.6032, 2265
0.7046, 2264
0.7512, 2263
0.7851, 2261
0.8467, 2259
0.8624, 2258
0.8964, 2256
0.9120, 2254
0.9154, 2253
0.9681, 2252
1.0085, 2251
1.1786, 2249
1.1847, 2248
1.2217, 2247
1.2339, 2246
1.3357, 2244
1.3452, 2242
1.3486, 2241
1.3671, 2240
1.4776, 2239
1.5428, 2238
1.6015, 2237
1.6234, 2236
2.0712, 2235
2.1180, 2234
2.2272, 2233
2.3455, 2231
2.3890, 2230
2.4140, 2229
2.4950, 2228
2.5046, 2227
2.5393, 2226
2.5840, 2224
2.7819, 2223
3.0172, 2220
3.0549, 2219
