0.0314, 2281
0.0768, 2279
0.0976, 2278
0.1725, 2277
0.1854, 2276
0.2046, 2275
0.2561, 2274
0.2711, 2272
0.3071, 2271
0.3102, 2270
0.3163, 2269
0.4937, 2268
0.5161, 2265
0.5379, 2264
0.5410, 2263
0.5744, 2262
0.5805, 2261
0.6201, 2260
0.7192, 2259
0.7223, 2258
0.7375, 2256
0.7466, 2255
0.7586, 2254
0.7983, 2253
0.8382, 2251
0.8655, 2250
0.9387, 2249
1.0518, 2248
1.0942, 2247
1.1154, 2246
1.1214, 2245
1.1246, 2243
1.1816, 2242
1.2150, 2241
1.2181, 2240
1.2272, 2239
1.2333, 2238
1.2847, 2237
1.3817, 2236
1.4425, 2235
1.4636, 2234
1.5123, 2233
1.5274, 2232
1.6058, 2231
1.8176, 2230
1.8268, 2229
1.9877, 2228
2.0850, 2227
2.1887, 2226
2.2526, 2225
2.3133, 2224
2.4321, 2223
2.4533, 2222
2.4809, 2221
2.6112, 2219
2.7176, 2216
3.0887, 2215
