0.0374, 2281
0.1455, 2280
0.2167, 2279
0.2415, 2277
0.2632, 2276
0.3603, 2274
0.3637, 2272
0.3732, 2271
0.4355, 2269
0.4481, 2268
0.4636, 2265
0.4669, 2264
0.5599, 2263
0.5632, 2262
0.5665, 2261
0.5760, 2259
0.6472, 2258
0.7550, 2257
0.8292, 2256
0.9111, 2255
0.9234, 2254
0.9659, 2253
0.9690, 2252
1.0518, 2251
1.0943, 2250
1.2337, 2249
1.2820, 2247
1.2851, 2245
1.2915, 2242
1.3135, 2241
1.3695, 2239
1.4282, 2238
1.4719, 2237
1.6755, 2236
1.7449, 2235
1.7663, 2234
1.7908, 2233
1.9841, 2232
1.9933, 2231
2.0179, 2230
2.1975, 2229
2.2131, 2227
2.3048, 2226
2.3798, 2225
2.4201, 2224
2.6146, 2222
2.6238, 2221
2.7095, 2220
2.8324, 2219
