0.6384, 3931
0.6388, 3930
0.6391, 3929
0.6394, 3928
0.6398, 3927
0.6401, 3926
0.6405, 3925
0.6408, 3924
0.6411, 3923
0.6415, 3922
0.6418, 3921
0.6421, 3920
0.6425, 3919
0.6428, 3918
0.6431, 3917
0.6435, 3916
0.6438, 3915
0.6442, 3914
0.6445, 3913
0.6448, 3912
0.6452, 3911
0.6455, 3910
0.6458, 3909
0.6462, 3908
0.6465, 3907
0.6468, 3906
0.6472, 3905
0.6475, 3904
0.6479, 3903
0.6482, 3902
0.6485, 3901
0.6488, 3900
0.6492, 3899
0.6495, 3898
0.6498, 3897
0.6502, 3896
0.6505, 3895
0.6508, 3894
0.6512, 3893
0.6515, 3892
0.6519, 3891
0.6522, 3890
0.6525, 3889
0.6529, 3888
0.6532, 3887
0.6535, 3886
0.6539, 3885
0.6542, 3884
0.6545, 3883
0.6548, 3882
0.6552, 3881
0.6555, 3880
0.6558, 3879
0.6562, 3878
0.6565, 3877
0.6568, 3876
0.6572, 3875
0.6575, 3874
0.6578, 3873
0.6582, 3872
0.6585, 3871
0.6588, 3870
0.6591, 3869
0.6595, 3868
0.6598, 3867
0.6601, 3866
0.6605, 3865
0.6608, 3864
0.6611, 3863
0.6614, 3862
0.6618, 3861
0.6621, 3860
0.6624, 3859
0.6627, 3858
0.6631, 3857
0.6634, 3856
0.6637, 3855
0.6640, 3854
0.6644, 3853
0.6647, 3852
0.6650, 3851
0.6653, 3850
0.6657, 3849
0.6660, 3848
0.6663, 3847
0.6666, 3846
0.6670, 3845
0.6673, 3844
0.6676, 3843
0.6680, 3842
0.6683, 3841
0.6686, 3840
0.6689, 3839
0.6693, 3838
0.6696, 3837
0.6699, 3836
0.6703, 3835
0.6706, 3834
0.6709, 3833
0.6713, 3832
0.6716, 3831
0.6719, 3830
0.6723, 3829
0.6726, 3828
0.6730, 3827
0.6733, 3826
0.6736, 3825
0.6740, 3824
0.6743, 3823
0.6747, 3822
0.6750, 3821
0.6753, 3820
0.6757, 3819
0.6760, 3818
0.6763, 3817
0.6767, 3816
0.6770, 3815
0.6773, 3814
0.6777, 3813
0.6780, 3812
0.6783, 3811
0.6786, 3810
0.6790, 3809
0.6793, 3808
0.6796, 3807
0.6800, 3806
0.6803, 3805
0.6806, 3804
0.6810, 3803
0.6813, 3802
0.6816, 3801
0.6820, 3800
0.6823, 3799
0.6826, 3798
0.6830, 3797
0.6834, 3796
0.6837, 3795
0.6840, 3794
0.6844, 3793
0.6847, 3792
0.6850, 3791
0.6853, 3790
0.6857, 3789
0.6860, 3788
0.6863, 3787
0.6866, 3786
0.6870, 3785
0.6873, 3784
0.6876, 3783
0.6879, 3782
0.6883, 3781
0.6886, 3780
0.6889, 3779
0.6893, 3778
0.6896, 3777
0.6900, 3776
0.6903, 3775
0.6906, 3774
0.6909, 3773
0.6913, 3772
0.6916, 3771
0.6919, 3770
0.6922, 3769
0.6926, 3768
0.6929, 3767
0.6932, 3766
0.6935, 3765
0.6939, 3764
0.6942, 3763
0.6945, 3762
0.6949, 3761
0.6952, 3760
0.6955, 3759
0.6958, 3758
0.6962, 3757
0.6965, 3756
0.6968, 3755
0.6971, 3754
0.6975, 3753
0.6978, 3752
0.6981, 3751
0.6985, 3750
0.6988, 3749
0.6991, 3748
0.6995, 3747
0.6998, 3746
0.7001, 3745
0.7005, 3744
0.7008, 3743
0.7012, 3742
0.7015, 3741
0.7018, 3740
0.7022, 3739
0.7025, 3738
0.7028, 3737
0.7031, 3736
0.7035, 3735
0.7038, 3734
0.7041, 3733
0.7044, 3732
0.7048, 3731
0.7051, 3730
0.7054, 3729
0.7057, 3728
0.7060, 3727
0.7064, 3726
0.7067, 3725
0.7070, 3724
0.7073, 3723
0.7076, 3722
0.7080, 3721
0.7084, 3720
0.7087, 3719
0.7090, 3718
0.7093, 3717
0.7097, 3716
0.7100, 3715
0.7103, 3714
0.7106, 3713
0.7110, 3712
0.7113, 3711
0.7116, 3710
0.7119, 3709
0.7123, 3708
0.7126, 3707
0.7129, 3706
0.7132, 3705
0.7136, 3704
0.7139, 3703
0.7142, 3702
0.7146, 3701
0.7149, 3700
0.7152, 3699
0.7155, 3698
0.7159, 3697
0.7162, 3696
0.7165, 3695
0.7168, 3694
0.7172, 3693
0.7175, 3692
0.7178, 3691
0.7181, 3690
0.7185, 3689
0.7188, 3688
0.7191, 3687
0.7194, 3686
0.7198, 3685
0.7201, 3684
0.7204, 3683
0.7207, 3682
0.7211, 3681
0.7214, 3680
0.7217, 3679
0.7220, 3678
0.7224, 3677
0.7227, 3676
0.7230, 3675
0.7233, 3674
0.7237, 3673
0.7240, 3672
0.7243, 3671
0.7246, 3670
0.7250, 3669
0.7253, 3668
0.7256, 3667
0.7259, 3666
0.7262, 3665
0.7266, 3664
0.7269, 3663
0.7272, 3662
0.7275, 3661
0.7279, 3660
0.7282, 3659
0.7285, 3658
0.7288, 3657
0.7292, 3656
0.7295, 3655
0.7298, 3654
0.7301, 3653
0.7304, 3652
0.7307, 3651
0.7311, 3650
0.7314, 3649
0.7317, 3648
0.7320, 3647
0.7324, 3646
0.7327, 3645
0.7330, 3644
0.7333, 3643
0.7337, 3642
0.7340, 3641
0.7343, 3640
0.7346, 3639
0.7350, 3638
0.7353, 3637
0.7356, 3636
0.7359, 3635
0.7362, 3634
0.7366, 3633
0.7369, 3632
0.7372, 3631
0.7375, 3630
0.7378, 3629
0.7381, 3628
0.7385, 3627
0.7388, 3626
0.7391, 3625
0.7394, 3624
0.7398, 3623
0.7401, 3622
0.7404, 3621
0.7407, 3620
0.7411, 3619
0.7414, 3618
0.7417, 3617
0.7420, 3616
0.7423, 3615
0.7427, 3614
0.7430, 3613
0.7433, 3612
0.7436, 3611
0.7439, 3610
0.7443, 3609
0.7446, 3608
0.7449, 3607
0.7452, 3606
0.7455, 3605
0.7458, 3604
0.7462, 3603
0.7465, 3602
0.7468, 3601
0.7471, 3600
0.7475, 3599
0.7478, 3598
0.7481, 3597
0.7484, 3596
0.7487, 3595
0.7491, 3594
0.7494, 3593
0.7497, 3592
0.7500, 3591
0.7503, 3590
0.7506, 3589
0.7509, 3588
0.7513, 3587
0.7516, 3586
0.7519, 3585
0.7522, 3584
0.7525, 3583
0.7529, 3582
0.7532, 3581
0.7535, 3580
0.7538, 3579
0.7541, 3578
0.7544, 3577
0.7548, 3576
0.7551, 3575
0.7554, 3574
0.7557, 3573
0.7560, 3572
0.7563, 3571
0.7567, 3570
0.7570, 3569
0.7573, 3568
0.7576, 3567
0.7579, 3566
0.7582, 3565
0.7586, 3564
0.7589, 3563
0.7592, 3562
0.7595, 3561
0.7598, 3560
0.7601, 3559
0.7604, 3558
0.7607, 3557
0.7611, 3556
0.7614, 3555
0.7617, 3554
0.7620, 3553
0.7623, 3552
0.7626, 3551
0.7630, 3550
0.7633, 3549
0.7636, 3548
0.7640, 3547
0.7643, 3546
0.7646, 3545
0.7649, 3544
0.7652, 3543
0.7656, 3542
0.7659, 3541
0.7662, 3540
0.7665, 3539
0.7668, 3538
0.7671, 3537
0.7674, 3536
0.7678, 3535
0.7681, 3534
0.7684, 3533
0.7687, 3532
0.7690, 3531
0.7693, 3530
0.7696, 3529
0.7700, 3528
0.7703, 3527
0.7706, 3526
0.7709, 3525
0.7712, 3524
0.7715, 3523
0.7718, 3522
0.7722, 3521
0.7725, 3520
0.7728, 3519
0.7731, 3518
0.7734, 3517
0.7737, 3516
0.7740, 3515
0.7744, 3514
0.7747, 3513
0.7750, 3512
0.7753, 3511
0.7756, 3510
0.7759, 3509
0.7762, 3508
0.7766, 3507
0.7769, 3506
0.7772, 3505
0.7775, 3504
0.7778, 3503
0.7781, 3502
0.7784, 3501
0.7787, 3500
0.7791, 3499
0.7794, 3498
0.7797, 3497
0.7800, 3496
0.7803, 3495
0.7806, 3494
0.7809, 3493
0.7812, 3492
0.7815, 3491
0.7819, 3490
0.7822, 3489
0.7825, 3488
0.7828, 3487
0.7831, 3486
0.7834, 3485
0.7837, 3484
0.7840, 3483
0.7843, 3482
0.7846, 3481
0.7849, 3480
0.7852, 3479
0.7856, 3478
0.7859, 3477
0.7862, 3476
0.7865, 3475
0.7868, 3474
0.7871, 3473
0.7874, 3472
0.7877, 3471
0.7880, 3470
0.7883, 3469
0.7886, 3468
0.7889, 3467
0.7892, 3466
0.7896, 3465
0.7899, 3464
0.7902, 3463
0.7905, 3462
0.7908, 3461
0.7911, 3460
0.7914, 3459
0.7917, 3458
0.7920, 3457
0.7923, 3456
0.7926, 3455
0.7929, 3454
0.7932, 3453
0.7936, 3452
0.7939, 3451
0.7942, 3450
0.7945, 3449
0.7948, 3448
0.7951, 3447
0.7954, 3446
0.7957, 3445
0.7960, 3444
0.7963, 3443
0.7966, 3442
0.7969, 3441
0.7972, 3440
0.7975, 3439
0.7978, 3438
0.7981, 3437
0.7984, 3436
0.7987, 3435
0.7990, 3434
0.7993, 3433
0.7996, 3432
0.7999, 3431
0.8002, 3430
0.8005, 3429
0.8009, 3428
0.8012, 3427
0.8015, 3426
0.8018, 3425
0.8021, 3424
0.8024, 3423
0.8027, 3422
0.8030, 3421
0.8033, 3420
0.8036, 3419
0.8039, 3418
0.8042, 3417
0.8045, 3416
0.8048, 3415
0.8051, 3414
0.8054, 3413
0.8057, 3412
0.8060, 3411
0.8063, 3410
0.8066, 3409
0.8069, 3408
0.8072, 3407
0.8075, 3406
0.8078, 3405
0.8081, 3404
0.8084, 3403
0.8087, 3402
0.8090, 3401
0.8093, 3400
0.8096, 3399
0.8099, 3398
0.8102, 3397
0.8105, 3396
0.8108, 3395
0.8111, 3394
0.8114, 3393
0.8118, 3392
0.8121, 3391
0.8124, 3390
0.8127, 3389
0.8130, 3388
0.8133, 3387
0.8136, 3386
0.8139, 3385
0.8143, 3384
0.8146, 3383
0.8149, 3382
0.8152, 3381
0.8155, 3380
0.8158, 3379
0.8161, 3378
0.8164, 3377
0.8168, 3376
0.8171, 3375
0.8174, 3374
0.8177, 3373
0.8180, 3372
0.8183, 3371
0.8186, 3370
0.8189, 3369
0.8192, 3368
0.8195, 3367
0.8199, 3366
0.8202, 3365
0.8205, 3364
0.8207, 3363
0.8210, 3362
0.8213, 3361
0.8217, 3360
0.8220, 3359
0.8223, 3358
0.8226, 3357
0.8229, 3356
0.8232, 3355
0.8235, 3354
0.8238, 3353
0.8241, 3352
0.8244, 3351
0.8247, 3350
0.8251, 3349
0.8254, 3348
0.8257, 3347
0.8260, 3346
0.8263, 3345
0.8266, 3344
0.8269, 3343
0.8272, 3342
0.8275, 3341
0.8278, 3340
0.8281, 3339
0.8284, 3338
0.8287, 3337
0.8290, 3336
0.8293, 3335
0.8296, 3334
0.8299, 3333
0.8302, 3332
0.8305, 3331
0.8308, 3330
0.8311, 3329
0.8314, 3328
0.8317, 3327
0.8320, 3326
0.8323, 3325
0.8326, 3324
0.8329, 3323
0.8332, 3322
0.8335, 3321
0.8338, 3320
0.8341, 3319
0.8344, 3318
0.8347, 3317
0.8351, 3316
0.8354, 3315
0.8357, 3314
0.8360, 3313
0.8364, 3312
0.8367, 3311
0.8370, 3310
0.8373, 3309
0.8376, 3308
0.8379, 3307
0.8382, 3306
0.8386, 3305
0.8389, 3304
0.8392, 3303
0.8395, 3302
0.8399, 3301
0.8402, 3300
0.8406, 3299
0.8409, 3298
0.8412, 3297
0.8415, 3296
0.8418, 3295
0.8421, 3294
0.8425, 3293
0.8428, 3292
0.8431, 3291
0.8434, 3290
0.8437, 3289
0.8440, 3288
0.8443, 3287
0.8447, 3286
0.8450, 3285
0.8452, 3284
0.8456, 3283
0.8459, 3282
0.8463, 3281
0.8466, 3280
0.8469, 3279
0.8472, 3278
0.8475, 3277
0.8478, 3276
0.8482, 3275
0.8484, 3274
0.8488, 3273
0.8491, 3272
0.8494, 3271
0.8498, 3270
0.8500, 3269
0.8504, 3268
0.8507, 3267
0.8510, 3266
0.8513, 3265
0.8516, 3264
0.8519, 3263
0.8522, 3262
0.8525, 3261
0.8528, 3260
0.8531, 3259
0.8534, 3258
0.8537, 3257
0.8540, 3256
0.8543, 3255
0.8546, 3254
0.8549, 3253
0.8552, 3252
0.8556, 3251
0.8559, 3250
0.8561, 3249
0.8565, 3248
0.8568, 3247
0.8571, 3246
0.8573, 3245
0.8577, 3244
0.8580, 3243
0.8583, 3242
0.8586, 3241
0.8589, 3240
0.8592, 3239
0.8595, 3238
0.8598, 3237
0.8601, 3236
0.8604, 3235
0.8608, 3234
0.8610, 3233
0.8613, 3232
0.8617, 3231
0.8620, 3230
0.8623, 3229
0.8626, 3228
0.8629, 3227
0.8632, 3226
0.8635, 3225
0.8639, 3224
0.8642, 3223
0.8645, 3222
0.8648, 3221
0.8651, 3220
0.8653, 3219
0.8657, 3218
0.8660, 3217
0.8663, 3216
0.8665, 3215
0.8668, 3214
0.8671, 3213
0.8674, 3212
0.8677, 3211
0.8680, 3210
0.8683, 3209
0.8686, 3208
0.8690, 3207
0.8693, 3206
0.8697, 3205
0.8700, 3204
0.8703, 3203
0.8706, 3202
0.8709, 3201
0.8712, 3200
0.8715, 3199
0.8718, 3198
0.8722, 3197
0.8725, 3196
0.8728, 3195
0.8731, 3194
0.8734, 3193
0.8737, 3192
0.8740, 3191
0.8743, 3190
0.8746, 3189
0.8749, 3188
0.8752, 3187
0.8755, 3186
0.8758, 3185
0.8762, 3184
0.8765, 3183
0.8768, 3182
0.8771, 3181
0.8774, 3180
0.8777, 3179
0.8779, 3178
0.8783, 3177
0.8785, 3176
0.8788, 3175
0.8791, 3174
0.8795, 3173
0.8798, 3172
0.8801, 3171
0.8804, 3170
0.8807, 3169
0.8810, 3168
0.8813, 3167
0.8816, 3166
0.8819, 3165
0.8822, 3164
0.8825, 3163
0.8828, 3162
0.8831, 3161
0.8834, 3160
0.8837, 3159
0.8840, 3158
0.8843, 3157
0.8846, 3156
0.8849, 3155
0.8852, 3154
0.8855, 3153
0.8858, 3152
0.8861, 3151
0.8864, 3150
0.8867, 3149
0.8869, 3148
0.8872, 3147
0.8875, 3146
0.8878, 3145
0.8882, 3144
0.8885, 3143
0.8888, 3142
0.8891, 3141
0.8894, 3140
0.8897, 3139
0.8901, 3138
0.8904, 3137
0.8907, 3136
0.8910, 3135
0.8913, 3134
0.8916, 3133
0.8919, 3132
0.8922, 3131
0.8925, 3130
0.8928, 3129
0.8931, 3128
0.8934, 3127
0.8937, 3126
0.8940, 3125
0.8943, 3124
0.8946, 3123
0.8949, 3122
0.8952, 3121
0.8955, 3120
0.8957, 3119
0.8960, 3118
0.8963, 3117
0.8966, 3116
0.8969, 3115
0.8972, 3114
0.8975, 3113
0.8977, 3112
0.8980, 3111
0.8983, 3110
0.8986, 3109
0.8988, 3108
0.8991, 3107
0.8994, 3106
0.8997, 3105
0.9000, 3104
0.9003, 3103
0.9006, 3102
0.9008, 3101
0.9011, 3100
0.9014, 3099
0.9017, 3098
0.9020, 3097
0.9023, 3096
0.9026, 3095
0.9028, 3094
0.9031, 3093
0.9034, 3092
0.9037, 3091
0.9040, 3090
0.9043, 3089
0.9046, 3088
0.9048, 3087
0.9051, 3086
0.9054, 3085
0.9057, 3084
0.9060, 3083
0.9063, 3082
0.9066, 3081
0.9069, 3080
0.9072, 3079
0.9075, 3078
0.9078, 3077
0.9081, 3076
0.9084, 3075
0.9087, 3074
0.9090, 3073
0.9093, 3072
0.9096, 3071
0.9098, 3070
0.9101, 3069
0.9104, 3068
0.9107, 3067
0.9110, 3066
0.9113, 3065
0.9116, 3064
0.9118, 3063
0.9121, 3062
0.9124, 3061
0.9127, 3060
0.9129, 3059
0.9132, 3058
0.9135, 3057
0.9138, 3056
0.9141, 3055
0.9143, 3054
0.9146, 3053
0.9149, 3052
0.9152, 3051
0.9155, 3050
0.9158, 3049
0.9161, 3048
0.9164, 3047
0.9168, 3046
0.9171, 3045
0.9174, 3044
0.9176, 3043
0.9179, 3042
0.9182, 3041
0.9185, 3040
0.9187, 3039
0.9190, 3038
0.9193, 3037
0.9196, 3036
0.9198, 3035
0.9201, 3034
0.9204, 3033
0.9207, 3032
0.9209, 3031
0.9212, 3030
0.9215, 3029
0.9218, 3028
0.9220, 3027
0.9223, 3026
0.9226, 3025
0.9229, 3024
0.9232, 3023
0.9235, 3022
0.9238, 3021
0.9240, 3020
0.9243, 3019
0.9246, 3018
0.9249, 3017
0.9251, 3016
0.9254, 3015
0.9257, 3014
0.9260, 3013
0.9262, 3012
0.9265, 3011
0.9268, 3010
0.9271, 3009
0.9274, 3008
0.9277, 3007
0.9279, 3006
0.9282, 3005
0.9285, 3004
0.9288, 3003
0.9290, 3002
0.9293, 3001
0.9296, 3000
0.9299, 2999
0.9301, 2998
0.9304, 2997
0.9307, 2996
0.9310, 2995
0.9312, 2994
0.9315, 2993
0.9318, 2992
0.9320, 2991
0.9323, 2990
0.9326, 2989
0.9329, 2988
0.9331, 2987
0.9334, 2986
0.9337, 2985
0.9340, 2984
0.9342, 2983
0.9345, 2982
0.9348, 2981
0.9351, 2980
0.9354, 2979
0.9357, 2978
0.9360, 2977
0.9363, 2976
0.9365, 2975
0.9368, 2974
0.9371, 2973
0.9374, 2972
0.9376, 2971
0.9379, 2970
0.9382, 2969
0.9385, 2968
0.9388, 2967
0.9391, 2966
0.9394, 2965
0.9397, 2964
0.9400, 2963
0.9402, 2962
0.9405, 2961
0.9408, 2960
0.9410, 2959
0.9413, 2958
0.9416, 2957
0.9419, 2956
0.9422, 2955
0.9425, 2954
0.9428, 2953
0.9431, 2952
0.9433, 2951
0.9437, 2950
0.9440, 2949
0.9442, 2948
0.9445, 2947
0.9448, 2946
0.9451, 2945
0.9454, 2944
0.9456, 2943
0.9459, 2942
0.9462, 2941
0.9465, 2940
0.9468, 2939
0.9470, 2938
0.9473, 2937
0.9476, 2936
0.9479, 2935
0.9482, 2934
0.9485, 2933
0.9488, 2932
0.9490, 2931
0.9493, 2930
0.9496, 2929
0.9499, 2928
0.9503, 2927
0.9506, 2926
0.9509, 2925
0.9511, 2924
0.9515, 2923
0.9518, 2922
0.9521, 2921
0.9523, 2920
0.9526, 2919
0.9529, 2918
0.9532, 2917
0.9535, 2916
0.9539, 2915
0.9542, 2914
0.9544, 2913
0.9548, 2912
0.9551, 2911
0.9553, 2910
0.9556, 2909
0.9559, 2908
0.9562, 2907
0.9565, 2906
0.9568, 2905
0.9571, 2904
0.9574, 2903
0.9577, 2902
0.9579, 2901
0.9582, 2900
0.9585, 2899
0.9588, 2898
0.9591, 2897
0.9593, 2896
0.9596, 2895
0.9599, 2894
0.9602, 2893
0.9605, 2892
0.9608, 2891
0.9611, 2890
0.9614, 2889
0.9617, 2888
0.9620, 2887
0.9623, 2886
0.9626, 2885
0.9629, 2884
0.9632, 2883
0.9635, 2882
0.9638, 2881
0.9641, 2880
0.9644, 2879
0.9647, 2878
0.9650, 2877
0.9653, 2876
0.9656, 2875
0.9658, 2874
0.9661, 2873
0.9664, 2872
0.9667, 2871
0.9670, 2870
0.9673, 2869
0.9676, 2868
0.9679, 2867
0.9681, 2866
0.9684, 2865
0.9688, 2864
0.9691, 2863
0.9694, 2862
0.9696, 2861
0.9699, 2860
0.9701, 2859
0.9704, 2858
0.9707, 2857
0.9710, 2856
0.9713, 2855
0.9715, 2854
0.9718, 2853
0.9721, 2852
0.9723, 2851
0.9726, 2850
0.9729, 2849
0.9732, 2848
0.9734, 2847
0.9737, 2846
0.9740, 2845
0.9742, 2844
0.9745, 2843
0.9748, 2842
0.9751, 2841
0.9754, 2840
0.9756, 2839
0.9759, 2838
0.9762, 2837
0.9764, 2836
0.9767, 2835
0.9770, 2834
0.9773, 2833
0.9776, 2832
0.9778, 2831
0.9781, 2830
0.9784, 2829
0.9787, 2828
0.9789, 2827
0.9792, 2826
0.9795, 2825
0.9797, 2824
0.9800, 2823
0.9803, 2822
0.9805, 2821
0.9808, 2820
0.9811, 2819
0.9814, 2818
0.9817, 2817
0.9819, 2816
0.9822, 2815
0.9824, 2814
0.9827, 2813
0.9830, 2812
0.9832, 2811
0.9835, 2810
0.9838, 2809
0.9840, 2808
0.9843, 2807
0.9846, 2806
0.9849, 2805
0.9851, 2804
0.9854, 2803
0.9857, 2802
0.9860, 2801
0.9862, 2800
0.9865, 2799
0.9868, 2798
0.9871, 2797
0.9873, 2796
0.9876, 2795
0.9879, 2794
0.9883, 2793
0.9885, 2792
0.9889, 2791
0.9892, 2790
0.9894, 2789
0.9897, 2788
0.9900, 2787
0.9903, 2786
0.9906, 2785
0.9909, 2784
0.9911, 2783
0.9914, 2782
0.9917, 2781
0.9920, 2780
0.9922, 2779
0.9925, 2778
0.9928, 2777
0.9931, 2776
0.9933, 2775
0.9936, 2774
0.9939, 2773
0.9941, 2772
0.9944, 2771
0.9947, 2770
0.9950, 2769
0.9953, 2768
0.9955, 2767
0.9958, 2766
0.9961, 2765
0.9964, 2764
0.9966, 2763
0.9969, 2762
0.9972, 2761
0.9974, 2760
0.9977, 2759
0.9980, 2758
0.9982, 2757
0.9985, 2756
0.9988, 2755
0.9991, 2754
0.9994, 2753
0.9996, 2752
0.9999, 2751
1.0002, 2750
1.0005, 2749
1.0008, 2748
1.0011, 2747
1.0013, 2746
1.0016, 2745
1.0019, 2744
1.0022, 2743
1.0024, 2742
1.0027, 2741
1.0029, 2740
1.0032, 2739
1.0035, 2738
1.0039, 2737
1.0041, 2736
1.0044, 2735
1.0047, 2734
1.0050, 2733
1.0052, 2732
1.0055, 2731
1.0058, 2730
1.0061, 2729
1.0064, 2728
1.0067, 2727
1.0070, 2726
1.0073, 2725
1.0076, 2724
1.0079, 2723
1.0082, 2722
1.0084, 2721
1.0087, 2720
1.0090, 2719
1.0093, 2718
1.0096, 2717
1.0098, 2716
1.0101, 2715
1.0104, 2714
1.0107, 2713
1.0110, 2712
1.0113, 2711
1.0116, 2710
1.0119, 2709
1.0122, 2708
1.0124, 2707
1.0127, 2706
1.0129, 2705
1.0132, 2704
1.0135, 2703
1.0138, 2702
1.0141, 2701
1.0144, 2700
1.0146, 2699
1.0149, 2698
1.0152, 2697
1.0155, 2696
1.0158, 2695
1.0160, 2694
1.0163, 2693
1.0166, 2692
1.0169, 2691
1.0171, 2690
1.0174, 2689
1.0177, 2688
1.0180, 2687
1.0183, 2686
1.0186, 2685
1.0188, 2684
1.0191, 2683
1.0194, 2682
1.0196, 2681
1.0199, 2680
1.0202, 2679
1.0204, 2678
1.0207, 2677
1.0209, 2676
1.0212, 2675
1.0215, 2674
1.0217, 2673
1.0220, 2672
1.0223, 2671
1.0226, 2670
1.0229, 2669
1.0231, 2668
1.0234, 2667
1.0236, 2666
1.0239, 2665
1.0241, 2664
1.0244, 2663
1.0246, 2662
1.0249, 2661
1.0252, 2660
1.0254, 2659
1.0257, 2658
1.0260, 2657
1.0262, 2656
1.0265, 2655
1.0267, 2654
1.0270, 2653
1.0272, 2652
1.0275, 2651
1.0277, 2650
1.0280, 2649
1.0282, 2648
1.0285, 2647
1.0288, 2646
1.0290, 2645
1.0293, 2644
1.0295, 2643
1.0298, 2642
1.0300, 2641
1.0303, 2640
1.0305, 2639
1.0308, 2638
1.0310, 2637
1.0313, 2636
1.0315, 2635
1.0318, 2634
1.0320, 2633
1.0323, 2632
1.0325, 2631
1.0328, 2630
1.0330, 2629
1.0333, 2628
1.0335, 2627
1.0338, 2626
1.0340, 2625
1.0343, 2624
1.0346, 2623
1.0348, 2622
1.0351, 2621
1.0353, 2620
1.0356, 2619
1.0358, 2618
1.0360, 2617
1.0363, 2616
1.0366, 2615
1.0368, 2614
1.0371, 2613
1.0374, 2612
1.0376, 2611
1.0379, 2610
1.0382, 2609
1.0385, 2608
1.0387, 2607
1.0390, 2606
1.0393, 2605
1.0395, 2604
1.0398, 2603
1.0401, 2602
1.0403, 2601
1.0406, 2600
1.0409, 2599
1.0412, 2598
1.0414, 2597
1.0417, 2596
1.0420, 2595
1.0422, 2594
1.0425, 2593
1.0427, 2592
1.0430, 2591
1.0433, 2590
1.0435, 2589
1.0438, 2588
1.0441, 2587
1.0444, 2586
1.0447, 2585
1.0449, 2584
1.0452, 2583
1.0454, 2582
1.0457, 2581
1.0460, 2580
1.0463, 2579
1.0465, 2578
1.0468, 2577
1.0471, 2576
1.0474, 2575
1.0476, 2574
1.0479, 2573
1.0482, 2572
1.0484, 2571
1.0487, 2570
1.0490, 2569
1.0493, 2568
1.0495, 2567
1.0498, 2566
1.0501, 2565
1.0504, 2564
1.0506, 2563
1.0509, 2562
1.0553, 2561
1.0596, 2560
1.0659, 2559
1.0783, 2558
1.0785, 2557
1.0870, 2556
1.0872, 2555
1.1060, 2554
1.1164, 2553
1.1350, 2552
1.1516, 2551
1.1519, 2550
1.1583, 2549
1.1729, 2548
1.1752, 2547
1.1754, 2546
1.1797, 2545
1.1982, 2544
1.1984, 2543
1.2108, 2542
1.2151, 2541
1.2174, 2540
1.2196, 2539
1.2198, 2538
1.2201, 2537
1.2264, 2536
1.2349, 2535
1.2351, 2534
1.2475, 2533
1.2559, 2532
1.2643, 2531
1.2645, 2530
1.2728, 2529
1.2792, 2528
1.2875, 2527
1.2998, 2526
1.3101, 2525
1.3104, 2524
1.3126, 2523
1.3129, 2522
1.3213, 2521
1.3255, 2520
1.3298, 2519
1.3342, 2518
1.3426, 2517
1.3429, 2516
1.3452, 2515
1.3475, 2514
1.3497, 2513
1.3561, 2512
1.3563, 2511
1.3606, 2510
1.3669, 2509
1.3672, 2508
1.3674, 2507
1.3676, 2506
1.3760, 2505
1.4434, 2504
1.4579, 2503
1.4581, 2502
1.4807, 2501
1.4972, 2500
1.5037, 2499
1.5161, 2498
1.5164, 2497
1.5227, 2496
1.5291, 2495
1.5374, 2494
1.5601, 2493
1.5829, 2492
1.5831, 2491
1.5896, 2490
1.5898, 2489
1.5942, 2488
1.6006, 2487
1.6069, 2486
1.6133, 2485
1.6177, 2484
1.6219, 2483
1.6303, 2482
1.6305, 2481
1.6308, 2480
1.6310, 2479
1.6312, 2478
1.6396, 2477
1.6399, 2476
1.6401, 2475
1.6527, 2474
1.6529, 2473
1.6531, 2472
1.6759, 2471
1.6762, 2470
1.6887, 2469
1.6931, 2468
1.6974, 2467
1.7039, 2466
1.7083, 2465
1.7085, 2464
1.7087, 2463
1.7089, 2462
1.7256, 2461
1.7421, 2460
1.7424, 2459
1.7426, 2458
1.7449, 2457
1.7451, 2456
1.7658, 2455
1.7745, 2454
1.7856, 2453
1.8012, 2452
1.8014, 2451
1.8126, 2450
1.8128, 2449
1.8151, 2448
1.8374, 2447
1.8377, 2446
1.8379, 2445
1.8624, 2444
1.8688, 2443
1.8799, 2442
1.8801, 2441
1.8977, 2440
1.9042, 2439
1.9233, 2438
1.9278, 2437
1.9408, 2436
1.9452, 2435
1.9685, 2434
1.9879, 2433
1.9964, 2432
1.9988, 2431
2.0240, 2430
2.0284, 2429
2.0329, 2428
2.0480, 2427
2.0736, 2426
2.0842, 2425
2.0991, 2424
2.1079, 2423
2.1081, 2422
2.1466, 2421
2.1511, 2420
2.1925, 2419
2.1991, 2418
2.2076, 2417
2.2079, 2416
2.2143, 2415
2.2486, 2414
2.2573, 2413
2.2618, 2412
2.2787, 2411
2.2893, 2410
2.3023, 2409
2.3114, 2408
2.3200, 2407
2.3286, 2406
2.3288, 2405
2.3311, 2404
2.3314, 2403
2.3421, 2402
2.3423, 2401
2.3466, 2400
2.3468, 2399
2.3471, 2398
2.3537, 2397
2.3769, 2396
2.3771, 2395
2.3835, 2394
2.3899, 2393
2.3943, 2392
2.3988, 2391
2.3990, 2390
2.3992, 2389
2.4057, 2388
2.4185, 2387
2.4188, 2386
2.4190, 2385
2.4192, 2384
2.4319, 2383
2.4486, 2382
2.4509, 2381
2.4552, 2380
2.4555, 2379
2.4619, 2378
2.4622, 2377
2.4708, 2376
2.4710, 2375
2.4712, 2374
2.4756, 2373
2.4759, 2372
2.4845, 2371
2.4847, 2370
2.4870, 2369
2.4916, 2368
2.4918, 2367
2.4920, 2366
2.5130, 2365
2.5133, 2364
2.5156, 2363
2.5200, 2362
2.5202, 2361
2.5204, 2360
2.5290, 2359
2.5293, 2358
2.5296, 2357
2.5298, 2356
2.5300, 2355
2.5303, 2354
2.5555, 2353
2.5557, 2352
2.5559, 2351
2.5562, 2350
2.5669, 2349
2.5692, 2348
2.5695, 2347
2.5697, 2346
2.5699, 2345
2.5743, 2344
2.5932, 2343
2.5955, 2342
2.6064, 2341
2.6087, 2340
2.6110, 2339
2.6283, 2338
2.6348, 2337
2.6515, 2336
2.6702, 2335
2.6704, 2334
2.6706, 2333
2.6894, 2332
2.6917, 2331
2.6919, 2330
2.6962, 2329
2.7194, 2328
2.7341, 2327
2.7343, 2326
2.7345, 2325
2.7430, 2324
2.7493, 2323
2.7496, 2322
2.7559, 2321
2.7562, 2320
2.7936, 2319
2.7939, 2318
2.8868, 2317
2.8931, 2316
2.8974, 2315
2.9020, 2314
2.9022, 2313
2.9047, 2312
2.9090, 2311
2.9092, 2310
2.9136, 2309
2.9284, 2308
2.9327, 2307
2.9372, 2306
2.9436, 2305
2.9438, 2304
2.9482, 2303
2.9484, 2302
2.9609, 2301
2.9652, 2300
2.9737, 2299
2.9739, 2298
2.9762, 2297
2.9868, 2296
2.9911, 2295
2.9913, 2294
2.9956, 2293
3.0000, 2292
3.0002, 2291
3.0026, 2290
3.0118, 2289
3.0162, 2288
3.0289, 2287
3.0352, 2286
3.0479, 2285
3.0482, 2284
3.0524, 2283
3.0567, 2282
3.0590, 2281
3.0592, 2280
3.0737, 2279
3.0881, 2278
3.0924, 2277
3.1194, 2276
3.1237, 2275
3.1383, 2274
3.1595, 2273
3.1679, 2272
3.1682, 2271
3.1684, 2270
3.1686, 2269
3.1791, 2268
3.1793, 2267
3.1795, 2266
3.1879, 2265
3.1901, 2264
3.1903, 2263
3.2006, 2262
3.2069, 2261
3.2174, 2260
3.2176, 2259
3.2321, 2258
3.2366, 2257
3.2368, 2256
3.2554, 2255
3.2617, 2254
3.2619, 2253
3.2662, 2252
3.2664, 2251
3.2789, 2250
3.2791, 2249
3.2878, 2248
3.2921, 2247
3.2923, 2246
3.2925, 2245
3.3070, 2244
3.3134, 2243
3.3238, 2242
3.3301, 2241
3.3465, 2240
3.3590, 2239
3.3632, 2238
3.3675, 2237
3.3677, 2236
3.3884, 2235
3.4049, 2234
3.4072, 2233
3.4154, 2232
3.4156, 2231
3.4284, 2230
3.4388, 2229
3.4546, 2228
3.4623, 2227
3.5122, 2226
3.5202, 2225
3.5341, 2224
3.6676, 2223
3.7312, 2222
3.7366, 2221
3.7495, 2220
3.7498, 2219
3.8213, 2218
3.9643, 2217
4.0679, 2216
4.4261, 2215
