0.7667, 3931
0.7670, 3930
0.7674, 3929
0.7677, 3928
0.7680, 3927
0.7684, 3926
0.7687, 3925
0.7691, 3924
0.7694, 3923
0.7697, 3922
0.7701, 3921
0.7704, 3920
0.7707, 3919
0.7710, 3918
0.7714, 3917
0.7717, 3916
0.7720, 3915
0.7723, 3914
0.7727, 3913
0.7730, 3912
0.7733, 3911
0.7737, 3910
0.7740, 3909
0.7743, 3908
0.7747, 3907
0.7750, 3906
0.7753, 3905
0.7756, 3904
0.7760, 3903
0.7763, 3902
0.7766, 3901
0.7770, 3900
0.7773, 3899
0.7776, 3898
0.7780, 3897
0.7783, 3896
0.7786, 3895
0.7790, 3894
0.7793, 3893
0.7796, 3892
0.7800, 3891
0.7803, 3890
0.7806, 3889
0.7809, 3888
0.7813, 3887
0.7816, 3886
0.7819, 3885
0.7823, 3884
0.7826, 3883
0.7829, 3882
0.7833, 3881
0.7836, 3880
0.7839, 3879
0.7842, 3878
0.7846, 3877
0.7849, 3876
0.7852, 3875
0.7856, 3874
0.7859, 3873
0.7862, 3872
0.7865, 3871
0.7869, 3870
0.7872, 3869
0.7875, 3868
0.7879, 3867
0.7882, 3866
0.7885, 3865
0.7889, 3864
0.7892, 3863
0.7895, 3862
0.7898, 3861
0.7902, 3860
0.7905, 3859
0.7908, 3858
0.7911, 3857
0.7915, 3856
0.7918, 3855
0.7921, 3854
0.7924, 3853
0.7927, 3852
0.7931, 3851
0.7934, 3850
0.7937, 3849
0.7941, 3848
0.7944, 3847
0.7948, 3846
0.7951, 3845
0.7954, 3844
0.7958, 3843
0.7961, 3842
0.7964, 3841
0.7968, 3840
0.7971, 3839
0.7974, 3838
0.7978, 3837
0.7981, 3836
0.7985, 3835
0.7988, 3834
0.7991, 3833
0.7995, 3832
0.7998, 3831
0.8002, 3830
0.8005, 3829
0.8008, 3828
0.8012, 3827
0.8015, 3826
0.8018, 3825
0.8022, 3824
0.8025, 3823
0.8028, 3822
0.8031, 3821
0.8035, 3820
0.8038, 3819
0.8041, 3818
0.8045, 3817
0.8048, 3816
0.8051, 3815
0.8055, 3814
0.8058, 3813
0.8061, 3812
0.8064, 3811
0.8068, 3810
0.8071, 3809
0.8074, 3808
0.8078, 3807
0.8081, 3806
0.8084, 3805
0.8088, 3804
0.8091, 3803
0.8094, 3802
0.8098, 3801
0.8101, 3800
0.8105, 3799
0.8108, 3798
0.8111, 3797
0.8114, 3796
0.8118, 3795
0.8121, 3794
0.8124, 3793
0.8128, 3792
0.8131, 3791
0.8134, 3790
0.8137, 3789
0.8140, 3788
0.8144, 3787
0.8147, 3786
0.8150, 3785
0.8154, 3784
0.8157, 3783
0.8161, 3782
0.8164, 3781
0.8167, 3780
0.8171, 3779
0.8174, 3778
0.8177, 3777
0.8180, 3776
0.8184, 3775
0.8187, 3774
0.8190, 3773
0.8193, 3772
0.8197, 3771
0.8200, 3770
0.8203, 3769
0.8206, 3768
0.8210, 3767
0.8213, 3766
0.8217, 3765
0.8220, 3764
0.8223, 3763
0.8226, 3762
0.8230, 3761
0.8233, 3760
0.8237, 3759
0.8240, 3758
0.8243, 3757
0.8247, 3756
0.8250, 3755
0.8254, 3754
0.8257, 3753
0.8260, 3752
0.8263, 3751
0.8267, 3750
0.8270, 3749
0.8274, 3748
0.8277, 3747
0.8280, 3746
0.8283, 3745
0.8287, 3744
0.8290, 3743
0.8293, 3742
0.8296, 3741
0.8300, 3740
0.8303, 3739
0.8306, 3738
0.8310, 3737
0.8313, 3736
0.8316, 3735
0.8319, 3734
0.8323, 3733
0.8326, 3732
0.8329, 3731
0.8332, 3730
0.8335, 3729
0.8339, 3728
0.8342, 3727
0.8345, 3726
0.8349, 3725
0.8352, 3724
0.8355, 3723
0.8358, 3722
0.8362, 3721
0.8365, 3720
0.8368, 3719
0.8372, 3718
0.8375, 3717
0.8378, 3716
0.8381, 3715
0.8385, 3714
0.8388, 3713
0.8391, 3712
0.8394, 3711
0.8398, 3710
0.8401, 3709
0.8404, 3708
0.8407, 3707
0.8411, 3706
0.8414, 3705
0.8417, 3704
0.8420, 3703
0.8424, 3702
0.8427, 3701
0.8430, 3700
0.8433, 3699
0.8436, 3698
0.8440, 3697
0.8443, 3696
0.8446, 3695
0.8449, 3694
0.8452, 3693
0.8456, 3692
0.8459, 3691
0.8462, 3690
0.8465, 3689
0.8469, 3688
0.8472, 3687
0.8475, 3686
0.8478, 3685
0.8482, 3684
0.8485, 3683
0.8488, 3682
0.8491, 3681
0.8495, 3680
0.8498, 3679
0.8501, 3678
0.8504, 3677
0.8508, 3676
0.8511, 3675
0.8514, 3674
0.8517, 3673
0.8520, 3672
0.8524, 3671
0.8527, 3670
0.8530, 3669
0.8533, 3668
0.8536, 3667
0.8540, 3666
0.8543, 3665
0.8547, 3664
0.8550, 3663
0.8553, 3662
0.8556, 3661
0.8559, 3660
0.8563, 3659
0.8566, 3658
0.8569, 3657
0.8572, 3656
0.8575, 3655
0.8579, 3654
0.8582, 3653
0.8585, 3652
0.8588, 3651
0.8592, 3650
0.8595, 3649
0.8598, 3648
0.8601, 3647
0.8605, 3646
0.8608, 3645
0.8611, 3644
0.8614, 3643
0.8618, 3642
0.8621, 3641
0.8624, 3640
0.8627, 3639
0.8630, 3638
0.8634, 3637
0.8637, 3636
0.8640, 3635
0.8643, 3634
0.8646, 3633
0.8650, 3632
0.8653, 3631
0.8656, 3630
0.8659, 3629
0.8662, 3628
0.8666, 3627
0.8669, 3626
0.8672, 3625
0.8675, 3624
0.8678, 3623
0.8682, 3622
0.8685, 3621
0.8688, 3620
0.8691, 3619
0.8694, 3618
0.8697, 3617
0.8700, 3616
0.8704, 3615
0.8707, 3614
0.8710, 3613
0.8713, 3612
0.8717, 3611
0.8720, 3610
0.8723, 3609
0.8726, 3608
0.8729, 3607
0.8732, 3606
0.8736, 3605
0.8739, 3604
0.8742, 3603
0.8745, 3602
0.8748, 3601
0.8751, 3600
0.8754, 3599
0.8758, 3598
0.8761, 3597
0.8764, 3596
0.8768, 3595
0.8771, 3594
0.8774, 3593
0.8777, 3592
0.8780, 3591
0.8783, 3590
0.8786, 3589
0.8790, 3588
0.8793, 3587
0.8796, 3586
0.8799, 3585
0.8802, 3584
0.8806, 3583
0.8809, 3582
0.8812, 3581
0.8815, 3580
0.8818, 3579
0.8822, 3578
0.8825, 3577
0.8828, 3576
0.8831, 3575
0.8835, 3574
0.8838, 3573
0.8842, 3572
0.8845, 3571
0.8848, 3570
0.8852, 3569
0.8855, 3568
0.8858, 3567
0.8861, 3566
0.8865, 3565
0.8868, 3564
0.8871, 3563
0.8874, 3562
0.8877, 3561
0.8881, 3560
0.8884, 3559
0.8887, 3558
0.8890, 3557
0.8893, 3556
0.8897, 3555
0.8900, 3554
0.8903, 3553
0.8907, 3552
0.8910, 3551
0.8913, 3550
0.8917, 3549
0.8920, 3548
0.8923, 3547
0.8926, 3546
0.8929, 3545
0.8932, 3544
0.8935, 3543
0.8939, 3542
0.8942, 3541
0.8945, 3540
0.8948, 3539
0.8951, 3538
0.8954, 3537
0.8958, 3536
0.8961, 3535
0.8964, 3534
0.8968, 3533
0.8971, 3532
0.8974, 3531
0.8977, 3530
0.8980, 3529
0.8983, 3528
0.8986, 3527
0.8990, 3526
0.8993, 3525
0.8996, 3524
0.8999, 3523
0.9002, 3522
0.9005, 3521
0.9008, 3520
0.9011, 3519
0.9015, 3518
0.9018, 3517
0.9021, 3516
0.9024, 3515
0.9027, 3514
0.9030, 3513
0.9033, 3512
0.9037, 3511
0.9040, 3510
0.9043, 3509
0.9046, 3508
0.9049, 3507
0.9052, 3506
0.9055, 3505
0.9058, 3504
0.9061, 3503
0.9064, 3502
0.9068, 3501
0.9071, 3500
0.9074, 3499
0.9077, 3498
0.9080, 3497
0.9083, 3496
0.9086, 3495
0.9089, 3494
0.9093, 3493
0.9096, 3492
0.9099, 3491
0.9102, 3490
0.9105, 3489
0.9108, 3488
0.9111, 3487
0.9114, 3486
0.9117, 3485
0.9120, 3484
0.9123, 3483
0.9126, 3482
0.9129, 3481
0.9133, 3480
0.9136, 3479
0.9139, 3478
0.9142, 3477
0.9145, 3476
0.9148, 3475
0.9151, 3474
0.9154, 3473
0.9157, 3472
0.9161, 3471
0.9164, 3470
0.9168, 3469
0.9171, 3468
0.9174, 3467
0.9177, 3466
0.9180, 3465
0.9183, 3464
0.9186, 3463
0.9189, 3462
0.9193, 3461
0.9196, 3460
0.9199, 3459
0.9202, 3458
0.9205, 3457
0.9208, 3456
0.9212, 3455
0.9215, 3454
0.9218, 3453
0.9221, 3452
0.9224, 3451
0.9227, 3450
0.9230, 3449
0.9233, 3448
0.9236, 3447
0.9239, 3446
0.9242, 3445
0.9245, 3444
0.9248, 3443
0.9251, 3442
0.9254, 3441
0.9257, 3440
0.9261, 3439
0.9264, 3438
0.9267, 3437
0.9270, 3436
0.9273, 3435
0.9276, 3434
0.9279, 3433
0.9282, 3432
0.9285, 3431
0.9288, 3430
0.9291, 3429
0.9294, 3428
0.9297, 3427
0.9300, 3426
0.9304, 3425
0.9307, 3424
0.9310, 3423
0.9313, 3422
0.9316, 3421
0.9319, 3420
0.9322, 3419
0.9325, 3418
0.9328, 3417
0.9331, 3416
0.9334, 3415
0.9337, 3414
0.9340, 3413
0.9343, 3412
0.9346, 3411
0.9349, 3410
0.9352, 3409
0.9355, 3408
0.9358, 3407
0.9361, 3406
0.9364, 3405
0.9367, 3404
0.9370, 3403
0.9373, 3402
0.9376, 3401
0.9379, 3400
0.9382, 3399
0.9385, 3398
0.9388, 3397
0.9392, 3396
0.9395, 3395
0.9398, 3394
0.9401, 3393
0.9404, 3392
0.9407, 3391
0.9410, 3390
0.9413, 3389
0.9416, 3388
0.9419, 3387
0.9422, 3386
0.9425, 3385
0.9428, 3384
0.9432, 3383
0.9435, 3382
0.9438, 3381
0.9441, 3380
0.9445, 3379
0.9447, 3378
0.9450, 3377
0.9454, 3376
0.9457, 3375
0.9460, 3374
0.9463, 3373
0.9466, 3372
0.9469, 3371
0.9472, 3370
0.9475, 3369
0.9478, 3368
0.9481, 3367
0.9484, 3366
0.9488, 3365
0.9491, 3364
0.9494, 3363
0.9497, 3362
0.9500, 3361
0.9503, 3360
0.9506, 3359
0.9510, 3358
0.9513, 3357
0.9516, 3356
0.9519, 3355
0.9522, 3354
0.9525, 3353
0.9528, 3352
0.9531, 3351
0.9534, 3350
0.9537, 3349
0.9540, 3348
0.9543, 3347
0.9546, 3346
0.9549, 3345
0.9552, 3344
0.9555, 3343
0.9558, 3342
0.9561, 3341
0.9564, 3340
0.9567, 3339
0.9570, 3338
0.9573, 3337
0.9576, 3336
0.9579, 3335
0.9582, 3334
0.9585, 3333
0.9588, 3332
0.9591, 3331
0.9594, 3330
0.9597, 3329
0.9600, 3328
0.9603, 3327
0.9606, 3326
0.9609, 3325
0.9612, 3324
0.9615, 3323
0.9619, 3322
0.9621, 3321
0.9625, 3320
0.9628, 3319
0.9632, 3318
0.9635, 3317
0.9638, 3316
0.9641, 3315
0.9645, 3314
0.9648, 3313
0.9651, 3312
0.9654, 3311
0.9657, 3310
0.9660, 3309
0.9663, 3308
0.9667, 3307
0.9670, 3306
0.9673, 3305
0.9676, 3304
0.9679, 3303
0.9682, 3302
0.9685, 3301
0.9689, 3300
0.9692, 3299
0.9695, 3298
0.9698, 3297
0.9702, 3296
0.9705, 3295
0.9708, 3294
0.9711, 3293
0.9714, 3292
0.9717, 3291
0.9720, 3290
0.9723, 3289
0.9726, 3288
0.9729, 3287
0.9732, 3286
0.9736, 3285
0.9739, 3284
0.9742, 3283
0.9745, 3282
0.9748, 3281
0.9752, 3280
0.9755, 3279
0.9758, 3278
0.9761, 3277
0.9764, 3276
0.9768, 3275
0.9771, 3274
0.9774, 3273
0.9777, 3272
0.9780, 3271
0.9783, 3270
0.9787, 3269
0.9790, 3268
0.9793, 3267
0.9796, 3266
0.9799, 3265
0.9802, 3264
0.9805, 3263
0.9808, 3262
0.9811, 3261
0.9814, 3260
0.9817, 3259
0.9820, 3258
0.9823, 3257
0.9826, 3256
0.9829, 3255
0.9832, 3254
0.9836, 3253
0.9838, 3252
0.9842, 3251
0.9845, 3250
0.9848, 3249
0.9851, 3248
0.9854, 3247
0.9857, 3246
0.9860, 3245
0.9863, 3244
0.9866, 3243
0.9869, 3242
0.9873, 3241
0.9876, 3240
0.9879, 3239
0.9882, 3238
0.9885, 3237
0.9888, 3236
0.9891, 3235
0.9894, 3234
0.9897, 3233
0.9900, 3232
0.9903, 3231
0.9906, 3230
0.9909, 3229
0.9913, 3228
0.9916, 3227
0.9919, 3226
0.9922, 3225
0.9925, 3224
0.9928, 3223
0.9931, 3222
0.9934, 3221
0.9937, 3220
0.9940, 3219
0.9943, 3218
0.9946, 3217
0.9949, 3216
0.9952, 3215
0.9955, 3214
0.9958, 3213
0.9961, 3212
0.9964, 3211
0.9968, 3210
0.9971, 3209
0.9974, 3208
0.9978, 3207
0.9981, 3206
0.9984, 3205
0.9987, 3204
0.9991, 3203
0.9993, 3202
0.9996, 3201
1.0000, 3200
1.0003, 3199
1.0006, 3198
1.0009, 3197
1.0012, 3196
1.0015, 3195
1.0018, 3194
1.0021, 3193
1.0024, 3192
1.0027, 3191
1.0030, 3190
1.0033, 3189
1.0036, 3188
1.0040, 3187
1.0043, 3186
1.0046, 3185
1.0049, 3184
1.0051, 3183
1.0054, 3182
1.0057, 3181
1.0060, 3180
1.0063, 3179
1.0066, 3178
1.0069, 3177
1.0073, 3176
1.0076, 3175
1.0079, 3174
1.0082, 3173
1.0085, 3172
1.0088, 3171
1.0091, 3170
1.0093, 3169
1.0096, 3168
1.0099, 3167
1.0102, 3166
1.0105, 3165
1.0108, 3164
1.0111, 3163
1.0114, 3162
1.0117, 3161
1.0120, 3160
1.0123, 3159
1.0126, 3158
1.0129, 3157
1.0132, 3156
1.0135, 3155
1.0137, 3154
1.0141, 3153
1.0143, 3152
1.0146, 3151
1.0149, 3150
1.0152, 3149
1.0155, 3148
1.0159, 3147
1.0162, 3146
1.0165, 3145
1.0168, 3144
1.0171, 3143
1.0174, 3142
1.0178, 3141
1.0181, 3140
1.0184, 3139
1.0187, 3138
1.0189, 3137
1.0193, 3136
1.0196, 3135
1.0199, 3134
1.0202, 3133
1.0205, 3132
1.0208, 3131
1.0211, 3130
1.0214, 3129
1.0217, 3128
1.0220, 3127
1.0223, 3126
1.0226, 3125
1.0229, 3124
1.0232, 3123
1.0235, 3122
1.0237, 3121
1.0241, 3120
1.0243, 3119
1.0246, 3118
1.0249, 3117
1.0252, 3116
1.0255, 3115
1.0257, 3114
1.0260, 3113
1.0263, 3112
1.0266, 3111
1.0268, 3110
1.0271, 3109
1.0274, 3108
1.0277, 3107
1.0280, 3106
1.0283, 3105
1.0286, 3104
1.0288, 3103
1.0291, 3102
1.0294, 3101
1.0297, 3100
1.0300, 3099
1.0303, 3098
1.0306, 3097
1.0309, 3096
1.0312, 3095
1.0314, 3094
1.0317, 3093
1.0320, 3092
1.0323, 3091
1.0326, 3090
1.0329, 3089
1.0332, 3088
1.0334, 3087
1.0337, 3086
1.0340, 3085
1.0343, 3084
1.0346, 3083
1.0349, 3082
1.0352, 3081
1.0355, 3080
1.0358, 3079
1.0361, 3078
1.0364, 3077
1.0367, 3076
1.0370, 3075
1.0373, 3074
1.0375, 3073
1.0378, 3072
1.0381, 3071
1.0384, 3070
1.0387, 3069
1.0390, 3068
1.0393, 3067
1.0395, 3066
1.0398, 3065
1.0401, 3064
1.0404, 3063
1.0406, 3062
1.0409, 3061
1.0412, 3060
1.0415, 3059
1.0417, 3058
1.0420, 3057
1.0423, 3056
1.0426, 3055
1.0429, 3054
1.0432, 3053
1.0434, 3052
1.0438, 3051
1.0441, 3050
1.0444, 3049
1.0447, 3048
1.0450, 3047
1.0452, 3046
1.0455, 3045
1.0458, 3044
1.0461, 3043
1.0463, 3042
1.0466, 3041
1.0469, 3040
1.0472, 3039
1.0474, 3038
1.0477, 3037
1.0480, 3036
1.0482, 3035
1.0485, 3034
1.0488, 3033
1.0491, 3032
1.0494, 3031
1.0496, 3030
1.0499, 3029
1.0502, 3028
1.0505, 3027
1.0508, 3026
1.0511, 3025
1.0514, 3024
1.0516, 3023
1.0519, 3022
1.0522, 3021
1.0525, 3020
1.0527, 3019
1.0530, 3018
1.0533, 3017
1.0536, 3016
1.0539, 3015
1.0542, 3014
1.0544, 3013
1.0547, 3012
1.0550, 3011
1.0553, 3010
1.0556, 3009
1.0558, 3008
1.0561, 3007
1.0564, 3006
1.0567, 3005
1.0569, 3004
1.0572, 3003
1.0575, 3002
1.0577, 3001
1.0580, 3000
1.0583, 2999
1.0586, 2998
1.0588, 2997
1.0591, 2996
1.0594, 2995
1.0597, 2994
1.0599, 2993
1.0602, 2992
1.0605, 2991
1.0607, 2990
1.0610, 2989
1.0613, 2988
1.0616, 2987
1.0618, 2986
1.0621, 2985
1.0624, 2984
1.0627, 2983
1.0629, 2982
1.0632, 2981
1.0635, 2980
1.0638, 2979
1.0641, 2978
1.0643, 2977
1.0646, 2976
1.0649, 2975
1.0652, 2974
1.0655, 2973
1.0657, 2972
1.0660, 2971
1.0663, 2970
1.0666, 2969
1.0669, 2968
1.0672, 2967
1.0674, 2966
1.0677, 2965
1.0680, 2964
1.0682, 2963
1.0685, 2962
1.0688, 2961
1.0691, 2960
1.0694, 2959
1.0697, 2958
1.0699, 2957
1.0702, 2956
1.0705, 2955
1.0708, 2954
1.0712, 2953
1.0714, 2952
1.0717, 2951
1.0720, 2950
1.0723, 2949
1.0726, 2948
1.0728, 2947
1.0731, 2946
1.0734, 2945
1.0736, 2944
1.0739, 2943
1.0742, 2942
1.0745, 2941
1.0748, 2940
1.0750, 2939
1.0754, 2938
1.0757, 2937
1.0759, 2936
1.0762, 2935
1.0765, 2934
1.0768, 2933
1.0771, 2932
1.0774, 2931
1.0777, 2930
1.0780, 2929
1.0783, 2928
1.0786, 2927
1.0789, 2926
1.0792, 2925
1.0795, 2924
1.0797, 2923
1.0800, 2922
1.0803, 2921
1.0806, 2920
1.0809, 2919
1.0813, 2918
1.0816, 2917
1.0818, 2916
1.0822, 2915
1.0825, 2914
1.0827, 2913
1.0830, 2912
1.0833, 2911
1.0836, 2910
1.0839, 2909
1.0842, 2908
1.0845, 2907
1.0848, 2906
1.0850, 2905
1.0853, 2904
1.0856, 2903
1.0859, 2902
1.0861, 2901
1.0864, 2900
1.0867, 2899
1.0870, 2898
1.0873, 2897
1.0875, 2896
1.0878, 2895
1.0881, 2894
1.0884, 2893
1.0887, 2892
1.0890, 2891
1.0893, 2890
1.0896, 2889
1.0899, 2888
1.0902, 2887
1.0905, 2886
1.0908, 2885
1.0911, 2884
1.0914, 2883
1.0917, 2882
1.0920, 2881
1.0923, 2880
1.0926, 2879
1.0928, 2878
1.0931, 2877
1.0934, 2876
1.0937, 2875
1.0940, 2874
1.0943, 2873
1.0946, 2872
1.0948, 2871
1.0951, 2870
1.0954, 2869
1.0957, 2868
1.0960, 2867
1.0963, 2866
1.0965, 2865
1.0968, 2864
1.0971, 2863
1.0973, 2862
1.0977, 2861
1.0979, 2860
1.0982, 2859
1.0985, 2858
1.0987, 2857
1.0990, 2856
1.0993, 2855
1.0996, 2854
1.0998, 2853
1.1001, 2852
1.1004, 2851
1.1007, 2850
1.1009, 2849
1.1012, 2848
1.1015, 2847
1.1018, 2846
1.1021, 2845
1.1023, 2844
1.1026, 2843
1.1029, 2842
1.1032, 2841
1.1034, 2840
1.1037, 2839
1.1040, 2838
1.1043, 2837
1.1045, 2836
1.1048, 2835
1.1051, 2834
1.1054, 2833
1.1057, 2832
1.1060, 2831
1.1062, 2830
1.1065, 2829
1.1068, 2828
1.1071, 2827
1.1074, 2826
1.1076, 2825
1.1079, 2824
1.1082, 2823
1.1084, 2822
1.1087, 2821
1.1090, 2820
1.1093, 2819
1.1096, 2818
1.1098, 2817
1.1101, 2816
1.1104, 2815
1.1106, 2814
1.1109, 2813
1.1112, 2812
1.1115, 2811
1.1117, 2810
1.1120, 2809
1.1123, 2808
1.1126, 2807
1.1128, 2806
1.1131, 2805
1.1134, 2804
1.1137, 2803
1.1140, 2802
1.1142, 2801
1.1145, 2800
1.1148, 2799
1.1151, 2798
1.1154, 2797
1.1157, 2796
1.1159, 2795
1.1162, 2794
1.1165, 2793
1.1167, 2792
1.1170, 2791
1.1174, 2790
1.1176, 2789
1.1179, 2788
1.1182, 2787
1.1184, 2786
1.1187, 2785
1.1190, 2784
1.1193, 2783
1.1195, 2782
1.1198, 2781
1.1201, 2780
1.1204, 2779
1.1206, 2778
1.1209, 2777
1.1212, 2776
1.1214, 2775
1.1217, 2774
1.1220, 2773
1.1222, 2772
1.1225, 2771
1.1228, 2770
1.1231, 2769
1.1233, 2768
1.1236, 2767
1.1238, 2766
1.1241, 2765
1.1244, 2764
1.1247, 2763
1.1249, 2762
1.1252, 2761
1.1254, 2760
1.1257, 2759
1.1260, 2758
1.1263, 2757
1.1265, 2756
1.1268, 2755
1.1271, 2754
1.1274, 2753
1.1277, 2752
1.1280, 2751
1.1283, 2750
1.1285, 2749
1.1288, 2748
1.1291, 2747
1.1294, 2746
1.1297, 2745
1.1299, 2744
1.1302, 2743
1.1304, 2742
1.1307, 2741
1.1311, 2740
1.1314, 2739
1.1317, 2738
1.1320, 2737
1.1323, 2736
1.1325, 2735
1.1328, 2734
1.1331, 2733
1.1334, 2732
1.1337, 2731
1.1340, 2730
1.1343, 2729
1.1346, 2728
1.1348, 2727
1.1351, 2726
1.1354, 2725
1.1357, 2724
1.1360, 2723
1.1362, 2722
1.1365, 2721
1.1368, 2720
1.1371, 2719
1.1374, 2718
1.1377, 2717
1.1379, 2716
1.1382, 2715
1.1385, 2714
1.1388, 2713
1.1391, 2712
1.1393, 2711
1.1396, 2710
1.1399, 2709
1.1401, 2708
1.1404, 2707
1.1407, 2706
1.1410, 2705
1.1412, 2704
1.1415, 2703
1.1418, 2702
1.1421, 2701
1.1423, 2700
1.1426, 2699
1.1428, 2698
1.1431, 2697
1.1434, 2696
1.1437, 2695
1.1439, 2694
1.1442, 2693
1.1445, 2692
1.1448, 2691
1.1450, 2690
1.1453, 2689
1.1456, 2688
1.1459, 2687
1.1461, 2686
1.1464, 2685
1.1467, 2684
1.1470, 2683
1.1472, 2682
1.1475, 2681
1.1478, 2680
1.1480, 2679
1.1483, 2678
1.1486, 2677
1.1488, 2676
1.1491, 2675
1.1494, 2674
1.1497, 2673
1.1500, 2672
1.1502, 2671
1.1506, 2670
1.1509, 2669
1.1511, 2668
1.1514, 2667
1.1516, 2666
1.1519, 2665
1.1522, 2664
1.1524, 2663
1.1527, 2662
1.1530, 2661
1.1533, 2660
1.1535, 2659
1.1538, 2658
1.1541, 2657
1.1543, 2656
1.1546, 2655
1.1549, 2654
1.1551, 2653
1.1554, 2652
1.1556, 2651
1.1559, 2650
1.1562, 2649
1.1564, 2648
1.1567, 2647
1.1569, 2646
1.1572, 2645
1.1574, 2644
1.1577, 2643
1.1580, 2642
1.1582, 2641
1.1585, 2640
1.1587, 2639
1.1590, 2638
1.1593, 2637
1.1595, 2636
1.1598, 2635
1.1600, 2634
1.1603, 2633
1.1606, 2632
1.1608, 2631
1.1611, 2630
1.1614, 2629
1.1616, 2628
1.1619, 2627
1.1622, 2626
1.1625, 2625
1.1628, 2624
1.1631, 2623
1.1633, 2622
1.1636, 2621
1.1638, 2620
1.1641, 2619
1.1643, 2618
1.1646, 2617
1.1649, 2616
1.1651, 2615
1.1654, 2614
1.1656, 2613
1.1659, 2612
1.1662, 2611
1.1664, 2610
1.1667, 2609
1.1669, 2608
1.1672, 2607
1.1674, 2606
1.1677, 2605
1.1680, 2604
1.1682, 2603
1.1685, 2602
1.1687, 2601
1.1690, 2600
1.1693, 2599
1.1695, 2598
1.1698, 2597
1.1700, 2596
1.1703, 2595
1.1705, 2594
1.1708, 2593
1.1711, 2592
1.1713, 2591
1.1716, 2590
1.1718, 2589
1.1721, 2588
1.1723, 2587
1.1726, 2586
1.1728, 2585
1.1731, 2584
1.1733, 2583
1.1736, 2582
1.1739, 2581
1.1741, 2580
1.1744, 2579
1.1747, 2578
1.1749, 2577
1.1752, 2576
1.1754, 2575
1.1757, 2574
1.1760, 2573
1.1762, 2572
1.1765, 2571
1.1767, 2570
1.1770, 2569
1.1773, 2568
1.1776, 2567
1.1778, 2566
1.1781, 2565
1.1827, 2564
1.1911, 2563
1.1913, 2562
1.2056, 2561
1.2058, 2560
1.2141, 2559
1.2144, 2558
1.2289, 2557
1.2415, 2556
1.2520, 2555
1.2791, 2554
1.2794, 2553
1.2838, 2552
1.2973, 2551
1.3039, 2550
1.3042, 2549
1.3088, 2548
1.3260, 2547
1.3304, 2546
1.3484, 2545
1.3487, 2544
1.3535, 2543
1.3562, 2542
1.3565, 2541
1.3568, 2540
1.3636, 2539
1.3705, 2538
1.3707, 2537
1.3857, 2536
1.3943, 2535
1.4032, 2534
1.4034, 2533
1.4121, 2532
1.4186, 2531
1.4293, 2530
1.4397, 2529
1.4504, 2528
1.4506, 2527
1.4530, 2526
1.4532, 2525
1.4641, 2524
1.4643, 2523
1.4646, 2522
1.4690, 2521
1.4736, 2520
1.4738, 2519
1.4782, 2518
1.4826, 2517
1.4850, 2516
1.4873, 2515
1.4938, 2514
1.4940, 2513
1.5005, 2512
1.5007, 2511
1.5009, 2510
1.5011, 2509
1.5096, 2508
1.5801, 2507
1.5948, 2506
1.5950, 2505
1.6161, 2504
1.6348, 2503
1.6372, 2502
1.6581, 2501
1.6583, 2500
1.6750, 2499
1.6814, 2498
1.6899, 2497
1.7108, 2496
1.7339, 2495
1.7487, 2494
1.7490, 2493
1.7513, 2492
1.7515, 2491
1.7559, 2490
1.7664, 2489
1.7708, 2488
1.7710, 2487
1.7815, 2486
1.7859, 2485
1.7861, 2484
1.7863, 2483
1.7865, 2482
1.7868, 2481
1.7953, 2480
1.7955, 2479
1.7957, 2478
1.8105, 2477
1.8107, 2476
1.8109, 2475
1.8276, 2474
1.8341, 2473
1.8467, 2472
1.8469, 2471
1.8533, 2470
1.8598, 2469
1.8642, 2468
1.8644, 2467
1.8646, 2466
1.8649, 2465
1.8836, 2464
1.8985, 2463
1.8987, 2462
1.8989, 2461
1.9012, 2460
1.9014, 2459
1.9160, 2458
1.9328, 2457
1.9412, 2456
1.9580, 2455
1.9582, 2454
1.9690, 2453
1.9692, 2452
1.9695, 2451
1.9741, 2450
1.9849, 2449
1.9851, 2448
2.0030, 2447
2.0187, 2446
2.0352, 2445
2.0354, 2444
2.0613, 2443
2.0716, 2442
2.0924, 2441
2.1002, 2440
2.1145, 2439
2.1194, 2438
2.1389, 2437
2.1683, 2436
2.1790, 2435
2.1815, 2434
2.2100, 2433
2.2123, 2432
2.2212, 2431
2.2337, 2430
2.2645, 2429
2.2723, 2428
2.2932, 2427
2.3009, 2426
2.3061, 2425
2.3431, 2424
2.3550, 2423
2.3730, 2422
2.3845, 2421
2.3978, 2420
2.3980, 2419
2.4183, 2418
2.4186, 2417
2.4363, 2416
2.4545, 2415
2.4633, 2414
2.4705, 2413
2.4914, 2412
2.5010, 2411
2.5212, 2410
2.5282, 2409
2.5356, 2408
2.5429, 2407
2.5432, 2406
2.5476, 2405
2.5479, 2404
2.5575, 2403
2.5577, 2402
2.5715, 2401
2.5718, 2400
2.5720, 2399
2.5723, 2398
2.5927, 2397
2.5930, 2396
2.6065, 2395
2.6111, 2394
2.6113, 2393
2.6137, 2392
2.6139, 2391
2.6209, 2390
2.6297, 2389
2.6299, 2388
2.6345, 2387
2.6347, 2386
2.6503, 2385
2.6655, 2384
2.6680, 2383
2.6724, 2382
2.6727, 2381
2.6792, 2380
2.6794, 2379
2.6860, 2378
2.6862, 2377
2.6864, 2376
2.6950, 2375
2.6952, 2374
2.6954, 2373
2.7042, 2372
2.7044, 2371
2.7237, 2370
2.7239, 2369
2.7241, 2368
2.7328, 2367
2.7330, 2366
2.7333, 2365
2.7400, 2364
2.7403, 2363
2.7405, 2362
2.7470, 2361
2.7473, 2360
2.7475, 2359
2.7478, 2358
2.7480, 2357
2.7482, 2356
2.7695, 2355
2.7697, 2354
2.7761, 2353
2.7763, 2352
2.7828, 2351
2.7853, 2350
2.7855, 2349
2.7858, 2348
2.7860, 2347
2.7905, 2346
2.8119, 2345
2.8121, 2344
2.8230, 2343
2.8254, 2342
2.8277, 2341
2.8445, 2340
2.8514, 2339
2.8706, 2338
2.8877, 2337
2.8879, 2336
2.8882, 2335
2.9053, 2334
2.9096, 2333
2.9099, 2332
2.9143, 2331
2.9315, 2330
2.9569, 2329
2.9571, 2328
2.9573, 2327
2.9617, 2326
2.9681, 2325
2.9683, 2324
2.9749, 2323
2.9751, 2322
3.0233, 2321
3.0235, 2320
3.1134, 2319
3.1158, 2318
3.1181, 2317
3.1226, 2316
3.1228, 2315
3.1251, 2314
3.1295, 2313
3.1297, 2312
3.1340, 2311
3.1529, 2310
3.1634, 2309
3.1636, 2308
3.1638, 2307
3.1682, 2306
3.1684, 2305
3.1831, 2304
3.1833, 2303
3.1919, 2302
3.1921, 2301
3.1944, 2300
3.2052, 2299
3.2096, 2298
3.2098, 2297
3.2143, 2296
3.2188, 2295
3.2191, 2294
3.2215, 2293
3.2300, 2292
3.2344, 2291
3.2471, 2290
3.2535, 2289
3.2682, 2288
3.2684, 2287
3.2686, 2286
3.2749, 2285
3.2772, 2284
3.2774, 2283
3.2920, 2282
3.3024, 2281
3.3149, 2280
3.3236, 2279
3.3412, 2278
3.3477, 2277
3.3812, 2276
3.3859, 2275
3.3861, 2274
3.3863, 2273
3.3865, 2272
3.3910, 2271
3.3912, 2270
3.3997, 2269
3.4041, 2268
3.4043, 2267
3.4046, 2266
3.4069, 2265
3.4071, 2264
3.4198, 2263
3.4283, 2262
3.4368, 2261
3.4411, 2260
3.4497, 2259
3.4745, 2258
3.4747, 2257
3.4811, 2256
3.4854, 2255
3.4857, 2254
3.4900, 2253
3.5005, 2252
3.5193, 2251
3.5236, 2250
3.5279, 2249
3.5364, 2248
3.5428, 2247
3.5430, 2246
3.5474, 2245
3.5477, 2244
3.5520, 2243
3.5666, 2242
3.5709, 2241
3.5834, 2240
3.5836, 2239
3.5960, 2238
3.6085, 2237
3.6292, 2236
3.6336, 2235
3.6419, 2234
3.6421, 2233
3.6485, 2232
3.6487, 2231
3.6592, 2230
3.6717, 2229
3.6760, 2228
3.6823, 2227
3.7009, 2226
3.7074, 2225
3.7260, 2224
3.8675, 2223
3.8964, 2222
3.9177, 2221
3.9282, 2220
3.9429, 2219
3.9431, 2218
3.9536, 2217
4.0050, 2216
4.1421, 2215
4.1445, 2214
4.2049, 2213
4.2424, 2212
4.5174, 2211
