0.6645, 3931
0.6649, 3930
0.6653, 3929
0.6657, 3928
0.6662, 3927
0.6668, 3926
0.6673, 3925
0.6679, 3924
0.6682, 3923
0.6687, 3922
0.6691, 3921
0.6696, 3920
0.6701, 3919
0.6707, 3918
0.6712, 3917
0.6718, 3916
0.6723, 3915
0.6727, 3914
0.6730, 3913
0.6737, 3912
0.6744, 3911
0.6748, 3910
0.6752, 3909
0.6755, 3908
0.6770, 3907
0.6774, 3906
0.6778, 3905
0.6784, 3904
0.6794, 3903
0.6801, 3902
0.6806, 3901
0.6811, 3900
0.6815, 3899
0.6820, 3898
0.6826, 3897
0.6831, 3896
0.6836, 3895
0.6841, 3894
0.6846, 3893
0.6850, 3892
0.6855, 3891
0.6861, 3890
0.6865, 3889
0.6876, 3888
0.6884, 3887
0.6898, 3886
0.6908, 3885
0.6912, 3884
0.6915, 3883
0.6920, 3882
0.6924, 3881
0.6928, 3880
0.6932, 3879
0.6936, 3878
0.6944, 3877
0.6951, 3876
0.6958, 3875
0.6962, 3874
0.6966, 3873
0.6972, 3872
0.6976, 3871
0.6981, 3870
0.6986, 3869
0.6991, 3868
0.6997, 3867
0.7002, 3866
0.7007, 3865
0.7011, 3864
0.7014, 3863
0.7019, 3862
0.7024, 3861
0.7029, 3860
0.7034, 3859
0.7040, 3858
0.7045, 3857
0.7049, 3856
0.7053, 3855
0.7057, 3854
0.7061, 3853
0.7065, 3852
0.7070, 3851
0.7074, 3850
0.7078, 3849
0.7083, 3848
0.7087, 3847
0.7091, 3846
0.7096, 3845
0.7100, 3844
0.7104, 3843
0.7112, 3842
0.7117, 3841
0.7121, 3840
0.7126, 3839
0.7131, 3838
0.7137, 3837
0.7142, 3836
0.7147, 3835
0.7151, 3834
0.7156, 3833
0.7162, 3832
0.7167, 3831
0.7173, 3830
0.7179, 3829
0.7184, 3828
0.7190, 3827
0.7194, 3826
0.7198, 3825
0.7203, 3824
0.7207, 3823
0.7212, 3822
0.7217, 3821
0.7222, 3820
0.7227, 3819
0.7233, 3818
0.7238, 3817
0.7243, 3816
0.7248, 3815
0.7252, 3814
0.7256, 3813
0.7261, 3812
0.7265, 3811
0.7271, 3810
0.7276, 3809
0.7279, 3808
0.7284, 3807
0.7289, 3806
0.7293, 3805
0.7297, 3804
0.7301, 3803
0.7305, 3802
0.7309, 3801
0.7313, 3800
0.7317, 3799
0.7321, 3798
0.7326, 3797
0.7329, 3796
0.7333, 3795
0.7337, 3794
0.7341, 3793
0.7345, 3792
0.7350, 3791
0.7354, 3790
0.7358, 3789
0.7363, 3788
0.7367, 3787
0.7370, 3786
0.7375, 3785
0.7379, 3784
0.7383, 3783
0.7387, 3782
0.7390, 3781
0.7394, 3780
0.7397, 3779
0.7401, 3778
0.7405, 3777
0.7409, 3776
0.7412, 3775
0.7416, 3774
0.7420, 3773
0.7423, 3772
0.7427, 3771
0.7431, 3770
0.7435, 3769
0.7438, 3768
0.7442, 3767
0.7445, 3766
0.7449, 3765
0.7452, 3764
0.7455, 3763
0.7459, 3762
0.7462, 3761
0.7466, 3760
0.7469, 3759
0.7473, 3758
0.7476, 3757
0.7479, 3756
0.7483, 3755
0.7487, 3754
0.7490, 3753
0.7493, 3752
0.7497, 3751
0.7500, 3750
0.7504, 3749
0.7507, 3748
0.7511, 3747
0.7514, 3746
0.7517, 3745
0.7521, 3744
0.7524, 3743
0.7528, 3742
0.7531, 3741
0.7534, 3740
0.7538, 3739
0.7541, 3738
0.7544, 3737
0.7548, 3736
0.7551, 3735
0.7554, 3734
0.7558, 3733
0.7561, 3732
0.7564, 3731
0.7568, 3730
0.7571, 3729
0.7575, 3728
0.7578, 3727
0.7582, 3726
0.7586, 3725
0.7590, 3724
0.7593, 3723
0.7596, 3722
0.7600, 3721
0.7603, 3720
0.7607, 3719
0.7610, 3718
0.7613, 3717
0.7617, 3716
0.7620, 3715
0.7624, 3714
0.7627, 3713
0.7631, 3712
0.7634, 3711
0.7638, 3710
0.7641, 3709
0.7645, 3708
0.7649, 3707
0.7652, 3706
0.7655, 3705
0.7659, 3704
0.7662, 3703
0.7666, 3702
0.7669, 3701
0.7672, 3700
0.7675, 3699
0.7679, 3698
0.7682, 3697
0.7685, 3696
0.7689, 3695
0.7692, 3694
0.7695, 3693
0.7698, 3692
0.7702, 3691
0.7705, 3690
0.7708, 3689
0.7712, 3688
0.7715, 3687
0.7718, 3686
0.7722, 3685
0.7725, 3684
0.7728, 3683
0.7732, 3682
0.7735, 3681
0.7738, 3680
0.7742, 3679
0.7746, 3678
0.7749, 3677
0.7753, 3676
0.7757, 3675
0.7760, 3674
0.7763, 3673
0.7766, 3672
0.7770, 3671
0.7773, 3670
0.7776, 3669
0.7780, 3668
0.7783, 3667
0.7786, 3666
0.7790, 3665
0.7793, 3664
0.7796, 3663
0.7800, 3662
0.7803, 3661
0.7806, 3660
0.7809, 3659
0.7813, 3658
0.7816, 3657
0.7820, 3656
0.7823, 3655
0.7826, 3654
0.7830, 3653
0.7833, 3652
0.7836, 3651
0.7839, 3650
0.7843, 3649
0.7846, 3648
0.7849, 3647
0.7853, 3646
0.7856, 3645
0.7859, 3644
0.7863, 3643
0.7866, 3642
0.7870, 3641
0.7873, 3640
0.7876, 3639
0.7879, 3638
0.7883, 3637
0.7886, 3636
0.7889, 3635
0.7892, 3634
0.7896, 3633
0.7899, 3632
0.7902, 3631
0.7906, 3630
0.7910, 3629
0.7913, 3628
0.7916, 3627
0.7920, 3626
0.7924, 3625
0.7927, 3624
0.7930, 3623
0.7934, 3622
0.7937, 3621
0.7940, 3620
0.7944, 3619
0.7947, 3618
0.7950, 3617
0.7954, 3616
0.7957, 3615
0.7960, 3614
0.7963, 3613
0.7967, 3612
0.7970, 3611
0.7973, 3610
0.7976, 3609
0.7980, 3608
0.7983, 3607
0.7986, 3606
0.7990, 3605
0.7993, 3604
0.7996, 3603
0.7999, 3602
0.8003, 3601
0.8006, 3600
0.8009, 3599
0.8013, 3598
0.8016, 3597
0.8020, 3596
0.8023, 3595
0.8026, 3594
0.8030, 3593
0.8033, 3592
0.8036, 3591
0.8040, 3590
0.8043, 3589
0.8046, 3588
0.8049, 3587
0.8053, 3586
0.8056, 3585
0.8059, 3584
0.8063, 3583
0.8067, 3582
0.8071, 3581
0.8074, 3580
0.8078, 3579
0.8083, 3578
0.8087, 3577
0.8090, 3576
0.8094, 3575
0.8097, 3574
0.8101, 3573
0.8104, 3572
0.8107, 3571
0.8111, 3570
0.8114, 3569
0.8118, 3568
0.8122, 3567
0.8126, 3566
0.8130, 3565
0.8134, 3564
0.8137, 3563
0.8140, 3562
0.8143, 3561
0.8146, 3560
0.8150, 3559
0.8153, 3558
0.8156, 3557
0.8159, 3556
0.8163, 3555
0.8166, 3554
0.8169, 3553
0.8172, 3552
0.8176, 3551
0.8179, 3550
0.8183, 3549
0.8186, 3548
0.8189, 3547
0.8193, 3546
0.8196, 3545
0.8200, 3544
0.8203, 3543
0.8206, 3542
0.8209, 3541
0.8212, 3540
0.8216, 3539
0.8219, 3538
0.8222, 3537
0.8225, 3536
0.8228, 3535
0.8232, 3534
0.8235, 3533
0.8239, 3532
0.8242, 3531
0.8246, 3530
0.8249, 3529
0.8253, 3528
0.8257, 3527
0.8260, 3526
0.8264, 3525
0.8268, 3524
0.8271, 3523
0.8274, 3522
0.8278, 3521
0.8281, 3520
0.8284, 3519
0.8287, 3518
0.8290, 3517
0.8293, 3516
0.8297, 3515
0.8300, 3514
0.8303, 3513
0.8306, 3512
0.8309, 3511
0.8313, 3510
0.8316, 3509
0.8319, 3508
0.8322, 3507
0.8326, 3506
0.8329, 3505
0.8332, 3504
0.8335, 3503
0.8338, 3502
0.8341, 3501
0.8345, 3500
0.8348, 3499
0.8351, 3498
0.8354, 3497
0.8357, 3496
0.8360, 3495
0.8364, 3494
0.8367, 3493
0.8370, 3492
0.8373, 3491
0.8376, 3490
0.8380, 3489
0.8383, 3488
0.8386, 3487
0.8389, 3486
0.8392, 3485
0.8395, 3484
0.8399, 3483
0.8402, 3482
0.8405, 3481
0.8408, 3480
0.8412, 3479
0.8415, 3478
0.8418, 3477
0.8421, 3476
0.8424, 3475
0.8428, 3474
0.8431, 3473
0.8434, 3472
0.8437, 3471
0.8440, 3470
0.8444, 3469
0.8447, 3468
0.8450, 3467
0.8453, 3466
0.8456, 3465
0.8459, 3464
0.8462, 3463
0.8466, 3462
0.8469, 3461
0.8472, 3460
0.8475, 3459
0.8478, 3458
0.8481, 3457
0.8485, 3456
0.8488, 3455
0.8491, 3454
0.8494, 3453
0.8497, 3452
0.8501, 3451
0.8504, 3450
0.8507, 3449
0.8510, 3448
0.8513, 3447
0.8516, 3446
0.8520, 3445
0.8523, 3444
0.8526, 3443
0.8529, 3442
0.8533, 3441
0.8536, 3440
0.8539, 3439
0.8543, 3438
0.8546, 3437
0.8549, 3436
0.8552, 3435
0.8555, 3434
0.8559, 3433
0.8562, 3432
0.8565, 3431
0.8568, 3430
0.8571, 3429
0.8575, 3428
0.8578, 3427
0.8581, 3426
0.8585, 3425
0.8589, 3424
0.8592, 3423
0.8595, 3422
0.8599, 3421
0.8602, 3420
0.8605, 3419
0.8608, 3418
0.8612, 3417
0.8615, 3416
0.8618, 3415
0.8622, 3414
0.8625, 3413
0.8628, 3412
0.8631, 3411
0.8634, 3410
0.8637, 3409
0.8640, 3408
0.8643, 3407
0.8646, 3406
0.8650, 3405
0.8653, 3404
0.8657, 3403
0.8660, 3402
0.8663, 3401
0.8667, 3400
0.8670, 3399
0.8674, 3398
0.8677, 3397
0.8680, 3396
0.8684, 3395
0.8687, 3394
0.8690, 3393
0.8694, 3392
0.8697, 3391
0.8701, 3390
0.8704, 3389
0.8707, 3388
0.8710, 3387
0.8714, 3386
0.8717, 3385
0.8720, 3384
0.8723, 3383
0.8726, 3382
0.8730, 3381
0.8733, 3380
0.8736, 3379
0.8740, 3378
0.8743, 3377
0.8747, 3376
0.8750, 3375
0.8754, 3374
0.8757, 3373
0.8761, 3372
0.8765, 3371
0.8768, 3370
0.8771, 3369
0.8775, 3368
0.8778, 3367
0.8781, 3366
0.8784, 3365
0.8788, 3364
0.8791, 3363
0.8794, 3362
0.8798, 3361
0.8801, 3360
0.8805, 3359
0.8808, 3358
0.8812, 3357
0.8816, 3356
0.8819, 3355
0.8822, 3354
0.8826, 3353
0.8829, 3352
0.8833, 3351
0.8836, 3350
0.8839, 3349
0.8843, 3348
0.8846, 3347
0.8849, 3346
0.8852, 3345
0.8855, 3344
0.8859, 3343
0.8862, 3342
0.8866, 3341
0.8869, 3340
0.8873, 3339
0.8876, 3338
0.8879, 3337
0.8883, 3336
0.8887, 3335
0.8890, 3334
0.8893, 3333
0.8896, 3332
0.8900, 3331
0.8903, 3330
0.8906, 3329
0.8910, 3328
0.8913, 3327
0.8916, 3326
0.8920, 3325
0.8923, 3324
0.8926, 3323
0.8929, 3322
0.8932, 3321
0.8935, 3320
0.8939, 3319
0.8942, 3318
0.8946, 3317
0.8949, 3316
0.8953, 3315
0.8957, 3314
0.8960, 3313
0.8964, 3312
0.8967, 3311
0.8971, 3310
0.8974, 3309
0.8977, 3308
0.8981, 3307
0.8985, 3306
0.8988, 3305
0.8992, 3304
0.8996, 3303
0.8999, 3302
0.9002, 3301
0.9007, 3300
0.9010, 3299
0.9014, 3298
0.9017, 3297
0.9020, 3296
0.9023, 3295
0.9027, 3294
0.9031, 3293
0.9034, 3292
0.9037, 3291
0.9040, 3290
0.9044, 3289
0.9047, 3288
0.9050, 3287
0.9053, 3286
0.9057, 3285
0.9060, 3284
0.9063, 3283
0.9067, 3282
0.9070, 3281
0.9074, 3280
0.9077, 3279
0.9080, 3278
0.9084, 3277
0.9087, 3276
0.9090, 3275
0.9093, 3274
0.9096, 3273
0.9101, 3272
0.9104, 3271
0.9108, 3270
0.9111, 3269
0.9115, 3268
0.9118, 3267
0.9122, 3266
0.9125, 3265
0.9128, 3264
0.9131, 3263
0.9134, 3262
0.9138, 3261
0.9141, 3260
0.9144, 3259
0.9147, 3258
0.9151, 3257
0.9155, 3256
0.9159, 3255
0.9162, 3254
0.9165, 3253
0.9168, 3252
0.9171, 3251
0.9174, 3250
0.9178, 3249
0.9181, 3248
0.9184, 3247
0.9187, 3246
0.9190, 3245
0.9193, 3244
0.9197, 3243
0.9200, 3242
0.9203, 3241
0.9206, 3240
0.9210, 3239
0.9213, 3238
0.9217, 3237
0.9220, 3236
0.9223, 3235
0.9226, 3234
0.9230, 3233
0.9233, 3232
0.9236, 3231
0.9240, 3230
0.9243, 3229
0.9246, 3228
0.9250, 3227
0.9253, 3226
0.9257, 3225
0.9261, 3224
0.9264, 3223
0.9268, 3222
0.9271, 3221
0.9274, 3220
0.9277, 3219
0.9280, 3218
0.9283, 3217
0.9286, 3216
0.9289, 3215
0.9292, 3214
0.9295, 3213
0.9298, 3212
0.9301, 3211
0.9304, 3210
0.9307, 3209
0.9311, 3208
0.9314, 3207
0.9318, 3206
0.9322, 3205
0.9325, 3204
0.9328, 3203
0.9331, 3202
0.9335, 3201
0.9338, 3200
0.9341, 3199
0.9344, 3198
0.9347, 3197
0.9350, 3196
0.9353, 3195
0.9356, 3194
0.9359, 3193
0.9363, 3192
0.9366, 3191
0.9369, 3190
0.9372, 3189
0.9375, 3188
0.9378, 3187
0.9382, 3186
0.9385, 3185
0.9388, 3184
0.9392, 3183
0.9395, 3182
0.9398, 3181
0.9400, 3180
0.9403, 3179
0.9406, 3178
0.9410, 3177
0.9413, 3176
0.9416, 3175
0.9419, 3174
0.9423, 3173
0.9426, 3172
0.9429, 3171
0.9432, 3170
0.9436, 3169
0.9439, 3168
0.9442, 3167
0.9445, 3166
0.9448, 3165
0.9452, 3164
0.9455, 3163
0.9458, 3162
0.9461, 3161
0.9464, 3160
0.9468, 3159
0.9471, 3158
0.9474, 3157
0.9477, 3156
0.9480, 3155
0.9484, 3154
0.9487, 3153
0.9489, 3152
0.9492, 3151
0.9496, 3150
0.9499, 3149
0.9502, 3148
0.9505, 3147
0.9508, 3146
0.9511, 3145
0.9515, 3144
0.9518, 3143
0.9521, 3142
0.9524, 3141
0.9528, 3140
0.9531, 3139
0.9535, 3138
0.9539, 3137
0.9542, 3136
0.9545, 3135
0.9548, 3134
0.9551, 3133
0.9555, 3132
0.9558, 3131
0.9561, 3130
0.9564, 3129
0.9568, 3128
0.9571, 3127
0.9574, 3126
0.9577, 3125
0.9580, 3124
0.9583, 3123
0.9586, 3122
0.9589, 3121
0.9592, 3120
0.9595, 3119
0.9598, 3118
0.9601, 3117
0.9604, 3116
0.9607, 3115
0.9610, 3114
0.9613, 3113
0.9616, 3112
0.9618, 3111
0.9621, 3110
0.9624, 3109
0.9627, 3108
0.9630, 3107
0.9633, 3106
0.9636, 3105
0.9639, 3104
0.9642, 3103
0.9645, 3102
0.9648, 3101
0.9650, 3100
0.9653, 3099
0.9656, 3098
0.9659, 3097
0.9662, 3096
0.9665, 3095
0.9668, 3094
0.9671, 3093
0.9674, 3092
0.9677, 3091
0.9680, 3090
0.9683, 3089
0.9686, 3088
0.9688, 3087
0.9691, 3086
0.9694, 3085
0.9697, 3084
0.9700, 3083
0.9703, 3082
0.9706, 3081
0.9709, 3080
0.9712, 3079
0.9715, 3078
0.9718, 3077
0.9721, 3076
0.9724, 3075
0.9727, 3074
0.9730, 3073
0.9733, 3072
0.9736, 3071
0.9739, 3070
0.9742, 3069
0.9745, 3068
0.9748, 3067
0.9751, 3066
0.9754, 3065
0.9757, 3064
0.9760, 3063
0.9762, 3062
0.9765, 3061
0.9768, 3060
0.9771, 3059
0.9774, 3058
0.9776, 3057
0.9779, 3056
0.9782, 3055
0.9785, 3054
0.9788, 3053
0.9791, 3052
0.9794, 3051
0.9797, 3050
0.9800, 3049
0.9803, 3048
0.9806, 3047
0.9809, 3046
0.9812, 3045
0.9816, 3044
0.9818, 3043
0.9821, 3042
0.9824, 3041
0.9827, 3040
0.9830, 3039
0.9833, 3038
0.9836, 3037
0.9839, 3036
0.9842, 3035
0.9845, 3034
0.9848, 3033
0.9851, 3032
0.9854, 3031
0.9857, 3030
0.9859, 3029
0.9862, 3028
0.9865, 3027
0.9868, 3026
0.9871, 3025
0.9875, 3024
0.9878, 3023
0.9881, 3022
0.9884, 3021
0.9887, 3020
0.9890, 3019
0.9893, 3018
0.9896, 3017
0.9899, 3016
0.9901, 3015
0.9904, 3014
0.9907, 3013
0.9910, 3012
0.9913, 3011
0.9916, 3010
0.9919, 3009
0.9922, 3008
0.9925, 3007
0.9928, 3006
0.9930, 3005
0.9933, 3004
0.9936, 3003
0.9939, 3002
0.9942, 3001
0.9944, 3000
0.9947, 2999
0.9950, 2998
0.9953, 2997
0.9956, 2996
0.9958, 2995
0.9961, 2994
0.9964, 2993
0.9967, 2992
0.9969, 2991
0.9972, 2990
0.9975, 2989
0.9978, 2988
0.9981, 2987
0.9983, 2986
0.9986, 2985
0.9989, 2984
0.9992, 2983
0.9995, 2982
0.9998, 2981
1.0000, 2980
1.0003, 2979
1.0006, 2978
1.0009, 2977
1.0012, 2976
1.0015, 2975
1.0017, 2974
1.0020, 2973
1.0023, 2972
1.0026, 2971
1.0029, 2970
1.0032, 2969
1.0035, 2968
1.0038, 2967
1.0041, 2966
1.0044, 2965
1.0046, 2964
1.0049, 2963
1.0052, 2962
1.0055, 2961
1.0058, 2960
1.0060, 2959
1.0063, 2958
1.0066, 2957
1.0069, 2956
1.0072, 2955
1.0075, 2954
1.0078, 2953
1.0081, 2952
1.0084, 2951
1.0088, 2950
1.0091, 2949
1.0093, 2948
1.0096, 2947
1.0099, 2946
1.0102, 2945
1.0105, 2944
1.0108, 2943
1.0110, 2942
1.0113, 2941
1.0116, 2940
1.0119, 2939
1.0122, 2938
1.0125, 2937
1.0128, 2936
1.0131, 2935
1.0134, 2934
1.0137, 2933
1.0140, 2932
1.0143, 2931
1.0147, 2930
1.0150, 2929
1.0153, 2928
1.0156, 2927
1.0160, 2926
1.0163, 2925
1.0166, 2924
1.0169, 2923
1.0173, 2922
1.0176, 2921
1.0178, 2920
1.0181, 2919
1.0185, 2918
1.0188, 2917
1.0191, 2916
1.0195, 2915
1.0198, 2914
1.0201, 2913
1.0205, 2912
1.0208, 2911
1.0211, 2910
1.0214, 2909
1.0217, 2908
1.0220, 2907
1.0223, 2906
1.0227, 2905
1.0230, 2904
1.0233, 2903
1.0236, 2902
1.0239, 2901
1.0241, 2900
1.0244, 2899
1.0247, 2898
1.0250, 2897
1.0253, 2896
1.0256, 2895
1.0259, 2894
1.0262, 2893
1.0265, 2892
1.0268, 2891
1.0271, 2890
1.0274, 2889
1.0277, 2888
1.0280, 2887
1.0282, 2886
1.0285, 2885
1.0288, 2884
1.0292, 2883
1.0295, 2882
1.0297, 2881
1.0300, 2880
1.0303, 2879
1.0306, 2878
1.0309, 2877
1.0312, 2876
1.0315, 2875
1.0317, 2874
1.0320, 2873
1.0323, 2872
1.0326, 2871
1.0329, 2870
1.0332, 2869
1.0334, 2868
1.0337, 2867
1.0340, 2866
1.0343, 2865
1.0346, 2864
1.0349, 2863
1.0351, 2862
1.0354, 2861
1.0357, 2860
1.0360, 2859
1.0363, 2858
1.0365, 2857
1.0368, 2856
1.0371, 2855
1.0374, 2854
1.0377, 2853
1.0379, 2852
1.0382, 2851
1.0385, 2850
1.0388, 2849
1.0391, 2848
1.0394, 2847
1.0397, 2846
1.0399, 2845
1.0402, 2844
1.0405, 2843
1.0408, 2842
1.0412, 2841
1.0415, 2840
1.0418, 2839
1.0420, 2838
1.0423, 2837
1.0426, 2836
1.0428, 2835
1.0431, 2834
1.0434, 2833
1.0437, 2832
1.0440, 2831
1.0443, 2830
1.0446, 2829
1.0449, 2828
1.0451, 2827
1.0454, 2826
1.0457, 2825
1.0460, 2824
1.0462, 2823
1.0465, 2822
1.0468, 2821
1.0470, 2820
1.0473, 2819
1.0476, 2818
1.0479, 2817
1.0482, 2816
1.0484, 2815
1.0487, 2814
1.0490, 2813
1.0492, 2812
1.0495, 2811
1.0498, 2810
1.0501, 2809
1.0504, 2808
1.0506, 2807
1.0509, 2806
1.0512, 2805
1.0515, 2804
1.0517, 2803
1.0520, 2802
1.0523, 2801
1.0526, 2800
1.0528, 2799
1.0531, 2798
1.0534, 2797
1.0537, 2796
1.0540, 2795
1.0543, 2794
1.0546, 2793
1.0548, 2792
1.0551, 2791
1.0554, 2790
1.0556, 2789
1.0559, 2788
1.0562, 2787
1.0566, 2786
1.0568, 2785
1.0571, 2784
1.0574, 2783
1.0576, 2782
1.0579, 2781
1.0582, 2780
1.0613, 2779
1.0616, 2778
1.0619, 2777
1.0622, 2776
1.0624, 2775
1.0627, 2774
1.0630, 2773
1.0633, 2772
1.0636, 2771
1.0639, 2770
1.0641, 2769
1.0644, 2768
1.0647, 2767
1.0650, 2766
1.0652, 2765
1.0655, 2764
1.0657, 2763
1.0660, 2762
1.0663, 2761
1.0665, 2760
1.0668, 2759
1.0671, 2758
1.0673, 2757
1.0676, 2756
1.0679, 2755
1.0682, 2754
1.0684, 2753
1.0687, 2752
1.0690, 2751
1.0693, 2750
1.0695, 2749
1.0698, 2748
1.0701, 2747
1.0704, 2746
1.0707, 2745
1.0709, 2744
1.0712, 2743
1.0715, 2742
1.0718, 2741
1.0720, 2740
1.0723, 2739
1.0726, 2738
1.0730, 2737
1.0733, 2736
1.0736, 2735
1.0739, 2734
1.0742, 2733
1.0745, 2732
1.0748, 2731
1.0751, 2730
1.0754, 2729
1.0757, 2728
1.0760, 2727
1.0763, 2726
1.0766, 2725
1.0769, 2724
1.0772, 2723
1.0775, 2722
1.0777, 2721
1.0780, 2720
1.0783, 2719
1.0786, 2718
1.0789, 2717
1.0791, 2716
1.0794, 2715
1.0797, 2714
1.0801, 2713
1.0803, 2712
1.0806, 2711
1.0809, 2710
1.0812, 2709
1.0815, 2708
1.0818, 2707
1.0821, 2706
1.0823, 2705
1.0826, 2704
1.0829, 2703
1.0832, 2702
1.0835, 2701
1.0838, 2700
1.0840, 2699
1.0843, 2698
1.0846, 2697
1.0848, 2696
1.0851, 2695
1.0854, 2694
1.0857, 2693
1.0860, 2692
1.0863, 2691
1.0866, 2690
1.0869, 2689
1.0872, 2688
1.0875, 2687
1.0878, 2686
1.0880, 2685
1.0883, 2684
1.0886, 2683
1.0889, 2682
1.0891, 2681
1.0895, 2680
1.0898, 2679
1.0901, 2678
1.0904, 2677
1.0906, 2676
1.0909, 2675
1.0912, 2674
1.0914, 2673
1.0917, 2672
1.0920, 2671
1.0924, 2670
1.0926, 2669
1.0929, 2668
1.0931, 2667
1.0934, 2666
1.0937, 2665
1.0939, 2664
1.0942, 2663
1.0945, 2662
1.0947, 2661
1.0950, 2660
1.0953, 2659
1.0955, 2658
1.0958, 2657
1.0961, 2656
1.0963, 2655
1.0966, 2654
1.0968, 2653
1.0971, 2652
1.0974, 2651
1.0976, 2650
1.0979, 2649
1.0981, 2648
1.0984, 2647
1.0987, 2646
1.0989, 2645
1.0992, 2644
1.0994, 2643
1.0997, 2642
1.0999, 2641
1.1002, 2640
1.1005, 2639
1.1007, 2638
1.1010, 2637
1.1012, 2636
1.1015, 2635
1.1017, 2634
1.1020, 2633
1.1023, 2632
1.1025, 2631
1.1028, 2630
1.1030, 2629
1.1033, 2628
1.1036, 2627
1.1039, 2626
1.1041, 2625
1.1044, 2624
1.1047, 2623
1.1049, 2622
1.1052, 2621
1.1054, 2620
1.1057, 2619
1.1059, 2618
1.1062, 2617
1.1065, 2616
1.1067, 2615
1.1070, 2614
1.1073, 2613
1.1076, 2612
1.1078, 2611
1.1081, 2610
1.1083, 2609
1.1086, 2608
1.1088, 2607
1.1091, 2606
1.1094, 2605
1.1096, 2604
1.1099, 2603
1.1102, 2602
1.1105, 2601
1.1108, 2600
1.1111, 2599
1.1114, 2598
1.1116, 2597
1.1119, 2596
1.1122, 2595
1.1125, 2594
1.1127, 2593
1.1130, 2592
1.1132, 2591
1.1135, 2590
1.1138, 2589
1.1140, 2588
1.1143, 2587
1.1145, 2586
1.1148, 2585
1.1151, 2584
1.1153, 2583
1.1156, 2582
1.1158, 2581
1.1161, 2580
1.1164, 2579
1.1166, 2578
1.1169, 2577
1.1172, 2576
1.1174, 2575
1.1177, 2574
1.1179, 2573
1.1182, 2572
1.1185, 2571
1.1188, 2570
1.1190, 2569
1.1193, 2568
1.1195, 2567
1.1198, 2566
1.1201, 2565
1.1203, 2564
1.1270, 2563
1.1359, 2562
1.1445, 2561
1.1447, 2560
1.1552, 2559
1.1554, 2558
1.1597, 2557
1.1640, 2556
1.1849, 2555
1.1893, 2554
1.2251, 2553
1.2296, 2552
1.2403, 2551
1.2551, 2550
1.2596, 2549
1.2619, 2548
1.2621, 2547
1.2769, 2546
1.2813, 2545
1.2898, 2544
1.3004, 2543
1.3091, 2542
1.3094, 2541
1.3138, 2540
1.3161, 2539
1.3164, 2538
1.3166, 2537
1.3210, 2536
1.3299, 2535
1.3301, 2534
1.3450, 2533
1.3535, 2532
1.3621, 2531
1.3623, 2530
1.3708, 2529
1.3772, 2528
1.3879, 2527
1.3964, 2526
1.4091, 2525
1.4093, 2524
1.4116, 2523
1.4119, 2522
1.4184, 2521
1.4269, 2520
1.4313, 2519
1.4315, 2518
1.4380, 2517
1.4424, 2516
1.4447, 2515
1.4471, 2514
1.4536, 2513
1.4538, 2512
1.4603, 2511
1.4606, 2510
1.4608, 2509
1.4692, 2508
1.4736, 2507
1.5403, 2506
1.5551, 2505
1.5553, 2504
1.5700, 2503
1.6005, 2502
1.6029, 2501
1.6221, 2500
1.6224, 2499
1.6351, 2498
1.6500, 2497
1.6565, 2496
1.6754, 2495
1.7074, 2494
1.7143, 2493
1.7146, 2492
1.7170, 2491
1.7172, 2490
1.7217, 2489
1.7283, 2488
1.7348, 2487
1.7392, 2486
1.7437, 2485
1.7524, 2484
1.7526, 2483
1.7529, 2482
1.7531, 2481
1.7533, 2480
1.7599, 2479
1.7601, 2478
1.7625, 2477
1.7774, 2476
1.7777, 2475
1.7779, 2474
1.7991, 2473
1.7994, 2472
1.8101, 2471
1.8145, 2470
1.8211, 2469
1.8276, 2468
1.8320, 2467
1.8323, 2466
1.8325, 2465
1.8327, 2464
1.8526, 2463
1.8681, 2462
1.8683, 2461
1.8685, 2460
1.8709, 2459
1.8711, 2458
1.8840, 2457
1.8992, 2456
1.9120, 2455
1.9291, 2454
1.9293, 2453
1.9400, 2452
1.9402, 2451
1.9404, 2450
1.9449, 2449
1.9513, 2448
1.9516, 2447
1.9749, 2446
1.9835, 2445
1.9945, 2444
1.9947, 2443
2.0017, 2442
2.0243, 2441
2.0460, 2440
2.0526, 2439
2.0612, 2438
2.0656, 2437
2.0933, 2436
2.1126, 2435
2.1190, 2434
2.1235, 2433
2.1564, 2432
2.1567, 2431
2.1674, 2430
2.1822, 2429
2.2012, 2428
2.2056, 2427
2.2245, 2426
2.2331, 2425
2.2333, 2424
2.2648, 2423
2.2775, 2422
2.3006, 2421
2.3155, 2420
2.3199, 2419
2.3202, 2418
2.3434, 2417
2.3436, 2416
2.3563, 2415
2.3712, 2414
2.3863, 2413
2.3866, 2412
2.4057, 2411
2.4166, 2410
2.4313, 2409
2.4357, 2408
2.4422, 2407
2.4548, 2406
2.4550, 2405
2.4597, 2404
2.4599, 2403
2.4601, 2402
2.4751, 2401
2.4753, 2400
2.4755, 2399
2.4841, 2398
2.4844, 2397
2.4846, 2396
2.5035, 2395
2.5101, 2394
2.5208, 2393
2.5211, 2392
2.5234, 2391
2.5237, 2390
2.5301, 2389
2.5366, 2388
2.5368, 2387
2.5412, 2386
2.5415, 2385
2.5521, 2384
2.5746, 2383
2.5770, 2382
2.5815, 2381
2.5818, 2380
2.5883, 2379
2.5885, 2378
2.5971, 2377
2.5974, 2376
2.5976, 2375
2.6020, 2374
2.6022, 2373
2.6110, 2372
2.6112, 2371
2.6135, 2370
2.6201, 2369
2.6204, 2368
2.6206, 2367
2.6418, 2366
2.6421, 2365
2.6424, 2364
2.6469, 2363
2.6471, 2362
2.6473, 2361
2.6560, 2360
2.6562, 2359
2.6565, 2358
2.6567, 2357
2.6569, 2356
2.6572, 2355
2.6783, 2354
2.6785, 2353
2.6829, 2352
2.6831, 2351
2.6918, 2350
2.6920, 2349
2.6922, 2348
2.6925, 2347
2.6969, 2346
2.6992, 2345
2.7141, 2344
2.7206, 2343
2.7338, 2342
2.7340, 2341
2.7365, 2340
2.7543, 2339
2.7630, 2338
2.7784, 2337
2.7977, 2336
2.7979, 2335
2.7981, 2334
2.8195, 2333
2.8197, 2332
2.8199, 2331
2.8243, 2330
2.8394, 2329
2.8662, 2328
2.8665, 2327
2.8668, 2326
2.8781, 2325
2.8869, 2324
2.8871, 2323
2.8974, 2322
2.8977, 2321
2.9451, 2320
2.9454, 2319
3.0461, 2318
3.0485, 2317
3.0508, 2316
3.0552, 2315
3.0554, 2314
3.0578, 2313
3.0637, 2312
3.0640, 2311
3.0684, 2310
3.0879, 2309
3.0987, 2308
3.0989, 2307
3.0991, 2306
3.1121, 2305
3.1135, 2304
3.1318, 2303
3.1321, 2302
3.1439, 2301
3.1442, 2300
3.1477, 2299
3.1642, 2298
3.1703, 2297
3.1707, 2296
3.1791, 2295
3.1794, 2294
3.1839, 2293
3.1841, 2292
3.1930, 2291
3.1974, 2290
3.2083, 2289
3.2170, 2288
3.2301, 2287
3.2303, 2286
3.2346, 2285
3.2390, 2284
3.2415, 2283
3.2417, 2282
3.2569, 2281
3.2699, 2280
3.2766, 2279
3.3067, 2278
3.3135, 2277
3.3179, 2276
3.3551, 2275
3.3597, 2274
3.3599, 2273
3.3601, 2272
3.3603, 2271
3.3606, 2270
3.3671, 2269
3.3673, 2268
3.3716, 2267
3.3782, 2266
3.3785, 2265
3.3787, 2264
3.3810, 2263
3.3812, 2262
3.4087, 2261
3.4152, 2260
3.4260, 2259
3.4449, 2258
3.4513, 2257
3.4641, 2256
3.4725, 2255
3.4727, 2254
3.4730, 2253
3.4899, 2252
3.4901, 2251
3.4904, 2250
3.4906, 2249
3.5101, 2248
3.5103, 2247
3.5212, 2246
3.5279, 2245
3.5454, 2244
3.5881, 2243
3.5883, 2242
3.6114, 2241
3.6117, 2240
3.6185, 2239
3.6601, 2238
3.7158, 2237
3.7183, 2236
3.7273, 2235
3.7275, 2234
3.7278, 2233
3.7424, 2232
3.7471, 2231
3.7793, 2230
3.7872, 2229
3.7879, 2228
3.8154, 2227
3.8267, 2226
3.8336, 2225
3.8840, 2224
4.0186, 2223
4.0379, 2222
4.0382, 2221
4.0492, 2220
4.0579, 2219
4.0666, 2218
4.1027, 2217
4.1549, 2216
4.2212, 2215
4.2471, 2214
4.2537, 2213
4.3244, 2212
4.3463, 2211
4.5037, 2210
4.6252, 2209
