0.0442, 2281
0.0618, 2280
0.0834, 2279
0.1354, 2277
0.1895, 2276
0.2064, 2275
0.2450, 2274
0.2856, 2273
0.3013, 2272
0.3298, 2271
0.3329, 2270
0.3361, 2269
0.3578, 2268
0.4291, 2266
0.4391, 2265
0.5356, 2264
0.5752, 2263
0.6144, 2260
0.6396, 2259
0.6430, 2258
0.6927, 2257
0.7090, 2256
0.7322, 2255
0.7421, 2254
0.7487, 2253
0.7521, 2252
0.7620, 2251
0.8357, 2250
1.0568, 2249
1.0926, 2248
1.1865, 2247
1.2498, 2246
1.2532, 2245
1.2699, 2244
1.2904, 2243
1.5301, 2242
1.5457, 2241
1.5708, 2240
1.5899, 2239
1.6309, 2238
1.7765, 2237
1.8169, 2236
1.9352, 2235
1.9928, 2234
2.0150, 2233
2.1821, 2232
2.2904, 2231
2.4171, 2228
2.5423, 2227
2.6090, 2226
2.9519, 2225
2.9828, 2224
3.0473, 2223
3.0662, 2222
