0.6595, 3931
0.6599, 3930
0.6603, 3929
0.6606, 3928
0.6610, 3927
0.6614, 3926
0.6617, 3925
0.6620, 3924
0.6624, 3923
0.6627, 3922
0.6630, 3921
0.6634, 3920
0.6637, 3919
0.6641, 3918
0.6644, 3917
0.6648, 3916
0.6651, 3915
0.6654, 3914
0.6658, 3913
0.6661, 3912
0.6664, 3911
0.6668, 3910
0.6671, 3909
0.6674, 3908
0.6678, 3907
0.6681, 3906
0.6684, 3905
0.6687, 3904
0.6691, 3903
0.6694, 3902
0.6697, 3901
0.6700, 3900
0.6704, 3899
0.6707, 3898
0.6710, 3897
0.6714, 3896
0.6717, 3895
0.6721, 3894
0.6724, 3893
0.6727, 3892
0.6731, 3891
0.6734, 3890
0.6738, 3889
0.6741, 3888
0.6745, 3887
0.6749, 3886
0.6752, 3885
0.6755, 3884
0.6759, 3883
0.6762, 3882
0.6765, 3881
0.6769, 3880
0.6772, 3879
0.6776, 3878
0.6779, 3877
0.6783, 3876
0.6786, 3875
0.6790, 3874
0.6793, 3873
0.6797, 3872
0.6800, 3871
0.6804, 3870
0.6807, 3869
0.6811, 3868
0.6814, 3867
0.6818, 3866
0.6821, 3865
0.6825, 3864
0.6828, 3863
0.6831, 3862
0.6835, 3861
0.6838, 3860
0.6841, 3859
0.6845, 3858
0.6848, 3857
0.6851, 3856
0.6854, 3855
0.6858, 3854
0.6861, 3853
0.6864, 3852
0.6867, 3851
0.6871, 3850
0.6874, 3849
0.6877, 3848
0.6881, 3847
0.6884, 3846
0.6887, 3845
0.6890, 3844
0.6893, 3843
0.6897, 3842
0.6900, 3841
0.6904, 3840
0.6907, 3839
0.6910, 3838
0.6914, 3837
0.6917, 3836
0.6921, 3835
0.6924, 3834
0.6928, 3833
0.6932, 3832
0.6936, 3831
0.6939, 3830
0.6943, 3829
0.6946, 3828
0.6949, 3827
0.6953, 3826
0.6957, 3825
0.6960, 3824
0.6963, 3823
0.6967, 3822
0.6970, 3821
0.6973, 3820
0.6977, 3819
0.6980, 3818
0.6984, 3817
0.6987, 3816
0.6990, 3815
0.6993, 3814
0.6997, 3813
0.7000, 3812
0.7003, 3811
0.7007, 3810
0.7011, 3809
0.7015, 3808
0.7018, 3807
0.7022, 3806
0.7025, 3805
0.7028, 3804
0.7032, 3803
0.7035, 3802
0.7039, 3801
0.7042, 3800
0.7045, 3799
0.7048, 3798
0.7052, 3797
0.7056, 3796
0.7059, 3795
0.7063, 3794
0.7067, 3793
0.7070, 3792
0.7074, 3791
0.7077, 3790
0.7081, 3789
0.7084, 3788
0.7087, 3787
0.7090, 3786
0.7094, 3785
0.7097, 3784
0.7100, 3783
0.7104, 3782
0.7107, 3781
0.7110, 3780
0.7114, 3779
0.7117, 3778
0.7120, 3777
0.7124, 3776
0.7127, 3775
0.7130, 3774
0.7134, 3773
0.7137, 3772
0.7140, 3771
0.7144, 3770
0.7147, 3769
0.7150, 3768
0.7154, 3767
0.7157, 3766
0.7160, 3765
0.7163, 3764
0.7167, 3763
0.7170, 3762
0.7174, 3761
0.7177, 3760
0.7180, 3759
0.7184, 3758
0.7188, 3757
0.7191, 3756
0.7194, 3755
0.7198, 3754
0.7202, 3753
0.7205, 3752
0.7208, 3751
0.7212, 3750
0.7215, 3749
0.7219, 3748
0.7222, 3747
0.7225, 3746
0.7228, 3745
0.7232, 3744
0.7235, 3743
0.7239, 3742
0.7242, 3741
0.7246, 3740
0.7249, 3739
0.7252, 3738
0.7256, 3737
0.7259, 3736
0.7263, 3735
0.7266, 3734
0.7269, 3733
0.7273, 3732
0.7276, 3731
0.7279, 3730
0.7283, 3729
0.7286, 3728
0.7289, 3727
0.7292, 3726
0.7295, 3725
0.7299, 3724
0.7302, 3723
0.7305, 3722
0.7308, 3721
0.7311, 3720
0.7315, 3719
0.7318, 3718
0.7322, 3717
0.7326, 3716
0.7329, 3715
0.7333, 3714
0.7336, 3713
0.7340, 3712
0.7343, 3711
0.7347, 3710
0.7350, 3709
0.7353, 3708
0.7357, 3707
0.7360, 3706
0.7364, 3705
0.7367, 3704
0.7370, 3703
0.7374, 3702
0.7377, 3701
0.7381, 3700
0.7384, 3699
0.7387, 3698
0.7391, 3697
0.7394, 3696
0.7398, 3695
0.7401, 3694
0.7405, 3693
0.7408, 3692
0.7412, 3691
0.7415, 3690
0.7418, 3689
0.7421, 3688
0.7424, 3687
0.7428, 3686
0.7431, 3685
0.7434, 3684
0.7437, 3683
0.7441, 3682
0.7444, 3681
0.7447, 3680
0.7451, 3679
0.7454, 3678
0.7457, 3677
0.7461, 3676
0.7464, 3675
0.7468, 3674
0.7471, 3673
0.7474, 3672
0.7478, 3671
0.7481, 3670
0.7484, 3669
0.7488, 3668
0.7491, 3667
0.7494, 3666
0.7498, 3665
0.7501, 3664
0.7505, 3663
0.7508, 3662
0.7512, 3661
0.7515, 3660
0.7519, 3659
0.7522, 3658
0.7526, 3657
0.7529, 3656
0.7532, 3655
0.7535, 3654
0.7539, 3653
0.7542, 3652
0.7545, 3651
0.7549, 3650
0.7552, 3649
0.7555, 3648
0.7559, 3647
0.7562, 3646
0.7565, 3645
0.7568, 3644
0.7572, 3643
0.7576, 3642
0.7579, 3641
0.7582, 3640
0.7585, 3639
0.7588, 3638
0.7592, 3637
0.7595, 3636
0.7599, 3635
0.7602, 3634
0.7605, 3633
0.7609, 3632
0.7612, 3631
0.7615, 3630
0.7618, 3629
0.7622, 3628
0.7625, 3627
0.7628, 3626
0.7631, 3625
0.7634, 3624
0.7638, 3623
0.7641, 3622
0.7644, 3621
0.7647, 3620
0.7651, 3619
0.7654, 3618
0.7657, 3617
0.7661, 3616
0.7664, 3615
0.7667, 3614
0.7671, 3613
0.7674, 3612
0.7677, 3611
0.7681, 3610
0.7684, 3609
0.7687, 3608
0.7690, 3607
0.7694, 3606
0.7697, 3605
0.7700, 3604
0.7703, 3603
0.7707, 3602
0.7710, 3601
0.7714, 3600
0.7717, 3599
0.7720, 3598
0.7724, 3597
0.7727, 3596
0.7730, 3595
0.7734, 3594
0.7737, 3593
0.7740, 3592
0.7743, 3591
0.7747, 3590
0.7750, 3589
0.7754, 3588
0.7757, 3587
0.7760, 3586
0.7763, 3585
0.7766, 3584
0.7770, 3583
0.7773, 3582
0.7776, 3581
0.7779, 3580
0.7783, 3579
0.7786, 3578
0.7789, 3577
0.7793, 3576
0.7797, 3575
0.7800, 3574
0.7803, 3573
0.7807, 3572
0.7810, 3571
0.7813, 3570
0.7816, 3569
0.7819, 3568
0.7823, 3567
0.7826, 3566
0.7829, 3565
0.7833, 3564
0.7836, 3563
0.7839, 3562
0.7843, 3561
0.7846, 3560
0.7850, 3559
0.7853, 3558
0.7856, 3557
0.7859, 3556
0.7862, 3555
0.7866, 3554
0.7869, 3553
0.7872, 3552
0.7875, 3551
0.7879, 3550
0.7882, 3549
0.7885, 3548
0.7889, 3547
0.7892, 3546
0.7895, 3545
0.7899, 3544
0.7902, 3543
0.7906, 3542
0.7909, 3541
0.7913, 3540
0.7916, 3539
0.7920, 3538
0.7923, 3537
0.7926, 3536
0.7930, 3535
0.7933, 3534
0.7937, 3533
0.7940, 3532
0.7943, 3531
0.7946, 3530
0.7949, 3529
0.7952, 3528
0.7956, 3527
0.7959, 3526
0.7962, 3525
0.7966, 3524
0.7969, 3523
0.7972, 3522
0.7975, 3521
0.7978, 3520
0.7981, 3519
0.7984, 3518
0.7987, 3517
0.7990, 3516
0.7994, 3515
0.7997, 3514
0.8000, 3513
0.8003, 3512
0.8006, 3511
0.8009, 3510
0.8013, 3509
0.8016, 3508
0.8019, 3507
0.8022, 3506
0.8025, 3505
0.8028, 3504
0.8031, 3503
0.8034, 3502
0.8038, 3501
0.8041, 3500
0.8044, 3499
0.8047, 3498
0.8050, 3497
0.8053, 3496
0.8056, 3495
0.8059, 3494
0.8063, 3493
0.8066, 3492
0.8069, 3491
0.8072, 3490
0.8075, 3489
0.8079, 3488
0.8082, 3487
0.8085, 3486
0.8088, 3485
0.8091, 3484
0.8094, 3483
0.8097, 3482
0.8100, 3481
0.8104, 3480
0.8107, 3479
0.8110, 3478
0.8113, 3477
0.8116, 3476
0.8119, 3475
0.8122, 3474
0.8125, 3473
0.8128, 3472
0.8132, 3471
0.8135, 3470
0.8138, 3469
0.8142, 3468
0.8145, 3467
0.8148, 3466
0.8151, 3465
0.8154, 3464
0.8158, 3463
0.8161, 3462
0.8164, 3461
0.8167, 3460
0.8170, 3459
0.8173, 3458
0.8176, 3457
0.8180, 3456
0.8183, 3455
0.8186, 3454
0.8189, 3453
0.8192, 3452
0.8195, 3451
0.8198, 3450
0.8201, 3449
0.8204, 3448
0.8208, 3447
0.8211, 3446
0.8214, 3445
0.8218, 3444
0.8221, 3443
0.8224, 3442
0.8227, 3441
0.8230, 3440
0.8233, 3439
0.8236, 3438
0.8239, 3437
0.8242, 3436
0.8245, 3435
0.8248, 3434
0.8251, 3433
0.8254, 3432
0.8258, 3431
0.8261, 3430
0.8264, 3429
0.8267, 3428
0.8270, 3427
0.8273, 3426
0.8276, 3425
0.8279, 3424
0.8282, 3423
0.8285, 3422
0.8288, 3421
0.8291, 3420
0.8294, 3419
0.8297, 3418
0.8300, 3417
0.8303, 3416
0.8306, 3415
0.8309, 3414
0.8312, 3413
0.8315, 3412
0.8318, 3411
0.8321, 3410
0.8324, 3409
0.8327, 3408
0.8330, 3407
0.8333, 3406
0.8336, 3405
0.8339, 3404
0.8342, 3403
0.8345, 3402
0.8348, 3401
0.8351, 3400
0.8354, 3399
0.8357, 3398
0.8360, 3397
0.8363, 3396
0.8366, 3395
0.8369, 3394
0.8372, 3393
0.8375, 3392
0.8378, 3391
0.8381, 3390
0.8384, 3389
0.8387, 3388
0.8390, 3387
0.8394, 3386
0.8397, 3385
0.8400, 3384
0.8403, 3383
0.8406, 3382
0.8409, 3381
0.8412, 3380
0.8415, 3379
0.8418, 3378
0.8422, 3377
0.8425, 3376
0.8427, 3375
0.8431, 3374
0.8434, 3373
0.8437, 3372
0.8440, 3371
0.8443, 3370
0.8446, 3369
0.8450, 3368
0.8453, 3367
0.8455, 3366
0.8458, 3365
0.8462, 3364
0.8465, 3363
0.8468, 3362
0.8471, 3361
0.8474, 3360
0.8477, 3359
0.8480, 3358
0.8483, 3357
0.8486, 3356
0.8489, 3355
0.8492, 3354
0.8495, 3353
0.8498, 3352
0.8501, 3351
0.8504, 3350
0.8507, 3349
0.8511, 3348
0.8514, 3347
0.8517, 3346
0.8520, 3345
0.8523, 3344
0.8526, 3343
0.8530, 3342
0.8533, 3341
0.8536, 3340
0.8539, 3339
0.8542, 3338
0.8545, 3337
0.8548, 3336
0.8552, 3335
0.8555, 3334
0.8558, 3333
0.8561, 3332
0.8564, 3331
0.8567, 3330
0.8570, 3329
0.8573, 3328
0.8576, 3327
0.8579, 3326
0.8582, 3325
0.8585, 3324
0.8588, 3323
0.8591, 3322
0.8594, 3321
0.8597, 3320
0.8600, 3319
0.8603, 3318
0.8606, 3317
0.8609, 3316
0.8612, 3315
0.8615, 3314
0.8618, 3313
0.8621, 3312
0.8624, 3311
0.8627, 3310
0.8630, 3309
0.8633, 3308
0.8637, 3307
0.8640, 3306
0.8643, 3305
0.8646, 3304
0.8649, 3303
0.8652, 3302
0.8655, 3301
0.8659, 3300
0.8662, 3299
0.8665, 3298
0.8669, 3297
0.8672, 3296
0.8675, 3295
0.8678, 3294
0.8681, 3293
0.8684, 3292
0.8687, 3291
0.8690, 3290
0.8693, 3289
0.8697, 3288
0.8700, 3287
0.8703, 3286
0.8707, 3285
0.8710, 3284
0.8713, 3283
0.8716, 3282
0.8719, 3281
0.8722, 3280
0.8725, 3279
0.8729, 3278
0.8732, 3277
0.8735, 3276
0.8739, 3275
0.8742, 3274
0.8745, 3273
0.8749, 3272
0.8752, 3271
0.8755, 3270
0.8758, 3269
0.8761, 3268
0.8766, 3267
0.8769, 3266
0.8772, 3265
0.8775, 3264
0.8779, 3263
0.8782, 3262
0.8785, 3261
0.8788, 3260
0.8791, 3259
0.8794, 3258
0.8797, 3257
0.8800, 3256
0.8803, 3255
0.8806, 3254
0.8809, 3253
0.8812, 3252
0.8815, 3251
0.8818, 3250
0.8821, 3249
0.8824, 3248
0.8827, 3247
0.8830, 3246
0.8833, 3245
0.8836, 3244
0.8839, 3243
0.8842, 3242
0.8846, 3241
0.8849, 3240
0.8852, 3239
0.8855, 3238
0.8859, 3237
0.8862, 3236
0.8865, 3235
0.8868, 3234
0.8872, 3233
0.8875, 3232
0.8878, 3231
0.8881, 3230
0.8884, 3229
0.8888, 3228
0.8891, 3227
0.8894, 3226
0.8897, 3225
0.8900, 3224
0.8903, 3223
0.8907, 3222
0.8909, 3221
0.8912, 3220
0.8915, 3219
0.8919, 3218
0.8922, 3217
0.8925, 3216
0.8928, 3215
0.8931, 3214
0.8934, 3213
0.8937, 3212
0.8940, 3211
0.8943, 3210
0.8946, 3209
0.8949, 3208
0.8952, 3207
0.8955, 3206
0.8958, 3205
0.8961, 3204
0.8964, 3203
0.8967, 3202
0.8970, 3201
0.8973, 3200
0.8978, 3199
0.8981, 3198
0.8984, 3197
0.8987, 3196
0.8991, 3195
0.8994, 3194
0.8997, 3193
0.9000, 3192
0.9003, 3191
0.9006, 3190
0.9009, 3189
0.9012, 3188
0.9015, 3187
0.9018, 3186
0.9021, 3185
0.9024, 3184
0.9027, 3183
0.9031, 3182
0.9034, 3181
0.9037, 3180
0.9041, 3179
0.9043, 3178
0.9046, 3177
0.9049, 3176
0.9053, 3175
0.9057, 3174
0.9060, 3173
0.9063, 3172
0.9066, 3171
0.9069, 3170
0.9073, 3169
0.9076, 3168
0.9079, 3167
0.9082, 3166
0.9085, 3165
0.9088, 3164
0.9091, 3163
0.9094, 3162
0.9097, 3161
0.9100, 3160
0.9103, 3159
0.9106, 3158
0.9109, 3157
0.9112, 3156
0.9115, 3155
0.9118, 3154
0.9121, 3153
0.9124, 3152
0.9127, 3151
0.9130, 3150
0.9133, 3149
0.9136, 3148
0.9139, 3147
0.9143, 3146
0.9146, 3145
0.9149, 3144
0.9152, 3143
0.9155, 3142
0.9159, 3141
0.9163, 3140
0.9166, 3139
0.9169, 3138
0.9172, 3137
0.9175, 3136
0.9178, 3135
0.9181, 3134
0.9184, 3133
0.9188, 3132
0.9191, 3131
0.9194, 3130
0.9198, 3129
0.9201, 3128
0.9204, 3127
0.9207, 3126
0.9210, 3125
0.9213, 3124
0.9216, 3123
0.9219, 3122
0.9222, 3121
0.9225, 3120
0.9228, 3119
0.9231, 3118
0.9234, 3117
0.9237, 3116
0.9240, 3115
0.9243, 3114
0.9245, 3113
0.9248, 3112
0.9251, 3111
0.9255, 3110
0.9257, 3109
0.9260, 3108
0.9263, 3107
0.9266, 3106
0.9269, 3105
0.9272, 3104
0.9275, 3103
0.9278, 3102
0.9281, 3101
0.9284, 3100
0.9286, 3099
0.9289, 3098
0.9292, 3097
0.9295, 3096
0.9298, 3095
0.9301, 3094
0.9304, 3093
0.9307, 3092
0.9310, 3091
0.9313, 3090
0.9315, 3089
0.9318, 3088
0.9321, 3087
0.9324, 3086
0.9327, 3085
0.9330, 3084
0.9333, 3083
0.9336, 3082
0.9339, 3081
0.9341, 3080
0.9345, 3079
0.9348, 3078
0.9351, 3077
0.9354, 3076
0.9357, 3075
0.9359, 3074
0.9362, 3073
0.9365, 3072
0.9368, 3071
0.9372, 3070
0.9375, 3069
0.9378, 3068
0.9381, 3067
0.9383, 3066
0.9386, 3065
0.9389, 3064
0.9392, 3063
0.9395, 3062
0.9398, 3061
0.9401, 3060
0.9404, 3059
0.9406, 3058
0.9410, 3057
0.9413, 3056
0.9416, 3055
0.9419, 3054
0.9422, 3053
0.9425, 3052
0.9428, 3051
0.9432, 3050
0.9435, 3049
0.9437, 3048
0.9440, 3047
0.9443, 3046
0.9446, 3045
0.9449, 3044
0.9452, 3043
0.9455, 3042
0.9458, 3041
0.9460, 3040
0.9463, 3039
0.9466, 3038
0.9469, 3037
0.9471, 3036
0.9474, 3035
0.9477, 3034
0.9480, 3033
0.9483, 3032
0.9486, 3031
0.9489, 3030
0.9492, 3029
0.9495, 3028
0.9498, 3027
0.9500, 3026
0.9504, 3025
0.9506, 3024
0.9509, 3023
0.9512, 3022
0.9515, 3021
0.9518, 3020
0.9521, 3019
0.9524, 3018
0.9527, 3017
0.9530, 3016
0.9533, 3015
0.9536, 3014
0.9539, 3013
0.9542, 3012
0.9545, 3011
0.9548, 3010
0.9551, 3009
0.9553, 3008
0.9556, 3007
0.9560, 3006
0.9562, 3005
0.9565, 3004
0.9569, 3003
0.9572, 3002
0.9575, 3001
0.9578, 3000
0.9581, 2999
0.9583, 2998
0.9586, 2997
0.9590, 2996
0.9592, 2995
0.9595, 2994
0.9598, 2993
0.9601, 2992
0.9603, 2991
0.9607, 2990
0.9609, 2989
0.9612, 2988
0.9615, 2987
0.9618, 2986
0.9621, 2985
0.9624, 2984
0.9627, 2983
0.9630, 2982
0.9633, 2981
0.9635, 2980
0.9638, 2979
0.9641, 2978
0.9644, 2977
0.9647, 2976
0.9649, 2975
0.9652, 2974
0.9655, 2973
0.9658, 2972
0.9661, 2971
0.9664, 2970
0.9667, 2969
0.9669, 2968
0.9672, 2967
0.9675, 2966
0.9677, 2965
0.9680, 2964
0.9683, 2963
0.9686, 2962
0.9688, 2961
0.9691, 2960
0.9694, 2959
0.9697, 2958
0.9700, 2957
0.9703, 2956
0.9706, 2955
0.9709, 2954
0.9712, 2953
0.9715, 2952
0.9718, 2951
0.9721, 2950
0.9724, 2949
0.9727, 2948
0.9729, 2947
0.9733, 2946
0.9736, 2945
0.9738, 2944
0.9741, 2943
0.9744, 2942
0.9747, 2941
0.9750, 2940
0.9753, 2939
0.9756, 2938
0.9759, 2937
0.9762, 2936
0.9764, 2935
0.9767, 2934
0.9770, 2933
0.9773, 2932
0.9776, 2931
0.9779, 2930
0.9782, 2929
0.9785, 2928
0.9788, 2927
0.9792, 2926
0.9795, 2925
0.9798, 2924
0.9801, 2923
0.9804, 2922
0.9807, 2921
0.9810, 2920
0.9813, 2919
0.9817, 2918
0.9820, 2917
0.9823, 2916
0.9827, 2915
0.9830, 2914
0.9833, 2913
0.9836, 2912
0.9839, 2911
0.9842, 2910
0.9845, 2909
0.9848, 2908
0.9852, 2907
0.9855, 2906
0.9857, 2905
0.9860, 2904
0.9863, 2903
0.9866, 2902
0.9869, 2901
0.9872, 2900
0.9875, 2899
0.9878, 2898
0.9881, 2897
0.9884, 2896
0.9887, 2895
0.9890, 2894
0.9893, 2893
0.9896, 2892
0.9899, 2891
0.9902, 2890
0.9905, 2889
0.9908, 2888
0.9911, 2887
0.9914, 2886
0.9917, 2885
0.9920, 2884
0.9923, 2883
0.9926, 2882
0.9928, 2881
0.9931, 2880
0.9934, 2879
0.9937, 2878
0.9939, 2877
0.9942, 2876
0.9945, 2875
0.9948, 2874
0.9951, 2873
0.9954, 2872
0.9956, 2871
0.9959, 2870
0.9962, 2869
0.9965, 2868
0.9968, 2867
0.9970, 2866
0.9973, 2865
0.9976, 2864
0.9978, 2863
0.9981, 2862
0.9984, 2861
0.9987, 2860
0.9989, 2859
0.9992, 2858
0.9995, 2857
0.9997, 2856
1.0000, 2855
1.0003, 2854
1.0006, 2853
1.0008, 2852
1.0011, 2851
1.0014, 2850
1.0016, 2849
1.0019, 2848
1.0022, 2847
1.0024, 2846
1.0027, 2845
1.0030, 2844
1.0033, 2843
1.0036, 2842
1.0038, 2841
1.0041, 2840
1.0043, 2839
1.0046, 2838
1.0049, 2837
1.0052, 2836
1.0055, 2835
1.0058, 2834
1.0060, 2833
1.0063, 2832
1.0066, 2831
1.0069, 2830
1.0072, 2829
1.0074, 2828
1.0077, 2827
1.0080, 2826
1.0082, 2825
1.0085, 2824
1.0088, 2823
1.0090, 2822
1.0093, 2821
1.0096, 2820
1.0099, 2819
1.0101, 2818
1.0104, 2817
1.0107, 2816
1.0109, 2815
1.0112, 2814
1.0115, 2813
1.0117, 2812
1.0120, 2811
1.0123, 2810
1.0125, 2809
1.0128, 2808
1.0131, 2807
1.0133, 2806
1.0136, 2805
1.0139, 2804
1.0141, 2803
1.0144, 2802
1.0147, 2801
1.0149, 2800
1.0152, 2799
1.0155, 2798
1.0158, 2797
1.0161, 2796
1.0163, 2795
1.0166, 2794
1.0169, 2793
1.0171, 2792
1.0174, 2791
1.0178, 2790
1.0180, 2789
1.0183, 2788
1.0186, 2787
1.0189, 2786
1.0192, 2785
1.0195, 2784
1.0198, 2783
1.0200, 2782
1.0203, 2781
1.0206, 2780
1.0209, 2779
1.0212, 2778
1.0214, 2777
1.0217, 2776
1.0220, 2775
1.0222, 2774
1.0225, 2773
1.0228, 2772
1.0230, 2771
1.0233, 2770
1.0236, 2769
1.0238, 2768
1.0241, 2767
1.0243, 2766
1.0246, 2765
1.0249, 2764
1.0251, 2763
1.0254, 2762
1.0256, 2761
1.0259, 2760
1.0262, 2759
1.0264, 2758
1.0267, 2757
1.0270, 2756
1.0272, 2755
1.0275, 2754
1.0278, 2753
1.0281, 2752
1.0283, 2751
1.0286, 2750
1.0289, 2749
1.0292, 2748
1.0294, 2747
1.0297, 2746
1.0300, 2745
1.0302, 2744
1.0305, 2743
1.0307, 2742
1.0310, 2741
1.0314, 2740
1.0317, 2739
1.0320, 2738
1.0322, 2737
1.0325, 2736
1.0328, 2735
1.0330, 2734
1.0333, 2733
1.0336, 2732
1.0339, 2731
1.0342, 2730
1.0344, 2729
1.0347, 2728
1.0350, 2727
1.0353, 2726
1.0356, 2725
1.0358, 2724
1.0361, 2723
1.0364, 2722
1.0366, 2721
1.0369, 2720
1.0371, 2719
1.0374, 2718
1.0377, 2717
1.0380, 2716
1.0383, 2715
1.0385, 2714
1.0388, 2713
1.0391, 2712
1.0394, 2711
1.0396, 2710
1.0399, 2709
1.0402, 2708
1.0405, 2707
1.0408, 2706
1.0411, 2705
1.0414, 2704
1.0416, 2703
1.0419, 2702
1.0422, 2701
1.0425, 2700
1.0428, 2699
1.0430, 2698
1.0434, 2697
1.0436, 2696
1.0439, 2695
1.0442, 2694
1.0445, 2693
1.0448, 2692
1.0451, 2691
1.0453, 2690
1.0456, 2689
1.0459, 2688
1.0462, 2687
1.0464, 2686
1.0467, 2685
1.0470, 2684
1.0472, 2683
1.0475, 2682
1.0477, 2681
1.0480, 2680
1.0483, 2679
1.0485, 2678
1.0488, 2677
1.0490, 2676
1.0493, 2675
1.0496, 2674
1.0499, 2673
1.0502, 2672
1.0505, 2671
1.0508, 2670
1.0510, 2669
1.0513, 2668
1.0515, 2667
1.0518, 2666
1.0521, 2665
1.0523, 2664
1.0526, 2663
1.0529, 2662
1.0531, 2661
1.0534, 2660
1.0536, 2659
1.0539, 2658
1.0542, 2657
1.0544, 2656
1.0547, 2655
1.0550, 2654
1.0552, 2653
1.0555, 2652
1.0558, 2651
1.0560, 2650
1.0563, 2649
1.0565, 2648
1.0568, 2647
1.0571, 2646
1.0574, 2645
1.0577, 2644
1.0579, 2643
1.0582, 2642
1.0585, 2641
1.0587, 2640
1.0590, 2639
1.0593, 2638
1.0595, 2637
1.0598, 2636
1.0601, 2635
1.0603, 2634
1.0606, 2633
1.0609, 2632
1.0611, 2631
1.0614, 2630
1.0617, 2629
1.0620, 2628
1.0622, 2627
1.0625, 2626
1.0628, 2625
1.0631, 2624
1.0633, 2623
1.0636, 2622
1.0639, 2621
1.0641, 2620
1.0644, 2619
1.0647, 2618
1.0649, 2617
1.0652, 2616
1.0654, 2615
1.0657, 2614
1.0660, 2613
1.0662, 2612
1.0665, 2611
1.0668, 2610
1.0670, 2609
1.0673, 2608
1.0675, 2607
1.0678, 2606
1.0680, 2605
1.0682, 2604
1.0685, 2603
1.0688, 2602
1.0691, 2601
1.0694, 2600
1.0696, 2599
1.0699, 2598
1.0701, 2597
1.0704, 2596
1.0707, 2595
1.0709, 2594
1.0712, 2593
1.0715, 2592
1.0718, 2591
1.0720, 2590
1.0723, 2589
1.0726, 2588
1.0729, 2587
1.0731, 2586
1.0734, 2585
1.0736, 2584
1.0739, 2583
1.0742, 2582
1.0744, 2581
1.0747, 2580
1.0749, 2579
1.0752, 2578
1.0755, 2577
1.0758, 2576
1.0761, 2575
1.0763, 2574
1.0766, 2573
1.0769, 2572
1.0772, 2571
1.0775, 2570
1.0777, 2569
1.0780, 2568
1.0782, 2567
1.0786, 2566
1.0789, 2565
1.0855, 2564
1.0899, 2563
1.0944, 2562
1.1069, 2561
1.1072, 2560
1.1155, 2559
1.1157, 2558
1.1344, 2557
1.1469, 2556
1.1597, 2555
1.1788, 2554
1.1873, 2553
1.1876, 2552
1.1962, 2551
1.2070, 2550
1.2072, 2549
1.2178, 2548
1.2223, 2547
1.2307, 2546
1.2350, 2545
1.2495, 2544
1.2498, 2543
1.2541, 2542
1.2564, 2541
1.2566, 2540
1.2569, 2539
1.2612, 2538
1.2675, 2537
1.2677, 2536
1.2845, 2535
1.2929, 2534
1.3013, 2533
1.3016, 2532
1.3081, 2531
1.3147, 2530
1.3150, 2529
1.3194, 2528
1.3303, 2527
1.3511, 2526
1.3656, 2525
1.3679, 2524
1.3681, 2523
1.3766, 2522
1.3768, 2521
1.3832, 2520
1.3855, 2519
1.3878, 2518
1.3901, 2517
1.3964, 2516
1.3966, 2515
1.4010, 2514
1.4053, 2513
1.4055, 2512
1.4057, 2511
1.4100, 2510
1.4144, 2509
1.4825, 2508
1.4993, 2507
1.4995, 2506
1.5084, 2505
1.5397, 2504
1.5441, 2503
1.5609, 2502
1.5612, 2501
1.5780, 2500
1.5844, 2499
1.5930, 2498
1.6184, 2497
1.6414, 2496
1.6524, 2495
1.6548, 2494
1.6571, 2493
1.6573, 2492
1.6617, 2491
1.6681, 2490
1.6767, 2489
1.6770, 2488
1.6875, 2487
1.6919, 2486
1.6922, 2485
1.6924, 2484
1.6927, 2483
1.6929, 2482
1.7014, 2481
1.7016, 2480
1.7019, 2479
1.7166, 2478
1.7168, 2477
1.7170, 2476
1.7357, 2475
1.7422, 2474
1.7548, 2473
1.7550, 2472
1.7594, 2471
1.7658, 2470
1.7702, 2469
1.7704, 2468
1.7706, 2467
1.7708, 2466
1.7876, 2465
1.8050, 2464
1.8052, 2463
1.8054, 2462
1.8079, 2461
1.8081, 2460
1.8259, 2459
1.8371, 2458
1.8503, 2457
1.8652, 2456
1.8654, 2455
1.8762, 2454
1.8765, 2453
1.8788, 2452
1.8831, 2451
1.8895, 2450
1.8897, 2449
1.9066, 2448
1.9212, 2447
1.9298, 2446
1.9321, 2445
1.9446, 2444
1.9594, 2443
1.9826, 2442
1.9891, 2441
1.9959, 2440
2.0003, 2439
2.0274, 2438
2.0467, 2437
2.0532, 2436
2.0575, 2435
2.0866, 2434
2.0868, 2433
2.0912, 2432
2.1038, 2431
2.1308, 2430
2.1373, 2429
2.1539, 2428
2.1624, 2427
2.1626, 2426
2.2020, 2425
2.2022, 2424
2.2314, 2423
2.2420, 2422
2.2422, 2421
2.2466, 2420
2.2674, 2419
2.2677, 2418
2.2823, 2417
2.2929, 2416
2.3104, 2415
2.3193, 2414
2.3428, 2413
2.3517, 2412
2.3644, 2411
2.3750, 2410
2.3834, 2409
2.3878, 2408
2.3880, 2407
2.3924, 2406
2.3926, 2405
2.4031, 2404
2.4033, 2403
2.4138, 2402
2.4140, 2401
2.4143, 2400
2.4145, 2399
2.4351, 2398
2.4435, 2397
2.4478, 2396
2.4542, 2395
2.4544, 2394
2.4568, 2393
2.4570, 2392
2.4674, 2391
2.4738, 2390
2.4740, 2389
2.4763, 2388
2.4765, 2387
2.4851, 2386
2.5059, 2385
2.5103, 2384
2.5105, 2383
2.5107, 2382
2.5109, 2381
2.5111, 2380
2.5114, 2379
2.5178, 2378
2.5180, 2377
2.5265, 2376
2.5267, 2375
2.5269, 2374
2.5333, 2373
2.5335, 2372
2.5337, 2371
2.5425, 2370
2.5427, 2369
2.5471, 2368
2.5473, 2367
2.5475, 2366
2.5609, 2365
2.5611, 2364
2.5740, 2363
2.5786, 2362
2.5789, 2361
2.5791, 2360
2.5878, 2359
2.5880, 2358
2.5883, 2357
2.5885, 2356
2.5887, 2355
2.5890, 2354
2.6099, 2353
2.6101, 2352
2.6144, 2351
2.6146, 2350
2.6231, 2349
2.6254, 2348
2.6256, 2347
2.6258, 2346
2.6260, 2345
2.6304, 2344
2.6449, 2343
2.6513, 2342
2.6619, 2341
2.6641, 2340
2.6664, 2339
2.6851, 2338
2.6853, 2337
2.6896, 2336
2.6939, 2335
2.6941, 2334
2.6943, 2333
2.6986, 2332
2.7172, 2331
2.7195, 2330
2.7197, 2329
2.7364, 2328
2.7407, 2327
2.7409, 2326
2.7452, 2325
2.7701, 2324
2.7848, 2323
2.7850, 2322
2.7852, 2321
2.7960, 2320
2.7962, 2319
2.8093, 2318
2.8095, 2317
2.9443, 2316
2.9467, 2315
2.9492, 2314
2.9538, 2313
2.9540, 2312
2.9565, 2311
2.9610, 2310
2.9612, 2309
2.9656, 2308
2.9846, 2307
2.9890, 2306
2.9956, 2305
2.9958, 2304
3.0001, 2303
3.0003, 2302
3.0129, 2301
3.0172, 2300
3.0258, 2299
3.0261, 2298
3.0284, 2297
3.0390, 2296
3.0436, 2295
3.0438, 2294
3.0481, 2293
3.0525, 2292
3.0527, 2291
3.0551, 2290
3.0636, 2289
3.0678, 2288
3.0806, 2287
3.0870, 2286
3.1020, 2285
3.1022, 2284
3.1024, 2283
3.1089, 2282
3.1112, 2281
3.1114, 2280
3.1260, 2279
3.1364, 2278
3.1469, 2277
3.1675, 2276
3.1739, 2275
3.1783, 2274
3.2133, 2273
3.2217, 2272
3.2220, 2271
3.2222, 2270
3.2224, 2269
3.2226, 2268
3.2270, 2267
3.2272, 2266
3.2356, 2265
3.2358, 2264
3.2360, 2263
3.2382, 2262
3.2384, 2261
3.2522, 2260
3.2698, 2259
3.2701, 2258
3.2778, 2257
3.2882, 2256
3.3212, 2255
3.3215, 2254
3.3267, 2253
3.3356, 2252
3.3462, 2251
3.3669, 2250
3.3775, 2249
3.3839, 2248
3.3924, 2247
3.4026, 2246
3.4112, 2245
3.4237, 2244
3.4301, 2243
3.4303, 2242
3.4366, 2241
3.4533, 2240
3.4699, 2239
3.4702, 2238
3.4745, 2237
3.4808, 2236
3.4810, 2235
3.4812, 2234
3.4998, 2233
3.5103, 2232
3.5166, 2231
3.5168, 2230
3.5271, 2229
3.5521, 2228
3.5564, 2227
3.5812, 2226
3.6700, 2225
3.7419, 2224
3.7647, 2223
3.7782, 2222
3.7834, 2221
3.7898, 2220
3.8619, 2219
3.9440, 2218
3.9971, 2217
4.0245, 2216
4.0948, 2215
4.2779, 2214
