0.6501, 3931
0.6505, 3930
0.6508, 3929
0.6511, 3928
0.6515, 3927
0.6518, 3926
0.6521, 3925
0.6525, 3924
0.6528, 3923
0.6532, 3922
0.6535, 3921
0.6538, 3920
0.6541, 3919
0.6545, 3918
0.6548, 3917
0.6551, 3916
0.6555, 3915
0.6558, 3914
0.6562, 3913
0.6565, 3912
0.6568, 3911
0.6572, 3910
0.6575, 3909
0.6578, 3908
0.6582, 3907
0.6585, 3906
0.6588, 3905
0.6591, 3904
0.6595, 3903
0.6598, 3902
0.6601, 3901
0.6605, 3900
0.6608, 3899
0.6611, 3898
0.6614, 3897
0.6618, 3896
0.6621, 3895
0.6624, 3894
0.6628, 3893
0.6631, 3892
0.6634, 3891
0.6638, 3890
0.6641, 3889
0.6645, 3888
0.6648, 3887
0.6652, 3886
0.6655, 3885
0.6658, 3884
0.6662, 3883
0.6665, 3882
0.6668, 3881
0.6672, 3880
0.6675, 3879
0.6678, 3878
0.6682, 3877
0.6685, 3876
0.6689, 3875
0.6692, 3874
0.6695, 3873
0.6698, 3872
0.6702, 3871
0.6705, 3870
0.6708, 3869
0.6712, 3868
0.6715, 3867
0.6719, 3866
0.6722, 3865
0.6725, 3864
0.6729, 3863
0.6732, 3862
0.6736, 3861
0.6739, 3860
0.6743, 3859
0.6747, 3858
0.6750, 3857
0.6753, 3856
0.6757, 3855
0.6760, 3854
0.6763, 3853
0.6767, 3852
0.6770, 3851
0.6773, 3850
0.6776, 3849
0.6779, 3848
0.6783, 3847
0.6786, 3846
0.6790, 3845
0.6793, 3844
0.6796, 3843
0.6800, 3842
0.6803, 3841
0.6806, 3840
0.6810, 3839
0.6813, 3838
0.6817, 3837
0.6820, 3836
0.6824, 3835
0.6827, 3834
0.6830, 3833
0.6834, 3832
0.6837, 3831
0.6841, 3830
0.6844, 3829
0.6847, 3828
0.6851, 3827
0.6854, 3826
0.6858, 3825
0.6861, 3824
0.6865, 3823
0.6868, 3822
0.6872, 3821
0.6875, 3820
0.6879, 3819
0.6882, 3818
0.6885, 3817
0.6889, 3816
0.6892, 3815
0.6896, 3814
0.6899, 3813
0.6902, 3812
0.6906, 3811
0.6909, 3810
0.6912, 3809
0.6916, 3808
0.6919, 3807
0.6922, 3806
0.6925, 3805
0.6929, 3804
0.6932, 3803
0.6935, 3802
0.6939, 3801
0.6942, 3800
0.6945, 3799
0.6948, 3798
0.6952, 3797
0.6955, 3796
0.6959, 3795
0.6962, 3794
0.6965, 3793
0.6969, 3792
0.6972, 3791
0.6975, 3790
0.6979, 3789
0.6982, 3788
0.6985, 3787
0.6988, 3786
0.6992, 3785
0.6995, 3784
0.6998, 3783
0.7001, 3782
0.7005, 3781
0.7008, 3780
0.7011, 3779
0.7015, 3778
0.7018, 3777
0.7022, 3776
0.7025, 3775
0.7028, 3774
0.7031, 3773
0.7034, 3772
0.7038, 3771
0.7041, 3770
0.7044, 3769
0.7047, 3768
0.7051, 3767
0.7054, 3766
0.7057, 3765
0.7060, 3764
0.7064, 3763
0.7067, 3762
0.7070, 3761
0.7074, 3760
0.7077, 3759
0.7081, 3758
0.7084, 3757
0.7087, 3756
0.7090, 3755
0.7094, 3754
0.7097, 3753
0.7100, 3752
0.7103, 3751
0.7107, 3750
0.7110, 3749
0.7114, 3748
0.7117, 3747
0.7120, 3746
0.7124, 3745
0.7127, 3744
0.7130, 3743
0.7134, 3742
0.7137, 3741
0.7140, 3740
0.7143, 3739
0.7147, 3738
0.7150, 3737
0.7153, 3736
0.7156, 3735
0.7160, 3734
0.7163, 3733
0.7166, 3732
0.7169, 3731
0.7172, 3730
0.7176, 3729
0.7179, 3728
0.7182, 3727
0.7185, 3726
0.7189, 3725
0.7192, 3724
0.7195, 3723
0.7198, 3722
0.7201, 3721
0.7205, 3720
0.7208, 3719
0.7211, 3718
0.7215, 3717
0.7218, 3716
0.7221, 3715
0.7224, 3714
0.7228, 3713
0.7231, 3712
0.7234, 3711
0.7238, 3710
0.7241, 3709
0.7244, 3708
0.7247, 3707
0.7251, 3706
0.7254, 3705
0.7257, 3704
0.7260, 3703
0.7264, 3702
0.7267, 3701
0.7270, 3700
0.7273, 3699
0.7276, 3698
0.7280, 3697
0.7283, 3696
0.7286, 3695
0.7289, 3694
0.7292, 3693
0.7295, 3692
0.7299, 3691
0.7302, 3690
0.7305, 3689
0.7308, 3688
0.7311, 3687
0.7315, 3686
0.7318, 3685
0.7321, 3684
0.7324, 3683
0.7328, 3682
0.7331, 3681
0.7334, 3680
0.7337, 3679
0.7341, 3678
0.7344, 3677
0.7347, 3676
0.7350, 3675
0.7353, 3674
0.7357, 3673
0.7360, 3672
0.7364, 3671
0.7367, 3670
0.7370, 3669
0.7374, 3668
0.7377, 3667
0.7380, 3666
0.7384, 3665
0.7387, 3664
0.7390, 3663
0.7393, 3662
0.7397, 3661
0.7400, 3660
0.7404, 3659
0.7407, 3658
0.7410, 3657
0.7413, 3656
0.7417, 3655
0.7421, 3654
0.7424, 3653
0.7427, 3652
0.7430, 3651
0.7434, 3650
0.7437, 3649
0.7440, 3648
0.7443, 3647
0.7447, 3646
0.7450, 3645
0.7453, 3644
0.7457, 3643
0.7460, 3642
0.7463, 3641
0.7467, 3640
0.7470, 3639
0.7473, 3638
0.7476, 3637
0.7479, 3636
0.7483, 3635
0.7486, 3634
0.7489, 3633
0.7492, 3632
0.7495, 3631
0.7499, 3630
0.7502, 3629
0.7505, 3628
0.7508, 3627
0.7511, 3626
0.7514, 3625
0.7518, 3624
0.7521, 3623
0.7524, 3622
0.7527, 3621
0.7530, 3620
0.7533, 3619
0.7537, 3618
0.7540, 3617
0.7543, 3616
0.7547, 3615
0.7550, 3614
0.7553, 3613
0.7556, 3612
0.7559, 3611
0.7563, 3610
0.7566, 3609
0.7569, 3608
0.7572, 3607
0.7575, 3606
0.7578, 3605
0.7581, 3604
0.7585, 3603
0.7588, 3602
0.7591, 3601
0.7594, 3600
0.7597, 3599
0.7600, 3598
0.7604, 3597
0.7607, 3596
0.7610, 3595
0.7613, 3594
0.7616, 3593
0.7619, 3592
0.7623, 3591
0.7626, 3590
0.7629, 3589
0.7633, 3588
0.7636, 3587
0.7639, 3586
0.7642, 3585
0.7646, 3584
0.7649, 3583
0.7652, 3582
0.7656, 3581
0.7659, 3580
0.7662, 3579
0.7665, 3578
0.7668, 3577
0.7672, 3576
0.7675, 3575
0.7678, 3574
0.7682, 3573
0.7685, 3572
0.7688, 3571
0.7691, 3570
0.7694, 3569
0.7698, 3568
0.7701, 3567
0.7704, 3566
0.7708, 3565
0.7711, 3564
0.7714, 3563
0.7718, 3562
0.7721, 3561
0.7724, 3560
0.7728, 3559
0.7731, 3558
0.7734, 3557
0.7737, 3556
0.7740, 3555
0.7743, 3554
0.7746, 3553
0.7749, 3552
0.7752, 3551
0.7756, 3550
0.7759, 3549
0.7763, 3548
0.7766, 3547
0.7769, 3546
0.7773, 3545
0.7776, 3544
0.7779, 3543
0.7782, 3542
0.7785, 3541
0.7789, 3540
0.7792, 3539
0.7795, 3538
0.7798, 3537
0.7802, 3536
0.7805, 3535
0.7808, 3534
0.7811, 3533
0.7814, 3532
0.7818, 3531
0.7821, 3530
0.7824, 3529
0.7828, 3528
0.7831, 3527
0.7834, 3526
0.7837, 3525
0.7841, 3524
0.7844, 3523
0.7847, 3522
0.7851, 3521
0.7854, 3520
0.7857, 3519
0.7861, 3518
0.7864, 3517
0.7867, 3516
0.7870, 3515
0.7873, 3514
0.7877, 3513
0.7880, 3512
0.7883, 3511
0.7886, 3510
0.7889, 3509
0.7892, 3508
0.7896, 3507
0.7899, 3506
0.7902, 3505
0.7905, 3504
0.7908, 3503
0.7911, 3502
0.7914, 3501
0.7917, 3500
0.7920, 3499
0.7923, 3498
0.7927, 3497
0.7930, 3496
0.7933, 3495
0.7936, 3494
0.7939, 3493
0.7942, 3492
0.7945, 3491
0.7948, 3490
0.7951, 3489
0.7954, 3488
0.7958, 3487
0.7961, 3486
0.7964, 3485
0.7967, 3484
0.7970, 3483
0.7973, 3482
0.7976, 3481
0.7979, 3480
0.7982, 3479
0.7985, 3478
0.7988, 3477
0.7991, 3476
0.7994, 3475
0.7997, 3474
0.8001, 3473
0.8004, 3472
0.8007, 3471
0.8010, 3470
0.8013, 3469
0.8016, 3468
0.8019, 3467
0.8022, 3466
0.8025, 3465
0.8028, 3464
0.8031, 3463
0.8034, 3462
0.8037, 3461
0.8040, 3460
0.8044, 3459
0.8047, 3458
0.8050, 3457
0.8053, 3456
0.8056, 3455
0.8059, 3454
0.8062, 3453
0.8065, 3452
0.8068, 3451
0.8071, 3450
0.8074, 3449
0.8077, 3448
0.8080, 3447
0.8083, 3446
0.8086, 3445
0.8089, 3444
0.8093, 3443
0.8096, 3442
0.8099, 3441
0.8102, 3440
0.8105, 3439
0.8108, 3438
0.8111, 3437
0.8114, 3436
0.8117, 3435
0.8120, 3434
0.8123, 3433
0.8126, 3432
0.8129, 3431
0.8132, 3430
0.8135, 3429
0.8138, 3428
0.8141, 3427
0.8144, 3426
0.8148, 3425
0.8151, 3424
0.8154, 3423
0.8157, 3422
0.8160, 3421
0.8163, 3420
0.8166, 3419
0.8169, 3418
0.8172, 3417
0.8175, 3416
0.8178, 3415
0.8181, 3414
0.8184, 3413
0.8187, 3412
0.8190, 3411
0.8193, 3410
0.8196, 3409
0.8199, 3408
0.8201, 3407
0.8204, 3406
0.8207, 3405
0.8210, 3404
0.8213, 3403
0.8217, 3402
0.8220, 3401
0.8223, 3400
0.8226, 3399
0.8229, 3398
0.8232, 3397
0.8235, 3396
0.8238, 3395
0.8241, 3394
0.8244, 3393
0.8247, 3392
0.8250, 3391
0.8253, 3390
0.8256, 3389
0.8259, 3388
0.8262, 3387
0.8266, 3386
0.8269, 3385
0.8272, 3384
0.8275, 3383
0.8278, 3382
0.8281, 3381
0.8284, 3380
0.8287, 3379
0.8290, 3378
0.8294, 3377
0.8297, 3376
0.8300, 3375
0.8304, 3374
0.8307, 3373
0.8310, 3372
0.8313, 3371
0.8316, 3370
0.8319, 3369
0.8323, 3368
0.8326, 3367
0.8330, 3366
0.8333, 3365
0.8336, 3364
0.8339, 3363
0.8342, 3362
0.8344, 3361
0.8348, 3360
0.8351, 3359
0.8354, 3358
0.8357, 3357
0.8360, 3356
0.8363, 3355
0.8367, 3354
0.8370, 3353
0.8373, 3352
0.8376, 3351
0.8379, 3350
0.8383, 3349
0.8386, 3348
0.8390, 3347
0.8393, 3346
0.8397, 3345
0.8400, 3344
0.8403, 3343
0.8406, 3342
0.8409, 3341
0.8413, 3340
0.8417, 3339
0.8423, 3338
0.8429, 3337
0.8432, 3336
0.8435, 3335
0.8439, 3334
0.8444, 3333
0.8447, 3332
0.8451, 3331
0.8458, 3330
0.8461, 3329
0.8464, 3328
0.8468, 3327
0.8471, 3326
0.8475, 3325
0.8478, 3324
0.8481, 3323
0.8484, 3322
0.8487, 3321
0.8490, 3320
0.8493, 3319
0.8496, 3318
0.8500, 3317
0.8503, 3316
0.8506, 3315
0.8510, 3314
0.8514, 3313
0.8517, 3312
0.8520, 3311
0.8524, 3310
0.8527, 3309
0.8530, 3308
0.8534, 3307
0.8537, 3306
0.8540, 3305
0.8544, 3304
0.8547, 3303
0.8551, 3302
0.8554, 3301
0.8558, 3300
0.8562, 3299
0.8565, 3298
0.8568, 3297
0.8572, 3296
0.8575, 3295
0.8578, 3294
0.8582, 3293
0.8586, 3292
0.8590, 3291
0.8594, 3290
0.8597, 3289
0.8600, 3288
0.8603, 3287
0.8607, 3286
0.8610, 3285
0.8613, 3284
0.8619, 3283
0.8622, 3282
0.8626, 3281
0.8631, 3280
0.8636, 3279
0.8642, 3278
0.8646, 3277
0.8651, 3276
0.8655, 3275
0.8659, 3274
0.8663, 3273
0.8667, 3272
0.8671, 3271
0.8677, 3270
0.8683, 3269
0.8688, 3268
0.8692, 3267
0.8697, 3266
0.8701, 3265
0.8705, 3264
0.8708, 3263
0.8712, 3262
0.8716, 3261
0.8719, 3260
0.8723, 3259
0.8727, 3258
0.8731, 3257
0.8734, 3256
0.8738, 3255
0.8741, 3254
0.8745, 3253
0.8748, 3252
0.8751, 3251
0.8755, 3250
0.8759, 3249
0.8762, 3248
0.8765, 3247
0.8769, 3246
0.8772, 3245
0.8775, 3244
0.8778, 3243
0.8782, 3242
0.8785, 3241
0.8789, 3240
0.8792, 3239
0.8796, 3238
0.8800, 3237
0.8804, 3236
0.8808, 3235
0.8812, 3234
0.8817, 3233
0.8821, 3232
0.8824, 3231
0.8828, 3230
0.8832, 3229
0.8835, 3228
0.8840, 3227
0.8844, 3226
0.8847, 3225
0.8852, 3224
0.8856, 3223
0.8861, 3222
0.8864, 3221
0.8868, 3220
0.8871, 3219
0.8874, 3218
0.8878, 3217
0.8882, 3216
0.8886, 3215
0.8890, 3214
0.8894, 3213
0.8898, 3212
0.8902, 3211
0.8905, 3210
0.8908, 3209
0.8911, 3208
0.8915, 3207
0.8918, 3206
0.8922, 3205
0.8926, 3204
0.8930, 3203
0.8934, 3202
0.8937, 3201
0.8941, 3200
0.8944, 3199
0.8948, 3198
0.8951, 3197
0.8955, 3196
0.8959, 3195
0.8962, 3194
0.8966, 3193
0.8969, 3192
0.8973, 3191
0.8977, 3190
0.8980, 3189
0.8984, 3188
0.8988, 3187
0.8992, 3186
0.8995, 3185
0.8999, 3184
0.9002, 3183
0.9006, 3182
0.9029, 3181
0.9038, 3180
0.9041, 3179
0.9044, 3178
0.9048, 3177
0.9051, 3176
0.9054, 3175
0.9058, 3174
0.9063, 3173
0.9066, 3172
0.9070, 3171
0.9075, 3170
0.9079, 3169
0.9082, 3168
0.9086, 3167
0.9089, 3166
0.9093, 3165
0.9096, 3164
0.9099, 3163
0.9103, 3162
0.9106, 3161
0.9110, 3160
0.9114, 3159
0.9118, 3158
0.9122, 3157
0.9125, 3156
0.9128, 3155
0.9132, 3154
0.9136, 3153
0.9140, 3152
0.9144, 3151
0.9148, 3150
0.9152, 3149
0.9156, 3148
0.9160, 3147
0.9163, 3146
0.9166, 3145
0.9170, 3144
0.9173, 3143
0.9178, 3142
0.9181, 3141
0.9185, 3140
0.9188, 3139
0.9192, 3138
0.9196, 3137
0.9201, 3136
0.9205, 3135
0.9209, 3134
0.9213, 3133
0.9217, 3132
0.9220, 3131
0.9224, 3130
0.9228, 3129
0.9299, 3128
0.9304, 3127
0.9309, 3126
0.9314, 3125
0.9317, 3124
0.9321, 3123
0.9324, 3122
0.9327, 3121
0.9331, 3120
0.9335, 3119
0.9339, 3118
0.9343, 3117
0.9347, 3116
0.9351, 3115
0.9354, 3114
0.9357, 3113
0.9360, 3112
0.9364, 3111
0.9368, 3110
0.9372, 3109
0.9376, 3108
0.9380, 3107
0.9384, 3106
0.9388, 3105
0.9392, 3104
0.9397, 3103
0.9402, 3102
0.9405, 3101
0.9410, 3100
0.9413, 3099
0.9416, 3098
0.9419, 3097
0.9423, 3096
0.9426, 3095
0.9430, 3094
0.9433, 3093
0.9436, 3092
0.9441, 3091
0.9445, 3090
0.9449, 3089
0.9452, 3088
0.9455, 3087
0.9459, 3086
0.9463, 3085
0.9467, 3084
0.9472, 3083
0.9476, 3082
0.9480, 3081
0.9485, 3080
0.9488, 3079
0.9491, 3078
0.9496, 3077
0.9499, 3076
0.9502, 3075
0.9505, 3074
0.9508, 3073
0.9512, 3072
0.9515, 3071
0.9518, 3070
0.9521, 3069
0.9524, 3068
0.9527, 3067
0.9529, 3066
0.9532, 3065
0.9536, 3064
0.9538, 3063
0.9541, 3062
0.9544, 3061
0.9548, 3060
0.9550, 3059
0.9553, 3058
0.9556, 3057
0.9559, 3056
0.9562, 3055
0.9565, 3054
0.9568, 3053
0.9571, 3052
0.9574, 3051
0.9578, 3050
0.9580, 3049
0.9584, 3048
0.9587, 3047
0.9590, 3046
0.9594, 3045
0.9597, 3044
0.9601, 3043
0.9604, 3042
0.9607, 3041
0.9609, 3040
0.9612, 3039
0.9615, 3038
0.9617, 3037
0.9620, 3036
0.9623, 3035
0.9626, 3034
0.9629, 3033
0.9631, 3032
0.9634, 3031
0.9637, 3030
0.9639, 3029
0.9642, 3028
0.9645, 3027
0.9648, 3026
0.9651, 3025
0.9653, 3024
0.9656, 3023
0.9659, 3022
0.9662, 3021
0.9665, 3020
0.9668, 3019
0.9671, 3018
0.9673, 3017
0.9676, 3016
0.9679, 3015
0.9681, 3014
0.9684, 3013
0.9687, 3012
0.9690, 3011
0.9692, 3010
0.9695, 3009
0.9698, 3008
0.9701, 3007
0.9704, 3006
0.9707, 3005
0.9710, 3004
0.9712, 3003
0.9715, 3002
0.9718, 3001
0.9721, 3000
0.9723, 2999
0.9726, 2998
0.9729, 2997
0.9732, 2996
0.9735, 2995
0.9738, 2994
0.9742, 2993
0.9745, 2992
0.9748, 2991
0.9750, 2990
0.9753, 2989
0.9756, 2988
0.9759, 2987
0.9761, 2986
0.9764, 2985
0.9767, 2984
0.9769, 2983
0.9772, 2982
0.9775, 2981
0.9778, 2980
0.9780, 2979
0.9783, 2978
0.9786, 2977
0.9789, 2976
0.9792, 2975
0.9794, 2974
0.9797, 2973
0.9800, 2972
0.9802, 2971
0.9805, 2970
0.9808, 2969
0.9811, 2968
0.9814, 2967
0.9817, 2966
0.9820, 2965
0.9823, 2964
0.9826, 2963
0.9828, 2962
0.9831, 2961
0.9834, 2960
0.9837, 2959
0.9839, 2958
0.9842, 2957
0.9845, 2956
0.9847, 2955
0.9850, 2954
0.9853, 2953
0.9856, 2952
0.9859, 2951
0.9862, 2950
0.9865, 2949
0.9868, 2948
0.9871, 2947
0.9874, 2946
0.9877, 2945
0.9879, 2944
0.9882, 2943
0.9885, 2942
0.9888, 2941
0.9891, 2940
0.9893, 2939
0.9896, 2938
0.9899, 2937
0.9902, 2936
0.9905, 2935
0.9909, 2934
0.9913, 2933
0.9916, 2932
0.9919, 2931
0.9922, 2930
0.9924, 2929
0.9927, 2928
0.9930, 2927
0.9933, 2926
0.9936, 2925
0.9939, 2924
0.9942, 2923
0.9945, 2922
0.9948, 2921
0.9951, 2920
0.9954, 2919
0.9957, 2918
0.9960, 2917
0.9963, 2916
0.9965, 2915
0.9969, 2914
0.9972, 2913
0.9975, 2912
0.9978, 2911
0.9981, 2910
0.9984, 2909
0.9987, 2908
0.9990, 2907
0.9993, 2906
0.9996, 2905
0.9999, 2904
1.0002, 2903
1.0005, 2902
1.0008, 2901
1.0011, 2900
1.0013, 2899
1.0016, 2898
1.0019, 2897
1.0022, 2896
1.0025, 2895
1.0027, 2894
1.0030, 2893
1.0033, 2892
1.0036, 2891
1.0039, 2890
1.0042, 2889
1.0045, 2888
1.0048, 2887
1.0051, 2886
1.0054, 2885
1.0056, 2884
1.0059, 2883
1.0062, 2882
1.0065, 2881
1.0069, 2880
1.0072, 2879
1.0075, 2878
1.0078, 2877
1.0082, 2876
1.0085, 2875
1.0088, 2874
1.0091, 2873
1.0094, 2872
1.0097, 2871
1.0100, 2870
1.0103, 2869
1.0106, 2868
1.0109, 2867
1.0111, 2866
1.0114, 2865
1.0117, 2864
1.0120, 2863
1.0122, 2862
1.0125, 2861
1.0128, 2860
1.0131, 2859
1.0133, 2858
1.0136, 2857
1.0139, 2856
1.0142, 2855
1.0145, 2854
1.0148, 2853
1.0150, 2852
1.0153, 2851
1.0156, 2850
1.0158, 2849
1.0161, 2848
1.0164, 2847
1.0166, 2846
1.0169, 2845
1.0172, 2844
1.0174, 2843
1.0177, 2842
1.0180, 2841
1.0183, 2840
1.0186, 2839
1.0188, 2838
1.0191, 2837
1.0194, 2836
1.0196, 2835
1.0199, 2834
1.0202, 2833
1.0204, 2832
1.0207, 2831
1.0210, 2830
1.0213, 2829
1.0216, 2828
1.0218, 2827
1.0221, 2826
1.0224, 2825
1.0227, 2824
1.0230, 2823
1.0233, 2822
1.0236, 2821
1.0239, 2820
1.0242, 2819
1.0245, 2818
1.0248, 2817
1.0251, 2816
1.0254, 2815
1.0257, 2814
1.0260, 2813
1.0263, 2812
1.0265, 2811
1.0268, 2810
1.0271, 2809
1.0273, 2808
1.0276, 2807
1.0279, 2806
1.0281, 2805
1.0284, 2804
1.0287, 2803
1.0289, 2802
1.0292, 2801
1.0295, 2800
1.0297, 2799
1.0300, 2798
1.0303, 2797
1.0305, 2796
1.0308, 2795
1.0311, 2794
1.0314, 2793
1.0316, 2792
1.0319, 2791
1.0322, 2790
1.0325, 2789
1.0328, 2788
1.0330, 2787
1.0333, 2786
1.0335, 2785
1.0338, 2784
1.0341, 2783
1.0344, 2782
1.0347, 2781
1.0349, 2780
1.0352, 2779
1.0355, 2778
1.0358, 2777
1.0361, 2776
1.0363, 2775
1.0366, 2774
1.0369, 2773
1.0371, 2772
1.0374, 2771
1.0377, 2770
1.0379, 2769
1.0382, 2768
1.0385, 2767
1.0387, 2766
1.0390, 2765
1.0393, 2764
1.0396, 2763
1.0399, 2762
1.0402, 2761
1.0405, 2760
1.0408, 2759
1.0411, 2758
1.0413, 2757
1.0416, 2756
1.0418, 2755
1.0421, 2754
1.0424, 2753
1.0426, 2752
1.0429, 2751
1.0432, 2750
1.0434, 2749
1.0437, 2748
1.0440, 2747
1.0443, 2746
1.0445, 2745
1.0448, 2744
1.0451, 2743
1.0454, 2742
1.0457, 2741
1.0460, 2740
1.0463, 2739
1.0465, 2738
1.0468, 2737
1.0471, 2736
1.0474, 2735
1.0478, 2734
1.0480, 2733
1.0484, 2732
1.0486, 2731
1.0489, 2730
1.0492, 2729
1.0495, 2728
1.0498, 2727
1.0501, 2726
1.0503, 2725
1.0506, 2724
1.0508, 2723
1.0512, 2722
1.0514, 2721
1.0517, 2720
1.0520, 2719
1.0523, 2718
1.0525, 2717
1.0528, 2716
1.0531, 2715
1.0534, 2714
1.0536, 2713
1.0539, 2712
1.0542, 2711
1.0545, 2710
1.0547, 2709
1.0550, 2708
1.0553, 2707
1.0556, 2706
1.0559, 2705
1.0562, 2704
1.0565, 2703
1.0581, 2702
1.0584, 2701
1.0587, 2700
1.0590, 2699
1.0593, 2698
1.0595, 2697
1.0598, 2696
1.0601, 2695
1.0603, 2694
1.0606, 2693
1.0609, 2692
1.0612, 2691
1.0614, 2690
1.0617, 2689
1.0620, 2688
1.0622, 2687
1.0625, 2686
1.0628, 2685
1.0631, 2684
1.0633, 2683
1.0636, 2682
1.0639, 2681
1.0642, 2680
1.0646, 2679
1.0649, 2678
1.0653, 2677
1.0656, 2676
1.0660, 2675
1.0663, 2674
1.0666, 2673
1.0669, 2672
1.0672, 2671
1.0675, 2670
1.0678, 2669
1.0682, 2668
1.0686, 2667
1.0690, 2666
1.0693, 2665
1.0697, 2664
1.0700, 2663
1.0703, 2662
1.0706, 2661
1.0709, 2660
1.0712, 2659
1.0715, 2658
1.0718, 2657
1.0721, 2656
1.0724, 2655
1.0728, 2654
1.0731, 2653
1.0734, 2652
1.0737, 2651
1.0740, 2650
1.0743, 2649
1.0745, 2648
1.0748, 2647
1.0751, 2646
1.0754, 2645
1.0757, 2644
1.0759, 2643
1.0762, 2642
1.0765, 2641
1.0768, 2640
1.0770, 2639
1.0773, 2638
1.0776, 2637
1.0780, 2636
1.0783, 2635
1.0786, 2634
1.0790, 2633
1.0794, 2632
1.0797, 2631
1.0800, 2630
1.0802, 2629
1.0805, 2628
1.0808, 2627
1.0812, 2626
1.0815, 2625
1.0819, 2624
1.0822, 2623
1.0826, 2622
1.0830, 2621
1.0833, 2620
1.0837, 2619
1.0839, 2618
1.0842, 2617
1.0846, 2616
1.0849, 2615
1.0852, 2614
1.0855, 2613
1.0858, 2612
1.0861, 2611
1.0865, 2610
1.0868, 2609
1.0872, 2608
1.0875, 2607
1.0878, 2606
1.0881, 2605
1.0885, 2604
1.0888, 2603
1.0890, 2602
1.0894, 2601
1.0897, 2600
1.0900, 2599
1.0903, 2598
1.0905, 2597
1.0909, 2596
1.0911, 2595
1.0914, 2594
1.0917, 2593
1.0921, 2592
1.0923, 2591
1.0926, 2590
1.0929, 2589
1.0932, 2588
1.0935, 2587
1.0938, 2586
1.0941, 2585
1.0944, 2584
1.0947, 2583
1.0950, 2582
1.0954, 2581
1.0957, 2580
1.0960, 2579
1.0963, 2578
1.0966, 2577
1.0969, 2576
1.0972, 2575
1.0975, 2574
1.0978, 2573
1.0982, 2572
1.0985, 2571
1.0988, 2570
1.0992, 2569
1.0995, 2568
1.0998, 2567
1.1001, 2566
1.1004, 2565
1.1007, 2564
1.1010, 2563
1.1013, 2562
1.1016, 2561
1.1020, 2560
1.1023, 2559
1.1026, 2558
1.1030, 2557
1.1034, 2556
1.1037, 2555
1.1041, 2554
1.1148, 2553
1.1205, 2552
1.1332, 2551
1.1335, 2550
1.1455, 2549
1.1457, 2548
1.1500, 2547
1.1599, 2546
1.1788, 2545
1.1852, 2544
1.2126, 2543
1.2170, 2542
1.2278, 2541
1.2382, 2540
1.2384, 2539
1.2512, 2538
1.2556, 2537
1.2558, 2536
1.2705, 2535
1.2893, 2534
1.2959, 2533
1.2982, 2532
1.2984, 2531
1.2986, 2530
1.3030, 2529
1.3116, 2528
1.3118, 2527
1.3284, 2526
1.3307, 2525
1.3391, 2524
1.3475, 2523
1.3477, 2522
1.3561, 2521
1.3625, 2520
1.3709, 2519
1.3957, 2518
1.4085, 2517
1.4108, 2516
1.4110, 2515
1.4215, 2514
1.4217, 2513
1.4219, 2512
1.4324, 2511
1.4347, 2510
1.4412, 2509
1.4414, 2508
1.4458, 2507
1.4521, 2506
1.4524, 2505
1.4526, 2504
1.4528, 2503
1.4572, 2502
1.5272, 2501
1.5398, 2500
1.5400, 2499
1.5486, 2498
1.5839, 2497
1.5944, 2496
1.5946, 2495
1.6029, 2494
1.6134, 2493
1.6177, 2492
1.6404, 2491
1.6509, 2490
1.6655, 2489
1.6657, 2488
1.6743, 2487
1.6745, 2486
1.6748, 2485
1.6832, 2484
1.6896, 2483
1.6980, 2482
1.7023, 2481
1.7088, 2480
1.7131, 2479
1.7133, 2478
1.7135, 2477
1.7138, 2476
1.7140, 2475
1.7224, 2474
1.7227, 2473
1.7229, 2472
1.7376, 2471
1.7378, 2470
1.7380, 2469
1.7569, 2468
1.7612, 2467
1.7736, 2466
1.7739, 2465
1.7844, 2464
1.7867, 2463
1.7911, 2462
1.7913, 2461
1.7915, 2460
1.7917, 2459
1.8103, 2458
1.8249, 2457
1.8251, 2456
1.8253, 2455
1.8276, 2454
1.8278, 2453
1.8424, 2452
1.8549, 2451
1.8633, 2450
1.8841, 2449
1.8843, 2448
1.8927, 2447
1.8930, 2446
1.8952, 2445
1.9016, 2444
1.9059, 2443
1.9062, 2442
1.9248, 2441
1.9373, 2440
1.9459, 2439
1.9481, 2438
1.9566, 2437
1.9755, 2436
1.9925, 2435
2.0012, 2434
2.0116, 2433
2.0180, 2432
2.0346, 2431
2.0616, 2430
2.0702, 2429
2.0725, 2428
2.0935, 2427
2.1020, 2426
2.1086, 2425
2.1214, 2424
2.1466, 2423
2.1530, 2422
2.1700, 2421
2.1785, 2420
2.1787, 2419
2.2185, 2418
2.2187, 2417
2.2460, 2416
2.2608, 2415
2.2610, 2414
2.2612, 2413
2.2802, 2412
2.2804, 2411
2.2911, 2410
2.3142, 2409
2.3309, 2408
2.3311, 2407
2.3519, 2406
2.3604, 2405
2.3728, 2404
2.3834, 2403
2.3898, 2402
2.3981, 2401
2.3984, 2400
2.4006, 2399
2.4009, 2398
2.4114, 2397
2.4116, 2396
2.4160, 2395
2.4162, 2394
2.4164, 2393
2.4249, 2392
2.4393, 2391
2.4415, 2390
2.4520, 2389
2.4563, 2388
2.4606, 2387
2.4609, 2386
2.4611, 2385
2.4757, 2384
2.4759, 2383
2.4762, 2382
2.4808, 2381
2.4810, 2380
2.4878, 2379
2.5157, 2378
2.5180, 2377
2.5225, 2376
2.5227, 2375
2.5290, 2374
2.5292, 2373
2.5378, 2372
2.5380, 2371
2.5383, 2370
2.5448, 2369
2.5451, 2368
2.5453, 2367
2.5537, 2366
2.5539, 2365
2.5584, 2364
2.5586, 2363
2.5588, 2362
2.5795, 2361
2.5798, 2360
2.5820, 2359
2.5885, 2358
2.5887, 2357
2.5889, 2356
2.5953, 2355
2.5956, 2354
2.5958, 2353
2.5960, 2352
2.5963, 2351
2.5965, 2350
2.6186, 2349
2.6189, 2348
2.6280, 2347
2.6282, 2346
2.6284, 2345
2.6355, 2344
2.6357, 2343
2.6360, 2342
2.6362, 2341
2.6409, 2340
2.6556, 2339
2.6620, 2338
2.6684, 2337
2.6749, 2336
2.6772, 2335
2.6940, 2334
2.7045, 2333
2.7169, 2332
2.7335, 2331
2.7358, 2330
2.7360, 2329
2.7507, 2328
2.7570, 2327
2.7572, 2326
2.7595, 2325
2.7783, 2324
2.8023, 2323
2.8026, 2322
2.8028, 2321
2.8135, 2320
2.8137, 2319
2.8139, 2318
2.8289, 2317
2.8291, 2316
2.8624, 2315
2.8627, 2314
2.9576, 2313
2.9599, 2312
2.9621, 2311
2.9664, 2310
2.9666, 2309
2.9709, 2308
2.9711, 2307
2.9733, 2306
2.9776, 2305
2.9799, 2304
2.9944, 2303
3.0008, 2302
3.0051, 2301
3.0053, 2300
3.0097, 2299
3.0100, 2298
3.0225, 2297
3.0270, 2296
3.0353, 2295
3.0355, 2294
3.0378, 2293
3.0483, 2292
3.0526, 2291
3.0529, 2290
3.0593, 2289
3.0595, 2288
3.0638, 2287
3.0640, 2286
3.0727, 2285
3.0771, 2284
3.0896, 2283
3.0960, 2282
3.1064, 2281
3.1066, 2280
3.1110, 2279
3.1175, 2278
3.1198, 2277
3.1200, 2276
3.1345, 2275
3.1489, 2274
3.1572, 2273
3.1780, 2272
3.1845, 2271
3.1909, 2270
3.2238, 2269
3.2281, 2268
3.2283, 2267
3.2285, 2266
3.2287, 2265
3.2330, 2264
3.2332, 2263
3.2395, 2262
3.2479, 2261
3.2481, 2260
3.2483, 2259
3.2485, 2258
3.2488, 2257
3.2612, 2256
3.2716, 2255
3.2759, 2254
3.2864, 2253
3.2928, 2252
3.3117, 2251
3.3160, 2250
3.3203, 2249
3.3246, 2248
3.3289, 2247
3.3291, 2246
3.3416, 2245
3.3459, 2244
3.3461, 2243
3.3464, 2242
3.3632, 2241
3.3695, 2240
3.3759, 2239
3.3802, 2238
3.3988, 2237
3.4076, 2236
3.4179, 2235
3.4181, 2234
3.4306, 2233
3.4369, 2232
3.4454, 2231
3.4658, 2230
3.4660, 2229
3.4763, 2228
3.5027, 2227
3.5109, 2226
3.5112, 2225
3.5336, 2224
3.5945, 2223
3.7125, 2222
3.7372, 2221
3.7415, 2220
3.7417, 2219
3.8010, 2218
3.9494, 2217
4.0403, 2216
4.3000, 2215
4.4087, 2214
