0.0322, 2281
0.0479, 2278
0.0606, 2277
0.0944, 2276
0.2834, 2275
0.3231, 2274
0.3383, 2273
0.3656, 2272
0.3718, 2271
0.3780, 2268
0.4422, 2267
0.4520, 2266
0.4651, 2265
0.6030, 2263
0.7311, 2262
0.7556, 2260
0.8176, 2259
0.8695, 2257
0.9574, 2256
0.9606, 2255
0.9699, 2253
0.9852, 2252
1.0647, 2251
1.0803, 2250
1.0927, 2249
1.1058, 2248
1.1466, 2247
1.1528, 2246
1.1621, 2245
1.3269, 2244
1.4685, 2243
1.4779, 2242
1.4935, 2241
1.5252, 2240
1.6378, 2239
1.7088, 2238
1.7257, 2237
1.8431, 2235
1.9194, 2234
1.9528, 2233
2.0080, 2231
2.0235, 2230
2.0732, 2229
2.0765, 2228
2.0797, 2227
2.1009, 2226
2.2322, 2225
2.3952, 2223
2.4227, 2222
2.5181, 2221
2.5796, 2220
2.6658, 2219
2.6997, 2218
2.7646, 2217
2.8752, 2216
