0.0274, 2281
0.0343, 2280
0.0571, 2279
0.1652, 2278
0.1871, 2277
0.1904, 2275
0.2055, 2273
0.2147, 2272
0.2301, 2271
0.2485, 2270
0.2823, 2269
0.2915, 2268
0.4192, 2267
0.4627, 2266
0.4841, 2265
0.5235, 2264
0.5451, 2263
0.6029, 2262
0.6242, 2261
0.6304, 2260
0.6494, 2259
0.6780, 2258
0.7090, 2257
0.7554, 2256
0.8001, 2255
0.8033, 2254
1.0955, 2253
1.1580, 2252
1.1691, 2251
1.2990, 2250
1.3191, 2249
1.4652, 2248
1.5030, 2247
1.5120, 2246
1.5186, 2245
1.5219, 2243
1.6308, 2242
1.6529, 2241
1.6561, 2238
1.7369, 2235
1.7873, 2233
1.7937, 2232
2.1488, 2230
2.1981, 2229
2.8627, 2228
2.8722, 2227
2.9654, 2226
3.2775, 2225
3.3088, 2224
3.3489, 2223
