0.0424, 2281
0.1277, 2280
0.1349, 2277
0.1634, 2276
0.1893, 2275
0.2047, 2274
0.2305, 2273
0.2694, 2272
0.2908, 2269
0.3005, 2268
0.3150, 2267
0.3549, 2266
0.4026, 2265
0.4285, 2264
0.5001, 2263
0.5066, 2262
0.5258, 2261
0.5613, 2260
0.5711, 2258
0.5880, 2257
0.6813, 2255
0.7314, 2253
0.7486, 2250
0.7551, 2249
0.7713, 2248
0.7963, 2247
0.7995, 2246
0.8127, 2244
0.8963, 2243
1.0020, 2242
1.1623, 2241
1.1746, 2240
1.2569, 2239
1.2693, 2238
1.3901, 2237
1.4831, 2236
1.8473, 2235
2.0615, 2234
2.2349, 2233
2.2662, 2230
2.2694, 2229
2.4521, 2228
2.6547, 2227
2.6827, 2226
2.7447, 2225
2.8448, 2224
3.1957, 2223
3.2086, 2222
