0.6718, 3931
0.6722, 3930
0.6726, 3929
0.6730, 3928
0.6734, 3927
0.6738, 3926
0.6742, 3925
0.6746, 3924
0.6750, 3923
0.6754, 3922
0.6758, 3921
0.6763, 3920
0.6767, 3919
0.6771, 3918
0.6775, 3917
0.6778, 3916
0.6782, 3915
0.6786, 3914
0.6790, 3913
0.6793, 3912
0.6796, 3911
0.6800, 3910
0.6804, 3909
0.6808, 3908
0.6812, 3907
0.6816, 3906
0.6820, 3905
0.6823, 3904
0.6828, 3903
0.6832, 3902
0.6836, 3901
0.6841, 3900
0.6846, 3899
0.6850, 3898
0.6853, 3897
0.6858, 3896
0.6862, 3895
0.6866, 3894
0.6871, 3893
0.6875, 3892
0.6880, 3891
0.6884, 3890
0.6888, 3889
0.6891, 3888
0.6895, 3887
0.6899, 3886
0.6903, 3885
0.6907, 3884
0.6911, 3883
0.6915, 3882
0.6919, 3881
0.6923, 3880
0.6927, 3879
0.6932, 3878
0.6936, 3877
0.6939, 3876
0.6943, 3875
0.6946, 3874
0.6950, 3873
0.6954, 3872
0.6957, 3871
0.6961, 3870
0.6964, 3869
0.6968, 3868
0.6972, 3867
0.6976, 3866
0.6980, 3865
0.6983, 3864
0.6987, 3863
0.6991, 3862
0.6995, 3861
0.6999, 3860
0.7004, 3859
0.7008, 3858
0.7013, 3857
0.7017, 3856
0.7020, 3855
0.7049, 3854
0.7053, 3853
0.7056, 3852
0.7059, 3851
0.7063, 3850
0.7066, 3849
0.7069, 3848
0.7072, 3847
0.7075, 3846
0.7079, 3845
0.7082, 3844
0.7085, 3843
0.7088, 3842
0.7091, 3841
0.7095, 3840
0.7098, 3839
0.7102, 3838
0.7105, 3837
0.7109, 3836
0.7113, 3835
0.7117, 3834
0.7121, 3833
0.7127, 3832
0.7131, 3831
0.7136, 3830
0.7139, 3829
0.7143, 3828
0.7147, 3827
0.7151, 3826
0.7154, 3825
0.7157, 3824
0.7161, 3823
0.7164, 3822
0.7167, 3821
0.7171, 3820
0.7174, 3819
0.7177, 3818
0.7181, 3817
0.7185, 3816
0.7188, 3815
0.7192, 3814
0.7195, 3813
0.7199, 3812
0.7202, 3811
0.7205, 3810
0.7209, 3809
0.7212, 3808
0.7216, 3807
0.7219, 3806
0.7222, 3805
0.7225, 3804
0.7229, 3803
0.7232, 3802
0.7235, 3801
0.7238, 3800
0.7242, 3799
0.7245, 3798
0.7248, 3797
0.7252, 3796
0.7255, 3795
0.7258, 3794
0.7262, 3793
0.7266, 3792
0.7326, 3791
0.7330, 3790
0.7334, 3789
0.7337, 3788
0.7340, 3787
0.7344, 3786
0.7348, 3785
0.7351, 3784
0.7355, 3783
0.7358, 3782
0.7362, 3781
0.7365, 3780
0.7368, 3779
0.7372, 3778
0.7375, 3777
0.7378, 3776
0.7381, 3775
0.7385, 3774
0.7388, 3773
0.7391, 3772
0.7395, 3771
0.7398, 3770
0.7401, 3769
0.7405, 3768
0.7408, 3767
0.7411, 3766
0.7414, 3765
0.7417, 3764
0.7421, 3763
0.7425, 3762
0.7429, 3761
0.7433, 3760
0.7436, 3759
0.7441, 3758
0.7445, 3757
0.7449, 3756
0.7453, 3755
0.7457, 3754
0.7460, 3753
0.7463, 3752
0.7467, 3751
0.7470, 3750
0.7473, 3749
0.7477, 3748
0.7480, 3747
0.7483, 3746
0.7486, 3745
0.7490, 3744
0.7493, 3743
0.7496, 3742
0.7500, 3741
0.7503, 3740
0.7508, 3739
0.7511, 3738
0.7515, 3737
0.7519, 3736
0.7522, 3735
0.7526, 3734
0.7529, 3733
0.7532, 3732
0.7535, 3731
0.7539, 3730
0.7542, 3729
0.7545, 3728
0.7549, 3727
0.7552, 3726
0.7555, 3725
0.7558, 3724
0.7562, 3723
0.7565, 3722
0.7568, 3721
0.7571, 3720
0.7574, 3719
0.7578, 3718
0.7581, 3717
0.7585, 3716
0.7588, 3715
0.7592, 3714
0.7596, 3713
0.7600, 3712
0.7603, 3711
0.7607, 3710
0.7611, 3709
0.7614, 3708
0.7618, 3707
0.7622, 3706
0.7625, 3705
0.7628, 3704
0.7632, 3703
0.7635, 3702
0.7638, 3701
0.7642, 3700
0.7645, 3699
0.7648, 3698
0.7651, 3697
0.7654, 3696
0.7658, 3695
0.7661, 3694
0.7664, 3693
0.7668, 3692
0.7672, 3691
0.7675, 3690
0.7679, 3689
0.7682, 3688
0.7685, 3687
0.7688, 3686
0.7691, 3685
0.7694, 3684
0.7698, 3683
0.7701, 3682
0.7704, 3681
0.7707, 3680
0.7710, 3679
0.7714, 3678
0.7717, 3677
0.7720, 3676
0.7723, 3675
0.7726, 3674
0.7730, 3673
0.7733, 3672
0.7736, 3671
0.7739, 3670
0.7744, 3669
0.7747, 3668
0.7750, 3667
0.7754, 3666
0.7757, 3665
0.7761, 3664
0.7764, 3663
0.7768, 3662
0.7771, 3661
0.7775, 3660
0.7778, 3659
0.7782, 3658
0.7785, 3657
0.7788, 3656
0.7791, 3655
0.7795, 3654
0.7798, 3653
0.7801, 3652
0.7804, 3651
0.7808, 3650
0.7811, 3649
0.7814, 3648
0.7817, 3647
0.7821, 3646
0.7824, 3645
0.7828, 3644
0.7831, 3643
0.7835, 3642
0.7838, 3641
0.7842, 3640
0.7845, 3639
0.7848, 3638
0.7852, 3637
0.7855, 3636
0.7858, 3635
0.7861, 3634
0.7864, 3633
0.7868, 3632
0.7871, 3631
0.7874, 3630
0.7877, 3629
0.7881, 3628
0.7884, 3627
0.7887, 3626
0.7890, 3625
0.7893, 3624
0.7897, 3623
0.7900, 3622
0.7903, 3621
0.7907, 3620
0.7910, 3619
0.7914, 3618
0.7917, 3617
0.7921, 3616
0.7924, 3615
0.7927, 3614
0.7931, 3613
0.7935, 3612
0.7938, 3611
0.7941, 3610
0.7945, 3609
0.7949, 3608
0.7952, 3607
0.7955, 3606
0.7959, 3605
0.7962, 3604
0.7966, 3603
0.7969, 3602
0.7972, 3601
0.7975, 3600
0.7978, 3599
0.7981, 3598
0.7986, 3597
0.7989, 3596
0.7992, 3595
0.7996, 3594
0.7999, 3593
0.8002, 3592
0.8005, 3591
0.8009, 3590
0.8012, 3589
0.8015, 3588
0.8018, 3587
0.8021, 3586
0.8025, 3585
0.8028, 3584
0.8031, 3583
0.8034, 3582
0.8037, 3581
0.8040, 3580
0.8043, 3579
0.8046, 3578
0.8049, 3577
0.8053, 3576
0.8056, 3575
0.8059, 3574
0.8063, 3573
0.8067, 3572
0.8070, 3571
0.8073, 3570
0.8077, 3569
0.8080, 3568
0.8083, 3567
0.8086, 3566
0.8090, 3565
0.8093, 3564
0.8096, 3563
0.8100, 3562
0.8103, 3561
0.8106, 3560
0.8110, 3559
0.8114, 3558
0.8117, 3557
0.8120, 3556
0.8124, 3555
0.8127, 3554
0.8130, 3553
0.8133, 3552
0.8136, 3551
0.8139, 3550
0.8143, 3549
0.8147, 3548
0.8150, 3547
0.8153, 3546
0.8157, 3545
0.8160, 3544
0.8164, 3543
0.8167, 3542
0.8170, 3541
0.8174, 3540
0.8177, 3539
0.8180, 3538
0.8183, 3537
0.8186, 3536
0.8190, 3535
0.8193, 3534
0.8196, 3533
0.8199, 3532
0.8203, 3531
0.8207, 3530
0.8210, 3529
0.8213, 3528
0.8216, 3527
0.8220, 3526
0.8223, 3525
0.8226, 3524
0.8229, 3523
0.8232, 3522
0.8236, 3521
0.8239, 3520
0.8242, 3519
0.8245, 3518
0.8248, 3517
0.8252, 3516
0.8255, 3515
0.8258, 3514
0.8261, 3513
0.8264, 3512
0.8268, 3511
0.8271, 3510
0.8274, 3509
0.8278, 3508
0.8281, 3507
0.8286, 3506
0.8289, 3505
0.8292, 3504
0.8295, 3503
0.8299, 3502
0.8302, 3501
0.8305, 3500
0.8308, 3499
0.8311, 3498
0.8314, 3497
0.8317, 3496
0.8321, 3495
0.8324, 3494
0.8327, 3493
0.8330, 3492
0.8333, 3491
0.8336, 3490
0.8340, 3489
0.8343, 3488
0.8346, 3487
0.8349, 3486
0.8352, 3485
0.8355, 3484
0.8358, 3483
0.8361, 3482
0.8365, 3481
0.8368, 3480
0.8372, 3479
0.8375, 3478
0.8378, 3477
0.8381, 3476
0.8384, 3475
0.8387, 3474
0.8390, 3473
0.8393, 3472
0.8397, 3471
0.8400, 3470
0.8403, 3469
0.8406, 3468
0.8409, 3467
0.8412, 3466
0.8415, 3465
0.8418, 3464
0.8422, 3463
0.8425, 3462
0.8428, 3461
0.8431, 3460
0.8434, 3459
0.8437, 3458
0.8440, 3457
0.8445, 3456
0.8449, 3455
0.8452, 3454
0.8455, 3453
0.8459, 3452
0.8462, 3451
0.8465, 3450
0.8468, 3449
0.8471, 3448
0.8474, 3447
0.8477, 3446
0.8481, 3445
0.8484, 3444
0.8487, 3443
0.8490, 3442
0.8493, 3441
0.8496, 3440
0.8499, 3439
0.8502, 3438
0.8505, 3437
0.8508, 3436
0.8511, 3435
0.8514, 3434
0.8517, 3433
0.8520, 3432
0.8524, 3431
0.8528, 3430
0.8531, 3429
0.8534, 3428
0.8537, 3427
0.8540, 3426
0.8543, 3425
0.8546, 3424
0.8549, 3423
0.8553, 3422
0.8556, 3421
0.8559, 3420
0.8562, 3419
0.8565, 3418
0.8568, 3417
0.8571, 3416
0.8574, 3415
0.8577, 3414
0.8580, 3413
0.8584, 3412
0.8587, 3411
0.8590, 3410
0.8593, 3409
0.8596, 3408
0.8599, 3407
0.8602, 3406
0.8605, 3405
0.8609, 3404
0.8612, 3403
0.8616, 3402
0.8620, 3401
0.8623, 3400
0.8626, 3399
0.8629, 3398
0.8632, 3397
0.8635, 3396
0.8638, 3395
0.8641, 3394
0.8644, 3393
0.8648, 3392
0.8651, 3391
0.8654, 3390
0.8657, 3389
0.8660, 3388
0.8663, 3387
0.8666, 3386
0.8669, 3385
0.8672, 3384
0.8675, 3383
0.8678, 3382
0.8681, 3381
0.8685, 3380
0.8688, 3379
0.8692, 3378
0.8695, 3377
0.8698, 3376
0.8701, 3375
0.8704, 3374
0.8707, 3373
0.8711, 3372
0.8714, 3371
0.8717, 3370
0.8720, 3369
0.8724, 3368
0.8726, 3367
0.8729, 3366
0.8732, 3365
0.8736, 3364
0.8739, 3363
0.8742, 3362
0.8745, 3361
0.8748, 3360
0.8751, 3359
0.8755, 3358
0.8758, 3357
0.8761, 3356
0.8765, 3355
0.8768, 3354
0.8772, 3353
0.8775, 3352
0.8779, 3351
0.8782, 3350
0.8786, 3349
0.8789, 3348
0.8792, 3347
0.8795, 3346
0.8798, 3345
0.8801, 3344
0.8805, 3343
0.8808, 3342
0.8811, 3341
0.8815, 3340
0.8818, 3339
0.8821, 3338
0.8824, 3337
0.8827, 3336
0.8830, 3335
0.8834, 3334
0.8837, 3333
0.8840, 3332
0.8843, 3331
0.8847, 3330
0.8850, 3329
0.8854, 3328
0.8857, 3327
0.8860, 3326
0.8863, 3325
0.8866, 3324
0.8869, 3323
0.8872, 3322
0.8876, 3321
0.8879, 3320
0.8882, 3319
0.8885, 3318
0.8888, 3317
0.8891, 3316
0.8894, 3315
0.8897, 3314
0.8900, 3313
0.8903, 3312
0.8906, 3311
0.8909, 3310
0.8913, 3309
0.8916, 3308
0.8920, 3307
0.8923, 3306
0.8927, 3305
0.8930, 3304
0.8934, 3303
0.8937, 3302
0.8941, 3301
0.8945, 3300
0.8948, 3299
0.8952, 3298
0.8955, 3297
0.8959, 3296
0.8962, 3295
0.8965, 3294
0.8968, 3293
0.8972, 3292
0.8974, 3291
0.8977, 3290
0.8980, 3289
0.8984, 3288
0.8987, 3287
0.8991, 3286
0.8994, 3285
0.8997, 3284
0.8999, 3283
0.9002, 3282
0.9007, 3281
0.9010, 3280
0.9013, 3279
0.9016, 3278
0.9020, 3277
0.9023, 3276
0.9026, 3275
0.9030, 3274
0.9033, 3273
0.9036, 3272
0.9039, 3271
0.9042, 3270
0.9045, 3269
0.9048, 3268
0.9051, 3267
0.9055, 3266
0.9058, 3265
0.9061, 3264
0.9064, 3263
0.9067, 3262
0.9070, 3261
0.9074, 3260
0.9076, 3259
0.9080, 3258
0.9083, 3257
0.9086, 3256
0.9089, 3255
0.9092, 3254
0.9096, 3253
0.9099, 3252
0.9102, 3251
0.9105, 3250
0.9108, 3249
0.9112, 3248
0.9115, 3247
0.9118, 3246
0.9122, 3245
0.9126, 3244
0.9129, 3243
0.9133, 3242
0.9136, 3241
0.9139, 3240
0.9142, 3239
0.9145, 3238
0.9148, 3237
0.9151, 3236
0.9154, 3235
0.9158, 3234
0.9161, 3233
0.9164, 3232
0.9168, 3231
0.9171, 3230
0.9174, 3229
0.9178, 3228
0.9181, 3227
0.9184, 3226
0.9187, 3225
0.9190, 3224
0.9193, 3223
0.9196, 3222
0.9200, 3221
0.9203, 3220
0.9206, 3219
0.9209, 3218
0.9213, 3217
0.9216, 3216
0.9219, 3215
0.9222, 3214
0.9225, 3213
0.9228, 3212
0.9231, 3211
0.9234, 3210
0.9238, 3209
0.9241, 3208
0.9245, 3207
0.9248, 3206
0.9251, 3205
0.9254, 3204
0.9257, 3203
0.9260, 3202
0.9263, 3201
0.9267, 3200
0.9270, 3199
0.9275, 3198
0.9278, 3197
0.9282, 3196
0.9286, 3195
0.9290, 3194
0.9293, 3193
0.9296, 3192
0.9299, 3191
0.9302, 3190
0.9305, 3189
0.9308, 3188
0.9311, 3187
0.9314, 3186
0.9317, 3185
0.9320, 3184
0.9323, 3183
0.9327, 3182
0.9331, 3181
0.9334, 3180
0.9337, 3179
0.9341, 3178
0.9344, 3177
0.9347, 3176
0.9350, 3175
0.9353, 3174
0.9356, 3173
0.9359, 3172
0.9362, 3171
0.9365, 3170
0.9368, 3169
0.9371, 3168
0.9374, 3167
0.9377, 3166
0.9380, 3165
0.9383, 3164
0.9386, 3163
0.9389, 3162
0.9391, 3161
0.9395, 3160
0.9398, 3159
0.9400, 3158
0.9403, 3157
0.9407, 3156
0.9410, 3155
0.9413, 3154
0.9416, 3153
0.9419, 3152
0.9422, 3151
0.9425, 3150
0.9428, 3149
0.9431, 3148
0.9434, 3147
0.9437, 3146
0.9441, 3145
0.9444, 3144
0.9448, 3143
0.9451, 3142
0.9454, 3141
0.9457, 3140
0.9461, 3139
0.9465, 3138
0.9468, 3137
0.9471, 3136
0.9473, 3135
0.9477, 3134
0.9480, 3133
0.9483, 3132
0.9486, 3131
0.9489, 3130
0.9492, 3129
0.9496, 3128
0.9499, 3127
0.9502, 3126
0.9505, 3125
0.9508, 3124
0.9511, 3123
0.9514, 3122
0.9517, 3121
0.9520, 3120
0.9523, 3119
0.9526, 3118
0.9529, 3117
0.9531, 3116
0.9535, 3115
0.9537, 3114
0.9540, 3113
0.9543, 3112
0.9546, 3111
0.9549, 3110
0.9552, 3109
0.9555, 3108
0.9558, 3107
0.9561, 3106
0.9564, 3105
0.9567, 3104
0.9570, 3103
0.9573, 3102
0.9576, 3101
0.9579, 3100
0.9582, 3099
0.9585, 3098
0.9588, 3097
0.9591, 3096
0.9594, 3095
0.9597, 3094
0.9600, 3093
0.9603, 3092
0.9605, 3091
0.9608, 3090
0.9611, 3089
0.9614, 3088
0.9617, 3087
0.9619, 3086
0.9622, 3085
0.9625, 3084
0.9628, 3083
0.9632, 3082
0.9635, 3081
0.9638, 3080
0.9641, 3079
0.9644, 3078
0.9647, 3077
0.9650, 3076
0.9653, 3075
0.9656, 3074
0.9659, 3073
0.9661, 3072
0.9664, 3071
0.9667, 3070
0.9670, 3069
0.9673, 3068
0.9676, 3067
0.9678, 3066
0.9681, 3065
0.9684, 3064
0.9687, 3063
0.9689, 3062
0.9692, 3061
0.9695, 3060
0.9698, 3059
0.9700, 3058
0.9703, 3057
0.9706, 3056
0.9709, 3055
0.9712, 3054
0.9715, 3053
0.9718, 3052
0.9721, 3051
0.9723, 3050
0.9727, 3049
0.9730, 3048
0.9733, 3047
0.9736, 3046
0.9738, 3045
0.9741, 3044
0.9744, 3043
0.9747, 3042
0.9750, 3041
0.9753, 3040
0.9756, 3039
0.9759, 3038
0.9762, 3037
0.9764, 3036
0.9767, 3035
0.9770, 3034
0.9773, 3033
0.9776, 3032
0.9779, 3031
0.9783, 3030
0.9786, 3029
0.9789, 3028
0.9792, 3027
0.9794, 3026
0.9797, 3025
0.9800, 3024
0.9803, 3023
0.9806, 3022
0.9809, 3021
0.9811, 3020
0.9814, 3019
0.9817, 3018
0.9820, 3017
0.9823, 3016
0.9826, 3015
0.9828, 3014
0.9831, 3013
0.9834, 3012
0.9837, 3011
0.9839, 3010
0.9842, 3009
0.9845, 3008
0.9848, 3007
0.9851, 3006
0.9854, 3005
0.9856, 3004
0.9859, 3003
0.9862, 3002
0.9865, 3001
0.9867, 3000
0.9870, 2999
0.9873, 2998
0.9875, 2997
0.9878, 2996
0.9881, 2995
0.9884, 2994
0.9887, 2993
0.9889, 2992
0.9892, 2991
0.9895, 2990
0.9898, 2989
0.9900, 2988
0.9903, 2987
0.9906, 2986
0.9909, 2985
0.9912, 2984
0.9914, 2983
0.9918, 2982
0.9921, 2981
0.9923, 2980
0.9927, 2979
0.9929, 2978
0.9933, 2977
0.9935, 2976
0.9938, 2975
0.9941, 2974
0.9944, 2973
0.9947, 2972
0.9950, 2971
0.9953, 2970
0.9955, 2969
0.9958, 2968
0.9961, 2967
0.9964, 2966
0.9967, 2965
0.9970, 2964
0.9973, 2963
0.9975, 2962
0.9978, 2961
0.9981, 2960
0.9984, 2959
0.9987, 2958
0.9990, 2957
0.9993, 2956
0.9996, 2955
0.9999, 2954
1.0002, 2953
1.0005, 2952
1.0008, 2951
1.0010, 2950
1.0013, 2949
1.0016, 2948
1.0019, 2947
1.0022, 2946
1.0025, 2945
1.0028, 2944
1.0031, 2943
1.0034, 2942
1.0037, 2941
1.0040, 2940
1.0043, 2939
1.0045, 2938
1.0049, 2937
1.0052, 2936
1.0054, 2935
1.0057, 2934
1.0060, 2933
1.0063, 2932
1.0065, 2931
1.0069, 2930
1.0072, 2929
1.0075, 2928
1.0078, 2927
1.0081, 2926
1.0084, 2925
1.0088, 2924
1.0090, 2923
1.0093, 2922
1.0096, 2921
1.0099, 2920
1.0103, 2919
1.0106, 2918
1.0109, 2917
1.0113, 2916
1.0116, 2915
1.0119, 2914
1.0122, 2913
1.0125, 2912
1.0128, 2911
1.0131, 2910
1.0134, 2909
1.0138, 2908
1.0141, 2907
1.0144, 2906
1.0147, 2905
1.0150, 2904
1.0152, 2903
1.0155, 2902
1.0158, 2901
1.0161, 2900
1.0164, 2899
1.0167, 2898
1.0170, 2897
1.0173, 2896
1.0175, 2895
1.0179, 2894
1.0182, 2893
1.0185, 2892
1.0188, 2891
1.0190, 2890
1.0193, 2889
1.0196, 2888
1.0199, 2887
1.0202, 2886
1.0205, 2885
1.0208, 2884
1.0211, 2883
1.0214, 2882
1.0217, 2881
1.0220, 2880
1.0222, 2879
1.0225, 2878
1.0228, 2877
1.0231, 2876
1.0234, 2875
1.0236, 2874
1.0239, 2873
1.0242, 2872
1.0245, 2871
1.0248, 2870
1.0252, 2869
1.0254, 2868
1.0257, 2867
1.0261, 2866
1.0264, 2865
1.0266, 2864
1.0269, 2863
1.0272, 2862
1.0275, 2861
1.0278, 2860
1.0281, 2859
1.0284, 2858
1.0287, 2857
1.0290, 2856
1.0293, 2855
1.0295, 2854
1.0298, 2853
1.0301, 2852
1.0303, 2851
1.0306, 2850
1.0309, 2849
1.0311, 2848
1.0314, 2847
1.0317, 2846
1.0320, 2845
1.0323, 2844
1.0325, 2843
1.0328, 2842
1.0331, 2841
1.0333, 2840
1.0336, 2839
1.0339, 2838
1.0341, 2837
1.0344, 2836
1.0347, 2835
1.0350, 2834
1.0353, 2833
1.0355, 2832
1.0358, 2831
1.0361, 2830
1.0364, 2829
1.0366, 2828
1.0369, 2827
1.0372, 2826
1.0375, 2825
1.0377, 2824
1.0380, 2823
1.0383, 2822
1.0385, 2821
1.0388, 2820
1.0391, 2819
1.0393, 2818
1.0396, 2817
1.0399, 2816
1.0401, 2815
1.0404, 2814
1.0407, 2813
1.0409, 2812
1.0412, 2811
1.0415, 2810
1.0417, 2809
1.0420, 2808
1.0423, 2807
1.0425, 2806
1.0428, 2805
1.0431, 2804
1.0433, 2803
1.0436, 2802
1.0439, 2801
1.0442, 2800
1.0444, 2799
1.0447, 2798
1.0450, 2797
1.0453, 2796
1.0456, 2795
1.0459, 2794
1.0462, 2793
1.0464, 2792
1.0467, 2791
1.0470, 2790
1.0473, 2789
1.0476, 2788
1.0479, 2787
1.0481, 2786
1.0484, 2785
1.0486, 2784
1.0489, 2783
1.0492, 2782
1.0494, 2781
1.0497, 2780
1.0500, 2779
1.0502, 2778
1.0505, 2777
1.0508, 2776
1.0510, 2775
1.0513, 2774
1.0516, 2773
1.0518, 2772
1.0521, 2771
1.0523, 2770
1.0526, 2769
1.0529, 2768
1.0532, 2767
1.0534, 2766
1.0537, 2765
1.0540, 2764
1.0542, 2763
1.0545, 2762
1.0548, 2761
1.0550, 2760
1.0553, 2759
1.0556, 2758
1.0558, 2757
1.0561, 2756
1.0564, 2755
1.0567, 2754
1.0570, 2753
1.0573, 2752
1.0576, 2751
1.0579, 2750
1.0582, 2749
1.0584, 2748
1.0587, 2747
1.0590, 2746
1.0593, 2745
1.0596, 2744
1.0599, 2743
1.0601, 2742
1.0604, 2741
1.0607, 2740
1.0611, 2739
1.0613, 2738
1.0617, 2737
1.0620, 2736
1.0623, 2735
1.0626, 2734
1.0629, 2733
1.0632, 2732
1.0635, 2731
1.0637, 2730
1.0640, 2729
1.0642, 2728
1.0646, 2727
1.0648, 2726
1.0651, 2725
1.0654, 2724
1.0657, 2723
1.0659, 2722
1.0662, 2721
1.0665, 2720
1.0668, 2719
1.0670, 2718
1.0673, 2717
1.0676, 2716
1.0679, 2715
1.0682, 2714
1.0684, 2713
1.0687, 2712
1.0690, 2711
1.0693, 2710
1.0695, 2709
1.0698, 2708
1.0700, 2707
1.0703, 2706
1.0706, 2705
1.0708, 2704
1.0711, 2703
1.0713, 2702
1.0716, 2701
1.0719, 2700
1.0721, 2699
1.0724, 2698
1.0726, 2697
1.0729, 2696
1.0732, 2695
1.0734, 2694
1.0737, 2693
1.0739, 2692
1.0742, 2691
1.0745, 2690
1.0748, 2689
1.0750, 2688
1.0753, 2687
1.0756, 2686
1.0759, 2685
1.0761, 2684
1.0764, 2683
1.0767, 2682
1.0770, 2681
1.0772, 2680
1.0775, 2679
1.0778, 2678
1.0781, 2677
1.0784, 2676
1.0786, 2675
1.0790, 2674
1.0793, 2673
1.0796, 2672
1.0799, 2671
1.0802, 2670
1.0804, 2669
1.0807, 2668
1.0809, 2667
1.0812, 2666
1.0814, 2665
1.0817, 2664
1.0819, 2663
1.0822, 2662
1.0825, 2661
1.0828, 2660
1.0830, 2659
1.0833, 2658
1.0836, 2657
1.0838, 2656
1.0841, 2655
1.0844, 2654
1.0846, 2653
1.0849, 2652
1.0851, 2651
1.0854, 2650
1.0856, 2649
1.0859, 2648
1.0861, 2647
1.0864, 2646
1.0866, 2645
1.0869, 2644
1.0871, 2643
1.0874, 2642
1.0876, 2641
1.0879, 2640
1.0881, 2639
1.0884, 2638
1.0886, 2637
1.0889, 2636
1.0892, 2635
1.0894, 2634
1.0897, 2633
1.0900, 2632
1.0902, 2631
1.0905, 2630
1.0907, 2629
1.0910, 2628
1.0913, 2627
1.0915, 2626
1.0918, 2625
1.0921, 2624
1.0924, 2623
1.0927, 2622
1.0929, 2621
1.0932, 2620
1.0934, 2619
1.0937, 2618
1.0939, 2617
1.0942, 2616
1.0945, 2615
1.0947, 2614
1.0950, 2613
1.0953, 2612
1.0956, 2611
1.0958, 2610
1.0961, 2609
1.0964, 2608
1.0966, 2607
1.0969, 2606
1.0972, 2605
1.0975, 2604
1.0977, 2603
1.0980, 2602
1.0982, 2601
1.0985, 2600
1.0987, 2599
1.0990, 2598
1.0992, 2597
1.0995, 2596
1.0997, 2595
1.1000, 2594
1.1002, 2593
1.1005, 2592
1.1008, 2591
1.1010, 2590
1.1013, 2589
1.1015, 2588
1.1017, 2587
1.1020, 2586
1.1023, 2585
1.1025, 2584
1.1028, 2583
1.1030, 2582
1.1033, 2581
1.1036, 2580
1.1038, 2579
1.1041, 2578
1.1043, 2577
1.1046, 2576
1.1049, 2575
1.1051, 2574
1.1054, 2573
1.1056, 2572
1.1059, 2571
1.1061, 2570
1.1064, 2569
1.1067, 2568
1.1135, 2567
1.1199, 2566
1.1202, 2565
1.1352, 2564
1.1354, 2563
1.1440, 2562
1.1442, 2561
1.1633, 2560
1.1758, 2559
1.1886, 2558
1.2094, 2557
1.2097, 2556
1.2182, 2555
1.2247, 2554
1.2332, 2553
1.2334, 2552
1.2400, 2551
1.2549, 2550
1.2593, 2549
1.2766, 2548
1.2810, 2547
1.2832, 2546
1.2855, 2545
1.2857, 2544
1.2860, 2543
1.2903, 2542
1.3009, 2541
1.3011, 2540
1.3136, 2539
1.3220, 2538
1.3305, 2537
1.3307, 2536
1.3391, 2535
1.3561, 2534
1.3564, 2533
1.3690, 2532
1.3774, 2531
1.3820, 2530
1.3822, 2529
1.3928, 2528
1.3930, 2527
1.3932, 2526
1.4060, 2525
1.4062, 2524
1.4085, 2523
1.4149, 2522
1.4152, 2521
1.4217, 2520
1.4219, 2519
1.4221, 2518
1.4224, 2517
1.4288, 2516
1.4352, 2515
1.5038, 2514
1.5189, 2513
1.5191, 2512
1.5342, 2511
1.5595, 2510
1.5765, 2509
1.5767, 2508
1.5854, 2507
1.5919, 2506
1.6005, 2505
1.6239, 2504
1.6454, 2503
1.6500, 2502
1.6588, 2501
1.6632, 2500
1.6634, 2499
1.6678, 2498
1.6784, 2497
1.6828, 2496
1.6830, 2495
1.6937, 2494
1.6980, 2493
1.6982, 2492
1.6984, 2491
1.6987, 2490
1.6989, 2489
1.7074, 2488
1.7076, 2487
1.7078, 2486
1.7225, 2485
1.7228, 2484
1.7230, 2483
1.7419, 2482
1.7485, 2481
1.7571, 2480
1.7615, 2479
1.7700, 2478
1.7725, 2477
1.7770, 2476
1.7773, 2475
1.7775, 2474
1.7778, 2473
1.7991, 2472
1.8166, 2471
1.8168, 2470
1.8171, 2469
1.8194, 2468
1.8197, 2467
1.8345, 2466
1.8494, 2465
1.8559, 2464
1.8770, 2463
1.8773, 2462
1.8878, 2461
1.8881, 2460
1.8883, 2459
1.8947, 2458
1.8991, 2457
1.8993, 2456
1.9184, 2455
1.9310, 2454
1.9416, 2453
1.9418, 2452
1.9503, 2451
1.9692, 2450
1.9858, 2449
1.9923, 2448
2.0048, 2447
2.0092, 2446
2.0362, 2445
2.0552, 2444
2.0657, 2443
2.0659, 2442
2.0952, 2441
2.0955, 2440
2.1019, 2439
2.1104, 2438
2.1373, 2437
2.1459, 2436
2.1626, 2435
2.1690, 2434
2.1713, 2433
2.2093, 2432
2.2138, 2431
2.2349, 2430
2.2351, 2429
2.2437, 2428
2.2607, 2427
2.2798, 2426
2.2801, 2425
2.2928, 2424
2.3077, 2423
2.3231, 2422
2.3299, 2421
2.3476, 2420
2.3563, 2419
2.3752, 2418
2.3795, 2417
2.3860, 2416
2.3945, 2415
2.3947, 2414
2.3971, 2413
2.3973, 2412
2.4078, 2411
2.4081, 2410
2.4124, 2409
2.4126, 2408
2.4128, 2407
2.4214, 2406
2.4382, 2405
2.4384, 2404
2.4449, 2403
2.4514, 2402
2.4557, 2401
2.4580, 2400
2.4583, 2399
2.4730, 2398
2.4732, 2397
2.4734, 2396
2.4778, 2395
2.4781, 2394
2.4866, 2393
2.5076, 2392
2.5119, 2391
2.5121, 2390
2.5123, 2389
2.5125, 2388
2.5128, 2387
2.5130, 2386
2.5194, 2385
2.5196, 2384
2.5281, 2383
2.5283, 2382
2.5286, 2381
2.5329, 2380
2.5331, 2379
2.5396, 2378
2.5439, 2377
2.5441, 2376
2.5505, 2375
2.5508, 2374
2.5510, 2373
2.5636, 2372
2.5638, 2371
2.5742, 2370
2.5786, 2369
2.5788, 2368
2.5790, 2367
2.5876, 2366
2.5879, 2365
2.5881, 2364
2.5883, 2363
2.5886, 2362
2.5888, 2361
2.6118, 2360
2.6120, 2359
2.6143, 2358
2.6146, 2357
2.6210, 2356
2.6275, 2355
2.6278, 2354
2.6280, 2353
2.6282, 2352
2.6326, 2351
2.6472, 2350
2.6535, 2349
2.6640, 2348
2.6683, 2347
2.6685, 2346
2.6854, 2345
2.6856, 2344
2.6921, 2343
2.6964, 2342
2.6966, 2341
2.6969, 2340
2.7033, 2339
2.7222, 2338
2.7224, 2337
2.7226, 2336
2.7394, 2335
2.7437, 2334
2.7439, 2333
2.7484, 2332
2.7736, 2331
2.7926, 2330
2.7928, 2329
2.7931, 2328
2.7996, 2327
2.7998, 2326
2.8084, 2325
2.8086, 2324
2.9378, 2323
2.9483, 2322
2.9506, 2321
2.9550, 2320
2.9553, 2319
2.9596, 2318
2.9598, 2317
2.9621, 2316
2.9664, 2315
2.9687, 2314
2.9833, 2313
2.9896, 2312
2.9942, 2311
2.9944, 2310
2.9990, 2309
2.9992, 2308
3.0118, 2307
3.0243, 2306
3.0245, 2305
3.0247, 2304
3.0270, 2303
3.0378, 2302
3.0422, 2301
3.0424, 2300
3.0467, 2299
3.0510, 2298
3.0513, 2297
3.0535, 2296
3.0619, 2295
3.0662, 2294
3.0789, 2293
3.0854, 2292
3.0980, 2291
3.0982, 2290
3.1026, 2289
3.1069, 2288
3.1093, 2287
3.1095, 2286
3.1240, 2285
3.1406, 2284
3.1408, 2283
3.1573, 2282
3.1720, 2281
3.1786, 2280
3.2125, 2279
3.2211, 2278
3.2213, 2277
3.2215, 2276
3.2218, 2275
3.2220, 2274
3.2305, 2273
3.2308, 2272
3.2372, 2271
3.2374, 2270
3.2376, 2269
3.2378, 2268
3.2380, 2267
3.2508, 2266
3.2777, 2265
3.2903, 2264
3.2906, 2263
3.3013, 2262
3.3078, 2261
3.3166, 2260
3.3169, 2259
3.3254, 2258
3.3300, 2257
3.3302, 2256
3.3346, 2255
3.3412, 2254
3.3414, 2253
3.3416, 2252
3.3609, 2251
3.3652, 2250
3.3715, 2249
3.3781, 2248
3.3949, 2247
3.4074, 2246
3.4140, 2245
3.4182, 2244
3.4348, 2243
3.4433, 2242
3.4435, 2241
3.4437, 2240
3.4480, 2239
3.4625, 2238
3.4628, 2237
3.4670, 2236
3.4672, 2235
3.4817, 2234
3.4819, 2233
3.4902, 2232
3.5046, 2231
3.5274, 2230
3.5400, 2229
3.5666, 2228
3.6926, 2227
3.7070, 2226
3.7216, 2225
3.7320, 2224
3.7363, 2223
3.7468, 2222
3.8043, 2221
3.8741, 2220
3.9762, 2219
3.9805, 2218
3.9889, 2217
4.2880, 2216
4.2882, 2215
4.3475, 2214
