0.7651, 3931
0.7655, 3930
0.7659, 3929
0.7663, 3928
0.7667, 3927
0.7670, 3926
0.7674, 3925
0.7678, 3924
0.7681, 3923
0.7685, 3922
0.7688, 3921
0.7692, 3920
0.7696, 3919
0.7699, 3918
0.7702, 3917
0.7706, 3916
0.7709, 3915
0.7713, 3914
0.7716, 3913
0.7720, 3912
0.7723, 3911
0.7727, 3910
0.7730, 3909
0.7734, 3908
0.7737, 3907
0.7741, 3906
0.7744, 3905
0.7747, 3904
0.7751, 3903
0.7754, 3902
0.7757, 3901
0.7761, 3900
0.7765, 3899
0.7768, 3898
0.7772, 3897
0.7775, 3896
0.7779, 3895
0.7783, 3894
0.7786, 3893
0.7789, 3892
0.7793, 3891
0.7796, 3890
0.7799, 3889
0.7803, 3888
0.7806, 3887
0.7810, 3886
0.7813, 3885
0.7817, 3884
0.7820, 3883
0.7824, 3882
0.7827, 3881
0.7831, 3880
0.7834, 3879
0.7838, 3878
0.7841, 3877
0.7845, 3876
0.7848, 3875
0.7852, 3874
0.7855, 3873
0.7859, 3872
0.7862, 3871
0.7865, 3870
0.7869, 3869
0.7872, 3868
0.7875, 3867
0.7879, 3866
0.7882, 3865
0.7886, 3864
0.7889, 3863
0.7893, 3862
0.7896, 3861
0.7900, 3860
0.7903, 3859
0.7906, 3858
0.7910, 3857
0.7913, 3856
0.7917, 3855
0.7920, 3854
0.7924, 3853
0.7928, 3852
0.7931, 3851
0.7935, 3850
0.7938, 3849
0.7941, 3848
0.7945, 3847
0.7948, 3846
0.7951, 3845
0.7955, 3844
0.7959, 3843
0.7962, 3842
0.7965, 3841
0.7969, 3840
0.7972, 3839
0.7976, 3838
0.7980, 3837
0.7983, 3836
0.7987, 3835
0.7990, 3834
0.7993, 3833
0.7997, 3832
0.8000, 3831
0.8004, 3830
0.8007, 3829
0.8010, 3828
0.8014, 3827
0.8017, 3826
0.8020, 3825
0.8024, 3824
0.8027, 3823
0.8031, 3822
0.8034, 3821
0.8037, 3820
0.8041, 3819
0.8044, 3818
0.8048, 3817
0.8051, 3816
0.8055, 3815
0.8058, 3814
0.8062, 3813
0.8065, 3812
0.8068, 3811
0.8072, 3810
0.8076, 3809
0.8079, 3808
0.8083, 3807
0.8086, 3806
0.8090, 3805
0.8094, 3804
0.8098, 3803
0.8101, 3802
0.8104, 3801
0.8108, 3800
0.8111, 3799
0.8115, 3798
0.8118, 3797
0.8121, 3796
0.8125, 3795
0.8128, 3794
0.8131, 3793
0.8135, 3792
0.8139, 3791
0.8142, 3790
0.8145, 3789
0.8149, 3788
0.8153, 3787
0.8157, 3786
0.8161, 3785
0.8164, 3784
0.8168, 3783
0.8171, 3782
0.8175, 3781
0.8179, 3780
0.8182, 3779
0.8186, 3778
0.8189, 3777
0.8192, 3776
0.8196, 3775
0.8199, 3774
0.8202, 3773
0.8206, 3772
0.8209, 3771
0.8213, 3770
0.8216, 3769
0.8220, 3768
0.8224, 3767
0.8227, 3766
0.8230, 3765
0.8234, 3764
0.8237, 3763
0.8241, 3762
0.8244, 3761
0.8248, 3760
0.8251, 3759
0.8255, 3758
0.8258, 3757
0.8262, 3756
0.8265, 3755
0.8269, 3754
0.8272, 3753
0.8276, 3752
0.8280, 3751
0.8283, 3750
0.8286, 3749
0.8289, 3748
0.8293, 3747
0.8296, 3746
0.8300, 3745
0.8304, 3744
0.8307, 3743
0.8310, 3742
0.8314, 3741
0.8318, 3740
0.8321, 3739
0.8324, 3738
0.8328, 3737
0.8331, 3736
0.8335, 3735
0.8338, 3734
0.8341, 3733
0.8345, 3732
0.8348, 3731
0.8351, 3730
0.8355, 3729
0.8359, 3728
0.8362, 3727
0.8366, 3726
0.8369, 3725
0.8372, 3724
0.8376, 3723
0.8379, 3722
0.8383, 3721
0.8386, 3720
0.8389, 3719
0.8393, 3718
0.8396, 3717
0.8400, 3716
0.8403, 3715
0.8406, 3714
0.8410, 3713
0.8414, 3712
0.8418, 3711
0.8422, 3710
0.8425, 3709
0.8428, 3708
0.8431, 3707
0.8435, 3706
0.8438, 3705
0.8441, 3704
0.8444, 3703
0.8448, 3702
0.8451, 3701
0.8454, 3700
0.8457, 3699
0.8461, 3698
0.8464, 3697
0.8467, 3696
0.8470, 3695
0.8474, 3694
0.8477, 3693
0.8480, 3692
0.8484, 3691
0.8487, 3690
0.8490, 3689
0.8494, 3688
0.8497, 3687
0.8500, 3686
0.8504, 3685
0.8507, 3684
0.8510, 3683
0.8514, 3682
0.8517, 3681
0.8520, 3680
0.8523, 3679
0.8527, 3678
0.8530, 3677
0.8534, 3676
0.8537, 3675
0.8540, 3674
0.8544, 3673
0.8547, 3672
0.8551, 3671
0.8554, 3670
0.8558, 3669
0.8561, 3668
0.8564, 3667
0.8568, 3666
0.8571, 3665
0.8574, 3664
0.8577, 3663
0.8581, 3662
0.8584, 3661
0.8587, 3660
0.8590, 3659
0.8594, 3658
0.8597, 3657
0.8600, 3656
0.8603, 3655
0.8607, 3654
0.8611, 3653
0.8614, 3652
0.8618, 3651
0.8621, 3650
0.8624, 3649
0.8627, 3648
0.8631, 3647
0.8634, 3646
0.8637, 3645
0.8641, 3644
0.8644, 3643
0.8647, 3642
0.8650, 3641
0.8653, 3640
0.8657, 3639
0.8660, 3638
0.8663, 3637
0.8666, 3636
0.8670, 3635
0.8673, 3634
0.8676, 3633
0.8680, 3632
0.8683, 3631
0.8686, 3630
0.8689, 3629
0.8693, 3628
0.8696, 3627
0.8699, 3626
0.8702, 3625
0.8705, 3624
0.8709, 3623
0.8712, 3622
0.8715, 3621
0.8718, 3620
0.8722, 3619
0.8725, 3618
0.8728, 3617
0.8731, 3616
0.8735, 3615
0.8738, 3614
0.8741, 3613
0.8744, 3612
0.8747, 3611
0.8751, 3610
0.8754, 3609
0.8757, 3608
0.8760, 3607
0.8764, 3606
0.8767, 3605
0.8770, 3604
0.8773, 3603
0.8776, 3602
0.8779, 3601
0.8783, 3600
0.8786, 3599
0.8790, 3598
0.8793, 3597
0.8796, 3596
0.8800, 3595
0.8803, 3594
0.8806, 3593
0.8810, 3592
0.8813, 3591
0.8816, 3590
0.8819, 3589
0.8822, 3588
0.8826, 3587
0.8829, 3586
0.8833, 3585
0.8836, 3584
0.8839, 3583
0.8842, 3582
0.8845, 3581
0.8849, 3580
0.8852, 3579
0.8855, 3578
0.8859, 3577
0.8862, 3576
0.8865, 3575
0.8869, 3574
0.8872, 3573
0.8875, 3572
0.8879, 3571
0.8882, 3570
0.8885, 3569
0.8889, 3568
0.8892, 3567
0.8895, 3566
0.8898, 3565
0.8902, 3564
0.8905, 3563
0.8908, 3562
0.8911, 3561
0.8915, 3560
0.8918, 3559
0.8921, 3558
0.8924, 3557
0.8928, 3556
0.8931, 3555
0.8934, 3554
0.8937, 3553
0.8940, 3552
0.8943, 3551
0.8946, 3550
0.8950, 3549
0.8953, 3548
0.8956, 3547
0.8959, 3546
0.8962, 3545
0.8965, 3544
0.8968, 3543
0.8972, 3542
0.8975, 3541
0.8978, 3540
0.8982, 3539
0.8985, 3538
0.8989, 3537
0.8992, 3536
0.8995, 3535
0.8998, 3534
0.9001, 3533
0.9004, 3532
0.9008, 3531
0.9011, 3530
0.9014, 3529
0.9017, 3528
0.9020, 3527
0.9023, 3526
0.9026, 3525
0.9030, 3524
0.9033, 3523
0.9036, 3522
0.9039, 3521
0.9042, 3520
0.9046, 3519
0.9049, 3518
0.9052, 3517
0.9055, 3516
0.9058, 3515
0.9062, 3514
0.9065, 3513
0.9068, 3512
0.9072, 3511
0.9076, 3510
0.9079, 3509
0.9082, 3508
0.9085, 3507
0.9088, 3506
0.9092, 3505
0.9095, 3504
0.9098, 3503
0.9101, 3502
0.9105, 3501
0.9108, 3500
0.9111, 3499
0.9114, 3498
0.9118, 3497
0.9121, 3496
0.9124, 3495
0.9127, 3494
0.9130, 3493
0.9133, 3492
0.9136, 3491
0.9140, 3490
0.9143, 3489
0.9146, 3488
0.9149, 3487
0.9152, 3486
0.9155, 3485
0.9158, 3484
0.9161, 3483
0.9165, 3482
0.9168, 3481
0.9171, 3480
0.9174, 3479
0.9177, 3478
0.9180, 3477
0.9184, 3476
0.9187, 3475
0.9190, 3474
0.9193, 3473
0.9196, 3472
0.9199, 3471
0.9202, 3470
0.9205, 3469
0.9209, 3468
0.9212, 3467
0.9215, 3466
0.9218, 3465
0.9222, 3464
0.9225, 3463
0.9228, 3462
0.9231, 3461
0.9235, 3460
0.9238, 3459
0.9241, 3458
0.9244, 3457
0.9247, 3456
0.9250, 3455
0.9253, 3454
0.9256, 3453
0.9259, 3452
0.9262, 3451
0.9266, 3450
0.9269, 3449
0.9272, 3448
0.9275, 3447
0.9278, 3446
0.9281, 3445
0.9284, 3444
0.9287, 3443
0.9290, 3442
0.9293, 3441
0.9296, 3440
0.9300, 3439
0.9303, 3438
0.9306, 3437
0.9309, 3436
0.9312, 3435
0.9315, 3434
0.9318, 3433
0.9321, 3432
0.9324, 3431
0.9328, 3430
0.9331, 3429
0.9334, 3428
0.9338, 3427
0.9341, 3426
0.9344, 3425
0.9347, 3424
0.9350, 3423
0.9353, 3422
0.9357, 3421
0.9360, 3420
0.9363, 3419
0.9366, 3418
0.9369, 3417
0.9373, 3416
0.9376, 3415
0.9379, 3414
0.9382, 3413
0.9385, 3412
0.9389, 3411
0.9392, 3410
0.9395, 3409
0.9398, 3408
0.9401, 3407
0.9404, 3406
0.9407, 3405
0.9410, 3404
0.9413, 3403
0.9416, 3402
0.9419, 3401
0.9422, 3400
0.9425, 3399
0.9428, 3398
0.9431, 3397
0.9434, 3396
0.9437, 3395
0.9440, 3394
0.9443, 3393
0.9446, 3392
0.9449, 3391
0.9452, 3390
0.9455, 3389
0.9458, 3388
0.9461, 3387
0.9465, 3386
0.9468, 3385
0.9471, 3384
0.9474, 3383
0.9478, 3382
0.9481, 3381
0.9484, 3380
0.9488, 3379
0.9491, 3378
0.9494, 3377
0.9497, 3376
0.9500, 3375
0.9504, 3374
0.9507, 3373
0.9510, 3372
0.9513, 3371
0.9516, 3370
0.9520, 3369
0.9523, 3368
0.9526, 3367
0.9530, 3366
0.9533, 3365
0.9536, 3364
0.9539, 3363
0.9542, 3362
0.9545, 3361
0.9548, 3360
0.9552, 3359
0.9556, 3358
0.9560, 3357
0.9563, 3356
0.9566, 3355
0.9569, 3354
0.9573, 3353
0.9576, 3352
0.9579, 3351
0.9582, 3350
0.9585, 3349
0.9588, 3348
0.9591, 3347
0.9594, 3346
0.9597, 3345
0.9601, 3344
0.9604, 3343
0.9607, 3342
0.9610, 3341
0.9613, 3340
0.9616, 3339
0.9620, 3338
0.9623, 3337
0.9626, 3336
0.9629, 3335
0.9632, 3334
0.9635, 3333
0.9638, 3332
0.9641, 3331
0.9644, 3330
0.9647, 3329
0.9650, 3328
0.9653, 3327
0.9657, 3326
0.9660, 3325
0.9663, 3324
0.9666, 3323
0.9669, 3322
0.9672, 3321
0.9675, 3320
0.9678, 3319
0.9681, 3318
0.9684, 3317
0.9687, 3316
0.9690, 3315
0.9693, 3314
0.9696, 3313
0.9699, 3312
0.9702, 3311
0.9705, 3310
0.9708, 3309
0.9711, 3308
0.9714, 3307
0.9718, 3306
0.9721, 3305
0.9724, 3304
0.9727, 3303
0.9730, 3302
0.9733, 3301
0.9738, 3300
0.9741, 3299
0.9745, 3298
0.9748, 3297
0.9751, 3296
0.9754, 3295
0.9757, 3294
0.9761, 3293
0.9764, 3292
0.9767, 3291
0.9770, 3290
0.9773, 3289
0.9776, 3288
0.9780, 3287
0.9784, 3286
0.9787, 3285
0.9790, 3284
0.9793, 3283
0.9796, 3282
0.9799, 3281
0.9802, 3280
0.9805, 3279
0.9808, 3278
0.9811, 3277
0.9814, 3276
0.9818, 3275
0.9821, 3274
0.9824, 3273
0.9827, 3272
0.9831, 3271
0.9834, 3270
0.9837, 3269
0.9840, 3268
0.9843, 3267
0.9846, 3266
0.9850, 3265
0.9853, 3264
0.9857, 3263
0.9859, 3262
0.9863, 3261
0.9866, 3260
0.9869, 3259
0.9872, 3258
0.9875, 3257
0.9878, 3256
0.9881, 3255
0.9884, 3254
0.9887, 3253
0.9891, 3252
0.9894, 3251
0.9897, 3250
0.9900, 3249
0.9904, 3248
0.9907, 3247
0.9910, 3246
0.9913, 3245
0.9916, 3244
0.9919, 3243
0.9922, 3242
0.9925, 3241
0.9928, 3240
0.9931, 3239
0.9934, 3238
0.9937, 3237
0.9940, 3236
0.9944, 3235
0.9947, 3234
0.9950, 3233
0.9953, 3232
0.9956, 3231
0.9959, 3230
0.9963, 3229
0.9966, 3228
0.9969, 3227
0.9973, 3226
0.9976, 3225
0.9979, 3224
0.9982, 3223
0.9985, 3222
0.9988, 3221
0.9992, 3220
0.9995, 3219
0.9998, 3218
1.0001, 3217
1.0005, 3216
1.0008, 3215
1.0011, 3214
1.0015, 3213
1.0018, 3212
1.0021, 3211
1.0024, 3210
1.0027, 3209
1.0030, 3208
1.0034, 3207
1.0037, 3206
1.0039, 3205
1.0042, 3204
1.0045, 3203
1.0048, 3202
1.0051, 3201
1.0055, 3200
1.0058, 3199
1.0062, 3198
1.0066, 3197
1.0069, 3196
1.0072, 3195
1.0075, 3194
1.0079, 3193
1.0082, 3192
1.0085, 3191
1.0088, 3190
1.0091, 3189
1.0094, 3188
1.0097, 3187
1.0100, 3186
1.0103, 3185
1.0106, 3184
1.0109, 3183
1.0112, 3182
1.0115, 3181
1.0119, 3180
1.0122, 3179
1.0125, 3178
1.0128, 3177
1.0131, 3176
1.0134, 3175
1.0138, 3174
1.0141, 3173
1.0145, 3172
1.0148, 3171
1.0151, 3170
1.0154, 3169
1.0157, 3168
1.0160, 3167
1.0163, 3166
1.0166, 3165
1.0169, 3164
1.0172, 3163
1.0175, 3162
1.0178, 3161
1.0181, 3160
1.0185, 3159
1.0188, 3158
1.0191, 3157
1.0194, 3156
1.0197, 3155
1.0200, 3154
1.0203, 3153
1.0206, 3152
1.0209, 3151
1.0212, 3150
1.0215, 3149
1.0218, 3148
1.0221, 3147
1.0224, 3146
1.0227, 3145
1.0231, 3144
1.0234, 3143
1.0237, 3142
1.0240, 3141
1.0243, 3140
1.0246, 3139
1.0250, 3138
1.0254, 3137
1.0257, 3136
1.0260, 3135
1.0262, 3134
1.0266, 3133
1.0269, 3132
1.0272, 3131
1.0275, 3130
1.0278, 3129
1.0281, 3128
1.0284, 3127
1.0287, 3126
1.0290, 3125
1.0293, 3124
1.0296, 3123
1.0299, 3122
1.0302, 3121
1.0305, 3120
1.0308, 3119
1.0311, 3118
1.0314, 3117
1.0317, 3116
1.0319, 3115
1.0322, 3114
1.0325, 3113
1.0328, 3112
1.0331, 3111
1.0334, 3110
1.0337, 3109
1.0340, 3108
1.0343, 3107
1.0346, 3106
1.0349, 3105
1.0352, 3104
1.0355, 3103
1.0357, 3102
1.0360, 3101
1.0363, 3100
1.0366, 3099
1.0369, 3098
1.0372, 3097
1.0375, 3096
1.0378, 3095
1.0381, 3094
1.0384, 3093
1.0387, 3092
1.0390, 3091
1.0393, 3090
1.0396, 3089
1.0399, 3088
1.0401, 3087
1.0404, 3086
1.0407, 3085
1.0410, 3084
1.0413, 3083
1.0416, 3082
1.0420, 3081
1.0423, 3080
1.0425, 3079
1.0428, 3078
1.0432, 3077
1.0435, 3076
1.0438, 3075
1.0441, 3074
1.0444, 3073
1.0447, 3072
1.0450, 3071
1.0453, 3070
1.0456, 3069
1.0459, 3068
1.0462, 3067
1.0465, 3066
1.0468, 3065
1.0470, 3064
1.0473, 3063
1.0476, 3062
1.0479, 3061
1.0482, 3060
1.0484, 3059
1.0487, 3058
1.0490, 3057
1.0493, 3056
1.0496, 3055
1.0498, 3054
1.0501, 3053
1.0504, 3052
1.0507, 3051
1.0510, 3050
1.0513, 3049
1.0516, 3048
1.0519, 3047
1.0522, 3046
1.0525, 3045
1.0528, 3044
1.0531, 3043
1.0534, 3042
1.0537, 3041
1.0539, 3040
1.0542, 3039
1.0545, 3038
1.0548, 3037
1.0551, 3036
1.0554, 3035
1.0557, 3034
1.0559, 3033
1.0562, 3032
1.0565, 3031
1.0568, 3030
1.0572, 3029
1.0575, 3028
1.0577, 3027
1.0580, 3026
1.0583, 3025
1.0586, 3024
1.0589, 3023
1.0591, 3022
1.0594, 3021
1.0597, 3020
1.0600, 3019
1.0603, 3018
1.0606, 3017
1.0609, 3016
1.0612, 3015
1.0614, 3014
1.0617, 3013
1.0620, 3012
1.0623, 3011
1.0626, 3010
1.0628, 3009
1.0631, 3008
1.0634, 3007
1.0637, 3006
1.0639, 3005
1.0642, 3004
1.0645, 3003
1.0648, 3002
1.0650, 3001
1.0653, 3000
1.0656, 2999
1.0659, 2998
1.0662, 2997
1.0664, 2996
1.0667, 2995
1.0670, 2994
1.0673, 2993
1.0675, 2992
1.0678, 2991
1.0681, 2990
1.0684, 2989
1.0687, 2988
1.0690, 2987
1.0693, 2986
1.0696, 2985
1.0699, 2984
1.0702, 2983
1.0705, 2982
1.0708, 2981
1.0710, 2980
1.0713, 2979
1.0716, 2978
1.0719, 2977
1.0722, 2976
1.0725, 2975
1.0728, 2974
1.0731, 2973
1.0734, 2972
1.0737, 2971
1.0741, 2970
1.0744, 2969
1.0747, 2968
1.0750, 2967
1.0752, 2966
1.0755, 2965
1.0758, 2964
1.0761, 2963
1.0764, 2962
1.0766, 2961
1.0769, 2960
1.0772, 2959
1.0775, 2958
1.0778, 2957
1.0781, 2956
1.0784, 2955
1.0787, 2954
1.0790, 2953
1.0793, 2952
1.0797, 2951
1.0800, 2950
1.0802, 2949
1.0805, 2948
1.0808, 2947
1.0811, 2946
1.0814, 2945
1.0816, 2944
1.0819, 2943
1.0822, 2942
1.0825, 2941
1.0827, 2940
1.0830, 2939
1.0833, 2938
1.0837, 2937
1.0840, 2936
1.0843, 2935
1.0846, 2934
1.0848, 2933
1.0851, 2932
1.0854, 2931
1.0857, 2930
1.0860, 2929
1.0864, 2928
1.0867, 2927
1.0870, 2926
1.0873, 2925
1.0877, 2924
1.0880, 2923
1.0884, 2922
1.0887, 2921
1.0890, 2920
1.0894, 2919
1.0897, 2918
1.0900, 2917
1.0904, 2916
1.0907, 2915
1.0910, 2914
1.0914, 2913
1.0917, 2912
1.0920, 2911
1.0923, 2910
1.0926, 2909
1.0930, 2908
1.0933, 2907
1.0936, 2906
1.0939, 2905
1.0942, 2904
1.0945, 2903
1.0948, 2902
1.0951, 2901
1.0954, 2900
1.0957, 2899
1.0960, 2898
1.0963, 2897
1.0966, 2896
1.0969, 2895
1.0972, 2894
1.0976, 2893
1.0979, 2892
1.0983, 2891
1.0987, 2890
1.0990, 2889
1.0993, 2888
1.0996, 2887
1.0999, 2886
1.1002, 2885
1.1007, 2884
1.1010, 2883
1.1014, 2882
1.1017, 2881
1.1021, 2880
1.1024, 2879
1.1028, 2878
1.1032, 2877
1.1035, 2876
1.1038, 2875
1.1042, 2874
1.1045, 2873
1.1049, 2872
1.1053, 2871
1.1056, 2870
1.1060, 2869
1.1063, 2868
1.1066, 2867
1.1069, 2866
1.1072, 2865
1.1075, 2864
1.1078, 2863
1.1081, 2862
1.1084, 2861
1.1087, 2860
1.1090, 2859
1.1093, 2858
1.1096, 2857
1.1099, 2856
1.1101, 2855
1.1104, 2854
1.1107, 2853
1.1110, 2852
1.1113, 2851
1.1115, 2850
1.1118, 2849
1.1121, 2848
1.1123, 2847
1.1126, 2846
1.1129, 2845
1.1132, 2844
1.1134, 2843
1.1137, 2842
1.1140, 2841
1.1143, 2840
1.1145, 2839
1.1148, 2838
1.1151, 2837
1.1154, 2836
1.1156, 2835
1.1159, 2834
1.1162, 2833
1.1165, 2832
1.1168, 2831
1.1170, 2830
1.1174, 2829
1.1176, 2828
1.1179, 2827
1.1182, 2826
1.1185, 2825
1.1188, 2824
1.1191, 2823
1.1193, 2822
1.1196, 2821
1.1199, 2820
1.1202, 2819
1.1205, 2818
1.1207, 2817
1.1210, 2816
1.1213, 2815
1.1216, 2814
1.1218, 2813
1.1221, 2812
1.1224, 2811
1.1227, 2810
1.1230, 2809
1.1232, 2808
1.1235, 2807
1.1238, 2806
1.1241, 2805
1.1244, 2804
1.1246, 2803
1.1249, 2802
1.1252, 2801
1.1254, 2800
1.1257, 2799
1.1260, 2798
1.1263, 2797
1.1266, 2796
1.1268, 2795
1.1271, 2794
1.1274, 2793
1.1277, 2792
1.1279, 2791
1.1282, 2790
1.1285, 2789
1.1288, 2788
1.1291, 2787
1.1293, 2786
1.1296, 2785
1.1299, 2784
1.1301, 2783
1.1304, 2782
1.1307, 2781
1.1310, 2780
1.1312, 2779
1.1315, 2778
1.1318, 2777
1.1320, 2776
1.1323, 2775
1.1326, 2774
1.1328, 2773
1.1331, 2772
1.1333, 2771
1.1336, 2770
1.1339, 2769
1.1341, 2768
1.1344, 2767
1.1347, 2766
1.1349, 2765
1.1352, 2764
1.1355, 2763
1.1357, 2762
1.1360, 2761
1.1362, 2760
1.1365, 2759
1.1368, 2758
1.1370, 2757
1.1373, 2756
1.1376, 2755
1.1379, 2754
1.1381, 2753
1.1384, 2752
1.1387, 2751
1.1390, 2750
1.1392, 2749
1.1395, 2748
1.1398, 2747
1.1401, 2746
1.1404, 2745
1.1406, 2744
1.1409, 2743
1.1412, 2742
1.1414, 2741
1.1417, 2740
1.1420, 2739
1.1424, 2738
1.1426, 2737
1.1429, 2736
1.1432, 2735
1.1435, 2734
1.1437, 2733
1.1440, 2732
1.1443, 2731
1.1446, 2730
1.1449, 2729
1.1452, 2728
1.1454, 2727
1.1458, 2726
1.1460, 2725
1.1463, 2724
1.1466, 2723
1.1469, 2722
1.1472, 2721
1.1474, 2720
1.1477, 2719
1.1480, 2718
1.1483, 2717
1.1485, 2716
1.1488, 2715
1.1491, 2714
1.1494, 2713
1.1497, 2712
1.1500, 2711
1.1503, 2710
1.1505, 2709
1.1508, 2708
1.1511, 2707
1.1514, 2706
1.1516, 2705
1.1519, 2704
1.1522, 2703
1.1525, 2702
1.1528, 2701
1.1530, 2700
1.1534, 2699
1.1536, 2698
1.1539, 2697
1.1542, 2696
1.1545, 2695
1.1547, 2694
1.1550, 2693
1.1553, 2692
1.1555, 2691
1.1558, 2690
1.1562, 2689
1.1564, 2688
1.1567, 2687
1.1570, 2686
1.1573, 2685
1.1575, 2684
1.1578, 2683
1.1581, 2682
1.1584, 2681
1.1586, 2680
1.1589, 2679
1.1591, 2678
1.1594, 2677
1.1597, 2676
1.1600, 2675
1.1602, 2674
1.1605, 2673
1.1609, 2672
1.1612, 2671
1.1615, 2670
1.1618, 2669
1.1621, 2668
1.1623, 2667
1.1626, 2666
1.1628, 2665
1.1631, 2664
1.1633, 2663
1.1636, 2662
1.1639, 2661
1.1641, 2660
1.1644, 2659
1.1647, 2658
1.1649, 2657
1.1652, 2656
1.1655, 2655
1.1657, 2654
1.1660, 2653
1.1662, 2652
1.1665, 2651
1.1667, 2650
1.1670, 2649
1.1673, 2648
1.1675, 2647
1.1678, 2646
1.1680, 2645
1.1683, 2644
1.1686, 2643
1.1688, 2642
1.1691, 2641
1.1694, 2640
1.1696, 2639
1.1699, 2638
1.1701, 2637
1.1704, 2636
1.1706, 2635
1.1709, 2634
1.1712, 2633
1.1714, 2632
1.1717, 2631
1.1719, 2630
1.1722, 2629
1.1724, 2628
1.1727, 2627
1.1729, 2626
1.1732, 2625
1.1735, 2624
1.1737, 2623
1.1740, 2622
1.1743, 2621
1.1745, 2620
1.1748, 2619
1.1750, 2618
1.1753, 2617
1.1756, 2616
1.1758, 2615
1.1760, 2614
1.1763, 2613
1.1766, 2612
1.1769, 2611
1.1771, 2610
1.1774, 2609
1.1777, 2608
1.1779, 2607
1.1782, 2606
1.1784, 2605
1.1787, 2604
1.1789, 2603
1.1792, 2602
1.1794, 2601
1.1797, 2600
1.1800, 2599
1.1803, 2598
1.1806, 2597
1.1808, 2596
1.1811, 2595
1.1814, 2594
1.1816, 2593
1.1819, 2592
1.1821, 2591
1.1824, 2590
1.1826, 2589
1.1829, 2588
1.1832, 2587
1.1834, 2586
1.1837, 2585
1.1840, 2584
1.1842, 2583
1.1845, 2582
1.1848, 2581
1.1850, 2580
1.1853, 2579
1.1855, 2578
1.1858, 2577
1.1860, 2576
1.1863, 2575
1.1866, 2574
1.1868, 2573
1.1871, 2572
1.1874, 2571
1.1877, 2570
1.1879, 2569
1.1882, 2568
1.1885, 2567
1.1888, 2566
1.1891, 2565
1.1893, 2564
1.1896, 2563
1.1899, 2562
1.1902, 2561
1.1904, 2560
1.1951, 2559
1.1994, 2558
1.1996, 2557
1.2104, 2556
1.2190, 2555
1.2193, 2554
1.2300, 2553
1.2302, 2552
1.2409, 2551
1.2559, 2550
1.2666, 2549
1.2944, 2548
1.3031, 2547
1.3033, 2546
1.3122, 2545
1.3207, 2544
1.3209, 2543
1.3255, 2542
1.3403, 2541
1.3406, 2540
1.3577, 2539
1.3580, 2538
1.3625, 2537
1.3648, 2536
1.3651, 2535
1.3653, 2534
1.3718, 2533
1.3762, 2532
1.3764, 2531
1.3954, 2530
1.4039, 2529
1.4126, 2528
1.4128, 2527
1.4192, 2526
1.4278, 2525
1.4281, 2524
1.4304, 2523
1.4368, 2522
1.4640, 2521
1.4767, 2520
1.4790, 2519
1.4792, 2518
1.4898, 2517
1.4901, 2516
1.4924, 2515
1.4947, 2514
1.5011, 2513
1.5014, 2512
1.5078, 2511
1.5080, 2510
1.5082, 2509
1.5167, 2508
1.5830, 2507
1.5998, 2506
1.6000, 2505
1.6105, 2504
1.6402, 2503
1.6471, 2502
1.6619, 2501
1.6622, 2500
1.6749, 2499
1.6896, 2498
1.6981, 2497
1.7211, 2496
1.7444, 2495
1.7446, 2494
1.7533, 2493
1.7536, 2492
1.7538, 2491
1.7623, 2490
1.7729, 2489
1.7773, 2488
1.7776, 2487
1.7882, 2486
1.7925, 2485
1.7928, 2484
1.7930, 2483
1.7932, 2482
1.7935, 2481
1.8020, 2480
1.8023, 2479
1.8025, 2478
1.8173, 2477
1.8176, 2476
1.8178, 2475
1.8368, 2474
1.8412, 2473
1.8518, 2472
1.8561, 2471
1.8668, 2470
1.8670, 2469
1.8715, 2468
1.8718, 2467
1.8720, 2466
1.8722, 2465
1.8890, 2464
1.9018, 2463
1.9083, 2462
1.9085, 2461
1.9087, 2460
1.9090, 2459
1.9237, 2458
1.9446, 2457
1.9615, 2456
1.9659, 2455
1.9661, 2454
1.9767, 2453
1.9769, 2452
1.9771, 2451
1.9836, 2450
1.9920, 2449
1.9923, 2448
2.0030, 2447
2.0177, 2446
2.0283, 2445
2.0306, 2444
2.0413, 2443
2.0582, 2442
2.0750, 2441
2.0814, 2440
2.0940, 2439
2.0984, 2438
2.1257, 2437
2.1448, 2436
2.1512, 2435
2.1557, 2434
2.1793, 2433
2.1858, 2432
2.1902, 2431
2.2031, 2430
2.2303, 2429
2.2348, 2428
2.2536, 2427
2.2622, 2426
2.2624, 2425
2.3024, 2424
2.3026, 2423
2.3278, 2422
2.3428, 2421
2.3430, 2420
2.3494, 2419
2.3725, 2418
2.3727, 2417
2.3895, 2416
2.4066, 2415
2.4131, 2414
2.4175, 2413
2.4346, 2412
2.4452, 2411
2.4455, 2410
2.4645, 2409
2.4710, 2408
2.4778, 2407
2.4864, 2406
2.4866, 2405
2.4889, 2404
2.4892, 2403
2.4957, 2402
2.4959, 2401
2.5025, 2400
2.5027, 2399
2.5029, 2398
2.5137, 2397
2.5326, 2396
2.5412, 2395
2.5455, 2394
2.5519, 2393
2.5522, 2392
2.5544, 2391
2.5547, 2390
2.5632, 2389
2.5677, 2388
2.5679, 2387
2.5744, 2386
2.5747, 2385
2.5853, 2384
2.6042, 2383
2.6086, 2382
2.6088, 2381
2.6090, 2380
2.6092, 2379
2.6095, 2378
2.6097, 2377
2.6161, 2376
2.6163, 2375
2.6248, 2374
2.6251, 2373
2.6253, 2372
2.6319, 2371
2.6321, 2370
2.6324, 2369
2.6368, 2368
2.6413, 2367
2.6458, 2366
2.6460, 2365
2.6462, 2364
2.6611, 2363
2.6613, 2362
2.6721, 2361
2.6766, 2360
2.6768, 2359
2.6770, 2358
2.6858, 2357
2.6860, 2356
2.6863, 2355
2.6865, 2354
2.6867, 2353
2.6869, 2352
2.7082, 2351
2.7085, 2350
2.7108, 2349
2.7110, 2348
2.7195, 2347
2.7240, 2346
2.7242, 2345
2.7244, 2344
2.7247, 2343
2.7292, 2342
2.7441, 2341
2.7505, 2340
2.7569, 2339
2.7612, 2338
2.7656, 2337
2.7824, 2336
2.7827, 2335
2.7912, 2334
2.7915, 2333
2.7917, 2332
2.7919, 2331
2.8026, 2330
2.8174, 2329
2.8197, 2328
2.8199, 2327
2.8394, 2326
2.8418, 2325
2.8420, 2324
2.8465, 2323
2.8616, 2322
2.8956, 2321
2.8959, 2320
2.8961, 2319
2.8984, 2318
2.8986, 2317
2.9072, 2316
2.9074, 2315
3.0447, 2314
3.0469, 2313
3.0493, 2312
3.0536, 2311
3.0539, 2310
3.0562, 2309
3.0606, 2308
3.0608, 2307
3.0653, 2306
3.0823, 2305
3.0825, 2304
3.0890, 2303
3.0956, 2302
3.0958, 2301
3.1002, 2300
3.1004, 2299
3.1154, 2298
3.1156, 2297
3.1242, 2296
3.1244, 2295
3.1268, 2294
3.1376, 2293
3.1420, 2292
3.1422, 2291
3.1488, 2290
3.1491, 2289
3.1534, 2288
3.1537, 2287
3.1621, 2286
3.1665, 2285
3.1791, 2284
3.1855, 2283
3.2002, 2282
3.2004, 2281
3.2006, 2280
3.2071, 2279
3.2094, 2278
3.2096, 2277
3.2244, 2276
3.2352, 2275
3.2438, 2274
3.2691, 2273
3.2757, 2272
3.2865, 2271
3.3179, 2270
3.3245, 2269
3.3247, 2268
3.3249, 2267
3.3251, 2266
3.3316, 2265
3.3318, 2264
3.3320, 2263
3.3407, 2262
3.3430, 2261
3.3432, 2260
3.3538, 2259
3.3605, 2258
3.3714, 2257
3.3717, 2256
3.3785, 2255
3.3916, 2254
3.3918, 2253
3.4172, 2252
3.4237, 2251
3.4240, 2250
3.4242, 2249
3.4288, 2248
3.4436, 2247
3.4604, 2246
3.4669, 2245
3.4753, 2244
3.4839, 2243
3.4842, 2242
3.4989, 2241
3.5096, 2240
3.5159, 2239
3.5162, 2238
3.5413, 2237
3.5415, 2236
3.5603, 2235
3.5626, 2234
3.5670, 2233
3.5734, 2232
3.5839, 2231
3.6067, 2230
3.6407, 2229
3.6409, 2228
3.6813, 2227
3.7629, 2226
3.8669, 2225
3.8959, 2224
3.9105, 2223
3.9211, 2222
3.9256, 2221
3.9467, 2220
4.0107, 2219
4.0748, 2218
4.1103, 2217
4.1505, 2216
4.1675, 2215
4.2157, 2214
4.2429, 2213
4.5407, 2212
