0.6788, 3931
0.6791, 3930
0.6795, 3929
0.6798, 3928
0.6801, 3927
0.6805, 3926
0.6808, 3925
0.6811, 3924
0.6815, 3923
0.6818, 3922
0.6822, 3921
0.6825, 3920
0.6828, 3919
0.6832, 3918
0.6835, 3917
0.6838, 3916
0.6842, 3915
0.6845, 3914
0.6848, 3913
0.6852, 3912
0.6855, 3911
0.6858, 3910
0.6862, 3909
0.6865, 3908
0.6868, 3907
0.6872, 3906
0.6875, 3905
0.6879, 3904
0.6882, 3903
0.6885, 3902
0.6888, 3901
0.6892, 3900
0.6895, 3899
0.6898, 3898
0.6902, 3897
0.6905, 3896
0.6909, 3895
0.6912, 3894
0.6915, 3893
0.6919, 3892
0.6922, 3891
0.6925, 3890
0.6929, 3889
0.6932, 3888
0.6935, 3887
0.6939, 3886
0.6942, 3885
0.6946, 3884
0.6949, 3883
0.6952, 3882
0.6956, 3881
0.6959, 3880
0.6962, 3879
0.6966, 3878
0.6969, 3877
0.6973, 3876
0.6976, 3875
0.6979, 3874
0.6983, 3873
0.6986, 3872
0.6989, 3871
0.6993, 3870
0.6996, 3869
0.6999, 3868
0.7003, 3867
0.7006, 3866
0.7009, 3865
0.7012, 3864
0.7016, 3863
0.7019, 3862
0.7022, 3861
0.7026, 3860
0.7029, 3859
0.7032, 3858
0.7036, 3857
0.7039, 3856
0.7042, 3855
0.7046, 3854
0.7049, 3853
0.7052, 3852
0.7055, 3851
0.7059, 3850
0.7062, 3849
0.7065, 3848
0.7069, 3847
0.7072, 3846
0.7075, 3845
0.7079, 3844
0.7082, 3843
0.7086, 3842
0.7089, 3841
0.7092, 3840
0.7096, 3839
0.7099, 3838
0.7102, 3837
0.7106, 3836
0.7109, 3835
0.7113, 3834
0.7116, 3833
0.7119, 3832
0.7123, 3831
0.7126, 3830
0.7130, 3829
0.7133, 3828
0.7137, 3827
0.7140, 3826
0.7143, 3825
0.7147, 3824
0.7150, 3823
0.7154, 3822
0.7157, 3821
0.7161, 3820
0.7164, 3819
0.7167, 3818
0.7171, 3817
0.7174, 3816
0.7178, 3815
0.7181, 3814
0.7184, 3813
0.7188, 3812
0.7191, 3811
0.7194, 3810
0.7198, 3809
0.7201, 3808
0.7204, 3807
0.7208, 3806
0.7211, 3805
0.7215, 3804
0.7218, 3803
0.7222, 3802
0.7225, 3801
0.7229, 3800
0.7232, 3799
0.7236, 3798
0.7239, 3797
0.7243, 3796
0.7246, 3795
0.7250, 3794
0.7253, 3793
0.7256, 3792
0.7260, 3791
0.7263, 3790
0.7266, 3789
0.7270, 3788
0.7273, 3787
0.7276, 3786
0.7279, 3785
0.7283, 3784
0.7286, 3783
0.7290, 3782
0.7293, 3781
0.7296, 3780
0.7300, 3779
0.7303, 3778
0.7307, 3777
0.7310, 3776
0.7313, 3775
0.7317, 3774
0.7320, 3773
0.7323, 3772
0.7326, 3771
0.7330, 3770
0.7333, 3769
0.7336, 3768
0.7340, 3767
0.7343, 3766
0.7346, 3765
0.7350, 3764
0.7353, 3763
0.7357, 3762
0.7360, 3761
0.7363, 3760
0.7366, 3759
0.7370, 3758
0.7373, 3757
0.7376, 3756
0.7380, 3755
0.7383, 3754
0.7386, 3753
0.7390, 3752
0.7393, 3751
0.7397, 3750
0.7400, 3749
0.7403, 3748
0.7407, 3747
0.7410, 3746
0.7413, 3745
0.7417, 3744
0.7420, 3743
0.7424, 3742
0.7427, 3741
0.7430, 3740
0.7433, 3739
0.7437, 3738
0.7440, 3737
0.7443, 3736
0.7447, 3735
0.7450, 3734
0.7453, 3733
0.7456, 3732
0.7460, 3731
0.7463, 3730
0.7466, 3729
0.7470, 3728
0.7473, 3727
0.7476, 3726
0.7480, 3725
0.7483, 3724
0.7486, 3723
0.7490, 3722
0.7493, 3721
0.7496, 3720
0.7500, 3719
0.7503, 3718
0.7506, 3717
0.7510, 3716
0.7513, 3715
0.7516, 3714
0.7520, 3713
0.7523, 3712
0.7526, 3711
0.7530, 3710
0.7533, 3709
0.7536, 3708
0.7540, 3707
0.7543, 3706
0.7546, 3705
0.7550, 3704
0.7553, 3703
0.7556, 3702
0.7560, 3701
0.7563, 3700
0.7566, 3699
0.7569, 3698
0.7573, 3697
0.7576, 3696
0.7580, 3695
0.7583, 3694
0.7587, 3693
0.7590, 3692
0.7593, 3691
0.7596, 3690
0.7600, 3689
0.7603, 3688
0.7606, 3687
0.7610, 3686
0.7613, 3685
0.7616, 3684
0.7619, 3683
0.7623, 3682
0.7626, 3681
0.7629, 3680
0.7632, 3679
0.7636, 3678
0.7639, 3677
0.7642, 3676
0.7645, 3675
0.7649, 3674
0.7652, 3673
0.7655, 3672
0.7659, 3671
0.7662, 3670
0.7665, 3669
0.7668, 3668
0.7672, 3667
0.7675, 3666
0.7678, 3665
0.7681, 3664
0.7685, 3663
0.7688, 3662
0.7691, 3661
0.7695, 3660
0.7698, 3659
0.7701, 3658
0.7705, 3657
0.7708, 3656
0.7711, 3655
0.7714, 3654
0.7718, 3653
0.7721, 3652
0.7724, 3651
0.7727, 3650
0.7731, 3649
0.7734, 3648
0.7737, 3647
0.7740, 3646
0.7744, 3645
0.7747, 3644
0.7750, 3643
0.7754, 3642
0.7757, 3641
0.7760, 3640
0.7763, 3639
0.7767, 3638
0.7770, 3637
0.7773, 3636
0.7776, 3635
0.7780, 3634
0.7783, 3633
0.7786, 3632
0.7789, 3631
0.7793, 3630
0.7796, 3629
0.7799, 3628
0.7802, 3627
0.7806, 3626
0.7809, 3625
0.7812, 3624
0.7815, 3623
0.7819, 3622
0.7822, 3621
0.7825, 3620
0.7828, 3619
0.7832, 3618
0.7835, 3617
0.7839, 3616
0.7842, 3615
0.7845, 3614
0.7848, 3613
0.7851, 3612
0.7854, 3611
0.7858, 3610
0.7861, 3609
0.7864, 3608
0.7867, 3607
0.7870, 3606
0.7874, 3605
0.7877, 3604
0.7880, 3603
0.7884, 3602
0.7887, 3601
0.7890, 3600
0.7893, 3599
0.7896, 3598
0.7900, 3597
0.7903, 3596
0.7906, 3595
0.7909, 3594
0.7912, 3593
0.7916, 3592
0.7919, 3591
0.7922, 3590
0.7925, 3589
0.7928, 3588
0.7932, 3587
0.7935, 3586
0.7938, 3585
0.7941, 3584
0.7945, 3583
0.7948, 3582
0.7951, 3581
0.7954, 3580
0.7957, 3579
0.7960, 3578
0.7964, 3577
0.7967, 3576
0.7970, 3575
0.7973, 3574
0.7977, 3573
0.7980, 3572
0.7983, 3571
0.7986, 3570
0.7990, 3569
0.7993, 3568
0.7996, 3567
0.7999, 3566
0.8002, 3565
0.8005, 3564
0.8009, 3563
0.8012, 3562
0.8015, 3561
0.8019, 3560
0.8022, 3559
0.8025, 3558
0.8028, 3557
0.8031, 3556
0.8035, 3555
0.8038, 3554
0.8041, 3553
0.8044, 3552
0.8048, 3551
0.8051, 3550
0.8054, 3549
0.8058, 3548
0.8061, 3547
0.8064, 3546
0.8067, 3545
0.8070, 3544
0.8074, 3543
0.8077, 3542
0.8080, 3541
0.8083, 3540
0.8086, 3539
0.8090, 3538
0.8093, 3537
0.8096, 3536
0.8099, 3535
0.8102, 3534
0.8105, 3533
0.8109, 3532
0.8112, 3531
0.8115, 3530
0.8118, 3529
0.8121, 3528
0.8124, 3527
0.8128, 3526
0.8131, 3525
0.8134, 3524
0.8137, 3523
0.8141, 3522
0.8144, 3521
0.8147, 3520
0.8150, 3519
0.8153, 3518
0.8157, 3517
0.8160, 3516
0.8163, 3515
0.8166, 3514
0.8169, 3513
0.8172, 3512
0.8176, 3511
0.8179, 3510
0.8182, 3509
0.8186, 3508
0.8189, 3507
0.8192, 3506
0.8195, 3505
0.8198, 3504
0.8201, 3503
0.8205, 3502
0.8208, 3501
0.8211, 3500
0.8214, 3499
0.8217, 3498
0.8221, 3497
0.8224, 3496
0.8227, 3495
0.8230, 3494
0.8234, 3493
0.8237, 3492
0.8240, 3491
0.8243, 3490
0.8247, 3489
0.8250, 3488
0.8253, 3487
0.8256, 3486
0.8259, 3485
0.8262, 3484
0.8265, 3483
0.8268, 3482
0.8272, 3481
0.8275, 3480
0.8278, 3479
0.8281, 3478
0.8284, 3477
0.8287, 3476
0.8290, 3475
0.8294, 3474
0.8297, 3473
0.8300, 3472
0.8303, 3471
0.8306, 3470
0.8309, 3469
0.8312, 3468
0.8315, 3467
0.8318, 3466
0.8322, 3465
0.8325, 3464
0.8328, 3463
0.8331, 3462
0.8334, 3461
0.8337, 3460
0.8340, 3459
0.8344, 3458
0.8347, 3457
0.8350, 3456
0.8353, 3455
0.8356, 3454
0.8359, 3453
0.8362, 3452
0.8365, 3451
0.8369, 3450
0.8372, 3449
0.8375, 3448
0.8378, 3447
0.8381, 3446
0.8384, 3445
0.8387, 3444
0.8390, 3443
0.8393, 3442
0.8396, 3441
0.8400, 3440
0.8403, 3439
0.8406, 3438
0.8409, 3437
0.8412, 3436
0.8415, 3435
0.8418, 3434
0.8421, 3433
0.8424, 3432
0.8427, 3431
0.8430, 3430
0.8433, 3429
0.8437, 3428
0.8440, 3427
0.8443, 3426
0.8446, 3425
0.8449, 3424
0.8452, 3423
0.8455, 3422
0.8458, 3421
0.8461, 3420
0.8464, 3419
0.8467, 3418
0.8470, 3417
0.8473, 3416
0.8477, 3415
0.8480, 3414
0.8483, 3413
0.8486, 3412
0.8489, 3411
0.8492, 3410
0.8495, 3409
0.8498, 3408
0.8501, 3407
0.8504, 3406
0.8507, 3405
0.8510, 3404
0.8513, 3403
0.8516, 3402
0.8519, 3401
0.8522, 3400
0.8525, 3399
0.8528, 3398
0.8531, 3397
0.8535, 3396
0.8538, 3395
0.8541, 3394
0.8544, 3393
0.8547, 3392
0.8550, 3391
0.8554, 3390
0.8557, 3389
0.8560, 3388
0.8563, 3387
0.8566, 3386
0.8570, 3385
0.8573, 3384
0.8576, 3383
0.8579, 3382
0.8582, 3381
0.8586, 3380
0.8589, 3379
0.8592, 3378
0.8596, 3377
0.8599, 3376
0.8602, 3375
0.8605, 3374
0.8608, 3373
0.8611, 3372
0.8614, 3371
0.8618, 3370
0.8621, 3369
0.8624, 3368
0.8627, 3367
0.8631, 3366
0.8634, 3365
0.8637, 3364
0.8640, 3363
0.8643, 3362
0.8646, 3361
0.8649, 3360
0.8652, 3359
0.8655, 3358
0.8659, 3357
0.8662, 3356
0.8665, 3355
0.8668, 3354
0.8671, 3353
0.8674, 3352
0.8677, 3351
0.8680, 3350
0.8683, 3349
0.8686, 3348
0.8689, 3347
0.8692, 3346
0.8696, 3345
0.8699, 3344
0.8702, 3343
0.8705, 3342
0.8708, 3341
0.8711, 3340
0.8714, 3339
0.8717, 3338
0.8720, 3337
0.8723, 3336
0.8726, 3335
0.8729, 3334
0.8732, 3333
0.8735, 3332
0.8738, 3331
0.8741, 3330
0.8744, 3329
0.8747, 3328
0.8750, 3327
0.8753, 3326
0.8756, 3325
0.8759, 3324
0.8762, 3323
0.8765, 3322
0.8769, 3321
0.8772, 3320
0.8775, 3319
0.8779, 3318
0.8782, 3317
0.8785, 3316
0.8788, 3315
0.8792, 3314
0.8795, 3313
0.8798, 3312
0.8801, 3311
0.8804, 3310
0.8807, 3309
0.8811, 3308
0.8814, 3307
0.8817, 3306
0.8821, 3305
0.8824, 3304
0.8827, 3303
0.8830, 3302
0.8834, 3301
0.8838, 3300
0.8841, 3299
0.8844, 3298
0.8847, 3297
0.8850, 3296
0.8854, 3295
0.8857, 3294
0.8860, 3293
0.8863, 3292
0.8866, 3291
0.8869, 3290
0.8873, 3289
0.8876, 3288
0.8879, 3287
0.8882, 3286
0.8885, 3285
0.8889, 3284
0.8892, 3283
0.8896, 3282
0.8899, 3281
0.8902, 3280
0.8905, 3279
0.8909, 3278
0.8912, 3277
0.8915, 3276
0.8918, 3275
0.8922, 3274
0.8925, 3273
0.8928, 3272
0.8931, 3271
0.8934, 3270
0.8938, 3269
0.8941, 3268
0.8944, 3267
0.8947, 3266
0.8950, 3265
0.8953, 3264
0.8956, 3263
0.8959, 3262
0.8962, 3261
0.8965, 3260
0.8968, 3259
0.8971, 3258
0.8974, 3257
0.8977, 3256
0.8980, 3255
0.8984, 3254
0.8987, 3253
0.8990, 3252
0.8993, 3251
0.8996, 3250
0.8999, 3249
0.9002, 3248
0.9005, 3247
0.9008, 3246
0.9011, 3245
0.9015, 3244
0.9018, 3243
0.9021, 3242
0.9024, 3241
0.9027, 3240
0.9030, 3239
0.9033, 3238
0.9036, 3237
0.9039, 3236
0.9042, 3235
0.9045, 3234
0.9048, 3233
0.9052, 3232
0.9055, 3231
0.9058, 3230
0.9061, 3229
0.9064, 3228
0.9068, 3227
0.9071, 3226
0.9074, 3225
0.9077, 3224
0.9080, 3223
0.9083, 3222
0.9086, 3221
0.9089, 3220
0.9092, 3219
0.9095, 3218
0.9098, 3217
0.9101, 3216
0.9104, 3215
0.9107, 3214
0.9110, 3213
0.9113, 3212
0.9116, 3211
0.9119, 3210
0.9123, 3209
0.9127, 3208
0.9130, 3207
0.9133, 3206
0.9136, 3205
0.9140, 3204
0.9143, 3203
0.9146, 3202
0.9149, 3201
0.9152, 3200
0.9156, 3199
0.9159, 3198
0.9162, 3197
0.9165, 3196
0.9168, 3195
0.9171, 3194
0.9175, 3193
0.9177, 3192
0.9181, 3191
0.9184, 3190
0.9187, 3189
0.9190, 3188
0.9193, 3187
0.9197, 3186
0.9200, 3185
0.9203, 3184
0.9206, 3183
0.9209, 3182
0.9211, 3181
0.9214, 3180
0.9218, 3179
0.9221, 3178
0.9223, 3177
0.9227, 3176
0.9231, 3175
0.9234, 3174
0.9237, 3173
0.9240, 3172
0.9243, 3171
0.9246, 3170
0.9249, 3169
0.9252, 3168
0.9255, 3167
0.9258, 3166
0.9261, 3165
0.9264, 3164
0.9267, 3163
0.9270, 3162
0.9273, 3161
0.9276, 3160
0.9279, 3159
0.9282, 3158
0.9285, 3157
0.9288, 3156
0.9291, 3155
0.9294, 3154
0.9297, 3153
0.9300, 3152
0.9303, 3151
0.9306, 3150
0.9309, 3149
0.9312, 3148
0.9315, 3147
0.9319, 3146
0.9322, 3145
0.9325, 3144
0.9328, 3143
0.9331, 3142
0.9334, 3141
0.9338, 3140
0.9341, 3139
0.9344, 3138
0.9347, 3137
0.9350, 3136
0.9353, 3135
0.9356, 3134
0.9359, 3133
0.9362, 3132
0.9365, 3131
0.9368, 3130
0.9372, 3129
0.9375, 3128
0.9378, 3127
0.9381, 3126
0.9383, 3125
0.9386, 3124
0.9389, 3123
0.9392, 3122
0.9395, 3121
0.9398, 3120
0.9401, 3119
0.9404, 3118
0.9407, 3117
0.9410, 3116
0.9413, 3115
0.9415, 3114
0.9418, 3113
0.9421, 3112
0.9424, 3111
0.9427, 3110
0.9430, 3109
0.9433, 3108
0.9435, 3107
0.9438, 3106
0.9441, 3105
0.9444, 3104
0.9447, 3103
0.9450, 3102
0.9453, 3101
0.9456, 3100
0.9459, 3099
0.9462, 3098
0.9465, 3097
0.9467, 3096
0.9471, 3095
0.9474, 3094
0.9477, 3093
0.9480, 3092
0.9483, 3091
0.9485, 3090
0.9488, 3089
0.9491, 3088
0.9494, 3087
0.9497, 3086
0.9500, 3085
0.9503, 3084
0.9506, 3083
0.9509, 3082
0.9512, 3081
0.9515, 3080
0.9518, 3079
0.9521, 3078
0.9525, 3077
0.9528, 3076
0.9531, 3075
0.9534, 3074
0.9537, 3073
0.9539, 3072
0.9542, 3071
0.9545, 3070
0.9548, 3069
0.9551, 3068
0.9554, 3067
0.9557, 3066
0.9560, 3065
0.9563, 3064
0.9566, 3063
0.9568, 3062
0.9571, 3061
0.9574, 3060
0.9577, 3059
0.9580, 3058
0.9583, 3057
0.9586, 3056
0.9589, 3055
0.9591, 3054
0.9594, 3053
0.9597, 3052
0.9600, 3051
0.9604, 3050
0.9607, 3049
0.9610, 3048
0.9613, 3047
0.9616, 3046
0.9618, 3045
0.9621, 3044
0.9624, 3043
0.9627, 3042
0.9630, 3041
0.9632, 3040
0.9635, 3039
0.9638, 3038
0.9641, 3037
0.9644, 3036
0.9646, 3035
0.9649, 3034
0.9652, 3033
0.9655, 3032
0.9657, 3031
0.9660, 3030
0.9663, 3029
0.9666, 3028
0.9669, 3027
0.9672, 3026
0.9675, 3025
0.9678, 3024
0.9681, 3023
0.9684, 3022
0.9686, 3021
0.9689, 3020
0.9692, 3019
0.9695, 3018
0.9697, 3017
0.9700, 3016
0.9703, 3015
0.9706, 3014
0.9709, 3013
0.9712, 3012
0.9715, 3011
0.9718, 3010
0.9720, 3009
0.9723, 3008
0.9726, 3007
0.9729, 3006
0.9731, 3005
0.9734, 3004
0.9737, 3003
0.9740, 3002
0.9743, 3001
0.9745, 3000
0.9748, 2999
0.9751, 2998
0.9754, 2997
0.9756, 2996
0.9759, 2995
0.9762, 2994
0.9765, 2993
0.9768, 2992
0.9770, 2991
0.9773, 2990
0.9776, 2989
0.9778, 2988
0.9781, 2987
0.9784, 2986
0.9787, 2985
0.9790, 2984
0.9792, 2983
0.9795, 2982
0.9798, 2981
0.9801, 2980
0.9804, 2979
0.9807, 2978
0.9809, 2977
0.9812, 2976
0.9815, 2975
0.9818, 2974
0.9821, 2973
0.9823, 2972
0.9826, 2971
0.9829, 2970
0.9832, 2969
0.9835, 2968
0.9838, 2967
0.9841, 2966
0.9844, 2965
0.9846, 2964
0.9849, 2963
0.9852, 2962
0.9854, 2961
0.9857, 2960
0.9860, 2959
0.9863, 2958
0.9866, 2957
0.9869, 2956
0.9872, 2955
0.9875, 2954
0.9878, 2953
0.9882, 2952
0.9884, 2951
0.9887, 2950
0.9890, 2949
0.9893, 2948
0.9896, 2947
0.9898, 2946
0.9901, 2945
0.9904, 2944
0.9907, 2943
0.9909, 2942
0.9912, 2941
0.9915, 2940
0.9918, 2939
0.9921, 2938
0.9924, 2937
0.9927, 2936
0.9930, 2935
0.9933, 2934
0.9935, 2933
0.9939, 2932
0.9941, 2931
0.9945, 2930
0.9948, 2929
0.9951, 2928
0.9954, 2927
0.9957, 2926
0.9960, 2925
0.9963, 2924
0.9966, 2923
0.9969, 2922
0.9972, 2921
0.9974, 2920
0.9978, 2919
0.9981, 2918
0.9984, 2917
0.9987, 2916
0.9990, 2915
0.9993, 2914
0.9996, 2913
0.9999, 2912
1.0002, 2911
1.0005, 2910
1.0008, 2909
1.0011, 2908
1.0014, 2907
1.0017, 2906
1.0020, 2905
1.0023, 2904
1.0025, 2903
1.0028, 2902
1.0031, 2901
1.0034, 2900
1.0037, 2899
1.0040, 2898
1.0042, 2897
1.0045, 2896
1.0048, 2895
1.0051, 2894
1.0054, 2893
1.0057, 2892
1.0060, 2891
1.0063, 2890
1.0066, 2889
1.0069, 2888
1.0072, 2887
1.0075, 2886
1.0078, 2885
1.0081, 2884
1.0084, 2883
1.0086, 2882
1.0089, 2881
1.0092, 2880
1.0095, 2879
1.0098, 2878
1.0101, 2877
1.0103, 2876
1.0106, 2875
1.0109, 2874
1.0112, 2873
1.0115, 2872
1.0118, 2871
1.0120, 2870
1.0123, 2869
1.0126, 2868
1.0129, 2867
1.0132, 2866
1.0135, 2865
1.0137, 2864
1.0140, 2863
1.0143, 2862
1.0146, 2861
1.0149, 2860
1.0151, 2859
1.0154, 2858
1.0157, 2857
1.0160, 2856
1.0162, 2855
1.0165, 2854
1.0168, 2853
1.0171, 2852
1.0173, 2851
1.0176, 2850
1.0179, 2849
1.0182, 2848
1.0184, 2847
1.0187, 2846
1.0190, 2845
1.0193, 2844
1.0196, 2843
1.0199, 2842
1.0202, 2841
1.0205, 2840
1.0207, 2839
1.0210, 2838
1.0213, 2837
1.0216, 2836
1.0218, 2835
1.0221, 2834
1.0224, 2833
1.0227, 2832
1.0230, 2831
1.0233, 2830
1.0236, 2829
1.0238, 2828
1.0241, 2827
1.0244, 2826
1.0247, 2825
1.0250, 2824
1.0252, 2823
1.0255, 2822
1.0258, 2821
1.0261, 2820
1.0264, 2819
1.0267, 2818
1.0269, 2817
1.0272, 2816
1.0275, 2815
1.0278, 2814
1.0280, 2813
1.0283, 2812
1.0286, 2811
1.0289, 2810
1.0292, 2809
1.0294, 2808
1.0297, 2807
1.0300, 2806
1.0303, 2805
1.0306, 2804
1.0308, 2803
1.0311, 2802
1.0314, 2801
1.0317, 2800
1.0320, 2799
1.0322, 2798
1.0325, 2797
1.0328, 2796
1.0331, 2795
1.0334, 2794
1.0337, 2793
1.0340, 2792
1.0342, 2791
1.0345, 2790
1.0348, 2789
1.0351, 2788
1.0354, 2787
1.0357, 2786
1.0359, 2785
1.0362, 2784
1.0365, 2783
1.0368, 2782
1.0371, 2781
1.0373, 2780
1.0376, 2779
1.0379, 2778
1.0382, 2777
1.0384, 2776
1.0387, 2775
1.0390, 2774
1.0392, 2773
1.0395, 2772
1.0398, 2771
1.0401, 2770
1.0403, 2769
1.0406, 2768
1.0409, 2767
1.0412, 2766
1.0414, 2765
1.0417, 2764
1.0420, 2763
1.0422, 2762
1.0425, 2761
1.0428, 2760
1.0430, 2759
1.0433, 2758
1.0436, 2757
1.0439, 2756
1.0441, 2755
1.0444, 2754
1.0447, 2753
1.0450, 2752
1.0453, 2751
1.0456, 2750
1.0459, 2749
1.0462, 2748
1.0464, 2747
1.0467, 2746
1.0470, 2745
1.0473, 2744
1.0476, 2743
1.0478, 2742
1.0481, 2741
1.0484, 2740
1.0488, 2739
1.0491, 2738
1.0494, 2737
1.0496, 2736
1.0499, 2735
1.0502, 2734
1.0505, 2733
1.0508, 2732
1.0511, 2731
1.0514, 2730
1.0517, 2729
1.0519, 2728
1.0523, 2727
1.0525, 2726
1.0528, 2725
1.0531, 2724
1.0534, 2723
1.0537, 2722
1.0539, 2721
1.0542, 2720
1.0545, 2719
1.0548, 2718
1.0550, 2717
1.0553, 2716
1.0556, 2715
1.0559, 2714
1.0562, 2713
1.0565, 2712
1.0568, 2711
1.0570, 2710
1.0573, 2709
1.0576, 2708
1.0578, 2707
1.0581, 2706
1.0584, 2705
1.0587, 2704
1.0590, 2703
1.0592, 2702
1.0595, 2701
1.0598, 2700
1.0601, 2699
1.0603, 2698
1.0606, 2697
1.0609, 2696
1.0612, 2695
1.0614, 2694
1.0617, 2693
1.0620, 2692
1.0623, 2691
1.0625, 2690
1.0628, 2689
1.0631, 2688
1.0634, 2687
1.0637, 2686
1.0640, 2685
1.0642, 2684
1.0645, 2683
1.0648, 2682
1.0651, 2681
1.0653, 2680
1.0656, 2679
1.0659, 2678
1.0661, 2677
1.0664, 2676
1.0667, 2675
1.0669, 2674
1.0673, 2673
1.0676, 2672
1.0679, 2671
1.0682, 2670
1.0685, 2669
1.0687, 2668
1.0690, 2667
1.0693, 2666
1.0695, 2665
1.0698, 2664
1.0700, 2663
1.0703, 2662
1.0706, 2661
1.0708, 2660
1.0711, 2659
1.0714, 2658
1.0717, 2657
1.0719, 2656
1.0722, 2655
1.0725, 2654
1.0728, 2653
1.0730, 2652
1.0733, 2651
1.0735, 2650
1.0738, 2649
1.0741, 2648
1.0743, 2647
1.0746, 2646
1.0748, 2645
1.0751, 2644
1.0754, 2643
1.0756, 2642
1.0759, 2641
1.0761, 2640
1.0764, 2639
1.0767, 2638
1.0769, 2637
1.0772, 2636
1.0774, 2635
1.0777, 2634
1.0780, 2633
1.0782, 2632
1.0785, 2631
1.0787, 2630
1.0790, 2629
1.0793, 2628
1.0795, 2627
1.0798, 2626
1.0801, 2625
1.0803, 2624
1.0806, 2623
1.0809, 2622
1.0811, 2621
1.0814, 2620
1.0816, 2619
1.0819, 2618
1.0822, 2617
1.0824, 2616
1.0827, 2615
1.0830, 2614
1.0833, 2613
1.0836, 2612
1.0838, 2611
1.0841, 2610
1.0844, 2609
1.0846, 2608
1.0849, 2607
1.0852, 2606
1.0854, 2605
1.0857, 2604
1.0859, 2603
1.0862, 2602
1.0865, 2601
1.0868, 2600
1.0871, 2599
1.0874, 2598
1.0876, 2597
1.0879, 2596
1.0882, 2595
1.0884, 2594
1.0887, 2593
1.0890, 2592
1.0892, 2591
1.0895, 2590
1.0897, 2589
1.0900, 2588
1.0903, 2587
1.0906, 2586
1.0908, 2585
1.0911, 2584
1.0913, 2583
1.0916, 2582
1.0918, 2581
1.0921, 2580
1.0924, 2579
1.0926, 2578
1.0929, 2577
1.0932, 2576
1.0934, 2575
1.0937, 2574
1.0940, 2573
1.0942, 2572
1.0945, 2571
1.0948, 2570
1.0950, 2569
1.0953, 2568
1.0955, 2567
1.0958, 2566
1.0961, 2565
1.0963, 2564
1.0966, 2563
1.0969, 2562
1.1055, 2561
1.1058, 2560
1.1060, 2559
1.1145, 2558
1.1230, 2557
1.1232, 2556
1.1338, 2555
1.1340, 2554
1.1507, 2553
1.1612, 2552
1.1697, 2551
1.1990, 2550
1.1992, 2549
1.2057, 2548
1.2205, 2547
1.2228, 2546
1.2231, 2545
1.2274, 2544
1.2400, 2543
1.2506, 2542
1.2592, 2541
1.2594, 2540
1.2638, 2539
1.2660, 2538
1.2663, 2537
1.2665, 2536
1.2709, 2535
1.2776, 2534
1.2779, 2533
1.2906, 2532
1.3014, 2531
1.3101, 2530
1.3103, 2529
1.3168, 2528
1.3296, 2527
1.3360, 2526
1.3659, 2525
1.3702, 2524
1.3705, 2523
1.3748, 2522
1.3751, 2521
1.3859, 2520
1.3883, 2519
1.3968, 2518
1.3971, 2517
1.3994, 2516
1.4017, 2515
1.4083, 2514
1.4085, 2513
1.4129, 2512
1.4194, 2511
1.4196, 2510
1.4199, 2509
1.4201, 2508
1.4929, 2507
1.5097, 2506
1.5100, 2505
1.5185, 2504
1.5457, 2503
1.5543, 2502
1.5587, 2501
1.5712, 2500
1.5714, 2499
1.5926, 2498
1.6013, 2497
1.6077, 2496
1.6309, 2495
1.6498, 2494
1.6522, 2493
1.6630, 2492
1.6633, 2491
1.6635, 2490
1.6721, 2489
1.6847, 2488
1.6850, 2487
1.6977, 2486
1.6979, 2485
1.7023, 2484
1.7025, 2483
1.7027, 2482
1.7029, 2481
1.7032, 2480
1.7096, 2479
1.7099, 2478
1.7122, 2477
1.7271, 2476
1.7273, 2475
1.7276, 2474
1.7382, 2473
1.7489, 2472
1.7617, 2471
1.7661, 2470
1.7746, 2469
1.7769, 2468
1.7813, 2467
1.7816, 2466
1.7818, 2465
1.7820, 2464
1.8010, 2463
1.8116, 2462
1.8159, 2461
1.8162, 2460
1.8185, 2459
1.8187, 2458
1.8334, 2457
1.8484, 2456
1.8549, 2455
1.8769, 2454
1.8772, 2453
1.8862, 2452
1.8864, 2451
1.8888, 2450
1.8996, 2449
1.8999, 2448
1.9001, 2447
1.9211, 2446
1.9317, 2445
1.9402, 2444
1.9404, 2443
1.9490, 2442
1.9638, 2441
1.9807, 2440
1.9892, 2439
2.0004, 2438
2.0051, 2437
2.0289, 2436
2.0478, 2435
2.0588, 2434
2.0590, 2433
2.0790, 2432
2.0897, 2431
2.0983, 2430
2.1048, 2429
2.1345, 2428
2.1515, 2427
2.1580, 2426
2.1666, 2425
2.1668, 2424
2.2091, 2423
2.2094, 2422
2.2376, 2421
2.2528, 2420
2.2700, 2419
2.2702, 2418
2.2872, 2417
2.3042, 2416
2.3191, 2415
2.3193, 2414
2.3405, 2413
2.3470, 2412
2.3472, 2411
2.3643, 2410
2.3750, 2409
2.3775, 2408
2.3860, 2407
2.3905, 2406
2.3907, 2405
2.3955, 2404
2.3958, 2403
2.4106, 2402
2.4109, 2401
2.4111, 2400
2.4155, 2399
2.4158, 2398
2.4160, 2397
2.4368, 2396
2.4370, 2395
2.4434, 2394
2.4520, 2393
2.4564, 2392
2.4566, 2391
2.4568, 2390
2.4633, 2389
2.4738, 2388
2.4741, 2387
2.4764, 2386
2.4766, 2385
2.4914, 2384
2.5060, 2383
2.5083, 2382
2.5126, 2381
2.5129, 2380
2.5193, 2379
2.5195, 2378
2.5280, 2377
2.5282, 2376
2.5285, 2375
2.5328, 2374
2.5330, 2373
2.5416, 2372
2.5418, 2371
2.5441, 2370
2.5484, 2369
2.5487, 2368
2.5489, 2367
2.5718, 2366
2.5720, 2365
2.5723, 2364
2.5767, 2363
2.5769, 2362
2.5771, 2361
2.5857, 2360
2.5859, 2359
2.5862, 2358
2.5864, 2357
2.5866, 2356
2.5868, 2355
2.6080, 2354
2.6082, 2353
2.6127, 2352
2.6129, 2351
2.6236, 2350
2.6238, 2349
2.6241, 2348
2.6243, 2347
2.6245, 2346
2.6289, 2345
2.6436, 2344
2.6501, 2343
2.6588, 2342
2.6632, 2341
2.6656, 2340
2.6823, 2339
2.7031, 2338
2.7033, 2337
2.7246, 2336
2.7248, 2335
2.7251, 2334
2.7463, 2333
2.7465, 2332
2.7468, 2331
2.7512, 2330
2.7681, 2329
2.7952, 2328
2.7955, 2327
2.7957, 2326
2.7959, 2325
2.8043, 2324
2.8045, 2323
2.8134, 2322
2.8136, 2321
2.8535, 2320
2.8537, 2319
2.9497, 2318
2.9520, 2317
2.9543, 2316
2.9587, 2315
2.9589, 2314
2.9612, 2313
2.9655, 2312
2.9657, 2311
2.9700, 2310
2.9893, 2309
2.9896, 2308
2.9940, 2307
3.0004, 2306
3.0006, 2305
3.0049, 2304
3.0052, 2303
3.0179, 2302
3.0223, 2301
3.0287, 2300
3.0289, 2299
3.0312, 2298
3.0417, 2297
3.0461, 2296
3.0464, 2295
3.0528, 2294
3.0530, 2293
3.0574, 2292
3.0576, 2291
3.0666, 2290
3.0710, 2289
3.0838, 2288
3.0922, 2287
3.1008, 2286
3.1011, 2285
3.1074, 2284
3.1118, 2283
3.1141, 2282
3.1143, 2281
3.1289, 2280
3.1463, 2279
3.1466, 2278
3.1841, 2277
3.1897, 2276
3.2025, 2275
3.2394, 2274
3.2483, 2273
3.2486, 2272
3.2488, 2271
3.2491, 2270
3.2493, 2269
3.2495, 2268
3.2559, 2267
3.2561, 2266
3.2628, 2265
3.2650, 2264
3.2652, 2263
3.2950, 2262
3.2952, 2261
3.3017, 2260
3.3147, 2259
3.3149, 2258
3.3394, 2257
3.3439, 2256
3.3503, 2255
3.3506, 2254
3.3675, 2253
3.3719, 2252
3.3721, 2251
3.3723, 2250
3.3892, 2249
3.3894, 2248
3.3959, 2247
3.4023, 2246
3.4067, 2245
3.4215, 2244
3.4300, 2243
3.4427, 2242
3.4476, 2241
3.4479, 2240
3.4630, 2239
3.4741, 2238
3.4920, 2237
3.4944, 2236
3.5034, 2235
3.5036, 2234
3.5038, 2233
3.5166, 2232
3.5311, 2231
3.5397, 2230
3.5442, 2229
3.5673, 2228
3.5675, 2227
3.5719, 2226
3.5947, 2225
3.7526, 2224
3.7898, 2223
3.8225, 2222
3.8463, 2221
3.8543, 2220
3.8751, 2219
3.9225, 2218
3.9228, 2217
3.9482, 2216
4.0072, 2215
4.0695, 2214
4.1342, 2213
