0.0323, 2281
0.0486, 2279
0.0587, 2278
0.0951, 2277
0.1018, 2276
0.1120, 2275
0.1687, 2274
0.1721, 2272
0.1947, 2271
0.2040, 2270
0.2377, 2269
0.2443, 2268
0.2583, 2267
0.2859, 2266
0.3029, 2265
0.3151, 2264
0.3771, 2262
0.4390, 2261
0.4826, 2260
0.5333, 2259
0.5886, 2258
0.6759, 2257
0.6822, 2254
0.7073, 2253
0.7910, 2252
0.8978, 2251
0.9665, 2250
0.9943, 2249
1.0005, 2248
1.0280, 2247
1.3225, 2246
1.3381, 2245
1.4624, 2244
1.5920, 2243
1.6472, 2241
1.6567, 2239
1.6874, 2238
1.6906, 2237
1.7030, 2235
1.7562, 2234
1.9578, 2233
1.9770, 2232
1.9898, 2231
2.0147, 2229
2.0768, 2227
2.0861, 2224
2.6358, 2223
3.1063, 2222
