0.0351, 2281
0.0420, 2280
0.0652, 2279
0.0718, 2278
0.0822, 2277
0.1408, 2274
0.1912, 2273
0.2407, 2272
0.2568, 2271
0.3109, 2270
0.3460, 2269
0.4286, 2268
0.4380, 2267
0.4848, 2266
0.5828, 2265
0.5921, 2264
0.5984, 2263
0.6046, 2262
0.6291, 2260
0.6668, 2257
0.8003, 2255
0.8403, 2254
0.8528, 2253
1.0393, 2252
1.0542, 2251
1.0835, 2250
1.1333, 2249
1.1596, 2248
1.2112, 2247
1.2261, 2246
1.3459, 2245
1.3999, 2243
1.4775, 2242
1.4960, 2241
1.6635, 2240
1.9162, 2239
2.0495, 2237
2.0822, 2235
2.1042, 2234
2.1229, 2233
2.1601, 2232
2.3590, 2230
2.4148, 2229
2.4633, 2228
2.5155, 2227
2.5805, 2226
2.7257, 2225
2.7734, 2224
2.8539, 2222
3.2621, 2221
3.2745, 2220
