0.6544, 3931
0.6548, 3930
0.6551, 3929
0.6555, 3928
0.6558, 3927
0.6562, 3926
0.6566, 3925
0.6570, 3924
0.6574, 3923
0.6577, 3922
0.6580, 3921
0.6583, 3920
0.6587, 3919
0.6590, 3918
0.6593, 3917
0.6597, 3916
0.6600, 3915
0.6603, 3914
0.6606, 3913
0.6610, 3912
0.6613, 3911
0.6616, 3910
0.6620, 3909
0.6623, 3908
0.6626, 3907
0.6630, 3906
0.6633, 3905
0.6637, 3904
0.6640, 3903
0.6643, 3902
0.6647, 3901
0.6650, 3900
0.6653, 3899
0.6657, 3898
0.6660, 3897
0.6663, 3896
0.6667, 3895
0.6671, 3894
0.6674, 3893
0.6677, 3892
0.6681, 3891
0.6684, 3890
0.6687, 3889
0.6691, 3888
0.6695, 3887
0.6698, 3886
0.6702, 3885
0.6705, 3884
0.6709, 3883
0.6712, 3882
0.6716, 3881
0.6720, 3880
0.6723, 3879
0.6727, 3878
0.6730, 3877
0.6734, 3876
0.6738, 3875
0.6741, 3874
0.6744, 3873
0.6747, 3872
0.6751, 3871
0.6754, 3870
0.6757, 3869
0.6760, 3868
0.6764, 3867
0.6767, 3866
0.6770, 3865
0.6773, 3864
0.6777, 3863
0.6780, 3862
0.6783, 3861
0.6786, 3860
0.6790, 3859
0.6793, 3858
0.6796, 3857
0.6799, 3856
0.6802, 3855
0.6806, 3854
0.6809, 3853
0.6812, 3852
0.6815, 3851
0.6819, 3850
0.6822, 3849
0.6825, 3848
0.6828, 3847
0.6831, 3846
0.6835, 3845
0.6838, 3844
0.6841, 3843
0.6845, 3842
0.6848, 3841
0.6851, 3840
0.6855, 3839
0.6858, 3838
0.6861, 3837
0.6865, 3836
0.6868, 3835
0.6871, 3834
0.6875, 3833
0.6878, 3832
0.6881, 3831
0.6885, 3830
0.6888, 3829
0.6891, 3828
0.6894, 3827
0.6898, 3826
0.6901, 3825
0.6905, 3824
0.6908, 3823
0.6911, 3822
0.6915, 3821
0.6918, 3820
0.6921, 3819
0.6924, 3818
0.6928, 3817
0.6931, 3816
0.6934, 3815
0.6937, 3814
0.6941, 3813
0.6944, 3812
0.6947, 3811
0.6951, 3810
0.6954, 3809
0.6958, 3808
0.6961, 3807
0.6964, 3806
0.6968, 3805
0.6971, 3804
0.6975, 3803
0.6978, 3802
0.6981, 3801
0.6985, 3800
0.6989, 3799
0.6992, 3798
0.6995, 3797
0.6999, 3796
0.7002, 3795
0.7006, 3794
0.7010, 3793
0.7013, 3792
0.7016, 3791
0.7020, 3790
0.7023, 3789
0.7026, 3788
0.7030, 3787
0.7033, 3786
0.7037, 3785
0.7040, 3784
0.7045, 3783
0.7048, 3782
0.7051, 3781
0.7054, 3780
0.7058, 3779
0.7061, 3778
0.7064, 3777
0.7068, 3776
0.7071, 3775
0.7075, 3774
0.7078, 3773
0.7081, 3772
0.7084, 3771
0.7088, 3770
0.7091, 3769
0.7094, 3768
0.7097, 3767
0.7100, 3766
0.7104, 3765
0.7107, 3764
0.7110, 3763
0.7113, 3762
0.7117, 3761
0.7120, 3760
0.7123, 3759
0.7127, 3758
0.7130, 3757
0.7133, 3756
0.7136, 3755
0.7140, 3754
0.7143, 3753
0.7146, 3752
0.7149, 3751
0.7153, 3750
0.7156, 3749
0.7159, 3748
0.7163, 3747
0.7166, 3746
0.7169, 3745
0.7173, 3744
0.7176, 3743
0.7179, 3742
0.7183, 3741
0.7186, 3740
0.7189, 3739
0.7192, 3738
0.7196, 3737
0.7199, 3736
0.7202, 3735
0.7205, 3734
0.7208, 3733
0.7212, 3732
0.7215, 3731
0.7218, 3730
0.7221, 3729
0.7224, 3728
0.7228, 3727
0.7231, 3726
0.7234, 3725
0.7237, 3724
0.7240, 3723
0.7244, 3722
0.7247, 3721
0.7250, 3720
0.7253, 3719
0.7257, 3718
0.7260, 3717
0.7263, 3716
0.7266, 3715
0.7270, 3714
0.7273, 3713
0.7277, 3712
0.7281, 3711
0.7284, 3710
0.7287, 3709
0.7290, 3708
0.7294, 3707
0.7297, 3706
0.7301, 3705
0.7304, 3704
0.7307, 3703
0.7311, 3702
0.7314, 3701
0.7317, 3700
0.7320, 3699
0.7324, 3698
0.7327, 3697
0.7330, 3696
0.7333, 3695
0.7336, 3694
0.7340, 3693
0.7343, 3692
0.7346, 3691
0.7349, 3690
0.7352, 3689
0.7355, 3688
0.7358, 3687
0.7362, 3686
0.7365, 3685
0.7368, 3684
0.7371, 3683
0.7375, 3682
0.7378, 3681
0.7381, 3680
0.7384, 3679
0.7388, 3678
0.7391, 3677
0.7395, 3676
0.7398, 3675
0.7401, 3674
0.7405, 3673
0.7408, 3672
0.7411, 3671
0.7414, 3670
0.7418, 3669
0.7421, 3668
0.7424, 3667
0.7427, 3666
0.7430, 3665
0.7433, 3664
0.7437, 3663
0.7440, 3662
0.7443, 3661
0.7446, 3660
0.7449, 3659
0.7453, 3658
0.7456, 3657
0.7459, 3656
0.7462, 3655
0.7465, 3654
0.7469, 3653
0.7472, 3652
0.7475, 3651
0.7478, 3650
0.7481, 3649
0.7484, 3648
0.7488, 3647
0.7491, 3646
0.7494, 3645
0.7497, 3644
0.7500, 3643
0.7504, 3642
0.7507, 3641
0.7510, 3640
0.7514, 3639
0.7517, 3638
0.7520, 3637
0.7523, 3636
0.7526, 3635
0.7529, 3634
0.7533, 3633
0.7536, 3632
0.7539, 3631
0.7542, 3630
0.7545, 3629
0.7548, 3628
0.7552, 3627
0.7555, 3626
0.7558, 3625
0.7561, 3624
0.7564, 3623
0.7568, 3622
0.7571, 3621
0.7574, 3620
0.7577, 3619
0.7580, 3618
0.7583, 3617
0.7587, 3616
0.7590, 3615
0.7593, 3614
0.7596, 3613
0.7599, 3612
0.7602, 3611
0.7605, 3610
0.7608, 3609
0.7612, 3608
0.7615, 3607
0.7619, 3606
0.7622, 3605
0.7625, 3604
0.7628, 3603
0.7632, 3602
0.7635, 3601
0.7638, 3600
0.7641, 3599
0.7644, 3598
0.7648, 3597
0.7651, 3596
0.7654, 3595
0.7657, 3594
0.7660, 3593
0.7663, 3592
0.7667, 3591
0.7670, 3590
0.7673, 3589
0.7676, 3588
0.7679, 3587
0.7682, 3586
0.7685, 3585
0.7688, 3584
0.7692, 3583
0.7695, 3582
0.7698, 3581
0.7701, 3580
0.7704, 3579
0.7707, 3578
0.7711, 3577
0.7714, 3576
0.7717, 3575
0.7720, 3574
0.7723, 3573
0.7726, 3572
0.7729, 3571
0.7732, 3570
0.7736, 3569
0.7739, 3568
0.7742, 3567
0.7745, 3566
0.7748, 3565
0.7751, 3564
0.7755, 3563
0.7758, 3562
0.7761, 3561
0.7764, 3560
0.7767, 3559
0.7770, 3558
0.7773, 3557
0.7776, 3556
0.7779, 3555
0.7783, 3554
0.7786, 3553
0.7789, 3552
0.7792, 3551
0.7795, 3550
0.7799, 3549
0.7802, 3548
0.7805, 3547
0.7809, 3546
0.7812, 3545
0.7815, 3544
0.7818, 3543
0.7822, 3542
0.7825, 3541
0.7828, 3540
0.7831, 3539
0.7834, 3538
0.7837, 3537
0.7840, 3536
0.7844, 3535
0.7847, 3534
0.7850, 3533
0.7853, 3532
0.7856, 3531
0.7859, 3530
0.7862, 3529
0.7866, 3528
0.7869, 3527
0.7872, 3526
0.7875, 3525
0.7878, 3524
0.7881, 3523
0.7885, 3522
0.7888, 3521
0.7891, 3520
0.7894, 3519
0.7898, 3518
0.7901, 3517
0.7904, 3516
0.7907, 3515
0.7910, 3514
0.7913, 3513
0.7917, 3512
0.7920, 3511
0.7923, 3510
0.7926, 3509
0.7930, 3508
0.7933, 3507
0.7936, 3506
0.7939, 3505
0.7942, 3504
0.7946, 3503
0.7949, 3502
0.7952, 3501
0.7955, 3500
0.7958, 3499
0.7962, 3498
0.7965, 3497
0.7968, 3496
0.7971, 3495
0.7974, 3494
0.7978, 3493
0.7981, 3492
0.7984, 3491
0.7987, 3490
0.7990, 3489
0.7993, 3488
0.7996, 3487
0.7999, 3486
0.8002, 3485
0.8006, 3484
0.8009, 3483
0.8012, 3482
0.8015, 3481
0.8018, 3480
0.8021, 3479
0.8024, 3478
0.8027, 3477
0.8030, 3476
0.8033, 3475
0.8036, 3474
0.8039, 3473
0.8042, 3472
0.8046, 3471
0.8049, 3470
0.8052, 3469
0.8055, 3468
0.8058, 3467
0.8061, 3466
0.8064, 3465
0.8067, 3464
0.8070, 3463
0.8073, 3462
0.8076, 3461
0.8079, 3460
0.8082, 3459
0.8085, 3458
0.8088, 3457
0.8091, 3456
0.8094, 3455
0.8098, 3454
0.8101, 3453
0.8104, 3452
0.8107, 3451
0.8110, 3450
0.8113, 3449
0.8116, 3448
0.8119, 3447
0.8122, 3446
0.8125, 3445
0.8128, 3444
0.8131, 3443
0.8134, 3442
0.8137, 3441
0.8140, 3440
0.8143, 3439
0.8146, 3438
0.8149, 3437
0.8152, 3436
0.8155, 3435
0.8158, 3434
0.8161, 3433
0.8164, 3432
0.8167, 3431
0.8170, 3430
0.8173, 3429
0.8176, 3428
0.8179, 3427
0.8182, 3426
0.8185, 3425
0.8188, 3424
0.8192, 3423
0.8195, 3422
0.8198, 3421
0.8201, 3420
0.8204, 3419
0.8207, 3418
0.8210, 3417
0.8213, 3416
0.8216, 3415
0.8219, 3414
0.8222, 3413
0.8225, 3412
0.8228, 3411
0.8231, 3410
0.8234, 3409
0.8237, 3408
0.8240, 3407
0.8243, 3406
0.8245, 3405
0.8248, 3404
0.8251, 3403
0.8254, 3402
0.8257, 3401
0.8260, 3400
0.8264, 3399
0.8267, 3398
0.8270, 3397
0.8273, 3396
0.8276, 3395
0.8279, 3394
0.8282, 3393
0.8285, 3392
0.8288, 3391
0.8291, 3390
0.8295, 3389
0.8298, 3388
0.8301, 3387
0.8304, 3386
0.8307, 3385
0.8310, 3384
0.8313, 3383
0.8317, 3382
0.8320, 3381
0.8323, 3380
0.8326, 3379
0.8329, 3378
0.8333, 3377
0.8336, 3376
0.8339, 3375
0.8342, 3374
0.8345, 3373
0.8349, 3372
0.8351, 3371
0.8354, 3370
0.8357, 3369
0.8360, 3368
0.8363, 3367
0.8366, 3366
0.8369, 3365
0.8373, 3364
0.8376, 3363
0.8378, 3362
0.8381, 3361
0.8384, 3360
0.8387, 3359
0.8391, 3358
0.8394, 3357
0.8397, 3356
0.8400, 3355
0.8403, 3354
0.8407, 3353
0.8410, 3352
0.8413, 3351
0.8416, 3350
0.8419, 3349
0.8423, 3348
0.8426, 3347
0.8429, 3346
0.8432, 3345
0.8435, 3344
0.8438, 3343
0.8441, 3342
0.8445, 3341
0.8448, 3340
0.8451, 3339
0.8454, 3338
0.8457, 3337
0.8460, 3336
0.8463, 3335
0.8466, 3334
0.8469, 3333
0.8472, 3332
0.8475, 3331
0.8478, 3330
0.8481, 3329
0.8485, 3328
0.8487, 3327
0.8491, 3326
0.8494, 3325
0.8497, 3324
0.8500, 3323
0.8503, 3322
0.8506, 3321
0.8509, 3320
0.8512, 3319
0.8515, 3318
0.8518, 3317
0.8521, 3316
0.8524, 3315
0.8527, 3314
0.8530, 3313
0.8534, 3312
0.8537, 3311
0.8540, 3310
0.8544, 3309
0.8547, 3308
0.8550, 3307
0.8553, 3306
0.8556, 3305
0.8560, 3304
0.8563, 3303
0.8566, 3302
0.8569, 3301
0.8573, 3300
0.8576, 3299
0.8579, 3298
0.8582, 3297
0.8585, 3296
0.8588, 3295
0.8591, 3294
0.8594, 3293
0.8598, 3292
0.8601, 3291
0.8604, 3290
0.8607, 3289
0.8610, 3288
0.8613, 3287
0.8616, 3286
0.8619, 3285
0.8622, 3284
0.8625, 3283
0.8628, 3282
0.8632, 3281
0.8635, 3280
0.8639, 3279
0.8642, 3278
0.8645, 3277
0.8648, 3276
0.8652, 3275
0.8655, 3274
0.8658, 3273
0.8661, 3272
0.8665, 3271
0.8668, 3270
0.8672, 3269
0.8674, 3268
0.8678, 3267
0.8681, 3266
0.8684, 3265
0.8687, 3264
0.8690, 3263
0.8693, 3262
0.8696, 3261
0.8700, 3260
0.8703, 3259
0.8706, 3258
0.8709, 3257
0.8712, 3256
0.8715, 3255
0.8718, 3254
0.8721, 3253
0.8724, 3252
0.8727, 3251
0.8730, 3250
0.8733, 3249
0.8736, 3248
0.8739, 3247
0.8742, 3246
0.8746, 3245
0.8749, 3244
0.8752, 3243
0.8755, 3242
0.8758, 3241
0.8762, 3240
0.8765, 3239
0.8768, 3238
0.8771, 3237
0.8774, 3236
0.8777, 3235
0.8780, 3234
0.8783, 3233
0.8787, 3232
0.8790, 3231
0.8793, 3230
0.8796, 3229
0.8799, 3228
0.8803, 3227
0.8806, 3226
0.8809, 3225
0.8812, 3224
0.8815, 3223
0.8819, 3222
0.8822, 3221
0.8825, 3220
0.8829, 3219
0.8831, 3218
0.8835, 3217
0.8838, 3216
0.8841, 3215
0.8844, 3214
0.8847, 3213
0.8850, 3212
0.8853, 3211
0.8856, 3210
0.8859, 3209
0.8861, 3208
0.8864, 3207
0.8867, 3206
0.8871, 3205
0.8874, 3204
0.8878, 3203
0.8881, 3202
0.8884, 3201
0.8887, 3200
0.8890, 3199
0.8894, 3198
0.8896, 3197
0.8900, 3196
0.8903, 3195
0.8906, 3194
0.8909, 3193
0.8912, 3192
0.8915, 3191
0.8918, 3190
0.8921, 3189
0.8925, 3188
0.8928, 3187
0.8931, 3186
0.8934, 3185
0.8937, 3184
0.8940, 3183
0.8943, 3182
0.8946, 3181
0.8949, 3180
0.8953, 3179
0.8956, 3178
0.8960, 3177
0.8962, 3176
0.8966, 3175
0.8969, 3174
0.8972, 3173
0.8975, 3172
0.8978, 3171
0.8982, 3170
0.8985, 3169
0.8987, 3168
0.8991, 3167
0.8994, 3166
0.8997, 3165
0.9000, 3164
0.9003, 3163
0.9007, 3162
0.9010, 3161
0.9013, 3160
0.9017, 3159
0.9020, 3158
0.9023, 3157
0.9026, 3156
0.9029, 3155
0.9032, 3154
0.9035, 3153
0.9037, 3152
0.9040, 3151
0.9045, 3150
0.9048, 3149
0.9051, 3148
0.9054, 3147
0.9057, 3146
0.9061, 3145
0.9065, 3144
0.9068, 3143
0.9071, 3142
0.9074, 3141
0.9077, 3140
0.9080, 3139
0.9084, 3138
0.9087, 3137
0.9090, 3136
0.9093, 3135
0.9096, 3134
0.9099, 3133
0.9102, 3132
0.9106, 3131
0.9108, 3130
0.9111, 3129
0.9114, 3128
0.9118, 3127
0.9121, 3126
0.9123, 3125
0.9127, 3124
0.9130, 3123
0.9133, 3122
0.9136, 3121
0.9139, 3120
0.9141, 3119
0.9144, 3118
0.9147, 3117
0.9150, 3116
0.9153, 3115
0.9157, 3114
0.9160, 3113
0.9162, 3112
0.9165, 3111
0.9168, 3110
0.9171, 3109
0.9174, 3108
0.9177, 3107
0.9180, 3106
0.9182, 3105
0.9186, 3104
0.9188, 3103
0.9191, 3102
0.9194, 3101
0.9197, 3100
0.9200, 3099
0.9203, 3098
0.9205, 3097
0.9208, 3096
0.9211, 3095
0.9214, 3094
0.9217, 3093
0.9219, 3092
0.9222, 3091
0.9225, 3090
0.9228, 3089
0.9231, 3088
0.9234, 3087
0.9237, 3086
0.9240, 3085
0.9242, 3084
0.9246, 3083
0.9249, 3082
0.9252, 3081
0.9254, 3080
0.9257, 3079
0.9260, 3078
0.9263, 3077
0.9266, 3076
0.9268, 3075
0.9271, 3074
0.9274, 3073
0.9277, 3072
0.9280, 3071
0.9283, 3070
0.9285, 3069
0.9288, 3068
0.9291, 3067
0.9294, 3066
0.9296, 3065
0.9299, 3064
0.9302, 3063
0.9305, 3062
0.9307, 3061
0.9310, 3060
0.9313, 3059
0.9316, 3058
0.9319, 3057
0.9322, 3056
0.9325, 3055
0.9328, 3054
0.9331, 3053
0.9334, 3052
0.9337, 3051
0.9340, 3050
0.9342, 3049
0.9345, 3048
0.9348, 3047
0.9351, 3046
0.9354, 3045
0.9357, 3044
0.9359, 3043
0.9362, 3042
0.9365, 3041
0.9368, 3040
0.9371, 3039
0.9374, 3038
0.9377, 3037
0.9380, 3036
0.9383, 3035
0.9386, 3034
0.9389, 3033
0.9392, 3032
0.9394, 3031
0.9397, 3030
0.9400, 3029
0.9403, 3028
0.9406, 3027
0.9408, 3026
0.9411, 3025
0.9414, 3024
0.9417, 3023
0.9420, 3022
0.9423, 3021
0.9426, 3020
0.9429, 3019
0.9432, 3018
0.9435, 3017
0.9437, 3016
0.9440, 3015
0.9443, 3014
0.9446, 3013
0.9449, 3012
0.9451, 3011
0.9454, 3010
0.9457, 3009
0.9460, 3008
0.9462, 3007
0.9465, 3006
0.9468, 3005
0.9471, 3004
0.9474, 3003
0.9476, 3002
0.9479, 3001
0.9482, 3000
0.9485, 2999
0.9488, 2998
0.9491, 2997
0.9493, 2996
0.9496, 2995
0.9499, 2994
0.9502, 2993
0.9504, 2992
0.9507, 2991
0.9510, 2990
0.9512, 2989
0.9515, 2988
0.9518, 2987
0.9521, 2986
0.9524, 2985
0.9526, 2984
0.9529, 2983
0.9532, 2982
0.9535, 2981
0.9538, 2980
0.9541, 2979
0.9543, 2978
0.9546, 2977
0.9549, 2976
0.9552, 2975
0.9555, 2974
0.9558, 2973
0.9560, 2972
0.9563, 2971
0.9566, 2970
0.9568, 2969
0.9571, 2968
0.9574, 2967
0.9576, 2966
0.9579, 2965
0.9582, 2964
0.9585, 2963
0.9588, 2962
0.9590, 2961
0.9593, 2960
0.9596, 2959
0.9599, 2958
0.9603, 2957
0.9605, 2956
0.9608, 2955
0.9611, 2954
0.9614, 2953
0.9617, 2952
0.9619, 2951
0.9622, 2950
0.9625, 2949
0.9627, 2948
0.9630, 2947
0.9633, 2946
0.9636, 2945
0.9639, 2944
0.9641, 2943
0.9644, 2942
0.9647, 2941
0.9650, 2940
0.9653, 2939
0.9656, 2938
0.9659, 2937
0.9662, 2936
0.9665, 2935
0.9668, 2934
0.9671, 2933
0.9674, 2932
0.9677, 2931
0.9680, 2930
0.9683, 2929
0.9686, 2928
0.9689, 2927
0.9691, 2926
0.9694, 2925
0.9697, 2924
0.9700, 2923
0.9704, 2922
0.9707, 2921
0.9709, 2920
0.9713, 2919
0.9716, 2918
0.9719, 2917
0.9722, 2916
0.9725, 2915
0.9728, 2914
0.9731, 2913
0.9734, 2912
0.9737, 2911
0.9740, 2910
0.9743, 2909
0.9745, 2908
0.9748, 2907
0.9751, 2906
0.9754, 2905
0.9757, 2904
0.9760, 2903
0.9763, 2902
0.9766, 2901
0.9768, 2900
0.9772, 2899
0.9774, 2898
0.9777, 2897
0.9780, 2896
0.9783, 2895
0.9786, 2894
0.9789, 2893
0.9792, 2892
0.9795, 2891
0.9798, 2890
0.9801, 2889
0.9804, 2888
0.9807, 2887
0.9810, 2886
0.9812, 2885
0.9815, 2884
0.9818, 2883
0.9821, 2882
0.9824, 2881
0.9826, 2880
0.9829, 2879
0.9832, 2878
0.9835, 2877
0.9838, 2876
0.9841, 2875
0.9843, 2874
0.9846, 2873
0.9849, 2872
0.9852, 2871
0.9854, 2870
0.9857, 2869
0.9860, 2868
0.9862, 2867
0.9865, 2866
0.9868, 2865
0.9871, 2864
0.9873, 2863
0.9876, 2862
0.9878, 2861
0.9881, 2860
0.9884, 2859
0.9886, 2858
0.9889, 2857
0.9892, 2856
0.9894, 2855
0.9897, 2854
0.9899, 2853
0.9902, 2852
0.9905, 2851
0.9908, 2850
0.9910, 2849
0.9913, 2848
0.9916, 2847
0.9919, 2846
0.9921, 2845
0.9924, 2844
0.9926, 2843
0.9929, 2842
0.9932, 2841
0.9935, 2840
0.9937, 2839
0.9940, 2838
0.9943, 2837
0.9945, 2836
0.9948, 2835
0.9951, 2834
0.9953, 2833
0.9956, 2832
0.9959, 2831
0.9962, 2830
0.9964, 2829
0.9967, 2828
0.9970, 2827
0.9972, 2826
0.9975, 2825
0.9978, 2824
0.9980, 2823
0.9983, 2822
0.9986, 2821
0.9988, 2820
0.9991, 2819
0.9994, 2818
0.9996, 2817
0.9999, 2816
1.0002, 2815
1.0004, 2814
1.0007, 2813
1.0010, 2812
1.0012, 2811
1.0015, 2810
1.0018, 2809
1.0020, 2808
1.0023, 2807
1.0026, 2806
1.0029, 2805
1.0031, 2804
1.0034, 2803
1.0037, 2802
1.0040, 2801
1.0042, 2800
1.0045, 2799
1.0048, 2798
1.0050, 2797
1.0053, 2796
1.0056, 2795
1.0058, 2794
1.0061, 2793
1.0064, 2792
1.0067, 2791
1.0069, 2790
1.0072, 2789
1.0075, 2788
1.0077, 2787
1.0080, 2786
1.0083, 2785
1.0085, 2784
1.0088, 2783
1.0090, 2782
1.0093, 2781
1.0096, 2780
1.0098, 2779
1.0101, 2778
1.0104, 2777
1.0106, 2776
1.0109, 2775
1.0111, 2774
1.0114, 2773
1.0117, 2772
1.0119, 2771
1.0122, 2770
1.0125, 2769
1.0127, 2768
1.0130, 2767
1.0132, 2766
1.0135, 2765
1.0137, 2764
1.0140, 2763
1.0143, 2762
1.0145, 2761
1.0148, 2760
1.0151, 2759
1.0153, 2758
1.0156, 2757
1.0159, 2756
1.0162, 2755
1.0165, 2754
1.0167, 2753
1.0170, 2752
1.0173, 2751
1.0175, 2750
1.0178, 2749
1.0180, 2748
1.0183, 2747
1.0186, 2746
1.0188, 2745
1.0192, 2744
1.0195, 2743
1.0198, 2742
1.0201, 2741
1.0203, 2740
1.0206, 2739
1.0209, 2738
1.0212, 2737
1.0214, 2736
1.0217, 2735
1.0220, 2734
1.0222, 2733
1.0226, 2732
1.0228, 2731
1.0231, 2730
1.0234, 2729
1.0236, 2728
1.0239, 2727
1.0242, 2726
1.0244, 2725
1.0247, 2724
1.0249, 2723
1.0252, 2722
1.0255, 2721
1.0257, 2720
1.0260, 2719
1.0263, 2718
1.0266, 2717
1.0268, 2716
1.0271, 2715
1.0273, 2714
1.0276, 2713
1.0279, 2712
1.0281, 2711
1.0284, 2710
1.0287, 2709
1.0289, 2708
1.0292, 2707
1.0295, 2706
1.0297, 2705
1.0300, 2704
1.0302, 2703
1.0305, 2702
1.0307, 2701
1.0310, 2700
1.0313, 2699
1.0315, 2698
1.0318, 2697
1.0321, 2696
1.0323, 2695
1.0326, 2694
1.0329, 2693
1.0332, 2692
1.0334, 2691
1.0337, 2690
1.0340, 2689
1.0342, 2688
1.0345, 2687
1.0347, 2686
1.0350, 2685
1.0353, 2684
1.0355, 2683
1.0358, 2682
1.0360, 2681
1.0363, 2680
1.0365, 2679
1.0368, 2678
1.0371, 2677
1.0374, 2676
1.0377, 2675
1.0379, 2674
1.0382, 2673
1.0384, 2672
1.0387, 2671
1.0390, 2670
1.0393, 2669
1.0395, 2668
1.0398, 2667
1.0400, 2666
1.0403, 2665
1.0405, 2664
1.0408, 2663
1.0411, 2662
1.0414, 2661
1.0417, 2660
1.0419, 2659
1.0422, 2658
1.0424, 2657
1.0427, 2656
1.0429, 2655
1.0432, 2654
1.0434, 2653
1.0437, 2652
1.0440, 2651
1.0442, 2650
1.0445, 2649
1.0447, 2648
1.0450, 2647
1.0452, 2646
1.0455, 2645
1.0458, 2644
1.0460, 2643
1.0463, 2642
1.0465, 2641
1.0468, 2640
1.0470, 2639
1.0473, 2638
1.0475, 2637
1.0478, 2636
1.0480, 2635
1.0483, 2634
1.0486, 2633
1.0488, 2632
1.0491, 2631
1.0494, 2630
1.0496, 2629
1.0499, 2628
1.0501, 2627
1.0504, 2626
1.0506, 2625
1.0509, 2624
1.0511, 2623
1.0514, 2622
1.0516, 2621
1.0519, 2620
1.0521, 2619
1.0524, 2618
1.0527, 2617
1.0529, 2616
1.0532, 2615
1.0534, 2614
1.0537, 2613
1.0539, 2612
1.0542, 2611
1.0544, 2610
1.0547, 2609
1.0549, 2608
1.0552, 2607
1.0555, 2606
1.0557, 2605
1.0560, 2604
1.0562, 2603
1.0565, 2602
1.0568, 2601
1.0570, 2600
1.0573, 2599
1.0575, 2598
1.0578, 2597
1.0580, 2596
1.0583, 2595
1.0585, 2594
1.0588, 2593
1.0590, 2592
1.0593, 2591
1.0595, 2590
1.0598, 2589
1.0600, 2588
1.0603, 2587
1.0605, 2586
1.0608, 2585
1.0611, 2584
1.0613, 2583
1.0616, 2582
1.0618, 2581
1.0621, 2580
1.0624, 2579
1.0626, 2578
1.0629, 2577
1.0631, 2576
1.0634, 2575
1.0636, 2574
1.0639, 2573
1.0641, 2572
1.0644, 2571
1.0648, 2570
1.0650, 2569
1.0653, 2568
1.0738, 2567
1.0741, 2566
1.0845, 2565
1.0928, 2564
1.0931, 2563
1.1015, 2562
1.1017, 2561
1.1205, 2560
1.1310, 2559
1.1416, 2558
1.1685, 2557
1.1688, 2556
1.1753, 2555
1.1817, 2554
1.1922, 2553
1.1924, 2552
1.2029, 2551
1.2073, 2550
1.2219, 2549
1.2303, 2548
1.2305, 2547
1.2348, 2546
1.2371, 2545
1.2373, 2544
1.2376, 2543
1.2440, 2542
1.2483, 2541
1.2486, 2540
1.2630, 2539
1.2715, 2538
1.2799, 2537
1.2802, 2536
1.2886, 2535
1.2950, 2534
1.3014, 2533
1.3263, 2532
1.3411, 2531
1.3413, 2530
1.3436, 2529
1.3438, 2528
1.3544, 2527
1.3546, 2526
1.3548, 2525
1.3591, 2524
1.3594, 2523
1.3637, 2522
1.3701, 2521
1.3724, 2520
1.3748, 2519
1.3771, 2518
1.3837, 2517
1.3839, 2516
1.3903, 2515
1.3905, 2514
1.3907, 2513
1.3909, 2512
1.3993, 2511
1.4692, 2510
1.4839, 2509
1.4841, 2508
1.5069, 2507
1.5276, 2506
1.5443, 2505
1.5445, 2504
1.5591, 2503
1.5675, 2502
1.5760, 2501
1.5988, 2500
1.6185, 2499
1.6319, 2498
1.6344, 2497
1.6368, 2496
1.6371, 2495
1.6415, 2494
1.6501, 2493
1.6587, 2492
1.6589, 2491
1.6633, 2490
1.6729, 2489
1.6731, 2488
1.6733, 2487
1.6736, 2486
1.6738, 2485
1.6829, 2484
1.6832, 2483
1.6835, 2482
1.6984, 2481
1.6987, 2480
1.6989, 2479
1.7181, 2478
1.7225, 2477
1.7352, 2476
1.7354, 2475
1.7440, 2474
1.7484, 2473
1.7528, 2472
1.7531, 2471
1.7533, 2470
1.7536, 2469
1.7725, 2468
1.7832, 2467
1.7896, 2466
1.7898, 2465
1.7900, 2464
1.7902, 2463
1.8028, 2462
1.8176, 2461
1.8281, 2460
1.8471, 2459
1.8473, 2458
1.8558, 2457
1.8560, 2456
1.8583, 2455
1.8627, 2454
1.8711, 2453
1.8713, 2452
1.8903, 2451
1.9027, 2450
1.9142, 2449
1.9145, 2448
1.9366, 2447
1.9460, 2446
1.9695, 2445
1.9748, 2444
1.9886, 2443
1.9952, 2442
2.0164, 2441
2.0364, 2440
2.0448, 2439
2.0492, 2438
2.0704, 2437
2.0769, 2436
2.0816, 2435
2.0926, 2434
2.1229, 2433
2.1295, 2432
2.1469, 2431
2.1557, 2430
2.1559, 2429
2.1922, 2428
2.1988, 2427
2.2240, 2426
2.2558, 2425
2.2623, 2424
2.2625, 2423
2.2753, 2422
2.2925, 2421
2.3034, 2420
2.3100, 2419
2.3269, 2418
2.3354, 2417
2.3501, 2416
2.3565, 2415
2.3608, 2414
2.3693, 2413
2.3736, 2412
2.3738, 2411
2.3782, 2410
2.3784, 2409
2.3869, 2408
2.3872, 2407
2.3915, 2406
2.3917, 2405
2.3919, 2404
2.4025, 2403
2.4213, 2402
2.4298, 2401
2.4383, 2400
2.4385, 2399
2.4408, 2398
2.4410, 2397
2.4474, 2396
2.4538, 2395
2.4540, 2394
2.4584, 2393
2.4586, 2392
2.4775, 2391
2.4880, 2390
2.4924, 2389
2.4926, 2388
2.4928, 2387
2.4930, 2386
2.4933, 2385
2.4955, 2384
2.5019, 2383
2.5022, 2382
2.5106, 2381
2.5108, 2380
2.5111, 2379
2.5154, 2378
2.5156, 2377
2.5241, 2376
2.5244, 2375
2.5266, 2374
2.5311, 2373
2.5313, 2372
2.5315, 2371
2.5463, 2370
2.5465, 2369
2.5571, 2368
2.5636, 2367
2.5638, 2366
2.5640, 2365
2.5705, 2364
2.5707, 2363
2.5710, 2362
2.5712, 2361
2.5714, 2360
2.5716, 2359
2.5932, 2358
2.5934, 2357
2.5958, 2356
2.5960, 2355
2.6026, 2354
2.6093, 2353
2.6096, 2352
2.6098, 2351
2.6100, 2350
2.6146, 2349
2.6360, 2348
2.6362, 2347
2.6428, 2346
2.6473, 2345
2.6517, 2344
2.6664, 2343
2.6666, 2342
2.6773, 2341
2.6775, 2340
2.6777, 2339
2.6779, 2338
2.6864, 2337
2.7030, 2336
2.7053, 2335
2.7055, 2334
2.7222, 2333
2.7265, 2332
2.7268, 2331
2.7311, 2330
2.7539, 2329
2.7707, 2328
2.7709, 2327
2.7712, 2326
2.7816, 2325
2.7819, 2324
2.7945, 2323
2.7947, 2322
2.9264, 2321
2.9287, 2320
2.9310, 2319
2.9353, 2318
2.9355, 2317
2.9378, 2316
2.9422, 2315
2.9424, 2314
2.9467, 2313
2.9593, 2312
2.9656, 2311
2.9699, 2310
2.9763, 2309
2.9765, 2308
2.9808, 2307
2.9810, 2306
2.9956, 2305
2.9958, 2304
3.0042, 2303
3.0044, 2302
3.0068, 2301
3.0152, 2300
3.0216, 2299
3.0218, 2298
3.0282, 2297
3.0284, 2296
3.0327, 2295
3.0329, 2294
3.0413, 2293
3.0456, 2292
3.0564, 2291
3.0649, 2290
3.0795, 2289
3.0797, 2288
3.0799, 2287
3.0863, 2286
3.0886, 2285
3.0888, 2284
3.1033, 2283
3.1198, 2282
3.1200, 2281
3.1489, 2280
3.1553, 2279
3.1638, 2278
3.1962, 2277
3.2047, 2276
3.2049, 2275
3.2051, 2274
3.2054, 2273
3.2056, 2272
3.2058, 2271
3.2163, 2270
3.2165, 2269
3.2209, 2268
3.2211, 2267
3.2213, 2266
3.2401, 2265
3.2506, 2264
3.2591, 2263
3.2717, 2262
3.2719, 2261
3.2907, 2260
3.2950, 2259
3.2993, 2258
3.2996, 2257
3.3162, 2256
3.3205, 2255
3.3207, 2254
3.3209, 2253
3.3374, 2252
3.3458, 2251
3.3501, 2250
3.3568, 2249
3.3614, 2248
3.3659, 2247
3.3833, 2246
3.3919, 2245
3.4004, 2244
3.4067, 2243
3.4174, 2242
3.4258, 2241
3.4342, 2240
3.4487, 2239
3.4510, 2238
3.4593, 2237
3.4595, 2236
3.4597, 2235
3.4742, 2234
3.4744, 2233
3.4889, 2232
3.4951, 2231
3.5075, 2230
3.5220, 2229
3.5325, 2228
3.5368, 2227
3.5554, 2226
3.6679, 2225
3.7032, 2224
3.7587, 2223
3.7693, 2222
3.7777, 2221
3.7820, 2220
3.8296, 2219
3.8891, 2218
3.9515, 2217
3.9832, 2216
4.0868, 2215
