0.0328, 2281
0.0613, 2280
0.0933, 2278
0.1048, 2277
0.1104, 2275
0.1173, 2274
0.1208, 2273
0.1967, 2272
0.3231, 2271
0.3418, 2270
0.3820, 2269
0.4471, 2268
0.4727, 2267
0.5129, 2266
0.5346, 2265
0.6011, 2264
0.6466, 2263
0.7072, 2262
0.7254, 2261
0.7406, 2260
0.7647, 2259
0.7679, 2258
0.9888, 2257
1.1839, 2256
1.2110, 2255
1.2380, 2254
1.3495, 2253
1.4376, 2252
1.4497, 2250
1.4808, 2249
1.5116, 2248
1.5545, 2247
1.6702, 2246
1.6824, 2244
1.8362, 2243
1.8483, 2242
1.8666, 2241
2.0611, 2240
2.1829, 2239
2.1861, 2238
2.2134, 2237
2.2712, 2236
2.2863, 2235
2.2894, 2234
2.3077, 2233
2.3349, 2232
2.3929, 2230
2.6393, 2227
2.7392, 2226
3.1192, 2225
