0.6647, 3931
0.6651, 3930
0.6654, 3929
0.6657, 3928
0.6661, 3927
0.6664, 3926
0.6668, 3925
0.6671, 3924
0.6674, 3923
0.6678, 3922
0.6681, 3921
0.6685, 3920
0.6688, 3919
0.6692, 3918
0.6695, 3917
0.6698, 3916
0.6702, 3915
0.6705, 3914
0.6708, 3913
0.6712, 3912
0.6715, 3911
0.6718, 3910
0.6722, 3909
0.6725, 3908
0.6729, 3907
0.6732, 3906
0.6735, 3905
0.6739, 3904
0.6742, 3903
0.6745, 3902
0.6749, 3901
0.6752, 3900
0.6755, 3899
0.6759, 3898
0.6762, 3897
0.6766, 3896
0.6769, 3895
0.6773, 3894
0.6776, 3893
0.6780, 3892
0.6783, 3891
0.6787, 3890
0.6790, 3889
0.6794, 3888
0.6797, 3887
0.6801, 3886
0.6804, 3885
0.6808, 3884
0.6811, 3883
0.6815, 3882
0.6818, 3881
0.6821, 3880
0.6825, 3879
0.6828, 3878
0.6831, 3877
0.6835, 3876
0.6838, 3875
0.6842, 3874
0.6845, 3873
0.6849, 3872
0.6852, 3871
0.6856, 3870
0.6859, 3869
0.6863, 3868
0.6866, 3867
0.6869, 3866
0.6873, 3865
0.6876, 3864
0.6880, 3863
0.6883, 3862
0.6887, 3861
0.6891, 3860
0.6894, 3859
0.6898, 3858
0.6901, 3857
0.6905, 3856
0.6909, 3855
0.6912, 3854
0.6916, 3853
0.6919, 3852
0.6922, 3851
0.6926, 3850
0.6929, 3849
0.6933, 3848
0.6936, 3847
0.6940, 3846
0.6943, 3845
0.6947, 3844
0.6950, 3843
0.6954, 3842
0.6957, 3841
0.6960, 3840
0.6964, 3839
0.6968, 3838
0.6971, 3837
0.6974, 3836
0.6978, 3835
0.6981, 3834
0.6984, 3833
0.6988, 3832
0.6991, 3831
0.6995, 3830
0.6998, 3829
0.7001, 3828
0.7005, 3827
0.7008, 3826
0.7012, 3825
0.7015, 3824
0.7018, 3823
0.7022, 3822
0.7025, 3821
0.7028, 3820
0.7032, 3819
0.7035, 3818
0.7039, 3817
0.7042, 3816
0.7045, 3815
0.7049, 3814
0.7052, 3813
0.7055, 3812
0.7059, 3811
0.7062, 3810
0.7065, 3809
0.7069, 3808
0.7072, 3807
0.7075, 3806
0.7079, 3805
0.7082, 3804
0.7086, 3803
0.7089, 3802
0.7092, 3801
0.7096, 3800
0.7099, 3799
0.7103, 3798
0.7106, 3797
0.7109, 3796
0.7112, 3795
0.7116, 3794
0.7120, 3793
0.7124, 3792
0.7127, 3791
0.7130, 3790
0.7134, 3789
0.7138, 3788
0.7141, 3787
0.7144, 3786
0.7148, 3785
0.7152, 3784
0.7161, 3783
0.7164, 3782
0.7168, 3781
0.7172, 3780
0.7176, 3779
0.7179, 3778
0.7182, 3777
0.7186, 3776
0.7190, 3775
0.7194, 3774
0.7198, 3773
0.7202, 3772
0.7206, 3771
0.7209, 3770
0.7213, 3769
0.7217, 3768
0.7220, 3767
0.7224, 3766
0.7228, 3765
0.7231, 3764
0.7235, 3763
0.7238, 3762
0.7241, 3761
0.7244, 3760
0.7247, 3759
0.7251, 3758
0.7254, 3757
0.7257, 3756
0.7260, 3755
0.7264, 3754
0.7267, 3753
0.7271, 3752
0.7274, 3751
0.7277, 3750
0.7280, 3749
0.7284, 3748
0.7287, 3747
0.7291, 3746
0.7295, 3745
0.7298, 3744
0.7302, 3743
0.7306, 3742
0.7310, 3741
0.7314, 3740
0.7318, 3739
0.7323, 3738
0.7327, 3737
0.7330, 3736
0.7334, 3735
0.7337, 3734
0.7341, 3733
0.7344, 3732
0.7347, 3731
0.7351, 3730
0.7354, 3729
0.7358, 3728
0.7361, 3727
0.7365, 3726
0.7368, 3725
0.7371, 3724
0.7375, 3723
0.7378, 3722
0.7382, 3721
0.7385, 3720
0.7388, 3719
0.7392, 3718
0.7395, 3717
0.7398, 3716
0.7401, 3715
0.7405, 3714
0.7408, 3713
0.7411, 3712
0.7415, 3711
0.7418, 3710
0.7422, 3709
0.7425, 3708
0.7428, 3707
0.7432, 3706
0.7435, 3705
0.7439, 3704
0.7442, 3703
0.7445, 3702
0.7449, 3701
0.7452, 3700
0.7455, 3699
0.7458, 3698
0.7462, 3697
0.7465, 3696
0.7468, 3695
0.7472, 3694
0.7475, 3693
0.7478, 3692
0.7482, 3691
0.7485, 3690
0.7488, 3689
0.7491, 3688
0.7495, 3687
0.7498, 3686
0.7501, 3685
0.7505, 3684
0.7508, 3683
0.7511, 3682
0.7515, 3681
0.7518, 3680
0.7521, 3679
0.7525, 3678
0.7528, 3677
0.7531, 3676
0.7535, 3675
0.7538, 3674
0.7541, 3673
0.7545, 3672
0.7549, 3671
0.7552, 3670
0.7555, 3669
0.7558, 3668
0.7562, 3667
0.7565, 3666
0.7568, 3665
0.7571, 3664
0.7575, 3663
0.7578, 3662
0.7581, 3661
0.7585, 3660
0.7588, 3659
0.7591, 3658
0.7595, 3657
0.7598, 3656
0.7601, 3655
0.7604, 3654
0.7608, 3653
0.7611, 3652
0.7614, 3651
0.7618, 3650
0.7621, 3649
0.7624, 3648
0.7627, 3647
0.7631, 3646
0.7634, 3645
0.7638, 3644
0.7641, 3643
0.7644, 3642
0.7648, 3641
0.7651, 3640
0.7654, 3639
0.7658, 3638
0.7661, 3637
0.7664, 3636
0.7668, 3635
0.7671, 3634
0.7675, 3633
0.7678, 3632
0.7681, 3631
0.7685, 3630
0.7688, 3629
0.7691, 3628
0.7695, 3627
0.7698, 3626
0.7702, 3625
0.7705, 3624
0.7709, 3623
0.7712, 3622
0.7715, 3621
0.7719, 3620
0.7722, 3619
0.7725, 3618
0.7729, 3617
0.7732, 3616
0.7735, 3615
0.7738, 3614
0.7742, 3613
0.7745, 3612
0.7749, 3611
0.7752, 3610
0.7755, 3609
0.7759, 3608
0.7762, 3607
0.7765, 3606
0.7769, 3605
0.7772, 3604
0.7775, 3603
0.7779, 3602
0.7782, 3601
0.7785, 3600
0.7789, 3599
0.7792, 3598
0.7795, 3597
0.7799, 3596
0.7802, 3595
0.7805, 3594
0.7809, 3593
0.7812, 3592
0.7815, 3591
0.7819, 3590
0.7822, 3589
0.7825, 3588
0.7829, 3587
0.7832, 3586
0.7835, 3585
0.7839, 3584
0.7842, 3583
0.7845, 3582
0.7849, 3581
0.7852, 3580
0.7856, 3579
0.7863, 3578
0.7868, 3577
0.7871, 3576
0.7875, 3575
0.7878, 3574
0.7881, 3573
0.7885, 3572
0.7888, 3571
0.7892, 3570
0.7896, 3569
0.7901, 3568
0.7905, 3567
0.7908, 3566
0.7912, 3565
0.7921, 3564
0.7928, 3563
0.7936, 3562
0.7940, 3561
0.7947, 3560
0.7956, 3559
0.7960, 3558
0.7963, 3557
0.7966, 3556
0.7970, 3555
0.7975, 3554
0.7991, 3553
0.7995, 3552
0.7998, 3551
0.8005, 3550
0.8011, 3549
0.8023, 3548
0.8028, 3547
0.8031, 3546
0.8034, 3545
0.8038, 3544
0.8042, 3543
0.8046, 3542
0.8049, 3541
0.8054, 3540
0.8059, 3539
0.8065, 3538
0.8068, 3537
0.8072, 3536
0.8075, 3535
0.8079, 3534
0.8083, 3533
0.8086, 3532
0.8089, 3531
0.8093, 3530
0.8096, 3529
0.8100, 3528
0.8103, 3527
0.8107, 3526
0.8119, 3525
0.8123, 3524
0.8127, 3523
0.8140, 3522
0.8143, 3521
0.8146, 3520
0.8149, 3519
0.8153, 3518
0.8156, 3517
0.8160, 3516
0.8163, 3515
0.8166, 3514
0.8170, 3513
0.8173, 3512
0.8176, 3511
0.8180, 3510
0.8183, 3509
0.8192, 3508
0.8202, 3507
0.8223, 3506
0.8226, 3505
0.8243, 3504
0.8272, 3503
0.8282, 3502
0.8290, 3501
0.8298, 3500
0.8306, 3499
0.8315, 3498
0.8324, 3497
0.8332, 3496
0.8340, 3495
0.8348, 3494
0.8364, 3493
0.8368, 3492
0.8371, 3491
0.8374, 3490
0.8378, 3489
0.8381, 3488
0.8384, 3487
0.8387, 3486
0.8404, 3485
0.8409, 3484
0.8478, 3483
0.8487, 3482
0.8496, 3481
0.8504, 3480
0.8513, 3479
0.8521, 3478
0.8530, 3477
0.8536, 3476
0.8540, 3475
0.8543, 3474
0.8546, 3473
0.8550, 3472
0.8553, 3471
0.8556, 3470
0.8559, 3469
0.8563, 3468
0.8566, 3467
0.8569, 3466
0.8573, 3465
0.8576, 3464
0.8579, 3463
0.8583, 3462
0.8586, 3461
0.8589, 3460
0.8594, 3459
0.8599, 3458
0.8616, 3457
0.8622, 3456
0.8632, 3455
0.8640, 3454
0.8651, 3453
0.8657, 3452
0.8663, 3451
0.8670, 3450
0.8674, 3449
0.8682, 3448
0.8692, 3447
0.8697, 3446
0.8702, 3445
0.8706, 3444
0.8712, 3443
0.8720, 3442
0.8837, 3441
0.8845, 3440
0.8853, 3439
0.8864, 3438
0.8871, 3437
0.8875, 3436
0.8878, 3435
0.8881, 3434
0.8884, 3433
0.8887, 3432
0.8914, 3431
0.8918, 3430
0.8922, 3429
0.8925, 3428
0.8929, 3427
0.8933, 3426
0.8936, 3425
0.8943, 3424
0.8951, 3423
0.8960, 3422
0.8968, 3421
0.8977, 3420
0.8985, 3419
0.8992, 3418
0.8995, 3417
0.8998, 3416
0.9001, 3415
0.9018, 3414
0.9026, 3413
0.9032, 3412
0.9035, 3411
0.9039, 3410
0.9042, 3409
0.9045, 3408
0.9048, 3407
0.9051, 3406
0.9054, 3405
0.9137, 3404
0.9149, 3403
0.9158, 3402
0.9166, 3401
0.9174, 3400
0.9183, 3399
0.9190, 3398
0.9194, 3397
0.9197, 3396
0.9200, 3395
0.9203, 3394
0.9207, 3393
0.9210, 3392
0.9213, 3391
0.9216, 3390
0.9220, 3389
0.9235, 3388
0.9246, 3387
0.9250, 3386
0.9253, 3385
0.9256, 3384
0.9260, 3383
0.9263, 3382
0.9266, 3381
0.9270, 3380
0.9273, 3379
0.9277, 3378
0.9280, 3377
0.9283, 3376
0.9286, 3375
0.9290, 3374
0.9293, 3373
0.9297, 3372
0.9306, 3371
0.9315, 3370
0.9323, 3369
0.9331, 3368
0.9339, 3367
0.9347, 3366
0.9354, 3365
0.9362, 3364
0.9370, 3363
0.9378, 3362
0.9386, 3361
0.9395, 3360
0.9401, 3359
0.9409, 3358
0.9413, 3357
0.9416, 3356
0.9419, 3355
0.9423, 3354
0.9426, 3353
0.9429, 3352
0.9433, 3351
0.9436, 3350
0.9439, 3349
0.9442, 3348
0.9446, 3347
0.9449, 3346
0.9452, 3345
0.9455, 3344
0.9459, 3343
0.9462, 3342
0.9465, 3341
0.9468, 3340
0.9471, 3339
0.9475, 3338
0.9478, 3337
0.9481, 3336
0.9485, 3335
0.9488, 3334
0.9491, 3333
0.9494, 3332
0.9497, 3331
0.9505, 3330
0.9514, 3329
0.9522, 3328
0.9530, 3327
0.9538, 3326
0.9546, 3325
0.9554, 3324
0.9563, 3323
0.9571, 3322
0.9574, 3321
0.9578, 3320
0.9581, 3319
0.9585, 3318
0.9589, 3317
0.9592, 3316
0.9596, 3315
0.9599, 3314
0.9602, 3313
0.9606, 3312
0.9609, 3311
0.9612, 3310
0.9615, 3309
0.9619, 3308
0.9622, 3307
0.9625, 3306
0.9629, 3305
0.9632, 3304
0.9635, 3303
0.9639, 3302
0.9642, 3301
0.9646, 3300
0.9649, 3299
0.9652, 3298
0.9655, 3297
0.9659, 3296
0.9662, 3295
0.9666, 3294
0.9669, 3293
0.9673, 3292
0.9685, 3291
0.9693, 3290
0.9700, 3289
0.9709, 3288
0.9717, 3287
0.9725, 3286
0.9826, 3285
0.9836, 3284
0.9845, 3283
0.9854, 3282
0.9863, 3281
0.9871, 3280
0.9874, 3279
0.9877, 3278
0.9881, 3277
0.9889, 3276
0.9911, 3275
0.9921, 3274
0.9935, 3273
0.9949, 3272
0.9963, 3271
0.9971, 3270
0.9981, 3269
0.9989, 3268
0.9998, 3267
1.0001, 3266
1.0004, 3265
1.0007, 3264
1.0010, 3263
1.0014, 3262
1.0017, 3261
1.0020, 3260
1.0023, 3259
1.0027, 3258
1.0030, 3257
1.0033, 3256
1.0036, 3255
1.0040, 3254
1.0043, 3253
1.0046, 3252
1.0049, 3251
1.0053, 3250
1.0056, 3249
1.0059, 3248
1.0062, 3247
1.0065, 3246
1.0069, 3245
1.0072, 3244
1.0076, 3243
1.0079, 3242
1.0082, 3241
1.0085, 3240
1.0089, 3239
1.0092, 3238
1.0095, 3237
1.0098, 3236
1.0102, 3235
1.0105, 3234
1.0108, 3233
1.0111, 3232
1.0114, 3231
1.0118, 3230
1.0121, 3229
1.0124, 3228
1.0127, 3227
1.0131, 3226
1.0135, 3225
1.0138, 3224
1.0141, 3223
1.0144, 3222
1.0147, 3221
1.0150, 3220
1.0154, 3219
1.0157, 3218
1.0160, 3217
1.0163, 3216
1.0166, 3215
1.0169, 3214
1.0172, 3213
1.0175, 3212
1.0178, 3211
1.0181, 3210
1.0185, 3209
1.0196, 3208
1.0206, 3207
1.0214, 3206
1.0223, 3205
1.0236, 3204
1.0246, 3203
1.0255, 3202
1.0266, 3201
1.0274, 3200
1.0283, 3199
1.0292, 3198
1.0297, 3197
1.0301, 3196
1.0304, 3195
1.0307, 3194
1.0310, 3193
1.0314, 3192
1.0316, 3191
1.0320, 3190
1.0323, 3189
1.0326, 3188
1.0329, 3187
1.0333, 3186
1.0336, 3185
1.0340, 3184
1.0343, 3183
1.0346, 3182
1.0349, 3181
1.0352, 3180
1.0355, 3179
1.0358, 3178
1.0361, 3177
1.0364, 3176
1.0367, 3175
1.0371, 3174
1.0375, 3173
1.0378, 3172
1.0381, 3171
1.0384, 3170
1.0387, 3169
1.0390, 3168
1.0393, 3167
1.0396, 3166
1.0400, 3165
1.0403, 3164
1.0406, 3163
1.0409, 3162
1.0412, 3161
1.0415, 3160
1.0418, 3159
1.0421, 3158
1.0424, 3157
1.0428, 3156
1.0431, 3155
1.0434, 3154
1.0437, 3153
1.0440, 3152
1.0443, 3151
1.0446, 3150
1.0449, 3149
1.0452, 3148
1.0455, 3147
1.0458, 3146
1.0462, 3145
1.0465, 3144
1.0469, 3143
1.0472, 3142
1.0475, 3141
1.0478, 3140
1.0482, 3139
1.0486, 3138
1.0489, 3137
1.0492, 3136
1.0495, 3135
1.0498, 3134
1.0501, 3133
1.0504, 3132
1.0508, 3131
1.0511, 3130
1.0514, 3129
1.0518, 3128
1.0521, 3127
1.0524, 3126
1.0527, 3125
1.0530, 3124
1.0533, 3123
1.0536, 3122
1.0539, 3121
1.0542, 3120
1.0545, 3119
1.0548, 3118
1.0551, 3117
1.0580, 3116
1.0593, 3115
1.0608, 3114
1.0615, 3113
1.0623, 3112
1.0631, 3111
1.0638, 3110
1.0646, 3109
1.0654, 3108
1.0663, 3107
1.0671, 3106
1.0679, 3105
1.0686, 3104
1.0689, 3103
1.0692, 3102
1.0695, 3101
1.0698, 3100
1.0701, 3099
1.0704, 3098
1.0707, 3097
1.0710, 3096
1.0713, 3095
1.0716, 3094
1.0719, 3093
1.0722, 3092
1.0726, 3091
1.0728, 3090
1.0731, 3089
1.0734, 3088
1.0737, 3087
1.0740, 3086
1.0743, 3085
1.0746, 3084
1.0749, 3083
1.0752, 3082
1.0755, 3081
1.0759, 3080
1.0762, 3079
1.0765, 3078
1.0768, 3077
1.0771, 3076
1.0774, 3075
1.0778, 3074
1.0781, 3073
1.0784, 3072
1.0789, 3071
1.0797, 3070
1.0805, 3069
1.0813, 3068
1.0820, 3067
1.0828, 3066
1.0835, 3065
1.0842, 3064
1.0850, 3063
1.0858, 3062
1.0866, 3061
1.0879, 3060
1.0882, 3059
1.0885, 3058
1.0888, 3057
1.0891, 3056
1.0894, 3055
1.0897, 3054
1.0900, 3053
1.0903, 3052
1.0906, 3051
1.0909, 3050
1.0912, 3049
1.0915, 3048
1.0919, 3047
1.0922, 3046
1.0925, 3045
1.0928, 3044
1.0931, 3043
1.0934, 3042
1.0936, 3041
1.0939, 3040
1.0942, 3039
1.0945, 3038
1.0948, 3037
1.0951, 3036
1.0954, 3035
1.0957, 3034
1.0960, 3033
1.0962, 3032
1.0965, 3031
1.0968, 3030
1.0971, 3029
1.0974, 3028
1.0977, 3027
1.0980, 3026
1.0984, 3025
1.0987, 3024
1.0990, 3023
1.0993, 3022
1.0995, 3021
1.0998, 3020
1.1001, 3019
1.1004, 3018
1.1007, 3017
1.1010, 3016
1.1013, 3015
1.1016, 3014
1.1019, 3013
1.1022, 3012
1.1025, 3011
1.1028, 3010
1.1031, 3009
1.1034, 3008
1.1037, 3007
1.1040, 3006
1.1042, 3005
1.1045, 3004
1.1048, 3003
1.1051, 3002
1.1054, 3001
1.1057, 3000
1.1060, 2999
1.1063, 2998
1.1065, 2997
1.1068, 2996
1.1071, 2995
1.1074, 2994
1.1077, 2993
1.1080, 2992
1.1083, 2991
1.1086, 2990
1.1088, 2989
1.1091, 2988
1.1094, 2987
1.1097, 2986
1.1100, 2985
1.1103, 2984
1.1106, 2983
1.1109, 2982
1.1112, 2981
1.1114, 2980
1.1118, 2979
1.1120, 2978
1.1123, 2977
1.1126, 2976
1.1129, 2975
1.1132, 2974
1.1135, 2973
1.1138, 2972
1.1141, 2971
1.1144, 2970
1.1147, 2969
1.1150, 2968
1.1153, 2967
1.1156, 2966
1.1159, 2965
1.1162, 2964
1.1165, 2963
1.1167, 2962
1.1170, 2961
1.1173, 2960
1.1176, 2959
1.1179, 2958
1.1182, 2957
1.1185, 2956
1.1188, 2955
1.1191, 2954
1.1195, 2953
1.1198, 2952
1.1201, 2951
1.1204, 2950
1.1207, 2949
1.1210, 2948
1.1213, 2947
1.1216, 2946
1.1219, 2945
1.1222, 2944
1.1224, 2943
1.1227, 2942
1.1230, 2941
1.1233, 2940
1.1236, 2939
1.1239, 2938
1.1242, 2937
1.1246, 2936
1.1249, 2935
1.1252, 2934
1.1254, 2933
1.1257, 2932
1.1261, 2931
1.1264, 2930
1.1267, 2929
1.1270, 2928
1.1274, 2927
1.1277, 2926
1.1280, 2925
1.1283, 2924
1.1286, 2923
1.1289, 2922
1.1292, 2921
1.1295, 2920
1.1298, 2919
1.1302, 2918
1.1305, 2917
1.1309, 2916
1.1313, 2915
1.1316, 2914
1.1319, 2913
1.1323, 2912
1.1326, 2911
1.1330, 2910
1.1333, 2909
1.1336, 2908
1.1339, 2907
1.1342, 2906
1.1346, 2905
1.1349, 2904
1.1352, 2903
1.1354, 2902
1.1358, 2901
1.1361, 2900
1.1364, 2899
1.1367, 2898
1.1370, 2897
1.1373, 2896
1.1376, 2895
1.1379, 2894
1.1382, 2893
1.1385, 2892
1.1388, 2891
1.1391, 2890
1.1394, 2889
1.1397, 2888
1.1400, 2887
1.1403, 2886
1.1406, 2885
1.1410, 2884
1.1413, 2883
1.1416, 2882
1.1418, 2881
1.1421, 2880
1.1424, 2879
1.1427, 2878
1.1430, 2877
1.1433, 2876
1.1436, 2875
1.1439, 2874
1.1442, 2873
1.1445, 2872
1.1448, 2871
1.1451, 2870
1.1454, 2869
1.1457, 2868
1.1460, 2867
1.1463, 2866
1.1466, 2865
1.1469, 2864
1.1471, 2863
1.1474, 2862
1.1477, 2861
1.1480, 2860
1.1483, 2859
1.1486, 2858
1.1489, 2857
1.1492, 2856
1.1494, 2855
1.1497, 2854
1.1500, 2853
1.1503, 2852
1.1506, 2851
1.1508, 2850
1.1511, 2849
1.1514, 2848
1.1517, 2847
1.1519, 2846
1.1522, 2845
1.1525, 2844
1.1528, 2843
1.1531, 2842
1.1534, 2841
1.1537, 2840
1.1540, 2839
1.1543, 2838
1.1545, 2837
1.1548, 2836
1.1551, 2835
1.1554, 2834
1.1557, 2833
1.1560, 2832
1.1562, 2831
1.1565, 2830
1.1568, 2829
1.1570, 2828
1.1573, 2827
1.1576, 2826
1.1578, 2825
1.1581, 2824
1.1584, 2823
1.1587, 2822
1.1589, 2821
1.1592, 2820
1.1595, 2819
1.1597, 2818
1.1600, 2817
1.1603, 2816
1.1605, 2815
1.1608, 2814
1.1611, 2813
1.1613, 2812
1.1616, 2811
1.1619, 2810
1.1621, 2809
1.1624, 2808
1.1627, 2807
1.1629, 2806
1.1632, 2805
1.1635, 2804
1.1637, 2803
1.1640, 2802
1.1642, 2801
1.1645, 2800
1.1648, 2799
1.1651, 2798
1.1653, 2797
1.1656, 2796
1.1659, 2795
1.1662, 2794
1.1664, 2793
1.1667, 2792
1.1670, 2791
1.1672, 2790
1.1675, 2789
1.1678, 2788
1.1681, 2787
1.1683, 2786
1.1686, 2785
1.1689, 2784
1.1691, 2783
1.1694, 2782
1.1697, 2781
1.1699, 2780
1.1702, 2779
1.1704, 2778
1.1707, 2777
1.1710, 2776
1.1712, 2775
1.1715, 2774
1.1718, 2773
1.1720, 2772
1.1723, 2771
1.1725, 2770
1.1728, 2769
1.1731, 2768
1.1733, 2767
1.1736, 2766
1.1738, 2765
1.1741, 2764
1.1744, 2763
1.1746, 2762
1.1749, 2761
1.1751, 2760
1.1754, 2759
1.1757, 2758
1.1759, 2757
1.1762, 2756
1.1764, 2755
1.1767, 2754
1.1770, 2753
1.1773, 2752
1.1775, 2751
1.1778, 2750
1.1781, 2749
1.1784, 2748
1.1786, 2747
1.1789, 2746
1.1792, 2745
1.1794, 2744
1.1797, 2743
1.1800, 2742
1.1802, 2741
1.1805, 2740
1.1809, 2739
1.1811, 2738
1.1814, 2737
1.1817, 2736
1.1820, 2735
1.1822, 2734
1.1825, 2733
1.1828, 2732
1.1831, 2731
1.1834, 2730
1.1836, 2729
1.1839, 2728
1.1842, 2727
1.1845, 2726
1.1848, 2725
1.1851, 2724
1.1853, 2723
1.1856, 2722
1.1859, 2721
1.1861, 2720
1.1864, 2719
1.1867, 2718
1.1869, 2717
1.1872, 2716
1.1875, 2715
1.1878, 2714
1.1880, 2713
1.1883, 2712
1.1886, 2711
1.1889, 2710
1.1891, 2709
1.1894, 2708
1.1896, 2707
1.1899, 2706
1.1902, 2705
1.1904, 2704
1.1907, 2703
1.1910, 2702
1.1912, 2701
1.1915, 2700
1.1917, 2699
1.1920, 2698
1.1922, 2697
1.1925, 2696
1.1928, 2695
1.1930, 2694
1.1933, 2693
1.1935, 2692
1.1938, 2691
1.1941, 2690
1.1944, 2689
1.1946, 2688
1.1949, 2687
1.1952, 2686
1.1955, 2685
1.1957, 2684
1.1960, 2683
1.1962, 2682
1.1965, 2681
1.1968, 2680
1.1970, 2679
1.1973, 2678
1.1976, 2677
1.1978, 2676
1.1981, 2675
1.1983, 2674
1.1986, 2673
1.1989, 2672
1.1992, 2671
1.1995, 2670
1.1998, 2669
1.2001, 2668
1.2003, 2667
1.2006, 2666
1.2008, 2665
1.2011, 2664
1.2013, 2663
1.2016, 2662
1.2018, 2661
1.2021, 2660
1.2024, 2659
1.2027, 2658
1.2029, 2657
1.2032, 2656
1.2034, 2655
1.2037, 2654
1.2040, 2653
1.2042, 2652
1.2045, 2651
1.2047, 2650
1.2050, 2649
1.2052, 2648
1.2055, 2647
1.2058, 2646
1.2060, 2645
1.2063, 2644
1.2065, 2643
1.2068, 2642
1.2070, 2641
1.2073, 2640
1.2075, 2639
1.2078, 2638
1.2080, 2637
1.2083, 2636
1.2085, 2635
1.2088, 2634
1.2090, 2633
1.2093, 2632
1.2095, 2631
1.2098, 2630
1.2100, 2629
1.2103, 2628
1.2105, 2627
1.2108, 2626
1.2111, 2625
1.2113, 2624
1.2116, 2623
1.2118, 2622
1.2121, 2621
1.2123, 2620
1.2126, 2619
1.2128, 2618
1.2131, 2617
1.2134, 2616
1.2136, 2615
1.2139, 2614
1.2141, 2613
1.2144, 2612
1.2146, 2611
1.2149, 2610
1.2151, 2609
1.2154, 2608
1.2156, 2607
1.2159, 2606
1.2162, 2605
1.2164, 2604
1.2167, 2603
1.2169, 2602
1.2172, 2601
1.2174, 2600
1.2177, 2599
1.2179, 2598
1.2182, 2597
1.2185, 2596
1.2187, 2595
1.2190, 2594
1.2193, 2593
1.2195, 2592
1.2198, 2591
1.2200, 2590
1.2203, 2589
1.2205, 2588
1.2208, 2587
1.2210, 2586
1.2213, 2585
1.2215, 2584
1.2218, 2583
1.2220, 2582
1.2223, 2581
1.2226, 2580
1.2229, 2579
1.2232, 2578
1.2235, 2577
1.2238, 2576
1.2240, 2575
1.2243, 2574
1.2246, 2573
1.2248, 2572
1.2251, 2571
1.2253, 2570
1.2256, 2569
1.2259, 2568
1.2262, 2567
1.2264, 2566
1.2310, 2565
1.2353, 2564
1.2441, 2563
1.2545, 2562
1.2547, 2561
1.2633, 2560
1.2635, 2559
1.2801, 2558
1.2932, 2557
1.2997, 2556
1.3291, 2555
1.3294, 2554
1.3337, 2553
1.3422, 2552
1.3526, 2551
1.3529, 2550
1.3634, 2549
1.3758, 2548
1.3903, 2547
1.3947, 2546
1.3970, 2545
1.3972, 2544
1.3975, 2543
1.4038, 2542
1.4101, 2541
1.4104, 2540
1.4249, 2539
1.4271, 2538
1.4355, 2537
1.4439, 2536
1.4442, 2535
1.4505, 2534
1.4631, 2533
1.4695, 2532
1.4782, 2531
1.4908, 2530
1.4911, 2529
1.4934, 2528
1.4937, 2527
1.5001, 2526
1.5003, 2525
1.5047, 2524
1.5110, 2523
1.5133, 2522
1.5175, 2521
1.5219, 2520
1.5242, 2519
1.5265, 2518
1.5329, 2517
1.5331, 2516
1.5395, 2515
1.5397, 2514
1.5399, 2513
1.5401, 2512
1.5485, 2511
1.6162, 2510
1.6328, 2509
1.6330, 2508
1.6414, 2507
1.6681, 2506
1.6826, 2505
1.6950, 2504
1.6952, 2503
1.7117, 2502
1.7220, 2501
1.7263, 2500
1.7469, 2499
1.7635, 2498
1.7720, 2497
1.7806, 2496
1.7808, 2495
1.7811, 2494
1.7874, 2493
1.8000, 2492
1.8045, 2491
1.8047, 2490
1.8110, 2489
1.8196, 2488
1.8199, 2487
1.8201, 2486
1.8203, 2485
1.8206, 2484
1.8292, 2483
1.8294, 2482
1.8297, 2481
1.8443, 2480
1.8445, 2479
1.8447, 2478
1.8634, 2477
1.8677, 2476
1.8761, 2475
1.8825, 2474
1.8909, 2473
1.8932, 2472
1.8976, 2471
1.8978, 2470
1.8980, 2469
1.8983, 2468
1.9169, 2467
1.9293, 2466
1.9295, 2465
1.9338, 2464
1.9340, 2463
1.9343, 2462
1.9488, 2461
1.9674, 2460
1.9799, 2459
1.9904, 2458
1.9906, 2457
1.9990, 2456
1.9992, 2455
2.0015, 2454
2.0078, 2453
2.0121, 2452
2.0124, 2451
2.0269, 2450
2.0435, 2449
2.0499, 2448
2.0522, 2447
2.0585, 2446
2.0752, 2445
2.0919, 2444
2.0984, 2443
2.1110, 2442
2.1215, 2441
2.1341, 2440
2.1570, 2439
2.1674, 2438
2.1677, 2437
2.1905, 2436
2.1968, 2435
2.2012, 2434
2.2219, 2433
2.2405, 2432
2.2490, 2431
2.2635, 2430
2.2698, 2429
2.2762, 2428
2.3071, 2427
2.3176, 2426
2.3366, 2425
2.3601, 2424
2.3789, 2423
2.3791, 2422
2.3936, 2421
2.4041, 2420
2.4186, 2419
2.4230, 2418
2.4416, 2417
2.4500, 2416
2.4665, 2415
2.4729, 2414
2.4854, 2413
2.4877, 2412
2.4879, 2411
2.4901, 2410
2.4904, 2409
2.5049, 2408
2.5051, 2407
2.5053, 2406
2.5096, 2405
2.5098, 2404
2.5101, 2403
2.5285, 2402
2.5308, 2401
2.5433, 2400
2.5476, 2399
2.5479, 2398
2.5501, 2397
2.5503, 2396
2.5587, 2395
2.5630, 2394
2.5632, 2393
2.5696, 2392
2.5698, 2391
2.5782, 2390
2.5969, 2389
2.6012, 2388
2.6055, 2387
2.6057, 2386
2.6120, 2385
2.6123, 2384
2.6206, 2383
2.6208, 2382
2.6210, 2381
2.6274, 2380
2.6277, 2379
2.6279, 2378
2.6363, 2377
2.6365, 2376
2.6429, 2375
2.6431, 2374
2.6433, 2373
2.6598, 2372
2.6600, 2371
2.6644, 2370
2.6687, 2369
2.6689, 2368
2.6691, 2367
2.6777, 2366
2.6779, 2365
2.6781, 2364
2.6783, 2363
2.6786, 2362
2.6788, 2361
2.6996, 2360
2.6998, 2359
2.7041, 2358
2.7043, 2357
2.7107, 2356
2.7150, 2355
2.7152, 2354
2.7154, 2353
2.7157, 2352
2.7200, 2351
2.7345, 2350
2.7409, 2349
2.7513, 2348
2.7535, 2347
2.7558, 2346
2.7723, 2345
2.7847, 2344
2.7972, 2343
2.8116, 2342
2.8139, 2341
2.8141, 2340
2.8347, 2339
2.8349, 2338
2.8351, 2337
2.8394, 2336
2.8540, 2335
2.8773, 2334
2.8776, 2333
2.8778, 2332
2.8841, 2331
2.8925, 2330
2.8927, 2329
2.9011, 2328
2.9013, 2327
2.9382, 2326
2.9384, 2325
3.0353, 2324
3.0376, 2323
3.0398, 2322
3.0442, 2321
3.0444, 2320
3.0466, 2319
3.0509, 2318
3.0511, 2317
3.0554, 2316
3.0679, 2315
3.0743, 2314
3.0810, 2313
3.0856, 2312
3.0858, 2311
3.0905, 2310
3.0908, 2309
3.1041, 2308
3.1106, 2307
3.1149, 2306
3.1151, 2305
3.1174, 2304
3.1278, 2303
3.1322, 2302
3.1324, 2301
3.1367, 2300
3.1410, 2299
3.1413, 2298
3.1435, 2297
3.1519, 2296
3.1563, 2295
3.1689, 2294
3.1776, 2293
3.1839, 2292
3.1841, 2291
3.1905, 2290
3.1969, 2289
3.1992, 2288
3.1994, 2287
3.2139, 2286
3.2286, 2285
3.2329, 2284
3.2618, 2283
3.2641, 2282
3.2684, 2281
3.2748, 2280
3.3096, 2279
3.3139, 2278
3.3141, 2277
3.3143, 2276
3.3145, 2275
3.3229, 2274
3.3231, 2273
3.3234, 2272
3.3318, 2271
3.3321, 2270
3.3323, 2269
3.3345, 2268
3.3348, 2267
3.3471, 2266
3.3554, 2265
3.3659, 2264
3.3662, 2263
3.3787, 2262
3.3930, 2261
3.4074, 2260
3.4077, 2259
3.4079, 2258
3.4202, 2257
3.4246, 2256
3.4248, 2255
3.4250, 2254
3.4413, 2253
3.4474, 2252
3.4537, 2251
3.4581, 2250
3.4625, 2249
3.4627, 2248
3.4630, 2247
3.4712, 2246
3.4796, 2245
3.4799, 2244
3.4840, 2243
3.4882, 2242
3.4986, 2241
3.5071, 2240
3.5218, 2239
3.5323, 2238
3.5428, 2237
3.5431, 2236
3.5474, 2235
3.5518, 2234
3.5582, 2233
3.5584, 2232
3.5832, 2231
3.5834, 2230
3.5937, 2229
3.6163, 2228
3.6465, 2227
3.6954, 2226
3.8023, 2225
3.8226, 2224
3.8329, 2223
3.8391, 2222
3.8474, 2221
3.8820, 2220
4.0004, 2219
4.0048, 2218
4.0155, 2217
4.0665, 2216
4.0830, 2215
4.6143, 2214
