0.6535, 3931
0.6538, 3930
0.6542, 3929
0.6545, 3928
0.6548, 3927
0.6552, 3926
0.6555, 3925
0.6558, 3924
0.6562, 3923
0.6565, 3922
0.6568, 3921
0.6571, 3920
0.6575, 3919
0.6578, 3918
0.6581, 3917
0.6585, 3916
0.6588, 3915
0.6591, 3914
0.6594, 3913
0.6598, 3912
0.6601, 3911
0.6604, 3910
0.6607, 3909
0.6611, 3908
0.6614, 3907
0.6617, 3906
0.6621, 3905
0.6624, 3904
0.6627, 3903
0.6630, 3902
0.6633, 3901
0.6637, 3900
0.6640, 3899
0.6643, 3898
0.6647, 3897
0.6650, 3896
0.6654, 3895
0.6657, 3894
0.6660, 3893
0.6664, 3892
0.6667, 3891
0.6671, 3890
0.6674, 3889
0.6677, 3888
0.6680, 3887
0.6684, 3886
0.6687, 3885
0.6690, 3884
0.6694, 3883
0.6697, 3882
0.6700, 3881
0.6704, 3880
0.6707, 3879
0.6710, 3878
0.6714, 3877
0.6717, 3876
0.6720, 3875
0.6723, 3874
0.6727, 3873
0.6730, 3872
0.6733, 3871
0.6737, 3870
0.6740, 3869
0.6743, 3868
0.6747, 3867
0.6750, 3866
0.6753, 3865
0.6757, 3864
0.6760, 3863
0.6763, 3862
0.6766, 3861
0.6770, 3860
0.6773, 3859
0.6776, 3858
0.6779, 3857
0.6782, 3856
0.6786, 3855
0.6789, 3854
0.6792, 3853
0.6795, 3852
0.6798, 3851
0.6801, 3850
0.6805, 3849
0.6808, 3848
0.6811, 3847
0.6815, 3846
0.6818, 3845
0.6821, 3844
0.6825, 3843
0.6828, 3842
0.6831, 3841
0.6835, 3840
0.6838, 3839
0.6841, 3838
0.6844, 3837
0.6848, 3836
0.6851, 3835
0.6854, 3834
0.6858, 3833
0.6861, 3832
0.6864, 3831
0.6868, 3830
0.6871, 3829
0.6875, 3828
0.6878, 3827
0.6881, 3826
0.6885, 3825
0.6888, 3824
0.6892, 3823
0.6895, 3822
0.6898, 3821
0.6902, 3820
0.6905, 3819
0.6908, 3818
0.6912, 3817
0.6916, 3816
0.6919, 3815
0.6922, 3814
0.6925, 3813
0.6929, 3812
0.6932, 3811
0.6935, 3810
0.6939, 3809
0.6942, 3808
0.6945, 3807
0.6948, 3806
0.6952, 3805
0.6955, 3804
0.6959, 3803
0.6962, 3802
0.6965, 3801
0.6969, 3800
0.6972, 3799
0.6976, 3798
0.6979, 3797
0.6982, 3796
0.6985, 3795
0.6989, 3794
0.6992, 3793
0.6995, 3792
0.6999, 3791
0.7002, 3790
0.7005, 3789
0.7008, 3788
0.7012, 3787
0.7015, 3786
0.7018, 3785
0.7021, 3784
0.7025, 3783
0.7028, 3782
0.7031, 3781
0.7035, 3780
0.7038, 3779
0.7042, 3778
0.7045, 3777
0.7048, 3776
0.7052, 3775
0.7055, 3774
0.7058, 3773
0.7061, 3772
0.7065, 3771
0.7068, 3770
0.7071, 3769
0.7074, 3768
0.7078, 3767
0.7081, 3766
0.7084, 3765
0.7087, 3764
0.7091, 3763
0.7094, 3762
0.7097, 3761
0.7100, 3760
0.7104, 3759
0.7107, 3758
0.7110, 3757
0.7114, 3756
0.7117, 3755
0.7120, 3754
0.7123, 3753
0.7127, 3752
0.7130, 3751
0.7133, 3750
0.7137, 3749
0.7140, 3748
0.7143, 3747
0.7147, 3746
0.7150, 3745
0.7153, 3744
0.7156, 3743
0.7160, 3742
0.7163, 3741
0.7166, 3740
0.7169, 3739
0.7173, 3738
0.7176, 3737
0.7179, 3736
0.7182, 3735
0.7185, 3734
0.7189, 3733
0.7192, 3732
0.7195, 3731
0.7199, 3730
0.7202, 3729
0.7205, 3728
0.7208, 3727
0.7211, 3726
0.7215, 3725
0.7218, 3724
0.7221, 3723
0.7225, 3722
0.7228, 3721
0.7231, 3720
0.7234, 3719
0.7238, 3718
0.7241, 3717
0.7245, 3716
0.7248, 3715
0.7252, 3714
0.7256, 3713
0.7259, 3712
0.7262, 3711
0.7265, 3710
0.7269, 3709
0.7273, 3708
0.7276, 3707
0.7280, 3706
0.7283, 3705
0.7286, 3704
0.7289, 3703
0.7293, 3702
0.7296, 3701
0.7299, 3700
0.7302, 3699
0.7305, 3698
0.7309, 3697
0.7312, 3696
0.7315, 3695
0.7318, 3694
0.7321, 3693
0.7324, 3692
0.7328, 3691
0.7331, 3690
0.7334, 3689
0.7338, 3688
0.7341, 3687
0.7344, 3686
0.7347, 3685
0.7351, 3684
0.7354, 3683
0.7357, 3682
0.7360, 3681
0.7364, 3680
0.7367, 3679
0.7370, 3678
0.7373, 3677
0.7376, 3676
0.7380, 3675
0.7383, 3674
0.7386, 3673
0.7389, 3672
0.7393, 3671
0.7396, 3670
0.7399, 3669
0.7402, 3668
0.7405, 3667
0.7409, 3666
0.7412, 3665
0.7415, 3664
0.7418, 3663
0.7422, 3662
0.7425, 3661
0.7432, 3660
0.7436, 3659
0.7439, 3658
0.7443, 3657
0.7446, 3656
0.7449, 3655
0.7453, 3654
0.7456, 3653
0.7460, 3652
0.7463, 3651
0.7466, 3650
0.7470, 3649
0.7473, 3648
0.7476, 3647
0.7479, 3646
0.7483, 3645
0.7486, 3644
0.7490, 3643
0.7493, 3642
0.7496, 3641
0.7499, 3640
0.7503, 3639
0.7506, 3638
0.7510, 3637
0.7513, 3636
0.7516, 3635
0.7520, 3634
0.7523, 3633
0.7526, 3632
0.7529, 3631
0.7533, 3630
0.7536, 3629
0.7539, 3628
0.7543, 3627
0.7546, 3626
0.7549, 3625
0.7552, 3624
0.7556, 3623
0.7559, 3622
0.7562, 3621
0.7566, 3620
0.7569, 3619
0.7572, 3618
0.7576, 3617
0.7579, 3616
0.7582, 3615
0.7585, 3614
0.7588, 3613
0.7591, 3612
0.7595, 3611
0.7598, 3610
0.7601, 3609
0.7604, 3608
0.7607, 3607
0.7611, 3606
0.7614, 3605
0.7617, 3604
0.7620, 3603
0.7623, 3602
0.7626, 3601
0.7629, 3600
0.7633, 3599
0.7636, 3598
0.7639, 3597
0.7642, 3596
0.7645, 3595
0.7648, 3594
0.7651, 3593
0.7654, 3592
0.7658, 3591
0.7661, 3590
0.7664, 3589
0.7667, 3588
0.7670, 3587
0.7673, 3586
0.7676, 3585
0.7680, 3584
0.7683, 3583
0.7686, 3582
0.7689, 3581
0.7692, 3580
0.7695, 3579
0.7698, 3578
0.7702, 3577
0.7705, 3576
0.7708, 3575
0.7711, 3574
0.7714, 3573
0.7717, 3572
0.7720, 3571
0.7724, 3570
0.7727, 3569
0.7730, 3568
0.7733, 3567
0.7736, 3566
0.7739, 3565
0.7742, 3564
0.7745, 3563
0.7749, 3562
0.7752, 3561
0.7755, 3560
0.7758, 3559
0.7761, 3558
0.7764, 3557
0.7767, 3556
0.7770, 3555
0.7774, 3554
0.7777, 3553
0.7780, 3552
0.7784, 3551
0.7787, 3550
0.7790, 3549
0.7793, 3548
0.7797, 3547
0.7800, 3546
0.7803, 3545
0.7806, 3544
0.7809, 3543
0.7812, 3542
0.7815, 3541
0.7818, 3540
0.7821, 3539
0.7825, 3538
0.7828, 3537
0.7831, 3536
0.7834, 3535
0.7837, 3534
0.7840, 3533
0.7843, 3532
0.7846, 3531
0.7849, 3530
0.7853, 3529
0.7856, 3528
0.7859, 3527
0.7862, 3526
0.7865, 3525
0.7869, 3524
0.7872, 3523
0.7875, 3522
0.7879, 3521
0.7882, 3520
0.7885, 3519
0.7888, 3518
0.7891, 3517
0.7895, 3516
0.7898, 3515
0.7901, 3514
0.7904, 3513
0.7907, 3512
0.7911, 3511
0.7914, 3510
0.7917, 3509
0.7920, 3508
0.7923, 3507
0.7926, 3506
0.7929, 3505
0.7932, 3504
0.7935, 3503
0.7939, 3502
0.7942, 3501
0.7945, 3500
0.7948, 3499
0.7951, 3498
0.7954, 3497
0.7957, 3496
0.7961, 3495
0.7964, 3494
0.7967, 3493
0.7970, 3492
0.7974, 3491
0.7977, 3490
0.7980, 3489
0.7984, 3488
0.7987, 3487
0.7990, 3486
0.7994, 3485
0.7997, 3484
0.8000, 3483
0.8003, 3482
0.8006, 3481
0.8009, 3480
0.8012, 3479
0.8015, 3478
0.8018, 3477
0.8021, 3476
0.8024, 3475
0.8028, 3474
0.8031, 3473
0.8034, 3472
0.8037, 3471
0.8040, 3470
0.8043, 3469
0.8046, 3468
0.8049, 3467
0.8052, 3466
0.8055, 3465
0.8058, 3464
0.8061, 3463
0.8064, 3462
0.8067, 3461
0.8070, 3460
0.8073, 3459
0.8076, 3458
0.8080, 3457
0.8082, 3456
0.8085, 3455
0.8089, 3454
0.8092, 3453
0.8095, 3452
0.8098, 3451
0.8101, 3450
0.8104, 3449
0.8107, 3448
0.8110, 3447
0.8113, 3446
0.8116, 3445
0.8119, 3444
0.8122, 3443
0.8125, 3442
0.8128, 3441
0.8131, 3440
0.8134, 3439
0.8137, 3438
0.8140, 3437
0.8143, 3436
0.8146, 3435
0.8149, 3434
0.8152, 3433
0.8155, 3432
0.8158, 3431
0.8161, 3430
0.8164, 3429
0.8167, 3428
0.8171, 3427
0.8173, 3426
0.8177, 3425
0.8180, 3424
0.8183, 3423
0.8186, 3422
0.8189, 3421
0.8192, 3420
0.8195, 3419
0.8198, 3418
0.8201, 3417
0.8204, 3416
0.8207, 3415
0.8210, 3414
0.8213, 3413
0.8217, 3412
0.8219, 3411
0.8222, 3410
0.8226, 3409
0.8229, 3408
0.8231, 3407
0.8234, 3406
0.8237, 3405
0.8240, 3404
0.8244, 3403
0.8247, 3402
0.8250, 3401
0.8253, 3400
0.8256, 3399
0.8259, 3398
0.8262, 3397
0.8265, 3396
0.8268, 3395
0.8271, 3394
0.8274, 3393
0.8277, 3392
0.8280, 3391
0.8283, 3390
0.8286, 3389
0.8289, 3388
0.8292, 3387
0.8295, 3386
0.8298, 3385
0.8301, 3384
0.8304, 3383
0.8307, 3382
0.8311, 3381
0.8314, 3380
0.8317, 3379
0.8320, 3378
0.8323, 3377
0.8326, 3376
0.8329, 3375
0.8332, 3374
0.8335, 3373
0.8338, 3372
0.8341, 3371
0.8344, 3370
0.8347, 3369
0.8350, 3368
0.8353, 3367
0.8356, 3366
0.8359, 3365
0.8362, 3364
0.8365, 3363
0.8368, 3362
0.8372, 3361
0.8375, 3360
0.8378, 3359
0.8382, 3358
0.8385, 3357
0.8388, 3356
0.8391, 3355
0.8394, 3354
0.8397, 3353
0.8400, 3352
0.8404, 3351
0.8407, 3350
0.8410, 3349
0.8413, 3348
0.8416, 3347
0.8419, 3346
0.8422, 3345
0.8425, 3344
0.8428, 3343
0.8431, 3342
0.8434, 3341
0.8437, 3340
0.8440, 3339
0.8443, 3338
0.8446, 3337
0.8449, 3336
0.8452, 3335
0.8455, 3334
0.8458, 3333
0.8461, 3332
0.8464, 3331
0.8467, 3330
0.8470, 3329
0.8473, 3328
0.8476, 3327
0.8479, 3326
0.8481, 3325
0.8484, 3324
0.8487, 3323
0.8490, 3322
0.8494, 3321
0.8497, 3320
0.8500, 3319
0.8504, 3318
0.8508, 3317
0.8511, 3316
0.8514, 3315
0.8517, 3314
0.8520, 3313
0.8523, 3312
0.8527, 3311
0.8530, 3310
0.8533, 3309
0.8536, 3308
0.8540, 3307
0.8543, 3306
0.8546, 3305
0.8550, 3304
0.8553, 3303
0.8556, 3302
0.8559, 3301
0.8563, 3300
0.8566, 3299
0.8569, 3298
0.8572, 3297
0.8576, 3296
0.8579, 3295
0.8582, 3294
0.8585, 3293
0.8588, 3292
0.8591, 3291
0.8594, 3290
0.8597, 3289
0.8600, 3288
0.8603, 3287
0.8606, 3286
0.8610, 3285
0.8613, 3284
0.8616, 3283
0.8619, 3282
0.8622, 3281
0.8626, 3280
0.8629, 3279
0.8632, 3278
0.8635, 3277
0.8638, 3276
0.8641, 3275
0.8645, 3274
0.8648, 3273
0.8652, 3272
0.8655, 3271
0.8658, 3270
0.8662, 3269
0.8665, 3268
0.8668, 3267
0.8671, 3266
0.8674, 3265
0.8677, 3264
0.8680, 3263
0.8683, 3262
0.8686, 3261
0.8690, 3260
0.8693, 3259
0.8696, 3258
0.8699, 3257
0.8702, 3256
0.8705, 3255
0.8708, 3254
0.8711, 3253
0.8715, 3252
0.8717, 3251
0.8721, 3250
0.8724, 3249
0.8727, 3248
0.8730, 3247
0.8733, 3246
0.8737, 3245
0.8740, 3244
0.8743, 3243
0.8746, 3242
0.8749, 3241
0.8752, 3240
0.8755, 3239
0.8758, 3238
0.8761, 3237
0.8764, 3236
0.8767, 3235
0.8770, 3234
0.8773, 3233
0.8776, 3232
0.8780, 3231
0.8783, 3230
0.8786, 3229
0.8789, 3228
0.8792, 3227
0.8795, 3226
0.8798, 3225
0.8801, 3224
0.8804, 3223
0.8807, 3222
0.8810, 3221
0.8813, 3220
0.8816, 3219
0.8819, 3218
0.8822, 3217
0.8825, 3216
0.8828, 3215
0.8831, 3214
0.8833, 3213
0.8836, 3212
0.8839, 3211
0.8843, 3210
0.8846, 3209
0.8850, 3208
0.8853, 3207
0.8856, 3206
0.8859, 3205
0.8863, 3204
0.8866, 3203
0.8869, 3202
0.8871, 3201
0.8874, 3200
0.8878, 3199
0.8881, 3198
0.8884, 3197
0.8887, 3196
0.8889, 3195
0.8893, 3194
0.8896, 3193
0.8899, 3192
0.8903, 3191
0.8906, 3190
0.8909, 3189
0.8912, 3188
0.8915, 3187
0.8919, 3186
0.8922, 3185
0.8925, 3184
0.8928, 3183
0.8931, 3182
0.8934, 3181
0.8937, 3180
0.8940, 3179
0.8943, 3178
0.8946, 3177
0.8949, 3176
0.8952, 3175
0.8956, 3174
0.8959, 3173
0.8961, 3172
0.8964, 3171
0.8967, 3170
0.8970, 3169
0.8973, 3168
0.8976, 3167
0.8979, 3166
0.8982, 3165
0.8985, 3164
0.8988, 3163
0.8991, 3162
0.8994, 3161
0.8997, 3160
0.9000, 3159
0.9002, 3158
0.9005, 3157
0.9009, 3156
0.9011, 3155
0.9014, 3154
0.9017, 3153
0.9020, 3152
0.9023, 3151
0.9026, 3150
0.9029, 3149
0.9031, 3148
0.9034, 3147
0.9038, 3146
0.9041, 3145
0.9045, 3144
0.9048, 3143
0.9051, 3142
0.9054, 3141
0.9058, 3140
0.9062, 3139
0.9064, 3138
0.9067, 3137
0.9070, 3136
0.9074, 3135
0.9077, 3134
0.9080, 3133
0.9083, 3132
0.9086, 3131
0.9089, 3130
0.9092, 3129
0.9095, 3128
0.9098, 3127
0.9101, 3126
0.9104, 3125
0.9107, 3124
0.9109, 3123
0.9112, 3122
0.9115, 3121
0.9118, 3120
0.9121, 3119
0.9124, 3118
0.9127, 3117
0.9129, 3116
0.9132, 3115
0.9135, 3114
0.9138, 3113
0.9141, 3112
0.9143, 3111
0.9146, 3110
0.9149, 3109
0.9152, 3108
0.9155, 3107
0.9158, 3106
0.9161, 3105
0.9164, 3104
0.9166, 3103
0.9169, 3102
0.9172, 3101
0.9175, 3100
0.9178, 3099
0.9181, 3098
0.9184, 3097
0.9187, 3096
0.9190, 3095
0.9193, 3094
0.9196, 3093
0.9199, 3092
0.9202, 3091
0.9205, 3090
0.9208, 3089
0.9211, 3088
0.9213, 3087
0.9216, 3086
0.9219, 3085
0.9222, 3084
0.9225, 3083
0.9228, 3082
0.9231, 3081
0.9234, 3080
0.9237, 3079
0.9240, 3078
0.9243, 3077
0.9247, 3076
0.9250, 3075
0.9252, 3074
0.9255, 3073
0.9258, 3072
0.9261, 3071
0.9263, 3070
0.9266, 3069
0.9269, 3068
0.9272, 3067
0.9275, 3066
0.9278, 3065
0.9280, 3064
0.9283, 3063
0.9286, 3062
0.9289, 3061
0.9292, 3060
0.9294, 3059
0.9297, 3058
0.9300, 3057
0.9303, 3056
0.9306, 3055
0.9309, 3054
0.9312, 3053
0.9315, 3052
0.9318, 3051
0.9321, 3050
0.9324, 3049
0.9327, 3048
0.9330, 3047
0.9334, 3046
0.9336, 3045
0.9339, 3044
0.9342, 3043
0.9345, 3042
0.9347, 3041
0.9350, 3040
0.9353, 3039
0.9356, 3038
0.9359, 3037
0.9362, 3036
0.9365, 3035
0.9367, 3034
0.9370, 3033
0.9373, 3032
0.9375, 3031
0.9379, 3030
0.9382, 3029
0.9384, 3028
0.9387, 3027
0.9391, 3026
0.9394, 3025
0.9397, 3024
0.9400, 3023
0.9402, 3022
0.9405, 3021
0.9408, 3020
0.9411, 3019
0.9414, 3018
0.9416, 3017
0.9419, 3016
0.9422, 3015
0.9425, 3014
0.9428, 3013
0.9430, 3012
0.9433, 3011
0.9436, 3010
0.9439, 3009
0.9441, 3008
0.9444, 3007
0.9447, 3006
0.9450, 3005
0.9452, 3004
0.9455, 3003
0.9458, 3002
0.9460, 3001
0.9463, 3000
0.9466, 2999
0.9469, 2998
0.9471, 2997
0.9474, 2996
0.9477, 2995
0.9479, 2994
0.9482, 2993
0.9485, 2992
0.9488, 2991
0.9490, 2990
0.9493, 2989
0.9496, 2988
0.9498, 2987
0.9501, 2986
0.9504, 2985
0.9507, 2984
0.9509, 2983
0.9512, 2982
0.9515, 2981
0.9518, 2980
0.9520, 2979
0.9523, 2978
0.9526, 2977
0.9528, 2976
0.9531, 2975
0.9534, 2974
0.9537, 2973
0.9540, 2972
0.9543, 2971
0.9546, 2970
0.9548, 2969
0.9551, 2968
0.9554, 2967
0.9557, 2966
0.9559, 2965
0.9562, 2964
0.9565, 2963
0.9567, 2962
0.9570, 2961
0.9573, 2960
0.9576, 2959
0.9579, 2958
0.9581, 2957
0.9584, 2956
0.9587, 2955
0.9590, 2954
0.9593, 2953
0.9596, 2952
0.9599, 2951
0.9602, 2950
0.9605, 2949
0.9608, 2948
0.9611, 2947
0.9613, 2946
0.9616, 2945
0.9619, 2944
0.9622, 2943
0.9624, 2942
0.9627, 2941
0.9630, 2940
0.9633, 2939
0.9636, 2938
0.9639, 2937
0.9642, 2936
0.9645, 2935
0.9648, 2934
0.9650, 2933
0.9653, 2932
0.9656, 2931
0.9659, 2930
0.9663, 2929
0.9666, 2928
0.9669, 2927
0.9672, 2926
0.9675, 2925
0.9678, 2924
0.9681, 2923
0.9684, 2922
0.9687, 2921
0.9690, 2920
0.9693, 2919
0.9696, 2918
0.9699, 2917
0.9702, 2916
0.9705, 2915
0.9709, 2914
0.9712, 2913
0.9715, 2912
0.9718, 2911
0.9721, 2910
0.9724, 2909
0.9727, 2908
0.9730, 2907
0.9733, 2906
0.9736, 2905
0.9739, 2904
0.9741, 2903
0.9744, 2902
0.9747, 2901
0.9750, 2900
0.9753, 2899
0.9755, 2898
0.9758, 2897
0.9761, 2896
0.9764, 2895
0.9767, 2894
0.9770, 2893
0.9773, 2892
0.9776, 2891
0.9778, 2890
0.9781, 2889
0.9784, 2888
0.9787, 2887
0.9790, 2886
0.9793, 2885
0.9796, 2884
0.9799, 2883
0.9801, 2882
0.9804, 2881
0.9807, 2880
0.9810, 2879
0.9813, 2878
0.9815, 2877
0.9818, 2876
0.9821, 2875
0.9823, 2874
0.9826, 2873
0.9829, 2872
0.9832, 2871
0.9835, 2870
0.9837, 2869
0.9840, 2868
0.9843, 2867
0.9847, 2866
0.9849, 2865
0.9852, 2864
0.9854, 2863
0.9857, 2862
0.9860, 2861
0.9863, 2860
0.9865, 2859
0.9868, 2858
0.9871, 2857
0.9873, 2856
0.9876, 2855
0.9879, 2854
0.9881, 2853
0.9884, 2852
0.9886, 2851
0.9889, 2850
0.9892, 2849
0.9894, 2848
0.9897, 2847
0.9900, 2846
0.9903, 2845
0.9906, 2844
0.9909, 2843
0.9912, 2842
0.9915, 2841
0.9918, 2840
0.9921, 2839
0.9923, 2838
0.9926, 2837
0.9929, 2836
0.9931, 2835
0.9934, 2834
0.9937, 2833
0.9940, 2832
0.9943, 2831
0.9946, 2830
0.9948, 2829
0.9951, 2828
0.9954, 2827
0.9957, 2826
0.9959, 2825
0.9962, 2824
0.9965, 2823
0.9968, 2822
0.9970, 2821
0.9973, 2820
0.9976, 2819
0.9979, 2818
0.9981, 2817
0.9984, 2816
0.9987, 2815
0.9989, 2814
0.9992, 2813
0.9994, 2812
0.9997, 2811
1.0000, 2810
1.0002, 2809
1.0005, 2808
1.0008, 2807
1.0011, 2806
1.0013, 2805
1.0016, 2804
1.0019, 2803
1.0021, 2802
1.0024, 2801
1.0027, 2800
1.0029, 2799
1.0032, 2798
1.0035, 2797
1.0038, 2796
1.0041, 2795
1.0044, 2794
1.0046, 2793
1.0049, 2792
1.0051, 2791
1.0054, 2790
1.0057, 2789
1.0060, 2788
1.0063, 2787
1.0065, 2786
1.0068, 2785
1.0071, 2784
1.0074, 2783
1.0076, 2782
1.0079, 2781
1.0082, 2780
1.0084, 2779
1.0087, 2778
1.0090, 2777
1.0092, 2776
1.0095, 2775
1.0098, 2774
1.0100, 2773
1.0103, 2772
1.0105, 2771
1.0108, 2770
1.0111, 2769
1.0113, 2768
1.0116, 2767
1.0118, 2766
1.0121, 2765
1.0124, 2764
1.0126, 2763
1.0129, 2762
1.0131, 2761
1.0134, 2760
1.0136, 2759
1.0139, 2758
1.0142, 2757
1.0144, 2756
1.0147, 2755
1.0150, 2754
1.0152, 2753
1.0155, 2752
1.0158, 2751
1.0161, 2750
1.0164, 2749
1.0167, 2748
1.0169, 2747
1.0172, 2746
1.0175, 2745
1.0177, 2744
1.0180, 2743
1.0183, 2742
1.0185, 2741
1.0188, 2740
1.0192, 2739
1.0194, 2738
1.0197, 2737
1.0200, 2736
1.0203, 2735
1.0205, 2734
1.0208, 2733
1.0211, 2732
1.0214, 2731
1.0217, 2730
1.0219, 2729
1.0222, 2728
1.0225, 2727
1.0228, 2726
1.0230, 2725
1.0233, 2724
1.0236, 2723
1.0238, 2722
1.0241, 2721
1.0244, 2720
1.0247, 2719
1.0249, 2718
1.0252, 2717
1.0255, 2716
1.0257, 2715
1.0260, 2714
1.0263, 2713
1.0266, 2712
1.0268, 2711
1.0271, 2710
1.0273, 2709
1.0276, 2708
1.0279, 2707
1.0281, 2706
1.0284, 2705
1.0287, 2704
1.0289, 2703
1.0292, 2702
1.0294, 2701
1.0297, 2700
1.0300, 2699
1.0302, 2698
1.0305, 2697
1.0308, 2696
1.0310, 2695
1.0313, 2694
1.0315, 2693
1.0318, 2692
1.0321, 2691
1.0324, 2690
1.0326, 2689
1.0329, 2688
1.0332, 2687
1.0334, 2686
1.0337, 2685
1.0340, 2684
1.0342, 2683
1.0345, 2682
1.0348, 2681
1.0351, 2680
1.0353, 2679
1.0356, 2678
1.0359, 2677
1.0362, 2676
1.0365, 2675
1.0368, 2674
1.0371, 2673
1.0374, 2672
1.0377, 2671
1.0380, 2670
1.0383, 2669
1.0386, 2668
1.0389, 2667
1.0391, 2666
1.0394, 2665
1.0397, 2664
1.0400, 2663
1.0402, 2662
1.0405, 2661
1.0408, 2660
1.0410, 2659
1.0413, 2658
1.0416, 2657
1.0418, 2656
1.0421, 2655
1.0423, 2654
1.0426, 2653
1.0429, 2652
1.0431, 2651
1.0434, 2650
1.0436, 2649
1.0439, 2648
1.0441, 2647
1.0444, 2646
1.0446, 2645
1.0449, 2644
1.0451, 2643
1.0454, 2642
1.0456, 2641
1.0458, 2640
1.0461, 2639
1.0463, 2638
1.0466, 2637
1.0468, 2636
1.0471, 2635
1.0473, 2634
1.0476, 2633
1.0478, 2632
1.0481, 2631
1.0483, 2630
1.0486, 2629
1.0488, 2628
1.0491, 2627
1.0493, 2626
1.0496, 2625
1.0498, 2624
1.0501, 2623
1.0503, 2622
1.0506, 2621
1.0508, 2620
1.0511, 2619
1.0513, 2618
1.0516, 2617
1.0518, 2616
1.0521, 2615
1.0523, 2614
1.0526, 2613
1.0529, 2612
1.0531, 2611
1.0534, 2610
1.0536, 2609
1.0539, 2608
1.0541, 2607
1.0544, 2606
1.0547, 2605
1.0549, 2604
1.0552, 2603
1.0554, 2602
1.0557, 2601
1.0559, 2600
1.0562, 2599
1.0564, 2598
1.0567, 2597
1.0569, 2596
1.0572, 2595
1.0575, 2594
1.0577, 2593
1.0580, 2592
1.0582, 2591
1.0585, 2590
1.0588, 2589
1.0590, 2588
1.0593, 2587
1.0595, 2586
1.0598, 2585
1.0600, 2584
1.0603, 2583
1.0605, 2582
1.0607, 2581
1.0610, 2580
1.0613, 2579
1.0616, 2578
1.0619, 2577
1.0622, 2576
1.0624, 2575
1.0627, 2574
1.0629, 2573
1.0632, 2572
1.0635, 2571
1.0637, 2570
1.0640, 2569
1.0643, 2568
1.0646, 2567
1.0690, 2566
1.0733, 2565
1.0775, 2564
1.0916, 2563
1.0919, 2562
1.1000, 2561
1.1002, 2560
1.1166, 2559
1.1310, 2558
1.1374, 2557
1.1664, 2556
1.1667, 2555
1.1712, 2554
1.1801, 2553
1.1910, 2552
1.1912, 2551
1.2018, 2550
1.2021, 2549
1.2023, 2548
1.2025, 2547
1.2130, 2546
1.2194, 2545
1.2322, 2544
1.2325, 2543
1.2368, 2542
1.2391, 2541
1.2393, 2540
1.2395, 2539
1.2462, 2538
1.2505, 2537
1.2508, 2536
1.2678, 2535
1.2764, 2534
1.2849, 2533
1.2851, 2532
1.2917, 2531
1.3046, 2530
1.3111, 2529
1.3342, 2528
1.3468, 2527
1.3491, 2526
1.3494, 2525
1.3579, 2524
1.3582, 2523
1.3646, 2522
1.3669, 2521
1.3692, 2520
1.3714, 2519
1.3778, 2518
1.3781, 2517
1.3844, 2516
1.3847, 2515
1.3849, 2514
1.3851, 2513
1.3959, 2512
1.3961, 2511
1.4647, 2510
1.4819, 2509
1.4822, 2508
1.4908, 2507
1.5222, 2506
1.5266, 2505
1.5412, 2504
1.5415, 2503
1.5479, 2502
1.5544, 2501
1.5630, 2500
1.5861, 2499
1.6092, 2498
1.6094, 2497
1.6202, 2496
1.6247, 2495
1.6249, 2494
1.6293, 2493
1.6400, 2492
1.6444, 2491
1.6447, 2490
1.6510, 2489
1.6596, 2488
1.6598, 2487
1.6600, 2486
1.6602, 2485
1.6604, 2484
1.6669, 2483
1.6733, 2482
1.6735, 2481
1.6841, 2480
1.6843, 2479
1.6845, 2478
1.7034, 2477
1.7098, 2476
1.7162, 2475
1.7226, 2474
1.7291, 2473
1.7334, 2472
1.7378, 2471
1.7380, 2470
1.7383, 2469
1.7385, 2468
1.7551, 2467
1.7717, 2466
1.7720, 2465
1.7722, 2464
1.7745, 2463
1.7748, 2462
1.7897, 2461
1.8066, 2460
1.8151, 2459
1.8319, 2458
1.8321, 2457
1.8431, 2456
1.8433, 2455
1.8436, 2454
1.8480, 2453
1.8565, 2452
1.8567, 2451
1.8717, 2450
1.8844, 2449
1.8949, 2448
1.8972, 2447
1.9058, 2446
1.9248, 2445
1.9455, 2444
1.9540, 2443
1.9603, 2442
1.9646, 2441
1.9915, 2440
2.0101, 2439
2.0185, 2438
2.0248, 2437
2.0475, 2436
2.0498, 2435
2.0623, 2434
2.0727, 2433
2.0914, 2432
2.1018, 2431
2.1165, 2430
2.1250, 2429
2.1252, 2428
2.1644, 2427
2.1646, 2426
2.1874, 2425
2.2020, 2424
2.2084, 2423
2.2086, 2422
2.2334, 2421
2.2337, 2420
2.2523, 2419
2.2567, 2418
2.2692, 2417
2.2797, 2416
2.2963, 2415
2.3026, 2414
2.3233, 2413
2.3297, 2412
2.3299, 2411
2.3403, 2410
2.3447, 2409
2.3449, 2408
2.3472, 2407
2.3474, 2406
2.3620, 2405
2.3622, 2404
2.3624, 2403
2.3688, 2402
2.3691, 2401
2.3693, 2400
2.3900, 2399
2.4044, 2398
2.4047, 2397
2.4090, 2396
2.4092, 2395
2.4094, 2394
2.4177, 2393
2.4282, 2392
2.4284, 2391
2.4286, 2390
2.4288, 2389
2.4393, 2388
2.4581, 2387
2.4603, 2386
2.4646, 2385
2.4648, 2384
2.4711, 2383
2.4713, 2382
2.4776, 2381
2.4779, 2380
2.4781, 2379
2.4824, 2378
2.4826, 2377
2.4930, 2376
2.4933, 2375
2.4955, 2374
2.4998, 2373
2.5001, 2372
2.5003, 2371
2.5188, 2370
2.5190, 2369
2.5234, 2368
2.5277, 2367
2.5279, 2366
2.5282, 2365
2.5367, 2364
2.5369, 2363
2.5371, 2362
2.5374, 2361
2.5376, 2360
2.5378, 2359
2.5545, 2358
2.5608, 2357
2.5610, 2356
2.5633, 2355
2.5635, 2354
2.5719, 2353
2.5763, 2352
2.5765, 2351
2.5767, 2350
2.5769, 2349
2.5813, 2348
2.5958, 2347
2.6021, 2346
2.6105, 2345
2.6148, 2344
2.6170, 2343
2.6336, 2342
2.6400, 2341
2.6606, 2340
2.6750, 2339
2.6752, 2338
2.6754, 2337
2.6920, 2336
2.6962, 2335
2.6964, 2334
2.7007, 2333
2.7174, 2332
2.7441, 2331
2.7443, 2330
2.7445, 2329
2.7448, 2328
2.7531, 2327
2.7533, 2326
2.7597, 2325
2.7599, 2324
2.8049, 2323
2.8051, 2322
2.8950, 2321
2.8973, 2320
2.8995, 2319
2.9040, 2318
2.9042, 2317
2.9065, 2316
2.9108, 2315
2.9110, 2314
2.9153, 2313
2.9339, 2312
2.9341, 2311
2.9404, 2310
2.9447, 2309
2.9449, 2308
2.9493, 2307
2.9495, 2306
2.9639, 2305
2.9641, 2304
2.9745, 2303
2.9747, 2302
2.9770, 2301
2.9873, 2300
2.9916, 2299
2.9918, 2298
2.9961, 2297
3.0004, 2296
3.0006, 2295
3.0028, 2294
3.0111, 2293
3.0154, 2292
3.0278, 2291
3.0360, 2290
3.0423, 2289
3.0425, 2288
3.0549, 2287
3.0551, 2286
3.0574, 2285
3.0576, 2284
3.0719, 2283
3.0823, 2282
3.0967, 2281
3.1030, 2280
3.1154, 2279
3.1299, 2278
3.1585, 2277
3.1648, 2276
3.1650, 2275
3.1653, 2274
3.1655, 2273
3.1698, 2272
3.1700, 2271
3.1743, 2270
3.1807, 2269
3.1809, 2268
3.1811, 2267
3.1834, 2266
3.1836, 2265
3.1960, 2264
3.2064, 2263
3.2127, 2262
3.2190, 2261
3.2254, 2260
3.2405, 2259
3.2449, 2258
3.2493, 2257
3.2597, 2256
3.2599, 2255
3.2827, 2254
3.2951, 2253
3.3034, 2252
3.3097, 2251
3.3182, 2250
3.3184, 2249
3.3288, 2248
3.3372, 2247
3.3476, 2246
3.3541, 2245
3.3607, 2244
3.3734, 2243
3.3737, 2242
3.3822, 2241
3.3824, 2240
3.3826, 2239
3.3890, 2238
3.3954, 2237
3.4080, 2236
3.4083, 2235
3.4127, 2234
3.4129, 2233
3.4299, 2232
3.4345, 2231
3.4529, 2230
3.4755, 2229
3.4860, 2228
3.5263, 2227
3.6481, 2226
3.6789, 2225
3.6935, 2224
3.7104, 2223
3.7106, 2222
3.7171, 2221
3.7749, 2220
3.9027, 2219
3.9502, 2218
3.9647, 2217
4.0525, 2216
4.0811, 2215
