0.8010, 3931
0.8013, 3930
0.8017, 3929
0.8020, 3928
0.8023, 3927
0.8027, 3926
0.8030, 3925
0.8033, 3924
0.8037, 3923
0.8040, 3922
0.8044, 3921
0.8047, 3920
0.8050, 3919
0.8054, 3918
0.8057, 3917
0.8060, 3916
0.8064, 3915
0.8067, 3914
0.8070, 3913
0.8074, 3912
0.8077, 3911
0.8080, 3910
0.8084, 3909
0.8087, 3908
0.8090, 3907
0.8093, 3906
0.8097, 3905
0.8100, 3904
0.8104, 3903
0.8107, 3902
0.8110, 3901
0.8114, 3900
0.8117, 3899
0.8120, 3898
0.8124, 3897
0.8127, 3896
0.8130, 3895
0.8133, 3894
0.8137, 3893
0.8140, 3892
0.8144, 3891
0.8147, 3890
0.8150, 3889
0.8154, 3888
0.8157, 3887
0.8160, 3886
0.8164, 3885
0.8167, 3884
0.8170, 3883
0.8174, 3882
0.8177, 3881
0.8180, 3880
0.8184, 3879
0.8187, 3878
0.8191, 3877
0.8194, 3876
0.8197, 3875
0.8200, 3874
0.8204, 3873
0.8207, 3872
0.8210, 3871
0.8214, 3870
0.8217, 3869
0.8220, 3868
0.8223, 3867
0.8227, 3866
0.8230, 3865
0.8233, 3864
0.8237, 3863
0.8240, 3862
0.8243, 3861
0.8246, 3860
0.8250, 3859
0.8253, 3858
0.8256, 3857
0.8260, 3856
0.8263, 3855
0.8266, 3854
0.8269, 3853
0.8273, 3852
0.8276, 3851
0.8279, 3850
0.8282, 3849
0.8285, 3848
0.8289, 3847
0.8292, 3846
0.8295, 3845
0.8299, 3844
0.8302, 3843
0.8305, 3842
0.8309, 3841
0.8312, 3840
0.8315, 3839
0.8319, 3838
0.8322, 3837
0.8325, 3836
0.8329, 3835
0.8332, 3834
0.8335, 3833
0.8339, 3832
0.8342, 3831
0.8345, 3830
0.8348, 3829
0.8352, 3828
0.8355, 3827
0.8359, 3826
0.8362, 3825
0.8365, 3824
0.8369, 3823
0.8372, 3822
0.8376, 3821
0.8379, 3820
0.8382, 3819
0.8386, 3818
0.8389, 3817
0.8392, 3816
0.8396, 3815
0.8399, 3814
0.8402, 3813
0.8406, 3812
0.8409, 3811
0.8412, 3810
0.8416, 3809
0.8419, 3808
0.8422, 3807
0.8425, 3806
0.8429, 3805
0.8432, 3804
0.8435, 3803
0.8439, 3802
0.8442, 3801
0.8446, 3800
0.8449, 3799
0.8452, 3798
0.8456, 3797
0.8459, 3796
0.8463, 3795
0.8466, 3794
0.8469, 3793
0.8473, 3792
0.8476, 3791
0.8479, 3790
0.8483, 3789
0.8486, 3788
0.8489, 3787
0.8492, 3786
0.8496, 3785
0.8499, 3784
0.8502, 3783
0.8506, 3782
0.8509, 3781
0.8512, 3780
0.8516, 3779
0.8519, 3778
0.8523, 3777
0.8526, 3776
0.8529, 3775
0.8533, 3774
0.8536, 3773
0.8539, 3772
0.8542, 3771
0.8546, 3770
0.8549, 3769
0.8552, 3768
0.8555, 3767
0.8559, 3766
0.8562, 3765
0.8565, 3764
0.8568, 3763
0.8572, 3762
0.8575, 3761
0.8579, 3760
0.8582, 3759
0.8585, 3758
0.8588, 3757
0.8592, 3756
0.8595, 3755
0.8598, 3754
0.8601, 3753
0.8605, 3752
0.8608, 3751
0.8611, 3750
0.8615, 3749
0.8618, 3748
0.8622, 3747
0.8625, 3746
0.8628, 3745
0.8632, 3744
0.8635, 3743
0.8638, 3742
0.8642, 3741
0.8645, 3740
0.8648, 3739
0.8651, 3738
0.8655, 3737
0.8658, 3736
0.8661, 3735
0.8664, 3734
0.8668, 3733
0.8671, 3732
0.8674, 3731
0.8677, 3730
0.8681, 3729
0.8684, 3728
0.8687, 3727
0.8690, 3726
0.8693, 3725
0.8697, 3724
0.8700, 3723
0.8703, 3722
0.8707, 3721
0.8710, 3720
0.8714, 3719
0.8717, 3718
0.8720, 3717
0.8724, 3716
0.8727, 3715
0.8731, 3714
0.8734, 3713
0.8737, 3712
0.8741, 3711
0.8744, 3710
0.8747, 3709
0.8751, 3708
0.8754, 3707
0.8758, 3706
0.8761, 3705
0.8764, 3704
0.8768, 3703
0.8771, 3702
0.8774, 3701
0.8778, 3700
0.8781, 3699
0.8784, 3698
0.8787, 3697
0.8790, 3696
0.8794, 3695
0.8797, 3694
0.8800, 3693
0.8803, 3692
0.8806, 3691
0.8810, 3690
0.8813, 3689
0.8816, 3688
0.8819, 3687
0.8823, 3686
0.8826, 3685
0.8829, 3684
0.8832, 3683
0.8836, 3682
0.8839, 3681
0.8843, 3680
0.8846, 3679
0.8850, 3678
0.8853, 3677
0.8856, 3676
0.8859, 3675
0.8862, 3674
0.8866, 3673
0.8869, 3672
0.8873, 3671
0.8876, 3670
0.8879, 3669
0.8883, 3668
0.8886, 3667
0.8889, 3666
0.8892, 3665
0.8896, 3664
0.8899, 3663
0.8902, 3662
0.8905, 3661
0.8909, 3660
0.8912, 3659
0.8915, 3658
0.8918, 3657
0.8922, 3656
0.8925, 3655
0.8929, 3654
0.8932, 3653
0.8935, 3652
0.8938, 3651
0.8942, 3650
0.8945, 3649
0.8948, 3648
0.8951, 3647
0.8955, 3646
0.8958, 3645
0.8961, 3644
0.8964, 3643
0.8968, 3642
0.8971, 3641
0.8974, 3640
0.8978, 3639
0.8981, 3638
0.8984, 3637
0.8988, 3636
0.8991, 3635
0.8994, 3634
0.8998, 3633
0.9001, 3632
0.9004, 3631
0.9007, 3630
0.9010, 3629
0.9014, 3628
0.9017, 3627
0.9020, 3626
0.9023, 3625
0.9027, 3624
0.9030, 3623
0.9033, 3622
0.9036, 3621
0.9039, 3620
0.9043, 3619
0.9046, 3618
0.9049, 3617
0.9053, 3616
0.9056, 3615
0.9059, 3614
0.9062, 3613
0.9065, 3612
0.9068, 3611
0.9072, 3610
0.9075, 3609
0.9078, 3608
0.9081, 3607
0.9085, 3606
0.9088, 3605
0.9091, 3604
0.9094, 3603
0.9098, 3602
0.9101, 3601
0.9104, 3600
0.9107, 3599
0.9110, 3598
0.9114, 3597
0.9117, 3596
0.9120, 3595
0.9123, 3594
0.9126, 3593
0.9130, 3592
0.9133, 3591
0.9136, 3590
0.9139, 3589
0.9143, 3588
0.9146, 3587
0.9149, 3586
0.9153, 3585
0.9156, 3584
0.9159, 3583
0.9162, 3582
0.9165, 3581
0.9169, 3580
0.9172, 3579
0.9175, 3578
0.9178, 3577
0.9181, 3576
0.9184, 3575
0.9188, 3574
0.9191, 3573
0.9194, 3572
0.9197, 3571
0.9200, 3570
0.9204, 3569
0.9207, 3568
0.9210, 3567
0.9213, 3566
0.9217, 3565
0.9220, 3564
0.9223, 3563
0.9226, 3562
0.9229, 3561
0.9232, 3560
0.9236, 3559
0.9239, 3558
0.9242, 3557
0.9245, 3556
0.9248, 3555
0.9251, 3554
0.9254, 3553
0.9258, 3552
0.9261, 3551
0.9264, 3550
0.9268, 3549
0.9271, 3548
0.9275, 3547
0.9278, 3546
0.9281, 3545
0.9284, 3544
0.9287, 3543
0.9291, 3542
0.9294, 3541
0.9297, 3540
0.9300, 3539
0.9303, 3538
0.9306, 3537
0.9310, 3536
0.9313, 3535
0.9316, 3534
0.9319, 3533
0.9322, 3532
0.9325, 3531
0.9329, 3530
0.9332, 3529
0.9335, 3528
0.9338, 3527
0.9341, 3526
0.9344, 3525
0.9348, 3524
0.9351, 3523
0.9354, 3522
0.9357, 3521
0.9360, 3520
0.9364, 3519
0.9367, 3518
0.9370, 3517
0.9373, 3516
0.9376, 3515
0.9379, 3514
0.9382, 3513
0.9386, 3512
0.9389, 3511
0.9392, 3510
0.9395, 3509
0.9398, 3508
0.9401, 3507
0.9404, 3506
0.9408, 3505
0.9411, 3504
0.9414, 3503
0.9417, 3502
0.9420, 3501
0.9423, 3500
0.9427, 3499
0.9430, 3498
0.9433, 3497
0.9436, 3496
0.9439, 3495
0.9442, 3494
0.9445, 3493
0.9448, 3492
0.9451, 3491
0.9455, 3490
0.9458, 3489
0.9461, 3488
0.9464, 3487
0.9468, 3486
0.9471, 3485
0.9474, 3484
0.9477, 3483
0.9480, 3482
0.9483, 3481
0.9487, 3480
0.9490, 3479
0.9493, 3478
0.9496, 3477
0.9499, 3476
0.9502, 3475
0.9505, 3474
0.9508, 3473
0.9511, 3472
0.9514, 3471
0.9518, 3470
0.9521, 3469
0.9524, 3468
0.9527, 3467
0.9530, 3466
0.9533, 3465
0.9536, 3464
0.9539, 3463
0.9543, 3462
0.9546, 3461
0.9549, 3460
0.9552, 3459
0.9555, 3458
0.9558, 3457
0.9561, 3456
0.9564, 3455
0.9567, 3454
0.9570, 3453
0.9573, 3452
0.9577, 3451
0.9580, 3450
0.9583, 3449
0.9586, 3448
0.9589, 3447
0.9592, 3446
0.9595, 3445
0.9598, 3444
0.9601, 3443
0.9604, 3442
0.9607, 3441
0.9610, 3440
0.9614, 3439
0.9617, 3438
0.9620, 3437
0.9623, 3436
0.9626, 3435
0.9629, 3434
0.9633, 3433
0.9636, 3432
0.9639, 3431
0.9642, 3430
0.9645, 3429
0.9648, 3428
0.9651, 3427
0.9654, 3426
0.9657, 3425
0.9660, 3424
0.9663, 3423
0.9666, 3422
0.9669, 3421
0.9672, 3420
0.9675, 3419
0.9678, 3418
0.9681, 3417
0.9685, 3416
0.9687, 3415
0.9690, 3414
0.9694, 3413
0.9697, 3412
0.9700, 3411
0.9703, 3410
0.9706, 3409
0.9710, 3408
0.9712, 3407
0.9715, 3406
0.9718, 3405
0.9721, 3404
0.9724, 3403
0.9727, 3402
0.9730, 3401
0.9733, 3400
0.9736, 3399
0.9739, 3398
0.9742, 3397
0.9746, 3396
0.9749, 3395
0.9752, 3394
0.9755, 3393
0.9758, 3392
0.9761, 3391
0.9764, 3390
0.9767, 3389
0.9770, 3388
0.9773, 3387
0.9776, 3386
0.9779, 3385
0.9783, 3384
0.9786, 3383
0.9789, 3382
0.9792, 3381
0.9795, 3380
0.9798, 3379
0.9801, 3378
0.9805, 3377
0.9808, 3376
0.9811, 3375
0.9814, 3374
0.9817, 3373
0.9820, 3372
0.9823, 3371
0.9826, 3370
0.9829, 3369
0.9833, 3368
0.9837, 3367
0.9840, 3366
0.9843, 3365
0.9846, 3364
0.9849, 3363
0.9852, 3362
0.9855, 3361
0.9858, 3360
0.9862, 3359
0.9865, 3358
0.9868, 3357
0.9871, 3356
0.9875, 3355
0.9878, 3354
0.9881, 3353
0.9884, 3352
0.9887, 3351
0.9890, 3350
0.9893, 3349
0.9896, 3348
0.9899, 3347
0.9902, 3346
0.9905, 3345
0.9908, 3344
0.9912, 3343
0.9915, 3342
0.9918, 3341
0.9921, 3340
0.9924, 3339
0.9927, 3338
0.9930, 3337
0.9933, 3336
0.9936, 3335
0.9939, 3334
0.9942, 3333
0.9945, 3332
0.9948, 3331
0.9951, 3330
0.9954, 3329
0.9957, 3328
0.9961, 3327
0.9964, 3326
0.9967, 3325
0.9970, 3324
0.9973, 3323
0.9976, 3322
0.9978, 3321
0.9981, 3320
0.9984, 3319
0.9988, 3318
0.9991, 3317
0.9994, 3316
0.9997, 3315
1.0000, 3314
1.0003, 3313
1.0006, 3312
1.0010, 3311
1.0013, 3310
1.0016, 3309
1.0019, 3308
1.0022, 3307
1.0025, 3306
1.0029, 3305
1.0032, 3304
1.0035, 3303
1.0038, 3302
1.0041, 3301
1.0045, 3300
1.0048, 3299
1.0051, 3298
1.0054, 3297
1.0057, 3296
1.0060, 3295
1.0064, 3294
1.0067, 3293
1.0070, 3292
1.0073, 3291
1.0076, 3290
1.0079, 3289
1.0082, 3288
1.0085, 3287
1.0088, 3286
1.0091, 3285
1.0095, 3284
1.0098, 3283
1.0101, 3282
1.0105, 3281
1.0108, 3280
1.0111, 3279
1.0114, 3278
1.0117, 3277
1.0120, 3276
1.0123, 3275
1.0126, 3274
1.0130, 3273
1.0133, 3272
1.0136, 3271
1.0139, 3270
1.0143, 3269
1.0146, 3268
1.0149, 3267
1.0152, 3266
1.0155, 3265
1.0158, 3264
1.0161, 3263
1.0164, 3262
1.0167, 3261
1.0170, 3260
1.0173, 3259
1.0176, 3258
1.0179, 3257
1.0182, 3256
1.0185, 3255
1.0189, 3254
1.0192, 3253
1.0195, 3252
1.0198, 3251
1.0201, 3250
1.0204, 3249
1.0207, 3248
1.0210, 3247
1.0213, 3246
1.0216, 3245
1.0219, 3244
1.0222, 3243
1.0226, 3242
1.0229, 3241
1.0232, 3240
1.0235, 3239
1.0238, 3238
1.0241, 3237
1.0244, 3236
1.0247, 3235
1.0250, 3234
1.0253, 3233
1.0256, 3232
1.0259, 3231
1.0263, 3230
1.0266, 3229
1.0269, 3228
1.0272, 3227
1.0275, 3226
1.0278, 3225
1.0282, 3224
1.0285, 3223
1.0288, 3222
1.0291, 3221
1.0294, 3220
1.0297, 3219
1.0300, 3218
1.0303, 3217
1.0306, 3216
1.0309, 3215
1.0312, 3214
1.0315, 3213
1.0317, 3212
1.0320, 3211
1.0323, 3210
1.0326, 3209
1.0329, 3208
1.0333, 3207
1.0336, 3206
1.0340, 3205
1.0343, 3204
1.0346, 3203
1.0349, 3202
1.0353, 3201
1.0356, 3200
1.0359, 3199
1.0362, 3198
1.0365, 3197
1.0368, 3196
1.0371, 3195
1.0374, 3194
1.0377, 3193
1.0380, 3192
1.0383, 3191
1.0386, 3190
1.0389, 3189
1.0392, 3188
1.0396, 3187
1.0399, 3186
1.0402, 3185
1.0405, 3184
1.0408, 3183
1.0411, 3182
1.0415, 3181
1.0418, 3180
1.0421, 3179
1.0424, 3178
1.0427, 3177
1.0430, 3176
1.0433, 3175
1.0436, 3174
1.0439, 3173
1.0442, 3172
1.0445, 3171
1.0448, 3170
1.0451, 3169
1.0454, 3168
1.0457, 3167
1.0460, 3166
1.0463, 3165
1.0466, 3164
1.0469, 3163
1.0472, 3162
1.0475, 3161
1.0478, 3160
1.0480, 3159
1.0483, 3158
1.0486, 3157
1.0489, 3156
1.0492, 3155
1.0495, 3154
1.0498, 3153
1.0502, 3152
1.0505, 3151
1.0508, 3150
1.0511, 3149
1.0514, 3148
1.0517, 3147
1.0521, 3146
1.0524, 3145
1.0527, 3144
1.0530, 3143
1.0533, 3142
1.0536, 3141
1.0539, 3140
1.0542, 3139
1.0545, 3138
1.0548, 3137
1.0552, 3136
1.0555, 3135
1.0558, 3134
1.0561, 3133
1.0564, 3132
1.0567, 3131
1.0570, 3130
1.0572, 3129
1.0576, 3128
1.0578, 3127
1.0581, 3126
1.0584, 3125
1.0587, 3124
1.0590, 3123
1.0593, 3122
1.0596, 3121
1.0598, 3120
1.0601, 3119
1.0604, 3118
1.0607, 3117
1.0610, 3116
1.0613, 3115
1.0616, 3114
1.0619, 3113
1.0622, 3112
1.0625, 3111
1.0627, 3110
1.0630, 3109
1.0633, 3108
1.0636, 3107
1.0639, 3106
1.0642, 3105
1.0645, 3104
1.0648, 3103
1.0651, 3102
1.0654, 3101
1.0657, 3100
1.0659, 3099
1.0662, 3098
1.0665, 3097
1.0668, 3096
1.0671, 3095
1.0674, 3094
1.0676, 3093
1.0679, 3092
1.0682, 3091
1.0685, 3090
1.0688, 3089
1.0691, 3088
1.0694, 3087
1.0697, 3086
1.0701, 3085
1.0704, 3084
1.0707, 3083
1.0710, 3082
1.0713, 3081
1.0715, 3080
1.0718, 3079
1.0721, 3078
1.0724, 3077
1.0727, 3076
1.0730, 3075
1.0733, 3074
1.0735, 3073
1.0738, 3072
1.0741, 3071
1.0744, 3070
1.0746, 3069
1.0749, 3068
1.0752, 3067
1.0755, 3066
1.0758, 3065
1.0760, 3064
1.0763, 3063
1.0766, 3062
1.0769, 3061
1.0772, 3060
1.0775, 3059
1.0778, 3058
1.0780, 3057
1.0784, 3056
1.0787, 3055
1.0790, 3054
1.0793, 3053
1.0796, 3052
1.0798, 3051
1.0801, 3050
1.0804, 3049
1.0807, 3048
1.0810, 3047
1.0813, 3046
1.0815, 3045
1.0818, 3044
1.0821, 3043
1.0824, 3042
1.0826, 3041
1.0829, 3040
1.0832, 3039
1.0835, 3038
1.0838, 3037
1.0841, 3036
1.0844, 3035
1.0847, 3034
1.0849, 3033
1.0852, 3032
1.0855, 3031
1.0858, 3030
1.0861, 3029
1.0863, 3028
1.0866, 3027
1.0869, 3026
1.0872, 3025
1.0875, 3024
1.0878, 3023
1.0881, 3022
1.0883, 3021
1.0886, 3020
1.0889, 3019
1.0892, 3018
1.0895, 3017
1.0897, 3016
1.0900, 3015
1.0903, 3014
1.0906, 3013
1.0908, 3012
1.0911, 3011
1.0914, 3010
1.0917, 3009
1.0919, 3008
1.0922, 3007
1.0925, 3006
1.0928, 3005
1.0930, 3004
1.0933, 3003
1.0936, 3002
1.0939, 3001
1.0941, 3000
1.0944, 2999
1.0947, 2998
1.0950, 2997
1.0953, 2996
1.0955, 2995
1.0958, 2994
1.0961, 2993
1.0963, 2992
1.0966, 2991
1.0969, 2990
1.0972, 2989
1.0975, 2988
1.0978, 2987
1.0980, 2986
1.0983, 2985
1.0986, 2984
1.0989, 2983
1.0991, 2982
1.0994, 2981
1.0997, 2980
1.1000, 2979
1.1003, 2978
1.1006, 2977
1.1009, 2976
1.1012, 2975
1.1014, 2974
1.1017, 2973
1.1020, 2972
1.1022, 2971
1.1025, 2970
1.1028, 2969
1.1031, 2968
1.1034, 2967
1.1037, 2966
1.1040, 2965
1.1043, 2964
1.1046, 2963
1.1049, 2962
1.1052, 2961
1.1055, 2960
1.1059, 2959
1.1061, 2958
1.1064, 2957
1.1067, 2956
1.1070, 2955
1.1073, 2954
1.1075, 2953
1.1078, 2952
1.1081, 2951
1.1084, 2950
1.1087, 2949
1.1090, 2948
1.1093, 2947
1.1096, 2946
1.1099, 2945
1.1102, 2944
1.1105, 2943
1.1108, 2942
1.1111, 2941
1.1113, 2940
1.1116, 2939
1.1119, 2938
1.1122, 2937
1.1126, 2936
1.1129, 2935
1.1132, 2934
1.1135, 2933
1.1138, 2932
1.1141, 2931
1.1144, 2930
1.1146, 2929
1.1149, 2928
1.1152, 2927
1.1155, 2926
1.1159, 2925
1.1162, 2924
1.1165, 2923
1.1168, 2922
1.1171, 2921
1.1174, 2920
1.1177, 2919
1.1180, 2918
1.1183, 2917
1.1186, 2916
1.1189, 2915
1.1192, 2914
1.1195, 2913
1.1197, 2912
1.1200, 2911
1.1203, 2910
1.1206, 2909
1.1209, 2908
1.1212, 2907
1.1215, 2906
1.1218, 2905
1.1221, 2904
1.1224, 2903
1.1227, 2902
1.1230, 2901
1.1233, 2900
1.1236, 2899
1.1240, 2898
1.1243, 2897
1.1246, 2896
1.1249, 2895
1.1252, 2894
1.1255, 2893
1.1259, 2892
1.1262, 2891
1.1265, 2890
1.1267, 2889
1.1270, 2888
1.1273, 2887
1.1276, 2886
1.1279, 2885
1.1282, 2884
1.1284, 2883
1.1287, 2882
1.1290, 2881
1.1293, 2880
1.1296, 2879
1.1299, 2878
1.1302, 2877
1.1305, 2876
1.1307, 2875
1.1310, 2874
1.1313, 2873
1.1316, 2872
1.1318, 2871
1.1321, 2870
1.1324, 2869
1.1326, 2868
1.1329, 2867
1.1332, 2866
1.1335, 2865
1.1338, 2864
1.1340, 2863
1.1343, 2862
1.1346, 2861
1.1348, 2860
1.1351, 2859
1.1354, 2858
1.1356, 2857
1.1359, 2856
1.1362, 2855
1.1364, 2854
1.1367, 2853
1.1371, 2852
1.1374, 2851
1.1376, 2850
1.1379, 2849
1.1382, 2848
1.1385, 2847
1.1387, 2846
1.1390, 2845
1.1393, 2844
1.1396, 2843
1.1398, 2842
1.1401, 2841
1.1404, 2840
1.1407, 2839
1.1410, 2838
1.1413, 2837
1.1415, 2836
1.1418, 2835
1.1421, 2834
1.1423, 2833
1.1426, 2832
1.1429, 2831
1.1432, 2830
1.1434, 2829
1.1437, 2828
1.1440, 2827
1.1443, 2826
1.1445, 2825
1.1448, 2824
1.1451, 2823
1.1454, 2822
1.1456, 2821
1.1459, 2820
1.1462, 2819
1.1465, 2818
1.1467, 2817
1.1470, 2816
1.1473, 2815
1.1476, 2814
1.1478, 2813
1.1481, 2812
1.1484, 2811
1.1486, 2810
1.1489, 2809
1.1492, 2808
1.1495, 2807
1.1497, 2806
1.1500, 2805
1.1503, 2804
1.1506, 2803
1.1509, 2802
1.1511, 2801
1.1514, 2800
1.1517, 2799
1.1519, 2798
1.1522, 2797
1.1525, 2796
1.1528, 2795
1.1531, 2794
1.1534, 2793
1.1537, 2792
1.1539, 2791
1.1542, 2790
1.1545, 2789
1.1547, 2788
1.1550, 2787
1.1553, 2786
1.1555, 2785
1.1558, 2784
1.1561, 2783
1.1563, 2782
1.1566, 2781
1.1569, 2780
1.1571, 2779
1.1574, 2778
1.1576, 2777
1.1579, 2776
1.1582, 2775
1.1585, 2774
1.1587, 2773
1.1590, 2772
1.1592, 2771
1.1595, 2770
1.1598, 2769
1.1600, 2768
1.1603, 2767
1.1605, 2766
1.1608, 2765
1.1611, 2764
1.1613, 2763
1.1616, 2762
1.1619, 2761
1.1621, 2760
1.1624, 2759
1.1627, 2758
1.1630, 2757
1.1633, 2756
1.1636, 2755
1.1638, 2754
1.1641, 2753
1.1644, 2752
1.1647, 2751
1.1649, 2750
1.1652, 2749
1.1654, 2748
1.1657, 2747
1.1661, 2746
1.1664, 2745
1.1667, 2744
1.1670, 2743
1.1672, 2742
1.1675, 2741
1.1678, 2740
1.1681, 2739
1.1684, 2738
1.1686, 2737
1.1689, 2736
1.1692, 2735
1.1695, 2734
1.1698, 2733
1.1701, 2732
1.1703, 2731
1.1706, 2730
1.1709, 2729
1.1712, 2728
1.1715, 2727
1.1717, 2726
1.1720, 2725
1.1722, 2724
1.1725, 2723
1.1728, 2722
1.1731, 2721
1.1734, 2720
1.1737, 2719
1.1739, 2718
1.1742, 2717
1.1745, 2716
1.1747, 2715
1.1750, 2714
1.1753, 2713
1.1755, 2712
1.1758, 2711
1.1761, 2710
1.1764, 2709
1.1766, 2708
1.1769, 2707
1.1772, 2706
1.1774, 2705
1.1777, 2704
1.1780, 2703
1.1782, 2702
1.1785, 2701
1.1788, 2700
1.1790, 2699
1.1793, 2698
1.1796, 2697
1.1799, 2696
1.1801, 2695
1.1804, 2694
1.1807, 2693
1.1810, 2692
1.1812, 2691
1.1815, 2690
1.1818, 2689
1.1820, 2688
1.1823, 2687
1.1825, 2686
1.1828, 2685
1.1831, 2684
1.1833, 2683
1.1836, 2682
1.1839, 2681
1.1841, 2680
1.1844, 2679
1.1847, 2678
1.1850, 2677
1.1852, 2676
1.1855, 2675
1.1857, 2674
1.1860, 2673
1.1862, 2672
1.1865, 2671
1.1868, 2670
1.1871, 2669
1.1874, 2668
1.1876, 2667
1.1879, 2666
1.1881, 2665
1.1884, 2664
1.1887, 2663
1.1889, 2662
1.1892, 2661
1.1894, 2660
1.1897, 2659
1.1900, 2658
1.1902, 2657
1.1905, 2656
1.1907, 2655
1.1910, 2654
1.1912, 2653
1.1915, 2652
1.1917, 2651
1.1920, 2650
1.1922, 2649
1.1925, 2648
1.1928, 2647
1.1930, 2646
1.1933, 2645
1.1935, 2644
1.1938, 2643
1.1940, 2642
1.1943, 2641
1.1945, 2640
1.1948, 2639
1.1950, 2638
1.1953, 2637
1.1955, 2636
1.1958, 2635
1.1960, 2634
1.1964, 2633
1.1966, 2632
1.1969, 2631
1.1972, 2630
1.1974, 2629
1.1977, 2628
1.1979, 2627
1.1982, 2626
1.1985, 2625
1.1987, 2624
1.1990, 2623
1.1993, 2622
1.1996, 2621
1.1998, 2620
1.2001, 2619
1.2004, 2618
1.2006, 2617
1.2009, 2616
1.2011, 2615
1.2014, 2614
1.2016, 2613
1.2019, 2612
1.2021, 2611
1.2024, 2610
1.2027, 2609
1.2029, 2608
1.2032, 2607
1.2034, 2606
1.2037, 2605
1.2040, 2604
1.2042, 2603
1.2045, 2602
1.2047, 2601
1.2050, 2600
1.2053, 2599
1.2055, 2598
1.2058, 2597
1.2060, 2596
1.2063, 2595
1.2066, 2594
1.2068, 2593
1.2071, 2592
1.2074, 2591
1.2076, 2590
1.2079, 2589
1.2081, 2588
1.2084, 2587
1.2086, 2586
1.2089, 2585
1.2091, 2584
1.2094, 2583
1.2097, 2582
1.2099, 2581
1.2102, 2580
1.2105, 2579
1.2107, 2578
1.2110, 2577
1.2113, 2576
1.2116, 2575
1.2118, 2574
1.2121, 2573
1.2123, 2572
1.2126, 2571
1.2129, 2570
1.2131, 2569
1.2134, 2568
1.2199, 2567
1.2263, 2566
1.2265, 2565
1.2411, 2564
1.2413, 2563
1.2497, 2562
1.2499, 2561
1.2643, 2560
1.2850, 2559
1.2853, 2558
1.3144, 2557
1.3208, 2556
1.3294, 2555
1.3296, 2554
1.3402, 2553
1.3404, 2552
1.3468, 2551
1.3594, 2550
1.3637, 2549
1.3805, 2548
1.3807, 2547
1.3851, 2546
1.3874, 2545
1.3876, 2544
1.3878, 2543
1.3963, 2542
1.3965, 2541
1.3967, 2540
1.4154, 2539
1.4238, 2538
1.4323, 2537
1.4325, 2536
1.4389, 2535
1.4433, 2534
1.4435, 2533
1.4500, 2532
1.4604, 2531
1.4874, 2530
1.4937, 2529
1.4940, 2528
1.4983, 2527
1.4985, 2526
1.5090, 2525
1.5093, 2524
1.5095, 2523
1.5159, 2522
1.5161, 2521
1.5184, 2520
1.5268, 2519
1.5271, 2518
1.5294, 2517
1.5317, 2516
1.5381, 2515
1.5383, 2514
1.5427, 2513
1.5491, 2512
1.5493, 2511
1.5495, 2510
1.5497, 2509
1.5622, 2508
1.6240, 2507
1.6366, 2506
1.6368, 2505
1.6495, 2504
1.6744, 2503
1.6973, 2502
1.6975, 2501
1.7099, 2500
1.7184, 2499
1.7308, 2498
1.7537, 2497
1.7745, 2496
1.7832, 2495
1.7875, 2494
1.7899, 2493
1.7901, 2492
1.7945, 2491
1.8070, 2490
1.8073, 2489
1.8116, 2488
1.8159, 2487
1.8224, 2486
1.8226, 2485
1.8228, 2484
1.8230, 2483
1.8253, 2482
1.8339, 2481
1.8341, 2480
1.8344, 2479
1.8494, 2478
1.8496, 2477
1.8499, 2476
1.8687, 2475
1.8731, 2474
1.8836, 2473
1.8907, 2472
1.9001, 2471
1.9003, 2470
1.9052, 2469
1.9055, 2468
1.9057, 2467
1.9059, 2466
1.9266, 2465
1.9402, 2464
1.9404, 2463
1.9448, 2462
1.9451, 2461
1.9453, 2460
1.9646, 2459
1.9736, 2458
1.9892, 2457
2.0046, 2456
2.0048, 2455
2.0138, 2454
2.0141, 2453
2.0166, 2452
2.0261, 2451
2.0331, 2450
2.0333, 2449
2.0593, 2448
2.0686, 2447
2.0802, 2446
2.0805, 2445
2.0915, 2444
2.1089, 2443
2.1259, 2442
2.1388, 2441
2.1454, 2440
2.1540, 2439
2.1773, 2438
2.1961, 2437
2.2046, 2436
2.2089, 2435
2.2359, 2434
2.2361, 2433
2.2405, 2432
2.2511, 2431
2.2803, 2430
2.2888, 2429
2.3035, 2428
2.3120, 2427
2.3122, 2426
2.3519, 2425
2.3522, 2424
2.3773, 2423
2.3922, 2422
2.3966, 2421
2.3968, 2420
2.4157, 2419
2.4159, 2418
2.4266, 2417
2.4351, 2416
2.4653, 2415
2.4655, 2414
2.4846, 2413
2.4993, 2412
2.4995, 2411
2.5197, 2410
2.5254, 2409
2.5413, 2408
2.5458, 2407
2.5462, 2406
2.5499, 2405
2.5501, 2404
2.5739, 2403
2.5741, 2402
2.5870, 2401
2.5899, 2400
2.5901, 2399
2.5904, 2398
2.6140, 2397
2.6143, 2396
2.6326, 2395
2.6328, 2394
2.6374, 2393
2.6377, 2392
2.6379, 2391
2.6532, 2390
2.6534, 2389
2.6536, 2388
2.6584, 2387
2.6586, 2386
2.6766, 2385
2.6907, 2384
2.6951, 2383
2.6953, 2382
2.6956, 2381
2.6958, 2380
2.6960, 2379
2.6963, 2378
2.7029, 2377
2.7031, 2376
2.7099, 2375
2.7101, 2374
2.7103, 2373
2.7168, 2372
2.7171, 2371
2.7260, 2370
2.7262, 2369
2.7285, 2368
2.7371, 2367
2.7373, 2366
2.7376, 2365
2.7456, 2364
2.7459, 2363
2.7640, 2362
2.7721, 2361
2.7724, 2360
2.7726, 2359
2.7805, 2358
2.7808, 2357
2.7811, 2356
2.7813, 2355
2.7816, 2354
2.7818, 2353
2.8074, 2352
2.8076, 2351
2.8105, 2350
2.8107, 2349
2.8262, 2348
2.8265, 2347
2.8267, 2346
2.8269, 2345
2.8272, 2344
2.8320, 2343
2.8497, 2342
2.8541, 2341
2.8654, 2340
2.8678, 2339
2.8700, 2338
2.8874, 2337
2.8876, 2336
2.8969, 2335
2.8971, 2334
2.8973, 2333
2.8976, 2332
2.9019, 2331
2.9255, 2330
2.9257, 2329
2.9259, 2328
2.9471, 2327
2.9473, 2326
2.9475, 2325
2.9519, 2324
2.9693, 2323
2.9968, 2322
2.9971, 2321
2.9973, 2320
3.0037, 2319
3.0039, 2318
3.0146, 2317
3.0148, 2316
3.1499, 2315
3.1522, 2314
3.1546, 2313
3.1592, 2312
3.1594, 2311
3.1617, 2310
3.1662, 2309
3.1665, 2308
3.1709, 2307
3.1905, 2306
3.1950, 2305
3.2016, 2304
3.2018, 2303
3.2063, 2302
3.2065, 2301
3.2197, 2300
3.2241, 2299
3.2305, 2298
3.2307, 2297
3.2330, 2296
3.2435, 2295
3.2478, 2294
3.2481, 2293
3.2545, 2292
3.2547, 2291
3.2590, 2290
3.2592, 2289
3.2676, 2288
3.2719, 2287
3.2845, 2286
3.2929, 2285
3.3012, 2284
3.3015, 2283
3.3058, 2282
3.3121, 2281
3.3144, 2280
3.3146, 2279
3.3292, 2278
3.3440, 2277
3.3504, 2276
3.3737, 2275
3.3802, 2274
3.3846, 2273
3.4200, 2272
3.4244, 2271
3.4246, 2270
3.4249, 2269
3.4251, 2268
3.4294, 2267
3.4296, 2266
3.4380, 2265
3.4424, 2264
3.4426, 2263
3.4428, 2262
3.4451, 2261
3.4453, 2260
3.4579, 2259
3.4746, 2258
3.4811, 2257
3.4875, 2256
3.5064, 2255
3.5149, 2254
3.5234, 2253
3.5237, 2252
3.5342, 2251
3.5386, 2250
3.5388, 2249
3.5390, 2248
3.5556, 2247
3.5619, 2246
3.5723, 2245
3.5788, 2244
3.5790, 2243
3.5934, 2242
3.5937, 2241
3.5980, 2240
3.6023, 2239
3.6106, 2238
3.6210, 2237
3.6315, 2236
3.6378, 2235
3.6565, 2234
3.6628, 2233
3.6651, 2232
3.6714, 2231
3.6901, 2230
3.7065, 2229
3.7068, 2228
3.7110, 2227
3.7174, 2226
3.7177, 2225
3.7487, 2224
3.7550, 2223
3.7694, 2222
3.9126, 2221
3.9211, 2220
3.9423, 2219
3.9528, 2218
3.9572, 2217
3.9676, 2216
4.0171, 2215
4.0851, 2214
4.1821, 2213
4.1865, 2212
4.2259, 2211
4.2405, 2210
4.5004, 2209
