0.0254, 2281
0.3767, 2280
0.3799, 2279
0.3830, 2277
0.3952, 2276
0.3984, 2274
0.4015, 2273
0.4138, 2272
0.4609, 2271
0.4764, 2270
0.4981, 2269
0.6263, 2267
0.6355, 2266
0.6536, 2265
0.6749, 2264
0.6781, 2263
0.7388, 2262
0.7908, 2261
0.8305, 2260
0.8640, 2259
0.8825, 2258
0.9008, 2257
0.9926, 2256
1.0264, 2255
1.2253, 2254
1.2285, 2253
1.2317, 2252
1.3419, 2250
1.3665, 2248
1.3910, 2247
1.6382, 2246
1.8006, 2245
1.8465, 2244
1.8527, 2243
1.8651, 2242
1.8684, 2241
1.8716, 2240
1.8963, 2238
1.9329, 2237
1.9390, 2234
1.9728, 2232
2.0225, 2231
2.0641, 2230
2.3181, 2228
2.3213, 2227
2.4596, 2226
2.5089, 2225
2.6624, 2224
2.6658, 2223
2.8792, 2222
