0.6453, 3931
0.6456, 3930
0.6460, 3929
0.6463, 3928
0.6466, 3927
0.6470, 3926
0.6473, 3925
0.6476, 3924
0.6479, 3923
0.6483, 3922
0.6486, 3921
0.6489, 3920
0.6493, 3919
0.6496, 3918
0.6499, 3917
0.6503, 3916
0.6506, 3915
0.6509, 3914
0.6513, 3913
0.6516, 3912
0.6519, 3911
0.6522, 3910
0.6526, 3909
0.6529, 3908
0.6532, 3907
0.6535, 3906
0.6539, 3905
0.6542, 3904
0.6545, 3903
0.6549, 3902
0.6552, 3901
0.6555, 3900
0.6559, 3899
0.6562, 3898
0.6566, 3897
0.6569, 3896
0.6573, 3895
0.6576, 3894
0.6580, 3893
0.6583, 3892
0.6587, 3891
0.6590, 3890
0.6593, 3889
0.6597, 3888
0.6600, 3887
0.6603, 3886
0.6607, 3885
0.6610, 3884
0.6614, 3883
0.6617, 3882
0.6620, 3881
0.6624, 3880
0.6627, 3879
0.6630, 3878
0.6634, 3877
0.6637, 3876
0.6640, 3875
0.6643, 3874
0.6647, 3873
0.6650, 3872
0.6653, 3871
0.6657, 3870
0.6660, 3869
0.6663, 3868
0.6666, 3867
0.6670, 3866
0.6673, 3865
0.6676, 3864
0.6679, 3863
0.6683, 3862
0.6686, 3861
0.6689, 3860
0.6692, 3859
0.6696, 3858
0.6699, 3857
0.6702, 3856
0.6706, 3855
0.6709, 3854
0.6712, 3853
0.6715, 3852
0.6719, 3851
0.6722, 3850
0.6725, 3849
0.6728, 3848
0.6732, 3847
0.6735, 3846
0.6739, 3845
0.6742, 3844
0.6746, 3843
0.6749, 3842
0.6753, 3841
0.6756, 3840
0.6760, 3839
0.6763, 3838
0.6767, 3837
0.6770, 3836
0.6774, 3835
0.6777, 3834
0.6780, 3833
0.6784, 3832
0.6787, 3831
0.6790, 3830
0.6794, 3829
0.6797, 3828
0.6801, 3827
0.6804, 3826
0.6808, 3825
0.6811, 3824
0.6814, 3823
0.6818, 3822
0.6821, 3821
0.6824, 3820
0.6828, 3819
0.6831, 3818
0.6834, 3817
0.6838, 3816
0.6841, 3815
0.6845, 3814
0.6848, 3813
0.6851, 3812
0.6855, 3811
0.6858, 3810
0.6862, 3809
0.6865, 3808
0.6869, 3807
0.6872, 3806
0.6875, 3805
0.6879, 3804
0.6882, 3803
0.6886, 3802
0.6889, 3801
0.6893, 3800
0.6896, 3799
0.6899, 3798
0.6903, 3797
0.6906, 3796
0.6910, 3795
0.6914, 3794
0.6917, 3793
0.6921, 3792
0.6924, 3791
0.6928, 3790
0.6931, 3789
0.6935, 3788
0.6938, 3787
0.6941, 3786
0.6945, 3785
0.6948, 3784
0.6952, 3783
0.6955, 3782
0.6959, 3781
0.6962, 3780
0.6965, 3779
0.6969, 3778
0.6972, 3777
0.6976, 3776
0.6980, 3775
0.6983, 3774
0.6986, 3773
0.6990, 3772
0.6993, 3771
0.6997, 3770
0.7000, 3769
0.7003, 3768
0.7006, 3767
0.7010, 3766
0.7013, 3765
0.7016, 3764
0.7020, 3763
0.7023, 3762
0.7027, 3761
0.7030, 3760
0.7034, 3759
0.7037, 3758
0.7040, 3757
0.7044, 3756
0.7047, 3755
0.7051, 3754
0.7054, 3753
0.7058, 3752
0.7061, 3751
0.7064, 3750
0.7067, 3749
0.7071, 3748
0.7074, 3747
0.7078, 3746
0.7081, 3745
0.7084, 3744
0.7088, 3743
0.7091, 3742
0.7094, 3741
0.7097, 3740
0.7101, 3739
0.7104, 3738
0.7107, 3737
0.7110, 3736
0.7114, 3735
0.7117, 3734
0.7120, 3733
0.7123, 3732
0.7126, 3731
0.7130, 3730
0.7133, 3729
0.7136, 3728
0.7139, 3727
0.7142, 3726
0.7146, 3725
0.7149, 3724
0.7152, 3723
0.7155, 3722
0.7158, 3721
0.7162, 3720
0.7165, 3719
0.7169, 3718
0.7172, 3717
0.7175, 3716
0.7178, 3715
0.7181, 3714
0.7185, 3713
0.7188, 3712
0.7191, 3711
0.7194, 3710
0.7198, 3709
0.7201, 3708
0.7209, 3707
0.7213, 3706
0.7216, 3705
0.7219, 3704
0.7223, 3703
0.7226, 3702
0.7230, 3701
0.7233, 3700
0.7236, 3699
0.7240, 3698
0.7243, 3697
0.7247, 3696
0.7250, 3695
0.7254, 3694
0.7257, 3693
0.7260, 3692
0.7263, 3691
0.7267, 3690
0.7270, 3689
0.7273, 3688
0.7276, 3687
0.7279, 3686
0.7283, 3685
0.7286, 3684
0.7290, 3683
0.7293, 3682
0.7296, 3681
0.7300, 3680
0.7303, 3679
0.7306, 3678
0.7310, 3677
0.7313, 3676
0.7316, 3675
0.7320, 3674
0.7323, 3673
0.7326, 3672
0.7330, 3671
0.7333, 3670
0.7336, 3669
0.7340, 3668
0.7343, 3667
0.7347, 3666
0.7350, 3665
0.7354, 3664
0.7357, 3663
0.7360, 3662
0.7364, 3661
0.7367, 3660
0.7371, 3659
0.7374, 3658
0.7377, 3657
0.7380, 3656
0.7384, 3655
0.7387, 3654
0.7391, 3653
0.7394, 3652
0.7397, 3651
0.7401, 3650
0.7404, 3649
0.7407, 3648
0.7411, 3647
0.7414, 3646
0.7418, 3645
0.7421, 3644
0.7424, 3643
0.7428, 3642
0.7431, 3641
0.7434, 3640
0.7438, 3639
0.7441, 3638
0.7444, 3637
0.7447, 3636
0.7451, 3635
0.7454, 3634
0.7457, 3633
0.7460, 3632
0.7463, 3631
0.7467, 3630
0.7470, 3629
0.7473, 3628
0.7476, 3627
0.7479, 3626
0.7482, 3625
0.7486, 3624
0.7489, 3623
0.7492, 3622
0.7495, 3621
0.7499, 3620
0.7502, 3619
0.7505, 3618
0.7508, 3617
0.7511, 3616
0.7515, 3615
0.7518, 3614
0.7521, 3613
0.7524, 3612
0.7527, 3611
0.7530, 3610
0.7533, 3609
0.7536, 3608
0.7540, 3607
0.7543, 3606
0.7546, 3605
0.7550, 3604
0.7553, 3603
0.7556, 3602
0.7559, 3601
0.7563, 3600
0.7566, 3599
0.7569, 3598
0.7572, 3597
0.7575, 3596
0.7579, 3595
0.7582, 3594
0.7585, 3593
0.7588, 3592
0.7591, 3591
0.7594, 3590
0.7598, 3589
0.7601, 3588
0.7604, 3587
0.7607, 3586
0.7610, 3585
0.7613, 3584
0.7616, 3583
0.7620, 3582
0.7623, 3581
0.7626, 3580
0.7630, 3579
0.7633, 3578
0.7636, 3577
0.7640, 3576
0.7643, 3575
0.7646, 3574
0.7649, 3573
0.7653, 3572
0.7656, 3571
0.7659, 3570
0.7662, 3569
0.7666, 3568
0.7669, 3567
0.7673, 3566
0.7676, 3565
0.7679, 3564
0.7682, 3563
0.7685, 3562
0.7689, 3561
0.7692, 3560
0.7695, 3559
0.7698, 3558
0.7702, 3557
0.7705, 3556
0.7708, 3555
0.7712, 3554
0.7715, 3553
0.7718, 3552
0.7722, 3551
0.7725, 3550
0.7729, 3549
0.7732, 3548
0.7735, 3547
0.7739, 3546
0.7742, 3545
0.7746, 3544
0.7749, 3543
0.7752, 3542
0.7755, 3541
0.7758, 3540
0.7761, 3539
0.7764, 3538
0.7767, 3537
0.7771, 3536
0.7774, 3535
0.7777, 3534
0.7780, 3533
0.7783, 3532
0.7786, 3531
0.7789, 3530
0.7793, 3529
0.7796, 3528
0.7799, 3527
0.7802, 3526
0.7805, 3525
0.7808, 3524
0.7811, 3523
0.7815, 3522
0.7818, 3521
0.7821, 3520
0.7824, 3519
0.7827, 3518
0.7831, 3517
0.7834, 3516
0.7837, 3515
0.7840, 3514
0.7843, 3513
0.7846, 3512
0.7849, 3511
0.7852, 3510
0.7855, 3509
0.7859, 3508
0.7862, 3507
0.7865, 3506
0.7868, 3505
0.7871, 3504
0.7874, 3503
0.7877, 3502
0.7880, 3501
0.7883, 3500
0.7887, 3499
0.7890, 3498
0.7893, 3497
0.7896, 3496
0.7899, 3495
0.7902, 3494
0.7905, 3493
0.7909, 3492
0.7912, 3491
0.7915, 3490
0.7919, 3489
0.7922, 3488
0.7925, 3487
0.7928, 3486
0.7931, 3485
0.7934, 3484
0.7937, 3483
0.7940, 3482
0.7943, 3481
0.7947, 3480
0.7950, 3479
0.7953, 3478
0.7956, 3477
0.7959, 3476
0.7962, 3475
0.7965, 3474
0.7968, 3473
0.7971, 3472
0.7975, 3471
0.7978, 3470
0.7981, 3469
0.7985, 3468
0.7988, 3467
0.7991, 3466
0.7994, 3465
0.7998, 3464
0.8001, 3463
0.8004, 3462
0.8008, 3461
0.8011, 3460
0.8015, 3459
0.8018, 3458
0.8021, 3457
0.8024, 3456
0.8028, 3455
0.8031, 3454
0.8035, 3453
0.8038, 3452
0.8041, 3451
0.8044, 3450
0.8047, 3449
0.8051, 3448
0.8054, 3447
0.8057, 3446
0.8061, 3445
0.8064, 3444
0.8067, 3443
0.8070, 3442
0.8073, 3441
0.8076, 3440
0.8079, 3439
0.8082, 3438
0.8085, 3437
0.8088, 3436
0.8091, 3435
0.8094, 3434
0.8097, 3433
0.8101, 3432
0.8104, 3431
0.8107, 3430
0.8110, 3429
0.8113, 3428
0.8116, 3427
0.8119, 3426
0.8122, 3425
0.8125, 3424
0.8128, 3423
0.8131, 3422
0.8134, 3421
0.8137, 3420
0.8140, 3419
0.8143, 3418
0.8146, 3417
0.8149, 3416
0.8152, 3415
0.8155, 3414
0.8158, 3413
0.8161, 3412
0.8164, 3411
0.8167, 3410
0.8170, 3409
0.8173, 3408
0.8176, 3407
0.8179, 3406
0.8182, 3405
0.8185, 3404
0.8188, 3403
0.8191, 3402
0.8194, 3401
0.8197, 3400
0.8200, 3399
0.8203, 3398
0.8206, 3397
0.8209, 3396
0.8213, 3395
0.8217, 3394
0.8220, 3393
0.8223, 3392
0.8226, 3391
0.8230, 3390
0.8233, 3389
0.8236, 3388
0.8239, 3387
0.8242, 3386
0.8245, 3385
0.8248, 3384
0.8251, 3383
0.8254, 3382
0.8258, 3381
0.8260, 3380
0.8263, 3379
0.8267, 3378
0.8270, 3377
0.8274, 3376
0.8277, 3375
0.8280, 3374
0.8284, 3373
0.8287, 3372
0.8290, 3371
0.8293, 3370
0.8296, 3369
0.8299, 3368
0.8302, 3367
0.8305, 3366
0.8309, 3365
0.8312, 3364
0.8315, 3363
0.8318, 3362
0.8321, 3361
0.8324, 3360
0.8327, 3359
0.8330, 3358
0.8334, 3357
0.8337, 3356
0.8340, 3355
0.8344, 3354
0.8347, 3353
0.8350, 3352
0.8353, 3351
0.8357, 3350
0.8360, 3349
0.8363, 3348
0.8366, 3347
0.8369, 3346
0.8372, 3345
0.8375, 3344
0.8379, 3343
0.8382, 3342
0.8385, 3341
0.8388, 3340
0.8391, 3339
0.8394, 3338
0.8397, 3337
0.8400, 3336
0.8403, 3335
0.8406, 3334
0.8409, 3333
0.8412, 3332
0.8415, 3331
0.8418, 3330
0.8421, 3329
0.8424, 3328
0.8427, 3327
0.8430, 3326
0.8433, 3325
0.8436, 3324
0.8439, 3323
0.8442, 3322
0.8444, 3321
0.8447, 3320
0.8450, 3319
0.8453, 3318
0.8457, 3317
0.8459, 3316
0.8463, 3315
0.8466, 3314
0.8470, 3313
0.8473, 3312
0.8476, 3311
0.8479, 3310
0.8482, 3309
0.8485, 3308
0.8488, 3307
0.8491, 3306
0.8495, 3305
0.8498, 3304
0.8501, 3303
0.8504, 3302
0.8507, 3301
0.8511, 3300
0.8514, 3299
0.8517, 3298
0.8520, 3297
0.8524, 3296
0.8527, 3295
0.8530, 3294
0.8534, 3293
0.8538, 3292
0.8541, 3291
0.8544, 3290
0.8547, 3289
0.8550, 3288
0.8553, 3287
0.8556, 3286
0.8559, 3285
0.8563, 3284
0.8566, 3283
0.8569, 3282
0.8572, 3281
0.8575, 3280
0.8579, 3279
0.8582, 3278
0.8585, 3277
0.8588, 3276
0.8591, 3275
0.8594, 3274
0.8598, 3273
0.8600, 3272
0.8604, 3271
0.8607, 3270
0.8610, 3269
0.8614, 3268
0.8617, 3267
0.8620, 3266
0.8623, 3265
0.8626, 3264
0.8629, 3263
0.8633, 3262
0.8636, 3261
0.8638, 3260
0.8642, 3259
0.8645, 3258
0.8648, 3257
0.8651, 3256
0.8654, 3255
0.8657, 3254
0.8661, 3253
0.8663, 3252
0.8667, 3251
0.8670, 3250
0.8673, 3249
0.8676, 3248
0.8679, 3247
0.8682, 3246
0.8685, 3245
0.8688, 3244
0.8691, 3243
0.8694, 3242
0.8698, 3241
0.8701, 3240
0.8704, 3239
0.8707, 3238
0.8711, 3237
0.8714, 3236
0.8717, 3235
0.8720, 3234
0.8723, 3233
0.8726, 3232
0.8729, 3231
0.8732, 3230
0.8735, 3229
0.8738, 3228
0.8742, 3227
0.8745, 3226
0.8748, 3225
0.8751, 3224
0.8754, 3223
0.8757, 3222
0.8761, 3221
0.8764, 3220
0.8766, 3219
0.8769, 3218
0.8772, 3217
0.8775, 3216
0.8778, 3215
0.8781, 3214
0.8784, 3213
0.8787, 3212
0.8790, 3211
0.8793, 3210
0.8796, 3209
0.8799, 3208
0.8802, 3207
0.8805, 3206
0.8808, 3205
0.8812, 3204
0.8815, 3203
0.8819, 3202
0.8821, 3201
0.8825, 3200
0.8828, 3199
0.8831, 3198
0.8834, 3197
0.8837, 3196
0.8840, 3195
0.8843, 3194
0.8846, 3193
0.8849, 3192
0.8852, 3191
0.8855, 3190
0.8858, 3189
0.8861, 3188
0.8864, 3187
0.8867, 3186
0.8870, 3185
0.8873, 3184
0.8876, 3183
0.8880, 3182
0.8883, 3181
0.8886, 3180
0.8889, 3179
0.8891, 3178
0.8894, 3177
0.8897, 3176
0.8901, 3175
0.8904, 3174
0.8906, 3173
0.8909, 3172
0.8913, 3171
0.8916, 3170
0.8919, 3169
0.8922, 3168
0.8925, 3167
0.8928, 3166
0.8931, 3165
0.8934, 3164
0.8937, 3163
0.8940, 3162
0.8943, 3161
0.8946, 3160
0.8949, 3159
0.8951, 3158
0.8955, 3157
0.8958, 3156
0.8960, 3155
0.8963, 3154
0.8967, 3153
0.8970, 3152
0.8973, 3151
0.8976, 3150
0.8978, 3149
0.8981, 3148
0.8984, 3147
0.8987, 3146
0.8990, 3145
0.8993, 3144
0.8996, 3143
0.9000, 3142
0.9003, 3141
0.9006, 3140
0.9009, 3139
0.9012, 3138
0.9015, 3137
0.9019, 3136
0.9023, 3135
0.9026, 3134
0.9028, 3133
0.9031, 3132
0.9034, 3131
0.9037, 3130
0.9040, 3129
0.9043, 3128
0.9047, 3127
0.9050, 3126
0.9053, 3125
0.9056, 3124
0.9059, 3123
0.9062, 3122
0.9065, 3121
0.9068, 3120
0.9071, 3119
0.9074, 3118
0.9076, 3117
0.9079, 3116
0.9082, 3115
0.9085, 3114
0.9088, 3113
0.9091, 3112
0.9093, 3111
0.9096, 3110
0.9099, 3109
0.9102, 3108
0.9105, 3107
0.9107, 3106
0.9110, 3105
0.9113, 3104
0.9116, 3103
0.9119, 3102
0.9122, 3101
0.9125, 3100
0.9127, 3099
0.9130, 3098
0.9133, 3097
0.9136, 3096
0.9139, 3095
0.9141, 3094
0.9144, 3093
0.9147, 3092
0.9150, 3091
0.9153, 3090
0.9156, 3089
0.9159, 3088
0.9161, 3087
0.9164, 3086
0.9167, 3085
0.9170, 3084
0.9173, 3083
0.9175, 3082
0.9178, 3081
0.9181, 3080
0.9184, 3079
0.9187, 3078
0.9190, 3077
0.9193, 3076
0.9196, 3075
0.9199, 3074
0.9202, 3073
0.9205, 3072
0.9208, 3071
0.9211, 3070
0.9213, 3069
0.9216, 3068
0.9219, 3067
0.9222, 3066
0.9225, 3065
0.9228, 3064
0.9230, 3063
0.9233, 3062
0.9236, 3061
0.9239, 3060
0.9242, 3059
0.9245, 3058
0.9248, 3057
0.9251, 3056
0.9254, 3055
0.9256, 3054
0.9259, 3053
0.9262, 3052
0.9265, 3051
0.9268, 3050
0.9271, 3049
0.9274, 3048
0.9277, 3047
0.9280, 3046
0.9283, 3045
0.9287, 3044
0.9289, 3043
0.9292, 3042
0.9295, 3041
0.9298, 3040
0.9300, 3039
0.9303, 3038
0.9306, 3037
0.9309, 3036
0.9312, 3035
0.9314, 3034
0.9317, 3033
0.9320, 3032
0.9323, 3031
0.9325, 3030
0.9328, 3029
0.9331, 3028
0.9333, 3027
0.9336, 3026
0.9339, 3025
0.9342, 3024
0.9345, 3023
0.9348, 3022
0.9351, 3021
0.9354, 3020
0.9357, 3019
0.9360, 3018
0.9363, 3017
0.9366, 3016
0.9369, 3015
0.9372, 3014
0.9374, 3013
0.9377, 3012
0.9380, 3011
0.9383, 3010
0.9386, 3009
0.9389, 3008
0.9392, 3007
0.9395, 3006
0.9398, 3005
0.9401, 3004
0.9404, 3003
0.9406, 3002
0.9409, 3001
0.9412, 3000
0.9415, 2999
0.9417, 2998
0.9420, 2997
0.9423, 2996
0.9426, 2995
0.9428, 2994
0.9431, 2993
0.9434, 2992
0.9436, 2991
0.9439, 2990
0.9442, 2989
0.9445, 2988
0.9447, 2987
0.9450, 2986
0.9453, 2985
0.9455, 2984
0.9458, 2983
0.9461, 2982
0.9464, 2981
0.9466, 2980
0.9469, 2979
0.9472, 2978
0.9474, 2977
0.9477, 2976
0.9480, 2975
0.9483, 2974
0.9486, 2973
0.9488, 2972
0.9491, 2971
0.9494, 2970
0.9497, 2969
0.9500, 2968
0.9503, 2967
0.9506, 2966
0.9509, 2965
0.9512, 2964
0.9516, 2963
0.9519, 2962
0.9522, 2961
0.9524, 2960
0.9527, 2959
0.9530, 2958
0.9532, 2957
0.9535, 2956
0.9538, 2955
0.9541, 2954
0.9544, 2953
0.9547, 2952
0.9550, 2951
0.9553, 2950
0.9556, 2949
0.9560, 2948
0.9563, 2947
0.9565, 2946
0.9568, 2945
0.9571, 2944
0.9575, 2943
0.9577, 2942
0.9581, 2941
0.9583, 2940
0.9586, 2939
0.9589, 2938
0.9592, 2937
0.9595, 2936
0.9597, 2935
0.9600, 2934
0.9604, 2933
0.9607, 2932
0.9610, 2931
0.9612, 2930
0.9615, 2929
0.9619, 2928
0.9622, 2927
0.9625, 2926
0.9628, 2925
0.9631, 2924
0.9634, 2923
0.9637, 2922
0.9640, 2921
0.9644, 2920
0.9646, 2919
0.9649, 2918
0.9652, 2917
0.9655, 2916
0.9658, 2915
0.9661, 2914
0.9664, 2913
0.9667, 2912
0.9670, 2911
0.9673, 2910
0.9676, 2909
0.9679, 2908
0.9682, 2907
0.9685, 2906
0.9688, 2905
0.9691, 2904
0.9693, 2903
0.9696, 2902
0.9699, 2901
0.9702, 2900
0.9705, 2899
0.9707, 2898
0.9710, 2897
0.9713, 2896
0.9716, 2895
0.9719, 2894
0.9722, 2893
0.9725, 2892
0.9727, 2891
0.9731, 2890
0.9734, 2889
0.9737, 2888
0.9740, 2887
0.9743, 2886
0.9745, 2885
0.9748, 2884
0.9751, 2883
0.9754, 2882
0.9757, 2881
0.9760, 2880
0.9763, 2879
0.9766, 2878
0.9769, 2877
0.9771, 2876
0.9774, 2875
0.9777, 2874
0.9780, 2873
0.9782, 2872
0.9785, 2871
0.9788, 2870
0.9791, 2869
0.9794, 2868
0.9796, 2867
0.9799, 2866
0.9802, 2865
0.9805, 2864
0.9807, 2863
0.9810, 2862
0.9813, 2861
0.9816, 2860
0.9818, 2859
0.9821, 2858
0.9823, 2857
0.9826, 2856
0.9829, 2855
0.9832, 2854
0.9834, 2853
0.9837, 2852
0.9840, 2851
0.9842, 2850
0.9845, 2849
0.9848, 2848
0.9850, 2847
0.9853, 2846
0.9855, 2845
0.9858, 2844
0.9861, 2843
0.9865, 2842
0.9868, 2841
0.9872, 2840
0.9875, 2839
0.9878, 2838
0.9881, 2837
0.9883, 2836
0.9886, 2835
0.9889, 2834
0.9891, 2833
0.9894, 2832
0.9897, 2831
0.9900, 2830
0.9903, 2829
0.9906, 2828
0.9908, 2827
0.9912, 2826
0.9915, 2825
0.9918, 2824
0.9921, 2823
0.9924, 2822
0.9927, 2821
0.9930, 2820
0.9933, 2819
0.9936, 2818
0.9939, 2817
0.9942, 2816
0.9945, 2815
0.9948, 2814
0.9950, 2813
0.9953, 2812
0.9956, 2811
0.9958, 2810
0.9961, 2809
0.9964, 2808
0.9967, 2807
0.9970, 2806
0.9972, 2805
0.9975, 2804
0.9978, 2803
0.9981, 2802
0.9984, 2801
0.9987, 2800
0.9990, 2799
0.9993, 2798
0.9995, 2797
0.9998, 2796
1.0001, 2795
1.0004, 2794
1.0007, 2793
1.0009, 2792
1.0012, 2791
1.0015, 2790
1.0018, 2789
1.0020, 2788
1.0023, 2787
1.0026, 2786
1.0029, 2785
1.0032, 2784
1.0034, 2783
1.0037, 2782
1.0040, 2781
1.0042, 2780
1.0045, 2779
1.0047, 2778
1.0050, 2777
1.0053, 2776
1.0056, 2775
1.0058, 2774
1.0061, 2773
1.0063, 2772
1.0066, 2771
1.0069, 2770
1.0071, 2769
1.0074, 2768
1.0077, 2767
1.0079, 2766
1.0082, 2765
1.0085, 2764
1.0088, 2763
1.0091, 2762
1.0093, 2761
1.0096, 2760
1.0099, 2759
1.0101, 2758
1.0104, 2757
1.0106, 2756
1.0109, 2755
1.0112, 2754
1.0114, 2753
1.0117, 2752
1.0120, 2751
1.0123, 2750
1.0126, 2749
1.0129, 2748
1.0132, 2747
1.0135, 2746
1.0138, 2745
1.0140, 2744
1.0143, 2743
1.0146, 2742
1.0148, 2741
1.0151, 2740
1.0154, 2739
1.0156, 2738
1.0159, 2737
1.0162, 2736
1.0166, 2735
1.0168, 2734
1.0171, 2733
1.0174, 2732
1.0176, 2731
1.0179, 2730
1.0182, 2729
1.0185, 2728
1.0188, 2727
1.0190, 2726
1.0193, 2725
1.0196, 2724
1.0199, 2723
1.0201, 2722
1.0204, 2721
1.0207, 2720
1.0210, 2719
1.0212, 2718
1.0215, 2717
1.0218, 2716
1.0221, 2715
1.0223, 2714
1.0226, 2713
1.0229, 2712
1.0231, 2711
1.0234, 2710
1.0237, 2709
1.0240, 2708
1.0243, 2707
1.0245, 2706
1.0248, 2705
1.0250, 2704
1.0253, 2703
1.0256, 2702
1.0258, 2701
1.0261, 2700
1.0264, 2699
1.0266, 2698
1.0269, 2697
1.0272, 2696
1.0274, 2695
1.0277, 2694
1.0279, 2693
1.0282, 2692
1.0285, 2691
1.0287, 2690
1.0290, 2689
1.0293, 2688
1.0296, 2687
1.0299, 2686
1.0301, 2685
1.0304, 2684
1.0307, 2683
1.0310, 2682
1.0312, 2681
1.0315, 2680
1.0318, 2679
1.0320, 2678
1.0323, 2677
1.0326, 2676
1.0328, 2675
1.0331, 2674
1.0333, 2673
1.0336, 2672
1.0339, 2671
1.0343, 2670
1.0345, 2669
1.0349, 2668
1.0351, 2667
1.0354, 2666
1.0357, 2665
1.0359, 2664
1.0362, 2663
1.0364, 2662
1.0367, 2661
1.0370, 2660
1.0372, 2659
1.0375, 2658
1.0378, 2657
1.0380, 2656
1.0383, 2655
1.0386, 2654
1.0389, 2653
1.0391, 2652
1.0394, 2651
1.0397, 2650
1.0399, 2649
1.0402, 2648
1.0405, 2647
1.0407, 2646
1.0410, 2645
1.0412, 2644
1.0415, 2643
1.0417, 2642
1.0420, 2641
1.0422, 2640
1.0425, 2639
1.0427, 2638
1.0430, 2637
1.0432, 2636
1.0435, 2635
1.0437, 2634
1.0440, 2633
1.0442, 2632
1.0445, 2631
1.0447, 2630
1.0450, 2629
1.0452, 2628
1.0455, 2627
1.0457, 2626
1.0460, 2625
1.0462, 2624
1.0465, 2623
1.0468, 2622
1.0470, 2621
1.0473, 2620
1.0476, 2619
1.0478, 2618
1.0481, 2617
1.0483, 2616
1.0486, 2615
1.0488, 2614
1.0491, 2613
1.0493, 2612
1.0496, 2611
1.0499, 2610
1.0501, 2609
1.0504, 2608
1.0506, 2607
1.0509, 2606
1.0511, 2605
1.0514, 2604
1.0516, 2603
1.0519, 2602
1.0521, 2601
1.0524, 2600
1.0527, 2599
1.0529, 2598
1.0532, 2597
1.0535, 2596
1.0537, 2595
1.0540, 2594
1.0542, 2593
1.0545, 2592
1.0547, 2591
1.0550, 2590
1.0552, 2589
1.0555, 2588
1.0557, 2587
1.0560, 2586
1.0563, 2585
1.0565, 2584
1.0568, 2583
1.0570, 2582
1.0573, 2581
1.0575, 2580
1.0578, 2579
1.0580, 2578
1.0583, 2577
1.0586, 2576
1.0588, 2575
1.0591, 2574
1.0593, 2573
1.0596, 2572
1.0599, 2571
1.0601, 2570
1.0604, 2569
1.0606, 2568
1.0609, 2567
1.0611, 2566
1.0614, 2565
1.0618, 2564
1.0662, 2563
1.0745, 2562
1.0748, 2561
1.0750, 2560
1.0892, 2559
1.0894, 2558
1.0979, 2557
1.0981, 2556
1.1083, 2555
1.1227, 2554
1.1309, 2553
1.1614, 2552
1.1617, 2551
1.1661, 2550
1.1806, 2549
1.1850, 2548
1.1852, 2547
1.1976, 2546
1.1979, 2545
1.2082, 2544
1.2085, 2543
1.2275, 2542
1.2277, 2541
1.2321, 2540
1.2343, 2539
1.2345, 2538
1.2347, 2537
1.2411, 2536
1.2480, 2535
1.2483, 2534
1.2651, 2533
1.2734, 2532
1.2820, 2531
1.2822, 2530
1.2886, 2529
1.2970, 2528
1.2973, 2527
1.2996, 2526
1.3080, 2525
1.3347, 2524
1.3452, 2523
1.3474, 2522
1.3477, 2521
1.3561, 2520
1.3604, 2519
1.3607, 2518
1.3630, 2517
1.3693, 2516
1.3696, 2515
1.3739, 2514
1.3802, 2513
1.3804, 2512
1.3806, 2511
1.3808, 2510
1.3914, 2509
1.3979, 2508
1.4577, 2507
1.4702, 2506
1.4705, 2505
1.5016, 2504
1.5125, 2503
1.5128, 2502
1.5315, 2501
1.5317, 2500
1.5463, 2499
1.5546, 2498
1.5630, 2497
1.5857, 2496
1.6151, 2495
1.6216, 2494
1.6219, 2493
1.6242, 2492
1.6244, 2491
1.6288, 2490
1.6393, 2489
1.6437, 2488
1.6439, 2487
1.6544, 2486
1.6587, 2485
1.6589, 2484
1.6591, 2483
1.6594, 2482
1.6596, 2481
1.6680, 2480
1.6683, 2479
1.6685, 2478
1.6811, 2477
1.6814, 2476
1.6816, 2475
1.7045, 2474
1.7048, 2473
1.7173, 2472
1.7216, 2471
1.7260, 2470
1.7324, 2469
1.7368, 2468
1.7370, 2467
1.7372, 2466
1.7375, 2465
1.7562, 2464
1.7689, 2463
1.7732, 2462
1.7734, 2461
1.7737, 2460
1.7739, 2459
1.7933, 2458
1.8038, 2457
1.8146, 2456
1.8313, 2455
1.8316, 2454
1.8401, 2453
1.8403, 2452
1.8426, 2451
1.8469, 2450
1.8573, 2449
1.8576, 2448
1.8702, 2447
1.8827, 2446
1.8954, 2445
1.8956, 2444
1.9082, 2443
1.9228, 2442
1.9415, 2441
1.9459, 2440
1.9584, 2439
1.9627, 2438
1.9896, 2437
2.0083, 2436
2.0188, 2435
2.0190, 2434
2.0378, 2433
2.0485, 2432
2.0529, 2431
2.0615, 2430
2.0926, 2429
2.0969, 2428
2.1115, 2427
2.1220, 2426
2.1243, 2425
2.1616, 2424
2.1660, 2423
2.1974, 2422
2.2080, 2421
2.2082, 2420
2.2084, 2419
2.2334, 2418
2.2336, 2417
2.2421, 2416
2.2505, 2415
2.2758, 2414
2.2760, 2413
2.2969, 2412
2.3054, 2411
2.3204, 2410
2.3289, 2409
2.3312, 2408
2.3375, 2407
2.3460, 2406
2.3462, 2405
2.3485, 2404
2.3488, 2403
2.3592, 2402
2.3594, 2401
2.3638, 2400
2.3640, 2399
2.3643, 2398
2.3727, 2397
2.3913, 2396
2.4037, 2395
2.4080, 2394
2.4082, 2393
2.4105, 2392
2.4107, 2391
2.4170, 2390
2.4276, 2389
2.4278, 2388
2.4363, 2387
2.4365, 2386
2.4367, 2385
2.4596, 2384
2.4619, 2383
2.4662, 2382
2.4664, 2381
2.4728, 2380
2.4730, 2379
2.4814, 2378
2.4816, 2377
2.4818, 2376
2.4861, 2375
2.4863, 2374
2.4907, 2373
2.4950, 2372
2.4973, 2371
2.5036, 2370
2.5039, 2369
2.5041, 2368
2.5206, 2367
2.5208, 2366
2.5252, 2365
2.5317, 2364
2.5319, 2363
2.5321, 2362
2.5386, 2361
2.5388, 2360
2.5391, 2359
2.5393, 2358
2.5395, 2357
2.5397, 2356
2.5606, 2355
2.5609, 2354
2.5632, 2353
2.5634, 2352
2.5740, 2351
2.5742, 2350
2.5744, 2349
2.5746, 2348
2.5790, 2347
2.5813, 2346
2.5960, 2345
2.6023, 2344
2.6148, 2343
2.6150, 2342
2.6172, 2341
2.6338, 2340
2.6442, 2339
2.6566, 2338
2.6752, 2337
2.6754, 2336
2.6757, 2335
2.6963, 2334
2.6965, 2333
2.6967, 2332
2.7010, 2331
2.7155, 2330
2.7402, 2329
2.7405, 2328
2.7407, 2327
2.7490, 2326
2.7533, 2325
2.7535, 2324
2.7598, 2323
2.7600, 2322
2.7969, 2321
2.7971, 2320
2.8345, 2319
2.8966, 2318
2.8989, 2317
2.9012, 2316
2.9055, 2315
2.9057, 2314
2.9080, 2313
2.9122, 2312
2.9124, 2311
2.9167, 2310
2.9353, 2309
2.9395, 2308
2.9458, 2307
2.9460, 2306
2.9503, 2305
2.9505, 2304
2.9651, 2303
2.9653, 2302
2.9739, 2301
2.9742, 2300
2.9783, 2299
2.9872, 2298
2.9937, 2297
2.9939, 2296
3.0004, 2295
3.0006, 2294
3.0049, 2293
3.0051, 2292
3.0135, 2291
3.0178, 2290
3.0302, 2289
3.0386, 2288
3.0470, 2287
3.0472, 2286
3.0575, 2285
3.0577, 2284
3.0600, 2283
3.0602, 2282
3.0747, 2281
3.0830, 2280
3.0975, 2279
3.1212, 2278
3.1259, 2277
3.1346, 2276
3.1654, 2275
3.1760, 2274
3.1763, 2273
3.1765, 2272
3.1767, 2271
3.1769, 2270
3.1812, 2269
3.1814, 2268
3.1898, 2267
3.1921, 2266
3.1923, 2265
3.2027, 2264
3.2090, 2263
3.2154, 2262
3.2197, 2261
3.2302, 2260
3.2371, 2259
3.2374, 2258
3.2525, 2257
3.2616, 2256
3.2700, 2255
3.2764, 2254
3.2809, 2253
3.2812, 2252
3.2814, 2251
3.3027, 2250
3.3154, 2249
3.3156, 2248
3.3240, 2247
3.3325, 2246
3.3414, 2245
3.3575, 2244
3.3662, 2243
3.3770, 2242
3.3772, 2241
3.3986, 2240
3.4030, 2239
3.4199, 2238
3.4244, 2237
3.4289, 2236
3.4333, 2235
3.4418, 2234
3.4420, 2233
3.4589, 2232
3.4674, 2231
3.4676, 2230
3.4718, 2229
3.4761, 2228
3.4823, 2227
3.5051, 2226
3.5053, 2225
3.5096, 2224
3.5385, 2223
3.7032, 2222
3.7361, 2221
3.7487, 2220
3.7633, 2219
3.7696, 2218
3.7739, 2217
3.8068, 2216
3.8561, 2215
3.9174, 2214
3.9566, 2213
3.9609, 2212
4.0288, 2211
