0.0314, 2281
0.0412, 2280
0.0855, 2279
0.1286, 2278
0.2240, 2277
0.2301, 2275
0.2635, 2274
0.3065, 2273
0.3158, 2272
0.3373, 2271
0.3594, 2270
0.3750, 2267
0.3813, 2266
0.4856, 2264
0.4890, 2263
0.5202, 2262
0.5752, 2261
0.5844, 2259
0.6060, 2258
0.6735, 2257
0.6979, 2256
0.7582, 2255
0.8036, 2254
0.8247, 2253
0.8492, 2252
0.8615, 2251
0.9016, 2250
0.9562, 2249
1.0137, 2248
1.1134, 2247
1.1196, 2245
1.1954, 2244
1.2015, 2243
1.3014, 2241
1.3229, 2240
1.3321, 2239
1.3654, 2238
1.5420, 2237
1.6009, 2236
1.6921, 2235
1.7438, 2234
1.7892, 2233
2.2187, 2232
2.5006, 2231
2.5098, 2229
2.5402, 2228
2.5859, 2227
2.5951, 2226
2.6649, 2225
2.7869, 2224
3.0851, 2221
