0.0376, 2281
0.1018, 2279
0.1180, 2278
0.1372, 2277
0.1531, 2276
0.1909, 2275
0.2272, 2274
0.2448, 2272
0.3290, 2270
0.3876, 2269
0.4014, 2268
0.4611, 2265
0.4732, 2264
0.4764, 2263
0.4925, 2262
0.5371, 2261
0.5627, 2260
0.5660, 2259
0.5824, 2258
0.6237, 2257
0.8222, 2256
0.8551, 2255
0.8714, 2254
0.8908, 2251
0.9104, 2250
1.0131, 2247
1.0628, 2246
1.0688, 2245
1.1114, 2244
1.2053, 2243
1.2483, 2242
1.5016, 2241
1.5910, 2240
1.6041, 2238
1.6571, 2237
1.7774, 2236
1.8860, 2235
1.8957, 2234
2.0269, 2233
2.0917, 2232
2.1339, 2231
2.3254, 2230
2.7968, 2229
3.0382, 2228
3.2200, 2227
3.3523, 2226
