0.0198, 2281
0.1287, 2280
0.1385, 2279
0.1579, 2277
0.1772, 2276
0.2264, 2275
0.2385, 2274
0.3109, 2273
0.3626, 2272
0.4303, 2270
0.4792, 2269
0.5097, 2268
0.5862, 2267
0.6560, 2266
0.6623, 2264
0.6927, 2262
0.6960, 2261
0.7204, 2260
0.7326, 2259
0.7841, 2258
0.8358, 2257
0.8755, 2256
0.8912, 2255
0.9441, 2252
0.9943, 2251
1.0671, 2248
1.1106, 2247
1.1137, 2246
1.1411, 2245
1.1443, 2244
1.1656, 2243
1.2145, 2242
1.2941, 2241
1.2972, 2240
1.3335, 2239
1.3791, 2238
1.3823, 2237
1.4431, 2236
1.4768, 2235
1.4829, 2234
1.4891, 2233
1.5046, 2232
1.5108, 2231
1.6366, 2230
1.6522, 2229
1.7194, 2228
1.7471, 2227
1.7563, 2226
1.8795, 2225
2.0321, 2224
2.0474, 2223
2.4351, 2222
2.7773, 2221
3.0426, 2220
