0.0331, 2281
0.0790, 2280
0.1616, 2279
0.1975, 2277
0.2317, 2274
0.2380, 2273
0.2832, 2272
0.3107, 2271
0.4215, 2270
0.4732, 2269
0.5038, 2268
0.5680, 2267
0.6514, 2265
0.6576, 2264
0.6732, 2263
0.6949, 2261
0.7101, 2260
0.7436, 2258
0.7529, 2256
0.8675, 2255
0.8737, 2254
0.8802, 2253
1.0489, 2252
1.0647, 2251
1.0711, 2250
1.1300, 2249
1.1867, 2248
1.2326, 2247
1.2542, 2246
1.3430, 2245
1.3552, 2244
1.4020, 2243
1.4231, 2242
1.4544, 2241
1.4733, 2240
1.5167, 2239
1.6103, 2238
1.7821, 2237
1.7947, 2236
1.8632, 2235
2.0010, 2234
2.2353, 2232
2.3097, 2231
2.4022, 2230
2.4115, 2229
2.4889, 2227
2.6285, 2226
2.8838, 2225
2.9023, 2224
3.0725, 2223
3.1095, 2222
