0.0352, 2281
0.0434, 2280
0.0997, 2279
0.2245, 2276
0.2337, 2275
0.2735, 2274
0.2867, 2273
0.2898, 2272
0.3886, 2271
0.4482, 2269
0.4761, 2268
0.5321, 2267
0.5564, 2266
0.5656, 2265
0.5997, 2262
0.6212, 2261
0.6426, 2260
0.6519, 2258
0.6852, 2257
0.7340, 2256
0.8314, 2255
0.8781, 2252
0.8971, 2250
0.9130, 2249
0.9162, 2248
0.9193, 2247
0.9437, 2246
1.0902, 2245
1.1055, 2244
1.1759, 2243
1.1882, 2242
1.2070, 2241
1.3283, 2240
1.7159, 2238
1.7190, 2237
1.7283, 2234
1.8445, 2233
1.9540, 2232
2.1213, 2231
2.1488, 2230
2.2955, 2229
