0.6483, 3931
0.6487, 3930
0.6490, 3929
0.6493, 3928
0.6497, 3927
0.6500, 3926
0.6504, 3925
0.6507, 3924
0.6510, 3923
0.6514, 3922
0.6517, 3921
0.6520, 3920
0.6523, 3919
0.6527, 3918
0.6530, 3917
0.6533, 3916
0.6537, 3915
0.6540, 3914
0.6543, 3913
0.6546, 3912
0.6550, 3911
0.6553, 3910
0.6556, 3909
0.6559, 3908
0.6563, 3907
0.6566, 3906
0.6569, 3905
0.6573, 3904
0.6576, 3903
0.6580, 3902
0.6583, 3901
0.6586, 3900
0.6589, 3899
0.6593, 3898
0.6596, 3897
0.6600, 3896
0.6603, 3895
0.6607, 3894
0.6610, 3893
0.6614, 3892
0.6617, 3891
0.6621, 3890
0.6624, 3889
0.6627, 3888
0.6631, 3887
0.6634, 3886
0.6637, 3885
0.6640, 3884
0.6644, 3883
0.6647, 3882
0.6651, 3881
0.6654, 3880
0.6657, 3879
0.6661, 3878
0.6664, 3877
0.6667, 3876
0.6671, 3875
0.6674, 3874
0.6677, 3873
0.6680, 3872
0.6684, 3871
0.6687, 3870
0.6690, 3869
0.6693, 3868
0.6697, 3867
0.6700, 3866
0.6703, 3865
0.6707, 3864
0.6710, 3863
0.6713, 3862
0.6716, 3861
0.6720, 3860
0.6723, 3859
0.6726, 3858
0.6730, 3857
0.6733, 3856
0.6736, 3855
0.6739, 3854
0.6743, 3853
0.6746, 3852
0.6749, 3851
0.6752, 3850
0.6756, 3849
0.6759, 3848
0.6763, 3847
0.6766, 3846
0.6770, 3845
0.6773, 3844
0.6777, 3843
0.6780, 3842
0.6784, 3841
0.6787, 3840
0.6791, 3839
0.6794, 3838
0.6797, 3837
0.6801, 3836
0.6804, 3835
0.6808, 3834
0.6811, 3833
0.6814, 3832
0.6818, 3831
0.6821, 3830
0.6824, 3829
0.6828, 3828
0.6831, 3827
0.6835, 3826
0.6838, 3825
0.6841, 3824
0.6844, 3823
0.6848, 3822
0.6851, 3821
0.6854, 3820
0.6857, 3819
0.6861, 3818
0.6864, 3817
0.6867, 3816
0.6871, 3815
0.6874, 3814
0.6877, 3813
0.6881, 3812
0.6884, 3811
0.6887, 3810
0.6890, 3809
0.6894, 3808
0.6897, 3807
0.6900, 3806
0.6904, 3805
0.6907, 3804
0.6910, 3803
0.6914, 3802
0.6917, 3801
0.6920, 3800
0.6924, 3799
0.6927, 3798
0.6931, 3797
0.6935, 3796
0.6938, 3795
0.6941, 3794
0.6944, 3793
0.6948, 3792
0.6951, 3791
0.6955, 3790
0.6958, 3789
0.6961, 3788
0.6965, 3787
0.6968, 3786
0.6971, 3785
0.6975, 3784
0.6978, 3783
0.6981, 3782
0.6984, 3781
0.6988, 3780
0.6992, 3779
0.6995, 3778
0.6998, 3777
0.7001, 3776
0.7005, 3775
0.7008, 3774
0.7011, 3773
0.7014, 3772
0.7018, 3771
0.7021, 3770
0.7024, 3769
0.7027, 3768
0.7031, 3767
0.7034, 3766
0.7037, 3765
0.7041, 3764
0.7044, 3763
0.7047, 3762
0.7050, 3761
0.7054, 3760
0.7057, 3759
0.7060, 3758
0.7064, 3757
0.7067, 3756
0.7070, 3755
0.7073, 3754
0.7077, 3753
0.7080, 3752
0.7084, 3751
0.7087, 3750
0.7090, 3749
0.7094, 3748
0.7097, 3747
0.7100, 3746
0.7104, 3745
0.7107, 3744
0.7110, 3743
0.7113, 3742
0.7117, 3741
0.7120, 3740
0.7123, 3739
0.7126, 3738
0.7130, 3737
0.7133, 3736
0.7136, 3735
0.7139, 3734
0.7143, 3733
0.7146, 3732
0.7149, 3731
0.7152, 3730
0.7155, 3729
0.7159, 3728
0.7162, 3727
0.7165, 3726
0.7168, 3725
0.7171, 3724
0.7175, 3723
0.7178, 3722
0.7181, 3721
0.7185, 3720
0.7188, 3719
0.7191, 3718
0.7194, 3717
0.7198, 3716
0.7201, 3715
0.7204, 3714
0.7207, 3713
0.7211, 3712
0.7214, 3711
0.7217, 3710
0.7220, 3709
0.7224, 3708
0.7227, 3707
0.7230, 3706
0.7234, 3705
0.7237, 3704
0.7240, 3703
0.7243, 3702
0.7247, 3701
0.7250, 3700
0.7254, 3699
0.7258, 3698
0.7261, 3697
0.7264, 3696
0.7267, 3695
0.7271, 3694
0.7274, 3693
0.7277, 3692
0.7280, 3691
0.7284, 3690
0.7287, 3689
0.7291, 3688
0.7294, 3687
0.7297, 3686
0.7301, 3685
0.7305, 3684
0.7308, 3683
0.7312, 3682
0.7315, 3681
0.7319, 3680
0.7322, 3679
0.7325, 3678
0.7328, 3677
0.7331, 3676
0.7334, 3675
0.7338, 3674
0.7341, 3673
0.7344, 3672
0.7347, 3671
0.7351, 3670
0.7354, 3669
0.7357, 3668
0.7361, 3667
0.7365, 3666
0.7368, 3665
0.7371, 3664
0.7374, 3663
0.7378, 3662
0.7381, 3661
0.7384, 3660
0.7387, 3659
0.7391, 3658
0.7394, 3657
0.7397, 3656
0.7400, 3655
0.7404, 3654
0.7407, 3653
0.7410, 3652
0.7414, 3651
0.7417, 3650
0.7421, 3649
0.7424, 3648
0.7427, 3647
0.7430, 3646
0.7434, 3645
0.7437, 3644
0.7441, 3643
0.7444, 3642
0.7447, 3641
0.7450, 3640
0.7454, 3639
0.7457, 3638
0.7460, 3637
0.7463, 3636
0.7466, 3635
0.7470, 3634
0.7473, 3633
0.7476, 3632
0.7479, 3631
0.7482, 3630
0.7486, 3629
0.7489, 3628
0.7492, 3627
0.7495, 3626
0.7498, 3625
0.7502, 3624
0.7505, 3623
0.7508, 3622
0.7511, 3621
0.7514, 3620
0.7518, 3619
0.7521, 3618
0.7524, 3617
0.7527, 3616
0.7530, 3615
0.7533, 3614
0.7537, 3613
0.7540, 3612
0.7543, 3611
0.7547, 3610
0.7550, 3609
0.7553, 3608
0.7556, 3607
0.7559, 3606
0.7563, 3605
0.7566, 3604
0.7569, 3603
0.7572, 3602
0.7575, 3601
0.7578, 3600
0.7581, 3599
0.7585, 3598
0.7588, 3597
0.7591, 3596
0.7594, 3595
0.7597, 3594
0.7600, 3593
0.7604, 3592
0.7607, 3591
0.7610, 3590
0.7613, 3589
0.7616, 3588
0.7619, 3587
0.7622, 3586
0.7626, 3585
0.7629, 3584
0.7632, 3583
0.7635, 3582
0.7639, 3581
0.7642, 3580
0.7645, 3579
0.7648, 3578
0.7651, 3577
0.7655, 3576
0.7658, 3575
0.7661, 3574
0.7664, 3573
0.7667, 3572
0.7670, 3571
0.7673, 3570
0.7677, 3569
0.7680, 3568
0.7683, 3567
0.7686, 3566
0.7689, 3565
0.7692, 3564
0.7695, 3563
0.7699, 3562
0.7702, 3561
0.7705, 3560
0.7708, 3559
0.7711, 3558
0.7714, 3557
0.7717, 3556
0.7720, 3555
0.7724, 3554
0.7727, 3553
0.7730, 3552
0.7733, 3551
0.7737, 3550
0.7740, 3549
0.7743, 3548
0.7747, 3547
0.7750, 3546
0.7753, 3545
0.7756, 3544
0.7759, 3543
0.7762, 3542
0.7765, 3541
0.7768, 3540
0.7772, 3539
0.7775, 3538
0.7778, 3537
0.7781, 3536
0.7784, 3535
0.7787, 3534
0.7790, 3533
0.7793, 3532
0.7797, 3531
0.7800, 3530
0.7803, 3529
0.7806, 3528
0.7809, 3527
0.7812, 3526
0.7815, 3525
0.7818, 3524
0.7821, 3523
0.7825, 3522
0.7828, 3521
0.7831, 3520
0.7834, 3519
0.7837, 3518
0.7840, 3517
0.7843, 3516
0.7846, 3515
0.7849, 3514
0.7853, 3513
0.7856, 3512
0.7859, 3511
0.7862, 3510
0.7865, 3509
0.7868, 3508
0.7871, 3507
0.7874, 3506
0.7877, 3505
0.7880, 3504
0.7884, 3503
0.7887, 3502
0.7890, 3501
0.7893, 3500
0.7896, 3499
0.7900, 3498
0.7903, 3497
0.7906, 3496
0.7909, 3495
0.7912, 3494
0.7915, 3493
0.7918, 3492
0.7921, 3491
0.7924, 3490
0.7928, 3489
0.7931, 3488
0.7934, 3487
0.7937, 3486
0.7940, 3485
0.7943, 3484
0.7946, 3483
0.7949, 3482
0.7952, 3481
0.7955, 3480
0.7958, 3479
0.7961, 3478
0.7964, 3477
0.7967, 3476
0.7970, 3475
0.7974, 3474
0.7977, 3473
0.7980, 3472
0.7983, 3471
0.7986, 3470
0.7989, 3469
0.7992, 3468
0.7995, 3467
0.7998, 3466
0.8001, 3465
0.8004, 3464
0.8008, 3463
0.8011, 3462
0.8014, 3461
0.8017, 3460
0.8020, 3459
0.8023, 3458
0.8026, 3457
0.8029, 3456
0.8032, 3455
0.8035, 3454
0.8038, 3453
0.8041, 3452
0.8044, 3451
0.8047, 3450
0.8050, 3449
0.8054, 3448
0.8056, 3447
0.8059, 3446
0.8063, 3445
0.8066, 3444
0.8069, 3443
0.8072, 3442
0.8075, 3441
0.8078, 3440
0.8081, 3439
0.8085, 3438
0.8088, 3437
0.8091, 3436
0.8094, 3435
0.8097, 3434
0.8100, 3433
0.8103, 3432
0.8106, 3431
0.8109, 3430
0.8112, 3429
0.8115, 3428
0.8118, 3427
0.8121, 3426
0.8124, 3425
0.8127, 3424
0.8130, 3423
0.8133, 3422
0.8136, 3421
0.8139, 3420
0.8142, 3419
0.8145, 3418
0.8148, 3417
0.8151, 3416
0.8154, 3415
0.8157, 3414
0.8160, 3413
0.8163, 3412
0.8166, 3411
0.8169, 3410
0.8172, 3409
0.8175, 3408
0.8178, 3407
0.8181, 3406
0.8184, 3405
0.8187, 3404
0.8190, 3403
0.8193, 3402
0.8196, 3401
0.8199, 3400
0.8202, 3399
0.8205, 3398
0.8208, 3397
0.8211, 3396
0.8214, 3395
0.8218, 3394
0.8221, 3393
0.8224, 3392
0.8227, 3391
0.8230, 3390
0.8233, 3389
0.8236, 3388
0.8239, 3387
0.8242, 3386
0.8245, 3385
0.8248, 3384
0.8251, 3383
0.8254, 3382
0.8257, 3381
0.8261, 3380
0.8264, 3379
0.8267, 3378
0.8270, 3377
0.8273, 3376
0.8276, 3375
0.8279, 3374
0.8282, 3373
0.8285, 3372
0.8288, 3371
0.8291, 3370
0.8294, 3369
0.8298, 3368
0.8301, 3367
0.8304, 3366
0.8306, 3365
0.8309, 3364
0.8312, 3363
0.8316, 3362
0.8319, 3361
0.8321, 3360
0.8325, 3359
0.8328, 3358
0.8331, 3357
0.8334, 3356
0.8337, 3355
0.8340, 3354
0.8343, 3353
0.8347, 3352
0.8350, 3351
0.8353, 3350
0.8356, 3349
0.8359, 3348
0.8362, 3347
0.8365, 3346
0.8368, 3345
0.8371, 3344
0.8374, 3343
0.8377, 3342
0.8380, 3341
0.8383, 3340
0.8386, 3339
0.8389, 3338
0.8392, 3337
0.8395, 3336
0.8398, 3335
0.8401, 3334
0.8404, 3333
0.8407, 3332
0.8410, 3331
0.8413, 3330
0.8416, 3329
0.8419, 3328
0.8422, 3327
0.8425, 3326
0.8428, 3325
0.8431, 3324
0.8434, 3323
0.8437, 3322
0.8440, 3321
0.8443, 3320
0.8446, 3319
0.8450, 3318
0.8453, 3317
0.8457, 3316
0.8459, 3315
0.8463, 3314
0.8466, 3313
0.8469, 3312
0.8472, 3311
0.8475, 3310
0.8478, 3309
0.8481, 3308
0.8484, 3307
0.8488, 3306
0.8491, 3305
0.8494, 3304
0.8497, 3303
0.8500, 3302
0.8503, 3301
0.8507, 3300
0.8510, 3299
0.8513, 3298
0.8516, 3297
0.8519, 3296
0.8522, 3295
0.8526, 3294
0.8529, 3293
0.8532, 3292
0.8535, 3291
0.8538, 3290
0.8541, 3289
0.8544, 3288
0.8547, 3287
0.8550, 3286
0.8553, 3285
0.8557, 3284
0.8560, 3283
0.8563, 3282
0.8567, 3281
0.8570, 3280
0.8573, 3279
0.8576, 3278
0.8579, 3277
0.8582, 3276
0.8585, 3275
0.8589, 3274
0.8593, 3273
0.8596, 3272
0.8600, 3271
0.8602, 3270
0.8606, 3269
0.8609, 3268
0.8612, 3267
0.8615, 3266
0.8618, 3265
0.8621, 3264
0.8624, 3263
0.8627, 3262
0.8630, 3261
0.8633, 3260
0.8636, 3259
0.8639, 3258
0.8642, 3257
0.8645, 3256
0.8648, 3255
0.8651, 3254
0.8654, 3253
0.8657, 3252
0.8660, 3251
0.8663, 3250
0.8666, 3249
0.8669, 3248
0.8672, 3247
0.8675, 3246
0.8678, 3245
0.8682, 3244
0.8685, 3243
0.8688, 3242
0.8692, 3241
0.8695, 3240
0.8698, 3239
0.8702, 3238
0.8705, 3237
0.8708, 3236
0.8711, 3235
0.8714, 3234
0.8717, 3233
0.8721, 3232
0.8724, 3231
0.8727, 3230
0.8730, 3229
0.8734, 3228
0.8737, 3227
0.8741, 3226
0.8744, 3225
0.8747, 3224
0.8750, 3223
0.8753, 3222
0.8757, 3221
0.8760, 3220
0.8763, 3219
0.8766, 3218
0.8770, 3217
0.8773, 3216
0.8777, 3215
0.8780, 3214
0.8783, 3213
0.8787, 3212
0.8790, 3211
0.8793, 3210
0.8797, 3209
0.8801, 3208
0.8805, 3207
0.8809, 3206
0.8813, 3205
0.8816, 3204
0.8820, 3203
0.8824, 3202
0.8827, 3201
0.8830, 3200
0.8833, 3199
0.8838, 3198
0.8841, 3197
0.8844, 3196
0.8847, 3195
0.8850, 3194
0.8853, 3193
0.8857, 3192
0.8859, 3191
0.8863, 3190
0.8866, 3189
0.8868, 3188
0.8872, 3187
0.8875, 3186
0.8878, 3185
0.8881, 3184
0.8884, 3183
0.8887, 3182
0.8890, 3181
0.8893, 3180
0.8895, 3179
0.8898, 3178
0.8901, 3177
0.8904, 3176
0.8907, 3175
0.8911, 3174
0.8914, 3173
0.8917, 3172
0.8920, 3171
0.8923, 3170
0.8926, 3169
0.8929, 3168
0.8932, 3167
0.8935, 3166
0.8939, 3165
0.8942, 3164
0.8945, 3163
0.8948, 3162
0.8951, 3161
0.8955, 3160
0.8957, 3159
0.8960, 3158
0.8963, 3157
0.8966, 3156
0.8969, 3155
0.8972, 3154
0.8975, 3153
0.8978, 3152
0.8981, 3151
0.8984, 3150
0.8987, 3149
0.8989, 3148
0.8992, 3147
0.8995, 3146
0.8999, 3145
0.9002, 3144
0.9005, 3143
0.9008, 3142
0.9011, 3141
0.9014, 3140
0.9018, 3139
0.9021, 3138
0.9024, 3137
0.9027, 3136
0.9030, 3135
0.9033, 3134
0.9036, 3133
0.9039, 3132
0.9042, 3131
0.9045, 3130
0.9048, 3129
0.9051, 3128
0.9055, 3127
0.9058, 3126
0.9060, 3125
0.9063, 3124
0.9066, 3123
0.9069, 3122
0.9072, 3121
0.9075, 3120
0.9078, 3119
0.9081, 3118
0.9084, 3117
0.9087, 3116
0.9089, 3115
0.9092, 3114
0.9095, 3113
0.9098, 3112
0.9101, 3111
0.9104, 3110
0.9107, 3109
0.9110, 3108
0.9113, 3107
0.9117, 3106
0.9120, 3105
0.9123, 3104
0.9126, 3103
0.9128, 3102
0.9131, 3101
0.9134, 3100
0.9137, 3099
0.9140, 3098
0.9142, 3097
0.9145, 3096
0.9148, 3095
0.9151, 3094
0.9154, 3093
0.9157, 3092
0.9160, 3091
0.9162, 3090
0.9165, 3089
0.9168, 3088
0.9171, 3087
0.9174, 3086
0.9176, 3085
0.9179, 3084
0.9182, 3083
0.9185, 3082
0.9188, 3081
0.9191, 3080
0.9194, 3079
0.9197, 3078
0.9200, 3077
0.9203, 3076
0.9206, 3075
0.9209, 3074
0.9212, 3073
0.9215, 3072
0.9218, 3071
0.9220, 3070
0.9223, 3069
0.9226, 3068
0.9229, 3067
0.9232, 3066
0.9235, 3065
0.9237, 3064
0.9240, 3063
0.9243, 3062
0.9246, 3061
0.9249, 3060
0.9251, 3059
0.9254, 3058
0.9257, 3057
0.9260, 3056
0.9263, 3055
0.9266, 3054
0.9269, 3053
0.9272, 3052
0.9275, 3051
0.9278, 3050
0.9281, 3049
0.9284, 3048
0.9288, 3047
0.9291, 3046
0.9294, 3045
0.9296, 3044
0.9299, 3043
0.9302, 3042
0.9305, 3041
0.9307, 3040
0.9310, 3039
0.9313, 3038
0.9316, 3037
0.9319, 3036
0.9321, 3035
0.9324, 3034
0.9327, 3033
0.9329, 3032
0.9332, 3031
0.9335, 3030
0.9338, 3029
0.9341, 3028
0.9343, 3027
0.9346, 3026
0.9350, 3025
0.9352, 3024
0.9355, 3023
0.9358, 3022
0.9361, 3021
0.9363, 3020
0.9366, 3019
0.9369, 3018
0.9372, 3017
0.9375, 3016
0.9377, 3015
0.9380, 3014
0.9383, 3013
0.9386, 3012
0.9389, 3011
0.9392, 3010
0.9395, 3009
0.9397, 3008
0.9400, 3007
0.9403, 3006
0.9406, 3005
0.9408, 3004
0.9411, 3003
0.9414, 3002
0.9417, 3001
0.9420, 3000
0.9422, 2999
0.9425, 2998
0.9428, 2997
0.9431, 2996
0.9433, 2995
0.9436, 2994
0.9439, 2993
0.9441, 2992
0.9444, 2991
0.9447, 2990
0.9450, 2989
0.9453, 2988
0.9456, 2987
0.9459, 2986
0.9461, 2985
0.9464, 2984
0.9467, 2983
0.9469, 2982
0.9472, 2981
0.9475, 2980
0.9478, 2979
0.9481, 2978
0.9483, 2977
0.9486, 2976
0.9489, 2975
0.9492, 2974
0.9494, 2973
0.9497, 2972
0.9500, 2971
0.9503, 2970
0.9506, 2969
0.9509, 2968
0.9512, 2967
0.9514, 2966
0.9517, 2965
0.9520, 2964
0.9523, 2963
0.9525, 2962
0.9528, 2961
0.9530, 2960
0.9533, 2959
0.9536, 2958
0.9539, 2957
0.9542, 2956
0.9545, 2955
0.9548, 2954
0.9551, 2953
0.9554, 2952
0.9557, 2951
0.9560, 2950
0.9563, 2949
0.9566, 2948
0.9569, 2947
0.9572, 2946
0.9574, 2945
0.9577, 2944
0.9580, 2943
0.9582, 2942
0.9586, 2941
0.9588, 2940
0.9591, 2939
0.9594, 2938
0.9597, 2937
0.9600, 2936
0.9603, 2935
0.9606, 2934
0.9609, 2933
0.9612, 2932
0.9615, 2931
0.9618, 2930
0.9621, 2929
0.9624, 2928
0.9627, 2927
0.9630, 2926
0.9633, 2925
0.9636, 2924
0.9640, 2923
0.9642, 2922
0.9645, 2921
0.9648, 2920
0.9651, 2919
0.9654, 2918
0.9657, 2917
0.9660, 2916
0.9664, 2915
0.9666, 2914
0.9670, 2913
0.9673, 2912
0.9675, 2911
0.9678, 2910
0.9681, 2909
0.9684, 2908
0.9687, 2907
0.9690, 2906
0.9693, 2905
0.9696, 2904
0.9699, 2903
0.9702, 2902
0.9705, 2901
0.9708, 2900
0.9710, 2899
0.9713, 2898
0.9716, 2897
0.9719, 2896
0.9722, 2895
0.9725, 2894
0.9728, 2893
0.9730, 2892
0.9733, 2891
0.9736, 2890
0.9739, 2889
0.9742, 2888
0.9745, 2887
0.9748, 2886
0.9751, 2885
0.9754, 2884
0.9757, 2883
0.9760, 2882
0.9763, 2881
0.9766, 2880
0.9768, 2879
0.9771, 2878
0.9774, 2877
0.9777, 2876
0.9779, 2875
0.9782, 2874
0.9785, 2873
0.9788, 2872
0.9791, 2871
0.9793, 2870
0.9796, 2869
0.9799, 2868
0.9802, 2867
0.9805, 2866
0.9808, 2865
0.9810, 2864
0.9813, 2863
0.9816, 2862
0.9818, 2861
0.9821, 2860
0.9824, 2859
0.9827, 2858
0.9829, 2857
0.9832, 2856
0.9835, 2855
0.9837, 2854
0.9840, 2853
0.9843, 2852
0.9845, 2851
0.9848, 2850
0.9851, 2849
0.9853, 2848
0.9856, 2847
0.9859, 2846
0.9861, 2845
0.9864, 2844
0.9867, 2843
0.9870, 2842
0.9873, 2841
0.9876, 2840
0.9878, 2839
0.9881, 2838
0.9884, 2837
0.9886, 2836
0.9889, 2835
0.9892, 2834
0.9895, 2833
0.9898, 2832
0.9901, 2831
0.9903, 2830
0.9906, 2829
0.9909, 2828
0.9912, 2827
0.9915, 2826
0.9917, 2825
0.9920, 2824
0.9923, 2823
0.9926, 2822
0.9929, 2821
0.9932, 2820
0.9935, 2819
0.9937, 2818
0.9940, 2817
0.9943, 2816
0.9945, 2815
0.9948, 2814
0.9951, 2813
0.9953, 2812
0.9956, 2811
0.9959, 2810
0.9961, 2809
0.9964, 2808
0.9967, 2807
0.9970, 2806
0.9973, 2805
0.9976, 2804
0.9979, 2803
0.9981, 2802
0.9984, 2801
0.9987, 2800
0.9989, 2799
0.9992, 2798
0.9995, 2797
0.9998, 2796
1.0000, 2795
1.0003, 2794
1.0006, 2793
1.0009, 2792
1.0011, 2791
1.0014, 2790
1.0017, 2789
1.0020, 2788
1.0022, 2787
1.0025, 2786
1.0028, 2785
1.0030, 2784
1.0033, 2783
1.0036, 2782
1.0038, 2781
1.0041, 2780
1.0044, 2779
1.0046, 2778
1.0049, 2777
1.0052, 2776
1.0054, 2775
1.0057, 2774
1.0059, 2773
1.0062, 2772
1.0065, 2771
1.0067, 2770
1.0070, 2769
1.0073, 2768
1.0075, 2767
1.0078, 2766
1.0081, 2765
1.0083, 2764
1.0086, 2763
1.0089, 2762
1.0091, 2761
1.0094, 2760
1.0096, 2759
1.0099, 2758
1.0102, 2757
1.0104, 2756
1.0107, 2755
1.0110, 2754
1.0112, 2753
1.0115, 2752
1.0118, 2751
1.0121, 2750
1.0123, 2749
1.0126, 2748
1.0129, 2747
1.0132, 2746
1.0134, 2745
1.0137, 2744
1.0140, 2743
1.0142, 2742
1.0145, 2741
1.0148, 2740
1.0150, 2739
1.0154, 2738
1.0157, 2737
1.0160, 2736
1.0163, 2735
1.0165, 2734
1.0168, 2733
1.0171, 2732
1.0174, 2731
1.0177, 2730
1.0180, 2729
1.0182, 2728
1.0185, 2727
1.0189, 2726
1.0191, 2725
1.0194, 2724
1.0197, 2723
1.0199, 2722
1.0202, 2721
1.0205, 2720
1.0208, 2719
1.0211, 2718
1.0213, 2717
1.0216, 2716
1.0219, 2715
1.0222, 2714
1.0224, 2713
1.0227, 2712
1.0230, 2711
1.0233, 2710
1.0235, 2709
1.0238, 2708
1.0241, 2707
1.0243, 2706
1.0246, 2705
1.0249, 2704
1.0252, 2703
1.0255, 2702
1.0257, 2701
1.0260, 2700
1.0263, 2699
1.0265, 2698
1.0268, 2697
1.0270, 2696
1.0273, 2695
1.0275, 2694
1.0278, 2693
1.0281, 2692
1.0284, 2691
1.0287, 2690
1.0289, 2689
1.0292, 2688
1.0295, 2687
1.0297, 2686
1.0300, 2685
1.0303, 2684
1.0305, 2683
1.0308, 2682
1.0311, 2681
1.0313, 2680
1.0316, 2679
1.0319, 2678
1.0321, 2677
1.0324, 2676
1.0327, 2675
1.0329, 2674
1.0332, 2673
1.0334, 2672
1.0338, 2671
1.0341, 2670
1.0344, 2669
1.0347, 2668
1.0349, 2667
1.0352, 2666
1.0355, 2665
1.0357, 2664
1.0360, 2663
1.0362, 2662
1.0365, 2661
1.0368, 2660
1.0370, 2659
1.0373, 2658
1.0375, 2657
1.0378, 2656
1.0381, 2655
1.0383, 2654
1.0386, 2653
1.0388, 2652
1.0391, 2651
1.0394, 2650
1.0396, 2649
1.0399, 2648
1.0401, 2647
1.0404, 2646
1.0406, 2645
1.0409, 2644
1.0412, 2643
1.0414, 2642
1.0417, 2641
1.0419, 2640
1.0422, 2639
1.0424, 2638
1.0427, 2637
1.0429, 2636
1.0432, 2635
1.0434, 2634
1.0437, 2633
1.0439, 2632
1.0442, 2631
1.0444, 2630
1.0447, 2629
1.0449, 2628
1.0452, 2627
1.0454, 2626
1.0456, 2625
1.0459, 2624
1.0461, 2623
1.0464, 2622
1.0467, 2621
1.0469, 2620
1.0472, 2619
1.0474, 2618
1.0477, 2617
1.0480, 2616
1.0482, 2615
1.0485, 2614
1.0487, 2613
1.0490, 2612
1.0493, 2611
1.0495, 2610
1.0498, 2609
1.0501, 2608
1.0503, 2607
1.0506, 2606
1.0509, 2605
1.0511, 2604
1.0513, 2603
1.0516, 2602
1.0518, 2601
1.0521, 2600
1.0523, 2599
1.0526, 2598
1.0529, 2597
1.0531, 2596
1.0534, 2595
1.0536, 2594
1.0539, 2593
1.0542, 2592
1.0544, 2591
1.0547, 2590
1.0549, 2589
1.0552, 2588
1.0554, 2587
1.0557, 2586
1.0560, 2585
1.0562, 2584
1.0565, 2583
1.0567, 2582
1.0570, 2581
1.0572, 2580
1.0575, 2579
1.0577, 2578
1.0580, 2577
1.0582, 2576
1.0585, 2575
1.0588, 2574
1.0591, 2573
1.0593, 2572
1.0596, 2571
1.0598, 2570
1.0601, 2569
1.0604, 2568
1.0606, 2567
1.0609, 2566
1.0611, 2565
1.0614, 2564
1.0616, 2563
1.0619, 2562
1.0664, 2561
1.0706, 2560
1.0709, 2559
1.0811, 2558
1.0897, 2557
1.0899, 2556
1.0985, 2555
1.0987, 2554
1.1152, 2553
1.1295, 2552
1.1338, 2551
1.1607, 2550
1.1649, 2549
1.1756, 2548
1.1758, 2547
1.1861, 2546
1.1864, 2545
1.1907, 2544
1.2051, 2543
1.2236, 2542
1.2259, 2541
1.2281, 2540
1.2284, 2539
1.2286, 2538
1.2370, 2537
1.2372, 2536
1.2374, 2535
1.2603, 2534
1.2606, 2533
1.2691, 2532
1.2777, 2531
1.2780, 2530
1.2848, 2529
1.2975, 2528
1.3018, 2527
1.3246, 2526
1.3391, 2525
1.3394, 2524
1.3416, 2523
1.3419, 2522
1.3523, 2521
1.3526, 2520
1.3549, 2519
1.3614, 2518
1.3637, 2517
1.3660, 2516
1.3684, 2515
1.3748, 2514
1.3750, 2513
1.3793, 2512
1.3836, 2511
1.3839, 2510
1.3841, 2509
1.3925, 2508
1.3927, 2507
1.4073, 2506
1.4630, 2505
1.4756, 2504
1.4758, 2503
1.4877, 2502
1.5149, 2501
1.5254, 2500
1.5257, 2499
1.5463, 2498
1.5465, 2497
1.5548, 2496
1.5634, 2495
1.5760, 2494
1.5989, 2493
1.6197, 2492
1.6262, 2491
1.6305, 2490
1.6328, 2489
1.6330, 2488
1.6374, 2487
1.6499, 2486
1.6501, 2485
1.6565, 2484
1.6631, 2483
1.6675, 2482
1.6677, 2481
1.6679, 2480
1.6681, 2479
1.6683, 2478
1.6748, 2477
1.6750, 2476
1.6774, 2475
1.6921, 2474
1.6923, 2473
1.6925, 2472
1.7133, 2471
1.7135, 2470
1.7262, 2469
1.7307, 2468
1.7370, 2467
1.7414, 2466
1.7459, 2465
1.7462, 2464
1.7464, 2463
1.7466, 2462
1.7654, 2461
1.7800, 2460
1.7802, 2459
1.7805, 2458
1.7827, 2457
1.7830, 2456
1.7976, 2455
1.8121, 2454
1.8184, 2453
1.8394, 2452
1.8396, 2451
1.8502, 2450
1.8504, 2449
1.8506, 2448
1.8590, 2447
1.8655, 2446
1.8658, 2445
1.8803, 2444
1.8929, 2443
1.9015, 2442
1.9038, 2441
1.9122, 2440
1.9311, 2439
1.9479, 2438
1.9606, 2437
1.9670, 2436
1.9734, 2435
1.9983, 2434
2.0169, 2433
2.0254, 2432
2.0277, 2431
2.0508, 2430
2.0572, 2429
2.0615, 2428
2.0720, 2427
2.1009, 2426
2.1073, 2425
2.1239, 2424
2.1305, 2423
2.1328, 2422
2.1682, 2421
2.1767, 2420
2.1957, 2419
2.1960, 2418
2.2024, 2417
2.2173, 2416
2.2424, 2415
2.2426, 2414
2.2551, 2413
2.2682, 2412
2.2809, 2411
2.2872, 2410
2.3059, 2409
2.3122, 2408
2.3288, 2407
2.3372, 2406
2.3519, 2405
2.3521, 2404
2.3523, 2403
2.3546, 2402
2.3548, 2401
2.3694, 2400
2.3696, 2399
2.3698, 2398
2.3741, 2397
2.3743, 2396
2.3745, 2395
2.3949, 2394
2.3951, 2393
2.4075, 2392
2.4118, 2391
2.4120, 2390
2.4143, 2389
2.4145, 2388
2.4229, 2387
2.4335, 2386
2.4338, 2385
2.4340, 2384
2.4342, 2383
2.4406, 2382
2.4634, 2381
2.4657, 2380
2.4700, 2379
2.4702, 2378
2.4765, 2377
2.4767, 2376
2.4850, 2375
2.4852, 2374
2.4855, 2373
2.4919, 2372
2.4921, 2371
2.4923, 2370
2.4988, 2369
2.5011, 2368
2.5074, 2367
2.5077, 2366
2.5079, 2365
2.5293, 2364
2.5295, 2363
2.5297, 2362
2.5362, 2361
2.5364, 2360
2.5366, 2359
2.5431, 2358
2.5433, 2357
2.5435, 2356
2.5438, 2355
2.5440, 2354
2.5442, 2353
2.5608, 2352
2.5671, 2351
2.5673, 2350
2.5696, 2349
2.5698, 2348
2.5823, 2347
2.5825, 2346
2.5828, 2345
2.5830, 2344
2.5832, 2343
2.5875, 2342
2.6022, 2341
2.6085, 2340
2.6147, 2339
2.6190, 2338
2.6233, 2337
2.6399, 2336
2.6499, 2335
2.6704, 2334
2.6808, 2333
2.6831, 2332
2.6833, 2331
2.7039, 2330
2.7041, 2329
2.7044, 2328
2.7087, 2327
2.7253, 2326
2.7524, 2325
2.7526, 2324
2.7528, 2323
2.7531, 2322
2.7616, 2321
2.7618, 2320
2.7682, 2319
2.7684, 2318
2.8055, 2317
2.8058, 2316
2.9044, 2315
2.9067, 2314
2.9089, 2313
2.9134, 2312
2.9136, 2311
2.9159, 2310
2.9201, 2309
2.9203, 2308
2.9246, 2307
2.9391, 2306
2.9474, 2305
2.9537, 2304
2.9539, 2303
2.9583, 2302
2.9585, 2301
2.9730, 2300
2.9732, 2299
2.9835, 2298
2.9837, 2297
2.9860, 2296
2.9944, 2295
3.0008, 2294
3.0011, 2293
3.0054, 2292
3.0098, 2291
3.0100, 2290
3.0123, 2289
3.0207, 2288
3.0249, 2287
3.0374, 2286
3.0437, 2285
3.0562, 2284
3.0564, 2283
3.0653, 2282
3.0655, 2281
3.0678, 2280
3.0680, 2279
3.0825, 2278
3.0991, 2277
3.0993, 2276
3.1198, 2275
3.1344, 2274
3.1407, 2273
3.1735, 2272
3.1800, 2271
3.1802, 2270
3.1804, 2269
3.1807, 2268
3.1870, 2267
3.1872, 2266
3.1874, 2265
3.1978, 2264
3.1980, 2263
3.1983, 2262
3.1985, 2261
3.1987, 2260
3.2111, 2259
3.2194, 2258
3.2297, 2257
3.2300, 2256
3.2404, 2255
3.2568, 2254
3.2613, 2253
3.2678, 2252
3.2741, 2251
3.2908, 2250
3.3073, 2249
3.3115, 2248
3.3157, 2247
3.3220, 2246
3.3265, 2245
3.3431, 2244
3.3494, 2243
3.3538, 2242
3.3642, 2241
3.3684, 2240
3.3687, 2239
3.3891, 2238
3.3934, 2237
3.4057, 2236
3.4080, 2235
3.4142, 2234
3.4144, 2233
3.4207, 2232
3.4209, 2231
3.4211, 2230
3.4355, 2229
3.4478, 2228
3.4541, 2227
3.4543, 2226
3.4625, 2225
3.4790, 2224
3.4854, 2223
3.5197, 2222
3.6782, 2221
3.6926, 2220
3.7029, 2219
3.7031, 2218
3.7073, 2217
3.7760, 2216
3.8576, 2215
3.9311, 2214
3.9313, 2213
4.0086, 2212
4.2824, 2211
