0.8208, 3931
0.8211, 3930
0.8215, 3929
0.8219, 3928
0.8222, 3927
0.8226, 3926
0.8230, 3925
0.8234, 3924
0.8237, 3923
0.8241, 3922
0.8245, 3921
0.8248, 3920
0.8252, 3919
0.8256, 3918
0.8259, 3917
0.8263, 3916
0.8266, 3915
0.8270, 3914
0.8273, 3913
0.8277, 3912
0.8281, 3911
0.8284, 3910
0.8288, 3909
0.8292, 3908
0.8295, 3907
0.8299, 3906
0.8303, 3905
0.8306, 3904
0.8310, 3903
0.8313, 3902
0.8317, 3901
0.8321, 3900
0.8324, 3899
0.8328, 3898
0.8332, 3897
0.8335, 3896
0.8339, 3895
0.8343, 3894
0.8346, 3893
0.8350, 3892
0.8353, 3891
0.8357, 3890
0.8361, 3889
0.8364, 3888
0.8368, 3887
0.8372, 3886
0.8375, 3885
0.8379, 3884
0.8382, 3883
0.8386, 3882
0.8390, 3881
0.8393, 3880
0.8397, 3879
0.8401, 3878
0.8405, 3877
0.8408, 3876
0.8412, 3875
0.8415, 3874
0.8419, 3873
0.8422, 3872
0.8426, 3871
0.8430, 3870
0.8433, 3869
0.8437, 3868
0.8441, 3867
0.8444, 3866
0.8448, 3865
0.8451, 3864
0.8455, 3863
0.8458, 3862
0.8462, 3861
0.8466, 3860
0.8469, 3859
0.8473, 3858
0.8476, 3857
0.8480, 3856
0.8483, 3855
0.8487, 3854
0.8490, 3853
0.8494, 3852
0.8497, 3851
0.8501, 3850
0.8505, 3849
0.8508, 3848
0.8512, 3847
0.8516, 3846
0.8519, 3845
0.8523, 3844
0.8527, 3843
0.8530, 3842
0.8534, 3841
0.8538, 3840
0.8541, 3839
0.8545, 3838
0.8548, 3837
0.8552, 3836
0.8556, 3835
0.8559, 3834
0.8563, 3833
0.8567, 3832
0.8570, 3831
0.8574, 3830
0.8578, 3829
0.8581, 3828
0.8585, 3827
0.8589, 3826
0.8592, 3825
0.8596, 3824
0.8600, 3823
0.8603, 3822
0.8607, 3821
0.8610, 3820
0.8614, 3819
0.8618, 3818
0.8621, 3817
0.8625, 3816
0.8629, 3815
0.8632, 3814
0.8636, 3813
0.8639, 3812
0.8643, 3811
0.8646, 3810
0.8650, 3809
0.8654, 3808
0.8657, 3807
0.8661, 3806
0.8664, 3805
0.8668, 3804
0.8672, 3803
0.8675, 3802
0.8679, 3801
0.8683, 3800
0.8687, 3799
0.8690, 3798
0.8694, 3797
0.8697, 3796
0.8701, 3795
0.8705, 3794
0.8708, 3793
0.8712, 3792
0.8715, 3791
0.8719, 3790
0.8722, 3789
0.8726, 3788
0.8729, 3787
0.8733, 3786
0.8737, 3785
0.8740, 3784
0.8744, 3783
0.8748, 3782
0.8751, 3781
0.8755, 3780
0.8759, 3779
0.8762, 3778
0.8766, 3777
0.8770, 3776
0.8773, 3775
0.8777, 3774
0.8780, 3773
0.8784, 3772
0.8787, 3771
0.8791, 3770
0.8794, 3769
0.8798, 3768
0.8802, 3767
0.8805, 3766
0.8809, 3765
0.8812, 3764
0.8816, 3763
0.8820, 3762
0.8823, 3761
0.8827, 3760
0.8831, 3759
0.8834, 3758
0.8838, 3757
0.8841, 3756
0.8845, 3755
0.8849, 3754
0.8852, 3753
0.8856, 3752
0.8860, 3751
0.8863, 3750
0.8867, 3749
0.8871, 3748
0.8874, 3747
0.8878, 3746
0.8881, 3745
0.8885, 3744
0.8889, 3743
0.8892, 3742
0.8896, 3741
0.8899, 3740
0.8903, 3739
0.8906, 3738
0.8910, 3737
0.8913, 3736
0.8917, 3735
0.8920, 3734
0.8924, 3733
0.8928, 3732
0.8931, 3731
0.8935, 3730
0.8938, 3729
0.8942, 3728
0.8945, 3727
0.8949, 3726
0.8952, 3725
0.8956, 3724
0.8960, 3723
0.8963, 3722
0.8967, 3721
0.8970, 3720
0.8974, 3719
0.8977, 3718
0.8981, 3717
0.8984, 3716
0.8988, 3715
0.8992, 3714
0.8995, 3713
0.8999, 3712
0.9002, 3711
0.9006, 3710
0.9009, 3709
0.9013, 3708
0.9016, 3707
0.9020, 3706
0.9024, 3705
0.9027, 3704
0.9031, 3703
0.9034, 3702
0.9038, 3701
0.9041, 3700
0.9045, 3699
0.9048, 3698
0.9051, 3697
0.9055, 3696
0.9058, 3695
0.9062, 3694
0.9065, 3693
0.9069, 3692
0.9072, 3691
0.9076, 3690
0.9079, 3689
0.9083, 3688
0.9087, 3687
0.9090, 3686
0.9094, 3685
0.9097, 3684
0.9101, 3683
0.9104, 3682
0.9108, 3681
0.9111, 3680
0.9115, 3679
0.9118, 3678
0.9122, 3677
0.9125, 3676
0.9129, 3675
0.9132, 3674
0.9136, 3673
0.9139, 3672
0.9143, 3671
0.9147, 3670
0.9150, 3669
0.9154, 3668
0.9157, 3667
0.9161, 3666
0.9164, 3665
0.9168, 3664
0.9171, 3663
0.9175, 3662
0.9178, 3661
0.9182, 3660
0.9186, 3659
0.9189, 3658
0.9193, 3657
0.9196, 3656
0.9200, 3655
0.9203, 3654
0.9207, 3653
0.9210, 3652
0.9214, 3651
0.9217, 3650
0.9221, 3649
0.9224, 3648
0.9228, 3647
0.9231, 3646
0.9235, 3645
0.9239, 3644
0.9242, 3643
0.9246, 3642
0.9249, 3641
0.9253, 3640
0.9256, 3639
0.9260, 3638
0.9263, 3637
0.9267, 3636
0.9270, 3635
0.9274, 3634
0.9277, 3633
0.9281, 3632
0.9284, 3631
0.9288, 3630
0.9291, 3629
0.9295, 3628
0.9299, 3627
0.9302, 3626
0.9305, 3625
0.9309, 3624
0.9312, 3623
0.9316, 3622
0.9320, 3621
0.9323, 3620
0.9326, 3619
0.9330, 3618
0.9333, 3617
0.9337, 3616
0.9340, 3615
0.9344, 3614
0.9347, 3613
0.9351, 3612
0.9354, 3611
0.9358, 3610
0.9361, 3609
0.9365, 3608
0.9368, 3607
0.9372, 3606
0.9375, 3605
0.9379, 3604
0.9382, 3603
0.9385, 3602
0.9389, 3601
0.9392, 3600
0.9396, 3599
0.9399, 3598
0.9403, 3597
0.9406, 3596
0.9409, 3595
0.9413, 3594
0.9416, 3593
0.9420, 3592
0.9423, 3591
0.9427, 3590
0.9430, 3589
0.9434, 3588
0.9437, 3587
0.9440, 3586
0.9444, 3585
0.9448, 3584
0.9451, 3583
0.9454, 3582
0.9458, 3581
0.9461, 3580
0.9465, 3579
0.9468, 3578
0.9472, 3577
0.9475, 3576
0.9479, 3575
0.9482, 3574
0.9485, 3573
0.9489, 3572
0.9492, 3571
0.9496, 3570
0.9499, 3569
0.9503, 3568
0.9507, 3567
0.9510, 3566
0.9513, 3565
0.9517, 3564
0.9520, 3563
0.9523, 3562
0.9527, 3561
0.9530, 3560
0.9534, 3559
0.9537, 3558
0.9541, 3557
0.9544, 3556
0.9547, 3555
0.9551, 3554
0.9555, 3553
0.9558, 3552
0.9562, 3551
0.9565, 3550
0.9569, 3549
0.9573, 3548
0.9576, 3547
0.9579, 3546
0.9583, 3545
0.9586, 3544
0.9590, 3543
0.9593, 3542
0.9597, 3541
0.9600, 3540
0.9604, 3539
0.9607, 3538
0.9610, 3537
0.9614, 3536
0.9617, 3535
0.9621, 3534
0.9624, 3533
0.9628, 3532
0.9631, 3531
0.9635, 3530
0.9638, 3529
0.9641, 3528
0.9645, 3527
0.9648, 3526
0.9652, 3525
0.9655, 3524
0.9659, 3523
0.9662, 3522
0.9666, 3521
0.9669, 3520
0.9672, 3519
0.9676, 3518
0.9679, 3517
0.9683, 3516
0.9686, 3515
0.9690, 3514
0.9693, 3513
0.9696, 3512
0.9700, 3511
0.9703, 3510
0.9707, 3509
0.9710, 3508
0.9714, 3507
0.9717, 3506
0.9720, 3505
0.9724, 3504
0.9727, 3503
0.9730, 3502
0.9734, 3501
0.9737, 3500
0.9741, 3499
0.9744, 3498
0.9747, 3497
0.9751, 3496
0.9754, 3495
0.9757, 3494
0.9761, 3493
0.9764, 3492
0.9768, 3491
0.9771, 3490
0.9775, 3489
0.9778, 3488
0.9781, 3487
0.9785, 3486
0.9788, 3485
0.9791, 3484
0.9795, 3483
0.9798, 3482
0.9801, 3481
0.9805, 3480
0.9808, 3479
0.9811, 3478
0.9815, 3477
0.9818, 3476
0.9822, 3475
0.9825, 3474
0.9828, 3473
0.9832, 3472
0.9835, 3471
0.9838, 3470
0.9842, 3469
0.9845, 3468
0.9848, 3467
0.9852, 3466
0.9855, 3465
0.9858, 3464
0.9862, 3463
0.9865, 3462
0.9869, 3461
0.9872, 3460
0.9875, 3459
0.9879, 3458
0.9882, 3457
0.9885, 3456
0.9889, 3455
0.9892, 3454
0.9895, 3453
0.9899, 3452
0.9902, 3451
0.9905, 3450
0.9909, 3449
0.9912, 3448
0.9915, 3447
0.9919, 3446
0.9922, 3445
0.9925, 3444
0.9929, 3443
0.9932, 3442
0.9936, 3441
0.9939, 3440
0.9942, 3439
0.9946, 3438
0.9949, 3437
0.9952, 3436
0.9956, 3435
0.9959, 3434
0.9962, 3433
0.9965, 3432
0.9969, 3431
0.9972, 3430
0.9976, 3429
0.9979, 3428
0.9983, 3427
0.9986, 3426
0.9989, 3425
0.9993, 3424
0.9996, 3423
0.9999, 3422
1.0003, 3421
1.0006, 3420
1.0009, 3419
1.0013, 3418
1.0016, 3417
1.0019, 3416
1.0023, 3415
1.0026, 3414
1.0029, 3413
1.0033, 3412
1.0036, 3411
1.0039, 3410
1.0042, 3409
1.0045, 3408
1.0049, 3407
1.0052, 3406
1.0055, 3405
1.0058, 3404
1.0062, 3403
1.0065, 3402
1.0068, 3401
1.0072, 3400
1.0075, 3399
1.0078, 3398
1.0082, 3397
1.0085, 3396
1.0088, 3395
1.0092, 3394
1.0095, 3393
1.0098, 3392
1.0102, 3391
1.0105, 3390
1.0108, 3389
1.0112, 3388
1.0115, 3387
1.0119, 3386
1.0122, 3385
1.0125, 3384
1.0129, 3383
1.0132, 3382
1.0135, 3381
1.0139, 3380
1.0142, 3379
1.0146, 3378
1.0149, 3377
1.0153, 3376
1.0156, 3375
1.0159, 3374
1.0162, 3373
1.0166, 3372
1.0170, 3371
1.0173, 3370
1.0177, 3369
1.0180, 3368
1.0183, 3367
1.0187, 3366
1.0190, 3365
1.0193, 3364
1.0197, 3363
1.0200, 3362
1.0204, 3361
1.0207, 3360
1.0210, 3359
1.0214, 3358
1.0217, 3357
1.0220, 3356
1.0224, 3355
1.0227, 3354
1.0230, 3353
1.0234, 3352
1.0237, 3351
1.0241, 3350
1.0244, 3349
1.0247, 3348
1.0250, 3347
1.0254, 3346
1.0257, 3345
1.0260, 3344
1.0264, 3343
1.0267, 3342
1.0270, 3341
1.0273, 3340
1.0277, 3339
1.0280, 3338
1.0283, 3337
1.0287, 3336
1.0290, 3335
1.0293, 3334
1.0296, 3333
1.0300, 3332
1.0303, 3331
1.0306, 3330
1.0310, 3329
1.0313, 3328
1.0316, 3327
1.0319, 3326
1.0323, 3325
1.0326, 3324
1.0329, 3323
1.0332, 3322
1.0336, 3321
1.0340, 3320
1.0344, 3319
1.0347, 3318
1.0351, 3317
1.0354, 3316
1.0357, 3315
1.0361, 3314
1.0364, 3313
1.0367, 3312
1.0371, 3311
1.0374, 3310
1.0378, 3309
1.0381, 3308
1.0385, 3307
1.0388, 3306
1.0392, 3305
1.0395, 3304
1.0398, 3303
1.0402, 3302
1.0405, 3301
1.0409, 3300
1.0412, 3299
1.0416, 3298
1.0420, 3297
1.0423, 3296
1.0427, 3295
1.0430, 3294
1.0433, 3293
1.0436, 3292
1.0440, 3291
1.0443, 3290
1.0446, 3289
1.0450, 3288
1.0453, 3287
1.0457, 3286
1.0460, 3285
1.0464, 3284
1.0467, 3283
1.0471, 3282
1.0474, 3281
1.0478, 3280
1.0481, 3279
1.0484, 3278
1.0488, 3277
1.0492, 3276
1.0495, 3275
1.0498, 3274
1.0501, 3273
1.0505, 3272
1.0509, 3271
1.0512, 3270
1.0515, 3269
1.0519, 3268
1.0522, 3267
1.0525, 3266
1.0529, 3265
1.0532, 3264
1.0535, 3263
1.0538, 3262
1.0542, 3261
1.0545, 3260
1.0548, 3259
1.0552, 3258
1.0555, 3257
1.0558, 3256
1.0562, 3255
1.0565, 3254
1.0568, 3253
1.0571, 3252
1.0575, 3251
1.0578, 3250
1.0581, 3249
1.0585, 3248
1.0588, 3247
1.0592, 3246
1.0595, 3245
1.0598, 3244
1.0602, 3243
1.0605, 3242
1.0609, 3241
1.0612, 3240
1.0615, 3239
1.0619, 3238
1.0622, 3237
1.0625, 3236
1.0629, 3235
1.0632, 3234
1.0636, 3233
1.0639, 3232
1.0642, 3231
1.0645, 3230
1.0649, 3229
1.0653, 3228
1.0656, 3227
1.0660, 3226
1.0663, 3225
1.0666, 3224
1.0669, 3223
1.0673, 3222
1.0676, 3221
1.0679, 3220
1.0682, 3219
1.0685, 3218
1.0689, 3217
1.0692, 3216
1.0695, 3215
1.0698, 3214
1.0701, 3213
1.0705, 3212
1.0709, 3211
1.0713, 3210
1.0716, 3209
1.0720, 3208
1.0723, 3207
1.0727, 3206
1.0730, 3205
1.0733, 3204
1.0737, 3203
1.0740, 3202
1.0744, 3201
1.0747, 3200
1.0750, 3199
1.0753, 3198
1.0756, 3197
1.0760, 3196
1.0763, 3195
1.0767, 3194
1.0770, 3193
1.0773, 3192
1.0777, 3191
1.0780, 3190
1.0783, 3189
1.0787, 3188
1.0790, 3187
1.0794, 3186
1.0797, 3185
1.0800, 3184
1.0803, 3183
1.0806, 3182
1.0809, 3181
1.0813, 3180
1.0816, 3179
1.0819, 3178
1.0823, 3177
1.0826, 3176
1.0830, 3175
1.0833, 3174
1.0836, 3173
1.0839, 3172
1.0843, 3171
1.0846, 3170
1.0849, 3169
1.0852, 3168
1.0855, 3167
1.0858, 3166
1.0862, 3165
1.0865, 3164
1.0868, 3163
1.0871, 3162
1.0875, 3161
1.0878, 3160
1.0881, 3159
1.0884, 3158
1.0887, 3157
1.0891, 3156
1.0894, 3155
1.0897, 3154
1.0900, 3153
1.0903, 3152
1.0907, 3151
1.0910, 3150
1.0913, 3149
1.0917, 3148
1.0920, 3147
1.0924, 3146
1.0927, 3145
1.0930, 3144
1.0933, 3143
1.0938, 3142
1.0941, 3141
1.0944, 3140
1.0947, 3139
1.0951, 3138
1.0954, 3137
1.0957, 3136
1.0961, 3135
1.0964, 3134
1.0967, 3133
1.0971, 3132
1.0974, 3131
1.0978, 3130
1.0981, 3129
1.0984, 3128
1.0987, 3127
1.0990, 3126
1.0993, 3125
1.0997, 3124
1.1000, 3123
1.1003, 3122
1.1006, 3121
1.1010, 3120
1.1013, 3119
1.1016, 3118
1.1019, 3117
1.1022, 3116
1.1025, 3115
1.1028, 3114
1.1031, 3113
1.1034, 3112
1.1037, 3111
1.1040, 3110
1.1043, 3109
1.1047, 3108
1.1050, 3107
1.1053, 3106
1.1056, 3105
1.1059, 3104
1.1062, 3103
1.1065, 3102
1.1068, 3101
1.1071, 3100
1.1075, 3099
1.1078, 3098
1.1081, 3097
1.1084, 3096
1.1087, 3095
1.1090, 3094
1.1093, 3093
1.1096, 3092
1.1099, 3091
1.1103, 3090
1.1106, 3089
1.1109, 3088
1.1112, 3087
1.1115, 3086
1.1118, 3085
1.1121, 3084
1.1124, 3083
1.1128, 3082
1.1131, 3081
1.1134, 3080
1.1138, 3079
1.1141, 3078
1.1144, 3077
1.1147, 3076
1.1150, 3075
1.1153, 3074
1.1156, 3073
1.1160, 3072
1.1163, 3071
1.1166, 3070
1.1169, 3069
1.1172, 3068
1.1175, 3067
1.1178, 3066
1.1181, 3065
1.1184, 3064
1.1187, 3063
1.1190, 3062
1.1193, 3061
1.1196, 3060
1.1199, 3059
1.1202, 3058
1.1205, 3057
1.1208, 3056
1.1212, 3055
1.1215, 3054
1.1218, 3053
1.1221, 3052
1.1225, 3051
1.1228, 3050
1.1231, 3049
1.1235, 3048
1.1238, 3047
1.1241, 3046
1.1244, 3045
1.1247, 3044
1.1250, 3043
1.1253, 3042
1.1256, 3041
1.1259, 3040
1.1262, 3039
1.1265, 3038
1.1268, 3037
1.1271, 3036
1.1274, 3035
1.1277, 3034
1.1280, 3033
1.1283, 3032
1.1286, 3031
1.1289, 3030
1.1292, 3029
1.1296, 3028
1.1299, 3027
1.1302, 3026
1.1305, 3025
1.1308, 3024
1.1311, 3023
1.1314, 3022
1.1317, 3021
1.1320, 3020
1.1323, 3019
1.1326, 3018
1.1329, 3017
1.1332, 3016
1.1336, 3015
1.1339, 3014
1.1342, 3013
1.1345, 3012
1.1348, 3011
1.1351, 3010
1.1354, 3009
1.1357, 3008
1.1360, 3007
1.1363, 3006
1.1366, 3005
1.1369, 3004
1.1372, 3003
1.1375, 3002
1.1378, 3001
1.1381, 3000
1.1384, 2999
1.1387, 2998
1.1390, 2997
1.1393, 2996
1.1396, 2995
1.1399, 2994
1.1402, 2993
1.1404, 2992
1.1407, 2991
1.1411, 2990
1.1414, 2989
1.1417, 2988
1.1420, 2987
1.1423, 2986
1.1426, 2985
1.1429, 2984
1.1432, 2983
1.1435, 2982
1.1438, 2981
1.1441, 2980
1.1444, 2979
1.1447, 2978
1.1450, 2977
1.1453, 2976
1.1456, 2975
1.1459, 2974
1.1463, 2973
1.1466, 2972
1.1469, 2971
1.1472, 2970
1.1475, 2969
1.1478, 2968
1.1481, 2967
1.1484, 2966
1.1487, 2965
1.1490, 2964
1.1493, 2963
1.1496, 2962
1.1499, 2961
1.1502, 2960
1.1505, 2959
1.1508, 2958
1.1512, 2957
1.1515, 2956
1.1518, 2955
1.1522, 2954
1.1525, 2953
1.1528, 2952
1.1531, 2951
1.1534, 2950
1.1537, 2949
1.1541, 2948
1.1544, 2947
1.1547, 2946
1.1550, 2945
1.1553, 2944
1.1556, 2943
1.1559, 2942
1.1562, 2941
1.1566, 2940
1.1569, 2939
1.1573, 2938
1.1576, 2937
1.1579, 2936
1.1582, 2935
1.1585, 2934
1.1588, 2933
1.1592, 2932
1.1595, 2931
1.1598, 2930
1.1602, 2929
1.1605, 2928
1.1608, 2927
1.1612, 2926
1.1615, 2925
1.1618, 2924
1.1621, 2923
1.1624, 2922
1.1627, 2921
1.1631, 2920
1.1634, 2919
1.1637, 2918
1.1641, 2917
1.1644, 2916
1.1647, 2915
1.1650, 2914
1.1653, 2913
1.1657, 2912
1.1660, 2911
1.1663, 2910
1.1666, 2909
1.1669, 2908
1.1672, 2907
1.1675, 2906
1.1678, 2905
1.1681, 2904
1.1684, 2903
1.1688, 2902
1.1691, 2901
1.1694, 2900
1.1697, 2899
1.1700, 2898
1.1703, 2897
1.1707, 2896
1.1710, 2895
1.1713, 2894
1.1717, 2893
1.1720, 2892
1.1723, 2891
1.1727, 2890
1.1730, 2889
1.1733, 2888
1.1737, 2887
1.1741, 2886
1.1744, 2885
1.1747, 2884
1.1750, 2883
1.1753, 2882
1.1756, 2881
1.1759, 2880
1.1762, 2879
1.1765, 2878
1.1768, 2877
1.1771, 2876
1.1775, 2875
1.1778, 2874
1.1781, 2873
1.1784, 2872
1.1787, 2871
1.1790, 2870
1.1793, 2869
1.1796, 2868
1.1799, 2867
1.1802, 2866
1.1805, 2865
1.1808, 2864
1.1811, 2863
1.1814, 2862
1.1817, 2861
1.1820, 2860
1.1823, 2859
1.1826, 2858
1.1829, 2857
1.1832, 2856
1.1835, 2855
1.1838, 2854
1.1840, 2853
1.1843, 2852
1.1846, 2851
1.1849, 2850
1.1852, 2849
1.1855, 2848
1.1858, 2847
1.1862, 2846
1.1865, 2845
1.1868, 2844
1.1871, 2843
1.1873, 2842
1.1876, 2841
1.1879, 2840
1.1882, 2839
1.1885, 2838
1.1888, 2837
1.1891, 2836
1.1894, 2835
1.1897, 2834
1.1900, 2833
1.1903, 2832
1.1906, 2831
1.1909, 2830
1.1912, 2829
1.1915, 2828
1.1918, 2827
1.1921, 2826
1.1924, 2825
1.1927, 2824
1.1930, 2823
1.1933, 2822
1.1936, 2821
1.1939, 2820
1.1942, 2819
1.1945, 2818
1.1948, 2817
1.1950, 2816
1.1953, 2815
1.1956, 2814
1.1959, 2813
1.1962, 2812
1.1965, 2811
1.1968, 2810
1.1971, 2809
1.1974, 2808
1.1977, 2807
1.1980, 2806
1.1983, 2805
1.1986, 2804
1.1988, 2803
1.1992, 2802
1.1994, 2801
1.1997, 2800
1.2000, 2799
1.2004, 2798
1.2007, 2797
1.2010, 2796
1.2013, 2795
1.2016, 2794
1.2019, 2793
1.2022, 2792
1.2025, 2791
1.2028, 2790
1.2031, 2789
1.2034, 2788
1.2037, 2787
1.2040, 2786
1.2043, 2785
1.2045, 2784
1.2049, 2783
1.2051, 2782
1.2054, 2781
1.2057, 2780
1.2060, 2779
1.2063, 2778
1.2066, 2777
1.2069, 2776
1.2072, 2775
1.2075, 2774
1.2077, 2773
1.2080, 2772
1.2083, 2771
1.2086, 2770
1.2089, 2769
1.2092, 2768
1.2095, 2767
1.2098, 2766
1.2101, 2765
1.2104, 2764
1.2106, 2763
1.2109, 2762
1.2112, 2761
1.2115, 2760
1.2118, 2759
1.2121, 2758
1.2124, 2757
1.2127, 2756
1.2130, 2755
1.2133, 2754
1.2136, 2753
1.2139, 2752
1.2142, 2751
1.2145, 2750
1.2148, 2749
1.2151, 2748
1.2154, 2747
1.2157, 2746
1.2160, 2745
1.2162, 2744
1.2165, 2743
1.2170, 2742
1.2173, 2741
1.2176, 2740
1.2179, 2739
1.2182, 2738
1.2185, 2737
1.2188, 2736
1.2191, 2735
1.2195, 2734
1.2197, 2733
1.2200, 2732
1.2203, 2731
1.2207, 2730
1.2210, 2729
1.2213, 2728
1.2216, 2727
1.2218, 2726
1.2221, 2725
1.2224, 2724
1.2227, 2723
1.2230, 2722
1.2233, 2721
1.2236, 2720
1.2239, 2719
1.2242, 2718
1.2245, 2717
1.2248, 2716
1.2251, 2715
1.2254, 2714
1.2257, 2713
1.2260, 2712
1.2263, 2711
1.2266, 2710
1.2269, 2709
1.2272, 2708
1.2275, 2707
1.2278, 2706
1.2281, 2705
1.2283, 2704
1.2286, 2703
1.2289, 2702
1.2292, 2701
1.2295, 2700
1.2298, 2699
1.2301, 2698
1.2304, 2697
1.2307, 2696
1.2310, 2695
1.2313, 2694
1.2316, 2693
1.2319, 2692
1.2322, 2691
1.2325, 2690
1.2328, 2689
1.2331, 2688
1.2334, 2687
1.2337, 2686
1.2340, 2685
1.2343, 2684
1.2346, 2683
1.2349, 2682
1.2352, 2681
1.2354, 2680
1.2357, 2679
1.2360, 2678
1.2363, 2677
1.2366, 2676
1.2369, 2675
1.2372, 2674
1.2375, 2673
1.2378, 2672
1.2381, 2671
1.2384, 2670
1.2387, 2669
1.2390, 2668
1.2393, 2667
1.2396, 2666
1.2398, 2665
1.2401, 2664
1.2404, 2663
1.2407, 2662
1.2410, 2661
1.2413, 2660
1.2416, 2659
1.2419, 2658
1.2422, 2657
1.2424, 2656
1.2427, 2655
1.2430, 2654
1.2433, 2653
1.2435, 2652
1.2438, 2651
1.2441, 2650
1.2444, 2649
1.2447, 2648
1.2449, 2647
1.2452, 2646
1.2455, 2645
1.2457, 2644
1.2460, 2643
1.2463, 2642
1.2466, 2641
1.2469, 2640
1.2471, 2639
1.2474, 2638
1.2477, 2637
1.2480, 2636
1.2482, 2635
1.2485, 2634
1.2488, 2633
1.2491, 2632
1.2493, 2631
1.2496, 2630
1.2499, 2629
1.2502, 2628
1.2505, 2627
1.2508, 2626
1.2511, 2625
1.2514, 2624
1.2516, 2623
1.2519, 2622
1.2522, 2621
1.2525, 2620
1.2527, 2619
1.2530, 2618
1.2533, 2617
1.2536, 2616
1.2539, 2615
1.2542, 2614
1.2545, 2613
1.2547, 2612
1.2551, 2611
1.2553, 2610
1.2556, 2609
1.2559, 2608
1.2562, 2607
1.2564, 2606
1.2567, 2605
1.2570, 2604
1.2573, 2603
1.2576, 2602
1.2578, 2601
1.2581, 2600
1.2584, 2599
1.2587, 2598
1.2589, 2597
1.2592, 2596
1.2595, 2595
1.2598, 2594
1.2601, 2593
1.2604, 2592
1.2606, 2591
1.2609, 2590
1.2612, 2589
1.2614, 2588
1.2617, 2587
1.2620, 2586
1.2623, 2585
1.2625, 2584
1.2629, 2583
1.2632, 2582
1.2634, 2581
1.2637, 2580
1.2640, 2579
1.2643, 2578
1.2645, 2577
1.2648, 2576
1.2651, 2575
1.2654, 2574
1.2657, 2573
1.2659, 2572
1.2662, 2571
1.2665, 2570
1.2669, 2569
1.2672, 2568
1.2675, 2567
1.2678, 2566
1.2681, 2565
1.2773, 2564
1.2819, 2563
1.2952, 2562
1.2955, 2561
1.3042, 2560
1.3045, 2559
1.3090, 2558
1.3135, 2557
1.3311, 2556
1.3401, 2555
1.3687, 2554
1.3756, 2553
1.3890, 2552
1.4067, 2551
1.4179, 2550
1.4182, 2549
1.4184, 2548
1.4231, 2547
1.4385, 2546
1.4431, 2545
1.4542, 2544
1.4588, 2543
1.4612, 2542
1.4637, 2541
1.4639, 2540
1.4642, 2539
1.4688, 2538
1.4756, 2537
1.4758, 2536
1.4935, 2535
1.5024, 2534
1.5114, 2533
1.5116, 2532
1.5184, 2531
1.5317, 2530
1.5363, 2529
1.5649, 2528
1.5761, 2527
1.5785, 2526
1.5788, 2525
1.5899, 2524
1.5902, 2523
1.5904, 2522
1.6016, 2521
1.6040, 2520
1.6108, 2519
1.6110, 2518
1.6178, 2517
1.6180, 2516
1.6183, 2515
1.6185, 2514
1.6253, 2513
1.6365, 2512
1.6411, 2511
1.7045, 2510
1.7180, 2509
1.7182, 2508
1.7339, 2507
1.7582, 2506
1.7845, 2505
1.7848, 2504
1.7959, 2503
1.8049, 2502
1.8139, 2501
1.8424, 2500
1.8645, 2499
1.8648, 2498
1.8739, 2497
1.8741, 2496
1.8811, 2495
1.8813, 2494
1.8947, 2493
1.9080, 2492
1.9083, 2491
1.9129, 2490
1.9175, 2489
1.9177, 2488
1.9180, 2487
1.9182, 2486
1.9185, 2485
1.9275, 2484
1.9277, 2483
1.9280, 2482
1.9436, 2481
1.9438, 2480
1.9441, 2479
1.9662, 2478
1.9664, 2477
1.9820, 2476
1.9844, 2475
1.9934, 2474
1.9959, 2473
2.0005, 2472
2.0007, 2471
2.0010, 2470
2.0012, 2469
2.0211, 2468
2.0344, 2467
2.0390, 2466
2.0392, 2465
2.0395, 2464
2.0397, 2463
2.0552, 2462
2.0755, 2461
2.0864, 2460
2.0988, 2459
2.0990, 2458
2.1106, 2457
2.1109, 2456
2.1134, 2455
2.1203, 2454
2.1271, 2453
2.1274, 2452
2.1477, 2451
2.1592, 2450
2.1692, 2449
2.1718, 2448
2.1809, 2447
2.2170, 2446
2.2598, 2445
2.2976, 2444
2.3233, 2443
2.3312, 2442
2.3608, 2441
2.3968, 2440
2.4197, 2439
2.4260, 2438
2.4521, 2437
2.4698, 2436
2.4773, 2435
2.4867, 2434
2.5190, 2433
2.5258, 2432
2.5465, 2431
2.5535, 2430
2.5583, 2429
2.5991, 2428
2.5994, 2427
2.6250, 2426
2.6413, 2425
2.6416, 2424
2.6568, 2423
2.6708, 2422
2.6711, 2421
2.6808, 2420
2.6924, 2419
2.7210, 2418
2.7282, 2417
2.7467, 2416
2.7655, 2415
2.7658, 2414
2.7780, 2413
2.7851, 2412
2.7923, 2411
2.7995, 2410
2.8090, 2409
2.8092, 2408
2.8117, 2407
2.8120, 2406
2.8267, 2405
2.8295, 2404
2.8298, 2403
2.8346, 2402
2.8349, 2401
2.8351, 2400
2.8578, 2399
2.8606, 2398
2.8700, 2397
2.8820, 2396
2.8822, 2395
2.8874, 2394
2.8876, 2393
2.8879, 2392
2.8952, 2391
2.9024, 2390
2.9026, 2389
2.9074, 2388
2.9077, 2387
2.9354, 2386
2.9402, 2385
2.9404, 2384
2.9475, 2383
2.9500, 2382
2.9570, 2381
2.9573, 2380
2.9665, 2379
2.9668, 2378
2.9670, 2377
2.9719, 2376
2.9721, 2375
2.9774, 2374
2.9825, 2373
2.9850, 2372
2.9948, 2371
2.9951, 2370
2.9953, 2369
3.0117, 2368
3.0120, 2367
3.0168, 2366
3.0240, 2365
3.0242, 2364
3.0245, 2363
3.0315, 2362
3.0318, 2361
3.0321, 2360
3.0323, 2359
3.0326, 2358
3.0328, 2357
3.0557, 2356
3.0560, 2355
3.0608, 2354
3.0610, 2353
3.0681, 2352
3.0729, 2351
3.0731, 2350
3.0734, 2349
3.0736, 2348
3.0784, 2347
3.0944, 2346
3.1014, 2345
3.1152, 2344
3.1154, 2343
3.1179, 2342
3.1363, 2341
3.1433, 2340
3.1615, 2339
3.1820, 2338
3.1823, 2337
3.1825, 2336
3.2034, 2335
3.2059, 2334
3.2061, 2333
3.2112, 2332
3.2367, 2331
3.2600, 2330
3.2602, 2329
3.2605, 2328
3.2607, 2327
3.2701, 2326
3.2704, 2325
3.2821, 2324
3.2825, 2323
3.3192, 2322
3.3194, 2321
3.3590, 2320
3.4273, 2319
3.4321, 2318
3.4346, 2317
3.4408, 2316
3.4411, 2315
3.4436, 2314
3.4485, 2313
3.4488, 2312
3.4535, 2311
3.4695, 2310
3.4834, 2309
3.4859, 2308
3.4861, 2307
3.4911, 2306
3.4913, 2305
3.5051, 2304
3.5096, 2303
3.5163, 2302
3.5165, 2301
3.5189, 2300
3.5300, 2299
3.5345, 2298
3.5347, 2297
3.5392, 2296
3.5437, 2295
3.5440, 2294
3.5463, 2293
3.5551, 2292
3.5596, 2291
3.5705, 2290
3.5813, 2289
3.5921, 2288
3.5924, 2287
3.5989, 2286
3.6035, 2285
3.6037, 2284
3.6039, 2283
3.6191, 2282
3.6277, 2281
3.6386, 2280
3.6666, 2279
3.6710, 2278
3.6777, 2277
3.6843, 2276
3.7184, 2275
3.7228, 2274
3.7231, 2273
3.7233, 2272
3.7235, 2271
3.7237, 2270
3.7305, 2269
3.7307, 2268
3.7352, 2267
3.7440, 2266
3.7442, 2265
3.7445, 2264
3.7680, 2263
3.7788, 2262
3.7898, 2261
3.7943, 2260
3.7945, 2259
3.8118, 2258
3.8205, 2257
3.8270, 2256
3.8483, 2255
3.8485, 2254
3.8487, 2253
3.8490, 2252
3.8660, 2251
3.8746, 2250
3.8749, 2249
3.8814, 2248
3.8858, 2247
3.9071, 2246
3.9073, 2245
3.9181, 2244
3.9266, 2243
3.9269, 2242
3.9398, 2241
3.9526, 2240
3.9528, 2239
3.9531, 2238
3.9574, 2237
3.9619, 2236
3.9811, 2235
3.9834, 2234
3.9879, 2233
3.9881, 2232
4.0114, 2231
4.0116, 2230
4.0161, 2229
4.0163, 2228
4.0278, 2227
4.0281, 2226
4.0367, 2225
4.0370, 2224
4.0586, 2223
4.0739, 2222
4.1311, 2221
4.2347, 2220
4.2667, 2219
4.2842, 2218
4.2994, 2217
4.3186, 2216
4.3230, 2215
4.3275, 2214
4.3824, 2213
4.4483, 2212
4.5248, 2211
4.5272, 2210
4.5339, 2209
4.6023, 2208
