0.6724, 3931
0.6728, 3930
0.6731, 3929
0.6735, 3928
0.6738, 3927
0.6742, 3926
0.6745, 3925
0.6749, 3924
0.6752, 3923
0.6756, 3922
0.6759, 3921
0.6763, 3920
0.6766, 3919
0.6770, 3918
0.6773, 3917
0.6777, 3916
0.6780, 3915
0.6784, 3914
0.6787, 3913
0.6791, 3912
0.6794, 3911
0.6798, 3910
0.6801, 3909
0.6805, 3908
0.6808, 3907
0.6812, 3906
0.6815, 3905
0.6818, 3904
0.6822, 3903
0.6825, 3902
0.6829, 3901
0.6832, 3900
0.6836, 3899
0.6839, 3898
0.6843, 3897
0.6846, 3896
0.6850, 3895
0.6854, 3894
0.6857, 3893
0.6861, 3892
0.6864, 3891
0.6868, 3890
0.6871, 3889
0.6875, 3888
0.6878, 3887
0.6882, 3886
0.6885, 3885
0.6889, 3884
0.6892, 3883
0.6896, 3882
0.6899, 3881
0.6903, 3880
0.6906, 3879
0.6910, 3878
0.6913, 3877
0.6917, 3876
0.6920, 3875
0.6924, 3874
0.6927, 3873
0.6931, 3872
0.6934, 3871
0.6938, 3870
0.6941, 3869
0.6945, 3868
0.6948, 3867
0.6952, 3866
0.6955, 3865
0.6959, 3864
0.6962, 3863
0.6966, 3862
0.6969, 3861
0.6973, 3860
0.6976, 3859
0.6979, 3858
0.6983, 3857
0.6986, 3856
0.6990, 3855
0.6993, 3854
0.6997, 3853
0.7000, 3852
0.7004, 3851
0.7007, 3850
0.7011, 3849
0.7014, 3848
0.7017, 3847
0.7021, 3846
0.7024, 3845
0.7028, 3844
0.7031, 3843
0.7034, 3842
0.7038, 3841
0.7041, 3840
0.7045, 3839
0.7048, 3838
0.7052, 3837
0.7055, 3836
0.7059, 3835
0.7062, 3834
0.7066, 3833
0.7069, 3832
0.7073, 3831
0.7076, 3830
0.7080, 3829
0.7083, 3828
0.7087, 3827
0.7090, 3826
0.7094, 3825
0.7097, 3824
0.7101, 3823
0.7104, 3822
0.7108, 3821
0.7111, 3820
0.7115, 3819
0.7118, 3818
0.7122, 3817
0.7126, 3816
0.7129, 3815
0.7133, 3814
0.7136, 3813
0.7140, 3812
0.7143, 3811
0.7147, 3810
0.7150, 3809
0.7154, 3808
0.7157, 3807
0.7161, 3806
0.7164, 3805
0.7168, 3804
0.7171, 3803
0.7175, 3802
0.7178, 3801
0.7182, 3800
0.7185, 3799
0.7189, 3798
0.7192, 3797
0.7196, 3796
0.7199, 3795
0.7203, 3794
0.7206, 3793
0.7210, 3792
0.7213, 3791
0.7217, 3790
0.7220, 3789
0.7224, 3788
0.7228, 3787
0.7231, 3786
0.7235, 3785
0.7238, 3784
0.7242, 3783
0.7245, 3782
0.7249, 3781
0.7252, 3780
0.7256, 3779
0.7259, 3778
0.7262, 3777
0.7266, 3776
0.7269, 3775
0.7273, 3774
0.7276, 3773
0.7280, 3772
0.7283, 3771
0.7287, 3770
0.7290, 3769
0.7294, 3768
0.7298, 3767
0.7301, 3766
0.7304, 3765
0.7308, 3764
0.7311, 3763
0.7315, 3762
0.7318, 3761
0.7321, 3760
0.7325, 3759
0.7328, 3758
0.7332, 3757
0.7335, 3756
0.7339, 3755
0.7342, 3754
0.7345, 3753
0.7349, 3752
0.7353, 3751
0.7356, 3750
0.7359, 3749
0.7363, 3748
0.7366, 3747
0.7370, 3746
0.7373, 3745
0.7377, 3744
0.7380, 3743
0.7383, 3742
0.7387, 3741
0.7391, 3740
0.7394, 3739
0.7398, 3738
0.7401, 3737
0.7405, 3736
0.7408, 3735
0.7412, 3734
0.7415, 3733
0.7419, 3732
0.7422, 3731
0.7426, 3730
0.7429, 3729
0.7432, 3728
0.7436, 3727
0.7439, 3726
0.7443, 3725
0.7446, 3724
0.7450, 3723
0.7453, 3722
0.7456, 3721
0.7460, 3720
0.7463, 3719
0.7467, 3718
0.7470, 3717
0.7474, 3716
0.7477, 3715
0.7481, 3714
0.7484, 3713
0.7488, 3712
0.7492, 3711
0.7495, 3710
0.7499, 3709
0.7502, 3708
0.7506, 3707
0.7509, 3706
0.7513, 3705
0.7516, 3704
0.7519, 3703
0.7523, 3702
0.7526, 3701
0.7530, 3700
0.7533, 3699
0.7537, 3698
0.7540, 3697
0.7544, 3696
0.7547, 3695
0.7550, 3694
0.7554, 3693
0.7557, 3692
0.7561, 3691
0.7564, 3690
0.7568, 3689
0.7571, 3688
0.7574, 3687
0.7578, 3686
0.7581, 3685
0.7585, 3684
0.7588, 3683
0.7591, 3682
0.7595, 3681
0.7598, 3680
0.7602, 3679
0.7605, 3678
0.7608, 3677
0.7612, 3676
0.7615, 3675
0.7619, 3674
0.7622, 3673
0.7625, 3672
0.7629, 3671
0.7632, 3670
0.7636, 3669
0.7639, 3668
0.7642, 3667
0.7646, 3666
0.7649, 3665
0.7653, 3664
0.7656, 3663
0.7660, 3662
0.7663, 3661
0.7666, 3660
0.7670, 3659
0.7673, 3658
0.7677, 3657
0.7680, 3656
0.7683, 3655
0.7687, 3654
0.7690, 3653
0.7694, 3652
0.7697, 3651
0.7701, 3650
0.7704, 3649
0.7707, 3648
0.7711, 3647
0.7714, 3646
0.7718, 3645
0.7721, 3644
0.7724, 3643
0.7728, 3642
0.7731, 3641
0.7734, 3640
0.7738, 3639
0.7741, 3638
0.7745, 3637
0.7748, 3636
0.7751, 3635
0.7755, 3634
0.7758, 3633
0.7762, 3632
0.7765, 3631
0.7769, 3630
0.7772, 3629
0.7775, 3628
0.7779, 3627
0.7782, 3626
0.7786, 3625
0.7789, 3624
0.7792, 3623
0.7796, 3622
0.7799, 3621
0.7802, 3620
0.7806, 3619
0.7809, 3618
0.7812, 3617
0.7816, 3616
0.7819, 3615
0.7823, 3614
0.7826, 3613
0.7829, 3612
0.7833, 3611
0.7836, 3610
0.7840, 3609
0.7843, 3608
0.7846, 3607
0.7850, 3606
0.7853, 3605
0.7856, 3604
0.7859, 3603
0.7863, 3602
0.7866, 3601
0.7870, 3600
0.7873, 3599
0.7876, 3598
0.7880, 3597
0.7883, 3596
0.7886, 3595
0.7890, 3594
0.7893, 3593
0.7897, 3592
0.7900, 3591
0.7903, 3590
0.7907, 3589
0.7910, 3588
0.7913, 3587
0.7917, 3586
0.7920, 3585
0.7923, 3584
0.7927, 3583
0.7930, 3582
0.7933, 3581
0.7937, 3580
0.7940, 3579
0.7943, 3578
0.7947, 3577
0.7950, 3576
0.7953, 3575
0.7957, 3574
0.7960, 3573
0.7964, 3572
0.7967, 3571
0.7970, 3570
0.7973, 3569
0.7977, 3568
0.7980, 3567
0.7984, 3566
0.7987, 3565
0.7991, 3564
0.7994, 3563
0.7997, 3562
0.8000, 3561
0.8004, 3560
0.8007, 3559
0.8010, 3558
0.8014, 3557
0.8017, 3556
0.8021, 3555
0.8024, 3554
0.8027, 3553
0.8030, 3552
0.8034, 3551
0.8037, 3550
0.8040, 3549
0.8044, 3548
0.8047, 3547
0.8050, 3546
0.8054, 3545
0.8057, 3544
0.8060, 3543
0.8063, 3542
0.8067, 3541
0.8070, 3540
0.8074, 3539
0.8078, 3538
0.8081, 3537
0.8084, 3536
0.8088, 3535
0.8091, 3534
0.8094, 3533
0.8098, 3532
0.8101, 3531
0.8104, 3530
0.8107, 3529
0.8111, 3528
0.8114, 3527
0.8117, 3526
0.8121, 3525
0.8124, 3524
0.8127, 3523
0.8131, 3522
0.8134, 3521
0.8137, 3520
0.8141, 3519
0.8144, 3518
0.8147, 3517
0.8150, 3516
0.8154, 3515
0.8157, 3514
0.8160, 3513
0.8164, 3512
0.8167, 3511
0.8170, 3510
0.8174, 3509
0.8177, 3508
0.8180, 3507
0.8184, 3506
0.8187, 3505
0.8190, 3504
0.8194, 3503
0.8197, 3502
0.8200, 3501
0.8203, 3500
0.8207, 3499
0.8210, 3498
0.8213, 3497
0.8217, 3496
0.8220, 3495
0.8223, 3494
0.8226, 3493
0.8230, 3492
0.8233, 3491
0.8236, 3490
0.8240, 3489
0.8243, 3488
0.8246, 3487
0.8249, 3486
0.8253, 3485
0.8256, 3484
0.8259, 3483
0.8262, 3482
0.8266, 3481
0.8269, 3480
0.8272, 3479
0.8276, 3478
0.8279, 3477
0.8282, 3476
0.8285, 3475
0.8289, 3474
0.8292, 3473
0.8295, 3472
0.8298, 3471
0.8301, 3470
0.8305, 3469
0.8308, 3468
0.8311, 3467
0.8314, 3466
0.8318, 3465
0.8321, 3464
0.8324, 3463
0.8327, 3462
0.8331, 3461
0.8334, 3460
0.8338, 3459
0.8341, 3458
0.8344, 3457
0.8348, 3456
0.8351, 3455
0.8354, 3454
0.8358, 3453
0.8361, 3452
0.8364, 3451
0.8367, 3450
0.8371, 3449
0.8374, 3448
0.8377, 3447
0.8380, 3446
0.8384, 3445
0.8387, 3444
0.8390, 3443
0.8393, 3442
0.8397, 3441
0.8400, 3440
0.8403, 3439
0.8406, 3438
0.8409, 3437
0.8413, 3436
0.8416, 3435
0.8419, 3434
0.8422, 3433
0.8426, 3432
0.8429, 3431
0.8432, 3430
0.8435, 3429
0.8439, 3428
0.8442, 3427
0.8445, 3426
0.8448, 3425
0.8451, 3424
0.8455, 3423
0.8458, 3422
0.8461, 3421
0.8464, 3420
0.8467, 3419
0.8471, 3418
0.8474, 3417
0.8477, 3416
0.8481, 3415
0.8484, 3414
0.8487, 3413
0.8491, 3412
0.8494, 3411
0.8497, 3410
0.8500, 3409
0.8503, 3408
0.8507, 3407
0.8510, 3406
0.8513, 3405
0.8516, 3404
0.8519, 3403
0.8523, 3402
0.8526, 3401
0.8529, 3400
0.8532, 3399
0.8535, 3398
0.8538, 3397
0.8542, 3396
0.8545, 3395
0.8548, 3394
0.8551, 3393
0.8554, 3392
0.8557, 3391
0.8561, 3390
0.8564, 3389
0.8567, 3388
0.8570, 3387
0.8574, 3386
0.8577, 3385
0.8580, 3384
0.8583, 3383
0.8587, 3382
0.8590, 3381
0.8593, 3380
0.8596, 3379
0.8600, 3378
0.8603, 3377
0.8606, 3376
0.8609, 3375
0.8613, 3374
0.8616, 3373
0.8619, 3372
0.8622, 3371
0.8626, 3370
0.8629, 3369
0.8632, 3368
0.8636, 3367
0.8639, 3366
0.8642, 3365
0.8646, 3364
0.8649, 3363
0.8652, 3362
0.8655, 3361
0.8658, 3360
0.8661, 3359
0.8665, 3358
0.8668, 3357
0.8671, 3356
0.8674, 3355
0.8677, 3354
0.8680, 3353
0.8684, 3352
0.8687, 3351
0.8690, 3350
0.8693, 3349
0.8697, 3348
0.8700, 3347
0.8703, 3346
0.8706, 3345
0.8710, 3344
0.8713, 3343
0.8716, 3342
0.8720, 3341
0.8723, 3340
0.8726, 3339
0.8730, 3338
0.8733, 3337
0.8736, 3336
0.8739, 3335
0.8743, 3334
0.8746, 3333
0.8749, 3332
0.8752, 3331
0.8756, 3330
0.8759, 3329
0.8762, 3328
0.8765, 3327
0.8769, 3326
0.8772, 3325
0.8775, 3324
0.8778, 3323
0.8781, 3322
0.8784, 3321
0.8788, 3320
0.8791, 3319
0.8794, 3318
0.8797, 3317
0.8800, 3316
0.8804, 3315
0.8807, 3314
0.8810, 3313
0.8813, 3312
0.8816, 3311
0.8819, 3310
0.8823, 3309
0.8826, 3308
0.8829, 3307
0.8833, 3306
0.8836, 3305
0.8839, 3304
0.8842, 3303
0.8846, 3302
0.8849, 3301
0.8853, 3300
0.8856, 3299
0.8859, 3298
0.8863, 3297
0.8866, 3296
0.8870, 3295
0.8873, 3294
0.8876, 3293
0.8880, 3292
0.8883, 3291
0.8886, 3290
0.8889, 3289
0.8892, 3288
0.8896, 3287
0.8899, 3286
0.8903, 3285
0.8906, 3284
0.8909, 3283
0.8913, 3282
0.8916, 3281
0.8919, 3280
0.8922, 3279
0.8926, 3278
0.8929, 3277
0.8932, 3276
0.8936, 3275
0.8939, 3274
0.8943, 3273
0.8947, 3272
0.8950, 3271
0.8953, 3270
0.8957, 3269
0.8960, 3268
0.8964, 3267
0.8967, 3266
0.8970, 3265
0.8974, 3264
0.8978, 3263
0.8981, 3262
0.8984, 3261
0.8988, 3260
0.8992, 3259
0.8995, 3258
0.8998, 3257
0.9002, 3256
0.9005, 3255
0.9008, 3254
0.9011, 3253
0.9014, 3252
0.9018, 3251
0.9021, 3250
0.9024, 3249
0.9027, 3248
0.9030, 3247
0.9033, 3246
0.9036, 3245
0.9040, 3244
0.9043, 3243
0.9046, 3242
0.9049, 3241
0.9052, 3240
0.9056, 3239
0.9059, 3238
0.9062, 3237
0.9065, 3236
0.9069, 3235
0.9072, 3234
0.9075, 3233
0.9079, 3232
0.9082, 3231
0.9085, 3230
0.9089, 3229
0.9092, 3228
0.9095, 3227
0.9099, 3226
0.9102, 3225
0.9106, 3224
0.9109, 3223
0.9112, 3222
0.9116, 3221
0.9119, 3220
0.9123, 3219
0.9126, 3218
0.9129, 3217
0.9132, 3216
0.9136, 3215
0.9139, 3214
0.9143, 3213
0.9146, 3212
0.9149, 3211
0.9152, 3210
0.9155, 3209
0.9158, 3208
0.9162, 3207
0.9165, 3206
0.9168, 3205
0.9171, 3204
0.9174, 3203
0.9177, 3202
0.9180, 3201
0.9183, 3200
0.9187, 3199
0.9190, 3198
0.9194, 3197
0.9198, 3196
0.9201, 3195
0.9205, 3194
0.9208, 3193
0.9211, 3192
0.9215, 3191
0.9218, 3190
0.9221, 3189
0.9225, 3188
0.9228, 3187
0.9231, 3186
0.9234, 3185
0.9237, 3184
0.9240, 3183
0.9243, 3182
0.9247, 3181
0.9250, 3180
0.9253, 3179
0.9257, 3178
0.9260, 3177
0.9264, 3176
0.9267, 3175
0.9270, 3174
0.9273, 3173
0.9277, 3172
0.9280, 3171
0.9283, 3170
0.9286, 3169
0.9289, 3168
0.9292, 3167
0.9296, 3166
0.9299, 3165
0.9302, 3164
0.9305, 3163
0.9308, 3162
0.9311, 3161
0.9314, 3160
0.9317, 3159
0.9321, 3158
0.9324, 3157
0.9327, 3156
0.9330, 3155
0.9333, 3154
0.9336, 3153
0.9339, 3152
0.9342, 3151
0.9345, 3150
0.9349, 3149
0.9352, 3148
0.9355, 3147
0.9358, 3146
0.9361, 3145
0.9364, 3144
0.9368, 3143
0.9371, 3142
0.9374, 3141
0.9377, 3140
0.9381, 3139
0.9384, 3138
0.9388, 3137
0.9391, 3136
0.9394, 3135
0.9397, 3134
0.9400, 3133
0.9404, 3132
0.9407, 3131
0.9410, 3130
0.9413, 3129
0.9417, 3128
0.9420, 3127
0.9424, 3126
0.9427, 3125
0.9430, 3124
0.9433, 3123
0.9436, 3122
0.9439, 3121
0.9442, 3120
0.9445, 3119
0.9448, 3118
0.9451, 3117
0.9455, 3116
0.9458, 3115
0.9461, 3114
0.9464, 3113
0.9467, 3112
0.9469, 3111
0.9472, 3110
0.9475, 3109
0.9478, 3108
0.9482, 3107
0.9485, 3106
0.9488, 3105
0.9491, 3104
0.9494, 3103
0.9497, 3102
0.9500, 3101
0.9503, 3100
0.9506, 3099
0.9509, 3098
0.9513, 3097
0.9516, 3096
0.9519, 3095
0.9522, 3094
0.9525, 3093
0.9528, 3092
0.9531, 3091
0.9534, 3090
0.9537, 3089
0.9540, 3088
0.9543, 3087
0.9546, 3086
0.9549, 3085
0.9552, 3084
0.9555, 3083
0.9558, 3082
0.9561, 3081
0.9565, 3080
0.9568, 3079
0.9571, 3078
0.9574, 3077
0.9578, 3076
0.9581, 3075
0.9584, 3074
0.9587, 3073
0.9590, 3072
0.9593, 3071
0.9596, 3070
0.9599, 3069
0.9601, 3068
0.9605, 3067
0.9608, 3066
0.9611, 3065
0.9614, 3064
0.9617, 3063
0.9619, 3062
0.9622, 3061
0.9625, 3060
0.9628, 3059
0.9631, 3058
0.9634, 3057
0.9637, 3056
0.9640, 3055
0.9643, 3054
0.9646, 3053
0.9649, 3052
0.9652, 3051
0.9655, 3050
0.9658, 3049
0.9661, 3048
0.9664, 3047
0.9667, 3046
0.9671, 3045
0.9674, 3044
0.9677, 3043
0.9680, 3042
0.9683, 3041
0.9686, 3040
0.9689, 3039
0.9692, 3038
0.9694, 3037
0.9697, 3036
0.9700, 3035
0.9703, 3034
0.9706, 3033
0.9709, 3032
0.9712, 3031
0.9715, 3030
0.9718, 3029
0.9721, 3028
0.9724, 3027
0.9727, 3026
0.9730, 3025
0.9733, 3024
0.9736, 3023
0.9739, 3022
0.9742, 3021
0.9745, 3020
0.9748, 3019
0.9751, 3018
0.9754, 3017
0.9757, 3016
0.9760, 3015
0.9763, 3014
0.9766, 3013
0.9769, 3012
0.9772, 3011
0.9775, 3010
0.9778, 3009
0.9781, 3008
0.9784, 3007
0.9786, 3006
0.9789, 3005
0.9792, 3004
0.9795, 3003
0.9798, 3002
0.9801, 3001
0.9804, 3000
0.9807, 2999
0.9810, 2998
0.9813, 2997
0.9816, 2996
0.9819, 2995
0.9822, 2994
0.9825, 2993
0.9828, 2992
0.9831, 2991
0.9834, 2990
0.9837, 2989
0.9840, 2988
0.9843, 2987
0.9846, 2986
0.9849, 2985
0.9852, 2984
0.9855, 2983
0.9858, 2982
0.9861, 2981
0.9864, 2980
0.9867, 2979
0.9870, 2978
0.9872, 2977
0.9875, 2976
0.9878, 2975
0.9881, 2974
0.9884, 2973
0.9888, 2972
0.9891, 2971
0.9894, 2970
0.9897, 2969
0.9900, 2968
0.9903, 2967
0.9906, 2966
0.9909, 2965
0.9912, 2964
0.9915, 2963
0.9918, 2962
0.9920, 2961
0.9923, 2960
0.9926, 2959
0.9929, 2958
0.9932, 2957
0.9935, 2956
0.9938, 2955
0.9941, 2954
0.9944, 2953
0.9948, 2952
0.9951, 2951
0.9954, 2950
0.9957, 2949
0.9960, 2948
0.9963, 2947
0.9966, 2946
0.9969, 2945
0.9972, 2944
0.9975, 2943
0.9977, 2942
0.9980, 2941
0.9983, 2940
0.9986, 2939
0.9989, 2938
0.9992, 2937
0.9995, 2936
0.9999, 2935
1.0002, 2934
1.0005, 2933
1.0008, 2932
1.0011, 2931
1.0014, 2930
1.0017, 2929
1.0020, 2928
1.0023, 2927
1.0027, 2926
1.0030, 2925
1.0033, 2924
1.0036, 2923
1.0039, 2922
1.0042, 2921
1.0045, 2920
1.0048, 2919
1.0051, 2918
1.0055, 2917
1.0058, 2916
1.0061, 2915
1.0065, 2914
1.0067, 2913
1.0071, 2912
1.0074, 2911
1.0077, 2910
1.0080, 2909
1.0084, 2908
1.0087, 2907
1.0090, 2906
1.0093, 2905
1.0096, 2904
1.0099, 2903
1.0102, 2902
1.0105, 2901
1.0108, 2900
1.0111, 2899
1.0114, 2898
1.0117, 2897
1.0120, 2896
1.0123, 2895
1.0126, 2894
1.0129, 2893
1.0132, 2892
1.0135, 2891
1.0138, 2890
1.0142, 2889
1.0145, 2888
1.0148, 2887
1.0151, 2886
1.0154, 2885
1.0157, 2884
1.0160, 2883
1.0163, 2882
1.0166, 2881
1.0169, 2880
1.0173, 2879
1.0175, 2878
1.0178, 2877
1.0182, 2876
1.0184, 2875
1.0187, 2874
1.0190, 2873
1.0193, 2872
1.0196, 2871
1.0200, 2870
1.0202, 2869
1.0205, 2868
1.0208, 2867
1.0211, 2866
1.0214, 2865
1.0218, 2864
1.0221, 2863
1.0223, 2862
1.0226, 2861
1.0229, 2860
1.0232, 2859
1.0235, 2858
1.0238, 2857
1.0241, 2856
1.0244, 2855
1.0246, 2854
1.0249, 2853
1.0252, 2852
1.0255, 2851
1.0258, 2850
1.0260, 2849
1.0263, 2848
1.0266, 2847
1.0269, 2846
1.0272, 2845
1.0274, 2844
1.0278, 2843
1.0280, 2842
1.0283, 2841
1.0286, 2840
1.0289, 2839
1.0292, 2838
1.0295, 2837
1.0297, 2836
1.0300, 2835
1.0303, 2834
1.0306, 2833
1.0309, 2832
1.0312, 2831
1.0315, 2830
1.0318, 2829
1.0321, 2828
1.0323, 2827
1.0326, 2826
1.0329, 2825
1.0332, 2824
1.0335, 2823
1.0338, 2822
1.0341, 2821
1.0344, 2820
1.0346, 2819
1.0350, 2818
1.0352, 2817
1.0355, 2816
1.0358, 2815
1.0361, 2814
1.0364, 2813
1.0366, 2812
1.0369, 2811
1.0372, 2810
1.0375, 2809
1.0378, 2808
1.0381, 2807
1.0383, 2806
1.0386, 2805
1.0389, 2804
1.0392, 2803
1.0395, 2802
1.0398, 2801
1.0401, 2800
1.0403, 2799
1.0406, 2798
1.0409, 2797
1.0412, 2796
1.0415, 2795
1.0418, 2794
1.0421, 2793
1.0424, 2792
1.0427, 2791
1.0430, 2790
1.0432, 2789
1.0435, 2788
1.0438, 2787
1.0441, 2786
1.0444, 2785
1.0447, 2784
1.0450, 2783
1.0452, 2782
1.0455, 2781
1.0458, 2780
1.0461, 2779
1.0464, 2778
1.0467, 2777
1.0469, 2776
1.0472, 2775
1.0475, 2774
1.0478, 2773
1.0481, 2772
1.0483, 2771
1.0486, 2770
1.0489, 2769
1.0492, 2768
1.0495, 2767
1.0498, 2766
1.0500, 2765
1.0503, 2764
1.0506, 2763
1.0509, 2762
1.0512, 2761
1.0514, 2760
1.0517, 2759
1.0520, 2758
1.0523, 2757
1.0526, 2756
1.0529, 2755
1.0531, 2754
1.0534, 2753
1.0537, 2752
1.0540, 2751
1.0543, 2750
1.0546, 2749
1.0549, 2748
1.0552, 2747
1.0555, 2746
1.0558, 2745
1.0561, 2744
1.0564, 2743
1.0567, 2742
1.0569, 2741
1.0572, 2740
1.0575, 2739
1.0578, 2738
1.0582, 2737
1.0585, 2736
1.0588, 2735
1.0591, 2734
1.0594, 2733
1.0597, 2732
1.0600, 2731
1.0603, 2730
1.0606, 2729
1.0608, 2728
1.0611, 2727
1.0614, 2726
1.0617, 2725
1.0620, 2724
1.0623, 2723
1.0626, 2722
1.0629, 2721
1.0632, 2720
1.0635, 2719
1.0638, 2718
1.0640, 2717
1.0643, 2716
1.0646, 2715
1.0649, 2714
1.0652, 2713
1.0655, 2712
1.0658, 2711
1.0661, 2710
1.0664, 2709
1.0667, 2708
1.0669, 2707
1.0672, 2706
1.0675, 2705
1.0678, 2704
1.0681, 2703
1.0683, 2702
1.0686, 2701
1.0689, 2700
1.0692, 2699
1.0695, 2698
1.0697, 2697
1.0700, 2696
1.0703, 2695
1.0706, 2694
1.0708, 2693
1.0711, 2692
1.0714, 2691
1.0717, 2690
1.0720, 2689
1.0723, 2688
1.0725, 2687
1.0728, 2686
1.0731, 2685
1.0734, 2684
1.0737, 2683
1.0740, 2682
1.0742, 2681
1.0745, 2680
1.0748, 2679
1.0751, 2678
1.0754, 2677
1.0756, 2676
1.0759, 2675
1.0762, 2674
1.0765, 2673
1.0767, 2672
1.0770, 2671
1.0774, 2670
1.0777, 2669
1.0779, 2668
1.0783, 2667
1.0785, 2666
1.0788, 2665
1.0791, 2664
1.0793, 2663
1.0796, 2662
1.0799, 2661
1.0802, 2660
1.0804, 2659
1.0807, 2658
1.0810, 2657
1.0813, 2656
1.0815, 2655
1.0818, 2654
1.0821, 2653
1.0824, 2652
1.0826, 2651
1.0829, 2650
1.0832, 2649
1.0834, 2648
1.0837, 2647
1.0840, 2646
1.0842, 2645
1.0845, 2644
1.0848, 2643
1.0850, 2642
1.0853, 2641
1.0856, 2640
1.0858, 2639
1.0861, 2638
1.0864, 2637
1.0866, 2636
1.0869, 2635
1.0872, 2634
1.0874, 2633
1.0877, 2632
1.0880, 2631
1.0882, 2630
1.0885, 2629
1.0887, 2628
1.0890, 2627
1.0893, 2626
1.0895, 2625
1.0898, 2624
1.0901, 2623
1.0904, 2622
1.0906, 2621
1.0909, 2620
1.0912, 2619
1.0914, 2618
1.0917, 2617
1.0920, 2616
1.0922, 2615
1.0925, 2614
1.0928, 2613
1.0930, 2612
1.0933, 2611
1.0936, 2610
1.0939, 2609
1.0941, 2608
1.0944, 2607
1.0947, 2606
1.0949, 2605
1.0952, 2604
1.0955, 2603
1.0957, 2602
1.0960, 2601
1.0963, 2600
1.0966, 2599
1.0968, 2598
1.0971, 2597
1.0974, 2596
1.0977, 2595
1.0979, 2594
1.0982, 2593
1.0985, 2592
1.0987, 2591
1.0990, 2590
1.0993, 2589
1.0995, 2588
1.0998, 2587
1.1001, 2586
1.1004, 2585
1.1007, 2584
1.1009, 2583
1.1012, 2582
1.1014, 2581
1.1017, 2580
1.1020, 2579
1.1022, 2578
1.1025, 2577
1.1028, 2576
1.1031, 2575
1.1033, 2574
1.1036, 2573
1.1039, 2572
1.1042, 2571
1.1044, 2570
1.1047, 2569
1.1050, 2568
1.1053, 2567
1.1055, 2566
1.1058, 2565
1.1061, 2564
1.1064, 2563
1.1067, 2562
1.1135, 2561
1.1201, 2560
1.1204, 2559
1.1206, 2558
1.1357, 2557
1.1359, 2556
1.1446, 2555
1.1449, 2554
1.1623, 2553
1.1797, 2552
1.1800, 2551
1.2102, 2550
1.2105, 2549
1.2172, 2548
1.2283, 2547
1.2349, 2546
1.2351, 2545
1.2397, 2544
1.2571, 2543
1.2638, 2542
1.2790, 2541
1.2792, 2540
1.2838, 2539
1.2862, 2538
1.2864, 2537
1.2867, 2536
1.2912, 2535
1.3000, 2534
1.3002, 2533
1.3155, 2532
1.3243, 2531
1.3332, 2530
1.3334, 2529
1.3422, 2528
1.3489, 2527
1.3576, 2526
1.3707, 2525
1.3817, 2524
1.3841, 2523
1.3843, 2522
1.3956, 2521
1.3959, 2520
1.3984, 2519
1.4008, 2518
1.4075, 2517
1.4078, 2516
1.4124, 2515
1.4170, 2514
1.4172, 2513
1.4174, 2512
1.4219, 2511
1.5016, 2510
1.5180, 2509
1.5182, 2508
1.5320, 2507
1.5650, 2506
1.5721, 2505
1.5723, 2504
1.5884, 2503
1.5887, 2502
1.5953, 2501
1.6081, 2500
1.6104, 2499
1.6338, 2498
1.6700, 2497
1.6848, 2496
1.6850, 2495
1.6874, 2494
1.6877, 2493
1.6922, 2492
1.7055, 2491
1.7057, 2490
1.7103, 2489
1.7169, 2488
1.7213, 2487
1.7216, 2486
1.7218, 2485
1.7221, 2484
1.7244, 2483
1.7311, 2482
1.7314, 2481
1.7337, 2480
1.7489, 2479
1.7491, 2478
1.7494, 2477
1.7711, 2476
1.7714, 2475
1.7823, 2474
1.7890, 2473
1.7936, 2472
1.8002, 2471
1.8047, 2470
1.8049, 2469
1.8052, 2468
1.8054, 2467
1.8248, 2466
1.8389, 2465
1.8392, 2464
1.8437, 2463
1.8439, 2462
1.8442, 2461
1.8592, 2460
1.8740, 2459
1.8806, 2458
1.9018, 2457
1.9020, 2456
1.9107, 2455
1.9110, 2454
1.9134, 2453
1.9178, 2452
1.9244, 2451
1.9246, 2450
1.9439, 2449
1.9567, 2448
1.9680, 2447
1.9682, 2446
1.9835, 2445
1.9921, 2444
2.0152, 2443
2.0197, 2442
2.0325, 2441
2.0369, 2440
2.0583, 2439
2.0843, 2438
2.0910, 2437
2.0955, 2436
2.1171, 2435
2.1259, 2434
2.1347, 2433
2.1412, 2432
2.1688, 2431
2.1775, 2430
2.1945, 2429
2.2032, 2428
2.2034, 2427
2.2439, 2426
2.2442, 2425
2.2658, 2424
2.2893, 2423
2.2896, 2422
2.2898, 2421
2.3153, 2420
2.3156, 2419
2.3242, 2418
2.3392, 2417
2.3584, 2416
2.3586, 2415
2.3798, 2414
2.3885, 2413
2.4033, 2412
2.4140, 2411
2.4143, 2410
2.4250, 2409
2.4294, 2408
2.4296, 2407
2.4319, 2406
2.4321, 2405
2.4407, 2404
2.4410, 2403
2.4497, 2402
2.4499, 2401
2.4501, 2400
2.4567, 2399
2.4715, 2398
2.4847, 2397
2.4912, 2396
2.4960, 2395
2.4962, 2394
2.4965, 2393
2.5030, 2392
2.5096, 2391
2.5098, 2390
2.5166, 2389
2.5168, 2388
2.5234, 2387
2.5468, 2386
2.5514, 2385
2.5516, 2384
2.5518, 2383
2.5521, 2382
2.5523, 2381
2.5525, 2380
2.5591, 2379
2.5593, 2378
2.5658, 2377
2.5661, 2376
2.5663, 2375
2.5707, 2374
2.5709, 2373
2.5817, 2372
2.5819, 2371
2.5842, 2370
2.5887, 2369
2.5889, 2368
2.5892, 2367
2.5999, 2366
2.6001, 2365
2.6150, 2364
2.6195, 2363
2.6197, 2362
2.6199, 2361
2.6287, 2360
2.6289, 2359
2.6292, 2358
2.6294, 2357
2.6296, 2356
2.6299, 2355
2.6532, 2354
2.6534, 2353
2.6537, 2352
2.6539, 2351
2.6626, 2350
2.6670, 2349
2.6673, 2348
2.6675, 2347
2.6677, 2346
2.6722, 2345
2.6892, 2344
2.6936, 2343
2.7043, 2342
2.7087, 2341
2.7089, 2340
2.7259, 2339
2.7261, 2338
2.7347, 2337
2.7349, 2336
2.7351, 2335
2.7354, 2334
2.7398, 2333
2.7632, 2332
2.7634, 2331
2.7636, 2330
2.7828, 2329
2.7831, 2328
2.7897, 2327
2.7899, 2326
2.8133, 2325
2.8327, 2324
2.8329, 2323
2.8331, 2322
2.8417, 2321
2.8419, 2320
2.8547, 2319
2.8549, 2318
2.9890, 2317
2.9913, 2316
2.9936, 2315
2.9980, 2314
2.9983, 2313
3.0005, 2312
3.0049, 2311
3.0051, 2310
3.0096, 2309
3.0287, 2308
3.0331, 2307
3.0396, 2306
3.0400, 2305
3.0447, 2304
3.0449, 2303
3.0599, 2302
3.0601, 2301
3.0687, 2300
3.0690, 2299
3.0713, 2298
3.0820, 2297
3.0865, 2296
3.0867, 2295
3.0933, 2294
3.0935, 2293
3.0979, 2292
3.0981, 2291
3.1066, 2290
3.1109, 2289
3.1236, 2288
3.1321, 2287
3.1426, 2286
3.1428, 2285
3.1471, 2284
3.1516, 2283
3.1539, 2282
3.1541, 2281
3.1688, 2280
3.1834, 2279
3.1878, 2278
3.2129, 2277
3.2173, 2276
3.2237, 2275
3.2591, 2274
3.2675, 2273
3.2678, 2272
3.2680, 2271
3.2682, 2270
3.2684, 2269
3.2749, 2268
3.2751, 2267
3.2815, 2266
3.2818, 2265
3.2820, 2264
3.2843, 2263
3.2845, 2262
3.2971, 2261
3.3056, 2260
3.3141, 2259
3.3207, 2258
3.3251, 2257
3.3501, 2256
3.3544, 2255
3.3608, 2254
3.3610, 2253
3.3613, 2252
3.3883, 2251
3.3969, 2250
3.4034, 2249
3.4078, 2248
3.4185, 2247
3.4187, 2246
3.4189, 2245
3.4278, 2244
3.4425, 2243
3.4470, 2242
3.4597, 2241
3.4661, 2240
3.4664, 2239
3.4834, 2238
3.4878, 2237
3.4943, 2236
3.5112, 2235
3.5135, 2234
3.5220, 2233
3.5222, 2232
3.5369, 2231
3.5535, 2230
3.5578, 2229
3.5725, 2228
3.5978, 2227
3.6064, 2226
3.6253, 2225
3.8185, 2224
3.8283, 2223
3.8337, 2222
3.8406, 2221
3.9196, 2220
3.9610, 2219
4.0554, 2218
4.0915, 2217
4.1824, 2216
4.4582, 2215
4.4690, 2214
4.5978, 2213
