0.0293, 2281
0.0562, 2280
0.0996, 2277
0.1148, 2276
0.1554, 2275
0.1768, 2274
0.1865, 2272
0.2025, 2271
0.2359, 2270
0.2624, 2269
0.2830, 2268
0.3036, 2267
0.3504, 2266
0.4882, 2265
0.4979, 2264
0.5460, 2263
0.5945, 2260
0.6038, 2258
0.6128, 2257
0.7049, 2256
0.7783, 2255
0.8869, 2254
0.8995, 2252
0.9444, 2251
1.0995, 2250
1.2509, 2249
1.2967, 2248
1.3303, 2247
1.4124, 2246
1.5753, 2245
1.5815, 2244
1.6439, 2243
1.6471, 2242
1.6503, 2240
1.6887, 2239
1.7829, 2238
1.7983, 2237
2.1080, 2236
2.1535, 2235
2.2356, 2234
2.2388, 2233
2.2694, 2232
2.5643, 2231
2.5735, 2230
2.6163, 2229
2.6317, 2228
2.7416, 2227
2.9792, 2226
