0.6555, 3931
0.6559, 3930
0.6562, 3929
0.6565, 3928
0.6569, 3927
0.6572, 3926
0.6575, 3925
0.6579, 3924
0.6582, 3923
0.6585, 3922
0.6589, 3921
0.6592, 3920
0.6596, 3919
0.6599, 3918
0.6602, 3917
0.6606, 3916
0.6609, 3915
0.6613, 3914
0.6617, 3913
0.6620, 3912
0.6624, 3911
0.6627, 3910
0.6630, 3909
0.6634, 3908
0.6637, 3907
0.6640, 3906
0.6644, 3905
0.6648, 3904
0.6651, 3903
0.6655, 3902
0.6658, 3901
0.6662, 3900
0.6665, 3899
0.6668, 3898
0.6672, 3897
0.6675, 3896
0.6679, 3895
0.6682, 3894
0.6685, 3893
0.6689, 3892
0.6692, 3891
0.6695, 3890
0.6699, 3889
0.6702, 3888
0.6706, 3887
0.6709, 3886
0.6712, 3885
0.6716, 3884
0.6719, 3883
0.6723, 3882
0.6726, 3881
0.6730, 3880
0.6733, 3879
0.6737, 3878
0.6740, 3877
0.6743, 3876
0.6747, 3875
0.6750, 3874
0.6753, 3873
0.6757, 3872
0.6760, 3871
0.6764, 3870
0.6767, 3869
0.6770, 3868
0.6773, 3867
0.6777, 3866
0.6780, 3865
0.6783, 3864
0.6787, 3863
0.6790, 3862
0.6794, 3861
0.6797, 3860
0.6801, 3859
0.6804, 3858
0.6808, 3857
0.6811, 3856
0.6815, 3855
0.6818, 3854
0.6822, 3853
0.6825, 3852
0.6828, 3851
0.6832, 3850
0.6835, 3849
0.6838, 3848
0.6842, 3847
0.6845, 3846
0.6848, 3845
0.6852, 3844
0.6855, 3843
0.6858, 3842
0.6862, 3841
0.6865, 3840
0.6869, 3839
0.6873, 3838
0.6876, 3837
0.6880, 3836
0.6883, 3835
0.6887, 3834
0.6890, 3833
0.6893, 3832
0.6897, 3831
0.6900, 3830
0.6904, 3829
0.6907, 3828
0.6911, 3827
0.6914, 3826
0.6918, 3825
0.6921, 3824
0.6925, 3823
0.6928, 3822
0.6931, 3821
0.6935, 3820
0.6938, 3819
0.6941, 3818
0.6945, 3817
0.6948, 3816
0.6952, 3815
0.6955, 3814
0.6959, 3813
0.6962, 3812
0.6966, 3811
0.6969, 3810
0.6973, 3809
0.6976, 3808
0.6979, 3807
0.6983, 3806
0.6986, 3805
0.6989, 3804
0.6993, 3803
0.6996, 3802
0.6999, 3801
0.7003, 3800
0.7006, 3799
0.7010, 3798
0.7013, 3797
0.7016, 3796
0.7020, 3795
0.7023, 3794
0.7027, 3793
0.7031, 3792
0.7034, 3791
0.7037, 3790
0.7041, 3789
0.7044, 3788
0.7048, 3787
0.7051, 3786
0.7054, 3785
0.7058, 3784
0.7061, 3783
0.7065, 3782
0.7068, 3781
0.7071, 3780
0.7075, 3779
0.7078, 3778
0.7082, 3777
0.7085, 3776
0.7089, 3775
0.7093, 3774
0.7096, 3773
0.7099, 3772
0.7103, 3771
0.7106, 3770
0.7110, 3769
0.7113, 3768
0.7116, 3767
0.7120, 3766
0.7123, 3765
0.7126, 3764
0.7130, 3763
0.7133, 3762
0.7136, 3761
0.7140, 3760
0.7143, 3759
0.7147, 3758
0.7150, 3757
0.7153, 3756
0.7156, 3755
0.7160, 3754
0.7163, 3753
0.7167, 3752
0.7170, 3751
0.7173, 3750
0.7176, 3749
0.7180, 3748
0.7183, 3747
0.7187, 3746
0.7190, 3745
0.7193, 3744
0.7197, 3743
0.7200, 3742
0.7204, 3741
0.7207, 3740
0.7210, 3739
0.7213, 3738
0.7217, 3737
0.7220, 3736
0.7223, 3735
0.7226, 3734
0.7230, 3733
0.7233, 3732
0.7236, 3731
0.7240, 3730
0.7243, 3729
0.7246, 3728
0.7249, 3727
0.7253, 3726
0.7256, 3725
0.7259, 3724
0.7262, 3723
0.7266, 3722
0.7269, 3721
0.7272, 3720
0.7275, 3719
0.7279, 3718
0.7282, 3717
0.7285, 3716
0.7289, 3715
0.7292, 3714
0.7295, 3713
0.7299, 3712
0.7302, 3711
0.7305, 3710
0.7309, 3709
0.7312, 3708
0.7316, 3707
0.7319, 3706
0.7323, 3705
0.7326, 3704
0.7329, 3703
0.7332, 3702
0.7336, 3701
0.7339, 3700
0.7342, 3699
0.7346, 3698
0.7349, 3697
0.7353, 3696
0.7356, 3695
0.7359, 3694
0.7362, 3693
0.7366, 3692
0.7369, 3691
0.7372, 3690
0.7375, 3689
0.7378, 3688
0.7382, 3687
0.7385, 3686
0.7388, 3685
0.7392, 3684
0.7395, 3683
0.7399, 3682
0.7402, 3681
0.7405, 3680
0.7408, 3679
0.7412, 3678
0.7415, 3677
0.7418, 3676
0.7421, 3675
0.7425, 3674
0.7428, 3673
0.7431, 3672
0.7434, 3671
0.7438, 3670
0.7441, 3669
0.7444, 3668
0.7448, 3667
0.7451, 3666
0.7454, 3665
0.7457, 3664
0.7461, 3663
0.7464, 3662
0.7468, 3661
0.7471, 3660
0.7474, 3659
0.7477, 3658
0.7481, 3657
0.7484, 3656
0.7488, 3655
0.7491, 3654
0.7495, 3653
0.7498, 3652
0.7501, 3651
0.7504, 3650
0.7508, 3649
0.7511, 3648
0.7514, 3647
0.7518, 3646
0.7521, 3645
0.7525, 3644
0.7528, 3643
0.7531, 3642
0.7535, 3641
0.7538, 3640
0.7542, 3639
0.7545, 3638
0.7548, 3637
0.7551, 3636
0.7555, 3635
0.7558, 3634
0.7561, 3633
0.7565, 3632
0.7568, 3631
0.7571, 3630
0.7575, 3629
0.7578, 3628
0.7582, 3627
0.7585, 3626
0.7588, 3625
0.7591, 3624
0.7595, 3623
0.7598, 3622
0.7601, 3621
0.7605, 3620
0.7608, 3619
0.7611, 3618
0.7615, 3617
0.7618, 3616
0.7622, 3615
0.7625, 3614
0.7628, 3613
0.7631, 3612
0.7635, 3611
0.7638, 3610
0.7641, 3609
0.7644, 3608
0.7648, 3607
0.7651, 3606
0.7654, 3605
0.7657, 3604
0.7661, 3603
0.7664, 3602
0.7667, 3601
0.7671, 3600
0.7674, 3599
0.7677, 3598
0.7681, 3597
0.7684, 3596
0.7687, 3595
0.7690, 3594
0.7694, 3593
0.7697, 3592
0.7700, 3591
0.7704, 3590
0.7707, 3589
0.7711, 3588
0.7714, 3587
0.7717, 3586
0.7720, 3585
0.7724, 3584
0.7727, 3583
0.7730, 3582
0.7734, 3581
0.7737, 3580
0.7740, 3579
0.7744, 3578
0.7747, 3577
0.7750, 3576
0.7753, 3575
0.7756, 3574
0.7760, 3573
0.7763, 3572
0.7766, 3571
0.7770, 3570
0.7773, 3569
0.7776, 3568
0.7779, 3567
0.7783, 3566
0.7786, 3565
0.7789, 3564
0.7793, 3563
0.7796, 3562
0.7799, 3561
0.7802, 3560
0.7806, 3559
0.7809, 3558
0.7812, 3557
0.7815, 3556
0.7818, 3555
0.7822, 3554
0.7825, 3553
0.7828, 3552
0.7831, 3551
0.7834, 3550
0.7837, 3549
0.7841, 3548
0.7844, 3547
0.7847, 3546
0.7851, 3545
0.7854, 3544
0.7857, 3543
0.7861, 3542
0.7864, 3541
0.7867, 3540
0.7870, 3539
0.7873, 3538
0.7876, 3537
0.7879, 3536
0.7883, 3535
0.7886, 3534
0.7889, 3533
0.7892, 3532
0.7895, 3531
0.7898, 3530
0.7902, 3529
0.7905, 3528
0.7908, 3527
0.7911, 3526
0.7914, 3525
0.7917, 3524
0.7920, 3523
0.7924, 3522
0.7927, 3521
0.7930, 3520
0.7933, 3519
0.7936, 3518
0.7940, 3517
0.7943, 3516
0.7946, 3515
0.7949, 3514
0.7952, 3513
0.7955, 3512
0.7958, 3511
0.7962, 3510
0.7965, 3509
0.7968, 3508
0.7971, 3507
0.7975, 3506
0.7978, 3505
0.7981, 3504
0.7984, 3503
0.7987, 3502
0.7990, 3501
0.7993, 3500
0.7997, 3499
0.8000, 3498
0.8003, 3497
0.8006, 3496
0.8010, 3495
0.8013, 3494
0.8016, 3493
0.8019, 3492
0.8022, 3491
0.8026, 3490
0.8029, 3489
0.8032, 3488
0.8036, 3487
0.8039, 3486
0.8042, 3485
0.8045, 3484
0.8049, 3483
0.8052, 3482
0.8055, 3481
0.8058, 3480
0.8061, 3479
0.8065, 3478
0.8068, 3477
0.8071, 3476
0.8074, 3475
0.8078, 3474
0.8081, 3473
0.8084, 3472
0.8087, 3471
0.8090, 3470
0.8093, 3469
0.8097, 3468
0.8100, 3467
0.8103, 3466
0.8107, 3465
0.8110, 3464
0.8113, 3463
0.8116, 3462
0.8119, 3461
0.8122, 3460
0.8126, 3459
0.8129, 3458
0.8132, 3457
0.8135, 3456
0.8138, 3455
0.8142, 3454
0.8145, 3453
0.8148, 3452
0.8151, 3451
0.8154, 3450
0.8157, 3449
0.8160, 3448
0.8163, 3447
0.8166, 3446
0.8169, 3445
0.8172, 3444
0.8175, 3443
0.8178, 3442
0.8181, 3441
0.8185, 3440
0.8188, 3439
0.8191, 3438
0.8194, 3437
0.8197, 3436
0.8200, 3435
0.8203, 3434
0.8206, 3433
0.8209, 3432
0.8212, 3431
0.8216, 3430
0.8219, 3429
0.8222, 3428
0.8225, 3427
0.8228, 3426
0.8231, 3425
0.8234, 3424
0.8237, 3423
0.8240, 3422
0.8243, 3421
0.8246, 3420
0.8250, 3419
0.8253, 3418
0.8256, 3417
0.8259, 3416
0.8262, 3415
0.8265, 3414
0.8268, 3413
0.8271, 3412
0.8276, 3411
0.8280, 3410
0.8283, 3409
0.8286, 3408
0.8289, 3407
0.8292, 3406
0.8295, 3405
0.8298, 3404
0.8301, 3403
0.8304, 3402
0.8307, 3401
0.8310, 3400
0.8313, 3399
0.8317, 3398
0.8320, 3397
0.8323, 3396
0.8326, 3395
0.8330, 3394
0.8333, 3393
0.8336, 3392
0.8339, 3391
0.8342, 3390
0.8346, 3389
0.8349, 3388
0.8352, 3387
0.8355, 3386
0.8358, 3385
0.8361, 3384
0.8364, 3383
0.8367, 3382
0.8371, 3381
0.8374, 3380
0.8377, 3379
0.8380, 3378
0.8383, 3377
0.8386, 3376
0.8390, 3375
0.8393, 3374
0.8396, 3373
0.8399, 3372
0.8402, 3371
0.8405, 3370
0.8408, 3369
0.8411, 3368
0.8414, 3367
0.8417, 3366
0.8420, 3365
0.8424, 3364
0.8427, 3363
0.8430, 3362
0.8433, 3361
0.8436, 3360
0.8439, 3359
0.8442, 3358
0.8445, 3357
0.8448, 3356
0.8451, 3355
0.8454, 3354
0.8458, 3353
0.8461, 3352
0.8464, 3351
0.8467, 3350
0.8471, 3349
0.8474, 3348
0.8477, 3347
0.8480, 3346
0.8483, 3345
0.8487, 3344
0.8490, 3343
0.8493, 3342
0.8496, 3341
0.8500, 3340
0.8503, 3339
0.8506, 3338
0.8509, 3337
0.8512, 3336
0.8515, 3335
0.8518, 3334
0.8522, 3333
0.8525, 3332
0.8528, 3331
0.8531, 3330
0.8534, 3329
0.8537, 3328
0.8541, 3327
0.8544, 3326
0.8547, 3325
0.8550, 3324
0.8553, 3323
0.8556, 3322
0.8559, 3321
0.8562, 3320
0.8566, 3319
0.8569, 3318
0.8572, 3317
0.8575, 3316
0.8578, 3315
0.8582, 3314
0.8585, 3313
0.8588, 3312
0.8591, 3311
0.8595, 3310
0.8598, 3309
0.8601, 3308
0.8604, 3307
0.8607, 3306
0.8611, 3305
0.8614, 3304
0.8617, 3303
0.8620, 3302
0.8624, 3301
0.8628, 3300
0.8631, 3299
0.8634, 3298
0.8637, 3297
0.8640, 3296
0.8643, 3295
0.8646, 3294
0.8649, 3293
0.8653, 3292
0.8656, 3291
0.8659, 3290
0.8662, 3289
0.8665, 3288
0.8668, 3287
0.8672, 3286
0.8675, 3285
0.8678, 3284
0.8681, 3283
0.8685, 3282
0.8688, 3281
0.8692, 3280
0.8695, 3279
0.8698, 3278
0.8701, 3277
0.8704, 3276
0.8708, 3275
0.8711, 3274
0.8714, 3273
0.8717, 3272
0.8721, 3271
0.8724, 3270
0.8728, 3269
0.8731, 3268
0.8734, 3267
0.8738, 3266
0.8741, 3265
0.8744, 3264
0.8747, 3263
0.8751, 3262
0.8754, 3261
0.8757, 3260
0.8760, 3259
0.8763, 3258
0.8767, 3257
0.8770, 3256
0.8773, 3255
0.8777, 3254
0.8779, 3253
0.8783, 3252
0.8786, 3251
0.8790, 3250
0.8793, 3249
0.8796, 3248
0.8799, 3247
0.8802, 3246
0.8805, 3245
0.8808, 3244
0.8811, 3243
0.8814, 3242
0.8818, 3241
0.8821, 3240
0.8824, 3239
0.8827, 3238
0.8830, 3237
0.8833, 3236
0.8836, 3235
0.8840, 3234
0.8843, 3233
0.8846, 3232
0.8849, 3231
0.8852, 3230
0.8855, 3229
0.8858, 3228
0.8861, 3227
0.8864, 3226
0.8867, 3225
0.8870, 3224
0.8873, 3223
0.8876, 3222
0.8880, 3221
0.8883, 3220
0.8886, 3219
0.8890, 3218
0.8892, 3217
0.8895, 3216
0.8898, 3215
0.8901, 3214
0.8905, 3213
0.8908, 3212
0.8910, 3211
0.8913, 3210
0.8916, 3209
0.8919, 3208
0.8922, 3207
0.8925, 3206
0.8928, 3205
0.8931, 3204
0.8935, 3203
0.8939, 3202
0.8942, 3201
0.8946, 3200
0.8949, 3199
0.8953, 3198
0.8956, 3197
0.8959, 3196
0.8962, 3195
0.8966, 3194
0.8969, 3193
0.8972, 3192
0.8975, 3191
0.8978, 3190
0.8982, 3189
0.8985, 3188
0.8988, 3187
0.8991, 3186
0.8995, 3185
0.8998, 3184
0.9001, 3183
0.9004, 3182
0.9007, 3181
0.9010, 3180
0.9013, 3179
0.9017, 3178
0.9021, 3177
0.9024, 3176
0.9027, 3175
0.9030, 3174
0.9033, 3173
0.9036, 3172
0.9039, 3171
0.9042, 3170
0.9045, 3169
0.9048, 3168
0.9051, 3167
0.9054, 3166
0.9057, 3165
0.9060, 3164
0.9063, 3163
0.9066, 3162
0.9069, 3161
0.9072, 3160
0.9075, 3159
0.9078, 3158
0.9081, 3157
0.9084, 3156
0.9087, 3155
0.9090, 3154
0.9093, 3153
0.9096, 3152
0.9098, 3151
0.9101, 3150
0.9105, 3149
0.9108, 3148
0.9111, 3147
0.9114, 3146
0.9117, 3145
0.9120, 3144
0.9124, 3143
0.9128, 3142
0.9131, 3141
0.9134, 3140
0.9136, 3139
0.9140, 3138
0.9143, 3137
0.9146, 3136
0.9149, 3135
0.9152, 3134
0.9156, 3133
0.9159, 3132
0.9163, 3131
0.9166, 3130
0.9169, 3129
0.9172, 3128
0.9175, 3127
0.9178, 3126
0.9181, 3125
0.9184, 3124
0.9187, 3123
0.9190, 3122
0.9193, 3121
0.9196, 3120
0.9199, 3119
0.9202, 3118
0.9205, 3117
0.9208, 3116
0.9211, 3115
0.9214, 3114
0.9218, 3113
0.9220, 3112
0.9223, 3111
0.9226, 3110
0.9229, 3109
0.9232, 3108
0.9235, 3107
0.9238, 3106
0.9241, 3105
0.9244, 3104
0.9248, 3103
0.9250, 3102
0.9253, 3101
0.9256, 3100
0.9259, 3099
0.9262, 3098
0.9265, 3097
0.9268, 3096
0.9271, 3095
0.9274, 3094
0.9277, 3093
0.9280, 3092
0.9283, 3091
0.9286, 3090
0.9289, 3089
0.9292, 3088
0.9295, 3087
0.9298, 3086
0.9301, 3085
0.9304, 3084
0.9307, 3083
0.9311, 3082
0.9314, 3081
0.9318, 3080
0.9321, 3079
0.9324, 3078
0.9326, 3077
0.9329, 3076
0.9332, 3075
0.9335, 3074
0.9338, 3073
0.9341, 3072
0.9344, 3071
0.9347, 3070
0.9350, 3069
0.9353, 3068
0.9356, 3067
0.9358, 3066
0.9361, 3065
0.9364, 3064
0.9367, 3063
0.9370, 3062
0.9372, 3061
0.9375, 3060
0.9378, 3059
0.9381, 3058
0.9384, 3057
0.9387, 3056
0.9390, 3055
0.9393, 3054
0.9396, 3053
0.9399, 3052
0.9402, 3051
0.9405, 3050
0.9408, 3049
0.9411, 3048
0.9413, 3047
0.9416, 3046
0.9419, 3045
0.9422, 3044
0.9425, 3043
0.9428, 3042
0.9430, 3041
0.9433, 3040
0.9436, 3039
0.9439, 3038
0.9442, 3037
0.9444, 3036
0.9447, 3035
0.9451, 3034
0.9453, 3033
0.9456, 3032
0.9459, 3031
0.9462, 3030
0.9465, 3029
0.9468, 3028
0.9471, 3027
0.9473, 3026
0.9476, 3025
0.9479, 3024
0.9482, 3023
0.9485, 3022
0.9488, 3021
0.9491, 3020
0.9494, 3019
0.9496, 3018
0.9499, 3017
0.9502, 3016
0.9505, 3015
0.9508, 3014
0.9510, 3013
0.9513, 3012
0.9516, 3011
0.9519, 3010
0.9521, 3009
0.9524, 3008
0.9527, 3007
0.9530, 3006
0.9533, 3005
0.9535, 3004
0.9538, 3003
0.9541, 3002
0.9544, 3001
0.9546, 3000
0.9549, 2999
0.9552, 2998
0.9555, 2997
0.9558, 2996
0.9560, 2995
0.9563, 2994
0.9566, 2993
0.9569, 2992
0.9572, 2991
0.9574, 2990
0.9577, 2989
0.9580, 2988
0.9583, 2987
0.9586, 2986
0.9589, 2985
0.9591, 2984
0.9594, 2983
0.9597, 2982
0.9600, 2981
0.9602, 2980
0.9605, 2979
0.9608, 2978
0.9611, 2977
0.9615, 2976
0.9618, 2975
0.9621, 2974
0.9624, 2973
0.9627, 2972
0.9630, 2971
0.9633, 2970
0.9636, 2969
0.9639, 2968
0.9642, 2967
0.9645, 2966
0.9648, 2965
0.9650, 2964
0.9654, 2963
0.9657, 2962
0.9660, 2961
0.9662, 2960
0.9665, 2959
0.9669, 2958
0.9672, 2957
0.9675, 2956
0.9678, 2955
0.9681, 2954
0.9684, 2953
0.9687, 2952
0.9690, 2951
0.9692, 2950
0.9695, 2949
0.9698, 2948
0.9701, 2947
0.9704, 2946
0.9706, 2945
0.9709, 2944
0.9712, 2943
0.9715, 2942
0.9718, 2941
0.9721, 2940
0.9724, 2939
0.9727, 2938
0.9730, 2937
0.9733, 2936
0.9736, 2935
0.9739, 2934
0.9742, 2933
0.9745, 2932
0.9748, 2931
0.9751, 2930
0.9754, 2929
0.9758, 2928
0.9760, 2927
0.9763, 2926
0.9766, 2925
0.9769, 2924
0.9772, 2923
0.9775, 2922
0.9778, 2921
0.9781, 2920
0.9784, 2919
0.9788, 2918
0.9791, 2917
0.9794, 2916
0.9796, 2915
0.9799, 2914
0.9802, 2913
0.9805, 2912
0.9809, 2911
0.9812, 2910
0.9815, 2909
0.9817, 2908
0.9820, 2907
0.9823, 2906
0.9826, 2905
0.9829, 2904
0.9831, 2903
0.9835, 2902
0.9838, 2901
0.9840, 2900
0.9843, 2899
0.9846, 2898
0.9849, 2897
0.9852, 2896
0.9856, 2895
0.9859, 2894
0.9862, 2893
0.9865, 2892
0.9868, 2891
0.9871, 2890
0.9874, 2889
0.9877, 2888
0.9880, 2887
0.9883, 2886
0.9886, 2885
0.9889, 2884
0.9892, 2883
0.9895, 2882
0.9898, 2881
0.9901, 2880
0.9903, 2879
0.9906, 2878
0.9909, 2877
0.9912, 2876
0.9915, 2875
0.9918, 2874
0.9921, 2873
0.9924, 2872
0.9927, 2871
0.9931, 2870
0.9934, 2869
0.9936, 2868
0.9939, 2867
0.9942, 2866
0.9945, 2865
0.9948, 2864
0.9951, 2863
0.9953, 2862
0.9956, 2861
0.9959, 2860
0.9962, 2859
0.9964, 2858
0.9967, 2857
0.9970, 2856
0.9973, 2855
0.9976, 2854
0.9978, 2853
0.9981, 2852
0.9984, 2851
0.9987, 2850
0.9989, 2849
0.9992, 2848
0.9995, 2847
0.9998, 2846
1.0001, 2845
1.0004, 2844
1.0007, 2843
1.0009, 2842
1.0012, 2841
1.0015, 2840
1.0018, 2839
1.0021, 2838
1.0024, 2837
1.0027, 2836
1.0029, 2835
1.0033, 2834
1.0036, 2833
1.0038, 2832
1.0041, 2831
1.0044, 2830
1.0047, 2829
1.0050, 2828
1.0053, 2827
1.0056, 2826
1.0059, 2825
1.0062, 2824
1.0065, 2823
1.0067, 2822
1.0070, 2821
1.0073, 2820
1.0076, 2819
1.0079, 2818
1.0081, 2817
1.0084, 2816
1.0087, 2815
1.0090, 2814
1.0093, 2813
1.0096, 2812
1.0099, 2811
1.0102, 2810
1.0104, 2809
1.0107, 2808
1.0110, 2807
1.0112, 2806
1.0115, 2805
1.0118, 2804
1.0121, 2803
1.0124, 2802
1.0127, 2801
1.0130, 2800
1.0133, 2799
1.0136, 2798
1.0138, 2797
1.0141, 2796
1.0144, 2795
1.0146, 2794
1.0149, 2793
1.0152, 2792
1.0155, 2791
1.0158, 2790
1.0160, 2789
1.0163, 2788
1.0166, 2787
1.0168, 2786
1.0171, 2785
1.0174, 2784
1.0177, 2783
1.0179, 2782
1.0182, 2781
1.0185, 2780
1.0187, 2779
1.0190, 2778
1.0193, 2777
1.0195, 2776
1.0198, 2775
1.0201, 2774
1.0203, 2773
1.0206, 2772
1.0209, 2771
1.0211, 2770
1.0214, 2769
1.0217, 2768
1.0219, 2767
1.0222, 2766
1.0224, 2765
1.0227, 2764
1.0230, 2763
1.0232, 2762
1.0235, 2761
1.0238, 2760
1.0241, 2759
1.0243, 2758
1.0246, 2757
1.0249, 2756
1.0252, 2755
1.0254, 2754
1.0257, 2753
1.0260, 2752
1.0263, 2751
1.0265, 2750
1.0268, 2749
1.0271, 2748
1.0274, 2747
1.0276, 2746
1.0279, 2745
1.0282, 2744
1.0286, 2743
1.0288, 2742
1.0291, 2741
1.0294, 2740
1.0297, 2739
1.0300, 2738
1.0303, 2737
1.0306, 2736
1.0309, 2735
1.0312, 2734
1.0315, 2733
1.0318, 2732
1.0321, 2731
1.0324, 2730
1.0327, 2729
1.0329, 2728
1.0332, 2727
1.0335, 2726
1.0338, 2725
1.0340, 2724
1.0343, 2723
1.0346, 2722
1.0348, 2721
1.0351, 2720
1.0354, 2719
1.0357, 2718
1.0360, 2717
1.0363, 2716
1.0365, 2715
1.0368, 2714
1.0371, 2713
1.0373, 2712
1.0376, 2711
1.0378, 2710
1.0381, 2709
1.0384, 2708
1.0387, 2707
1.0389, 2706
1.0392, 2705
1.0395, 2704
1.0397, 2703
1.0400, 2702
1.0403, 2701
1.0405, 2700
1.0408, 2699
1.0411, 2698
1.0413, 2697
1.0416, 2696
1.0419, 2695
1.0422, 2694
1.0424, 2693
1.0427, 2692
1.0430, 2691
1.0433, 2690
1.0436, 2689
1.0438, 2688
1.0441, 2687
1.0444, 2686
1.0446, 2685
1.0449, 2684
1.0452, 2683
1.0455, 2682
1.0457, 2681
1.0460, 2680
1.0463, 2679
1.0465, 2678
1.0469, 2677
1.0472, 2676
1.0475, 2675
1.0478, 2674
1.0480, 2673
1.0484, 2672
1.0486, 2671
1.0489, 2670
1.0492, 2669
1.0494, 2668
1.0497, 2667
1.0500, 2666
1.0502, 2665
1.0505, 2664
1.0508, 2663
1.0510, 2662
1.0513, 2661
1.0516, 2660
1.0518, 2659
1.0521, 2658
1.0524, 2657
1.0526, 2656
1.0529, 2655
1.0531, 2654
1.0534, 2653
1.0536, 2652
1.0539, 2651
1.0541, 2650
1.0544, 2649
1.0546, 2648
1.0549, 2647
1.0552, 2646
1.0554, 2645
1.0557, 2644
1.0559, 2643
1.0562, 2642
1.0564, 2641
1.0567, 2640
1.0569, 2639
1.0572, 2638
1.0574, 2637
1.0577, 2636
1.0580, 2635
1.0582, 2634
1.0585, 2633
1.0588, 2632
1.0590, 2631
1.0593, 2630
1.0596, 2629
1.0599, 2628
1.0601, 2627
1.0604, 2626
1.0607, 2625
1.0610, 2624
1.0612, 2623
1.0615, 2622
1.0618, 2621
1.0620, 2620
1.0623, 2619
1.0626, 2618
1.0629, 2617
1.0631, 2616
1.0634, 2615
1.0637, 2614
1.0640, 2613
1.0643, 2612
1.0646, 2611
1.0648, 2610
1.0651, 2609
1.0653, 2608
1.0656, 2607
1.0658, 2606
1.0661, 2605
1.0664, 2604
1.0666, 2603
1.0669, 2602
1.0672, 2601
1.0674, 2600
1.0677, 2599
1.0679, 2598
1.0682, 2597
1.0685, 2596
1.0687, 2595
1.0690, 2594
1.0693, 2593
1.0695, 2592
1.0698, 2591
1.0701, 2590
1.0703, 2589
1.0706, 2588
1.0709, 2587
1.0711, 2586
1.0714, 2585
1.0716, 2584
1.0719, 2583
1.0721, 2582
1.0724, 2581
1.0726, 2580
1.0729, 2579
1.0732, 2578
1.0734, 2577
1.0737, 2576
1.0740, 2575
1.0742, 2574
1.0745, 2573
1.0748, 2572
1.0750, 2571
1.0753, 2570
1.0755, 2569
1.0758, 2568
1.0761, 2567
1.0847, 2566
1.0849, 2565
1.0892, 2564
1.1019, 2563
1.1022, 2562
1.1127, 2561
1.1129, 2560
1.1315, 2559
1.1461, 2558
1.1525, 2557
1.1796, 2556
1.1799, 2555
1.1927, 2554
1.1929, 2553
1.2036, 2552
1.2039, 2551
1.2103, 2550
1.2207, 2549
1.2417, 2548
1.2440, 2547
1.2462, 2546
1.2464, 2545
1.2467, 2544
1.2532, 2543
1.2596, 2542
1.2599, 2541
1.2767, 2540
1.2790, 2539
1.2874, 2538
1.2959, 2537
1.2961, 2536
1.3026, 2535
1.3070, 2534
1.3073, 2533
1.3137, 2532
1.3180, 2531
1.3389, 2530
1.3577, 2529
1.3579, 2528
1.3623, 2527
1.3626, 2526
1.3732, 2525
1.3734, 2524
1.3798, 2523
1.3801, 2522
1.3866, 2521
1.3868, 2520
1.3911, 2519
1.3955, 2518
1.3978, 2517
1.4002, 2516
1.4067, 2515
1.4070, 2514
1.4113, 2513
1.4177, 2512
1.4179, 2511
1.4181, 2510
1.4245, 2509
1.4915, 2508
1.5042, 2507
1.5045, 2506
1.5171, 2505
1.5442, 2504
1.5530, 2503
1.5677, 2502
1.5679, 2501
1.5784, 2500
1.5889, 2499
1.5974, 2498
1.6251, 2497
1.6463, 2496
1.6571, 2495
1.6594, 2494
1.6617, 2493
1.6619, 2492
1.6663, 2491
1.6728, 2490
1.6876, 2489
1.6919, 2488
1.6922, 2487
1.6966, 2486
1.6968, 2485
1.6970, 2484
1.6973, 2483
1.6975, 2482
1.7061, 2481
1.7064, 2480
1.7066, 2479
1.7195, 2478
1.7197, 2477
1.7221, 2476
1.7410, 2475
1.7454, 2474
1.7539, 2473
1.7604, 2472
1.7648, 2471
1.7714, 2470
1.7758, 2469
1.7760, 2468
1.7763, 2467
1.7765, 2466
1.7954, 2465
1.8102, 2464
1.8104, 2463
1.8106, 2462
1.8129, 2461
1.8131, 2460
1.8257, 2459
1.8574, 2458
1.8681, 2457
1.8683, 2456
1.8747, 2455
1.8791, 2454
1.8794, 2453
1.8817, 2452
1.8902, 2451
1.8946, 2450
1.8949, 2449
1.9223, 2448
1.9247, 2447
1.9333, 2446
1.9356, 2445
1.9441, 2444
1.9630, 2443
1.9796, 2442
1.9861, 2441
1.9987, 2440
2.0032, 2439
2.0221, 2438
2.0494, 2437
2.0599, 2436
2.0601, 2435
2.0893, 2434
2.0895, 2433
2.0980, 2432
2.1087, 2431
2.1344, 2430
2.1430, 2429
2.1584, 2428
2.1672, 2427
2.1675, 2426
2.2051, 2425
2.2139, 2424
2.2329, 2423
2.2332, 2422
2.2376, 2421
2.2506, 2420
2.2716, 2419
2.2719, 2418
2.2846, 2417
2.3016, 2416
2.3165, 2415
2.3230, 2414
2.3419, 2413
2.3504, 2412
2.3693, 2411
2.3758, 2410
2.3761, 2409
2.3869, 2408
2.3912, 2407
2.3915, 2406
2.3937, 2405
2.3940, 2404
2.4025, 2403
2.4027, 2402
2.4071, 2401
2.4073, 2400
2.4075, 2399
2.4180, 2398
2.4371, 2397
2.4478, 2396
2.4524, 2395
2.4568, 2394
2.4570, 2393
2.4572, 2392
2.4678, 2391
2.4743, 2390
2.4745, 2389
2.4768, 2388
2.4771, 2387
2.4836, 2386
2.5067, 2385
2.5111, 2384
2.5113, 2383
2.5115, 2382
2.5117, 2381
2.5120, 2380
2.5122, 2379
2.5207, 2378
2.5209, 2377
2.5294, 2376
2.5297, 2375
2.5299, 2374
2.5363, 2373
2.5366, 2372
2.5368, 2371
2.5412, 2370
2.5456, 2369
2.5500, 2368
2.5502, 2367
2.5504, 2366
2.5610, 2365
2.5612, 2364
2.5761, 2363
2.5805, 2362
2.5807, 2361
2.5809, 2360
2.5896, 2359
2.5898, 2358
2.5901, 2357
2.5903, 2356
2.5905, 2355
2.5907, 2354
2.6117, 2353
2.6119, 2352
2.6183, 2351
2.6185, 2350
2.6229, 2349
2.6273, 2348
2.6275, 2347
2.6277, 2346
2.6280, 2345
2.6326, 2344
2.6494, 2343
2.6541, 2342
2.6648, 2341
2.6672, 2340
2.6694, 2339
2.6844, 2338
2.6847, 2337
2.6913, 2336
2.6978, 2335
2.6981, 2334
2.6983, 2333
2.7028, 2332
2.7236, 2331
2.7238, 2330
2.7240, 2329
2.7408, 2328
2.7451, 2327
2.7453, 2326
2.7497, 2325
2.7768, 2324
2.7937, 2323
2.7940, 2322
2.7942, 2321
2.8027, 2320
2.8029, 2319
2.8095, 2318
2.8097, 2317
2.9464, 2316
2.9488, 2315
2.9512, 2314
2.9556, 2313
2.9558, 2312
2.9581, 2311
2.9623, 2310
2.9626, 2309
2.9669, 2308
2.9796, 2307
2.9860, 2306
2.9903, 2305
2.9967, 2304
2.9969, 2303
3.0012, 2302
3.0014, 2301
3.0140, 2300
3.0183, 2299
3.0267, 2298
3.0269, 2297
3.0292, 2296
3.0398, 2295
3.0442, 2294
3.0444, 2293
3.0488, 2292
3.0532, 2291
3.0534, 2290
3.0557, 2289
3.0641, 2288
3.0685, 2287
3.0811, 2286
3.0895, 2285
3.0958, 2284
3.0960, 2283
3.1024, 2282
3.1087, 2281
3.1111, 2280
3.1113, 2279
3.1258, 2278
3.1362, 2277
3.1467, 2276
3.1717, 2275
3.1760, 2274
3.1846, 2273
3.2183, 2272
3.2232, 2271
3.2235, 2270
3.2237, 2269
3.2239, 2268
3.2283, 2267
3.2286, 2266
3.2352, 2265
3.2438, 2264
3.2440, 2263
3.2442, 2262
3.2548, 2261
3.2632, 2260
3.2676, 2259
3.2719, 2258
3.2784, 2257
3.2909, 2256
3.2911, 2255
3.3119, 2254
3.3183, 2253
3.3267, 2252
3.3269, 2251
3.3271, 2250
3.3480, 2249
3.3604, 2248
3.3667, 2247
3.3730, 2246
3.3753, 2245
3.3817, 2244
3.3962, 2243
3.4025, 2242
3.4069, 2241
3.4193, 2240
3.4195, 2239
3.4238, 2238
3.4423, 2237
3.4467, 2236
3.4632, 2235
3.4634, 2234
3.4698, 2233
3.4700, 2232
3.4886, 2231
3.4888, 2230
3.5033, 2229
3.5076, 2228
3.5119, 2227
3.5389, 2226
3.5474, 2225
3.5841, 2224
3.7081, 2223
3.7521, 2222
3.7836, 2221
3.7838, 2220
3.8065, 2219
3.8491, 2218
3.9092, 2217
3.9608, 2216
3.9980, 2215
4.0398, 2214
4.0754, 2213
4.2585, 2212
4.3395, 2211
4.5954, 2210
