0.0435, 2281
0.1833, 2279
0.2631, 2278
0.2815, 2277
0.3188, 2276
0.3924, 2275
0.5089, 2272
0.5237, 2271
0.5269, 2270
0.6268, 2269
0.6964, 2267
0.8538, 2265
0.8600, 2264
0.9522, 2263
0.9794, 2262
0.9859, 2261
1.0539, 2260
1.1277, 2259
1.1493, 2258
1.2275, 2257
1.2551, 2254
1.3574, 2253
1.3635, 2252
1.3668, 2251
1.4044, 2250
1.4359, 2249
1.4605, 2247
1.4946, 2246
1.5197, 2245
1.5596, 2244
1.5718, 2241
1.5812, 2240
1.6549, 2239
1.7197, 2238
2.1191, 2237
2.1224, 2236
2.1348, 2235
2.2989, 2234
2.3333, 2233
2.3551, 2231
2.6533, 2229
3.0795, 2228
