0.0348, 2281
0.0504, 2280
0.0830, 2279
0.1535, 2278
0.2163, 2276
0.2227, 2274
0.2352, 2273
0.2473, 2272
0.2536, 2269
0.2597, 2268
0.2629, 2267
0.3359, 2266
0.3954, 2265
0.4046, 2263
0.4817, 2262
0.5126, 2261
0.5277, 2260
0.5704, 2259
0.6112, 2258
0.6995, 2257
0.7149, 2255
0.7330, 2254
0.7604, 2252
0.7756, 2251
0.9217, 2249
0.9248, 2248
0.9530, 2247
1.0625, 2246
1.1260, 2244
1.1291, 2243
1.1936, 2242
1.2756, 2241
1.2967, 2240
1.3523, 2239
1.4262, 2238
1.5318, 2237
1.5503, 2236
1.6845, 2234
1.7404, 2233
1.7539, 2232
1.8593, 2231
2.0353, 2230
2.0477, 2229
2.0870, 2228
2.1087, 2227
2.2073, 2226
2.7685, 2225
2.8019, 2224
2.8414, 2223
