0.8364, 3931
0.8367, 3930
0.8371, 3929
0.8374, 3928
0.8378, 3927
0.8381, 3926
0.8384, 3925
0.8388, 3924
0.8391, 3923
0.8394, 3922
0.8398, 3921
0.8401, 3920
0.8404, 3919
0.8408, 3918
0.8411, 3917
0.8415, 3916
0.8418, 3915
0.8422, 3914
0.8426, 3913
0.8429, 3912
0.8433, 3911
0.8437, 3910
0.8440, 3909
0.8443, 3908
0.8447, 3907
0.8450, 3906
0.8453, 3905
0.8456, 3904
0.8460, 3903
0.8463, 3902
0.8467, 3901
0.8470, 3900
0.8473, 3899
0.8477, 3898
0.8480, 3897
0.8483, 3896
0.8487, 3895
0.8490, 3894
0.8494, 3893
0.8497, 3892
0.8500, 3891
0.8504, 3890
0.8507, 3889
0.8511, 3888
0.8514, 3887
0.8517, 3886
0.8521, 3885
0.8524, 3884
0.8527, 3883
0.8531, 3882
0.8534, 3881
0.8537, 3880
0.8541, 3879
0.8544, 3878
0.8547, 3877
0.8551, 3876
0.8554, 3875
0.8557, 3874
0.8561, 3873
0.8564, 3872
0.8567, 3871
0.8571, 3870
0.8574, 3869
0.8577, 3868
0.8581, 3867
0.8584, 3866
0.8587, 3865
0.8591, 3864
0.8595, 3863
0.8598, 3862
0.8601, 3861
0.8605, 3860
0.8609, 3859
0.8612, 3858
0.8615, 3857
0.8619, 3856
0.8622, 3855
0.8626, 3854
0.8630, 3853
0.8633, 3852
0.8637, 3851
0.8640, 3850
0.8644, 3849
0.8647, 3848
0.8651, 3847
0.8654, 3846
0.8658, 3845
0.8662, 3844
0.8665, 3843
0.8669, 3842
0.8672, 3841
0.8675, 3840
0.8679, 3839
0.8682, 3838
0.8685, 3837
0.8689, 3836
0.8692, 3835
0.8696, 3834
0.8699, 3833
0.8702, 3832
0.8706, 3831
0.8709, 3830
0.8712, 3829
0.8716, 3828
0.8719, 3827
0.8722, 3826
0.8726, 3825
0.8729, 3824
0.8732, 3823
0.8736, 3822
0.8739, 3821
0.8743, 3820
0.8746, 3819
0.8750, 3818
0.8753, 3817
0.8756, 3816
0.8760, 3815
0.8763, 3814
0.8766, 3813
0.8770, 3812
0.8774, 3811
0.8778, 3810
0.8782, 3809
0.8785, 3808
0.8789, 3807
0.8792, 3806
0.8795, 3805
0.8799, 3804
0.8802, 3803
0.8806, 3802
0.8809, 3801
0.8812, 3800
0.8816, 3799
0.8819, 3798
0.8822, 3797
0.8826, 3796
0.8829, 3795
0.8833, 3794
0.8836, 3793
0.8839, 3792
0.8842, 3791
0.8846, 3790
0.8849, 3789
0.8852, 3788
0.8856, 3787
0.8859, 3786
0.8863, 3785
0.8866, 3784
0.8870, 3783
0.8873, 3782
0.8876, 3781
0.8880, 3780
0.8883, 3779
0.8887, 3778
0.8890, 3777
0.8893, 3776
0.8897, 3775
0.8900, 3774
0.8903, 3773
0.8907, 3772
0.8910, 3771
0.8913, 3770
0.8917, 3769
0.8920, 3768
0.8924, 3767
0.8927, 3766
0.8930, 3765
0.8934, 3764
0.8937, 3763
0.8940, 3762
0.8944, 3761
0.8947, 3760
0.8950, 3759
0.8954, 3758
0.8957, 3757
0.8961, 3756
0.8964, 3755
0.8967, 3754
0.8971, 3753
0.8974, 3752
0.8978, 3751
0.8981, 3750
0.8985, 3749
0.8988, 3748
0.8991, 3747
0.8994, 3746
0.8998, 3745
0.9001, 3744
0.9004, 3743
0.9008, 3742
0.9011, 3741
0.9014, 3740
0.9017, 3739
0.9021, 3738
0.9024, 3737
0.9027, 3736
0.9030, 3735
0.9034, 3734
0.9037, 3733
0.9040, 3732
0.9043, 3731
0.9047, 3730
0.9050, 3729
0.9053, 3728
0.9057, 3727
0.9060, 3726
0.9063, 3725
0.9067, 3724
0.9070, 3723
0.9073, 3722
0.9077, 3721
0.9080, 3720
0.9083, 3719
0.9087, 3718
0.9090, 3717
0.9093, 3716
0.9097, 3715
0.9100, 3714
0.9103, 3713
0.9107, 3712
0.9110, 3711
0.9113, 3710
0.9116, 3709
0.9120, 3708
0.9123, 3707
0.9126, 3706
0.9129, 3705
0.9133, 3704
0.9136, 3703
0.9139, 3702
0.9142, 3701
0.9146, 3700
0.9149, 3699
0.9152, 3698
0.9155, 3697
0.9159, 3696
0.9162, 3695
0.9165, 3694
0.9169, 3693
0.9172, 3692
0.9175, 3691
0.9178, 3690
0.9182, 3689
0.9185, 3688
0.9188, 3687
0.9192, 3686
0.9195, 3685
0.9198, 3684
0.9201, 3683
0.9205, 3682
0.9208, 3681
0.9211, 3680
0.9214, 3679
0.9218, 3678
0.9221, 3677
0.9224, 3676
0.9228, 3675
0.9231, 3674
0.9234, 3673
0.9237, 3672
0.9241, 3671
0.9244, 3670
0.9247, 3669
0.9251, 3668
0.9254, 3667
0.9257, 3666
0.9261, 3665
0.9264, 3664
0.9267, 3663
0.9271, 3662
0.9274, 3661
0.9277, 3660
0.9280, 3659
0.9283, 3658
0.9287, 3657
0.9290, 3656
0.9293, 3655
0.9296, 3654
0.9300, 3653
0.9303, 3652
0.9306, 3651
0.9309, 3650
0.9313, 3649
0.9316, 3648
0.9319, 3647
0.9323, 3646
0.9326, 3645
0.9330, 3644
0.9333, 3643
0.9336, 3642
0.9339, 3641
0.9343, 3640
0.9346, 3639
0.9349, 3638
0.9352, 3637
0.9356, 3636
0.9359, 3635
0.9362, 3634
0.9365, 3633
0.9368, 3632
0.9372, 3631
0.9375, 3630
0.9378, 3629
0.9381, 3628
0.9384, 3627
0.9388, 3626
0.9391, 3625
0.9394, 3624
0.9397, 3623
0.9401, 3622
0.9404, 3621
0.9407, 3620
0.9410, 3619
0.9413, 3618
0.9417, 3617
0.9420, 3616
0.9423, 3615
0.9427, 3614
0.9430, 3613
0.9433, 3612
0.9436, 3611
0.9440, 3610
0.9443, 3609
0.9446, 3608
0.9449, 3607
0.9452, 3606
0.9455, 3605
0.9459, 3604
0.9462, 3603
0.9466, 3602
0.9469, 3601
0.9472, 3600
0.9475, 3599
0.9479, 3598
0.9482, 3597
0.9485, 3596
0.9488, 3595
0.9491, 3594
0.9494, 3593
0.9498, 3592
0.9501, 3591
0.9504, 3590
0.9507, 3589
0.9510, 3588
0.9514, 3587
0.9517, 3586
0.9520, 3585
0.9523, 3584
0.9526, 3583
0.9530, 3582
0.9533, 3581
0.9536, 3580
0.9539, 3579
0.9543, 3578
0.9546, 3577
0.9549, 3576
0.9552, 3575
0.9555, 3574
0.9559, 3573
0.9562, 3572
0.9565, 3571
0.9568, 3570
0.9571, 3569
0.9575, 3568
0.9578, 3567
0.9581, 3566
0.9584, 3565
0.9587, 3564
0.9591, 3563
0.9594, 3562
0.9597, 3561
0.9600, 3560
0.9603, 3559
0.9606, 3558
0.9610, 3557
0.9613, 3556
0.9617, 3555
0.9620, 3554
0.9623, 3553
0.9627, 3552
0.9630, 3551
0.9633, 3550
0.9636, 3549
0.9640, 3548
0.9643, 3547
0.9646, 3546
0.9650, 3545
0.9653, 3544
0.9656, 3543
0.9659, 3542
0.9663, 3541
0.9666, 3540
0.9669, 3539
0.9672, 3538
0.9676, 3537
0.9679, 3536
0.9682, 3535
0.9685, 3534
0.9688, 3533
0.9691, 3532
0.9694, 3531
0.9698, 3530
0.9701, 3529
0.9704, 3528
0.9707, 3527
0.9710, 3526
0.9713, 3525
0.9717, 3524
0.9720, 3523
0.9723, 3522
0.9726, 3521
0.9729, 3520
0.9733, 3519
0.9736, 3518
0.9739, 3517
0.9742, 3516
0.9745, 3515
0.9748, 3514
0.9752, 3513
0.9755, 3512
0.9758, 3511
0.9761, 3510
0.9765, 3509
0.9768, 3508
0.9771, 3507
0.9775, 3506
0.9778, 3505
0.9781, 3504
0.9784, 3503
0.9787, 3502
0.9790, 3501
0.9794, 3500
0.9797, 3499
0.9800, 3498
0.9803, 3497
0.9806, 3496
0.9809, 3495
0.9813, 3494
0.9816, 3493
0.9819, 3492
0.9822, 3491
0.9825, 3490
0.9828, 3489
0.9831, 3488
0.9834, 3487
0.9837, 3486
0.9840, 3485
0.9844, 3484
0.9847, 3483
0.9850, 3482
0.9853, 3481
0.9856, 3480
0.9859, 3479
0.9862, 3478
0.9865, 3477
0.9868, 3476
0.9872, 3475
0.9875, 3474
0.9878, 3473
0.9881, 3472
0.9884, 3471
0.9887, 3470
0.9890, 3469
0.9893, 3468
0.9896, 3467
0.9900, 3466
0.9903, 3465
0.9906, 3464
0.9909, 3463
0.9912, 3462
0.9915, 3461
0.9918, 3460
0.9922, 3459
0.9925, 3458
0.9928, 3457
0.9931, 3456
0.9934, 3455
0.9937, 3454
0.9940, 3453
0.9943, 3452
0.9946, 3451
0.9949, 3450
0.9952, 3449
0.9956, 3448
0.9959, 3447
0.9962, 3446
0.9965, 3445
0.9968, 3444
0.9971, 3443
0.9974, 3442
0.9977, 3441
0.9980, 3440
0.9983, 3439
0.9986, 3438
0.9989, 3437
0.9992, 3436
0.9996, 3435
0.9999, 3434
1.0002, 3433
1.0005, 3432
1.0008, 3431
1.0011, 3430
1.0014, 3429
1.0018, 3428
1.0021, 3427
1.0024, 3426
1.0027, 3425
1.0030, 3424
1.0033, 3423
1.0036, 3422
1.0039, 3421
1.0042, 3420
1.0045, 3419
1.0048, 3418
1.0051, 3417
1.0054, 3416
1.0057, 3415
1.0060, 3414
1.0063, 3413
1.0066, 3412
1.0069, 3411
1.0072, 3410
1.0075, 3409
1.0078, 3408
1.0081, 3407
1.0084, 3406
1.0087, 3405
1.0090, 3404
1.0094, 3403
1.0097, 3402
1.0100, 3401
1.0103, 3400
1.0106, 3399
1.0109, 3398
1.0112, 3397
1.0115, 3396
1.0118, 3395
1.0121, 3394
1.0124, 3393
1.0128, 3392
1.0131, 3391
1.0134, 3390
1.0137, 3389
1.0140, 3388
1.0143, 3387
1.0146, 3386
1.0149, 3385
1.0153, 3384
1.0156, 3383
1.0159, 3382
1.0162, 3381
1.0165, 3380
1.0168, 3379
1.0172, 3378
1.0175, 3377
1.0178, 3376
1.0181, 3375
1.0185, 3374
1.0188, 3373
1.0191, 3372
1.0195, 3371
1.0198, 3370
1.0201, 3369
1.0204, 3368
1.0207, 3367
1.0210, 3366
1.0213, 3365
1.0216, 3364
1.0219, 3363
1.0223, 3362
1.0226, 3361
1.0229, 3360
1.0232, 3359
1.0235, 3358
1.0238, 3357
1.0241, 3356
1.0244, 3355
1.0247, 3354
1.0250, 3353
1.0253, 3352
1.0256, 3351
1.0260, 3350
1.0263, 3349
1.0266, 3348
1.0269, 3347
1.0272, 3346
1.0275, 3345
1.0278, 3344
1.0281, 3343
1.0284, 3342
1.0287, 3341
1.0290, 3340
1.0293, 3339
1.0296, 3338
1.0299, 3337
1.0302, 3336
1.0305, 3335
1.0308, 3334
1.0311, 3333
1.0314, 3332
1.0317, 3331
1.0320, 3330
1.0323, 3329
1.0326, 3328
1.0329, 3327
1.0332, 3326
1.0335, 3325
1.0338, 3324
1.0342, 3323
1.0345, 3322
1.0349, 3321
1.0352, 3320
1.0355, 3319
1.0358, 3318
1.0361, 3317
1.0364, 3316
1.0368, 3315
1.0371, 3314
1.0374, 3313
1.0377, 3312
1.0381, 3311
1.0384, 3310
1.0387, 3309
1.0390, 3308
1.0393, 3307
1.0396, 3306
1.0399, 3305
1.0403, 3304
1.0406, 3303
1.0409, 3302
1.0412, 3301
1.0416, 3300
1.0420, 3299
1.0423, 3298
1.0426, 3297
1.0429, 3296
1.0432, 3295
1.0435, 3294
1.0438, 3293
1.0441, 3292
1.0444, 3291
1.0447, 3290
1.0451, 3289
1.0454, 3288
1.0457, 3287
1.0461, 3286
1.0464, 3285
1.0467, 3284
1.0470, 3283
1.0474, 3282
1.0477, 3281
1.0480, 3280
1.0483, 3279
1.0487, 3278
1.0490, 3277
1.0493, 3276
1.0496, 3275
1.0499, 3274
1.0502, 3273
1.0506, 3272
1.0509, 3271
1.0512, 3270
1.0515, 3269
1.0518, 3268
1.0521, 3267
1.0524, 3266
1.0527, 3265
1.0530, 3264
1.0533, 3263
1.0536, 3262
1.0539, 3261
1.0542, 3260
1.0546, 3259
1.0549, 3258
1.0552, 3257
1.0555, 3256
1.0558, 3255
1.0561, 3254
1.0564, 3253
1.0567, 3252
1.0570, 3251
1.0573, 3250
1.0577, 3249
1.0580, 3248
1.0583, 3247
1.0586, 3246
1.0590, 3245
1.0593, 3244
1.0596, 3243
1.0599, 3242
1.0602, 3241
1.0605, 3240
1.0608, 3239
1.0611, 3238
1.0614, 3237
1.0617, 3236
1.0621, 3235
1.0624, 3234
1.0627, 3233
1.0630, 3232
1.0633, 3231
1.0637, 3230
1.0640, 3229
1.0643, 3228
1.0646, 3227
1.0649, 3226
1.0651, 3225
1.0655, 3224
1.0658, 3223
1.0661, 3222
1.0664, 3221
1.0667, 3220
1.0669, 3219
1.0672, 3218
1.0675, 3217
1.0678, 3216
1.0681, 3215
1.0685, 3214
1.0688, 3213
1.0692, 3212
1.0695, 3211
1.0698, 3210
1.0701, 3209
1.0705, 3208
1.0708, 3207
1.0711, 3206
1.0714, 3205
1.0717, 3204
1.0720, 3203
1.0723, 3202
1.0726, 3201
1.0729, 3200
1.0732, 3199
1.0736, 3198
1.0739, 3197
1.0742, 3196
1.0745, 3195
1.0748, 3194
1.0751, 3193
1.0755, 3192
1.0758, 3191
1.0761, 3190
1.0765, 3189
1.0768, 3188
1.0771, 3187
1.0774, 3186
1.0777, 3185
1.0780, 3184
1.0783, 3183
1.0786, 3182
1.0789, 3181
1.0792, 3180
1.0796, 3179
1.0799, 3178
1.0802, 3177
1.0805, 3176
1.0808, 3175
1.0811, 3174
1.0814, 3173
1.0817, 3172
1.0820, 3171
1.0823, 3170
1.0826, 3169
1.0829, 3168
1.0832, 3167
1.0835, 3166
1.0838, 3165
1.0841, 3164
1.0844, 3163
1.0847, 3162
1.0850, 3161
1.0853, 3160
1.0856, 3159
1.0859, 3158
1.0861, 3157
1.0865, 3156
1.0868, 3155
1.0871, 3154
1.0873, 3153
1.0876, 3152
1.0879, 3151
1.0883, 3150
1.0886, 3149
1.0889, 3148
1.0892, 3147
1.0895, 3146
1.0898, 3145
1.0902, 3144
1.0905, 3143
1.0908, 3142
1.0912, 3141
1.0914, 3140
1.0918, 3139
1.0921, 3138
1.0924, 3137
1.0927, 3136
1.0930, 3135
1.0934, 3134
1.0937, 3133
1.0940, 3132
1.0943, 3131
1.0946, 3130
1.0949, 3129
1.0952, 3128
1.0955, 3127
1.0958, 3126
1.0961, 3125
1.0963, 3124
1.0967, 3123
1.0969, 3122
1.0972, 3121
1.0975, 3120
1.0978, 3119
1.0981, 3118
1.0984, 3117
1.0986, 3116
1.0989, 3115
1.0992, 3114
1.0995, 3113
1.0998, 3112
1.1001, 3111
1.1004, 3110
1.1007, 3109
1.1010, 3108
1.1012, 3107
1.1015, 3106
1.1018, 3105
1.1021, 3104
1.1024, 3103
1.1027, 3102
1.1030, 3101
1.1033, 3100
1.1036, 3099
1.1039, 3098
1.1042, 3097
1.1044, 3096
1.1047, 3095
1.1050, 3094
1.1053, 3093
1.1056, 3092
1.1059, 3091
1.1061, 3090
1.1064, 3089
1.1067, 3088
1.1070, 3087
1.1073, 3086
1.1076, 3085
1.1079, 3084
1.1082, 3083
1.1085, 3082
1.1089, 3081
1.1091, 3080
1.1095, 3079
1.1097, 3078
1.1100, 3077
1.1103, 3076
1.1106, 3075
1.1109, 3074
1.1112, 3073
1.1115, 3072
1.1117, 3071
1.1120, 3070
1.1123, 3069
1.1126, 3068
1.1129, 3067
1.1131, 3066
1.1134, 3065
1.1137, 3064
1.1140, 3063
1.1143, 3062
1.1146, 3061
1.1148, 3060
1.1151, 3059
1.1154, 3058
1.1157, 3057
1.1160, 3056
1.1163, 3055
1.1166, 3054
1.1169, 3053
1.1172, 3052
1.1175, 3051
1.1178, 3050
1.1181, 3049
1.1184, 3048
1.1187, 3047
1.1189, 3046
1.1192, 3045
1.1195, 3044
1.1198, 3043
1.1201, 3042
1.1203, 3041
1.1206, 3040
1.1209, 3039
1.1212, 3038
1.1214, 3037
1.1217, 3036
1.1220, 3035
1.1223, 3034
1.1226, 3033
1.1228, 3032
1.1232, 3031
1.1235, 3030
1.1238, 3029
1.1240, 3028
1.1243, 3027
1.1246, 3026
1.1249, 3025
1.1252, 3024
1.1254, 3023
1.1257, 3022
1.1260, 3021
1.1263, 3020
1.1265, 3019
1.1268, 3018
1.1271, 3017
1.1274, 3016
1.1277, 3015
1.1280, 3014
1.1283, 3013
1.1286, 3012
1.1288, 3011
1.1291, 3010
1.1294, 3009
1.1297, 3008
1.1299, 3007
1.1302, 3006
1.1305, 3005
1.1308, 3004
1.1310, 3003
1.1313, 3002
1.1316, 3001
1.1319, 3000
1.1321, 2999
1.1324, 2998
1.1327, 2997
1.1330, 2996
1.1332, 2995
1.1335, 2994
1.1338, 2993
1.1341, 2992
1.1343, 2991
1.1346, 2990
1.1349, 2989
1.1352, 2988
1.1354, 2987
1.1357, 2986
1.1360, 2985
1.1363, 2984
1.1366, 2983
1.1369, 2982
1.1371, 2981
1.1374, 2980
1.1377, 2979
1.1380, 2978
1.1382, 2977
1.1385, 2976
1.1388, 2975
1.1391, 2974
1.1394, 2973
1.1397, 2972
1.1400, 2971
1.1403, 2970
1.1405, 2969
1.1408, 2968
1.1411, 2967
1.1414, 2966
1.1416, 2965
1.1419, 2964
1.1422, 2963
1.1425, 2962
1.1428, 2961
1.1431, 2960
1.1435, 2959
1.1438, 2958
1.1441, 2957
1.1444, 2956
1.1447, 2955
1.1450, 2954
1.1453, 2953
1.1456, 2952
1.1459, 2951
1.1461, 2950
1.1464, 2949
1.1467, 2948
1.1470, 2947
1.1472, 2946
1.1475, 2945
1.1478, 2944
1.1481, 2943
1.1484, 2942
1.1487, 2941
1.1490, 2940
1.1493, 2939
1.1496, 2938
1.1499, 2937
1.1502, 2936
1.1505, 2935
1.1508, 2934
1.1511, 2933
1.1514, 2932
1.1517, 2931
1.1520, 2930
1.1523, 2929
1.1526, 2928
1.1529, 2927
1.1532, 2926
1.1535, 2925
1.1538, 2924
1.1541, 2923
1.1544, 2922
1.1547, 2921
1.1550, 2920
1.1553, 2919
1.1557, 2918
1.1560, 2917
1.1562, 2916
1.1565, 2915
1.1569, 2914
1.1571, 2913
1.1574, 2912
1.1577, 2911
1.1580, 2910
1.1583, 2909
1.1586, 2908
1.1589, 2907
1.1593, 2906
1.1596, 2905
1.1599, 2904
1.1601, 2903
1.1604, 2902
1.1607, 2901
1.1610, 2900
1.1613, 2899
1.1616, 2898
1.1619, 2897
1.1622, 2896
1.1626, 2895
1.1629, 2894
1.1631, 2893
1.1634, 2892
1.1637, 2891
1.1640, 2890
1.1643, 2889
1.1646, 2888
1.1649, 2887
1.1652, 2886
1.1655, 2885
1.1658, 2884
1.1661, 2883
1.1664, 2882
1.1667, 2881
1.1670, 2880
1.1673, 2879
1.1675, 2878
1.1678, 2877
1.1681, 2876
1.1684, 2875
1.1687, 2874
1.1690, 2873
1.1693, 2872
1.1695, 2871
1.1698, 2870
1.1701, 2869
1.1704, 2868
1.1707, 2867
1.1709, 2866
1.1712, 2865
1.1715, 2864
1.1718, 2863
1.1721, 2862
1.1723, 2861
1.1726, 2860
1.1729, 2859
1.1731, 2858
1.1734, 2857
1.1737, 2856
1.1739, 2855
1.1742, 2854
1.1745, 2853
1.1747, 2852
1.1750, 2851
1.1753, 2850
1.1756, 2849
1.1759, 2848
1.1762, 2847
1.1764, 2846
1.1767, 2845
1.1770, 2844
1.1773, 2843
1.1775, 2842
1.1778, 2841
1.1780, 2840
1.1783, 2839
1.1786, 2838
1.1789, 2837
1.1792, 2836
1.1794, 2835
1.1797, 2834
1.1800, 2833
1.1803, 2832
1.1805, 2831
1.1808, 2830
1.1811, 2829
1.1814, 2828
1.1816, 2827
1.1819, 2826
1.1822, 2825
1.1824, 2824
1.1827, 2823
1.1830, 2822
1.1833, 2821
1.1836, 2820
1.1838, 2819
1.1841, 2818
1.1844, 2817
1.1846, 2816
1.1849, 2815
1.1852, 2814
1.1854, 2813
1.1857, 2812
1.1860, 2811
1.1863, 2810
1.1866, 2809
1.1868, 2808
1.1871, 2807
1.1874, 2806
1.1877, 2805
1.1879, 2804
1.1882, 2803
1.1885, 2802
1.1888, 2801
1.1891, 2800
1.1894, 2799
1.1897, 2798
1.1899, 2797
1.1902, 2796
1.1905, 2795
1.1907, 2794
1.1910, 2793
1.1913, 2792
1.1916, 2791
1.1919, 2790
1.1922, 2789
1.1924, 2788
1.1927, 2787
1.1930, 2786
1.1932, 2785
1.1935, 2784
1.1938, 2783
1.1940, 2782
1.1943, 2781
1.1946, 2780
1.1948, 2779
1.1951, 2778
1.1954, 2777
1.1956, 2776
1.1959, 2775
1.1962, 2774
1.1964, 2773
1.1967, 2772
1.1970, 2771
1.1972, 2770
1.1975, 2769
1.1978, 2768
1.1980, 2767
1.1983, 2766
1.1985, 2765
1.1988, 2764
1.1991, 2763
1.1993, 2762
1.1996, 2761
1.1999, 2760
1.2001, 2759
1.2004, 2758
1.2007, 2757
1.2010, 2756
1.2013, 2755
1.2015, 2754
1.2018, 2753
1.2021, 2752
1.2024, 2751
1.2026, 2750
1.2029, 2749
1.2032, 2748
1.2034, 2747
1.2037, 2746
1.2039, 2745
1.2042, 2744
1.2046, 2743
1.2049, 2742
1.2052, 2741
1.2055, 2740
1.2057, 2739
1.2060, 2738
1.2063, 2737
1.2066, 2736
1.2069, 2735
1.2071, 2734
1.2074, 2733
1.2077, 2732
1.2080, 2731
1.2083, 2730
1.2086, 2729
1.2089, 2728
1.2091, 2727
1.2094, 2726
1.2097, 2725
1.2100, 2724
1.2102, 2723
1.2105, 2722
1.2108, 2721
1.2111, 2720
1.2113, 2719
1.2116, 2718
1.2119, 2717
1.2122, 2716
1.2125, 2715
1.2127, 2714
1.2130, 2713
1.2133, 2712
1.2135, 2711
1.2138, 2710
1.2141, 2709
1.2144, 2708
1.2146, 2707
1.2149, 2706
1.2152, 2705
1.2154, 2704
1.2157, 2703
1.2160, 2702
1.2162, 2701
1.2165, 2700
1.2167, 2699
1.2170, 2698
1.2173, 2697
1.2176, 2696
1.2178, 2695
1.2181, 2694
1.2184, 2693
1.2187, 2692
1.2189, 2691
1.2192, 2690
1.2195, 2689
1.2198, 2688
1.2200, 2687
1.2203, 2686
1.2206, 2685
1.2209, 2684
1.2212, 2683
1.2214, 2682
1.2217, 2681
1.2220, 2680
1.2222, 2679
1.2225, 2678
1.2227, 2677
1.2231, 2676
1.2233, 2675
1.2236, 2674
1.2238, 2673
1.2241, 2672
1.2244, 2671
1.2246, 2670
1.2249, 2669
1.2252, 2668
1.2254, 2667
1.2257, 2666
1.2259, 2665
1.2262, 2664
1.2265, 2663
1.2267, 2662
1.2270, 2661
1.2273, 2660
1.2275, 2659
1.2278, 2658
1.2280, 2657
1.2283, 2656
1.2285, 2655
1.2288, 2654
1.2290, 2653
1.2293, 2652
1.2296, 2651
1.2298, 2650
1.2301, 2649
1.2303, 2648
1.2306, 2647
1.2308, 2646
1.2311, 2645
1.2313, 2644
1.2316, 2643
1.2318, 2642
1.2321, 2641
1.2323, 2640
1.2326, 2639
1.2328, 2638
1.2331, 2637
1.2334, 2636
1.2336, 2635
1.2339, 2634
1.2341, 2633
1.2344, 2632
1.2347, 2631
1.2349, 2630
1.2352, 2629
1.2355, 2628
1.2357, 2627
1.2359, 2626
1.2362, 2625
1.2365, 2624
1.2368, 2623
1.2370, 2622
1.2373, 2621
1.2376, 2620
1.2378, 2619
1.2381, 2618
1.2383, 2617
1.2386, 2616
1.2388, 2615
1.2391, 2614
1.2393, 2613
1.2396, 2612
1.2399, 2611
1.2401, 2610
1.2404, 2609
1.2407, 2608
1.2409, 2607
1.2412, 2606
1.2414, 2605
1.2417, 2604
1.2419, 2603
1.2422, 2602
1.2425, 2601
1.2428, 2600
1.2431, 2599
1.2433, 2598
1.2436, 2597
1.2439, 2596
1.2442, 2595
1.2444, 2594
1.2447, 2593
1.2449, 2592
1.2452, 2591
1.2455, 2590
1.2457, 2589
1.2460, 2588
1.2463, 2587
1.2465, 2586
1.2468, 2585
1.2471, 2584
1.2473, 2583
1.2476, 2582
1.2478, 2581
1.2481, 2580
1.2484, 2579
1.2486, 2578
1.2489, 2577
1.2491, 2576
1.2494, 2575
1.2564, 2574
1.2609, 2573
1.2653, 2572
1.2759, 2571
1.2761, 2570
1.2866, 2569
1.2869, 2568
1.3056, 2567
1.3139, 2566
1.3224, 2565
1.3535, 2564
1.3537, 2563
1.3582, 2562
1.3689, 2561
1.3777, 2560
1.3780, 2559
1.3824, 2558
1.3976, 2557
1.3979, 2556
1.4128, 2555
1.4173, 2554
1.4195, 2553
1.4218, 2552
1.4220, 2551
1.4223, 2550
1.4267, 2549
1.4394, 2548
1.4396, 2547
1.4522, 2546
1.4607, 2545
1.4692, 2544
1.4695, 2543
1.4780, 2542
1.4845, 2541
1.4972, 2540
1.4974, 2539
1.4977, 2538
1.5250, 2537
1.5334, 2536
1.5336, 2535
1.5360, 2534
1.5362, 2533
1.5468, 2532
1.5470, 2531
1.5514, 2530
1.5600, 2529
1.5603, 2528
1.5646, 2527
1.5690, 2526
1.5713, 2525
1.5737, 2524
1.5801, 2523
1.5803, 2522
1.5868, 2521
1.5870, 2520
1.5872, 2519
1.5875, 2518
1.5979, 2517
1.5982, 2516
1.6026, 2515
1.6670, 2514
1.6776, 2513
1.6779, 2512
1.7051, 2511
1.7199, 2510
1.7242, 2509
1.7409, 2508
1.7411, 2507
1.7516, 2506
1.7642, 2505
1.7728, 2504
1.7983, 2503
1.8231, 2502
1.8335, 2501
1.8359, 2500
1.8384, 2499
1.8386, 2498
1.8431, 2497
1.8565, 2496
1.8567, 2495
1.8613, 2494
1.8660, 2493
1.8726, 2492
1.8728, 2491
1.8730, 2490
1.8733, 2489
1.8756, 2488
1.8846, 2487
1.8848, 2486
1.8851, 2485
1.9007, 2484
1.9010, 2483
1.9012, 2482
1.9231, 2481
1.9233, 2480
1.9353, 2479
1.9419, 2478
1.9466, 2477
1.9533, 2476
1.9578, 2475
1.9580, 2474
1.9582, 2473
1.9585, 2472
1.9780, 2471
1.9889, 2470
1.9953, 2469
1.9956, 2468
1.9958, 2467
1.9960, 2466
2.0130, 2465
2.0340, 2464
2.0468, 2463
2.0512, 2462
2.0514, 2461
2.0642, 2460
2.0644, 2459
2.0646, 2458
2.0691, 2457
2.0755, 2456
2.0758, 2455
2.0973, 2454
2.1060, 2453
2.1170, 2452
2.1194, 2451
2.1300, 2450
2.1431, 2449
2.1668, 2448
2.1713, 2447
2.1842, 2446
2.1887, 2445
2.2147, 2444
2.2360, 2443
2.2446, 2442
2.2469, 2441
2.2723, 2440
2.2767, 2439
2.2812, 2438
2.2919, 2437
2.3217, 2436
2.3323, 2435
2.3451, 2434
2.3538, 2433
2.3540, 2432
2.3879, 2431
2.4007, 2430
2.4240, 2429
2.4243, 2428
2.4372, 2427
2.4374, 2426
2.4588, 2425
2.4591, 2424
2.4703, 2423
2.4811, 2422
2.5044, 2421
2.5130, 2420
2.5298, 2419
2.5362, 2418
2.5364, 2417
2.5594, 2416
2.5637, 2415
2.5722, 2414
2.5765, 2413
2.5767, 2412
2.5810, 2411
2.5813, 2410
2.5918, 2409
2.5920, 2408
2.6026, 2407
2.6028, 2406
2.6030, 2405
2.6033, 2404
2.6221, 2403
2.6224, 2402
2.6288, 2401
2.6394, 2400
2.6396, 2399
2.6419, 2398
2.6421, 2397
2.6567, 2396
2.6569, 2395
2.6572, 2394
2.6615, 2393
2.6617, 2392
2.6743, 2391
2.6912, 2390
2.6935, 2389
2.6979, 2388
2.6981, 2387
2.7046, 2386
2.7048, 2385
2.7135, 2384
2.7138, 2383
2.7140, 2382
2.7204, 2381
2.7206, 2380
2.7209, 2379
2.7253, 2378
2.7297, 2377
2.7361, 2376
2.7363, 2375
2.7366, 2374
2.7575, 2373
2.7578, 2372
2.7580, 2371
2.7645, 2370
2.7647, 2369
2.7649, 2368
2.7714, 2367
2.7717, 2366
2.7719, 2365
2.7721, 2364
2.7724, 2363
2.7726, 2362
2.7939, 2361
2.7942, 2360
2.7986, 2359
2.7989, 2358
2.8075, 2357
2.8099, 2356
2.8101, 2355
2.8104, 2354
2.8106, 2353
2.8151, 2352
2.8319, 2351
2.8362, 2350
2.8468, 2349
2.8492, 2348
2.8514, 2347
2.8683, 2346
2.8891, 2345
2.8894, 2344
2.9081, 2343
2.9104, 2342
2.9106, 2341
2.9315, 2340
2.9317, 2339
2.9319, 2338
2.9363, 2337
2.9489, 2336
2.9780, 2335
2.9782, 2334
2.9785, 2333
2.9787, 2332
2.9871, 2331
2.9874, 2330
3.0021, 2329
3.0023, 2328
3.0333, 2327
3.0335, 2326
3.1263, 2325
3.1326, 2324
3.1349, 2323
3.1392, 2322
3.1395, 2321
3.1418, 2320
3.1460, 2319
3.1463, 2318
3.1506, 2317
3.1694, 2316
3.1737, 2315
3.1801, 2314
3.1803, 2313
3.1847, 2312
3.1849, 2311
3.1974, 2310
3.2079, 2309
3.2081, 2308
3.2083, 2307
3.2106, 2306
3.2190, 2305
3.2234, 2304
3.2236, 2303
3.2300, 2302
3.2302, 2301
3.2345, 2300
3.2347, 2299
3.2431, 2298
3.2474, 2297
3.2599, 2296
3.2682, 2295
3.2766, 2294
3.2768, 2293
3.2811, 2292
3.2896, 2291
3.2898, 2290
3.2900, 2289
3.3045, 2288
3.3171, 2287
3.3276, 2286
3.3339, 2285
3.3528, 2284
3.3613, 2283
3.3677, 2282
3.3947, 2281
3.4032, 2280
3.4034, 2279
3.4036, 2278
3.4038, 2277
3.4102, 2276
3.4104, 2275
3.4209, 2274
3.4212, 2273
3.4255, 2272
3.4257, 2271
3.4362, 2270
3.4528, 2269
3.4632, 2268
3.4717, 2267
3.4760, 2266
3.4763, 2265
3.4929, 2264
3.5074, 2263
3.5138, 2262
3.5181, 2261
3.5183, 2260
3.5350, 2259
3.5352, 2258
3.5354, 2257
3.5357, 2256
3.5522, 2255
3.5606, 2254
3.5649, 2253
3.5733, 2252
3.5775, 2251
3.5819, 2250
3.5821, 2249
3.5823, 2248
3.5906, 2247
3.5990, 2246
3.5992, 2245
3.6035, 2244
3.6079, 2243
3.6162, 2242
3.6225, 2241
3.6371, 2240
3.6434, 2239
3.6478, 2238
3.6665, 2237
3.6688, 2236
3.6751, 2235
3.6753, 2234
3.6919, 2233
3.6982, 2232
3.7065, 2231
3.7128, 2230
3.7191, 2229
3.7501, 2228
3.7545, 2227
3.7830, 2226
3.9071, 2225
3.9422, 2224
3.9486, 2223
3.9549, 2222
3.9714, 2221
4.0206, 2220
4.1131, 2219
4.1626, 2218
4.1649, 2217
4.2398, 2216
4.3942, 2215
