0.0288, 2281
0.0451, 2280
0.0610, 2279
0.0707, 2277
0.1097, 2275
0.1575, 2274
0.1856, 2273
0.2338, 2272
0.2400, 2271
0.3241, 2270
0.3485, 2269
0.3848, 2268
0.3913, 2267
0.4686, 2266
0.4718, 2265
0.6013, 2264
0.6045, 2263
0.6343, 2261
0.7906, 2259
0.8147, 2258
0.8688, 2257
0.9868, 2256
1.0402, 2254
1.1007, 2253
1.1547, 2252
1.1641, 2251
1.2013, 2250
1.2444, 2249
1.3410, 2248
1.3622, 2247
1.4989, 2246
1.5718, 2245
1.7425, 2244
1.8481, 2243
1.8513, 2242
1.8807, 2240
1.9088, 2239
1.9495, 2238
1.9561, 2235
2.0302, 2234
2.1318, 2233
2.3000, 2232
2.4217, 2231
2.4769, 2230
2.4893, 2229
2.5231, 2228
2.6082, 2227
2.6325, 2226
2.6572, 2225
2.9156, 2224
3.0011, 2222
3.1043, 2221
