0.6523, 3931
0.6527, 3930
0.6530, 3929
0.6534, 3928
0.6538, 3927
0.6541, 3926
0.6545, 3925
0.6548, 3924
0.6552, 3923
0.6555, 3922
0.6559, 3921
0.6562, 3920
0.6566, 3919
0.6569, 3918
0.6573, 3917
0.6576, 3916
0.6579, 3915
0.6583, 3914
0.6586, 3913
0.6589, 3912
0.6593, 3911
0.6596, 3910
0.6599, 3909
0.6602, 3908
0.6606, 3907
0.6609, 3906
0.6612, 3905
0.6616, 3904
0.6619, 3903
0.6622, 3902
0.6626, 3901
0.6629, 3900
0.6632, 3899
0.6635, 3898
0.6639, 3897
0.6642, 3896
0.6645, 3895
0.6648, 3894
0.6652, 3893
0.6655, 3892
0.6659, 3891
0.6662, 3890
0.6665, 3889
0.6669, 3888
0.6672, 3887
0.6675, 3886
0.6679, 3885
0.6682, 3884
0.6685, 3883
0.6688, 3882
0.6692, 3881
0.6695, 3880
0.6698, 3879
0.6702, 3878
0.6705, 3877
0.6708, 3876
0.6712, 3875
0.6715, 3874
0.6718, 3873
0.6722, 3872
0.6725, 3871
0.6728, 3870
0.6732, 3869
0.6735, 3868
0.6738, 3867
0.6741, 3866
0.6745, 3865
0.6748, 3864
0.6752, 3863
0.6755, 3862
0.6759, 3861
0.6762, 3860
0.6766, 3859
0.6769, 3858
0.6772, 3857
0.6776, 3856
0.6780, 3855
0.6783, 3854
0.6786, 3853
0.6789, 3852
0.6793, 3851
0.6796, 3850
0.6800, 3849
0.6803, 3848
0.6807, 3847
0.6810, 3846
0.6813, 3845
0.6817, 3844
0.6820, 3843
0.6823, 3842
0.6827, 3841
0.6830, 3840
0.6834, 3839
0.6838, 3838
0.6841, 3837
0.6845, 3836
0.6848, 3835
0.6852, 3834
0.6855, 3833
0.6858, 3832
0.6862, 3831
0.6865, 3830
0.6868, 3829
0.6872, 3828
0.6875, 3827
0.6879, 3826
0.6882, 3825
0.6885, 3824
0.6889, 3823
0.6892, 3822
0.6895, 3821
0.6899, 3820
0.6902, 3819
0.6905, 3818
0.6908, 3817
0.6912, 3816
0.6915, 3815
0.6918, 3814
0.6922, 3813
0.6925, 3812
0.6928, 3811
0.6932, 3810
0.6935, 3809
0.6938, 3808
0.6941, 3807
0.6945, 3806
0.6948, 3805
0.6951, 3804
0.6955, 3803
0.6958, 3802
0.6961, 3801
0.6964, 3800
0.6968, 3799
0.6971, 3798
0.6974, 3797
0.6978, 3796
0.6981, 3795
0.6985, 3794
0.6988, 3793
0.6991, 3792
0.6994, 3791
0.6998, 3790
0.7001, 3789
0.7004, 3788
0.7008, 3787
0.7011, 3786
0.7014, 3785
0.7017, 3784
0.7021, 3783
0.7024, 3782
0.7027, 3781
0.7030, 3780
0.7034, 3779
0.7037, 3778
0.7040, 3777
0.7044, 3776
0.7047, 3775
0.7051, 3774
0.7054, 3773
0.7057, 3772
0.7060, 3771
0.7064, 3770
0.7067, 3769
0.7070, 3768
0.7073, 3767
0.7077, 3766
0.7080, 3765
0.7084, 3764
0.7087, 3763
0.7091, 3762
0.7094, 3761
0.7097, 3760
0.7101, 3759
0.7104, 3758
0.7107, 3757
0.7111, 3756
0.7114, 3755
0.7118, 3754
0.7121, 3753
0.7124, 3752
0.7128, 3751
0.7131, 3750
0.7134, 3749
0.7138, 3748
0.7141, 3747
0.7145, 3746
0.7148, 3745
0.7151, 3744
0.7155, 3743
0.7158, 3742
0.7161, 3741
0.7165, 3740
0.7168, 3739
0.7172, 3738
0.7175, 3737
0.7178, 3736
0.7181, 3735
0.7185, 3734
0.7189, 3733
0.7192, 3732
0.7195, 3731
0.7198, 3730
0.7202, 3729
0.7205, 3728
0.7208, 3727
0.7211, 3726
0.7215, 3725
0.7218, 3724
0.7221, 3723
0.7224, 3722
0.7227, 3721
0.7231, 3720
0.7234, 3719
0.7237, 3718
0.7241, 3717
0.7244, 3716
0.7247, 3715
0.7250, 3714
0.7254, 3713
0.7257, 3712
0.7260, 3711
0.7263, 3710
0.7266, 3709
0.7270, 3708
0.7273, 3707
0.7276, 3706
0.7280, 3705
0.7283, 3704
0.7286, 3703
0.7289, 3702
0.7292, 3701
0.7296, 3700
0.7299, 3699
0.7302, 3698
0.7305, 3697
0.7309, 3696
0.7312, 3695
0.7315, 3694
0.7318, 3693
0.7321, 3692
0.7324, 3691
0.7328, 3690
0.7331, 3689
0.7334, 3688
0.7337, 3687
0.7340, 3686
0.7344, 3685
0.7347, 3684
0.7350, 3683
0.7353, 3682
0.7357, 3681
0.7360, 3680
0.7363, 3679
0.7367, 3678
0.7370, 3677
0.7374, 3676
0.7377, 3675
0.7380, 3674
0.7383, 3673
0.7387, 3672
0.7390, 3671
0.7393, 3670
0.7396, 3669
0.7400, 3668
0.7403, 3667
0.7406, 3666
0.7409, 3665
0.7413, 3664
0.7416, 3663
0.7419, 3662
0.7422, 3661
0.7426, 3660
0.7429, 3659
0.7432, 3658
0.7436, 3657
0.7439, 3656
0.7442, 3655
0.7445, 3654
0.7448, 3653
0.7452, 3652
0.7455, 3651
0.7458, 3650
0.7461, 3649
0.7464, 3648
0.7467, 3647
0.7471, 3646
0.7474, 3645
0.7477, 3644
0.7481, 3643
0.7484, 3642
0.7488, 3641
0.7491, 3640
0.7494, 3639
0.7498, 3638
0.7501, 3637
0.7504, 3636
0.7507, 3635
0.7511, 3634
0.7514, 3633
0.7518, 3632
0.7521, 3631
0.7524, 3630
0.7527, 3629
0.7531, 3628
0.7534, 3627
0.7537, 3626
0.7540, 3625
0.7543, 3624
0.7546, 3623
0.7550, 3622
0.7553, 3621
0.7556, 3620
0.7559, 3619
0.7562, 3618
0.7566, 3617
0.7569, 3616
0.7572, 3615
0.7575, 3614
0.7578, 3613
0.7582, 3612
0.7585, 3611
0.7588, 3610
0.7591, 3609
0.7594, 3608
0.7597, 3607
0.7600, 3606
0.7604, 3605
0.7607, 3604
0.7610, 3603
0.7613, 3602
0.7616, 3601
0.7619, 3600
0.7623, 3599
0.7626, 3598
0.7629, 3597
0.7632, 3596
0.7635, 3595
0.7638, 3594
0.7641, 3593
0.7645, 3592
0.7648, 3591
0.7652, 3590
0.7655, 3589
0.7658, 3588
0.7662, 3587
0.7665, 3586
0.7668, 3585
0.7672, 3584
0.7675, 3583
0.7678, 3582
0.7682, 3581
0.7685, 3580
0.7688, 3579
0.7691, 3578
0.7695, 3577
0.7698, 3576
0.7701, 3575
0.7704, 3574
0.7708, 3573
0.7711, 3572
0.7715, 3571
0.7718, 3570
0.7721, 3569
0.7725, 3568
0.7728, 3567
0.7731, 3566
0.7734, 3565
0.7738, 3564
0.7741, 3563
0.7744, 3562
0.7747, 3561
0.7751, 3560
0.7754, 3559
0.7757, 3558
0.7760, 3557
0.7763, 3556
0.7767, 3555
0.7770, 3554
0.7773, 3553
0.7777, 3552
0.7780, 3551
0.7783, 3550
0.7786, 3549
0.7790, 3548
0.7793, 3547
0.7797, 3546
0.7800, 3545
0.7803, 3544
0.7807, 3543
0.7810, 3542
0.7813, 3541
0.7817, 3540
0.7820, 3539
0.7823, 3538
0.7827, 3537
0.7830, 3536
0.7833, 3535
0.7837, 3534
0.7840, 3533
0.7843, 3532
0.7847, 3531
0.7850, 3530
0.7853, 3529
0.7857, 3528
0.7860, 3527
0.7863, 3526
0.7867, 3525
0.7870, 3524
0.7873, 3523
0.7877, 3522
0.7880, 3521
0.7883, 3520
0.7887, 3519
0.7890, 3518
0.7894, 3517
0.7897, 3516
0.7901, 3515
0.7904, 3514
0.7907, 3513
0.7910, 3512
0.7913, 3511
0.7917, 3510
0.7920, 3509
0.7923, 3508
0.7926, 3507
0.7929, 3506
0.7932, 3505
0.7935, 3504
0.7939, 3503
0.7942, 3502
0.7945, 3501
0.7948, 3500
0.7951, 3499
0.7954, 3498
0.7957, 3497
0.7960, 3496
0.7963, 3495
0.7966, 3494
0.7970, 3493
0.7973, 3492
0.7976, 3491
0.7979, 3490
0.7982, 3489
0.7985, 3488
0.7988, 3487
0.7991, 3486
0.7994, 3485
0.7997, 3484
0.8001, 3483
0.8004, 3482
0.8007, 3481
0.8010, 3480
0.8013, 3479
0.8016, 3478
0.8019, 3477
0.8022, 3476
0.8025, 3475
0.8028, 3474
0.8032, 3473
0.8035, 3472
0.8038, 3471
0.8041, 3470
0.8044, 3469
0.8047, 3468
0.8051, 3467
0.8054, 3466
0.8057, 3465
0.8060, 3464
0.8064, 3463
0.8067, 3462
0.8070, 3461
0.8073, 3460
0.8076, 3459
0.8080, 3458
0.8083, 3457
0.8087, 3456
0.8090, 3455
0.8093, 3454
0.8096, 3453
0.8099, 3452
0.8102, 3451
0.8106, 3450
0.8109, 3449
0.8112, 3448
0.8115, 3447
0.8118, 3446
0.8122, 3445
0.8125, 3444
0.8128, 3443
0.8131, 3442
0.8134, 3441
0.8138, 3440
0.8141, 3439
0.8144, 3438
0.8147, 3437
0.8151, 3436
0.8154, 3435
0.8157, 3434
0.8160, 3433
0.8163, 3432
0.8167, 3431
0.8170, 3430
0.8173, 3429
0.8176, 3428
0.8179, 3427
0.8182, 3426
0.8185, 3425
0.8189, 3424
0.8192, 3423
0.8195, 3422
0.8199, 3421
0.8202, 3420
0.8205, 3419
0.8208, 3418
0.8211, 3417
0.8214, 3416
0.8217, 3415
0.8220, 3414
0.8223, 3413
0.8226, 3412
0.8229, 3411
0.8232, 3410
0.8235, 3409
0.8238, 3408
0.8241, 3407
0.8244, 3406
0.8247, 3405
0.8250, 3404
0.8253, 3403
0.8256, 3402
0.8259, 3401
0.8261, 3400
0.8265, 3399
0.8268, 3398
0.8271, 3397
0.8274, 3396
0.8277, 3395
0.8280, 3394
0.8283, 3393
0.8286, 3392
0.8289, 3391
0.8292, 3390
0.8295, 3389
0.8298, 3388
0.8301, 3387
0.8304, 3386
0.8307, 3385
0.8311, 3384
0.8314, 3383
0.8317, 3382
0.8320, 3381
0.8323, 3380
0.8326, 3379
0.8329, 3378
0.8332, 3377
0.8335, 3376
0.8339, 3375
0.8342, 3374
0.8345, 3373
0.8348, 3372
0.8351, 3371
0.8354, 3370
0.8357, 3369
0.8360, 3368
0.8363, 3367
0.8367, 3366
0.8370, 3365
0.8373, 3364
0.8376, 3363
0.8379, 3362
0.8382, 3361
0.8385, 3360
0.8388, 3359
0.8391, 3358
0.8394, 3357
0.8397, 3356
0.8400, 3355
0.8403, 3354
0.8406, 3353
0.8409, 3352
0.8412, 3351
0.8415, 3350
0.8418, 3349
0.8421, 3348
0.8424, 3347
0.8427, 3346
0.8431, 3345
0.8434, 3344
0.8437, 3343
0.8440, 3342
0.8443, 3341
0.8446, 3340
0.8449, 3339
0.8452, 3338
0.8455, 3337
0.8458, 3336
0.8461, 3335
0.8464, 3334
0.8468, 3333
0.8471, 3332
0.8474, 3331
0.8477, 3330
0.8480, 3329
0.8483, 3328
0.8486, 3327
0.8489, 3326
0.8492, 3325
0.8495, 3324
0.8498, 3323
0.8501, 3322
0.8504, 3321
0.8507, 3320
0.8510, 3319
0.8514, 3318
0.8517, 3317
0.8520, 3316
0.8523, 3315
0.8526, 3314
0.8530, 3313
0.8534, 3312
0.8537, 3311
0.8540, 3310
0.8543, 3309
0.8546, 3308
0.8549, 3307
0.8552, 3306
0.8555, 3305
0.8559, 3304
0.8562, 3303
0.8565, 3302
0.8568, 3301
0.8572, 3300
0.8575, 3299
0.8578, 3298
0.8581, 3297
0.8585, 3296
0.8588, 3295
0.8591, 3294
0.8593, 3293
0.8597, 3292
0.8600, 3291
0.8604, 3290
0.8607, 3289
0.8610, 3288
0.8613, 3287
0.8616, 3286
0.8619, 3285
0.8622, 3284
0.8625, 3283
0.8628, 3282
0.8631, 3281
0.8634, 3280
0.8637, 3279
0.8641, 3278
0.8644, 3277
0.8647, 3276
0.8650, 3275
0.8653, 3274
0.8657, 3273
0.8660, 3272
0.8663, 3271
0.8666, 3270
0.8669, 3269
0.8673, 3268
0.8676, 3267
0.8679, 3266
0.8682, 3265
0.8686, 3264
0.8689, 3263
0.8692, 3262
0.8696, 3261
0.8699, 3260
0.8702, 3259
0.8705, 3258
0.8708, 3257
0.8712, 3256
0.8715, 3255
0.8718, 3254
0.8721, 3253
0.8724, 3252
0.8727, 3251
0.8730, 3250
0.8733, 3249
0.8736, 3248
0.8740, 3247
0.8742, 3246
0.8746, 3245
0.8749, 3244
0.8752, 3243
0.8755, 3242
0.8758, 3241
0.8761, 3240
0.8764, 3239
0.8767, 3238
0.8770, 3237
0.8773, 3236
0.8777, 3235
0.8780, 3234
0.8782, 3233
0.8786, 3232
0.8789, 3231
0.8792, 3230
0.8794, 3229
0.8798, 3228
0.8801, 3227
0.8804, 3226
0.8807, 3225
0.8810, 3224
0.8813, 3223
0.8817, 3222
0.8820, 3221
0.8823, 3220
0.8826, 3219
0.8829, 3218
0.8832, 3217
0.8835, 3216
0.8838, 3215
0.8841, 3214
0.8844, 3213
0.8847, 3212
0.8850, 3211
0.8853, 3210
0.8856, 3209
0.8860, 3208
0.8863, 3207
0.8866, 3206
0.8869, 3205
0.8873, 3204
0.8876, 3203
0.8879, 3202
0.8883, 3201
0.8886, 3200
0.8889, 3199
0.8892, 3198
0.8895, 3197
0.8898, 3196
0.8901, 3195
0.8905, 3194
0.8908, 3193
0.8910, 3192
0.8913, 3191
0.8916, 3190
0.8919, 3189
0.8923, 3188
0.8926, 3187
0.8929, 3186
0.8932, 3185
0.8935, 3184
0.8938, 3183
0.8941, 3182
0.8944, 3181
0.8947, 3180
0.8951, 3179
0.8954, 3178
0.8956, 3177
0.8959, 3176
0.8962, 3175
0.8966, 3174
0.8969, 3173
0.8972, 3172
0.8975, 3171
0.8979, 3170
0.8982, 3169
0.8985, 3168
0.8988, 3167
0.8991, 3166
0.8994, 3165
0.8997, 3164
0.9000, 3163
0.9003, 3162
0.9007, 3161
0.9010, 3160
0.9012, 3159
0.9016, 3158
0.9019, 3157
0.9022, 3156
0.9025, 3155
0.9028, 3154
0.9031, 3153
0.9034, 3152
0.9037, 3151
0.9040, 3150
0.9043, 3149
0.9046, 3148
0.9049, 3147
0.9052, 3146
0.9055, 3145
0.9057, 3144
0.9060, 3143
0.9063, 3142
0.9067, 3141
0.9070, 3140
0.9073, 3139
0.9076, 3138
0.9080, 3137
0.9083, 3136
0.9087, 3135
0.9090, 3134
0.9093, 3133
0.9096, 3132
0.9099, 3131
0.9102, 3130
0.9105, 3129
0.9108, 3128
0.9111, 3127
0.9115, 3126
0.9118, 3125
0.9121, 3124
0.9124, 3123
0.9128, 3122
0.9131, 3121
0.9133, 3120
0.9137, 3119
0.9140, 3118
0.9143, 3117
0.9146, 3116
0.9148, 3115
0.9152, 3114
0.9154, 3113
0.9157, 3112
0.9160, 3111
0.9163, 3110
0.9166, 3109
0.9169, 3108
0.9171, 3107
0.9174, 3106
0.9177, 3105
0.9180, 3104
0.9183, 3103
0.9186, 3102
0.9189, 3101
0.9192, 3100
0.9196, 3099
0.9198, 3098
0.9201, 3097
0.9204, 3096
0.9207, 3095
0.9210, 3094
0.9213, 3093
0.9215, 3092
0.9218, 3091
0.9221, 3090
0.9224, 3089
0.9227, 3088
0.9230, 3087
0.9233, 3086
0.9235, 3085
0.9238, 3084
0.9241, 3083
0.9244, 3082
0.9247, 3081
0.9249, 3080
0.9252, 3079
0.9255, 3078
0.9258, 3077
0.9261, 3076
0.9264, 3075
0.9267, 3074
0.9270, 3073
0.9273, 3072
0.9276, 3071
0.9279, 3070
0.9282, 3069
0.9285, 3068
0.9287, 3067
0.9290, 3066
0.9293, 3065
0.9296, 3064
0.9299, 3063
0.9302, 3062
0.9305, 3061
0.9307, 3060
0.9310, 3059
0.9313, 3058
0.9316, 3057
0.9318, 3056
0.9321, 3055
0.9324, 3054
0.9327, 3053
0.9329, 3052
0.9332, 3051
0.9335, 3050
0.9338, 3049
0.9341, 3048
0.9344, 3047
0.9347, 3046
0.9350, 3045
0.9353, 3044
0.9356, 3043
0.9359, 3042
0.9362, 3041
0.9365, 3040
0.9368, 3039
0.9371, 3038
0.9374, 3037
0.9377, 3036
0.9380, 3035
0.9383, 3034
0.9386, 3033
0.9388, 3032
0.9391, 3031
0.9394, 3030
0.9396, 3029
0.9399, 3028
0.9402, 3027
0.9405, 3026
0.9408, 3025
0.9411, 3024
0.9413, 3023
0.9416, 3022
0.9420, 3021
0.9422, 3020
0.9425, 3019
0.9428, 3018
0.9431, 3017
0.9433, 3016
0.9436, 3015
0.9439, 3014
0.9442, 3013
0.9444, 3012
0.9447, 3011
0.9450, 3010
0.9453, 3009
0.9456, 3008
0.9459, 3007
0.9462, 3006
0.9464, 3005
0.9467, 3004
0.9470, 3003
0.9473, 3002
0.9475, 3001
0.9478, 3000
0.9481, 2999
0.9484, 2998
0.9486, 2997
0.9489, 2996
0.9492, 2995
0.9494, 2994
0.9497, 2993
0.9500, 2992
0.9503, 2991
0.9505, 2990
0.9508, 2989
0.9511, 2988
0.9514, 2987
0.9516, 2986
0.9519, 2985
0.9522, 2984
0.9525, 2983
0.9528, 2982
0.9531, 2981
0.9534, 2980
0.9536, 2979
0.9539, 2978
0.9542, 2977
0.9545, 2976
0.9548, 2975
0.9551, 2974
0.9553, 2973
0.9556, 2972
0.9559, 2971
0.9562, 2970
0.9564, 2969
0.9567, 2968
0.9570, 2967
0.9573, 2966
0.9576, 2965
0.9579, 2964
0.9582, 2963
0.9585, 2962
0.9588, 2961
0.9591, 2960
0.9594, 2959
0.9597, 2958
0.9599, 2957
0.9602, 2956
0.9605, 2955
0.9608, 2954
0.9612, 2953
0.9615, 2952
0.9618, 2951
0.9621, 2950
0.9624, 2949
0.9627, 2948
0.9630, 2947
0.9633, 2946
0.9636, 2945
0.9639, 2944
0.9642, 2943
0.9645, 2942
0.9648, 2941
0.9651, 2940
0.9654, 2939
0.9657, 2938
0.9660, 2937
0.9663, 2936
0.9666, 2935
0.9669, 2934
0.9672, 2933
0.9675, 2932
0.9679, 2931
0.9682, 2930
0.9684, 2929
0.9687, 2928
0.9690, 2927
0.9693, 2926
0.9696, 2925
0.9700, 2924
0.9703, 2923
0.9706, 2922
0.9709, 2921
0.9712, 2920
0.9715, 2919
0.9718, 2918
0.9720, 2917
0.9723, 2916
0.9726, 2915
0.9729, 2914
0.9732, 2913
0.9736, 2912
0.9739, 2911
0.9742, 2910
0.9745, 2909
0.9748, 2908
0.9751, 2907
0.9754, 2906
0.9757, 2905
0.9760, 2904
0.9763, 2903
0.9767, 2902
0.9770, 2901
0.9772, 2900
0.9775, 2899
0.9778, 2898
0.9781, 2897
0.9784, 2896
0.9787, 2895
0.9790, 2894
0.9793, 2893
0.9796, 2892
0.9799, 2891
0.9802, 2890
0.9805, 2889
0.9808, 2888
0.9810, 2887
0.9814, 2886
0.9816, 2885
0.9819, 2884
0.9822, 2883
0.9825, 2882
0.9828, 2881
0.9832, 2880
0.9835, 2879
0.9838, 2878
0.9841, 2877
0.9844, 2876
0.9847, 2875
0.9849, 2874
0.9852, 2873
0.9855, 2872
0.9858, 2871
0.9861, 2870
0.9863, 2869
0.9866, 2868
0.9869, 2867
0.9872, 2866
0.9875, 2865
0.9878, 2864
0.9880, 2863
0.9883, 2862
0.9886, 2861
0.9889, 2860
0.9891, 2859
0.9894, 2858
0.9897, 2857
0.9899, 2856
0.9902, 2855
0.9905, 2854
0.9908, 2853
0.9910, 2852
0.9913, 2851
0.9916, 2850
0.9918, 2849
0.9921, 2848
0.9924, 2847
0.9926, 2846
0.9929, 2845
0.9932, 2844
0.9934, 2843
0.9937, 2842
0.9940, 2841
0.9942, 2840
0.9945, 2839
0.9948, 2838
0.9951, 2837
0.9953, 2836
0.9956, 2835
0.9959, 2834
0.9961, 2833
0.9964, 2832
0.9967, 2831
0.9970, 2830
0.9972, 2829
0.9975, 2828
0.9978, 2827
0.9981, 2826
0.9984, 2825
0.9986, 2824
0.9989, 2823
0.9992, 2822
0.9994, 2821
0.9997, 2820
1.0000, 2819
1.0002, 2818
1.0005, 2817
1.0008, 2816
1.0011, 2815
1.0013, 2814
1.0016, 2813
1.0019, 2812
1.0021, 2811
1.0024, 2810
1.0026, 2809
1.0029, 2808
1.0032, 2807
1.0035, 2806
1.0037, 2805
1.0040, 2804
1.0044, 2803
1.0046, 2802
1.0049, 2801
1.0052, 2800
1.0054, 2799
1.0057, 2798
1.0060, 2797
1.0062, 2796
1.0065, 2795
1.0068, 2794
1.0071, 2793
1.0073, 2792
1.0076, 2791
1.0079, 2790
1.0082, 2789
1.0085, 2788
1.0087, 2787
1.0090, 2786
1.0092, 2785
1.0095, 2784
1.0098, 2783
1.0101, 2782
1.0104, 2781
1.0106, 2780
1.0109, 2779
1.0112, 2778
1.0114, 2777
1.0117, 2776
1.0120, 2775
1.0122, 2774
1.0125, 2773
1.0128, 2772
1.0130, 2771
1.0133, 2770
1.0135, 2769
1.0138, 2768
1.0141, 2767
1.0143, 2766
1.0146, 2765
1.0149, 2764
1.0151, 2763
1.0154, 2762
1.0157, 2761
1.0159, 2760
1.0162, 2759
1.0164, 2758
1.0167, 2757
1.0169, 2756
1.0172, 2755
1.0175, 2754
1.0177, 2753
1.0180, 2752
1.0183, 2751
1.0185, 2750
1.0188, 2749
1.0191, 2748
1.0194, 2747
1.0196, 2746
1.0199, 2745
1.0202, 2744
1.0205, 2743
1.0208, 2742
1.0210, 2741
1.0213, 2740
1.0216, 2739
1.0218, 2738
1.0221, 2737
1.0223, 2736
1.0226, 2735
1.0230, 2734
1.0233, 2733
1.0236, 2732
1.0238, 2731
1.0241, 2730
1.0244, 2729
1.0247, 2728
1.0249, 2727
1.0252, 2726
1.0255, 2725
1.0258, 2724
1.0260, 2723
1.0264, 2722
1.0266, 2721
1.0269, 2720
1.0272, 2719
1.0274, 2718
1.0277, 2717
1.0280, 2716
1.0283, 2715
1.0285, 2714
1.0288, 2713
1.0290, 2712
1.0293, 2711
1.0296, 2710
1.0299, 2709
1.0302, 2708
1.0304, 2707
1.0307, 2706
1.0310, 2705
1.0313, 2704
1.0315, 2703
1.0318, 2702
1.0321, 2701
1.0324, 2700
1.0326, 2699
1.0329, 2698
1.0332, 2697
1.0335, 2696
1.0338, 2695
1.0341, 2694
1.0344, 2693
1.0346, 2692
1.0349, 2691
1.0352, 2690
1.0354, 2689
1.0358, 2688
1.0360, 2687
1.0363, 2686
1.0366, 2685
1.0369, 2684
1.0372, 2683
1.0375, 2682
1.0378, 2681
1.0381, 2680
1.0383, 2679
1.0386, 2678
1.0389, 2677
1.0392, 2676
1.0395, 2675
1.0397, 2674
1.0400, 2673
1.0402, 2672
1.0405, 2671
1.0409, 2670
1.0411, 2669
1.0414, 2668
1.0416, 2667
1.0419, 2666
1.0422, 2665
1.0425, 2664
1.0428, 2663
1.0430, 2662
1.0433, 2661
1.0435, 2660
1.0438, 2659
1.0440, 2658
1.0443, 2657
1.0445, 2656
1.0448, 2655
1.0451, 2654
1.0453, 2653
1.0456, 2652
1.0458, 2651
1.0461, 2650
1.0464, 2649
1.0466, 2648
1.0469, 2647
1.0471, 2646
1.0474, 2645
1.0476, 2644
1.0479, 2643
1.0482, 2642
1.0484, 2641
1.0487, 2640
1.0489, 2639
1.0492, 2638
1.0494, 2637
1.0497, 2636
1.0499, 2635
1.0502, 2634
1.0504, 2633
1.0507, 2632
1.0509, 2631
1.0512, 2630
1.0514, 2629
1.0517, 2628
1.0519, 2627
1.0522, 2626
1.0524, 2625
1.0527, 2624
1.0529, 2623
1.0532, 2622
1.0534, 2621
1.0537, 2620
1.0540, 2619
1.0542, 2618
1.0545, 2617
1.0547, 2616
1.0550, 2615
1.0552, 2614
1.0555, 2613
1.0557, 2612
1.0560, 2611
1.0562, 2610
1.0565, 2609
1.0568, 2608
1.0570, 2607
1.0573, 2606
1.0576, 2605
1.0578, 2604
1.0581, 2603
1.0583, 2602
1.0586, 2601
1.0588, 2600
1.0591, 2599
1.0593, 2598
1.0596, 2597
1.0599, 2596
1.0601, 2595
1.0604, 2594
1.0606, 2593
1.0609, 2592
1.0611, 2591
1.0614, 2590
1.0616, 2589
1.0619, 2588
1.0622, 2587
1.0624, 2586
1.0627, 2585
1.0629, 2584
1.0632, 2583
1.0634, 2582
1.0637, 2581
1.0640, 2580
1.0643, 2579
1.0645, 2578
1.0647, 2577
1.0650, 2576
1.0653, 2575
1.0655, 2574
1.0658, 2573
1.0661, 2572
1.0663, 2571
1.0666, 2570
1.0669, 2569
1.0672, 2568
1.0675, 2567
1.0678, 2566
1.0680, 2565
1.0683, 2564
1.0686, 2563
1.0688, 2562
1.0691, 2561
1.0693, 2560
1.0696, 2559
1.0699, 2558
1.0702, 2557
1.0705, 2556
1.0792, 2555
1.0855, 2554
1.0942, 2553
1.0944, 2552
1.1049, 2551
1.1051, 2550
1.1094, 2549
1.1178, 2548
1.1303, 2547
1.1387, 2546
1.1699, 2545
1.1785, 2544
1.1871, 2543
1.1976, 2542
1.1979, 2541
1.2064, 2540
1.2108, 2539
1.2151, 2538
1.2358, 2537
1.2360, 2536
1.2486, 2535
1.2488, 2534
1.2531, 2533
1.2554, 2532
1.2556, 2531
1.2558, 2530
1.2601, 2529
1.2666, 2528
1.2668, 2527
1.2814, 2526
1.2898, 2525
1.2983, 2524
1.2985, 2523
1.3050, 2522
1.3176, 2521
1.3240, 2520
1.3345, 2519
1.3452, 2518
1.3475, 2517
1.3477, 2516
1.3584, 2515
1.3586, 2514
1.3692, 2513
1.3715, 2512
1.3779, 2511
1.3781, 2510
1.3846, 2509
1.3848, 2508
1.3850, 2507
1.3955, 2506
1.3957, 2505
1.4640, 2504
1.4787, 2503
1.4790, 2502
1.5018, 2501
1.5185, 2500
1.5209, 2499
1.5404, 2498
1.5406, 2497
1.5517, 2496
1.5583, 2495
1.5753, 2494
1.5946, 2493
1.6180, 2492
1.6287, 2491
1.6310, 2490
1.6333, 2489
1.6335, 2488
1.6379, 2487
1.6444, 2486
1.6509, 2485
1.6614, 2484
1.6637, 2483
1.6681, 2482
1.6683, 2481
1.6686, 2480
1.6688, 2479
1.6690, 2478
1.6758, 2477
1.6761, 2476
1.6784, 2475
1.6932, 2474
1.6934, 2473
1.6937, 2472
1.7149, 2471
1.7152, 2470
1.7323, 2469
1.7325, 2468
1.7411, 2467
1.7435, 2466
1.7479, 2465
1.7482, 2464
1.7484, 2463
1.7487, 2462
1.7655, 2461
1.7781, 2460
1.7825, 2459
1.7827, 2458
1.7851, 2457
1.7853, 2456
1.8000, 2455
1.8126, 2454
1.8232, 2453
1.8423, 2452
1.8425, 2451
1.8532, 2450
1.8535, 2449
1.8537, 2448
1.8605, 2447
1.8648, 2446
1.8651, 2445
1.8841, 2444
1.8967, 2443
1.9052, 2442
1.9055, 2441
1.9141, 2440
1.9289, 2439
1.9458, 2438
1.9523, 2437
1.9649, 2436
1.9736, 2435
1.9929, 2434
2.0117, 2433
2.0182, 2432
2.0226, 2431
2.0454, 2430
2.0519, 2429
2.0562, 2428
2.0688, 2427
2.0961, 2426
2.1047, 2425
2.1195, 2424
2.1263, 2423
2.1348, 2422
2.1641, 2421
2.1706, 2420
2.2018, 2419
2.2168, 2418
2.2295, 2417
2.2297, 2416
2.2384, 2415
2.2490, 2414
2.2761, 2413
2.2764, 2412
2.2973, 2411
2.3038, 2410
2.3209, 2409
2.3275, 2408
2.3318, 2407
2.3426, 2406
2.3469, 2405
2.3471, 2404
2.3495, 2403
2.3497, 2402
2.3645, 2401
2.3648, 2400
2.3650, 2399
2.3714, 2398
2.3716, 2397
2.3718, 2396
2.3886, 2395
2.3909, 2394
2.3993, 2393
2.4037, 2392
2.4102, 2391
2.4104, 2390
2.4107, 2389
2.4253, 2388
2.4255, 2387
2.4258, 2386
2.4302, 2385
2.4304, 2384
2.4370, 2383
2.4601, 2382
2.4624, 2381
2.4667, 2380
2.4670, 2379
2.4735, 2378
2.4737, 2377
2.4822, 2376
2.4825, 2375
2.4827, 2374
2.4871, 2373
2.4873, 2372
2.4959, 2371
2.4961, 2370
2.4984, 2369
2.5027, 2368
2.5030, 2367
2.5032, 2366
2.5262, 2365
2.5264, 2364
2.5266, 2363
2.5334, 2362
2.5336, 2361
2.5339, 2360
2.5436, 2359
2.5438, 2358
2.5441, 2357
2.5443, 2356
2.5446, 2355
2.5448, 2354
2.5681, 2353
2.5684, 2352
2.5708, 2351
2.5710, 2350
2.5800, 2349
2.5846, 2348
2.5848, 2347
2.5851, 2346
2.5853, 2345
2.5926, 2344
2.6080, 2343
2.6147, 2342
2.6211, 2341
2.6276, 2340
2.6299, 2339
2.6469, 2338
2.6576, 2337
2.6766, 2336
2.6895, 2335
2.6897, 2334
2.6899, 2333
2.7087, 2332
2.7110, 2331
2.7112, 2330
2.7156, 2329
2.7387, 2328
2.7599, 2327
2.7602, 2326
2.7604, 2325
2.7606, 2324
2.7692, 2323
2.7694, 2322
2.7842, 2321
2.7844, 2320
2.8138, 2319
2.8140, 2318
2.9220, 2317
2.9243, 2316
2.9265, 2315
2.9309, 2314
2.9311, 2313
2.9333, 2312
2.9377, 2311
2.9379, 2310
2.9423, 2309
2.9569, 2308
2.9612, 2307
2.9655, 2306
2.9720, 2305
2.9722, 2304
2.9766, 2303
2.9768, 2302
2.9895, 2301
2.9938, 2300
3.0026, 2299
3.0030, 2298
3.0062, 2297
3.0186, 2296
3.0237, 2295
3.0239, 2294
3.0284, 2293
3.0329, 2292
3.0331, 2291
3.0354, 2290
3.0442, 2289
3.0487, 2288
3.0615, 2287
3.0699, 2286
3.0784, 2285
3.0786, 2284
3.0850, 2283
3.0893, 2282
3.0916, 2281
3.0918, 2280
3.1066, 2279
3.1191, 2278
3.1279, 2277
3.1530, 2276
3.1573, 2275
3.1638, 2274
3.1990, 2273
3.2033, 2272
3.2035, 2271
3.2038, 2270
3.2040, 2269
3.2104, 2268
3.2106, 2267
3.2150, 2266
3.2234, 2265
3.2237, 2264
3.2239, 2263
3.2241, 2262
3.2243, 2261
3.2368, 2260
3.2452, 2259
3.2517, 2258
3.2560, 2257
3.2667, 2256
3.2837, 2255
3.2901, 2254
3.2903, 2253
3.2966, 2252
3.3133, 2251
3.3177, 2250
3.3179, 2249
3.3181, 2248
3.3408, 2247
3.3431, 2246
3.3494, 2245
3.3537, 2244
3.3580, 2243
3.3643, 2242
3.3731, 2241
3.3817, 2240
3.3905, 2239
3.4012, 2238
3.4014, 2237
3.4163, 2236
3.4290, 2235
3.4480, 2234
3.4482, 2233
3.4545, 2232
3.4712, 2231
3.4715, 2230
3.4924, 2229
3.4926, 2228
3.4989, 2227
3.5363, 2226
3.5631, 2225
3.6737, 2224
3.7024, 2223
3.7231, 2222
3.7295, 2221
3.7338, 2220
3.7503, 2219
3.7893, 2218
3.8489, 2217
3.9457, 2216
4.1686, 2215
4.4118, 2214
