0.0285, 2281
0.1151, 2280
0.1901, 2279
0.3123, 2278
0.3823, 2276
0.4245, 2275
0.5024, 2274
0.5374, 2273
0.5630, 2272
0.6696, 2270
0.6881, 2269
0.7520, 2268
0.8522, 2267
0.8779, 2266
0.8843, 2264
0.8876, 2263
1.0211, 2262
1.0766, 2261
1.2252, 2259
1.3111, 2257
1.3569, 2256
1.3753, 2255
1.3847, 2254
1.4276, 2251
1.4742, 2250
1.4926, 2249
1.5888, 2247
1.6119, 2246
1.6907, 2245
1.7168, 2244
1.7620, 2242
1.8050, 2241
1.8418, 2240
1.8613, 2239
1.8646, 2238
1.8972, 2236
1.9266, 2235
1.9332, 2234
2.0385, 2232
2.0519, 2231
2.0855, 2230
2.1481, 2229
2.1644, 2227
2.2261, 2226
2.4172, 2225
2.4934, 2224
2.7080, 2223
2.8056, 2221
3.1790, 2220
