0.0309, 2281
0.2154, 2280
0.2216, 2279
0.2433, 2278
0.2497, 2277
0.3832, 2276
0.3863, 2275
0.4141, 2273
0.4452, 2272
0.4699, 2271
0.4825, 2270
0.5433, 2269
0.6160, 2268
0.6311, 2267
0.6796, 2266
0.7681, 2263
0.8072, 2262
1.0147, 2261
1.0236, 2260
1.0639, 2259
1.0734, 2257
1.0855, 2255
1.2510, 2254
1.2691, 2253
1.2722, 2252
1.3008, 2251
1.3260, 2248
1.3488, 2247
1.3762, 2246
1.3793, 2245
1.4472, 2244
1.4900, 2243
1.5675, 2242
1.6773, 2241
1.7653, 2240
1.8563, 2238
1.8594, 2237
1.8903, 2236
1.8935, 2235
2.0591, 2234
2.0907, 2232
2.1487, 2231
2.2415, 2230
2.4728, 2229
2.7679, 2228
2.7713, 2227
2.7778, 2226
2.8146, 2224
