0.6566, 3931
0.6569, 3930
0.6572, 3929
0.6576, 3928
0.6579, 3927
0.6583, 3926
0.6586, 3925
0.6589, 3924
0.6593, 3923
0.6596, 3922
0.6599, 3921
0.6603, 3920
0.6606, 3919
0.6609, 3918
0.6613, 3917
0.6616, 3916
0.6620, 3915
0.6623, 3914
0.6626, 3913
0.6630, 3912
0.6633, 3911
0.6636, 3910
0.6640, 3909
0.6643, 3908
0.6646, 3907
0.6649, 3906
0.6653, 3905
0.6656, 3904
0.6659, 3903
0.6662, 3902
0.6666, 3901
0.6669, 3900
0.6672, 3899
0.6676, 3898
0.6679, 3897
0.6683, 3896
0.6686, 3895
0.6689, 3894
0.6692, 3893
0.6696, 3892
0.6699, 3891
0.6702, 3890
0.6706, 3889
0.6709, 3888
0.6712, 3887
0.6716, 3886
0.6719, 3885
0.6722, 3884
0.6726, 3883
0.6729, 3882
0.6732, 3881
0.6736, 3880
0.6739, 3879
0.6742, 3878
0.6746, 3877
0.6749, 3876
0.6752, 3875
0.6756, 3874
0.6759, 3873
0.6762, 3872
0.6766, 3871
0.6769, 3870
0.6772, 3869
0.6775, 3868
0.6779, 3867
0.6782, 3866
0.6785, 3865
0.6789, 3864
0.6792, 3863
0.6795, 3862
0.6798, 3861
0.6802, 3860
0.6805, 3859
0.6808, 3858
0.6812, 3857
0.6815, 3856
0.6818, 3855
0.6821, 3854
0.6825, 3853
0.6828, 3852
0.6831, 3851
0.6834, 3850
0.6838, 3849
0.6841, 3848
0.6844, 3847
0.6848, 3846
0.6851, 3845
0.6854, 3844
0.6857, 3843
0.6860, 3842
0.6864, 3841
0.6867, 3840
0.6870, 3839
0.6874, 3838
0.6877, 3837
0.6881, 3836
0.6884, 3835
0.6887, 3834
0.6891, 3833
0.6894, 3832
0.6897, 3831
0.6901, 3830
0.6904, 3829
0.6907, 3828
0.6911, 3827
0.6914, 3826
0.6917, 3825
0.6921, 3824
0.6924, 3823
0.6928, 3822
0.6931, 3821
0.6934, 3820
0.6938, 3819
0.6941, 3818
0.6945, 3817
0.6948, 3816
0.6951, 3815
0.6955, 3814
0.6958, 3813
0.6961, 3812
0.6965, 3811
0.6968, 3810
0.6971, 3809
0.6975, 3808
0.6978, 3807
0.6981, 3806
0.6985, 3805
0.6988, 3804
0.6991, 3803
0.6995, 3802
0.6998, 3801
0.7001, 3800
0.7005, 3799
0.7008, 3798
0.7011, 3797
0.7015, 3796
0.7018, 3795
0.7022, 3794
0.7025, 3793
0.7028, 3792
0.7032, 3791
0.7035, 3790
0.7038, 3789
0.7042, 3788
0.7045, 3787
0.7049, 3786
0.7052, 3785
0.7055, 3784
0.7059, 3783
0.7062, 3782
0.7065, 3781
0.7068, 3780
0.7072, 3779
0.7075, 3778
0.7078, 3777
0.7082, 3776
0.7085, 3775
0.7088, 3774
0.7092, 3773
0.7095, 3772
0.7099, 3771
0.7102, 3770
0.7105, 3769
0.7109, 3768
0.7112, 3767
0.7115, 3766
0.7118, 3765
0.7122, 3764
0.7125, 3763
0.7128, 3762
0.7132, 3761
0.7135, 3760
0.7138, 3759
0.7142, 3758
0.7145, 3757
0.7148, 3756
0.7152, 3755
0.7155, 3754
0.7158, 3753
0.7161, 3752
0.7165, 3751
0.7168, 3750
0.7171, 3749
0.7175, 3748
0.7178, 3747
0.7181, 3746
0.7185, 3745
0.7188, 3744
0.7191, 3743
0.7195, 3742
0.7198, 3741
0.7202, 3740
0.7205, 3739
0.7208, 3738
0.7211, 3737
0.7215, 3736
0.7218, 3735
0.7221, 3734
0.7224, 3733
0.7228, 3732
0.7231, 3731
0.7234, 3730
0.7238, 3729
0.7241, 3728
0.7244, 3727
0.7247, 3726
0.7250, 3725
0.7254, 3724
0.7257, 3723
0.7260, 3722
0.7263, 3721
0.7267, 3720
0.7270, 3719
0.7273, 3718
0.7276, 3717
0.7279, 3716
0.7283, 3715
0.7286, 3714
0.7289, 3713
0.7293, 3712
0.7296, 3711
0.7299, 3710
0.7303, 3709
0.7306, 3708
0.7309, 3707
0.7312, 3706
0.7316, 3705
0.7319, 3704
0.7322, 3703
0.7325, 3702
0.7329, 3701
0.7332, 3700
0.7335, 3699
0.7339, 3698
0.7342, 3697
0.7345, 3696
0.7348, 3695
0.7352, 3694
0.7355, 3693
0.7358, 3692
0.7361, 3691
0.7365, 3690
0.7368, 3689
0.7371, 3688
0.7374, 3687
0.7377, 3686
0.7380, 3685
0.7384, 3684
0.7387, 3683
0.7390, 3682
0.7393, 3681
0.7397, 3680
0.7400, 3679
0.7403, 3678
0.7407, 3677
0.7410, 3676
0.7413, 3675
0.7416, 3674
0.7420, 3673
0.7423, 3672
0.7426, 3671
0.7430, 3670
0.7433, 3669
0.7436, 3668
0.7439, 3667
0.7442, 3666
0.7446, 3665
0.7449, 3664
0.7452, 3663
0.7456, 3662
0.7459, 3661
0.7462, 3660
0.7465, 3659
0.7469, 3658
0.7472, 3657
0.7475, 3656
0.7478, 3655
0.7482, 3654
0.7485, 3653
0.7488, 3652
0.7491, 3651
0.7495, 3650
0.7498, 3649
0.7501, 3648
0.7504, 3647
0.7508, 3646
0.7511, 3645
0.7514, 3644
0.7517, 3643
0.7521, 3642
0.7524, 3641
0.7527, 3640
0.7530, 3639
0.7533, 3638
0.7537, 3637
0.7540, 3636
0.7543, 3635
0.7546, 3634
0.7550, 3633
0.7553, 3632
0.7556, 3631
0.7559, 3630
0.7563, 3629
0.7566, 3628
0.7569, 3627
0.7572, 3626
0.7575, 3625
0.7579, 3624
0.7582, 3623
0.7585, 3622
0.7588, 3621
0.7591, 3620
0.7595, 3619
0.7598, 3618
0.7601, 3617
0.7604, 3616
0.7607, 3615
0.7610, 3614
0.7614, 3613
0.7617, 3612
0.7620, 3611
0.7623, 3610
0.7626, 3609
0.7629, 3608
0.7633, 3607
0.7636, 3606
0.7639, 3605
0.7642, 3604
0.7646, 3603
0.7649, 3602
0.7652, 3601
0.7655, 3600
0.7658, 3599
0.7661, 3598
0.7665, 3597
0.7668, 3596
0.7671, 3595
0.7674, 3594
0.7678, 3593
0.7681, 3592
0.7684, 3591
0.7687, 3590
0.7691, 3589
0.7694, 3588
0.7697, 3587
0.7701, 3586
0.7704, 3585
0.7707, 3584
0.7710, 3583
0.7714, 3582
0.7717, 3581
0.7720, 3580
0.7724, 3579
0.7727, 3578
0.7730, 3577
0.7733, 3576
0.7736, 3575
0.7740, 3574
0.7743, 3573
0.7746, 3572
0.7749, 3571
0.7752, 3570
0.7755, 3569
0.7759, 3568
0.7762, 3567
0.7765, 3566
0.7768, 3565
0.7772, 3564
0.7775, 3563
0.7779, 3562
0.7783, 3561
0.7786, 3560
0.7789, 3559
0.7793, 3558
0.7796, 3557
0.7799, 3556
0.7803, 3555
0.7806, 3554
0.7810, 3553
0.7813, 3552
0.7816, 3551
0.7819, 3550
0.7822, 3549
0.7826, 3548
0.7829, 3547
0.7832, 3546
0.7835, 3545
0.7839, 3544
0.7842, 3543
0.7846, 3542
0.7849, 3541
0.7853, 3540
0.7856, 3539
0.7860, 3538
0.7863, 3537
0.7866, 3536
0.7870, 3535
0.7873, 3534
0.7876, 3533
0.7880, 3532
0.7883, 3531
0.7886, 3530
0.7890, 3529
0.7893, 3528
0.7897, 3527
0.7900, 3526
0.7903, 3525
0.7906, 3524
0.7909, 3523
0.7912, 3522
0.7915, 3521
0.7919, 3520
0.7922, 3519
0.7925, 3518
0.7928, 3517
0.7931, 3516
0.7935, 3515
0.7938, 3514
0.7941, 3513
0.7944, 3512
0.7947, 3511
0.7951, 3510
0.7954, 3509
0.7957, 3508
0.7961, 3507
0.7964, 3506
0.7967, 3505
0.7970, 3504
0.7974, 3503
0.7977, 3502
0.7980, 3501
0.7984, 3500
0.7987, 3499
0.7990, 3498
0.7993, 3497
0.7996, 3496
0.8000, 3495
0.8003, 3494
0.8006, 3493
0.8009, 3492
0.8013, 3491
0.8016, 3490
0.8019, 3489
0.8023, 3488
0.8026, 3487
0.8029, 3486
0.8032, 3485
0.8036, 3484
0.8039, 3483
0.8042, 3482
0.8045, 3481
0.8048, 3480
0.8051, 3479
0.8054, 3478
0.8058, 3477
0.8061, 3476
0.8064, 3475
0.8067, 3474
0.8070, 3473
0.8073, 3472
0.8076, 3471
0.8080, 3470
0.8083, 3469
0.8086, 3468
0.8089, 3467
0.8092, 3466
0.8095, 3465
0.8098, 3464
0.8101, 3463
0.8104, 3462
0.8108, 3461
0.8111, 3460
0.8114, 3459
0.8118, 3458
0.8121, 3457
0.8124, 3456
0.8127, 3455
0.8131, 3454
0.8134, 3453
0.8137, 3452
0.8140, 3451
0.8144, 3450
0.8147, 3449
0.8150, 3448
0.8153, 3447
0.8157, 3446
0.8160, 3445
0.8163, 3444
0.8166, 3443
0.8169, 3442
0.8173, 3441
0.8176, 3440
0.8179, 3439
0.8182, 3438
0.8185, 3437
0.8188, 3436
0.8191, 3435
0.8194, 3434
0.8197, 3433
0.8200, 3432
0.8204, 3431
0.8207, 3430
0.8210, 3429
0.8213, 3428
0.8216, 3427
0.8219, 3426
0.8222, 3425
0.8225, 3424
0.8228, 3423
0.8231, 3422
0.8234, 3421
0.8237, 3420
0.8240, 3419
0.8243, 3418
0.8246, 3417
0.8249, 3416
0.8253, 3415
0.8255, 3414
0.8258, 3413
0.8262, 3412
0.8265, 3411
0.8268, 3410
0.8270, 3409
0.8274, 3408
0.8277, 3407
0.8280, 3406
0.8283, 3405
0.8286, 3404
0.8289, 3403
0.8292, 3402
0.8295, 3401
0.8298, 3400
0.8301, 3399
0.8304, 3398
0.8308, 3397
0.8311, 3396
0.8314, 3395
0.8317, 3394
0.8320, 3393
0.8323, 3392
0.8327, 3391
0.8330, 3390
0.8333, 3389
0.8337, 3388
0.8340, 3387
0.8344, 3386
0.8347, 3385
0.8350, 3384
0.8353, 3383
0.8356, 3382
0.8359, 3381
0.8363, 3380
0.8366, 3379
0.8369, 3378
0.8373, 3377
0.8376, 3376
0.8379, 3375
0.8382, 3374
0.8385, 3373
0.8388, 3372
0.8392, 3371
0.8395, 3370
0.8398, 3369
0.8401, 3368
0.8404, 3367
0.8407, 3366
0.8410, 3365
0.8414, 3364
0.8417, 3363
0.8421, 3362
0.8424, 3361
0.8427, 3360
0.8430, 3359
0.8433, 3358
0.8436, 3357
0.8439, 3356
0.8442, 3355
0.8445, 3354
0.8449, 3353
0.8452, 3352
0.8455, 3351
0.8458, 3350
0.8461, 3349
0.8464, 3348
0.8467, 3347
0.8470, 3346
0.8473, 3345
0.8476, 3344
0.8480, 3343
0.8483, 3342
0.8486, 3341
0.8489, 3340
0.8492, 3339
0.8495, 3338
0.8498, 3337
0.8501, 3336
0.8504, 3335
0.8507, 3334
0.8510, 3333
0.8513, 3332
0.8516, 3331
0.8519, 3330
0.8522, 3329
0.8525, 3328
0.8528, 3327
0.8531, 3326
0.8534, 3325
0.8537, 3324
0.8540, 3323
0.8544, 3322
0.8547, 3321
0.8550, 3320
0.8553, 3319
0.8556, 3318
0.8558, 3317
0.8562, 3316
0.8564, 3315
0.8567, 3314
0.8571, 3313
0.8574, 3312
0.8577, 3311
0.8580, 3310
0.8583, 3309
0.8586, 3308
0.8589, 3307
0.8593, 3306
0.8596, 3305
0.8599, 3304
0.8602, 3303
0.8605, 3302
0.8609, 3301
0.8612, 3300
0.8615, 3299
0.8619, 3298
0.8622, 3297
0.8625, 3296
0.8629, 3295
0.8632, 3294
0.8635, 3293
0.8638, 3292
0.8642, 3291
0.8646, 3290
0.8649, 3289
0.8652, 3288
0.8656, 3287
0.8659, 3286
0.8662, 3285
0.8665, 3284
0.8668, 3283
0.8671, 3282
0.8675, 3281
0.8678, 3280
0.8681, 3279
0.8685, 3278
0.8688, 3277
0.8691, 3276
0.8695, 3275
0.8698, 3274
0.8701, 3273
0.8704, 3272
0.8708, 3271
0.8711, 3270
0.8715, 3269
0.8718, 3268
0.8721, 3267
0.8724, 3266
0.8728, 3265
0.8731, 3264
0.8734, 3263
0.8737, 3262
0.8740, 3261
0.8743, 3260
0.8747, 3259
0.8750, 3258
0.8753, 3257
0.8756, 3256
0.8759, 3255
0.8762, 3254
0.8765, 3253
0.8769, 3252
0.8772, 3251
0.8775, 3250
0.8778, 3249
0.8782, 3248
0.8785, 3247
0.8788, 3246
0.8791, 3245
0.8794, 3244
0.8797, 3243
0.8800, 3242
0.8803, 3241
0.8807, 3240
0.8810, 3239
0.8814, 3238
0.8817, 3237
0.8820, 3236
0.8823, 3235
0.8826, 3234
0.8830, 3233
0.8833, 3232
0.8836, 3231
0.8839, 3230
0.8843, 3229
0.8846, 3228
0.8849, 3227
0.8852, 3226
0.8856, 3225
0.8859, 3224
0.8862, 3223
0.8865, 3222
0.8868, 3221
0.8872, 3220
0.8875, 3219
0.8878, 3218
0.8881, 3217
0.8884, 3216
0.8887, 3215
0.8890, 3214
0.8893, 3213
0.8896, 3212
0.8899, 3211
0.8902, 3210
0.8905, 3209
0.8908, 3208
0.8910, 3207
0.8913, 3206
0.8916, 3205
0.8920, 3204
0.8923, 3203
0.8927, 3202
0.8930, 3201
0.8933, 3200
0.8936, 3199
0.8940, 3198
0.8943, 3197
0.8946, 3196
0.8949, 3195
0.8952, 3194
0.8955, 3193
0.8958, 3192
0.8961, 3191
0.8964, 3190
0.8967, 3189
0.8970, 3188
0.8973, 3187
0.8976, 3186
0.8980, 3185
0.8983, 3184
0.8986, 3183
0.8989, 3182
0.8992, 3181
0.8995, 3180
0.8998, 3179
0.9002, 3178
0.9005, 3177
0.9008, 3176
0.9011, 3175
0.9014, 3174
0.9017, 3173
0.9020, 3172
0.9023, 3171
0.9026, 3170
0.9029, 3169
0.9032, 3168
0.9034, 3167
0.9038, 3166
0.9040, 3165
0.9044, 3164
0.9047, 3163
0.9050, 3162
0.9053, 3161
0.9056, 3160
0.9059, 3159
0.9062, 3158
0.9065, 3157
0.9068, 3156
0.9071, 3155
0.9074, 3154
0.9077, 3153
0.9080, 3152
0.9083, 3151
0.9086, 3150
0.9090, 3149
0.9093, 3148
0.9096, 3147
0.9099, 3146
0.9102, 3145
0.9105, 3144
0.9109, 3143
0.9112, 3142
0.9115, 3141
0.9118, 3140
0.9121, 3139
0.9124, 3138
0.9127, 3137
0.9130, 3136
0.9133, 3135
0.9136, 3134
0.9140, 3133
0.9143, 3132
0.9146, 3131
0.9149, 3130
0.9152, 3129
0.9155, 3128
0.9158, 3127
0.9160, 3126
0.9164, 3125
0.9166, 3124
0.9169, 3123
0.9172, 3122
0.9175, 3121
0.9178, 3120
0.9181, 3119
0.9184, 3118
0.9186, 3117
0.9189, 3116
0.9192, 3115
0.9195, 3114
0.9198, 3113
0.9201, 3112
0.9204, 3111
0.9207, 3110
0.9210, 3109
0.9213, 3108
0.9215, 3107
0.9218, 3106
0.9221, 3105
0.9224, 3104
0.9227, 3103
0.9230, 3102
0.9233, 3101
0.9236, 3100
0.9239, 3099
0.9242, 3098
0.9245, 3097
0.9247, 3096
0.9250, 3095
0.9253, 3094
0.9256, 3093
0.9259, 3092
0.9261, 3091
0.9264, 3090
0.9267, 3089
0.9270, 3088
0.9273, 3087
0.9276, 3086
0.9279, 3085
0.9282, 3084
0.9285, 3083
0.9288, 3082
0.9291, 3081
0.9295, 3080
0.9297, 3079
0.9300, 3078
0.9303, 3077
0.9306, 3076
0.9309, 3075
0.9311, 3074
0.9314, 3073
0.9318, 3072
0.9320, 3071
0.9323, 3070
0.9326, 3069
0.9329, 3068
0.9332, 3067
0.9334, 3066
0.9337, 3065
0.9340, 3064
0.9343, 3063
0.9346, 3062
0.9349, 3061
0.9352, 3060
0.9355, 3059
0.9358, 3058
0.9361, 3057
0.9364, 3056
0.9367, 3055
0.9370, 3054
0.9374, 3053
0.9377, 3052
0.9380, 3051
0.9383, 3050
0.9386, 3049
0.9389, 3048
0.9391, 3047
0.9394, 3046
0.9397, 3045
0.9400, 3044
0.9403, 3043
0.9406, 3042
0.9409, 3041
0.9411, 3040
0.9414, 3039
0.9417, 3038
0.9420, 3037
0.9423, 3036
0.9426, 3035
0.9429, 3034
0.9432, 3033
0.9435, 3032
0.9437, 3031
0.9440, 3030
0.9443, 3029
0.9446, 3028
0.9449, 3027
0.9451, 3026
0.9454, 3025
0.9457, 3024
0.9460, 3023
0.9463, 3022
0.9466, 3021
0.9469, 3020
0.9472, 3019
0.9474, 3018
0.9477, 3017
0.9480, 3016
0.9483, 3015
0.9485, 3014
0.9488, 3013
0.9491, 3012
0.9494, 3011
0.9496, 3010
0.9499, 3009
0.9502, 3008
0.9505, 3007
0.9507, 3006
0.9510, 3005
0.9513, 3004
0.9516, 3003
0.9519, 3002
0.9522, 3001
0.9525, 3000
0.9528, 2999
0.9531, 2998
0.9533, 2997
0.9536, 2996
0.9539, 2995
0.9542, 2994
0.9545, 2993
0.9548, 2992
0.9551, 2991
0.9553, 2990
0.9556, 2989
0.9559, 2988
0.9562, 2987
0.9565, 2986
0.9568, 2985
0.9571, 2984
0.9574, 2983
0.9576, 2982
0.9580, 2981
0.9583, 2980
0.9586, 2979
0.9589, 2978
0.9592, 2977
0.9595, 2976
0.9598, 2975
0.9601, 2974
0.9604, 2973
0.9607, 2972
0.9609, 2971
0.9612, 2970
0.9615, 2969
0.9618, 2968
0.9621, 2967
0.9623, 2966
0.9626, 2965
0.9629, 2964
0.9632, 2963
0.9635, 2962
0.9638, 2961
0.9641, 2960
0.9644, 2959
0.9647, 2958
0.9650, 2957
0.9654, 2956
0.9657, 2955
0.9659, 2954
0.9662, 2953
0.9665, 2952
0.9668, 2951
0.9671, 2950
0.9674, 2949
0.9677, 2948
0.9680, 2947
0.9683, 2946
0.9686, 2945
0.9688, 2944
0.9691, 2943
0.9694, 2942
0.9697, 2941
0.9700, 2940
0.9703, 2939
0.9706, 2938
0.9708, 2937
0.9712, 2936
0.9714, 2935
0.9718, 2934
0.9721, 2933
0.9724, 2932
0.9727, 2931
0.9730, 2930
0.9733, 2929
0.9737, 2928
0.9740, 2927
0.9742, 2926
0.9745, 2925
0.9748, 2924
0.9752, 2923
0.9755, 2922
0.9758, 2921
0.9762, 2920
0.9764, 2919
0.9768, 2918
0.9771, 2917
0.9774, 2916
0.9777, 2915
0.9780, 2914
0.9783, 2913
0.9786, 2912
0.9790, 2911
0.9793, 2910
0.9796, 2909
0.9799, 2908
0.9802, 2907
0.9805, 2906
0.9808, 2905
0.9811, 2904
0.9814, 2903
0.9816, 2902
0.9819, 2901
0.9823, 2900
0.9825, 2899
0.9829, 2898
0.9832, 2897
0.9835, 2896
0.9838, 2895
0.9841, 2894
0.9844, 2893
0.9847, 2892
0.9850, 2891
0.9853, 2890
0.9856, 2889
0.9859, 2888
0.9862, 2887
0.9864, 2886
0.9867, 2885
0.9870, 2884
0.9873, 2883
0.9876, 2882
0.9879, 2881
0.9881, 2880
0.9884, 2879
0.9887, 2878
0.9890, 2877
0.9893, 2876
0.9895, 2875
0.9898, 2874
0.9901, 2873
0.9904, 2872
0.9906, 2871
0.9910, 2870
0.9912, 2869
0.9915, 2868
0.9918, 2867
0.9920, 2866
0.9923, 2865
0.9926, 2864
0.9929, 2863
0.9931, 2862
0.9934, 2861
0.9937, 2860
0.9939, 2859
0.9942, 2858
0.9945, 2857
0.9947, 2856
0.9950, 2855
0.9953, 2854
0.9955, 2853
0.9958, 2852
0.9961, 2851
0.9963, 2850
0.9966, 2849
0.9969, 2848
0.9972, 2847
0.9975, 2846
0.9977, 2845
0.9980, 2844
0.9983, 2843
0.9985, 2842
0.9988, 2841
0.9991, 2840
0.9993, 2839
0.9996, 2838
0.9999, 2837
1.0002, 2836
1.0005, 2835
1.0008, 2834
1.0011, 2833
1.0013, 2832
1.0016, 2831
1.0019, 2830
1.0022, 2829
1.0025, 2828
1.0028, 2827
1.0030, 2826
1.0033, 2825
1.0036, 2824
1.0039, 2823
1.0042, 2822
1.0044, 2821
1.0047, 2820
1.0050, 2819
1.0052, 2818
1.0055, 2817
1.0058, 2816
1.0060, 2815
1.0063, 2814
1.0066, 2813
1.0069, 2812
1.0071, 2811
1.0074, 2810
1.0077, 2809
1.0079, 2808
1.0082, 2807
1.0085, 2806
1.0088, 2805
1.0090, 2804
1.0093, 2803
1.0096, 2802
1.0099, 2801
1.0102, 2800
1.0104, 2799
1.0107, 2798
1.0110, 2797
1.0112, 2796
1.0115, 2795
1.0118, 2794
1.0121, 2793
1.0124, 2792
1.0126, 2791
1.0129, 2790
1.0132, 2789
1.0134, 2788
1.0137, 2787
1.0140, 2786
1.0143, 2785
1.0145, 2784
1.0148, 2783
1.0151, 2782
1.0153, 2781
1.0156, 2780
1.0159, 2779
1.0161, 2778
1.0164, 2777
1.0167, 2776
1.0169, 2775
1.0172, 2774
1.0175, 2773
1.0177, 2772
1.0180, 2771
1.0183, 2770
1.0185, 2769
1.0188, 2768
1.0191, 2767
1.0193, 2766
1.0196, 2765
1.0198, 2764
1.0201, 2763
1.0204, 2762
1.0206, 2761
1.0209, 2760
1.0212, 2759
1.0214, 2758
1.0217, 2757
1.0220, 2756
1.0223, 2755
1.0226, 2754
1.0228, 2753
1.0231, 2752
1.0234, 2751
1.0237, 2750
1.0239, 2749
1.0242, 2748
1.0245, 2747
1.0247, 2746
1.0250, 2745
1.0253, 2744
1.0257, 2743
1.0259, 2742
1.0262, 2741
1.0265, 2740
1.0268, 2739
1.0270, 2738
1.0273, 2737
1.0277, 2736
1.0280, 2735
1.0282, 2734
1.0285, 2733
1.0288, 2732
1.0292, 2731
1.0295, 2730
1.0298, 2729
1.0300, 2728
1.0303, 2727
1.0306, 2726
1.0309, 2725
1.0312, 2724
1.0315, 2723
1.0317, 2722
1.0320, 2721
1.0324, 2720
1.0327, 2719
1.0330, 2718
1.0333, 2717
1.0335, 2716
1.0338, 2715
1.0341, 2714
1.0344, 2713
1.0346, 2712
1.0349, 2711
1.0352, 2710
1.0355, 2709
1.0357, 2708
1.0360, 2707
1.0363, 2706
1.0365, 2705
1.0368, 2704
1.0371, 2703
1.0374, 2702
1.0376, 2701
1.0379, 2700
1.0381, 2699
1.0384, 2698
1.0387, 2697
1.0390, 2696
1.0392, 2695
1.0395, 2694
1.0398, 2693
1.0401, 2692
1.0403, 2691
1.0406, 2690
1.0409, 2689
1.0412, 2688
1.0414, 2687
1.0417, 2686
1.0420, 2685
1.0422, 2684
1.0425, 2683
1.0428, 2682
1.0430, 2681
1.0433, 2680
1.0435, 2679
1.0438, 2678
1.0441, 2677
1.0444, 2676
1.0447, 2675
1.0450, 2674
1.0452, 2673
1.0455, 2672
1.0458, 2671
1.0461, 2670
1.0463, 2669
1.0466, 2668
1.0469, 2667
1.0471, 2666
1.0474, 2665
1.0477, 2664
1.0480, 2663
1.0482, 2662
1.0485, 2661
1.0488, 2660
1.0490, 2659
1.0493, 2658
1.0496, 2657
1.0498, 2656
1.0501, 2655
1.0504, 2654
1.0507, 2653
1.0509, 2652
1.0512, 2651
1.0515, 2650
1.0517, 2649
1.0520, 2648
1.0522, 2647
1.0525, 2646
1.0527, 2645
1.0530, 2644
1.0532, 2643
1.0535, 2642
1.0537, 2641
1.0540, 2640
1.0542, 2639
1.0545, 2638
1.0548, 2637
1.0550, 2636
1.0553, 2635
1.0555, 2634
1.0558, 2633
1.0560, 2632
1.0563, 2631
1.0565, 2630
1.0568, 2629
1.0571, 2628
1.0573, 2627
1.0576, 2626
1.0578, 2625
1.0581, 2624
1.0583, 2623
1.0586, 2622
1.0589, 2621
1.0592, 2620
1.0594, 2619
1.0597, 2618
1.0600, 2617
1.0603, 2616
1.0605, 2615
1.0608, 2614
1.0610, 2613
1.0613, 2612
1.0615, 2611
1.0618, 2610
1.0620, 2609
1.0623, 2608
1.0625, 2607
1.0628, 2606
1.0631, 2605
1.0634, 2604
1.0636, 2603
1.0639, 2602
1.0641, 2601
1.0644, 2600
1.0646, 2599
1.0649, 2598
1.0652, 2597
1.0654, 2596
1.0657, 2595
1.0659, 2594
1.0662, 2593
1.0665, 2592
1.0668, 2591
1.0671, 2590
1.0673, 2589
1.0676, 2588
1.0679, 2587
1.0681, 2586
1.0684, 2585
1.0686, 2584
1.0689, 2583
1.0692, 2582
1.0695, 2581
1.0697, 2580
1.0700, 2579
1.0702, 2578
1.0705, 2577
1.0707, 2576
1.0710, 2575
1.0713, 2574
1.0715, 2573
1.0718, 2572
1.0721, 2571
1.0723, 2570
1.0727, 2569
1.0793, 2568
1.0859, 2567
1.0986, 2566
1.0989, 2565
1.1073, 2564
1.1075, 2563
1.1118, 2562
1.1204, 2561
1.1247, 2560
1.1355, 2559
1.1441, 2558
1.1788, 2557
1.1875, 2556
1.1939, 2555
1.2004, 2554
1.2006, 2553
1.2072, 2552
1.2198, 2551
1.2263, 2550
1.2327, 2549
1.2391, 2548
1.2435, 2547
1.2458, 2546
1.2481, 2545
1.2483, 2544
1.2486, 2543
1.2571, 2542
1.2573, 2541
1.2575, 2540
1.2743, 2539
1.2829, 2538
1.2914, 2537
1.2916, 2536
1.3001, 2535
1.3066, 2534
1.3131, 2533
1.3406, 2532
1.3533, 2531
1.3556, 2530
1.3558, 2529
1.3623, 2528
1.3666, 2527
1.3711, 2526
1.3777, 2525
1.3779, 2524
1.3823, 2523
1.3867, 2522
1.3870, 2521
1.3872, 2520
1.3961, 2519
1.3964, 2518
1.4008, 2517
1.4656, 2516
1.4784, 2515
1.4786, 2514
1.4932, 2513
1.5163, 2512
1.5227, 2511
1.5312, 2510
1.5439, 2509
1.5441, 2508
1.5568, 2507
1.5632, 2506
1.5760, 2505
1.6010, 2504
1.6181, 2503
1.6268, 2502
1.6355, 2501
1.6400, 2500
1.6402, 2499
1.6446, 2498
1.6573, 2497
1.6575, 2496
1.6660, 2495
1.6707, 2494
1.6751, 2493
1.6754, 2492
1.6756, 2491
1.6758, 2490
1.6760, 2489
1.6846, 2488
1.6849, 2487
1.6851, 2486
1.7001, 2485
1.7003, 2484
1.7005, 2483
1.7197, 2482
1.7262, 2481
1.7347, 2480
1.7393, 2479
1.7499, 2478
1.7501, 2477
1.7545, 2476
1.7548, 2475
1.7550, 2474
1.7552, 2473
1.7741, 2472
1.7889, 2471
1.7891, 2470
1.7894, 2469
1.7917, 2468
1.7919, 2467
1.8088, 2466
1.8277, 2465
1.8363, 2464
1.8489, 2463
1.8491, 2462
1.8577, 2461
1.8579, 2460
1.8602, 2459
1.8646, 2458
1.8731, 2457
1.8733, 2456
1.8924, 2455
1.9031, 2454
1.9117, 2453
1.9119, 2452
1.9185, 2451
1.9359, 2450
1.9529, 2449
1.9635, 2448
1.9720, 2447
1.9806, 2446
1.9911, 2445
2.0185, 2444
2.0291, 2443
2.0293, 2442
2.0503, 2441
2.0588, 2440
2.0632, 2439
2.0802, 2438
2.1014, 2437
2.1100, 2436
2.1247, 2435
2.1353, 2434
2.1356, 2433
2.1712, 2432
2.1840, 2431
2.2121, 2430
2.2123, 2429
2.2428, 2428
2.2430, 2427
2.2561, 2426
2.2648, 2425
2.2775, 2424
2.2905, 2423
2.3074, 2422
2.3180, 2421
2.3182, 2420
2.3308, 2419
2.3435, 2418
2.3499, 2417
2.3584, 2416
2.3586, 2415
2.3609, 2414
2.3611, 2413
2.3758, 2412
2.3760, 2411
2.3763, 2410
2.3807, 2409
2.3809, 2408
2.3811, 2407
2.4040, 2406
2.4084, 2405
2.4190, 2404
2.4235, 2403
2.4238, 2402
2.4261, 2401
2.4263, 2400
2.4347, 2399
2.4453, 2398
2.4455, 2397
2.4458, 2396
2.4460, 2395
2.4546, 2394
2.4774, 2393
2.4829, 2392
2.4832, 2391
2.4834, 2390
2.4837, 2389
2.4839, 2388
2.4866, 2387
2.4946, 2386
2.4949, 2385
2.5042, 2384
2.5046, 2383
2.5049, 2382
2.5137, 2381
2.5140, 2380
2.5205, 2379
2.5261, 2378
2.5291, 2377
2.5354, 2376
2.5357, 2375
2.5360, 2374
2.5581, 2373
2.5583, 2372
2.5741, 2371
2.5806, 2370
2.5808, 2369
2.5810, 2368
2.5878, 2367
2.5880, 2366
2.5883, 2365
2.5885, 2364
2.5887, 2363
2.5889, 2362
2.6101, 2361
2.6103, 2360
2.6127, 2359
2.6129, 2358
2.6258, 2357
2.6260, 2356
2.6263, 2355
2.6265, 2354
2.6267, 2353
2.6311, 2352
2.6481, 2351
2.6526, 2350
2.6632, 2349
2.6655, 2348
2.6678, 2347
2.6893, 2346
2.6895, 2345
2.6898, 2344
2.6966, 2343
2.6969, 2342
2.6971, 2341
2.7039, 2340
2.7210, 2339
2.7233, 2338
2.7235, 2337
2.7384, 2336
2.7448, 2335
2.7451, 2334
2.7494, 2333
2.7787, 2332
2.7894, 2331
2.7897, 2330
2.7899, 2329
2.8003, 2328
2.8006, 2327
2.8092, 2326
2.8094, 2325
2.8926, 2324
2.9381, 2323
2.9486, 2322
2.9509, 2321
2.9557, 2320
2.9559, 2319
2.9582, 2318
2.9624, 2317
2.9627, 2316
2.9670, 2315
2.9817, 2314
2.9861, 2313
2.9904, 2312
2.9968, 2311
2.9970, 2310
3.0017, 2309
3.0019, 2308
3.0148, 2307
3.0192, 2306
3.0277, 2305
3.0279, 2304
3.0303, 2303
3.0409, 2302
3.0453, 2301
3.0456, 2300
3.0500, 2299
3.0543, 2298
3.0546, 2297
3.0568, 2296
3.0653, 2295
3.0697, 2294
3.0823, 2293
3.0908, 2292
3.1034, 2291
3.1036, 2290
3.1038, 2289
3.1103, 2288
3.1126, 2287
3.1128, 2286
3.1276, 2285
3.1453, 2284
3.1455, 2283
3.1708, 2282
3.1752, 2281
3.1838, 2280
3.2176, 2279
3.2219, 2278
3.2222, 2277
3.2224, 2276
3.2226, 2275
3.2310, 2274
3.2312, 2273
3.2314, 2272
3.2400, 2271
3.2403, 2270
3.2405, 2269
3.2428, 2268
3.2430, 2267
3.2559, 2266
3.2803, 2265
3.2847, 2264
3.2915, 2263
3.3103, 2262
3.3147, 2261
3.3252, 2260
3.3254, 2259
3.3298, 2258
3.3300, 2257
3.3469, 2256
3.3492, 2255
3.3495, 2254
3.3539, 2253
3.3541, 2252
3.3543, 2251
3.3758, 2250
3.3781, 2249
3.3845, 2248
3.3911, 2247
3.4079, 2246
3.4123, 2245
3.4167, 2244
3.4276, 2243
3.4278, 2242
3.4384, 2241
3.4511, 2240
3.4555, 2239
3.4723, 2238
3.4725, 2237
3.4789, 2236
3.4853, 2235
3.4856, 2234
3.4941, 2233
3.5089, 2232
3.5152, 2231
3.5154, 2230
3.5198, 2229
3.5241, 2228
3.5560, 2227
3.5807, 2226
3.6201, 2225
3.7325, 2224
3.7580, 2223
3.7813, 2222
3.7922, 2221
3.7967, 2220
3.8097, 2219
3.8490, 2218
3.9300, 2217
3.9845, 2216
4.0268, 2215
4.3040, 2214
