0.0494, 2281
0.0562, 2280
0.0782, 2277
0.0889, 2276
0.1046, 2275
0.1230, 2274
0.1815, 2273
0.1883, 2272
0.2595, 2271
0.2782, 2270
0.3085, 2269
0.3183, 2268
0.3309, 2267
0.4979, 2266
0.5108, 2265
0.5175, 2262
0.5302, 2261
0.5533, 2260
0.5565, 2259
0.6302, 2258
0.6833, 2257
0.7084, 2256
0.9257, 2254
0.9288, 2253
0.9594, 2252
1.0150, 2251
1.1200, 2250
1.1262, 2249
1.1543, 2248
1.1574, 2247
1.1702, 2245
1.1914, 2244
1.1976, 2243
1.2256, 2242
1.3720, 2241
1.4754, 2240
1.5869, 2239
1.5967, 2238
1.8082, 2236
1.8355, 2235
2.0214, 2234
2.0474, 2233
2.0664, 2232
2.2280, 2231
2.2601, 2229
2.3147, 2228
2.3277, 2226
2.3435, 2225
2.5321, 2223
2.5545, 2222
2.6519, 2221
