0.0326, 2281
0.1071, 2280
0.1309, 2279
0.1689, 2278
0.2008, 2277
0.2071, 2276
0.2231, 2275
0.3589, 2272
0.3773, 2271
0.3835, 2270
0.4147, 2269
0.4210, 2268
0.4370, 2267
0.4531, 2266
0.4720, 2265
0.4785, 2264
0.4911, 2262
0.4943, 2259
0.5130, 2257
0.5193, 2255
0.5225, 2254
0.6239, 2253
0.7052, 2252
0.7237, 2251
0.7364, 2250
0.7549, 2249
0.8519, 2248
0.8737, 2247
0.9569, 2244
0.9817, 2243
0.9911, 2242
1.0464, 2241
1.0527, 2239
1.0716, 2238
1.1185, 2237
1.1773, 2236
1.3186, 2235
1.4010, 2234
1.4076, 2233
1.6050, 2232
1.6115, 2231
1.7199, 2230
1.7672, 2229
1.9352, 2228
2.1477, 2227
2.2583, 2226
2.3745, 2224
2.4024, 2223
2.8001, 2222
2.8097, 2221
2.8513, 2220
2.8674, 2219
2.9055, 2218
2.9757, 2217
3.0203, 2216
3.0486, 2215
