0.0298, 2281
0.0515, 2280
0.0549, 2279
0.0851, 2278
0.0886, 2277
0.1019, 2276
0.1395, 2275
0.1882, 2274
0.2101, 2273
0.2166, 2271
0.2637, 2270
0.3131, 2269
0.3319, 2268
0.3474, 2267
0.3628, 2266
0.3721, 2265
0.4506, 2264
0.4820, 2263
0.4884, 2261
0.5471, 2260
0.5503, 2259
0.5843, 2256
0.6961, 2254
0.7117, 2253
0.7463, 2251
0.7590, 2250
0.7929, 2247
0.8525, 2246
0.9116, 2245
0.9396, 2244
1.0023, 2243
1.0554, 2242
1.1808, 2240
1.2339, 2239
1.2714, 2238
1.3156, 2237
1.4063, 2235
1.4221, 2233
1.5346, 2232
1.5786, 2231
1.6817, 2230
2.0157, 2229
2.0735, 2228
2.1054, 2227
2.2406, 2226
2.2621, 2225
2.2654, 2224
2.3194, 2223
2.6619, 2222
