0.1077, 4688
0.1382, 4686
0.1490, 4683
0.1907, 4682
0.2222, 4681
0.2949, 4680
0.3282, 4679
0.3945, 4678
0.4364, 4675
0.4621, 4673
0.5502, 4672
0.5726, 4671
0.5833, 4670
0.6038, 4669
0.6661, 4667
0.7080, 4665
0.8005, 4664
0.8323, 4663
0.8538, 4656
0.9051, 4655
0.9160, 4653
0.9712, 4650
1.1525, 4649
1.1941, 4647
1.2359, 4646
1.3406, 4645
1.3722, 4644
1.4448, 4642
1.5282, 4641
1.5705, 4638
1.6018, 4637
1.7979, 4636
1.8087, 4635
2.0862, 4634
2.1282, 4633
2.1594, 4632
2.1704, 4631
2.2429, 4630
2.3976, 4629
2.4616, 4628
2.4847, 4626
2.6323, 4625
2.7483, 4624
2.7735, 4623
2.9350, 4618
2.9461, 4617
2.9877, 4616
3.0299, 4615
3.0516, 4614
3.1257, 4613
3.2618, 4611
3.3145, 4610
3.3661, 4609
3.5737, 4606
3.8564, 4605
3.8992, 4604
4.0770, 4603
4.1432, 4602
4.1658, 4601
4.5135, 4600
4.5999, 4598
4.6545, 4597
4.6650, 4596
4.6754, 4595
4.8013, 4594
4.8564, 4593
4.9232, 4592
5.0216, 4591
5.1874, 4590
5.2313, 4589
5.2424, 4587
5.6084, 4586
5.8364, 4585
5.8727, 4584
6.0048, 4583
6.0160, 4582
6.0269, 4581
6.1817, 4580
6.2231, 4579
6.3477, 4578
6.6679, 4577
6.8965, 4576
7.1662, 4575
7.2380, 4574
7.2594, 4573
7.3426, 4572
7.6649, 4571
7.9685, 4570
8.1864, 4569
8.2897, 4568
9.3520, 4567
9.3741, 4566
10.9923, 4565
