0.1147, 4688
0.1441, 4687
0.1545, 4686
0.2452, 4685
0.3554, 4684
0.3759, 4683
0.4059, 4681
0.4870, 4680
0.5220, 4678
0.5777, 4676
0.6177, 4675
0.6578, 4674
0.6784, 4673
0.7697, 4672
0.7801, 4670
0.8298, 4668
0.8804, 4666
0.9203, 4665
0.9406, 4664
1.0105, 4663
1.1011, 4662
1.1115, 4661
1.2018, 4657
1.3140, 4656
1.3801, 4654
1.3923, 4652
1.4755, 4651
1.5312, 4650
1.7007, 4648
1.7644, 4647
1.7967, 4646
1.8181, 4645
2.0540, 4642
2.1050, 4641
2.1959, 4640
2.3490, 4639
2.4289, 4638
2.4392, 4637
2.6403, 4634
2.8112, 4633
2.9012, 4630
2.9811, 4629
3.0222, 4628
3.0526, 4627
3.0837, 4626
3.1547, 4625
3.1750, 4624
3.3965, 4617
3.4069, 4616
3.6396, 4615
3.6702, 4614
3.8317, 4612
3.8829, 4611
3.9131, 4610
4.0540, 4608
4.4065, 4607
4.5073, 4605
4.5359, 4604
4.5764, 4603
4.7139, 4602
5.1416, 4601
5.1826, 4600
5.2232, 4599
5.3245, 4598
5.5273, 4597
5.5576, 4595
5.6387, 4594
5.7599, 4592
5.8819, 4591
6.0345, 4589
6.4681, 4588
6.6017, 4587
7.0132, 4586
7.4577, 4580
8.1480, 4579
8.2309, 4578
8.4948, 4577
8.8846, 4576
8.9253, 4575
8.9964, 4574
9.0592, 4573
9.1611, 4572
9.4656, 4571
9.6886, 4570
