0.0000, 5900
0.0005, 5899
0.0012, 5898
0.0018, 5897
0.0028, 5896
0.0036, 5895
0.0043, 5894
0.0049, 5893
0.0058, 5892
0.0063, 5891
0.0072, 5890
0.0077, 5889
0.0082, 5888
0.0087, 5887
0.0097, 5886
0.0106, 5885
0.0112, 5884
0.0125, 5883
0.0131, 5882
0.0143, 5881
0.0148, 5880
0.0157, 5879
0.0166, 5878
0.0176, 5877
0.0181, 5876
0.0186, 5875
0.0191, 5874
0.0198, 5873
0.0209, 5872
0.0214, 5871
0.0219, 5870
0.0224, 5869
0.0231, 5868
0.0237, 5867
0.0242, 5866
0.0247, 5865
0.0256, 5864
0.0264, 5863
0.0270, 5862
0.0275, 5861
0.0281, 5860
0.0287, 5859
0.0293, 5858
0.0298, 5857
0.0304, 5856
0.0310, 5855
0.0315, 5854
0.0321, 5853
0.0326, 5852
0.0336, 5851
0.0345, 5850
0.0351, 5849
0.0356, 5848
0.0362, 5847
0.0368, 5846
0.0373, 5845
0.0381, 5844
0.0386, 5843
0.0391, 5842
0.0397, 5841
0.0404, 5840
0.0411, 5839
0.0416, 5838
0.0422, 5837
0.0428, 5836
0.0434, 5835
0.0441, 5834
0.0446, 5833
0.0453, 5832
0.0458, 5831
0.0464, 5830
0.0472, 5829
0.0477, 5828
0.0482, 5827
0.0488, 5826
0.0498, 5825
0.0503, 5824
0.0508, 5823
0.0517, 5822
0.0522, 5821
0.0527, 5820
0.0533, 5819
0.0538, 5818
0.0543, 5817
0.0552, 5816
0.0558, 5815
0.0568, 5814
0.0577, 5813
0.0584, 5812
0.0590, 5811
0.0599, 5810
0.0606, 5809
0.0612, 5808
0.0619, 5807
0.0624, 5806
0.0633, 5805
0.0638, 5804
0.0644, 5803
0.0649, 5802
0.0655, 5801
0.0660, 5800
0.0669, 5799
0.0674, 5798
0.0680, 5797
0.0686, 5796
0.0693, 5795
0.0698, 5794
0.0705, 5793
0.0710, 5792
0.0716, 5791
0.0722, 5790
0.0727, 5789
0.0732, 5788
0.0739, 5787
0.0744, 5786
0.0757, 5785
0.0767, 5784
0.0775, 5783
0.0780, 5782
0.0786, 5781
0.0791, 5780
0.0798, 5779
0.0807, 5778
0.0813, 5777
0.0821, 5776
0.0827, 5775
0.0833, 5774
0.0840, 5773
0.0851, 5772
0.0857, 5771
0.0869, 5770
0.0875, 5769
0.0881, 5768
0.0888, 5767
0.0894, 5766
0.0901, 5765
0.0909, 5764
0.0914, 5763
0.0920, 5762
0.0925, 5761
0.0931, 5760
0.0940, 5759
0.0946, 5758
0.0951, 5757
0.0957, 5756
0.0962, 5755
0.0967, 5754
0.0976, 5753
0.0983, 5752
0.0988, 5751
0.0993, 5750
0.0999, 5749
0.1007, 5748
0.1012, 5747
0.1018, 5746
0.1027, 5745
0.1038, 5744
0.1044, 5743
0.1049, 5742
0.1055, 5741
0.1065, 5740
0.1070, 5739
0.1076, 5738
0.1082, 5737
0.1088, 5736
0.1093, 5735
0.1099, 5734
0.1104, 5733
0.1110, 5732
0.1116, 5731
0.1122, 5730
0.1127, 5729
0.1133, 5728
0.1138, 5727
0.1144, 5726
0.1150, 5725
0.1157, 5724
0.1163, 5723
0.1174, 5722
0.1180, 5721
0.1186, 5720
0.1193, 5719
0.1201, 5718
0.1211, 5717
0.1219, 5716
0.1228, 5715
0.1238, 5714
0.1244, 5713
0.1250, 5712
0.1256, 5711
0.1262, 5710
0.1267, 5709
0.1275, 5708
0.1283, 5707
0.1289, 5706
0.1294, 5705
0.1300, 5704
0.1305, 5703
0.1311, 5702
0.1317, 5701
0.1323, 5700
0.1333, 5699
0.1339, 5698
0.1344, 5697
0.1350, 5696
0.1361, 5695
0.1368, 5694
0.1374, 5693
0.1380, 5692
0.1386, 5691
0.1391, 5690
0.1396, 5689
0.1403, 5688
0.1409, 5687
0.1415, 5686
0.1424, 5685
0.1430, 5684
0.1436, 5683
0.1442, 5682
0.1448, 5681
0.1454, 5680
0.1460, 5679
0.1466, 5678
0.1472, 5677
0.1478, 5676
0.1484, 5675
0.1490, 5674
0.1494, 5673
0.1500, 5672
0.1506, 5671
0.1512, 5670
0.1518, 5669
0.1524, 5668
0.1530, 5667
0.1535, 5666
0.1541, 5665
0.1547, 5664
0.1553, 5663
0.1559, 5662
0.1569, 5661
0.1575, 5660
0.1583, 5659
0.1589, 5658
0.1601, 5657
0.1610, 5656
0.1619, 5655
0.1626, 5654
0.1634, 5653
0.1640, 5652
0.1646, 5651
0.1652, 5650
0.1658, 5649
0.1663, 5648
0.1671, 5647
0.1677, 5646
0.1682, 5645
0.1690, 5644
0.1695, 5643
0.1701, 5642
0.1707, 5641
0.1714, 5640
0.1721, 5639
0.1730, 5638
0.1736, 5637
0.1742, 5636
0.1748, 5635
0.1759, 5634
0.1765, 5633
0.1776, 5632
0.1784, 5631
0.1790, 5630
0.1800, 5629
0.1809, 5628
0.1815, 5627
0.1826, 5626
0.1834, 5625
0.1841, 5624
0.1850, 5623
0.1855, 5622
0.1861, 5621
0.1868, 5620
0.1875, 5619
0.1884, 5618
0.1890, 5617
0.1896, 5616
0.1902, 5615
0.1908, 5614
0.1918, 5613
0.1923, 5612
0.1929, 5611
0.1935, 5610
0.1943, 5609
0.1949, 5608
0.1954, 5607
0.1960, 5606
0.1966, 5605
0.1972, 5604
0.1978, 5603
0.1983, 5602
0.1989, 5601
0.1995, 5600
0.2000, 5599
0.2006, 5598
0.2011, 5597
0.2016, 5596
0.2022, 5595
0.2031, 5594
0.2037, 5593
0.2046, 5592
0.2053, 5591
0.2060, 5590
0.2069, 5589
0.2078, 5588
0.2084, 5587
0.2090, 5586
0.2096, 5585
0.2103, 5584
0.2113, 5583
0.2119, 5582
0.2126, 5581
0.2131, 5580
0.2138, 5579
0.2144, 5578
0.2151, 5577
0.2161, 5576
0.2167, 5575
0.2173, 5574
0.2180, 5573
0.2186, 5572
0.2192, 5571
0.2200, 5570
0.2208, 5569
0.2214, 5568
0.2223, 5567
0.2229, 5566
0.2234, 5565
0.2241, 5564
0.2248, 5563
0.2259, 5562
0.2266, 5561
0.2271, 5560
0.2277, 5559
0.2283, 5558
0.2288, 5557
0.2298, 5556
0.2304, 5555
0.2310, 5554
0.2316, 5553
0.2325, 5552
0.2331, 5551
0.2337, 5550
0.2344, 5549
0.2350, 5548
0.2357, 5547
0.2363, 5546
0.2369, 5545
0.2375, 5544
0.2380, 5543
0.2386, 5542
0.2393, 5541
0.2399, 5540
0.2404, 5539
0.2410, 5538
0.2416, 5537
0.2422, 5536
0.2427, 5535
0.2434, 5534
0.2442, 5533
0.2448, 5532
0.2454, 5531
0.2459, 5530
0.2465, 5529
0.2471, 5528
0.2477, 5527
0.2482, 5526
0.2490, 5525
0.2496, 5524
0.2503, 5523
0.2512, 5522
0.2523, 5521
0.2532, 5520
0.2539, 5519
0.2545, 5518
0.2551, 5517
0.2558, 5516
0.2563, 5515
0.2571, 5514
0.2577, 5513
0.2583, 5512
0.2589, 5511
0.2595, 5510
0.2600, 5509
0.2606, 5508
0.2612, 5507
0.2620, 5506
0.2625, 5505
0.2631, 5504
0.2636, 5503
0.2645, 5502
0.2651, 5501
0.2657, 5500
0.2663, 5499
0.2672, 5498
0.2679, 5497
0.2686, 5496
0.2692, 5495
0.2698, 5494
0.2705, 5493
0.2711, 5492
0.2717, 5491
0.2726, 5490
0.2735, 5489
0.2740, 5488
0.2746, 5487
0.2751, 5486
0.2756, 5485
0.2766, 5484
0.2772, 5483
0.2778, 5482
0.2787, 5481
0.2794, 5480
0.2799, 5479
0.2804, 5478
0.2810, 5477
0.2817, 5476
0.2823, 5475
0.2828, 5474
0.2836, 5473
0.2843, 5472
0.2849, 5471
0.2855, 5470
0.2861, 5469
0.2867, 5468
0.2873, 5467
0.2878, 5466
0.2889, 5465
0.2894, 5464
0.2900, 5463
0.2905, 5462
0.2912, 5461
0.2917, 5460
0.2924, 5459
0.2930, 5458
0.2936, 5457
0.2942, 5456
0.2950, 5455
0.2957, 5454
0.2963, 5453
0.2970, 5452
0.2976, 5451
0.2983, 5450
0.2989, 5449
0.2995, 5448
0.3002, 5447
0.3008, 5446
0.3013, 5445
0.3019, 5444
0.3029, 5443
0.3035, 5442
0.3041, 5441
0.3047, 5440
0.3053, 5439
0.3060, 5438
0.3069, 5437
0.3076, 5436
0.3082, 5435
0.3089, 5434
0.3094, 5433
0.3101, 5432
0.3110, 5431
0.3116, 5430
0.3122, 5429
0.3128, 5428
0.3133, 5427
0.3141, 5426
0.3150, 5425
0.3155, 5424
0.3162, 5423
0.3169, 5422
0.3176, 5421
0.3183, 5420
0.3192, 5419
0.3198, 5418
0.3203, 5417
0.3213, 5416
0.3219, 5415
0.3226, 5414
0.3232, 5413
0.3237, 5412
0.3244, 5411
0.3249, 5410
0.3255, 5409
0.3260, 5408
0.3266, 5407
0.3273, 5406
0.3281, 5405
0.3289, 5404
0.3297, 5403
0.3305, 5402
0.3310, 5401
0.3316, 5400
0.3323, 5399
0.3332, 5398
0.3340, 5397
0.3346, 5396
0.3352, 5395
0.3360, 5394
0.3368, 5393
0.3375, 5392
0.3383, 5391
0.3388, 5390
0.3393, 5389
0.3400, 5388
0.3406, 5387
0.3411, 5386
0.3420, 5385
0.3426, 5384
0.3433, 5383
0.3439, 5382
0.3447, 5381
0.3453, 5380
0.3459, 5379
0.3464, 5378
0.3472, 5377
0.3479, 5376
0.3485, 5375
0.3491, 5374
0.3498, 5373
0.3504, 5372
0.3509, 5371
0.3517, 5370
0.3523, 5369
0.3530, 5368
0.3537, 5367
0.3543, 5366
0.3551, 5365
0.3557, 5364
0.3564, 5363
0.3574, 5362
0.3581, 5361
0.3588, 5360
0.3595, 5359
0.3602, 5358
0.3608, 5357
0.3619, 5356
0.3625, 5355
0.3632, 5354
0.3638, 5353
0.3645, 5352
0.3651, 5351
0.3659, 5350
0.3666, 5349
0.3671, 5348
0.3677, 5347
0.3684, 5346
0.3693, 5345
0.3701, 5344
0.3707, 5343
0.3714, 5342
0.3720, 5341
0.3726, 5340
0.3732, 5339
0.3738, 5338
0.3744, 5337
0.3750, 5336
0.3756, 5335
0.3763, 5334
0.3770, 5333
0.3778, 5332
0.3788, 5331
0.3794, 5330
0.3800, 5329
0.3805, 5328
0.3812, 5327
0.3818, 5326
0.3825, 5325
0.3830, 5324
0.3836, 5323
0.3846, 5322
0.3856, 5321
0.3866, 5320
0.3874, 5319
0.3880, 5318
0.3885, 5317
0.3891, 5316
0.3899, 5315
0.3906, 5314
0.3913, 5313
0.3919, 5312
0.3927, 5311
0.3934, 5310
0.3940, 5309
0.3946, 5308
0.3955, 5307
0.3962, 5306
0.3969, 5305
0.3974, 5304
0.3980, 5303
0.3987, 5302
0.3993, 5301
0.3998, 5300
0.4005, 5299
0.4010, 5298
0.4017, 5297
0.4022, 5296
0.4030, 5295
0.4038, 5294
0.4043, 5293
0.4049, 5292
0.4057, 5291
0.4064, 5290
0.4071, 5289
0.4079, 5288
0.4085, 5287
0.4091, 5286
0.4098, 5285
0.4103, 5284
0.4110, 5283
0.4116, 5282
0.4122, 5281
0.4127, 5280
0.4133, 5279
0.4139, 5278
0.4145, 5277
0.4151, 5276
0.4159, 5275
0.4165, 5274
0.4174, 5273
0.4180, 5272
0.4186, 5271
0.4191, 5270
0.4198, 5269
0.4205, 5268
0.4210, 5267
0.4215, 5266
0.4222, 5265
0.4229, 5264
0.4236, 5263
0.4242, 5262
0.4248, 5261
0.4254, 5260
0.4262, 5259
0.4268, 5258
0.4274, 5257
0.4281, 5256
0.4288, 5255
0.4295, 5254
0.4304, 5253
0.4312, 5252
0.4319, 5251
0.4330, 5250
0.4336, 5249
0.4341, 5248
0.4348, 5247
0.4355, 5246
0.4361, 5245
0.4367, 5244
0.4374, 5243
0.4380, 5242
0.4385, 5241
0.4392, 5240
0.4398, 5239
0.4403, 5238
0.4409, 5237
0.4418, 5236
0.4423, 5235
0.4430, 5234
0.4436, 5233
0.4441, 5232
0.4449, 5231
0.4455, 5230
0.4460, 5229
0.4466, 5228
0.4473, 5227
0.4481, 5226
0.4487, 5225
0.4492, 5224
0.4502, 5223
0.4511, 5222
0.4518, 5221
0.4525, 5220
0.4533, 5219
0.4538, 5218
0.4544, 5217
0.4550, 5216
0.4557, 5215
0.4565, 5214
0.4570, 5213
0.4578, 5212
0.4585, 5211
0.4593, 5210
0.4601, 5209
0.4608, 5208
0.4614, 5207
0.4622, 5206
0.4630, 5205
0.4637, 5204
0.4645, 5203
0.4651, 5202
0.4658, 5201
0.4664, 5200
0.4672, 5199
0.4679, 5198
0.4686, 5197
0.4693, 5196
0.4699, 5195
0.4707, 5194
0.4713, 5193
0.4719, 5192
0.4725, 5191
0.4730, 5190
0.4738, 5189
0.4743, 5188
0.4749, 5187
0.4755, 5186
0.4761, 5185
0.4767, 5184
0.4773, 5183
0.4781, 5182
0.4788, 5181
0.4796, 5180
0.4805, 5179
0.4811, 5178
0.4820, 5177
0.4826, 5176
0.4832, 5175
0.4841, 5174
0.4848, 5173
0.4856, 5172
0.4862, 5171
0.4868, 5170
0.4873, 5169
0.4882, 5168
0.4888, 5167
0.4893, 5166
0.4900, 5165
0.4908, 5164
0.4914, 5163
0.4921, 5162
0.4927, 5161
0.4937, 5160
0.4945, 5159
0.4952, 5158
0.4959, 5157
0.4965, 5156
0.4971, 5155
0.4978, 5154
0.4985, 5153
0.4993, 5152
0.5000, 5151
0.5006, 5150
0.5013, 5149
0.5019, 5148
0.5026, 5147
0.5031, 5146
0.5036, 5145
0.5041, 5144
0.5049, 5143
0.5054, 5142
0.5060, 5141
0.5065, 5140
0.5071, 5139
0.5077, 5138
0.5084, 5137
0.5092, 5136
0.5098, 5135
0.5105, 5134
0.5111, 5133
0.5117, 5132
0.5122, 5131
0.5130, 5130
0.5137, 5129
0.5143, 5128
0.5150, 5127
0.5157, 5126
0.5165, 5125
0.5171, 5124
0.5176, 5123
0.5182, 5122
0.5188, 5121
0.5196, 5120
0.5201, 5119
0.5207, 5118
0.5212, 5117
0.5217, 5116
0.5223, 5115
0.5229, 5114
0.5238, 5113
0.5245, 5112
0.5252, 5111
0.5260, 5110
0.5266, 5109
0.5271, 5108
0.5277, 5107
0.5283, 5106
0.5290, 5105
0.5295, 5104
0.5303, 5103
0.5310, 5102
0.5316, 5101
0.5325, 5100
0.5332, 5099
0.5340, 5098
0.5348, 5097
0.5353, 5096
0.5361, 5095
0.5367, 5094
0.5372, 5093
0.5379, 5092
0.5386, 5091
0.5393, 5090
0.5398, 5089
0.5405, 5088
0.5412, 5087
0.5422, 5086
0.5428, 5085
0.5433, 5084
0.5440, 5083
0.5447, 5082
0.5454, 5081
0.5459, 5080
0.5466, 5079
0.5472, 5078
0.5478, 5077
0.5484, 5076
0.5490, 5075
0.5497, 5074
0.5504, 5073
0.5511, 5072
0.5517, 5071
0.5522, 5070
0.5528, 5069
0.5536, 5068
0.5545, 5067
0.5551, 5066
0.5559, 5065
0.5566, 5064
0.5576, 5063
0.5583, 5062
0.5590, 5061
0.5595, 5060
0.5603, 5059
0.5609, 5058
0.5615, 5057
0.5620, 5056
0.5626, 5055
0.5633, 5054
0.5639, 5053
0.5647, 5052
0.5652, 5051
0.5658, 5050
0.5663, 5049
0.5670, 5048
0.5677, 5047
0.5684, 5046
0.5694, 5045
0.5700, 5044
0.5706, 5043
0.5712, 5042
0.5718, 5041
0.5727, 5040
0.5732, 5039
0.5738, 5038
0.5747, 5037
0.5752, 5036
0.5757, 5035
0.5765, 5034
0.5772, 5033
0.5778, 5032
0.5785, 5031
0.5794, 5030
0.5801, 5029
0.5809, 5028
0.5815, 5027
0.5822, 5026
0.5828, 5025
0.5834, 5024
0.5841, 5023
0.5846, 5022
0.5853, 5021
0.5860, 5020
0.5870, 5019
0.5879, 5018
0.5884, 5017
0.5889, 5016
0.5895, 5015
0.5904, 5014
0.5911, 5013
0.5918, 5012
0.5925, 5011
0.5932, 5010
0.5939, 5009
0.5945, 5008
0.5950, 5007
0.5956, 5006
0.5965, 5005
0.5970, 5004
0.5979, 5003
0.5985, 5002
0.5990, 5001
0.6000, 5000
0.6006, 4999
0.6014, 4998
0.6021, 4997
0.6026, 4996
0.6033, 4995
0.6038, 4994
0.6044, 4993
0.6051, 4992
0.6057, 4991
0.6064, 4990
0.6072, 4989
0.6081, 4988
0.6088, 4987
0.6094, 4986
0.6100, 4985
0.6107, 4984
0.6114, 4983
0.6120, 4982
0.6127, 4981
0.6135, 4980
0.6145, 4979
0.6150, 4978
0.6156, 4977
0.6163, 4976
0.6172, 4975
0.6182, 4974
0.6188, 4973
0.6193, 4972
0.6200, 4971
0.6207, 4970
0.6213, 4969
0.6220, 4968
0.6227, 4967
0.6234, 4966
0.6241, 4965
0.6247, 4964
0.6252, 4963
0.6257, 4962
0.6265, 4961
0.6272, 4960
0.6277, 4959
0.6283, 4958
0.6288, 4957
0.6294, 4956
0.6302, 4955
0.6307, 4954
0.6313, 4953
0.6319, 4952
0.6326, 4951
0.6336, 4950
0.6344, 4949
0.6355, 4948
0.6361, 4947
0.6367, 4946
0.6376, 4945
0.6381, 4944
0.6387, 4943
0.6393, 4942
0.6398, 4941
0.6404, 4940
0.6409, 4939
0.6416, 4938
0.6421, 4937
0.6428, 4936
0.6434, 4935
0.6444, 4934
0.6452, 4933
0.6458, 4932
0.6463, 4931
0.6470, 4930
0.6476, 4929
0.6483, 4928
0.6488, 4927
0.6495, 4926
0.6502, 4925
0.6508, 4924
0.6514, 4923
0.6522, 4922
0.6529, 4921
0.6535, 4920
0.6541, 4919
0.6550, 4918
0.6559, 4917
0.6564, 4916
0.6573, 4915
0.6578, 4914
0.6583, 4913
0.6588, 4912
0.6593, 4911
0.6599, 4910
0.6604, 4909
0.6614, 4908
0.6619, 4907
0.6624, 4906
0.6631, 4905
0.6636, 4904
0.6642, 4903
0.6647, 4902
0.6655, 4901
0.6660, 4900
0.6669, 4899
0.6676, 4898
0.6681, 4897
0.6687, 4896
0.6692, 4895
0.6699, 4894
0.6706, 4893
0.6711, 4892
0.6720, 4891
0.6727, 4890
0.6735, 4889
0.6740, 4888
0.6745, 4887
0.6751, 4886
0.6756, 4885
0.6762, 4884
0.6768, 4883
0.6774, 4882
0.6779, 4881
0.6785, 4880
0.6792, 4879
0.6800, 4878
0.6806, 4877
0.6811, 4876
0.6819, 4875
0.6824, 4874
0.6829, 4873
0.6835, 4872
0.6843, 4871
0.6851, 4870
0.6858, 4869
0.6866, 4868
0.6872, 4867
0.6877, 4866
0.6882, 4865
0.6892, 4864
0.6900, 4863
0.6906, 4862
0.6911, 4861
0.6919, 4860
0.6925, 4859
0.6933, 4858
0.6938, 4857
0.6946, 4856
0.6954, 4855
0.6960, 4854
0.6971, 4853
0.6977, 4852
0.6982, 4851
0.6988, 4850
0.6997, 4849
0.7003, 4848
0.7010, 4847
0.7016, 4846
0.7021, 4845
0.7029, 4844
0.7034, 4843
0.7039, 4842
0.7044, 4841
0.7052, 4840
0.7058, 4839
0.7068, 4838
0.7075, 4837
0.7082, 4836
0.7087, 4835
0.7092, 4834
0.7099, 4833
0.7105, 4832
0.7111, 4831
0.7120, 4830
0.7125, 4829
0.7132, 4828
0.7138, 4827
0.7147, 4826
0.7156, 4825
0.7161, 4824
0.7168, 4823
0.7174, 4822
0.7179, 4821
0.7185, 4820
0.7190, 4819
0.7197, 4818
0.7202, 4817
0.7207, 4816
0.7213, 4815
0.7218, 4814
0.7227, 4813
0.7236, 4812
0.7242, 4811
0.7247, 4810
0.7256, 4809
0.7261, 4808
0.7266, 4807
0.7272, 4806
0.7277, 4805
0.7285, 4804
0.7294, 4803
0.7299, 4802
0.7305, 4801
0.7312, 4800
0.7318, 4799
0.7324, 4798
0.7329, 4797
0.7334, 4796
0.7341, 4795
0.7347, 4794
0.7354, 4793
0.7360, 4792
0.7367, 4791
0.7372, 4790
0.7380, 4789
0.7386, 4788
0.7393, 4787
0.7398, 4786
0.7404, 4785
0.7409, 4784
0.7415, 4783
0.7422, 4782
0.7427, 4781
0.7436, 4780
0.7444, 4779
0.7449, 4778
0.7457, 4777
0.7462, 4776
0.7468, 4775
0.7473, 4774
0.7483, 4773
0.7489, 4772
0.7496, 4771
0.7501, 4770
0.7507, 4769
0.7515, 4768
0.7522, 4767
0.7526, 4766
0.7531, 4765
0.7541, 4764
0.7549, 4763
0.7555, 4762
0.7561, 4761
0.7566, 4760
0.7572, 4759
0.7583, 4758
0.7589, 4757
0.7595, 4756
0.7603, 4755
0.7608, 4754
0.7614, 4753
0.7619, 4752
0.7624, 4751
0.7632, 4750
0.7638, 4749
0.7643, 4748
0.7649, 4747
0.7658, 4746
0.7663, 4745
0.7671, 4744
0.7678, 4743
0.7687, 4742
0.7695, 4741
0.7700, 4740
0.7706, 4739
0.7711, 4738
0.7716, 4737
0.7723, 4736
0.7731, 4735
0.7736, 4734
0.7742, 4733
0.7747, 4732
0.7752, 4731
0.7760, 4730
0.7766, 4729
0.7770, 4728
0.7776, 4727
0.7784, 4726
0.7792, 4725
0.7800, 4724
0.7809, 4723
0.7814, 4722
0.7822, 4721
0.7830, 4720
0.7835, 4719
0.7840, 4718
0.7845, 4717
0.7853, 4716
0.7861, 4715
0.7869, 4714
0.7877, 4713
0.7882, 4712
0.7890, 4711
0.7897, 4710
0.7907, 4709
0.7913, 4708
0.7922, 4707
0.7927, 4706
0.7936, 4705
0.7942, 4704
0.7950, 4703
0.7958, 4702
0.7968, 4701
0.7975, 4700
0.7984, 4699
0.7992, 4698
0.7999, 4697
0.8006, 4696
0.8014, 4695
0.8022, 4694
0.8031, 4693
0.8039, 4692
0.8048, 4691
0.8057, 4690
0.9870, 4689
1.2027, 4688
1.2814, 4687
1.3596, 4686
1.5942, 4685
1.6525, 4684
1.7115, 4683
1.8287, 4682
1.9472, 4681
2.1617, 4680
2.2201, 4679
2.3956, 4678
2.5531, 4677
2.5735, 4676
2.8671, 4675
2.8680, 4674
2.9666, 4673
3.1822, 4672
3.1829, 4671
3.2427, 4670
3.3215, 4669
3.3810, 4668
3.4591, 4667
3.5760, 4666
3.5767, 4665
3.6548, 4664
3.6554, 4663
4.0676, 4662
4.1852, 4661
4.6347, 4660
4.6750, 4659
4.8138, 4658
4.8533, 4657
4.9913, 4656
5.2852, 4655
5.7148, 4654
5.7156, 4653
5.7160, 4652
6.2846, 4651
6.4028, 4650
6.5419, 4649
7.1664, 4648
7.3042, 4647
7.3819, 4646
7.6366, 4645
7.6957, 4644
7.7350, 4643
7.7356, 4642
7.7753, 4641
8.2427, 4640
8.3211, 4639
8.4001, 4638
8.6350, 4637
8.6939, 4636
8.9670, 4635
9.1434, 4634
9.2032, 4633
9.5540, 4632
9.7697, 4631
9.9876, 4630
