0.1104, 4688
0.1402, 4685
0.1509, 4681
0.2139, 4679
0.2444, 4678
0.2649, 4672
0.2755, 4670
0.2859, 4669
0.3557, 4668
0.5270, 4667
0.6170, 4664
0.6474, 4661
0.6983, 4660
0.7290, 4659
0.7393, 4658
0.8802, 4657
1.0122, 4655
1.0520, 4654
1.1124, 4653
1.2042, 4652
1.2151, 4651
1.2759, 4650
1.3062, 4649
1.3367, 4645
1.3976, 4643
1.4386, 4642
1.5252, 4641
1.6283, 4639
1.7856, 4637
1.8459, 4636
1.8968, 4635
2.0407, 4634
2.0618, 4632
2.1024, 4630
2.1426, 4629
2.1633, 4628
2.4358, 4625
2.5056, 4624
2.5558, 4623
2.6177, 4622
2.6697, 4621
2.7102, 4620
2.7208, 4614
2.7815, 4613
2.8229, 4612
2.8440, 4611
3.0357, 4610
3.1269, 4609
3.2068, 4608
3.2772, 4607
3.6857, 4606
3.7567, 4604
3.7671, 4603
3.7874, 4602
4.0316, 4601
4.2333, 4600
4.7913, 4599
4.8015, 4598
4.9031, 4597
4.9338, 4595
5.0454, 4594
5.0962, 4593
5.2272, 4592
5.2484, 4589
5.3405, 4588
5.7550, 4587
5.7755, 4586
6.2757, 4585
6.8026, 4582
6.9964, 4581
7.3439, 4580
7.9364, 4579
8.1401, 4578
8.1912, 4576
8.2227, 4575
9.1452, 4573
10.1467, 4572
