0.0000, 5900
0.0006, 5899
0.0013, 5898
0.0018, 5897
0.0028, 5896
0.0036, 5895
0.0043, 5894
0.0049, 5893
0.0058, 5892
0.0063, 5891
0.0071, 5890
0.0076, 5889
0.0082, 5888
0.0087, 5887
0.0096, 5886
0.0105, 5885
0.0112, 5884
0.0124, 5883
0.0131, 5882
0.0143, 5881
0.0148, 5880
0.0158, 5879
0.0167, 5878
0.0176, 5877
0.0181, 5876
0.0186, 5875
0.0192, 5874
0.0198, 5873
0.0209, 5872
0.0214, 5871
0.0219, 5870
0.0224, 5869
0.0231, 5868
0.0237, 5867
0.0242, 5866
0.0248, 5865
0.0257, 5864
0.0264, 5863
0.0270, 5862
0.0276, 5861
0.0282, 5860
0.0288, 5859
0.0293, 5858
0.0298, 5857
0.0304, 5856
0.0311, 5855
0.0316, 5854
0.0321, 5853
0.0326, 5852
0.0337, 5851
0.0346, 5850
0.0351, 5849
0.0356, 5848
0.0363, 5847
0.0368, 5846
0.0374, 5845
0.0381, 5844
0.0386, 5843
0.0391, 5842
0.0397, 5841
0.0404, 5840
0.0411, 5839
0.0416, 5838
0.0422, 5837
0.0429, 5836
0.0434, 5835
0.0441, 5834
0.0446, 5833
0.0454, 5832
0.0459, 5831
0.0464, 5830
0.0472, 5829
0.0477, 5828
0.0483, 5827
0.0489, 5826
0.0498, 5825
0.0503, 5824
0.0508, 5823
0.0517, 5822
0.0522, 5821
0.0528, 5820
0.0533, 5819
0.0538, 5818
0.0543, 5817
0.0552, 5816
0.0558, 5815
0.0568, 5814
0.0577, 5813
0.0584, 5812
0.0590, 5811
0.0599, 5810
0.0606, 5809
0.0612, 5808
0.0619, 5807
0.0624, 5806
0.0632, 5805
0.0637, 5804
0.0643, 5803
0.0648, 5802
0.0653, 5801
0.0658, 5800
0.0667, 5799
0.0673, 5798
0.0679, 5797
0.0685, 5796
0.0691, 5795
0.0696, 5794
0.0704, 5793
0.0709, 5792
0.0714, 5791
0.0720, 5790
0.0725, 5789
0.0730, 5788
0.0736, 5787
0.0741, 5786
0.0754, 5785
0.0764, 5784
0.0773, 5783
0.0778, 5782
0.0783, 5781
0.0788, 5780
0.0795, 5779
0.0803, 5778
0.0809, 5777
0.0817, 5776
0.0824, 5775
0.0831, 5774
0.0837, 5773
0.0848, 5772
0.0854, 5771
0.0866, 5770
0.0872, 5769
0.0878, 5768
0.0885, 5767
0.0890, 5766
0.0897, 5765
0.0905, 5764
0.0911, 5763
0.0916, 5762
0.0922, 5761
0.0927, 5760
0.0936, 5759
0.0942, 5758
0.0947, 5757
0.0953, 5756
0.0958, 5755
0.0963, 5754
0.0972, 5753
0.0978, 5752
0.0984, 5751
0.0989, 5750
0.0994, 5749
0.1003, 5748
0.1008, 5747
0.1013, 5746
0.1022, 5745
0.1033, 5744
0.1038, 5743
0.1044, 5742
0.1049, 5741
0.1059, 5740
0.1065, 5739
0.1071, 5738
0.1077, 5737
0.1082, 5736
0.1088, 5735
0.1093, 5734
0.1099, 5733
0.1105, 5732
0.1110, 5731
0.1116, 5730
0.1121, 5729
0.1127, 5728
0.1133, 5727
0.1138, 5726
0.1144, 5725
0.1151, 5724
0.1158, 5723
0.1168, 5722
0.1175, 5721
0.1181, 5720
0.1188, 5719
0.1196, 5718
0.1205, 5717
0.1213, 5716
0.1223, 5715
0.1233, 5714
0.1238, 5713
0.1245, 5712
0.1250, 5711
0.1256, 5710
0.1262, 5709
0.1270, 5708
0.1277, 5707
0.1284, 5706
0.1289, 5705
0.1295, 5704
0.1300, 5703
0.1305, 5702
0.1311, 5701
0.1318, 5700
0.1328, 5699
0.1333, 5698
0.1338, 5697
0.1344, 5696
0.1355, 5695
0.1362, 5694
0.1368, 5693
0.1374, 5692
0.1379, 5691
0.1385, 5690
0.1390, 5689
0.1397, 5688
0.1403, 5687
0.1408, 5686
0.1418, 5685
0.1423, 5684
0.1430, 5683
0.1436, 5682
0.1442, 5681
0.1448, 5680
0.1454, 5679
0.1460, 5678
0.1467, 5677
0.1473, 5676
0.1479, 5675
0.1484, 5674
0.1489, 5673
0.1495, 5672
0.1501, 5671
0.1507, 5670
0.1513, 5669
0.1519, 5668
0.1525, 5667
0.1530, 5666
0.1536, 5665
0.1542, 5664
0.1548, 5663
0.1554, 5662
0.1564, 5661
0.1570, 5660
0.1578, 5659
0.1584, 5658
0.1596, 5657
0.1606, 5656
0.1614, 5655
0.1621, 5654
0.1629, 5653
0.1636, 5652
0.1643, 5651
0.1649, 5650
0.1655, 5649
0.1661, 5648
0.1669, 5647
0.1676, 5646
0.1682, 5645
0.1690, 5644
0.1695, 5643
0.1702, 5642
0.1708, 5641
0.1715, 5640
0.1723, 5639
0.1732, 5638
0.1737, 5637
0.1743, 5636
0.1750, 5635
0.1761, 5634
0.1767, 5633
0.1777, 5632
0.1786, 5631
0.1792, 5630
0.1801, 5629
0.1810, 5628
0.1816, 5627
0.1827, 5626
0.1836, 5625
0.1843, 5624
0.1851, 5623
0.1857, 5622
0.1863, 5621
0.1870, 5620
0.1877, 5619
0.1886, 5618
0.1892, 5617
0.1898, 5616
0.1904, 5615
0.1911, 5614
0.1920, 5613
0.1926, 5612
0.1931, 5611
0.1937, 5610
0.1945, 5609
0.1951, 5608
0.1957, 5607
0.1963, 5606
0.1968, 5605
0.1975, 5604
0.1980, 5603
0.1986, 5602
0.1992, 5601
0.1997, 5600
0.2003, 5599
0.2008, 5598
0.2013, 5597
0.2018, 5596
0.2024, 5595
0.2033, 5594
0.2040, 5593
0.2049, 5592
0.2055, 5591
0.2063, 5590
0.2071, 5589
0.2080, 5588
0.2086, 5587
0.2092, 5586
0.2098, 5585
0.2105, 5584
0.2115, 5583
0.2122, 5582
0.2129, 5581
0.2134, 5580
0.2141, 5579
0.2148, 5578
0.2154, 5577
0.2165, 5576
0.2171, 5575
0.2177, 5574
0.2185, 5573
0.2191, 5572
0.2196, 5571
0.2204, 5570
0.2213, 5569
0.2219, 5568
0.2228, 5567
0.2234, 5566
0.2240, 5565
0.2246, 5564
0.2253, 5563
0.2265, 5562
0.2272, 5561
0.2278, 5560
0.2284, 5559
0.2290, 5558
0.2295, 5557
0.2305, 5556
0.2311, 5555
0.2317, 5554
0.2323, 5553
0.2332, 5552
0.2338, 5551
0.2344, 5550
0.2351, 5549
0.2357, 5548
0.2363, 5547
0.2370, 5546
0.2377, 5545
0.2382, 5544
0.2388, 5543
0.2393, 5542
0.2400, 5541
0.2406, 5540
0.2412, 5539
0.2417, 5538
0.2423, 5537
0.2429, 5536
0.2434, 5535
0.2441, 5534
0.2450, 5533
0.2456, 5532
0.2462, 5531
0.2468, 5530
0.2474, 5529
0.2479, 5528
0.2485, 5527
0.2491, 5526
0.2499, 5525
0.2505, 5524
0.2513, 5523
0.2522, 5522
0.2532, 5521
0.2541, 5520
0.2548, 5519
0.2554, 5518
0.2560, 5517
0.2567, 5516
0.2573, 5515
0.2581, 5514
0.2587, 5513
0.2593, 5512
0.2599, 5511
0.2604, 5510
0.2610, 5509
0.2617, 5508
0.2623, 5507
0.2631, 5506
0.2636, 5505
0.2642, 5504
0.2648, 5503
0.2657, 5502
0.2663, 5501
0.2669, 5500
0.2676, 5499
0.2685, 5498
0.2692, 5497
0.2699, 5496
0.2705, 5495
0.2712, 5494
0.2718, 5493
0.2725, 5492
0.2730, 5491
0.2741, 5490
0.2749, 5489
0.2755, 5488
0.2761, 5487
0.2766, 5486
0.2772, 5485
0.2782, 5484
0.2787, 5483
0.2793, 5482
0.2803, 5481
0.2809, 5480
0.2815, 5479
0.2820, 5478
0.2826, 5477
0.2832, 5476
0.2838, 5475
0.2844, 5474
0.2852, 5473
0.2858, 5472
0.2864, 5471
0.2870, 5470
0.2876, 5469
0.2882, 5468
0.2888, 5467
0.2894, 5466
0.2904, 5465
0.2909, 5464
0.2915, 5463
0.2920, 5462
0.2927, 5461
0.2933, 5460
0.2940, 5459
0.2946, 5458
0.2952, 5457
0.2958, 5456
0.2967, 5455
0.2974, 5454
0.2980, 5453
0.2987, 5452
0.2992, 5451
0.3000, 5450
0.3005, 5449
0.3013, 5448
0.3019, 5447
0.3025, 5446
0.3031, 5445
0.3037, 5444
0.3047, 5443
0.3053, 5442
0.3060, 5441
0.3065, 5440
0.3072, 5439
0.3079, 5438
0.3088, 5437
0.3096, 5436
0.3102, 5435
0.3108, 5434
0.3114, 5433
0.3121, 5432
0.3131, 5431
0.3137, 5430
0.3143, 5429
0.3149, 5428
0.3155, 5427
0.3162, 5426
0.3172, 5425
0.3178, 5424
0.3184, 5423
0.3191, 5422
0.3198, 5421
0.3205, 5420
0.3215, 5419
0.3220, 5418
0.3226, 5417
0.3236, 5416
0.3242, 5415
0.3249, 5414
0.3254, 5413
0.3260, 5412
0.3266, 5411
0.3272, 5410
0.3277, 5409
0.3282, 5408
0.3288, 5407
0.3295, 5406
0.3303, 5405
0.3312, 5404
0.3321, 5403
0.3329, 5402
0.3335, 5401
0.3340, 5400
0.3348, 5399
0.3357, 5398
0.3364, 5397
0.3370, 5396
0.3377, 5395
0.3385, 5394
0.3393, 5393
0.3400, 5392
0.3407, 5391
0.3412, 5390
0.3418, 5389
0.3424, 5388
0.3430, 5387
0.3436, 5386
0.3445, 5385
0.3450, 5384
0.3458, 5383
0.3464, 5382
0.3472, 5381
0.3478, 5380
0.3484, 5379
0.3489, 5378
0.3497, 5377
0.3504, 5376
0.3510, 5375
0.3516, 5374
0.3523, 5373
0.3529, 5372
0.3535, 5371
0.3542, 5370
0.3549, 5369
0.3556, 5368
0.3563, 5367
0.3569, 5366
0.3577, 5365
0.3583, 5364
0.3590, 5363
0.3600, 5362
0.3606, 5361
0.3614, 5360
0.3621, 5359
0.3627, 5358
0.3634, 5357
0.3644, 5356
0.3650, 5355
0.3657, 5354
0.3663, 5353
0.3670, 5352
0.3676, 5351
0.3684, 5350
0.3691, 5349
0.3696, 5348
0.3702, 5347
0.3709, 5346
0.3717, 5345
0.3726, 5344
0.3731, 5343
0.3739, 5342
0.3745, 5341
0.3750, 5340
0.3757, 5339
0.3762, 5338
0.3768, 5337
0.3774, 5336
0.3780, 5335
0.3787, 5334
0.3794, 5333
0.3803, 5332
0.3813, 5331
0.3818, 5330
0.3824, 5329
0.3830, 5328
0.3836, 5327
0.3842, 5326
0.3848, 5325
0.3854, 5324
0.3860, 5323
0.3870, 5322
0.3880, 5321
0.3889, 5320
0.3897, 5319
0.3903, 5318
0.3909, 5317
0.3914, 5316
0.3922, 5315
0.3929, 5314
0.3936, 5313
0.3942, 5312
0.3951, 5311
0.3958, 5310
0.3963, 5309
0.3970, 5308
0.3979, 5307
0.3986, 5306
0.3992, 5305
0.3998, 5304
0.4004, 5303
0.4010, 5302
0.4016, 5301
0.4022, 5300
0.4028, 5299
0.4034, 5298
0.4040, 5297
0.4046, 5296
0.4053, 5295
0.4060, 5294
0.4065, 5293
0.4071, 5292
0.4080, 5291
0.4086, 5290
0.4093, 5289
0.4102, 5288
0.4108, 5287
0.4114, 5286
0.4121, 5285
0.4126, 5284
0.4134, 5283
0.4140, 5282
0.4146, 5281
0.4151, 5280
0.4157, 5279
0.4163, 5278
0.4169, 5277
0.4175, 5276
0.4182, 5275
0.4189, 5274
0.4198, 5273
0.4204, 5272
0.4209, 5271
0.4215, 5270
0.4222, 5269
0.4229, 5268
0.4234, 5267
0.4239, 5266
0.4246, 5265
0.4253, 5264
0.4260, 5263
0.4266, 5262
0.4272, 5261
0.4278, 5260
0.4286, 5259
0.4292, 5258
0.4298, 5257
0.4305, 5256
0.4313, 5255
0.4320, 5254
0.4330, 5253
0.4338, 5252
0.4345, 5251
0.4356, 5250
0.4362, 5249
0.4367, 5248
0.4374, 5247
0.4381, 5246
0.4387, 5245
0.4393, 5244
0.4400, 5243
0.4406, 5242
0.4411, 5241
0.4418, 5240
0.4424, 5239
0.4429, 5238
0.4435, 5237
0.4444, 5236
0.4449, 5235
0.4456, 5234
0.4462, 5233
0.4467, 5232
0.4475, 5231
0.4481, 5230
0.4486, 5229
0.4492, 5228
0.4499, 5227
0.4507, 5226
0.4513, 5225
0.4518, 5224
0.4528, 5223
0.4537, 5222
0.4544, 5221
0.4552, 5220
0.4559, 5219
0.4565, 5218
0.4570, 5217
0.4577, 5216
0.4584, 5215
0.4591, 5214
0.4597, 5213
0.4604, 5212
0.4612, 5211
0.4620, 5210
0.4628, 5209
0.4634, 5208
0.4641, 5207
0.4649, 5206
0.4657, 5205
0.4663, 5204
0.4672, 5203
0.4678, 5202
0.4685, 5201
0.4691, 5200
0.4699, 5199
0.4706, 5198
0.4713, 5197
0.4719, 5196
0.4726, 5195
0.4734, 5194
0.4740, 5193
0.4745, 5192
0.4751, 5191
0.4757, 5190
0.4764, 5189
0.4770, 5188
0.4775, 5187
0.4781, 5186
0.4787, 5185
0.4794, 5184
0.4800, 5183
0.4808, 5182
0.4815, 5181
0.4823, 5180
0.4832, 5179
0.4838, 5178
0.4847, 5177
0.4854, 5176
0.4860, 5175
0.4869, 5174
0.4876, 5173
0.4884, 5172
0.4889, 5171
0.4896, 5170
0.4901, 5169
0.4910, 5168
0.4916, 5167
0.4921, 5166
0.4928, 5165
0.4936, 5164
0.4942, 5163
0.4949, 5162
0.4956, 5161
0.4966, 5160
0.4973, 5159
0.4981, 5158
0.4987, 5157
0.4994, 5156
0.4999, 5155
0.5006, 5154
0.5013, 5153
0.5021, 5152
0.5028, 5151
0.5034, 5150
0.5041, 5149
0.5047, 5148
0.5054, 5147
0.5059, 5146
0.5064, 5145
0.5069, 5144
0.5076, 5143
0.5082, 5142
0.5088, 5141
0.5093, 5140
0.5099, 5139
0.5106, 5138
0.5112, 5137
0.5121, 5136
0.5128, 5135
0.5135, 5134
0.5141, 5133
0.5147, 5132
0.5153, 5131
0.5160, 5130
0.5167, 5129
0.5174, 5128
0.5180, 5127
0.5188, 5126
0.5195, 5125
0.5202, 5124
0.5207, 5123
0.5213, 5122
0.5218, 5121
0.5226, 5120
0.5231, 5119
0.5237, 5118
0.5242, 5117
0.5247, 5116
0.5253, 5115
0.5259, 5114
0.5268, 5113
0.5275, 5112
0.5282, 5111
0.5290, 5110
0.5297, 5109
0.5302, 5108
0.5307, 5107
0.5313, 5106
0.5320, 5105
0.5325, 5104
0.5332, 5103
0.5340, 5102
0.5347, 5101
0.5356, 5100
0.5362, 5099
0.5370, 5098
0.5378, 5097
0.5383, 5096
0.5390, 5095
0.5396, 5094
0.5402, 5093
0.5409, 5092
0.5415, 5091
0.5422, 5090
0.5427, 5089
0.5434, 5088
0.5441, 5087
0.5450, 5086
0.5457, 5085
0.5462, 5084
0.5469, 5083
0.5476, 5082
0.5482, 5081
0.5488, 5080
0.5494, 5079
0.5501, 5078
0.5506, 5077
0.5513, 5076
0.5518, 5075
0.5526, 5074
0.5533, 5073
0.5540, 5072
0.5546, 5071
0.5551, 5070
0.5556, 5069
0.5564, 5068
0.5573, 5067
0.5580, 5066
0.5587, 5065
0.5594, 5064
0.5605, 5063
0.5611, 5062
0.5618, 5061
0.5623, 5060
0.5631, 5059
0.5637, 5058
0.5643, 5057
0.5649, 5056
0.5654, 5055
0.5661, 5054
0.5668, 5053
0.5674, 5052
0.5680, 5051
0.5686, 5050
0.5692, 5049
0.5698, 5048
0.5706, 5047
0.5712, 5046
0.5724, 5045
0.5730, 5044
0.5736, 5043
0.5742, 5042
0.5747, 5041
0.5757, 5040
0.5762, 5039
0.5769, 5038
0.5777, 5037
0.5782, 5036
0.5787, 5035
0.5795, 5034
0.5802, 5033
0.5809, 5032
0.5815, 5031
0.5824, 5030
0.5830, 5029
0.5839, 5028
0.5844, 5027
0.5851, 5026
0.5857, 5025
0.5864, 5024
0.5870, 5023
0.5876, 5022
0.5882, 5021
0.5889, 5020
0.5899, 5019
0.5908, 5018
0.5914, 5017
0.5919, 5016
0.5925, 5015
0.5935, 5014
0.5941, 5013
0.5949, 5012
0.5956, 5011
0.5962, 5010
0.5970, 5009
0.5976, 5008
0.5981, 5007
0.5988, 5006
0.5997, 5005
0.6002, 5004
0.6010, 5003
0.6016, 5002
0.6022, 5001
0.6032, 5000
0.6038, 4999
0.6047, 4998
0.6053, 4997
0.6059, 4996
0.6065, 4995
0.6071, 4994
0.6077, 4993
0.6084, 4992
0.6090, 4991
0.6097, 4990
0.6105, 4989
0.6115, 4988
0.6122, 4987
0.6128, 4986
0.6134, 4985
0.6141, 4984
0.6148, 4983
0.6154, 4982
0.6161, 4981
0.6169, 4980
0.6178, 4979
0.6183, 4978
0.6189, 4977
0.6196, 4976
0.6205, 4975
0.6215, 4974
0.6220, 4973
0.6226, 4972
0.6233, 4971
0.6241, 4970
0.6246, 4969
0.6254, 4968
0.6260, 4967
0.6267, 4966
0.6274, 4965
0.6280, 4964
0.6285, 4963
0.6291, 4962
0.6298, 4961
0.6305, 4960
0.6310, 4959
0.6316, 4958
0.6321, 4957
0.6327, 4956
0.6335, 4955
0.6340, 4954
0.6346, 4953
0.6352, 4952
0.6359, 4951
0.6369, 4950
0.6377, 4949
0.6388, 4948
0.6394, 4947
0.6400, 4946
0.6409, 4945
0.6414, 4944
0.6420, 4943
0.6425, 4942
0.6431, 4941
0.6436, 4940
0.6442, 4939
0.6448, 4938
0.6453, 4937
0.6461, 4936
0.6467, 4935
0.6477, 4934
0.6486, 4933
0.6491, 4932
0.6497, 4931
0.6503, 4930
0.6509, 4929
0.6516, 4928
0.6521, 4927
0.6528, 4926
0.6535, 4925
0.6541, 4924
0.6547, 4923
0.6555, 4922
0.6562, 4921
0.6567, 4920
0.6573, 4919
0.6583, 4918
0.6591, 4917
0.6597, 4916
0.6605, 4915
0.6610, 4914
0.6616, 4913
0.6621, 4912
0.6627, 4911
0.6633, 4910
0.6638, 4909
0.6648, 4908
0.6653, 4907
0.6658, 4906
0.6665, 4905
0.6670, 4904
0.6676, 4903
0.6682, 4902
0.6689, 4901
0.6694, 4900
0.6703, 4899
0.6710, 4898
0.6716, 4897
0.6721, 4896
0.6726, 4895
0.6733, 4894
0.6739, 4893
0.6744, 4892
0.6753, 4891
0.6761, 4890
0.6768, 4889
0.6773, 4888
0.6778, 4887
0.6784, 4886
0.6790, 4885
0.6795, 4884
0.6802, 4883
0.6807, 4882
0.6814, 4881
0.6820, 4880
0.6826, 4879
0.6835, 4878
0.6841, 4877
0.6846, 4876
0.6854, 4875
0.6859, 4874
0.6865, 4873
0.6870, 4872
0.6879, 4871
0.6886, 4870
0.6894, 4869
0.6902, 4868
0.6908, 4867
0.6913, 4866
0.6919, 4865
0.6928, 4864
0.6937, 4863
0.6943, 4862
0.6948, 4861
0.6956, 4860
0.6962, 4859
0.6971, 4858
0.6976, 4857
0.6984, 4856
0.6993, 4855
0.6999, 4854
0.7009, 4853
0.7015, 4852
0.7021, 4851
0.7027, 4850
0.7035, 4849
0.7042, 4848
0.7049, 4847
0.7055, 4846
0.7060, 4845
0.7067, 4844
0.7073, 4843
0.7078, 4842
0.7083, 4841
0.7090, 4840
0.7097, 4839
0.7106, 4838
0.7114, 4837
0.7121, 4836
0.7125, 4835
0.7131, 4834
0.7137, 4833
0.7143, 4832
0.7149, 4831
0.7158, 4830
0.7164, 4829
0.7170, 4828
0.7176, 4827
0.7186, 4826
0.7194, 4825
0.7200, 4824
0.7207, 4823
0.7212, 4822
0.7218, 4821
0.7224, 4820
0.7229, 4819
0.7236, 4818
0.7242, 4817
0.7247, 4816
0.7252, 4815
0.7258, 4814
0.7266, 4813
0.7275, 4812
0.7282, 4811
0.7287, 4810
0.7296, 4809
0.7301, 4808
0.7306, 4807
0.7311, 4806
0.7316, 4805
0.7325, 4804
0.7334, 4803
0.7338, 4802
0.7344, 4801
0.7351, 4800
0.7357, 4799
0.7363, 4798
0.7368, 4797
0.7374, 4796
0.7380, 4795
0.7386, 4794
0.7393, 4793
0.7398, 4792
0.7406, 4791
0.7411, 4790
0.7419, 4789
0.7424, 4788
0.7431, 4787
0.7436, 4786
0.7442, 4785
0.7447, 4784
0.7453, 4783
0.7461, 4782
0.7466, 4781
0.7475, 4780
0.7483, 4779
0.7488, 4778
0.7496, 4777
0.7501, 4776
0.7507, 4775
0.7512, 4774
0.7522, 4773
0.7527, 4772
0.7535, 4771
0.7540, 4770
0.7546, 4769
0.7555, 4768
0.7561, 4767
0.7565, 4766
0.7571, 4765
0.7580, 4764
0.7589, 4763
0.7595, 4762
0.7601, 4761
0.7606, 4760
0.7612, 4759
0.7623, 4758
0.7630, 4757
0.7635, 4756
0.7643, 4755
0.7648, 4754
0.7654, 4753
0.7659, 4752
0.7665, 4751
0.7673, 4750
0.7679, 4749
0.7684, 4748
0.7690, 4747
0.7699, 4746
0.7705, 4745
0.7713, 4744
0.7720, 4743
0.7728, 4742
0.7736, 4741
0.7742, 4740
0.7747, 4739
0.7753, 4738
0.7758, 4737
0.7764, 4736
0.7772, 4735
0.7778, 4734
0.7784, 4733
0.7789, 4732
0.7794, 4731
0.7803, 4730
0.7808, 4729
0.7813, 4728
0.7819, 4727
0.7827, 4726
0.7834, 4725
0.7843, 4724
0.7852, 4723
0.7857, 4722
0.7865, 4721
0.7873, 4720
0.7878, 4719
0.7883, 4718
0.7888, 4717
0.7896, 4716
0.7904, 4715
0.7911, 4714
0.7919, 4713
0.7924, 4712
0.7932, 4711
0.7940, 4710
0.7949, 4709
0.7956, 4708
0.7964, 4707
0.7970, 4706
0.7979, 4705
0.7985, 4704
0.7992, 4703
0.8001, 4702
0.8010, 4701
0.8018, 4700
0.8027, 4699
0.8034, 4698
0.8042, 4697
0.8048, 4696
0.8057, 4695
0.8064, 4694
0.8073, 4693
0.8082, 4692
0.8092, 4691
0.8101, 4690
1.0242, 4689
1.2317, 4688
1.2734, 4687
1.3557, 4686
1.6476, 4685
1.7104, 4684
1.7720, 4683
1.8933, 4682
2.0405, 4681
2.2474, 4680
2.3113, 4679
2.4822, 4678
2.5251, 4677
2.6950, 4676
2.9870, 4675
3.0079, 4674
3.1128, 4673
3.3515, 4672
3.3523, 4671
3.4206, 4670
3.5492, 4669
3.5501, 4668
3.6848, 4667
3.7951, 4666
3.8807, 4665
3.8813, 4664
3.8821, 4663
4.3669, 4662
4.4708, 4661
4.9940, 4660
5.0405, 4659
5.2136, 4658
5.2794, 4657
5.4122, 4656
5.7163, 4655
6.1962, 4654
6.1970, 4653
6.1975, 4652
6.7969, 4651
6.9238, 4650
7.1595, 4649
7.8256, 4648
7.8919, 4647
8.0171, 4646
8.3064, 4645
8.3070, 4644
8.3702, 4643
8.3709, 4642
8.4126, 4641
8.8715, 4640
9.0534, 4639
9.1008, 4638
9.3615, 4637
9.5683, 4636
9.8089, 4635
