0.1077, 4688
0.1368, 4687
0.1472, 4686
0.1782, 4685
0.2392, 4684
0.3039, 4683
0.3184, 4682
0.5553, 4680
0.5956, 4679
0.7069, 4678
0.8534, 4677
1.0664, 4674
1.1249, 4672
1.3391, 4671
1.4026, 4669
1.4404, 4667
1.4650, 4666
1.5331, 4665
1.5439, 4663
1.6085, 4662
1.7715, 4661
1.8259, 4658
1.8585, 4657
2.0084, 4656
2.1595, 4655
2.1917, 4653
2.2138, 4652
2.2350, 4651
2.2878, 4650
2.2987, 4649
2.3494, 4648
2.5582, 4647
2.6126, 4639
2.6457, 4638
2.6685, 4636
2.6796, 4635
2.7121, 4634
2.7778, 4632
2.9548, 4631
2.9757, 4630
3.0173, 4627
3.0278, 4626
3.0995, 4623
3.1205, 4622
3.1946, 4621
3.2263, 4620
3.3737, 4619
3.3990, 4618
3.5208, 4617
3.5840, 4614
3.6772, 4613
3.6880, 4611
3.7700, 4610
3.8915, 4609
3.9185, 4606
3.9941, 4605
4.1473, 4604
4.2789, 4603
4.3616, 4602
4.4431, 4601
4.7670, 4598
4.8176, 4597
4.9092, 4596
5.0109, 4595
5.1231, 4594
5.1744, 4593
5.2451, 4592
5.3160, 4588
5.3468, 4586
5.7710, 4585
5.8700, 4584
6.1330, 4581
6.1749, 4580
6.3486, 4579
6.3801, 4578
6.7891, 4577
6.7999, 4576
7.2508, 4574
7.3429, 4573
7.9640, 4572
8.1678, 4571
8.2312, 4570
8.3489, 4569
8.6252, 4568
9.1808, 4567
9.3107, 4566
9.4354, 4565
