0.1076, 4688
0.1369, 4687
0.1472, 4686
0.1574, 4684
0.1680, 4683
0.1987, 4682
0.2396, 4679
0.2505, 4678
0.3216, 4677
0.5738, 4676
0.6043, 4675
0.6650, 4671
0.7337, 4670
0.7948, 4669
0.8164, 4668
0.8372, 4667
0.8681, 4665
0.9228, 4664
0.9482, 4662
0.9689, 4660
1.0002, 4656
1.0518, 4655
1.0726, 4654
1.0935, 4652
1.1342, 4651
1.1552, 4650
1.1764, 4649
1.2180, 4646
1.2703, 4644
1.3043, 4643
1.3561, 4642
1.3979, 4639
1.4082, 4638
1.6873, 4636
1.8094, 4634
1.8715, 4633
1.8922, 4632
1.9238, 4631
1.9546, 4630
2.0985, 4629
2.1295, 4628
2.1400, 4627
2.2114, 4626
2.2619, 4625
2.5029, 4624
2.5874, 4623
2.5981, 4622
3.2499, 4621
3.3106, 4620
3.3819, 4619
3.4632, 4618
3.5650, 4616
3.6060, 4615
3.7786, 4614
3.8293, 4612
3.8593, 4611
3.9099, 4610
3.9305, 4609
3.9613, 4608
4.0531, 4607
4.1645, 4604
4.2251, 4603
4.2990, 4602
4.6675, 4601
4.6776, 4600
4.7083, 4599
4.8881, 4598
5.2116, 4596
5.2931, 4595
5.4240, 4594
5.5757, 4592
5.9597, 4590
6.0303, 4589
6.2031, 4588
6.3965, 4587
6.5086, 4586
6.6402, 4585
6.7562, 4584
6.8986, 4583
6.9697, 4582
7.1424, 4579
7.1935, 4578
8.4355, 4576
8.5474, 4575
8.5582, 4574
8.8018, 4572
10.2394, 4571
