0.1151, 4688
0.1443, 4687
0.1552, 4684
0.1765, 4677
0.2681, 4676
0.3889, 4675
0.4094, 4674
0.4198, 4673
0.4300, 4672
0.4610, 4671
0.6251, 4670
0.8783, 4666
0.9196, 4664
0.9406, 4663
0.9632, 4662
1.0555, 4661
1.1073, 4660
1.1178, 4659
1.2290, 4658
1.2495, 4657
1.3048, 4653
1.3593, 4651
1.4103, 4650
1.4514, 4648
1.5125, 4647
1.5431, 4646
1.5643, 4645
1.6963, 4637
1.7990, 4633
1.9522, 4632
2.0142, 4630
2.0547, 4629
2.1762, 4628
2.2374, 4627
2.2788, 4626
2.3543, 4625
2.5058, 4624
2.5893, 4619
2.6108, 4617
2.6417, 4616
2.7638, 4610
2.9482, 4609
2.9686, 4608
3.0608, 4607
3.1757, 4606
3.3682, 4605
3.7322, 4604
3.7956, 4603
4.0118, 4602
4.3801, 4601
4.4982, 4600
4.7306, 4599
4.8642, 4595
4.9597, 4594
5.2163, 4593
5.2770, 4592
5.5213, 4591
5.6542, 4589
5.9549, 4588
5.9756, 4587
6.0071, 4586
6.0882, 4585
6.2352, 4584
6.6945, 4583
6.7051, 4582
6.7881, 4581
7.0589, 4580
7.1319, 4579
7.4276, 4578
7.5509, 4577
7.5611, 4576
7.7818, 4575
7.8332, 4573
7.9661, 4572
8.8832, 4571
8.9443, 4570
9.1288, 4569
