0.1085, 4688
0.1379, 4686
0.1882, 4685
0.1985, 4684
0.2788, 4682
0.2892, 4681
0.3694, 4680
0.5213, 4678
0.5556, 4675
0.6008, 4674
0.6616, 4673
0.7222, 4672
0.7427, 4671
0.8282, 4670
0.8434, 4669
0.8640, 4668
0.8749, 4667
0.9351, 4666
0.9759, 4663
1.0263, 4662
1.0471, 4661
1.0774, 4660
1.3453, 4659
1.3809, 4658
1.4419, 4657
1.4526, 4655
1.5940, 4654
1.6447, 4653
1.7151, 4652
1.7556, 4650
1.8671, 4649
1.8780, 4648
1.9084, 4647
2.1201, 4643
2.1713, 4642
2.1915, 4641
2.2623, 4640
2.2927, 4639
2.3236, 4638
2.3642, 4637
2.4652, 4635
2.6892, 4634
2.7000, 4633
2.7106, 4630
2.7615, 4626
2.8025, 4625
2.8935, 4624
3.0106, 4623
3.1164, 4620
3.1550, 4619
3.1661, 4618
3.1995, 4614
3.2212, 4612
3.2990, 4611
3.4100, 4609
3.4845, 4608
3.5164, 4606
3.7157, 4605
3.7365, 4604
3.8395, 4603
3.8603, 4602
4.0962, 4600
4.1167, 4599
4.2172, 4598
4.2688, 4597
4.2992, 4596
4.3201, 4595
4.7740, 4594
5.4274, 4593
5.4693, 4591
5.5947, 4590
6.1343, 4588
6.2107, 4587
6.4328, 4586
6.6193, 4584
6.9245, 4582
6.9656, 4581
7.1500, 4580
7.4005, 4578
7.4957, 4577
7.7371, 4576
7.9398, 4575
8.4123, 4574
8.6152, 4573
8.9548, 4572
9.3335, 4571
9.4888, 4570
9.6738, 4569
9.6844, 4568
