0.1091, 4688
0.1385, 4687
0.1493, 4686
0.2197, 4685
0.2596, 4684
0.3008, 4678
0.3617, 4677
0.4427, 4676
0.4927, 4675
0.6036, 4674
0.6839, 4673
0.7455, 4672
0.7561, 4671
0.7769, 4669
0.8390, 4665
1.1225, 4663
1.3048, 4661
1.3256, 4660
1.3866, 4659
1.4688, 4658
1.5102, 4657
1.5512, 4655
1.5721, 4652
1.6164, 4651
1.6836, 4647
1.7591, 4644
1.7702, 4641
1.7807, 4640
1.8413, 4638
1.8817, 4637
1.9329, 4636
1.9934, 4635
2.0439, 4634
2.2064, 4633
2.3078, 4632
2.3486, 4631
2.4707, 4630
2.5216, 4626
2.5319, 4625
2.6066, 4624
2.6531, 4622
2.6736, 4617
2.7045, 4615
2.7350, 4614
2.7555, 4613
2.7663, 4612
2.7767, 4611
2.9098, 4609
2.9607, 4607
3.0115, 4605
3.0319, 4604
3.1126, 4602
3.1333, 4601
3.1783, 4600
3.2510, 4599
3.2822, 4598
3.4252, 4596
3.4911, 4595
4.0655, 4593
4.2794, 4592
4.5424, 4591
4.5638, 4589
4.6149, 4588
4.6757, 4587
4.6863, 4586
5.1014, 4585
5.1934, 4584
5.2440, 4583
5.2547, 4581
5.3567, 4579
5.4692, 4577
6.2651, 4576
7.0359, 4575
7.6909, 4574
8.4575, 4573
9.0012, 4572
9.6374, 4571
10.6052, 4570
