0.0000, 5900
0.0005, 5899
0.0012, 5898
0.0018, 5897
0.0027, 5896
0.0035, 5895
0.0042, 5894
0.0048, 5893
0.0057, 5892
0.0061, 5891
0.0070, 5890
0.0075, 5889
0.0080, 5888
0.0085, 5887
0.0094, 5886
0.0103, 5885
0.0109, 5884
0.0122, 5883
0.0128, 5882
0.0139, 5881
0.0144, 5880
0.0154, 5879
0.0162, 5878
0.0172, 5877
0.0177, 5876
0.0182, 5875
0.0187, 5874
0.0193, 5873
0.0204, 5872
0.0209, 5871
0.0214, 5870
0.0219, 5869
0.0226, 5868
0.0231, 5867
0.0236, 5866
0.0241, 5865
0.0250, 5864
0.0257, 5863
0.0263, 5862
0.0268, 5861
0.0275, 5860
0.0281, 5859
0.0286, 5858
0.0291, 5857
0.0296, 5856
0.0303, 5855
0.0308, 5854
0.0313, 5853
0.0318, 5852
0.0328, 5851
0.0337, 5850
0.0342, 5849
0.0347, 5848
0.0354, 5847
0.0360, 5846
0.0365, 5845
0.0372, 5844
0.0377, 5843
0.0382, 5842
0.0387, 5841
0.0395, 5840
0.0402, 5839
0.0407, 5838
0.0412, 5837
0.0418, 5836
0.0424, 5835
0.0431, 5834
0.0436, 5833
0.0443, 5832
0.0448, 5831
0.0453, 5830
0.0461, 5829
0.0466, 5828
0.0471, 5827
0.0477, 5826
0.0486, 5825
0.0491, 5824
0.0496, 5823
0.0504, 5822
0.0510, 5821
0.0515, 5820
0.0520, 5819
0.0525, 5818
0.0531, 5817
0.0539, 5816
0.0544, 5815
0.0554, 5814
0.0564, 5813
0.0570, 5812
0.0576, 5811
0.0585, 5810
0.0592, 5809
0.0598, 5808
0.0605, 5807
0.0610, 5806
0.0618, 5805
0.0623, 5804
0.0628, 5803
0.0633, 5802
0.0639, 5801
0.0644, 5800
0.0652, 5799
0.0657, 5798
0.0664, 5797
0.0669, 5796
0.0676, 5795
0.0681, 5794
0.0688, 5793
0.0693, 5792
0.0698, 5791
0.0704, 5790
0.0709, 5789
0.0714, 5788
0.0720, 5787
0.0725, 5786
0.0738, 5785
0.0748, 5784
0.0756, 5783
0.0761, 5782
0.0766, 5781
0.0771, 5780
0.0778, 5779
0.0786, 5778
0.0792, 5777
0.0800, 5776
0.0806, 5775
0.0812, 5774
0.0819, 5773
0.0830, 5772
0.0836, 5771
0.0847, 5770
0.0853, 5769
0.0859, 5768
0.0866, 5767
0.0872, 5766
0.0878, 5765
0.0886, 5764
0.0891, 5763
0.0897, 5762
0.0902, 5761
0.0907, 5760
0.0917, 5759
0.0922, 5758
0.0927, 5757
0.0933, 5756
0.0938, 5755
0.0943, 5754
0.0951, 5753
0.0958, 5752
0.0963, 5751
0.0968, 5750
0.0973, 5749
0.0981, 5748
0.0987, 5747
0.0992, 5746
0.1001, 5745
0.1011, 5744
0.1017, 5743
0.1022, 5742
0.1027, 5741
0.1037, 5740
0.1043, 5739
0.1049, 5738
0.1054, 5737
0.1060, 5736
0.1065, 5735
0.1071, 5734
0.1076, 5733
0.1082, 5732
0.1087, 5731
0.1093, 5730
0.1098, 5729
0.1104, 5728
0.1109, 5727
0.1114, 5726
0.1120, 5725
0.1127, 5724
0.1133, 5723
0.1144, 5722
0.1150, 5721
0.1156, 5720
0.1163, 5719
0.1170, 5718
0.1180, 5717
0.1188, 5716
0.1197, 5715
0.1207, 5714
0.1213, 5713
0.1219, 5712
0.1224, 5711
0.1230, 5710
0.1235, 5709
0.1244, 5708
0.1251, 5707
0.1257, 5706
0.1262, 5705
0.1268, 5704
0.1273, 5703
0.1279, 5702
0.1284, 5701
0.1290, 5700
0.1300, 5699
0.1306, 5698
0.1311, 5697
0.1316, 5696
0.1327, 5695
0.1334, 5694
0.1340, 5693
0.1346, 5692
0.1351, 5691
0.1356, 5690
0.1362, 5689
0.1368, 5688
0.1374, 5687
0.1379, 5686
0.1388, 5685
0.1394, 5684
0.1400, 5683
0.1406, 5682
0.1412, 5681
0.1417, 5680
0.1424, 5679
0.1430, 5678
0.1436, 5677
0.1442, 5676
0.1448, 5675
0.1453, 5674
0.1459, 5673
0.1464, 5672
0.1470, 5671
0.1476, 5670
0.1483, 5669
0.1488, 5668
0.1494, 5667
0.1499, 5666
0.1505, 5665
0.1510, 5664
0.1516, 5663
0.1522, 5662
0.1532, 5661
0.1537, 5660
0.1546, 5659
0.1552, 5658
0.1563, 5657
0.1573, 5656
0.1582, 5655
0.1588, 5654
0.1596, 5653
0.1602, 5652
0.1608, 5651
0.1615, 5650
0.1621, 5649
0.1626, 5648
0.1634, 5647
0.1640, 5646
0.1646, 5645
0.1654, 5644
0.1660, 5643
0.1666, 5642
0.1672, 5641
0.1679, 5640
0.1687, 5639
0.1696, 5638
0.1702, 5637
0.1708, 5636
0.1714, 5635
0.1725, 5634
0.1731, 5633
0.1741, 5632
0.1750, 5631
0.1755, 5630
0.1765, 5629
0.1774, 5628
0.1780, 5627
0.1791, 5626
0.1799, 5625
0.1805, 5624
0.1814, 5623
0.1819, 5622
0.1825, 5621
0.1832, 5620
0.1839, 5619
0.1848, 5618
0.1854, 5617
0.1860, 5616
0.1865, 5615
0.1872, 5614
0.1881, 5613
0.1886, 5612
0.1892, 5611
0.1898, 5610
0.1905, 5609
0.1911, 5608
0.1917, 5607
0.1923, 5606
0.1928, 5605
0.1935, 5604
0.1940, 5603
0.1945, 5602
0.1951, 5601
0.1956, 5600
0.1962, 5599
0.1967, 5598
0.1972, 5597
0.1977, 5596
0.1983, 5595
0.1991, 5594
0.1997, 5593
0.2006, 5592
0.2012, 5591
0.2020, 5590
0.2028, 5589
0.2036, 5588
0.2042, 5587
0.2048, 5586
0.2054, 5585
0.2061, 5584
0.2070, 5583
0.2077, 5582
0.2083, 5581
0.2088, 5580
0.2094, 5579
0.2101, 5578
0.2107, 5577
0.2117, 5576
0.2123, 5575
0.2129, 5574
0.2136, 5573
0.2142, 5572
0.2147, 5571
0.2154, 5570
0.2163, 5569
0.2169, 5568
0.2178, 5567
0.2184, 5566
0.2189, 5565
0.2195, 5564
0.2202, 5563
0.2213, 5562
0.2220, 5561
0.2225, 5560
0.2231, 5559
0.2237, 5558
0.2242, 5557
0.2252, 5556
0.2258, 5555
0.2263, 5554
0.2270, 5553
0.2278, 5552
0.2284, 5551
0.2290, 5550
0.2296, 5549
0.2302, 5548
0.2309, 5547
0.2315, 5546
0.2321, 5545
0.2326, 5544
0.2332, 5543
0.2337, 5542
0.2344, 5541
0.2350, 5540
0.2355, 5539
0.2361, 5538
0.2366, 5537
0.2372, 5536
0.2377, 5535
0.2384, 5534
0.2392, 5533
0.2398, 5532
0.2404, 5531
0.2409, 5530
0.2415, 5529
0.2421, 5528
0.2426, 5527
0.2432, 5526
0.2439, 5525
0.2445, 5524
0.2452, 5523
0.2461, 5522
0.2471, 5521
0.2480, 5520
0.2487, 5519
0.2493, 5518
0.2498, 5517
0.2505, 5516
0.2511, 5515
0.2519, 5514
0.2524, 5513
0.2530, 5512
0.2536, 5511
0.2542, 5510
0.2547, 5509
0.2553, 5508
0.2559, 5507
0.2566, 5506
0.2572, 5505
0.2577, 5504
0.2583, 5503
0.2592, 5502
0.2597, 5501
0.2603, 5500
0.2609, 5499
0.2618, 5498
0.2625, 5497
0.2631, 5496
0.2637, 5495
0.2644, 5494
0.2650, 5493
0.2656, 5492
0.2661, 5491
0.2671, 5490
0.2679, 5489
0.2685, 5488
0.2690, 5487
0.2695, 5486
0.2701, 5485
0.2710, 5484
0.2716, 5483
0.2721, 5482
0.2731, 5481
0.2737, 5480
0.2742, 5479
0.2747, 5478
0.2753, 5477
0.2759, 5476
0.2765, 5475
0.2771, 5474
0.2778, 5473
0.2784, 5472
0.2790, 5471
0.2796, 5470
0.2802, 5469
0.2808, 5468
0.2814, 5467
0.2819, 5466
0.2829, 5465
0.2835, 5464
0.2840, 5463
0.2846, 5462
0.2852, 5461
0.2857, 5460
0.2864, 5459
0.2870, 5458
0.2875, 5457
0.2881, 5456
0.2889, 5455
0.2896, 5454
0.2902, 5453
0.2909, 5452
0.2914, 5451
0.2921, 5450
0.2927, 5449
0.2934, 5448
0.2940, 5447
0.2945, 5446
0.2951, 5445
0.2956, 5444
0.2967, 5443
0.2973, 5442
0.2979, 5441
0.2984, 5440
0.2990, 5439
0.2997, 5438
0.3006, 5437
0.3013, 5436
0.3019, 5435
0.3025, 5434
0.3031, 5433
0.3037, 5432
0.3046, 5431
0.3052, 5430
0.3058, 5429
0.3063, 5428
0.3069, 5427
0.3076, 5426
0.3085, 5425
0.3091, 5424
0.3097, 5423
0.3104, 5422
0.3111, 5421
0.3117, 5420
0.3127, 5419
0.3132, 5418
0.3137, 5417
0.3148, 5416
0.3153, 5415
0.3160, 5414
0.3166, 5413
0.3171, 5412
0.3177, 5411
0.3182, 5410
0.3188, 5409
0.3193, 5408
0.3198, 5407
0.3205, 5406
0.3213, 5405
0.3221, 5404
0.3229, 5403
0.3237, 5402
0.3242, 5401
0.3248, 5400
0.3255, 5399
0.3263, 5398
0.3271, 5397
0.3277, 5396
0.3283, 5395
0.3291, 5394
0.3299, 5393
0.3305, 5392
0.3313, 5391
0.3318, 5390
0.3323, 5389
0.3329, 5388
0.3335, 5387
0.3341, 5386
0.3349, 5385
0.3355, 5384
0.3361, 5383
0.3368, 5382
0.3375, 5381
0.3381, 5380
0.3387, 5379
0.3392, 5378
0.3400, 5377
0.3406, 5376
0.3412, 5375
0.3418, 5374
0.3425, 5373
0.3431, 5372
0.3437, 5371
0.3443, 5370
0.3450, 5369
0.3457, 5368
0.3464, 5367
0.3469, 5366
0.3477, 5365
0.3483, 5364
0.3490, 5363
0.3500, 5362
0.3506, 5361
0.3513, 5360
0.3520, 5359
0.3527, 5358
0.3533, 5357
0.3544, 5356
0.3549, 5355
0.3556, 5354
0.3562, 5353
0.3569, 5352
0.3574, 5351
0.3582, 5350
0.3589, 5349
0.3594, 5348
0.3600, 5347
0.3606, 5346
0.3615, 5345
0.3623, 5344
0.3629, 5343
0.3636, 5342
0.3642, 5341
0.3647, 5340
0.3653, 5339
0.3659, 5338
0.3665, 5337
0.3671, 5336
0.3677, 5335
0.3683, 5334
0.3690, 5333
0.3699, 5332
0.3709, 5331
0.3714, 5330
0.3720, 5329
0.3725, 5328
0.3731, 5327
0.3738, 5326
0.3743, 5325
0.3749, 5324
0.3755, 5323
0.3765, 5322
0.3774, 5321
0.3784, 5320
0.3792, 5319
0.3798, 5318
0.3803, 5317
0.3809, 5316
0.3816, 5315
0.3823, 5314
0.3830, 5313
0.3836, 5312
0.3844, 5311
0.3851, 5310
0.3856, 5309
0.3863, 5308
0.3872, 5307
0.3879, 5306
0.3885, 5305
0.3891, 5304
0.3897, 5303
0.3903, 5302
0.3909, 5301
0.3914, 5300
0.3921, 5299
0.3926, 5298
0.3932, 5297
0.3938, 5296
0.3945, 5295
0.3952, 5294
0.3957, 5293
0.3963, 5292
0.3971, 5291
0.3978, 5290
0.3985, 5289
0.3993, 5288
0.3999, 5287
0.4004, 5286
0.4011, 5285
0.4016, 5284
0.4023, 5283
0.4029, 5282
0.4034, 5281
0.4040, 5280
0.4046, 5279
0.4051, 5278
0.4057, 5277
0.4063, 5276
0.4070, 5275
0.4077, 5274
0.4085, 5273
0.4091, 5272
0.4096, 5271
0.4102, 5270
0.4110, 5269
0.4117, 5268
0.4122, 5267
0.4127, 5266
0.4133, 5265
0.4141, 5264
0.4148, 5263
0.4154, 5262
0.4160, 5261
0.4165, 5260
0.4174, 5259
0.4179, 5258
0.4185, 5257
0.4192, 5256
0.4199, 5255
0.4205, 5254
0.4215, 5253
0.4223, 5252
0.4230, 5251
0.4240, 5250
0.4246, 5249
0.4251, 5248
0.4258, 5247
0.4265, 5246
0.4272, 5245
0.4278, 5244
0.4285, 5243
0.4291, 5242
0.4297, 5241
0.4304, 5240
0.4309, 5239
0.4314, 5238
0.4321, 5237
0.4329, 5236
0.4335, 5235
0.4341, 5234
0.4347, 5233
0.4352, 5232
0.4359, 5231
0.4365, 5230
0.4371, 5229
0.4376, 5228
0.4383, 5227
0.4391, 5226
0.4397, 5225
0.4402, 5224
0.4412, 5223
0.4420, 5222
0.4427, 5221
0.4435, 5220
0.4442, 5219
0.4448, 5218
0.4453, 5217
0.4460, 5216
0.4467, 5215
0.4474, 5214
0.4479, 5213
0.4487, 5212
0.4494, 5211
0.4501, 5210
0.4510, 5209
0.4516, 5208
0.4522, 5207
0.4531, 5206
0.4538, 5205
0.4544, 5204
0.4552, 5203
0.4559, 5202
0.4565, 5201
0.4572, 5200
0.4579, 5199
0.4586, 5198
0.4593, 5197
0.4600, 5196
0.4606, 5195
0.4614, 5194
0.4619, 5193
0.4625, 5192
0.4631, 5191
0.4637, 5190
0.4644, 5189
0.4649, 5188
0.4654, 5187
0.4660, 5186
0.4666, 5185
0.4672, 5184
0.4678, 5183
0.4686, 5182
0.4693, 5181
0.4700, 5180
0.4710, 5179
0.4715, 5178
0.4724, 5177
0.4730, 5176
0.4736, 5175
0.4745, 5174
0.4752, 5173
0.4760, 5172
0.4765, 5171
0.4771, 5170
0.4776, 5169
0.4784, 5168
0.4790, 5167
0.4795, 5166
0.4802, 5165
0.4810, 5164
0.4816, 5163
0.4823, 5162
0.4830, 5161
0.4840, 5160
0.4847, 5159
0.4854, 5158
0.4861, 5157
0.4867, 5156
0.4872, 5155
0.4879, 5154
0.4885, 5153
0.4894, 5152
0.4900, 5151
0.4906, 5150
0.4913, 5149
0.4919, 5148
0.4926, 5147
0.4931, 5146
0.4936, 5145
0.4941, 5144
0.4948, 5143
0.4954, 5142
0.4959, 5141
0.4964, 5140
0.4970, 5139
0.4976, 5138
0.4983, 5137
0.4991, 5136
0.4997, 5135
0.5004, 5134
0.5010, 5133
0.5015, 5132
0.5021, 5131
0.5028, 5130
0.5034, 5129
0.5041, 5128
0.5047, 5127
0.5055, 5126
0.5062, 5125
0.5068, 5124
0.5073, 5123
0.5079, 5122
0.5084, 5121
0.5092, 5120
0.5097, 5119
0.5103, 5118
0.5108, 5117
0.5113, 5116
0.5118, 5115
0.5124, 5114
0.5133, 5113
0.5140, 5112
0.5147, 5111
0.5155, 5110
0.5161, 5109
0.5166, 5108
0.5171, 5107
0.5176, 5106
0.5183, 5105
0.5189, 5104
0.5196, 5103
0.5203, 5102
0.5209, 5101
0.5218, 5100
0.5224, 5099
0.5232, 5098
0.5240, 5097
0.5245, 5096
0.5252, 5095
0.5258, 5094
0.5263, 5093
0.5270, 5092
0.5277, 5091
0.5283, 5090
0.5288, 5089
0.5295, 5088
0.5303, 5087
0.5312, 5086
0.5318, 5085
0.5323, 5084
0.5329, 5083
0.5336, 5082
0.5343, 5081
0.5348, 5080
0.5355, 5079
0.5360, 5078
0.5366, 5077
0.5372, 5076
0.5378, 5075
0.5385, 5074
0.5392, 5073
0.5399, 5072
0.5405, 5071
0.5410, 5070
0.5415, 5069
0.5423, 5068
0.5432, 5067
0.5438, 5066
0.5446, 5065
0.5454, 5064
0.5464, 5063
0.5470, 5062
0.5477, 5061
0.5483, 5060
0.5491, 5059
0.5497, 5058
0.5502, 5057
0.5508, 5056
0.5513, 5055
0.5520, 5054
0.5526, 5053
0.5533, 5052
0.5539, 5051
0.5544, 5050
0.5550, 5049
0.5556, 5048
0.5564, 5047
0.5570, 5046
0.5580, 5045
0.5586, 5044
0.5592, 5043
0.5598, 5042
0.5603, 5041
0.5612, 5040
0.5618, 5039
0.5624, 5038
0.5632, 5037
0.5638, 5036
0.5642, 5035
0.5650, 5034
0.5657, 5033
0.5663, 5032
0.5670, 5031
0.5679, 5030
0.5685, 5029
0.5693, 5028
0.5699, 5027
0.5705, 5026
0.5711, 5025
0.5717, 5024
0.5724, 5023
0.5729, 5022
0.5736, 5021
0.5743, 5020
0.5753, 5019
0.5761, 5018
0.5767, 5017
0.5772, 5016
0.5777, 5015
0.5787, 5014
0.5793, 5013
0.5800, 5012
0.5807, 5011
0.5813, 5010
0.5820, 5009
0.5826, 5008
0.5831, 5007
0.5837, 5006
0.5846, 5005
0.5851, 5004
0.5859, 5003
0.5865, 5002
0.5871, 5001
0.5880, 5000
0.5886, 4999
0.5894, 4998
0.5900, 4997
0.5906, 4996
0.5912, 4995
0.5917, 4994
0.5924, 4993
0.5931, 4992
0.5936, 4991
0.5943, 4990
0.5951, 4989
0.5960, 4988
0.5967, 4987
0.5973, 4986
0.5979, 4985
0.5986, 4984
0.5992, 4983
0.5998, 4982
0.6005, 4981
0.6013, 4980
0.6022, 4979
0.6027, 4978
0.6033, 4977
0.6040, 4976
0.6049, 4975
0.6058, 4974
0.6064, 4973
0.6069, 4972
0.6076, 4971
0.6083, 4970
0.6088, 4969
0.6096, 4968
0.6103, 4967
0.6109, 4966
0.6116, 4965
0.6122, 4964
0.6127, 4963
0.6132, 4962
0.6139, 4961
0.6147, 4960
0.6152, 4959
0.6157, 4958
0.6162, 4957
0.6168, 4956
0.6176, 4955
0.6181, 4954
0.6186, 4953
0.6192, 4952
0.6199, 4951
0.6209, 4950
0.6217, 4949
0.6228, 4948
0.6233, 4947
0.6240, 4946
0.6248, 4945
0.6253, 4944
0.6259, 4943
0.6264, 4942
0.6269, 4941
0.6275, 4940
0.6280, 4939
0.6287, 4938
0.6292, 4937
0.6298, 4936
0.6304, 4935
0.6314, 4934
0.6322, 4933
0.6327, 4932
0.6333, 4931
0.6339, 4930
0.6345, 4929
0.6351, 4928
0.6356, 4927
0.6363, 4926
0.6370, 4925
0.6376, 4924
0.6382, 4923
0.6390, 4922
0.6396, 4921
0.6402, 4920
0.6408, 4919
0.6417, 4918
0.6425, 4917
0.6431, 4916
0.6439, 4915
0.6444, 4914
0.6450, 4913
0.6455, 4912
0.6460, 4911
0.6465, 4910
0.6470, 4909
0.6479, 4908
0.6485, 4907
0.6490, 4906
0.6496, 4905
0.6501, 4904
0.6506, 4903
0.6512, 4902
0.6519, 4901
0.6524, 4900
0.6533, 4899
0.6540, 4898
0.6545, 4897
0.6550, 4896
0.6555, 4895
0.6562, 4894
0.6568, 4893
0.6574, 4892
0.6582, 4891
0.6589, 4890
0.6597, 4889
0.6602, 4888
0.6608, 4887
0.6613, 4886
0.6619, 4885
0.6624, 4884
0.6630, 4883
0.6636, 4882
0.6641, 4881
0.6647, 4880
0.6653, 4879
0.6662, 4878
0.6667, 4877
0.6672, 4876
0.6680, 4875
0.6685, 4874
0.6690, 4873
0.6696, 4872
0.6703, 4871
0.6711, 4870
0.6718, 4869
0.6726, 4868
0.6732, 4867
0.6737, 4866
0.6742, 4865
0.6751, 4864
0.6760, 4863
0.6765, 4862
0.6771, 4861
0.6778, 4860
0.6785, 4859
0.6793, 4858
0.6799, 4857
0.6807, 4856
0.6815, 4855
0.6821, 4854
0.6832, 4853
0.6837, 4852
0.6843, 4851
0.6848, 4850
0.6857, 4849
0.6863, 4848
0.6870, 4847
0.6876, 4846
0.6881, 4845
0.6888, 4844
0.6893, 4843
0.6899, 4842
0.6903, 4841
0.6910, 4840
0.6917, 4839
0.6927, 4838
0.6934, 4837
0.6941, 4836
0.6946, 4835
0.6951, 4834
0.6958, 4833
0.6964, 4832
0.6970, 4831
0.6980, 4830
0.6986, 4829
0.6992, 4828
0.6999, 4827
0.7008, 4826
0.7017, 4825
0.7022, 4824
0.7029, 4823
0.7034, 4822
0.7040, 4821
0.7046, 4820
0.7051, 4819
0.7057, 4818
0.7063, 4817
0.7068, 4816
0.7073, 4815
0.7078, 4814
0.7087, 4813
0.7096, 4812
0.7102, 4811
0.7107, 4810
0.7116, 4809
0.7121, 4808
0.7126, 4807
0.7131, 4806
0.7136, 4805
0.7144, 4804
0.7153, 4803
0.7157, 4802
0.7163, 4801
0.7170, 4800
0.7176, 4799
0.7181, 4798
0.7186, 4797
0.7192, 4796
0.7198, 4795
0.7205, 4794
0.7212, 4793
0.7217, 4792
0.7224, 4791
0.7229, 4790
0.7237, 4789
0.7243, 4788
0.7249, 4787
0.7254, 4786
0.7259, 4785
0.7265, 4784
0.7270, 4783
0.7277, 4782
0.7282, 4781
0.7291, 4780
0.7299, 4779
0.7304, 4778
0.7312, 4777
0.7317, 4776
0.7322, 4775
0.7327, 4774
0.7337, 4773
0.7342, 4772
0.7349, 4771
0.7354, 4770
0.7360, 4769
0.7368, 4768
0.7374, 4767
0.7379, 4766
0.7384, 4765
0.7393, 4764
0.7401, 4763
0.7407, 4762
0.7413, 4761
0.7418, 4760
0.7424, 4759
0.7435, 4758
0.7441, 4757
0.7446, 4756
0.7454, 4755
0.7459, 4754
0.7464, 4753
0.7470, 4752
0.7475, 4751
0.7482, 4750
0.7488, 4749
0.7493, 4748
0.7499, 4747
0.7507, 4746
0.7513, 4745
0.7521, 4744
0.7528, 4743
0.7536, 4742
0.7544, 4741
0.7550, 4740
0.7555, 4739
0.7560, 4738
0.7565, 4737
0.7572, 4736
0.7580, 4735
0.7585, 4734
0.7591, 4733
0.7596, 4732
0.7601, 4731
0.7609, 4730
0.7615, 4729
0.7619, 4728
0.7625, 4727
0.7633, 4726
0.7640, 4725
0.7648, 4724
0.7657, 4723
0.7662, 4722
0.7669, 4721
0.7677, 4720
0.7682, 4719
0.7688, 4718
0.7693, 4717
0.7700, 4716
0.7708, 4715
0.7715, 4714
0.7723, 4713
0.7728, 4712
0.7736, 4711
0.7743, 4710
0.7752, 4709
0.7759, 4708
0.7767, 4707
0.7773, 4706
0.7782, 4705
0.7789, 4704
0.7796, 4703
0.7805, 4702
0.7814, 4701
0.7822, 4700
0.7831, 4699
0.7839, 4698
0.7846, 4697
0.7852, 4696
0.7861, 4695
0.7868, 4694
0.7877, 4693
0.7885, 4692
0.7894, 4691
0.7903, 4690
1.0162, 4689
1.1968, 4688
1.2397, 4687
1.3224, 4686
1.6407, 4685
1.6606, 4684
1.7203, 4683
1.8420, 4682
2.0014, 4681
2.1824, 4680
2.2418, 4679
2.3759, 4678
2.4373, 4677
2.6504, 4676
3.0670, 4675
3.1210, 4674
3.2715, 4673
3.4637, 4672
3.4645, 4671
3.5525, 4670
3.6738, 4669
3.7797, 4668
3.8208, 4667
3.9193, 4666
3.9591, 4665
3.9598, 4664
4.0024, 4663
4.4636, 4662
4.5469, 4661
5.0498, 4660
5.0939, 4659
5.2449, 4658
5.3580, 4657
5.5588, 4656
5.7115, 4655
6.2608, 4654
6.3517, 4653
6.3523, 4652
6.9141, 4651
7.0542, 4650
7.1605, 4649
7.8658, 4648
8.0799, 4647
8.1021, 4646
8.3864, 4645
8.4303, 4644
8.6372, 4643
8.6379, 4642
8.6822, 4641
9.0613, 4640
9.1449, 4639
9.1458, 4638
9.4771, 4637
9.6120, 4636
9.8497, 4635
