0.0000, 5900
0.0006, 5899
0.0013, 5898
0.0018, 5897
0.0028, 5896
0.0036, 5895
0.0043, 5894
0.0049, 5893
0.0057, 5892
0.0062, 5891
0.0071, 5890
0.0076, 5889
0.0081, 5888
0.0086, 5887
0.0096, 5886
0.0105, 5885
0.0111, 5884
0.0123, 5883
0.0130, 5882
0.0141, 5881
0.0146, 5880
0.0156, 5879
0.0165, 5878
0.0174, 5877
0.0179, 5876
0.0184, 5875
0.0190, 5874
0.0196, 5873
0.0207, 5872
0.0212, 5871
0.0218, 5870
0.0223, 5869
0.0230, 5868
0.0235, 5867
0.0240, 5866
0.0246, 5865
0.0255, 5864
0.0262, 5863
0.0268, 5862
0.0274, 5861
0.0280, 5860
0.0286, 5859
0.0291, 5858
0.0296, 5857
0.0301, 5856
0.0308, 5855
0.0313, 5854
0.0318, 5853
0.0323, 5852
0.0333, 5851
0.0342, 5850
0.0347, 5849
0.0353, 5848
0.0359, 5847
0.0365, 5846
0.0370, 5845
0.0378, 5844
0.0383, 5843
0.0388, 5842
0.0393, 5841
0.0400, 5840
0.0407, 5839
0.0412, 5838
0.0417, 5837
0.0424, 5836
0.0430, 5835
0.0436, 5834
0.0441, 5833
0.0449, 5832
0.0454, 5831
0.0460, 5830
0.0468, 5829
0.0473, 5828
0.0478, 5827
0.0484, 5826
0.0493, 5825
0.0498, 5824
0.0504, 5823
0.0513, 5822
0.0518, 5821
0.0524, 5820
0.0529, 5819
0.0534, 5818
0.0540, 5817
0.0549, 5816
0.0555, 5815
0.0565, 5814
0.0574, 5813
0.0581, 5812
0.0587, 5811
0.0596, 5810
0.0603, 5809
0.0609, 5808
0.0615, 5807
0.0621, 5806
0.0629, 5805
0.0634, 5804
0.0639, 5803
0.0644, 5802
0.0650, 5801
0.0655, 5800
0.0663, 5799
0.0668, 5798
0.0675, 5797
0.0680, 5796
0.0687, 5795
0.0692, 5794
0.0699, 5793
0.0704, 5792
0.0709, 5791
0.0715, 5790
0.0720, 5789
0.0725, 5788
0.0731, 5787
0.0736, 5786
0.0749, 5785
0.0759, 5784
0.0768, 5783
0.0773, 5782
0.0778, 5781
0.0783, 5780
0.0790, 5779
0.0798, 5778
0.0804, 5777
0.0812, 5776
0.0819, 5775
0.0825, 5774
0.0832, 5773
0.0843, 5772
0.0849, 5771
0.0860, 5770
0.0867, 5769
0.0872, 5768
0.0880, 5767
0.0886, 5766
0.0892, 5765
0.0901, 5764
0.0906, 5763
0.0912, 5762
0.0917, 5761
0.0923, 5760
0.0932, 5759
0.0937, 5758
0.0942, 5757
0.0948, 5756
0.0953, 5755
0.0958, 5754
0.0966, 5753
0.0973, 5752
0.0978, 5751
0.0983, 5750
0.0988, 5749
0.0997, 5748
0.1002, 5747
0.1007, 5746
0.1016, 5745
0.1027, 5744
0.1032, 5743
0.1037, 5742
0.1043, 5741
0.1053, 5740
0.1058, 5739
0.1064, 5738
0.1070, 5737
0.1075, 5736
0.1080, 5735
0.1086, 5734
0.1091, 5733
0.1097, 5732
0.1102, 5731
0.1108, 5730
0.1114, 5729
0.1119, 5728
0.1124, 5727
0.1130, 5726
0.1136, 5725
0.1143, 5724
0.1150, 5723
0.1160, 5722
0.1167, 5721
0.1172, 5720
0.1179, 5719
0.1187, 5718
0.1197, 5717
0.1206, 5716
0.1215, 5715
0.1225, 5714
0.1231, 5713
0.1237, 5712
0.1243, 5711
0.1248, 5710
0.1254, 5709
0.1262, 5708
0.1270, 5707
0.1276, 5706
0.1281, 5705
0.1286, 5704
0.1292, 5703
0.1297, 5702
0.1302, 5701
0.1309, 5700
0.1319, 5699
0.1324, 5698
0.1329, 5697
0.1335, 5696
0.1345, 5695
0.1353, 5694
0.1359, 5693
0.1364, 5692
0.1370, 5691
0.1375, 5690
0.1380, 5689
0.1387, 5688
0.1393, 5687
0.1398, 5686
0.1407, 5685
0.1413, 5684
0.1419, 5683
0.1425, 5682
0.1430, 5681
0.1436, 5680
0.1443, 5679
0.1448, 5678
0.1454, 5677
0.1460, 5676
0.1466, 5675
0.1471, 5674
0.1476, 5673
0.1482, 5672
0.1488, 5671
0.1493, 5670
0.1500, 5669
0.1505, 5668
0.1512, 5667
0.1518, 5666
0.1524, 5665
0.1529, 5664
0.1536, 5663
0.1542, 5662
0.1552, 5661
0.1557, 5660
0.1566, 5659
0.1572, 5658
0.1584, 5657
0.1594, 5656
0.1603, 5655
0.1610, 5654
0.1617, 5653
0.1623, 5652
0.1629, 5651
0.1635, 5650
0.1640, 5649
0.1646, 5648
0.1653, 5647
0.1659, 5646
0.1664, 5645
0.1672, 5644
0.1677, 5643
0.1683, 5642
0.1688, 5641
0.1695, 5640
0.1703, 5639
0.1712, 5638
0.1718, 5637
0.1723, 5636
0.1730, 5635
0.1740, 5634
0.1746, 5633
0.1757, 5632
0.1765, 5631
0.1771, 5630
0.1781, 5629
0.1789, 5628
0.1795, 5627
0.1806, 5626
0.1815, 5625
0.1821, 5624
0.1830, 5623
0.1836, 5622
0.1842, 5621
0.1850, 5620
0.1856, 5619
0.1866, 5618
0.1871, 5617
0.1877, 5616
0.1883, 5615
0.1890, 5614
0.1899, 5613
0.1905, 5612
0.1910, 5611
0.1916, 5610
0.1924, 5609
0.1931, 5608
0.1937, 5607
0.1943, 5606
0.1948, 5605
0.1954, 5604
0.1960, 5603
0.1965, 5602
0.1971, 5601
0.1976, 5600
0.1981, 5599
0.1987, 5598
0.1992, 5597
0.1997, 5596
0.2003, 5595
0.2011, 5594
0.2017, 5593
0.2026, 5592
0.2032, 5591
0.2040, 5590
0.2048, 5589
0.2056, 5588
0.2062, 5587
0.2068, 5586
0.2074, 5585
0.2081, 5584
0.2091, 5583
0.2097, 5582
0.2104, 5581
0.2110, 5580
0.2116, 5579
0.2123, 5578
0.2129, 5577
0.2139, 5576
0.2146, 5575
0.2151, 5574
0.2159, 5573
0.2165, 5572
0.2170, 5571
0.2178, 5570
0.2186, 5569
0.2192, 5568
0.2201, 5567
0.2207, 5566
0.2213, 5565
0.2219, 5564
0.2227, 5563
0.2238, 5562
0.2245, 5561
0.2250, 5560
0.2256, 5559
0.2262, 5558
0.2268, 5557
0.2277, 5556
0.2283, 5555
0.2289, 5554
0.2295, 5553
0.2303, 5552
0.2309, 5551
0.2316, 5550
0.2322, 5549
0.2328, 5548
0.2334, 5547
0.2341, 5546
0.2347, 5545
0.2352, 5544
0.2357, 5543
0.2363, 5542
0.2369, 5541
0.2376, 5540
0.2381, 5539
0.2386, 5538
0.2392, 5537
0.2398, 5536
0.2403, 5535
0.2410, 5534
0.2419, 5533
0.2424, 5532
0.2430, 5531
0.2435, 5530
0.2441, 5529
0.2448, 5528
0.2453, 5527
0.2459, 5526
0.2467, 5525
0.2473, 5524
0.2481, 5523
0.2490, 5522
0.2500, 5521
0.2509, 5520
0.2516, 5519
0.2523, 5518
0.2529, 5517
0.2535, 5516
0.2541, 5515
0.2549, 5514
0.2555, 5513
0.2561, 5512
0.2567, 5511
0.2573, 5510
0.2578, 5509
0.2585, 5508
0.2591, 5507
0.2598, 5506
0.2603, 5505
0.2609, 5504
0.2614, 5503
0.2624, 5502
0.2629, 5501
0.2635, 5500
0.2641, 5499
0.2650, 5498
0.2657, 5497
0.2663, 5496
0.2669, 5495
0.2675, 5494
0.2682, 5493
0.2688, 5492
0.2693, 5491
0.2703, 5490
0.2711, 5489
0.2717, 5488
0.2722, 5487
0.2728, 5486
0.2733, 5485
0.2742, 5484
0.2748, 5483
0.2753, 5482
0.2763, 5481
0.2769, 5480
0.2774, 5479
0.2779, 5478
0.2785, 5477
0.2791, 5476
0.2797, 5475
0.2802, 5474
0.2810, 5473
0.2816, 5472
0.2822, 5471
0.2829, 5470
0.2835, 5469
0.2841, 5468
0.2847, 5467
0.2852, 5466
0.2862, 5465
0.2868, 5464
0.2874, 5463
0.2879, 5462
0.2886, 5461
0.2892, 5460
0.2898, 5459
0.2904, 5458
0.2910, 5457
0.2916, 5456
0.2925, 5455
0.2932, 5454
0.2938, 5453
0.2944, 5452
0.2949, 5451
0.2957, 5450
0.2962, 5449
0.2969, 5448
0.2975, 5447
0.2981, 5446
0.2986, 5445
0.2992, 5444
0.3002, 5443
0.3008, 5442
0.3014, 5441
0.3019, 5440
0.3026, 5439
0.3032, 5438
0.3041, 5437
0.3048, 5436
0.3054, 5435
0.3060, 5434
0.3066, 5433
0.3072, 5432
0.3082, 5431
0.3088, 5430
0.3094, 5429
0.3100, 5428
0.3106, 5427
0.3113, 5426
0.3122, 5425
0.3129, 5424
0.3135, 5423
0.3143, 5422
0.3150, 5421
0.3156, 5420
0.3166, 5419
0.3172, 5418
0.3177, 5417
0.3187, 5416
0.3193, 5415
0.3200, 5414
0.3206, 5413
0.3211, 5412
0.3218, 5411
0.3223, 5410
0.3229, 5409
0.3234, 5408
0.3240, 5407
0.3247, 5406
0.3255, 5405
0.3264, 5404
0.3271, 5403
0.3280, 5402
0.3285, 5401
0.3291, 5400
0.3298, 5399
0.3307, 5398
0.3314, 5397
0.3320, 5396
0.3327, 5395
0.3335, 5394
0.3343, 5393
0.3349, 5392
0.3357, 5391
0.3362, 5390
0.3367, 5389
0.3373, 5388
0.3380, 5387
0.3385, 5386
0.3394, 5385
0.3399, 5384
0.3406, 5383
0.3413, 5382
0.3420, 5381
0.3426, 5380
0.3431, 5379
0.3437, 5378
0.3445, 5377
0.3452, 5376
0.3458, 5375
0.3464, 5374
0.3471, 5373
0.3477, 5372
0.3482, 5371
0.3489, 5370
0.3496, 5369
0.3503, 5368
0.3511, 5367
0.3516, 5366
0.3524, 5365
0.3530, 5364
0.3537, 5363
0.3548, 5362
0.3554, 5361
0.3561, 5360
0.3568, 5359
0.3575, 5358
0.3582, 5357
0.3592, 5356
0.3598, 5355
0.3605, 5354
0.3611, 5353
0.3618, 5352
0.3623, 5351
0.3631, 5350
0.3638, 5349
0.3643, 5348
0.3649, 5347
0.3655, 5346
0.3664, 5345
0.3672, 5344
0.3678, 5343
0.3685, 5342
0.3691, 5341
0.3697, 5340
0.3703, 5339
0.3708, 5338
0.3714, 5337
0.3720, 5336
0.3726, 5335
0.3732, 5334
0.3739, 5333
0.3748, 5332
0.3758, 5331
0.3764, 5330
0.3770, 5329
0.3776, 5328
0.3782, 5327
0.3789, 5326
0.3795, 5325
0.3800, 5324
0.3806, 5323
0.3817, 5322
0.3826, 5321
0.3836, 5320
0.3844, 5319
0.3850, 5318
0.3855, 5317
0.3861, 5316
0.3869, 5315
0.3876, 5314
0.3883, 5313
0.3889, 5312
0.3897, 5311
0.3905, 5310
0.3910, 5309
0.3917, 5308
0.3926, 5307
0.3933, 5306
0.3939, 5305
0.3945, 5304
0.3952, 5303
0.3958, 5302
0.3964, 5301
0.3970, 5300
0.3977, 5299
0.3983, 5298
0.3989, 5297
0.3995, 5296
0.4002, 5295
0.4009, 5294
0.4014, 5293
0.4020, 5292
0.4028, 5291
0.4035, 5290
0.4042, 5289
0.4050, 5288
0.4056, 5287
0.4061, 5286
0.4068, 5285
0.4073, 5284
0.4080, 5283
0.4086, 5282
0.4091, 5281
0.4097, 5280
0.4103, 5279
0.4108, 5278
0.4114, 5277
0.4121, 5276
0.4128, 5275
0.4135, 5274
0.4144, 5273
0.4150, 5272
0.4155, 5271
0.4160, 5270
0.4167, 5269
0.4174, 5268
0.4180, 5267
0.4185, 5266
0.4191, 5265
0.4199, 5264
0.4205, 5263
0.4212, 5262
0.4218, 5261
0.4224, 5260
0.4232, 5259
0.4237, 5258
0.4244, 5257
0.4251, 5256
0.4258, 5255
0.4265, 5254
0.4274, 5253
0.4282, 5252
0.4289, 5251
0.4300, 5250
0.4305, 5249
0.4311, 5248
0.4317, 5247
0.4324, 5246
0.4330, 5245
0.4336, 5244
0.4343, 5243
0.4348, 5242
0.4354, 5241
0.4360, 5240
0.4366, 5239
0.4371, 5238
0.4377, 5237
0.4386, 5236
0.4391, 5235
0.4397, 5234
0.4403, 5233
0.4409, 5232
0.4416, 5231
0.4422, 5230
0.4428, 5229
0.4434, 5228
0.4441, 5227
0.4450, 5226
0.4456, 5225
0.4462, 5224
0.4472, 5223
0.4480, 5222
0.4487, 5221
0.4495, 5220
0.4502, 5219
0.4507, 5218
0.4513, 5217
0.4519, 5216
0.4526, 5215
0.4533, 5214
0.4539, 5213
0.4547, 5212
0.4554, 5211
0.4561, 5210
0.4570, 5209
0.4576, 5208
0.4582, 5207
0.4591, 5206
0.4598, 5205
0.4605, 5204
0.4613, 5203
0.4620, 5202
0.4626, 5201
0.4633, 5200
0.4640, 5199
0.4647, 5198
0.4655, 5197
0.4661, 5196
0.4667, 5195
0.4676, 5194
0.4681, 5193
0.4687, 5192
0.4693, 5191
0.4698, 5190
0.4705, 5189
0.4711, 5188
0.4716, 5187
0.4722, 5186
0.4728, 5185
0.4734, 5184
0.4740, 5183
0.4748, 5182
0.4754, 5181
0.4762, 5180
0.4771, 5179
0.4777, 5178
0.4786, 5177
0.4793, 5176
0.4799, 5175
0.4808, 5174
0.4815, 5173
0.4823, 5172
0.4828, 5171
0.4835, 5170
0.4840, 5169
0.4848, 5168
0.4854, 5167
0.4860, 5166
0.4867, 5165
0.4875, 5164
0.4881, 5163
0.4888, 5162
0.4895, 5161
0.4905, 5160
0.4913, 5159
0.4920, 5158
0.4927, 5157
0.4933, 5156
0.4938, 5155
0.4945, 5154
0.4952, 5153
0.4960, 5152
0.4967, 5151
0.4973, 5150
0.4980, 5149
0.4986, 5148
0.4992, 5147
0.4997, 5146
0.5002, 5145
0.5007, 5144
0.5014, 5143
0.5020, 5142
0.5025, 5141
0.5031, 5140
0.5037, 5139
0.5043, 5138
0.5049, 5137
0.5057, 5136
0.5063, 5135
0.5070, 5134
0.5076, 5133
0.5082, 5132
0.5087, 5131
0.5094, 5130
0.5101, 5129
0.5108, 5128
0.5114, 5127
0.5122, 5126
0.5129, 5125
0.5135, 5124
0.5141, 5123
0.5147, 5122
0.5153, 5121
0.5161, 5120
0.5166, 5119
0.5171, 5118
0.5177, 5117
0.5182, 5116
0.5187, 5115
0.5194, 5114
0.5203, 5113
0.5210, 5112
0.5218, 5111
0.5226, 5110
0.5232, 5109
0.5237, 5108
0.5243, 5107
0.5248, 5106
0.5255, 5105
0.5261, 5104
0.5268, 5103
0.5275, 5102
0.5281, 5101
0.5290, 5100
0.5297, 5099
0.5304, 5098
0.5312, 5097
0.5317, 5096
0.5324, 5095
0.5330, 5094
0.5335, 5093
0.5342, 5092
0.5348, 5091
0.5355, 5090
0.5360, 5089
0.5367, 5088
0.5375, 5087
0.5384, 5086
0.5390, 5085
0.5395, 5084
0.5401, 5083
0.5409, 5082
0.5415, 5081
0.5420, 5080
0.5427, 5079
0.5433, 5078
0.5438, 5077
0.5445, 5076
0.5451, 5075
0.5459, 5074
0.5466, 5073
0.5473, 5072
0.5479, 5071
0.5484, 5070
0.5489, 5069
0.5497, 5068
0.5507, 5067
0.5513, 5066
0.5521, 5065
0.5528, 5064
0.5538, 5063
0.5544, 5062
0.5551, 5061
0.5556, 5060
0.5564, 5059
0.5570, 5058
0.5575, 5057
0.5581, 5056
0.5587, 5055
0.5593, 5054
0.5600, 5053
0.5607, 5052
0.5613, 5051
0.5618, 5050
0.5624, 5049
0.5630, 5048
0.5638, 5047
0.5644, 5046
0.5654, 5045
0.5660, 5044
0.5666, 5043
0.5673, 5042
0.5678, 5041
0.5687, 5040
0.5693, 5039
0.5700, 5038
0.5708, 5037
0.5714, 5036
0.5718, 5035
0.5726, 5034
0.5734, 5033
0.5740, 5032
0.5746, 5031
0.5756, 5030
0.5762, 5029
0.5771, 5028
0.5777, 5027
0.5783, 5026
0.5789, 5025
0.5795, 5024
0.5802, 5023
0.5807, 5022
0.5814, 5021
0.5821, 5020
0.5831, 5019
0.5840, 5018
0.5846, 5017
0.5851, 5016
0.5857, 5015
0.5866, 5014
0.5873, 5013
0.5880, 5012
0.5887, 5011
0.5894, 5010
0.5900, 5009
0.5907, 5008
0.5912, 5007
0.5919, 5006
0.5928, 5005
0.5933, 5004
0.5941, 5003
0.5947, 5002
0.5952, 5001
0.5962, 5000
0.5968, 4999
0.5976, 4998
0.5982, 4997
0.5988, 4996
0.5994, 4995
0.5999, 4994
0.6005, 4993
0.6012, 4992
0.6018, 4991
0.6025, 4990
0.6032, 4989
0.6042, 4988
0.6049, 4987
0.6055, 4986
0.6061, 4985
0.6067, 4984
0.6074, 4983
0.6080, 4982
0.6087, 4981
0.6095, 4980
0.6104, 4979
0.6109, 4978
0.6115, 4977
0.6122, 4976
0.6131, 4975
0.6140, 4974
0.6146, 4973
0.6152, 4972
0.6159, 4971
0.6166, 4970
0.6171, 4969
0.6179, 4968
0.6186, 4967
0.6192, 4966
0.6199, 4965
0.6205, 4964
0.6210, 4963
0.6216, 4962
0.6223, 4961
0.6231, 4960
0.6236, 4959
0.6241, 4958
0.6246, 4957
0.6252, 4956
0.6260, 4955
0.6265, 4954
0.6270, 4953
0.6276, 4952
0.6284, 4951
0.6293, 4950
0.6301, 4949
0.6312, 4948
0.6318, 4947
0.6324, 4946
0.6332, 4945
0.6337, 4944
0.6343, 4943
0.6348, 4942
0.6354, 4941
0.6359, 4940
0.6364, 4939
0.6371, 4938
0.6376, 4937
0.6383, 4936
0.6389, 4935
0.6398, 4934
0.6406, 4933
0.6412, 4932
0.6418, 4931
0.6424, 4930
0.6430, 4929
0.6437, 4928
0.6442, 4927
0.6449, 4926
0.6456, 4925
0.6462, 4924
0.6468, 4923
0.6475, 4922
0.6482, 4921
0.6488, 4920
0.6495, 4919
0.6504, 4918
0.6512, 4917
0.6518, 4916
0.6526, 4915
0.6532, 4914
0.6538, 4913
0.6543, 4912
0.6548, 4911
0.6554, 4910
0.6559, 4909
0.6568, 4908
0.6573, 4907
0.6579, 4906
0.6585, 4905
0.6590, 4904
0.6596, 4903
0.6602, 4902
0.6609, 4901
0.6614, 4900
0.6623, 4899
0.6630, 4898
0.6635, 4897
0.6641, 4896
0.6646, 4895
0.6653, 4894
0.6659, 4893
0.6664, 4892
0.6672, 4891
0.6680, 4890
0.6687, 4889
0.6692, 4888
0.6697, 4887
0.6703, 4886
0.6709, 4885
0.6714, 4884
0.6720, 4883
0.6725, 4882
0.6731, 4881
0.6737, 4880
0.6743, 4879
0.6751, 4878
0.6757, 4877
0.6762, 4876
0.6769, 4875
0.6775, 4874
0.6780, 4873
0.6787, 4872
0.6794, 4871
0.6802, 4870
0.6809, 4869
0.6817, 4868
0.6823, 4867
0.6828, 4866
0.6833, 4865
0.6842, 4864
0.6850, 4863
0.6856, 4862
0.6861, 4861
0.6869, 4860
0.6876, 4859
0.6884, 4858
0.6890, 4857
0.6897, 4856
0.6905, 4855
0.6911, 4854
0.6922, 4853
0.6927, 4852
0.6933, 4851
0.6939, 4850
0.6947, 4849
0.6954, 4848
0.6960, 4847
0.6966, 4846
0.6971, 4845
0.6978, 4844
0.6983, 4843
0.6988, 4842
0.6993, 4841
0.7000, 4840
0.7007, 4839
0.7016, 4838
0.7023, 4837
0.7030, 4836
0.7035, 4835
0.7040, 4834
0.7046, 4833
0.7052, 4832
0.7058, 4831
0.7067, 4830
0.7073, 4829
0.7079, 4828
0.7085, 4827
0.7095, 4826
0.7103, 4825
0.7108, 4824
0.7116, 4823
0.7121, 4822
0.7127, 4821
0.7133, 4820
0.7138, 4819
0.7144, 4818
0.7150, 4817
0.7155, 4816
0.7160, 4815
0.7166, 4814
0.7175, 4813
0.7183, 4812
0.7190, 4811
0.7195, 4810
0.7204, 4809
0.7209, 4808
0.7214, 4807
0.7219, 4806
0.7225, 4805
0.7233, 4804
0.7242, 4803
0.7247, 4802
0.7253, 4801
0.7260, 4800
0.7266, 4799
0.7272, 4798
0.7276, 4797
0.7282, 4796
0.7289, 4795
0.7295, 4794
0.7302, 4793
0.7307, 4792
0.7315, 4791
0.7320, 4790
0.7328, 4789
0.7334, 4788
0.7340, 4787
0.7345, 4786
0.7351, 4785
0.7356, 4784
0.7361, 4783
0.7368, 4782
0.7373, 4781
0.7382, 4780
0.7390, 4779
0.7395, 4778
0.7403, 4777
0.7408, 4776
0.7413, 4775
0.7418, 4774
0.7428, 4773
0.7434, 4772
0.7441, 4771
0.7446, 4770
0.7452, 4769
0.7461, 4768
0.7467, 4767
0.7472, 4766
0.7477, 4765
0.7486, 4764
0.7495, 4763
0.7501, 4762
0.7507, 4761
0.7512, 4760
0.7518, 4759
0.7529, 4758
0.7536, 4757
0.7541, 4756
0.7550, 4755
0.7555, 4754
0.7560, 4753
0.7566, 4752
0.7571, 4751
0.7579, 4750
0.7584, 4749
0.7590, 4748
0.7596, 4747
0.7605, 4746
0.7610, 4745
0.7618, 4744
0.7625, 4743
0.7634, 4742
0.7641, 4741
0.7647, 4740
0.7652, 4739
0.7657, 4738
0.7662, 4737
0.7669, 4736
0.7677, 4735
0.7682, 4734
0.7688, 4733
0.7693, 4732
0.7698, 4731
0.7706, 4730
0.7711, 4729
0.7716, 4728
0.7721, 4727
0.7730, 4726
0.7737, 4725
0.7745, 4724
0.7754, 4723
0.7758, 4722
0.7766, 4721
0.7774, 4720
0.7779, 4719
0.7785, 4718
0.7790, 4717
0.7797, 4716
0.7805, 4715
0.7813, 4714
0.7821, 4713
0.7826, 4712
0.7834, 4711
0.7841, 4710
0.7851, 4709
0.7858, 4708
0.7866, 4707
0.7872, 4706
0.7880, 4705
0.7886, 4704
0.7894, 4703
0.7902, 4702
0.7912, 4701
0.7920, 4700
0.7929, 4699
0.7937, 4698
0.7944, 4697
0.7951, 4696
0.7959, 4695
0.7967, 4694
0.7976, 4693
0.7984, 4692
0.7993, 4691
0.8002, 4690
1.0077, 4689
1.2296, 4688
1.2506, 4687
1.3320, 4686
1.6346, 4685
1.6738, 4684
1.7760, 4683
1.8564, 4682
1.9978, 4681
2.2016, 4680
2.2640, 4679
2.4038, 4678
2.4442, 4677
2.6271, 4676
2.9271, 4675
2.9280, 4674
3.0697, 4673
3.2798, 4672
3.2802, 4671
3.2809, 4670
3.4219, 4669
3.4810, 4668
3.5399, 4667
3.6623, 4666
3.7411, 4665
3.7417, 4664
3.7424, 4663
4.2276, 4662
4.2917, 4661
4.8059, 4660
4.8492, 4659
4.9745, 4658
5.0616, 4657
5.2882, 4656
5.5398, 4655
5.9476, 4654
5.9899, 4653
5.9904, 4652
6.5623, 4651
6.7209, 4650
6.9983, 4649
7.5358, 4648
7.6353, 4647
7.7378, 4646
8.1647, 4645
8.1653, 4644
8.2340, 4643
8.2390, 4642
8.3195, 4641
8.8142, 4640
8.9585, 4639
9.0029, 4638
9.2558, 4637
9.4644, 4636
9.7554, 4635
9.8870, 4634
9.9314, 4633
