0.0000, 5900
0.0005, 5899
0.0012, 5898
0.0018, 5897
0.0028, 5896
0.0035, 5895
0.0042, 5894
0.0049, 5893
0.0057, 5892
0.0062, 5891
0.0071, 5890
0.0076, 5889
0.0082, 5888
0.0087, 5887
0.0097, 5886
0.0107, 5885
0.0113, 5884
0.0126, 5883
0.0133, 5882
0.0145, 5881
0.0151, 5880
0.0161, 5879
0.0169, 5878
0.0179, 5877
0.0184, 5876
0.0189, 5875
0.0194, 5874
0.0200, 5873
0.0211, 5872
0.0216, 5871
0.0221, 5870
0.0226, 5869
0.0233, 5868
0.0239, 5867
0.0244, 5866
0.0249, 5865
0.0258, 5864
0.0266, 5863
0.0272, 5862
0.0277, 5861
0.0283, 5860
0.0290, 5859
0.0295, 5858
0.0300, 5857
0.0306, 5856
0.0312, 5855
0.0318, 5854
0.0323, 5853
0.0328, 5852
0.0338, 5851
0.0347, 5850
0.0352, 5849
0.0357, 5848
0.0364, 5847
0.0369, 5846
0.0374, 5845
0.0382, 5844
0.0387, 5843
0.0392, 5842
0.0397, 5841
0.0405, 5840
0.0412, 5839
0.0417, 5838
0.0422, 5837
0.0429, 5836
0.0435, 5835
0.0441, 5834
0.0446, 5833
0.0453, 5832
0.0459, 5831
0.0464, 5830
0.0472, 5829
0.0477, 5828
0.0482, 5827
0.0488, 5826
0.0497, 5825
0.0502, 5824
0.0508, 5823
0.0516, 5822
0.0521, 5821
0.0526, 5820
0.0531, 5819
0.0537, 5818
0.0542, 5817
0.0550, 5816
0.0556, 5815
0.0566, 5814
0.0575, 5813
0.0582, 5812
0.0588, 5811
0.0598, 5810
0.0604, 5809
0.0610, 5808
0.0617, 5807
0.0622, 5806
0.0630, 5805
0.0635, 5804
0.0641, 5803
0.0646, 5802
0.0651, 5801
0.0656, 5800
0.0665, 5799
0.0670, 5798
0.0676, 5797
0.0682, 5796
0.0689, 5795
0.0694, 5794
0.0701, 5793
0.0706, 5792
0.0711, 5791
0.0717, 5790
0.0722, 5789
0.0727, 5788
0.0734, 5787
0.0739, 5786
0.0752, 5785
0.0762, 5784
0.0770, 5783
0.0775, 5782
0.0780, 5781
0.0786, 5780
0.0792, 5779
0.0800, 5778
0.0806, 5777
0.0814, 5776
0.0821, 5775
0.0827, 5774
0.0833, 5773
0.0844, 5772
0.0850, 5771
0.0862, 5770
0.0868, 5769
0.0873, 5768
0.0881, 5767
0.0886, 5766
0.0893, 5765
0.0900, 5764
0.0906, 5763
0.0911, 5762
0.0917, 5761
0.0922, 5760
0.0931, 5759
0.0937, 5758
0.0942, 5757
0.0947, 5756
0.0952, 5755
0.0957, 5754
0.0965, 5753
0.0972, 5752
0.0977, 5751
0.0983, 5750
0.0988, 5749
0.0996, 5748
0.1002, 5747
0.1007, 5746
0.1016, 5745
0.1027, 5744
0.1032, 5743
0.1037, 5742
0.1043, 5741
0.1053, 5740
0.1059, 5739
0.1064, 5738
0.1070, 5737
0.1075, 5736
0.1081, 5735
0.1086, 5734
0.1092, 5733
0.1098, 5732
0.1103, 5731
0.1109, 5730
0.1114, 5729
0.1120, 5728
0.1125, 5727
0.1130, 5726
0.1136, 5725
0.1143, 5724
0.1149, 5723
0.1160, 5722
0.1166, 5721
0.1172, 5720
0.1179, 5719
0.1186, 5718
0.1196, 5717
0.1204, 5716
0.1213, 5715
0.1223, 5714
0.1229, 5713
0.1235, 5712
0.1240, 5711
0.1246, 5710
0.1251, 5709
0.1259, 5708
0.1267, 5707
0.1273, 5706
0.1278, 5705
0.1283, 5704
0.1289, 5703
0.1294, 5702
0.1300, 5701
0.1306, 5700
0.1316, 5699
0.1321, 5698
0.1327, 5697
0.1332, 5696
0.1343, 5695
0.1350, 5694
0.1356, 5693
0.1362, 5692
0.1367, 5691
0.1373, 5690
0.1378, 5689
0.1384, 5688
0.1390, 5687
0.1396, 5686
0.1405, 5685
0.1411, 5684
0.1417, 5683
0.1422, 5682
0.1428, 5681
0.1434, 5680
0.1440, 5679
0.1446, 5678
0.1452, 5677
0.1458, 5676
0.1463, 5675
0.1469, 5674
0.1474, 5673
0.1480, 5672
0.1485, 5671
0.1491, 5670
0.1497, 5669
0.1503, 5668
0.1509, 5667
0.1514, 5666
0.1520, 5665
0.1525, 5664
0.1531, 5663
0.1537, 5662
0.1546, 5661
0.1552, 5660
0.1561, 5659
0.1567, 5658
0.1578, 5657
0.1588, 5656
0.1596, 5655
0.1603, 5654
0.1611, 5653
0.1617, 5652
0.1623, 5651
0.1628, 5650
0.1634, 5649
0.1639, 5648
0.1647, 5647
0.1652, 5646
0.1658, 5645
0.1665, 5644
0.1671, 5643
0.1677, 5642
0.1682, 5641
0.1689, 5640
0.1697, 5639
0.1706, 5638
0.1712, 5637
0.1717, 5636
0.1724, 5635
0.1734, 5634
0.1741, 5633
0.1751, 5632
0.1759, 5631
0.1765, 5630
0.1775, 5629
0.1783, 5628
0.1789, 5627
0.1800, 5626
0.1808, 5625
0.1815, 5624
0.1823, 5623
0.1829, 5622
0.1835, 5621
0.1842, 5620
0.1848, 5619
0.1858, 5618
0.1864, 5617
0.1869, 5616
0.1875, 5615
0.1881, 5614
0.1891, 5613
0.1896, 5612
0.1901, 5611
0.1907, 5610
0.1915, 5609
0.1921, 5608
0.1927, 5607
0.1932, 5606
0.1938, 5605
0.1944, 5604
0.1950, 5603
0.1955, 5602
0.1961, 5601
0.1966, 5600
0.1971, 5599
0.1977, 5598
0.1982, 5597
0.1987, 5596
0.1993, 5595
0.2001, 5594
0.2007, 5593
0.2016, 5592
0.2022, 5591
0.2030, 5590
0.2038, 5589
0.2046, 5588
0.2052, 5587
0.2059, 5586
0.2064, 5585
0.2071, 5584
0.2081, 5583
0.2087, 5582
0.2093, 5581
0.2099, 5580
0.2105, 5579
0.2112, 5578
0.2118, 5577
0.2128, 5576
0.2134, 5575
0.2140, 5574
0.2147, 5573
0.2153, 5572
0.2158, 5571
0.2165, 5570
0.2174, 5569
0.2180, 5568
0.2189, 5567
0.2195, 5566
0.2200, 5565
0.2206, 5564
0.2213, 5563
0.2224, 5562
0.2231, 5561
0.2236, 5560
0.2242, 5559
0.2248, 5558
0.2253, 5557
0.2263, 5556
0.2269, 5555
0.2274, 5554
0.2281, 5553
0.2289, 5552
0.2295, 5551
0.2301, 5550
0.2308, 5549
0.2314, 5548
0.2320, 5547
0.2327, 5546
0.2333, 5545
0.2338, 5544
0.2343, 5543
0.2349, 5542
0.2355, 5541
0.2362, 5540
0.2367, 5539
0.2372, 5538
0.2378, 5537
0.2384, 5536
0.2389, 5535
0.2396, 5534
0.2404, 5533
0.2410, 5532
0.2415, 5531
0.2421, 5530
0.2427, 5529
0.2432, 5528
0.2438, 5527
0.2443, 5526
0.2451, 5525
0.2457, 5524
0.2464, 5523
0.2473, 5522
0.2483, 5521
0.2492, 5520
0.2498, 5519
0.2505, 5518
0.2510, 5517
0.2517, 5516
0.2523, 5515
0.2531, 5514
0.2537, 5513
0.2543, 5512
0.2548, 5511
0.2554, 5510
0.2559, 5509
0.2566, 5508
0.2571, 5507
0.2579, 5506
0.2584, 5505
0.2590, 5504
0.2596, 5503
0.2605, 5502
0.2611, 5501
0.2617, 5500
0.2623, 5499
0.2632, 5498
0.2639, 5497
0.2646, 5496
0.2651, 5495
0.2658, 5494
0.2664, 5493
0.2670, 5492
0.2676, 5491
0.2686, 5490
0.2694, 5489
0.2700, 5488
0.2705, 5487
0.2710, 5486
0.2715, 5485
0.2725, 5484
0.2731, 5483
0.2736, 5482
0.2746, 5481
0.2752, 5480
0.2757, 5479
0.2762, 5478
0.2768, 5477
0.2774, 5476
0.2780, 5475
0.2785, 5474
0.2793, 5473
0.2799, 5472
0.2805, 5471
0.2811, 5470
0.2817, 5469
0.2823, 5468
0.2829, 5467
0.2834, 5466
0.2844, 5465
0.2850, 5464
0.2855, 5463
0.2861, 5462
0.2867, 5461
0.2873, 5460
0.2879, 5459
0.2885, 5458
0.2890, 5457
0.2896, 5456
0.2905, 5455
0.2912, 5454
0.2918, 5453
0.2925, 5452
0.2930, 5451
0.2938, 5450
0.2943, 5449
0.2950, 5448
0.2956, 5447
0.2962, 5446
0.2967, 5445
0.2973, 5444
0.2983, 5443
0.2989, 5442
0.2995, 5441
0.3000, 5440
0.3006, 5439
0.3013, 5438
0.3022, 5437
0.3029, 5436
0.3035, 5435
0.3042, 5434
0.3047, 5433
0.3053, 5432
0.3063, 5431
0.3069, 5430
0.3074, 5429
0.3080, 5428
0.3086, 5427
0.3093, 5426
0.3102, 5425
0.3108, 5424
0.3114, 5423
0.3121, 5422
0.3128, 5421
0.3135, 5420
0.3144, 5419
0.3150, 5418
0.3155, 5417
0.3165, 5416
0.3171, 5415
0.3178, 5414
0.3183, 5413
0.3189, 5412
0.3195, 5411
0.3200, 5410
0.3206, 5409
0.3211, 5408
0.3216, 5407
0.3223, 5406
0.3231, 5405
0.3239, 5404
0.3246, 5403
0.3254, 5402
0.3260, 5401
0.3265, 5400
0.3272, 5399
0.3281, 5398
0.3288, 5397
0.3294, 5396
0.3301, 5395
0.3309, 5394
0.3317, 5393
0.3323, 5392
0.3331, 5391
0.3336, 5390
0.3341, 5389
0.3348, 5388
0.3354, 5387
0.3359, 5386
0.3368, 5385
0.3373, 5384
0.3380, 5383
0.3387, 5382
0.3394, 5381
0.3401, 5380
0.3406, 5379
0.3412, 5378
0.3419, 5377
0.3426, 5376
0.3432, 5375
0.3438, 5374
0.3445, 5373
0.3451, 5372
0.3456, 5371
0.3463, 5370
0.3470, 5369
0.3477, 5368
0.3484, 5367
0.3490, 5366
0.3497, 5365
0.3504, 5364
0.3510, 5363
0.3521, 5362
0.3527, 5361
0.3534, 5360
0.3541, 5359
0.3547, 5358
0.3554, 5357
0.3564, 5356
0.3570, 5355
0.3577, 5354
0.3583, 5353
0.3590, 5352
0.3596, 5351
0.3605, 5350
0.3612, 5349
0.3617, 5348
0.3623, 5347
0.3629, 5346
0.3638, 5345
0.3646, 5344
0.3652, 5343
0.3659, 5342
0.3665, 5341
0.3671, 5340
0.3677, 5339
0.3682, 5338
0.3688, 5337
0.3694, 5336
0.3700, 5335
0.3706, 5334
0.3714, 5333
0.3722, 5332
0.3732, 5331
0.3738, 5330
0.3744, 5329
0.3749, 5328
0.3756, 5327
0.3762, 5326
0.3768, 5325
0.3773, 5324
0.3779, 5323
0.3789, 5322
0.3799, 5321
0.3808, 5320
0.3816, 5319
0.3822, 5318
0.3827, 5317
0.3833, 5316
0.3841, 5315
0.3848, 5314
0.3854, 5313
0.3860, 5312
0.3869, 5311
0.3876, 5310
0.3881, 5309
0.3887, 5308
0.3896, 5307
0.3903, 5306
0.3909, 5305
0.3915, 5304
0.3921, 5303
0.3927, 5302
0.3933, 5301
0.3939, 5300
0.3945, 5299
0.3951, 5298
0.3957, 5297
0.3962, 5296
0.3970, 5295
0.3977, 5294
0.3982, 5293
0.3988, 5292
0.3996, 5291
0.4002, 5290
0.4009, 5289
0.4018, 5288
0.4024, 5287
0.4029, 5286
0.4036, 5285
0.4041, 5284
0.4048, 5283
0.4054, 5282
0.4059, 5281
0.4065, 5280
0.4071, 5279
0.4076, 5278
0.4082, 5277
0.4088, 5276
0.4095, 5275
0.4102, 5274
0.4110, 5273
0.4116, 5272
0.4121, 5271
0.4127, 5270
0.4134, 5269
0.4140, 5268
0.4145, 5267
0.4151, 5266
0.4157, 5265
0.4164, 5264
0.4171, 5263
0.4177, 5262
0.4183, 5261
0.4188, 5260
0.4196, 5259
0.4202, 5258
0.4208, 5257
0.4215, 5256
0.4222, 5255
0.4228, 5254
0.4238, 5253
0.4246, 5252
0.4253, 5251
0.4263, 5250
0.4269, 5249
0.4274, 5248
0.4281, 5247
0.4288, 5246
0.4294, 5245
0.4300, 5244
0.4307, 5243
0.4312, 5242
0.4317, 5241
0.4324, 5240
0.4330, 5239
0.4335, 5238
0.4341, 5237
0.4350, 5236
0.4355, 5235
0.4361, 5234
0.4368, 5233
0.4373, 5232
0.4380, 5231
0.4386, 5230
0.4391, 5229
0.4397, 5228
0.4404, 5227
0.4412, 5226
0.4417, 5225
0.4423, 5224
0.4433, 5223
0.4441, 5222
0.4448, 5221
0.4456, 5220
0.4463, 5219
0.4468, 5218
0.4474, 5217
0.4480, 5216
0.4487, 5215
0.4494, 5214
0.4500, 5213
0.4507, 5212
0.4515, 5211
0.4522, 5210
0.4530, 5209
0.4536, 5208
0.4543, 5207
0.4551, 5206
0.4559, 5205
0.4565, 5204
0.4573, 5203
0.4579, 5202
0.4586, 5201
0.4592, 5200
0.4600, 5199
0.4606, 5198
0.4613, 5197
0.4620, 5196
0.4626, 5195
0.4635, 5194
0.4640, 5193
0.4646, 5192
0.4652, 5191
0.4657, 5190
0.4665, 5189
0.4670, 5188
0.4675, 5187
0.4681, 5186
0.4687, 5185
0.4693, 5184
0.4699, 5183
0.4707, 5182
0.4714, 5181
0.4722, 5180
0.4731, 5179
0.4736, 5178
0.4745, 5177
0.4752, 5176
0.4758, 5175
0.4766, 5174
0.4773, 5173
0.4781, 5172
0.4787, 5171
0.4793, 5170
0.4798, 5169
0.4806, 5168
0.4812, 5167
0.4817, 5166
0.4824, 5165
0.4832, 5164
0.4838, 5163
0.4845, 5162
0.4851, 5161
0.4861, 5160
0.4869, 5159
0.4876, 5158
0.4882, 5157
0.4888, 5156
0.4894, 5155
0.4901, 5154
0.4907, 5153
0.4916, 5152
0.4923, 5151
0.4928, 5150
0.4935, 5149
0.4941, 5148
0.4948, 5147
0.4953, 5146
0.4958, 5145
0.4963, 5144
0.4970, 5143
0.4976, 5142
0.4981, 5141
0.4986, 5140
0.4992, 5139
0.4998, 5138
0.5005, 5137
0.5013, 5136
0.5019, 5135
0.5026, 5134
0.5032, 5133
0.5038, 5132
0.5043, 5131
0.5050, 5130
0.5057, 5129
0.5064, 5128
0.5070, 5127
0.5078, 5126
0.5085, 5125
0.5091, 5124
0.5096, 5123
0.5102, 5122
0.5107, 5121
0.5115, 5120
0.5120, 5119
0.5126, 5118
0.5131, 5117
0.5136, 5116
0.5141, 5115
0.5147, 5114
0.5156, 5113
0.5163, 5112
0.5170, 5111
0.5178, 5110
0.5184, 5109
0.5189, 5108
0.5194, 5107
0.5199, 5106
0.5206, 5105
0.5212, 5104
0.5219, 5103
0.5226, 5102
0.5232, 5101
0.5242, 5100
0.5248, 5099
0.5256, 5098
0.5264, 5097
0.5269, 5096
0.5277, 5095
0.5283, 5094
0.5288, 5093
0.5295, 5092
0.5301, 5091
0.5308, 5090
0.5313, 5089
0.5320, 5088
0.5327, 5087
0.5336, 5086
0.5342, 5085
0.5348, 5084
0.5354, 5083
0.5361, 5082
0.5368, 5081
0.5373, 5080
0.5380, 5079
0.5386, 5078
0.5391, 5077
0.5398, 5076
0.5403, 5075
0.5411, 5074
0.5419, 5073
0.5426, 5072
0.5433, 5071
0.5438, 5070
0.5443, 5069
0.5451, 5068
0.5461, 5067
0.5467, 5066
0.5474, 5065
0.5481, 5064
0.5492, 5063
0.5498, 5062
0.5505, 5061
0.5510, 5060
0.5518, 5059
0.5524, 5058
0.5529, 5057
0.5535, 5056
0.5540, 5055
0.5547, 5054
0.5554, 5053
0.5561, 5052
0.5567, 5051
0.5572, 5050
0.5578, 5049
0.5584, 5048
0.5592, 5047
0.5598, 5046
0.5608, 5045
0.5614, 5044
0.5620, 5043
0.5627, 5042
0.5632, 5041
0.5641, 5040
0.5646, 5039
0.5653, 5038
0.5661, 5037
0.5666, 5036
0.5671, 5035
0.5679, 5034
0.5686, 5033
0.5692, 5032
0.5699, 5031
0.5708, 5030
0.5714, 5029
0.5723, 5028
0.5728, 5027
0.5735, 5026
0.5741, 5025
0.5747, 5024
0.5754, 5023
0.5759, 5022
0.5765, 5021
0.5773, 5020
0.5783, 5019
0.5792, 5018
0.5797, 5017
0.5802, 5016
0.5807, 5015
0.5817, 5014
0.5823, 5013
0.5830, 5012
0.5837, 5011
0.5844, 5010
0.5850, 5009
0.5856, 5008
0.5862, 5007
0.5868, 5006
0.5876, 5005
0.5882, 5004
0.5890, 5003
0.5895, 5002
0.5901, 5001
0.5910, 5000
0.5916, 4999
0.5924, 4998
0.5931, 4997
0.5936, 4996
0.5943, 4995
0.5948, 4994
0.5954, 4993
0.5961, 4992
0.5966, 4991
0.5974, 4990
0.5981, 4989
0.5991, 4988
0.5998, 4987
0.6004, 4986
0.6010, 4985
0.6016, 4984
0.6023, 4983
0.6029, 4982
0.6037, 4981
0.6044, 4980
0.6053, 4979
0.6059, 4978
0.6064, 4977
0.6071, 4976
0.6080, 4975
0.6090, 4974
0.6095, 4973
0.6101, 4972
0.6108, 4971
0.6115, 4970
0.6120, 4969
0.6128, 4968
0.6134, 4967
0.6141, 4966
0.6148, 4965
0.6153, 4964
0.6159, 4963
0.6164, 4962
0.6171, 4961
0.6178, 4960
0.6184, 4959
0.6189, 4958
0.6194, 4957
0.6200, 4956
0.6207, 4955
0.6212, 4954
0.6218, 4953
0.6224, 4952
0.6231, 4951
0.6241, 4950
0.6249, 4949
0.6260, 4948
0.6266, 4947
0.6272, 4946
0.6280, 4945
0.6285, 4944
0.6291, 4943
0.6296, 4942
0.6302, 4941
0.6307, 4940
0.6313, 4939
0.6319, 4938
0.6324, 4937
0.6331, 4936
0.6337, 4935
0.6347, 4934
0.6355, 4933
0.6361, 4932
0.6366, 4931
0.6373, 4930
0.6379, 4929
0.6386, 4928
0.6391, 4927
0.6397, 4926
0.6405, 4925
0.6411, 4924
0.6417, 4923
0.6424, 4922
0.6431, 4921
0.6436, 4920
0.6443, 4919
0.6452, 4918
0.6460, 4917
0.6466, 4916
0.6474, 4915
0.6479, 4914
0.6484, 4913
0.6489, 4912
0.6494, 4911
0.6500, 4910
0.6505, 4909
0.6514, 4908
0.6520, 4907
0.6525, 4906
0.6531, 4905
0.6536, 4904
0.6541, 4903
0.6547, 4902
0.6554, 4901
0.6559, 4900
0.6568, 4899
0.6576, 4898
0.6581, 4897
0.6587, 4896
0.6592, 4895
0.6599, 4894
0.6605, 4893
0.6610, 4892
0.6619, 4891
0.6627, 4890
0.6634, 4889
0.6639, 4888
0.6645, 4887
0.6650, 4886
0.6656, 4885
0.6661, 4884
0.6668, 4883
0.6673, 4882
0.6679, 4881
0.6685, 4880
0.6691, 4879
0.6699, 4878
0.6705, 4877
0.6710, 4876
0.6718, 4875
0.6724, 4874
0.6729, 4873
0.6735, 4872
0.6743, 4871
0.6750, 4870
0.6757, 4869
0.6765, 4868
0.6771, 4867
0.6776, 4866
0.6781, 4865
0.6790, 4864
0.6798, 4863
0.6804, 4862
0.6809, 4861
0.6817, 4860
0.6823, 4859
0.6831, 4858
0.6837, 4857
0.6844, 4856
0.6853, 4855
0.6859, 4854
0.6869, 4853
0.6875, 4852
0.6880, 4851
0.6886, 4850
0.6894, 4849
0.6901, 4848
0.6908, 4847
0.6914, 4846
0.6919, 4845
0.6926, 4844
0.6932, 4843
0.6937, 4842
0.6942, 4841
0.6949, 4840
0.6956, 4839
0.6965, 4838
0.6972, 4837
0.6979, 4836
0.6984, 4835
0.6989, 4834
0.6996, 4833
0.7001, 4832
0.7007, 4831
0.7016, 4830
0.7022, 4829
0.7028, 4828
0.7034, 4827
0.7044, 4826
0.7052, 4825
0.7057, 4824
0.7065, 4823
0.7070, 4822
0.7076, 4821
0.7082, 4820
0.7086, 4819
0.7093, 4818
0.7098, 4817
0.7103, 4816
0.7109, 4815
0.7114, 4814
0.7123, 4813
0.7131, 4812
0.7138, 4811
0.7143, 4810
0.7152, 4809
0.7156, 4808
0.7161, 4807
0.7166, 4806
0.7171, 4805
0.7180, 4804
0.7188, 4803
0.7193, 4802
0.7199, 4801
0.7205, 4800
0.7212, 4799
0.7217, 4798
0.7222, 4797
0.7228, 4796
0.7234, 4795
0.7240, 4794
0.7247, 4793
0.7252, 4792
0.7260, 4791
0.7265, 4790
0.7273, 4789
0.7278, 4788
0.7285, 4787
0.7290, 4786
0.7295, 4785
0.7301, 4784
0.7306, 4783
0.7313, 4782
0.7318, 4781
0.7327, 4780
0.7335, 4779
0.7340, 4778
0.7348, 4777
0.7353, 4776
0.7359, 4775
0.7363, 4774
0.7373, 4773
0.7379, 4772
0.7386, 4771
0.7391, 4770
0.7397, 4769
0.7405, 4768
0.7411, 4767
0.7416, 4766
0.7421, 4765
0.7430, 4764
0.7438, 4763
0.7444, 4762
0.7451, 4761
0.7455, 4760
0.7461, 4759
0.7472, 4758
0.7478, 4757
0.7483, 4756
0.7491, 4755
0.7497, 4754
0.7502, 4753
0.7507, 4752
0.7512, 4751
0.7520, 4750
0.7525, 4749
0.7530, 4748
0.7536, 4747
0.7545, 4746
0.7550, 4745
0.7558, 4744
0.7565, 4743
0.7574, 4742
0.7581, 4741
0.7587, 4740
0.7592, 4739
0.7598, 4738
0.7603, 4737
0.7609, 4736
0.7617, 4735
0.7622, 4734
0.7628, 4733
0.7633, 4732
0.7638, 4731
0.7646, 4730
0.7652, 4729
0.7656, 4728
0.7662, 4727
0.7670, 4726
0.7677, 4725
0.7686, 4724
0.7694, 4723
0.7699, 4722
0.7707, 4721
0.7715, 4720
0.7720, 4719
0.7725, 4718
0.7730, 4717
0.7738, 4716
0.7746, 4715
0.7753, 4714
0.7761, 4713
0.7766, 4712
0.7773, 4711
0.7781, 4710
0.7790, 4709
0.7797, 4708
0.7805, 4707
0.7811, 4706
0.7819, 4705
0.7825, 4704
0.7833, 4703
0.7841, 4702
0.7851, 4701
0.7858, 4700
0.7867, 4699
0.7874, 4698
0.7882, 4697
0.7888, 4696
0.7897, 4695
0.7904, 4694
0.7914, 4693
0.7922, 4692
0.7932, 4691
0.7941, 4690
0.9803, 4689
1.2037, 4688
1.2444, 4687
1.3250, 4686
1.6685, 4685
1.6691, 4684
1.7820, 4683
1.9128, 4682
2.1010, 4681
2.3293, 4680
2.3938, 4679
2.5204, 4678
2.6026, 4677
2.7646, 4676
3.0453, 4675
3.0657, 4674
3.1498, 4673
3.3623, 4672
3.3630, 4671
3.4634, 4670
3.5869, 4669
3.5876, 4668
3.7693, 4667
3.8318, 4666
3.8323, 4665
3.8331, 4664
3.8962, 4663
4.3792, 4662
4.4615, 4661
4.9231, 4660
4.9651, 4659
5.1251, 4658
5.1656, 4657
5.2881, 4656
5.5470, 4655
6.0068, 4654
6.0673, 4653
6.0677, 4652
6.6188, 4651
6.8055, 4650
6.9089, 4649
7.5872, 4648
7.6478, 4647
7.7682, 4646
8.0479, 4645
8.0485, 4644
8.1918, 4643
8.1924, 4642
8.2528, 4641
8.7181, 4640
8.7597, 4639
8.8001, 4638
8.9800, 4637
9.1201, 4636
9.4041, 4635
9.5831, 4634
9.6460, 4633
9.9832, 4632
