0.0000, 5900
0.0007, 5899
0.0016, 5898
0.0022, 5897
0.0033, 5896
0.0111, 5895
0.0122, 5894
0.0132, 5893
0.0146, 5892
0.0154, 5891
0.0166, 5890
0.0174, 5889
0.0181, 5888
0.0187, 5887
0.0201, 5886
0.0228, 5885
0.0238, 5884
0.0258, 5883
0.0265, 5882
0.0278, 5881
0.0284, 5880
0.0300, 5879
0.0316, 5878
0.0334, 5877
0.0345, 5876
0.0363, 5875
0.0376, 5874
0.0383, 5873
0.0400, 5872
0.0406, 5871
0.0412, 5870
0.0418, 5869
0.0427, 5868
0.0433, 5867
0.0440, 5866
0.0448, 5865
0.0459, 5864
0.0472, 5863
0.0481, 5862
0.0488, 5861
0.0495, 5860
0.0502, 5859
0.0508, 5858
0.0514, 5857
0.0521, 5856
0.0529, 5855
0.0536, 5854
0.0542, 5853
0.0547, 5852
0.0560, 5851
0.0570, 5850
0.0578, 5849
0.0585, 5848
0.0593, 5847
0.0600, 5846
0.0606, 5845
0.0615, 5844
0.0621, 5843
0.0628, 5842
0.0635, 5841
0.0643, 5840
0.0652, 5839
0.0658, 5838
0.0665, 5837
0.0674, 5836
0.0681, 5835
0.0688, 5834
0.0695, 5833
0.0703, 5832
0.0709, 5831
0.0715, 5830
0.0723, 5829
0.0729, 5828
0.0734, 5827
0.0741, 5826
0.0753, 5825
0.0759, 5824
0.0766, 5823
0.0775, 5822
0.0782, 5821
0.0789, 5820
0.0796, 5819
0.0803, 5818
0.0809, 5817
0.0821, 5816
0.0829, 5815
0.0843, 5814
0.0853, 5813
0.0861, 5812
0.0869, 5811
0.0880, 5810
0.0887, 5809
0.0893, 5808
0.0900, 5807
0.0906, 5806
0.0917, 5805
0.0923, 5804
0.0929, 5803
0.0935, 5802
0.0941, 5801
0.0948, 5800
0.0960, 5799
0.0966, 5798
0.0973, 5797
0.0980, 5796
0.0987, 5795
0.0992, 5794
0.0999, 5793
0.1005, 5792
0.1010, 5791
0.1015, 5790
0.1020, 5789
0.1025, 5788
0.1032, 5787
0.1037, 5786
0.1050, 5785
0.1062, 5784
0.1072, 5783
0.1077, 5782
0.1082, 5781
0.1087, 5780
0.1094, 5779
0.1102, 5778
0.1107, 5777
0.1115, 5776
0.1122, 5775
0.1128, 5774
0.1134, 5773
0.1145, 5772
0.1151, 5771
0.1162, 5770
0.1169, 5769
0.1174, 5768
0.1182, 5767
0.1187, 5766
0.1194, 5765
0.1201, 5764
0.1207, 5763
0.1213, 5762
0.1219, 5761
0.1224, 5760
0.1234, 5759
0.1239, 5758
0.1244, 5757
0.1249, 5756
0.1254, 5755
0.1260, 5754
0.1268, 5753
0.1274, 5752
0.1280, 5751
0.1285, 5750
0.1290, 5749
0.1299, 5748
0.1304, 5747
0.1310, 5746
0.1319, 5745
0.1331, 5744
0.1336, 5743
0.1342, 5742
0.1347, 5741
0.1357, 5740
0.1363, 5739
0.1370, 5738
0.1375, 5737
0.1382, 5736
0.1388, 5735
0.1393, 5734
0.1399, 5733
0.1405, 5732
0.1411, 5731
0.1417, 5730
0.1422, 5729
0.1428, 5728
0.1433, 5727
0.1439, 5726
0.1445, 5725
0.1452, 5724
0.1459, 5723
0.1470, 5722
0.1477, 5721
0.1483, 5720
0.1490, 5719
0.1499, 5718
0.1509, 5717
0.1518, 5716
0.1528, 5715
0.1538, 5714
0.1544, 5713
0.1550, 5712
0.1558, 5711
0.1564, 5710
0.1571, 5709
0.1579, 5708
0.1587, 5707
0.1593, 5706
0.1599, 5705
0.1605, 5704
0.1610, 5703
0.1617, 5702
0.1623, 5701
0.1629, 5700
0.1639, 5699
0.1644, 5698
0.1650, 5697
0.1655, 5696
0.1666, 5695
0.1673, 5694
0.1679, 5693
0.1685, 5692
0.1690, 5691
0.1696, 5690
0.1701, 5689
0.1708, 5688
0.1714, 5687
0.1720, 5686
0.1731, 5685
0.1737, 5684
0.1743, 5683
0.1749, 5682
0.1754, 5681
0.1760, 5680
0.1767, 5679
0.1772, 5678
0.1778, 5677
0.1784, 5676
0.1790, 5675
0.1795, 5674
0.1800, 5673
0.1806, 5672
0.1812, 5671
0.1817, 5670
0.1823, 5669
0.1829, 5668
0.1835, 5667
0.1840, 5666
0.1846, 5665
0.1852, 5664
0.1858, 5663
0.1863, 5662
0.1874, 5661
0.1879, 5660
0.1888, 5659
0.1894, 5658
0.1905, 5657
0.1915, 5656
0.1924, 5655
0.1931, 5654
0.1938, 5653
0.1944, 5652
0.1950, 5651
0.1956, 5650
0.1962, 5649
0.1968, 5648
0.1976, 5647
0.1982, 5646
0.1987, 5645
0.1995, 5644
0.2000, 5643
0.2006, 5642
0.2012, 5641
0.2019, 5640
0.2026, 5639
0.2035, 5638
0.2041, 5637
0.2047, 5636
0.2055, 5635
0.2065, 5634
0.2071, 5633
0.2082, 5632
0.2090, 5631
0.2096, 5630
0.2106, 5629
0.2115, 5628
0.2122, 5627
0.2133, 5626
0.2146, 5625
0.2156, 5624
0.2167, 5623
0.2175, 5622
0.2182, 5621
0.2191, 5620
0.2200, 5619
0.2211, 5618
0.2218, 5617
0.2225, 5616
0.2230, 5615
0.2238, 5614
0.2249, 5613
0.2255, 5612
0.2261, 5611
0.2269, 5610
0.2278, 5609
0.2286, 5608
0.2294, 5607
0.2301, 5606
0.2307, 5605
0.2315, 5604
0.2323, 5603
0.2330, 5602
0.2338, 5601
0.2344, 5600
0.2351, 5599
0.2357, 5598
0.2364, 5597
0.2372, 5596
0.2378, 5595
0.2387, 5594
0.2394, 5593
0.2405, 5592
0.2412, 5591
0.2422, 5590
0.2432, 5589
0.2442, 5588
0.2449, 5587
0.2457, 5586
0.2463, 5585
0.2471, 5584
0.2483, 5583
0.2491, 5582
0.2499, 5581
0.2505, 5580
0.2513, 5579
0.2521, 5578
0.2529, 5577
0.2543, 5576
0.2550, 5575
0.2556, 5574
0.2564, 5573
0.2571, 5572
0.2577, 5571
0.2585, 5570
0.2597, 5569
0.2605, 5568
0.2615, 5567
0.2622, 5566
0.2629, 5565
0.2637, 5564
0.2645, 5563
0.2661, 5562
0.2669, 5561
0.2675, 5560
0.2683, 5559
0.2690, 5558
0.2697, 5557
0.2710, 5556
0.2717, 5555
0.2723, 5554
0.2729, 5553
0.2739, 5552
0.2746, 5551
0.2754, 5550
0.2762, 5549
0.2769, 5548
0.2777, 5547
0.2785, 5546
0.2793, 5545
0.2800, 5544
0.2808, 5543
0.2814, 5542
0.2822, 5541
0.2829, 5540
0.2836, 5539
0.2843, 5538
0.2850, 5537
0.2858, 5536
0.2864, 5535
0.2873, 5534
0.2882, 5533
0.2888, 5532
0.2895, 5531
0.2900, 5530
0.2907, 5529
0.2913, 5528
0.2918, 5527
0.2924, 5526
0.2931, 5525
0.2937, 5524
0.2945, 5523
0.2954, 5522
0.2964, 5521
0.2974, 5520
0.2982, 5519
0.2989, 5518
0.2996, 5517
0.3004, 5516
0.3010, 5515
0.3018, 5514
0.3023, 5513
0.3030, 5512
0.3036, 5511
0.3042, 5510
0.3047, 5509
0.3055, 5508
0.3061, 5507
0.3069, 5506
0.3074, 5505
0.3080, 5504
0.3086, 5503
0.3095, 5502
0.3101, 5501
0.3106, 5500
0.3112, 5499
0.3121, 5498
0.3128, 5497
0.3135, 5496
0.3140, 5495
0.3147, 5494
0.3153, 5493
0.3159, 5492
0.3164, 5491
0.3174, 5490
0.3182, 5489
0.3189, 5488
0.3195, 5487
0.3200, 5486
0.3206, 5485
0.3215, 5484
0.3221, 5483
0.3227, 5482
0.3236, 5481
0.3242, 5480
0.3247, 5479
0.3253, 5478
0.3259, 5477
0.3265, 5476
0.3271, 5475
0.3276, 5474
0.3284, 5473
0.3290, 5472
0.3296, 5471
0.3302, 5470
0.3308, 5469
0.3314, 5468
0.3319, 5467
0.3325, 5466
0.3335, 5465
0.3341, 5464
0.3346, 5463
0.3351, 5462
0.3358, 5461
0.3363, 5460
0.3370, 5459
0.3376, 5458
0.3382, 5457
0.3389, 5456
0.3397, 5455
0.3404, 5454
0.3410, 5453
0.3417, 5452
0.3422, 5451
0.3429, 5450
0.3435, 5449
0.3442, 5448
0.3448, 5447
0.3454, 5446
0.3459, 5445
0.3464, 5444
0.3475, 5443
0.3481, 5442
0.3487, 5441
0.3492, 5440
0.3498, 5439
0.3505, 5438
0.3514, 5437
0.3521, 5436
0.3527, 5435
0.3534, 5434
0.3540, 5433
0.3546, 5432
0.3556, 5431
0.3562, 5430
0.3567, 5429
0.3573, 5428
0.3579, 5427
0.3586, 5426
0.3594, 5425
0.3600, 5424
0.3607, 5423
0.3614, 5422
0.3621, 5421
0.3628, 5420
0.3637, 5419
0.3643, 5418
0.3649, 5417
0.3659, 5416
0.3664, 5415
0.3671, 5414
0.3677, 5413
0.3683, 5412
0.3689, 5411
0.3694, 5410
0.3700, 5409
0.3705, 5408
0.3710, 5407
0.3718, 5406
0.3726, 5405
0.3734, 5404
0.3742, 5403
0.3750, 5402
0.3755, 5401
0.3760, 5400
0.3768, 5399
0.3776, 5398
0.3783, 5397
0.3790, 5396
0.3796, 5395
0.3804, 5394
0.3812, 5393
0.3819, 5392
0.3826, 5391
0.3831, 5390
0.3836, 5389
0.3843, 5388
0.3849, 5387
0.3854, 5386
0.3863, 5385
0.3869, 5384
0.3876, 5383
0.3882, 5382
0.3890, 5381
0.3896, 5380
0.3901, 5379
0.3907, 5378
0.3915, 5377
0.3921, 5376
0.3927, 5375
0.3933, 5374
0.3940, 5373
0.3946, 5372
0.3951, 5371
0.3958, 5370
0.3965, 5369
0.3972, 5368
0.3979, 5367
0.3985, 5366
0.3992, 5365
0.3999, 5364
0.4005, 5363
0.4016, 5362
0.4022, 5361
0.4029, 5360
0.4036, 5359
0.4043, 5358
0.4050, 5357
0.4061, 5356
0.4067, 5355
0.4073, 5354
0.4079, 5353
0.4086, 5352
0.4092, 5351
0.4100, 5350
0.4106, 5349
0.4112, 5348
0.4117, 5347
0.4124, 5346
0.4132, 5345
0.4141, 5344
0.4146, 5343
0.4153, 5342
0.4160, 5341
0.4165, 5340
0.4171, 5339
0.4177, 5338
0.4183, 5337
0.4188, 5336
0.4194, 5335
0.4201, 5334
0.4208, 5333
0.4217, 5332
0.4227, 5331
0.4232, 5330
0.4238, 5329
0.4244, 5328
0.4251, 5327
0.4257, 5326
0.4263, 5325
0.4268, 5324
0.4274, 5323
0.4284, 5322
0.4294, 5321
0.4303, 5320
0.4311, 5319
0.4316, 5318
0.4322, 5317
0.4328, 5316
0.4335, 5315
0.4342, 5314
0.4349, 5313
0.4355, 5312
0.4363, 5311
0.4370, 5310
0.4375, 5309
0.4382, 5308
0.4392, 5307
0.4399, 5306
0.4405, 5305
0.4411, 5304
0.4417, 5303
0.4423, 5302
0.4429, 5301
0.4434, 5300
0.4441, 5299
0.4446, 5298
0.4452, 5297
0.4458, 5296
0.4465, 5295
0.4472, 5294
0.4477, 5293
0.4483, 5292
0.4491, 5291
0.4498, 5290
0.4504, 5289
0.4513, 5288
0.4519, 5287
0.4525, 5286
0.4531, 5285
0.4537, 5284
0.4544, 5283
0.4549, 5282
0.4555, 5281
0.4560, 5280
0.4566, 5279
0.4572, 5278
0.4578, 5277
0.4584, 5276
0.4591, 5275
0.4597, 5274
0.4606, 5273
0.4612, 5272
0.4617, 5271
0.4623, 5270
0.4636, 5269
0.4643, 5268
0.4648, 5267
0.4653, 5266
0.4659, 5265
0.4667, 5264
0.4673, 5263
0.4679, 5262
0.4685, 5261
0.4691, 5260
0.4699, 5259
0.4704, 5258
0.4710, 5257
0.4717, 5256
0.4724, 5255
0.4731, 5254
0.4740, 5253
0.4748, 5252
0.4755, 5251
0.4765, 5250
0.4771, 5249
0.4776, 5248
0.4783, 5247
0.4790, 5246
0.4796, 5245
0.4802, 5244
0.4809, 5243
0.4814, 5242
0.4819, 5241
0.4826, 5240
0.4832, 5239
0.4837, 5238
0.4843, 5237
0.4852, 5236
0.4857, 5235
0.4863, 5234
0.4869, 5233
0.4874, 5232
0.4882, 5231
0.4887, 5230
0.4893, 5229
0.4899, 5228
0.4905, 5227
0.4913, 5226
0.4919, 5225
0.4924, 5224
0.4934, 5223
0.4942, 5222
0.4949, 5221
0.4957, 5220
0.4964, 5219
0.4969, 5218
0.4975, 5217
0.4981, 5216
0.4988, 5215
0.4995, 5214
0.5001, 5213
0.5008, 5212
0.5016, 5211
0.5023, 5210
0.5031, 5209
0.5037, 5208
0.5044, 5207
0.5052, 5206
0.5059, 5205
0.5066, 5204
0.5074, 5203
0.5080, 5202
0.5087, 5201
0.5093, 5200
0.5101, 5199
0.5107, 5198
0.5114, 5197
0.5121, 5196
0.5127, 5195
0.5135, 5194
0.5141, 5193
0.5146, 5192
0.5152, 5191
0.5158, 5190
0.5165, 5189
0.5170, 5188
0.5175, 5187
0.5181, 5186
0.5187, 5185
0.5193, 5184
0.5200, 5183
0.5208, 5182
0.5216, 5181
0.5224, 5180
0.5233, 5179
0.5239, 5178
0.5248, 5177
0.5255, 5176
0.5262, 5175
0.5270, 5174
0.5277, 5173
0.5285, 5172
0.5290, 5171
0.5297, 5170
0.5302, 5169
0.5310, 5168
0.5316, 5167
0.5321, 5166
0.5328, 5165
0.5336, 5164
0.5342, 5163
0.5349, 5162
0.5356, 5161
0.5366, 5160
0.5373, 5159
0.5381, 5158
0.5388, 5157
0.5394, 5156
0.5400, 5155
0.5407, 5154
0.5414, 5153
0.5423, 5152
0.5430, 5151
0.5436, 5150
0.5443, 5149
0.5449, 5148
0.5456, 5147
0.5461, 5146
0.5466, 5145
0.5471, 5144
0.5478, 5143
0.5484, 5142
0.5489, 5141
0.5494, 5140
0.5500, 5139
0.5506, 5138
0.5513, 5137
0.5521, 5136
0.5527, 5135
0.5534, 5134
0.5540, 5133
0.5546, 5132
0.5552, 5131
0.5559, 5130
0.5566, 5129
0.5572, 5128
0.5579, 5127
0.5586, 5126
0.5594, 5125
0.5600, 5124
0.5605, 5123
0.5611, 5122
0.5616, 5121
0.5624, 5120
0.5629, 5119
0.5634, 5118
0.5639, 5117
0.5644, 5116
0.5650, 5115
0.5656, 5114
0.5664, 5113
0.5671, 5112
0.5679, 5111
0.5687, 5110
0.5692, 5109
0.5698, 5108
0.5703, 5107
0.5708, 5106
0.5715, 5105
0.5721, 5104
0.5728, 5103
0.5735, 5102
0.5741, 5101
0.5750, 5100
0.5757, 5099
0.5764, 5098
0.5772, 5097
0.5777, 5096
0.5784, 5095
0.5790, 5094
0.5795, 5093
0.5802, 5092
0.5808, 5091
0.5815, 5090
0.5820, 5089
0.5827, 5088
0.5834, 5087
0.5843, 5086
0.5849, 5085
0.5855, 5084
0.5860, 5083
0.5868, 5082
0.5874, 5081
0.5879, 5080
0.5886, 5079
0.5892, 5078
0.5897, 5077
0.5904, 5076
0.5909, 5075
0.5917, 5074
0.5924, 5073
0.5931, 5072
0.5937, 5071
0.5942, 5070
0.5947, 5069
0.5955, 5068
0.5964, 5067
0.5970, 5066
0.5977, 5065
0.5985, 5064
0.5995, 5063
0.6001, 5062
0.6008, 5061
0.6013, 5060
0.6021, 5059
0.6027, 5058
0.6032, 5057
0.6038, 5056
0.6043, 5055
0.6050, 5054
0.6056, 5053
0.6063, 5052
0.6069, 5051
0.6074, 5050
0.6080, 5049
0.6086, 5048
0.6093, 5047
0.6100, 5046
0.6110, 5045
0.6116, 5044
0.6121, 5043
0.6128, 5042
0.6133, 5041
0.6143, 5040
0.6148, 5039
0.6154, 5038
0.6162, 5037
0.6168, 5036
0.6173, 5035
0.6180, 5034
0.6188, 5033
0.6194, 5032
0.6200, 5031
0.6210, 5030
0.6217, 5029
0.6226, 5028
0.6231, 5027
0.6238, 5026
0.6244, 5025
0.6250, 5024
0.6257, 5023
0.6262, 5022
0.6268, 5021
0.6276, 5020
0.6286, 5019
0.6294, 5018
0.6300, 5017
0.6305, 5016
0.6310, 5015
0.6320, 5014
0.6328, 5013
0.6336, 5012
0.6343, 5011
0.6350, 5010
0.6356, 5009
0.6362, 5008
0.6368, 5007
0.6374, 5006
0.6383, 5005
0.6389, 5004
0.6397, 5003
0.6403, 5002
0.6409, 5001
0.6418, 5000
0.6424, 4999
0.6433, 4998
0.6440, 4997
0.6446, 4996
0.6453, 4995
0.6458, 4994
0.6464, 4993
0.6472, 4992
0.6477, 4991
0.6484, 4990
0.6492, 4989
0.6502, 4988
0.6509, 4987
0.6515, 4986
0.6521, 4985
0.6527, 4984
0.6535, 4983
0.6541, 4982
0.6549, 4981
0.6557, 4980
0.6567, 4979
0.6572, 4978
0.6578, 4977
0.6585, 4976
0.6595, 4975
0.6605, 4974
0.6610, 4973
0.6616, 4972
0.6623, 4971
0.6630, 4970
0.6635, 4969
0.6643, 4968
0.6650, 4967
0.6656, 4966
0.6664, 4965
0.6670, 4964
0.6675, 4963
0.6681, 4962
0.6688, 4961
0.6695, 4960
0.6700, 4959
0.6706, 4958
0.6712, 4957
0.6717, 4956
0.6725, 4955
0.6731, 4954
0.6736, 4953
0.6742, 4952
0.6750, 4951
0.6759, 4950
0.6767, 4949
0.6779, 4948
0.6785, 4947
0.6791, 4946
0.6800, 4945
0.6805, 4944
0.6811, 4943
0.6817, 4942
0.6823, 4941
0.6829, 4940
0.6834, 4939
0.6841, 4938
0.6846, 4937
0.6853, 4936
0.6859, 4935
0.6868, 4934
0.6877, 4933
0.6883, 4932
0.6888, 4931
0.6894, 4930
0.6901, 4929
0.6907, 4928
0.6912, 4927
0.6920, 4926
0.6928, 4925
0.6934, 4924
0.6941, 4923
0.6949, 4922
0.6955, 4921
0.6961, 4920
0.6967, 4919
0.6976, 4918
0.6984, 4917
0.6990, 4916
0.6998, 4915
0.7003, 4914
0.7009, 4913
0.7014, 4912
0.7019, 4911
0.7024, 4910
0.7029, 4909
0.7039, 4908
0.7044, 4907
0.7050, 4906
0.7057, 4905
0.7062, 4904
0.7068, 4903
0.7073, 4902
0.7081, 4901
0.7086, 4900
0.7096, 4899
0.7103, 4898
0.7108, 4897
0.7114, 4896
0.7119, 4895
0.7125, 4894
0.7132, 4893
0.7137, 4892
0.7145, 4891
0.7153, 4890
0.7160, 4889
0.7165, 4888
0.7171, 4887
0.7176, 4886
0.7182, 4885
0.7187, 4884
0.7193, 4883
0.7199, 4882
0.7205, 4881
0.7211, 4880
0.7217, 4879
0.7227, 4878
0.7233, 4877
0.7238, 4876
0.7246, 4875
0.7252, 4874
0.7258, 4873
0.7263, 4872
0.7271, 4871
0.7279, 4870
0.7286, 4869
0.7295, 4868
0.7300, 4867
0.7306, 4866
0.7311, 4865
0.7320, 4864
0.7328, 4863
0.7334, 4862
0.7339, 4861
0.7347, 4860
0.7353, 4859
0.7361, 4858
0.7367, 4857
0.7374, 4856
0.7383, 4855
0.7390, 4854
0.7401, 4853
0.7406, 4852
0.7412, 4851
0.7418, 4850
0.7426, 4849
0.7433, 4848
0.7441, 4847
0.7446, 4846
0.7451, 4845
0.7459, 4844
0.7464, 4843
0.7469, 4842
0.7474, 4841
0.7481, 4840
0.7488, 4839
0.7497, 4838
0.7505, 4837
0.7511, 4836
0.7516, 4835
0.7521, 4834
0.7528, 4833
0.7534, 4832
0.7540, 4831
0.7549, 4830
0.7554, 4829
0.7560, 4828
0.7567, 4827
0.7577, 4826
0.7586, 4825
0.7591, 4824
0.7598, 4823
0.7603, 4822
0.7609, 4821
0.7615, 4820
0.7620, 4819
0.7626, 4818
0.7632, 4817
0.7637, 4816
0.7642, 4815
0.7647, 4814
0.7656, 4813
0.7665, 4812
0.7672, 4811
0.7677, 4810
0.7686, 4809
0.7691, 4808
0.7696, 4807
0.7700, 4806
0.7705, 4805
0.7714, 4804
0.7723, 4803
0.7729, 4802
0.7734, 4801
0.7742, 4800
0.7748, 4799
0.7753, 4798
0.7758, 4797
0.7764, 4796
0.7770, 4795
0.7777, 4794
0.7784, 4793
0.7789, 4792
0.7797, 4791
0.7802, 4790
0.7810, 4789
0.7815, 4788
0.7822, 4787
0.7827, 4786
0.7832, 4785
0.7838, 4784
0.7843, 4783
0.7850, 4782
0.7856, 4781
0.7864, 4780
0.7872, 4779
0.7877, 4778
0.7886, 4777
0.7892, 4776
0.7898, 4775
0.7904, 4774
0.7914, 4773
0.7920, 4772
0.7927, 4771
0.7932, 4770
0.7939, 4769
0.7947, 4768
0.7954, 4767
0.7958, 4766
0.7964, 4765
0.7973, 4764
0.7981, 4763
0.7987, 4762
0.7993, 4761
0.7998, 4760
0.8004, 4759
0.8015, 4758
0.8021, 4757
0.8027, 4756
0.8035, 4755
0.8040, 4754
0.8046, 4753
0.8051, 4752
0.8056, 4751
0.8064, 4750
0.8069, 4749
0.8074, 4748
0.8080, 4747
0.8089, 4746
0.8094, 4745
0.8102, 4744
0.8110, 4743
0.8118, 4742
0.8125, 4741
0.8131, 4740
0.8136, 4739
0.8142, 4738
0.8147, 4737
0.8154, 4736
0.8162, 4735
0.8167, 4734
0.8173, 4733
0.8179, 4732
0.8183, 4731
0.8191, 4730
0.8197, 4729
0.8201, 4728
0.8207, 4727
0.8216, 4726
0.8223, 4725
0.8232, 4724
0.8242, 4723
0.8246, 4722
0.8254, 4721
0.8262, 4720
0.8267, 4719
0.8273, 4718
0.8278, 4717
0.8285, 4716
0.8293, 4715
0.8301, 4714
0.8309, 4713
0.8313, 4712
0.8321, 4711
0.8329, 4710
0.8338, 4709
0.8345, 4708
0.8353, 4707
0.8359, 4706
0.8367, 4705
0.8374, 4704
0.8382, 4703
0.8391, 4702
0.8400, 4701
0.8407, 4700
0.8417, 4699
0.8425, 4698
0.8433, 4697
0.8439, 4696
0.8448, 4695
0.8455, 4694
0.8464, 4693
0.8472, 4692
0.8481, 4691
0.8490, 4690
1.0381, 4689
1.2866, 4688
1.2871, 4687
1.3677, 4686
1.7248, 4685
1.7450, 4684
1.8045, 4683
1.9265, 4682
2.0466, 4681
2.2687, 4680
2.3273, 4679
2.4448, 4678
2.4852, 4677
2.6813, 4676
2.9592, 4675
2.9791, 4674
3.0801, 4673
3.3032, 4672
3.3233, 4671
3.3240, 4670
3.4436, 4669
3.5231, 4668
3.5840, 4667
3.7023, 4666
3.7030, 4665
3.7427, 4664
3.7826, 4663
4.2785, 4662
4.3422, 4661
4.8212, 4660
4.8641, 4659
4.9868, 4658
5.1283, 4657
5.2710, 4656
5.5918, 4655
6.0235, 4654
6.0243, 4653
6.0248, 4652
6.6116, 4651
6.7448, 4650
6.9682, 4649
7.5889, 4648
7.6679, 4647
7.7883, 4646
8.0497, 4645
8.1119, 4644
8.1754, 4643
8.1761, 4642
8.2160, 4641
8.5927, 4640
8.7717, 4639
8.8113, 4638
9.1089, 4637
9.1729, 4636
9.4319, 4635
9.6124, 4634
9.6926, 4633
