0.0000, 5900
0.0005, 5899
0.0012, 5898
0.0018, 5897
0.0028, 5896
0.0036, 5895
0.0043, 5894
0.0049, 5893
0.0057, 5892
0.0062, 5891
0.0071, 5890
0.0076, 5889
0.0081, 5888
0.0086, 5887
0.0096, 5886
0.0105, 5885
0.0111, 5884
0.0123, 5883
0.0130, 5882
0.0141, 5881
0.0146, 5880
0.0155, 5879
0.0164, 5878
0.0173, 5877
0.0178, 5876
0.0183, 5875
0.0189, 5874
0.0195, 5873
0.0206, 5872
0.0211, 5871
0.0216, 5870
0.0221, 5869
0.0228, 5868
0.0233, 5867
0.0238, 5866
0.0243, 5865
0.0253, 5864
0.0261, 5863
0.0267, 5862
0.0272, 5861
0.0278, 5860
0.0284, 5859
0.0289, 5858
0.0294, 5857
0.0300, 5856
0.0307, 5855
0.0312, 5854
0.0317, 5853
0.0322, 5852
0.0333, 5851
0.0342, 5850
0.0348, 5849
0.0353, 5848
0.0360, 5847
0.0365, 5846
0.0371, 5845
0.0379, 5844
0.0384, 5843
0.0389, 5842
0.0394, 5841
0.0402, 5840
0.0410, 5839
0.0415, 5838
0.0421, 5837
0.0427, 5836
0.0433, 5835
0.0440, 5834
0.0445, 5833
0.0453, 5832
0.0458, 5831
0.0463, 5830
0.0471, 5829
0.0477, 5828
0.0482, 5827
0.0488, 5826
0.0497, 5825
0.0503, 5824
0.0508, 5823
0.0517, 5822
0.0522, 5821
0.0527, 5820
0.0533, 5819
0.0538, 5818
0.0543, 5817
0.0552, 5816
0.0558, 5815
0.0568, 5814
0.0578, 5813
0.0585, 5812
0.0591, 5811
0.0601, 5810
0.0607, 5809
0.0613, 5808
0.0620, 5807
0.0625, 5806
0.0634, 5805
0.0639, 5804
0.0644, 5803
0.0650, 5802
0.0655, 5801
0.0661, 5800
0.0670, 5799
0.0675, 5798
0.0681, 5797
0.0687, 5796
0.0694, 5795
0.0699, 5794
0.0707, 5793
0.0712, 5792
0.0717, 5791
0.0723, 5790
0.0728, 5789
0.0733, 5788
0.0740, 5787
0.0745, 5786
0.0758, 5785
0.0769, 5784
0.0777, 5783
0.0782, 5782
0.0788, 5781
0.0793, 5780
0.0800, 5779
0.0808, 5778
0.0814, 5777
0.0822, 5776
0.0829, 5775
0.0836, 5774
0.0842, 5773
0.0853, 5772
0.0860, 5771
0.0871, 5770
0.0878, 5769
0.0883, 5768
0.0891, 5767
0.0896, 5766
0.0903, 5765
0.0911, 5764
0.0917, 5763
0.0923, 5762
0.0929, 5761
0.0934, 5760
0.0944, 5759
0.0950, 5758
0.0955, 5757
0.0960, 5756
0.0966, 5755
0.0971, 5754
0.0979, 5753
0.0987, 5752
0.0992, 5751
0.0997, 5750
0.1003, 5749
0.1012, 5748
0.1017, 5747
0.1024, 5746
0.1034, 5745
0.1045, 5744
0.1051, 5743
0.1056, 5742
0.1062, 5741
0.1072, 5740
0.1078, 5739
0.1084, 5738
0.1090, 5737
0.1095, 5736
0.1100, 5735
0.1106, 5734
0.1112, 5733
0.1118, 5732
0.1123, 5731
0.1129, 5730
0.1134, 5729
0.1140, 5728
0.1145, 5727
0.1150, 5726
0.1156, 5725
0.1163, 5724
0.1170, 5723
0.1180, 5722
0.1186, 5721
0.1192, 5720
0.1199, 5719
0.1207, 5718
0.1216, 5717
0.1224, 5716
0.1234, 5715
0.1244, 5714
0.1250, 5713
0.1256, 5712
0.1262, 5711
0.1268, 5710
0.1273, 5709
0.1282, 5708
0.1289, 5707
0.1295, 5706
0.1301, 5705
0.1306, 5704
0.1312, 5703
0.1317, 5702
0.1323, 5701
0.1330, 5700
0.1340, 5699
0.1345, 5698
0.1350, 5697
0.1356, 5696
0.1367, 5695
0.1374, 5694
0.1380, 5693
0.1386, 5692
0.1391, 5691
0.1396, 5690
0.1402, 5689
0.1409, 5688
0.1415, 5687
0.1421, 5686
0.1431, 5685
0.1437, 5684
0.1443, 5683
0.1448, 5682
0.1454, 5681
0.1460, 5680
0.1466, 5679
0.1472, 5678
0.1478, 5677
0.1484, 5676
0.1490, 5675
0.1495, 5674
0.1501, 5673
0.1507, 5672
0.1513, 5671
0.1518, 5670
0.1524, 5669
0.1530, 5668
0.1536, 5667
0.1542, 5666
0.1547, 5665
0.1553, 5664
0.1560, 5663
0.1566, 5662
0.1576, 5661
0.1581, 5660
0.1591, 5659
0.1597, 5658
0.1608, 5657
0.1618, 5656
0.1627, 5655
0.1634, 5654
0.1641, 5653
0.1647, 5652
0.1653, 5651
0.1659, 5650
0.1664, 5649
0.1670, 5648
0.1677, 5647
0.1683, 5646
0.1688, 5645
0.1696, 5644
0.1701, 5643
0.1707, 5642
0.1713, 5641
0.1720, 5640
0.1728, 5639
0.1737, 5638
0.1743, 5637
0.1748, 5636
0.1755, 5635
0.1766, 5634
0.1772, 5633
0.1782, 5632
0.1791, 5631
0.1797, 5630
0.1806, 5629
0.1815, 5628
0.1821, 5627
0.1832, 5626
0.1840, 5625
0.1847, 5624
0.1856, 5623
0.1861, 5622
0.1868, 5621
0.1875, 5620
0.1881, 5619
0.1891, 5618
0.1897, 5617
0.1903, 5616
0.1909, 5615
0.1916, 5614
0.1925, 5613
0.1931, 5612
0.1936, 5611
0.1942, 5610
0.1950, 5609
0.1956, 5608
0.1962, 5607
0.1968, 5606
0.1973, 5605
0.1980, 5604
0.1985, 5603
0.1991, 5602
0.1997, 5601
0.2002, 5600
0.2008, 5599
0.2013, 5598
0.2018, 5597
0.2024, 5596
0.2030, 5595
0.2038, 5594
0.2044, 5593
0.2054, 5592
0.2060, 5591
0.2068, 5590
0.2076, 5589
0.2085, 5588
0.2091, 5587
0.2097, 5586
0.2103, 5585
0.2110, 5584
0.2120, 5583
0.2126, 5582
0.2132, 5581
0.2138, 5580
0.2144, 5579
0.2151, 5578
0.2157, 5577
0.2167, 5576
0.2173, 5575
0.2179, 5574
0.2187, 5573
0.2192, 5572
0.2198, 5571
0.2205, 5570
0.2214, 5569
0.2220, 5568
0.2229, 5567
0.2234, 5566
0.2240, 5565
0.2246, 5564
0.2253, 5563
0.2264, 5562
0.2271, 5561
0.2276, 5560
0.2283, 5559
0.2288, 5558
0.2294, 5557
0.2304, 5556
0.2310, 5555
0.2316, 5554
0.2322, 5553
0.2331, 5552
0.2338, 5551
0.2344, 5550
0.2350, 5549
0.2356, 5548
0.2363, 5547
0.2369, 5546
0.2376, 5545
0.2381, 5544
0.2387, 5543
0.2392, 5542
0.2399, 5541
0.2405, 5540
0.2411, 5539
0.2416, 5538
0.2422, 5537
0.2428, 5536
0.2433, 5535
0.2440, 5534
0.2448, 5533
0.2454, 5532
0.2460, 5531
0.2465, 5530
0.2471, 5529
0.2476, 5528
0.2482, 5527
0.2487, 5526
0.2495, 5525
0.2501, 5524
0.2508, 5523
0.2517, 5522
0.2527, 5521
0.2536, 5520
0.2543, 5519
0.2549, 5518
0.2555, 5517
0.2561, 5516
0.2567, 5515
0.2576, 5514
0.2582, 5513
0.2588, 5512
0.2593, 5511
0.2599, 5510
0.2604, 5509
0.2611, 5508
0.2616, 5507
0.2624, 5506
0.2629, 5505
0.2635, 5504
0.2640, 5503
0.2649, 5502
0.2655, 5501
0.2661, 5500
0.2667, 5499
0.2676, 5498
0.2683, 5497
0.2689, 5496
0.2695, 5495
0.2702, 5494
0.2708, 5493
0.2714, 5492
0.2720, 5491
0.2730, 5490
0.2738, 5489
0.2744, 5488
0.2750, 5487
0.2755, 5486
0.2760, 5485
0.2770, 5484
0.2775, 5483
0.2781, 5482
0.2790, 5481
0.2796, 5480
0.2802, 5479
0.2807, 5478
0.2813, 5477
0.2819, 5476
0.2825, 5475
0.2830, 5474
0.2838, 5473
0.2845, 5472
0.2851, 5471
0.2857, 5470
0.2863, 5469
0.2869, 5468
0.2875, 5467
0.2881, 5466
0.2891, 5465
0.2896, 5464
0.2902, 5463
0.2908, 5462
0.2914, 5461
0.2920, 5460
0.2926, 5459
0.2932, 5458
0.2937, 5457
0.2944, 5456
0.2952, 5455
0.2959, 5454
0.2965, 5453
0.2972, 5452
0.2977, 5451
0.2985, 5450
0.2991, 5449
0.2997, 5448
0.3004, 5447
0.3009, 5446
0.3015, 5445
0.3021, 5444
0.3031, 5443
0.3037, 5442
0.3043, 5441
0.3049, 5440
0.3055, 5439
0.3062, 5438
0.3072, 5437
0.3079, 5436
0.3085, 5435
0.3091, 5434
0.3097, 5433
0.3103, 5432
0.3113, 5431
0.3118, 5430
0.3124, 5429
0.3130, 5428
0.3135, 5427
0.3143, 5426
0.3152, 5425
0.3157, 5424
0.3164, 5423
0.3171, 5422
0.3178, 5421
0.3184, 5420
0.3194, 5419
0.3199, 5418
0.3205, 5417
0.3215, 5416
0.3221, 5415
0.3227, 5414
0.3233, 5413
0.3239, 5412
0.3245, 5411
0.3250, 5410
0.3255, 5409
0.3261, 5408
0.3266, 5407
0.3273, 5406
0.3281, 5405
0.3289, 5404
0.3296, 5403
0.3304, 5402
0.3310, 5401
0.3315, 5400
0.3323, 5399
0.3331, 5398
0.3338, 5397
0.3344, 5396
0.3351, 5395
0.3359, 5394
0.3367, 5393
0.3373, 5392
0.3381, 5391
0.3386, 5390
0.3391, 5389
0.3398, 5388
0.3404, 5387
0.3409, 5386
0.3418, 5385
0.3423, 5384
0.3430, 5383
0.3437, 5382
0.3444, 5381
0.3450, 5380
0.3456, 5379
0.3461, 5378
0.3469, 5377
0.3475, 5376
0.3481, 5375
0.3488, 5374
0.3495, 5373
0.3501, 5372
0.3506, 5371
0.3514, 5370
0.3520, 5369
0.3528, 5368
0.3535, 5367
0.3540, 5366
0.3548, 5365
0.3555, 5364
0.3562, 5363
0.3572, 5362
0.3578, 5361
0.3586, 5360
0.3593, 5359
0.3599, 5358
0.3605, 5357
0.3616, 5356
0.3622, 5355
0.3628, 5354
0.3634, 5353
0.3641, 5352
0.3647, 5351
0.3655, 5350
0.3661, 5349
0.3667, 5348
0.3673, 5347
0.3679, 5346
0.3688, 5345
0.3696, 5344
0.3702, 5343
0.3709, 5342
0.3716, 5341
0.3721, 5340
0.3728, 5339
0.3734, 5338
0.3740, 5337
0.3746, 5336
0.3752, 5335
0.3758, 5334
0.3765, 5333
0.3774, 5332
0.3784, 5331
0.3790, 5330
0.3796, 5329
0.3801, 5328
0.3807, 5327
0.3813, 5326
0.3819, 5325
0.3824, 5324
0.3831, 5323
0.3841, 5322
0.3850, 5321
0.3860, 5320
0.3867, 5319
0.3873, 5318
0.3879, 5317
0.3884, 5316
0.3893, 5315
0.3900, 5314
0.3907, 5313
0.3913, 5312
0.3922, 5311
0.3929, 5310
0.3934, 5309
0.3941, 5308
0.3950, 5307
0.3957, 5306
0.3964, 5305
0.3969, 5304
0.3975, 5303
0.3982, 5302
0.3987, 5301
0.3993, 5300
0.3999, 5299
0.4005, 5298
0.4011, 5297
0.4016, 5296
0.4024, 5295
0.4031, 5294
0.4036, 5293
0.4042, 5292
0.4050, 5291
0.4057, 5290
0.4064, 5289
0.4072, 5288
0.4079, 5287
0.4085, 5286
0.4092, 5285
0.4098, 5284
0.4105, 5283
0.4111, 5282
0.4117, 5281
0.4123, 5280
0.4136, 5279
0.4142, 5278
0.4148, 5277
0.4155, 5276
0.4163, 5275
0.4170, 5274
0.4178, 5273
0.4184, 5272
0.4190, 5271
0.4195, 5270
0.4202, 5269
0.4209, 5268
0.4214, 5267
0.4219, 5266
0.4226, 5265
0.4233, 5264
0.4239, 5263
0.4246, 5262
0.4252, 5261
0.4258, 5260
0.4267, 5259
0.4272, 5258
0.4278, 5257
0.4285, 5256
0.4292, 5255
0.4299, 5254
0.4309, 5253
0.4317, 5252
0.4323, 5251
0.4334, 5250
0.4340, 5249
0.4345, 5248
0.4352, 5247
0.4359, 5246
0.4365, 5245
0.4371, 5244
0.4378, 5243
0.4383, 5242
0.4389, 5241
0.4395, 5240
0.4401, 5239
0.4406, 5238
0.4413, 5237
0.4422, 5236
0.4427, 5235
0.4433, 5234
0.4440, 5233
0.4445, 5232
0.4452, 5231
0.4458, 5230
0.4464, 5229
0.4470, 5228
0.4476, 5227
0.4485, 5226
0.4490, 5225
0.4496, 5224
0.4506, 5223
0.4515, 5222
0.4522, 5221
0.4530, 5220
0.4537, 5219
0.4543, 5218
0.4548, 5217
0.4555, 5216
0.4563, 5215
0.4570, 5214
0.4575, 5213
0.4583, 5212
0.4590, 5211
0.4598, 5210
0.4606, 5209
0.4612, 5208
0.4619, 5207
0.4627, 5206
0.4635, 5205
0.4642, 5204
0.4650, 5203
0.4656, 5202
0.4663, 5201
0.4670, 5200
0.4678, 5199
0.4685, 5198
0.4692, 5197
0.4699, 5196
0.4705, 5195
0.4714, 5194
0.4719, 5193
0.4725, 5192
0.4731, 5191
0.4737, 5190
0.4744, 5189
0.4749, 5188
0.4754, 5187
0.4760, 5186
0.4766, 5185
0.4772, 5184
0.4778, 5183
0.4786, 5182
0.4793, 5181
0.4801, 5180
0.4810, 5179
0.4815, 5178
0.4824, 5177
0.4831, 5176
0.4837, 5175
0.4846, 5174
0.4853, 5173
0.4860, 5172
0.4866, 5171
0.4872, 5170
0.4877, 5169
0.4885, 5168
0.4891, 5167
0.4897, 5166
0.4903, 5165
0.4911, 5164
0.4917, 5163
0.4924, 5162
0.4931, 5161
0.4941, 5160
0.4949, 5159
0.4956, 5158
0.4963, 5157
0.4969, 5156
0.4975, 5155
0.4982, 5154
0.4989, 5153
0.4998, 5152
0.5005, 5151
0.5011, 5150
0.5018, 5149
0.5025, 5148
0.5031, 5147
0.5037, 5146
0.5042, 5145
0.5048, 5144
0.5055, 5143
0.5061, 5142
0.5066, 5141
0.5071, 5140
0.5078, 5139
0.5084, 5138
0.5090, 5137
0.5098, 5136
0.5104, 5135
0.5111, 5134
0.5117, 5133
0.5123, 5132
0.5128, 5131
0.5135, 5130
0.5142, 5129
0.5149, 5128
0.5155, 5127
0.5162, 5126
0.5170, 5125
0.5176, 5124
0.5181, 5123
0.5187, 5122
0.5192, 5121
0.5200, 5120
0.5205, 5119
0.5211, 5118
0.5216, 5117
0.5221, 5116
0.5226, 5115
0.5232, 5114
0.5241, 5113
0.5248, 5112
0.5256, 5111
0.5264, 5110
0.5270, 5109
0.5275, 5108
0.5281, 5107
0.5286, 5106
0.5293, 5105
0.5299, 5104
0.5305, 5103
0.5313, 5102
0.5319, 5101
0.5328, 5100
0.5334, 5099
0.5342, 5098
0.5349, 5097
0.5355, 5096
0.5362, 5095
0.5368, 5094
0.5373, 5093
0.5380, 5092
0.5387, 5091
0.5394, 5090
0.5399, 5089
0.5407, 5088
0.5414, 5087
0.5423, 5086
0.5429, 5085
0.5435, 5084
0.5441, 5083
0.5448, 5082
0.5454, 5081
0.5460, 5080
0.5466, 5079
0.5472, 5078
0.5478, 5077
0.5484, 5076
0.5490, 5075
0.5498, 5074
0.5505, 5073
0.5512, 5072
0.5519, 5071
0.5524, 5070
0.5529, 5069
0.5537, 5068
0.5547, 5067
0.5553, 5066
0.5561, 5065
0.5568, 5064
0.5579, 5063
0.5585, 5062
0.5592, 5061
0.5597, 5060
0.5605, 5059
0.5611, 5058
0.5617, 5057
0.5623, 5056
0.5628, 5055
0.5635, 5054
0.5642, 5053
0.5649, 5052
0.5655, 5051
0.5661, 5050
0.5667, 5049
0.5673, 5048
0.5681, 5047
0.5687, 5046
0.5698, 5045
0.5704, 5044
0.5710, 5043
0.5716, 5042
0.5721, 5041
0.5731, 5040
0.5736, 5039
0.5743, 5038
0.5751, 5037
0.5756, 5036
0.5761, 5035
0.5769, 5034
0.5776, 5033
0.5782, 5032
0.5789, 5031
0.5798, 5030
0.5804, 5029
0.5813, 5028
0.5818, 5027
0.5825, 5026
0.5831, 5025
0.5837, 5024
0.5843, 5023
0.5849, 5022
0.5855, 5021
0.5862, 5020
0.5872, 5019
0.5881, 5018
0.5886, 5017
0.5892, 5016
0.5897, 5015
0.5906, 5014
0.5913, 5013
0.5920, 5012
0.5927, 5011
0.5933, 5010
0.5940, 5009
0.5946, 5008
0.5952, 5007
0.5958, 5006
0.5967, 5005
0.5973, 5004
0.5981, 5003
0.5987, 5002
0.5993, 5001
0.6002, 5000
0.6008, 4999
0.6017, 4998
0.6023, 4997
0.6029, 4996
0.6036, 4995
0.6041, 4994
0.6048, 4993
0.6055, 4992
0.6060, 4991
0.6068, 4990
0.6076, 4989
0.6085, 4988
0.6092, 4987
0.6098, 4986
0.6104, 4985
0.6111, 4984
0.6118, 4983
0.6124, 4982
0.6131, 4981
0.6139, 4980
0.6148, 4979
0.6153, 4978
0.6159, 4977
0.6165, 4976
0.6175, 4975
0.6184, 4974
0.6189, 4973
0.6195, 4972
0.6202, 4971
0.6210, 4970
0.6215, 4969
0.6223, 4968
0.6229, 4967
0.6236, 4966
0.6243, 4965
0.6250, 4964
0.6255, 4963
0.6260, 4962
0.6267, 4961
0.6275, 4960
0.6280, 4959
0.6285, 4958
0.6290, 4957
0.6296, 4956
0.6304, 4955
0.6309, 4954
0.6315, 4953
0.6321, 4952
0.6328, 4951
0.6338, 4950
0.6346, 4949
0.6356, 4948
0.6362, 4947
0.6369, 4946
0.6377, 4945
0.6382, 4944
0.6388, 4943
0.6394, 4942
0.6399, 4941
0.6405, 4940
0.6410, 4939
0.6417, 4938
0.6422, 4937
0.6429, 4936
0.6435, 4935
0.6444, 4934
0.6453, 4933
0.6458, 4932
0.6463, 4931
0.6470, 4930
0.6476, 4929
0.6483, 4928
0.6488, 4927
0.6495, 4926
0.6502, 4925
0.6508, 4924
0.6514, 4923
0.6522, 4922
0.6529, 4921
0.6535, 4920
0.6541, 4919
0.6551, 4918
0.6559, 4917
0.6565, 4916
0.6573, 4915
0.6578, 4914
0.6584, 4913
0.6589, 4912
0.6594, 4911
0.6599, 4910
0.6605, 4909
0.6614, 4908
0.6619, 4907
0.6624, 4906
0.6630, 4905
0.6636, 4904
0.6641, 4903
0.6647, 4902
0.6654, 4901
0.6659, 4900
0.6669, 4899
0.6676, 4898
0.6681, 4897
0.6686, 4896
0.6691, 4895
0.6698, 4894
0.6704, 4893
0.6709, 4892
0.6718, 4891
0.6726, 4890
0.6733, 4889
0.6738, 4888
0.6744, 4887
0.6749, 4886
0.6755, 4885
0.6760, 4884
0.6767, 4883
0.6772, 4882
0.6778, 4881
0.6784, 4880
0.6790, 4879
0.6798, 4878
0.6804, 4877
0.6809, 4876
0.6816, 4875
0.6822, 4874
0.6827, 4873
0.6833, 4872
0.6840, 4871
0.6848, 4870
0.6856, 4869
0.6865, 4868
0.6871, 4867
0.6876, 4866
0.6881, 4865
0.6890, 4864
0.6899, 4863
0.6905, 4862
0.6911, 4861
0.6918, 4860
0.6925, 4859
0.6933, 4858
0.6938, 4857
0.6946, 4856
0.6955, 4855
0.6961, 4854
0.6971, 4853
0.6977, 4852
0.6982, 4851
0.6988, 4850
0.6996, 4849
0.7003, 4848
0.7010, 4847
0.7015, 4846
0.7020, 4845
0.7028, 4844
0.7033, 4843
0.7038, 4842
0.7043, 4841
0.7050, 4840
0.7057, 4839
0.7067, 4838
0.7074, 4837
0.7081, 4836
0.7086, 4835
0.7092, 4834
0.7098, 4833
0.7104, 4832
0.7110, 4831
0.7119, 4830
0.7124, 4829
0.7130, 4828
0.7137, 4827
0.7146, 4826
0.7156, 4825
0.7161, 4824
0.7168, 4823
0.7174, 4822
0.7180, 4821
0.7187, 4820
0.7192, 4819
0.7198, 4818
0.7204, 4817
0.7209, 4816
0.7214, 4815
0.7219, 4814
0.7228, 4813
0.7237, 4812
0.7244, 4811
0.7249, 4810
0.7258, 4809
0.7263, 4808
0.7268, 4807
0.7273, 4806
0.7278, 4805
0.7287, 4804
0.7296, 4803
0.7300, 4802
0.7306, 4801
0.7313, 4800
0.7320, 4799
0.7325, 4798
0.7330, 4797
0.7336, 4796
0.7343, 4795
0.7349, 4794
0.7356, 4793
0.7362, 4792
0.7370, 4791
0.7375, 4790
0.7383, 4789
0.7389, 4788
0.7396, 4787
0.7401, 4786
0.7407, 4785
0.7412, 4784
0.7417, 4783
0.7424, 4782
0.7430, 4781
0.7438, 4780
0.7446, 4779
0.7451, 4778
0.7459, 4777
0.7465, 4776
0.7470, 4775
0.7475, 4774
0.7485, 4773
0.7490, 4772
0.7497, 4771
0.7503, 4770
0.7508, 4769
0.7517, 4768
0.7523, 4767
0.7528, 4766
0.7533, 4765
0.7542, 4764
0.7550, 4763
0.7556, 4762
0.7563, 4761
0.7567, 4760
0.7573, 4759
0.7585, 4758
0.7591, 4757
0.7597, 4756
0.7605, 4755
0.7610, 4754
0.7616, 4753
0.7621, 4752
0.7626, 4751
0.7634, 4750
0.7639, 4749
0.7644, 4748
0.7650, 4747
0.7659, 4746
0.7664, 4745
0.7672, 4744
0.7680, 4743
0.7688, 4742
0.7696, 4741
0.7702, 4740
0.7707, 4739
0.7712, 4738
0.7717, 4737
0.7724, 4736
0.7732, 4735
0.7737, 4734
0.7743, 4733
0.7748, 4732
0.7753, 4731
0.7761, 4730
0.7767, 4729
0.7771, 4728
0.7777, 4727
0.7785, 4726
0.7792, 4725
0.7801, 4724
0.7810, 4723
0.7815, 4722
0.7822, 4721
0.7831, 4720
0.7836, 4719
0.7841, 4718
0.7846, 4717
0.7854, 4716
0.7862, 4715
0.7870, 4714
0.7878, 4713
0.7883, 4712
0.7890, 4711
0.7898, 4710
0.7907, 4709
0.7914, 4708
0.7922, 4707
0.7928, 4706
0.7936, 4705
0.7943, 4704
0.7950, 4703
0.7959, 4702
0.7969, 4701
0.7976, 4700
0.7985, 4699
0.7993, 4698
0.8001, 4697
0.8007, 4696
0.8016, 4695
0.8023, 4694
0.8032, 4693
0.8041, 4692
0.8050, 4691
0.8059, 4690
0.9756, 4689
1.2166, 4688
1.2775, 4687
1.3173, 4686
1.6601, 4685
1.6819, 4684
1.7826, 4683
1.8623, 4682
1.9854, 4681
2.2053, 4680
2.2664, 4679
2.3901, 4678
2.4694, 4677
2.6301, 4676
2.9314, 4675
2.9323, 4674
3.0324, 4673
3.2530, 4672
3.2731, 4671
3.2738, 4670
3.4160, 4669
3.4569, 4668
3.5749, 4667
3.6746, 4666
3.6751, 4665
3.6759, 4664
3.7355, 4663
4.2149, 4662
4.2744, 4661
4.7320, 4660
4.7724, 4659
4.8919, 4658
4.9512, 4657
5.1139, 4656
5.4331, 4655
5.7729, 4654
5.8525, 4653
5.8530, 4652
6.4137, 4651
6.5591, 4650
6.6602, 4649
7.4110, 4648
7.4117, 4647
7.5496, 4646
7.8399, 4645
7.9210, 4644
7.9216, 4643
7.9222, 4642
7.9623, 4641
8.4838, 4640
8.5840, 4639
8.5846, 4638
8.8884, 4637
9.0097, 4636
9.3302, 4635
9.3908, 4634
9.4324, 4633
9.7748, 4632
9.8751, 4631
