0.0000, 5900
0.0005, 5899
0.0012, 5898
0.0018, 5897
0.0028, 5896
0.0035, 5895
0.0042, 5894
0.0048, 5893
0.0057, 5892
0.0062, 5891
0.0071, 5890
0.0076, 5889
0.0081, 5888
0.0086, 5887
0.0096, 5886
0.0106, 5885
0.0112, 5884
0.0124, 5883
0.0131, 5882
0.0142, 5881
0.0147, 5880
0.0157, 5879
0.0166, 5878
0.0175, 5877
0.0180, 5876
0.0186, 5875
0.0191, 5874
0.0197, 5873
0.0208, 5872
0.0214, 5871
0.0219, 5870
0.0224, 5869
0.0231, 5868
0.0236, 5867
0.0241, 5866
0.0246, 5865
0.0256, 5864
0.0263, 5863
0.0270, 5862
0.0275, 5861
0.0281, 5860
0.0288, 5859
0.0293, 5858
0.0298, 5857
0.0304, 5856
0.0310, 5855
0.0315, 5854
0.0321, 5853
0.0326, 5852
0.0336, 5851
0.0346, 5850
0.0351, 5849
0.0356, 5848
0.0363, 5847
0.0369, 5846
0.0374, 5845
0.0381, 5844
0.0387, 5843
0.0392, 5842
0.0397, 5841
0.0405, 5840
0.0412, 5839
0.0417, 5838
0.0422, 5837
0.0429, 5836
0.0435, 5835
0.0442, 5834
0.0447, 5833
0.0454, 5832
0.0460, 5831
0.0465, 5830
0.0473, 5829
0.0478, 5828
0.0483, 5827
0.0490, 5826
0.0499, 5825
0.0504, 5824
0.0510, 5823
0.0518, 5822
0.0523, 5821
0.0529, 5820
0.0534, 5819
0.0539, 5818
0.0545, 5817
0.0554, 5816
0.0559, 5815
0.0569, 5814
0.0579, 5813
0.0586, 5812
0.0592, 5811
0.0602, 5810
0.0609, 5809
0.0615, 5808
0.0621, 5807
0.0626, 5806
0.0635, 5805
0.0640, 5804
0.0646, 5803
0.0651, 5802
0.0656, 5801
0.0662, 5800
0.0671, 5799
0.0676, 5798
0.0683, 5797
0.0689, 5796
0.0695, 5795
0.0701, 5794
0.0708, 5793
0.0713, 5792
0.0719, 5791
0.0724, 5790
0.0730, 5789
0.0735, 5788
0.0741, 5787
0.0747, 5786
0.0760, 5785
0.0771, 5784
0.0779, 5783
0.0785, 5782
0.0790, 5781
0.0795, 5780
0.0802, 5779
0.0810, 5778
0.0817, 5777
0.0826, 5776
0.0832, 5775
0.0839, 5774
0.0845, 5773
0.0857, 5772
0.0863, 5771
0.0874, 5770
0.0881, 5769
0.0886, 5768
0.0894, 5767
0.0899, 5766
0.0906, 5765
0.0914, 5764
0.0920, 5763
0.0926, 5762
0.0931, 5761
0.0937, 5760
0.0947, 5759
0.0952, 5758
0.0958, 5757
0.0963, 5756
0.0968, 5755
0.0973, 5754
0.0982, 5753
0.0989, 5752
0.0995, 5751
0.1000, 5750
0.1006, 5749
0.1015, 5748
0.1020, 5747
0.1025, 5746
0.1035, 5745
0.1046, 5744
0.1051, 5743
0.1057, 5742
0.1062, 5741
0.1073, 5740
0.1079, 5739
0.1085, 5738
0.1090, 5737
0.1096, 5736
0.1102, 5735
0.1108, 5734
0.1113, 5733
0.1119, 5732
0.1125, 5731
0.1131, 5730
0.1136, 5729
0.1142, 5728
0.1147, 5727
0.1153, 5726
0.1159, 5725
0.1166, 5724
0.1173, 5723
0.1184, 5722
0.1191, 5721
0.1196, 5720
0.1204, 5719
0.1212, 5718
0.1222, 5717
0.1230, 5716
0.1239, 5715
0.1250, 5714
0.1256, 5713
0.1262, 5712
0.1268, 5711
0.1274, 5710
0.1279, 5709
0.1288, 5708
0.1295, 5707
0.1302, 5706
0.1307, 5705
0.1313, 5704
0.1318, 5703
0.1324, 5702
0.1330, 5701
0.1337, 5700
0.1347, 5699
0.1352, 5698
0.1358, 5697
0.1363, 5696
0.1375, 5695
0.1382, 5694
0.1388, 5693
0.1394, 5692
0.1400, 5691
0.1405, 5690
0.1411, 5689
0.1418, 5688
0.1424, 5687
0.1429, 5686
0.1439, 5685
0.1445, 5684
0.1451, 5683
0.1457, 5682
0.1463, 5681
0.1469, 5680
0.1475, 5679
0.1481, 5678
0.1487, 5677
0.1493, 5676
0.1499, 5675
0.1505, 5674
0.1510, 5673
0.1516, 5672
0.1522, 5671
0.1527, 5670
0.1534, 5669
0.1540, 5668
0.1546, 5667
0.1552, 5666
0.1558, 5665
0.1564, 5664
0.1570, 5663
0.1576, 5662
0.1586, 5661
0.1592, 5660
0.1601, 5659
0.1607, 5658
0.1618, 5657
0.1628, 5656
0.1637, 5655
0.1644, 5654
0.1652, 5653
0.1658, 5652
0.1664, 5651
0.1670, 5650
0.1675, 5649
0.1681, 5648
0.1689, 5647
0.1694, 5646
0.1700, 5645
0.1708, 5644
0.1713, 5643
0.1719, 5642
0.1725, 5641
0.1732, 5640
0.1740, 5639
0.1750, 5638
0.1755, 5637
0.1761, 5636
0.1768, 5635
0.1778, 5634
0.1785, 5633
0.1795, 5632
0.1804, 5631
0.1811, 5630
0.1821, 5629
0.1830, 5628
0.1836, 5627
0.1847, 5626
0.1856, 5625
0.1862, 5624
0.1871, 5623
0.1877, 5622
0.1883, 5621
0.1890, 5620
0.1897, 5619
0.1907, 5618
0.1913, 5617
0.1919, 5616
0.1924, 5615
0.1931, 5614
0.1941, 5613
0.1946, 5612
0.1952, 5611
0.1958, 5610
0.1966, 5609
0.1972, 5608
0.1978, 5607
0.1984, 5606
0.1990, 5605
0.1997, 5604
0.2002, 5603
0.2008, 5602
0.2014, 5601
0.2020, 5600
0.2025, 5599
0.2031, 5598
0.2036, 5597
0.2042, 5596
0.2048, 5595
0.2057, 5594
0.2063, 5593
0.2073, 5592
0.2079, 5591
0.2087, 5590
0.2095, 5589
0.2104, 5588
0.2110, 5587
0.2117, 5586
0.2122, 5585
0.2130, 5584
0.2140, 5583
0.2147, 5582
0.2154, 5581
0.2159, 5580
0.2166, 5579
0.2173, 5578
0.2180, 5577
0.2190, 5576
0.2197, 5575
0.2203, 5574
0.2211, 5573
0.2217, 5572
0.2222, 5571
0.2230, 5570
0.2239, 5569
0.2245, 5568
0.2254, 5567
0.2260, 5566
0.2265, 5565
0.2272, 5564
0.2279, 5563
0.2291, 5562
0.2298, 5561
0.2304, 5560
0.2310, 5559
0.2316, 5558
0.2322, 5557
0.2332, 5556
0.2338, 5555
0.2344, 5554
0.2351, 5553
0.2360, 5552
0.2366, 5551
0.2372, 5550
0.2379, 5549
0.2385, 5548
0.2392, 5547
0.2398, 5546
0.2404, 5545
0.2410, 5544
0.2416, 5543
0.2421, 5542
0.2429, 5541
0.2435, 5540
0.2441, 5539
0.2447, 5538
0.2453, 5537
0.2458, 5536
0.2464, 5535
0.2471, 5534
0.2480, 5533
0.2485, 5532
0.2491, 5531
0.2497, 5530
0.2503, 5529
0.2509, 5528
0.2515, 5527
0.2520, 5526
0.2529, 5525
0.2535, 5524
0.2543, 5523
0.2552, 5522
0.2562, 5521
0.2571, 5520
0.2578, 5519
0.2585, 5518
0.2590, 5517
0.2597, 5516
0.2603, 5515
0.2611, 5514
0.2617, 5513
0.2623, 5512
0.2629, 5511
0.2635, 5510
0.2641, 5509
0.2647, 5508
0.2653, 5507
0.2661, 5506
0.2667, 5505
0.2673, 5504
0.2679, 5503
0.2689, 5502
0.2695, 5501
0.2701, 5500
0.2708, 5499
0.2718, 5498
0.2725, 5497
0.2732, 5496
0.2738, 5495
0.2745, 5494
0.2752, 5493
0.2758, 5492
0.2764, 5491
0.2775, 5490
0.2783, 5489
0.2789, 5488
0.2794, 5487
0.2800, 5486
0.2805, 5485
0.2815, 5484
0.2821, 5483
0.2827, 5482
0.2837, 5481
0.2844, 5480
0.2849, 5479
0.2855, 5478
0.2861, 5477
0.2867, 5476
0.2874, 5475
0.2879, 5474
0.2888, 5473
0.2894, 5472
0.2900, 5471
0.2907, 5470
0.2913, 5469
0.2919, 5468
0.2925, 5467
0.2931, 5466
0.2942, 5465
0.2948, 5464
0.2954, 5463
0.2959, 5462
0.2966, 5461
0.2972, 5460
0.2978, 5459
0.2985, 5458
0.2991, 5457
0.2997, 5456
0.3006, 5455
0.3013, 5454
0.3019, 5453
0.3026, 5452
0.3031, 5451
0.3039, 5450
0.3044, 5449
0.3051, 5448
0.3058, 5447
0.3064, 5446
0.3070, 5445
0.3076, 5444
0.3086, 5443
0.3093, 5442
0.3099, 5441
0.3105, 5440
0.3111, 5439
0.3118, 5438
0.3128, 5437
0.3136, 5436
0.3142, 5435
0.3149, 5434
0.3155, 5433
0.3161, 5432
0.3171, 5431
0.3177, 5430
0.3183, 5429
0.3189, 5428
0.3195, 5427
0.3202, 5426
0.3211, 5425
0.3218, 5424
0.3224, 5423
0.3232, 5422
0.3239, 5421
0.3246, 5420
0.3256, 5419
0.3262, 5418
0.3268, 5417
0.3279, 5416
0.3284, 5415
0.3292, 5414
0.3298, 5413
0.3304, 5412
0.3310, 5411
0.3316, 5410
0.3321, 5409
0.3327, 5408
0.3332, 5407
0.3340, 5406
0.3348, 5405
0.3357, 5404
0.3365, 5403
0.3373, 5402
0.3379, 5401
0.3385, 5400
0.3392, 5399
0.3401, 5398
0.3409, 5397
0.3415, 5396
0.3422, 5395
0.3431, 5394
0.3439, 5393
0.3446, 5392
0.3454, 5391
0.3459, 5390
0.3465, 5389
0.3471, 5388
0.3478, 5387
0.3484, 5386
0.3493, 5385
0.3499, 5384
0.3506, 5383
0.3513, 5382
0.3521, 5381
0.3527, 5380
0.3533, 5379
0.3539, 5378
0.3547, 5377
0.3553, 5376
0.3560, 5375
0.3566, 5374
0.3573, 5373
0.3580, 5372
0.3585, 5371
0.3592, 5370
0.3599, 5369
0.3607, 5368
0.3614, 5367
0.3620, 5366
0.3628, 5365
0.3635, 5364
0.3643, 5363
0.3654, 5362
0.3661, 5361
0.3669, 5360
0.3676, 5359
0.3683, 5358
0.3690, 5357
0.3701, 5356
0.3707, 5355
0.3714, 5354
0.3721, 5353
0.3728, 5352
0.3734, 5351
0.3742, 5350
0.3749, 5349
0.3755, 5348
0.3761, 5347
0.3767, 5346
0.3776, 5345
0.3785, 5344
0.3790, 5343
0.3798, 5342
0.3805, 5341
0.3810, 5340
0.3817, 5339
0.3822, 5338
0.3829, 5337
0.3835, 5336
0.3842, 5335
0.3849, 5334
0.3857, 5333
0.3866, 5332
0.3877, 5331
0.3883, 5330
0.3889, 5329
0.3895, 5328
0.3901, 5327
0.3908, 5326
0.3914, 5325
0.3920, 5324
0.3926, 5323
0.3937, 5322
0.3947, 5321
0.3956, 5320
0.3964, 5319
0.3970, 5318
0.3976, 5317
0.3981, 5316
0.3990, 5315
0.3997, 5314
0.4004, 5313
0.4011, 5312
0.4019, 5311
0.4027, 5310
0.4032, 5309
0.4039, 5308
0.4049, 5307
0.4057, 5306
0.4064, 5305
0.4070, 5304
0.4077, 5303
0.4083, 5302
0.4090, 5301
0.4095, 5300
0.4102, 5299
0.4108, 5298
0.4114, 5297
0.4120, 5296
0.4128, 5295
0.4136, 5294
0.4141, 5293
0.4147, 5292
0.4155, 5291
0.4162, 5290
0.4169, 5289
0.4178, 5288
0.4184, 5287
0.4190, 5286
0.4197, 5285
0.4203, 5284
0.4210, 5283
0.4217, 5282
0.4222, 5281
0.4228, 5280
0.4235, 5279
0.4241, 5278
0.4247, 5277
0.4253, 5276
0.4260, 5275
0.4267, 5274
0.4276, 5273
0.4282, 5272
0.4287, 5271
0.4293, 5270
0.4301, 5269
0.4308, 5268
0.4314, 5267
0.4319, 5266
0.4326, 5265
0.4334, 5264
0.4341, 5263
0.4348, 5262
0.4354, 5261
0.4359, 5260
0.4368, 5259
0.4373, 5258
0.4379, 5257
0.4387, 5256
0.4394, 5255
0.4401, 5254
0.4412, 5253
0.4421, 5252
0.4428, 5251
0.4440, 5250
0.4446, 5249
0.4451, 5248
0.4458, 5247
0.4465, 5246
0.4472, 5245
0.4478, 5244
0.4485, 5243
0.4490, 5242
0.4496, 5241
0.4504, 5240
0.4510, 5239
0.4515, 5238
0.4522, 5237
0.4532, 5236
0.4538, 5235
0.4544, 5234
0.4550, 5233
0.4556, 5232
0.4563, 5231
0.4569, 5230
0.4575, 5229
0.4581, 5228
0.4587, 5227
0.4596, 5226
0.4602, 5225
0.4608, 5224
0.4619, 5223
0.4628, 5222
0.4635, 5221
0.4644, 5220
0.4651, 5219
0.4657, 5218
0.4662, 5217
0.4669, 5216
0.4676, 5215
0.4683, 5214
0.4689, 5213
0.4697, 5212
0.4705, 5211
0.4713, 5210
0.4722, 5209
0.4729, 5208
0.4736, 5207
0.4745, 5206
0.4752, 5205
0.4759, 5204
0.4767, 5203
0.4774, 5202
0.4781, 5201
0.4787, 5200
0.4795, 5199
0.4802, 5198
0.4810, 5197
0.4817, 5196
0.4824, 5195
0.4833, 5194
0.4839, 5193
0.4845, 5192
0.4852, 5191
0.4858, 5190
0.4865, 5189
0.4871, 5188
0.4876, 5187
0.4883, 5186
0.4889, 5185
0.4896, 5184
0.4902, 5183
0.4910, 5182
0.4917, 5181
0.4926, 5180
0.4935, 5179
0.4941, 5178
0.4951, 5177
0.4957, 5176
0.4964, 5175
0.4973, 5174
0.4980, 5173
0.4988, 5172
0.4993, 5171
0.5000, 5170
0.5005, 5169
0.5014, 5168
0.5020, 5167
0.5026, 5166
0.5033, 5165
0.5042, 5164
0.5048, 5163
0.5055, 5162
0.5062, 5161
0.5073, 5160
0.5080, 5159
0.5088, 5158
0.5095, 5157
0.5101, 5156
0.5107, 5155
0.5114, 5154
0.5121, 5153
0.5130, 5152
0.5137, 5151
0.5143, 5150
0.5150, 5149
0.5157, 5148
0.5163, 5147
0.5169, 5146
0.5174, 5145
0.5179, 5144
0.5186, 5143
0.5192, 5142
0.5198, 5141
0.5204, 5140
0.5210, 5139
0.5217, 5138
0.5224, 5137
0.5233, 5136
0.5239, 5135
0.5247, 5134
0.5253, 5133
0.5259, 5132
0.5265, 5131
0.5272, 5130
0.5279, 5129
0.5286, 5128
0.5292, 5127
0.5300, 5126
0.5309, 5125
0.5315, 5124
0.5321, 5123
0.5328, 5122
0.5333, 5121
0.5342, 5120
0.5347, 5119
0.5353, 5118
0.5358, 5117
0.5363, 5116
0.5368, 5115
0.5375, 5114
0.5383, 5113
0.5391, 5112
0.5399, 5111
0.5407, 5110
0.5414, 5109
0.5419, 5108
0.5425, 5107
0.5431, 5106
0.5438, 5105
0.5444, 5104
0.5451, 5103
0.5459, 5102
0.5465, 5101
0.5474, 5100
0.5481, 5099
0.5488, 5098
0.5497, 5097
0.5503, 5096
0.5511, 5095
0.5517, 5094
0.5523, 5093
0.5530, 5092
0.5537, 5091
0.5544, 5090
0.5549, 5089
0.5557, 5088
0.5564, 5087
0.5573, 5086
0.5579, 5085
0.5585, 5084
0.5592, 5083
0.5600, 5082
0.5607, 5081
0.5612, 5080
0.5620, 5079
0.5626, 5078
0.5632, 5077
0.5640, 5076
0.5645, 5075
0.5653, 5074
0.5660, 5073
0.5668, 5072
0.5674, 5071
0.5679, 5070
0.5684, 5069
0.5692, 5068
0.5702, 5067
0.5709, 5066
0.5717, 5065
0.5725, 5064
0.5736, 5063
0.5743, 5062
0.5750, 5061
0.5755, 5060
0.5763, 5059
0.5770, 5058
0.5775, 5057
0.5781, 5056
0.5787, 5055
0.5794, 5054
0.5801, 5053
0.5808, 5052
0.5814, 5051
0.5820, 5050
0.5826, 5049
0.5832, 5048
0.5841, 5047
0.5848, 5046
0.5859, 5045
0.5865, 5044
0.5872, 5043
0.5878, 5042
0.5884, 5041
0.5894, 5040
0.5899, 5039
0.5906, 5038
0.5915, 5037
0.5921, 5036
0.5926, 5035
0.5934, 5034
0.5941, 5033
0.5947, 5032
0.5954, 5031
0.5964, 5030
0.5970, 5029
0.5979, 5028
0.5984, 5027
0.5992, 5026
0.5998, 5025
0.6005, 5024
0.6011, 5023
0.6017, 5022
0.6024, 5021
0.6032, 5020
0.6042, 5019
0.6052, 5018
0.6057, 5017
0.6062, 5016
0.6068, 5015
0.6078, 5014
0.6085, 5013
0.6092, 5012
0.6100, 5011
0.6107, 5010
0.6114, 5009
0.6120, 5008
0.6126, 5007
0.6132, 5006
0.6142, 5005
0.6147, 5004
0.6156, 5003
0.6162, 5002
0.6168, 5001
0.6178, 5000
0.6184, 4999
0.6193, 4998
0.6199, 4997
0.6205, 4996
0.6212, 4995
0.6217, 4994
0.6224, 4993
0.6231, 4992
0.6237, 4991
0.6245, 4990
0.6253, 4989
0.6263, 4988
0.6270, 4987
0.6277, 4986
0.6283, 4985
0.6290, 4984
0.6297, 4983
0.6304, 4982
0.6311, 4981
0.6319, 4980
0.6329, 4979
0.6334, 4978
0.6340, 4977
0.6348, 4976
0.6357, 4975
0.6367, 4974
0.6373, 4973
0.6379, 4972
0.6387, 4971
0.6394, 4970
0.6399, 4969
0.6408, 4968
0.6415, 4967
0.6422, 4966
0.6429, 4965
0.6436, 4964
0.6441, 4963
0.6447, 4962
0.6454, 4961
0.6462, 4960
0.6468, 4959
0.6473, 4958
0.6479, 4957
0.6485, 4956
0.6493, 4955
0.6499, 4954
0.6505, 4953
0.6511, 4952
0.6519, 4951
0.6529, 4950
0.6537, 4949
0.6549, 4948
0.6555, 4947
0.6562, 4946
0.6570, 4945
0.6576, 4944
0.6582, 4943
0.6588, 4942
0.6593, 4941
0.6599, 4940
0.6605, 4939
0.6612, 4938
0.6617, 4937
0.6624, 4936
0.6631, 4935
0.6641, 4934
0.6649, 4933
0.6655, 4932
0.6661, 4931
0.6667, 4930
0.6674, 4929
0.6681, 4928
0.6686, 4927
0.6694, 4926
0.6701, 4925
0.6707, 4924
0.6714, 4923
0.6722, 4922
0.6729, 4921
0.6735, 4920
0.6741, 4919
0.6751, 4918
0.6760, 4917
0.6766, 4916
0.6775, 4915
0.6780, 4914
0.6786, 4913
0.6791, 4912
0.6796, 4911
0.6802, 4910
0.6808, 4909
0.6817, 4908
0.6823, 4907
0.6828, 4906
0.6835, 4905
0.6840, 4904
0.6846, 4903
0.6852, 4902
0.6859, 4901
0.6864, 4900
0.6874, 4899
0.6882, 4898
0.6887, 4897
0.6893, 4896
0.6898, 4895
0.6905, 4894
0.6912, 4893
0.6917, 4892
0.6926, 4891
0.6935, 4890
0.6943, 4889
0.6948, 4888
0.6954, 4887
0.6960, 4886
0.6967, 4885
0.6972, 4884
0.6979, 4883
0.6985, 4882
0.6991, 4881
0.6997, 4880
0.7003, 4879
0.7013, 4878
0.7018, 4877
0.7023, 4876
0.7031, 4875
0.7037, 4874
0.7042, 4873
0.7048, 4872
0.7056, 4871
0.7064, 4870
0.7072, 4869
0.7081, 4868
0.7086, 4867
0.7092, 4866
0.7098, 4865
0.7108, 4864
0.7116, 4863
0.7122, 4862
0.7128, 4861
0.7136, 4860
0.7143, 4859
0.7151, 4858
0.7157, 4857
0.7165, 4856
0.7174, 4855
0.7180, 4854
0.7191, 4853
0.7197, 4852
0.7202, 4851
0.7209, 4850
0.7218, 4849
0.7225, 4848
0.7232, 4847
0.7238, 4846
0.7243, 4845
0.7251, 4844
0.7256, 4843
0.7262, 4842
0.7267, 4841
0.7274, 4840
0.7282, 4839
0.7292, 4838
0.7299, 4837
0.7306, 4836
0.7311, 4835
0.7317, 4834
0.7323, 4833
0.7329, 4832
0.7335, 4831
0.7344, 4830
0.7350, 4829
0.7356, 4828
0.7362, 4827
0.7372, 4826
0.7381, 4825
0.7386, 4824
0.7393, 4823
0.7399, 4822
0.7405, 4821
0.7412, 4820
0.7417, 4819
0.7423, 4818
0.7429, 4817
0.7434, 4816
0.7440, 4815
0.7446, 4814
0.7455, 4813
0.7464, 4812
0.7471, 4811
0.7476, 4810
0.7485, 4809
0.7491, 4808
0.7496, 4807
0.7501, 4806
0.7506, 4805
0.7515, 4804
0.7524, 4803
0.7529, 4802
0.7535, 4801
0.7542, 4800
0.7549, 4799
0.7555, 4798
0.7560, 4797
0.7566, 4796
0.7572, 4795
0.7579, 4794
0.7587, 4793
0.7592, 4792
0.7600, 4791
0.7605, 4790
0.7613, 4789
0.7619, 4788
0.7626, 4787
0.7632, 4786
0.7637, 4785
0.7643, 4784
0.7648, 4783
0.7656, 4782
0.7662, 4781
0.7671, 4780
0.7679, 4779
0.7684, 4778
0.7693, 4777
0.7698, 4776
0.7704, 4775
0.7709, 4774
0.7720, 4773
0.7726, 4772
0.7733, 4771
0.7738, 4770
0.7744, 4769
0.7754, 4768
0.7760, 4767
0.7765, 4766
0.7771, 4765
0.7780, 4764
0.7789, 4763
0.7795, 4762
0.7802, 4761
0.7807, 4760
0.7813, 4759
0.7825, 4758
0.7831, 4757
0.7837, 4756
0.7845, 4755
0.7851, 4754
0.7856, 4753
0.7862, 4752
0.7867, 4751
0.7875, 4750
0.7881, 4749
0.7887, 4748
0.7893, 4747
0.7902, 4746
0.7908, 4745
0.7916, 4744
0.7924, 4743
0.7933, 4742
0.7941, 4741
0.7947, 4740
0.7953, 4739
0.7958, 4738
0.7964, 4737
0.7971, 4736
0.7979, 4735
0.7985, 4734
0.7991, 4733
0.7996, 4732
0.8001, 4731
0.8010, 4730
0.8016, 4729
0.8021, 4728
0.8027, 4727
0.8035, 4726
0.8043, 4725
0.8052, 4724
0.8061, 4723
0.8066, 4722
0.8074, 4721
0.8083, 4720
0.8088, 4719
0.8093, 4718
0.8099, 4717
0.8107, 4716
0.8115, 4715
0.8123, 4714
0.8132, 4713
0.8137, 4712
0.8145, 4711
0.8153, 4710
0.8163, 4709
0.8170, 4708
0.8179, 4707
0.8185, 4706
0.8193, 4705
0.8200, 4704
0.8208, 4703
0.8217, 4702
0.8227, 4701
0.8235, 4700
0.8244, 4699
0.8252, 4698
0.8260, 4697
0.8267, 4696
0.8276, 4695
0.8283, 4694
0.8293, 4693
0.8302, 4692
0.8311, 4691
0.8321, 4690
1.0048, 4689
1.2825, 4688
1.2831, 4687
1.4072, 4686
1.6853, 4685
1.7466, 4684
1.8261, 4683
1.9257, 4682
2.0454, 4681
2.2808, 4680
2.3421, 4679
2.4811, 4678
2.5611, 4677
2.7002, 4676
3.0053, 4675
3.0061, 4674
3.1278, 4673
3.3325, 4672
3.3332, 4671
3.3958, 4670
3.5183, 4669
3.5192, 4668
3.6184, 4667
3.7445, 4666
3.7453, 4665
3.7873, 4664
3.8279, 4663
4.2820, 4662
4.4009, 4661
4.8777, 4660
4.9220, 4659
5.0546, 4658
5.1378, 4657
5.3292, 4656
5.5539, 4655
6.0091, 4654
6.0496, 4653
6.0501, 4652
6.6057, 4651
6.7252, 4650
6.8448, 4649
7.4943, 4648
7.6129, 4647
7.7112, 4646
7.9690, 4645
8.0482, 4644
8.0487, 4643
8.0493, 4642
8.1285, 4641
8.5610, 4640
8.6598, 4639
8.7392, 4638
8.9815, 4637
9.0859, 4636
9.3428, 4635
9.5229, 4634
9.5641, 4633
9.8928, 4632
