0.0000, 5900
0.0005, 5899
0.0012, 5898
0.0018, 5897
0.0028, 5896
0.0036, 5895
0.0043, 5894
0.0050, 5893
0.0058, 5892
0.0063, 5891
0.0072, 5890
0.0077, 5889
0.0082, 5888
0.0087, 5887
0.0097, 5886
0.0106, 5885
0.0113, 5884
0.0126, 5883
0.0132, 5882
0.0143, 5881
0.0148, 5880
0.0158, 5879
0.0166, 5878
0.0176, 5877
0.0181, 5876
0.0186, 5875
0.0191, 5874
0.0197, 5873
0.0209, 5872
0.0214, 5871
0.0219, 5870
0.0224, 5869
0.0231, 5868
0.0236, 5867
0.0241, 5866
0.0246, 5865
0.0255, 5864
0.0262, 5863
0.0268, 5862
0.0274, 5861
0.0280, 5860
0.0286, 5859
0.0291, 5858
0.0296, 5857
0.0302, 5856
0.0308, 5855
0.0313, 5854
0.0319, 5853
0.0324, 5852
0.0334, 5851
0.0343, 5850
0.0349, 5849
0.0354, 5848
0.0361, 5847
0.0366, 5846
0.0372, 5845
0.0379, 5844
0.0384, 5843
0.0390, 5842
0.0395, 5841
0.0403, 5840
0.0410, 5839
0.0415, 5838
0.0420, 5837
0.0427, 5836
0.0433, 5835
0.0440, 5834
0.0445, 5833
0.0452, 5832
0.0458, 5831
0.0463, 5830
0.0471, 5829
0.0476, 5828
0.0481, 5827
0.0487, 5826
0.0496, 5825
0.0501, 5824
0.0507, 5823
0.0515, 5822
0.0520, 5821
0.0526, 5820
0.0531, 5819
0.0536, 5818
0.0541, 5817
0.0550, 5816
0.0555, 5815
0.0565, 5814
0.0575, 5813
0.0581, 5812
0.0587, 5811
0.0597, 5810
0.0604, 5809
0.0610, 5808
0.0616, 5807
0.0621, 5806
0.0630, 5805
0.0636, 5804
0.0641, 5803
0.0646, 5802
0.0652, 5801
0.0657, 5800
0.0666, 5799
0.0671, 5798
0.0678, 5797
0.0684, 5796
0.0690, 5795
0.0695, 5794
0.0703, 5793
0.0708, 5792
0.0713, 5791
0.0719, 5790
0.0724, 5789
0.0729, 5788
0.0735, 5787
0.0740, 5786
0.0753, 5785
0.0763, 5784
0.0772, 5783
0.0778, 5782
0.0783, 5781
0.0788, 5780
0.0795, 5779
0.0804, 5778
0.0810, 5777
0.0819, 5776
0.0826, 5775
0.0833, 5774
0.0839, 5773
0.0851, 5772
0.0858, 5771
0.0892, 5770
0.0899, 5769
0.0905, 5768
0.0913, 5767
0.0922, 5766
0.0930, 5765
0.0938, 5764
0.0944, 5763
0.0950, 5762
0.0955, 5761
0.0961, 5760
0.0971, 5759
0.0977, 5758
0.0982, 5757
0.0988, 5756
0.0993, 5755
0.0999, 5754
0.1008, 5753
0.1053, 5752
0.1066, 5751
0.1079, 5750
0.1085, 5749
0.1094, 5748
0.1100, 5747
0.1106, 5746
0.1115, 5745
0.1127, 5744
0.1139, 5743
0.1145, 5742
0.1151, 5741
0.1163, 5740
0.1169, 5739
0.1177, 5738
0.1183, 5737
0.1189, 5736
0.1195, 5735
0.1201, 5734
0.1207, 5733
0.1228, 5732
0.1243, 5731
0.1257, 5730
0.1264, 5729
0.1270, 5728
0.1276, 5727
0.1282, 5726
0.1288, 5725
0.1295, 5724
0.1302, 5723
0.1313, 5722
0.1321, 5721
0.1327, 5720
0.1336, 5719
0.1344, 5718
0.1354, 5717
0.1362, 5716
0.1371, 5715
0.1381, 5714
0.1387, 5713
0.1393, 5712
0.1399, 5711
0.1404, 5710
0.1410, 5709
0.1419, 5708
0.1426, 5707
0.1432, 5706
0.1437, 5705
0.1443, 5704
0.1448, 5703
0.1453, 5702
0.1459, 5701
0.1466, 5700
0.1477, 5699
0.1482, 5698
0.1488, 5697
0.1493, 5696
0.1505, 5695
0.1512, 5694
0.1519, 5693
0.1525, 5692
0.1530, 5691
0.1535, 5690
0.1540, 5689
0.1547, 5688
0.1553, 5687
0.1558, 5686
0.1568, 5685
0.1574, 5684
0.1580, 5683
0.1585, 5682
0.1591, 5681
0.1597, 5680
0.1603, 5679
0.1609, 5678
0.1615, 5677
0.1621, 5676
0.1627, 5675
0.1633, 5674
0.1638, 5673
0.1644, 5672
0.1650, 5671
0.1656, 5670
0.1663, 5669
0.1668, 5668
0.1675, 5667
0.1680, 5666
0.1686, 5665
0.1691, 5664
0.1697, 5663
0.1703, 5662
0.1713, 5661
0.1719, 5660
0.1727, 5659
0.1733, 5658
0.1745, 5657
0.1755, 5656
0.1764, 5655
0.1771, 5654
0.1778, 5653
0.1784, 5652
0.1791, 5651
0.1797, 5650
0.1802, 5649
0.1808, 5648
0.1815, 5647
0.1821, 5646
0.1827, 5645
0.1835, 5644
0.1840, 5643
0.1846, 5642
0.1852, 5641
0.1860, 5640
0.1867, 5639
0.1876, 5638
0.1882, 5637
0.1888, 5636
0.1894, 5635
0.1905, 5634
0.1911, 5633
0.1921, 5632
0.1929, 5631
0.1935, 5630
0.1945, 5629
0.1954, 5628
0.1959, 5627
0.1971, 5626
0.1980, 5625
0.1986, 5624
0.1995, 5623
0.2001, 5622
0.2007, 5621
0.2014, 5620
0.2021, 5619
0.2031, 5618
0.2036, 5617
0.2042, 5616
0.2048, 5615
0.2055, 5614
0.2064, 5613
0.2070, 5612
0.2075, 5611
0.2081, 5610
0.2089, 5609
0.2096, 5608
0.2102, 5607
0.2107, 5606
0.2113, 5605
0.2119, 5604
0.2125, 5603
0.2131, 5602
0.2137, 5601
0.2143, 5600
0.2148, 5599
0.2154, 5598
0.2159, 5597
0.2164, 5596
0.2170, 5595
0.2179, 5594
0.2185, 5593
0.2195, 5592
0.2200, 5591
0.2208, 5590
0.2216, 5589
0.2225, 5588
0.2231, 5587
0.2237, 5586
0.2242, 5585
0.2249, 5584
0.2260, 5583
0.2266, 5582
0.2272, 5581
0.2278, 5580
0.2284, 5579
0.2291, 5578
0.2297, 5577
0.2307, 5576
0.2314, 5575
0.2320, 5574
0.2328, 5573
0.2333, 5572
0.2339, 5571
0.2346, 5570
0.2355, 5569
0.2361, 5568
0.2370, 5567
0.2375, 5566
0.2381, 5565
0.2387, 5564
0.2394, 5563
0.2406, 5562
0.2412, 5561
0.2418, 5560
0.2424, 5559
0.2430, 5558
0.2435, 5557
0.2446, 5556
0.2452, 5555
0.2457, 5554
0.2464, 5553
0.2473, 5552
0.2479, 5551
0.2486, 5550
0.2492, 5549
0.2498, 5548
0.2505, 5547
0.2512, 5546
0.2518, 5545
0.2523, 5544
0.2529, 5543
0.2534, 5542
0.2541, 5541
0.2548, 5540
0.2553, 5539
0.2558, 5538
0.2564, 5537
0.2569, 5536
0.2575, 5535
0.2582, 5534
0.2590, 5533
0.2596, 5532
0.2602, 5531
0.2607, 5530
0.2613, 5529
0.2619, 5528
0.2624, 5527
0.2630, 5526
0.2638, 5525
0.2644, 5524
0.2651, 5523
0.2659, 5522
0.2670, 5521
0.2679, 5520
0.2686, 5519
0.2693, 5518
0.2698, 5517
0.2705, 5516
0.2711, 5515
0.2719, 5514
0.2725, 5513
0.2731, 5512
0.2737, 5511
0.2743, 5510
0.2748, 5509
0.2755, 5508
0.2760, 5507
0.2768, 5506
0.2773, 5505
0.2779, 5504
0.2784, 5503
0.2794, 5502
0.2799, 5501
0.2805, 5500
0.2811, 5499
0.2820, 5498
0.2827, 5497
0.2834, 5496
0.2839, 5495
0.2846, 5494
0.2852, 5493
0.2859, 5492
0.2864, 5491
0.2874, 5490
0.2882, 5489
0.2888, 5488
0.2893, 5487
0.2899, 5486
0.2904, 5485
0.2914, 5484
0.2919, 5483
0.2924, 5482
0.2934, 5481
0.2940, 5480
0.2945, 5479
0.2951, 5478
0.2957, 5477
0.2963, 5476
0.2969, 5475
0.2974, 5474
0.2982, 5473
0.2988, 5472
0.2994, 5471
0.3000, 5470
0.3006, 5469
0.3012, 5468
0.3018, 5467
0.3024, 5466
0.3034, 5465
0.3039, 5464
0.3045, 5463
0.3050, 5462
0.3057, 5461
0.3063, 5460
0.3069, 5459
0.3076, 5458
0.3081, 5457
0.3087, 5456
0.3096, 5455
0.3103, 5454
0.3108, 5453
0.3115, 5452
0.3120, 5451
0.3128, 5450
0.3134, 5449
0.3141, 5448
0.3147, 5447
0.3152, 5446
0.3158, 5445
0.3164, 5444
0.3174, 5443
0.3180, 5442
0.3186, 5441
0.3191, 5440
0.3198, 5439
0.3204, 5438
0.3213, 5437
0.3221, 5436
0.3227, 5435
0.3233, 5434
0.3239, 5433
0.3245, 5432
0.3255, 5431
0.3260, 5430
0.3266, 5429
0.3272, 5428
0.3277, 5427
0.3285, 5426
0.3294, 5425
0.3301, 5424
0.3307, 5423
0.3314, 5422
0.3322, 5421
0.3329, 5420
0.3338, 5419
0.3344, 5418
0.3349, 5417
0.3360, 5416
0.3365, 5415
0.3372, 5414
0.3378, 5413
0.3383, 5412
0.3389, 5411
0.3394, 5410
0.3400, 5409
0.3405, 5408
0.3410, 5407
0.3417, 5406
0.3425, 5405
0.3434, 5404
0.3441, 5403
0.3449, 5402
0.3454, 5401
0.3460, 5400
0.3468, 5399
0.3476, 5398
0.3483, 5397
0.3490, 5396
0.3497, 5395
0.3505, 5394
0.3513, 5393
0.3520, 5392
0.3527, 5391
0.3533, 5390
0.3539, 5389
0.3545, 5388
0.3551, 5387
0.3557, 5386
0.3566, 5385
0.3571, 5384
0.3578, 5383
0.3585, 5382
0.3592, 5381
0.3599, 5380
0.3604, 5379
0.3610, 5378
0.3617, 5377
0.3624, 5376
0.3630, 5375
0.3636, 5374
0.3643, 5373
0.3650, 5372
0.3655, 5371
0.3662, 5370
0.3668, 5369
0.3675, 5368
0.3682, 5367
0.3688, 5366
0.3696, 5365
0.3702, 5364
0.3709, 5363
0.3719, 5362
0.3726, 5361
0.3734, 5360
0.3741, 5359
0.3747, 5358
0.3754, 5357
0.3765, 5356
0.3770, 5355
0.3777, 5354
0.3783, 5353
0.3790, 5352
0.3796, 5351
0.3804, 5350
0.3810, 5349
0.3816, 5348
0.3822, 5347
0.3828, 5346
0.3836, 5345
0.3845, 5344
0.3850, 5343
0.3857, 5342
0.3864, 5341
0.3869, 5340
0.3875, 5339
0.3880, 5338
0.3886, 5337
0.3892, 5336
0.3898, 5335
0.3904, 5334
0.3911, 5333
0.3921, 5332
0.3931, 5331
0.3936, 5330
0.3942, 5329
0.3948, 5328
0.3954, 5327
0.3960, 5326
0.3967, 5325
0.3972, 5324
0.3978, 5323
0.3989, 5322
0.3999, 5321
0.4009, 5320
0.4017, 5319
0.4023, 5318
0.4029, 5317
0.4034, 5316
0.4042, 5315
0.4049, 5314
0.4056, 5313
0.4062, 5312
0.4070, 5311
0.4077, 5310
0.4082, 5309
0.4089, 5308
0.4098, 5307
0.4105, 5306
0.4111, 5305
0.4117, 5304
0.4123, 5303
0.4129, 5302
0.4135, 5301
0.4140, 5300
0.4147, 5299
0.4152, 5298
0.4158, 5297
0.4164, 5296
0.4171, 5295
0.4178, 5294
0.4183, 5293
0.4189, 5292
0.4197, 5291
0.4204, 5290
0.4211, 5289
0.4219, 5288
0.4225, 5287
0.4231, 5286
0.4237, 5285
0.4242, 5284
0.4250, 5283
0.4255, 5282
0.4261, 5281
0.4267, 5280
0.4273, 5279
0.4279, 5278
0.4285, 5277
0.4292, 5276
0.4299, 5275
0.4306, 5274
0.4315, 5273
0.4321, 5272
0.4326, 5271
0.4332, 5270
0.4339, 5269
0.4345, 5268
0.4351, 5267
0.4356, 5266
0.4362, 5265
0.4369, 5264
0.4376, 5263
0.4382, 5262
0.4388, 5261
0.4394, 5260
0.4402, 5259
0.4407, 5258
0.4413, 5257
0.4420, 5256
0.4427, 5255
0.4434, 5254
0.4443, 5253
0.4451, 5252
0.4458, 5251
0.4469, 5250
0.4475, 5249
0.4480, 5248
0.4487, 5247
0.4494, 5246
0.4501, 5245
0.4507, 5244
0.4514, 5243
0.4520, 5242
0.4526, 5241
0.4533, 5240
0.4539, 5239
0.4544, 5238
0.4551, 5237
0.4559, 5236
0.4565, 5235
0.4571, 5234
0.4577, 5233
0.4582, 5232
0.4590, 5231
0.4596, 5230
0.4601, 5229
0.4607, 5228
0.4614, 5227
0.4622, 5226
0.4628, 5225
0.4633, 5224
0.4643, 5223
0.4652, 5222
0.4658, 5221
0.4666, 5220
0.4674, 5219
0.4679, 5218
0.4685, 5217
0.4691, 5216
0.4699, 5215
0.4706, 5214
0.4711, 5213
0.4719, 5212
0.4726, 5211
0.4734, 5210
0.4743, 5209
0.4749, 5208
0.4756, 5207
0.4765, 5206
0.4772, 5205
0.4779, 5204
0.4787, 5203
0.4793, 5202
0.4800, 5201
0.4807, 5200
0.4814, 5199
0.4821, 5198
0.4828, 5197
0.4834, 5196
0.4840, 5195
0.4849, 5194
0.4854, 5193
0.4859, 5192
0.4865, 5191
0.4871, 5190
0.4878, 5189
0.4884, 5188
0.4889, 5187
0.4895, 5186
0.4901, 5185
0.4907, 5184
0.4913, 5183
0.4921, 5182
0.4927, 5181
0.4935, 5180
0.4944, 5179
0.4950, 5178
0.4959, 5177
0.4966, 5176
0.4973, 5175
0.4981, 5174
0.4988, 5173
0.4996, 5172
0.5002, 5171
0.5008, 5170
0.5013, 5169
0.5022, 5168
0.5028, 5167
0.5033, 5166
0.5040, 5165
0.5048, 5164
0.5054, 5163
0.5061, 5162
0.5067, 5161
0.5077, 5160
0.5085, 5159
0.5092, 5158
0.5099, 5157
0.5105, 5156
0.5110, 5155
0.5116, 5154
0.5123, 5153
0.5132, 5152
0.5139, 5151
0.5145, 5150
0.5152, 5149
0.5158, 5148
0.5165, 5147
0.5170, 5146
0.5175, 5145
0.5180, 5144
0.5188, 5143
0.5194, 5142
0.5199, 5141
0.5205, 5140
0.5211, 5139
0.5217, 5138
0.5224, 5137
0.5232, 5136
0.5238, 5135
0.5245, 5134
0.5252, 5133
0.5257, 5132
0.5263, 5131
0.5270, 5130
0.5277, 5129
0.5284, 5128
0.5290, 5127
0.5298, 5126
0.5306, 5125
0.5312, 5124
0.5317, 5123
0.5323, 5122
0.5328, 5121
0.5336, 5120
0.5341, 5119
0.5347, 5118
0.5352, 5117
0.5357, 5116
0.5362, 5115
0.5368, 5114
0.5377, 5113
0.5384, 5112
0.5391, 5111
0.5399, 5110
0.5405, 5109
0.5410, 5108
0.5415, 5107
0.5421, 5106
0.5427, 5105
0.5433, 5104
0.5440, 5103
0.5447, 5102
0.5453, 5101
0.5462, 5100
0.5469, 5099
0.5476, 5098
0.5484, 5097
0.5489, 5096
0.5497, 5095
0.5503, 5094
0.5508, 5093
0.5515, 5092
0.5521, 5091
0.5528, 5090
0.5533, 5089
0.5540, 5088
0.5547, 5087
0.5557, 5086
0.5563, 5085
0.5568, 5084
0.5575, 5083
0.5582, 5082
0.5589, 5081
0.5594, 5080
0.5602, 5079
0.5607, 5078
0.5613, 5077
0.5620, 5076
0.5626, 5075
0.5633, 5074
0.5640, 5073
0.5647, 5072
0.5653, 5071
0.5658, 5070
0.5663, 5069
0.5671, 5068
0.5681, 5067
0.5687, 5066
0.5695, 5065
0.5702, 5064
0.5712, 5063
0.5718, 5062
0.5726, 5061
0.5731, 5060
0.5739, 5059
0.5745, 5058
0.5751, 5057
0.5757, 5056
0.5763, 5055
0.5770, 5054
0.5776, 5053
0.5784, 5052
0.5790, 5051
0.5795, 5050
0.5801, 5049
0.5807, 5048
0.5814, 5047
0.5821, 5046
0.5831, 5045
0.5837, 5044
0.5842, 5043
0.5849, 5042
0.5854, 5041
0.5863, 5040
0.5868, 5039
0.5874, 5038
0.5883, 5037
0.5888, 5036
0.5893, 5035
0.5901, 5034
0.5908, 5033
0.5914, 5032
0.5920, 5031
0.5929, 5030
0.5936, 5029
0.5944, 5028
0.5950, 5027
0.5957, 5026
0.5963, 5025
0.5970, 5024
0.5977, 5023
0.5982, 5022
0.5989, 5021
0.5996, 5020
0.6006, 5019
0.6015, 5018
0.6020, 5017
0.6026, 5016
0.6031, 5015
0.6041, 5014
0.6048, 5013
0.6055, 5012
0.6062, 5011
0.6068, 5010
0.6076, 5009
0.6082, 5008
0.6087, 5007
0.6093, 5006
0.6102, 5005
0.6108, 5004
0.6116, 5003
0.6122, 5002
0.6128, 5001
0.6137, 5000
0.6143, 4999
0.6151, 4998
0.6158, 4997
0.6163, 4996
0.6170, 4995
0.6175, 4994
0.6181, 4993
0.6188, 4992
0.6194, 4991
0.6201, 4990
0.6209, 4989
0.6218, 4988
0.6226, 4987
0.6232, 4986
0.6239, 4985
0.6246, 4984
0.6254, 4983
0.6260, 4982
0.6268, 4981
0.6287, 4980
0.6327, 4979
0.6340, 4978
0.6346, 4977
0.6357, 4976
0.6371, 4975
0.6383, 4974
0.6389, 4973
0.6396, 4972
0.6404, 4971
0.6412, 4970
0.6417, 4969
0.6426, 4968
0.6434, 4967
0.6441, 4966
0.6453, 4965
0.6461, 4964
0.6467, 4963
0.6473, 4962
0.6482, 4961
0.6490, 4960
0.6496, 4959
0.6502, 4958
0.6510, 4957
0.6523, 4956
0.6546, 4955
0.6565, 4954
0.6579, 4953
0.6590, 4952
0.6600, 4951
0.6616, 4950
0.6628, 4949
0.6641, 4948
0.6648, 4947
0.6661, 4946
0.6671, 4945
0.6685, 4944
0.6698, 4943
0.6708, 4942
0.6721, 4941
0.6731, 4940
0.6738, 4939
0.6752, 4938
0.6760, 4937
0.6771, 4936
0.6780, 4935
0.6792, 4934
0.6803, 4933
0.6809, 4932
0.6815, 4931
0.6823, 4930
0.6830, 4929
0.6837, 4928
0.6845, 4927
0.6853, 4926
0.6865, 4925
0.6875, 4924
0.6884, 4923
0.6894, 4922
0.6903, 4921
0.6909, 4920
0.6916, 4919
0.6928, 4918
0.6938, 4917
0.6944, 4916
0.6955, 4915
0.6962, 4914
0.6969, 4913
0.6974, 4912
0.6979, 4911
0.6986, 4910
0.6993, 4909
0.7007, 4908
0.7014, 4907
0.7020, 4906
0.7027, 4905
0.7032, 4904
0.7039, 4903
0.7046, 4902
0.7056, 4901
0.7062, 4900
0.7073, 4899
0.7082, 4898
0.7089, 4897
0.7096, 4896
0.7102, 4895
0.7110, 4894
0.7117, 4893
0.7123, 4892
0.7134, 4891
0.7143, 4890
0.7151, 4889
0.7156, 4888
0.7162, 4887
0.7169, 4886
0.7176, 4885
0.7183, 4884
0.7192, 4883
0.7199, 4882
0.7206, 4881
0.7213, 4880
0.7222, 4879
0.7233, 4878
0.7239, 4877
0.7246, 4876
0.7256, 4875
0.7263, 4874
0.7270, 4873
0.7277, 4872
0.7286, 4871
0.7295, 4870
0.7305, 4869
0.7314, 4868
0.7322, 4867
0.7328, 4866
0.7334, 4865
0.7347, 4864
0.7359, 4863
0.7366, 4862
0.7374, 4861
0.7386, 4860
0.7396, 4859
0.7407, 4858
0.7415, 4857
0.7423, 4856
0.7432, 4855
0.7438, 4854
0.7448, 4853
0.7454, 4852
0.7460, 4851
0.7467, 4850
0.7476, 4849
0.7483, 4848
0.7491, 4847
0.7497, 4846
0.7502, 4845
0.7510, 4844
0.7515, 4843
0.7520, 4842
0.7525, 4841
0.7532, 4840
0.7539, 4839
0.7549, 4838
0.7556, 4837
0.7562, 4836
0.7567, 4835
0.7572, 4834
0.7579, 4833
0.7585, 4832
0.7591, 4831
0.7600, 4830
0.7605, 4829
0.7612, 4828
0.7618, 4827
0.7628, 4826
0.7638, 4825
0.7643, 4824
0.7651, 4823
0.7656, 4822
0.7662, 4821
0.7669, 4820
0.7673, 4819
0.7680, 4818
0.7685, 4817
0.7691, 4816
0.7696, 4815
0.7702, 4814
0.7711, 4813
0.7720, 4812
0.7726, 4811
0.7732, 4810
0.7741, 4809
0.7746, 4808
0.7751, 4807
0.7756, 4806
0.7761, 4805
0.7770, 4804
0.7779, 4803
0.7784, 4802
0.7790, 4801
0.7797, 4800
0.7831, 4799
0.7837, 4798
0.7842, 4797
0.7848, 4796
0.7854, 4795
0.7861, 4794
0.7868, 4793
0.7874, 4792
0.7882, 4791
0.7887, 4790
0.7895, 4789
0.7900, 4788
0.7907, 4787
0.7913, 4786
0.7920, 4785
0.7927, 4784
0.7933, 4783
0.7940, 4782
0.7945, 4781
0.7955, 4780
0.7963, 4779
0.7968, 4778
0.7977, 4777
0.7983, 4776
0.7989, 4775
0.7994, 4774
0.8004, 4773
0.8009, 4772
0.8016, 4771
0.8021, 4770
0.8027, 4769
0.8036, 4768
0.8042, 4767
0.8047, 4766
0.8052, 4765
0.8061, 4764
0.8069, 4763
0.8075, 4762
0.8081, 4761
0.8086, 4760
0.8092, 4759
0.8103, 4758
0.8109, 4757
0.8114, 4756
0.8122, 4755
0.8127, 4754
0.8133, 4753
0.8138, 4752
0.8144, 4751
0.8153, 4750
0.8159, 4749
0.8165, 4748
0.8171, 4747
0.8180, 4746
0.8186, 4745
0.8194, 4744
0.8202, 4743
0.8210, 4742
0.8218, 4741
0.8224, 4740
0.8230, 4739
0.8235, 4738
0.8241, 4737
0.8248, 4736
0.8256, 4735
0.8262, 4734
0.8268, 4733
0.8273, 4732
0.8278, 4731
0.8287, 4730
0.8293, 4729
0.8322, 4728
0.8328, 4727
0.8336, 4726
0.8343, 4725
0.8351, 4724
0.8360, 4723
0.8365, 4722
0.8372, 4721
0.8381, 4720
0.8386, 4719
0.8391, 4718
0.8397, 4717
0.8404, 4716
0.8413, 4715
0.8420, 4714
0.8428, 4713
0.8433, 4712
0.8441, 4711
0.8448, 4710
0.8458, 4709
0.8465, 4708
0.8473, 4707
0.8482, 4706
0.8490, 4705
0.8497, 4704
0.8504, 4703
0.8513, 4702
0.8522, 4701
0.8529, 4700
0.8539, 4699
0.8546, 4698
0.8554, 4697
0.8561, 4696
0.8570, 4695
0.8579, 4694
0.8592, 4693
0.8601, 4692
0.8612, 4691
0.8624, 4690
1.0902, 4689
1.3676, 4688
1.3886, 4687
1.4486, 4686
1.7551, 4685
1.8185, 4684
1.8796, 4683
1.9966, 4682
2.1165, 4681
2.3360, 4680
2.3949, 4679
2.5920, 4678
2.6318, 4677
2.7506, 4676
3.0475, 4675
3.0484, 4674
3.1503, 4673
3.3912, 4672
3.3917, 4671
3.3924, 4670
3.5322, 4669
3.6535, 4668
3.6544, 4667
3.7933, 4666
3.7939, 4665
3.7946, 4664
3.8541, 4663
4.3166, 4662
4.3961, 4661
4.8525, 4660
4.8925, 4659
5.0344, 4658
5.0937, 4657
5.2741, 4656
5.4713, 4655
5.9634, 4654
5.9642, 4653
5.9647, 4652
6.5410, 4651
6.6620, 4650
6.8438, 4649
7.4693, 4648
7.6072, 4647
7.6693, 4646
7.9298, 4645
8.0120, 4644
8.0125, 4643
8.0132, 4642
8.0526, 4641
8.5240, 4640
8.6235, 4639
8.6837, 4638
8.9835, 4637
9.0230, 4636
9.2810, 4635
9.4625, 4634
9.5227, 4633
9.8205, 4632
