0.0000, 5900
0.0005, 5899
0.0013, 5898
0.0018, 5897
0.0028, 5896
0.0036, 5895
0.0043, 5894
0.0050, 5893
0.0058, 5892
0.0064, 5891
0.0072, 5890
0.0078, 5889
0.0083, 5888
0.0088, 5887
0.0098, 5886
0.0107, 5885
0.0113, 5884
0.0126, 5883
0.0132, 5882
0.0144, 5881
0.0149, 5880
0.0159, 5879
0.0168, 5878
0.0177, 5877
0.0183, 5876
0.0188, 5875
0.0193, 5874
0.0199, 5873
0.0211, 5872
0.0216, 5871
0.0221, 5870
0.0226, 5869
0.0233, 5868
0.0239, 5867
0.0244, 5866
0.0249, 5865
0.0258, 5864
0.0266, 5863
0.0272, 5862
0.0277, 5861
0.0284, 5860
0.0290, 5859
0.0295, 5858
0.0300, 5857
0.0306, 5856
0.0312, 5855
0.0318, 5854
0.0323, 5853
0.0328, 5852
0.0338, 5851
0.0348, 5850
0.0353, 5849
0.0358, 5848
0.0365, 5847
0.0371, 5846
0.0376, 5845
0.0383, 5844
0.0389, 5843
0.0394, 5842
0.0399, 5841
0.0407, 5840
0.0414, 5839
0.0419, 5838
0.0425, 5837
0.0432, 5836
0.0437, 5835
0.0444, 5834
0.0449, 5833
0.0456, 5832
0.0462, 5831
0.0467, 5830
0.0476, 5829
0.0481, 5828
0.0487, 5827
0.0493, 5826
0.0502, 5825
0.0507, 5824
0.0513, 5823
0.0521, 5822
0.0526, 5821
0.0531, 5820
0.0537, 5819
0.0542, 5818
0.0547, 5817
0.0556, 5816
0.0561, 5815
0.0571, 5814
0.0581, 5813
0.0588, 5812
0.0594, 5811
0.0603, 5810
0.0610, 5809
0.0616, 5808
0.0623, 5807
0.0628, 5806
0.0636, 5805
0.0642, 5804
0.0647, 5803
0.0652, 5802
0.0658, 5801
0.0663, 5800
0.0672, 5799
0.0677, 5798
0.0684, 5797
0.0690, 5796
0.0696, 5795
0.0702, 5794
0.0710, 5793
0.0715, 5792
0.0720, 5791
0.0726, 5790
0.0731, 5789
0.0736, 5788
0.0742, 5787
0.0748, 5786
0.0760, 5785
0.0771, 5784
0.0779, 5783
0.0785, 5782
0.0790, 5781
0.0795, 5780
0.0802, 5779
0.0810, 5778
0.0816, 5777
0.0824, 5776
0.0831, 5775
0.0837, 5774
0.0844, 5773
0.0855, 5772
0.0862, 5771
0.0873, 5770
0.0880, 5769
0.0885, 5768
0.0893, 5767
0.0898, 5766
0.0905, 5765
0.0913, 5764
0.0918, 5763
0.0924, 5762
0.0929, 5761
0.0934, 5760
0.0944, 5759
0.0949, 5758
0.0955, 5757
0.0960, 5756
0.0965, 5755
0.0970, 5754
0.0979, 5753
0.0986, 5752
0.0991, 5751
0.0997, 5750
0.1002, 5749
0.1011, 5748
0.1016, 5747
0.1021, 5746
0.1031, 5745
0.1042, 5744
0.1047, 5743
0.1053, 5742
0.1058, 5741
0.1068, 5740
0.1074, 5739
0.1080, 5738
0.1086, 5737
0.1091, 5736
0.1097, 5735
0.1102, 5734
0.1108, 5733
0.1114, 5732
0.1119, 5731
0.1125, 5730
0.1131, 5729
0.1137, 5728
0.1142, 5727
0.1147, 5726
0.1153, 5725
0.1161, 5724
0.1167, 5723
0.1178, 5722
0.1185, 5721
0.1190, 5720
0.1198, 5719
0.1205, 5718
0.1216, 5717
0.1224, 5716
0.1233, 5715
0.1243, 5714
0.1249, 5713
0.1255, 5712
0.1261, 5711
0.1267, 5710
0.1273, 5709
0.1281, 5708
0.1288, 5707
0.1295, 5706
0.1300, 5705
0.1306, 5704
0.1311, 5703
0.1316, 5702
0.1322, 5701
0.1329, 5700
0.1339, 5699
0.1344, 5698
0.1349, 5697
0.1355, 5696
0.1366, 5695
0.1374, 5694
0.1380, 5693
0.1386, 5692
0.1391, 5691
0.1396, 5690
0.1402, 5689
0.1409, 5688
0.1415, 5687
0.1420, 5686
0.1430, 5685
0.1436, 5684
0.1442, 5683
0.1447, 5682
0.1453, 5681
0.1459, 5680
0.1466, 5679
0.1472, 5678
0.1478, 5677
0.1484, 5676
0.1490, 5675
0.1496, 5674
0.1501, 5673
0.1506, 5672
0.1513, 5671
0.1518, 5670
0.1525, 5669
0.1530, 5668
0.1537, 5667
0.1542, 5666
0.1548, 5665
0.1554, 5664
0.1560, 5663
0.1566, 5662
0.1576, 5661
0.1581, 5660
0.1590, 5659
0.1596, 5658
0.1608, 5657
0.1617, 5656
0.1626, 5655
0.1633, 5654
0.1640, 5653
0.1647, 5652
0.1653, 5651
0.1658, 5650
0.1664, 5649
0.1670, 5648
0.1677, 5647
0.1683, 5646
0.1689, 5645
0.1696, 5644
0.1702, 5643
0.1708, 5642
0.1714, 5641
0.1721, 5640
0.1729, 5639
0.1738, 5638
0.1744, 5637
0.1749, 5636
0.1756, 5635
0.1767, 5634
0.1773, 5633
0.1784, 5632
0.1792, 5631
0.1798, 5630
0.1808, 5629
0.1817, 5628
0.1823, 5627
0.1833, 5626
0.1842, 5625
0.1849, 5624
0.1857, 5623
0.1863, 5622
0.1870, 5621
0.1877, 5620
0.1884, 5619
0.1893, 5618
0.1899, 5617
0.1905, 5616
0.1911, 5615
0.1918, 5614
0.1927, 5613
0.1933, 5612
0.1938, 5611
0.1944, 5610
0.1952, 5609
0.1958, 5608
0.1964, 5607
0.1970, 5606
0.1975, 5605
0.1982, 5604
0.1987, 5603
0.1993, 5602
0.1999, 5601
0.2004, 5600
0.2009, 5599
0.2015, 5598
0.2020, 5597
0.2026, 5596
0.2032, 5595
0.2040, 5594
0.2046, 5593
0.2056, 5592
0.2061, 5591
0.2069, 5590
0.2078, 5589
0.2087, 5588
0.2093, 5587
0.2099, 5586
0.2105, 5585
0.2112, 5584
0.2122, 5583
0.2129, 5582
0.2135, 5581
0.2141, 5580
0.2147, 5579
0.2154, 5578
0.2161, 5577
0.2171, 5576
0.2177, 5575
0.2183, 5574
0.2190, 5573
0.2196, 5572
0.2202, 5571
0.2209, 5570
0.2218, 5569
0.2224, 5568
0.2233, 5567
0.2239, 5566
0.2245, 5565
0.2251, 5564
0.2258, 5563
0.2269, 5562
0.2276, 5561
0.2282, 5560
0.2288, 5559
0.2293, 5558
0.2299, 5557
0.2309, 5556
0.2315, 5555
0.2321, 5554
0.2327, 5553
0.2336, 5552
0.2342, 5551
0.2348, 5550
0.2355, 5549
0.2361, 5548
0.2368, 5547
0.2374, 5546
0.2380, 5545
0.2386, 5544
0.2392, 5543
0.2397, 5542
0.2404, 5541
0.2411, 5540
0.2416, 5539
0.2422, 5538
0.2427, 5537
0.2433, 5536
0.2439, 5535
0.2446, 5534
0.2455, 5533
0.2460, 5532
0.2467, 5531
0.2472, 5530
0.2479, 5529
0.2484, 5528
0.2490, 5527
0.2495, 5526
0.2503, 5525
0.2509, 5524
0.2517, 5523
0.2525, 5522
0.2536, 5521
0.2544, 5520
0.2551, 5519
0.2558, 5518
0.2564, 5517
0.2570, 5516
0.2576, 5515
0.2584, 5514
0.2590, 5513
0.2596, 5512
0.2602, 5511
0.2607, 5510
0.2613, 5509
0.2619, 5508
0.2625, 5507
0.2632, 5506
0.2638, 5505
0.2644, 5504
0.2649, 5503
0.2659, 5502
0.2665, 5501
0.2670, 5500
0.2677, 5499
0.2686, 5498
0.2693, 5497
0.2700, 5496
0.2705, 5495
0.2712, 5494
0.2718, 5493
0.2724, 5492
0.2730, 5491
0.2740, 5490
0.2748, 5489
0.2754, 5488
0.2760, 5487
0.2765, 5486
0.2771, 5485
0.2781, 5484
0.2786, 5483
0.2792, 5482
0.2802, 5481
0.2808, 5480
0.2814, 5479
0.2819, 5478
0.2825, 5477
0.2831, 5476
0.2838, 5475
0.2843, 5474
0.2851, 5473
0.2857, 5472
0.2864, 5471
0.2870, 5470
0.2876, 5469
0.2882, 5468
0.2888, 5467
0.2893, 5466
0.2904, 5465
0.2909, 5464
0.2915, 5463
0.2920, 5462
0.2927, 5461
0.2933, 5460
0.2939, 5459
0.2945, 5458
0.2951, 5457
0.2957, 5456
0.2965, 5455
0.2972, 5454
0.2978, 5453
0.2985, 5452
0.2990, 5451
0.2998, 5450
0.3003, 5449
0.3010, 5448
0.3017, 5447
0.3022, 5446
0.3028, 5445
0.3033, 5444
0.3044, 5443
0.3050, 5442
0.3056, 5441
0.3061, 5440
0.3068, 5439
0.3075, 5438
0.3084, 5437
0.3091, 5436
0.3098, 5435
0.3104, 5434
0.3110, 5433
0.3116, 5432
0.3127, 5431
0.3133, 5430
0.3139, 5429
0.3145, 5428
0.3150, 5427
0.3158, 5426
0.3167, 5425
0.3173, 5424
0.3179, 5423
0.3186, 5422
0.3193, 5421
0.3200, 5420
0.3210, 5419
0.3215, 5418
0.3221, 5417
0.3231, 5416
0.3237, 5415
0.3244, 5414
0.3250, 5413
0.3255, 5412
0.3262, 5411
0.3267, 5410
0.3272, 5409
0.3278, 5408
0.3283, 5407
0.3290, 5406
0.3298, 5405
0.3307, 5404
0.3314, 5403
0.3322, 5402
0.3328, 5401
0.3333, 5400
0.3341, 5399
0.3350, 5398
0.3357, 5397
0.3363, 5396
0.3370, 5395
0.3378, 5394
0.3387, 5393
0.3393, 5392
0.3400, 5391
0.3406, 5390
0.3411, 5389
0.3418, 5388
0.3424, 5387
0.3430, 5386
0.3439, 5385
0.3444, 5384
0.3451, 5383
0.3458, 5382
0.3465, 5381
0.3472, 5380
0.3477, 5379
0.3483, 5378
0.3491, 5377
0.3497, 5376
0.3503, 5375
0.3510, 5374
0.3517, 5373
0.3523, 5372
0.3528, 5371
0.3535, 5370
0.3542, 5369
0.3550, 5368
0.3557, 5367
0.3562, 5366
0.3570, 5365
0.3577, 5364
0.3584, 5363
0.3594, 5362
0.3600, 5361
0.3607, 5360
0.3615, 5359
0.3621, 5358
0.3628, 5357
0.3639, 5356
0.3645, 5355
0.3651, 5354
0.3658, 5353
0.3665, 5352
0.3671, 5351
0.3679, 5350
0.3685, 5349
0.3691, 5348
0.3697, 5347
0.3703, 5346
0.3712, 5345
0.3721, 5344
0.3726, 5343
0.3734, 5342
0.3740, 5341
0.3746, 5340
0.3752, 5339
0.3757, 5338
0.3763, 5337
0.3770, 5336
0.3776, 5335
0.3782, 5334
0.3789, 5333
0.3798, 5332
0.3808, 5331
0.3814, 5330
0.3820, 5329
0.3826, 5328
0.3832, 5327
0.3839, 5326
0.3845, 5325
0.3850, 5324
0.3857, 5323
0.3867, 5322
0.3877, 5321
0.3886, 5320
0.3894, 5319
0.3900, 5318
0.3906, 5317
0.3912, 5316
0.3920, 5315
0.3927, 5314
0.3934, 5313
0.3940, 5312
0.3949, 5311
0.3956, 5310
0.3961, 5309
0.3968, 5308
0.3977, 5307
0.3984, 5306
0.3991, 5305
0.3997, 5304
0.4003, 5303
0.4009, 5302
0.4015, 5301
0.4021, 5300
0.4028, 5299
0.4033, 5298
0.4040, 5297
0.4046, 5296
0.4053, 5295
0.4061, 5294
0.4066, 5293
0.4072, 5292
0.4080, 5291
0.4087, 5290
0.4094, 5289
0.4102, 5288
0.4109, 5287
0.4114, 5286
0.4121, 5285
0.4127, 5284
0.4134, 5283
0.4140, 5282
0.4146, 5281
0.4151, 5280
0.4157, 5279
0.4163, 5278
0.4169, 5277
0.4175, 5276
0.4183, 5275
0.4189, 5274
0.4198, 5273
0.4204, 5272
0.4210, 5271
0.4216, 5270
0.4222, 5269
0.4229, 5268
0.4234, 5267
0.4240, 5266
0.4246, 5265
0.4253, 5264
0.4260, 5263
0.4267, 5262
0.4273, 5261
0.4279, 5260
0.4287, 5259
0.4292, 5258
0.4299, 5257
0.4306, 5256
0.4313, 5255
0.4320, 5254
0.4330, 5253
0.4338, 5252
0.4345, 5251
0.4356, 5250
0.4361, 5249
0.4367, 5248
0.4374, 5247
0.4381, 5246
0.4387, 5245
0.4393, 5244
0.4400, 5243
0.4406, 5242
0.4411, 5241
0.4418, 5240
0.4424, 5239
0.4429, 5238
0.4435, 5237
0.4444, 5236
0.4450, 5235
0.4456, 5234
0.4462, 5233
0.4468, 5232
0.4475, 5231
0.4481, 5230
0.4487, 5229
0.4493, 5228
0.4499, 5227
0.4508, 5226
0.4513, 5225
0.4519, 5224
0.4529, 5223
0.4538, 5222
0.4545, 5221
0.4553, 5220
0.4560, 5219
0.4566, 5218
0.4571, 5217
0.4578, 5216
0.4585, 5215
0.4592, 5214
0.4598, 5213
0.4606, 5212
0.4613, 5211
0.4621, 5210
0.4630, 5209
0.4636, 5208
0.4643, 5207
0.4651, 5206
0.4659, 5205
0.4665, 5204
0.4673, 5203
0.4680, 5202
0.4686, 5201
0.4693, 5200
0.4700, 5199
0.4707, 5198
0.4714, 5197
0.4721, 5196
0.4727, 5195
0.4736, 5194
0.4742, 5193
0.4747, 5192
0.4754, 5191
0.4760, 5190
0.4767, 5189
0.4772, 5188
0.4778, 5187
0.4784, 5186
0.4790, 5185
0.4796, 5184
0.4802, 5183
0.4811, 5182
0.4818, 5181
0.4825, 5180
0.4835, 5179
0.4841, 5178
0.4850, 5177
0.4857, 5176
0.4863, 5175
0.4872, 5174
0.4879, 5173
0.4887, 5172
0.4892, 5171
0.4898, 5170
0.4904, 5169
0.4912, 5168
0.4918, 5167
0.4923, 5166
0.4930, 5165
0.4939, 5164
0.4945, 5163
0.4952, 5162
0.4959, 5161
0.4968, 5160
0.4976, 5159
0.4983, 5158
0.4990, 5157
0.4996, 5156
0.5001, 5155
0.5008, 5154
0.5015, 5153
0.5024, 5152
0.5031, 5151
0.5037, 5150
0.5044, 5149
0.5050, 5148
0.5057, 5147
0.5062, 5146
0.5068, 5145
0.5073, 5144
0.5080, 5143
0.5086, 5142
0.5091, 5141
0.5097, 5140
0.5103, 5139
0.5109, 5138
0.5116, 5137
0.5124, 5136
0.5130, 5135
0.5137, 5134
0.5143, 5133
0.5149, 5132
0.5155, 5131
0.5162, 5130
0.5168, 5129
0.5175, 5128
0.5182, 5127
0.5189, 5126
0.5197, 5125
0.5203, 5124
0.5209, 5123
0.5215, 5122
0.5220, 5121
0.5228, 5120
0.5233, 5119
0.5239, 5118
0.5244, 5117
0.5249, 5116
0.5255, 5115
0.5261, 5114
0.5270, 5113
0.5277, 5112
0.5284, 5111
0.5292, 5110
0.5298, 5109
0.5304, 5108
0.5309, 5107
0.5314, 5106
0.5321, 5105
0.5327, 5104
0.5334, 5103
0.5342, 5102
0.5348, 5101
0.5357, 5100
0.5364, 5099
0.5371, 5098
0.5379, 5097
0.5384, 5096
0.5392, 5095
0.5398, 5094
0.5403, 5093
0.5410, 5092
0.5416, 5091
0.5424, 5090
0.5429, 5089
0.5436, 5088
0.5444, 5087
0.5453, 5086
0.5459, 5085
0.5465, 5084
0.5471, 5083
0.5478, 5082
0.5485, 5081
0.5490, 5080
0.5497, 5079
0.5503, 5078
0.5509, 5077
0.5516, 5076
0.5521, 5075
0.5529, 5074
0.5536, 5073
0.5543, 5072
0.5549, 5071
0.5554, 5070
0.5559, 5069
0.5567, 5068
0.5577, 5067
0.5584, 5066
0.5591, 5065
0.5598, 5064
0.5608, 5063
0.5615, 5062
0.5622, 5061
0.5627, 5060
0.5635, 5059
0.5642, 5058
0.5647, 5057
0.5653, 5056
0.5658, 5055
0.5665, 5054
0.5672, 5053
0.5679, 5052
0.5685, 5051
0.5690, 5050
0.5696, 5049
0.5703, 5048
0.5710, 5047
0.5717, 5046
0.5727, 5045
0.5733, 5044
0.5739, 5043
0.5745, 5042
0.5751, 5041
0.5760, 5040
0.5766, 5039
0.5772, 5038
0.5781, 5037
0.5786, 5036
0.5791, 5035
0.5799, 5034
0.5806, 5033
0.5813, 5032
0.5819, 5031
0.5828, 5030
0.5835, 5029
0.5843, 5028
0.5849, 5027
0.5856, 5026
0.5862, 5025
0.5868, 5024
0.5875, 5023
0.5880, 5022
0.5887, 5021
0.5894, 5020
0.5904, 5019
0.5913, 5018
0.5919, 5017
0.5924, 5016
0.5929, 5015
0.5939, 5014
0.5945, 5013
0.5953, 5012
0.5960, 5011
0.5966, 5010
0.5974, 5009
0.5979, 5008
0.5985, 5007
0.5991, 5006
0.6000, 5005
0.6006, 5004
0.6014, 5003
0.6020, 5002
0.6026, 5001
0.6035, 5000
0.6041, 4999
0.6050, 4998
0.6056, 4997
0.6062, 4996
0.6069, 4995
0.6074, 4994
0.6080, 4993
0.6088, 4992
0.6093, 4991
0.6101, 4990
0.6108, 4989
0.6118, 4988
0.6125, 4987
0.6132, 4986
0.6138, 4985
0.6145, 4984
0.6152, 4983
0.6158, 4982
0.6165, 4981
0.6173, 4980
0.6183, 4979
0.6188, 4978
0.6194, 4977
0.6201, 4976
0.6210, 4975
0.6220, 4974
0.6226, 4973
0.6231, 4972
0.6239, 4971
0.6246, 4970
0.6251, 4969
0.6259, 4968
0.6266, 4967
0.6273, 4966
0.6280, 4965
0.6286, 4964
0.6291, 4963
0.6297, 4962
0.6305, 4961
0.6312, 4960
0.6317, 4959
0.6323, 4958
0.6328, 4957
0.6334, 4956
0.6342, 4955
0.6347, 4954
0.6353, 4953
0.6359, 4952
0.6366, 4951
0.6376, 4950
0.6384, 4949
0.6395, 4948
0.6401, 4947
0.6408, 4946
0.6416, 4945
0.6422, 4944
0.6428, 4943
0.6433, 4942
0.6438, 4941
0.6444, 4940
0.6450, 4939
0.6456, 4938
0.6462, 4937
0.6468, 4936
0.6475, 4935
0.6484, 4934
0.6493, 4933
0.6498, 4932
0.6504, 4931
0.6510, 4930
0.6517, 4929
0.6523, 4928
0.6528, 4927
0.6535, 4926
0.6543, 4925
0.6549, 4924
0.6555, 4923
0.6563, 4922
0.6569, 4921
0.6575, 4920
0.6581, 4919
0.6590, 4918
0.6599, 4917
0.6605, 4916
0.6613, 4915
0.6618, 4914
0.6624, 4913
0.6629, 4912
0.6634, 4911
0.6640, 4910
0.6645, 4909
0.6654, 4908
0.6659, 4907
0.6665, 4906
0.6671, 4905
0.6677, 4904
0.6682, 4903
0.6688, 4902
0.6695, 4901
0.6700, 4900
0.6710, 4899
0.6717, 4898
0.6722, 4897
0.6728, 4896
0.6733, 4895
0.6740, 4894
0.6746, 4893
0.6751, 4892
0.6760, 4891
0.6768, 4890
0.6775, 4889
0.6780, 4888
0.6786, 4887
0.6792, 4886
0.6798, 4885
0.6803, 4884
0.6810, 4883
0.6815, 4882
0.6821, 4881
0.6827, 4880
0.6834, 4879
0.6842, 4878
0.6848, 4877
0.6853, 4876
0.6861, 4875
0.6866, 4874
0.6872, 4873
0.6877, 4872
0.6885, 4871
0.6893, 4870
0.6900, 4869
0.6908, 4868
0.6914, 4867
0.6919, 4866
0.6924, 4865
0.6934, 4864
0.6942, 4863
0.6948, 4862
0.6954, 4861
0.6961, 4860
0.6968, 4859
0.6976, 4858
0.6981, 4857
0.6989, 4856
0.6997, 4855
0.7003, 4854
0.7014, 4853
0.7019, 4852
0.7025, 4851
0.7031, 4850
0.7040, 4849
0.7047, 4848
0.7054, 4847
0.7059, 4846
0.7064, 4845
0.7072, 4844
0.7077, 4843
0.7082, 4842
0.7087, 4841
0.7094, 4840
0.7101, 4839
0.7111, 4838
0.7118, 4837
0.7125, 4836
0.7130, 4835
0.7136, 4834
0.7143, 4833
0.7148, 4832
0.7154, 4831
0.7164, 4830
0.7169, 4829
0.7176, 4828
0.7182, 4827
0.7191, 4826
0.7200, 4825
0.7205, 4824
0.7212, 4823
0.7217, 4822
0.7223, 4821
0.7229, 4820
0.7234, 4819
0.7241, 4818
0.7246, 4817
0.7252, 4816
0.7257, 4815
0.7262, 4814
0.7271, 4813
0.7280, 4812
0.7287, 4811
0.7292, 4810
0.7301, 4809
0.7306, 4808
0.7311, 4807
0.7316, 4806
0.7321, 4805
0.7330, 4804
0.7338, 4803
0.7343, 4802
0.7349, 4801
0.7356, 4800
0.7362, 4799
0.7368, 4798
0.7373, 4797
0.7379, 4796
0.7385, 4795
0.7391, 4794
0.7398, 4793
0.7404, 4792
0.7411, 4791
0.7416, 4790
0.7424, 4789
0.7430, 4788
0.7436, 4787
0.7442, 4786
0.7447, 4785
0.7453, 4784
0.7458, 4783
0.7465, 4782
0.7471, 4781
0.7479, 4780
0.7488, 4779
0.7493, 4778
0.7501, 4777
0.7506, 4776
0.7512, 4775
0.7517, 4774
0.7527, 4773
0.7533, 4772
0.7540, 4771
0.7545, 4770
0.7551, 4769
0.7560, 4768
0.7566, 4767
0.7571, 4766
0.7576, 4765
0.7585, 4764
0.7594, 4763
0.7600, 4762
0.7606, 4761
0.7611, 4760
0.7617, 4759
0.7628, 4758
0.7634, 4757
0.7640, 4756
0.7648, 4755
0.7653, 4754
0.7659, 4753
0.7664, 4752
0.7669, 4751
0.7677, 4750
0.7683, 4749
0.7688, 4748
0.7694, 4747
0.7703, 4746
0.7709, 4745
0.7717, 4744
0.7724, 4743
0.7732, 4742
0.7740, 4741
0.7747, 4740
0.7752, 4739
0.7757, 4738
0.7762, 4737
0.7769, 4736
0.7777, 4735
0.7782, 4734
0.7788, 4733
0.7794, 4732
0.7799, 4731
0.7807, 4730
0.7812, 4729
0.7817, 4728
0.7822, 4727
0.7831, 4726
0.7838, 4725
0.7847, 4724
0.7856, 4723
0.7861, 4722
0.7868, 4721
0.7876, 4720
0.7881, 4719
0.7887, 4718
0.7892, 4717
0.7900, 4716
0.7908, 4715
0.7915, 4714
0.7924, 4713
0.7929, 4712
0.7936, 4711
0.7944, 4710
0.7953, 4709
0.7960, 4708
0.7969, 4707
0.7975, 4706
0.7983, 4705
0.7990, 4704
0.7997, 4703
0.8006, 4702
0.8015, 4701
0.8023, 4700
0.8032, 4699
0.8040, 4698
0.8047, 4697
0.8054, 4696
0.8062, 4695
0.8069, 4694
0.8078, 4693
0.8087, 4692
0.8096, 4691
0.8105, 4690
0.9922, 4689
1.2273, 4688
1.2475, 4687
1.3261, 4686
1.5994, 4685
1.6577, 4684
1.7168, 4683
1.8336, 4682
1.9516, 4681
2.1676, 4680
2.2261, 4679
2.3249, 4678
2.4620, 4677
2.5800, 4676
2.8735, 4675
2.8740, 4674
2.9721, 4673
3.1481, 4672
3.1488, 4671
3.2481, 4670
3.3664, 4669
3.3672, 4668
3.4647, 4667
3.6007, 4666
3.6014, 4665
3.6019, 4664
3.6606, 4663
4.0936, 4662
4.1920, 4661
4.6423, 4660
4.6817, 4659
4.8392, 4658
4.8787, 4657
4.9970, 4656
5.2708, 4655
5.6618, 4654
5.7205, 4653
5.7210, 4652
6.2921, 4651
6.4107, 4650
6.5880, 4649
7.1935, 4648
7.2522, 4647
7.3889, 4646
7.6645, 4645
7.6650, 4644
7.7245, 4643
7.7251, 4642
7.8235, 4641
8.1941, 4640
8.3503, 4639
8.3512, 4638
8.6067, 4637
8.7837, 4636
8.9787, 4635
9.1556, 4634
9.1956, 4633
9.5053, 4632
9.6920, 4631
9.9345, 4630
9.9744, 4629
