0.1512, 4688
0.1813, 4687
0.2710, 4684
0.4679, 4682
0.5295, 4681
0.5405, 4680
0.5607, 4679
0.6712, 4678
0.7023, 4676
0.9063, 4672
0.9170, 4670
0.9374, 4669
0.9678, 4668
0.9883, 4663
1.0384, 4662
1.0711, 4661
1.0949, 4660
1.1162, 4658
1.1375, 4651
1.1581, 4650
1.1787, 4649
1.2588, 4648
1.3003, 4643
1.3917, 4642
1.4463, 4641
1.5480, 4640
1.6803, 4639
1.7026, 4633
1.7750, 4632
1.8052, 4631
1.8965, 4630
1.9095, 4629
1.9442, 4627
1.9577, 4626
2.0595, 4625
2.0803, 4623
2.1612, 4621
2.1929, 4620
2.4048, 4619
2.5165, 4617
2.5884, 4616
2.6295, 4615
2.7897, 4614
2.8846, 4613
3.2409, 4612
3.3219, 4611
3.3822, 4610
3.5839, 4609
3.6493, 4608
3.6907, 4606
3.8220, 4605
3.8429, 4604
3.9429, 4603
3.9682, 4602
4.0339, 4599
4.0660, 4598
4.1295, 4597
4.2011, 4595
4.4461, 4594
4.5465, 4593
4.6191, 4592
4.8025, 4591
4.8231, 4590
4.8547, 4589
4.9506, 4588
6.0174, 4587
6.0588, 4586
6.1521, 4584
6.1626, 4582
6.6930, 4581
6.7235, 4580
7.0270, 4579
7.2995, 4578
7.3806, 4577
7.4626, 4575
7.6476, 4574
7.8939, 4573
7.9152, 4572
8.0080, 4571
9.1927, 4570
10.1191, 4569
