0.0000, 5900
0.0006, 5899
0.0013, 5898
0.0018, 5897
0.0028, 5896
0.0036, 5895
0.0043, 5894
0.0049, 5893
0.0058, 5892
0.0063, 5891
0.0071, 5890
0.0076, 5889
0.0082, 5888
0.0087, 5887
0.0096, 5886
0.0106, 5885
0.0112, 5884
0.0124, 5883
0.0131, 5882
0.0142, 5881
0.0147, 5880
0.0156, 5879
0.0165, 5878
0.0174, 5877
0.0179, 5876
0.0185, 5875
0.0190, 5874
0.0196, 5873
0.0208, 5872
0.0213, 5871
0.0218, 5870
0.0223, 5869
0.0230, 5868
0.0235, 5867
0.0240, 5866
0.0245, 5865
0.0254, 5864
0.0261, 5863
0.0267, 5862
0.0272, 5861
0.0279, 5860
0.0285, 5859
0.0290, 5858
0.0295, 5857
0.0301, 5856
0.0307, 5855
0.0312, 5854
0.0317, 5853
0.0323, 5852
0.0333, 5851
0.0342, 5850
0.0348, 5849
0.0353, 5848
0.0359, 5847
0.0365, 5846
0.0371, 5845
0.0379, 5844
0.0384, 5843
0.0389, 5842
0.0394, 5841
0.0401, 5840
0.0408, 5839
0.0414, 5838
0.0419, 5837
0.0426, 5836
0.0431, 5835
0.0438, 5834
0.0443, 5833
0.0450, 5832
0.0455, 5831
0.0461, 5830
0.0469, 5829
0.0474, 5828
0.0479, 5827
0.0485, 5826
0.0494, 5825
0.0499, 5824
0.0504, 5823
0.0513, 5822
0.0518, 5821
0.0524, 5820
0.0529, 5819
0.0534, 5818
0.0539, 5817
0.0548, 5816
0.0554, 5815
0.0564, 5814
0.0573, 5813
0.0580, 5812
0.0586, 5811
0.0595, 5810
0.0602, 5809
0.0608, 5808
0.0614, 5807
0.0620, 5806
0.0629, 5805
0.0634, 5804
0.0640, 5803
0.0645, 5802
0.0650, 5801
0.0656, 5800
0.0665, 5799
0.0670, 5798
0.0677, 5797
0.0683, 5796
0.0689, 5795
0.0694, 5794
0.0702, 5793
0.0707, 5792
0.0712, 5791
0.0718, 5790
0.0723, 5789
0.0728, 5788
0.0734, 5787
0.0739, 5786
0.0752, 5785
0.0762, 5784
0.0771, 5783
0.0776, 5782
0.0781, 5781
0.0787, 5780
0.0794, 5779
0.0802, 5778
0.0808, 5777
0.0816, 5776
0.0823, 5775
0.0829, 5774
0.0836, 5773
0.0846, 5772
0.0853, 5771
0.0864, 5770
0.0870, 5769
0.0876, 5768
0.0883, 5767
0.0889, 5766
0.0896, 5765
0.0903, 5764
0.0909, 5763
0.0914, 5762
0.0920, 5761
0.0925, 5760
0.0935, 5759
0.0941, 5758
0.0946, 5757
0.0951, 5756
0.0957, 5755
0.0963, 5754
0.0971, 5753
0.0978, 5752
0.0984, 5751
0.0990, 5750
0.0995, 5749
0.1004, 5748
0.1009, 5747
0.1015, 5746
0.1024, 5745
0.1035, 5744
0.1041, 5743
0.1046, 5742
0.1052, 5741
0.1062, 5740
0.1067, 5739
0.1073, 5738
0.1079, 5737
0.1084, 5736
0.1090, 5735
0.1095, 5734
0.1101, 5733
0.1107, 5732
0.1113, 5731
0.1119, 5730
0.1124, 5729
0.1130, 5728
0.1136, 5727
0.1141, 5726
0.1148, 5725
0.1155, 5724
0.1162, 5723
0.1173, 5722
0.1181, 5721
0.1186, 5720
0.1200, 5719
0.1209, 5718
0.1218, 5717
0.1227, 5716
0.1236, 5715
0.1246, 5714
0.1252, 5713
0.1258, 5712
0.1264, 5711
0.1269, 5710
0.1275, 5709
0.1283, 5708
0.1291, 5707
0.1297, 5706
0.1302, 5705
0.1308, 5704
0.1313, 5703
0.1319, 5702
0.1324, 5701
0.1331, 5700
0.1341, 5699
0.1346, 5698
0.1352, 5697
0.1357, 5696
0.1368, 5695
0.1376, 5694
0.1382, 5693
0.1387, 5692
0.1393, 5691
0.1398, 5690
0.1404, 5689
0.1410, 5688
0.1416, 5687
0.1422, 5686
0.1431, 5685
0.1437, 5684
0.1443, 5683
0.1449, 5682
0.1455, 5681
0.1461, 5680
0.1467, 5679
0.1473, 5678
0.1479, 5677
0.1485, 5676
0.1491, 5675
0.1496, 5674
0.1502, 5673
0.1507, 5672
0.1514, 5671
0.1519, 5670
0.1525, 5669
0.1531, 5668
0.1537, 5667
0.1543, 5666
0.1548, 5665
0.1554, 5664
0.1560, 5663
0.1565, 5662
0.1575, 5661
0.1581, 5660
0.1590, 5659
0.1595, 5658
0.1607, 5657
0.1617, 5656
0.1625, 5655
0.1632, 5654
0.1639, 5653
0.1646, 5652
0.1652, 5651
0.1657, 5650
0.1663, 5649
0.1668, 5648
0.1676, 5647
0.1682, 5646
0.1687, 5645
0.1695, 5644
0.1700, 5643
0.1706, 5642
0.1712, 5641
0.1719, 5640
0.1727, 5639
0.1736, 5638
0.1741, 5637
0.1747, 5636
0.1754, 5635
0.1764, 5634
0.1770, 5633
0.1781, 5632
0.1790, 5631
0.1795, 5630
0.1805, 5629
0.1814, 5628
0.1820, 5627
0.1831, 5626
0.1839, 5625
0.1845, 5624
0.1854, 5623
0.1860, 5622
0.1866, 5621
0.1873, 5620
0.1879, 5619
0.1889, 5618
0.1894, 5617
0.1900, 5616
0.1906, 5615
0.1912, 5614
0.1922, 5613
0.1927, 5612
0.1933, 5611
0.1939, 5610
0.1946, 5609
0.1952, 5608
0.1958, 5607
0.1964, 5606
0.1970, 5605
0.1977, 5604
0.1983, 5603
0.1988, 5602
0.1994, 5601
0.1999, 5600
0.2005, 5599
0.2010, 5598
0.2015, 5597
0.2020, 5596
0.2027, 5595
0.2035, 5594
0.2041, 5593
0.2050, 5592
0.2056, 5591
0.2064, 5590
0.2072, 5589
0.2081, 5588
0.2087, 5587
0.2093, 5586
0.2099, 5585
0.2106, 5584
0.2116, 5583
0.2122, 5582
0.2129, 5581
0.2134, 5580
0.2141, 5579
0.2147, 5578
0.2154, 5577
0.2163, 5576
0.2170, 5575
0.2175, 5574
0.2183, 5573
0.2189, 5572
0.2194, 5571
0.2201, 5570
0.2210, 5569
0.2216, 5568
0.2225, 5567
0.2230, 5566
0.2236, 5565
0.2242, 5564
0.2249, 5563
0.2260, 5562
0.2267, 5561
0.2273, 5560
0.2278, 5559
0.2284, 5558
0.2289, 5557
0.2300, 5556
0.2305, 5555
0.2311, 5554
0.2317, 5553
0.2326, 5552
0.2332, 5551
0.2338, 5550
0.2345, 5549
0.2351, 5548
0.2357, 5547
0.2364, 5546
0.2370, 5545
0.2375, 5544
0.2380, 5543
0.2386, 5542
0.2393, 5541
0.2399, 5540
0.2404, 5539
0.2410, 5538
0.2415, 5537
0.2421, 5536
0.2427, 5535
0.2434, 5534
0.2442, 5533
0.2448, 5532
0.2454, 5531
0.2460, 5530
0.2466, 5529
0.2471, 5528
0.2477, 5527
0.2482, 5526
0.2490, 5525
0.2496, 5524
0.2503, 5523
0.2512, 5522
0.2522, 5521
0.2531, 5520
0.2538, 5519
0.2545, 5518
0.2550, 5517
0.2557, 5516
0.2563, 5515
0.2571, 5514
0.2576, 5513
0.2582, 5512
0.2588, 5511
0.2594, 5510
0.2599, 5509
0.2605, 5508
0.2611, 5507
0.2618, 5506
0.2623, 5505
0.2629, 5504
0.2635, 5503
0.2644, 5502
0.2650, 5501
0.2655, 5500
0.2661, 5499
0.2671, 5498
0.2678, 5497
0.2684, 5496
0.2690, 5495
0.2697, 5494
0.2703, 5493
0.2709, 5492
0.2715, 5491
0.2725, 5490
0.2733, 5489
0.2739, 5488
0.2744, 5487
0.2750, 5486
0.2755, 5485
0.2765, 5484
0.2770, 5483
0.2776, 5482
0.2786, 5481
0.2792, 5480
0.2797, 5479
0.2803, 5478
0.2809, 5477
0.2815, 5476
0.2821, 5475
0.2826, 5474
0.2834, 5473
0.2840, 5472
0.2846, 5471
0.2852, 5470
0.2858, 5469
0.2864, 5468
0.2870, 5467
0.2875, 5466
0.2886, 5465
0.2891, 5464
0.2897, 5463
0.2902, 5462
0.2909, 5461
0.2914, 5460
0.2920, 5459
0.2927, 5458
0.2932, 5457
0.2939, 5456
0.2947, 5455
0.2954, 5454
0.2960, 5453
0.2967, 5452
0.2972, 5451
0.2980, 5450
0.2985, 5449
0.2992, 5448
0.2998, 5447
0.3004, 5446
0.3009, 5445
0.3015, 5444
0.3025, 5443
0.3031, 5442
0.3038, 5441
0.3043, 5440
0.3049, 5439
0.3056, 5438
0.3065, 5437
0.3072, 5436
0.3078, 5435
0.3085, 5434
0.3091, 5433
0.3097, 5432
0.3108, 5431
0.3121, 5430
0.3127, 5429
0.3133, 5428
0.3139, 5427
0.3147, 5426
0.3156, 5425
0.3163, 5424
0.3170, 5423
0.3177, 5422
0.3185, 5421
0.3198, 5420
0.3209, 5419
0.3215, 5418
0.3220, 5417
0.3231, 5416
0.3237, 5415
0.3244, 5414
0.3251, 5413
0.3257, 5412
0.3263, 5411
0.3269, 5410
0.3280, 5409
0.3285, 5408
0.3291, 5407
0.3299, 5406
0.3307, 5405
0.3316, 5404
0.3324, 5403
0.3333, 5402
0.3338, 5401
0.3344, 5400
0.3352, 5399
0.3361, 5398
0.3369, 5397
0.3375, 5396
0.3382, 5395
0.3391, 5394
0.3399, 5393
0.3406, 5392
0.3414, 5391
0.3419, 5390
0.3425, 5389
0.3432, 5388
0.3438, 5387
0.3444, 5386
0.3454, 5385
0.3459, 5384
0.3467, 5383
0.3474, 5382
0.3482, 5381
0.3489, 5380
0.3495, 5379
0.3501, 5378
0.3509, 5377
0.3516, 5376
0.3522, 5375
0.3528, 5374
0.3535, 5373
0.3541, 5372
0.3546, 5371
0.3553, 5370
0.3560, 5369
0.3567, 5368
0.3574, 5367
0.3580, 5366
0.3587, 5365
0.3594, 5364
0.3601, 5363
0.3611, 5362
0.3617, 5361
0.3624, 5360
0.3632, 5359
0.3639, 5358
0.3646, 5357
0.3656, 5356
0.3662, 5355
0.3668, 5354
0.3675, 5353
0.3682, 5352
0.3687, 5351
0.3695, 5350
0.3702, 5349
0.3708, 5348
0.3714, 5347
0.3720, 5346
0.3729, 5345
0.3737, 5344
0.3743, 5343
0.3750, 5342
0.3757, 5341
0.3762, 5340
0.3768, 5339
0.3773, 5338
0.3779, 5337
0.3786, 5336
0.3792, 5335
0.3798, 5334
0.3806, 5333
0.3815, 5332
0.3825, 5331
0.3831, 5330
0.3837, 5329
0.3843, 5328
0.3849, 5327
0.3855, 5326
0.3861, 5325
0.3866, 5324
0.3873, 5323
0.3883, 5322
0.3892, 5321
0.3902, 5320
0.3909, 5319
0.3915, 5318
0.3921, 5317
0.3926, 5316
0.3934, 5315
0.3941, 5314
0.3948, 5313
0.3954, 5312
0.3962, 5311
0.3970, 5310
0.3976, 5309
0.3982, 5308
0.3991, 5307
0.3998, 5306
0.4005, 5305
0.4010, 5304
0.4016, 5303
0.4023, 5302
0.4029, 5301
0.4034, 5300
0.4041, 5299
0.4046, 5298
0.4052, 5297
0.4058, 5296
0.4066, 5295
0.4073, 5294
0.4078, 5293
0.4084, 5292
0.4092, 5291
0.4099, 5290
0.4106, 5289
0.4115, 5288
0.4121, 5287
0.4127, 5286
0.4133, 5285
0.4139, 5284
0.4147, 5283
0.4153, 5282
0.4158, 5281
0.4164, 5280
0.4171, 5279
0.4176, 5278
0.4182, 5277
0.4188, 5276
0.4195, 5275
0.4202, 5274
0.4211, 5273
0.4216, 5272
0.4222, 5271
0.4227, 5270
0.4234, 5269
0.4241, 5268
0.4246, 5267
0.4251, 5266
0.4258, 5265
0.4265, 5264
0.4271, 5263
0.4278, 5262
0.4284, 5261
0.4290, 5260
0.4298, 5259
0.4303, 5258
0.4310, 5257
0.4317, 5256
0.4324, 5255
0.4331, 5254
0.4341, 5253
0.4348, 5252
0.4355, 5251
0.4366, 5250
0.4372, 5249
0.4377, 5248
0.4384, 5247
0.4391, 5246
0.4397, 5245
0.4403, 5244
0.4410, 5243
0.4415, 5242
0.4421, 5241
0.4428, 5240
0.4433, 5239
0.4439, 5238
0.4445, 5237
0.4454, 5236
0.4459, 5235
0.4466, 5234
0.4473, 5233
0.4478, 5232
0.4486, 5231
0.4492, 5230
0.4498, 5229
0.4504, 5228
0.4511, 5227
0.4519, 5226
0.4524, 5225
0.4530, 5224
0.4540, 5223
0.4548, 5222
0.4555, 5221
0.4563, 5220
0.4570, 5219
0.4575, 5218
0.4581, 5217
0.4587, 5216
0.4594, 5215
0.4601, 5214
0.4607, 5213
0.4614, 5212
0.4622, 5211
0.4629, 5210
0.4639, 5209
0.4645, 5208
0.4651, 5207
0.4659, 5206
0.4667, 5205
0.4674, 5204
0.4682, 5203
0.4688, 5202
0.4695, 5201
0.4701, 5200
0.4709, 5199
0.4716, 5198
0.4723, 5197
0.4730, 5196
0.4736, 5195
0.4744, 5194
0.4750, 5193
0.4755, 5192
0.4761, 5191
0.4767, 5190
0.4774, 5189
0.4780, 5188
0.4785, 5187
0.4791, 5186
0.4797, 5185
0.4804, 5184
0.4809, 5183
0.4817, 5182
0.4824, 5181
0.4832, 5180
0.4841, 5179
0.4847, 5178
0.4856, 5177
0.4862, 5176
0.4869, 5175
0.4877, 5174
0.4884, 5173
0.4892, 5172
0.4898, 5171
0.4904, 5170
0.4909, 5169
0.4917, 5168
0.4923, 5167
0.4929, 5166
0.4935, 5165
0.4943, 5164
0.4950, 5163
0.4957, 5162
0.4963, 5161
0.4973, 5160
0.4981, 5159
0.4988, 5158
0.4995, 5157
0.5001, 5156
0.5006, 5155
0.5013, 5154
0.5020, 5153
0.5028, 5152
0.5035, 5151
0.5040, 5150
0.5047, 5149
0.5054, 5148
0.5060, 5147
0.5066, 5146
0.5071, 5145
0.5076, 5144
0.5083, 5143
0.5089, 5142
0.5094, 5141
0.5099, 5140
0.5105, 5139
0.5111, 5138
0.5118, 5137
0.5126, 5136
0.5132, 5135
0.5139, 5134
0.5145, 5133
0.5151, 5132
0.5157, 5131
0.5164, 5130
0.5170, 5129
0.5178, 5128
0.5184, 5127
0.5191, 5126
0.5199, 5125
0.5205, 5124
0.5210, 5123
0.5216, 5122
0.5221, 5121
0.5229, 5120
0.5234, 5119
0.5239, 5118
0.5245, 5117
0.5250, 5116
0.5255, 5115
0.5261, 5114
0.5270, 5113
0.5277, 5112
0.5284, 5111
0.5292, 5110
0.5298, 5109
0.5303, 5108
0.5308, 5107
0.5314, 5106
0.5320, 5105
0.5326, 5104
0.5333, 5103
0.5340, 5102
0.5346, 5101
0.5355, 5100
0.5362, 5099
0.5369, 5098
0.5377, 5097
0.5383, 5096
0.5390, 5095
0.5396, 5094
0.5401, 5093
0.5408, 5092
0.5414, 5091
0.5421, 5090
0.5426, 5089
0.5433, 5088
0.5441, 5087
0.5450, 5086
0.5456, 5085
0.5461, 5084
0.5467, 5083
0.5475, 5082
0.5481, 5081
0.5486, 5080
0.5493, 5079
0.5499, 5078
0.5505, 5077
0.5511, 5076
0.5516, 5075
0.5524, 5074
0.5531, 5073
0.5538, 5072
0.5544, 5071
0.5549, 5070
0.5554, 5069
0.5562, 5068
0.5571, 5067
0.5577, 5066
0.5584, 5065
0.5592, 5064
0.5602, 5063
0.5608, 5062
0.5615, 5061
0.5620, 5060
0.5628, 5059
0.5635, 5058
0.5641, 5057
0.5646, 5056
0.5652, 5055
0.5659, 5054
0.5665, 5053
0.5672, 5052
0.5678, 5051
0.5683, 5050
0.5689, 5049
0.5695, 5048
0.5703, 5047
0.5710, 5046
0.5720, 5045
0.5726, 5044
0.5732, 5043
0.5738, 5042
0.5744, 5041
0.5754, 5040
0.5759, 5039
0.5766, 5038
0.5788, 5037
0.5836, 5036
0.5843, 5035
0.5854, 5034
0.5863, 5033
0.5870, 5032
0.5877, 5031
0.5888, 5030
0.5894, 5029
0.5909, 5028
0.5915, 5027
0.5924, 5026
0.5930, 5025
0.5937, 5024
0.5944, 5023
0.5950, 5022
0.5957, 5021
0.5965, 5020
0.5976, 5019
0.5989, 5018
0.5996, 5017
0.6002, 5016
0.6008, 5015
0.6019, 5014
0.6026, 5013
0.6037, 5012
0.6048, 5011
0.6063, 5010
0.6079, 5009
0.6099, 5008
0.6108, 5007
0.6131, 5006
0.6141, 5005
0.6147, 5004
0.6157, 5003
0.6191, 5002
0.6200, 5001
0.6221, 5000
0.6236, 4999
0.6250, 4998
0.6260, 4997
0.6266, 4996
0.6275, 4995
0.6282, 4994
0.6298, 4993
0.6306, 4992
0.6315, 4991
0.6323, 4990
0.6332, 4989
0.6344, 4988
0.6354, 4987
0.6363, 4986
0.6371, 4985
0.6381, 4984
0.6391, 4983
0.6400, 4982
0.6409, 4981
0.6418, 4980
0.6429, 4979
0.6435, 4978
0.6442, 4977
0.6451, 4976
0.6463, 4975
0.6473, 4974
0.6479, 4973
0.6486, 4972
0.6494, 4971
0.6502, 4970
0.6508, 4969
0.6519, 4968
0.6531, 4967
0.6543, 4966
0.6556, 4965
0.6564, 4964
0.6570, 4963
0.6577, 4962
0.6587, 4961
0.6596, 4960
0.6603, 4959
0.6609, 4958
0.6616, 4957
0.6625, 4956
0.6633, 4955
0.6639, 4954
0.6648, 4953
0.6658, 4952
0.6668, 4951
0.6680, 4950
0.6691, 4949
0.6705, 4948
0.6713, 4947
0.6721, 4946
0.6732, 4945
0.6738, 4944
0.6745, 4943
0.6752, 4942
0.6759, 4941
0.6767, 4940
0.6773, 4939
0.6780, 4938
0.6787, 4937
0.6797, 4936
0.6804, 4935
0.6816, 4934
0.6825, 4933
0.6832, 4932
0.6840, 4931
0.6849, 4930
0.6862, 4929
0.6869, 4928
0.6876, 4927
0.6886, 4926
0.6896, 4925
0.6906, 4924
0.6916, 4923
0.6926, 4922
0.6935, 4921
0.6944, 4920
0.6953, 4919
0.6968, 4918
0.6979, 4917
0.6988, 4916
0.6998, 4915
0.7004, 4914
0.7011, 4913
0.7017, 4912
0.7023, 4911
0.7028, 4910
0.7034, 4909
0.7043, 4908
0.7049, 4907
0.7054, 4906
0.7060, 4905
0.7068, 4904
0.7075, 4903
0.7081, 4902
0.7088, 4901
0.7094, 4900
0.7103, 4899
0.7110, 4898
0.7116, 4897
0.7122, 4896
0.7128, 4895
0.7136, 4894
0.7144, 4893
0.7152, 4892
0.7162, 4891
0.7170, 4890
0.7177, 4889
0.7182, 4888
0.7189, 4887
0.7195, 4886
0.7201, 4885
0.7207, 4884
0.7213, 4883
0.7219, 4882
0.7225, 4881
0.7233, 4880
0.7240, 4879
0.7249, 4878
0.7255, 4877
0.7260, 4876
0.7268, 4875
0.7273, 4874
0.7279, 4873
0.7285, 4872
0.7293, 4871
0.7301, 4870
0.7312, 4869
0.7323, 4868
0.7329, 4867
0.7334, 4866
0.7339, 4865
0.7349, 4864
0.7358, 4863
0.7363, 4862
0.7369, 4861
0.7377, 4860
0.7383, 4859
0.7393, 4858
0.7400, 4857
0.7409, 4856
0.7418, 4855
0.7424, 4854
0.7434, 4853
0.7440, 4852
0.7446, 4851
0.7452, 4850
0.7461, 4849
0.7469, 4848
0.7477, 4847
0.7484, 4846
0.7491, 4845
0.7500, 4844
0.7505, 4843
0.7511, 4842
0.7515, 4841
0.7523, 4840
0.7529, 4839
0.7540, 4838
0.7549, 4837
0.7556, 4836
0.7561, 4835
0.7566, 4834
0.7573, 4833
0.7579, 4832
0.7584, 4831
0.7593, 4830
0.7599, 4829
0.7605, 4828
0.7611, 4827
0.7620, 4826
0.7630, 4825
0.7635, 4824
0.7642, 4823
0.7648, 4822
0.7656, 4821
0.7663, 4820
0.7667, 4819
0.7674, 4818
0.7679, 4817
0.7684, 4816
0.7689, 4815
0.7695, 4814
0.7703, 4813
0.7714, 4812
0.7721, 4811
0.7726, 4810
0.7735, 4809
0.7740, 4808
0.7745, 4807
0.7750, 4806
0.7755, 4805
0.7763, 4804
0.7772, 4803
0.7777, 4802
0.7782, 4801
0.7790, 4800
0.7797, 4799
0.7803, 4798
0.7810, 4797
0.7818, 4796
0.7825, 4795
0.7832, 4794
0.7839, 4793
0.7844, 4792
0.7851, 4791
0.7857, 4790
0.7865, 4789
0.7871, 4788
0.7878, 4787
0.7885, 4786
0.7890, 4785
0.7896, 4784
0.7902, 4783
0.7909, 4782
0.7915, 4781
0.7923, 4780
0.7932, 4779
0.7936, 4778
0.7945, 4777
0.7951, 4776
0.7957, 4775
0.7963, 4774
0.7974, 4773
0.7982, 4772
0.7990, 4771
0.7996, 4770
0.8003, 4769
0.8011, 4768
0.8018, 4767
0.8022, 4766
0.8029, 4765
0.8039, 4764
0.8047, 4763
0.8054, 4762
0.8060, 4761
0.8065, 4760
0.8072, 4759
0.8086, 4758
0.8093, 4757
0.8099, 4756
0.8109, 4755
0.8115, 4754
0.8122, 4753
0.8129, 4752
0.8134, 4751
0.8143, 4750
0.8149, 4749
0.8154, 4748
0.8161, 4747
0.8170, 4746
0.8177, 4745
0.8188, 4744
0.8197, 4743
0.8207, 4742
0.8216, 4741
0.8223, 4740
0.8230, 4739
0.8237, 4738
0.8244, 4737
0.8252, 4736
0.8262, 4735
0.8270, 4734
0.8278, 4733
0.8285, 4732
0.8291, 4731
0.8302, 4730
0.8308, 4729
0.8313, 4728
0.8319, 4727
0.8329, 4726
0.8337, 4725
0.8348, 4724
0.8360, 4723
0.8366, 4722
0.8376, 4721
0.8385, 4720
0.8391, 4719
0.8397, 4718
0.8404, 4717
0.8414, 4716
0.8425, 4715
0.8434, 4714
0.8445, 4713
0.8452, 4712
0.8479, 4711
0.8489, 4710
0.8500, 4709
0.8508, 4708
0.8518, 4707
0.8526, 4706
0.8537, 4705
0.8546, 4704
0.8555, 4703
0.8565, 4702
0.8577, 4701
0.8588, 4700
0.8599, 4699
0.8609, 4698
0.8618, 4697
0.8626, 4696
0.8636, 4695
0.8646, 4694
0.8656, 4693
0.8665, 4692
0.8677, 4691
0.8690, 4690
1.0717, 4689
1.3568, 4688
1.3573, 4687
1.5511, 4686
1.7670, 4685
1.8313, 4684
1.8933, 4683
2.0138, 4682
2.1156, 4681
2.3651, 4680
2.4252, 4679
2.5482, 4678
2.5892, 4677
2.7917, 4676
3.0886, 4675
3.1106, 4674
3.2127, 4673
3.4194, 4672
3.4837, 4671
3.4845, 4670
3.6296, 4669
3.6305, 4668
3.7532, 4667
3.8530, 4666
3.8537, 4665
3.8935, 4664
3.9348, 4663
4.3837, 4662
4.4834, 4661
4.9537, 4660
4.9995, 4659
5.1457, 4658
5.2313, 4657
5.3520, 4656
5.5943, 4655
6.1019, 4654
6.1026, 4653
6.1031, 4652
6.6979, 4651
6.8209, 4650
6.9834, 4649
7.6621, 4648
7.7226, 4647
7.8450, 4646
8.0930, 4645
8.1940, 4644
8.1946, 4643
8.1952, 4642
8.2556, 4641
8.7382, 4640
8.8406, 4639
8.8412, 4638
9.2126, 4637
9.2131, 4636
9.6778, 4635
9.6785, 4634
9.7793, 4633
