0.0000, 5900
0.0005, 5899
0.0013, 5898
0.0018, 5897
0.0028, 5896
0.0036, 5895
0.0043, 5894
0.0050, 5893
0.0058, 5892
0.0063, 5891
0.0072, 5890
0.0077, 5889
0.0082, 5888
0.0088, 5887
0.0097, 5886
0.0106, 5885
0.0113, 5884
0.0125, 5883
0.0132, 5882
0.0143, 5881
0.0148, 5880
0.0158, 5879
0.0167, 5878
0.0178, 5877
0.0183, 5876
0.0189, 5875
0.0194, 5874
0.0200, 5873
0.0212, 5872
0.0217, 5871
0.0222, 5870
0.0227, 5869
0.0234, 5868
0.0239, 5867
0.0245, 5866
0.0250, 5865
0.0259, 5864
0.0266, 5863
0.0273, 5862
0.0278, 5861
0.0284, 5860
0.0290, 5859
0.0295, 5858
0.0301, 5857
0.0307, 5856
0.0313, 5855
0.0318, 5854
0.0324, 5853
0.0329, 5852
0.0339, 5851
0.0348, 5850
0.0354, 5849
0.0359, 5848
0.0366, 5847
0.0372, 5846
0.0377, 5845
0.0385, 5844
0.0390, 5843
0.0395, 5842
0.0400, 5841
0.0408, 5840
0.0415, 5839
0.0420, 5838
0.0426, 5837
0.0432, 5836
0.0438, 5835
0.0445, 5834
0.0450, 5833
0.0458, 5832
0.0463, 5831
0.0468, 5830
0.0477, 5829
0.0482, 5828
0.0487, 5827
0.0493, 5826
0.0502, 5825
0.0507, 5824
0.0513, 5823
0.0521, 5822
0.0527, 5821
0.0532, 5820
0.0538, 5819
0.0543, 5818
0.0548, 5817
0.0557, 5816
0.0563, 5815
0.0573, 5814
0.0582, 5813
0.0589, 5812
0.0595, 5811
0.0604, 5810
0.0611, 5809
0.0617, 5808
0.0624, 5807
0.0629, 5806
0.0637, 5805
0.0643, 5804
0.0648, 5803
0.0653, 5802
0.0659, 5801
0.0664, 5800
0.0673, 5799
0.0678, 5798
0.0684, 5797
0.0690, 5796
0.0697, 5795
0.0702, 5794
0.0710, 5793
0.0715, 5792
0.0720, 5791
0.0726, 5790
0.0731, 5789
0.0736, 5788
0.0743, 5787
0.0748, 5786
0.0761, 5785
0.0772, 5784
0.0780, 5783
0.0785, 5782
0.0791, 5781
0.0796, 5780
0.0803, 5779
0.0811, 5778
0.0817, 5777
0.0825, 5776
0.0832, 5775
0.0838, 5774
0.0845, 5773
0.0856, 5772
0.0862, 5771
0.0874, 5770
0.0880, 5769
0.0886, 5768
0.0893, 5767
0.0899, 5766
0.0906, 5765
0.0914, 5764
0.0919, 5763
0.0925, 5762
0.0930, 5761
0.0936, 5760
0.0946, 5759
0.0951, 5758
0.0956, 5757
0.0962, 5756
0.0967, 5755
0.0972, 5754
0.0981, 5753
0.0987, 5752
0.0993, 5751
0.0998, 5750
0.1003, 5749
0.1012, 5748
0.1017, 5747
0.1023, 5746
0.1032, 5745
0.1043, 5744
0.1048, 5743
0.1054, 5742
0.1060, 5741
0.1070, 5740
0.1076, 5739
0.1081, 5738
0.1087, 5737
0.1093, 5736
0.1098, 5735
0.1104, 5734
0.1109, 5733
0.1116, 5732
0.1121, 5731
0.1127, 5730
0.1133, 5729
0.1138, 5728
0.1144, 5727
0.1149, 5726
0.1155, 5725
0.1163, 5724
0.1169, 5723
0.1180, 5722
0.1186, 5721
0.1192, 5720
0.1199, 5719
0.1207, 5718
0.1217, 5717
0.1226, 5716
0.1235, 5715
0.1245, 5714
0.1251, 5713
0.1257, 5712
0.1263, 5711
0.1268, 5710
0.1274, 5709
0.1283, 5708
0.1290, 5707
0.1296, 5706
0.1302, 5705
0.1307, 5704
0.1313, 5703
0.1318, 5702
0.1324, 5701
0.1330, 5700
0.1341, 5699
0.1346, 5698
0.1351, 5697
0.1357, 5696
0.1369, 5695
0.1376, 5694
0.1382, 5693
0.1388, 5692
0.1394, 5691
0.1399, 5690
0.1404, 5689
0.1411, 5688
0.1417, 5687
0.1423, 5686
0.1432, 5685
0.1438, 5684
0.1444, 5683
0.1450, 5682
0.1456, 5681
0.1462, 5680
0.1468, 5679
0.1474, 5678
0.1480, 5677
0.1486, 5676
0.1492, 5675
0.1498, 5674
0.1503, 5673
0.1509, 5672
0.1515, 5671
0.1520, 5670
0.1527, 5669
0.1532, 5668
0.1539, 5667
0.1544, 5666
0.1550, 5665
0.1555, 5664
0.1562, 5663
0.1567, 5662
0.1578, 5661
0.1583, 5660
0.1592, 5659
0.1598, 5658
0.1610, 5657
0.1620, 5656
0.1629, 5655
0.1636, 5654
0.1643, 5653
0.1649, 5652
0.1656, 5651
0.1661, 5650
0.1667, 5649
0.1673, 5648
0.1680, 5647
0.1686, 5646
0.1692, 5645
0.1699, 5644
0.1705, 5643
0.1711, 5642
0.1717, 5641
0.1724, 5640
0.1732, 5639
0.1741, 5638
0.1747, 5637
0.1752, 5636
0.1759, 5635
0.1770, 5634
0.1776, 5633
0.1787, 5632
0.1795, 5631
0.1801, 5630
0.1811, 5629
0.1820, 5628
0.1826, 5627
0.1837, 5626
0.1845, 5625
0.1852, 5624
0.1862, 5623
0.1868, 5622
0.1874, 5621
0.1881, 5620
0.1888, 5619
0.1897, 5618
0.1903, 5617
0.1909, 5616
0.1915, 5615
0.1922, 5614
0.1931, 5613
0.1937, 5612
0.1942, 5611
0.1948, 5610
0.1956, 5609
0.1962, 5608
0.1968, 5607
0.1974, 5606
0.1980, 5605
0.1986, 5604
0.1992, 5603
0.1997, 5602
0.2003, 5601
0.2009, 5600
0.2014, 5599
0.2019, 5598
0.2025, 5597
0.2030, 5596
0.2036, 5595
0.2045, 5594
0.2051, 5593
0.2060, 5592
0.2066, 5591
0.2074, 5590
0.2082, 5589
0.2091, 5588
0.2097, 5587
0.2104, 5586
0.2109, 5585
0.2116, 5584
0.2126, 5583
0.2133, 5582
0.2139, 5581
0.2145, 5580
0.2151, 5579
0.2158, 5578
0.2164, 5577
0.2174, 5576
0.2181, 5575
0.2187, 5574
0.2194, 5573
0.2200, 5572
0.2206, 5571
0.2213, 5570
0.2222, 5569
0.2228, 5568
0.2237, 5567
0.2243, 5566
0.2248, 5565
0.2255, 5564
0.2262, 5563
0.2273, 5562
0.2280, 5561
0.2286, 5560
0.2291, 5559
0.2297, 5558
0.2303, 5557
0.2313, 5556
0.2319, 5555
0.2324, 5554
0.2331, 5553
0.2339, 5552
0.2345, 5551
0.2352, 5550
0.2358, 5549
0.2365, 5548
0.2372, 5547
0.2379, 5546
0.2386, 5545
0.2391, 5544
0.2397, 5543
0.2403, 5542
0.2411, 5541
0.2418, 5540
0.2425, 5539
0.2431, 5538
0.2437, 5537
0.2443, 5536
0.2449, 5535
0.2456, 5534
0.2465, 5533
0.2471, 5532
0.2478, 5531
0.2483, 5530
0.2490, 5529
0.2496, 5528
0.2502, 5527
0.2508, 5526
0.2516, 5525
0.2523, 5524
0.2531, 5523
0.2541, 5522
0.2552, 5521
0.2561, 5520
0.2569, 5519
0.2576, 5518
0.2582, 5517
0.2589, 5516
0.2595, 5515
0.2604, 5514
0.2610, 5513
0.2617, 5512
0.2623, 5511
0.2635, 5510
0.2653, 5509
0.2669, 5508
0.2676, 5507
0.2684, 5506
0.2689, 5505
0.2695, 5504
0.2701, 5503
0.2711, 5502
0.2717, 5501
0.2723, 5500
0.2730, 5499
0.2740, 5498
0.2747, 5497
0.2754, 5496
0.2760, 5495
0.2767, 5494
0.2773, 5493
0.2779, 5492
0.2785, 5491
0.2795, 5490
0.2803, 5489
0.2809, 5488
0.2815, 5487
0.2820, 5486
0.2826, 5485
0.2836, 5484
0.2841, 5483
0.2847, 5482
0.2857, 5481
0.2863, 5480
0.2869, 5479
0.2875, 5478
0.2881, 5477
0.2887, 5476
0.2894, 5475
0.2899, 5474
0.2907, 5473
0.2914, 5472
0.2920, 5471
0.2926, 5470
0.2932, 5469
0.2938, 5468
0.2944, 5467
0.2950, 5466
0.2960, 5465
0.2965, 5464
0.2971, 5463
0.2977, 5462
0.2983, 5461
0.2989, 5460
0.2995, 5459
0.3001, 5458
0.3007, 5457
0.3013, 5456
0.3022, 5455
0.3029, 5454
0.3034, 5453
0.3041, 5452
0.3047, 5451
0.3056, 5450
0.3061, 5449
0.3069, 5448
0.3075, 5447
0.3082, 5446
0.3087, 5445
0.3093, 5444
0.3104, 5443
0.3110, 5442
0.3116, 5441
0.3122, 5440
0.3128, 5439
0.3135, 5438
0.3144, 5437
0.3151, 5436
0.3158, 5435
0.3164, 5434
0.3170, 5433
0.3176, 5432
0.3186, 5431
0.3192, 5430
0.3198, 5429
0.3205, 5428
0.3210, 5427
0.3218, 5426
0.3228, 5425
0.3234, 5424
0.3241, 5423
0.3248, 5422
0.3255, 5421
0.3262, 5420
0.3271, 5419
0.3277, 5418
0.3283, 5417
0.3293, 5416
0.3299, 5415
0.3306, 5414
0.3311, 5413
0.3317, 5412
0.3324, 5411
0.3329, 5410
0.3335, 5409
0.3340, 5408
0.3345, 5407
0.3353, 5406
0.3361, 5405
0.3369, 5404
0.3378, 5403
0.3386, 5402
0.3391, 5401
0.3397, 5400
0.3405, 5399
0.3414, 5398
0.3421, 5397
0.3428, 5396
0.3434, 5395
0.3443, 5394
0.3451, 5393
0.3457, 5392
0.3465, 5391
0.3470, 5390
0.3475, 5389
0.3482, 5388
0.3488, 5387
0.3494, 5386
0.3503, 5385
0.3508, 5384
0.3515, 5383
0.3522, 5382
0.3529, 5381
0.3536, 5380
0.3541, 5379
0.3547, 5378
0.3556, 5377
0.3562, 5376
0.3569, 5375
0.3575, 5374
0.3582, 5373
0.3589, 5372
0.3594, 5371
0.3601, 5370
0.3608, 5369
0.3616, 5368
0.3623, 5367
0.3628, 5366
0.3636, 5365
0.3643, 5364
0.3650, 5363
0.3660, 5362
0.3667, 5361
0.3674, 5360
0.3681, 5359
0.3688, 5358
0.3694, 5357
0.3705, 5356
0.3712, 5355
0.3719, 5354
0.3725, 5353
0.3732, 5352
0.3738, 5351
0.3746, 5350
0.3753, 5349
0.3759, 5348
0.3765, 5347
0.3771, 5346
0.3780, 5345
0.3788, 5344
0.3794, 5343
0.3801, 5342
0.3808, 5341
0.3813, 5340
0.3819, 5339
0.3825, 5338
0.3831, 5337
0.3837, 5336
0.3843, 5335
0.3850, 5334
0.3857, 5333
0.3866, 5332
0.3876, 5331
0.3882, 5330
0.3888, 5329
0.3893, 5328
0.3899, 5327
0.3906, 5326
0.3912, 5325
0.3917, 5324
0.3924, 5323
0.3934, 5322
0.3943, 5321
0.3953, 5320
0.3961, 5319
0.3967, 5318
0.3973, 5317
0.3978, 5316
0.3987, 5315
0.3994, 5314
0.4001, 5313
0.4008, 5312
0.4017, 5311
0.4024, 5310
0.4030, 5309
0.4036, 5308
0.4046, 5307
0.4053, 5306
0.4059, 5305
0.4065, 5304
0.4071, 5303
0.4077, 5302
0.4083, 5301
0.4089, 5300
0.4096, 5299
0.4101, 5298
0.4107, 5297
0.4113, 5296
0.4121, 5295
0.4128, 5294
0.4133, 5293
0.4139, 5292
0.4148, 5291
0.4155, 5290
0.4162, 5289
0.4170, 5288
0.4177, 5287
0.4182, 5286
0.4189, 5285
0.4195, 5284
0.4202, 5283
0.4208, 5282
0.4213, 5281
0.4219, 5280
0.4225, 5279
0.4231, 5278
0.4237, 5277
0.4243, 5276
0.4251, 5275
0.4257, 5274
0.4266, 5273
0.4272, 5272
0.4278, 5271
0.4284, 5270
0.4291, 5269
0.4297, 5268
0.4303, 5267
0.4308, 5266
0.4315, 5265
0.4322, 5264
0.4329, 5263
0.4335, 5262
0.4341, 5261
0.4347, 5260
0.4355, 5259
0.4361, 5258
0.4367, 5257
0.4374, 5256
0.4382, 5255
0.4388, 5254
0.4398, 5253
0.4406, 5252
0.4413, 5251
0.4424, 5250
0.4430, 5249
0.4435, 5248
0.4442, 5247
0.4449, 5246
0.4456, 5245
0.4462, 5244
0.4469, 5243
0.4474, 5242
0.4480, 5241
0.4486, 5240
0.4492, 5239
0.4497, 5238
0.4504, 5237
0.4513, 5236
0.4518, 5235
0.4524, 5234
0.4530, 5233
0.4536, 5232
0.4543, 5231
0.4549, 5230
0.4555, 5229
0.4561, 5228
0.4568, 5227
0.4576, 5226
0.4581, 5225
0.4587, 5224
0.4597, 5223
0.4606, 5222
0.4613, 5221
0.4621, 5220
0.4628, 5219
0.4634, 5218
0.4639, 5217
0.4646, 5216
0.4653, 5215
0.4660, 5214
0.4666, 5213
0.4674, 5212
0.4681, 5211
0.4689, 5210
0.4698, 5209
0.4704, 5208
0.4711, 5207
0.4719, 5206
0.4727, 5205
0.4733, 5204
0.4742, 5203
0.4748, 5202
0.4755, 5201
0.4761, 5200
0.4769, 5199
0.4776, 5198
0.4783, 5197
0.4790, 5196
0.4796, 5195
0.4804, 5194
0.4810, 5193
0.4816, 5192
0.4822, 5191
0.4827, 5190
0.4835, 5189
0.4840, 5188
0.4846, 5187
0.4852, 5186
0.4858, 5185
0.4864, 5184
0.4870, 5183
0.4878, 5182
0.4885, 5181
0.4893, 5180
0.4903, 5179
0.4908, 5178
0.4917, 5177
0.4924, 5176
0.4930, 5175
0.4939, 5174
0.4946, 5173
0.4954, 5172
0.4960, 5171
0.4967, 5170
0.4972, 5169
0.4980, 5168
0.4986, 5167
0.4991, 5166
0.4998, 5165
0.5007, 5164
0.5013, 5163
0.5020, 5162
0.5027, 5161
0.5037, 5160
0.5045, 5159
0.5052, 5158
0.5059, 5157
0.5065, 5156
0.5070, 5155
0.5077, 5154
0.5084, 5153
0.5093, 5152
0.5100, 5151
0.5106, 5150
0.5113, 5149
0.5119, 5148
0.5126, 5147
0.5131, 5146
0.5136, 5145
0.5141, 5144
0.5149, 5143
0.5154, 5142
0.5160, 5141
0.5165, 5140
0.5171, 5139
0.5178, 5138
0.5185, 5137
0.5193, 5136
0.5199, 5135
0.5207, 5134
0.5213, 5133
0.5218, 5132
0.5224, 5131
0.5231, 5130
0.5238, 5129
0.5245, 5128
0.5251, 5127
0.5259, 5126
0.5267, 5125
0.5273, 5124
0.5278, 5123
0.5285, 5122
0.5290, 5121
0.5298, 5120
0.5303, 5119
0.5308, 5118
0.5314, 5117
0.5319, 5116
0.5324, 5115
0.5331, 5114
0.5340, 5113
0.5347, 5112
0.5354, 5111
0.5363, 5110
0.5368, 5109
0.5374, 5108
0.5379, 5107
0.5385, 5106
0.5392, 5105
0.5397, 5104
0.5404, 5103
0.5412, 5102
0.5418, 5101
0.5427, 5100
0.5434, 5099
0.5441, 5098
0.5449, 5097
0.5454, 5096
0.5462, 5095
0.5468, 5094
0.5473, 5093
0.5480, 5092
0.5486, 5091
0.5493, 5090
0.5499, 5089
0.5506, 5088
0.5513, 5087
0.5522, 5086
0.5529, 5085
0.5534, 5084
0.5540, 5083
0.5548, 5082
0.5554, 5081
0.5560, 5080
0.5567, 5079
0.5572, 5078
0.5578, 5077
0.5585, 5076
0.5590, 5075
0.5598, 5074
0.5605, 5073
0.5612, 5072
0.5618, 5071
0.5624, 5070
0.5629, 5069
0.5637, 5068
0.5646, 5067
0.5653, 5066
0.5660, 5065
0.5668, 5064
0.5678, 5063
0.5684, 5062
0.5691, 5061
0.5697, 5060
0.5705, 5059
0.5711, 5058
0.5717, 5057
0.5723, 5056
0.5728, 5055
0.5735, 5054
0.5742, 5053
0.5749, 5052
0.5755, 5051
0.5760, 5050
0.5766, 5049
0.5772, 5048
0.5780, 5047
0.5787, 5046
0.5797, 5045
0.5803, 5044
0.5809, 5043
0.5815, 5042
0.5821, 5041
0.5830, 5040
0.5835, 5039
0.5842, 5038
0.5850, 5037
0.5856, 5036
0.5861, 5035
0.5869, 5034
0.5877, 5033
0.5883, 5032
0.5890, 5031
0.5899, 5030
0.5906, 5029
0.5915, 5028
0.5920, 5027
0.5927, 5026
0.5933, 5025
0.5940, 5024
0.5946, 5023
0.5952, 5022
0.5958, 5021
0.5966, 5020
0.5976, 5019
0.5985, 5018
0.5991, 5017
0.5996, 5016
0.6002, 5015
0.6012, 5014
0.6018, 5013
0.6025, 5012
0.6033, 5011
0.6040, 5010
0.6047, 5009
0.6053, 5008
0.6058, 5007
0.6064, 5006
0.6073, 5005
0.6079, 5004
0.6087, 5003
0.6093, 5002
0.6099, 5001
0.6108, 5000
0.6114, 4999
0.6123, 4998
0.6129, 4997
0.6135, 4996
0.6141, 4995
0.6147, 4994
0.6153, 4993
0.6160, 4992
0.6166, 4991
0.6173, 4990
0.6181, 4989
0.6190, 4988
0.6198, 4987
0.6204, 4986
0.6210, 4985
0.6216, 4984
0.6224, 4983
0.6230, 4982
0.6237, 4981
0.6245, 4980
0.6255, 4979
0.6260, 4978
0.6266, 4977
0.6273, 4976
0.6282, 4975
0.6292, 4974
0.6298, 4973
0.6304, 4972
0.6311, 4971
0.6318, 4970
0.6323, 4969
0.6331, 4968
0.6338, 4967
0.6345, 4966
0.6352, 4965
0.6358, 4964
0.6363, 4963
0.6369, 4962
0.6376, 4961
0.6384, 4960
0.6389, 4959
0.6395, 4958
0.6400, 4957
0.6406, 4956
0.6414, 4955
0.6419, 4954
0.6425, 4953
0.6431, 4952
0.6439, 4951
0.6448, 4950
0.6457, 4949
0.6468, 4948
0.6474, 4947
0.6481, 4946
0.6489, 4945
0.6495, 4944
0.6501, 4943
0.6506, 4942
0.6512, 4941
0.6517, 4940
0.6522, 4939
0.6530, 4938
0.6535, 4937
0.6542, 4936
0.6548, 4935
0.6558, 4934
0.6566, 4933
0.6572, 4932
0.6577, 4931
0.6584, 4930
0.6590, 4929
0.6597, 4928
0.6602, 4927
0.6609, 4926
0.6616, 4925
0.6622, 4924
0.6629, 4923
0.6636, 4922
0.6643, 4921
0.6649, 4920
0.6655, 4919
0.6664, 4918
0.6673, 4917
0.6678, 4916
0.6687, 4915
0.6692, 4914
0.6698, 4913
0.6703, 4912
0.6708, 4911
0.6714, 4910
0.6719, 4909
0.6728, 4908
0.6733, 4907
0.6739, 4906
0.6745, 4905
0.6750, 4904
0.6756, 4903
0.6761, 4902
0.6768, 4901
0.6774, 4900
0.6783, 4899
0.6790, 4898
0.6795, 4897
0.6801, 4896
0.6806, 4895
0.6813, 4894
0.6820, 4893
0.6825, 4892
0.6834, 4891
0.6842, 4890
0.6850, 4889
0.6855, 4888
0.6862, 4887
0.6867, 4886
0.6873, 4885
0.6879, 4884
0.6885, 4883
0.6891, 4882
0.6896, 4881
0.6902, 4880
0.6909, 4879
0.6917, 4878
0.6923, 4877
0.6928, 4876
0.6936, 4875
0.6941, 4874
0.6947, 4873
0.6953, 4872
0.6961, 4871
0.6968, 4870
0.6976, 4869
0.6984, 4868
0.6989, 4867
0.6995, 4866
0.7000, 4865
0.7009, 4864
0.7018, 4863
0.7023, 4862
0.7029, 4861
0.7037, 4860
0.7043, 4859
0.7051, 4858
0.7057, 4857
0.7064, 4856
0.7073, 4855
0.7079, 4854
0.7089, 4853
0.7095, 4852
0.7101, 4851
0.7107, 4850
0.7115, 4849
0.7122, 4848
0.7129, 4847
0.7135, 4846
0.7140, 4845
0.7148, 4844
0.7153, 4843
0.7158, 4842
0.7163, 4841
0.7170, 4840
0.7177, 4839
0.7187, 4838
0.7194, 4837
0.7201, 4836
0.7206, 4835
0.7211, 4834
0.7218, 4833
0.7224, 4832
0.7230, 4831
0.7239, 4830
0.7244, 4829
0.7251, 4828
0.7257, 4827
0.7266, 4826
0.7275, 4825
0.7280, 4824
0.7287, 4823
0.7293, 4822
0.7299, 4821
0.7305, 4820
0.7310, 4819
0.7316, 4818
0.7322, 4817
0.7327, 4816
0.7332, 4815
0.7338, 4814
0.7347, 4813
0.7356, 4812
0.7363, 4811
0.7368, 4810
0.7377, 4809
0.7382, 4808
0.7387, 4807
0.7392, 4806
0.7397, 4805
0.7406, 4804
0.7414, 4803
0.7419, 4802
0.7425, 4801
0.7432, 4800
0.7438, 4799
0.7444, 4798
0.7449, 4797
0.7455, 4796
0.7461, 4795
0.7467, 4794
0.7474, 4793
0.7480, 4792
0.7487, 4791
0.7492, 4790
0.7500, 4789
0.7506, 4788
0.7512, 4787
0.7518, 4786
0.7523, 4785
0.7529, 4784
0.7534, 4783
0.7541, 4782
0.7547, 4781
0.7555, 4780
0.7564, 4779
0.7568, 4778
0.7577, 4777
0.7582, 4776
0.7588, 4775
0.7593, 4774
0.7603, 4773
0.7608, 4772
0.7616, 4771
0.7621, 4770
0.7627, 4769
0.7635, 4768
0.7642, 4767
0.7647, 4766
0.7653, 4765
0.7662, 4764
0.7671, 4763
0.7677, 4762
0.7684, 4761
0.7689, 4760
0.7696, 4759
0.7707, 4758
0.7713, 4757
0.7718, 4756
0.7727, 4755
0.7732, 4754
0.7738, 4753
0.7743, 4752
0.7748, 4751
0.7757, 4750
0.7762, 4749
0.7767, 4748
0.7773, 4747
0.7782, 4746
0.7788, 4745
0.7796, 4744
0.7803, 4743
0.7812, 4742
0.7820, 4741
0.7825, 4740
0.7831, 4739
0.7836, 4738
0.7842, 4737
0.7848, 4736
0.7857, 4735
0.7862, 4734
0.7868, 4733
0.7873, 4732
0.7878, 4731
0.7887, 4730
0.7892, 4729
0.7897, 4728
0.7903, 4727
0.7911, 4726
0.7919, 4725
0.7927, 4724
0.7936, 4723
0.7941, 4722
0.7949, 4721
0.7957, 4720
0.7962, 4719
0.7968, 4718
0.7973, 4717
0.7980, 4716
0.7989, 4715
0.7996, 4714
0.8004, 4713
0.8009, 4712
0.8017, 4711
0.8025, 4710
0.8035, 4709
0.8041, 4708
0.8050, 4707
0.8056, 4706
0.8064, 4705
0.8071, 4704
0.8078, 4703
0.8087, 4702
0.8096, 4701
0.8103, 4700
0.8113, 4699
0.8120, 4698
0.8128, 4697
0.8134, 4696
0.8143, 4695
0.8150, 4694
0.8159, 4693
0.8168, 4692
0.8177, 4691
0.8186, 4690
0.9867, 4689
1.2738, 4688
1.2743, 4687
1.3359, 4686
1.6796, 4685
1.7004, 4684
1.8016, 4683
1.8826, 4682
2.0454, 4681
2.2082, 4680
2.2898, 4679
2.4107, 4678
2.4514, 4677
2.6530, 4676
2.9393, 4675
2.9601, 4674
3.0619, 4673
3.2649, 4672
3.2656, 4671
3.3485, 4670
3.4501, 4669
3.4918, 4668
3.5737, 4667
3.6954, 4666
3.6961, 4665
3.7371, 4664
3.7781, 4663
4.2692, 4662
4.3318, 4661
4.8018, 4660
4.8435, 4659
4.9669, 4658
5.0288, 4657
5.1935, 4656
5.5010, 4655
5.8689, 4654
5.9715, 4653
5.9720, 4652
6.5238, 4651
6.6460, 4650
6.7690, 4649
7.4373, 4648
7.5998, 4647
7.6613, 4646
7.9260, 4645
7.9873, 4644
8.0284, 4643
8.0291, 4642
8.0698, 4641
8.4921, 4640
8.6332, 4639
8.7356, 4638
8.9380, 4637
9.0192, 4636
9.4216, 4635
9.4826, 4634
9.5239, 4633
9.8472, 4632
