0.1111, 4688
0.1408, 4687
0.1521, 4683
0.2540, 4682
0.3254, 4678
0.3663, 4674
0.5164, 4671
0.5579, 4669
0.5883, 4667
0.6392, 4661
0.6805, 4658
0.7522, 4656
0.7929, 4655
0.8236, 4654
0.8911, 4652
0.9013, 4651
0.9619, 4650
0.9822, 4649
1.0739, 4647
1.1165, 4646
1.1481, 4643
1.1588, 4642
1.1796, 4641
1.2621, 4637
1.2728, 4636
1.2838, 4635
1.3788, 4634
1.4425, 4631
1.7247, 4630
1.8002, 4629
1.8306, 4628
1.8922, 4626
2.0045, 4625
2.1570, 4624
2.1674, 4623
2.2285, 4622
2.4111, 4621
2.5694, 4619
2.6005, 4618
2.7868, 4616
2.9102, 4615
2.9356, 4613
2.9926, 4612
3.1559, 4609
3.1764, 4608
3.4807, 4607
3.5551, 4606
3.5863, 4604
3.6494, 4603
3.7228, 4602
4.0440, 4600
4.1274, 4598
4.3037, 4597
4.5641, 4596
5.8218, 4595
6.3042, 4594
6.3669, 4593
6.6177, 4592
6.7855, 4591
6.8590, 4590
7.1208, 4588
7.4733, 4587
7.6797, 4586
7.7159, 4585
7.8816, 4584
8.0161, 4583
8.0978, 4582
8.4787, 4581
8.7339, 4580
8.7551, 4578
9.8407, 4577
9.8510, 4576
10.0153, 4575
