0.1085, 4688
0.1380, 4687
0.1583, 4685
0.2491, 4684
0.3291, 4682
0.3495, 4681
0.3744, 4680
0.3898, 4679
0.4507, 4678
0.6619, 4677
0.6824, 4676
0.7729, 4675
0.8241, 4674
0.9153, 4673
1.0790, 4672
1.1310, 4671
1.1618, 4670
1.1824, 4668
1.2133, 4667
1.2238, 4665
1.2645, 4663
1.2750, 4662
1.3560, 4660
1.3876, 4658
1.4183, 4657
1.4604, 4650
1.5946, 4645
1.7870, 4643
1.8078, 4642
1.8789, 4640
1.8894, 4638
1.9101, 4637
1.9720, 4636
2.0240, 4635
2.0751, 4634
2.1360, 4633
2.1867, 4632
2.2977, 4631
2.3079, 4630
2.3490, 4628
2.4197, 4627
2.4813, 4626
2.5022, 4625
2.5428, 4624
2.5839, 4623
2.6670, 4622
2.6980, 4620
2.7487, 4618
2.7694, 4617
2.8814, 4616
3.4524, 4615
3.4630, 4613
3.5239, 4612
3.6151, 4611
3.9887, 4610
4.0296, 4607
4.0698, 4606
4.3722, 4605
4.7987, 4604
4.9529, 4603
5.1054, 4602
5.2182, 4601
5.2290, 4600
5.2392, 4599
5.3909, 4598
5.4516, 4597
5.6046, 4595
5.6859, 4594
5.7064, 4593
5.7167, 4592
5.7274, 4591
5.8086, 4590
5.9313, 4589
5.9719, 4587
5.9931, 4586
6.0183, 4585
6.3241, 4584
6.3949, 4583
7.3660, 4582
7.9084, 4581
8.0936, 4580
8.3811, 4579
8.5240, 4578
8.6063, 4577
9.3508, 4576
9.5742, 4575
9.6767, 4574
9.7076, 4573
