0.0000, 5900
0.0006, 5899
0.0013, 5898
0.0019, 5897
0.0029, 5896
0.0036, 5895
0.0043, 5894
0.0049, 5893
0.0058, 5892
0.0063, 5891
0.0072, 5890
0.0078, 5889
0.0083, 5888
0.0089, 5887
0.0100, 5886
0.0110, 5885
0.0117, 5884
0.0130, 5883
0.0137, 5882
0.0154, 5881
0.0161, 5880
0.0173, 5879
0.0184, 5878
0.0194, 5877
0.0199, 5876
0.0205, 5875
0.0212, 5874
0.0219, 5873
0.0231, 5872
0.0236, 5871
0.0243, 5870
0.0249, 5869
0.0257, 5868
0.0263, 5867
0.0270, 5866
0.0277, 5865
0.0292, 5864
0.0301, 5863
0.0310, 5862
0.0317, 5861
0.0327, 5860
0.0337, 5859
0.0394, 5858
0.0414, 5857
0.0425, 5856
0.0436, 5855
0.0444, 5854
0.0451, 5853
0.0462, 5852
0.0478, 5851
0.0490, 5850
0.0498, 5849
0.0515, 5848
0.0555, 5847
0.0570, 5846
0.0581, 5845
0.0595, 5844
0.0604, 5843
0.0612, 5842
0.0619, 5841
0.0632, 5840
0.0642, 5839
0.0650, 5838
0.0658, 5837
0.0670, 5836
0.0686, 5835
0.0698, 5834
0.0704, 5833
0.0725, 5832
0.0732, 5831
0.0741, 5830
0.0754, 5829
0.0762, 5828
0.0768, 5827
0.0778, 5826
0.0791, 5825
0.0798, 5824
0.0805, 5823
0.0818, 5822
0.0827, 5821
0.0833, 5820
0.0841, 5819
0.0847, 5818
0.0853, 5817
0.0863, 5816
0.0870, 5815
0.0881, 5814
0.0894, 5813
0.0902, 5812
0.0909, 5811
0.0921, 5810
0.0929, 5809
0.0937, 5808
0.0946, 5807
0.0952, 5806
0.0962, 5805
0.0969, 5804
0.0975, 5803
0.0981, 5802
0.0987, 5801
0.0994, 5800
0.1004, 5799
0.1010, 5798
0.1017, 5797
0.1024, 5796
0.1030, 5795
0.1036, 5794
0.1045, 5793
0.1051, 5792
0.1056, 5791
0.1063, 5790
0.1070, 5789
0.1079, 5788
0.1086, 5787
0.1094, 5786
0.1109, 5785
0.1120, 5784
0.1131, 5783
0.1137, 5782
0.1143, 5781
0.1148, 5780
0.1156, 5779
0.1178, 5778
0.1185, 5777
0.1194, 5776
0.1202, 5775
0.1209, 5774
0.1218, 5773
0.1231, 5772
0.1237, 5771
0.1254, 5770
0.1261, 5769
0.1267, 5768
0.1277, 5767
0.1283, 5766
0.1291, 5765
0.1300, 5764
0.1306, 5763
0.1312, 5762
0.1318, 5761
0.1324, 5760
0.1333, 5759
0.1339, 5758
0.1344, 5757
0.1350, 5756
0.1356, 5755
0.1361, 5754
0.1371, 5753
0.1378, 5752
0.1383, 5751
0.1389, 5750
0.1394, 5749
0.1403, 5748
0.1408, 5747
0.1413, 5746
0.1423, 5745
0.1434, 5744
0.1439, 5743
0.1445, 5742
0.1450, 5741
0.1460, 5740
0.1466, 5739
0.1471, 5738
0.1477, 5737
0.1483, 5736
0.1488, 5735
0.1494, 5734
0.1499, 5733
0.1505, 5732
0.1511, 5731
0.1517, 5730
0.1523, 5729
0.1528, 5728
0.1534, 5727
0.1539, 5726
0.1545, 5725
0.1552, 5724
0.1559, 5723
0.1569, 5722
0.1576, 5721
0.1581, 5720
0.1588, 5719
0.1596, 5718
0.1606, 5717
0.1614, 5716
0.1623, 5715
0.1634, 5714
0.1639, 5713
0.1645, 5712
0.1651, 5711
0.1656, 5710
0.1662, 5709
0.1670, 5708
0.1678, 5707
0.1686, 5706
0.1692, 5705
0.1698, 5704
0.1704, 5703
0.1709, 5702
0.1715, 5701
0.1722, 5700
0.1732, 5699
0.1737, 5698
0.1742, 5697
0.1748, 5696
0.1759, 5695
0.1766, 5694
0.1772, 5693
0.1778, 5692
0.1783, 5691
0.1788, 5690
0.1794, 5689
0.1800, 5688
0.1806, 5687
0.1812, 5686
0.1821, 5685
0.1827, 5684
0.1833, 5683
0.1839, 5682
0.1845, 5681
0.1852, 5680
0.1859, 5679
0.1864, 5678
0.1871, 5677
0.1876, 5676
0.1882, 5675
0.1888, 5674
0.1893, 5673
0.1899, 5672
0.1905, 5671
0.1911, 5670
0.1917, 5669
0.1923, 5668
0.1929, 5667
0.1934, 5666
0.1940, 5665
0.1946, 5664
0.1952, 5663
0.1957, 5662
0.1967, 5661
0.1973, 5660
0.1981, 5659
0.1987, 5658
0.1999, 5657
0.2009, 5656
0.2019, 5655
0.2026, 5654
0.2033, 5653
0.2039, 5652
0.2045, 5651
0.2051, 5650
0.2056, 5649
0.2062, 5648
0.2069, 5647
0.2075, 5646
0.2080, 5645
0.2088, 5644
0.2093, 5643
0.2099, 5642
0.2105, 5641
0.2112, 5640
0.2119, 5639
0.2128, 5638
0.2134, 5637
0.2140, 5636
0.2146, 5635
0.2157, 5634
0.2163, 5633
0.2174, 5632
0.2182, 5631
0.2188, 5630
0.2198, 5629
0.2207, 5628
0.2213, 5627
0.2224, 5626
0.2234, 5625
0.2241, 5624
0.2250, 5623
0.2256, 5622
0.2262, 5621
0.2270, 5620
0.2276, 5619
0.2292, 5618
0.2300, 5617
0.2307, 5616
0.2313, 5615
0.2320, 5614
0.2334, 5613
0.2342, 5612
0.2348, 5611
0.2355, 5610
0.2364, 5609
0.2372, 5608
0.2380, 5607
0.2386, 5606
0.2392, 5605
0.2399, 5604
0.2405, 5603
0.2410, 5602
0.2416, 5601
0.2422, 5600
0.2427, 5599
0.2432, 5598
0.2437, 5597
0.2443, 5596
0.2448, 5595
0.2457, 5594
0.2463, 5593
0.2472, 5592
0.2478, 5591
0.2486, 5590
0.2494, 5589
0.2503, 5588
0.2510, 5587
0.2516, 5586
0.2522, 5585
0.2529, 5584
0.2539, 5583
0.2545, 5582
0.2551, 5581
0.2557, 5580
0.2563, 5579
0.2570, 5578
0.2576, 5577
0.2586, 5576
0.2592, 5575
0.2598, 5574
0.2605, 5573
0.2611, 5572
0.2616, 5571
0.2624, 5570
0.2633, 5569
0.2638, 5568
0.2647, 5567
0.2653, 5566
0.2658, 5565
0.2665, 5564
0.2672, 5563
0.2685, 5562
0.2692, 5561
0.2698, 5560
0.2705, 5559
0.2710, 5558
0.2716, 5557
0.2726, 5556
0.2732, 5555
0.2737, 5554
0.2744, 5553
0.2753, 5552
0.2759, 5551
0.2765, 5550
0.2771, 5549
0.2777, 5548
0.2784, 5547
0.2790, 5546
0.2796, 5545
0.2801, 5544
0.2807, 5543
0.2812, 5542
0.2819, 5541
0.2825, 5540
0.2831, 5539
0.2836, 5538
0.2842, 5537
0.2848, 5536
0.2856, 5535
0.2866, 5534
0.2875, 5533
0.2881, 5532
0.2887, 5531
0.2893, 5530
0.2899, 5529
0.2904, 5528
0.2910, 5527
0.2915, 5526
0.2923, 5525
0.2929, 5524
0.2937, 5523
0.2945, 5522
0.2956, 5521
0.2964, 5520
0.2971, 5519
0.2978, 5518
0.2983, 5517
0.2990, 5516
0.2996, 5515
0.3004, 5514
0.3010, 5513
0.3017, 5512
0.3023, 5511
0.3028, 5510
0.3034, 5509
0.3040, 5508
0.3046, 5507
0.3053, 5506
0.3058, 5505
0.3064, 5504
0.3069, 5503
0.3078, 5502
0.3084, 5501
0.3091, 5500
0.3097, 5499
0.3106, 5498
0.3113, 5497
0.3119, 5496
0.3125, 5495
0.3131, 5494
0.3138, 5493
0.3144, 5492
0.3149, 5491
0.3159, 5490
0.3167, 5489
0.3173, 5488
0.3179, 5487
0.3185, 5486
0.3190, 5485
0.3200, 5484
0.3206, 5483
0.3211, 5482
0.3221, 5481
0.3227, 5480
0.3232, 5479
0.3237, 5478
0.3243, 5477
0.3249, 5476
0.3256, 5475
0.3261, 5474
0.3269, 5473
0.3275, 5472
0.3281, 5471
0.3287, 5470
0.3293, 5469
0.3299, 5468
0.3305, 5467
0.3311, 5466
0.3321, 5465
0.3326, 5464
0.3332, 5463
0.3337, 5462
0.3344, 5461
0.3350, 5460
0.3358, 5459
0.3364, 5458
0.3370, 5457
0.3376, 5456
0.3384, 5455
0.3391, 5454
0.3396, 5453
0.3403, 5452
0.3408, 5451
0.3416, 5450
0.3422, 5449
0.3430, 5448
0.3436, 5447
0.3443, 5446
0.3448, 5445
0.3454, 5444
0.3465, 5443
0.3471, 5442
0.3477, 5441
0.3483, 5440
0.3490, 5439
0.3498, 5438
0.3508, 5437
0.3516, 5436
0.3522, 5435
0.3529, 5434
0.3535, 5433
0.3542, 5432
0.3552, 5431
0.3558, 5430
0.3564, 5429
0.3570, 5428
0.3576, 5427
0.3585, 5426
0.3595, 5425
0.3601, 5424
0.3608, 5423
0.3615, 5422
0.3621, 5421
0.3628, 5420
0.3638, 5419
0.3643, 5418
0.3649, 5417
0.3659, 5416
0.3665, 5415
0.3672, 5414
0.3677, 5413
0.3683, 5412
0.3689, 5411
0.3695, 5410
0.3700, 5409
0.3706, 5408
0.3711, 5407
0.3718, 5406
0.3726, 5405
0.3734, 5404
0.3742, 5403
0.3750, 5402
0.3755, 5401
0.3761, 5400
0.3768, 5399
0.3777, 5398
0.3784, 5397
0.3790, 5396
0.3796, 5395
0.3804, 5394
0.3812, 5393
0.3819, 5392
0.3826, 5391
0.3832, 5390
0.3837, 5389
0.3843, 5388
0.3849, 5387
0.3855, 5386
0.3864, 5385
0.3869, 5384
0.3876, 5383
0.3883, 5382
0.3890, 5381
0.3896, 5380
0.3902, 5379
0.3907, 5378
0.3915, 5377
0.3921, 5376
0.3927, 5375
0.3934, 5374
0.3940, 5373
0.3947, 5372
0.3952, 5371
0.3959, 5370
0.3966, 5369
0.3973, 5368
0.3980, 5367
0.3985, 5366
0.3993, 5365
0.3999, 5364
0.4006, 5363
0.4017, 5362
0.4024, 5361
0.4031, 5360
0.4039, 5359
0.4045, 5358
0.4052, 5357
0.4062, 5356
0.4068, 5355
0.4074, 5354
0.4080, 5353
0.4087, 5352
0.4093, 5351
0.4101, 5350
0.4107, 5349
0.4113, 5348
0.4119, 5347
0.4125, 5346
0.4135, 5345
0.4144, 5344
0.4150, 5343
0.4157, 5342
0.4164, 5341
0.4170, 5340
0.4176, 5339
0.4182, 5338
0.4188, 5337
0.4195, 5336
0.4201, 5335
0.4208, 5334
0.4216, 5333
0.4225, 5332
0.4235, 5331
0.4241, 5330
0.4247, 5329
0.4253, 5328
0.4259, 5327
0.4266, 5326
0.4272, 5325
0.4278, 5324
0.4284, 5323
0.4295, 5322
0.4305, 5321
0.4316, 5320
0.4324, 5319
0.4331, 5318
0.4337, 5317
0.4343, 5316
0.4351, 5315
0.4358, 5314
0.4365, 5313
0.4372, 5312
0.4381, 5311
0.4388, 5310
0.4394, 5309
0.4400, 5308
0.4410, 5307
0.4418, 5306
0.4424, 5305
0.4430, 5304
0.4437, 5303
0.4444, 5302
0.4450, 5301
0.4455, 5300
0.4462, 5299
0.4468, 5298
0.4474, 5297
0.4481, 5296
0.4489, 5295
0.4496, 5294
0.4501, 5293
0.4508, 5292
0.4516, 5291
0.4524, 5290
0.4531, 5289
0.4540, 5288
0.4547, 5287
0.4552, 5286
0.4559, 5285
0.4565, 5284
0.4572, 5283
0.4578, 5282
0.4583, 5281
0.4589, 5280
0.4594, 5279
0.4600, 5278
0.4606, 5277
0.4612, 5276
0.4619, 5275
0.4626, 5274
0.4634, 5273
0.4640, 5272
0.4645, 5271
0.4651, 5270
0.4658, 5269
0.4665, 5268
0.4670, 5267
0.4676, 5266
0.4682, 5265
0.4689, 5264
0.4696, 5263
0.4703, 5262
0.4709, 5261
0.4714, 5260
0.4723, 5259
0.4728, 5258
0.4734, 5257
0.4741, 5256
0.4748, 5255
0.4755, 5254
0.4764, 5253
0.4772, 5252
0.4779, 5251
0.4790, 5250
0.4795, 5249
0.4801, 5248
0.4807, 5247
0.4814, 5246
0.4820, 5245
0.4826, 5244
0.4833, 5243
0.4838, 5242
0.4844, 5241
0.4851, 5240
0.4857, 5239
0.4862, 5238
0.4868, 5237
0.4878, 5236
0.4883, 5235
0.4889, 5234
0.4895, 5233
0.4901, 5232
0.4908, 5231
0.4914, 5230
0.4919, 5229
0.4925, 5228
0.4932, 5227
0.4940, 5226
0.4945, 5225
0.4951, 5224
0.4960, 5223
0.4969, 5222
0.4976, 5221
0.4983, 5220
0.4990, 5219
0.4996, 5218
0.5002, 5217
0.5008, 5216
0.5016, 5215
0.5023, 5214
0.5028, 5213
0.5036, 5212
0.5043, 5211
0.5051, 5210
0.5059, 5209
0.5065, 5208
0.5072, 5207
0.5080, 5206
0.5087, 5205
0.5094, 5204
0.5102, 5203
0.5108, 5202
0.5115, 5201
0.5121, 5200
0.5129, 5199
0.5135, 5198
0.5142, 5197
0.5149, 5196
0.5155, 5195
0.5163, 5194
0.5169, 5193
0.5174, 5192
0.5181, 5191
0.5186, 5190
0.5194, 5189
0.5199, 5188
0.5204, 5187
0.5210, 5186
0.5216, 5185
0.5222, 5184
0.5228, 5183
0.5236, 5182
0.5243, 5181
0.5251, 5180
0.5260, 5179
0.5266, 5178
0.5274, 5177
0.5281, 5176
0.5287, 5175
0.5296, 5174
0.5303, 5173
0.5310, 5172
0.5316, 5171
0.5322, 5170
0.5327, 5169
0.5336, 5168
0.5342, 5167
0.5347, 5166
0.5354, 5165
0.5362, 5164
0.5368, 5163
0.5376, 5162
0.5382, 5161
0.5392, 5160
0.5399, 5159
0.5407, 5158
0.5413, 5157
0.5419, 5156
0.5424, 5155
0.5431, 5154
0.5438, 5153
0.5446, 5152
0.5453, 5151
0.5459, 5150
0.5465, 5149
0.5472, 5148
0.5478, 5147
0.5483, 5146
0.5488, 5145
0.5493, 5144
0.5501, 5143
0.5507, 5142
0.5513, 5141
0.5518, 5140
0.5525, 5139
0.5531, 5138
0.5538, 5137
0.5546, 5136
0.5552, 5135
0.5559, 5134
0.5565, 5133
0.5571, 5132
0.5577, 5131
0.5583, 5130
0.5590, 5129
0.5597, 5128
0.5603, 5127
0.5611, 5126
0.5618, 5125
0.5625, 5124
0.5630, 5123
0.5636, 5122
0.5641, 5121
0.5649, 5120
0.5654, 5119
0.5659, 5118
0.5664, 5117
0.5670, 5116
0.5675, 5115
0.5681, 5114
0.5690, 5113
0.5697, 5112
0.5705, 5111
0.5713, 5110
0.5719, 5109
0.5724, 5108
0.5729, 5107
0.5734, 5106
0.5741, 5105
0.5747, 5104
0.5754, 5103
0.5761, 5102
0.5767, 5101
0.5776, 5100
0.5783, 5099
0.5790, 5098
0.5798, 5097
0.5803, 5096
0.5811, 5095
0.5816, 5094
0.5822, 5093
0.5829, 5092
0.5835, 5091
0.5842, 5090
0.5848, 5089
0.5855, 5088
0.5862, 5087
0.5872, 5086
0.5878, 5085
0.5883, 5084
0.5889, 5083
0.5897, 5082
0.5903, 5081
0.5908, 5080
0.5915, 5079
0.5921, 5078
0.5927, 5077
0.5933, 5076
0.5938, 5075
0.5946, 5074
0.5953, 5073
0.5960, 5072
0.5965, 5071
0.5970, 5070
0.5975, 5069
0.5983, 5068
0.5993, 5067
0.5999, 5066
0.6006, 5065
0.6014, 5064
0.6025, 5063
0.6031, 5062
0.6038, 5061
0.6044, 5060
0.6052, 5059
0.6058, 5058
0.6063, 5057
0.6069, 5056
0.6074, 5055
0.6081, 5054
0.6088, 5053
0.6094, 5052
0.6100, 5051
0.6105, 5050
0.6111, 5049
0.6118, 5048
0.6125, 5047
0.6132, 5046
0.6142, 5045
0.6148, 5044
0.6154, 5043
0.6160, 5042
0.6165, 5041
0.6175, 5040
0.6180, 5039
0.6186, 5038
0.6194, 5037
0.6200, 5036
0.6205, 5035
0.6212, 5034
0.6220, 5033
0.6226, 5032
0.6233, 5031
0.6242, 5030
0.6248, 5029
0.6257, 5028
0.6262, 5027
0.6269, 5026
0.6275, 5025
0.6281, 5024
0.6287, 5023
0.6293, 5022
0.6299, 5021
0.6306, 5020
0.6316, 5019
0.6325, 5018
0.6330, 5017
0.6336, 5016
0.6341, 5015
0.6351, 5014
0.6357, 5013
0.6364, 5012
0.6371, 5011
0.6378, 5010
0.6384, 5009
0.6390, 5008
0.6396, 5007
0.6402, 5006
0.6410, 5005
0.6416, 5004
0.6424, 5003
0.6430, 5002
0.6435, 5001
0.6444, 5000
0.6450, 4999
0.6459, 4998
0.6465, 4997
0.6470, 4996
0.6477, 4995
0.6482, 4994
0.6488, 4993
0.6495, 4992
0.6500, 4991
0.6508, 4990
0.6515, 4989
0.6525, 4988
0.6532, 4987
0.6538, 4986
0.6544, 4985
0.6550, 4984
0.6557, 4983
0.6563, 4982
0.6570, 4981
0.6578, 4980
0.6587, 4979
0.6593, 4978
0.6598, 4977
0.6605, 4976
0.6614, 4975
0.6624, 4974
0.6630, 4973
0.6635, 4972
0.6642, 4971
0.6649, 4970
0.6654, 4969
0.6662, 4968
0.6669, 4967
0.6676, 4966
0.6683, 4965
0.6688, 4964
0.6693, 4963
0.6699, 4962
0.6706, 4961
0.6713, 4960
0.6719, 4959
0.6724, 4958
0.6729, 4957
0.6735, 4956
0.6743, 4955
0.6748, 4954
0.6753, 4953
0.6759, 4952
0.6766, 4951
0.6776, 4950
0.6784, 4949
0.6795, 4948
0.6801, 4947
0.6807, 4946
0.6815, 4945
0.6820, 4944
0.6826, 4943
0.6831, 4942
0.6837, 4941
0.6843, 4940
0.6848, 4939
0.6855, 4938
0.6860, 4937
0.6867, 4936
0.6873, 4935
0.6883, 4934
0.6891, 4933
0.6897, 4932
0.6902, 4931
0.6908, 4930
0.6915, 4929
0.6921, 4928
0.6926, 4927
0.6933, 4926
0.6940, 4925
0.6946, 4924
0.6952, 4923
0.6960, 4922
0.6966, 4921
0.6972, 4920
0.6978, 4919
0.6987, 4918
0.6996, 4917
0.7002, 4916
0.7010, 4915
0.7015, 4914
0.7021, 4913
0.7026, 4912
0.7031, 4911
0.7036, 4910
0.7041, 4909
0.7051, 4908
0.7056, 4907
0.7061, 4906
0.7067, 4905
0.7072, 4904
0.7078, 4903
0.7083, 4902
0.7090, 4901
0.7095, 4900
0.7105, 4899
0.7112, 4898
0.7117, 4897
0.7122, 4896
0.7127, 4895
0.7134, 4894
0.7140, 4893
0.7145, 4892
0.7154, 4891
0.7161, 4890
0.7169, 4889
0.7174, 4888
0.7179, 4887
0.7185, 4886
0.7191, 4885
0.7196, 4884
0.7202, 4883
0.7208, 4882
0.7213, 4881
0.7219, 4880
0.7225, 4879
0.7234, 4878
0.7239, 4877
0.7244, 4876
0.7252, 4875
0.7257, 4874
0.7263, 4873
0.7268, 4872
0.7276, 4871
0.7283, 4870
0.7291, 4869
0.7299, 4868
0.7304, 4867
0.7310, 4866
0.7315, 4865
0.7324, 4864
0.7332, 4863
0.7338, 4862
0.7343, 4861
0.7351, 4860
0.7357, 4859
0.7365, 4858
0.7371, 4857
0.7378, 4856
0.7386, 4855
0.7392, 4854
0.7403, 4853
0.7408, 4852
0.7414, 4851
0.7420, 4850
0.7428, 4849
0.7435, 4848
0.7442, 4847
0.7447, 4846
0.7452, 4845
0.7460, 4844
0.7465, 4843
0.7470, 4842
0.7475, 4841
0.7482, 4840
0.7489, 4839
0.7498, 4838
0.7505, 4837
0.7512, 4836
0.7517, 4835
0.7522, 4834
0.7528, 4833
0.7534, 4832
0.7540, 4831
0.7549, 4830
0.7554, 4829
0.7560, 4828
0.7567, 4827
0.7576, 4826
0.7584, 4825
0.7589, 4824
0.7596, 4823
0.7601, 4822
0.7607, 4821
0.7613, 4820
0.7618, 4819
0.7624, 4818
0.7630, 4817
0.7635, 4816
0.7640, 4815
0.7645, 4814
0.7654, 4813
0.7663, 4812
0.7669, 4811
0.7674, 4810
0.7683, 4809
0.7688, 4808
0.7693, 4807
0.7698, 4806
0.7703, 4805
0.7711, 4804
0.7720, 4803
0.7724, 4802
0.7730, 4801
0.7737, 4800
0.7743, 4799
0.7748, 4798
0.7753, 4797
0.7759, 4796
0.7765, 4795
0.7772, 4794
0.7778, 4793
0.7783, 4792
0.7791, 4791
0.7796, 4790
0.7804, 4789
0.7809, 4788
0.7816, 4787
0.7821, 4786
0.7827, 4785
0.7832, 4784
0.7837, 4783
0.7844, 4782
0.7850, 4781
0.7858, 4780
0.7866, 4779
0.7871, 4778
0.7879, 4777
0.7884, 4776
0.7890, 4775
0.7895, 4774
0.7904, 4773
0.7910, 4772
0.7917, 4771
0.7922, 4770
0.7928, 4769
0.7937, 4768
0.7943, 4767
0.7947, 4766
0.7953, 4765
0.7962, 4764
0.7970, 4763
0.7976, 4762
0.7982, 4761
0.7987, 4760
0.7993, 4759
0.8004, 4758
0.8010, 4757
0.8015, 4756
0.8023, 4755
0.8028, 4754
0.8034, 4753
0.8039, 4752
0.8044, 4751
0.8052, 4750
0.8057, 4749
0.8062, 4748
0.8068, 4747
0.8077, 4746
0.8082, 4745
0.8090, 4744
0.8097, 4743
0.8106, 4742
0.8113, 4741
0.8119, 4740
0.8124, 4739
0.8130, 4738
0.8135, 4737
0.8142, 4736
0.8150, 4735
0.8155, 4734
0.8161, 4733
0.8166, 4732
0.8171, 4731
0.8180, 4730
0.8185, 4729
0.8190, 4728
0.8196, 4727
0.8204, 4726
0.8212, 4725
0.8220, 4724
0.8229, 4723
0.8234, 4722
0.8241, 4721
0.8249, 4720
0.8254, 4719
0.8260, 4718
0.8265, 4717
0.8272, 4716
0.8280, 4715
0.8288, 4714
0.8296, 4713
0.8300, 4712
0.8308, 4711
0.8316, 4710
0.8325, 4709
0.8332, 4708
0.8340, 4707
0.8346, 4706
0.8355, 4705
0.8362, 4704
0.8370, 4703
0.8379, 4702
0.8389, 4701
0.8397, 4700
0.8406, 4699
0.8414, 4698
0.8422, 4697
0.8429, 4696
0.8437, 4695
0.8444, 4694
0.8453, 4693
0.8462, 4692
0.8471, 4691
0.8480, 4690
1.0373, 4689
1.2811, 4688
1.2815, 4687
1.3854, 4686
1.7125, 4685
1.7527, 4684
1.8529, 4683
1.9356, 4682
2.0569, 4681
2.2811, 4680
2.3486, 4679
2.4783, 4678
2.5607, 4677
2.7275, 4676
3.0450, 4675
3.0657, 4674
3.1472, 4673
3.3704, 4672
3.4727, 4671
3.4735, 4670
3.5558, 4669
3.6360, 4668
3.6964, 4667
3.8392, 4666
3.8399, 4665
3.8471, 4664
3.9739, 4663
4.5546, 4662
4.6601, 4661
5.1658, 4660
5.2095, 4659
5.3618, 4658
5.4627, 4657
5.6875, 4656
5.8771, 4655
6.3297, 4654
6.4766, 4653
6.4771, 4652
7.0171, 4651
7.2170, 4650
7.3483, 4649
8.0665, 4648
8.1520, 4647
8.2426, 4646
8.5232, 4645
8.5647, 4644
8.6054, 4643
8.6060, 4642
8.6660, 4641
9.1015, 4640
9.2618, 4639
9.3027, 4638
9.5138, 4637
9.6550, 4636
