0.1086, 4688
0.1378, 4687
0.1585, 4684
0.2383, 4683
0.2688, 4682
0.2793, 4679
0.2898, 4678
0.3001, 4677
0.3121, 4676
0.3434, 4675
0.3544, 4674
0.4684, 4673
0.5092, 4672
0.5200, 4671
0.5832, 4670
0.6043, 4669
0.7513, 4668
0.8738, 4667
0.9249, 4666
1.0265, 4663
1.0532, 4662
1.0740, 4661
1.0946, 4660
1.1754, 4659
1.2058, 4658
1.2161, 4657
1.2478, 4655
1.2984, 4653
1.3404, 4650
1.4019, 4649
1.5523, 4647
1.5941, 4645
1.6045, 4644
1.6157, 4638
1.6366, 4636
1.6874, 4635
1.7384, 4634
1.8218, 4632
1.9040, 4631
1.9881, 4630
1.9989, 4628
2.0315, 4627
2.0424, 4626
2.2813, 4625
2.2918, 4624
2.3332, 4623
2.4131, 4622
2.5486, 4620
2.5805, 4618
2.6021, 4617
2.7489, 4616
2.7701, 4614
3.2428, 4611
3.3492, 4610
3.4825, 4608
3.5769, 4599
3.7478, 4598
3.7636, 4597
4.2501, 4596
4.3412, 4595
4.4492, 4594
4.4764, 4592
4.6293, 4591
4.6502, 4590
4.9489, 4588
4.9698, 4587
5.0105, 4586
5.0617, 4584
5.0827, 4583
5.6100, 4582
5.6828, 4581
6.2189, 4579
6.6188, 4578
6.9565, 4576
7.5091, 4575
8.3852, 4574
8.4062, 4573
8.4167, 4572
8.5318, 4571
8.7601, 4570
9.2188, 4569
9.3373, 4568
9.7157, 4567
