0.0000, 5900
0.0006, 5899
0.0013, 5898
0.0019, 5897
0.0029, 5896
0.0037, 5895
0.0044, 5894
0.0051, 5893
0.0060, 5892
0.0066, 5891
0.0075, 5890
0.0080, 5889
0.0085, 5888
0.0091, 5887
0.0100, 5886
0.0110, 5885
0.0116, 5884
0.0128, 5883
0.0134, 5882
0.0145, 5881
0.0150, 5880
0.0160, 5879
0.0168, 5878
0.0178, 5877
0.0183, 5876
0.0188, 5875
0.0193, 5874
0.0201, 5873
0.0213, 5872
0.0218, 5871
0.0223, 5870
0.0228, 5869
0.0235, 5868
0.0240, 5867
0.0246, 5866
0.0251, 5865
0.0260, 5864
0.0268, 5863
0.0274, 5862
0.0279, 5861
0.0285, 5860
0.0291, 5859
0.0296, 5858
0.0301, 5857
0.0307, 5856
0.0313, 5855
0.0318, 5854
0.0323, 5853
0.0329, 5852
0.0339, 5851
0.0349, 5850
0.0354, 5849
0.0359, 5848
0.0366, 5847
0.0373, 5846
0.0378, 5845
0.0386, 5844
0.0391, 5843
0.0396, 5842
0.0402, 5841
0.0410, 5840
0.0417, 5839
0.0422, 5838
0.0428, 5837
0.0435, 5836
0.0441, 5835
0.0447, 5834
0.0452, 5833
0.0459, 5832
0.0464, 5831
0.0469, 5830
0.0477, 5829
0.0483, 5828
0.0488, 5827
0.0494, 5826
0.0504, 5825
0.0510, 5824
0.0515, 5823
0.0524, 5822
0.0530, 5821
0.0535, 5820
0.0540, 5819
0.0546, 5818
0.0551, 5817
0.0560, 5816
0.0566, 5815
0.0577, 5814
0.0586, 5813
0.0593, 5812
0.0599, 5811
0.0609, 5810
0.0615, 5809
0.0621, 5808
0.0627, 5807
0.0633, 5806
0.0641, 5805
0.0646, 5804
0.0651, 5803
0.0657, 5802
0.0662, 5801
0.0667, 5800
0.0676, 5799
0.0681, 5798
0.0687, 5797
0.0693, 5796
0.0699, 5795
0.0704, 5794
0.0711, 5793
0.0717, 5792
0.0722, 5791
0.0728, 5790
0.0733, 5789
0.0738, 5788
0.0744, 5787
0.0749, 5786
0.0762, 5785
0.0773, 5784
0.0781, 5783
0.0787, 5782
0.0792, 5781
0.0797, 5780
0.0804, 5779
0.0811, 5778
0.0817, 5777
0.0825, 5776
0.0832, 5775
0.0838, 5774
0.0845, 5773
0.0856, 5772
0.0861, 5771
0.0873, 5770
0.0879, 5769
0.0884, 5768
0.0892, 5767
0.0898, 5766
0.0905, 5765
0.0914, 5764
0.0919, 5763
0.0925, 5762
0.0931, 5761
0.0936, 5760
0.0946, 5759
0.0951, 5758
0.0956, 5757
0.0962, 5756
0.0967, 5755
0.0972, 5754
0.0980, 5753
0.0988, 5752
0.0993, 5751
0.0999, 5750
0.1004, 5749
0.1013, 5748
0.1018, 5747
0.1024, 5746
0.1033, 5745
0.1044, 5744
0.1049, 5743
0.1055, 5742
0.1061, 5741
0.1071, 5740
0.1077, 5739
0.1083, 5738
0.1088, 5737
0.1094, 5736
0.1099, 5735
0.1105, 5734
0.1111, 5733
0.1117, 5732
0.1122, 5731
0.1128, 5730
0.1133, 5729
0.1138, 5728
0.1144, 5727
0.1149, 5726
0.1155, 5725
0.1162, 5724
0.1169, 5723
0.1179, 5722
0.1186, 5721
0.1191, 5720
0.1198, 5719
0.1205, 5718
0.1215, 5717
0.1223, 5716
0.1232, 5715
0.1242, 5714
0.1248, 5713
0.1255, 5712
0.1261, 5711
0.1267, 5710
0.1272, 5709
0.1281, 5708
0.1288, 5707
0.1294, 5706
0.1299, 5705
0.1305, 5704
0.1310, 5703
0.1316, 5702
0.1322, 5701
0.1329, 5700
0.1339, 5699
0.1345, 5698
0.1350, 5697
0.1355, 5696
0.1366, 5695
0.1374, 5694
0.1380, 5693
0.1386, 5692
0.1391, 5691
0.1397, 5690
0.1402, 5689
0.1409, 5688
0.1415, 5687
0.1420, 5686
0.1430, 5685
0.1436, 5684
0.1442, 5683
0.1448, 5682
0.1454, 5681
0.1460, 5680
0.1466, 5679
0.1471, 5678
0.1477, 5677
0.1483, 5676
0.1489, 5675
0.1495, 5674
0.1500, 5673
0.1506, 5672
0.1512, 5671
0.1517, 5670
0.1523, 5669
0.1529, 5668
0.1535, 5667
0.1540, 5666
0.1546, 5665
0.1551, 5664
0.1558, 5663
0.1564, 5662
0.1575, 5661
0.1581, 5660
0.1590, 5659
0.1596, 5658
0.1608, 5657
0.1618, 5656
0.1626, 5655
0.1633, 5654
0.1640, 5653
0.1647, 5652
0.1653, 5651
0.1658, 5650
0.1664, 5649
0.1669, 5648
0.1677, 5647
0.1682, 5646
0.1688, 5645
0.1695, 5644
0.1701, 5643
0.1707, 5642
0.1713, 5641
0.1720, 5640
0.1728, 5639
0.1737, 5638
0.1743, 5637
0.1749, 5636
0.1756, 5635
0.1767, 5634
0.1774, 5633
0.1784, 5632
0.1792, 5631
0.1798, 5630
0.1808, 5629
0.1817, 5628
0.1823, 5627
0.1834, 5626
0.1842, 5625
0.1849, 5624
0.1857, 5623
0.1863, 5622
0.1869, 5621
0.1876, 5620
0.1882, 5619
0.1893, 5618
0.1898, 5617
0.1905, 5616
0.1910, 5615
0.1917, 5614
0.1927, 5613
0.1933, 5612
0.1938, 5611
0.1944, 5610
0.1952, 5609
0.1958, 5608
0.1964, 5607
0.1970, 5606
0.1975, 5605
0.1981, 5604
0.1987, 5603
0.1992, 5602
0.1998, 5601
0.2004, 5600
0.2009, 5599
0.2014, 5598
0.2019, 5597
0.2025, 5596
0.2031, 5595
0.2040, 5594
0.2046, 5593
0.2056, 5592
0.2063, 5591
0.2071, 5590
0.2079, 5589
0.2089, 5588
0.2095, 5587
0.2101, 5586
0.2107, 5585
0.2114, 5584
0.2124, 5583
0.2130, 5582
0.2137, 5581
0.2142, 5580
0.2149, 5579
0.2156, 5578
0.2162, 5577
0.2172, 5576
0.2178, 5575
0.2184, 5574
0.2192, 5573
0.2198, 5572
0.2203, 5571
0.2211, 5570
0.2220, 5569
0.2225, 5568
0.2235, 5567
0.2240, 5566
0.2246, 5565
0.2252, 5564
0.2259, 5563
0.2271, 5562
0.2277, 5561
0.2283, 5560
0.2289, 5559
0.2294, 5558
0.2300, 5557
0.2310, 5556
0.2316, 5555
0.2321, 5554
0.2328, 5553
0.2336, 5552
0.2342, 5551
0.2350, 5550
0.2357, 5549
0.2363, 5548
0.2370, 5547
0.2377, 5546
0.2383, 5545
0.2389, 5544
0.2394, 5543
0.2400, 5542
0.2407, 5541
0.2414, 5540
0.2419, 5539
0.2425, 5538
0.2430, 5537
0.2436, 5536
0.2442, 5535
0.2449, 5534
0.2457, 5533
0.2463, 5532
0.2468, 5531
0.2474, 5530
0.2481, 5529
0.2487, 5528
0.2493, 5527
0.2498, 5526
0.2507, 5525
0.2513, 5524
0.2520, 5523
0.2529, 5522
0.2540, 5521
0.2549, 5520
0.2556, 5519
0.2562, 5518
0.2568, 5517
0.2575, 5516
0.2581, 5515
0.2589, 5514
0.2595, 5513
0.2601, 5512
0.2607, 5511
0.2612, 5510
0.2618, 5509
0.2624, 5508
0.2629, 5507
0.2637, 5506
0.2642, 5505
0.2648, 5504
0.2653, 5503
0.2662, 5502
0.2668, 5501
0.2674, 5500
0.2680, 5499
0.2689, 5498
0.2696, 5497
0.2702, 5496
0.2708, 5495
0.2715, 5494
0.2721, 5493
0.2727, 5492
0.2732, 5491
0.2743, 5490
0.2751, 5489
0.2757, 5488
0.2762, 5487
0.2768, 5486
0.2773, 5485
0.2783, 5484
0.2788, 5483
0.2794, 5482
0.2803, 5481
0.2809, 5480
0.2814, 5479
0.2820, 5478
0.2826, 5477
0.2832, 5476
0.2838, 5475
0.2843, 5474
0.2851, 5473
0.2857, 5472
0.2863, 5471
0.2869, 5470
0.2875, 5469
0.2881, 5468
0.2886, 5467
0.2892, 5466
0.2903, 5465
0.2909, 5464
0.2915, 5463
0.2921, 5462
0.2927, 5461
0.2934, 5460
0.2940, 5459
0.2946, 5458
0.2952, 5457
0.2958, 5456
0.2966, 5455
0.2973, 5454
0.2978, 5453
0.2986, 5452
0.2991, 5451
0.2999, 5450
0.3005, 5449
0.3012, 5448
0.3018, 5447
0.3024, 5446
0.3030, 5445
0.3035, 5444
0.3046, 5443
0.3052, 5442
0.3058, 5441
0.3064, 5440
0.3070, 5439
0.3077, 5438
0.3086, 5437
0.3093, 5436
0.3099, 5435
0.3106, 5434
0.3112, 5433
0.3118, 5432
0.3127, 5431
0.3133, 5430
0.3139, 5429
0.3145, 5428
0.3150, 5427
0.3157, 5426
0.3166, 5425
0.3172, 5424
0.3179, 5423
0.3186, 5422
0.3192, 5421
0.3199, 5420
0.3209, 5419
0.3214, 5418
0.3219, 5417
0.3230, 5416
0.3236, 5415
0.3243, 5414
0.3249, 5413
0.3255, 5412
0.3261, 5411
0.3267, 5410
0.3272, 5409
0.3278, 5408
0.3283, 5407
0.3290, 5406
0.3298, 5405
0.3306, 5404
0.3313, 5403
0.3322, 5402
0.3327, 5401
0.3333, 5400
0.3341, 5399
0.3350, 5398
0.3357, 5397
0.3363, 5396
0.3369, 5395
0.3378, 5394
0.3386, 5393
0.3393, 5392
0.3400, 5391
0.3406, 5390
0.3412, 5389
0.3418, 5388
0.3424, 5387
0.3430, 5386
0.3439, 5385
0.3444, 5384
0.3451, 5383
0.3458, 5382
0.3465, 5381
0.3471, 5380
0.3477, 5379
0.3482, 5378
0.3490, 5377
0.3497, 5376
0.3503, 5375
0.3509, 5374
0.3516, 5373
0.3522, 5372
0.3527, 5371
0.3534, 5370
0.3541, 5369
0.3549, 5368
0.3555, 5367
0.3561, 5366
0.3569, 5365
0.3576, 5364
0.3583, 5363
0.3594, 5362
0.3601, 5361
0.3608, 5360
0.3615, 5359
0.3621, 5358
0.3628, 5357
0.3638, 5356
0.3644, 5355
0.3650, 5354
0.3657, 5353
0.3664, 5352
0.3669, 5351
0.3677, 5350
0.3684, 5349
0.3689, 5348
0.3695, 5347
0.3702, 5346
0.3711, 5345
0.3719, 5344
0.3725, 5343
0.3733, 5342
0.3739, 5341
0.3745, 5340
0.3751, 5339
0.3757, 5338
0.3763, 5337
0.3769, 5336
0.3775, 5335
0.3781, 5334
0.3788, 5333
0.3797, 5332
0.3807, 5331
0.3812, 5330
0.3818, 5329
0.3824, 5328
0.3830, 5327
0.3836, 5326
0.3842, 5325
0.3848, 5324
0.3854, 5323
0.3864, 5322
0.3873, 5321
0.3883, 5320
0.3891, 5319
0.3897, 5318
0.3903, 5317
0.3908, 5316
0.3917, 5315
0.3924, 5314
0.3931, 5313
0.3937, 5312
0.3945, 5311
0.3952, 5310
0.3957, 5309
0.3964, 5308
0.3973, 5307
0.3980, 5306
0.3986, 5305
0.3991, 5304
0.3998, 5303
0.4004, 5302
0.4010, 5301
0.4016, 5300
0.4022, 5299
0.4027, 5298
0.4033, 5297
0.4039, 5296
0.4048, 5295
0.4056, 5294
0.4061, 5293
0.4068, 5292
0.4076, 5291
0.4083, 5290
0.4091, 5289
0.4099, 5288
0.4106, 5287
0.4111, 5286
0.4118, 5285
0.4123, 5284
0.4130, 5283
0.4136, 5282
0.4141, 5281
0.4147, 5280
0.4153, 5279
0.4159, 5278
0.4165, 5277
0.4171, 5276
0.4178, 5275
0.4185, 5274
0.4193, 5273
0.4199, 5272
0.4205, 5271
0.4211, 5270
0.4219, 5269
0.4225, 5268
0.4230, 5267
0.4236, 5266
0.4243, 5265
0.4250, 5264
0.4257, 5263
0.4263, 5262
0.4270, 5261
0.4275, 5260
0.4283, 5259
0.4289, 5258
0.4295, 5257
0.4302, 5256
0.4309, 5255
0.4315, 5254
0.4325, 5253
0.4333, 5252
0.4340, 5251
0.4351, 5250
0.4356, 5249
0.4362, 5248
0.4369, 5247
0.4375, 5246
0.4382, 5245
0.4388, 5244
0.4394, 5243
0.4400, 5242
0.4406, 5241
0.4413, 5240
0.4419, 5239
0.4425, 5238
0.4432, 5237
0.4441, 5236
0.4446, 5235
0.4452, 5234
0.4459, 5233
0.4464, 5232
0.4471, 5231
0.4477, 5230
0.4483, 5229
0.4489, 5228
0.4496, 5227
0.4504, 5226
0.4509, 5225
0.4515, 5224
0.4526, 5223
0.4535, 5222
0.4542, 5221
0.4550, 5220
0.4557, 5219
0.4563, 5218
0.4569, 5217
0.4575, 5216
0.4583, 5215
0.4590, 5214
0.4596, 5213
0.4603, 5212
0.4611, 5211
0.4619, 5210
0.4627, 5209
0.4633, 5208
0.4640, 5207
0.4648, 5206
0.4655, 5205
0.4661, 5204
0.4670, 5203
0.4676, 5202
0.4682, 5201
0.4689, 5200
0.4697, 5199
0.4704, 5198
0.4711, 5197
0.4718, 5196
0.4724, 5195
0.4733, 5194
0.4738, 5193
0.4744, 5192
0.4750, 5191
0.4756, 5190
0.4764, 5189
0.4769, 5188
0.4774, 5187
0.4780, 5186
0.4786, 5185
0.4792, 5184
0.4798, 5183
0.4806, 5182
0.4813, 5181
0.4821, 5180
0.4830, 5179
0.4836, 5178
0.4845, 5177
0.4851, 5176
0.4858, 5175
0.4867, 5174
0.4874, 5173
0.4882, 5172
0.4888, 5171
0.4894, 5170
0.4900, 5169
0.4908, 5168
0.4915, 5167
0.4920, 5166
0.4927, 5165
0.4936, 5164
0.4942, 5163
0.4949, 5162
0.4955, 5161
0.4965, 5160
0.4973, 5159
0.4980, 5158
0.4986, 5157
0.4992, 5156
0.4997, 5155
0.5004, 5154
0.5011, 5153
0.5019, 5152
0.5027, 5151
0.5033, 5150
0.5040, 5149
0.5046, 5148
0.5053, 5147
0.5058, 5146
0.5063, 5145
0.5068, 5144
0.5076, 5143
0.5082, 5142
0.5088, 5141
0.5093, 5140
0.5099, 5139
0.5106, 5138
0.5112, 5137
0.5120, 5136
0.5126, 5135
0.5133, 5134
0.5139, 5133
0.5145, 5132
0.5150, 5131
0.5157, 5130
0.5164, 5129
0.5171, 5128
0.5177, 5127
0.5185, 5126
0.5193, 5125
0.5199, 5124
0.5204, 5123
0.5210, 5122
0.5215, 5121
0.5223, 5120
0.5229, 5119
0.5234, 5118
0.5240, 5117
0.5246, 5116
0.5251, 5115
0.5257, 5114
0.5266, 5113
0.5274, 5112
0.5281, 5111
0.5289, 5110
0.5295, 5109
0.5300, 5108
0.5305, 5107
0.5310, 5106
0.5317, 5105
0.5323, 5104
0.5330, 5103
0.5338, 5102
0.5344, 5101
0.5353, 5100
0.5359, 5099
0.5366, 5098
0.5374, 5097
0.5380, 5096
0.5388, 5095
0.5393, 5094
0.5398, 5093
0.5406, 5092
0.5413, 5091
0.5420, 5090
0.5425, 5089
0.5432, 5088
0.5439, 5087
0.5449, 5086
0.5455, 5085
0.5460, 5084
0.5466, 5083
0.5473, 5082
0.5480, 5081
0.5485, 5080
0.5492, 5079
0.5498, 5078
0.5504, 5077
0.5510, 5076
0.5515, 5075
0.5523, 5074
0.5530, 5073
0.5537, 5072
0.5543, 5071
0.5549, 5070
0.5554, 5069
0.5562, 5068
0.5572, 5067
0.5579, 5066
0.5587, 5065
0.5594, 5064
0.5605, 5063
0.5611, 5062
0.5618, 5061
0.5623, 5060
0.5631, 5059
0.5637, 5058
0.5643, 5057
0.5648, 5056
0.5654, 5055
0.5661, 5054
0.5667, 5053
0.5674, 5052
0.5680, 5051
0.5686, 5050
0.5691, 5049
0.5698, 5048
0.5706, 5047
0.5712, 5046
0.5723, 5045
0.5729, 5044
0.5735, 5043
0.5742, 5042
0.5747, 5041
0.5757, 5040
0.5762, 5039
0.5769, 5038
0.5777, 5037
0.5783, 5036
0.5788, 5035
0.5795, 5034
0.5802, 5033
0.5808, 5032
0.5815, 5031
0.5825, 5030
0.5831, 5029
0.5839, 5028
0.5845, 5027
0.5852, 5026
0.5858, 5025
0.5864, 5024
0.5871, 5023
0.5876, 5022
0.5883, 5021
0.5890, 5020
0.5901, 5019
0.5910, 5018
0.5915, 5017
0.5920, 5016
0.5926, 5015
0.5935, 5014
0.5942, 5013
0.5949, 5012
0.5956, 5011
0.5962, 5010
0.5969, 5009
0.5975, 5008
0.5980, 5007
0.5986, 5006
0.5996, 5005
0.6001, 5004
0.6009, 5003
0.6015, 5002
0.6021, 5001
0.6030, 5000
0.6036, 4999
0.6044, 4998
0.6050, 4997
0.6055, 4996
0.6062, 4995
0.6067, 4994
0.6073, 4993
0.6081, 4992
0.6086, 4991
0.6094, 4990
0.6102, 4989
0.6112, 4988
0.6119, 4987
0.6125, 4986
0.6131, 4985
0.6137, 4984
0.6144, 4983
0.6151, 4982
0.6158, 4981
0.6167, 4980
0.6177, 4979
0.6182, 4978
0.6187, 4977
0.6195, 4976
0.6204, 4975
0.6214, 4974
0.6220, 4973
0.6226, 4972
0.6233, 4971
0.6241, 4970
0.6246, 4969
0.6254, 4968
0.6261, 4967
0.6267, 4966
0.6274, 4965
0.6280, 4964
0.6285, 4963
0.6291, 4962
0.6298, 4961
0.6305, 4960
0.6310, 4959
0.6316, 4958
0.6321, 4957
0.6327, 4956
0.6335, 4955
0.6340, 4954
0.6346, 4953
0.6352, 4952
0.6359, 4951
0.6368, 4950
0.6376, 4949
0.6387, 4948
0.6393, 4947
0.6400, 4946
0.6408, 4945
0.6414, 4944
0.6420, 4943
0.6426, 4942
0.6431, 4941
0.6437, 4940
0.6442, 4939
0.6449, 4938
0.6454, 4937
0.6461, 4936
0.6467, 4935
0.6476, 4934
0.6486, 4933
0.6491, 4932
0.6497, 4931
0.6504, 4930
0.6510, 4929
0.6517, 4928
0.6522, 4927
0.6529, 4926
0.6536, 4925
0.6543, 4924
0.6549, 4923
0.6557, 4922
0.6563, 4921
0.6569, 4920
0.6576, 4919
0.6585, 4918
0.6594, 4917
0.6600, 4916
0.6609, 4915
0.6614, 4914
0.6620, 4913
0.6624, 4912
0.6630, 4911
0.6635, 4910
0.6640, 4909
0.6649, 4908
0.6655, 4907
0.6660, 4906
0.6666, 4905
0.6671, 4904
0.6677, 4903
0.6682, 4902
0.6689, 4901
0.6694, 4900
0.6704, 4899
0.6711, 4898
0.6716, 4897
0.6721, 4896
0.6727, 4895
0.6733, 4894
0.6740, 4893
0.6745, 4892
0.6754, 4891
0.6762, 4890
0.6769, 4889
0.6774, 4888
0.6780, 4887
0.6785, 4886
0.6791, 4885
0.6796, 4884
0.6802, 4883
0.6808, 4882
0.6814, 4881
0.6819, 4880
0.6825, 4879
0.6834, 4878
0.6840, 4877
0.6845, 4876
0.6853, 4875
0.6858, 4874
0.6864, 4873
0.6869, 4872
0.6877, 4871
0.6884, 4870
0.6892, 4869
0.6900, 4868
0.6905, 4867
0.6910, 4866
0.6915, 4865
0.6925, 4864
0.6934, 4863
0.6940, 4862
0.6946, 4861
0.6953, 4860
0.6959, 4859
0.6967, 4858
0.6973, 4857
0.6981, 4856
0.6990, 4855
0.6996, 4854
0.7007, 4853
0.7012, 4852
0.7018, 4851
0.7024, 4850
0.7033, 4849
0.7041, 4848
0.7048, 4847
0.7054, 4846
0.7059, 4845
0.7066, 4844
0.7072, 4843
0.7077, 4842
0.7082, 4841
0.7089, 4840
0.7096, 4839
0.7106, 4838
0.7113, 4837
0.7120, 4836
0.7125, 4835
0.7130, 4834
0.7137, 4833
0.7143, 4832
0.7148, 4831
0.7157, 4830
0.7163, 4829
0.7169, 4828
0.7175, 4827
0.7184, 4826
0.7193, 4825
0.7198, 4824
0.7206, 4823
0.7211, 4822
0.7217, 4821
0.7224, 4820
0.7229, 4819
0.7235, 4818
0.7241, 4817
0.7246, 4816
0.7252, 4815
0.7257, 4814
0.7266, 4813
0.7275, 4812
0.7282, 4811
0.7287, 4810
0.7295, 4809
0.7300, 4808
0.7305, 4807
0.7310, 4806
0.7315, 4805
0.7324, 4804
0.7333, 4803
0.7337, 4802
0.7343, 4801
0.7350, 4800
0.7356, 4799
0.7362, 4798
0.7367, 4797
0.7373, 4796
0.7379, 4795
0.7386, 4794
0.7393, 4793
0.7398, 4792
0.7406, 4791
0.7411, 4790
0.7420, 4789
0.7425, 4788
0.7432, 4787
0.7437, 4786
0.7442, 4785
0.7448, 4784
0.7453, 4783
0.7460, 4782
0.7466, 4781
0.7474, 4780
0.7482, 4779
0.7487, 4778
0.7495, 4777
0.7500, 4776
0.7506, 4775
0.7511, 4774
0.7521, 4773
0.7526, 4772
0.7533, 4771
0.7538, 4770
0.7544, 4769
0.7553, 4768
0.7560, 4767
0.7564, 4766
0.7570, 4765
0.7580, 4764
0.7589, 4763
0.7595, 4762
0.7601, 4761
0.7606, 4760
0.7612, 4759
0.7623, 4758
0.7629, 4757
0.7634, 4756
0.7642, 4755
0.7647, 4754
0.7653, 4753
0.7658, 4752
0.7664, 4751
0.7672, 4750
0.7678, 4749
0.7684, 4748
0.7689, 4747
0.7698, 4746
0.7704, 4745
0.7712, 4744
0.7720, 4743
0.7729, 4742
0.7737, 4741
0.7743, 4740
0.7748, 4739
0.7754, 4738
0.7759, 4737
0.7765, 4736
0.7774, 4735
0.7779, 4734
0.7785, 4733
0.7790, 4732
0.7795, 4731
0.7803, 4730
0.7808, 4729
0.7813, 4728
0.7819, 4727
0.7827, 4726
0.7835, 4725
0.7843, 4724
0.7852, 4723
0.7856, 4722
0.7864, 4721
0.7872, 4720
0.7877, 4719
0.7882, 4718
0.7887, 4717
0.7894, 4716
0.7903, 4715
0.7911, 4714
0.7919, 4713
0.7924, 4712
0.7932, 4711
0.7940, 4710
0.7950, 4709
0.7956, 4708
0.7964, 4707
0.7970, 4706
0.7978, 4705
0.7985, 4704
0.7992, 4703
0.8001, 4702
0.8010, 4701
0.8018, 4700
0.8027, 4699
0.8034, 4698
0.8042, 4697
0.8048, 4696
0.8056, 4695
0.8064, 4694
0.8074, 4693
0.8083, 4692
0.8093, 4691
0.8102, 4690
1.0066, 4689
1.2434, 4688
1.2863, 4687
1.3727, 4686
1.6558, 4685
1.7191, 4684
1.8259, 4683
1.9130, 4682
2.0211, 4681
2.3006, 4680
2.3651, 4679
2.4714, 4678
2.5365, 4677
2.7446, 4676
3.0385, 4675
3.0593, 4674
3.2109, 4673
3.3764, 4672
3.3771, 4671
3.4591, 4670
3.5806, 4669
3.5816, 4668
3.6818, 4667
3.8206, 4666
3.8213, 4665
3.8218, 4664
3.8815, 4663
4.3617, 4662
4.4213, 4661
4.8774, 4660
4.9178, 4659
5.0585, 4658
5.1177, 4657
5.2586, 4656
5.4775, 4655
5.9329, 4654
6.1316, 4653
6.1321, 4652
6.5519, 4651
6.7512, 4650
6.8128, 4649
7.4493, 4648
7.5294, 4647
7.6676, 4646
7.9229, 4645
7.9627, 4644
8.0021, 4643
8.0027, 4642
8.0622, 4641
8.4708, 4640
8.6279, 4639
8.6288, 4638
8.9662, 4637
9.0092, 4636
9.3361, 4635
9.5006, 4634
9.5806, 4633
9.8612, 4632
