0.0000, 5900
0.0005, 5899
0.0012, 5898
0.0018, 5897
0.0028, 5896
0.0036, 5895
0.0043, 5894
0.0049, 5893
0.0057, 5892
0.0062, 5891
0.0071, 5890
0.0076, 5889
0.0081, 5888
0.0086, 5887
0.0095, 5886
0.0105, 5885
0.0111, 5884
0.0124, 5883
0.0130, 5882
0.0141, 5881
0.0146, 5880
0.0156, 5879
0.0164, 5878
0.0174, 5877
0.0179, 5876
0.0184, 5875
0.0189, 5874
0.0195, 5873
0.0207, 5872
0.0212, 5871
0.0217, 5870
0.0222, 5869
0.0229, 5868
0.0234, 5867
0.0239, 5866
0.0244, 5865
0.0252, 5864
0.0260, 5863
0.0266, 5862
0.0271, 5861
0.0278, 5860
0.0283, 5859
0.0288, 5858
0.0294, 5857
0.0299, 5856
0.0305, 5855
0.0311, 5854
0.0316, 5853
0.0321, 5852
0.0331, 5851
0.0340, 5850
0.0345, 5849
0.0351, 5848
0.0357, 5847
0.0363, 5846
0.0368, 5845
0.0375, 5844
0.0380, 5843
0.0385, 5842
0.0390, 5841
0.0398, 5840
0.0405, 5839
0.0410, 5838
0.0415, 5837
0.0422, 5836
0.0428, 5835
0.0435, 5834
0.0440, 5833
0.0447, 5832
0.0452, 5831
0.0457, 5830
0.0465, 5829
0.0470, 5828
0.0475, 5827
0.0481, 5826
0.0490, 5825
0.0495, 5824
0.0500, 5823
0.0508, 5822
0.0513, 5821
0.0519, 5820
0.0524, 5819
0.0530, 5818
0.0535, 5817
0.0544, 5816
0.0549, 5815
0.0559, 5814
0.0568, 5813
0.0575, 5812
0.0581, 5811
0.0590, 5810
0.0597, 5809
0.0603, 5808
0.0609, 5807
0.0614, 5806
0.0622, 5805
0.0628, 5804
0.0634, 5803
0.0639, 5802
0.0645, 5801
0.0650, 5800
0.0658, 5799
0.0663, 5798
0.0670, 5797
0.0676, 5796
0.0683, 5795
0.0688, 5794
0.0696, 5793
0.0701, 5792
0.0706, 5791
0.0712, 5790
0.0716, 5789
0.0722, 5788
0.0728, 5787
0.0733, 5786
0.0746, 5785
0.0756, 5784
0.0765, 5783
0.0770, 5782
0.0775, 5781
0.0780, 5780
0.0787, 5779
0.0795, 5778
0.0801, 5777
0.0809, 5776
0.0816, 5775
0.0822, 5774
0.0828, 5773
0.0839, 5772
0.0846, 5771
0.0857, 5770
0.0863, 5769
0.0869, 5768
0.0876, 5767
0.0881, 5766
0.0888, 5765
0.0896, 5764
0.0901, 5763
0.0907, 5762
0.0913, 5761
0.0918, 5760
0.0928, 5759
0.0933, 5758
0.0938, 5757
0.0944, 5756
0.0949, 5755
0.0954, 5754
0.0962, 5753
0.0969, 5752
0.0974, 5751
0.0979, 5750
0.0985, 5749
0.0993, 5748
0.0998, 5747
0.1003, 5746
0.1012, 5745
0.1023, 5744
0.1029, 5743
0.1034, 5742
0.1040, 5741
0.1050, 5740
0.1055, 5739
0.1061, 5738
0.1067, 5737
0.1073, 5736
0.1078, 5735
0.1083, 5734
0.1089, 5733
0.1095, 5732
0.1100, 5731
0.1106, 5730
0.1111, 5729
0.1116, 5728
0.1122, 5727
0.1127, 5726
0.1133, 5725
0.1140, 5724
0.1147, 5723
0.1157, 5722
0.1164, 5721
0.1169, 5720
0.1176, 5719
0.1184, 5718
0.1194, 5717
0.1202, 5716
0.1211, 5715
0.1221, 5714
0.1226, 5713
0.1232, 5712
0.1238, 5711
0.1244, 5710
0.1249, 5709
0.1257, 5708
0.1265, 5707
0.1271, 5706
0.1276, 5705
0.1282, 5704
0.1287, 5703
0.1292, 5702
0.1298, 5701
0.1304, 5700
0.1314, 5699
0.1319, 5698
0.1325, 5697
0.1330, 5696
0.1341, 5695
0.1348, 5694
0.1354, 5693
0.1360, 5692
0.1365, 5691
0.1370, 5690
0.1376, 5689
0.1382, 5688
0.1388, 5687
0.1393, 5686
0.1403, 5685
0.1408, 5684
0.1414, 5683
0.1420, 5682
0.1426, 5681
0.1432, 5680
0.1438, 5679
0.1443, 5678
0.1449, 5677
0.1455, 5676
0.1461, 5675
0.1467, 5674
0.1472, 5673
0.1478, 5672
0.1484, 5671
0.1489, 5670
0.1496, 5669
0.1502, 5668
0.1508, 5667
0.1514, 5666
0.1519, 5665
0.1525, 5664
0.1531, 5663
0.1536, 5662
0.1547, 5661
0.1553, 5660
0.1562, 5659
0.1567, 5658
0.1579, 5657
0.1588, 5656
0.1597, 5655
0.1604, 5654
0.1611, 5653
0.1618, 5652
0.1624, 5651
0.1630, 5650
0.1636, 5649
0.1641, 5648
0.1649, 5647
0.1654, 5646
0.1660, 5645
0.1667, 5644
0.1672, 5643
0.1678, 5642
0.1684, 5641
0.1691, 5640
0.1699, 5639
0.1708, 5638
0.1714, 5637
0.1720, 5636
0.1726, 5635
0.1737, 5634
0.1743, 5633
0.1753, 5632
0.1761, 5631
0.1768, 5630
0.1778, 5629
0.1787, 5628
0.1793, 5627
0.1804, 5626
0.1813, 5625
0.1819, 5624
0.1828, 5623
0.1833, 5622
0.1839, 5621
0.1847, 5620
0.1853, 5619
0.1862, 5618
0.1868, 5617
0.1874, 5616
0.1880, 5615
0.1887, 5614
0.1896, 5613
0.1901, 5612
0.1907, 5611
0.1913, 5610
0.1921, 5609
0.1927, 5608
0.1932, 5607
0.1938, 5606
0.1944, 5605
0.1950, 5604
0.1956, 5603
0.1961, 5602
0.1966, 5601
0.1972, 5600
0.1977, 5599
0.1982, 5598
0.1987, 5597
0.1993, 5596
0.1998, 5595
0.2007, 5594
0.2013, 5593
0.2022, 5592
0.2028, 5591
0.2035, 5590
0.2044, 5589
0.2053, 5588
0.2059, 5587
0.2065, 5586
0.2070, 5585
0.2077, 5584
0.2087, 5583
0.2093, 5582
0.2100, 5581
0.2105, 5580
0.2112, 5579
0.2118, 5578
0.2125, 5577
0.2135, 5576
0.2141, 5575
0.2147, 5574
0.2154, 5573
0.2160, 5572
0.2165, 5571
0.2172, 5570
0.2181, 5569
0.2187, 5568
0.2195, 5567
0.2201, 5566
0.2207, 5565
0.2213, 5564
0.2220, 5563
0.2231, 5562
0.2237, 5561
0.2243, 5560
0.2249, 5559
0.2254, 5558
0.2259, 5557
0.2270, 5556
0.2275, 5555
0.2281, 5554
0.2287, 5553
0.2295, 5552
0.2301, 5551
0.2307, 5550
0.2314, 5549
0.2320, 5548
0.2326, 5547
0.2333, 5546
0.2339, 5545
0.2344, 5544
0.2349, 5543
0.2354, 5542
0.2361, 5541
0.2368, 5540
0.2373, 5539
0.2379, 5538
0.2384, 5537
0.2390, 5536
0.2395, 5535
0.2402, 5534
0.2411, 5533
0.2416, 5532
0.2422, 5531
0.2427, 5530
0.2433, 5529
0.2439, 5528
0.2445, 5527
0.2450, 5526
0.2458, 5525
0.2464, 5524
0.2471, 5523
0.2480, 5522
0.2490, 5521
0.2499, 5520
0.2506, 5519
0.2512, 5518
0.2517, 5517
0.2524, 5516
0.2530, 5515
0.2538, 5514
0.2544, 5513
0.2550, 5512
0.2555, 5511
0.2561, 5510
0.2566, 5509
0.2572, 5508
0.2578, 5507
0.2585, 5506
0.2590, 5505
0.2596, 5504
0.2601, 5503
0.2611, 5502
0.2617, 5501
0.2622, 5500
0.2628, 5499
0.2637, 5498
0.2644, 5497
0.2650, 5496
0.2656, 5495
0.2663, 5494
0.2669, 5493
0.2675, 5492
0.2681, 5491
0.2691, 5490
0.2699, 5489
0.2705, 5488
0.2710, 5487
0.2715, 5486
0.2721, 5485
0.2730, 5484
0.2736, 5483
0.2741, 5482
0.2751, 5481
0.2757, 5480
0.2762, 5479
0.2768, 5478
0.2774, 5477
0.2780, 5476
0.2786, 5475
0.2791, 5474
0.2799, 5473
0.2805, 5472
0.2811, 5471
0.2817, 5470
0.2823, 5469
0.2829, 5468
0.2835, 5467
0.2840, 5466
0.2850, 5465
0.2856, 5464
0.2861, 5463
0.2866, 5462
0.2873, 5461
0.2878, 5460
0.2885, 5459
0.2891, 5458
0.2896, 5457
0.2902, 5456
0.2910, 5455
0.2917, 5454
0.2923, 5453
0.2930, 5452
0.2935, 5451
0.2942, 5450
0.2947, 5449
0.2954, 5448
0.2961, 5447
0.2966, 5446
0.2972, 5445
0.2978, 5444
0.2988, 5443
0.2994, 5442
0.3000, 5441
0.3005, 5440
0.3011, 5439
0.3018, 5438
0.3027, 5437
0.3034, 5436
0.3040, 5435
0.3046, 5434
0.3052, 5433
0.3058, 5432
0.3067, 5431
0.3073, 5430
0.3079, 5429
0.3085, 5428
0.3090, 5427
0.3097, 5426
0.3106, 5425
0.3112, 5424
0.3118, 5423
0.3125, 5422
0.3132, 5421
0.3138, 5420
0.3148, 5419
0.3153, 5418
0.3158, 5417
0.3169, 5416
0.3174, 5415
0.3181, 5414
0.3186, 5413
0.3192, 5412
0.3199, 5411
0.3204, 5410
0.3209, 5409
0.3214, 5408
0.3220, 5407
0.3227, 5406
0.3234, 5405
0.3243, 5404
0.3250, 5403
0.3258, 5402
0.3263, 5401
0.3269, 5400
0.3276, 5399
0.3284, 5398
0.3292, 5397
0.3298, 5396
0.3304, 5395
0.3312, 5394
0.3320, 5393
0.3326, 5392
0.3333, 5391
0.3339, 5390
0.3344, 5389
0.3350, 5388
0.3356, 5387
0.3362, 5386
0.3370, 5385
0.3375, 5384
0.3382, 5383
0.3389, 5382
0.3396, 5381
0.3402, 5380
0.3408, 5379
0.3413, 5378
0.3421, 5377
0.3427, 5376
0.3433, 5375
0.3439, 5374
0.3446, 5373
0.3452, 5372
0.3458, 5371
0.3464, 5370
0.3471, 5369
0.3478, 5368
0.3485, 5367
0.3490, 5366
0.3498, 5365
0.3504, 5364
0.3511, 5363
0.3521, 5362
0.3528, 5361
0.3535, 5360
0.3542, 5359
0.3548, 5358
0.3554, 5357
0.3565, 5356
0.3571, 5355
0.3578, 5354
0.3584, 5353
0.3591, 5352
0.3597, 5351
0.3605, 5350
0.3612, 5349
0.3618, 5348
0.3624, 5347
0.3630, 5346
0.3639, 5345
0.3647, 5344
0.3653, 5343
0.3660, 5342
0.3666, 5341
0.3671, 5340
0.3677, 5339
0.3683, 5338
0.3689, 5337
0.3695, 5336
0.3701, 5335
0.3707, 5334
0.3714, 5333
0.3723, 5332
0.3733, 5331
0.3738, 5330
0.3744, 5329
0.3749, 5328
0.3756, 5327
0.3762, 5326
0.3768, 5325
0.3773, 5324
0.3779, 5323
0.3789, 5322
0.3799, 5321
0.3808, 5320
0.3816, 5319
0.3822, 5318
0.3828, 5317
0.3833, 5316
0.3841, 5315
0.3848, 5314
0.3854, 5313
0.3860, 5312
0.3868, 5311
0.3875, 5310
0.3880, 5309
0.3887, 5308
0.3896, 5307
0.3903, 5306
0.3909, 5305
0.3914, 5304
0.3921, 5303
0.3927, 5302
0.3933, 5301
0.3938, 5300
0.3945, 5299
0.3950, 5298
0.3956, 5297
0.3962, 5296
0.3969, 5295
0.3976, 5294
0.3981, 5293
0.3987, 5292
0.3995, 5291
0.4002, 5290
0.4009, 5289
0.4017, 5288
0.4023, 5287
0.4028, 5286
0.4035, 5285
0.4040, 5284
0.4047, 5283
0.4053, 5282
0.4058, 5281
0.4064, 5280
0.4070, 5279
0.4075, 5278
0.4081, 5277
0.4087, 5276
0.4094, 5275
0.4101, 5274
0.4109, 5273
0.4115, 5272
0.4120, 5271
0.4126, 5270
0.4133, 5269
0.4139, 5268
0.4145, 5267
0.4150, 5266
0.4156, 5265
0.4163, 5264
0.4170, 5263
0.4176, 5262
0.4182, 5261
0.4187, 5260
0.4195, 5259
0.4201, 5258
0.4207, 5257
0.4213, 5256
0.4221, 5255
0.4227, 5254
0.4237, 5253
0.4244, 5252
0.4251, 5251
0.4262, 5250
0.4267, 5249
0.4273, 5248
0.4279, 5247
0.4286, 5246
0.4292, 5245
0.4298, 5244
0.4305, 5243
0.4310, 5242
0.4316, 5241
0.4322, 5240
0.4328, 5239
0.4333, 5238
0.4339, 5237
0.4348, 5236
0.4353, 5235
0.4359, 5234
0.4365, 5233
0.4370, 5232
0.4377, 5231
0.4383, 5230
0.4389, 5229
0.4395, 5228
0.4402, 5227
0.4410, 5226
0.4415, 5225
0.4421, 5224
0.4430, 5223
0.4439, 5222
0.4446, 5221
0.4454, 5220
0.4460, 5219
0.4466, 5218
0.4472, 5217
0.4478, 5216
0.4485, 5215
0.4492, 5214
0.4498, 5213
0.4506, 5212
0.4513, 5211
0.4520, 5210
0.4529, 5209
0.4534, 5208
0.4541, 5207
0.4549, 5206
0.4557, 5205
0.4563, 5204
0.4571, 5203
0.4577, 5202
0.4584, 5201
0.4590, 5200
0.4598, 5199
0.4604, 5198
0.4611, 5197
0.4618, 5196
0.4624, 5195
0.4632, 5194
0.4638, 5193
0.4644, 5192
0.4650, 5191
0.4656, 5190
0.4663, 5189
0.4668, 5188
0.4673, 5187
0.4679, 5186
0.4685, 5185
0.4691, 5184
0.4697, 5183
0.4705, 5182
0.4712, 5181
0.4720, 5180
0.4729, 5179
0.4734, 5178
0.4743, 5177
0.4749, 5176
0.4756, 5175
0.4764, 5174
0.4771, 5173
0.4779, 5172
0.4784, 5171
0.4791, 5170
0.4796, 5169
0.4804, 5168
0.4810, 5167
0.4815, 5166
0.4822, 5165
0.4830, 5164
0.4836, 5163
0.4842, 5162
0.4849, 5161
0.4859, 5160
0.4866, 5159
0.4873, 5158
0.4880, 5157
0.4886, 5156
0.4891, 5155
0.4898, 5154
0.4905, 5153
0.4913, 5152
0.4920, 5151
0.4926, 5150
0.4933, 5149
0.4939, 5148
0.4945, 5147
0.4950, 5146
0.4955, 5145
0.4960, 5144
0.4968, 5143
0.4973, 5142
0.4978, 5141
0.4984, 5140
0.4990, 5139
0.4996, 5138
0.5002, 5137
0.5010, 5136
0.5016, 5135
0.5023, 5134
0.5029, 5133
0.5035, 5132
0.5040, 5131
0.5047, 5130
0.5054, 5129
0.5060, 5128
0.5067, 5127
0.5074, 5126
0.5082, 5125
0.5088, 5124
0.5093, 5123
0.5099, 5122
0.5104, 5121
0.5111, 5120
0.5117, 5119
0.5122, 5118
0.5127, 5117
0.5132, 5116
0.5137, 5115
0.5143, 5114
0.5152, 5113
0.5159, 5112
0.5166, 5111
0.5174, 5110
0.5180, 5109
0.5185, 5108
0.5190, 5107
0.5196, 5106
0.5202, 5105
0.5208, 5104
0.5215, 5103
0.5222, 5102
0.5228, 5101
0.5237, 5100
0.5243, 5099
0.5251, 5098
0.5258, 5097
0.5264, 5096
0.5271, 5095
0.5277, 5094
0.5282, 5093
0.5289, 5092
0.5295, 5091
0.5302, 5090
0.5307, 5089
0.5314, 5088
0.5321, 5087
0.5330, 5086
0.5336, 5085
0.5342, 5084
0.5348, 5083
0.5355, 5082
0.5361, 5081
0.5366, 5080
0.5373, 5079
0.5379, 5078
0.5384, 5077
0.5391, 5076
0.5396, 5075
0.5403, 5074
0.5410, 5073
0.5417, 5072
0.5423, 5071
0.5428, 5070
0.5433, 5069
0.5441, 5068
0.5450, 5067
0.5457, 5066
0.5464, 5065
0.5472, 5064
0.5482, 5063
0.5488, 5062
0.5495, 5061
0.5500, 5060
0.5509, 5059
0.5515, 5058
0.5520, 5057
0.5526, 5056
0.5531, 5055
0.5538, 5054
0.5545, 5053
0.5551, 5052
0.5557, 5051
0.5562, 5050
0.5568, 5049
0.5574, 5048
0.5582, 5047
0.5588, 5046
0.5598, 5045
0.5604, 5044
0.5610, 5043
0.5616, 5042
0.5622, 5041
0.5631, 5040
0.5636, 5039
0.5642, 5038
0.5650, 5037
0.5656, 5036
0.5661, 5035
0.5668, 5034
0.5675, 5033
0.5681, 5032
0.5688, 5031
0.5697, 5030
0.5703, 5029
0.5711, 5028
0.5717, 5027
0.5723, 5026
0.5729, 5025
0.5736, 5024
0.5742, 5023
0.5747, 5022
0.5754, 5021
0.5761, 5020
0.5771, 5019
0.5780, 5018
0.5785, 5017
0.5791, 5016
0.5796, 5015
0.5806, 5014
0.5813, 5013
0.5820, 5012
0.5827, 5011
0.5833, 5010
0.5841, 5009
0.5846, 5008
0.5852, 5007
0.5858, 5006
0.5867, 5005
0.5872, 5004
0.5880, 5003
0.5885, 5002
0.5891, 5001
0.5900, 5000
0.5906, 4999
0.5914, 4998
0.5921, 4997
0.5926, 4996
0.5933, 4995
0.5938, 4994
0.5944, 4993
0.5951, 4992
0.5956, 4991
0.5963, 4990
0.5971, 4989
0.5980, 4988
0.5987, 4987
0.5993, 4986
0.5999, 4985
0.6006, 4984
0.6013, 4983
0.6019, 4982
0.6026, 4981
0.6034, 4980
0.6043, 4979
0.6048, 4978
0.6053, 4977
0.6060, 4976
0.6069, 4975
0.6079, 4974
0.6085, 4973
0.6090, 4972
0.6097, 4971
0.6104, 4970
0.6109, 4969
0.6117, 4968
0.6124, 4967
0.6130, 4966
0.6137, 4965
0.6143, 4964
0.6148, 4963
0.6153, 4962
0.6160, 4961
0.6168, 4960
0.6173, 4959
0.6178, 4958
0.6183, 4957
0.6189, 4956
0.6197, 4955
0.6202, 4954
0.6207, 4953
0.6213, 4952
0.6221, 4951
0.6230, 4950
0.6238, 4949
0.6249, 4948
0.6255, 4947
0.6261, 4946
0.6269, 4945
0.6274, 4944
0.6280, 4943
0.6285, 4942
0.6291, 4941
0.6296, 4940
0.6301, 4939
0.6308, 4938
0.6313, 4937
0.6319, 4936
0.6325, 4935
0.6335, 4934
0.6343, 4933
0.6349, 4932
0.6354, 4931
0.6360, 4930
0.6367, 4929
0.6373, 4928
0.6378, 4927
0.6385, 4926
0.6392, 4925
0.6398, 4924
0.6404, 4923
0.6412, 4922
0.6418, 4921
0.6424, 4920
0.6430, 4919
0.6439, 4918
0.6447, 4917
0.6453, 4916
0.6461, 4915
0.6466, 4914
0.6472, 4913
0.6477, 4912
0.6482, 4911
0.6487, 4910
0.6492, 4909
0.6501, 4908
0.6507, 4907
0.6512, 4906
0.6518, 4905
0.6523, 4904
0.6528, 4903
0.6534, 4902
0.6541, 4901
0.6545, 4900
0.6555, 4899
0.6562, 4898
0.6567, 4897
0.6572, 4896
0.6577, 4895
0.6584, 4894
0.6590, 4893
0.6595, 4892
0.6603, 4891
0.6611, 4890
0.6618, 4889
0.6623, 4888
0.6628, 4887
0.6634, 4886
0.6639, 4885
0.6645, 4884
0.6651, 4883
0.6657, 4882
0.6663, 4881
0.6668, 4880
0.6674, 4879
0.6683, 4878
0.6688, 4877
0.6693, 4876
0.6701, 4875
0.6706, 4874
0.6711, 4873
0.6717, 4872
0.6725, 4871
0.6732, 4870
0.6740, 4869
0.6748, 4868
0.6753, 4867
0.6758, 4866
0.6763, 4865
0.6772, 4864
0.6780, 4863
0.6786, 4862
0.6791, 4861
0.6799, 4860
0.6805, 4859
0.6813, 4858
0.6819, 4857
0.6826, 4856
0.6834, 4855
0.6840, 4854
0.6850, 4853
0.6856, 4852
0.6861, 4851
0.6867, 4850
0.6876, 4849
0.6882, 4848
0.6889, 4847
0.6895, 4846
0.6900, 4845
0.6907, 4844
0.6912, 4843
0.6917, 4842
0.6922, 4841
0.6929, 4840
0.6936, 4839
0.6945, 4838
0.6952, 4837
0.6959, 4836
0.6964, 4835
0.6969, 4834
0.6976, 4833
0.6981, 4832
0.6987, 4831
0.6996, 4830
0.7001, 4829
0.7007, 4828
0.7013, 4827
0.7022, 4826
0.7031, 4825
0.7036, 4824
0.7043, 4823
0.7048, 4822
0.7054, 4821
0.7060, 4820
0.7064, 4819
0.7071, 4818
0.7076, 4817
0.7081, 4816
0.7086, 4815
0.7091, 4814
0.7100, 4813
0.7109, 4812
0.7115, 4811
0.7120, 4810
0.7129, 4809
0.7134, 4808
0.7139, 4807
0.7143, 4806
0.7148, 4805
0.7157, 4804
0.7165, 4803
0.7170, 4802
0.7176, 4801
0.7182, 4800
0.7188, 4799
0.7194, 4798
0.7199, 4797
0.7205, 4796
0.7210, 4795
0.7217, 4794
0.7224, 4793
0.7229, 4792
0.7236, 4791
0.7241, 4790
0.7249, 4789
0.7255, 4788
0.7261, 4787
0.7266, 4786
0.7272, 4785
0.7277, 4784
0.7282, 4783
0.7289, 4782
0.7295, 4781
0.7303, 4780
0.7311, 4779
0.7316, 4778
0.7324, 4777
0.7329, 4776
0.7335, 4775
0.7339, 4774
0.7349, 4773
0.7355, 4772
0.7362, 4771
0.7366, 4770
0.7372, 4769
0.7381, 4768
0.7387, 4767
0.7391, 4766
0.7397, 4765
0.7406, 4764
0.7414, 4763
0.7420, 4762
0.7426, 4761
0.7431, 4760
0.7436, 4759
0.7447, 4758
0.7453, 4757
0.7459, 4756
0.7466, 4755
0.7471, 4754
0.7477, 4753
0.7482, 4752
0.7488, 4751
0.7495, 4750
0.7501, 4749
0.7507, 4748
0.7512, 4747
0.7521, 4746
0.7526, 4745
0.7534, 4744
0.7542, 4743
0.7550, 4742
0.7557, 4741
0.7563, 4740
0.7568, 4739
0.7574, 4738
0.7579, 4737
0.7585, 4736
0.7593, 4735
0.7598, 4734
0.7604, 4733
0.7609, 4732
0.7614, 4731
0.7622, 4730
0.7627, 4729
0.7632, 4728
0.7638, 4727
0.7646, 4726
0.7653, 4725
0.7661, 4724
0.7670, 4723
0.7675, 4722
0.7682, 4721
0.7690, 4720
0.7695, 4719
0.7700, 4718
0.7705, 4717
0.7713, 4716
0.7721, 4715
0.7728, 4714
0.7736, 4713
0.7741, 4712
0.7748, 4711
0.7756, 4710
0.7766, 4709
0.7773, 4708
0.7781, 4707
0.7787, 4706
0.7796, 4705
0.7802, 4704
0.7809, 4703
0.7818, 4702
0.7827, 4701
0.7834, 4700
0.7843, 4699
0.7851, 4698
0.7858, 4697
0.7865, 4696
0.7873, 4695
0.7880, 4694
0.7889, 4693
0.7898, 4692
0.7907, 4691
0.7915, 4690
0.9554, 4689
1.2364, 4688
1.2582, 4687
1.3437, 4686
1.6482, 4685
1.6883, 4684
1.7483, 4683
1.8478, 4682
1.9877, 4681
2.2064, 4680
2.2656, 4679
2.3648, 4678
2.4253, 4677
2.6301, 4676
2.9566, 4675
2.9575, 4674
3.0822, 4673
3.2835, 4672
3.2842, 4671
3.3454, 4670
3.4462, 4669
3.5672, 4668
3.5680, 4667
3.7091, 4666
3.7097, 4665
3.7104, 4664
3.7702, 4663
4.2270, 4662
4.3126, 4661
4.8989, 4660
4.9438, 4659
5.0741, 4658
5.1385, 4657
5.3294, 4656
5.5541, 4655
5.9976, 4654
6.0627, 4653
6.0633, 4652
6.6603, 4651
6.7824, 4650
6.9619, 4649
7.5557, 4648
7.6436, 4647
7.7866, 4646
8.0883, 4645
8.1511, 4644
8.1920, 4643
8.1926, 4642
8.2355, 4641
8.7106, 4640
8.8162, 4639
8.8639, 4638
9.1587, 4637
9.2803, 4636
9.6185, 4635
9.7015, 4634
9.7443, 4633
