0.1089, 4688
0.1388, 4687
0.1799, 4685
0.1904, 4682
0.2108, 4679
0.2217, 4675
0.2320, 4673
0.2528, 4669
0.2632, 4668
0.3245, 4667
0.3562, 4665
0.3668, 4664
0.4495, 4663
0.5444, 4662
0.6070, 4661
0.6176, 4659
0.6286, 4657
0.6395, 4656
0.6807, 4655
0.7015, 4654
0.7423, 4653
0.8561, 4649
0.8768, 4648
0.9390, 4647
0.9827, 4646
0.9932, 4645
1.0245, 4644
1.0795, 4642
1.0899, 4641
1.1308, 4640
1.1721, 4639
1.1828, 4638
1.2821, 4637
1.2926, 4636
1.3031, 4635
1.3134, 4632
1.4471, 4631
1.4885, 4625
1.5390, 4623
1.6130, 4621
1.6344, 4620
1.7186, 4619
1.7398, 4618
1.7602, 4617
1.8010, 4616
1.9352, 4615
2.1630, 4614
2.2901, 4613
2.5341, 4612
2.6152, 4611
2.7786, 4610
2.9229, 4607
2.9853, 4606
3.0057, 4605
3.0264, 4604
3.1807, 4603
3.3063, 4601
3.3374, 4600
3.3628, 4599
3.4600, 4598
3.5526, 4597
3.5737, 4594
3.7886, 4593
3.8928, 4592
3.9335, 4591
4.0151, 4590
4.1267, 4588
4.1774, 4587
4.5757, 4586
4.8863, 4585
5.0699, 4584
5.2861, 4582
5.3684, 4581
6.0838, 4580
6.2273, 4579
6.2477, 4578
6.5426, 4577
7.4442, 4576
7.9478, 4575
8.0012, 4574
8.0117, 4572
9.1107, 4571
9.1734, 4570
9.8618, 4569
10.1292, 4567
