0.1097, 4688
0.1403, 4687
0.2114, 4684
0.2223, 4680
0.2431, 4679
0.2648, 4678
0.3180, 4677
0.3790, 4676
0.4002, 4673
0.4507, 4672
0.4817, 4669
0.5127, 4667
0.5841, 4666
0.5945, 4665
0.6048, 4664
0.6769, 4663
0.7487, 4662
0.7590, 4660
0.7796, 4658
0.8520, 4654
0.9601, 4653
0.9812, 4652
1.0325, 4651
1.1558, 4647
1.2486, 4646
1.2897, 4645
1.3375, 4644
1.3538, 4643
1.3750, 4642
1.4164, 4641
1.4989, 4640
1.5294, 4639
1.7004, 4638
1.8146, 4634
1.8256, 4631
1.8566, 4630
1.9475, 4629
2.2417, 4628
2.2628, 4627
2.2837, 4625
2.3651, 4624
2.7831, 4623
2.8352, 4622
2.8459, 4621
2.8567, 4618
3.0422, 4616
3.1556, 4615
3.1964, 4614
3.3084, 4613
3.3291, 4612
3.4416, 4607
3.5433, 4606
3.5638, 4604
3.6050, 4602
3.7587, 4601
3.9154, 4598
4.2549, 4596
4.5507, 4594
4.5919, 4593
4.6848, 4592
4.7307, 4591
4.8273, 4590
4.9311, 4589
4.9742, 4588
5.1084, 4587
5.2762, 4586
5.3672, 4585
5.4402, 4584
5.4513, 4583
5.8207, 4582
5.8746, 4581
5.8854, 4580
6.7319, 4579
6.7740, 4577
6.9972, 4576
7.6116, 4575
9.1928, 4574
9.2031, 4572
9.6802, 4571
10.0971, 4570
