0.1121, 4688
0.1426, 4687
0.1840, 4686
0.2344, 4685
0.3147, 4683
0.3449, 4681
0.4277, 4675
0.4379, 4674
0.4917, 4673
0.5463, 4672
0.6069, 4671
0.6475, 4670
0.6579, 4669
0.6682, 4667
0.6886, 4666
0.6989, 4663
0.7289, 4662
0.7691, 4661
0.7895, 4660
0.7998, 4659
0.9019, 4658
0.9426, 4657
1.0479, 4654
1.0787, 4653
1.1401, 4652
1.2023, 4651
1.2334, 4648
1.2709, 4644
1.3161, 4643
1.3482, 4636
1.3696, 4634
1.4345, 4633
1.4457, 4632
1.5191, 4630
1.6027, 4629
1.6731, 4628
1.7444, 4627
1.7970, 4626
1.8287, 4623
1.8599, 4622
1.8903, 4621
1.9905, 4620
2.1349, 4619
2.3185, 4618
2.3809, 4616
2.4926, 4615
2.5533, 4613
2.5638, 4612
2.7656, 4611
2.7864, 4610
2.8569, 4609
2.8671, 4608
2.9273, 4606
3.0379, 4605
3.1194, 4604
3.1906, 4603
3.2010, 4602
3.2118, 4600
3.4992, 4599
3.6812, 4598
3.7723, 4597
3.9335, 4596
4.2074, 4595
4.3288, 4594
4.4204, 4593
4.4606, 4591
4.5019, 4589
4.6039, 4588
5.0280, 4587
5.0988, 4586
5.1295, 4585
5.2825, 4584
5.2931, 4582
5.3744, 4581
5.4257, 4580
5.9553, 4579
6.9402, 4578
7.2267, 4577
7.7970, 4576
7.9590, 4575
8.4265, 4574
8.4980, 4573
8.6426, 4572
8.9401, 4571
8.9916, 4570
9.0120, 4569
9.6097, 4568
9.7027, 4567
