0.1118, 4688
0.1427, 4687
0.1642, 4684
0.1958, 4682
0.2569, 4681
0.3582, 4679
0.4000, 4678
0.4526, 4676
0.4636, 4673
0.4950, 4672
0.5056, 4671
0.5266, 4670
0.6298, 4667
0.6818, 4666
0.8079, 4664
1.0794, 4663
1.0900, 4662
1.1526, 4661
1.1840, 4660
1.2249, 4659
1.3470, 4658
1.3674, 4657
1.4433, 4655
1.4543, 4654
1.4660, 4653
1.5004, 4652
1.5877, 4651
1.6107, 4650
1.6539, 4649
1.6649, 4648
1.6868, 4642
1.6987, 4636
1.8129, 4635
1.8671, 4634
1.8891, 4630
1.9537, 4629
1.9967, 4628
2.0639, 4626
2.0860, 4625
2.1473, 4623
2.2186, 4622
2.2943, 4620
2.5290, 4619
2.8377, 4617
3.0528, 4616
3.1041, 4615
3.1861, 4613
3.2881, 4612
3.3094, 4611
3.3606, 4610
3.4123, 4609
3.5382, 4608
3.6321, 4607
3.6437, 4605
3.6752, 4604
3.9612, 4603
3.9725, 4602
4.0260, 4601
4.2350, 4600
4.3941, 4598
4.7461, 4596
4.7994, 4595
5.0454, 4594
5.4168, 4593
5.4275, 4591
5.6134, 4590
5.8708, 4587
5.9838, 4586
7.0865, 4585
7.2899, 4583
7.4238, 4582
7.6203, 4581
7.6613, 4580
10.9097, 4579
