0.0000, 5900
0.0005, 5899
0.0012, 5898
0.0018, 5897
0.0027, 5896
0.0035, 5895
0.0042, 5894
0.0048, 5893
0.0057, 5892
0.0062, 5891
0.0071, 5890
0.0076, 5889
0.0081, 5888
0.0086, 5887
0.0095, 5886
0.0105, 5885
0.0111, 5884
0.0123, 5883
0.0130, 5882
0.0141, 5881
0.0146, 5880
0.0156, 5879
0.0164, 5878
0.0174, 5877
0.0179, 5876
0.0184, 5875
0.0189, 5874
0.0195, 5873
0.0206, 5872
0.0212, 5871
0.0217, 5870
0.0222, 5869
0.0229, 5868
0.0234, 5867
0.0239, 5866
0.0244, 5865
0.0253, 5864
0.0260, 5863
0.0266, 5862
0.0271, 5861
0.0278, 5860
0.0284, 5859
0.0289, 5858
0.0294, 5857
0.0300, 5856
0.0307, 5855
0.0312, 5854
0.0317, 5853
0.0322, 5852
0.0332, 5851
0.0341, 5850
0.0346, 5849
0.0352, 5848
0.0359, 5847
0.0365, 5846
0.0370, 5845
0.0378, 5844
0.0383, 5843
0.0388, 5842
0.0393, 5841
0.0401, 5840
0.0408, 5839
0.0413, 5838
0.0418, 5837
0.0425, 5836
0.0431, 5835
0.0438, 5834
0.0443, 5833
0.0450, 5832
0.0455, 5831
0.0460, 5830
0.0468, 5829
0.0473, 5828
0.0478, 5827
0.0484, 5826
0.0493, 5825
0.0499, 5824
0.0504, 5823
0.0512, 5822
0.0518, 5821
0.0523, 5820
0.0529, 5819
0.0534, 5818
0.0539, 5817
0.0548, 5816
0.0553, 5815
0.0563, 5814
0.0573, 5813
0.0579, 5812
0.0585, 5811
0.0594, 5810
0.0601, 5809
0.0607, 5808
0.0614, 5807
0.0619, 5806
0.0627, 5805
0.0632, 5804
0.0638, 5803
0.0643, 5802
0.0648, 5801
0.0653, 5800
0.0662, 5799
0.0667, 5798
0.0673, 5797
0.0679, 5796
0.0686, 5795
0.0691, 5794
0.0698, 5793
0.0704, 5792
0.0709, 5791
0.0715, 5790
0.0720, 5789
0.0725, 5788
0.0731, 5787
0.0736, 5786
0.0749, 5785
0.0759, 5784
0.0767, 5783
0.0773, 5782
0.0778, 5781
0.0783, 5780
0.0790, 5779
0.0798, 5778
0.0804, 5777
0.0812, 5776
0.0818, 5775
0.0825, 5774
0.0831, 5773
0.0842, 5772
0.0848, 5771
0.0860, 5770
0.0866, 5769
0.0871, 5768
0.0879, 5767
0.0884, 5766
0.0891, 5765
0.0898, 5764
0.0904, 5763
0.0910, 5762
0.0915, 5761
0.0920, 5760
0.0930, 5759
0.0935, 5758
0.0940, 5757
0.0946, 5756
0.0951, 5755
0.0956, 5754
0.0964, 5753
0.0971, 5752
0.0977, 5751
0.0982, 5750
0.0987, 5749
0.0996, 5748
0.1001, 5747
0.1006, 5746
0.1015, 5745
0.1026, 5744
0.1031, 5743
0.1037, 5742
0.1042, 5741
0.1052, 5740
0.1058, 5739
0.1064, 5738
0.1069, 5737
0.1075, 5736
0.1080, 5735
0.1086, 5734
0.1091, 5733
0.1097, 5732
0.1103, 5731
0.1108, 5730
0.1114, 5729
0.1120, 5728
0.1125, 5727
0.1130, 5726
0.1136, 5725
0.1143, 5724
0.1150, 5723
0.1160, 5722
0.1167, 5721
0.1173, 5720
0.1180, 5719
0.1187, 5718
0.1197, 5717
0.1205, 5716
0.1214, 5715
0.1224, 5714
0.1230, 5713
0.1236, 5712
0.1242, 5711
0.1248, 5710
0.1253, 5709
0.1261, 5708
0.1269, 5707
0.1275, 5706
0.1280, 5705
0.1286, 5704
0.1291, 5703
0.1297, 5702
0.1302, 5701
0.1309, 5700
0.1319, 5699
0.1324, 5698
0.1329, 5697
0.1335, 5696
0.1346, 5695
0.1353, 5694
0.1359, 5693
0.1365, 5692
0.1370, 5691
0.1375, 5690
0.1381, 5689
0.1387, 5688
0.1393, 5687
0.1399, 5686
0.1408, 5685
0.1414, 5684
0.1420, 5683
0.1426, 5682
0.1432, 5681
0.1438, 5680
0.1444, 5679
0.1450, 5678
0.1456, 5677
0.1462, 5676
0.1467, 5675
0.1473, 5674
0.1478, 5673
0.1484, 5672
0.1489, 5671
0.1495, 5670
0.1501, 5669
0.1507, 5668
0.1513, 5667
0.1519, 5666
0.1525, 5665
0.1530, 5664
0.1536, 5663
0.1542, 5662
0.1551, 5661
0.1557, 5660
0.1566, 5659
0.1572, 5658
0.1584, 5657
0.1593, 5656
0.1602, 5655
0.1609, 5654
0.1617, 5653
0.1623, 5652
0.1629, 5651
0.1634, 5650
0.1640, 5649
0.1645, 5648
0.1653, 5647
0.1659, 5646
0.1664, 5645
0.1671, 5644
0.1677, 5643
0.1683, 5642
0.1688, 5641
0.1695, 5640
0.1703, 5639
0.1712, 5638
0.1718, 5637
0.1723, 5636
0.1730, 5635
0.1741, 5634
0.1747, 5633
0.1757, 5632
0.1766, 5631
0.1772, 5630
0.1781, 5629
0.1790, 5628
0.1796, 5627
0.1807, 5626
0.1815, 5625
0.1822, 5624
0.1831, 5623
0.1836, 5622
0.1843, 5621
0.1850, 5620
0.1856, 5619
0.1866, 5618
0.1872, 5617
0.1878, 5616
0.1883, 5615
0.1890, 5614
0.1899, 5613
0.1905, 5612
0.1910, 5611
0.1916, 5610
0.1924, 5609
0.1930, 5608
0.1936, 5607
0.1941, 5606
0.1947, 5605
0.1953, 5604
0.1959, 5603
0.1964, 5602
0.1970, 5601
0.1975, 5600
0.1981, 5599
0.1986, 5598
0.1991, 5597
0.1996, 5596
0.2002, 5595
0.2011, 5594
0.2017, 5593
0.2026, 5592
0.2032, 5591
0.2040, 5590
0.2048, 5589
0.2057, 5588
0.2063, 5587
0.2070, 5586
0.2075, 5585
0.2083, 5584
0.2093, 5583
0.2099, 5582
0.2106, 5581
0.2111, 5580
0.2117, 5579
0.2124, 5578
0.2131, 5577
0.2141, 5576
0.2147, 5575
0.2153, 5574
0.2160, 5573
0.2166, 5572
0.2171, 5571
0.2179, 5570
0.2188, 5569
0.2193, 5568
0.2202, 5567
0.2208, 5566
0.2213, 5565
0.2219, 5564
0.2226, 5563
0.2238, 5562
0.2244, 5561
0.2250, 5560
0.2256, 5559
0.2261, 5558
0.2267, 5557
0.2277, 5556
0.2283, 5555
0.2288, 5554
0.2294, 5553
0.2303, 5552
0.2310, 5551
0.2316, 5550
0.2323, 5549
0.2329, 5548
0.2335, 5547
0.2342, 5546
0.2348, 5545
0.2353, 5544
0.2359, 5543
0.2364, 5542
0.2371, 5541
0.2377, 5540
0.2383, 5539
0.2388, 5538
0.2394, 5537
0.2400, 5536
0.2405, 5535
0.2413, 5534
0.2421, 5533
0.2426, 5532
0.2432, 5531
0.2437, 5530
0.2444, 5529
0.2449, 5528
0.2455, 5527
0.2460, 5526
0.2468, 5525
0.2474, 5524
0.2481, 5523
0.2490, 5522
0.2501, 5521
0.2509, 5520
0.2516, 5519
0.2523, 5518
0.2528, 5517
0.2535, 5516
0.2540, 5515
0.2548, 5514
0.2554, 5513
0.2560, 5512
0.2566, 5511
0.2572, 5510
0.2577, 5509
0.2583, 5508
0.2589, 5507
0.2596, 5506
0.2602, 5505
0.2607, 5504
0.2613, 5503
0.2622, 5502
0.2628, 5501
0.2634, 5500
0.2640, 5499
0.2649, 5498
0.2656, 5497
0.2662, 5496
0.2668, 5495
0.2674, 5494
0.2681, 5493
0.2687, 5492
0.2692, 5491
0.2702, 5490
0.2710, 5489
0.2716, 5488
0.2721, 5487
0.2727, 5486
0.2732, 5485
0.2742, 5484
0.2747, 5483
0.2753, 5482
0.2763, 5481
0.2769, 5480
0.2774, 5479
0.2780, 5478
0.2786, 5477
0.2792, 5476
0.2798, 5475
0.2803, 5474
0.2811, 5473
0.2817, 5472
0.2824, 5471
0.2830, 5470
0.2836, 5469
0.2841, 5468
0.2847, 5467
0.2853, 5466
0.2863, 5465
0.2868, 5464
0.2874, 5463
0.2879, 5462
0.2886, 5461
0.2891, 5460
0.2897, 5459
0.2904, 5458
0.2909, 5457
0.2915, 5456
0.2923, 5455
0.2930, 5454
0.2935, 5453
0.2943, 5452
0.2948, 5451
0.2956, 5450
0.2961, 5449
0.2968, 5448
0.2974, 5447
0.2980, 5446
0.2985, 5445
0.2991, 5444
0.3001, 5443
0.3007, 5442
0.3013, 5441
0.3019, 5440
0.3025, 5439
0.3031, 5438
0.3041, 5437
0.3048, 5436
0.3054, 5435
0.3061, 5434
0.3066, 5433
0.3072, 5432
0.3082, 5431
0.3088, 5430
0.3093, 5429
0.3099, 5428
0.3105, 5427
0.3112, 5426
0.3121, 5425
0.3127, 5424
0.3133, 5423
0.3140, 5422
0.3147, 5421
0.3154, 5420
0.3163, 5419
0.3169, 5418
0.3174, 5417
0.3184, 5416
0.3190, 5415
0.3197, 5414
0.3202, 5413
0.3208, 5412
0.3214, 5411
0.3220, 5410
0.3225, 5409
0.3230, 5408
0.3236, 5407
0.3243, 5406
0.3251, 5405
0.3259, 5404
0.3266, 5403
0.3274, 5402
0.3280, 5401
0.3285, 5400
0.3293, 5399
0.3302, 5398
0.3309, 5397
0.3315, 5396
0.3321, 5395
0.3329, 5394
0.3337, 5393
0.3344, 5392
0.3351, 5391
0.3357, 5390
0.3362, 5389
0.3368, 5388
0.3375, 5387
0.3380, 5386
0.3389, 5385
0.3394, 5384
0.3401, 5383
0.3408, 5382
0.3415, 5381
0.3422, 5380
0.3427, 5379
0.3433, 5378
0.3440, 5377
0.3447, 5376
0.3453, 5375
0.3459, 5374
0.3466, 5373
0.3472, 5372
0.3478, 5371
0.3485, 5370
0.3491, 5369
0.3499, 5368
0.3506, 5367
0.3511, 5366
0.3519, 5365
0.3525, 5364
0.3532, 5363
0.3542, 5362
0.3548, 5361
0.3556, 5360
0.3563, 5359
0.3569, 5358
0.3576, 5357
0.3587, 5356
0.3592, 5355
0.3599, 5354
0.3605, 5353
0.3612, 5352
0.3618, 5351
0.3626, 5350
0.3633, 5349
0.3639, 5348
0.3644, 5347
0.3651, 5346
0.3659, 5345
0.3668, 5344
0.3673, 5343
0.3681, 5342
0.3687, 5341
0.3692, 5340
0.3699, 5339
0.3704, 5338
0.3710, 5337
0.3716, 5336
0.3722, 5335
0.3728, 5334
0.3735, 5333
0.3744, 5332
0.3754, 5331
0.3760, 5330
0.3766, 5329
0.3771, 5328
0.3777, 5327
0.3784, 5326
0.3790, 5325
0.3795, 5324
0.3801, 5323
0.3811, 5322
0.3820, 5321
0.3830, 5320
0.3838, 5319
0.3843, 5318
0.3849, 5317
0.3855, 5316
0.3862, 5315
0.3869, 5314
0.3876, 5313
0.3882, 5312
0.3890, 5311
0.3898, 5310
0.3903, 5309
0.3909, 5308
0.3919, 5307
0.3926, 5306
0.3932, 5305
0.3937, 5304
0.3944, 5303
0.3950, 5302
0.3956, 5301
0.3962, 5300
0.3968, 5299
0.3974, 5298
0.3980, 5297
0.3986, 5296
0.3993, 5295
0.4001, 5294
0.4006, 5293
0.4011, 5292
0.4020, 5291
0.4026, 5290
0.4033, 5289
0.4042, 5288
0.4048, 5287
0.4053, 5286
0.4060, 5285
0.4065, 5284
0.4072, 5283
0.4078, 5282
0.4083, 5281
0.4089, 5280
0.4095, 5279
0.4100, 5278
0.4107, 5277
0.4113, 5276
0.4120, 5275
0.4127, 5274
0.4135, 5273
0.4141, 5272
0.4146, 5271
0.4152, 5270
0.4159, 5269
0.4165, 5268
0.4170, 5267
0.4176, 5266
0.4182, 5265
0.4189, 5264
0.4196, 5263
0.4202, 5262
0.4208, 5261
0.4214, 5260
0.4222, 5259
0.4228, 5258
0.4234, 5257
0.4241, 5256
0.4248, 5255
0.4255, 5254
0.4264, 5253
0.4272, 5252
0.4279, 5251
0.4290, 5250
0.4296, 5249
0.4301, 5248
0.4308, 5247
0.4315, 5246
0.4321, 5245
0.4327, 5244
0.4334, 5243
0.4339, 5242
0.4345, 5241
0.4351, 5240
0.4357, 5239
0.4362, 5238
0.4369, 5237
0.4378, 5236
0.4383, 5235
0.4389, 5234
0.4395, 5233
0.4400, 5232
0.4408, 5231
0.4414, 5230
0.4419, 5229
0.4425, 5228
0.4432, 5227
0.4440, 5226
0.4446, 5225
0.4451, 5224
0.4461, 5223
0.4470, 5222
0.4476, 5221
0.4485, 5220
0.4492, 5219
0.4497, 5218
0.4503, 5217
0.4509, 5216
0.4516, 5215
0.4523, 5214
0.4529, 5213
0.4536, 5212
0.4544, 5211
0.4551, 5210
0.4560, 5209
0.4566, 5208
0.4573, 5207
0.4581, 5206
0.4589, 5205
0.4595, 5204
0.4603, 5203
0.4610, 5202
0.4617, 5201
0.4623, 5200
0.4630, 5199
0.4637, 5198
0.4644, 5197
0.4651, 5196
0.4657, 5195
0.4665, 5194
0.4670, 5193
0.4676, 5192
0.4682, 5191
0.4688, 5190
0.4695, 5189
0.4701, 5188
0.4706, 5187
0.4712, 5186
0.4718, 5185
0.4724, 5184
0.4730, 5183
0.4738, 5182
0.4745, 5181
0.4753, 5180
0.4762, 5179
0.4767, 5178
0.4776, 5177
0.4783, 5176
0.4789, 5175
0.4798, 5174
0.4805, 5173
0.4813, 5172
0.4818, 5171
0.4825, 5170
0.4830, 5169
0.4838, 5168
0.4844, 5167
0.4849, 5166
0.4856, 5165
0.4864, 5164
0.4870, 5163
0.4877, 5162
0.4884, 5161
0.4894, 5160
0.4901, 5159
0.4908, 5158
0.4915, 5157
0.4921, 5156
0.4926, 5155
0.4933, 5154
0.4940, 5153
0.4948, 5152
0.4955, 5151
0.4961, 5150
0.4968, 5149
0.4975, 5148
0.4981, 5147
0.4986, 5146
0.4991, 5145
0.4997, 5144
0.5004, 5143
0.5010, 5142
0.5015, 5141
0.5020, 5140
0.5026, 5139
0.5032, 5138
0.5039, 5137
0.5047, 5136
0.5053, 5135
0.5060, 5134
0.5066, 5133
0.5071, 5132
0.5077, 5131
0.5085, 5130
0.5091, 5129
0.5098, 5128
0.5105, 5127
0.5112, 5126
0.5120, 5125
0.5126, 5124
0.5131, 5123
0.5137, 5122
0.5142, 5121
0.5150, 5120
0.5155, 5119
0.5161, 5118
0.5166, 5117
0.5171, 5116
0.5177, 5115
0.5183, 5114
0.5191, 5113
0.5199, 5112
0.5206, 5111
0.5214, 5110
0.5220, 5109
0.5225, 5108
0.5231, 5107
0.5236, 5106
0.5243, 5105
0.5249, 5104
0.5255, 5103
0.5263, 5102
0.5269, 5101
0.5278, 5100
0.5284, 5099
0.5292, 5098
0.5300, 5097
0.5305, 5096
0.5312, 5095
0.5318, 5094
0.5324, 5093
0.5331, 5092
0.5337, 5091
0.5344, 5090
0.5349, 5089
0.5356, 5088
0.5363, 5087
0.5372, 5086
0.5378, 5085
0.5384, 5084
0.5390, 5083
0.5397, 5082
0.5404, 5081
0.5409, 5080
0.5416, 5079
0.5422, 5078
0.5427, 5077
0.5434, 5076
0.5439, 5075
0.5447, 5074
0.5454, 5073
0.5461, 5072
0.5467, 5071
0.5472, 5070
0.5477, 5069
0.5485, 5068
0.5494, 5067
0.5501, 5066
0.5508, 5065
0.5515, 5064
0.5525, 5063
0.5531, 5062
0.5538, 5061
0.5544, 5060
0.5552, 5059
0.5558, 5058
0.5563, 5057
0.5569, 5056
0.5574, 5055
0.5581, 5054
0.5588, 5053
0.5595, 5052
0.5601, 5051
0.5606, 5050
0.5612, 5049
0.5618, 5048
0.5626, 5047
0.5632, 5046
0.5642, 5045
0.5648, 5044
0.5654, 5043
0.5660, 5042
0.5665, 5041
0.5675, 5040
0.5680, 5039
0.5686, 5038
0.5694, 5037
0.5700, 5036
0.5705, 5035
0.5713, 5034
0.5720, 5033
0.5726, 5032
0.5733, 5031
0.5742, 5030
0.5749, 5029
0.5757, 5028
0.5762, 5027
0.5769, 5026
0.5775, 5025
0.5782, 5024
0.5788, 5023
0.5794, 5022
0.5800, 5021
0.5807, 5020
0.5817, 5019
0.5826, 5018
0.5831, 5017
0.5837, 5016
0.5842, 5015
0.5852, 5014
0.5858, 5013
0.5865, 5012
0.5872, 5011
0.5879, 5010
0.5886, 5009
0.5892, 5008
0.5897, 5007
0.5903, 5006
0.5912, 5005
0.5918, 5004
0.5926, 5003
0.5932, 5002
0.5938, 5001
0.5947, 5000
0.5953, 4999
0.5961, 4998
0.5968, 4997
0.5973, 4996
0.5980, 4995
0.5985, 4994
0.5991, 4993
0.5998, 4992
0.6004, 4991
0.6011, 4990
0.6018, 4989
0.6028, 4988
0.6035, 4987
0.6041, 4986
0.6047, 4985
0.6054, 4984
0.6061, 4983
0.6067, 4982
0.6074, 4981
0.6082, 4980
0.6091, 4979
0.6096, 4978
0.6102, 4977
0.6109, 4976
0.6118, 4975
0.6128, 4974
0.6133, 4973
0.6139, 4972
0.6146, 4971
0.6153, 4970
0.6158, 4969
0.6166, 4968
0.6173, 4967
0.6179, 4966
0.6187, 4965
0.6192, 4964
0.6197, 4963
0.6203, 4962
0.6210, 4961
0.6217, 4960
0.6222, 4959
0.6228, 4958
0.6233, 4957
0.6239, 4956
0.6247, 4955
0.6252, 4954
0.6257, 4953
0.6263, 4952
0.6271, 4951
0.6280, 4950
0.6288, 4949
0.6299, 4948
0.6305, 4947
0.6311, 4946
0.6320, 4945
0.6325, 4944
0.6331, 4943
0.6336, 4942
0.6341, 4941
0.6347, 4940
0.6352, 4939
0.6359, 4938
0.6364, 4937
0.6370, 4936
0.6377, 4935
0.6386, 4934
0.6395, 4933
0.6400, 4932
0.6406, 4931
0.6412, 4930
0.6419, 4929
0.6425, 4928
0.6430, 4927
0.6437, 4926
0.6444, 4925
0.6450, 4924
0.6456, 4923
0.6464, 4922
0.6470, 4921
0.6476, 4920
0.6482, 4919
0.6491, 4918
0.6500, 4917
0.6505, 4916
0.6514, 4915
0.6519, 4914
0.6524, 4913
0.6529, 4912
0.6534, 4911
0.6540, 4910
0.6545, 4909
0.6554, 4908
0.6560, 4907
0.6565, 4906
0.6571, 4905
0.6576, 4904
0.6581, 4903
0.6587, 4902
0.6594, 4901
0.6599, 4900
0.6608, 4899
0.6615, 4898
0.6620, 4897
0.6626, 4896
0.6631, 4895
0.6638, 4894
0.6644, 4893
0.6649, 4892
0.6658, 4891
0.6665, 4890
0.6672, 4889
0.6677, 4888
0.6683, 4887
0.6688, 4886
0.6694, 4885
0.6699, 4884
0.6705, 4883
0.6711, 4882
0.6717, 4881
0.6722, 4880
0.6729, 4879
0.6737, 4878
0.6743, 4877
0.6748, 4876
0.6755, 4875
0.6761, 4874
0.6766, 4873
0.6772, 4872
0.6780, 4871
0.6787, 4870
0.6794, 4869
0.6802, 4868
0.6808, 4867
0.6813, 4866
0.6818, 4865
0.6828, 4864
0.6836, 4863
0.6841, 4862
0.6847, 4861
0.6854, 4860
0.6861, 4859
0.6868, 4858
0.6874, 4857
0.6881, 4856
0.6890, 4855
0.6896, 4854
0.6906, 4853
0.6912, 4852
0.6917, 4851
0.6923, 4850
0.6932, 4849
0.6938, 4848
0.6945, 4847
0.6951, 4846
0.6956, 4845
0.6963, 4844
0.6968, 4843
0.6973, 4842
0.6978, 4841
0.6985, 4840
0.6992, 4839
0.7001, 4838
0.7009, 4837
0.7016, 4836
0.7020, 4835
0.7025, 4834
0.7032, 4833
0.7038, 4832
0.7043, 4831
0.7053, 4830
0.7058, 4829
0.7064, 4828
0.7070, 4827
0.7080, 4826
0.7088, 4825
0.7093, 4824
0.7100, 4823
0.7106, 4822
0.7111, 4821
0.7118, 4820
0.7122, 4819
0.7129, 4818
0.7134, 4817
0.7140, 4816
0.7145, 4815
0.7150, 4814
0.7159, 4813
0.7168, 4812
0.7174, 4811
0.7179, 4810
0.7188, 4809
0.7193, 4808
0.7197, 4807
0.7202, 4806
0.7207, 4805
0.7216, 4804
0.7224, 4803
0.7229, 4802
0.7235, 4801
0.7241, 4800
0.7248, 4799
0.7253, 4798
0.7258, 4797
0.7264, 4796
0.7270, 4795
0.7276, 4794
0.7283, 4793
0.7288, 4792
0.7296, 4791
0.7301, 4790
0.7309, 4789
0.7314, 4788
0.7321, 4787
0.7326, 4786
0.7332, 4785
0.7337, 4784
0.7342, 4783
0.7350, 4782
0.7355, 4781
0.7364, 4780
0.7372, 4779
0.7377, 4778
0.7385, 4777
0.7390, 4776
0.7395, 4775
0.7400, 4774
0.7410, 4773
0.7416, 4772
0.7423, 4771
0.7428, 4770
0.7434, 4769
0.7442, 4768
0.7449, 4767
0.7453, 4766
0.7459, 4765
0.7468, 4764
0.7476, 4763
0.7482, 4762
0.7488, 4761
0.7493, 4760
0.7499, 4759
0.7510, 4758
0.7516, 4757
0.7521, 4756
0.7529, 4755
0.7534, 4754
0.7540, 4753
0.7545, 4752
0.7550, 4751
0.7557, 4750
0.7563, 4749
0.7568, 4748
0.7574, 4747
0.7583, 4746
0.7588, 4745
0.7596, 4744
0.7603, 4743
0.7612, 4742
0.7620, 4741
0.7626, 4740
0.7631, 4739
0.7636, 4738
0.7641, 4737
0.7648, 4736
0.7656, 4735
0.7661, 4734
0.7667, 4733
0.7672, 4732
0.7677, 4731
0.7685, 4730
0.7691, 4729
0.7695, 4728
0.7701, 4727
0.7709, 4726
0.7716, 4725
0.7725, 4724
0.7734, 4723
0.7738, 4722
0.7746, 4721
0.7754, 4720
0.7759, 4719
0.7764, 4718
0.7770, 4717
0.7777, 4716
0.7785, 4715
0.7792, 4714
0.7800, 4713
0.7805, 4712
0.7813, 4711
0.7821, 4710
0.7830, 4709
0.7837, 4708
0.7845, 4707
0.7851, 4706
0.7859, 4705
0.7866, 4704
0.7873, 4703
0.7882, 4702
0.7891, 4701
0.7898, 4700
0.7907, 4699
0.7915, 4698
0.7922, 4697
0.7929, 4696
0.7937, 4695
0.7945, 4694
0.7954, 4693
0.7962, 4692
0.7971, 4691
0.7980, 4690
0.9790, 4689
1.1950, 4688
1.2546, 4687
1.3138, 4686
1.6257, 4685
1.6455, 4684
1.7240, 4683
1.8214, 4682
1.9389, 4681
2.1544, 4680
2.2132, 4679
2.3307, 4678
2.4094, 4677
2.5665, 4676
2.8417, 4675
2.8618, 4674
2.9599, 4673
3.1562, 4672
3.1570, 4671
3.2364, 4670
3.3151, 4669
3.3551, 4668
3.4536, 4667
3.5701, 4666
3.6094, 4665
3.6101, 4664
3.6496, 4663
4.1010, 4662
4.1795, 4661
4.6294, 4660
4.6692, 4659
4.7880, 4658
4.9253, 4657
5.0244, 4656
5.2800, 4655
5.7101, 4654
5.7108, 4653
5.7113, 4652
6.2791, 4651
6.3979, 4650
6.5366, 4649
7.1841, 4648
7.3013, 4647
7.3795, 4646
7.6551, 4645
7.6556, 4644
7.7148, 4643
7.7155, 4642
7.7554, 4641
8.2224, 4640
8.3409, 4639
8.4197, 4638
8.6935, 4637
8.6941, 4636
8.9488, 4635
9.1450, 4634
9.2239, 4633
9.4981, 4632
9.6538, 4631
9.9693, 4630
