0.0000, 5900
0.0005, 5899
0.0012, 5898
0.0018, 5897
0.0028, 5896
0.0036, 5895
0.0043, 5894
0.0049, 5893
0.0057, 5892
0.0063, 5891
0.0071, 5890
0.0076, 5889
0.0081, 5888
0.0087, 5887
0.0096, 5886
0.0106, 5885
0.0112, 5884
0.0124, 5883
0.0131, 5882
0.0142, 5881
0.0147, 5880
0.0157, 5879
0.0165, 5878
0.0175, 5877
0.0180, 5876
0.0185, 5875
0.0190, 5874
0.0197, 5873
0.0208, 5872
0.0213, 5871
0.0218, 5870
0.0223, 5869
0.0231, 5868
0.0236, 5867
0.0241, 5866
0.0246, 5865
0.0255, 5864
0.0263, 5863
0.0269, 5862
0.0274, 5861
0.0281, 5860
0.0287, 5859
0.0292, 5858
0.0297, 5857
0.0303, 5856
0.0309, 5855
0.0315, 5854
0.0320, 5853
0.0325, 5852
0.0335, 5851
0.0344, 5850
0.0350, 5849
0.0355, 5848
0.0361, 5847
0.0367, 5846
0.0372, 5845
0.0380, 5844
0.0385, 5843
0.0390, 5842
0.0395, 5841
0.0403, 5840
0.0410, 5839
0.0415, 5838
0.0420, 5837
0.0427, 5836
0.0433, 5835
0.0440, 5834
0.0445, 5833
0.0452, 5832
0.0457, 5831
0.0462, 5830
0.0471, 5829
0.0476, 5828
0.0481, 5827
0.0487, 5826
0.0497, 5825
0.0502, 5824
0.0508, 5823
0.0516, 5822
0.0521, 5821
0.0527, 5820
0.0532, 5819
0.0537, 5818
0.0542, 5817
0.0551, 5816
0.0556, 5815
0.0566, 5814
0.0576, 5813
0.0582, 5812
0.0588, 5811
0.0597, 5810
0.0604, 5809
0.0610, 5808
0.0617, 5807
0.0623, 5806
0.0631, 5805
0.0636, 5804
0.0641, 5803
0.0647, 5802
0.0652, 5801
0.0657, 5800
0.0666, 5799
0.0671, 5798
0.0678, 5797
0.0683, 5796
0.0690, 5795
0.0695, 5794
0.0702, 5793
0.0708, 5792
0.0713, 5791
0.0719, 5790
0.0724, 5789
0.0729, 5788
0.0735, 5787
0.0740, 5786
0.0753, 5785
0.0763, 5784
0.0772, 5783
0.0777, 5782
0.0782, 5781
0.0787, 5780
0.0794, 5779
0.0802, 5778
0.0808, 5777
0.0816, 5776
0.0823, 5775
0.0829, 5774
0.0835, 5773
0.0846, 5772
0.0852, 5771
0.0864, 5770
0.0870, 5769
0.0875, 5768
0.0883, 5767
0.0888, 5766
0.0895, 5765
0.0903, 5764
0.0908, 5763
0.0914, 5762
0.0919, 5761
0.0924, 5760
0.0934, 5759
0.0939, 5758
0.0944, 5757
0.0949, 5756
0.0954, 5755
0.0960, 5754
0.0968, 5753
0.0975, 5752
0.0980, 5751
0.0985, 5750
0.0991, 5749
0.0999, 5748
0.1004, 5747
0.1009, 5746
0.1018, 5745
0.1029, 5744
0.1034, 5743
0.1040, 5742
0.1045, 5741
0.1055, 5740
0.1061, 5739
0.1066, 5738
0.1072, 5737
0.1077, 5736
0.1083, 5735
0.1088, 5734
0.1094, 5733
0.1100, 5732
0.1105, 5731
0.1111, 5730
0.1116, 5729
0.1122, 5728
0.1127, 5727
0.1132, 5726
0.1138, 5725
0.1145, 5724
0.1152, 5723
0.1162, 5722
0.1168, 5721
0.1174, 5720
0.1181, 5719
0.1188, 5718
0.1198, 5717
0.1206, 5716
0.1215, 5715
0.1225, 5714
0.1230, 5713
0.1236, 5712
0.1242, 5711
0.1248, 5710
0.1253, 5709
0.1261, 5708
0.1268, 5707
0.1275, 5706
0.1280, 5705
0.1285, 5704
0.1290, 5703
0.1296, 5702
0.1301, 5701
0.1308, 5700
0.1318, 5699
0.1323, 5698
0.1328, 5697
0.1333, 5696
0.1344, 5695
0.1352, 5694
0.1357, 5693
0.1363, 5692
0.1369, 5691
0.1374, 5690
0.1379, 5689
0.1386, 5688
0.1391, 5687
0.1397, 5686
0.1406, 5685
0.1412, 5684
0.1418, 5683
0.1424, 5682
0.1429, 5681
0.1435, 5680
0.1441, 5679
0.1447, 5678
0.1453, 5677
0.1459, 5676
0.1464, 5675
0.1471, 5674
0.1475, 5673
0.1481, 5672
0.1487, 5671
0.1492, 5670
0.1499, 5669
0.1504, 5668
0.1510, 5667
0.1516, 5666
0.1521, 5665
0.1527, 5664
0.1533, 5663
0.1538, 5662
0.1548, 5661
0.1554, 5660
0.1562, 5659
0.1568, 5658
0.1580, 5657
0.1589, 5656
0.1598, 5655
0.1605, 5654
0.1612, 5653
0.1618, 5652
0.1624, 5651
0.1630, 5650
0.1635, 5649
0.1641, 5648
0.1649, 5647
0.1654, 5646
0.1660, 5645
0.1667, 5644
0.1673, 5643
0.1679, 5642
0.1685, 5641
0.1691, 5640
0.1699, 5639
0.1708, 5638
0.1714, 5637
0.1720, 5636
0.1726, 5635
0.1737, 5634
0.1744, 5633
0.1754, 5632
0.1762, 5631
0.1768, 5630
0.1778, 5629
0.1787, 5628
0.1793, 5627
0.1804, 5626
0.1812, 5625
0.1819, 5624
0.1827, 5623
0.1833, 5622
0.1839, 5621
0.1846, 5620
0.1853, 5619
0.1862, 5618
0.1868, 5617
0.1874, 5616
0.1880, 5615
0.1887, 5614
0.1896, 5613
0.1902, 5612
0.1907, 5611
0.1913, 5610
0.1921, 5609
0.1927, 5608
0.1933, 5607
0.1939, 5606
0.1944, 5605
0.1951, 5604
0.1956, 5603
0.1961, 5602
0.1967, 5601
0.1973, 5600
0.1978, 5599
0.1984, 5598
0.1989, 5597
0.1994, 5596
0.2000, 5595
0.2008, 5594
0.2014, 5593
0.2024, 5592
0.2030, 5591
0.2037, 5590
0.2046, 5589
0.2055, 5588
0.2061, 5587
0.2067, 5586
0.2072, 5585
0.2079, 5584
0.2089, 5583
0.2095, 5582
0.2102, 5581
0.2108, 5580
0.2114, 5579
0.2121, 5578
0.2128, 5577
0.2138, 5576
0.2144, 5575
0.2150, 5574
0.2157, 5573
0.2163, 5572
0.2169, 5571
0.2176, 5570
0.2185, 5569
0.2190, 5568
0.2199, 5567
0.2205, 5566
0.2211, 5565
0.2217, 5564
0.2224, 5563
0.2235, 5562
0.2242, 5561
0.2248, 5560
0.2254, 5559
0.2259, 5558
0.2265, 5557
0.2275, 5556
0.2281, 5555
0.2286, 5554
0.2293, 5553
0.2301, 5552
0.2307, 5551
0.2313, 5550
0.2320, 5549
0.2326, 5548
0.2333, 5547
0.2339, 5546
0.2345, 5545
0.2351, 5544
0.2356, 5543
0.2362, 5542
0.2369, 5541
0.2375, 5540
0.2381, 5539
0.2386, 5538
0.2392, 5537
0.2398, 5536
0.2403, 5535
0.2410, 5534
0.2419, 5533
0.2424, 5532
0.2431, 5531
0.2436, 5530
0.2442, 5529
0.2448, 5528
0.2453, 5527
0.2459, 5526
0.2467, 5525
0.2473, 5524
0.2480, 5523
0.2489, 5522
0.2499, 5521
0.2508, 5520
0.2515, 5519
0.2521, 5518
0.2527, 5517
0.2534, 5516
0.2540, 5515
0.2548, 5514
0.2553, 5513
0.2560, 5512
0.2565, 5511
0.2571, 5510
0.2576, 5509
0.2583, 5508
0.2589, 5507
0.2596, 5506
0.2602, 5505
0.2607, 5504
0.2613, 5503
0.2622, 5502
0.2628, 5501
0.2634, 5500
0.2640, 5499
0.2649, 5498
0.2656, 5497
0.2662, 5496
0.2668, 5495
0.2675, 5494
0.2682, 5493
0.2688, 5492
0.2693, 5491
0.2703, 5490
0.2711, 5489
0.2717, 5488
0.2723, 5487
0.2728, 5486
0.2734, 5485
0.2743, 5484
0.2749, 5483
0.2755, 5482
0.2764, 5481
0.2771, 5480
0.2776, 5479
0.2781, 5478
0.2788, 5477
0.2794, 5476
0.2800, 5475
0.2805, 5474
0.2813, 5473
0.2819, 5472
0.2826, 5471
0.2832, 5470
0.2838, 5469
0.2844, 5468
0.2850, 5467
0.2855, 5466
0.2865, 5465
0.2871, 5464
0.2876, 5463
0.2882, 5462
0.2888, 5461
0.2893, 5460
0.2900, 5459
0.2906, 5458
0.2912, 5457
0.2918, 5456
0.2926, 5455
0.2933, 5454
0.2938, 5453
0.2945, 5452
0.2951, 5451
0.2959, 5450
0.2964, 5449
0.2971, 5448
0.2977, 5447
0.2983, 5446
0.2988, 5445
0.2994, 5444
0.3004, 5443
0.3010, 5442
0.3016, 5441
0.3021, 5440
0.3028, 5439
0.3035, 5438
0.3044, 5437
0.3051, 5436
0.3057, 5435
0.3064, 5434
0.3069, 5433
0.3075, 5432
0.3085, 5431
0.3091, 5430
0.3097, 5429
0.3103, 5428
0.3109, 5427
0.3115, 5426
0.3124, 5425
0.3130, 5424
0.3137, 5423
0.3144, 5422
0.3151, 5421
0.3158, 5420
0.3167, 5419
0.3173, 5418
0.3178, 5417
0.3189, 5416
0.3194, 5415
0.3201, 5414
0.3207, 5413
0.3213, 5412
0.3219, 5411
0.3224, 5410
0.3230, 5409
0.3235, 5408
0.3241, 5407
0.3248, 5406
0.3256, 5405
0.3264, 5404
0.3272, 5403
0.3280, 5402
0.3286, 5401
0.3291, 5400
0.3299, 5399
0.3307, 5398
0.3315, 5397
0.3321, 5396
0.3327, 5395
0.3335, 5394
0.3343, 5393
0.3350, 5392
0.3357, 5391
0.3362, 5390
0.3367, 5389
0.3374, 5388
0.3380, 5387
0.3385, 5386
0.3394, 5385
0.3399, 5384
0.3406, 5383
0.3413, 5382
0.3420, 5381
0.3427, 5380
0.3432, 5379
0.3438, 5378
0.3446, 5377
0.3453, 5376
0.3459, 5375
0.3465, 5374
0.3472, 5373
0.3478, 5372
0.3483, 5371
0.3490, 5370
0.3497, 5369
0.3505, 5368
0.3512, 5367
0.3517, 5366
0.3525, 5365
0.3531, 5364
0.3538, 5363
0.3548, 5362
0.3555, 5361
0.3562, 5360
0.3569, 5359
0.3576, 5358
0.3582, 5357
0.3593, 5356
0.3599, 5355
0.3605, 5354
0.3611, 5353
0.3618, 5352
0.3624, 5351
0.3632, 5350
0.3638, 5349
0.3644, 5348
0.3650, 5347
0.3656, 5346
0.3665, 5345
0.3673, 5344
0.3679, 5343
0.3686, 5342
0.3693, 5341
0.3698, 5340
0.3704, 5339
0.3710, 5338
0.3716, 5337
0.3722, 5336
0.3728, 5335
0.3735, 5334
0.3742, 5333
0.3750, 5332
0.3761, 5331
0.3766, 5330
0.3772, 5329
0.3778, 5328
0.3784, 5327
0.3790, 5326
0.3796, 5325
0.3801, 5324
0.3808, 5323
0.3818, 5322
0.3827, 5321
0.3837, 5320
0.3845, 5319
0.3851, 5318
0.3857, 5317
0.3862, 5316
0.3870, 5315
0.3877, 5314
0.3884, 5313
0.3890, 5312
0.3898, 5311
0.3905, 5310
0.3911, 5309
0.3917, 5308
0.3926, 5307
0.3933, 5306
0.3940, 5305
0.3945, 5304
0.3952, 5303
0.3958, 5302
0.3964, 5301
0.3969, 5300
0.3976, 5299
0.3982, 5298
0.3988, 5297
0.3994, 5296
0.4001, 5295
0.4008, 5294
0.4013, 5293
0.4019, 5292
0.4027, 5291
0.4034, 5290
0.4041, 5289
0.4050, 5288
0.4056, 5287
0.4062, 5286
0.4068, 5285
0.4074, 5284
0.4081, 5283
0.4087, 5282
0.4092, 5281
0.4098, 5280
0.4103, 5279
0.4109, 5278
0.4115, 5277
0.4121, 5276
0.4129, 5275
0.4135, 5274
0.4144, 5273
0.4150, 5272
0.4155, 5271
0.4161, 5270
0.4168, 5269
0.4174, 5268
0.4180, 5267
0.4185, 5266
0.4191, 5265
0.4199, 5264
0.4205, 5263
0.4212, 5262
0.4218, 5261
0.4223, 5260
0.4232, 5259
0.4237, 5258
0.4243, 5257
0.4250, 5256
0.4258, 5255
0.4264, 5254
0.4274, 5253
0.4282, 5252
0.4289, 5251
0.4300, 5250
0.4306, 5249
0.4311, 5248
0.4318, 5247
0.4325, 5246
0.4331, 5245
0.4338, 5244
0.4344, 5243
0.4350, 5242
0.4356, 5241
0.4362, 5240
0.4368, 5239
0.4373, 5238
0.4379, 5237
0.4388, 5236
0.4394, 5235
0.4400, 5234
0.4406, 5233
0.4411, 5232
0.4419, 5231
0.4425, 5230
0.4430, 5229
0.4436, 5228
0.4443, 5227
0.4451, 5226
0.4457, 5225
0.4462, 5224
0.4472, 5223
0.4481, 5222
0.4488, 5221
0.4495, 5220
0.4502, 5219
0.4508, 5218
0.4514, 5217
0.4520, 5216
0.4527, 5215
0.4535, 5214
0.4540, 5213
0.4548, 5212
0.4555, 5211
0.4563, 5210
0.4572, 5209
0.4578, 5208
0.4584, 5207
0.4593, 5206
0.4600, 5205
0.4607, 5204
0.4615, 5203
0.4621, 5202
0.4628, 5201
0.4634, 5200
0.4642, 5199
0.4649, 5198
0.4656, 5197
0.4663, 5196
0.4669, 5195
0.4677, 5194
0.4683, 5193
0.4688, 5192
0.4694, 5191
0.4700, 5190
0.4707, 5189
0.4713, 5188
0.4718, 5187
0.4724, 5186
0.4730, 5185
0.4736, 5184
0.4743, 5183
0.4751, 5182
0.4757, 5181
0.4765, 5180
0.4774, 5179
0.4780, 5178
0.4789, 5177
0.4796, 5176
0.4802, 5175
0.4811, 5174
0.4818, 5173
0.4826, 5172
0.4831, 5171
0.4838, 5170
0.4843, 5169
0.4851, 5168
0.4857, 5167
0.4862, 5166
0.4869, 5165
0.4878, 5164
0.4883, 5163
0.4890, 5162
0.4897, 5161
0.4907, 5160
0.4915, 5159
0.4922, 5158
0.4929, 5157
0.4935, 5156
0.4940, 5155
0.4947, 5154
0.4954, 5153
0.4962, 5152
0.4969, 5151
0.4975, 5150
0.4982, 5149
0.4988, 5148
0.4995, 5147
0.5001, 5146
0.5006, 5145
0.5011, 5144
0.5018, 5143
0.5024, 5142
0.5029, 5141
0.5035, 5140
0.5041, 5139
0.5047, 5138
0.5053, 5137
0.5061, 5136
0.5068, 5135
0.5075, 5134
0.5081, 5133
0.5087, 5132
0.5092, 5131
0.5100, 5130
0.5106, 5129
0.5113, 5128
0.5120, 5127
0.5127, 5126
0.5135, 5125
0.5141, 5124
0.5146, 5123
0.5152, 5122
0.5157, 5121
0.5165, 5120
0.5170, 5119
0.5176, 5118
0.5181, 5117
0.5186, 5116
0.5192, 5115
0.5198, 5114
0.5207, 5113
0.5214, 5112
0.5222, 5111
0.5230, 5110
0.5236, 5109
0.5241, 5108
0.5247, 5107
0.5252, 5106
0.5259, 5105
0.5265, 5104
0.5272, 5103
0.5279, 5102
0.5285, 5101
0.5294, 5100
0.5301, 5099
0.5308, 5098
0.5316, 5097
0.5322, 5096
0.5329, 5095
0.5335, 5094
0.5340, 5093
0.5347, 5092
0.5353, 5091
0.5360, 5090
0.5365, 5089
0.5372, 5088
0.5379, 5087
0.5389, 5086
0.5395, 5085
0.5400, 5084
0.5406, 5083
0.5414, 5082
0.5420, 5081
0.5426, 5080
0.5432, 5079
0.5438, 5078
0.5444, 5077
0.5450, 5076
0.5456, 5075
0.5463, 5074
0.5470, 5073
0.5478, 5072
0.5484, 5071
0.5488, 5070
0.5494, 5069
0.5502, 5068
0.5511, 5067
0.5517, 5066
0.5524, 5065
0.5532, 5064
0.5542, 5063
0.5548, 5062
0.5555, 5061
0.5560, 5060
0.5568, 5059
0.5574, 5058
0.5579, 5057
0.5585, 5056
0.5590, 5055
0.5597, 5054
0.5603, 5053
0.5610, 5052
0.5616, 5051
0.5621, 5050
0.5627, 5049
0.5633, 5048
0.5640, 5047
0.5647, 5046
0.5657, 5045
0.5663, 5044
0.5669, 5043
0.5675, 5042
0.5680, 5041
0.5689, 5040
0.5694, 5039
0.5701, 5038
0.5709, 5037
0.5714, 5036
0.5719, 5035
0.5727, 5034
0.5734, 5033
0.5740, 5032
0.5747, 5031
0.5756, 5030
0.5762, 5029
0.5770, 5028
0.5776, 5027
0.5783, 5026
0.5789, 5025
0.5795, 5024
0.5802, 5023
0.5807, 5022
0.5813, 5021
0.5821, 5020
0.5831, 5019
0.5840, 5018
0.5845, 5017
0.5850, 5016
0.5856, 5015
0.5866, 5014
0.5872, 5013
0.5879, 5012
0.5887, 5011
0.5893, 5010
0.5900, 5009
0.5906, 5008
0.5911, 5007
0.5917, 5006
0.5926, 5005
0.5931, 5004
0.5940, 5003
0.5946, 5002
0.5951, 5001
0.5961, 5000
0.5967, 4999
0.5975, 4998
0.5981, 4997
0.5987, 4996
0.5994, 4995
0.5999, 4994
0.6005, 4993
0.6012, 4992
0.6018, 4991
0.6025, 4990
0.6032, 4989
0.6042, 4988
0.6049, 4987
0.6055, 4986
0.6061, 4985
0.6067, 4984
0.6074, 4983
0.6080, 4982
0.6087, 4981
0.6095, 4980
0.6104, 4979
0.6109, 4978
0.6115, 4977
0.6121, 4976
0.6131, 4975
0.6140, 4974
0.6145, 4973
0.6151, 4972
0.6158, 4971
0.6165, 4970
0.6170, 4969
0.6178, 4968
0.6185, 4967
0.6191, 4966
0.6199, 4965
0.6205, 4964
0.6210, 4963
0.6215, 4962
0.6223, 4961
0.6230, 4960
0.6235, 4959
0.6241, 4958
0.6246, 4957
0.6252, 4956
0.6259, 4955
0.6265, 4954
0.6271, 4953
0.6276, 4952
0.6284, 4951
0.6294, 4950
0.6302, 4949
0.6313, 4948
0.6318, 4947
0.6325, 4946
0.6333, 4945
0.6339, 4944
0.6345, 4943
0.6350, 4942
0.6355, 4941
0.6361, 4940
0.6366, 4939
0.6373, 4938
0.6378, 4937
0.6384, 4936
0.6390, 4935
0.6400, 4934
0.6408, 4933
0.6413, 4932
0.6419, 4931
0.6425, 4930
0.6431, 4929
0.6438, 4928
0.6443, 4927
0.6450, 4926
0.6457, 4925
0.6462, 4924
0.6468, 4923
0.6476, 4922
0.6482, 4921
0.6488, 4920
0.6494, 4919
0.6503, 4918
0.6512, 4917
0.6517, 4916
0.6525, 4915
0.6530, 4914
0.6536, 4913
0.6541, 4912
0.6546, 4911
0.6551, 4910
0.6557, 4909
0.6566, 4908
0.6571, 4907
0.6576, 4906
0.6583, 4905
0.6588, 4904
0.6593, 4903
0.6599, 4902
0.6606, 4901
0.6611, 4900
0.6620, 4899
0.6627, 4898
0.6632, 4897
0.6638, 4896
0.6643, 4895
0.6650, 4894
0.6656, 4893
0.6661, 4892
0.6669, 4891
0.6677, 4890
0.6684, 4889
0.6689, 4888
0.6695, 4887
0.6700, 4886
0.6706, 4885
0.6711, 4884
0.6717, 4883
0.6723, 4882
0.6728, 4881
0.6734, 4880
0.6740, 4879
0.6749, 4878
0.6754, 4877
0.6759, 4876
0.6767, 4875
0.6772, 4874
0.6777, 4873
0.6783, 4872
0.6791, 4871
0.6798, 4870
0.6806, 4869
0.6814, 4868
0.6819, 4867
0.6824, 4866
0.6829, 4865
0.6839, 4864
0.6847, 4863
0.6852, 4862
0.6858, 4861
0.6865, 4860
0.6871, 4859
0.6879, 4858
0.6885, 4857
0.6892, 4856
0.6901, 4855
0.6906, 4854
0.6917, 4853
0.6922, 4852
0.6928, 4851
0.6934, 4850
0.6942, 4849
0.6949, 4848
0.6956, 4847
0.6961, 4846
0.6966, 4845
0.6974, 4844
0.6979, 4843
0.6984, 4842
0.6989, 4841
0.6996, 4840
0.7003, 4839
0.7012, 4838
0.7019, 4837
0.7026, 4836
0.7030, 4835
0.7036, 4834
0.7042, 4833
0.7048, 4832
0.7053, 4831
0.7062, 4830
0.7068, 4829
0.7074, 4828
0.7080, 4827
0.7090, 4826
0.7098, 4825
0.7103, 4824
0.7110, 4823
0.7115, 4822
0.7121, 4821
0.7127, 4820
0.7132, 4819
0.7138, 4818
0.7143, 4817
0.7148, 4816
0.7153, 4815
0.7159, 4814
0.7167, 4813
0.7176, 4812
0.7182, 4811
0.7187, 4810
0.7196, 4809
0.7201, 4808
0.7206, 4807
0.7211, 4806
0.7216, 4805
0.7224, 4804
0.7233, 4803
0.7237, 4802
0.7243, 4801
0.7250, 4800
0.7256, 4799
0.7261, 4798
0.7266, 4797
0.7272, 4796
0.7278, 4795
0.7285, 4794
0.7291, 4793
0.7297, 4792
0.7304, 4791
0.7309, 4790
0.7317, 4789
0.7322, 4788
0.7329, 4787
0.7334, 4786
0.7340, 4785
0.7345, 4784
0.7350, 4783
0.7357, 4782
0.7363, 4781
0.7371, 4780
0.7379, 4779
0.7384, 4778
0.7392, 4777
0.7397, 4776
0.7403, 4775
0.7408, 4774
0.7417, 4773
0.7423, 4772
0.7430, 4771
0.7435, 4770
0.7441, 4769
0.7450, 4768
0.7456, 4767
0.7460, 4766
0.7466, 4765
0.7475, 4764
0.7483, 4763
0.7489, 4762
0.7495, 4761
0.7500, 4760
0.7506, 4759
0.7517, 4758
0.7523, 4757
0.7528, 4756
0.7536, 4755
0.7541, 4754
0.7546, 4753
0.7552, 4752
0.7557, 4751
0.7564, 4750
0.7570, 4749
0.7575, 4748
0.7580, 4747
0.7589, 4746
0.7595, 4745
0.7603, 4744
0.7610, 4743
0.7618, 4742
0.7626, 4741
0.7632, 4740
0.7637, 4739
0.7642, 4738
0.7647, 4737
0.7654, 4736
0.7662, 4735
0.7667, 4734
0.7673, 4733
0.7678, 4732
0.7683, 4731
0.7691, 4730
0.7696, 4729
0.7701, 4728
0.7706, 4727
0.7714, 4726
0.7721, 4725
0.7730, 4724
0.7738, 4723
0.7743, 4722
0.7751, 4721
0.7759, 4720
0.7763, 4719
0.7769, 4718
0.7774, 4717
0.7781, 4716
0.7789, 4715
0.7797, 4714
0.7805, 4713
0.7810, 4712
0.7817, 4711
0.7825, 4710
0.7835, 4709
0.7841, 4708
0.7850, 4707
0.7855, 4706
0.7864, 4705
0.7870, 4704
0.7878, 4703
0.7886, 4702
0.7896, 4701
0.7903, 4700
0.7912, 4699
0.7920, 4698
0.7927, 4697
0.7934, 4696
0.7943, 4695
0.7950, 4694
0.7959, 4693
0.7967, 4692
0.7976, 4691
0.7985, 4690
0.9626, 4689
1.1999, 4688
1.2391, 4687
1.3576, 4686
1.5943, 4685
1.6528, 4684
1.7538, 4683
1.8329, 4682
2.0216, 4681
2.2008, 4680
2.2626, 4679
2.3816, 4678
2.4998, 4677
2.6382, 4676
2.9846, 4675
3.0116, 4674
3.1299, 4673
3.3549, 4672
3.3557, 4671
3.4172, 4670
3.5149, 4669
3.5552, 4668
3.6523, 4667
3.7696, 4666
3.7702, 4665
3.7710, 4664
3.8292, 4663
4.3179, 4662
4.3772, 4661
4.8299, 4660
4.8700, 4659
5.0095, 4658
5.0493, 4657
5.1880, 4656
5.5505, 4655
6.0315, 4654
6.1101, 4653
6.1108, 4652
6.7833, 4651
6.9025, 4650
7.0410, 4649
7.6750, 4648
7.7542, 4647
7.8920, 4646
8.1498, 4645
8.2094, 4644
8.2492, 4643
8.2499, 4642
8.2895, 4641
8.7763, 4640
8.8564, 4639
8.8962, 4638
9.2082, 4637
9.2087, 4636
9.5229, 4635
9.6614, 4634
9.7209, 4633
