0.0000, 5900
0.0006, 5899
0.0013, 5898
0.0018, 5897
0.0028, 5896
0.0036, 5895
0.0043, 5894
0.0049, 5893
0.0058, 5892
0.0063, 5891
0.0071, 5890
0.0076, 5889
0.0081, 5888
0.0086, 5887
0.0096, 5886
0.0105, 5885
0.0111, 5884
0.0124, 5883
0.0130, 5882
0.0142, 5881
0.0147, 5880
0.0157, 5879
0.0165, 5878
0.0175, 5877
0.0180, 5876
0.0185, 5875
0.0190, 5874
0.0196, 5873
0.0207, 5872
0.0212, 5871
0.0217, 5870
0.0222, 5869
0.0229, 5868
0.0234, 5867
0.0239, 5866
0.0244, 5865
0.0253, 5864
0.0260, 5863
0.0267, 5862
0.0272, 5861
0.0278, 5860
0.0284, 5859
0.0289, 5858
0.0294, 5857
0.0300, 5856
0.0306, 5855
0.0311, 5854
0.0316, 5853
0.0321, 5852
0.0331, 5851
0.0340, 5850
0.0346, 5849
0.0351, 5848
0.0357, 5847
0.0363, 5846
0.0368, 5845
0.0376, 5844
0.0381, 5843
0.0386, 5842
0.0391, 5841
0.0398, 5840
0.0406, 5839
0.0411, 5838
0.0416, 5837
0.0423, 5836
0.0429, 5835
0.0435, 5834
0.0440, 5833
0.0447, 5832
0.0452, 5831
0.0458, 5830
0.0465, 5829
0.0470, 5828
0.0476, 5827
0.0482, 5826
0.0491, 5825
0.0496, 5824
0.0501, 5823
0.0509, 5822
0.0514, 5821
0.0520, 5820
0.0525, 5819
0.0530, 5818
0.0535, 5817
0.0544, 5816
0.0549, 5815
0.0559, 5814
0.0568, 5813
0.0575, 5812
0.0581, 5811
0.0590, 5810
0.0597, 5809
0.0603, 5808
0.0610, 5807
0.0615, 5806
0.0623, 5805
0.0628, 5804
0.0633, 5803
0.0638, 5802
0.0644, 5801
0.0649, 5800
0.0657, 5799
0.0662, 5798
0.0669, 5797
0.0674, 5796
0.0681, 5795
0.0686, 5794
0.0694, 5793
0.0699, 5792
0.0704, 5791
0.0710, 5790
0.0715, 5789
0.0720, 5788
0.0727, 5787
0.0732, 5786
0.0744, 5785
0.0755, 5784
0.0763, 5783
0.0768, 5782
0.0773, 5781
0.0779, 5780
0.0786, 5779
0.0794, 5778
0.0800, 5777
0.0807, 5776
0.0814, 5775
0.0820, 5774
0.0827, 5773
0.0838, 5772
0.0844, 5771
0.0855, 5770
0.0862, 5769
0.0867, 5768
0.0875, 5767
0.0880, 5766
0.0887, 5765
0.0895, 5764
0.0900, 5763
0.0906, 5762
0.0911, 5761
0.0917, 5760
0.0926, 5759
0.0932, 5758
0.0937, 5757
0.0942, 5756
0.0948, 5755
0.0953, 5754
0.0961, 5753
0.0968, 5752
0.0973, 5751
0.0978, 5750
0.0983, 5749
0.0992, 5748
0.0997, 5747
0.1002, 5746
0.1011, 5745
0.1022, 5744
0.1027, 5743
0.1032, 5742
0.1038, 5741
0.1048, 5740
0.1053, 5739
0.1059, 5738
0.1064, 5737
0.1070, 5736
0.1075, 5735
0.1081, 5734
0.1086, 5733
0.1092, 5732
0.1097, 5731
0.1103, 5730
0.1109, 5729
0.1114, 5728
0.1120, 5727
0.1125, 5726
0.1131, 5725
0.1138, 5724
0.1144, 5723
0.1154, 5722
0.1161, 5721
0.1167, 5720
0.1174, 5719
0.1182, 5718
0.1192, 5717
0.1200, 5716
0.1209, 5715
0.1219, 5714
0.1225, 5713
0.1231, 5712
0.1236, 5711
0.1242, 5710
0.1247, 5709
0.1255, 5708
0.1263, 5707
0.1269, 5706
0.1274, 5705
0.1280, 5704
0.1285, 5703
0.1290, 5702
0.1296, 5701
0.1302, 5700
0.1312, 5699
0.1318, 5698
0.1323, 5697
0.1328, 5696
0.1339, 5695
0.1346, 5694
0.1352, 5693
0.1358, 5692
0.1363, 5691
0.1368, 5690
0.1373, 5689
0.1380, 5688
0.1386, 5687
0.1391, 5686
0.1400, 5685
0.1406, 5684
0.1412, 5683
0.1418, 5682
0.1423, 5681
0.1429, 5680
0.1435, 5679
0.1441, 5678
0.1447, 5677
0.1453, 5676
0.1458, 5675
0.1464, 5674
0.1469, 5673
0.1474, 5672
0.1480, 5671
0.1486, 5670
0.1492, 5669
0.1497, 5668
0.1503, 5667
0.1509, 5666
0.1514, 5665
0.1520, 5664
0.1526, 5663
0.1532, 5662
0.1542, 5661
0.1547, 5660
0.1556, 5659
0.1563, 5658
0.1574, 5657
0.1584, 5656
0.1593, 5655
0.1600, 5654
0.1607, 5653
0.1613, 5652
0.1619, 5651
0.1625, 5650
0.1630, 5649
0.1636, 5648
0.1643, 5647
0.1649, 5646
0.1654, 5645
0.1661, 5644
0.1667, 5643
0.1673, 5642
0.1678, 5641
0.1685, 5640
0.1693, 5639
0.1702, 5638
0.1707, 5637
0.1713, 5636
0.1719, 5635
0.1730, 5634
0.1736, 5633
0.1746, 5632
0.1755, 5631
0.1761, 5630
0.1770, 5629
0.1779, 5628
0.1785, 5627
0.1796, 5626
0.1804, 5625
0.1811, 5624
0.1819, 5623
0.1825, 5622
0.1831, 5621
0.1838, 5620
0.1845, 5619
0.1855, 5618
0.1861, 5617
0.1867, 5616
0.1873, 5615
0.1880, 5614
0.1889, 5613
0.1895, 5612
0.1900, 5611
0.1906, 5610
0.1914, 5609
0.1920, 5608
0.1926, 5607
0.1932, 5606
0.1937, 5605
0.1944, 5604
0.1949, 5603
0.1954, 5602
0.1960, 5601
0.1965, 5600
0.1971, 5599
0.1976, 5598
0.1981, 5597
0.1986, 5596
0.1992, 5595
0.2000, 5594
0.2006, 5593
0.2015, 5592
0.2021, 5591
0.2029, 5590
0.2037, 5589
0.2045, 5588
0.2051, 5587
0.2057, 5586
0.2063, 5585
0.2070, 5584
0.2079, 5583
0.2086, 5582
0.2092, 5581
0.2097, 5580
0.2104, 5579
0.2111, 5578
0.2118, 5577
0.2128, 5576
0.2134, 5575
0.2139, 5574
0.2147, 5573
0.2152, 5572
0.2158, 5571
0.2165, 5570
0.2174, 5569
0.2179, 5568
0.2188, 5567
0.2194, 5566
0.2199, 5565
0.2205, 5564
0.2212, 5563
0.2223, 5562
0.2230, 5561
0.2235, 5560
0.2242, 5559
0.2248, 5558
0.2253, 5557
0.2263, 5556
0.2269, 5555
0.2275, 5554
0.2281, 5553
0.2289, 5552
0.2296, 5551
0.2302, 5550
0.2308, 5549
0.2314, 5548
0.2320, 5547
0.2327, 5546
0.2333, 5545
0.2338, 5544
0.2343, 5543
0.2348, 5542
0.2355, 5541
0.2361, 5540
0.2367, 5539
0.2372, 5538
0.2377, 5537
0.2383, 5536
0.2388, 5535
0.2395, 5534
0.2405, 5533
0.2412, 5532
0.2419, 5531
0.2424, 5530
0.2431, 5529
0.2437, 5528
0.2442, 5527
0.2448, 5526
0.2456, 5525
0.2462, 5524
0.2470, 5523
0.2480, 5522
0.2490, 5521
0.2499, 5520
0.2506, 5519
0.2513, 5518
0.2519, 5517
0.2527, 5516
0.2532, 5515
0.2540, 5514
0.2546, 5513
0.2552, 5512
0.2558, 5511
0.2564, 5510
0.2570, 5509
0.2577, 5508
0.2582, 5507
0.2590, 5506
0.2595, 5505
0.2601, 5504
0.2607, 5503
0.2616, 5502
0.2622, 5501
0.2628, 5500
0.2634, 5499
0.2643, 5498
0.2649, 5497
0.2656, 5496
0.2662, 5495
0.2668, 5494
0.2674, 5493
0.2680, 5492
0.2686, 5491
0.2696, 5490
0.2704, 5489
0.2709, 5488
0.2715, 5487
0.2720, 5486
0.2725, 5485
0.2735, 5484
0.2740, 5483
0.2746, 5482
0.2755, 5481
0.2762, 5480
0.2767, 5479
0.2772, 5478
0.2778, 5477
0.2784, 5476
0.2790, 5475
0.2795, 5474
0.2803, 5473
0.2809, 5472
0.2815, 5471
0.2821, 5470
0.2827, 5469
0.2833, 5468
0.2839, 5467
0.2844, 5466
0.2854, 5465
0.2860, 5464
0.2865, 5463
0.2870, 5462
0.2877, 5461
0.2882, 5460
0.2888, 5459
0.2894, 5458
0.2900, 5457
0.2906, 5456
0.2914, 5455
0.2921, 5454
0.2926, 5453
0.2933, 5452
0.2938, 5451
0.2946, 5450
0.2951, 5449
0.2958, 5448
0.2964, 5447
0.2970, 5446
0.2975, 5445
0.2981, 5444
0.2991, 5443
0.2997, 5442
0.3003, 5441
0.3008, 5440
0.3015, 5439
0.3022, 5438
0.3031, 5437
0.3038, 5436
0.3045, 5435
0.3051, 5434
0.3057, 5433
0.3063, 5432
0.3073, 5431
0.3079, 5430
0.3085, 5429
0.3091, 5428
0.3097, 5427
0.3104, 5426
0.3113, 5425
0.3119, 5424
0.3125, 5423
0.3132, 5422
0.3139, 5421
0.3146, 5420
0.3156, 5419
0.3162, 5418
0.3167, 5417
0.3178, 5416
0.3183, 5415
0.3190, 5414
0.3195, 5413
0.3201, 5412
0.3208, 5411
0.3214, 5410
0.3219, 5409
0.3224, 5408
0.3230, 5407
0.3237, 5406
0.3245, 5405
0.3253, 5404
0.3261, 5403
0.3269, 5402
0.3274, 5401
0.3280, 5400
0.3287, 5399
0.3296, 5398
0.3303, 5397
0.3309, 5396
0.3315, 5395
0.3323, 5394
0.3331, 5393
0.3337, 5392
0.3345, 5391
0.3350, 5390
0.3355, 5389
0.3361, 5388
0.3368, 5387
0.3373, 5386
0.3382, 5385
0.3387, 5384
0.3394, 5383
0.3400, 5382
0.3407, 5381
0.3414, 5380
0.3419, 5379
0.3425, 5378
0.3432, 5377
0.3439, 5376
0.3445, 5375
0.3451, 5374
0.3458, 5373
0.3464, 5372
0.3469, 5371
0.3476, 5370
0.3483, 5369
0.3490, 5368
0.3497, 5367
0.3503, 5366
0.3511, 5365
0.3517, 5364
0.3524, 5363
0.3534, 5362
0.3541, 5361
0.3548, 5360
0.3555, 5359
0.3562, 5358
0.3569, 5357
0.3579, 5356
0.3585, 5355
0.3592, 5354
0.3598, 5353
0.3605, 5352
0.3610, 5351
0.3618, 5350
0.3625, 5349
0.3630, 5348
0.3636, 5347
0.3642, 5346
0.3651, 5345
0.3659, 5344
0.3665, 5343
0.3672, 5342
0.3678, 5341
0.3683, 5340
0.3689, 5339
0.3695, 5338
0.3701, 5337
0.3707, 5336
0.3713, 5335
0.3719, 5334
0.3726, 5333
0.3735, 5332
0.3745, 5331
0.3750, 5330
0.3756, 5329
0.3761, 5328
0.3767, 5327
0.3773, 5326
0.3779, 5325
0.3785, 5324
0.3791, 5323
0.3801, 5322
0.3811, 5321
0.3821, 5320
0.3829, 5319
0.3835, 5318
0.3841, 5317
0.3846, 5316
0.3854, 5315
0.3861, 5314
0.3868, 5313
0.3874, 5312
0.3883, 5311
0.3890, 5310
0.3896, 5309
0.3902, 5308
0.3912, 5307
0.3919, 5306
0.3925, 5305
0.3931, 5304
0.3937, 5303
0.3943, 5302
0.3949, 5301
0.3954, 5300
0.3961, 5299
0.3966, 5298
0.3972, 5297
0.3978, 5296
0.3985, 5295
0.3992, 5294
0.3997, 5293
0.4003, 5292
0.4011, 5291
0.4017, 5290
0.4024, 5289
0.4033, 5288
0.4039, 5287
0.4044, 5286
0.4051, 5285
0.4056, 5284
0.4063, 5283
0.4069, 5282
0.4074, 5281
0.4079, 5280
0.4085, 5279
0.4091, 5278
0.4096, 5277
0.4103, 5276
0.4110, 5275
0.4116, 5274
0.4125, 5273
0.4130, 5272
0.4136, 5271
0.4141, 5270
0.4148, 5269
0.4155, 5268
0.4160, 5267
0.4166, 5266
0.4172, 5265
0.4179, 5264
0.4186, 5263
0.4192, 5262
0.4198, 5261
0.4204, 5260
0.4212, 5259
0.4217, 5258
0.4224, 5257
0.4231, 5256
0.4238, 5255
0.4244, 5254
0.4254, 5253
0.4262, 5252
0.4269, 5251
0.4280, 5250
0.4285, 5249
0.4291, 5248
0.4297, 5247
0.4304, 5246
0.4310, 5245
0.4316, 5244
0.4323, 5243
0.4328, 5242
0.4334, 5241
0.4340, 5240
0.4346, 5239
0.4351, 5238
0.4357, 5237
0.4366, 5236
0.4371, 5235
0.4377, 5234
0.4383, 5233
0.4389, 5232
0.4396, 5231
0.4402, 5230
0.4407, 5229
0.4413, 5228
0.4419, 5227
0.4427, 5226
0.4433, 5225
0.4439, 5224
0.4448, 5223
0.4457, 5222
0.4463, 5221
0.4471, 5220
0.4478, 5219
0.4484, 5218
0.4489, 5217
0.4495, 5216
0.4502, 5215
0.4509, 5214
0.4515, 5213
0.4522, 5212
0.4529, 5211
0.4537, 5210
0.4545, 5209
0.4551, 5208
0.4558, 5207
0.4566, 5206
0.4573, 5205
0.4580, 5204
0.4588, 5203
0.4595, 5202
0.4602, 5201
0.4608, 5200
0.4616, 5199
0.4622, 5198
0.4629, 5197
0.4636, 5196
0.4642, 5195
0.4650, 5194
0.4656, 5193
0.4661, 5192
0.4667, 5191
0.4673, 5190
0.4680, 5189
0.4685, 5188
0.4691, 5187
0.4696, 5186
0.4702, 5185
0.4708, 5184
0.4714, 5183
0.4722, 5182
0.4729, 5181
0.4737, 5180
0.4746, 5179
0.4751, 5178
0.4760, 5177
0.4767, 5176
0.4773, 5175
0.4783, 5174
0.4789, 5173
0.4797, 5172
0.4803, 5171
0.4809, 5170
0.4814, 5169
0.4823, 5168
0.4829, 5167
0.4834, 5166
0.4841, 5165
0.4850, 5164
0.4856, 5163
0.4864, 5162
0.4870, 5161
0.4880, 5160
0.4888, 5159
0.4895, 5158
0.4902, 5157
0.4908, 5156
0.4913, 5155
0.4921, 5154
0.4927, 5153
0.4936, 5152
0.4943, 5151
0.4949, 5150
0.4957, 5149
0.4963, 5148
0.4970, 5147
0.4976, 5146
0.4981, 5145
0.4986, 5144
0.4995, 5143
0.5001, 5142
0.5007, 5141
0.5012, 5140
0.5019, 5139
0.5025, 5138
0.5032, 5137
0.5039, 5136
0.5045, 5135
0.5053, 5134
0.5058, 5133
0.5064, 5132
0.5069, 5131
0.5076, 5130
0.5083, 5129
0.5090, 5128
0.5096, 5127
0.5104, 5126
0.5111, 5125
0.5117, 5124
0.5123, 5123
0.5128, 5122
0.5134, 5121
0.5141, 5120
0.5146, 5119
0.5152, 5118
0.5157, 5117
0.5162, 5116
0.5167, 5115
0.5173, 5114
0.5182, 5113
0.5188, 5112
0.5196, 5111
0.5204, 5110
0.5209, 5109
0.5214, 5108
0.5220, 5107
0.5225, 5106
0.5232, 5105
0.5237, 5104
0.5244, 5103
0.5252, 5102
0.5258, 5101
0.5267, 5100
0.5274, 5099
0.5281, 5098
0.5289, 5097
0.5295, 5096
0.5302, 5095
0.5308, 5094
0.5313, 5093
0.5320, 5092
0.5326, 5091
0.5333, 5090
0.5338, 5089
0.5346, 5088
0.5353, 5087
0.5362, 5086
0.5369, 5085
0.5375, 5084
0.5381, 5083
0.5388, 5082
0.5395, 5081
0.5401, 5080
0.5408, 5079
0.5414, 5078
0.5420, 5077
0.5426, 5076
0.5432, 5075
0.5440, 5074
0.5447, 5073
0.5454, 5072
0.5460, 5071
0.5465, 5070
0.5470, 5069
0.5478, 5068
0.5487, 5067
0.5494, 5066
0.5501, 5065
0.5508, 5064
0.5519, 5063
0.5525, 5062
0.5532, 5061
0.5538, 5060
0.5546, 5059
0.5552, 5058
0.5557, 5057
0.5564, 5056
0.5569, 5055
0.5576, 5054
0.5582, 5053
0.5589, 5052
0.5596, 5051
0.5601, 5050
0.5607, 5049
0.5613, 5048
0.5621, 5047
0.5627, 5046
0.5637, 5045
0.5643, 5044
0.5649, 5043
0.5655, 5042
0.5660, 5041
0.5669, 5040
0.5674, 5039
0.5681, 5038
0.5689, 5037
0.5694, 5036
0.5699, 5035
0.5707, 5034
0.5714, 5033
0.5720, 5032
0.5726, 5031
0.5735, 5030
0.5741, 5029
0.5750, 5028
0.5755, 5027
0.5762, 5026
0.5768, 5025
0.5774, 5024
0.5781, 5023
0.5786, 5022
0.5792, 5021
0.5799, 5020
0.5809, 5019
0.5818, 5018
0.5823, 5017
0.5829, 5016
0.5834, 5015
0.5844, 5014
0.5851, 5013
0.5858, 5012
0.5865, 5011
0.5871, 5010
0.5878, 5009
0.5884, 5008
0.5889, 5007
0.5896, 5006
0.5905, 5005
0.5910, 5004
0.5918, 5003
0.5924, 5002
0.5930, 5001
0.5939, 5000
0.5945, 4999
0.5953, 4998
0.5960, 4997
0.5965, 4996
0.5971, 4995
0.5976, 4994
0.5982, 4993
0.5990, 4992
0.5995, 4991
0.6002, 4990
0.6009, 4989
0.6019, 4988
0.6026, 4987
0.6032, 4986
0.6038, 4985
0.6044, 4984
0.6051, 4983
0.6057, 4982
0.6064, 4981
0.6072, 4980
0.6081, 4979
0.6086, 4978
0.6092, 4977
0.6098, 4976
0.6108, 4975
0.6118, 4974
0.6123, 4973
0.6129, 4972
0.6136, 4971
0.6143, 4970
0.6148, 4969
0.6156, 4968
0.6163, 4967
0.6170, 4966
0.6177, 4965
0.6183, 4964
0.6188, 4963
0.6193, 4962
0.6200, 4961
0.6208, 4960
0.6213, 4959
0.6218, 4958
0.6224, 4957
0.6230, 4956
0.6238, 4955
0.6243, 4954
0.6248, 4953
0.6255, 4952
0.6262, 4951
0.6272, 4950
0.6280, 4949
0.6291, 4948
0.6296, 4947
0.6303, 4946
0.6311, 4945
0.6316, 4944
0.6322, 4943
0.6327, 4942
0.6332, 4941
0.6338, 4940
0.6343, 4939
0.6349, 4938
0.6354, 4937
0.6361, 4936
0.6367, 4935
0.6376, 4934
0.6385, 4933
0.6390, 4932
0.6395, 4931
0.6402, 4930
0.6408, 4929
0.6414, 4928
0.6419, 4927
0.6426, 4926
0.6433, 4925
0.6439, 4924
0.6446, 4923
0.6454, 4922
0.6460, 4921
0.6466, 4920
0.6473, 4919
0.6482, 4918
0.6491, 4917
0.6496, 4916
0.6505, 4915
0.6510, 4914
0.6515, 4913
0.6520, 4912
0.6525, 4911
0.6531, 4910
0.6536, 4909
0.6545, 4908
0.6550, 4907
0.6555, 4906
0.6561, 4905
0.6566, 4904
0.6572, 4903
0.6577, 4902
0.6584, 4901
0.6589, 4900
0.6598, 4899
0.6605, 4898
0.6611, 4897
0.6616, 4896
0.6622, 4895
0.6629, 4894
0.6635, 4893
0.6640, 4892
0.6649, 4891
0.6656, 4890
0.6664, 4889
0.6669, 4888
0.6674, 4887
0.6680, 4886
0.6686, 4885
0.6691, 4884
0.6698, 4883
0.6703, 4882
0.6709, 4881
0.6715, 4880
0.6721, 4879
0.6730, 4878
0.6735, 4877
0.6741, 4876
0.6749, 4875
0.6754, 4874
0.6760, 4873
0.6765, 4872
0.6773, 4871
0.6781, 4870
0.6788, 4869
0.6796, 4868
0.6802, 4867
0.6807, 4866
0.6812, 4865
0.6821, 4864
0.6829, 4863
0.6835, 4862
0.6841, 4861
0.6848, 4860
0.6855, 4859
0.6862, 4858
0.6868, 4857
0.6876, 4856
0.6884, 4855
0.6890, 4854
0.6901, 4853
0.6906, 4852
0.6912, 4851
0.6918, 4850
0.6927, 4849
0.6934, 4848
0.6941, 4847
0.6946, 4846
0.6951, 4845
0.6958, 4844
0.6964, 4843
0.6969, 4842
0.6973, 4841
0.6981, 4840
0.6987, 4839
0.6997, 4838
0.7004, 4837
0.7010, 4836
0.7015, 4835
0.7020, 4834
0.7027, 4833
0.7032, 4832
0.7038, 4831
0.7047, 4830
0.7052, 4829
0.7058, 4828
0.7065, 4827
0.7074, 4826
0.7082, 4825
0.7087, 4824
0.7094, 4823
0.7099, 4822
0.7105, 4821
0.7111, 4820
0.7116, 4819
0.7122, 4818
0.7127, 4817
0.7133, 4816
0.7138, 4815
0.7143, 4814
0.7152, 4813
0.7161, 4812
0.7167, 4811
0.7173, 4810
0.7182, 4809
0.7187, 4808
0.7192, 4807
0.7197, 4806
0.7202, 4805
0.7210, 4804
0.7219, 4803
0.7224, 4802
0.7230, 4801
0.7237, 4800
0.7243, 4799
0.7248, 4798
0.7253, 4797
0.7259, 4796
0.7266, 4795
0.7272, 4794
0.7279, 4793
0.7284, 4792
0.7291, 4791
0.7296, 4790
0.7304, 4789
0.7310, 4788
0.7316, 4787
0.7321, 4786
0.7327, 4785
0.7332, 4784
0.7337, 4783
0.7344, 4782
0.7349, 4781
0.7358, 4780
0.7366, 4779
0.7371, 4778
0.7379, 4777
0.7384, 4776
0.7390, 4775
0.7394, 4774
0.7404, 4773
0.7410, 4772
0.7417, 4771
0.7422, 4770
0.7427, 4769
0.7436, 4768
0.7442, 4767
0.7447, 4766
0.7452, 4765
0.7461, 4764
0.7469, 4763
0.7475, 4762
0.7482, 4761
0.7487, 4760
0.7493, 4759
0.7504, 4758
0.7510, 4757
0.7515, 4756
0.7523, 4755
0.7529, 4754
0.7534, 4753
0.7540, 4752
0.7545, 4751
0.7553, 4750
0.7559, 4749
0.7564, 4748
0.7570, 4747
0.7579, 4746
0.7584, 4745
0.7592, 4744
0.7600, 4743
0.7608, 4742
0.7616, 4741
0.7622, 4740
0.7627, 4739
0.7632, 4738
0.7637, 4737
0.7644, 4736
0.7652, 4735
0.7657, 4734
0.7663, 4733
0.7668, 4732
0.7673, 4731
0.7681, 4730
0.7686, 4729
0.7691, 4728
0.7696, 4727
0.7704, 4726
0.7712, 4725
0.7720, 4724
0.7729, 4723
0.7733, 4722
0.7741, 4721
0.7749, 4720
0.7754, 4719
0.7759, 4718
0.7765, 4717
0.7772, 4716
0.7781, 4715
0.7788, 4714
0.7796, 4713
0.7801, 4712
0.7809, 4711
0.7817, 4710
0.7826, 4709
0.7833, 4708
0.7841, 4707
0.7847, 4706
0.7855, 4705
0.7861, 4704
0.7868, 4703
0.7877, 4702
0.7886, 4701
0.7894, 4700
0.7903, 4699
0.7910, 4698
0.7918, 4697
0.7924, 4696
0.7933, 4695
0.7940, 4694
0.7949, 4693
0.7958, 4692
0.7967, 4691
0.7976, 4690
0.9623, 4689
1.2445, 4688
1.2450, 4687
1.3259, 4686
1.6070, 4685
1.6674, 4684
1.7271, 4683
1.8492, 4682
1.9689, 4681
2.1903, 4680
2.2507, 4679
2.3695, 4678
2.4112, 4677
2.6102, 4676
2.9097, 4675
2.9106, 4674
3.0094, 4673
3.2313, 4672
3.2521, 4671
3.2528, 4670
3.4163, 4669
3.4170, 4668
3.5372, 4667
3.6599, 4666
3.6607, 4665
3.6612, 4664
3.7218, 4663
4.2141, 4662
4.2772, 4661
4.7676, 4660
4.8296, 4659
4.9732, 4658
5.0584, 4657
5.1824, 4656
5.4326, 4655
5.9072, 4654
5.9715, 4653
5.9720, 4652
6.5182, 4651
6.6388, 4650
6.7587, 4649
7.5176, 4648
7.5184, 4647
7.6612, 4646
7.9424, 4645
7.9429, 4644
8.0034, 4643
8.0041, 4642
8.0665, 4641
8.4971, 4640
8.6667, 4639
8.7138, 4638
8.9591, 4637
9.0822, 4636
9.5307, 4635
9.5510, 4634
9.6544, 4633
9.9553, 4632
