0.0000, 5900
0.0006, 5899
0.0013, 5898
0.0018, 5897
0.0029, 5896
0.0036, 5895
0.0043, 5894
0.0050, 5893
0.0059, 5892
0.0064, 5891
0.0072, 5890
0.0078, 5889
0.0083, 5888
0.0088, 5887
0.0097, 5886
0.0107, 5885
0.0113, 5884
0.0125, 5883
0.0132, 5882
0.0143, 5881
0.0148, 5880
0.0158, 5879
0.0166, 5878
0.0176, 5877
0.0181, 5876
0.0186, 5875
0.0191, 5874
0.0197, 5873
0.0209, 5872
0.0214, 5871
0.0219, 5870
0.0224, 5869
0.0231, 5868
0.0236, 5867
0.0241, 5866
0.0246, 5865
0.0255, 5864
0.0262, 5863
0.0268, 5862
0.0273, 5861
0.0279, 5860
0.0285, 5859
0.0290, 5858
0.0296, 5857
0.0301, 5856
0.0308, 5855
0.0313, 5854
0.0318, 5853
0.0323, 5852
0.0333, 5851
0.0342, 5850
0.0348, 5849
0.0353, 5848
0.0359, 5847
0.0365, 5846
0.0370, 5845
0.0378, 5844
0.0383, 5843
0.0388, 5842
0.0393, 5841
0.0400, 5840
0.0407, 5839
0.0413, 5838
0.0418, 5837
0.0424, 5836
0.0430, 5835
0.0437, 5834
0.0442, 5833
0.0449, 5832
0.0454, 5831
0.0459, 5830
0.0467, 5829
0.0472, 5828
0.0478, 5827
0.0483, 5826
0.0492, 5825
0.0497, 5824
0.0503, 5823
0.0511, 5822
0.0516, 5821
0.0522, 5820
0.0527, 5819
0.0532, 5818
0.0537, 5817
0.0546, 5816
0.0551, 5815
0.0562, 5814
0.0571, 5813
0.0578, 5812
0.0585, 5811
0.0594, 5810
0.0601, 5809
0.0607, 5808
0.0614, 5807
0.0619, 5806
0.0628, 5805
0.0633, 5804
0.0638, 5803
0.0643, 5802
0.0649, 5801
0.0654, 5800
0.0663, 5799
0.0668, 5798
0.0674, 5797
0.0680, 5796
0.0686, 5795
0.0691, 5794
0.0698, 5793
0.0704, 5792
0.0709, 5791
0.0715, 5790
0.0720, 5789
0.0725, 5788
0.0731, 5787
0.0736, 5786
0.0749, 5785
0.0759, 5784
0.0767, 5783
0.0772, 5782
0.0777, 5781
0.0783, 5780
0.0789, 5779
0.0797, 5778
0.0804, 5777
0.0811, 5776
0.0818, 5775
0.0824, 5774
0.0831, 5773
0.0842, 5772
0.0848, 5771
0.0859, 5770
0.0865, 5769
0.0871, 5768
0.0878, 5767
0.0883, 5766
0.0890, 5765
0.0898, 5764
0.0903, 5763
0.0909, 5762
0.0914, 5761
0.0920, 5760
0.0930, 5759
0.0935, 5758
0.0941, 5757
0.0946, 5756
0.0951, 5755
0.0957, 5754
0.0965, 5753
0.0972, 5752
0.0978, 5751
0.0984, 5750
0.0989, 5749
0.0997, 5748
0.1002, 5747
0.1008, 5746
0.1017, 5745
0.1028, 5744
0.1033, 5743
0.1039, 5742
0.1044, 5741
0.1054, 5740
0.1060, 5739
0.1065, 5738
0.1071, 5737
0.1077, 5736
0.1082, 5735
0.1087, 5734
0.1093, 5733
0.1099, 5732
0.1104, 5731
0.1110, 5730
0.1116, 5729
0.1121, 5728
0.1127, 5727
0.1132, 5726
0.1138, 5725
0.1146, 5724
0.1152, 5723
0.1163, 5722
0.1169, 5721
0.1175, 5720
0.1182, 5719
0.1190, 5718
0.1200, 5717
0.1208, 5716
0.1217, 5715
0.1227, 5714
0.1233, 5713
0.1239, 5712
0.1245, 5711
0.1250, 5710
0.1256, 5709
0.1264, 5708
0.1272, 5707
0.1278, 5706
0.1284, 5705
0.1289, 5704
0.1294, 5703
0.1300, 5702
0.1306, 5701
0.1313, 5700
0.1323, 5699
0.1328, 5698
0.1333, 5697
0.1339, 5696
0.1349, 5695
0.1357, 5694
0.1363, 5693
0.1369, 5692
0.1374, 5691
0.1379, 5690
0.1385, 5689
0.1391, 5688
0.1397, 5687
0.1402, 5686
0.1412, 5685
0.1417, 5684
0.1423, 5683
0.1429, 5682
0.1435, 5681
0.1441, 5680
0.1447, 5679
0.1453, 5678
0.1459, 5677
0.1465, 5676
0.1470, 5675
0.1476, 5674
0.1481, 5673
0.1487, 5672
0.1493, 5671
0.1498, 5670
0.1504, 5669
0.1510, 5668
0.1516, 5667
0.1522, 5666
0.1528, 5665
0.1533, 5664
0.1539, 5663
0.1545, 5662
0.1555, 5661
0.1561, 5660
0.1570, 5659
0.1576, 5658
0.1587, 5657
0.1597, 5656
0.1606, 5655
0.1613, 5654
0.1621, 5653
0.1627, 5652
0.1633, 5651
0.1639, 5650
0.1645, 5649
0.1650, 5648
0.1658, 5647
0.1663, 5646
0.1669, 5645
0.1676, 5644
0.1682, 5643
0.1688, 5642
0.1693, 5641
0.1700, 5640
0.1708, 5639
0.1717, 5638
0.1722, 5637
0.1728, 5636
0.1735, 5635
0.1745, 5634
0.1751, 5633
0.1762, 5632
0.1770, 5631
0.1776, 5630
0.1785, 5629
0.1794, 5628
0.1800, 5627
0.1811, 5626
0.1819, 5625
0.1826, 5624
0.1835, 5623
0.1840, 5622
0.1846, 5621
0.1853, 5620
0.1860, 5619
0.1869, 5618
0.1875, 5617
0.1881, 5616
0.1887, 5615
0.1894, 5614
0.1903, 5613
0.1909, 5612
0.1914, 5611
0.1921, 5610
0.1929, 5609
0.1935, 5608
0.1941, 5607
0.1947, 5606
0.1952, 5605
0.1958, 5604
0.1964, 5603
0.1969, 5602
0.1975, 5601
0.1980, 5600
0.1985, 5599
0.1991, 5598
0.1996, 5597
0.2001, 5596
0.2007, 5595
0.2016, 5594
0.2022, 5593
0.2031, 5592
0.2037, 5591
0.2045, 5590
0.2054, 5589
0.2062, 5588
0.2069, 5587
0.2075, 5586
0.2081, 5585
0.2088, 5584
0.2098, 5583
0.2104, 5582
0.2111, 5581
0.2116, 5580
0.2123, 5579
0.2129, 5578
0.2136, 5577
0.2146, 5576
0.2152, 5575
0.2158, 5574
0.2165, 5573
0.2171, 5572
0.2176, 5571
0.2183, 5570
0.2192, 5569
0.2198, 5568
0.2207, 5567
0.2212, 5566
0.2218, 5565
0.2224, 5564
0.2231, 5563
0.2242, 5562
0.2249, 5561
0.2255, 5560
0.2260, 5559
0.2266, 5558
0.2271, 5557
0.2281, 5556
0.2287, 5555
0.2293, 5554
0.2299, 5553
0.2308, 5552
0.2314, 5551
0.2320, 5550
0.2326, 5549
0.2332, 5548
0.2339, 5547
0.2346, 5546
0.2352, 5545
0.2357, 5544
0.2363, 5543
0.2368, 5542
0.2375, 5541
0.2381, 5540
0.2387, 5539
0.2392, 5538
0.2398, 5537
0.2404, 5536
0.2410, 5535
0.2417, 5534
0.2425, 5533
0.2431, 5532
0.2437, 5531
0.2443, 5530
0.2450, 5529
0.2456, 5528
0.2462, 5527
0.2467, 5526
0.2475, 5525
0.2481, 5524
0.2488, 5523
0.2497, 5522
0.2507, 5521
0.2516, 5520
0.2523, 5519
0.2529, 5518
0.2535, 5517
0.2541, 5516
0.2547, 5515
0.2555, 5514
0.2561, 5513
0.2567, 5512
0.2572, 5511
0.2578, 5510
0.2583, 5509
0.2589, 5508
0.2595, 5507
0.2603, 5506
0.2608, 5505
0.2613, 5504
0.2619, 5503
0.2628, 5502
0.2634, 5501
0.2640, 5500
0.2646, 5499
0.2655, 5498
0.2662, 5497
0.2668, 5496
0.2674, 5495
0.2681, 5494
0.2688, 5493
0.2694, 5492
0.2700, 5491
0.2710, 5490
0.2718, 5489
0.2724, 5488
0.2730, 5487
0.2736, 5486
0.2741, 5485
0.2751, 5484
0.2757, 5483
0.2762, 5482
0.2772, 5481
0.2778, 5480
0.2783, 5479
0.2789, 5478
0.2795, 5477
0.2801, 5476
0.2807, 5475
0.2813, 5474
0.2820, 5473
0.2827, 5472
0.2833, 5471
0.2839, 5470
0.2845, 5469
0.2851, 5468
0.2856, 5467
0.2862, 5466
0.2872, 5465
0.2878, 5464
0.2883, 5463
0.2888, 5462
0.2895, 5461
0.2900, 5460
0.2907, 5459
0.2913, 5458
0.2918, 5457
0.2924, 5456
0.2933, 5455
0.2940, 5454
0.2945, 5453
0.2952, 5452
0.2957, 5451
0.2965, 5450
0.2970, 5449
0.2977, 5448
0.2983, 5447
0.2989, 5446
0.2994, 5445
0.3000, 5444
0.3011, 5443
0.3017, 5442
0.3023, 5441
0.3029, 5440
0.3035, 5439
0.3042, 5438
0.3051, 5437
0.3059, 5436
0.3065, 5435
0.3071, 5434
0.3078, 5433
0.3084, 5432
0.3094, 5431
0.3100, 5430
0.3105, 5429
0.3112, 5428
0.3117, 5427
0.3124, 5426
0.3134, 5425
0.3140, 5424
0.3147, 5423
0.3154, 5422
0.3160, 5421
0.3167, 5420
0.3177, 5419
0.3182, 5418
0.3188, 5417
0.3198, 5416
0.3203, 5415
0.3210, 5414
0.3216, 5413
0.3222, 5412
0.3228, 5411
0.3233, 5410
0.3238, 5409
0.3244, 5408
0.3249, 5407
0.3256, 5406
0.3264, 5405
0.3272, 5404
0.3280, 5403
0.3288, 5402
0.3294, 5401
0.3299, 5400
0.3306, 5399
0.3316, 5398
0.3323, 5397
0.3329, 5396
0.3336, 5395
0.3344, 5394
0.3352, 5393
0.3359, 5392
0.3366, 5391
0.3371, 5390
0.3377, 5389
0.3383, 5388
0.3389, 5387
0.3395, 5386
0.3404, 5385
0.3409, 5384
0.3416, 5383
0.3422, 5382
0.3430, 5381
0.3436, 5380
0.3442, 5379
0.3447, 5378
0.3455, 5377
0.3462, 5376
0.3468, 5375
0.3475, 5374
0.3482, 5373
0.3516, 5372
0.3522, 5371
0.3530, 5370
0.3537, 5369
0.3544, 5368
0.3552, 5367
0.3558, 5366
0.3565, 5365
0.3571, 5364
0.3578, 5363
0.3588, 5362
0.3595, 5361
0.3602, 5360
0.3609, 5359
0.3616, 5358
0.3622, 5357
0.3633, 5356
0.3639, 5355
0.3646, 5354
0.3652, 5353
0.3659, 5352
0.3665, 5351
0.3674, 5350
0.3680, 5349
0.3686, 5348
0.3692, 5347
0.3699, 5346
0.3707, 5345
0.3716, 5344
0.3721, 5343
0.3728, 5342
0.3735, 5341
0.3740, 5340
0.3746, 5339
0.3752, 5338
0.3758, 5337
0.3764, 5336
0.3770, 5335
0.3776, 5334
0.3783, 5333
0.3792, 5332
0.3802, 5331
0.3807, 5330
0.3813, 5329
0.3819, 5328
0.3825, 5327
0.3832, 5326
0.3838, 5325
0.3843, 5324
0.3850, 5323
0.3861, 5322
0.3870, 5321
0.3880, 5320
0.3888, 5319
0.3893, 5318
0.3900, 5317
0.3905, 5316
0.3913, 5315
0.3921, 5314
0.3928, 5313
0.3934, 5312
0.3942, 5311
0.3949, 5310
0.3955, 5309
0.3962, 5308
0.3971, 5307
0.3978, 5306
0.3984, 5305
0.3990, 5304
0.3996, 5303
0.4002, 5302
0.4008, 5301
0.4014, 5300
0.4021, 5299
0.4026, 5298
0.4033, 5297
0.4038, 5296
0.4046, 5295
0.4053, 5294
0.4059, 5293
0.4065, 5292
0.4073, 5291
0.4080, 5290
0.4087, 5289
0.4096, 5288
0.4102, 5287
0.4107, 5286
0.4114, 5285
0.4120, 5284
0.4127, 5283
0.4133, 5282
0.4139, 5281
0.4145, 5280
0.4151, 5279
0.4156, 5278
0.4162, 5277
0.4168, 5276
0.4175, 5275
0.4182, 5274
0.4191, 5273
0.4196, 5272
0.4202, 5271
0.4207, 5270
0.4214, 5269
0.4221, 5268
0.4226, 5267
0.4231, 5266
0.4238, 5265
0.4245, 5264
0.4251, 5263
0.4258, 5262
0.4264, 5261
0.4269, 5260
0.4277, 5259
0.4283, 5258
0.4289, 5257
0.4295, 5256
0.4303, 5255
0.4309, 5254
0.4319, 5253
0.4327, 5252
0.4334, 5251
0.4344, 5250
0.4350, 5249
0.4356, 5248
0.4363, 5247
0.4370, 5246
0.4376, 5245
0.4382, 5244
0.4389, 5243
0.4395, 5242
0.4401, 5241
0.4408, 5240
0.4413, 5239
0.4419, 5238
0.4425, 5237
0.4434, 5236
0.4440, 5235
0.4446, 5234
0.4452, 5233
0.4458, 5232
0.4466, 5231
0.4472, 5230
0.4477, 5229
0.4483, 5228
0.4490, 5227
0.4498, 5226
0.4503, 5225
0.4509, 5224
0.4519, 5223
0.4527, 5222
0.4534, 5221
0.4542, 5220
0.4549, 5219
0.4554, 5218
0.4560, 5217
0.4566, 5216
0.4573, 5215
0.4581, 5214
0.4586, 5213
0.4594, 5212
0.4601, 5211
0.4609, 5210
0.4617, 5209
0.4623, 5208
0.4630, 5207
0.4638, 5206
0.4646, 5205
0.4653, 5204
0.4662, 5203
0.4668, 5202
0.4675, 5201
0.4682, 5200
0.4690, 5199
0.4697, 5198
0.4704, 5197
0.4710, 5196
0.4716, 5195
0.4725, 5194
0.4730, 5193
0.4736, 5192
0.4742, 5191
0.4748, 5190
0.4755, 5189
0.4760, 5188
0.4766, 5187
0.4772, 5186
0.4778, 5185
0.4784, 5184
0.4790, 5183
0.4798, 5182
0.4805, 5181
0.4813, 5180
0.4822, 5179
0.4828, 5178
0.4837, 5177
0.4843, 5176
0.4849, 5175
0.4858, 5174
0.4865, 5173
0.4873, 5172
0.4878, 5171
0.4885, 5170
0.4890, 5169
0.4898, 5168
0.4904, 5167
0.4909, 5166
0.4916, 5165
0.4925, 5164
0.4931, 5163
0.4938, 5162
0.4945, 5161
0.4955, 5160
0.4962, 5159
0.4970, 5158
0.4976, 5157
0.4982, 5156
0.4988, 5155
0.4994, 5154
0.5001, 5153
0.5010, 5152
0.5017, 5151
0.5023, 5150
0.5030, 5149
0.5036, 5148
0.5043, 5147
0.5048, 5146
0.5053, 5145
0.5059, 5144
0.5066, 5143
0.5072, 5142
0.5077, 5141
0.5083, 5140
0.5089, 5139
0.5095, 5138
0.5102, 5137
0.5110, 5136
0.5116, 5135
0.5124, 5134
0.5130, 5133
0.5135, 5132
0.5141, 5131
0.5148, 5130
0.5155, 5129
0.5162, 5128
0.5168, 5127
0.5175, 5126
0.5183, 5125
0.5189, 5124
0.5194, 5123
0.5200, 5122
0.5205, 5121
0.5213, 5120
0.5218, 5119
0.5224, 5118
0.5229, 5117
0.5234, 5116
0.5239, 5115
0.5245, 5114
0.5254, 5113
0.5261, 5112
0.5268, 5111
0.5276, 5110
0.5282, 5109
0.5287, 5108
0.5292, 5107
0.5298, 5106
0.5305, 5105
0.5310, 5104
0.5317, 5103
0.5325, 5102
0.5331, 5101
0.5340, 5100
0.5346, 5099
0.5353, 5098
0.5362, 5097
0.5367, 5096
0.5375, 5095
0.5381, 5094
0.5386, 5093
0.5393, 5092
0.5399, 5091
0.5406, 5090
0.5411, 5089
0.5419, 5088
0.5426, 5087
0.5436, 5086
0.5442, 5085
0.5448, 5084
0.5454, 5083
0.5461, 5082
0.5468, 5081
0.5473, 5080
0.5480, 5079
0.5486, 5078
0.5491, 5077
0.5498, 5076
0.5503, 5075
0.5511, 5074
0.5518, 5073
0.5525, 5072
0.5531, 5071
0.5536, 5070
0.5541, 5069
0.5549, 5068
0.5558, 5067
0.5565, 5066
0.5572, 5065
0.5579, 5064
0.5589, 5063
0.5595, 5062
0.5603, 5061
0.5608, 5060
0.5616, 5059
0.5622, 5058
0.5627, 5057
0.5633, 5056
0.5639, 5055
0.5646, 5054
0.5653, 5053
0.5660, 5052
0.5666, 5051
0.5671, 5050
0.5677, 5049
0.5684, 5048
0.5691, 5047
0.5698, 5046
0.5708, 5045
0.5714, 5044
0.5720, 5043
0.5726, 5042
0.5731, 5041
0.5740, 5040
0.5745, 5039
0.5752, 5038
0.5760, 5037
0.5766, 5036
0.5770, 5035
0.5778, 5034
0.5785, 5033
0.5792, 5032
0.5798, 5031
0.5808, 5030
0.5814, 5029
0.5823, 5028
0.5828, 5027
0.5835, 5026
0.5841, 5025
0.5847, 5024
0.5853, 5023
0.5859, 5022
0.5865, 5021
0.5872, 5020
0.5882, 5019
0.5891, 5018
0.5897, 5017
0.5902, 5016
0.5908, 5015
0.5917, 5014
0.5924, 5013
0.5931, 5012
0.5939, 5011
0.5945, 5010
0.5952, 5009
0.5958, 5008
0.5964, 5007
0.5970, 5006
0.5979, 5005
0.5984, 5004
0.5992, 5003
0.5998, 5002
0.6003, 5001
0.6013, 5000
0.6019, 4999
0.6027, 4998
0.6034, 4997
0.6039, 4996
0.6046, 4995
0.6051, 4994
0.6058, 4993
0.6065, 4992
0.6071, 4991
0.6078, 4990
0.6086, 4989
0.6095, 4988
0.6103, 4987
0.6109, 4986
0.6116, 4985
0.6122, 4984
0.6130, 4983
0.6136, 4982
0.6143, 4981
0.6151, 4980
0.6160, 4979
0.6165, 4978
0.6171, 4977
0.6177, 4976
0.6187, 4975
0.6196, 4974
0.6202, 4973
0.6208, 4972
0.6215, 4971
0.6221, 4970
0.6227, 4969
0.6234, 4968
0.6241, 4967
0.6248, 4966
0.6255, 4965
0.6261, 4964
0.6266, 4963
0.6271, 4962
0.6279, 4961
0.6286, 4960
0.6292, 4959
0.6297, 4958
0.6302, 4957
0.6308, 4956
0.6317, 4955
0.6322, 4954
0.6327, 4953
0.6334, 4952
0.6341, 4951
0.6351, 4950
0.6359, 4949
0.6370, 4948
0.6376, 4947
0.6382, 4946
0.6391, 4945
0.6396, 4944
0.6402, 4943
0.6407, 4942
0.6412, 4941
0.6418, 4940
0.6423, 4939
0.6430, 4938
0.6435, 4937
0.6441, 4936
0.6448, 4935
0.6457, 4934
0.6466, 4933
0.6471, 4932
0.6477, 4931
0.6483, 4930
0.6490, 4929
0.6497, 4928
0.6502, 4927
0.6509, 4926
0.6516, 4925
0.6522, 4924
0.6529, 4923
0.6537, 4922
0.6543, 4921
0.6549, 4920
0.6556, 4919
0.6565, 4918
0.6574, 4917
0.6580, 4916
0.6589, 4915
0.6594, 4914
0.6600, 4913
0.6605, 4912
0.6610, 4911
0.6616, 4910
0.6622, 4909
0.6631, 4908
0.6637, 4907
0.6642, 4906
0.6648, 4905
0.6654, 4904
0.6659, 4903
0.6665, 4902
0.6672, 4901
0.6677, 4900
0.6687, 4899
0.6694, 4898
0.6699, 4897
0.6704, 4896
0.6710, 4895
0.6716, 4894
0.6723, 4893
0.6728, 4892
0.6736, 4891
0.6744, 4890
0.6751, 4889
0.6756, 4888
0.6762, 4887
0.6767, 4886
0.6773, 4885
0.6778, 4884
0.6784, 4883
0.6790, 4882
0.6797, 4881
0.6803, 4880
0.6809, 4879
0.6818, 4878
0.6823, 4877
0.6828, 4876
0.6836, 4875
0.6841, 4874
0.6847, 4873
0.6852, 4872
0.6860, 4871
0.6867, 4870
0.6875, 4869
0.6883, 4868
0.6889, 4867
0.6894, 4866
0.6899, 4865
0.6909, 4864
0.6917, 4863
0.6923, 4862
0.6929, 4861
0.6936, 4860
0.6943, 4859
0.6951, 4858
0.6956, 4857
0.6964, 4856
0.6972, 4855
0.6978, 4854
0.6989, 4853
0.6994, 4852
0.7000, 4851
0.7006, 4850
0.7014, 4849
0.7021, 4848
0.7028, 4847
0.7033, 4846
0.7038, 4845
0.7046, 4844
0.7051, 4843
0.7056, 4842
0.7061, 4841
0.7069, 4840
0.7076, 4839
0.7085, 4838
0.7092, 4837
0.7099, 4836
0.7104, 4835
0.7110, 4834
0.7116, 4833
0.7123, 4832
0.7128, 4831
0.7138, 4830
0.7143, 4829
0.7149, 4828
0.7155, 4827
0.7165, 4826
0.7173, 4825
0.7178, 4824
0.7185, 4823
0.7190, 4822
0.7196, 4821
0.7202, 4820
0.7207, 4819
0.7213, 4818
0.7219, 4817
0.7224, 4816
0.7229, 4815
0.7234, 4814
0.7243, 4813
0.7252, 4812
0.7258, 4811
0.7263, 4810
0.7272, 4809
0.7277, 4808
0.7282, 4807
0.7287, 4806
0.7292, 4805
0.7300, 4804
0.7309, 4803
0.7314, 4802
0.7319, 4801
0.7327, 4800
0.7333, 4799
0.7339, 4798
0.7344, 4797
0.7350, 4796
0.7357, 4795
0.7364, 4794
0.7371, 4793
0.7376, 4792
0.7384, 4791
0.7389, 4790
0.7397, 4789
0.7403, 4788
0.7409, 4787
0.7415, 4786
0.7421, 4785
0.7426, 4784
0.7432, 4783
0.7439, 4782
0.7445, 4781
0.7453, 4780
0.7462, 4779
0.7467, 4778
0.7475, 4777
0.7481, 4776
0.7486, 4775
0.7491, 4774
0.7501, 4773
0.7506, 4772
0.7513, 4771
0.7518, 4770
0.7524, 4769
0.7533, 4768
0.7539, 4767
0.7543, 4766
0.7549, 4765
0.7558, 4764
0.7566, 4763
0.7572, 4762
0.7578, 4761
0.7583, 4760
0.7589, 4759
0.7600, 4758
0.7606, 4757
0.7611, 4756
0.7620, 4755
0.7625, 4754
0.7630, 4753
0.7635, 4752
0.7640, 4751
0.7648, 4750
0.7654, 4749
0.7659, 4748
0.7665, 4747
0.7674, 4746
0.7679, 4745
0.7688, 4744
0.7695, 4743
0.7704, 4742
0.7712, 4741
0.7718, 4740
0.7723, 4739
0.7729, 4738
0.7734, 4737
0.7741, 4736
0.7749, 4735
0.7754, 4734
0.7761, 4733
0.7766, 4732
0.7771, 4731
0.7780, 4730
0.7785, 4729
0.7790, 4728
0.7796, 4727
0.7804, 4726
0.7812, 4725
0.7820, 4724
0.7829, 4723
0.7833, 4722
0.7841, 4721
0.7849, 4720
0.7854, 4719
0.7859, 4718
0.7864, 4717
0.7872, 4716
0.7880, 4715
0.7887, 4714
0.7895, 4713
0.7900, 4712
0.7908, 4711
0.7915, 4710
0.7925, 4709
0.7931, 4708
0.7939, 4707
0.7945, 4706
0.7953, 4705
0.7960, 4704
0.7967, 4703
0.7976, 4702
0.7985, 4701
0.7992, 4700
0.8001, 4699
0.8009, 4698
0.8016, 4697
0.8023, 4696
0.8032, 4695
0.8040, 4694
0.8049, 4693
0.8058, 4692
0.8067, 4691
0.8076, 4690
0.9757, 4689
1.2555, 4688
1.2561, 4687
1.3768, 4686
1.6644, 4685
1.7254, 4684
1.7653, 4683
1.8638, 4682
2.0461, 4681
2.2075, 4680
2.2681, 4679
2.4286, 4678
2.4693, 4677
2.6314, 4676
2.9345, 4675
2.9354, 4674
3.0369, 4673
3.2389, 4672
3.2396, 4671
3.3202, 4670
3.4234, 4669
3.5233, 4668
3.5829, 4667
3.6634, 4666
3.7440, 4665
3.7446, 4664
3.7453, 4663
4.1888, 4662
4.2886, 4661
4.7514, 4660
4.7922, 4659
4.9167, 4658
4.9966, 4657
5.1584, 4656
5.4005, 4655
5.8594, 4654
5.8602, 4653
5.8607, 4652
6.4476, 4651
6.5884, 4650
6.7496, 4649
7.3502, 4648
7.4305, 4647
7.5720, 4646
7.8339, 4645
7.9134, 4644
7.9140, 4643
7.9146, 4642
8.0386, 4641
8.4181, 4640
8.5574, 4639
8.6397, 4638
8.8331, 4637
8.9389, 4636
9.3199, 4635
9.4007, 4634
9.4611, 4633
9.7597, 4632
9.9980, 4631
