0.0000, 5900
0.0006, 5899
0.0013, 5898
0.0018, 5897
0.0028, 5896
0.0036, 5895
0.0043, 5894
0.0049, 5893
0.0058, 5892
0.0063, 5891
0.0071, 5890
0.0076, 5889
0.0082, 5888
0.0087, 5887
0.0097, 5886
0.0106, 5885
0.0112, 5884
0.0125, 5883
0.0131, 5882
0.0143, 5881
0.0148, 5880
0.0158, 5879
0.0166, 5878
0.0176, 5877
0.0181, 5876
0.0187, 5875
0.0192, 5874
0.0198, 5873
0.0209, 5872
0.0214, 5871
0.0219, 5870
0.0224, 5869
0.0231, 5868
0.0236, 5867
0.0241, 5866
0.0246, 5865
0.0255, 5864
0.0263, 5863
0.0269, 5862
0.0274, 5861
0.0280, 5860
0.0286, 5859
0.0291, 5858
0.0296, 5857
0.0302, 5856
0.0309, 5855
0.0314, 5854
0.0319, 5853
0.0324, 5852
0.0334, 5851
0.0344, 5850
0.0350, 5849
0.0355, 5848
0.0362, 5847
0.0367, 5846
0.0373, 5845
0.0380, 5844
0.0386, 5843
0.0391, 5842
0.0396, 5841
0.0403, 5840
0.0410, 5839
0.0415, 5838
0.0421, 5837
0.0427, 5836
0.0433, 5835
0.0440, 5834
0.0445, 5833
0.0452, 5832
0.0457, 5831
0.0463, 5830
0.0471, 5829
0.0477, 5828
0.0482, 5827
0.0488, 5826
0.0497, 5825
0.0503, 5824
0.0508, 5823
0.0516, 5822
0.0522, 5821
0.0527, 5820
0.0532, 5819
0.0537, 5818
0.0543, 5817
0.0551, 5816
0.0557, 5815
0.0567, 5814
0.0576, 5813
0.0583, 5812
0.0589, 5811
0.0599, 5810
0.0605, 5809
0.0611, 5808
0.0618, 5807
0.0623, 5806
0.0632, 5805
0.0637, 5804
0.0643, 5803
0.0648, 5802
0.0654, 5801
0.0659, 5800
0.0669, 5799
0.0674, 5798
0.0680, 5797
0.0686, 5796
0.0692, 5795
0.0698, 5794
0.0705, 5793
0.0710, 5792
0.0715, 5791
0.0721, 5790
0.0726, 5789
0.0732, 5788
0.0738, 5787
0.0743, 5786
0.0757, 5785
0.0767, 5784
0.0776, 5783
0.0782, 5782
0.0787, 5781
0.0792, 5780
0.0799, 5779
0.0808, 5778
0.0814, 5777
0.0822, 5776
0.0829, 5775
0.0835, 5774
0.0842, 5773
0.0853, 5772
0.0859, 5771
0.0870, 5770
0.0876, 5769
0.0882, 5768
0.0889, 5767
0.0895, 5766
0.0901, 5765
0.0909, 5764
0.0915, 5763
0.0920, 5762
0.0926, 5761
0.0931, 5760
0.0940, 5759
0.0946, 5758
0.0951, 5757
0.0956, 5756
0.0961, 5755
0.0966, 5754
0.0975, 5753
0.0981, 5752
0.0987, 5751
0.0992, 5750
0.0997, 5749
0.1006, 5748
0.1011, 5747
0.1016, 5746
0.1025, 5745
0.1036, 5744
0.1042, 5743
0.1047, 5742
0.1053, 5741
0.1063, 5740
0.1069, 5739
0.1074, 5738
0.1080, 5737
0.1086, 5736
0.1091, 5735
0.1097, 5734
0.1102, 5733
0.1108, 5732
0.1113, 5731
0.1119, 5730
0.1125, 5729
0.1130, 5728
0.1136, 5727
0.1141, 5726
0.1147, 5725
0.1155, 5724
0.1161, 5723
0.1172, 5722
0.1178, 5721
0.1184, 5720
0.1191, 5719
0.1198, 5718
0.1208, 5717
0.1216, 5716
0.1225, 5715
0.1235, 5714
0.1241, 5713
0.1247, 5712
0.1253, 5711
0.1258, 5710
0.1264, 5709
0.1272, 5708
0.1279, 5707
0.1286, 5706
0.1291, 5705
0.1296, 5704
0.1301, 5703
0.1307, 5702
0.1313, 5701
0.1319, 5700
0.1329, 5699
0.1334, 5698
0.1339, 5697
0.1345, 5696
0.1356, 5695
0.1363, 5694
0.1369, 5693
0.1375, 5692
0.1381, 5691
0.1386, 5690
0.1391, 5689
0.1398, 5688
0.1404, 5687
0.1410, 5686
0.1419, 5685
0.1425, 5684
0.1431, 5683
0.1438, 5682
0.1444, 5681
0.1450, 5680
0.1457, 5679
0.1462, 5678
0.1469, 5677
0.1475, 5676
0.1480, 5675
0.1486, 5674
0.1491, 5673
0.1497, 5672
0.1503, 5671
0.1508, 5670
0.1515, 5669
0.1520, 5668
0.1526, 5667
0.1532, 5666
0.1537, 5665
0.1543, 5664
0.1549, 5663
0.1555, 5662
0.1564, 5661
0.1570, 5660
0.1579, 5659
0.1585, 5658
0.1596, 5657
0.1606, 5656
0.1616, 5655
0.1623, 5654
0.1630, 5653
0.1637, 5652
0.1643, 5651
0.1648, 5650
0.1654, 5649
0.1659, 5648
0.1667, 5647
0.1673, 5646
0.1679, 5645
0.1686, 5644
0.1692, 5643
0.1698, 5642
0.1704, 5641
0.1712, 5640
0.1719, 5639
0.1728, 5638
0.1734, 5637
0.1740, 5636
0.1747, 5635
0.1758, 5634
0.1764, 5633
0.1774, 5632
0.1783, 5631
0.1789, 5630
0.1799, 5629
0.1807, 5628
0.1813, 5627
0.1824, 5626
0.1832, 5625
0.1839, 5624
0.1848, 5623
0.1853, 5622
0.1859, 5621
0.1866, 5620
0.1873, 5619
0.1882, 5618
0.1888, 5617
0.1894, 5616
0.1899, 5615
0.1906, 5614
0.1915, 5613
0.1921, 5612
0.1926, 5611
0.1932, 5610
0.1940, 5609
0.1946, 5608
0.1952, 5607
0.1957, 5606
0.1963, 5605
0.1969, 5604
0.1975, 5603
0.1981, 5602
0.1987, 5601
0.1993, 5600
0.1998, 5599
0.2004, 5598
0.2009, 5597
0.2014, 5596
0.2021, 5595
0.2030, 5594
0.2036, 5593
0.2045, 5592
0.2052, 5591
0.2059, 5590
0.2068, 5589
0.2077, 5588
0.2083, 5587
0.2090, 5586
0.2095, 5585
0.2103, 5584
0.2113, 5583
0.2119, 5582
0.2126, 5581
0.2132, 5580
0.2138, 5579
0.2145, 5578
0.2152, 5577
0.2162, 5576
0.2168, 5575
0.2174, 5574
0.2181, 5573
0.2188, 5572
0.2194, 5571
0.2201, 5570
0.2210, 5569
0.2216, 5568
0.2225, 5567
0.2231, 5566
0.2236, 5565
0.2243, 5564
0.2249, 5563
0.2261, 5562
0.2267, 5561
0.2273, 5560
0.2279, 5559
0.2284, 5558
0.2290, 5557
0.2300, 5556
0.2305, 5555
0.2311, 5554
0.2317, 5553
0.2326, 5552
0.2332, 5551
0.2338, 5550
0.2344, 5549
0.2351, 5548
0.2357, 5547
0.2363, 5546
0.2370, 5545
0.2375, 5544
0.2381, 5543
0.2386, 5542
0.2393, 5541
0.2399, 5540
0.2405, 5539
0.2410, 5538
0.2416, 5537
0.2422, 5536
0.2428, 5535
0.2435, 5534
0.2444, 5533
0.2450, 5532
0.2456, 5531
0.2462, 5530
0.2468, 5529
0.2474, 5528
0.2480, 5527
0.2485, 5526
0.2493, 5525
0.2500, 5524
0.2507, 5523
0.2516, 5522
0.2526, 5521
0.2535, 5520
0.2542, 5519
0.2548, 5518
0.2554, 5517
0.2561, 5516
0.2566, 5515
0.2574, 5514
0.2580, 5513
0.2586, 5512
0.2592, 5511
0.2597, 5510
0.2603, 5509
0.2609, 5508
0.2615, 5507
0.2622, 5506
0.2627, 5505
0.2633, 5504
0.2639, 5503
0.2648, 5502
0.2653, 5501
0.2659, 5500
0.2665, 5499
0.2674, 5498
0.2681, 5497
0.2689, 5496
0.2694, 5495
0.2701, 5494
0.2708, 5493
0.2714, 5492
0.2719, 5491
0.2729, 5490
0.2737, 5489
0.2743, 5488
0.2749, 5487
0.2754, 5486
0.2759, 5485
0.2769, 5484
0.2775, 5483
0.2780, 5482
0.2790, 5481
0.2796, 5480
0.2801, 5479
0.2806, 5478
0.2812, 5477
0.2818, 5476
0.2824, 5475
0.2830, 5474
0.2837, 5473
0.2844, 5472
0.2850, 5471
0.2856, 5470
0.2862, 5469
0.2868, 5468
0.2873, 5467
0.2879, 5466
0.2889, 5465
0.2895, 5464
0.2900, 5463
0.2906, 5462
0.2912, 5461
0.2917, 5460
0.2924, 5459
0.2930, 5458
0.2936, 5457
0.2942, 5456
0.2950, 5455
0.2957, 5454
0.2962, 5453
0.2969, 5452
0.2974, 5451
0.2982, 5450
0.2987, 5449
0.2994, 5448
0.3000, 5447
0.3006, 5446
0.3012, 5445
0.3017, 5444
0.3028, 5443
0.3034, 5442
0.3040, 5441
0.3045, 5440
0.3051, 5439
0.3058, 5438
0.3067, 5437
0.3074, 5436
0.3080, 5435
0.3087, 5434
0.3092, 5433
0.3099, 5432
0.3109, 5431
0.3114, 5430
0.3120, 5429
0.3126, 5428
0.3131, 5427
0.3138, 5426
0.3147, 5425
0.3153, 5424
0.3160, 5423
0.3167, 5422
0.3174, 5421
0.3181, 5420
0.3190, 5419
0.3196, 5418
0.3201, 5417
0.3211, 5416
0.3217, 5415
0.3224, 5414
0.3229, 5413
0.3235, 5412
0.3241, 5411
0.3246, 5410
0.3252, 5409
0.3257, 5408
0.3263, 5407
0.3270, 5406
0.3278, 5405
0.3286, 5404
0.3293, 5403
0.3301, 5402
0.3307, 5401
0.3312, 5400
0.3320, 5399
0.3329, 5398
0.3336, 5397
0.3342, 5396
0.3349, 5395
0.3358, 5394
0.3366, 5393
0.3372, 5392
0.3380, 5391
0.3385, 5390
0.3391, 5389
0.3397, 5388
0.3403, 5387
0.3409, 5386
0.3417, 5385
0.3423, 5384
0.3430, 5383
0.3436, 5382
0.3444, 5381
0.3450, 5380
0.3455, 5379
0.3461, 5378
0.3469, 5377
0.3475, 5376
0.3481, 5375
0.3488, 5374
0.3495, 5373
0.3501, 5372
0.3506, 5371
0.3513, 5370
0.3520, 5369
0.3527, 5368
0.3534, 5367
0.3540, 5366
0.3548, 5365
0.3554, 5364
0.3562, 5363
0.3572, 5362
0.3578, 5361
0.3586, 5360
0.3593, 5359
0.3600, 5358
0.3606, 5357
0.3617, 5356
0.3623, 5355
0.3630, 5354
0.3636, 5353
0.3643, 5352
0.3649, 5351
0.3658, 5350
0.3664, 5349
0.3670, 5348
0.3676, 5347
0.3682, 5346
0.3691, 5345
0.3699, 5344
0.3705, 5343
0.3712, 5342
0.3718, 5341
0.3724, 5340
0.3730, 5339
0.3735, 5338
0.3741, 5337
0.3747, 5336
0.3754, 5335
0.3760, 5334
0.3767, 5333
0.3776, 5332
0.3787, 5331
0.3793, 5330
0.3799, 5329
0.3804, 5328
0.3811, 5327
0.3817, 5326
0.3824, 5325
0.3829, 5324
0.3836, 5323
0.3846, 5322
0.3855, 5321
0.3864, 5320
0.3872, 5319
0.3878, 5318
0.3884, 5317
0.3889, 5316
0.3897, 5315
0.3904, 5314
0.3911, 5313
0.3917, 5312
0.3925, 5311
0.3932, 5310
0.3937, 5309
0.3944, 5308
0.3953, 5307
0.3960, 5306
0.3966, 5305
0.3972, 5304
0.3978, 5303
0.3984, 5302
0.3990, 5301
0.3996, 5300
0.4002, 5299
0.4008, 5298
0.4014, 5297
0.4019, 5296
0.4027, 5295
0.4034, 5294
0.4039, 5293
0.4045, 5292
0.4053, 5291
0.4060, 5290
0.4067, 5289
0.4076, 5288
0.4082, 5287
0.4088, 5286
0.4095, 5285
0.4100, 5284
0.4108, 5283
0.4113, 5282
0.4119, 5281
0.4124, 5280
0.4130, 5279
0.4136, 5278
0.4142, 5277
0.4148, 5276
0.4156, 5275
0.4162, 5274
0.4171, 5273
0.4177, 5272
0.4182, 5271
0.4188, 5270
0.4195, 5269
0.4202, 5268
0.4207, 5267
0.4212, 5266
0.4218, 5265
0.4226, 5264
0.4232, 5263
0.4239, 5262
0.4245, 5261
0.4250, 5260
0.4258, 5259
0.4264, 5258
0.4270, 5257
0.4277, 5256
0.4284, 5255
0.4291, 5254
0.4300, 5253
0.4308, 5252
0.4315, 5251
0.4326, 5250
0.4331, 5249
0.4337, 5248
0.4344, 5247
0.4351, 5246
0.4358, 5245
0.4364, 5244
0.4371, 5243
0.4377, 5242
0.4382, 5241
0.4389, 5240
0.4395, 5239
0.4401, 5238
0.4407, 5237
0.4416, 5236
0.4422, 5235
0.4428, 5234
0.4434, 5233
0.4440, 5232
0.4447, 5231
0.4453, 5230
0.4459, 5229
0.4465, 5228
0.4472, 5227
0.4480, 5226
0.4486, 5225
0.4491, 5224
0.4501, 5223
0.4510, 5222
0.4517, 5221
0.4525, 5220
0.4533, 5219
0.4539, 5218
0.4545, 5217
0.4552, 5216
0.4559, 5215
0.4566, 5214
0.4571, 5213
0.4579, 5212
0.4586, 5211
0.4594, 5210
0.4602, 5209
0.4608, 5208
0.4615, 5207
0.4623, 5206
0.4631, 5205
0.4637, 5204
0.4645, 5203
0.4652, 5202
0.4658, 5201
0.4665, 5200
0.4672, 5199
0.4679, 5198
0.4686, 5197
0.4693, 5196
0.4699, 5195
0.4707, 5194
0.4713, 5193
0.4718, 5192
0.4724, 5191
0.4730, 5190
0.4738, 5189
0.4743, 5188
0.4748, 5187
0.4754, 5186
0.4761, 5185
0.4767, 5184
0.4773, 5183
0.4782, 5182
0.4789, 5181
0.4797, 5180
0.4806, 5179
0.4812, 5178
0.4821, 5177
0.4828, 5176
0.4835, 5175
0.4844, 5174
0.4851, 5173
0.4858, 5172
0.4864, 5171
0.4870, 5170
0.4875, 5169
0.4884, 5168
0.4890, 5167
0.4895, 5166
0.4902, 5165
0.4910, 5164
0.4916, 5163
0.4923, 5162
0.4929, 5161
0.4939, 5160
0.4947, 5159
0.4954, 5158
0.4961, 5157
0.4967, 5156
0.4972, 5155
0.4979, 5154
0.4986, 5153
0.4994, 5152
0.5001, 5151
0.5007, 5150
0.5013, 5149
0.5020, 5148
0.5026, 5147
0.5031, 5146
0.5036, 5145
0.5041, 5144
0.5049, 5143
0.5055, 5142
0.5060, 5141
0.5065, 5140
0.5072, 5139
0.5078, 5138
0.5085, 5137
0.5093, 5136
0.5100, 5135
0.5107, 5134
0.5113, 5133
0.5119, 5132
0.5125, 5131
0.5132, 5130
0.5139, 5129
0.5146, 5128
0.5152, 5127
0.5160, 5126
0.5168, 5125
0.5174, 5124
0.5179, 5123
0.5185, 5122
0.5190, 5121
0.5198, 5120
0.5203, 5119
0.5208, 5118
0.5214, 5117
0.5219, 5116
0.5224, 5115
0.5230, 5114
0.5239, 5113
0.5246, 5112
0.5253, 5111
0.5261, 5110
0.5267, 5109
0.5272, 5108
0.5277, 5107
0.5283, 5106
0.5290, 5105
0.5295, 5104
0.5302, 5103
0.5310, 5102
0.5316, 5101
0.5325, 5100
0.5331, 5099
0.5339, 5098
0.5347, 5097
0.5352, 5096
0.5359, 5095
0.5365, 5094
0.5370, 5093
0.5377, 5092
0.5383, 5091
0.5390, 5090
0.5396, 5089
0.5403, 5088
0.5411, 5087
0.5420, 5086
0.5426, 5085
0.5432, 5084
0.5438, 5083
0.5446, 5082
0.5452, 5081
0.5458, 5080
0.5465, 5079
0.5471, 5078
0.5477, 5077
0.5484, 5076
0.5489, 5075
0.5497, 5074
0.5504, 5073
0.5511, 5072
0.5517, 5071
0.5522, 5070
0.5527, 5069
0.5535, 5068
0.5544, 5067
0.5551, 5066
0.5558, 5065
0.5566, 5064
0.5576, 5063
0.5582, 5062
0.5589, 5061
0.5594, 5060
0.5602, 5059
0.5608, 5058
0.5613, 5057
0.5619, 5056
0.5625, 5055
0.5632, 5054
0.5638, 5053
0.5645, 5052
0.5651, 5051
0.5656, 5050
0.5662, 5049
0.5669, 5048
0.5676, 5047
0.5683, 5046
0.5694, 5045
0.5700, 5044
0.5706, 5043
0.5712, 5042
0.5718, 5041
0.5727, 5040
0.5732, 5039
0.5739, 5038
0.5747, 5037
0.5752, 5036
0.5757, 5035
0.5765, 5034
0.5772, 5033
0.5778, 5032
0.5785, 5031
0.5794, 5030
0.5800, 5029
0.5809, 5028
0.5814, 5027
0.5821, 5026
0.5828, 5025
0.5834, 5024
0.5841, 5023
0.5846, 5022
0.5853, 5021
0.5860, 5020
0.5870, 5019
0.5879, 5018
0.5884, 5017
0.5889, 5016
0.5895, 5015
0.5904, 5014
0.5911, 5013
0.5918, 5012
0.5926, 5011
0.5933, 5010
0.5940, 5009
0.5946, 5008
0.5952, 5007
0.5958, 5006
0.5967, 5005
0.5973, 5004
0.5981, 5003
0.5987, 5002
0.5993, 5001
0.6003, 5000
0.6009, 4999
0.6018, 4998
0.6024, 4997
0.6029, 4996
0.6036, 4995
0.6041, 4994
0.6048, 4993
0.6055, 4992
0.6061, 4991
0.6069, 4990
0.6076, 4989
0.6086, 4988
0.6093, 4987
0.6099, 4986
0.6106, 4985
0.6113, 4984
0.6120, 4983
0.6126, 4982
0.6133, 4981
0.6141, 4980
0.6150, 4979
0.6156, 4978
0.6162, 4977
0.6169, 4976
0.6178, 4975
0.6188, 4974
0.6193, 4973
0.6199, 4972
0.6206, 4971
0.6213, 4970
0.6218, 4969
0.6226, 4968
0.6233, 4967
0.6239, 4966
0.6247, 4965
0.6252, 4964
0.6257, 4963
0.6263, 4962
0.6270, 4961
0.6277, 4960
0.6283, 4959
0.6288, 4958
0.6293, 4957
0.6299, 4956
0.6307, 4955
0.6312, 4954
0.6318, 4953
0.6324, 4952
0.6331, 4951
0.6340, 4950
0.6348, 4949
0.6359, 4948
0.6365, 4947
0.6372, 4946
0.6380, 4945
0.6385, 4944
0.6391, 4943
0.6397, 4942
0.6402, 4941
0.6408, 4940
0.6413, 4939
0.6420, 4938
0.6425, 4937
0.6432, 4936
0.6438, 4935
0.6448, 4934
0.6456, 4933
0.6462, 4932
0.6468, 4931
0.6474, 4930
0.6481, 4929
0.6488, 4928
0.6493, 4927
0.6501, 4926
0.6508, 4925
0.6514, 4924
0.6520, 4923
0.6528, 4922
0.6534, 4921
0.6540, 4920
0.6546, 4919
0.6555, 4918
0.6564, 4917
0.6569, 4916
0.6577, 4915
0.6582, 4914
0.6588, 4913
0.6593, 4912
0.6598, 4911
0.6603, 4910
0.6609, 4909
0.6618, 4908
0.6623, 4907
0.6628, 4906
0.6634, 4905
0.6639, 4904
0.6645, 4903
0.6650, 4902
0.6657, 4901
0.6662, 4900
0.6672, 4899
0.6679, 4898
0.6685, 4897
0.6691, 4896
0.6696, 4895
0.6703, 4894
0.6709, 4893
0.6714, 4892
0.6722, 4891
0.6730, 4890
0.6737, 4889
0.6742, 4888
0.6748, 4887
0.6753, 4886
0.6759, 4885
0.6764, 4884
0.6770, 4883
0.6776, 4882
0.6782, 4881
0.6788, 4880
0.6794, 4879
0.6802, 4878
0.6808, 4877
0.6813, 4876
0.6821, 4875
0.6826, 4874
0.6832, 4873
0.6838, 4872
0.6846, 4871
0.6853, 4870
0.6861, 4869
0.6869, 4868
0.6874, 4867
0.6879, 4866
0.6884, 4865
0.6894, 4864
0.6902, 4863
0.6907, 4862
0.6913, 4861
0.6920, 4860
0.6927, 4859
0.6935, 4858
0.6941, 4857
0.6948, 4856
0.6957, 4855
0.6963, 4854
0.6973, 4853
0.6979, 4852
0.6984, 4851
0.6991, 4850
0.6999, 4849
0.7006, 4848
0.7013, 4847
0.7019, 4846
0.7023, 4845
0.7031, 4844
0.7036, 4843
0.7042, 4842
0.7046, 4841
0.7054, 4840
0.7061, 4839
0.7071, 4838
0.7078, 4837
0.7085, 4836
0.7090, 4835
0.7096, 4834
0.7102, 4833
0.7108, 4832
0.7114, 4831
0.7123, 4830
0.7129, 4829
0.7135, 4828
0.7141, 4827
0.7151, 4826
0.7159, 4825
0.7164, 4824
0.7171, 4823
0.7176, 4822
0.7182, 4821
0.7188, 4820
0.7193, 4819
0.7200, 4818
0.7205, 4817
0.7210, 4816
0.7215, 4815
0.7221, 4814
0.7229, 4813
0.7238, 4812
0.7244, 4811
0.7249, 4810
0.7258, 4809
0.7263, 4808
0.7268, 4807
0.7273, 4806
0.7278, 4805
0.7286, 4804
0.7295, 4803
0.7300, 4802
0.7306, 4801
0.7312, 4800
0.7318, 4799
0.7324, 4798
0.7329, 4797
0.7335, 4796
0.7341, 4795
0.7348, 4794
0.7355, 4793
0.7360, 4792
0.7368, 4791
0.7373, 4790
0.7381, 4789
0.7387, 4788
0.7393, 4787
0.7398, 4786
0.7404, 4785
0.7409, 4784
0.7414, 4783
0.7421, 4782
0.7427, 4781
0.7435, 4780
0.7443, 4779
0.7448, 4778
0.7456, 4777
0.7461, 4776
0.7467, 4775
0.7472, 4774
0.7481, 4773
0.7487, 4772
0.7494, 4771
0.7499, 4770
0.7505, 4769
0.7514, 4768
0.7520, 4767
0.7525, 4766
0.7530, 4765
0.7540, 4764
0.7548, 4763
0.7554, 4762
0.7560, 4761
0.7565, 4760
0.7571, 4759
0.7583, 4758
0.7589, 4757
0.7595, 4756
0.7603, 4755
0.7608, 4754
0.7614, 4753
0.7619, 4752
0.7624, 4751
0.7633, 4750
0.7638, 4749
0.7644, 4748
0.7650, 4747
0.7659, 4746
0.7665, 4745
0.7673, 4744
0.7680, 4743
0.7689, 4742
0.7697, 4741
0.7703, 4740
0.7708, 4739
0.7713, 4738
0.7718, 4737
0.7725, 4736
0.7734, 4735
0.7739, 4734
0.7745, 4733
0.7750, 4732
0.7755, 4731
0.7764, 4730
0.7769, 4729
0.7774, 4728
0.7780, 4727
0.7788, 4726
0.7796, 4725
0.7804, 4724
0.7814, 4723
0.7819, 4722
0.7827, 4721
0.7835, 4720
0.7840, 4719
0.7846, 4718
0.7851, 4717
0.7858, 4716
0.7866, 4715
0.7873, 4714
0.7882, 4713
0.7886, 4712
0.7894, 4711
0.7902, 4710
0.7911, 4709
0.7918, 4708
0.7926, 4707
0.7932, 4706
0.7940, 4705
0.7946, 4704
0.7953, 4703
0.7962, 4702
0.7971, 4701
0.7979, 4700
0.7988, 4699
0.7995, 4698
0.8003, 4697
0.8009, 4696
0.8018, 4695
0.8025, 4694
0.8034, 4693
0.8042, 4692
0.8051, 4691
0.8060, 4690
0.9723, 4689
1.2201, 4688
1.2606, 4687
1.3802, 4686
1.6611, 4685
1.6821, 4684
1.7821, 4683
1.8618, 4682
1.9812, 4681
2.2060, 4680
2.2664, 4679
2.3884, 4678
2.4491, 4677
2.6295, 4676
2.9135, 4675
2.9339, 4674
3.0942, 4673
3.2354, 4672
3.3158, 4671
3.3165, 4670
3.4214, 4669
3.4617, 4668
3.5606, 4667
3.6625, 4666
3.6633, 4665
3.7031, 4664
3.7437, 4663
4.2066, 4662
4.2868, 4661
4.7531, 4660
4.7935, 4659
4.9343, 4658
4.9953, 4657
5.1356, 4656
5.3561, 4655
5.8378, 4654
5.8383, 4653
5.8789, 4652
6.4415, 4651
6.6254, 4650
6.8071, 4649
7.3743, 4648
7.4564, 4647
7.5782, 4646
7.8239, 4645
7.8657, 4644
7.9281, 4643
7.9287, 4642
7.9689, 4641
8.4982, 4640
8.6015, 4639
8.6025, 4638
8.8280, 4637
8.9479, 4636
9.2942, 4635
9.4194, 4634
9.4611, 4633
9.7678, 4632
9.9696, 4631
