0.0000, 5900
0.0006, 5899
0.0013, 5898
0.0019, 5897
0.0028, 5896
0.0036, 5895
0.0043, 5894
0.0050, 5893
0.0058, 5892
0.0063, 5891
0.0071, 5890
0.0077, 5889
0.0082, 5888
0.0087, 5887
0.0096, 5886
0.0105, 5885
0.0111, 5884
0.0124, 5883
0.0130, 5882
0.0141, 5881
0.0147, 5880
0.0156, 5879
0.0165, 5878
0.0175, 5877
0.0180, 5876
0.0185, 5875
0.0190, 5874
0.0196, 5873
0.0208, 5872
0.0213, 5871
0.0218, 5870
0.0223, 5869
0.0230, 5868
0.0235, 5867
0.0240, 5866
0.0245, 5865
0.0254, 5864
0.0262, 5863
0.0268, 5862
0.0273, 5861
0.0279, 5860
0.0286, 5859
0.0291, 5858
0.0296, 5857
0.0301, 5856
0.0308, 5855
0.0314, 5854
0.0319, 5853
0.0324, 5852
0.0334, 5851
0.0343, 5850
0.0348, 5849
0.0354, 5848
0.0360, 5847
0.0366, 5846
0.0371, 5845
0.0379, 5844
0.0384, 5843
0.0389, 5842
0.0394, 5841
0.0402, 5840
0.0409, 5839
0.0414, 5838
0.0419, 5837
0.0426, 5836
0.0432, 5835
0.0439, 5834
0.0444, 5833
0.0451, 5832
0.0456, 5831
0.0462, 5830
0.0470, 5829
0.0475, 5828
0.0481, 5827
0.0487, 5826
0.0496, 5825
0.0501, 5824
0.0506, 5823
0.0515, 5822
0.0520, 5821
0.0525, 5820
0.0531, 5819
0.0536, 5818
0.0541, 5817
0.0550, 5816
0.0555, 5815
0.0565, 5814
0.0574, 5813
0.0581, 5812
0.0587, 5811
0.0597, 5810
0.0603, 5809
0.0609, 5808
0.0616, 5807
0.0621, 5806
0.0629, 5805
0.0635, 5804
0.0640, 5803
0.0645, 5802
0.0651, 5801
0.0656, 5800
0.0665, 5799
0.0670, 5798
0.0676, 5797
0.0682, 5796
0.0689, 5795
0.0694, 5794
0.0701, 5793
0.0707, 5792
0.0712, 5791
0.0718, 5790
0.0723, 5789
0.0728, 5788
0.0734, 5787
0.0739, 5786
0.0752, 5785
0.0762, 5784
0.0771, 5783
0.0776, 5782
0.0781, 5781
0.0786, 5780
0.0793, 5779
0.0801, 5778
0.0808, 5777
0.0815, 5776
0.0822, 5775
0.0828, 5774
0.0835, 5773
0.0846, 5772
0.0852, 5771
0.0864, 5770
0.0870, 5769
0.0876, 5768
0.0883, 5767
0.0889, 5766
0.0895, 5765
0.0903, 5764
0.0909, 5763
0.0914, 5762
0.0919, 5761
0.0925, 5760
0.0934, 5759
0.0939, 5758
0.0945, 5757
0.0950, 5756
0.0955, 5755
0.0961, 5754
0.0969, 5753
0.0976, 5752
0.0981, 5751
0.0987, 5750
0.0992, 5749
0.1001, 5748
0.1006, 5747
0.1011, 5746
0.1020, 5745
0.1031, 5744
0.1037, 5743
0.1043, 5742
0.1048, 5741
0.1058, 5740
0.1064, 5739
0.1070, 5738
0.1075, 5737
0.1081, 5736
0.1086, 5735
0.1092, 5734
0.1097, 5733
0.1104, 5732
0.1109, 5731
0.1115, 5730
0.1120, 5729
0.1126, 5728
0.1131, 5727
0.1137, 5726
0.1143, 5725
0.1150, 5724
0.1157, 5723
0.1167, 5722
0.1174, 5721
0.1179, 5720
0.1187, 5719
0.1194, 5718
0.1204, 5717
0.1212, 5716
0.1222, 5715
0.1232, 5714
0.1237, 5713
0.1243, 5712
0.1249, 5711
0.1255, 5710
0.1260, 5709
0.1269, 5708
0.1276, 5707
0.1282, 5706
0.1288, 5705
0.1293, 5704
0.1298, 5703
0.1304, 5702
0.1309, 5701
0.1316, 5700
0.1326, 5699
0.1331, 5698
0.1336, 5697
0.1342, 5696
0.1353, 5695
0.1360, 5694
0.1366, 5693
0.1372, 5692
0.1377, 5691
0.1383, 5690
0.1388, 5689
0.1395, 5688
0.1401, 5687
0.1406, 5686
0.1416, 5685
0.1422, 5684
0.1428, 5683
0.1434, 5682
0.1439, 5681
0.1445, 5680
0.1452, 5679
0.1458, 5678
0.1464, 5677
0.1470, 5676
0.1475, 5675
0.1481, 5674
0.1486, 5673
0.1492, 5672
0.1498, 5671
0.1503, 5670
0.1509, 5669
0.1515, 5668
0.1521, 5667
0.1527, 5666
0.1532, 5665
0.1538, 5664
0.1544, 5663
0.1550, 5662
0.1559, 5661
0.1565, 5660
0.1574, 5659
0.1580, 5658
0.1591, 5657
0.1601, 5656
0.1610, 5655
0.1616, 5654
0.1624, 5653
0.1630, 5652
0.1636, 5651
0.1642, 5650
0.1647, 5649
0.1653, 5648
0.1660, 5647
0.1666, 5646
0.1672, 5645
0.1680, 5644
0.1685, 5643
0.1691, 5642
0.1697, 5641
0.1704, 5640
0.1712, 5639
0.1721, 5638
0.1727, 5637
0.1732, 5636
0.1739, 5635
0.1750, 5634
0.1756, 5633
0.1766, 5632
0.1775, 5631
0.1781, 5630
0.1790, 5629
0.1799, 5628
0.1805, 5627
0.1816, 5626
0.1825, 5625
0.1831, 5624
0.1840, 5623
0.1845, 5622
0.1852, 5621
0.1859, 5620
0.1865, 5619
0.1875, 5618
0.1881, 5617
0.1887, 5616
0.1892, 5615
0.1899, 5614
0.1908, 5613
0.1914, 5612
0.1919, 5611
0.1925, 5610
0.1933, 5609
0.1939, 5608
0.1945, 5607
0.1951, 5606
0.1956, 5605
0.1963, 5604
0.1968, 5603
0.1973, 5602
0.1979, 5601
0.1985, 5600
0.1990, 5599
0.1995, 5598
0.2000, 5597
0.2005, 5596
0.2011, 5595
0.2020, 5594
0.2026, 5593
0.2036, 5592
0.2042, 5591
0.2049, 5590
0.2058, 5589
0.2066, 5588
0.2072, 5587
0.2079, 5586
0.2084, 5585
0.2091, 5584
0.2101, 5583
0.2107, 5582
0.2114, 5581
0.2119, 5580
0.2126, 5579
0.2132, 5578
0.2139, 5577
0.2149, 5576
0.2155, 5575
0.2160, 5574
0.2168, 5573
0.2173, 5572
0.2179, 5571
0.2186, 5570
0.2195, 5569
0.2201, 5568
0.2210, 5567
0.2216, 5566
0.2222, 5565
0.2228, 5564
0.2235, 5563
0.2246, 5562
0.2253, 5561
0.2258, 5560
0.2264, 5559
0.2270, 5558
0.2275, 5557
0.2285, 5556
0.2291, 5555
0.2297, 5554
0.2303, 5553
0.2311, 5552
0.2317, 5551
0.2324, 5550
0.2330, 5549
0.2336, 5548
0.2343, 5547
0.2349, 5546
0.2355, 5545
0.2360, 5544
0.2366, 5543
0.2371, 5542
0.2378, 5541
0.2385, 5540
0.2390, 5539
0.2396, 5538
0.2401, 5537
0.2407, 5536
0.2413, 5535
0.2420, 5534
0.2428, 5533
0.2434, 5532
0.2439, 5531
0.2445, 5530
0.2451, 5529
0.2456, 5528
0.2462, 5527
0.2467, 5526
0.2475, 5525
0.2481, 5524
0.2488, 5523
0.2497, 5522
0.2507, 5521
0.2516, 5520
0.2523, 5519
0.2530, 5518
0.2535, 5517
0.2542, 5516
0.2548, 5515
0.2556, 5514
0.2562, 5513
0.2568, 5512
0.2573, 5511
0.2579, 5510
0.2584, 5509
0.2590, 5508
0.2596, 5507
0.2604, 5506
0.2609, 5505
0.2614, 5504
0.2620, 5503
0.2630, 5502
0.2636, 5501
0.2641, 5500
0.2647, 5499
0.2657, 5498
0.2663, 5497
0.2670, 5496
0.2676, 5495
0.2682, 5494
0.2689, 5493
0.2695, 5492
0.2700, 5491
0.2710, 5490
0.2718, 5489
0.2724, 5488
0.2730, 5487
0.2735, 5486
0.2741, 5485
0.2750, 5484
0.2756, 5483
0.2761, 5482
0.2771, 5481
0.2778, 5480
0.2783, 5479
0.2788, 5478
0.2794, 5477
0.2800, 5476
0.2806, 5475
0.2812, 5474
0.2819, 5473
0.2826, 5472
0.2832, 5471
0.2838, 5470
0.2844, 5469
0.2850, 5468
0.2855, 5467
0.2861, 5466
0.2871, 5465
0.2877, 5464
0.2882, 5463
0.2888, 5462
0.2894, 5461
0.2899, 5460
0.2906, 5459
0.2912, 5458
0.2918, 5457
0.2924, 5456
0.2932, 5455
0.2939, 5454
0.2944, 5453
0.2951, 5452
0.2956, 5451
0.2964, 5450
0.2969, 5449
0.2976, 5448
0.2982, 5447
0.2988, 5446
0.2993, 5445
0.2999, 5444
0.3009, 5443
0.3016, 5442
0.3021, 5441
0.3027, 5440
0.3033, 5439
0.3040, 5438
0.3049, 5437
0.3056, 5436
0.3062, 5435
0.3068, 5434
0.3075, 5433
0.3081, 5432
0.3091, 5431
0.3096, 5430
0.3102, 5429
0.3108, 5428
0.3114, 5427
0.3121, 5426
0.3130, 5425
0.3136, 5424
0.3142, 5423
0.3150, 5422
0.3156, 5421
0.3163, 5420
0.3173, 5419
0.3178, 5418
0.3184, 5417
0.3194, 5416
0.3200, 5415
0.3207, 5414
0.3213, 5413
0.3219, 5412
0.3225, 5411
0.3230, 5410
0.3236, 5409
0.3241, 5408
0.3246, 5407
0.3253, 5406
0.3261, 5405
0.3270, 5404
0.3277, 5403
0.3285, 5402
0.3291, 5401
0.3296, 5400
0.3303, 5399
0.3312, 5398
0.3320, 5397
0.3326, 5396
0.3332, 5395
0.3340, 5394
0.3348, 5393
0.3355, 5392
0.3362, 5391
0.3367, 5390
0.3373, 5389
0.3379, 5388
0.3385, 5387
0.3391, 5386
0.3400, 5385
0.3405, 5384
0.3412, 5383
0.3419, 5382
0.3426, 5381
0.3433, 5380
0.3438, 5379
0.3444, 5378
0.3452, 5377
0.3458, 5376
0.3464, 5375
0.3471, 5374
0.3478, 5373
0.3484, 5372
0.3489, 5371
0.3497, 5370
0.3503, 5369
0.3511, 5368
0.3518, 5367
0.3523, 5366
0.3531, 5365
0.3538, 5364
0.3545, 5363
0.3555, 5362
0.3561, 5361
0.3568, 5360
0.3575, 5359
0.3582, 5358
0.3588, 5357
0.3599, 5356
0.3605, 5355
0.3611, 5354
0.3617, 5353
0.3624, 5352
0.3630, 5351
0.3638, 5350
0.3645, 5349
0.3650, 5348
0.3656, 5347
0.3662, 5346
0.3671, 5345
0.3679, 5344
0.3685, 5343
0.3692, 5342
0.3699, 5341
0.3704, 5340
0.3710, 5339
0.3716, 5338
0.3721, 5337
0.3728, 5336
0.3734, 5335
0.3740, 5334
0.3747, 5333
0.3756, 5332
0.3766, 5331
0.3772, 5330
0.3778, 5329
0.3783, 5328
0.3790, 5327
0.3796, 5326
0.3802, 5325
0.3807, 5324
0.3813, 5323
0.3824, 5322
0.3833, 5321
0.3842, 5320
0.3850, 5319
0.3856, 5318
0.3862, 5317
0.3867, 5316
0.3875, 5315
0.3882, 5314
0.3888, 5313
0.3894, 5312
0.3902, 5311
0.3909, 5310
0.3914, 5309
0.3921, 5308
0.3930, 5307
0.3938, 5306
0.3944, 5305
0.3949, 5304
0.3955, 5303
0.3962, 5302
0.3967, 5301
0.3973, 5300
0.3980, 5299
0.3985, 5298
0.3991, 5297
0.3997, 5296
0.4004, 5295
0.4011, 5294
0.4016, 5293
0.4022, 5292
0.4030, 5291
0.4037, 5290
0.4044, 5289
0.4052, 5288
0.4058, 5287
0.4063, 5286
0.4070, 5285
0.4075, 5284
0.4082, 5283
0.4088, 5282
0.4093, 5281
0.4099, 5280
0.4105, 5279
0.4110, 5278
0.4116, 5277
0.4122, 5276
0.4129, 5275
0.4136, 5274
0.4144, 5273
0.4150, 5272
0.4156, 5271
0.4162, 5270
0.4169, 5269
0.4175, 5268
0.4181, 5267
0.4186, 5266
0.4192, 5265
0.4199, 5264
0.4206, 5263
0.4212, 5262
0.4218, 5261
0.4224, 5260
0.4232, 5259
0.4237, 5258
0.4244, 5257
0.4251, 5256
0.4258, 5255
0.4264, 5254
0.4274, 5253
0.4282, 5252
0.4289, 5251
0.4299, 5250
0.4305, 5249
0.4310, 5248
0.4317, 5247
0.4324, 5246
0.4330, 5245
0.4336, 5244
0.4343, 5243
0.4348, 5242
0.4354, 5241
0.4360, 5240
0.4366, 5239
0.4371, 5238
0.4377, 5237
0.4386, 5236
0.4392, 5235
0.4397, 5234
0.4404, 5233
0.4409, 5232
0.4416, 5231
0.4422, 5230
0.4427, 5229
0.4433, 5228
0.4440, 5227
0.4448, 5226
0.4453, 5225
0.4459, 5224
0.4469, 5223
0.4477, 5222
0.4484, 5221
0.4492, 5220
0.4499, 5219
0.4504, 5218
0.4510, 5217
0.4516, 5216
0.4523, 5215
0.4530, 5214
0.4536, 5213
0.4544, 5212
0.4551, 5211
0.4558, 5210
0.4567, 5209
0.4573, 5208
0.4580, 5207
0.4588, 5206
0.4595, 5205
0.4602, 5204
0.4610, 5203
0.4616, 5202
0.4623, 5201
0.4629, 5200
0.4637, 5199
0.4643, 5198
0.4650, 5197
0.4657, 5196
0.4663, 5195
0.4671, 5194
0.4677, 5193
0.4682, 5192
0.4688, 5191
0.4694, 5190
0.4701, 5189
0.4706, 5188
0.4712, 5187
0.4718, 5186
0.4724, 5185
0.4730, 5184
0.4736, 5183
0.4744, 5182
0.4751, 5181
0.4759, 5180
0.4768, 5179
0.4773, 5178
0.4782, 5177
0.4789, 5176
0.4795, 5175
0.4804, 5174
0.4811, 5173
0.4819, 5172
0.4824, 5171
0.4830, 5170
0.4835, 5169
0.4844, 5168
0.4850, 5167
0.4855, 5166
0.4862, 5165
0.4870, 5164
0.4876, 5163
0.4883, 5162
0.4890, 5161
0.4900, 5160
0.4907, 5159
0.4914, 5158
0.4921, 5157
0.4927, 5156
0.4932, 5155
0.4939, 5154
0.4945, 5153
0.4954, 5152
0.4961, 5151
0.4967, 5150
0.4974, 5149
0.4980, 5148
0.4987, 5147
0.4991, 5146
0.4996, 5145
0.5001, 5144
0.5009, 5143
0.5014, 5142
0.5020, 5141
0.5025, 5140
0.5031, 5139
0.5037, 5138
0.5044, 5137
0.5052, 5136
0.5058, 5135
0.5065, 5134
0.5071, 5133
0.5077, 5132
0.5082, 5131
0.5089, 5130
0.5096, 5129
0.5103, 5128
0.5109, 5127
0.5116, 5126
0.5124, 5125
0.5130, 5124
0.5135, 5123
0.5141, 5122
0.5146, 5121
0.5154, 5120
0.5159, 5119
0.5164, 5118
0.5170, 5117
0.5175, 5116
0.5180, 5115
0.5186, 5114
0.5195, 5113
0.5202, 5112
0.5209, 5111
0.5217, 5110
0.5223, 5109
0.5228, 5108
0.5233, 5107
0.5239, 5106
0.5245, 5105
0.5251, 5104
0.5258, 5103
0.5265, 5102
0.5271, 5101
0.5280, 5100
0.5287, 5099
0.5295, 5098
0.5302, 5097
0.5308, 5096
0.5315, 5095
0.5320, 5094
0.5326, 5093
0.5333, 5092
0.5339, 5091
0.5346, 5090
0.5351, 5089
0.5358, 5088
0.5365, 5087
0.5374, 5086
0.5380, 5085
0.5386, 5084
0.5392, 5083
0.5399, 5082
0.5405, 5081
0.5411, 5080
0.5417, 5079
0.5423, 5078
0.5429, 5077
0.5436, 5076
0.5441, 5075
0.5448, 5074
0.5455, 5073
0.5462, 5072
0.5468, 5071
0.5473, 5070
0.5478, 5069
0.5486, 5068
0.5495, 5067
0.5502, 5066
0.5509, 5065
0.5517, 5064
0.5527, 5063
0.5533, 5062
0.5540, 5061
0.5545, 5060
0.5553, 5059
0.5559, 5058
0.5565, 5057
0.5571, 5056
0.5576, 5055
0.5583, 5054
0.5589, 5053
0.5596, 5052
0.5602, 5051
0.5607, 5050
0.5613, 5049
0.5619, 5048
0.5627, 5047
0.5633, 5046
0.5643, 5045
0.5649, 5044
0.5655, 5043
0.5661, 5042
0.5667, 5041
0.5676, 5040
0.5681, 5039
0.5688, 5038
0.5696, 5037
0.5702, 5036
0.5706, 5035
0.5714, 5034
0.5722, 5033
0.5728, 5032
0.5734, 5031
0.5743, 5030
0.5749, 5029
0.5758, 5028
0.5763, 5027
0.5770, 5026
0.5776, 5025
0.5783, 5024
0.5789, 5023
0.5795, 5022
0.5801, 5021
0.5808, 5020
0.5818, 5019
0.5827, 5018
0.5832, 5017
0.5837, 5016
0.5843, 5015
0.5852, 5014
0.5859, 5013
0.5866, 5012
0.5873, 5011
0.5880, 5010
0.5886, 5009
0.5892, 5008
0.5898, 5007
0.5904, 5006
0.5912, 5005
0.5918, 5004
0.5926, 5003
0.5932, 5002
0.5937, 5001
0.5947, 5000
0.5953, 4999
0.5961, 4998
0.5967, 4997
0.5973, 4996
0.5979, 4995
0.5984, 4994
0.5990, 4993
0.5997, 4992
0.6003, 4991
0.6010, 4990
0.6018, 4989
0.6028, 4988
0.6035, 4987
0.6041, 4986
0.6047, 4985
0.6053, 4984
0.6060, 4983
0.6066, 4982
0.6073, 4981
0.6081, 4980
0.6090, 4979
0.6095, 4978
0.6101, 4977
0.6107, 4976
0.6117, 4975
0.6126, 4974
0.6132, 4973
0.6137, 4972
0.6145, 4971
0.6151, 4970
0.6156, 4969
0.6164, 4968
0.6171, 4967
0.6178, 4966
0.6185, 4965
0.6191, 4964
0.6196, 4963
0.6201, 4962
0.6208, 4961
0.6215, 4960
0.6221, 4959
0.6226, 4958
0.6231, 4957
0.6237, 4956
0.6245, 4955
0.6250, 4954
0.6255, 4953
0.6262, 4952
0.6269, 4951
0.6279, 4950
0.6287, 4949
0.6298, 4948
0.6303, 4947
0.6310, 4946
0.6318, 4945
0.6323, 4944
0.6329, 4943
0.6334, 4942
0.6340, 4941
0.6345, 4940
0.6350, 4939
0.6357, 4938
0.6362, 4937
0.6368, 4936
0.6375, 4935
0.6384, 4934
0.6392, 4933
0.6398, 4932
0.6403, 4931
0.6409, 4930
0.6416, 4929
0.6422, 4928
0.6427, 4927
0.6434, 4926
0.6441, 4925
0.6447, 4924
0.6453, 4923
0.6460, 4922
0.6467, 4921
0.6472, 4920
0.6478, 4919
0.6487, 4918
0.6496, 4917
0.6501, 4916
0.6510, 4915
0.6515, 4914
0.6520, 4913
0.6525, 4912
0.6530, 4911
0.6535, 4910
0.6540, 4909
0.6549, 4908
0.6555, 4907
0.6560, 4906
0.6566, 4905
0.6572, 4904
0.6577, 4903
0.6583, 4902
0.6590, 4901
0.6595, 4900
0.6604, 4899
0.6611, 4898
0.6616, 4897
0.6622, 4896
0.6627, 4895
0.6634, 4894
0.6640, 4893
0.6645, 4892
0.6653, 4891
0.6661, 4890
0.6668, 4889
0.6673, 4888
0.6679, 4887
0.6684, 4886
0.6690, 4885
0.6695, 4884
0.6701, 4883
0.6707, 4882
0.6713, 4881
0.6719, 4880
0.6725, 4879
0.6734, 4878
0.6739, 4877
0.6744, 4876
0.6752, 4875
0.6757, 4874
0.6762, 4873
0.6768, 4872
0.6776, 4871
0.6783, 4870
0.6790, 4869
0.6799, 4868
0.6804, 4867
0.6809, 4866
0.6815, 4865
0.6824, 4864
0.6832, 4863
0.6838, 4862
0.6843, 4861
0.6851, 4860
0.6857, 4859
0.6865, 4858
0.6871, 4857
0.6878, 4856
0.6886, 4855
0.6892, 4854
0.6903, 4853
0.6908, 4852
0.6914, 4851
0.6919, 4850
0.6928, 4849
0.6934, 4848
0.6941, 4847
0.6947, 4846
0.6952, 4845
0.6959, 4844
0.6965, 4843
0.6970, 4842
0.6975, 4841
0.6982, 4840
0.6989, 4839
0.6998, 4838
0.7005, 4837
0.7012, 4836
0.7017, 4835
0.7022, 4834
0.7028, 4833
0.7034, 4832
0.7040, 4831
0.7049, 4830
0.7055, 4829
0.7061, 4828
0.7067, 4827
0.7076, 4826
0.7084, 4825
0.7090, 4824
0.7097, 4823
0.7102, 4822
0.7108, 4821
0.7114, 4820
0.7119, 4819
0.7125, 4818
0.7130, 4817
0.7136, 4816
0.7141, 4815
0.7146, 4814
0.7155, 4813
0.7164, 4812
0.7170, 4811
0.7175, 4810
0.7184, 4809
0.7189, 4808
0.7194, 4807
0.7199, 4806
0.7204, 4805
0.7212, 4804
0.7221, 4803
0.7226, 4802
0.7232, 4801
0.7238, 4800
0.7244, 4799
0.7250, 4798
0.7255, 4797
0.7260, 4796
0.7266, 4795
0.7273, 4794
0.7280, 4793
0.7285, 4792
0.7292, 4791
0.7297, 4790
0.7305, 4789
0.7311, 4788
0.7317, 4787
0.7322, 4786
0.7328, 4785
0.7333, 4784
0.7338, 4783
0.7345, 4782
0.7351, 4781
0.7359, 4780
0.7367, 4779
0.7372, 4778
0.7381, 4777
0.7386, 4776
0.7391, 4775
0.7396, 4774
0.7406, 4773
0.7411, 4772
0.7418, 4771
0.7423, 4770
0.7429, 4769
0.7438, 4768
0.7444, 4767
0.7449, 4766
0.7454, 4765
0.7463, 4764
0.7471, 4763
0.7477, 4762
0.7484, 4761
0.7488, 4760
0.7494, 4759
0.7505, 4758
0.7511, 4757
0.7516, 4756
0.7525, 4755
0.7530, 4754
0.7535, 4753
0.7540, 4752
0.7545, 4751
0.7553, 4750
0.7558, 4749
0.7564, 4748
0.7569, 4747
0.7578, 4746
0.7583, 4745
0.7591, 4744
0.7599, 4743
0.7607, 4742
0.7615, 4741
0.7621, 4740
0.7626, 4739
0.7631, 4738
0.7636, 4737
0.7643, 4736
0.7651, 4735
0.7656, 4734
0.7662, 4733
0.7667, 4732
0.7672, 4731
0.7680, 4730
0.7685, 4729
0.7690, 4728
0.7696, 4727
0.7704, 4726
0.7712, 4725
0.7720, 4724
0.7729, 4723
0.7734, 4722
0.7741, 4721
0.7749, 4720
0.7754, 4719
0.7759, 4718
0.7765, 4717
0.7772, 4716
0.7781, 4715
0.7788, 4714
0.7798, 4713
0.7803, 4712
0.7811, 4711
0.7820, 4710
0.7829, 4709
0.7836, 4708
0.7844, 4707
0.7849, 4706
0.7858, 4705
0.7864, 4704
0.7872, 4703
0.7881, 4702
0.7890, 4701
0.7897, 4700
0.7907, 4699
0.7914, 4698
0.7922, 4697
0.7928, 4696
0.7937, 4695
0.7944, 4694
0.7953, 4693
0.7961, 4692
0.7971, 4691
0.7980, 4690
0.9902, 4689
1.2341, 4688
1.2346, 4687
1.3537, 4686
1.6762, 4685
1.6769, 4684
1.7363, 4683
1.8785, 4682
2.0731, 4681
2.2262, 4680
2.3145, 4679
2.4443, 4678
2.4845, 4677
2.6801, 4676
2.9833, 4675
2.9842, 4674
3.0830, 4673
3.2893, 4672
3.3675, 4671
3.3682, 4670
3.4877, 4669
3.4885, 4668
3.6250, 4667
3.7291, 4666
3.7299, 4665
3.7304, 4664
3.7927, 4663
4.2806, 4662
4.3408, 4661
4.7945, 4660
4.8366, 4659
4.9603, 4658
5.0194, 4657
5.2549, 4656
5.4540, 4655
5.8436, 4654
5.9410, 4653
5.9415, 4652
6.4479, 4651
6.6723, 4650
6.7133, 4649
7.3638, 4648
7.4643, 4647
7.6100, 4646
7.9307, 4645
7.9313, 4644
8.0190, 4643
8.0197, 4642
8.0634, 4641
8.5185, 4640
8.6986, 4639
8.6992, 4638
8.9551, 4637
9.0758, 4636
9.4037, 4635
9.5048, 4634
9.5449, 4633
9.8688, 4632
