0.1072, 4688
0.1364, 4686
0.1666, 4685
0.1773, 4682
0.2374, 4680
0.3173, 4679
0.3677, 4677
0.3982, 4676
0.4590, 4673
0.4992, 4672
0.6108, 4671
0.6311, 4670
0.6517, 4668
0.6720, 4667
0.6824, 4666
0.7631, 4665
0.7837, 4664
0.8045, 4662
0.8252, 4658
0.9273, 4656
0.9583, 4655
0.9886, 4650
1.1093, 4649
1.1809, 4646
1.1915, 4643
1.2416, 4642
1.2817, 4641
1.3117, 4640
1.4021, 4638
1.4533, 4637
1.6871, 4633
1.7083, 4629
1.8113, 4628
1.8879, 4626
1.9328, 4625
1.9435, 4624
1.9539, 4623
1.9647, 4622
2.0454, 4621
2.0559, 4620
2.1066, 4618
2.1972, 4617
2.3188, 4616
2.3397, 4615
2.4710, 4614
2.4916, 4613
2.5129, 4612
2.5839, 4611
2.6348, 4610
2.6652, 4608
2.7564, 4607
2.8081, 4606
2.8395, 4605
2.9182, 4604
2.9839, 4602
3.0554, 4601
3.2776, 4599
3.3085, 4598
3.6540, 4596
3.6953, 4595
3.9393, 4593
3.9701, 4592
4.0802, 4591
4.1656, 4590
4.2717, 4589
4.4361, 4588
4.5167, 4587
4.5674, 4586
4.5979, 4585
4.7407, 4584
4.8839, 4583
4.9756, 4582
5.3531, 4581
5.6373, 4580
5.6681, 4579
5.6791, 4578
6.0053, 4576
6.0764, 4575
6.1376, 4574
6.3717, 4573
6.8687, 4571
7.0710, 4570
7.2850, 4569
7.5603, 4568
7.7860, 4567
8.1742, 4566
8.2363, 4565
8.6760, 4563
9.3374, 4562
