0.0000, 5900
0.0006, 5899
0.0013, 5898
0.0019, 5897
0.0028, 5896
0.0036, 5895
0.0043, 5894
0.0050, 5893
0.0058, 5892
0.0063, 5891
0.0072, 5890
0.0077, 5889
0.0082, 5888
0.0087, 5887
0.0097, 5886
0.0106, 5885
0.0112, 5884
0.0125, 5883
0.0132, 5882
0.0143, 5881
0.0148, 5880
0.0158, 5879
0.0166, 5878
0.0176, 5877
0.0181, 5876
0.0186, 5875
0.0192, 5874
0.0198, 5873
0.0209, 5872
0.0214, 5871
0.0219, 5870
0.0225, 5869
0.0232, 5868
0.0237, 5867
0.0242, 5866
0.0247, 5865
0.0256, 5864
0.0263, 5863
0.0270, 5862
0.0275, 5861
0.0281, 5860
0.0288, 5859
0.0293, 5858
0.0298, 5857
0.0304, 5856
0.0311, 5855
0.0316, 5854
0.0321, 5853
0.0326, 5852
0.0336, 5851
0.0345, 5850
0.0351, 5849
0.0356, 5848
0.0362, 5847
0.0368, 5846
0.0373, 5845
0.0381, 5844
0.0386, 5843
0.0391, 5842
0.0397, 5841
0.0404, 5840
0.0411, 5839
0.0416, 5838
0.0421, 5837
0.0428, 5836
0.0434, 5835
0.0441, 5834
0.0446, 5833
0.0453, 5832
0.0458, 5831
0.0464, 5830
0.0472, 5829
0.0477, 5828
0.0482, 5827
0.0488, 5826
0.0497, 5825
0.0502, 5824
0.0507, 5823
0.0516, 5822
0.0521, 5821
0.0526, 5820
0.0532, 5819
0.0537, 5818
0.0542, 5817
0.0551, 5816
0.0557, 5815
0.0567, 5814
0.0576, 5813
0.0583, 5812
0.0589, 5811
0.0599, 5810
0.0605, 5809
0.0611, 5808
0.0618, 5807
0.0623, 5806
0.0631, 5805
0.0636, 5804
0.0642, 5803
0.0647, 5802
0.0653, 5801
0.0658, 5800
0.0667, 5799
0.0672, 5798
0.0678, 5797
0.0684, 5796
0.0691, 5795
0.0697, 5794
0.0704, 5793
0.0709, 5792
0.0715, 5791
0.0720, 5790
0.0725, 5789
0.0731, 5788
0.0737, 5787
0.0742, 5786
0.0755, 5785
0.0765, 5784
0.0774, 5783
0.0779, 5782
0.0784, 5781
0.0789, 5780
0.0797, 5779
0.0805, 5778
0.0811, 5777
0.0819, 5776
0.0825, 5775
0.0832, 5774
0.0838, 5773
0.0849, 5772
0.0855, 5771
0.0867, 5770
0.0873, 5769
0.0878, 5768
0.0886, 5767
0.0891, 5766
0.0899, 5765
0.0907, 5764
0.0913, 5763
0.0919, 5762
0.0924, 5761
0.0930, 5760
0.0939, 5759
0.0945, 5758
0.0950, 5757
0.0955, 5756
0.0960, 5755
0.0966, 5754
0.0974, 5753
0.0981, 5752
0.0987, 5751
0.0992, 5750
0.0997, 5749
0.1006, 5748
0.1011, 5747
0.1017, 5746
0.1026, 5745
0.1037, 5744
0.1043, 5743
0.1048, 5742
0.1054, 5741
0.1064, 5740
0.1070, 5739
0.1076, 5738
0.1082, 5737
0.1087, 5736
0.1093, 5735
0.1098, 5734
0.1104, 5733
0.1110, 5732
0.1115, 5731
0.1121, 5730
0.1127, 5729
0.1132, 5728
0.1138, 5727
0.1143, 5726
0.1149, 5725
0.1156, 5724
0.1163, 5723
0.1173, 5722
0.1180, 5721
0.1185, 5720
0.1193, 5719
0.1201, 5718
0.1212, 5717
0.1220, 5716
0.1229, 5715
0.1240, 5714
0.1245, 5713
0.1252, 5712
0.1257, 5711
0.1263, 5710
0.1268, 5709
0.1277, 5708
0.1284, 5707
0.1290, 5706
0.1295, 5705
0.1301, 5704
0.1306, 5703
0.1312, 5702
0.1318, 5701
0.1324, 5700
0.1334, 5699
0.1340, 5698
0.1345, 5697
0.1350, 5696
0.1362, 5695
0.1369, 5694
0.1375, 5693
0.1381, 5692
0.1386, 5691
0.1392, 5690
0.1397, 5689
0.1404, 5688
0.1410, 5687
0.1415, 5686
0.1425, 5685
0.1431, 5684
0.1437, 5683
0.1442, 5682
0.1448, 5681
0.1454, 5680
0.1461, 5679
0.1466, 5678
0.1473, 5677
0.1479, 5676
0.1485, 5675
0.1490, 5674
0.1495, 5673
0.1501, 5672
0.1507, 5671
0.1512, 5670
0.1519, 5669
0.1524, 5668
0.1530, 5667
0.1536, 5666
0.1541, 5665
0.1547, 5664
0.1553, 5663
0.1559, 5662
0.1569, 5661
0.1575, 5660
0.1583, 5659
0.1589, 5658
0.1601, 5657
0.1610, 5656
0.1619, 5655
0.1626, 5654
0.1634, 5653
0.1640, 5652
0.1646, 5651
0.1652, 5650
0.1657, 5649
0.1663, 5648
0.1670, 5647
0.1676, 5646
0.1681, 5645
0.1689, 5644
0.1694, 5643
0.1700, 5642
0.1706, 5641
0.1713, 5640
0.1721, 5639
0.1731, 5638
0.1736, 5637
0.1742, 5636
0.1749, 5635
0.1759, 5634
0.1765, 5633
0.1776, 5632
0.1784, 5631
0.1790, 5630
0.1800, 5629
0.1809, 5628
0.1815, 5627
0.1826, 5626
0.1834, 5625
0.1841, 5624
0.1849, 5623
0.1855, 5622
0.1861, 5621
0.1868, 5620
0.1875, 5619
0.1884, 5618
0.1890, 5617
0.1896, 5616
0.1901, 5615
0.1908, 5614
0.1917, 5613
0.1923, 5612
0.1928, 5611
0.1934, 5610
0.1942, 5609
0.1948, 5608
0.1954, 5607
0.1960, 5606
0.1966, 5605
0.1972, 5604
0.1977, 5603
0.1983, 5602
0.1988, 5601
0.1994, 5600
0.1999, 5599
0.2004, 5598
0.2010, 5597
0.2015, 5596
0.2021, 5595
0.2030, 5594
0.2035, 5593
0.2045, 5592
0.2051, 5591
0.2058, 5590
0.2066, 5589
0.2075, 5588
0.2081, 5587
0.2087, 5586
0.2093, 5585
0.2100, 5584
0.2110, 5583
0.2116, 5582
0.2122, 5581
0.2128, 5580
0.2134, 5579
0.2141, 5578
0.2147, 5577
0.2157, 5576
0.2164, 5575
0.2169, 5574
0.2177, 5573
0.2183, 5572
0.2188, 5571
0.2195, 5570
0.2204, 5569
0.2210, 5568
0.2219, 5567
0.2224, 5566
0.2230, 5565
0.2236, 5564
0.2243, 5563
0.2255, 5562
0.2262, 5561
0.2267, 5560
0.2273, 5559
0.2279, 5558
0.2285, 5557
0.2295, 5556
0.2301, 5555
0.2307, 5554
0.2313, 5553
0.2321, 5552
0.2328, 5551
0.2334, 5550
0.2340, 5549
0.2346, 5548
0.2353, 5547
0.2359, 5546
0.2365, 5545
0.2370, 5544
0.2376, 5543
0.2381, 5542
0.2389, 5541
0.2395, 5540
0.2401, 5539
0.2406, 5538
0.2412, 5537
0.2418, 5536
0.2423, 5535
0.2430, 5534
0.2439, 5533
0.2445, 5532
0.2451, 5531
0.2456, 5530
0.2463, 5529
0.2468, 5528
0.2474, 5527
0.2480, 5526
0.2488, 5525
0.2494, 5524
0.2501, 5523
0.2510, 5522
0.2520, 5521
0.2529, 5520
0.2536, 5519
0.2543, 5518
0.2548, 5517
0.2555, 5516
0.2561, 5515
0.2569, 5514
0.2575, 5513
0.2581, 5512
0.2587, 5511
0.2593, 5510
0.2599, 5509
0.2605, 5508
0.2611, 5507
0.2618, 5506
0.2623, 5505
0.2629, 5504
0.2635, 5503
0.2645, 5502
0.2651, 5501
0.2657, 5500
0.2663, 5499
0.2673, 5498
0.2680, 5497
0.2687, 5496
0.2693, 5495
0.2700, 5494
0.2706, 5493
0.2712, 5492
0.2718, 5491
0.2727, 5490
0.2736, 5489
0.2742, 5488
0.2747, 5487
0.2753, 5486
0.2758, 5485
0.2768, 5484
0.2774, 5483
0.2779, 5482
0.2789, 5481
0.2795, 5480
0.2801, 5479
0.2806, 5478
0.2812, 5477
0.2818, 5476
0.2825, 5475
0.2831, 5474
0.2838, 5473
0.2845, 5472
0.2851, 5471
0.2857, 5470
0.2863, 5469
0.2869, 5468
0.2874, 5467
0.2880, 5466
0.2891, 5465
0.2896, 5464
0.2902, 5463
0.2907, 5462
0.2914, 5461
0.2920, 5460
0.2926, 5459
0.2933, 5458
0.2938, 5457
0.2944, 5456
0.2953, 5455
0.2960, 5454
0.2965, 5453
0.2972, 5452
0.2977, 5451
0.2985, 5450
0.2991, 5449
0.2998, 5448
0.3004, 5447
0.3010, 5446
0.3015, 5445
0.3021, 5444
0.3032, 5443
0.3038, 5442
0.3044, 5441
0.3050, 5440
0.3056, 5439
0.3063, 5438
0.3072, 5437
0.3080, 5436
0.3086, 5435
0.3093, 5434
0.3099, 5433
0.3105, 5432
0.3115, 5431
0.3121, 5430
0.3126, 5429
0.3133, 5428
0.3138, 5427
0.3145, 5426
0.3154, 5425
0.3160, 5424
0.3167, 5423
0.3174, 5422
0.3180, 5421
0.3188, 5420
0.3198, 5419
0.3204, 5418
0.3209, 5417
0.3220, 5416
0.3226, 5415
0.3233, 5414
0.3239, 5413
0.3245, 5412
0.3251, 5411
0.3256, 5410
0.3262, 5409
0.3267, 5408
0.3272, 5407
0.3279, 5406
0.3287, 5405
0.3296, 5404
0.3303, 5403
0.3312, 5402
0.3318, 5401
0.3323, 5400
0.3331, 5399
0.3340, 5398
0.3347, 5397
0.3354, 5396
0.3360, 5395
0.3369, 5394
0.3377, 5393
0.3383, 5392
0.3391, 5391
0.3396, 5390
0.3401, 5389
0.3407, 5388
0.3414, 5387
0.3419, 5386
0.3428, 5385
0.3433, 5384
0.3440, 5383
0.3447, 5382
0.3455, 5381
0.3461, 5380
0.3467, 5379
0.3473, 5378
0.3481, 5377
0.3487, 5376
0.3494, 5375
0.3500, 5374
0.3507, 5373
0.3513, 5372
0.3519, 5371
0.3526, 5370
0.3533, 5369
0.3540, 5368
0.3547, 5367
0.3553, 5366
0.3561, 5365
0.3567, 5364
0.3574, 5363
0.3585, 5362
0.3591, 5361
0.3599, 5360
0.3606, 5359
0.3613, 5358
0.3619, 5357
0.3630, 5356
0.3636, 5355
0.3643, 5354
0.3649, 5353
0.3656, 5352
0.3662, 5351
0.3670, 5350
0.3676, 5349
0.3682, 5348
0.3688, 5347
0.3695, 5346
0.3704, 5345
0.3713, 5344
0.3719, 5343
0.3727, 5342
0.3734, 5341
0.3739, 5340
0.3745, 5339
0.3751, 5338
0.3757, 5337
0.3763, 5336
0.3769, 5335
0.3775, 5334
0.3782, 5333
0.3791, 5332
0.3802, 5331
0.3807, 5330
0.3814, 5329
0.3819, 5328
0.3825, 5327
0.3832, 5326
0.3838, 5325
0.3843, 5324
0.3850, 5323
0.3860, 5322
0.3870, 5321
0.3879, 5320
0.3887, 5319
0.3893, 5318
0.3899, 5317
0.3904, 5316
0.3912, 5315
0.3919, 5314
0.3925, 5313
0.3932, 5312
0.3940, 5311
0.3948, 5310
0.3953, 5309
0.3960, 5308
0.3970, 5307
0.3978, 5306
0.3984, 5305
0.3990, 5304
0.3996, 5303
0.4002, 5302
0.4009, 5301
0.4014, 5300
0.4021, 5299
0.4026, 5298
0.4032, 5297
0.4038, 5296
0.4045, 5295
0.4052, 5294
0.4057, 5293
0.4063, 5292
0.4071, 5291
0.4078, 5290
0.4085, 5289
0.4094, 5288
0.4100, 5287
0.4105, 5286
0.4112, 5285
0.4117, 5284
0.4124, 5283
0.4130, 5282
0.4136, 5281
0.4142, 5280
0.4148, 5279
0.4153, 5278
0.4159, 5277
0.4165, 5276
0.4173, 5275
0.4179, 5274
0.4188, 5273
0.4194, 5272
0.4199, 5271
0.4205, 5270
0.4212, 5269
0.4218, 5268
0.4224, 5267
0.4229, 5266
0.4235, 5265
0.4242, 5264
0.4249, 5263
0.4255, 5262
0.4261, 5261
0.4267, 5260
0.4275, 5259
0.4281, 5258
0.4287, 5257
0.4294, 5256
0.4301, 5255
0.4308, 5254
0.4318, 5253
0.4325, 5252
0.4332, 5251
0.4343, 5250
0.4349, 5249
0.4354, 5248
0.4361, 5247
0.4368, 5246
0.4374, 5245
0.4380, 5244
0.4387, 5243
0.4393, 5242
0.4398, 5241
0.4405, 5240
0.4410, 5239
0.4416, 5238
0.4422, 5237
0.4431, 5236
0.4436, 5235
0.4442, 5234
0.4449, 5233
0.4454, 5232
0.4461, 5231
0.4467, 5230
0.4473, 5229
0.4479, 5228
0.4485, 5227
0.4493, 5226
0.4499, 5225
0.4504, 5224
0.4514, 5223
0.4523, 5222
0.4529, 5221
0.4537, 5220
0.4544, 5219
0.4550, 5218
0.4555, 5217
0.4562, 5216
0.4569, 5215
0.4576, 5214
0.4582, 5213
0.4589, 5212
0.4597, 5211
0.4604, 5210
0.4613, 5209
0.4619, 5208
0.4625, 5207
0.4634, 5206
0.4641, 5205
0.4648, 5204
0.4656, 5203
0.4662, 5202
0.4669, 5201
0.4675, 5200
0.4683, 5199
0.4690, 5198
0.4697, 5197
0.4704, 5196
0.4710, 5195
0.4718, 5194
0.4724, 5193
0.4729, 5192
0.4735, 5191
0.4741, 5190
0.4748, 5189
0.4754, 5188
0.4759, 5187
0.4765, 5186
0.4771, 5185
0.4777, 5184
0.4783, 5183
0.4791, 5182
0.4798, 5181
0.4806, 5180
0.4815, 5179
0.4821, 5178
0.4829, 5177
0.4836, 5176
0.4842, 5175
0.4851, 5174
0.4858, 5173
0.4866, 5172
0.4871, 5171
0.4878, 5170
0.4883, 5169
0.4891, 5168
0.4897, 5167
0.4902, 5166
0.4909, 5165
0.4917, 5164
0.4923, 5163
0.4930, 5162
0.4937, 5161
0.4947, 5160
0.4954, 5159
0.4961, 5158
0.4968, 5157
0.4974, 5156
0.4979, 5155
0.4987, 5154
0.4994, 5153
0.5002, 5152
0.5009, 5151
0.5015, 5150
0.5022, 5149
0.5029, 5148
0.5036, 5147
0.5041, 5146
0.5046, 5145
0.5051, 5144
0.5058, 5143
0.5064, 5142
0.5069, 5141
0.5075, 5140
0.5081, 5139
0.5087, 5138
0.5093, 5137
0.5101, 5136
0.5107, 5135
0.5115, 5134
0.5121, 5133
0.5126, 5132
0.5132, 5131
0.5139, 5130
0.5146, 5129
0.5153, 5128
0.5160, 5127
0.5168, 5126
0.5176, 5125
0.5183, 5124
0.5189, 5123
0.5195, 5122
0.5200, 5121
0.5208, 5120
0.5213, 5119
0.5218, 5118
0.5224, 5117
0.5229, 5116
0.5234, 5115
0.5240, 5114
0.5249, 5113
0.5256, 5112
0.5264, 5111
0.5272, 5110
0.5277, 5109
0.5282, 5108
0.5288, 5107
0.5293, 5106
0.5300, 5105
0.5306, 5104
0.5313, 5103
0.5321, 5102
0.5327, 5101
0.5336, 5100
0.5342, 5099
0.5350, 5098
0.5358, 5097
0.5363, 5096
0.5370, 5095
0.5376, 5094
0.5381, 5093
0.5388, 5092
0.5395, 5091
0.5402, 5090
0.5407, 5089
0.5414, 5088
0.5421, 5087
0.5430, 5086
0.5437, 5085
0.5442, 5084
0.5448, 5083
0.5456, 5082
0.5462, 5081
0.5467, 5080
0.5474, 5079
0.5480, 5078
0.5486, 5077
0.5492, 5076
0.5498, 5075
0.5505, 5074
0.5512, 5073
0.5519, 5072
0.5525, 5071
0.5530, 5070
0.5535, 5069
0.5543, 5068
0.5553, 5067
0.5559, 5066
0.5567, 5065
0.5574, 5064
0.5584, 5063
0.5590, 5062
0.5597, 5061
0.5603, 5060
0.5611, 5059
0.5617, 5058
0.5622, 5057
0.5628, 5056
0.5633, 5055
0.5640, 5054
0.5647, 5053
0.5653, 5052
0.5659, 5051
0.5665, 5050
0.5670, 5049
0.5677, 5048
0.5684, 5047
0.5691, 5046
0.5701, 5045
0.5707, 5044
0.5713, 5043
0.5719, 5042
0.5724, 5041
0.5734, 5040
0.5739, 5039
0.5745, 5038
0.5753, 5037
0.5759, 5036
0.5764, 5035
0.5772, 5034
0.5779, 5033
0.5785, 5032
0.5792, 5031
0.5801, 5030
0.5808, 5029
0.5816, 5028
0.5822, 5027
0.5829, 5026
0.5835, 5025
0.5841, 5024
0.5847, 5023
0.5853, 5022
0.5859, 5021
0.5866, 5020
0.5876, 5019
0.5885, 5018
0.5890, 5017
0.5896, 5016
0.5901, 5015
0.5911, 5014
0.5917, 5013
0.5924, 5012
0.5931, 5011
0.5938, 5010
0.5944, 5009
0.5950, 5008
0.5956, 5007
0.5962, 5006
0.5971, 5005
0.5976, 5004
0.5984, 5003
0.5990, 5002
0.5995, 5001
0.6005, 5000
0.6011, 4999
0.6019, 4998
0.6026, 4997
0.6031, 4996
0.6038, 4995
0.6043, 4994
0.6049, 4993
0.6056, 4992
0.6062, 4991
0.6069, 4990
0.6076, 4989
0.6086, 4988
0.6093, 4987
0.6099, 4986
0.6105, 4985
0.6112, 4984
0.6119, 4983
0.6125, 4982
0.6132, 4981
0.6140, 4980
0.6149, 4979
0.6155, 4978
0.6160, 4977
0.6167, 4976
0.6176, 4975
0.6186, 4974
0.6191, 4973
0.6197, 4972
0.6204, 4971
0.6211, 4970
0.6216, 4969
0.6224, 4968
0.6231, 4967
0.6237, 4966
0.6245, 4965
0.6250, 4964
0.6256, 4963
0.6261, 4962
0.6268, 4961
0.6276, 4960
0.6281, 4959
0.6286, 4958
0.6292, 4957
0.6298, 4956
0.6305, 4955
0.6311, 4954
0.6317, 4953
0.6323, 4952
0.6330, 4951
0.6340, 4950
0.6348, 4949
0.6359, 4948
0.6365, 4947
0.6371, 4946
0.6380, 4945
0.6385, 4944
0.6391, 4943
0.6396, 4942
0.6401, 4941
0.6407, 4940
0.6412, 4939
0.6419, 4938
0.6424, 4937
0.6431, 4936
0.6437, 4935
0.6446, 4934
0.6455, 4933
0.6460, 4932
0.6466, 4931
0.6472, 4930
0.6479, 4929
0.6485, 4928
0.6490, 4927
0.6497, 4926
0.6504, 4925
0.6510, 4924
0.6517, 4923
0.6524, 4922
0.6531, 4921
0.6536, 4920
0.6542, 4919
0.6552, 4918
0.6560, 4917
0.6566, 4916
0.6574, 4915
0.6579, 4914
0.6585, 4913
0.6590, 4912
0.6595, 4911
0.6601, 4910
0.6606, 4909
0.6615, 4908
0.6620, 4907
0.6626, 4906
0.6632, 4905
0.6637, 4904
0.6643, 4903
0.6648, 4902
0.6655, 4901
0.6660, 4900
0.6670, 4899
0.6677, 4898
0.6682, 4897
0.6688, 4896
0.6693, 4895
0.6699, 4894
0.6706, 4893
0.6711, 4892
0.6719, 4891
0.6727, 4890
0.6734, 4889
0.6739, 4888
0.6744, 4887
0.6750, 4886
0.6756, 4885
0.6761, 4884
0.6767, 4883
0.6773, 4882
0.6779, 4881
0.6785, 4880
0.6791, 4879
0.6800, 4878
0.6805, 4877
0.6810, 4876
0.6818, 4875
0.6824, 4874
0.6829, 4873
0.6834, 4872
0.6842, 4871
0.6850, 4870
0.6857, 4869
0.6866, 4868
0.6871, 4867
0.6876, 4866
0.6881, 4865
0.6890, 4864
0.6899, 4863
0.6904, 4862
0.6910, 4861
0.6917, 4860
0.6924, 4859
0.6931, 4858
0.6937, 4857
0.6944, 4856
0.6953, 4855
0.6959, 4854
0.6969, 4853
0.6975, 4852
0.6980, 4851
0.6986, 4850
0.6995, 4849
0.7001, 4848
0.7008, 4847
0.7014, 4846
0.7019, 4845
0.7026, 4844
0.7031, 4843
0.7036, 4842
0.7041, 4841
0.7049, 4840
0.7055, 4839
0.7065, 4838
0.7072, 4837
0.7079, 4836
0.7084, 4835
0.7089, 4834
0.7096, 4833
0.7101, 4832
0.7107, 4831
0.7116, 4830
0.7122, 4829
0.7128, 4828
0.7134, 4827
0.7143, 4826
0.7152, 4825
0.7157, 4824
0.7164, 4823
0.7169, 4822
0.7175, 4821
0.7181, 4820
0.7186, 4819
0.7193, 4818
0.7198, 4817
0.7203, 4816
0.7208, 4815
0.7214, 4814
0.7222, 4813
0.7231, 4812
0.7238, 4811
0.7243, 4810
0.7252, 4809
0.7256, 4808
0.7261, 4807
0.7266, 4806
0.7271, 4805
0.7280, 4804
0.7289, 4803
0.7294, 4802
0.7299, 4801
0.7306, 4800
0.7312, 4799
0.7319, 4798
0.7323, 4797
0.7329, 4796
0.7335, 4795
0.7342, 4794
0.7349, 4793
0.7354, 4792
0.7361, 4791
0.7366, 4790
0.7374, 4789
0.7380, 4788
0.7386, 4787
0.7391, 4786
0.7397, 4785
0.7402, 4784
0.7408, 4783
0.7415, 4782
0.7420, 4781
0.7429, 4780
0.7437, 4779
0.7442, 4778
0.7450, 4777
0.7455, 4776
0.7461, 4775
0.7466, 4774
0.7475, 4773
0.7481, 4772
0.7488, 4771
0.7493, 4770
0.7499, 4769
0.7508, 4768
0.7514, 4767
0.7519, 4766
0.7524, 4765
0.7533, 4764
0.7541, 4763
0.7547, 4762
0.7554, 4761
0.7559, 4760
0.7564, 4759
0.7576, 4758
0.7582, 4757
0.7587, 4756
0.7595, 4755
0.7600, 4754
0.7606, 4753
0.7611, 4752
0.7616, 4751
0.7624, 4750
0.7629, 4749
0.7635, 4748
0.7641, 4747
0.7649, 4746
0.7655, 4745
0.7663, 4744
0.7670, 4743
0.7679, 4742
0.7686, 4741
0.7692, 4740
0.7697, 4739
0.7703, 4738
0.7708, 4737
0.7714, 4736
0.7723, 4735
0.7728, 4734
0.7734, 4733
0.7739, 4732
0.7744, 4731
0.7752, 4730
0.7758, 4729
0.7762, 4728
0.7768, 4727
0.7776, 4726
0.7784, 4725
0.7792, 4724
0.7801, 4723
0.7806, 4722
0.7813, 4721
0.7821, 4720
0.7826, 4719
0.7832, 4718
0.7837, 4717
0.7844, 4716
0.7852, 4715
0.7860, 4714
0.7868, 4713
0.7873, 4712
0.7880, 4711
0.7888, 4710
0.7897, 4709
0.7904, 4708
0.7912, 4707
0.7918, 4706
0.7926, 4705
0.7933, 4704
0.7940, 4703
0.7949, 4702
0.7958, 4701
0.7966, 4700
0.7975, 4699
0.7983, 4698
0.7991, 4697
0.7997, 4696
0.8006, 4695
0.8013, 4694
0.8022, 4693
0.8031, 4692
0.8041, 4691
0.8049, 4690
1.0121, 4689
1.2170, 4688
1.2573, 4687
1.3198, 4686
1.6812, 4685
1.7014, 4684
1.7818, 4683
1.8826, 4682
2.0040, 4681
2.2260, 4680
2.2859, 4679
2.5060, 4678
2.5482, 4677
2.6618, 4676
2.9921, 4675
2.9927, 4674
3.1483, 4673
3.3653, 4672
3.3661, 4671
3.4457, 4670
3.5292, 4669
3.5717, 4668
3.6830, 4667
3.8392, 4666
3.8400, 4665
3.8405, 4664
3.9073, 4663
4.3519, 4662
4.5029, 4661
5.0169, 4660
5.0608, 4659
5.1877, 4658
5.2509, 4657
5.4520, 4656
5.6870, 4655
6.1908, 4654
6.1916, 4653
6.1921, 4652
6.8096, 4651
6.9337, 4650
7.0904, 4649
7.7673, 4648
7.8790, 4647
8.0188, 4646
8.3106, 4645
8.3557, 4644
8.4650, 4643
8.4658, 4642
8.5097, 4641
8.9935, 4640
9.0902, 4639
9.1531, 4638
9.4535, 4637
9.4945, 4636
9.7751, 4635
9.9442, 4634
