0.1099, 4688
0.1393, 4687
0.1497, 4686
0.2201, 4685
0.2507, 4684
0.2609, 4683
0.2814, 4682
0.3316, 4681
0.3622, 4678
0.3725, 4677
0.4026, 4676
0.4636, 4675
0.5741, 4672
0.6048, 4669
0.6255, 4668
0.6559, 4664
0.7885, 4662
0.8188, 4661
0.9469, 4659
0.9637, 4657
1.0645, 4656
1.1368, 4644
1.1473, 4643
1.1575, 4642
1.2586, 4641
1.2996, 4640
1.5404, 4639
1.5615, 4638
1.6117, 4637
1.6924, 4636
1.7632, 4634
1.8145, 4632
1.8449, 4631
1.9056, 4630
1.9671, 4629
2.0081, 4628
2.0491, 4627
2.0896, 4626
2.3051, 4624
2.3359, 4623
2.4166, 4619
2.4877, 4618
2.5706, 4617
2.6312, 4616
2.7418, 4615
2.8647, 4614
2.8953, 4613
2.9453, 4612
3.0068, 4610
3.0862, 4608
3.2639, 4607
3.2739, 4606
3.5273, 4604
3.6504, 4603
3.7015, 4602
3.7329, 4601
3.7935, 4600
3.8442, 4599
3.9463, 4598
4.0220, 4596
4.0572, 4595
4.1990, 4593
4.5417, 4592
4.6807, 4591
4.8426, 4590
5.2581, 4589
5.2888, 4588
5.3603, 4587
5.3807, 4586
5.4010, 4585
5.4426, 4584
5.5646, 4583
5.7466, 4582
5.7570, 4581
6.2373, 4580
6.7342, 4577
7.1189, 4576
7.4447, 4575
8.3011, 4574
8.3221, 4573
8.3843, 4572
8.4558, 4571
8.9377, 4570
9.2328, 4569
9.5291, 4568
10.0158, 4567
