0.0000, 5900
0.0006, 5899
0.0013, 5898
0.0019, 5897
0.0028, 5896
0.0037, 5895
0.0044, 5894
0.0050, 5893
0.0059, 5892
0.0064, 5891
0.0072, 5890
0.0077, 5889
0.0082, 5888
0.0088, 5887
0.0097, 5886
0.0106, 5885
0.0113, 5884
0.0125, 5883
0.0132, 5882
0.0143, 5881
0.0148, 5880
0.0158, 5879
0.0167, 5878
0.0177, 5877
0.0182, 5876
0.0187, 5875
0.0193, 5874
0.0199, 5873
0.0211, 5872
0.0216, 5871
0.0221, 5870
0.0226, 5869
0.0233, 5868
0.0238, 5867
0.0244, 5866
0.0249, 5865
0.0258, 5864
0.0266, 5863
0.0271, 5862
0.0277, 5861
0.0283, 5860
0.0289, 5859
0.0294, 5858
0.0299, 5857
0.0305, 5856
0.0311, 5855
0.0317, 5854
0.0322, 5853
0.0327, 5852
0.0338, 5851
0.0347, 5850
0.0353, 5849
0.0358, 5848
0.0364, 5847
0.0370, 5846
0.0375, 5845
0.0383, 5844
0.0388, 5843
0.0393, 5842
0.0398, 5841
0.0406, 5840
0.0413, 5839
0.0418, 5838
0.0423, 5837
0.0430, 5836
0.0436, 5835
0.0443, 5834
0.0448, 5833
0.0456, 5832
0.0461, 5831
0.0466, 5830
0.0474, 5829
0.0479, 5828
0.0484, 5827
0.0490, 5826
0.0499, 5825
0.0505, 5824
0.0510, 5823
0.0519, 5822
0.0524, 5821
0.0530, 5820
0.0535, 5819
0.0540, 5818
0.0546, 5817
0.0555, 5816
0.0560, 5815
0.0570, 5814
0.0580, 5813
0.0587, 5812
0.0593, 5811
0.0602, 5810
0.0609, 5809
0.0615, 5808
0.0621, 5807
0.0627, 5806
0.0635, 5805
0.0640, 5804
0.0645, 5803
0.0650, 5802
0.0656, 5801
0.0661, 5800
0.0670, 5799
0.0675, 5798
0.0682, 5797
0.0688, 5796
0.0694, 5795
0.0700, 5794
0.0707, 5793
0.0712, 5792
0.0718, 5791
0.0724, 5790
0.0729, 5789
0.0734, 5788
0.0740, 5787
0.0746, 5786
0.0759, 5785
0.0769, 5784
0.0777, 5783
0.0783, 5782
0.0788, 5781
0.0793, 5780
0.0800, 5779
0.0808, 5778
0.0814, 5777
0.0822, 5776
0.0829, 5775
0.0836, 5774
0.0842, 5773
0.0853, 5772
0.0860, 5771
0.0871, 5770
0.0877, 5769
0.0882, 5768
0.0890, 5767
0.0895, 5766
0.0902, 5765
0.0910, 5764
0.0916, 5763
0.0921, 5762
0.0927, 5761
0.0932, 5760
0.0942, 5759
0.0947, 5758
0.0952, 5757
0.0958, 5756
0.0963, 5755
0.0968, 5754
0.0976, 5753
0.0983, 5752
0.0988, 5751
0.0994, 5750
0.0999, 5749
0.1008, 5748
0.1013, 5747
0.1019, 5746
0.1028, 5745
0.1040, 5744
0.1046, 5743
0.1052, 5742
0.1057, 5741
0.1067, 5740
0.1073, 5739
0.1079, 5738
0.1084, 5737
0.1090, 5736
0.1095, 5735
0.1101, 5734
0.1106, 5733
0.1113, 5732
0.1118, 5731
0.1124, 5730
0.1130, 5729
0.1136, 5728
0.1141, 5727
0.1147, 5726
0.1153, 5725
0.1160, 5724
0.1166, 5723
0.1177, 5722
0.1183, 5721
0.1189, 5720
0.1196, 5719
0.1204, 5718
0.1213, 5717
0.1221, 5716
0.1231, 5715
0.1241, 5714
0.1246, 5713
0.1252, 5712
0.1258, 5711
0.1264, 5710
0.1269, 5709
0.1278, 5708
0.1285, 5707
0.1292, 5706
0.1297, 5705
0.1303, 5704
0.1308, 5703
0.1314, 5702
0.1319, 5701
0.1326, 5700
0.1336, 5699
0.1341, 5698
0.1346, 5697
0.1352, 5696
0.1364, 5695
0.1371, 5694
0.1378, 5693
0.1384, 5692
0.1390, 5691
0.1395, 5690
0.1400, 5689
0.1407, 5688
0.1413, 5687
0.1418, 5686
0.1428, 5685
0.1434, 5684
0.1439, 5683
0.1445, 5682
0.1451, 5681
0.1457, 5680
0.1464, 5679
0.1470, 5678
0.1476, 5677
0.1482, 5676
0.1488, 5675
0.1494, 5674
0.1499, 5673
0.1506, 5672
0.1512, 5671
0.1517, 5670
0.1523, 5669
0.1529, 5668
0.1535, 5667
0.1541, 5666
0.1546, 5665
0.1552, 5664
0.1558, 5663
0.1564, 5662
0.1574, 5661
0.1580, 5660
0.1589, 5659
0.1595, 5658
0.1607, 5657
0.1616, 5656
0.1625, 5655
0.1632, 5654
0.1639, 5653
0.1646, 5652
0.1652, 5651
0.1658, 5650
0.1663, 5649
0.1669, 5648
0.1677, 5647
0.1682, 5646
0.1689, 5645
0.1696, 5644
0.1702, 5643
0.1708, 5642
0.1714, 5641
0.1721, 5640
0.1729, 5639
0.1738, 5638
0.1744, 5637
0.1749, 5636
0.1756, 5635
0.1767, 5634
0.1773, 5633
0.1784, 5632
0.1792, 5631
0.1798, 5630
0.1809, 5629
0.1818, 5628
0.1824, 5627
0.1835, 5626
0.1844, 5625
0.1851, 5624
0.1860, 5623
0.1866, 5622
0.1872, 5621
0.1879, 5620
0.1885, 5619
0.1895, 5618
0.1901, 5617
0.1907, 5616
0.1913, 5615
0.1920, 5614
0.1929, 5613
0.1935, 5612
0.1941, 5611
0.1947, 5610
0.1955, 5609
0.1961, 5608
0.1967, 5607
0.1973, 5606
0.1979, 5605
0.1985, 5604
0.1991, 5603
0.1996, 5602
0.2002, 5601
0.2008, 5600
0.2014, 5599
0.2019, 5598
0.2025, 5597
0.2030, 5596
0.2037, 5595
0.2046, 5594
0.2052, 5593
0.2061, 5592
0.2068, 5591
0.2076, 5590
0.2084, 5589
0.2093, 5588
0.2099, 5587
0.2106, 5586
0.2111, 5585
0.2119, 5584
0.2129, 5583
0.2136, 5582
0.2142, 5581
0.2148, 5580
0.2155, 5579
0.2162, 5578
0.2168, 5577
0.2179, 5576
0.2186, 5575
0.2192, 5574
0.2199, 5573
0.2206, 5572
0.2211, 5571
0.2219, 5570
0.2229, 5569
0.2235, 5568
0.2244, 5567
0.2250, 5566
0.2256, 5565
0.2262, 5564
0.2269, 5563
0.2281, 5562
0.2288, 5561
0.2294, 5560
0.2300, 5559
0.2305, 5558
0.2311, 5557
0.2322, 5556
0.2328, 5555
0.2334, 5554
0.2341, 5553
0.2350, 5552
0.2356, 5551
0.2363, 5550
0.2370, 5549
0.2376, 5548
0.2383, 5547
0.2390, 5546
0.2396, 5545
0.2402, 5544
0.2408, 5543
0.2413, 5542
0.2421, 5541
0.2427, 5540
0.2433, 5539
0.2438, 5538
0.2444, 5537
0.2450, 5536
0.2456, 5535
0.2463, 5534
0.2472, 5533
0.2478, 5532
0.2484, 5531
0.2490, 5530
0.2496, 5529
0.2502, 5528
0.2508, 5527
0.2514, 5526
0.2522, 5525
0.2528, 5524
0.2536, 5523
0.2545, 5522
0.2555, 5521
0.2564, 5520
0.2572, 5519
0.2578, 5518
0.2584, 5517
0.2591, 5516
0.2597, 5515
0.2605, 5514
0.2611, 5513
0.2617, 5512
0.2623, 5511
0.2629, 5510
0.2634, 5509
0.2641, 5508
0.2646, 5507
0.2654, 5506
0.2659, 5505
0.2665, 5504
0.2671, 5503
0.2681, 5502
0.2687, 5501
0.2693, 5500
0.2700, 5499
0.2710, 5498
0.2717, 5497
0.2723, 5496
0.2729, 5495
0.2736, 5494
0.2743, 5493
0.2749, 5492
0.2755, 5491
0.2765, 5490
0.2774, 5489
0.2780, 5488
0.2786, 5487
0.2792, 5486
0.2798, 5485
0.2808, 5484
0.2814, 5483
0.2820, 5482
0.2830, 5481
0.2837, 5480
0.2842, 5479
0.2848, 5478
0.2854, 5477
0.2860, 5476
0.2867, 5475
0.2873, 5474
0.2881, 5473
0.2887, 5472
0.2893, 5471
0.2900, 5470
0.2906, 5469
0.2912, 5468
0.2918, 5467
0.2924, 5466
0.2935, 5465
0.2941, 5464
0.2946, 5463
0.2952, 5462
0.2959, 5461
0.2965, 5460
0.2971, 5459
0.2978, 5458
0.2983, 5457
0.2990, 5456
0.2998, 5455
0.3005, 5454
0.3011, 5453
0.3018, 5452
0.3024, 5451
0.3032, 5450
0.3038, 5449
0.3045, 5448
0.3052, 5447
0.3058, 5446
0.3063, 5445
0.3070, 5444
0.3080, 5443
0.3086, 5442
0.3092, 5441
0.3098, 5440
0.3104, 5439
0.3111, 5438
0.3121, 5437
0.3129, 5436
0.3135, 5435
0.3142, 5434
0.3148, 5433
0.3154, 5432
0.3165, 5431
0.3171, 5430
0.3177, 5429
0.3183, 5428
0.3189, 5427
0.3197, 5426
0.3206, 5425
0.3212, 5424
0.3219, 5423
0.3227, 5422
0.3234, 5421
0.3241, 5420
0.3250, 5419
0.3256, 5418
0.3261, 5417
0.3272, 5416
0.3278, 5415
0.3285, 5414
0.3291, 5413
0.3297, 5412
0.3304, 5411
0.3310, 5410
0.3316, 5409
0.3322, 5408
0.3327, 5407
0.3335, 5406
0.3344, 5405
0.3353, 5404
0.3361, 5403
0.3370, 5402
0.3376, 5401
0.3382, 5400
0.3390, 5399
0.3399, 5398
0.3407, 5397
0.3413, 5396
0.3420, 5395
0.3429, 5394
0.3437, 5393
0.3444, 5392
0.3452, 5391
0.3457, 5390
0.3463, 5389
0.3469, 5388
0.3476, 5387
0.3482, 5386
0.3491, 5385
0.3497, 5384
0.3505, 5383
0.3512, 5382
0.3520, 5381
0.3527, 5380
0.3533, 5379
0.3539, 5378
0.3548, 5377
0.3555, 5376
0.3561, 5375
0.3568, 5374
0.3576, 5373
0.3583, 5372
0.3588, 5371
0.3596, 5370
0.3603, 5369
0.3610, 5368
0.3618, 5367
0.3623, 5366
0.3631, 5365
0.3638, 5364
0.3645, 5363
0.3655, 5362
0.3661, 5361
0.3669, 5360
0.3676, 5359
0.3682, 5358
0.3689, 5357
0.3700, 5356
0.3706, 5355
0.3714, 5354
0.3720, 5353
0.3728, 5352
0.3734, 5351
0.3743, 5350
0.3750, 5349
0.3757, 5348
0.3763, 5347
0.3770, 5346
0.3780, 5345
0.3789, 5344
0.3795, 5343
0.3803, 5342
0.3809, 5341
0.3815, 5340
0.3821, 5339
0.3826, 5338
0.3832, 5337
0.3838, 5336
0.3845, 5335
0.3851, 5334
0.3858, 5333
0.3867, 5332
0.3877, 5331
0.3883, 5330
0.3889, 5329
0.3894, 5328
0.3901, 5327
0.3908, 5326
0.3914, 5325
0.3920, 5324
0.3926, 5323
0.3937, 5322
0.3947, 5321
0.3957, 5320
0.3965, 5319
0.3972, 5318
0.3978, 5317
0.3984, 5316
0.3992, 5315
0.4000, 5314
0.4006, 5313
0.4014, 5312
0.4022, 5311
0.4029, 5310
0.4035, 5309
0.4041, 5308
0.4051, 5307
0.4058, 5306
0.4065, 5305
0.4070, 5304
0.4077, 5303
0.4083, 5302
0.4089, 5301
0.4095, 5300
0.4101, 5299
0.4107, 5298
0.4114, 5297
0.4120, 5296
0.4128, 5295
0.4135, 5294
0.4140, 5293
0.4147, 5292
0.4155, 5291
0.4163, 5290
0.4170, 5289
0.4179, 5288
0.4186, 5287
0.4192, 5286
0.4199, 5285
0.4204, 5284
0.4212, 5283
0.4218, 5282
0.4223, 5281
0.4228, 5280
0.4234, 5279
0.4240, 5278
0.4246, 5277
0.4253, 5276
0.4260, 5275
0.4266, 5274
0.4275, 5273
0.4281, 5272
0.4286, 5271
0.4292, 5270
0.4299, 5269
0.4306, 5268
0.4311, 5267
0.4317, 5266
0.4323, 5265
0.4330, 5264
0.4337, 5263
0.4344, 5262
0.4350, 5261
0.4356, 5260
0.4365, 5259
0.4371, 5258
0.4377, 5257
0.4384, 5256
0.4392, 5255
0.4399, 5254
0.4409, 5253
0.4417, 5252
0.4425, 5251
0.4436, 5250
0.4441, 5249
0.4447, 5248
0.4454, 5247
0.4461, 5246
0.4467, 5245
0.4473, 5244
0.4480, 5243
0.4485, 5242
0.4491, 5241
0.4497, 5240
0.4503, 5239
0.4509, 5238
0.4515, 5237
0.4524, 5236
0.4529, 5235
0.4535, 5234
0.4542, 5233
0.4547, 5232
0.4555, 5231
0.4561, 5230
0.4567, 5229
0.4573, 5228
0.4580, 5227
0.4589, 5226
0.4595, 5225
0.4601, 5224
0.4611, 5223
0.4621, 5222
0.4628, 5221
0.4636, 5220
0.4644, 5219
0.4650, 5218
0.4655, 5217
0.4662, 5216
0.4669, 5215
0.4676, 5214
0.4682, 5213
0.4691, 5212
0.4698, 5211
0.4706, 5210
0.4714, 5209
0.4721, 5208
0.4728, 5207
0.4736, 5206
0.4743, 5205
0.4750, 5204
0.4758, 5203
0.4765, 5202
0.4772, 5201
0.4778, 5200
0.4786, 5199
0.4793, 5198
0.4800, 5197
0.4807, 5196
0.4814, 5195
0.4823, 5194
0.4828, 5193
0.4834, 5192
0.4841, 5191
0.4847, 5190
0.4855, 5189
0.4860, 5188
0.4866, 5187
0.4872, 5186
0.4879, 5185
0.4885, 5184
0.4892, 5183
0.4900, 5182
0.4907, 5181
0.4915, 5180
0.4924, 5179
0.4930, 5178
0.4939, 5177
0.4945, 5176
0.4952, 5175
0.4961, 5174
0.4968, 5173
0.4976, 5172
0.4982, 5171
0.4988, 5170
0.4993, 5169
0.5002, 5168
0.5008, 5167
0.5013, 5166
0.5020, 5165
0.5029, 5164
0.5035, 5163
0.5042, 5162
0.5049, 5161
0.5059, 5160
0.5067, 5159
0.5074, 5158
0.5081, 5157
0.5087, 5156
0.5093, 5155
0.5100, 5154
0.5107, 5153
0.5116, 5152
0.5123, 5151
0.5129, 5150
0.5136, 5149
0.5143, 5148
0.5150, 5147
0.5156, 5146
0.5161, 5145
0.5166, 5144
0.5174, 5143
0.5180, 5142
0.5186, 5141
0.5191, 5140
0.5198, 5139
0.5204, 5138
0.5211, 5137
0.5219, 5136
0.5225, 5135
0.5233, 5134
0.5239, 5133
0.5245, 5132
0.5250, 5131
0.5258, 5130
0.5265, 5129
0.5272, 5128
0.5279, 5127
0.5287, 5126
0.5295, 5125
0.5302, 5124
0.5308, 5123
0.5314, 5122
0.5320, 5121
0.5328, 5120
0.5333, 5119
0.5339, 5118
0.5344, 5117
0.5349, 5116
0.5355, 5115
0.5361, 5114
0.5370, 5113
0.5377, 5112
0.5385, 5111
0.5394, 5110
0.5400, 5109
0.5405, 5108
0.5411, 5107
0.5417, 5106
0.5424, 5105
0.5430, 5104
0.5437, 5103
0.5445, 5102
0.5452, 5101
0.5461, 5100
0.5468, 5099
0.5476, 5098
0.5484, 5097
0.5490, 5096
0.5498, 5095
0.5504, 5094
0.5510, 5093
0.5517, 5092
0.5524, 5091
0.5531, 5090
0.5537, 5089
0.5544, 5088
0.5552, 5087
0.5562, 5086
0.5568, 5085
0.5574, 5084
0.5580, 5083
0.5588, 5082
0.5594, 5081
0.5600, 5080
0.5607, 5079
0.5613, 5078
0.5619, 5077
0.5626, 5076
0.5631, 5075
0.5639, 5074
0.5646, 5073
0.5653, 5072
0.5659, 5071
0.5665, 5070
0.5670, 5069
0.5678, 5068
0.5688, 5067
0.5694, 5066
0.5702, 5065
0.5709, 5064
0.5719, 5063
0.5726, 5062
0.5733, 5061
0.5738, 5060
0.5747, 5059
0.5753, 5058
0.5759, 5057
0.5764, 5056
0.5770, 5055
0.5777, 5054
0.5783, 5053
0.5790, 5052
0.5796, 5051
0.5801, 5050
0.5807, 5049
0.5814, 5048
0.5822, 5047
0.5828, 5046
0.5838, 5045
0.5845, 5044
0.5851, 5043
0.5857, 5042
0.5862, 5041
0.5872, 5040
0.5877, 5039
0.5884, 5038
0.5892, 5037
0.5897, 5036
0.5902, 5035
0.5910, 5034
0.5918, 5033
0.5924, 5032
0.5930, 5031
0.5940, 5030
0.5946, 5029
0.5955, 5028
0.5960, 5027
0.5967, 5026
0.5973, 5025
0.5980, 5024
0.5987, 5023
0.5993, 5022
0.5999, 5021
0.6007, 5020
0.6017, 5019
0.6026, 5018
0.6032, 5017
0.6037, 5016
0.6043, 5015
0.6053, 5014
0.6060, 5013
0.6067, 5012
0.6074, 5011
0.6081, 5010
0.6088, 5009
0.6094, 5008
0.6100, 5007
0.6106, 5006
0.6115, 5005
0.6120, 5004
0.6129, 5003
0.6135, 5002
0.6140, 5001
0.6150, 5000
0.6156, 4999
0.6164, 4998
0.6171, 4997
0.6177, 4996
0.6184, 4995
0.6189, 4994
0.6195, 4993
0.6203, 4992
0.6208, 4991
0.6216, 4990
0.6224, 4989
0.6233, 4988
0.6241, 4987
0.6247, 4986
0.6254, 4985
0.6260, 4984
0.6267, 4983
0.6274, 4982
0.6281, 4981
0.6289, 4980
0.6299, 4979
0.6304, 4978
0.6310, 4977
0.6317, 4976
0.6327, 4975
0.6337, 4974
0.6343, 4973
0.6349, 4972
0.6356, 4971
0.6363, 4970
0.6369, 4969
0.6377, 4968
0.6384, 4967
0.6391, 4966
0.6398, 4965
0.6404, 4964
0.6409, 4963
0.6415, 4962
0.6422, 4961
0.6430, 4960
0.6435, 4959
0.6441, 4958
0.6446, 4957
0.6453, 4956
0.6461, 4955
0.6466, 4954
0.6472, 4953
0.6479, 4952
0.6487, 4951
0.6497, 4950
0.6506, 4949
0.6517, 4948
0.6523, 4947
0.6529, 4946
0.6538, 4945
0.6543, 4944
0.6549, 4943
0.6555, 4942
0.6560, 4941
0.6567, 4940
0.6572, 4939
0.6579, 4938
0.6584, 4937
0.6591, 4936
0.6598, 4935
0.6608, 4934
0.6616, 4933
0.6622, 4932
0.6628, 4931
0.6634, 4930
0.6641, 4929
0.6648, 4928
0.6653, 4927
0.6661, 4926
0.6668, 4925
0.6675, 4924
0.6681, 4923
0.6689, 4922
0.6695, 4921
0.6701, 4920
0.6708, 4919
0.6717, 4918
0.6726, 4917
0.6732, 4916
0.6740, 4915
0.6746, 4914
0.6751, 4913
0.6756, 4912
0.6762, 4911
0.6767, 4910
0.6772, 4909
0.6782, 4908
0.6787, 4907
0.6793, 4906
0.6799, 4905
0.6805, 4904
0.6810, 4903
0.6816, 4902
0.6823, 4901
0.6828, 4900
0.6838, 4899
0.6845, 4898
0.6850, 4897
0.6856, 4896
0.6861, 4895
0.6868, 4894
0.6874, 4893
0.6880, 4892
0.6889, 4891
0.6896, 4890
0.6904, 4889
0.6909, 4888
0.6915, 4887
0.6920, 4886
0.6926, 4885
0.6932, 4884
0.6938, 4883
0.6944, 4882
0.6949, 4881
0.6955, 4880
0.6962, 4879
0.6971, 4878
0.6976, 4877
0.6982, 4876
0.6989, 4875
0.6995, 4874
0.7000, 4873
0.7006, 4872
0.7015, 4871
0.7024, 4870
0.7032, 4869
0.7040, 4868
0.7046, 4867
0.7051, 4866
0.7056, 4865
0.7066, 4864
0.7074, 4863
0.7080, 4862
0.7086, 4861
0.7093, 4860
0.7100, 4859
0.7108, 4858
0.7114, 4857
0.7121, 4856
0.7131, 4855
0.7136, 4854
0.7147, 4853
0.7152, 4852
0.7158, 4851
0.7164, 4850
0.7173, 4849
0.7180, 4848
0.7187, 4847
0.7193, 4846
0.7198, 4845
0.7206, 4844
0.7211, 4843
0.7216, 4842
0.7221, 4841
0.7229, 4840
0.7236, 4839
0.7245, 4838
0.7253, 4837
0.7259, 4836
0.7264, 4835
0.7270, 4834
0.7276, 4833
0.7282, 4832
0.7288, 4831
0.7297, 4830
0.7302, 4829
0.7308, 4828
0.7315, 4827
0.7324, 4826
0.7332, 4825
0.7337, 4824
0.7345, 4823
0.7350, 4822
0.7357, 4821
0.7363, 4820
0.7368, 4819
0.7374, 4818
0.7380, 4817
0.7385, 4816
0.7391, 4815
0.7396, 4814
0.7405, 4813
0.7414, 4812
0.7420, 4811
0.7426, 4810
0.7434, 4809
0.7439, 4808
0.7444, 4807
0.7449, 4806
0.7454, 4805
0.7463, 4804
0.7471, 4803
0.7476, 4802
0.7482, 4801
0.7489, 4800
0.7495, 4799
0.7500, 4798
0.7505, 4797
0.7511, 4796
0.7517, 4795
0.7524, 4794
0.7531, 4793
0.7536, 4792
0.7543, 4791
0.7548, 4790
0.7556, 4789
0.7562, 4788
0.7569, 4787
0.7574, 4786
0.7579, 4785
0.7585, 4784
0.7590, 4783
0.7597, 4782
0.7603, 4781
0.7611, 4780
0.7619, 4779
0.7624, 4778
0.7632, 4777
0.7638, 4776
0.7643, 4775
0.7648, 4774
0.7658, 4773
0.7663, 4772
0.7670, 4771
0.7676, 4770
0.7682, 4769
0.7690, 4768
0.7696, 4767
0.7701, 4766
0.7706, 4765
0.7716, 4764
0.7724, 4763
0.7730, 4762
0.7736, 4761
0.7741, 4760
0.7747, 4759
0.7757, 4758
0.7764, 4757
0.7769, 4756
0.7777, 4755
0.7782, 4754
0.7788, 4753
0.7793, 4752
0.7798, 4751
0.7806, 4750
0.7811, 4749
0.7816, 4748
0.7822, 4747
0.7831, 4746
0.7836, 4745
0.7844, 4744
0.7851, 4743
0.7860, 4742
0.7867, 4741
0.7873, 4740
0.7878, 4739
0.7884, 4738
0.7889, 4737
0.7895, 4736
0.7903, 4735
0.7908, 4734
0.7915, 4733
0.7920, 4732
0.7925, 4731
0.7933, 4730
0.7938, 4729
0.7943, 4728
0.7949, 4727
0.7957, 4726
0.7964, 4725
0.7972, 4724
0.7981, 4723
0.7986, 4722
0.7993, 4721
0.8002, 4720
0.8006, 4719
0.8012, 4718
0.8017, 4717
0.8024, 4716
0.8032, 4715
0.8040, 4714
0.8048, 4713
0.8053, 4712
0.8060, 4711
0.8068, 4710
0.8077, 4709
0.8084, 4708
0.8092, 4707
0.8098, 4706
0.8106, 4705
0.8113, 4704
0.8120, 4703
0.8129, 4702
0.8138, 4701
0.8145, 4700
0.8154, 4699
0.8162, 4698
0.8169, 4697
0.8176, 4696
0.8184, 4695
0.8192, 4694
0.8201, 4693
0.8209, 4692
0.8218, 4691
0.8227, 4690
0.9931, 4689
1.2640, 4688
1.3101, 4687
1.5031, 4686
1.7045, 4685
1.7657, 4684
1.8329, 4683
1.9680, 4682
2.1302, 4681
2.3781, 4680
2.4438, 4679
2.5679, 4678
2.6581, 4677
2.8275, 4676
3.1514, 4675
3.1519, 4674
3.2578, 4673
3.5065, 4672
3.5070, 4671
3.5077, 4670
3.6552, 4669
3.7170, 4668
3.7785, 4667
3.8999, 4666
3.9006, 4665
3.9415, 4664
3.9834, 4663
4.4512, 4662
4.5388, 4661
5.0563, 4660
5.0976, 4659
5.2659, 4658
5.3115, 4657
5.5148, 4656
5.7573, 4655
6.2021, 4654
6.3041, 4653
6.3047, 4652
6.8507, 4651
7.0416, 4650
7.1244, 4649
7.7841, 4648
7.8677, 4647
8.0168, 4646
8.2905, 4645
8.3734, 4644
8.3740, 4643
8.3746, 4642
8.4159, 4641
8.9115, 4640
9.0430, 4639
9.0439, 4638
9.3785, 4637
9.4656, 4636
9.7912, 4635
9.9457, 4634
