0.0000, 5900
0.0006, 5899
0.0013, 5898
0.0019, 5897
0.0029, 5896
0.0036, 5895
0.0043, 5894
0.0050, 5893
0.0058, 5892
0.0063, 5891
0.0072, 5890
0.0077, 5889
0.0082, 5888
0.0087, 5887
0.0096, 5886
0.0106, 5885
0.0112, 5884
0.0124, 5883
0.0130, 5882
0.0141, 5881
0.0147, 5880
0.0157, 5879
0.0165, 5878
0.0175, 5877
0.0180, 5876
0.0185, 5875
0.0191, 5874
0.0197, 5873
0.0209, 5872
0.0214, 5871
0.0219, 5870
0.0224, 5869
0.0232, 5868
0.0237, 5867
0.0242, 5866
0.0247, 5865
0.0256, 5864
0.0264, 5863
0.0270, 5862
0.0276, 5861
0.0282, 5860
0.0288, 5859
0.0294, 5858
0.0299, 5857
0.0305, 5856
0.0311, 5855
0.0317, 5854
0.0322, 5853
0.0327, 5852
0.0337, 5851
0.0346, 5850
0.0351, 5849
0.0356, 5848
0.0363, 5847
0.0368, 5846
0.0373, 5845
0.0381, 5844
0.0386, 5843
0.0391, 5842
0.0396, 5841
0.0404, 5840
0.0411, 5839
0.0416, 5838
0.0421, 5837
0.0428, 5836
0.0433, 5835
0.0440, 5834
0.0445, 5833
0.0452, 5832
0.0457, 5831
0.0462, 5830
0.0470, 5829
0.0476, 5828
0.0481, 5827
0.0487, 5826
0.0496, 5825
0.0501, 5824
0.0506, 5823
0.0515, 5822
0.0520, 5821
0.0525, 5820
0.0531, 5819
0.0536, 5818
0.0541, 5817
0.0550, 5816
0.0556, 5815
0.0566, 5814
0.0576, 5813
0.0583, 5812
0.0589, 5811
0.0599, 5810
0.0606, 5809
0.0612, 5808
0.0619, 5807
0.0625, 5806
0.0633, 5805
0.0639, 5804
0.0644, 5803
0.0649, 5802
0.0654, 5801
0.0659, 5800
0.0668, 5799
0.0673, 5798
0.0679, 5797
0.0685, 5796
0.0691, 5795
0.0697, 5794
0.0704, 5793
0.0709, 5792
0.0714, 5791
0.0720, 5790
0.0725, 5789
0.0730, 5788
0.0736, 5787
0.0741, 5786
0.0754, 5785
0.0764, 5784
0.0772, 5783
0.0777, 5782
0.0783, 5781
0.0788, 5780
0.0794, 5779
0.0803, 5778
0.0808, 5777
0.0816, 5776
0.0823, 5775
0.0829, 5774
0.0835, 5773
0.0846, 5772
0.0853, 5771
0.0864, 5770
0.0870, 5769
0.0876, 5768
0.0883, 5767
0.0889, 5766
0.0896, 5765
0.0904, 5764
0.0909, 5763
0.0915, 5762
0.0921, 5761
0.0926, 5760
0.0936, 5759
0.0941, 5758
0.0947, 5757
0.0952, 5756
0.0957, 5755
0.0963, 5754
0.0971, 5753
0.0978, 5752
0.0983, 5751
0.0988, 5750
0.0993, 5749
0.1002, 5748
0.1007, 5747
0.1012, 5746
0.1021, 5745
0.1032, 5744
0.1037, 5743
0.1042, 5742
0.1048, 5741
0.1058, 5740
0.1063, 5739
0.1069, 5738
0.1074, 5737
0.1080, 5736
0.1085, 5735
0.1091, 5734
0.1096, 5733
0.1102, 5732
0.1107, 5731
0.1113, 5730
0.1118, 5729
0.1124, 5728
0.1131, 5727
0.1136, 5726
0.1142, 5725
0.1149, 5724
0.1155, 5723
0.1165, 5722
0.1172, 5721
0.1177, 5720
0.1185, 5719
0.1192, 5718
0.1202, 5717
0.1211, 5716
0.1220, 5715
0.1230, 5714
0.1236, 5713
0.1242, 5712
0.1247, 5711
0.1253, 5710
0.1258, 5709
0.1267, 5708
0.1274, 5707
0.1280, 5706
0.1286, 5705
0.1291, 5704
0.1296, 5703
0.1302, 5702
0.1308, 5701
0.1314, 5700
0.1324, 5699
0.1329, 5698
0.1334, 5697
0.1339, 5696
0.1350, 5695
0.1358, 5694
0.1363, 5693
0.1369, 5692
0.1374, 5691
0.1380, 5690
0.1385, 5689
0.1391, 5688
0.1397, 5687
0.1403, 5686
0.1412, 5685
0.1418, 5684
0.1424, 5683
0.1430, 5682
0.1436, 5681
0.1442, 5680
0.1448, 5679
0.1453, 5678
0.1459, 5677
0.1465, 5676
0.1471, 5675
0.1477, 5674
0.1483, 5673
0.1490, 5672
0.1495, 5671
0.1501, 5670
0.1507, 5669
0.1512, 5668
0.1519, 5667
0.1525, 5666
0.1530, 5665
0.1536, 5664
0.1542, 5663
0.1547, 5662
0.1557, 5661
0.1563, 5660
0.1571, 5659
0.1577, 5658
0.1588, 5657
0.1598, 5656
0.1607, 5655
0.1613, 5654
0.1621, 5653
0.1627, 5652
0.1633, 5651
0.1639, 5650
0.1644, 5649
0.1650, 5648
0.1657, 5647
0.1663, 5646
0.1668, 5645
0.1675, 5644
0.1681, 5643
0.1687, 5642
0.1692, 5641
0.1699, 5640
0.1707, 5639
0.1716, 5638
0.1722, 5637
0.1728, 5636
0.1735, 5635
0.1745, 5634
0.1752, 5633
0.1762, 5632
0.1771, 5631
0.1776, 5630
0.1786, 5629
0.1795, 5628
0.1801, 5627
0.1813, 5626
0.1821, 5625
0.1828, 5624
0.1837, 5623
0.1842, 5622
0.1848, 5621
0.1855, 5620
0.1861, 5619
0.1871, 5618
0.1877, 5617
0.1882, 5616
0.1888, 5615
0.1894, 5614
0.1903, 5613
0.1909, 5612
0.1915, 5611
0.1922, 5610
0.1929, 5609
0.1935, 5608
0.1941, 5607
0.1946, 5606
0.1952, 5605
0.1958, 5604
0.1964, 5603
0.1969, 5602
0.1975, 5601
0.1980, 5600
0.1985, 5599
0.1991, 5598
0.1996, 5597
0.2001, 5596
0.2007, 5595
0.2015, 5594
0.2021, 5593
0.2031, 5592
0.2037, 5591
0.2044, 5590
0.2053, 5589
0.2062, 5588
0.2068, 5587
0.2074, 5586
0.2080, 5585
0.2087, 5584
0.2097, 5583
0.2103, 5582
0.2110, 5581
0.2116, 5580
0.2122, 5579
0.2129, 5578
0.2136, 5577
0.2146, 5576
0.2152, 5575
0.2158, 5574
0.2165, 5573
0.2171, 5572
0.2176, 5571
0.2183, 5570
0.2192, 5569
0.2198, 5568
0.2207, 5567
0.2213, 5566
0.2218, 5565
0.2224, 5564
0.2231, 5563
0.2242, 5562
0.2249, 5561
0.2255, 5560
0.2260, 5559
0.2266, 5558
0.2272, 5557
0.2282, 5556
0.2288, 5555
0.2293, 5554
0.2300, 5553
0.2308, 5552
0.2314, 5551
0.2320, 5550
0.2326, 5549
0.2332, 5548
0.2339, 5547
0.2345, 5546
0.2351, 5545
0.2356, 5544
0.2361, 5543
0.2367, 5542
0.2373, 5541
0.2380, 5540
0.2385, 5539
0.2390, 5538
0.2396, 5537
0.2401, 5536
0.2407, 5535
0.2413, 5534
0.2422, 5533
0.2427, 5532
0.2433, 5531
0.2438, 5530
0.2444, 5529
0.2450, 5528
0.2455, 5527
0.2460, 5526
0.2468, 5525
0.2474, 5524
0.2482, 5523
0.2491, 5522
0.2501, 5521
0.2510, 5520
0.2517, 5519
0.2523, 5518
0.2529, 5517
0.2536, 5516
0.2542, 5515
0.2550, 5514
0.2556, 5513
0.2562, 5512
0.2568, 5511
0.2574, 5510
0.2579, 5509
0.2586, 5508
0.2591, 5507
0.2599, 5506
0.2604, 5505
0.2610, 5504
0.2616, 5503
0.2625, 5502
0.2631, 5501
0.2637, 5500
0.2643, 5499
0.2652, 5498
0.2659, 5497
0.2665, 5496
0.2671, 5495
0.2677, 5494
0.2683, 5493
0.2689, 5492
0.2695, 5491
0.2704, 5490
0.2712, 5489
0.2718, 5488
0.2724, 5487
0.2729, 5486
0.2734, 5485
0.2744, 5484
0.2749, 5483
0.2754, 5482
0.2764, 5481
0.2770, 5480
0.2775, 5479
0.2780, 5478
0.2786, 5477
0.2792, 5476
0.2798, 5475
0.2803, 5474
0.2811, 5473
0.2817, 5472
0.2823, 5471
0.2829, 5470
0.2835, 5469
0.2841, 5468
0.2847, 5467
0.2852, 5466
0.2863, 5465
0.2868, 5464
0.2874, 5463
0.2880, 5462
0.2886, 5461
0.2892, 5460
0.2898, 5459
0.2904, 5458
0.2911, 5457
0.2917, 5456
0.2926, 5455
0.2933, 5454
0.2938, 5453
0.2945, 5452
0.2951, 5451
0.2959, 5450
0.2964, 5449
0.2971, 5448
0.2977, 5447
0.2982, 5446
0.2988, 5445
0.2993, 5444
0.3004, 5443
0.3010, 5442
0.3015, 5441
0.3021, 5440
0.3027, 5439
0.3033, 5438
0.3042, 5437
0.3050, 5436
0.3056, 5435
0.3062, 5434
0.3067, 5433
0.3074, 5432
0.3083, 5431
0.3089, 5430
0.3094, 5429
0.3100, 5428
0.3106, 5427
0.3113, 5426
0.3122, 5425
0.3127, 5424
0.3134, 5423
0.3141, 5422
0.3148, 5421
0.3154, 5420
0.3164, 5419
0.3169, 5418
0.3174, 5417
0.3185, 5416
0.3190, 5415
0.3197, 5414
0.3203, 5413
0.3209, 5412
0.3215, 5411
0.3220, 5410
0.3225, 5409
0.3230, 5408
0.3236, 5407
0.3243, 5406
0.3251, 5405
0.3259, 5404
0.3267, 5403
0.3275, 5402
0.3280, 5401
0.3286, 5400
0.3293, 5399
0.3302, 5398
0.3309, 5397
0.3315, 5396
0.3321, 5395
0.3330, 5394
0.3337, 5393
0.3344, 5392
0.3351, 5391
0.3356, 5390
0.3361, 5389
0.3367, 5388
0.3374, 5387
0.3379, 5386
0.3388, 5385
0.3393, 5384
0.3400, 5383
0.3406, 5382
0.3413, 5381
0.3420, 5380
0.3425, 5379
0.3431, 5378
0.3438, 5377
0.3445, 5376
0.3451, 5375
0.3457, 5374
0.3464, 5373
0.3470, 5372
0.3475, 5371
0.3482, 5370
0.3488, 5369
0.3495, 5368
0.3502, 5367
0.3507, 5366
0.3515, 5365
0.3522, 5364
0.3528, 5363
0.3538, 5362
0.3544, 5361
0.3552, 5360
0.3559, 5359
0.3565, 5358
0.3571, 5357
0.3582, 5356
0.3587, 5355
0.3594, 5354
0.3600, 5353
0.3607, 5352
0.3612, 5351
0.3620, 5350
0.3627, 5349
0.3633, 5348
0.3639, 5347
0.3645, 5346
0.3653, 5345
0.3662, 5344
0.3667, 5343
0.3674, 5342
0.3681, 5341
0.3686, 5340
0.3692, 5339
0.3697, 5338
0.3703, 5337
0.3709, 5336
0.3715, 5335
0.3721, 5334
0.3728, 5333
0.3737, 5332
0.3747, 5331
0.3752, 5330
0.3758, 5329
0.3764, 5328
0.3770, 5327
0.3777, 5326
0.3783, 5325
0.3788, 5324
0.3795, 5323
0.3805, 5322
0.3814, 5321
0.3824, 5320
0.3831, 5319
0.3837, 5318
0.3843, 5317
0.3848, 5316
0.3856, 5315
0.3864, 5314
0.3870, 5313
0.3876, 5312
0.3884, 5311
0.3892, 5310
0.3897, 5309
0.3904, 5308
0.3913, 5307
0.3920, 5306
0.3926, 5305
0.3932, 5304
0.3938, 5303
0.3944, 5302
0.3951, 5301
0.3956, 5300
0.3963, 5299
0.3969, 5298
0.3975, 5297
0.3980, 5296
0.3988, 5295
0.3995, 5294
0.4000, 5293
0.4005, 5292
0.4013, 5291
0.4020, 5290
0.4027, 5289
0.4035, 5288
0.4041, 5287
0.4047, 5286
0.4053, 5285
0.4058, 5284
0.4066, 5283
0.4071, 5282
0.4076, 5281
0.4082, 5280
0.4088, 5279
0.4093, 5278
0.4099, 5277
0.4105, 5276
0.4112, 5275
0.4119, 5274
0.4128, 5273
0.4133, 5272
0.4139, 5271
0.4145, 5270
0.4153, 5269
0.4160, 5268
0.4165, 5267
0.4170, 5266
0.4176, 5265
0.4184, 5264
0.4190, 5263
0.4197, 5262
0.4203, 5261
0.4208, 5260
0.4217, 5259
0.4222, 5258
0.4228, 5257
0.4235, 5256
0.4243, 5255
0.4250, 5254
0.4261, 5253
0.4269, 5252
0.4276, 5251
0.4287, 5250
0.4292, 5249
0.4298, 5248
0.4305, 5247
0.4312, 5246
0.4319, 5245
0.4325, 5244
0.4333, 5243
0.4338, 5242
0.4344, 5241
0.4351, 5240
0.4357, 5239
0.4363, 5238
0.4369, 5237
0.4378, 5236
0.4384, 5235
0.4390, 5234
0.4397, 5233
0.4402, 5232
0.4409, 5231
0.4415, 5230
0.4420, 5229
0.4426, 5228
0.4433, 5227
0.4441, 5226
0.4446, 5225
0.4452, 5224
0.4462, 5223
0.4470, 5222
0.4477, 5221
0.4485, 5220
0.4492, 5219
0.4497, 5218
0.4502, 5217
0.4509, 5216
0.4517, 5215
0.4524, 5214
0.4530, 5213
0.4538, 5212
0.4546, 5211
0.4553, 5210
0.4562, 5209
0.4568, 5208
0.4575, 5207
0.4583, 5206
0.4590, 5205
0.4597, 5204
0.4605, 5203
0.4611, 5202
0.4618, 5201
0.4625, 5200
0.4632, 5199
0.4639, 5198
0.4647, 5197
0.4654, 5196
0.4660, 5195
0.4668, 5194
0.4674, 5193
0.4680, 5192
0.4685, 5191
0.4691, 5190
0.4699, 5189
0.4704, 5188
0.4710, 5187
0.4715, 5186
0.4722, 5185
0.4728, 5184
0.4734, 5183
0.4742, 5182
0.4748, 5181
0.4756, 5180
0.4765, 5179
0.4771, 5178
0.4780, 5177
0.4786, 5176
0.4793, 5175
0.4801, 5174
0.4808, 5173
0.4816, 5172
0.4822, 5171
0.4828, 5170
0.4833, 5169
0.4841, 5168
0.4847, 5167
0.4852, 5166
0.4859, 5165
0.4868, 5164
0.4874, 5163
0.4881, 5162
0.4888, 5161
0.4898, 5160
0.4905, 5159
0.4912, 5158
0.4919, 5157
0.4925, 5156
0.4930, 5155
0.4937, 5154
0.4944, 5153
0.4952, 5152
0.4959, 5151
0.4965, 5150
0.4972, 5149
0.4978, 5148
0.4985, 5147
0.4990, 5146
0.4996, 5145
0.5001, 5144
0.5008, 5143
0.5014, 5142
0.5019, 5141
0.5025, 5140
0.5031, 5139
0.5037, 5138
0.5044, 5137
0.5051, 5136
0.5058, 5135
0.5065, 5134
0.5071, 5133
0.5076, 5132
0.5082, 5131
0.5088, 5130
0.5095, 5129
0.5102, 5128
0.5108, 5127
0.5115, 5126
0.5123, 5125
0.5129, 5124
0.5134, 5123
0.5140, 5122
0.5145, 5121
0.5153, 5120
0.5158, 5119
0.5163, 5118
0.5169, 5117
0.5174, 5116
0.5179, 5115
0.5185, 5114
0.5194, 5113
0.5201, 5112
0.5209, 5111
0.5217, 5110
0.5223, 5109
0.5228, 5108
0.5233, 5107
0.5239, 5106
0.5246, 5105
0.5252, 5104
0.5259, 5103
0.5266, 5102
0.5273, 5101
0.5282, 5100
0.5288, 5099
0.5296, 5098
0.5304, 5097
0.5309, 5096
0.5316, 5095
0.5322, 5094
0.5327, 5093
0.5334, 5092
0.5340, 5091
0.5347, 5090
0.5352, 5089
0.5359, 5088
0.5366, 5087
0.5375, 5086
0.5381, 5085
0.5386, 5084
0.5392, 5083
0.5400, 5082
0.5407, 5081
0.5412, 5080
0.5419, 5079
0.5425, 5078
0.5431, 5077
0.5438, 5076
0.5443, 5075
0.5450, 5074
0.5457, 5073
0.5464, 5072
0.5470, 5071
0.5475, 5070
0.5480, 5069
0.5489, 5068
0.5498, 5067
0.5505, 5066
0.5512, 5065
0.5519, 5064
0.5530, 5063
0.5536, 5062
0.5543, 5061
0.5548, 5060
0.5556, 5059
0.5562, 5058
0.5567, 5057
0.5573, 5056
0.5578, 5055
0.5585, 5054
0.5592, 5053
0.5598, 5052
0.5604, 5051
0.5609, 5050
0.5615, 5049
0.5621, 5048
0.5629, 5047
0.5635, 5046
0.5646, 5045
0.5652, 5044
0.5658, 5043
0.5665, 5042
0.5671, 5041
0.5682, 5040
0.5687, 5039
0.5693, 5038
0.5701, 5037
0.5707, 5036
0.5712, 5035
0.5719, 5034
0.5727, 5033
0.5733, 5032
0.5739, 5031
0.5748, 5030
0.5754, 5029
0.5763, 5028
0.5768, 5027
0.5775, 5026
0.5781, 5025
0.5787, 5024
0.5794, 5023
0.5799, 5022
0.5806, 5021
0.5813, 5020
0.5823, 5019
0.5833, 5018
0.5838, 5017
0.5843, 5016
0.5849, 5015
0.5859, 5014
0.5865, 5013
0.5872, 5012
0.5879, 5011
0.5885, 5010
0.5892, 5009
0.5898, 5008
0.5904, 5007
0.5911, 5006
0.5920, 5005
0.5925, 5004
0.5933, 5003
0.5939, 5002
0.5945, 5001
0.5955, 5000
0.5960, 4999
0.5969, 4998
0.5975, 4997
0.5981, 4996
0.5987, 4995
0.5992, 4994
0.5998, 4993
0.6005, 4992
0.6011, 4991
0.6018, 4990
0.6025, 4989
0.6035, 4988
0.6042, 4987
0.6048, 4986
0.6054, 4985
0.6060, 4984
0.6067, 4983
0.6073, 4982
0.6080, 4981
0.6088, 4980
0.6097, 4979
0.6103, 4978
0.6108, 4977
0.6115, 4976
0.6125, 4975
0.6134, 4974
0.6140, 4973
0.6145, 4972
0.6153, 4971
0.6159, 4970
0.6164, 4969
0.6172, 4968
0.6179, 4967
0.6186, 4966
0.6193, 4965
0.6199, 4964
0.6204, 4963
0.6209, 4962
0.6217, 4961
0.6224, 4960
0.6229, 4959
0.6235, 4958
0.6240, 4957
0.6246, 4956
0.6254, 4955
0.6259, 4954
0.6265, 4953
0.6271, 4952
0.6278, 4951
0.6288, 4950
0.6297, 4949
0.6308, 4948
0.6313, 4947
0.6320, 4946
0.6328, 4945
0.6333, 4944
0.6339, 4943
0.6344, 4942
0.6349, 4941
0.6355, 4940
0.6360, 4939
0.6366, 4938
0.6371, 4937
0.6378, 4936
0.6384, 4935
0.6393, 4934
0.6402, 4933
0.6407, 4932
0.6413, 4931
0.6419, 4930
0.6425, 4929
0.6431, 4928
0.6436, 4927
0.6443, 4926
0.6450, 4925
0.6456, 4924
0.6462, 4923
0.6470, 4922
0.6476, 4921
0.6482, 4920
0.6488, 4919
0.6497, 4918
0.6505, 4917
0.6511, 4916
0.6519, 4915
0.6525, 4914
0.6530, 4913
0.6535, 4912
0.6541, 4911
0.6546, 4910
0.6552, 4909
0.6561, 4908
0.6567, 4907
0.6572, 4906
0.6578, 4905
0.6584, 4904
0.6589, 4903
0.6595, 4902
0.6602, 4901
0.6607, 4900
0.6617, 4899
0.6624, 4898
0.6629, 4897
0.6635, 4896
0.6640, 4895
0.6647, 4894
0.6653, 4893
0.6658, 4892
0.6666, 4891
0.6674, 4890
0.6681, 4889
0.6686, 4888
0.6691, 4887
0.6697, 4886
0.6703, 4885
0.6708, 4884
0.6714, 4883
0.6720, 4882
0.6725, 4881
0.6731, 4880
0.6737, 4879
0.6746, 4878
0.6751, 4877
0.6756, 4876
0.6764, 4875
0.6769, 4874
0.6774, 4873
0.6780, 4872
0.6788, 4871
0.6795, 4870
0.6803, 4869
0.6811, 4868
0.6816, 4867
0.6822, 4866
0.6827, 4865
0.6836, 4864
0.6844, 4863
0.6850, 4862
0.6855, 4861
0.6862, 4860
0.6869, 4859
0.6877, 4858
0.6882, 4857
0.6890, 4856
0.6898, 4855
0.6904, 4854
0.6914, 4853
0.6920, 4852
0.6925, 4851
0.6931, 4850
0.6939, 4849
0.6946, 4848
0.6953, 4847
0.6958, 4846
0.6963, 4845
0.6971, 4844
0.6976, 4843
0.6981, 4842
0.6985, 4841
0.6993, 4840
0.6999, 4839
0.7009, 4838
0.7016, 4837
0.7022, 4836
0.7027, 4835
0.7032, 4834
0.7039, 4833
0.7044, 4832
0.7050, 4831
0.7059, 4830
0.7064, 4829
0.7070, 4828
0.7077, 4827
0.7087, 4826
0.7095, 4825
0.7100, 4824
0.7107, 4823
0.7112, 4822
0.7118, 4821
0.7124, 4820
0.7129, 4819
0.7135, 4818
0.7141, 4817
0.7147, 4816
0.7152, 4815
0.7157, 4814
0.7166, 4813
0.7176, 4812
0.7182, 4811
0.7187, 4810
0.7196, 4809
0.7201, 4808
0.7206, 4807
0.7211, 4806
0.7216, 4805
0.7224, 4804
0.7233, 4803
0.7237, 4802
0.7243, 4801
0.7250, 4800
0.7256, 4799
0.7261, 4798
0.7266, 4797
0.7272, 4796
0.7278, 4795
0.7285, 4794
0.7291, 4793
0.7297, 4792
0.7304, 4791
0.7309, 4790
0.7318, 4789
0.7324, 4788
0.7331, 4787
0.7336, 4786
0.7342, 4785
0.7347, 4784
0.7352, 4783
0.7360, 4782
0.7365, 4781
0.7374, 4780
0.7382, 4779
0.7387, 4778
0.7395, 4777
0.7400, 4776
0.7406, 4775
0.7410, 4774
0.7420, 4773
0.7426, 4772
0.7433, 4771
0.7438, 4770
0.7443, 4769
0.7452, 4768
0.7458, 4767
0.7463, 4766
0.7468, 4765
0.7477, 4764
0.7485, 4763
0.7491, 4762
0.7497, 4761
0.7502, 4760
0.7508, 4759
0.7518, 4758
0.7525, 4757
0.7530, 4756
0.7538, 4755
0.7543, 4754
0.7548, 4753
0.7554, 4752
0.7559, 4751
0.7567, 4750
0.7572, 4749
0.7577, 4748
0.7583, 4747
0.7592, 4746
0.7597, 4745
0.7605, 4744
0.7612, 4743
0.7621, 4742
0.7629, 4741
0.7635, 4740
0.7640, 4739
0.7645, 4738
0.7651, 4737
0.7658, 4736
0.7667, 4735
0.7672, 4734
0.7678, 4733
0.7683, 4732
0.7688, 4731
0.7696, 4730
0.7702, 4729
0.7707, 4728
0.7712, 4727
0.7721, 4726
0.7728, 4725
0.7736, 4724
0.7745, 4723
0.7749, 4722
0.7757, 4721
0.7765, 4720
0.7770, 4719
0.7775, 4718
0.7780, 4717
0.7787, 4716
0.7796, 4715
0.7803, 4714
0.7811, 4713
0.7816, 4712
0.7824, 4711
0.7831, 4710
0.7840, 4709
0.7847, 4708
0.7855, 4707
0.7861, 4706
0.7869, 4705
0.7875, 4704
0.7883, 4703
0.7891, 4702
0.7900, 4701
0.7908, 4700
0.7917, 4699
0.7924, 4698
0.7932, 4697
0.7938, 4696
0.7946, 4695
0.7954, 4694
0.7962, 4693
0.7971, 4692
0.7980, 4691
0.7989, 4690
1.0277, 4689
1.2084, 4688
1.2712, 4687
1.3121, 4686
1.6374, 4685
1.6786, 4684
1.7841, 4683
1.8637, 4682
2.1338, 4681
2.2160, 4680
2.2787, 4679
2.3997, 4678
2.4815, 4677
2.6422, 4676
2.9398, 4675
2.9618, 4674
3.0706, 4673
3.2571, 4672
3.2578, 4671
3.3620, 4670
3.4434, 4669
3.4841, 4668
3.6267, 4667
3.7254, 4666
3.7261, 4665
3.7266, 4664
3.7852, 4663
4.2420, 4662
4.3206, 4661
4.7818, 4660
4.8234, 4659
4.9486, 4658
5.0130, 4657
5.2259, 4656
5.4371, 4655
5.9646, 4654
5.9654, 4653
5.9659, 4652
6.5773, 4651
6.7255, 4650
6.8342, 4649
7.5538, 4648
7.6396, 4647
7.7647, 4646
8.0430, 4645
8.1067, 4644
8.1503, 4643
8.1512, 4642
8.2035, 4641
8.6659, 4640
8.7920, 4639
8.8557, 4638
9.1317, 4637
9.2398, 4636
9.4741, 4635
9.6884, 4634
9.7777, 4633
