0.0000, 5900
0.0006, 5899
0.0013, 5898
0.0018, 5897
0.0028, 5896
0.0036, 5895
0.0043, 5894
0.0049, 5893
0.0058, 5892
0.0063, 5891
0.0072, 5890
0.0077, 5889
0.0082, 5888
0.0087, 5887
0.0096, 5886
0.0105, 5885
0.0111, 5884
0.0124, 5883
0.0130, 5882
0.0141, 5881
0.0147, 5880
0.0157, 5879
0.0165, 5878
0.0175, 5877
0.0180, 5876
0.0185, 5875
0.0190, 5874
0.0197, 5873
0.0208, 5872
0.0213, 5871
0.0218, 5870
0.0223, 5869
0.0230, 5868
0.0235, 5867
0.0240, 5866
0.0245, 5865
0.0254, 5864
0.0261, 5863
0.0268, 5862
0.0273, 5861
0.0279, 5860
0.0285, 5859
0.0290, 5858
0.0296, 5857
0.0302, 5856
0.0309, 5855
0.0314, 5854
0.0319, 5853
0.0324, 5852
0.0335, 5851
0.0344, 5850
0.0349, 5849
0.0354, 5848
0.0361, 5847
0.0367, 5846
0.0372, 5845
0.0380, 5844
0.0385, 5843
0.0391, 5842
0.0396, 5841
0.0403, 5840
0.0410, 5839
0.0415, 5838
0.0420, 5837
0.0427, 5836
0.0433, 5835
0.0439, 5834
0.0444, 5833
0.0451, 5832
0.0457, 5831
0.0462, 5830
0.0470, 5829
0.0475, 5828
0.0480, 5827
0.0487, 5826
0.0496, 5825
0.0501, 5824
0.0506, 5823
0.0515, 5822
0.0520, 5821
0.0525, 5820
0.0530, 5819
0.0535, 5818
0.0540, 5817
0.0549, 5816
0.0554, 5815
0.0564, 5814
0.0573, 5813
0.0580, 5812
0.0586, 5811
0.0595, 5810
0.0602, 5809
0.0608, 5808
0.0614, 5807
0.0619, 5806
0.0627, 5805
0.0632, 5804
0.0637, 5803
0.0642, 5802
0.0648, 5801
0.0653, 5800
0.0662, 5799
0.0667, 5798
0.0673, 5797
0.0680, 5796
0.0686, 5795
0.0691, 5794
0.0698, 5793
0.0704, 5792
0.0709, 5791
0.0715, 5790
0.0720, 5789
0.0725, 5788
0.0731, 5787
0.0737, 5786
0.0749, 5785
0.0759, 5784
0.0768, 5783
0.0773, 5782
0.0778, 5781
0.0783, 5780
0.0790, 5779
0.0798, 5778
0.0804, 5777
0.0811, 5776
0.0818, 5775
0.0824, 5774
0.0830, 5773
0.0841, 5772
0.0847, 5771
0.0859, 5770
0.0865, 5769
0.0871, 5768
0.0878, 5767
0.0884, 5766
0.0890, 5765
0.0898, 5764
0.0904, 5763
0.0909, 5762
0.0914, 5761
0.0920, 5760
0.0929, 5759
0.0934, 5758
0.0939, 5757
0.0945, 5756
0.0950, 5755
0.0955, 5754
0.0963, 5753
0.0969, 5752
0.0975, 5751
0.0980, 5750
0.0986, 5749
0.0994, 5748
0.1000, 5747
0.1005, 5746
0.1014, 5745
0.1025, 5744
0.1030, 5743
0.1036, 5742
0.1041, 5741
0.1051, 5740
0.1057, 5739
0.1063, 5738
0.1069, 5737
0.1074, 5736
0.1080, 5735
0.1085, 5734
0.1090, 5733
0.1096, 5732
0.1102, 5731
0.1107, 5730
0.1113, 5729
0.1118, 5728
0.1124, 5727
0.1129, 5726
0.1135, 5725
0.1142, 5724
0.1148, 5723
0.1159, 5722
0.1165, 5721
0.1171, 5720
0.1178, 5719
0.1186, 5718
0.1196, 5717
0.1204, 5716
0.1213, 5715
0.1223, 5714
0.1229, 5713
0.1235, 5712
0.1240, 5711
0.1246, 5710
0.1251, 5709
0.1259, 5708
0.1266, 5707
0.1273, 5706
0.1278, 5705
0.1283, 5704
0.1288, 5703
0.1294, 5702
0.1300, 5701
0.1306, 5700
0.1316, 5699
0.1322, 5698
0.1327, 5697
0.1332, 5696
0.1344, 5695
0.1352, 5694
0.1358, 5693
0.1363, 5692
0.1369, 5691
0.1374, 5690
0.1380, 5689
0.1387, 5688
0.1392, 5687
0.1398, 5686
0.1407, 5685
0.1413, 5684
0.1418, 5683
0.1424, 5682
0.1430, 5681
0.1436, 5680
0.1442, 5679
0.1448, 5678
0.1454, 5677
0.1460, 5676
0.1465, 5675
0.1471, 5674
0.1476, 5673
0.1482, 5672
0.1488, 5671
0.1493, 5670
0.1500, 5669
0.1505, 5668
0.1511, 5667
0.1517, 5666
0.1523, 5665
0.1528, 5664
0.1535, 5663
0.1540, 5662
0.1550, 5661
0.1556, 5660
0.1565, 5659
0.1571, 5658
0.1582, 5657
0.1592, 5656
0.1600, 5655
0.1607, 5654
0.1614, 5653
0.1620, 5652
0.1626, 5651
0.1632, 5650
0.1637, 5649
0.1643, 5648
0.1650, 5647
0.1656, 5646
0.1661, 5645
0.1669, 5644
0.1674, 5643
0.1680, 5642
0.1686, 5641
0.1692, 5640
0.1700, 5639
0.1709, 5638
0.1715, 5637
0.1721, 5636
0.1728, 5635
0.1738, 5634
0.1744, 5633
0.1754, 5632
0.1763, 5631
0.1769, 5630
0.1778, 5629
0.1787, 5628
0.1793, 5627
0.1804, 5626
0.1812, 5625
0.1819, 5624
0.1827, 5623
0.1833, 5622
0.1839, 5621
0.1847, 5620
0.1853, 5619
0.1863, 5618
0.1869, 5617
0.1875, 5616
0.1881, 5615
0.1888, 5614
0.1897, 5613
0.1902, 5612
0.1908, 5611
0.1913, 5610
0.1921, 5609
0.1927, 5608
0.1933, 5607
0.1938, 5606
0.1944, 5605
0.1950, 5604
0.1955, 5603
0.1961, 5602
0.1966, 5601
0.1972, 5600
0.1978, 5599
0.1983, 5598
0.1988, 5597
0.1994, 5596
0.1999, 5595
0.2008, 5594
0.2014, 5593
0.2023, 5592
0.2029, 5591
0.2037, 5590
0.2045, 5589
0.2054, 5588
0.2060, 5587
0.2067, 5586
0.2072, 5585
0.2079, 5584
0.2089, 5583
0.2095, 5582
0.2101, 5581
0.2106, 5580
0.2113, 5579
0.2119, 5578
0.2125, 5577
0.2136, 5576
0.2142, 5575
0.2147, 5574
0.2155, 5573
0.2161, 5572
0.2166, 5571
0.2173, 5570
0.2182, 5569
0.2188, 5568
0.2197, 5567
0.2203, 5566
0.2208, 5565
0.2215, 5564
0.2222, 5563
0.2233, 5562
0.2239, 5561
0.2245, 5560
0.2251, 5559
0.2256, 5558
0.2261, 5557
0.2271, 5556
0.2277, 5555
0.2283, 5554
0.2289, 5553
0.2297, 5552
0.2303, 5551
0.2309, 5550
0.2316, 5549
0.2322, 5548
0.2329, 5547
0.2335, 5546
0.2341, 5545
0.2347, 5544
0.2352, 5543
0.2358, 5542
0.2364, 5541
0.2371, 5540
0.2376, 5539
0.2381, 5538
0.2387, 5537
0.2393, 5536
0.2398, 5535
0.2405, 5534
0.2413, 5533
0.2419, 5532
0.2424, 5531
0.2430, 5530
0.2436, 5529
0.2441, 5528
0.2447, 5527
0.2452, 5526
0.2460, 5525
0.2466, 5524
0.2473, 5523
0.2482, 5522
0.2492, 5521
0.2501, 5520
0.2508, 5519
0.2515, 5518
0.2520, 5517
0.2527, 5516
0.2533, 5515
0.2540, 5514
0.2546, 5513
0.2552, 5512
0.2558, 5511
0.2564, 5510
0.2569, 5509
0.2575, 5508
0.2581, 5507
0.2588, 5506
0.2593, 5505
0.2599, 5504
0.2604, 5503
0.2613, 5502
0.2619, 5501
0.2625, 5500
0.2631, 5499
0.2640, 5498
0.2647, 5497
0.2653, 5496
0.2659, 5495
0.2666, 5494
0.2672, 5493
0.2678, 5492
0.2684, 5491
0.2694, 5490
0.2702, 5489
0.2708, 5488
0.2714, 5487
0.2719, 5486
0.2724, 5485
0.2734, 5484
0.2740, 5483
0.2745, 5482
0.2755, 5481
0.2761, 5480
0.2766, 5479
0.2771, 5478
0.2777, 5477
0.2783, 5476
0.2789, 5475
0.2794, 5474
0.2802, 5473
0.2808, 5472
0.2815, 5471
0.2821, 5470
0.2827, 5469
0.2832, 5468
0.2838, 5467
0.2844, 5466
0.2855, 5465
0.2860, 5464
0.2866, 5463
0.2871, 5462
0.2877, 5461
0.2883, 5460
0.2890, 5459
0.2896, 5458
0.2902, 5457
0.2907, 5456
0.2916, 5455
0.2922, 5454
0.2928, 5453
0.2935, 5452
0.2940, 5451
0.2947, 5450
0.2952, 5449
0.2959, 5448
0.2965, 5447
0.2971, 5446
0.2976, 5445
0.2982, 5444
0.2993, 5443
0.2999, 5442
0.3004, 5441
0.3010, 5440
0.3017, 5439
0.3023, 5438
0.3032, 5437
0.3040, 5436
0.3046, 5435
0.3052, 5434
0.3058, 5433
0.3064, 5432
0.3074, 5431
0.3080, 5430
0.3085, 5429
0.3091, 5428
0.3096, 5427
0.3103, 5426
0.3112, 5425
0.3118, 5424
0.3124, 5423
0.3131, 5422
0.3138, 5421
0.3145, 5420
0.3154, 5419
0.3160, 5418
0.3165, 5417
0.3176, 5416
0.3181, 5415
0.3188, 5414
0.3194, 5413
0.3200, 5412
0.3206, 5411
0.3212, 5410
0.3217, 5409
0.3223, 5408
0.3228, 5407
0.3235, 5406
0.3243, 5405
0.3251, 5404
0.3259, 5403
0.3267, 5402
0.3272, 5401
0.3278, 5400
0.3285, 5399
0.3294, 5398
0.3301, 5397
0.3308, 5396
0.3314, 5395
0.3322, 5394
0.3330, 5393
0.3337, 5392
0.3344, 5391
0.3350, 5390
0.3355, 5389
0.3361, 5388
0.3368, 5387
0.3373, 5386
0.3382, 5385
0.3387, 5384
0.3394, 5383
0.3401, 5382
0.3408, 5381
0.3414, 5380
0.3419, 5379
0.3425, 5378
0.3433, 5377
0.3439, 5376
0.3445, 5375
0.3451, 5374
0.3458, 5373
0.3464, 5372
0.3470, 5371
0.3477, 5370
0.3483, 5369
0.3491, 5368
0.3498, 5367
0.3503, 5366
0.3511, 5365
0.3517, 5364
0.3525, 5363
0.3535, 5362
0.3541, 5361
0.3549, 5360
0.3556, 5359
0.3563, 5358
0.3569, 5357
0.3579, 5356
0.3585, 5355
0.3592, 5354
0.3598, 5353
0.3605, 5352
0.3611, 5351
0.3619, 5350
0.3625, 5349
0.3631, 5348
0.3637, 5347
0.3644, 5346
0.3652, 5345
0.3661, 5344
0.3667, 5343
0.3674, 5342
0.3681, 5341
0.3686, 5340
0.3693, 5339
0.3698, 5338
0.3705, 5337
0.3711, 5336
0.3717, 5335
0.3723, 5334
0.3730, 5333
0.3739, 5332
0.3749, 5331
0.3755, 5330
0.3760, 5329
0.3766, 5328
0.3772, 5327
0.3778, 5326
0.3784, 5325
0.3789, 5324
0.3796, 5323
0.3806, 5322
0.3816, 5321
0.3825, 5320
0.3833, 5319
0.3838, 5318
0.3844, 5317
0.3850, 5316
0.3857, 5315
0.3865, 5314
0.3872, 5313
0.3878, 5312
0.3886, 5311
0.3893, 5310
0.3899, 5309
0.3905, 5308
0.3914, 5307
0.3921, 5306
0.3927, 5305
0.3933, 5304
0.3939, 5303
0.3946, 5302
0.3952, 5301
0.3958, 5300
0.3964, 5299
0.3970, 5298
0.3976, 5297
0.3982, 5296
0.3990, 5295
0.3997, 5294
0.4002, 5293
0.4008, 5292
0.4016, 5291
0.4023, 5290
0.4030, 5289
0.4038, 5288
0.4045, 5287
0.4050, 5286
0.4057, 5285
0.4063, 5284
0.4070, 5283
0.4075, 5282
0.4081, 5281
0.4086, 5280
0.4092, 5279
0.4097, 5278
0.4103, 5277
0.4109, 5276
0.4116, 5275
0.4123, 5274
0.4132, 5273
0.4138, 5272
0.4143, 5271
0.4149, 5270
0.4156, 5269
0.4163, 5268
0.4168, 5267
0.4173, 5266
0.4180, 5265
0.4187, 5264
0.4194, 5263
0.4200, 5262
0.4206, 5261
0.4211, 5260
0.4220, 5259
0.4225, 5258
0.4232, 5257
0.4239, 5256
0.4246, 5255
0.4252, 5254
0.4262, 5253
0.4270, 5252
0.4277, 5251
0.4288, 5250
0.4293, 5249
0.4299, 5248
0.4305, 5247
0.4313, 5246
0.4319, 5245
0.4325, 5244
0.4332, 5243
0.4337, 5242
0.4343, 5241
0.4350, 5240
0.4355, 5239
0.4361, 5238
0.4367, 5237
0.4376, 5236
0.4381, 5235
0.4387, 5234
0.4393, 5233
0.4399, 5232
0.4406, 5231
0.4412, 5230
0.4417, 5229
0.4423, 5228
0.4429, 5227
0.4438, 5226
0.4443, 5225
0.4448, 5224
0.4458, 5223
0.4467, 5222
0.4473, 5221
0.4481, 5220
0.4488, 5219
0.4495, 5218
0.4500, 5217
0.4506, 5216
0.4514, 5215
0.4521, 5214
0.4526, 5213
0.4534, 5212
0.4541, 5211
0.4549, 5210
0.4557, 5209
0.4564, 5208
0.4570, 5207
0.4578, 5206
0.4586, 5205
0.4592, 5204
0.4600, 5203
0.4606, 5202
0.4613, 5201
0.4620, 5200
0.4627, 5199
0.4634, 5198
0.4641, 5197
0.4648, 5196
0.4654, 5195
0.4663, 5194
0.4668, 5193
0.4674, 5192
0.4680, 5191
0.4686, 5190
0.4693, 5189
0.4698, 5188
0.4704, 5187
0.4710, 5186
0.4716, 5185
0.4722, 5184
0.4728, 5183
0.4736, 5182
0.4743, 5181
0.4750, 5180
0.4759, 5179
0.4765, 5178
0.4774, 5177
0.4780, 5176
0.4786, 5175
0.4795, 5174
0.4802, 5173
0.4810, 5172
0.4816, 5171
0.4822, 5170
0.4827, 5169
0.4836, 5168
0.4842, 5167
0.4847, 5166
0.4854, 5165
0.4862, 5164
0.4868, 5163
0.4875, 5162
0.4882, 5161
0.4892, 5160
0.4899, 5159
0.4907, 5158
0.4913, 5157
0.4919, 5156
0.4925, 5155
0.4932, 5154
0.4938, 5153
0.4947, 5152
0.4954, 5151
0.4960, 5150
0.4967, 5149
0.4973, 5148
0.4980, 5147
0.4985, 5146
0.4990, 5145
0.4996, 5144
0.5003, 5143
0.5009, 5142
0.5014, 5141
0.5019, 5140
0.5025, 5139
0.5031, 5138
0.5038, 5137
0.5046, 5136
0.5052, 5135
0.5060, 5134
0.5065, 5133
0.5071, 5132
0.5076, 5131
0.5083, 5130
0.5090, 5129
0.5097, 5128
0.5103, 5127
0.5110, 5126
0.5118, 5125
0.5124, 5124
0.5130, 5123
0.5136, 5122
0.5141, 5121
0.5149, 5120
0.5154, 5119
0.5160, 5118
0.5165, 5117
0.5170, 5116
0.5175, 5115
0.5182, 5114
0.5190, 5113
0.5198, 5112
0.5205, 5111
0.5214, 5110
0.5219, 5109
0.5225, 5108
0.5231, 5107
0.5236, 5106
0.5243, 5105
0.5248, 5104
0.5255, 5103
0.5263, 5102
0.5269, 5101
0.5278, 5100
0.5285, 5099
0.5292, 5098
0.5300, 5097
0.5305, 5096
0.5313, 5095
0.5318, 5094
0.5324, 5093
0.5331, 5092
0.5337, 5091
0.5344, 5090
0.5349, 5089
0.5356, 5088
0.5363, 5087
0.5372, 5086
0.5379, 5085
0.5385, 5084
0.5391, 5083
0.5399, 5082
0.5405, 5081
0.5410, 5080
0.5417, 5079
0.5423, 5078
0.5428, 5077
0.5434, 5076
0.5440, 5075
0.5447, 5074
0.5455, 5073
0.5462, 5072
0.5468, 5071
0.5473, 5070
0.5479, 5069
0.5487, 5068
0.5496, 5067
0.5502, 5066
0.5510, 5065
0.5517, 5064
0.5527, 5063
0.5533, 5062
0.5541, 5061
0.5546, 5060
0.5554, 5059
0.5560, 5058
0.5566, 5057
0.5571, 5056
0.5577, 5055
0.5583, 5054
0.5590, 5053
0.5597, 5052
0.5603, 5051
0.5609, 5050
0.5615, 5049
0.5621, 5048
0.5629, 5047
0.5635, 5046
0.5645, 5045
0.5651, 5044
0.5657, 5043
0.5664, 5042
0.5669, 5041
0.5678, 5040
0.5684, 5039
0.5690, 5038
0.5699, 5037
0.5704, 5036
0.5709, 5035
0.5717, 5034
0.5725, 5033
0.5731, 5032
0.5737, 5031
0.5746, 5030
0.5752, 5029
0.5761, 5028
0.5766, 5027
0.5773, 5026
0.5779, 5025
0.5785, 5024
0.5791, 5023
0.5797, 5022
0.5803, 5021
0.5810, 5020
0.5820, 5019
0.5829, 5018
0.5834, 5017
0.5839, 5016
0.5844, 5015
0.5854, 5014
0.5860, 5013
0.5867, 5012
0.5874, 5011
0.5880, 5010
0.5887, 5009
0.5893, 5008
0.5898, 5007
0.5904, 5006
0.5913, 5005
0.5918, 5004
0.5926, 5003
0.5932, 5002
0.5937, 5001
0.5947, 5000
0.5953, 4999
0.5961, 4998
0.5967, 4997
0.5972, 4996
0.5979, 4995
0.5984, 4994
0.5990, 4993
0.5997, 4992
0.6003, 4991
0.6010, 4990
0.6017, 4989
0.6027, 4988
0.6034, 4987
0.6040, 4986
0.6046, 4985
0.6053, 4984
0.6060, 4983
0.6066, 4982
0.6073, 4981
0.6081, 4980
0.6090, 4979
0.6095, 4978
0.6100, 4977
0.6107, 4976
0.6116, 4975
0.6126, 4974
0.6131, 4973
0.6137, 4972
0.6144, 4971
0.6151, 4970
0.6156, 4969
0.6163, 4968
0.6170, 4967
0.6177, 4966
0.6185, 4965
0.6191, 4964
0.6196, 4963
0.6202, 4962
0.6209, 4961
0.6217, 4960
0.6223, 4959
0.6228, 4958
0.6233, 4957
0.6239, 4956
0.6247, 4955
0.6252, 4954
0.6257, 4953
0.6264, 4952
0.6271, 4951
0.6280, 4950
0.6289, 4949
0.6300, 4948
0.6305, 4947
0.6312, 4946
0.6320, 4945
0.6326, 4944
0.6331, 4943
0.6337, 4942
0.6343, 4941
0.6349, 4940
0.6354, 4939
0.6360, 4938
0.6365, 4937
0.6372, 4936
0.6379, 4935
0.6388, 4934
0.6397, 4933
0.6402, 4932
0.6408, 4931
0.6414, 4930
0.6420, 4929
0.6427, 4928
0.6432, 4927
0.6438, 4926
0.6445, 4925
0.6452, 4924
0.6458, 4923
0.6466, 4922
0.6472, 4921
0.6479, 4920
0.6485, 4919
0.6494, 4918
0.6503, 4917
0.6508, 4916
0.6517, 4915
0.6522, 4914
0.6527, 4913
0.6533, 4912
0.6538, 4911
0.6543, 4910
0.6548, 4909
0.6557, 4908
0.6563, 4907
0.6568, 4906
0.6574, 4905
0.6579, 4904
0.6585, 4903
0.6590, 4902
0.6598, 4901
0.6603, 4900
0.6612, 4899
0.6619, 4898
0.6624, 4897
0.6630, 4896
0.6635, 4895
0.6642, 4894
0.6648, 4893
0.6654, 4892
0.6662, 4891
0.6670, 4890
0.6677, 4889
0.6682, 4888
0.6688, 4887
0.6693, 4886
0.6699, 4885
0.6704, 4884
0.6710, 4883
0.6716, 4882
0.6721, 4881
0.6727, 4880
0.6733, 4879
0.6742, 4878
0.6747, 4877
0.6752, 4876
0.6760, 4875
0.6765, 4874
0.6770, 4873
0.6776, 4872
0.6783, 4871
0.6791, 4870
0.6798, 4869
0.6806, 4868
0.6812, 4867
0.6817, 4866
0.6822, 4865
0.6832, 4864
0.6840, 4863
0.6846, 4862
0.6851, 4861
0.6858, 4860
0.6865, 4859
0.6873, 4858
0.6879, 4857
0.6886, 4856
0.6895, 4855
0.6901, 4854
0.6911, 4853
0.6916, 4852
0.6922, 4851
0.6928, 4850
0.6936, 4849
0.6943, 4848
0.6950, 4847
0.6955, 4846
0.6960, 4845
0.6968, 4844
0.6973, 4843
0.6978, 4842
0.6983, 4841
0.6990, 4840
0.6997, 4839
0.7006, 4838
0.7014, 4837
0.7021, 4836
0.7026, 4835
0.7031, 4834
0.7038, 4833
0.7043, 4832
0.7049, 4831
0.7058, 4830
0.7064, 4829
0.7070, 4828
0.7076, 4827
0.7085, 4826
0.7093, 4825
0.7098, 4824
0.7105, 4823
0.7111, 4822
0.7116, 4821
0.7123, 4820
0.7127, 4819
0.7134, 4818
0.7139, 4817
0.7145, 4816
0.7150, 4815
0.7156, 4814
0.7165, 4813
0.7173, 4812
0.7180, 4811
0.7185, 4810
0.7193, 4809
0.7198, 4808
0.7203, 4807
0.7208, 4806
0.7213, 4805
0.7222, 4804
0.7230, 4803
0.7235, 4802
0.7241, 4801
0.7247, 4800
0.7253, 4799
0.7259, 4798
0.7264, 4797
0.7270, 4796
0.7276, 4795
0.7283, 4794
0.7290, 4793
0.7295, 4792
0.7303, 4791
0.7308, 4790
0.7316, 4789
0.7321, 4788
0.7328, 4787
0.7333, 4786
0.7338, 4785
0.7344, 4784
0.7349, 4783
0.7356, 4782
0.7361, 4781
0.7370, 4780
0.7378, 4779
0.7383, 4778
0.7391, 4777
0.7396, 4776
0.7402, 4775
0.7407, 4774
0.7416, 4773
0.7422, 4772
0.7429, 4771
0.7434, 4770
0.7440, 4769
0.7448, 4768
0.7454, 4767
0.7459, 4766
0.7464, 4765
0.7473, 4764
0.7482, 4763
0.7488, 4762
0.7494, 4761
0.7499, 4760
0.7505, 4759
0.7516, 4758
0.7522, 4757
0.7528, 4756
0.7536, 4755
0.7541, 4754
0.7547, 4753
0.7552, 4752
0.7557, 4751
0.7566, 4750
0.7571, 4749
0.7576, 4748
0.7582, 4747
0.7590, 4746
0.7596, 4745
0.7604, 4744
0.7611, 4743
0.7620, 4742
0.7628, 4741
0.7634, 4740
0.7639, 4739
0.7644, 4738
0.7649, 4737
0.7656, 4736
0.7664, 4735
0.7669, 4734
0.7676, 4733
0.7681, 4732
0.7686, 4731
0.7694, 4730
0.7700, 4729
0.7704, 4728
0.7710, 4727
0.7718, 4726
0.7725, 4725
0.7734, 4724
0.7743, 4723
0.7747, 4722
0.7755, 4721
0.7763, 4720
0.7768, 4719
0.7773, 4718
0.7778, 4717
0.7785, 4716
0.7794, 4715
0.7801, 4714
0.7810, 4713
0.7814, 4712
0.7822, 4711
0.7830, 4710
0.7839, 4709
0.7846, 4708
0.7855, 4707
0.7861, 4706
0.7869, 4705
0.7875, 4704
0.7882, 4703
0.7891, 4702
0.7900, 4701
0.7907, 4700
0.7916, 4699
0.7924, 4698
0.7931, 4697
0.7938, 4696
0.7946, 4695
0.7953, 4694
0.7962, 4693
0.7971, 4692
0.7980, 4691
0.7989, 4690
1.0210, 4689
1.2395, 4688
1.2806, 4687
1.3515, 4686
1.6870, 4685
1.7268, 4684
1.8489, 4683
1.9127, 4682
2.0490, 4681
2.2998, 4680
2.3664, 4679
2.4977, 4678
2.5412, 4677
2.7468, 4676
3.0263, 4675
3.0465, 4674
3.1478, 4673
3.3461, 4672
3.3470, 4671
3.4653, 4670
3.5797, 4669
3.6238, 4668
3.7311, 4667
3.8496, 4666
3.8502, 4665
3.8509, 4664
3.9099, 4663
4.3516, 4662
4.4522, 4661
4.9055, 4660
4.9550, 4659
5.1036, 4658
5.2036, 4657
5.3024, 4656
5.5211, 4655
6.0488, 4654
6.1420, 4653
6.1426, 4652
6.8156, 4651
6.9704, 4650
7.0785, 4649
7.7394, 4648
7.8382, 4647
7.9564, 4646
8.2121, 4645
8.2521, 4644
8.3106, 4643
8.3113, 4642
8.3896, 4641
8.8717, 4640
8.9110, 4639
8.9508, 4638
9.2631, 4637
9.3231, 4636
9.5786, 4635
9.7369, 4634
9.7966, 4633
