0.0000, 5900
0.0005, 5899
0.0012, 5898
0.0018, 5897
0.0028, 5896
0.0036, 5895
0.0043, 5894
0.0049, 5893
0.0058, 5892
0.0063, 5891
0.0071, 5890
0.0076, 5889
0.0081, 5888
0.0086, 5887
0.0095, 5886
0.0105, 5885
0.0111, 5884
0.0123, 5883
0.0130, 5882
0.0141, 5881
0.0146, 5880
0.0155, 5879
0.0164, 5878
0.0174, 5877
0.0179, 5876
0.0184, 5875
0.0189, 5874
0.0196, 5873
0.0207, 5872
0.0212, 5871
0.0217, 5870
0.0222, 5869
0.0229, 5868
0.0234, 5867
0.0239, 5866
0.0244, 5865
0.0253, 5864
0.0261, 5863
0.0267, 5862
0.0272, 5861
0.0278, 5860
0.0284, 5859
0.0290, 5858
0.0295, 5857
0.0300, 5856
0.0307, 5855
0.0312, 5854
0.0317, 5853
0.0322, 5852
0.0333, 5851
0.0342, 5850
0.0347, 5849
0.0353, 5848
0.0359, 5847
0.0365, 5846
0.0370, 5845
0.0378, 5844
0.0383, 5843
0.0388, 5842
0.0393, 5841
0.0400, 5840
0.0407, 5839
0.0413, 5838
0.0418, 5837
0.0424, 5836
0.0430, 5835
0.0437, 5834
0.0442, 5833
0.0449, 5832
0.0454, 5831
0.0459, 5830
0.0467, 5829
0.0472, 5828
0.0478, 5827
0.0484, 5826
0.0493, 5825
0.0498, 5824
0.0504, 5823
0.0512, 5822
0.0517, 5821
0.0522, 5820
0.0527, 5819
0.0533, 5818
0.0538, 5817
0.0547, 5816
0.0552, 5815
0.0562, 5814
0.0572, 5813
0.0580, 5812
0.0585, 5811
0.0595, 5810
0.0602, 5809
0.0608, 5808
0.0615, 5807
0.0620, 5806
0.0628, 5805
0.0634, 5804
0.0639, 5803
0.0644, 5802
0.0649, 5801
0.0655, 5800
0.0664, 5799
0.0669, 5798
0.0675, 5797
0.0681, 5796
0.0687, 5795
0.0692, 5794
0.0700, 5793
0.0705, 5792
0.0710, 5791
0.0716, 5790
0.0721, 5789
0.0726, 5788
0.0733, 5787
0.0738, 5786
0.0751, 5785
0.0761, 5784
0.0770, 5783
0.0775, 5782
0.0780, 5781
0.0785, 5780
0.0792, 5779
0.0800, 5778
0.0806, 5777
0.0814, 5776
0.0821, 5775
0.0827, 5774
0.0833, 5773
0.0844, 5772
0.0850, 5771
0.0862, 5770
0.0868, 5769
0.0874, 5768
0.0881, 5767
0.0886, 5766
0.0893, 5765
0.0902, 5764
0.0907, 5763
0.0913, 5762
0.0918, 5761
0.0924, 5760
0.0933, 5759
0.0939, 5758
0.0944, 5757
0.0950, 5756
0.0955, 5755
0.0960, 5754
0.0968, 5753
0.0975, 5752
0.0981, 5751
0.0987, 5750
0.0992, 5749
0.1000, 5748
0.1005, 5747
0.1011, 5746
0.1020, 5745
0.1030, 5744
0.1036, 5743
0.1041, 5742
0.1047, 5741
0.1057, 5740
0.1063, 5739
0.1069, 5738
0.1074, 5737
0.1080, 5736
0.1086, 5735
0.1092, 5734
0.1098, 5733
0.1104, 5732
0.1110, 5731
0.1116, 5730
0.1121, 5729
0.1127, 5728
0.1132, 5727
0.1138, 5726
0.1144, 5725
0.1151, 5724
0.1157, 5723
0.1167, 5722
0.1174, 5721
0.1180, 5720
0.1187, 5719
0.1194, 5718
0.1204, 5717
0.1212, 5716
0.1222, 5715
0.1232, 5714
0.1237, 5713
0.1243, 5712
0.1249, 5711
0.1255, 5710
0.1260, 5709
0.1268, 5708
0.1275, 5707
0.1281, 5706
0.1287, 5705
0.1292, 5704
0.1298, 5703
0.1303, 5702
0.1309, 5701
0.1315, 5700
0.1325, 5699
0.1331, 5698
0.1336, 5697
0.1341, 5696
0.1352, 5695
0.1359, 5694
0.1365, 5693
0.1371, 5692
0.1376, 5691
0.1382, 5690
0.1387, 5689
0.1394, 5688
0.1400, 5687
0.1406, 5686
0.1415, 5685
0.1421, 5684
0.1426, 5683
0.1432, 5682
0.1438, 5681
0.1444, 5680
0.1450, 5679
0.1456, 5678
0.1462, 5677
0.1468, 5676
0.1474, 5675
0.1479, 5674
0.1484, 5673
0.1490, 5672
0.1496, 5671
0.1501, 5670
0.1507, 5669
0.1513, 5668
0.1519, 5667
0.1524, 5666
0.1530, 5665
0.1536, 5664
0.1542, 5663
0.1548, 5662
0.1557, 5661
0.1563, 5660
0.1572, 5659
0.1578, 5658
0.1590, 5657
0.1600, 5656
0.1610, 5655
0.1617, 5654
0.1625, 5653
0.1632, 5652
0.1638, 5651
0.1643, 5650
0.1649, 5649
0.1655, 5648
0.1662, 5647
0.1668, 5646
0.1673, 5645
0.1681, 5644
0.1686, 5643
0.1692, 5642
0.1698, 5641
0.1706, 5640
0.1713, 5639
0.1722, 5638
0.1728, 5637
0.1733, 5636
0.1740, 5635
0.1752, 5634
0.1759, 5633
0.1769, 5632
0.1778, 5631
0.1784, 5630
0.1794, 5629
0.1803, 5628
0.1809, 5627
0.1820, 5626
0.1828, 5625
0.1835, 5624
0.1843, 5623
0.1849, 5622
0.1855, 5621
0.1862, 5620
0.1868, 5619
0.1878, 5618
0.1884, 5617
0.1890, 5616
0.1895, 5615
0.1902, 5614
0.1911, 5613
0.1917, 5612
0.1923, 5611
0.1929, 5610
0.1937, 5609
0.1943, 5608
0.1949, 5607
0.1955, 5606
0.1961, 5605
0.1967, 5604
0.1972, 5603
0.1978, 5602
0.1984, 5601
0.1989, 5600
0.1994, 5599
0.2000, 5598
0.2005, 5597
0.2010, 5596
0.2016, 5595
0.2024, 5594
0.2030, 5593
0.2040, 5592
0.2046, 5591
0.2053, 5590
0.2062, 5589
0.2071, 5588
0.2077, 5587
0.2083, 5586
0.2089, 5585
0.2096, 5584
0.2105, 5583
0.2112, 5582
0.2118, 5581
0.2124, 5580
0.2130, 5579
0.2137, 5578
0.2143, 5577
0.2153, 5576
0.2159, 5575
0.2165, 5574
0.2172, 5573
0.2178, 5572
0.2183, 5571
0.2191, 5570
0.2200, 5569
0.2206, 5568
0.2215, 5567
0.2221, 5566
0.2226, 5565
0.2232, 5564
0.2240, 5563
0.2251, 5562
0.2258, 5561
0.2263, 5560
0.2269, 5559
0.2274, 5558
0.2280, 5557
0.2290, 5556
0.2295, 5555
0.2301, 5554
0.2308, 5553
0.2316, 5552
0.2322, 5551
0.2328, 5550
0.2335, 5549
0.2341, 5548
0.2347, 5547
0.2353, 5546
0.2360, 5545
0.2365, 5544
0.2371, 5543
0.2376, 5542
0.2383, 5541
0.2390, 5540
0.2395, 5539
0.2400, 5538
0.2406, 5537
0.2412, 5536
0.2417, 5535
0.2424, 5534
0.2433, 5533
0.2438, 5532
0.2444, 5531
0.2449, 5530
0.2456, 5529
0.2461, 5528
0.2467, 5527
0.2472, 5526
0.2480, 5525
0.2486, 5524
0.2493, 5523
0.2502, 5522
0.2512, 5521
0.2521, 5520
0.2528, 5519
0.2534, 5518
0.2540, 5517
0.2547, 5516
0.2552, 5515
0.2560, 5514
0.2566, 5513
0.2573, 5512
0.2578, 5511
0.2584, 5510
0.2589, 5509
0.2595, 5508
0.2601, 5507
0.2608, 5506
0.2614, 5505
0.2619, 5504
0.2625, 5503
0.2634, 5502
0.2640, 5501
0.2646, 5500
0.2652, 5499
0.2661, 5498
0.2668, 5497
0.2674, 5496
0.2681, 5495
0.2688, 5494
0.2694, 5493
0.2700, 5492
0.2706, 5491
0.2715, 5490
0.2723, 5489
0.2729, 5488
0.2735, 5487
0.2740, 5486
0.2745, 5485
0.2755, 5484
0.2761, 5483
0.2766, 5482
0.2776, 5481
0.2782, 5480
0.2787, 5479
0.2793, 5478
0.2799, 5477
0.2804, 5476
0.2811, 5475
0.2816, 5474
0.2824, 5473
0.2830, 5472
0.2837, 5471
0.2843, 5470
0.2850, 5469
0.2856, 5468
0.2861, 5467
0.2867, 5466
0.2877, 5465
0.2883, 5464
0.2888, 5463
0.2893, 5462
0.2899, 5461
0.2905, 5460
0.2911, 5459
0.2918, 5458
0.2923, 5457
0.2929, 5456
0.2937, 5455
0.2945, 5454
0.2950, 5453
0.2957, 5452
0.2962, 5451
0.2970, 5450
0.2975, 5449
0.2982, 5448
0.2988, 5447
0.2994, 5446
0.3000, 5445
0.3006, 5444
0.3016, 5443
0.3022, 5442
0.3028, 5441
0.3033, 5440
0.3040, 5439
0.3046, 5438
0.3055, 5437
0.3062, 5436
0.3069, 5435
0.3075, 5434
0.3081, 5433
0.3087, 5432
0.3097, 5431
0.3102, 5430
0.3108, 5429
0.3114, 5428
0.3119, 5427
0.3127, 5426
0.3136, 5425
0.3142, 5424
0.3148, 5423
0.3157, 5422
0.3164, 5421
0.3171, 5420
0.3181, 5419
0.3186, 5418
0.3192, 5417
0.3202, 5416
0.3207, 5415
0.3214, 5414
0.3220, 5413
0.3226, 5412
0.3232, 5411
0.3237, 5410
0.3243, 5409
0.3248, 5408
0.3253, 5407
0.3260, 5406
0.3268, 5405
0.3278, 5404
0.3285, 5403
0.3293, 5402
0.3299, 5401
0.3304, 5400
0.3311, 5399
0.3321, 5398
0.3328, 5397
0.3334, 5396
0.3341, 5395
0.3349, 5394
0.3357, 5393
0.3363, 5392
0.3370, 5391
0.3376, 5390
0.3381, 5389
0.3387, 5388
0.3394, 5387
0.3400, 5386
0.3408, 5385
0.3414, 5384
0.3420, 5383
0.3427, 5382
0.3434, 5381
0.3441, 5380
0.3446, 5379
0.3451, 5378
0.3459, 5377
0.3466, 5376
0.3472, 5375
0.3478, 5374
0.3485, 5373
0.3491, 5372
0.3496, 5371
0.3503, 5370
0.3510, 5369
0.3517, 5368
0.3524, 5367
0.3529, 5366
0.3537, 5365
0.3543, 5364
0.3550, 5363
0.3560, 5362
0.3567, 5361
0.3574, 5360
0.3582, 5359
0.3588, 5358
0.3595, 5357
0.3605, 5356
0.3611, 5355
0.3618, 5354
0.3624, 5353
0.3631, 5352
0.3638, 5351
0.3646, 5350
0.3653, 5349
0.3659, 5348
0.3665, 5347
0.3671, 5346
0.3679, 5345
0.3688, 5344
0.3693, 5343
0.3700, 5342
0.3707, 5341
0.3712, 5340
0.3719, 5339
0.3724, 5338
0.3730, 5337
0.3736, 5336
0.3743, 5335
0.3749, 5334
0.3757, 5333
0.3765, 5332
0.3775, 5331
0.3781, 5330
0.3787, 5329
0.3792, 5328
0.3798, 5327
0.3805, 5326
0.3811, 5325
0.3816, 5324
0.3822, 5323
0.3832, 5322
0.3842, 5321
0.3851, 5320
0.3859, 5319
0.3865, 5318
0.3871, 5317
0.3876, 5316
0.3884, 5315
0.3891, 5314
0.3898, 5313
0.3904, 5312
0.3912, 5311
0.3919, 5310
0.3924, 5309
0.3931, 5308
0.3940, 5307
0.3947, 5306
0.3954, 5305
0.3961, 5304
0.3967, 5303
0.3974, 5302
0.3979, 5301
0.3985, 5300
0.3991, 5299
0.3997, 5298
0.4003, 5297
0.4009, 5296
0.4016, 5295
0.4023, 5294
0.4028, 5293
0.4034, 5292
0.4043, 5291
0.4051, 5290
0.4058, 5289
0.4066, 5288
0.4072, 5287
0.4078, 5286
0.4085, 5285
0.4091, 5284
0.4099, 5283
0.4104, 5282
0.4110, 5281
0.4117, 5280
0.4123, 5279
0.4128, 5278
0.4134, 5277
0.4141, 5276
0.4148, 5275
0.4154, 5274
0.4163, 5273
0.4169, 5272
0.4174, 5271
0.4179, 5270
0.4186, 5269
0.4193, 5268
0.4198, 5267
0.4203, 5266
0.4210, 5265
0.4218, 5264
0.4225, 5263
0.4231, 5262
0.4238, 5261
0.4243, 5260
0.4253, 5259
0.4258, 5258
0.4264, 5257
0.4271, 5256
0.4280, 5255
0.4287, 5254
0.4297, 5253
0.4305, 5252
0.4311, 5251
0.4322, 5250
0.4328, 5249
0.4333, 5248
0.4340, 5247
0.4347, 5246
0.4353, 5245
0.4359, 5244
0.4366, 5243
0.4371, 5242
0.4377, 5241
0.4384, 5240
0.4389, 5239
0.4394, 5238
0.4401, 5237
0.4410, 5236
0.4415, 5235
0.4421, 5234
0.4427, 5233
0.4433, 5232
0.4442, 5231
0.4448, 5230
0.4453, 5229
0.4459, 5228
0.4466, 5227
0.4474, 5226
0.4479, 5225
0.4485, 5224
0.4495, 5223
0.4503, 5222
0.4510, 5221
0.4517, 5220
0.4524, 5219
0.4530, 5218
0.4535, 5217
0.4542, 5216
0.4549, 5215
0.4556, 5214
0.4562, 5213
0.4570, 5212
0.4577, 5211
0.4585, 5210
0.4593, 5209
0.4599, 5208
0.4606, 5207
0.4614, 5206
0.4621, 5205
0.4628, 5204
0.4636, 5203
0.4642, 5202
0.4649, 5201
0.4655, 5200
0.4663, 5199
0.4670, 5198
0.4677, 5197
0.4683, 5196
0.4689, 5195
0.4698, 5194
0.4703, 5193
0.4709, 5192
0.4715, 5191
0.4721, 5190
0.4728, 5189
0.4733, 5188
0.4738, 5187
0.4744, 5186
0.4750, 5185
0.4757, 5184
0.4762, 5183
0.4770, 5182
0.4777, 5181
0.4785, 5180
0.4794, 5179
0.4800, 5178
0.4808, 5177
0.4815, 5176
0.4821, 5175
0.4830, 5174
0.4837, 5173
0.4844, 5172
0.4850, 5171
0.4856, 5170
0.4861, 5169
0.4869, 5168
0.4875, 5167
0.4880, 5166
0.4887, 5165
0.4895, 5164
0.4901, 5163
0.4909, 5162
0.4916, 5161
0.4926, 5160
0.4934, 5159
0.4941, 5158
0.4947, 5157
0.4954, 5156
0.4959, 5155
0.4966, 5154
0.4972, 5153
0.4981, 5152
0.4988, 5151
0.4993, 5150
0.5000, 5149
0.5006, 5148
0.5013, 5147
0.5018, 5146
0.5023, 5145
0.5028, 5144
0.5035, 5143
0.5041, 5142
0.5046, 5141
0.5052, 5140
0.5058, 5139
0.5064, 5138
0.5071, 5137
0.5079, 5136
0.5085, 5135
0.5092, 5134
0.5098, 5133
0.5104, 5132
0.5110, 5131
0.5117, 5130
0.5123, 5129
0.5130, 5128
0.5136, 5127
0.5144, 5126
0.5151, 5125
0.5157, 5124
0.5163, 5123
0.5169, 5122
0.5174, 5121
0.5182, 5120
0.5187, 5119
0.5193, 5118
0.5198, 5117
0.5203, 5116
0.5208, 5115
0.5214, 5114
0.5223, 5113
0.5230, 5112
0.5238, 5111
0.5246, 5110
0.5251, 5109
0.5256, 5108
0.5262, 5107
0.5267, 5106
0.5274, 5105
0.5280, 5104
0.5287, 5103
0.5295, 5102
0.5301, 5101
0.5309, 5100
0.5316, 5099
0.5323, 5098
0.5331, 5097
0.5337, 5096
0.5344, 5095
0.5350, 5094
0.5355, 5093
0.5362, 5092
0.5368, 5091
0.5375, 5090
0.5380, 5089
0.5387, 5088
0.5395, 5087
0.5404, 5086
0.5410, 5085
0.5415, 5084
0.5421, 5083
0.5429, 5082
0.5435, 5081
0.5440, 5080
0.5447, 5079
0.5453, 5078
0.5459, 5077
0.5465, 5076
0.5471, 5075
0.5478, 5074
0.5485, 5073
0.5492, 5072
0.5498, 5071
0.5503, 5070
0.5508, 5069
0.5516, 5068
0.5526, 5067
0.5532, 5066
0.5539, 5065
0.5546, 5064
0.5556, 5063
0.5562, 5062
0.5569, 5061
0.5575, 5060
0.5583, 5059
0.5589, 5058
0.5594, 5057
0.5600, 5056
0.5605, 5055
0.5612, 5054
0.5618, 5053
0.5625, 5052
0.5631, 5051
0.5636, 5050
0.5642, 5049
0.5648, 5048
0.5656, 5047
0.5663, 5046
0.5673, 5045
0.5679, 5044
0.5685, 5043
0.5692, 5042
0.5697, 5041
0.5706, 5040
0.5711, 5039
0.5718, 5038
0.5726, 5037
0.5732, 5036
0.5736, 5035
0.5744, 5034
0.5751, 5033
0.5757, 5032
0.5764, 5031
0.5773, 5030
0.5779, 5029
0.5788, 5028
0.5793, 5027
0.5800, 5026
0.5806, 5025
0.5812, 5024
0.5818, 5023
0.5824, 5022
0.5830, 5021
0.5837, 5020
0.5847, 5019
0.5856, 5018
0.5861, 5017
0.5866, 5016
0.5872, 5015
0.5881, 5014
0.5888, 5013
0.5895, 5012
0.5902, 5011
0.5908, 5010
0.5915, 5009
0.5921, 5008
0.5927, 5007
0.5933, 5006
0.5942, 5005
0.5947, 5004
0.5955, 5003
0.5961, 5002
0.5967, 5001
0.5976, 5000
0.5982, 4999
0.5991, 4998
0.5997, 4997
0.6002, 4996
0.6009, 4995
0.6014, 4994
0.6020, 4993
0.6027, 4992
0.6033, 4991
0.6040, 4990
0.6047, 4989
0.6057, 4988
0.6064, 4987
0.6070, 4986
0.6076, 4985
0.6083, 4984
0.6090, 4983
0.6096, 4982
0.6103, 4981
0.6111, 4980
0.6120, 4979
0.6125, 4978
0.6131, 4977
0.6138, 4976
0.6147, 4975
0.6157, 4974
0.6162, 4973
0.6168, 4972
0.6175, 4971
0.6182, 4970
0.6187, 4969
0.6195, 4968
0.6202, 4967
0.6208, 4966
0.6215, 4965
0.6222, 4964
0.6227, 4963
0.6232, 4962
0.6240, 4961
0.6248, 4960
0.6253, 4959
0.6259, 4958
0.6264, 4957
0.6270, 4956
0.6278, 4955
0.6283, 4954
0.6289, 4953
0.6295, 4952
0.6303, 4951
0.6312, 4950
0.6320, 4949
0.6331, 4948
0.6337, 4947
0.6343, 4946
0.6352, 4945
0.6357, 4944
0.6363, 4943
0.6368, 4942
0.6374, 4941
0.6379, 4940
0.6384, 4939
0.6391, 4938
0.6396, 4937
0.6403, 4936
0.6409, 4935
0.6419, 4934
0.6428, 4933
0.6434, 4932
0.6440, 4931
0.6446, 4930
0.6454, 4929
0.6460, 4928
0.6465, 4927
0.6472, 4926
0.6479, 4925
0.6485, 4924
0.6491, 4923
0.6499, 4922
0.6505, 4921
0.6511, 4920
0.6517, 4919
0.6526, 4918
0.6535, 4917
0.6540, 4916
0.6549, 4915
0.6554, 4914
0.6559, 4913
0.6564, 4912
0.6569, 4911
0.6575, 4910
0.6580, 4909
0.6589, 4908
0.6594, 4907
0.6599, 4906
0.6606, 4905
0.6611, 4904
0.6616, 4903
0.6622, 4902
0.6629, 4901
0.6634, 4900
0.6643, 4899
0.6651, 4898
0.6656, 4897
0.6661, 4896
0.6666, 4895
0.6673, 4894
0.6679, 4893
0.6684, 4892
0.6693, 4891
0.6700, 4890
0.6708, 4889
0.6713, 4888
0.6718, 4887
0.6724, 4886
0.6730, 4885
0.6735, 4884
0.6741, 4883
0.6747, 4882
0.6752, 4881
0.6758, 4880
0.6764, 4879
0.6773, 4878
0.6778, 4877
0.6784, 4876
0.6791, 4875
0.6796, 4874
0.6802, 4873
0.6807, 4872
0.6815, 4871
0.6823, 4870
0.6830, 4869
0.6838, 4868
0.6843, 4867
0.6849, 4866
0.6854, 4865
0.6863, 4864
0.6871, 4863
0.6877, 4862
0.6882, 4861
0.6889, 4860
0.6896, 4859
0.6904, 4858
0.6909, 4857
0.6917, 4856
0.6925, 4855
0.6931, 4854
0.6941, 4853
0.6947, 4852
0.6952, 4851
0.6958, 4850
0.6967, 4849
0.6973, 4848
0.6980, 4847
0.6986, 4846
0.6991, 4845
0.6998, 4844
0.7003, 4843
0.7008, 4842
0.7014, 4841
0.7021, 4840
0.7028, 4839
0.7037, 4838
0.7044, 4837
0.7051, 4836
0.7056, 4835
0.7061, 4834
0.7067, 4833
0.7073, 4832
0.7079, 4831
0.7088, 4830
0.7093, 4829
0.7099, 4828
0.7106, 4827
0.7115, 4826
0.7123, 4825
0.7128, 4824
0.7135, 4823
0.7140, 4822
0.7146, 4821
0.7152, 4820
0.7157, 4819
0.7163, 4818
0.7169, 4817
0.7174, 4816
0.7179, 4815
0.7185, 4814
0.7194, 4813
0.7202, 4812
0.7209, 4811
0.7214, 4810
0.7223, 4809
0.7228, 4808
0.7233, 4807
0.7238, 4806
0.7243, 4805
0.7252, 4804
0.7261, 4803
0.7266, 4802
0.7271, 4801
0.7279, 4800
0.7285, 4799
0.7291, 4798
0.7295, 4797
0.7301, 4796
0.7307, 4795
0.7314, 4794
0.7321, 4793
0.7326, 4792
0.7333, 4791
0.7338, 4790
0.7346, 4789
0.7351, 4788
0.7358, 4787
0.7363, 4786
0.7369, 4785
0.7374, 4784
0.7381, 4783
0.7388, 4782
0.7393, 4781
0.7411, 4780
0.7420, 4779
0.7425, 4778
0.7433, 4777
0.7438, 4776
0.7444, 4775
0.7449, 4774
0.7458, 4773
0.7464, 4772
0.7471, 4771
0.7476, 4770
0.7482, 4769
0.7491, 4768
0.7497, 4767
0.7502, 4766
0.7507, 4765
0.7516, 4764
0.7524, 4763
0.7530, 4762
0.7537, 4761
0.7541, 4760
0.7547, 4759
0.7558, 4758
0.7564, 4757
0.7570, 4756
0.7578, 4755
0.7583, 4754
0.7588, 4753
0.7593, 4752
0.7598, 4751
0.7606, 4750
0.7612, 4749
0.7617, 4748
0.7623, 4747
0.7631, 4746
0.7637, 4745
0.7645, 4744
0.7652, 4743
0.7661, 4742
0.7669, 4741
0.7675, 4740
0.7680, 4739
0.7685, 4738
0.7690, 4737
0.7697, 4736
0.7705, 4735
0.7710, 4734
0.7716, 4733
0.7721, 4732
0.7726, 4731
0.7734, 4730
0.7740, 4729
0.7744, 4728
0.7750, 4727
0.7758, 4726
0.7765, 4725
0.7774, 4724
0.7783, 4723
0.7787, 4722
0.7795, 4721
0.7803, 4720
0.7808, 4719
0.7813, 4718
0.7818, 4717
0.7826, 4716
0.7834, 4715
0.7841, 4714
0.7849, 4713
0.7854, 4712
0.7862, 4711
0.7869, 4710
0.7878, 4709
0.7885, 4708
0.7893, 4707
0.7899, 4706
0.7907, 4705
0.7914, 4704
0.7921, 4703
0.7930, 4702
0.7939, 4701
0.7946, 4700
0.7955, 4699
0.7963, 4698
0.7970, 4697
0.7977, 4696
0.7985, 4695
0.7993, 4694
0.8002, 4693
0.8010, 4692
0.8019, 4691
0.8028, 4690
0.9893, 4689
1.3429, 4688
1.3434, 4687
1.4378, 4686
1.7833, 4685
1.8270, 4684
1.8944, 4683
2.0258, 4682
2.1998, 4681
2.3948, 4680
2.4571, 4679
2.5994, 4678
2.6422, 4677
2.8261, 4676
3.1201, 4675
3.1418, 4674
3.2274, 4673
3.4784, 4672
3.4791, 4671
3.5487, 4670
3.6735, 4669
3.6743, 4668
3.8029, 4667
3.9044, 4666
3.9052, 4665
3.9866, 4664
3.9871, 4663
4.4368, 4662
4.5813, 4661
5.1433, 4660
5.1847, 4659
5.3851, 4658
5.4280, 4657
5.5764, 4656
5.8530, 4655
6.3119, 4654
6.3755, 4653
6.3760, 4652
6.9834, 4651
7.1315, 4650
7.2403, 4649
7.9918, 4648
8.0790, 4647
8.1842, 4646
8.4497, 4645
8.5339, 4644
8.5346, 4643
8.5352, 4642
8.5987, 4641
9.0567, 4640
9.1781, 4639
9.3036, 4638
9.4913, 4637
9.6329, 4636
9.8929, 4635
