0.1146, 4688
0.1438, 4687
0.1540, 4686
0.1951, 4685
0.2557, 4683
0.2761, 4682
0.2965, 4681
0.4324, 4675
0.5080, 4674
0.5184, 4672
0.5683, 4671
0.6091, 4667
0.6796, 4666
0.7196, 4665
0.8111, 4661
0.8314, 4660
0.9015, 4657
0.9818, 4656
1.0628, 4654
1.1841, 4653
1.2242, 4650
1.3166, 4648
1.4570, 4647
1.4946, 4646
1.6044, 4645
1.6817, 4644
1.7154, 4643
1.8295, 4642
1.8606, 4641
1.8914, 4640
1.9930, 4639
2.0445, 4636
2.1151, 4635
2.1352, 4634
2.1805, 4633
2.2659, 4632
2.2961, 4631
2.3262, 4628
2.5572, 4627
2.6017, 4626
2.6167, 4625
2.6369, 4624
2.6576, 4623
2.9000, 4622
2.9205, 4621
2.9411, 4619
3.1730, 4617
3.1833, 4616
3.2239, 4614
3.2647, 4612
3.3662, 4611
3.3969, 4609
3.4487, 4607
3.5926, 4606
3.6134, 4605
3.8473, 4604
3.8880, 4603
4.0101, 4602
4.1410, 4601
4.1717, 4600
4.2672, 4599
4.3131, 4598
4.3931, 4597
4.4846, 4596
4.5821, 4594
4.9009, 4593
5.3717, 4592
5.4130, 4591
5.5154, 4590
5.6681, 4589
5.6887, 4588
5.7192, 4587
5.9554, 4586
6.5178, 4585
6.9406, 4583
7.3780, 4582
7.7849, 4581
8.0187, 4580
8.0851, 4579
8.0999, 4578
8.2016, 4577
8.3568, 4575
8.5101, 4574
8.7445, 4573
9.8683, 4572
10.0726, 4571
