0.1132, 4688
0.1527, 4687
0.1896, 4683
0.2413, 4681
0.2522, 4679
0.2829, 4678
0.3445, 4677
0.3559, 4675
0.3763, 4673
0.4169, 4671
0.4382, 4670
0.4885, 4668
0.5504, 4663
0.5913, 4662
0.7414, 4661
0.7619, 4660
0.7729, 4653
0.7941, 4648
0.8243, 4647
0.8846, 4646
1.0270, 4645
1.0906, 4644
1.1321, 4643
1.1425, 4640
1.5371, 4639
1.7925, 4637
1.8938, 4635
1.9146, 4634
1.9252, 4633
1.9972, 4632
2.0482, 4631
2.1288, 4630
2.1990, 4629
2.2396, 4627
2.2814, 4626
2.4084, 4625
2.4295, 4623
2.6767, 4621
2.8520, 4620
2.8943, 4619
3.0694, 4616
3.3778, 4613
3.4591, 4612
3.5023, 4604
3.8671, 4603
4.0143, 4602
4.1381, 4601
4.1886, 4600
4.3128, 4599
4.3430, 4598
4.3540, 4597
4.4681, 4596
4.5708, 4595
4.8583, 4594
4.8907, 4593
4.9219, 4592
5.0139, 4591
5.0346, 4590
5.1495, 4589
5.3832, 4588
5.5656, 4585
5.6869, 4584
5.8715, 4583
6.3318, 4582
6.6370, 4581
7.0035, 4580
7.0643, 4579
7.1358, 4578
7.2757, 4577
7.9952, 4576
8.5931, 4575
8.9872, 4574
9.0806, 4573
9.2235, 4572
9.2816, 4571
10.4539, 4570
