0.0000, 5900
0.0006, 5899
0.0014, 5898
0.0020, 5897
0.0030, 5896
0.0038, 5895
0.0045, 5894
0.0052, 5893
0.0060, 5892
0.0065, 5891
0.0074, 5890
0.0079, 5889
0.0084, 5888
0.0089, 5887
0.0099, 5886
0.0108, 5885
0.0114, 5884
0.0126, 5883
0.0133, 5882
0.0144, 5881
0.0149, 5880
0.0158, 5879
0.0167, 5878
0.0176, 5877
0.0181, 5876
0.0186, 5875
0.0191, 5874
0.0198, 5873
0.0209, 5872
0.0214, 5871
0.0220, 5870
0.0225, 5869
0.0232, 5868
0.0237, 5867
0.0242, 5866
0.0247, 5865
0.0257, 5864
0.0264, 5863
0.0270, 5862
0.0276, 5861
0.0282, 5860
0.0288, 5859
0.0293, 5858
0.0299, 5857
0.0304, 5856
0.0311, 5855
0.0316, 5854
0.0322, 5853
0.0327, 5852
0.0337, 5851
0.0347, 5850
0.0352, 5849
0.0357, 5848
0.0363, 5847
0.0369, 5846
0.0374, 5845
0.0382, 5844
0.0388, 5843
0.0393, 5842
0.0398, 5841
0.0406, 5840
0.0413, 5839
0.0418, 5838
0.0423, 5837
0.0430, 5836
0.0436, 5835
0.0442, 5834
0.0447, 5833
0.0455, 5832
0.0460, 5831
0.0465, 5830
0.0473, 5829
0.0479, 5828
0.0484, 5827
0.0490, 5826
0.0500, 5825
0.0505, 5824
0.0510, 5823
0.0519, 5822
0.0524, 5821
0.0529, 5820
0.0535, 5819
0.0540, 5818
0.0545, 5817
0.0554, 5816
0.0559, 5815
0.0569, 5814
0.0578, 5813
0.0585, 5812
0.0591, 5811
0.0600, 5810
0.0607, 5809
0.0613, 5808
0.0619, 5807
0.0624, 5806
0.0632, 5805
0.0638, 5804
0.0643, 5803
0.0648, 5802
0.0653, 5801
0.0658, 5800
0.0667, 5799
0.0672, 5798
0.0678, 5797
0.0684, 5796
0.0690, 5795
0.0696, 5794
0.0703, 5793
0.0708, 5792
0.0713, 5791
0.0719, 5790
0.0724, 5789
0.0729, 5788
0.0735, 5787
0.0740, 5786
0.0753, 5785
0.0764, 5784
0.0772, 5783
0.0777, 5782
0.0783, 5781
0.0788, 5780
0.0796, 5779
0.0804, 5778
0.0810, 5777
0.0818, 5776
0.0824, 5775
0.0831, 5774
0.0837, 5773
0.0848, 5772
0.0855, 5771
0.0866, 5770
0.0873, 5769
0.0878, 5768
0.0885, 5767
0.0890, 5766
0.0897, 5765
0.0905, 5764
0.0910, 5763
0.0916, 5762
0.0921, 5761
0.0926, 5760
0.0936, 5759
0.0941, 5758
0.0946, 5757
0.0951, 5756
0.0956, 5755
0.0961, 5754
0.0970, 5753
0.0976, 5752
0.0981, 5751
0.0987, 5750
0.0992, 5749
0.1000, 5748
0.1005, 5747
0.1011, 5746
0.1020, 5745
0.1030, 5744
0.1036, 5743
0.1041, 5742
0.1046, 5741
0.1058, 5740
0.1064, 5739
0.1070, 5738
0.1076, 5737
0.1081, 5736
0.1086, 5735
0.1092, 5734
0.1097, 5733
0.1103, 5732
0.1108, 5731
0.1114, 5730
0.1120, 5729
0.1125, 5728
0.1130, 5727
0.1136, 5726
0.1142, 5725
0.1149, 5724
0.1155, 5723
0.1165, 5722
0.1172, 5721
0.1177, 5720
0.1184, 5719
0.1192, 5718
0.1202, 5717
0.1209, 5716
0.1219, 5715
0.1229, 5714
0.1234, 5713
0.1240, 5712
0.1246, 5711
0.1251, 5710
0.1257, 5709
0.1265, 5708
0.1272, 5707
0.1278, 5706
0.1283, 5705
0.1289, 5704
0.1294, 5703
0.1299, 5702
0.1305, 5701
0.1311, 5700
0.1321, 5699
0.1326, 5698
0.1331, 5697
0.1337, 5696
0.1348, 5695
0.1355, 5694
0.1361, 5693
0.1366, 5692
0.1372, 5691
0.1377, 5690
0.1382, 5689
0.1389, 5688
0.1395, 5687
0.1400, 5686
0.1409, 5685
0.1415, 5684
0.1421, 5683
0.1427, 5682
0.1432, 5681
0.1438, 5680
0.1444, 5679
0.1450, 5678
0.1456, 5677
0.1462, 5676
0.1467, 5675
0.1473, 5674
0.1478, 5673
0.1484, 5672
0.1489, 5671
0.1495, 5670
0.1501, 5669
0.1507, 5668
0.1513, 5667
0.1518, 5666
0.1524, 5665
0.1529, 5664
0.1536, 5663
0.1541, 5662
0.1551, 5661
0.1556, 5660
0.1565, 5659
0.1571, 5658
0.1582, 5657
0.1592, 5656
0.1600, 5655
0.1607, 5654
0.1614, 5653
0.1621, 5652
0.1626, 5651
0.1632, 5650
0.1637, 5649
0.1643, 5648
0.1650, 5647
0.1656, 5646
0.1661, 5645
0.1669, 5644
0.1674, 5643
0.1680, 5642
0.1685, 5641
0.1692, 5640
0.1700, 5639
0.1709, 5638
0.1714, 5637
0.1720, 5636
0.1727, 5635
0.1737, 5634
0.1743, 5633
0.1753, 5632
0.1762, 5631
0.1767, 5630
0.1777, 5629
0.1786, 5628
0.1792, 5627
0.1802, 5626
0.1811, 5625
0.1817, 5624
0.1825, 5623
0.1831, 5622
0.1837, 5621
0.1844, 5620
0.1850, 5619
0.1860, 5618
0.1865, 5617
0.1871, 5616
0.1877, 5615
0.1883, 5614
0.1892, 5613
0.1898, 5612
0.1903, 5611
0.1909, 5610
0.1917, 5609
0.1923, 5608
0.1928, 5607
0.1934, 5606
0.1939, 5605
0.1946, 5604
0.1951, 5603
0.1956, 5602
0.1962, 5601
0.1967, 5600
0.1973, 5599
0.1978, 5598
0.1983, 5597
0.1988, 5596
0.1994, 5595
0.2003, 5594
0.2008, 5593
0.2017, 5592
0.2023, 5591
0.2031, 5590
0.2039, 5589
0.2047, 5588
0.2053, 5587
0.2059, 5586
0.2065, 5585
0.2072, 5584
0.2082, 5583
0.2088, 5582
0.2094, 5581
0.2099, 5580
0.2106, 5579
0.2112, 5578
0.2118, 5577
0.2128, 5576
0.2134, 5575
0.2140, 5574
0.2147, 5573
0.2153, 5572
0.2158, 5571
0.2166, 5570
0.2174, 5569
0.2180, 5568
0.2189, 5567
0.2194, 5566
0.2200, 5565
0.2206, 5564
0.2213, 5563
0.2224, 5562
0.2230, 5561
0.2236, 5560
0.2242, 5559
0.2247, 5558
0.2253, 5557
0.2262, 5556
0.2268, 5555
0.2274, 5554
0.2280, 5553
0.2288, 5552
0.2294, 5551
0.2300, 5550
0.2307, 5549
0.2313, 5548
0.2319, 5547
0.2325, 5546
0.2331, 5545
0.2336, 5544
0.2342, 5543
0.2347, 5542
0.2354, 5541
0.2360, 5540
0.2366, 5539
0.2371, 5538
0.2377, 5537
0.2383, 5536
0.2388, 5535
0.2395, 5534
0.2403, 5533
0.2409, 5532
0.2415, 5531
0.2420, 5530
0.2426, 5529
0.2432, 5528
0.2437, 5527
0.2443, 5526
0.2450, 5525
0.2456, 5524
0.2464, 5523
0.2472, 5522
0.2482, 5521
0.2491, 5520
0.2498, 5519
0.2504, 5518
0.2510, 5517
0.2516, 5516
0.2522, 5515
0.2530, 5514
0.2536, 5513
0.2541, 5512
0.2547, 5511
0.2553, 5510
0.2559, 5509
0.2565, 5508
0.2571, 5507
0.2579, 5506
0.2584, 5505
0.2589, 5504
0.2595, 5503
0.2604, 5502
0.2610, 5501
0.2615, 5500
0.2621, 5499
0.2630, 5498
0.2637, 5497
0.2644, 5496
0.2649, 5495
0.2656, 5494
0.2662, 5493
0.2668, 5492
0.2674, 5491
0.2683, 5490
0.2691, 5489
0.2697, 5488
0.2702, 5487
0.2708, 5486
0.2713, 5485
0.2722, 5484
0.2728, 5483
0.2733, 5482
0.2743, 5481
0.2749, 5480
0.2755, 5479
0.2760, 5478
0.2766, 5477
0.2773, 5476
0.2779, 5475
0.2784, 5474
0.2792, 5473
0.2798, 5472
0.2804, 5471
0.2810, 5470
0.2816, 5469
0.2822, 5468
0.2828, 5467
0.2834, 5466
0.2844, 5465
0.2849, 5464
0.2855, 5463
0.2861, 5462
0.2867, 5461
0.2873, 5460
0.2879, 5459
0.2885, 5458
0.2891, 5457
0.2897, 5456
0.2905, 5455
0.2911, 5454
0.2917, 5453
0.2924, 5452
0.2929, 5451
0.2936, 5450
0.2942, 5449
0.2948, 5448
0.2954, 5447
0.2960, 5446
0.2966, 5445
0.2971, 5444
0.2981, 5443
0.2987, 5442
0.2993, 5441
0.2998, 5440
0.3005, 5439
0.3011, 5438
0.3020, 5437
0.3027, 5436
0.3033, 5435
0.3040, 5434
0.3045, 5433
0.3051, 5432
0.3061, 5431
0.3067, 5430
0.3072, 5429
0.3078, 5428
0.3084, 5427
0.3091, 5426
0.3100, 5425
0.3106, 5424
0.3113, 5423
0.3120, 5422
0.3127, 5421
0.3134, 5420
0.3143, 5419
0.3149, 5418
0.3154, 5417
0.3165, 5416
0.3170, 5415
0.3177, 5414
0.3183, 5413
0.3189, 5412
0.3195, 5411
0.3200, 5410
0.3206, 5409
0.3211, 5408
0.3216, 5407
0.3223, 5406
0.3231, 5405
0.3239, 5404
0.3246, 5403
0.3254, 5402
0.3259, 5401
0.3265, 5400
0.3272, 5399
0.3281, 5398
0.3288, 5397
0.3294, 5396
0.3300, 5395
0.3308, 5394
0.3316, 5393
0.3323, 5392
0.3330, 5391
0.3335, 5390
0.3340, 5389
0.3346, 5388
0.3353, 5387
0.3358, 5386
0.3367, 5385
0.3372, 5384
0.3379, 5383
0.3386, 5382
0.3393, 5381
0.3399, 5380
0.3405, 5379
0.3410, 5378
0.3418, 5377
0.3424, 5376
0.3431, 5375
0.3437, 5374
0.3444, 5373
0.3450, 5372
0.3455, 5371
0.3462, 5370
0.3469, 5369
0.3476, 5368
0.3483, 5367
0.3489, 5366
0.3497, 5365
0.3503, 5364
0.3510, 5363
0.3520, 5362
0.3526, 5361
0.3534, 5360
0.3541, 5359
0.3547, 5358
0.3554, 5357
0.3564, 5356
0.3570, 5355
0.3576, 5354
0.3582, 5353
0.3589, 5352
0.3595, 5351
0.3603, 5350
0.3609, 5349
0.3615, 5348
0.3620, 5347
0.3627, 5346
0.3635, 5345
0.3644, 5344
0.3649, 5343
0.3656, 5342
0.3662, 5341
0.3668, 5340
0.3674, 5339
0.3679, 5338
0.3685, 5337
0.3691, 5336
0.3697, 5335
0.3703, 5334
0.3710, 5333
0.3720, 5332
0.3730, 5331
0.3735, 5330
0.3741, 5329
0.3747, 5328
0.3753, 5327
0.3759, 5326
0.3765, 5325
0.3770, 5324
0.3777, 5323
0.3787, 5322
0.3797, 5321
0.3806, 5320
0.3814, 5319
0.3820, 5318
0.3826, 5317
0.3832, 5316
0.3840, 5315
0.3847, 5314
0.3854, 5313
0.3860, 5312
0.3868, 5311
0.3875, 5310
0.3881, 5309
0.3887, 5308
0.3896, 5307
0.3903, 5306
0.3909, 5305
0.3915, 5304
0.3921, 5303
0.3927, 5302
0.3933, 5301
0.3938, 5300
0.3945, 5299
0.3950, 5298
0.3956, 5297
0.3962, 5296
0.3969, 5295
0.3976, 5294
0.3981, 5293
0.3987, 5292
0.3995, 5291
0.4002, 5290
0.4009, 5289
0.4017, 5288
0.4023, 5287
0.4028, 5286
0.4035, 5285
0.4040, 5284
0.4047, 5283
0.4053, 5282
0.4058, 5281
0.4064, 5280
0.4070, 5279
0.4075, 5278
0.4081, 5277
0.4088, 5276
0.4095, 5275
0.4102, 5274
0.4110, 5273
0.4116, 5272
0.4122, 5271
0.4128, 5270
0.4136, 5269
0.4142, 5268
0.4147, 5267
0.4153, 5266
0.4159, 5265
0.4166, 5264
0.4173, 5263
0.4180, 5262
0.4186, 5261
0.4191, 5260
0.4199, 5259
0.4205, 5258
0.4211, 5257
0.4218, 5256
0.4225, 5255
0.4231, 5254
0.4241, 5253
0.4249, 5252
0.4255, 5251
0.4266, 5250
0.4272, 5249
0.4277, 5248
0.4283, 5247
0.4290, 5246
0.4297, 5245
0.4302, 5244
0.4309, 5243
0.4314, 5242
0.4320, 5241
0.4326, 5240
0.4332, 5239
0.4337, 5238
0.4343, 5237
0.4352, 5236
0.4357, 5235
0.4363, 5234
0.4369, 5233
0.4375, 5232
0.4382, 5231
0.4388, 5230
0.4393, 5229
0.4399, 5228
0.4405, 5227
0.4414, 5226
0.4420, 5225
0.4425, 5224
0.4435, 5223
0.4443, 5222
0.4450, 5221
0.4458, 5220
0.4465, 5219
0.4471, 5218
0.4477, 5217
0.4484, 5216
0.4491, 5215
0.4498, 5214
0.4503, 5213
0.4511, 5212
0.4518, 5211
0.4526, 5210
0.4535, 5209
0.4541, 5208
0.4547, 5207
0.4555, 5206
0.4563, 5205
0.4569, 5204
0.4577, 5203
0.4583, 5202
0.4590, 5201
0.4596, 5200
0.4604, 5199
0.4610, 5198
0.4617, 5197
0.4624, 5196
0.4630, 5195
0.4639, 5194
0.4644, 5193
0.4649, 5192
0.4655, 5191
0.4661, 5190
0.4668, 5189
0.4673, 5188
0.4679, 5187
0.4685, 5186
0.4691, 5185
0.4697, 5184
0.4702, 5183
0.4710, 5182
0.4717, 5181
0.4725, 5180
0.4734, 5179
0.4740, 5178
0.4749, 5177
0.4756, 5176
0.4762, 5175
0.4771, 5174
0.4778, 5173
0.4786, 5172
0.4792, 5171
0.4798, 5170
0.4804, 5169
0.4812, 5168
0.4818, 5167
0.4823, 5166
0.4830, 5165
0.4838, 5164
0.4844, 5163
0.4851, 5162
0.4858, 5161
0.4868, 5160
0.4876, 5159
0.4883, 5158
0.4889, 5157
0.4895, 5156
0.4900, 5155
0.4907, 5154
0.4914, 5153
0.4922, 5152
0.4929, 5151
0.4935, 5150
0.4941, 5149
0.4948, 5148
0.4954, 5147
0.4959, 5146
0.4964, 5145
0.4969, 5144
0.4976, 5143
0.4982, 5142
0.4987, 5141
0.4992, 5140
0.4998, 5139
0.5004, 5138
0.5011, 5137
0.5019, 5136
0.5026, 5135
0.5033, 5134
0.5039, 5133
0.5045, 5132
0.5051, 5131
0.5058, 5130
0.5065, 5129
0.5072, 5128
0.5078, 5127
0.5086, 5126
0.5093, 5125
0.5099, 5124
0.5105, 5123
0.5111, 5122
0.5116, 5121
0.5124, 5120
0.5129, 5119
0.5135, 5118
0.5140, 5117
0.5145, 5116
0.5151, 5115
0.5157, 5114
0.5166, 5113
0.5173, 5112
0.5180, 5111
0.5189, 5110
0.5194, 5109
0.5200, 5108
0.5206, 5107
0.5211, 5106
0.5219, 5105
0.5225, 5104
0.5232, 5103
0.5240, 5102
0.5246, 5101
0.5256, 5100
0.5263, 5099
0.5270, 5098
0.5279, 5097
0.5284, 5096
0.5292, 5095
0.5297, 5094
0.5303, 5093
0.5310, 5092
0.5316, 5091
0.5323, 5090
0.5328, 5089
0.5335, 5088
0.5342, 5087
0.5351, 5086
0.5357, 5085
0.5363, 5084
0.5369, 5083
0.5377, 5082
0.5383, 5081
0.5389, 5080
0.5396, 5079
0.5402, 5078
0.5408, 5077
0.5414, 5076
0.5420, 5075
0.5427, 5074
0.5434, 5073
0.5441, 5072
0.5447, 5071
0.5452, 5070
0.5457, 5069
0.5465, 5068
0.5475, 5067
0.5481, 5066
0.5488, 5065
0.5496, 5064
0.5506, 5063
0.5512, 5062
0.5519, 5061
0.5525, 5060
0.5533, 5059
0.5539, 5058
0.5545, 5057
0.5550, 5056
0.5556, 5055
0.5562, 5054
0.5569, 5053
0.5576, 5052
0.5581, 5051
0.5587, 5050
0.5592, 5049
0.5598, 5048
0.5606, 5047
0.5612, 5046
0.5622, 5045
0.5628, 5044
0.5634, 5043
0.5640, 5042
0.5645, 5041
0.5654, 5040
0.5660, 5039
0.5666, 5038
0.5674, 5037
0.5680, 5036
0.5684, 5035
0.5692, 5034
0.5699, 5033
0.5705, 5032
0.5712, 5031
0.5721, 5030
0.5727, 5029
0.5735, 5028
0.5741, 5027
0.5747, 5026
0.5753, 5025
0.5759, 5024
0.5766, 5023
0.5771, 5022
0.5778, 5021
0.5785, 5020
0.5795, 5019
0.5804, 5018
0.5809, 5017
0.5814, 5016
0.5820, 5015
0.5830, 5014
0.5837, 5013
0.5844, 5012
0.5851, 5011
0.5858, 5010
0.5865, 5009
0.5871, 5008
0.5876, 5007
0.5882, 5006
0.5891, 5005
0.5896, 5004
0.5904, 5003
0.5910, 5002
0.5915, 5001
0.5925, 5000
0.5930, 4999
0.5939, 4998
0.5945, 4997
0.5950, 4996
0.5957, 4995
0.5962, 4994
0.5968, 4993
0.5975, 4992
0.5980, 4991
0.5988, 4990
0.5995, 4989
0.6004, 4988
0.6011, 4987
0.6018, 4986
0.6024, 4985
0.6030, 4984
0.6037, 4983
0.6043, 4982
0.6051, 4981
0.6059, 4980
0.6068, 4979
0.6073, 4978
0.6079, 4977
0.6086, 4976
0.6095, 4975
0.6105, 4974
0.6111, 4973
0.6116, 4972
0.6124, 4971
0.6131, 4970
0.6136, 4969
0.6144, 4968
0.6151, 4967
0.6158, 4966
0.6165, 4965
0.6171, 4964
0.6176, 4963
0.6182, 4962
0.6189, 4961
0.6197, 4960
0.6202, 4959
0.6207, 4958
0.6212, 4957
0.6218, 4956
0.6226, 4955
0.6231, 4954
0.6236, 4953
0.6242, 4952
0.6250, 4951
0.6259, 4950
0.6267, 4949
0.6278, 4948
0.6284, 4947
0.6290, 4946
0.6298, 4945
0.6303, 4944
0.6309, 4943
0.6315, 4942
0.6320, 4941
0.6326, 4940
0.6331, 4939
0.6337, 4938
0.6342, 4937
0.6349, 4936
0.6355, 4935
0.6365, 4934
0.6373, 4933
0.6378, 4932
0.6384, 4931
0.6391, 4930
0.6397, 4929
0.6404, 4928
0.6409, 4927
0.6416, 4926
0.6423, 4925
0.6429, 4924
0.6435, 4923
0.6443, 4922
0.6450, 4921
0.6455, 4920
0.6462, 4919
0.6471, 4918
0.6480, 4917
0.6485, 4916
0.6494, 4915
0.6499, 4914
0.6505, 4913
0.6510, 4912
0.6516, 4911
0.6521, 4910
0.6526, 4909
0.6536, 4908
0.6541, 4907
0.6546, 4906
0.6552, 4905
0.6557, 4904
0.6563, 4903
0.6568, 4902
0.6575, 4901
0.6580, 4900
0.6589, 4899
0.6596, 4898
0.6601, 4897
0.6607, 4896
0.6612, 4895
0.6618, 4894
0.6624, 4893
0.6629, 4892
0.6638, 4891
0.6645, 4890
0.6652, 4889
0.6658, 4888
0.6663, 4887
0.6669, 4886
0.6674, 4885
0.6680, 4884
0.6686, 4883
0.6691, 4882
0.6697, 4881
0.6703, 4880
0.6709, 4879
0.6718, 4878
0.6724, 4877
0.6729, 4876
0.6736, 4875
0.6742, 4874
0.6747, 4873
0.6753, 4872
0.6760, 4871
0.6768, 4870
0.6775, 4869
0.6783, 4868
0.6789, 4867
0.6794, 4866
0.6799, 4865
0.6808, 4864
0.6816, 4863
0.6822, 4862
0.6827, 4861
0.6834, 4860
0.6841, 4859
0.6849, 4858
0.6854, 4857
0.6862, 4856
0.6871, 4855
0.6876, 4854
0.6887, 4853
0.6892, 4852
0.6898, 4851
0.6903, 4850
0.6912, 4849
0.6919, 4848
0.6926, 4847
0.6931, 4846
0.6936, 4845
0.6944, 4844
0.6950, 4843
0.6955, 4842
0.6960, 4841
0.6968, 4840
0.6975, 4839
0.6984, 4838
0.6992, 4837
0.6999, 4836
0.7004, 4835
0.7009, 4834
0.7016, 4833
0.7022, 4832
0.7028, 4831
0.7037, 4830
0.7043, 4829
0.7049, 4828
0.7055, 4827
0.7064, 4826
0.7072, 4825
0.7077, 4824
0.7085, 4823
0.7090, 4822
0.7096, 4821
0.7102, 4820
0.7107, 4819
0.7113, 4818
0.7119, 4817
0.7124, 4816
0.7129, 4815
0.7135, 4814
0.7143, 4813
0.7153, 4812
0.7159, 4811
0.7165, 4810
0.7174, 4809
0.7179, 4808
0.7184, 4807
0.7189, 4806
0.7194, 4805
0.7203, 4804
0.7212, 4803
0.7216, 4802
0.7222, 4801
0.7229, 4800
0.7235, 4799
0.7240, 4798
0.7245, 4797
0.7251, 4796
0.7256, 4795
0.7263, 4794
0.7270, 4793
0.7275, 4792
0.7282, 4791
0.7287, 4790
0.7295, 4789
0.7300, 4788
0.7307, 4787
0.7312, 4786
0.7317, 4785
0.7323, 4784
0.7328, 4783
0.7335, 4782
0.7341, 4781
0.7349, 4780
0.7357, 4779
0.7362, 4778
0.7370, 4777
0.7375, 4776
0.7381, 4775
0.7386, 4774
0.7396, 4773
0.7401, 4772
0.7409, 4771
0.7414, 4770
0.7419, 4769
0.7428, 4768
0.7434, 4767
0.7439, 4766
0.7445, 4765
0.7454, 4764
0.7463, 4763
0.7469, 4762
0.7475, 4761
0.7480, 4760
0.7486, 4759
0.7497, 4758
0.7503, 4757
0.7508, 4756
0.7517, 4755
0.7522, 4754
0.7528, 4753
0.7533, 4752
0.7538, 4751
0.7546, 4750
0.7552, 4749
0.7557, 4748
0.7562, 4747
0.7571, 4746
0.7577, 4745
0.7585, 4744
0.7592, 4743
0.7600, 4742
0.7608, 4741
0.7614, 4740
0.7619, 4739
0.7624, 4738
0.7629, 4737
0.7635, 4736
0.7643, 4735
0.7648, 4734
0.7654, 4733
0.7659, 4732
0.7664, 4731
0.7672, 4730
0.7677, 4729
0.7682, 4728
0.7688, 4727
0.7696, 4726
0.7704, 4725
0.7713, 4724
0.7721, 4723
0.7726, 4722
0.7734, 4721
0.7742, 4720
0.7747, 4719
0.7752, 4718
0.7758, 4717
0.7765, 4716
0.7773, 4715
0.7781, 4714
0.7790, 4713
0.7795, 4712
0.7802, 4711
0.7810, 4710
0.7819, 4709
0.7826, 4708
0.7835, 4707
0.7841, 4706
0.7849, 4705
0.7855, 4704
0.7863, 4703
0.7872, 4702
0.7882, 4701
0.7889, 4700
0.7899, 4699
0.7907, 4698
0.7915, 4697
0.7921, 4696
0.7930, 4695
0.7937, 4694
0.7946, 4693
0.7954, 4692
0.7964, 4691
0.7973, 4690
1.0426, 4689
1.2082, 4688
1.2488, 4687
1.3093, 4686
1.6332, 4685
1.6736, 4684
1.7542, 4683
1.8533, 4682
2.0175, 4681
2.2061, 4680
2.2665, 4679
2.4073, 4678
2.4494, 4677
2.6312, 4676
2.9372, 4675
2.9382, 4674
3.0636, 4673
3.2684, 4672
3.2691, 4671
3.3308, 4670
3.4115, 4669
3.4549, 4668
3.5949, 4667
3.6963, 4666
3.6971, 4665
3.6978, 4664
3.7601, 4663
4.2076, 4662
4.2904, 4661
4.7778, 4660
4.8204, 4659
4.9601, 4658
5.0002, 4657
5.1824, 4656
5.4042, 4655
5.8541, 4654
5.9954, 4653
5.9959, 4652
6.4812, 4651
6.6056, 4650
6.7463, 4649
7.4889, 4648
7.6376, 4647
7.7225, 4646
8.0312, 4645
8.0318, 4644
8.0966, 4643
8.0973, 4642
8.1400, 4641
8.6770, 4640
8.7379, 4639
8.7981, 4638
9.0974, 4637
9.1373, 4636
9.4189, 4635
9.5793, 4634
9.6402, 4633
9.9416, 4632
