0.1082, 4688
0.1377, 4687
0.3189, 4686
0.3391, 4685
0.3704, 4684
0.3808, 4683
0.4214, 4681
0.4616, 4680
0.4818, 4678
0.4922, 4677
0.5026, 4676
0.6339, 4672
0.6447, 4671
0.6693, 4669
0.6944, 4668
0.7850, 4667
0.7954, 4666
0.8060, 4663
0.8887, 4662
0.9090, 4661
1.0105, 4654
1.1318, 4652
1.1934, 4648
1.2142, 4644
1.2345, 4643
1.2647, 4642
1.3158, 4641
1.4728, 4639
1.5790, 4638
1.6501, 4637
1.6705, 4636
1.7010, 4633
1.8819, 4632
1.9129, 4631
1.9749, 4628
2.3262, 4627
2.3769, 4625
2.4383, 4624
2.4590, 4623
2.4802, 4622
2.4906, 4621
2.5009, 4620
2.5623, 4616
2.6128, 4615
2.6735, 4614
2.7149, 4613
2.9514, 4612
3.0028, 4611
3.0539, 4610
3.0747, 4609
3.1152, 4608
3.1563, 4605
3.2271, 4604
3.3086, 4603
3.5838, 4602
3.6720, 4601
3.6837, 4599
3.8238, 4598
3.8777, 4597
3.9103, 4596
4.6076, 4595
4.6488, 4593
4.8224, 4592
5.2349, 4591
5.2700, 4590
5.3871, 4589
5.4389, 4588
5.5299, 4586
5.6821, 4584
5.7637, 4583
5.8373, 4582
5.8909, 4581
6.2311, 4580
6.2860, 4579
6.3886, 4578
6.6115, 4577
6.7160, 4576
6.8010, 4575
6.8857, 4574
6.9487, 4573
6.9596, 4572
7.2388, 4571
7.3103, 4570
7.4882, 4569
7.9714, 4568
8.5210, 4567
8.5321, 4566
9.5741, 4565
