0.1092, 4688
0.1383, 4687
0.2090, 4686
0.2498, 4685
0.3004, 4684
0.3114, 4681
0.3527, 4680
0.3934, 4678
0.4147, 4676
0.4252, 4672
0.4662, 4667
0.5167, 4666
0.5272, 4665
0.5376, 4661
0.5777, 4660
0.5984, 4658
0.6492, 4657
0.6930, 4655
0.7085, 4650
0.7492, 4649
0.7695, 4648
0.8298, 4647
0.9110, 4645
0.9515, 4644
0.9720, 4643
1.1906, 4642
1.2011, 4640
1.2627, 4639
1.3038, 4638
1.3946, 4637
1.4252, 4636
1.4758, 4635
1.5704, 4633
1.6163, 4631
1.7878, 4630
1.8182, 4629
1.9504, 4627
2.0423, 4626
2.2396, 4624
2.2601, 4623
2.3416, 4621
2.3522, 4618
2.3625, 4617
2.3833, 4616
2.3938, 4614
2.4549, 4611
2.4853, 4610
2.5161, 4609
2.5565, 4608
2.5675, 4607
2.5981, 4606
2.8017, 4605
3.0194, 4604
3.1149, 4603
3.1559, 4601
3.3201, 4600
3.6145, 4599
3.6559, 4598
3.7478, 4597
3.9734, 4595
4.0246, 4594
4.0651, 4593
4.2170, 4592
4.3397, 4591
4.4211, 4590
4.5925, 4589
4.7962, 4588
4.9489, 4587
5.4746, 4586
5.6187, 4585
5.9054, 4584
6.2303, 4583
6.3131, 4582
6.3743, 4580
6.4080, 4578
6.4636, 4577
6.5700, 4576
6.8591, 4575
7.0130, 4574
7.2382, 4573
7.9895, 4572
8.0812, 4571
8.1021, 4570
8.3111, 4568
8.5226, 4567
9.0646, 4566
9.7886, 4565
9.8697, 4564
