0.1144, 4688
0.1455, 4687
0.2383, 4684
0.3317, 4683
0.3726, 4682
0.4030, 4681
0.4434, 4680
0.4638, 4679
0.5846, 4678
0.6154, 4673
0.6260, 4670
0.6666, 4668
0.6872, 4666
0.7086, 4663
0.7391, 4662
0.7497, 4661
0.7805, 4658
0.8431, 4657
0.8644, 4656
0.8894, 4655
0.9877, 4654
1.0084, 4653
1.0603, 4651
1.1010, 4650
1.1424, 4649
1.1732, 4644
1.2960, 4642
1.3174, 4638
1.3788, 4637
1.5010, 4636
1.5932, 4635
1.6646, 4633
1.7471, 4632
1.7682, 4631
2.1729, 4629
2.2140, 4628
2.3049, 4627
2.3575, 4626
2.4244, 4625
2.5000, 4623
2.6457, 4621
2.7426, 4620
2.7958, 4619
3.0431, 4618
3.1164, 4617
3.1275, 4616
3.2258, 4615
3.4135, 4614
3.4239, 4613
3.4747, 4612
3.4952, 4611
3.5264, 4606
3.6113, 4605
3.6879, 4603
3.7093, 4602
3.9979, 4601
4.0195, 4600
4.0301, 4599
4.0934, 4598
4.1876, 4597
4.3025, 4596
4.5263, 4595
4.7469, 4593
4.9359, 4592
5.0480, 4591
5.0583, 4590
5.1600, 4587
5.3327, 4586
5.3432, 4585
5.3802, 4584
5.7530, 4583
5.8547, 4582
5.8753, 4581
6.0587, 4580
7.5288, 4579
8.6095, 4578
9.0299, 4577
9.1852, 4575
9.4125, 4574
