0.0000, 5900
0.0005, 5899
0.0012, 5898
0.0018, 5897
0.0028, 5896
0.0035, 5895
0.0042, 5894
0.0048, 5893
0.0057, 5892
0.0062, 5891
0.0070, 5890
0.0075, 5889
0.0080, 5888
0.0085, 5887
0.0094, 5886
0.0104, 5885
0.0110, 5884
0.0122, 5883
0.0128, 5882
0.0139, 5881
0.0144, 5880
0.0154, 5879
0.0162, 5878
0.0172, 5877
0.0177, 5876
0.0182, 5875
0.0187, 5874
0.0193, 5873
0.0204, 5872
0.0209, 5871
0.0214, 5870
0.0219, 5869
0.0226, 5868
0.0231, 5867
0.0236, 5866
0.0241, 5865
0.0251, 5864
0.0258, 5863
0.0264, 5862
0.0269, 5861
0.0276, 5860
0.0282, 5859
0.0287, 5858
0.0292, 5857
0.0298, 5856
0.0304, 5855
0.0310, 5854
0.0315, 5853
0.0320, 5852
0.0330, 5851
0.0339, 5850
0.0344, 5849
0.0349, 5848
0.0356, 5847
0.0361, 5846
0.0366, 5845
0.0374, 5844
0.0379, 5843
0.0384, 5842
0.0389, 5841
0.0396, 5840
0.0403, 5839
0.0409, 5838
0.0414, 5837
0.0420, 5836
0.0426, 5835
0.0432, 5834
0.0437, 5833
0.0444, 5832
0.0450, 5831
0.0455, 5830
0.0463, 5829
0.0468, 5828
0.0473, 5827
0.0479, 5826
0.0488, 5825
0.0493, 5824
0.0498, 5823
0.0507, 5822
0.0512, 5821
0.0517, 5820
0.0522, 5819
0.0527, 5818
0.0532, 5817
0.0541, 5816
0.0547, 5815
0.0556, 5814
0.0566, 5813
0.0572, 5812
0.0578, 5811
0.0588, 5810
0.0595, 5809
0.0601, 5808
0.0607, 5807
0.0613, 5806
0.0621, 5805
0.0626, 5804
0.0631, 5803
0.0636, 5802
0.0642, 5801
0.0647, 5800
0.0656, 5799
0.0661, 5798
0.0668, 5797
0.0674, 5796
0.0680, 5795
0.0685, 5794
0.0692, 5793
0.0698, 5792
0.0703, 5791
0.0708, 5790
0.0713, 5789
0.0718, 5788
0.0725, 5787
0.0730, 5786
0.0742, 5785
0.0753, 5784
0.0761, 5783
0.0766, 5782
0.0771, 5781
0.0776, 5780
0.0783, 5779
0.0791, 5778
0.0798, 5777
0.0806, 5776
0.0812, 5775
0.0818, 5774
0.0825, 5773
0.0836, 5772
0.0842, 5771
0.0854, 5770
0.0860, 5769
0.0866, 5768
0.0873, 5767
0.0878, 5766
0.0885, 5765
0.0893, 5764
0.0899, 5763
0.0904, 5762
0.0910, 5761
0.0915, 5760
0.0925, 5759
0.0930, 5758
0.0935, 5757
0.0941, 5756
0.0946, 5755
0.0951, 5754
0.0960, 5753
0.0966, 5752
0.0972, 5751
0.0977, 5750
0.0982, 5749
0.0991, 5748
0.0996, 5747
0.1001, 5746
0.1010, 5745
0.1021, 5744
0.1026, 5743
0.1031, 5742
0.1037, 5741
0.1047, 5740
0.1052, 5739
0.1058, 5738
0.1063, 5737
0.1069, 5736
0.1074, 5735
0.1080, 5734
0.1085, 5733
0.1091, 5732
0.1096, 5731
0.1102, 5730
0.1108, 5729
0.1113, 5728
0.1118, 5727
0.1124, 5726
0.1130, 5725
0.1137, 5724
0.1143, 5723
0.1153, 5722
0.1160, 5721
0.1165, 5720
0.1172, 5719
0.1180, 5718
0.1190, 5717
0.1197, 5716
0.1207, 5715
0.1217, 5714
0.1223, 5713
0.1229, 5712
0.1235, 5711
0.1240, 5710
0.1246, 5709
0.1254, 5708
0.1262, 5707
0.1268, 5706
0.1273, 5705
0.1279, 5704
0.1284, 5703
0.1289, 5702
0.1295, 5701
0.1301, 5700
0.1311, 5699
0.1316, 5698
0.1321, 5697
0.1327, 5696
0.1338, 5695
0.1345, 5694
0.1351, 5693
0.1357, 5692
0.1362, 5691
0.1367, 5690
0.1372, 5689
0.1379, 5688
0.1385, 5687
0.1390, 5686
0.1399, 5685
0.1405, 5684
0.1411, 5683
0.1417, 5682
0.1422, 5681
0.1428, 5680
0.1434, 5679
0.1440, 5678
0.1446, 5677
0.1452, 5676
0.1457, 5675
0.1463, 5674
0.1468, 5673
0.1474, 5672
0.1479, 5671
0.1485, 5670
0.1491, 5669
0.1497, 5668
0.1503, 5667
0.1508, 5666
0.1514, 5665
0.1519, 5664
0.1525, 5663
0.1531, 5662
0.1541, 5661
0.1546, 5660
0.1555, 5659
0.1561, 5658
0.1573, 5657
0.1583, 5656
0.1592, 5655
0.1598, 5654
0.1606, 5653
0.1612, 5652
0.1618, 5651
0.1624, 5650
0.1629, 5649
0.1635, 5648
0.1642, 5647
0.1648, 5646
0.1653, 5645
0.1660, 5644
0.1666, 5643
0.1672, 5642
0.1677, 5641
0.1684, 5640
0.1692, 5639
0.1701, 5638
0.1706, 5637
0.1712, 5636
0.1718, 5635
0.1729, 5634
0.1735, 5633
0.1745, 5632
0.1754, 5631
0.1760, 5630
0.1769, 5629
0.1778, 5628
0.1784, 5627
0.1794, 5626
0.1803, 5625
0.1809, 5624
0.1818, 5623
0.1824, 5622
0.1829, 5621
0.1836, 5620
0.1843, 5619
0.1852, 5618
0.1858, 5617
0.1864, 5616
0.1869, 5615
0.1876, 5614
0.1885, 5613
0.1891, 5612
0.1897, 5611
0.1903, 5610
0.1911, 5609
0.1917, 5608
0.1922, 5607
0.1928, 5606
0.1934, 5605
0.1940, 5604
0.1945, 5603
0.1951, 5602
0.1956, 5601
0.1962, 5600
0.1967, 5599
0.1972, 5598
0.1977, 5597
0.1982, 5596
0.1988, 5595
0.1997, 5594
0.2002, 5593
0.2011, 5592
0.2017, 5591
0.2025, 5590
0.2033, 5589
0.2042, 5588
0.2048, 5587
0.2054, 5586
0.2059, 5585
0.2066, 5584
0.2076, 5583
0.2082, 5582
0.2088, 5581
0.2094, 5580
0.2100, 5579
0.2106, 5578
0.2113, 5577
0.2122, 5576
0.2129, 5575
0.2134, 5574
0.2141, 5573
0.2147, 5572
0.2153, 5571
0.2160, 5570
0.2169, 5569
0.2175, 5568
0.2184, 5567
0.2190, 5566
0.2195, 5565
0.2201, 5564
0.2208, 5563
0.2220, 5562
0.2226, 5561
0.2232, 5560
0.2238, 5559
0.2243, 5558
0.2249, 5557
0.2259, 5556
0.2265, 5555
0.2271, 5554
0.2277, 5553
0.2286, 5552
0.2292, 5551
0.2298, 5550
0.2305, 5549
0.2311, 5548
0.2317, 5547
0.2323, 5546
0.2329, 5545
0.2335, 5544
0.2340, 5543
0.2345, 5542
0.2352, 5541
0.2359, 5540
0.2364, 5539
0.2370, 5538
0.2375, 5537
0.2381, 5536
0.2387, 5535
0.2394, 5534
0.2403, 5533
0.2408, 5532
0.2414, 5531
0.2420, 5530
0.2426, 5529
0.2432, 5528
0.2437, 5527
0.2443, 5526
0.2451, 5525
0.2457, 5524
0.2465, 5523
0.2474, 5522
0.2484, 5521
0.2492, 5520
0.2499, 5519
0.2505, 5518
0.2511, 5517
0.2518, 5516
0.2523, 5515
0.2531, 5514
0.2537, 5513
0.2543, 5512
0.2548, 5511
0.2554, 5510
0.2559, 5509
0.2565, 5508
0.2571, 5507
0.2578, 5506
0.2583, 5505
0.2589, 5504
0.2594, 5503
0.2603, 5502
0.2609, 5501
0.2615, 5500
0.2621, 5499
0.2630, 5498
0.2637, 5497
0.2643, 5496
0.2649, 5495
0.2655, 5494
0.2662, 5493
0.2668, 5492
0.2674, 5491
0.2684, 5490
0.2692, 5489
0.2698, 5488
0.2703, 5487
0.2709, 5486
0.2714, 5485
0.2724, 5484
0.2729, 5483
0.2735, 5482
0.2744, 5481
0.2751, 5480
0.2756, 5479
0.2762, 5478
0.2768, 5477
0.2774, 5476
0.2780, 5475
0.2785, 5474
0.2793, 5473
0.2799, 5472
0.2805, 5471
0.2811, 5470
0.2817, 5469
0.2823, 5468
0.2829, 5467
0.2834, 5466
0.2844, 5465
0.2850, 5464
0.2855, 5463
0.2860, 5462
0.2867, 5461
0.2872, 5460
0.2878, 5459
0.2884, 5458
0.2890, 5457
0.2896, 5456
0.2904, 5455
0.2911, 5454
0.2916, 5453
0.2923, 5452
0.2928, 5451
0.2936, 5450
0.2941, 5449
0.2948, 5448
0.2954, 5447
0.2960, 5446
0.2965, 5445
0.2971, 5444
0.2981, 5443
0.2987, 5442
0.2993, 5441
0.2999, 5440
0.3005, 5439
0.3011, 5438
0.3020, 5437
0.3028, 5436
0.3034, 5435
0.3040, 5434
0.3046, 5433
0.3052, 5432
0.3061, 5431
0.3067, 5430
0.3072, 5429
0.3078, 5428
0.3084, 5427
0.3091, 5426
0.3100, 5425
0.3106, 5424
0.3112, 5423
0.3119, 5422
0.3127, 5421
0.3134, 5420
0.3143, 5419
0.3149, 5418
0.3154, 5417
0.3164, 5416
0.3170, 5415
0.3176, 5414
0.3182, 5413
0.3188, 5412
0.3194, 5411
0.3199, 5410
0.3204, 5409
0.3209, 5408
0.3214, 5407
0.3221, 5406
0.3229, 5405
0.3237, 5404
0.3245, 5403
0.3253, 5402
0.3259, 5401
0.3264, 5400
0.3272, 5399
0.3281, 5398
0.3288, 5397
0.3294, 5396
0.3300, 5395
0.3309, 5394
0.3317, 5393
0.3324, 5392
0.3331, 5391
0.3337, 5390
0.3342, 5389
0.3348, 5388
0.3354, 5387
0.3360, 5386
0.3368, 5385
0.3374, 5384
0.3380, 5383
0.3387, 5382
0.3394, 5381
0.3401, 5380
0.3406, 5379
0.3411, 5378
0.3419, 5377
0.3426, 5376
0.3432, 5375
0.3438, 5374
0.3445, 5373
0.3451, 5372
0.3456, 5371
0.3463, 5370
0.3469, 5369
0.3477, 5368
0.3484, 5367
0.3489, 5366
0.3497, 5365
0.3503, 5364
0.3510, 5363
0.3521, 5362
0.3527, 5361
0.3534, 5360
0.3541, 5359
0.3548, 5358
0.3555, 5357
0.3565, 5356
0.3571, 5355
0.3578, 5354
0.3584, 5353
0.3591, 5352
0.3597, 5351
0.3605, 5350
0.3612, 5349
0.3617, 5348
0.3623, 5347
0.3630, 5346
0.3638, 5345
0.3647, 5344
0.3652, 5343
0.3659, 5342
0.3665, 5341
0.3671, 5340
0.3677, 5339
0.3682, 5338
0.3688, 5337
0.3694, 5336
0.3700, 5335
0.3706, 5334
0.3713, 5333
0.3722, 5332
0.3732, 5331
0.3737, 5330
0.3743, 5329
0.3748, 5328
0.3754, 5327
0.3761, 5326
0.3767, 5325
0.3772, 5324
0.3778, 5323
0.3788, 5322
0.3797, 5321
0.3807, 5320
0.3814, 5319
0.3820, 5318
0.3826, 5317
0.3831, 5316
0.3839, 5315
0.3846, 5314
0.3852, 5313
0.3859, 5312
0.3867, 5311
0.3874, 5310
0.3879, 5309
0.3886, 5308
0.3895, 5307
0.3902, 5306
0.3908, 5305
0.3914, 5304
0.3920, 5303
0.3927, 5302
0.3933, 5301
0.3938, 5300
0.3945, 5299
0.3950, 5298
0.3956, 5297
0.3962, 5296
0.3969, 5295
0.3976, 5294
0.3981, 5293
0.3987, 5292
0.3995, 5291
0.4002, 5290
0.4009, 5289
0.4017, 5288
0.4023, 5287
0.4028, 5286
0.4035, 5285
0.4040, 5284
0.4048, 5283
0.4053, 5282
0.4059, 5281
0.4064, 5280
0.4070, 5279
0.4075, 5278
0.4081, 5277
0.4087, 5276
0.4094, 5275
0.4101, 5274
0.4109, 5273
0.4115, 5272
0.4120, 5271
0.4126, 5270
0.4133, 5269
0.4139, 5268
0.4144, 5267
0.4150, 5266
0.4156, 5265
0.4163, 5264
0.4169, 5263
0.4176, 5262
0.4182, 5261
0.4187, 5260
0.4195, 5259
0.4200, 5258
0.4207, 5257
0.4213, 5256
0.4221, 5255
0.4228, 5254
0.4237, 5253
0.4245, 5252
0.4252, 5251
0.4263, 5250
0.4269, 5249
0.4274, 5248
0.4281, 5247
0.4288, 5246
0.4294, 5245
0.4300, 5244
0.4307, 5243
0.4312, 5242
0.4318, 5241
0.4324, 5240
0.4330, 5239
0.4335, 5238
0.4341, 5237
0.4350, 5236
0.4355, 5235
0.4361, 5234
0.4367, 5233
0.4373, 5232
0.4380, 5231
0.4386, 5230
0.4391, 5229
0.4397, 5228
0.4403, 5227
0.4412, 5226
0.4417, 5225
0.4422, 5224
0.4432, 5223
0.4440, 5222
0.4447, 5221
0.4455, 5220
0.4462, 5219
0.4468, 5218
0.4473, 5217
0.4479, 5216
0.4486, 5215
0.4493, 5214
0.4499, 5213
0.4506, 5212
0.4513, 5211
0.4521, 5210
0.4529, 5209
0.4535, 5208
0.4542, 5207
0.4550, 5206
0.4558, 5205
0.4564, 5204
0.4573, 5203
0.4579, 5202
0.4586, 5201
0.4592, 5200
0.4600, 5199
0.4607, 5198
0.4614, 5197
0.4621, 5196
0.4627, 5195
0.4636, 5194
0.4641, 5193
0.4647, 5192
0.4653, 5191
0.4658, 5190
0.4666, 5189
0.4671, 5188
0.4676, 5187
0.4682, 5186
0.4688, 5185
0.4694, 5184
0.4700, 5183
0.4708, 5182
0.4714, 5181
0.4722, 5180
0.4731, 5179
0.4737, 5178
0.4746, 5177
0.4752, 5176
0.4758, 5175
0.4767, 5174
0.4774, 5173
0.4781, 5172
0.4787, 5171
0.4793, 5170
0.4798, 5169
0.4806, 5168
0.4812, 5167
0.4817, 5166
0.4824, 5165
0.4832, 5164
0.4838, 5163
0.4845, 5162
0.4852, 5161
0.4862, 5160
0.4870, 5159
0.4877, 5158
0.4883, 5157
0.4890, 5156
0.4895, 5155
0.4902, 5154
0.4909, 5153
0.4917, 5152
0.4924, 5151
0.4930, 5150
0.4937, 5149
0.4943, 5148
0.4950, 5147
0.4955, 5146
0.4960, 5145
0.4965, 5144
0.4972, 5143
0.4978, 5142
0.4983, 5141
0.4988, 5140
0.4994, 5139
0.5000, 5138
0.5007, 5137
0.5015, 5136
0.5021, 5135
0.5028, 5134
0.5034, 5133
0.5039, 5132
0.5045, 5131
0.5052, 5130
0.5058, 5129
0.5065, 5128
0.5071, 5127
0.5079, 5126
0.5086, 5125
0.5092, 5124
0.5097, 5123
0.5103, 5122
0.5108, 5121
0.5116, 5120
0.5121, 5119
0.5126, 5118
0.5132, 5117
0.5137, 5116
0.5142, 5115
0.5148, 5114
0.5157, 5113
0.5163, 5112
0.5171, 5111
0.5179, 5110
0.5184, 5109
0.5189, 5108
0.5195, 5107
0.5200, 5106
0.5207, 5105
0.5213, 5104
0.5220, 5103
0.5228, 5102
0.5234, 5101
0.5243, 5100
0.5250, 5099
0.5257, 5098
0.5265, 5097
0.5271, 5096
0.5278, 5095
0.5284, 5094
0.5290, 5093
0.5297, 5092
0.5303, 5091
0.5309, 5090
0.5314, 5089
0.5321, 5088
0.5329, 5087
0.5338, 5086
0.5344, 5085
0.5349, 5084
0.5355, 5083
0.5363, 5082
0.5369, 5081
0.5374, 5080
0.5381, 5079
0.5387, 5078
0.5392, 5077
0.5398, 5076
0.5404, 5075
0.5411, 5074
0.5418, 5073
0.5425, 5072
0.5431, 5071
0.5436, 5070
0.5441, 5069
0.5449, 5068
0.5458, 5067
0.5464, 5066
0.5471, 5065
0.5479, 5064
0.5489, 5063
0.5495, 5062
0.5502, 5061
0.5507, 5060
0.5515, 5059
0.5521, 5058
0.5526, 5057
0.5532, 5056
0.5537, 5055
0.5544, 5054
0.5550, 5053
0.5557, 5052
0.5563, 5051
0.5568, 5050
0.5574, 5049
0.5580, 5048
0.5588, 5047
0.5594, 5046
0.5604, 5045
0.5610, 5044
0.5616, 5043
0.5622, 5042
0.5628, 5041
0.5637, 5040
0.5643, 5039
0.5649, 5038
0.5657, 5037
0.5663, 5036
0.5668, 5035
0.5676, 5034
0.5683, 5033
0.5689, 5032
0.5696, 5031
0.5705, 5030
0.5711, 5029
0.5720, 5028
0.5725, 5027
0.5732, 5026
0.5737, 5025
0.5744, 5024
0.5750, 5023
0.5755, 5022
0.5762, 5021
0.5769, 5020
0.5779, 5019
0.5788, 5018
0.5793, 5017
0.5799, 5016
0.5804, 5015
0.5814, 5014
0.5820, 5013
0.5827, 5012
0.5834, 5011
0.5840, 5010
0.5847, 5009
0.5853, 5008
0.5858, 5007
0.5864, 5006
0.5873, 5005
0.5878, 5004
0.5886, 5003
0.5892, 5002
0.5898, 5001
0.5907, 5000
0.5913, 4999
0.5922, 4998
0.5929, 4997
0.5934, 4996
0.5941, 4995
0.5946, 4994
0.5952, 4993
0.5959, 4992
0.5965, 4991
0.5972, 4990
0.5980, 4989
0.5990, 4988
0.5997, 4987
0.6003, 4986
0.6009, 4985
0.6016, 4984
0.6023, 4983
0.6029, 4982
0.6036, 4981
0.6044, 4980
0.6053, 4979
0.6058, 4978
0.6063, 4977
0.6070, 4976
0.6079, 4975
0.6089, 4974
0.6094, 4973
0.6100, 4972
0.6107, 4971
0.6114, 4970
0.6119, 4969
0.6127, 4968
0.6134, 4967
0.6141, 4966
0.6148, 4965
0.6154, 4964
0.6159, 4963
0.6164, 4962
0.6172, 4961
0.6179, 4960
0.6185, 4959
0.6190, 4958
0.6195, 4957
0.6201, 4956
0.6209, 4955
0.6215, 4954
0.6220, 4953
0.6227, 4952
0.6234, 4951
0.6244, 4950
0.6252, 4949
0.6263, 4948
0.6269, 4947
0.6275, 4946
0.6284, 4945
0.6289, 4944
0.6295, 4943
0.6301, 4942
0.6306, 4941
0.6312, 4940
0.6317, 4939
0.6323, 4938
0.6328, 4937
0.6335, 4936
0.6341, 4935
0.6350, 4934
0.6359, 4933
0.6364, 4932
0.6369, 4931
0.6375, 4930
0.6382, 4929
0.6388, 4928
0.6393, 4927
0.6400, 4926
0.6407, 4925
0.6413, 4924
0.6419, 4923
0.6427, 4922
0.6433, 4921
0.6439, 4920
0.6445, 4919
0.6454, 4918
0.6462, 4917
0.6468, 4916
0.6476, 4915
0.6481, 4914
0.6487, 4913
0.6491, 4912
0.6496, 4911
0.6502, 4910
0.6507, 4909
0.6516, 4908
0.6521, 4907
0.6527, 4906
0.6533, 4905
0.6538, 4904
0.6544, 4903
0.6550, 4902
0.6557, 4901
0.6562, 4900
0.6571, 4899
0.6579, 4898
0.6584, 4897
0.6589, 4896
0.6595, 4895
0.6602, 4894
0.6608, 4893
0.6613, 4892
0.6622, 4891
0.6630, 4890
0.6637, 4889
0.6642, 4888
0.6647, 4887
0.6653, 4886
0.6659, 4885
0.6664, 4884
0.6670, 4883
0.6675, 4882
0.6681, 4881
0.6687, 4880
0.6693, 4879
0.6702, 4878
0.6707, 4877
0.6712, 4876
0.6719, 4875
0.6725, 4874
0.6730, 4873
0.6736, 4872
0.6743, 4871
0.6751, 4870
0.6758, 4869
0.6766, 4868
0.6772, 4867
0.6777, 4866
0.6782, 4865
0.6791, 4864
0.6799, 4863
0.6805, 4862
0.6810, 4861
0.6817, 4860
0.6824, 4859
0.6831, 4858
0.6837, 4857
0.6844, 4856
0.6853, 4855
0.6858, 4854
0.6869, 4853
0.6874, 4852
0.6880, 4851
0.6886, 4850
0.6895, 4849
0.6901, 4848
0.6908, 4847
0.6914, 4846
0.6919, 4845
0.6927, 4844
0.6933, 4843
0.6938, 4842
0.6942, 4841
0.6950, 4840
0.6957, 4839
0.6966, 4838
0.6973, 4837
0.6980, 4836
0.6984, 4835
0.6990, 4834
0.6996, 4833
0.7002, 4832
0.7007, 4831
0.7016, 4830
0.7022, 4829
0.7028, 4828
0.7034, 4827
0.7043, 4826
0.7051, 4825
0.7056, 4824
0.7063, 4823
0.7068, 4822
0.7074, 4821
0.7080, 4820
0.7085, 4819
0.7091, 4818
0.7096, 4817
0.7102, 4816
0.7107, 4815
0.7112, 4814
0.7121, 4813
0.7129, 4812
0.7136, 4811
0.7141, 4810
0.7149, 4809
0.7154, 4808
0.7159, 4807
0.7164, 4806
0.7169, 4805
0.7177, 4804
0.7186, 4803
0.7191, 4802
0.7196, 4801
0.7203, 4800
0.7209, 4799
0.7215, 4798
0.7220, 4797
0.7226, 4796
0.7232, 4795
0.7239, 4794
0.7246, 4793
0.7252, 4792
0.7259, 4791
0.7264, 4790
0.7272, 4789
0.7278, 4788
0.7284, 4787
0.7290, 4786
0.7295, 4785
0.7300, 4784
0.7305, 4783
0.7312, 4782
0.7318, 4781
0.7326, 4780
0.7334, 4779
0.7339, 4778
0.7347, 4777
0.7352, 4776
0.7358, 4775
0.7363, 4774
0.7372, 4773
0.7378, 4772
0.7385, 4771
0.7390, 4770
0.7395, 4769
0.7404, 4768
0.7410, 4767
0.7415, 4766
0.7420, 4765
0.7429, 4764
0.7437, 4763
0.7443, 4762
0.7449, 4761
0.7454, 4760
0.7460, 4759
0.7471, 4758
0.7477, 4757
0.7482, 4756
0.7490, 4755
0.7495, 4754
0.7501, 4753
0.7506, 4752
0.7511, 4751
0.7519, 4750
0.7524, 4749
0.7530, 4748
0.7535, 4747
0.7544, 4746
0.7550, 4745
0.7558, 4744
0.7566, 4743
0.7574, 4742
0.7582, 4741
0.7588, 4740
0.7593, 4739
0.7599, 4738
0.7604, 4737
0.7611, 4736
0.7619, 4735
0.7624, 4734
0.7630, 4733
0.7635, 4732
0.7640, 4731
0.7648, 4730
0.7653, 4729
0.7658, 4728
0.7663, 4727
0.7672, 4726
0.7679, 4725
0.7687, 4724
0.7696, 4723
0.7701, 4722
0.7708, 4721
0.7716, 4720
0.7721, 4719
0.7726, 4718
0.7731, 4717
0.7739, 4716
0.7747, 4715
0.7754, 4714
0.7762, 4713
0.7767, 4712
0.7774, 4711
0.7782, 4710
0.7791, 4709
0.7798, 4708
0.7806, 4707
0.7812, 4706
0.7820, 4705
0.7826, 4704
0.7833, 4703
0.7842, 4702
0.7851, 4701
0.7859, 4700
0.7868, 4699
0.7876, 4698
0.7883, 4697
0.7890, 4696
0.7899, 4695
0.7906, 4694
0.7915, 4693
0.7924, 4692
0.7933, 4691
0.7942, 4690
0.9981, 4689
1.1987, 4688
1.2784, 4687
1.3185, 4686
1.6139, 4685
1.6543, 4684
1.7194, 4683
1.8453, 4682
2.0271, 4681
2.2332, 4680
2.3052, 4679
2.4735, 4678
2.5200, 4677
2.7063, 4676
3.0213, 4675
3.0218, 4674
3.1455, 4673
3.3460, 4672
3.3678, 4671
3.3686, 4670
3.5124, 4669
3.5727, 4668
3.6552, 4667
3.7745, 4666
3.7751, 4665
3.7758, 4664
3.8356, 4663
4.2874, 4662
4.3869, 4661
4.8753, 4660
4.9159, 4659
5.0175, 4658
5.0965, 4657
5.2991, 4656
5.4980, 4655
5.9716, 4654
5.9724, 4653
5.9729, 4652
6.5644, 4651
6.6870, 4650
6.8519, 4649
7.4862, 4648
7.5851, 4647
7.7040, 4646
7.9839, 4645
7.9844, 4644
8.0441, 4643
8.0447, 4642
8.1239, 4641
8.5610, 4640
8.7008, 4639
8.7014, 4638
8.9999, 4637
9.0625, 4636
9.3186, 4635
9.4962, 4634
9.5568, 4633
9.8334, 4632
