0.0000, 5900
0.0005, 5899
0.0012, 5898
0.0018, 5897
0.0028, 5896
0.0035, 5895
0.0042, 5894
0.0049, 5893
0.0057, 5892
0.0062, 5891
0.0070, 5890
0.0075, 5889
0.0081, 5888
0.0086, 5887
0.0095, 5886
0.0104, 5885
0.0110, 5884
0.0122, 5883
0.0129, 5882
0.0140, 5881
0.0145, 5880
0.0155, 5879
0.0163, 5878
0.0173, 5877
0.0178, 5876
0.0184, 5875
0.0189, 5874
0.0195, 5873
0.0206, 5872
0.0212, 5871
0.0217, 5870
0.0222, 5869
0.0229, 5868
0.0234, 5867
0.0239, 5866
0.0244, 5865
0.0253, 5864
0.0261, 5863
0.0267, 5862
0.0272, 5861
0.0278, 5860
0.0284, 5859
0.0290, 5858
0.0295, 5857
0.0300, 5856
0.0307, 5855
0.0312, 5854
0.0317, 5853
0.0322, 5852
0.0332, 5851
0.0341, 5850
0.0346, 5849
0.0351, 5848
0.0358, 5847
0.0364, 5846
0.0369, 5845
0.0376, 5844
0.0381, 5843
0.0386, 5842
0.0391, 5841
0.0399, 5840
0.0406, 5839
0.0411, 5838
0.0416, 5837
0.0423, 5836
0.0428, 5835
0.0435, 5834
0.0440, 5833
0.0447, 5832
0.0452, 5831
0.0457, 5830
0.0465, 5829
0.0470, 5828
0.0475, 5827
0.0481, 5826
0.0491, 5825
0.0496, 5824
0.0502, 5823
0.0510, 5822
0.0515, 5821
0.0521, 5820
0.0526, 5819
0.0532, 5818
0.0537, 5817
0.0546, 5816
0.0551, 5815
0.0561, 5814
0.0571, 5813
0.0578, 5812
0.0584, 5811
0.0593, 5810
0.0600, 5809
0.0606, 5808
0.0612, 5807
0.0617, 5806
0.0625, 5805
0.0631, 5804
0.0636, 5803
0.0641, 5802
0.0646, 5801
0.0652, 5800
0.0660, 5799
0.0665, 5798
0.0671, 5797
0.0677, 5796
0.0684, 5795
0.0689, 5794
0.0696, 5793
0.0701, 5792
0.0706, 5791
0.0712, 5790
0.0717, 5789
0.0722, 5788
0.0728, 5787
0.0733, 5786
0.0746, 5785
0.0756, 5784
0.0765, 5783
0.0770, 5782
0.0775, 5781
0.0780, 5780
0.0787, 5779
0.0795, 5778
0.0801, 5777
0.0809, 5776
0.0815, 5775
0.0822, 5774
0.0828, 5773
0.0839, 5772
0.0846, 5771
0.0857, 5770
0.0863, 5769
0.0869, 5768
0.0877, 5767
0.0882, 5766
0.0889, 5765
0.0897, 5764
0.0903, 5763
0.0908, 5762
0.0914, 5761
0.0919, 5760
0.0929, 5759
0.0934, 5758
0.0940, 5757
0.0945, 5756
0.0950, 5755
0.0956, 5754
0.0964, 5753
0.0970, 5752
0.0976, 5751
0.0981, 5750
0.0986, 5749
0.0995, 5748
0.1000, 5747
0.1005, 5746
0.1014, 5745
0.1025, 5744
0.1030, 5743
0.1035, 5742
0.1041, 5741
0.1051, 5740
0.1056, 5739
0.1062, 5738
0.1068, 5737
0.1073, 5736
0.1079, 5735
0.1084, 5734
0.1090, 5733
0.1096, 5732
0.1101, 5731
0.1106, 5730
0.1112, 5729
0.1117, 5728
0.1123, 5727
0.1129, 5726
0.1135, 5725
0.1142, 5724
0.1148, 5723
0.1159, 5722
0.1166, 5721
0.1171, 5720
0.1178, 5719
0.1186, 5718
0.1196, 5717
0.1204, 5716
0.1213, 5715
0.1223, 5714
0.1229, 5713
0.1235, 5712
0.1240, 5711
0.1246, 5710
0.1251, 5709
0.1260, 5708
0.1267, 5707
0.1273, 5706
0.1278, 5705
0.1284, 5704
0.1289, 5703
0.1294, 5702
0.1300, 5701
0.1306, 5700
0.1316, 5699
0.1322, 5698
0.1327, 5697
0.1333, 5696
0.1344, 5695
0.1351, 5694
0.1358, 5693
0.1364, 5692
0.1369, 5691
0.1375, 5690
0.1380, 5689
0.1387, 5688
0.1393, 5687
0.1398, 5686
0.1408, 5685
0.1414, 5684
0.1420, 5683
0.1426, 5682
0.1432, 5681
0.1438, 5680
0.1445, 5679
0.1450, 5678
0.1457, 5677
0.1462, 5676
0.1468, 5675
0.1474, 5674
0.1479, 5673
0.1485, 5672
0.1490, 5671
0.1496, 5670
0.1503, 5669
0.1508, 5668
0.1515, 5667
0.1521, 5666
0.1526, 5665
0.1532, 5664
0.1538, 5663
0.1544, 5662
0.1554, 5661
0.1560, 5660
0.1568, 5659
0.1574, 5658
0.1586, 5657
0.1596, 5656
0.1605, 5655
0.1612, 5654
0.1619, 5653
0.1625, 5652
0.1631, 5651
0.1637, 5650
0.1642, 5649
0.1648, 5648
0.1655, 5647
0.1661, 5646
0.1666, 5645
0.1674, 5644
0.1679, 5643
0.1685, 5642
0.1691, 5641
0.1698, 5640
0.1706, 5639
0.1715, 5638
0.1720, 5637
0.1726, 5636
0.1732, 5635
0.1743, 5634
0.1749, 5633
0.1759, 5632
0.1768, 5631
0.1773, 5630
0.1783, 5629
0.1792, 5628
0.1798, 5627
0.1809, 5626
0.1817, 5625
0.1824, 5624
0.1832, 5623
0.1838, 5622
0.1844, 5621
0.1851, 5620
0.1858, 5619
0.1868, 5618
0.1874, 5617
0.1880, 5616
0.1885, 5615
0.1892, 5614
0.1902, 5613
0.1907, 5612
0.1913, 5611
0.1919, 5610
0.1927, 5609
0.1933, 5608
0.1939, 5607
0.1944, 5606
0.1950, 5605
0.1956, 5604
0.1962, 5603
0.1967, 5602
0.1973, 5601
0.1978, 5600
0.1983, 5599
0.1988, 5598
0.1994, 5597
0.1999, 5596
0.2005, 5595
0.2013, 5594
0.2019, 5593
0.2028, 5592
0.2034, 5591
0.2042, 5590
0.2050, 5589
0.2058, 5588
0.2064, 5587
0.2070, 5586
0.2076, 5585
0.2083, 5584
0.2093, 5583
0.2099, 5582
0.2106, 5581
0.2112, 5580
0.2118, 5579
0.2125, 5578
0.2132, 5577
0.2142, 5576
0.2148, 5575
0.2154, 5574
0.2161, 5573
0.2167, 5572
0.2173, 5571
0.2180, 5570
0.2189, 5569
0.2194, 5568
0.2203, 5567
0.2209, 5566
0.2214, 5565
0.2220, 5564
0.2227, 5563
0.2238, 5562
0.2245, 5561
0.2251, 5560
0.2256, 5559
0.2262, 5558
0.2267, 5557
0.2277, 5556
0.2283, 5555
0.2289, 5554
0.2295, 5553
0.2304, 5552
0.2311, 5551
0.2317, 5550
0.2324, 5549
0.2330, 5548
0.2337, 5547
0.2344, 5546
0.2350, 5545
0.2356, 5544
0.2362, 5543
0.2368, 5542
0.2374, 5541
0.2381, 5540
0.2386, 5539
0.2392, 5538
0.2397, 5537
0.2403, 5536
0.2408, 5535
0.2415, 5534
0.2424, 5533
0.2429, 5532
0.2435, 5531
0.2441, 5530
0.2447, 5529
0.2453, 5528
0.2458, 5527
0.2464, 5526
0.2473, 5525
0.2479, 5524
0.2486, 5523
0.2495, 5522
0.2505, 5521
0.2514, 5520
0.2520, 5519
0.2527, 5518
0.2532, 5517
0.2539, 5516
0.2545, 5515
0.2553, 5514
0.2559, 5513
0.2565, 5512
0.2571, 5511
0.2576, 5510
0.2582, 5509
0.2588, 5508
0.2594, 5507
0.2601, 5506
0.2606, 5505
0.2612, 5504
0.2618, 5503
0.2627, 5502
0.2633, 5501
0.2639, 5500
0.2645, 5499
0.2654, 5498
0.2661, 5497
0.2668, 5496
0.2673, 5495
0.2680, 5494
0.2686, 5493
0.2692, 5492
0.2698, 5491
0.2707, 5490
0.2716, 5489
0.2721, 5488
0.2727, 5487
0.2732, 5486
0.2737, 5485
0.2747, 5484
0.2752, 5483
0.2758, 5482
0.2767, 5481
0.2773, 5480
0.2778, 5479
0.2784, 5478
0.2790, 5477
0.2796, 5476
0.2802, 5475
0.2807, 5474
0.2815, 5473
0.2821, 5472
0.2828, 5471
0.2834, 5470
0.2840, 5469
0.2846, 5468
0.2852, 5467
0.2857, 5466
0.2867, 5465
0.2873, 5464
0.2878, 5463
0.2884, 5462
0.2890, 5461
0.2896, 5460
0.2902, 5459
0.2909, 5458
0.2915, 5457
0.2921, 5456
0.2929, 5455
0.2936, 5454
0.2942, 5453
0.2949, 5452
0.2954, 5451
0.2962, 5450
0.2967, 5449
0.2974, 5448
0.2980, 5447
0.2986, 5446
0.2991, 5445
0.2997, 5444
0.3007, 5443
0.3013, 5442
0.3019, 5441
0.3024, 5440
0.3031, 5439
0.3037, 5438
0.3046, 5437
0.3053, 5436
0.3059, 5435
0.3066, 5434
0.3071, 5433
0.3077, 5432
0.3087, 5431
0.3093, 5430
0.3098, 5429
0.3104, 5428
0.3110, 5427
0.3117, 5426
0.3126, 5425
0.3132, 5424
0.3138, 5423
0.3145, 5422
0.3152, 5421
0.3159, 5420
0.3169, 5419
0.3175, 5418
0.3180, 5417
0.3191, 5416
0.3197, 5415
0.3204, 5414
0.3209, 5413
0.3215, 5412
0.3221, 5411
0.3227, 5410
0.3233, 5409
0.3238, 5408
0.3244, 5407
0.3251, 5406
0.3259, 5405
0.3267, 5404
0.3275, 5403
0.3284, 5402
0.3289, 5401
0.3294, 5400
0.3302, 5399
0.3310, 5398
0.3317, 5397
0.3324, 5396
0.3330, 5395
0.3338, 5394
0.3346, 5393
0.3353, 5392
0.3360, 5391
0.3365, 5390
0.3370, 5389
0.3376, 5388
0.3383, 5387
0.3388, 5386
0.3397, 5385
0.3402, 5384
0.3409, 5383
0.3416, 5382
0.3423, 5381
0.3429, 5380
0.3435, 5379
0.3440, 5378
0.3448, 5377
0.3454, 5376
0.3460, 5375
0.3467, 5374
0.3473, 5373
0.3480, 5372
0.3485, 5371
0.3492, 5370
0.3498, 5369
0.3506, 5368
0.3513, 5367
0.3518, 5366
0.3526, 5365
0.3533, 5364
0.3540, 5363
0.3550, 5362
0.3556, 5361
0.3563, 5360
0.3570, 5359
0.3577, 5358
0.3583, 5357
0.3594, 5356
0.3600, 5355
0.3607, 5354
0.3613, 5353
0.3620, 5352
0.3626, 5351
0.3634, 5350
0.3641, 5349
0.3646, 5348
0.3652, 5347
0.3659, 5346
0.3667, 5345
0.3676, 5344
0.3681, 5343
0.3688, 5342
0.3695, 5341
0.3700, 5340
0.3706, 5339
0.3711, 5338
0.3717, 5337
0.3723, 5336
0.3729, 5335
0.3735, 5334
0.3743, 5333
0.3751, 5332
0.3761, 5331
0.3767, 5330
0.3773, 5329
0.3778, 5328
0.3784, 5327
0.3790, 5326
0.3796, 5325
0.3801, 5324
0.3808, 5323
0.3818, 5322
0.3827, 5321
0.3837, 5320
0.3845, 5319
0.3851, 5318
0.3857, 5317
0.3862, 5316
0.3870, 5315
0.3877, 5314
0.3884, 5313
0.3890, 5312
0.3899, 5311
0.3906, 5310
0.3912, 5309
0.3918, 5308
0.3927, 5307
0.3934, 5306
0.3941, 5305
0.3946, 5304
0.3953, 5303
0.3959, 5302
0.3965, 5301
0.3970, 5300
0.3977, 5299
0.3982, 5298
0.3988, 5297
0.3994, 5296
0.4001, 5295
0.4008, 5294
0.4013, 5293
0.4019, 5292
0.4027, 5291
0.4034, 5290
0.4041, 5289
0.4049, 5288
0.4055, 5287
0.4060, 5286
0.4067, 5285
0.4072, 5284
0.4079, 5283
0.4085, 5282
0.4091, 5281
0.4096, 5280
0.4102, 5279
0.4107, 5278
0.4113, 5277
0.4119, 5276
0.4126, 5275
0.4133, 5274
0.4141, 5273
0.4147, 5272
0.4152, 5271
0.4158, 5270
0.4165, 5269
0.4172, 5268
0.4178, 5267
0.4183, 5266
0.4189, 5265
0.4197, 5264
0.4204, 5263
0.4210, 5262
0.4216, 5261
0.4222, 5260
0.4230, 5259
0.4236, 5258
0.4242, 5257
0.4249, 5256
0.4257, 5255
0.4263, 5254
0.4273, 5253
0.4281, 5252
0.4288, 5251
0.4299, 5250
0.4305, 5249
0.4310, 5248
0.4316, 5247
0.4323, 5246
0.4330, 5245
0.4336, 5244
0.4342, 5243
0.4348, 5242
0.4353, 5241
0.4360, 5240
0.4365, 5239
0.4370, 5238
0.4377, 5237
0.4385, 5236
0.4391, 5235
0.4397, 5234
0.4403, 5233
0.4408, 5232
0.4415, 5231
0.4421, 5230
0.4427, 5229
0.4432, 5228
0.4439, 5227
0.4447, 5226
0.4453, 5225
0.4458, 5224
0.4468, 5223
0.4476, 5222
0.4483, 5221
0.4491, 5220
0.4498, 5219
0.4504, 5218
0.4510, 5217
0.4516, 5216
0.4524, 5215
0.4531, 5214
0.4537, 5213
0.4545, 5212
0.4552, 5211
0.4559, 5210
0.4568, 5209
0.4574, 5208
0.4581, 5207
0.4589, 5206
0.4596, 5205
0.4603, 5204
0.4612, 5203
0.4618, 5202
0.4625, 5201
0.4631, 5200
0.4639, 5199
0.4645, 5198
0.4652, 5197
0.4659, 5196
0.4665, 5195
0.4673, 5194
0.4679, 5193
0.4684, 5192
0.4690, 5191
0.4696, 5190
0.4703, 5189
0.4708, 5188
0.4714, 5187
0.4720, 5186
0.4726, 5185
0.4732, 5184
0.4738, 5183
0.4746, 5182
0.4752, 5181
0.4760, 5180
0.4769, 5179
0.4775, 5178
0.4784, 5177
0.4791, 5176
0.4798, 5175
0.4806, 5174
0.4813, 5173
0.4821, 5172
0.4827, 5171
0.4833, 5170
0.4838, 5169
0.4846, 5168
0.4852, 5167
0.4857, 5166
0.4864, 5165
0.4872, 5164
0.4878, 5163
0.4885, 5162
0.4892, 5161
0.4901, 5160
0.4909, 5159
0.4916, 5158
0.4923, 5157
0.4929, 5156
0.4934, 5155
0.4941, 5154
0.4948, 5153
0.4956, 5152
0.4963, 5151
0.4969, 5150
0.4976, 5149
0.4982, 5148
0.4988, 5147
0.4994, 5146
0.4999, 5145
0.5004, 5144
0.5011, 5143
0.5016, 5142
0.5022, 5141
0.5027, 5140
0.5033, 5139
0.5039, 5138
0.5045, 5137
0.5053, 5136
0.5059, 5135
0.5067, 5134
0.5073, 5133
0.5078, 5132
0.5084, 5131
0.5091, 5130
0.5098, 5129
0.5104, 5128
0.5111, 5127
0.5118, 5126
0.5126, 5125
0.5133, 5124
0.5138, 5123
0.5144, 5122
0.5149, 5121
0.5157, 5120
0.5163, 5119
0.5168, 5118
0.5174, 5117
0.5180, 5116
0.5185, 5115
0.5191, 5114
0.5200, 5113
0.5207, 5112
0.5215, 5111
0.5223, 5110
0.5229, 5109
0.5234, 5108
0.5240, 5107
0.5245, 5106
0.5252, 5105
0.5258, 5104
0.5265, 5103
0.5273, 5102
0.5279, 5101
0.5288, 5100
0.5295, 5099
0.5303, 5098
0.5311, 5097
0.5316, 5096
0.5323, 5095
0.5329, 5094
0.5334, 5093
0.5341, 5092
0.5347, 5091
0.5354, 5090
0.5359, 5089
0.5366, 5088
0.5373, 5087
0.5382, 5086
0.5388, 5085
0.5394, 5084
0.5400, 5083
0.5407, 5082
0.5414, 5081
0.5419, 5080
0.5426, 5079
0.5431, 5078
0.5437, 5077
0.5443, 5076
0.5449, 5075
0.5456, 5074
0.5463, 5073
0.5470, 5072
0.5476, 5071
0.5481, 5070
0.5486, 5069
0.5494, 5068
0.5504, 5067
0.5511, 5066
0.5518, 5065
0.5526, 5064
0.5536, 5063
0.5542, 5062
0.5550, 5061
0.5555, 5060
0.5563, 5059
0.5569, 5058
0.5575, 5057
0.5581, 5056
0.5587, 5055
0.5594, 5054
0.5601, 5053
0.5608, 5052
0.5614, 5051
0.5619, 5050
0.5625, 5049
0.5631, 5048
0.5639, 5047
0.5645, 5046
0.5655, 5045
0.5661, 5044
0.5667, 5043
0.5673, 5042
0.5679, 5041
0.5688, 5040
0.5693, 5039
0.5699, 5038
0.5707, 5037
0.5713, 5036
0.5718, 5035
0.5725, 5034
0.5733, 5033
0.5739, 5032
0.5745, 5031
0.5754, 5030
0.5760, 5029
0.5769, 5028
0.5774, 5027
0.5781, 5026
0.5787, 5025
0.5793, 5024
0.5800, 5023
0.5805, 5022
0.5811, 5021
0.5819, 5020
0.5829, 5019
0.5838, 5018
0.5843, 5017
0.5849, 5016
0.5854, 5015
0.5864, 5014
0.5871, 5013
0.5878, 5012
0.5885, 5011
0.5891, 5010
0.5898, 5009
0.5905, 5008
0.5910, 5007
0.5917, 5006
0.5926, 5005
0.5931, 5004
0.5939, 5003
0.5945, 5002
0.5951, 5001
0.5960, 5000
0.5966, 4999
0.5974, 4998
0.5980, 4997
0.5986, 4996
0.5992, 4995
0.5997, 4994
0.6004, 4993
0.6011, 4992
0.6016, 4991
0.6023, 4990
0.6031, 4989
0.6040, 4988
0.6047, 4987
0.6053, 4986
0.6059, 4985
0.6066, 4984
0.6073, 4983
0.6079, 4982
0.6086, 4981
0.6094, 4980
0.6103, 4979
0.6108, 4978
0.6114, 4977
0.6121, 4976
0.6132, 4975
0.6142, 4974
0.6147, 4973
0.6153, 4972
0.6161, 4971
0.6168, 4970
0.6173, 4969
0.6181, 4968
0.6188, 4967
0.6194, 4966
0.6202, 4965
0.6207, 4964
0.6212, 4963
0.6218, 4962
0.6225, 4961
0.6232, 4960
0.6237, 4959
0.6243, 4958
0.6248, 4957
0.6254, 4956
0.6262, 4955
0.6267, 4954
0.6272, 4953
0.6278, 4952
0.6286, 4951
0.6296, 4950
0.6304, 4949
0.6315, 4948
0.6321, 4947
0.6328, 4946
0.6336, 4945
0.6341, 4944
0.6347, 4943
0.6352, 4942
0.6358, 4941
0.6364, 4940
0.6369, 4939
0.6376, 4938
0.6381, 4937
0.6388, 4936
0.6394, 4935
0.6404, 4934
0.6412, 4933
0.6418, 4932
0.6424, 4931
0.6430, 4930
0.6436, 4929
0.6443, 4928
0.6448, 4927
0.6455, 4926
0.6463, 4925
0.6469, 4924
0.6475, 4923
0.6482, 4922
0.6489, 4921
0.6494, 4920
0.6501, 4919
0.6510, 4918
0.6518, 4917
0.6524, 4916
0.6533, 4915
0.6538, 4914
0.6543, 4913
0.6548, 4912
0.6554, 4911
0.6559, 4910
0.6565, 4909
0.6574, 4908
0.6579, 4907
0.6585, 4906
0.6591, 4905
0.6597, 4904
0.6602, 4903
0.6608, 4902
0.6615, 4901
0.6620, 4900
0.6630, 4899
0.6637, 4898
0.6642, 4897
0.6647, 4896
0.6652, 4895
0.6659, 4894
0.6665, 4893
0.6670, 4892
0.6678, 4891
0.6686, 4890
0.6693, 4889
0.6698, 4888
0.6704, 4887
0.6709, 4886
0.6715, 4885
0.6720, 4884
0.6726, 4883
0.6732, 4882
0.6737, 4881
0.6743, 4880
0.6749, 4879
0.6758, 4878
0.6763, 4877
0.6768, 4876
0.6776, 4875
0.6781, 4874
0.6786, 4873
0.6792, 4872
0.6800, 4871
0.6807, 4870
0.6814, 4869
0.6823, 4868
0.6828, 4867
0.6834, 4866
0.6839, 4865
0.6848, 4864
0.6857, 4863
0.6862, 4862
0.6868, 4861
0.6875, 4860
0.6882, 4859
0.6889, 4858
0.6895, 4857
0.6903, 4856
0.6911, 4855
0.6917, 4854
0.6928, 4853
0.6933, 4852
0.6939, 4851
0.6945, 4850
0.6953, 4849
0.6960, 4848
0.6967, 4847
0.6972, 4846
0.6977, 4845
0.6985, 4844
0.6990, 4843
0.6995, 4842
0.7000, 4841
0.7007, 4840
0.7014, 4839
0.7023, 4838
0.7030, 4837
0.7037, 4836
0.7041, 4835
0.7047, 4834
0.7053, 4833
0.7059, 4832
0.7064, 4831
0.7074, 4830
0.7079, 4829
0.7085, 4828
0.7091, 4827
0.7100, 4826
0.7108, 4825
0.7114, 4824
0.7121, 4823
0.7126, 4822
0.7132, 4821
0.7138, 4820
0.7143, 4819
0.7149, 4818
0.7155, 4817
0.7160, 4816
0.7165, 4815
0.7171, 4814
0.7180, 4813
0.7189, 4812
0.7196, 4811
0.7201, 4810
0.7210, 4809
0.7215, 4808
0.7220, 4807
0.7225, 4806
0.7231, 4805
0.7240, 4804
0.7248, 4803
0.7253, 4802
0.7259, 4801
0.7266, 4800
0.7272, 4799
0.7278, 4798
0.7283, 4797
0.7288, 4796
0.7294, 4795
0.7301, 4794
0.7308, 4793
0.7313, 4792
0.7320, 4791
0.7325, 4790
0.7333, 4789
0.7339, 4788
0.7345, 4787
0.7350, 4786
0.7356, 4785
0.7361, 4784
0.7366, 4783
0.7373, 4782
0.7379, 4781
0.7387, 4780
0.7395, 4779
0.7400, 4778
0.7408, 4777
0.7413, 4776
0.7419, 4775
0.7423, 4774
0.7433, 4773
0.7439, 4772
0.7446, 4771
0.7451, 4770
0.7457, 4769
0.7466, 4768
0.7472, 4767
0.7477, 4766
0.7483, 4765
0.7492, 4764
0.7500, 4763
0.7506, 4762
0.7512, 4761
0.7517, 4760
0.7523, 4759
0.7534, 4758
0.7540, 4757
0.7546, 4756
0.7555, 4755
0.7560, 4754
0.7565, 4753
0.7571, 4752
0.7576, 4751
0.7584, 4750
0.7589, 4749
0.7594, 4748
0.7600, 4747
0.7609, 4746
0.7615, 4745
0.7623, 4744
0.7631, 4743
0.7640, 4742
0.7648, 4741
0.7654, 4740
0.7659, 4739
0.7665, 4738
0.7670, 4737
0.7677, 4736
0.7685, 4735
0.7691, 4734
0.7697, 4733
0.7702, 4732
0.7707, 4731
0.7715, 4730
0.7720, 4729
0.7725, 4728
0.7730, 4727
0.7738, 4726
0.7746, 4725
0.7754, 4724
0.7763, 4723
0.7767, 4722
0.7775, 4721
0.7783, 4720
0.7788, 4719
0.7794, 4718
0.7799, 4717
0.7806, 4716
0.7814, 4715
0.7822, 4714
0.7830, 4713
0.7835, 4712
0.7842, 4711
0.7850, 4710
0.7859, 4709
0.7866, 4708
0.7875, 4707
0.7881, 4706
0.7890, 4705
0.7896, 4704
0.7903, 4703
0.7912, 4702
0.7922, 4701
0.7929, 4700
0.7938, 4699
0.7946, 4698
0.7954, 4697
0.7961, 4696
0.7969, 4695
0.7976, 4694
0.7985, 4693
0.7993, 4692
0.8003, 4691
0.8011, 4690
0.9653, 4689
1.2088, 4688
1.2486, 4687
1.3524, 4686
1.6326, 4685
1.6744, 4684
1.7584, 4683
1.8571, 4682
1.9774, 4681
2.1969, 4680
2.2575, 4679
2.4383, 4678
2.4792, 4677
2.6209, 4676
2.9230, 4675
2.9235, 4674
3.0846, 4673
3.2467, 4672
3.2474, 4671
3.3082, 4670
3.4075, 4669
3.5060, 4668
3.5462, 4667
3.6439, 4666
3.7078, 4665
3.7086, 4664
3.7302, 4663
4.2498, 4662
4.2706, 4661
4.7285, 4660
4.7689, 4659
4.8892, 4658
4.9726, 4657
5.0929, 4656
5.3303, 4655
5.7901, 4654
5.8691, 4653
5.8696, 4652
6.4060, 4651
6.5243, 4650
6.6858, 4649
7.3016, 4648
7.4212, 4647
7.5190, 4646
7.7997, 4645
7.8002, 4644
7.8797, 4643
7.8803, 4642
7.9213, 4641
8.3963, 4640
8.4960, 4639
8.5356, 4638
8.8349, 4637
8.9747, 4636
9.1329, 4635
9.2948, 4634
9.3363, 4633
9.6729, 4632
9.7726, 4631
