0.1112, 4688
0.1411, 4687
0.1616, 4686
0.1719, 4685
0.1919, 4684
0.2022, 4683
0.2227, 4682
0.3333, 4680
0.3940, 4677
0.4442, 4676
0.5450, 4675
0.5653, 4673
0.6168, 4672
0.6976, 4667
0.7077, 4666
0.7181, 4665
0.7686, 4664
0.8600, 4663
0.9006, 4660
0.9409, 4659
1.0214, 4657
1.1541, 4656
1.1949, 4655
1.2063, 4651
1.4206, 4650
1.4914, 4646
1.5819, 4645
1.6225, 4643
1.6329, 4642
1.6865, 4641
1.7375, 4639
1.8286, 4638
1.8489, 4636
1.8601, 4632
1.9110, 4631
1.9370, 4630
1.9643, 4628
2.0189, 4627
2.0899, 4624
2.1106, 4622
2.2832, 4619
2.3041, 4617
2.3264, 4616
2.3508, 4615
2.4621, 4614
2.5124, 4613
2.5335, 4610
2.9314, 4609
3.1256, 4608
3.1463, 4607
3.2083, 4606
3.2292, 4605
3.2402, 4604
3.2817, 4603
3.3941, 4602
3.5197, 4601
3.7076, 4600
3.8188, 4599
4.0259, 4598
4.0463, 4597
4.3497, 4596
4.3601, 4594
4.5418, 4593
4.5525, 4592
4.6242, 4591
4.6345, 4590
4.7109, 4588
4.7740, 4587
5.0569, 4586
5.2684, 4584
5.3504, 4583
5.8946, 4580
6.0829, 4579
6.1182, 4578
6.7340, 4577
7.6497, 4576
7.8029, 4574
7.8237, 4573
7.8343, 4572
7.9289, 4571
7.9555, 4570
8.2828, 4569
8.4262, 4568
10.1332, 4567
