0.1093, 4688
0.1389, 4685
0.1589, 4684
0.1692, 4683
0.2300, 4681
0.4121, 4680
0.4427, 4677
0.4730, 4676
0.5031, 4675
0.5133, 4674
0.5534, 4672
0.5639, 4670
0.5847, 4669
0.6767, 4668
0.7773, 4666
0.8137, 4665
0.8410, 4664
0.9756, 4662
1.0063, 4661
1.4601, 4660
1.4909, 4659
1.6130, 4658
1.6433, 4657
1.7340, 4656
1.7650, 4652
1.8062, 4649
1.8363, 4648
1.8472, 4647
1.9680, 4645
1.9783, 4644
2.0231, 4642
2.1281, 4641
2.1584, 4640
2.3405, 4639
2.3610, 4637
2.4429, 4634
2.4536, 4632
2.6058, 4631
2.6865, 4630
2.7373, 4629
2.8391, 4628
2.9296, 4627
2.9405, 4625
2.9610, 4624
3.0513, 4623
3.0833, 4621
3.2262, 4620
3.4088, 4618
3.4898, 4617
3.7425, 4616
3.8534, 4615
3.9361, 4614
4.0878, 4613
4.1803, 4612
4.3738, 4609
4.4249, 4607
4.4656, 4606
4.4761, 4603
4.5476, 4602
4.6400, 4601
4.6504, 4600
4.7228, 4599
4.7442, 4597
4.8457, 4596
4.8762, 4595
4.8865, 4594
5.1126, 4591
5.2841, 4590
5.4115, 4588
5.4675, 4587
5.4880, 4586
5.6706, 4585
5.8956, 4584
5.9371, 4582
6.0248, 4580
6.0614, 4579
6.9495, 4578
6.9709, 4576
7.0453, 4575
7.4060, 4574
7.5538, 4573
7.6764, 4572
7.8921, 4571
8.0956, 4570
8.1572, 4569
8.4017, 4568
8.4322, 4567
9.2363, 4566
10.4362, 4565
