0.0000, 5900
0.0006, 5899
0.0013, 5898
0.0019, 5897
0.0028, 5896
0.0036, 5895
0.0043, 5894
0.0049, 5893
0.0058, 5892
0.0063, 5891
0.0071, 5890
0.0076, 5889
0.0081, 5888
0.0087, 5887
0.0096, 5886
0.0105, 5885
0.0112, 5884
0.0124, 5883
0.0130, 5882
0.0141, 5881
0.0146, 5880
0.0156, 5879
0.0165, 5878
0.0174, 5877
0.0179, 5876
0.0184, 5875
0.0189, 5874
0.0195, 5873
0.0207, 5872
0.0212, 5871
0.0217, 5870
0.0222, 5869
0.0229, 5868
0.0234, 5867
0.0239, 5866
0.0244, 5865
0.0252, 5864
0.0260, 5863
0.0266, 5862
0.0271, 5861
0.0277, 5860
0.0283, 5859
0.0288, 5858
0.0293, 5857
0.0299, 5856
0.0305, 5855
0.0310, 5854
0.0315, 5853
0.0321, 5852
0.0331, 5851
0.0340, 5850
0.0345, 5849
0.0350, 5848
0.0356, 5847
0.0362, 5846
0.0367, 5845
0.0375, 5844
0.0380, 5843
0.0385, 5842
0.0390, 5841
0.0397, 5840
0.0405, 5839
0.0410, 5838
0.0415, 5837
0.0422, 5836
0.0427, 5835
0.0434, 5834
0.0439, 5833
0.0446, 5832
0.0451, 5831
0.0456, 5830
0.0464, 5829
0.0469, 5828
0.0474, 5827
0.0480, 5826
0.0489, 5825
0.0494, 5824
0.0500, 5823
0.0508, 5822
0.0513, 5821
0.0519, 5820
0.0524, 5819
0.0529, 5818
0.0534, 5817
0.0543, 5816
0.0548, 5815
0.0558, 5814
0.0568, 5813
0.0574, 5812
0.0580, 5811
0.0589, 5810
0.0596, 5809
0.0602, 5808
0.0608, 5807
0.0614, 5806
0.0622, 5805
0.0627, 5804
0.0632, 5803
0.0637, 5802
0.0643, 5801
0.0648, 5800
0.0656, 5799
0.0661, 5798
0.0668, 5797
0.0673, 5796
0.0680, 5795
0.0685, 5794
0.0692, 5793
0.0698, 5792
0.0703, 5791
0.0709, 5790
0.0714, 5789
0.0719, 5788
0.0726, 5787
0.0731, 5786
0.0743, 5785
0.0754, 5784
0.0762, 5783
0.0767, 5782
0.0772, 5781
0.0777, 5780
0.0784, 5779
0.0792, 5778
0.0798, 5777
0.0806, 5776
0.0813, 5775
0.0819, 5774
0.0825, 5773
0.0837, 5772
0.0843, 5771
0.0854, 5770
0.0860, 5769
0.0866, 5768
0.0873, 5767
0.0879, 5766
0.0885, 5765
0.0893, 5764
0.0899, 5763
0.0904, 5762
0.0909, 5761
0.0915, 5760
0.0924, 5759
0.0929, 5758
0.0934, 5757
0.0940, 5756
0.0945, 5755
0.0950, 5754
0.0958, 5753
0.0965, 5752
0.0970, 5751
0.0975, 5750
0.0980, 5749
0.0989, 5748
0.0994, 5747
0.0999, 5746
0.1008, 5745
0.1020, 5744
0.1026, 5743
0.1031, 5742
0.1037, 5741
0.1047, 5740
0.1053, 5739
0.1059, 5738
0.1064, 5737
0.1070, 5736
0.1075, 5735
0.1081, 5734
0.1086, 5733
0.1093, 5732
0.1098, 5731
0.1104, 5730
0.1109, 5729
0.1115, 5728
0.1121, 5727
0.1126, 5726
0.1132, 5725
0.1139, 5724
0.1145, 5723
0.1156, 5722
0.1162, 5721
0.1168, 5720
0.1175, 5719
0.1183, 5718
0.1192, 5717
0.1200, 5716
0.1209, 5715
0.1219, 5714
0.1225, 5713
0.1231, 5712
0.1237, 5711
0.1242, 5710
0.1248, 5709
0.1256, 5708
0.1263, 5707
0.1269, 5706
0.1275, 5705
0.1280, 5704
0.1285, 5703
0.1291, 5702
0.1296, 5701
0.1303, 5700
0.1313, 5699
0.1318, 5698
0.1323, 5697
0.1329, 5696
0.1340, 5695
0.1347, 5694
0.1353, 5693
0.1359, 5692
0.1364, 5691
0.1370, 5690
0.1375, 5689
0.1382, 5688
0.1388, 5687
0.1393, 5686
0.1402, 5685
0.1408, 5684
0.1414, 5683
0.1420, 5682
0.1426, 5681
0.1431, 5680
0.1438, 5679
0.1443, 5678
0.1449, 5677
0.1455, 5676
0.1461, 5675
0.1466, 5674
0.1471, 5673
0.1477, 5672
0.1483, 5671
0.1488, 5670
0.1495, 5669
0.1500, 5668
0.1506, 5667
0.1512, 5666
0.1517, 5665
0.1523, 5664
0.1529, 5663
0.1534, 5662
0.1544, 5661
0.1550, 5660
0.1559, 5659
0.1565, 5658
0.1577, 5657
0.1587, 5656
0.1595, 5655
0.1602, 5654
0.1610, 5653
0.1616, 5652
0.1622, 5651
0.1627, 5650
0.1633, 5649
0.1639, 5648
0.1646, 5647
0.1652, 5646
0.1657, 5645
0.1664, 5644
0.1670, 5643
0.1676, 5642
0.1681, 5641
0.1688, 5640
0.1696, 5639
0.1705, 5638
0.1711, 5637
0.1716, 5636
0.1723, 5635
0.1733, 5634
0.1740, 5633
0.1750, 5632
0.1758, 5631
0.1764, 5630
0.1774, 5629
0.1783, 5628
0.1789, 5627
0.1799, 5626
0.1808, 5625
0.1814, 5624
0.1823, 5623
0.1828, 5622
0.1834, 5621
0.1841, 5620
0.1848, 5619
0.1859, 5618
0.1865, 5617
0.1871, 5616
0.1876, 5615
0.1883, 5614
0.1892, 5613
0.1898, 5612
0.1903, 5611
0.1909, 5610
0.1917, 5609
0.1923, 5608
0.1928, 5607
0.1934, 5606
0.1940, 5605
0.1946, 5604
0.1951, 5603
0.1957, 5602
0.1962, 5601
0.1968, 5600
0.1973, 5599
0.1978, 5598
0.1983, 5597
0.1989, 5596
0.1994, 5595
0.2003, 5594
0.2009, 5593
0.2018, 5592
0.2024, 5591
0.2032, 5590
0.2040, 5589
0.2048, 5588
0.2055, 5587
0.2061, 5586
0.2066, 5585
0.2073, 5584
0.2083, 5583
0.2089, 5582
0.2095, 5581
0.2101, 5580
0.2107, 5579
0.2114, 5578
0.2120, 5577
0.2130, 5576
0.2136, 5575
0.2142, 5574
0.2149, 5573
0.2155, 5572
0.2160, 5571
0.2168, 5570
0.2176, 5569
0.2182, 5568
0.2191, 5567
0.2197, 5566
0.2202, 5565
0.2208, 5564
0.2215, 5563
0.2226, 5562
0.2233, 5561
0.2239, 5560
0.2244, 5559
0.2250, 5558
0.2255, 5557
0.2265, 5556
0.2271, 5555
0.2277, 5554
0.2283, 5553
0.2291, 5552
0.2297, 5551
0.2303, 5550
0.2310, 5549
0.2316, 5548
0.2322, 5547
0.2328, 5546
0.2334, 5545
0.2340, 5544
0.2345, 5543
0.2350, 5542
0.2357, 5541
0.2364, 5540
0.2369, 5539
0.2374, 5538
0.2380, 5537
0.2385, 5536
0.2391, 5535
0.2398, 5534
0.2406, 5533
0.2411, 5532
0.2417, 5531
0.2423, 5530
0.2429, 5529
0.2434, 5528
0.2440, 5527
0.2445, 5526
0.2453, 5525
0.2459, 5524
0.2466, 5523
0.2475, 5522
0.2485, 5521
0.2494, 5520
0.2501, 5519
0.2507, 5518
0.2512, 5517
0.2519, 5516
0.2525, 5515
0.2533, 5514
0.2539, 5513
0.2544, 5512
0.2550, 5511
0.2556, 5510
0.2561, 5509
0.2567, 5508
0.2573, 5507
0.2580, 5506
0.2585, 5505
0.2591, 5504
0.2597, 5503
0.2607, 5502
0.2613, 5501
0.2619, 5500
0.2625, 5499
0.2635, 5498
0.2642, 5497
0.2649, 5496
0.2655, 5495
0.2662, 5494
0.2669, 5493
0.2676, 5492
0.2682, 5491
0.2692, 5490
0.2701, 5489
0.2707, 5488
0.2777, 5487
0.2783, 5486
0.2789, 5485
0.2800, 5484
0.2806, 5483
0.2812, 5482
0.2823, 5481
0.2829, 5480
0.2835, 5479
0.2840, 5478
0.2847, 5477
0.2853, 5476
0.2859, 5475
0.2865, 5474
0.2873, 5473
0.2880, 5472
0.2886, 5471
0.2893, 5470
0.2899, 5469
0.2905, 5468
0.2911, 5467
0.2917, 5466
0.2928, 5465
0.2934, 5464
0.2940, 5463
0.2945, 5462
0.2955, 5461
0.2961, 5460
0.2968, 5459
0.2975, 5458
0.2981, 5457
0.2987, 5456
0.2996, 5455
0.3004, 5454
0.3010, 5453
0.3017, 5452
0.3022, 5451
0.3030, 5450
0.3036, 5449
0.3043, 5448
0.3050, 5447
0.3056, 5446
0.3062, 5445
0.3068, 5444
0.3079, 5443
0.3085, 5442
0.3091, 5441
0.3097, 5440
0.3104, 5439
0.3111, 5438
0.3121, 5437
0.3128, 5436
0.3135, 5435
0.3141, 5434
0.3148, 5433
0.3154, 5432
0.3165, 5431
0.3171, 5430
0.3176, 5429
0.3183, 5428
0.3189, 5427
0.3196, 5426
0.3206, 5425
0.3212, 5424
0.3219, 5423
0.3226, 5422
0.3234, 5421
0.3241, 5420
0.3251, 5419
0.3257, 5418
0.3262, 5417
0.3273, 5416
0.3279, 5415
0.3286, 5414
0.3292, 5413
0.3298, 5412
0.3305, 5411
0.3311, 5410
0.3317, 5409
0.3322, 5408
0.3328, 5407
0.3335, 5406
0.3344, 5405
0.3353, 5404
0.3361, 5403
0.3369, 5402
0.3375, 5401
0.3381, 5400
0.3388, 5399
0.3397, 5398
0.3405, 5397
0.3412, 5396
0.3419, 5395
0.3427, 5394
0.3435, 5393
0.3442, 5392
0.3449, 5391
0.3455, 5390
0.3460, 5389
0.3467, 5388
0.3473, 5387
0.3479, 5386
0.3489, 5385
0.3494, 5384
0.3502, 5383
0.3509, 5382
0.3517, 5381
0.3524, 5380
0.3529, 5379
0.3535, 5378
0.3544, 5377
0.3550, 5376
0.3557, 5375
0.3563, 5374
0.3571, 5373
0.3577, 5372
0.3583, 5371
0.3590, 5370
0.3597, 5369
0.3605, 5368
0.3612, 5367
0.3618, 5366
0.3626, 5365
0.3633, 5364
0.3640, 5363
0.3651, 5362
0.3657, 5361
0.3665, 5360
0.3673, 5359
0.3679, 5358
0.3686, 5357
0.3698, 5356
0.3703, 5355
0.3710, 5354
0.3716, 5353
0.3723, 5352
0.3728, 5351
0.3736, 5350
0.3743, 5349
0.3749, 5348
0.3755, 5347
0.3761, 5346
0.3769, 5345
0.3778, 5344
0.3783, 5343
0.3790, 5342
0.3797, 5341
0.3802, 5340
0.3808, 5339
0.3814, 5338
0.3819, 5337
0.3825, 5336
0.3831, 5335
0.3838, 5334
0.3845, 5333
0.3853, 5332
0.3863, 5331
0.3869, 5330
0.3875, 5329
0.3880, 5328
0.3886, 5327
0.3893, 5326
0.3899, 5325
0.3905, 5324
0.3911, 5323
0.3922, 5322
0.3931, 5321
0.3940, 5320
0.3948, 5319
0.3954, 5318
0.3960, 5317
0.3965, 5316
0.3973, 5315
0.3980, 5314
0.3986, 5313
0.3993, 5312
0.4001, 5311
0.4008, 5310
0.4013, 5309
0.4019, 5308
0.4029, 5307
0.4036, 5306
0.4042, 5305
0.4047, 5304
0.4054, 5303
0.4060, 5302
0.4066, 5301
0.4071, 5300
0.4077, 5299
0.4083, 5298
0.4089, 5297
0.4095, 5296
0.4102, 5295
0.4109, 5294
0.4114, 5293
0.4120, 5292
0.4128, 5291
0.4135, 5290
0.4141, 5289
0.4150, 5288
0.4156, 5287
0.4161, 5286
0.4168, 5285
0.4173, 5284
0.4180, 5283
0.4186, 5282
0.4192, 5281
0.4197, 5280
0.4203, 5279
0.4208, 5278
0.4214, 5277
0.4220, 5276
0.4228, 5275
0.4234, 5274
0.4243, 5273
0.4249, 5272
0.4254, 5271
0.4259, 5270
0.4266, 5269
0.4273, 5268
0.4278, 5267
0.4283, 5266
0.4289, 5265
0.4296, 5264
0.4303, 5263
0.4309, 5262
0.4315, 5261
0.4321, 5260
0.4329, 5259
0.4334, 5258
0.4340, 5257
0.4347, 5256
0.4354, 5255
0.4361, 5254
0.4370, 5253
0.4378, 5252
0.4385, 5251
0.4395, 5250
0.4401, 5249
0.4406, 5248
0.4413, 5247
0.4420, 5246
0.4427, 5245
0.4433, 5244
0.4439, 5243
0.4445, 5242
0.4451, 5241
0.4457, 5240
0.4463, 5239
0.4468, 5238
0.4474, 5237
0.4483, 5236
0.4488, 5235
0.4494, 5234
0.4500, 5233
0.4506, 5232
0.4513, 5231
0.4519, 5230
0.4524, 5229
0.4530, 5228
0.4537, 5227
0.4545, 5226
0.4550, 5225
0.4556, 5224
0.4565, 5223
0.4574, 5222
0.4581, 5221
0.4589, 5220
0.4596, 5219
0.4601, 5218
0.4607, 5217
0.4613, 5216
0.4620, 5215
0.4627, 5214
0.4633, 5213
0.4640, 5212
0.4647, 5211
0.4655, 5210
0.4663, 5209
0.4669, 5208
0.4676, 5207
0.4685, 5206
0.4693, 5205
0.4699, 5204
0.4708, 5203
0.4714, 5202
0.4721, 5201
0.4727, 5200
0.4735, 5199
0.4741, 5198
0.4749, 5197
0.4755, 5196
0.4761, 5195
0.4770, 5194
0.4775, 5193
0.4781, 5192
0.4787, 5191
0.4792, 5190
0.4800, 5189
0.4805, 5188
0.4810, 5187
0.4816, 5186
0.4822, 5185
0.4828, 5184
0.4834, 5183
0.4842, 5182
0.4849, 5181
0.4856, 5180
0.4866, 5179
0.4871, 5178
0.4880, 5177
0.4886, 5176
0.4893, 5175
0.4901, 5174
0.4908, 5173
0.4916, 5172
0.4922, 5171
0.4928, 5170
0.4933, 5169
0.4941, 5168
0.4947, 5167
0.4952, 5166
0.4959, 5165
0.4967, 5164
0.4973, 5163
0.4980, 5162
0.4987, 5161
0.4996, 5160
0.5004, 5159
0.5011, 5158
0.5018, 5157
0.5024, 5156
0.5029, 5155
0.5036, 5154
0.5043, 5153
0.5052, 5152
0.5059, 5151
0.5065, 5150
0.5071, 5149
0.5078, 5148
0.5084, 5147
0.5089, 5146
0.5094, 5145
0.5099, 5144
0.5107, 5143
0.5112, 5142
0.5118, 5141
0.5123, 5140
0.5129, 5139
0.5135, 5138
0.5141, 5137
0.5149, 5136
0.5155, 5135
0.5163, 5134
0.5169, 5133
0.5174, 5132
0.5180, 5131
0.5187, 5130
0.5193, 5129
0.5200, 5128
0.5207, 5127
0.5214, 5126
0.5222, 5125
0.5228, 5124
0.5233, 5123
0.5239, 5122
0.5244, 5121
0.5252, 5120
0.5257, 5119
0.5262, 5118
0.5267, 5117
0.5272, 5116
0.5278, 5115
0.5284, 5114
0.5292, 5113
0.5299, 5112
0.5307, 5111
0.5315, 5110
0.5320, 5109
0.5325, 5108
0.5331, 5107
0.5336, 5106
0.5343, 5105
0.5348, 5104
0.5355, 5103
0.5363, 5102
0.5369, 5101
0.5378, 5100
0.5384, 5099
0.5391, 5098
0.5399, 5097
0.5404, 5096
0.5412, 5095
0.5417, 5094
0.5423, 5093
0.5430, 5092
0.5436, 5091
0.5443, 5090
0.5448, 5089
0.5455, 5088
0.5462, 5087
0.5471, 5086
0.5477, 5085
0.5482, 5084
0.5488, 5083
0.5496, 5082
0.5502, 5081
0.5507, 5080
0.5514, 5079
0.5520, 5078
0.5525, 5077
0.5532, 5076
0.5537, 5075
0.5544, 5074
0.5551, 5073
0.5558, 5072
0.5564, 5071
0.5569, 5070
0.5574, 5069
0.5582, 5068
0.5592, 5067
0.5599, 5066
0.5606, 5065
0.5613, 5064
0.5623, 5063
0.5630, 5062
0.5637, 5061
0.5642, 5060
0.5650, 5059
0.5656, 5058
0.5661, 5057
0.5667, 5056
0.5672, 5055
0.5679, 5054
0.5686, 5053
0.5692, 5052
0.5698, 5051
0.5703, 5050
0.5709, 5049
0.5715, 5048
0.5723, 5047
0.5729, 5046
0.5739, 5045
0.5745, 5044
0.5751, 5043
0.5757, 5042
0.5763, 5041
0.5772, 5040
0.5777, 5039
0.5783, 5038
0.5791, 5037
0.5797, 5036
0.5802, 5035
0.5809, 5034
0.5816, 5033
0.5823, 5032
0.5830, 5031
0.5840, 5030
0.5846, 5029
0.5855, 5028
0.5861, 5027
0.5868, 5026
0.5874, 5025
0.5880, 5024
0.5886, 5023
0.5892, 5022
0.5898, 5021
0.5905, 5020
0.5915, 5019
0.5924, 5018
0.5929, 5017
0.5934, 5016
0.5940, 5015
0.5950, 5014
0.5956, 5013
0.5963, 5012
0.5970, 5011
0.5976, 5010
0.5983, 5009
0.5989, 5008
0.5994, 5007
0.6001, 5006
0.6009, 5005
0.6015, 5004
0.6023, 5003
0.6028, 5002
0.6034, 5001
0.6044, 5000
0.6050, 4999
0.6058, 4998
0.6064, 4997
0.6069, 4996
0.6076, 4995
0.6081, 4994
0.6087, 4993
0.6094, 4992
0.6100, 4991
0.6107, 4990
0.6114, 4989
0.6124, 4988
0.6131, 4987
0.6137, 4986
0.6143, 4985
0.6149, 4984
0.6156, 4983
0.6163, 4982
0.6170, 4981
0.6177, 4980
0.6187, 4979
0.6192, 4978
0.6197, 4977
0.6204, 4976
0.6213, 4975
0.6223, 4974
0.6228, 4973
0.6234, 4972
0.6241, 4971
0.6248, 4970
0.6253, 4969
0.6261, 4968
0.6267, 4967
0.6274, 4966
0.6281, 4965
0.6286, 4964
0.6292, 4963
0.6297, 4962
0.6304, 4961
0.6311, 4960
0.6317, 4959
0.6322, 4958
0.6327, 4957
0.6333, 4956
0.6340, 4955
0.6345, 4954
0.6351, 4953
0.6357, 4952
0.6364, 4951
0.6374, 4950
0.6382, 4949
0.6393, 4948
0.6398, 4947
0.6405, 4946
0.6413, 4945
0.6418, 4944
0.6424, 4943
0.6430, 4942
0.6435, 4941
0.6441, 4940
0.6446, 4939
0.6452, 4938
0.6457, 4937
0.6464, 4936
0.6470, 4935
0.6479, 4934
0.6488, 4933
0.6493, 4932
0.6499, 4931
0.6505, 4930
0.6511, 4929
0.6518, 4928
0.6523, 4927
0.6529, 4926
0.6537, 4925
0.6543, 4924
0.6549, 4923
0.6556, 4922
0.6563, 4921
0.6568, 4920
0.6574, 4919
0.6583, 4918
0.6592, 4917
0.6597, 4916
0.6606, 4915
0.6611, 4914
0.6616, 4913
0.6621, 4912
0.6626, 4911
0.6631, 4910
0.6636, 4909
0.6645, 4908
0.6651, 4907
0.6657, 4906
0.6663, 4905
0.6668, 4904
0.6674, 4903
0.6680, 4902
0.6687, 4901
0.6693, 4900
0.6702, 4899
0.6709, 4898
0.6714, 4897
0.6720, 4896
0.6725, 4895
0.6732, 4894
0.6738, 4893
0.6743, 4892
0.6751, 4891
0.6759, 4890
0.6766, 4889
0.6771, 4888
0.6776, 4887
0.6782, 4886
0.6788, 4885
0.6793, 4884
0.6799, 4883
0.6804, 4882
0.6810, 4881
0.6816, 4880
0.6822, 4879
0.6831, 4878
0.6836, 4877
0.6841, 4876
0.6849, 4875
0.6854, 4874
0.6859, 4873
0.6865, 4872
0.6873, 4871
0.6881, 4870
0.6888, 4869
0.6896, 4868
0.6901, 4867
0.6906, 4866
0.6912, 4865
0.6921, 4864
0.6929, 4863
0.6934, 4862
0.6940, 4861
0.6947, 4860
0.6953, 4859
0.6961, 4858
0.6967, 4857
0.6974, 4856
0.6983, 4855
0.6988, 4854
0.6999, 4853
0.7004, 4852
0.7009, 4851
0.7015, 4850
0.7024, 4849
0.7031, 4848
0.7039, 4847
0.7044, 4846
0.7049, 4845
0.7057, 4844
0.7062, 4843
0.7068, 4842
0.7073, 4841
0.7081, 4840
0.7088, 4839
0.7098, 4838
0.7105, 4837
0.7112, 4836
0.7117, 4835
0.7122, 4834
0.7129, 4833
0.7135, 4832
0.7140, 4831
0.7149, 4830
0.7155, 4829
0.7161, 4828
0.7167, 4827
0.7176, 4826
0.7185, 4825
0.7190, 4824
0.7197, 4823
0.7202, 4822
0.7208, 4821
0.7214, 4820
0.7219, 4819
0.7225, 4818
0.7230, 4817
0.7235, 4816
0.7240, 4815
0.7246, 4814
0.7254, 4813
0.7263, 4812
0.7270, 4811
0.7275, 4810
0.7284, 4809
0.7289, 4808
0.7294, 4807
0.7298, 4806
0.7303, 4805
0.7312, 4804
0.7321, 4803
0.7325, 4802
0.7331, 4801
0.7338, 4800
0.7344, 4799
0.7349, 4798
0.7354, 4797
0.7360, 4796
0.7366, 4795
0.7373, 4794
0.7380, 4793
0.7385, 4792
0.7392, 4791
0.7397, 4790
0.7405, 4789
0.7410, 4788
0.7417, 4787
0.7422, 4786
0.7427, 4785
0.7433, 4784
0.7438, 4783
0.7445, 4782
0.7450, 4781
0.7459, 4780
0.7467, 4779
0.7472, 4778
0.7480, 4777
0.7485, 4776
0.7490, 4775
0.7495, 4774
0.7505, 4773
0.7510, 4772
0.7517, 4771
0.7522, 4770
0.7528, 4769
0.7537, 4768
0.7543, 4767
0.7547, 4766
0.7553, 4765
0.7562, 4764
0.7570, 4763
0.7576, 4762
0.7582, 4761
0.7587, 4760
0.7593, 4759
0.7604, 4758
0.7610, 4757
0.7616, 4756
0.7624, 4755
0.7629, 4754
0.7634, 4753
0.7639, 4752
0.7644, 4751
0.7652, 4750
0.7657, 4749
0.7662, 4748
0.7668, 4747
0.7677, 4746
0.7682, 4745
0.7690, 4744
0.7698, 4743
0.7706, 4742
0.7713, 4741
0.7719, 4740
0.7724, 4739
0.7730, 4738
0.7735, 4737
0.7741, 4736
0.7749, 4735
0.7754, 4734
0.7760, 4733
0.7765, 4732
0.7770, 4731
0.7778, 4730
0.7783, 4729
0.7788, 4728
0.7794, 4727
0.7802, 4726
0.7809, 4725
0.7817, 4724
0.7826, 4723
0.7831, 4722
0.7839, 4721
0.7847, 4720
0.7853, 4719
0.7858, 4718
0.7864, 4717
0.7871, 4716
0.7880, 4715
0.7887, 4714
0.7895, 4713
0.7900, 4712
0.7907, 4711
0.7915, 4710
0.7924, 4709
0.7931, 4708
0.7939, 4707
0.7945, 4706
0.7953, 4705
0.7960, 4704
0.7967, 4703
0.7975, 4702
0.7985, 4701
0.7992, 4700
0.8001, 4699
0.8009, 4698
0.8016, 4697
0.8022, 4696
0.8031, 4695
0.8038, 4694
0.8047, 4693
0.8055, 4692
0.8065, 4691
0.8073, 4690
1.0144, 4689
1.2148, 4688
1.2547, 4687
1.3343, 4686
1.6700, 4685
1.6706, 4684
1.7308, 4683
1.8513, 4682
1.9744, 4681
2.2012, 4680
2.2637, 4679
2.4047, 4678
2.4485, 4677
2.6326, 4676
2.9442, 4675
2.9447, 4674
3.0488, 4673
3.2788, 4672
3.2795, 4671
3.3417, 4670
3.4648, 4669
3.4657, 4668
3.6325, 4667
3.6926, 4666
3.6933, 4665
3.7527, 4664
3.7727, 4663
4.2325, 4662
4.3430, 4661
4.8208, 4660
4.8638, 4659
4.9860, 4658
5.0926, 4657
5.2395, 4656
5.4641, 4655
5.9007, 4654
6.0414, 4653
6.0419, 4652
6.5456, 4651
6.6660, 4650
6.7875, 4649
7.5082, 4648
7.6318, 4647
7.7330, 4646
8.0596, 4645
8.0603, 4644
8.1256, 4643
8.1263, 4642
8.1994, 4641
8.6676, 4640
8.8131, 4639
8.8774, 4638
9.1119, 4637
9.2381, 4636
9.5258, 4635
9.6867, 4634
9.8073, 4633
