0.1168, 4688
0.1469, 4684
0.1969, 4683
0.2573, 4681
0.2674, 4680
0.4478, 4678
0.4581, 4677
0.6274, 4676
0.6378, 4675
0.6484, 4674
0.6592, 4673
0.6697, 4672
0.7499, 4666
0.8502, 4665
0.8613, 4663
0.8817, 4662
0.9024, 4660
0.9726, 4659
0.9928, 4658
1.0030, 4657
1.0133, 4656
1.0641, 4655
1.1145, 4654
1.1588, 4652
1.1737, 4651
1.2150, 4648
1.2961, 4642
1.3264, 4641
1.4863, 4640
1.7327, 4637
2.1332, 4636
2.1632, 4635
2.1743, 4634
2.2187, 4633
2.3201, 4632
2.5596, 4631
2.5943, 4630
2.6047, 4629
2.7551, 4623
2.8250, 4622
2.8561, 4621
3.0127, 4620
3.0584, 4618
3.0688, 4617
3.1190, 4616
3.1996, 4615
3.2098, 4614
3.2305, 4613
3.2711, 4612
3.4366, 4611
3.4922, 4610
3.5281, 4609
3.6182, 4608
3.7040, 4607
3.7257, 4606
3.8166, 4605
3.9078, 4604
4.0788, 4603
4.1596, 4602
4.1799, 4601
4.4224, 4600
4.5543, 4599
4.6608, 4598
4.8200, 4597
5.0322, 4596
5.1126, 4594
5.1430, 4593
5.3846, 4591
5.4962, 4590
5.8641, 4589
5.9244, 4588
5.9749, 4587
6.0355, 4586
6.6932, 4585
6.7138, 4584
6.7642, 4583
6.8351, 4582
7.0265, 4581
7.0467, 4580
7.1682, 4579
8.3320, 4578
8.4030, 4577
8.6728, 4575
9.2564, 4574
9.2671, 4573
9.5772, 4572
9.6820, 4571
9.7123, 4570
10.1805, 4569
10.3653, 4568
10.4376, 4567
