0.0000, 5900
0.0005, 5899
0.0012, 5898
0.0018, 5897
0.0028, 5896
0.0036, 5895
0.0042, 5894
0.0049, 5893
0.0057, 5892
0.0062, 5891
0.0071, 5890
0.0076, 5889
0.0081, 5888
0.0086, 5887
0.0095, 5886
0.0105, 5885
0.0111, 5884
0.0123, 5883
0.0129, 5882
0.0140, 5881
0.0145, 5880
0.0155, 5879
0.0164, 5878
0.0173, 5877
0.0178, 5876
0.0183, 5875
0.0189, 5874
0.0195, 5873
0.0206, 5872
0.0211, 5871
0.0216, 5870
0.0221, 5869
0.0228, 5868
0.0233, 5867
0.0238, 5866
0.0244, 5865
0.0252, 5864
0.0260, 5863
0.0266, 5862
0.0271, 5861
0.0277, 5860
0.0283, 5859
0.0289, 5858
0.0294, 5857
0.0300, 5856
0.0306, 5855
0.0311, 5854
0.0316, 5853
0.0321, 5852
0.0332, 5851
0.0341, 5850
0.0346, 5849
0.0351, 5848
0.0358, 5847
0.0364, 5846
0.0369, 5845
0.0377, 5844
0.0382, 5843
0.0387, 5842
0.0392, 5841
0.0400, 5840
0.0407, 5839
0.0412, 5838
0.0417, 5837
0.0424, 5836
0.0430, 5835
0.0437, 5834
0.0442, 5833
0.0449, 5832
0.0454, 5831
0.0459, 5830
0.0467, 5829
0.0472, 5828
0.0477, 5827
0.0483, 5826
0.0492, 5825
0.0497, 5824
0.0503, 5823
0.0511, 5822
0.0516, 5821
0.0521, 5820
0.0527, 5819
0.0532, 5818
0.0537, 5817
0.0546, 5816
0.0551, 5815
0.0561, 5814
0.0570, 5813
0.0577, 5812
0.0584, 5811
0.0593, 5810
0.0600, 5809
0.0606, 5808
0.0612, 5807
0.0617, 5806
0.0626, 5805
0.0631, 5804
0.0636, 5803
0.0641, 5802
0.0647, 5801
0.0652, 5800
0.0661, 5799
0.0666, 5798
0.0672, 5797
0.0678, 5796
0.0684, 5795
0.0690, 5794
0.0697, 5793
0.0703, 5792
0.0708, 5791
0.0713, 5790
0.0718, 5789
0.0724, 5788
0.0730, 5787
0.0735, 5786
0.0747, 5785
0.0758, 5784
0.0766, 5783
0.0771, 5782
0.0776, 5781
0.0782, 5780
0.0789, 5779
0.0797, 5778
0.0803, 5777
0.0811, 5776
0.0817, 5775
0.0824, 5774
0.0830, 5773
0.0841, 5772
0.0847, 5771
0.0858, 5770
0.0865, 5769
0.0870, 5768
0.0878, 5767
0.0883, 5766
0.0890, 5765
0.0898, 5764
0.0903, 5763
0.0909, 5762
0.0914, 5761
0.0919, 5760
0.0929, 5759
0.0934, 5758
0.0939, 5757
0.0945, 5756
0.0950, 5755
0.0955, 5754
0.0964, 5753
0.0970, 5752
0.0976, 5751
0.0981, 5750
0.0986, 5749
0.0995, 5748
0.1001, 5747
0.1006, 5746
0.1015, 5745
0.1026, 5744
0.1031, 5743
0.1037, 5742
0.1042, 5741
0.1052, 5740
0.1058, 5739
0.1064, 5738
0.1069, 5737
0.1075, 5736
0.1080, 5735
0.1086, 5734
0.1092, 5733
0.1098, 5732
0.1103, 5731
0.1109, 5730
0.1114, 5729
0.1120, 5728
0.1125, 5727
0.1130, 5726
0.1136, 5725
0.1143, 5724
0.1149, 5723
0.1160, 5722
0.1166, 5721
0.1172, 5720
0.1179, 5719
0.1186, 5718
0.1196, 5717
0.1204, 5716
0.1213, 5715
0.1224, 5714
0.1229, 5713
0.1235, 5712
0.1241, 5711
0.1246, 5710
0.1252, 5709
0.1260, 5708
0.1267, 5707
0.1274, 5706
0.1279, 5705
0.1284, 5704
0.1289, 5703
0.1295, 5702
0.1301, 5701
0.1307, 5700
0.1317, 5699
0.1323, 5698
0.1328, 5697
0.1333, 5696
0.1344, 5695
0.1352, 5694
0.1358, 5693
0.1364, 5692
0.1369, 5691
0.1374, 5690
0.1380, 5689
0.1386, 5688
0.1392, 5687
0.1398, 5686
0.1407, 5685
0.1413, 5684
0.1419, 5683
0.1424, 5682
0.1430, 5681
0.1436, 5680
0.1443, 5679
0.1449, 5678
0.1455, 5677
0.1461, 5676
0.1466, 5675
0.1472, 5674
0.1477, 5673
0.1483, 5672
0.1489, 5671
0.1494, 5670
0.1501, 5669
0.1506, 5668
0.1512, 5667
0.1517, 5666
0.1523, 5665
0.1528, 5664
0.1534, 5663
0.1540, 5662
0.1549, 5661
0.1555, 5660
0.1564, 5659
0.1569, 5658
0.1581, 5657
0.1591, 5656
0.1599, 5655
0.1606, 5654
0.1614, 5653
0.1620, 5652
0.1626, 5651
0.1631, 5650
0.1636, 5649
0.1642, 5648
0.1649, 5647
0.1655, 5646
0.1660, 5645
0.1668, 5644
0.1673, 5643
0.1679, 5642
0.1685, 5641
0.1692, 5640
0.1700, 5639
0.1709, 5638
0.1715, 5637
0.1721, 5636
0.1727, 5635
0.1738, 5634
0.1744, 5633
0.1754, 5632
0.1763, 5631
0.1769, 5630
0.1778, 5629
0.1787, 5628
0.1793, 5627
0.1804, 5626
0.1812, 5625
0.1819, 5624
0.1827, 5623
0.1833, 5622
0.1839, 5621
0.1846, 5620
0.1853, 5619
0.1862, 5618
0.1868, 5617
0.1874, 5616
0.1879, 5615
0.1886, 5614
0.1895, 5613
0.1901, 5612
0.1906, 5611
0.1912, 5610
0.1920, 5609
0.1926, 5608
0.1932, 5607
0.1937, 5606
0.1943, 5605
0.1949, 5604
0.1955, 5603
0.1960, 5602
0.1966, 5601
0.1971, 5600
0.1976, 5599
0.1982, 5598
0.1987, 5597
0.1992, 5596
0.1998, 5595
0.2006, 5594
0.2012, 5593
0.2022, 5592
0.2027, 5591
0.2035, 5590
0.2044, 5589
0.2052, 5588
0.2058, 5587
0.2065, 5586
0.2070, 5585
0.2077, 5584
0.2087, 5583
0.2093, 5582
0.2100, 5581
0.2105, 5580
0.2111, 5579
0.2118, 5578
0.2124, 5577
0.2134, 5576
0.2140, 5575
0.2146, 5574
0.2153, 5573
0.2159, 5572
0.2165, 5571
0.2172, 5570
0.2181, 5569
0.2187, 5568
0.2195, 5567
0.2201, 5566
0.2207, 5565
0.2213, 5564
0.2220, 5563
0.2231, 5562
0.2238, 5561
0.2243, 5560
0.2249, 5559
0.2254, 5558
0.2260, 5557
0.2270, 5556
0.2276, 5555
0.2281, 5554
0.2288, 5553
0.2296, 5552
0.2302, 5551
0.2308, 5550
0.2315, 5549
0.2321, 5548
0.2328, 5547
0.2334, 5546
0.2340, 5545
0.2345, 5544
0.2351, 5543
0.2356, 5542
0.2363, 5541
0.2369, 5540
0.2374, 5539
0.2380, 5538
0.2385, 5537
0.2391, 5536
0.2397, 5535
0.2404, 5534
0.2412, 5533
0.2417, 5532
0.2423, 5531
0.2428, 5530
0.2435, 5529
0.2440, 5528
0.2446, 5527
0.2451, 5526
0.2459, 5525
0.2465, 5524
0.2472, 5523
0.2481, 5522
0.2491, 5521
0.2500, 5520
0.2507, 5519
0.2513, 5518
0.2519, 5517
0.2526, 5516
0.2532, 5515
0.2539, 5514
0.2545, 5513
0.2551, 5512
0.2557, 5511
0.2562, 5510
0.2568, 5509
0.2574, 5508
0.2580, 5507
0.2587, 5506
0.2592, 5505
0.2598, 5504
0.2604, 5503
0.2613, 5502
0.2618, 5501
0.2624, 5500
0.2631, 5499
0.2640, 5498
0.2647, 5497
0.2653, 5496
0.2659, 5495
0.2666, 5494
0.2672, 5493
0.2678, 5492
0.2684, 5491
0.2693, 5490
0.2701, 5489
0.2707, 5488
0.2713, 5487
0.2718, 5486
0.2723, 5485
0.2733, 5484
0.2738, 5483
0.2744, 5482
0.2754, 5481
0.2760, 5480
0.2765, 5479
0.2771, 5478
0.2777, 5477
0.2783, 5476
0.2789, 5475
0.2794, 5474
0.2802, 5473
0.2808, 5472
0.2814, 5471
0.2820, 5470
0.2826, 5469
0.2832, 5468
0.2837, 5467
0.2843, 5466
0.2854, 5465
0.2859, 5464
0.2864, 5463
0.2870, 5462
0.2876, 5461
0.2882, 5460
0.2888, 5459
0.2894, 5458
0.2900, 5457
0.2906, 5456
0.2915, 5455
0.2921, 5454
0.2927, 5453
0.2934, 5452
0.2939, 5451
0.2947, 5450
0.2952, 5449
0.2959, 5448
0.2965, 5447
0.2971, 5446
0.2976, 5445
0.2982, 5444
0.2992, 5443
0.2998, 5442
0.3004, 5441
0.3010, 5440
0.3016, 5439
0.3023, 5438
0.3032, 5437
0.3039, 5436
0.3046, 5435
0.3052, 5434
0.3058, 5433
0.3063, 5432
0.3074, 5431
0.3079, 5430
0.3085, 5429
0.3091, 5428
0.3096, 5427
0.3103, 5426
0.3112, 5425
0.3118, 5424
0.3125, 5423
0.3132, 5422
0.3139, 5421
0.3146, 5420
0.3155, 5419
0.3161, 5418
0.3166, 5417
0.3177, 5416
0.3182, 5415
0.3189, 5414
0.3195, 5413
0.3201, 5412
0.3207, 5411
0.3212, 5410
0.3218, 5409
0.3223, 5408
0.3228, 5407
0.3235, 5406
0.3243, 5405
0.3251, 5404
0.3259, 5403
0.3267, 5402
0.3272, 5401
0.3278, 5400
0.3285, 5399
0.3294, 5398
0.3301, 5397
0.3307, 5396
0.3314, 5395
0.3322, 5394
0.3330, 5393
0.3336, 5392
0.3343, 5391
0.3349, 5390
0.3354, 5389
0.3360, 5388
0.3366, 5387
0.3372, 5386
0.3381, 5385
0.3386, 5384
0.3393, 5383
0.3400, 5382
0.3407, 5381
0.3414, 5380
0.3419, 5379
0.3425, 5378
0.3433, 5377
0.3439, 5376
0.3445, 5375
0.3452, 5374
0.3458, 5373
0.3465, 5372
0.3470, 5371
0.3477, 5370
0.3484, 5369
0.3491, 5368
0.3498, 5367
0.3503, 5366
0.3511, 5365
0.3517, 5364
0.3524, 5363
0.3534, 5362
0.3541, 5361
0.3548, 5360
0.3555, 5359
0.3561, 5358
0.3568, 5357
0.3579, 5356
0.3584, 5355
0.3591, 5354
0.3597, 5353
0.3604, 5352
0.3610, 5351
0.3619, 5350
0.3625, 5349
0.3631, 5348
0.3637, 5347
0.3643, 5346
0.3652, 5345
0.3660, 5344
0.3666, 5343
0.3673, 5342
0.3680, 5341
0.3685, 5340
0.3691, 5339
0.3696, 5338
0.3702, 5337
0.3708, 5336
0.3714, 5335
0.3721, 5334
0.3728, 5333
0.3737, 5332
0.3747, 5331
0.3752, 5330
0.3758, 5329
0.3764, 5328
0.3770, 5327
0.3776, 5326
0.3782, 5325
0.3787, 5324
0.3793, 5323
0.3803, 5322
0.3813, 5321
0.3822, 5320
0.3830, 5319
0.3836, 5318
0.3842, 5317
0.3847, 5316
0.3855, 5315
0.3862, 5314
0.3868, 5313
0.3874, 5312
0.3883, 5311
0.3890, 5310
0.3895, 5309
0.3901, 5308
0.3911, 5307
0.3918, 5306
0.3924, 5305
0.3929, 5304
0.3935, 5303
0.3942, 5302
0.3948, 5301
0.3953, 5300
0.3960, 5299
0.3966, 5298
0.3972, 5297
0.3978, 5296
0.3985, 5295
0.3992, 5294
0.3997, 5293
0.4003, 5292
0.4011, 5291
0.4018, 5290
0.4025, 5289
0.4033, 5288
0.4039, 5287
0.4045, 5286
0.4051, 5285
0.4057, 5284
0.4064, 5283
0.4070, 5282
0.4075, 5281
0.4080, 5280
0.4087, 5279
0.4092, 5278
0.4098, 5277
0.4104, 5276
0.4111, 5275
0.4118, 5274
0.4126, 5273
0.4132, 5272
0.4137, 5271
0.4143, 5270
0.4150, 5269
0.4156, 5268
0.4162, 5267
0.4167, 5266
0.4173, 5265
0.4181, 5264
0.4187, 5263
0.4193, 5262
0.4199, 5261
0.4205, 5260
0.4213, 5259
0.4219, 5258
0.4225, 5257
0.4232, 5256
0.4239, 5255
0.4245, 5254
0.4255, 5253
0.4263, 5252
0.4269, 5251
0.4280, 5250
0.4286, 5249
0.4291, 5248
0.4298, 5247
0.4304, 5246
0.4311, 5245
0.4317, 5244
0.4324, 5243
0.4329, 5242
0.4335, 5241
0.4341, 5240
0.4347, 5239
0.4353, 5238
0.4359, 5237
0.4368, 5236
0.4373, 5235
0.4379, 5234
0.4385, 5233
0.4391, 5232
0.4398, 5231
0.4404, 5230
0.4409, 5229
0.4415, 5228
0.4422, 5227
0.4430, 5226
0.4435, 5225
0.4441, 5224
0.4451, 5223
0.4459, 5222
0.4466, 5221
0.4474, 5220
0.4480, 5219
0.4486, 5218
0.4491, 5217
0.4498, 5216
0.4505, 5215
0.4512, 5214
0.4518, 5213
0.4526, 5212
0.4533, 5211
0.4540, 5210
0.4549, 5209
0.4555, 5208
0.4562, 5207
0.4570, 5206
0.4578, 5205
0.4584, 5204
0.4593, 5203
0.4599, 5202
0.4606, 5201
0.4612, 5200
0.4620, 5199
0.4626, 5198
0.4633, 5197
0.4640, 5196
0.4646, 5195
0.4655, 5194
0.4660, 5193
0.4666, 5192
0.4672, 5191
0.4677, 5190
0.4685, 5189
0.4690, 5188
0.4696, 5187
0.4702, 5186
0.4708, 5185
0.4714, 5184
0.4720, 5183
0.4728, 5182
0.4735, 5181
0.4743, 5180
0.4752, 5179
0.4758, 5178
0.4766, 5177
0.4773, 5176
0.4779, 5175
0.4788, 5174
0.4795, 5173
0.4803, 5172
0.4808, 5171
0.4815, 5170
0.4820, 5169
0.4828, 5168
0.4834, 5167
0.4840, 5166
0.4846, 5165
0.4855, 5164
0.4860, 5163
0.4867, 5162
0.4874, 5161
0.4884, 5160
0.4891, 5159
0.4899, 5158
0.4905, 5157
0.4911, 5156
0.4916, 5155
0.4923, 5154
0.4930, 5153
0.4938, 5152
0.4945, 5151
0.4951, 5150
0.4958, 5149
0.4964, 5148
0.4971, 5147
0.4976, 5146
0.4981, 5145
0.4986, 5144
0.4993, 5143
0.4999, 5142
0.5004, 5141
0.5010, 5140
0.5016, 5139
0.5022, 5138
0.5028, 5137
0.5036, 5136
0.5043, 5135
0.5050, 5134
0.5056, 5133
0.5062, 5132
0.5067, 5131
0.5074, 5130
0.5081, 5129
0.5088, 5128
0.5094, 5127
0.5102, 5126
0.5109, 5125
0.5115, 5124
0.5121, 5123
0.5127, 5122
0.5132, 5121
0.5140, 5120
0.5145, 5119
0.5150, 5118
0.5155, 5117
0.5161, 5116
0.5166, 5115
0.5172, 5114
0.5181, 5113
0.5188, 5112
0.5196, 5111
0.5204, 5110
0.5209, 5109
0.5215, 5108
0.5220, 5107
0.5225, 5106
0.5232, 5105
0.5238, 5104
0.5245, 5103
0.5252, 5102
0.5258, 5101
0.5268, 5100
0.5274, 5099
0.5281, 5098
0.5289, 5097
0.5295, 5096
0.5302, 5095
0.5308, 5094
0.5313, 5093
0.5320, 5092
0.5326, 5091
0.5333, 5090
0.5338, 5089
0.5345, 5088
0.5353, 5087
0.5362, 5086
0.5368, 5085
0.5374, 5084
0.5380, 5083
0.5387, 5082
0.5394, 5081
0.5399, 5080
0.5406, 5079
0.5412, 5078
0.5417, 5077
0.5424, 5076
0.5429, 5075
0.5436, 5074
0.5443, 5073
0.5450, 5072
0.5456, 5071
0.5461, 5070
0.5466, 5069
0.5474, 5068
0.5483, 5067
0.5490, 5066
0.5497, 5065
0.5504, 5064
0.5514, 5063
0.5521, 5062
0.5528, 5061
0.5533, 5060
0.5541, 5059
0.5547, 5058
0.5552, 5057
0.5558, 5056
0.5563, 5055
0.5570, 5054
0.5577, 5053
0.5584, 5052
0.5590, 5051
0.5595, 5050
0.5600, 5049
0.5607, 5048
0.5614, 5047
0.5620, 5046
0.5631, 5045
0.5637, 5044
0.5643, 5043
0.5649, 5042
0.5654, 5041
0.5663, 5040
0.5668, 5039
0.5675, 5038
0.5683, 5037
0.5688, 5036
0.5693, 5035
0.5701, 5034
0.5708, 5033
0.5715, 5032
0.5721, 5031
0.5731, 5030
0.5737, 5029
0.5745, 5028
0.5751, 5027
0.5757, 5026
0.5764, 5025
0.5770, 5024
0.5776, 5023
0.5782, 5022
0.5788, 5021
0.5796, 5020
0.5806, 5019
0.5815, 5018
0.5820, 5017
0.5825, 5016
0.5831, 5015
0.5840, 5014
0.5846, 5013
0.5854, 5012
0.5861, 5011
0.5867, 5010
0.5874, 5009
0.5880, 5008
0.5886, 5007
0.5892, 5006
0.5901, 5005
0.5906, 5004
0.5914, 5003
0.5920, 5002
0.5926, 5001
0.5935, 5000
0.5941, 4999
0.5949, 4998
0.5955, 4997
0.5961, 4996
0.5968, 4995
0.5973, 4994
0.5979, 4993
0.5986, 4992
0.5991, 4991
0.5999, 4990
0.6006, 4989
0.6016, 4988
0.6023, 4987
0.6029, 4986
0.6035, 4985
0.6042, 4984
0.6049, 4983
0.6055, 4982
0.6062, 4981
0.6070, 4980
0.6079, 4979
0.6084, 4978
0.6090, 4977
0.6097, 4976
0.6106, 4975
0.6116, 4974
0.6121, 4973
0.6127, 4972
0.6134, 4971
0.6141, 4970
0.6146, 4969
0.6154, 4968
0.6161, 4967
0.6167, 4966
0.6175, 4965
0.6180, 4964
0.6185, 4963
0.6191, 4962
0.6198, 4961
0.6205, 4960
0.6210, 4959
0.6216, 4958
0.6221, 4957
0.6226, 4956
0.6234, 4955
0.6239, 4954
0.6245, 4953
0.6251, 4952
0.6258, 4951
0.6267, 4950
0.6275, 4949
0.6286, 4948
0.6292, 4947
0.6298, 4946
0.6306, 4945
0.6311, 4944
0.6317, 4943
0.6322, 4942
0.6328, 4941
0.6333, 4940
0.6338, 4939
0.6345, 4938
0.6350, 4937
0.6356, 4936
0.6362, 4935
0.6372, 4934
0.6380, 4933
0.6385, 4932
0.6391, 4931
0.6397, 4930
0.6403, 4929
0.6409, 4928
0.6414, 4927
0.6421, 4926
0.6428, 4925
0.6434, 4924
0.6440, 4923
0.6448, 4922
0.6454, 4921
0.6459, 4920
0.6466, 4919
0.6474, 4918
0.6483, 4917
0.6488, 4916
0.6497, 4915
0.6502, 4914
0.6507, 4913
0.6512, 4912
0.6517, 4911
0.6522, 4910
0.6527, 4909
0.6536, 4908
0.6541, 4907
0.6547, 4906
0.6553, 4905
0.6558, 4904
0.6563, 4903
0.6568, 4902
0.6575, 4901
0.6580, 4900
0.6589, 4899
0.6596, 4898
0.6601, 4897
0.6607, 4896
0.6612, 4895
0.6618, 4894
0.6624, 4893
0.6629, 4892
0.6638, 4891
0.6645, 4890
0.6652, 4889
0.6657, 4888
0.6663, 4887
0.6668, 4886
0.6674, 4885
0.6679, 4884
0.6685, 4883
0.6690, 4882
0.6696, 4881
0.6702, 4880
0.6708, 4879
0.6717, 4878
0.6722, 4877
0.6727, 4876
0.6734, 4875
0.6740, 4874
0.6745, 4873
0.6750, 4872
0.6758, 4871
0.6765, 4870
0.6773, 4869
0.6781, 4868
0.6786, 4867
0.6791, 4866
0.6796, 4865
0.6805, 4864
0.6813, 4863
0.6819, 4862
0.6824, 4861
0.6831, 4860
0.6838, 4859
0.6845, 4858
0.6851, 4857
0.6858, 4856
0.6866, 4855
0.6872, 4854
0.6882, 4853
0.6888, 4852
0.6893, 4851
0.6899, 4850
0.6907, 4849
0.6914, 4848
0.6921, 4847
0.6926, 4846
0.6931, 4845
0.6938, 4844
0.6943, 4843
0.6949, 4842
0.6953, 4841
0.6960, 4840
0.6967, 4839
0.6976, 4838
0.6983, 4837
0.6990, 4836
0.6995, 4835
0.7000, 4834
0.7006, 4833
0.7012, 4832
0.7017, 4831
0.7026, 4830
0.7032, 4829
0.7038, 4828
0.7044, 4827
0.7053, 4826
0.7061, 4825
0.7066, 4824
0.7073, 4823
0.7078, 4822
0.7084, 4821
0.7090, 4820
0.7095, 4819
0.7101, 4818
0.7106, 4817
0.7111, 4816
0.7116, 4815
0.7121, 4814
0.7130, 4813
0.7139, 4812
0.7145, 4811
0.7150, 4810
0.7159, 4809
0.7164, 4808
0.7168, 4807
0.7173, 4806
0.7178, 4805
0.7187, 4804
0.7195, 4803
0.7200, 4802
0.7205, 4801
0.7212, 4800
0.7218, 4799
0.7223, 4798
0.7228, 4797
0.7234, 4796
0.7240, 4795
0.7246, 4794
0.7253, 4793
0.7258, 4792
0.7265, 4791
0.7270, 4790
0.7278, 4789
0.7283, 4788
0.7290, 4787
0.7295, 4786
0.7300, 4785
0.7306, 4784
0.7311, 4783
0.7318, 4782
0.7323, 4781
0.7331, 4780
0.7339, 4779
0.7344, 4778
0.7352, 4777
0.7357, 4776
0.7363, 4775
0.7367, 4774
0.7377, 4773
0.7383, 4772
0.7390, 4771
0.7395, 4770
0.7400, 4769
0.7409, 4768
0.7415, 4767
0.7419, 4766
0.7425, 4765
0.7434, 4764
0.7442, 4763
0.7448, 4762
0.7454, 4761
0.7459, 4760
0.7464, 4759
0.7475, 4758
0.7481, 4757
0.7486, 4756
0.7494, 4755
0.7499, 4754
0.7505, 4753
0.7510, 4752
0.7515, 4751
0.7522, 4750
0.7528, 4749
0.7533, 4748
0.7538, 4747
0.7547, 4746
0.7553, 4745
0.7560, 4744
0.7567, 4743
0.7576, 4742
0.7583, 4741
0.7589, 4740
0.7594, 4739
0.7599, 4738
0.7604, 4737
0.7611, 4736
0.7619, 4735
0.7624, 4734
0.7630, 4733
0.7635, 4732
0.7640, 4731
0.7648, 4730
0.7653, 4729
0.7657, 4728
0.7663, 4727
0.7671, 4726
0.7678, 4725
0.7686, 4724
0.7695, 4723
0.7700, 4722
0.7707, 4721
0.7715, 4720
0.7720, 4719
0.7725, 4718
0.7730, 4717
0.7738, 4716
0.7746, 4715
0.7753, 4714
0.7761, 4713
0.7766, 4712
0.7774, 4711
0.7782, 4710
0.7791, 4709
0.7798, 4708
0.7806, 4707
0.7812, 4706
0.7820, 4705
0.7826, 4704
0.7834, 4703
0.7842, 4702
0.7852, 4701
0.7859, 4700
0.7868, 4699
0.7876, 4698
0.7883, 4697
0.7889, 4696
0.7898, 4695
0.7905, 4694
0.7914, 4693
0.7922, 4692
0.7932, 4691
0.7941, 4690
0.9558, 4689
1.1904, 4688
1.2297, 4687
1.3086, 4686
1.5995, 4685
1.6390, 4684
1.6978, 4683
1.8149, 4682
1.9530, 4681
2.1483, 4680
2.2069, 4679
2.3239, 4678
2.3634, 4677
2.5591, 4676
2.8551, 4675
2.8559, 4674
2.9749, 4673
3.1517, 4672
3.1524, 4671
3.2317, 4670
3.3305, 4669
3.3707, 4668
3.4498, 4667
3.5681, 4666
3.5689, 4665
3.6471, 4664
3.6477, 4663
4.0590, 4662
4.1760, 4661
4.6249, 4660
4.6643, 4659
4.8409, 4658
4.9002, 4657
4.9988, 4656
5.2528, 4655
5.7205, 4654
5.7213, 4653
5.7218, 4652
6.2869, 4651
6.4045, 4650
6.5423, 4649
7.1648, 4648
7.2434, 4647
7.3799, 4646
7.6341, 4645
7.7126, 4644
7.7131, 4643
7.7137, 4642
7.7529, 4641
8.2013, 4640
8.3194, 4639
8.3786, 4638
8.5743, 4637
8.6731, 4636
8.9864, 4635
9.1432, 4634
9.2421, 4633
9.5738, 4632
9.6913, 4631
9.8685, 4630
9.9663, 4629
