0.0000, 5900
0.0006, 5899
0.0013, 5898
0.0020, 5897
0.0030, 5896
0.0038, 5895
0.0045, 5894
0.0052, 5893
0.0061, 5892
0.0067, 5891
0.0076, 5890
0.0081, 5889
0.0087, 5888
0.0093, 5887
0.0102, 5886
0.0112, 5885
0.0119, 5884
0.0132, 5883
0.0139, 5882
0.0151, 5881
0.0156, 5880
0.0166, 5879
0.0175, 5878
0.0185, 5877
0.0191, 5876
0.0197, 5875
0.0202, 5874
0.0209, 5873
0.0221, 5872
0.0226, 5871
0.0232, 5870
0.0237, 5869
0.0245, 5868
0.0250, 5867
0.0256, 5866
0.0262, 5865
0.0271, 5864
0.0279, 5863
0.0286, 5862
0.0291, 5861
0.0298, 5860
0.0305, 5859
0.0310, 5858
0.0316, 5857
0.0322, 5856
0.0329, 5855
0.0334, 5854
0.0340, 5853
0.0346, 5852
0.0357, 5851
0.0366, 5850
0.0372, 5849
0.0377, 5848
0.0384, 5847
0.0391, 5846
0.0396, 5845
0.0404, 5844
0.0410, 5843
0.0415, 5842
0.0421, 5841
0.0429, 5840
0.0436, 5839
0.0442, 5838
0.0448, 5837
0.0455, 5836
0.0461, 5835
0.0468, 5834
0.0474, 5833
0.0481, 5832
0.0487, 5831
0.0493, 5830
0.0502, 5829
0.0508, 5828
0.0513, 5827
0.0520, 5826
0.0529, 5825
0.0535, 5824
0.0541, 5823
0.0549, 5822
0.0555, 5821
0.0561, 5820
0.0567, 5819
0.0573, 5818
0.0578, 5817
0.0588, 5816
0.0594, 5815
0.0605, 5814
0.0615, 5813
0.0622, 5812
0.0628, 5811
0.0638, 5810
0.0645, 5809
0.0652, 5808
0.0659, 5807
0.0664, 5806
0.0673, 5805
0.0679, 5804
0.0685, 5803
0.0691, 5802
0.0696, 5801
0.0702, 5800
0.0712, 5799
0.0718, 5798
0.0725, 5797
0.0731, 5796
0.0738, 5795
0.0743, 5794
0.0752, 5793
0.0757, 5792
0.0763, 5791
0.0769, 5790
0.0775, 5789
0.0780, 5788
0.0787, 5787
0.0792, 5786
0.0805, 5785
0.0816, 5784
0.0826, 5783
0.0831, 5782
0.0837, 5781
0.0843, 5780
0.0850, 5779
0.0859, 5778
0.0865, 5777
0.0874, 5776
0.0881, 5775
0.0887, 5774
0.0894, 5773
0.0906, 5772
0.0912, 5771
0.0924, 5770
0.0930, 5769
0.0936, 5768
0.0944, 5767
0.0950, 5766
0.0957, 5765
0.0965, 5764
0.0971, 5763
0.0977, 5762
0.0983, 5761
0.0989, 5760
0.0999, 5759
0.1005, 5758
0.1010, 5757
0.1016, 5756
0.1021, 5755
0.1027, 5754
0.1036, 5753
0.1043, 5752
0.1049, 5751
0.1055, 5750
0.1060, 5749
0.1069, 5748
0.1075, 5747
0.1081, 5746
0.1090, 5745
0.1101, 5744
0.1107, 5743
0.1113, 5742
0.1119, 5741
0.1130, 5740
0.1136, 5739
0.1142, 5738
0.1148, 5737
0.1154, 5736
0.1160, 5735
0.1166, 5734
0.1172, 5733
0.1178, 5732
0.1184, 5731
0.1190, 5730
0.1196, 5729
0.1202, 5728
0.1208, 5727
0.1213, 5726
0.1220, 5725
0.1228, 5724
0.1235, 5723
0.1246, 5722
0.1253, 5721
0.1259, 5720
0.1266, 5719
0.1275, 5718
0.1285, 5717
0.1293, 5716
0.1303, 5715
0.1314, 5714
0.1320, 5713
0.1326, 5712
0.1332, 5711
0.1338, 5710
0.1344, 5709
0.1353, 5708
0.1361, 5707
0.1368, 5706
0.1374, 5705
0.1380, 5704
0.1386, 5703
0.1391, 5702
0.1398, 5701
0.1405, 5700
0.1415, 5699
0.1421, 5698
0.1426, 5697
0.1432, 5696
0.1444, 5695
0.1452, 5694
0.1458, 5693
0.1465, 5692
0.1471, 5691
0.1476, 5690
0.1482, 5689
0.1489, 5688
0.1495, 5687
0.1501, 5686
0.1511, 5685
0.1518, 5684
0.1524, 5683
0.1531, 5682
0.1537, 5681
0.1544, 5680
0.1551, 5679
0.1557, 5678
0.1563, 5677
0.1570, 5676
0.1576, 5675
0.1582, 5674
0.1588, 5673
0.1594, 5672
0.1600, 5671
0.1606, 5670
0.1613, 5669
0.1619, 5668
0.1626, 5667
0.1632, 5666
0.1638, 5665
0.1644, 5664
0.1650, 5663
0.1656, 5662
0.1667, 5661
0.1673, 5660
0.1682, 5659
0.1688, 5658
0.1700, 5657
0.1710, 5656
0.1720, 5655
0.1727, 5654
0.1735, 5653
0.1742, 5652
0.1748, 5651
0.1755, 5650
0.1761, 5649
0.1767, 5648
0.1775, 5647
0.1781, 5646
0.1787, 5645
0.1795, 5644
0.1801, 5643
0.1808, 5642
0.1814, 5641
0.1821, 5640
0.1829, 5639
0.1838, 5638
0.1844, 5637
0.1851, 5636
0.1858, 5635
0.1869, 5634
0.1876, 5633
0.1887, 5632
0.1895, 5631
0.1902, 5630
0.1912, 5629
0.1921, 5628
0.1927, 5627
0.1939, 5626
0.1947, 5625
0.1954, 5624
0.1963, 5623
0.1970, 5622
0.1977, 5621
0.1984, 5620
0.1991, 5619
0.2001, 5618
0.2007, 5617
0.2014, 5616
0.2020, 5615
0.2027, 5614
0.2037, 5613
0.2043, 5612
0.2048, 5611
0.2055, 5610
0.2063, 5609
0.2070, 5608
0.2076, 5607
0.2082, 5606
0.2088, 5605
0.2095, 5604
0.2101, 5603
0.2107, 5602
0.2113, 5601
0.2119, 5600
0.2124, 5599
0.2130, 5598
0.2136, 5597
0.2142, 5596
0.2148, 5595
0.2157, 5594
0.2164, 5593
0.2173, 5592
0.2180, 5591
0.2188, 5590
0.2196, 5589
0.2206, 5588
0.2213, 5587
0.2219, 5586
0.2225, 5585
0.2233, 5584
0.2243, 5583
0.2250, 5582
0.2257, 5581
0.2263, 5580
0.2269, 5579
0.2276, 5578
0.2283, 5577
0.2294, 5576
0.2301, 5575
0.2307, 5574
0.2314, 5573
0.2321, 5572
0.2326, 5571
0.2334, 5570
0.2343, 5569
0.2350, 5568
0.2359, 5567
0.2365, 5566
0.2371, 5565
0.2378, 5564
0.2385, 5563
0.2397, 5562
0.2404, 5561
0.2410, 5560
0.2416, 5559
0.2422, 5558
0.2428, 5557
0.2438, 5556
0.2444, 5555
0.2451, 5554
0.2457, 5553
0.2466, 5552
0.2473, 5551
0.2479, 5550
0.2486, 5549
0.2493, 5548
0.2500, 5547
0.2507, 5546
0.2513, 5545
0.2519, 5544
0.2525, 5543
0.2531, 5542
0.2538, 5541
0.2545, 5540
0.2551, 5539
0.2556, 5538
0.2563, 5537
0.2569, 5536
0.2575, 5535
0.2582, 5534
0.2591, 5533
0.2597, 5532
0.2603, 5531
0.2609, 5530
0.2616, 5529
0.2622, 5528
0.2628, 5527
0.2634, 5526
0.2642, 5525
0.2649, 5524
0.2657, 5523
0.2666, 5522
0.2676, 5521
0.2686, 5520
0.2693, 5519
0.2700, 5518
0.2706, 5517
0.2713, 5516
0.2719, 5515
0.2728, 5514
0.2734, 5513
0.2740, 5512
0.2747, 5511
0.2753, 5510
0.2759, 5509
0.2765, 5508
0.2772, 5507
0.2780, 5506
0.2785, 5505
0.2791, 5504
0.2798, 5503
0.2807, 5502
0.2813, 5501
0.2820, 5500
0.2826, 5499
0.2836, 5498
0.2843, 5497
0.2850, 5496
0.2856, 5495
0.2863, 5494
0.2870, 5493
0.2877, 5492
0.2883, 5491
0.2893, 5490
0.2902, 5489
0.2908, 5488
0.2914, 5487
0.2920, 5486
0.2926, 5485
0.2936, 5484
0.2942, 5483
0.2948, 5482
0.2958, 5481
0.2964, 5480
0.2970, 5479
0.2976, 5478
0.2982, 5477
0.2989, 5476
0.2996, 5475
0.3001, 5474
0.3010, 5473
0.3016, 5472
0.3023, 5471
0.3030, 5470
0.3036, 5469
0.3042, 5468
0.3049, 5467
0.3055, 5466
0.3065, 5465
0.3071, 5464
0.3077, 5463
0.3083, 5462
0.3090, 5461
0.3096, 5460
0.3103, 5459
0.3110, 5458
0.3116, 5457
0.3122, 5456
0.3131, 5455
0.3139, 5454
0.3145, 5453
0.3152, 5452
0.3158, 5451
0.3166, 5450
0.3172, 5449
0.3180, 5448
0.3186, 5447
0.3192, 5446
0.3199, 5445
0.3205, 5444
0.3215, 5443
0.3222, 5442
0.3228, 5441
0.3234, 5440
0.3241, 5439
0.3248, 5438
0.3258, 5437
0.3265, 5436
0.3272, 5435
0.3279, 5434
0.3285, 5433
0.3292, 5432
0.3302, 5431
0.3309, 5430
0.3314, 5429
0.3321, 5428
0.3327, 5427
0.3334, 5426
0.3344, 5425
0.3350, 5424
0.3357, 5423
0.3364, 5422
0.3372, 5421
0.3379, 5420
0.3389, 5419
0.3395, 5418
0.3401, 5417
0.3412, 5416
0.3417, 5415
0.3425, 5414
0.3431, 5413
0.3437, 5412
0.3444, 5411
0.3449, 5410
0.3455, 5409
0.3461, 5408
0.3467, 5407
0.3474, 5406
0.3482, 5405
0.3491, 5404
0.3499, 5403
0.3507, 5402
0.3513, 5401
0.3519, 5400
0.3527, 5399
0.3536, 5398
0.3544, 5397
0.3550, 5396
0.3557, 5395
0.3566, 5394
0.3574, 5393
0.3581, 5392
0.3589, 5391
0.3594, 5390
0.3600, 5389
0.3607, 5388
0.3613, 5387
0.3620, 5386
0.3629, 5385
0.3634, 5384
0.3642, 5383
0.3649, 5382
0.3657, 5381
0.3663, 5380
0.3669, 5379
0.3675, 5378
0.3683, 5377
0.3690, 5376
0.3696, 5375
0.3703, 5374
0.3710, 5373
0.3717, 5372
0.3722, 5371
0.3730, 5370
0.3737, 5369
0.3744, 5368
0.3752, 5367
0.3758, 5366
0.3766, 5365
0.3772, 5364
0.3780, 5363
0.3790, 5362
0.3796, 5361
0.3804, 5360
0.3811, 5359
0.3818, 5358
0.3825, 5357
0.3836, 5356
0.3842, 5355
0.3849, 5354
0.3856, 5353
0.3863, 5352
0.3869, 5351
0.3878, 5350
0.3885, 5349
0.3891, 5348
0.3897, 5347
0.3904, 5346
0.3913, 5345
0.3922, 5344
0.3928, 5343
0.3935, 5342
0.3942, 5341
0.3948, 5340
0.3954, 5339
0.3960, 5338
0.3967, 5337
0.3973, 5336
0.3980, 5335
0.3986, 5334
0.3994, 5333
0.4003, 5332
0.4013, 5331
0.4019, 5330
0.4025, 5329
0.4031, 5328
0.4038, 5327
0.4044, 5326
0.4051, 5325
0.4056, 5324
0.4063, 5323
0.4074, 5322
0.4083, 5321
0.4093, 5320
0.4101, 5319
0.4108, 5318
0.4114, 5317
0.4119, 5316
0.4128, 5315
0.4135, 5314
0.4142, 5313
0.4149, 5312
0.4157, 5311
0.4165, 5310
0.4170, 5309
0.4177, 5308
0.4187, 5307
0.4194, 5306
0.4201, 5305
0.4207, 5304
0.4213, 5303
0.4220, 5302
0.4226, 5301
0.4232, 5300
0.4239, 5299
0.4245, 5298
0.4251, 5297
0.4257, 5296
0.4265, 5295
0.4272, 5294
0.4278, 5293
0.4284, 5292
0.4293, 5291
0.4300, 5290
0.4307, 5289
0.4316, 5288
0.4323, 5287
0.4329, 5286
0.4336, 5285
0.4341, 5284
0.4349, 5283
0.4355, 5282
0.4361, 5281
0.4367, 5280
0.4373, 5279
0.4379, 5278
0.4385, 5277
0.4392, 5276
0.4399, 5275
0.4406, 5274
0.4415, 5273
0.4421, 5272
0.4427, 5271
0.4433, 5270
0.4440, 5269
0.4447, 5268
0.4453, 5267
0.4458, 5266
0.4465, 5265
0.4473, 5264
0.4480, 5263
0.4486, 5262
0.4493, 5261
0.4499, 5260
0.4507, 5259
0.4513, 5258
0.4519, 5257
0.4527, 5256
0.4534, 5255
0.4541, 5254
0.4551, 5253
0.4559, 5252
0.4567, 5251
0.4578, 5250
0.4584, 5249
0.4590, 5248
0.4596, 5247
0.4604, 5246
0.4610, 5245
0.4617, 5244
0.4624, 5243
0.4630, 5242
0.4635, 5241
0.4642, 5240
0.4648, 5239
0.4654, 5238
0.4661, 5237
0.4670, 5236
0.4676, 5235
0.4682, 5234
0.4689, 5233
0.4695, 5232
0.4703, 5231
0.4709, 5230
0.4715, 5229
0.4721, 5228
0.4728, 5227
0.4737, 5226
0.4743, 5225
0.4748, 5224
0.4759, 5223
0.4768, 5222
0.4775, 5221
0.4783, 5220
0.4791, 5219
0.4797, 5218
0.4803, 5217
0.4810, 5216
0.4817, 5215
0.4825, 5214
0.4831, 5213
0.4839, 5212
0.4847, 5211
0.4855, 5210
0.4864, 5209
0.4870, 5208
0.4877, 5207
0.4886, 5206
0.4894, 5205
0.4900, 5204
0.4909, 5203
0.4916, 5202
0.4923, 5201
0.4930, 5200
0.4937, 5199
0.4945, 5198
0.4952, 5197
0.4959, 5196
0.4966, 5195
0.4975, 5194
0.4981, 5193
0.4987, 5192
0.4993, 5191
0.5000, 5190
0.5007, 5189
0.5013, 5188
0.5019, 5187
0.5025, 5186
0.5032, 5185
0.5039, 5184
0.5045, 5183
0.5053, 5182
0.5061, 5181
0.5069, 5180
0.5079, 5179
0.5085, 5178
0.5094, 5177
0.5101, 5176
0.5108, 5175
0.5117, 5174
0.5125, 5173
0.5133, 5172
0.5139, 5171
0.5146, 5170
0.5151, 5169
0.5160, 5168
0.5166, 5167
0.5172, 5166
0.5179, 5165
0.5188, 5164
0.5194, 5163
0.5201, 5162
0.5209, 5161
0.5219, 5160
0.5227, 5159
0.5235, 5158
0.5242, 5157
0.5248, 5156
0.5254, 5155
0.5261, 5154
0.5269, 5153
0.5278, 5152
0.5285, 5151
0.5291, 5150
0.5299, 5149
0.5305, 5148
0.5312, 5147
0.5318, 5146
0.5324, 5145
0.5329, 5144
0.5337, 5143
0.5343, 5142
0.5349, 5141
0.5354, 5140
0.5361, 5139
0.5367, 5138
0.5374, 5137
0.5383, 5136
0.5389, 5135
0.5397, 5134
0.5403, 5133
0.5409, 5132
0.5415, 5131
0.5423, 5130
0.5430, 5129
0.5438, 5128
0.5444, 5127
0.5452, 5126
0.5460, 5125
0.5467, 5124
0.5472, 5123
0.5479, 5122
0.5484, 5121
0.5492, 5120
0.5498, 5119
0.5504, 5118
0.5510, 5117
0.5515, 5116
0.5521, 5115
0.5527, 5114
0.5536, 5113
0.5544, 5112
0.5551, 5111
0.5560, 5110
0.5566, 5109
0.5572, 5108
0.5578, 5107
0.5584, 5106
0.5591, 5105
0.5597, 5104
0.5605, 5103
0.5613, 5102
0.5619, 5101
0.5628, 5100
0.5635, 5099
0.5643, 5098
0.5651, 5097
0.5657, 5096
0.5665, 5095
0.5671, 5094
0.5677, 5093
0.5684, 5092
0.5691, 5091
0.5698, 5090
0.5704, 5089
0.5711, 5088
0.5719, 5087
0.5729, 5086
0.5735, 5085
0.5741, 5084
0.5748, 5083
0.5755, 5082
0.5762, 5081
0.5768, 5080
0.5775, 5079
0.5781, 5078
0.5787, 5077
0.5794, 5076
0.5800, 5075
0.5808, 5074
0.5816, 5073
0.5823, 5072
0.5829, 5071
0.5835, 5070
0.5841, 5069
0.5849, 5068
0.5859, 5067
0.5865, 5066
0.5873, 5065
0.5881, 5064
0.5892, 5063
0.5898, 5062
0.5906, 5061
0.5911, 5060
0.5920, 5059
0.5926, 5058
0.5932, 5057
0.5938, 5056
0.5944, 5055
0.5951, 5054
0.5958, 5053
0.5965, 5052
0.5972, 5051
0.5977, 5050
0.5984, 5049
0.5990, 5048
0.5999, 5047
0.6005, 5046
0.6016, 5045
0.6022, 5044
0.6029, 5043
0.6035, 5042
0.6041, 5041
0.6051, 5040
0.6057, 5039
0.6063, 5038
0.6072, 5037
0.6078, 5036
0.6084, 5035
0.6092, 5034
0.6099, 5033
0.6106, 5032
0.6113, 5031
0.6123, 5030
0.6129, 5029
0.6139, 5028
0.6144, 5027
0.6152, 5026
0.6158, 5025
0.6165, 5024
0.6172, 5023
0.6178, 5022
0.6184, 5021
0.6192, 5020
0.6202, 5019
0.6212, 5018
0.6218, 5017
0.6223, 5016
0.6229, 5015
0.6239, 5014
0.6246, 5013
0.6253, 5012
0.6261, 5011
0.6267, 5010
0.6275, 5009
0.6281, 5008
0.6287, 5007
0.6293, 5006
0.6302, 5005
0.6308, 5004
0.6317, 5003
0.6323, 5002
0.6329, 5001
0.6339, 5000
0.6345, 4999
0.6354, 4998
0.6361, 4997
0.6367, 4996
0.6374, 4995
0.6379, 4994
0.6386, 4993
0.6394, 4992
0.6400, 4991
0.6407, 4990
0.6415, 4989
0.6425, 4988
0.6433, 4987
0.6439, 4986
0.6446, 4985
0.6452, 4984
0.6460, 4983
0.6467, 4982
0.6474, 4981
0.6482, 4980
0.6492, 4979
0.6497, 4978
0.6503, 4977
0.6511, 4976
0.6521, 4975
0.6531, 4974
0.6537, 4973
0.6543, 4972
0.6550, 4971
0.6558, 4970
0.6563, 4969
0.6571, 4968
0.6579, 4967
0.6586, 4966
0.6593, 4965
0.6599, 4964
0.6605, 4963
0.6611, 4962
0.6618, 4961
0.6626, 4960
0.6632, 4959
0.6638, 4958
0.6643, 4957
0.6650, 4956
0.6658, 4955
0.6663, 4954
0.6670, 4953
0.6676, 4952
0.6684, 4951
0.6694, 4950
0.6702, 4949
0.6714, 4948
0.6720, 4947
0.6727, 4946
0.6736, 4945
0.6741, 4944
0.6748, 4943
0.6753, 4942
0.6759, 4941
0.6766, 4940
0.6771, 4939
0.6778, 4938
0.6784, 4937
0.6791, 4936
0.6797, 4935
0.6807, 4934
0.6816, 4933
0.6822, 4932
0.6828, 4931
0.6834, 4930
0.6841, 4929
0.6848, 4928
0.6853, 4927
0.6861, 4926
0.6868, 4925
0.6875, 4924
0.6882, 4923
0.6890, 4922
0.6896, 4921
0.6902, 4920
0.6909, 4919
0.6919, 4918
0.6928, 4917
0.6933, 4916
0.6942, 4915
0.6948, 4914
0.6954, 4913
0.6960, 4912
0.6965, 4911
0.6971, 4910
0.6977, 4909
0.6986, 4908
0.6992, 4907
0.6998, 4906
0.7004, 4905
0.7010, 4904
0.7016, 4903
0.7022, 4902
0.7029, 4901
0.7034, 4900
0.7044, 4899
0.7052, 4898
0.7057, 4897
0.7063, 4896
0.7069, 4895
0.7076, 4894
0.7083, 4893
0.7088, 4892
0.7097, 4891
0.7105, 4890
0.7113, 4889
0.7119, 4888
0.7125, 4887
0.7131, 4886
0.7137, 4885
0.7143, 4884
0.7149, 4883
0.7155, 4882
0.7162, 4881
0.7168, 4880
0.7175, 4879
0.7184, 4878
0.7189, 4877
0.7195, 4876
0.7203, 4875
0.7209, 4874
0.7215, 4873
0.7221, 4872
0.7229, 4871
0.7237, 4870
0.7245, 4869
0.7254, 4868
0.7259, 4867
0.7265, 4866
0.7270, 4865
0.7280, 4864
0.7288, 4863
0.7295, 4862
0.7301, 4861
0.7308, 4860
0.7315, 4859
0.7324, 4858
0.7330, 4857
0.7337, 4856
0.7346, 4855
0.7352, 4854
0.7363, 4853
0.7369, 4852
0.7375, 4851
0.7382, 4850
0.7390, 4849
0.7397, 4848
0.7405, 4847
0.7410, 4846
0.7416, 4845
0.7424, 4844
0.7429, 4843
0.7435, 4842
0.7440, 4841
0.7447, 4840
0.7455, 4839
0.7464, 4838
0.7472, 4837
0.7479, 4836
0.7484, 4835
0.7490, 4834
0.7497, 4833
0.7503, 4832
0.7509, 4831
0.7519, 4830
0.7525, 4829
0.7531, 4828
0.7538, 4827
0.7548, 4826
0.7557, 4825
0.7562, 4824
0.7570, 4823
0.7575, 4822
0.7582, 4821
0.7588, 4820
0.7593, 4819
0.7600, 4818
0.7606, 4817
0.7612, 4816
0.7617, 4815
0.7623, 4814
0.7632, 4813
0.7642, 4812
0.7649, 4811
0.7655, 4810
0.7664, 4809
0.7669, 4808
0.7674, 4807
0.7680, 4806
0.7685, 4805
0.7695, 4804
0.7704, 4803
0.7709, 4802
0.7715, 4801
0.7722, 4800
0.7729, 4799
0.7735, 4798
0.7741, 4797
0.7747, 4796
0.7753, 4795
0.7760, 4794
0.7768, 4793
0.7773, 4792
0.7781, 4791
0.7787, 4790
0.7795, 4789
0.7801, 4788
0.7808, 4787
0.7814, 4786
0.7819, 4785
0.7825, 4784
0.7831, 4783
0.7838, 4782
0.7844, 4781
0.7853, 4780
0.7862, 4779
0.7867, 4778
0.7876, 4777
0.7881, 4776
0.7887, 4775
0.7892, 4774
0.7902, 4773
0.7908, 4772
0.7916, 4771
0.7922, 4770
0.7928, 4769
0.7937, 4768
0.7944, 4767
0.7949, 4766
0.7954, 4765
0.7964, 4764
0.7972, 4763
0.7979, 4762
0.7986, 4761
0.7991, 4760
0.7997, 4759
0.8009, 4758
0.8015, 4757
0.8021, 4756
0.8030, 4755
0.8036, 4754
0.8041, 4753
0.8047, 4752
0.8052, 4751
0.8061, 4750
0.8067, 4749
0.8072, 4748
0.8078, 4747
0.8088, 4746
0.8094, 4745
0.8102, 4744
0.8110, 4743
0.8119, 4742
0.8127, 4741
0.8133, 4740
0.8139, 4739
0.8144, 4738
0.8150, 4737
0.8157, 4736
0.8166, 4735
0.8171, 4734
0.8178, 4733
0.8183, 4732
0.8188, 4731
0.8197, 4730
0.8203, 4729
0.8208, 4728
0.8215, 4727
0.8223, 4726
0.8231, 4725
0.8239, 4724
0.8248, 4723
0.8253, 4722
0.8261, 4721
0.8270, 4720
0.8275, 4719
0.8281, 4718
0.8287, 4717
0.8294, 4716
0.8303, 4715
0.8311, 4714
0.8319, 4713
0.8324, 4712
0.8332, 4711
0.8340, 4710
0.8350, 4709
0.8357, 4708
0.8366, 4707
0.8372, 4706
0.8380, 4705
0.8387, 4704
0.8395, 4703
0.8404, 4702
0.8414, 4701
0.8422, 4700
0.8431, 4699
0.8439, 4698
0.8448, 4697
0.8454, 4696
0.8463, 4695
0.8471, 4694
0.8481, 4693
0.8489, 4692
0.8499, 4691
0.8508, 4690
1.0199, 4689
1.2659, 4688
1.3068, 4687
1.3886, 4686
1.7349, 4685
1.7354, 4684
1.8167, 4683
1.9180, 4682
2.0612, 4681
2.2654, 4680
2.3270, 4679
2.4689, 4678
2.5510, 4677
2.6938, 4676
2.9986, 4675
2.9995, 4674
3.1429, 4673
3.2851, 4672
3.2859, 4671
3.3892, 4670
3.4921, 4669
3.5736, 4668
3.6148, 4667
3.7362, 4666
3.8180, 4665
3.8186, 4664
3.8194, 4663
4.2694, 4662
4.3716, 4661
4.8403, 4660
4.8815, 4659
5.0256, 4658
5.0668, 4657
5.2104, 4656
5.4750, 4655
5.9227, 4654
6.0246, 4653
6.0252, 4652
6.5553, 4651
6.6780, 4650
6.8425, 4649
7.4926, 4648
7.5949, 4647
7.6972, 4646
7.9829, 4645
7.9835, 4644
8.0451, 4643
8.0458, 4642
8.1883, 4641
8.5934, 4640
8.6954, 4639
8.6960, 4638
9.0229, 4637
9.1045, 4636
9.4089, 4635
9.5315, 4634
9.5937, 4633
9.8793, 4632
