0.1415, 4688
0.1713, 4687
0.2020, 4685
0.2123, 4684
0.2424, 4683
0.2527, 4681
0.2630, 4680
0.3867, 4679
0.4100, 4678
0.4527, 4677
0.4870, 4675
0.5323, 4674
0.5958, 4673
0.6062, 4669
0.6716, 4666
0.6829, 4665
0.7359, 4663
0.7880, 4662
0.7992, 4658
0.8602, 4657
0.9526, 4656
0.9940, 4652
1.1320, 4651
1.1432, 4650
1.2015, 4649
1.2737, 4648
1.4287, 4647
1.5670, 4646
1.5978, 4644
1.7703, 4642
1.7908, 4638
1.9114, 4637
2.0427, 4635
2.1334, 4634
2.1544, 4632
2.1775, 4631
2.3043, 4630
2.3830, 4628
2.4452, 4627
2.4667, 4624
2.4772, 4623
2.5078, 4619
2.5182, 4618
2.5583, 4617
2.5887, 4615
2.6818, 4614
2.9171, 4613
3.0291, 4612
3.0500, 4611
3.0916, 4610
3.1621, 4609
3.1938, 4608
3.5465, 4607
3.6558, 4606
3.8614, 4605
4.0362, 4604
4.1384, 4603
4.1492, 4602
4.3608, 4600
4.5131, 4598
4.5342, 4597
4.9208, 4595
5.0052, 4594
5.0466, 4593
5.4264, 4592
5.4782, 4591
5.5510, 4589
5.5717, 4588
5.6330, 4586
5.8809, 4585
5.9221, 4584
6.0967, 4583
6.1778, 4582
7.9617, 4581
8.3775, 4580
8.3882, 4579
8.7582, 4578
8.7691, 4577
9.2090, 4575
9.5637, 4574
9.6043, 4573
9.9074, 4572
10.1311, 4570
