0.1081, 4688
0.1379, 4686
0.1486, 4684
0.1597, 4679
0.1708, 4672
0.1918, 4671
0.2839, 4669
0.3438, 4667
0.3543, 4664
0.4047, 4663
0.4630, 4661
0.5030, 4660
0.5231, 4659
0.5338, 4657
0.5951, 4655
0.6253, 4654
0.6654, 4653
0.6965, 4652
0.7068, 4651
0.7377, 4650
0.7682, 4649
0.7989, 4645
0.8405, 4642
0.8711, 4641
0.8820, 4640
0.8924, 4639
1.0547, 4638
1.0753, 4637
1.1419, 4636
1.2565, 4635
1.5840, 4632
1.5949, 4629
1.6254, 4627
1.7364, 4626
1.7467, 4625
1.7768, 4624
1.8171, 4623
1.8377, 4620
1.9695, 4619
2.0005, 4618
2.2293, 4617
2.2901, 4616
2.3205, 4615
2.4181, 4614
2.5355, 4613
2.7165, 4612
2.7676, 4611
2.7778, 4610
2.8084, 4609
2.8286, 4608
2.9103, 4607
3.0022, 4606
3.0938, 4605
3.1051, 4604
3.2888, 4603
3.2998, 4601
3.4920, 4600
3.5531, 4599
3.7257, 4598
3.8267, 4597
3.8472, 4595
4.2435, 4594
4.3152, 4593
4.3258, 4592
4.6207, 4591
4.6409, 4590
4.7220, 4589
4.7629, 4588
4.8033, 4587
5.0778, 4586
5.7558, 4585
5.8472, 4584
5.8883, 4583
5.8988, 4582
5.9721, 4581
6.2673, 4579
7.8011, 4578
8.1025, 4577
9.7653, 4575
9.9682, 4574
10.2232, 4573
