0.0000, 5900
0.0005, 5899
0.0012, 5898
0.0018, 5897
0.0028, 5896
0.0036, 5895
0.0043, 5894
0.0050, 5893
0.0058, 5892
0.0063, 5891
0.0072, 5890
0.0077, 5889
0.0082, 5888
0.0088, 5887
0.0097, 5886
0.0107, 5885
0.0113, 5884
0.0125, 5883
0.0132, 5882
0.0143, 5881
0.0148, 5880
0.0158, 5879
0.0167, 5878
0.0176, 5877
0.0181, 5876
0.0187, 5875
0.0192, 5874
0.0199, 5873
0.0210, 5872
0.0215, 5871
0.0220, 5870
0.0226, 5869
0.0233, 5868
0.0238, 5867
0.0243, 5866
0.0248, 5865
0.0257, 5864
0.0265, 5863
0.0271, 5862
0.0276, 5861
0.0283, 5860
0.0289, 5859
0.0294, 5858
0.0299, 5857
0.0305, 5856
0.0312, 5855
0.0317, 5854
0.0322, 5853
0.0327, 5852
0.0338, 5851
0.0347, 5850
0.0352, 5849
0.0358, 5848
0.0365, 5847
0.0371, 5846
0.0376, 5845
0.0384, 5844
0.0389, 5843
0.0394, 5842
0.0399, 5841
0.0407, 5840
0.0414, 5839
0.0419, 5838
0.0425, 5837
0.0431, 5836
0.0437, 5835
0.0444, 5834
0.0449, 5833
0.0456, 5832
0.0462, 5831
0.0467, 5830
0.0475, 5829
0.0481, 5828
0.0486, 5827
0.0492, 5826
0.0501, 5825
0.0506, 5824
0.0512, 5823
0.0521, 5822
0.0526, 5821
0.0531, 5820
0.0537, 5819
0.0542, 5818
0.0548, 5817
0.0557, 5816
0.0563, 5815
0.0573, 5814
0.0583, 5813
0.0590, 5812
0.0596, 5811
0.0605, 5810
0.0613, 5809
0.0619, 5808
0.0625, 5807
0.0630, 5806
0.0638, 5805
0.0644, 5804
0.0649, 5803
0.0655, 5802
0.0660, 5801
0.0665, 5800
0.0674, 5799
0.0680, 5798
0.0686, 5797
0.0692, 5796
0.0698, 5795
0.0704, 5794
0.0711, 5793
0.0717, 5792
0.0722, 5791
0.0728, 5790
0.0733, 5789
0.0738, 5788
0.0745, 5787
0.0750, 5786
0.0763, 5785
0.0773, 5784
0.0782, 5783
0.0787, 5782
0.0792, 5781
0.0797, 5780
0.0804, 5779
0.0812, 5778
0.0819, 5777
0.0827, 5776
0.0833, 5775
0.0840, 5774
0.0846, 5773
0.0858, 5772
0.0864, 5771
0.0875, 5770
0.0882, 5769
0.0887, 5768
0.0895, 5767
0.0900, 5766
0.0907, 5765
0.0915, 5764
0.0920, 5763
0.0926, 5762
0.0932, 5761
0.0937, 5760
0.0947, 5759
0.0953, 5758
0.0958, 5757
0.0963, 5756
0.0969, 5755
0.0974, 5754
0.0983, 5753
0.0989, 5752
0.0995, 5751
0.1001, 5750
0.1006, 5749
0.1015, 5748
0.1020, 5747
0.1025, 5746
0.1035, 5745
0.1046, 5744
0.1051, 5743
0.1057, 5742
0.1062, 5741
0.1072, 5740
0.1078, 5739
0.1084, 5738
0.1090, 5737
0.1095, 5736
0.1101, 5735
0.1107, 5734
0.1112, 5733
0.1118, 5732
0.1124, 5731
0.1130, 5730
0.1136, 5729
0.1141, 5728
0.1147, 5727
0.1153, 5726
0.1159, 5725
0.1166, 5724
0.1173, 5723
0.1183, 5722
0.1190, 5721
0.1195, 5720
0.1203, 5719
0.1211, 5718
0.1221, 5717
0.1229, 5716
0.1238, 5715
0.1248, 5714
0.1254, 5713
0.1260, 5712
0.1266, 5711
0.1272, 5710
0.1277, 5709
0.1286, 5708
0.1293, 5707
0.1300, 5706
0.1305, 5705
0.1311, 5704
0.1316, 5703
0.1322, 5702
0.1328, 5701
0.1334, 5700
0.1344, 5699
0.1350, 5698
0.1355, 5697
0.1360, 5696
0.1372, 5695
0.1379, 5694
0.1385, 5693
0.1391, 5692
0.1397, 5691
0.1402, 5690
0.1408, 5689
0.1414, 5688
0.1420, 5687
0.1426, 5686
0.1436, 5685
0.1441, 5684
0.1448, 5683
0.1454, 5682
0.1459, 5681
0.1465, 5680
0.1472, 5679
0.1478, 5678
0.1484, 5677
0.1490, 5676
0.1496, 5675
0.1502, 5674
0.1507, 5673
0.1513, 5672
0.1519, 5671
0.1524, 5670
0.1531, 5669
0.1536, 5668
0.1543, 5667
0.1548, 5666
0.1554, 5665
0.1560, 5664
0.1566, 5663
0.1572, 5662
0.1582, 5661
0.1587, 5660
0.1596, 5659
0.1602, 5658
0.1614, 5657
0.1624, 5656
0.1632, 5655
0.1639, 5654
0.1647, 5653
0.1653, 5652
0.1659, 5651
0.1665, 5650
0.1671, 5649
0.1676, 5648
0.1684, 5647
0.1690, 5646
0.1696, 5645
0.1703, 5644
0.1709, 5643
0.1715, 5642
0.1721, 5641
0.1728, 5640
0.1736, 5639
0.1745, 5638
0.1751, 5637
0.1757, 5636
0.1763, 5635
0.1774, 5634
0.1780, 5633
0.1791, 5632
0.1800, 5631
0.1805, 5630
0.1815, 5629
0.1824, 5628
0.1830, 5627
0.1841, 5626
0.1849, 5625
0.1856, 5624
0.1864, 5623
0.1870, 5622
0.1876, 5621
0.1884, 5620
0.1890, 5619
0.1900, 5618
0.1906, 5617
0.1912, 5616
0.1918, 5615
0.1925, 5614
0.1934, 5613
0.1940, 5612
0.1946, 5611
0.1952, 5610
0.1960, 5609
0.1966, 5608
0.1972, 5607
0.1978, 5606
0.1983, 5605
0.1990, 5604
0.1995, 5603
0.2001, 5602
0.2007, 5601
0.2012, 5600
0.2017, 5599
0.2023, 5598
0.2028, 5597
0.2034, 5596
0.2040, 5595
0.2048, 5594
0.2054, 5593
0.2064, 5592
0.2070, 5591
0.2078, 5590
0.2086, 5589
0.2094, 5588
0.2101, 5587
0.2107, 5586
0.2113, 5585
0.2120, 5584
0.2130, 5583
0.2136, 5582
0.2143, 5581
0.2149, 5580
0.2155, 5579
0.2162, 5578
0.2168, 5577
0.2178, 5576
0.2185, 5575
0.2191, 5574
0.2198, 5573
0.2204, 5572
0.2210, 5571
0.2217, 5570
0.2227, 5569
0.2232, 5568
0.2241, 5567
0.2247, 5566
0.2253, 5565
0.2259, 5564
0.2266, 5563
0.2278, 5562
0.2284, 5561
0.2290, 5560
0.2296, 5559
0.2302, 5558
0.2307, 5557
0.2317, 5556
0.2323, 5555
0.2329, 5554
0.2335, 5553
0.2344, 5552
0.2350, 5551
0.2357, 5550
0.2363, 5549
0.2369, 5548
0.2376, 5547
0.2383, 5546
0.2389, 5545
0.2394, 5544
0.2400, 5543
0.2405, 5542
0.2412, 5541
0.2419, 5540
0.2424, 5539
0.2430, 5538
0.2435, 5537
0.2441, 5536
0.2447, 5535
0.2454, 5534
0.2462, 5533
0.2468, 5532
0.2474, 5531
0.2479, 5530
0.2486, 5529
0.2491, 5528
0.2497, 5527
0.2502, 5526
0.2510, 5525
0.2516, 5524
0.2524, 5523
0.2532, 5522
0.2543, 5521
0.2552, 5520
0.2559, 5519
0.2566, 5518
0.2571, 5517
0.2578, 5516
0.2584, 5515
0.2592, 5514
0.2598, 5513
0.2604, 5512
0.2610, 5511
0.2616, 5510
0.2621, 5509
0.2627, 5508
0.2633, 5507
0.2641, 5506
0.2646, 5505
0.2652, 5504
0.2658, 5503
0.2668, 5502
0.2673, 5501
0.2679, 5500
0.2686, 5499
0.2695, 5498
0.2702, 5497
0.2708, 5496
0.2714, 5495
0.2721, 5494
0.2728, 5493
0.2734, 5492
0.2740, 5491
0.2749, 5490
0.2758, 5489
0.2763, 5488
0.2769, 5487
0.2774, 5486
0.2780, 5485
0.2789, 5484
0.2795, 5483
0.2801, 5482
0.2811, 5481
0.2817, 5480
0.2822, 5479
0.2828, 5478
0.2834, 5477
0.2840, 5476
0.2846, 5475
0.2852, 5474
0.2860, 5473
0.2866, 5472
0.2872, 5471
0.2878, 5470
0.2885, 5469
0.2890, 5468
0.2896, 5467
0.2902, 5466
0.2912, 5465
0.2918, 5464
0.2924, 5463
0.2929, 5462
0.2936, 5461
0.2941, 5460
0.2948, 5459
0.2954, 5458
0.2959, 5457
0.2966, 5456
0.2974, 5455
0.2981, 5454
0.2986, 5453
0.2993, 5452
0.2999, 5451
0.3007, 5450
0.3012, 5449
0.3019, 5448
0.3025, 5447
0.3031, 5446
0.3037, 5445
0.3043, 5444
0.3053, 5443
0.3059, 5442
0.3065, 5441
0.3071, 5440
0.3077, 5439
0.3084, 5438
0.3093, 5437
0.3101, 5436
0.3107, 5435
0.3113, 5434
0.3119, 5433
0.3125, 5432
0.3136, 5431
0.3141, 5430
0.3147, 5429
0.3153, 5428
0.3159, 5427
0.3166, 5426
0.3175, 5425
0.3181, 5424
0.3188, 5423
0.3195, 5422
0.3202, 5421
0.3209, 5420
0.3219, 5419
0.3224, 5418
0.3230, 5417
0.3240, 5416
0.3246, 5415
0.3253, 5414
0.3259, 5413
0.3265, 5412
0.3271, 5411
0.3276, 5410
0.3282, 5409
0.3287, 5408
0.3293, 5407
0.3300, 5406
0.3308, 5405
0.3316, 5404
0.3324, 5403
0.3332, 5402
0.3337, 5401
0.3343, 5400
0.3351, 5399
0.3360, 5398
0.3367, 5397
0.3373, 5396
0.3380, 5395
0.3388, 5394
0.3396, 5393
0.3403, 5392
0.3410, 5391
0.3416, 5390
0.3421, 5389
0.3428, 5388
0.3434, 5387
0.3440, 5386
0.3449, 5385
0.3454, 5384
0.3461, 5383
0.3468, 5382
0.3475, 5381
0.3482, 5380
0.3487, 5379
0.3493, 5378
0.3501, 5377
0.3507, 5376
0.3513, 5375
0.3520, 5374
0.3527, 5373
0.3533, 5372
0.3538, 5371
0.3546, 5370
0.3552, 5369
0.3560, 5368
0.3567, 5367
0.3572, 5366
0.3580, 5365
0.3587, 5364
0.3594, 5363
0.3604, 5362
0.3611, 5361
0.3618, 5360
0.3625, 5359
0.3632, 5358
0.3638, 5357
0.3650, 5356
0.3655, 5355
0.3662, 5354
0.3668, 5353
0.3675, 5352
0.3681, 5351
0.3690, 5350
0.3696, 5349
0.3702, 5348
0.3708, 5347
0.3714, 5346
0.3723, 5345
0.3732, 5344
0.3738, 5343
0.3745, 5342
0.3751, 5341
0.3757, 5340
0.3763, 5339
0.3769, 5338
0.3775, 5337
0.3781, 5336
0.3787, 5335
0.3794, 5334
0.3801, 5333
0.3810, 5332
0.3820, 5331
0.3826, 5330
0.3832, 5329
0.3837, 5328
0.3844, 5327
0.3850, 5326
0.3857, 5325
0.3862, 5324
0.3868, 5323
0.3879, 5322
0.3888, 5321
0.3898, 5320
0.3906, 5319
0.3912, 5318
0.3917, 5317
0.3923, 5316
0.3931, 5315
0.3938, 5314
0.3945, 5313
0.3951, 5312
0.3960, 5311
0.3967, 5310
0.3972, 5309
0.3979, 5308
0.3988, 5307
0.3995, 5306
0.4001, 5305
0.4007, 5304
0.4013, 5303
0.4019, 5302
0.4025, 5301
0.4031, 5300
0.4037, 5299
0.4043, 5298
0.4049, 5297
0.4055, 5296
0.4063, 5295
0.4070, 5294
0.4075, 5293
0.4081, 5292
0.4089, 5291
0.4096, 5290
0.4103, 5289
0.4112, 5288
0.4119, 5287
0.4124, 5286
0.4131, 5285
0.4136, 5284
0.4144, 5283
0.4150, 5282
0.4155, 5281
0.4161, 5280
0.4167, 5279
0.4172, 5278
0.4178, 5277
0.4185, 5276
0.4192, 5275
0.4199, 5274
0.4208, 5273
0.4214, 5272
0.4219, 5271
0.4225, 5270
0.4232, 5269
0.4239, 5268
0.4244, 5267
0.4250, 5266
0.4256, 5265
0.4264, 5264
0.4270, 5263
0.4277, 5262
0.4283, 5261
0.4289, 5260
0.4297, 5259
0.4302, 5258
0.4309, 5257
0.4316, 5256
0.4323, 5255
0.4330, 5254
0.4340, 5253
0.4348, 5252
0.4355, 5251
0.4366, 5250
0.4372, 5249
0.4377, 5248
0.4384, 5247
0.4391, 5246
0.4397, 5245
0.4403, 5244
0.4410, 5243
0.4416, 5242
0.4421, 5241
0.4428, 5240
0.4434, 5239
0.4439, 5238
0.4446, 5237
0.4455, 5236
0.4460, 5235
0.4467, 5234
0.4473, 5233
0.4479, 5232
0.4486, 5231
0.4492, 5230
0.4498, 5229
0.4504, 5228
0.4511, 5227
0.4519, 5226
0.4524, 5225
0.4530, 5224
0.4540, 5223
0.4548, 5222
0.4555, 5221
0.4563, 5220
0.4570, 5219
0.4576, 5218
0.4582, 5217
0.4588, 5216
0.4595, 5215
0.4603, 5214
0.4608, 5213
0.4616, 5212
0.4624, 5211
0.4631, 5210
0.4640, 5209
0.4646, 5208
0.4653, 5207
0.4661, 5206
0.4669, 5205
0.4675, 5204
0.4684, 5203
0.4690, 5202
0.4697, 5201
0.4704, 5200
0.4711, 5199
0.4718, 5198
0.4725, 5197
0.4732, 5196
0.4738, 5195
0.4747, 5194
0.4753, 5193
0.4758, 5192
0.4764, 5191
0.4770, 5190
0.4778, 5189
0.4783, 5188
0.4788, 5187
0.4795, 5186
0.4801, 5185
0.4807, 5184
0.4813, 5183
0.4821, 5182
0.4828, 5181
0.4836, 5180
0.4845, 5179
0.4851, 5178
0.4860, 5177
0.4867, 5176
0.4873, 5175
0.4882, 5174
0.4889, 5173
0.4897, 5172
0.4903, 5171
0.4909, 5170
0.4915, 5169
0.4923, 5168
0.4929, 5167
0.4935, 5166
0.4942, 5165
0.4950, 5164
0.4956, 5163
0.4963, 5162
0.4970, 5161
0.4980, 5160
0.4988, 5159
0.4995, 5158
0.5002, 5157
0.5008, 5156
0.5013, 5155
0.5020, 5154
0.5027, 5153
0.5036, 5152
0.5043, 5151
0.5049, 5150
0.5056, 5149
0.5062, 5148
0.5069, 5147
0.5074, 5146
0.5079, 5145
0.5085, 5144
0.5092, 5143
0.5098, 5142
0.5103, 5141
0.5109, 5140
0.5115, 5139
0.5121, 5138
0.5128, 5137
0.5135, 5136
0.5142, 5135
0.5149, 5134
0.5155, 5133
0.5160, 5132
0.5166, 5131
0.5173, 5130
0.5180, 5129
0.5187, 5128
0.5193, 5127
0.5201, 5126
0.5209, 5125
0.5215, 5124
0.5221, 5123
0.5227, 5122
0.5232, 5121
0.5240, 5120
0.5245, 5119
0.5250, 5118
0.5256, 5117
0.5261, 5116
0.5266, 5115
0.5272, 5114
0.5281, 5113
0.5289, 5112
0.5296, 5111
0.5304, 5110
0.5310, 5109
0.5315, 5108
0.5320, 5107
0.5326, 5106
0.5333, 5105
0.5339, 5104
0.5346, 5103
0.5354, 5102
0.5360, 5101
0.5369, 5100
0.5375, 5099
0.5383, 5098
0.5391, 5097
0.5396, 5096
0.5404, 5095
0.5409, 5094
0.5415, 5093
0.5422, 5092
0.5428, 5091
0.5435, 5090
0.5440, 5089
0.5447, 5088
0.5455, 5087
0.5464, 5086
0.5471, 5085
0.5476, 5084
0.5482, 5083
0.5490, 5082
0.5496, 5081
0.5502, 5080
0.5508, 5079
0.5515, 5078
0.5520, 5077
0.5527, 5076
0.5532, 5075
0.5540, 5074
0.5547, 5073
0.5555, 5072
0.5561, 5071
0.5566, 5070
0.5571, 5069
0.5579, 5068
0.5588, 5067
0.5595, 5066
0.5602, 5065
0.5610, 5064
0.5620, 5063
0.5626, 5062
0.5633, 5061
0.5639, 5060
0.5647, 5059
0.5653, 5058
0.5659, 5057
0.5665, 5056
0.5670, 5055
0.5677, 5054
0.5684, 5053
0.5691, 5052
0.5697, 5051
0.5702, 5050
0.5708, 5049
0.5715, 5048
0.5722, 5047
0.5729, 5046
0.5739, 5045
0.5745, 5044
0.5751, 5043
0.5758, 5042
0.5763, 5041
0.5772, 5040
0.5777, 5039
0.5784, 5038
0.5792, 5037
0.5798, 5036
0.5803, 5035
0.5811, 5034
0.5818, 5033
0.5824, 5032
0.5831, 5031
0.5841, 5030
0.5847, 5029
0.5856, 5028
0.5861, 5027
0.5868, 5026
0.5874, 5025
0.5881, 5024
0.5887, 5023
0.5893, 5022
0.5900, 5021
0.5907, 5020
0.5917, 5019
0.5926, 5018
0.5931, 5017
0.5936, 5016
0.5942, 5015
0.5952, 5014
0.5958, 5013
0.5966, 5012
0.5973, 5011
0.5980, 5010
0.5987, 5009
0.5993, 5008
0.5998, 5007
0.6004, 5006
0.6013, 5005
0.6018, 5004
0.6027, 5003
0.6033, 5002
0.6039, 5001
0.6048, 5000
0.6054, 4999
0.6063, 4998
0.6069, 4997
0.6075, 4996
0.6081, 4995
0.6087, 4994
0.6093, 4993
0.6100, 4992
0.6106, 4991
0.6113, 4990
0.6121, 4989
0.6131, 4988
0.6138, 4987
0.6144, 4986
0.6150, 4985
0.6157, 4984
0.6164, 4983
0.6170, 4982
0.6178, 4981
0.6186, 4980
0.6195, 4979
0.6200, 4978
0.6206, 4977
0.6213, 4976
0.6223, 4975
0.6233, 4974
0.6238, 4973
0.6244, 4972
0.6251, 4971
0.6258, 4970
0.6263, 4969
0.6271, 4968
0.6278, 4967
0.6285, 4966
0.6292, 4965
0.6298, 4964
0.6303, 4963
0.6309, 4962
0.6316, 4961
0.6324, 4960
0.6329, 4959
0.6335, 4958
0.6340, 4957
0.6346, 4956
0.6354, 4955
0.6359, 4954
0.6365, 4953
0.6371, 4952
0.6378, 4951
0.6387, 4950
0.6396, 4949
0.6407, 4948
0.6413, 4947
0.6419, 4946
0.6428, 4945
0.6433, 4944
0.6439, 4943
0.6445, 4942
0.6450, 4941
0.6456, 4940
0.6461, 4939
0.6468, 4938
0.6473, 4937
0.6480, 4936
0.6486, 4935
0.6496, 4934
0.6504, 4933
0.6510, 4932
0.6516, 4931
0.6522, 4930
0.6529, 4929
0.6535, 4928
0.6541, 4927
0.6548, 4926
0.6555, 4925
0.6561, 4924
0.6567, 4923
0.6575, 4922
0.6582, 4921
0.6588, 4920
0.6594, 4919
0.6603, 4918
0.6612, 4917
0.6617, 4916
0.6626, 4915
0.6631, 4914
0.6637, 4913
0.6642, 4912
0.6647, 4911
0.6653, 4910
0.6658, 4909
0.6667, 4908
0.6673, 4907
0.6678, 4906
0.6684, 4905
0.6689, 4904
0.6695, 4903
0.6701, 4902
0.6708, 4901
0.6713, 4900
0.6723, 4899
0.6730, 4898
0.6735, 4897
0.6741, 4896
0.6746, 4895
0.6753, 4894
0.6759, 4893
0.6764, 4892
0.6773, 4891
0.6780, 4890
0.6788, 4889
0.6793, 4888
0.6798, 4887
0.6804, 4886
0.6810, 4885
0.6815, 4884
0.6822, 4883
0.6827, 4882
0.6833, 4881
0.6839, 4880
0.6845, 4879
0.6854, 4878
0.6860, 4877
0.6865, 4876
0.6873, 4875
0.6878, 4874
0.6883, 4873
0.6889, 4872
0.6897, 4871
0.6905, 4870
0.6912, 4869
0.6920, 4868
0.6926, 4867
0.6931, 4866
0.6936, 4865
0.6946, 4864
0.6954, 4863
0.6960, 4862
0.6965, 4861
0.6973, 4860
0.6980, 4859
0.6987, 4858
0.6993, 4857
0.7001, 4856
0.7010, 4855
0.7016, 4854
0.7026, 4853
0.7032, 4852
0.7038, 4851
0.7044, 4850
0.7053, 4849
0.7060, 4848
0.7067, 4847
0.7072, 4846
0.7077, 4845
0.7085, 4844
0.7090, 4843
0.7095, 4842
0.7100, 4841
0.7108, 4840
0.7115, 4839
0.7124, 4838
0.7132, 4837
0.7138, 4836
0.7143, 4835
0.7149, 4834
0.7156, 4833
0.7161, 4832
0.7167, 4831
0.7176, 4830
0.7182, 4829
0.7188, 4828
0.7195, 4827
0.7204, 4826
0.7212, 4825
0.7218, 4824
0.7225, 4823
0.7230, 4822
0.7236, 4821
0.7242, 4820
0.7247, 4819
0.7254, 4818
0.7259, 4817
0.7265, 4816
0.7270, 4815
0.7275, 4814
0.7284, 4813
0.7293, 4812
0.7300, 4811
0.7305, 4810
0.7314, 4809
0.7319, 4808
0.7324, 4807
0.7329, 4806
0.7334, 4805
0.7343, 4804
0.7352, 4803
0.7357, 4802
0.7363, 4801
0.7370, 4800
0.7376, 4799
0.7382, 4798
0.7387, 4797
0.7392, 4796
0.7398, 4795
0.7405, 4794
0.7412, 4793
0.7418, 4792
0.7425, 4791
0.7430, 4790
0.7438, 4789
0.7444, 4788
0.7451, 4787
0.7456, 4786
0.7462, 4785
0.7467, 4784
0.7473, 4783
0.7480, 4782
0.7486, 4781
0.7494, 4780
0.7503, 4779
0.7508, 4778
0.7516, 4777
0.7521, 4776
0.7527, 4775
0.7532, 4774
0.7542, 4773
0.7548, 4772
0.7555, 4771
0.7560, 4770
0.7566, 4769
0.7575, 4768
0.7581, 4767
0.7586, 4766
0.7591, 4765
0.7601, 4764
0.7609, 4763
0.7615, 4762
0.7622, 4761
0.7627, 4760
0.7632, 4759
0.7643, 4758
0.7650, 4757
0.7655, 4756
0.7664, 4755
0.7669, 4754
0.7674, 4753
0.7679, 4752
0.7685, 4751
0.7693, 4750
0.7698, 4749
0.7703, 4748
0.7709, 4747
0.7718, 4746
0.7724, 4745
0.7732, 4744
0.7739, 4743
0.7748, 4742
0.7756, 4741
0.7762, 4740
0.7767, 4739
0.7772, 4738
0.7778, 4737
0.7784, 4736
0.7793, 4735
0.7798, 4734
0.7804, 4733
0.7809, 4732
0.7814, 4731
0.7823, 4730
0.7828, 4729
0.7833, 4728
0.7839, 4727
0.7847, 4726
0.7855, 4725
0.7863, 4724
0.7872, 4723
0.7877, 4722
0.7885, 4721
0.7893, 4720
0.7898, 4719
0.7903, 4718
0.7908, 4717
0.7916, 4716
0.7924, 4715
0.7932, 4714
0.7940, 4713
0.7945, 4712
0.7953, 4711
0.7961, 4710
0.7970, 4709
0.7977, 4708
0.7986, 4707
0.7992, 4706
0.8000, 4705
0.8006, 4704
0.8014, 4703
0.8023, 4702
0.8032, 4701
0.8040, 4700
0.8049, 4699
0.8057, 4698
0.8064, 4697
0.8071, 4696
0.8079, 4695
0.8087, 4694
0.8096, 4693
0.8104, 4692
0.8114, 4691
0.8122, 4690
1.0143, 4689
1.2539, 4688
1.2544, 4687
1.3171, 4686
1.6497, 4685
1.6694, 4684
1.8290, 4683
1.8490, 4682
1.9672, 4681
2.1858, 4680
2.2454, 4679
2.3850, 4678
2.4254, 4677
2.6044, 4676
2.9024, 4675
2.9033, 4674
3.0029, 4673
3.2015, 4672
3.3003, 4671
3.3206, 4670
3.3214, 4669
3.4446, 4668
3.5701, 4667
3.7117, 4666
3.7125, 4665
3.7989, 4664
3.7994, 4663
4.2217, 4662
4.3392, 4661
4.8128, 4660
4.8533, 4659
4.9941, 4658
5.0736, 4657
5.1752, 4656
5.4703, 4655
5.8805, 4654
6.0194, 4653
6.0199, 4652
6.4926, 4651
6.6123, 4650
6.7327, 4649
7.4055, 4648
7.4655, 4647
7.6040, 4646
7.8815, 4645
7.8821, 4644
7.9427, 4643
7.9434, 4642
7.9836, 4641
8.4160, 4640
8.5732, 4639
8.5741, 4638
8.8680, 4637
8.9276, 4636
9.2059, 4635
9.3646, 4634
9.4259, 4633
9.7217, 4632
9.9764, 4631
