0.0000, 5900
0.0005, 5899
0.0012, 5898
0.0018, 5897
0.0028, 5896
0.0035, 5895
0.0042, 5894
0.0049, 5893
0.0057, 5892
0.0062, 5891
0.0071, 5890
0.0076, 5889
0.0081, 5888
0.0086, 5887
0.0095, 5886
0.0105, 5885
0.0111, 5884
0.0123, 5883
0.0129, 5882
0.0140, 5881
0.0145, 5880
0.0155, 5879
0.0163, 5878
0.0173, 5877
0.0178, 5876
0.0183, 5875
0.0188, 5874
0.0195, 5873
0.0206, 5872
0.0211, 5871
0.0216, 5870
0.0221, 5869
0.0228, 5868
0.0233, 5867
0.0238, 5866
0.0243, 5865
0.0252, 5864
0.0259, 5863
0.0265, 5862
0.0270, 5861
0.0277, 5860
0.0283, 5859
0.0288, 5858
0.0293, 5857
0.0298, 5856
0.0305, 5855
0.0310, 5854
0.0315, 5853
0.0320, 5852
0.0330, 5851
0.0340, 5850
0.0345, 5849
0.0350, 5848
0.0357, 5847
0.0363, 5846
0.0368, 5845
0.0376, 5844
0.0381, 5843
0.0386, 5842
0.0391, 5841
0.0398, 5840
0.0405, 5839
0.0411, 5838
0.0416, 5837
0.0423, 5836
0.0429, 5835
0.0435, 5834
0.0440, 5833
0.0448, 5832
0.0453, 5831
0.0458, 5830
0.0466, 5829
0.0471, 5828
0.0476, 5827
0.0482, 5826
0.0491, 5825
0.0496, 5824
0.0502, 5823
0.0510, 5822
0.0515, 5821
0.0521, 5820
0.0526, 5819
0.0532, 5818
0.0537, 5817
0.0546, 5816
0.0551, 5815
0.0562, 5814
0.0571, 5813
0.0578, 5812
0.0584, 5811
0.0593, 5810
0.0600, 5809
0.0606, 5808
0.0613, 5807
0.0618, 5806
0.0626, 5805
0.0632, 5804
0.0637, 5803
0.0642, 5802
0.0648, 5801
0.0653, 5800
0.0662, 5799
0.0667, 5798
0.0673, 5797
0.0679, 5796
0.0685, 5795
0.0690, 5794
0.0698, 5793
0.0703, 5792
0.0708, 5791
0.0714, 5790
0.0719, 5789
0.0724, 5788
0.0730, 5787
0.0735, 5786
0.0748, 5785
0.0759, 5784
0.0767, 5783
0.0772, 5782
0.0778, 5781
0.0783, 5780
0.0790, 5779
0.0798, 5778
0.0804, 5777
0.0811, 5776
0.0818, 5775
0.0824, 5774
0.0831, 5773
0.0842, 5772
0.0848, 5771
0.0859, 5770
0.0866, 5769
0.0871, 5768
0.0879, 5767
0.0884, 5766
0.0891, 5765
0.0899, 5764
0.0904, 5763
0.0910, 5762
0.0915, 5761
0.0920, 5760
0.0930, 5759
0.0935, 5758
0.0940, 5757
0.0945, 5756
0.0951, 5755
0.0956, 5754
0.0965, 5753
0.0971, 5752
0.0977, 5751
0.0982, 5750
0.0987, 5749
0.0996, 5748
0.1001, 5747
0.1006, 5746
0.1015, 5745
0.1026, 5744
0.1032, 5743
0.1037, 5742
0.1043, 5741
0.1053, 5740
0.1058, 5739
0.1064, 5738
0.1069, 5737
0.1075, 5736
0.1080, 5735
0.1086, 5734
0.1091, 5733
0.1097, 5732
0.1103, 5731
0.1108, 5730
0.1114, 5729
0.1120, 5728
0.1125, 5727
0.1130, 5726
0.1136, 5725
0.1143, 5724
0.1150, 5723
0.1160, 5722
0.1167, 5721
0.1172, 5720
0.1179, 5719
0.1187, 5718
0.1196, 5717
0.1204, 5716
0.1214, 5715
0.1224, 5714
0.1229, 5713
0.1235, 5712
0.1242, 5711
0.1247, 5710
0.1253, 5709
0.1261, 5708
0.1268, 5707
0.1274, 5706
0.1279, 5705
0.1285, 5704
0.1290, 5703
0.1296, 5702
0.1301, 5701
0.1308, 5700
0.1318, 5699
0.1324, 5698
0.1329, 5697
0.1334, 5696
0.1345, 5695
0.1352, 5694
0.1358, 5693
0.1364, 5692
0.1370, 5691
0.1375, 5690
0.1381, 5689
0.1387, 5688
0.1393, 5687
0.1399, 5686
0.1408, 5685
0.1414, 5684
0.1420, 5683
0.1426, 5682
0.1431, 5681
0.1437, 5680
0.1443, 5679
0.1449, 5678
0.1455, 5677
0.1461, 5676
0.1466, 5675
0.1472, 5674
0.1477, 5673
0.1483, 5672
0.1489, 5671
0.1495, 5670
0.1501, 5669
0.1507, 5668
0.1513, 5667
0.1518, 5666
0.1524, 5665
0.1529, 5664
0.1535, 5663
0.1541, 5662
0.1551, 5661
0.1557, 5660
0.1565, 5659
0.1571, 5658
0.1582, 5657
0.1592, 5656
0.1601, 5655
0.1607, 5654
0.1615, 5653
0.1621, 5652
0.1627, 5651
0.1633, 5650
0.1638, 5649
0.1644, 5648
0.1651, 5647
0.1657, 5646
0.1662, 5645
0.1670, 5644
0.1675, 5643
0.1681, 5642
0.1687, 5641
0.1694, 5640
0.1702, 5639
0.1711, 5638
0.1717, 5637
0.1722, 5636
0.1729, 5635
0.1740, 5634
0.1746, 5633
0.1756, 5632
0.1765, 5631
0.1770, 5630
0.1780, 5629
0.1789, 5628
0.1795, 5627
0.1806, 5626
0.1814, 5625
0.1820, 5624
0.1829, 5623
0.1835, 5622
0.1841, 5621
0.1848, 5620
0.1854, 5619
0.1864, 5618
0.1870, 5617
0.1876, 5616
0.1881, 5615
0.1888, 5614
0.1897, 5613
0.1903, 5612
0.1908, 5611
0.1915, 5610
0.1922, 5609
0.1928, 5608
0.1934, 5607
0.1940, 5606
0.1945, 5605
0.1952, 5604
0.1957, 5603
0.1963, 5602
0.1968, 5601
0.1974, 5600
0.1979, 5599
0.1985, 5598
0.1990, 5597
0.1995, 5596
0.2001, 5595
0.2010, 5594
0.2015, 5593
0.2025, 5592
0.2031, 5591
0.2038, 5590
0.2046, 5589
0.2055, 5588
0.2061, 5587
0.2068, 5586
0.2073, 5585
0.2080, 5584
0.2090, 5583
0.2096, 5582
0.2103, 5581
0.2108, 5580
0.2115, 5579
0.2121, 5578
0.2128, 5577
0.2137, 5576
0.2143, 5575
0.2149, 5574
0.2157, 5573
0.2162, 5572
0.2168, 5571
0.2175, 5570
0.2184, 5569
0.2190, 5568
0.2199, 5567
0.2205, 5566
0.2210, 5565
0.2217, 5564
0.2224, 5563
0.2235, 5562
0.2242, 5561
0.2247, 5560
0.2253, 5559
0.2258, 5558
0.2264, 5557
0.2274, 5556
0.2280, 5555
0.2285, 5554
0.2292, 5553
0.2300, 5552
0.2306, 5551
0.2312, 5550
0.2319, 5549
0.2325, 5548
0.2331, 5547
0.2337, 5546
0.2344, 5545
0.2349, 5544
0.2354, 5543
0.2360, 5542
0.2367, 5541
0.2373, 5540
0.2378, 5539
0.2384, 5538
0.2389, 5537
0.2395, 5536
0.2401, 5535
0.2407, 5534
0.2416, 5533
0.2422, 5532
0.2428, 5531
0.2433, 5530
0.2439, 5529
0.2445, 5528
0.2450, 5527
0.2456, 5526
0.2464, 5525
0.2470, 5524
0.2477, 5523
0.2486, 5522
0.2496, 5521
0.2505, 5520
0.2512, 5519
0.2518, 5518
0.2524, 5517
0.2530, 5516
0.2536, 5515
0.2544, 5514
0.2550, 5513
0.2556, 5512
0.2562, 5511
0.2567, 5510
0.2572, 5509
0.2579, 5508
0.2585, 5507
0.2592, 5506
0.2597, 5505
0.2603, 5504
0.2609, 5503
0.2618, 5502
0.2624, 5501
0.2630, 5500
0.2636, 5499
0.2645, 5498
0.2653, 5497
0.2659, 5496
0.2665, 5495
0.2672, 5494
0.2678, 5493
0.2684, 5492
0.2690, 5491
0.2700, 5490
0.2708, 5489
0.2714, 5488
0.2719, 5487
0.2725, 5486
0.2730, 5485
0.2739, 5484
0.2745, 5483
0.2751, 5482
0.2760, 5481
0.2767, 5480
0.2772, 5479
0.2777, 5478
0.2783, 5477
0.2789, 5476
0.2796, 5475
0.2801, 5474
0.2808, 5473
0.2815, 5472
0.2821, 5471
0.2827, 5470
0.2833, 5469
0.2839, 5468
0.2845, 5467
0.2850, 5466
0.2861, 5465
0.2866, 5464
0.2872, 5463
0.2877, 5462
0.2883, 5461
0.2889, 5460
0.2895, 5459
0.2901, 5458
0.2907, 5457
0.2913, 5456
0.2922, 5455
0.2929, 5454
0.2934, 5453
0.2941, 5452
0.2946, 5451
0.2954, 5450
0.2960, 5449
0.2967, 5448
0.2973, 5447
0.2978, 5446
0.2984, 5445
0.2990, 5444
0.3000, 5443
0.3006, 5442
0.3012, 5441
0.3017, 5440
0.3024, 5439
0.3030, 5438
0.3040, 5437
0.3047, 5436
0.3053, 5435
0.3059, 5434
0.3065, 5433
0.3071, 5432
0.3081, 5431
0.3087, 5430
0.3092, 5429
0.3098, 5428
0.3104, 5427
0.3111, 5426
0.3120, 5425
0.3126, 5424
0.3132, 5423
0.3139, 5422
0.3146, 5421
0.3153, 5420
0.3162, 5419
0.3168, 5418
0.3173, 5417
0.3183, 5416
0.3189, 5415
0.3196, 5414
0.3201, 5413
0.3207, 5412
0.3213, 5411
0.3218, 5410
0.3224, 5409
0.3229, 5408
0.3234, 5407
0.3241, 5406
0.3249, 5405
0.3257, 5404
0.3265, 5403
0.3273, 5402
0.3278, 5401
0.3284, 5400
0.3291, 5399
0.3300, 5398
0.3307, 5397
0.3313, 5396
0.3319, 5395
0.3328, 5394
0.3335, 5393
0.3342, 5392
0.3349, 5391
0.3355, 5390
0.3360, 5389
0.3366, 5388
0.3373, 5387
0.3378, 5386
0.3387, 5385
0.3392, 5384
0.3399, 5383
0.3406, 5382
0.3413, 5381
0.3420, 5380
0.3425, 5379
0.3431, 5378
0.3438, 5377
0.3445, 5376
0.3451, 5375
0.3457, 5374
0.3464, 5373
0.3470, 5372
0.3475, 5371
0.3482, 5370
0.3489, 5369
0.3496, 5368
0.3503, 5367
0.3508, 5366
0.3516, 5365
0.3523, 5364
0.3529, 5363
0.3540, 5362
0.3546, 5361
0.3554, 5360
0.3561, 5359
0.3567, 5358
0.3573, 5357
0.3584, 5356
0.3590, 5355
0.3597, 5354
0.3602, 5353
0.3610, 5352
0.3615, 5351
0.3623, 5350
0.3630, 5349
0.3635, 5348
0.3641, 5347
0.3647, 5346
0.3656, 5345
0.3665, 5344
0.3670, 5343
0.3678, 5342
0.3684, 5341
0.3690, 5340
0.3696, 5339
0.3701, 5338
0.3707, 5337
0.3713, 5336
0.3719, 5335
0.3726, 5334
0.3733, 5333
0.3741, 5332
0.3751, 5331
0.3757, 5330
0.3763, 5329
0.3768, 5328
0.3774, 5327
0.3781, 5326
0.3787, 5325
0.3792, 5324
0.3798, 5323
0.3809, 5322
0.3818, 5321
0.3827, 5320
0.3835, 5319
0.3841, 5318
0.3847, 5317
0.3852, 5316
0.3860, 5315
0.3867, 5314
0.3874, 5313
0.3880, 5312
0.3888, 5311
0.3895, 5310
0.3900, 5309
0.3907, 5308
0.3916, 5307
0.3923, 5306
0.3930, 5305
0.3935, 5304
0.3941, 5303
0.3947, 5302
0.3953, 5301
0.3959, 5300
0.3965, 5299
0.3971, 5298
0.3977, 5297
0.3982, 5296
0.3990, 5295
0.3997, 5294
0.4002, 5293
0.4007, 5292
0.4016, 5291
0.4023, 5290
0.4029, 5289
0.4038, 5288
0.4044, 5287
0.4049, 5286
0.4056, 5285
0.4061, 5284
0.4068, 5283
0.4074, 5282
0.4079, 5281
0.4084, 5280
0.4090, 5279
0.4096, 5278
0.4101, 5277
0.4108, 5276
0.4115, 5275
0.4121, 5274
0.4130, 5273
0.4136, 5272
0.4141, 5271
0.4147, 5270
0.4154, 5269
0.4160, 5268
0.4166, 5267
0.4171, 5266
0.4177, 5265
0.4184, 5264
0.4191, 5263
0.4197, 5262
0.4204, 5261
0.4209, 5260
0.4217, 5259
0.4222, 5258
0.4229, 5257
0.4235, 5256
0.4243, 5255
0.4249, 5254
0.4259, 5253
0.4267, 5252
0.4274, 5251
0.4285, 5250
0.4291, 5249
0.4296, 5248
0.4302, 5247
0.4309, 5246
0.4316, 5245
0.4322, 5244
0.4329, 5243
0.4334, 5242
0.4339, 5241
0.4346, 5240
0.4352, 5239
0.4357, 5238
0.4363, 5237
0.4372, 5236
0.4377, 5235
0.4383, 5234
0.4389, 5233
0.4395, 5232
0.4402, 5231
0.4408, 5230
0.4414, 5229
0.4419, 5228
0.4426, 5227
0.4434, 5226
0.4439, 5225
0.4445, 5224
0.4455, 5223
0.4463, 5222
0.4470, 5221
0.4477, 5220
0.4485, 5219
0.4490, 5218
0.4496, 5217
0.4502, 5216
0.4509, 5215
0.4516, 5214
0.4522, 5213
0.4530, 5212
0.4537, 5211
0.4544, 5210
0.4553, 5209
0.4559, 5208
0.4566, 5207
0.4574, 5206
0.4581, 5205
0.4588, 5204
0.4596, 5203
0.4602, 5202
0.4609, 5201
0.4615, 5200
0.4623, 5199
0.4630, 5198
0.4637, 5197
0.4644, 5196
0.4649, 5195
0.4658, 5194
0.4663, 5193
0.4669, 5192
0.4675, 5191
0.4681, 5190
0.4688, 5189
0.4693, 5188
0.4699, 5187
0.4705, 5186
0.4711, 5185
0.4717, 5184
0.4723, 5183
0.4731, 5182
0.4738, 5181
0.4746, 5180
0.4755, 5179
0.4761, 5178
0.4770, 5177
0.4776, 5176
0.4783, 5175
0.4791, 5174
0.4798, 5173
0.4806, 5172
0.4812, 5171
0.4818, 5170
0.4823, 5169
0.4831, 5168
0.4837, 5167
0.4842, 5166
0.4849, 5165
0.4857, 5164
0.4863, 5163
0.4870, 5162
0.4877, 5161
0.4887, 5160
0.4895, 5159
0.4902, 5158
0.4908, 5157
0.4914, 5156
0.4919, 5155
0.4926, 5154
0.4933, 5153
0.4941, 5152
0.4948, 5151
0.4954, 5150
0.4961, 5149
0.4967, 5148
0.4974, 5147
0.4979, 5146
0.4985, 5145
0.4990, 5144
0.4997, 5143
0.5003, 5142
0.5008, 5141
0.5013, 5140
0.5019, 5139
0.5025, 5138
0.5032, 5137
0.5040, 5136
0.5046, 5135
0.5053, 5134
0.5059, 5133
0.5065, 5132
0.5070, 5131
0.5077, 5130
0.5084, 5129
0.5091, 5128
0.5098, 5127
0.5105, 5126
0.5113, 5125
0.5119, 5124
0.5124, 5123
0.5130, 5122
0.5135, 5121
0.5143, 5120
0.5148, 5119
0.5153, 5118
0.5159, 5117
0.5164, 5116
0.5169, 5115
0.5175, 5114
0.5184, 5113
0.5191, 5112
0.5199, 5111
0.5207, 5110
0.5212, 5109
0.5218, 5108
0.5223, 5107
0.5229, 5106
0.5236, 5105
0.5241, 5104
0.5248, 5103
0.5256, 5102
0.5262, 5101
0.5271, 5100
0.5278, 5099
0.5285, 5098
0.5293, 5097
0.5298, 5096
0.5305, 5095
0.5311, 5094
0.5316, 5093
0.5324, 5092
0.5330, 5091
0.5336, 5090
0.5342, 5089
0.5349, 5088
0.5356, 5087
0.5365, 5086
0.5371, 5085
0.5377, 5084
0.5383, 5083
0.5390, 5082
0.5397, 5081
0.5402, 5080
0.5409, 5079
0.5415, 5078
0.5421, 5077
0.5427, 5076
0.5432, 5075
0.5439, 5074
0.5447, 5073
0.5453, 5072
0.5459, 5071
0.5465, 5070
0.5470, 5069
0.5477, 5068
0.5487, 5067
0.5493, 5066
0.5500, 5065
0.5508, 5064
0.5518, 5063
0.5524, 5062
0.5531, 5061
0.5536, 5060
0.5544, 5059
0.5550, 5058
0.5556, 5057
0.5562, 5056
0.5567, 5055
0.5574, 5054
0.5581, 5053
0.5588, 5052
0.5594, 5051
0.5599, 5050
0.5604, 5049
0.5611, 5048
0.5618, 5047
0.5625, 5046
0.5635, 5045
0.5641, 5044
0.5647, 5043
0.5653, 5042
0.5658, 5041
0.5667, 5040
0.5672, 5039
0.5679, 5038
0.5687, 5037
0.5693, 5036
0.5698, 5035
0.5706, 5034
0.5713, 5033
0.5719, 5032
0.5725, 5031
0.5735, 5030
0.5741, 5029
0.5750, 5028
0.5755, 5027
0.5762, 5026
0.5768, 5025
0.5774, 5024
0.5781, 5023
0.5786, 5022
0.5793, 5021
0.5800, 5020
0.5810, 5019
0.5819, 5018
0.5824, 5017
0.5830, 5016
0.5835, 5015
0.5845, 5014
0.5851, 5013
0.5858, 5012
0.5865, 5011
0.5872, 5010
0.5879, 5009
0.5885, 5008
0.5890, 5007
0.5896, 5006
0.5905, 5005
0.5910, 5004
0.5919, 5003
0.5924, 5002
0.5930, 5001
0.5939, 5000
0.5945, 4999
0.5954, 4998
0.5960, 4997
0.5966, 4996
0.5972, 4995
0.5977, 4994
0.5983, 4993
0.5990, 4992
0.5996, 4991
0.6003, 4990
0.6011, 4989
0.6020, 4988
0.6028, 4987
0.6034, 4986
0.6040, 4985
0.6046, 4984
0.6053, 4983
0.6059, 4982
0.6067, 4981
0.6074, 4980
0.6084, 4979
0.6089, 4978
0.6094, 4977
0.6101, 4976
0.6111, 4975
0.6121, 4974
0.6126, 4973
0.6132, 4972
0.6139, 4971
0.6146, 4970
0.6151, 4969
0.6159, 4968
0.6165, 4967
0.6172, 4966
0.6179, 4965
0.6185, 4964
0.6190, 4963
0.6195, 4962
0.6203, 4961
0.6210, 4960
0.6215, 4959
0.6221, 4958
0.6226, 4957
0.6232, 4956
0.6239, 4955
0.6245, 4954
0.6250, 4953
0.6257, 4952
0.6264, 4951
0.6273, 4950
0.6282, 4949
0.6293, 4948
0.6298, 4947
0.6305, 4946
0.6313, 4945
0.6318, 4944
0.6324, 4943
0.6329, 4942
0.6335, 4941
0.6340, 4940
0.6345, 4939
0.6352, 4938
0.6357, 4937
0.6364, 4936
0.6370, 4935
0.6380, 4934
0.6388, 4933
0.6394, 4932
0.6399, 4931
0.6405, 4930
0.6412, 4929
0.6418, 4928
0.6424, 4927
0.6431, 4926
0.6438, 4925
0.6444, 4924
0.6450, 4923
0.6457, 4922
0.6464, 4921
0.6469, 4920
0.6476, 4919
0.6485, 4918
0.6493, 4917
0.6499, 4916
0.6507, 4915
0.6512, 4914
0.6518, 4913
0.6523, 4912
0.6528, 4911
0.6533, 4910
0.6538, 4909
0.6547, 4908
0.6553, 4907
0.6558, 4906
0.6564, 4905
0.6569, 4904
0.6575, 4903
0.6580, 4902
0.6587, 4901
0.6592, 4900
0.6602, 4899
0.6609, 4898
0.6614, 4897
0.6619, 4896
0.6624, 4895
0.6631, 4894
0.6637, 4893
0.6642, 4892
0.6651, 4891
0.6659, 4890
0.6666, 4889
0.6671, 4888
0.6676, 4887
0.6682, 4886
0.6688, 4885
0.6693, 4884
0.6699, 4883
0.6705, 4882
0.6710, 4881
0.6716, 4880
0.6722, 4879
0.6731, 4878
0.6737, 4877
0.6742, 4876
0.6749, 4875
0.6755, 4874
0.6760, 4873
0.6766, 4872
0.6774, 4871
0.6781, 4870
0.6789, 4869
0.6797, 4868
0.6802, 4867
0.6807, 4866
0.6812, 4865
0.6821, 4864
0.6830, 4863
0.6835, 4862
0.6841, 4861
0.6848, 4860
0.6855, 4859
0.6863, 4858
0.6869, 4857
0.6876, 4856
0.6884, 4855
0.6890, 4854
0.6901, 4853
0.6906, 4852
0.6911, 4851
0.6917, 4850
0.6926, 4849
0.6933, 4848
0.6940, 4847
0.6945, 4846
0.6950, 4845
0.6958, 4844
0.6963, 4843
0.6968, 4842
0.6972, 4841
0.6980, 4840
0.6987, 4839
0.6996, 4838
0.7003, 4837
0.7010, 4836
0.7014, 4835
0.7020, 4834
0.7026, 4833
0.7032, 4832
0.7038, 4831
0.7047, 4830
0.7052, 4829
0.7058, 4828
0.7065, 4827
0.7074, 4826
0.7082, 4825
0.7087, 4824
0.7094, 4823
0.7100, 4822
0.7106, 4821
0.7112, 4820
0.7116, 4819
0.7123, 4818
0.7128, 4817
0.7133, 4816
0.7138, 4815
0.7144, 4814
0.7152, 4813
0.7161, 4812
0.7168, 4811
0.7173, 4810
0.7182, 4809
0.7187, 4808
0.7192, 4807
0.7197, 4806
0.7201, 4805
0.7210, 4804
0.7219, 4803
0.7223, 4802
0.7229, 4801
0.7236, 4800
0.7242, 4799
0.7247, 4798
0.7252, 4797
0.7258, 4796
0.7264, 4795
0.7271, 4794
0.7278, 4793
0.7283, 4792
0.7291, 4791
0.7296, 4790
0.7304, 4789
0.7309, 4788
0.7316, 4787
0.7321, 4786
0.7327, 4785
0.7332, 4784
0.7337, 4783
0.7345, 4782
0.7350, 4781
0.7359, 4780
0.7367, 4779
0.7372, 4778
0.7380, 4777
0.7385, 4776
0.7391, 4775
0.7396, 4774
0.7405, 4773
0.7411, 4772
0.7418, 4771
0.7423, 4770
0.7429, 4769
0.7438, 4768
0.7444, 4767
0.7449, 4766
0.7454, 4765
0.7463, 4764
0.7471, 4763
0.7477, 4762
0.7483, 4761
0.7488, 4760
0.7494, 4759
0.7505, 4758
0.7511, 4757
0.7516, 4756
0.7524, 4755
0.7529, 4754
0.7535, 4753
0.7540, 4752
0.7545, 4751
0.7553, 4750
0.7558, 4749
0.7563, 4748
0.7569, 4747
0.7578, 4746
0.7583, 4745
0.7591, 4744
0.7598, 4743
0.7607, 4742
0.7615, 4741
0.7621, 4740
0.7626, 4739
0.7632, 4738
0.7637, 4737
0.7643, 4736
0.7652, 4735
0.7657, 4734
0.7663, 4733
0.7668, 4732
0.7673, 4731
0.7681, 4730
0.7686, 4729
0.7691, 4728
0.7696, 4727
0.7705, 4726
0.7712, 4725
0.7720, 4724
0.7729, 4723
0.7734, 4722
0.7741, 4721
0.7749, 4720
0.7754, 4719
0.7760, 4718
0.7765, 4717
0.7772, 4716
0.7781, 4715
0.7788, 4714
0.7796, 4713
0.7801, 4712
0.7809, 4711
0.7816, 4710
0.7826, 4709
0.7832, 4708
0.7840, 4707
0.7846, 4706
0.7854, 4705
0.7861, 4704
0.7868, 4703
0.7877, 4702
0.7887, 4701
0.7894, 4700
0.7903, 4699
0.7911, 4698
0.7918, 4697
0.7924, 4696
0.7933, 4695
0.7940, 4694
0.7949, 4693
0.7957, 4692
0.7966, 4691
0.7976, 4690
0.9598, 4689
1.2343, 4688
1.2348, 4687
1.2936, 4686
1.6045, 4685
1.6432, 4684
1.7019, 4683
1.8184, 4682
1.9545, 4681
2.1503, 4680
2.2084, 4679
2.3253, 4678
2.3648, 4677
2.5587, 4676
2.8315, 4675
2.8514, 4674
2.9494, 4673
3.1641, 4672
3.1839, 4671
3.1846, 4670
3.3421, 4669
3.3428, 4668
3.4592, 4667
3.5762, 4666
3.5768, 4665
3.5775, 4664
3.6362, 4663
4.1030, 4662
4.1620, 4661
4.6100, 4660
4.6496, 4659
4.7670, 4658
4.8452, 4657
4.9628, 4656
5.2160, 4655
5.6265, 4654
5.7634, 4653
5.7639, 4652
6.2517, 4651
6.4856, 4650
6.4863, 4649
7.1662, 4648
7.2436, 4647
7.3413, 4646
7.5946, 4645
7.6342, 4644
7.6736, 4643
7.6742, 4642
7.7334, 4641
8.1407, 4640
8.3214, 4639
8.3220, 4638
8.6172, 4637
8.6962, 4636
9.0075, 4635
9.1057, 4634
9.1651, 4633
9.4756, 4632
9.6316, 4631
9.9854, 4630
9.9863, 4629
