0.0000, 5900
0.0006, 5899
0.0013, 5898
0.0018, 5897
0.0028, 5896
0.0036, 5895
0.0043, 5894
0.0049, 5893
0.0057, 5892
0.0062, 5891
0.0071, 5890
0.0076, 5889
0.0081, 5888
0.0086, 5887
0.0095, 5886
0.0104, 5885
0.0110, 5884
0.0122, 5883
0.0129, 5882
0.0140, 5881
0.0145, 5880
0.0154, 5879
0.0163, 5878
0.0172, 5877
0.0177, 5876
0.0182, 5875
0.0187, 5874
0.0194, 5873
0.0205, 5872
0.0210, 5871
0.0215, 5870
0.0220, 5869
0.0227, 5868
0.0232, 5867
0.0237, 5866
0.0242, 5865
0.0251, 5864
0.0259, 5863
0.0265, 5862
0.0270, 5861
0.0277, 5860
0.0282, 5859
0.0287, 5858
0.0293, 5857
0.0298, 5856
0.0305, 5855
0.0310, 5854
0.0316, 5853
0.0321, 5852
0.0331, 5851
0.0340, 5850
0.0345, 5849
0.0350, 5848
0.0357, 5847
0.0362, 5846
0.0367, 5845
0.0375, 5844
0.0380, 5843
0.0385, 5842
0.0390, 5841
0.0398, 5840
0.0405, 5839
0.0410, 5838
0.0415, 5837
0.0421, 5836
0.0427, 5835
0.0434, 5834
0.0439, 5833
0.0446, 5832
0.0451, 5831
0.0456, 5830
0.0464, 5829
0.0469, 5828
0.0474, 5827
0.0480, 5826
0.0489, 5825
0.0494, 5824
0.0499, 5823
0.0507, 5822
0.0513, 5821
0.0518, 5820
0.0523, 5819
0.0529, 5818
0.0534, 5817
0.0543, 5816
0.0549, 5815
0.0559, 5814
0.0569, 5813
0.0576, 5812
0.0582, 5811
0.0591, 5810
0.0598, 5809
0.0605, 5808
0.0611, 5807
0.0616, 5806
0.0624, 5805
0.0630, 5804
0.0635, 5803
0.0640, 5802
0.0646, 5801
0.0651, 5800
0.0660, 5799
0.0665, 5798
0.0671, 5797
0.0677, 5796
0.0683, 5795
0.0688, 5794
0.0696, 5793
0.0701, 5792
0.0706, 5791
0.0712, 5790
0.0717, 5789
0.0722, 5788
0.0728, 5787
0.0733, 5786
0.0745, 5785
0.0756, 5784
0.0764, 5783
0.0769, 5782
0.0774, 5781
0.0779, 5780
0.0786, 5779
0.0794, 5778
0.0800, 5777
0.0808, 5776
0.0814, 5775
0.0820, 5774
0.0827, 5773
0.0838, 5772
0.0844, 5771
0.0855, 5770
0.0861, 5769
0.0867, 5768
0.0874, 5767
0.0879, 5766
0.0886, 5765
0.0894, 5764
0.0899, 5763
0.0904, 5762
0.0910, 5761
0.0915, 5760
0.0924, 5759
0.0930, 5758
0.0935, 5757
0.0940, 5756
0.0946, 5755
0.0951, 5754
0.0959, 5753
0.0966, 5752
0.0972, 5751
0.0977, 5750
0.0983, 5749
0.0991, 5748
0.0996, 5747
0.1002, 5746
0.1011, 5745
0.1021, 5744
0.1027, 5743
0.1032, 5742
0.1037, 5741
0.1047, 5740
0.1053, 5739
0.1059, 5738
0.1064, 5737
0.1070, 5736
0.1075, 5735
0.1081, 5734
0.1086, 5733
0.1092, 5732
0.1097, 5731
0.1103, 5730
0.1108, 5729
0.1114, 5728
0.1119, 5727
0.1124, 5726
0.1130, 5725
0.1137, 5724
0.1144, 5723
0.1154, 5722
0.1160, 5721
0.1166, 5720
0.1173, 5719
0.1181, 5718
0.1190, 5717
0.1198, 5716
0.1207, 5715
0.1217, 5714
0.1223, 5713
0.1229, 5712
0.1235, 5711
0.1240, 5710
0.1245, 5709
0.1254, 5708
0.1261, 5707
0.1267, 5706
0.1272, 5705
0.1278, 5704
0.1283, 5703
0.1289, 5702
0.1295, 5701
0.1301, 5700
0.1312, 5699
0.1317, 5698
0.1322, 5697
0.1327, 5696
0.1339, 5695
0.1346, 5694
0.1352, 5693
0.1358, 5692
0.1363, 5691
0.1369, 5690
0.1374, 5689
0.1380, 5688
0.1386, 5687
0.1392, 5686
0.1401, 5685
0.1407, 5684
0.1413, 5683
0.1419, 5682
0.1425, 5681
0.1430, 5680
0.1437, 5679
0.1442, 5678
0.1448, 5677
0.1454, 5676
0.1460, 5675
0.1465, 5674
0.1471, 5673
0.1476, 5672
0.1482, 5671
0.1487, 5670
0.1494, 5669
0.1499, 5668
0.1505, 5667
0.1511, 5666
0.1516, 5665
0.1522, 5664
0.1528, 5663
0.1533, 5662
0.1543, 5661
0.1549, 5660
0.1557, 5659
0.1563, 5658
0.1575, 5657
0.1584, 5656
0.1593, 5655
0.1600, 5654
0.1607, 5653
0.1614, 5652
0.1620, 5651
0.1625, 5650
0.1631, 5649
0.1636, 5648
0.1644, 5647
0.1649, 5646
0.1655, 5645
0.1663, 5644
0.1668, 5643
0.1674, 5642
0.1680, 5641
0.1687, 5640
0.1695, 5639
0.1704, 5638
0.1709, 5637
0.1715, 5636
0.1722, 5635
0.1732, 5634
0.1738, 5633
0.1749, 5632
0.1757, 5631
0.1763, 5630
0.1773, 5629
0.1781, 5628
0.1787, 5627
0.1798, 5626
0.1806, 5625
0.1813, 5624
0.1821, 5623
0.1827, 5622
0.1834, 5621
0.1841, 5620
0.1847, 5619
0.1857, 5618
0.1862, 5617
0.1868, 5616
0.1874, 5615
0.1881, 5614
0.1890, 5613
0.1895, 5612
0.1901, 5611
0.1907, 5610
0.1915, 5609
0.1921, 5608
0.1927, 5607
0.1933, 5606
0.1938, 5605
0.1945, 5604
0.1950, 5603
0.1955, 5602
0.1961, 5601
0.1966, 5600
0.1972, 5599
0.1977, 5598
0.1983, 5597
0.1988, 5596
0.1994, 5595
0.2002, 5594
0.2008, 5593
0.2017, 5592
0.2023, 5591
0.2031, 5590
0.2039, 5589
0.2047, 5588
0.2053, 5587
0.2060, 5586
0.2065, 5585
0.2072, 5584
0.2082, 5583
0.2088, 5582
0.2094, 5581
0.2099, 5580
0.2106, 5579
0.2112, 5578
0.2119, 5577
0.2128, 5576
0.2135, 5575
0.2140, 5574
0.2147, 5573
0.2153, 5572
0.2159, 5571
0.2166, 5570
0.2175, 5569
0.2180, 5568
0.2189, 5567
0.2195, 5566
0.2200, 5565
0.2206, 5564
0.2213, 5563
0.2225, 5562
0.2231, 5561
0.2237, 5560
0.2243, 5559
0.2249, 5558
0.2255, 5557
0.2265, 5556
0.2271, 5555
0.2276, 5554
0.2283, 5553
0.2291, 5552
0.2298, 5551
0.2304, 5550
0.2311, 5549
0.2317, 5548
0.2323, 5547
0.2330, 5546
0.2336, 5545
0.2341, 5544
0.2346, 5543
0.2351, 5542
0.2359, 5541
0.2365, 5540
0.2370, 5539
0.2376, 5538
0.2381, 5537
0.2387, 5536
0.2393, 5535
0.2400, 5534
0.2409, 5533
0.2415, 5532
0.2421, 5531
0.2427, 5530
0.2433, 5529
0.2438, 5528
0.2444, 5527
0.2449, 5526
0.2457, 5525
0.2464, 5524
0.2471, 5523
0.2480, 5522
0.2491, 5521
0.2499, 5520
0.2506, 5519
0.2512, 5518
0.2518, 5517
0.2525, 5516
0.2530, 5515
0.2538, 5514
0.2544, 5513
0.2550, 5512
0.2555, 5511
0.2561, 5510
0.2566, 5509
0.2572, 5508
0.2578, 5507
0.2585, 5506
0.2590, 5505
0.2596, 5504
0.2601, 5503
0.2611, 5502
0.2616, 5501
0.2622, 5500
0.2628, 5499
0.2637, 5498
0.2644, 5497
0.2650, 5496
0.2656, 5495
0.2663, 5494
0.2669, 5493
0.2676, 5492
0.2681, 5491
0.2691, 5490
0.2699, 5489
0.2705, 5488
0.2710, 5487
0.2716, 5486
0.2721, 5485
0.2731, 5484
0.2736, 5483
0.2742, 5482
0.2752, 5481
0.2758, 5480
0.2763, 5479
0.2769, 5478
0.2775, 5477
0.2781, 5476
0.2787, 5475
0.2793, 5474
0.2800, 5473
0.2807, 5472
0.2813, 5471
0.2819, 5470
0.2825, 5469
0.2830, 5468
0.2836, 5467
0.2842, 5466
0.2852, 5465
0.2857, 5464
0.2862, 5463
0.2868, 5462
0.2874, 5461
0.2880, 5460
0.2886, 5459
0.2892, 5458
0.2897, 5457
0.2903, 5456
0.2911, 5455
0.2918, 5454
0.2924, 5453
0.2930, 5452
0.2936, 5451
0.2943, 5450
0.2948, 5449
0.2955, 5448
0.2961, 5447
0.2967, 5446
0.2972, 5445
0.2978, 5444
0.2988, 5443
0.2994, 5442
0.3000, 5441
0.3005, 5440
0.3012, 5439
0.3018, 5438
0.3027, 5437
0.3035, 5436
0.3041, 5435
0.3048, 5434
0.3054, 5433
0.3060, 5432
0.3070, 5431
0.3076, 5430
0.3082, 5429
0.3088, 5428
0.3094, 5427
0.3101, 5426
0.3110, 5425
0.3116, 5424
0.3123, 5423
0.3130, 5422
0.3138, 5421
0.3144, 5420
0.3154, 5419
0.3159, 5418
0.3165, 5417
0.3175, 5416
0.3180, 5415
0.3187, 5414
0.3193, 5413
0.3198, 5412
0.3205, 5411
0.3210, 5410
0.3215, 5409
0.3220, 5408
0.3225, 5407
0.3232, 5406
0.3240, 5405
0.3248, 5404
0.3256, 5403
0.3264, 5402
0.3269, 5401
0.3274, 5400
0.3282, 5399
0.3290, 5398
0.3297, 5397
0.3303, 5396
0.3310, 5395
0.3318, 5394
0.3326, 5393
0.3332, 5392
0.3340, 5391
0.3345, 5390
0.3350, 5389
0.3356, 5388
0.3363, 5387
0.3369, 5386
0.3378, 5385
0.3383, 5384
0.3390, 5383
0.3396, 5382
0.3404, 5381
0.3410, 5380
0.3416, 5379
0.3421, 5378
0.3429, 5377
0.3436, 5376
0.3442, 5375
0.3448, 5374
0.3455, 5373
0.3462, 5372
0.3467, 5371
0.3474, 5370
0.3481, 5369
0.3488, 5368
0.3495, 5367
0.3501, 5366
0.3508, 5365
0.3514, 5364
0.3521, 5363
0.3531, 5362
0.3537, 5361
0.3545, 5360
0.3552, 5359
0.3558, 5358
0.3564, 5357
0.3575, 5356
0.3581, 5355
0.3587, 5354
0.3593, 5353
0.3600, 5352
0.3606, 5351
0.3614, 5350
0.3620, 5349
0.3626, 5348
0.3632, 5347
0.3638, 5346
0.3646, 5345
0.3655, 5344
0.3660, 5343
0.3667, 5342
0.3674, 5341
0.3679, 5340
0.3685, 5339
0.3691, 5338
0.3697, 5337
0.3703, 5336
0.3709, 5335
0.3716, 5334
0.3723, 5333
0.3732, 5332
0.3742, 5331
0.3747, 5330
0.3754, 5329
0.3759, 5328
0.3765, 5327
0.3772, 5326
0.3778, 5325
0.3783, 5324
0.3789, 5323
0.3800, 5322
0.3809, 5321
0.3818, 5320
0.3826, 5319
0.3832, 5318
0.3838, 5317
0.3843, 5316
0.3851, 5315
0.3858, 5314
0.3864, 5313
0.3870, 5312
0.3878, 5311
0.3885, 5310
0.3891, 5309
0.3897, 5308
0.3906, 5307
0.3913, 5306
0.3919, 5305
0.3925, 5304
0.3931, 5303
0.3937, 5302
0.3943, 5301
0.3948, 5300
0.3955, 5299
0.3960, 5298
0.3966, 5297
0.3972, 5296
0.3979, 5295
0.3986, 5294
0.3992, 5293
0.3998, 5292
0.4006, 5291
0.4013, 5290
0.4020, 5289
0.4029, 5288
0.4035, 5287
0.4040, 5286
0.4047, 5285
0.4052, 5284
0.4059, 5283
0.4065, 5282
0.4070, 5281
0.4076, 5280
0.4082, 5279
0.4087, 5278
0.4093, 5277
0.4099, 5276
0.4106, 5275
0.4113, 5274
0.4121, 5273
0.4127, 5272
0.4132, 5271
0.4138, 5270
0.4145, 5269
0.4152, 5268
0.4157, 5267
0.4162, 5266
0.4168, 5265
0.4176, 5264
0.4182, 5263
0.4188, 5262
0.4194, 5261
0.4200, 5260
0.4208, 5259
0.4213, 5258
0.4219, 5257
0.4226, 5256
0.4233, 5255
0.4240, 5254
0.4249, 5253
0.4257, 5252
0.4264, 5251
0.4275, 5250
0.4281, 5249
0.4287, 5248
0.4294, 5247
0.4301, 5246
0.4308, 5245
0.4314, 5244
0.4321, 5243
0.4327, 5242
0.4332, 5241
0.4339, 5240
0.4345, 5239
0.4350, 5238
0.4356, 5237
0.4365, 5236
0.4370, 5235
0.4376, 5234
0.4382, 5233
0.4388, 5232
0.4395, 5231
0.4401, 5230
0.4406, 5229
0.4412, 5228
0.4419, 5227
0.4427, 5226
0.4432, 5225
0.4438, 5224
0.4447, 5223
0.4456, 5222
0.4462, 5221
0.4470, 5220
0.4477, 5219
0.4483, 5218
0.4489, 5217
0.4495, 5216
0.4502, 5215
0.4509, 5214
0.4515, 5213
0.4523, 5212
0.4530, 5211
0.4538, 5210
0.4546, 5209
0.4552, 5208
0.4559, 5207
0.4568, 5206
0.4575, 5205
0.4582, 5204
0.4590, 5203
0.4596, 5202
0.4603, 5201
0.4610, 5200
0.4618, 5199
0.4624, 5198
0.4632, 5197
0.4639, 5196
0.4645, 5195
0.4654, 5194
0.4659, 5193
0.4665, 5192
0.4671, 5191
0.4676, 5190
0.4684, 5189
0.4689, 5188
0.4694, 5187
0.4701, 5186
0.4707, 5185
0.4713, 5184
0.4719, 5183
0.4727, 5182
0.4734, 5181
0.4742, 5180
0.4751, 5179
0.4756, 5178
0.4765, 5177
0.4772, 5176
0.4778, 5175
0.4787, 5174
0.4794, 5173
0.4802, 5172
0.4808, 5171
0.4814, 5170
0.4819, 5169
0.4828, 5168
0.4833, 5167
0.4838, 5166
0.4845, 5165
0.4853, 5164
0.4859, 5163
0.4866, 5162
0.4873, 5161
0.4882, 5160
0.4890, 5159
0.4897, 5158
0.4904, 5157
0.4910, 5156
0.4915, 5155
0.4922, 5154
0.4928, 5153
0.4937, 5152
0.4943, 5151
0.4949, 5150
0.4956, 5149
0.4962, 5148
0.4969, 5147
0.4974, 5146
0.4979, 5145
0.4984, 5144
0.4991, 5143
0.4996, 5142
0.5002, 5141
0.5007, 5140
0.5013, 5139
0.5019, 5138
0.5026, 5137
0.5034, 5136
0.5040, 5135
0.5047, 5134
0.5054, 5133
0.5059, 5132
0.5065, 5131
0.5072, 5130
0.5079, 5129
0.5086, 5128
0.5092, 5127
0.5100, 5126
0.5108, 5125
0.5114, 5124
0.5119, 5123
0.5125, 5122
0.5131, 5121
0.5139, 5120
0.5144, 5119
0.5149, 5118
0.5155, 5117
0.5160, 5116
0.5165, 5115
0.5171, 5114
0.5180, 5113
0.5187, 5112
0.5194, 5111
0.5202, 5110
0.5207, 5109
0.5213, 5108
0.5218, 5107
0.5223, 5106
0.5230, 5105
0.5236, 5104
0.5242, 5103
0.5250, 5102
0.5256, 5101
0.5265, 5100
0.5271, 5099
0.5278, 5098
0.5286, 5097
0.5291, 5096
0.5299, 5095
0.5304, 5094
0.5310, 5093
0.5317, 5092
0.5323, 5091
0.5329, 5090
0.5334, 5089
0.5341, 5088
0.5349, 5087
0.5358, 5086
0.5365, 5085
0.5371, 5084
0.5377, 5083
0.5384, 5082
0.5391, 5081
0.5396, 5080
0.5403, 5079
0.5409, 5078
0.5415, 5077
0.5421, 5076
0.5427, 5075
0.5434, 5074
0.5441, 5073
0.5448, 5072
0.5455, 5071
0.5460, 5070
0.5465, 5069
0.5473, 5068
0.5483, 5067
0.5489, 5066
0.5496, 5065
0.5503, 5064
0.5514, 5063
0.5520, 5062
0.5527, 5061
0.5532, 5060
0.5540, 5059
0.5546, 5058
0.5551, 5057
0.5557, 5056
0.5562, 5055
0.5569, 5054
0.5575, 5053
0.5582, 5052
0.5588, 5051
0.5593, 5050
0.5599, 5049
0.5605, 5048
0.5613, 5047
0.5619, 5046
0.5629, 5045
0.5635, 5044
0.5641, 5043
0.5647, 5042
0.5652, 5041
0.5661, 5040
0.5666, 5039
0.5673, 5038
0.5681, 5037
0.5686, 5036
0.5691, 5035
0.5699, 5034
0.5706, 5033
0.5712, 5032
0.5719, 5031
0.5728, 5030
0.5734, 5029
0.5743, 5028
0.5748, 5027
0.5755, 5026
0.5761, 5025
0.5767, 5024
0.5774, 5023
0.5780, 5022
0.5786, 5021
0.5793, 5020
0.5803, 5019
0.5812, 5018
0.5818, 5017
0.5823, 5016
0.5828, 5015
0.5838, 5014
0.5844, 5013
0.5851, 5012
0.5858, 5011
0.5864, 5010
0.5871, 5009
0.5877, 5008
0.5882, 5007
0.5888, 5006
0.5897, 5005
0.5902, 5004
0.5910, 5003
0.5916, 5002
0.5922, 5001
0.5931, 5000
0.5937, 4999
0.5945, 4998
0.5951, 4997
0.5957, 4996
0.5963, 4995
0.5968, 4994
0.5974, 4993
0.5981, 4992
0.5987, 4991
0.5994, 4990
0.6001, 4989
0.6011, 4988
0.6018, 4987
0.6024, 4986
0.6030, 4985
0.6037, 4984
0.6044, 4983
0.6051, 4982
0.6058, 4981
0.6066, 4980
0.6075, 4979
0.6080, 4978
0.6086, 4977
0.6093, 4976
0.6103, 4975
0.6112, 4974
0.6118, 4973
0.6123, 4972
0.6130, 4971
0.6137, 4970
0.6143, 4969
0.6151, 4968
0.6157, 4967
0.6164, 4966
0.6171, 4965
0.6177, 4964
0.6182, 4963
0.6187, 4962
0.6194, 4961
0.6201, 4960
0.6207, 4959
0.6212, 4958
0.6217, 4957
0.6223, 4956
0.6230, 4955
0.6235, 4954
0.6241, 4953
0.6247, 4952
0.6254, 4951
0.6264, 4950
0.6272, 4949
0.6283, 4948
0.6288, 4947
0.6295, 4946
0.6303, 4945
0.6308, 4944
0.6314, 4943
0.6319, 4942
0.6324, 4941
0.6330, 4940
0.6335, 4939
0.6342, 4938
0.6347, 4937
0.6354, 4936
0.6361, 4935
0.6370, 4934
0.6378, 4933
0.6384, 4932
0.6389, 4931
0.6396, 4930
0.6402, 4929
0.6409, 4928
0.6414, 4927
0.6421, 4926
0.6429, 4925
0.6435, 4924
0.6441, 4923
0.6448, 4922
0.6455, 4921
0.6461, 4920
0.6467, 4919
0.6477, 4918
0.6485, 4917
0.6490, 4916
0.6499, 4915
0.6504, 4914
0.6509, 4913
0.6514, 4912
0.6519, 4911
0.6525, 4910
0.6530, 4909
0.6539, 4908
0.6544, 4907
0.6549, 4906
0.6555, 4905
0.6560, 4904
0.6566, 4903
0.6571, 4902
0.6578, 4901
0.6583, 4900
0.6592, 4899
0.6599, 4898
0.6604, 4897
0.6610, 4896
0.6615, 4895
0.6621, 4894
0.6628, 4893
0.6633, 4892
0.6642, 4891
0.6649, 4890
0.6657, 4889
0.6662, 4888
0.6668, 4887
0.6673, 4886
0.6679, 4885
0.6685, 4884
0.6691, 4883
0.6696, 4882
0.6702, 4881
0.6708, 4880
0.6714, 4879
0.6723, 4878
0.6728, 4877
0.6733, 4876
0.6740, 4875
0.6746, 4874
0.6751, 4873
0.6757, 4872
0.6764, 4871
0.6772, 4870
0.6779, 4869
0.6787, 4868
0.6793, 4867
0.6798, 4866
0.6803, 4865
0.6812, 4864
0.6820, 4863
0.6826, 4862
0.6832, 4861
0.6839, 4860
0.6846, 4859
0.6855, 4858
0.6861, 4857
0.6868, 4856
0.6877, 4855
0.6883, 4854
0.6895, 4853
0.6901, 4852
0.6906, 4851
0.6912, 4850
0.6921, 4849
0.6927, 4848
0.6934, 4847
0.6940, 4846
0.6945, 4845
0.6952, 4844
0.6957, 4843
0.6962, 4842
0.6967, 4841
0.6975, 4840
0.6981, 4839
0.6991, 4838
0.6998, 4837
0.7006, 4836
0.7011, 4835
0.7016, 4834
0.7023, 4833
0.7028, 4832
0.7035, 4831
0.7044, 4830
0.7049, 4829
0.7055, 4828
0.7062, 4827
0.7071, 4826
0.7080, 4825
0.7085, 4824
0.7092, 4823
0.7097, 4822
0.7103, 4821
0.7110, 4820
0.7114, 4819
0.7121, 4818
0.7126, 4817
0.7132, 4816
0.7137, 4815
0.7142, 4814
0.7151, 4813
0.7160, 4812
0.7167, 4811
0.7172, 4810
0.7181, 4809
0.7185, 4808
0.7190, 4807
0.7195, 4806
0.7200, 4805
0.7209, 4804
0.7217, 4803
0.7222, 4802
0.7228, 4801
0.7234, 4800
0.7240, 4799
0.7246, 4798
0.7251, 4797
0.7256, 4796
0.7262, 4795
0.7269, 4794
0.7276, 4793
0.7281, 4792
0.7288, 4791
0.7293, 4790
0.7301, 4789
0.7306, 4788
0.7313, 4787
0.7318, 4786
0.7323, 4785
0.7329, 4784
0.7334, 4783
0.7341, 4782
0.7347, 4781
0.7356, 4780
0.7364, 4779
0.7369, 4778
0.7378, 4777
0.7383, 4776
0.7389, 4775
0.7394, 4774
0.7404, 4773
0.7410, 4772
0.7417, 4771
0.7422, 4770
0.7428, 4769
0.7437, 4768
0.7443, 4767
0.7447, 4766
0.7453, 4765
0.7462, 4764
0.7471, 4763
0.7477, 4762
0.7483, 4761
0.7488, 4760
0.7494, 4759
0.7505, 4758
0.7511, 4757
0.7516, 4756
0.7524, 4755
0.7529, 4754
0.7534, 4753
0.7540, 4752
0.7545, 4751
0.7552, 4750
0.7558, 4749
0.7563, 4748
0.7569, 4747
0.7577, 4746
0.7583, 4745
0.7591, 4744
0.7598, 4743
0.7606, 4742
0.7614, 4741
0.7620, 4740
0.7625, 4739
0.7630, 4738
0.7635, 4737
0.7641, 4736
0.7650, 4735
0.7654, 4734
0.7660, 4733
0.7666, 4732
0.7670, 4731
0.7679, 4730
0.7684, 4729
0.7689, 4728
0.7695, 4727
0.7703, 4726
0.7710, 4725
0.7719, 4724
0.7728, 4723
0.7733, 4722
0.7741, 4721
0.7749, 4720
0.7754, 4719
0.7759, 4718
0.7764, 4717
0.7772, 4716
0.7780, 4715
0.7787, 4714
0.7796, 4713
0.7801, 4712
0.7809, 4711
0.7816, 4710
0.7826, 4709
0.7832, 4708
0.7841, 4707
0.7846, 4706
0.7855, 4705
0.7861, 4704
0.7868, 4703
0.7877, 4702
0.7886, 4701
0.7893, 4700
0.7902, 4699
0.7910, 4698
0.7917, 4697
0.7924, 4696
0.7932, 4695
0.7939, 4694
0.7948, 4693
0.7956, 4692
0.7965, 4691
0.7974, 4690
1.0236, 4689
1.2036, 4688
1.2451, 4687
1.3058, 4686
1.6639, 4685
1.6645, 4684
1.7467, 4683
1.8497, 4682
1.9696, 4681
2.1914, 4680
2.2510, 4679
2.3753, 4678
2.4358, 4677
2.6143, 4676
2.8933, 4675
2.9137, 4674
3.0138, 4673
3.1926, 4672
3.1933, 4671
3.2940, 4670
3.3749, 4669
3.4378, 4668
3.5377, 4667
3.6567, 4666
3.6573, 4665
3.6580, 4664
3.7187, 4663
4.2436, 4662
4.2641, 4661
4.7254, 4660
4.7651, 4659
4.8856, 4658
4.9480, 4657
5.0877, 4656
5.3457, 4655
5.7655, 4654
5.9234, 4653
5.9239, 4652
6.4038, 4651
6.5238, 4650
6.6638, 4649
7.3006, 4648
7.4191, 4647
7.5182, 4646
7.7975, 4645
7.7981, 4644
7.8590, 4643
7.8596, 4642
7.9785, 4641
8.3810, 4640
8.5214, 4639
8.5223, 4638
8.8090, 4637
8.9092, 4636
9.1916, 4635
9.3322, 4634
9.3927, 4633
9.6750, 4632
9.8569, 4631
