0.1104, 4688
0.1398, 4687
0.1504, 4683
0.1912, 4682
0.2420, 4681
0.2627, 4680
0.3838, 4679
0.4040, 4678
0.4346, 4674
0.4989, 4670
0.5137, 4669
0.6054, 4668
0.6155, 4667
0.6462, 4666
0.7659, 4665
0.8069, 4663
0.8376, 4661
0.8820, 4660
0.9070, 4659
0.9473, 4658
0.9878, 4657
1.0091, 4652
1.0415, 4649
1.1034, 4646
1.1756, 4642
1.2683, 4641
1.3493, 4640
1.3800, 4639
1.4205, 4637
1.4720, 4636
1.4929, 4635
1.5035, 4632
1.5244, 4631
1.6555, 4630
1.6865, 4629
1.7186, 4628
1.7798, 4626
1.8210, 4625
1.8416, 4624
1.9932, 4623
2.0807, 4622
2.2077, 4621
2.2482, 4620
2.4948, 4618
2.5357, 4617
2.6575, 4616
2.7590, 4615
2.8113, 4614
2.8437, 4613
3.0477, 4610
3.0583, 4609
3.0788, 4607
3.4785, 4606
3.5803, 4605
3.6511, 4604
3.8033, 4602
3.8339, 4601
3.9459, 4600
4.0289, 4599
4.0496, 4598
4.1391, 4597
4.1966, 4596
4.2479, 4595
4.2796, 4594
4.4746, 4593
4.5361, 4592
4.9049, 4590
5.3660, 4589
5.3766, 4588
5.4793, 4587
5.7615, 4586
5.9249, 4585
6.0261, 4584
7.2528, 4583
7.5042, 4582
7.8521, 4581
8.0966, 4580
8.1885, 4579
8.2616, 4578
8.4571, 4577
8.6441, 4576
9.1396, 4575
9.2016, 4573
9.2537, 4571
10.2662, 4570
