0.0000, 5900
0.0006, 5899
0.0013, 5898
0.0019, 5897
0.0029, 5896
0.0036, 5895
0.0043, 5894
0.0050, 5893
0.0059, 5892
0.0064, 5891
0.0072, 5890
0.0077, 5889
0.0082, 5888
0.0087, 5887
0.0096, 5886
0.0106, 5885
0.0112, 5884
0.0124, 5883
0.0131, 5882
0.0143, 5881
0.0148, 5880
0.0157, 5879
0.0166, 5878
0.0176, 5877
0.0181, 5876
0.0186, 5875
0.0191, 5874
0.0198, 5873
0.0209, 5872
0.0214, 5871
0.0219, 5870
0.0224, 5869
0.0231, 5868
0.0236, 5867
0.0241, 5866
0.0246, 5865
0.0255, 5864
0.0263, 5863
0.0269, 5862
0.0274, 5861
0.0280, 5860
0.0286, 5859
0.0291, 5858
0.0296, 5857
0.0302, 5856
0.0309, 5855
0.0315, 5854
0.0320, 5853
0.0326, 5852
0.0337, 5851
0.0347, 5850
0.0352, 5849
0.0357, 5848
0.0364, 5847
0.0369, 5846
0.0374, 5845
0.0382, 5844
0.0387, 5843
0.0392, 5842
0.0398, 5841
0.0405, 5840
0.0412, 5839
0.0417, 5838
0.0423, 5837
0.0429, 5836
0.0435, 5835
0.0441, 5834
0.0447, 5833
0.0454, 5832
0.0459, 5831
0.0465, 5830
0.0473, 5829
0.0479, 5828
0.0484, 5827
0.0490, 5826
0.0499, 5825
0.0505, 5824
0.0510, 5823
0.0519, 5822
0.0524, 5821
0.0529, 5820
0.0534, 5819
0.0540, 5818
0.0545, 5817
0.0554, 5816
0.0559, 5815
0.0569, 5814
0.0579, 5813
0.0586, 5812
0.0592, 5811
0.0601, 5810
0.0608, 5809
0.0614, 5808
0.0621, 5807
0.0627, 5806
0.0635, 5805
0.0641, 5804
0.0646, 5803
0.0651, 5802
0.0657, 5801
0.0662, 5800
0.0671, 5799
0.0676, 5798
0.0683, 5797
0.0689, 5796
0.0695, 5795
0.0700, 5794
0.0707, 5793
0.0713, 5792
0.0718, 5791
0.0723, 5790
0.0728, 5789
0.0733, 5788
0.0740, 5787
0.0745, 5786
0.0757, 5785
0.0768, 5784
0.0776, 5783
0.0781, 5782
0.0786, 5781
0.0791, 5780
0.0798, 5779
0.0806, 5778
0.0814, 5777
0.0822, 5776
0.0830, 5775
0.0836, 5774
0.0843, 5773
0.0854, 5772
0.0860, 5771
0.0871, 5770
0.0878, 5769
0.0883, 5768
0.0890, 5767
0.0896, 5766
0.0904, 5765
0.0912, 5764
0.0917, 5763
0.0923, 5762
0.0928, 5761
0.0934, 5760
0.0943, 5759
0.0949, 5758
0.0955, 5757
0.0960, 5756
0.0965, 5755
0.0971, 5754
0.0980, 5753
0.0986, 5752
0.0992, 5751
0.0997, 5750
0.1003, 5749
0.1011, 5748
0.1017, 5747
0.1022, 5746
0.1031, 5745
0.1042, 5744
0.1047, 5743
0.1053, 5742
0.1058, 5741
0.1068, 5740
0.1074, 5739
0.1080, 5738
0.1086, 5737
0.1091, 5736
0.1097, 5735
0.1102, 5734
0.1108, 5733
0.1114, 5732
0.1119, 5731
0.1124, 5730
0.1130, 5729
0.1135, 5728
0.1141, 5727
0.1146, 5726
0.1152, 5725
0.1159, 5724
0.1166, 5723
0.1177, 5722
0.1184, 5721
0.1190, 5720
0.1197, 5719
0.1205, 5718
0.1215, 5717
0.1223, 5716
0.1232, 5715
0.1243, 5714
0.1249, 5713
0.1255, 5712
0.1261, 5711
0.1267, 5710
0.1272, 5709
0.1280, 5708
0.1288, 5707
0.1294, 5706
0.1299, 5705
0.1306, 5704
0.1311, 5703
0.1317, 5702
0.1323, 5701
0.1329, 5700
0.1340, 5699
0.1345, 5698
0.1350, 5697
0.1356, 5696
0.1367, 5695
0.1374, 5694
0.1380, 5693
0.1386, 5692
0.1391, 5691
0.1396, 5690
0.1402, 5689
0.1408, 5688
0.1414, 5687
0.1419, 5686
0.1429, 5685
0.1435, 5684
0.1440, 5683
0.1446, 5682
0.1452, 5681
0.1458, 5680
0.1464, 5679
0.1470, 5678
0.1476, 5677
0.1482, 5676
0.1488, 5675
0.1494, 5674
0.1499, 5673
0.1505, 5672
0.1511, 5671
0.1517, 5670
0.1523, 5669
0.1529, 5668
0.1535, 5667
0.1540, 5666
0.1546, 5665
0.1551, 5664
0.1557, 5663
0.1563, 5662
0.1573, 5661
0.1578, 5660
0.1587, 5659
0.1593, 5658
0.1604, 5657
0.1614, 5656
0.1623, 5655
0.1629, 5654
0.1637, 5653
0.1644, 5652
0.1650, 5651
0.1656, 5650
0.1662, 5649
0.1668, 5648
0.1675, 5647
0.1681, 5646
0.1687, 5645
0.1694, 5644
0.1699, 5643
0.1705, 5642
0.1711, 5641
0.1718, 5640
0.1726, 5639
0.1735, 5638
0.1741, 5637
0.1746, 5636
0.1753, 5635
0.1764, 5634
0.1770, 5633
0.1781, 5632
0.1790, 5631
0.1796, 5630
0.1805, 5629
0.1814, 5628
0.1820, 5627
0.1831, 5626
0.1840, 5625
0.1846, 5624
0.1855, 5623
0.1861, 5622
0.1867, 5621
0.1874, 5620
0.1880, 5619
0.1889, 5618
0.1895, 5617
0.1901, 5616
0.1906, 5615
0.1913, 5614
0.1922, 5613
0.1928, 5612
0.1933, 5611
0.1939, 5610
0.1947, 5609
0.1953, 5608
0.1958, 5607
0.1964, 5606
0.1969, 5605
0.1976, 5604
0.1981, 5603
0.1986, 5602
0.1992, 5601
0.1997, 5600
0.2003, 5599
0.2008, 5598
0.2013, 5597
0.2018, 5596
0.2024, 5595
0.2033, 5594
0.2039, 5593
0.2049, 5592
0.2055, 5591
0.2063, 5590
0.2072, 5589
0.2081, 5588
0.2087, 5587
0.2093, 5586
0.2099, 5585
0.2106, 5584
0.2116, 5583
0.2122, 5582
0.2129, 5581
0.2134, 5580
0.2141, 5579
0.2148, 5578
0.2154, 5577
0.2165, 5576
0.2171, 5575
0.2177, 5574
0.2184, 5573
0.2190, 5572
0.2195, 5571
0.2203, 5570
0.2211, 5569
0.2217, 5568
0.2226, 5567
0.2232, 5566
0.2237, 5565
0.2243, 5564
0.2250, 5563
0.2261, 5562
0.2268, 5561
0.2273, 5560
0.2279, 5559
0.2284, 5558
0.2290, 5557
0.2300, 5556
0.2305, 5555
0.2311, 5554
0.2317, 5553
0.2326, 5552
0.2332, 5551
0.2338, 5550
0.2345, 5549
0.2351, 5548
0.2358, 5547
0.2365, 5546
0.2371, 5545
0.2376, 5544
0.2382, 5543
0.2387, 5542
0.2394, 5541
0.2401, 5540
0.2406, 5539
0.2411, 5538
0.2417, 5537
0.2423, 5536
0.2429, 5535
0.2436, 5534
0.2444, 5533
0.2450, 5532
0.2456, 5531
0.2461, 5530
0.2468, 5529
0.2474, 5528
0.2480, 5527
0.2485, 5526
0.2493, 5525
0.2499, 5524
0.2507, 5523
0.2516, 5522
0.2526, 5521
0.2535, 5520
0.2541, 5519
0.2548, 5518
0.2553, 5517
0.2560, 5516
0.2566, 5515
0.2574, 5514
0.2580, 5513
0.2586, 5512
0.2591, 5511
0.2597, 5510
0.2602, 5509
0.2608, 5508
0.2614, 5507
0.2622, 5506
0.2628, 5505
0.2633, 5504
0.2639, 5503
0.2648, 5502
0.2654, 5501
0.2661, 5500
0.2667, 5499
0.2676, 5498
0.2683, 5497
0.2689, 5496
0.2695, 5495
0.2702, 5494
0.2708, 5493
0.2714, 5492
0.2719, 5491
0.2729, 5490
0.2737, 5489
0.2743, 5488
0.2748, 5487
0.2754, 5486
0.2759, 5485
0.2768, 5484
0.2774, 5483
0.2779, 5482
0.2789, 5481
0.2795, 5480
0.2800, 5479
0.2805, 5478
0.2811, 5477
0.2817, 5476
0.2823, 5475
0.2829, 5474
0.2836, 5473
0.2842, 5472
0.2848, 5471
0.2854, 5470
0.2860, 5469
0.2866, 5468
0.2872, 5467
0.2877, 5466
0.2887, 5465
0.2893, 5464
0.2898, 5463
0.2904, 5462
0.2910, 5461
0.2916, 5460
0.2922, 5459
0.2929, 5458
0.2934, 5457
0.2941, 5456
0.2949, 5455
0.2956, 5454
0.2962, 5453
0.2969, 5452
0.2974, 5451
0.2982, 5450
0.2987, 5449
0.2994, 5448
0.3000, 5447
0.3006, 5446
0.3012, 5445
0.3018, 5444
0.3028, 5443
0.3034, 5442
0.3040, 5441
0.3045, 5440
0.3052, 5439
0.3058, 5438
0.3067, 5437
0.3075, 5436
0.3081, 5435
0.3087, 5434
0.3093, 5433
0.3099, 5432
0.3109, 5431
0.3114, 5430
0.3120, 5429
0.3126, 5428
0.3131, 5427
0.3138, 5426
0.3147, 5425
0.3153, 5424
0.3159, 5423
0.3166, 5422
0.3173, 5421
0.3180, 5420
0.3189, 5419
0.3195, 5418
0.3200, 5417
0.3211, 5416
0.3217, 5415
0.3223, 5414
0.3229, 5413
0.3235, 5412
0.3241, 5411
0.3246, 5410
0.3252, 5409
0.3257, 5408
0.3263, 5407
0.3270, 5406
0.3278, 5405
0.3287, 5404
0.3294, 5403
0.3302, 5402
0.3308, 5401
0.3313, 5400
0.3321, 5399
0.3329, 5398
0.3337, 5397
0.3343, 5396
0.3350, 5395
0.3358, 5394
0.3366, 5393
0.3372, 5392
0.3380, 5391
0.3385, 5390
0.3391, 5389
0.3397, 5388
0.3403, 5387
0.3409, 5386
0.3418, 5385
0.3423, 5384
0.3430, 5383
0.3437, 5382
0.3444, 5381
0.3451, 5380
0.3456, 5379
0.3462, 5378
0.3470, 5377
0.3476, 5376
0.3482, 5375
0.3489, 5374
0.3496, 5373
0.3502, 5372
0.3507, 5371
0.3514, 5370
0.3521, 5369
0.3528, 5368
0.3535, 5367
0.3540, 5366
0.3548, 5365
0.3554, 5364
0.3561, 5363
0.3571, 5362
0.3577, 5361
0.3585, 5360
0.3591, 5359
0.3598, 5358
0.3604, 5357
0.3615, 5356
0.3621, 5355
0.3627, 5354
0.3633, 5353
0.3640, 5352
0.3646, 5351
0.3654, 5350
0.3660, 5349
0.3665, 5348
0.3671, 5347
0.3678, 5346
0.3686, 5345
0.3695, 5344
0.3700, 5343
0.3707, 5342
0.3714, 5341
0.3719, 5340
0.3726, 5339
0.3731, 5338
0.3738, 5337
0.3744, 5336
0.3750, 5335
0.3756, 5334
0.3764, 5333
0.3772, 5332
0.3783, 5331
0.3789, 5330
0.3795, 5329
0.3801, 5328
0.3807, 5327
0.3813, 5326
0.3819, 5325
0.3825, 5324
0.3831, 5323
0.3841, 5322
0.3851, 5321
0.3860, 5320
0.3868, 5319
0.3874, 5318
0.3880, 5317
0.3885, 5316
0.3893, 5315
0.3900, 5314
0.3906, 5313
0.3912, 5312
0.3920, 5311
0.3927, 5310
0.3933, 5309
0.3939, 5308
0.3948, 5307
0.3955, 5306
0.3961, 5305
0.3967, 5304
0.3973, 5303
0.3979, 5302
0.3985, 5301
0.3990, 5300
0.3997, 5299
0.4003, 5298
0.4010, 5297
0.4016, 5296
0.4023, 5295
0.4030, 5294
0.4035, 5293
0.4041, 5292
0.4049, 5291
0.4056, 5290
0.4063, 5289
0.4072, 5288
0.4078, 5287
0.4084, 5286
0.4091, 5285
0.4096, 5284
0.4103, 5283
0.4109, 5282
0.4115, 5281
0.4120, 5280
0.4127, 5279
0.4132, 5278
0.4138, 5277
0.4144, 5276
0.4151, 5275
0.4158, 5274
0.4167, 5273
0.4173, 5272
0.4178, 5271
0.4184, 5270
0.4191, 5269
0.4198, 5268
0.4203, 5267
0.4208, 5266
0.4214, 5265
0.4221, 5264
0.4228, 5263
0.4234, 5262
0.4240, 5261
0.4246, 5260
0.4254, 5259
0.4259, 5258
0.4265, 5257
0.4272, 5256
0.4279, 5255
0.4286, 5254
0.4295, 5253
0.4303, 5252
0.4310, 5251
0.4321, 5250
0.4326, 5249
0.4332, 5248
0.4338, 5247
0.4345, 5246
0.4352, 5245
0.4359, 5244
0.4366, 5243
0.4371, 5242
0.4377, 5241
0.4383, 5240
0.4389, 5239
0.4394, 5238
0.4400, 5237
0.4409, 5236
0.4415, 5235
0.4421, 5234
0.4427, 5233
0.4433, 5232
0.4440, 5231
0.4446, 5230
0.4452, 5229
0.4457, 5228
0.4464, 5227
0.4472, 5226
0.4478, 5225
0.4484, 5224
0.4494, 5223
0.4503, 5222
0.4509, 5221
0.4517, 5220
0.4524, 5219
0.4530, 5218
0.4535, 5217
0.4542, 5216
0.4549, 5215
0.4556, 5214
0.4561, 5213
0.4569, 5212
0.4576, 5211
0.4584, 5210
0.4592, 5209
0.4598, 5208
0.4605, 5207
0.4614, 5206
0.4621, 5205
0.4628, 5204
0.4636, 5203
0.4642, 5202
0.4649, 5201
0.4655, 5200
0.4663, 5199
0.4670, 5198
0.4677, 5197
0.4684, 5196
0.4690, 5195
0.4698, 5194
0.4703, 5193
0.4709, 5192
0.4715, 5191
0.4721, 5190
0.4728, 5189
0.4733, 5188
0.4738, 5187
0.4744, 5186
0.4750, 5185
0.4756, 5184
0.4762, 5183
0.4770, 5182
0.4777, 5181
0.4785, 5180
0.4794, 5179
0.4799, 5178
0.4808, 5177
0.4815, 5176
0.4821, 5175
0.4829, 5174
0.4836, 5173
0.4844, 5172
0.4850, 5171
0.4856, 5170
0.4861, 5169
0.4869, 5168
0.4875, 5167
0.4880, 5166
0.4887, 5165
0.4895, 5164
0.4901, 5163
0.4909, 5162
0.4915, 5161
0.4926, 5160
0.4933, 5159
0.4941, 5158
0.4947, 5157
0.4954, 5156
0.4959, 5155
0.4966, 5154
0.4973, 5153
0.4982, 5152
0.4989, 5151
0.4994, 5150
0.5002, 5149
0.5008, 5148
0.5014, 5147
0.5019, 5146
0.5024, 5145
0.5029, 5144
0.5036, 5143
0.5042, 5142
0.5047, 5141
0.5053, 5140
0.5059, 5139
0.5065, 5138
0.5071, 5137
0.5079, 5136
0.5085, 5135
0.5092, 5134
0.5098, 5133
0.5104, 5132
0.5109, 5131
0.5116, 5130
0.5123, 5129
0.5129, 5128
0.5136, 5127
0.5144, 5126
0.5152, 5125
0.5159, 5124
0.5164, 5123
0.5171, 5122
0.5176, 5121
0.5184, 5120
0.5189, 5119
0.5195, 5118
0.5200, 5117
0.5205, 5116
0.5210, 5115
0.5216, 5114
0.5226, 5113
0.5232, 5112
0.5240, 5111
0.5248, 5110
0.5254, 5109
0.5259, 5108
0.5264, 5107
0.5270, 5106
0.5277, 5105
0.5283, 5104
0.5290, 5103
0.5297, 5102
0.5303, 5101
0.5312, 5100
0.5319, 5099
0.5326, 5098
0.5334, 5097
0.5340, 5096
0.5347, 5095
0.5353, 5094
0.5359, 5093
0.5366, 5092
0.5372, 5091
0.5379, 5090
0.5384, 5089
0.5391, 5088
0.5398, 5087
0.5407, 5086
0.5414, 5085
0.5419, 5084
0.5426, 5083
0.5433, 5082
0.5439, 5081
0.5445, 5080
0.5452, 5079
0.5458, 5078
0.5464, 5077
0.5470, 5076
0.5476, 5075
0.5483, 5074
0.5490, 5073
0.5497, 5072
0.5503, 5071
0.5508, 5070
0.5514, 5069
0.5522, 5068
0.5531, 5067
0.5537, 5066
0.5544, 5065
0.5552, 5064
0.5562, 5063
0.5568, 5062
0.5575, 5061
0.5580, 5060
0.5588, 5059
0.5594, 5058
0.5599, 5057
0.5605, 5056
0.5610, 5055
0.5617, 5054
0.5624, 5053
0.5630, 5052
0.5636, 5051
0.5641, 5050
0.5647, 5049
0.5653, 5048
0.5661, 5047
0.5667, 5046
0.5677, 5045
0.5683, 5044
0.5689, 5043
0.5695, 5042
0.5700, 5041
0.5710, 5040
0.5715, 5039
0.5721, 5038
0.5729, 5037
0.5735, 5036
0.5739, 5035
0.5747, 5034
0.5754, 5033
0.5761, 5032
0.5767, 5031
0.5776, 5030
0.5783, 5029
0.5792, 5028
0.5797, 5027
0.5804, 5026
0.5810, 5025
0.5817, 5024
0.5824, 5023
0.5829, 5022
0.5835, 5021
0.5843, 5020
0.5853, 5019
0.5862, 5018
0.5867, 5017
0.5872, 5016
0.5877, 5015
0.5887, 5014
0.5893, 5013
0.5900, 5012
0.5907, 5011
0.5913, 5010
0.5920, 5009
0.5926, 5008
0.5931, 5007
0.5937, 5006
0.5946, 5005
0.5951, 5004
0.5959, 5003
0.5965, 5002
0.5971, 5001
0.5980, 5000
0.5986, 4999
0.5994, 4998
0.6000, 4997
0.6006, 4996
0.6013, 4995
0.6019, 4994
0.6025, 4993
0.6032, 4992
0.6038, 4991
0.6045, 4990
0.6053, 4989
0.6063, 4988
0.6070, 4987
0.6076, 4986
0.6082, 4985
0.6088, 4984
0.6096, 4983
0.6102, 4982
0.6109, 4981
0.6117, 4980
0.6126, 4979
0.6131, 4978
0.6137, 4977
0.6144, 4976
0.6153, 4975
0.6163, 4974
0.6169, 4973
0.6174, 4972
0.6182, 4971
0.6188, 4970
0.6193, 4969
0.6201, 4968
0.6208, 4967
0.6214, 4966
0.6221, 4965
0.6227, 4964
0.6232, 4963
0.6238, 4962
0.6245, 4961
0.6252, 4960
0.6257, 4959
0.6262, 4958
0.6267, 4957
0.6273, 4956
0.6281, 4955
0.6286, 4954
0.6292, 4953
0.6298, 4952
0.6305, 4951
0.6314, 4950
0.6322, 4949
0.6333, 4948
0.6339, 4947
0.6345, 4946
0.6353, 4945
0.6359, 4944
0.6365, 4943
0.6371, 4942
0.6376, 4941
0.6382, 4940
0.6388, 4939
0.6394, 4938
0.6399, 4937
0.6406, 4936
0.6412, 4935
0.6422, 4934
0.6431, 4933
0.6436, 4932
0.6442, 4931
0.6448, 4930
0.6455, 4929
0.6462, 4928
0.6467, 4927
0.6474, 4926
0.6481, 4925
0.6487, 4924
0.6493, 4923
0.6501, 4922
0.6508, 4921
0.6514, 4920
0.6520, 4919
0.6529, 4918
0.6538, 4917
0.6543, 4916
0.6551, 4915
0.6556, 4914
0.6562, 4913
0.6567, 4912
0.6572, 4911
0.6578, 4910
0.6583, 4909
0.6593, 4908
0.6598, 4907
0.6603, 4906
0.6609, 4905
0.6614, 4904
0.6620, 4903
0.6625, 4902
0.6632, 4901
0.6638, 4900
0.6647, 4899
0.6654, 4898
0.6659, 4897
0.6665, 4896
0.6670, 4895
0.6677, 4894
0.6683, 4893
0.6688, 4892
0.6697, 4891
0.6704, 4890
0.6711, 4889
0.6716, 4888
0.6722, 4887
0.6728, 4886
0.6734, 4885
0.6739, 4884
0.6745, 4883
0.6751, 4882
0.6757, 4881
0.6763, 4880
0.6769, 4879
0.6777, 4878
0.6783, 4877
0.6788, 4876
0.6795, 4875
0.6801, 4874
0.6806, 4873
0.6811, 4872
0.6819, 4871
0.6827, 4870
0.6834, 4869
0.6842, 4868
0.6848, 4867
0.6853, 4866
0.6858, 4865
0.6868, 4864
0.6876, 4863
0.6881, 4862
0.6887, 4861
0.6894, 4860
0.6900, 4859
0.6909, 4858
0.6915, 4857
0.6923, 4856
0.6932, 4855
0.6938, 4854
0.6949, 4853
0.6955, 4852
0.6960, 4851
0.6966, 4850
0.6975, 4849
0.6982, 4848
0.6989, 4847
0.6995, 4846
0.7000, 4845
0.7008, 4844
0.7013, 4843
0.7019, 4842
0.7023, 4841
0.7031, 4840
0.7037, 4839
0.7047, 4838
0.7054, 4837
0.7061, 4836
0.7065, 4835
0.7071, 4834
0.7077, 4833
0.7083, 4832
0.7088, 4831
0.7098, 4830
0.7103, 4829
0.7110, 4828
0.7116, 4827
0.7125, 4826
0.7133, 4825
0.7138, 4824
0.7146, 4823
0.7151, 4822
0.7157, 4821
0.7164, 4820
0.7169, 4819
0.7176, 4818
0.7181, 4817
0.7187, 4816
0.7192, 4815
0.7198, 4814
0.7207, 4813
0.7217, 4812
0.7224, 4811
0.7229, 4810
0.7239, 4809
0.7244, 4808
0.7249, 4807
0.7254, 4806
0.7260, 4805
0.7269, 4804
0.7278, 4803
0.7283, 4802
0.7289, 4801
0.7297, 4800
0.7303, 4799
0.7309, 4798
0.7314, 4797
0.7320, 4796
0.7327, 4795
0.7334, 4794
0.7341, 4793
0.7347, 4792
0.7356, 4791
0.7361, 4790
0.7370, 4789
0.7376, 4788
0.7386, 4787
0.7392, 4786
0.7397, 4785
0.7403, 4784
0.7409, 4783
0.7416, 4782
0.7422, 4781
0.7431, 4780
0.7440, 4779
0.7464, 4778
0.7473, 4777
0.7478, 4776
0.7484, 4775
0.7489, 4774
0.7500, 4773
0.7506, 4772
0.7513, 4771
0.7518, 4770
0.7524, 4769
0.7533, 4768
0.7539, 4767
0.7544, 4766
0.7550, 4765
0.7560, 4764
0.7569, 4763
0.7576, 4762
0.7582, 4761
0.7587, 4760
0.7594, 4759
0.7605, 4758
0.7612, 4757
0.7618, 4756
0.7626, 4755
0.7632, 4754
0.7637, 4753
0.7642, 4752
0.7647, 4751
0.7655, 4750
0.7661, 4749
0.7666, 4748
0.7672, 4747
0.7681, 4746
0.7687, 4745
0.7696, 4744
0.7703, 4743
0.7711, 4742
0.7719, 4741
0.7725, 4740
0.7730, 4739
0.7735, 4738
0.7740, 4737
0.7747, 4736
0.7756, 4735
0.7761, 4734
0.7767, 4733
0.7772, 4732
0.7777, 4731
0.7785, 4730
0.7791, 4729
0.7796, 4728
0.7801, 4727
0.7810, 4726
0.7818, 4725
0.7826, 4724
0.7835, 4723
0.7840, 4722
0.7848, 4721
0.7856, 4720
0.7861, 4719
0.7867, 4718
0.7872, 4717
0.7879, 4716
0.7887, 4715
0.7896, 4714
0.7904, 4713
0.7908, 4712
0.7916, 4711
0.7924, 4710
0.7933, 4709
0.7940, 4708
0.7948, 4707
0.7954, 4706
0.7962, 4705
0.7968, 4704
0.7976, 4703
0.7986, 4702
0.7995, 4701
0.8003, 4700
0.8012, 4699
0.8020, 4698
0.8028, 4697
0.8035, 4696
0.8044, 4695
0.8051, 4694
0.8060, 4693
0.8069, 4692
0.8078, 4691
0.8088, 4690
1.0359, 4689
1.2553, 4688
1.2558, 4687
1.3361, 4686
1.6558, 4685
1.6763, 4684
1.7368, 4683
1.8554, 4682
1.9796, 4681
2.1998, 4680
2.2599, 4679
2.3812, 4678
2.4218, 4677
2.6223, 4676
2.9240, 4675
2.9249, 4674
3.0467, 4673
3.2470, 4672
3.2477, 4671
3.3083, 4670
3.4088, 4669
3.4690, 4668
3.5288, 4667
3.6475, 4666
3.6871, 4665
3.6878, 4664
3.7275, 4663
4.2504, 4662
4.2720, 4661
4.7468, 4660
4.7949, 4659
4.9307, 4658
4.9985, 4657
5.1819, 4656
5.4697, 4655
5.8948, 4654
5.9553, 4653
5.9558, 4652
6.5287, 4651
6.7774, 4650
6.7780, 4649
7.4460, 4648
7.5681, 4647
7.6686, 4646
7.9480, 4645
7.9486, 4644
8.0086, 4643
8.0092, 4642
8.0502, 4641
8.4907, 4640
8.6309, 4639
8.6728, 4638
8.9135, 4637
9.0548, 4636
9.3164, 4635
9.4787, 4634
9.5409, 4633
9.8280, 4632
