0.0000, 5900
0.0005, 5899
0.0012, 5898
0.0018, 5897
0.0028, 5896
0.0036, 5895
0.0043, 5894
0.0049, 5893
0.0058, 5892
0.0063, 5891
0.0071, 5890
0.0077, 5889
0.0082, 5888
0.0087, 5887
0.0096, 5886
0.0106, 5885
0.0112, 5884
0.0124, 5883
0.0131, 5882
0.0142, 5881
0.0147, 5880
0.0156, 5879
0.0166, 5878
0.0175, 5877
0.0180, 5876
0.0186, 5875
0.0191, 5874
0.0198, 5873
0.0209, 5872
0.0214, 5871
0.0219, 5870
0.0224, 5869
0.0231, 5868
0.0236, 5867
0.0242, 5866
0.0247, 5865
0.0256, 5864
0.0264, 5863
0.0270, 5862
0.0275, 5861
0.0281, 5860
0.0287, 5859
0.0292, 5858
0.0297, 5857
0.0303, 5856
0.0310, 5855
0.0316, 5854
0.0321, 5853
0.0326, 5852
0.0336, 5851
0.0345, 5850
0.0351, 5849
0.0356, 5848
0.0362, 5847
0.0368, 5846
0.0374, 5845
0.0382, 5844
0.0387, 5843
0.0392, 5842
0.0397, 5841
0.0405, 5840
0.0412, 5839
0.0417, 5838
0.0422, 5837
0.0429, 5836
0.0436, 5835
0.0442, 5834
0.0447, 5833
0.0455, 5832
0.0460, 5831
0.0465, 5830
0.0473, 5829
0.0479, 5828
0.0484, 5827
0.0490, 5826
0.0499, 5825
0.0504, 5824
0.0509, 5823
0.0518, 5822
0.0523, 5821
0.0528, 5820
0.0534, 5819
0.0539, 5818
0.0545, 5817
0.0554, 5816
0.0559, 5815
0.0569, 5814
0.0579, 5813
0.0586, 5812
0.0592, 5811
0.0602, 5810
0.0609, 5809
0.0615, 5808
0.0621, 5807
0.0626, 5806
0.0635, 5805
0.0640, 5804
0.0646, 5803
0.0651, 5802
0.0656, 5801
0.0661, 5800
0.0670, 5799
0.0675, 5798
0.0682, 5797
0.0687, 5796
0.0694, 5795
0.0699, 5794
0.0706, 5793
0.0712, 5792
0.0717, 5791
0.0723, 5790
0.0728, 5789
0.0733, 5788
0.0739, 5787
0.0744, 5786
0.0757, 5785
0.0767, 5784
0.0775, 5783
0.0780, 5782
0.0786, 5781
0.0791, 5780
0.0798, 5779
0.0806, 5778
0.0812, 5777
0.0820, 5776
0.0826, 5775
0.0832, 5774
0.0839, 5773
0.0850, 5772
0.0856, 5771
0.0868, 5770
0.0875, 5769
0.0880, 5768
0.0888, 5767
0.0893, 5766
0.0900, 5765
0.0909, 5764
0.0914, 5763
0.0920, 5762
0.0925, 5761
0.0930, 5760
0.0940, 5759
0.0945, 5758
0.0951, 5757
0.0956, 5756
0.0961, 5755
0.0967, 5754
0.0975, 5753
0.0982, 5752
0.0988, 5751
0.0993, 5750
0.0998, 5749
0.1007, 5748
0.1012, 5747
0.1017, 5746
0.1026, 5745
0.1037, 5744
0.1042, 5743
0.1048, 5742
0.1053, 5741
0.1063, 5740
0.1069, 5739
0.1075, 5738
0.1080, 5737
0.1086, 5736
0.1091, 5735
0.1097, 5734
0.1102, 5733
0.1109, 5732
0.1114, 5731
0.1120, 5730
0.1125, 5729
0.1131, 5728
0.1136, 5727
0.1141, 5726
0.1147, 5725
0.1155, 5724
0.1161, 5723
0.1172, 5722
0.1178, 5721
0.1184, 5720
0.1191, 5719
0.1199, 5718
0.1209, 5717
0.1217, 5716
0.1226, 5715
0.1236, 5714
0.1242, 5713
0.1248, 5712
0.1254, 5711
0.1260, 5710
0.1265, 5709
0.1273, 5708
0.1281, 5707
0.1287, 5706
0.1292, 5705
0.1298, 5704
0.1303, 5703
0.1309, 5702
0.1315, 5701
0.1321, 5700
0.1331, 5699
0.1337, 5698
0.1342, 5697
0.1347, 5696
0.1358, 5695
0.1365, 5694
0.1371, 5693
0.1377, 5692
0.1383, 5691
0.1388, 5690
0.1393, 5689
0.1400, 5688
0.1406, 5687
0.1411, 5686
0.1421, 5685
0.1427, 5684
0.1432, 5683
0.1438, 5682
0.1444, 5681
0.1450, 5680
0.1456, 5679
0.1462, 5678
0.1468, 5677
0.1474, 5676
0.1480, 5675
0.1486, 5674
0.1491, 5673
0.1497, 5672
0.1503, 5671
0.1509, 5670
0.1515, 5669
0.1521, 5668
0.1527, 5667
0.1533, 5666
0.1539, 5665
0.1544, 5664
0.1550, 5663
0.1556, 5662
0.1566, 5661
0.1573, 5660
0.1581, 5659
0.1587, 5658
0.1599, 5657
0.1609, 5656
0.1618, 5655
0.1625, 5654
0.1633, 5653
0.1639, 5652
0.1645, 5651
0.1650, 5650
0.1656, 5649
0.1662, 5648
0.1669, 5647
0.1675, 5646
0.1680, 5645
0.1688, 5644
0.1693, 5643
0.1699, 5642
0.1705, 5641
0.1712, 5640
0.1720, 5639
0.1729, 5638
0.1734, 5637
0.1740, 5636
0.1746, 5635
0.1757, 5634
0.1763, 5633
0.1774, 5632
0.1782, 5631
0.1788, 5630
0.1798, 5629
0.1807, 5628
0.1813, 5627
0.1825, 5626
0.1833, 5625
0.1840, 5624
0.1849, 5623
0.1854, 5622
0.1860, 5621
0.1868, 5620
0.1874, 5619
0.1884, 5618
0.1890, 5617
0.1896, 5616
0.1902, 5615
0.1909, 5614
0.1918, 5613
0.1924, 5612
0.1929, 5611
0.1935, 5610
0.1944, 5609
0.1950, 5608
0.1956, 5607
0.1962, 5606
0.1968, 5605
0.1974, 5604
0.1980, 5603
0.1986, 5602
0.1992, 5601
0.1997, 5600
0.2002, 5599
0.2008, 5598
0.2013, 5597
0.2018, 5596
0.2024, 5595
0.2033, 5594
0.2039, 5593
0.2048, 5592
0.2054, 5591
0.2062, 5590
0.2070, 5589
0.2079, 5588
0.2085, 5587
0.2091, 5586
0.2097, 5585
0.2104, 5584
0.2113, 5583
0.2120, 5582
0.2126, 5581
0.2132, 5580
0.2138, 5579
0.2144, 5578
0.2151, 5577
0.2161, 5576
0.2167, 5575
0.2173, 5574
0.2180, 5573
0.2186, 5572
0.2192, 5571
0.2200, 5570
0.2209, 5569
0.2215, 5568
0.2223, 5567
0.2229, 5566
0.2234, 5565
0.2241, 5564
0.2248, 5563
0.2260, 5562
0.2267, 5561
0.2272, 5560
0.2278, 5559
0.2284, 5558
0.2290, 5557
0.2300, 5556
0.2306, 5555
0.2312, 5554
0.2318, 5553
0.2327, 5552
0.2333, 5551
0.2339, 5550
0.2345, 5549
0.2351, 5548
0.2358, 5547
0.2364, 5546
0.2370, 5545
0.2375, 5544
0.2381, 5543
0.2386, 5542
0.2393, 5541
0.2399, 5540
0.2405, 5539
0.2410, 5538
0.2416, 5537
0.2422, 5536
0.2427, 5535
0.2434, 5534
0.2442, 5533
0.2448, 5532
0.2454, 5531
0.2459, 5530
0.2465, 5529
0.2471, 5528
0.2476, 5527
0.2481, 5526
0.2490, 5525
0.2497, 5524
0.2504, 5523
0.2513, 5522
0.2524, 5521
0.2533, 5520
0.2540, 5519
0.2547, 5518
0.2553, 5517
0.2560, 5516
0.2566, 5515
0.2574, 5514
0.2580, 5513
0.2586, 5512
0.2592, 5511
0.2597, 5510
0.2603, 5509
0.2609, 5508
0.2615, 5507
0.2622, 5506
0.2628, 5505
0.2633, 5504
0.2639, 5503
0.2648, 5502
0.2654, 5501
0.2660, 5500
0.2666, 5499
0.2675, 5498
0.2682, 5497
0.2688, 5496
0.2694, 5495
0.2701, 5494
0.2707, 5493
0.2713, 5492
0.2718, 5491
0.2728, 5490
0.2736, 5489
0.2742, 5488
0.2747, 5487
0.2753, 5486
0.2758, 5485
0.2768, 5484
0.2773, 5483
0.2779, 5482
0.2789, 5481
0.2795, 5480
0.2800, 5479
0.2806, 5478
0.2811, 5477
0.2817, 5476
0.2824, 5475
0.2829, 5474
0.2837, 5473
0.2843, 5472
0.2849, 5471
0.2855, 5470
0.2861, 5469
0.2867, 5468
0.2873, 5467
0.2878, 5466
0.2889, 5465
0.2894, 5464
0.2899, 5463
0.2905, 5462
0.2913, 5461
0.2920, 5460
0.2926, 5459
0.2932, 5458
0.2939, 5457
0.2945, 5456
0.2953, 5455
0.2960, 5454
0.2966, 5453
0.2973, 5452
0.2978, 5451
0.2986, 5450
0.2991, 5449
0.2998, 5448
0.3004, 5447
0.3010, 5446
0.3015, 5445
0.3021, 5444
0.3031, 5443
0.3038, 5442
0.3044, 5441
0.3049, 5440
0.3056, 5439
0.3062, 5438
0.3071, 5437
0.3079, 5436
0.3085, 5435
0.3091, 5434
0.3097, 5433
0.3103, 5432
0.3113, 5431
0.3118, 5430
0.3124, 5429
0.3130, 5428
0.3135, 5427
0.3142, 5426
0.3151, 5425
0.3157, 5424
0.3164, 5423
0.3171, 5422
0.3178, 5421
0.3185, 5420
0.3194, 5419
0.3200, 5418
0.3205, 5417
0.3216, 5416
0.3222, 5415
0.3228, 5414
0.3234, 5413
0.3240, 5412
0.3247, 5411
0.3252, 5410
0.3257, 5409
0.3263, 5408
0.3268, 5407
0.3275, 5406
0.3283, 5405
0.3291, 5404
0.3299, 5403
0.3307, 5402
0.3313, 5401
0.3318, 5400
0.3326, 5399
0.3334, 5398
0.3341, 5397
0.3348, 5396
0.3354, 5395
0.3362, 5394
0.3370, 5393
0.3377, 5392
0.3384, 5391
0.3389, 5390
0.3395, 5389
0.3401, 5388
0.3407, 5387
0.3413, 5386
0.3422, 5385
0.3427, 5384
0.3434, 5383
0.3440, 5382
0.3448, 5381
0.3454, 5380
0.3459, 5379
0.3465, 5378
0.3473, 5377
0.3479, 5376
0.3485, 5375
0.3491, 5374
0.3498, 5373
0.3505, 5372
0.3510, 5371
0.3517, 5370
0.3524, 5369
0.3531, 5368
0.3538, 5367
0.3544, 5366
0.3552, 5365
0.3559, 5364
0.3566, 5363
0.3576, 5362
0.3582, 5361
0.3590, 5360
0.3598, 5359
0.3604, 5358
0.3611, 5357
0.3622, 5356
0.3628, 5355
0.3634, 5354
0.3641, 5353
0.3648, 5352
0.3654, 5351
0.3662, 5350
0.3668, 5349
0.3674, 5348
0.3680, 5347
0.3686, 5346
0.3695, 5345
0.3703, 5344
0.3709, 5343
0.3716, 5342
0.3723, 5341
0.3728, 5340
0.3734, 5339
0.3739, 5338
0.3745, 5337
0.3751, 5336
0.3758, 5335
0.3764, 5334
0.3771, 5333
0.3780, 5332
0.3790, 5331
0.3795, 5330
0.3801, 5329
0.3807, 5328
0.3814, 5327
0.3820, 5326
0.3827, 5325
0.3832, 5324
0.3839, 5323
0.3849, 5322
0.3858, 5321
0.3869, 5320
0.3876, 5319
0.3882, 5318
0.3888, 5317
0.3893, 5316
0.3901, 5315
0.3908, 5314
0.3915, 5313
0.3921, 5312
0.3929, 5311
0.3936, 5310
0.3941, 5309
0.3948, 5308
0.3957, 5307
0.3964, 5306
0.3970, 5305
0.3976, 5304
0.3982, 5303
0.3989, 5302
0.3995, 5301
0.4000, 5300
0.4007, 5299
0.4012, 5298
0.4019, 5297
0.4024, 5296
0.4032, 5295
0.4039, 5294
0.4044, 5293
0.4050, 5292
0.4058, 5291
0.4065, 5290
0.4072, 5289
0.4080, 5288
0.4086, 5287
0.4092, 5286
0.4099, 5285
0.4105, 5284
0.4112, 5283
0.4118, 5282
0.4123, 5281
0.4129, 5280
0.4135, 5279
0.4140, 5278
0.4147, 5277
0.4154, 5276
0.4161, 5275
0.4167, 5274
0.4176, 5273
0.4182, 5272
0.4188, 5271
0.4193, 5270
0.4200, 5269
0.4207, 5268
0.4212, 5267
0.4218, 5266
0.4225, 5265
0.4232, 5264
0.4239, 5263
0.4245, 5262
0.4251, 5261
0.4257, 5260
0.4265, 5259
0.4270, 5258
0.4277, 5257
0.4283, 5256
0.4291, 5255
0.4297, 5254
0.4307, 5253
0.4315, 5252
0.4322, 5251
0.4333, 5250
0.4339, 5249
0.4345, 5248
0.4351, 5247
0.4358, 5246
0.4364, 5245
0.4371, 5244
0.4377, 5243
0.4383, 5242
0.4388, 5241
0.4395, 5240
0.4401, 5239
0.4406, 5238
0.4412, 5237
0.4421, 5236
0.4426, 5235
0.4432, 5234
0.4438, 5233
0.4444, 5232
0.4452, 5231
0.4458, 5230
0.4464, 5229
0.4470, 5228
0.4478, 5227
0.4487, 5226
0.4493, 5225
0.4499, 5224
0.4509, 5223
0.4518, 5222
0.4525, 5221
0.4533, 5220
0.4540, 5219
0.4546, 5218
0.4551, 5217
0.4558, 5216
0.4565, 5215
0.4572, 5214
0.4578, 5213
0.4585, 5212
0.4593, 5211
0.4600, 5210
0.4610, 5209
0.4616, 5208
0.4623, 5207
0.4632, 5206
0.4639, 5205
0.4646, 5204
0.4654, 5203
0.4660, 5202
0.4667, 5201
0.4674, 5200
0.4682, 5199
0.4689, 5198
0.4696, 5197
0.4703, 5196
0.4709, 5195
0.4718, 5194
0.4723, 5193
0.4729, 5192
0.4735, 5191
0.4740, 5190
0.4748, 5189
0.4753, 5188
0.4758, 5187
0.4765, 5186
0.4771, 5185
0.4777, 5184
0.4783, 5183
0.4791, 5182
0.4798, 5181
0.4806, 5180
0.4815, 5179
0.4822, 5178
0.4830, 5177
0.4837, 5176
0.4844, 5175
0.4853, 5174
0.4860, 5173
0.4868, 5172
0.4874, 5171
0.4880, 5170
0.4885, 5169
0.4894, 5168
0.4900, 5167
0.4905, 5166
0.4912, 5165
0.4921, 5164
0.4927, 5163
0.4935, 5162
0.4941, 5161
0.4952, 5160
0.4959, 5159
0.4967, 5158
0.4973, 5157
0.4980, 5156
0.4985, 5155
0.4992, 5154
0.4999, 5153
0.5007, 5152
0.5014, 5151
0.5020, 5150
0.5027, 5149
0.5034, 5148
0.5040, 5147
0.5046, 5146
0.5051, 5145
0.5056, 5144
0.5063, 5143
0.5069, 5142
0.5074, 5141
0.5079, 5140
0.5086, 5139
0.5092, 5138
0.5099, 5137
0.5107, 5136
0.5114, 5135
0.5121, 5134
0.5127, 5133
0.5133, 5132
0.5138, 5131
0.5145, 5130
0.5152, 5129
0.5159, 5128
0.5165, 5127
0.5173, 5126
0.5181, 5125
0.5187, 5124
0.5192, 5123
0.5198, 5122
0.5203, 5121
0.5211, 5120
0.5217, 5119
0.5222, 5118
0.5227, 5117
0.5232, 5116
0.5238, 5115
0.5244, 5114
0.5254, 5113
0.5261, 5112
0.5269, 5111
0.5277, 5110
0.5283, 5109
0.5289, 5108
0.5294, 5107
0.5299, 5106
0.5306, 5105
0.5312, 5104
0.5319, 5103
0.5327, 5102
0.5333, 5101
0.5342, 5100
0.5348, 5099
0.5356, 5098
0.5364, 5097
0.5369, 5096
0.5376, 5095
0.5382, 5094
0.5388, 5093
0.5395, 5092
0.5401, 5091
0.5407, 5090
0.5413, 5089
0.5420, 5088
0.5427, 5087
0.5437, 5086
0.5444, 5085
0.5450, 5084
0.5456, 5083
0.5464, 5082
0.5470, 5081
0.5476, 5080
0.5483, 5079
0.5489, 5078
0.5495, 5077
0.5502, 5076
0.5507, 5075
0.5515, 5074
0.5522, 5073
0.5529, 5072
0.5535, 5071
0.5540, 5070
0.5546, 5069
0.5554, 5068
0.5563, 5067
0.5569, 5066
0.5577, 5065
0.5584, 5064
0.5595, 5063
0.5602, 5062
0.5609, 5061
0.5614, 5060
0.5623, 5059
0.5629, 5058
0.5634, 5057
0.5640, 5056
0.5646, 5055
0.5653, 5054
0.5659, 5053
0.5666, 5052
0.5673, 5051
0.5678, 5050
0.5684, 5049
0.5690, 5048
0.5697, 5047
0.5704, 5046
0.5714, 5045
0.5720, 5044
0.5726, 5043
0.5732, 5042
0.5738, 5041
0.5747, 5040
0.5752, 5039
0.5759, 5038
0.5768, 5037
0.5773, 5036
0.5778, 5035
0.5787, 5034
0.5794, 5033
0.5800, 5032
0.5807, 5031
0.5817, 5030
0.5823, 5029
0.5831, 5028
0.5837, 5027
0.5844, 5026
0.5850, 5025
0.5856, 5024
0.5863, 5023
0.5868, 5022
0.5875, 5021
0.5882, 5020
0.5892, 5019
0.5901, 5018
0.5906, 5017
0.5912, 5016
0.5918, 5015
0.5928, 5014
0.5935, 5013
0.5942, 5012
0.5950, 5011
0.5956, 5010
0.5963, 5009
0.5969, 5008
0.5975, 5007
0.5981, 5006
0.5990, 5005
0.5995, 5004
0.6004, 5003
0.6010, 5002
0.6015, 5001
0.6025, 5000
0.6031, 4999
0.6039, 4998
0.6045, 4997
0.6051, 4996
0.6057, 4995
0.6063, 4994
0.6069, 4993
0.6076, 4992
0.6082, 4991
0.6089, 4990
0.6097, 4989
0.6106, 4988
0.6114, 4987
0.6120, 4986
0.6126, 4985
0.6132, 4984
0.6139, 4983
0.6145, 4982
0.6152, 4981
0.6160, 4980
0.6170, 4979
0.6175, 4978
0.6181, 4977
0.6187, 4976
0.6197, 4975
0.6206, 4974
0.6212, 4973
0.6218, 4972
0.6225, 4971
0.6232, 4970
0.6237, 4969
0.6245, 4968
0.6252, 4967
0.6259, 4966
0.6266, 4965
0.6272, 4964
0.6278, 4963
0.6284, 4962
0.6291, 4961
0.6299, 4960
0.6304, 4959
0.6310, 4958
0.6315, 4957
0.6321, 4956
0.6329, 4955
0.6334, 4954
0.6339, 4953
0.6346, 4952
0.6353, 4951
0.6363, 4950
0.6371, 4949
0.6382, 4948
0.6388, 4947
0.6394, 4946
0.6402, 4945
0.6407, 4944
0.6414, 4943
0.6419, 4942
0.6425, 4941
0.6431, 4940
0.6437, 4939
0.6444, 4938
0.6449, 4937
0.6456, 4936
0.6463, 4935
0.6472, 4934
0.6481, 4933
0.6487, 4932
0.6493, 4931
0.6499, 4930
0.6505, 4929
0.6512, 4928
0.6517, 4927
0.6524, 4926
0.6531, 4925
0.6537, 4924
0.6544, 4923
0.6551, 4922
0.6558, 4921
0.6563, 4920
0.6570, 4919
0.6579, 4918
0.6588, 4917
0.6594, 4916
0.6603, 4915
0.6608, 4914
0.6614, 4913
0.6619, 4912
0.6624, 4911
0.6629, 4910
0.6635, 4909
0.6644, 4908
0.6649, 4907
0.6654, 4906
0.6661, 4905
0.6666, 4904
0.6671, 4903
0.6677, 4902
0.6684, 4901
0.6689, 4900
0.6699, 4899
0.6706, 4898
0.6711, 4897
0.6716, 4896
0.6722, 4895
0.6729, 4894
0.6735, 4893
0.6740, 4892
0.6749, 4891
0.6757, 4890
0.6765, 4889
0.6770, 4888
0.6776, 4887
0.6782, 4886
0.6788, 4885
0.6794, 4884
0.6800, 4883
0.6806, 4882
0.6811, 4881
0.6817, 4880
0.6824, 4879
0.6832, 4878
0.6838, 4877
0.6843, 4876
0.6851, 4875
0.6857, 4874
0.6862, 4873
0.6868, 4872
0.6876, 4871
0.6883, 4870
0.6891, 4869
0.6900, 4868
0.6906, 4867
0.6911, 4866
0.6917, 4865
0.6926, 4864
0.6935, 4863
0.6941, 4862
0.6947, 4861
0.6954, 4860
0.6960, 4859
0.6968, 4858
0.6974, 4857
0.6981, 4856
0.6990, 4855
0.6995, 4854
0.7006, 4853
0.7012, 4852
0.7017, 4851
0.7023, 4850
0.7032, 4849
0.7039, 4848
0.7046, 4847
0.7051, 4846
0.7056, 4845
0.7064, 4844
0.7069, 4843
0.7074, 4842
0.7079, 4841
0.7086, 4840
0.7093, 4839
0.7103, 4838
0.7110, 4837
0.7117, 4836
0.7122, 4835
0.7127, 4834
0.7133, 4833
0.7139, 4832
0.7145, 4831
0.7154, 4830
0.7160, 4829
0.7166, 4828
0.7174, 4827
0.7183, 4826
0.7192, 4825
0.7197, 4824
0.7205, 4823
0.7211, 4822
0.7216, 4821
0.7223, 4820
0.7228, 4819
0.7234, 4818
0.7240, 4817
0.7245, 4816
0.7251, 4815
0.7257, 4814
0.7266, 4813
0.7275, 4812
0.7282, 4811
0.7287, 4810
0.7296, 4809
0.7301, 4808
0.7307, 4807
0.7312, 4806
0.7317, 4805
0.7327, 4804
0.7335, 4803
0.7340, 4802
0.7346, 4801
0.7353, 4800
0.7360, 4799
0.7366, 4798
0.7370, 4797
0.7376, 4796
0.7382, 4795
0.7389, 4794
0.7396, 4793
0.7401, 4792
0.7408, 4791
0.7414, 4790
0.7422, 4789
0.7427, 4788
0.7434, 4787
0.7439, 4786
0.7444, 4785
0.7450, 4784
0.7455, 4783
0.7462, 4782
0.7468, 4781
0.7477, 4780
0.7485, 4779
0.7490, 4778
0.7498, 4777
0.7503, 4776
0.7509, 4775
0.7514, 4774
0.7524, 4773
0.7530, 4772
0.7537, 4771
0.7542, 4770
0.7548, 4769
0.7557, 4768
0.7563, 4767
0.7568, 4766
0.7573, 4765
0.7582, 4764
0.7590, 4763
0.7596, 4762
0.7603, 4761
0.7607, 4760
0.7613, 4759
0.7625, 4758
0.7631, 4757
0.7637, 4756
0.7646, 4755
0.7651, 4754
0.7656, 4753
0.7661, 4752
0.7666, 4751
0.7675, 4750
0.7680, 4749
0.7686, 4748
0.7691, 4747
0.7700, 4746
0.7706, 4745
0.7714, 4744
0.7721, 4743
0.7729, 4742
0.7738, 4741
0.7743, 4740
0.7749, 4739
0.7754, 4738
0.7759, 4737
0.7766, 4736
0.7774, 4735
0.7779, 4734
0.7785, 4733
0.7790, 4732
0.7795, 4731
0.7804, 4730
0.7809, 4729
0.7814, 4728
0.7820, 4727
0.7828, 4726
0.7836, 4725
0.7844, 4724
0.7854, 4723
0.7859, 4722
0.7867, 4721
0.7875, 4720
0.7880, 4719
0.7885, 4718
0.7890, 4717
0.7898, 4716
0.7906, 4715
0.7913, 4714
0.7921, 4713
0.7926, 4712
0.7934, 4711
0.7942, 4710
0.7951, 4709
0.7958, 4708
0.7966, 4707
0.7972, 4706
0.7980, 4705
0.7986, 4704
0.7994, 4703
0.8002, 4702
0.8012, 4701
0.8019, 4700
0.8028, 4699
0.8036, 4698
0.8043, 4697
0.8050, 4696
0.8059, 4695
0.8066, 4694
0.8075, 4693
0.8083, 4692
0.8092, 4691
0.8101, 4690
0.9867, 4689
1.2674, 4688
1.2680, 4687
1.3561, 4686
1.7394, 4685
1.7399, 4684
1.9093, 4683
1.9301, 4682
2.0544, 4681
2.3098, 4680
2.3729, 4679
2.4938, 4678
2.5346, 4677
2.7387, 4676
3.0289, 4675
3.0497, 4674
3.2538, 4673
3.3752, 4672
3.3759, 4671
3.4384, 4670
3.5605, 4669
3.5614, 4668
3.6621, 4667
3.7857, 4666
3.7865, 4665
3.8267, 4664
3.8670, 4663
4.3179, 4662
4.4194, 4661
4.8887, 4660
4.9298, 4659
5.0570, 4658
5.1183, 4657
5.2830, 4656
5.5297, 4655
6.0174, 4654
6.0182, 4653
6.0187, 4652
6.6216, 4651
6.7900, 4650
6.8743, 4649
7.5658, 4648
7.6264, 4647
7.7669, 4646
8.0558, 4645
8.0564, 4644
8.1774, 4643
8.1781, 4642
8.2598, 4641
8.6149, 4640
8.7583, 4639
8.8407, 4638
9.0680, 4637
9.1504, 4636
9.4966, 4635
9.5976, 4634
9.7009, 4633
9.9651, 4632
