0.1332, 4688
0.1633, 4687
0.2178, 4682
0.2335, 4680
0.2438, 4679
0.3443, 4676
0.4350, 4674
0.4858, 4673
0.5065, 4672
0.5270, 4671
0.5672, 4669
0.6285, 4667
0.7260, 4665
0.7913, 4664
0.8227, 4663
0.8434, 4662
0.8742, 4661
0.9779, 4660
1.0195, 4659
1.0411, 4658
1.0724, 4656
1.0834, 4652
1.1393, 4650
1.1646, 4645
1.1855, 4644
1.2669, 4643
1.3080, 4638
1.3587, 4637
1.5468, 4635
1.5999, 4634
1.6519, 4631
1.7133, 4629
1.8340, 4628
1.8750, 4627
1.9465, 4625
2.0879, 4624
2.1084, 4623
2.1991, 4622
2.3391, 4621
2.4505, 4620
2.5621, 4619
2.6738, 4618
2.6842, 4616
2.7460, 4615
2.7664, 4614
2.8342, 4613
2.8905, 4612
2.9913, 4611
3.0430, 4610
3.2760, 4609
3.2970, 4608
3.3072, 4607
3.3774, 4606
3.5719, 4604
3.5824, 4603
3.8529, 4602
4.1088, 4601
4.2115, 4600
4.2224, 4599
4.2944, 4598
4.5170, 4597
5.7149, 4596
5.7355, 4595
5.9359, 4594
6.2441, 4593
6.3053, 4592
6.3358, 4591
6.3469, 4589
6.7933, 4588
7.0699, 4587
7.1712, 4586
7.4483, 4584
7.4893, 4582
7.5808, 4581
7.7435, 4580
7.8351, 4579
7.9876, 4578
8.0683, 4577
9.3480, 4576
9.3687, 4575
