0.1127, 4688
0.1423, 4687
0.2036, 4685
0.3902, 4682
0.4106, 4680
0.4313, 4679
0.4416, 4678
0.4624, 4675
0.5359, 4674
0.5566, 4673
0.6571, 4672
0.6673, 4671
0.7182, 4670
0.7400, 4669
0.7609, 4668
0.8438, 4666
0.9381, 4664
0.9492, 4659
0.9601, 4657
0.9706, 4655
1.0224, 4651
1.0741, 4650
1.0845, 4649
1.1673, 4647
1.1978, 4646
1.2186, 4644
1.2899, 4643
1.3005, 4642
1.3509, 4641
1.4152, 4640
1.4259, 4639
1.4570, 4637
1.5502, 4636
1.5712, 4635
1.6970, 4631
1.8162, 4630
1.9644, 4629
2.0202, 4628
2.0529, 4627
2.0942, 4626
2.3889, 4624
2.4310, 4620
2.4826, 4619
2.5133, 4618
2.5241, 4617
3.0221, 4616
3.2259, 4615
3.4275, 4614
3.4978, 4612
3.5086, 4610
3.5398, 4607
3.8480, 4605
4.1160, 4604
4.3892, 4603
4.4200, 4602
4.4407, 4601
4.5113, 4600
4.7336, 4599
4.8141, 4598
4.9058, 4597
4.9271, 4596
5.0298, 4595
5.0911, 4594
5.1926, 4593
5.5354, 4592
5.6830, 4589
5.7082, 4588
5.7486, 4587
5.8922, 4586
5.9561, 4584
7.0294, 4583
7.4076, 4582
7.4483, 4580
7.6504, 4579
8.1179, 4578
8.4435, 4576
8.5150, 4575
8.7379, 4574
9.0930, 4573
9.1336, 4572
9.4581, 4571
9.5091, 4570
9.7745, 4569
10.0676, 4567
