0.1097, 4688
0.1390, 4687
0.2387, 4685
0.2494, 4683
0.2699, 4682
0.3006, 4678
0.3422, 4673
0.3630, 4672
0.3739, 4670
0.4257, 4669
0.4860, 4668
0.5366, 4665
0.5680, 4661
0.5988, 4660
0.6193, 4658
0.6939, 4657
0.7383, 4656
0.7586, 4655
0.7992, 4653
0.9320, 4649
0.9524, 4648
1.0430, 4647
1.0638, 4646
1.1246, 4645
1.1514, 4637
1.2735, 4633
1.2990, 4632
1.3296, 4631
1.6091, 4630
1.6776, 4628
1.8724, 4627
1.9032, 4626
1.9349, 4624
2.0879, 4623
2.1299, 4622
2.6373, 4621
2.7129, 4620
2.7238, 4619
2.8258, 4618
2.8672, 4617
2.9585, 4616
3.0635, 4615
3.0743, 4613
3.1065, 4612
3.1670, 4610
3.2378, 4609
3.3500, 4608
3.3805, 4607
3.4025, 4606
3.4235, 4605
3.9100, 4604
3.9205, 4603
3.9311, 4602
3.9520, 4601
4.0161, 4600
4.0376, 4599
4.0789, 4598
4.1114, 4597
4.5937, 4596
4.6755, 4595
4.8082, 4594
4.9106, 4593
4.9823, 4592
5.0231, 4591
5.1652, 4590
5.2667, 4589
5.4361, 4588
5.4832, 4587
6.5524, 4586
6.7143, 4585
6.7557, 4583
6.7978, 4582
6.9419, 4581
7.1389, 4580
7.5530, 4579
7.6257, 4578
8.7045, 4576
9.0437, 4575
9.1783, 4574
9.3726, 4573
9.4146, 4572
9.6137, 4571
9.6244, 4569
9.7272, 4568
10.7599, 4567
