0.0000, 5900
0.0006, 5899
0.0013, 5898
0.0018, 5897
0.0028, 5896
0.0036, 5895
0.0043, 5894
0.0049, 5893
0.0058, 5892
0.0063, 5891
0.0071, 5890
0.0076, 5889
0.0081, 5888
0.0086, 5887
0.0096, 5886
0.0105, 5885
0.0111, 5884
0.0124, 5883
0.0130, 5882
0.0142, 5881
0.0147, 5880
0.0156, 5879
0.0165, 5878
0.0175, 5877
0.0180, 5876
0.0185, 5875
0.0190, 5874
0.0197, 5873
0.0208, 5872
0.0213, 5871
0.0218, 5870
0.0223, 5869
0.0230, 5868
0.0235, 5867
0.0240, 5866
0.0245, 5865
0.0254, 5864
0.0262, 5863
0.0268, 5862
0.0273, 5861
0.0280, 5860
0.0286, 5859
0.0292, 5858
0.0297, 5857
0.0302, 5856
0.0309, 5855
0.0314, 5854
0.0319, 5853
0.0325, 5852
0.0335, 5851
0.0344, 5850
0.0349, 5849
0.0355, 5848
0.0361, 5847
0.0367, 5846
0.0373, 5845
0.0380, 5844
0.0385, 5843
0.0390, 5842
0.0396, 5841
0.0403, 5840
0.0410, 5839
0.0416, 5838
0.0421, 5837
0.0428, 5836
0.0434, 5835
0.0440, 5834
0.0446, 5833
0.0453, 5832
0.0458, 5831
0.0463, 5830
0.0471, 5829
0.0476, 5828
0.0481, 5827
0.0487, 5826
0.0496, 5825
0.0501, 5824
0.0507, 5823
0.0515, 5822
0.0521, 5821
0.0526, 5820
0.0531, 5819
0.0537, 5818
0.0542, 5817
0.0550, 5816
0.0556, 5815
0.0566, 5814
0.0575, 5813
0.0582, 5812
0.0588, 5811
0.0597, 5810
0.0604, 5809
0.0610, 5808
0.0616, 5807
0.0622, 5806
0.0630, 5805
0.0635, 5804
0.0640, 5803
0.0646, 5802
0.0651, 5801
0.0657, 5800
0.0666, 5799
0.0671, 5798
0.0677, 5797
0.0683, 5796
0.0690, 5795
0.0695, 5794
0.0703, 5793
0.0708, 5792
0.0713, 5791
0.0719, 5790
0.0724, 5789
0.0729, 5788
0.0735, 5787
0.0741, 5786
0.0754, 5785
0.0765, 5784
0.0774, 5783
0.0779, 5782
0.0784, 5781
0.0790, 5780
0.0797, 5779
0.0805, 5778
0.0811, 5777
0.0819, 5776
0.0826, 5775
0.0832, 5774
0.0839, 5773
0.0850, 5772
0.0856, 5771
0.0867, 5770
0.0874, 5769
0.0879, 5768
0.0886, 5767
0.0892, 5766
0.0898, 5765
0.0906, 5764
0.0911, 5763
0.0917, 5762
0.0923, 5761
0.0928, 5760
0.0938, 5759
0.0943, 5758
0.0948, 5757
0.0953, 5756
0.0958, 5755
0.0964, 5754
0.0972, 5753
0.0979, 5752
0.0984, 5751
0.0989, 5750
0.0994, 5749
0.1003, 5748
0.1008, 5747
0.1013, 5746
0.1022, 5745
0.1033, 5744
0.1038, 5743
0.1044, 5742
0.1049, 5741
0.1059, 5740
0.1065, 5739
0.1071, 5738
0.1076, 5737
0.1082, 5736
0.1087, 5735
0.1093, 5734
0.1098, 5733
0.1104, 5732
0.1109, 5731
0.1115, 5730
0.1121, 5729
0.1127, 5728
0.1132, 5727
0.1137, 5726
0.1144, 5725
0.1150, 5724
0.1157, 5723
0.1167, 5722
0.1174, 5721
0.1180, 5720
0.1187, 5719
0.1195, 5718
0.1204, 5717
0.1213, 5716
0.1222, 5715
0.1232, 5714
0.1238, 5713
0.1244, 5712
0.1250, 5711
0.1256, 5710
0.1261, 5709
0.1270, 5708
0.1277, 5707
0.1283, 5706
0.1289, 5705
0.1294, 5704
0.1300, 5703
0.1305, 5702
0.1311, 5701
0.1317, 5700
0.1327, 5699
0.1333, 5698
0.1338, 5697
0.1343, 5696
0.1354, 5695
0.1362, 5694
0.1368, 5693
0.1374, 5692
0.1379, 5691
0.1385, 5690
0.1390, 5689
0.1397, 5688
0.1403, 5687
0.1409, 5686
0.1418, 5685
0.1424, 5684
0.1430, 5683
0.1436, 5682
0.1442, 5681
0.1448, 5680
0.1454, 5679
0.1460, 5678
0.1466, 5677
0.1472, 5676
0.1478, 5675
0.1484, 5674
0.1489, 5673
0.1495, 5672
0.1501, 5671
0.1506, 5670
0.1513, 5669
0.1518, 5668
0.1524, 5667
0.1530, 5666
0.1536, 5665
0.1541, 5664
0.1547, 5663
0.1553, 5662
0.1563, 5661
0.1569, 5660
0.1577, 5659
0.1583, 5658
0.1595, 5657
0.1605, 5656
0.1614, 5655
0.1621, 5654
0.1628, 5653
0.1635, 5652
0.1640, 5651
0.1646, 5650
0.1652, 5649
0.1658, 5648
0.1665, 5647
0.1671, 5646
0.1676, 5645
0.1684, 5644
0.1689, 5643
0.1695, 5642
0.1701, 5641
0.1708, 5640
0.1716, 5639
0.1725, 5638
0.1731, 5637
0.1736, 5636
0.1743, 5635
0.1754, 5634
0.1760, 5633
0.1771, 5632
0.1779, 5631
0.1785, 5630
0.1795, 5629
0.1804, 5628
0.1810, 5627
0.1821, 5626
0.1830, 5625
0.1836, 5624
0.1845, 5623
0.1850, 5622
0.1856, 5621
0.1864, 5620
0.1870, 5619
0.1880, 5618
0.1886, 5617
0.1892, 5616
0.1897, 5615
0.1904, 5614
0.1914, 5613
0.1919, 5612
0.1925, 5611
0.1931, 5610
0.1939, 5609
0.1945, 5608
0.1951, 5607
0.1956, 5606
0.1962, 5605
0.1969, 5604
0.1974, 5603
0.1980, 5602
0.1985, 5601
0.1991, 5600
0.1997, 5599
0.2002, 5598
0.2007, 5597
0.2013, 5596
0.2019, 5595
0.2028, 5594
0.2033, 5593
0.2043, 5592
0.2049, 5591
0.2056, 5590
0.2065, 5589
0.2074, 5588
0.2080, 5587
0.2086, 5586
0.2092, 5585
0.2099, 5584
0.2109, 5583
0.2116, 5582
0.2122, 5581
0.2128, 5580
0.2134, 5579
0.2141, 5578
0.2147, 5577
0.2157, 5576
0.2164, 5575
0.2170, 5574
0.2177, 5573
0.2183, 5572
0.2188, 5571
0.2196, 5570
0.2205, 5569
0.2211, 5568
0.2220, 5567
0.2226, 5566
0.2231, 5565
0.2238, 5564
0.2245, 5563
0.2256, 5562
0.2263, 5561
0.2268, 5560
0.2274, 5559
0.2280, 5558
0.2285, 5557
0.2295, 5556
0.2301, 5555
0.2307, 5554
0.2313, 5553
0.2322, 5552
0.2328, 5551
0.2334, 5550
0.2341, 5549
0.2347, 5548
0.2354, 5547
0.2360, 5546
0.2366, 5545
0.2372, 5544
0.2377, 5543
0.2382, 5542
0.2389, 5541
0.2396, 5540
0.2401, 5539
0.2407, 5538
0.2412, 5537
0.2418, 5536
0.2424, 5535
0.2431, 5534
0.2440, 5533
0.2445, 5532
0.2451, 5531
0.2457, 5530
0.2463, 5529
0.2469, 5528
0.2475, 5527
0.2480, 5526
0.2489, 5525
0.2495, 5524
0.2502, 5523
0.2511, 5522
0.2521, 5521
0.2530, 5520
0.2537, 5519
0.2544, 5518
0.2549, 5517
0.2556, 5516
0.2562, 5515
0.2570, 5514
0.2576, 5513
0.2582, 5512
0.2588, 5511
0.2593, 5510
0.2599, 5509
0.2605, 5508
0.2611, 5507
0.2618, 5506
0.2624, 5505
0.2630, 5504
0.2635, 5503
0.2645, 5502
0.2650, 5501
0.2656, 5500
0.2663, 5499
0.2672, 5498
0.2679, 5497
0.2686, 5496
0.2692, 5495
0.2698, 5494
0.2705, 5493
0.2711, 5492
0.2717, 5491
0.2727, 5490
0.2736, 5489
0.2741, 5488
0.2747, 5487
0.2752, 5486
0.2758, 5485
0.2767, 5484
0.2773, 5483
0.2779, 5482
0.2788, 5481
0.2795, 5480
0.2800, 5479
0.2806, 5478
0.2812, 5477
0.2818, 5476
0.2824, 5475
0.2829, 5474
0.2837, 5473
0.2843, 5472
0.2850, 5471
0.2856, 5470
0.2862, 5469
0.2868, 5468
0.2873, 5467
0.2879, 5466
0.2890, 5465
0.2895, 5464
0.2901, 5463
0.2906, 5462
0.2912, 5461
0.2918, 5460
0.2925, 5459
0.2931, 5458
0.2937, 5457
0.2943, 5456
0.2951, 5455
0.2958, 5454
0.2964, 5453
0.2971, 5452
0.2976, 5451
0.2984, 5450
0.2990, 5449
0.2997, 5448
0.3003, 5447
0.3009, 5446
0.3014, 5445
0.3020, 5444
0.3030, 5443
0.3036, 5442
0.3042, 5441
0.3048, 5440
0.3054, 5439
0.3061, 5438
0.3071, 5437
0.3078, 5436
0.3084, 5435
0.3091, 5434
0.3097, 5433
0.3103, 5432
0.3113, 5431
0.3118, 5430
0.3124, 5429
0.3130, 5428
0.3136, 5427
0.3143, 5426
0.3152, 5425
0.3158, 5424
0.3165, 5423
0.3172, 5422
0.3179, 5421
0.3186, 5420
0.3196, 5419
0.3202, 5418
0.3207, 5417
0.3218, 5416
0.3223, 5415
0.3230, 5414
0.3236, 5413
0.3242, 5412
0.3248, 5411
0.3254, 5410
0.3259, 5409
0.3265, 5408
0.3270, 5407
0.3277, 5406
0.3285, 5405
0.3293, 5404
0.3301, 5403
0.3309, 5402
0.3315, 5401
0.3320, 5400
0.3328, 5399
0.3337, 5398
0.3344, 5397
0.3350, 5396
0.3356, 5395
0.3365, 5394
0.3373, 5393
0.3379, 5392
0.3387, 5391
0.3392, 5390
0.3397, 5389
0.3403, 5388
0.3410, 5387
0.3415, 5386
0.3424, 5385
0.3429, 5384
0.3436, 5383
0.3443, 5382
0.3450, 5381
0.3457, 5380
0.3463, 5379
0.3468, 5378
0.3476, 5377
0.3483, 5376
0.3489, 5375
0.3496, 5374
0.3503, 5373
0.3509, 5372
0.3514, 5371
0.3522, 5370
0.3528, 5369
0.3536, 5368
0.3543, 5367
0.3548, 5366
0.3556, 5365
0.3563, 5364
0.3570, 5363
0.3580, 5362
0.3587, 5361
0.3594, 5360
0.3601, 5359
0.3608, 5358
0.3614, 5357
0.3625, 5356
0.3631, 5355
0.3638, 5354
0.3644, 5353
0.3651, 5352
0.3657, 5351
0.3665, 5350
0.3671, 5349
0.3677, 5348
0.3683, 5347
0.3690, 5346
0.3698, 5345
0.3707, 5344
0.3713, 5343
0.3720, 5342
0.3727, 5341
0.3732, 5340
0.3738, 5339
0.3744, 5338
0.3750, 5337
0.3756, 5336
0.3762, 5335
0.3769, 5334
0.3776, 5333
0.3785, 5332
0.3795, 5331
0.3800, 5330
0.3806, 5329
0.3812, 5328
0.3818, 5327
0.3825, 5326
0.3830, 5325
0.3836, 5324
0.3842, 5323
0.3853, 5322
0.3862, 5321
0.3871, 5320
0.3879, 5319
0.3885, 5318
0.3891, 5317
0.3896, 5316
0.3904, 5315
0.3912, 5314
0.3918, 5313
0.3924, 5312
0.3933, 5311
0.3940, 5310
0.3945, 5309
0.3952, 5308
0.3961, 5307
0.3969, 5306
0.3975, 5305
0.3980, 5304
0.3987, 5303
0.3993, 5302
0.3999, 5301
0.4004, 5300
0.4011, 5299
0.4017, 5298
0.4023, 5297
0.4029, 5296
0.4036, 5295
0.4043, 5294
0.4048, 5293
0.4055, 5292
0.4063, 5291
0.4070, 5290
0.4077, 5289
0.4085, 5288
0.4092, 5287
0.4097, 5286
0.4104, 5285
0.4110, 5284
0.4117, 5283
0.4123, 5282
0.4128, 5281
0.4134, 5280
0.4140, 5279
0.4145, 5278
0.4151, 5277
0.4158, 5276
0.4165, 5275
0.4172, 5274
0.4180, 5273
0.4186, 5272
0.4192, 5271
0.4197, 5270
0.4205, 5269
0.4211, 5268
0.4216, 5267
0.4222, 5266
0.4228, 5265
0.4235, 5264
0.4242, 5263
0.4248, 5262
0.4254, 5261
0.4260, 5260
0.4268, 5259
0.4273, 5258
0.4279, 5257
0.4287, 5256
0.4294, 5255
0.4301, 5254
0.4311, 5253
0.4318, 5252
0.4325, 5251
0.4336, 5250
0.4342, 5249
0.4347, 5248
0.4354, 5247
0.4361, 5246
0.4367, 5245
0.4373, 5244
0.4380, 5243
0.4386, 5242
0.4391, 5241
0.4398, 5240
0.4404, 5239
0.4409, 5238
0.4415, 5237
0.4424, 5236
0.4430, 5235
0.4436, 5234
0.4442, 5233
0.4447, 5232
0.4455, 5231
0.4461, 5230
0.4466, 5229
0.4472, 5228
0.4479, 5227
0.4488, 5226
0.4493, 5225
0.4499, 5224
0.4509, 5223
0.4517, 5222
0.4524, 5221
0.4532, 5220
0.4539, 5219
0.4545, 5218
0.4550, 5217
0.4557, 5216
0.4564, 5215
0.4571, 5214
0.4577, 5213
0.4585, 5212
0.4592, 5211
0.4599, 5210
0.4608, 5209
0.4614, 5208
0.4621, 5207
0.4629, 5206
0.4637, 5205
0.4643, 5204
0.4651, 5203
0.4658, 5202
0.4665, 5201
0.4671, 5200
0.4679, 5199
0.4686, 5198
0.4693, 5197
0.4700, 5196
0.4706, 5195
0.4714, 5194
0.4720, 5193
0.4726, 5192
0.4732, 5191
0.4737, 5190
0.4745, 5189
0.4750, 5188
0.4756, 5187
0.4762, 5186
0.4768, 5185
0.4774, 5184
0.4780, 5183
0.4788, 5182
0.4795, 5181
0.4803, 5180
0.4812, 5179
0.4818, 5178
0.4827, 5177
0.4833, 5176
0.4840, 5175
0.4849, 5174
0.4856, 5173
0.4864, 5172
0.4870, 5171
0.4876, 5170
0.4882, 5169
0.4890, 5168
0.4896, 5167
0.4901, 5166
0.4908, 5165
0.4916, 5164
0.4922, 5163
0.4929, 5162
0.4936, 5161
0.4946, 5160
0.4954, 5159
0.4961, 5158
0.4968, 5157
0.4974, 5156
0.4979, 5155
0.4986, 5154
0.4993, 5153
0.5002, 5152
0.5009, 5151
0.5014, 5150
0.5021, 5149
0.5028, 5148
0.5034, 5147
0.5040, 5146
0.5045, 5145
0.5050, 5144
0.5058, 5143
0.5063, 5142
0.5069, 5141
0.5074, 5140
0.5080, 5139
0.5087, 5138
0.5093, 5137
0.5101, 5136
0.5108, 5135
0.5115, 5134
0.5121, 5133
0.5127, 5132
0.5132, 5131
0.5140, 5130
0.5146, 5129
0.5153, 5128
0.5160, 5127
0.5167, 5126
0.5175, 5125
0.5181, 5124
0.5186, 5123
0.5192, 5122
0.5198, 5121
0.5205, 5120
0.5211, 5119
0.5216, 5118
0.5221, 5117
0.5227, 5116
0.5232, 5115
0.5238, 5114
0.5247, 5113
0.5254, 5112
0.5262, 5111
0.5270, 5110
0.5276, 5109
0.5281, 5108
0.5287, 5107
0.5292, 5106
0.5299, 5105
0.5305, 5104
0.5312, 5103
0.5320, 5102
0.5326, 5101
0.5335, 5100
0.5342, 5099
0.5349, 5098
0.5357, 5097
0.5363, 5096
0.5370, 5095
0.5376, 5094
0.5382, 5093
0.5389, 5092
0.5395, 5091
0.5402, 5090
0.5407, 5089
0.5414, 5088
0.5421, 5087
0.5431, 5086
0.5437, 5085
0.5443, 5084
0.5449, 5083
0.5456, 5082
0.5463, 5081
0.5468, 5080
0.5475, 5079
0.5481, 5078
0.5486, 5077
0.5493, 5076
0.5498, 5075
0.5506, 5074
0.5513, 5073
0.5520, 5072
0.5526, 5071
0.5531, 5070
0.5536, 5069
0.5544, 5068
0.5553, 5067
0.5560, 5066
0.5567, 5065
0.5575, 5064
0.5585, 5063
0.5591, 5062
0.5599, 5061
0.5604, 5060
0.5612, 5059
0.5618, 5058
0.5624, 5057
0.5630, 5056
0.5635, 5055
0.5642, 5054
0.5649, 5053
0.5656, 5052
0.5662, 5051
0.5667, 5050
0.5673, 5049
0.5680, 5048
0.5687, 5047
0.5694, 5046
0.5704, 5045
0.5710, 5044
0.5716, 5043
0.5723, 5042
0.5728, 5041
0.5737, 5040
0.5742, 5039
0.5749, 5038
0.5757, 5037
0.5763, 5036
0.5768, 5035
0.5776, 5034
0.5783, 5033
0.5789, 5032
0.5796, 5031
0.5805, 5030
0.5812, 5029
0.5820, 5028
0.5825, 5027
0.5832, 5026
0.5838, 5025
0.5845, 5024
0.5851, 5023
0.5857, 5022
0.5863, 5021
0.5871, 5020
0.5881, 5019
0.5889, 5018
0.5895, 5017
0.5900, 5016
0.5905, 5015
0.5915, 5014
0.5922, 5013
0.5929, 5012
0.5936, 5011
0.5942, 5010
0.5950, 5009
0.5956, 5008
0.5961, 5007
0.5967, 5006
0.5976, 5005
0.5981, 5004
0.5990, 5003
0.5995, 5002
0.6001, 5001
0.6010, 5000
0.6016, 4999
0.6025, 4998
0.6031, 4997
0.6037, 4996
0.6044, 4995
0.6049, 4994
0.6055, 4993
0.6062, 4992
0.6068, 4991
0.6075, 4990
0.6083, 4989
0.6092, 4988
0.6100, 4987
0.6107, 4986
0.6113, 4985
0.6119, 4984
0.6126, 4983
0.6133, 4982
0.6140, 4981
0.6148, 4980
0.6157, 4979
0.6163, 4978
0.6168, 4977
0.6175, 4976
0.6185, 4975
0.6194, 4974
0.6199, 4973
0.6205, 4972
0.6213, 4971
0.6220, 4970
0.6225, 4969
0.6233, 4968
0.6240, 4967
0.6247, 4966
0.6254, 4965
0.6260, 4964
0.6265, 4963
0.6271, 4962
0.6278, 4961
0.6286, 4960
0.6291, 4959
0.6296, 4958
0.6301, 4957
0.6307, 4956
0.6315, 4955
0.6320, 4954
0.6326, 4953
0.6332, 4952
0.6340, 4951
0.6349, 4950
0.6357, 4949
0.6368, 4948
0.6375, 4947
0.6381, 4946
0.6389, 4945
0.6394, 4944
0.6400, 4943
0.6406, 4942
0.6412, 4941
0.6417, 4940
0.6422, 4939
0.6429, 4938
0.6434, 4937
0.6441, 4936
0.6447, 4935
0.6457, 4934
0.6465, 4933
0.6471, 4932
0.6476, 4931
0.6482, 4930
0.6489, 4929
0.6495, 4928
0.6500, 4927
0.6508, 4926
0.6515, 4925
0.6521, 4924
0.6527, 4923
0.6534, 4922
0.6541, 4921
0.6547, 4920
0.6553, 4919
0.6562, 4918
0.6571, 4917
0.6576, 4916
0.6585, 4915
0.6590, 4914
0.6595, 4913
0.6601, 4912
0.6606, 4911
0.6611, 4910
0.6617, 4909
0.6626, 4908
0.6631, 4907
0.6636, 4906
0.6642, 4905
0.6647, 4904
0.6653, 4903
0.6659, 4902
0.6666, 4901
0.6671, 4900
0.6680, 4899
0.6687, 4898
0.6692, 4897
0.6698, 4896
0.6703, 4895
0.6710, 4894
0.6716, 4893
0.6721, 4892
0.6730, 4891
0.6737, 4890
0.6745, 4889
0.6750, 4888
0.6755, 4887
0.6761, 4886
0.6767, 4885
0.6772, 4884
0.6779, 4883
0.6784, 4882
0.6790, 4881
0.6796, 4880
0.6802, 4879
0.6811, 4878
0.6816, 4877
0.6822, 4876
0.6829, 4875
0.6835, 4874
0.6840, 4873
0.6846, 4872
0.6854, 4871
0.6861, 4870
0.6869, 4869
0.6877, 4868
0.6882, 4867
0.6888, 4866
0.6893, 4865
0.6902, 4864
0.6910, 4863
0.6916, 4862
0.6922, 4861
0.6929, 4860
0.6936, 4859
0.6944, 4858
0.6950, 4857
0.6957, 4856
0.6965, 4855
0.6971, 4854
0.6982, 4853
0.6987, 4852
0.6993, 4851
0.6998, 4850
0.7007, 4849
0.7014, 4848
0.7021, 4847
0.7027, 4846
0.7032, 4845
0.7039, 4844
0.7044, 4843
0.7049, 4842
0.7054, 4841
0.7061, 4840
0.7068, 4839
0.7078, 4838
0.7085, 4837
0.7092, 4836
0.7096, 4835
0.7102, 4834
0.7108, 4833
0.7114, 4832
0.7120, 4831
0.7129, 4830
0.7134, 4829
0.7140, 4828
0.7147, 4827
0.7156, 4826
0.7164, 4825
0.7169, 4824
0.7177, 4823
0.7182, 4822
0.7188, 4821
0.7194, 4820
0.7199, 4819
0.7205, 4818
0.7211, 4817
0.7216, 4816
0.7221, 4815
0.7226, 4814
0.7235, 4813
0.7244, 4812
0.7251, 4811
0.7256, 4810
0.7265, 4809
0.7270, 4808
0.7275, 4807
0.7280, 4806
0.7285, 4805
0.7294, 4804
0.7303, 4803
0.7307, 4802
0.7313, 4801
0.7320, 4800
0.7326, 4799
0.7332, 4798
0.7337, 4797
0.7343, 4796
0.7349, 4795
0.7356, 4794
0.7363, 4793
0.7368, 4792
0.7375, 4791
0.7380, 4790
0.7388, 4789
0.7394, 4788
0.7401, 4787
0.7406, 4786
0.7412, 4785
0.7417, 4784
0.7422, 4783
0.7430, 4782
0.7435, 4781
0.7443, 4780
0.7452, 4779
0.7457, 4778
0.7465, 4777
0.7470, 4776
0.7476, 4775
0.7481, 4774
0.7491, 4773
0.7497, 4772
0.7504, 4771
0.7509, 4770
0.7515, 4769
0.7524, 4768
0.7530, 4767
0.7534, 4766
0.7540, 4765
0.7549, 4764
0.7557, 4763
0.7564, 4762
0.7570, 4761
0.7575, 4760
0.7581, 4759
0.7592, 4758
0.7598, 4757
0.7603, 4756
0.7612, 4755
0.7617, 4754
0.7622, 4753
0.7627, 4752
0.7632, 4751
0.7640, 4750
0.7645, 4749
0.7651, 4748
0.7657, 4747
0.7665, 4746
0.7671, 4745
0.7679, 4744
0.7687, 4743
0.7695, 4742
0.7703, 4741
0.7709, 4740
0.7714, 4739
0.7720, 4738
0.7725, 4737
0.7732, 4736
0.7740, 4735
0.7745, 4734
0.7751, 4733
0.7756, 4732
0.7761, 4731
0.7770, 4730
0.7775, 4729
0.7780, 4728
0.7786, 4727
0.7794, 4726
0.7802, 4725
0.7811, 4724
0.7820, 4723
0.7824, 4722
0.7832, 4721
0.7840, 4720
0.7845, 4719
0.7850, 4718
0.7855, 4717
0.7863, 4716
0.7871, 4715
0.7878, 4714
0.7886, 4713
0.7891, 4712
0.7899, 4711
0.7907, 4710
0.7916, 4709
0.7923, 4708
0.7931, 4707
0.7937, 4706
0.7945, 4705
0.7952, 4704
0.7959, 4703
0.7968, 4702
0.7977, 4701
0.7985, 4700
0.7994, 4699
0.8002, 4698
0.8009, 4697
0.8015, 4696
0.8024, 4695
0.8032, 4694
0.8041, 4693
0.8049, 4692
0.8059, 4691
0.8068, 4690
0.9712, 4689
1.2479, 4688
1.2484, 4687
1.3288, 4686
1.6465, 4685
1.6863, 4684
1.7260, 4683
1.8444, 4682
2.0234, 4681
2.1840, 4680
2.2435, 4679
2.3618, 4678
2.4019, 4677
2.6012, 4676
2.8779, 4675
2.8981, 4674
2.9985, 4673
3.2173, 4672
3.2179, 4671
3.2788, 4670
3.3585, 4669
3.4763, 4668
3.5361, 4667
3.6358, 4666
3.6365, 4665
3.6370, 4664
3.6960, 4663
4.1523, 4662
4.2319, 4661
4.6851, 4660
4.7250, 4659
4.8641, 4658
4.9040, 4657
5.1025, 4656
5.3011, 4655
5.7366, 4654
5.8359, 4653
5.8364, 4652
6.3540, 4651
6.4741, 4650
6.6334, 4649
7.2473, 4648
7.3656, 4647
7.4645, 4646
7.7211, 4645
7.7802, 4644
7.8200, 4643
7.8207, 4642
7.8604, 4641
8.3103, 4640
8.4293, 4639
8.4886, 4638
8.7070, 4637
8.7860, 4636
9.1400, 4635
9.2402, 4634
9.3004, 4633
9.6736, 4632
9.7722, 4631
