0.1089, 4688
0.1383, 4686
0.1590, 4685
0.1692, 4683
0.2202, 4682
0.2307, 4681
0.2413, 4678
0.2714, 4677
0.3359, 4676
0.3612, 4675
0.4020, 4672
0.4224, 4671
0.4328, 4670
0.4829, 4666
0.6702, 4661
0.7203, 4660
0.7710, 4659
0.7918, 4658
0.8028, 4656
0.8534, 4654
0.9142, 4650
1.0045, 4649
1.0967, 4648
1.1073, 4647
1.1180, 4645
1.1592, 4643
1.2590, 4642
1.3697, 4641
1.3905, 4640
1.4306, 4639
1.4527, 4638
1.4783, 4634
1.5235, 4633
1.5844, 4632
1.5951, 4630
1.6560, 4629
1.7565, 4628
1.7872, 4627
1.7981, 4626
1.8185, 4625
1.9487, 4624
2.0097, 4623
2.0200, 4622
2.0404, 4621
2.2353, 4620
2.3157, 4619
2.3467, 4615
2.5515, 4614
2.5718, 4612
2.6436, 4611
2.8058, 4610
3.1223, 4609
3.3068, 4608
3.3385, 4607
3.3980, 4606
3.4091, 4605
3.6293, 4604
3.6496, 4603
3.8456, 4602
4.3162, 4601
4.3375, 4599
4.3686, 4598
4.4397, 4597
4.5417, 4596
4.5928, 4595
4.6242, 4594
4.6774, 4593
4.9431, 4591
4.9950, 4590
5.3325, 4589
5.3739, 4588
5.4753, 4586
5.4863, 4585
5.9407, 4584
5.9514, 4583
6.2617, 4582
6.4143, 4581
6.7007, 4580
6.8773, 4579
6.9181, 4578
6.9592, 4576
7.1112, 4575
7.5531, 4573
7.7075, 4572
7.9742, 4571
8.0563, 4570
8.0674, 4568
8.0885, 4567
8.1695, 4566
9.2975, 4565
9.5109, 4564
10.4785, 4563
