0.0000, 4956
0.0005, 4955
0.0010, 4954
0.0015, 4953
0.0020, 4952
0.0025, 4951
0.0029, 4950
0.0034, 4949
0.0038, 4948
0.0043, 4947
0.0047, 4946
0.0052, 4945
0.0056, 4944
0.0061, 4943
0.0065, 4942
0.0070, 4941
0.0074, 4940
0.0079, 4939
0.0084, 4938
0.0089, 4937
0.0094, 4936
0.0098, 4935
0.0103, 4934
0.0107, 4933
0.0112, 4932
0.0116, 4931
0.0121, 4930
0.0125, 4929
0.0130, 4928
0.0134, 4927
0.0138, 4926
0.0143, 4925
0.0147, 4924
0.0152, 4923
0.0156, 4922
0.0161, 4921
0.0165, 4920
0.0170, 4919
0.0174, 4918
0.0179, 4917
0.0184, 4916
0.0188, 4915
0.0193, 4914
0.0197, 4913
0.0201, 4912
0.0206, 4911
0.0211, 4910
0.0215, 4909
0.0220, 4908
0.0224, 4907
0.0229, 4906
0.0234, 4905
0.0238, 4904
0.0243, 4903
0.0247, 4902
0.0252, 4901
0.0256, 4900
0.0261, 4899
0.0265, 4898
0.0270, 4897
0.0274, 4896
0.0279, 4895
0.0283, 4894
0.0288, 4893
0.0293, 4892
0.0297, 4891
0.0302, 4890
0.0306, 4889
0.0310, 4888
0.0315, 4887
0.0319, 4886
0.0324, 4885
0.0328, 4884
0.0332, 4883
0.0336, 4882
0.0341, 4881
0.0345, 4880
0.0350, 4879
0.0354, 4878
0.0359, 4877
0.0363, 4876
0.0368, 4875
0.0372, 4874
0.0377, 4873
0.0381, 4872
0.0386, 4871
0.0390, 4870
0.0395, 4869
0.0399, 4868
0.0404, 4867
0.0409, 4866
0.0414, 4865
0.0419, 4864
0.0423, 4863
0.0428, 4862
0.0432, 4861
0.0437, 4860
0.0442, 4859
0.0446, 4858
0.0450, 4857
0.0455, 4856
0.0459, 4855
0.0464, 4854
0.0468, 4853
0.0472, 4852
0.0477, 4851
0.0482, 4850
0.0486, 4849
0.0491, 4848
0.0496, 4847
0.0501, 4846
0.0505, 4845
0.0510, 4844
0.0514, 4843
0.0519, 4842
0.0524, 4841
0.0528, 4840
0.0533, 4839
0.0537, 4838
0.0541, 4837
0.0546, 4836
0.0550, 4835
0.0555, 4834
0.0559, 4833
0.0565, 4832
0.0569, 4831
0.0573, 4830
0.0578, 4829
0.0583, 4828
0.0587, 4827
0.0592, 4826
0.0596, 4825
0.0601, 4824
0.0605, 4823
0.0610, 4822
0.0614, 4821
0.0619, 4820
0.0624, 4819
0.0628, 4818
0.0632, 4817
0.0636, 4816
0.0641, 4815
0.0645, 4814
0.0650, 4813
0.0654, 4812
0.0658, 4811
0.0662, 4810
0.0667, 4809
0.0671, 4808
0.0676, 4807
0.0681, 4806
0.0685, 4805
0.0689, 4804
0.0694, 4803
0.0698, 4802
0.0703, 4801
0.0707, 4800
0.0711, 4799
0.0716, 4798
0.0720, 4797
0.0725, 4796
0.0729, 4795
0.0734, 4794
0.0739, 4793
0.0743, 4792
0.0748, 4791
0.0752, 4790
0.0757, 4789
0.0761, 4788
0.0766, 4787
0.0771, 4786
0.0775, 4785
0.0779, 4784
0.0784, 4783
0.0788, 4782
0.0793, 4781
0.0797, 4780
0.0801, 4779
0.0806, 4778
0.0811, 4777
0.0815, 4776
0.0820, 4775
0.0824, 4774
0.0829, 4773
0.0833, 4772
0.0838, 4771
0.0842, 4770
0.0846, 4769
0.0850, 4768
0.0855, 4767
0.0859, 4766
0.0863, 4765
0.0868, 4764
0.0873, 4763
0.0877, 4762
0.0882, 4761
0.0886, 4760
0.0891, 4759
0.0895, 4758
0.0900, 4757
0.0904, 4756
0.0909, 4755
0.0913, 4754
0.0918, 4753
0.0922, 4752
0.0927, 4751
0.0931, 4750
0.0935, 4749
0.0940, 4748
0.0944, 4747
0.0949, 4746
0.0953, 4745
0.0958, 4744
0.0962, 4743
0.0967, 4742
0.0971, 4741
0.0975, 4740
0.0979, 4739
0.0984, 4738
0.0988, 4737
0.0993, 4736
0.0997, 4735
0.1002, 4734
0.1006, 4733
0.1011, 4732
0.1015, 4731
0.1019, 4730
0.1023, 4729
0.1028, 4728
0.1032, 4727
0.1037, 4726
0.1041, 4725
0.1045, 4724
0.1050, 4723
0.1054, 4722
0.1058, 4721
0.1063, 4720
0.1068, 4719
0.1072, 4718
0.1077, 4717
0.1081, 4716
0.1086, 4715
0.1090, 4714
0.1095, 4713
0.1099, 4712
0.1103, 4711
0.1108, 4710
0.1112, 4709
0.1116, 4708
0.1121, 4707
0.1125, 4706
0.1130, 4705
0.1134, 4704
0.1138, 4703
0.1143, 4702
0.1147, 4701
0.1151, 4700
0.1156, 4699
0.1160, 4698
0.1165, 4697
0.1170, 4696
0.1174, 4695
0.1178, 4694
0.1183, 4693
0.1188, 4692
0.1193, 4691
0.1198, 4690
0.1202, 4689
0.1207, 4688
0.1211, 4687
0.1216, 4686
0.1221, 4685
0.1225, 4684
0.1229, 4683
0.1234, 4682
0.1239, 4681
0.1244, 4680
0.1249, 4679
0.1253, 4678
0.1259, 4677
0.1263, 4676
0.1267, 4675
0.1272, 4674
0.1276, 4673
0.1280, 4672
0.1285, 4671
0.1289, 4670
0.1293, 4669
0.1298, 4668
0.1303, 4667
0.1308, 4666
0.1312, 4665
0.1317, 4664
0.1322, 4663
0.1326, 4662
0.1332, 4661
0.1337, 4660
0.1341, 4659
0.1346, 4658
0.1350, 4657
0.1354, 4656
0.1359, 4655
0.1363, 4654
0.1367, 4653
0.1372, 4652
0.1376, 4651
0.1380, 4650
0.1385, 4649
0.1390, 4648
0.1395, 4647
0.1399, 4646
0.1403, 4645
0.1408, 4644
0.1413, 4643
0.1417, 4642
0.1422, 4641
0.1426, 4640
0.1431, 4639
0.1435, 4638
0.1440, 4637
0.1444, 4636
0.1449, 4635
0.1453, 4634
0.1458, 4633
0.1462, 4632
0.1466, 4631
0.1471, 4630
0.1475, 4629
0.1480, 4628
0.1484, 4627
0.1489, 4626
0.1493, 4625
0.1498, 4624
0.1503, 4623
0.1507, 4622
0.1511, 4621
0.1515, 4620
0.1520, 4619
0.1524, 4618
0.1529, 4617
0.1534, 4616
0.1538, 4615
0.1543, 4614
0.1547, 4613
0.1552, 4612
0.1556, 4611
0.1561, 4610
0.1565, 4609
0.1570, 4608
0.1574, 4607
0.1579, 4606
0.1583, 4605
0.1588, 4604
0.1593, 4603
0.1598, 4602
0.1603, 4601
0.1607, 4600
0.1612, 4599
0.1616, 4598
0.1621, 4597
0.1625, 4596
0.1630, 4595
0.1634, 4594
0.1638, 4593
0.1643, 4592
0.1647, 4591
0.1651, 4590
0.1655, 4589
0.1659, 4588
0.1664, 4587
0.1668, 4586
0.1673, 4585
0.1677, 4584
0.1682, 4583
0.1686, 4582
0.1690, 4581
0.1694, 4580
0.1698, 4579
0.1702, 4578
0.1707, 4577
0.1711, 4576
0.1716, 4575
0.1720, 4574
0.1724, 4573
0.1728, 4572
0.1733, 4571
0.1737, 4570
0.1741, 4569
0.1746, 4568
0.1750, 4567
0.1754, 4566
0.1758, 4565
0.1762, 4564
0.1767, 4563
0.1771, 4562
0.1775, 4561
0.1779, 4560
0.1784, 4559
0.1788, 4558
0.1792, 4557
0.1796, 4556
0.1801, 4555
0.1805, 4554
0.1809, 4553
0.1814, 4552
0.1818, 4551
0.1822, 4550
0.1826, 4549
0.1831, 4548
0.1835, 4547
0.1840, 4546
0.1844, 4545
0.1848, 4544
0.1853, 4543
0.1857, 4542
0.1861, 4541
0.1866, 4540
0.1870, 4539
0.1874, 4538
0.1879, 4537
0.1883, 4536
0.1887, 4535
0.1891, 4534
0.1896, 4533
0.1900, 4532
0.1905, 4531
0.1909, 4530
0.1913, 4529
0.1918, 4528
0.1922, 4527
0.1927, 4526
0.1931, 4525
0.1935, 4524
0.1939, 4523
0.1943, 4522
0.1947, 4521
0.1952, 4520
0.1956, 4519
0.1960, 4518
0.1964, 4517
0.1969, 4516
0.1973, 4515
0.1977, 4514
0.1982, 4513
0.1986, 4512
0.1990, 4511
0.1994, 4510
0.1999, 4509
0.2003, 4508
0.2007, 4507
0.2012, 4506
0.2016, 4505
0.2020, 4504
0.2024, 4503
0.2029, 4502
0.2034, 4501
0.2038, 4500
0.2042, 4499
0.2046, 4498
0.2051, 4497
0.2055, 4496
0.2059, 4495
0.2063, 4494
0.2067, 4493
0.2071, 4492
0.2076, 4491
0.2080, 4490
0.2084, 4489
0.2089, 4488
0.2093, 4487
0.2097, 4486
0.2102, 4485
0.2106, 4484
0.2110, 4483
0.2114, 4482
0.2119, 4481
0.2123, 4480
0.2127, 4479
0.2131, 4478
0.2136, 4477
0.2140, 4476
0.2144, 4475
0.2150, 4474
0.2154, 4473
0.2159, 4472
0.2163, 4471
0.2167, 4470
0.2172, 4469
0.2176, 4468
0.2180, 4467
0.2184, 4466
0.2188, 4465
0.2193, 4464
0.2197, 4463
0.2201, 4462
0.2205, 4461
0.2210, 4460
0.2214, 4459
0.2218, 4458
0.2222, 4457
0.2226, 4456
0.2231, 4455
0.2235, 4454
0.2239, 4453
0.2244, 4452
0.2248, 4451
0.2252, 4450
0.2257, 4449
0.2261, 4448
0.2265, 4447
0.2269, 4446
0.2273, 4445
0.2278, 4444
0.2282, 4443
0.2286, 4442
0.2290, 4441
0.2294, 4440
0.2299, 4439
0.2303, 4438
0.2307, 4437
0.2311, 4436
0.2315, 4435
0.2319, 4434
0.2323, 4433
0.2327, 4432
0.2331, 4431
0.2336, 4430
0.2340, 4429
0.2344, 4428
0.2349, 4427
0.2353, 4426
0.2358, 4425
0.2362, 4424
0.2366, 4423
0.2371, 4422
0.2375, 4421
0.2380, 4420
0.2384, 4419
0.2389, 4418
0.2393, 4417
0.2397, 4416
0.2401, 4415
0.2405, 4414
0.2410, 4413
0.2414, 4412
0.2419, 4411
0.2423, 4410
0.2428, 4409
0.2432, 4408
0.2437, 4407
0.2441, 4406
0.2445, 4405
0.2449, 4404
0.2454, 4403
0.2458, 4402
0.2462, 4401
0.2467, 4400
0.2471, 4399
0.2475, 4398
0.2480, 4397
0.2484, 4396
0.2488, 4395
0.2492, 4394
0.2496, 4393
0.2501, 4392
0.2505, 4391
0.2510, 4390
0.2515, 4389
0.2519, 4388
0.2523, 4387
0.2528, 4386
0.2532, 4385
0.2536, 4384
0.2541, 4383
0.2545, 4382
0.2549, 4381
0.2553, 4380
0.2557, 4379
0.2562, 4378
0.2566, 4377
0.2570, 4376
0.2575, 4375
0.2579, 4374
0.2584, 4373
0.2588, 4372
0.2593, 4371
0.2596, 4370
0.2601, 4369
0.2605, 4368
0.2609, 4367
0.2614, 4366
0.2618, 4365
0.2623, 4364
0.2627, 4363
0.2631, 4362
0.2635, 4361
0.2639, 4360
0.2643, 4359
0.2647, 4358
0.2652, 4357
0.2656, 4356
0.2660, 4355
0.2665, 4354
0.2669, 4353
0.2673, 4352
0.2677, 4351
0.2682, 4350
0.2686, 4349
0.2690, 4348
0.2695, 4347
0.2700, 4346
0.2705, 4345
0.2709, 4344
0.2713, 4343
0.2719, 4342
0.2724, 4341
0.2728, 4340
0.2733, 4339
0.2737, 4338
0.2741, 4337
0.2746, 4336
0.2750, 4335
0.2754, 4334
0.2759, 4333
0.2763, 4332
0.2768, 4331
0.2772, 4330
0.2776, 4329
0.2780, 4328
0.2785, 4327
0.2789, 4326
0.2794, 4325
0.2798, 4324
0.2803, 4323
0.2807, 4322
0.2811, 4321
0.2815, 4320
0.2820, 4319
0.2824, 4318
0.2829, 4317
0.2833, 4316
0.2838, 4315
0.2842, 4314
0.2846, 4313
0.2851, 4312
0.2855, 4311
0.2860, 4310
0.2864, 4309
0.2868, 4308
0.2872, 4307
0.2877, 4306
0.2881, 4305
0.2886, 4304
0.2890, 4303
0.2895, 4302
0.2899, 4301
0.2903, 4300
0.2907, 4299
0.2911, 4298
0.2916, 4297
0.2920, 4296
0.2924, 4295
0.2928, 4294
0.2932, 4293
0.2937, 4292
0.2941, 4291
0.2946, 4290
0.2950, 4289
0.2954, 4288
0.2959, 4287
0.2963, 4286
0.2967, 4285
0.2972, 4284
0.2976, 4283
0.2980, 4282
0.2985, 4281
0.2989, 4280
0.2994, 4279
0.2998, 4278
0.3002, 4277
0.3006, 4276
0.3010, 4275
0.3015, 4274
0.3019, 4273
0.3024, 4272
0.3028, 4271
0.3032, 4270
0.3037, 4269
0.3041, 4268
0.3045, 4267
0.3049, 4266
0.3053, 4265
0.3058, 4264
0.3062, 4263
0.3066, 4262
0.3070, 4261
0.3074, 4260
0.3078, 4259
0.3082, 4258
0.3087, 4257
0.3091, 4256
0.3095, 4255
0.3099, 4254
0.3103, 4253
0.3108, 4252
0.3112, 4251
0.3116, 4250
0.3120, 4249
0.3124, 4248
0.3128, 4247
0.3133, 4246
0.3137, 4245
0.3141, 4244
0.3145, 4243
0.3149, 4242
0.3153, 4241
0.3157, 4240
0.3161, 4239
0.3166, 4238
0.3170, 4237
0.3174, 4236
0.3178, 4235
0.3183, 4234
0.3187, 4233
0.3191, 4232
0.3195, 4231
0.3200, 4230
0.3204, 4229
0.3208, 4228
0.3212, 4227
0.3216, 4226
0.3220, 4225
0.3224, 4224
0.3229, 4223
0.3232, 4222
0.3236, 4221
0.3241, 4220
0.3245, 4219
0.3249, 4218
0.3254, 4217
0.3258, 4216
0.3262, 4215
0.3266, 4214
0.3270, 4213
0.3274, 4212
0.3278, 4211
0.3282, 4210
0.3286, 4209
0.3291, 4208
0.3295, 4207
0.3299, 4206
0.3302, 4205
0.3306, 4204
0.3310, 4203
0.3315, 4202
0.3319, 4201
0.3323, 4200
0.3327, 4199
0.3331, 4198
0.3335, 4197
0.3339, 4196
0.3343, 4195
0.3348, 4194
0.3352, 4193
0.3356, 4192
0.3360, 4191
0.3364, 4190
0.3368, 4189
0.3372, 4188
0.3376, 4187
0.3380, 4186
0.3385, 4185
0.3389, 4184
0.3393, 4183
0.3397, 4182
0.3402, 4181
0.3406, 4180
0.3410, 4179
0.3414, 4178
0.3418, 4177
0.3423, 4176
0.3427, 4175
0.3432, 4174
0.3436, 4173
0.3441, 4172
0.3445, 4171
0.3449, 4170
0.3454, 4169
0.3458, 4168
0.3462, 4167
0.3466, 4166
0.3470, 4165
0.3474, 4164
0.3478, 4163
0.3482, 4162
0.3487, 4161
0.3491, 4160
0.3495, 4159
0.3499, 4158
0.3504, 4157
0.3508, 4156
0.3513, 4155
0.3516, 4154
0.3521, 4153
0.3525, 4152
0.3528, 4151
0.3532, 4150
0.3536, 4149
0.3540, 4148
0.3544, 4147
0.3549, 4146
0.3553, 4145
0.3557, 4144
0.3561, 4143
0.3565, 4142
0.3569, 4141
0.3573, 4140
0.3578, 4139
0.3582, 4138
0.3586, 4137
0.3590, 4136
0.3594, 4135
0.3598, 4134
0.3603, 4133
0.3607, 4132
0.3611, 4131
0.3615, 4130
0.3619, 4129
0.3623, 4128
0.3627, 4127
0.3631, 4126
0.3635, 4125
0.3640, 4124
0.3644, 4123
0.3648, 4122
0.3652, 4121
0.3656, 4120
0.3660, 4119
0.3664, 4118
0.3668, 4117
0.3672, 4116
0.3676, 4115
0.3680, 4114
0.3685, 4113
0.3689, 4112
0.3693, 4111
0.3697, 4110
0.3701, 4109
0.3705, 4108
0.3710, 4107
0.3714, 4106
0.3719, 4105
0.3723, 4104
0.3727, 4103
0.3731, 4102
0.3735, 4101
0.3739, 4100
0.3743, 4099
0.3747, 4098
0.3751, 4097
0.3755, 4096
0.3759, 4095
0.3763, 4094
0.3767, 4093
0.3771, 4092
0.3775, 4091
0.3779, 4090
0.3783, 4089
0.3786, 4088
0.3791, 4087
0.3795, 4086
0.3799, 4085
0.3803, 4084
0.3807, 4083
0.3810, 4082
0.3815, 4081
0.3818, 4080
0.3822, 4079
0.3826, 4078
0.3830, 4077
0.3834, 4076
0.3838, 4075
0.3842, 4074
0.3847, 4073
0.3850, 4072
0.3854, 4071
0.3858, 4070
0.3863, 4069
0.3866, 4068
0.3871, 4067
0.3875, 4066
0.3879, 4065
0.3883, 4064
0.3886, 4063
0.3891, 4062
0.3895, 4061
0.3899, 4060
0.3903, 4059
0.3907, 4058
0.3911, 4057
0.3915, 4056
0.3919, 4055
0.3924, 4054
0.3928, 4053
0.3932, 4052
0.3936, 4051
0.3940, 4050
0.3945, 4049
0.3949, 4048
0.3953, 4047
0.3957, 4046
0.3961, 4045
0.3965, 4044
0.3970, 4043
0.3974, 4042
0.3978, 4041
0.3982, 4040
0.3986, 4039
0.3990, 4038
0.3995, 4037
0.3999, 4036
0.4003, 4035
0.4007, 4034
0.4011, 4033
0.4015, 4032
0.4019, 4031
0.4023, 4030
0.4027, 4029
0.4031, 4028
0.4035, 4027
0.4039, 4026
0.4043, 4025
0.4047, 4024
0.4051, 4023
0.4056, 4022
0.4059, 4021
0.4063, 4020
0.4067, 4019
0.4071, 4018
0.4075, 4017
0.4079, 4016
0.4083, 4015
0.4087, 4014
0.4091, 4013
0.4095, 4012
0.4100, 4011
0.4104, 4010
0.4108, 4009
0.4112, 4008
0.4116, 4007
0.4120, 4006
0.4124, 4005
0.4127, 4004
0.4131, 4003
0.4135, 4002
0.4140, 4001
0.4144, 4000
0.4148, 3999
0.4152, 3998
0.4156, 3997
0.4160, 3996
0.4164, 3995
0.4168, 3994
0.4172, 3993
0.4176, 3992
0.4180, 3991
0.4184, 3990
0.4188, 3989
0.4193, 3988
0.4197, 3987
0.4201, 3986
0.4205, 3985
0.4209, 3984
0.4213, 3983
0.4217, 3982
0.4221, 3981
0.4226, 3980
0.4229, 3979
0.4234, 3978
0.4237, 3977
0.4241, 3976
0.4245, 3975
0.4250, 3974
0.4254, 3973
0.4258, 3972
0.4262, 3971
0.4266, 3970
0.4270, 3969
0.4274, 3968
0.4278, 3967
0.4282, 3966
0.4286, 3965
0.4290, 3964
0.4294, 3963
0.4298, 3962
0.4302, 3961
0.4306, 3960
0.4310, 3959
0.4314, 3958
0.4318, 3957
0.4322, 3956
0.4326, 3955
0.4330, 3954
0.4334, 3953
0.4339, 3952
0.4343, 3951
0.4347, 3950
0.4351, 3949
0.4355, 3948
0.4359, 3947
0.4363, 3946
0.4367, 3945
0.4371, 3944
0.4375, 3943
0.4379, 3942
0.4383, 3941
0.4387, 3940
0.4391, 3939
0.4395, 3938
0.4399, 3937
0.4403, 3936
0.4407, 3935
0.4411, 3934
0.4415, 3933
0.4419, 3932
0.4423, 3931
0.4427, 3930
0.4431, 3929
0.4436, 3928
0.4440, 3927
0.4444, 3926
0.4448, 3925
0.4452, 3924
0.4457, 3923
0.4461, 3922
0.4465, 3921
0.4469, 3920
0.4473, 3919
0.4477, 3918
0.4480, 3917
0.4485, 3916
0.4489, 3915
0.4493, 3914
0.4497, 3913
0.4501, 3912
0.4505, 3911
0.4509, 3910
0.4513, 3909
0.4517, 3908
0.4521, 3907
0.4525, 3906
0.4530, 3905
0.4534, 3904
0.4538, 3903
0.4541, 3902
0.4545, 3901
0.4549, 3900
0.4553, 3899
0.4557, 3898
0.4561, 3897
0.4565, 3896
0.4569, 3895
0.4573, 3894
0.4577, 3893
0.4581, 3892
0.4585, 3891
0.4589, 3890
0.4593, 3889
0.4597, 3888
0.4601, 3887
0.4605, 3886
0.4609, 3885
0.4613, 3884
0.4617, 3883
0.4621, 3882
0.4625, 3881
0.4629, 3880
0.4633, 3879
0.4637, 3878
0.4641, 3877
0.4645, 3876
0.4649, 3875
0.4653, 3874
0.4657, 3873
0.4661, 3872
0.4665, 3871
0.4669, 3870
0.4673, 3869
0.4677, 3868
0.4681, 3867
0.4685, 3866
0.4689, 3865
0.4693, 3864
0.4697, 3863
0.4701, 3862
0.4705, 3861
0.4709, 3860
0.4713, 3859
0.4717, 3858
0.4720, 3857
0.4725, 3856
0.4729, 3855
0.4733, 3854
0.4737, 3853
0.4742, 3852
0.4745, 3851
0.4749, 3850
0.4754, 3849
0.4758, 3848
0.4761, 3847
0.4765, 3846
0.4769, 3845
0.4773, 3844
0.4777, 3843
0.4780, 3842
0.4784, 3841
0.4788, 3840
0.4792, 3839
0.4796, 3838
0.4800, 3837
0.4804, 3836
0.4808, 3835
0.4812, 3834
0.4816, 3833
0.4821, 3832
0.4825, 3831
0.4828, 3830
0.4832, 3829
0.4836, 3828
0.4840, 3827
0.4844, 3826
0.4848, 3825
0.4852, 3824
0.4856, 3823
0.4860, 3822
0.4864, 3821
0.4868, 3820
0.4872, 3819
0.4876, 3818
0.4880, 3817
0.4884, 3816
0.4888, 3815
0.4891, 3814
0.4896, 3813
0.4899, 3812
0.4903, 3811
0.4907, 3810
0.4911, 3809
0.4915, 3808
0.4919, 3807
0.4923, 3806
0.4926, 3805
0.4930, 3804
0.4934, 3803
0.4938, 3802
0.4942, 3801
0.4946, 3800
0.4950, 3799
0.4954, 3798
0.4958, 3797
0.4962, 3796
0.4965, 3795
0.4969, 3794
0.4973, 3793
0.4977, 3792
0.4981, 3791
0.4985, 3790
0.4989, 3789
0.4993, 3788
0.4997, 3787
0.5001, 3786
0.5005, 3785
0.5009, 3784
0.5013, 3783
0.5016, 3782
0.5020, 3781
0.5025, 3780
0.5029, 3779
0.5033, 3778
0.5037, 3777
0.5041, 3776
0.5045, 3775
0.5049, 3774
0.5053, 3773
0.5057, 3772
0.5061, 3771
0.5065, 3770
0.5069, 3769
0.5073, 3768
0.5077, 3767
0.5081, 3766
0.5085, 3765
0.5089, 3764
0.5093, 3763
0.5097, 3762
0.5101, 3761
0.5105, 3760
0.5108, 3759
0.5112, 3758
0.5116, 3757
0.5120, 3756
0.5124, 3755
0.5128, 3754
0.5132, 3753
0.5136, 3752
0.5140, 3751
0.5144, 3750
0.5148, 3749
0.5152, 3748
0.5156, 3747
0.5160, 3746
0.5164, 3745
0.5168, 3744
0.5172, 3743
0.5176, 3742
0.5180, 3741
0.5184, 3740
0.5187, 3739
0.5191, 3738
0.5195, 3737
0.5199, 3736
0.5203, 3735
0.5207, 3734
0.5211, 3733
0.5215, 3732
0.5219, 3731
0.5222, 3730
0.5226, 3729
0.5231, 3728
0.5235, 3727
0.5239, 3726
0.5242, 3725
0.5246, 3724
0.5250, 3723
0.5254, 3722
0.5258, 3721
0.5262, 3720
0.5265, 3719
0.5269, 3718
0.5273, 3717
0.5278, 3716
0.5282, 3715
0.5286, 3714
0.5290, 3713
0.5294, 3712
0.5297, 3711
0.5301, 3710
0.5306, 3709
0.5309, 3708
0.5313, 3707
0.5317, 3706
0.5321, 3705
0.5325, 3704
0.5329, 3703
0.5333, 3702
0.5337, 3701
0.5341, 3700
0.5345, 3699
0.5348, 3698
0.5352, 3697
0.5356, 3696
0.5361, 3695
0.5365, 3694
0.5368, 3693
0.5372, 3692
0.5376, 3691
0.5380, 3690
0.5384, 3689
0.5388, 3688
0.5392, 3687
0.5396, 3686
0.5401, 3685
0.5405, 3684
0.5408, 3683
0.5412, 3682
0.5416, 3681
0.5420, 3680
0.5423, 3679
0.5428, 3678
0.5432, 3677
0.5435, 3676
0.5439, 3675
0.5443, 3674
0.5447, 3673
0.5451, 3672
0.5455, 3671
0.5459, 3670
0.5463, 3669
0.5467, 3668
0.5471, 3667
0.5475, 3666
0.5479, 3665
0.5482, 3664
0.5486, 3663
0.5490, 3662
0.5494, 3661
0.5497, 3660
0.5501, 3659
0.5505, 3658
0.5508, 3657
0.5513, 3656
0.5516, 3655
0.5520, 3654
0.5524, 3653
0.5529, 3652
0.5533, 3651
0.5536, 3650
0.5540, 3649
0.5544, 3648
0.5548, 3647
0.5552, 3646
0.5556, 3645
0.5560, 3644
0.5563, 3643
0.5567, 3642
0.5571, 3641
0.5575, 3640
0.5578, 3639
0.5582, 3638
0.5586, 3637
0.5589, 3636
0.5593, 3635
0.5596, 3634
0.5600, 3633
0.5604, 3632
0.5608, 3631
0.5612, 3630
0.5615, 3629
0.5619, 3628
0.5622, 3627
0.5626, 3626
0.5630, 3625
0.5633, 3624
0.5637, 3623
0.5641, 3622
0.5644, 3621
0.5648, 3620
0.5652, 3619
0.5655, 3618
0.5659, 3617
0.5663, 3616
0.5666, 3615
0.5670, 3614
0.5673, 3613
0.5677, 3612
0.5681, 3611
0.5684, 3610
0.5688, 3609
0.5692, 3608
0.5696, 3607
0.5700, 3606
0.5703, 3605
0.5707, 3604
0.5711, 3603
0.5715, 3602
0.5719, 3601
0.5722, 3600
0.5726, 3599
0.5730, 3598
0.5734, 3597
0.5737, 3596
0.5741, 3595
0.5745, 3594
0.5749, 3593
0.5752, 3592
0.5756, 3591
0.5760, 3590
0.5764, 3589
0.5767, 3588
0.5772, 3587
0.5775, 3586
0.5779, 3585
0.5783, 3584
0.5786, 3583
0.5790, 3582
0.5794, 3581
0.5798, 3580
0.5802, 3579
0.5805, 3578
0.5809, 3577
0.5813, 3576
0.5816, 3575
0.5821, 3574
0.5825, 3573
0.5828, 3572
0.5832, 3571
0.5836, 3570
0.5840, 3569
0.5843, 3568
0.5847, 3567
0.5850, 3566
0.5854, 3565
0.5857, 3564
0.5861, 3563
0.5865, 3562
0.5869, 3561
0.5872, 3560
0.5876, 3559
0.5879, 3558
0.5883, 3557
0.5887, 3556
0.5891, 3555
0.5894, 3554
0.5898, 3553
0.5902, 3552
0.5906, 3551
0.5909, 3550
0.5913, 3549
0.5917, 3548
0.5920, 3547
0.5924, 3546
0.5927, 3545
0.5931, 3544
0.5934, 3543
0.5937, 3542
0.5941, 3541
0.5944, 3540
0.5948, 3539
0.5951, 3538
0.5955, 3537
0.5959, 3536
0.5962, 3535
0.5966, 3534
0.5969, 3533
0.5973, 3532
0.5977, 3531
0.5980, 3530
0.5983, 3529
0.5987, 3528
0.5990, 3527
0.5994, 3526
0.5998, 3525
0.6001, 3524
0.6005, 3523
0.6008, 3522
0.6012, 3521
0.6015, 3520
0.6019, 3519
0.6023, 3518
0.6026, 3517
0.6029, 3516
0.6033, 3515
0.6036, 3514
0.6040, 3513
0.6043, 3512
0.6047, 3511
0.6050, 3510
0.6054, 3509
0.6057, 3508
0.6061, 3507
0.6064, 3506
0.6068, 3505
0.6071, 3504
0.6075, 3503
0.6079, 3502
0.6083, 3501
0.6087, 3500
0.6091, 3499
0.6094, 3498
0.6097, 3497
0.6101, 3496
0.6105, 3495
0.6108, 3494
0.6112, 3493
0.6116, 3492
0.6119, 3491
0.6123, 3490
0.6126, 3489
0.6130, 3488
0.6134, 3487
0.6137, 3486
0.6141, 3485
0.6144, 3484
0.6148, 3483
0.6152, 3482
0.6156, 3481
0.6159, 3480
0.6163, 3479
0.6166, 3478
0.6170, 3477
0.6174, 3476
0.6177, 3475
0.6181, 3474
0.6184, 3473
0.6188, 3472
0.6192, 3471
0.6196, 3470
0.6200, 3469
0.6203, 3468
0.6207, 3467
0.6211, 3466
0.6214, 3465
0.6218, 3464
0.6221, 3463
0.6225, 3462
0.6229, 3461
0.6232, 3460
0.6236, 3459
0.6239, 3458
0.6243, 3457
0.6247, 3456
0.6251, 3455
0.6254, 3454
0.6258, 3453
0.6261, 3452
0.6265, 3451
0.6269, 3450
0.6272, 3449
0.6276, 3448
0.6279, 3447
0.6283, 3446
0.6286, 3445
0.6290, 3444
0.6293, 3443
0.6296, 3442
0.6300, 3441
0.6303, 3440
0.6307, 3439
0.6310, 3438
0.6314, 3437
0.6317, 3436
0.6320, 3435
0.6324, 3434
0.6327, 3433
0.6331, 3432
0.6334, 3431
0.6337, 3430
0.6341, 3429
0.6344, 3428
0.6347, 3427
0.6351, 3426
0.6354, 3425
0.6357, 3424
0.6360, 3423
0.6364, 3422
0.6367, 3421
0.6371, 3420
0.6374, 3419
0.6377, 3418
0.6381, 3417
0.6384, 3416
0.6387, 3415
0.6391, 3414
0.6394, 3413
0.6397, 3412
0.6401, 3411
0.6404, 3410
0.6408, 3409
0.6411, 3408
0.6415, 3407
0.6418, 3406
0.6422, 3405
0.6425, 3404
0.6429, 3403
0.6432, 3402
0.6435, 3401
0.6439, 3400
0.6442, 3399
0.6445, 3398
0.6449, 3397
0.6452, 3396
0.6456, 3395
0.6459, 3394
0.6462, 3393
0.6466, 3392
0.6469, 3391
0.6472, 3390
0.6476, 3389
0.6479, 3388
0.6482, 3387
0.6485, 3386
0.6489, 3385
0.6492, 3384
0.6495, 3383
0.6498, 3382
0.6502, 3381
0.6505, 3380
0.6508, 3379
0.6511, 3378
0.6515, 3377
0.6518, 3376
0.6521, 3375
0.6525, 3374
0.6528, 3373
0.6531, 3372
0.6535, 3371
0.6538, 3370
0.6541, 3369
0.6545, 3368
0.6549, 3367
0.6552, 3366
0.6555, 3365
0.6559, 3364
0.6562, 3363
0.6565, 3362
0.6568, 3361
0.6572, 3360
0.6575, 3359
0.6579, 3358
0.6582, 3357
0.6585, 3356
0.6589, 3355
0.6592, 3354
0.6595, 3353
0.6598, 3352
0.6601, 3351
0.7397, 3350
0.7401, 3349
1.3234, 3348
1.5350, 3347
2.4606, 3346
2.5050, 3345
2.5495, 3344
3.0464, 3343
3.1032, 3342
3.2248, 3341
3.4324, 3340
4.3351, 3339
4.5780, 3338
4.6002, 3337
4.6005, 3336
5.0599, 3335
5.1914, 3334
5.5962, 3333
5.6183, 3332
5.6732, 3331
6.2741, 3330
6.3834, 3329
6.4499, 3328
6.4830, 3327
6.5053, 3326
6.5497, 3325
6.5501, 3324
6.9657, 3323
7.0650, 3322
7.0653, 3321
7.1204, 3320
7.3175, 3319
7.3397, 3318
7.3836, 3317
7.3839, 3316
7.6789, 3315
7.6793, 3314
7.7562, 3313
7.7566, 3312
8.5767, 3311
9.0260, 3310
9.3764, 3309
9.5737, 3308
9.6068, 3307
