0.0000, 4956
0.0005, 4955
0.0009, 4954
0.0014, 4953
0.0019, 4952
0.0024, 4951
0.0028, 4950
0.0033, 4949
0.0038, 4948
0.0043, 4947
0.0047, 4946
0.0051, 4945
0.0056, 4944
0.0061, 4943
0.0065, 4942
0.0070, 4941
0.0075, 4940
0.0079, 4939
0.0084, 4938
0.0089, 4937
0.0094, 4936
0.0098, 4935
0.0103, 4934
0.0108, 4933
0.0112, 4932
0.0117, 4931
0.0121, 4930
0.0126, 4929
0.0130, 4928
0.0135, 4927
0.0140, 4926
0.0144, 4925
0.0149, 4924
0.0154, 4923
0.0158, 4922
0.0163, 4921
0.0167, 4920
0.0171, 4919
0.0176, 4918
0.0180, 4917
0.0185, 4916
0.0190, 4915
0.0194, 4914
0.0198, 4913
0.0203, 4912
0.0208, 4911
0.0212, 4910
0.0217, 4909
0.0221, 4908
0.0225, 4907
0.0230, 4906
0.0234, 4905
0.0239, 4904
0.0243, 4903
0.0247, 4902
0.0252, 4901
0.0257, 4900
0.0261, 4899
0.0266, 4898
0.0271, 4897
0.0275, 4896
0.0280, 4895
0.0284, 4894
0.0289, 4893
0.0293, 4892
0.0298, 4891
0.0303, 4890
0.0308, 4889
0.0312, 4888
0.0317, 4887
0.0321, 4886
0.0325, 4885
0.0330, 4884
0.0334, 4883
0.0339, 4882
0.0343, 4881
0.0348, 4880
0.0353, 4879
0.0357, 4878
0.0362, 4877
0.0366, 4876
0.0371, 4875
0.0376, 4874
0.0380, 4873
0.0385, 4872
0.0389, 4871
0.0394, 4870
0.0399, 4869
0.0403, 4868
0.0408, 4867
0.0413, 4866
0.0417, 4865
0.0422, 4864
0.0426, 4863
0.0431, 4862
0.0436, 4861
0.0440, 4860
0.0445, 4859
0.0449, 4858
0.0454, 4857
0.0458, 4856
0.0463, 4855
0.0467, 4854
0.0472, 4853
0.0476, 4852
0.0480, 4851
0.0485, 4850
0.0490, 4849
0.0494, 4848
0.0499, 4847
0.0504, 4846
0.0508, 4845
0.0513, 4844
0.0517, 4843
0.0521, 4842
0.0526, 4841
0.0530, 4840
0.0534, 4839
0.0539, 4838
0.0544, 4837
0.0548, 4836
0.0553, 4835
0.0557, 4834
0.0562, 4833
0.0567, 4832
0.0571, 4831
0.0576, 4830
0.0580, 4829
0.0585, 4828
0.0589, 4827
0.0594, 4826
0.0598, 4825
0.0603, 4824
0.0607, 4823
0.0612, 4822
0.0617, 4821
0.0621, 4820
0.0626, 4819
0.0630, 4818
0.0634, 4817
0.0639, 4816
0.0643, 4815
0.0648, 4814
0.0652, 4813
0.0657, 4812
0.0661, 4811
0.0666, 4810
0.0670, 4809
0.0675, 4808
0.0680, 4807
0.0684, 4806
0.0688, 4805
0.0693, 4804
0.0697, 4803
0.0702, 4802
0.0706, 4801
0.0711, 4800
0.0716, 4799
0.0720, 4798
0.0724, 4797
0.0729, 4796
0.0734, 4795
0.0738, 4794
0.0743, 4793
0.0747, 4792
0.0752, 4791
0.0756, 4790
0.0761, 4789
0.0765, 4788
0.0770, 4787
0.0775, 4786
0.0779, 4785
0.0784, 4784
0.0788, 4783
0.0793, 4782
0.0797, 4781
0.0802, 4780
0.0807, 4779
0.0812, 4778
0.0816, 4777
0.0821, 4776
0.0825, 4775
0.0830, 4774
0.0835, 4773
0.0839, 4772
0.0844, 4771
0.0848, 4770
0.0853, 4769
0.0857, 4768
0.0862, 4767
0.0866, 4766
0.0871, 4765
0.0876, 4764
0.0880, 4763
0.0885, 4762
0.0890, 4761
0.0894, 4760
0.0899, 4759
0.0903, 4758
0.0908, 4757
0.0912, 4756
0.0917, 4755
0.0921, 4754
0.0926, 4753
0.0930, 4752
0.0935, 4751
0.0939, 4750
0.0944, 4749
0.0948, 4748
0.0952, 4747
0.0957, 4746
0.0962, 4745
0.0966, 4744
0.0971, 4743
0.0975, 4742
0.0980, 4741
0.0984, 4740
0.0989, 4739
0.0993, 4738
0.0998, 4737
0.1002, 4736
0.1007, 4735
0.1012, 4734
0.1016, 4733
0.1020, 4732
0.1025, 4731
0.1029, 4730
0.1033, 4729
0.1038, 4728
0.1043, 4727
0.1047, 4726
0.1051, 4725
0.1056, 4724
0.1061, 4723
0.1065, 4722
0.1069, 4721
0.1074, 4720
0.1078, 4719
0.1082, 4718
0.1087, 4717
0.1091, 4716
0.1095, 4715
0.1100, 4714
0.1105, 4713
0.1109, 4712
0.1114, 4711
0.1119, 4710
0.1123, 4709
0.1128, 4708
0.1132, 4707
0.1137, 4706
0.1141, 4705
0.1146, 4704
0.1150, 4703
0.1155, 4702
0.1159, 4701
0.1164, 4700
0.1168, 4699
0.1172, 4698
0.1177, 4697
0.1181, 4696
0.1186, 4695
0.1190, 4694
0.1195, 4693
0.1200, 4692
0.1205, 4691
0.1209, 4690
0.1214, 4689
0.1219, 4688
0.1223, 4687
0.1228, 4686
0.1232, 4685
0.1237, 4684
0.1241, 4683
0.1246, 4682
0.1250, 4681
0.1255, 4680
0.1260, 4679
0.1264, 4678
0.1269, 4677
0.1273, 4676
0.1278, 4675
0.1282, 4674
0.1286, 4673
0.1291, 4672
0.1295, 4671
0.1299, 4670
0.1304, 4669
0.1309, 4668
0.1313, 4667
0.1318, 4666
0.1323, 4665
0.1327, 4664
0.1332, 4663
0.1336, 4662
0.1341, 4661
0.1346, 4660
0.1351, 4659
0.1355, 4658
0.1360, 4657
0.1364, 4656
0.1369, 4655
0.1373, 4654
0.1378, 4653
0.1382, 4652
0.1386, 4651
0.1391, 4650
0.1395, 4649
0.1400, 4648
0.1405, 4647
0.1409, 4646
0.1414, 4645
0.1419, 4644
0.1424, 4643
0.1428, 4642
0.1433, 4641
0.1438, 4640
0.1442, 4639
0.1446, 4638
0.1451, 4637
0.1455, 4636
0.1460, 4635
0.1465, 4634
0.1469, 4633
0.1474, 4632
0.1478, 4631
0.1482, 4630
0.1487, 4629
0.1492, 4628
0.1496, 4627
0.1501, 4626
0.1505, 4625
0.1510, 4624
0.1514, 4623
0.1519, 4622
0.1523, 4621
0.1527, 4620
0.1532, 4619
0.1537, 4618
0.1542, 4617
0.1546, 4616
0.1551, 4615
0.1555, 4614
0.1560, 4613
0.1565, 4612
0.1569, 4611
0.1574, 4610
0.1578, 4609
0.1583, 4608
0.1587, 4607
0.1591, 4606
0.1596, 4605
0.1601, 4604
0.1605, 4603
0.1610, 4602
0.1615, 4601
0.1620, 4600
0.1624, 4599
0.1629, 4598
0.1633, 4597
0.1638, 4596
0.1642, 4595
0.1647, 4594
0.1651, 4593
0.1656, 4592
0.1660, 4591
0.1665, 4590
0.1669, 4589
0.1673, 4588
0.1678, 4587
0.1682, 4586
0.1687, 4585
0.1691, 4584
0.1696, 4583
0.1700, 4582
0.1705, 4581
0.1709, 4580
0.1713, 4579
0.1718, 4578
0.1723, 4577
0.1727, 4576
0.1731, 4575
0.1736, 4574
0.1740, 4573
0.1745, 4572
0.1750, 4571
0.1754, 4570
0.1758, 4569
0.1763, 4568
0.1767, 4567
0.1771, 4566
0.1775, 4565
0.1780, 4564
0.1784, 4563
0.1789, 4562
0.1793, 4561
0.1798, 4560
0.1802, 4559
0.1807, 4558
0.1811, 4557
0.1815, 4556
0.1819, 4555
0.1823, 4554
0.1828, 4553
0.1832, 4552
0.1837, 4551
0.1841, 4550
0.1845, 4549
0.1850, 4548
0.1854, 4547
0.1858, 4546
0.1863, 4545
0.1867, 4544
0.1872, 4543
0.1876, 4542
0.1881, 4541
0.1886, 4540
0.1890, 4539
0.1894, 4538
0.1898, 4537
0.1903, 4536
0.1907, 4535
0.1911, 4534
0.1915, 4533
0.1920, 4532
0.1925, 4531
0.1929, 4530
0.1933, 4529
0.1937, 4528
0.1942, 4527
0.1946, 4526
0.1950, 4525
0.1954, 4524
0.1958, 4523
0.1962, 4522
0.1967, 4521
0.1971, 4520
0.1976, 4519
0.1980, 4518
0.1984, 4517
0.1989, 4516
0.1994, 4515
0.1998, 4514
0.2003, 4513
0.2007, 4512
0.2012, 4511
0.2016, 4510
0.2020, 4509
0.2025, 4508
0.2029, 4507
0.2033, 4506
0.2038, 4505
0.2042, 4504
0.2046, 4503
0.2051, 4502
0.2055, 4501
0.2060, 4500
0.2064, 4499
0.2069, 4498
0.2073, 4497
0.2077, 4496
0.2081, 4495
0.2086, 4494
0.2090, 4493
0.2094, 4492
0.2099, 4491
0.2103, 4490
0.2107, 4489
0.2112, 4488
0.2116, 4487
0.2121, 4486
0.2126, 4485
0.2130, 4484
0.2134, 4483
0.2138, 4482
0.2143, 4481
0.2147, 4480
0.2152, 4479
0.2156, 4478
0.2161, 4477
0.2165, 4476
0.2169, 4475
0.2174, 4474
0.2179, 4473
0.2183, 4472
0.2187, 4471
0.2192, 4470
0.2196, 4469
0.2200, 4468
0.2204, 4467
0.2209, 4466
0.2213, 4465
0.2217, 4464
0.2222, 4463
0.2226, 4462
0.2230, 4461
0.2235, 4460
0.2239, 4459
0.2243, 4458
0.2248, 4457
0.2252, 4456
0.2256, 4455
0.2261, 4454
0.2265, 4453
0.2270, 4452
0.2274, 4451
0.2278, 4450
0.2283, 4449
0.2287, 4448
0.2291, 4447
0.2295, 4446
0.2300, 4445
0.2304, 4444
0.2308, 4443
0.2312, 4442
0.2316, 4441
0.2320, 4440
0.2324, 4439
0.2329, 4438
0.2333, 4437
0.2337, 4436
0.2342, 4435
0.2346, 4434
0.2350, 4433
0.2354, 4432
0.2358, 4431
0.2363, 4430
0.2367, 4429
0.2371, 4428
0.2375, 4427
0.2380, 4426
0.2384, 4425
0.2388, 4424
0.2392, 4423
0.2397, 4422
0.2401, 4421
0.2405, 4420
0.2410, 4419
0.2414, 4418
0.2418, 4417
0.2422, 4416
0.2426, 4415
0.2430, 4414
0.2435, 4413
0.2439, 4412
0.2443, 4411
0.2448, 4410
0.2452, 4409
0.2457, 4408
0.2461, 4407
0.2465, 4406
0.2470, 4405
0.2474, 4404
0.2478, 4403
0.2482, 4402
0.2487, 4401
0.2491, 4400
0.2495, 4399
0.2499, 4398
0.2503, 4397
0.2507, 4396
0.2512, 4395
0.2516, 4394
0.2520, 4393
0.2524, 4392
0.2528, 4391
0.2533, 4390
0.2537, 4389
0.2541, 4388
0.2546, 4387
0.2550, 4386
0.2554, 4385
0.2558, 4384
0.2563, 4383
0.2567, 4382
0.2571, 4381
0.2576, 4380
0.2580, 4379
0.2584, 4378
0.2588, 4377
0.2592, 4376
0.2597, 4375
0.2601, 4374
0.2605, 4373
0.2609, 4372
0.2614, 4371
0.2617, 4370
0.2622, 4369
0.2626, 4368
0.2630, 4367
0.2634, 4366
0.2639, 4365
0.2643, 4364
0.2647, 4363
0.2651, 4362
0.2656, 4361
0.2660, 4360
0.2665, 4359
0.2669, 4358
0.2673, 4357
0.2678, 4356
0.2682, 4355
0.2686, 4354
0.2691, 4353
0.2695, 4352
0.2699, 4351
0.2703, 4350
0.2707, 4349
0.2712, 4348
0.2716, 4347
0.2721, 4346
0.2725, 4345
0.2729, 4344
0.2734, 4343
0.2739, 4342
0.2743, 4341
0.2748, 4340
0.2752, 4339
0.2756, 4338
0.2760, 4337
0.2765, 4336
0.2769, 4335
0.2774, 4334
0.2778, 4333
0.2783, 4332
0.2787, 4331
0.2791, 4330
0.2795, 4329
0.2800, 4328
0.2804, 4327
0.2808, 4326
0.2813, 4325
0.2817, 4324
0.2821, 4323
0.2826, 4322
0.2830, 4321
0.2834, 4320
0.2838, 4319
0.2842, 4318
0.2846, 4317
0.2850, 4316
0.2855, 4315
0.2859, 4314
0.2863, 4313
0.2867, 4312
0.2872, 4311
0.2877, 4310
0.2881, 4309
0.2885, 4308
0.2889, 4307
0.2893, 4306
0.2898, 4305
0.2902, 4304
0.2906, 4303
0.2911, 4302
0.2915, 4301
0.2919, 4300
0.2923, 4299
0.2927, 4298
0.2932, 4297
0.2936, 4296
0.2940, 4295
0.2944, 4294
0.2948, 4293
0.2952, 4292
0.2956, 4291
0.2961, 4290
0.2965, 4289
0.2970, 4288
0.2974, 4287
0.2978, 4286
0.2983, 4285
0.2987, 4284
0.2991, 4283
0.2996, 4282
0.3000, 4281
0.3004, 4280
0.3008, 4279
0.3012, 4278
0.3016, 4277
0.3021, 4276
0.3025, 4275
0.3029, 4274
0.3033, 4273
0.3037, 4272
0.3042, 4271
0.3046, 4270
0.3050, 4269
0.3054, 4268
0.3058, 4267
0.3062, 4266
0.3067, 4265
0.3071, 4264
0.3075, 4263
0.3079, 4262
0.3083, 4261
0.3087, 4260
0.3091, 4259
0.3096, 4258
0.3100, 4257
0.3104, 4256
0.3108, 4255
0.3112, 4254
0.3116, 4253
0.3121, 4252
0.3124, 4251
0.3129, 4250
0.3133, 4249
0.3137, 4248
0.3141, 4247
0.3145, 4246
0.3149, 4245
0.3153, 4244
0.3157, 4243
0.3161, 4242
0.3165, 4241
0.3170, 4240
0.3174, 4239
0.3178, 4238
0.3183, 4237
0.3187, 4236
0.3191, 4235
0.3195, 4234
0.3199, 4233
0.3203, 4232
0.3208, 4231
0.3211, 4230
0.3216, 4229
0.3220, 4228
0.3224, 4227
0.3229, 4226
0.3233, 4225
0.3237, 4224
0.3241, 4223
0.3245, 4222
0.3249, 4221
0.3253, 4220
0.3257, 4219
0.3261, 4218
0.3266, 4217
0.3270, 4216
0.3274, 4215
0.3278, 4214
0.3282, 4213
0.3286, 4212
0.3290, 4211
0.3294, 4210
0.3298, 4209
0.3302, 4208
0.3306, 4207
0.3310, 4206
0.3314, 4205
0.3319, 4204
0.3323, 4203
0.3327, 4202
0.3331, 4201
0.3336, 4200
0.3339, 4199
0.3344, 4198
0.3348, 4197
0.3352, 4196
0.3356, 4195
0.3360, 4194
0.3365, 4193
0.3369, 4192
0.3373, 4191
0.3377, 4190
0.3381, 4189
0.3385, 4188
0.3390, 4187
0.3394, 4186
0.3398, 4185
0.3402, 4184
0.3406, 4183
0.3410, 4182
0.3414, 4181
0.3419, 4180
0.3423, 4179
0.3427, 4178
0.3432, 4177
0.3436, 4176
0.3440, 4175
0.3445, 4174
0.3449, 4173
0.3453, 4172
0.3458, 4171
0.3462, 4170
0.3466, 4169
0.3471, 4168
0.3475, 4167
0.3479, 4166
0.3483, 4165
0.3488, 4164
0.3492, 4163
0.3496, 4162
0.3500, 4161
0.3504, 4160
0.3508, 4159
0.3513, 4158
0.3517, 4157
0.3521, 4156
0.3525, 4155
0.3529, 4154
0.3533, 4153
0.3537, 4152
0.3541, 4151
0.3545, 4150
0.3549, 4149
0.3553, 4148
0.3557, 4147
0.3561, 4146
0.3565, 4145
0.3570, 4144
0.3574, 4143
0.3578, 4142
0.3582, 4141
0.3586, 4140
0.3590, 4139
0.3594, 4138
0.3599, 4137
0.3603, 4136
0.3606, 4135
0.3611, 4134
0.3615, 4133
0.3619, 4132
0.3623, 4131
0.3627, 4130
0.3631, 4129
0.3635, 4128
0.3639, 4127
0.3643, 4126
0.3647, 4125
0.3651, 4124
0.3655, 4123
0.3659, 4122
0.3663, 4121
0.3667, 4120
0.3671, 4119
0.3676, 4118
0.3680, 4117
0.3684, 4116
0.3689, 4115
0.3693, 4114
0.3696, 4113
0.3700, 4112
0.3705, 4111
0.3709, 4110
0.3713, 4109
0.3718, 4108
0.3722, 4107
0.3726, 4106
0.3731, 4105
0.3735, 4104
0.3739, 4103
0.3743, 4102
0.3747, 4101
0.3751, 4100
0.3755, 4099
0.3759, 4098
0.3763, 4097
0.3767, 4096
0.3771, 4095
0.3775, 4094
0.3779, 4093
0.3783, 4092
0.3787, 4091
0.3791, 4090
0.3795, 4089
0.3799, 4088
0.3803, 4087
0.3806, 4086
0.3810, 4085
0.3814, 4084
0.3818, 4083
0.3822, 4082
0.3825, 4081
0.3829, 4080
0.3833, 4079
0.3837, 4078
0.3840, 4077
0.3844, 4076
0.3848, 4075
0.3852, 4074
0.3856, 4073
0.3860, 4072
0.3864, 4071
0.3868, 4070
0.3871, 4069
0.3875, 4068
0.3879, 4067
0.3883, 4066
0.3886, 4065
0.3890, 4064
0.3894, 4063
0.3898, 4062
0.3902, 4061
0.3906, 4060
0.3910, 4059
0.3914, 4058
0.3918, 4057
0.3921, 4056
0.3925, 4055
0.3929, 4054
0.3933, 4053
0.3937, 4052
0.3942, 4051
0.3946, 4050
0.3950, 4049
0.3954, 4048
0.3958, 4047
0.3962, 4046
0.3966, 4045
0.3971, 4044
0.3975, 4043
0.3979, 4042
0.3983, 4041
0.3987, 4040
0.3991, 4039
0.3995, 4038
0.3999, 4037
0.4003, 4036
0.4007, 4035
0.4011, 4034
0.4015, 4033
0.4019, 4032
0.4023, 4031
0.4027, 4030
0.4031, 4029
0.4035, 4028
0.4039, 4027
0.4043, 4026
0.4047, 4025
0.4051, 4024
0.4055, 4023
0.4059, 4022
0.4063, 4021
0.4067, 4020
0.4071, 4019
0.4075, 4018
0.4078, 4017
0.4082, 4016
0.4086, 4015
0.4090, 4014
0.4094, 4013
0.4098, 4012
0.4102, 4011
0.4106, 4010
0.4109, 4009
0.4114, 4008
0.4117, 4007
0.4121, 4006
0.4125, 4005
0.4129, 4004
0.4133, 4003
0.4137, 4002
0.4141, 4001
0.4146, 4000
0.4150, 3999
0.4154, 3998
0.4159, 3997
0.4162, 3996
0.4166, 3995
0.4170, 3994
0.4173, 3993
0.4177, 3992
0.4181, 3991
0.4185, 3990
0.4189, 3989
0.4193, 3988
0.4197, 3987
0.4201, 3986
0.4205, 3985
0.4209, 3984
0.4212, 3983
0.4217, 3982
0.4221, 3981
0.4224, 3980
0.4228, 3979
0.4232, 3978
0.4236, 3977
0.4240, 3976
0.4244, 3975
0.4248, 3974
0.4252, 3973
0.4256, 3972
0.4260, 3971
0.4264, 3970
0.4268, 3969
0.4272, 3968
0.4276, 3967
0.4280, 3966
0.4284, 3965
0.4288, 3964
0.4292, 3963
0.4296, 3962
0.4299, 3961
0.4304, 3960
0.4307, 3959
0.4311, 3958
0.4315, 3957
0.4319, 3956
0.4324, 3955
0.4328, 3954
0.4332, 3953
0.4336, 3952
0.4340, 3951
0.4344, 3950
0.4348, 3949
0.4352, 3948
0.4356, 3947
0.4360, 3946
0.4363, 3945
0.4368, 3944
0.4372, 3943
0.4376, 3942
0.4380, 3941
0.4383, 3940
0.4387, 3939
0.4391, 3938
0.4395, 3937
0.4398, 3936
0.4402, 3935
0.4406, 3934
0.4409, 3933
0.4413, 3932
0.4417, 3931
0.4421, 3930
0.4425, 3929
0.4429, 3928
0.4433, 3927
0.4437, 3926
0.4442, 3925
0.4446, 3924
0.4450, 3923
0.4454, 3922
0.4458, 3921
0.4462, 3920
0.4466, 3919
0.4470, 3918
0.4474, 3917
0.4478, 3916
0.4482, 3915
0.4486, 3914
0.4490, 3913
0.4494, 3912
0.4498, 3911
0.4502, 3910
0.4506, 3909
0.4510, 3908
0.4514, 3907
0.4517, 3906
0.4521, 3905
0.4525, 3904
0.4529, 3903
0.4533, 3902
0.4537, 3901
0.4540, 3900
0.4544, 3899
0.4548, 3898
0.4552, 3897
0.4556, 3896
0.4560, 3895
0.4564, 3894
0.4568, 3893
0.4572, 3892
0.4576, 3891
0.4580, 3890
0.4584, 3889
0.4587, 3888
0.4591, 3887
0.4595, 3886
0.4599, 3885
0.4603, 3884
0.4608, 3883
0.4612, 3882
0.4615, 3881
0.4619, 3880
0.4623, 3879
0.4627, 3878
0.4631, 3877
0.4634, 3876
0.4638, 3875
0.4642, 3874
0.4646, 3873
0.4650, 3872
0.4654, 3871
0.4658, 3870
0.4662, 3869
0.4666, 3868
0.4670, 3867
0.4674, 3866
0.4678, 3865
0.4682, 3864
0.4686, 3863
0.4690, 3862
0.4693, 3861
0.4697, 3860
0.4701, 3859
0.4705, 3858
0.4709, 3857
0.4714, 3856
0.4718, 3855
0.4722, 3854
0.4727, 3853
0.4731, 3852
0.4734, 3851
0.4738, 3850
0.4743, 3849
0.4746, 3848
0.4750, 3847
0.4754, 3846
0.4758, 3845
0.4762, 3844
0.4766, 3843
0.4770, 3842
0.4774, 3841
0.4777, 3840
0.4781, 3839
0.4785, 3838
0.4789, 3837
0.4793, 3836
0.4797, 3835
0.4800, 3834
0.4805, 3833
0.4808, 3832
0.4812, 3831
0.4817, 3830
0.4820, 3829
0.4824, 3828
0.4828, 3827
0.4832, 3826
0.4836, 3825
0.4840, 3824
0.4843, 3823
0.4847, 3822
0.4851, 3821
0.4855, 3820
0.4858, 3819
0.4862, 3818
0.4866, 3817
0.4870, 3816
0.4874, 3815
0.4878, 3814
0.4882, 3813
0.4886, 3812
0.4890, 3811
0.4894, 3810
0.4897, 3809
0.4901, 3808
0.4905, 3807
0.4909, 3806
0.4913, 3805
0.4917, 3804
0.4921, 3803
0.4924, 3802
0.4928, 3801
0.4932, 3800
0.4936, 3799
0.4940, 3798
0.4944, 3797
0.4948, 3796
0.4951, 3795
0.4956, 3794
0.4959, 3793
0.4963, 3792
0.4967, 3791
0.4971, 3790
0.4975, 3789
0.4979, 3788
0.4983, 3787
0.4987, 3786
0.4991, 3785
0.4995, 3784
0.4999, 3783
0.5002, 3782
0.5006, 3781
0.5010, 3780
0.5014, 3779
0.5018, 3778
0.5022, 3777
0.5027, 3776
0.5030, 3775
0.5034, 3774
0.5038, 3773
0.5042, 3772
0.5046, 3771
0.5050, 3770
0.5054, 3769
0.5058, 3768
0.5062, 3767
0.5066, 3766
0.5070, 3765
0.5074, 3764
0.5078, 3763
0.5081, 3762
0.5085, 3761
0.5089, 3760
0.5093, 3759
0.5097, 3758
0.5100, 3757
0.5104, 3756
0.5109, 3755
0.5112, 3754
0.5116, 3753
0.5120, 3752
0.5124, 3751
0.5128, 3750
0.5131, 3749
0.5135, 3748
0.5139, 3747
0.5143, 3746
0.5146, 3745
0.5150, 3744
0.5154, 3743
0.5158, 3742
0.5161, 3741
0.5165, 3740
0.5169, 3739
0.5172, 3738
0.5176, 3737
0.5180, 3736
0.5184, 3735
0.5187, 3734
0.5191, 3733
0.5195, 3732
0.5199, 3731
0.5202, 3730
0.5206, 3729
0.5210, 3728
0.5214, 3727
0.5218, 3726
0.5221, 3725
0.5225, 3724
0.5229, 3723
0.5232, 3722
0.5236, 3721
0.5240, 3720
0.5244, 3719
0.5247, 3718
0.5251, 3717
0.5255, 3716
0.5259, 3715
0.5263, 3714
0.5267, 3713
0.5271, 3712
0.5274, 3711
0.5278, 3710
0.5282, 3709
0.5286, 3708
0.5290, 3707
0.5294, 3706
0.5298, 3705
0.5302, 3704
0.5306, 3703
0.5310, 3702
0.5314, 3701
0.5317, 3700
0.5321, 3699
0.5325, 3698
0.5329, 3697
0.5333, 3696
0.5337, 3695
0.5342, 3694
0.5346, 3693
0.5349, 3692
0.5353, 3691
0.5357, 3690
0.5361, 3689
0.5365, 3688
0.5369, 3687
0.5373, 3686
0.5377, 3685
0.5381, 3684
0.5385, 3683
0.5388, 3682
0.5392, 3681
0.5396, 3680
0.5400, 3679
0.5404, 3678
0.5408, 3677
0.5411, 3676
0.5415, 3675
0.5419, 3674
0.5423, 3673
0.5427, 3672
0.5431, 3671
0.5435, 3670
0.5439, 3669
0.5443, 3668
0.5447, 3667
0.5451, 3666
0.5455, 3665
0.5458, 3664
0.5462, 3663
0.5466, 3662
0.5469, 3661
0.5473, 3660
0.5477, 3659
0.5481, 3658
0.5484, 3657
0.5489, 3656
0.5492, 3655
0.5496, 3654
0.5500, 3653
0.5504, 3652
0.5508, 3651
0.5511, 3650
0.5515, 3649
0.5519, 3648
0.5522, 3647
0.5526, 3646
0.5530, 3645
0.5533, 3644
0.5537, 3643
0.5541, 3642
0.5545, 3641
0.5548, 3640
0.5552, 3639
0.5556, 3638
0.5560, 3637
0.5563, 3636
0.5567, 3635
0.5571, 3634
0.5574, 3633
0.5578, 3632
0.5581, 3631
0.5585, 3630
0.5589, 3629
0.5593, 3628
0.5597, 3627
0.5601, 3626
0.5604, 3625
0.5608, 3624
0.5612, 3623
0.5616, 3622
0.5619, 3621
0.5623, 3620
0.5627, 3619
0.5631, 3618
0.5635, 3617
0.5638, 3616
0.5642, 3615
0.5646, 3614
0.5649, 3613
0.5652, 3612
0.5656, 3611
0.5660, 3610
0.5664, 3609
0.5668, 3608
0.5672, 3607
0.5676, 3606
0.5679, 3605
0.5683, 3604
0.5687, 3603
0.5691, 3602
0.5695, 3601
0.5698, 3600
0.5702, 3599
0.5705, 3598
0.5709, 3597
0.5713, 3596
0.5717, 3595
0.5720, 3594
0.5724, 3593
0.5727, 3592
0.5731, 3591
0.5734, 3590
0.5738, 3589
0.5742, 3588
0.5746, 3587
0.5749, 3586
0.5753, 3585
0.5757, 3584
0.5760, 3583
0.5764, 3582
0.5768, 3581
0.5772, 3580
0.5776, 3579
0.5779, 3578
0.5783, 3577
0.5786, 3576
0.5790, 3575
0.5794, 3574
0.5797, 3573
0.5801, 3572
0.5805, 3571
0.5808, 3570
0.5812, 3569
0.5815, 3568
0.5819, 3567
0.5823, 3566
0.5826, 3565
0.5830, 3564
0.5833, 3563
0.5837, 3562
0.5840, 3561
0.5844, 3560
0.5847, 3559
0.5851, 3558
0.5854, 3557
0.5858, 3556
0.5862, 3555
0.5866, 3554
0.5869, 3553
0.5873, 3552
0.5876, 3551
0.5880, 3550
0.5883, 3549
0.5887, 3548
0.5890, 3547
0.5894, 3546
0.5897, 3545
0.5901, 3544
0.5904, 3543
0.5907, 3542
0.5911, 3541
0.5914, 3540
0.5918, 3539
0.5921, 3538
0.5925, 3537
0.5929, 3536
0.5933, 3535
0.5936, 3534
0.5940, 3533
0.5943, 3532
0.5947, 3531
0.5950, 3530
0.5953, 3529
0.5957, 3528
0.5961, 3527
0.5964, 3526
0.5968, 3525
0.5972, 3524
0.5975, 3523
0.5979, 3522
0.5982, 3521
0.5986, 3520
0.5990, 3519
0.5994, 3518
0.5997, 3517
0.6000, 3516
0.6004, 3515
0.6007, 3514
0.6011, 3513
0.6014, 3512
0.6018, 3511
0.6021, 3510
0.6025, 3509
0.6028, 3508
0.6032, 3507
0.6035, 3506
0.6039, 3505
0.6042, 3504
0.6046, 3503
0.6050, 3502
0.6053, 3501
0.6057, 3500
0.6061, 3499
0.6065, 3498
0.6068, 3497
0.6072, 3496
0.6076, 3495
0.6079, 3494
0.6083, 3493
0.6087, 3492
0.6090, 3491
0.6094, 3490
0.6097, 3489
0.6101, 3488
0.6105, 3487
0.6108, 3486
0.6112, 3485
0.6115, 3484
0.6119, 3483
0.6123, 3482
0.6127, 3481
0.6130, 3480
0.6134, 3479
0.6138, 3478
0.6141, 3477
0.6145, 3476
0.6148, 3475
0.6152, 3474
0.6156, 3473
0.6160, 3472
0.6163, 3471
0.6167, 3470
0.6171, 3469
0.6175, 3468
0.6178, 3467
0.6182, 3466
0.6186, 3465
0.6189, 3464
0.6193, 3463
0.6196, 3462
0.6200, 3461
0.6203, 3460
0.6207, 3459
0.6210, 3458
0.6214, 3457
0.6218, 3456
0.6221, 3455
0.6225, 3454
0.6228, 3453
0.6232, 3452
0.6235, 3451
0.6239, 3450
0.6242, 3449
0.6246, 3448
0.6249, 3447
0.6253, 3446
0.6256, 3445
0.6260, 3444
0.6263, 3443
0.6267, 3442
0.6270, 3441
0.6273, 3440
0.6277, 3439
0.6280, 3438
0.6284, 3437
0.6287, 3436
0.6290, 3435
0.6294, 3434
0.6297, 3433
0.6301, 3432
0.6305, 3431
0.6308, 3430
0.6311, 3429
0.6315, 3428
0.6318, 3427
0.6322, 3426
0.6325, 3425
0.6329, 3424
0.6332, 3423
0.6335, 3422
0.6339, 3421
0.6343, 3420
0.6346, 3419
0.6349, 3418
0.6353, 3417
0.6356, 3416
0.6360, 3415
0.6363, 3414
0.6367, 3413
0.6370, 3412
0.6374, 3411
0.6377, 3410
0.6381, 3409
0.6385, 3408
0.6388, 3407
0.6392, 3406
0.6395, 3405
0.6399, 3404
0.6403, 3403
0.6407, 3402
0.6410, 3401
0.6414, 3400
0.6417, 3399
0.6421, 3398
0.6424, 3397
0.6428, 3396
0.6432, 3395
0.6435, 3394
0.6438, 3393
0.6442, 3392
0.6445, 3391
0.6449, 3390
0.6452, 3389
0.6456, 3388
0.6459, 3387
0.6462, 3386
0.6466, 3385
0.6469, 3384
0.6472, 3383
0.6476, 3382
0.6479, 3381
0.6482, 3380
0.6486, 3379
0.6489, 3378
0.6492, 3377
0.6496, 3376
0.6499, 3375
0.6502, 3374
0.6506, 3373
0.6509, 3372
0.6512, 3371
0.6516, 3370
0.6519, 3369
0.6524, 3368
0.6527, 3367
0.6530, 3366
0.6534, 3365
0.6537, 3364
0.6540, 3363
0.6543, 3362
0.6547, 3361
0.6550, 3360
0.6554, 3359
0.6557, 3358
0.6560, 3357
0.6563, 3356
0.6567, 3355
0.6570, 3354
0.6573, 3353
0.6576, 3352
0.6579, 3351
0.7380, 3350
0.7383, 3349
1.3131, 3348
1.5458, 3347
2.4649, 3346
2.4875, 3345
2.5654, 3344
3.0415, 3343
3.1190, 3342
3.2188, 3341
3.4399, 3340
4.3676, 3339
4.6007, 3338
4.6010, 3337
4.6014, 3336
5.0443, 3335
5.1995, 3334
5.6169, 3333
5.6613, 3332
5.6947, 3331
6.4352, 3330
6.4800, 3329
6.5354, 3328
6.5700, 3327
6.6039, 3326
6.6042, 3325
7.0255, 3324
7.0923, 3323
7.1260, 3322
7.2147, 3321
7.3255, 3320
7.4031, 3319
7.4035, 3318
7.4919, 3317
7.4923, 3316
7.7573, 3315
7.7576, 3314
7.8579, 3313
7.8583, 3312
8.6539, 3311
9.1292, 3310
9.4613, 3309
9.6709, 3308
9.7154, 3307
