0.0000, 4956
0.0005, 4955
0.0009, 4954
0.0014, 4953
0.0020, 4952
0.0024, 4951
0.0029, 4950
0.0033, 4949
0.0038, 4948
0.0042, 4947
0.0047, 4946
0.0051, 4945
0.0056, 4944
0.0060, 4943
0.0065, 4942
0.0069, 4941
0.0074, 4940
0.0079, 4939
0.0083, 4938
0.0088, 4937
0.0092, 4936
0.0097, 4935
0.0102, 4934
0.0106, 4933
0.0110, 4932
0.0115, 4931
0.0120, 4930
0.0124, 4929
0.0129, 4928
0.0133, 4927
0.0138, 4926
0.0142, 4925
0.0147, 4924
0.0151, 4923
0.0156, 4922
0.0160, 4921
0.0165, 4920
0.0169, 4919
0.0173, 4918
0.0178, 4917
0.0183, 4916
0.0187, 4915
0.0191, 4914
0.0196, 4913
0.0200, 4912
0.0205, 4911
0.0209, 4910
0.0214, 4909
0.0218, 4908
0.0223, 4907
0.0227, 4906
0.0232, 4905
0.0236, 4904
0.0240, 4903
0.0245, 4902
0.0249, 4901
0.0253, 4900
0.0258, 4899
0.0262, 4898
0.0266, 4897
0.0271, 4896
0.0275, 4895
0.0280, 4894
0.0284, 4893
0.0288, 4892
0.0293, 4891
0.0298, 4890
0.0302, 4889
0.0306, 4888
0.0311, 4887
0.0315, 4886
0.0319, 4885
0.0324, 4884
0.0328, 4883
0.0333, 4882
0.0337, 4881
0.0342, 4880
0.0346, 4879
0.0351, 4878
0.0356, 4877
0.0360, 4876
0.0365, 4875
0.0369, 4874
0.0374, 4873
0.0379, 4872
0.0383, 4871
0.0387, 4870
0.0392, 4869
0.0397, 4868
0.0401, 4867
0.0406, 4866
0.0411, 4865
0.0416, 4864
0.0420, 4863
0.0425, 4862
0.0429, 4861
0.0434, 4860
0.0438, 4859
0.0443, 4858
0.0447, 4857
0.0452, 4856
0.0456, 4855
0.0461, 4854
0.0465, 4853
0.0470, 4852
0.0474, 4851
0.0479, 4850
0.0483, 4849
0.0487, 4848
0.0492, 4847
0.0496, 4846
0.0501, 4845
0.0505, 4844
0.0510, 4843
0.0514, 4842
0.0518, 4841
0.0523, 4840
0.0527, 4839
0.0531, 4838
0.0536, 4837
0.0540, 4836
0.0545, 4835
0.0549, 4834
0.0553, 4833
0.0558, 4832
0.0563, 4831
0.0567, 4830
0.0571, 4829
0.0576, 4828
0.0580, 4827
0.0585, 4826
0.0589, 4825
0.0594, 4824
0.0598, 4823
0.0603, 4822
0.0607, 4821
0.0612, 4820
0.0616, 4819
0.0621, 4818
0.0625, 4817
0.0630, 4816
0.0634, 4815
0.0639, 4814
0.0644, 4813
0.0648, 4812
0.0652, 4811
0.0657, 4810
0.0662, 4809
0.0666, 4808
0.0670, 4807
0.0674, 4806
0.0679, 4805
0.0683, 4804
0.0687, 4803
0.0692, 4802
0.0697, 4801
0.0702, 4800
0.0706, 4799
0.0710, 4798
0.0715, 4797
0.0719, 4796
0.0724, 4795
0.0728, 4794
0.0732, 4793
0.0736, 4792
0.0741, 4791
0.0745, 4790
0.0749, 4789
0.0754, 4788
0.0758, 4787
0.0763, 4786
0.0767, 4785
0.0771, 4784
0.0776, 4783
0.0780, 4782
0.0784, 4781
0.0789, 4780
0.0793, 4779
0.0798, 4778
0.0802, 4777
0.0806, 4776
0.0811, 4775
0.0815, 4774
0.0820, 4773
0.0825, 4772
0.0829, 4771
0.0834, 4770
0.0838, 4769
0.0842, 4768
0.0847, 4767
0.0851, 4766
0.0855, 4765
0.0860, 4764
0.0864, 4763
0.0869, 4762
0.0873, 4761
0.0877, 4760
0.0882, 4759
0.0886, 4758
0.0890, 4757
0.0895, 4756
0.0899, 4755
0.0903, 4754
0.0908, 4753
0.0912, 4752
0.0916, 4751
0.0921, 4750
0.0925, 4749
0.0930, 4748
0.0934, 4747
0.0939, 4746
0.0944, 4745
0.0948, 4744
0.0952, 4743
0.0957, 4742
0.0961, 4741
0.0966, 4740
0.0970, 4739
0.0974, 4738
0.0979, 4737
0.0984, 4736
0.0988, 4735
0.0992, 4734
0.0996, 4733
0.1001, 4732
0.1005, 4731
0.1010, 4730
0.1014, 4729
0.1019, 4728
0.1023, 4727
0.1028, 4726
0.1032, 4725
0.1036, 4724
0.1041, 4723
0.1045, 4722
0.1050, 4721
0.1054, 4720
0.1058, 4719
0.1063, 4718
0.1067, 4717
0.1071, 4716
0.1076, 4715
0.1080, 4714
0.1085, 4713
0.1089, 4712
0.1094, 4711
0.1098, 4710
0.1103, 4709
0.1107, 4708
0.1112, 4707
0.1117, 4706
0.1122, 4705
0.1126, 4704
0.1130, 4703
0.1135, 4702
0.1139, 4701
0.1144, 4700
0.1148, 4699
0.1152, 4698
0.1157, 4697
0.1161, 4696
0.1166, 4695
0.1170, 4694
0.1175, 4693
0.1180, 4692
0.1184, 4691
0.1189, 4690
0.1193, 4689
0.1198, 4688
0.1202, 4687
0.1206, 4686
0.1210, 4685
0.1215, 4684
0.1219, 4683
0.1224, 4682
0.1228, 4681
0.1233, 4680
0.1237, 4679
0.1242, 4678
0.1246, 4677
0.1250, 4676
0.1255, 4675
0.1260, 4674
0.1264, 4673
0.1268, 4672
0.1273, 4671
0.1277, 4670
0.1281, 4669
0.1286, 4668
0.1290, 4667
0.1295, 4666
0.1299, 4665
0.1303, 4664
0.1308, 4663
0.1312, 4662
0.1317, 4661
0.1321, 4660
0.1326, 4659
0.1330, 4658
0.1335, 4657
0.1339, 4656
0.1344, 4655
0.1348, 4654
0.1353, 4653
0.1357, 4652
0.1362, 4651
0.1366, 4650
0.1371, 4649
0.1376, 4648
0.1381, 4647
0.1386, 4646
0.1390, 4645
0.1395, 4644
0.1400, 4643
0.1405, 4642
0.1409, 4641
0.1414, 4640
0.1418, 4639
0.1423, 4638
0.1427, 4637
0.1432, 4636
0.1437, 4635
0.1442, 4634
0.1447, 4633
0.1451, 4632
0.1456, 4631
0.1460, 4630
0.1465, 4629
0.1470, 4628
0.1474, 4627
0.1479, 4626
0.1483, 4625
0.1488, 4624
0.1492, 4623
0.1497, 4622
0.1501, 4621
0.1506, 4620
0.1510, 4619
0.1514, 4618
0.1519, 4617
0.1523, 4616
0.1528, 4615
0.1532, 4614
0.1537, 4613
0.1541, 4612
0.1545, 4611
0.1550, 4610
0.1554, 4609
0.1559, 4608
0.1563, 4607
0.1568, 4606
0.1572, 4605
0.1577, 4604
0.1581, 4603
0.1586, 4602
0.1591, 4601
0.1595, 4600
0.1600, 4599
0.1604, 4598
0.1609, 4597
0.1614, 4596
0.1618, 4595
0.1622, 4594
0.1626, 4593
0.1631, 4592
0.1635, 4591
0.1640, 4590
0.1644, 4589
0.1648, 4588
0.1653, 4587
0.1658, 4586
0.1663, 4585
0.1667, 4584
0.1672, 4583
0.1677, 4582
0.1681, 4581
0.1685, 4580
0.1690, 4579
0.1694, 4578
0.1698, 4577
0.1703, 4576
0.1707, 4575
0.1712, 4574
0.1716, 4573
0.1720, 4572
0.1725, 4571
0.1729, 4570
0.1733, 4569
0.1738, 4568
0.1742, 4567
0.1746, 4566
0.1751, 4565
0.1755, 4564
0.1759, 4563
0.1763, 4562
0.1768, 4561
0.1772, 4560
0.1776, 4559
0.1781, 4558
0.1785, 4557
0.1790, 4556
0.1794, 4555
0.1798, 4554
0.1802, 4553
0.1807, 4552
0.1811, 4551
0.1816, 4550
0.1820, 4549
0.1824, 4548
0.1829, 4547
0.1833, 4546
0.1837, 4545
0.1842, 4544
0.1846, 4543
0.1851, 4542
0.1855, 4541
0.1859, 4540
0.1863, 4539
0.1867, 4538
0.1872, 4537
0.1876, 4536
0.1881, 4535
0.1885, 4534
0.1889, 4533
0.1893, 4532
0.1898, 4531
0.1902, 4530
0.1906, 4529
0.1911, 4528
0.1915, 4527
0.1919, 4526
0.1924, 4525
0.1928, 4524
0.1932, 4523
0.1936, 4522
0.1940, 4521
0.1945, 4520
0.1949, 4519
0.1953, 4518
0.1957, 4517
0.1962, 4516
0.1966, 4515
0.1970, 4514
0.1975, 4513
0.1979, 4512
0.1983, 4511
0.1987, 4510
0.1992, 4509
0.1996, 4508
0.2000, 4507
0.2004, 4506
0.2008, 4505
0.2012, 4504
0.2016, 4503
0.2020, 4502
0.2025, 4501
0.2030, 4500
0.2034, 4499
0.2038, 4498
0.2042, 4497
0.2047, 4496
0.2051, 4495
0.2055, 4494
0.2059, 4493
0.2064, 4492
0.2068, 4491
0.2072, 4490
0.2077, 4489
0.2081, 4488
0.2085, 4487
0.2090, 4486
0.2094, 4485
0.2099, 4484
0.2103, 4483
0.2107, 4482
0.2112, 4481
0.2116, 4480
0.2120, 4479
0.2125, 4478
0.2129, 4477
0.2134, 4476
0.2138, 4475
0.2142, 4474
0.2147, 4473
0.2152, 4472
0.2156, 4471
0.2160, 4470
0.2164, 4469
0.2169, 4468
0.2173, 4467
0.2177, 4466
0.2181, 4465
0.2185, 4464
0.2189, 4463
0.2193, 4462
0.2198, 4461
0.2202, 4460
0.2206, 4459
0.2210, 4458
0.2214, 4457
0.2218, 4456
0.2222, 4455
0.2227, 4454
0.2231, 4453
0.2235, 4452
0.2239, 4451
0.2244, 4450
0.2248, 4449
0.2252, 4448
0.2256, 4447
0.2260, 4446
0.2264, 4445
0.2269, 4444
0.2273, 4443
0.2277, 4442
0.2281, 4441
0.2285, 4440
0.2290, 4439
0.2294, 4438
0.2298, 4437
0.2303, 4436
0.2307, 4435
0.2311, 4434
0.2315, 4433
0.2319, 4432
0.2324, 4431
0.2328, 4430
0.2332, 4429
0.2336, 4428
0.2341, 4427
0.2345, 4426
0.2349, 4425
0.2353, 4424
0.2358, 4423
0.2362, 4422
0.2367, 4421
0.2371, 4420
0.2376, 4419
0.2380, 4418
0.2385, 4417
0.2389, 4416
0.2393, 4415
0.2397, 4414
0.2401, 4413
0.2405, 4412
0.2410, 4411
0.2415, 4410
0.2419, 4409
0.2424, 4408
0.2428, 4407
0.2433, 4406
0.2437, 4405
0.2441, 4404
0.2446, 4403
0.2450, 4402
0.2454, 4401
0.2458, 4400
0.2462, 4399
0.2467, 4398
0.2471, 4397
0.2475, 4396
0.2480, 4395
0.2484, 4394
0.2488, 4393
0.2492, 4392
0.2496, 4391
0.2501, 4390
0.2505, 4389
0.2509, 4388
0.2513, 4387
0.2517, 4386
0.2521, 4385
0.2526, 4384
0.2530, 4383
0.2534, 4382
0.2538, 4381
0.2542, 4380
0.2546, 4379
0.2550, 4378
0.2554, 4377
0.2558, 4376
0.2563, 4375
0.2567, 4374
0.2571, 4373
0.2575, 4372
0.2579, 4371
0.2583, 4370
0.2587, 4369
0.2592, 4368
0.2596, 4367
0.2600, 4366
0.2605, 4365
0.2610, 4364
0.2614, 4363
0.2618, 4362
0.2622, 4361
0.2626, 4360
0.2630, 4359
0.2634, 4358
0.2639, 4357
0.2643, 4356
0.2648, 4355
0.2652, 4354
0.2656, 4353
0.2661, 4352
0.2665, 4351
0.2669, 4350
0.2673, 4349
0.2678, 4348
0.2682, 4347
0.2687, 4346
0.2691, 4345
0.2695, 4344
0.2700, 4343
0.2705, 4342
0.2709, 4341
0.2714, 4340
0.2718, 4339
0.2722, 4338
0.2727, 4337
0.2731, 4336
0.2736, 4335
0.2740, 4334
0.2745, 4333
0.2749, 4332
0.2753, 4331
0.2757, 4330
0.2761, 4329
0.2765, 4328
0.2770, 4327
0.2774, 4326
0.2779, 4325
0.2783, 4324
0.2788, 4323
0.2792, 4322
0.2796, 4321
0.2800, 4320
0.2804, 4319
0.2808, 4318
0.2812, 4317
0.2817, 4316
0.2821, 4315
0.2825, 4314
0.2830, 4313
0.2834, 4312
0.2838, 4311
0.2843, 4310
0.2847, 4309
0.2851, 4308
0.2855, 4307
0.2859, 4306
0.2864, 4305
0.2868, 4304
0.2872, 4303
0.2877, 4302
0.2881, 4301
0.2885, 4300
0.2889, 4299
0.2894, 4298
0.2898, 4297
0.2902, 4296
0.2906, 4295
0.2910, 4294
0.2914, 4293
0.2918, 4292
0.2922, 4291
0.2927, 4290
0.2931, 4289
0.2935, 4288
0.2940, 4287
0.2944, 4286
0.2948, 4285
0.2953, 4284
0.2957, 4283
0.2961, 4282
0.2965, 4281
0.2969, 4280
0.2973, 4279
0.2977, 4278
0.2981, 4277
0.2985, 4276
0.2989, 4275
0.2994, 4274
0.2998, 4273
0.3002, 4272
0.3006, 4271
0.3010, 4270
0.3014, 4269
0.3018, 4268
0.3022, 4267
0.3026, 4266
0.3030, 4265
0.3034, 4264
0.3038, 4263
0.3042, 4262
0.3047, 4261
0.3051, 4260
0.3055, 4259
0.3059, 4258
0.3063, 4257
0.3067, 4256
0.3071, 4255
0.3076, 4254
0.3080, 4253
0.3084, 4252
0.3088, 4251
0.3092, 4250
0.3097, 4249
0.3101, 4248
0.3105, 4247
0.3109, 4246
0.3113, 4245
0.3117, 4244
0.3121, 4243
0.3125, 4242
0.3130, 4241
0.3134, 4240
0.3138, 4239
0.3142, 4238
0.3147, 4237
0.3151, 4236
0.3155, 4235
0.3159, 4234
0.3163, 4233
0.3167, 4232
0.3171, 4231
0.3175, 4230
0.3179, 4229
0.3184, 4228
0.3188, 4227
0.3192, 4226
0.3195, 4225
0.3199, 4224
0.3203, 4223
0.3207, 4222
0.3211, 4221
0.3215, 4220
0.3219, 4219
0.3223, 4218
0.3227, 4217
0.3231, 4216
0.3235, 4215
0.3239, 4214
0.3243, 4213
0.3247, 4212
0.3251, 4211
0.3255, 4210
0.3259, 4209
0.3263, 4208
0.3266, 4207
0.3270, 4206
0.3274, 4205
0.3279, 4204
0.3283, 4203
0.3287, 4202
0.3291, 4201
0.3295, 4200
0.3299, 4199
0.3303, 4198
0.3307, 4197
0.3311, 4196
0.3315, 4195
0.3319, 4194
0.3323, 4193
0.3327, 4192
0.3331, 4191
0.3335, 4190
0.3339, 4189
0.3343, 4188
0.3348, 4187
0.3352, 4186
0.3356, 4185
0.3360, 4184
0.3364, 4183
0.3368, 4182
0.3372, 4181
0.3377, 4180
0.3381, 4179
0.3385, 4178
0.3389, 4177
0.3393, 4176
0.3397, 4175
0.3402, 4174
0.3406, 4173
0.3410, 4172
0.3414, 4171
0.3419, 4170
0.3423, 4169
0.3428, 4168
0.3431, 4167
0.3436, 4166
0.3440, 4165
0.3444, 4164
0.3448, 4163
0.3453, 4162
0.3457, 4161
0.3461, 4160
0.3465, 4159
0.3469, 4158
0.3474, 4157
0.3478, 4156
0.3482, 4155
0.3486, 4154
0.3491, 4153
0.3495, 4152
0.3498, 4151
0.3502, 4150
0.3506, 4149
0.3510, 4148
0.3514, 4147
0.3518, 4146
0.3522, 4145
0.3526, 4144
0.3530, 4143
0.3534, 4142
0.3538, 4141
0.3542, 4140
0.3546, 4139
0.3550, 4138
0.3554, 4137
0.3558, 4136
0.3562, 4135
0.3566, 4134
0.3570, 4133
0.3574, 4132
0.3578, 4131
0.3582, 4130
0.3586, 4129
0.3590, 4128
0.3594, 4127
0.3598, 4126
0.3602, 4125
0.3606, 4124
0.3611, 4123
0.3614, 4122
0.3619, 4121
0.3623, 4120
0.3627, 4119
0.3631, 4118
0.3635, 4117
0.3639, 4116
0.3642, 4115
0.3646, 4114
0.3650, 4113
0.3654, 4112
0.3659, 4111
0.3663, 4110
0.3667, 4109
0.3671, 4108
0.3676, 4107
0.3680, 4106
0.3684, 4105
0.3688, 4104
0.3692, 4103
0.3696, 4102
0.3700, 4101
0.3705, 4100
0.3709, 4099
0.3712, 4098
0.3716, 4097
0.3720, 4096
0.3724, 4095
0.3728, 4094
0.3732, 4093
0.3736, 4092
0.3740, 4091
0.3744, 4090
0.3748, 4089
0.3752, 4088
0.3756, 4087
0.3760, 4086
0.3764, 4085
0.3768, 4084
0.3772, 4083
0.3776, 4082
0.3780, 4081
0.3784, 4080
0.3788, 4079
0.3791, 4078
0.3795, 4077
0.3799, 4076
0.3803, 4075
0.3807, 4074
0.3811, 4073
0.3815, 4072
0.3819, 4071
0.3823, 4070
0.3827, 4069
0.3831, 4068
0.3835, 4067
0.3839, 4066
0.3843, 4065
0.3847, 4064
0.3850, 4063
0.3854, 4062
0.3858, 4061
0.3863, 4060
0.3867, 4059
0.3871, 4058
0.3875, 4057
0.3879, 4056
0.3883, 4055
0.3887, 4054
0.3891, 4053
0.3896, 4052
0.3900, 4051
0.3904, 4050
0.3909, 4049
0.3913, 4048
0.3917, 4047
0.3921, 4046
0.3925, 4045
0.3930, 4044
0.3934, 4043
0.3938, 4042
0.3942, 4041
0.3946, 4040
0.3950, 4039
0.3954, 4038
0.3958, 4037
0.3962, 4036
0.3966, 4035
0.3970, 4034
0.3973, 4033
0.3978, 4032
0.3982, 4031
0.3986, 4030
0.3990, 4029
0.3994, 4028
0.3998, 4027
0.4001, 4026
0.4005, 4025
0.4010, 4024
0.4013, 4023
0.4017, 4022
0.4021, 4021
0.4025, 4020
0.4029, 4019
0.4033, 4018
0.4036, 4017
0.4040, 4016
0.4044, 4015
0.4048, 4014
0.4052, 4013
0.4055, 4012
0.4059, 4011
0.4064, 4010
0.4068, 4009
0.4071, 4008
0.4075, 4007
0.4079, 4006
0.4083, 4005
0.4087, 4004
0.4091, 4003
0.4095, 4002
0.4099, 4001
0.4103, 4000
0.4107, 3999
0.4111, 3998
0.4116, 3997
0.4119, 3996
0.4123, 3995
0.4127, 3994
0.4131, 3993
0.4135, 3992
0.4139, 3991
0.4143, 3990
0.4147, 3989
0.4151, 3988
0.4155, 3987
0.4159, 3986
0.4163, 3985
0.4167, 3984
0.4171, 3983
0.4175, 3982
0.4180, 3981
0.4183, 3980
0.4187, 3979
0.4191, 3978
0.4195, 3977
0.4199, 3976
0.4202, 3975
0.4206, 3974
0.4210, 3973
0.4214, 3972
0.4218, 3971
0.4222, 3970
0.4226, 3969
0.4229, 3968
0.4233, 3967
0.4238, 3966
0.4242, 3965
0.4246, 3964
0.4250, 3963
0.4254, 3962
0.4258, 3961
0.4262, 3960
0.4266, 3959
0.4269, 3958
0.4274, 3957
0.4278, 3956
0.4282, 3955
0.4286, 3954
0.4291, 3953
0.4295, 3952
0.4299, 3951
0.4303, 3950
0.4307, 3949
0.4311, 3948
0.4315, 3947
0.4319, 3946
0.4323, 3945
0.4327, 3944
0.4331, 3943
0.4335, 3942
0.4339, 3941
0.4343, 3940
0.4347, 3939
0.4351, 3938
0.4355, 3937
0.4359, 3936
0.4362, 3935
0.4366, 3934
0.4370, 3933
0.4374, 3932
0.4378, 3931
0.4382, 3930
0.4385, 3929
0.4390, 3928
0.4394, 3927
0.4398, 3926
0.4402, 3925
0.4406, 3924
0.4411, 3923
0.4415, 3922
0.4419, 3921
0.4423, 3920
0.4427, 3919
0.4431, 3918
0.4434, 3917
0.4439, 3916
0.4443, 3915
0.4447, 3914
0.4451, 3913
0.4455, 3912
0.4459, 3911
0.4463, 3910
0.4467, 3909
0.4471, 3908
0.4475, 3907
0.4479, 3906
0.4483, 3905
0.4487, 3904
0.4491, 3903
0.4495, 3902
0.4499, 3901
0.4503, 3900
0.4506, 3899
0.4510, 3898
0.4514, 3897
0.4518, 3896
0.4522, 3895
0.4526, 3894
0.4530, 3893
0.4534, 3892
0.4538, 3891
0.4541, 3890
0.4545, 3889
0.4549, 3888
0.4553, 3887
0.4557, 3886
0.4561, 3885
0.4565, 3884
0.4569, 3883
0.4573, 3882
0.4577, 3881
0.4581, 3880
0.4584, 3879
0.4588, 3878
0.4592, 3877
0.4596, 3876
0.4600, 3875
0.4604, 3874
0.4608, 3873
0.4612, 3872
0.4616, 3871
0.4620, 3870
0.4624, 3869
0.4628, 3868
0.4632, 3867
0.4636, 3866
0.4640, 3865
0.4644, 3864
0.4648, 3863
0.4652, 3862
0.4655, 3861
0.4659, 3860
0.4663, 3859
0.4667, 3858
0.4671, 3857
0.4675, 3856
0.4680, 3855
0.4684, 3854
0.4688, 3853
0.4692, 3852
0.4696, 3851
0.4700, 3850
0.4704, 3849
0.4708, 3848
0.4712, 3847
0.4716, 3846
0.4721, 3845
0.4725, 3844
0.4728, 3843
0.4732, 3842
0.4736, 3841
0.4740, 3840
0.4744, 3839
0.4748, 3838
0.4752, 3837
0.4756, 3836
0.4760, 3835
0.4764, 3834
0.4768, 3833
0.4772, 3832
0.4776, 3831
0.4780, 3830
0.4784, 3829
0.4787, 3828
0.4792, 3827
0.4795, 3826
0.4799, 3825
0.4804, 3824
0.4808, 3823
0.4811, 3822
0.4815, 3821
0.4819, 3820
0.4823, 3819
0.4827, 3818
0.4831, 3817
0.4835, 3816
0.4839, 3815
0.4843, 3814
0.4847, 3813
0.4850, 3812
0.4854, 3811
0.4858, 3810
0.4862, 3809
0.4865, 3808
0.4869, 3807
0.4873, 3806
0.4877, 3805
0.4881, 3804
0.4885, 3803
0.4888, 3802
0.4892, 3801
0.4896, 3800
0.4900, 3799
0.4904, 3798
0.4908, 3797
0.4912, 3796
0.4916, 3795
0.4920, 3794
0.4924, 3793
0.4927, 3792
0.4931, 3791
0.4935, 3790
0.4939, 3789
0.4943, 3788
0.4947, 3787
0.4951, 3786
0.4955, 3785
0.4958, 3784
0.4962, 3783
0.4966, 3782
0.4970, 3781
0.4974, 3780
0.4978, 3779
0.4982, 3778
0.4986, 3777
0.4990, 3776
0.4994, 3775
0.4998, 3774
0.5002, 3773
0.5006, 3772
0.5010, 3771
0.5014, 3770
0.5018, 3769
0.5022, 3768
0.5025, 3767
0.5029, 3766
0.5033, 3765
0.5037, 3764
0.5042, 3763
0.5045, 3762
0.5049, 3761
0.5053, 3760
0.5057, 3759
0.5061, 3758
0.5064, 3757
0.5068, 3756
0.5073, 3755
0.5077, 3754
0.5081, 3753
0.5085, 3752
0.5088, 3751
0.5092, 3750
0.5096, 3749
0.5100, 3748
0.5104, 3747
0.5108, 3746
0.5112, 3745
0.5115, 3744
0.5119, 3743
0.5123, 3742
0.5127, 3741
0.5131, 3740
0.5135, 3739
0.5139, 3738
0.5143, 3737
0.5147, 3736
0.5151, 3735
0.5155, 3734
0.5159, 3733
0.5163, 3732
0.5167, 3731
0.5170, 3730
0.5174, 3729
0.5178, 3728
0.5182, 3727
0.5186, 3726
0.5190, 3725
0.5194, 3724
0.5197, 3723
0.5201, 3722
0.5205, 3721
0.5209, 3720
0.5213, 3719
0.5217, 3718
0.5221, 3717
0.5225, 3716
0.5229, 3715
0.5233, 3714
0.5237, 3713
0.5241, 3712
0.5245, 3711
0.5249, 3710
0.5253, 3709
0.5257, 3708
0.5261, 3707
0.5265, 3706
0.5269, 3705
0.5273, 3704
0.5277, 3703
0.5281, 3702
0.5285, 3701
0.5289, 3700
0.5292, 3699
0.5296, 3698
0.5300, 3697
0.5304, 3696
0.5309, 3695
0.5312, 3694
0.5316, 3693
0.5320, 3692
0.5324, 3691
0.5328, 3690
0.5332, 3689
0.5336, 3688
0.5340, 3687
0.5344, 3686
0.5348, 3685
0.5352, 3684
0.5355, 3683
0.5359, 3682
0.5363, 3681
0.5367, 3680
0.5371, 3679
0.5375, 3678
0.5379, 3677
0.5382, 3676
0.5386, 3675
0.5390, 3674
0.5394, 3673
0.5398, 3672
0.5402, 3671
0.5406, 3670
0.5410, 3669
0.5414, 3668
0.5418, 3667
0.5422, 3666
0.5426, 3665
0.5430, 3664
0.5433, 3663
0.5437, 3662
0.5441, 3661
0.5445, 3660
0.5449, 3659
0.5453, 3658
0.5457, 3657
0.5460, 3656
0.5464, 3655
0.5468, 3654
0.5472, 3653
0.5477, 3652
0.5481, 3651
0.5485, 3650
0.5488, 3649
0.5492, 3648
0.5496, 3647
0.5500, 3646
0.5504, 3645
0.5508, 3644
0.5511, 3643
0.5516, 3642
0.5519, 3641
0.5523, 3640
0.5527, 3639
0.5531, 3638
0.5535, 3637
0.5538, 3636
0.5542, 3635
0.5546, 3634
0.5549, 3633
0.5553, 3632
0.5557, 3631
0.5560, 3630
0.5564, 3629
0.5568, 3628
0.5571, 3627
0.5575, 3626
0.5579, 3625
0.5583, 3624
0.5587, 3623
0.5591, 3622
0.5594, 3621
0.5598, 3620
0.5602, 3619
0.5606, 3618
0.5610, 3617
0.5613, 3616
0.5617, 3615
0.5621, 3614
0.5625, 3613
0.5629, 3612
0.5632, 3611
0.5636, 3610
0.5639, 3609
0.5644, 3608
0.5648, 3607
0.5652, 3606
0.5656, 3605
0.5659, 3604
0.5663, 3603
0.5667, 3602
0.5671, 3601
0.5674, 3600
0.5678, 3599
0.5681, 3598
0.5685, 3597
0.5689, 3596
0.5693, 3595
0.5696, 3594
0.5700, 3593
0.5704, 3592
0.5707, 3591
0.5712, 3590
0.5715, 3589
0.5719, 3588
0.5723, 3587
0.5727, 3586
0.5731, 3585
0.5735, 3584
0.5739, 3583
0.5742, 3582
0.5746, 3581
0.5750, 3580
0.5754, 3579
0.5757, 3578
0.5761, 3577
0.5765, 3576
0.5768, 3575
0.5772, 3574
0.5776, 3573
0.5780, 3572
0.5784, 3571
0.5788, 3570
0.5791, 3569
0.5794, 3568
0.5798, 3567
0.5802, 3566
0.5805, 3565
0.5809, 3564
0.5813, 3563
0.5816, 3562
0.5820, 3561
0.5824, 3560
0.5827, 3559
0.5831, 3558
0.5835, 3557
0.5839, 3556
0.5842, 3555
0.5846, 3554
0.5850, 3553
0.5853, 3552
0.5857, 3551
0.5860, 3550
0.5864, 3549
0.5867, 3548
0.5871, 3547
0.5874, 3546
0.5878, 3545
0.5881, 3544
0.5885, 3543
0.5889, 3542
0.5892, 3541
0.5896, 3540
0.5899, 3539
0.5903, 3538
0.5907, 3537
0.5910, 3536
0.5914, 3535
0.5918, 3534
0.5921, 3533
0.5925, 3532
0.5929, 3531
0.5932, 3530
0.5935, 3529
0.5939, 3528
0.5943, 3527
0.5946, 3526
0.5950, 3525
0.5954, 3524
0.5958, 3523
0.5961, 3522
0.5965, 3521
0.5968, 3520
0.5972, 3519
0.5976, 3518
0.5979, 3517
0.5983, 3516
0.5986, 3515
0.5990, 3514
0.5993, 3513
0.5996, 3512
0.6000, 3511
0.6004, 3510
0.6007, 3509
0.6011, 3508
0.6015, 3507
0.6018, 3506
0.6021, 3505
0.6025, 3504
0.6028, 3503
0.6032, 3502
0.6036, 3501
0.6040, 3500
0.6044, 3499
0.6047, 3498
0.6051, 3497
0.6055, 3496
0.6058, 3495
0.6062, 3494
0.6065, 3493
0.6069, 3492
0.6073, 3491
0.6076, 3490
0.6080, 3489
0.6083, 3488
0.6087, 3487
0.6091, 3486
0.6095, 3485
0.6098, 3484
0.6102, 3483
0.6106, 3482
0.6110, 3481
0.6113, 3480
0.6117, 3479
0.6120, 3478
0.6124, 3477
0.6128, 3476
0.6131, 3475
0.6135, 3474
0.6138, 3473
0.6143, 3472
0.6147, 3471
0.6150, 3470
0.6154, 3469
0.6158, 3468
0.6162, 3467
0.6166, 3466
0.6170, 3465
0.6173, 3464
0.6177, 3463
0.6181, 3462
0.6184, 3461
0.6188, 3460
0.6192, 3459
0.6195, 3458
0.6199, 3457
0.6203, 3456
0.6207, 3455
0.6210, 3454
0.6214, 3453
0.6217, 3452
0.6221, 3451
0.6224, 3450
0.6228, 3449
0.6232, 3448
0.6235, 3447
0.6239, 3446
0.6243, 3445
0.6247, 3444
0.6250, 3443
0.6254, 3442
0.6258, 3441
0.6261, 3440
0.6265, 3439
0.6269, 3438
0.6272, 3437
0.6276, 3436
0.6279, 3435
0.6283, 3434
0.6286, 3433
0.6290, 3432
0.6293, 3431
0.6297, 3430
0.6300, 3429
0.6304, 3428
0.6307, 3427
0.6311, 3426
0.6315, 3425
0.6318, 3424
0.6322, 3423
0.6325, 3422
0.6329, 3421
0.6332, 3420
0.6336, 3419
0.6339, 3418
0.6343, 3417
0.6347, 3416
0.6350, 3415
0.6354, 3414
0.6358, 3413
0.6361, 3412
0.6365, 3411
0.6369, 3410
0.6372, 3409
0.6376, 3408
0.6380, 3407
0.6383, 3406
0.6387, 3405
0.6391, 3404
0.6394, 3403
0.6398, 3402
0.6401, 3401
0.6405, 3400
0.6409, 3399
0.6412, 3398
0.6416, 3397
0.6419, 3396
0.6423, 3395
0.6426, 3394
0.6430, 3393
0.6434, 3392
0.6437, 3391
0.6441, 3390
0.6444, 3389
0.6448, 3388
0.6451, 3387
0.6454, 3386
0.6458, 3385
0.6461, 3384
0.6464, 3383
0.6468, 3382
0.6472, 3381
0.6475, 3380
0.6478, 3379
0.6482, 3378
0.6485, 3377
0.6489, 3376
0.6492, 3375
0.6496, 3374
0.6499, 3373
0.6503, 3372
0.6506, 3371
0.6510, 3370
0.6514, 3369
0.6518, 3368
0.6521, 3367
0.6525, 3366
0.6528, 3365
0.6532, 3364
0.6535, 3363
0.6538, 3362
0.6541, 3361
0.6545, 3360
0.6549, 3359
0.6552, 3358
0.6555, 3357
0.6559, 3356
0.6562, 3355
0.6565, 3354
0.6569, 3353
0.6572, 3352
0.6576, 3351
0.7366, 3350
0.7370, 3349
1.3079, 3348
1.5274, 3347
2.4740, 3346
2.4744, 3345
2.5293, 3344
3.0226, 3343
3.1107, 3342
3.1992, 3341
3.4071, 3340
4.3232, 3339
4.5533, 3338
4.5754, 3337
4.5758, 3336
5.0034, 3335
5.1575, 3334
5.5947, 3333
5.6387, 3332
5.6391, 3331
6.3727, 3330
6.4608, 3329
6.4612, 3328
6.4837, 3327
6.5277, 3326
6.5502, 3325
6.9555, 3324
7.0213, 3323
7.0545, 3322
7.1096, 3321
7.2297, 3320
7.3511, 3319
7.3515, 3318
7.4067, 3317
7.4070, 3316
7.6813, 3315
7.6816, 3314
7.7697, 3313
7.7701, 3312
8.5721, 3311
9.0458, 3310
9.3752, 3309
9.5825, 3308
9.6264, 3307
