0.0000, 858
0.0001, 857
0.0002, 856
0.0002, 855
0.0003, 854
0.0004, 853
0.0005, 852
0.0006, 851
0.0007, 850
0.0007, 849
0.0009, 848
0.0009, 847
0.0010, 846
0.0011, 845
0.0012, 844
0.0013, 843
0.0014, 842
0.0014, 841
0.0015, 840
0.0016, 839
0.0017, 838
0.0018, 837
0.0019, 836
0.0020, 835
0.0020, 834
0.0021, 833
0.0022, 832
0.0023, 831
0.0024, 830
0.0025, 829
0.0026, 828
0.0026, 827
0.0027, 826
0.0028, 825
0.0029, 824
0.0030, 823
0.0031, 822
0.0032, 821
0.0033, 820
0.0033, 819
0.0034, 818
0.0035, 817
0.0036, 816
0.0037, 815
0.0038, 814
0.0039, 813
0.0039, 812
0.0040, 811
0.0041, 810
0.0042, 809
0.0043, 808
0.0044, 807
0.0045, 806
0.0046, 805
0.0046, 804
0.0047, 803
0.0048, 802
0.0049, 801
0.0050, 800
0.0051, 799
0.0052, 798
0.0052, 797
0.0053, 796
0.0054, 795
0.0055, 794
0.0056, 793
0.0057, 792
0.0058, 791
0.0059, 790
0.0060, 789
0.0061, 788
0.0061, 787
0.0062, 786
0.0063, 785
0.0064, 784
0.0065, 783
0.0066, 782
0.0067, 781
0.0068, 780
0.0069, 779
0.0070, 778
0.0070, 777
0.0071, 776
0.0072, 775
0.0073, 774
0.0074, 773
0.0075, 772
0.0076, 771
0.0077, 770
0.0078, 769
0.0078, 768
0.0079, 767
0.0080, 766
0.0081, 765
0.0082, 764
0.0083, 763
0.0084, 762
0.0085, 761
0.0086, 760
0.0086, 759
0.0087, 758
0.0088, 757
0.0089, 756
0.0090, 755
0.0091, 754
0.0092, 753
0.0093, 752
0.0094, 751
0.0095, 750
0.0096, 749
0.0096, 748
0.0097, 747
0.0098, 746
0.0099, 745
0.0100, 744
0.0101, 743
0.0102, 742
0.0103, 741
0.0104, 740
0.0105, 739
0.0128, 738
0.0128, 737
0.0144, 736
0.0173, 735
0.0188, 734
0.0211, 733
0.0284, 732
0.0387, 731
0.0409, 730
0.0410, 729
0.0433, 728
0.0470, 727
0.0485, 726
0.0508, 725
0.0524, 724
0.0553, 723
0.0598, 722
0.0627, 721
0.0794, 720
0.0890, 719
0.1060, 718
0.1134, 717
0.1200, 716
0.1223, 715
0.1363, 714
0.1518, 713
0.1541, 712
0.2875, 711
0.2905, 710
0.3788, 709
6.7560, 708
8.4075, 707
9.7591, 706
