0.0000, 728
0.0001, 727
0.0001, 726
0.0002, 725
0.0003, 724
0.0004, 723
0.0004, 722
0.0005, 721
0.0006, 720
0.0007, 719
0.0008, 718
0.0008, 717
0.0009, 716
0.0010, 715
0.0011, 714
0.0011, 713
0.0012, 712
0.0013, 711
0.0014, 710
0.0014, 709
0.0015, 708
0.0016, 707
0.0017, 706
0.0018, 705
0.0018, 704
0.0019, 703
0.0020, 702
0.0021, 701
0.0021, 700
0.0022, 699
0.0023, 698
0.0024, 697
0.0025, 696
0.0025, 695
0.0026, 694
0.0027, 693
0.0027, 692
0.0028, 691
0.0029, 690
0.0030, 689
0.0030, 688
0.0031, 687
0.0032, 686
0.0033, 685
0.0034, 684
0.0034, 683
0.0035, 682
0.0036, 681
0.0037, 680
0.0038, 679
0.0038, 678
0.0039, 677
0.0040, 676
0.0040, 675
0.0041, 674
0.0042, 673
0.0042, 672
0.0043, 671
0.0044, 670
0.0045, 669
0.0045, 668
0.0046, 667
0.0047, 666
0.0047, 665
0.0048, 664
0.0049, 663
0.0049, 662
0.0050, 661
0.0051, 660
0.0052, 659
0.0052, 658
0.0053, 657
0.0054, 656
0.0054, 655
0.0055, 654
0.0056, 653
0.0057, 652
0.0057, 651
0.0058, 650
0.0059, 649
0.0059, 648
0.0060, 647
0.0061, 646
0.0061, 645
0.0062, 644
0.0063, 643
0.0063, 642
0.0064, 641
0.0065, 640
0.0065, 639
0.0066, 638
0.0067, 637
0.0067, 636
0.0068, 635
0.0069, 634
0.0070, 633
0.0070, 632
0.0071, 631
0.0072, 630
0.0072, 629
0.0073, 628
0.0074, 627
0.0074, 626
0.0075, 625
0.0076, 624
0.0077, 623
0.0077, 622
0.0078, 621
0.0079, 620
0.0079, 619
0.0080, 618
0.0081, 617
0.0081, 616
0.0082, 615
0.0083, 614
0.0083, 613
0.0084, 612
0.0129, 611
0.0130, 610
0.0196, 609
0.0218, 608
0.0219, 607
0.0252, 606
0.0253, 605
0.0253, 604
0.0298, 603
0.0463, 602
0.0584, 601
0.0661, 600
0.0695, 599
0.0806, 598
0.1416, 597
2.6092, 596
2.9731, 595
7.0575, 594
