0.0000, 728
0.0001, 727
0.0001, 726
0.0002, 725
0.0003, 724
0.0004, 723
0.0004, 722
0.0005, 721
0.0006, 720
0.0007, 719
0.0007, 718
0.0008, 717
0.0009, 716
0.0009, 715
0.0010, 714
0.0011, 713
0.0012, 712
0.0013, 711
0.0013, 710
0.0014, 709
0.0015, 708
0.0015, 707
0.0017, 706
0.0017, 705
0.0018, 704
0.0019, 703
0.0019, 702
0.0020, 701
0.0021, 700
0.0022, 699
0.0023, 698
0.0023, 697
0.0024, 696
0.0025, 695
0.0026, 694
0.0026, 693
0.0027, 692
0.0028, 691
0.0028, 690
0.0029, 689
0.0030, 688
0.0031, 687
0.0031, 686
0.0032, 685
0.0033, 684
0.0034, 683
0.0034, 682
0.0035, 681
0.0036, 680
0.0037, 679
0.0037, 678
0.0038, 677
0.0039, 676
0.0040, 675
0.0040, 674
0.0041, 673
0.0042, 672
0.0042, 671
0.0043, 670
0.0044, 669
0.0044, 668
0.0045, 667
0.0046, 666
0.0047, 665
0.0047, 664
0.0048, 663
0.0049, 662
0.0049, 661
0.0050, 660
0.0051, 659
0.0051, 658
0.0052, 657
0.0053, 656
0.0053, 655
0.0054, 654
0.0055, 653
0.0056, 652
0.0056, 651
0.0057, 650
0.0058, 649
0.0058, 648
0.0059, 647
0.0059, 646
0.0060, 645
0.0061, 644
0.0061, 643
0.0062, 642
0.0063, 641
0.0063, 640
0.0064, 639
0.0065, 638
0.0066, 637
0.0066, 636
0.0067, 635
0.0068, 634
0.0069, 633
0.0069, 632
0.0070, 631
0.0071, 630
0.0071, 629
0.0072, 628
0.0073, 627
0.0073, 626
0.0074, 625
0.0075, 624
0.0075, 623
0.0076, 622
0.0076, 621
0.0078, 620
0.0078, 619
0.0079, 618
0.0080, 617
0.0080, 616
0.0081, 615
0.0082, 614
0.0082, 613
0.0083, 612
0.0106, 611
0.0128, 610
0.0195, 609
0.0217, 608
0.0218, 607
0.0251, 606
0.0252, 605
0.0252, 604
0.0298, 603
0.0474, 602
0.0583, 601
0.0660, 600
0.0694, 599
0.0859, 598
0.2066, 597
3.6866, 596
4.1570, 595
