0.0000, 5200
0.0004, 5199
0.0009, 5198
0.0014, 5197
0.0018, 5196
0.0023, 5195
0.0027, 5194
0.0032, 5193
0.0037, 5192
0.0042, 5191
0.0047, 5190
0.0052, 5189
0.0057, 5188
0.0062, 5187
0.0067, 5186
0.0071, 5185
0.0076, 5184
0.0081, 5183
0.0086, 5182
0.0091, 5181
0.0096, 5180
0.0101, 5179
0.0106, 5178
0.0110, 5177
0.0115, 5176
0.0120, 5175
0.0125, 5174
0.0130, 5173
0.0136, 5172
0.0140, 5171
0.0145, 5170
0.0150, 5169
0.0155, 5168
0.0160, 5167
0.0164, 5166
0.0169, 5165
0.0174, 5164
0.0178, 5163
0.0183, 5162
0.0187, 5161
0.0191, 5160
0.0197, 5159
0.0201, 5158
0.0207, 5157
0.0211, 5156
0.0217, 5155
0.0221, 5154
0.0226, 5153
0.0231, 5152
0.0236, 5151
0.0241, 5150
0.0246, 5149
0.0250, 5148
0.0255, 5147
0.0259, 5146
0.0264, 5145
0.0268, 5144
0.0273, 5143
0.0278, 5142
0.0284, 5141
0.0288, 5140
0.0292, 5139
0.0297, 5138
0.0302, 5137
0.0307, 5136
0.0312, 5135
0.0317, 5134
0.0321, 5133
0.0327, 5132
0.0332, 5131
0.0337, 5130
0.0341, 5129
0.0346, 5128
0.0351, 5127
0.0355, 5126
0.0360, 5125
0.0364, 5124
0.0370, 5123
0.0374, 5122
0.0379, 5121
0.0384, 5120
0.0388, 5119
0.0392, 5118
0.0397, 5117
0.0402, 5116
0.0407, 5115
0.0411, 5114
0.0416, 5113
0.0421, 5112
0.0426, 5111
0.0431, 5110
0.0437, 5109
0.0442, 5108
0.0447, 5107
0.0451, 5106
0.0456, 5105
0.0460, 5104
0.0465, 5103
0.0469, 5102
0.0474, 5101
0.0479, 5100
0.0484, 5099
0.0489, 5098
0.0493, 5097
0.0498, 5096
0.0503, 5095
0.0507, 5094
0.0512, 5093
0.0517, 5092
0.0521, 5091
0.0526, 5090
0.0530, 5089
0.0535, 5088
0.0540, 5087
0.0545, 5086
0.0550, 5085
0.0555, 5084
0.0559, 5083
0.0564, 5082
0.0568, 5081
0.0573, 5080
0.0578, 5079
0.0582, 5078
0.0587, 5077
0.0592, 5076
0.0597, 5075
0.0602, 5074
0.0606, 5073
0.0611, 5072
0.0616, 5071
0.0620, 5070
0.0626, 5069
0.0630, 5068
0.0635, 5067
0.0640, 5066
0.0644, 5065
0.0649, 5064
0.0654, 5063
0.0658, 5062
0.0663, 5061
0.0668, 5060
0.0673, 5059
0.0677, 5058
0.0682, 5057
0.0687, 5056
0.0691, 5055
0.0696, 5054
0.0701, 5053
0.0706, 5052
0.0711, 5051
0.0716, 5050
0.0721, 5049
0.0725, 5048
0.0730, 5047
0.0734, 5046
0.0740, 5045
0.0744, 5044
0.0749, 5043
0.0755, 5042
0.0759, 5041
0.0765, 5040
0.0769, 5039
0.0774, 5038
0.0778, 5037
0.0783, 5036
0.0787, 5035
0.0792, 5034
0.0796, 5033
0.0801, 5032
0.0805, 5031
0.0810, 5030
0.0815, 5029
0.0820, 5028
0.0825, 5027
0.0829, 5026
0.0834, 5025
0.0838, 5024
0.0845, 5023
0.0849, 5022
0.0853, 5021
0.0858, 5020
0.0862, 5019
0.0867, 5018
0.0872, 5017
0.0877, 5016
0.0881, 5015
0.0886, 5014
0.0891, 5013
0.0895, 5012
0.0900, 5011
0.0904, 5010
0.0910, 5009
0.0914, 5008
0.0919, 5007
0.0925, 5006
0.0930, 5005
0.0934, 5004
0.0939, 5003
0.0944, 5002
0.0948, 5001
0.0953, 5000
0.0958, 4999
0.0963, 4998
0.0967, 4997
0.0973, 4996
0.0978, 4995
0.0982, 4994
0.0987, 4993
0.0991, 4992
0.0996, 4991
0.1001, 4990
0.1005, 4989
0.1010, 4988
0.1015, 4987
0.1019, 4986
0.1024, 4985
0.1029, 4984
0.1033, 4983
0.1038, 4982
0.1044, 4981
0.1048, 4980
0.1053, 4979
0.1057, 4978
0.1063, 4977
0.1068, 4976
0.1073, 4975
0.1078, 4974
0.1083, 4973
0.1088, 4972
0.1093, 4971
0.1098, 4970
0.1102, 4969
0.1107, 4968
0.1111, 4967
0.1116, 4966
0.1121, 4965
0.1126, 4964
0.1130, 4963
0.1136, 4962
0.1140, 4961
0.1145, 4960
0.1150, 4959
0.1155, 4958
0.1160, 4957
0.1165, 4956
0.1169, 4955
0.1174, 4954
0.1179, 4953
0.1184, 4952
0.1188, 4951
0.1193, 4950
0.1198, 4949
0.1203, 4948
0.1207, 4947
0.1212, 4946
0.1217, 4945
0.1221, 4944
0.1226, 4943
0.1231, 4942
0.1235, 4941
0.1240, 4940
0.1245, 4939
0.1249, 4938
0.1254, 4937
0.1258, 4936
0.1263, 4935
0.1268, 4934
0.1273, 4933
0.1278, 4932
0.1283, 4931
0.1288, 4930
0.1292, 4929
0.1297, 4928
0.1302, 4927
0.1306, 4926
0.1311, 4925
0.1316, 4924
0.1320, 4923
0.1326, 4922
0.1331, 4921
0.1335, 4920
0.1340, 4919
0.1344, 4918
0.1349, 4917
0.1354, 4916
0.1358, 4915
0.1363, 4914
0.1368, 4913
0.1373, 4912
0.1378, 4911
0.1382, 4910
0.1387, 4909
0.1392, 4908
0.1397, 4907
0.1402, 4906
0.1406, 4905
0.1411, 4904
0.1416, 4903
0.1421, 4902
0.1426, 4901
0.1430, 4900
0.1435, 4899
0.1440, 4898
0.1445, 4897
0.1450, 4896
0.1455, 4895
0.1459, 4894
0.1464, 4893
0.1468, 4892
0.1473, 4891
0.1477, 4890
0.1482, 4889
0.1487, 4888
0.1491, 4887
0.1496, 4886
0.1501, 4885
0.1505, 4884
0.1510, 4883
0.1515, 4882
0.1519, 4881
0.1524, 4880
0.1529, 4879
0.1533, 4878
0.1538, 4877
0.1542, 4876
0.1547, 4875
0.1552, 4874
0.1557, 4873
0.1561, 4872
0.1566, 4871
0.1570, 4870
0.1575, 4869
0.1580, 4868
0.1584, 4867
0.1589, 4866
0.1593, 4865
0.1598, 4864
0.1602, 4863
0.1608, 4862
0.1612, 4861
0.1617, 4860
0.1621, 4859
0.1626, 4858
0.1630, 4857
0.1635, 4856
0.1640, 4855
0.1645, 4854
0.1650, 4853
0.1654, 4852
0.1659, 4851
0.1664, 4850
0.1669, 4849
0.1674, 4848
0.1678, 4847
0.1683, 4846
0.1688, 4845
0.1693, 4844
0.1698, 4843
0.1703, 4842
0.1708, 4841
0.1713, 4840
0.1718, 4839
0.1723, 4838
0.1728, 4837
0.1733, 4836
0.1737, 4835
0.1742, 4834
0.1747, 4833
0.1751, 4832
0.1756, 4831
0.1761, 4830
0.1766, 4829
0.1770, 4828
0.1775, 4827
0.1779, 4826
0.1785, 4825
0.1789, 4824
0.1794, 4823
0.1798, 4822
0.1803, 4821
0.1807, 4820
0.1812, 4819
0.1816, 4818
0.1821, 4817
0.1826, 4816
0.1831, 4815
0.1836, 4814
0.1842, 4813
0.1846, 4812
0.1851, 4811
0.1857, 4810
0.1861, 4809
0.1866, 4808
0.1871, 4807
0.1875, 4806
0.1880, 4805
0.1884, 4804
0.1889, 4803
0.1893, 4802
0.1898, 4801
0.1902, 4800
0.1907, 4799
0.1912, 4798
0.1916, 4797
0.1921, 4796
0.1926, 4795
0.1930, 4794
0.1935, 4793
0.1939, 4792
0.1944, 4791
0.1949, 4790
0.1954, 4789
0.1958, 4788
0.1964, 4787
0.1968, 4786
0.1973, 4785
0.1977, 4784
0.1982, 4783
0.1987, 4782
0.1991, 4781
0.1996, 4780
0.2001, 4779
0.2007, 4778
0.2011, 4777
0.2016, 4776
0.2020, 4775
0.2025, 4774
0.2030, 4773
0.2035, 4772
0.2041, 4771
0.2046, 4770
0.2050, 4769
0.2054, 4768
0.2059, 4767
0.2063, 4766
0.2068, 4765
0.2073, 4764
0.2077, 4763
0.2082, 4762
0.2087, 4761
0.2092, 4760
0.2097, 4759
0.2102, 4758
0.2106, 4757
0.2111, 4756
0.2115, 4755
0.2121, 4754
0.2126, 4753
0.2130, 4752
0.2135, 4751
0.2140, 4750
0.2144, 4749
0.2149, 4748
0.2154, 4747
0.2158, 4746
0.2163, 4745
0.2169, 4744
0.2173, 4743
0.2178, 4742
0.2183, 4741
0.2188, 4740
0.2192, 4739
0.2197, 4738
0.2202, 4737
0.2206, 4736
0.2211, 4735
0.2216, 4734
0.2220, 4733
0.2225, 4732
0.2232, 4731
0.2236, 4730
0.2241, 4729
0.2245, 4728
0.2250, 4727
0.2255, 4726
0.2259, 4725
0.2264, 4724
0.2269, 4723
0.2275, 4722
0.2280, 4721
0.2284, 4720
0.2289, 4719
0.2294, 4718
0.2298, 4717
0.2303, 4716
0.2308, 4715
0.2312, 4714
0.2317, 4713
0.2321, 4712
0.2326, 4711
0.2330, 4710
0.2335, 4709
0.2340, 4708
0.2345, 4707
0.2350, 4706
0.2354, 4705
0.2359, 4704
0.2364, 4703
0.2368, 4702
0.2373, 4701
0.2378, 4700
0.2382, 4699
0.2387, 4698
0.2392, 4697
0.2396, 4696
0.2401, 4695
0.2406, 4694
0.2410, 4693
0.2415, 4692
0.2420, 4691
0.2425, 4690
0.2429, 4689
0.2434, 4688
0.2438, 4687
0.2443, 4686
0.2447, 4685
0.2453, 4684
0.2457, 4683
0.2462, 4682
0.2467, 4681
0.2472, 4680
0.2476, 4679
0.2480, 4678
0.2485, 4677
0.2490, 4676
0.2495, 4675
0.2500, 4674
0.2505, 4673
0.2509, 4672
0.2513, 4671
0.2518, 4670
0.2522, 4669
0.2527, 4668
0.2532, 4667
0.2536, 4666
0.2541, 4665
0.2546, 4664
0.2550, 4663
0.2555, 4662
0.2559, 4661
0.2563, 4660
0.2568, 4659
0.2572, 4658
0.2577, 4657
0.2581, 4656
0.2586, 4655
0.2590, 4654
0.2595, 4653
0.2600, 4652
0.2605, 4651
0.2609, 4650
0.2614, 4649
0.2618, 4648
0.2639, 4647
0.2644, 4646
0.2650, 4645
0.2657, 4644
0.2663, 4643
0.2669, 4642
0.2674, 4641
0.2680, 4640
0.2685, 4639
0.2691, 4638
0.2698, 4637
0.2704, 4636
0.2710, 4635
0.2716, 4634
0.2721, 4633
0.2726, 4632
0.2731, 4631
0.2737, 4630
0.2742, 4629
0.2748, 4628
0.2753, 4627
0.2759, 4626
0.2765, 4625
0.2771, 4624
0.2776, 4623
0.2782, 4622
0.2787, 4621
0.2792, 4620
0.2798, 4619
0.2803, 4618
0.2808, 4617
0.2813, 4616
0.2819, 4615
0.2824, 4614
0.2829, 4613
0.2834, 4612
0.2839, 4611
0.2844, 4610
0.2849, 4609
0.2853, 4608
0.2858, 4607
0.2863, 4606
0.2867, 4605
0.2872, 4604
0.2876, 4603
0.2880, 4602
0.2885, 4601
0.2890, 4600
0.2895, 4599
0.2899, 4598
0.2904, 4597
0.2910, 4596
0.2915, 4595
0.2920, 4594
0.2924, 4593
0.2929, 4592
0.2933, 4591
0.2938, 4590
0.2942, 4589
0.2947, 4588
0.2952, 4587
0.2957, 4586
0.2961, 4585
0.2967, 4584
0.2972, 4583
0.2976, 4582
0.2981, 4581
0.2986, 4580
0.2991, 4579
0.2996, 4578
0.3001, 4577
0.3006, 4576
0.3010, 4575
0.3014, 4574
0.3019, 4573
0.3023, 4572
0.3028, 4571
0.3033, 4570
0.3038, 4569
0.3042, 4568
0.3047, 4567
0.3051, 4566
0.3056, 4565
0.3061, 4564
0.3065, 4563
0.3071, 4562
0.3075, 4561
0.3080, 4560
0.3084, 4559
0.3089, 4558
0.3093, 4557
0.3098, 4556
0.3103, 4555
0.3108, 4554
0.3114, 4553
0.3118, 4552
0.3123, 4551
0.3128, 4550
0.3132, 4549
0.3137, 4548
0.3141, 4547
0.3146, 4546
0.3152, 4545
0.3156, 4544
0.3161, 4543
0.3166, 4542
0.3171, 4541
0.3175, 4540
0.3180, 4539
0.3185, 4538
0.3189, 4537
0.3194, 4536
0.3198, 4535
0.3203, 4534
0.3208, 4533
0.3213, 4532
0.3218, 4531
0.3222, 4530
0.3227, 4529
0.3231, 4528
0.3237, 4527
0.3241, 4526
0.3246, 4525
0.3251, 4524
0.3255, 4523
0.3259, 4522
0.3263, 4521
0.3268, 4520
0.3272, 4519
0.3276, 4518
0.3281, 4517
0.3285, 4516
0.3289, 4515
0.3294, 4514
0.3299, 4513
0.3303, 4512
0.3308, 4511
0.3312, 4510
0.3317, 4509
0.3321, 4508
0.3326, 4507
0.3330, 4506
0.3335, 4505
0.3340, 4504
0.3344, 4503
0.3348, 4502
0.3353, 4501
0.3358, 4500
0.3362, 4499
0.3367, 4498
0.3372, 4497
0.3376, 4496
0.3381, 4495
0.3385, 4494
0.3390, 4493
0.3395, 4492
0.3400, 4491
0.3404, 4490
0.3409, 4489
0.3414, 4488
0.3419, 4487
0.3424, 4486
0.3428, 4485
0.3433, 4484
0.3438, 4483
0.3442, 4482
0.3447, 4481
0.3452, 4480
0.3456, 4479
0.3462, 4478
0.3466, 4477
0.3471, 4476
0.3475, 4475
0.3479, 4474
0.3483, 4473
0.3488, 4472
0.3492, 4471
0.3497, 4470
0.3501, 4469
0.3506, 4468
0.3510, 4467
0.3515, 4466
0.3520, 4465
0.3525, 4464
0.3529, 4463
0.3534, 4462
0.3538, 4461
0.3542, 4460
0.3546, 4459
0.3551, 4458
0.3556, 4457
0.3561, 4456
0.3565, 4455
0.3570, 4454
0.3575, 4453
0.3579, 4452
0.3584, 4451
0.3588, 4450
0.3593, 4449
0.3597, 4448
0.3602, 4447
0.3606, 4446
0.3611, 4445
0.3615, 4444
0.3620, 4443
0.3624, 4442
0.3629, 4441
0.3633, 4440
0.3638, 4439
0.3643, 4438
0.3647, 4437
0.3651, 4436
0.3656, 4435
0.3660, 4434
0.3664, 4433
0.3669, 4432
0.3673, 4431
0.3677, 4430
0.3682, 4429
0.3687, 4428
0.3691, 4427
0.3696, 4426
0.3700, 4425
0.3705, 4424
0.3709, 4423
0.3713, 4422
0.3718, 4421
0.3722, 4420
0.3727, 4419
0.3731, 4418
0.3735, 4417
0.3740, 4416
0.3744, 4415
0.3750, 4414
0.3754, 4413
0.3759, 4412
0.3763, 4411
0.3768, 4410
0.3772, 4409
0.3778, 4408
0.3782, 4407
0.3787, 4406
0.3792, 4405
0.3796, 4404
0.3802, 4403
0.3806, 4402
0.3810, 4401
0.3815, 4400
0.3819, 4399
0.3824, 4398
0.3829, 4397
0.3833, 4396
0.3838, 4395
0.3842, 4394
0.3847, 4393
0.3851, 4392
0.3856, 4391
0.3861, 4390
0.3865, 4389
0.3870, 4388
0.3875, 4387
0.3879, 4386
0.3884, 4385
0.3888, 4384
0.3893, 4383
0.3898, 4382
0.3902, 4381
0.3906, 4380
0.3912, 4379
0.3916, 4378
0.3921, 4377
0.3925, 4376
0.3930, 4375
0.3934, 4374
0.3939, 4373
0.3943, 4372
0.3948, 4371
0.3953, 4370
0.3957, 4369
0.3961, 4368
0.3966, 4367
0.3970, 4366
0.3975, 4365
0.3980, 4364
0.3985, 4363
0.3989, 4362
0.3994, 4361
0.3998, 4360
0.4003, 4359
0.4007, 4358
0.4011, 4357
0.4016, 4356
0.4021, 4355
0.4026, 4354
0.4031, 4353
0.4035, 4352
0.4039, 4351
0.4043, 4350
0.4048, 4349
0.4053, 4348
0.4057, 4347
0.4062, 4346
0.4066, 4345
0.4071, 4344
0.4075, 4343
0.4080, 4342
0.4084, 4341
0.4089, 4340
0.4094, 4339
0.4100, 4338
0.4104, 4337
0.4109, 4336
0.4113, 4335
0.4118, 4334
0.4122, 4333
0.4127, 4332
0.4131, 4331
0.4135, 4330
0.4140, 4329
0.4144, 4328
0.4148, 4327
0.4152, 4326
0.4157, 4325
0.4161, 4324
0.4166, 4323
0.4171, 4322
0.4175, 4321
0.4180, 4320
0.4184, 4319
0.4189, 4318
0.4193, 4317
0.4197, 4316
0.4202, 4315
0.4206, 4314
0.4210, 4313
0.4214, 4312
0.4219, 4311
0.4223, 4310
0.4228, 4309
0.4232, 4308
0.4237, 4307
0.4242, 4306
0.4246, 4305
0.4251, 4304
0.4255, 4303
0.4260, 4302
0.4264, 4301
0.4269, 4300
0.4273, 4299
0.4277, 4298
0.4281, 4297
0.4287, 4296
0.4291, 4295
0.4295, 4294
0.4299, 4293
0.4303, 4292
0.4307, 4291
0.4311, 4290
0.4316, 4289
0.4320, 4288
0.4325, 4287
0.4329, 4286
0.4334, 4285
0.4338, 4284
0.4342, 4283
0.4346, 4282
0.4351, 4281
0.4356, 4280
0.4360, 4279
0.4364, 4278
0.4368, 4277
0.4373, 4276
0.4377, 4275
0.4381, 4274
0.4386, 4273
0.4390, 4272
0.4395, 4271
0.4400, 4270
0.4404, 4269
0.4409, 4268
0.4414, 4267
0.4418, 4266
0.4422, 4265
0.4427, 4264
0.4431, 4263
0.4435, 4262
0.4439, 4261
0.4444, 4260
0.4448, 4259
0.4452, 4258
0.4457, 4257
0.4461, 4256
0.4465, 4255
0.4470, 4254
0.4474, 4253
0.4479, 4252
0.4483, 4251
0.4487, 4250
0.4492, 4249
0.4496, 4248
0.4500, 4247
0.4505, 4246
0.4509, 4245
0.4514, 4244
0.4518, 4243
0.4522, 4242
0.4527, 4241
0.4532, 4240
0.4536, 4239
0.4540, 4238
0.4545, 4237
0.4550, 4236
0.4555, 4235
0.4559, 4234
0.4563, 4233
0.4567, 4232
0.4571, 4231
0.4576, 4230
0.4580, 4229
0.4584, 4228
0.4589, 4227
0.4593, 4226
0.4597, 4225
0.4601, 4224
0.4605, 4223
0.4611, 4222
0.4615, 4221
0.4620, 4220
0.4625, 4219
0.4629, 4218
0.4633, 4217
0.4638, 4216
0.4642, 4215
0.4647, 4214
0.4651, 4213
0.4655, 4212
0.4660, 4211
0.4665, 4210
0.4669, 4209
0.4673, 4208
0.4678, 4207
0.4682, 4206
0.4687, 4205
0.4691, 4204
0.4696, 4203
0.4700, 4202
0.4704, 4201
0.4709, 4200
0.4713, 4199
0.4718, 4198
0.4722, 4197
0.4726, 4196
0.4731, 4195
0.4735, 4194
0.4739, 4193
0.4743, 4192
0.4748, 4191
0.4752, 4190
0.4757, 4189
0.4761, 4188
0.4766, 4187
0.4771, 4186
0.4775, 4185
0.4779, 4184
0.4783, 4183
0.4788, 4182
0.4792, 4181
0.4796, 4180
0.4801, 4179
0.4806, 4178
0.4810, 4177
0.4814, 4176
0.4819, 4175
0.4823, 4174
0.4827, 4173
0.4831, 4172
0.4836, 4171
0.4840, 4170
0.4844, 4169
0.4848, 4168
0.4852, 4167
0.4856, 4166
0.4861, 4165
0.4865, 4164
0.4870, 4163
0.4874, 4162
0.4878, 4161
0.4884, 4160
0.4888, 4159
0.4893, 4158
0.4897, 4157
0.4901, 4156
0.4905, 4155
0.4910, 4154
0.4914, 4153
0.4919, 4152
0.4923, 4151
0.4927, 4150
0.4931, 4149
0.4935, 4148
0.4939, 4147
0.4943, 4146
0.4948, 4145
0.4952, 4144
0.4956, 4143
0.4961, 4142
0.4965, 4141
0.4969, 4140
0.4974, 4139
0.4978, 4138
0.4982, 4137
0.4987, 4136
0.4991, 4135
0.4996, 4134
0.5001, 4133
0.5005, 4132
0.5009, 4131
0.5014, 4130
0.5018, 4129
0.5022, 4128
0.5026, 4127
0.5031, 4126
0.5035, 4125
0.5040, 4124
0.5045, 4123
0.5049, 4122
0.5053, 4121
0.5058, 4120
0.5063, 4119
0.5067, 4118
0.5071, 4117
0.5075, 4116
0.5080, 4115
0.5084, 4114
0.5088, 4113
0.5093, 4112
0.5097, 4111
0.5101, 4110
0.5105, 4109
0.5109, 4108
0.5113, 4107
0.5118, 4106
0.5122, 4105
0.5126, 4104
0.5130, 4103
0.5134, 4102
0.5138, 4101
0.5143, 4100
0.5147, 4099
0.5151, 4098
0.5156, 4097
0.5160, 4096
0.5164, 4095
0.5168, 4094
0.5172, 4093
0.5176, 4092
0.5180, 4091
0.5184, 4090
0.5188, 4089
0.5192, 4088
0.5196, 4087
0.5200, 4086
0.5204, 4085
0.5208, 4084
0.5213, 4083
0.5217, 4082
0.5222, 4081
0.5226, 4080
0.5231, 4079
0.5235, 4078
0.5239, 4077
0.5243, 4076
0.5248, 4075
0.5252, 4074
0.5256, 4073
0.5260, 4072
0.5264, 4071
0.5269, 4070
0.5273, 4069
0.5277, 4068
0.5281, 4067
0.5286, 4066
0.5290, 4065
0.5294, 4064
0.5298, 4063
0.5302, 4062
0.5306, 4061
0.5311, 4060
0.5316, 4059
0.5320, 4058
0.5331, 4057
0.5335, 4056
0.5340, 4055
0.5344, 4054
0.5349, 4053
0.5353, 4052
0.5357, 4051
0.5362, 4050
0.5366, 4049
0.5370, 4048
0.5375, 4047
0.5379, 4046
0.5383, 4045
0.5388, 4044
0.5392, 4043
0.5396, 4042
0.5401, 4041
0.5405, 4040
0.5409, 4039
0.5414, 4038
0.5418, 4037
0.5422, 4036
0.5426, 4035
0.5430, 4034
0.5434, 4033
0.5438, 4032
0.5443, 4031
0.5447, 4030
0.5451, 4029
0.5455, 4028
0.5459, 4027
0.5463, 4026
0.5467, 4025
0.5472, 4024
0.5476, 4023
0.5480, 4022
0.5484, 4021
0.5489, 4020
0.5493, 4019
0.5497, 4018
0.5501, 4017
0.5505, 4016
0.5510, 4015
0.5514, 4014
0.5518, 4013
0.5522, 4012
0.5526, 4011
0.5531, 4010
0.5535, 4009
0.5539, 4008
0.5543, 4007
0.5548, 4006
0.5552, 4005
0.5556, 4004
0.5560, 4003
0.5564, 4002
0.5568, 4001
0.5572, 4000
0.5576, 3999
0.5580, 3998
0.5585, 3997
0.5589, 3996
0.5593, 3995
0.5597, 3994
0.5601, 3993
0.5606, 3992
0.5610, 3991
0.5614, 3990
0.5618, 3989
0.5622, 3988
0.5626, 3987
0.5630, 3986
0.5635, 3985
0.5639, 3984
0.5643, 3983
0.5647, 3982
0.5652, 3981
0.5656, 3980
0.5660, 3979
0.5664, 3978
0.5668, 3977
0.5674, 3976
0.5678, 3975
0.5682, 3974
0.5686, 3973
0.5690, 3972
0.5694, 3971
0.5698, 3970
0.5702, 3969
0.5706, 3968
0.5710, 3967
0.5714, 3966
0.5718, 3965
0.7730, 3964
0.7906, 3963
0.8293, 3962
0.9192, 3961
1.1285, 3960
1.2014, 3959
1.2910, 3958
1.5278, 3957
1.5929, 3956
1.6803, 3955
1.7491, 3954
1.9633, 3953
2.3269, 3952
2.3659, 3951
2.3793, 3950
2.5166, 3949
2.8415, 3948
2.9492, 3947
3.1211, 3946
3.2396, 3945
3.4025, 3944
3.4200, 3943
3.6597, 3942
3.6601, 3941
3.6904, 3940
3.7858, 3939
4.5425, 3938
5.3558, 3937
5.6580, 3936
5.7644, 3935
6.1855, 3934
6.3239, 3933
8.1319, 3932
8.2987, 3931
8.8065, 3930
