0.0000, 5200
0.0004, 5199
0.0009, 5198
0.0013, 5197
0.0018, 5196
0.0022, 5195
0.0027, 5194
0.0031, 5193
0.0037, 5192
0.0041, 5191
0.0046, 5190
0.0051, 5189
0.0056, 5188
0.0061, 5187
0.0065, 5186
0.0070, 5185
0.0075, 5184
0.0080, 5183
0.0084, 5182
0.0089, 5181
0.0095, 5180
0.0100, 5179
0.0104, 5178
0.0109, 5177
0.0114, 5176
0.0119, 5175
0.0124, 5174
0.0129, 5173
0.0134, 5172
0.0139, 5171
0.0144, 5170
0.0148, 5169
0.0153, 5168
0.0158, 5167
0.0163, 5166
0.0167, 5165
0.0172, 5164
0.0176, 5163
0.0181, 5162
0.0186, 5161
0.0190, 5160
0.0196, 5159
0.0200, 5158
0.0206, 5157
0.0210, 5156
0.0215, 5155
0.0220, 5154
0.0225, 5153
0.0230, 5152
0.0235, 5151
0.0239, 5150
0.0244, 5149
0.0249, 5148
0.0253, 5147
0.0258, 5146
0.0262, 5145
0.0267, 5144
0.0271, 5143
0.0276, 5142
0.0281, 5141
0.0286, 5140
0.0291, 5139
0.0295, 5138
0.0300, 5137
0.0305, 5136
0.0310, 5135
0.0315, 5134
0.0320, 5133
0.0325, 5132
0.0330, 5131
0.0336, 5130
0.0340, 5129
0.0345, 5128
0.0350, 5127
0.0354, 5126
0.0359, 5125
0.0363, 5124
0.0369, 5123
0.0373, 5122
0.0378, 5121
0.0383, 5120
0.0387, 5119
0.0392, 5118
0.0396, 5117
0.0401, 5116
0.0406, 5115
0.0411, 5114
0.0416, 5113
0.0420, 5112
0.0425, 5111
0.0430, 5110
0.0436, 5109
0.0441, 5108
0.0446, 5107
0.0451, 5106
0.0455, 5105
0.0460, 5104
0.0465, 5103
0.0469, 5102
0.0474, 5101
0.0480, 5100
0.0484, 5099
0.0489, 5098
0.0494, 5097
0.0498, 5096
0.0503, 5095
0.0508, 5094
0.0512, 5093
0.0517, 5092
0.0521, 5091
0.0526, 5090
0.0531, 5089
0.0535, 5088
0.0541, 5087
0.0545, 5086
0.0551, 5085
0.0555, 5084
0.0560, 5083
0.0564, 5082
0.0568, 5081
0.0573, 5080
0.0578, 5079
0.0582, 5078
0.0587, 5077
0.0592, 5076
0.0597, 5075
0.0601, 5074
0.0606, 5073
0.0611, 5072
0.0615, 5071
0.0620, 5070
0.0625, 5069
0.0630, 5068
0.0634, 5067
0.0639, 5066
0.0643, 5065
0.0648, 5064
0.0653, 5063
0.0657, 5062
0.0662, 5061
0.0667, 5060
0.0672, 5059
0.0676, 5058
0.0681, 5057
0.0686, 5056
0.0690, 5055
0.0695, 5054
0.0700, 5053
0.0705, 5052
0.0710, 5051
0.0715, 5050
0.0720, 5049
0.0724, 5048
0.0729, 5047
0.0734, 5046
0.0739, 5045
0.0744, 5044
0.0749, 5043
0.0754, 5042
0.0759, 5041
0.0764, 5040
0.0769, 5039
0.0773, 5038
0.0778, 5037
0.0782, 5036
0.0786, 5035
0.0791, 5034
0.0795, 5033
0.0800, 5032
0.0805, 5031
0.0809, 5030
0.0814, 5029
0.0819, 5028
0.0824, 5027
0.0829, 5026
0.0833, 5025
0.0838, 5024
0.0844, 5023
0.0848, 5022
0.0853, 5021
0.0857, 5020
0.0862, 5019
0.0867, 5018
0.0871, 5017
0.0877, 5016
0.0881, 5015
0.0886, 5014
0.0891, 5013
0.0895, 5012
0.0900, 5011
0.0905, 5010
0.0910, 5009
0.0914, 5008
0.0919, 5007
0.0925, 5006
0.0929, 5005
0.0934, 5004
0.0938, 5003
0.0943, 5002
0.0947, 5001
0.0952, 5000
0.0957, 4999
0.0961, 4998
0.0966, 4997
0.0971, 4996
0.0976, 4995
0.0981, 4994
0.0985, 4993
0.0990, 4992
0.0994, 4991
0.0999, 4990
0.1003, 4989
0.1008, 4988
0.1013, 4987
0.1018, 4986
0.1022, 4985
0.1027, 4984
0.1031, 4983
0.1036, 4982
0.1042, 4981
0.1046, 4980
0.1051, 4979
0.1056, 4978
0.1061, 4977
0.1066, 4976
0.1070, 4975
0.1075, 4974
0.1081, 4973
0.1086, 4972
0.1090, 4971
0.1095, 4970
0.1100, 4969
0.1104, 4968
0.1109, 4967
0.1113, 4966
0.1118, 4965
0.1123, 4964
0.1128, 4963
0.1133, 4962
0.1138, 4961
0.1143, 4960
0.1147, 4959
0.1152, 4958
0.1157, 4957
0.1163, 4956
0.1167, 4955
0.1171, 4954
0.1176, 4953
0.1181, 4952
0.1186, 4951
0.1191, 4950
0.1195, 4949
0.1200, 4948
0.1205, 4947
0.1210, 4946
0.1214, 4945
0.1219, 4944
0.1224, 4943
0.1229, 4942
0.1233, 4941
0.1238, 4940
0.1242, 4939
0.1247, 4938
0.1251, 4937
0.1256, 4936
0.1261, 4935
0.1265, 4934
0.1271, 4933
0.1275, 4932
0.1280, 4931
0.1285, 4930
0.1290, 4929
0.1295, 4928
0.1299, 4927
0.1304, 4926
0.1308, 4925
0.1313, 4924
0.1318, 4923
0.1324, 4922
0.1328, 4921
0.1333, 4920
0.1337, 4919
0.1342, 4918
0.1346, 4917
0.1351, 4916
0.1355, 4915
0.1360, 4914
0.1365, 4913
0.1370, 4912
0.1375, 4911
0.1379, 4910
0.1384, 4909
0.1389, 4908
0.1394, 4907
0.1399, 4906
0.1403, 4905
0.1408, 4904
0.1414, 4903
0.1419, 4902
0.1423, 4901
0.1428, 4900
0.1433, 4899
0.1438, 4898
0.1443, 4897
0.1448, 4896
0.1453, 4895
0.1457, 4894
0.1461, 4893
0.1466, 4892
0.1471, 4891
0.1475, 4890
0.1480, 4889
0.1485, 4888
0.1489, 4887
0.1494, 4886
0.1499, 4885
0.1503, 4884
0.1508, 4883
0.1513, 4882
0.1518, 4881
0.1522, 4880
0.1527, 4879
0.1531, 4878
0.1536, 4877
0.1540, 4876
0.1546, 4875
0.1550, 4874
0.1555, 4873
0.1559, 4872
0.1564, 4871
0.1568, 4870
0.1573, 4869
0.1578, 4868
0.1582, 4867
0.1587, 4866
0.1591, 4865
0.1596, 4864
0.1601, 4863
0.1606, 4862
0.1610, 4861
0.1615, 4860
0.1620, 4859
0.1624, 4858
0.1628, 4857
0.1633, 4856
0.1638, 4855
0.1643, 4854
0.1648, 4853
0.1652, 4852
0.1657, 4851
0.1661, 4850
0.1666, 4849
0.1671, 4848
0.1675, 4847
0.1680, 4846
0.1685, 4845
0.1690, 4844
0.1695, 4843
0.1699, 4842
0.1704, 4841
0.1709, 4840
0.1714, 4839
0.1719, 4838
0.1723, 4837
0.1729, 4836
0.1733, 4835
0.1738, 4834
0.1742, 4833
0.1747, 4832
0.1752, 4831
0.1757, 4830
0.1761, 4829
0.1766, 4828
0.1770, 4827
0.1775, 4826
0.1780, 4825
0.1785, 4824
0.1789, 4823
0.1794, 4822
0.1798, 4821
0.1802, 4820
0.1807, 4819
0.1811, 4818
0.1816, 4817
0.1821, 4816
0.1825, 4815
0.1830, 4814
0.1837, 4813
0.1841, 4812
0.1846, 4811
0.1852, 4810
0.1857, 4809
0.1862, 4808
0.1866, 4807
0.1871, 4806
0.1875, 4805
0.1879, 4804
0.1884, 4803
0.1889, 4802
0.1893, 4801
0.1898, 4800
0.1903, 4799
0.1907, 4798
0.1911, 4797
0.1916, 4796
0.1921, 4795
0.1925, 4794
0.1929, 4793
0.1934, 4792
0.1939, 4791
0.1943, 4790
0.1948, 4789
0.1952, 4788
0.1958, 4787
0.1962, 4786
0.1966, 4785
0.1971, 4784
0.1976, 4783
0.1980, 4782
0.1985, 4781
0.1990, 4780
0.1994, 4779
0.1999, 4778
0.2004, 4777
0.2009, 4776
0.2013, 4775
0.2018, 4774
0.2022, 4773
0.2027, 4772
0.2033, 4771
0.2037, 4770
0.2042, 4769
0.2046, 4768
0.2051, 4767
0.2056, 4766
0.2061, 4765
0.2065, 4764
0.2070, 4763
0.2075, 4762
0.2080, 4761
0.2085, 4760
0.2091, 4759
0.2096, 4758
0.2101, 4757
0.2105, 4756
0.2110, 4755
0.2115, 4754
0.2120, 4753
0.2125, 4752
0.2130, 4751
0.2134, 4750
0.2139, 4749
0.2144, 4748
0.2148, 4747
0.2153, 4746
0.2157, 4745
0.2163, 4744
0.2168, 4743
0.2172, 4742
0.2178, 4741
0.2183, 4740
0.2187, 4739
0.2192, 4738
0.2196, 4737
0.2201, 4736
0.2205, 4735
0.2210, 4734
0.2215, 4733
0.2219, 4732
0.2226, 4731
0.2231, 4730
0.2235, 4729
0.2240, 4728
0.2245, 4727
0.2249, 4726
0.2254, 4725
0.2258, 4724
0.2264, 4723
0.2269, 4722
0.2274, 4721
0.2279, 4720
0.2283, 4719
0.2288, 4718
0.2293, 4717
0.2298, 4716
0.2303, 4715
0.2307, 4714
0.2312, 4713
0.2317, 4712
0.2321, 4711
0.2326, 4710
0.2331, 4709
0.2336, 4708
0.2340, 4707
0.2345, 4706
0.2350, 4705
0.2355, 4704
0.2360, 4703
0.2365, 4702
0.2370, 4701
0.2375, 4700
0.2379, 4699
0.2384, 4698
0.2389, 4697
0.2393, 4696
0.2398, 4695
0.2403, 4694
0.2407, 4693
0.2412, 4692
0.2417, 4691
0.2421, 4690
0.2426, 4689
0.2430, 4688
0.2435, 4687
0.2440, 4686
0.2444, 4685
0.2450, 4684
0.2455, 4683
0.2459, 4682
0.2464, 4681
0.2469, 4680
0.2474, 4679
0.2478, 4678
0.2484, 4677
0.2489, 4676
0.2494, 4675
0.2499, 4674
0.2504, 4673
0.2508, 4672
0.2513, 4671
0.2517, 4670
0.2522, 4669
0.2527, 4668
0.2532, 4667
0.2536, 4666
0.2541, 4665
0.2546, 4664
0.2550, 4663
0.2555, 4662
0.2559, 4661
0.2563, 4660
0.2568, 4659
0.2573, 4658
0.2577, 4657
0.2582, 4656
0.2586, 4655
0.2591, 4654
0.2596, 4653
0.2601, 4652
0.2606, 4651
0.2610, 4650
0.2615, 4649
0.2619, 4648
0.2624, 4647
0.2629, 4646
0.2634, 4645
0.2639, 4644
0.2643, 4643
0.2648, 4642
0.2652, 4641
0.2657, 4640
0.2661, 4639
0.2666, 4638
0.2671, 4637
0.2676, 4636
0.2681, 4635
0.2686, 4634
0.2690, 4633
0.2695, 4632
0.2699, 4631
0.2704, 4630
0.2708, 4629
0.2713, 4628
0.2718, 4627
0.2723, 4626
0.2728, 4625
0.2733, 4624
0.2738, 4623
0.2742, 4622
0.2747, 4621
0.2751, 4620
0.2756, 4619
0.2761, 4618
0.2765, 4617
0.2770, 4616
0.2776, 4615
0.2780, 4614
0.2785, 4613
0.2789, 4612
0.2794, 4611
0.2798, 4610
0.2803, 4609
0.2808, 4608
0.2813, 4607
0.2817, 4606
0.2822, 4605
0.2827, 4604
0.2831, 4603
0.2836, 4602
0.2840, 4601
0.2845, 4600
0.2851, 4599
0.2855, 4598
0.2860, 4597
0.2865, 4596
0.2870, 4595
0.2874, 4594
0.2879, 4593
0.2884, 4592
0.2888, 4591
0.2893, 4590
0.2897, 4589
0.2902, 4588
0.2907, 4587
0.2911, 4586
0.2916, 4585
0.2922, 4584
0.2926, 4583
0.2930, 4582
0.2935, 4581
0.2940, 4580
0.2944, 4579
0.2949, 4578
0.2954, 4577
0.2959, 4576
0.2963, 4575
0.2967, 4574
0.2972, 4573
0.2976, 4572
0.2981, 4571
0.2986, 4570
0.2991, 4569
0.2996, 4568
0.3001, 4567
0.3006, 4566
0.3010, 4565
0.3015, 4564
0.3019, 4563
0.3024, 4562
0.3028, 4561
0.3033, 4560
0.3037, 4559
0.3041, 4558
0.3046, 4557
0.3051, 4556
0.3056, 4555
0.3061, 4554
0.3066, 4553
0.3071, 4552
0.3075, 4551
0.3080, 4550
0.3085, 4549
0.3089, 4548
0.3094, 4547
0.3099, 4546
0.3104, 4545
0.3108, 4544
0.3113, 4543
0.3117, 4542
0.3122, 4541
0.3127, 4540
0.3131, 4539
0.3136, 4538
0.3140, 4537
0.3145, 4536
0.3149, 4535
0.3154, 4534
0.3159, 4533
0.3164, 4532
0.3168, 4531
0.3173, 4530
0.3177, 4529
0.3182, 4528
0.3187, 4527
0.3192, 4526
0.3197, 4525
0.3202, 4524
0.3206, 4523
0.3210, 4522
0.3215, 4521
0.3219, 4520
0.3224, 4519
0.3228, 4518
0.3232, 4517
0.3236, 4516
0.3241, 4515
0.3245, 4514
0.3249, 4513
0.3254, 4512
0.3259, 4511
0.3263, 4510
0.3268, 4509
0.3272, 4508
0.3276, 4507
0.3281, 4506
0.3285, 4505
0.3290, 4504
0.3294, 4503
0.3299, 4502
0.3303, 4501
0.3308, 4500
0.3312, 4499
0.3317, 4498
0.3322, 4497
0.3327, 4496
0.3332, 4495
0.3336, 4494
0.3341, 4493
0.3346, 4492
0.3351, 4491
0.3356, 4490
0.3361, 4489
0.3365, 4488
0.3370, 4487
0.3375, 4486
0.3379, 4485
0.3384, 4484
0.3388, 4483
0.3393, 4482
0.3397, 4481
0.3402, 4480
0.3407, 4479
0.3412, 4478
0.3417, 4477
0.3421, 4476
0.3425, 4475
0.3430, 4474
0.3434, 4473
0.3439, 4472
0.3444, 4471
0.3448, 4470
0.3453, 4469
0.3458, 4468
0.3462, 4467
0.3467, 4466
0.3472, 4465
0.3477, 4464
0.3481, 4463
0.3485, 4462
0.3490, 4461
0.3494, 4460
0.3498, 4459
0.3503, 4458
0.3507, 4457
0.3512, 4456
0.3517, 4455
0.3521, 4454
0.3527, 4453
0.3531, 4452
0.3535, 4451
0.3540, 4450
0.3545, 4449
0.3549, 4448
0.3554, 4447
0.3558, 4446
0.3563, 4445
0.3567, 4444
0.3572, 4443
0.3576, 4442
0.3580, 4441
0.3585, 4440
0.3589, 4439
0.3593, 4438
0.3598, 4437
0.3602, 4436
0.3607, 4435
0.3612, 4434
0.3616, 4433
0.3620, 4432
0.3625, 4431
0.3629, 4430
0.3634, 4429
0.3638, 4428
0.3643, 4427
0.3647, 4426
0.3651, 4425
0.3656, 4424
0.3660, 4423
0.3665, 4422
0.3669, 4421
0.3674, 4420
0.3678, 4419
0.3683, 4418
0.3687, 4417
0.3692, 4416
0.3696, 4415
0.3701, 4414
0.3707, 4413
0.3711, 4412
0.3716, 4411
0.3721, 4410
0.3725, 4409
0.3730, 4408
0.3734, 4407
0.3739, 4406
0.3744, 4405
0.3748, 4404
0.3753, 4403
0.3757, 4402
0.3762, 4401
0.3766, 4400
0.3771, 4399
0.3776, 4398
0.3781, 4397
0.3785, 4396
0.3789, 4395
0.3793, 4394
0.3798, 4393
0.3802, 4392
0.3806, 4391
0.3811, 4390
0.3815, 4389
0.3820, 4388
0.3824, 4387
0.3829, 4386
0.3834, 4385
0.3838, 4384
0.3843, 4383
0.3848, 4382
0.3852, 4381
0.3857, 4380
0.3862, 4379
0.3867, 4378
0.3871, 4377
0.3876, 4376
0.3881, 4375
0.3885, 4374
0.3890, 4373
0.3894, 4372
0.3899, 4371
0.3903, 4370
0.3908, 4369
0.3912, 4368
0.3916, 4367
0.3920, 4366
0.3924, 4365
0.3930, 4364
0.3935, 4363
0.3939, 4362
0.3944, 4361
0.3948, 4360
0.3953, 4359
0.3957, 4358
0.3961, 4357
0.3966, 4356
0.3971, 4355
0.3976, 4354
0.3980, 4353
0.3985, 4352
0.3989, 4351
0.3993, 4350
0.3997, 4349
0.4003, 4348
0.4007, 4347
0.4012, 4346
0.4016, 4345
0.4020, 4344
0.4025, 4343
0.4030, 4342
0.4034, 4341
0.4038, 4340
0.4043, 4339
0.4049, 4338
0.4053, 4337
0.4058, 4336
0.4063, 4335
0.4068, 4334
0.4072, 4333
0.4076, 4332
0.4081, 4331
0.4086, 4330
0.4090, 4329
0.4095, 4328
0.4099, 4327
0.4103, 4326
0.4108, 4325
0.4112, 4324
0.4117, 4323
0.4122, 4322
0.4126, 4321
0.4131, 4320
0.4135, 4319
0.4139, 4318
0.4144, 4317
0.4148, 4316
0.4153, 4315
0.4157, 4314
0.4161, 4313
0.4165, 4312
0.4170, 4311
0.4174, 4310
0.4179, 4309
0.4184, 4308
0.4188, 4307
0.4194, 4306
0.4198, 4305
0.4203, 4304
0.4207, 4303
0.4212, 4302
0.4216, 4301
0.4221, 4300
0.4225, 4299
0.4229, 4298
0.4234, 4297
0.4239, 4296
0.4243, 4295
0.4247, 4294
0.4251, 4293
0.4255, 4292
0.4260, 4291
0.4264, 4290
0.4269, 4289
0.4273, 4288
0.4278, 4287
0.4282, 4286
0.4287, 4285
0.4292, 4284
0.4296, 4283
0.4301, 4282
0.4306, 4281
0.4310, 4280
0.4314, 4279
0.4318, 4278
0.4323, 4277
0.4327, 4276
0.4332, 4275
0.4336, 4274
0.4341, 4273
0.4345, 4272
0.4350, 4271
0.4355, 4270
0.4359, 4269
0.4364, 4268
0.4369, 4267
0.4373, 4266
0.4377, 4265
0.4382, 4264
0.4386, 4263
0.4390, 4262
0.4394, 4261
0.4399, 4260
0.4403, 4259
0.4407, 4258
0.4411, 4257
0.4416, 4256
0.4420, 4255
0.4424, 4254
0.4428, 4253
0.4432, 4252
0.4437, 4251
0.4441, 4250
0.4446, 4249
0.4450, 4248
0.4454, 4247
0.4459, 4246
0.4463, 4245
0.4467, 4244
0.4472, 4243
0.4476, 4242
0.4480, 4241
0.4485, 4240
0.4489, 4239
0.4493, 4238
0.4498, 4237
0.4503, 4236
0.4508, 4235
0.4512, 4234
0.4517, 4233
0.4521, 4232
0.4525, 4231
0.4530, 4230
0.4534, 4229
0.4539, 4228
0.4543, 4227
0.4547, 4226
0.4552, 4225
0.4556, 4224
0.4560, 4223
0.4565, 4222
0.4569, 4221
0.4574, 4220
0.4578, 4219
0.4583, 4218
0.4587, 4217
0.4591, 4216
0.4596, 4215
0.4600, 4214
0.4604, 4213
0.4608, 4212
0.4613, 4211
0.4618, 4210
0.4622, 4209
0.4626, 4208
0.4631, 4207
0.4636, 4206
0.4640, 4205
0.4644, 4204
0.4649, 4203
0.4654, 4202
0.4658, 4201
0.4662, 4200
0.4666, 4199
0.4671, 4198
0.4675, 4197
0.4679, 4196
0.4684, 4195
0.4688, 4194
0.4692, 4193
0.4696, 4192
0.4701, 4191
0.4705, 4190
0.4710, 4189
0.4715, 4188
0.4720, 4187
0.4724, 4186
0.4728, 4185
0.4732, 4184
0.4736, 4183
0.4741, 4182
0.4745, 4181
0.4749, 4180
0.4753, 4179
0.4758, 4178
0.4762, 4177
0.4766, 4176
0.4771, 4175
0.4775, 4174
0.4779, 4173
0.4784, 4172
0.4788, 4171
0.4792, 4170
0.4796, 4169
0.4800, 4168
0.4804, 4167
0.4809, 4166
0.4813, 4165
0.4817, 4164
0.4821, 4163
0.4826, 4162
0.4830, 4161
0.4835, 4160
0.4840, 4159
0.4844, 4158
0.4848, 4157
0.4853, 4156
0.4857, 4155
0.4861, 4154
0.4865, 4153
0.4870, 4152
0.4874, 4151
0.4878, 4150
0.4882, 4149
0.4886, 4148
0.4891, 4147
0.4895, 4146
0.4900, 4145
0.4904, 4144
0.4908, 4143
0.4912, 4142
0.4916, 4141
0.4920, 4140
0.4924, 4139
0.4929, 4138
0.4933, 4137
0.4938, 4136
0.4942, 4135
0.4947, 4134
0.4952, 4133
0.4956, 4132
0.4960, 4131
0.4964, 4130
0.4968, 4129
0.4972, 4128
0.4977, 4127
0.4981, 4126
0.4986, 4125
0.4990, 4124
0.4995, 4123
0.4999, 4122
0.5003, 4121
0.5008, 4120
0.5012, 4119
0.5017, 4118
0.5021, 4117
0.5025, 4116
0.5029, 4115
0.5033, 4114
0.5037, 4113
0.5042, 4112
0.5046, 4111
0.5050, 4110
0.5054, 4109
0.5058, 4108
0.5063, 4107
0.5067, 4106
0.5071, 4105
0.5075, 4104
0.5079, 4103
0.5083, 4102
0.5088, 4101
0.5092, 4100
0.5096, 4099
0.5101, 4098
0.5105, 4097
0.5109, 4096
0.5113, 4095
0.5118, 4094
0.5122, 4093
0.5126, 4092
0.5130, 4091
0.5134, 4090
0.5138, 4089
0.5142, 4088
0.5146, 4087
0.5150, 4086
0.5155, 4085
0.5159, 4084
0.5164, 4083
0.5168, 4082
0.5173, 4081
0.5177, 4080
0.5182, 4079
0.5186, 4078
0.5190, 4077
0.5195, 4076
0.5199, 4075
0.5203, 4074
0.5207, 4073
0.5211, 4072
0.5215, 4071
0.5219, 4070
0.5224, 4069
0.5228, 4068
0.5232, 4067
0.5236, 4066
0.5240, 4065
0.5244, 4064
0.5248, 4063
0.5252, 4062
0.5256, 4061
0.5260, 4060
0.5265, 4059
0.5269, 4058
0.5280, 4057
0.5284, 4056
0.5288, 4055
0.5293, 4054
0.5297, 4053
0.5302, 4052
0.5306, 4051
0.5310, 4050
0.5314, 4049
0.5318, 4048
0.5323, 4047
0.5327, 4046
0.5331, 4045
0.5336, 4044
0.5340, 4043
0.5344, 4042
0.5348, 4041
0.5353, 4040
0.5357, 4039
0.5361, 4038
0.5365, 4037
0.5369, 4036
0.5373, 4035
0.5377, 4034
0.5382, 4033
0.5386, 4032
0.5390, 4031
0.5394, 4030
0.5398, 4029
0.5402, 4028
0.5406, 4027
0.5410, 4026
0.5414, 4025
0.5418, 4024
0.5422, 4023
0.5427, 4022
0.5431, 4021
0.5435, 4020
0.5439, 4019
0.5443, 4018
0.5447, 4017
0.5451, 4016
0.5455, 4015
0.5460, 4014
0.5464, 4013
0.5468, 4012
0.5472, 4011
0.5477, 4010
0.5481, 4009
0.5485, 4008
0.5489, 4007
0.5494, 4006
0.5498, 4005
0.5502, 4004
0.5506, 4003
0.5511, 4002
0.5515, 4001
0.5519, 4000
0.5523, 3999
0.5527, 3998
0.5531, 3997
0.5535, 3996
0.5539, 3995
0.5544, 3994
0.5548, 3993
0.5552, 3992
0.5556, 3991
0.5560, 3990
0.5564, 3989
0.5569, 3988
0.5573, 3987
0.5577, 3986
0.5581, 3985
0.5585, 3984
0.5589, 3983
0.5593, 3982
0.5597, 3981
0.5602, 3980
0.5606, 3979
0.5610, 3978
0.5614, 3977
0.5619, 3976
0.5623, 3975
0.5627, 3974
0.5631, 3973
0.5635, 3972
0.5639, 3971
0.5643, 3970
0.5647, 3969
0.5651, 3968
0.5655, 3967
0.5660, 3966
0.5664, 3965
0.7696, 3964
0.7828, 3963
0.8263, 3962
0.9203, 3961
1.1414, 3960
1.2057, 3959
1.2912, 3958
1.5727, 3957
1.6075, 3956
1.6546, 3955
1.7622, 3954
1.9646, 3953
2.3123, 3952
2.3770, 3951
2.3911, 3950
2.5322, 3949
2.8543, 3948
2.9791, 3947
3.1468, 3946
3.2474, 3945
3.4281, 3944
3.4371, 3943
3.6746, 3942
3.6750, 3941
3.7052, 3940
3.7963, 3939
4.5856, 3938
5.3744, 3937
5.6862, 3936
5.7843, 3935
6.2135, 3934
6.3471, 3933
8.1884, 3932
8.3190, 3931
8.8349, 3930
9.4289, 3929
