0.6523, 3931
0.6526, 3930
0.6529, 3929
0.6533, 3928
0.6536, 3927
0.6539, 3926
0.6543, 3925
0.6547, 3924
0.6550, 3923
0.6554, 3922
0.6557, 3921
0.6560, 3920
0.6564, 3919
0.6567, 3918
0.6571, 3917
0.6575, 3916
0.6578, 3915
0.6581, 3914
0.6585, 3913
0.6588, 3912
0.6592, 3911
0.6595, 3910
0.6598, 3909
0.6602, 3908
0.6605, 3907
0.6608, 3906
0.6612, 3905
0.6616, 3904
0.6619, 3903
0.6622, 3902
0.6626, 3901
0.6629, 3900
0.6633, 3899
0.6636, 3898
0.6639, 3897
0.6643, 3896
0.6646, 3895
0.6650, 3894
0.6653, 3893
0.6656, 3892
0.6660, 3891
0.6663, 3890
0.6666, 3889
0.6670, 3888
0.6673, 3887
0.6676, 3886
0.6680, 3885
0.6683, 3884
0.6686, 3883
0.6690, 3882
0.6693, 3881
0.6696, 3880
0.6700, 3879
0.6704, 3878
0.6707, 3877
0.6710, 3876
0.6714, 3875
0.6717, 3874
0.6721, 3873
0.6724, 3872
0.6727, 3871
0.6731, 3870
0.6734, 3869
0.6738, 3868
0.6741, 3867
0.6744, 3866
0.6747, 3865
0.6751, 3864
0.6754, 3863
0.6757, 3862
0.6761, 3861
0.6764, 3860
0.6767, 3859
0.6770, 3858
0.6774, 3857
0.6777, 3856
0.6780, 3855
0.6784, 3854
0.6787, 3853
0.6791, 3852
0.6794, 3851
0.6797, 3850
0.6801, 3849
0.6804, 3848
0.6807, 3847
0.6811, 3846
0.6814, 3845
0.6818, 3844
0.6821, 3843
0.6824, 3842
0.6828, 3841
0.6831, 3840
0.6834, 3839
0.6838, 3838
0.6841, 3837
0.6845, 3836
0.6848, 3835
0.6851, 3834
0.6855, 3833
0.6858, 3832
0.6862, 3831
0.6865, 3830
0.6869, 3829
0.6872, 3828
0.6876, 3827
0.6879, 3826
0.6883, 3825
0.6886, 3824
0.6889, 3823
0.6893, 3822
0.6896, 3821
0.6899, 3820
0.6903, 3819
0.6907, 3818
0.6910, 3817
0.6914, 3816
0.6917, 3815
0.6921, 3814
0.6924, 3813
0.6927, 3812
0.6930, 3811
0.6934, 3810
0.6937, 3809
0.6941, 3808
0.6944, 3807
0.6948, 3806
0.6951, 3805
0.6955, 3804
0.6959, 3803
0.6962, 3802
0.6966, 3801
0.6969, 3800
0.6973, 3799
0.6977, 3798
0.6980, 3797
0.6984, 3796
0.6987, 3795
0.6991, 3794
0.6994, 3793
0.6998, 3792
0.7001, 3791
0.7005, 3790
0.7008, 3789
0.7012, 3788
0.7015, 3787
0.7019, 3786
0.7022, 3785
0.7030, 3784
0.7034, 3783
0.7038, 3782
0.7041, 3781
0.7045, 3780
0.7049, 3779
0.7052, 3778
0.7056, 3777
0.7059, 3776
0.7063, 3775
0.7067, 3774
0.7070, 3773
0.7074, 3772
0.7077, 3771
0.7081, 3770
0.7084, 3769
0.7088, 3768
0.7091, 3767
0.7095, 3766
0.7098, 3765
0.7102, 3764
0.7106, 3763
0.7109, 3762
0.7113, 3761
0.7116, 3760
0.7120, 3759
0.7123, 3758
0.7127, 3757
0.7130, 3756
0.7134, 3755
0.7137, 3754
0.7141, 3753
0.7145, 3752
0.7148, 3751
0.7152, 3750
0.7155, 3749
0.7159, 3748
0.7162, 3747
0.7166, 3746
0.7169, 3745
0.7173, 3744
0.7176, 3743
0.7180, 3742
0.7183, 3741
0.7187, 3740
0.7191, 3739
0.7194, 3738
0.7198, 3737
0.7201, 3736
0.7205, 3735
0.7208, 3734
0.7211, 3733
0.7215, 3732
0.7218, 3731
0.7222, 3730
0.7225, 3729
0.7229, 3728
0.7232, 3727
0.7236, 3726
0.7239, 3725
0.7242, 3724
0.7246, 3723
0.7250, 3722
0.7253, 3721
0.7257, 3720
0.7260, 3719
0.7264, 3718
0.7267, 3717
0.7271, 3716
0.7274, 3715
0.7278, 3714
0.7281, 3713
0.7285, 3712
0.7288, 3711
0.7292, 3710
0.7295, 3709
0.7299, 3708
0.7302, 3707
0.7306, 3706
0.7309, 3705
0.7313, 3704
0.7316, 3703
0.7320, 3702
0.7323, 3701
0.7326, 3700
0.7330, 3699
0.7333, 3698
0.7337, 3697
0.7340, 3696
0.7344, 3695
0.7352, 3694
0.7355, 3693
0.7359, 3692
0.7362, 3691
0.7365, 3690
0.7369, 3689
0.7372, 3688
0.7376, 3687
0.7379, 3686
0.7383, 3685
0.7386, 3684
0.7390, 3683
0.7393, 3682
0.7397, 3681
0.7400, 3680
0.7403, 3679
0.7407, 3678
0.7410, 3677
0.7414, 3676
0.7417, 3675
0.7421, 3674
0.7424, 3673
0.7428, 3672
0.7431, 3671
0.7435, 3670
0.7438, 3669
0.7441, 3668
0.7445, 3667
0.7449, 3666
0.7452, 3665
0.7455, 3664
0.7459, 3663
0.7463, 3662
0.7466, 3661
0.7469, 3660
0.7473, 3659
0.7476, 3658
0.7480, 3657
0.7484, 3656
0.7487, 3655
0.7491, 3654
0.7494, 3653
0.7497, 3652
0.7501, 3651
0.7505, 3650
0.7508, 3649
0.7512, 3648
0.7515, 3647
0.7519, 3646
0.7523, 3645
0.7526, 3644
0.7530, 3643
0.7533, 3642
0.7536, 3641
0.7540, 3640
0.7543, 3639
0.7547, 3638
0.7551, 3637
0.7554, 3636
0.7557, 3635
0.7561, 3634
0.7565, 3633
0.7568, 3632
0.7572, 3631
0.7575, 3630
0.7579, 3629
0.7582, 3628
0.7586, 3627
0.7589, 3626
0.7592, 3625
0.7596, 3624
0.7599, 3623
0.7603, 3622
0.7607, 3621
0.7610, 3620
0.7613, 3619
0.7617, 3618
0.7620, 3617
0.7623, 3616
0.7627, 3615
0.7630, 3614
0.7634, 3613
0.7637, 3612
0.7640, 3611
0.7644, 3610
0.7647, 3609
0.7651, 3608
0.7654, 3607
0.7658, 3606
0.7661, 3605
0.7664, 3604
0.7668, 3603
0.7671, 3602
0.7674, 3601
0.7678, 3600
0.7681, 3599
0.7685, 3598
0.7689, 3597
0.7692, 3596
0.7695, 3595
0.7699, 3594
0.7702, 3593
0.7706, 3592
0.7709, 3591
0.7712, 3590
0.7715, 3589
0.7719, 3588
0.7723, 3587
0.7726, 3586
0.7730, 3585
0.7733, 3584
0.7736, 3583
0.7740, 3582
0.7743, 3581
0.7747, 3580
0.7750, 3579
0.7753, 3578
0.7757, 3577
0.7760, 3576
0.7764, 3575
0.7767, 3574
0.7771, 3573
0.7774, 3572
0.7778, 3571
0.7781, 3570
0.7784, 3569
0.7788, 3568
0.7791, 3567
0.7794, 3566
0.7798, 3565
0.7801, 3564
0.7804, 3563
0.7808, 3562
0.7811, 3561
0.7815, 3560
0.7818, 3559
0.7821, 3558
0.7825, 3557
0.7828, 3556
0.7831, 3555
0.7835, 3554
0.7838, 3553
0.7842, 3552
0.7845, 3551
0.7849, 3550
0.7853, 3549
0.7856, 3548
0.7859, 3547
0.7863, 3546
0.7866, 3545
0.7870, 3544
0.7873, 3543
0.7876, 3542
0.7880, 3541
0.7883, 3540
0.7886, 3539
0.7890, 3538
0.7894, 3537
0.7898, 3536
0.7901, 3535
0.7904, 3534
0.7908, 3533
0.7911, 3532
0.7915, 3531
0.7918, 3530
0.7921, 3529
0.7924, 3528
0.7928, 3527
0.7931, 3526
0.7935, 3525
0.7938, 3524
0.7941, 3523
0.7945, 3522
0.7948, 3521
0.7951, 3520
0.7956, 3519
0.7960, 3518
0.7963, 3517
0.7966, 3516
0.7970, 3515
0.7973, 3514
0.7976, 3513
0.7980, 3512
0.7983, 3511
0.7986, 3510
0.7990, 3509
0.7993, 3508
0.7996, 3507
0.8000, 3506
0.8003, 3505
0.8006, 3504
0.8010, 3503
0.8013, 3502
0.8016, 3501
0.8020, 3500
0.8023, 3499
0.8027, 3498
0.8030, 3497
0.8033, 3496
0.8037, 3495
0.8040, 3494
0.8044, 3493
0.8047, 3492
0.8050, 3491
0.8054, 3490
0.8058, 3489
0.8061, 3488
0.8065, 3487
0.8068, 3486
0.8071, 3485
0.8074, 3484
0.8078, 3483
0.8089, 3482
0.8093, 3481
0.8096, 3480
0.8099, 3479
0.8102, 3478
0.8106, 3477
0.8109, 3476
0.8112, 3475
0.8116, 3474
0.8119, 3473
0.8122, 3472
0.8126, 3471
0.8129, 3470
0.8132, 3469
0.8136, 3468
0.8139, 3467
0.8142, 3466
0.8146, 3465
0.8149, 3464
0.8152, 3463
0.8155, 3462
0.8159, 3461
0.8163, 3460
0.8166, 3459
0.8169, 3458
0.8172, 3457
0.8176, 3456
0.8179, 3455
0.8182, 3454
0.8186, 3453
0.8189, 3452
0.8192, 3451
0.8195, 3450
0.8199, 3449
0.8202, 3448
0.8205, 3447
0.8208, 3446
0.8211, 3445
0.8215, 3444
0.8218, 3443
0.8222, 3442
0.8225, 3441
0.8228, 3440
0.8231, 3439
0.8235, 3438
0.8238, 3437
0.8241, 3436
0.8244, 3435
0.8248, 3434
0.8251, 3433
0.8254, 3432
0.8258, 3431
0.8261, 3430
0.8264, 3429
0.8268, 3428
0.8271, 3427
0.8274, 3426
0.8278, 3425
0.8281, 3424
0.8284, 3423
0.8287, 3422
0.8291, 3421
0.8294, 3420
0.8297, 3419
0.8300, 3418
0.8303, 3417
0.8307, 3416
0.8311, 3415
0.8314, 3414
0.8317, 3413
0.8320, 3412
0.8323, 3411
0.8326, 3410
0.8330, 3409
0.8333, 3408
0.8336, 3407
0.8339, 3406
0.8342, 3405
0.8345, 3404
0.8349, 3403
0.8352, 3402
0.8355, 3401
0.8359, 3400
0.8362, 3399
0.8365, 3398
0.8368, 3397
0.8372, 3396
0.8375, 3395
0.8379, 3394
0.8382, 3393
0.8386, 3392
0.8389, 3391
0.8392, 3390
0.8396, 3389
0.8399, 3388
0.8402, 3387
0.8406, 3386
0.8409, 3385
0.8412, 3384
0.8416, 3383
0.8419, 3382
0.8422, 3381
0.8426, 3380
0.8429, 3379
0.8433, 3378
0.8436, 3377
0.8439, 3376
0.8442, 3375
0.8446, 3374
0.8449, 3373
0.8452, 3372
0.8456, 3371
0.8459, 3370
0.8462, 3369
0.8466, 3368
0.8469, 3367
0.8472, 3366
0.8475, 3365
0.8478, 3364
0.8482, 3363
0.8485, 3362
0.8488, 3361
0.8491, 3360
0.8495, 3359
0.8498, 3358
0.8501, 3357
0.8505, 3356
0.8508, 3355
0.8511, 3354
0.8514, 3353
0.8518, 3352
0.8521, 3351
0.8524, 3350
0.8528, 3349
0.8531, 3348
0.8534, 3347
0.8538, 3346
0.8541, 3345
0.8544, 3344
0.8547, 3343
0.8551, 3342
0.8554, 3341
0.8557, 3340
0.8560, 3339
0.8563, 3338
0.8567, 3337
0.8570, 3336
0.8573, 3335
0.8577, 3334
0.8580, 3333
0.8583, 3332
0.8586, 3331
0.8589, 3330
0.8593, 3329
0.8596, 3328
0.8599, 3327
0.8603, 3326
0.8606, 3325
0.8609, 3324
0.8612, 3323
0.8615, 3322
0.8618, 3321
0.8622, 3320
0.8625, 3319
0.8629, 3318
0.8632, 3317
0.8636, 3316
0.8639, 3315
0.8643, 3314
0.8646, 3313
0.8650, 3312
0.8653, 3311
0.8656, 3310
0.8659, 3309
0.8663, 3308
0.8666, 3307
0.8670, 3306
0.8673, 3305
0.8677, 3304
0.8680, 3303
0.8683, 3302
0.8687, 3301
0.8691, 3300
0.8694, 3299
0.8697, 3298
0.8700, 3297
0.8703, 3296
0.8707, 3295
0.8711, 3294
0.8714, 3293
0.8718, 3292
0.8721, 3291
0.8724, 3290
0.8727, 3289
0.8730, 3288
0.8734, 3287
0.8737, 3286
0.8740, 3285
0.8744, 3284
0.8747, 3283
0.8751, 3282
0.8754, 3281
0.8758, 3280
0.8761, 3279
0.8764, 3278
0.8768, 3277
0.8771, 3276
0.8774, 3275
0.8778, 3274
0.8782, 3273
0.8785, 3272
0.8788, 3271
0.8791, 3270
0.8795, 3269
0.8798, 3268
0.8802, 3267
0.8805, 3266
0.8808, 3265
0.8811, 3264
0.8814, 3263
0.8818, 3262
0.8821, 3261
0.8825, 3260
0.8828, 3259
0.8832, 3258
0.8835, 3257
0.8838, 3256
0.8841, 3255
0.8845, 3254
0.8848, 3253
0.8851, 3252
0.8855, 3251
0.8858, 3250
0.8861, 3249
0.8864, 3248
0.8868, 3247
0.8871, 3246
0.8874, 3245
0.8878, 3244
0.8881, 3243
0.8884, 3242
0.8888, 3241
0.8891, 3240
0.8894, 3239
0.8898, 3238
0.8901, 3237
0.8904, 3236
0.8907, 3235
0.8910, 3234
0.8913, 3233
0.8917, 3232
0.8920, 3231
0.8924, 3230
0.8927, 3229
0.8930, 3228
0.8933, 3227
0.8937, 3226
0.8941, 3225
0.8944, 3224
0.8947, 3223
0.8950, 3222
0.8953, 3221
0.8957, 3220
0.8960, 3219
0.8963, 3218
0.8966, 3217
0.8969, 3216
0.8973, 3215
0.8976, 3214
0.8979, 3213
0.8982, 3212
0.8985, 3211
0.8988, 3210
0.8992, 3209
0.8995, 3208
0.8999, 3207
0.9003, 3206
0.9006, 3205
0.9010, 3204
0.9013, 3203
0.9016, 3202
0.9020, 3201
0.9023, 3200
0.9026, 3199
0.9030, 3198
0.9033, 3197
0.9036, 3196
0.9040, 3195
0.9043, 3194
0.9046, 3193
0.9050, 3192
0.9053, 3191
0.9057, 3190
0.9060, 3189
0.9063, 3188
0.9066, 3187
0.9070, 3186
0.9073, 3185
0.9076, 3184
0.9080, 3183
0.9083, 3182
0.9086, 3181
0.9089, 3180
0.9092, 3179
0.9095, 3178
0.9098, 3177
0.9101, 3176
0.9104, 3175
0.9108, 3174
0.9112, 3173
0.9115, 3172
0.9118, 3171
0.9121, 3170
0.9124, 3169
0.9128, 3168
0.9131, 3167
0.9134, 3166
0.9137, 3165
0.9140, 3164
0.9143, 3163
0.9146, 3162
0.9149, 3161
0.9153, 3160
0.9156, 3159
0.9159, 3158
0.9162, 3157
0.9165, 3156
0.9169, 3155
0.9172, 3154
0.9175, 3153
0.9178, 3152
0.9181, 3151
0.9184, 3150
0.9187, 3149
0.9190, 3148
0.9193, 3147
0.9196, 3146
0.9216, 3145
0.9219, 3144
0.9222, 3143
0.9225, 3142
0.9229, 3141
0.9232, 3140
0.9236, 3139
0.9240, 3138
0.9243, 3137
0.9246, 3136
0.9249, 3135
0.9252, 3134
0.9256, 3133
0.9259, 3132
0.9262, 3131
0.9265, 3130
0.9269, 3129
0.9272, 3128
0.9275, 3127
0.9279, 3126
0.9282, 3125
0.9285, 3124
0.9288, 3123
0.9291, 3122
0.9294, 3121
0.9297, 3120
0.9300, 3119
0.9303, 3118
0.9306, 3117
0.9309, 3116
0.9312, 3115
0.9315, 3114
0.9319, 3113
0.9322, 3112
0.9325, 3111
0.9328, 3110
0.9331, 3109
0.9334, 3108
0.9337, 3107
0.9340, 3106
0.9343, 3105
0.9346, 3104
0.9349, 3103
0.9352, 3102
0.9355, 3101
0.9358, 3100
0.9362, 3099
0.9365, 3098
0.9368, 3097
0.9371, 3096
0.9374, 3095
0.9377, 3094
0.9381, 3093
0.9384, 3092
0.9387, 3091
0.9390, 3090
0.9393, 3089
0.9396, 3088
0.9399, 3087
0.9402, 3086
0.9405, 3085
0.9408, 3084
0.9411, 3083
0.9414, 3082
0.9417, 3081
0.9420, 3080
0.9424, 3079
0.9427, 3078
0.9430, 3077
0.9433, 3076
0.9436, 3075
0.9440, 3074
0.9443, 3073
0.9446, 3072
0.9449, 3071
0.9452, 3070
0.9455, 3069
0.9458, 3068
0.9461, 3067
0.9464, 3066
0.9467, 3065
0.9470, 3064
0.9473, 3063
0.9476, 3062
0.9479, 3061
0.9482, 3060
0.9485, 3059
0.9488, 3058
0.9491, 3057
0.9493, 3056
0.9496, 3055
0.9500, 3054
0.9503, 3053
0.9506, 3052
0.9509, 3051
0.9523, 3050
0.9527, 3049
0.9530, 3048
0.9534, 3047
0.9537, 3046
0.9540, 3045
0.9543, 3044
0.9546, 3043
0.9549, 3042
0.9552, 3041
0.9555, 3040
0.9558, 3039
0.9561, 3038
0.9564, 3037
0.9567, 3036
0.9570, 3035
0.9572, 3034
0.9575, 3033
0.9578, 3032
0.9581, 3031
0.9584, 3030
0.9587, 3029
0.9590, 3028
0.9593, 3027
0.9596, 3026
0.9600, 3025
0.9603, 3024
0.9606, 3023
0.9609, 3022
0.9612, 3021
0.9615, 3020
0.9618, 3019
0.9621, 3018
0.9623, 3017
0.9626, 3016
0.9629, 3015
0.9632, 3014
0.9635, 3013
0.9639, 3012
0.9642, 3011
0.9645, 3010
0.9648, 3009
0.9651, 3008
0.9654, 3007
0.9657, 3006
0.9660, 3005
0.9662, 3004
0.9665, 3003
0.9668, 3002
0.9671, 3001
0.9674, 3000
0.9677, 2999
0.9680, 2998
0.9683, 2997
0.9686, 2996
0.9689, 2995
0.9692, 2994
0.9695, 2993
0.9698, 2992
0.9701, 2991
0.9704, 2990
0.9707, 2989
0.9709, 2988
0.9712, 2987
0.9715, 2986
0.9718, 2985
0.9722, 2984
0.9725, 2983
0.9728, 2982
0.9731, 2981
0.9734, 2980
0.9737, 2979
0.9740, 2978
0.9743, 2977
0.9746, 2976
0.9748, 2975
0.9752, 2974
0.9755, 2973
0.9757, 2972
0.9761, 2971
0.9764, 2970
0.9767, 2969
0.9770, 2968
0.9773, 2967
0.9776, 2966
0.9779, 2965
0.9782, 2964
0.9785, 2963
0.9788, 2962
0.9790, 2961
0.9793, 2960
0.9796, 2959
0.9799, 2958
0.9803, 2957
0.9806, 2956
0.9809, 2955
0.9812, 2954
0.9815, 2953
0.9818, 2952
0.9822, 2951
0.9825, 2950
0.9828, 2949
0.9830, 2948
0.9834, 2947
0.9837, 2946
0.9840, 2945
0.9842, 2944
0.9845, 2943
0.9848, 2942
0.9851, 2941
0.9854, 2940
0.9857, 2939
0.9860, 2938
0.9863, 2937
0.9867, 2936
0.9870, 2935
0.9873, 2934
0.9876, 2933
0.9879, 2932
0.9882, 2931
0.9885, 2930
0.9888, 2929
0.9892, 2928
0.9895, 2927
0.9898, 2926
0.9901, 2925
0.9904, 2924
0.9908, 2923
0.9911, 2922
0.9914, 2921
0.9917, 2920
0.9920, 2919
0.9923, 2918
0.9927, 2917
0.9930, 2916
0.9933, 2915
0.9936, 2914
0.9940, 2913
0.9943, 2912
0.9946, 2911
0.9949, 2910
0.9952, 2909
0.9956, 2908
0.9959, 2907
0.9962, 2906
0.9965, 2905
0.9968, 2904
0.9971, 2903
0.9974, 2902
0.9977, 2901
0.9980, 2900
0.9983, 2899
0.9986, 2898
0.9989, 2897
0.9992, 2896
0.9995, 2895
0.9998, 2894
1.0001, 2893
1.0004, 2892
1.0007, 2891
1.0011, 2890
1.0014, 2889
1.0017, 2888
1.0020, 2887
1.0023, 2886
1.0026, 2885
1.0029, 2884
1.0033, 2883
1.0036, 2882
1.0038, 2881
1.0042, 2880
1.0045, 2879
1.0048, 2878
1.0051, 2877
1.0054, 2876
1.0057, 2875
1.0060, 2874
1.0063, 2873
1.0067, 2872
1.0070, 2871
1.0073, 2870
1.0076, 2869
1.0079, 2868
1.0081, 2867
1.0084, 2866
1.0088, 2865
1.0090, 2864
1.0093, 2863
1.0096, 2862
1.0099, 2861
1.0102, 2860
1.0105, 2859
1.0108, 2858
1.0111, 2857
1.0114, 2856
1.0117, 2855
1.0119, 2854
1.0122, 2853
1.0125, 2852
1.0128, 2851
1.0131, 2850
1.0134, 2849
1.0136, 2848
1.0139, 2847
1.0142, 2846
1.0145, 2845
1.0148, 2844
1.0151, 2843
1.0154, 2842
1.0157, 2841
1.0160, 2840
1.0163, 2839
1.0166, 2838
1.0168, 2837
1.0171, 2836
1.0174, 2835
1.0177, 2834
1.0180, 2833
1.0183, 2832
1.0186, 2831
1.0189, 2830
1.0192, 2829
1.0195, 2828
1.0198, 2827
1.0200, 2826
1.0203, 2825
1.0206, 2824
1.0209, 2823
1.0212, 2822
1.0215, 2821
1.0218, 2820
1.0221, 2819
1.0224, 2818
1.0227, 2817
1.0230, 2816
1.0232, 2815
1.0235, 2814
1.0238, 2813
1.0241, 2812
1.0244, 2811
1.0247, 2810
1.0249, 2809
1.0252, 2808
1.0255, 2807
1.0259, 2806
1.0262, 2805
1.0264, 2804
1.0267, 2803
1.0270, 2802
1.0273, 2801
1.0276, 2800
1.0279, 2799
1.0282, 2798
1.0285, 2797
1.0288, 2796
1.0291, 2795
1.0294, 2794
1.0297, 2793
1.0300, 2792
1.0303, 2791
1.0306, 2790
1.0308, 2789
1.0311, 2788
1.0314, 2787
1.0317, 2786
1.0320, 2785
1.0322, 2784
1.0325, 2783
1.0328, 2782
1.0330, 2781
1.0333, 2780
1.0336, 2779
1.0338, 2778
1.0341, 2777
1.0344, 2776
1.0347, 2775
1.0350, 2774
1.0352, 2773
1.0355, 2772
1.0358, 2771
1.0361, 2770
1.0363, 2769
1.0366, 2768
1.0369, 2767
1.0372, 2766
1.0374, 2765
1.0377, 2764
1.0380, 2763
1.0383, 2762
1.0385, 2761
1.0388, 2760
1.0390, 2759
1.0393, 2758
1.0396, 2757
1.0398, 2756
1.0401, 2755
1.0404, 2754
1.0406, 2753
1.0409, 2752
1.0412, 2751
1.0415, 2750
1.0418, 2749
1.0420, 2748
1.0423, 2747
1.0426, 2746
1.0429, 2745
1.0432, 2744
1.0435, 2743
1.0438, 2742
1.0440, 2741
1.0443, 2740
1.0446, 2739
1.0450, 2738
1.0453, 2737
1.0456, 2736
1.0459, 2735
1.0461, 2734
1.0464, 2733
1.0467, 2732
1.0470, 2731
1.0473, 2730
1.0475, 2729
1.0478, 2728
1.0481, 2727
1.0484, 2726
1.0486, 2725
1.0489, 2724
1.0492, 2723
1.0495, 2722
1.0497, 2721
1.0500, 2720
1.0503, 2719
1.0505, 2718
1.0508, 2717
1.0511, 2716
1.0514, 2715
1.0516, 2714
1.0519, 2713
1.0522, 2712
1.0525, 2711
1.0528, 2710
1.0530, 2709
1.0533, 2708
1.0535, 2707
1.0538, 2706
1.0540, 2705
1.0543, 2704
1.0546, 2703
1.0549, 2702
1.0551, 2701
1.0554, 2700
1.0557, 2699
1.0559, 2698
1.0562, 2697
1.0565, 2696
1.0567, 2695
1.0570, 2694
1.0572, 2693
1.0575, 2692
1.0578, 2691
1.0581, 2690
1.0583, 2689
1.0586, 2688
1.0589, 2687
1.0592, 2686
1.0594, 2685
1.0597, 2684
1.0600, 2683
1.0602, 2682
1.0605, 2681
1.0608, 2680
1.0610, 2679
1.0613, 2678
1.0616, 2677
1.0618, 2676
1.0621, 2675
1.0624, 2674
1.0627, 2673
1.0630, 2672
1.0633, 2671
1.0637, 2670
1.0640, 2669
1.0642, 2668
1.0645, 2667
1.0647, 2666
1.0650, 2665
1.0653, 2664
1.0655, 2663
1.0658, 2662
1.0661, 2661
1.0664, 2660
1.0666, 2659
1.0669, 2658
1.0672, 2657
1.0675, 2656
1.0677, 2655
1.0680, 2654
1.0683, 2653
1.0685, 2652
1.0688, 2651
1.0691, 2650
1.0694, 2649
1.0696, 2648
1.0699, 2647
1.0702, 2646
1.0705, 2645
1.0707, 2644
1.0710, 2643
1.0713, 2642
1.0715, 2641
1.0718, 2640
1.0721, 2639
1.0723, 2638
1.0726, 2637
1.0728, 2636
1.0731, 2635
1.0733, 2634
1.0736, 2633
1.0738, 2632
1.0741, 2631
1.0743, 2630
1.0746, 2629
1.0749, 2628
1.0752, 2627
1.0754, 2626
1.0757, 2625
1.0759, 2624
1.0762, 2623
1.0765, 2622
1.0767, 2621
1.0770, 2620
1.0773, 2619
1.0775, 2618
1.0778, 2617
1.0781, 2616
1.0784, 2615
1.0786, 2614
1.0789, 2613
1.0792, 2612
1.0794, 2611
1.0797, 2610
1.0800, 2609
1.0802, 2608
1.0805, 2607
1.0808, 2606
1.0811, 2605
1.0814, 2604
1.0817, 2603
1.0819, 2602
1.0822, 2601
1.0825, 2600
1.0830, 2599
1.0835, 2598
1.0837, 2597
1.0840, 2596
1.0843, 2595
1.0846, 2594
1.0848, 2593
1.0851, 2592
1.0854, 2591
1.0857, 2590
1.0860, 2589
1.0863, 2588
1.0865, 2587
1.0868, 2586
1.0871, 2585
1.0873, 2584
1.0876, 2583
1.0879, 2582
1.0881, 2581
1.0884, 2580
1.0887, 2579
1.0890, 2578
1.0893, 2577
1.0895, 2576
1.0898, 2575
1.0901, 2574
1.0904, 2573
1.0907, 2572
1.0909, 2571
1.0912, 2570
1.0915, 2569
1.0918, 2568
1.0989, 2567
1.1058, 2566
1.1060, 2565
1.1062, 2564
1.1217, 2563
1.1219, 2562
1.1315, 2561
1.1317, 2560
1.1494, 2559
1.1585, 2558
1.1676, 2557
1.1920, 2556
1.1968, 2555
1.2037, 2554
1.2204, 2553
1.2229, 2552
1.2231, 2551
1.2300, 2550
1.2437, 2549
1.2439, 2548
1.2442, 2547
1.2532, 2546
1.2534, 2545
1.2648, 2544
1.2739, 2543
1.2742, 2542
1.2766, 2541
1.2769, 2540
1.2771, 2539
1.2844, 2538
1.2915, 2537
1.2917, 2536
1.3076, 2535
1.3167, 2534
1.3262, 2533
1.3264, 2532
1.3359, 2531
1.3478, 2530
1.3481, 2529
1.3483, 2528
1.3596, 2527
1.3688, 2526
1.3824, 2525
1.3827, 2524
1.3851, 2523
1.3854, 2522
1.3945, 2521
1.3991, 2520
1.3994, 2519
1.4041, 2518
1.4087, 2517
1.4112, 2516
1.4137, 2515
1.4206, 2514
1.4209, 2513
1.4278, 2512
1.4281, 2511
1.4283, 2510
1.4373, 2509
1.5178, 2508
1.5338, 2507
1.5340, 2506
1.5634, 2505
1.5770, 2504
1.5817, 2503
1.5974, 2502
1.5976, 2501
1.6177, 2500
1.6358, 2499
1.6361, 2498
1.6562, 2497
1.6744, 2496
1.6790, 2495
1.6883, 2494
1.6977, 2493
1.7024, 2492
1.7027, 2491
1.7073, 2490
1.7143, 2489
1.7235, 2488
1.7329, 2487
1.7354, 2486
1.7402, 2485
1.7404, 2484
1.7406, 2483
1.7409, 2482
1.7411, 2481
1.7503, 2480
1.7505, 2479
1.7508, 2478
1.7646, 2477
1.7648, 2476
1.7650, 2475
1.7874, 2474
1.7919, 2473
1.8027, 2472
1.8092, 2471
1.8137, 2470
1.8181, 2469
1.8225, 2468
1.8228, 2467
1.8230, 2466
1.8232, 2465
1.8402, 2464
1.8531, 2463
1.8596, 2462
1.8598, 2461
1.8601, 2460
1.8603, 2459
1.8753, 2458
1.9028, 2457
1.9115, 2456
1.9180, 2455
1.9182, 2454
1.9290, 2453
1.9292, 2452
1.9294, 2451
1.9338, 2450
1.9403, 2449
1.9405, 2448
1.9595, 2447
1.9722, 2446
1.9807, 2445
1.9831, 2444
1.9919, 2443
2.0071, 2442
2.0355, 2441
2.0421, 2440
2.0486, 2439
2.0550, 2438
2.0802, 2437
2.0992, 2436
2.1078, 2435
2.1101, 2434
2.1310, 2433
2.1396, 2432
2.1482, 2431
2.1611, 2430
2.1845, 2429
2.1890, 2428
2.2081, 2427
2.2146, 2426
2.2169, 2425
2.2527, 2424
2.2594, 2423
2.2893, 2422
2.2895, 2421
2.2897, 2420
2.3110, 2419
2.3218, 2418
2.3220, 2417
2.3372, 2416
2.3484, 2415
2.3719, 2414
2.3721, 2413
2.3933, 2412
2.4019, 2411
2.4167, 2410
2.4252, 2409
2.4399, 2408
2.4402, 2407
2.4404, 2406
2.4427, 2405
2.4429, 2404
2.4514, 2403
2.4517, 2402
2.4560, 2401
2.4563, 2400
2.4565, 2399
2.4672, 2398
2.4819, 2397
2.4842, 2396
2.4928, 2395
2.5015, 2394
2.5017, 2393
2.5040, 2392
2.5042, 2391
2.5107, 2390
2.5194, 2389
2.5196, 2388
2.5240, 2387
2.5242, 2386
2.5349, 2385
2.5539, 2384
2.5563, 2383
2.5607, 2382
2.5609, 2381
2.5674, 2380
2.5676, 2379
2.5762, 2378
2.5764, 2377
2.5766, 2376
2.5810, 2375
2.5812, 2374
2.5898, 2373
2.5900, 2372
2.5925, 2371
2.5970, 2370
2.5972, 2369
2.5975, 2368
2.6166, 2367
2.6169, 2366
2.6213, 2365
2.6259, 2364
2.6262, 2363
2.6264, 2362
2.6350, 2361
2.6353, 2360
2.6355, 2359
2.6357, 2358
2.6360, 2357
2.6362, 2356
2.6595, 2355
2.6597, 2354
2.6620, 2353
2.6623, 2352
2.6687, 2351
2.6732, 2350
2.6734, 2349
2.6736, 2348
2.6738, 2347
2.6803, 2346
2.6971, 2345
2.7015, 2344
2.7099, 2343
2.7144, 2342
2.7167, 2341
2.7314, 2340
2.7420, 2339
2.7567, 2338
2.7755, 2337
2.7757, 2336
2.7759, 2335
2.7906, 2334
2.7970, 2333
2.7972, 2332
2.8016, 2331
2.8164, 2330
2.8456, 2329
2.8458, 2328
2.8460, 2327
2.8462, 2326
2.8547, 2325
2.8549, 2324
2.8637, 2323
2.8639, 2322
2.8998, 2321
2.9000, 2320
2.9993, 2319
3.0016, 2318
3.0039, 2317
3.0083, 2316
3.0085, 2315
3.0107, 2314
3.0150, 2313
3.0152, 2312
3.0195, 2311
3.0342, 2310
3.0385, 2309
3.0490, 2308
3.0492, 2307
3.0494, 2306
3.0538, 2305
3.0540, 2304
3.0665, 2303
3.0708, 2302
3.0772, 2301
3.0774, 2300
3.0797, 2299
3.0881, 2298
3.0946, 2297
3.0948, 2296
3.0991, 2295
3.1035, 2294
3.1037, 2293
3.1060, 2292
3.1147, 2291
3.1191, 2290
3.1320, 2289
3.1385, 2288
3.1492, 2287
3.1494, 2286
3.1560, 2285
3.1605, 2284
3.1629, 2283
3.1631, 2282
3.1763, 2281
3.1909, 2280
3.1994, 2279
3.2223, 2278
3.2308, 2277
3.2352, 2276
3.2706, 2275
3.2750, 2274
3.2752, 2273
3.2754, 2272
3.2756, 2271
3.2800, 2270
3.2802, 2269
3.2866, 2268
3.2951, 2267
3.2953, 2266
3.2955, 2265
3.3061, 2264
3.3228, 2263
3.3313, 2262
3.3398, 2261
3.3461, 2260
3.3464, 2259
3.3610, 2258
3.3674, 2257
3.3718, 2256
3.3782, 2255
3.3784, 2254
3.3890, 2253
3.3892, 2252
3.3937, 2251
3.4170, 2250
3.4173, 2249
3.4236, 2248
3.4322, 2247
3.4366, 2246
3.4430, 2245
3.4453, 2244
3.4455, 2243
3.4601, 2242
3.4665, 2241
3.4770, 2240
3.4854, 2239
3.4856, 2238
3.5022, 2237
3.5025, 2236
3.5170, 2235
3.5212, 2234
3.5337, 2233
3.5340, 2232
3.5403, 2231
3.5405, 2230
3.5447, 2229
3.5755, 2228
3.5798, 2227
3.5861, 2226
3.6070, 2225
3.6154, 2224
3.6400, 2223
3.8021, 2222
3.8453, 2221
3.8682, 2220
3.8745, 2219
3.8952, 2218
3.9410, 2217
4.0036, 2216
4.0780, 2215
4.1504, 2214
4.1630, 2213
4.3717, 2212
