0.6793, 3931
0.6796, 3930
0.6800, 3929
0.6803, 3928
0.6806, 3927
0.6810, 3926
0.6813, 3925
0.6817, 3924
0.6820, 3923
0.6824, 3922
0.6827, 3921
0.6830, 3920
0.6834, 3919
0.6837, 3918
0.6841, 3917
0.6844, 3916
0.6847, 3915
0.6851, 3914
0.6854, 3913
0.6858, 3912
0.6861, 3911
0.6864, 3910
0.6868, 3909
0.6871, 3908
0.6874, 3907
0.6878, 3906
0.6881, 3905
0.6884, 3904
0.6888, 3903
0.6891, 3902
0.6894, 3901
0.6898, 3900
0.6901, 3899
0.6904, 3898
0.6908, 3897
0.6911, 3896
0.6914, 3895
0.6918, 3894
0.6921, 3893
0.6925, 3892
0.6928, 3891
0.6931, 3890
0.6934, 3889
0.6938, 3888
0.6941, 3887
0.6944, 3886
0.6948, 3885
0.6951, 3884
0.6955, 3883
0.6958, 3882
0.6961, 3881
0.6965, 3880
0.6968, 3879
0.6972, 3878
0.6975, 3877
0.6978, 3876
0.6982, 3875
0.6985, 3874
0.6989, 3873
0.6992, 3872
0.6995, 3871
0.6999, 3870
0.7002, 3869
0.7006, 3868
0.7010, 3867
0.7013, 3866
0.7017, 3865
0.7020, 3864
0.7024, 3863
0.7027, 3862
0.7031, 3861
0.7034, 3860
0.7037, 3859
0.7040, 3858
0.7044, 3857
0.7047, 3856
0.7051, 3855
0.7054, 3854
0.7057, 3853
0.7061, 3852
0.7064, 3851
0.7067, 3850
0.7071, 3849
0.7074, 3848
0.7077, 3847
0.7081, 3846
0.7084, 3845
0.7087, 3844
0.7091, 3843
0.7094, 3842
0.7097, 3841
0.7100, 3840
0.7104, 3839
0.7107, 3838
0.7110, 3837
0.7114, 3836
0.7117, 3835
0.7120, 3834
0.7124, 3833
0.7127, 3832
0.7131, 3831
0.7134, 3830
0.7137, 3829
0.7141, 3828
0.7144, 3827
0.7147, 3826
0.7151, 3825
0.7155, 3824
0.7158, 3823
0.7162, 3822
0.7165, 3821
0.7168, 3820
0.7172, 3819
0.7175, 3818
0.7179, 3817
0.7182, 3816
0.7185, 3815
0.7189, 3814
0.7192, 3813
0.7196, 3812
0.7199, 3811
0.7202, 3810
0.7206, 3809
0.7209, 3808
0.7212, 3807
0.7216, 3806
0.7219, 3805
0.7222, 3804
0.7226, 3803
0.7229, 3802
0.7233, 3801
0.7236, 3800
0.7239, 3799
0.7242, 3798
0.7246, 3797
0.7249, 3796
0.7253, 3795
0.7256, 3794
0.7259, 3793
0.7263, 3792
0.7266, 3791
0.7269, 3790
0.7273, 3789
0.7276, 3788
0.7280, 3787
0.7283, 3786
0.7287, 3785
0.7290, 3784
0.7293, 3783
0.7297, 3782
0.7300, 3781
0.7303, 3780
0.7307, 3779
0.7310, 3778
0.7313, 3777
0.7317, 3776
0.7320, 3775
0.7323, 3774
0.7327, 3773
0.7330, 3772
0.7334, 3771
0.7337, 3770
0.7341, 3769
0.7344, 3768
0.7348, 3767
0.7351, 3766
0.7354, 3765
0.7358, 3764
0.7361, 3763
0.7364, 3762
0.7368, 3761
0.7371, 3760
0.7375, 3759
0.7378, 3758
0.7381, 3757
0.7384, 3756
0.7388, 3755
0.7391, 3754
0.7394, 3753
0.7398, 3752
0.7401, 3751
0.7405, 3750
0.7408, 3749
0.7411, 3748
0.7415, 3747
0.7418, 3746
0.7421, 3745
0.7424, 3744
0.7428, 3743
0.7431, 3742
0.7434, 3741
0.7438, 3740
0.7441, 3739
0.7445, 3738
0.7448, 3737
0.7452, 3736
0.7455, 3735
0.7458, 3734
0.7462, 3733
0.7465, 3732
0.7468, 3731
0.7472, 3730
0.7475, 3729
0.7478, 3728
0.7481, 3727
0.7485, 3726
0.7488, 3725
0.7492, 3724
0.7495, 3723
0.7499, 3722
0.7502, 3721
0.7505, 3720
0.7509, 3719
0.7512, 3718
0.7515, 3717
0.7519, 3716
0.7522, 3715
0.7525, 3714
0.7529, 3713
0.7532, 3712
0.7536, 3711
0.7540, 3710
0.7543, 3709
0.7546, 3708
0.7550, 3707
0.7553, 3706
0.7557, 3705
0.7560, 3704
0.7564, 3703
0.7567, 3702
0.7570, 3701
0.7574, 3700
0.7577, 3699
0.7580, 3698
0.7584, 3697
0.7587, 3696
0.7590, 3695
0.7594, 3694
0.7597, 3693
0.7600, 3692
0.7604, 3691
0.7607, 3690
0.7610, 3689
0.7613, 3688
0.7617, 3687
0.7620, 3686
0.7623, 3685
0.7627, 3684
0.7630, 3683
0.7633, 3682
0.7636, 3681
0.7640, 3680
0.7643, 3679
0.7646, 3678
0.7650, 3677
0.7653, 3676
0.7656, 3675
0.7659, 3674
0.7663, 3673
0.7666, 3672
0.7670, 3671
0.7673, 3670
0.7676, 3669
0.7680, 3668
0.7683, 3667
0.7686, 3666
0.7690, 3665
0.7693, 3664
0.7696, 3663
0.7699, 3662
0.7703, 3661
0.7706, 3660
0.7709, 3659
0.7713, 3658
0.7716, 3657
0.7719, 3656
0.7722, 3655
0.7726, 3654
0.7729, 3653
0.7732, 3652
0.7735, 3651
0.7739, 3650
0.7742, 3649
0.7745, 3648
0.7748, 3647
0.7752, 3646
0.7755, 3645
0.7759, 3644
0.7762, 3643
0.7765, 3642
0.7768, 3641
0.7771, 3640
0.7775, 3639
0.7778, 3638
0.7781, 3637
0.7785, 3636
0.7788, 3635
0.7791, 3634
0.7795, 3633
0.7798, 3632
0.7801, 3631
0.7805, 3630
0.7808, 3629
0.7811, 3628
0.7814, 3627
0.7818, 3626
0.7821, 3625
0.7824, 3624
0.7828, 3623
0.7831, 3622
0.7834, 3621
0.7838, 3620
0.7841, 3619
0.7844, 3618
0.7847, 3617
0.7850, 3616
0.7854, 3615
0.7857, 3614
0.7860, 3613
0.7863, 3612
0.7867, 3611
0.7870, 3610
0.7873, 3609
0.7876, 3608
0.7880, 3607
0.7883, 3606
0.7886, 3605
0.7889, 3604
0.7892, 3603
0.7896, 3602
0.7899, 3601
0.7902, 3600
0.7906, 3599
0.7909, 3598
0.7912, 3597
0.7915, 3596
0.7919, 3595
0.7922, 3594
0.7925, 3593
0.7928, 3592
0.7932, 3591
0.7935, 3590
0.7938, 3589
0.7941, 3588
0.7945, 3587
0.7948, 3586
0.7951, 3585
0.7954, 3584
0.7958, 3583
0.7961, 3582
0.7964, 3581
0.7967, 3580
0.7970, 3579
0.7974, 3578
0.7977, 3577
0.7980, 3576
0.7984, 3575
0.7987, 3574
0.7990, 3573
0.7994, 3572
0.7997, 3571
0.8000, 3570
0.8003, 3569
0.8006, 3568
0.8010, 3567
0.8013, 3566
0.8016, 3565
0.8019, 3564
0.8022, 3563
0.8026, 3562
0.8029, 3561
0.8032, 3560
0.8035, 3559
0.8038, 3558
0.8042, 3557
0.8045, 3556
0.8048, 3555
0.8051, 3554
0.8054, 3553
0.8058, 3552
0.8061, 3551
0.8064, 3550
0.8067, 3549
0.8070, 3548
0.8074, 3547
0.8077, 3546
0.8080, 3545
0.8083, 3544
0.8086, 3543
0.8090, 3542
0.8093, 3541
0.8096, 3540
0.8100, 3539
0.8103, 3538
0.8107, 3537
0.8110, 3536
0.8113, 3535
0.8116, 3534
0.8119, 3533
0.8123, 3532
0.8126, 3531
0.8129, 3530
0.8132, 3529
0.8135, 3528
0.8138, 3527
0.8142, 3526
0.8145, 3525
0.8148, 3524
0.8151, 3523
0.8155, 3522
0.8158, 3521
0.8161, 3520
0.8164, 3519
0.8167, 3518
0.8171, 3517
0.8174, 3516
0.8177, 3515
0.8180, 3514
0.8183, 3513
0.8186, 3512
0.8190, 3511
0.8193, 3510
0.8196, 3509
0.8199, 3508
0.8202, 3507
0.8205, 3506
0.8209, 3505
0.8212, 3504
0.8215, 3503
0.8218, 3502
0.8221, 3501
0.8224, 3500
0.8228, 3499
0.8231, 3498
0.8234, 3497
0.8237, 3496
0.8240, 3495
0.8244, 3494
0.8247, 3493
0.8250, 3492
0.8253, 3491
0.8256, 3490
0.8259, 3489
0.8263, 3488
0.8266, 3487
0.8269, 3486
0.8272, 3485
0.8275, 3484
0.8278, 3483
0.8281, 3482
0.8285, 3481
0.8288, 3480
0.8291, 3479
0.8294, 3478
0.8297, 3477
0.8300, 3476
0.8303, 3475
0.8307, 3474
0.8310, 3473
0.8313, 3472
0.8316, 3471
0.8319, 3470
0.8322, 3469
0.8325, 3468
0.8328, 3467
0.8331, 3466
0.8334, 3465
0.8338, 3464
0.8341, 3463
0.8344, 3462
0.8347, 3461
0.8350, 3460
0.8353, 3459
0.8356, 3458
0.8359, 3457
0.8363, 3456
0.8366, 3455
0.8369, 3454
0.8372, 3453
0.8375, 3452
0.8378, 3451
0.8381, 3450
0.8385, 3449
0.8388, 3448
0.8391, 3447
0.8394, 3446
0.8398, 3445
0.8401, 3444
0.8404, 3443
0.8407, 3442
0.8411, 3441
0.8414, 3440
0.8417, 3439
0.8420, 3438
0.8423, 3437
0.8426, 3436
0.8429, 3435
0.8432, 3434
0.8435, 3433
0.8438, 3432
0.8441, 3431
0.8445, 3430
0.8448, 3429
0.8451, 3428
0.8454, 3427
0.8457, 3426
0.8460, 3425
0.8463, 3424
0.8467, 3423
0.8470, 3422
0.8473, 3421
0.8476, 3420
0.8479, 3419
0.8482, 3418
0.8485, 3417
0.8489, 3416
0.8492, 3415
0.8495, 3414
0.8498, 3413
0.8501, 3412
0.8504, 3411
0.8507, 3410
0.8510, 3409
0.8513, 3408
0.8516, 3407
0.8519, 3406
0.8522, 3405
0.8526, 3404
0.8529, 3403
0.8532, 3402
0.8535, 3401
0.8538, 3400
0.8541, 3399
0.8544, 3398
0.8547, 3397
0.8550, 3396
0.8553, 3395
0.8555, 3394
0.8558, 3393
0.8562, 3392
0.8565, 3391
0.8568, 3390
0.8571, 3389
0.8574, 3388
0.8577, 3387
0.8580, 3386
0.8583, 3385
0.8586, 3384
0.8589, 3383
0.8593, 3382
0.8596, 3381
0.8599, 3380
0.8602, 3379
0.8605, 3378
0.8608, 3377
0.8611, 3376
0.8614, 3375
0.8618, 3374
0.8621, 3373
0.8624, 3372
0.8627, 3371
0.8630, 3370
0.8633, 3369
0.8637, 3368
0.8640, 3367
0.8643, 3366
0.8646, 3365
0.8649, 3364
0.8652, 3363
0.8655, 3362
0.8658, 3361
0.8661, 3360
0.8665, 3359
0.8668, 3358
0.8671, 3357
0.8674, 3356
0.8677, 3355
0.8680, 3354
0.8683, 3353
0.8686, 3352
0.8689, 3351
0.8693, 3350
0.8696, 3349
0.8699, 3348
0.8702, 3347
0.8705, 3346
0.8708, 3345
0.8711, 3344
0.8715, 3343
0.8718, 3342
0.8721, 3341
0.8724, 3340
0.8727, 3339
0.8730, 3338
0.8734, 3337
0.8737, 3336
0.8740, 3335
0.8743, 3334
0.8746, 3333
0.8749, 3332
0.8752, 3331
0.8755, 3330
0.8758, 3329
0.8761, 3328
0.8764, 3327
0.8767, 3326
0.8771, 3325
0.8774, 3324
0.8777, 3323
0.8780, 3322
0.8783, 3321
0.8786, 3320
0.8789, 3319
0.8792, 3318
0.8795, 3317
0.8798, 3316
0.8801, 3315
0.8804, 3314
0.8807, 3313
0.8810, 3312
0.8814, 3311
0.8817, 3310
0.8820, 3309
0.8823, 3308
0.8826, 3307
0.8829, 3306
0.8833, 3305
0.8836, 3304
0.8839, 3303
0.8842, 3302
0.8845, 3301
0.8849, 3300
0.8852, 3299
0.8855, 3298
0.8859, 3297
0.8862, 3296
0.8865, 3295
0.8869, 3294
0.8872, 3293
0.8875, 3292
0.8878, 3291
0.8881, 3290
0.8884, 3289
0.8887, 3288
0.8890, 3287
0.8893, 3286
0.8897, 3285
0.8900, 3284
0.8904, 3283
0.8907, 3282
0.8910, 3281
0.8913, 3280
0.8916, 3279
0.8919, 3278
0.8922, 3277
0.8925, 3276
0.8928, 3275
0.8931, 3274
0.8935, 3273
0.8938, 3272
0.8941, 3271
0.8944, 3270
0.8948, 3269
0.8951, 3268
0.8954, 3267
0.8957, 3266
0.8960, 3265
0.8963, 3264
0.8967, 3263
0.8970, 3262
0.8973, 3261
0.8976, 3260
0.8980, 3259
0.8983, 3258
0.8986, 3257
0.8989, 3256
0.8992, 3255
0.8995, 3254
0.8998, 3253
0.9001, 3252
0.9004, 3251
0.9008, 3250
0.9011, 3249
0.9014, 3248
0.9017, 3247
0.9020, 3246
0.9023, 3245
0.9026, 3244
0.9029, 3243
0.9032, 3242
0.9036, 3241
0.9038, 3240
0.9042, 3239
0.9045, 3238
0.9048, 3237
0.9051, 3236
0.9054, 3235
0.9058, 3234
0.9061, 3233
0.9064, 3232
0.9068, 3231
0.9071, 3230
0.9074, 3229
0.9077, 3228
0.9080, 3227
0.9083, 3226
0.9086, 3225
0.9089, 3224
0.9093, 3223
0.9096, 3222
0.9098, 3221
0.9102, 3220
0.9105, 3219
0.9109, 3218
0.9112, 3217
0.9114, 3216
0.9118, 3215
0.9121, 3214
0.9125, 3213
0.9128, 3212
0.9131, 3211
0.9134, 3210
0.9137, 3209
0.9140, 3208
0.9143, 3207
0.9146, 3206
0.9149, 3205
0.9152, 3204
0.9155, 3203
0.9158, 3202
0.9161, 3201
0.9164, 3200
0.9167, 3199
0.9170, 3198
0.9173, 3197
0.9177, 3196
0.9181, 3195
0.9184, 3194
0.9187, 3193
0.9190, 3192
0.9194, 3191
0.9197, 3190
0.9200, 3189
0.9203, 3188
0.9206, 3187
0.9209, 3186
0.9212, 3185
0.9215, 3184
0.9218, 3183
0.9221, 3182
0.9224, 3181
0.9227, 3180
0.9230, 3179
0.9234, 3178
0.9237, 3177
0.9240, 3176
0.9243, 3175
0.9246, 3174
0.9249, 3173
0.9252, 3172
0.9256, 3171
0.9259, 3170
0.9262, 3169
0.9265, 3168
0.9268, 3167
0.9271, 3166
0.9274, 3165
0.9277, 3164
0.9280, 3163
0.9283, 3162
0.9286, 3161
0.9289, 3160
0.9292, 3159
0.9295, 3158
0.9298, 3157
0.9301, 3156
0.9304, 3155
0.9307, 3154
0.9310, 3153
0.9313, 3152
0.9316, 3151
0.9319, 3150
0.9322, 3149
0.9325, 3148
0.9328, 3147
0.9331, 3146
0.9334, 3145
0.9337, 3144
0.9340, 3143
0.9344, 3142
0.9348, 3141
0.9351, 3140
0.9354, 3139
0.9357, 3138
0.9360, 3137
0.9364, 3136
0.9367, 3135
0.9370, 3134
0.9373, 3133
0.9376, 3132
0.9379, 3131
0.9382, 3130
0.9385, 3129
0.9389, 3128
0.9392, 3127
0.9395, 3126
0.9398, 3125
0.9401, 3124
0.9404, 3123
0.9407, 3122
0.9410, 3121
0.9413, 3120
0.9416, 3119
0.9419, 3118
0.9422, 3117
0.9425, 3116
0.9428, 3115
0.9431, 3114
0.9434, 3113
0.9437, 3112
0.9440, 3111
0.9443, 3110
0.9446, 3109
0.9448, 3108
0.9451, 3107
0.9455, 3106
0.9458, 3105
0.9461, 3104
0.9464, 3103
0.9467, 3102
0.9470, 3101
0.9472, 3100
0.9475, 3099
0.9478, 3098
0.9481, 3097
0.9484, 3096
0.9487, 3095
0.9490, 3094
0.9493, 3093
0.9496, 3092
0.9499, 3091
0.9502, 3090
0.9505, 3089
0.9508, 3088
0.9511, 3087
0.9514, 3086
0.9517, 3085
0.9519, 3084
0.9522, 3083
0.9525, 3082
0.9528, 3081
0.9531, 3080
0.9534, 3079
0.9537, 3078
0.9540, 3077
0.9543, 3076
0.9546, 3075
0.9549, 3074
0.9552, 3073
0.9555, 3072
0.9558, 3071
0.9561, 3070
0.9564, 3069
0.9567, 3068
0.9569, 3067
0.9572, 3066
0.9576, 3065
0.9578, 3064
0.9581, 3063
0.9584, 3062
0.9587, 3061
0.9590, 3060
0.9592, 3059
0.9595, 3058
0.9598, 3057
0.9601, 3056
0.9604, 3055
0.9606, 3054
0.9609, 3053
0.9612, 3052
0.9615, 3051
0.9618, 3050
0.9621, 3049
0.9624, 3048
0.9627, 3047
0.9630, 3046
0.9633, 3045
0.9636, 3044
0.9639, 3043
0.9642, 3042
0.9645, 3041
0.9648, 3040
0.9651, 3039
0.9654, 3038
0.9657, 3037
0.9659, 3036
0.9662, 3035
0.9665, 3034
0.9668, 3033
0.9671, 3032
0.9674, 3031
0.9676, 3030
0.9679, 3029
0.9682, 3028
0.9686, 3027
0.9688, 3026
0.9691, 3025
0.9694, 3024
0.9697, 3023
0.9700, 3022
0.9702, 3021
0.9705, 3020
0.9708, 3019
0.9711, 3018
0.9714, 3017
0.9717, 3016
0.9720, 3015
0.9723, 3014
0.9726, 3013
0.9729, 3012
0.9732, 3011
0.9734, 3010
0.9737, 3009
0.9740, 3008
0.9743, 3007
0.9746, 3006
0.9749, 3005
0.9751, 3004
0.9754, 3003
0.9757, 3002
0.9760, 3001
0.9763, 3000
0.9766, 2999
0.9769, 2998
0.9771, 2997
0.9774, 2996
0.9777, 2995
0.9780, 2994
0.9783, 2993
0.9785, 2992
0.9788, 2991
0.9791, 2990
0.9794, 2989
0.9797, 2988
0.9799, 2987
0.9802, 2986
0.9805, 2985
0.9808, 2984
0.9811, 2983
0.9813, 2982
0.9816, 2981
0.9819, 2980
0.9822, 2979
0.9825, 2978
0.9828, 2977
0.9831, 2976
0.9833, 2975
0.9836, 2974
0.9839, 2973
0.9842, 2972
0.9845, 2971
0.9848, 2970
0.9851, 2969
0.9854, 2968
0.9857, 2967
0.9860, 2966
0.9862, 2965
0.9865, 2964
0.9868, 2963
0.9871, 2962
0.9873, 2961
0.9876, 2960
0.9879, 2959
0.9882, 2958
0.9884, 2957
0.9887, 2956
0.9890, 2955
0.9893, 2954
0.9896, 2953
0.9899, 2952
0.9902, 2951
0.9905, 2950
0.9909, 2949
0.9911, 2948
0.9914, 2947
0.9917, 2946
0.9920, 2945
0.9923, 2944
0.9926, 2943
0.9928, 2942
0.9931, 2941
0.9934, 2940
0.9937, 2939
0.9939, 2938
0.9942, 2937
0.9945, 2936
0.9948, 2935
0.9951, 2934
0.9955, 2933
0.9957, 2932
0.9960, 2931
0.9963, 2930
0.9966, 2929
0.9969, 2928
0.9972, 2927
0.9975, 2926
0.9978, 2925
0.9981, 2924
0.9984, 2923
0.9987, 2922
0.9991, 2921
0.9993, 2920
0.9996, 2919
0.9999, 2918
1.0002, 2917
1.0005, 2916
1.0008, 2915
1.0012, 2914
1.0015, 2913
1.0017, 2912
1.0021, 2911
1.0024, 2910
1.0027, 2909
1.0030, 2908
1.0033, 2907
1.0036, 2906
1.0039, 2905
1.0042, 2904
1.0045, 2903
1.0048, 2902
1.0050, 2901
1.0053, 2900
1.0056, 2899
1.0059, 2898
1.0062, 2897
1.0065, 2896
1.0068, 2895
1.0071, 2894
1.0074, 2893
1.0076, 2892
1.0080, 2891
1.0082, 2890
1.0085, 2889
1.0089, 2888
1.0092, 2887
1.0094, 2886
1.0097, 2885
1.0100, 2884
1.0103, 2883
1.0107, 2882
1.0110, 2881
1.0112, 2880
1.0115, 2879
1.0118, 2878
1.0121, 2877
1.0124, 2876
1.0127, 2875
1.0130, 2874
1.0132, 2873
1.0135, 2872
1.0138, 2871
1.0141, 2870
1.0144, 2869
1.0147, 2868
1.0150, 2867
1.0153, 2866
1.0155, 2865
1.0158, 2864
1.0161, 2863
1.0164, 2862
1.0167, 2861
1.0170, 2860
1.0172, 2859
1.0175, 2858
1.0178, 2857
1.0181, 2856
1.0183, 2855
1.0186, 2854
1.0189, 2853
1.0192, 2852
1.0194, 2851
1.0197, 2850
1.0200, 2849
1.0202, 2848
1.0205, 2847
1.0208, 2846
1.0210, 2845
1.0213, 2844
1.0216, 2843
1.0219, 2842
1.0222, 2841
1.0224, 2840
1.0227, 2839
1.0230, 2838
1.0233, 2837
1.0235, 2836
1.0238, 2835
1.0241, 2834
1.0244, 2833
1.0246, 2832
1.0249, 2831
1.0252, 2830
1.0255, 2829
1.0258, 2828
1.0260, 2827
1.0263, 2826
1.0266, 2825
1.0269, 2824
1.0271, 2823
1.0274, 2822
1.0277, 2821
1.0280, 2820
1.0282, 2819
1.0285, 2818
1.0288, 2817
1.0291, 2816
1.0294, 2815
1.0296, 2814
1.0299, 2813
1.0302, 2812
1.0304, 2811
1.0307, 2810
1.0310, 2809
1.0312, 2808
1.0315, 2807
1.0318, 2806
1.0321, 2805
1.0323, 2804
1.0326, 2803
1.0329, 2802
1.0332, 2801
1.0334, 2800
1.0337, 2799
1.0340, 2798
1.0343, 2797
1.0346, 2796
1.0348, 2795
1.0351, 2794
1.0354, 2793
1.0357, 2792
1.0360, 2791
1.0363, 2790
1.0365, 2789
1.0368, 2788
1.0371, 2787
1.0374, 2786
1.0377, 2785
1.0380, 2784
1.0382, 2783
1.0385, 2782
1.0388, 2781
1.0390, 2780
1.0393, 2779
1.0396, 2778
1.0399, 2777
1.0402, 2776
1.0405, 2775
1.0407, 2774
1.0410, 2773
1.0413, 2772
1.0415, 2771
1.0418, 2770
1.0421, 2769
1.0423, 2768
1.0426, 2767
1.0429, 2766
1.0431, 2765
1.0434, 2764
1.0437, 2763
1.0439, 2762
1.0442, 2761
1.0445, 2760
1.0447, 2759
1.0450, 2758
1.0453, 2757
1.0455, 2756
1.0458, 2755
1.0461, 2754
1.0463, 2753
1.0466, 2752
1.0469, 2751
1.0472, 2750
1.0474, 2749
1.0477, 2748
1.0480, 2747
1.0483, 2746
1.0486, 2745
1.0489, 2744
1.0491, 2743
1.0494, 2742
1.0497, 2741
1.0500, 2740
1.0502, 2739
1.0505, 2738
1.0508, 2737
1.0512, 2736
1.0515, 2735
1.0518, 2734
1.0520, 2733
1.0523, 2732
1.0526, 2731
1.0529, 2730
1.0532, 2729
1.0535, 2728
1.0537, 2727
1.0540, 2726
1.0543, 2725
1.0546, 2724
1.0549, 2723
1.0552, 2722
1.0554, 2721
1.0557, 2720
1.0560, 2719
1.0563, 2718
1.0565, 2717
1.0568, 2716
1.0571, 2715
1.0573, 2714
1.0576, 2713
1.0579, 2712
1.0582, 2711
1.0585, 2710
1.0588, 2709
1.0590, 2708
1.0593, 2707
1.0596, 2706
1.0598, 2705
1.0601, 2704
1.0604, 2703
1.0607, 2702
1.0609, 2701
1.0612, 2700
1.0615, 2699
1.0617, 2698
1.0620, 2697
1.0623, 2696
1.0625, 2695
1.0628, 2694
1.0631, 2693
1.0633, 2692
1.0636, 2691
1.0639, 2690
1.0642, 2689
1.0644, 2688
1.0647, 2687
1.0650, 2686
1.0653, 2685
1.0655, 2684
1.0658, 2683
1.0661, 2682
1.0664, 2681
1.0667, 2680
1.0669, 2679
1.0672, 2678
1.0674, 2677
1.0677, 2676
1.0680, 2675
1.0683, 2674
1.0685, 2673
1.0688, 2672
1.0690, 2671
1.0693, 2670
1.0697, 2669
1.0699, 2668
1.0702, 2667
1.0705, 2666
1.0707, 2665
1.0710, 2664
1.0713, 2663
1.0715, 2662
1.0718, 2661
1.0720, 2660
1.0723, 2659
1.0726, 2658
1.0728, 2657
1.0731, 2656
1.0733, 2655
1.0736, 2654
1.0739, 2653
1.0741, 2652
1.0744, 2651
1.0746, 2650
1.0749, 2649
1.0752, 2648
1.0754, 2647
1.0757, 2646
1.0759, 2645
1.0762, 2644
1.0765, 2643
1.0767, 2642
1.0770, 2641
1.0772, 2640
1.0775, 2639
1.0777, 2638
1.0780, 2637
1.0783, 2636
1.0785, 2635
1.0788, 2634
1.0790, 2633
1.0793, 2632
1.0796, 2631
1.0798, 2630
1.0801, 2629
1.0803, 2628
1.0806, 2627
1.0809, 2626
1.0811, 2625
1.0814, 2624
1.0817, 2623
1.0819, 2622
1.0822, 2621
1.0824, 2620
1.0827, 2619
1.0829, 2618
1.0832, 2617
1.0835, 2616
1.0837, 2615
1.0840, 2614
1.0843, 2613
1.0845, 2612
1.0848, 2611
1.0850, 2610
1.0853, 2609
1.0856, 2608
1.0858, 2607
1.0861, 2606
1.0863, 2605
1.0866, 2604
1.0868, 2603
1.0871, 2602
1.0874, 2601
1.0877, 2600
1.0879, 2599
1.0882, 2598
1.0884, 2597
1.0887, 2596
1.0890, 2595
1.0892, 2594
1.0895, 2593
1.0897, 2592
1.0900, 2591
1.0903, 2590
1.0905, 2589
1.0908, 2588
1.0910, 2587
1.0913, 2586
1.0915, 2585
1.0918, 2584
1.0921, 2583
1.0923, 2582
1.0926, 2581
1.0929, 2580
1.0931, 2579
1.0934, 2578
1.0937, 2577
1.0939, 2576
1.0942, 2575
1.0944, 2574
1.0947, 2573
1.0950, 2572
1.0952, 2571
1.0955, 2570
1.0958, 2569
1.0961, 2568
1.0964, 2567
1.1009, 2566
1.1052, 2565
1.1095, 2564
1.1241, 2563
1.1243, 2562
1.1328, 2561
1.1330, 2560
1.1523, 2559
1.1623, 2558
1.1732, 2557
1.1986, 2556
1.2051, 2555
1.2054, 2554
1.2204, 2553
1.2248, 2552
1.2250, 2551
1.2294, 2550
1.2483, 2549
1.2485, 2548
1.2637, 2547
1.2639, 2546
1.2683, 2545
1.2706, 2544
1.2708, 2543
1.2710, 2542
1.2755, 2541
1.2820, 2540
1.2822, 2539
1.2991, 2538
1.3077, 2537
1.3163, 2536
1.3165, 2535
1.3231, 2534
1.3276, 2533
1.3279, 2532
1.3344, 2531
1.3452, 2530
1.3560, 2529
1.3667, 2528
1.3691, 2527
1.3694, 2526
1.3801, 2525
1.3804, 2524
1.3932, 2523
1.3935, 2522
1.3958, 2521
1.4024, 2520
1.4027, 2519
1.4071, 2518
1.4114, 2517
1.4116, 2516
1.4202, 2515
1.4204, 2514
1.4893, 2513
1.5042, 2512
1.5044, 2511
1.5192, 2510
1.5426, 2509
1.5491, 2508
1.5785, 2507
1.5788, 2506
1.5832, 2505
1.5938, 2504
1.6024, 2503
1.6256, 2502
1.6491, 2501
1.6580, 2500
1.6583, 2499
1.6628, 2498
1.6630, 2497
1.6698, 2496
1.6782, 2495
1.6845, 2494
1.6888, 2493
1.6963, 2492
1.7024, 2491
1.7027, 2490
1.7029, 2489
1.7032, 2488
1.7034, 2487
1.7127, 2486
1.7129, 2485
1.7132, 2484
1.7263, 2483
1.7265, 2482
1.7268, 2481
1.7398, 2480
1.7554, 2479
1.7648, 2478
1.7696, 2477
1.7786, 2476
1.7881, 2475
1.7941, 2474
1.7944, 2473
1.7946, 2472
1.7948, 2471
1.8454, 2470
1.8984, 2469
1.8991, 2468
1.8997, 2467
1.9075, 2466
1.9081, 2465
1.9354, 2464
1.9600, 2463
1.9763, 2462
1.9975, 2461
1.9980, 2460
2.0167, 2459
2.0169, 2458
2.0171, 2457
2.0217, 2456
2.0284, 2455
2.0287, 2454
2.0521, 2453
2.0690, 2452
2.0802, 2451
2.0804, 2450
2.0930, 2449
2.1015, 2448
2.1248, 2447
2.1336, 2446
2.1400, 2445
2.1443, 2444
2.1670, 2443
2.1857, 2442
2.1920, 2441
2.1963, 2440
2.2190, 2439
2.2253, 2438
2.2316, 2437
2.2404, 2436
2.2704, 2435
2.2750, 2434
2.2897, 2433
2.3005, 2432
2.3094, 2431
2.3411, 2430
2.3516, 2429
2.3744, 2428
2.3890, 2427
2.4088, 2426
2.4091, 2425
2.4322, 2424
2.4325, 2423
2.4585, 2422
2.4588, 2421
2.4820, 2420
2.4909, 2419
2.5063, 2418
2.5129, 2417
2.5261, 2416
2.5306, 2415
2.5309, 2414
2.5333, 2413
2.5335, 2412
2.5402, 2411
2.5404, 2410
2.5472, 2409
2.5474, 2408
2.5476, 2407
2.5586, 2406
2.5738, 2405
2.5848, 2404
2.5958, 2403
2.5960, 2402
2.5984, 2401
2.5987, 2400
2.6075, 2399
2.6142, 2398
2.6145, 2397
2.6190, 2396
2.6193, 2395
2.6260, 2394
2.6504, 2393
2.6549, 2392
2.6551, 2391
2.6554, 2390
2.6556, 2389
2.6558, 2388
2.6561, 2387
2.6627, 2386
2.6630, 2385
2.6696, 2384
2.6698, 2383
2.6701, 2382
2.6789, 2381
2.6791, 2380
2.6794, 2379
2.6839, 2378
2.6884, 2377
2.6951, 2376
2.6954, 2375
2.6956, 2374
2.7045, 2373
2.7047, 2372
2.7200, 2371
2.7268, 2370
2.7270, 2369
2.7273, 2368
2.7341, 2367
2.7343, 2366
2.7346, 2365
2.7348, 2364
2.7350, 2363
2.7352, 2362
2.7528, 2361
2.7596, 2360
2.7598, 2359
2.7622, 2358
2.7625, 2357
2.7693, 2356
2.7761, 2355
2.7764, 2354
2.7766, 2353
2.7768, 2352
2.7814, 2351
2.7969, 2350
2.8036, 2349
2.8146, 2348
2.8192, 2347
2.8194, 2346
2.8391, 2345
2.8393, 2344
2.8439, 2343
2.8484, 2342
2.8486, 2341
2.8489, 2340
2.8534, 2339
2.8730, 2338
2.8754, 2337
2.8756, 2336
2.8975, 2335
2.8977, 2334
2.8979, 2333
2.9025, 2332
2.9158, 2331
2.9538, 2330
2.9541, 2329
2.9543, 2328
2.9545, 2327
2.9548, 2326
2.9668, 2325
2.9670, 2324
3.0474, 2323
3.1117, 2322
3.1141, 2321
3.1165, 2320
3.1210, 2319
3.1212, 2318
3.1236, 2317
3.1281, 2316
3.1283, 2315
3.1329, 2314
3.1531, 2313
3.1581, 2312
3.1649, 2311
3.1651, 2310
3.1696, 2309
3.1698, 2308
3.1852, 2307
3.1855, 2306
3.1943, 2305
3.1946, 2304
3.1970, 2303
3.2080, 2302
3.2126, 2301
3.2129, 2300
3.2174, 2299
3.2219, 2298
3.2222, 2297
3.2246, 2296
3.2342, 2295
3.2387, 2294
3.2523, 2293
3.2611, 2292
3.2744, 2291
3.2746, 2290
3.2748, 2289
3.2815, 2288
3.2840, 2287
3.2842, 2286
3.2994, 2285
3.3083, 2284
3.3214, 2283
3.3412, 2282
3.3501, 2281
3.3568, 2280
3.3914, 2279
3.3976, 2278
3.3978, 2277
3.3981, 2276
3.3983, 2275
3.3985, 2274
3.4074, 2273
3.4076, 2272
3.4078, 2271
3.4167, 2270
3.4169, 2269
3.4172, 2268
3.4195, 2267
3.4198, 2266
3.4457, 2265
3.4545, 2264
3.4613, 2263
3.4850, 2262
3.5002, 2261
3.5005, 2260
3.5051, 2259
3.5204, 2258
3.5249, 2257
3.5251, 2256
3.5339, 2255
3.5341, 2254
3.5344, 2253
3.5474, 2252
3.5520, 2251
3.5608, 2250
3.5653, 2249
3.5853, 2248
3.5898, 2247
3.5991, 2246
3.6100, 2245
3.6188, 2244
3.6299, 2243
3.6344, 2242
3.6476, 2241
3.6478, 2240
3.6579, 2239
3.6582, 2238
3.6692, 2237
3.6694, 2236
3.6829, 2235
3.6960, 2234
3.6962, 2233
3.7028, 2232
3.7073, 2231
3.7315, 2230
3.7452, 2229
3.7454, 2228
3.7787, 2227
3.9140, 2226
3.9394, 2225
3.9591, 2224
3.9746, 2223
3.9836, 2222
3.9881, 2221
3.9970, 2220
4.0428, 2219
4.1535, 2218
4.1932, 2217
4.1975, 2216
