1.3411, 3931
1.3414, 3930
1.3418, 3929
1.3421, 3928
1.3425, 3927
1.3428, 3926
1.3432, 3925
1.3435, 3924
1.3439, 3923
1.3442, 3922
1.3446, 3921
1.3449, 3920
1.3453, 3919
1.3456, 3918
1.3497, 3917
1.3506, 3916
1.3514, 3915
1.3523, 3914
1.3532, 3913
1.3541, 3912
1.3556, 3911
1.3570, 3910
1.3579, 3909
1.3588, 3908
1.3605, 3907
1.3608, 3906
1.3612, 3905
1.3615, 3904
1.3619, 3903
1.3622, 3902
1.3626, 3901
1.3629, 3900
1.3633, 3899
1.3637, 3898
1.3641, 3897
1.3644, 3896
1.3648, 3895
1.3651, 3894
1.3655, 3893
1.3658, 3892
1.3662, 3891
1.3666, 3890
1.3669, 3889
1.3673, 3888
1.3676, 3887
1.3680, 3886
1.3683, 3885
1.3687, 3884
1.3690, 3883
1.3694, 3882
1.3697, 3881
1.3701, 3880
1.3709, 3879
1.3726, 3878
1.3740, 3877
1.3749, 3876
1.3758, 3875
1.3767, 3874
1.3777, 3873
1.3786, 3872
1.3795, 3871
1.3804, 3870
1.3814, 3869
1.3821, 3868
1.3824, 3867
1.3828, 3866
1.3831, 3865
1.3835, 3864
1.3838, 3863
1.3841, 3862
1.3845, 3861
1.3848, 3860
1.3852, 3859
1.3855, 3858
1.3859, 3857
1.3862, 3856
1.3866, 3855
1.3869, 3854
1.3873, 3853
1.3876, 3852
1.3880, 3851
1.3883, 3850
1.3886, 3849
1.3890, 3848
1.3894, 3847
1.3897, 3846
1.3901, 3845
1.3904, 3844
1.3908, 3843
1.3911, 3842
1.3915, 3841
1.3918, 3840
1.3922, 3839
1.3925, 3838
1.3929, 3837
1.3932, 3836
1.3936, 3835
1.3941, 3834
1.3952, 3833
1.3962, 3832
1.3971, 3831
1.3980, 3830
1.3989, 3829
1.3998, 3828
1.4007, 3827
1.4016, 3826
1.4025, 3825
1.4034, 3824
1.4042, 3823
1.4046, 3822
1.4049, 3821
1.4053, 3820
1.4056, 3819
1.4060, 3818
1.4063, 3817
1.4067, 3816
1.4070, 3815
1.4073, 3814
1.4077, 3813
1.4080, 3812
1.4084, 3811
1.4087, 3810
1.4091, 3809
1.4094, 3808
1.4098, 3807
1.4102, 3806
1.4105, 3805
1.4108, 3804
1.4114, 3803
1.4118, 3802
1.4122, 3801
1.4125, 3800
1.4129, 3799
1.4132, 3798
1.4136, 3797
1.4139, 3796
1.4143, 3795
1.4146, 3794
1.4150, 3793
1.4153, 3792
1.4157, 3791
1.4160, 3790
1.4163, 3789
1.4167, 3788
1.4170, 3787
1.4174, 3786
1.4178, 3785
1.4181, 3784
1.4185, 3783
1.4188, 3782
1.4192, 3781
1.4195, 3780
1.4199, 3779
1.4202, 3778
1.4206, 3777
1.4209, 3776
1.4213, 3775
1.4216, 3774
1.4220, 3773
1.4223, 3772
1.4227, 3771
1.4230, 3770
1.4233, 3769
1.4237, 3768
1.4240, 3767
1.4244, 3766
1.4248, 3765
1.4253, 3764
1.4265, 3763
1.4273, 3762
1.4283, 3761
1.4291, 3760
1.4300, 3759
1.4309, 3758
1.4318, 3757
1.4326, 3756
1.4336, 3755
1.4347, 3754
1.4351, 3753
1.4355, 3752
1.4358, 3751
1.4362, 3750
1.4366, 3749
1.4369, 3748
1.4373, 3747
1.4376, 3746
1.4380, 3745
1.4383, 3744
1.4386, 3743
1.4390, 3742
1.4393, 3741
1.4397, 3740
1.4400, 3739
1.4404, 3738
1.4407, 3737
1.4410, 3736
1.4414, 3735
1.4417, 3734
1.4421, 3733
1.4424, 3732
1.4428, 3731
1.4431, 3730
1.4434, 3729
1.4438, 3728
1.4441, 3727
1.4444, 3726
1.4448, 3725
1.4452, 3724
1.4455, 3723
1.4459, 3722
1.4462, 3721
1.4466, 3720
1.4469, 3719
1.4472, 3718
1.4476, 3717
1.4479, 3716
1.4483, 3715
1.4486, 3714
1.4503, 3713
1.4513, 3712
1.4521, 3711
1.4530, 3710
1.4539, 3709
1.4557, 3708
1.4560, 3707
1.4564, 3706
1.4567, 3705
1.4570, 3704
1.4574, 3703
1.4577, 3702
1.4581, 3701
1.4584, 3700
1.4588, 3699
1.4591, 3698
1.4594, 3697
1.4598, 3696
1.4601, 3695
1.4605, 3694
1.4608, 3693
1.4649, 3692
1.4658, 3691
1.4667, 3690
1.4678, 3689
1.4686, 3688
1.4695, 3687
1.4704, 3686
1.4788, 3685
1.4798, 3684
1.4807, 3683
1.4811, 3682
1.4814, 3681
1.4818, 3680
1.4821, 3679
1.4825, 3678
1.4828, 3677
1.4831, 3676
1.4835, 3675
1.4838, 3674
1.4842, 3673
1.4863, 3672
1.4872, 3671
1.4920, 3670
1.4930, 3669
1.4939, 3668
1.4948, 3667
1.4957, 3666
1.4967, 3665
1.4971, 3664
1.4974, 3663
1.4977, 3662
1.4981, 3661
1.4985, 3660
1.4988, 3659
1.4991, 3658
1.4995, 3657
1.4998, 3656
1.5001, 3655
1.5005, 3654
1.5008, 3653
1.5012, 3652
1.5015, 3651
1.5018, 3650
1.5022, 3649
1.5025, 3648
1.5029, 3647
1.5032, 3646
1.5036, 3645
1.5039, 3644
1.5042, 3643
1.5046, 3642
1.5049, 3641
1.5053, 3640
1.5056, 3639
1.5059, 3638
1.5067, 3637
1.5090, 3636
1.5101, 3635
1.5110, 3634
1.5119, 3633
1.5129, 3632
1.5137, 3631
1.5148, 3630
1.5157, 3629
1.5165, 3628
1.5173, 3627
1.5183, 3626
1.5186, 3625
1.5190, 3624
1.5193, 3623
1.5196, 3622
1.5200, 3621
1.5203, 3620
1.5209, 3619
1.5222, 3618
1.5240, 3617
1.5249, 3616
1.5259, 3615
1.5267, 3614
1.5276, 3613
1.5285, 3612
1.5290, 3611
1.5294, 3610
1.5297, 3609
1.5351, 3608
1.5360, 3607
1.5367, 3606
1.5399, 3605
1.5403, 3604
1.5406, 3603
1.5410, 3602
1.5413, 3601
1.5417, 3600
1.5420, 3599
1.5423, 3598
1.5427, 3597
1.5430, 3596
1.5433, 3595
1.5437, 3594
1.5440, 3593
1.5443, 3592
1.5447, 3591
1.5450, 3590
1.5454, 3589
1.5457, 3588
1.5461, 3587
1.5464, 3586
1.5467, 3585
1.5487, 3584
1.5497, 3583
1.5506, 3582
1.5514, 3581
1.5527, 3580
1.5537, 3579
1.5546, 3578
1.5555, 3577
1.5567, 3576
1.5576, 3575
1.5584, 3574
1.5597, 3573
1.5601, 3572
1.5604, 3571
1.5609, 3570
1.5620, 3569
1.5628, 3568
1.5636, 3567
1.5645, 3566
1.5653, 3565
1.5661, 3564
1.5673, 3563
1.5681, 3562
1.5689, 3561
1.5698, 3560
1.5717, 3559
1.5721, 3558
1.5724, 3557
1.5727, 3556
1.5731, 3555
1.5734, 3554
1.5738, 3553
1.5742, 3552
1.5745, 3551
1.5748, 3550
1.5752, 3549
1.5755, 3548
1.5759, 3547
1.5762, 3546
1.5765, 3545
1.5768, 3544
1.5772, 3543
1.5775, 3542
1.5778, 3541
1.5782, 3540
1.5785, 3539
1.5788, 3538
1.5791, 3537
1.5795, 3536
1.5798, 3535
1.5802, 3534
1.5805, 3533
1.5808, 3532
1.5811, 3531
1.5815, 3530
1.5818, 3529
1.5821, 3528
1.5825, 3527
1.5835, 3526
1.5838, 3525
1.5841, 3524
1.5845, 3523
1.5848, 3522
1.5851, 3521
1.5855, 3520
1.5858, 3519
1.5861, 3518
1.5865, 3517
1.5868, 3516
1.5871, 3515
1.5874, 3514
1.5878, 3513
1.5881, 3512
1.5885, 3511
1.5888, 3510
1.5891, 3509
1.5895, 3508
1.5898, 3507
1.5901, 3506
1.5904, 3505
1.5908, 3504
1.5911, 3503
1.5914, 3502
1.5917, 3501
1.5921, 3500
1.5924, 3499
1.5927, 3498
1.5931, 3497
1.5934, 3496
1.5937, 3495
1.5941, 3494
1.5944, 3493
1.5947, 3492
1.5951, 3491
1.5954, 3490
1.5957, 3489
1.5960, 3488
1.5964, 3487
1.5967, 3486
1.5970, 3485
1.5973, 3484
1.5977, 3483
1.5980, 3482
1.5983, 3481
1.6006, 3480
1.6016, 3479
1.6024, 3478
1.6033, 3477
1.6113, 3476
1.6123, 3475
1.6132, 3474
1.6140, 3473
1.6154, 3472
1.6163, 3471
1.6171, 3470
1.6180, 3469
1.6200, 3468
1.6203, 3467
1.6206, 3466
1.6210, 3465
1.6213, 3464
1.6216, 3463
1.6219, 3462
1.6223, 3461
1.6226, 3460
1.6229, 3459
1.6233, 3458
1.6236, 3457
1.6239, 3456
1.6242, 3455
1.6246, 3454
1.6249, 3453
1.6252, 3452
1.6255, 3451
1.6258, 3450
1.6262, 3449
1.6265, 3448
1.6268, 3447
1.6271, 3446
1.6274, 3445
1.6278, 3444
1.6281, 3443
1.6284, 3442
1.6288, 3441
1.6291, 3440
1.6294, 3439
1.6297, 3438
1.6319, 3437
1.6327, 3436
1.6335, 3435
1.6343, 3434
1.6351, 3433
1.6359, 3432
1.6367, 3431
1.6376, 3430
1.6395, 3429
1.6424, 3428
1.6434, 3427
1.6458, 3426
1.6462, 3425
1.6465, 3424
1.6468, 3423
1.6471, 3422
1.6474, 3421
1.6477, 3420
1.6481, 3419
1.6484, 3418
1.6487, 3417
1.6490, 3416
1.6494, 3415
1.6497, 3414
1.6500, 3413
1.6503, 3412
1.6506, 3411
1.6509, 3410
1.6512, 3409
1.6516, 3408
1.6519, 3407
1.6522, 3406
1.6525, 3405
1.6528, 3404
1.6532, 3403
1.6535, 3402
1.6538, 3401
1.6541, 3400
1.6544, 3399
1.6548, 3398
1.6551, 3397
1.6554, 3396
1.6593, 3395
1.6601, 3394
1.6609, 3393
1.6617, 3392
1.6627, 3391
1.6631, 3390
1.6634, 3389
1.6637, 3388
1.6641, 3387
1.6644, 3386
1.6647, 3385
1.6650, 3384
1.6653, 3383
1.6657, 3382
1.6660, 3381
1.6664, 3380
1.6667, 3379
1.6670, 3378
1.6673, 3377
1.6677, 3376
1.6680, 3375
1.6683, 3374
1.6686, 3373
1.6690, 3372
1.6699, 3371
1.6708, 3370
1.6711, 3369
1.6714, 3368
1.6717, 3367
1.6721, 3366
1.6724, 3365
1.6727, 3364
1.6730, 3363
1.6733, 3362
1.6737, 3361
1.6740, 3360
1.6743, 3359
1.6747, 3358
1.6750, 3357
1.6753, 3356
1.6756, 3355
1.6760, 3354
1.6763, 3353
1.6766, 3352
1.6770, 3351
1.6773, 3350
1.6776, 3349
1.6779, 3348
1.6782, 3347
1.6786, 3346
1.6789, 3345
1.6839, 3344
1.6847, 3343
1.6855, 3342
1.6867, 3341
1.6870, 3340
1.6874, 3339
1.6877, 3338
1.6880, 3337
1.6883, 3336
1.6886, 3335
1.6889, 3334
1.6893, 3333
1.6896, 3332
1.6899, 3331
1.6902, 3330
1.6905, 3329
1.6908, 3328
1.6912, 3327
1.6915, 3326
1.6918, 3325
1.6921, 3324
1.6924, 3323
1.6928, 3322
1.6931, 3321
1.6934, 3320
1.6938, 3319
1.6942, 3318
1.6945, 3317
1.6958, 3316
1.6967, 3315
1.6975, 3314
1.6983, 3313
1.6992, 3312
1.7000, 3311
1.7008, 3310
1.7017, 3309
1.7026, 3308
1.7034, 3307
1.7043, 3306
1.7061, 3305
1.7064, 3304
1.7068, 3303
1.7071, 3302
1.7074, 3301
1.7078, 3300
1.7081, 3299
1.7085, 3298
1.7088, 3297
1.7092, 3296
1.7096, 3295
1.7099, 3294
1.7102, 3293
1.7105, 3292
1.7108, 3291
1.7111, 3290
1.7115, 3289
1.7118, 3288
1.7121, 3287
1.7124, 3286
1.7128, 3285
1.7131, 3284
1.7135, 3283
1.7138, 3282
1.7141, 3281
1.7145, 3280
1.7148, 3279
1.7151, 3278
1.7154, 3277
1.7158, 3276
1.7162, 3275
1.7165, 3274
1.7168, 3273
1.7171, 3272
1.7175, 3271
1.7178, 3270
1.7181, 3269
1.7185, 3268
1.7188, 3267
1.7191, 3266
1.7194, 3265
1.7198, 3264
1.7201, 3263
1.7205, 3262
1.7208, 3261
1.7211, 3260
1.7214, 3259
1.7217, 3258
1.7304, 3257
1.7313, 3256
1.7322, 3255
1.7331, 3254
1.7339, 3253
1.7347, 3252
1.7355, 3251
1.7363, 3250
1.7372, 3249
1.7503, 3248
1.7506, 3247
1.7510, 3246
1.7513, 3245
1.7517, 3244
1.7520, 3243
1.7523, 3242
1.7527, 3241
1.7530, 3240
1.7533, 3239
1.7536, 3238
1.7540, 3237
1.7543, 3236
1.7546, 3235
1.7595, 3234
1.7603, 3233
1.7612, 3232
1.7620, 3231
1.7629, 3230
1.7637, 3229
1.7651, 3228
1.7661, 3227
1.7670, 3226
1.7677, 3225
1.7685, 3224
1.7693, 3223
1.7735, 3222
1.7739, 3221
1.7742, 3220
1.7746, 3219
1.7749, 3218
1.7752, 3217
1.7755, 3216
1.7758, 3215
1.7761, 3214
1.7764, 3213
1.7767, 3212
1.7771, 3211
1.7774, 3210
1.7778, 3209
1.7782, 3208
1.7785, 3207
1.7788, 3206
1.7792, 3205
1.7795, 3204
1.7798, 3203
1.7801, 3202
1.7805, 3201
1.7811, 3200
1.7820, 3199
1.7843, 3198
1.7881, 3197
1.7884, 3196
1.7887, 3195
1.7891, 3194
1.7894, 3193
1.7897, 3192
1.7900, 3191
1.7903, 3190
1.7907, 3189
1.7910, 3188
1.7913, 3187
1.7917, 3186
1.7920, 3185
1.7923, 3184
1.7926, 3183
1.7929, 3182
1.7932, 3181
1.7935, 3180
1.7938, 3179
1.7941, 3178
1.7952, 3177
1.7994, 3176
1.8003, 3175
1.8011, 3174
1.8072, 3173
1.8076, 3172
1.8079, 3171
1.8082, 3170
1.8085, 3169
1.8088, 3168
1.8091, 3167
1.8094, 3166
1.8097, 3165
1.8101, 3164
1.8104, 3163
1.8107, 3162
1.8110, 3161
1.8113, 3160
1.8116, 3159
1.8120, 3158
1.8123, 3157
1.8126, 3156
1.8129, 3155
1.8132, 3154
1.8135, 3153
1.8138, 3152
1.8141, 3151
1.8144, 3150
1.8147, 3149
1.8150, 3148
1.8155, 3147
1.8158, 3146
1.8161, 3145
1.8164, 3144
1.8167, 3143
1.8175, 3142
1.8186, 3141
1.8194, 3140
1.8202, 3139
1.8267, 3138
1.8274, 3137
1.8282, 3136
1.8292, 3135
1.8300, 3134
1.8308, 3133
1.8316, 3132
1.8324, 3131
1.8358, 3130
1.8362, 3129
1.8365, 3128
1.8368, 3127
1.8371, 3126
1.8374, 3125
1.8377, 3124
1.8380, 3123
1.8383, 3122
1.8386, 3121
1.8390, 3120
1.8393, 3119
1.8395, 3118
1.8398, 3117
1.8401, 3116
1.8404, 3115
1.8407, 3114
1.8410, 3113
1.8413, 3112
1.8416, 3111
1.8419, 3110
1.8422, 3109
1.8425, 3108
1.8428, 3107
1.8431, 3106
1.8434, 3105
1.8437, 3104
1.8440, 3103
1.8443, 3102
1.8446, 3101
1.8450, 3100
1.8452, 3099
1.8456, 3098
1.8458, 3097
1.8462, 3096
1.8465, 3095
1.8468, 3094
1.8471, 3093
1.8474, 3092
1.8477, 3091
1.8489, 3090
1.8498, 3089
1.8505, 3088
1.8513, 3087
1.8520, 3086
1.8528, 3085
1.8536, 3084
1.8544, 3083
1.8553, 3082
1.8576, 3081
1.8586, 3080
1.8593, 3079
1.8601, 3078
1.8604, 3077
1.8608, 3076
1.8610, 3075
1.8613, 3074
1.8616, 3073
1.8619, 3072
1.8622, 3071
1.8626, 3070
1.8628, 3069
1.8631, 3068
1.8634, 3067
1.8637, 3066
1.8640, 3065
1.8643, 3064
1.8646, 3063
1.8649, 3062
1.8652, 3061
1.8655, 3060
1.8658, 3059
1.8660, 3058
1.8663, 3057
1.8667, 3056
1.8669, 3055
1.8672, 3054
1.8675, 3053
1.8678, 3052
1.8682, 3051
1.8685, 3050
1.8696, 3049
1.8705, 3048
1.8711, 3047
1.8714, 3046
1.8716, 3045
1.8719, 3044
1.8722, 3043
1.8725, 3042
1.8728, 3041
1.8731, 3040
1.8734, 3039
1.8737, 3038
1.8740, 3037
1.8743, 3036
1.8745, 3035
1.8748, 3034
1.8751, 3033
1.8754, 3032
1.8757, 3031
1.8760, 3030
1.8763, 3029
1.8766, 3028
1.8769, 3027
1.8772, 3026
1.8775, 3025
1.8778, 3024
1.8781, 3023
1.8784, 3022
1.8787, 3021
1.8790, 3020
1.8793, 3019
1.8796, 3018
1.8798, 3017
1.8801, 3016
1.8804, 3015
1.8808, 3014
1.8811, 3013
1.8833, 3012
1.8836, 3011
1.8839, 3010
1.8842, 3009
1.8845, 3008
1.8847, 3007
1.8857, 3006
1.8864, 3005
1.8872, 3004
1.8911, 3003
1.8914, 3002
1.8917, 3001
1.8920, 3000
1.8923, 2999
1.8926, 2998
1.8929, 2997
1.8932, 2996
1.8935, 2995
1.8937, 2994
1.8940, 2993
1.8943, 2992
1.8946, 2991
1.8949, 2990
1.8952, 2989
1.8955, 2988
1.8958, 2987
1.8961, 2986
1.8964, 2985
1.8967, 2984
1.8970, 2983
1.8973, 2982
1.8976, 2981
1.8979, 2980
1.8982, 2979
1.8985, 2978
1.8988, 2977
1.8991, 2976
1.8994, 2975
1.8997, 2974
1.9000, 2973
1.9003, 2972
1.9007, 2971
1.9010, 2970
1.9013, 2969
1.9023, 2968
1.9033, 2967
1.9042, 2966
1.9054, 2965
1.9062, 2964
1.9086, 2963
1.9094, 2962
1.9103, 2961
1.9113, 2960
1.9122, 2959
1.9130, 2958
1.9137, 2957
1.9148, 2956
1.9152, 2955
1.9155, 2954
1.9158, 2953
1.9161, 2952
1.9164, 2951
1.9167, 2950
1.9170, 2949
1.9173, 2948
1.9176, 2947
1.9179, 2946
1.9182, 2945
1.9185, 2944
1.9188, 2943
1.9191, 2942
1.9194, 2941
1.9197, 2940
1.9200, 2939
1.9204, 2938
1.9207, 2937
1.9210, 2936
1.9213, 2935
1.9215, 2934
1.9219, 2933
1.9222, 2932
1.9225, 2931
1.9228, 2930
1.9232, 2929
1.9243, 2928
1.9247, 2927
1.9251, 2926
1.9258, 2925
1.9265, 2924
1.9272, 2923
1.9279, 2922
1.9287, 2921
1.9295, 2920
1.9304, 2919
1.9313, 2918
1.9321, 2917
1.9328, 2916
1.9337, 2915
1.9345, 2914
1.9352, 2913
1.9356, 2912
1.9360, 2911
1.9363, 2910
1.9366, 2909
1.9369, 2908
1.9372, 2907
1.9375, 2906
1.9378, 2905
1.9381, 2904
1.9384, 2903
1.9387, 2902
1.9390, 2901
1.9393, 2900
1.9396, 2899
1.9399, 2898
1.9402, 2897
1.9405, 2896
1.9408, 2895
1.9411, 2894
1.9414, 2893
1.9417, 2892
1.9420, 2891
1.9423, 2890
1.9426, 2889
1.9429, 2888
1.9432, 2887
1.9436, 2886
1.9439, 2885
1.9442, 2884
1.9445, 2883
1.9448, 2882
1.9451, 2881
1.9454, 2880
1.9457, 2879
1.9460, 2878
1.9462, 2877
1.9465, 2876
1.9490, 2875
1.9499, 2874
1.9506, 2873
1.9513, 2872
1.9521, 2871
1.9528, 2870
1.9535, 2869
1.9558, 2868
1.9570, 2867
1.9578, 2866
1.9586, 2865
1.9593, 2864
1.9600, 2863
1.9622, 2862
1.9625, 2861
1.9631, 2860
1.9638, 2859
1.9645, 2858
1.9652, 2857
1.9659, 2856
1.9667, 2855
1.9674, 2854
1.9681, 2853
1.9688, 2852
1.9695, 2851
1.9702, 2850
1.9788, 2849
1.9793, 2848
1.9796, 2847
1.9799, 2846
1.9802, 2845
1.9805, 2844
1.9808, 2843
1.9811, 2842
1.9813, 2841
1.9816, 2840
1.9819, 2839
1.9822, 2838
1.9825, 2837
1.9828, 2836
1.9831, 2835
1.9833, 2834
1.9837, 2833
1.9839, 2832
1.9843, 2831
1.9846, 2830
1.9848, 2829
1.9851, 2828
1.9855, 2827
1.9857, 2826
1.9860, 2825
1.9863, 2824
1.9866, 2823
1.9869, 2822
1.9872, 2821
1.9875, 2820
1.9884, 2819
1.9892, 2818
1.9902, 2817
1.9910, 2816
1.9917, 2815
1.9923, 2814
1.9930, 2813
1.9938, 2812
1.9945, 2811
1.9954, 2810
1.9961, 2809
1.9968, 2808
2.0028, 2807
2.0031, 2806
2.0034, 2805
2.0036, 2804
2.0039, 2803
2.0042, 2802
2.0045, 2801
2.0048, 2800
2.0051, 2799
2.0054, 2798
2.0057, 2797
2.0060, 2796
2.0063, 2795
2.0066, 2794
2.0068, 2793
2.0071, 2792
2.0074, 2791
2.0077, 2790
2.0080, 2789
2.0083, 2788
2.0086, 2787
2.0088, 2786
2.0091, 2785
2.0094, 2784
2.0097, 2783
2.0100, 2782
2.0103, 2781
2.0105, 2780
2.0108, 2779
2.0117, 2778
2.0120, 2777
2.0123, 2776
2.0125, 2775
2.0128, 2774
2.0131, 2773
2.0134, 2772
2.0137, 2771
2.0139, 2770
2.0142, 2769
2.0145, 2768
2.0148, 2767
2.0150, 2766
2.0153, 2765
2.0156, 2764
2.0159, 2763
2.0162, 2762
2.0164, 2761
2.0167, 2760
2.0170, 2759
2.0173, 2758
2.0176, 2757
2.0180, 2756
2.0189, 2755
2.0196, 2754
2.0204, 2753
2.0211, 2752
2.0243, 2751
2.0251, 2750
2.0258, 2749
2.0270, 2748
2.0277, 2747
2.0284, 2746
2.0291, 2745
2.0298, 2744
2.0305, 2743
2.0346, 2742
2.0356, 2741
2.0366, 2740
2.0373, 2739
2.0385, 2738
2.0393, 2737
2.0403, 2736
2.0416, 2735
2.0424, 2734
2.0430, 2733
2.0433, 2732
2.0436, 2731
2.0439, 2730
2.0442, 2729
2.0445, 2728
2.0448, 2727
2.0451, 2726
2.0454, 2725
2.0456, 2724
2.0459, 2723
2.0462, 2722
2.0465, 2721
2.0468, 2720
2.0470, 2719
2.0473, 2718
2.0476, 2717
2.0479, 2716
2.0482, 2715
2.0485, 2714
2.0488, 2713
2.0491, 2712
2.0494, 2711
2.0497, 2710
2.0499, 2709
2.0502, 2708
2.0505, 2707
2.0508, 2706
2.0511, 2705
2.0514, 2704
2.0516, 2703
2.0519, 2702
2.0522, 2701
2.0525, 2700
2.0527, 2699
2.0530, 2698
2.0533, 2697
2.0536, 2696
2.0539, 2695
2.0541, 2694
2.0544, 2693
2.0547, 2692
2.0553, 2691
2.0563, 2690
2.0573, 2689
2.0580, 2688
2.0590, 2687
2.0599, 2686
2.0601, 2685
2.0604, 2684
2.0607, 2683
2.0610, 2682
2.0613, 2681
2.0616, 2680
2.0618, 2679
2.0621, 2678
2.0624, 2677
2.0626, 2676
2.0629, 2675
2.0632, 2674
2.0635, 2673
2.0638, 2672
2.0641, 2671
2.0645, 2670
2.0647, 2669
2.0650, 2668
2.0653, 2667
2.0655, 2666
2.0658, 2665
2.0661, 2664
2.0664, 2663
2.0666, 2662
2.0669, 2661
2.0672, 2660
2.0675, 2659
2.0678, 2658
2.0681, 2657
2.0683, 2656
2.0686, 2655
2.0689, 2654
2.0692, 2653
2.0695, 2652
2.0699, 2651
2.0709, 2650
2.0793, 2649
2.0800, 2648
2.0809, 2647
2.0811, 2646
2.0814, 2645
2.0817, 2644
2.0819, 2643
2.0822, 2642
2.0825, 2641
2.0827, 2640
2.0830, 2639
2.0833, 2638
2.0835, 2637
2.0838, 2636
2.0841, 2635
2.0844, 2634
2.0846, 2633
2.0849, 2632
2.0852, 2631
2.0855, 2630
2.0857, 2629
2.0860, 2628
2.0863, 2627
2.0866, 2626
2.0869, 2625
2.0872, 2624
2.0874, 2623
2.0908, 2622
2.0915, 2621
2.0921, 2620
2.0928, 2619
2.0935, 2618
2.0942, 2617
2.0949, 2616
2.0956, 2615
2.0963, 2614
2.0969, 2613
2.0976, 2612
2.0982, 2611
2.0989, 2610
2.0995, 2609
2.1002, 2608
2.1011, 2607
2.1014, 2606
2.1017, 2605
2.1019, 2604
2.1022, 2603
2.1025, 2602
2.1028, 2601
2.1030, 2600
2.1033, 2599
2.1036, 2598
2.1039, 2597
2.1041, 2596
2.1044, 2595
2.1047, 2594
2.1050, 2593
2.1052, 2592
2.1055, 2591
2.1058, 2590
2.1061, 2589
2.1064, 2588
2.1066, 2587
2.1069, 2586
2.1071, 2585
2.1074, 2584
2.1077, 2583
2.1079, 2582
2.1082, 2581
2.1085, 2580
2.1088, 2579
2.1090, 2578
2.1093, 2577
2.1096, 2576
2.1098, 2575
2.1101, 2574
2.1104, 2573
2.1107, 2572
2.1109, 2571
2.1112, 2570
2.1115, 2569
2.1117, 2568
2.1120, 2567
2.1123, 2566
2.1127, 2565
2.1175, 2564
2.1264, 2563
2.1397, 2562
2.1400, 2561
2.1487, 2560
2.1489, 2559
2.1534, 2558
2.1601, 2557
2.1668, 2556
2.1756, 2555
2.1844, 2554
2.2151, 2553
2.2257, 2552
2.2384, 2551
2.2427, 2550
2.2430, 2549
2.2494, 2548
2.2601, 2547
2.2646, 2546
2.2826, 2545
2.2871, 2544
2.2894, 2543
2.2917, 2542
2.2919, 2541
2.2921, 2540
2.2986, 2539
2.3071, 2538
2.3074, 2537
2.3200, 2536
2.3286, 2535
2.3371, 2534
2.3373, 2533
2.3437, 2532
2.3565, 2531
2.3629, 2530
2.3861, 2529
2.3966, 2528
2.3968, 2527
2.4012, 2526
2.4014, 2525
2.4099, 2524
2.4144, 2523
2.4146, 2522
2.4231, 2521
2.4234, 2520
2.4257, 2519
2.4280, 2518
2.4345, 2517
2.4347, 2516
2.4390, 2515
2.4434, 2514
2.4436, 2513
2.4439, 2512
2.4482, 2511
2.4526, 2510
2.5209, 2509
2.5359, 2508
2.5361, 2507
2.5532, 2506
2.5762, 2505
2.5827, 2504
2.5829, 2503
2.6037, 2502
2.6039, 2501
2.6124, 2500
2.6188, 2499
2.6337, 2498
2.6568, 2497
2.6778, 2496
2.6865, 2495
2.6867, 2494
2.6912, 2493
2.6914, 2492
2.6979, 2491
2.7064, 2490
2.7170, 2489
2.7172, 2488
2.7238, 2487
2.7282, 2486
2.7284, 2485
2.7287, 2484
2.7289, 2483
2.7291, 2482
2.7355, 2481
2.7399, 2480
2.7402, 2479
2.7508, 2478
2.7510, 2477
2.7534, 2476
2.7744, 2475
2.7746, 2474
2.7852, 2473
2.7938, 2472
2.7983, 2471
2.8027, 2470
2.8071, 2469
2.8073, 2468
2.8075, 2467
2.8077, 2466
2.8269, 2465
2.8396, 2464
2.8441, 2463
2.8443, 2462
2.8445, 2461
2.8448, 2460
2.8700, 2459
2.8827, 2458
2.8912, 2457
2.9003, 2456
2.9005, 2455
2.9141, 2454
2.9143, 2453
2.9145, 2452
2.9212, 2451
2.9341, 2450
2.9344, 2449
2.9453, 2448
2.9582, 2447
2.9670, 2446
2.9693, 2445
2.9844, 2444
2.9952, 2443
3.0166, 2442
3.0213, 2441
3.0346, 2440
3.0415, 2439
3.0953, 2438
3.1243, 2437
3.1348, 2436
3.1394, 2435
3.1679, 2434
3.1791, 2433
3.1936, 2432
3.2026, 2431
3.2514, 2430
3.2583, 2429
3.2889, 2428
3.3003, 2427
3.3042, 2426
3.3490, 2425
3.3602, 2424
3.3855, 2423
3.3921, 2422
3.3985, 2421
3.3987, 2420
3.4239, 2419
3.4241, 2418
3.4368, 2417
3.4515, 2416
3.4662, 2415
3.4665, 2414
3.4852, 2413
3.4958, 2412
3.5124, 2411
3.5188, 2410
3.5334, 2409
3.5337, 2408
3.5339, 2407
3.5362, 2406
3.5364, 2405
3.5448, 2404
3.5450, 2403
3.5494, 2402
3.5496, 2401
3.5498, 2400
3.5603, 2399
3.5790, 2398
3.5937, 2397
3.5939, 2396
3.5983, 2395
3.5985, 2394
3.5987, 2393
3.6051, 2392
3.6136, 2391
3.6138, 2390
3.6182, 2389
3.6184, 2388
3.6291, 2387
3.6481, 2386
3.6504, 2385
3.6547, 2384
3.6549, 2383
3.6613, 2382
3.6615, 2381
3.6679, 2380
3.6681, 2379
3.6684, 2378
3.6747, 2377
3.6749, 2376
3.6793, 2375
3.6837, 2374
3.6859, 2373
3.6903, 2372
3.6905, 2371
3.6907, 2370
3.7138, 2369
3.7140, 2368
3.7142, 2367
3.7208, 2366
3.7210, 2365
3.7213, 2364
3.7278, 2363
3.7281, 2362
3.7283, 2361
3.7285, 2360
3.7288, 2359
3.7290, 2358
3.7501, 2357
3.7503, 2356
3.7527, 2355
3.7529, 2354
3.7594, 2353
3.7659, 2352
3.7661, 2351
3.7664, 2350
3.7666, 2349
3.7710, 2348
3.7886, 2347
3.7933, 2346
3.8046, 2345
3.8070, 2344
3.8095, 2343
3.8280, 2342
3.8458, 2341
3.8621, 2340
3.8772, 2339
3.8774, 2338
3.8777, 2337
3.8962, 2336
3.9008, 2335
3.9011, 2334
3.9058, 2333
3.9304, 2332
3.9491, 2331
3.9493, 2330
3.9496, 2329
3.9541, 2328
3.9634, 2327
3.9638, 2326
3.9754, 2325
3.9756, 2324
4.0137, 2323
4.0139, 2322
4.0538, 2321
4.1365, 2320
4.1517, 2319
4.1611, 2318
4.1695, 2317
4.1697, 2316
4.1858, 2315
4.1865, 2314
4.1892, 2313
4.2038, 2312
4.2041, 2311
4.2541, 2310
4.2810, 2309
4.2938, 2308
4.2945, 2307
4.3021, 2306
4.3027, 2305
4.3301, 2304
4.3308, 2303
4.3463, 2302
4.3506, 2301
4.3626, 2300
4.3759, 2299
4.3852, 2298
4.3854, 2297
4.3977, 2296
4.3984, 2295
4.4057, 2294
4.4059, 2293
4.4270, 2292
4.4317, 2291
4.4470, 2290
4.4548, 2289
4.4725, 2288
4.4728, 2287
4.4778, 2286
4.4856, 2285
4.4881, 2284
4.4883, 2283
4.5156, 2282
4.5530, 2281
4.5532, 2280
4.6083, 2279
4.6276, 2278
4.6410, 2277
4.7357, 2276
4.7514, 2275
4.7521, 2274
4.7527, 2273
4.7533, 2272
4.7619, 2271
4.7813, 2270
4.7816, 2269
4.7818, 2268
4.7983, 2267
4.7986, 2266
4.7988, 2265
4.8458, 2264
4.8647, 2263
4.8962, 2262
4.8965, 2261
4.8967, 2260
4.9371, 2259
4.9657, 2258
4.9660, 2257
4.9827, 2256
4.9829, 2255
