0.0274, 2281
0.0702, 2280
0.0992, 2279
0.1578, 2278
0.1707, 2275
0.2079, 2274
0.2174, 2273
0.2263, 2272
0.2416, 2269
0.2512, 2268
0.2543, 2267
0.2876, 2266
0.3390, 2265
0.3663, 2264
0.4060, 2263
0.4091, 2262
0.4183, 2261
0.4340, 2260
0.4435, 2259
0.4896, 2258
0.5077, 2257
0.5139, 2256
0.5393, 2255
0.5543, 2254
0.5604, 2253
0.5941, 2251
0.6458, 2249
0.6519, 2248
0.6854, 2247
0.6944, 2246
0.7609, 2245
0.7885, 2244
0.7975, 2243
0.8613, 2242
0.8676, 2240
0.8708, 2238
0.9164, 2236
0.9436, 2235
0.9526, 2234
0.9957, 2232
1.0232, 2231
1.0779, 2230
1.1144, 2229
1.2627, 2228
1.3173, 2227
1.6167, 2226
1.7042, 2225
1.7910, 2224
1.9508, 2223
1.9571, 2222
1.9850, 2221
2.1420, 2220
2.8211, 2219
