0.7196, 3931
0.7200, 3930
0.7203, 3929
0.7207, 3928
0.7210, 3927
0.7214, 3926
0.7217, 3925
0.7220, 3924
0.7224, 3923
0.7227, 3922
0.7230, 3921
0.7234, 3920
0.7237, 3919
0.7240, 3918
0.7244, 3917
0.7247, 3916
0.7251, 3915
0.7254, 3914
0.7258, 3913
0.7261, 3912
0.7265, 3911
0.7268, 3910
0.7271, 3909
0.7275, 3908
0.7278, 3907
0.7281, 3906
0.7284, 3905
0.7288, 3904
0.7292, 3903
0.7295, 3902
0.7298, 3901
0.7302, 3900
0.7305, 3899
0.7309, 3898
0.7312, 3897
0.7316, 3896
0.7319, 3895
0.7322, 3894
0.7326, 3893
0.7329, 3892
0.7333, 3891
0.7336, 3890
0.7340, 3889
0.7343, 3888
0.7347, 3887
0.7351, 3886
0.7354, 3885
0.7358, 3884
0.7362, 3883
0.7365, 3882
0.7369, 3881
0.7372, 3880
0.7376, 3879
0.7379, 3878
0.7382, 3877
0.7386, 3876
0.7389, 3875
0.7392, 3874
0.7396, 3873
0.7399, 3872
0.7403, 3871
0.7406, 3870
0.7410, 3869
0.7413, 3868
0.7416, 3867
0.7420, 3866
0.7423, 3865
0.7427, 3864
0.7430, 3863
0.7434, 3862
0.7437, 3861
0.7440, 3860
0.7444, 3859
0.7447, 3858
0.7450, 3857
0.7454, 3856
0.7457, 3855
0.7460, 3854
0.7464, 3853
0.7467, 3852
0.7470, 3851
0.7474, 3850
0.7477, 3849
0.7480, 3848
0.7484, 3847
0.7487, 3846
0.7491, 3845
0.7494, 3844
0.7498, 3843
0.7501, 3842
0.7505, 3841
0.7508, 3840
0.7512, 3839
0.7515, 3838
0.7519, 3837
0.7522, 3836
0.7525, 3835
0.7529, 3834
0.7532, 3833
0.7535, 3832
0.7539, 3831
0.7542, 3830
0.7546, 3829
0.7549, 3828
0.7553, 3827
0.7556, 3826
0.7560, 3825
0.7563, 3824
0.7567, 3823
0.7570, 3822
0.7574, 3821
0.7577, 3820
0.7580, 3819
0.7584, 3818
0.7587, 3817
0.7591, 3816
0.7594, 3815
0.7597, 3814
0.7601, 3813
0.7604, 3812
0.7607, 3811
0.7611, 3810
0.7614, 3809
0.7617, 3808
0.7621, 3807
0.7624, 3806
0.7627, 3805
0.7630, 3804
0.7634, 3803
0.7637, 3802
0.7641, 3801
0.7644, 3800
0.7647, 3799
0.7651, 3798
0.7654, 3797
0.7657, 3796
0.7661, 3795
0.7664, 3794
0.7667, 3793
0.7671, 3792
0.7674, 3791
0.7678, 3790
0.7681, 3789
0.7684, 3788
0.7688, 3787
0.7691, 3786
0.7694, 3785
0.7698, 3784
0.7701, 3783
0.7704, 3782
0.7708, 3781
0.7711, 3780
0.7714, 3779
0.7718, 3778
0.7721, 3777
0.7725, 3776
0.7728, 3775
0.7731, 3774
0.7735, 3773
0.7739, 3772
0.7742, 3771
0.7745, 3770
0.7749, 3769
0.7752, 3768
0.7755, 3767
0.7759, 3766
0.7762, 3765
0.7765, 3764
0.7768, 3763
0.7772, 3762
0.7775, 3761
0.7779, 3760
0.7782, 3759
0.7785, 3758
0.7789, 3757
0.7792, 3756
0.7796, 3755
0.7799, 3754
0.7803, 3753
0.7806, 3752
0.7809, 3751
0.7813, 3750
0.7816, 3749
0.7819, 3748
0.7823, 3747
0.7826, 3746
0.7829, 3745
0.7833, 3744
0.7836, 3743
0.7839, 3742
0.7843, 3741
0.7847, 3740
0.7850, 3739
0.7853, 3738
0.7857, 3737
0.7861, 3736
0.7864, 3735
0.7867, 3734
0.7870, 3733
0.7874, 3732
0.7877, 3731
0.7881, 3730
0.7884, 3729
0.7887, 3728
0.7891, 3727
0.7894, 3726
0.7897, 3725
0.7901, 3724
0.7904, 3723
0.7907, 3722
0.7911, 3721
0.7914, 3720
0.7917, 3719
0.7921, 3718
0.7924, 3717
0.7927, 3716
0.7931, 3715
0.7935, 3714
0.7938, 3713
0.7942, 3712
0.7946, 3711
0.7949, 3710
0.7952, 3709
0.7956, 3708
0.7959, 3707
0.7962, 3706
0.7965, 3705
0.7969, 3704
0.7972, 3703
0.7975, 3702
0.7978, 3701
0.7982, 3700
0.7985, 3699
0.7989, 3698
0.7992, 3697
0.7996, 3696
0.7999, 3695
0.8002, 3694
0.8006, 3693
0.8009, 3692
0.8012, 3691
0.8016, 3690
0.8019, 3689
0.8023, 3688
0.8026, 3687
0.8029, 3686
0.8032, 3685
0.8036, 3684
0.8039, 3683
0.8043, 3682
0.8046, 3681
0.8049, 3680
0.8052, 3679
0.8056, 3678
0.8059, 3677
0.8062, 3676
0.8066, 3675
0.8069, 3674
0.8072, 3673
0.8075, 3672
0.8078, 3671
0.8082, 3670
0.8085, 3669
0.8088, 3668
0.8091, 3667
0.8094, 3666
0.8098, 3665
0.8101, 3664
0.8104, 3663
0.8108, 3662
0.8111, 3661
0.8114, 3660
0.8117, 3659
0.8120, 3658
0.8124, 3657
0.8127, 3656
0.8130, 3655
0.8133, 3654
0.8137, 3653
0.8140, 3652
0.8143, 3651
0.8147, 3650
0.8150, 3649
0.8153, 3648
0.8157, 3647
0.8160, 3646
0.8164, 3645
0.8167, 3644
0.8170, 3643
0.8173, 3642
0.8177, 3641
0.8180, 3640
0.8183, 3639
0.8186, 3638
0.8190, 3637
0.8193, 3636
0.8196, 3635
0.8199, 3634
0.8203, 3633
0.8206, 3632
0.8209, 3631
0.8212, 3630
0.8216, 3629
0.8219, 3628
0.8222, 3627
0.8225, 3626
0.8229, 3625
0.8232, 3624
0.8235, 3623
0.8238, 3622
0.8242, 3621
0.8245, 3620
0.8249, 3619
0.8252, 3618
0.8255, 3617
0.8258, 3616
0.8262, 3615
0.8265, 3614
0.8269, 3613
0.8272, 3612
0.8275, 3611
0.8278, 3610
0.8281, 3609
0.8285, 3608
0.8288, 3607
0.8291, 3606
0.8294, 3605
0.8297, 3604
0.8301, 3603
0.8304, 3602
0.8307, 3601
0.8311, 3600
0.8314, 3599
0.8317, 3598
0.8321, 3597
0.8324, 3596
0.8328, 3595
0.8331, 3594
0.8335, 3593
0.8338, 3592
0.8341, 3591
0.8344, 3590
0.8347, 3589
0.8350, 3588
0.8354, 3587
0.8357, 3586
0.8360, 3585
0.8363, 3584
0.8366, 3583
0.8370, 3582
0.8373, 3581
0.8376, 3580
0.8380, 3579
0.8383, 3578
0.8387, 3577
0.8390, 3576
0.8393, 3575
0.8396, 3574
0.8400, 3573
0.8403, 3572
0.8406, 3571
0.8409, 3570
0.8412, 3569
0.8416, 3568
0.8419, 3567
0.8422, 3566
0.8425, 3565
0.8428, 3564
0.8431, 3563
0.8435, 3562
0.8438, 3561
0.8441, 3560
0.8444, 3559
0.8447, 3558
0.8450, 3557
0.8454, 3556
0.8457, 3555
0.8460, 3554
0.8463, 3553
0.8467, 3552
0.8470, 3551
0.8473, 3550
0.8477, 3549
0.8480, 3548
0.8483, 3547
0.8486, 3546
0.8490, 3545
0.8494, 3544
0.8498, 3543
0.8501, 3542
0.8505, 3541
0.8508, 3540
0.8512, 3539
0.8515, 3538
0.8518, 3537
0.8521, 3536
0.8524, 3535
0.8528, 3534
0.8531, 3533
0.8534, 3532
0.8537, 3531
0.8540, 3530
0.8543, 3529
0.8547, 3528
0.8550, 3527
0.8553, 3526
0.8557, 3525
0.8560, 3524
0.8563, 3523
0.8566, 3522
0.8569, 3521
0.8573, 3520
0.8576, 3519
0.8580, 3518
0.8583, 3517
0.8586, 3516
0.8589, 3515
0.8593, 3514
0.8596, 3513
0.8599, 3512
0.8603, 3511
0.8606, 3510
0.8609, 3509
0.8612, 3508
0.8616, 3507
0.8619, 3506
0.8622, 3505
0.8625, 3504
0.8628, 3503
0.8631, 3502
0.8635, 3501
0.8638, 3500
0.8641, 3499
0.8644, 3498
0.8648, 3497
0.8651, 3496
0.8654, 3495
0.8657, 3494
0.8660, 3493
0.8663, 3492
0.8666, 3491
0.8670, 3490
0.8673, 3489
0.8676, 3488
0.8679, 3487
0.8682, 3486
0.8685, 3485
0.8688, 3484
0.8691, 3483
0.8695, 3482
0.8698, 3481
0.8702, 3480
0.8705, 3479
0.8708, 3478
0.8711, 3477
0.8715, 3476
0.8718, 3475
0.8721, 3474
0.8724, 3473
0.8727, 3472
0.8730, 3471
0.8733, 3470
0.8736, 3469
0.8739, 3468
0.8742, 3467
0.8745, 3466
0.8749, 3465
0.8752, 3464
0.8755, 3463
0.8758, 3462
0.8761, 3461
0.8764, 3460
0.8768, 3459
0.8771, 3458
0.8774, 3457
0.8777, 3456
0.8780, 3455
0.8783, 3454
0.8786, 3453
0.8789, 3452
0.8793, 3451
0.8796, 3450
0.8799, 3449
0.8802, 3448
0.8805, 3447
0.8809, 3446
0.8812, 3445
0.8815, 3444
0.8818, 3443
0.8821, 3442
0.8825, 3441
0.8828, 3440
0.8831, 3439
0.8834, 3438
0.8837, 3437
0.8840, 3436
0.8844, 3435
0.8847, 3434
0.8850, 3433
0.8853, 3432
0.8856, 3431
0.8860, 3430
0.8863, 3429
0.8866, 3428
0.8869, 3427
0.8872, 3426
0.8875, 3425
0.8878, 3424
0.8882, 3423
0.8885, 3422
0.8888, 3421
0.8891, 3420
0.8895, 3419
0.8898, 3418
0.8901, 3417
0.8904, 3416
0.8907, 3415
0.8910, 3414
0.8913, 3413
0.8916, 3412
0.8920, 3411
0.8922, 3410
0.8925, 3409
0.8929, 3408
0.8932, 3407
0.8935, 3406
0.8937, 3405
0.8940, 3404
0.8943, 3403
0.8946, 3402
0.8949, 3401
0.8953, 3400
0.8955, 3399
0.8959, 3398
0.8962, 3397
0.8965, 3396
0.8968, 3395
0.8971, 3394
0.8974, 3393
0.8977, 3392
0.8981, 3391
0.8984, 3390
0.8987, 3389
0.8990, 3388
0.8993, 3387
0.8997, 3386
0.9000, 3385
0.9003, 3384
0.9006, 3383
0.9009, 3382
0.9012, 3381
0.9015, 3380
0.9019, 3379
0.9022, 3378
0.9025, 3377
0.9028, 3376
0.9032, 3375
0.9035, 3374
0.9038, 3373
0.9041, 3372
0.9045, 3371
0.9048, 3370
0.9051, 3369
0.9054, 3368
0.9057, 3367
0.9060, 3366
0.9063, 3365
0.9066, 3364
0.9069, 3363
0.9072, 3362
0.9075, 3361
0.9079, 3360
0.9082, 3359
0.9085, 3358
0.9088, 3357
0.9091, 3356
0.9094, 3355
0.9097, 3354
0.9100, 3353
0.9103, 3352
0.9107, 3351
0.9110, 3350
0.9113, 3349
0.9116, 3348
0.9119, 3347
0.9122, 3346
0.9125, 3345
0.9129, 3344
0.9132, 3343
0.9135, 3342
0.9138, 3341
0.9142, 3340
0.9145, 3339
0.9148, 3338
0.9152, 3337
0.9155, 3336
0.9158, 3335
0.9161, 3334
0.9164, 3333
0.9167, 3332
0.9170, 3331
0.9173, 3330
0.9177, 3329
0.9180, 3328
0.9183, 3327
0.9186, 3326
0.9189, 3325
0.9192, 3324
0.9195, 3323
0.9198, 3322
0.9201, 3321
0.9204, 3320
0.9207, 3319
0.9210, 3318
0.9214, 3317
0.9216, 3316
0.9219, 3315
0.9222, 3314
0.9225, 3313
0.9229, 3312
0.9232, 3311
0.9235, 3310
0.9239, 3309
0.9243, 3308
0.9246, 3307
0.9249, 3306
0.9252, 3305
0.9256, 3304
0.9259, 3303
0.9262, 3302
0.9265, 3301
0.9269, 3300
0.9273, 3299
0.9276, 3298
0.9279, 3297
0.9282, 3296
0.9286, 3295
0.9289, 3294
0.9292, 3293
0.9295, 3292
0.9299, 3291
0.9302, 3290
0.9305, 3289
0.9308, 3288
0.9312, 3287
0.9316, 3286
0.9319, 3285
0.9322, 3284
0.9325, 3283
0.9328, 3282
0.9331, 3281
0.9334, 3280
0.9337, 3279
0.9341, 3278
0.9344, 3277
0.9347, 3276
0.9351, 3275
0.9354, 3274
0.9357, 3273
0.9361, 3272
0.9364, 3271
0.9367, 3270
0.9371, 3269
0.9374, 3268
0.9377, 3267
0.9381, 3266
0.9384, 3265
0.9387, 3264
0.9391, 3263
0.9394, 3262
0.9397, 3261
0.9400, 3260
0.9403, 3259
0.9406, 3258
0.9410, 3257
0.9413, 3256
0.9416, 3255
0.9419, 3254
0.9422, 3253
0.9425, 3252
0.9428, 3251
0.9431, 3250
0.9434, 3249
0.9437, 3248
0.9440, 3247
0.9444, 3246
0.9447, 3245
0.9450, 3244
0.9453, 3243
0.9456, 3242
0.9460, 3241
0.9463, 3240
0.9466, 3239
0.9469, 3238
0.9472, 3237
0.9476, 3236
0.9479, 3235
0.9482, 3234
0.9485, 3233
0.9489, 3232
0.9492, 3231
0.9496, 3230
0.9499, 3229
0.9502, 3228
0.9505, 3227
0.9508, 3226
0.9511, 3225
0.9515, 3224
0.9518, 3223
0.9521, 3222
0.9524, 3221
0.9527, 3220
0.9530, 3219
0.9534, 3218
0.9537, 3217
0.9540, 3216
0.9543, 3215
0.9546, 3214
0.9549, 3213
0.9552, 3212
0.9555, 3211
0.9558, 3210
0.9561, 3209
0.9564, 3208
0.9567, 3207
0.9570, 3206
0.9573, 3205
0.9576, 3204
0.9579, 3203
0.9582, 3202
0.9585, 3201
0.9589, 3200
0.9592, 3199
0.9596, 3198
0.9599, 3197
0.9602, 3196
0.9605, 3195
0.9608, 3194
0.9612, 3193
0.9614, 3192
0.9618, 3191
0.9621, 3190
0.9624, 3189
0.9627, 3188
0.9631, 3187
0.9633, 3186
0.9637, 3185
0.9640, 3184
0.9643, 3183
0.9646, 3182
0.9649, 3181
0.9652, 3180
0.9656, 3179
0.9659, 3178
0.9662, 3177
0.9665, 3176
0.9668, 3175
0.9671, 3174
0.9674, 3173
0.9677, 3172
0.9680, 3171
0.9683, 3170
0.9686, 3169
0.9689, 3168
0.9692, 3167
0.9696, 3166
0.9699, 3165
0.9702, 3164
0.9705, 3163
0.9708, 3162
0.9711, 3161
0.9714, 3160
0.9717, 3159
0.9720, 3158
0.9723, 3157
0.9726, 3156
0.9729, 3155
0.9732, 3154
0.9735, 3153
0.9738, 3152
0.9741, 3151
0.9744, 3150
0.9747, 3149
0.9750, 3148
0.9753, 3147
0.9756, 3146
0.9759, 3145
0.9762, 3144
0.9765, 3143
0.9768, 3142
0.9771, 3141
0.9774, 3140
0.9777, 3139
0.9780, 3138
0.9784, 3137
0.9787, 3136
0.9790, 3135
0.9792, 3134
0.9796, 3133
0.9799, 3132
0.9803, 3131
0.9807, 3130
0.9810, 3129
0.9813, 3128
0.9816, 3127
0.9819, 3126
0.9823, 3125
0.9826, 3124
0.9829, 3123
0.9832, 3122
0.9836, 3121
0.9839, 3120
0.9842, 3119
0.9845, 3118
0.9848, 3117
0.9851, 3116
0.9854, 3115
0.9857, 3114
0.9860, 3113
0.9863, 3112
0.9866, 3111
0.9869, 3110
0.9872, 3109
0.9875, 3108
0.9878, 3107
0.9880, 3106
0.9883, 3105
0.9886, 3104
0.9889, 3103
0.9892, 3102
0.9895, 3101
0.9898, 3100
0.9901, 3099
0.9904, 3098
0.9907, 3097
0.9909, 3096
0.9912, 3095
0.9915, 3094
0.9918, 3093
0.9921, 3092
0.9924, 3091
0.9927, 3090
0.9929, 3089
0.9932, 3088
0.9935, 3087
0.9938, 3086
0.9941, 3085
0.9944, 3084
0.9947, 3083
0.9950, 3082
0.9953, 3081
0.9956, 3080
0.9959, 3079
0.9962, 3078
0.9964, 3077
0.9967, 3076
0.9970, 3075
0.9973, 3074
0.9976, 3073
0.9979, 3072
0.9983, 3071
0.9986, 3070
0.9989, 3069
0.9992, 3068
0.9995, 3067
0.9998, 3066
1.0001, 3065
1.0004, 3064
1.0007, 3063
1.0010, 3062
1.0013, 3061
1.0016, 3060
1.0019, 3059
1.0021, 3058
1.0024, 3057
1.0027, 3056
1.0030, 3055
1.0033, 3054
1.0035, 3053
1.0038, 3052
1.0041, 3051
1.0044, 3050
1.0047, 3049
1.0050, 3048
1.0053, 3047
1.0056, 3046
1.0059, 3045
1.0062, 3044
1.0065, 3043
1.0068, 3042
1.0071, 3041
1.0075, 3040
1.0078, 3039
1.0081, 3038
1.0084, 3037
1.0087, 3036
1.0090, 3035
1.0093, 3034
1.0095, 3033
1.0098, 3032
1.0101, 3031
1.0104, 3030
1.0107, 3029
1.0110, 3028
1.0112, 3027
1.0115, 3026
1.0118, 3025
1.0120, 3024
1.0123, 3023
1.0126, 3022
1.0129, 3021
1.0131, 3020
1.0135, 3019
1.0138, 3018
1.0141, 3017
1.0144, 3016
1.0147, 3015
1.0150, 3014
1.0153, 3013
1.0156, 3012
1.0159, 3011
1.0162, 3010
1.0165, 3009
1.0168, 3008
1.0171, 3007
1.0174, 3006
1.0177, 3005
1.0180, 3004
1.0183, 3003
1.0185, 3002
1.0188, 3001
1.0191, 3000
1.0194, 2999
1.0197, 2998
1.0200, 2997
1.0203, 2996
1.0206, 2995
1.0208, 2994
1.0211, 2993
1.0214, 2992
1.0217, 2991
1.0220, 2990
1.0223, 2989
1.0225, 2988
1.0228, 2987
1.0231, 2986
1.0233, 2985
1.0236, 2984
1.0239, 2983
1.0242, 2982
1.0244, 2981
1.0247, 2980
1.0250, 2979
1.0252, 2978
1.0255, 2977
1.0258, 2976
1.0261, 2975
1.0263, 2974
1.0266, 2973
1.0269, 2972
1.0272, 2971
1.0275, 2970
1.0277, 2969
1.0280, 2968
1.0283, 2967
1.0286, 2966
1.0288, 2965
1.0291, 2964
1.0295, 2963
1.0298, 2962
1.0301, 2961
1.0304, 2960
1.0307, 2959
1.0310, 2958
1.0313, 2957
1.0316, 2956
1.0319, 2955
1.0322, 2954
1.0324, 2953
1.0327, 2952
1.0330, 2951
1.0333, 2950
1.0336, 2949
1.0339, 2948
1.0342, 2947
1.0345, 2946
1.0349, 2945
1.0352, 2944
1.0356, 2943
1.0359, 2942
1.0362, 2941
1.0365, 2940
1.0368, 2939
1.0371, 2938
1.0373, 2937
1.0376, 2936
1.0379, 2935
1.0382, 2934
1.0384, 2933
1.0387, 2932
1.0390, 2931
1.0393, 2930
1.0396, 2929
1.0399, 2928
1.0402, 2927
1.0405, 2926
1.0408, 2925
1.0411, 2924
1.0414, 2923
1.0417, 2922
1.0420, 2921
1.0424, 2920
1.0427, 2919
1.0430, 2918
1.0433, 2917
1.0437, 2916
1.0440, 2915
1.0443, 2914
1.0446, 2913
1.0449, 2912
1.0452, 2911
1.0455, 2910
1.0458, 2909
1.0461, 2908
1.0465, 2907
1.0468, 2906
1.0471, 2905
1.0475, 2904
1.0478, 2903
1.0481, 2902
1.0484, 2901
1.0487, 2900
1.0490, 2899
1.0493, 2898
1.0496, 2897
1.0499, 2896
1.0501, 2895
1.0504, 2894
1.0507, 2893
1.0510, 2892
1.0513, 2891
1.0515, 2890
1.0518, 2889
1.0521, 2888
1.0524, 2887
1.0527, 2886
1.0530, 2885
1.0533, 2884
1.0535, 2883
1.0539, 2882
1.0541, 2881
1.0544, 2880
1.0547, 2879
1.0550, 2878
1.0553, 2877
1.0557, 2876
1.0560, 2875
1.0563, 2874
1.0565, 2873
1.0568, 2872
1.0571, 2871
1.0574, 2870
1.0577, 2869
1.0580, 2868
1.0583, 2867
1.0586, 2866
1.0588, 2865
1.0592, 2864
1.0595, 2863
1.0597, 2862
1.0600, 2861
1.0603, 2860
1.0606, 2859
1.0609, 2858
1.0612, 2857
1.0614, 2856
1.0617, 2855
1.0620, 2854
1.0622, 2853
1.0625, 2852
1.0628, 2851
1.0631, 2850
1.0634, 2849
1.0636, 2848
1.0639, 2847
1.0642, 2846
1.0644, 2845
1.0647, 2844
1.0650, 2843
1.0653, 2842
1.0655, 2841
1.0658, 2840
1.0660, 2839
1.0663, 2838
1.0666, 2837
1.0669, 2836
1.0672, 2835
1.0674, 2834
1.0677, 2833
1.0680, 2832
1.0683, 2831
1.0685, 2830
1.0689, 2829
1.0691, 2828
1.0694, 2827
1.0697, 2826
1.0700, 2825
1.0703, 2824
1.0706, 2823
1.0709, 2822
1.0712, 2821
1.0715, 2820
1.0717, 2819
1.0720, 2818
1.0723, 2817
1.0726, 2816
1.0729, 2815
1.0732, 2814
1.0734, 2813
1.0737, 2812
1.0740, 2811
1.0743, 2810
1.0746, 2809
1.0759, 2808
1.0762, 2807
1.0765, 2806
1.0767, 2805
1.0770, 2804
1.0773, 2803
1.0776, 2802
1.0779, 2801
1.0782, 2800
1.0784, 2799
1.0787, 2798
1.0790, 2797
1.0792, 2796
1.0796, 2795
1.0798, 2794
1.0801, 2793
1.0804, 2792
1.0807, 2791
1.0810, 2790
1.0813, 2789
1.0816, 2788
1.0819, 2787
1.0822, 2786
1.0825, 2785
1.0828, 2784
1.0830, 2783
1.0833, 2782
1.0836, 2781
1.0839, 2780
1.0842, 2779
1.0844, 2778
1.0847, 2777
1.0850, 2776
1.0853, 2775
1.0856, 2774
1.0858, 2773
1.0861, 2772
1.0864, 2771
1.0867, 2770
1.0869, 2769
1.0872, 2768
1.0875, 2767
1.0878, 2766
1.0881, 2765
1.0883, 2764
1.0886, 2763
1.0889, 2762
1.0891, 2761
1.0894, 2760
1.0897, 2759
1.0899, 2758
1.0902, 2757
1.0905, 2756
1.0907, 2755
1.0910, 2754
1.0913, 2753
1.0915, 2752
1.0918, 2751
1.0921, 2750
1.0924, 2749
1.0926, 2748
1.0929, 2747
1.0932, 2746
1.0935, 2745
1.0937, 2744
1.0940, 2743
1.0944, 2742
1.0946, 2741
1.0949, 2740
1.0952, 2739
1.0955, 2738
1.0958, 2737
1.0961, 2736
1.0964, 2735
1.0966, 2734
1.0969, 2733
1.0971, 2732
1.0974, 2731
1.0978, 2730
1.0981, 2729
1.0985, 2728
1.0987, 2727
1.0990, 2726
1.0993, 2725
1.0997, 2724
1.1000, 2723
1.1003, 2722
1.1006, 2721
1.1009, 2720
1.1011, 2719
1.1015, 2718
1.1018, 2717
1.1021, 2716
1.1023, 2715
1.1026, 2714
1.1029, 2713
1.1032, 2712
1.1035, 2711
1.1037, 2710
1.1040, 2709
1.1043, 2708
1.1046, 2707
1.1049, 2706
1.1052, 2705
1.1055, 2704
1.1058, 2703
1.1061, 2702
1.1064, 2701
1.1066, 2700
1.1069, 2699
1.1072, 2698
1.1075, 2697
1.1078, 2696
1.1081, 2695
1.1084, 2694
1.1086, 2693
1.1089, 2692
1.1092, 2691
1.1095, 2690
1.1098, 2689
1.1100, 2688
1.1103, 2687
1.1106, 2686
1.1109, 2685
1.1112, 2684
1.1114, 2683
1.1117, 2682
1.1120, 2681
1.1123, 2680
1.1126, 2679
1.1129, 2678
1.1132, 2677
1.1135, 2676
1.1137, 2675
1.1140, 2674
1.1143, 2673
1.1146, 2672
1.1149, 2671
1.1152, 2670
1.1155, 2669
1.1158, 2668
1.1161, 2667
1.1163, 2666
1.1166, 2665
1.1168, 2664
1.1171, 2663
1.1174, 2662
1.1177, 2661
1.1180, 2660
1.1183, 2659
1.1186, 2658
1.1188, 2657
1.1191, 2656
1.1194, 2655
1.1197, 2654
1.1200, 2653
1.1202, 2652
1.1205, 2651
1.1208, 2650
1.1211, 2649
1.1213, 2648
1.1216, 2647
1.1219, 2646
1.1222, 2645
1.1224, 2644
1.1227, 2643
1.1230, 2642
1.1233, 2641
1.1235, 2640
1.1238, 2639
1.1241, 2638
1.1244, 2637
1.1246, 2636
1.1249, 2635
1.1252, 2634
1.1254, 2633
1.1257, 2632
1.1260, 2631
1.1263, 2630
1.1265, 2629
1.1268, 2628
1.1271, 2627
1.1274, 2626
1.1276, 2625
1.1279, 2624
1.1281, 2623
1.1284, 2622
1.1286, 2621
1.1289, 2620
1.1291, 2619
1.1294, 2618
1.1296, 2617
1.1299, 2616
1.1302, 2615
1.1305, 2614
1.1307, 2613
1.1310, 2612
1.1313, 2611
1.1316, 2610
1.1319, 2609
1.1321, 2608
1.1324, 2607
1.1327, 2606
1.1330, 2605
1.1332, 2604
1.1335, 2603
1.1337, 2602
1.1340, 2601
1.1343, 2600
1.1345, 2599
1.1348, 2598
1.1351, 2597
1.1354, 2596
1.1356, 2595
1.1359, 2594
1.1361, 2593
1.1364, 2592
1.1366, 2591
1.1369, 2590
1.1371, 2589
1.1374, 2588
1.1377, 2587
1.1380, 2586
1.1382, 2585
1.1385, 2584
1.1387, 2583
1.1390, 2582
1.1392, 2581
1.1395, 2580
1.1398, 2579
1.1400, 2578
1.1403, 2577
1.1406, 2576
1.1408, 2575
1.1411, 2574
1.1414, 2573
1.1416, 2572
1.1419, 2571
1.1421, 2570
1.1424, 2569
1.1426, 2568
1.1429, 2567
1.1431, 2566
1.1434, 2565
1.1437, 2564
1.1440, 2563
1.1442, 2562
1.1445, 2561
1.1448, 2560
1.1451, 2559
1.1454, 2558
1.1457, 2557
1.1459, 2556
1.1462, 2555
1.1464, 2554
1.1467, 2553
1.1470, 2552
1.1473, 2551
1.1519, 2550
1.1583, 2549
1.1667, 2548
1.1752, 2547
1.1754, 2546
1.1839, 2545
1.1841, 2544
1.2030, 2543
1.2115, 2542
1.2242, 2541
1.2499, 2540
1.2501, 2539
1.2567, 2538
1.2655, 2537
1.2740, 2536
1.2742, 2535
1.2849, 2534
1.2955, 2533
1.3062, 2532
1.3148, 2531
1.3193, 2530
1.3216, 2529
1.3238, 2528
1.3240, 2527
1.3243, 2526
1.3329, 2525
1.3331, 2524
1.3333, 2523
1.3480, 2522
1.3585, 2521
1.3671, 2520
1.3673, 2519
1.3758, 2518
1.3823, 2517
1.3887, 2516
1.4033, 2515
1.4138, 2514
1.4161, 2513
1.4164, 2512
1.4270, 2511
1.4272, 2510
1.4336, 2509
1.4339, 2508
1.4362, 2507
1.4385, 2506
1.4449, 2505
1.4451, 2504
1.4495, 2503
1.4559, 2502
1.4561, 2501
1.4563, 2500
1.5292, 2499
1.5439, 2498
1.5441, 2497
1.5574, 2496
1.5824, 2495
1.5911, 2494
1.6097, 2493
1.6099, 2492
1.6267, 2491
1.6330, 2490
1.6414, 2489
1.6602, 2488
1.6873, 2487
1.6875, 2486
1.6983, 2485
1.6985, 2484
1.6987, 2483
1.7071, 2482
1.7197, 2481
1.7199, 2480
1.7284, 2479
1.7328, 2478
1.7371, 2477
1.7373, 2476
1.7375, 2475
1.7378, 2474
1.7380, 2473
1.7444, 2472
1.7446, 2471
1.7470, 2470
1.7618, 2469
1.7621, 2468
1.7624, 2467
1.7836, 2466
1.7839, 2465
1.7987, 2464
1.8035, 2463
1.8100, 2462
1.8144, 2461
1.8188, 2460
1.8190, 2459
1.8192, 2458
1.8194, 2457
1.8362, 2456
1.8490, 2455
1.8554, 2454
1.8556, 2453
1.8558, 2452
1.8561, 2451
1.8708, 2450
1.8833, 2449
1.8919, 2448
1.9128, 2447
1.9130, 2446
1.9235, 2445
1.9238, 2444
1.9240, 2443
1.9284, 2442
1.9451, 2441
1.9453, 2440
1.9562, 2439
1.9669, 2438
1.9735, 2437
1.9759, 2436
1.9823, 2435
1.9995, 2434
2.0167, 2433
2.0274, 2432
2.0360, 2431
2.0404, 2430
2.0638, 2429
2.0833, 2428
2.0939, 2427
2.0942, 2426
2.1152, 2425
2.1237, 2424
2.1280, 2423
2.1407, 2422
2.1678, 2421
2.1722, 2420
2.1912, 2419
2.1997, 2418
2.1999, 2417
2.2395, 2416
2.2397, 2415
2.2648, 2414
2.2839, 2413
2.2966, 2412
2.2968, 2411
2.3137, 2410
2.3203, 2409
2.3438, 2408
2.3525, 2407
2.3672, 2406
2.3777, 2405
2.3923, 2404
2.4008, 2403
2.4092, 2402
2.4157, 2401
2.4159, 2400
2.4183, 2399
2.4185, 2398
2.4290, 2397
2.4292, 2396
2.4357, 2395
2.4359, 2394
2.4361, 2393
2.4426, 2392
2.4613, 2391
2.4699, 2390
2.4763, 2389
2.4806, 2388
2.4808, 2387
2.4810, 2386
2.4956, 2385
2.4958, 2384
2.4961, 2383
2.5004, 2382
2.5006, 2381
2.5194, 2380
2.5301, 2379
2.5324, 2378
2.5367, 2377
2.5369, 2376
2.5433, 2375
2.5435, 2374
2.5521, 2373
2.5523, 2372
2.5525, 2371
2.5589, 2370
2.5591, 2369
2.5594, 2368
2.5639, 2367
2.5682, 2366
2.5726, 2365
2.5728, 2364
2.5730, 2363
2.5941, 2362
2.5943, 2361
2.5966, 2360
2.6036, 2359
2.6038, 2358
2.6041, 2357
2.6107, 2356
2.6109, 2355
2.6111, 2354
2.6114, 2353
2.6116, 2352
2.6118, 2351
2.6330, 2350
2.6333, 2349
2.6376, 2348
2.6378, 2347
2.6442, 2346
2.6487, 2345
2.6489, 2344
2.6491, 2343
2.6493, 2342
2.6537, 2341
2.6684, 2340
2.6748, 2339
2.6833, 2338
2.6877, 2337
2.6900, 2336
2.7068, 2335
2.7132, 2334
2.7321, 2333
2.7487, 2332
2.7489, 2331
2.7491, 2330
2.7679, 2329
2.7702, 2328
2.7704, 2327
2.7748, 2326
2.7998, 2325
2.8167, 2324
2.8169, 2323
2.8171, 2322
2.8215, 2321
2.8279, 2320
2.8282, 2319
2.8390, 2318
2.8392, 2317
2.8745, 2316
2.8747, 2315
2.9723, 2314
2.9746, 2313
2.9768, 2312
2.9812, 2311
2.9814, 2310
2.9838, 2309
2.9881, 2308
2.9883, 2307
2.9927, 2306
3.0073, 2305
3.0116, 2304
3.0182, 2303
3.0225, 2302
3.0228, 2301
3.0271, 2300
3.0273, 2299
3.0402, 2298
3.0466, 2297
3.0531, 2296
3.0534, 2295
3.0557, 2294
3.0641, 2293
3.0705, 2292
3.0708, 2291
3.0751, 2290
3.0794, 2289
3.0797, 2288
3.0822, 2287
3.0906, 2286
3.0950, 2285
3.1076, 2284
3.1161, 2283
3.1224, 2282
3.1226, 2281
3.1290, 2280
3.1353, 2279
3.1376, 2278
3.1378, 2277
3.1522, 2276
3.1667, 2275
3.1791, 2274
3.1937, 2273
3.1980, 2272
3.2064, 2271
3.2391, 2270
3.2455, 2269
3.2457, 2268
3.2459, 2267
3.2461, 2266
3.2524, 2265
3.2527, 2264
3.2529, 2263
3.2633, 2262
3.2635, 2261
3.2637, 2260
3.2639, 2259
3.2642, 2258
3.2766, 2257
3.2849, 2256
3.2954, 2255
3.2956, 2254
3.3061, 2253
3.3246, 2252
3.3288, 2251
3.3372, 2250
3.3374, 2249
3.3621, 2248
3.3727, 2247
3.3729, 2246
3.3833, 2245
3.3896, 2244
3.3939, 2243
3.4124, 2242
3.4167, 2241
3.4272, 2240
3.4314, 2239
3.4316, 2238
3.4521, 2237
3.4685, 2236
3.4687, 2235
3.4750, 2234
3.4796, 2233
3.4798, 2232
3.4926, 2231
3.4928, 2230
3.5097, 2229
3.5099, 2228
3.5142, 2227
3.5371, 2226
3.5477, 2225
3.5803, 2224
3.7279, 2223
3.7403, 2222
3.7566, 2221
3.7773, 2220
3.7833, 2219
3.8073, 2218
3.9111, 2217
4.0236, 2216
4.0675, 2215
4.0781, 2214
4.1597, 2213
4.1754, 2212
