0.6465, 3931
0.6469, 3930
0.6472, 3929
0.6475, 3928
0.6479, 3927
0.6482, 3926
0.6485, 3925
0.6488, 3924
0.6492, 3923
0.6495, 3922
0.6498, 3921
0.6502, 3920
0.6505, 3919
0.6508, 3918
0.6511, 3917
0.6515, 3916
0.6518, 3915
0.6521, 3914
0.6524, 3913
0.6527, 3912
0.6531, 3911
0.6534, 3910
0.6537, 3909
0.6541, 3908
0.6544, 3907
0.6547, 3906
0.6550, 3905
0.6553, 3904
0.6557, 3903
0.6560, 3902
0.6563, 3901
0.6566, 3900
0.6570, 3899
0.6573, 3898
0.6577, 3897
0.6580, 3896
0.6583, 3895
0.6587, 3894
0.6590, 3893
0.6593, 3892
0.6597, 3891
0.6600, 3890
0.6603, 3889
0.6607, 3888
0.6610, 3887
0.6613, 3886
0.6616, 3885
0.6620, 3884
0.6623, 3883
0.6626, 3882
0.6629, 3881
0.6633, 3880
0.6636, 3879
0.6639, 3878
0.6642, 3877
0.6646, 3876
0.6649, 3875
0.6652, 3874
0.6656, 3873
0.6659, 3872
0.6662, 3871
0.6665, 3870
0.6668, 3869
0.6672, 3868
0.6675, 3867
0.6678, 3866
0.6682, 3865
0.6685, 3864
0.6688, 3863
0.6691, 3862
0.6695, 3861
0.6698, 3860
0.6701, 3859
0.6704, 3858
0.6708, 3857
0.6711, 3856
0.6714, 3855
0.6717, 3854
0.6720, 3853
0.6724, 3852
0.6727, 3851
0.6730, 3850
0.6733, 3849
0.6737, 3848
0.6740, 3847
0.6743, 3846
0.6747, 3845
0.6750, 3844
0.6753, 3843
0.6756, 3842
0.6760, 3841
0.6763, 3840
0.6766, 3839
0.6769, 3838
0.6773, 3837
0.6776, 3836
0.6779, 3835
0.6782, 3834
0.6786, 3833
0.6789, 3832
0.6792, 3831
0.6796, 3830
0.6799, 3829
0.6802, 3828
0.6806, 3827
0.6809, 3826
0.6812, 3825
0.6815, 3824
0.6819, 3823
0.6822, 3822
0.6825, 3821
0.6828, 3820
0.6832, 3819
0.6835, 3818
0.6838, 3817
0.6842, 3816
0.6845, 3815
0.6848, 3814
0.6851, 3813
0.6854, 3812
0.6858, 3811
0.6861, 3810
0.6864, 3809
0.6867, 3808
0.6871, 3807
0.6874, 3806
0.6877, 3805
0.6881, 3804
0.6884, 3803
0.6887, 3802
0.6891, 3801
0.6895, 3800
0.6898, 3799
0.6901, 3798
0.6905, 3797
0.6908, 3796
0.6911, 3795
0.6915, 3794
0.6918, 3793
0.6921, 3792
0.6925, 3791
0.6928, 3790
0.6931, 3789
0.6935, 3788
0.6938, 3787
0.6941, 3786
0.6945, 3785
0.6948, 3784
0.6951, 3783
0.6955, 3782
0.6958, 3781
0.6961, 3780
0.6965, 3779
0.6968, 3778
0.6971, 3777
0.6975, 3776
0.6978, 3775
0.6981, 3774
0.6984, 3773
0.6988, 3772
0.6991, 3771
0.6994, 3770
0.6997, 3769
0.7001, 3768
0.7004, 3767
0.7007, 3766
0.7011, 3765
0.7014, 3764
0.7017, 3763
0.7020, 3762
0.7023, 3761
0.7027, 3760
0.7030, 3759
0.7033, 3758
0.7036, 3757
0.7040, 3756
0.7043, 3755
0.7047, 3754
0.7050, 3753
0.7053, 3752
0.7057, 3751
0.7060, 3750
0.7064, 3749
0.7067, 3748
0.7070, 3747
0.7073, 3746
0.7077, 3745
0.7080, 3744
0.7083, 3743
0.7086, 3742
0.7090, 3741
0.7093, 3740
0.7097, 3739
0.7100, 3738
0.7103, 3737
0.7107, 3736
0.7110, 3735
0.7114, 3734
0.7117, 3733
0.7120, 3732
0.7124, 3731
0.7127, 3730
0.7131, 3729
0.7134, 3728
0.7137, 3727
0.7141, 3726
0.7145, 3725
0.7148, 3724
0.7152, 3723
0.7155, 3722
0.7159, 3721
0.7162, 3720
0.7165, 3719
0.7168, 3718
0.7172, 3717
0.7175, 3716
0.7178, 3715
0.7182, 3714
0.7185, 3713
0.7188, 3712
0.7192, 3711
0.7195, 3710
0.7198, 3709
0.7201, 3708
0.7205, 3707
0.7208, 3706
0.7212, 3705
0.7215, 3704
0.7218, 3703
0.7221, 3702
0.7225, 3701
0.7228, 3700
0.7231, 3699
0.7235, 3698
0.7238, 3697
0.7241, 3696
0.7245, 3695
0.7248, 3694
0.7251, 3693
0.7255, 3692
0.7258, 3691
0.7261, 3690
0.7265, 3689
0.7268, 3688
0.7272, 3687
0.7275, 3686
0.7278, 3685
0.7281, 3684
0.7285, 3683
0.7288, 3682
0.7291, 3681
0.7294, 3680
0.7297, 3679
0.7300, 3678
0.7304, 3677
0.7307, 3676
0.7310, 3675
0.7313, 3674
0.7316, 3673
0.7320, 3672
0.7323, 3671
0.7326, 3670
0.7329, 3669
0.7332, 3668
0.7335, 3667
0.7339, 3666
0.7342, 3665
0.7345, 3664
0.7348, 3663
0.7352, 3662
0.7355, 3661
0.7358, 3660
0.7361, 3659
0.7364, 3658
0.7368, 3657
0.7371, 3656
0.7374, 3655
0.7377, 3654
0.7380, 3653
0.7384, 3652
0.7387, 3651
0.7390, 3650
0.7393, 3649
0.7396, 3648
0.7400, 3647
0.7403, 3646
0.7406, 3645
0.7409, 3644
0.7412, 3643
0.7416, 3642
0.7419, 3641
0.7422, 3640
0.7425, 3639
0.7428, 3638
0.7432, 3637
0.7435, 3636
0.7438, 3635
0.7441, 3634
0.7445, 3633
0.7448, 3632
0.7451, 3631
0.7454, 3630
0.7457, 3629
0.7460, 3628
0.7463, 3627
0.7467, 3626
0.7470, 3625
0.7473, 3624
0.7476, 3623
0.7479, 3622
0.7482, 3621
0.7486, 3620
0.7489, 3619
0.7492, 3618
0.7495, 3617
0.7498, 3616
0.7502, 3615
0.7505, 3614
0.7508, 3613
0.7512, 3612
0.7515, 3611
0.7518, 3610
0.7522, 3609
0.7525, 3608
0.7529, 3607
0.7532, 3606
0.7535, 3605
0.7538, 3604
0.7542, 3603
0.7545, 3602
0.7548, 3601
0.7551, 3600
0.7555, 3599
0.7558, 3598
0.7561, 3597
0.7565, 3596
0.7568, 3595
0.7571, 3594
0.7574, 3593
0.7577, 3592
0.7580, 3591
0.7584, 3590
0.7587, 3589
0.7590, 3588
0.7593, 3587
0.7596, 3586
0.7599, 3585
0.7602, 3584
0.7606, 3583
0.7609, 3582
0.7612, 3581
0.7615, 3580
0.7618, 3579
0.7621, 3578
0.7624, 3577
0.7628, 3576
0.7631, 3575
0.7634, 3574
0.7637, 3573
0.7641, 3572
0.7644, 3571
0.7647, 3570
0.7650, 3569
0.7654, 3568
0.7657, 3567
0.7660, 3566
0.7664, 3565
0.7667, 3564
0.7670, 3563
0.7673, 3562
0.7677, 3561
0.7680, 3560
0.7683, 3559
0.7686, 3558
0.7689, 3557
0.7693, 3556
0.7696, 3555
0.7699, 3554
0.7703, 3553
0.7706, 3552
0.7709, 3551
0.7713, 3550
0.7716, 3549
0.7720, 3548
0.7723, 3547
0.7726, 3546
0.7729, 3545
0.7732, 3544
0.7736, 3543
0.7739, 3542
0.7742, 3541
0.7745, 3540
0.7749, 3539
0.7752, 3538
0.7755, 3537
0.7758, 3536
0.7761, 3535
0.7764, 3534
0.7767, 3533
0.7770, 3532
0.7773, 3531
0.7776, 3530
0.7780, 3529
0.7783, 3528
0.7786, 3527
0.7789, 3526
0.7792, 3525
0.7795, 3524
0.7798, 3523
0.7801, 3522
0.7804, 3521
0.7808, 3520
0.7811, 3519
0.7814, 3518
0.7817, 3517
0.7820, 3516
0.7823, 3515
0.7826, 3514
0.7829, 3513
0.7832, 3512
0.7835, 3511
0.7839, 3510
0.7842, 3509
0.7845, 3508
0.7848, 3507
0.7851, 3506
0.7854, 3505
0.7857, 3504
0.7860, 3503
0.7863, 3502
0.7866, 3501
0.7869, 3500
0.7872, 3499
0.7875, 3498
0.7878, 3497
0.7881, 3496
0.7885, 3495
0.7888, 3494
0.7891, 3493
0.7894, 3492
0.7897, 3491
0.7900, 3490
0.7903, 3489
0.7906, 3488
0.7909, 3487
0.7912, 3486
0.7915, 3485
0.7918, 3484
0.7921, 3483
0.7924, 3482
0.7927, 3481
0.7931, 3480
0.7934, 3479
0.7937, 3478
0.7941, 3477
0.7944, 3476
0.7947, 3475
0.7950, 3474
0.7953, 3473
0.7956, 3472
0.7959, 3471
0.7962, 3470
0.7965, 3469
0.7968, 3468
0.7971, 3467
0.7974, 3466
0.7977, 3465
0.7980, 3464
0.7983, 3463
0.7986, 3462
0.7990, 3461
0.7993, 3460
0.7996, 3459
0.7999, 3458
0.8002, 3457
0.8005, 3456
0.8008, 3455
0.8011, 3454
0.8014, 3453
0.8017, 3452
0.8020, 3451
0.8023, 3450
0.8026, 3449
0.8029, 3448
0.8032, 3447
0.8035, 3446
0.8038, 3445
0.8041, 3444
0.8044, 3443
0.8047, 3442
0.8050, 3441
0.8053, 3440
0.8056, 3439
0.8059, 3438
0.8062, 3437
0.8065, 3436
0.8068, 3435
0.8071, 3434
0.8074, 3433
0.8077, 3432
0.8080, 3431
0.8083, 3430
0.8086, 3429
0.8089, 3428
0.8093, 3427
0.8096, 3426
0.8099, 3425
0.8102, 3424
0.8105, 3423
0.8108, 3422
0.8111, 3421
0.8114, 3420
0.8116, 3419
0.8120, 3418
0.8123, 3417
0.8126, 3416
0.8128, 3415
0.8131, 3414
0.8134, 3413
0.8137, 3412
0.8140, 3411
0.8143, 3410
0.8146, 3409
0.8149, 3408
0.8152, 3407
0.8155, 3406
0.8158, 3405
0.8161, 3404
0.8164, 3403
0.8167, 3402
0.8170, 3401
0.8173, 3400
0.8177, 3399
0.8180, 3398
0.8183, 3397
0.8186, 3396
0.8189, 3395
0.8192, 3394
0.8195, 3393
0.8198, 3392
0.8202, 3391
0.8205, 3390
0.8208, 3389
0.8211, 3388
0.8215, 3387
0.8218, 3386
0.8221, 3385
0.8224, 3384
0.8227, 3383
0.8230, 3382
0.8234, 3381
0.8237, 3380
0.8240, 3379
0.8243, 3378
0.8246, 3377
0.8249, 3376
0.8252, 3375
0.8255, 3374
0.8259, 3373
0.8262, 3372
0.8265, 3371
0.8268, 3370
0.8271, 3369
0.8274, 3368
0.8277, 3367
0.8280, 3366
0.8283, 3365
0.8286, 3364
0.8289, 3363
0.8292, 3362
0.8295, 3361
0.8298, 3360
0.8301, 3359
0.8305, 3358
0.8308, 3357
0.8311, 3356
0.8314, 3355
0.8317, 3354
0.8320, 3353
0.8323, 3352
0.8326, 3351
0.8330, 3350
0.8333, 3349
0.8336, 3348
0.8339, 3347
0.8342, 3346
0.8345, 3345
0.8348, 3344
0.8351, 3343
0.8354, 3342
0.8357, 3341
0.8360, 3340
0.8364, 3339
0.8367, 3338
0.8370, 3337
0.8373, 3336
0.8376, 3335
0.8379, 3334
0.8382, 3333
0.8385, 3332
0.8388, 3331
0.8392, 3330
0.8395, 3329
0.8398, 3328
0.8401, 3327
0.8404, 3326
0.8407, 3325
0.8410, 3324
0.8413, 3323
0.8416, 3322
0.8419, 3321
0.8423, 3320
0.8426, 3319
0.8430, 3318
0.8433, 3317
0.8436, 3316
0.8439, 3315
0.8442, 3314
0.8445, 3313
0.8448, 3312
0.8451, 3311
0.8454, 3310
0.8457, 3309
0.8461, 3308
0.8464, 3307
0.8467, 3306
0.8470, 3305
0.8473, 3304
0.8476, 3303
0.8479, 3302
0.8482, 3301
0.8486, 3300
0.8489, 3299
0.8492, 3298
0.8495, 3297
0.8499, 3296
0.8502, 3295
0.8505, 3294
0.8508, 3293
0.8511, 3292
0.8513, 3291
0.8517, 3290
0.8520, 3289
0.8523, 3288
0.8525, 3287
0.8529, 3286
0.8532, 3285
0.8535, 3284
0.8539, 3283
0.8542, 3282
0.8545, 3281
0.8548, 3280
0.8551, 3279
0.8554, 3278
0.8557, 3277
0.8560, 3276
0.8564, 3275
0.8567, 3274
0.8570, 3273
0.8573, 3272
0.8576, 3271
0.8579, 3270
0.8582, 3269
0.8586, 3268
0.8589, 3267
0.8592, 3266
0.8595, 3265
0.8598, 3264
0.8601, 3263
0.8605, 3262
0.8607, 3261
0.8610, 3260
0.8613, 3259
0.8616, 3258
0.8620, 3257
0.8623, 3256
0.8626, 3255
0.8629, 3254
0.8632, 3253
0.8635, 3252
0.8638, 3251
0.8641, 3250
0.8644, 3249
0.8647, 3248
0.8650, 3247
0.8653, 3246
0.8656, 3245
0.8659, 3244
0.8662, 3243
0.8665, 3242
0.8668, 3241
0.8671, 3240
0.8674, 3239
0.8677, 3238
0.8680, 3237
0.8683, 3236
0.8686, 3235
0.8689, 3234
0.8692, 3233
0.8696, 3232
0.8699, 3231
0.8701, 3230
0.8705, 3229
0.8708, 3228
0.8711, 3227
0.8714, 3226
0.8717, 3225
0.8720, 3224
0.8723, 3223
0.8726, 3222
0.8729, 3221
0.8732, 3220
0.8735, 3219
0.8738, 3218
0.8741, 3217
0.8743, 3216
0.8746, 3215
0.8749, 3214
0.8752, 3213
0.8755, 3212
0.8758, 3211
0.8762, 3210
0.8766, 3209
0.8769, 3208
0.8772, 3207
0.8775, 3206
0.8778, 3205
0.8781, 3204
0.8784, 3203
0.8787, 3202
0.8790, 3201
0.8794, 3200
0.8797, 3199
0.8800, 3198
0.8803, 3197
0.8806, 3196
0.8809, 3195
0.8812, 3194
0.8815, 3193
0.8818, 3192
0.8822, 3191
0.8824, 3190
0.8828, 3189
0.8831, 3188
0.8834, 3187
0.8837, 3186
0.8840, 3185
0.8843, 3184
0.8846, 3183
0.8849, 3182
0.8851, 3181
0.8855, 3180
0.8858, 3179
0.8861, 3178
0.8864, 3177
0.8868, 3176
0.8871, 3175
0.8874, 3174
0.8877, 3173
0.8880, 3172
0.8883, 3171
0.8886, 3170
0.8889, 3169
0.8892, 3168
0.8895, 3167
0.8898, 3166
0.8901, 3165
0.8904, 3164
0.8907, 3163
0.8910, 3162
0.8913, 3161
0.8916, 3160
0.8919, 3159
0.8922, 3158
0.8925, 3157
0.8928, 3156
0.8931, 3155
0.8933, 3154
0.8937, 3153
0.8939, 3152
0.8942, 3151
0.8945, 3150
0.8948, 3149
0.8951, 3148
0.8955, 3147
0.8958, 3146
0.8961, 3145
0.8963, 3144
0.8966, 3143
0.8969, 3142
0.8973, 3141
0.8977, 3140
0.8979, 3139
0.8982, 3138
0.8985, 3137
0.8989, 3136
0.8992, 3135
0.8995, 3134
0.8998, 3133
0.9001, 3132
0.9004, 3131
0.9007, 3130
0.9010, 3129
0.9013, 3128
0.9016, 3127
0.9019, 3126
0.9022, 3125
0.9025, 3124
0.9028, 3123
0.9031, 3122
0.9034, 3121
0.9037, 3120
0.9040, 3119
0.9043, 3118
0.9046, 3117
0.9049, 3116
0.9052, 3115
0.9055, 3114
0.9057, 3113
0.9060, 3112
0.9063, 3111
0.9066, 3110
0.9069, 3109
0.9072, 3108
0.9075, 3107
0.9078, 3106
0.9081, 3105
0.9083, 3104
0.9086, 3103
0.9089, 3102
0.9092, 3101
0.9095, 3100
0.9098, 3099
0.9101, 3098
0.9103, 3097
0.9106, 3096
0.9109, 3095
0.9112, 3094
0.9115, 3093
0.9118, 3092
0.9120, 3091
0.9123, 3090
0.9126, 3089
0.9129, 3088
0.9131, 3087
0.9134, 3086
0.9137, 3085
0.9140, 3084
0.9143, 3083
0.9146, 3082
0.9149, 3081
0.9151, 3080
0.9154, 3079
0.9158, 3078
0.9161, 3077
0.9164, 3076
0.9166, 3075
0.9169, 3074
0.9172, 3073
0.9174, 3072
0.9177, 3071
0.9180, 3070
0.9183, 3069
0.9186, 3068
0.9189, 3067
0.9191, 3066
0.9194, 3065
0.9197, 3064
0.9200, 3063
0.9202, 3062
0.9205, 3061
0.9208, 3060
0.9210, 3059
0.9213, 3058
0.9216, 3057
0.9219, 3056
0.9222, 3055
0.9224, 3054
0.9227, 3053
0.9230, 3052
0.9233, 3051
0.9236, 3050
0.9239, 3049
0.9242, 3048
0.9245, 3047
0.9248, 3046
0.9251, 3045
0.9253, 3044
0.9256, 3043
0.9259, 3042
0.9262, 3041
0.9265, 3040
0.9268, 3039
0.9271, 3038
0.9274, 3037
0.9276, 3036
0.9279, 3035
0.9282, 3034
0.9284, 3033
0.9287, 3032
0.9290, 3031
0.9293, 3030
0.9295, 3029
0.9298, 3028
0.9302, 3027
0.9304, 3026
0.9307, 3025
0.9310, 3024
0.9313, 3023
0.9316, 3022
0.9318, 3021
0.9321, 3020
0.9324, 3019
0.9327, 3018
0.9329, 3017
0.9332, 3016
0.9335, 3015
0.9338, 3014
0.9341, 3013
0.9343, 3012
0.9346, 3011
0.9349, 3010
0.9352, 3009
0.9354, 3008
0.9357, 3007
0.9360, 3006
0.9363, 3005
0.9365, 3004
0.9368, 3003
0.9371, 3002
0.9373, 3001
0.9376, 3000
0.9379, 2999
0.9382, 2998
0.9384, 2997
0.9387, 2996
0.9390, 2995
0.9392, 2994
0.9395, 2993
0.9398, 2992
0.9400, 2991
0.9403, 2990
0.9406, 2989
0.9408, 2988
0.9411, 2987
0.9414, 2986
0.9417, 2985
0.9419, 2984
0.9422, 2983
0.9425, 2982
0.9428, 2981
0.9430, 2980
0.9433, 2979
0.9436, 2978
0.9438, 2977
0.9441, 2976
0.9444, 2975
0.9447, 2974
0.9450, 2973
0.9453, 2972
0.9455, 2971
0.9458, 2970
0.9461, 2969
0.9464, 2968
0.9467, 2967
0.9469, 2966
0.9472, 2965
0.9475, 2964
0.9477, 2963
0.9480, 2962
0.9482, 2961
0.9485, 2960
0.9488, 2959
0.9491, 2958
0.9494, 2957
0.9497, 2956
0.9500, 2955
0.9503, 2954
0.9507, 2953
0.9510, 2952
0.9512, 2951
0.9515, 2950
0.9518, 2949
0.9521, 2948
0.9523, 2947
0.9526, 2946
0.9529, 2945
0.9532, 2944
0.9534, 2943
0.9537, 2942
0.9540, 2941
0.9543, 2940
0.9546, 2939
0.9549, 2938
0.9552, 2937
0.9555, 2936
0.9558, 2935
0.9561, 2934
0.9564, 2933
0.9567, 2932
0.9570, 2931
0.9573, 2930
0.9576, 2929
0.9579, 2928
0.9582, 2927
0.9585, 2926
0.9589, 2925
0.9591, 2924
0.9594, 2923
0.9597, 2922
0.9600, 2921
0.9603, 2920
0.9606, 2919
0.9609, 2918
0.9612, 2917
0.9615, 2916
0.9618, 2915
0.9621, 2914
0.9624, 2913
0.9627, 2912
0.9630, 2911
0.9633, 2910
0.9635, 2909
0.9638, 2908
0.9641, 2907
0.9644, 2906
0.9647, 2905
0.9650, 2904
0.9652, 2903
0.9655, 2902
0.9658, 2901
0.9661, 2900
0.9664, 2899
0.9666, 2898
0.9669, 2897
0.9672, 2896
0.9675, 2895
0.9678, 2894
0.9681, 2893
0.9684, 2892
0.9687, 2891
0.9689, 2890
0.9692, 2889
0.9695, 2888
0.9698, 2887
0.9701, 2886
0.9704, 2885
0.9707, 2884
0.9710, 2883
0.9712, 2882
0.9715, 2881
0.9718, 2880
0.9721, 2879
0.9724, 2878
0.9726, 2877
0.9729, 2876
0.9731, 2875
0.9735, 2874
0.9737, 2873
0.9740, 2872
0.9743, 2871
0.9746, 2870
0.9748, 2869
0.9751, 2868
0.9754, 2867
0.9757, 2866
0.9759, 2865
0.9762, 2864
0.9764, 2863
0.9767, 2862
0.9770, 2861
0.9773, 2860
0.9775, 2859
0.9778, 2858
0.9781, 2857
0.9783, 2856
0.9786, 2855
0.9789, 2854
0.9791, 2853
0.9794, 2852
0.9797, 2851
0.9799, 2850
0.9802, 2849
0.9805, 2848
0.9807, 2847
0.9810, 2846
0.9813, 2845
0.9816, 2844
0.9818, 2843
0.9821, 2842
0.9824, 2841
0.9826, 2840
0.9829, 2839
0.9831, 2838
0.9834, 2837
0.9837, 2836
0.9840, 2835
0.9842, 2834
0.9845, 2833
0.9848, 2832
0.9851, 2831
0.9853, 2830
0.9856, 2829
0.9858, 2828
0.9861, 2827
0.9864, 2826
0.9866, 2825
0.9869, 2824
0.9872, 2823
0.9874, 2822
0.9877, 2821
0.9880, 2820
0.9883, 2819
0.9885, 2818
0.9888, 2817
0.9891, 2816
0.9893, 2815
0.9896, 2814
0.9899, 2813
0.9901, 2812
0.9904, 2811
0.9907, 2810
0.9910, 2809
0.9912, 2808
0.9915, 2807
0.9917, 2806
0.9920, 2805
0.9923, 2804
0.9926, 2803
0.9929, 2802
0.9931, 2801
0.9934, 2800
0.9937, 2799
0.9940, 2798
0.9943, 2797
0.9946, 2796
0.9949, 2795
0.9951, 2794
0.9954, 2793
0.9957, 2792
0.9960, 2791
0.9963, 2790
0.9965, 2789
0.9968, 2788
0.9971, 2787
0.9973, 2786
0.9976, 2785
0.9979, 2784
0.9982, 2783
0.9984, 2782
0.9987, 2781
0.9989, 2780
0.9992, 2779
0.9995, 2778
0.9997, 2777
1.0000, 2776
1.0002, 2775
1.0005, 2774
1.0008, 2773
1.0010, 2772
1.0013, 2771
1.0016, 2770
1.0018, 2769
1.0021, 2768
1.0023, 2767
1.0026, 2766
1.0029, 2765
1.0031, 2764
1.0034, 2763
1.0036, 2762
1.0039, 2761
1.0041, 2760
1.0044, 2759
1.0047, 2758
1.0049, 2757
1.0052, 2756
1.0054, 2755
1.0057, 2754
1.0060, 2753
1.0063, 2752
1.0065, 2751
1.0068, 2750
1.0071, 2749
1.0074, 2748
1.0076, 2747
1.0079, 2746
1.0082, 2745
1.0084, 2744
1.0087, 2743
1.0089, 2742
1.0092, 2741
1.0096, 2740
1.0099, 2739
1.0102, 2738
1.0105, 2737
1.0108, 2736
1.0110, 2735
1.0113, 2734
1.0116, 2733
1.0119, 2732
1.0121, 2731
1.0124, 2730
1.0127, 2729
1.0130, 2728
1.0133, 2727
1.0135, 2726
1.0138, 2725
1.0141, 2724
1.0143, 2723
1.0146, 2722
1.0149, 2721
1.0152, 2720
1.0154, 2719
1.0157, 2718
1.0160, 2717
1.0163, 2716
1.0166, 2715
1.0169, 2714
1.0172, 2713
1.0175, 2712
1.0177, 2711
1.0180, 2710
1.0183, 2709
1.0186, 2708
1.0188, 2707
1.0191, 2706
1.0194, 2705
1.0197, 2704
1.0200, 2703
1.0203, 2702
1.0206, 2701
1.0208, 2700
1.0212, 2699
1.0214, 2698
1.0217, 2697
1.0220, 2696
1.0222, 2695
1.0225, 2694
1.0228, 2693
1.0231, 2692
1.0234, 2691
1.0236, 2690
1.0239, 2689
1.0242, 2688
1.0245, 2687
1.0248, 2686
1.0251, 2685
1.0253, 2684
1.0256, 2683
1.0259, 2682
1.0261, 2681
1.0264, 2680
1.0266, 2679
1.0269, 2678
1.0272, 2677
1.0274, 2676
1.0277, 2675
1.0280, 2674
1.0282, 2673
1.0285, 2672
1.0288, 2671
1.0291, 2670
1.0294, 2669
1.0296, 2668
1.0299, 2667
1.0302, 2666
1.0304, 2665
1.0307, 2664
1.0310, 2663
1.0312, 2662
1.0315, 2661
1.0318, 2660
1.0321, 2659
1.0324, 2658
1.0326, 2657
1.0329, 2656
1.0332, 2655
1.0334, 2654
1.0337, 2653
1.0339, 2652
1.0342, 2651
1.0345, 2650
1.0348, 2649
1.0350, 2648
1.0353, 2647
1.0356, 2646
1.0359, 2645
1.0361, 2644
1.0364, 2643
1.0366, 2642
1.0369, 2641
1.0371, 2640
1.0374, 2639
1.0376, 2638
1.0379, 2637
1.0381, 2636
1.0384, 2635
1.0387, 2634
1.0389, 2633
1.0392, 2632
1.0395, 2631
1.0397, 2630
1.0400, 2629
1.0402, 2628
1.0405, 2627
1.0408, 2626
1.0411, 2625
1.0414, 2624
1.0416, 2623
1.0419, 2622
1.0422, 2621
1.0424, 2620
1.0427, 2619
1.0429, 2618
1.0432, 2617
1.0435, 2616
1.0438, 2615
1.0440, 2614
1.0443, 2613
1.0445, 2612
1.0448, 2611
1.0450, 2610
1.0452, 2609
1.0455, 2608
1.0457, 2607
1.0460, 2606
1.0463, 2605
1.0465, 2604
1.0468, 2603
1.0470, 2602
1.0473, 2601
1.0476, 2600
1.0478, 2599
1.0481, 2598
1.0483, 2597
1.0486, 2596
1.0488, 2595
1.0491, 2594
1.0493, 2593
1.0496, 2592
1.0499, 2591
1.0501, 2590
1.0504, 2589
1.0507, 2588
1.0509, 2587
1.0512, 2586
1.0514, 2585
1.0517, 2584
1.0519, 2583
1.0522, 2582
1.0524, 2581
1.0527, 2580
1.0529, 2579
1.0532, 2578
1.0535, 2577
1.0537, 2576
1.0540, 2575
1.0542, 2574
1.0545, 2573
1.0547, 2572
1.0550, 2571
1.0553, 2570
1.0555, 2569
1.0558, 2568
1.0560, 2567
1.0564, 2566
1.0566, 2565
1.0610, 2564
1.0693, 2563
1.0695, 2562
1.0837, 2561
1.0839, 2560
1.0921, 2559
1.0923, 2558
1.1108, 2557
1.1190, 2556
1.1273, 2555
1.1580, 2554
1.1582, 2553
1.1667, 2552
1.1813, 2551
1.1815, 2550
1.1818, 2549
1.1861, 2548
1.2026, 2547
1.2029, 2546
1.2093, 2545
1.2238, 2544
1.2240, 2543
1.2285, 2542
1.2308, 2541
1.2311, 2540
1.2313, 2539
1.2356, 2538
1.2465, 2537
1.2468, 2536
1.2595, 2535
1.2679, 2534
1.2763, 2533
1.2765, 2532
1.2849, 2531
1.2913, 2530
1.3039, 2529
1.3042, 2528
1.3044, 2527
1.3211, 2526
1.3401, 2525
1.3403, 2524
1.3427, 2523
1.3429, 2522
1.3515, 2521
1.3558, 2520
1.3560, 2519
1.3603, 2518
1.3605, 2517
1.3649, 2516
1.3734, 2515
1.3736, 2514
1.3760, 2513
1.3783, 2512
1.3806, 2511
1.3869, 2510
1.3871, 2509
1.3936, 2508
1.3938, 2507
1.3940, 2506
1.4024, 2505
1.4027, 2504
1.4708, 2503
1.4834, 2502
1.4836, 2501
1.4921, 2500
1.5190, 2499
1.5417, 2498
1.5419, 2497
1.5607, 2496
1.5690, 2495
1.5754, 2494
1.5982, 2493
1.6169, 2492
1.6212, 2491
1.6340, 2490
1.6363, 2489
1.6365, 2488
1.6409, 2487
1.6473, 2486
1.6558, 2485
1.6560, 2484
1.6666, 2483
1.6710, 2482
1.6712, 2481
1.6714, 2480
1.6717, 2479
1.6719, 2478
1.6806, 2477
1.6808, 2476
1.6811, 2475
1.6937, 2474
1.6939, 2473
1.6941, 2472
1.7170, 2471
1.7172, 2470
1.7301, 2469
1.7345, 2468
1.7388, 2467
1.7452, 2466
1.7495, 2465
1.7497, 2464
1.7500, 2463
1.7502, 2462
1.7688, 2461
1.7792, 2460
1.7835, 2459
1.7838, 2458
1.7860, 2457
1.7863, 2456
1.8007, 2455
1.8152, 2454
1.8257, 2453
1.8424, 2452
1.8426, 2451
1.8531, 2450
1.8533, 2449
1.8535, 2448
1.8599, 2447
1.8662, 2446
1.8665, 2445
1.8810, 2444
1.8956, 2443
1.9061, 2442
1.9063, 2441
1.9209, 2440
1.9314, 2439
1.9541, 2438
1.9584, 2437
1.9689, 2436
1.9753, 2435
2.0003, 2434
2.0192, 2433
2.0275, 2432
2.0298, 2431
2.0526, 2430
2.0589, 2429
2.0735, 2428
2.0778, 2427
2.1026, 2426
2.1090, 2425
2.1235, 2424
2.1319, 2423
2.1342, 2422
2.1733, 2421
2.1736, 2420
2.2005, 2419
2.2069, 2418
2.2071, 2417
2.2364, 2416
2.2430, 2415
2.2432, 2414
2.2564, 2413
2.2672, 2412
2.2820, 2411
2.2884, 2410
2.3053, 2409
2.3158, 2408
2.3324, 2407
2.3388, 2406
2.3492, 2405
2.3536, 2404
2.3538, 2403
2.3561, 2402
2.3563, 2401
2.3688, 2400
2.3711, 2399
2.3714, 2398
2.3798, 2397
2.3800, 2396
2.3802, 2395
2.3988, 2394
2.4094, 2393
2.4157, 2392
2.4160, 2391
2.4182, 2390
2.4185, 2389
2.4330, 2388
2.4333, 2387
2.4335, 2386
2.4378, 2385
2.4381, 2384
2.4486, 2383
2.4675, 2382
2.4698, 2381
2.4742, 2380
2.4744, 2379
2.4808, 2378
2.4810, 2377
2.4894, 2376
2.4896, 2375
2.4898, 2374
2.4963, 2373
2.4966, 2372
2.4968, 2371
2.5012, 2370
2.5055, 2369
2.5160, 2368
2.5162, 2367
2.5165, 2366
2.5334, 2365
2.5336, 2364
2.5338, 2363
2.5382, 2362
2.5384, 2361
2.5386, 2360
2.5473, 2359
2.5475, 2358
2.5477, 2357
2.5480, 2356
2.5482, 2355
2.5484, 2354
2.5693, 2353
2.5695, 2352
2.5738, 2351
2.5741, 2350
2.5846, 2349
2.5848, 2348
2.5851, 2347
2.5853, 2346
2.5855, 2345
2.5899, 2344
2.6045, 2343
2.6108, 2342
2.6192, 2341
2.6236, 2340
2.6259, 2339
2.6427, 2338
2.6491, 2337
2.6679, 2336
2.6824, 2335
2.6847, 2334
2.6849, 2333
2.7057, 2332
2.7060, 2331
2.7062, 2330
2.7105, 2329
2.7333, 2328
2.7501, 2327
2.7503, 2326
2.7505, 2325
2.7548, 2324
2.7634, 2323
2.7637, 2322
2.7743, 2321
2.7745, 2320
2.8108, 2319
2.8111, 2318
2.8700, 2317
2.9655, 2316
2.9864, 2315
2.9889, 2314
2.9959, 2313
2.9962, 2312
2.9986, 2311
3.0031, 2310
3.0037, 2309
3.0114, 2308
3.0418, 2307
3.0646, 2306
3.0774, 2305
3.0780, 2304
3.0841, 2303
3.0844, 2302
3.1040, 2301
3.1043, 2300
3.1173, 2299
3.1175, 2298
3.1208, 2297
3.1332, 2296
3.1385, 2295
3.1388, 2294
3.1456, 2293
3.1458, 2292
3.1504, 2291
3.1506, 2290
3.1596, 2289
3.1642, 2288
3.1783, 2287
3.1873, 2286
3.2005, 2285
3.2008, 2284
3.2010, 2283
3.2098, 2282
3.2100, 2281
3.2103, 2280
3.2255, 2279
3.2364, 2278
3.2454, 2277
3.2686, 2276
3.2731, 2275
3.2796, 2274
3.3159, 2273
3.3202, 2272
3.3204, 2271
3.3207, 2270
3.3209, 2269
3.3275, 2268
3.3277, 2267
3.3320, 2266
3.3403, 2265
3.3405, 2264
3.3408, 2263
3.3513, 2262
3.3576, 2261
3.3680, 2260
3.3682, 2259
3.3746, 2258
3.3850, 2257
3.3852, 2256
3.4081, 2255
3.4124, 2254
3.4166, 2253
3.4209, 2252
3.4251, 2251
3.4315, 2250
3.4419, 2249
3.4625, 2248
3.4667, 2247
3.4771, 2246
3.4815, 2245
3.4818, 2244
3.4861, 2243
3.4905, 2242
3.5049, 2241
3.5194, 2240
3.5236, 2239
3.5238, 2238
3.5383, 2237
3.5486, 2236
3.5630, 2235
3.5652, 2234
3.5714, 2233
3.5857, 2232
3.5920, 2231
3.6005, 2230
3.6088, 2229
3.6090, 2228
3.6134, 2227
3.6359, 2226
3.6443, 2225
3.6626, 2224
3.8415, 2223
3.8555, 2222
3.8598, 2221
3.8766, 2220
3.9297, 2219
4.0011, 2218
4.0647, 2217
4.1166, 2216
4.1231, 2215
4.3275, 2214
