0.0293, 2281
0.0676, 2279
0.0844, 2278
0.2125, 2277
0.2336, 2276
0.3121, 2275
0.4304, 2274
0.4780, 2273
0.5088, 2272
0.5542, 2270
0.5664, 2269
0.5907, 2268
0.6213, 2266
0.6338, 2265
0.6826, 2264
0.7069, 2263
0.7160, 2260
0.7223, 2259
0.7437, 2258
0.7862, 2256
0.7925, 2254
0.7956, 2253
0.7988, 2252
0.8726, 2251
0.9033, 2250
0.9279, 2249
0.9682, 2247
1.1903, 2246
1.2270, 2244
1.2670, 2243
1.2853, 2242
1.2978, 2241
1.3962, 2240
1.3994, 2239
1.4373, 2238
1.4587, 2237
1.4896, 2236
1.5050, 2235
1.5633, 2234
1.5819, 2233
1.6097, 2232
1.7774, 2231
1.9520, 2230
1.9765, 2229
2.1443, 2228
2.2240, 2227
2.4731, 2226
2.4975, 2225
2.5098, 2224
