0.0350, 2281
0.0833, 2280
0.2393, 2277
0.2713, 2276
0.3055, 2275
0.3118, 2273
0.3212, 2270
0.3491, 2268
0.4135, 2267
0.4536, 2266
0.4659, 2265
0.5234, 2264
0.5265, 2263
0.5357, 2262
0.6633, 2261
0.7777, 2260
0.7840, 2258
0.7931, 2257
0.9601, 2256
1.0178, 2255
1.0610, 2252
1.0796, 2251
1.0952, 2250
1.1919, 2249
1.1953, 2248
1.2095, 2247
1.2471, 2246
1.2686, 2245
1.2778, 2244
1.3325, 2243
1.4144, 2242
1.4265, 2241
1.4571, 2240
1.4876, 2239
1.6841, 2238
1.7600, 2237
1.8278, 2236
1.8462, 2235
2.4531, 2234
2.4654, 2233
2.6145, 2232
2.7392, 2231
3.1027, 2229
3.1153, 2228
