0.6592, 3931
0.6595, 3930
0.6598, 3929
0.6602, 3928
0.6605, 3927
0.6609, 3926
0.6612, 3925
0.6615, 3924
0.6619, 3923
0.6622, 3922
0.6625, 3921
0.6629, 3920
0.6632, 3919
0.6636, 3918
0.6639, 3917
0.6642, 3916
0.6646, 3915
0.6649, 3914
0.6653, 3913
0.6656, 3912
0.6660, 3911
0.6663, 3910
0.6666, 3909
0.6670, 3908
0.6673, 3907
0.6676, 3906
0.6680, 3905
0.6683, 3904
0.6686, 3903
0.6690, 3902
0.6693, 3901
0.6696, 3900
0.6700, 3899
0.6703, 3898
0.6706, 3897
0.6710, 3896
0.6713, 3895
0.6717, 3894
0.6720, 3893
0.6723, 3892
0.6727, 3891
0.6730, 3890
0.6733, 3889
0.6737, 3888
0.6740, 3887
0.6744, 3886
0.6747, 3885
0.6750, 3884
0.6754, 3883
0.6757, 3882
0.6761, 3881
0.6764, 3880
0.6767, 3879
0.6771, 3878
0.6774, 3877
0.6777, 3876
0.6781, 3875
0.6784, 3874
0.6787, 3873
0.6791, 3872
0.6794, 3871
0.6797, 3870
0.6801, 3869
0.6804, 3868
0.6808, 3867
0.6811, 3866
0.6814, 3865
0.6818, 3864
0.6821, 3863
0.6825, 3862
0.6828, 3861
0.6831, 3860
0.6834, 3859
0.6838, 3858
0.6841, 3857
0.6844, 3856
0.6848, 3855
0.6851, 3854
0.6854, 3853
0.6857, 3852
0.6861, 3851
0.6864, 3850
0.6867, 3849
0.6870, 3848
0.6874, 3847
0.6877, 3846
0.6880, 3845
0.6883, 3844
0.6887, 3843
0.6890, 3842
0.6893, 3841
0.6897, 3840
0.6900, 3839
0.6903, 3838
0.6907, 3837
0.6910, 3836
0.6913, 3835
0.6917, 3834
0.6920, 3833
0.6923, 3832
0.6927, 3831
0.6930, 3830
0.6934, 3829
0.6937, 3828
0.6940, 3827
0.6944, 3826
0.6947, 3825
0.6950, 3824
0.6954, 3823
0.6957, 3822
0.6961, 3821
0.6964, 3820
0.6967, 3819
0.6971, 3818
0.6974, 3817
0.6978, 3816
0.6981, 3815
0.6984, 3814
0.6988, 3813
0.6991, 3812
0.6994, 3811
0.6997, 3810
0.7001, 3809
0.7004, 3808
0.7008, 3807
0.7012, 3806
0.7015, 3805
0.7018, 3804
0.7021, 3803
0.7025, 3802
0.7028, 3801
0.7032, 3800
0.7035, 3799
0.7038, 3798
0.7042, 3797
0.7045, 3796
0.7048, 3795
0.7052, 3794
0.7055, 3793
0.7058, 3792
0.7062, 3791
0.7065, 3790
0.7069, 3789
0.7072, 3788
0.7075, 3787
0.7079, 3786
0.7082, 3785
0.7085, 3784
0.7089, 3783
0.7092, 3782
0.7095, 3781
0.7098, 3780
0.7102, 3779
0.7105, 3778
0.7108, 3777
0.7111, 3776
0.7115, 3775
0.7118, 3774
0.7122, 3773
0.7125, 3772
0.7129, 3771
0.7132, 3770
0.7135, 3769
0.7138, 3768
0.7142, 3767
0.7145, 3766
0.7149, 3765
0.7152, 3764
0.7155, 3763
0.7159, 3762
0.7162, 3761
0.7165, 3760
0.7169, 3759
0.7172, 3758
0.7175, 3757
0.7178, 3756
0.7182, 3755
0.7185, 3754
0.7189, 3753
0.7192, 3752
0.7195, 3751
0.7198, 3750
0.7202, 3749
0.7205, 3748
0.7208, 3747
0.7212, 3746
0.7215, 3745
0.7218, 3744
0.7222, 3743
0.7225, 3742
0.7228, 3741
0.7232, 3740
0.7235, 3739
0.7239, 3738
0.7242, 3737
0.7245, 3736
0.7249, 3735
0.7252, 3734
0.7255, 3733
0.7259, 3732
0.7262, 3731
0.7265, 3730
0.7269, 3729
0.7272, 3728
0.7276, 3727
0.7279, 3726
0.7282, 3725
0.7286, 3724
0.7289, 3723
0.7292, 3722
0.7295, 3721
0.7299, 3720
0.7302, 3719
0.7305, 3718
0.7309, 3717
0.7312, 3716
0.7315, 3715
0.7319, 3714
0.7323, 3713
0.7326, 3712
0.7329, 3711
0.7332, 3710
0.7336, 3709
0.7339, 3708
0.7342, 3707
0.7345, 3706
0.7349, 3705
0.7352, 3704
0.7355, 3703
0.7359, 3702
0.7362, 3701
0.7365, 3700
0.7368, 3699
0.7372, 3698
0.7375, 3697
0.7378, 3696
0.7382, 3695
0.7385, 3694
0.7388, 3693
0.7391, 3692
0.7394, 3691
0.7398, 3690
0.7401, 3689
0.7404, 3688
0.7407, 3687
0.7410, 3686
0.7414, 3685
0.7417, 3684
0.7420, 3683
0.7423, 3682
0.7427, 3681
0.7430, 3680
0.7433, 3679
0.7436, 3678
0.7440, 3677
0.7443, 3676
0.7446, 3675
0.7450, 3674
0.7453, 3673
0.7456, 3672
0.7459, 3671
0.7463, 3670
0.7466, 3669
0.7469, 3668
0.7472, 3667
0.7475, 3666
0.7479, 3665
0.7482, 3664
0.7485, 3663
0.7489, 3662
0.7492, 3661
0.7495, 3660
0.7499, 3659
0.7503, 3658
0.7506, 3657
0.7509, 3656
0.7512, 3655
0.7516, 3654
0.7519, 3653
0.7522, 3652
0.7525, 3651
0.7529, 3650
0.7532, 3649
0.7535, 3648
0.7538, 3647
0.7542, 3646
0.7545, 3645
0.7548, 3644
0.7551, 3643
0.7555, 3642
0.7558, 3641
0.7561, 3640
0.7564, 3639
0.7567, 3638
0.7571, 3637
0.7574, 3636
0.7578, 3635
0.7581, 3634
0.7584, 3633
0.7587, 3632
0.7590, 3631
0.7594, 3630
0.7597, 3629
0.7600, 3628
0.7603, 3627
0.7606, 3626
0.7610, 3625
0.7613, 3624
0.7616, 3623
0.7619, 3622
0.7623, 3621
0.7626, 3620
0.7629, 3619
0.7632, 3618
0.7635, 3617
0.7639, 3616
0.7642, 3615
0.7645, 3614
0.7648, 3613
0.7652, 3612
0.7655, 3611
0.7658, 3610
0.7661, 3609
0.7665, 3608
0.7668, 3607
0.7671, 3606
0.7674, 3605
0.7677, 3604
0.7680, 3603
0.7684, 3602
0.7687, 3601
0.7690, 3600
0.7693, 3599
0.7696, 3598
0.7700, 3597
0.7703, 3596
0.7706, 3595
0.7709, 3594
0.7712, 3593
0.7715, 3592
0.7719, 3591
0.7722, 3590
0.7725, 3589
0.7728, 3588
0.7732, 3587
0.7735, 3586
0.7738, 3585
0.7741, 3584
0.7745, 3583
0.7748, 3582
0.7751, 3581
0.7754, 3580
0.7758, 3579
0.7761, 3578
0.7764, 3577
0.7767, 3576
0.7771, 3575
0.7774, 3574
0.7777, 3573
0.7781, 3572
0.7784, 3571
0.7787, 3570
0.7790, 3569
0.7794, 3568
0.7797, 3567
0.7800, 3566
0.7803, 3565
0.7807, 3564
0.7810, 3563
0.7813, 3562
0.7816, 3561
0.7820, 3560
0.7823, 3559
0.7826, 3558
0.7829, 3557
0.7832, 3556
0.7835, 3555
0.7839, 3554
0.7842, 3553
0.7845, 3552
0.7848, 3551
0.7851, 3550
0.7854, 3549
0.7858, 3548
0.7861, 3547
0.7864, 3546
0.7867, 3545
0.7871, 3544
0.7874, 3543
0.7877, 3542
0.7881, 3541
0.7884, 3540
0.7887, 3539
0.7890, 3538
0.7893, 3537
0.7897, 3536
0.7900, 3535
0.7903, 3534
0.7906, 3533
0.7909, 3532
0.7912, 3531
0.7916, 3530
0.7919, 3529
0.7922, 3528
0.7925, 3527
0.7928, 3526
0.7931, 3525
0.7934, 3524
0.7938, 3523
0.7941, 3522
0.7944, 3521
0.7947, 3520
0.7950, 3519
0.7953, 3518
0.7956, 3517
0.7960, 3516
0.7963, 3515
0.7966, 3514
0.7969, 3513
0.7972, 3512
0.7975, 3511
0.7979, 3510
0.7982, 3509
0.7985, 3508
0.7988, 3507
0.7991, 3506
0.7994, 3505
0.7998, 3504
0.8001, 3503
0.8004, 3502
0.8007, 3501
0.8010, 3500
0.8013, 3499
0.8017, 3498
0.8020, 3497
0.8023, 3496
0.8026, 3495
0.8029, 3494
0.8033, 3493
0.8036, 3492
0.8039, 3491
0.8042, 3490
0.8045, 3489
0.8048, 3488
0.8051, 3487
0.8054, 3486
0.8057, 3485
0.8061, 3484
0.8064, 3483
0.8067, 3482
0.8070, 3481
0.8073, 3480
0.8076, 3479
0.8079, 3478
0.8082, 3477
0.8086, 3476
0.8089, 3475
0.8092, 3474
0.8095, 3473
0.8098, 3472
0.8101, 3471
0.8104, 3470
0.8108, 3469
0.8111, 3468
0.8114, 3467
0.8118, 3466
0.8121, 3465
0.8124, 3464
0.8127, 3463
0.8130, 3462
0.8133, 3461
0.8136, 3460
0.8139, 3459
0.8142, 3458
0.8146, 3457
0.8149, 3456
0.8152, 3455
0.8155, 3454
0.8158, 3453
0.8161, 3452
0.8164, 3451
0.8167, 3450
0.8170, 3449
0.8174, 3448
0.8177, 3447
0.8180, 3446
0.8183, 3445
0.8186, 3444
0.8189, 3443
0.8192, 3442
0.8195, 3441
0.8198, 3440
0.8201, 3439
0.8204, 3438
0.8207, 3437
0.8210, 3436
0.8213, 3435
0.8216, 3434
0.8220, 3433
0.8223, 3432
0.8226, 3431
0.8229, 3430
0.8232, 3429
0.8235, 3428
0.8238, 3427
0.8241, 3426
0.8245, 3425
0.8248, 3424
0.8251, 3423
0.8254, 3422
0.8257, 3421
0.8261, 3420
0.8264, 3419
0.8267, 3418
0.8270, 3417
0.8274, 3416
0.8277, 3415
0.8280, 3414
0.8283, 3413
0.8286, 3412
0.8290, 3411
0.8293, 3410
0.8296, 3409
0.8299, 3408
0.8302, 3407
0.8305, 3406
0.8309, 3405
0.8312, 3404
0.8315, 3403
0.8318, 3402
0.8321, 3401
0.8324, 3400
0.8328, 3399
0.8331, 3398
0.8334, 3397
0.8337, 3396
0.8340, 3395
0.8344, 3394
0.8347, 3393
0.8350, 3392
0.8354, 3391
0.8357, 3390
0.8360, 3389
0.8364, 3388
0.8367, 3387
0.8370, 3386
0.8374, 3385
0.8377, 3384
0.8380, 3383
0.8383, 3382
0.8387, 3381
0.8390, 3380
0.8393, 3379
0.8397, 3378
0.8400, 3377
0.8404, 3376
0.8407, 3375
0.8410, 3374
0.8413, 3373
0.8417, 3372
0.8420, 3371
0.8423, 3370
0.8427, 3369
0.8430, 3368
0.8434, 3367
0.8437, 3366
0.8440, 3365
0.8443, 3364
0.8446, 3363
0.8450, 3362
0.8453, 3361
0.8456, 3360
0.8459, 3359
0.8462, 3358
0.8465, 3357
0.8468, 3356
0.8472, 3355
0.8475, 3354
0.8478, 3353
0.8481, 3352
0.8484, 3351
0.8488, 3350
0.8491, 3349
0.8495, 3348
0.8498, 3347
0.8501, 3346
0.8504, 3345
0.8507, 3344
0.8511, 3343
0.8514, 3342
0.8517, 3341
0.8521, 3340
0.8524, 3339
0.8527, 3338
0.8531, 3337
0.8534, 3336
0.8537, 3335
0.8540, 3334
0.8543, 3333
0.8546, 3332
0.8549, 3331
0.8552, 3330
0.8555, 3329
0.8558, 3328
0.8561, 3327
0.8564, 3326
0.8567, 3325
0.8570, 3324
0.8573, 3323
0.8576, 3322
0.8579, 3321
0.8582, 3320
0.8585, 3319
0.8588, 3318
0.8591, 3317
0.8594, 3316
0.8597, 3315
0.8600, 3314
0.8603, 3313
0.8606, 3312
0.8609, 3311
0.8612, 3310
0.8616, 3309
0.8619, 3308
0.8622, 3307
0.8625, 3306
0.8628, 3305
0.8631, 3304
0.8634, 3303
0.8638, 3302
0.8641, 3301
0.8645, 3300
0.8648, 3299
0.8651, 3298
0.8655, 3297
0.8658, 3296
0.8661, 3295
0.8665, 3294
0.8668, 3293
0.8671, 3292
0.8675, 3291
0.8678, 3290
0.8682, 3289
0.8685, 3288
0.8688, 3287
0.8691, 3286
0.8695, 3285
0.8698, 3284
0.8701, 3283
0.8704, 3282
0.8707, 3281
0.8710, 3280
0.8713, 3279
0.8717, 3278
0.8721, 3277
0.8724, 3276
0.8727, 3275
0.8730, 3274
0.8734, 3273
0.8737, 3272
0.8740, 3271
0.8743, 3270
0.8746, 3269
0.8750, 3268
0.8753, 3267
0.8756, 3266
0.8759, 3265
0.8762, 3264
0.8766, 3263
0.8769, 3262
0.8772, 3261
0.8775, 3260
0.8778, 3259
0.8781, 3258
0.8784, 3257
0.8787, 3256
0.8790, 3255
0.8793, 3254
0.8796, 3253
0.8799, 3252
0.8802, 3251
0.8805, 3250
0.8808, 3249
0.8811, 3248
0.8814, 3247
0.8818, 3246
0.8820, 3245
0.8824, 3244
0.8827, 3243
0.8830, 3242
0.8833, 3241
0.8837, 3240
0.8840, 3239
0.8843, 3238
0.8847, 3237
0.8850, 3236
0.8853, 3235
0.8856, 3234
0.8860, 3233
0.8863, 3232
0.8866, 3231
0.8870, 3230
0.8873, 3229
0.8876, 3228
0.8879, 3227
0.8882, 3226
0.8886, 3225
0.8889, 3224
0.8893, 3223
0.8896, 3222
0.8899, 3221
0.8902, 3220
0.8905, 3219
0.8909, 3218
0.8912, 3217
0.8915, 3216
0.8918, 3215
0.8921, 3214
0.8924, 3213
0.8928, 3212
0.8931, 3211
0.8934, 3210
0.8937, 3209
0.8940, 3208
0.8943, 3207
0.8946, 3206
0.8949, 3205
0.8952, 3204
0.8955, 3203
0.8959, 3202
0.8962, 3201
0.8966, 3200
0.8970, 3199
0.8973, 3198
0.8976, 3197
0.8979, 3196
0.8983, 3195
0.8986, 3194
0.8989, 3193
0.8993, 3192
0.8996, 3191
0.8999, 3190
0.9003, 3189
0.9006, 3188
0.9009, 3187
0.9012, 3186
0.9015, 3185
0.9018, 3184
0.9022, 3183
0.9025, 3182
0.9028, 3181
0.9031, 3180
0.9035, 3179
0.9037, 3178
0.9041, 3177
0.9045, 3176
0.9048, 3175
0.9051, 3174
0.9054, 3173
0.9057, 3172
0.9060, 3171
0.9063, 3170
0.9066, 3169
0.9069, 3168
0.9072, 3167
0.9075, 3166
0.9078, 3165
0.9081, 3164
0.9084, 3163
0.9087, 3162
0.9090, 3161
0.9093, 3160
0.9096, 3159
0.9099, 3158
0.9102, 3157
0.9105, 3156
0.9108, 3155
0.9111, 3154
0.9114, 3153
0.9117, 3152
0.9120, 3151
0.9123, 3150
0.9125, 3149
0.9128, 3148
0.9132, 3147
0.9135, 3146
0.9138, 3145
0.9141, 3144
0.9144, 3143
0.9147, 3142
0.9151, 3141
0.9154, 3140
0.9157, 3139
0.9160, 3138
0.9163, 3137
0.9166, 3136
0.9170, 3135
0.9173, 3134
0.9176, 3133
0.9179, 3132
0.9182, 3131
0.9185, 3130
0.9188, 3129
0.9192, 3128
0.9194, 3127
0.9197, 3126
0.9200, 3125
0.9203, 3124
0.9206, 3123
0.9209, 3122
0.9212, 3121
0.9216, 3120
0.9219, 3119
0.9222, 3118
0.9225, 3117
0.9227, 3116
0.9230, 3115
0.9233, 3114
0.9236, 3113
0.9239, 3112
0.9243, 3111
0.9245, 3110
0.9248, 3109
0.9251, 3108
0.9254, 3107
0.9257, 3106
0.9261, 3105
0.9264, 3104
0.9267, 3103
0.9269, 3102
0.9273, 3101
0.9276, 3100
0.9279, 3099
0.9282, 3098
0.9285, 3097
0.9288, 3096
0.9291, 3095
0.9294, 3094
0.9297, 3093
0.9299, 3092
0.9303, 3091
0.9305, 3090
0.9309, 3089
0.9311, 3088
0.9315, 3087
0.9318, 3086
0.9321, 3085
0.9324, 3084
0.9327, 3083
0.9330, 3082
0.9333, 3081
0.9336, 3080
0.9339, 3079
0.9342, 3078
0.9345, 3077
0.9348, 3076
0.9351, 3075
0.9353, 3074
0.9356, 3073
0.9359, 3072
0.9362, 3071
0.9365, 3070
0.9368, 3069
0.9371, 3068
0.9374, 3067
0.9376, 3066
0.9379, 3065
0.9382, 3064
0.9385, 3063
0.9388, 3062
0.9390, 3061
0.9393, 3060
0.9396, 3059
0.9399, 3058
0.9401, 3057
0.9405, 3056
0.9407, 3055
0.9410, 3054
0.9413, 3053
0.9416, 3052
0.9419, 3051
0.9422, 3050
0.9425, 3049
0.9428, 3048
0.9431, 3047
0.9434, 3046
0.9437, 3045
0.9440, 3044
0.9442, 3043
0.9445, 3042
0.9448, 3041
0.9451, 3040
0.9454, 3039
0.9456, 3038
0.9459, 3037
0.9462, 3036
0.9465, 3035
0.9467, 3034
0.9470, 3033
0.9474, 3032
0.9477, 3031
0.9479, 3030
0.9482, 3029
0.9485, 3028
0.9488, 3027
0.9491, 3026
0.9494, 3025
0.9497, 3024
0.9500, 3023
0.9503, 3022
0.9506, 3021
0.9509, 3020
0.9512, 3019
0.9516, 3018
0.9519, 3017
0.9522, 3016
0.9525, 3015
0.9527, 3014
0.9530, 3013
0.9533, 3012
0.9536, 3011
0.9539, 3010
0.9542, 3009
0.9545, 3008
0.9547, 3007
0.9550, 3006
0.9553, 3005
0.9556, 3004
0.9559, 3003
0.9562, 3002
0.9565, 3001
0.9567, 3000
0.9570, 2999
0.9573, 2998
0.9576, 2997
0.9579, 2996
0.9582, 2995
0.9585, 2994
0.9587, 2993
0.9590, 2992
0.9593, 2991
0.9596, 2990
0.9599, 2989
0.9602, 2988
0.9605, 2987
0.9608, 2986
0.9610, 2985
0.9614, 2984
0.9616, 2983
0.9619, 2982
0.9622, 2981
0.9625, 2980
0.9628, 2979
0.9631, 2978
0.9633, 2977
0.9637, 2976
0.9640, 2975
0.9643, 2974
0.9646, 2973
0.9649, 2972
0.9652, 2971
0.9655, 2970
0.9658, 2969
0.9660, 2968
0.9663, 2967
0.9666, 2966
0.9669, 2965
0.9672, 2964
0.9675, 2963
0.9677, 2962
0.9680, 2961
0.9684, 2960
0.9687, 2959
0.9690, 2958
0.9693, 2957
0.9696, 2956
0.9699, 2955
0.9703, 2954
0.9706, 2953
0.9709, 2952
0.9712, 2951
0.9715, 2950
0.9718, 2949
0.9721, 2948
0.9724, 2947
0.9727, 2946
0.9730, 2945
0.9733, 2944
0.9736, 2943
0.9739, 2942
0.9743, 2941
0.9746, 2940
0.9749, 2939
0.9752, 2938
0.9755, 2937
0.9758, 2936
0.9761, 2935
0.9764, 2934
0.9767, 2933
0.9771, 2932
0.9774, 2931
0.9778, 2930
0.9781, 2929
0.9784, 2928
0.9787, 2927
0.9791, 2926
0.9794, 2925
0.9797, 2924
0.9800, 2923
0.9803, 2922
0.9806, 2921
0.9810, 2920
0.9813, 2919
0.9817, 2918
0.9820, 2917
0.9823, 2916
0.9826, 2915
0.9829, 2914
0.9832, 2913
0.9836, 2912
0.9839, 2911
0.9842, 2910
0.9845, 2909
0.9848, 2908
0.9851, 2907
0.9854, 2906
0.9857, 2905
0.9860, 2904
0.9863, 2903
0.9867, 2902
0.9870, 2901
0.9873, 2900
0.9876, 2899
0.9879, 2898
0.9882, 2897
0.9886, 2896
0.9889, 2895
0.9892, 2894
0.9895, 2893
0.9898, 2892
0.9901, 2891
0.9904, 2890
0.9907, 2889
0.9911, 2888
0.9914, 2887
0.9917, 2886
0.9920, 2885
0.9923, 2884
0.9926, 2883
0.9929, 2882
0.9932, 2881
0.9935, 2880
0.9937, 2879
0.9940, 2878
0.9943, 2877
0.9946, 2876
0.9949, 2875
0.9952, 2874
0.9955, 2873
0.9958, 2872
0.9961, 2871
0.9964, 2870
0.9967, 2869
0.9970, 2868
0.9973, 2867
0.9976, 2866
0.9979, 2865
0.9982, 2864
0.9985, 2863
0.9988, 2862
0.9991, 2861
0.9994, 2860
0.9997, 2859
1.0000, 2858
1.0003, 2857
1.0005, 2856
1.0008, 2855
1.0011, 2854
1.0014, 2853
1.0017, 2852
1.0020, 2851
1.0023, 2850
1.0026, 2849
1.0029, 2848
1.0032, 2847
1.0035, 2846
1.0038, 2845
1.0041, 2844
1.0044, 2843
1.0047, 2842
1.0050, 2841
1.0052, 2840
1.0055, 2839
1.0058, 2838
1.0061, 2837
1.0064, 2836
1.0066, 2835
1.0070, 2834
1.0072, 2833
1.0076, 2832
1.0078, 2831
1.0081, 2830
1.0084, 2829
1.0087, 2828
1.0090, 2827
1.0093, 2826
1.0096, 2825
1.0098, 2824
1.0101, 2823
1.0104, 2822
1.0107, 2821
1.0110, 2820
1.0113, 2819
1.0115, 2818
1.0118, 2817
1.0120, 2816
1.0123, 2815
1.0126, 2814
1.0129, 2813
1.0132, 2812
1.0135, 2811
1.0137, 2810
1.0140, 2809
1.0143, 2808
1.0146, 2807
1.0149, 2806
1.0151, 2805
1.0154, 2804
1.0157, 2803
1.0160, 2802
1.0163, 2801
1.0165, 2800
1.0168, 2799
1.0172, 2798
1.0175, 2797
1.0178, 2796
1.0181, 2795
1.0183, 2794
1.0186, 2793
1.0189, 2792
1.0192, 2791
1.0195, 2790
1.0198, 2789
1.0200, 2788
1.0203, 2787
1.0206, 2786
1.0209, 2785
1.0212, 2784
1.0214, 2783
1.0217, 2782
1.0220, 2781
1.0223, 2780
1.0226, 2779
1.0228, 2778
1.0231, 2777
1.0234, 2776
1.0237, 2775
1.0240, 2774
1.0242, 2773
1.0245, 2772
1.0248, 2771
1.0251, 2770
1.0254, 2769
1.0256, 2768
1.0259, 2767
1.0262, 2766
1.0264, 2765
1.0267, 2764
1.0270, 2763
1.0272, 2762
1.0275, 2761
1.0278, 2760
1.0281, 2759
1.0284, 2758
1.0286, 2757
1.0289, 2756
1.0292, 2755
1.0295, 2754
1.0298, 2753
1.0301, 2752
1.0304, 2751
1.0306, 2750
1.0309, 2749
1.0312, 2748
1.0315, 2747
1.0318, 2746
1.0320, 2745
1.0323, 2744
1.0326, 2743
1.0329, 2742
1.0333, 2741
1.0336, 2740
1.0340, 2739
1.0343, 2738
1.0346, 2737
1.0348, 2736
1.0351, 2735
1.0354, 2734
1.0357, 2733
1.0360, 2732
1.0362, 2731
1.0365, 2730
1.0369, 2729
1.0371, 2728
1.0374, 2727
1.0377, 2726
1.0380, 2725
1.0382, 2724
1.0386, 2723
1.0389, 2722
1.0391, 2721
1.0394, 2720
1.0397, 2719
1.0400, 2718
1.0403, 2717
1.0406, 2716
1.0409, 2715
1.0411, 2714
1.0414, 2713
1.0417, 2712
1.0419, 2711
1.0422, 2710
1.0425, 2709
1.0428, 2708
1.0430, 2707
1.0433, 2706
1.0436, 2705
1.0438, 2704
1.0441, 2703
1.0444, 2702
1.0447, 2701
1.0449, 2700
1.0452, 2699
1.0454, 2698
1.0457, 2697
1.0460, 2696
1.0462, 2695
1.0465, 2694
1.0468, 2693
1.0471, 2692
1.0473, 2691
1.0476, 2690
1.0479, 2689
1.0482, 2688
1.0485, 2687
1.0488, 2686
1.0491, 2685
1.0494, 2684
1.0496, 2683
1.0499, 2682
1.0502, 2681
1.0505, 2680
1.0508, 2679
1.0511, 2678
1.0513, 2677
1.0516, 2676
1.0519, 2675
1.0521, 2674
1.0524, 2673
1.0527, 2672
1.0530, 2671
1.0533, 2670
1.0535, 2669
1.0538, 2668
1.0541, 2667
1.0544, 2666
1.0546, 2665
1.0549, 2664
1.0551, 2663
1.0554, 2662
1.0557, 2661
1.0560, 2660
1.0563, 2659
1.0565, 2658
1.0568, 2657
1.0571, 2656
1.0574, 2655
1.0576, 2654
1.0579, 2653
1.0582, 2652
1.0584, 2651
1.0587, 2650
1.0590, 2649
1.0592, 2648
1.0595, 2647
1.0597, 2646
1.0600, 2645
1.0603, 2644
1.0605, 2643
1.0608, 2642
1.0611, 2641
1.0613, 2640
1.0616, 2639
1.0619, 2638
1.0621, 2637
1.0624, 2636
1.0626, 2635
1.0629, 2634
1.0631, 2633
1.0634, 2632
1.0637, 2631
1.0640, 2630
1.0643, 2629
1.0645, 2628
1.0648, 2627
1.0651, 2626
1.0654, 2625
1.0657, 2624
1.0660, 2623
1.0662, 2622
1.0665, 2621
1.0668, 2620
1.0670, 2619
1.0673, 2618
1.0676, 2617
1.0678, 2616
1.0681, 2615
1.0684, 2614
1.0686, 2613
1.0689, 2612
1.0692, 2611
1.0694, 2610
1.0697, 2609
1.0699, 2608
1.0702, 2607
1.0705, 2606
1.0708, 2605
1.0711, 2604
1.0713, 2603
1.0716, 2602
1.0719, 2601
1.0721, 2600
1.0724, 2599
1.0727, 2598
1.0730, 2597
1.0732, 2596
1.0735, 2595
1.0738, 2594
1.0741, 2593
1.0743, 2592
1.0746, 2591
1.0748, 2590
1.0751, 2589
1.0754, 2588
1.0757, 2587
1.0759, 2586
1.0762, 2585
1.0765, 2584
1.0768, 2583
1.0771, 2582
1.0773, 2581
1.0776, 2580
1.0779, 2579
1.0782, 2578
1.0784, 2577
1.0787, 2576
1.0790, 2575
1.0792, 2574
1.0795, 2573
1.0799, 2572
1.0802, 2571
1.0805, 2570
1.0808, 2569
1.0854, 2568
1.0939, 2567
1.0941, 2566
1.1088, 2565
1.1090, 2564
1.1176, 2563
1.1178, 2562
1.1371, 2561
1.1479, 2560
1.1587, 2559
1.1866, 2558
1.1868, 2557
1.1914, 2556
1.2066, 2555
1.2109, 2554
1.2112, 2553
1.2156, 2552
1.2284, 2551
1.2328, 2550
1.2498, 2549
1.2565, 2548
1.2568, 2547
1.2591, 2546
1.2593, 2545
1.2595, 2544
1.2639, 2543
1.2747, 2542
1.2749, 2541
1.2854, 2540
1.2959, 2539
1.3046, 2538
1.3048, 2537
1.3133, 2536
1.3198, 2535
1.3303, 2534
1.3535, 2533
1.3660, 2532
1.3684, 2531
1.3686, 2530
1.3773, 2529
1.3816, 2528
1.3885, 2527
1.3929, 2526
1.3931, 2525
1.3954, 2524
1.4021, 2523
1.4023, 2522
1.4089, 2521
1.4091, 2520
1.4093, 2519
1.4096, 2518
1.4182, 2517
1.4925, 2516
1.5074, 2515
1.5077, 2514
1.5331, 2513
1.5480, 2512
1.5505, 2511
1.5696, 2510
1.5699, 2509
1.5868, 2508
1.5955, 2507
1.6041, 2506
1.6277, 2505
1.6430, 2504
1.6496, 2503
1.6498, 2502
1.6544, 2501
1.6653, 2500
1.6656, 2499
1.6745, 2498
1.6833, 2497
1.6878, 2496
1.6922, 2495
1.6987, 2494
1.6989, 2493
1.6991, 2492
1.6994, 2491
1.7019, 2490
1.7106, 2489
1.7109, 2488
1.7111, 2487
1.7240, 2486
1.7242, 2485
1.7266, 2484
1.7456, 2483
1.7521, 2482
1.7585, 2481
1.7650, 2480
1.7695, 2479
1.7760, 2478
1.7804, 2477
1.7806, 2476
1.7808, 2475
1.7811, 2474
1.7999, 2473
1.8145, 2472
1.8148, 2471
1.8150, 2470
1.8173, 2469
1.8176, 2468
1.8345, 2467
1.8515, 2466
1.8642, 2465
1.8748, 2464
1.8751, 2463
1.8837, 2462
1.8839, 2461
1.8862, 2460
1.8906, 2459
1.8970, 2458
1.8973, 2457
1.9165, 2456
1.9295, 2455
1.9380, 2454
1.9404, 2453
1.9468, 2452
1.9679, 2451
1.9892, 2450
1.9936, 2449
2.0042, 2448
2.0086, 2447
2.0357, 2446
2.0545, 2445
2.0651, 2444
2.0653, 2443
2.0887, 2442
2.0953, 2441
2.1124, 2440
2.1126, 2439
2.1384, 2438
2.1494, 2437
2.1642, 2436
2.1709, 2435
2.1733, 2434
2.2096, 2433
2.2204, 2432
2.2396, 2431
2.2525, 2430
2.2527, 2429
2.2634, 2428
2.2847, 2427
2.2849, 2426
2.2913, 2425
2.3082, 2424
2.3272, 2423
2.3274, 2422
2.3466, 2421
2.3577, 2420
2.3725, 2419
2.3769, 2418
2.3834, 2417
2.3959, 2416
2.3982, 2415
2.3984, 2414
2.4007, 2413
2.4009, 2412
2.4115, 2411
2.4117, 2410
2.4161, 2409
2.4163, 2408
2.4165, 2407
2.4250, 2406
2.4437, 2405
2.4522, 2404
2.4607, 2403
2.4609, 2402
2.4653, 2401
2.4655, 2400
2.4657, 2399
2.4743, 2398
2.4810, 2397
2.4812, 2396
2.4861, 2395
2.4863, 2394
2.4970, 2393
2.5160, 2392
2.5204, 2391
2.5206, 2390
2.5208, 2389
2.5210, 2388
2.5213, 2387
2.5215, 2386
2.5281, 2385
2.5283, 2384
2.5368, 2383
2.5370, 2382
2.5372, 2381
2.5437, 2380
2.5439, 2379
2.5441, 2378
2.5506, 2377
2.5529, 2376
2.5655, 2375
2.5657, 2374
2.5659, 2373
2.5703, 2372
2.5705, 2371
2.5832, 2370
2.5876, 2369
2.5878, 2368
2.5880, 2367
2.5967, 2366
2.5969, 2365
2.5971, 2364
2.5974, 2363
2.5976, 2362
2.5978, 2361
2.6170, 2360
2.6237, 2359
2.6239, 2358
2.6241, 2357
2.6244, 2356
2.6349, 2355
2.6372, 2354
2.6375, 2353
2.6377, 2352
2.6379, 2351
2.6424, 2350
2.6570, 2349
2.6634, 2348
2.6718, 2347
2.6762, 2346
2.6785, 2345
2.6955, 2344
2.6957, 2343
2.7023, 2342
2.7067, 2341
2.7069, 2340
2.7071, 2339
2.7116, 2338
2.7328, 2337
2.7331, 2336
2.7333, 2335
2.7525, 2334
2.7548, 2333
2.7551, 2332
2.7595, 2331
2.7828, 2330
2.7978, 2329
2.7980, 2328
2.7982, 2327
2.8109, 2326
2.8111, 2325
2.8176, 2324
2.8179, 2323
2.9571, 2322
2.9593, 2321
2.9616, 2320
2.9660, 2319
2.9662, 2318
2.9686, 2317
2.9729, 2316
2.9732, 2315
2.9775, 2314
2.9963, 2313
3.0007, 2312
3.0072, 2311
3.0074, 2310
3.0118, 2309
3.0120, 2308
3.0267, 2307
3.0269, 2306
3.0374, 2305
3.0376, 2304
3.0400, 2303
3.0505, 2302
3.0549, 2301
3.0551, 2300
3.0615, 2299
3.0617, 2298
3.0660, 2297
3.0662, 2296
3.0748, 2295
3.0792, 2294
3.0917, 2293
3.1002, 2292
3.1129, 2291
3.1131, 2290
3.1134, 2289
3.1256, 2288
3.1280, 2287
3.1282, 2286
3.1435, 2285
3.1520, 2284
3.1644, 2283
3.1833, 2282
3.1961, 2281
3.2006, 2280
3.2363, 2279
3.2407, 2278
3.2410, 2277
3.2412, 2276
3.2414, 2275
3.2416, 2274
3.2503, 2273
3.2505, 2272
3.2507, 2271
3.2592, 2270
3.2594, 2269
3.2596, 2268
3.2619, 2267
3.2621, 2266
3.3014, 2265
3.3016, 2264
3.3081, 2263
3.3230, 2262
3.3274, 2261
3.3360, 2260
3.3363, 2259
3.3554, 2258
3.3556, 2257
3.3558, 2256
3.3645, 2255
3.3797, 2254
3.3800, 2253
3.3904, 2252
3.3969, 2251
3.4035, 2250
3.4205, 2249
3.4249, 2248
3.4396, 2247
3.4398, 2246
3.4565, 2245
3.4670, 2244
3.4713, 2243
3.4777, 2242
3.4903, 2241
3.4926, 2240
3.4969, 2239
3.5034, 2238
3.5037, 2237
3.5101, 2236
3.5104, 2235
3.5167, 2234
3.5210, 2233
3.5356, 2232
3.5440, 2231
3.5710, 2230
3.5796, 2229
3.5859, 2228
3.5963, 2227
3.7443, 2226
3.7690, 2225
3.7816, 2224
3.7962, 2223
3.8006, 2222
3.8133, 2221
3.8505, 2220
3.9128, 2219
3.9566, 2218
4.0020, 2217
4.0046, 2216
4.0782, 2215
4.0970, 2214
4.2957, 2213
4.2960, 2212
