0.0309, 2281
0.0377, 2280
0.2521, 2279
0.2762, 2278
0.3005, 2275
0.3036, 2273
0.3305, 2272
0.3576, 2271
0.3607, 2270
0.3878, 2269
0.4426, 2268
0.4707, 2267
0.4770, 2266
0.5045, 2265
0.5468, 2264
0.5681, 2263
0.6016, 2262
0.6589, 2260
0.6712, 2258
0.6957, 2257
0.7138, 2256
0.7319, 2255
0.7410, 2254
0.8050, 2253
0.8113, 2250
0.9055, 2249
0.9537, 2248
0.9811, 2247
1.0750, 2245
1.1023, 2244
1.1415, 2243
1.1507, 2242
1.1902, 2241
1.3726, 2240
1.3818, 2239
1.6222, 2238
1.7135, 2237
1.8083, 2236
1.8176, 2235
1.9183, 2234
2.4067, 2233
2.4343, 2232
2.4865, 2231
2.4897, 2229
2.5628, 2228
2.7358, 2227
2.7630, 2226
2.7693, 2225
2.7815, 2222
2.8452, 2221
3.0673, 2220
3.0738, 2219
