0.0294, 2281
0.0330, 2280
0.0395, 2279
0.1775, 2277
0.2328, 2276
0.2481, 2275
0.2963, 2274
0.3481, 2272
0.3851, 2271
0.3943, 2270
0.4228, 2269
0.4840, 2268
0.4872, 2267
0.5782, 2266
0.6117, 2265
0.6542, 2264
0.6845, 2262
0.7242, 2261
0.7273, 2260
0.7395, 2259
0.8634, 2257
0.9058, 2256
0.9240, 2255
0.9571, 2254
0.9725, 2253
1.0835, 2251
1.1356, 2250
1.1873, 2249
1.2025, 2248
1.2119, 2247
1.3842, 2246
1.3934, 2245
1.5851, 2243
1.6046, 2242
1.6420, 2241
1.7788, 2238
1.8275, 2236
1.9496, 2234
2.0231, 2233
2.0999, 2231
2.1371, 2230
2.2753, 2229
2.3136, 2228
2.3901, 2227
2.4553, 2226
2.4617, 2225
2.5783, 2224
2.5849, 2223
2.6554, 2221
2.6891, 2220
2.7599, 2219
2.7660, 2218
2.8521, 2217
