0.6858, 3931
0.6861, 3930
0.6864, 3929
0.6868, 3928
0.6871, 3927
0.6875, 3926
0.6878, 3925
0.6881, 3924
0.6885, 3923
0.6888, 3922
0.6891, 3921
0.6895, 3920
0.6898, 3919
0.6902, 3918
0.6905, 3917
0.6908, 3916
0.6911, 3915
0.6915, 3914
0.6918, 3913
0.6921, 3912
0.6925, 3911
0.6928, 3910
0.6931, 3909
0.6934, 3908
0.6938, 3907
0.6941, 3906
0.6944, 3905
0.6948, 3904
0.6951, 3903
0.6954, 3902
0.6957, 3901
0.6961, 3900
0.6964, 3899
0.6967, 3898
0.6971, 3897
0.6974, 3896
0.6977, 3895
0.6981, 3894
0.6984, 3893
0.6987, 3892
0.6991, 3891
0.6994, 3890
0.6998, 3889
0.7001, 3888
0.7004, 3887
0.7008, 3886
0.7011, 3885
0.7014, 3884
0.7018, 3883
0.7021, 3882
0.7024, 3881
0.7027, 3880
0.7031, 3879
0.7034, 3878
0.7037, 3877
0.7040, 3876
0.7044, 3875
0.7047, 3874
0.7050, 3873
0.7054, 3872
0.7057, 3871
0.7060, 3870
0.7064, 3869
0.7067, 3868
0.7070, 3867
0.7074, 3866
0.7078, 3865
0.7082, 3864
0.7085, 3863
0.7089, 3862
0.7092, 3861
0.7095, 3860
0.7098, 3859
0.7102, 3858
0.7105, 3857
0.7108, 3856
0.7112, 3855
0.7115, 3854
0.7118, 3853
0.7122, 3852
0.7125, 3851
0.7128, 3850
0.7132, 3849
0.7135, 3848
0.7138, 3847
0.7142, 3846
0.7145, 3845
0.7149, 3844
0.7152, 3843
0.7156, 3842
0.7160, 3841
0.7163, 3840
0.7166, 3839
0.7170, 3838
0.7173, 3837
0.7176, 3836
0.7180, 3835
0.7184, 3834
0.7188, 3833
0.7191, 3832
0.7194, 3831
0.7198, 3830
0.7201, 3829
0.7204, 3828
0.7208, 3827
0.7211, 3826
0.7215, 3825
0.7218, 3824
0.7222, 3823
0.7225, 3822
0.7228, 3821
0.7232, 3820
0.7235, 3819
0.7239, 3818
0.7242, 3817
0.7246, 3816
0.7249, 3815
0.7252, 3814
0.7256, 3813
0.7259, 3812
0.7262, 3811
0.7265, 3810
0.7269, 3809
0.7272, 3808
0.7276, 3807
0.7279, 3806
0.7282, 3805
0.7286, 3804
0.7289, 3803
0.7292, 3802
0.7295, 3801
0.7299, 3800
0.7302, 3799
0.7306, 3798
0.7309, 3797
0.7313, 3796
0.7316, 3795
0.7319, 3794
0.7323, 3793
0.7326, 3792
0.7329, 3791
0.7332, 3790
0.7336, 3789
0.7339, 3788
0.7342, 3787
0.7345, 3786
0.7349, 3785
0.7352, 3784
0.7355, 3783
0.7359, 3782
0.7362, 3781
0.7365, 3780
0.7369, 3779
0.7372, 3778
0.7375, 3777
0.7379, 3776
0.7382, 3775
0.7385, 3774
0.7389, 3773
0.7392, 3772
0.7395, 3771
0.7399, 3770
0.7402, 3769
0.7405, 3768
0.7409, 3767
0.7412, 3766
0.7415, 3765
0.7419, 3764
0.7423, 3763
0.7426, 3762
0.7429, 3761
0.7433, 3760
0.7436, 3759
0.7440, 3758
0.7443, 3757
0.7446, 3756
0.7450, 3755
0.7453, 3754
0.7456, 3753
0.7460, 3752
0.7463, 3751
0.7467, 3750
0.7470, 3749
0.7474, 3748
0.7477, 3747
0.7480, 3746
0.7484, 3745
0.7487, 3744
0.7491, 3743
0.7494, 3742
0.7497, 3741
0.7501, 3740
0.7504, 3739
0.7507, 3738
0.7510, 3737
0.7514, 3736
0.7517, 3735
0.7520, 3734
0.7523, 3733
0.7526, 3732
0.7530, 3731
0.7533, 3730
0.7536, 3729
0.7539, 3728
0.7542, 3727
0.7546, 3726
0.7549, 3725
0.7553, 3724
0.7557, 3723
0.7560, 3722
0.7563, 3721
0.7567, 3720
0.7570, 3719
0.7573, 3718
0.7576, 3717
0.7580, 3716
0.7583, 3715
0.7586, 3714
0.7590, 3713
0.7593, 3712
0.7596, 3711
0.7600, 3710
0.7603, 3709
0.7606, 3708
0.7609, 3707
0.7612, 3706
0.7616, 3705
0.7619, 3704
0.7622, 3703
0.7625, 3702
0.7629, 3701
0.7632, 3700
0.7635, 3699
0.7639, 3698
0.7642, 3697
0.7645, 3696
0.7648, 3695
0.7652, 3694
0.7655, 3693
0.7658, 3692
0.7661, 3691
0.7664, 3690
0.7668, 3689
0.7671, 3688
0.7675, 3687
0.7678, 3686
0.7681, 3685
0.7684, 3684
0.7688, 3683
0.7691, 3682
0.7694, 3681
0.7697, 3680
0.7700, 3679
0.7704, 3678
0.7707, 3677
0.7710, 3676
0.7713, 3675
0.7716, 3674
0.7720, 3673
0.7723, 3672
0.7726, 3671
0.7729, 3670
0.7733, 3669
0.7736, 3668
0.7739, 3667
0.7743, 3666
0.7746, 3665
0.7749, 3664
0.7753, 3663
0.7756, 3662
0.7759, 3661
0.7763, 3660
0.7766, 3659
0.7769, 3658
0.7773, 3657
0.7776, 3656
0.7779, 3655
0.7782, 3654
0.7786, 3653
0.7789, 3652
0.7792, 3651
0.7796, 3650
0.7799, 3649
0.7802, 3648
0.7806, 3647
0.7809, 3646
0.7813, 3645
0.7816, 3644
0.7819, 3643
0.7823, 3642
0.7826, 3641
0.7829, 3640
0.7833, 3639
0.7836, 3638
0.7839, 3637
0.7842, 3636
0.7846, 3635
0.7849, 3634
0.7852, 3633
0.7855, 3632
0.7858, 3631
0.7861, 3630
0.7865, 3629
0.7868, 3628
0.7871, 3627
0.7874, 3626
0.7877, 3625
0.7880, 3624
0.7884, 3623
0.7887, 3622
0.7890, 3621
0.7893, 3620
0.7896, 3619
0.7900, 3618
0.7903, 3617
0.7906, 3616
0.7909, 3615
0.7912, 3614
0.7916, 3613
0.7919, 3612
0.7922, 3611
0.7925, 3610
0.7928, 3609
0.7931, 3608
0.7935, 3607
0.7938, 3606
0.7941, 3605
0.7944, 3604
0.7947, 3603
0.7950, 3602
0.7954, 3601
0.7957, 3600
0.7960, 3599
0.7963, 3598
0.7966, 3597
0.7969, 3596
0.7973, 3595
0.7976, 3594
0.7979, 3593
0.7982, 3592
0.7985, 3591
0.7989, 3590
0.7992, 3589
0.7995, 3588
0.7998, 3587
0.8002, 3586
0.8005, 3585
0.8008, 3584
0.8011, 3583
0.8014, 3582
0.8017, 3581
0.8021, 3580
0.8024, 3579
0.8027, 3578
0.8030, 3577
0.8033, 3576
0.8036, 3575
0.8040, 3574
0.8043, 3573
0.8046, 3572
0.8049, 3571
0.8052, 3570
0.8056, 3569
0.8059, 3568
0.8062, 3567
0.8066, 3566
0.8069, 3565
0.8072, 3564
0.8075, 3563
0.8079, 3562
0.8082, 3561
0.8085, 3560
0.8088, 3559
0.8091, 3558
0.8094, 3557
0.8098, 3556
0.8101, 3555
0.8104, 3554
0.8108, 3553
0.8111, 3552
0.8114, 3551
0.8118, 3550
0.8121, 3549
0.8125, 3548
0.8128, 3547
0.8131, 3546
0.8134, 3545
0.8137, 3544
0.8141, 3543
0.8144, 3542
0.8147, 3541
0.8150, 3540
0.8154, 3539
0.8157, 3538
0.8160, 3537
0.8164, 3536
0.8167, 3535
0.8170, 3534
0.8173, 3533
0.8176, 3532
0.8180, 3531
0.8183, 3530
0.8186, 3529
0.8189, 3528
0.8192, 3527
0.8195, 3526
0.8198, 3525
0.8201, 3524
0.8204, 3523
0.8208, 3522
0.8211, 3521
0.8214, 3520
0.8217, 3519
0.8220, 3518
0.8223, 3517
0.8226, 3516
0.8229, 3515
0.8233, 3514
0.8236, 3513
0.8239, 3512
0.8242, 3511
0.8245, 3510
0.8248, 3509
0.8252, 3508
0.8255, 3507
0.8258, 3506
0.8261, 3505
0.8264, 3504
0.8267, 3503
0.8270, 3502
0.8273, 3501
0.8276, 3500
0.8279, 3499
0.8282, 3498
0.8285, 3497
0.8288, 3496
0.8292, 3495
0.8295, 3494
0.8298, 3493
0.8301, 3492
0.8304, 3491
0.8307, 3490
0.8310, 3489
0.8314, 3488
0.8317, 3487
0.8320, 3486
0.8323, 3485
0.8326, 3484
0.8329, 3483
0.8332, 3482
0.8335, 3481
0.8338, 3480
0.8341, 3479
0.8344, 3478
0.8347, 3477
0.8350, 3476
0.8353, 3475
0.8356, 3474
0.8360, 3473
0.8363, 3472
0.8366, 3471
0.8369, 3470
0.8372, 3469
0.8375, 3468
0.8378, 3467
0.8381, 3466
0.8384, 3465
0.8387, 3464
0.8390, 3463
0.8394, 3462
0.8397, 3461
0.8400, 3460
0.8403, 3459
0.8406, 3458
0.8409, 3457
0.8412, 3456
0.8416, 3455
0.8419, 3454
0.8422, 3453
0.8425, 3452
0.8428, 3451
0.8431, 3450
0.8434, 3449
0.8437, 3448
0.8440, 3447
0.8443, 3446
0.8447, 3445
0.8450, 3444
0.8453, 3443
0.8456, 3442
0.8459, 3441
0.8463, 3440
0.8466, 3439
0.8469, 3438
0.8472, 3437
0.8475, 3436
0.8479, 3435
0.8482, 3434
0.8485, 3433
0.8488, 3432
0.8491, 3431
0.8494, 3430
0.8497, 3429
0.8500, 3428
0.8504, 3427
0.8507, 3426
0.8510, 3425
0.8513, 3424
0.8516, 3423
0.8519, 3422
0.8522, 3421
0.8525, 3420
0.8528, 3419
0.8531, 3418
0.8534, 3417
0.8537, 3416
0.8540, 3415
0.8543, 3414
0.8546, 3413
0.8549, 3412
0.8551, 3411
0.8554, 3410
0.8557, 3409
0.8560, 3408
0.8563, 3407
0.8566, 3406
0.8569, 3405
0.8572, 3404
0.8575, 3403
0.8578, 3402
0.8581, 3401
0.8584, 3400
0.8587, 3399
0.8590, 3398
0.8593, 3397
0.8596, 3396
0.8599, 3395
0.8603, 3394
0.8606, 3393
0.8609, 3392
0.8612, 3391
0.8615, 3390
0.8618, 3389
0.8621, 3388
0.8624, 3387
0.8627, 3386
0.8630, 3385
0.8633, 3384
0.8636, 3383
0.8639, 3382
0.8642, 3381
0.8646, 3380
0.8649, 3379
0.8652, 3378
0.8655, 3377
0.8658, 3376
0.8661, 3375
0.8664, 3374
0.8667, 3373
0.8671, 3372
0.8674, 3371
0.8678, 3370
0.8681, 3369
0.8684, 3368
0.8687, 3367
0.8690, 3366
0.8694, 3365
0.8697, 3364
0.8700, 3363
0.8703, 3362
0.8706, 3361
0.8709, 3360
0.8712, 3359
0.8716, 3358
0.8719, 3357
0.8722, 3356
0.8725, 3355
0.8729, 3354
0.8732, 3353
0.8735, 3352
0.8738, 3351
0.8741, 3350
0.8744, 3349
0.8747, 3348
0.8751, 3347
0.8754, 3346
0.8757, 3345
0.8760, 3344
0.8763, 3343
0.8766, 3342
0.8769, 3341
0.8772, 3340
0.8775, 3339
0.8779, 3338
0.8782, 3337
0.8785, 3336
0.8788, 3335
0.8791, 3334
0.8794, 3333
0.8797, 3332
0.8800, 3331
0.8804, 3330
0.8807, 3329
0.8810, 3328
0.8813, 3327
0.8816, 3326
0.8819, 3325
0.8822, 3324
0.8825, 3323
0.8828, 3322
0.8831, 3321
0.8835, 3320
0.8838, 3319
0.8842, 3318
0.8845, 3317
0.8848, 3316
0.8851, 3315
0.8854, 3314
0.8857, 3313
0.8860, 3312
0.8863, 3311
0.8866, 3310
0.8870, 3309
0.8873, 3308
0.8876, 3307
0.8879, 3306
0.8882, 3305
0.8886, 3304
0.8889, 3303
0.8892, 3302
0.8895, 3301
0.8898, 3300
0.8901, 3299
0.8904, 3298
0.8908, 3297
0.8912, 3296
0.8915, 3295
0.8918, 3294
0.8921, 3293
0.8924, 3292
0.8927, 3291
0.8930, 3290
0.8933, 3289
0.8936, 3288
0.8939, 3287
0.8942, 3286
0.8945, 3285
0.8949, 3284
0.8952, 3283
0.8955, 3282
0.8958, 3281
0.8961, 3280
0.8965, 3279
0.8968, 3278
0.8971, 3277
0.8974, 3276
0.8977, 3275
0.8981, 3274
0.8984, 3273
0.8986, 3272
0.8990, 3271
0.8993, 3270
0.8996, 3269
0.8999, 3268
0.9002, 3267
0.9005, 3266
0.9008, 3265
0.9011, 3264
0.9014, 3263
0.9017, 3262
0.9020, 3261
0.9023, 3260
0.9026, 3259
0.9029, 3258
0.9032, 3257
0.9035, 3256
0.9038, 3255
0.9041, 3254
0.9044, 3253
0.9047, 3252
0.9050, 3251
0.9053, 3250
0.9056, 3249
0.9059, 3248
0.9062, 3247
0.9066, 3246
0.9069, 3245
0.9072, 3244
0.9075, 3243
0.9078, 3242
0.9081, 3241
0.9084, 3240
0.9087, 3239
0.9090, 3238
0.9093, 3237
0.9096, 3236
0.9099, 3235
0.9102, 3234
0.9105, 3233
0.9109, 3232
0.9112, 3231
0.9115, 3230
0.9118, 3229
0.9122, 3228
0.9125, 3227
0.9128, 3226
0.9131, 3225
0.9134, 3224
0.9137, 3223
0.9140, 3222
0.9143, 3221
0.9146, 3220
0.9149, 3219
0.9152, 3218
0.9155, 3217
0.9158, 3216
0.9160, 3215
0.9163, 3214
0.9166, 3213
0.9169, 3212
0.9173, 3211
0.9176, 3210
0.9180, 3209
0.9183, 3208
0.9186, 3207
0.9189, 3206
0.9192, 3205
0.9196, 3204
0.9199, 3203
0.9201, 3202
0.9204, 3201
0.9208, 3200
0.9211, 3199
0.9214, 3198
0.9217, 3197
0.9219, 3196
0.9223, 3195
0.9226, 3194
0.9229, 3193
0.9232, 3192
0.9235, 3191
0.9238, 3190
0.9241, 3189
0.9244, 3188
0.9247, 3187
0.9251, 3186
0.9254, 3185
0.9256, 3184
0.9259, 3183
0.9262, 3182
0.9265, 3181
0.9268, 3180
0.9271, 3179
0.9274, 3178
0.9277, 3177
0.9280, 3176
0.9284, 3175
0.9287, 3174
0.9289, 3173
0.9292, 3172
0.9295, 3171
0.9298, 3170
0.9301, 3169
0.9304, 3168
0.9307, 3167
0.9310, 3166
0.9313, 3165
0.9316, 3164
0.9319, 3163
0.9323, 3162
0.9326, 3161
0.9329, 3160
0.9332, 3159
0.9335, 3158
0.9338, 3157
0.9341, 3156
0.9344, 3155
0.9347, 3154
0.9350, 3153
0.9353, 3152
0.9356, 3151
0.9359, 3150
0.9362, 3149
0.9365, 3148
0.9369, 3147
0.9372, 3146
0.9375, 3145
0.9378, 3144
0.9381, 3143
0.9384, 3142
0.9388, 3141
0.9391, 3140
0.9394, 3139
0.9397, 3138
0.9400, 3137
0.9403, 3136
0.9406, 3135
0.9409, 3134
0.9412, 3133
0.9415, 3132
0.9418, 3131
0.9422, 3130
0.9425, 3129
0.9428, 3128
0.9430, 3127
0.9433, 3126
0.9436, 3125
0.9439, 3124
0.9442, 3123
0.9445, 3122
0.9448, 3121
0.9451, 3120
0.9454, 3119
0.9457, 3118
0.9459, 3117
0.9462, 3116
0.9465, 3115
0.9468, 3114
0.9471, 3113
0.9473, 3112
0.9476, 3111
0.9479, 3110
0.9482, 3109
0.9485, 3108
0.9488, 3107
0.9490, 3106
0.9493, 3105
0.9496, 3104
0.9499, 3103
0.9502, 3102
0.9505, 3101
0.9508, 3100
0.9510, 3099
0.9514, 3098
0.9517, 3097
0.9520, 3096
0.9523, 3095
0.9526, 3094
0.9529, 3093
0.9531, 3092
0.9534, 3091
0.9537, 3090
0.9540, 3089
0.9543, 3088
0.9545, 3087
0.9548, 3086
0.9551, 3085
0.9554, 3084
0.9557, 3083
0.9560, 3082
0.9563, 3081
0.9566, 3080
0.9569, 3079
0.9573, 3078
0.9576, 3077
0.9579, 3076
0.9582, 3075
0.9584, 3074
0.9587, 3073
0.9590, 3072
0.9593, 3071
0.9596, 3070
0.9599, 3069
0.9602, 3068
0.9605, 3067
0.9608, 3066
0.9611, 3065
0.9614, 3064
0.9616, 3063
0.9619, 3062
0.9622, 3061
0.9625, 3060
0.9628, 3059
0.9631, 3058
0.9634, 3057
0.9637, 3056
0.9640, 3055
0.9643, 3054
0.9646, 3053
0.9648, 3052
0.9652, 3051
0.9655, 3050
0.9658, 3049
0.9661, 3048
0.9664, 3047
0.9667, 3046
0.9670, 3045
0.9672, 3044
0.9675, 3043
0.9678, 3042
0.9681, 3041
0.9684, 3040
0.9686, 3039
0.9689, 3038
0.9692, 3037
0.9694, 3036
0.9697, 3035
0.9700, 3034
0.9703, 3033
0.9705, 3032
0.9708, 3031
0.9711, 3030
0.9714, 3029
0.9717, 3028
0.9720, 3027
0.9723, 3026
0.9726, 3025
0.9729, 3024
0.9732, 3023
0.9735, 3022
0.9738, 3021
0.9741, 3020
0.9744, 3019
0.9747, 3018
0.9750, 3017
0.9752, 3016
0.9756, 3015
0.9759, 3014
0.9762, 3013
0.9764, 3012
0.9767, 3011
0.9770, 3010
0.9773, 3009
0.9775, 3008
0.9778, 3007
0.9781, 3006
0.9784, 3005
0.9787, 3004
0.9789, 3003
0.9792, 3002
0.9795, 3001
0.9798, 3000
0.9801, 2999
0.9803, 2998
0.9806, 2997
0.9809, 2996
0.9812, 2995
0.9814, 2994
0.9817, 2993
0.9820, 2992
0.9823, 2991
0.9825, 2990
0.9828, 2989
0.9831, 2988
0.9834, 2987
0.9837, 2986
0.9839, 2985
0.9842, 2984
0.9845, 2983
0.9848, 2982
0.9851, 2981
0.9853, 2980
0.9856, 2979
0.9859, 2978
0.9861, 2977
0.9864, 2976
0.9867, 2975
0.9870, 2974
0.9873, 2973
0.9876, 2972
0.9878, 2971
0.9881, 2970
0.9884, 2969
0.9887, 2968
0.9890, 2967
0.9892, 2966
0.9895, 2965
0.9898, 2964
0.9900, 2963
0.9903, 2962
0.9906, 2961
0.9909, 2960
0.9912, 2959
0.9914, 2958
0.9917, 2957
0.9920, 2956
0.9923, 2955
0.9926, 2954
0.9930, 2953
0.9932, 2952
0.9935, 2951
0.9938, 2950
0.9941, 2949
0.9943, 2948
0.9946, 2947
0.9949, 2946
0.9951, 2945
0.9954, 2944
0.9957, 2943
0.9960, 2942
0.9963, 2941
0.9966, 2940
0.9968, 2939
0.9972, 2938
0.9975, 2937
0.9977, 2936
0.9980, 2935
0.9983, 2934
0.9986, 2933
0.9989, 2932
0.9992, 2931
0.9995, 2930
0.9998, 2929
1.0001, 2928
1.0004, 2927
1.0007, 2926
1.0010, 2925
1.0013, 2924
1.0016, 2923
1.0019, 2922
1.0022, 2921
1.0025, 2920
1.0029, 2919
1.0032, 2918
1.0035, 2917
1.0038, 2916
1.0041, 2915
1.0045, 2914
1.0048, 2913
1.0051, 2912
1.0054, 2911
1.0057, 2910
1.0060, 2909
1.0063, 2908
1.0066, 2907
1.0068, 2906
1.0071, 2905
1.0074, 2904
1.0077, 2903
1.0080, 2902
1.0083, 2901
1.0085, 2900
1.0088, 2899
1.0091, 2898
1.0094, 2897
1.0097, 2896
1.0100, 2895
1.0103, 2894
1.0106, 2893
1.0109, 2892
1.0112, 2891
1.0115, 2890
1.0118, 2889
1.0121, 2888
1.0124, 2887
1.0128, 2886
1.0131, 2885
1.0133, 2884
1.0136, 2883
1.0139, 2882
1.0142, 2881
1.0144, 2880
1.0148, 2879
1.0150, 2878
1.0153, 2877
1.0156, 2876
1.0158, 2875
1.0162, 2874
1.0165, 2873
1.0167, 2872
1.0170, 2871
1.0173, 2870
1.0176, 2869
1.0179, 2868
1.0182, 2867
1.0184, 2866
1.0187, 2865
1.0190, 2864
1.0192, 2863
1.0195, 2862
1.0198, 2861
1.0201, 2860
1.0203, 2859
1.0206, 2858
1.0209, 2857
1.0211, 2856
1.0214, 2855
1.0217, 2854
1.0219, 2853
1.0222, 2852
1.0225, 2851
1.0227, 2850
1.0230, 2849
1.0233, 2848
1.0235, 2847
1.0238, 2846
1.0241, 2845
1.0244, 2844
1.0247, 2843
1.0249, 2842
1.0252, 2841
1.0255, 2840
1.0257, 2839
1.0260, 2838
1.0263, 2837
1.0266, 2836
1.0268, 2835
1.0271, 2834
1.0274, 2833
1.0277, 2832
1.0279, 2831
1.0282, 2830
1.0285, 2829
1.0287, 2828
1.0290, 2827
1.0293, 2826
1.0296, 2825
1.0298, 2824
1.0301, 2823
1.0304, 2822
1.0307, 2821
1.0309, 2820
1.0312, 2819
1.0315, 2818
1.0317, 2817
1.0320, 2816
1.0322, 2815
1.0325, 2814
1.0328, 2813
1.0330, 2812
1.0333, 2811
1.0336, 2810
1.0339, 2809
1.0341, 2808
1.0344, 2807
1.0347, 2806
1.0350, 2805
1.0353, 2804
1.0355, 2803
1.0358, 2802
1.0361, 2801
1.0364, 2800
1.0367, 2799
1.0370, 2798
1.0373, 2797
1.0376, 2796
1.0379, 2795
1.0381, 2794
1.0384, 2793
1.0387, 2792
1.0389, 2791
1.0393, 2790
1.0396, 2789
1.0398, 2788
1.0401, 2787
1.0404, 2786
1.0406, 2785
1.0409, 2784
1.0412, 2783
1.0415, 2782
1.0417, 2781
1.0420, 2780
1.0423, 2779
1.0425, 2778
1.0428, 2777
1.0431, 2776
1.0434, 2775
1.0436, 2774
1.0439, 2773
1.0442, 2772
1.0445, 2771
1.0448, 2770
1.0450, 2769
1.0453, 2768
1.0455, 2767
1.0458, 2766
1.0461, 2765
1.0463, 2764
1.0466, 2763
1.0469, 2762
1.0471, 2761
1.0474, 2760
1.0477, 2759
1.0480, 2758
1.0482, 2757
1.0485, 2756
1.0488, 2755
1.0491, 2754
1.0494, 2753
1.0497, 2752
1.0500, 2751
1.0503, 2750
1.0505, 2749
1.0508, 2748
1.0511, 2747
1.0513, 2746
1.0516, 2745
1.0519, 2744
1.0521, 2743
1.0524, 2742
1.0527, 2741
1.0530, 2740
1.0533, 2739
1.0536, 2738
1.0539, 2737
1.0541, 2736
1.0544, 2735
1.0547, 2734
1.0550, 2733
1.0553, 2732
1.0555, 2731
1.0558, 2730
1.0561, 2729
1.0564, 2728
1.0566, 2727
1.0569, 2726
1.0572, 2725
1.0574, 2724
1.0577, 2723
1.0580, 2722
1.0583, 2721
1.0585, 2720
1.0588, 2719
1.0591, 2718
1.0593, 2717
1.0596, 2716
1.0599, 2715
1.0602, 2714
1.0604, 2713
1.0607, 2712
1.0609, 2711
1.0612, 2710
1.0615, 2709
1.0617, 2708
1.0620, 2707
1.0623, 2706
1.0626, 2705
1.0628, 2704
1.0631, 2703
1.0634, 2702
1.0636, 2701
1.0639, 2700
1.0641, 2699
1.0644, 2698
1.0646, 2697
1.0649, 2696
1.0652, 2695
1.0654, 2694
1.0657, 2693
1.0660, 2692
1.0662, 2691
1.0665, 2690
1.0668, 2689
1.0671, 2688
1.0673, 2687
1.0676, 2686
1.0679, 2685
1.0681, 2684
1.0684, 2683
1.0687, 2682
1.0689, 2681
1.0692, 2680
1.0695, 2679
1.0697, 2678
1.0700, 2677
1.0702, 2676
1.0706, 2675
1.0709, 2674
1.0712, 2673
1.0715, 2672
1.0717, 2671
1.0720, 2670
1.0723, 2669
1.0725, 2668
1.0728, 2667
1.0731, 2666
1.0733, 2665
1.0736, 2664
1.0739, 2663
1.0741, 2662
1.0745, 2661
1.0747, 2660
1.0750, 2659
1.0752, 2658
1.0755, 2657
1.0758, 2656
1.0760, 2655
1.0763, 2654
1.0766, 2653
1.0768, 2652
1.0771, 2651
1.0774, 2650
1.0777, 2649
1.0779, 2648
1.0782, 2647
1.0784, 2646
1.0787, 2645
1.0789, 2644
1.0792, 2643
1.0795, 2642
1.0797, 2641
1.0800, 2640
1.0802, 2639
1.0805, 2638
1.0808, 2637
1.0810, 2636
1.0813, 2635
1.0815, 2634
1.0818, 2633
1.0820, 2632
1.0823, 2631
1.0826, 2630
1.0829, 2629
1.0831, 2628
1.0834, 2627
1.0837, 2626
1.0839, 2625
1.0842, 2624
1.0844, 2623
1.0847, 2622
1.0849, 2621
1.0852, 2620
1.0855, 2619
1.0857, 2618
1.0860, 2617
1.0863, 2616
1.0865, 2615
1.0868, 2614
1.0870, 2613
1.0873, 2612
1.0875, 2611
1.0878, 2610
1.0880, 2609
1.0883, 2608
1.0886, 2607
1.0888, 2606
1.0891, 2605
1.0893, 2604
1.0896, 2603
1.0898, 2602
1.0901, 2601
1.0903, 2600
1.0906, 2599
1.0909, 2598
1.0911, 2597
1.0914, 2596
1.0916, 2595
1.0919, 2594
1.0922, 2593
1.0924, 2592
1.0927, 2591
1.0930, 2590
1.0932, 2589
1.0934, 2588
1.0937, 2587
1.0939, 2586
1.0942, 2585
1.0944, 2584
1.0947, 2583
1.0949, 2582
1.0952, 2581
1.0955, 2580
1.0957, 2579
1.0960, 2578
1.0962, 2577
1.0965, 2576
1.0968, 2575
1.0970, 2574
1.0973, 2573
1.0975, 2572
1.0978, 2571
1.0980, 2570
1.0983, 2569
1.0986, 2568
1.0988, 2567
1.0991, 2566
1.0994, 2565
1.1059, 2564
1.1123, 2563
1.1248, 2562
1.1250, 2561
1.1333, 2560
1.1335, 2559
1.1377, 2558
1.1461, 2557
1.1584, 2556
1.1709, 2555
1.2022, 2554
1.2109, 2553
1.2112, 2552
1.2217, 2551
1.2219, 2550
1.2304, 2549
1.2410, 2548
1.2412, 2547
1.2414, 2546
1.2417, 2545
1.2460, 2544
1.2681, 2543
1.2728, 2542
1.2752, 2541
1.2755, 2540
1.2757, 2539
1.2827, 2538
1.2941, 2537
1.2943, 2536
1.3156, 2535
1.3159, 2534
1.3320, 2533
1.3429, 2532
1.3432, 2531
1.3545, 2530
1.3625, 2529
1.3759, 2528
1.4134, 2527
1.4245, 2526
1.4268, 2525
1.4270, 2524
1.4381, 2523
1.4407, 2522
1.4430, 2521
1.4497, 2520
1.4499, 2519
1.4573, 2518
1.4576, 2517
1.4578, 2516
1.4580, 2515
1.4668, 2514
1.4671, 2513
1.5444, 2512
1.5625, 2511
1.5628, 2510
1.5784, 2509
1.6065, 2508
1.6132, 2507
1.6178, 2506
1.6337, 2505
1.6339, 2504
1.6491, 2503
1.6664, 2502
1.6711, 2501
1.6949, 2500
1.7191, 2499
1.7298, 2498
1.7300, 2497
1.7323, 2496
1.7326, 2495
1.7370, 2494
1.7496, 2493
1.7499, 2492
1.7544, 2491
1.7587, 2490
1.7673, 2489
1.7675, 2488
1.7677, 2487
1.7680, 2486
1.7682, 2485
1.7767, 2484
1.7770, 2483
1.7772, 2482
1.7923, 2481
1.7926, 2480
1.7928, 2479
1.8139, 2478
1.8141, 2477
1.8267, 2476
1.8311, 2475
1.8375, 2474
1.8419, 2473
1.8464, 2472
1.8466, 2471
1.8468, 2470
1.8471, 2469
1.8638, 2468
1.8764, 2467
1.8829, 2466
1.8831, 2465
1.8833, 2464
1.8835, 2463
1.8982, 2462
1.9131, 2461
1.9199, 2460
1.9413, 2459
1.9416, 2458
1.9521, 2457
1.9524, 2456
1.9526, 2455
1.9590, 2454
1.9715, 2453
1.9717, 2452
1.9865, 2451
1.9949, 2450
2.0054, 2449
2.0057, 2448
2.0142, 2447
2.0331, 2446
2.0500, 2445
2.0564, 2444
2.0690, 2443
2.0754, 2442
2.1003, 2441
2.1190, 2440
2.1295, 2439
2.1297, 2438
2.1486, 2437
2.1591, 2436
2.1655, 2435
2.1762, 2434
2.2011, 2433
2.2077, 2432
2.2267, 2431
2.2353, 2430
2.2355, 2429
2.2755, 2428
2.2757, 2427
2.2949, 2426
2.3162, 2425
2.3230, 2424
2.3233, 2423
2.3465, 2422
2.3467, 2421
2.3636, 2420
2.3867, 2419
2.3870, 2418
2.3934, 2417
2.4101, 2416
2.4186, 2415
2.4188, 2414
2.4356, 2413
2.4441, 2412
2.4572, 2411
2.4595, 2410
2.4597, 2409
2.4620, 2408
2.4622, 2407
2.4727, 2406
2.4730, 2405
2.4794, 2404
2.4796, 2403
2.4798, 2402
2.4863, 2401
2.5029, 2400
2.5113, 2399
2.5198, 2398
2.5241, 2397
2.5244, 2396
2.5267, 2395
2.5269, 2394
2.5374, 2393
2.5439, 2392
2.5441, 2391
2.5464, 2390
2.5466, 2389
2.5551, 2388
2.5762, 2387
2.5785, 2386
2.5828, 2385
2.5831, 2384
2.5894, 2383
2.5897, 2382
2.5981, 2381
2.5983, 2380
2.5985, 2379
2.6029, 2378
2.6031, 2377
2.6075, 2376
2.6139, 2375
2.6141, 2374
2.6206, 2373
2.6208, 2372
2.6210, 2371
2.6401, 2370
2.6404, 2369
2.6427, 2368
2.6471, 2367
2.6473, 2366
2.6476, 2365
2.6563, 2364
2.6565, 2363
2.6567, 2362
2.6570, 2361
2.6572, 2360
2.6574, 2359
2.6791, 2358
2.6793, 2357
2.6879, 2356
2.6881, 2355
2.6884, 2354
2.6949, 2353
2.6951, 2352
2.6954, 2351
2.6956, 2350
2.7001, 2349
2.7151, 2348
2.7214, 2347
2.7299, 2346
2.7344, 2345
2.7369, 2344
2.7541, 2343
2.7627, 2342
2.7797, 2341
2.7967, 2340
2.7969, 2339
2.7971, 2338
2.8144, 2337
2.8200, 2336
2.8202, 2335
2.8248, 2334
2.8418, 2333
2.8649, 2332
2.8651, 2331
2.8653, 2330
2.8698, 2329
2.8783, 2328
2.8785, 2327
2.8891, 2326
2.8894, 2325
2.9246, 2324
2.9248, 2323
3.0263, 2322
3.0286, 2321
3.0309, 2320
3.0356, 2319
3.0359, 2318
3.0382, 2317
3.0426, 2316
3.0428, 2315
3.0472, 2314
3.0642, 2313
3.0645, 2312
3.0690, 2311
3.0778, 2310
3.0781, 2309
3.0825, 2308
3.0827, 2307
3.0979, 2306
3.0981, 2305
3.1093, 2304
3.1095, 2303
3.1119, 2302
3.1163, 2301
3.1165, 2300
3.1211, 2299
3.1275, 2298
3.1277, 2297
3.1342, 2296
3.1344, 2295
3.1388, 2294
3.1390, 2293
3.1474, 2292
3.1517, 2291
3.1642, 2290
3.1727, 2289
3.1791, 2288
3.1793, 2287
3.1857, 2286
3.1920, 2285
3.1943, 2284
3.1945, 2283
3.2070, 2282
3.2215, 2281
3.2279, 2280
3.2549, 2279
3.2593, 2278
3.2702, 2277
3.3013, 2276
3.3077, 2275
3.3079, 2274
3.3081, 2273
3.3084, 2272
3.3086, 2271
3.3130, 2270
3.3132, 2269
3.3216, 2268
3.3259, 2267
3.3261, 2266
3.3264, 2265
3.3512, 2264
3.3576, 2263
3.3662, 2262
3.3768, 2261
3.3771, 2260
3.3999, 2259
3.4002, 2258
3.4046, 2257
3.4048, 2256
3.4112, 2255
3.4259, 2254
3.4282, 2253
3.4284, 2252
3.4451, 2251
3.4453, 2250
3.4455, 2249
3.4457, 2248
3.4521, 2247
3.4563, 2246
3.4626, 2245
3.4671, 2244
3.4715, 2243
3.4779, 2242
3.4904, 2241
3.5029, 2240
3.5072, 2239
3.5074, 2238
3.5200, 2237
3.5326, 2236
3.5389, 2235
3.5452, 2234
3.5536, 2233
3.5558, 2232
3.5621, 2231
3.5623, 2230
3.5808, 2229
3.5952, 2228
3.6014, 2227
3.6241, 2226
3.6367, 2225
3.6653, 2224
3.6998, 2223
3.8351, 2222
3.8476, 2221
3.8601, 2220
3.8644, 2219
3.8750, 2218
3.9343, 2217
4.0082, 2216
4.0415, 2215
4.0417, 2214
4.1020, 2213
4.4166, 2212
