0.0319, 2281
0.1721, 2280
0.1787, 2279
0.2191, 2278
0.2654, 2277
0.2909, 2276
0.4137, 2275
0.4325, 2273
0.4360, 2272
0.6998, 2270
0.7029, 2269
0.7093, 2267
0.7310, 2265
0.7589, 2264
0.7713, 2263
0.7775, 2262
0.8419, 2261
0.9364, 2260
0.9843, 2259
1.0105, 2258
1.0389, 2257
1.0749, 2255
1.0847, 2254
1.1074, 2253
1.1106, 2252
1.1425, 2251
1.1586, 2250
1.1882, 2249
1.2230, 2248
1.3023, 2246
1.3367, 2244
1.3593, 2243
1.5495, 2242
1.5558, 2241
1.7213, 2239
1.8300, 2237
1.8772, 2236
1.9923, 2235
2.0051, 2234
2.0208, 2233
2.2202, 2232
2.2792, 2229
2.3856, 2228
2.6264, 2227
2.7076, 2226
2.8197, 2225
2.8725, 2224
2.9789, 2223
3.1719, 2222
3.2029, 2221
3.2182, 2220
