0.0295, 2281
0.0332, 2280
0.0365, 2279
0.0492, 2278
0.0683, 2277
0.0780, 2276
0.1753, 2274
0.2012, 2273
0.2072, 2272
0.2625, 2271
0.3256, 2270
0.3638, 2269
0.4015, 2268
0.4881, 2266
0.5343, 2265
0.5629, 2264
0.6028, 2263
0.6543, 2262
0.6878, 2261
0.6909, 2260
0.9531, 2259
1.0077, 2258
1.0138, 2255
1.0880, 2253
1.1630, 2252
1.1665, 2251
1.3017, 2250
1.3497, 2249
1.4011, 2248
1.4304, 2247
1.5015, 2246
1.6160, 2245
1.6739, 2244
1.7013, 2243
1.7167, 2242
1.8052, 2241
1.8295, 2238
1.9216, 2237
1.9522, 2235
2.3158, 2234
2.4991, 2233
2.6282, 2232
2.6499, 2231
2.6652, 2230
2.8918, 2229
3.1838, 2228
