0.6595, 3931
0.6599, 3930
0.6602, 3929
0.6605, 3928
0.6609, 3927
0.6612, 3926
0.6616, 3925
0.6619, 3924
0.6623, 3923
0.6626, 3922
0.6630, 3921
0.6633, 3920
0.6636, 3919
0.6640, 3918
0.6643, 3917
0.6646, 3916
0.6650, 3915
0.6653, 3914
0.6657, 3913
0.6660, 3912
0.6664, 3911
0.6667, 3910
0.6670, 3909
0.6674, 3908
0.6677, 3907
0.6680, 3906
0.6684, 3905
0.6687, 3904
0.6691, 3903
0.6694, 3902
0.6698, 3901
0.6701, 3900
0.6704, 3899
0.6708, 3898
0.6711, 3897
0.6715, 3896
0.6718, 3895
0.6722, 3894
0.6725, 3893
0.6729, 3892
0.6732, 3891
0.6735, 3890
0.6739, 3889
0.6742, 3888
0.6745, 3887
0.6749, 3886
0.6752, 3885
0.6756, 3884
0.6759, 3883
0.6762, 3882
0.6766, 3881
0.6769, 3880
0.6773, 3879
0.6776, 3878
0.6779, 3877
0.6783, 3876
0.6786, 3875
0.6789, 3874
0.6793, 3873
0.6796, 3872
0.6799, 3871
0.6803, 3870
0.6806, 3869
0.6809, 3868
0.6813, 3867
0.6816, 3866
0.6819, 3865
0.6823, 3864
0.6826, 3863
0.6829, 3862
0.6833, 3861
0.6836, 3860
0.6839, 3859
0.6843, 3858
0.6846, 3857
0.6849, 3856
0.6853, 3855
0.6856, 3854
0.6859, 3853
0.6863, 3852
0.6866, 3851
0.6869, 3850
0.6873, 3849
0.6876, 3848
0.6880, 3847
0.6883, 3846
0.6886, 3845
0.6890, 3844
0.6893, 3843
0.6897, 3842
0.6900, 3841
0.6903, 3840
0.6907, 3839
0.6911, 3838
0.6914, 3837
0.6918, 3836
0.6921, 3835
0.6925, 3834
0.6928, 3833
0.6932, 3832
0.6936, 3831
0.6939, 3830
0.6943, 3829
0.6946, 3828
0.6949, 3827
0.6953, 3826
0.6956, 3825
0.6960, 3824
0.6963, 3823
0.6966, 3822
0.6970, 3821
0.6973, 3820
0.6977, 3819
0.6980, 3818
0.6984, 3817
0.6987, 3816
0.6990, 3815
0.6994, 3814
0.6997, 3813
0.7000, 3812
0.7004, 3811
0.7007, 3810
0.7011, 3809
0.7014, 3808
0.7018, 3807
0.7021, 3806
0.7024, 3805
0.7028, 3804
0.7031, 3803
0.7035, 3802
0.7038, 3801
0.7042, 3800
0.7045, 3799
0.7048, 3798
0.7052, 3797
0.7055, 3796
0.7058, 3795
0.7062, 3794
0.7065, 3793
0.7068, 3792
0.7072, 3791
0.7075, 3790
0.7078, 3789
0.7082, 3788
0.7085, 3787
0.7088, 3786
0.7092, 3785
0.7095, 3784
0.7099, 3783
0.7102, 3782
0.7106, 3781
0.7109, 3780
0.7112, 3779
0.7116, 3778
0.7119, 3777
0.7122, 3776
0.7126, 3775
0.7129, 3774
0.7132, 3773
0.7136, 3772
0.7139, 3771
0.7142, 3770
0.7146, 3769
0.7149, 3768
0.7152, 3767
0.7156, 3766
0.7160, 3765
0.7163, 3764
0.7166, 3763
0.7170, 3762
0.7173, 3761
0.7177, 3760
0.7180, 3759
0.7183, 3758
0.7187, 3757
0.7190, 3756
0.7194, 3755
0.7197, 3754
0.7201, 3753
0.7204, 3752
0.7208, 3751
0.7211, 3750
0.7215, 3749
0.7218, 3748
0.7221, 3747
0.7225, 3746
0.7229, 3745
0.7232, 3744
0.7236, 3743
0.7239, 3742
0.7243, 3741
0.7246, 3740
0.7250, 3739
0.7253, 3738
0.7256, 3737
0.7260, 3736
0.7263, 3735
0.7266, 3734
0.7270, 3733
0.7273, 3732
0.7276, 3731
0.7279, 3730
0.7283, 3729
0.7286, 3728
0.7290, 3727
0.7294, 3726
0.7297, 3725
0.7300, 3724
0.7303, 3723
0.7307, 3722
0.7310, 3721
0.7313, 3720
0.7317, 3719
0.7320, 3718
0.7323, 3717
0.7327, 3716
0.7330, 3715
0.7333, 3714
0.7337, 3713
0.7340, 3712
0.7344, 3711
0.7347, 3710
0.7350, 3709
0.7354, 3708
0.7357, 3707
0.7360, 3706
0.7363, 3705
0.7367, 3704
0.7370, 3703
0.7373, 3702
0.7377, 3701
0.7380, 3700
0.7383, 3699
0.7386, 3698
0.7390, 3697
0.7393, 3696
0.7397, 3695
0.7400, 3694
0.7404, 3693
0.7407, 3692
0.7410, 3691
0.7414, 3690
0.7417, 3689
0.7420, 3688
0.7423, 3687
0.7427, 3686
0.7430, 3685
0.7434, 3684
0.7437, 3683
0.7440, 3682
0.7444, 3681
0.7447, 3680
0.7450, 3679
0.7454, 3678
0.7457, 3677
0.7461, 3676
0.7464, 3675
0.7468, 3674
0.7471, 3673
0.7475, 3672
0.7478, 3671
0.7481, 3670
0.7485, 3669
0.7488, 3668
0.7491, 3667
0.7495, 3666
0.7498, 3665
0.7502, 3664
0.7505, 3663
0.7508, 3662
0.7512, 3661
0.7515, 3660
0.7519, 3659
0.7522, 3658
0.7525, 3657
0.7529, 3656
0.7532, 3655
0.7535, 3654
0.7539, 3653
0.7542, 3652
0.7545, 3651
0.7549, 3650
0.7552, 3649
0.7556, 3648
0.7559, 3647
0.7562, 3646
0.7565, 3645
0.7569, 3644
0.7572, 3643
0.7575, 3642
0.7579, 3641
0.7582, 3640
0.7585, 3639
0.7589, 3638
0.7592, 3637
0.7595, 3636
0.7599, 3635
0.7602, 3634
0.7605, 3633
0.7609, 3632
0.7612, 3631
0.7616, 3630
0.7619, 3629
0.7622, 3628
0.7626, 3627
0.7629, 3626
0.7632, 3625
0.7636, 3624
0.7639, 3623
0.7643, 3622
0.7646, 3621
0.7649, 3620
0.7652, 3619
0.7655, 3618
0.7659, 3617
0.7662, 3616
0.7665, 3615
0.7669, 3614
0.7672, 3613
0.7676, 3612
0.7679, 3611
0.7682, 3610
0.7686, 3609
0.7689, 3608
0.7692, 3607
0.7695, 3606
0.7699, 3605
0.7702, 3604
0.7705, 3603
0.7708, 3602
0.7712, 3601
0.7715, 3600
0.7718, 3599
0.7721, 3598
0.7725, 3597
0.7728, 3596
0.7731, 3595
0.7734, 3594
0.7737, 3593
0.7741, 3592
0.7744, 3591
0.7747, 3590
0.7750, 3589
0.7754, 3588
0.7757, 3587
0.7760, 3586
0.7763, 3585
0.7767, 3584
0.7770, 3583
0.7773, 3582
0.7777, 3581
0.7780, 3580
0.7783, 3579
0.7786, 3578
0.7789, 3577
0.7793, 3576
0.7796, 3575
0.7799, 3574
0.7802, 3573
0.7806, 3572
0.7809, 3571
0.7812, 3570
0.7815, 3569
0.7818, 3568
0.7822, 3567
0.7825, 3566
0.7828, 3565
0.7831, 3564
0.7834, 3563
0.7838, 3562
0.7841, 3561
0.7844, 3560
0.7847, 3559
0.7851, 3558
0.7854, 3557
0.7857, 3556
0.7861, 3555
0.7864, 3554
0.7867, 3553
0.7871, 3552
0.7874, 3551
0.7877, 3550
0.7881, 3549
0.7884, 3548
0.7887, 3547
0.7890, 3546
0.7893, 3545
0.7896, 3544
0.7900, 3543
0.7903, 3542
0.7906, 3541
0.7909, 3540
0.7912, 3539
0.7916, 3538
0.7919, 3537
0.7923, 3536
0.7926, 3535
0.7929, 3534
0.7932, 3533
0.7936, 3532
0.7939, 3531
0.7942, 3530
0.7946, 3529
0.7949, 3528
0.7952, 3527
0.7955, 3526
0.7959, 3525
0.7962, 3524
0.7965, 3523
0.7968, 3522
0.7972, 3521
0.7975, 3520
0.7978, 3519
0.7981, 3518
0.7984, 3517
0.7988, 3516
0.7991, 3515
0.7994, 3514
0.7997, 3513
0.8001, 3512
0.8004, 3511
0.8007, 3510
0.8010, 3509
0.8013, 3508
0.8016, 3507
0.8020, 3506
0.8023, 3505
0.8026, 3504
0.8029, 3503
0.8033, 3502
0.8036, 3501
0.8039, 3500
0.8042, 3499
0.8045, 3498
0.8049, 3497
0.8052, 3496
0.8055, 3495
0.8058, 3494
0.8062, 3493
0.8065, 3492
0.8068, 3491
0.8071, 3490
0.8074, 3489
0.8077, 3488
0.8081, 3487
0.8084, 3486
0.8087, 3485
0.8090, 3484
0.8093, 3483
0.8096, 3482
0.8099, 3481
0.8103, 3480
0.8106, 3479
0.8109, 3478
0.8112, 3477
0.8115, 3476
0.8118, 3475
0.8122, 3474
0.8125, 3473
0.8128, 3472
0.8131, 3471
0.8134, 3470
0.8137, 3469
0.8140, 3468
0.8143, 3467
0.8147, 3466
0.8150, 3465
0.8153, 3464
0.8156, 3463
0.8159, 3462
0.8162, 3461
0.8166, 3460
0.8169, 3459
0.8172, 3458
0.8175, 3457
0.8178, 3456
0.8181, 3455
0.8184, 3454
0.8187, 3453
0.8191, 3452
0.8194, 3451
0.8197, 3450
0.8200, 3449
0.8203, 3448
0.8206, 3447
0.8209, 3446
0.8213, 3445
0.8216, 3444
0.8219, 3443
0.8222, 3442
0.8225, 3441
0.8228, 3440
0.8231, 3439
0.8235, 3438
0.8238, 3437
0.8241, 3436
0.8244, 3435
0.8247, 3434
0.8250, 3433
0.8253, 3432
0.8256, 3431
0.8260, 3430
0.8263, 3429
0.8266, 3428
0.8270, 3427
0.8273, 3426
0.8276, 3425
0.8280, 3424
0.8283, 3423
0.8286, 3422
0.8290, 3421
0.8293, 3420
0.8296, 3419
0.8300, 3418
0.8303, 3417
0.8306, 3416
0.8309, 3415
0.8312, 3414
0.8315, 3413
0.8319, 3412
0.8322, 3411
0.8326, 3410
0.8329, 3409
0.8333, 3408
0.8336, 3407
0.8339, 3406
0.8342, 3405
0.8346, 3404
0.8349, 3403
0.8352, 3402
0.8355, 3401
0.8358, 3400
0.8361, 3399
0.8364, 3398
0.8368, 3397
0.8371, 3396
0.8374, 3395
0.8377, 3394
0.8380, 3393
0.8384, 3392
0.8387, 3391
0.8390, 3390
0.8393, 3389
0.8396, 3388
0.8399, 3387
0.8402, 3386
0.8405, 3385
0.8409, 3384
0.8412, 3383
0.8415, 3382
0.8419, 3381
0.8425, 3380
0.8428, 3379
0.8431, 3378
0.8434, 3377
0.8438, 3376
0.8441, 3375
0.8445, 3374
0.8448, 3373
0.8451, 3372
0.8454, 3371
0.8457, 3370
0.8460, 3369
0.8463, 3368
0.8467, 3367
0.8470, 3366
0.8473, 3365
0.8476, 3364
0.8479, 3363
0.8483, 3362
0.8486, 3361
0.8489, 3360
0.8492, 3359
0.8495, 3358
0.8499, 3357
0.8502, 3356
0.8505, 3355
0.8508, 3354
0.8511, 3353
0.8515, 3352
0.8518, 3351
0.8521, 3350
0.8524, 3349
0.8527, 3348
0.8530, 3347
0.8533, 3346
0.8536, 3345
0.8539, 3344
0.8542, 3343
0.8546, 3342
0.8549, 3341
0.8552, 3340
0.8555, 3339
0.8558, 3338
0.8561, 3337
0.8564, 3336
0.8567, 3335
0.8570, 3334
0.8574, 3333
0.8577, 3332
0.8580, 3331
0.8583, 3330
0.8586, 3329
0.8589, 3328
0.8592, 3327
0.8595, 3326
0.8598, 3325
0.8602, 3324
0.8605, 3323
0.8609, 3322
0.8612, 3321
0.8615, 3320
0.8619, 3319
0.8622, 3318
0.8625, 3317
0.8628, 3316
0.8632, 3315
0.8635, 3314
0.8638, 3313
0.8642, 3312
0.8645, 3311
0.8648, 3310
0.8652, 3309
0.8655, 3308
0.8658, 3307
0.8662, 3306
0.8665, 3305
0.8668, 3304
0.8671, 3303
0.8674, 3302
0.8678, 3301
0.8682, 3300
0.8686, 3299
0.8689, 3298
0.8692, 3297
0.8695, 3296
0.8698, 3295
0.8702, 3294
0.8705, 3293
0.8708, 3292
0.8711, 3291
0.8715, 3290
0.8718, 3289
0.8721, 3288
0.8725, 3287
0.8728, 3286
0.8731, 3285
0.8734, 3284
0.8738, 3283
0.8741, 3282
0.8744, 3281
0.8747, 3280
0.8751, 3279
0.8754, 3278
0.8757, 3277
0.8760, 3276
0.8763, 3275
0.8766, 3274
0.8770, 3273
0.8773, 3272
0.8776, 3271
0.8779, 3270
0.8782, 3269
0.8785, 3268
0.8788, 3267
0.8791, 3266
0.8794, 3265
0.8797, 3264
0.8800, 3263
0.8803, 3262
0.8806, 3261
0.8809, 3260
0.8813, 3259
0.8816, 3258
0.8819, 3257
0.8822, 3256
0.8825, 3255
0.8828, 3254
0.8831, 3253
0.8834, 3252
0.8837, 3251
0.8841, 3250
0.8844, 3249
0.8847, 3248
0.8850, 3247
0.8853, 3246
0.8856, 3245
0.8859, 3244
0.8862, 3243
0.8865, 3242
0.8869, 3241
0.8872, 3240
0.8874, 3239
0.8878, 3238
0.8881, 3237
0.8884, 3236
0.8887, 3235
0.8890, 3234
0.8893, 3233
0.8897, 3232
0.8900, 3231
0.8904, 3230
0.8907, 3229
0.8910, 3228
0.8913, 3227
0.8916, 3226
0.8919, 3225
0.8922, 3224
0.8925, 3223
0.8928, 3222
0.8931, 3221
0.8934, 3220
0.8937, 3219
0.8940, 3218
0.8943, 3217
0.8946, 3216
0.8950, 3215
0.8953, 3214
0.8957, 3213
0.8960, 3212
0.8964, 3211
0.8967, 3210
0.8971, 3209
0.8974, 3208
0.8977, 3207
0.8980, 3206
0.8984, 3205
0.8987, 3204
0.8990, 3203
0.8994, 3202
0.8997, 3201
0.9000, 3200
0.9003, 3199
0.9007, 3198
0.9010, 3197
0.9013, 3196
0.9016, 3195
0.9019, 3194
0.9022, 3193
0.9026, 3192
0.9029, 3191
0.9032, 3190
0.9035, 3189
0.9038, 3188
0.9041, 3187
0.9044, 3186
0.9047, 3185
0.9051, 3184
0.9053, 3183
0.9056, 3182
0.9059, 3181
0.9063, 3180
0.9066, 3179
0.9069, 3178
0.9072, 3177
0.9075, 3176
0.9078, 3175
0.9082, 3174
0.9085, 3173
0.9087, 3172
0.9091, 3171
0.9093, 3170
0.9096, 3169
0.9099, 3168
0.9102, 3167
0.9106, 3166
0.9109, 3165
0.9112, 3164
0.9114, 3163
0.9118, 3162
0.9121, 3161
0.9124, 3160
0.9127, 3159
0.9129, 3158
0.9133, 3157
0.9136, 3156
0.9139, 3155
0.9141, 3154
0.9144, 3153
0.9147, 3152
0.9151, 3151
0.9154, 3150
0.9157, 3149
0.9160, 3148
0.9163, 3147
0.9167, 3146
0.9171, 3145
0.9174, 3144
0.9177, 3143
0.9180, 3142
0.9183, 3141
0.9186, 3140
0.9189, 3139
0.9192, 3138
0.9195, 3137
0.9198, 3136
0.9201, 3135
0.9205, 3134
0.9208, 3133
0.9211, 3132
0.9214, 3131
0.9217, 3130
0.9220, 3129
0.9223, 3128
0.9226, 3127
0.9229, 3126
0.9232, 3125
0.9235, 3124
0.9238, 3123
0.9241, 3122
0.9244, 3121
0.9247, 3120
0.9250, 3119
0.9253, 3118
0.9256, 3117
0.9258, 3116
0.9261, 3115
0.9264, 3114
0.9267, 3113
0.9270, 3112
0.9273, 3111
0.9276, 3110
0.9279, 3109
0.9282, 3108
0.9285, 3107
0.9288, 3106
0.9291, 3105
0.9294, 3104
0.9297, 3103
0.9300, 3102
0.9303, 3101
0.9306, 3100
0.9309, 3099
0.9312, 3098
0.9316, 3097
0.9319, 3096
0.9322, 3095
0.9325, 3094
0.9328, 3093
0.9331, 3092
0.9333, 3091
0.9336, 3090
0.9340, 3089
0.9343, 3088
0.9346, 3087
0.9349, 3086
0.9352, 3085
0.9355, 3084
0.9358, 3083
0.9362, 3082
0.9365, 3081
0.9368, 3080
0.9371, 3079
0.9373, 3078
0.9376, 3077
0.9379, 3076
0.9382, 3075
0.9385, 3074
0.9388, 3073
0.9391, 3072
0.9394, 3071
0.9397, 3070
0.9399, 3069
0.9402, 3068
0.9405, 3067
0.9408, 3066
0.9411, 3065
0.9414, 3064
0.9416, 3063
0.9419, 3062
0.9422, 3061
0.9425, 3060
0.9428, 3059
0.9431, 3058
0.9434, 3057
0.9437, 3056
0.9440, 3055
0.9444, 3054
0.9447, 3053
0.9450, 3052
0.9453, 3051
0.9456, 3050
0.9459, 3049
0.9462, 3048
0.9465, 3047
0.9468, 3046
0.9471, 3045
0.9474, 3044
0.9476, 3043
0.9479, 3042
0.9482, 3041
0.9485, 3040
0.9488, 3039
0.9490, 3038
0.9494, 3037
0.9496, 3036
0.9499, 3035
0.9502, 3034
0.9505, 3033
0.9508, 3032
0.9512, 3031
0.9515, 3030
0.9518, 3029
0.9521, 3028
0.9524, 3027
0.9527, 3026
0.9530, 3025
0.9533, 3024
0.9536, 3023
0.9539, 3022
0.9542, 3021
0.9545, 3020
0.9548, 3019
0.9551, 3018
0.9554, 3017
0.9557, 3016
0.9560, 3015
0.9562, 3014
0.9565, 3013
0.9568, 3012
0.9571, 3011
0.9574, 3010
0.9576, 3009
0.9579, 3008
0.9582, 3007
0.9585, 3006
0.9587, 3005
0.9590, 3004
0.9593, 3003
0.9596, 3002
0.9599, 3001
0.9601, 3000
0.9604, 2999
0.9607, 2998
0.9610, 2997
0.9613, 2996
0.9615, 2995
0.9618, 2994
0.9621, 2993
0.9624, 2992
0.9627, 2991
0.9629, 2990
0.9632, 2989
0.9635, 2988
0.9638, 2987
0.9641, 2986
0.9644, 2985
0.9646, 2984
0.9649, 2983
0.9652, 2982
0.9655, 2981
0.9658, 2980
0.9660, 2979
0.9663, 2978
0.9666, 2977
0.9669, 2976
0.9672, 2975
0.9675, 2974
0.9678, 2973
0.9681, 2972
0.9684, 2971
0.9687, 2970
0.9690, 2969
0.9693, 2968
0.9696, 2967
0.9699, 2966
0.9701, 2965
0.9705, 2964
0.9708, 2963
0.9711, 2962
0.9714, 2961
0.9717, 2960
0.9720, 2959
0.9724, 2958
0.9728, 2957
0.9730, 2956
0.9733, 2955
0.9736, 2954
0.9739, 2953
0.9742, 2952
0.9745, 2951
0.9748, 2950
0.9750, 2949
0.9753, 2948
0.9756, 2947
0.9759, 2946
0.9762, 2945
0.9765, 2944
0.9768, 2943
0.9772, 2942
0.9775, 2941
0.9778, 2940
0.9780, 2939
0.9783, 2938
0.9786, 2937
0.9789, 2936
0.9792, 2935
0.9796, 2934
0.9799, 2933
0.9802, 2932
0.9805, 2931
0.9808, 2930
0.9811, 2929
0.9814, 2928
0.9817, 2927
0.9820, 2926
0.9822, 2925
0.9826, 2924
0.9829, 2923
0.9832, 2922
0.9835, 2921
0.9838, 2920
0.9842, 2919
0.9845, 2918
0.9848, 2917
0.9850, 2916
0.9854, 2915
0.9857, 2914
0.9859, 2913
0.9862, 2912
0.9866, 2911
0.9868, 2910
0.9871, 2909
0.9874, 2908
0.9877, 2907
0.9880, 2906
0.9883, 2905
0.9885, 2904
0.9888, 2903
0.9891, 2902
0.9895, 2901
0.9898, 2900
0.9901, 2899
0.9904, 2898
0.9907, 2897
0.9911, 2896
0.9914, 2895
0.9917, 2894
0.9920, 2893
0.9923, 2892
0.9926, 2891
0.9930, 2890
0.9933, 2889
0.9936, 2888
0.9939, 2887
0.9943, 2886
0.9946, 2885
0.9949, 2884
0.9952, 2883
0.9955, 2882
0.9957, 2881
0.9960, 2880
0.9963, 2879
0.9966, 2878
0.9969, 2877
0.9972, 2876
0.9975, 2875
0.9978, 2874
0.9981, 2873
0.9983, 2872
0.9987, 2871
0.9989, 2870
0.9992, 2869
0.9995, 2868
0.9997, 2867
1.0000, 2866
1.0003, 2865
1.0006, 2864
1.0009, 2863
1.0012, 2862
1.0014, 2861
1.0017, 2860
1.0020, 2859
1.0022, 2858
1.0025, 2857
1.0028, 2856
1.0030, 2855
1.0033, 2854
1.0036, 2853
1.0039, 2852
1.0041, 2851
1.0044, 2850
1.0047, 2849
1.0050, 2848
1.0053, 2847
1.0056, 2846
1.0058, 2845
1.0061, 2844
1.0064, 2843
1.0067, 2842
1.0070, 2841
1.0073, 2840
1.0076, 2839
1.0079, 2838
1.0082, 2837
1.0085, 2836
1.0088, 2835
1.0090, 2834
1.0093, 2833
1.0096, 2832
1.0099, 2831
1.0102, 2830
1.0105, 2829
1.0107, 2828
1.0110, 2827
1.0113, 2826
1.0116, 2825
1.0119, 2824
1.0122, 2823
1.0125, 2822
1.0128, 2821
1.0131, 2820
1.0134, 2819
1.0137, 2818
1.0140, 2817
1.0143, 2816
1.0146, 2815
1.0150, 2814
1.0153, 2813
1.0156, 2812
1.0158, 2811
1.0162, 2810
1.0165, 2809
1.0168, 2808
1.0171, 2807
1.0174, 2806
1.0177, 2805
1.0180, 2804
1.0183, 2803
1.0186, 2802
1.0189, 2801
1.0192, 2800
1.0195, 2799
1.0198, 2798
1.0200, 2797
1.0203, 2796
1.0207, 2795
1.0210, 2794
1.0213, 2793
1.0216, 2792
1.0219, 2791
1.0221, 2790
1.0224, 2789
1.0227, 2788
1.0230, 2787
1.0233, 2786
1.0235, 2785
1.0238, 2784
1.0241, 2783
1.0243, 2782
1.0246, 2781
1.0249, 2780
1.0252, 2779
1.0255, 2778
1.0258, 2777
1.0261, 2776
1.0263, 2775
1.0266, 2774
1.0269, 2773
1.0272, 2772
1.0274, 2771
1.0277, 2770
1.0280, 2769
1.0283, 2768
1.0285, 2767
1.0288, 2766
1.0290, 2765
1.0293, 2764
1.0296, 2763
1.0298, 2762
1.0301, 2761
1.0304, 2760
1.0306, 2759
1.0309, 2758
1.0312, 2757
1.0315, 2756
1.0318, 2755
1.0321, 2754
1.0324, 2753
1.0327, 2752
1.0329, 2751
1.0332, 2750
1.0335, 2749
1.0337, 2748
1.0340, 2747
1.0343, 2746
1.0346, 2745
1.0350, 2744
1.0353, 2743
1.0356, 2742
1.0359, 2741
1.0362, 2740
1.0365, 2739
1.0368, 2738
1.0371, 2737
1.0374, 2736
1.0377, 2735
1.0380, 2734
1.0382, 2733
1.0386, 2732
1.0389, 2731
1.0392, 2730
1.0395, 2729
1.0397, 2728
1.0400, 2727
1.0403, 2726
1.0406, 2725
1.0409, 2724
1.0411, 2723
1.0414, 2722
1.0417, 2721
1.0420, 2720
1.0423, 2719
1.0426, 2718
1.0429, 2717
1.0431, 2716
1.0434, 2715
1.0437, 2714
1.0440, 2713
1.0443, 2712
1.0446, 2711
1.0448, 2710
1.0451, 2709
1.0454, 2708
1.0457, 2707
1.0460, 2706
1.0463, 2705
1.0466, 2704
1.0469, 2703
1.0472, 2702
1.0475, 2701
1.0477, 2700
1.0480, 2699
1.0483, 2698
1.0486, 2697
1.0489, 2696
1.0492, 2695
1.0495, 2694
1.0498, 2693
1.0501, 2692
1.0504, 2691
1.0506, 2690
1.0509, 2689
1.0512, 2688
1.0515, 2687
1.0518, 2686
1.0521, 2685
1.0524, 2684
1.0527, 2683
1.0529, 2682
1.0532, 2681
1.0536, 2680
1.0539, 2679
1.0542, 2678
1.0545, 2677
1.0548, 2676
1.0551, 2675
1.0553, 2674
1.0556, 2673
1.0559, 2672
1.0561, 2671
1.0564, 2670
1.0567, 2669
1.0570, 2668
1.0572, 2667
1.0575, 2666
1.0578, 2665
1.0581, 2664
1.0583, 2663
1.0586, 2662
1.0588, 2661
1.0591, 2660
1.0594, 2659
1.0596, 2658
1.0599, 2657
1.0601, 2656
1.0604, 2655
1.0606, 2654
1.0609, 2653
1.0612, 2652
1.0614, 2651
1.0617, 2650
1.0619, 2649
1.0622, 2648
1.0625, 2647
1.0627, 2646
1.0630, 2645
1.0632, 2644
1.0635, 2643
1.0637, 2642
1.0640, 2641
1.0643, 2640
1.0645, 2639
1.0648, 2638
1.0650, 2637
1.0653, 2636
1.0655, 2635
1.0658, 2634
1.0661, 2633
1.0663, 2632
1.0666, 2631
1.0668, 2630
1.0671, 2629
1.0674, 2628
1.0676, 2627
1.0678, 2626
1.0681, 2625
1.0684, 2624
1.0687, 2623
1.0690, 2622
1.0692, 2621
1.0695, 2620
1.0698, 2619
1.0700, 2618
1.0703, 2617
1.0706, 2616
1.0708, 2615
1.0711, 2614
1.0713, 2613
1.0716, 2612
1.0718, 2611
1.0721, 2610
1.0724, 2609
1.0727, 2608
1.0729, 2607
1.0732, 2606
1.0735, 2605
1.0738, 2604
1.0740, 2603
1.0743, 2602
1.0746, 2601
1.0748, 2600
1.0751, 2599
1.0754, 2598
1.0757, 2597
1.0759, 2596
1.0762, 2595
1.0765, 2594
1.0767, 2593
1.0770, 2592
1.0772, 2591
1.0775, 2590
1.0778, 2589
1.0780, 2588
1.0783, 2587
1.0786, 2586
1.0789, 2585
1.0792, 2584
1.0795, 2583
1.0798, 2582
1.0801, 2581
1.0803, 2580
1.0806, 2579
1.0809, 2578
1.0811, 2577
1.0814, 2576
1.0817, 2575
1.0820, 2574
1.0823, 2573
1.0826, 2572
1.0871, 2571
1.0955, 2570
1.0958, 2569
1.0960, 2568
1.1086, 2567
1.1088, 2566
1.1193, 2565
1.1196, 2564
1.1362, 2563
1.1466, 2562
1.1552, 2561
1.1823, 2560
1.1866, 2559
1.1973, 2558
1.1976, 2557
1.2080, 2556
1.2083, 2555
1.2126, 2554
1.2313, 2553
1.2315, 2552
1.2423, 2551
1.2487, 2550
1.2490, 2549
1.2513, 2548
1.2515, 2547
1.2518, 2546
1.2584, 2545
1.2628, 2544
1.2630, 2543
1.2783, 2542
1.2874, 2541
1.2965, 2540
1.2968, 2539
1.3059, 2538
1.3128, 2537
1.3215, 2536
1.3218, 2535
1.3265, 2534
1.3477, 2533
1.3628, 2532
1.3630, 2531
1.3653, 2530
1.3655, 2529
1.3721, 2528
1.3765, 2527
1.3872, 2526
1.3874, 2525
1.3898, 2524
1.3923, 2523
1.3989, 2522
1.3991, 2521
1.4056, 2520
1.4059, 2519
1.4061, 2518
1.4063, 2517
1.4129, 2516
1.4193, 2515
1.4280, 2514
1.4863, 2513
1.4989, 2512
1.4991, 2511
1.5120, 2510
1.5433, 2509
1.5498, 2508
1.5501, 2507
1.5669, 2506
1.5672, 2505
1.5860, 2504
1.6006, 2503
1.6008, 2502
1.6195, 2501
1.6405, 2500
1.6490, 2499
1.6555, 2498
1.6558, 2497
1.6602, 2496
1.6646, 2495
1.6756, 2494
1.6824, 2493
1.6890, 2492
1.6934, 2491
1.6978, 2490
1.6980, 2489
1.6983, 2488
1.6985, 2487
1.6987, 2486
1.7053, 2485
1.7162, 2484
1.7164, 2483
1.7230, 2482
1.7232, 2481
1.7235, 2480
1.7445, 2479
1.7447, 2478
1.7595, 2477
1.7618, 2476
1.7662, 2475
1.7728, 2474
1.7772, 2473
1.7774, 2472
1.7776, 2471
1.7779, 2470
1.7968, 2469
1.8096, 2468
1.8140, 2467
1.8142, 2466
1.8145, 2465
1.8147, 2464
1.8319, 2463
1.8431, 2462
1.8516, 2461
1.8728, 2460
1.8730, 2459
1.8839, 2458
1.8841, 2457
1.8843, 2456
1.8887, 2455
1.9013, 2454
1.9015, 2453
1.9183, 2452
1.9268, 2451
1.9352, 2450
1.9355, 2449
1.9481, 2448
1.9587, 2447
1.9779, 2446
1.9826, 2445
1.9960, 2444
2.0006, 2443
2.0255, 2442
2.0454, 2441
2.0562, 2440
2.0565, 2439
2.0858, 2438
2.0881, 2437
2.0947, 2436
2.1095, 2435
2.1326, 2434
2.1391, 2433
2.1497, 2432
2.1625, 2431
2.1648, 2430
2.2004, 2429
2.2110, 2428
2.2320, 2427
2.2530, 2426
2.2657, 2425
2.2659, 2424
2.2765, 2423
2.2851, 2422
2.3122, 2421
2.3125, 2420
2.3333, 2419
2.3501, 2418
2.3504, 2417
2.3588, 2416
2.3652, 2415
2.3696, 2414
2.3781, 2413
2.3824, 2412
2.3827, 2411
2.3871, 2410
2.3873, 2409
2.4019, 2408
2.4022, 2407
2.4024, 2406
2.4129, 2405
2.4132, 2404
2.4134, 2403
2.4260, 2402
2.4283, 2401
2.4348, 2400
2.4433, 2399
2.4477, 2398
2.4480, 2397
2.4503, 2396
2.4505, 2395
2.4652, 2394
2.4654, 2393
2.4656, 2392
2.4700, 2391
2.4702, 2390
2.4808, 2389
2.4997, 2388
2.5020, 2387
2.5064, 2386
2.5066, 2385
2.5130, 2384
2.5133, 2383
2.5196, 2382
2.5199, 2381
2.5201, 2380
2.5289, 2379
2.5291, 2378
2.5294, 2377
2.5359, 2376
2.5382, 2375
2.5448, 2374
2.5450, 2373
2.5452, 2372
2.5663, 2371
2.5665, 2370
2.5668, 2369
2.5712, 2368
2.5714, 2367
2.5716, 2366
2.5804, 2365
2.5807, 2364
2.5809, 2363
2.5811, 2362
2.5814, 2361
2.5816, 2360
2.6051, 2359
2.6054, 2358
2.6097, 2357
2.6100, 2356
2.6207, 2355
2.6210, 2354
2.6212, 2353
2.6214, 2352
2.6216, 2351
2.6261, 2350
2.6407, 2349
2.6472, 2348
2.6557, 2347
2.6601, 2346
2.6624, 2345
2.6792, 2344
2.6878, 2343
2.7024, 2342
2.7191, 2341
2.7214, 2340
2.7217, 2339
2.7385, 2338
2.7428, 2337
2.7430, 2336
2.7475, 2335
2.7735, 2334
2.7905, 2333
2.7949, 2332
2.7951, 2331
2.7954, 2330
2.8023, 2329
2.8025, 2328
2.8151, 2327
2.8154, 2326
2.8614, 2325
2.8617, 2324
2.8978, 2323
2.9668, 2322
2.9691, 2321
2.9714, 2320
2.9759, 2319
2.9761, 2318
2.9783, 2317
2.9826, 2316
2.9829, 2315
2.9872, 2314
3.0061, 2313
3.0126, 2312
3.0169, 2311
3.0171, 2310
3.0215, 2309
3.0217, 2308
3.0366, 2307
3.0369, 2306
3.0475, 2305
3.0477, 2304
3.0501, 2303
3.0607, 2302
3.0650, 2301
3.0653, 2300
3.0696, 2299
3.0739, 2298
3.0742, 2297
3.0765, 2296
3.0849, 2295
3.0892, 2294
3.1018, 2293
3.1104, 2292
3.1189, 2291
3.1191, 2290
3.1236, 2289
3.1303, 2288
3.1326, 2287
3.1329, 2286
3.1476, 2285
3.1603, 2284
3.1770, 2283
3.1897, 2282
3.1962, 2281
3.2047, 2280
3.2358, 2279
3.2401, 2278
3.2403, 2277
3.2406, 2276
3.2408, 2275
3.2493, 2274
3.2495, 2273
3.2497, 2272
3.2582, 2271
3.2604, 2270
3.2607, 2269
3.2711, 2268
3.2960, 2267
3.2962, 2266
3.3089, 2265
3.3091, 2264
3.3177, 2263
3.3343, 2262
3.3387, 2261
3.3389, 2260
3.3453, 2259
3.3455, 2258
3.3458, 2257
3.3522, 2256
3.3524, 2255
3.3609, 2254
3.3611, 2253
3.3613, 2252
3.3658, 2251
3.3866, 2250
3.3888, 2249
3.3951, 2248
3.3995, 2247
3.4039, 2246
3.4041, 2245
3.4085, 2244
3.4231, 2243
3.4274, 2242
3.4358, 2241
3.4421, 2240
3.4505, 2239
3.4631, 2238
3.4797, 2237
3.4820, 2236
3.4903, 2235
3.4906, 2234
3.4908, 2233
3.5054, 2232
3.5158, 2231
3.5242, 2230
3.5244, 2229
3.5307, 2228
3.5309, 2227
3.5538, 2226
3.5623, 2225
3.5850, 2224
3.7110, 2223
3.7398, 2222
3.7750, 2221
3.7793, 2220
3.7982, 2219
3.7984, 2218
3.8088, 2217
3.8419, 2216
4.0157, 2215
4.0180, 2214
4.0924, 2213
