0.8280, 3931
0.8284, 3930
0.8288, 3929
0.8291, 3928
0.8294, 3927
0.8298, 3926
0.8301, 3925
0.8305, 3924
0.8308, 3923
0.8312, 3922
0.8315, 3921
0.8319, 3920
0.8322, 3919
0.8326, 3918
0.8329, 3917
0.8332, 3916
0.8336, 3915
0.8339, 3914
0.8342, 3913
0.8346, 3912
0.8349, 3911
0.8353, 3910
0.8356, 3909
0.8359, 3908
0.8363, 3907
0.8366, 3906
0.8370, 3905
0.8374, 3904
0.8377, 3903
0.8381, 3902
0.8385, 3901
0.8390, 3900
0.8394, 3899
0.8398, 3898
0.8401, 3897
0.8405, 3896
0.8408, 3895
0.8412, 3894
0.8415, 3893
0.8419, 3892
0.8422, 3891
0.8426, 3890
0.8429, 3889
0.8433, 3888
0.8436, 3887
0.8440, 3886
0.8443, 3885
0.8447, 3884
0.8450, 3883
0.8454, 3882
0.8457, 3881
0.8461, 3880
0.8464, 3879
0.8468, 3878
0.8471, 3877
0.8474, 3876
0.8478, 3875
0.8481, 3874
0.8485, 3873
0.8488, 3872
0.8491, 3871
0.8495, 3870
0.8498, 3869
0.8502, 3868
0.8505, 3867
0.8509, 3866
0.8512, 3865
0.8515, 3864
0.8519, 3863
0.8522, 3862
0.8526, 3861
0.8529, 3860
0.8533, 3859
0.8536, 3858
0.8539, 3857
0.8543, 3856
0.8546, 3855
0.8550, 3854
0.8554, 3853
0.8557, 3852
0.8561, 3851
0.8565, 3850
0.8568, 3849
0.8572, 3848
0.8575, 3847
0.8578, 3846
0.8582, 3845
0.8586, 3844
0.8590, 3843
0.8595, 3842
0.8598, 3841
0.8603, 3840
0.8607, 3839
0.8610, 3838
0.8614, 3837
0.8617, 3836
0.8620, 3835
0.8624, 3834
0.8628, 3833
0.8631, 3832
0.8634, 3831
0.8638, 3830
0.8642, 3829
0.8646, 3828
0.8649, 3827
0.8653, 3826
0.8656, 3825
0.8660, 3824
0.8663, 3823
0.8666, 3822
0.8670, 3821
0.8673, 3820
0.8677, 3819
0.8680, 3818
0.8684, 3817
0.8687, 3816
0.8690, 3815
0.8694, 3814
0.8697, 3813
0.8700, 3812
0.8704, 3811
0.8707, 3810
0.8711, 3809
0.8714, 3808
0.8718, 3807
0.8722, 3806
0.8725, 3805
0.8729, 3804
0.8733, 3803
0.8737, 3802
0.8740, 3801
0.8744, 3800
0.8747, 3799
0.8751, 3798
0.8754, 3797
0.8757, 3796
0.8761, 3795
0.8764, 3794
0.8767, 3793
0.8771, 3792
0.8774, 3791
0.8777, 3790
0.8781, 3789
0.8784, 3788
0.8797, 3787
0.8802, 3786
0.8806, 3785
0.8809, 3784
0.8813, 3783
0.8816, 3782
0.8820, 3781
0.8823, 3780
0.8827, 3779
0.8830, 3778
0.8834, 3777
0.8837, 3776
0.8841, 3775
0.8844, 3774
0.8847, 3773
0.8850, 3772
0.8854, 3771
0.8857, 3770
0.8861, 3769
0.8864, 3768
0.8867, 3767
0.8871, 3766
0.8874, 3765
0.8878, 3764
0.8882, 3763
0.8886, 3762
0.8889, 3761
0.8893, 3760
0.8896, 3759
0.8900, 3758
0.8904, 3757
0.8908, 3756
0.8911, 3755
0.8914, 3754
0.8917, 3753
0.8921, 3752
0.8924, 3751
0.8928, 3750
0.8931, 3749
0.8934, 3748
0.8938, 3747
0.8941, 3746
0.8945, 3745
0.8948, 3744
0.8952, 3743
0.8955, 3742
0.8958, 3741
0.8961, 3740
0.8965, 3739
0.8968, 3738
0.8971, 3737
0.8975, 3736
0.8978, 3735
0.8981, 3734
0.8984, 3733
0.8988, 3732
0.8991, 3731
0.8995, 3730
0.8998, 3729
0.9001, 3728
0.9005, 3727
0.9008, 3726
0.9011, 3725
0.9014, 3724
0.9018, 3723
0.9021, 3722
0.9025, 3721
0.9028, 3720
0.9031, 3719
0.9035, 3718
0.9038, 3717
0.9041, 3716
0.9045, 3715
0.9049, 3714
0.9053, 3713
0.9056, 3712
0.9060, 3711
0.9064, 3710
0.9067, 3709
0.9070, 3708
0.9074, 3707
0.9077, 3706
0.9081, 3705
0.9085, 3704
0.9088, 3703
0.9092, 3702
0.9095, 3701
0.9098, 3700
0.9102, 3699
0.9105, 3698
0.9109, 3697
0.9113, 3696
0.9116, 3695
0.9119, 3694
0.9123, 3693
0.9126, 3692
0.9129, 3691
0.9132, 3690
0.9136, 3689
0.9139, 3688
0.9142, 3687
0.9146, 3686
0.9149, 3685
0.9153, 3684
0.9156, 3683
0.9160, 3682
0.9163, 3681
0.9166, 3680
0.9169, 3679
0.9173, 3678
0.9176, 3677
0.9179, 3676
0.9182, 3675
0.9186, 3674
0.9189, 3673
0.9193, 3672
0.9196, 3671
0.9199, 3670
0.9203, 3669
0.9206, 3668
0.9210, 3667
0.9213, 3666
0.9217, 3665
0.9220, 3664
0.9224, 3663
0.9227, 3662
0.9230, 3661
0.9234, 3660
0.9237, 3659
0.9240, 3658
0.9244, 3657
0.9247, 3656
0.9251, 3655
0.9254, 3654
0.9257, 3653
0.9261, 3652
0.9264, 3651
0.9268, 3650
0.9272, 3649
0.9275, 3648
0.9279, 3647
0.9282, 3646
0.9285, 3645
0.9289, 3644
0.9292, 3643
0.9295, 3642
0.9298, 3641
0.9302, 3640
0.9305, 3639
0.9308, 3638
0.9311, 3637
0.9315, 3636
0.9318, 3635
0.9321, 3634
0.9324, 3633
0.9328, 3632
0.9331, 3631
0.9334, 3630
0.9337, 3629
0.9340, 3628
0.9344, 3627
0.9347, 3626
0.9350, 3625
0.9354, 3624
0.9357, 3623
0.9360, 3622
0.9364, 3621
0.9367, 3620
0.9370, 3619
0.9374, 3618
0.9377, 3617
0.9381, 3616
0.9384, 3615
0.9387, 3614
0.9391, 3613
0.9394, 3612
0.9398, 3611
0.9401, 3610
0.9404, 3609
0.9408, 3608
0.9411, 3607
0.9415, 3606
0.9418, 3605
0.9422, 3604
0.9425, 3603
0.9429, 3602
0.9432, 3601
0.9435, 3600
0.9439, 3599
0.9442, 3598
0.9445, 3597
0.9448, 3596
0.9451, 3595
0.9455, 3594
0.9458, 3593
0.9461, 3592
0.9464, 3591
0.9467, 3590
0.9471, 3589
0.9474, 3588
0.9477, 3587
0.9480, 3586
0.9484, 3585
0.9487, 3584
0.9491, 3583
0.9494, 3582
0.9497, 3581
0.9500, 3580
0.9504, 3579
0.9507, 3578
0.9511, 3577
0.9514, 3576
0.9517, 3575
0.9520, 3574
0.9523, 3573
0.9527, 3572
0.9530, 3571
0.9533, 3570
0.9536, 3569
0.9540, 3568
0.9543, 3567
0.9547, 3566
0.9550, 3565
0.9553, 3564
0.9556, 3563
0.9560, 3562
0.9563, 3561
0.9566, 3560
0.9569, 3559
0.9573, 3558
0.9576, 3557
0.9580, 3556
0.9583, 3555
0.9587, 3554
0.9590, 3553
0.9593, 3552
0.9597, 3551
0.9600, 3550
0.9604, 3549
0.9607, 3548
0.9610, 3547
0.9613, 3546
0.9617, 3545
0.9620, 3544
0.9623, 3543
0.9626, 3542
0.9629, 3541
0.9632, 3540
0.9636, 3539
0.9639, 3538
0.9642, 3537
0.9645, 3536
0.9648, 3535
0.9652, 3534
0.9655, 3533
0.9658, 3532
0.9661, 3531
0.9664, 3530
0.9668, 3529
0.9671, 3528
0.9674, 3527
0.9677, 3526
0.9680, 3525
0.9683, 3524
0.9687, 3523
0.9690, 3522
0.9693, 3521
0.9696, 3520
0.9699, 3519
0.9703, 3518
0.9706, 3517
0.9709, 3516
0.9713, 3515
0.9716, 3514
0.9719, 3513
0.9723, 3512
0.9726, 3511
0.9729, 3510
0.9732, 3509
0.9735, 3508
0.9739, 3507
0.9742, 3506
0.9745, 3505
0.9748, 3504
0.9752, 3503
0.9755, 3502
0.9758, 3501
0.9761, 3500
0.9764, 3499
0.9767, 3498
0.9770, 3497
0.9774, 3496
0.9777, 3495
0.9780, 3494
0.9783, 3493
0.9786, 3492
0.9789, 3491
0.9792, 3490
0.9796, 3489
0.9799, 3488
0.9802, 3487
0.9805, 3486
0.9808, 3485
0.9811, 3484
0.9814, 3483
0.9817, 3482
0.9820, 3481
0.9823, 3480
0.9826, 3479
0.9830, 3478
0.9833, 3477
0.9836, 3476
0.9839, 3475
0.9842, 3474
0.9845, 3473
0.9849, 3472
0.9852, 3471
0.9855, 3470
0.9858, 3469
0.9861, 3468
0.9864, 3467
0.9867, 3466
0.9871, 3465
0.9874, 3464
0.9877, 3463
0.9881, 3462
0.9884, 3461
0.9887, 3460
0.9890, 3459
0.9893, 3458
0.9896, 3457
0.9900, 3456
0.9903, 3455
0.9906, 3454
0.9909, 3453
0.9913, 3452
0.9916, 3451
0.9919, 3450
0.9922, 3449
0.9925, 3448
0.9928, 3447
0.9931, 3446
0.9934, 3445
0.9937, 3444
0.9941, 3443
0.9944, 3442
0.9947, 3441
0.9950, 3440
0.9953, 3439
0.9957, 3438
0.9960, 3437
0.9963, 3436
0.9966, 3435
0.9969, 3434
0.9972, 3433
0.9975, 3432
0.9978, 3431
0.9981, 3430
0.9984, 3429
0.9987, 3428
0.9991, 3427
0.9994, 3426
0.9997, 3425
1.0000, 3424
1.0003, 3423
1.0006, 3422
1.0009, 3421
1.0012, 3420
1.0015, 3419
1.0018, 3418
1.0021, 3417
1.0024, 3416
1.0027, 3415
1.0031, 3414
1.0034, 3413
1.0037, 3412
1.0040, 3411
1.0043, 3410
1.0046, 3409
1.0049, 3408
1.0052, 3407
1.0055, 3406
1.0058, 3405
1.0061, 3404
1.0065, 3403
1.0068, 3402
1.0071, 3401
1.0074, 3400
1.0077, 3399
1.0080, 3398
1.0083, 3397
1.0086, 3396
1.0089, 3395
1.0092, 3394
1.0096, 3393
1.0099, 3392
1.0102, 3391
1.0105, 3390
1.0108, 3389
1.0111, 3388
1.0114, 3387
1.0117, 3386
1.0121, 3385
1.0124, 3384
1.0127, 3383
1.0130, 3382
1.0133, 3381
1.0136, 3380
1.0139, 3379
1.0142, 3378
1.0146, 3377
1.0149, 3376
1.0152, 3375
1.0155, 3374
1.0158, 3373
1.0161, 3372
1.0164, 3371
1.0168, 3370
1.0171, 3369
1.0175, 3368
1.0178, 3367
1.0181, 3366
1.0184, 3365
1.0187, 3364
1.0190, 3363
1.0193, 3362
1.0196, 3361
1.0199, 3360
1.0202, 3359
1.0206, 3358
1.0209, 3357
1.0212, 3356
1.0216, 3355
1.0219, 3354
1.0222, 3353
1.0226, 3352
1.0229, 3351
1.0233, 3350
1.0236, 3349
1.0240, 3348
1.0243, 3347
1.0246, 3346
1.0250, 3345
1.0253, 3344
1.0256, 3343
1.0259, 3342
1.0262, 3341
1.0265, 3340
1.0268, 3339
1.0271, 3338
1.0274, 3337
1.0277, 3336
1.0280, 3335
1.0283, 3334
1.0286, 3333
1.0289, 3332
1.0293, 3331
1.0296, 3330
1.0299, 3329
1.0302, 3328
1.0305, 3327
1.0308, 3326
1.0311, 3325
1.0314, 3324
1.0317, 3323
1.0320, 3322
1.0323, 3321
1.0326, 3320
1.0329, 3319
1.0333, 3318
1.0337, 3317
1.0340, 3316
1.0343, 3315
1.0346, 3314
1.0349, 3313
1.0352, 3312
1.0356, 3311
1.0359, 3310
1.0362, 3309
1.0366, 3308
1.0369, 3307
1.0373, 3306
1.0377, 3305
1.0380, 3304
1.0383, 3303
1.0387, 3302
1.0390, 3301
1.0394, 3300
1.0397, 3299
1.0400, 3298
1.0404, 3297
1.0407, 3296
1.0411, 3295
1.0414, 3294
1.0418, 3293
1.0421, 3292
1.0424, 3291
1.0427, 3290
1.0430, 3289
1.0433, 3288
1.0436, 3287
1.0439, 3286
1.0443, 3285
1.0446, 3284
1.0449, 3283
1.0453, 3282
1.0456, 3281
1.0459, 3280
1.0462, 3279
1.0465, 3278
1.0469, 3277
1.0471, 3276
1.0475, 3275
1.0478, 3274
1.0482, 3273
1.0485, 3272
1.0488, 3271
1.0491, 3270
1.0494, 3269
1.0497, 3268
1.0500, 3267
1.0504, 3266
1.0507, 3265
1.0510, 3264
1.0513, 3263
1.0517, 3262
1.0520, 3261
1.0523, 3260
1.0526, 3259
1.0529, 3258
1.0533, 3257
1.0536, 3256
1.0539, 3255
1.0542, 3254
1.0545, 3253
1.0548, 3252
1.0551, 3251
1.0554, 3250
1.0557, 3249
1.0561, 3248
1.0564, 3247
1.0567, 3246
1.0570, 3245
1.0573, 3244
1.0576, 3243
1.0579, 3242
1.0582, 3241
1.0586, 3240
1.0589, 3239
1.0592, 3238
1.0595, 3237
1.0598, 3236
1.0601, 3235
1.0604, 3234
1.0608, 3233
1.0611, 3232
1.0614, 3231
1.0617, 3230
1.0620, 3229
1.0623, 3228
1.0627, 3227
1.0631, 3226
1.0634, 3225
1.0638, 3224
1.0640, 3223
1.0643, 3222
1.0646, 3221
1.0650, 3220
1.0653, 3219
1.0656, 3218
1.0659, 3217
1.0662, 3216
1.0665, 3215
1.0668, 3214
1.0671, 3213
1.0674, 3212
1.0677, 3211
1.0680, 3210
1.0684, 3209
1.0688, 3208
1.0691, 3207
1.0695, 3206
1.0698, 3205
1.0702, 3204
1.0705, 3203
1.0708, 3202
1.0711, 3201
1.0714, 3200
1.0717, 3199
1.0720, 3198
1.0723, 3197
1.0726, 3196
1.0729, 3195
1.0732, 3194
1.0736, 3193
1.0739, 3192
1.0742, 3191
1.0745, 3190
1.0748, 3189
1.0751, 3188
1.0754, 3187
1.0757, 3186
1.0761, 3185
1.0764, 3184
1.0766, 3183
1.0769, 3182
1.0772, 3181
1.0775, 3180
1.0778, 3179
1.0781, 3178
1.0784, 3177
1.0787, 3176
1.0791, 3175
1.0794, 3174
1.0797, 3173
1.0800, 3172
1.0803, 3171
1.0806, 3170
1.0809, 3169
1.0812, 3168
1.0815, 3167
1.0818, 3166
1.0821, 3165
1.0823, 3164
1.0826, 3163
1.0829, 3162
1.0833, 3161
1.0836, 3160
1.0839, 3159
1.0842, 3158
1.0845, 3157
1.0849, 3156
1.0852, 3155
1.0854, 3154
1.0857, 3153
1.0861, 3152
1.0864, 3151
1.0867, 3150
1.0870, 3149
1.0873, 3148
1.0876, 3147
1.0880, 3146
1.0883, 3145
1.0887, 3144
1.0890, 3143
1.0893, 3142
1.0896, 3141
1.0900, 3140
1.0903, 3139
1.0906, 3138
1.0909, 3137
1.0912, 3136
1.0915, 3135
1.0918, 3134
1.0921, 3133
1.0924, 3132
1.0927, 3131
1.0931, 3130
1.0935, 3129
1.0938, 3128
1.0941, 3127
1.0944, 3126
1.0946, 3125
1.0949, 3124
1.0952, 3123
1.0955, 3122
1.0958, 3121
1.0961, 3120
1.0964, 3119
1.0967, 3118
1.0970, 3117
1.0973, 3116
1.0975, 3115
1.0978, 3114
1.0981, 3113
1.0984, 3112
1.0987, 3111
1.0990, 3110
1.0992, 3109
1.0996, 3108
1.0999, 3107
1.1001, 3106
1.1004, 3105
1.1007, 3104
1.1010, 3103
1.1013, 3102
1.1016, 3101
1.1019, 3100
1.1022, 3099
1.1024, 3098
1.1027, 3097
1.1030, 3096
1.1033, 3095
1.1036, 3094
1.1039, 3093
1.1043, 3092
1.1045, 3091
1.1048, 3090
1.1051, 3089
1.1054, 3088
1.1057, 3087
1.1060, 3086
1.1063, 3085
1.1066, 3084
1.1070, 3083
1.1073, 3082
1.1076, 3081
1.1079, 3080
1.1082, 3079
1.1085, 3078
1.1088, 3077
1.1091, 3076
1.1094, 3075
1.1097, 3074
1.1100, 3073
1.1103, 3072
1.1106, 3071
1.1109, 3070
1.1112, 3069
1.1115, 3068
1.1118, 3067
1.1121, 3066
1.1124, 3065
1.1126, 3064
1.1129, 3063
1.1132, 3062
1.1135, 3061
1.1138, 3060
1.1141, 3059
1.1144, 3058
1.1147, 3057
1.1150, 3056
1.1153, 3055
1.1156, 3054
1.1160, 3053
1.1163, 3052
1.1165, 3051
1.1169, 3050
1.1172, 3049
1.1176, 3048
1.1179, 3047
1.1182, 3046
1.1185, 3045
1.1187, 3044
1.1190, 3043
1.1193, 3042
1.1196, 3041
1.1199, 3040
1.1201, 3039
1.1204, 3038
1.1207, 3037
1.1210, 3036
1.1213, 3035
1.1215, 3034
1.1218, 3033
1.1221, 3032
1.1224, 3031
1.1227, 3030
1.1229, 3029
1.1232, 3028
1.1235, 3027
1.1238, 3026
1.1241, 3025
1.1244, 3024
1.1247, 3023
1.1250, 3022
1.1252, 3021
1.1255, 3020
1.1258, 3019
1.1261, 3018
1.1264, 3017
1.1266, 3016
1.1269, 3015
1.1272, 3014
1.1276, 3013
1.1279, 3012
1.1282, 3011
1.1285, 3010
1.1288, 3009
1.1290, 3008
1.1293, 3007
1.1296, 3006
1.1299, 3005
1.1302, 3004
1.1305, 3003
1.1307, 3002
1.1310, 3001
1.1313, 3000
1.1316, 2999
1.1319, 2998
1.1322, 2997
1.1325, 2996
1.1328, 2995
1.1330, 2994
1.1333, 2993
1.1336, 2992
1.1339, 2991
1.1342, 2990
1.1345, 2989
1.1348, 2988
1.1351, 2987
1.1354, 2986
1.1357, 2985
1.1360, 2984
1.1362, 2983
1.1365, 2982
1.1368, 2981
1.1371, 2980
1.1374, 2979
1.1377, 2978
1.1380, 2977
1.1382, 2976
1.1385, 2975
1.1388, 2974
1.1391, 2973
1.1394, 2972
1.1397, 2971
1.1400, 2970
1.1403, 2969
1.1405, 2968
1.1408, 2967
1.1411, 2966
1.1414, 2965
1.1416, 2964
1.1419, 2963
1.1422, 2962
1.1424, 2961
1.1427, 2960
1.1430, 2959
1.1433, 2958
1.1436, 2957
1.1439, 2956
1.1442, 2955
1.1445, 2954
1.1448, 2953
1.1451, 2952
1.1454, 2951
1.1457, 2950
1.1459, 2949
1.1462, 2948
1.1465, 2947
1.1468, 2946
1.1471, 2945
1.1473, 2944
1.1476, 2943
1.1479, 2942
1.1482, 2941
1.1485, 2940
1.1488, 2939
1.1491, 2938
1.1494, 2937
1.1497, 2936
1.1500, 2935
1.1504, 2934
1.1507, 2933
1.1510, 2932
1.1513, 2931
1.1517, 2930
1.1520, 2929
1.1524, 2928
1.1527, 2927
1.1530, 2926
1.1534, 2925
1.1538, 2924
1.1541, 2923
1.1543, 2922
1.1546, 2921
1.1549, 2920
1.1553, 2919
1.1556, 2918
1.1559, 2917
1.1562, 2916
1.1565, 2915
1.1569, 2914
1.1572, 2913
1.1574, 2912
1.1577, 2911
1.1581, 2910
1.1584, 2909
1.1587, 2908
1.1590, 2907
1.1593, 2906
1.1596, 2905
1.1599, 2904
1.1601, 2903
1.1604, 2902
1.1607, 2901
1.1610, 2900
1.1613, 2899
1.1616, 2898
1.1619, 2897
1.1622, 2896
1.1624, 2895
1.1628, 2894
1.1631, 2893
1.1633, 2892
1.1637, 2891
1.1640, 2890
1.1643, 2889
1.1645, 2888
1.1648, 2887
1.1651, 2886
1.1655, 2885
1.1658, 2884
1.1661, 2883
1.1663, 2882
1.1666, 2881
1.1669, 2880
1.1672, 2879
1.1675, 2878
1.1678, 2877
1.1681, 2876
1.1684, 2875
1.1686, 2874
1.1690, 2873
1.1693, 2872
1.1695, 2871
1.1698, 2870
1.1701, 2869
1.1704, 2868
1.1707, 2867
1.1711, 2866
1.1713, 2865
1.1716, 2864
1.1719, 2863
1.1722, 2862
1.1725, 2861
1.1728, 2860
1.1731, 2859
1.1734, 2858
1.1736, 2857
1.1739, 2856
1.1742, 2855
1.1745, 2854
1.1748, 2853
1.1751, 2852
1.1754, 2851
1.1756, 2850
1.1759, 2849
1.1762, 2848
1.1765, 2847
1.1768, 2846
1.1771, 2845
1.1774, 2844
1.1777, 2843
1.1780, 2842
1.1783, 2841
1.1786, 2840
1.1789, 2839
1.1791, 2838
1.1794, 2837
1.1797, 2836
1.1800, 2835
1.1803, 2834
1.1806, 2833
1.1809, 2832
1.1812, 2831
1.1815, 2830
1.1818, 2829
1.1821, 2828
1.1824, 2827
1.1827, 2826
1.1830, 2825
1.1833, 2824
1.1836, 2823
1.1849, 2822
1.1856, 2821
1.1864, 2820
1.1874, 2819
1.1882, 2818
1.1923, 2817
1.1930, 2816
1.1937, 2815
1.1944, 2814
1.1951, 2813
1.1959, 2812
1.1968, 2811
1.1974, 2810
1.2021, 2809
1.2024, 2808
1.2027, 2807
1.2030, 2806
1.2032, 2805
1.2035, 2804
1.2038, 2803
1.2041, 2802
1.2044, 2801
1.2047, 2800
1.2050, 2799
1.2053, 2798
1.2056, 2797
1.2059, 2796
1.2062, 2795
1.2065, 2794
1.2068, 2793
1.2071, 2792
1.2073, 2791
1.2077, 2790
1.2080, 2789
1.2083, 2788
1.2086, 2787
1.2088, 2786
1.2091, 2785
1.2094, 2784
1.2097, 2783
1.2100, 2782
1.2103, 2781
1.2106, 2780
1.2108, 2779
1.2111, 2778
1.2114, 2777
1.2117, 2776
1.2120, 2775
1.2123, 2774
1.2125, 2773
1.2128, 2772
1.2131, 2771
1.2134, 2770
1.2137, 2769
1.2140, 2768
1.2143, 2767
1.2145, 2766
1.2192, 2765
1.2200, 2764
1.2208, 2763
1.2215, 2762
1.2249, 2761
1.2256, 2760
1.2267, 2759
1.2274, 2758
1.2282, 2757
1.2289, 2756
1.2296, 2755
1.2303, 2754
1.2310, 2753
1.2317, 2752
1.2321, 2751
1.2324, 2750
1.2327, 2749
1.2330, 2748
1.2333, 2747
1.2336, 2746
1.2339, 2745
1.2342, 2744
1.2345, 2743
1.2347, 2742
1.2350, 2741
1.2353, 2740
1.2357, 2739
1.2360, 2738
1.2363, 2737
1.2366, 2736
1.2369, 2735
1.2372, 2734
1.2375, 2733
1.2378, 2732
1.2381, 2731
1.2384, 2730
1.2387, 2729
1.2390, 2728
1.2393, 2727
1.2396, 2726
1.2399, 2725
1.2402, 2724
1.2405, 2723
1.2408, 2722
1.2411, 2721
1.2414, 2720
1.2417, 2719
1.2419, 2718
1.2422, 2717
1.2425, 2716
1.2428, 2715
1.2431, 2714
1.2434, 2713
1.2437, 2712
1.2440, 2711
1.2443, 2710
1.2446, 2709
1.2449, 2708
1.2451, 2707
1.2454, 2706
1.2457, 2705
1.2460, 2704
1.2463, 2703
1.2466, 2702
1.2469, 2701
1.2472, 2700
1.2474, 2699
1.2477, 2698
1.2480, 2697
1.2483, 2696
1.2486, 2695
1.2488, 2694
1.2491, 2693
1.2494, 2692
1.2497, 2691
1.2500, 2690
1.2503, 2689
1.2506, 2688
1.2509, 2687
1.2512, 2686
1.2523, 2685
1.2526, 2684
1.2529, 2683
1.2541, 2682
1.2544, 2681
1.2547, 2680
1.2550, 2679
1.2553, 2678
1.2568, 2677
1.2571, 2676
1.2574, 2675
1.2577, 2674
1.2580, 2673
1.2584, 2672
1.2587, 2671
1.2590, 2670
1.2593, 2669
1.2596, 2668
1.2599, 2667
1.2601, 2666
1.2604, 2665
1.2607, 2664
1.2610, 2663
1.2612, 2662
1.2615, 2661
1.2618, 2660
1.2621, 2659
1.2624, 2658
1.2626, 2657
1.2629, 2656
1.2632, 2655
1.2635, 2654
1.2638, 2653
1.2640, 2652
1.2643, 2651
1.2646, 2650
1.2648, 2649
1.2651, 2648
1.2654, 2647
1.2657, 2646
1.2659, 2645
1.2662, 2644
1.2665, 2643
1.2667, 2642
1.2670, 2641
1.2673, 2640
1.2675, 2639
1.2678, 2638
1.2681, 2637
1.2815, 2636
1.2824, 2635
1.2831, 2634
1.2838, 2633
1.2846, 2632
1.2853, 2631
1.2859, 2630
1.2866, 2629
1.2873, 2628
1.2897, 2627
1.2905, 2626
1.2913, 2625
1.2920, 2624
1.2927, 2623
1.2934, 2622
1.2937, 2621
1.2940, 2620
1.2942, 2619
1.2945, 2618
1.2948, 2617
1.2950, 2616
1.2954, 2615
1.2956, 2614
1.2959, 2613
1.2962, 2612
1.2965, 2611
1.2967, 2610
1.2970, 2609
1.2973, 2608
1.2975, 2607
1.2978, 2606
1.2981, 2605
1.2984, 2604
1.2986, 2603
1.2989, 2602
1.2992, 2601
1.2995, 2600
1.2998, 2599
1.3000, 2598
1.3003, 2597
1.3006, 2596
1.3009, 2595
1.3012, 2594
1.3014, 2593
1.3017, 2592
1.3020, 2591
1.3022, 2590
1.3025, 2589
1.3028, 2588
1.3033, 2587
1.3054, 2586
1.3056, 2585
1.3157, 2584
1.3164, 2583
1.3170, 2582
1.3177, 2581
1.3183, 2580
1.3189, 2579
1.3196, 2578
1.3203, 2577
1.3209, 2576
1.3225, 2575
1.3228, 2574
1.3231, 2573
1.3234, 2572
1.3237, 2571
1.3240, 2570
1.3243, 2569
1.3245, 2568
1.3248, 2567
1.3251, 2566
1.3254, 2565
1.3257, 2564
1.3259, 2563
1.3263, 2562
1.3266, 2561
1.3269, 2560
1.3272, 2559
1.3321, 2558
1.3480, 2557
1.3570, 2556
1.3572, 2555
1.3790, 2554
1.3792, 2553
1.3839, 2552
1.3885, 2551
1.4232, 2550
1.4300, 2549
1.4779, 2548
1.4826, 2547
1.4914, 2546
1.5045, 2545
1.5047, 2544
1.5116, 2543
1.5162, 2542
1.5314, 2541
1.5445, 2540
1.5447, 2539
1.5601, 2538
1.5604, 2537
1.5649, 2536
1.5672, 2535
1.5674, 2534
1.5677, 2533
1.5722, 2532
1.5790, 2531
1.5792, 2530
1.5944, 2529
1.6031, 2528
1.6118, 2527
1.6121, 2526
1.6207, 2525
1.6273, 2524
1.6382, 2523
1.6598, 2522
1.6727, 2521
1.6771, 2520
1.6774, 2519
1.6862, 2518
1.6906, 2517
1.6909, 2516
1.6975, 2515
1.6999, 2514
1.7023, 2513
1.7090, 2512
1.7092, 2511
1.7158, 2510
1.7160, 2509
1.7162, 2508
1.7165, 2507
1.7253, 2506
1.7977, 2505
1.8131, 2504
1.8133, 2503
1.8326, 2502
1.8544, 2501
1.8718, 2500
1.8720, 2499
1.8786, 2498
1.8915, 2497
1.8939, 2496
1.9174, 2495
1.9346, 2494
1.9412, 2493
1.9415, 2492
1.9460, 2491
1.9550, 2490
1.9595, 2489
1.9725, 2488
1.9770, 2487
1.9772, 2486
1.9880, 2485
1.9925, 2484
1.9927, 2483
1.9930, 2482
1.9932, 2481
1.9934, 2480
2.0001, 2479
2.0003, 2478
2.0027, 2477
2.0179, 2476
2.0181, 2475
2.0184, 2474
2.0400, 2473
2.0402, 2472
2.0489, 2471
2.0577, 2470
2.0643, 2469
2.0688, 2468
2.0733, 2467
2.0736, 2466
2.0738, 2465
2.0740, 2464
2.0912, 2463
2.1063, 2462
2.1108, 2461
2.1110, 2460
2.1113, 2459
2.1115, 2458
2.1288, 2457
2.1397, 2456
2.1592, 2455
2.1701, 2454
2.1703, 2453
2.1812, 2452
2.1814, 2451
2.1816, 2450
2.1861, 2449
2.1992, 2448
2.1995, 2447
2.2254, 2446
2.2256, 2445
2.2322, 2444
2.2346, 2443
2.2434, 2442
2.2585, 2441
2.2757, 2440
2.2845, 2439
2.2953, 2438
2.3019, 2437
2.3234, 2436
2.3429, 2435
2.3517, 2434
2.3563, 2433
2.3743, 2432
2.3857, 2431
2.3903, 2430
2.4039, 2429
2.4319, 2428
2.4365, 2427
2.4539, 2426
2.4626, 2425
2.4713, 2424
2.5037, 2423
2.5082, 2422
2.5363, 2421
2.5515, 2420
2.5709, 2419
2.5712, 2418
2.5799, 2417
2.5887, 2416
2.6102, 2415
2.6212, 2414
2.6364, 2413
2.6494, 2412
2.6496, 2411
2.6670, 2410
2.6736, 2409
2.6760, 2408
2.6868, 2407
2.6913, 2406
2.6916, 2405
2.6939, 2404
2.6941, 2403
2.7050, 2402
2.7052, 2401
2.7097, 2400
2.7100, 2399
2.7102, 2398
2.7190, 2397
2.7361, 2396
2.7364, 2395
2.7515, 2394
2.7518, 2393
2.7563, 2392
2.7565, 2391
2.7567, 2390
2.7654, 2389
2.7699, 2388
2.7701, 2387
2.7767, 2386
2.7769, 2385
2.7879, 2384
2.8073, 2383
2.8096, 2382
2.8141, 2381
2.8144, 2380
2.8210, 2379
2.8212, 2378
2.8299, 2377
2.8301, 2376
2.8304, 2375
2.8370, 2374
2.8372, 2373
2.8374, 2372
2.8441, 2371
2.8464, 2370
2.8659, 2369
2.8662, 2368
2.8664, 2367
2.8731, 2366
2.8733, 2365
2.8758, 2364
2.8825, 2363
2.8827, 2362
2.8829, 2361
2.8897, 2360
2.8899, 2359
2.8901, 2358
2.8904, 2357
2.8906, 2356
2.8908, 2355
2.9146, 2354
2.9148, 2353
2.9214, 2352
2.9217, 2351
2.9308, 2350
2.9310, 2349
2.9312, 2348
2.9315, 2347
2.9317, 2346
2.9363, 2345
2.9558, 2344
2.9582, 2343
2.9669, 2342
2.9714, 2341
2.9738, 2340
2.9910, 2339
2.9976, 2338
3.0148, 2337
3.0325, 2336
3.0350, 2335
3.0355, 2334
3.0536, 2333
3.0581, 2332
3.0583, 2331
3.0628, 2330
3.0957, 2329
3.1108, 2328
3.1111, 2327
3.1113, 2326
3.1115, 2325
3.1206, 2324
3.1208, 2323
3.1321, 2322
3.1323, 2321
3.1710, 2320
3.1713, 2319
3.3862, 2318
3.3909, 2317
3.3933, 2316
3.3980, 2315
3.3982, 2314
3.4037, 2313
3.4043, 2312
3.4186, 2311
3.4244, 2310
3.4269, 2309
3.4557, 2308
3.4675, 2307
3.4750, 2306
3.4753, 2305
3.4799, 2304
3.4801, 2303
3.4935, 2302
3.5003, 2301
3.5047, 2300
3.5049, 2299
3.5072, 2298
3.5177, 2297
3.5220, 2296
3.5223, 2295
3.5270, 2294
3.5316, 2293
3.5318, 2292
3.5342, 2291
3.5426, 2290
3.5469, 2289
3.5596, 2288
3.5681, 2287
3.5767, 2286
3.5769, 2285
3.5855, 2284
3.5899, 2283
3.5901, 2282
3.5903, 2281
3.6049, 2280
3.6195, 2279
3.6238, 2278
3.6467, 2277
3.6510, 2276
3.6575, 2275
3.6944, 2274
3.7012, 2273
3.7014, 2272
3.7016, 2271
3.7018, 2270
3.7083, 2269
3.7085, 2268
3.7087, 2267
3.7173, 2266
3.7175, 2265
3.7177, 2264
3.7200, 2263
3.7202, 2262
3.7330, 2261
3.7436, 2260
3.7501, 2259
3.7609, 2258
3.7695, 2257
3.7861, 2256
3.7863, 2255
3.7907, 2254
3.7909, 2253
3.7993, 2252
3.8057, 2251
3.8059, 2250
3.8103, 2249
3.8333, 2248
3.8377, 2247
3.8472, 2246
3.8536, 2245
3.8538, 2244
3.8585, 2243
3.8588, 2242
3.8797, 2241
3.8841, 2240
3.8969, 2239
3.8972, 2238
3.9119, 2237
3.9225, 2236
3.9351, 2235
3.9374, 2234
3.9438, 2233
3.9584, 2232
3.9790, 2231
3.9998, 2230
4.0083, 2229
4.0451, 2228
4.0453, 2227
4.1211, 2226
4.1836, 2225
4.1971, 2224
4.2119, 2223
4.2183, 2222
4.2267, 2221
4.2721, 2220
4.3240, 2219
4.3944, 2218
4.3988, 2217
4.4808, 2216
4.5059, 2215
4.6778, 2214
