0.0261, 2281
0.0794, 2279
0.1161, 2278
0.1499, 2277
0.1833, 2274
0.2023, 2273
0.2235, 2271
0.2388, 2270
0.2511, 2268
0.2819, 2267
0.2943, 2266
0.3843, 2265
0.3876, 2264
0.4722, 2263
0.5301, 2262
0.6095, 2261
0.6610, 2260
0.6763, 2259
0.7005, 2258
0.7158, 2257
0.7369, 2256
0.7491, 2255
0.7586, 2253
0.7842, 2252
0.7938, 2251
0.7970, 2250
0.8403, 2249
0.8617, 2248
0.8739, 2247
0.8953, 2245
0.9048, 2244
0.9236, 2241
0.9394, 2240
0.9549, 2239
1.0777, 2238
1.1450, 2237
1.1692, 2236
1.2209, 2235
1.3277, 2234
1.5075, 2233
1.5138, 2232
1.5841, 2231
1.7262, 2230
1.7455, 2228
1.8528, 2227
1.9332, 2226
2.1998, 2225
2.4445, 2224
2.5034, 2222
2.7837, 2221
2.7929, 2220
2.8865, 2219
3.0911, 2218
