0.6636, 3931
0.6639, 3930
0.6643, 3929
0.6646, 3928
0.6650, 3927
0.6653, 3926
0.6656, 3925
0.6660, 3924
0.6663, 3923
0.6667, 3922
0.6670, 3921
0.6673, 3920
0.6677, 3919
0.6680, 3918
0.6683, 3917
0.6687, 3916
0.6690, 3915
0.6693, 3914
0.6697, 3913
0.6700, 3912
0.6704, 3911
0.6707, 3910
0.6710, 3909
0.6714, 3908
0.6717, 3907
0.6720, 3906
0.6724, 3905
0.6727, 3904
0.6730, 3903
0.6734, 3902
0.6737, 3901
0.6741, 3900
0.6744, 3899
0.6747, 3898
0.6751, 3897
0.6754, 3896
0.6758, 3895
0.6761, 3894
0.6764, 3893
0.6768, 3892
0.6771, 3891
0.6774, 3890
0.6778, 3889
0.6781, 3888
0.6784, 3887
0.6788, 3886
0.6791, 3885
0.6795, 3884
0.6798, 3883
0.6801, 3882
0.6805, 3881
0.6808, 3880
0.6812, 3879
0.6815, 3878
0.6818, 3877
0.6822, 3876
0.6825, 3875
0.6829, 3874
0.6832, 3873
0.6835, 3872
0.6839, 3871
0.6842, 3870
0.6845, 3869
0.6849, 3868
0.6852, 3867
0.6855, 3866
0.6859, 3865
0.6862, 3864
0.6865, 3863
0.6869, 3862
0.6872, 3861
0.6875, 3860
0.6879, 3859
0.6882, 3858
0.6885, 3857
0.6888, 3856
0.6892, 3855
0.6895, 3854
0.6899, 3853
0.6902, 3852
0.6906, 3851
0.6909, 3850
0.6912, 3849
0.6916, 3848
0.6919, 3847
0.6923, 3846
0.6926, 3845
0.6929, 3844
0.6933, 3843
0.6936, 3842
0.6939, 3841
0.6943, 3840
0.6946, 3839
0.6949, 3838
0.6953, 3837
0.6956, 3836
0.6960, 3835
0.6963, 3834
0.6967, 3833
0.6970, 3832
0.6973, 3831
0.6977, 3830
0.6980, 3829
0.6983, 3828
0.6987, 3827
0.6990, 3826
0.6993, 3825
0.6997, 3824
0.7000, 3823
0.7004, 3822
0.7007, 3821
0.7010, 3820
0.7014, 3819
0.7017, 3818
0.7020, 3817
0.7024, 3816
0.7027, 3815
0.7030, 3814
0.7034, 3813
0.7037, 3812
0.7040, 3811
0.7044, 3810
0.7047, 3809
0.7051, 3808
0.7054, 3807
0.7057, 3806
0.7061, 3805
0.7064, 3804
0.7068, 3803
0.7071, 3802
0.7074, 3801
0.7078, 3800
0.7081, 3799
0.7084, 3798
0.7088, 3797
0.7091, 3796
0.7094, 3795
0.7098, 3794
0.7101, 3793
0.7104, 3792
0.7108, 3791
0.7111, 3790
0.7114, 3789
0.7118, 3788
0.7121, 3787
0.7125, 3786
0.7129, 3785
0.7132, 3784
0.7136, 3783
0.7139, 3782
0.7142, 3781
0.7146, 3780
0.7149, 3779
0.7152, 3778
0.7156, 3777
0.7159, 3776
0.7162, 3775
0.7166, 3774
0.7169, 3773
0.7172, 3772
0.7176, 3771
0.7179, 3770
0.7182, 3769
0.7186, 3768
0.7189, 3767
0.7192, 3766
0.7196, 3765
0.7199, 3764
0.7202, 3763
0.7206, 3762
0.7209, 3761
0.7212, 3760
0.7216, 3759
0.7219, 3758
0.7223, 3757
0.7226, 3756
0.7229, 3755
0.7233, 3754
0.7236, 3753
0.7240, 3752
0.7243, 3751
0.7246, 3750
0.7250, 3749
0.7253, 3748
0.7256, 3747
0.7260, 3746
0.7263, 3745
0.7266, 3744
0.7270, 3743
0.7273, 3742
0.7276, 3741
0.7279, 3740
0.7283, 3739
0.7286, 3738
0.7289, 3737
0.7293, 3736
0.7296, 3735
0.7299, 3734
0.7302, 3733
0.7306, 3732
0.7309, 3731
0.7312, 3730
0.7315, 3729
0.7319, 3728
0.7322, 3727
0.7326, 3726
0.7329, 3725
0.7332, 3724
0.7336, 3723
0.7339, 3722
0.7342, 3721
0.7345, 3720
0.7349, 3719
0.7352, 3718
0.7355, 3717
0.7359, 3716
0.7362, 3715
0.7365, 3714
0.7369, 3713
0.7372, 3712
0.7375, 3711
0.7379, 3710
0.7382, 3709
0.7385, 3708
0.7389, 3707
0.7392, 3706
0.7395, 3705
0.7399, 3704
0.7402, 3703
0.7405, 3702
0.7408, 3701
0.7412, 3700
0.7415, 3699
0.7418, 3698
0.7422, 3697
0.7426, 3696
0.7429, 3695
0.7432, 3694
0.7436, 3693
0.7439, 3692
0.7443, 3691
0.7446, 3690
0.7449, 3689
0.7453, 3688
0.7456, 3687
0.7459, 3686
0.7462, 3685
0.7466, 3684
0.7469, 3683
0.7473, 3682
0.7476, 3681
0.7479, 3680
0.7483, 3679
0.7486, 3678
0.7490, 3677
0.7493, 3676
0.7497, 3675
0.7500, 3674
0.7503, 3673
0.7507, 3672
0.7510, 3671
0.7514, 3670
0.7517, 3669
0.7520, 3668
0.7524, 3667
0.7527, 3666
0.7530, 3665
0.7534, 3664
0.7537, 3663
0.7541, 3662
0.7544, 3661
0.7548, 3660
0.7551, 3659
0.7554, 3658
0.7558, 3657
0.7561, 3656
0.7565, 3655
0.7568, 3654
0.7571, 3653
0.7575, 3652
0.7578, 3651
0.7581, 3650
0.7585, 3649
0.7588, 3648
0.7591, 3647
0.7595, 3646
0.7598, 3645
0.7601, 3644
0.7605, 3643
0.7608, 3642
0.7611, 3641
0.7614, 3640
0.7617, 3639
0.7621, 3638
0.7624, 3637
0.7627, 3636
0.7630, 3635
0.7634, 3634
0.7637, 3633
0.7640, 3632
0.7643, 3631
0.7647, 3630
0.7650, 3629
0.7653, 3628
0.7656, 3627
0.7660, 3626
0.7663, 3625
0.7666, 3624
0.7669, 3623
0.7673, 3622
0.7676, 3621
0.7679, 3620
0.7682, 3619
0.7686, 3618
0.7689, 3617
0.7692, 3616
0.7695, 3615
0.7699, 3614
0.7702, 3613
0.7705, 3612
0.7709, 3611
0.7712, 3610
0.7715, 3609
0.7719, 3608
0.7722, 3607
0.7726, 3606
0.7729, 3605
0.7732, 3604
0.7736, 3603
0.7739, 3602
0.7742, 3601
0.7746, 3600
0.7749, 3599
0.7753, 3598
0.7756, 3597
0.7759, 3596
0.7762, 3595
0.7766, 3594
0.7769, 3593
0.7772, 3592
0.7775, 3591
0.7779, 3590
0.7782, 3589
0.7786, 3588
0.7789, 3587
0.7792, 3586
0.7795, 3585
0.7798, 3584
0.7802, 3583
0.7805, 3582
0.7808, 3581
0.7811, 3580
0.7815, 3579
0.7818, 3578
0.7821, 3577
0.7824, 3576
0.7828, 3575
0.7831, 3574
0.7835, 3573
0.7838, 3572
0.7841, 3571
0.7844, 3570
0.7847, 3569
0.7850, 3568
0.7854, 3567
0.7857, 3566
0.7861, 3565
0.7865, 3564
0.7868, 3563
0.7872, 3562
0.7875, 3561
0.7878, 3560
0.7882, 3559
0.7885, 3558
0.7889, 3557
0.7892, 3556
0.7895, 3555
0.7899, 3554
0.7902, 3553
0.7905, 3552
0.7909, 3551
0.7912, 3550
0.7915, 3549
0.7918, 3548
0.7921, 3547
0.7925, 3546
0.7928, 3545
0.7931, 3544
0.7934, 3543
0.7937, 3542
0.7940, 3541
0.7944, 3540
0.7947, 3539
0.7950, 3538
0.7953, 3537
0.7957, 3536
0.7960, 3535
0.7963, 3534
0.7966, 3533
0.7969, 3532
0.7972, 3531
0.7976, 3530
0.7979, 3529
0.7982, 3528
0.7985, 3527
0.7989, 3526
0.7992, 3525
0.7995, 3524
0.7998, 3523
0.8002, 3522
0.8005, 3521
0.8008, 3520
0.8012, 3519
0.8015, 3518
0.8018, 3517
0.8022, 3516
0.8025, 3515
0.8028, 3514
0.8031, 3513
0.8035, 3512
0.8038, 3511
0.8041, 3510
0.8044, 3509
0.8048, 3508
0.8051, 3507
0.8054, 3506
0.8057, 3505
0.8061, 3504
0.8064, 3503
0.8067, 3502
0.8070, 3501
0.8074, 3500
0.8077, 3499
0.8080, 3498
0.8084, 3497
0.8087, 3496
0.8090, 3495
0.8094, 3494
0.8097, 3493
0.8100, 3492
0.8103, 3491
0.8106, 3490
0.8110, 3489
0.8113, 3488
0.8116, 3487
0.8120, 3486
0.8123, 3485
0.8126, 3484
0.8129, 3483
0.8132, 3482
0.8135, 3481
0.8139, 3480
0.8142, 3479
0.8145, 3478
0.8148, 3477
0.8151, 3476
0.8154, 3475
0.8157, 3474
0.8161, 3473
0.8164, 3472
0.8167, 3471
0.8170, 3470
0.8173, 3469
0.8176, 3468
0.8179, 3467
0.8182, 3466
0.8186, 3465
0.8189, 3464
0.8192, 3463
0.8195, 3462
0.8198, 3461
0.8201, 3460
0.8204, 3459
0.8208, 3458
0.8211, 3457
0.8214, 3456
0.8217, 3455
0.8220, 3454
0.8223, 3453
0.8226, 3452
0.8230, 3451
0.8233, 3450
0.8236, 3449
0.8239, 3448
0.8243, 3447
0.8246, 3446
0.8249, 3445
0.8252, 3444
0.8255, 3443
0.8258, 3442
0.8261, 3441
0.8264, 3440
0.8267, 3439
0.8271, 3438
0.8274, 3437
0.8277, 3436
0.8280, 3435
0.8283, 3434
0.8287, 3433
0.8290, 3432
0.8293, 3431
0.8296, 3430
0.8299, 3429
0.8303, 3428
0.8306, 3427
0.8309, 3426
0.8312, 3425
0.8316, 3424
0.8319, 3423
0.8322, 3422
0.8325, 3421
0.8328, 3420
0.8332, 3419
0.8335, 3418
0.8338, 3417
0.8341, 3416
0.8344, 3415
0.8347, 3414
0.8350, 3413
0.8353, 3412
0.8356, 3411
0.8359, 3410
0.8363, 3409
0.8366, 3408
0.8369, 3407
0.8373, 3406
0.8376, 3405
0.8379, 3404
0.8382, 3403
0.8385, 3402
0.8389, 3401
0.8392, 3400
0.8395, 3399
0.8399, 3398
0.8402, 3397
0.8405, 3396
0.8408, 3395
0.8412, 3394
0.8415, 3393
0.8418, 3392
0.8421, 3391
0.8424, 3390
0.8427, 3389
0.8430, 3388
0.8433, 3387
0.8437, 3386
0.8440, 3385
0.8443, 3384
0.8447, 3383
0.8450, 3382
0.8453, 3381
0.8456, 3380
0.8459, 3379
0.8462, 3378
0.8465, 3377
0.8468, 3376
0.8472, 3375
0.8475, 3374
0.8478, 3373
0.8482, 3372
0.8485, 3371
0.8488, 3370
0.8491, 3369
0.8494, 3368
0.8498, 3367
0.8501, 3366
0.8504, 3365
0.8507, 3364
0.8510, 3363
0.8514, 3362
0.8517, 3361
0.8521, 3360
0.8524, 3359
0.8528, 3358
0.8531, 3357
0.8534, 3356
0.8538, 3355
0.8541, 3354
0.8544, 3353
0.8547, 3352
0.8550, 3351
0.8554, 3350
0.8557, 3349
0.8560, 3348
0.8564, 3347
0.8567, 3346
0.8570, 3345
0.8573, 3344
0.8576, 3343
0.8580, 3342
0.8583, 3341
0.8586, 3340
0.8589, 3339
0.8592, 3338
0.8595, 3337
0.8598, 3336
0.8601, 3335
0.8604, 3334
0.8607, 3333
0.8610, 3332
0.8613, 3331
0.8616, 3330
0.8619, 3329
0.8622, 3328
0.8625, 3327
0.8628, 3326
0.8632, 3325
0.8635, 3324
0.8638, 3323
0.8642, 3322
0.8645, 3321
0.8648, 3320
0.8652, 3319
0.8655, 3318
0.8658, 3317
0.8661, 3316
0.8664, 3315
0.8667, 3314
0.8671, 3313
0.8674, 3312
0.8677, 3311
0.8681, 3310
0.8684, 3309
0.8687, 3308
0.8690, 3307
0.8693, 3306
0.8696, 3305
0.8700, 3304
0.8703, 3303
0.8706, 3302
0.8709, 3301
0.8713, 3300
0.8716, 3299
0.8720, 3298
0.8723, 3297
0.8726, 3296
0.8729, 3295
0.8732, 3294
0.8735, 3293
0.8738, 3292
0.8741, 3291
0.8744, 3290
0.8747, 3289
0.8751, 3288
0.8755, 3287
0.8758, 3286
0.8762, 3285
0.8765, 3284
0.8768, 3283
0.8771, 3282
0.8775, 3281
0.8778, 3280
0.8781, 3279
0.8785, 3278
0.8788, 3277
0.8792, 3276
0.8795, 3275
0.8799, 3274
0.8802, 3273
0.8805, 3272
0.8808, 3271
0.8812, 3270
0.8815, 3269
0.8818, 3268
0.8821, 3267
0.8824, 3266
0.8828, 3265
0.8831, 3264
0.8834, 3263
0.8837, 3262
0.8841, 3261
0.8844, 3260
0.8847, 3259
0.8850, 3258
0.8854, 3257
0.8857, 3256
0.8860, 3255
0.8863, 3254
0.8866, 3253
0.8870, 3252
0.8873, 3251
0.8876, 3250
0.8880, 3249
0.8883, 3248
0.8886, 3247
0.8889, 3246
0.8892, 3245
0.8896, 3244
0.8899, 3243
0.8902, 3242
0.8905, 3241
0.8908, 3240
0.8911, 3239
0.8914, 3238
0.8918, 3237
0.8921, 3236
0.8924, 3235
0.8927, 3234
0.8930, 3233
0.8933, 3232
0.8937, 3231
0.8940, 3230
0.8943, 3229
0.8947, 3228
0.8949, 3227
0.8952, 3226
0.8955, 3225
0.8958, 3224
0.8962, 3223
0.8965, 3222
0.8968, 3221
0.8970, 3220
0.8973, 3219
0.8976, 3218
0.8979, 3217
0.8982, 3216
0.8985, 3215
0.8989, 3214
0.8992, 3213
0.8996, 3212
0.8999, 3211
0.9003, 3210
0.9006, 3209
0.9009, 3208
0.9012, 3207
0.9015, 3206
0.9018, 3205
0.9021, 3204
0.9025, 3203
0.9028, 3202
0.9031, 3201
0.9034, 3200
0.9037, 3199
0.9040, 3198
0.9043, 3197
0.9046, 3196
0.9050, 3195
0.9053, 3194
0.9056, 3193
0.9059, 3192
0.9062, 3191
0.9065, 3190
0.9068, 3189
0.9072, 3188
0.9075, 3187
0.9077, 3186
0.9081, 3185
0.9084, 3184
0.9087, 3183
0.9090, 3182
0.9093, 3181
0.9096, 3180
0.9100, 3179
0.9103, 3178
0.9107, 3177
0.9109, 3176
0.9113, 3175
0.9116, 3174
0.9119, 3173
0.9122, 3172
0.9125, 3171
0.9128, 3170
0.9131, 3169
0.9134, 3168
0.9137, 3167
0.9140, 3166
0.9143, 3165
0.9146, 3164
0.9149, 3163
0.9152, 3162
0.9155, 3161
0.9158, 3160
0.9161, 3159
0.9164, 3158
0.9167, 3157
0.9170, 3156
0.9173, 3155
0.9176, 3154
0.9179, 3153
0.9182, 3152
0.9185, 3151
0.9189, 3150
0.9192, 3149
0.9195, 3148
0.9198, 3147
0.9201, 3146
0.9204, 3145
0.9208, 3144
0.9211, 3143
0.9214, 3142
0.9217, 3141
0.9220, 3140
0.9223, 3139
0.9226, 3138
0.9229, 3137
0.9232, 3136
0.9235, 3135
0.9239, 3134
0.9242, 3133
0.9245, 3132
0.9248, 3131
0.9251, 3130
0.9254, 3129
0.9257, 3128
0.9260, 3127
0.9263, 3126
0.9266, 3125
0.9269, 3124
0.9272, 3123
0.9275, 3122
0.9278, 3121
0.9280, 3120
0.9283, 3119
0.9286, 3118
0.9289, 3117
0.9292, 3116
0.9295, 3115
0.9298, 3114
0.9300, 3113
0.9303, 3112
0.9306, 3111
0.9309, 3110
0.9312, 3109
0.9315, 3108
0.9318, 3107
0.9321, 3106
0.9324, 3105
0.9328, 3104
0.9331, 3103
0.9334, 3102
0.9337, 3101
0.9339, 3100
0.9343, 3099
0.9346, 3098
0.9349, 3097
0.9352, 3096
0.9355, 3095
0.9358, 3094
0.9361, 3093
0.9364, 3092
0.9367, 3091
0.9370, 3090
0.9373, 3089
0.9376, 3088
0.9380, 3087
0.9383, 3086
0.9386, 3085
0.9389, 3084
0.9392, 3083
0.9395, 3082
0.9399, 3081
0.9401, 3080
0.9404, 3079
0.9407, 3078
0.9410, 3077
0.9413, 3076
0.9416, 3075
0.9419, 3074
0.9422, 3073
0.9425, 3072
0.9427, 3071
0.9430, 3070
0.9433, 3069
0.9436, 3068
0.9439, 3067
0.9442, 3066
0.9444, 3065
0.9447, 3064
0.9450, 3063
0.9453, 3062
0.9456, 3061
0.9459, 3060
0.9462, 3059
0.9465, 3058
0.9468, 3057
0.9471, 3056
0.9473, 3055
0.9477, 3054
0.9480, 3053
0.9484, 3052
0.9487, 3051
0.9490, 3050
0.9492, 3049
0.9495, 3048
0.9498, 3047
0.9501, 3046
0.9504, 3045
0.9507, 3044
0.9510, 3043
0.9512, 3042
0.9515, 3041
0.9518, 3040
0.9521, 3039
0.9524, 3038
0.9526, 3037
0.9530, 3036
0.9533, 3035
0.9536, 3034
0.9539, 3033
0.9542, 3032
0.9545, 3031
0.9548, 3030
0.9551, 3029
0.9554, 3028
0.9557, 3027
0.9560, 3026
0.9562, 3025
0.9565, 3024
0.9568, 3023
0.9571, 3022
0.9574, 3021
0.9576, 3020
0.9579, 3019
0.9582, 3018
0.9585, 3017
0.9588, 3016
0.9591, 3015
0.9594, 3014
0.9597, 3013
0.9600, 3012
0.9602, 3011
0.9605, 3010
0.9608, 3009
0.9611, 3008
0.9613, 3007
0.9616, 3006
0.9619, 3005
0.9622, 3004
0.9625, 3003
0.9627, 3002
0.9630, 3001
0.9633, 3000
0.9636, 2999
0.9638, 2998
0.9641, 2997
0.9644, 2996
0.9647, 2995
0.9650, 2994
0.9652, 2993
0.9655, 2992
0.9658, 2991
0.9661, 2990
0.9663, 2989
0.9666, 2988
0.9669, 2987
0.9672, 2986
0.9675, 2985
0.9678, 2984
0.9680, 2983
0.9683, 2982
0.9686, 2981
0.9689, 2980
0.9692, 2979
0.9694, 2978
0.9697, 2977
0.9700, 2976
0.9703, 2975
0.9706, 2974
0.9709, 2973
0.9712, 2972
0.9715, 2971
0.9718, 2970
0.9720, 2969
0.9723, 2968
0.9726, 2967
0.9729, 2966
0.9731, 2965
0.9734, 2964
0.9737, 2963
0.9740, 2962
0.9743, 2961
0.9746, 2960
0.9749, 2959
0.9752, 2958
0.9755, 2957
0.9758, 2956
0.9761, 2955
0.9764, 2954
0.9767, 2953
0.9770, 2952
0.9773, 2951
0.9775, 2950
0.9778, 2949
0.9781, 2948
0.9783, 2947
0.9786, 2946
0.9789, 2945
0.9792, 2944
0.9795, 2943
0.9798, 2942
0.9801, 2941
0.9805, 2940
0.9807, 2939
0.9810, 2938
0.9813, 2937
0.9816, 2936
0.9819, 2935
0.9823, 2934
0.9826, 2933
0.9829, 2932
0.9832, 2931
0.9835, 2930
0.9839, 2929
0.9842, 2928
0.9845, 2927
0.9848, 2926
0.9851, 2925
0.9854, 2924
0.9857, 2923
0.9860, 2922
0.9864, 2921
0.9867, 2920
0.9870, 2919
0.9873, 2918
0.9876, 2917
0.9879, 2916
0.9882, 2915
0.9886, 2914
0.9889, 2913
0.9892, 2912
0.9895, 2911
0.9898, 2910
0.9901, 2909
0.9904, 2908
0.9906, 2907
0.9909, 2906
0.9912, 2905
0.9915, 2904
0.9918, 2903
0.9921, 2902
0.9924, 2901
0.9926, 2900
0.9929, 2899
0.9933, 2898
0.9935, 2897
0.9938, 2896
0.9942, 2895
0.9944, 2894
0.9947, 2893
0.9950, 2892
0.9953, 2891
0.9956, 2890
0.9959, 2889
0.9962, 2888
0.9965, 2887
0.9968, 2886
0.9971, 2885
0.9974, 2884
0.9977, 2883
0.9979, 2882
0.9982, 2881
0.9985, 2880
0.9988, 2879
0.9990, 2878
0.9994, 2877
0.9997, 2876
0.9999, 2875
1.0002, 2874
1.0005, 2873
1.0008, 2872
1.0010, 2871
1.0014, 2870
1.0016, 2869
1.0019, 2868
1.0022, 2867
1.0024, 2866
1.0027, 2865
1.0030, 2864
1.0033, 2863
1.0036, 2862
1.0038, 2861
1.0041, 2860
1.0044, 2859
1.0046, 2858
1.0049, 2857
1.0052, 2856
1.0055, 2855
1.0057, 2854
1.0060, 2853
1.0063, 2852
1.0065, 2851
1.0068, 2850
1.0071, 2849
1.0074, 2848
1.0077, 2847
1.0080, 2846
1.0083, 2845
1.0086, 2844
1.0089, 2843
1.0092, 2842
1.0094, 2841
1.0097, 2840
1.0100, 2839
1.0103, 2838
1.0106, 2837
1.0109, 2836
1.0112, 2835
1.0115, 2834
1.0117, 2833
1.0120, 2832
1.0123, 2831
1.0126, 2830
1.0129, 2829
1.0132, 2828
1.0134, 2827
1.0137, 2826
1.0140, 2825
1.0143, 2824
1.0146, 2823
1.0149, 2822
1.0152, 2821
1.0155, 2820
1.0158, 2819
1.0160, 2818
1.0163, 2817
1.0166, 2816
1.0169, 2815
1.0172, 2814
1.0175, 2813
1.0178, 2812
1.0180, 2811
1.0183, 2810
1.0186, 2809
1.0189, 2808
1.0191, 2807
1.0194, 2806
1.0197, 2805
1.0200, 2804
1.0202, 2803
1.0205, 2802
1.0208, 2801
1.0211, 2800
1.0215, 2799
1.0217, 2798
1.0220, 2797
1.0223, 2796
1.0226, 2795
1.0229, 2794
1.0232, 2793
1.0234, 2792
1.0237, 2791
1.0240, 2790
1.0243, 2789
1.0245, 2788
1.0248, 2787
1.0251, 2786
1.0253, 2785
1.0256, 2784
1.0259, 2783
1.0262, 2782
1.0264, 2781
1.0267, 2780
1.0270, 2779
1.0272, 2778
1.0275, 2777
1.0278, 2776
1.0280, 2775
1.0283, 2774
1.0286, 2773
1.0288, 2772
1.0291, 2771
1.0294, 2770
1.0296, 2769
1.0299, 2768
1.0302, 2767
1.0304, 2766
1.0307, 2765
1.0310, 2764
1.0312, 2763
1.0315, 2762
1.0318, 2761
1.0320, 2760
1.0323, 2759
1.0326, 2758
1.0328, 2757
1.0331, 2756
1.0334, 2755
1.0337, 2754
1.0340, 2753
1.0343, 2752
1.0346, 2751
1.0348, 2750
1.0351, 2749
1.0354, 2748
1.0356, 2747
1.0359, 2746
1.0362, 2745
1.0364, 2744
1.0368, 2743
1.0371, 2742
1.0374, 2741
1.0377, 2740
1.0380, 2739
1.0383, 2738
1.0386, 2737
1.0389, 2736
1.0392, 2735
1.0395, 2734
1.0398, 2733
1.0401, 2732
1.0404, 2731
1.0406, 2730
1.0410, 2729
1.0413, 2728
1.0416, 2727
1.0418, 2726
1.0421, 2725
1.0424, 2724
1.0427, 2723
1.0429, 2722
1.0432, 2721
1.0435, 2720
1.0438, 2719
1.0441, 2718
1.0444, 2717
1.0447, 2716
1.0450, 2715
1.0453, 2714
1.0455, 2713
1.0458, 2712
1.0461, 2711
1.0463, 2710
1.0466, 2709
1.0469, 2708
1.0472, 2707
1.0474, 2706
1.0477, 2705
1.0480, 2704
1.0482, 2703
1.0485, 2702
1.0488, 2701
1.0490, 2700
1.0493, 2699
1.0496, 2698
1.0498, 2697
1.0501, 2696
1.0504, 2695
1.0507, 2694
1.0509, 2693
1.0512, 2692
1.0515, 2691
1.0518, 2690
1.0520, 2689
1.0523, 2688
1.0526, 2687
1.0529, 2686
1.0532, 2685
1.0535, 2684
1.0537, 2683
1.0540, 2682
1.0543, 2681
1.0545, 2680
1.0548, 2679
1.0551, 2678
1.0554, 2677
1.0557, 2676
1.0559, 2675
1.0562, 2674
1.0564, 2673
1.0567, 2672
1.0570, 2671
1.0573, 2670
1.0575, 2669
1.0578, 2668
1.0581, 2667
1.0584, 2666
1.0587, 2665
1.0589, 2664
1.0592, 2663
1.0595, 2662
1.0598, 2661
1.0601, 2660
1.0603, 2659
1.0606, 2658
1.0609, 2657
1.0612, 2656
1.0615, 2655
1.0617, 2654
1.0620, 2653
1.0623, 2652
1.0626, 2651
1.0628, 2650
1.0631, 2649
1.0634, 2648
1.0636, 2647
1.0639, 2646
1.0642, 2645
1.0645, 2644
1.0647, 2643
1.0650, 2642
1.0652, 2641
1.0655, 2640
1.0658, 2639
1.0660, 2638
1.0663, 2637
1.0666, 2636
1.0668, 2635
1.0671, 2634
1.0674, 2633
1.0677, 2632
1.0679, 2631
1.0682, 2630
1.0685, 2629
1.0688, 2628
1.0691, 2627
1.0693, 2626
1.0696, 2625
1.0699, 2624
1.0701, 2623
1.0704, 2622
1.0707, 2621
1.0710, 2620
1.0713, 2619
1.0715, 2618
1.0719, 2617
1.0721, 2616
1.0725, 2615
1.0727, 2614
1.0730, 2613
1.0732, 2612
1.0735, 2611
1.0738, 2610
1.0740, 2609
1.0743, 2608
1.0746, 2607
1.0749, 2606
1.0752, 2605
1.0754, 2604
1.0757, 2603
1.0760, 2602
1.0763, 2601
1.0765, 2600
1.0768, 2599
1.0771, 2598
1.0773, 2597
1.0776, 2596
1.0779, 2595
1.0781, 2594
1.0784, 2593
1.0786, 2592
1.0789, 2591
1.0792, 2590
1.0794, 2589
1.0797, 2588
1.0799, 2587
1.0802, 2586
1.0805, 2585
1.0807, 2584
1.0810, 2583
1.0813, 2582
1.0815, 2581
1.0818, 2580
1.0821, 2579
1.0824, 2578
1.0827, 2577
1.0830, 2576
1.0832, 2575
1.0835, 2574
1.0838, 2573
1.0841, 2572
1.0844, 2571
1.0847, 2570
1.0850, 2569
1.0853, 2568
1.0856, 2567
1.0859, 2566
1.0863, 2565
1.0951, 2564
1.0953, 2563
1.1017, 2562
1.1144, 2561
1.1147, 2560
1.1231, 2559
1.1233, 2558
1.1422, 2557
1.1528, 2556
1.1613, 2555
1.1888, 2554
1.1932, 2553
1.2020, 2552
1.2149, 2551
1.2151, 2550
1.2153, 2549
1.2219, 2548
1.2306, 2547
1.2308, 2546
1.2310, 2545
1.2375, 2544
1.2418, 2543
1.2546, 2542
1.2610, 2541
1.2613, 2540
1.2636, 2539
1.2638, 2538
1.2641, 2537
1.2685, 2536
1.2750, 2535
1.2753, 2534
1.2922, 2533
1.3007, 2532
1.3095, 2531
1.3097, 2530
1.3184, 2529
1.3249, 2528
1.3294, 2527
1.3296, 2526
1.3382, 2525
1.3620, 2524
1.3748, 2523
1.3751, 2522
1.3774, 2521
1.3776, 2520
1.3842, 2519
1.3928, 2518
1.3972, 2517
1.3975, 2516
1.4082, 2515
1.4085, 2514
1.4110, 2513
1.4134, 2512
1.4158, 2511
1.4224, 2510
1.4226, 2509
1.4271, 2508
1.4336, 2507
1.4338, 2506
1.4340, 2505
1.4343, 2504
1.4428, 2503
1.5121, 2502
1.5270, 2501
1.5272, 2500
1.5426, 2499
1.5668, 2498
1.5801, 2497
1.6042, 2496
1.6045, 2495
1.6156, 2494
1.6243, 2493
1.6350, 2492
1.6598, 2491
1.6814, 2490
1.6926, 2489
1.6929, 2488
1.6995, 2487
1.6997, 2486
1.7041, 2485
1.7171, 2484
1.7174, 2483
1.7260, 2482
1.7304, 2481
1.7348, 2480
1.7350, 2479
1.7352, 2478
1.7355, 2477
1.7357, 2476
1.7422, 2475
1.7467, 2474
1.7469, 2473
1.7598, 2472
1.7600, 2471
1.7603, 2470
1.7772, 2469
1.7839, 2468
1.7988, 2467
1.7990, 2466
1.8081, 2465
1.8106, 2464
1.8156, 2463
1.8159, 2462
1.8162, 2461
1.8165, 2460
1.8421, 2459
1.8664, 2458
1.8807, 2457
1.8810, 2456
1.8815, 2455
1.8821, 2454
1.9140, 2453
1.9289, 2452
1.9410, 2451
1.9597, 2450
1.9600, 2449
1.9711, 2448
1.9713, 2447
1.9716, 2446
1.9804, 2445
1.9848, 2444
1.9851, 2443
2.0024, 2442
2.0132, 2441
2.0263, 2440
2.0265, 2439
2.0352, 2438
2.0545, 2437
2.0723, 2436
2.0819, 2435
2.0934, 2434
2.0982, 2433
2.1279, 2432
2.1482, 2431
2.1569, 2430
2.1593, 2429
2.1831, 2428
2.1896, 2427
2.1984, 2426
2.2133, 2425
2.2326, 2424
2.2392, 2423
2.2585, 2422
2.2671, 2421
2.2673, 2420
2.3054, 2419
2.3120, 2418
2.3312, 2417
2.3314, 2416
2.3401, 2415
2.3551, 2414
2.3742, 2413
2.3745, 2412
2.3915, 2411
2.4001, 2410
2.4217, 2409
2.4220, 2408
2.4413, 2407
2.4520, 2406
2.4669, 2405
2.4755, 2404
2.4904, 2403
2.4907, 2402
2.4909, 2401
2.4932, 2400
2.4934, 2399
2.5041, 2398
2.5043, 2397
2.5108, 2396
2.5110, 2395
2.5113, 2394
2.5178, 2393
2.5369, 2392
2.5455, 2391
2.5520, 2390
2.5564, 2389
2.5567, 2388
2.5569, 2387
2.5654, 2386
2.5761, 2385
2.5763, 2384
2.5765, 2383
2.5767, 2382
2.5875, 2381
2.6045, 2380
2.6090, 2379
2.6133, 2378
2.6136, 2377
2.6201, 2376
2.6203, 2375
2.6288, 2374
2.6291, 2373
2.6293, 2372
2.6337, 2371
2.6339, 2370
2.6385, 2369
2.6433, 2368
2.6457, 2367
2.6523, 2366
2.6525, 2365
2.6527, 2364
2.6743, 2363
2.6745, 2362
2.6747, 2361
2.6814, 2360
2.6816, 2359
2.6819, 2358
2.6885, 2357
2.6887, 2356
2.6890, 2355
2.6892, 2354
2.6894, 2353
2.6897, 2352
2.7108, 2351
2.7111, 2350
2.7175, 2349
2.7177, 2348
2.7222, 2347
2.7266, 2346
2.7268, 2345
2.7271, 2344
2.7273, 2343
2.7317, 2342
2.7487, 2341
2.7530, 2340
2.7595, 2339
2.7639, 2338
2.7683, 2337
2.7852, 2336
2.8023, 2335
2.8089, 2334
2.8279, 2333
2.8281, 2332
2.8283, 2331
2.8474, 2330
2.8497, 2329
2.8499, 2328
2.8544, 2327
2.8714, 2326
2.8930, 2325
2.8932, 2324
2.8934, 2323
2.9001, 2322
2.9086, 2321
2.9089, 2320
2.9239, 2319
2.9241, 2318
2.9557, 2317
2.9559, 2316
2.9921, 2315
3.0563, 2314
3.0586, 2313
3.0610, 2312
3.0656, 2311
3.0658, 2310
3.0682, 2309
3.0726, 2308
3.0728, 2307
3.0774, 2306
3.0945, 2305
3.0968, 2304
3.1012, 2303
3.1078, 2302
3.1080, 2301
3.1125, 2300
3.1127, 2299
3.1257, 2298
3.1365, 2297
3.1388, 2296
3.1390, 2295
3.1414, 2294
3.1522, 2293
3.1566, 2292
3.1569, 2291
3.1634, 2290
3.1636, 2289
3.1679, 2288
3.1681, 2287
3.1769, 2286
3.1813, 2285
3.1940, 2284
3.2005, 2283
3.2151, 2282
3.2154, 2281
3.2156, 2280
3.2241, 2279
3.2244, 2278
3.2246, 2277
3.2393, 2276
3.2498, 2275
3.2604, 2274
3.2814, 2273
3.2880, 2272
3.2924, 2271
3.3280, 2270
3.3344, 2269
3.3346, 2268
3.3349, 2267
3.3351, 2266
3.3415, 2265
3.3417, 2264
3.3419, 2263
3.3505, 2262
3.3507, 2261
3.3509, 2260
3.3532, 2259
3.3534, 2258
3.3661, 2257
3.3746, 2256
3.3852, 2255
3.3854, 2254
3.3940, 2253
3.4110, 2252
3.4154, 2251
3.4240, 2250
3.4367, 2249
3.4370, 2248
3.4457, 2247
3.4544, 2246
3.4546, 2245
3.4548, 2244
3.4738, 2243
3.4740, 2242
3.4846, 2241
3.4910, 2240
3.4975, 2239
3.5143, 2238
3.5186, 2237
3.5292, 2236
3.5336, 2235
3.5338, 2234
3.5547, 2233
3.5611, 2232
3.5737, 2231
3.5739, 2230
3.5803, 2229
3.5805, 2228
3.5931, 2227
3.6139, 2226
3.6182, 2225
3.6495, 2224
3.6539, 2223
3.6727, 2222
3.7714, 2221
3.8133, 2220
3.8198, 2219
3.8485, 2218
3.8657, 2217
3.8785, 2216
3.8829, 2215
3.8895, 2214
3.9649, 2213
4.0157, 2212
4.0746, 2211
4.1103, 2210
4.1169, 2209
4.1255, 2208
4.2168, 2207
4.3760, 2206
4.4889, 2205
