0.0269, 2281
0.0933, 2280
0.1666, 2279
0.1851, 2278
0.1975, 2277
0.2007, 2276
0.2405, 2275
0.2530, 2274
0.2871, 2271
0.3181, 2269
0.3245, 2268
0.4005, 2267
0.4258, 2266
0.4383, 2265
0.4540, 2264
0.4603, 2263
0.5005, 2262
0.6085, 2260
0.6786, 2259
0.6999, 2258
0.7399, 2257
0.7864, 2256
0.8521, 2254
0.8950, 2252
0.9628, 2251
1.0493, 2250
1.0805, 2249
1.0868, 2248
1.1830, 2247
1.2391, 2246
1.3936, 2244
1.3968, 2243
1.5437, 2242
1.6186, 2241
1.6220, 2239
1.6499, 2238
1.6593, 2237
2.1390, 2236
2.1970, 2235
2.4229, 2233
2.5207, 2232
2.8447, 2231
2.8642, 2230
2.9790, 2229
3.0345, 2228
3.0897, 2227
