0.0000, 3112
0.0003, 3111
0.0006, 3110
0.0009, 3109
0.0011, 3108
0.0014, 3107
0.0017, 3106
0.0020, 3105
0.0023, 3104
0.0025, 3103
0.0028, 3102
0.0030, 3101
0.0033, 3100
0.0036, 3099
0.0039, 3098
0.0041, 3097
0.0044, 3096
0.0047, 3095
0.0049, 3094
0.0052, 3093
0.0055, 3092
0.0057, 3091
0.0060, 3090
0.0063, 3089
0.0066, 3088
0.0068, 3087
0.0071, 3086
0.0074, 3085
0.0076, 3084
0.0079, 3083
0.0082, 3082
0.0085, 3081
0.0087, 3080
0.0090, 3079
0.0093, 3078
0.0096, 3077
0.0099, 3076
0.0102, 3075
0.0104, 3074
0.0107, 3073
0.0110, 3072
0.0112, 3071
0.0116, 3070
0.0118, 3069
0.0121, 3068
0.0124, 3067
0.0126, 3066
0.0129, 3065
0.0132, 3064
0.0135, 3063
0.0137, 3062
0.0140, 3061
0.0143, 3060
0.0145, 3059
0.0148, 3058
0.0151, 3057
0.0153, 3056
0.0156, 3055
0.0159, 3054
0.0161, 3053
0.0164, 3052
0.0167, 3051
0.0170, 3050
0.0173, 3049
0.0175, 3048
0.0178, 3047
0.0181, 3046
0.0183, 3045
0.0186, 3044
0.0189, 3043
0.0191, 3042
0.0194, 3041
0.0197, 3040
0.0199, 3039
0.0202, 3038
0.0205, 3037
0.0207, 3036
0.0210, 3035
0.0212, 3034
0.0215, 3033
0.0218, 3032
0.0220, 3031
0.0223, 3030
0.0226, 3029
0.0228, 3028
0.0231, 3027
0.0234, 3026
0.0237, 3025
0.0239, 3024
0.0242, 3023
0.0245, 3022
0.0248, 3021
0.0251, 3020
0.0253, 3019
0.0256, 3018
0.0258, 3017
0.0261, 3016
0.0264, 3015
0.0266, 3014
0.0269, 3013
0.0272, 3012
0.0274, 3011
0.0277, 3010
0.0279, 3009
0.0282, 3008
0.0284, 3007
0.0287, 3006
0.0290, 3005
0.0293, 3004
0.0295, 3003
0.0298, 3002
0.0301, 3001
0.0304, 3000
0.0306, 2999
0.0309, 2998
0.0311, 2997
0.0314, 2996
0.0317, 2995
0.0319, 2994
0.0322, 2993
0.0325, 2992
0.0328, 2991
0.0331, 2990
0.0333, 2989
0.0336, 2988
0.0339, 2987
0.0342, 2986
0.0344, 2985
0.0347, 2984
0.0350, 2983
0.0353, 2982
0.0355, 2981
0.0358, 2980
0.0361, 2979
0.0363, 2978
0.0366, 2977
0.0369, 2976
0.0371, 2975
0.0374, 2974
0.0377, 2973
0.0379, 2972
0.0382, 2971
0.0384, 2970
0.0387, 2969
0.0390, 2968
0.0392, 2967
0.0395, 2966
0.0397, 2965
0.0400, 2964
0.0403, 2963
0.0405, 2962
0.0408, 2961
0.0410, 2960
0.0413, 2959
0.0416, 2958
0.0418, 2957
0.0421, 2956
0.0424, 2955
0.0426, 2954
0.0429, 2953
0.0432, 2952
0.0434, 2951
0.0437, 2950
0.0439, 2949
0.0442, 2948
0.0445, 2947
0.0448, 2946
0.0450, 2945
0.0453, 2944
0.0456, 2943
0.0458, 2942
0.0461, 2941
0.0464, 2940
0.0466, 2939
0.0469, 2938
0.0472, 2937
0.0474, 2936
0.0477, 2935
0.0480, 2934
0.0482, 2933
0.0485, 2932
0.0488, 2931
0.0490, 2930
0.0493, 2929
0.0496, 2928
0.0498, 2927
0.0501, 2926
0.0504, 2925
0.0507, 2924
0.0509, 2923
0.0512, 2922
0.0515, 2921
0.0517, 2920
0.0520, 2919
0.0523, 2918
0.0525, 2917
0.0528, 2916
0.0530, 2915
0.0533, 2914
0.0536, 2913
0.0539, 2912
0.0542, 2911
0.0544, 2910
0.0547, 2909
0.0550, 2908
0.0553, 2907
0.0555, 2906
0.0558, 2905
0.0561, 2904
0.0563, 2903
0.0566, 2902
0.0569, 2901
0.0571, 2900
0.0574, 2899
0.0577, 2898
0.0579, 2897
0.0582, 2896
0.0585, 2895
0.0587, 2894
0.0590, 2893
0.0593, 2892
0.0596, 2891
0.0598, 2890
0.0601, 2889
0.0603, 2888
0.0606, 2887
0.0609, 2886
0.0612, 2885
0.0614, 2884
0.0617, 2883
0.0620, 2882
0.0622, 2881
0.0625, 2880
0.0627, 2879
0.0630, 2878
0.0633, 2877
0.0636, 2876
0.0639, 2875
0.0641, 2874
0.0644, 2873
0.0647, 2872
0.0649, 2871
0.0652, 2870
0.0655, 2869
0.0658, 2868
0.0660, 2867
0.0663, 2866
0.0666, 2865
0.0668, 2864
0.0671, 2863
0.0674, 2862
0.0677, 2861
0.0680, 2860
0.0682, 2859
0.0685, 2858
0.0688, 2857
0.0690, 2856
0.0693, 2855
0.0695, 2854
0.0698, 2853
0.0701, 2852
0.0704, 2851
0.0706, 2850
0.0709, 2849
0.0712, 2848
0.0714, 2847
0.0717, 2846
0.0720, 2845
0.0722, 2844
0.0725, 2843
0.0727, 2842
0.0730, 2841
0.0733, 2840
0.0736, 2839
0.0738, 2838
0.0741, 2837
0.0744, 2836
0.0746, 2835
0.0749, 2834
0.0752, 2833
0.0754, 2832
0.0757, 2831
0.0760, 2830
0.0762, 2829
0.0765, 2828
0.0768, 2827
0.0770, 2826
0.0773, 2825
0.0776, 2824
0.0778, 2823
0.0781, 2822
0.0784, 2821
0.0787, 2820
0.0789, 2819
0.0792, 2818
0.0794, 2817
0.0797, 2816
0.0800, 2815
0.0802, 2814
0.0805, 2813
0.0808, 2812
0.0810, 2811
0.0813, 2810
0.0816, 2809
0.0818, 2808
0.0821, 2807
0.0824, 2806
0.0826, 2805
0.0829, 2804
0.0832, 2803
0.0834, 2802
0.0837, 2801
0.0840, 2800
0.0842, 2799
0.0845, 2798
0.0848, 2797
0.0850, 2796
0.0853, 2795
0.0856, 2794
0.0859, 2793
0.0861, 2792
0.0864, 2791
0.0866, 2790
0.0869, 2789
0.0872, 2788
0.0874, 2787
0.0877, 2786
0.0880, 2785
0.0883, 2784
0.0885, 2783
0.0888, 2782
0.0891, 2781
0.0893, 2780
0.0896, 2779
0.0899, 2778
0.0901, 2777
0.0904, 2776
0.0906, 2775
0.0909, 2774
0.0912, 2773
0.0915, 2772
0.0917, 2771
0.0920, 2770
0.0922, 2769
0.0925, 2768
0.0927, 2767
0.0930, 2766
0.0933, 2765
0.0935, 2764
0.0938, 2763
0.0940, 2762
0.0943, 2761
0.0945, 2760
0.0948, 2759
0.0950, 2758
0.0953, 2757
0.0955, 2756
0.0958, 2755
0.0960, 2754
0.0963, 2753
0.0966, 2752
0.0968, 2751
0.0971, 2750
0.0973, 2749
0.0976, 2748
0.0978, 2747
0.0981, 2746
0.0983, 2745
0.0986, 2744
0.0988, 2743
0.0991, 2742
0.0993, 2741
0.0996, 2740
0.0999, 2739
0.1001, 2738
0.1004, 2737
0.1006, 2736
0.1009, 2735
0.1011, 2734
0.1014, 2733
0.1016, 2732
0.1019, 2731
0.1021, 2730
0.1024, 2729
0.1026, 2728
0.1029, 2727
0.1032, 2726
0.1034, 2725
0.1037, 2724
0.1040, 2723
0.1042, 2722
0.1045, 2721
0.1047, 2720
0.1050, 2719
0.1052, 2718
0.1055, 2717
0.1058, 2716
0.1060, 2715
0.1063, 2714
0.1065, 2713
0.1068, 2712
0.1071, 2711
0.1073, 2710
0.1076, 2709
0.1079, 2708
0.1081, 2707
0.1084, 2706
0.1087, 2705
0.1089, 2704
0.1092, 2703
0.1094, 2702
0.1097, 2701
0.1100, 2700
0.1102, 2699
0.1105, 2698
0.1108, 2697
0.1111, 2696
0.1113, 2695
0.1116, 2694
0.1118, 2693
0.1121, 2692
0.1123, 2691
0.1126, 2690
0.1129, 2689
0.1132, 2688
0.1134, 2687
0.1137, 2686
0.1140, 2685
0.1142, 2684
0.1145, 2683
0.1148, 2682
0.1150, 2681
0.1153, 2680
0.1156, 2679
0.1159, 2678
0.1161, 2677
0.1164, 2676
0.1167, 2675
0.1169, 2674
0.1172, 2673
0.1175, 2672
0.1178, 2671
0.1180, 2670
0.1183, 2669
0.1186, 2668
0.1188, 2667
0.1191, 2666
0.1194, 2665
0.1197, 2664
0.1199, 2663
0.1202, 2662
0.1205, 2661
0.1207, 2660
0.1210, 2659
0.1213, 2658
0.1215, 2657
0.1218, 2656
0.1220, 2655
0.1223, 2654
0.1226, 2653
0.1228, 2652
0.1231, 2651
0.1233, 2650
0.1236, 2649
0.1239, 2648
0.1241, 2647
0.1244, 2646
0.1247, 2645
0.1249, 2644
0.1252, 2643
0.1254, 2642
0.1257, 2641
0.1259, 2640
0.1262, 2639
0.1265, 2638
0.1267, 2637
0.1270, 2636
0.1273, 2635
0.1276, 2634
0.1278, 2633
0.1281, 2632
0.1283, 2631
0.1286, 2630
0.1289, 2629
0.1291, 2628
0.1294, 2627
0.1297, 2626
0.1299, 2625
0.1302, 2624
0.1305, 2623
0.1307, 2622
0.1310, 2621
0.1313, 2620
0.1315, 2619
0.1318, 2618
0.1321, 2617
0.1323, 2616
0.1326, 2615
0.1328, 2614
0.1331, 2613
0.1334, 2612
0.1336, 2611
0.1339, 2610
0.1342, 2609
0.1344, 2608
0.1347, 2607
0.1349, 2606
0.1352, 2605
0.1355, 2604
0.1358, 2603
0.1360, 2602
0.1362, 2601
0.1365, 2600
0.1367, 2599
0.1370, 2598
0.1373, 2597
0.1376, 2596
0.1378, 2595
0.1381, 2594
0.1383, 2593
0.1385, 2592
0.1388, 2591
0.1390, 2590
0.1393, 2589
0.1395, 2588
0.1398, 2587
0.1401, 2586
0.1404, 2585
0.1406, 2584
0.1408, 2583
0.1411, 2582
0.1413, 2581
0.1416, 2580
0.1418, 2579
0.1421, 2578
0.1423, 2577
0.1426, 2576
0.1428, 2575
0.1431, 2574
0.1433, 2573
0.1435, 2572
0.1438, 2571
0.1441, 2570
0.1443, 2569
0.1446, 2568
0.1449, 2567
0.1451, 2566
0.1454, 2565
0.1457, 2564
0.1460, 2563
0.1462, 2562
0.1465, 2561
0.1468, 2560
0.1470, 2559
0.1473, 2558
0.1475, 2557
0.1478, 2556
0.1480, 2555
0.1483, 2554
0.1486, 2553
0.1488, 2552
0.1491, 2551
0.1493, 2550
0.1496, 2549
0.1498, 2548
0.1501, 2547
0.1503, 2546
0.1506, 2545
0.1508, 2544
0.1511, 2543
0.1514, 2542
0.1516, 2541
0.1519, 2540
0.1521, 2539
0.1524, 2538
0.1527, 2537
0.1529, 2536
0.1532, 2535
0.1535, 2534
0.1537, 2533
0.1540, 2532
0.1543, 2531
0.1545, 2530
0.1548, 2529
0.1551, 2528
0.1553, 2527
0.1556, 2526
0.1559, 2525
0.1561, 2524
0.1564, 2523
0.1566, 2522
0.1569, 2521
0.1571, 2520
0.1574, 2519
0.1577, 2518
0.1579, 2517
0.1582, 2516
0.1584, 2515
0.1587, 2514
0.1590, 2513
0.1592, 2512
0.1595, 2511
0.1597, 2510
0.1600, 2509
0.1602, 2508
0.1605, 2507
0.1607, 2506
0.1610, 2505
0.1613, 2504
0.1615, 2503
0.1618, 2502
0.1620, 2501
0.1622, 2500
0.1625, 2499
0.1627, 2498
0.1630, 2497
0.1632, 2496
0.1635, 2495
0.1638, 2494
0.1640, 2493
0.1643, 2492
0.1645, 2491
0.1648, 2490
0.1650, 2489
0.1653, 2488
0.1655, 2487
0.1658, 2486
0.1660, 2485
0.1663, 2484
0.1665, 2483
0.1668, 2482
0.1671, 2481
0.1673, 2480
0.1676, 2479
0.1679, 2478
0.1681, 2477
0.1684, 2476
0.1686, 2475
0.1688, 2474
0.1691, 2473
0.1693, 2472
0.1695, 2471
0.1698, 2470
0.1700, 2469
0.1703, 2468
0.1705, 2467
0.1708, 2466
0.1711, 2465
0.1713, 2464
0.1715, 2463
0.1718, 2462
0.1720, 2461
0.1723, 2460
0.1726, 2459
0.1728, 2458
0.1731, 2457
0.1734, 2456
0.1736, 2455
0.1739, 2454
0.1741, 2453
0.1744, 2452
0.1746, 2451
0.1749, 2450
0.1751, 2449
0.1754, 2448
0.1756, 2447
0.1759, 2446
0.1761, 2445
0.1764, 2444
0.1767, 2443
0.1769, 2442
0.1772, 2441
0.1774, 2440
0.1777, 2439
0.1779, 2438
0.1782, 2437
0.1785, 2436
0.1787, 2435
0.1790, 2434
0.1793, 2433
0.1796, 2432
0.1798, 2431
0.1800, 2430
0.1803, 2429
0.1805, 2428
0.1808, 2427
0.1811, 2426
0.1813, 2425
0.1816, 2424
0.1818, 2423
0.1821, 2422
0.1824, 2421
0.1827, 2420
0.1829, 2419
0.1832, 2418
0.1834, 2417
0.1837, 2416
0.1839, 2415
0.1842, 2414
0.1845, 2413
0.1848, 2412
0.1850, 2411
0.1853, 2410
0.1856, 2409
0.1859, 2408
0.1861, 2407
0.1864, 2406
0.1866, 2405
0.1869, 2404
0.1871, 2403
0.1874, 2402
0.1876, 2401
0.1879, 2400
0.1882, 2399
0.1884, 2398
0.1887, 2397
0.1889, 2396
0.1892, 2395
0.1895, 2394
0.1897, 2393
0.1899, 2392
0.1902, 2391
0.1904, 2390
0.1907, 2389
0.1909, 2388
0.1912, 2387
0.1914, 2386
0.1916, 2385
0.1919, 2384
0.1922, 2383
0.1925, 2382
0.1928, 2381
0.1931, 2380
0.1933, 2379
0.1936, 2378
0.1939, 2377
0.1941, 2376
0.1944, 2375
0.1946, 2374
0.1949, 2373
0.1951, 2372
0.1954, 2371
0.1957, 2370
0.1960, 2369
0.1962, 2368
0.1965, 2367
0.1967, 2366
0.1970, 2365
0.1972, 2364
0.1975, 2363
0.1977, 2362
0.1979, 2361
0.1982, 2360
0.1984, 2359
0.1987, 2358
0.1989, 2357
0.1992, 2356
0.1995, 2355
0.1997, 2354
0.2000, 2353
0.2002, 2352
0.2005, 2351
0.2008, 2350
0.2010, 2349
0.2013, 2348
0.2015, 2347
0.2018, 2346
0.2020, 2345
0.2022, 2344
0.2025, 2343
0.2028, 2342
0.2030, 2341
0.2033, 2340
0.2035, 2339
0.2038, 2338
0.2040, 2337
0.2043, 2336
0.2045, 2335
0.2047, 2334
0.2050, 2333
0.2052, 2332
0.2055, 2331
0.2057, 2330
0.2060, 2329
0.2062, 2328
0.2065, 2327
0.2068, 2326
0.2070, 2325
0.2073, 2324
0.2075, 2323
0.2078, 2322
0.2080, 2321
0.2082, 2320
0.2085, 2319
0.2087, 2318
0.2089, 2317
0.2092, 2316
0.2094, 2315
0.2097, 2314
0.2099, 2313
0.2102, 2312
0.2104, 2311
0.2106, 2310
0.2109, 2309
0.2112, 2308
0.2114, 2307
0.2117, 2306
0.2119, 2305
0.2122, 2304
0.2249, 2303
0.2725, 2302
0.2853, 2301
0.3371, 2300
0.3767, 2299
0.3975, 2298
0.4039, 2297
0.4103, 2296
0.4458, 2295
0.5491, 2294
0.5597, 2293
0.5640, 2292
0.5642, 2291
0.5932, 2290
0.5976, 2289
0.6373, 2288
0.6375, 2287
0.6398, 2286
0.6629, 2285
0.6631, 2284
0.6716, 2283
0.6885, 2282
0.6887, 2281
0.6993, 2280
0.7265, 2279
0.7413, 2278
0.7415, 2277
0.7541, 2276
0.7647, 2275
0.7649, 2274
0.7714, 2273
0.8131, 2272
0.8280, 2271
0.8656, 2270
0.8720, 2269
0.8763, 2268
0.8828, 2267
0.9162, 2266
0.9435, 2265
0.9500, 2264
0.9668, 2263
0.9878, 2262
1.0129, 2261
1.0319, 2260
1.0800, 2259
1.0926, 2258
1.1842, 2257
1.1927, 2256
1.2617, 2255
1.2619, 2254
1.2685, 2253
1.2978, 2252
1.3043, 2251
1.3252, 2250
1.3755, 2249
1.3965, 2248
1.4340, 2247
1.5029, 2246
1.5073, 2245
1.5406, 2244
1.6032, 2243
1.6325, 2242
1.6534, 2241
1.6725, 2240
1.7102, 2239
1.7376, 2238
1.7503, 2237
1.7505, 2236
1.7820, 2235
1.8344, 2234
1.8409, 2233
1.8681, 2232
1.8870, 2231
1.8873, 2230
1.9000, 2229
1.9253, 2228
1.9379, 2227
1.9673, 2226
2.0051, 2225
2.0261, 2224
2.0841, 2223
2.0905, 2222
2.2084, 2221
2.2231, 2220
2.2732, 2219
2.2776, 2218
2.2840, 2217
2.3444, 2216
2.4375, 2215
2.4666, 2214
2.5205, 2213
2.5312, 2212
2.5790, 2211
2.8234, 2210
