0.0375, 2281
0.1640, 2280
0.1865, 2278
0.2150, 2276
0.2700, 2275
0.3133, 2272
0.3321, 2271
0.3687, 2270
0.3934, 2269
0.4057, 2268
0.4678, 2267
0.4771, 2266
0.4802, 2263
0.4865, 2262
0.5291, 2261
0.5475, 2260
0.6642, 2259
0.7013, 2258
0.7106, 2256
0.7202, 2254
0.7265, 2253
0.7570, 2252
0.7698, 2251
0.8316, 2250
0.8653, 2249
0.9054, 2248
0.9337, 2247
0.9464, 2246
0.9621, 2245
1.0025, 2244
1.0429, 2243
1.1575, 2242
1.1976, 2241
1.2224, 2240
1.2873, 2239
1.3215, 2238
1.3805, 2237
1.4483, 2236
1.5247, 2234
1.5735, 2233
1.7853, 2232
1.8713, 2230
2.2362, 2229
2.3309, 2228
2.4071, 2227
2.4105, 2226
2.4749, 2225
2.7620, 2224
2.7716, 2223
2.8612, 2221
2.9102, 2220
3.0549, 2219
3.0581, 2218
3.1287, 2217
3.1593, 2216
