0.6414, 3931
0.6417, 3930
0.6421, 3929
0.6424, 3928
0.6427, 3927
0.6431, 3926
0.6434, 3925
0.6438, 3924
0.6441, 3923
0.6444, 3922
0.6447, 3921
0.6451, 3920
0.6454, 3919
0.6457, 3918
0.6461, 3917
0.6464, 3916
0.6467, 3915
0.6471, 3914
0.6474, 3913
0.6477, 3912
0.6480, 3911
0.6484, 3910
0.6487, 3909
0.6490, 3908
0.6494, 3907
0.6497, 3906
0.6500, 3905
0.6503, 3904
0.6507, 3903
0.6510, 3902
0.6513, 3901
0.6516, 3900
0.6520, 3899
0.6523, 3898
0.6526, 3897
0.6530, 3896
0.6533, 3895
0.6536, 3894
0.6539, 3893
0.6543, 3892
0.6546, 3891
0.6549, 3890
0.6553, 3889
0.6556, 3888
0.6559, 3887
0.6563, 3886
0.6566, 3885
0.6569, 3884
0.6572, 3883
0.6576, 3882
0.6579, 3881
0.6582, 3880
0.6586, 3879
0.6589, 3878
0.6593, 3877
0.6596, 3876
0.6599, 3875
0.6603, 3874
0.6606, 3873
0.6610, 3872
0.6613, 3871
0.6617, 3870
0.6620, 3869
0.6624, 3868
0.6627, 3867
0.6630, 3866
0.6634, 3865
0.6637, 3864
0.6640, 3863
0.6644, 3862
0.6647, 3861
0.6650, 3860
0.6653, 3859
0.6657, 3858
0.6660, 3857
0.6663, 3856
0.6667, 3855
0.6670, 3854
0.6673, 3853
0.6677, 3852
0.6680, 3851
0.6683, 3850
0.6686, 3849
0.6690, 3848
0.6693, 3847
0.6697, 3846
0.6700, 3845
0.6703, 3844
0.6707, 3843
0.6710, 3842
0.6713, 3841
0.6717, 3840
0.6720, 3839
0.6724, 3838
0.6727, 3837
0.6731, 3836
0.6734, 3835
0.6738, 3834
0.6741, 3833
0.6744, 3832
0.6748, 3831
0.6751, 3830
0.6755, 3829
0.6758, 3828
0.6761, 3827
0.6765, 3826
0.6768, 3825
0.6772, 3824
0.6775, 3823
0.6779, 3822
0.6783, 3821
0.6786, 3820
0.6790, 3819
0.6793, 3818
0.6797, 3817
0.6800, 3816
0.6804, 3815
0.6807, 3814
0.6810, 3813
0.6814, 3812
0.6817, 3811
0.6821, 3810
0.6824, 3809
0.6827, 3808
0.6831, 3807
0.6834, 3806
0.6838, 3805
0.6841, 3804
0.6844, 3803
0.6848, 3802
0.6851, 3801
0.6854, 3800
0.6858, 3799
0.6861, 3798
0.6864, 3797
0.6868, 3796
0.6871, 3795
0.6874, 3794
0.6877, 3793
0.6881, 3792
0.6884, 3791
0.6888, 3790
0.6891, 3789
0.6894, 3788
0.6898, 3787
0.6901, 3786
0.6904, 3785
0.6907, 3784
0.6911, 3783
0.6914, 3782
0.6917, 3781
0.6920, 3780
0.6924, 3779
0.6927, 3778
0.6930, 3777
0.6933, 3776
0.6937, 3775
0.6940, 3774
0.6944, 3773
0.6948, 3772
0.6951, 3771
0.6955, 3770
0.6958, 3769
0.6961, 3768
0.6964, 3767
0.6967, 3766
0.6971, 3765
0.6974, 3764
0.6977, 3763
0.6981, 3762
0.6984, 3761
0.6987, 3760
0.6991, 3759
0.6994, 3758
0.6998, 3757
0.7002, 3756
0.7005, 3755
0.7009, 3754
0.7012, 3753
0.7015, 3752
0.7018, 3751
0.7022, 3750
0.7025, 3749
0.7029, 3748
0.7032, 3747
0.7036, 3746
0.7039, 3745
0.7042, 3744
0.7046, 3743
0.7049, 3742
0.7053, 3741
0.7056, 3740
0.7060, 3739
0.7063, 3738
0.7066, 3737
0.7070, 3736
0.7073, 3735
0.7077, 3734
0.7080, 3733
0.7083, 3732
0.7087, 3731
0.7090, 3730
0.7093, 3729
0.7097, 3728
0.7100, 3727
0.7103, 3726
0.7106, 3725
0.7109, 3724
0.7113, 3723
0.7116, 3722
0.7119, 3721
0.7122, 3720
0.7125, 3719
0.7129, 3718
0.7132, 3717
0.7135, 3716
0.7138, 3715
0.7142, 3714
0.7145, 3713
0.7148, 3712
0.7151, 3711
0.7155, 3710
0.7158, 3709
0.7161, 3708
0.7164, 3707
0.7167, 3706
0.7171, 3705
0.7174, 3704
0.7177, 3703
0.7180, 3702
0.7184, 3701
0.7187, 3700
0.7190, 3699
0.7193, 3698
0.7196, 3697
0.7200, 3696
0.7203, 3695
0.7206, 3694
0.7209, 3693
0.7212, 3692
0.7216, 3691
0.7219, 3690
0.7222, 3689
0.7225, 3688
0.7228, 3687
0.7231, 3686
0.7234, 3685
0.7238, 3684
0.7241, 3683
0.7244, 3682
0.7247, 3681
0.7250, 3680
0.7254, 3679
0.7257, 3678
0.7260, 3677
0.7263, 3676
0.7266, 3675
0.7270, 3674
0.7273, 3673
0.7276, 3672
0.7279, 3671
0.7282, 3670
0.7286, 3669
0.7289, 3668
0.7292, 3667
0.7295, 3666
0.7298, 3665
0.7302, 3664
0.7305, 3663
0.7308, 3662
0.7311, 3661
0.7314, 3660
0.7317, 3659
0.7321, 3658
0.7324, 3657
0.7327, 3656
0.7331, 3655
0.7334, 3654
0.7337, 3653
0.7341, 3652
0.7344, 3651
0.7347, 3650
0.7350, 3649
0.7354, 3648
0.7357, 3647
0.7360, 3646
0.7363, 3645
0.7367, 3644
0.7370, 3643
0.7374, 3642
0.7377, 3641
0.7380, 3640
0.7383, 3639
0.7387, 3638
0.7390, 3637
0.7393, 3636
0.7397, 3635
0.7400, 3634
0.7403, 3633
0.7406, 3632
0.7410, 3631
0.7413, 3630
0.7416, 3629
0.7420, 3628
0.7423, 3627
0.7426, 3626
0.7430, 3625
0.7433, 3624
0.7436, 3623
0.7439, 3622
0.7442, 3621
0.7445, 3620
0.7448, 3619
0.7452, 3618
0.7455, 3617
0.7458, 3616
0.7461, 3615
0.7464, 3614
0.7467, 3613
0.7471, 3612
0.7474, 3611
0.7477, 3610
0.7480, 3609
0.7483, 3608
0.7486, 3607
0.7489, 3606
0.7492, 3605
0.7496, 3604
0.7499, 3603
0.7502, 3602
0.7505, 3601
0.7508, 3600
0.7511, 3599
0.7514, 3598
0.7518, 3597
0.7521, 3596
0.7524, 3595
0.7527, 3594
0.7530, 3593
0.7533, 3592
0.7536, 3591
0.7539, 3590
0.7543, 3589
0.7546, 3588
0.7549, 3587
0.7552, 3586
0.7555, 3585
0.7558, 3584
0.7561, 3583
0.7564, 3582
0.7568, 3581
0.7571, 3580
0.7574, 3579
0.7577, 3578
0.7580, 3577
0.7584, 3576
0.7587, 3575
0.7590, 3574
0.7593, 3573
0.7596, 3572
0.7599, 3571
0.7602, 3570
0.7606, 3569
0.7610, 3568
0.7613, 3567
0.7616, 3566
0.7619, 3565
0.7622, 3564
0.7626, 3563
0.7629, 3562
0.7632, 3561
0.7635, 3560
0.7639, 3559
0.7642, 3558
0.7645, 3557
0.7648, 3556
0.7651, 3555
0.7654, 3554
0.7657, 3553
0.7660, 3552
0.7664, 3551
0.7667, 3550
0.7670, 3549
0.7673, 3548
0.7676, 3547
0.7679, 3546
0.7682, 3545
0.7686, 3544
0.7689, 3543
0.7692, 3542
0.7695, 3541
0.7699, 3540
0.7702, 3539
0.7705, 3538
0.7708, 3537
0.7711, 3536
0.7714, 3535
0.7717, 3534
0.7721, 3533
0.7724, 3532
0.7727, 3531
0.7730, 3530
0.7733, 3529
0.7737, 3528
0.7740, 3527
0.7743, 3526
0.7747, 3525
0.7750, 3524
0.7753, 3523
0.7756, 3522
0.7760, 3521
0.7763, 3520
0.7767, 3519
0.7770, 3518
0.7773, 3517
0.7777, 3516
0.7780, 3515
0.7783, 3514
0.7787, 3513
0.7790, 3512
0.7793, 3511
0.7796, 3510
0.7799, 3509
0.7802, 3508
0.7805, 3507
0.7808, 3506
0.7811, 3505
0.7815, 3504
0.7818, 3503
0.7821, 3502
0.7824, 3501
0.7828, 3500
0.7831, 3499
0.7834, 3498
0.7837, 3497
0.7841, 3496
0.7844, 3495
0.7847, 3494
0.7851, 3493
0.7854, 3492
0.7857, 3491
0.7861, 3490
0.7864, 3489
0.7867, 3488
0.7870, 3487
0.7873, 3486
0.7877, 3485
0.7880, 3484
0.7883, 3483
0.7886, 3482
0.7890, 3481
0.7893, 3480
0.7896, 3479
0.7899, 3478
0.7903, 3477
0.7906, 3476
0.7909, 3475
0.7912, 3474
0.7915, 3473
0.7918, 3472
0.7921, 3471
0.7925, 3470
0.7928, 3469
0.7931, 3468
0.7934, 3467
0.7938, 3466
0.7941, 3465
0.7944, 3464
0.7948, 3463
0.7951, 3462
0.7954, 3461
0.7957, 3460
0.7960, 3459
0.7963, 3458
0.7966, 3457
0.7969, 3456
0.7972, 3455
0.7975, 3454
0.7979, 3453
0.7982, 3452
0.7985, 3451
0.7988, 3450
0.7991, 3449
0.7994, 3448
0.7997, 3447
0.8000, 3446
0.8003, 3445
0.8006, 3444
0.8009, 3443
0.8012, 3442
0.8015, 3441
0.8018, 3440
0.8021, 3439
0.8024, 3438
0.8027, 3437
0.8030, 3436
0.8033, 3435
0.8036, 3434
0.8039, 3433
0.8042, 3432
0.8045, 3431
0.8048, 3430
0.8051, 3429
0.8055, 3428
0.8058, 3427
0.8061, 3426
0.8064, 3425
0.8067, 3424
0.8070, 3423
0.8073, 3422
0.8076, 3421
0.8079, 3420
0.8082, 3419
0.8085, 3418
0.8088, 3417
0.8092, 3416
0.8095, 3415
0.8098, 3414
0.8101, 3413
0.8104, 3412
0.8107, 3411
0.8110, 3410
0.8113, 3409
0.8116, 3408
0.8119, 3407
0.8122, 3406
0.8125, 3405
0.8128, 3404
0.8131, 3403
0.8134, 3402
0.8136, 3401
0.8139, 3400
0.8142, 3399
0.8145, 3398
0.8148, 3397
0.8151, 3396
0.8154, 3395
0.8157, 3394
0.8160, 3393
0.8163, 3392
0.8167, 3391
0.8170, 3390
0.8173, 3389
0.8176, 3388
0.8179, 3387
0.8182, 3386
0.8186, 3385
0.8189, 3384
0.8192, 3383
0.8195, 3382
0.8198, 3381
0.8201, 3380
0.8205, 3379
0.8208, 3378
0.8211, 3377
0.8214, 3376
0.8217, 3375
0.8220, 3374
0.8224, 3373
0.8227, 3372
0.8231, 3371
0.8234, 3370
0.8237, 3369
0.8240, 3368
0.8243, 3367
0.8246, 3366
0.8249, 3365
0.8252, 3364
0.8256, 3363
0.8259, 3362
0.8262, 3361
0.8265, 3360
0.8268, 3359
0.8271, 3358
0.8274, 3357
0.8277, 3356
0.8280, 3355
0.8283, 3354
0.8286, 3353
0.8289, 3352
0.8292, 3351
0.8295, 3350
0.8298, 3349
0.8301, 3348
0.8304, 3347
0.8307, 3346
0.8310, 3345
0.8313, 3344
0.8317, 3343
0.8320, 3342
0.8323, 3341
0.8326, 3340
0.8329, 3339
0.8332, 3338
0.8336, 3337
0.8339, 3336
0.8342, 3335
0.8345, 3334
0.8348, 3333
0.8351, 3332
0.8354, 3331
0.8357, 3330
0.8360, 3329
0.8364, 3328
0.8367, 3327
0.8370, 3326
0.8372, 3325
0.8375, 3324
0.8379, 3323
0.8382, 3322
0.8385, 3321
0.8388, 3320
0.8391, 3319
0.8395, 3318
0.8398, 3317
0.8401, 3316
0.8404, 3315
0.8407, 3314
0.8411, 3313
0.8414, 3312
0.8417, 3311
0.8420, 3310
0.8423, 3309
0.8427, 3308
0.8430, 3307
0.8433, 3306
0.8436, 3305
0.8439, 3304
0.8442, 3303
0.8445, 3302
0.8449, 3301
0.8452, 3300
0.8456, 3299
0.8459, 3298
0.8462, 3297
0.8465, 3296
0.8468, 3295
0.8471, 3294
0.8474, 3293
0.8478, 3292
0.8480, 3291
0.8483, 3290
0.8486, 3289
0.8490, 3288
0.8493, 3287
0.8497, 3286
0.8500, 3285
0.8503, 3284
0.8505, 3283
0.8508, 3282
0.8511, 3281
0.8515, 3280
0.8517, 3279
0.8520, 3278
0.8524, 3277
0.8527, 3276
0.8530, 3275
0.8533, 3274
0.8536, 3273
0.8540, 3272
0.8543, 3271
0.8546, 3270
0.8549, 3269
0.8552, 3268
0.8555, 3267
0.8559, 3266
0.8563, 3265
0.8566, 3264
0.8569, 3263
0.8572, 3262
0.8575, 3261
0.8578, 3260
0.8581, 3259
0.8584, 3258
0.8588, 3257
0.8590, 3256
0.8594, 3255
0.8596, 3254
0.8600, 3253
0.8603, 3252
0.8606, 3251
0.8609, 3250
0.8613, 3249
0.8616, 3248
0.8619, 3247
0.8622, 3246
0.8625, 3245
0.8628, 3244
0.8631, 3243
0.8634, 3242
0.8637, 3241
0.8640, 3240
0.8643, 3239
0.8647, 3238
0.8650, 3237
0.8653, 3236
0.8656, 3235
0.8659, 3234
0.8662, 3233
0.8665, 3232
0.8668, 3231
0.8671, 3230
0.8674, 3229
0.8677, 3228
0.8680, 3227
0.8683, 3226
0.8686, 3225
0.8689, 3224
0.8692, 3223
0.8695, 3222
0.8699, 3221
0.8701, 3220
0.8704, 3219
0.8707, 3218
0.8711, 3217
0.8714, 3216
0.8717, 3215
0.8720, 3214
0.8723, 3213
0.8726, 3212
0.8729, 3211
0.8732, 3210
0.8735, 3209
0.8738, 3208
0.8741, 3207
0.8744, 3206
0.8746, 3205
0.8749, 3204
0.8752, 3203
0.8755, 3202
0.8758, 3201
0.8761, 3200
0.8765, 3199
0.8769, 3198
0.8772, 3197
0.8775, 3196
0.8779, 3195
0.8782, 3194
0.8786, 3193
0.8789, 3192
0.8792, 3191
0.8796, 3190
0.8799, 3189
0.8802, 3188
0.8805, 3187
0.8808, 3186
0.8811, 3185
0.8814, 3184
0.8817, 3183
0.8821, 3182
0.8824, 3181
0.8827, 3180
0.8831, 3179
0.8834, 3178
0.8837, 3177
0.8840, 3176
0.8843, 3175
0.8847, 3174
0.8851, 3173
0.8854, 3172
0.8857, 3171
0.8860, 3170
0.8863, 3169
0.8866, 3168
0.8869, 3167
0.8872, 3166
0.8875, 3165
0.8878, 3164
0.8881, 3163
0.8884, 3162
0.8887, 3161
0.8890, 3160
0.8893, 3159
0.8896, 3158
0.8899, 3157
0.8902, 3156
0.8905, 3155
0.8908, 3154
0.8911, 3153
0.8915, 3152
0.8918, 3151
0.8921, 3150
0.8924, 3149
0.8926, 3148
0.8929, 3147
0.8932, 3146
0.8936, 3145
0.8939, 3144
0.8942, 3143
0.8945, 3142
0.8949, 3141
0.8952, 3140
0.8956, 3139
0.8959, 3138
0.8963, 3137
0.8966, 3136
0.8968, 3135
0.8972, 3134
0.8975, 3133
0.8978, 3132
0.8981, 3131
0.8984, 3130
0.8987, 3129
0.8991, 3128
0.8994, 3127
0.8997, 3126
0.9000, 3125
0.9003, 3124
0.9006, 3123
0.9009, 3122
0.9012, 3121
0.9015, 3120
0.9017, 3119
0.9021, 3118
0.9023, 3117
0.9026, 3116
0.9029, 3115
0.9032, 3114
0.9035, 3113
0.9038, 3112
0.9041, 3111
0.9044, 3110
0.9047, 3109
0.9050, 3108
0.9053, 3107
0.9056, 3106
0.9059, 3105
0.9062, 3104
0.9065, 3103
0.9068, 3102
0.9071, 3101
0.9074, 3100
0.9077, 3099
0.9080, 3098
0.9083, 3097
0.9086, 3096
0.9089, 3095
0.9092, 3094
0.9095, 3093
0.9098, 3092
0.9101, 3091
0.9104, 3090
0.9107, 3089
0.9110, 3088
0.9112, 3087
0.9115, 3086
0.9118, 3085
0.9121, 3084
0.9124, 3083
0.9127, 3082
0.9130, 3081
0.9133, 3080
0.9135, 3079
0.9139, 3078
0.9142, 3077
0.9145, 3076
0.9148, 3075
0.9150, 3074
0.9153, 3073
0.9156, 3072
0.9159, 3071
0.9161, 3070
0.9164, 3069
0.9167, 3068
0.9170, 3067
0.9173, 3066
0.9176, 3065
0.9178, 3064
0.9181, 3063
0.9184, 3062
0.9187, 3061
0.9189, 3060
0.9192, 3059
0.9195, 3058
0.9197, 3057
0.9200, 3056
0.9203, 3055
0.9206, 3054
0.9209, 3053
0.9212, 3052
0.9214, 3051
0.9217, 3050
0.9220, 3049
0.9223, 3048
0.9226, 3047
0.9229, 3046
0.9232, 3045
0.9235, 3044
0.9238, 3043
0.9240, 3042
0.9243, 3041
0.9246, 3040
0.9249, 3039
0.9252, 3038
0.9254, 3037
0.9257, 3036
0.9260, 3035
0.9262, 3034
0.9265, 3033
0.9268, 3032
0.9271, 3031
0.9275, 3030
0.9278, 3029
0.9281, 3028
0.9284, 3027
0.9286, 3026
0.9289, 3025
0.9292, 3024
0.9295, 3023
0.9298, 3022
0.9301, 3021
0.9304, 3020
0.9306, 3019
0.9310, 3018
0.9312, 3017
0.9316, 3016
0.9319, 3015
0.9322, 3014
0.9324, 3013
0.9327, 3012
0.9330, 3011
0.9333, 3010
0.9336, 3009
0.9339, 3008
0.9342, 3007
0.9344, 3006
0.9347, 3005
0.9350, 3004
0.9353, 3003
0.9356, 3002
0.9359, 3001
0.9361, 3000
0.9364, 2999
0.9367, 2998
0.9370, 2997
0.9372, 2996
0.9375, 2995
0.9378, 2994
0.9381, 2993
0.9384, 2992
0.9387, 2991
0.9389, 2990
0.9392, 2989
0.9395, 2988
0.9398, 2987
0.9401, 2986
0.9403, 2985
0.9406, 2984
0.9409, 2983
0.9412, 2982
0.9415, 2981
0.9418, 2980
0.9421, 2979
0.9424, 2978
0.9426, 2977
0.9429, 2976
0.9432, 2975
0.9435, 2974
0.9438, 2973
0.9441, 2972
0.9444, 2971
0.9447, 2970
0.9450, 2969
0.9453, 2968
0.9456, 2967
0.9459, 2966
0.9462, 2965
0.9465, 2964
0.9468, 2963
0.9470, 2962
0.9473, 2961
0.9476, 2960
0.9479, 2959
0.9483, 2958
0.9487, 2957
0.9490, 2956
0.9493, 2955
0.9496, 2954
0.9499, 2953
0.9502, 2952
0.9505, 2951
0.9508, 2950
0.9510, 2949
0.9513, 2948
0.9516, 2947
0.9519, 2946
0.9521, 2945
0.9524, 2944
0.9527, 2943
0.9530, 2942
0.9532, 2941
0.9535, 2940
0.9538, 2939
0.9541, 2938
0.9544, 2937
0.9547, 2936
0.9550, 2935
0.9552, 2934
0.9555, 2933
0.9558, 2932
0.9561, 2931
0.9564, 2930
0.9567, 2929
0.9570, 2928
0.9573, 2927
0.9576, 2926
0.9579, 2925
0.9583, 2924
0.9585, 2923
0.9588, 2922
0.9591, 2921
0.9594, 2920
0.9597, 2919
0.9600, 2918
0.9603, 2917
0.9606, 2916
0.9609, 2915
0.9613, 2914
0.9616, 2913
0.9619, 2912
0.9621, 2911
0.9625, 2910
0.9627, 2909
0.9631, 2908
0.9634, 2907
0.9637, 2906
0.9640, 2905
0.9642, 2904
0.9645, 2903
0.9648, 2902
0.9651, 2901
0.9654, 2900
0.9657, 2899
0.9659, 2898
0.9663, 2897
0.9666, 2896
0.9669, 2895
0.9672, 2894
0.9675, 2893
0.9678, 2892
0.9681, 2891
0.9684, 2890
0.9687, 2889
0.9690, 2888
0.9693, 2887
0.9696, 2886
0.9699, 2885
0.9702, 2884
0.9705, 2883
0.9708, 2882
0.9711, 2881
0.9714, 2880
0.9717, 2879
0.9720, 2878
0.9723, 2877
0.9726, 2876
0.9729, 2875
0.9731, 2874
0.9735, 2873
0.9738, 2872
0.9740, 2871
0.9743, 2870
0.9746, 2869
0.9749, 2868
0.9752, 2867
0.9755, 2866
0.9758, 2865
0.9761, 2864
0.9764, 2863
0.9766, 2862
0.9769, 2861
0.9772, 2860
0.9775, 2859
0.9777, 2858
0.9780, 2857
0.9783, 2856
0.9786, 2855
0.9788, 2854
0.9791, 2853
0.9793, 2852
0.9796, 2851
0.9799, 2850
0.9801, 2849
0.9804, 2848
0.9807, 2847
0.9809, 2846
0.9812, 2845
0.9815, 2844
0.9818, 2843
0.9820, 2842
0.9823, 2841
0.9826, 2840
0.9828, 2839
0.9831, 2838
0.9834, 2837
0.9836, 2836
0.9839, 2835
0.9842, 2834
0.9845, 2833
0.9847, 2832
0.9850, 2831
0.9853, 2830
0.9856, 2829
0.9858, 2828
0.9861, 2827
0.9864, 2826
0.9866, 2825
0.9869, 2824
0.9872, 2823
0.9874, 2822
0.9877, 2821
0.9880, 2820
0.9883, 2819
0.9885, 2818
0.9888, 2817
0.9891, 2816
0.9893, 2815
0.9896, 2814
0.9898, 2813
0.9901, 2812
0.9904, 2811
0.9906, 2810
0.9909, 2809
0.9912, 2808
0.9915, 2807
0.9917, 2806
0.9920, 2805
0.9923, 2804
0.9925, 2803
0.9928, 2802
0.9931, 2801
0.9933, 2800
0.9936, 2799
0.9939, 2798
0.9942, 2797
0.9944, 2796
0.9947, 2795
0.9950, 2794
0.9953, 2793
0.9955, 2792
0.9958, 2791
0.9961, 2790
0.9964, 2789
0.9967, 2788
0.9969, 2787
0.9972, 2786
0.9974, 2785
0.9977, 2784
0.9980, 2783
0.9982, 2782
0.9985, 2781
0.9988, 2780
0.9990, 2779
0.9993, 2778
0.9996, 2777
0.9998, 2776
1.0001, 2775
1.0004, 2774
1.0006, 2773
1.0009, 2772
1.0012, 2771
1.0015, 2770
1.0018, 2769
1.0021, 2768
1.0023, 2767
1.0026, 2766
1.0029, 2765
1.0032, 2764
1.0034, 2763
1.0037, 2762
1.0040, 2761
1.0043, 2760
1.0045, 2759
1.0048, 2758
1.0051, 2757
1.0054, 2756
1.0056, 2755
1.0059, 2754
1.0062, 2753
1.0065, 2752
1.0068, 2751
1.0071, 2750
1.0074, 2749
1.0077, 2748
1.0079, 2747
1.0082, 2746
1.0085, 2745
1.0087, 2744
1.0090, 2743
1.0093, 2742
1.0096, 2741
1.0100, 2740
1.0102, 2739
1.0105, 2738
1.0108, 2737
1.0111, 2736
1.0113, 2735
1.0116, 2734
1.0119, 2733
1.0122, 2732
1.0125, 2731
1.0127, 2730
1.0130, 2729
1.0133, 2728
1.0136, 2727
1.0139, 2726
1.0141, 2725
1.0144, 2724
1.0147, 2723
1.0149, 2722
1.0152, 2721
1.0155, 2720
1.0157, 2719
1.0160, 2718
1.0163, 2717
1.0166, 2716
1.0168, 2715
1.0171, 2714
1.0174, 2713
1.0177, 2712
1.0179, 2711
1.0182, 2710
1.0185, 2709
1.0187, 2708
1.0190, 2707
1.0193, 2706
1.0195, 2705
1.0198, 2704
1.0201, 2703
1.0203, 2702
1.0206, 2701
1.0208, 2700
1.0211, 2699
1.0214, 2698
1.0216, 2697
1.0219, 2696
1.0222, 2695
1.0224, 2694
1.0227, 2693
1.0230, 2692
1.0232, 2691
1.0235, 2690
1.0238, 2689
1.0240, 2688
1.0243, 2687
1.0246, 2686
1.0248, 2685
1.0251, 2684
1.0254, 2683
1.0256, 2682
1.0259, 2681
1.0261, 2680
1.0264, 2679
1.0267, 2678
1.0269, 2677
1.0272, 2676
1.0274, 2675
1.0277, 2674
1.0280, 2673
1.0283, 2672
1.0285, 2671
1.0288, 2670
1.0291, 2669
1.0294, 2668
1.0296, 2667
1.0299, 2666
1.0301, 2665
1.0304, 2664
1.0306, 2663
1.0309, 2662
1.0311, 2661
1.0314, 2660
1.0317, 2659
1.0319, 2658
1.0322, 2657
1.0325, 2656
1.0327, 2655
1.0330, 2654
1.0332, 2653
1.0335, 2652
1.0337, 2651
1.0340, 2650
1.0343, 2649
1.0345, 2648
1.0348, 2647
1.0350, 2646
1.0353, 2645
1.0356, 2644
1.0358, 2643
1.0361, 2642
1.0363, 2641
1.0366, 2640
1.0368, 2639
1.0371, 2638
1.0374, 2637
1.0376, 2636
1.0379, 2635
1.0381, 2634
1.0384, 2633
1.0387, 2632
1.0389, 2631
1.0392, 2630
1.0395, 2629
1.0398, 2628
1.0400, 2627
1.0403, 2626
1.0406, 2625
1.0409, 2624
1.0412, 2623
1.0414, 2622
1.0417, 2621
1.0420, 2620
1.0422, 2619
1.0425, 2618
1.0428, 2617
1.0431, 2616
1.0433, 2615
1.0436, 2614
1.0439, 2613
1.0441, 2612
1.0444, 2611
1.0446, 2610
1.0448, 2609
1.0451, 2608
1.0453, 2607
1.0456, 2606
1.0459, 2605
1.0462, 2604
1.0464, 2603
1.0467, 2602
1.0469, 2601
1.0472, 2600
1.0474, 2599
1.0477, 2598
1.0479, 2597
1.0482, 2596
1.0484, 2595
1.0487, 2594
1.0490, 2593
1.0492, 2592
1.0495, 2591
1.0497, 2590
1.0500, 2589
1.0502, 2588
1.0505, 2587
1.0507, 2586
1.0510, 2585
1.0512, 2584
1.0515, 2583
1.0518, 2582
1.0520, 2581
1.0523, 2580
1.0525, 2579
1.0528, 2578
1.0530, 2577
1.0533, 2576
1.0536, 2575
1.0538, 2574
1.0541, 2573
1.0543, 2572
1.0546, 2571
1.0548, 2570
1.0551, 2569
1.0617, 2568
1.0722, 2567
1.0807, 2566
1.0809, 2565
1.0912, 2564
1.0914, 2563
1.0956, 2562
1.0999, 2561
1.1084, 2560
1.1167, 2559
1.1271, 2558
1.1540, 2557
1.1626, 2556
1.1753, 2555
1.1816, 2554
1.1819, 2553
1.1862, 2552
1.1987, 2551
1.2031, 2550
1.2178, 2549
1.2261, 2548
1.2291, 2547
1.2318, 2546
1.2321, 2545
1.2324, 2544
1.2375, 2543
1.2441, 2542
1.2444, 2541
1.2622, 2540
1.2709, 2539
1.2803, 2538
1.2806, 2537
1.2873, 2536
1.2918, 2535
1.2921, 2534
1.2987, 2533
1.3032, 2532
1.3242, 2531
1.3456, 2530
1.3458, 2529
1.3481, 2528
1.3483, 2527
1.3569, 2526
1.3612, 2525
1.3698, 2524
1.3700, 2523
1.3723, 2522
1.3747, 2521
1.3812, 2520
1.3814, 2519
1.3857, 2518
1.3920, 2517
1.3923, 2516
1.3925, 2515
1.4656, 2514
1.4807, 2513
1.4809, 2512
1.4930, 2511
1.5229, 2510
1.5293, 2509
1.5503, 2508
1.5506, 2507
1.5591, 2506
1.5801, 2505
1.5803, 2504
1.6033, 2503
1.6179, 2502
1.6263, 2501
1.6329, 2500
1.6331, 2499
1.6396, 2498
1.6399, 2497
1.6524, 2496
1.6587, 2495
1.6630, 2494
1.6694, 2493
1.6737, 2492
1.6739, 2491
1.6742, 2490
1.6744, 2489
1.6746, 2488
1.6810, 2487
1.6812, 2486
1.6835, 2485
1.6961, 2484
1.6963, 2483
1.6987, 2482
1.7195, 2481
1.7197, 2480
1.7323, 2479
1.7367, 2478
1.7411, 2477
1.7475, 2476
1.7518, 2475
1.7520, 2474
1.7522, 2473
1.7525, 2472
1.7714, 2471
1.7860, 2470
1.7862, 2469
1.7864, 2468
1.7887, 2467
1.7889, 2466
1.8036, 2465
1.8162, 2464
1.8308, 2463
1.8454, 2462
1.8456, 2461
1.8562, 2460
1.8564, 2459
1.8566, 2458
1.8632, 2457
1.8678, 2456
1.8681, 2455
1.8864, 2454
1.9012, 2453
1.9098, 2452
1.9121, 2451
1.9227, 2450
1.9395, 2449
1.9583, 2448
1.9627, 2447
1.9754, 2446
1.9797, 2445
2.0051, 2444
2.0266, 2443
2.0353, 2442
2.0376, 2441
2.0606, 2440
2.0670, 2439
2.0735, 2438
2.0883, 2437
2.1112, 2436
2.1197, 2435
2.1344, 2434
2.1429, 2433
2.1431, 2432
2.1785, 2431
2.1849, 2430
2.2130, 2429
2.2133, 2428
2.2203, 2427
2.2412, 2426
2.2571, 2425
2.2573, 2424
2.2723, 2423
2.2831, 2422
2.2960, 2421
2.3049, 2420
2.3197, 2419
2.3302, 2418
2.3448, 2417
2.3533, 2416
2.3658, 2415
2.3681, 2414
2.3683, 2413
2.3706, 2412
2.3708, 2411
2.3856, 2410
2.3858, 2409
2.3860, 2408
2.3904, 2407
2.3906, 2406
2.3908, 2405
2.4115, 2404
2.4262, 2403
2.4305, 2402
2.4307, 2401
2.4330, 2400
2.4333, 2399
2.4396, 2398
2.4461, 2397
2.4463, 2396
2.4528, 2395
2.4530, 2394
2.4616, 2393
2.4824, 2392
2.4867, 2391
2.4870, 2390
2.4872, 2389
2.4874, 2388
2.4876, 2387
2.4878, 2386
2.4942, 2385
2.4944, 2384
2.5009, 2383
2.5011, 2382
2.5013, 2381
2.5057, 2380
2.5059, 2379
2.5165, 2378
2.5167, 2377
2.5190, 2376
2.5233, 2375
2.5236, 2374
2.5238, 2373
2.5407, 2372
2.5409, 2371
2.5500, 2370
2.5544, 2369
2.5546, 2368
2.5548, 2367
2.5635, 2366
2.5637, 2365
2.5640, 2364
2.5642, 2363
2.5644, 2362
2.5646, 2361
2.5856, 2360
2.5859, 2359
2.5922, 2358
2.5924, 2357
2.5989, 2356
2.6012, 2355
2.6014, 2354
2.6017, 2353
2.6019, 2352
2.6064, 2351
2.6209, 2350
2.6273, 2349
2.6400, 2348
2.6402, 2347
2.6425, 2346
2.6591, 2345
2.6593, 2344
2.6637, 2343
2.6701, 2342
2.6703, 2341
2.6705, 2340
2.6769, 2339
2.6935, 2338
2.6958, 2337
2.6960, 2336
2.7169, 2335
2.7171, 2334
2.7173, 2333
2.7216, 2332
2.7383, 2331
2.7673, 2330
2.7675, 2329
2.7677, 2328
2.7720, 2327
2.7722, 2326
2.7848, 2325
2.7850, 2324
2.9464, 2323
2.9487, 2322
2.9510, 2321
2.9553, 2320
2.9555, 2319
2.9577, 2318
2.9621, 2317
2.9623, 2316
2.9667, 2315
2.9815, 2314
2.9858, 2313
2.9942, 2312
2.9966, 2311
2.9968, 2310
3.0011, 2309
3.0013, 2308
3.0162, 2307
3.0164, 2306
3.0248, 2305
3.0250, 2304
3.0273, 2303
3.0358, 2302
3.0422, 2301
3.0425, 2300
3.0488, 2299
3.0490, 2298
3.0534, 2297
3.0536, 2296
3.0620, 2295
3.0663, 2294
3.0789, 2293
3.0873, 2292
3.0957, 2291
3.0959, 2290
3.1023, 2289
3.1066, 2288
3.1089, 2287
3.1091, 2286
3.1235, 2285
3.1380, 2284
3.1423, 2283
3.1548, 2282
3.1735, 2281
3.1778, 2280
3.1924, 2279
3.2191, 2278
3.2255, 2277
3.2257, 2276
3.2259, 2275
3.2262, 2274
3.2326, 2273
3.2328, 2272
3.2330, 2271
3.2436, 2270
3.2438, 2269
3.2440, 2268
3.2442, 2267
3.2445, 2266
3.2572, 2265
3.2677, 2264
3.2762, 2263
3.2764, 2262
3.2829, 2261
3.3117, 2260
3.3119, 2259
3.3182, 2258
3.3225, 2257
3.3227, 2256
3.3371, 2255
3.3414, 2254
3.3416, 2253
3.3418, 2252
3.3563, 2251
3.3666, 2250
3.3729, 2249
3.3772, 2248
3.3937, 2247
3.4001, 2246
3.4128, 2245
3.4192, 2244
3.4195, 2243
3.4321, 2242
3.4448, 2241
3.4491, 2240
3.4668, 2239
3.4670, 2238
3.4714, 2237
3.4777, 2236
3.4779, 2235
3.4781, 2234
3.4905, 2233
3.4967, 2232
3.5110, 2231
3.5152, 2230
3.5642, 2229
3.5725, 2228
3.6111, 2227
3.6942, 2226
3.7571, 2225
3.7676, 2224
3.7739, 2223
3.7925, 2222
3.7967, 2221
3.8030, 2220
3.8641, 2219
3.9257, 2218
3.9769, 2217
4.0017, 2216
4.0817, 2215
4.3656, 2214
