0.6509, 3931
0.6513, 3930
0.6516, 3929
0.6520, 3928
0.6524, 3927
0.6527, 3926
0.6531, 3925
0.6534, 3924
0.6537, 3923
0.6541, 3922
0.6544, 3921
0.6547, 3920
0.6551, 3919
0.6554, 3918
0.6558, 3917
0.6561, 3916
0.6565, 3915
0.6569, 3914
0.6572, 3913
0.6575, 3912
0.6579, 3911
0.6582, 3910
0.6586, 3909
0.6589, 3908
0.6593, 3907
0.6596, 3906
0.6600, 3905
0.6603, 3904
0.6606, 3903
0.6610, 3902
0.6613, 3901
0.6616, 3900
0.6620, 3899
0.6623, 3898
0.6626, 3897
0.6630, 3896
0.6633, 3895
0.6637, 3894
0.6640, 3893
0.6643, 3892
0.6647, 3891
0.6650, 3890
0.6653, 3889
0.6657, 3888
0.6660, 3887
0.6663, 3886
0.6667, 3885
0.6670, 3884
0.6674, 3883
0.6677, 3882
0.6680, 3881
0.6684, 3880
0.6687, 3879
0.6691, 3878
0.6694, 3877
0.6697, 3876
0.6701, 3875
0.6704, 3874
0.6707, 3873
0.6711, 3872
0.6714, 3871
0.6718, 3870
0.6721, 3869
0.6725, 3868
0.6728, 3867
0.6732, 3866
0.6736, 3865
0.6739, 3864
0.6743, 3863
0.6746, 3862
0.6750, 3861
0.6754, 3860
0.6757, 3859
0.6761, 3858
0.6765, 3857
0.6768, 3856
0.6771, 3855
0.6774, 3854
0.6778, 3853
0.6781, 3852
0.6784, 3851
0.6788, 3850
0.6791, 3849
0.6794, 3848
0.6798, 3847
0.6801, 3846
0.6805, 3845
0.6808, 3844
0.6811, 3843
0.6815, 3842
0.6818, 3841
0.6822, 3840
0.6825, 3839
0.6828, 3838
0.6832, 3837
0.6835, 3836
0.6839, 3835
0.6842, 3834
0.6845, 3833
0.6849, 3832
0.6852, 3831
0.6856, 3830
0.6859, 3829
0.6862, 3828
0.6866, 3827
0.6869, 3826
0.6873, 3825
0.6876, 3824
0.6879, 3823
0.6883, 3822
0.6886, 3821
0.6889, 3820
0.6893, 3819
0.6896, 3818
0.6900, 3817
0.6904, 3816
0.6907, 3815
0.6911, 3814
0.6914, 3813
0.6918, 3812
0.6921, 3811
0.6924, 3810
0.6928, 3809
0.6931, 3808
0.6934, 3807
0.6938, 3806
0.6941, 3805
0.6945, 3804
0.6948, 3803
0.6951, 3802
0.6955, 3801
0.6959, 3800
0.6962, 3799
0.6965, 3798
0.6969, 3797
0.6972, 3796
0.6975, 3795
0.6979, 3794
0.6982, 3793
0.6985, 3792
0.6989, 3791
0.6992, 3790
0.6995, 3789
0.6998, 3788
0.7002, 3787
0.7005, 3786
0.7009, 3785
0.7012, 3784
0.7015, 3783
0.7019, 3782
0.7022, 3781
0.7026, 3780
0.7029, 3779
0.7032, 3778
0.7036, 3777
0.7039, 3776
0.7043, 3775
0.7046, 3774
0.7049, 3773
0.7053, 3772
0.7056, 3771
0.7059, 3770
0.7063, 3769
0.7066, 3768
0.7069, 3767
0.7073, 3766
0.7076, 3765
0.7080, 3764
0.7083, 3763
0.7086, 3762
0.7089, 3761
0.7093, 3760
0.7096, 3759
0.7099, 3758
0.7103, 3757
0.7106, 3756
0.7109, 3755
0.7113, 3754
0.7116, 3753
0.7120, 3752
0.7123, 3751
0.7126, 3750
0.7130, 3749
0.7133, 3748
0.7137, 3747
0.7140, 3746
0.7143, 3745
0.7147, 3744
0.7150, 3743
0.7153, 3742
0.7157, 3741
0.7160, 3740
0.7163, 3739
0.7167, 3738
0.7170, 3737
0.7173, 3736
0.7176, 3735
0.7180, 3734
0.7183, 3733
0.7186, 3732
0.7189, 3731
0.7192, 3730
0.7196, 3729
0.7199, 3728
0.7202, 3727
0.7205, 3726
0.7209, 3725
0.7212, 3724
0.7216, 3723
0.7219, 3722
0.7222, 3721
0.7226, 3720
0.7229, 3719
0.7232, 3718
0.7236, 3717
0.7239, 3716
0.7242, 3715
0.7245, 3714
0.7249, 3713
0.7252, 3712
0.7255, 3711
0.7259, 3710
0.7262, 3709
0.7265, 3708
0.7269, 3707
0.7272, 3706
0.7275, 3705
0.7278, 3704
0.7282, 3703
0.7285, 3702
0.7288, 3701
0.7291, 3700
0.7295, 3699
0.7298, 3698
0.7301, 3697
0.7304, 3696
0.7308, 3695
0.7311, 3694
0.7314, 3693
0.7317, 3692
0.7321, 3691
0.7324, 3690
0.7327, 3689
0.7330, 3688
0.7334, 3687
0.7337, 3686
0.7340, 3685
0.7344, 3684
0.7347, 3683
0.7350, 3682
0.7353, 3681
0.7357, 3680
0.7360, 3679
0.7363, 3678
0.7367, 3677
0.7370, 3676
0.7373, 3675
0.7376, 3674
0.7380, 3673
0.7383, 3672
0.7386, 3671
0.7390, 3670
0.7393, 3669
0.7396, 3668
0.7400, 3667
0.7403, 3666
0.7406, 3665
0.7409, 3664
0.7413, 3663
0.7416, 3662
0.7419, 3661
0.7422, 3660
0.7426, 3659
0.7429, 3658
0.7432, 3657
0.7436, 3656
0.7439, 3655
0.7442, 3654
0.7445, 3653
0.7449, 3652
0.7452, 3651
0.7455, 3650
0.7458, 3649
0.7462, 3648
0.7465, 3647
0.7468, 3646
0.7472, 3645
0.7475, 3644
0.7478, 3643
0.7481, 3642
0.7485, 3641
0.7488, 3640
0.7491, 3639
0.7494, 3638
0.7498, 3637
0.7501, 3636
0.7504, 3635
0.7508, 3634
0.7511, 3633
0.7514, 3632
0.7517, 3631
0.7520, 3630
0.7524, 3629
0.7527, 3628
0.7530, 3627
0.7533, 3626
0.7537, 3625
0.7540, 3624
0.7543, 3623
0.7547, 3622
0.7550, 3621
0.7553, 3620
0.7556, 3619
0.7559, 3618
0.7562, 3617
0.7566, 3616
0.7569, 3615
0.7572, 3614
0.7575, 3613
0.7579, 3612
0.7582, 3611
0.7585, 3610
0.7588, 3609
0.7591, 3608
0.7595, 3607
0.7598, 3606
0.7601, 3605
0.7604, 3604
0.7608, 3603
0.7611, 3602
0.7614, 3601
0.7617, 3600
0.7620, 3599
0.7624, 3598
0.7627, 3597
0.7630, 3596
0.7633, 3595
0.7637, 3594
0.7640, 3593
0.7643, 3592
0.7646, 3591
0.7649, 3590
0.7653, 3589
0.7656, 3588
0.7659, 3587
0.7662, 3586
0.7666, 3585
0.7669, 3584
0.7672, 3583
0.7675, 3582
0.7678, 3581
0.7681, 3580
0.7685, 3579
0.7688, 3578
0.7691, 3577
0.7694, 3576
0.7698, 3575
0.7701, 3574
0.7704, 3573
0.7707, 3572
0.7711, 3571
0.7714, 3570
0.7717, 3569
0.7720, 3568
0.7723, 3567
0.7727, 3566
0.7730, 3565
0.7733, 3564
0.7736, 3563
0.7739, 3562
0.7742, 3561
0.7746, 3560
0.7749, 3559
0.7752, 3558
0.7755, 3557
0.7758, 3556
0.7762, 3555
0.7765, 3554
0.7768, 3553
0.7772, 3552
0.7775, 3551
0.7778, 3550
0.7782, 3549
0.7785, 3548
0.7788, 3547
0.7791, 3546
0.7795, 3545
0.7798, 3544
0.7801, 3543
0.7804, 3542
0.7807, 3541
0.7811, 3540
0.7814, 3539
0.7817, 3538
0.7820, 3537
0.7823, 3536
0.7827, 3535
0.7830, 3534
0.7833, 3533
0.7836, 3532
0.7839, 3531
0.7843, 3530
0.7846, 3529
0.7849, 3528
0.7852, 3527
0.7855, 3526
0.7859, 3525
0.7862, 3524
0.7865, 3523
0.7868, 3522
0.7871, 3521
0.7874, 3520
0.7878, 3519
0.7881, 3518
0.7885, 3517
0.7888, 3516
0.7891, 3515
0.7894, 3514
0.7897, 3513
0.7901, 3512
0.7904, 3511
0.7907, 3510
0.7910, 3509
0.7913, 3508
0.7916, 3507
0.7919, 3506
0.7923, 3505
0.7926, 3504
0.7929, 3503
0.7932, 3502
0.7935, 3501
0.7939, 3500
0.7942, 3499
0.7945, 3498
0.7948, 3497
0.7951, 3496
0.7955, 3495
0.7958, 3494
0.7961, 3493
0.7964, 3492
0.7968, 3491
0.7971, 3490
0.7974, 3489
0.7977, 3488
0.7980, 3487
0.7983, 3486
0.7987, 3485
0.7990, 3484
0.7993, 3483
0.7996, 3482
0.7999, 3481
0.8002, 3480
0.8005, 3479
0.8009, 3478
0.8012, 3477
0.8015, 3476
0.8018, 3475
0.8021, 3474
0.8024, 3473
0.8027, 3472
0.8031, 3471
0.8034, 3470
0.8037, 3469
0.8040, 3468
0.8043, 3467
0.8046, 3466
0.8050, 3465
0.8053, 3464
0.8056, 3463
0.8059, 3462
0.8062, 3461
0.8065, 3460
0.8068, 3459
0.8072, 3458
0.8075, 3457
0.8078, 3456
0.8081, 3455
0.8084, 3454
0.8087, 3453
0.8090, 3452
0.8093, 3451
0.8096, 3450
0.8099, 3449
0.8103, 3448
0.8106, 3447
0.8109, 3446
0.8112, 3445
0.8115, 3444
0.8118, 3443
0.8121, 3442
0.8124, 3441
0.8128, 3440
0.8131, 3439
0.8134, 3438
0.8137, 3437
0.8140, 3436
0.8143, 3435
0.8146, 3434
0.8149, 3433
0.8152, 3432
0.8155, 3431
0.8158, 3430
0.8162, 3429
0.8165, 3428
0.8168, 3427
0.8171, 3426
0.8174, 3425
0.8177, 3424
0.8180, 3423
0.8183, 3422
0.8187, 3421
0.8190, 3420
0.8193, 3419
0.8196, 3418
0.8199, 3417
0.8202, 3416
0.8205, 3415
0.8208, 3414
0.8211, 3413
0.8214, 3412
0.8217, 3411
0.8220, 3410
0.8223, 3409
0.8226, 3408
0.8229, 3407
0.8232, 3406
0.8235, 3405
0.8238, 3404
0.8241, 3403
0.8244, 3402
0.8247, 3401
0.8250, 3400
0.8254, 3399
0.8257, 3398
0.8260, 3397
0.8263, 3396
0.8266, 3395
0.8269, 3394
0.8273, 3393
0.8276, 3392
0.8279, 3391
0.8282, 3390
0.8285, 3389
0.8288, 3388
0.8292, 3387
0.8295, 3386
0.8298, 3385
0.8301, 3384
0.8304, 3383
0.8307, 3382
0.8311, 3381
0.8314, 3380
0.8317, 3379
0.8320, 3378
0.8323, 3377
0.8326, 3376
0.8330, 3375
0.8333, 3374
0.8336, 3373
0.8339, 3372
0.8343, 3371
0.8346, 3370
0.8350, 3369
0.8353, 3368
0.8356, 3367
0.8359, 3366
0.8362, 3365
0.8365, 3364
0.8368, 3363
0.8372, 3362
0.8375, 3361
0.8378, 3360
0.8381, 3359
0.8385, 3358
0.8388, 3357
0.8391, 3356
0.8394, 3355
0.8397, 3354
0.8400, 3353
0.8403, 3352
0.8407, 3351
0.8410, 3350
0.8413, 3349
0.8416, 3348
0.8419, 3347
0.8422, 3346
0.8425, 3345
0.8428, 3344
0.8431, 3343
0.8434, 3342
0.8437, 3341
0.8440, 3340
0.8443, 3339
0.8446, 3338
0.8449, 3337
0.8452, 3336
0.8455, 3335
0.8458, 3334
0.8461, 3333
0.8464, 3332
0.8467, 3331
0.8471, 3330
0.8474, 3329
0.8477, 3328
0.8480, 3327
0.8483, 3326
0.8486, 3325
0.8489, 3324
0.8492, 3323
0.8495, 3322
0.8498, 3321
0.8501, 3320
0.8505, 3319
0.8509, 3318
0.8512, 3317
0.8515, 3316
0.8518, 3315
0.8521, 3314
0.8524, 3313
0.8527, 3312
0.8530, 3311
0.8534, 3310
0.8537, 3309
0.8540, 3308
0.8543, 3307
0.8547, 3306
0.8550, 3305
0.8553, 3304
0.8556, 3303
0.8559, 3302
0.8562, 3301
0.8566, 3300
0.8569, 3299
0.8572, 3298
0.8575, 3297
0.8579, 3296
0.8582, 3295
0.8585, 3294
0.8588, 3293
0.8591, 3292
0.8594, 3291
0.8598, 3290
0.8601, 3289
0.8604, 3288
0.8607, 3287
0.8610, 3286
0.8614, 3285
0.8617, 3284
0.8620, 3283
0.8624, 3282
0.8627, 3281
0.8630, 3280
0.8633, 3279
0.8636, 3278
0.8639, 3277
0.8643, 3276
0.8646, 3275
0.8650, 3274
0.8653, 3273
0.8656, 3272
0.8659, 3271
0.8662, 3270
0.8665, 3269
0.8668, 3268
0.8672, 3267
0.8675, 3266
0.8678, 3265
0.8681, 3264
0.8684, 3263
0.8687, 3262
0.8690, 3261
0.8693, 3260
0.8696, 3259
0.8699, 3258
0.8702, 3257
0.8705, 3256
0.8709, 3255
0.8712, 3254
0.8715, 3253
0.8718, 3252
0.8721, 3251
0.8724, 3250
0.8727, 3249
0.8730, 3248
0.8733, 3247
0.8737, 3246
0.8740, 3245
0.8743, 3244
0.8746, 3243
0.8749, 3242
0.8752, 3241
0.8755, 3240
0.8758, 3239
0.8762, 3238
0.8765, 3237
0.8768, 3236
0.8771, 3235
0.8774, 3234
0.8777, 3233
0.8781, 3232
0.8783, 3231
0.8786, 3230
0.8789, 3229
0.8793, 3228
0.8796, 3227
0.8799, 3226
0.8803, 3225
0.8806, 3224
0.8808, 3223
0.8811, 3222
0.8815, 3221
0.8818, 3220
0.8821, 3219
0.8824, 3218
0.8826, 3217
0.8829, 3216
0.8832, 3215
0.8835, 3214
0.8838, 3213
0.8841, 3212
0.8845, 3211
0.8848, 3210
0.8852, 3209
0.8855, 3208
0.8859, 3207
0.8862, 3206
0.8865, 3205
0.8868, 3204
0.8871, 3203
0.8874, 3202
0.8877, 3201
0.8881, 3200
0.8884, 3199
0.8887, 3198
0.8890, 3197
0.8892, 3196
0.8896, 3195
0.8899, 3194
0.8902, 3193
0.8905, 3192
0.8908, 3191
0.8911, 3190
0.8914, 3189
0.8917, 3188
0.8921, 3187
0.8924, 3186
0.8927, 3185
0.8930, 3184
0.8933, 3183
0.8936, 3182
0.8939, 3181
0.8942, 3180
0.8945, 3179
0.8948, 3178
0.8951, 3177
0.8955, 3176
0.8958, 3175
0.8961, 3174
0.8964, 3173
0.8967, 3172
0.8970, 3171
0.8973, 3170
0.8976, 3169
0.8979, 3168
0.8982, 3167
0.8985, 3166
0.8988, 3165
0.8991, 3164
0.8994, 3163
0.8997, 3162
0.9000, 3161
0.9003, 3160
0.9006, 3159
0.9009, 3158
0.9012, 3157
0.9015, 3156
0.9018, 3155
0.9021, 3154
0.9024, 3153
0.9027, 3152
0.9030, 3151
0.9033, 3150
0.9036, 3149
0.9038, 3148
0.9043, 3147
0.9045, 3146
0.9049, 3145
0.9051, 3144
0.9055, 3143
0.9058, 3142
0.9062, 3141
0.9065, 3140
0.9068, 3139
0.9071, 3138
0.9074, 3137
0.9077, 3136
0.9080, 3135
0.9083, 3134
0.9086, 3133
0.9089, 3132
0.9092, 3131
0.9095, 3130
0.9099, 3129
0.9102, 3128
0.9104, 3127
0.9107, 3126
0.9110, 3125
0.9113, 3124
0.9116, 3123
0.9119, 3122
0.9122, 3121
0.9125, 3120
0.9128, 3119
0.9131, 3118
0.9134, 3117
0.9136, 3116
0.9139, 3115
0.9142, 3114
0.9145, 3113
0.9148, 3112
0.9151, 3111
0.9153, 3110
0.9156, 3109
0.9159, 3108
0.9162, 3107
0.9165, 3106
0.9168, 3105
0.9171, 3104
0.9174, 3103
0.9177, 3102
0.9180, 3101
0.9183, 3100
0.9185, 3099
0.9188, 3098
0.9191, 3097
0.9194, 3096
0.9197, 3095
0.9200, 3094
0.9203, 3093
0.9206, 3092
0.9209, 3091
0.9211, 3090
0.9214, 3089
0.9217, 3088
0.9220, 3087
0.9223, 3086
0.9226, 3085
0.9229, 3084
0.9232, 3083
0.9235, 3082
0.9238, 3081
0.9240, 3080
0.9243, 3079
0.9247, 3078
0.9250, 3077
0.9253, 3076
0.9256, 3075
0.9259, 3074
0.9261, 3073
0.9264, 3072
0.9267, 3071
0.9270, 3070
0.9273, 3069
0.9276, 3068
0.9279, 3067
0.9282, 3066
0.9284, 3065
0.9287, 3064
0.9290, 3063
0.9293, 3062
0.9296, 3061
0.9298, 3060
0.9301, 3059
0.9304, 3058
0.9307, 3057
0.9310, 3056
0.9313, 3055
0.9316, 3054
0.9319, 3053
0.9322, 3052
0.9325, 3051
0.9328, 3050
0.9331, 3049
0.9334, 3048
0.9337, 3047
0.9340, 3046
0.9343, 3045
0.9345, 3044
0.9348, 3043
0.9351, 3042
0.9354, 3041
0.9357, 3040
0.9360, 3039
0.9362, 3038
0.9365, 3037
0.9368, 3036
0.9371, 3035
0.9373, 3034
0.9376, 3033
0.9379, 3032
0.9382, 3031
0.9385, 3030
0.9388, 3029
0.9391, 3028
0.9394, 3027
0.9397, 3026
0.9400, 3025
0.9402, 3024
0.9405, 3023
0.9408, 3022
0.9411, 3021
0.9413, 3020
0.9416, 3019
0.9419, 3018
0.9422, 3017
0.9425, 3016
0.9428, 3015
0.9431, 3014
0.9434, 3013
0.9436, 3012
0.9439, 3011
0.9442, 3010
0.9445, 3009
0.9448, 3008
0.9450, 3007
0.9453, 3006
0.9456, 3005
0.9459, 3004
0.9461, 3003
0.9464, 3002
0.9467, 3001
0.9470, 3000
0.9473, 2999
0.9475, 2998
0.9478, 2997
0.9481, 2996
0.9484, 2995
0.9486, 2994
0.9489, 2993
0.9492, 2992
0.9495, 2991
0.9497, 2990
0.9500, 2989
0.9503, 2988
0.9506, 2987
0.9509, 2986
0.9511, 2985
0.9514, 2984
0.9517, 2983
0.9520, 2982
0.9523, 2981
0.9525, 2980
0.9528, 2979
0.9531, 2978
0.9534, 2977
0.9537, 2976
0.9539, 2975
0.9542, 2974
0.9545, 2973
0.9548, 2972
0.9552, 2971
0.9555, 2970
0.9558, 2969
0.9561, 2968
0.9563, 2967
0.9566, 2966
0.9569, 2965
0.9571, 2964
0.9574, 2963
0.9577, 2962
0.9580, 2961
0.9583, 2960
0.9586, 2959
0.9589, 2958
0.9592, 2957
0.9595, 2956
0.9598, 2955
0.9601, 2954
0.9605, 2953
0.9607, 2952
0.9610, 2951
0.9613, 2950
0.9616, 2949
0.9619, 2948
0.9622, 2947
0.9624, 2946
0.9627, 2945
0.9630, 2944
0.9633, 2943
0.9635, 2942
0.9638, 2941
0.9641, 2940
0.9644, 2939
0.9647, 2938
0.9651, 2937
0.9653, 2936
0.9656, 2935
0.9659, 2934
0.9662, 2933
0.9665, 2932
0.9668, 2931
0.9672, 2930
0.9675, 2929
0.9678, 2928
0.9681, 2927
0.9684, 2926
0.9687, 2925
0.9690, 2924
0.9693, 2923
0.9696, 2922
0.9699, 2921
0.9702, 2920
0.9705, 2919
0.9708, 2918
0.9711, 2917
0.9714, 2916
0.9718, 2915
0.9721, 2914
0.9723, 2913
0.9726, 2912
0.9729, 2911
0.9732, 2910
0.9735, 2909
0.9738, 2908
0.9741, 2907
0.9744, 2906
0.9747, 2905
0.9750, 2904
0.9753, 2903
0.9755, 2902
0.9758, 2901
0.9761, 2900
0.9764, 2899
0.9767, 2898
0.9770, 2897
0.9772, 2896
0.9776, 2895
0.9778, 2894
0.9781, 2893
0.9785, 2892
0.9787, 2891
0.9790, 2890
0.9793, 2889
0.9796, 2888
0.9799, 2887
0.9802, 2886
0.9805, 2885
0.9808, 2884
0.9811, 2883
0.9814, 2882
0.9816, 2881
0.9819, 2880
0.9822, 2879
0.9825, 2878
0.9828, 2877
0.9830, 2876
0.9833, 2875
0.9836, 2874
0.9839, 2873
0.9842, 2872
0.9845, 2871
0.9848, 2870
0.9850, 2869
0.9853, 2868
0.9856, 2867
0.9859, 2866
0.9862, 2865
0.9864, 2864
0.9867, 2863
0.9870, 2862
0.9873, 2861
0.9875, 2860
0.9878, 2859
0.9881, 2858
0.9884, 2857
0.9886, 2856
0.9889, 2855
0.9892, 2854
0.9894, 2853
0.9897, 2852
0.9900, 2851
0.9902, 2850
0.9905, 2849
0.9908, 2848
0.9910, 2847
0.9913, 2846
0.9916, 2845
0.9919, 2844
0.9922, 2843
0.9925, 2842
0.9927, 2841
0.9930, 2840
0.9933, 2839
0.9935, 2838
0.9938, 2837
0.9941, 2836
0.9944, 2835
0.9946, 2834
0.9949, 2833
0.9952, 2832
0.9955, 2831
0.9958, 2830
0.9960, 2829
0.9963, 2828
0.9966, 2827
0.9969, 2826
0.9971, 2825
0.9974, 2824
0.9977, 2823
0.9979, 2822
0.9982, 2821
0.9985, 2820
0.9988, 2819
0.9991, 2818
0.9993, 2817
0.9996, 2816
0.9998, 2815
1.0001, 2814
1.0004, 2813
1.0007, 2812
1.0009, 2811
1.0012, 2810
1.0015, 2809
1.0018, 2808
1.0020, 2807
1.0023, 2806
1.0026, 2805
1.0029, 2804
1.0031, 2803
1.0034, 2802
1.0037, 2801
1.0040, 2800
1.0043, 2799
1.0046, 2798
1.0048, 2797
1.0051, 2796
1.0054, 2795
1.0057, 2794
1.0060, 2793
1.0062, 2792
1.0065, 2791
1.0068, 2790
1.0071, 2789
1.0073, 2788
1.0076, 2787
1.0079, 2786
1.0081, 2785
1.0084, 2784
1.0087, 2783
1.0090, 2782
1.0092, 2781
1.0095, 2780
1.0098, 2779
1.0100, 2778
1.0103, 2777
1.0106, 2776
1.0108, 2775
1.0111, 2774
1.0114, 2773
1.0116, 2772
1.0119, 2771
1.0122, 2770
1.0124, 2769
1.0127, 2768
1.0130, 2767
1.0132, 2766
1.0135, 2765
1.0138, 2764
1.0140, 2763
1.0143, 2762
1.0145, 2761
1.0148, 2760
1.0151, 2759
1.0153, 2758
1.0156, 2757
1.0159, 2756
1.0161, 2755
1.0164, 2754
1.0167, 2753
1.0170, 2752
1.0173, 2751
1.0176, 2750
1.0178, 2749
1.0181, 2748
1.0184, 2747
1.0187, 2746
1.0189, 2745
1.0192, 2744
1.0194, 2743
1.0197, 2742
1.0200, 2741
1.0204, 2740
1.0206, 2739
1.0209, 2738
1.0212, 2737
1.0215, 2736
1.0218, 2735
1.0221, 2734
1.0223, 2733
1.0226, 2732
1.0229, 2731
1.0232, 2730
1.0234, 2729
1.0238, 2728
1.0240, 2727
1.0243, 2726
1.0246, 2725
1.0248, 2724
1.0251, 2723
1.0254, 2722
1.0257, 2721
1.0259, 2720
1.0262, 2719
1.0265, 2718
1.0267, 2717
1.0270, 2716
1.0273, 2715
1.0276, 2714
1.0279, 2713
1.0281, 2712
1.0284, 2711
1.0286, 2710
1.0289, 2709
1.0292, 2708
1.0295, 2707
1.0297, 2706
1.0300, 2705
1.0303, 2704
1.0305, 2703
1.0308, 2702
1.0311, 2701
1.0313, 2700
1.0316, 2699
1.0319, 2698
1.0321, 2697
1.0324, 2696
1.0327, 2695
1.0329, 2694
1.0332, 2693
1.0335, 2692
1.0337, 2691
1.0340, 2690
1.0343, 2689
1.0346, 2688
1.0348, 2687
1.0351, 2686
1.0354, 2685
1.0357, 2684
1.0359, 2683
1.0362, 2682
1.0365, 2681
1.0367, 2680
1.0370, 2679
1.0372, 2678
1.0375, 2677
1.0378, 2676
1.0381, 2675
1.0384, 2674
1.0386, 2673
1.0389, 2672
1.0391, 2671
1.0394, 2670
1.0397, 2669
1.0399, 2668
1.0402, 2667
1.0404, 2666
1.0407, 2665
1.0410, 2664
1.0412, 2663
1.0415, 2662
1.0418, 2661
1.0420, 2660
1.0423, 2659
1.0425, 2658
1.0428, 2657
1.0431, 2656
1.0433, 2655
1.0436, 2654
1.0438, 2653
1.0441, 2652
1.0444, 2651
1.0446, 2650
1.0449, 2649
1.0451, 2648
1.0454, 2647
1.0456, 2646
1.0459, 2645
1.0461, 2644
1.0464, 2643
1.0466, 2642
1.0469, 2641
1.0472, 2640
1.0474, 2639
1.0477, 2638
1.0479, 2637
1.0482, 2636
1.0484, 2635
1.0487, 2634
1.0489, 2633
1.0492, 2632
1.0494, 2631
1.0497, 2630
1.0500, 2629
1.0503, 2628
1.0506, 2627
1.0508, 2626
1.0511, 2625
1.0513, 2624
1.0516, 2623
1.0518, 2622
1.0521, 2621
1.0523, 2620
1.0527, 2619
1.0529, 2618
1.0532, 2617
1.0535, 2616
1.0537, 2615
1.0540, 2614
1.0543, 2613
1.0545, 2612
1.0548, 2611
1.0550, 2610
1.0553, 2609
1.0555, 2608
1.0558, 2607
1.0560, 2606
1.0563, 2605
1.0566, 2604
1.0568, 2603
1.0571, 2602
1.0573, 2601
1.0576, 2600
1.0579, 2599
1.0581, 2598
1.0584, 2597
1.0586, 2596
1.0589, 2595
1.0592, 2594
1.0594, 2593
1.0597, 2592
1.0600, 2591
1.0602, 2590
1.0605, 2589
1.0607, 2588
1.0610, 2587
1.0612, 2586
1.0615, 2585
1.0618, 2584
1.0620, 2583
1.0623, 2582
1.0626, 2581
1.0628, 2580
1.0631, 2579
1.0633, 2578
1.0636, 2577
1.0639, 2576
1.0641, 2575
1.0644, 2574
1.0646, 2573
1.0649, 2572
1.0652, 2571
1.0655, 2570
1.0659, 2569
1.0661, 2568
1.0747, 2567
1.0811, 2566
1.0916, 2565
1.0918, 2564
1.1001, 2563
1.1003, 2562
1.1046, 2561
1.1109, 2560
1.1293, 2559
1.1357, 2558
1.1606, 2557
1.1714, 2556
1.1841, 2555
1.1949, 2554
1.1951, 2553
1.2037, 2552
1.2101, 2551
1.2104, 2550
1.2274, 2549
1.2277, 2548
1.2445, 2547
1.2447, 2546
1.2491, 2545
1.2514, 2544
1.2516, 2543
1.2519, 2542
1.2604, 2541
1.2606, 2540
1.2609, 2539
1.2818, 2538
1.2903, 2537
1.2988, 2536
1.2990, 2535
1.3055, 2534
1.3120, 2533
1.3123, 2532
1.3166, 2531
1.3251, 2530
1.3584, 2529
1.3587, 2528
1.3589, 2527
1.3654, 2526
1.3656, 2525
1.3721, 2524
1.3806, 2523
1.3849, 2522
1.3851, 2521
1.3937, 2520
1.3960, 2519
1.3984, 2518
1.4007, 2517
1.4072, 2516
1.4074, 2515
1.4139, 2514
1.4141, 2513
1.4143, 2512
1.4145, 2511
1.4230, 2510
1.4232, 2509
1.4937, 2508
1.5043, 2507
1.5045, 2506
1.5212, 2505
1.5504, 2504
1.5507, 2503
1.5694, 2502
1.5696, 2501
1.5863, 2500
1.5989, 2499
1.6033, 2498
1.6263, 2497
1.6431, 2496
1.6475, 2495
1.6624, 2494
1.6627, 2493
1.6629, 2492
1.6673, 2491
1.6738, 2490
1.6822, 2489
1.6887, 2488
1.6930, 2487
1.6974, 2486
1.6976, 2485
1.6978, 2484
1.6980, 2483
1.6983, 2482
1.7068, 2481
1.7070, 2480
1.7073, 2479
1.7222, 2478
1.7224, 2477
1.7227, 2476
1.7445, 2475
1.7448, 2474
1.7554, 2473
1.7621, 2472
1.7665, 2471
1.7730, 2470
1.7774, 2469
1.7777, 2468
1.7779, 2467
1.7781, 2466
1.7950, 2465
1.8097, 2464
1.8141, 2463
1.8143, 2462
1.8145, 2461
1.8147, 2460
1.8295, 2459
1.8421, 2458
1.8506, 2457
1.8716, 2456
1.8718, 2455
1.8803, 2454
1.8805, 2453
1.8829, 2452
1.8893, 2451
1.8978, 2450
1.8980, 2449
1.9171, 2448
1.9235, 2447
1.9362, 2446
1.9364, 2445
1.9428, 2444
1.9639, 2443
1.9806, 2442
1.9933, 2441
1.9997, 2440
2.0041, 2439
2.0313, 2438
2.0501, 2437
2.0587, 2436
2.0610, 2435
2.0860, 2434
2.0930, 2433
2.1018, 2432
2.1106, 2431
2.1384, 2430
2.1431, 2429
2.1584, 2428
2.1714, 2427
2.1716, 2426
2.2107, 2425
2.2177, 2424
2.2638, 2423
2.3118, 2422
2.3120, 2421
2.3123, 2420
2.3566, 2419
2.3569, 2418
2.3666, 2417
2.3875, 2416
2.4315, 2415
2.4317, 2414
2.4635, 2413
2.4704, 2412
2.4706, 2411
2.5013, 2410
2.5102, 2409
2.5188, 2408
2.5231, 2407
2.5233, 2406
2.5276, 2405
2.5279, 2404
2.5425, 2403
2.5428, 2402
2.5430, 2401
2.5473, 2400
2.5475, 2399
2.5478, 2398
2.5665, 2397
2.5687, 2396
2.5834, 2395
2.5877, 2394
2.5879, 2393
2.5902, 2392
2.5904, 2391
2.5989, 2390
2.6033, 2389
2.6035, 2388
2.6099, 2387
2.6101, 2386
2.6269, 2385
2.6395, 2384
2.6418, 2383
2.6462, 2382
2.6464, 2381
2.6528, 2380
2.6530, 2379
2.6594, 2378
2.6596, 2377
2.6599, 2376
2.6642, 2375
2.6644, 2374
2.6729, 2373
2.6772, 2372
2.6774, 2371
2.6818, 2370
2.6820, 2369
2.6822, 2368
2.7030, 2367
2.7032, 2366
2.7055, 2365
2.7120, 2364
2.7122, 2363
2.7124, 2362
2.7188, 2361
2.7191, 2360
2.7193, 2359
2.7195, 2358
2.7197, 2357
2.7200, 2356
2.7408, 2355
2.7410, 2354
2.7453, 2353
2.7455, 2352
2.7541, 2351
2.7543, 2350
2.7545, 2349
2.7547, 2348
2.7612, 2347
2.7614, 2346
2.7761, 2345
2.7824, 2344
2.7888, 2343
2.7934, 2342
2.7977, 2341
2.8144, 2340
2.8232, 2339
2.8400, 2338
2.8546, 2337
2.8570, 2336
2.8572, 2335
2.8780, 2334
2.8782, 2333
2.8784, 2332
2.8828, 2331
2.8995, 2330
2.9265, 2329
2.9267, 2328
2.9269, 2327
2.9271, 2326
2.9355, 2325
2.9357, 2324
2.9442, 2323
2.9444, 2322
2.9839, 2321
2.9841, 2320
3.0787, 2319
3.0810, 2318
3.0833, 2317
3.0876, 2316
3.0879, 2315
3.0902, 2314
3.0945, 2313
3.0948, 2312
3.0991, 2311
3.1184, 2310
3.1229, 2309
3.1296, 2308
3.1298, 2307
3.1343, 2306
3.1346, 2305
3.1477, 2304
3.1521, 2303
3.1607, 2302
3.1609, 2301
3.1633, 2300
3.1774, 2299
3.1846, 2298
3.1849, 2297
3.1922, 2296
3.1924, 2295
3.1969, 2294
3.1972, 2293
3.2062, 2292
3.2115, 2291
3.2249, 2290
3.2338, 2289
3.2404, 2288
3.2407, 2287
3.2499, 2286
3.2543, 2285
3.2567, 2284
3.2569, 2283
3.2719, 2282
3.2845, 2281
3.2929, 2280
3.3178, 2279
3.3222, 2278
3.3329, 2277
3.3641, 2276
3.3726, 2275
3.3728, 2274
3.3730, 2273
3.3732, 2272
3.3735, 2271
3.3737, 2270
3.3800, 2269
3.3803, 2268
3.3866, 2267
3.3868, 2266
3.3871, 2265
3.3893, 2264
3.3895, 2263
3.4144, 2262
3.4249, 2261
3.4356, 2260
3.4688, 2259
3.4690, 2258
3.4761, 2257
3.4852, 2256
3.4939, 2255
3.5031, 2254
3.5078, 2253
3.5080, 2252
3.5082, 2251
3.5276, 2250
3.5360, 2249
3.5426, 2248
3.5491, 2247
3.5616, 2246
3.5619, 2245
3.5661, 2244
3.5705, 2243
3.5791, 2242
3.5834, 2241
3.5940, 2240
3.6066, 2239
3.6326, 2238
3.6349, 2237
3.6421, 2236
3.6592, 2235
3.6594, 2234
3.6638, 2233
3.6703, 2232
3.6827, 2231
3.6829, 2230
3.6872, 2229
3.7039, 2228
3.7041, 2227
3.7105, 2226
3.7108, 2225
3.7620, 2224
3.8731, 2223
3.9043, 2222
3.9128, 2221
3.9338, 2220
3.9382, 2219
3.9507, 2218
4.0107, 2217
4.1330, 2216
4.2510, 2215
4.2858, 2214
