0.0307, 2281
0.0938, 2280
0.1222, 2279
0.1381, 2278
0.1834, 2277
0.2055, 2276
0.2147, 2275
0.2361, 2273
0.2512, 2271
0.2785, 2270
0.2997, 2269
0.3575, 2268
0.4782, 2267
0.4934, 2266
0.4966, 2264
0.5027, 2263
0.5453, 2260
0.5725, 2259
0.5936, 2258
0.6057, 2257
0.6179, 2256
0.7541, 2255
0.8453, 2253
1.0150, 2252
1.0611, 2251
1.2025, 2250
1.3191, 2249
1.4224, 2248
1.4714, 2247
1.4930, 2245
1.5269, 2242
1.7971, 2241
1.8276, 2240
1.8981, 2239
1.9806, 2237
1.9899, 2236
2.0085, 2235
2.0238, 2234
2.1124, 2233
2.1218, 2232
2.1463, 2231
2.1617, 2230
2.2574, 2229
2.3806, 2228
2.5097, 2227
2.9846, 2226
