0.0256, 2281
0.0691, 2280
0.1118, 2279
0.1214, 2278
0.1606, 2277
0.1704, 2275
0.2389, 2272
0.2964, 2271
0.3207, 2270
0.3840, 2269
0.4654, 2268
0.4687, 2267
0.5930, 2266
0.5962, 2265
0.6243, 2264
0.6396, 2263
0.6990, 2262
0.7604, 2261
0.8245, 2260
0.8368, 2258
0.8400, 2257
0.9255, 2256
0.9865, 2255
1.0718, 2254
1.1116, 2252
1.1331, 2251
1.1579, 2250
1.1923, 2249
1.2175, 2248
1.6153, 2246
1.6582, 2244
1.7559, 2243
1.8018, 2242
1.8050, 2241
1.8326, 2240
1.9150, 2239
1.9971, 2238
2.1100, 2237
2.1678, 2236
2.2929, 2235
2.3416, 2234
2.3447, 2233
2.3719, 2232
2.3751, 2231
2.6557, 2230
2.6832, 2229
2.8626, 2228
2.8657, 2227
2.8780, 2226
