0.0321, 2281
0.0692, 2280
0.0924, 2279
0.1527, 2278
0.2029, 2277
0.2124, 2276
0.2370, 2275
0.3029, 2274
0.3431, 2272
0.3771, 2269
0.4059, 2267
0.4123, 2266
0.5133, 2265
0.5290, 2264
0.5415, 2263
0.5571, 2262
0.6015, 2260
0.6080, 2258
0.6113, 2257
0.6240, 2256
0.6272, 2255
0.6515, 2253
0.6577, 2252
0.7028, 2251
0.7184, 2250
0.7458, 2248
0.7676, 2247
0.8530, 2246
0.8753, 2245
0.8820, 2243
0.8979, 2242
0.9324, 2240
0.9866, 2239
1.0344, 2238
1.0690, 2237
1.1551, 2236
1.3480, 2235
1.5653, 2234
1.6133, 2233
1.7440, 2232
1.7811, 2231
1.7938, 2230
1.8216, 2229
1.8799, 2228
3.1311, 2227
3.1501, 2226
3.2869, 2225
