0.0297, 2281
0.0466, 2280
0.0724, 2279
0.1477, 2278
0.1510, 2277
0.1767, 2275
0.2485, 2274
0.2605, 2273
0.3091, 2272
0.3725, 2271
0.3816, 2268
0.3848, 2267
0.4430, 2266
0.4764, 2265
0.5404, 2263
0.5466, 2262
0.5589, 2261
0.6192, 2260
0.7157, 2259
0.7521, 2258
0.7676, 2256
0.7856, 2255
0.8162, 2254
0.8499, 2253
0.8774, 2252
0.9510, 2251
0.9572, 2249
1.1497, 2248
1.1831, 2246
1.2593, 2245
1.2835, 2244
1.2957, 2243
1.3173, 2241
1.3512, 2240
1.5308, 2239
1.5401, 2238
1.5766, 2237
1.5858, 2236
1.6835, 2234
1.6896, 2233
1.7294, 2232
1.9499, 2231
1.9713, 2230
2.4988, 2228
2.5263, 2227
2.7105, 2225
2.7928, 2224
2.8173, 2223
3.0403, 2222
3.1075, 2221
