0.0285, 2281
0.0913, 2280
0.1274, 2279
0.1428, 2278
0.1635, 2276
0.1732, 2275
0.2478, 2274
0.2570, 2273
0.3326, 2272
0.4318, 2269
0.4565, 2268
0.4851, 2267
0.4882, 2266
0.5212, 2265
0.5759, 2264
0.6588, 2263
0.6710, 2260
0.6741, 2259
0.8036, 2258
0.8159, 2257
0.8955, 2256
0.9385, 2253
1.0896, 2252
1.2278, 2251
1.2523, 2250
1.3377, 2249
1.3559, 2248
1.3590, 2246
1.3837, 2243
1.3963, 2241
1.4968, 2240
1.6397, 2239
1.6942, 2238
1.8640, 2237
1.9466, 2236
1.9590, 2235
2.0471, 2234
2.3732, 2232
2.3962, 2231
2.4099, 2230
2.4623, 2229
2.5874, 2228
2.9229, 2227
2.9865, 2226
3.0044, 2225
3.0195, 2224
3.1543, 2223
3.1575, 2222
