0.6728, 3931
0.6733, 3930
0.6736, 3929
0.6740, 3928
0.6744, 3927
0.6747, 3926
0.6751, 3925
0.6755, 3924
0.6758, 3923
0.6762, 3922
0.6765, 3921
0.6769, 3920
0.6772, 3919
0.6776, 3918
0.6779, 3917
0.6783, 3916
0.6786, 3915
0.6790, 3914
0.6793, 3913
0.6797, 3912
0.6800, 3911
0.6804, 3910
0.6807, 3909
0.6811, 3908
0.6814, 3907
0.6818, 3906
0.6821, 3905
0.6825, 3904
0.6828, 3903
0.6831, 3902
0.6835, 3901
0.6838, 3900
0.6842, 3899
0.6846, 3898
0.6850, 3897
0.6853, 3896
0.6857, 3895
0.6861, 3894
0.6864, 3893
0.6868, 3892
0.6871, 3891
0.6875, 3890
0.6878, 3889
0.6883, 3888
0.6886, 3887
0.6890, 3886
0.6893, 3885
0.6897, 3884
0.6900, 3883
0.6904, 3882
0.6907, 3881
0.6911, 3880
0.6915, 3879
0.6918, 3878
0.6922, 3877
0.6925, 3876
0.6929, 3875
0.6933, 3874
0.6936, 3873
0.6940, 3872
0.6944, 3871
0.6947, 3870
0.6951, 3869
0.6954, 3868
0.6958, 3867
0.6961, 3866
0.6965, 3865
0.6968, 3864
0.6972, 3863
0.6976, 3862
0.6979, 3861
0.6982, 3860
0.6986, 3859
0.6989, 3858
0.6993, 3857
0.6996, 3856
0.7000, 3855
0.7003, 3854
0.7007, 3853
0.7011, 3852
0.7014, 3851
0.7018, 3850
0.7022, 3849
0.7025, 3848
0.7029, 3847
0.7033, 3846
0.7037, 3845
0.7041, 3844
0.7044, 3843
0.7048, 3842
0.7052, 3841
0.7055, 3840
0.7059, 3839
0.7063, 3838
0.7067, 3837
0.7070, 3836
0.7074, 3835
0.7078, 3834
0.7082, 3833
0.7085, 3832
0.7089, 3831
0.7093, 3830
0.7097, 3829
0.7100, 3828
0.7104, 3827
0.7108, 3826
0.7112, 3825
0.7115, 3824
0.7119, 3823
0.7123, 3822
0.7126, 3821
0.7130, 3820
0.7134, 3819
0.7137, 3818
0.7141, 3817
0.7145, 3816
0.7149, 3815
0.7152, 3814
0.7156, 3813
0.7160, 3812
0.7164, 3811
0.7168, 3810
0.7172, 3809
0.7176, 3808
0.7179, 3807
0.7183, 3806
0.7187, 3805
0.7191, 3804
0.7194, 3803
0.7198, 3802
0.7202, 3801
0.7205, 3800
0.7209, 3799
0.7213, 3798
0.7217, 3797
0.7220, 3796
0.7224, 3795
0.7228, 3794
0.7231, 3793
0.7238, 3792
0.7242, 3791
0.7246, 3790
0.7249, 3789
0.7253, 3788
0.7256, 3787
0.7260, 3786
0.7264, 3785
0.7267, 3784
0.7271, 3783
0.7275, 3782
0.7278, 3781
0.7283, 3780
0.7286, 3779
0.7291, 3778
0.7298, 3777
0.7301, 3776
0.7308, 3775
0.7312, 3774
0.7315, 3773
0.7319, 3772
0.7328, 3771
0.7332, 3770
0.7335, 3769
0.7339, 3768
0.7343, 3767
0.7346, 3766
0.7350, 3765
0.7354, 3764
0.7358, 3763
0.7361, 3762
0.7365, 3761
0.7368, 3760
0.7372, 3759
0.7376, 3758
0.7380, 3757
0.7384, 3756
0.7387, 3755
0.7391, 3754
0.7395, 3753
0.7399, 3752
0.7402, 3751
0.7406, 3750
0.7410, 3749
0.7449, 3748
0.7453, 3747
0.7456, 3746
0.7460, 3745
0.7464, 3744
0.7467, 3743
0.7471, 3742
0.7475, 3741
0.7478, 3740
0.7482, 3739
0.7485, 3738
0.7489, 3737
0.7493, 3736
0.7496, 3735
0.7500, 3734
0.7503, 3733
0.7507, 3732
0.7510, 3731
0.7514, 3730
0.7517, 3729
0.7521, 3728
0.7525, 3727
0.7528, 3726
0.7532, 3725
0.7535, 3724
0.7539, 3723
0.7543, 3722
0.7547, 3721
0.7550, 3720
0.7554, 3719
0.7558, 3718
0.7561, 3717
0.7565, 3716
0.7569, 3715
0.7572, 3714
0.7576, 3713
0.7579, 3712
0.7583, 3711
0.7587, 3710
0.7591, 3709
0.7594, 3708
0.7598, 3707
0.7601, 3706
0.7605, 3705
0.7609, 3704
0.7612, 3703
0.7616, 3702
0.7619, 3701
0.7623, 3700
0.7627, 3699
0.7630, 3698
0.7634, 3697
0.7637, 3696
0.7641, 3695
0.7644, 3694
0.7648, 3693
0.7652, 3692
0.7655, 3691
0.7659, 3690
0.7662, 3689
0.7666, 3688
0.7669, 3687
0.7673, 3686
0.7676, 3685
0.7680, 3684
0.7684, 3683
0.7687, 3682
0.7691, 3681
0.7695, 3680
0.7698, 3679
0.7702, 3678
0.7705, 3677
0.7709, 3676
0.7713, 3675
0.7716, 3674
0.7720, 3673
0.7723, 3672
0.7727, 3671
0.7730, 3670
0.7733, 3669
0.7737, 3668
0.7740, 3667
0.7743, 3666
0.7747, 3665
0.7750, 3664
0.7754, 3663
0.7757, 3662
0.7761, 3661
0.7764, 3660
0.7767, 3659
0.7771, 3658
0.7774, 3657
0.7778, 3656
0.7781, 3655
0.7784, 3654
0.7788, 3653
0.7791, 3652
0.7795, 3651
0.7798, 3650
0.7802, 3649
0.7805, 3648
0.7808, 3647
0.7812, 3646
0.7815, 3645
0.7819, 3644
0.7822, 3643
0.7825, 3642
0.7829, 3641
0.7832, 3640
0.7835, 3639
0.7839, 3638
0.7843, 3637
0.7846, 3636
0.7850, 3635
0.7853, 3634
0.7857, 3633
0.7861, 3632
0.7864, 3631
0.7867, 3630
0.7871, 3629
0.7874, 3628
0.7878, 3627
0.7881, 3626
0.7885, 3625
0.7888, 3624
0.7892, 3623
0.7895, 3622
0.7899, 3621
0.7902, 3620
0.7906, 3619
0.7909, 3618
0.7913, 3617
0.7916, 3616
0.7919, 3615
0.7923, 3614
0.7927, 3613
0.7930, 3612
0.7933, 3611
0.7937, 3610
0.7941, 3609
0.7944, 3608
0.7948, 3607
0.7951, 3606
0.7955, 3605
0.7958, 3604
0.7962, 3603
0.7965, 3602
0.7968, 3601
0.7972, 3600
0.7975, 3599
0.7978, 3598
0.7982, 3597
0.7985, 3596
0.7988, 3595
0.7992, 3594
0.7996, 3593
0.7999, 3592
0.8002, 3591
0.8005, 3590
0.8009, 3589
0.8012, 3588
0.8016, 3587
0.8019, 3586
0.8023, 3585
0.8027, 3584
0.8030, 3583
0.8034, 3582
0.8037, 3581
0.8041, 3580
0.8044, 3579
0.8048, 3578
0.8051, 3577
0.8055, 3576
0.8058, 3575
0.8062, 3574
0.8065, 3573
0.8068, 3572
0.8072, 3571
0.8075, 3570
0.8078, 3569
0.8082, 3568
0.8085, 3567
0.8088, 3566
0.8092, 3565
0.8095, 3564
0.8098, 3563
0.8101, 3562
0.8105, 3561
0.8108, 3560
0.8111, 3559
0.8115, 3558
0.8118, 3557
0.8121, 3556
0.8125, 3555
0.8128, 3554
0.8131, 3553
0.8135, 3552
0.8138, 3551
0.8142, 3550
0.8146, 3549
0.8149, 3548
0.8153, 3547
0.8156, 3546
0.8159, 3545
0.8163, 3544
0.8166, 3543
0.8170, 3542
0.8173, 3541
0.8176, 3540
0.8180, 3539
0.8183, 3538
0.8187, 3537
0.8190, 3536
0.8194, 3535
0.8197, 3534
0.8201, 3533
0.8204, 3532
0.8207, 3531
0.8210, 3530
0.8214, 3529
0.8217, 3528
0.8221, 3527
0.8224, 3526
0.8228, 3525
0.8231, 3524
0.8234, 3523
0.8238, 3522
0.8241, 3521
0.8244, 3520
0.8247, 3519
0.8251, 3518
0.8254, 3517
0.8257, 3516
0.8260, 3515
0.8264, 3514
0.8267, 3513
0.8270, 3512
0.8274, 3511
0.8277, 3510
0.8280, 3509
0.8283, 3508
0.8287, 3507
0.8290, 3506
0.8293, 3505
0.8297, 3504
0.8300, 3503
0.8303, 3502
0.8306, 3501
0.8310, 3500
0.8313, 3499
0.8316, 3498
0.8320, 3497
0.8324, 3496
0.8327, 3495
0.8330, 3494
0.8334, 3493
0.8337, 3492
0.8340, 3491
0.8344, 3490
0.8347, 3489
0.8351, 3488
0.8354, 3487
0.8357, 3486
0.8361, 3485
0.8364, 3484
0.8367, 3483
0.8370, 3482
0.8374, 3481
0.8377, 3480
0.8380, 3479
0.8384, 3478
0.8387, 3477
0.8390, 3476
0.8394, 3475
0.8398, 3474
0.8401, 3473
0.8404, 3472
0.8407, 3471
0.8411, 3470
0.8414, 3469
0.8417, 3468
0.8421, 3467
0.8424, 3466
0.8428, 3465
0.8431, 3464
0.8434, 3463
0.8438, 3462
0.8441, 3461
0.8444, 3460
0.8448, 3459
0.8451, 3458
0.8454, 3457
0.8457, 3456
0.8460, 3455
0.8464, 3454
0.8467, 3453
0.8471, 3452
0.8474, 3451
0.8477, 3450
0.8480, 3449
0.8484, 3448
0.8487, 3447
0.8490, 3446
0.8494, 3445
0.8497, 3444
0.8500, 3443
0.8504, 3442
0.8507, 3441
0.8511, 3440
0.8514, 3439
0.8518, 3438
0.8521, 3437
0.8524, 3436
0.8528, 3435
0.8531, 3434
0.8534, 3433
0.8537, 3432
0.8540, 3431
0.8544, 3430
0.8547, 3429
0.8550, 3428
0.8554, 3427
0.8557, 3426
0.8561, 3425
0.8564, 3424
0.8567, 3423
0.8570, 3422
0.8573, 3421
0.8576, 3420
0.8580, 3419
0.8583, 3418
0.8586, 3417
0.8589, 3416
0.8592, 3415
0.8595, 3414
0.8599, 3413
0.8602, 3412
0.8605, 3411
0.8608, 3410
0.8611, 3409
0.8614, 3408
0.8617, 3407
0.8620, 3406
0.8623, 3405
0.8627, 3404
0.8630, 3403
0.8633, 3402
0.8636, 3401
0.8639, 3400
0.8643, 3399
0.8646, 3398
0.8649, 3397
0.8652, 3396
0.8655, 3395
0.8659, 3394
0.8662, 3393
0.8665, 3392
0.8668, 3391
0.8672, 3390
0.8676, 3389
0.8679, 3388
0.8683, 3387
0.8686, 3386
0.8690, 3385
0.8693, 3384
0.8696, 3383
0.8700, 3382
0.8703, 3381
0.8707, 3380
0.8710, 3379
0.8714, 3378
0.8717, 3377
0.8720, 3376
0.8723, 3375
0.8727, 3374
0.8730, 3373
0.8733, 3372
0.8737, 3371
0.8740, 3370
0.8744, 3369
0.8747, 3368
0.8750, 3367
0.8753, 3366
0.8756, 3365
0.8759, 3364
0.8763, 3363
0.8766, 3362
0.8769, 3361
0.8772, 3360
0.8775, 3359
0.8778, 3358
0.8782, 3357
0.8785, 3356
0.8789, 3355
0.8792, 3354
0.8795, 3353
0.8798, 3352
0.8802, 3351
0.8805, 3350
0.8808, 3349
0.8811, 3348
0.8815, 3347
0.8818, 3346
0.8821, 3345
0.8825, 3344
0.8828, 3343
0.8831, 3342
0.8834, 3341
0.8837, 3340
0.8840, 3339
0.8843, 3338
0.8847, 3337
0.8850, 3336
0.8854, 3335
0.8857, 3334
0.8861, 3333
0.8864, 3332
0.8867, 3331
0.8870, 3330
0.8873, 3329
0.8877, 3328
0.8880, 3327
0.8884, 3326
0.8887, 3325
0.8890, 3324
0.8893, 3323
0.8896, 3322
0.8899, 3321
0.8903, 3320
0.8906, 3319
0.8911, 3318
0.8915, 3317
0.8919, 3316
0.8923, 3315
0.8926, 3314
0.8930, 3313
0.8934, 3312
0.8938, 3311
0.8941, 3310
0.8945, 3309
0.8948, 3308
0.8952, 3307
0.8956, 3306
0.8960, 3305
0.8963, 3304
0.8967, 3303
0.8970, 3302
0.8974, 3301
0.8978, 3300
0.8982, 3299
0.8985, 3298
0.8988, 3297
0.8992, 3296
0.8996, 3295
0.9000, 3294
0.9003, 3293
0.9007, 3292
0.9011, 3291
0.9014, 3290
0.9078, 3289
0.9082, 3288
0.9085, 3287
0.9088, 3286
0.9092, 3285
0.9095, 3284
0.9099, 3283
0.9103, 3282
0.9107, 3281
0.9110, 3280
0.9113, 3279
0.9117, 3278
0.9121, 3277
0.9124, 3276
0.9127, 3275
0.9131, 3274
0.9135, 3273
0.9138, 3272
0.9142, 3271
0.9145, 3270
0.9149, 3269
0.9152, 3268
0.9156, 3267
0.9159, 3266
0.9163, 3265
0.9166, 3264
0.9169, 3263
0.9172, 3262
0.9176, 3261
0.9179, 3260
0.9183, 3259
0.9186, 3258
0.9189, 3257
0.9193, 3256
0.9196, 3255
0.9199, 3254
0.9203, 3253
0.9206, 3252
0.9210, 3251
0.9213, 3250
0.9217, 3249
0.9220, 3248
0.9223, 3247
0.9227, 3246
0.9230, 3245
0.9234, 3244
0.9237, 3243
0.9241, 3242
0.9244, 3241
0.9248, 3240
0.9251, 3239
0.9254, 3238
0.9258, 3237
0.9261, 3236
0.9265, 3235
0.9268, 3234
0.9271, 3233
0.9275, 3232
0.9278, 3231
0.9282, 3230
0.9285, 3229
0.9288, 3228
0.9292, 3227
0.9296, 3226
0.9300, 3225
0.9303, 3224
0.9307, 3223
0.9310, 3222
0.9313, 3221
0.9316, 3220
0.9320, 3219
0.9323, 3218
0.9327, 3217
0.9330, 3216
0.9333, 3215
0.9336, 3214
0.9339, 3213
0.9343, 3212
0.9346, 3211
0.9349, 3210
0.9353, 3209
0.9357, 3208
0.9361, 3207
0.9365, 3206
0.9368, 3205
0.9372, 3204
0.9375, 3203
0.9379, 3202
0.9382, 3201
0.9385, 3200
0.9389, 3199
0.9393, 3198
0.9396, 3197
0.9399, 3196
0.9403, 3195
0.9406, 3194
0.9410, 3193
0.9413, 3192
0.9416, 3191
0.9420, 3190
0.9423, 3189
0.9427, 3188
0.9430, 3187
0.9436, 3186
0.9440, 3185
0.9443, 3184
0.9447, 3183
0.9450, 3182
0.9454, 3181
0.9457, 3180
0.9460, 3179
0.9464, 3178
0.9467, 3177
0.9471, 3176
0.9474, 3175
0.9478, 3174
0.9482, 3173
0.9485, 3172
0.9488, 3171
0.9492, 3170
0.9495, 3169
0.9499, 3168
0.9502, 3167
0.9505, 3166
0.9508, 3165
0.9512, 3164
0.9515, 3163
0.9518, 3162
0.9521, 3161
0.9525, 3160
0.9528, 3159
0.9532, 3158
0.9535, 3157
0.9538, 3156
0.9542, 3155
0.9545, 3154
0.9548, 3153
0.9551, 3152
0.9555, 3151
0.9558, 3150
0.9562, 3149
0.9565, 3148
0.9568, 3147
0.9571, 3146
0.9576, 3145
0.9579, 3144
0.9583, 3143
0.9586, 3142
0.9589, 3141
0.9593, 3140
0.9597, 3139
0.9601, 3138
0.9604, 3137
0.9607, 3136
0.9610, 3135
0.9614, 3134
0.9617, 3133
0.9621, 3132
0.9624, 3131
0.9628, 3130
0.9631, 3129
0.9635, 3128
0.9638, 3127
0.9642, 3126
0.9645, 3125
0.9648, 3124
0.9651, 3123
0.9655, 3122
0.9658, 3121
0.9661, 3120
0.9664, 3119
0.9668, 3118
0.9671, 3117
0.9674, 3116
0.9677, 3115
0.9680, 3114
0.9684, 3113
0.9687, 3112
0.9690, 3111
0.9696, 3110
0.9701, 3109
0.9705, 3108
0.9708, 3107
0.9711, 3106
0.9715, 3105
0.9718, 3104
0.9721, 3103
0.9724, 3102
0.9727, 3101
0.9731, 3100
0.9734, 3099
0.9737, 3098
0.9740, 3097
0.9744, 3096
0.9747, 3095
0.9750, 3094
0.9753, 3093
0.9757, 3092
0.9760, 3091
0.9763, 3090
0.9766, 3089
0.9769, 3088
0.9773, 3087
0.9776, 3086
0.9779, 3085
0.9782, 3084
0.9785, 3083
0.9788, 3082
0.9792, 3081
0.9795, 3080
0.9798, 3079
0.9801, 3078
0.9805, 3077
0.9809, 3076
0.9812, 3075
0.9815, 3074
0.9818, 3073
0.9821, 3072
0.9825, 3071
0.9828, 3070
0.9831, 3069
0.9834, 3068
0.9837, 3067
0.9841, 3066
0.9844, 3065
0.9847, 3064
0.9850, 3063
0.9853, 3062
0.9856, 3061
0.9859, 3060
0.9862, 3059
0.9865, 3058
0.9868, 3057
0.9871, 3056
0.9874, 3055
0.9878, 3054
0.9881, 3053
0.9884, 3052
0.9887, 3051
0.9891, 3050
0.9894, 3049
0.9898, 3048
0.9901, 3047
0.9904, 3046
0.9908, 3045
0.9911, 3044
0.9914, 3043
0.9917, 3042
0.9920, 3041
0.9923, 3040
0.9926, 3039
0.9929, 3038
0.9932, 3037
0.9935, 3036
0.9938, 3035
0.9941, 3034
0.9944, 3033
0.9946, 3032
0.9949, 3031
0.9952, 3030
0.9955, 3029
0.9958, 3028
0.9961, 3027
0.9965, 3026
0.9968, 3025
0.9971, 3024
0.9975, 3023
0.9978, 3022
0.9981, 3021
0.9984, 3020
0.9987, 3019
0.9990, 3018
0.9993, 3017
0.9996, 3016
0.9999, 3015
1.0003, 3014
1.0006, 3013
1.0009, 3012
1.0013, 3011
1.0016, 3010
1.0020, 3009
1.0023, 3008
1.0026, 3007
1.0029, 3006
1.0032, 3005
1.0035, 3004
1.0038, 3003
1.0041, 3002
1.0044, 3001
1.0047, 3000
1.0050, 2999
1.0053, 2998
1.0057, 2997
1.0071, 2996
1.0075, 2995
1.0078, 2994
1.0081, 2993
1.0084, 2992
1.0087, 2991
1.0090, 2990
1.0093, 2989
1.0096, 2988
1.0099, 2987
1.0102, 2986
1.0106, 2985
1.0109, 2984
1.0112, 2983
1.0115, 2982
1.0118, 2981
1.0121, 2980
1.0125, 2979
1.0128, 2978
1.0131, 2977
1.0135, 2976
1.0137, 2975
1.0141, 2974
1.0144, 2973
1.0147, 2972
1.0150, 2971
1.0154, 2970
1.0158, 2969
1.0162, 2968
1.0165, 2967
1.0168, 2966
1.0171, 2965
1.0174, 2964
1.0177, 2963
1.0180, 2962
1.0183, 2961
1.0186, 2960
1.0189, 2959
1.0192, 2958
1.0196, 2957
1.0199, 2956
1.0202, 2955
1.0205, 2954
1.0209, 2953
1.0212, 2952
1.0216, 2951
1.0219, 2950
1.0222, 2949
1.0225, 2948
1.0228, 2947
1.0231, 2946
1.0234, 2945
1.0237, 2944
1.0240, 2943
1.0243, 2942
1.0246, 2941
1.0250, 2940
1.0253, 2939
1.0256, 2938
1.0259, 2937
1.0263, 2936
1.0266, 2935
1.0269, 2934
1.0272, 2933
1.0275, 2932
1.0278, 2931
1.0282, 2930
1.0286, 2929
1.0289, 2928
1.0293, 2927
1.0296, 2926
1.0299, 2925
1.0302, 2924
1.0306, 2923
1.0309, 2922
1.0311, 2921
1.0314, 2920
1.0317, 2919
1.0321, 2918
1.0324, 2917
1.0328, 2916
1.0331, 2915
1.0334, 2914
1.0338, 2913
1.0341, 2912
1.0344, 2911
1.0348, 2910
1.0351, 2909
1.0354, 2908
1.0357, 2907
1.0361, 2906
1.0364, 2905
1.0367, 2904
1.0370, 2903
1.0373, 2902
1.0376, 2901
1.0379, 2900
1.0382, 2899
1.0386, 2898
1.0389, 2897
1.0392, 2896
1.0395, 2895
1.0399, 2894
1.0403, 2893
1.0406, 2892
1.0409, 2891
1.0412, 2890
1.0415, 2889
1.0418, 2888
1.0421, 2887
1.0424, 2886
1.0427, 2885
1.0430, 2884
1.0433, 2883
1.0436, 2882
1.0439, 2881
1.0442, 2880
1.0445, 2879
1.0448, 2878
1.0451, 2877
1.0454, 2876
1.0457, 2875
1.0460, 2874
1.0463, 2873
1.0466, 2872
1.0469, 2871
1.0472, 2870
1.0475, 2869
1.0478, 2868
1.0481, 2867
1.0483, 2866
1.0487, 2865
1.0490, 2864
1.0493, 2863
1.0496, 2862
1.0499, 2861
1.0502, 2860
1.0505, 2859
1.0508, 2858
1.0510, 2857
1.0514, 2856
1.0516, 2855
1.0519, 2854
1.0522, 2853
1.0525, 2852
1.0528, 2851
1.0531, 2850
1.0535, 2849
1.0538, 2848
1.0541, 2847
1.0543, 2846
1.0547, 2845
1.0550, 2844
1.0553, 2843
1.0556, 2842
1.0559, 2841
1.0562, 2840
1.0564, 2839
1.0567, 2838
1.0570, 2837
1.0573, 2836
1.0575, 2835
1.0578, 2834
1.0582, 2833
1.0584, 2832
1.0587, 2831
1.0590, 2830
1.0593, 2829
1.0596, 2828
1.0599, 2827
1.0602, 2826
1.0605, 2825
1.0608, 2824
1.0610, 2823
1.0614, 2822
1.0616, 2821
1.0619, 2820
1.0622, 2819
1.0625, 2818
1.0628, 2817
1.0631, 2816
1.0634, 2815
1.0637, 2814
1.0640, 2813
1.0643, 2812
1.0646, 2811
1.0649, 2810
1.0652, 2809
1.0655, 2808
1.0657, 2807
1.0660, 2806
1.0663, 2805
1.0666, 2804
1.0669, 2803
1.0672, 2802
1.0675, 2801
1.0678, 2800
1.0681, 2799
1.0684, 2798
1.0687, 2797
1.0690, 2796
1.0693, 2795
1.0696, 2794
1.0699, 2793
1.0702, 2792
1.0704, 2791
1.0707, 2790
1.0710, 2789
1.0713, 2788
1.0716, 2787
1.0719, 2786
1.0722, 2785
1.0725, 2784
1.0728, 2783
1.0731, 2782
1.0744, 2781
1.0747, 2780
1.0750, 2779
1.0753, 2778
1.0756, 2777
1.0759, 2776
1.0762, 2775
1.0764, 2774
1.0767, 2773
1.0770, 2772
1.0773, 2771
1.0776, 2770
1.0779, 2769
1.0782, 2768
1.0785, 2767
1.0788, 2766
1.0790, 2765
1.0793, 2764
1.0796, 2763
1.0799, 2762
1.0802, 2761
1.0804, 2760
1.0807, 2759
1.0810, 2758
1.0813, 2757
1.0815, 2756
1.0818, 2755
1.0821, 2754
1.0824, 2753
1.0827, 2752
1.0830, 2751
1.0833, 2750
1.0836, 2749
1.0839, 2748
1.0842, 2747
1.0845, 2746
1.0848, 2745
1.0852, 2744
1.0855, 2743
1.0857, 2742
1.0860, 2741
1.0864, 2740
1.0867, 2739
1.0871, 2738
1.0874, 2737
1.0878, 2736
1.0881, 2735
1.0884, 2734
1.0887, 2733
1.0890, 2732
1.0893, 2731
1.0897, 2730
1.0900, 2729
1.0904, 2728
1.0907, 2727
1.0910, 2726
1.0913, 2725
1.0916, 2724
1.0919, 2723
1.0922, 2722
1.0925, 2721
1.0928, 2720
1.0932, 2719
1.0935, 2718
1.0937, 2717
1.0941, 2716
1.0944, 2715
1.0947, 2714
1.0950, 2713
1.0953, 2712
1.0957, 2711
1.0960, 2710
1.0963, 2709
1.0966, 2708
1.0969, 2707
1.0972, 2706
1.0975, 2705
1.0978, 2704
1.0982, 2703
1.0985, 2702
1.0988, 2701
1.0991, 2700
1.0994, 2699
1.0997, 2698
1.1000, 2697
1.1003, 2696
1.1006, 2695
1.1009, 2694
1.1012, 2693
1.1015, 2692
1.1018, 2691
1.1021, 2690
1.1024, 2689
1.1027, 2688
1.1030, 2687
1.1033, 2686
1.1036, 2685
1.1039, 2684
1.1042, 2683
1.1045, 2682
1.1049, 2681
1.1052, 2680
1.1055, 2679
1.1058, 2678
1.1061, 2677
1.1064, 2676
1.1067, 2675
1.1070, 2674
1.1073, 2673
1.1076, 2672
1.1079, 2671
1.1083, 2670
1.1086, 2669
1.1089, 2668
1.1092, 2667
1.1094, 2666
1.1097, 2665
1.1100, 2664
1.1103, 2663
1.1106, 2662
1.1109, 2661
1.1112, 2660
1.1115, 2659
1.1118, 2658
1.1121, 2657
1.1124, 2656
1.1127, 2655
1.1130, 2654
1.1133, 2653
1.1136, 2652
1.1138, 2651
1.1141, 2650
1.1144, 2649
1.1147, 2648
1.1150, 2647
1.1153, 2646
1.1155, 2645
1.1158, 2644
1.1161, 2643
1.1164, 2642
1.1167, 2641
1.1169, 2640
1.1172, 2639
1.1175, 2638
1.1178, 2637
1.1181, 2636
1.1184, 2635
1.1186, 2634
1.1189, 2633
1.1192, 2632
1.1195, 2631
1.1198, 2630
1.1201, 2629
1.1204, 2628
1.1207, 2627
1.1210, 2626
1.1213, 2625
1.1216, 2624
1.1219, 2623
1.1223, 2622
1.1225, 2621
1.1228, 2620
1.1231, 2619
1.1234, 2618
1.1236, 2617
1.1239, 2616
1.1242, 2615
1.1245, 2614
1.1248, 2613
1.1250, 2612
1.1253, 2611
1.1256, 2610
1.1259, 2609
1.1261, 2608
1.1264, 2607
1.1267, 2606
1.1269, 2605
1.1272, 2604
1.1275, 2603
1.1278, 2602
1.1281, 2601
1.1284, 2600
1.1286, 2599
1.1289, 2598
1.1292, 2597
1.1294, 2596
1.1297, 2595
1.1300, 2594
1.1303, 2593
1.1305, 2592
1.1308, 2591
1.1311, 2590
1.1314, 2589
1.1316, 2588
1.1319, 2587
1.1322, 2586
1.1325, 2585
1.1327, 2584
1.1330, 2583
1.1333, 2582
1.1336, 2581
1.1338, 2580
1.1341, 2579
1.1344, 2578
1.1347, 2577
1.1350, 2576
1.1353, 2575
1.1356, 2574
1.1358, 2573
1.1361, 2572
1.1364, 2571
1.1367, 2570
1.1370, 2569
1.1373, 2568
1.1376, 2567
1.1379, 2566
1.1382, 2565
1.1444, 2564
1.1532, 2563
1.1534, 2562
1.1536, 2561
1.1687, 2560
1.1689, 2559
1.1776, 2558
1.1779, 2557
1.1887, 2556
1.2064, 2555
1.2154, 2554
1.2438, 2553
1.2440, 2552
1.2571, 2551
1.2573, 2550
1.2681, 2549
1.2684, 2548
1.2729, 2547
1.2924, 2546
1.3012, 2545
1.3120, 2544
1.3165, 2543
1.3189, 2542
1.3214, 2541
1.3216, 2540
1.3219, 2539
1.3285, 2538
1.3372, 2537
1.3374, 2536
1.3507, 2535
1.3600, 2534
1.3689, 2533
1.3691, 2532
1.3761, 2531
1.3810, 2530
1.3814, 2529
1.3887, 2528
1.3955, 2527
1.4085, 2526
1.4216, 2525
1.4218, 2524
1.4242, 2523
1.4244, 2522
1.4332, 2521
1.4357, 2520
1.4383, 2519
1.4469, 2518
1.4472, 2517
1.4495, 2516
1.4520, 2515
1.4592, 2514
1.4595, 2513
1.4660, 2512
1.4663, 2511
1.4665, 2510
1.4668, 2509
1.4735, 2508
1.4822, 2507
1.5481, 2506
1.5634, 2505
1.5636, 2504
1.5787, 2503
1.6022, 2502
1.6128, 2501
1.6131, 2500
1.6302, 2499
1.6305, 2498
1.6351, 2497
1.6438, 2496
1.6503, 2495
1.6737, 2494
1.6959, 2493
1.7097, 2492
1.7100, 2491
1.7125, 2490
1.7128, 2489
1.7177, 2488
1.7300, 2487
1.7349, 2486
1.7352, 2485
1.7469, 2484
1.7517, 2483
1.7519, 2482
1.7522, 2481
1.7524, 2480
1.7527, 2479
1.7620, 2478
1.7623, 2477
1.7626, 2476
1.7779, 2475
1.7781, 2474
1.7784, 2473
1.7976, 2472
1.8021, 2471
1.8107, 2470
1.8194, 2469
1.8238, 2468
1.8284, 2467
1.8330, 2466
1.8332, 2465
1.8334, 2464
1.8337, 2463
1.8513, 2462
1.8651, 2461
1.8696, 2460
1.8698, 2459
1.8722, 2458
1.8725, 2457
1.8879, 2456
1.9009, 2455
1.9078, 2454
1.9314, 2453
1.9316, 2452
1.9424, 2451
1.9427, 2450
1.9429, 2449
1.9515, 2448
1.9602, 2447
1.9604, 2446
1.9733, 2445
1.9842, 2444
1.9977, 2443
1.9980, 2442
2.0047, 2441
2.0267, 2440
2.0439, 2439
2.0505, 2438
2.0612, 2437
2.0677, 2436
2.0953, 2435
2.1147, 2434
2.1254, 2433
2.1256, 2432
2.1489, 2431
2.1557, 2430
2.1602, 2429
2.1733, 2428
2.2010, 2427
2.2075, 2426
2.2226, 2425
2.2332, 2424
2.2335, 2423
2.2754, 2422
2.2757, 2421
2.2992, 2420
2.3122, 2419
2.3210, 2418
2.3212, 2417
2.3404, 2416
2.3407, 2415
2.3473, 2414
2.3602, 2413
2.3836, 2412
2.3945, 2411
2.4114, 2410
2.4180, 2409
2.4329, 2408
2.4437, 2407
2.4502, 2406
2.4568, 2405
2.4570, 2404
2.4616, 2403
2.4618, 2402
2.4704, 2401
2.4707, 2400
2.4751, 2399
2.4753, 2398
2.4756, 2397
2.4842, 2396
2.5032, 2395
2.5034, 2394
2.5099, 2393
2.5185, 2392
2.5229, 2391
2.5232, 2390
2.5234, 2389
2.5382, 2388
2.5384, 2387
2.5387, 2386
2.5431, 2385
2.5434, 2384
2.5570, 2383
2.5750, 2382
2.5775, 2381
2.5821, 2380
2.5824, 2379
2.5890, 2378
2.5892, 2377
2.5979, 2376
2.5981, 2375
2.5984, 2374
2.6029, 2373
2.6031, 2372
2.6076, 2371
2.6120, 2370
2.6144, 2369
2.6190, 2368
2.6192, 2367
2.6194, 2366
2.6429, 2365
2.6432, 2364
2.6434, 2363
2.6479, 2362
2.6482, 2361
2.6484, 2360
2.6572, 2359
2.6575, 2358
2.6577, 2357
2.6580, 2356
2.6582, 2355
2.6584, 2354
2.6820, 2353
2.6823, 2352
2.6825, 2351
2.6828, 2350
2.6937, 2349
2.6940, 2348
2.6942, 2347
2.6944, 2346
2.7011, 2345
2.7014, 2344
2.7184, 2343
2.7229, 2342
2.7293, 2341
2.7337, 2340
2.7382, 2339
2.7551, 2338
2.7763, 2337
2.7765, 2336
2.7977, 2335
2.7979, 2334
2.7981, 2333
2.8194, 2332
2.8196, 2331
2.8198, 2330
2.8242, 2329
2.8455, 2328
2.8699, 2327
2.8701, 2326
2.8703, 2325
2.8706, 2324
2.8792, 2323
2.8794, 2322
2.8883, 2321
2.8885, 2320
2.9246, 2319
2.9249, 2318
3.0260, 2317
3.0284, 2316
3.0307, 2315
3.0352, 2314
3.0354, 2313
3.0377, 2312
3.0421, 2311
3.0423, 2310
3.0467, 2309
3.0616, 2308
3.0682, 2307
3.0684, 2306
3.0770, 2305
3.0772, 2304
3.0816, 2303
3.0819, 2302
3.0948, 2301
3.0992, 2300
3.1057, 2299
3.1059, 2298
3.1083, 2297
3.1190, 2296
3.1234, 2295
3.1236, 2294
3.1302, 2293
3.1305, 2292
3.1348, 2291
3.1351, 2290
3.1436, 2289
3.1479, 2288
3.1607, 2287
3.1692, 2286
3.1798, 2285
3.1800, 2284
3.1844, 2283
3.1889, 2282
3.1912, 2281
3.1914, 2280
3.2066, 2279
3.2195, 2278
3.2302, 2277
3.2535, 2276
3.2579, 2275
3.2688, 2274
3.3006, 2273
3.3094, 2272
3.3096, 2271
3.3098, 2270
3.3101, 2269
3.3103, 2268
3.3105, 2267
3.3234, 2266
3.3236, 2265
3.3238, 2264
3.3262, 2263
3.3264, 2262
3.3476, 2261
3.3584, 2260
3.3649, 2259
3.3787, 2258
3.3789, 2257
3.3996, 2256
3.4065, 2255
3.4112, 2254
3.4226, 2253
3.4294, 2252
3.4296, 2251
3.4472, 2250
3.4583, 2249
3.4694, 2248
3.4782, 2247
3.4827, 2246
3.4895, 2245
3.5049, 2244
3.5221, 2243
3.5223, 2242
3.5330, 2241
3.5375, 2240
3.5503, 2239
3.5568, 2238
3.5697, 2237
3.5700, 2236
3.5763, 2235
3.5766, 2234
3.5893, 2233
3.5958, 2232
3.6146, 2231
3.6211, 2230
3.6381, 2229
3.6511, 2228
3.6576, 2227
3.6723, 2226
3.8332, 2225
3.8900, 2224
3.9092, 2223
3.9219, 2222
3.9263, 2221
3.9866, 2220
4.0495, 2219
4.1373, 2218
4.3690, 2217
4.4159, 2216
