0.0393, 2281
0.0430, 2280
0.1031, 2279
0.1338, 2278
0.1455, 2276
0.1694, 2275
0.1790, 2274
0.1887, 2272
0.2751, 2271
0.2873, 2270
0.2935, 2268
0.3145, 2267
0.3358, 2266
0.4030, 2265
0.4310, 2264
0.4772, 2263
0.4957, 2262
0.5174, 2261
0.5385, 2260
0.6121, 2258
0.6725, 2257
0.7870, 2256
0.8023, 2255
0.8571, 2254
0.9030, 2253
0.9245, 2252
1.2119, 2250
1.2179, 2249
1.2241, 2247
1.2515, 2246
1.3759, 2245
1.4424, 2244
1.4819, 2243
1.4940, 2242
1.5364, 2241
1.6011, 2240
1.7761, 2239
1.7976, 2238
1.8161, 2237
1.8835, 2236
1.9385, 2235
2.0764, 2232
2.1194, 2231
2.2116, 2230
2.6160, 2229
2.7295, 2228
2.8306, 2225
2.8491, 2224
3.0094, 2223
3.0755, 2222
3.1186, 2221
