0.0322, 2281
0.0860, 2280
0.0907, 2279
0.1347, 2277
0.1872, 2276
0.2243, 2275
0.3347, 2274
0.3538, 2273
0.3633, 2272
0.4498, 2270
0.4566, 2269
0.4903, 2268
0.4967, 2267
0.5246, 2266
0.5589, 2265
0.5651, 2264
0.6183, 2263
0.6276, 2261
0.6401, 2260
0.6861, 2259
0.7363, 2258
0.7551, 2257
0.7675, 2256
0.7890, 2255
0.8947, 2254
0.9654, 2252
0.9686, 2251
1.0088, 2250
1.0679, 2249
1.1242, 2248
1.1444, 2247
1.1693, 2246
1.2096, 2245
1.2654, 2244
1.3053, 2243
1.4416, 2242
1.6452, 2240
1.6714, 2239
1.7278, 2238
1.7377, 2237
1.8355, 2236
1.8419, 2235
1.8792, 2234
1.9449, 2233
1.9702, 2230
1.9951, 2229
2.5809, 2228
2.6151, 2227
2.7428, 2226
3.0964, 2225
