0.6585, 3931
0.6589, 3930
0.6593, 3929
0.6596, 3928
0.6599, 3927
0.6602, 3926
0.6606, 3925
0.6609, 3924
0.6612, 3923
0.6616, 3922
0.6619, 3921
0.6622, 3920
0.6626, 3919
0.6629, 3918
0.6633, 3917
0.6636, 3916
0.6639, 3915
0.6643, 3914
0.6646, 3913
0.6649, 3912
0.6653, 3911
0.6656, 3910
0.6659, 3909
0.6662, 3908
0.6666, 3907
0.6670, 3906
0.6673, 3905
0.6676, 3904
0.6679, 3903
0.6683, 3902
0.6686, 3901
0.6689, 3900
0.6693, 3899
0.6696, 3898
0.6699, 3897
0.6702, 3896
0.6706, 3895
0.6709, 3894
0.6712, 3893
0.6715, 3892
0.6719, 3891
0.6722, 3890
0.6725, 3889
0.6729, 3888
0.6732, 3887
0.6735, 3886
0.6739, 3885
0.6742, 3884
0.6745, 3883
0.6748, 3882
0.6752, 3881
0.6755, 3880
0.6758, 3879
0.6762, 3878
0.6765, 3877
0.6768, 3876
0.6772, 3875
0.6775, 3874
0.6778, 3873
0.6781, 3872
0.6785, 3871
0.6788, 3870
0.6791, 3869
0.6795, 3868
0.6798, 3867
0.6801, 3866
0.6804, 3865
0.6807, 3864
0.6811, 3863
0.6814, 3862
0.6817, 3861
0.6820, 3860
0.6824, 3859
0.6827, 3858
0.6830, 3857
0.6834, 3856
0.6837, 3855
0.6840, 3854
0.6843, 3853
0.6846, 3852
0.6850, 3851
0.6853, 3850
0.6856, 3849
0.6860, 3848
0.6863, 3847
0.6866, 3846
0.6869, 3845
0.6873, 3844
0.6876, 3843
0.6879, 3842
0.6882, 3841
0.6886, 3840
0.6889, 3839
0.6893, 3838
0.6896, 3837
0.6899, 3836
0.6902, 3835
0.6906, 3834
0.6909, 3833
0.6912, 3832
0.6915, 3831
0.6919, 3830
0.6922, 3829
0.6925, 3828
0.6929, 3827
0.6932, 3826
0.6935, 3825
0.6939, 3824
0.6942, 3823
0.6946, 3822
0.6950, 3821
0.6954, 3820
0.6957, 3819
0.6960, 3818
0.6964, 3817
0.6967, 3816
0.6970, 3815
0.6974, 3814
0.6977, 3813
0.6980, 3812
0.6984, 3811
0.6987, 3810
0.6990, 3809
0.6994, 3808
0.6997, 3807
0.7001, 3806
0.7005, 3805
0.7008, 3804
0.7011, 3803
0.7014, 3802
0.7018, 3801
0.7021, 3800
0.7024, 3799
0.7028, 3798
0.7032, 3797
0.7035, 3796
0.7038, 3795
0.7042, 3794
0.7045, 3793
0.7049, 3792
0.7052, 3791
0.7055, 3790
0.7058, 3789
0.7061, 3788
0.7065, 3787
0.7068, 3786
0.7071, 3785
0.7074, 3784
0.7078, 3783
0.7081, 3782
0.7084, 3781
0.7088, 3780
0.7091, 3779
0.7094, 3778
0.7098, 3777
0.7101, 3776
0.7104, 3775
0.7108, 3774
0.7111, 3773
0.7114, 3772
0.7117, 3771
0.7121, 3770
0.7124, 3769
0.7127, 3768
0.7130, 3767
0.7133, 3766
0.7137, 3765
0.7140, 3764
0.7143, 3763
0.7146, 3762
0.7150, 3761
0.7153, 3760
0.7156, 3759
0.7159, 3758
0.7163, 3757
0.7167, 3756
0.7170, 3755
0.7173, 3754
0.7176, 3753
0.7179, 3752
0.7183, 3751
0.7186, 3750
0.7189, 3749
0.7192, 3748
0.7196, 3747
0.7199, 3746
0.7203, 3745
0.7206, 3744
0.7209, 3743
0.7213, 3742
0.7216, 3741
0.7219, 3740
0.7222, 3739
0.7226, 3738
0.7229, 3737
0.7232, 3736
0.7236, 3735
0.7239, 3734
0.7242, 3733
0.7246, 3732
0.7249, 3731
0.7252, 3730
0.7256, 3729
0.7259, 3728
0.7262, 3727
0.7266, 3726
0.7269, 3725
0.7272, 3724
0.7275, 3723
0.7278, 3722
0.7282, 3721
0.7285, 3720
0.7288, 3719
0.7291, 3718
0.7295, 3717
0.7298, 3716
0.7301, 3715
0.7305, 3714
0.7308, 3713
0.7311, 3712
0.7315, 3711
0.7318, 3710
0.7321, 3709
0.7325, 3708
0.7328, 3707
0.7331, 3706
0.7335, 3705
0.7338, 3704
0.7341, 3703
0.7344, 3702
0.7348, 3701
0.7351, 3700
0.7354, 3699
0.7357, 3698
0.7360, 3697
0.7364, 3696
0.7367, 3695
0.7370, 3694
0.7373, 3693
0.7376, 3692
0.7380, 3691
0.7383, 3690
0.7386, 3689
0.7389, 3688
0.7392, 3687
0.7395, 3686
0.7399, 3685
0.7402, 3684
0.7405, 3683
0.7408, 3682
0.7411, 3681
0.7415, 3680
0.7418, 3679
0.7421, 3678
0.7424, 3677
0.7427, 3676
0.7431, 3675
0.7434, 3674
0.7437, 3673
0.7440, 3672
0.7443, 3671
0.7446, 3670
0.7450, 3669
0.7453, 3668
0.7456, 3667
0.7459, 3666
0.7462, 3665
0.7466, 3664
0.7469, 3663
0.7473, 3662
0.7476, 3661
0.7479, 3660
0.7482, 3659
0.7486, 3658
0.7489, 3657
0.7493, 3656
0.7496, 3655
0.7499, 3654
0.7503, 3653
0.7507, 3652
0.7510, 3651
0.7513, 3650
0.7516, 3649
0.7519, 3648
0.7523, 3647
0.7526, 3646
0.7529, 3645
0.7532, 3644
0.7536, 3643
0.7539, 3642
0.7542, 3641
0.7546, 3640
0.7549, 3639
0.7553, 3638
0.7556, 3637
0.7559, 3636
0.7562, 3635
0.7566, 3634
0.7569, 3633
0.7572, 3632
0.7576, 3631
0.7579, 3630
0.7582, 3629
0.7585, 3628
0.7588, 3627
0.7591, 3626
0.7594, 3625
0.7598, 3624
0.7601, 3623
0.7604, 3622
0.7607, 3621
0.7610, 3620
0.7613, 3619
0.7616, 3618
0.7620, 3617
0.7623, 3616
0.7626, 3615
0.7630, 3614
0.7633, 3613
0.7636, 3612
0.7639, 3611
0.7643, 3610
0.7646, 3609
0.7649, 3608
0.7652, 3607
0.7655, 3606
0.7659, 3605
0.7662, 3604
0.7666, 3603
0.7669, 3602
0.7672, 3601
0.7676, 3600
0.7679, 3599
0.7683, 3598
0.7686, 3597
0.7689, 3596
0.7692, 3595
0.7696, 3594
0.7699, 3593
0.7702, 3592
0.7706, 3591
0.7709, 3590
0.7713, 3589
0.7716, 3588
0.7719, 3587
0.7722, 3586
0.7725, 3585
0.7728, 3584
0.7732, 3583
0.7735, 3582
0.7738, 3581
0.7742, 3580
0.7745, 3579
0.7748, 3578
0.7752, 3577
0.7755, 3576
0.7758, 3575
0.7761, 3574
0.7765, 3573
0.7768, 3572
0.7771, 3571
0.7775, 3570
0.7778, 3569
0.7781, 3568
0.7784, 3567
0.7787, 3566
0.7791, 3565
0.7794, 3564
0.7797, 3563
0.7800, 3562
0.7804, 3561
0.7807, 3560
0.7810, 3559
0.7813, 3558
0.7816, 3557
0.7819, 3556
0.7823, 3555
0.7826, 3554
0.7829, 3553
0.7832, 3552
0.7835, 3551
0.7839, 3550
0.7842, 3549
0.7845, 3548
0.7848, 3547
0.7851, 3546
0.7855, 3545
0.7858, 3544
0.7861, 3543
0.7865, 3542
0.7868, 3541
0.7871, 3540
0.7874, 3539
0.7878, 3538
0.7881, 3537
0.7884, 3536
0.7888, 3535
0.7891, 3534
0.7894, 3533
0.7897, 3532
0.7900, 3531
0.7903, 3530
0.7906, 3529
0.7909, 3528
0.7912, 3527
0.7916, 3526
0.7919, 3525
0.7922, 3524
0.7925, 3523
0.7928, 3522
0.7931, 3521
0.7935, 3520
0.7938, 3519
0.7941, 3518
0.7945, 3517
0.7948, 3516
0.7951, 3515
0.7954, 3514
0.7958, 3513
0.7961, 3512
0.7964, 3511
0.7967, 3510
0.7971, 3509
0.7974, 3508
0.7977, 3507
0.7980, 3506
0.7984, 3505
0.7987, 3504
0.7990, 3503
0.7993, 3502
0.7996, 3501
0.7999, 3500
0.8002, 3499
0.8005, 3498
0.8008, 3497
0.8011, 3496
0.8014, 3495
0.8017, 3494
0.8021, 3493
0.8024, 3492
0.8027, 3491
0.8030, 3490
0.8033, 3489
0.8036, 3488
0.8039, 3487
0.8042, 3486
0.8045, 3485
0.8048, 3484
0.8052, 3483
0.8055, 3482
0.8058, 3481
0.8061, 3480
0.8064, 3479
0.8067, 3478
0.8070, 3477
0.8073, 3476
0.8076, 3475
0.8079, 3474
0.8082, 3473
0.8085, 3472
0.8088, 3471
0.8091, 3470
0.8094, 3469
0.8097, 3468
0.8100, 3467
0.8103, 3466
0.8106, 3465
0.8109, 3464
0.8112, 3463
0.8115, 3462
0.8118, 3461
0.8121, 3460
0.8124, 3459
0.8127, 3458
0.8130, 3457
0.8134, 3456
0.8137, 3455
0.8140, 3454
0.8143, 3453
0.8146, 3452
0.8149, 3451
0.8152, 3450
0.8155, 3449
0.8158, 3448
0.8161, 3447
0.8164, 3446
0.8167, 3445
0.8170, 3444
0.8173, 3443
0.8176, 3442
0.8179, 3441
0.8182, 3440
0.8185, 3439
0.8188, 3438
0.8191, 3437
0.8194, 3436
0.8197, 3435
0.8200, 3434
0.8203, 3433
0.8206, 3432
0.8209, 3431
0.8212, 3430
0.8215, 3429
0.8218, 3428
0.8222, 3427
0.8225, 3426
0.8228, 3425
0.8231, 3424
0.8234, 3423
0.8237, 3422
0.8240, 3421
0.8243, 3420
0.8247, 3419
0.8250, 3418
0.8253, 3417
0.8256, 3416
0.8259, 3415
0.8262, 3414
0.8265, 3413
0.8269, 3412
0.8271, 3411
0.8275, 3410
0.8278, 3409
0.8281, 3408
0.8284, 3407
0.8287, 3406
0.8290, 3405
0.8293, 3404
0.8296, 3403
0.8299, 3402
0.8302, 3401
0.8305, 3400
0.8308, 3399
0.8311, 3398
0.8315, 3397
0.8318, 3396
0.8321, 3395
0.8324, 3394
0.8327, 3393
0.8330, 3392
0.8333, 3391
0.8336, 3390
0.8339, 3389
0.8343, 3388
0.8345, 3387
0.8348, 3386
0.8351, 3385
0.8354, 3384
0.8358, 3383
0.8361, 3382
0.8364, 3381
0.8367, 3380
0.8370, 3379
0.8373, 3378
0.8376, 3377
0.8379, 3376
0.8382, 3375
0.8385, 3374
0.8388, 3373
0.8392, 3372
0.8395, 3371
0.8398, 3370
0.8400, 3369
0.8403, 3368
0.8406, 3367
0.8409, 3366
0.8413, 3365
0.8416, 3364
0.8419, 3363
0.8422, 3362
0.8425, 3361
0.8428, 3360
0.8431, 3359
0.8433, 3358
0.8436, 3357
0.8439, 3356
0.8442, 3355
0.8445, 3354
0.8449, 3353
0.8451, 3352
0.8455, 3351
0.8458, 3350
0.8461, 3349
0.8464, 3348
0.8467, 3347
0.8470, 3346
0.8473, 3345
0.8476, 3344
0.8479, 3343
0.8482, 3342
0.8485, 3341
0.8488, 3340
0.8491, 3339
0.8494, 3338
0.8497, 3337
0.8500, 3336
0.8503, 3335
0.8506, 3334
0.8509, 3333
0.8512, 3332
0.8515, 3331
0.8518, 3330
0.8521, 3329
0.8524, 3328
0.8527, 3327
0.8530, 3326
0.8532, 3325
0.8535, 3324
0.8538, 3323
0.8541, 3322
0.8544, 3321
0.8548, 3320
0.8551, 3319
0.8554, 3318
0.8557, 3317
0.8560, 3316
0.8563, 3315
0.8566, 3314
0.8569, 3313
0.8573, 3312
0.8576, 3311
0.8579, 3310
0.8582, 3309
0.8585, 3308
0.8589, 3307
0.8592, 3306
0.8595, 3305
0.8598, 3304
0.8602, 3303
0.8605, 3302
0.8608, 3301
0.8612, 3300
0.8615, 3299
0.8618, 3298
0.8621, 3297
0.8625, 3296
0.8627, 3295
0.8630, 3294
0.8633, 3293
0.8637, 3292
0.8640, 3291
0.8644, 3290
0.8647, 3289
0.8650, 3288
0.8653, 3287
0.8656, 3286
0.8659, 3285
0.8662, 3284
0.8665, 3283
0.8668, 3282
0.8671, 3281
0.8674, 3280
0.8678, 3279
0.8681, 3278
0.8684, 3277
0.8687, 3276
0.8690, 3275
0.8693, 3274
0.8696, 3273
0.8699, 3272
0.8702, 3271
0.8706, 3270
0.8709, 3269
0.8712, 3268
0.8715, 3267
0.8718, 3266
0.8721, 3265
0.8724, 3264
0.8727, 3263
0.8730, 3262
0.8733, 3261
0.8736, 3260
0.8739, 3259
0.8742, 3258
0.8745, 3257
0.8748, 3256
0.8751, 3255
0.8754, 3254
0.8757, 3253
0.8760, 3252
0.8763, 3251
0.8766, 3250
0.8769, 3249
0.8772, 3248
0.8775, 3247
0.8778, 3246
0.8781, 3245
0.8784, 3244
0.8787, 3243
0.8790, 3242
0.8793, 3241
0.8796, 3240
0.8799, 3239
0.8802, 3238
0.8805, 3237
0.8808, 3236
0.8811, 3235
0.8814, 3234
0.8817, 3233
0.8820, 3232
0.8824, 3231
0.8827, 3230
0.8830, 3229
0.8833, 3228
0.8836, 3227
0.8839, 3226
0.8843, 3225
0.8846, 3224
0.8849, 3223
0.8852, 3222
0.8856, 3221
0.8859, 3220
0.8862, 3219
0.8865, 3218
0.8868, 3217
0.8871, 3216
0.8874, 3215
0.8877, 3214
0.8880, 3213
0.8883, 3212
0.8886, 3211
0.8888, 3210
0.8891, 3209
0.8894, 3208
0.8897, 3207
0.8900, 3206
0.8903, 3205
0.8907, 3204
0.8910, 3203
0.8914, 3202
0.8917, 3201
0.8920, 3200
0.8924, 3199
0.8927, 3198
0.8930, 3197
0.8933, 3196
0.8936, 3195
0.8940, 3194
0.8943, 3193
0.8946, 3192
0.8949, 3191
0.8952, 3190
0.8955, 3189
0.8958, 3188
0.8961, 3187
0.8964, 3186
0.8968, 3185
0.8971, 3184
0.8974, 3183
0.8977, 3182
0.8980, 3181
0.8983, 3180
0.8986, 3179
0.8990, 3178
0.8994, 3177
0.8997, 3176
0.9000, 3175
0.9003, 3174
0.9006, 3173
0.9009, 3172
0.9011, 3171
0.9014, 3170
0.9017, 3169
0.9020, 3168
0.9023, 3167
0.9026, 3166
0.9029, 3165
0.9032, 3164
0.9035, 3163
0.9038, 3162
0.9041, 3161
0.9044, 3160
0.9047, 3159
0.9050, 3158
0.9052, 3157
0.9055, 3156
0.9058, 3155
0.9061, 3154
0.9064, 3153
0.9067, 3152
0.9070, 3151
0.9072, 3150
0.9076, 3149
0.9079, 3148
0.9082, 3147
0.9085, 3146
0.9088, 3145
0.9091, 3144
0.9095, 3143
0.9098, 3142
0.9101, 3141
0.9104, 3140
0.9107, 3139
0.9110, 3138
0.9113, 3137
0.9116, 3136
0.9119, 3135
0.9122, 3134
0.9125, 3133
0.9128, 3132
0.9131, 3131
0.9134, 3130
0.9137, 3129
0.9140, 3128
0.9143, 3127
0.9145, 3126
0.9148, 3125
0.9151, 3124
0.9154, 3123
0.9157, 3122
0.9160, 3121
0.9163, 3120
0.9166, 3119
0.9168, 3118
0.9171, 3117
0.9174, 3116
0.9177, 3115
0.9179, 3114
0.9183, 3113
0.9186, 3112
0.9188, 3111
0.9191, 3110
0.9194, 3109
0.9197, 3108
0.9200, 3107
0.9202, 3106
0.9205, 3105
0.9208, 3104
0.9211, 3103
0.9214, 3102
0.9217, 3101
0.9220, 3100
0.9223, 3099
0.9226, 3098
0.9229, 3097
0.9232, 3096
0.9235, 3095
0.9238, 3094
0.9241, 3093
0.9244, 3092
0.9246, 3091
0.9249, 3090
0.9252, 3089
0.9255, 3088
0.9258, 3087
0.9261, 3086
0.9265, 3085
0.9267, 3084
0.9270, 3083
0.9274, 3082
0.9276, 3081
0.9280, 3080
0.9283, 3079
0.9286, 3078
0.9288, 3077
0.9291, 3076
0.9294, 3075
0.9297, 3074
0.9300, 3073
0.9303, 3072
0.9306, 3071
0.9309, 3070
0.9312, 3069
0.9314, 3068
0.9317, 3067
0.9320, 3066
0.9323, 3065
0.9325, 3064
0.9328, 3063
0.9331, 3062
0.9334, 3061
0.9337, 3060
0.9340, 3059
0.9343, 3058
0.9345, 3057
0.9348, 3056
0.9351, 3055
0.9354, 3054
0.9357, 3053
0.9360, 3052
0.9363, 3051
0.9366, 3050
0.9369, 3049
0.9371, 3048
0.9374, 3047
0.9377, 3046
0.9380, 3045
0.9383, 3044
0.9385, 3043
0.9388, 3042
0.9391, 3041
0.9393, 3040
0.9396, 3039
0.9399, 3038
0.9402, 3037
0.9404, 3036
0.9407, 3035
0.9411, 3034
0.9413, 3033
0.9416, 3032
0.9419, 3031
0.9422, 3030
0.9424, 3029
0.9427, 3028
0.9430, 3027
0.9433, 3026
0.9435, 3025
0.9438, 3024
0.9441, 3023
0.9444, 3022
0.9447, 3021
0.9450, 3020
0.9452, 3019
0.9455, 3018
0.9458, 3017
0.9461, 3016
0.9463, 3015
0.9466, 3014
0.9469, 3013
0.9471, 3012
0.9474, 3011
0.9477, 3010
0.9480, 3009
0.9482, 3008
0.9485, 3007
0.9488, 3006
0.9491, 3005
0.9493, 3004
0.9496, 3003
0.9499, 3002
0.9501, 3001
0.9504, 3000
0.9507, 2999
0.9510, 2998
0.9512, 2997
0.9515, 2996
0.9518, 2995
0.9520, 2994
0.9523, 2993
0.9526, 2992
0.9529, 2991
0.9531, 2990
0.9534, 2989
0.9537, 2988
0.9540, 2987
0.9543, 2986
0.9545, 2985
0.9548, 2984
0.9551, 2983
0.9554, 2982
0.9556, 2981
0.9559, 2980
0.9562, 2979
0.9565, 2978
0.9568, 2977
0.9571, 2976
0.9574, 2975
0.9577, 2974
0.9580, 2973
0.9582, 2972
0.9585, 2971
0.9588, 2970
0.9590, 2969
0.9593, 2968
0.9596, 2967
0.9598, 2966
0.9601, 2965
0.9604, 2964
0.9607, 2963
0.9610, 2962
0.9612, 2961
0.9615, 2960
0.9618, 2959
0.9621, 2958
0.9624, 2957
0.9628, 2956
0.9630, 2955
0.9633, 2954
0.9636, 2953
0.9639, 2952
0.9642, 2951
0.9644, 2950
0.9647, 2949
0.9650, 2948
0.9652, 2947
0.9655, 2946
0.9658, 2945
0.9661, 2944
0.9664, 2943
0.9667, 2942
0.9670, 2941
0.9673, 2940
0.9676, 2939
0.9678, 2938
0.9681, 2937
0.9684, 2936
0.9687, 2935
0.9690, 2934
0.9693, 2933
0.9696, 2932
0.9699, 2931
0.9702, 2930
0.9705, 2929
0.9708, 2928
0.9711, 2927
0.9714, 2926
0.9716, 2925
0.9719, 2924
0.9722, 2923
0.9725, 2922
0.9729, 2921
0.9732, 2920
0.9734, 2919
0.9738, 2918
0.9741, 2917
0.9743, 2916
0.9746, 2915
0.9749, 2914
0.9752, 2913
0.9755, 2912
0.9758, 2911
0.9761, 2910
0.9764, 2909
0.9766, 2908
0.9769, 2907
0.9772, 2906
0.9774, 2905
0.9777, 2904
0.9780, 2903
0.9783, 2902
0.9785, 2901
0.9788, 2900
0.9791, 2899
0.9794, 2898
0.9797, 2897
0.9800, 2896
0.9803, 2895
0.9806, 2894
0.9808, 2893
0.9811, 2892
0.9814, 2891
0.9817, 2890
0.9820, 2889
0.9823, 2888
0.9826, 2887
0.9828, 2886
0.9831, 2885
0.9834, 2884
0.9837, 2883
0.9840, 2882
0.9843, 2881
0.9845, 2880
0.9848, 2879
0.9851, 2878
0.9854, 2877
0.9857, 2876
0.9859, 2875
0.9862, 2874
0.9865, 2873
0.9868, 2872
0.9870, 2871
0.9873, 2870
0.9876, 2869
0.9879, 2868
0.9881, 2867
0.9884, 2866
0.9887, 2865
0.9890, 2864
0.9892, 2863
0.9895, 2862
0.9898, 2861
0.9900, 2860
0.9903, 2859
0.9906, 2858
0.9909, 2857
0.9911, 2856
0.9914, 2855
0.9917, 2854
0.9919, 2853
0.9922, 2852
0.9925, 2851
0.9928, 2850
0.9931, 2849
0.9933, 2848
0.9936, 2847
0.9939, 2846
0.9942, 2845
0.9945, 2844
0.9948, 2843
0.9950, 2842
0.9953, 2841
0.9956, 2840
0.9959, 2839
0.9962, 2838
0.9964, 2837
0.9967, 2836
0.9970, 2835
0.9973, 2834
0.9975, 2833
0.9978, 2832
0.9981, 2831
0.9984, 2830
0.9986, 2829
0.9989, 2828
0.9992, 2827
0.9995, 2826
0.9997, 2825
1.0000, 2824
1.0003, 2823
1.0006, 2822
1.0008, 2821
1.0011, 2820
1.0013, 2819
1.0016, 2818
1.0019, 2817
1.0021, 2816
1.0024, 2815
1.0027, 2814
1.0029, 2813
1.0032, 2812
1.0035, 2811
1.0037, 2810
1.0040, 2809
1.0043, 2808
1.0045, 2807
1.0048, 2806
1.0051, 2805
1.0053, 2804
1.0056, 2803
1.0059, 2802
1.0062, 2801
1.0064, 2800
1.0067, 2799
1.0070, 2798
1.0072, 2797
1.0075, 2796
1.0078, 2795
1.0081, 2794
1.0084, 2793
1.0086, 2792
1.0089, 2791
1.0091, 2790
1.0094, 2789
1.0097, 2788
1.0099, 2787
1.0102, 2786
1.0105, 2785
1.0107, 2784
1.0110, 2783
1.0113, 2782
1.0115, 2781
1.0118, 2780
1.0121, 2779
1.0123, 2778
1.0126, 2777
1.0129, 2776
1.0131, 2775
1.0134, 2774
1.0136, 2773
1.0139, 2772
1.0142, 2771
1.0144, 2770
1.0147, 2769
1.0150, 2768
1.0153, 2767
1.0155, 2766
1.0158, 2765
1.0161, 2764
1.0163, 2763
1.0166, 2762
1.0169, 2761
1.0171, 2760
1.0174, 2759
1.0177, 2758
1.0180, 2757
1.0183, 2756
1.0186, 2755
1.0188, 2754
1.0191, 2753
1.0194, 2752
1.0197, 2751
1.0199, 2750
1.0202, 2749
1.0205, 2748
1.0208, 2747
1.0210, 2746
1.0213, 2745
1.0216, 2744
1.0220, 2743
1.0223, 2742
1.0226, 2741
1.0229, 2740
1.0231, 2739
1.0234, 2738
1.0237, 2737
1.0240, 2736
1.0242, 2735
1.0245, 2734
1.0248, 2733
1.0250, 2732
1.0254, 2731
1.0256, 2730
1.0259, 2729
1.0262, 2728
1.0264, 2727
1.0267, 2726
1.0270, 2725
1.0272, 2724
1.0275, 2723
1.0278, 2722
1.0280, 2721
1.0283, 2720
1.0286, 2719
1.0289, 2718
1.0291, 2717
1.0294, 2716
1.0297, 2715
1.0299, 2714
1.0302, 2713
1.0304, 2712
1.0307, 2711
1.0310, 2710
1.0313, 2709
1.0315, 2708
1.0318, 2707
1.0321, 2706
1.0323, 2705
1.0326, 2704
1.0328, 2703
1.0331, 2702
1.0334, 2701
1.0337, 2700
1.0340, 2699
1.0342, 2698
1.0345, 2697
1.0348, 2696
1.0351, 2695
1.0354, 2694
1.0357, 2693
1.0360, 2692
1.0363, 2691
1.0366, 2690
1.0368, 2689
1.0371, 2688
1.0374, 2687
1.0376, 2686
1.0379, 2685
1.0382, 2684
1.0384, 2683
1.0387, 2682
1.0390, 2681
1.0392, 2680
1.0395, 2679
1.0398, 2678
1.0401, 2677
1.0405, 2676
1.0407, 2675
1.0410, 2674
1.0413, 2673
1.0416, 2672
1.0419, 2671
1.0421, 2670
1.0424, 2669
1.0427, 2668
1.0429, 2667
1.0432, 2666
1.0435, 2665
1.0438, 2664
1.0440, 2663
1.0443, 2662
1.0446, 2661
1.0448, 2660
1.0451, 2659
1.0453, 2658
1.0456, 2657
1.0459, 2656
1.0461, 2655
1.0464, 2654
1.0467, 2653
1.0469, 2652
1.0472, 2651
1.0475, 2650
1.0477, 2649
1.0480, 2648
1.0483, 2647
1.0485, 2646
1.0488, 2645
1.0491, 2644
1.0493, 2643
1.0496, 2642
1.0498, 2641
1.0501, 2640
1.0504, 2639
1.0506, 2638
1.0509, 2637
1.0511, 2636
1.0514, 2635
1.0517, 2634
1.0519, 2633
1.0522, 2632
1.0524, 2631
1.0527, 2630
1.0530, 2629
1.0532, 2628
1.0534, 2627
1.0537, 2626
1.0539, 2625
1.0542, 2624
1.0544, 2623
1.0547, 2622
1.0550, 2621
1.0552, 2620
1.0555, 2619
1.0558, 2618
1.0561, 2617
1.0563, 2616
1.0566, 2615
1.0569, 2614
1.0571, 2613
1.0574, 2612
1.0577, 2611
1.0579, 2610
1.0582, 2609
1.0585, 2608
1.0588, 2607
1.0591, 2606
1.0593, 2605
1.0596, 2604
1.0599, 2603
1.0602, 2602
1.0604, 2601
1.0607, 2600
1.0610, 2599
1.0613, 2598
1.0615, 2597
1.0618, 2596
1.0621, 2595
1.0624, 2594
1.0627, 2593
1.0629, 2592
1.0632, 2591
1.0635, 2590
1.0637, 2589
1.0640, 2588
1.0643, 2587
1.0646, 2586
1.0648, 2585
1.0651, 2584
1.0654, 2583
1.0656, 2582
1.0659, 2581
1.0662, 2580
1.0665, 2579
1.0667, 2578
1.0670, 2577
1.0673, 2576
1.0675, 2575
1.0678, 2574
1.0680, 2573
1.0683, 2572
1.0686, 2571
1.0731, 2570
1.0814, 2569
1.0817, 2568
1.0962, 2567
1.0964, 2566
1.1047, 2565
1.1049, 2564
1.1236, 2563
1.1341, 2562
1.1425, 2561
1.1713, 2560
1.1715, 2559
1.1779, 2558
1.1843, 2557
1.1949, 2556
1.1951, 2555
1.1994, 2554
1.2119, 2553
1.2325, 2552
1.2370, 2551
1.2393, 2550
1.2395, 2549
1.2398, 2548
1.2484, 2547
1.2487, 2546
1.2489, 2545
1.2704, 2544
1.2727, 2543
1.2811, 2542
1.2899, 2541
1.2901, 2540
1.2965, 2539
1.3096, 2538
1.3160, 2537
1.3369, 2536
1.3515, 2535
1.3517, 2534
1.3540, 2533
1.3542, 2532
1.3606, 2531
1.3691, 2530
1.3734, 2529
1.3736, 2528
1.3842, 2527
1.3844, 2526
1.3867, 2525
1.3891, 2524
1.3914, 2523
1.3978, 2522
1.3980, 2521
1.4044, 2520
1.4047, 2519
1.4049, 2518
1.4134, 2517
1.4177, 2516
1.4179, 2515
1.4841, 2514
1.4967, 2513
1.4969, 2512
1.5074, 2511
1.5369, 2510
1.5538, 2509
1.5663, 2508
1.5665, 2507
1.5708, 2506
1.5772, 2505
1.5939, 2504
1.6167, 2503
1.6417, 2502
1.6483, 2501
1.6486, 2500
1.6550, 2499
1.6552, 2498
1.6596, 2497
1.6660, 2496
1.6826, 2495
1.6828, 2494
1.6851, 2493
1.6894, 2492
1.6896, 2491
1.6899, 2490
1.6901, 2489
1.6903, 2488
1.6989, 2487
1.6991, 2486
1.6994, 2485
1.7140, 2484
1.7142, 2483
1.7144, 2482
1.7249, 2481
1.7355, 2480
1.7460, 2479
1.7523, 2478
1.7566, 2477
1.7631, 2476
1.7674, 2475
1.7676, 2474
1.7679, 2473
1.7681, 2472
1.7867, 2471
1.7992, 2470
1.7994, 2469
1.8037, 2468
1.8040, 2467
1.8042, 2466
1.8191, 2465
1.8379, 2464
1.8469, 2463
1.8652, 2462
1.8654, 2461
1.8741, 2460
1.8743, 2459
1.8766, 2458
1.8810, 2457
1.8894, 2456
1.8896, 2455
1.9043, 2454
1.9190, 2453
1.9275, 2452
1.9298, 2451
1.9383, 2450
1.9576, 2449
1.9786, 2448
1.9850, 2447
1.9934, 2446
1.9999, 2445
2.0164, 2444
2.0434, 2443
2.0517, 2442
2.0561, 2441
2.0768, 2440
2.0831, 2439
2.0895, 2438
2.0979, 2437
2.1272, 2436
2.1316, 2435
2.1504, 2434
2.1568, 2433
2.1632, 2432
2.1901, 2431
2.1986, 2430
2.2359, 2429
2.2361, 2428
2.2446, 2427
2.2448, 2426
2.2635, 2425
2.2637, 2424
2.2722, 2423
2.2810, 2422
2.3082, 2421
2.3146, 2420
2.3314, 2419
2.3398, 2418
2.3629, 2417
2.3631, 2416
2.3695, 2415
2.3780, 2414
2.3782, 2413
2.3806, 2412
2.3808, 2411
2.3935, 2410
2.3938, 2409
2.4002, 2408
2.4004, 2407
2.4007, 2406
2.4053, 2405
2.4244, 2404
2.4309, 2403
2.4393, 2402
2.4436, 2401
2.4438, 2400
2.4460, 2399
2.4463, 2398
2.4567, 2397
2.4632, 2396
2.4634, 2395
2.4657, 2394
2.4660, 2393
2.4744, 2392
2.4952, 2391
2.4995, 2390
2.4997, 2389
2.4999, 2388
2.5001, 2387
2.5003, 2386
2.5006, 2385
2.5069, 2384
2.5071, 2383
2.5135, 2382
2.5137, 2381
2.5139, 2380
2.5183, 2379
2.5185, 2378
2.5289, 2377
2.5292, 2376
2.5314, 2375
2.5358, 2374
2.5360, 2373
2.5362, 2372
2.5528, 2371
2.5530, 2370
2.5614, 2369
2.5658, 2368
2.5660, 2367
2.5662, 2366
2.5747, 2365
2.5749, 2364
2.5752, 2363
2.5754, 2362
2.5756, 2361
2.5758, 2360
2.5977, 2359
2.5979, 2358
2.6080, 2357
2.6083, 2356
2.6085, 2355
2.6155, 2354
2.6157, 2353
2.6160, 2352
2.6162, 2351
2.6209, 2350
2.6356, 2349
2.6421, 2348
2.6554, 2347
2.6556, 2346
2.6579, 2345
2.6746, 2344
2.6749, 2343
2.6833, 2342
2.6835, 2341
2.6837, 2340
2.6840, 2339
2.6904, 2338
2.7113, 2337
2.7115, 2336
2.7117, 2335
2.7309, 2334
2.7312, 2333
2.7379, 2332
2.7381, 2331
2.7535, 2330
2.7805, 2329
2.7807, 2328
2.7809, 2327
2.7893, 2326
2.7895, 2325
2.7961, 2324
2.7963, 2323
2.8746, 2322
2.9382, 2321
2.9405, 2320
2.9427, 2319
2.9471, 2318
2.9473, 2317
2.9517, 2316
2.9519, 2315
2.9541, 2314
2.9605, 2313
2.9607, 2312
2.9753, 2311
2.9857, 2310
2.9859, 2309
2.9862, 2308
2.9905, 2307
2.9907, 2306
3.0032, 2305
3.0096, 2304
3.0139, 2303
3.0141, 2302
3.0164, 2301
3.0269, 2300
3.0313, 2299
3.0315, 2298
3.0358, 2297
3.0401, 2296
3.0403, 2295
3.0426, 2294
3.0510, 2293
3.0553, 2292
3.0678, 2291
3.0761, 2290
3.0845, 2289
3.0847, 2288
3.0890, 2287
3.0954, 2286
3.0977, 2285
3.0979, 2284
3.1123, 2283
3.1269, 2282
3.1373, 2281
3.1540, 2280
3.1583, 2279
3.1669, 2278
3.2002, 2277
3.2065, 2276
3.2068, 2275
3.2070, 2274
3.2072, 2273
3.2074, 2272
3.2117, 2271
3.2119, 2270
3.2162, 2269
3.2247, 2268
3.2249, 2267
3.2251, 2266
3.2253, 2265
3.2256, 2264
3.2586, 2263
3.2588, 2262
3.2693, 2261
3.2921, 2260
3.2984, 2259
3.2987, 2258
3.3030, 2257
3.3073, 2256
3.3116, 2255
3.3282, 2254
3.3284, 2253
3.3286, 2252
3.3329, 2251
3.3331, 2250
3.3333, 2249
3.3498, 2248
3.3500, 2247
3.3564, 2246
3.3627, 2245
3.3711, 2244
3.3714, 2243
3.3920, 2242
3.4024, 2241
3.4087, 2240
3.4172, 2239
3.4319, 2238
3.4388, 2237
3.4432, 2236
3.4578, 2235
3.4580, 2234
3.4644, 2233
3.4646, 2232
3.4689, 2231
3.4976, 2230
3.4978, 2229
3.5020, 2228
3.5063, 2227
3.5356, 2226
3.5400, 2225
3.5402, 2224
3.5537, 2223
3.5668, 2222
3.7858, 2221
3.8024, 2220
3.8108, 2219
3.8110, 2218
3.8174, 2217
3.8604, 2216
3.9235, 2215
3.9903, 2214
4.0319, 2213
4.3686, 2212
