0.6707, 3931
0.6711, 3930
0.6714, 3929
0.6718, 3928
0.6721, 3927
0.6724, 3926
0.6728, 3925
0.6731, 3924
0.6734, 3923
0.6738, 3922
0.6741, 3921
0.6745, 3920
0.6748, 3919
0.6751, 3918
0.6755, 3917
0.6758, 3916
0.6762, 3915
0.6765, 3914
0.6768, 3913
0.6772, 3912
0.6775, 3911
0.6779, 3910
0.6782, 3909
0.6785, 3908
0.6788, 3907
0.6792, 3906
0.6795, 3905
0.6798, 3904
0.6802, 3903
0.6805, 3902
0.6808, 3901
0.6812, 3900
0.6815, 3899
0.6818, 3898
0.6822, 3897
0.6825, 3896
0.6828, 3895
0.6832, 3894
0.6835, 3893
0.6838, 3892
0.6842, 3891
0.6845, 3890
0.6848, 3889
0.6852, 3888
0.6855, 3887
0.6858, 3886
0.6862, 3885
0.6865, 3884
0.6868, 3883
0.6872, 3882
0.6875, 3881
0.6878, 3880
0.6882, 3879
0.6885, 3878
0.6888, 3877
0.6892, 3876
0.6895, 3875
0.6898, 3874
0.6902, 3873
0.6905, 3872
0.6909, 3871
0.6912, 3870
0.6915, 3869
0.6918, 3868
0.6922, 3867
0.6925, 3866
0.6929, 3865
0.6932, 3864
0.6935, 3863
0.6939, 3862
0.6942, 3861
0.6945, 3860
0.6949, 3859
0.6952, 3858
0.6955, 3857
0.6959, 3856
0.6962, 3855
0.6965, 3854
0.6968, 3853
0.6972, 3852
0.6975, 3851
0.6978, 3850
0.6981, 3849
0.6985, 3848
0.6988, 3847
0.6991, 3846
0.6994, 3845
0.6998, 3844
0.7001, 3843
0.7004, 3842
0.7008, 3841
0.7011, 3840
0.7014, 3839
0.7018, 3838
0.7021, 3837
0.7025, 3836
0.7028, 3835
0.7031, 3834
0.7035, 3833
0.7038, 3832
0.7041, 3831
0.7045, 3830
0.7048, 3829
0.7051, 3828
0.7055, 3827
0.7058, 3826
0.7062, 3825
0.7065, 3824
0.7068, 3823
0.7072, 3822
0.7075, 3821
0.7079, 3820
0.7082, 3819
0.7085, 3818
0.7089, 3817
0.7092, 3816
0.7096, 3815
0.7099, 3814
0.7102, 3813
0.7106, 3812
0.7109, 3811
0.7113, 3810
0.7116, 3809
0.7120, 3808
0.7123, 3807
0.7127, 3806
0.7130, 3805
0.7133, 3804
0.7137, 3803
0.7140, 3802
0.7144, 3801
0.7147, 3800
0.7150, 3799
0.7154, 3798
0.7157, 3797
0.7161, 3796
0.7164, 3795
0.7168, 3794
0.7172, 3793
0.7175, 3792
0.7178, 3791
0.7181, 3790
0.7185, 3789
0.7188, 3788
0.7191, 3787
0.7195, 3786
0.7198, 3785
0.7201, 3784
0.7205, 3783
0.7208, 3782
0.7211, 3781
0.7215, 3780
0.7218, 3779
0.7221, 3778
0.7225, 3777
0.7228, 3776
0.7231, 3775
0.7235, 3774
0.7238, 3773
0.7242, 3772
0.7246, 3771
0.7249, 3770
0.7253, 3769
0.7256, 3768
0.7259, 3767
0.7263, 3766
0.7266, 3765
0.7270, 3764
0.7273, 3763
0.7276, 3762
0.7279, 3761
0.7283, 3760
0.7287, 3759
0.7290, 3758
0.7294, 3757
0.7297, 3756
0.7301, 3755
0.7304, 3754
0.7308, 3753
0.7311, 3752
0.7314, 3751
0.7318, 3750
0.7322, 3749
0.7326, 3748
0.7329, 3747
0.7333, 3746
0.7336, 3745
0.7340, 3744
0.7343, 3743
0.7347, 3742
0.7350, 3741
0.7354, 3740
0.7357, 3739
0.7361, 3738
0.7365, 3737
0.7368, 3736
0.7371, 3735
0.7375, 3734
0.7378, 3733
0.7381, 3732
0.7385, 3731
0.7388, 3730
0.7392, 3729
0.7395, 3728
0.7399, 3727
0.7402, 3726
0.7405, 3725
0.7408, 3724
0.7412, 3723
0.7415, 3722
0.7419, 3721
0.7422, 3720
0.7425, 3719
0.7429, 3718
0.7433, 3717
0.7436, 3716
0.7439, 3715
0.7442, 3714
0.7446, 3713
0.7449, 3712
0.7453, 3711
0.7456, 3710
0.7460, 3709
0.7463, 3708
0.7466, 3707
0.7470, 3706
0.7473, 3705
0.7476, 3704
0.7480, 3703
0.7483, 3702
0.7486, 3701
0.7490, 3700
0.7493, 3699
0.7496, 3698
0.7499, 3697
0.7503, 3696
0.7506, 3695
0.7509, 3694
0.7512, 3693
0.7516, 3692
0.7519, 3691
0.7522, 3690
0.7525, 3689
0.7529, 3688
0.7532, 3687
0.7535, 3686
0.7538, 3685
0.7541, 3684
0.7545, 3683
0.7548, 3682
0.7551, 3681
0.7555, 3680
0.7558, 3679
0.7561, 3678
0.7565, 3677
0.7569, 3676
0.7573, 3675
0.7576, 3674
0.7579, 3673
0.7583, 3672
0.7586, 3671
0.7589, 3670
0.7593, 3669
0.7596, 3668
0.7600, 3667
0.7603, 3666
0.7606, 3665
0.7610, 3664
0.7613, 3663
0.7617, 3662
0.7620, 3661
0.7623, 3660
0.7626, 3659
0.7630, 3658
0.7633, 3657
0.7636, 3656
0.7640, 3655
0.7643, 3654
0.7646, 3653
0.7650, 3652
0.7653, 3651
0.7656, 3650
0.7660, 3649
0.7663, 3648
0.7667, 3647
0.7670, 3646
0.7673, 3645
0.7677, 3644
0.7680, 3643
0.7683, 3642
0.7687, 3641
0.7690, 3640
0.7694, 3639
0.7698, 3638
0.7701, 3637
0.7704, 3636
0.7708, 3635
0.7711, 3634
0.7714, 3633
0.7718, 3632
0.7721, 3631
0.7724, 3630
0.7728, 3629
0.7731, 3628
0.7735, 3627
0.7738, 3626
0.7741, 3625
0.7745, 3624
0.7748, 3623
0.7751, 3622
0.7755, 3621
0.7758, 3620
0.7761, 3619
0.7765, 3618
0.7768, 3617
0.7771, 3616
0.7775, 3615
0.7778, 3614
0.7781, 3613
0.7784, 3612
0.7788, 3611
0.7791, 3610
0.7794, 3609
0.7797, 3608
0.7800, 3607
0.7803, 3606
0.7807, 3605
0.7810, 3604
0.7813, 3603
0.7816, 3602
0.7819, 3601
0.7823, 3600
0.7826, 3599
0.7829, 3598
0.7832, 3597
0.7835, 3596
0.7839, 3595
0.7842, 3594
0.7845, 3593
0.7849, 3592
0.7852, 3591
0.7855, 3590
0.7858, 3589
0.7862, 3588
0.7865, 3587
0.7868, 3586
0.7871, 3585
0.7874, 3584
0.7877, 3583
0.7881, 3582
0.7884, 3581
0.7887, 3580
0.7891, 3579
0.7894, 3578
0.7897, 3577
0.7901, 3576
0.7904, 3575
0.7907, 3574
0.7910, 3573
0.7914, 3572
0.7917, 3571
0.7920, 3570
0.7923, 3569
0.7926, 3568
0.7930, 3567
0.7933, 3566
0.7937, 3565
0.7940, 3564
0.7943, 3563
0.7947, 3562
0.7950, 3561
0.7953, 3560
0.7956, 3559
0.7959, 3558
0.7962, 3557
0.7965, 3556
0.7969, 3555
0.7972, 3554
0.7975, 3553
0.7978, 3552
0.7981, 3551
0.7984, 3550
0.7988, 3549
0.7991, 3548
0.7994, 3547
0.7997, 3546
0.8001, 3545
0.8004, 3544
0.8008, 3543
0.8011, 3542
0.8014, 3541
0.8017, 3540
0.8020, 3539
0.8023, 3538
0.8027, 3537
0.8030, 3536
0.8033, 3535
0.8036, 3534
0.8039, 3533
0.8042, 3532
0.8045, 3531
0.8049, 3530
0.8052, 3529
0.8055, 3528
0.8058, 3527
0.8061, 3526
0.8065, 3525
0.8068, 3524
0.8071, 3523
0.8074, 3522
0.8077, 3521
0.8080, 3520
0.8083, 3519
0.8087, 3518
0.8090, 3517
0.8093, 3516
0.8096, 3515
0.8099, 3514
0.8103, 3513
0.8106, 3512
0.8109, 3511
0.8112, 3510
0.8115, 3509
0.8118, 3508
0.8122, 3507
0.8125, 3506
0.8128, 3505
0.8132, 3504
0.8135, 3503
0.8138, 3502
0.8141, 3501
0.8145, 3500
0.8148, 3499
0.8151, 3498
0.8154, 3497
0.8157, 3496
0.8160, 3495
0.8163, 3494
0.8167, 3493
0.8170, 3492
0.8173, 3491
0.8176, 3490
0.8180, 3489
0.8183, 3488
0.8186, 3487
0.8189, 3486
0.8193, 3485
0.8196, 3484
0.8199, 3483
0.8203, 3482
0.8206, 3481
0.8209, 3480
0.8212, 3479
0.8215, 3478
0.8219, 3477
0.8222, 3476
0.8225, 3475
0.8228, 3474
0.8231, 3473
0.8235, 3472
0.8238, 3471
0.8241, 3470
0.8245, 3469
0.8248, 3468
0.8251, 3467
0.8254, 3466
0.8258, 3465
0.8261, 3464
0.8264, 3463
0.8267, 3462
0.8270, 3461
0.8273, 3460
0.8277, 3459
0.8280, 3458
0.8283, 3457
0.8286, 3456
0.8289, 3455
0.8292, 3454
0.8296, 3453
0.8299, 3452
0.8302, 3451
0.8305, 3450
0.8308, 3449
0.8311, 3448
0.8314, 3447
0.8317, 3446
0.8320, 3445
0.8323, 3444
0.8326, 3443
0.8329, 3442
0.8332, 3441
0.8335, 3440
0.8339, 3439
0.8342, 3438
0.8345, 3437
0.8348, 3436
0.8351, 3435
0.8354, 3434
0.8357, 3433
0.8360, 3432
0.8363, 3431
0.8366, 3430
0.8370, 3429
0.8373, 3428
0.8376, 3427
0.8379, 3426
0.8382, 3425
0.8385, 3424
0.8388, 3423
0.8391, 3422
0.8394, 3421
0.8397, 3420
0.8400, 3419
0.8404, 3418
0.8407, 3417
0.8410, 3416
0.8413, 3415
0.8416, 3414
0.8420, 3413
0.8423, 3412
0.8426, 3411
0.8429, 3410
0.8434, 3409
0.8437, 3408
0.8440, 3407
0.8443, 3406
0.8446, 3405
0.8449, 3404
0.8453, 3403
0.8456, 3402
0.8459, 3401
0.8462, 3400
0.8465, 3399
0.8468, 3398
0.8471, 3397
0.8474, 3396
0.8478, 3395
0.8481, 3394
0.8484, 3393
0.8487, 3392
0.8490, 3391
0.8494, 3390
0.8497, 3389
0.8500, 3388
0.8503, 3387
0.8506, 3386
0.8509, 3385
0.8512, 3384
0.8516, 3383
0.8519, 3382
0.8522, 3381
0.8525, 3380
0.8528, 3379
0.8531, 3378
0.8534, 3377
0.8537, 3376
0.8540, 3375
0.8544, 3374
0.8547, 3373
0.8550, 3372
0.8553, 3371
0.8556, 3370
0.8559, 3369
0.8562, 3368
0.8566, 3367
0.8569, 3366
0.8572, 3365
0.8575, 3364
0.8578, 3363
0.8581, 3362
0.8584, 3361
0.8587, 3360
0.8590, 3359
0.8593, 3358
0.8597, 3357
0.8600, 3356
0.8603, 3355
0.8607, 3354
0.8610, 3353
0.8613, 3352
0.8617, 3351
0.8620, 3350
0.8623, 3349
0.8626, 3348
0.8630, 3347
0.8633, 3346
0.8636, 3345
0.8640, 3344
0.8643, 3343
0.8646, 3342
0.8650, 3341
0.8653, 3340
0.8656, 3339
0.8659, 3338
0.8663, 3337
0.8666, 3336
0.8669, 3335
0.8672, 3334
0.8675, 3333
0.8679, 3332
0.8682, 3331
0.8686, 3330
0.8689, 3329
0.8692, 3328
0.8695, 3327
0.8698, 3326
0.8701, 3325
0.8704, 3324
0.8708, 3323
0.8711, 3322
0.8714, 3321
0.8717, 3320
0.8720, 3319
0.8723, 3318
0.8726, 3317
0.8729, 3316
0.8732, 3315
0.8736, 3314
0.8739, 3313
0.8742, 3312
0.8746, 3311
0.8749, 3310
0.8752, 3309
0.8755, 3308
0.8759, 3307
0.8762, 3306
0.8765, 3305
0.8769, 3304
0.8772, 3303
0.8775, 3302
0.8779, 3301
0.8783, 3300
0.8787, 3299
0.8790, 3298
0.8793, 3297
0.8796, 3296
0.8799, 3295
0.8802, 3294
0.8805, 3293
0.8809, 3292
0.8812, 3291
0.8816, 3290
0.8819, 3289
0.8822, 3288
0.8825, 3287
0.8828, 3286
0.8831, 3285
0.8835, 3284
0.8838, 3283
0.8841, 3282
0.8844, 3281
0.8847, 3280
0.8851, 3279
0.8854, 3278
0.8857, 3277
0.8860, 3276
0.8863, 3275
0.8867, 3274
0.8870, 3273
0.8873, 3272
0.8876, 3271
0.8880, 3270
0.8883, 3269
0.8886, 3268
0.8889, 3267
0.8892, 3266
0.8896, 3265
0.8899, 3264
0.8902, 3263
0.8905, 3262
0.8908, 3261
0.8911, 3260
0.8914, 3259
0.8917, 3258
0.8920, 3257
0.8923, 3256
0.8926, 3255
0.8929, 3254
0.8933, 3253
0.8936, 3252
0.8939, 3251
0.8942, 3250
0.8945, 3249
0.8948, 3248
0.8951, 3247
0.8954, 3246
0.8958, 3245
0.8961, 3244
0.8964, 3243
0.8967, 3242
0.8970, 3241
0.8974, 3240
0.8977, 3239
0.8980, 3238
0.8983, 3237
0.8987, 3236
0.8990, 3235
0.8993, 3234
0.8997, 3233
0.9000, 3232
0.9003, 3231
0.9006, 3230
0.9009, 3229
0.9012, 3228
0.9016, 3227
0.9019, 3226
0.9022, 3225
0.9026, 3224
0.9029, 3223
0.9032, 3222
0.9036, 3221
0.9039, 3220
0.9042, 3219
0.9046, 3218
0.9049, 3217
0.9052, 3216
0.9055, 3215
0.9058, 3214
0.9061, 3213
0.9064, 3212
0.9067, 3211
0.9070, 3210
0.9073, 3209
0.9076, 3208
0.9079, 3207
0.9082, 3206
0.9085, 3205
0.9089, 3204
0.9093, 3203
0.9097, 3202
0.9100, 3201
0.9104, 3200
0.9107, 3199
0.9110, 3198
0.9113, 3197
0.9116, 3196
0.9120, 3195
0.9123, 3194
0.9126, 3193
0.9129, 3192
0.9132, 3191
0.9135, 3190
0.9138, 3189
0.9141, 3188
0.9144, 3187
0.9147, 3186
0.9151, 3185
0.9154, 3184
0.9157, 3183
0.9161, 3182
0.9164, 3181
0.9167, 3180
0.9170, 3179
0.9174, 3178
0.9178, 3177
0.9181, 3176
0.9184, 3175
0.9187, 3174
0.9190, 3173
0.9193, 3172
0.9196, 3171
0.9199, 3170
0.9203, 3169
0.9206, 3168
0.9209, 3167
0.9212, 3166
0.9215, 3165
0.9218, 3164
0.9221, 3163
0.9224, 3162
0.9227, 3161
0.9231, 3160
0.9234, 3159
0.9237, 3158
0.9240, 3157
0.9243, 3156
0.9246, 3155
0.9249, 3154
0.9252, 3153
0.9255, 3152
0.9258, 3151
0.9261, 3150
0.9265, 3149
0.9268, 3148
0.9271, 3147
0.9274, 3146
0.9277, 3145
0.9281, 3144
0.9285, 3143
0.9288, 3142
0.9291, 3141
0.9294, 3140
0.9297, 3139
0.9300, 3138
0.9303, 3137
0.9306, 3136
0.9309, 3135
0.9312, 3134
0.9315, 3133
0.9318, 3132
0.9321, 3131
0.9324, 3130
0.9327, 3129
0.9330, 3128
0.9333, 3127
0.9336, 3126
0.9339, 3125
0.9342, 3124
0.9345, 3123
0.9348, 3122
0.9351, 3121
0.9353, 3120
0.9356, 3119
0.9359, 3118
0.9362, 3117
0.9365, 3116
0.9368, 3115
0.9370, 3114
0.9374, 3113
0.9377, 3112
0.9379, 3111
0.9382, 3110
0.9385, 3109
0.9388, 3108
0.9391, 3107
0.9394, 3106
0.9397, 3105
0.9400, 3104
0.9403, 3103
0.9406, 3102
0.9409, 3101
0.9412, 3100
0.9415, 3099
0.9418, 3098
0.9420, 3097
0.9423, 3096
0.9426, 3095
0.9429, 3094
0.9432, 3093
0.9435, 3092
0.9437, 3091
0.9440, 3090
0.9443, 3089
0.9446, 3088
0.9449, 3087
0.9452, 3086
0.9455, 3085
0.9458, 3084
0.9461, 3083
0.9464, 3082
0.9467, 3081
0.9470, 3080
0.9473, 3079
0.9476, 3078
0.9479, 3077
0.9482, 3076
0.9484, 3075
0.9487, 3074
0.9490, 3073
0.9494, 3072
0.9496, 3071
0.9499, 3070
0.9502, 3069
0.9505, 3068
0.9508, 3067
0.9511, 3066
0.9514, 3065
0.9517, 3064
0.9520, 3063
0.9523, 3062
0.9526, 3061
0.9528, 3060
0.9531, 3059
0.9534, 3058
0.9537, 3057
0.9540, 3056
0.9543, 3055
0.9546, 3054
0.9549, 3053
0.9553, 3052
0.9556, 3051
0.9559, 3050
0.9561, 3049
0.9564, 3048
0.9567, 3047
0.9570, 3046
0.9573, 3045
0.9576, 3044
0.9579, 3043
0.9582, 3042
0.9584, 3041
0.9587, 3040
0.9590, 3039
0.9593, 3038
0.9596, 3037
0.9599, 3036
0.9602, 3035
0.9605, 3034
0.9608, 3033
0.9611, 3032
0.9614, 3031
0.9617, 3030
0.9619, 3029
0.9622, 3028
0.9625, 3027
0.9628, 3026
0.9631, 3025
0.9633, 3024
0.9636, 3023
0.9639, 3022
0.9642, 3021
0.9645, 3020
0.9648, 3019
0.9651, 3018
0.9653, 3017
0.9656, 3016
0.9659, 3015
0.9662, 3014
0.9665, 3013
0.9667, 3012
0.9670, 3011
0.9673, 3010
0.9676, 3009
0.9678, 3008
0.9681, 3007
0.9684, 3006
0.9687, 3005
0.9690, 3004
0.9692, 3003
0.9695, 3002
0.9698, 3001
0.9701, 3000
0.9703, 2999
0.9706, 2998
0.9709, 2997
0.9712, 2996
0.9714, 2995
0.9717, 2994
0.9720, 2993
0.9723, 2992
0.9726, 2991
0.9728, 2990
0.9731, 2989
0.9734, 2988
0.9737, 2987
0.9740, 2986
0.9743, 2985
0.9745, 2984
0.9748, 2983
0.9751, 2982
0.9754, 2981
0.9757, 2980
0.9759, 2979
0.9762, 2978
0.9765, 2977
0.9768, 2976
0.9771, 2975
0.9774, 2974
0.9777, 2973
0.9780, 2972
0.9783, 2971
0.9786, 2970
0.9789, 2969
0.9792, 2968
0.9794, 2967
0.9797, 2966
0.9800, 2965
0.9803, 2964
0.9806, 2963
0.9809, 2962
0.9812, 2961
0.9815, 2960
0.9818, 2959
0.9821, 2958
0.9823, 2957
0.9827, 2956
0.9830, 2955
0.9832, 2954
0.9835, 2953
0.9838, 2952
0.9841, 2951
0.9844, 2950
0.9847, 2949
0.9849, 2948
0.9852, 2947
0.9855, 2946
0.9858, 2945
0.9861, 2944
0.9864, 2943
0.9866, 2942
0.9870, 2941
0.9873, 2940
0.9875, 2939
0.9878, 2938
0.9881, 2937
0.9884, 2936
0.9887, 2935
0.9890, 2934
0.9893, 2933
0.9896, 2932
0.9899, 2931
0.9902, 2930
0.9905, 2929
0.9909, 2928
0.9911, 2927
0.9914, 2926
0.9917, 2925
0.9920, 2924
0.9923, 2923
0.9926, 2922
0.9930, 2921
0.9933, 2920
0.9936, 2919
0.9939, 2918
0.9942, 2917
0.9945, 2916
0.9948, 2915
0.9951, 2914
0.9954, 2913
0.9957, 2912
0.9960, 2911
0.9963, 2910
0.9966, 2909
0.9969, 2908
0.9972, 2907
0.9974, 2906
0.9977, 2905
0.9980, 2904
0.9983, 2903
0.9986, 2902
0.9989, 2901
0.9991, 2900
0.9994, 2899
0.9997, 2898
1.0000, 2897
1.0003, 2896
1.0006, 2895
1.0009, 2894
1.0012, 2893
1.0015, 2892
1.0018, 2891
1.0021, 2890
1.0025, 2889
1.0028, 2888
1.0031, 2887
1.0034, 2886
1.0037, 2885
1.0040, 2884
1.0042, 2883
1.0045, 2882
1.0048, 2881
1.0051, 2880
1.0054, 2879
1.0057, 2878
1.0060, 2877
1.0063, 2876
1.0066, 2875
1.0069, 2874
1.0072, 2873
1.0075, 2872
1.0078, 2871
1.0081, 2870
1.0084, 2869
1.0086, 2868
1.0089, 2867
1.0092, 2866
1.0094, 2865
1.0097, 2864
1.0100, 2863
1.0103, 2862
1.0106, 2861
1.0108, 2860
1.0111, 2859
1.0114, 2858
1.0117, 2857
1.0120, 2856
1.0122, 2855
1.0125, 2854
1.0128, 2853
1.0130, 2852
1.0133, 2851
1.0136, 2850
1.0139, 2849
1.0141, 2848
1.0144, 2847
1.0147, 2846
1.0150, 2845
1.0152, 2844
1.0155, 2843
1.0158, 2842
1.0160, 2841
1.0163, 2840
1.0166, 2839
1.0169, 2838
1.0172, 2837
1.0174, 2836
1.0177, 2835
1.0180, 2834
1.0183, 2833
1.0185, 2832
1.0188, 2831
1.0191, 2830
1.0194, 2829
1.0196, 2828
1.0199, 2827
1.0202, 2826
1.0204, 2825
1.0207, 2824
1.0210, 2823
1.0213, 2822
1.0216, 2821
1.0218, 2820
1.0221, 2819
1.0223, 2818
1.0226, 2817
1.0229, 2816
1.0232, 2815
1.0234, 2814
1.0237, 2813
1.0240, 2812
1.0243, 2811
1.0245, 2810
1.0248, 2809
1.0251, 2808
1.0253, 2807
1.0256, 2806
1.0259, 2805
1.0262, 2804
1.0264, 2803
1.0267, 2802
1.0270, 2801
1.0273, 2800
1.0276, 2799
1.0278, 2798
1.0281, 2797
1.0284, 2796
1.0287, 2795
1.0289, 2794
1.0292, 2793
1.0295, 2792
1.0298, 2791
1.0301, 2790
1.0303, 2789
1.0306, 2788
1.0309, 2787
1.0311, 2786
1.0314, 2785
1.0317, 2784
1.0319, 2783
1.0322, 2782
1.0325, 2781
1.0328, 2780
1.0330, 2779
1.0333, 2778
1.0335, 2777
1.0338, 2776
1.0341, 2775
1.0343, 2774
1.0346, 2773
1.0349, 2772
1.0352, 2771
1.0354, 2770
1.0357, 2769
1.0360, 2768
1.0362, 2767
1.0365, 2766
1.0368, 2765
1.0370, 2764
1.0373, 2763
1.0375, 2762
1.0378, 2761
1.0381, 2760
1.0384, 2759
1.0386, 2758
1.0389, 2757
1.0392, 2756
1.0395, 2755
1.0398, 2754
1.0401, 2753
1.0403, 2752
1.0406, 2751
1.0409, 2750
1.0412, 2749
1.0414, 2748
1.0417, 2747
1.0420, 2746
1.0422, 2745
1.0425, 2744
1.0429, 2743
1.0432, 2742
1.0435, 2741
1.0437, 2740
1.0440, 2739
1.0443, 2738
1.0446, 2737
1.0449, 2736
1.0452, 2735
1.0454, 2734
1.0457, 2733
1.0460, 2732
1.0463, 2731
1.0466, 2730
1.0469, 2729
1.0471, 2728
1.0474, 2727
1.0477, 2726
1.0479, 2725
1.0482, 2724
1.0485, 2723
1.0488, 2722
1.0490, 2721
1.0493, 2720
1.0496, 2719
1.0499, 2718
1.0502, 2717
1.0505, 2716
1.0507, 2715
1.0510, 2714
1.0512, 2713
1.0515, 2712
1.0518, 2711
1.0521, 2710
1.0523, 2709
1.0526, 2708
1.0529, 2707
1.0532, 2706
1.0534, 2705
1.0537, 2704
1.0540, 2703
1.0542, 2702
1.0545, 2701
1.0548, 2700
1.0550, 2699
1.0553, 2698
1.0556, 2697
1.0559, 2696
1.0562, 2695
1.0564, 2694
1.0567, 2693
1.0570, 2692
1.0573, 2691
1.0575, 2690
1.0578, 2689
1.0581, 2688
1.0583, 2687
1.0586, 2686
1.0589, 2685
1.0591, 2684
1.0594, 2683
1.0597, 2682
1.0599, 2681
1.0602, 2680
1.0604, 2679
1.0608, 2678
1.0611, 2677
1.0614, 2676
1.0617, 2675
1.0619, 2674
1.0622, 2673
1.0625, 2672
1.0628, 2671
1.0630, 2670
1.0633, 2669
1.0636, 2668
1.0638, 2667
1.0641, 2666
1.0643, 2665
1.0646, 2664
1.0649, 2663
1.0652, 2662
1.0654, 2661
1.0657, 2660
1.0660, 2659
1.0662, 2658
1.0665, 2657
1.0667, 2656
1.0670, 2655
1.0672, 2654
1.0675, 2653
1.0678, 2652
1.0680, 2651
1.0683, 2650
1.0685, 2649
1.0688, 2648
1.0690, 2647
1.0693, 2646
1.0695, 2645
1.0698, 2644
1.0700, 2643
1.0703, 2642
1.0706, 2641
1.0708, 2640
1.0711, 2639
1.0713, 2638
1.0716, 2637
1.0718, 2636
1.0721, 2635
1.0723, 2634
1.0726, 2633
1.0728, 2632
1.0731, 2631
1.0734, 2630
1.0736, 2629
1.0739, 2628
1.0742, 2627
1.0744, 2626
1.0747, 2625
1.0749, 2624
1.0752, 2623
1.0754, 2622
1.0757, 2621
1.0760, 2620
1.0763, 2619
1.0766, 2618
1.0768, 2617
1.0771, 2616
1.0774, 2615
1.0776, 2614
1.0779, 2613
1.0781, 2612
1.0784, 2611
1.0787, 2610
1.0790, 2609
1.0793, 2608
1.0795, 2607
1.0798, 2606
1.0800, 2605
1.0803, 2604
1.0806, 2603
1.0808, 2602
1.0811, 2601
1.0813, 2600
1.0816, 2599
1.0819, 2598
1.0822, 2597
1.0824, 2596
1.0827, 2595
1.0830, 2594
1.0832, 2593
1.0835, 2592
1.0838, 2591
1.0840, 2590
1.0843, 2589
1.0846, 2588
1.0848, 2587
1.0851, 2586
1.0854, 2585
1.0856, 2584
1.0859, 2583
1.0861, 2582
1.0864, 2581
1.0867, 2580
1.0870, 2579
1.0872, 2578
1.0875, 2577
1.0877, 2576
1.0880, 2575
1.0883, 2574
1.0886, 2573
1.1013, 2572
1.1016, 2571
1.1143, 2570
1.1145, 2569
1.1228, 2568
1.1230, 2567
1.1273, 2566
1.1316, 2565
1.1549, 2564
1.1592, 2563
1.1929, 2562
1.1932, 2561
1.1997, 2560
1.2185, 2559
1.2271, 2558
1.2274, 2557
1.2276, 2556
1.2340, 2555
1.2490, 2554
1.2556, 2553
1.2705, 2552
1.2749, 2551
1.2772, 2550
1.2795, 2549
1.2798, 2548
1.2800, 2547
1.2864, 2546
1.2908, 2545
1.2910, 2544
1.3078, 2543
1.3162, 2542
1.3247, 2541
1.3250, 2540
1.3333, 2539
1.3459, 2538
1.3522, 2537
1.3628, 2536
1.3733, 2535
1.3735, 2534
1.3758, 2533
1.3761, 2532
1.3870, 2531
1.3872, 2530
1.3915, 2529
1.3961, 2528
1.3985, 2527
1.4032, 2526
1.4077, 2525
1.4100, 2524
1.4125, 2523
1.4191, 2522
1.4193, 2521
1.4237, 2520
1.4303, 2519
1.4305, 2518
1.4307, 2517
1.4309, 2516
1.5060, 2515
1.5211, 2514
1.5213, 2513
1.5298, 2512
1.5591, 2511
1.5657, 2510
1.5905, 2509
1.5908, 2508
1.5993, 2507
1.6098, 2506
1.6163, 2505
1.6393, 2504
1.6459, 2503
1.6694, 2502
1.6739, 2501
1.6763, 2500
1.6786, 2499
1.6789, 2498
1.6833, 2497
1.6898, 2496
1.7024, 2495
1.7027, 2494
1.7091, 2493
1.7135, 2492
1.7137, 2491
1.7139, 2490
1.7142, 2489
1.7144, 2488
1.7210, 2487
1.7212, 2486
1.7235, 2485
1.7384, 2484
1.7386, 2483
1.7389, 2482
1.7600, 2481
1.7602, 2480
1.7729, 2479
1.7773, 2478
1.7860, 2477
1.7883, 2476
1.7927, 2475
1.7929, 2474
1.7932, 2473
1.7934, 2472
1.8124, 2471
1.8273, 2470
1.8275, 2469
1.8277, 2468
1.8301, 2467
1.8303, 2466
1.8450, 2465
1.8660, 2464
1.8746, 2463
1.8873, 2462
1.8875, 2461
1.8961, 2460
1.8963, 2459
1.8986, 2458
1.9030, 2457
1.9181, 2456
1.9183, 2455
1.9314, 2454
1.9424, 2453
1.9531, 2452
1.9534, 2451
1.9620, 2450
1.9810, 2449
1.9978, 2448
2.0084, 2447
2.0170, 2446
2.0214, 2445
2.0490, 2444
2.0680, 2443
2.0766, 2442
2.0790, 2441
2.1084, 2440
2.1087, 2439
2.1173, 2438
2.1301, 2437
2.1513, 2436
2.1579, 2435
2.1727, 2434
2.1856, 2433
2.1858, 2432
2.2220, 2431
2.2331, 2430
2.2648, 2429
2.2692, 2428
2.2736, 2427
2.2739, 2426
2.2971, 2425
2.2973, 2424
2.3059, 2423
2.3229, 2422
2.3401, 2421
2.3403, 2420
2.3616, 2419
2.3702, 2418
2.3870, 2417
2.3935, 2416
2.3958, 2415
2.4064, 2414
2.4107, 2413
2.4110, 2412
2.4133, 2411
2.4136, 2410
2.4221, 2409
2.4223, 2408
2.4267, 2407
2.4269, 2406
2.4272, 2405
2.4378, 2404
2.4526, 2403
2.4549, 2402
2.4637, 2401
2.4684, 2400
2.4728, 2399
2.4751, 2398
2.4753, 2397
2.4818, 2396
2.4947, 2395
2.4949, 2394
2.4952, 2393
2.4954, 2392
2.5086, 2391
2.5295, 2390
2.5346, 2389
2.5349, 2388
2.5351, 2387
2.5354, 2386
2.5356, 2385
2.5359, 2384
2.5439, 2383
2.5441, 2382
2.5544, 2381
2.5547, 2380
2.5549, 2379
2.5605, 2378
2.5608, 2377
2.5659, 2376
2.5713, 2375
2.5741, 2374
2.5845, 2373
2.5848, 2372
2.5850, 2371
2.5982, 2370
2.5984, 2369
2.6091, 2368
2.6137, 2367
2.6139, 2366
2.6141, 2365
2.6229, 2364
2.6231, 2363
2.6234, 2362
2.6236, 2361
2.6238, 2360
2.6240, 2359
2.6453, 2358
2.6456, 2357
2.6500, 2356
2.6502, 2355
2.6613, 2354
2.6615, 2353
2.6618, 2352
2.6620, 2351
2.6622, 2350
2.6668, 2349
2.6858, 2348
2.6882, 2347
2.6990, 2346
2.7013, 2345
2.7036, 2344
2.7208, 2343
2.7210, 2342
2.7309, 2341
2.7311, 2340
2.7313, 2339
2.7316, 2338
2.7464, 2337
2.7570, 2336
2.7594, 2335
2.7596, 2334
2.7767, 2333
2.7812, 2332
2.7814, 2331
2.7858, 2330
2.8049, 2329
2.8261, 2328
2.8264, 2327
2.8266, 2326
2.8371, 2325
2.8374, 2324
2.8629, 2323
2.8632, 2322
2.9841, 2321
2.9864, 2320
2.9886, 2319
2.9930, 2318
2.9933, 2317
2.9956, 2316
2.9999, 2315
3.0001, 2314
3.0044, 2313
3.0233, 2312
3.0236, 2311
3.0300, 2310
3.0343, 2309
3.0345, 2308
3.0389, 2307
3.0391, 2306
3.0538, 2305
3.0540, 2304
3.0646, 2303
3.0648, 2302
3.0671, 2301
3.0776, 2300
3.0819, 2299
3.0822, 2298
3.0886, 2297
3.0888, 2296
3.0932, 2295
3.0934, 2294
3.1018, 2293
3.1061, 2292
3.1187, 2291
3.1272, 2290
3.1356, 2289
3.1358, 2288
3.1401, 2287
3.1465, 2286
3.1488, 2285
3.1490, 2284
3.1636, 2283
3.1802, 2282
3.1805, 2281
3.2075, 2280
3.2140, 2279
3.2183, 2278
3.2535, 2277
3.2620, 2276
3.2622, 2275
3.2624, 2274
3.2627, 2273
3.2629, 2272
3.2631, 2271
3.2674, 2270
3.2676, 2269
3.2782, 2268
3.2784, 2267
3.2787, 2266
3.3086, 2265
3.3089, 2264
3.3177, 2263
3.3303, 2262
3.3306, 2261
3.3494, 2260
3.3558, 2259
3.3602, 2258
3.3605, 2257
3.3648, 2256
3.3650, 2255
3.3839, 2254
3.3966, 2253
3.4050, 2252
3.4114, 2251
3.4157, 2250
3.4223, 2249
3.4225, 2248
3.4269, 2247
3.4272, 2246
3.4398, 2245
3.4401, 2244
3.4444, 2243
3.4571, 2242
3.4636, 2241
3.4638, 2240
3.4805, 2239
3.4807, 2238
3.4933, 2237
3.4976, 2236
3.5142, 2235
3.5144, 2234
3.5187, 2233
3.5230, 2232
3.5295, 2231
3.5297, 2230
3.5361, 2229
3.5466, 2228
3.5552, 2227
3.5677, 2226
3.5679, 2225
3.5911, 2224
3.5913, 2223
3.5999, 2222
3.6336, 2221
3.7692, 2220
3.7828, 2219
3.7831, 2218
3.8011, 2217
3.9402, 2216
4.0099, 2215
4.0866, 2214
4.0910, 2213
4.1787, 2212
