0.6510, 3931
0.6514, 3930
0.6517, 3929
0.6521, 3928
0.6524, 3927
0.6527, 3926
0.6531, 3925
0.6534, 3924
0.6538, 3923
0.6541, 3922
0.6545, 3921
0.6549, 3920
0.6552, 3919
0.6555, 3918
0.6559, 3917
0.6562, 3916
0.6565, 3915
0.6569, 3914
0.6572, 3913
0.6575, 3912
0.6579, 3911
0.6582, 3910
0.6585, 3909
0.6589, 3908
0.6592, 3907
0.6595, 3906
0.6599, 3905
0.6602, 3904
0.6605, 3903
0.6608, 3902
0.6612, 3901
0.6615, 3900
0.6618, 3899
0.6622, 3898
0.6625, 3897
0.6629, 3896
0.6632, 3895
0.6635, 3894
0.6639, 3893
0.6642, 3892
0.6645, 3891
0.6649, 3890
0.6652, 3889
0.6655, 3888
0.6659, 3887
0.6662, 3886
0.6665, 3885
0.6669, 3884
0.6672, 3883
0.6675, 3882
0.6679, 3881
0.6683, 3880
0.6686, 3879
0.6690, 3878
0.6694, 3877
0.6697, 3876
0.6706, 3875
0.6709, 3874
0.6713, 3873
0.6717, 3872
0.6720, 3871
0.6724, 3870
0.6727, 3869
0.6731, 3868
0.6734, 3867
0.6737, 3866
0.6741, 3865
0.6744, 3864
0.6748, 3863
0.6751, 3862
0.6755, 3861
0.6759, 3860
0.6763, 3859
0.6767, 3858
0.6771, 3857
0.6774, 3856
0.6778, 3855
0.6781, 3854
0.6784, 3853
0.6788, 3852
0.6792, 3851
0.6795, 3850
0.6799, 3849
0.6803, 3848
0.6807, 3847
0.6811, 3846
0.6815, 3845
0.6819, 3844
0.6822, 3843
0.6826, 3842
0.6830, 3841
0.6833, 3840
0.6837, 3839
0.6840, 3838
0.6844, 3837
0.6848, 3836
0.6851, 3835
0.6855, 3834
0.6858, 3833
0.6862, 3832
0.6866, 3831
0.6869, 3830
0.6873, 3829
0.6877, 3828
0.6880, 3827
0.6884, 3826
0.6887, 3825
0.6891, 3824
0.6894, 3823
0.6898, 3822
0.6901, 3821
0.6905, 3820
0.6908, 3819
0.6912, 3818
0.6916, 3817
0.6919, 3816
0.6923, 3815
0.6926, 3814
0.6930, 3813
0.6933, 3812
0.6936, 3811
0.6940, 3810
0.6943, 3809
0.6947, 3808
0.6950, 3807
0.6954, 3806
0.6957, 3805
0.6961, 3804
0.6964, 3803
0.6968, 3802
0.6971, 3801
0.6975, 3800
0.6978, 3799
0.6982, 3798
0.6985, 3797
0.6988, 3796
0.6992, 3795
0.6995, 3794
0.6999, 3793
0.7002, 3792
0.7005, 3791
0.7009, 3790
0.7012, 3789
0.7016, 3788
0.7019, 3787
0.7022, 3786
0.7026, 3785
0.7029, 3784
0.7033, 3783
0.7036, 3782
0.7040, 3781
0.7043, 3780
0.7047, 3779
0.7050, 3778
0.7054, 3777
0.7057, 3776
0.7060, 3775
0.7064, 3774
0.7067, 3773
0.7071, 3772
0.7074, 3771
0.7077, 3770
0.7081, 3769
0.7084, 3768
0.7087, 3767
0.7091, 3766
0.7094, 3765
0.7098, 3764
0.7101, 3763
0.7105, 3762
0.7108, 3761
0.7112, 3760
0.7115, 3759
0.7119, 3758
0.7122, 3757
0.7125, 3756
0.7129, 3755
0.7133, 3754
0.7136, 3753
0.7139, 3752
0.7143, 3751
0.7147, 3750
0.7150, 3749
0.7153, 3748
0.7157, 3747
0.7160, 3746
0.7163, 3745
0.7167, 3744
0.7170, 3743
0.7173, 3742
0.7177, 3741
0.7180, 3740
0.7184, 3739
0.7187, 3738
0.7190, 3737
0.7194, 3736
0.7197, 3735
0.7200, 3734
0.7204, 3733
0.7207, 3732
0.7210, 3731
0.7214, 3730
0.7217, 3729
0.7220, 3728
0.7224, 3727
0.7227, 3726
0.7231, 3725
0.7234, 3724
0.7237, 3723
0.7241, 3722
0.7244, 3721
0.7247, 3720
0.7251, 3719
0.7254, 3718
0.7257, 3717
0.7261, 3716
0.7264, 3715
0.7268, 3714
0.7271, 3713
0.7275, 3712
0.7278, 3711
0.7281, 3710
0.7284, 3709
0.7288, 3708
0.7291, 3707
0.7295, 3706
0.7298, 3705
0.7301, 3704
0.7305, 3703
0.7308, 3702
0.7311, 3701
0.7315, 3700
0.7318, 3699
0.7321, 3698
0.7324, 3697
0.7328, 3696
0.7331, 3695
0.7334, 3694
0.7338, 3693
0.7341, 3692
0.7345, 3691
0.7348, 3690
0.7351, 3689
0.7355, 3688
0.7358, 3687
0.7361, 3686
0.7365, 3685
0.7368, 3684
0.7371, 3683
0.7375, 3682
0.7378, 3681
0.7381, 3680
0.7385, 3679
0.7388, 3678
0.7391, 3677
0.7395, 3676
0.7398, 3675
0.7401, 3674
0.7405, 3673
0.7408, 3672
0.7412, 3671
0.7415, 3670
0.7418, 3669
0.7422, 3668
0.7425, 3667
0.7428, 3666
0.7432, 3665
0.7435, 3664
0.7438, 3663
0.7442, 3662
0.7445, 3661
0.7448, 3660
0.7452, 3659
0.7455, 3658
0.7459, 3657
0.7462, 3656
0.7465, 3655
0.7468, 3654
0.7472, 3653
0.7475, 3652
0.7478, 3651
0.7482, 3650
0.7485, 3649
0.7488, 3648
0.7492, 3647
0.7495, 3646
0.7499, 3645
0.7502, 3644
0.7505, 3643
0.7509, 3642
0.7512, 3641
0.7515, 3640
0.7519, 3639
0.7522, 3638
0.7525, 3637
0.7528, 3636
0.7532, 3635
0.7535, 3634
0.7539, 3633
0.7542, 3632
0.7545, 3631
0.7548, 3630
0.7552, 3629
0.7555, 3628
0.7558, 3627
0.7561, 3626
0.7565, 3625
0.7568, 3624
0.7572, 3623
0.7575, 3622
0.7578, 3621
0.7581, 3620
0.7585, 3619
0.7588, 3618
0.7591, 3617
0.7594, 3616
0.7598, 3615
0.7601, 3614
0.7604, 3613
0.7607, 3612
0.7611, 3611
0.7614, 3610
0.7617, 3609
0.7621, 3608
0.7624, 3607
0.7627, 3606
0.7630, 3605
0.7634, 3604
0.7637, 3603
0.7640, 3602
0.7643, 3601
0.7647, 3600
0.7650, 3599
0.7653, 3598
0.7656, 3597
0.7660, 3596
0.7663, 3595
0.7666, 3594
0.7669, 3593
0.7673, 3592
0.7676, 3591
0.7679, 3590
0.7683, 3589
0.7686, 3588
0.7689, 3587
0.7692, 3586
0.7696, 3585
0.7699, 3584
0.7702, 3583
0.7706, 3582
0.7709, 3581
0.7712, 3580
0.7715, 3579
0.7719, 3578
0.7722, 3577
0.7725, 3576
0.7728, 3575
0.7732, 3574
0.7735, 3573
0.7738, 3572
0.7742, 3571
0.7745, 3570
0.7748, 3569
0.7751, 3568
0.7755, 3567
0.7758, 3566
0.7761, 3565
0.7764, 3564
0.7768, 3563
0.7771, 3562
0.7774, 3561
0.7777, 3560
0.7781, 3559
0.7784, 3558
0.7787, 3557
0.7790, 3556
0.7794, 3555
0.7797, 3554
0.7801, 3553
0.7804, 3552
0.7808, 3551
0.7811, 3550
0.7814, 3549
0.7818, 3548
0.7821, 3547
0.7824, 3546
0.7828, 3545
0.7831, 3544
0.7834, 3543
0.7837, 3542
0.7840, 3541
0.7844, 3540
0.7847, 3539
0.7850, 3538
0.7854, 3537
0.7857, 3536
0.7860, 3535
0.7864, 3534
0.7867, 3533
0.7870, 3532
0.7873, 3531
0.7877, 3530
0.7880, 3529
0.7883, 3528
0.7886, 3527
0.7890, 3526
0.7893, 3525
0.7896, 3524
0.7899, 3523
0.7903, 3522
0.7906, 3521
0.7909, 3520
0.7912, 3519
0.7916, 3518
0.7919, 3517
0.7922, 3516
0.7926, 3515
0.7929, 3514
0.7933, 3513
0.7936, 3512
0.7939, 3511
0.7943, 3510
0.7946, 3509
0.7949, 3508
0.7952, 3507
0.7956, 3506
0.7959, 3505
0.7963, 3504
0.7966, 3503
0.7969, 3502
0.7973, 3501
0.7976, 3500
0.7979, 3499
0.7983, 3498
0.7986, 3497
0.7989, 3496
0.7992, 3495
0.7996, 3494
0.7999, 3493
0.8003, 3492
0.8006, 3491
0.8009, 3490
0.8013, 3489
0.8016, 3488
0.8019, 3487
0.8022, 3486
0.8026, 3485
0.8029, 3484
0.8032, 3483
0.8036, 3482
0.8039, 3481
0.8042, 3480
0.8045, 3479
0.8049, 3478
0.8052, 3477
0.8055, 3476
0.8059, 3475
0.8062, 3474
0.8065, 3473
0.8069, 3472
0.8072, 3471
0.8075, 3470
0.8079, 3469
0.8082, 3468
0.8085, 3467
0.8088, 3466
0.8092, 3465
0.8095, 3464
0.8098, 3463
0.8102, 3462
0.8105, 3461
0.8108, 3460
0.8112, 3459
0.8115, 3458
0.8118, 3457
0.8122, 3456
0.8125, 3455
0.8128, 3454
0.8132, 3453
0.8135, 3452
0.8138, 3451
0.8141, 3450
0.8145, 3449
0.8148, 3448
0.8151, 3447
0.8155, 3446
0.8158, 3445
0.8161, 3444
0.8165, 3443
0.8168, 3442
0.8171, 3441
0.8174, 3440
0.8178, 3439
0.8181, 3438
0.8184, 3437
0.8188, 3436
0.8191, 3435
0.8194, 3434
0.8197, 3433
0.8201, 3432
0.8204, 3431
0.8207, 3430
0.8211, 3429
0.8215, 3428
0.8219, 3427
0.8222, 3426
0.8226, 3425
0.8229, 3424
0.8232, 3423
0.8235, 3422
0.8239, 3421
0.8242, 3420
0.8245, 3419
0.8248, 3418
0.8252, 3417
0.8255, 3416
0.8258, 3415
0.8262, 3414
0.8276, 3413
0.8288, 3412
0.8320, 3411
0.8338, 3410
0.8346, 3409
0.8356, 3408
0.8360, 3407
0.8363, 3406
0.8366, 3405
0.8447, 3404
0.8456, 3403
0.8482, 3402
0.8497, 3401
0.8501, 3400
0.8504, 3399
0.8507, 3398
0.8511, 3397
0.8514, 3396
0.8517, 3395
0.8521, 3394
0.8524, 3393
0.8527, 3392
0.8530, 3391
0.8534, 3390
0.8537, 3389
0.8540, 3388
0.8544, 3387
0.8547, 3386
0.8550, 3385
0.8554, 3384
0.8557, 3383
0.8561, 3382
0.8605, 3381
0.8615, 3380
0.8688, 3379
0.8698, 3378
0.8707, 3377
0.8716, 3376
0.8724, 3375
0.8735, 3374
0.8738, 3373
0.8742, 3372
0.8747, 3371
0.8757, 3370
0.8766, 3369
0.8778, 3368
0.8786, 3367
0.8796, 3366
0.8799, 3365
0.8803, 3364
0.8806, 3363
0.8809, 3362
0.8813, 3361
0.8816, 3360
0.8819, 3359
0.8823, 3358
0.8834, 3357
0.8842, 3356
0.8851, 3355
0.8860, 3354
0.8868, 3353
0.8878, 3352
0.8890, 3351
0.8893, 3350
0.8899, 3349
0.8907, 3348
0.8916, 3347
0.8924, 3346
0.8932, 3345
0.8940, 3344
0.8948, 3343
0.8957, 3342
0.9019, 3341
0.9022, 3340
0.9025, 3339
0.9029, 3338
0.9032, 3337
0.9035, 3336
0.9038, 3335
0.9041, 3334
0.9045, 3333
0.9048, 3332
0.9061, 3331
0.9064, 3330
0.9067, 3329
0.9071, 3328
0.9074, 3327
0.9077, 3326
0.9080, 3325
0.9083, 3324
0.9086, 3323
0.9090, 3322
0.9093, 3321
0.9097, 3320
0.9101, 3319
0.9104, 3318
0.9108, 3317
0.9111, 3316
0.9114, 3315
0.9118, 3314
0.9121, 3313
0.9125, 3312
0.9128, 3311
0.9132, 3310
0.9135, 3309
0.9139, 3308
0.9142, 3307
0.9145, 3306
0.9149, 3305
0.9152, 3304
0.9155, 3303
0.9174, 3302
0.9183, 3301
0.9192, 3300
0.9199, 3299
0.9208, 3298
0.9218, 3297
0.9228, 3296
0.9236, 3295
0.9244, 3294
0.9252, 3293
0.9259, 3292
0.9267, 3291
0.9274, 3290
0.9278, 3289
0.9281, 3288
0.9284, 3287
0.9288, 3286
0.9291, 3285
0.9296, 3284
0.9299, 3283
0.9303, 3282
0.9306, 3281
0.9309, 3280
0.9313, 3279
0.9316, 3278
0.9319, 3277
0.9323, 3276
0.9327, 3275
0.9330, 3274
0.9334, 3273
0.9337, 3272
0.9340, 3271
0.9344, 3270
0.9347, 3269
0.9350, 3268
0.9354, 3267
0.9357, 3266
0.9360, 3265
0.9364, 3264
0.9367, 3263
0.9370, 3262
0.9373, 3261
0.9377, 3260
0.9401, 3259
0.9410, 3258
0.9418, 3257
0.9426, 3256
0.9434, 3255
0.9442, 3254
0.9451, 3253
0.9462, 3252
0.9471, 3251
0.9491, 3250
0.9500, 3249
0.9508, 3248
0.9511, 3247
0.9515, 3246
0.9518, 3245
0.9521, 3244
0.9525, 3243
0.9528, 3242
0.9531, 3241
0.9535, 3240
0.9538, 3239
0.9541, 3238
0.9545, 3237
0.9548, 3236
0.9551, 3235
0.9554, 3234
0.9558, 3233
0.9561, 3232
0.9564, 3231
0.9567, 3230
0.9571, 3229
0.9574, 3228
0.9578, 3227
0.9581, 3226
0.9585, 3225
0.9588, 3224
0.9591, 3223
0.9594, 3222
0.9597, 3221
0.9600, 3220
0.9604, 3219
0.9607, 3218
0.9610, 3217
0.9613, 3216
0.9680, 3215
0.9689, 3214
0.9705, 3213
0.9713, 3212
0.9724, 3211
0.9733, 3210
0.9742, 3209
0.9751, 3208
0.9760, 3207
0.9768, 3206
0.9777, 3205
0.9785, 3204
0.9795, 3203
0.9798, 3202
0.9801, 3201
0.9805, 3200
0.9808, 3199
0.9811, 3198
0.9814, 3197
0.9817, 3196
0.9821, 3195
0.9824, 3194
0.9827, 3193
0.9831, 3192
0.9834, 3191
0.9837, 3190
0.9841, 3189
0.9844, 3188
0.9848, 3187
0.9851, 3186
0.9854, 3185
0.9859, 3184
0.9869, 3183
0.9877, 3182
0.9885, 3181
0.9893, 3180
0.9922, 3179
0.9925, 3178
0.9928, 3177
0.9933, 3176
0.9936, 3175
0.9945, 3174
0.9953, 3173
0.9961, 3172
0.9964, 3171
0.9967, 3170
0.9970, 3169
0.9973, 3168
0.9976, 3167
0.9979, 3166
0.9983, 3165
0.9986, 3164
0.9989, 3163
0.9993, 3162
0.9996, 3161
0.9999, 3160
1.0002, 3159
1.0005, 3158
1.0008, 3157
1.0015, 3156
1.0024, 3155
1.0028, 3154
1.0031, 3153
1.0034, 3152
1.0037, 3151
1.0040, 3150
1.0043, 3149
1.0046, 3148
1.0051, 3147
1.0054, 3146
1.0057, 3145
1.0060, 3144
1.0063, 3143
1.0067, 3142
1.0071, 3141
1.0075, 3140
1.0081, 3139
1.0089, 3138
1.0096, 3137
1.0104, 3136
1.0112, 3135
1.0120, 3134
1.0127, 3133
1.0130, 3132
1.0133, 3131
1.0137, 3130
1.0140, 3129
1.0143, 3128
1.0146, 3127
1.0149, 3126
1.0152, 3125
1.0155, 3124
1.0168, 3123
1.0171, 3122
1.0174, 3121
1.0177, 3120
1.0180, 3119
1.0183, 3118
1.0186, 3117
1.0189, 3116
1.0192, 3115
1.0195, 3114
1.0198, 3113
1.0201, 3112
1.0204, 3111
1.0207, 3110
1.0211, 3109
1.0214, 3108
1.0217, 3107
1.0220, 3106
1.0223, 3105
1.0226, 3104
1.0229, 3103
1.0232, 3102
1.0235, 3101
1.0243, 3100
1.0246, 3099
1.0249, 3098
1.0252, 3097
1.0255, 3096
1.0259, 3095
1.0262, 3094
1.0265, 3093
1.0268, 3092
1.0271, 3091
1.0274, 3090
1.0277, 3089
1.0280, 3088
1.0283, 3087
1.0286, 3086
1.0289, 3085
1.0292, 3084
1.0295, 3083
1.0299, 3082
1.0302, 3081
1.0305, 3080
1.0308, 3079
1.0312, 3078
1.0315, 3077
1.0318, 3076
1.0321, 3075
1.0324, 3074
1.0327, 3073
1.0330, 3072
1.0333, 3071
1.0336, 3070
1.0339, 3069
1.0342, 3068
1.0345, 3067
1.0398, 3066
1.0406, 3065
1.0414, 3064
1.0422, 3063
1.0429, 3062
1.0436, 3061
1.0444, 3060
1.0451, 3059
1.0458, 3058
1.0479, 3057
1.0499, 3056
1.0506, 3055
1.0516, 3054
1.0524, 3053
1.0531, 3052
1.0539, 3051
1.0547, 3050
1.0559, 3049
1.0567, 3048
1.0574, 3047
1.0581, 3046
1.0588, 3045
1.0595, 3044
1.0603, 3043
1.0610, 3042
1.0618, 3041
1.0621, 3040
1.0624, 3039
1.0627, 3038
1.0630, 3037
1.0633, 3036
1.0635, 3035
1.0638, 3034
1.0641, 3033
1.0644, 3032
1.0647, 3031
1.0650, 3030
1.0653, 3029
1.0657, 3028
1.0660, 3027
1.0663, 3026
1.0666, 3025
1.0669, 3024
1.0672, 3023
1.0675, 3022
1.0678, 3021
1.0681, 3020
1.0684, 3019
1.0687, 3018
1.0690, 3017
1.0693, 3016
1.0696, 3015
1.0699, 3014
1.0702, 3013
1.0705, 3012
1.0708, 3011
1.0711, 3010
1.0714, 3009
1.0718, 3008
1.0721, 3007
1.0724, 3006
1.0726, 3005
1.0729, 3004
1.0732, 3003
1.0735, 3002
1.0738, 3001
1.0741, 3000
1.0744, 2999
1.0747, 2998
1.0750, 2997
1.0753, 2996
1.0756, 2995
1.0759, 2994
1.0762, 2993
1.0765, 2992
1.0767, 2991
1.0770, 2990
1.0773, 2989
1.0776, 2988
1.0779, 2987
1.0782, 2986
1.0785, 2985
1.0788, 2984
1.0791, 2983
1.0794, 2982
1.0797, 2981
1.0800, 2980
1.0803, 2979
1.0806, 2978
1.0809, 2977
1.0812, 2976
1.0815, 2975
1.0818, 2974
1.0842, 2973
1.0850, 2972
1.0858, 2971
1.0865, 2970
1.0874, 2969
1.0882, 2968
1.0889, 2967
1.0896, 2966
1.0903, 2965
1.0910, 2964
1.0918, 2963
1.0925, 2962
1.0931, 2961
1.0937, 2960
1.0940, 2959
1.0944, 2958
1.0947, 2957
1.0950, 2956
1.0953, 2955
1.0957, 2954
1.0965, 2953
1.0968, 2952
1.0971, 2951
1.0974, 2950
1.0977, 2949
1.0980, 2948
1.0983, 2947
1.0986, 2946
1.0988, 2945
1.0991, 2944
1.0994, 2943
1.0997, 2942
1.1000, 2941
1.1004, 2940
1.1007, 2939
1.1010, 2938
1.1013, 2937
1.1016, 2936
1.1019, 2935
1.1022, 2934
1.1025, 2933
1.1028, 2932
1.1032, 2931
1.1035, 2930
1.1038, 2929
1.1042, 2928
1.1045, 2927
1.1048, 2926
1.1052, 2925
1.1054, 2924
1.1057, 2923
1.1060, 2922
1.1063, 2921
1.1067, 2920
1.1070, 2919
1.1074, 2918
1.1077, 2917
1.1080, 2916
1.1084, 2915
1.1087, 2914
1.1090, 2913
1.1093, 2912
1.1096, 2911
1.1099, 2910
1.1102, 2909
1.1105, 2908
1.1108, 2907
1.1111, 2906
1.1114, 2905
1.1117, 2904
1.1124, 2903
1.1127, 2902
1.1130, 2901
1.1133, 2900
1.1136, 2899
1.1139, 2898
1.1142, 2897
1.1145, 2896
1.1148, 2895
1.1151, 2894
1.1154, 2893
1.1157, 2892
1.1160, 2891
1.1163, 2890
1.1166, 2889
1.1169, 2888
1.1173, 2887
1.1176, 2886
1.1179, 2885
1.1182, 2884
1.1185, 2883
1.1188, 2882
1.1191, 2881
1.1195, 2880
1.1198, 2879
1.1204, 2878
1.1209, 2877
1.1212, 2876
1.1214, 2875
1.1218, 2874
1.1221, 2873
1.1224, 2872
1.1227, 2871
1.1230, 2870
1.1233, 2869
1.1236, 2868
1.1239, 2867
1.1242, 2866
1.1245, 2865
1.1248, 2864
1.1250, 2863
1.1253, 2862
1.1256, 2861
1.1259, 2860
1.1262, 2859
1.1265, 2858
1.1268, 2857
1.1271, 2856
1.1274, 2855
1.1277, 2854
1.1279, 2853
1.1282, 2852
1.1285, 2851
1.1288, 2850
1.1291, 2849
1.1294, 2848
1.1297, 2847
1.1300, 2846
1.1303, 2845
1.1306, 2844
1.1309, 2843
1.1312, 2842
1.1314, 2841
1.1317, 2840
1.1320, 2839
1.1323, 2838
1.1326, 2837
1.1329, 2836
1.1332, 2835
1.1335, 2834
1.1338, 2833
1.1341, 2832
1.1344, 2831
1.1346, 2830
1.1349, 2829
1.1352, 2828
1.1355, 2827
1.1358, 2826
1.1361, 2825
1.1364, 2824
1.1367, 2823
1.1370, 2822
1.1373, 2821
1.1376, 2820
1.1379, 2819
1.1382, 2818
1.1384, 2817
1.1387, 2816
1.1390, 2815
1.1393, 2814
1.1396, 2813
1.1399, 2812
1.1401, 2811
1.1404, 2810
1.1407, 2809
1.1410, 2808
1.1413, 2807
1.1416, 2806
1.1419, 2805
1.1422, 2804
1.1424, 2803
1.1427, 2802
1.1430, 2801
1.1433, 2800
1.1436, 2799
1.1439, 2798
1.1442, 2797
1.1445, 2796
1.1448, 2795
1.1451, 2794
1.1454, 2793
1.1457, 2792
1.1459, 2791
1.1463, 2790
1.1466, 2789
1.1469, 2788
1.1471, 2787
1.1474, 2786
1.1477, 2785
1.1480, 2784
1.1483, 2783
1.1486, 2782
1.1488, 2781
1.1491, 2780
1.1494, 2779
1.1497, 2778
1.1500, 2777
1.1503, 2776
1.1505, 2775
1.1508, 2774
1.1511, 2773
1.1514, 2772
1.1517, 2771
1.1520, 2770
1.1523, 2769
1.1525, 2768
1.1528, 2767
1.1531, 2766
1.1534, 2765
1.1537, 2764
1.1539, 2763
1.1542, 2762
1.1545, 2761
1.1548, 2760
1.1550, 2759
1.1553, 2758
1.1556, 2757
1.1559, 2756
1.1562, 2755
1.1565, 2754
1.1568, 2753
1.1571, 2752
1.1574, 2751
1.1577, 2750
1.1580, 2749
1.1583, 2748
1.1585, 2747
1.1588, 2746
1.1591, 2745
1.1594, 2744
1.1597, 2743
1.1600, 2742
1.1603, 2741
1.1607, 2740
1.1610, 2739
1.1613, 2738
1.1616, 2737
1.1619, 2736
1.1622, 2735
1.1625, 2734
1.1628, 2733
1.1631, 2732
1.1634, 2731
1.1637, 2730
1.1640, 2729
1.1643, 2728
1.1646, 2727
1.1649, 2726
1.1652, 2725
1.1655, 2724
1.1657, 2723
1.1660, 2722
1.1663, 2721
1.1666, 2720
1.1669, 2719
1.1672, 2718
1.1675, 2717
1.1678, 2716
1.1681, 2715
1.1684, 2714
1.1687, 2713
1.1690, 2712
1.1693, 2711
1.1695, 2710
1.1698, 2709
1.1701, 2708
1.1704, 2707
1.1707, 2706
1.1710, 2705
1.1713, 2704
1.1716, 2703
1.1718, 2702
1.1721, 2701
1.1724, 2700
1.1727, 2699
1.1730, 2698
1.1732, 2697
1.1735, 2696
1.1738, 2695
1.1741, 2694
1.1744, 2693
1.1747, 2692
1.1750, 2691
1.1753, 2690
1.1756, 2689
1.1759, 2688
1.1762, 2687
1.1765, 2686
1.1768, 2685
1.1771, 2684
1.1774, 2683
1.1777, 2682
1.1780, 2681
1.1783, 2680
1.1786, 2679
1.1788, 2678
1.1791, 2677
1.1795, 2676
1.1798, 2675
1.1802, 2674
1.1805, 2673
1.1807, 2672
1.1810, 2671
1.1813, 2670
1.1816, 2669
1.1819, 2668
1.1821, 2667
1.1825, 2666
1.1827, 2665
1.1832, 2664
1.1835, 2663
1.1837, 2662
1.1840, 2661
1.1843, 2660
1.1846, 2659
1.1849, 2658
1.1851, 2657
1.1854, 2656
1.1857, 2655
1.1859, 2654
1.1862, 2653
1.1865, 2652
1.1867, 2651
1.1870, 2650
1.1873, 2649
1.1876, 2648
1.1879, 2647
1.1882, 2646
1.1885, 2645
1.1887, 2644
1.1890, 2643
1.1893, 2642
1.1896, 2641
1.1898, 2640
1.1905, 2639
1.1908, 2638
1.1910, 2637
1.1913, 2636
1.1916, 2635
1.1918, 2634
1.1921, 2633
1.1924, 2632
1.1927, 2631
1.1929, 2630
1.1932, 2629
1.1935, 2628
1.1938, 2627
1.1941, 2626
1.1943, 2625
1.1946, 2624
1.1949, 2623
1.1952, 2622
1.1954, 2621
1.1957, 2620
1.1960, 2619
1.1962, 2618
1.1965, 2617
1.1968, 2616
1.1971, 2615
1.1974, 2614
1.1977, 2613
1.1979, 2612
1.1982, 2611
1.1985, 2610
1.1988, 2609
1.1990, 2608
1.1993, 2607
1.1996, 2606
1.1998, 2605
1.2001, 2604
1.2004, 2603
1.2007, 2602
1.2010, 2601
1.2017, 2600
1.2020, 2599
1.2022, 2598
1.2025, 2597
1.2028, 2596
1.2030, 2595
1.2033, 2594
1.2036, 2593
1.2039, 2592
1.2041, 2591
1.2044, 2590
1.2047, 2589
1.2050, 2588
1.2053, 2587
1.2056, 2586
1.2064, 2585
1.2066, 2584
1.2069, 2583
1.2072, 2582
1.2074, 2581
1.2077, 2580
1.2080, 2579
1.2083, 2578
1.2086, 2577
1.2089, 2576
1.2091, 2575
1.2094, 2574
1.2097, 2573
1.2100, 2572
1.2103, 2571
1.2105, 2570
1.2108, 2569
1.2111, 2568
1.2113, 2567
1.2116, 2566
1.2119, 2565
1.2123, 2564
1.2126, 2563
1.2129, 2562
1.2132, 2561
1.2203, 2560
1.2271, 2559
1.2273, 2558
1.2407, 2557
1.2409, 2556
1.2521, 2555
1.2524, 2554
1.2725, 2553
1.2814, 2552
1.2926, 2551
1.3239, 2550
1.3242, 2549
1.3289, 2548
1.3403, 2547
1.3492, 2546
1.3494, 2545
1.3540, 2544
1.3674, 2543
1.3745, 2542
1.3901, 2541
1.3971, 2540
1.3973, 2539
1.3998, 2538
1.4000, 2537
1.4002, 2536
1.4050, 2535
1.4118, 2534
1.4121, 2533
1.4301, 2532
1.4391, 2531
1.4482, 2530
1.4484, 2529
1.4554, 2528
1.4687, 2527
1.4753, 2526
1.4965, 2525
1.5113, 2524
1.5115, 2523
1.5138, 2522
1.5141, 2521
1.5206, 2520
1.5291, 2519
1.5335, 2518
1.5337, 2517
1.5444, 2516
1.5447, 2515
1.5471, 2514
1.5494, 2513
1.5517, 2512
1.5584, 2511
1.5586, 2510
1.5631, 2509
1.5697, 2508
1.5700, 2507
1.5702, 2506
1.5704, 2505
1.6444, 2504
1.6611, 2503
1.6614, 2502
1.6761, 2501
1.7011, 2500
1.7076, 2499
1.7266, 2498
1.7269, 2497
1.7436, 2496
1.7563, 2495
1.7608, 2494
1.7838, 2493
1.8133, 2492
1.8179, 2491
1.8182, 2490
1.8206, 2489
1.8208, 2488
1.8252, 2487
1.8382, 2486
1.8384, 2485
1.8428, 2484
1.8472, 2483
1.8536, 2482
1.8539, 2481
1.8541, 2480
1.8544, 2479
1.8567, 2478
1.8631, 2477
1.8634, 2476
1.8657, 2475
1.8804, 2474
1.8807, 2473
1.8809, 2472
1.8915, 2471
1.9042, 2470
1.9127, 2469
1.9193, 2468
1.9237, 2467
1.9302, 2466
1.9345, 2465
1.9348, 2464
1.9350, 2463
1.9352, 2462
1.9543, 2461
1.9693, 2460
1.9695, 2459
1.9697, 2458
1.9721, 2457
1.9723, 2456
1.9891, 2455
2.0060, 2454
2.0170, 2453
2.0298, 2452
2.0300, 2451
2.0408, 2450
2.0411, 2449
2.0413, 2448
2.0457, 2447
2.0543, 2446
2.0545, 2445
2.0756, 2444
2.0842, 2443
2.0949, 2442
2.0952, 2441
2.1037, 2440
2.1228, 2439
2.1458, 2438
2.1502, 2437
2.1588, 2436
2.1653, 2435
2.1905, 2434
2.2093, 2433
2.2198, 2432
2.2201, 2431
2.2430, 2430
2.2494, 2429
2.2600, 2428
2.2686, 2427
2.2939, 2426
2.3003, 2425
2.3109, 2424
2.3236, 2423
2.3280, 2422
2.3633, 2421
2.3678, 2420
2.3949, 2419
2.4076, 2418
2.4079, 2417
2.4081, 2416
2.4363, 2415
2.4365, 2414
2.4453, 2413
2.4543, 2412
2.4735, 2411
2.4872, 2410
2.5047, 2409
2.5135, 2408
2.5376, 2407
2.5378, 2406
2.5466, 2405
2.5513, 2404
2.5515, 2403
2.5560, 2402
2.5562, 2401
2.5648, 2400
2.5650, 2399
2.5695, 2398
2.5697, 2397
2.5699, 2396
2.5806, 2395
2.5954, 2394
2.5978, 2393
2.6106, 2392
2.6150, 2391
2.6153, 2390
2.6176, 2389
2.6178, 2388
2.6263, 2387
2.6370, 2386
2.6372, 2385
2.6375, 2384
2.6377, 2383
2.6483, 2382
2.6673, 2381
2.6696, 2380
2.6740, 2379
2.6742, 2378
2.6806, 2377
2.6809, 2376
2.6894, 2375
2.6896, 2374
2.6898, 2373
2.6942, 2372
2.6944, 2371
2.7009, 2370
2.7053, 2369
2.7055, 2368
2.7099, 2367
2.7102, 2366
2.7104, 2365
2.7292, 2364
2.7295, 2363
2.7339, 2362
2.7383, 2361
2.7386, 2360
2.7388, 2359
2.7474, 2358
2.7477, 2357
2.7479, 2356
2.7481, 2355
2.7483, 2354
2.7486, 2353
2.7696, 2352
2.7698, 2351
2.7721, 2350
2.7723, 2349
2.7852, 2348
2.7854, 2347
2.7856, 2346
2.7858, 2345
2.7861, 2344
2.7905, 2343
2.8052, 2342
2.8117, 2341
2.8181, 2340
2.8246, 2339
2.8268, 2338
2.8436, 2337
2.8603, 2336
2.8667, 2335
2.8833, 2334
2.8856, 2333
2.8858, 2332
2.9027, 2331
2.9069, 2330
2.9072, 2329
2.9115, 2328
2.9283, 2327
2.9514, 2326
2.9516, 2325
2.9518, 2324
2.9561, 2323
2.9646, 2322
2.9648, 2321
2.9754, 2320
2.9756, 2319
3.0147, 2318
3.0150, 2317
3.1109, 2316
3.1132, 2315
3.1156, 2314
3.1199, 2313
3.1202, 2312
3.1224, 2311
3.1268, 2310
3.1270, 2309
3.1313, 2308
3.1479, 2307
3.1543, 2306
3.1607, 2305
3.1609, 2304
3.1652, 2303
3.1654, 2302
3.1823, 2301
3.1826, 2300
3.1934, 2299
3.1936, 2298
3.1976, 2297
3.2137, 2296
3.2201, 2295
3.2204, 2294
3.2264, 2293
3.2324, 2292
3.2327, 2291
3.2359, 2290
3.2470, 2289
3.2527, 2288
3.2685, 2287
3.2795, 2286
3.2905, 2285
3.2908, 2284
3.2975, 2283
3.3021, 2282
3.3045, 2281
3.3047, 2280
3.3199, 2279
3.3331, 2278
3.3498, 2277
3.3700, 2276
3.3764, 2275
3.3809, 2274
3.4203, 2273
3.4309, 2272
3.4311, 2271
3.4314, 2270
3.4316, 2269
3.4319, 2268
3.4321, 2267
3.4373, 2266
3.4376, 2265
3.4477, 2264
3.4480, 2263
3.4483, 2262
3.4509, 2261
3.4512, 2260
3.4830, 2259
3.4901, 2258
3.5035, 2257
3.5270, 2256
3.5272, 2255
3.5319, 2254
3.5322, 2253
3.5367, 2252
3.5499, 2251
3.5542, 2250
3.5545, 2249
3.5547, 2248
3.5741, 2247
3.5743, 2246
3.5853, 2245
3.5916, 2244
3.5960, 2243
3.6160, 2242
3.6208, 2241
3.6336, 2240
3.6339, 2239
3.6546, 2238
3.6632, 2237
3.6778, 2236
3.6780, 2235
3.6848, 2234
3.6850, 2233
3.7059, 2232
3.7062, 2231
3.7248, 2230
3.7250, 2229
3.7314, 2228
3.7316, 2227
3.7522, 2226
3.7649, 2225
3.7651, 2224
3.7856, 2223
3.9166, 2222
3.9495, 2221
3.9783, 2220
3.9991, 2219
4.0034, 2218
4.0118, 2217
4.0466, 2216
4.1272, 2215
4.2390, 2214
4.3262, 2213
4.3552, 2212
4.6211, 2211
