0.6539, 3931
0.6543, 3930
0.6546, 3929
0.6549, 3928
0.6553, 3927
0.6556, 3926
0.6559, 3925
0.6562, 3924
0.6566, 3923
0.6569, 3922
0.6572, 3921
0.6576, 3920
0.6579, 3919
0.6582, 3918
0.6585, 3917
0.6589, 3916
0.6592, 3915
0.6595, 3914
0.6598, 3913
0.6602, 3912
0.6605, 3911
0.6608, 3910
0.6612, 3909
0.6615, 3908
0.6618, 3907
0.6621, 3906
0.6624, 3905
0.6628, 3904
0.6631, 3903
0.6634, 3902
0.6637, 3901
0.6641, 3900
0.6644, 3899
0.6647, 3898
0.6651, 3897
0.6654, 3896
0.6657, 3895
0.6661, 3894
0.6664, 3893
0.6667, 3892
0.6670, 3891
0.6674, 3890
0.6677, 3889
0.6680, 3888
0.6683, 3887
0.6687, 3886
0.6690, 3885
0.6693, 3884
0.6696, 3883
0.6700, 3882
0.6703, 3881
0.6706, 3880
0.6709, 3879
0.6713, 3878
0.6716, 3877
0.6719, 3876
0.6722, 3875
0.6726, 3874
0.6729, 3873
0.6732, 3872
0.6735, 3871
0.6739, 3870
0.6742, 3869
0.6745, 3868
0.6748, 3867
0.6751, 3866
0.6755, 3865
0.6758, 3864
0.6761, 3863
0.6764, 3862
0.6768, 3861
0.6771, 3860
0.6774, 3859
0.6777, 3858
0.6781, 3857
0.6784, 3856
0.6787, 3855
0.6790, 3854
0.6793, 3853
0.6797, 3852
0.6800, 3851
0.6803, 3850
0.6806, 3849
0.6810, 3848
0.6813, 3847
0.6816, 3846
0.6820, 3845
0.6823, 3844
0.6826, 3843
0.6830, 3842
0.6833, 3841
0.6836, 3840
0.6840, 3839
0.6843, 3838
0.6847, 3837
0.6850, 3836
0.6853, 3835
0.6857, 3834
0.6860, 3833
0.6864, 3832
0.6867, 3831
0.6870, 3830
0.6874, 3829
0.6877, 3828
0.6881, 3827
0.6884, 3826
0.6887, 3825
0.6890, 3824
0.6893, 3823
0.6897, 3822
0.6900, 3821
0.6903, 3820
0.6907, 3819
0.6910, 3818
0.6913, 3817
0.6916, 3816
0.6920, 3815
0.6923, 3814
0.6926, 3813
0.6929, 3812
0.6932, 3811
0.6936, 3810
0.6939, 3809
0.6942, 3808
0.6946, 3807
0.6949, 3806
0.6952, 3805
0.6955, 3804
0.6959, 3803
0.6962, 3802
0.6966, 3801
0.6969, 3800
0.6972, 3799
0.6975, 3798
0.6979, 3797
0.6982, 3796
0.6985, 3795
0.6989, 3794
0.6992, 3793
0.6995, 3792
0.6998, 3791
0.7001, 3790
0.7004, 3789
0.7008, 3788
0.7011, 3787
0.7014, 3786
0.7018, 3785
0.7021, 3784
0.7024, 3783
0.7028, 3782
0.7031, 3781
0.7034, 3780
0.7037, 3779
0.7041, 3778
0.7044, 3777
0.7047, 3776
0.7050, 3775
0.7053, 3774
0.7057, 3773
0.7060, 3772
0.7063, 3771
0.7066, 3770
0.7070, 3769
0.7073, 3768
0.7076, 3767
0.7079, 3766
0.7083, 3765
0.7086, 3764
0.7089, 3763
0.7092, 3762
0.7096, 3761
0.7099, 3760
0.7102, 3759
0.7105, 3758
0.7108, 3757
0.7112, 3756
0.7115, 3755
0.7119, 3754
0.7122, 3753
0.7125, 3752
0.7129, 3751
0.7132, 3750
0.7135, 3749
0.7138, 3748
0.7142, 3747
0.7145, 3746
0.7148, 3745
0.7151, 3744
0.7154, 3743
0.7158, 3742
0.7161, 3741
0.7164, 3740
0.7167, 3739
0.7170, 3738
0.7174, 3737
0.7177, 3736
0.7180, 3735
0.7183, 3734
0.7186, 3733
0.7190, 3732
0.7193, 3731
0.7196, 3730
0.7199, 3729
0.7203, 3728
0.7206, 3727
0.7209, 3726
0.7213, 3725
0.7216, 3724
0.7219, 3723
0.7222, 3722
0.7226, 3721
0.7229, 3720
0.7232, 3719
0.7235, 3718
0.7238, 3717
0.7242, 3716
0.7245, 3715
0.7248, 3714
0.7251, 3713
0.7255, 3712
0.7258, 3711
0.7261, 3710
0.7264, 3709
0.7268, 3708
0.7271, 3707
0.7274, 3706
0.7277, 3705
0.7280, 3704
0.7283, 3703
0.7287, 3702
0.7290, 3701
0.7293, 3700
0.7296, 3699
0.7299, 3698
0.7302, 3697
0.7305, 3696
0.7309, 3695
0.7312, 3694
0.7315, 3693
0.7318, 3692
0.7321, 3691
0.7325, 3690
0.7328, 3689
0.7331, 3688
0.7334, 3687
0.7337, 3686
0.7341, 3685
0.7344, 3684
0.7347, 3683
0.7350, 3682
0.7353, 3681
0.7356, 3680
0.7360, 3679
0.7363, 3678
0.7366, 3677
0.7369, 3676
0.7372, 3675
0.7376, 3674
0.7379, 3673
0.7382, 3672
0.7385, 3671
0.7388, 3670
0.7392, 3669
0.7396, 3668
0.7399, 3667
0.7402, 3666
0.7405, 3665
0.7408, 3664
0.7412, 3663
0.7415, 3662
0.7418, 3661
0.7421, 3660
0.7424, 3659
0.7428, 3658
0.7431, 3657
0.7434, 3656
0.7437, 3655
0.7440, 3654
0.7444, 3653
0.7447, 3652
0.7450, 3651
0.7453, 3650
0.7457, 3649
0.7460, 3648
0.7463, 3647
0.7467, 3646
0.7470, 3645
0.7473, 3644
0.7476, 3643
0.7479, 3642
0.7483, 3641
0.7486, 3640
0.7489, 3639
0.7492, 3638
0.7496, 3637
0.7499, 3636
0.7502, 3635
0.7505, 3634
0.7508, 3633
0.7511, 3632
0.7514, 3631
0.7518, 3630
0.7521, 3629
0.7524, 3628
0.7528, 3627
0.7531, 3626
0.7534, 3625
0.7538, 3624
0.7541, 3623
0.7544, 3622
0.7548, 3621
0.7551, 3620
0.7554, 3619
0.7557, 3618
0.7560, 3617
0.7564, 3616
0.7567, 3615
0.7570, 3614
0.7573, 3613
0.7577, 3612
0.7580, 3611
0.7583, 3610
0.7587, 3609
0.7590, 3608
0.7593, 3607
0.7597, 3606
0.7600, 3605
0.7603, 3604
0.7607, 3603
0.7610, 3602
0.7613, 3601
0.7616, 3600
0.7619, 3599
0.7622, 3598
0.7625, 3597
0.7628, 3596
0.7632, 3595
0.7635, 3594
0.7638, 3593
0.7641, 3592
0.7645, 3591
0.7648, 3590
0.7651, 3589
0.7654, 3588
0.7658, 3587
0.7662, 3586
0.7665, 3585
0.7668, 3584
0.7672, 3583
0.7675, 3582
0.7678, 3581
0.7681, 3580
0.7684, 3579
0.7688, 3578
0.7691, 3577
0.7694, 3576
0.7697, 3575
0.7700, 3574
0.7703, 3573
0.7707, 3572
0.7710, 3571
0.7713, 3570
0.7716, 3569
0.7719, 3568
0.7722, 3567
0.7725, 3566
0.7728, 3565
0.7732, 3564
0.7735, 3563
0.7738, 3562
0.7741, 3561
0.7744, 3560
0.7747, 3559
0.7750, 3558
0.7753, 3557
0.7757, 3556
0.7760, 3555
0.7763, 3554
0.7767, 3553
0.7770, 3552
0.7774, 3551
0.7777, 3550
0.7780, 3549
0.7783, 3548
0.7786, 3547
0.7790, 3546
0.7793, 3545
0.7796, 3544
0.7799, 3543
0.7802, 3542
0.7805, 3541
0.7808, 3540
0.7811, 3539
0.7815, 3538
0.7818, 3537
0.7821, 3536
0.7824, 3535
0.7827, 3534
0.7830, 3533
0.7833, 3532
0.7836, 3531
0.7839, 3530
0.7843, 3529
0.7846, 3528
0.7849, 3527
0.7852, 3526
0.7855, 3525
0.7859, 3524
0.7862, 3523
0.7865, 3522
0.7869, 3521
0.7872, 3520
0.7876, 3519
0.7879, 3518
0.7883, 3517
0.7887, 3516
0.7891, 3515
0.7895, 3514
0.7898, 3513
0.7901, 3512
0.7904, 3511
0.7908, 3510
0.7911, 3509
0.7914, 3508
0.7917, 3507
0.7920, 3506
0.7923, 3505
0.7926, 3504
0.7930, 3503
0.7933, 3502
0.7936, 3501
0.7939, 3500
0.7942, 3499
0.7945, 3498
0.7949, 3497
0.7953, 3496
0.7957, 3495
0.7960, 3494
0.7964, 3493
0.7967, 3492
0.7970, 3491
0.7973, 3490
0.7976, 3489
0.7979, 3488
0.7982, 3487
0.7985, 3486
0.7988, 3485
0.7991, 3484
0.7995, 3483
0.7998, 3482
0.8001, 3481
0.8004, 3480
0.8008, 3479
0.8012, 3478
0.8017, 3477
0.8021, 3476
0.8025, 3475
0.8028, 3474
0.8031, 3473
0.8035, 3472
0.8038, 3471
0.8042, 3470
0.8046, 3469
0.8049, 3468
0.8053, 3467
0.8056, 3466
0.8060, 3465
0.8064, 3464
0.8067, 3463
0.8071, 3462
0.8074, 3461
0.8077, 3460
0.8080, 3459
0.8083, 3458
0.8087, 3457
0.8091, 3456
0.8094, 3455
0.8097, 3454
0.8100, 3453
0.8103, 3452
0.8107, 3451
0.8110, 3450
0.8113, 3449
0.8116, 3448
0.8120, 3447
0.8123, 3446
0.8126, 3445
0.8130, 3444
0.8134, 3443
0.8138, 3442
0.8142, 3441
0.8147, 3440
0.8151, 3439
0.8154, 3438
0.8157, 3437
0.8161, 3436
0.8164, 3435
0.8168, 3434
0.8172, 3433
0.8176, 3432
0.8181, 3431
0.8185, 3430
0.8189, 3429
0.8193, 3428
0.8196, 3427
0.8200, 3426
0.8203, 3425
0.8207, 3424
0.8211, 3423
0.8216, 3422
0.8220, 3421
0.8223, 3420
0.8227, 3419
0.8230, 3418
0.8234, 3417
0.8237, 3416
0.8240, 3415
0.8243, 3414
0.8246, 3413
0.8249, 3412
0.8252, 3411
0.8255, 3410
0.8259, 3409
0.8262, 3408
0.8266, 3407
0.8269, 3406
0.8273, 3405
0.8276, 3404
0.8280, 3403
0.8284, 3402
0.8288, 3401
0.8291, 3400
0.8295, 3399
0.8298, 3398
0.8302, 3397
0.8306, 3396
0.8310, 3395
0.8315, 3394
0.8318, 3393
0.8322, 3392
0.8326, 3391
0.8330, 3390
0.8334, 3389
0.8338, 3388
0.8342, 3387
0.8345, 3386
0.8349, 3385
0.8352, 3384
0.8356, 3383
0.8361, 3382
0.8365, 3381
0.8369, 3380
0.8373, 3379
0.8377, 3378
0.8381, 3377
0.8385, 3376
0.8388, 3375
0.8392, 3374
0.8395, 3373
0.8399, 3372
0.8402, 3371
0.8406, 3370
0.8409, 3369
0.8412, 3368
0.8416, 3367
0.8419, 3366
0.8422, 3365
0.8425, 3364
0.8429, 3363
0.8432, 3362
0.8436, 3361
0.8440, 3360
0.8444, 3359
0.8449, 3358
0.8453, 3357
0.8457, 3356
0.8460, 3355
0.8464, 3354
0.8467, 3353
0.8471, 3352
0.8475, 3351
0.8479, 3350
0.8483, 3349
0.8487, 3348
0.8492, 3347
0.8496, 3346
0.8499, 3345
0.8502, 3344
0.8506, 3343
0.8510, 3342
0.8513, 3341
0.8517, 3340
0.8520, 3339
0.8524, 3338
0.8527, 3337
0.8531, 3336
0.8535, 3335
0.8539, 3334
0.8543, 3333
0.8547, 3332
0.8551, 3331
0.8555, 3330
0.8559, 3329
0.8563, 3328
0.8567, 3327
0.8570, 3326
0.8573, 3325
0.8576, 3324
0.8579, 3323
0.8583, 3322
0.8587, 3321
0.8591, 3320
0.8594, 3319
0.8598, 3318
0.8601, 3317
0.8605, 3316
0.8609, 3315
0.8613, 3314
0.8617, 3313
0.8621, 3312
0.8625, 3311
0.8628, 3310
0.8632, 3309
0.8636, 3308
0.8640, 3307
0.8643, 3306
0.8647, 3305
0.8651, 3304
0.8656, 3303
0.8659, 3302
0.8663, 3301
0.8667, 3300
0.8671, 3299
0.8675, 3298
0.8679, 3297
0.8683, 3296
0.8686, 3295
0.8689, 3294
0.8694, 3293
0.8698, 3292
0.8711, 3291
0.8719, 3290
0.8723, 3289
0.8729, 3288
0.8733, 3287
0.8737, 3286
0.8741, 3285
0.8745, 3284
0.8749, 3283
0.8753, 3282
0.8757, 3281
0.8760, 3280
0.8763, 3279
0.8767, 3278
0.8772, 3277
0.8776, 3276
0.8780, 3275
0.8784, 3274
0.8788, 3273
0.8792, 3272
0.8797, 3271
0.8800, 3270
0.8803, 3269
0.8807, 3268
0.8810, 3267
0.8813, 3266
0.8816, 3265
0.8820, 3264
0.8823, 3263
0.8825, 3262
0.8829, 3261
0.8832, 3260
0.8835, 3259
0.8839, 3258
0.8842, 3257
0.8845, 3256
0.8848, 3255
0.8851, 3254
0.8854, 3253
0.8857, 3252
0.8860, 3251
0.8863, 3250
0.8866, 3249
0.8870, 3248
0.8873, 3247
0.8876, 3246
0.8879, 3245
0.8882, 3244
0.8885, 3243
0.8888, 3242
0.8891, 3241
0.8895, 3240
0.8899, 3239
0.8902, 3238
0.8905, 3237
0.8928, 3236
0.8932, 3235
0.8936, 3234
0.8938, 3233
0.8941, 3232
0.8944, 3231
0.8948, 3230
0.8951, 3229
0.8954, 3228
0.8958, 3227
0.8960, 3226
0.8963, 3225
0.8966, 3224
0.8969, 3223
0.8972, 3222
0.8975, 3221
0.8978, 3220
0.8981, 3219
0.8984, 3218
0.8987, 3217
0.8990, 3216
0.8992, 3215
0.8995, 3214
0.8999, 3213
0.9002, 3212
0.9006, 3211
0.9009, 3210
0.9013, 3209
0.9016, 3208
0.9019, 3207
0.9022, 3206
0.9025, 3205
0.9028, 3204
0.9031, 3203
0.9034, 3202
0.9037, 3201
0.9040, 3200
0.9043, 3199
0.9046, 3198
0.9049, 3197
0.9052, 3196
0.9055, 3195
0.9059, 3194
0.9063, 3193
0.9066, 3192
0.9069, 3191
0.9073, 3190
0.9077, 3189
0.9081, 3188
0.9084, 3187
0.9086, 3186
0.9089, 3185
0.9092, 3184
0.9095, 3183
0.9098, 3182
0.9101, 3181
0.9104, 3180
0.9107, 3179
0.9110, 3178
0.9114, 3177
0.9117, 3176
0.9119, 3175
0.9122, 3174
0.9125, 3173
0.9128, 3172
0.9131, 3171
0.9134, 3170
0.9137, 3169
0.9140, 3168
0.9143, 3167
0.9146, 3166
0.9149, 3165
0.9152, 3164
0.9155, 3163
0.9158, 3162
0.9161, 3161
0.9164, 3160
0.9167, 3159
0.9170, 3158
0.9173, 3157
0.9175, 3156
0.9178, 3155
0.9181, 3154
0.9184, 3153
0.9187, 3152
0.9190, 3151
0.9193, 3150
0.9197, 3149
0.9200, 3148
0.9203, 3147
0.9205, 3146
0.9209, 3145
0.9212, 3144
0.9215, 3143
0.9219, 3142
0.9222, 3141
0.9225, 3140
0.9228, 3139
0.9231, 3138
0.9234, 3137
0.9238, 3136
0.9241, 3135
0.9245, 3134
0.9248, 3133
0.9251, 3132
0.9254, 3131
0.9257, 3130
0.9260, 3129
0.9262, 3128
0.9265, 3127
0.9268, 3126
0.9271, 3125
0.9274, 3124
0.9277, 3123
0.9280, 3122
0.9283, 3121
0.9285, 3120
0.9288, 3119
0.9291, 3118
0.9294, 3117
0.9296, 3116
0.9299, 3115
0.9302, 3114
0.9305, 3113
0.9308, 3112
0.9311, 3111
0.9313, 3110
0.9316, 3109
0.9319, 3108
0.9322, 3107
0.9325, 3106
0.9328, 3105
0.9331, 3104
0.9334, 3103
0.9337, 3102
0.9340, 3101
0.9343, 3100
0.9346, 3099
0.9350, 3098
0.9353, 3097
0.9356, 3096
0.9358, 3095
0.9361, 3094
0.9364, 3093
0.9367, 3092
0.9370, 3091
0.9373, 3090
0.9376, 3089
0.9379, 3088
0.9382, 3087
0.9384, 3086
0.9387, 3085
0.9390, 3084
0.9394, 3083
0.9397, 3082
0.9400, 3081
0.9404, 3080
0.9407, 3079
0.9411, 3078
0.9414, 3077
0.9417, 3076
0.9419, 3075
0.9422, 3074
0.9425, 3073
0.9428, 3072
0.9431, 3071
0.9434, 3070
0.9436, 3069
0.9439, 3068
0.9442, 3067
0.9445, 3066
0.9447, 3065
0.9450, 3064
0.9453, 3063
0.9456, 3062
0.9458, 3061
0.9461, 3060
0.9464, 3059
0.9467, 3058
0.9470, 3057
0.9473, 3056
0.9476, 3055
0.9478, 3054
0.9482, 3053
0.9485, 3052
0.9488, 3051
0.9491, 3050
0.9494, 3049
0.9496, 3048
0.9499, 3047
0.9502, 3046
0.9504, 3045
0.9507, 3044
0.9510, 3043
0.9513, 3042
0.9516, 3041
0.9518, 3040
0.9521, 3039
0.9524, 3038
0.9526, 3037
0.9529, 3036
0.9532, 3035
0.9535, 3034
0.9537, 3033
0.9540, 3032
0.9543, 3031
0.9546, 3030
0.9549, 3029
0.9552, 3028
0.9555, 3027
0.9558, 3026
0.9561, 3025
0.9563, 3024
0.9566, 3023
0.9570, 3022
0.9574, 3021
0.9577, 3020
0.9580, 3019
0.9583, 3018
0.9586, 3017
0.9589, 3016
0.9592, 3015
0.9595, 3014
0.9598, 3013
0.9600, 3012
0.9603, 3011
0.9606, 3010
0.9608, 3009
0.9611, 3008
0.9614, 3007
0.9617, 3006
0.9619, 3005
0.9622, 3004
0.9625, 3003
0.9627, 3002
0.9630, 3001
0.9633, 3000
0.9635, 2999
0.9638, 2998
0.9641, 2997
0.9644, 2996
0.9646, 2995
0.9649, 2994
0.9652, 2993
0.9654, 2992
0.9657, 2991
0.9660, 2990
0.9663, 2989
0.9665, 2988
0.9668, 2987
0.9671, 2986
0.9673, 2985
0.9676, 2984
0.9679, 2983
0.9682, 2982
0.9685, 2981
0.9687, 2980
0.9690, 2979
0.9693, 2978
0.9695, 2977
0.9698, 2976
0.9701, 2975
0.9704, 2974
0.9707, 2973
0.9710, 2972
0.9713, 2971
0.9716, 2970
0.9719, 2969
0.9721, 2968
0.9724, 2967
0.9727, 2966
0.9730, 2965
0.9733, 2964
0.9736, 2963
0.9739, 2962
0.9742, 2961
0.9745, 2960
0.9748, 2959
0.9751, 2958
0.9754, 2957
0.9757, 2956
0.9760, 2955
0.9763, 2954
0.9766, 2953
0.9768, 2952
0.9771, 2951
0.9774, 2950
0.9777, 2949
0.9779, 2948
0.9782, 2947
0.9785, 2946
0.9788, 2945
0.9790, 2944
0.9793, 2943
0.9796, 2942
0.9799, 2941
0.9802, 2940
0.9805, 2939
0.9808, 2938
0.9811, 2937
0.9813, 2936
0.9816, 2935
0.9819, 2934
0.9822, 2933
0.9826, 2932
0.9829, 2931
0.9832, 2930
0.9834, 2929
0.9837, 2928
0.9841, 2927
0.9843, 2926
0.9846, 2925
0.9849, 2924
0.9852, 2923
0.9855, 2922
0.9858, 2921
0.9861, 2920
0.9864, 2919
0.9867, 2918
0.9870, 2917
0.9873, 2916
0.9876, 2915
0.9879, 2914
0.9882, 2913
0.9885, 2912
0.9888, 2911
0.9891, 2910
0.9895, 2909
0.9898, 2908
0.9901, 2907
0.9904, 2906
0.9908, 2905
0.9911, 2904
0.9914, 2903
0.9917, 2902
0.9920, 2901
0.9923, 2900
0.9925, 2899
0.9928, 2898
0.9931, 2897
0.9934, 2896
0.9937, 2895
0.9940, 2894
0.9943, 2893
0.9946, 2892
0.9949, 2891
0.9951, 2890
0.9954, 2889
0.9958, 2888
0.9960, 2887
0.9963, 2886
0.9966, 2885
0.9969, 2884
0.9972, 2883
0.9974, 2882
0.9977, 2881
0.9980, 2880
0.9982, 2879
0.9985, 2878
0.9988, 2877
0.9991, 2876
0.9994, 2875
0.9996, 2874
0.9999, 2873
1.0002, 2872
1.0005, 2871
1.0007, 2870
1.0011, 2869
1.0013, 2868
1.0016, 2867
1.0018, 2866
1.0021, 2865
1.0024, 2864
1.0027, 2863
1.0029, 2862
1.0032, 2861
1.0035, 2860
1.0037, 2859
1.0040, 2858
1.0043, 2857
1.0045, 2856
1.0048, 2855
1.0051, 2854
1.0054, 2853
1.0056, 2852
1.0059, 2851
1.0063, 2850
1.0065, 2849
1.0069, 2848
1.0072, 2847
1.0075, 2846
1.0078, 2845
1.0080, 2844
1.0083, 2843
1.0086, 2842
1.0088, 2841
1.0091, 2840
1.0094, 2839
1.0097, 2838
1.0100, 2837
1.0102, 2836
1.0105, 2835
1.0108, 2834
1.0111, 2833
1.0114, 2832
1.0116, 2831
1.0119, 2830
1.0123, 2829
1.0125, 2828
1.0128, 2827
1.0131, 2826
1.0134, 2825
1.0136, 2824
1.0139, 2823
1.0142, 2822
1.0145, 2821
1.0148, 2820
1.0151, 2819
1.0153, 2818
1.0156, 2817
1.0159, 2816
1.0162, 2815
1.0165, 2814
1.0168, 2813
1.0171, 2812
1.0174, 2811
1.0176, 2810
1.0179, 2809
1.0182, 2808
1.0184, 2807
1.0187, 2806
1.0190, 2805
1.0193, 2804
1.0196, 2803
1.0198, 2802
1.0201, 2801
1.0204, 2800
1.0207, 2799
1.0210, 2798
1.0213, 2797
1.0215, 2796
1.0218, 2795
1.0220, 2794
1.0223, 2793
1.0227, 2792
1.0229, 2791
1.0232, 2790
1.0235, 2789
1.0238, 2788
1.0241, 2787
1.0243, 2786
1.0246, 2785
1.0249, 2784
1.0252, 2783
1.0254, 2782
1.0257, 2781
1.0259, 2780
1.0262, 2779
1.0265, 2778
1.0268, 2777
1.0270, 2776
1.0273, 2775
1.0276, 2774
1.0279, 2773
1.0282, 2772
1.0285, 2771
1.0288, 2770
1.0291, 2769
1.0294, 2768
1.0297, 2767
1.0300, 2766
1.0303, 2765
1.0306, 2764
1.0309, 2763
1.0312, 2762
1.0315, 2761
1.0318, 2760
1.0321, 2759
1.0324, 2758
1.0326, 2757
1.0329, 2756
1.0332, 2755
1.0335, 2754
1.0337, 2753
1.0340, 2752
1.0343, 2751
1.0346, 2750
1.0348, 2749
1.0351, 2748
1.0354, 2747
1.0356, 2746
1.0359, 2745
1.0361, 2744
1.0364, 2743
1.0368, 2742
1.0371, 2741
1.0374, 2740
1.0376, 2739
1.0379, 2738
1.0382, 2737
1.0384, 2736
1.0387, 2735
1.0390, 2734
1.0393, 2733
1.0396, 2732
1.0399, 2731
1.0402, 2730
1.0405, 2729
1.0408, 2728
1.0411, 2727
1.0414, 2726
1.0417, 2725
1.0420, 2724
1.0424, 2723
1.0426, 2722
1.0429, 2721
1.0432, 2720
1.0436, 2719
1.0439, 2718
1.0442, 2717
1.0445, 2716
1.0447, 2715
1.0450, 2714
1.0453, 2713
1.0456, 2712
1.0458, 2711
1.0461, 2710
1.0463, 2709
1.0466, 2708
1.0469, 2707
1.0472, 2706
1.0474, 2705
1.0477, 2704
1.0480, 2703
1.0482, 2702
1.0485, 2701
1.0487, 2700
1.0490, 2699
1.0493, 2698
1.0495, 2697
1.0498, 2696
1.0500, 2695
1.0503, 2694
1.0506, 2693
1.0509, 2692
1.0511, 2691
1.0514, 2690
1.0517, 2689
1.0519, 2688
1.0522, 2687
1.0525, 2686
1.0527, 2685
1.0530, 2684
1.0533, 2683
1.0535, 2682
1.0538, 2681
1.0541, 2680
1.0543, 2679
1.0546, 2678
1.0549, 2677
1.0552, 2676
1.0555, 2675
1.0557, 2674
1.0560, 2673
1.0563, 2672
1.0566, 2671
1.0569, 2670
1.0572, 2669
1.0576, 2668
1.0579, 2667
1.0582, 2666
1.0585, 2665
1.0588, 2664
1.0591, 2663
1.0594, 2662
1.0597, 2661
1.0600, 2660
1.0603, 2659
1.0606, 2658
1.0608, 2657
1.0611, 2656
1.0614, 2655
1.0617, 2654
1.0619, 2653
1.0622, 2652
1.0625, 2651
1.0627, 2650
1.0630, 2649
1.0633, 2648
1.0635, 2647
1.0638, 2646
1.0641, 2645
1.0643, 2644
1.0646, 2643
1.0649, 2642
1.0652, 2641
1.0654, 2640
1.0657, 2639
1.0660, 2638
1.0662, 2637
1.0665, 2636
1.0668, 2635
1.0670, 2634
1.0673, 2633
1.0676, 2632
1.0678, 2631
1.0681, 2630
1.0684, 2629
1.0687, 2628
1.0690, 2627
1.0693, 2626
1.0695, 2625
1.0698, 2624
1.0700, 2623
1.0703, 2622
1.0705, 2621
1.0708, 2620
1.0710, 2619
1.0713, 2618
1.0716, 2617
1.0718, 2616
1.0721, 2615
1.0724, 2614
1.0727, 2613
1.0730, 2612
1.0733, 2611
1.0735, 2610
1.0738, 2609
1.0740, 2608
1.0743, 2607
1.0746, 2606
1.0749, 2605
1.0751, 2604
1.0754, 2603
1.0757, 2602
1.0760, 2601
1.0762, 2600
1.0765, 2599
1.0767, 2598
1.0770, 2597
1.0773, 2596
1.0775, 2595
1.0778, 2594
1.0780, 2593
1.0783, 2592
1.0786, 2591
1.0789, 2590
1.0791, 2589
1.0794, 2588
1.0796, 2587
1.0799, 2586
1.0801, 2585
1.0804, 2584
1.0807, 2583
1.0809, 2582
1.0812, 2581
1.0814, 2580
1.0817, 2579
1.0820, 2578
1.0822, 2577
1.0825, 2576
1.0828, 2575
1.0830, 2574
1.0833, 2573
1.0836, 2572
1.0838, 2571
1.0841, 2570
1.0843, 2569
1.0846, 2568
1.0849, 2567
1.0895, 2566
1.0940, 2565
1.1004, 2564
1.1131, 2563
1.1133, 2562
1.1217, 2561
1.1220, 2560
1.1407, 2559
1.1572, 2558
1.1575, 2557
1.1884, 2556
1.1886, 2555
1.1930, 2554
1.2099, 2553
1.2122, 2552
1.2125, 2551
1.2189, 2550
1.2315, 2549
1.2317, 2548
1.2464, 2547
1.2466, 2546
1.2510, 2545
1.2532, 2544
1.2535, 2543
1.2537, 2542
1.2580, 2541
1.2664, 2540
1.2666, 2539
1.2811, 2538
1.2896, 2537
1.2980, 2536
1.2983, 2535
1.3046, 2534
1.3151, 2533
1.3154, 2532
1.3157, 2531
1.3200, 2530
1.3541, 2529
1.3667, 2528
1.3670, 2527
1.3732, 2526
1.3735, 2525
1.3872, 2524
1.3875, 2523
1.3878, 2522
1.3935, 2521
1.4001, 2520
1.4078, 2519
1.4106, 2518
1.4130, 2517
1.4155, 2516
1.4219, 2515
1.4221, 2514
1.4288, 2513
1.4291, 2512
1.4293, 2511
1.4295, 2510
1.4361, 2509
1.4414, 2508
1.5132, 2507
1.5260, 2506
1.5262, 2505
1.5409, 2504
1.5700, 2503
1.5703, 2502
1.5848, 2501
1.5851, 2500
1.5934, 2499
1.6060, 2498
1.6083, 2497
1.6290, 2496
1.6539, 2495
1.6542, 2494
1.6669, 2493
1.6692, 2492
1.6694, 2491
1.6738, 2490
1.6802, 2489
1.6867, 2488
1.6910, 2487
1.6994, 2486
1.7037, 2485
1.7039, 2484
1.7041, 2483
1.7044, 2482
1.7046, 2481
1.7131, 2480
1.7133, 2479
1.7135, 2478
1.7261, 2477
1.7264, 2476
1.7266, 2475
1.7496, 2474
1.7499, 2473
1.7667, 2472
1.7670, 2471
1.7734, 2470
1.7778, 2469
1.7821, 2468
1.7824, 2467
1.7826, 2466
1.7829, 2465
1.8024, 2464
1.8157, 2463
1.8159, 2462
1.8346, 2461
1.8353, 2460
1.8359, 2459
1.8649, 2458
1.9130, 2457
1.9199, 2456
1.9489, 2455
1.9491, 2454
1.9735, 2453
1.9738, 2452
1.9762, 2451
1.9839, 2450
1.9940, 2449
1.9943, 2448
2.0257, 2447
2.0428, 2446
2.0601, 2445
2.0626, 2444
2.0757, 2443
2.0904, 2442
2.1080, 2441
2.1192, 2440
2.1282, 2439
2.1328, 2438
2.1567, 2437
2.1761, 2436
2.1848, 2435
2.1892, 2434
2.2105, 2433
2.2171, 2432
2.2215, 2431
2.2302, 2430
2.2620, 2429
2.2664, 2428
2.2835, 2427
2.2944, 2426
2.2946, 2425
2.3349, 2424
2.3351, 2423
2.3627, 2422
2.3798, 2421
2.3927, 2420
2.3929, 2419
2.3994, 2418
2.4280, 2417
2.4410, 2416
2.4498, 2415
2.4669, 2414
2.4757, 2413
2.4886, 2412
2.4994, 2411
2.5144, 2410
2.5146, 2409
2.5148, 2408
2.5172, 2407
2.5174, 2406
2.5240, 2405
2.5242, 2404
2.5328, 2403
2.5331, 2402
2.5333, 2401
2.5419, 2400
2.5589, 2399
2.5592, 2398
2.5657, 2397
2.5744, 2396
2.5788, 2395
2.5791, 2394
2.5814, 2393
2.5816, 2392
2.5903, 2391
2.6011, 2390
2.6014, 2389
2.6016, 2388
2.6018, 2387
2.6105, 2386
2.6319, 2385
2.6343, 2384
2.6387, 2383
2.6389, 2382
2.6455, 2381
2.6457, 2380
2.6543, 2379
2.6546, 2378
2.6548, 2377
2.6592, 2376
2.6594, 2375
2.6681, 2374
2.6683, 2373
2.6707, 2372
2.6772, 2371
2.6775, 2370
2.6777, 2369
2.6990, 2368
2.6992, 2367
2.6994, 2366
2.7039, 2365
2.7041, 2364
2.7043, 2363
2.7131, 2362
2.7134, 2361
2.7136, 2360
2.7138, 2359
2.7141, 2358
2.7143, 2357
2.7315, 2356
2.7381, 2355
2.7383, 2354
2.7406, 2353
2.7409, 2352
2.7474, 2351
2.7541, 2350
2.7543, 2349
2.7545, 2348
2.7548, 2347
2.7593, 2346
2.7742, 2345
2.7807, 2344
2.7872, 2343
2.7938, 2342
2.7961, 2341
2.8132, 2340
2.8260, 2339
2.8367, 2338
2.8536, 2337
2.8560, 2336
2.8562, 2335
2.8775, 2334
2.8777, 2333
2.8779, 2332
2.8824, 2331
2.8995, 2330
2.9229, 2329
2.9231, 2328
2.9234, 2327
2.9277, 2326
2.9363, 2325
2.9365, 2324
2.9494, 2323
2.9496, 2322
2.9813, 2321
2.9815, 2320
3.0829, 2319
3.0852, 2318
3.0875, 2317
3.0920, 2316
3.0922, 2315
3.0945, 2314
3.0989, 2313
3.0991, 2312
3.1035, 2311
3.1183, 2310
3.1227, 2309
3.1271, 2308
3.1336, 2307
3.1338, 2306
3.1382, 2305
3.1384, 2304
3.1512, 2303
3.1577, 2302
3.1642, 2301
3.1644, 2300
3.1667, 2299
3.1774, 2298
3.1818, 2297
3.1820, 2296
3.1885, 2295
3.1887, 2294
3.1931, 2293
3.1933, 2292
3.2018, 2291
3.2062, 2290
3.2168, 2289
3.2275, 2288
3.2380, 2287
3.2382, 2286
3.2468, 2285
3.2470, 2284
3.2496, 2283
3.2499, 2282
3.2656, 2281
3.2827, 2280
3.2830, 2279
3.2979, 2278
3.3107, 2277
3.3215, 2276
3.3553, 2275
3.3597, 2274
3.3599, 2273
3.3601, 2272
3.3604, 2271
3.3693, 2270
3.3695, 2269
3.3698, 2268
3.3787, 2267
3.3789, 2266
3.3792, 2265
3.3816, 2264
3.3818, 2263
3.3950, 2262
3.4057, 2261
3.4123, 2260
3.4252, 2259
3.4318, 2258
3.4445, 2257
3.4489, 2256
3.4533, 2255
3.4577, 2254
3.4704, 2253
3.4748, 2252
3.4750, 2251
3.4752, 2250
3.4942, 2249
3.4944, 2248
3.5050, 2247
3.5116, 2246
3.5160, 2245
3.5292, 2244
3.5294, 2243
3.5296, 2242
3.5361, 2241
3.5406, 2240
3.5534, 2239
3.5536, 2238
3.5580, 2237
3.5769, 2236
3.5813, 2235
3.5940, 2234
3.5942, 2233
3.6006, 2232
3.6009, 2231
3.6177, 2230
3.6284, 2229
3.6409, 2228
3.6494, 2227
3.6663, 2226
3.6915, 2225
3.7418, 2224
3.8468, 2223
3.8967, 2222
3.9679, 2221
3.9939, 2220
3.9941, 2219
4.0102, 2218
4.1094, 2217
4.1903, 2216
4.2906, 2215
4.2970, 2214
4.3075, 2213
