0.0313, 2281
0.0350, 2280
0.1277, 2278
0.1352, 2277
0.1544, 2276
0.2781, 2275
0.3233, 2274
0.3509, 2273
0.4023, 2272
0.4487, 2271
0.4980, 2270
0.5798, 2269
0.6556, 2268
0.6742, 2267
0.7072, 2266
0.7620, 2265
0.8134, 2264
0.8375, 2263
0.8770, 2262
0.9285, 2261
0.9654, 2259
0.9776, 2258
1.0025, 2255
1.0335, 2254
1.2349, 2253
1.2627, 2252
1.4082, 2250
1.4238, 2248
1.4756, 2247
1.5123, 2246
1.5186, 2245
1.5371, 2244
1.5648, 2243
1.6167, 2242
1.6259, 2241
1.8431, 2240
1.9224, 2239
2.0691, 2238
2.1518, 2236
2.1853, 2235
2.2493, 2234
2.2649, 2233
2.3630, 2232
2.7195, 2231
2.7264, 2230
2.8674, 2229
3.0945, 2228
3.1191, 2227
