0.8000, 3931
0.8004, 3930
0.8008, 3929
0.8011, 3928
0.8015, 3927
0.8018, 3926
0.8022, 3925
0.8025, 3924
0.8029, 3923
0.8032, 3922
0.8036, 3921
0.8039, 3920
0.8043, 3919
0.8046, 3918
0.8050, 3917
0.8053, 3916
0.8057, 3915
0.8060, 3914
0.8064, 3913
0.8067, 3912
0.8071, 3911
0.8074, 3910
0.8078, 3909
0.8081, 3908
0.8085, 3907
0.8088, 3906
0.8092, 3905
0.8096, 3904
0.8099, 3903
0.8105, 3902
0.8120, 3901
0.8128, 3900
0.8132, 3899
0.8138, 3898
0.8142, 3897
0.8145, 3896
0.8149, 3895
0.8152, 3894
0.8156, 3893
0.8160, 3892
0.8163, 3891
0.8167, 3890
0.8171, 3889
0.8175, 3888
0.8178, 3887
0.8182, 3886
0.8186, 3885
0.8189, 3884
0.8193, 3883
0.8196, 3882
0.8200, 3881
0.8204, 3880
0.8208, 3879
0.8212, 3878
0.8215, 3877
0.8219, 3876
0.8223, 3875
0.8226, 3874
0.8230, 3873
0.8233, 3872
0.8237, 3871
0.8240, 3870
0.8244, 3869
0.8247, 3868
0.8251, 3867
0.8255, 3866
0.8258, 3865
0.8262, 3864
0.8265, 3863
0.8269, 3862
0.8272, 3861
0.8276, 3860
0.8279, 3859
0.8283, 3858
0.8286, 3857
0.8290, 3856
0.8293, 3855
0.8296, 3854
0.8300, 3853
0.8303, 3852
0.8307, 3851
0.8310, 3850
0.8314, 3849
0.8317, 3848
0.8321, 3847
0.8324, 3846
0.8328, 3845
0.8331, 3844
0.8335, 3843
0.8338, 3842
0.8342, 3841
0.8346, 3840
0.8349, 3839
0.8353, 3838
0.8356, 3837
0.8360, 3836
0.8363, 3835
0.8367, 3834
0.8370, 3833
0.8374, 3832
0.8378, 3831
0.8381, 3830
0.8385, 3829
0.8388, 3828
0.8393, 3827
0.8397, 3826
0.8401, 3825
0.8404, 3824
0.8408, 3823
0.8412, 3822
0.8415, 3821
0.8419, 3820
0.8423, 3819
0.8426, 3818
0.8430, 3817
0.8433, 3816
0.8437, 3815
0.8440, 3814
0.8444, 3813
0.8447, 3812
0.8451, 3811
0.8454, 3810
0.8458, 3809
0.8461, 3808
0.8465, 3807
0.8468, 3806
0.8472, 3805
0.8475, 3804
0.8479, 3803
0.8482, 3802
0.8486, 3801
0.8490, 3800
0.8493, 3799
0.8497, 3798
0.8501, 3797
0.8504, 3796
0.8508, 3795
0.8512, 3794
0.8515, 3793
0.8518, 3792
0.8522, 3791
0.8525, 3790
0.8529, 3789
0.8532, 3788
0.8536, 3787
0.8539, 3786
0.8543, 3785
0.8546, 3784
0.8550, 3783
0.8553, 3782
0.8557, 3781
0.8560, 3780
0.8564, 3779
0.8567, 3778
0.8571, 3777
0.8575, 3776
0.8578, 3775
0.8582, 3774
0.8585, 3773
0.8589, 3772
0.8592, 3771
0.8596, 3770
0.8599, 3769
0.8603, 3768
0.8606, 3767
0.8610, 3766
0.8613, 3765
0.8616, 3764
0.8620, 3763
0.8623, 3762
0.8626, 3761
0.8630, 3760
0.8634, 3759
0.8637, 3758
0.8640, 3757
0.8643, 3756
0.8647, 3755
0.8650, 3754
0.8653, 3753
0.8657, 3752
0.8660, 3751
0.8663, 3750
0.8667, 3749
0.8670, 3748
0.8674, 3747
0.8677, 3746
0.8681, 3745
0.8684, 3744
0.8687, 3743
0.8690, 3742
0.8694, 3741
0.8697, 3740
0.8700, 3739
0.8704, 3738
0.8707, 3737
0.8710, 3736
0.8713, 3735
0.8717, 3734
0.8720, 3733
0.8723, 3732
0.8726, 3731
0.8730, 3730
0.8733, 3729
0.8736, 3728
0.8740, 3727
0.8743, 3726
0.8746, 3725
0.8749, 3724
0.8753, 3723
0.8756, 3722
0.8759, 3721
0.8763, 3720
0.8766, 3719
0.8769, 3718
0.8773, 3717
0.8776, 3716
0.8779, 3715
0.8783, 3714
0.8786, 3713
0.8789, 3712
0.8792, 3711
0.8796, 3710
0.8799, 3709
0.8802, 3708
0.8805, 3707
0.8809, 3706
0.8812, 3705
0.8815, 3704
0.8818, 3703
0.8822, 3702
0.8825, 3701
0.8828, 3700
0.8832, 3699
0.8835, 3698
0.8838, 3697
0.8842, 3696
0.8845, 3695
0.8848, 3694
0.8851, 3693
0.8854, 3692
0.8858, 3691
0.8861, 3690
0.8864, 3689
0.8867, 3688
0.8870, 3687
0.8874, 3686
0.8877, 3685
0.8880, 3684
0.8884, 3683
0.8887, 3682
0.8890, 3681
0.8894, 3680
0.8897, 3679
0.8900, 3678
0.8903, 3677
0.8907, 3676
0.8910, 3675
0.8913, 3674
0.8916, 3673
0.8920, 3672
0.8923, 3671
0.8926, 3670
0.8930, 3669
0.8933, 3668
0.8936, 3667
0.8939, 3666
0.8943, 3665
0.8946, 3664
0.8949, 3663
0.8952, 3662
0.8956, 3661
0.8959, 3660
0.8962, 3659
0.8965, 3658
0.8968, 3657
0.8972, 3656
0.8975, 3655
0.8978, 3654
0.8982, 3653
0.8985, 3652
0.8988, 3651
0.8991, 3650
0.8995, 3649
0.8998, 3648
0.9001, 3647
0.9005, 3646
0.9008, 3645
0.9011, 3644
0.9014, 3643
0.9018, 3642
0.9021, 3641
0.9024, 3640
0.9027, 3639
0.9031, 3638
0.9034, 3637
0.9037, 3636
0.9040, 3635
0.9044, 3634
0.9047, 3633
0.9050, 3632
0.9053, 3631
0.9056, 3630
0.9060, 3629
0.9063, 3628
0.9066, 3627
0.9069, 3626
0.9072, 3625
0.9076, 3624
0.9079, 3623
0.9082, 3622
0.9085, 3621
0.9088, 3620
0.9092, 3619
0.9095, 3618
0.9098, 3617
0.9101, 3616
0.9104, 3615
0.9107, 3614
0.9111, 3613
0.9114, 3612
0.9117, 3611
0.9120, 3610
0.9124, 3609
0.9127, 3608
0.9130, 3607
0.9134, 3606
0.9137, 3605
0.9140, 3604
0.9143, 3603
0.9146, 3602
0.9150, 3601
0.9153, 3600
0.9156, 3599
0.9159, 3598
0.9162, 3597
0.9166, 3596
0.9169, 3595
0.9172, 3594
0.9176, 3593
0.9179, 3592
0.9183, 3591
0.9186, 3590
0.9190, 3589
0.9193, 3588
0.9196, 3587
0.9199, 3586
0.9202, 3585
0.9206, 3584
0.9209, 3583
0.9212, 3582
0.9216, 3581
0.9219, 3580
0.9222, 3579
0.9226, 3578
0.9229, 3577
0.9232, 3576
0.9235, 3575
0.9239, 3574
0.9242, 3573
0.9245, 3572
0.9248, 3571
0.9251, 3570
0.9255, 3569
0.9258, 3568
0.9261, 3567
0.9264, 3566
0.9267, 3565
0.9271, 3564
0.9274, 3563
0.9277, 3562
0.9280, 3561
0.9283, 3560
0.9286, 3559
0.9290, 3558
0.9293, 3557
0.9296, 3556
0.9299, 3555
0.9302, 3554
0.9305, 3553
0.9308, 3552
0.9312, 3551
0.9315, 3550
0.9318, 3549
0.9322, 3548
0.9325, 3547
0.9328, 3546
0.9332, 3545
0.9335, 3544
0.9338, 3543
0.9341, 3542
0.9344, 3541
0.9348, 3540
0.9351, 3539
0.9354, 3538
0.9358, 3537
0.9361, 3536
0.9365, 3535
0.9368, 3534
0.9371, 3533
0.9375, 3532
0.9378, 3531
0.9382, 3530
0.9386, 3529
0.9389, 3528
0.9392, 3527
0.9396, 3526
0.9399, 3525
0.9402, 3524
0.9405, 3523
0.9408, 3522
0.9411, 3521
0.9415, 3520
0.9418, 3519
0.9421, 3518
0.9424, 3517
0.9427, 3516
0.9430, 3515
0.9434, 3514
0.9437, 3513
0.9440, 3512
0.9443, 3511
0.9446, 3510
0.9449, 3509
0.9453, 3508
0.9456, 3507
0.9459, 3506
0.9462, 3505
0.9465, 3504
0.9468, 3503
0.9471, 3502
0.9475, 3501
0.9478, 3500
0.9481, 3499
0.9484, 3498
0.9487, 3497
0.9490, 3496
0.9493, 3495
0.9497, 3494
0.9500, 3493
0.9503, 3492
0.9506, 3491
0.9510, 3490
0.9513, 3489
0.9516, 3488
0.9520, 3487
0.9523, 3486
0.9526, 3485
0.9530, 3484
0.9533, 3483
0.9536, 3482
0.9539, 3481
0.9542, 3480
0.9545, 3479
0.9548, 3478
0.9551, 3477
0.9555, 3476
0.9558, 3475
0.9561, 3474
0.9564, 3473
0.9567, 3472
0.9570, 3471
0.9574, 3470
0.9577, 3469
0.9580, 3468
0.9583, 3467
0.9586, 3466
0.9589, 3465
0.9592, 3464
0.9595, 3463
0.9598, 3462
0.9601, 3461
0.9604, 3460
0.9608, 3459
0.9611, 3458
0.9614, 3457
0.9617, 3456
0.9620, 3455
0.9624, 3454
0.9627, 3453
0.9630, 3452
0.9633, 3451
0.9636, 3450
0.9639, 3449
0.9642, 3448
0.9645, 3447
0.9648, 3446
0.9651, 3445
0.9654, 3444
0.9657, 3443
0.9660, 3442
0.9664, 3441
0.9667, 3440
0.9670, 3439
0.9673, 3438
0.9676, 3437
0.9679, 3436
0.9682, 3435
0.9686, 3434
0.9689, 3433
0.9692, 3432
0.9695, 3431
0.9698, 3430
0.9701, 3429
0.9704, 3428
0.9707, 3427
0.9710, 3426
0.9713, 3425
0.9716, 3424
0.9719, 3423
0.9722, 3422
0.9726, 3421
0.9729, 3420
0.9732, 3419
0.9735, 3418
0.9738, 3417
0.9741, 3416
0.9744, 3415
0.9747, 3414
0.9750, 3413
0.9753, 3412
0.9756, 3411
0.9759, 3410
0.9762, 3409
0.9765, 3408
0.9768, 3407
0.9771, 3406
0.9774, 3405
0.9777, 3404
0.9781, 3403
0.9784, 3402
0.9788, 3401
0.9792, 3400
0.9795, 3399
0.9799, 3398
0.9802, 3397
0.9806, 3396
0.9809, 3395
0.9812, 3394
0.9815, 3393
0.9818, 3392
0.9822, 3391
0.9825, 3390
0.9828, 3389
0.9832, 3388
0.9835, 3387
0.9838, 3386
0.9842, 3385
0.9845, 3384
0.9849, 3383
0.9852, 3382
0.9855, 3381
0.9858, 3380
0.9861, 3379
0.9865, 3378
0.9868, 3377
0.9872, 3376
0.9875, 3375
0.9879, 3374
0.9882, 3373
0.9886, 3372
0.9889, 3371
0.9892, 3370
0.9896, 3369
0.9899, 3368
0.9902, 3367
0.9906, 3366
0.9909, 3365
0.9913, 3364
0.9916, 3363
0.9919, 3362
0.9922, 3361
0.9926, 3360
0.9929, 3359
0.9932, 3358
0.9935, 3357
0.9939, 3356
0.9942, 3355
0.9946, 3354
0.9950, 3353
0.9955, 3352
0.9958, 3351
0.9963, 3350
0.9966, 3349
0.9969, 3348
0.9972, 3347
0.9976, 3346
0.9979, 3345
0.9982, 3344
0.9986, 3343
0.9989, 3342
0.9992, 3341
0.9995, 3340
0.9999, 3339
1.0002, 3338
1.0006, 3337
1.0009, 3336
1.0012, 3335
1.0017, 3334
1.0020, 3333
1.0045, 3332
1.0049, 3331
1.0052, 3330
1.0060, 3329
1.0065, 3328
1.0070, 3327
1.0074, 3326
1.0081, 3325
1.0084, 3324
1.0088, 3323
1.0091, 3322
1.0096, 3321
1.0099, 3320
1.0103, 3319
1.0108, 3318
1.0112, 3317
1.0118, 3316
1.0122, 3315
1.0127, 3314
1.0132, 3313
1.0135, 3312
1.0138, 3311
1.0142, 3310
1.0146, 3309
1.0150, 3308
1.0154, 3307
1.0158, 3306
1.0161, 3305
1.0168, 3304
1.0174, 3303
1.0177, 3302
1.0181, 3301
1.0184, 3300
1.0188, 3299
1.0191, 3298
1.0195, 3297
1.0198, 3296
1.0202, 3295
1.0206, 3294
1.0210, 3293
1.0213, 3292
1.0216, 3291
1.0220, 3290
1.0223, 3289
1.0227, 3288
1.0232, 3287
1.0236, 3286
1.0241, 3285
1.0246, 3284
1.0250, 3283
1.0254, 3282
1.0259, 3281
1.0263, 3280
1.0267, 3279
1.0271, 3278
1.0275, 3277
1.0280, 3276
1.0285, 3275
1.0290, 3274
1.0295, 3273
1.0298, 3272
1.0302, 3271
1.0305, 3270
1.0310, 3269
1.0315, 3268
1.0320, 3267
1.0324, 3266
1.0328, 3265
1.0332, 3264
1.0336, 3263
1.0339, 3262
1.0343, 3261
1.0347, 3260
1.0350, 3259
1.0353, 3258
1.0357, 3257
1.0360, 3256
1.0363, 3255
1.0366, 3254
1.0370, 3253
1.0373, 3252
1.0376, 3251
1.0380, 3250
1.0383, 3249
1.0386, 3248
1.0390, 3247
1.0393, 3246
1.0396, 3245
1.0400, 3244
1.0404, 3243
1.0408, 3242
1.0411, 3241
1.0415, 3240
1.0419, 3239
1.0423, 3238
1.0427, 3237
1.0430, 3236
1.0434, 3235
1.0437, 3234
1.0441, 3233
1.0444, 3232
1.0447, 3231
1.0451, 3230
1.0455, 3229
1.0459, 3228
1.0463, 3227
1.0467, 3226
1.0471, 3225
1.0476, 3224
1.0479, 3223
1.0483, 3222
1.0487, 3221
1.0490, 3220
1.0493, 3219
1.0497, 3218
1.0502, 3217
1.0506, 3216
1.0510, 3215
1.0513, 3214
1.0516, 3213
1.0519, 3212
1.0522, 3211
1.0525, 3210
1.0529, 3209
1.0532, 3208
1.0536, 3207
1.0539, 3206
1.0544, 3205
1.0547, 3204
1.0551, 3203
1.0555, 3202
1.0560, 3201
1.0563, 3200
1.0566, 3199
1.0570, 3198
1.0574, 3197
1.0578, 3196
1.0583, 3195
1.0587, 3194
1.0592, 3193
1.0596, 3192
1.0600, 3191
1.0604, 3190
1.0607, 3189
1.0612, 3188
1.0616, 3187
1.0619, 3186
1.0623, 3185
1.0626, 3184
1.0630, 3183
1.0634, 3182
1.0639, 3181
1.0643, 3180
1.0647, 3179
1.0651, 3178
1.0655, 3177
1.0659, 3176
1.0663, 3175
1.0666, 3174
1.0670, 3173
1.0674, 3172
1.0677, 3171
1.0680, 3170
1.0683, 3169
1.0686, 3168
1.0690, 3167
1.0693, 3166
1.0696, 3165
1.0699, 3164
1.0703, 3163
1.0706, 3162
1.0709, 3161
1.0713, 3160
1.0716, 3159
1.0720, 3158
1.0724, 3157
1.0728, 3156
1.0732, 3155
1.0736, 3154
1.0739, 3153
1.0744, 3152
1.0748, 3151
1.0752, 3150
1.0756, 3149
1.0760, 3148
1.0764, 3147
1.0769, 3146
1.0773, 3145
1.0776, 3144
1.0781, 3143
1.0785, 3142
1.0789, 3141
1.0792, 3140
1.0796, 3139
1.0799, 3138
1.0803, 3137
1.0807, 3136
1.0811, 3135
1.0815, 3134
1.0819, 3133
1.0822, 3132
1.0825, 3131
1.0829, 3130
1.0832, 3129
1.0836, 3128
1.0840, 3127
1.0843, 3126
1.0847, 3125
1.0850, 3124
1.0853, 3123
1.0856, 3122
1.0860, 3121
1.0863, 3120
1.0866, 3119
1.0870, 3118
1.0873, 3117
1.0877, 3116
1.0881, 3115
1.0885, 3114
1.0889, 3113
1.0894, 3112
1.0898, 3111
1.0902, 3110
1.0905, 3109
1.0908, 3108
1.0912, 3107
1.0915, 3106
1.0919, 3105
1.0921, 3104
1.0924, 3103
1.0927, 3102
1.0930, 3101
1.0933, 3100
1.0936, 3099
1.0939, 3098
1.0942, 3097
1.0945, 3096
1.0947, 3095
1.0950, 3094
1.0953, 3093
1.0956, 3092
1.0959, 3091
1.0962, 3090
1.0965, 3089
1.0968, 3088
1.0971, 3087
1.0974, 3086
1.0978, 3085
1.0981, 3084
1.0984, 3083
1.0986, 3082
1.0990, 3081
1.0992, 3080
1.0995, 3079
1.0998, 3078
1.1001, 3077
1.1004, 3076
1.1008, 3075
1.1011, 3074
1.1014, 3073
1.1017, 3072
1.1020, 3071
1.1023, 3070
1.1026, 3069
1.1029, 3068
1.1033, 3067
1.1036, 3066
1.1039, 3065
1.1042, 3064
1.1045, 3063
1.1047, 3062
1.1050, 3061
1.1053, 3060
1.1056, 3059
1.1059, 3058
1.1062, 3057
1.1065, 3056
1.1068, 3055
1.1071, 3054
1.1074, 3053
1.1077, 3052
1.1080, 3051
1.1083, 3050
1.1086, 3049
1.1089, 3048
1.1092, 3047
1.1095, 3046
1.1097, 3045
1.1100, 3044
1.1103, 3043
1.1106, 3042
1.1109, 3041
1.1112, 3040
1.1115, 3039
1.1118, 3038
1.1122, 3037
1.1125, 3036
1.1128, 3035
1.1131, 3034
1.1134, 3033
1.1136, 3032
1.1139, 3031
1.1142, 3030
1.1145, 3029
1.1148, 3028
1.1151, 3027
1.1154, 3026
1.1157, 3025
1.1160, 3024
1.1163, 3023
1.1166, 3022
1.1169, 3021
1.1172, 3020
1.1175, 3019
1.1178, 3018
1.1181, 3017
1.1185, 3016
1.1188, 3015
1.1191, 3014
1.1194, 3013
1.1198, 3012
1.1200, 3011
1.1203, 3010
1.1207, 3009
1.1210, 3008
1.1213, 3007
1.1215, 3006
1.1218, 3005
1.1221, 3004
1.1224, 3003
1.1227, 3002
1.1230, 3001
1.1233, 3000
1.1235, 2999
1.1238, 2998
1.1241, 2997
1.1244, 2996
1.1247, 2995
1.1250, 2994
1.1253, 2993
1.1256, 2992
1.1259, 2991
1.1262, 2990
1.1265, 2989
1.1268, 2988
1.1271, 2987
1.1274, 2986
1.1277, 2985
1.1281, 2984
1.1283, 2983
1.1286, 2982
1.1290, 2981
1.1293, 2980
1.1296, 2979
1.1299, 2978
1.1302, 2977
1.1305, 2976
1.1308, 2975
1.1311, 2974
1.1314, 2973
1.1317, 2972
1.1320, 2971
1.1323, 2970
1.1325, 2969
1.1328, 2968
1.1331, 2967
1.1334, 2966
1.1338, 2965
1.1341, 2964
1.1344, 2963
1.1347, 2962
1.1351, 2961
1.1354, 2960
1.1366, 2959
1.1369, 2958
1.1372, 2957
1.1375, 2956
1.1378, 2955
1.1381, 2954
1.1384, 2953
1.1387, 2952
1.1390, 2951
1.1393, 2950
1.1396, 2949
1.1399, 2948
1.1402, 2947
1.1405, 2946
1.1408, 2945
1.1412, 2944
1.1415, 2943
1.1418, 2942
1.1422, 2941
1.1424, 2940
1.1428, 2939
1.1431, 2938
1.1434, 2937
1.1439, 2936
1.1443, 2935
1.1446, 2934
1.1449, 2933
1.1452, 2932
1.1456, 2931
1.1459, 2930
1.1462, 2929
1.1465, 2928
1.1468, 2927
1.1471, 2926
1.1475, 2925
1.1478, 2924
1.1481, 2923
1.1484, 2922
1.1488, 2921
1.1491, 2920
1.1494, 2919
1.1497, 2918
1.1501, 2917
1.1504, 2916
1.1507, 2915
1.1511, 2914
1.1514, 2913
1.1522, 2912
1.1524, 2911
1.1527, 2910
1.1530, 2909
1.1534, 2908
1.1537, 2907
1.1540, 2906
1.1543, 2905
1.1546, 2904
1.1549, 2903
1.1552, 2902
1.1555, 2901
1.1558, 2900
1.1562, 2899
1.1565, 2898
1.1568, 2897
1.1571, 2896
1.1574, 2895
1.1577, 2894
1.1580, 2893
1.1584, 2892
1.1587, 2891
1.1590, 2890
1.1593, 2889
1.1596, 2888
1.1600, 2887
1.1603, 2886
1.1606, 2885
1.1609, 2884
1.1612, 2883
1.1615, 2882
1.1623, 2881
1.1632, 2880
1.1640, 2879
1.1647, 2878
1.1653, 2877
1.1656, 2876
1.1659, 2875
1.1662, 2874
1.1666, 2873
1.1668, 2872
1.1671, 2871
1.1677, 2870
1.1680, 2869
1.1683, 2868
1.1686, 2867
1.1689, 2866
1.1692, 2865
1.1695, 2864
1.1698, 2863
1.1701, 2862
1.1704, 2861
1.1707, 2860
1.1709, 2859
1.1712, 2858
1.1715, 2857
1.1718, 2856
1.1722, 2855
1.1725, 2854
1.1727, 2853
1.1730, 2852
1.1733, 2851
1.1736, 2850
1.1739, 2849
1.1742, 2848
1.1745, 2847
1.1747, 2846
1.1750, 2845
1.1753, 2844
1.1756, 2843
1.1758, 2842
1.1761, 2841
1.1764, 2840
1.1767, 2839
1.1770, 2838
1.1773, 2837
1.1776, 2836
1.1778, 2835
1.1781, 2834
1.1784, 2833
1.1787, 2832
1.1789, 2831
1.1792, 2830
1.1795, 2829
1.1798, 2828
1.1801, 2827
1.1804, 2826
1.1806, 2825
1.1809, 2824
1.1812, 2823
1.1815, 2822
1.1817, 2821
1.1820, 2820
1.1823, 2819
1.1826, 2818
1.1828, 2817
1.1831, 2816
1.1834, 2815
1.1837, 2814
1.1840, 2813
1.1842, 2812
1.1846, 2811
1.1849, 2810
1.1852, 2809
1.1856, 2808
1.1858, 2807
1.1861, 2806
1.1864, 2805
1.1868, 2804
1.1871, 2803
1.1874, 2802
1.1877, 2801
1.1880, 2800
1.1883, 2799
1.1885, 2798
1.1889, 2797
1.1892, 2796
1.1895, 2795
1.1897, 2794
1.1900, 2793
1.1903, 2792
1.1906, 2791
1.1908, 2790
1.1911, 2789
1.1914, 2788
1.1917, 2787
1.1920, 2786
1.1922, 2785
1.1925, 2784
1.1928, 2783
1.1931, 2782
1.1933, 2781
1.1936, 2780
1.1939, 2779
1.1941, 2778
1.1944, 2777
1.1947, 2776
1.1950, 2775
1.1952, 2774
1.1955, 2773
1.1958, 2772
1.1961, 2771
1.1963, 2770
1.1966, 2769
1.1968, 2768
1.1971, 2767
1.1974, 2766
1.1977, 2765
1.1979, 2764
1.1982, 2763
1.1985, 2762
1.1987, 2761
1.1990, 2760
1.1993, 2759
1.1996, 2758
1.1999, 2757
1.2002, 2756
1.2005, 2755
1.2008, 2754
1.2011, 2753
1.2014, 2752
1.2017, 2751
1.2021, 2750
1.2024, 2749
1.2027, 2748
1.2030, 2747
1.2035, 2746
1.2037, 2745
1.2041, 2744
1.2044, 2743
1.2047, 2742
1.2050, 2741
1.2054, 2740
1.2057, 2739
1.2061, 2738
1.2064, 2737
1.2067, 2736
1.2071, 2735
1.2075, 2734
1.2078, 2733
1.2082, 2732
1.2085, 2731
1.2088, 2730
1.2091, 2729
1.2094, 2728
1.2098, 2727
1.2101, 2726
1.2104, 2725
1.2107, 2724
1.2111, 2723
1.2115, 2722
1.2121, 2721
1.2125, 2720
1.2129, 2719
1.2132, 2718
1.2135, 2717
1.2138, 2716
1.2141, 2715
1.2144, 2714
1.2147, 2713
1.2151, 2712
1.2154, 2711
1.2157, 2710
1.2160, 2709
1.2164, 2708
1.2167, 2707
1.2170, 2706
1.2175, 2705
1.2178, 2704
1.2181, 2703
1.2184, 2702
1.2188, 2701
1.2191, 2700
1.2195, 2699
1.2198, 2698
1.2201, 2697
1.2204, 2696
1.2207, 2695
1.2210, 2694
1.2214, 2693
1.2217, 2692
1.2221, 2691
1.2224, 2690
1.2229, 2689
1.2232, 2688
1.2235, 2687
1.2238, 2686
1.2241, 2685
1.2245, 2684
1.2248, 2683
1.2251, 2682
1.2255, 2681
1.2259, 2680
1.2262, 2679
1.2267, 2678
1.2271, 2677
1.2274, 2676
1.2277, 2675
1.2280, 2674
1.2283, 2673
1.2286, 2672
1.2289, 2671
1.2293, 2670
1.2297, 2669
1.2300, 2668
1.2304, 2667
1.2308, 2666
1.2311, 2665
1.2314, 2664
1.2318, 2663
1.2321, 2662
1.2323, 2661
1.2327, 2660
1.2330, 2659
1.2333, 2658
1.2337, 2657
1.2342, 2656
1.2344, 2655
1.2347, 2654
1.2350, 2653
1.2354, 2652
1.2358, 2651
1.2361, 2650
1.2363, 2649
1.2366, 2648
1.2369, 2647
1.2372, 2646
1.2375, 2645
1.2378, 2644
1.2381, 2643
1.2384, 2642
1.2387, 2641
1.2390, 2640
1.2393, 2639
1.2397, 2638
1.2401, 2637
1.2404, 2636
1.2409, 2635
1.2413, 2634
1.2416, 2633
1.2419, 2632
1.2422, 2631
1.2425, 2630
1.2428, 2629
1.2431, 2628
1.2434, 2627
1.2437, 2626
1.2440, 2625
1.2444, 2624
1.2447, 2623
1.2451, 2622
1.2455, 2621
1.2458, 2620
1.2461, 2619
1.2464, 2618
1.2467, 2617
1.2470, 2616
1.2473, 2615
1.2476, 2614
1.2479, 2613
1.2483, 2612
1.2486, 2611
1.2489, 2610
1.2493, 2609
1.2497, 2608
1.2500, 2607
1.2503, 2606
1.2506, 2605
1.2509, 2604
1.2512, 2603
1.2515, 2602
1.2518, 2601
1.2520, 2600
1.2524, 2599
1.2527, 2598
1.2529, 2597
1.2532, 2596
1.2535, 2595
1.2538, 2594
1.2541, 2593
1.2544, 2592
1.2547, 2591
1.2550, 2590
1.2553, 2589
1.2557, 2588
1.2560, 2587
1.2564, 2586
1.2567, 2585
1.2570, 2584
1.2573, 2583
1.2576, 2582
1.2579, 2581
1.2583, 2580
1.2586, 2579
1.2589, 2578
1.2592, 2577
1.2596, 2576
1.2599, 2575
1.2602, 2574
1.2605, 2573
1.2608, 2572
1.2612, 2571
1.2616, 2570
1.2619, 2569
1.2677, 2568
1.2753, 2567
1.2805, 2566
1.2946, 2565
1.2948, 2564
1.3088, 2563
1.3091, 2562
1.3335, 2561
1.3471, 2560
1.3638, 2559
1.4106, 2558
1.4109, 2557
1.4182, 2556
1.4261, 2555
1.4396, 2554
1.4399, 2553
1.4448, 2552
1.4600, 2551
1.4844, 2550
1.4894, 2549
1.4922, 2548
1.4925, 2547
1.4927, 2546
1.4974, 2545
1.5055, 2544
1.5057, 2543
1.5289, 2542
1.5291, 2541
1.5392, 2540
1.5489, 2539
1.5491, 2538
1.5567, 2537
1.5708, 2536
1.5776, 2535
1.5983, 2534
1.6163, 2533
1.6165, 2532
1.6190, 2531
1.6192, 2530
1.6262, 2529
1.6352, 2528
1.6398, 2527
1.6400, 2526
1.6492, 2525
1.6517, 2524
1.6541, 2523
1.6566, 2522
1.6591, 2521
1.6660, 2520
1.6662, 2519
1.6708, 2518
1.6776, 2517
1.6779, 2516
1.6781, 2515
1.6784, 2514
1.6852, 2513
1.6898, 2512
1.7548, 2511
1.7695, 2510
1.7697, 2509
1.7845, 2508
1.8081, 2507
1.8271, 2506
1.8314, 2505
1.8316, 2504
1.8380, 2503
1.8486, 2502
1.8529, 2501
1.8757, 2500
1.8967, 2499
1.9052, 2498
1.9097, 2497
1.9099, 2496
1.9102, 2495
1.9187, 2494
1.9313, 2493
1.9315, 2492
1.9379, 2491
1.9444, 2490
1.9487, 2489
1.9489, 2488
1.9491, 2487
1.9493, 2486
1.9496, 2485
1.9581, 2484
1.9584, 2483
1.9586, 2482
1.9733, 2481
1.9735, 2480
1.9738, 2479
1.9947, 2478
1.9949, 2477
2.0075, 2476
2.0118, 2475
2.0184, 2474
2.0227, 2473
2.0271, 2472
2.0274, 2471
2.0276, 2470
2.0278, 2469
2.0471, 2468
2.0597, 2467
2.0641, 2466
2.0643, 2465
2.0645, 2464
2.0647, 2463
2.0794, 2462
2.0960, 2461
2.1045, 2460
2.1211, 2459
2.1214, 2458
2.1319, 2457
2.1321, 2456
2.1323, 2455
2.1367, 2454
2.1430, 2453
2.1432, 2452
2.1661, 2451
2.1744, 2450
2.1849, 2449
2.1851, 2448
2.1977, 2447
2.2061, 2446
2.2329, 2445
2.2434, 2444
2.2477, 2443
2.2562, 2442
2.2708, 2441
2.2980, 2440
2.3046, 2439
2.3090, 2438
2.3340, 2437
2.3383, 2436
2.3469, 2435
2.3554, 2434
2.3835, 2433
2.3883, 2432
2.4073, 2431
2.4158, 2430
2.4160, 2429
2.4533, 2428
2.4598, 2427
2.4745, 2426
2.4954, 2425
2.4956, 2424
2.5000, 2423
2.5168, 2422
2.5170, 2421
2.5339, 2420
2.5424, 2419
2.5679, 2418
2.5682, 2417
2.5896, 2416
2.5981, 2415
2.6147, 2414
2.6211, 2413
2.6356, 2412
2.6358, 2411
2.6360, 2410
2.6383, 2409
2.6385, 2408
2.6490, 2407
2.6492, 2406
2.6536, 2405
2.6538, 2404
2.6540, 2403
2.6625, 2402
2.6811, 2401
2.6877, 2400
2.6962, 2399
2.7006, 2398
2.7008, 2397
2.7033, 2396
2.7035, 2395
2.7184, 2394
2.7186, 2393
2.7188, 2392
2.7231, 2391
2.7234, 2390
2.7381, 2389
2.7527, 2388
2.7570, 2387
2.7572, 2386
2.7575, 2385
2.7577, 2384
2.7579, 2383
2.7581, 2382
2.7645, 2381
2.7647, 2380
2.7711, 2379
2.7713, 2378
2.7715, 2377
2.7779, 2376
2.7781, 2375
2.7865, 2374
2.7868, 2373
2.7890, 2372
2.7934, 2371
2.7936, 2370
2.7938, 2369
2.8043, 2368
2.8046, 2367
2.8193, 2366
2.8237, 2365
2.8239, 2364
2.8241, 2363
2.8327, 2362
2.8329, 2361
2.8332, 2360
2.8334, 2359
2.8336, 2358
2.8339, 2357
2.8510, 2356
2.8574, 2355
2.8576, 2354
2.8620, 2353
2.8622, 2352
2.8686, 2351
2.8730, 2350
2.8732, 2349
2.8734, 2348
2.8737, 2347
2.8780, 2346
2.8947, 2345
2.8990, 2344
2.9074, 2343
2.9117, 2342
2.9140, 2341
2.9326, 2340
2.9328, 2339
2.9371, 2338
2.9414, 2337
2.9417, 2336
2.9419, 2335
2.9483, 2334
2.9670, 2333
2.9672, 2332
2.9674, 2331
2.9861, 2330
2.9885, 2329
2.9887, 2328
2.9930, 2327
3.0096, 2326
3.0324, 2325
3.0326, 2324
3.0329, 2323
3.0432, 2322
3.0434, 2321
3.0520, 2320
3.0522, 2319
3.1886, 2318
3.1908, 2317
3.1930, 2316
3.1974, 2315
3.1976, 2314
3.1998, 2313
3.2041, 2312
3.2043, 2311
3.2086, 2310
3.2272, 2309
3.2275, 2308
3.2338, 2307
3.2381, 2306
3.2383, 2305
3.2426, 2304
3.2428, 2303
3.2573, 2302
3.2575, 2301
3.2679, 2300
3.2681, 2299
3.2704, 2298
3.2808, 2297
3.2850, 2296
3.2853, 2295
3.2916, 2294
3.2919, 2293
3.2961, 2292
3.2963, 2291
3.3047, 2290
3.3089, 2289
3.3214, 2288
3.3277, 2287
3.3380, 2286
3.3382, 2285
3.3425, 2284
3.3489, 2283
3.3513, 2282
3.3515, 2281
3.3660, 2280
3.3784, 2279
3.3973, 2278
3.4078, 2277
3.4121, 2276
3.4206, 2275
3.4533, 2274
3.4576, 2273
3.4578, 2272
3.4581, 2271
3.4583, 2270
3.4667, 2269
3.4670, 2268
3.4672, 2267
3.4756, 2266
3.4758, 2265
3.4760, 2264
3.4783, 2263
3.4785, 2262
3.4910, 2261
3.4994, 2260
3.5099, 2259
3.5101, 2258
3.5206, 2257
3.5371, 2256
3.5414, 2255
3.5456, 2254
3.5499, 2253
3.5604, 2252
3.5749, 2251
3.5751, 2250
3.5795, 2249
3.5797, 2248
3.5799, 2247
3.5801, 2246
3.5946, 2245
3.6009, 2244
3.6072, 2243
3.6115, 2242
3.6262, 2241
3.6411, 2240
3.6580, 2239
3.6583, 2238
3.6626, 2237
3.6731, 2236
3.6855, 2235
3.7020, 2234
3.7042, 2233
3.7125, 2232
3.7290, 2231
3.7414, 2230
3.7416, 2229
3.7478, 2228
3.7706, 2227
3.7812, 2226
3.8201, 2225
3.9718, 2224
4.0038, 2223
4.0258, 2222
4.0260, 2221
4.0367, 2220
4.0887, 2219
4.1929, 2218
4.2283, 2217
4.3488, 2216
4.4930, 2215
