0.6594, 3931
0.6597, 3930
0.6601, 3929
0.6604, 3928
0.6607, 3927
0.6610, 3926
0.6614, 3925
0.6617, 3924
0.6620, 3923
0.6624, 3922
0.6627, 3921
0.6630, 3920
0.6634, 3919
0.6637, 3918
0.6640, 3917
0.6644, 3916
0.6647, 3915
0.6651, 3914
0.6654, 3913
0.6657, 3912
0.6661, 3911
0.6665, 3910
0.6668, 3909
0.6671, 3908
0.6675, 3907
0.6678, 3906
0.6681, 3905
0.6685, 3904
0.6688, 3903
0.6692, 3902
0.6695, 3901
0.6698, 3900
0.6701, 3899
0.6705, 3898
0.6708, 3897
0.6711, 3896
0.6715, 3895
0.6718, 3894
0.6722, 3893
0.6725, 3892
0.6729, 3891
0.6732, 3890
0.6736, 3889
0.6739, 3888
0.6743, 3887
0.6746, 3886
0.6749, 3885
0.6753, 3884
0.6756, 3883
0.6759, 3882
0.6763, 3881
0.6766, 3880
0.6769, 3879
0.6773, 3878
0.6776, 3877
0.6780, 3876
0.6783, 3875
0.6787, 3874
0.6790, 3873
0.6793, 3872
0.6797, 3871
0.6800, 3870
0.6803, 3869
0.6807, 3868
0.6810, 3867
0.6813, 3866
0.6817, 3865
0.6820, 3864
0.6824, 3863
0.6827, 3862
0.6831, 3861
0.6834, 3860
0.6837, 3859
0.6840, 3858
0.6844, 3857
0.6847, 3856
0.6850, 3855
0.6854, 3854
0.6857, 3853
0.6860, 3852
0.6863, 3851
0.6867, 3850
0.6870, 3849
0.6873, 3848
0.6876, 3847
0.6880, 3846
0.6883, 3845
0.6886, 3844
0.6889, 3843
0.6893, 3842
0.6896, 3841
0.6899, 3840
0.6903, 3839
0.6906, 3838
0.6909, 3837
0.6912, 3836
0.6916, 3835
0.6919, 3834
0.6922, 3833
0.6926, 3832
0.6929, 3831
0.6932, 3830
0.6936, 3829
0.6939, 3828
0.6942, 3827
0.6946, 3826
0.6949, 3825
0.6952, 3824
0.6956, 3823
0.6959, 3822
0.6962, 3821
0.6965, 3820
0.6969, 3819
0.6972, 3818
0.6975, 3817
0.6978, 3816
0.6982, 3815
0.6985, 3814
0.6988, 3813
0.6992, 3812
0.6995, 3811
0.6998, 3810
0.7002, 3809
0.7005, 3808
0.7008, 3807
0.7011, 3806
0.7015, 3805
0.7018, 3804
0.7021, 3803
0.7024, 3802
0.7028, 3801
0.7032, 3800
0.7035, 3799
0.7038, 3798
0.7042, 3797
0.7045, 3796
0.7049, 3795
0.7052, 3794
0.7055, 3793
0.7059, 3792
0.7062, 3791
0.7065, 3790
0.7069, 3789
0.7072, 3788
0.7075, 3787
0.7079, 3786
0.7082, 3785
0.7086, 3784
0.7089, 3783
0.7092, 3782
0.7096, 3781
0.7099, 3780
0.7103, 3779
0.7106, 3778
0.7109, 3777
0.7113, 3776
0.7116, 3775
0.7119, 3774
0.7123, 3773
0.7126, 3772
0.7129, 3771
0.7133, 3770
0.7136, 3769
0.7139, 3768
0.7143, 3767
0.7146, 3766
0.7149, 3765
0.7153, 3764
0.7156, 3763
0.7159, 3762
0.7162, 3761
0.7166, 3760
0.7169, 3759
0.7172, 3758
0.7175, 3757
0.7179, 3756
0.7182, 3755
0.7185, 3754
0.7189, 3753
0.7192, 3752
0.7195, 3751
0.7198, 3750
0.7202, 3749
0.7205, 3748
0.7208, 3747
0.7212, 3746
0.7215, 3745
0.7218, 3744
0.7222, 3743
0.7225, 3742
0.7228, 3741
0.7232, 3740
0.7235, 3739
0.7238, 3738
0.7241, 3737
0.7244, 3736
0.7248, 3735
0.7251, 3734
0.7254, 3733
0.7257, 3732
0.7260, 3731
0.7264, 3730
0.7267, 3729
0.7270, 3728
0.7273, 3727
0.7276, 3726
0.7279, 3725
0.7283, 3724
0.7286, 3723
0.7289, 3722
0.7292, 3721
0.7296, 3720
0.7299, 3719
0.7303, 3718
0.7306, 3717
0.7310, 3716
0.7313, 3715
0.7316, 3714
0.7320, 3713
0.7323, 3712
0.7327, 3711
0.7330, 3710
0.7334, 3709
0.7337, 3708
0.7340, 3707
0.7343, 3706
0.7347, 3705
0.7350, 3704
0.7353, 3703
0.7357, 3702
0.7360, 3701
0.7363, 3700
0.7366, 3699
0.7369, 3698
0.7373, 3697
0.7376, 3696
0.7379, 3695
0.7383, 3694
0.7386, 3693
0.7389, 3692
0.7392, 3691
0.7395, 3690
0.7399, 3689
0.7402, 3688
0.7405, 3687
0.7408, 3686
0.7412, 3685
0.7415, 3684
0.7418, 3683
0.7422, 3682
0.7425, 3681
0.7428, 3680
0.7431, 3679
0.7435, 3678
0.7438, 3677
0.7441, 3676
0.7444, 3675
0.7447, 3674
0.7450, 3673
0.7454, 3672
0.7457, 3671
0.7461, 3670
0.7464, 3669
0.7467, 3668
0.7470, 3667
0.7474, 3666
0.7478, 3665
0.7481, 3664
0.7484, 3663
0.7488, 3662
0.7491, 3661
0.7494, 3660
0.7498, 3659
0.7501, 3658
0.7505, 3657
0.7508, 3656
0.7511, 3655
0.7514, 3654
0.7518, 3653
0.7521, 3652
0.7524, 3651
0.7527, 3650
0.7530, 3649
0.7534, 3648
0.7537, 3647
0.7540, 3646
0.7544, 3645
0.7547, 3644
0.7550, 3643
0.7554, 3642
0.7557, 3641
0.7560, 3640
0.7563, 3639
0.7567, 3638
0.7570, 3637
0.7574, 3636
0.7577, 3635
0.7580, 3634
0.7583, 3633
0.7586, 3632
0.7590, 3631
0.7593, 3630
0.7597, 3629
0.7600, 3628
0.7603, 3627
0.7607, 3626
0.7610, 3625
0.7613, 3624
0.7616, 3623
0.7620, 3622
0.7623, 3621
0.7627, 3620
0.7630, 3619
0.7633, 3618
0.7636, 3617
0.7640, 3616
0.7643, 3615
0.7646, 3614
0.7649, 3613
0.7652, 3612
0.7656, 3611
0.7659, 3610
0.7663, 3609
0.7666, 3608
0.7669, 3607
0.7673, 3606
0.7676, 3605
0.7679, 3604
0.7682, 3603
0.7685, 3602
0.7688, 3601
0.7692, 3600
0.7695, 3599
0.7698, 3598
0.7701, 3597
0.7704, 3596
0.7707, 3595
0.7711, 3594
0.7714, 3593
0.7717, 3592
0.7720, 3591
0.7723, 3590
0.7726, 3589
0.7729, 3588
0.7732, 3587
0.7736, 3586
0.7739, 3585
0.7742, 3584
0.7745, 3583
0.7748, 3582
0.7752, 3581
0.7755, 3580
0.7758, 3579
0.7761, 3578
0.7764, 3577
0.7767, 3576
0.7770, 3575
0.7774, 3574
0.7777, 3573
0.7780, 3572
0.7783, 3571
0.7786, 3570
0.7789, 3569
0.7793, 3568
0.7796, 3567
0.7799, 3566
0.7803, 3565
0.7806, 3564
0.7810, 3563
0.7813, 3562
0.7817, 3561
0.7820, 3560
0.7823, 3559
0.7826, 3558
0.7829, 3557
0.7832, 3556
0.7835, 3555
0.7839, 3554
0.7842, 3553
0.7845, 3552
0.7848, 3551
0.7851, 3550
0.7854, 3549
0.7858, 3548
0.7861, 3547
0.7864, 3546
0.7868, 3545
0.7871, 3544
0.7874, 3543
0.7877, 3542
0.7880, 3541
0.7883, 3540
0.7886, 3539
0.7889, 3538
0.7892, 3537
0.7895, 3536
0.7899, 3535
0.7902, 3534
0.7905, 3533
0.7908, 3532
0.7911, 3531
0.7914, 3530
0.7917, 3529
0.7920, 3528
0.7923, 3527
0.7927, 3526
0.7930, 3525
0.7933, 3524
0.7936, 3523
0.7939, 3522
0.7942, 3521
0.7945, 3520
0.7948, 3519
0.7952, 3518
0.7955, 3517
0.7958, 3516
0.7961, 3515
0.7964, 3514
0.7967, 3513
0.7970, 3512
0.7973, 3511
0.7977, 3510
0.7980, 3509
0.7984, 3508
0.7987, 3507
0.7990, 3506
0.7993, 3505
0.7996, 3504
0.8000, 3503
0.8003, 3502
0.8006, 3501
0.8009, 3500
0.8012, 3499
0.8015, 3498
0.8019, 3497
0.8022, 3496
0.8025, 3495
0.8028, 3494
0.8031, 3493
0.8034, 3492
0.8037, 3491
0.8041, 3490
0.8044, 3489
0.8047, 3488
0.8050, 3487
0.8053, 3486
0.8056, 3485
0.8060, 3484
0.8063, 3483
0.8066, 3482
0.8069, 3481
0.8072, 3480
0.8075, 3479
0.8078, 3478
0.8081, 3477
0.8084, 3476
0.8087, 3475
0.8090, 3474
0.8093, 3473
0.8096, 3472
0.8099, 3471
0.8103, 3470
0.8106, 3469
0.8109, 3468
0.8112, 3467
0.8115, 3466
0.8118, 3465
0.8121, 3464
0.8124, 3463
0.8127, 3462
0.8130, 3461
0.8133, 3460
0.8136, 3459
0.8139, 3458
0.8142, 3457
0.8145, 3456
0.8149, 3455
0.8152, 3454
0.8155, 3453
0.8158, 3452
0.8162, 3451
0.8165, 3450
0.8168, 3449
0.8171, 3448
0.8175, 3447
0.8178, 3446
0.8181, 3445
0.8184, 3444
0.8187, 3443
0.8191, 3442
0.8194, 3441
0.8197, 3440
0.8201, 3439
0.8204, 3438
0.8207, 3437
0.8210, 3436
0.8213, 3435
0.8217, 3434
0.8220, 3433
0.8223, 3432
0.8226, 3431
0.8229, 3430
0.8233, 3429
0.8236, 3428
0.8239, 3427
0.8242, 3426
0.8245, 3425
0.8249, 3424
0.8252, 3423
0.8255, 3422
0.8258, 3421
0.8261, 3420
0.8265, 3419
0.8268, 3418
0.8271, 3417
0.8274, 3416
0.8277, 3415
0.8280, 3414
0.8283, 3413
0.8287, 3412
0.8290, 3411
0.8293, 3410
0.8296, 3409
0.8299, 3408
0.8302, 3407
0.8305, 3406
0.8308, 3405
0.8311, 3404
0.8314, 3403
0.8317, 3402
0.8320, 3401
0.8323, 3400
0.8326, 3399
0.8330, 3398
0.8333, 3397
0.8336, 3396
0.8339, 3395
0.8343, 3394
0.8346, 3393
0.8349, 3392
0.8352, 3391
0.8355, 3390
0.8358, 3389
0.8362, 3388
0.8365, 3387
0.8368, 3386
0.8371, 3385
0.8374, 3384
0.8377, 3383
0.8381, 3382
0.8384, 3381
0.8387, 3380
0.8390, 3379
0.8393, 3378
0.8397, 3377
0.8400, 3376
0.8403, 3375
0.8406, 3374
0.8410, 3373
0.8413, 3372
0.8416, 3371
0.8419, 3370
0.8422, 3369
0.8425, 3368
0.8428, 3367
0.8432, 3366
0.8435, 3365
0.8438, 3364
0.8441, 3363
0.8444, 3362
0.8447, 3361
0.8451, 3360
0.8454, 3359
0.8457, 3358
0.8460, 3357
0.8463, 3356
0.8466, 3355
0.8469, 3354
0.8473, 3353
0.8476, 3352
0.8479, 3351
0.8482, 3350
0.8485, 3349
0.8488, 3348
0.8491, 3347
0.8494, 3346
0.8497, 3345
0.8500, 3344
0.8504, 3343
0.8507, 3342
0.8510, 3341
0.8513, 3340
0.8516, 3339
0.8519, 3338
0.8522, 3337
0.8525, 3336
0.8529, 3335
0.8532, 3334
0.8535, 3333
0.8538, 3332
0.8541, 3331
0.8544, 3330
0.8547, 3329
0.8550, 3328
0.8552, 3327
0.8555, 3326
0.8558, 3325
0.8561, 3324
0.8564, 3323
0.8567, 3322
0.8570, 3321
0.8573, 3320
0.8576, 3319
0.8579, 3318
0.8582, 3317
0.8585, 3316
0.8588, 3315
0.8592, 3314
0.8595, 3313
0.8598, 3312
0.8601, 3311
0.8604, 3310
0.8607, 3309
0.8610, 3308
0.8613, 3307
0.8616, 3306
0.8620, 3305
0.8623, 3304
0.8626, 3303
0.8629, 3302
0.8632, 3301
0.8636, 3300
0.8638, 3299
0.8641, 3298
0.8644, 3297
0.8648, 3296
0.8652, 3295
0.8655, 3294
0.8658, 3293
0.8661, 3292
0.8664, 3291
0.8666, 3290
0.8670, 3289
0.8673, 3288
0.8676, 3287
0.8678, 3286
0.8682, 3285
0.8685, 3284
0.8688, 3283
0.8692, 3282
0.8695, 3281
0.8698, 3280
0.8701, 3279
0.8704, 3278
0.8708, 3277
0.8711, 3276
0.8714, 3275
0.8718, 3274
0.8721, 3273
0.8725, 3272
0.8728, 3271
0.8731, 3270
0.8734, 3269
0.8738, 3268
0.8741, 3267
0.8744, 3266
0.8747, 3265
0.8750, 3264
0.8753, 3263
0.8756, 3262
0.8759, 3261
0.8762, 3260
0.8766, 3259
0.8769, 3258
0.8772, 3257
0.8775, 3256
0.8778, 3255
0.8781, 3254
0.8784, 3253
0.8788, 3252
0.8790, 3251
0.8794, 3250
0.8797, 3249
0.8800, 3248
0.8803, 3247
0.8806, 3246
0.8810, 3245
0.8813, 3244
0.8816, 3243
0.8819, 3242
0.8822, 3241
0.8825, 3240
0.8828, 3239
0.8832, 3238
0.8835, 3237
0.8837, 3236
0.8841, 3235
0.8844, 3234
0.8846, 3233
0.8849, 3232
0.8853, 3231
0.8856, 3230
0.8859, 3229
0.8862, 3228
0.8865, 3227
0.8868, 3226
0.8871, 3225
0.8875, 3224
0.8878, 3223
0.8881, 3222
0.8884, 3221
0.8886, 3220
0.8889, 3219
0.8892, 3218
0.8895, 3217
0.8898, 3216
0.8901, 3215
0.8904, 3214
0.8907, 3213
0.8910, 3212
0.8913, 3211
0.8916, 3210
0.8919, 3209
0.8923, 3208
0.8926, 3207
0.8930, 3206
0.8933, 3205
0.8936, 3204
0.8939, 3203
0.8942, 3202
0.8945, 3201
0.8948, 3200
0.8951, 3199
0.8955, 3198
0.8958, 3197
0.8961, 3196
0.8964, 3195
0.8967, 3194
0.8970, 3193
0.8973, 3192
0.8976, 3191
0.8979, 3190
0.8982, 3189
0.8985, 3188
0.8989, 3187
0.8992, 3186
0.8995, 3185
0.8998, 3184
0.9001, 3183
0.9005, 3182
0.9008, 3181
0.9011, 3180
0.9014, 3179
0.9017, 3178
0.9020, 3177
0.9023, 3176
0.9026, 3175
0.9028, 3174
0.9032, 3173
0.9034, 3172
0.9037, 3171
0.9041, 3170
0.9044, 3169
0.9048, 3168
0.9050, 3167
0.9053, 3166
0.9056, 3165
0.9060, 3164
0.9063, 3163
0.9066, 3162
0.9069, 3161
0.9072, 3160
0.9075, 3159
0.9078, 3158
0.9081, 3157
0.9084, 3156
0.9087, 3155
0.9089, 3154
0.9094, 3153
0.9097, 3152
0.9100, 3151
0.9103, 3150
0.9106, 3149
0.9109, 3148
0.9113, 3147
0.9116, 3146
0.9120, 3145
0.9122, 3144
0.9126, 3143
0.9129, 3142
0.9132, 3141
0.9135, 3140
0.9138, 3139
0.9142, 3138
0.9145, 3137
0.9148, 3136
0.9151, 3135
0.9154, 3134
0.9157, 3133
0.9160, 3132
0.9163, 3131
0.9166, 3130
0.9169, 3129
0.9172, 3128
0.9174, 3127
0.9178, 3126
0.9180, 3125
0.9183, 3124
0.9186, 3123
0.9189, 3122
0.9191, 3121
0.9194, 3120
0.9197, 3119
0.9200, 3118
0.9203, 3117
0.9206, 3116
0.9209, 3115
0.9211, 3114
0.9214, 3113
0.9217, 3112
0.9220, 3111
0.9223, 3110
0.9226, 3109
0.9229, 3108
0.9232, 3107
0.9235, 3106
0.9238, 3105
0.9241, 3104
0.9244, 3103
0.9247, 3102
0.9250, 3101
0.9253, 3100
0.9256, 3099
0.9259, 3098
0.9262, 3097
0.9264, 3096
0.9267, 3095
0.9270, 3094
0.9273, 3093
0.9276, 3092
0.9279, 3091
0.9282, 3090
0.9285, 3089
0.9287, 3088
0.9290, 3087
0.9294, 3086
0.9297, 3085
0.9300, 3084
0.9302, 3083
0.9305, 3082
0.9308, 3081
0.9311, 3080
0.9313, 3079
0.9316, 3078
0.9319, 3077
0.9322, 3076
0.9325, 3075
0.9328, 3074
0.9331, 3073
0.9334, 3072
0.9337, 3071
0.9340, 3070
0.9343, 3069
0.9345, 3068
0.9348, 3067
0.9351, 3066
0.9354, 3065
0.9357, 3064
0.9359, 3063
0.9363, 3062
0.9366, 3061
0.9369, 3060
0.9371, 3059
0.9374, 3058
0.9377, 3057
0.9380, 3056
0.9383, 3055
0.9386, 3054
0.9389, 3053
0.9392, 3052
0.9395, 3051
0.9397, 3050
0.9400, 3049
0.9403, 3048
0.9406, 3047
0.9409, 3046
0.9411, 3045
0.9414, 3044
0.9417, 3043
0.9419, 3042
0.9422, 3041
0.9425, 3040
0.9428, 3039
0.9431, 3038
0.9434, 3037
0.9437, 3036
0.9440, 3035
0.9443, 3034
0.9446, 3033
0.9448, 3032
0.9451, 3031
0.9454, 3030
0.9457, 3029
0.9460, 3028
0.9462, 3027
0.9466, 3026
0.9469, 3025
0.9472, 3024
0.9475, 3023
0.9478, 3022
0.9480, 3021
0.9483, 3020
0.9486, 3019
0.9489, 3018
0.9492, 3017
0.9494, 3016
0.9497, 3015
0.9500, 3014
0.9503, 3013
0.9505, 3012
0.9508, 3011
0.9511, 3010
0.9514, 3009
0.9516, 3008
0.9519, 3007
0.9522, 3006
0.9524, 3005
0.9527, 3004
0.9530, 3003
0.9533, 3002
0.9536, 3001
0.9538, 3000
0.9541, 2999
0.9544, 2998
0.9547, 2997
0.9550, 2996
0.9552, 2995
0.9555, 2994
0.9558, 2993
0.9561, 2992
0.9564, 2991
0.9567, 2990
0.9570, 2989
0.9572, 2988
0.9575, 2987
0.9578, 2986
0.9581, 2985
0.9584, 2984
0.9587, 2983
0.9590, 2982
0.9593, 2981
0.9596, 2980
0.9599, 2979
0.9602, 2978
0.9605, 2977
0.9608, 2976
0.9611, 2975
0.9614, 2974
0.9616, 2973
0.9619, 2972
0.9622, 2971
0.9625, 2970
0.9627, 2969
0.9630, 2968
0.9633, 2967
0.9637, 2966
0.9640, 2965
0.9643, 2964
0.9646, 2963
0.9649, 2962
0.9652, 2961
0.9655, 2960
0.9658, 2959
0.9660, 2958
0.9663, 2957
0.9666, 2956
0.9669, 2955
0.9672, 2954
0.9675, 2953
0.9677, 2952
0.9680, 2951
0.9683, 2950
0.9687, 2949
0.9689, 2948
0.9692, 2947
0.9695, 2946
0.9698, 2945
0.9702, 2944
0.9704, 2943
0.9707, 2942
0.9710, 2941
0.9713, 2940
0.9716, 2939
0.9719, 2938
0.9723, 2937
0.9726, 2936
0.9729, 2935
0.9732, 2934
0.9735, 2933
0.9738, 2932
0.9741, 2931
0.9744, 2930
0.9747, 2929
0.9750, 2928
0.9753, 2927
0.9757, 2926
0.9760, 2925
0.9763, 2924
0.9766, 2923
0.9769, 2922
0.9772, 2921
0.9775, 2920
0.9778, 2919
0.9781, 2918
0.9784, 2917
0.9787, 2916
0.9790, 2915
0.9793, 2914
0.9796, 2913
0.9799, 2912
0.9801, 2911
0.9804, 2910
0.9807, 2909
0.9810, 2908
0.9813, 2907
0.9816, 2906
0.9819, 2905
0.9822, 2904
0.9825, 2903
0.9828, 2902
0.9830, 2901
0.9833, 2900
0.9836, 2899
0.9839, 2898
0.9842, 2897
0.9845, 2896
0.9848, 2895
0.9851, 2894
0.9854, 2893
0.9858, 2892
0.9861, 2891
0.9864, 2890
0.9867, 2889
0.9870, 2888
0.9872, 2887
0.9875, 2886
0.9878, 2885
0.9880, 2884
0.9883, 2883
0.9886, 2882
0.9889, 2881
0.9892, 2880
0.9895, 2879
0.9898, 2878
0.9901, 2877
0.9904, 2876
0.9906, 2875
0.9910, 2874
0.9912, 2873
0.9915, 2872
0.9918, 2871
0.9920, 2870
0.9923, 2869
0.9926, 2868
0.9928, 2867
0.9931, 2866
0.9934, 2865
0.9936, 2864
0.9939, 2863
0.9942, 2862
0.9944, 2861
0.9947, 2860
0.9950, 2859
0.9952, 2858
0.9955, 2857
0.9958, 2856
0.9960, 2855
0.9963, 2854
0.9966, 2853
0.9969, 2852
0.9972, 2851
0.9975, 2850
0.9978, 2849
0.9980, 2848
0.9983, 2847
0.9986, 2846
0.9989, 2845
0.9992, 2844
0.9995, 2843
0.9998, 2842
1.0001, 2841
1.0004, 2840
1.0007, 2839
1.0010, 2838
1.0012, 2837
1.0015, 2836
1.0018, 2835
1.0021, 2834
1.0024, 2833
1.0026, 2832
1.0029, 2831
1.0032, 2830
1.0034, 2829
1.0038, 2828
1.0041, 2827
1.0043, 2826
1.0046, 2825
1.0049, 2824
1.0051, 2823
1.0054, 2822
1.0057, 2821
1.0060, 2820
1.0062, 2819
1.0065, 2818
1.0068, 2817
1.0071, 2816
1.0073, 2815
1.0076, 2814
1.0079, 2813
1.0081, 2812
1.0084, 2811
1.0087, 2810
1.0089, 2809
1.0092, 2808
1.0095, 2807
1.0098, 2806
1.0101, 2805
1.0103, 2804
1.0107, 2803
1.0109, 2802
1.0112, 2801
1.0115, 2800
1.0118, 2799
1.0120, 2798
1.0123, 2797
1.0126, 2796
1.0129, 2795
1.0132, 2794
1.0135, 2793
1.0138, 2792
1.0141, 2791
1.0144, 2790
1.0147, 2789
1.0150, 2788
1.0152, 2787
1.0155, 2786
1.0158, 2785
1.0161, 2784
1.0164, 2783
1.0166, 2782
1.0169, 2781
1.0172, 2780
1.0175, 2779
1.0178, 2778
1.0181, 2777
1.0184, 2776
1.0186, 2775
1.0189, 2774
1.0192, 2773
1.0195, 2772
1.0198, 2771
1.0200, 2770
1.0203, 2769
1.0206, 2768
1.0208, 2767
1.0215, 2766
1.0218, 2765
1.0221, 2764
1.0224, 2763
1.0227, 2762
1.0230, 2761
1.0233, 2760
1.0236, 2759
1.0239, 2758
1.0242, 2757
1.0245, 2756
1.0248, 2755
1.0251, 2754
1.0254, 2753
1.0257, 2752
1.0260, 2751
1.0262, 2750
1.0265, 2749
1.0268, 2748
1.0272, 2747
1.0275, 2746
1.0278, 2745
1.0281, 2744
1.0283, 2743
1.0286, 2742
1.0289, 2741
1.0293, 2740
1.0296, 2739
1.0299, 2738
1.0302, 2737
1.0305, 2736
1.0308, 2735
1.0311, 2734
1.0314, 2733
1.0317, 2732
1.0320, 2731
1.0323, 2730
1.0325, 2729
1.0329, 2728
1.0331, 2727
1.0334, 2726
1.0337, 2725
1.0340, 2724
1.0343, 2723
1.0346, 2722
1.0350, 2721
1.0353, 2720
1.0356, 2719
1.0358, 2718
1.0361, 2717
1.0364, 2716
1.0367, 2715
1.0369, 2714
1.0372, 2713
1.0375, 2712
1.0378, 2711
1.0381, 2710
1.0384, 2709
1.0387, 2708
1.0389, 2707
1.0392, 2706
1.0395, 2705
1.0398, 2704
1.0400, 2703
1.0403, 2702
1.0406, 2701
1.0408, 2700
1.0411, 2699
1.0414, 2698
1.0417, 2697
1.0419, 2696
1.0422, 2695
1.0425, 2694
1.0428, 2693
1.0431, 2692
1.0434, 2691
1.0436, 2690
1.0439, 2689
1.0442, 2688
1.0445, 2687
1.0448, 2686
1.0451, 2685
1.0453, 2684
1.0456, 2683
1.0459, 2682
1.0461, 2681
1.0465, 2680
1.0468, 2679
1.0471, 2678
1.0474, 2677
1.0476, 2676
1.0479, 2675
1.0482, 2674
1.0485, 2673
1.0487, 2672
1.0490, 2671
1.0493, 2670
1.0496, 2669
1.0499, 2668
1.0502, 2667
1.0505, 2666
1.0507, 2665
1.0510, 2664
1.0513, 2663
1.0515, 2662
1.0518, 2661
1.0521, 2660
1.0523, 2659
1.0526, 2658
1.0528, 2657
1.0531, 2656
1.0533, 2655
1.0536, 2654
1.0538, 2653
1.0541, 2652
1.0544, 2651
1.0546, 2650
1.0549, 2649
1.0551, 2648
1.0554, 2647
1.0557, 2646
1.0559, 2645
1.0562, 2644
1.0564, 2643
1.0567, 2642
1.0569, 2641
1.0572, 2640
1.0574, 2639
1.0577, 2638
1.0579, 2637
1.0582, 2636
1.0584, 2635
1.0587, 2634
1.0589, 2633
1.0592, 2632
1.0594, 2631
1.0597, 2630
1.0600, 2629
1.0602, 2628
1.0605, 2627
1.0607, 2626
1.0610, 2625
1.0612, 2624
1.0615, 2623
1.0618, 2622
1.0620, 2621
1.0623, 2620
1.0626, 2619
1.0628, 2618
1.0631, 2617
1.0633, 2616
1.0636, 2615
1.0639, 2614
1.0641, 2613
1.0644, 2612
1.0646, 2611
1.0649, 2610
1.0651, 2609
1.0654, 2608
1.0657, 2607
1.0659, 2606
1.0662, 2605
1.0665, 2604
1.0668, 2603
1.0670, 2602
1.0673, 2601
1.0675, 2600
1.0678, 2599
1.0680, 2598
1.0683, 2597
1.0686, 2596
1.0689, 2595
1.0691, 2594
1.0694, 2593
1.0697, 2592
1.0700, 2591
1.0702, 2590
1.0705, 2589
1.0708, 2588
1.0710, 2587
1.0712, 2586
1.0715, 2585
1.0718, 2584
1.0720, 2583
1.0723, 2582
1.0725, 2581
1.0728, 2580
1.0731, 2579
1.0733, 2578
1.0736, 2577
1.0738, 2576
1.0741, 2575
1.0744, 2574
1.0746, 2573
1.0749, 2572
1.0751, 2571
1.0754, 2570
1.0800, 2569
1.0928, 2568
1.1014, 2567
1.1017, 2566
1.1102, 2565
1.1104, 2564
1.1147, 2563
1.1215, 2562
1.1364, 2561
1.1453, 2560
1.1798, 2559
1.1908, 2558
1.1994, 2557
1.2061, 2556
1.2063, 2555
1.2149, 2554
1.2237, 2553
1.2240, 2552
1.2391, 2551
1.2435, 2550
1.2640, 2549
1.2686, 2548
1.2710, 2547
1.2733, 2546
1.2735, 2545
1.2738, 2544
1.2803, 2543
1.2850, 2542
1.2853, 2541
1.3023, 2540
1.3109, 2539
1.3197, 2538
1.3200, 2537
1.3266, 2536
1.3397, 2535
1.3462, 2534
1.3659, 2533
1.3829, 2532
1.3832, 2531
1.3855, 2530
1.3857, 2529
1.3923, 2528
1.3987, 2527
1.4031, 2526
1.4075, 2525
1.4140, 2524
1.4163, 2523
1.4186, 2522
1.4209, 2521
1.4274, 2520
1.4277, 2519
1.4342, 2518
1.4344, 2517
1.4347, 2516
1.4349, 2515
1.4414, 2514
1.4457, 2513
1.5130, 2512
1.5258, 2511
1.5260, 2510
1.5512, 2509
1.5680, 2508
1.5682, 2507
1.5849, 2506
1.5851, 2505
1.5915, 2504
1.5979, 2503
1.6066, 2502
1.6282, 2501
1.6515, 2500
1.6602, 2499
1.6604, 2498
1.6670, 2497
1.6672, 2496
1.6716, 2495
1.6844, 2494
1.6846, 2493
1.6931, 2492
1.6976, 2491
1.7021, 2490
1.7024, 2489
1.7026, 2488
1.7029, 2487
1.7031, 2486
1.7095, 2485
1.7204, 2484
1.7206, 2483
1.7273, 2482
1.7276, 2481
1.7278, 2480
1.7489, 2479
1.7491, 2478
1.7596, 2477
1.7640, 2476
1.7704, 2475
1.7769, 2474
1.7812, 2473
1.7815, 2472
1.7817, 2471
1.7819, 2470
1.8007, 2469
1.8112, 2468
1.8176, 2467
1.8179, 2466
1.8181, 2465
1.8183, 2464
1.8351, 2463
1.8457, 2462
1.8524, 2461
1.8753, 2460
1.8755, 2459
1.8860, 2458
1.8862, 2457
1.8864, 2456
1.8928, 2455
1.8971, 2454
1.8973, 2453
1.9140, 2452
1.9265, 2451
1.9370, 2450
1.9393, 2449
1.9539, 2448
1.9665, 2447
1.9833, 2446
1.9920, 2445
2.0025, 2444
2.0068, 2443
2.0337, 2442
2.0524, 2441
2.0608, 2440
2.0652, 2439
2.0860, 2438
2.0923, 2437
2.0966, 2436
2.1052, 2435
2.1364, 2434
2.1428, 2433
2.1597, 2432
2.1681, 2431
2.1683, 2430
2.2035, 2429
2.2203, 2428
2.2392, 2427
2.2395, 2426
2.2397, 2425
2.2757, 2424
2.2780, 2423
2.2783, 2422
2.2970, 2421
2.3034, 2420
2.3181, 2419
2.3245, 2418
2.3414, 2417
2.3500, 2416
2.3647, 2415
2.3713, 2414
2.3757, 2413
2.3821, 2412
2.3885, 2411
2.3887, 2410
2.3930, 2409
2.3933, 2408
2.3999, 2407
2.4001, 2406
2.4045, 2405
2.4047, 2404
2.4049, 2403
2.4178, 2402
2.4347, 2401
2.4432, 2400
2.4541, 2399
2.4543, 2398
2.4587, 2397
2.4589, 2396
2.4591, 2395
2.4716, 2394
2.4781, 2393
2.4783, 2392
2.4785, 2391
2.4787, 2390
2.4851, 2389
2.5080, 2388
2.5123, 2387
2.5125, 2386
2.5128, 2385
2.5130, 2384
2.5132, 2383
2.5134, 2382
2.5198, 2381
2.5200, 2380
2.5284, 2379
2.5286, 2378
2.5288, 2377
2.5332, 2376
2.5335, 2375
2.5421, 2374
2.5423, 2373
2.5446, 2372
2.5510, 2371
2.5512, 2370
2.5514, 2369
2.5661, 2368
2.5663, 2367
2.5747, 2366
2.5791, 2365
2.5793, 2364
2.5795, 2363
2.5881, 2362
2.5883, 2361
2.5886, 2360
2.5888, 2359
2.5890, 2358
2.5892, 2357
2.6038, 2356
2.6144, 2355
2.6146, 2354
2.6148, 2353
2.6151, 2352
2.6255, 2351
2.6278, 2350
2.6280, 2349
2.6283, 2348
2.6285, 2347
2.6328, 2346
2.6476, 2345
2.6539, 2344
2.6666, 2343
2.6668, 2342
2.6691, 2341
2.6883, 2340
2.6885, 2339
2.6948, 2338
2.6950, 2337
2.6952, 2336
2.6955, 2335
2.6999, 2334
2.7207, 2333
2.7229, 2332
2.7232, 2331
2.7419, 2330
2.7442, 2329
2.7444, 2328
2.7488, 2327
2.7718, 2326
2.7867, 2325
2.7870, 2324
2.7872, 2323
2.7996, 2322
2.7999, 2321
2.8105, 2320
2.8108, 2319
2.8877, 2318
2.9554, 2317
2.9638, 2316
2.9665, 2315
2.9720, 2314
2.9722, 2313
2.9766, 2312
2.9768, 2311
2.9791, 2310
2.9858, 2309
2.9860, 2308
3.0011, 2307
3.0055, 2306
3.0118, 2305
3.0121, 2304
3.0165, 2303
3.0168, 2302
3.0295, 2301
3.0342, 2300
3.0426, 2299
3.0428, 2298
3.0451, 2297
3.0537, 2296
3.0588, 2295
3.0632, 2294
3.0635, 2293
3.0680, 2292
3.0724, 2291
3.0727, 2290
3.0749, 2289
3.0836, 2288
3.0880, 2287
3.1007, 2286
3.1071, 2285
3.1217, 2284
3.1219, 2283
3.1222, 2282
3.1285, 2281
3.1308, 2280
3.1310, 2279
3.1455, 2278
3.1560, 2277
3.1684, 2276
3.1808, 2275
3.1954, 2274
3.2100, 2273
3.2367, 2272
3.2410, 2271
3.2413, 2270
3.2415, 2269
3.2417, 2268
3.2502, 2267
3.2504, 2266
3.2506, 2265
3.2589, 2264
3.2592, 2263
3.2594, 2262
3.2616, 2261
3.2618, 2260
3.2744, 2259
3.2828, 2258
3.2891, 2257
3.2934, 2256
3.3000, 2255
3.3293, 2254
3.3296, 2253
3.3379, 2252
3.3382, 2251
3.3424, 2250
3.3591, 2249
3.3593, 2248
3.3596, 2247
3.3598, 2246
3.3765, 2245
3.3872, 2244
3.3874, 2243
3.3939, 2242
3.3984, 2241
3.4051, 2240
3.4136, 2239
3.4181, 2238
3.4289, 2237
3.4331, 2236
3.4334, 2235
3.4460, 2234
3.4584, 2233
3.4628, 2232
3.4753, 2231
3.4775, 2230
3.4838, 2229
3.4840, 2228
3.4986, 2227
3.5151, 2226
3.5295, 2225
3.5297, 2224
3.5879, 2223
3.6738, 2222
3.7116, 2221
3.7703, 2220
3.7706, 2219
3.7863, 2218
3.7994, 2217
3.8081, 2216
3.8416, 2215
3.8875, 2214
3.9380, 2213
3.9712, 2212
3.9767, 2211
4.0666, 2210
