0.0309, 2281
0.0390, 2280
0.0713, 2277
0.1522, 2276
0.1556, 2274
0.1722, 2273
0.1850, 2272
0.2072, 2269
0.2322, 2267
0.2353, 2266
0.2385, 2265
0.3208, 2264
0.3641, 2263
0.3889, 2262
0.4211, 2261
0.4951, 2260
0.5166, 2259
0.5565, 2258
0.5691, 2257
0.5846, 2256
0.5940, 2255
0.6410, 2252
0.6876, 2251
0.6969, 2250
0.8700, 2249
0.9106, 2248
0.9261, 2247
1.0103, 2246
1.2217, 2244
1.3541, 2243
1.3866, 2242
1.4971, 2241
1.5137, 2240
1.5625, 2239
1.6854, 2238
1.7967, 2237
1.8385, 2236
1.8577, 2235
2.1795, 2234
2.3127, 2233
2.3473, 2232
2.3516, 2230
2.3889, 2229
2.3988, 2228
2.5051, 2227
3.0400, 2226
3.1721, 2225
3.3371, 2224
3.3404, 2223
