0.0283, 2281
0.0584, 2280
0.1761, 2278
0.2315, 2277
0.2527, 2275
0.2800, 2273
0.2831, 2272
0.2983, 2271
0.3014, 2270
0.3044, 2268
0.3255, 2266
0.3406, 2264
0.3679, 2263
0.4319, 2262
0.4352, 2259
0.4385, 2258
0.4480, 2257
0.4665, 2256
0.5155, 2255
0.6149, 2254
0.6882, 2253
0.7034, 2252
0.7281, 2251
0.7552, 2250
0.7673, 2249
0.8246, 2247
0.8792, 2246
0.9672, 2245
0.9767, 2244
1.0705, 2243
1.0797, 2242
1.2080, 2241
1.3022, 2239
1.3623, 2238
1.4409, 2237
1.5042, 2236
1.5497, 2235
1.5986, 2234
1.7405, 2233
1.7558, 2232
1.7800, 2231
1.8350, 2230
1.8624, 2229
2.0660, 2227
2.1208, 2226
2.1364, 2225
2.1435, 2224
2.1555, 2223
2.6176, 2222
2.8307, 2221
