0.6490, 3931
0.6494, 3930
0.6498, 3929
0.6501, 3928
0.6504, 3927
0.6508, 3926
0.6511, 3925
0.6514, 3924
0.6518, 3923
0.6521, 3922
0.6524, 3921
0.6528, 3920
0.6531, 3919
0.6534, 3918
0.6538, 3917
0.6541, 3916
0.6544, 3915
0.6548, 3914
0.6551, 3913
0.6555, 3912
0.6558, 3911
0.6561, 3910
0.6565, 3909
0.6568, 3908
0.6571, 3907
0.6574, 3906
0.6578, 3905
0.6581, 3904
0.6584, 3903
0.6588, 3902
0.6591, 3901
0.6595, 3900
0.6598, 3899
0.6601, 3898
0.6605, 3897
0.6608, 3896
0.6611, 3895
0.6614, 3894
0.6618, 3893
0.6621, 3892
0.6625, 3891
0.6628, 3890
0.6631, 3889
0.6635, 3888
0.6638, 3887
0.6641, 3886
0.6645, 3885
0.6648, 3884
0.6652, 3883
0.6655, 3882
0.6658, 3881
0.6662, 3880
0.6666, 3879
0.6669, 3878
0.6673, 3877
0.6676, 3876
0.6680, 3875
0.6684, 3874
0.6687, 3873
0.6690, 3872
0.6694, 3871
0.6697, 3870
0.6701, 3869
0.6704, 3868
0.6707, 3867
0.6711, 3866
0.6714, 3865
0.6717, 3864
0.6721, 3863
0.6724, 3862
0.6727, 3861
0.6731, 3860
0.6734, 3859
0.6737, 3858
0.6741, 3857
0.6744, 3856
0.6747, 3855
0.6751, 3854
0.6754, 3853
0.6757, 3852
0.6761, 3851
0.6764, 3850
0.6767, 3849
0.6771, 3848
0.6774, 3847
0.6777, 3846
0.6780, 3845
0.6784, 3844
0.6787, 3843
0.6791, 3842
0.6794, 3841
0.6798, 3840
0.6801, 3839
0.6804, 3838
0.6808, 3837
0.6811, 3836
0.6814, 3835
0.6818, 3834
0.6821, 3833
0.6824, 3832
0.6828, 3831
0.6831, 3830
0.6835, 3829
0.6839, 3828
0.6842, 3827
0.6845, 3826
0.6849, 3825
0.6852, 3824
0.6856, 3823
0.6859, 3822
0.6863, 3821
0.6866, 3820
0.6870, 3819
0.6873, 3818
0.6877, 3817
0.6880, 3816
0.6884, 3815
0.6887, 3814
0.6890, 3813
0.6894, 3812
0.6897, 3811
0.6901, 3810
0.6904, 3809
0.6907, 3808
0.6911, 3807
0.6914, 3806
0.6917, 3805
0.6921, 3804
0.6924, 3803
0.6927, 3802
0.6931, 3801
0.6934, 3800
0.6937, 3799
0.6941, 3798
0.6944, 3797
0.6948, 3796
0.6951, 3795
0.6954, 3794
0.6958, 3793
0.6962, 3792
0.6965, 3791
0.6968, 3790
0.6971, 3789
0.6975, 3788
0.6978, 3787
0.6982, 3786
0.6985, 3785
0.6988, 3784
0.6992, 3783
0.6995, 3782
0.6998, 3781
0.7002, 3780
0.7005, 3779
0.7008, 3778
0.7012, 3777
0.7016, 3776
0.7019, 3775
0.7023, 3774
0.7027, 3773
0.7030, 3772
0.7034, 3771
0.7037, 3770
0.7040, 3769
0.7043, 3768
0.7047, 3767
0.7050, 3766
0.7053, 3765
0.7057, 3764
0.7060, 3763
0.7063, 3762
0.7067, 3761
0.7070, 3760
0.7073, 3759
0.7077, 3758
0.7080, 3757
0.7084, 3756
0.7087, 3755
0.7090, 3754
0.7093, 3753
0.7097, 3752
0.7100, 3751
0.7103, 3750
0.7107, 3749
0.7110, 3748
0.7113, 3747
0.7117, 3746
0.7120, 3745
0.7124, 3744
0.7127, 3743
0.7131, 3742
0.7134, 3741
0.7138, 3740
0.7141, 3739
0.7144, 3738
0.7148, 3737
0.7151, 3736
0.7154, 3735
0.7158, 3734
0.7161, 3733
0.7165, 3732
0.7168, 3731
0.7171, 3730
0.7175, 3729
0.7178, 3728
0.7181, 3727
0.7185, 3726
0.7188, 3725
0.7191, 3724
0.7194, 3723
0.7198, 3722
0.7201, 3721
0.7204, 3720
0.7207, 3719
0.7211, 3718
0.7214, 3717
0.7218, 3716
0.7221, 3715
0.7224, 3714
0.7228, 3713
0.7231, 3712
0.7234, 3711
0.7237, 3710
0.7241, 3709
0.7244, 3708
0.7247, 3707
0.7251, 3706
0.7254, 3705
0.7257, 3704
0.7261, 3703
0.7264, 3702
0.7267, 3701
0.7270, 3700
0.7274, 3699
0.7277, 3698
0.7280, 3697
0.7284, 3696
0.7287, 3695
0.7290, 3694
0.7293, 3693
0.7297, 3692
0.7300, 3691
0.7303, 3690
0.7307, 3689
0.7310, 3688
0.7313, 3687
0.7316, 3686
0.7320, 3685
0.7323, 3684
0.7326, 3683
0.7330, 3682
0.7333, 3681
0.7336, 3680
0.7340, 3679
0.7343, 3678
0.7347, 3677
0.7350, 3676
0.7354, 3675
0.7357, 3674
0.7360, 3673
0.7364, 3672
0.7367, 3671
0.7370, 3670
0.7373, 3669
0.7377, 3668
0.7380, 3667
0.7383, 3666
0.7387, 3665
0.7390, 3664
0.7393, 3663
0.7396, 3662
0.7400, 3661
0.7403, 3660
0.7406, 3659
0.7410, 3658
0.7413, 3657
0.7416, 3656
0.7420, 3655
0.7423, 3654
0.7426, 3653
0.7429, 3652
0.7433, 3651
0.7436, 3650
0.7439, 3649
0.7442, 3648
0.7446, 3647
0.7449, 3646
0.7452, 3645
0.7456, 3644
0.7459, 3643
0.7462, 3642
0.7465, 3641
0.7469, 3640
0.7472, 3639
0.7475, 3638
0.7479, 3637
0.7482, 3636
0.7485, 3635
0.7488, 3634
0.7492, 3633
0.7495, 3632
0.7498, 3631
0.7501, 3630
0.7505, 3629
0.7508, 3628
0.7511, 3627
0.7514, 3626
0.7518, 3625
0.7521, 3624
0.7524, 3623
0.7527, 3622
0.7531, 3621
0.7534, 3620
0.7537, 3619
0.7540, 3618
0.7543, 3617
0.7547, 3616
0.7550, 3615
0.7553, 3614
0.7556, 3613
0.7560, 3612
0.7563, 3611
0.7566, 3610
0.7569, 3609
0.7572, 3608
0.7576, 3607
0.7579, 3606
0.7582, 3605
0.7585, 3604
0.7589, 3603
0.7592, 3602
0.7595, 3601
0.7598, 3600
0.7601, 3599
0.7605, 3598
0.7608, 3597
0.7611, 3596
0.7614, 3595
0.7617, 3594
0.7620, 3593
0.7624, 3592
0.7627, 3591
0.7630, 3590
0.7633, 3589
0.7636, 3588
0.7640, 3587
0.7643, 3586
0.7646, 3585
0.7649, 3584
0.7653, 3583
0.7656, 3582
0.7659, 3581
0.7663, 3580
0.7666, 3579
0.7670, 3578
0.7673, 3577
0.7677, 3576
0.7680, 3575
0.7684, 3574
0.7687, 3573
0.7690, 3572
0.7693, 3571
0.7697, 3570
0.7700, 3569
0.7703, 3568
0.7706, 3567
0.7710, 3566
0.7713, 3565
0.7716, 3564
0.7719, 3563
0.7723, 3562
0.7726, 3561
0.7729, 3560
0.7733, 3559
0.7736, 3558
0.7739, 3557
0.7742, 3556
0.7745, 3555
0.7749, 3554
0.7752, 3553
0.7755, 3552
0.7758, 3551
0.7761, 3550
0.7765, 3549
0.7768, 3548
0.7771, 3547
0.7775, 3546
0.7778, 3545
0.7781, 3544
0.7785, 3543
0.7788, 3542
0.7791, 3541
0.7795, 3540
0.7798, 3539
0.7801, 3538
0.7804, 3537
0.7807, 3536
0.7810, 3535
0.7814, 3534
0.7817, 3533
0.7820, 3532
0.7823, 3531
0.7826, 3530
0.7829, 3529
0.7833, 3528
0.7836, 3527
0.7839, 3526
0.7843, 3525
0.7846, 3524
0.7849, 3523
0.7853, 3522
0.7856, 3521
0.7859, 3520
0.7863, 3519
0.7866, 3518
0.7870, 3517
0.7873, 3516
0.7876, 3515
0.7880, 3514
0.7883, 3513
0.7886, 3512
0.7889, 3511
0.7892, 3510
0.7895, 3509
0.7898, 3508
0.7902, 3507
0.7905, 3506
0.7908, 3505
0.7911, 3504
0.7915, 3503
0.7918, 3502
0.7921, 3501
0.7924, 3500
0.7927, 3499
0.7930, 3498
0.7934, 3497
0.7937, 3496
0.7940, 3495
0.7943, 3494
0.7946, 3493
0.7949, 3492
0.7952, 3491
0.7956, 3490
0.7959, 3489
0.7962, 3488
0.7965, 3487
0.7968, 3486
0.7972, 3485
0.7975, 3484
0.7978, 3483
0.7981, 3482
0.7984, 3481
0.7987, 3480
0.7991, 3479
0.7994, 3478
0.7997, 3477
0.8000, 3476
0.8004, 3475
0.8007, 3474
0.8010, 3473
0.8014, 3472
0.8017, 3471
0.8020, 3470
0.8023, 3469
0.8027, 3468
0.8030, 3467
0.8033, 3466
0.8036, 3465
0.8039, 3464
0.8042, 3463
0.8045, 3462
0.8048, 3461
0.8052, 3460
0.8055, 3459
0.8058, 3458
0.8061, 3457
0.8064, 3456
0.8067, 3455
0.8070, 3454
0.8074, 3453
0.8077, 3452
0.8080, 3451
0.8083, 3450
0.8086, 3449
0.8089, 3448
0.8093, 3447
0.8096, 3446
0.8099, 3445
0.8102, 3444
0.8105, 3443
0.8108, 3442
0.8111, 3441
0.8114, 3440
0.8117, 3439
0.8120, 3438
0.8124, 3437
0.8127, 3436
0.8130, 3435
0.8133, 3434
0.8136, 3433
0.8139, 3432
0.8142, 3431
0.8145, 3430
0.8149, 3429
0.8152, 3428
0.8155, 3427
0.8158, 3426
0.8161, 3425
0.8164, 3424
0.8167, 3423
0.8171, 3422
0.8174, 3421
0.8177, 3420
0.8180, 3419
0.8183, 3418
0.8186, 3417
0.8189, 3416
0.8192, 3415
0.8195, 3414
0.8198, 3413
0.8202, 3412
0.8205, 3411
0.8208, 3410
0.8211, 3409
0.8214, 3408
0.8217, 3407
0.8220, 3406
0.8223, 3405
0.8226, 3404
0.8229, 3403
0.8232, 3402
0.8235, 3401
0.8238, 3400
0.8241, 3399
0.8244, 3398
0.8247, 3397
0.8250, 3396
0.8253, 3395
0.8256, 3394
0.8259, 3393
0.8262, 3392
0.8265, 3391
0.8268, 3390
0.8272, 3389
0.8275, 3388
0.8278, 3387
0.8281, 3386
0.8284, 3385
0.8287, 3384
0.8290, 3383
0.8293, 3382
0.8297, 3381
0.8300, 3380
0.8303, 3379
0.8306, 3378
0.8309, 3377
0.8312, 3376
0.8315, 3375
0.8319, 3374
0.8322, 3373
0.8325, 3372
0.8328, 3371
0.8331, 3370
0.8334, 3369
0.8337, 3368
0.8341, 3367
0.8344, 3366
0.8348, 3365
0.8351, 3364
0.8354, 3363
0.8357, 3362
0.8360, 3361
0.8363, 3360
0.8366, 3359
0.8369, 3358
0.8372, 3357
0.8375, 3356
0.8379, 3355
0.8382, 3354
0.8385, 3353
0.8388, 3352
0.8391, 3351
0.8394, 3350
0.8398, 3349
0.8401, 3348
0.8404, 3347
0.8407, 3346
0.8410, 3345
0.8413, 3344
0.8417, 3343
0.8420, 3342
0.8423, 3341
0.8426, 3340
0.8429, 3339
0.8432, 3338
0.8435, 3337
0.8438, 3336
0.8441, 3335
0.8444, 3334
0.8448, 3333
0.8451, 3332
0.8454, 3331
0.8457, 3330
0.8460, 3329
0.8463, 3328
0.8466, 3327
0.8469, 3326
0.8472, 3325
0.8475, 3324
0.8478, 3323
0.8482, 3322
0.8485, 3321
0.8488, 3320
0.8491, 3319
0.8494, 3318
0.8497, 3317
0.8500, 3316
0.8503, 3315
0.8507, 3314
0.8510, 3313
0.8513, 3312
0.8517, 3311
0.8520, 3310
0.8523, 3309
0.8526, 3308
0.8529, 3307
0.8532, 3306
0.8536, 3305
0.8539, 3304
0.8542, 3303
0.8545, 3302
0.8549, 3301
0.8553, 3300
0.8556, 3299
0.8559, 3298
0.8562, 3297
0.8565, 3296
0.8568, 3295
0.8571, 3294
0.8574, 3293
0.8577, 3292
0.8581, 3291
0.8585, 3290
0.8588, 3289
0.8591, 3288
0.8594, 3287
0.8597, 3286
0.8600, 3285
0.8603, 3284
0.8606, 3283
0.8609, 3282
0.8612, 3281
0.8615, 3280
0.8619, 3279
0.8622, 3278
0.8625, 3277
0.8629, 3276
0.8632, 3275
0.8635, 3274
0.8638, 3273
0.8641, 3272
0.8644, 3271
0.8648, 3270
0.8651, 3269
0.8655, 3268
0.8658, 3267
0.8661, 3266
0.8664, 3265
0.8667, 3264
0.8671, 3263
0.8674, 3262
0.8677, 3261
0.8681, 3260
0.8684, 3259
0.8687, 3258
0.8690, 3257
0.8693, 3256
0.8696, 3255
0.8699, 3254
0.8703, 3253
0.8705, 3252
0.8709, 3251
0.8712, 3250
0.8715, 3249
0.8718, 3248
0.8721, 3247
0.8724, 3246
0.8727, 3245
0.8730, 3244
0.8733, 3243
0.8736, 3242
0.8740, 3241
0.8743, 3240
0.8746, 3239
0.8749, 3238
0.8752, 3237
0.8755, 3236
0.8758, 3235
0.8761, 3234
0.8765, 3233
0.8768, 3232
0.8771, 3231
0.8773, 3230
0.8777, 3229
0.8780, 3228
0.8783, 3227
0.8786, 3226
0.8789, 3225
0.8792, 3224
0.8796, 3223
0.8799, 3222
0.8802, 3221
0.8806, 3220
0.8808, 3219
0.8811, 3218
0.8814, 3217
0.8818, 3216
0.8821, 3215
0.8824, 3214
0.8827, 3213
0.8830, 3212
0.8833, 3211
0.8836, 3210
0.8839, 3209
0.8843, 3208
0.8846, 3207
0.8849, 3206
0.8853, 3205
0.8857, 3204
0.8861, 3203
0.8864, 3202
0.8867, 3201
0.8871, 3200
0.8874, 3199
0.8877, 3198
0.8880, 3197
0.8883, 3196
0.8887, 3195
0.8890, 3194
0.8893, 3193
0.8896, 3192
0.8899, 3191
0.8902, 3190
0.8905, 3189
0.8908, 3188
0.8912, 3187
0.8915, 3186
0.8918, 3185
0.8921, 3184
0.8924, 3183
0.8927, 3182
0.8930, 3181
0.8934, 3180
0.8936, 3179
0.8939, 3178
0.8942, 3177
0.8945, 3176
0.8948, 3175
0.8951, 3174
0.8954, 3173
0.8957, 3172
0.8961, 3171
0.8964, 3170
0.8967, 3169
0.8970, 3168
0.8973, 3167
0.8976, 3166
0.8979, 3165
0.8982, 3164
0.8985, 3163
0.8988, 3162
0.8991, 3161
0.8994, 3160
0.8997, 3159
0.9000, 3158
0.9004, 3157
0.9007, 3156
0.9010, 3155
0.9013, 3154
0.9016, 3153
0.9019, 3152
0.9022, 3151
0.9025, 3150
0.9027, 3149
0.9030, 3148
0.9033, 3147
0.9036, 3146
0.9039, 3145
0.9042, 3144
0.9045, 3143
0.9049, 3142
0.9052, 3141
0.9055, 3140
0.9058, 3139
0.9061, 3138
0.9064, 3137
0.9068, 3136
0.9072, 3135
0.9075, 3134
0.9078, 3133
0.9081, 3132
0.9084, 3131
0.9087, 3130
0.9090, 3129
0.9093, 3128
0.9096, 3127
0.9099, 3126
0.9103, 3125
0.9106, 3124
0.9109, 3123
0.9112, 3122
0.9114, 3121
0.9118, 3120
0.9120, 3119
0.9124, 3118
0.9126, 3117
0.9129, 3116
0.9132, 3115
0.9135, 3114
0.9138, 3113
0.9141, 3112
0.9144, 3111
0.9147, 3110
0.9149, 3109
0.9152, 3108
0.9155, 3107
0.9158, 3106
0.9161, 3105
0.9164, 3104
0.9167, 3103
0.9170, 3102
0.9173, 3101
0.9176, 3100
0.9179, 3099
0.9182, 3098
0.9184, 3097
0.9188, 3096
0.9190, 3095
0.9193, 3094
0.9196, 3093
0.9199, 3092
0.9202, 3091
0.9205, 3090
0.9208, 3089
0.9211, 3088
0.9214, 3087
0.9217, 3086
0.9219, 3085
0.9222, 3084
0.9225, 3083
0.9228, 3082
0.9231, 3081
0.9234, 3080
0.9237, 3079
0.9240, 3078
0.9243, 3077
0.9246, 3076
0.9249, 3075
0.9252, 3074
0.9255, 3073
0.9258, 3072
0.9261, 3071
0.9264, 3070
0.9267, 3069
0.9270, 3068
0.9272, 3067
0.9275, 3066
0.9279, 3065
0.9281, 3064
0.9284, 3063
0.9287, 3062
0.9290, 3061
0.9293, 3060
0.9295, 3059
0.9298, 3058
0.9301, 3057
0.9304, 3056
0.9307, 3055
0.9310, 3054
0.9313, 3053
0.9316, 3052
0.9319, 3051
0.9322, 3050
0.9325, 3049
0.9329, 3048
0.9332, 3047
0.9335, 3046
0.9338, 3045
0.9342, 3044
0.9345, 3043
0.9348, 3042
0.9351, 3041
0.9356, 3040
0.9359, 3039
0.9362, 3038
0.9365, 3037
0.9368, 3036
0.9371, 3035
0.9373, 3034
0.9376, 3033
0.9379, 3032
0.9382, 3031
0.9384, 3030
0.9387, 3029
0.9390, 3028
0.9393, 3027
0.9396, 3026
0.9399, 3025
0.9402, 3024
0.9405, 3023
0.9408, 3022
0.9411, 3021
0.9414, 3020
0.9417, 3019
0.9420, 3018
0.9422, 3017
0.9425, 3016
0.9428, 3015
0.9431, 3014
0.9434, 3013
0.9436, 3012
0.9439, 3011
0.9442, 3010
0.9445, 3009
0.9448, 3008
0.9451, 3007
0.9454, 3006
0.9457, 3005
0.9459, 3004
0.9462, 3003
0.9465, 3002
0.9468, 3001
0.9471, 3000
0.9474, 2999
0.9476, 2998
0.9479, 2997
0.9482, 2996
0.9485, 2995
0.9488, 2994
0.9490, 2993
0.9493, 2992
0.9496, 2991
0.9499, 2990
0.9502, 2989
0.9506, 2988
0.9509, 2987
0.9511, 2986
0.9514, 2985
0.9517, 2984
0.9520, 2983
0.9522, 2982
0.9525, 2981
0.9528, 2980
0.9531, 2979
0.9534, 2978
0.9536, 2977
0.9540, 2976
0.9542, 2975
0.9545, 2974
0.9548, 2973
0.9551, 2972
0.9554, 2971
0.9557, 2970
0.9560, 2969
0.9563, 2968
0.9566, 2967
0.9569, 2966
0.9572, 2965
0.9575, 2964
0.9578, 2963
0.9580, 2962
0.9583, 2961
0.9586, 2960
0.9588, 2959
0.9591, 2958
0.9594, 2957
0.9597, 2956
0.9600, 2955
0.9603, 2954
0.9606, 2953
0.9608, 2952
0.9612, 2951
0.9615, 2950
0.9618, 2949
0.9621, 2948
0.9624, 2947
0.9627, 2946
0.9629, 2945
0.9632, 2944
0.9635, 2943
0.9638, 2942
0.9641, 2941
0.9643, 2940
0.9646, 2939
0.9649, 2938
0.9652, 2937
0.9655, 2936
0.9658, 2935
0.9660, 2934
0.9664, 2933
0.9667, 2932
0.9669, 2931
0.9672, 2930
0.9675, 2929
0.9678, 2928
0.9682, 2927
0.9685, 2926
0.9689, 2925
0.9692, 2924
0.9695, 2923
0.9698, 2922
0.9701, 2921
0.9705, 2920
0.9707, 2919
0.9710, 2918
0.9713, 2917
0.9716, 2916
0.9719, 2915
0.9722, 2914
0.9726, 2913
0.9729, 2912
0.9732, 2911
0.9735, 2910
0.9738, 2909
0.9741, 2908
0.9744, 2907
0.9747, 2906
0.9750, 2905
0.9753, 2904
0.9756, 2903
0.9759, 2902
0.9762, 2901
0.9764, 2900
0.9767, 2899
0.9770, 2898
0.9773, 2897
0.9776, 2896
0.9778, 2895
0.9781, 2894
0.9784, 2893
0.9787, 2892
0.9790, 2891
0.9793, 2890
0.9796, 2889
0.9799, 2888
0.9802, 2887
0.9805, 2886
0.9808, 2885
0.9811, 2884
0.9814, 2883
0.9817, 2882
0.9820, 2881
0.9823, 2880
0.9826, 2879
0.9829, 2878
0.9832, 2877
0.9835, 2876
0.9837, 2875
0.9840, 2874
0.9843, 2873
0.9846, 2872
0.9849, 2871
0.9851, 2870
0.9854, 2869
0.9857, 2868
0.9860, 2867
0.9863, 2866
0.9866, 2865
0.9868, 2864
0.9871, 2863
0.9874, 2862
0.9877, 2861
0.9880, 2860
0.9882, 2859
0.9885, 2858
0.9888, 2857
0.9891, 2856
0.9894, 2855
0.9896, 2854
0.9899, 2853
0.9902, 2852
0.9904, 2851
0.9907, 2850
0.9910, 2849
0.9913, 2848
0.9915, 2847
0.9918, 2846
0.9921, 2845
0.9923, 2844
0.9926, 2843
0.9929, 2842
0.9932, 2841
0.9934, 2840
0.9937, 2839
0.9940, 2838
0.9943, 2837
0.9946, 2836
0.9948, 2835
0.9951, 2834
0.9953, 2833
0.9956, 2832
0.9959, 2831
0.9962, 2830
0.9965, 2829
0.9967, 2828
0.9970, 2827
0.9973, 2826
0.9976, 2825
0.9978, 2824
0.9981, 2823
0.9984, 2822
0.9987, 2821
0.9989, 2820
0.9992, 2819
0.9995, 2818
0.9998, 2817
1.0001, 2816
1.0004, 2815
1.0007, 2814
1.0009, 2813
1.0012, 2812
1.0015, 2811
1.0017, 2810
1.0020, 2809
1.0023, 2808
1.0025, 2807
1.0028, 2806
1.0031, 2805
1.0034, 2804
1.0036, 2803
1.0039, 2802
1.0042, 2801
1.0044, 2800
1.0047, 2799
1.0050, 2798
1.0053, 2797
1.0056, 2796
1.0058, 2795
1.0061, 2794
1.0064, 2793
1.0067, 2792
1.0070, 2791
1.0073, 2790
1.0075, 2789
1.0078, 2788
1.0081, 2787
1.0083, 2786
1.0086, 2785
1.0089, 2784
1.0092, 2783
1.0095, 2782
1.0097, 2781
1.0100, 2780
1.0103, 2779
1.0105, 2778
1.0108, 2777
1.0111, 2776
1.0114, 2775
1.0116, 2774
1.0119, 2773
1.0122, 2772
1.0125, 2771
1.0127, 2770
1.0130, 2769
1.0133, 2768
1.0135, 2767
1.0138, 2766
1.0141, 2765
1.0143, 2764
1.0146, 2763
1.0149, 2762
1.0151, 2761
1.0154, 2760
1.0157, 2759
1.0159, 2758
1.0162, 2757
1.0164, 2756
1.0167, 2755
1.0170, 2754
1.0173, 2753
1.0175, 2752
1.0178, 2751
1.0181, 2750
1.0183, 2749
1.0186, 2748
1.0189, 2747
1.0192, 2746
1.0195, 2745
1.0198, 2744
1.0200, 2743
1.0203, 2742
1.0206, 2741
1.0209, 2740
1.0211, 2739
1.0214, 2738
1.0216, 2737
1.0219, 2736
1.0223, 2735
1.0226, 2734
1.0229, 2733
1.0232, 2732
1.0234, 2731
1.0237, 2730
1.0240, 2729
1.0243, 2728
1.0246, 2727
1.0249, 2726
1.0251, 2725
1.0254, 2724
1.0257, 2723
1.0260, 2722
1.0263, 2721
1.0266, 2720
1.0268, 2719
1.0271, 2718
1.0274, 2717
1.0277, 2716
1.0279, 2715
1.0282, 2714
1.0285, 2713
1.0287, 2712
1.0290, 2711
1.0293, 2710
1.0296, 2709
1.0299, 2708
1.0302, 2707
1.0304, 2706
1.0307, 2705
1.0309, 2704
1.0312, 2703
1.0315, 2702
1.0318, 2701
1.0320, 2700
1.0323, 2699
1.0326, 2698
1.0329, 2697
1.0332, 2696
1.0334, 2695
1.0337, 2694
1.0340, 2693
1.0343, 2692
1.0346, 2691
1.0349, 2690
1.0351, 2689
1.0354, 2688
1.0357, 2687
1.0360, 2686
1.0362, 2685
1.0365, 2684
1.0368, 2683
1.0371, 2682
1.0373, 2681
1.0376, 2680
1.0379, 2679
1.0382, 2678
1.0384, 2677
1.0387, 2676
1.0390, 2675
1.0392, 2674
1.0395, 2673
1.0398, 2672
1.0401, 2671
1.0404, 2670
1.0406, 2669
1.0409, 2668
1.0412, 2667
1.0414, 2666
1.0417, 2665
1.0419, 2664
1.0422, 2663
1.0425, 2662
1.0427, 2661
1.0430, 2660
1.0433, 2659
1.0435, 2658
1.0438, 2657
1.0441, 2656
1.0443, 2655
1.0446, 2654
1.0449, 2653
1.0451, 2652
1.0454, 2651
1.0456, 2650
1.0459, 2649
1.0461, 2648
1.0464, 2647
1.0467, 2646
1.0469, 2645
1.0472, 2644
1.0474, 2643
1.0477, 2642
1.0479, 2641
1.0482, 2640
1.0484, 2639
1.0487, 2638
1.0490, 2637
1.0492, 2636
1.0495, 2635
1.0497, 2634
1.0500, 2633
1.0503, 2632
1.0506, 2631
1.0508, 2630
1.0511, 2629
1.0514, 2628
1.0517, 2627
1.0519, 2626
1.0522, 2625
1.0525, 2624
1.0528, 2623
1.0531, 2622
1.0534, 2621
1.0537, 2620
1.0540, 2619
1.0543, 2618
1.0546, 2617
1.0548, 2616
1.0551, 2615
1.0554, 2614
1.0557, 2613
1.0560, 2612
1.0563, 2611
1.0567, 2610
1.0569, 2609
1.0572, 2608
1.0575, 2607
1.0578, 2606
1.0581, 2605
1.0584, 2604
1.0586, 2603
1.0589, 2602
1.0592, 2601
1.0595, 2600
1.0598, 2599
1.0601, 2598
1.0604, 2597
1.0606, 2596
1.0609, 2595
1.0612, 2594
1.0615, 2593
1.0618, 2592
1.0620, 2591
1.0623, 2590
1.0626, 2589
1.0629, 2588
1.0631, 2587
1.0634, 2586
1.0638, 2585
1.0640, 2584
1.0643, 2583
1.0646, 2582
1.0648, 2581
1.0651, 2580
1.0653, 2579
1.0656, 2578
1.0659, 2577
1.0661, 2576
1.0664, 2575
1.0667, 2574
1.0670, 2573
1.0673, 2572
1.0675, 2571
1.0678, 2570
1.0681, 2569
1.0684, 2568
1.0687, 2567
1.0690, 2566
1.0693, 2565
1.0695, 2564
1.0698, 2563
1.0701, 2562
1.0704, 2561
1.0753, 2560
1.0845, 2559
1.0975, 2558
1.0978, 2557
1.1065, 2556
1.1068, 2555
1.1112, 2554
1.1192, 2553
1.1344, 2552
1.1514, 2551
1.1833, 2550
1.1836, 2549
1.1904, 2548
1.2033, 2547
1.2035, 2546
1.2120, 2545
1.2205, 2544
1.2270, 2543
1.2375, 2542
1.2440, 2541
1.2544, 2540
1.2547, 2539
1.2591, 2538
1.2614, 2537
1.2617, 2536
1.2619, 2535
1.2663, 2534
1.2771, 2533
1.2773, 2532
1.2900, 2531
1.2986, 2530
1.3073, 2529
1.3075, 2528
1.3139, 2527
1.3247, 2526
1.3311, 2525
1.3543, 2524
1.3690, 2523
1.3714, 2522
1.3716, 2521
1.3822, 2520
1.3825, 2519
1.3932, 2518
1.3955, 2517
1.4020, 2516
1.4022, 2515
1.4087, 2514
1.4090, 2513
1.4092, 2512
1.4155, 2511
1.4918, 2510
1.5065, 2509
1.5067, 2508
1.5194, 2507
1.5467, 2506
1.5552, 2505
1.5700, 2504
1.5702, 2503
1.5828, 2502
1.6018, 2501
1.6042, 2500
1.6272, 2499
1.6565, 2498
1.6609, 2497
1.6612, 2496
1.6635, 2495
1.6638, 2494
1.6682, 2493
1.6809, 2492
1.6811, 2491
1.6856, 2490
1.6900, 2489
1.6964, 2488
1.6966, 2487
1.6968, 2486
1.6971, 2485
1.6993, 2484
1.7078, 2483
1.7080, 2482
1.7083, 2481
1.7230, 2480
1.7232, 2479
1.7234, 2478
1.7426, 2477
1.7491, 2476
1.7599, 2475
1.7622, 2474
1.7667, 2473
1.7734, 2472
1.7777, 2471
1.7780, 2470
1.7782, 2469
1.7784, 2468
1.7952, 2467
1.8123, 2466
1.8126, 2465
1.8128, 2464
1.8151, 2463
1.8153, 2462
1.8362, 2461
1.8448, 2460
1.8513, 2459
1.8725, 2458
1.8728, 2457
1.8833, 2456
1.8836, 2455
1.8838, 2454
1.8902, 2453
1.9006, 2452
1.9009, 2451
1.9114, 2450
1.9240, 2449
1.9367, 2448
1.9370, 2447
1.9454, 2446
1.9643, 2445
1.9812, 2444
1.9880, 2443
2.0008, 2442
2.0051, 2441
2.0238, 2440
2.0509, 2439
2.0593, 2438
2.0636, 2437
2.0910, 2436
2.0912, 2435
2.1017, 2434
2.1061, 2433
2.1355, 2432
2.1400, 2431
2.1592, 2430
2.1656, 2429
2.1681, 2428
2.2056, 2427
2.2100, 2426
2.2359, 2425
2.2445, 2424
2.2533, 2423
2.2535, 2422
2.2728, 2421
2.2730, 2420
2.2817, 2419
2.2944, 2418
2.3220, 2417
2.3223, 2416
2.3433, 2415
2.3519, 2414
2.3521, 2413
2.3757, 2412
2.3759, 2411
2.3802, 2410
2.3933, 2409
2.3957, 2408
2.3959, 2407
2.3988, 2406
2.3991, 2405
2.4103, 2404
2.4106, 2403
2.4152, 2402
2.4155, 2401
2.4157, 2400
2.4226, 2399
2.4447, 2398
2.4517, 2397
2.4633, 2396
2.4635, 2395
2.4681, 2394
2.4684, 2393
2.4686, 2392
2.4777, 2391
2.4845, 2390
2.4847, 2389
2.4893, 2388
2.4896, 2387
2.5009, 2386
2.5209, 2385
2.5234, 2384
2.5279, 2383
2.5282, 2382
2.5350, 2381
2.5352, 2380
2.5420, 2379
2.5423, 2378
2.5425, 2377
2.5494, 2376
2.5497, 2375
2.5543, 2374
2.5591, 2373
2.5615, 2372
2.5684, 2371
2.5687, 2370
2.5689, 2369
2.5890, 2368
2.5892, 2367
2.5917, 2366
2.5986, 2365
2.5988, 2364
2.5991, 2363
2.6059, 2362
2.6061, 2361
2.6064, 2360
2.6066, 2359
2.6070, 2358
2.6072, 2357
2.6316, 2356
2.6319, 2355
2.6387, 2354
2.6389, 2353
2.6481, 2352
2.6483, 2351
2.6486, 2350
2.6489, 2349
2.6492, 2348
2.6539, 2347
2.6696, 2346
2.6766, 2345
2.6834, 2344
2.6902, 2343
2.6926, 2342
2.7104, 2341
2.7172, 2340
2.7348, 2339
2.7525, 2338
2.7549, 2337
2.7552, 2336
2.7730, 2335
2.7777, 2334
2.7779, 2333
2.7825, 2332
2.8034, 2331
2.8265, 2330
2.8267, 2329
2.8270, 2328
2.8272, 2327
2.8356, 2326
2.8358, 2325
2.8484, 2324
2.8486, 2323
2.8822, 2322
2.8824, 2321
2.9809, 2320
2.9852, 2319
2.9874, 2318
2.9918, 2317
2.9920, 2316
2.9963, 2315
2.9965, 2314
2.9988, 2313
3.0054, 2312
3.0056, 2311
3.0202, 2310
3.0246, 2309
3.0310, 2308
3.0312, 2307
3.0357, 2306
3.0359, 2305
3.0485, 2304
3.0610, 2303
3.0613, 2302
3.0615, 2301
3.0638, 2300
3.0743, 2299
3.0787, 2298
3.0789, 2297
3.0833, 2296
3.0876, 2295
3.0878, 2294
3.0900, 2293
3.0984, 2292
3.1029, 2291
3.1154, 2290
3.1238, 2289
3.1321, 2288
3.1324, 2287
3.1428, 2286
3.1430, 2285
3.1453, 2284
3.1455, 2283
3.1600, 2282
3.1768, 2281
3.1770, 2280
3.2065, 2279
3.2131, 2278
3.2174, 2277
3.2528, 2276
3.2574, 2275
3.2577, 2274
3.2579, 2273
3.2582, 2272
3.2646, 2271
3.2648, 2270
3.2692, 2269
3.2756, 2268
3.2758, 2267
3.2761, 2266
3.2783, 2265
3.2785, 2264
3.2911, 2263
3.3077, 2262
3.3203, 2261
3.3268, 2260
3.3352, 2259
3.3439, 2258
3.3483, 2257
3.3611, 2256
3.3613, 2255
3.3696, 2254
3.3699, 2253
3.3762, 2252
3.3765, 2251
3.3829, 2250
3.3872, 2249
3.3874, 2248
3.3876, 2247
3.4002, 2246
3.4045, 2245
3.4110, 2244
3.4194, 2243
3.4280, 2242
3.4425, 2241
3.4468, 2240
3.4572, 2239
3.4574, 2238
3.4617, 2237
3.4762, 2236
3.4847, 2235
3.4971, 2234
3.5034, 2233
3.5057, 2232
3.5121, 2231
3.5305, 2230
3.5307, 2229
3.5534, 2228
3.5783, 2227
3.6394, 2226
3.7046, 2225
3.7701, 2224
3.7927, 2223
3.8035, 2222
3.8078, 2221
3.8162, 2220
3.8697, 2219
3.9210, 2218
3.9721, 2217
4.0091, 2216
4.0155, 2215
4.0588, 2214
4.0775, 2213
4.3735, 2212
