0.6524, 3931
0.6528, 3930
0.6531, 3929
0.6534, 3928
0.6537, 3927
0.6541, 3926
0.6544, 3925
0.6548, 3924
0.6551, 3923
0.6554, 3922
0.6558, 3921
0.6561, 3920
0.6564, 3919
0.6568, 3918
0.6571, 3917
0.6574, 3916
0.6577, 3915
0.6580, 3914
0.6584, 3913
0.6587, 3912
0.6590, 3911
0.6593, 3910
0.6597, 3909
0.6600, 3908
0.6603, 3907
0.6607, 3906
0.6610, 3905
0.6613, 3904
0.6617, 3903
0.6620, 3902
0.6623, 3901
0.6627, 3900
0.6630, 3899
0.6634, 3898
0.6637, 3897
0.6641, 3896
0.6644, 3895
0.6648, 3894
0.6651, 3893
0.6654, 3892
0.6657, 3891
0.6661, 3890
0.6664, 3889
0.6668, 3888
0.6671, 3887
0.6674, 3886
0.6678, 3885
0.6681, 3884
0.6684, 3883
0.6688, 3882
0.6691, 3881
0.6694, 3880
0.6697, 3879
0.6701, 3878
0.6704, 3877
0.6708, 3876
0.6711, 3875
0.6714, 3874
0.6718, 3873
0.6721, 3872
0.6724, 3871
0.6727, 3870
0.6731, 3869
0.6734, 3868
0.6737, 3867
0.6741, 3866
0.6744, 3865
0.6748, 3864
0.6751, 3863
0.6754, 3862
0.6757, 3861
0.6761, 3860
0.6764, 3859
0.6767, 3858
0.6770, 3857
0.6774, 3856
0.6777, 3855
0.6780, 3854
0.6783, 3853
0.6786, 3852
0.6790, 3851
0.6793, 3850
0.6796, 3849
0.6800, 3848
0.6803, 3847
0.6806, 3846
0.6809, 3845
0.6813, 3844
0.6816, 3843
0.6819, 3842
0.6823, 3841
0.6826, 3840
0.6829, 3839
0.6832, 3838
0.6836, 3837
0.6839, 3836
0.6842, 3835
0.6845, 3834
0.6849, 3833
0.6852, 3832
0.6855, 3831
0.6859, 3830
0.6862, 3829
0.6865, 3828
0.6868, 3827
0.6872, 3826
0.6875, 3825
0.6878, 3824
0.6882, 3823
0.6885, 3822
0.6888, 3821
0.6891, 3820
0.6895, 3819
0.6898, 3818
0.6901, 3817
0.6905, 3816
0.6908, 3815
0.6911, 3814
0.6914, 3813
0.6918, 3812
0.6921, 3811
0.6924, 3810
0.6928, 3809
0.6931, 3808
0.6934, 3807
0.6938, 3806
0.6941, 3805
0.6944, 3804
0.6948, 3803
0.6951, 3802
0.6955, 3801
0.6958, 3800
0.6962, 3799
0.6965, 3798
0.6969, 3797
0.6972, 3796
0.6975, 3795
0.6978, 3794
0.6982, 3793
0.6985, 3792
0.6988, 3791
0.6991, 3790
0.6994, 3789
0.6998, 3788
0.7001, 3787
0.7004, 3786
0.7007, 3785
0.7011, 3784
0.7014, 3783
0.7017, 3782
0.7021, 3781
0.7024, 3780
0.7028, 3779
0.7031, 3778
0.7034, 3777
0.7037, 3776
0.7041, 3775
0.7044, 3774
0.7047, 3773
0.7050, 3772
0.7053, 3771
0.7057, 3770
0.7060, 3769
0.7063, 3768
0.7066, 3767
0.7070, 3766
0.7073, 3765
0.7076, 3764
0.7080, 3763
0.7083, 3762
0.7086, 3761
0.7089, 3760
0.7093, 3759
0.7096, 3758
0.7099, 3757
0.7102, 3756
0.7106, 3755
0.7109, 3754
0.7112, 3753
0.7116, 3752
0.7119, 3751
0.7122, 3750
0.7125, 3749
0.7129, 3748
0.7132, 3747
0.7135, 3746
0.7139, 3745
0.7142, 3744
0.7145, 3743
0.7148, 3742
0.7152, 3741
0.7155, 3740
0.7158, 3739
0.7161, 3738
0.7165, 3737
0.7168, 3736
0.7171, 3735
0.7174, 3734
0.7177, 3733
0.7180, 3732
0.7184, 3731
0.7187, 3730
0.7190, 3729
0.7193, 3728
0.7196, 3727
0.7200, 3726
0.7203, 3725
0.7206, 3724
0.7210, 3723
0.7213, 3722
0.7216, 3721
0.7219, 3720
0.7223, 3719
0.7226, 3718
0.7229, 3717
0.7232, 3716
0.7235, 3715
0.7239, 3714
0.7242, 3713
0.7245, 3712
0.7249, 3711
0.7252, 3710
0.7256, 3709
0.7259, 3708
0.7262, 3707
0.7266, 3706
0.7269, 3705
0.7272, 3704
0.7275, 3703
0.7279, 3702
0.7282, 3701
0.7285, 3700
0.7288, 3699
0.7292, 3698
0.7295, 3697
0.7299, 3696
0.7302, 3695
0.7305, 3694
0.7308, 3693
0.7311, 3692
0.7315, 3691
0.7318, 3690
0.7321, 3689
0.7325, 3688
0.7328, 3687
0.7331, 3686
0.7334, 3685
0.7337, 3684
0.7341, 3683
0.7344, 3682
0.7348, 3681
0.7351, 3680
0.7354, 3679
0.7357, 3678
0.7361, 3677
0.7364, 3676
0.7367, 3675
0.7370, 3674
0.7373, 3673
0.7377, 3672
0.7380, 3671
0.7383, 3670
0.7386, 3669
0.7389, 3668
0.7393, 3667
0.7396, 3666
0.7399, 3665
0.7402, 3664
0.7405, 3663
0.7409, 3662
0.7412, 3661
0.7415, 3660
0.7418, 3659
0.7422, 3658
0.7425, 3657
0.7429, 3656
0.7432, 3655
0.7436, 3654
0.7439, 3653
0.7442, 3652
0.7446, 3651
0.7449, 3650
0.7452, 3649
0.7455, 3648
0.7458, 3647
0.7462, 3646
0.7465, 3645
0.7468, 3644
0.7472, 3643
0.7475, 3642
0.7478, 3641
0.7481, 3640
0.7484, 3639
0.7488, 3638
0.7491, 3637
0.7494, 3636
0.7498, 3635
0.7501, 3634
0.7504, 3633
0.7507, 3632
0.7511, 3631
0.7514, 3630
0.7517, 3629
0.7520, 3628
0.7524, 3627
0.7527, 3626
0.7530, 3625
0.7533, 3624
0.7537, 3623
0.7540, 3622
0.7543, 3621
0.7546, 3620
0.7550, 3619
0.7553, 3618
0.7556, 3617
0.7559, 3616
0.7562, 3615
0.7565, 3614
0.7569, 3613
0.7572, 3612
0.7575, 3611
0.7578, 3610
0.7581, 3609
0.7585, 3608
0.7588, 3607
0.7591, 3606
0.7594, 3605
0.7597, 3604
0.7600, 3603
0.7604, 3602
0.7607, 3601
0.7610, 3600
0.7613, 3599
0.7616, 3598
0.7619, 3597
0.7623, 3596
0.7626, 3595
0.7630, 3594
0.7633, 3593
0.7636, 3592
0.7639, 3591
0.7642, 3590
0.7645, 3589
0.7649, 3588
0.7652, 3587
0.7655, 3586
0.7658, 3585
0.7662, 3584
0.7665, 3583
0.7668, 3582
0.7671, 3581
0.7675, 3580
0.7678, 3579
0.7681, 3578
0.7684, 3577
0.7687, 3576
0.7690, 3575
0.7694, 3574
0.7697, 3573
0.7700, 3572
0.7703, 3571
0.7706, 3570
0.7709, 3569
0.7713, 3568
0.7716, 3567
0.7719, 3566
0.7722, 3565
0.7725, 3564
0.7728, 3563
0.7731, 3562
0.7734, 3561
0.7737, 3560
0.7741, 3559
0.7744, 3558
0.7747, 3557
0.7750, 3556
0.7754, 3555
0.7757, 3554
0.7760, 3553
0.7763, 3552
0.7767, 3551
0.7770, 3550
0.7774, 3549
0.7777, 3548
0.7780, 3547
0.7783, 3546
0.7786, 3545
0.7790, 3544
0.7793, 3543
0.7796, 3542
0.7799, 3541
0.7802, 3540
0.7805, 3539
0.7808, 3538
0.7811, 3537
0.7814, 3536
0.7817, 3535
0.7821, 3534
0.7824, 3533
0.7827, 3532
0.7830, 3531
0.7833, 3530
0.7836, 3529
0.7839, 3528
0.7842, 3527
0.7845, 3526
0.7849, 3525
0.7852, 3524
0.7855, 3523
0.7858, 3522
0.7861, 3521
0.7864, 3520
0.7867, 3519
0.7870, 3518
0.7873, 3517
0.7877, 3516
0.7880, 3515
0.7883, 3514
0.7886, 3513
0.7889, 3512
0.7892, 3511
0.7895, 3510
0.7898, 3509
0.7901, 3508
0.7905, 3507
0.7908, 3506
0.7911, 3505
0.7914, 3504
0.7917, 3503
0.7920, 3502
0.7923, 3501
0.7926, 3500
0.7929, 3499
0.7932, 3498
0.7936, 3497
0.7939, 3496
0.7942, 3495
0.7945, 3494
0.7949, 3493
0.7952, 3492
0.7956, 3491
0.7959, 3490
0.7962, 3489
0.7965, 3488
0.7968, 3487
0.7971, 3486
0.7975, 3485
0.7978, 3484
0.7981, 3483
0.7984, 3482
0.7987, 3481
0.7990, 3480
0.7993, 3479
0.7996, 3478
0.7999, 3477
0.8003, 3476
0.8006, 3475
0.8009, 3474
0.8012, 3473
0.8015, 3472
0.8018, 3471
0.8021, 3470
0.8024, 3469
0.8027, 3468
0.8030, 3467
0.8033, 3466
0.8036, 3465
0.8039, 3464
0.8043, 3463
0.8046, 3462
0.8049, 3461
0.8052, 3460
0.8055, 3459
0.8058, 3458
0.8061, 3457
0.8064, 3456
0.8067, 3455
0.8070, 3454
0.8073, 3453
0.8076, 3452
0.8079, 3451
0.8082, 3450
0.8085, 3449
0.8089, 3448
0.8092, 3447
0.8095, 3446
0.8098, 3445
0.8101, 3444
0.8105, 3443
0.8108, 3442
0.8111, 3441
0.8114, 3440
0.8118, 3439
0.8121, 3438
0.8124, 3437
0.8127, 3436
0.8131, 3435
0.8134, 3434
0.8137, 3433
0.8139, 3432
0.8143, 3431
0.8146, 3430
0.8149, 3429
0.8152, 3428
0.8155, 3427
0.8159, 3426
0.8162, 3425
0.8165, 3424
0.8168, 3423
0.8171, 3422
0.8174, 3421
0.8177, 3420
0.8180, 3419
0.8184, 3418
0.8187, 3417
0.8190, 3416
0.8193, 3415
0.8197, 3414
0.8200, 3413
0.8203, 3412
0.8206, 3411
0.8209, 3410
0.8212, 3409
0.8215, 3408
0.8218, 3407
0.8221, 3406
0.8224, 3405
0.8227, 3404
0.8230, 3403
0.8233, 3402
0.8236, 3401
0.8239, 3400
0.8243, 3399
0.8246, 3398
0.8249, 3397
0.8252, 3396
0.8256, 3395
0.8259, 3394
0.8262, 3393
0.8265, 3392
0.8269, 3391
0.8272, 3390
0.8275, 3389
0.8278, 3388
0.8282, 3387
0.8285, 3386
0.8288, 3385
0.8291, 3384
0.8294, 3383
0.8297, 3382
0.8300, 3381
0.8304, 3380
0.8307, 3379
0.8310, 3378
0.8314, 3377
0.8317, 3376
0.8320, 3375
0.8323, 3374
0.8326, 3373
0.8329, 3372
0.8333, 3371
0.8336, 3370
0.8339, 3369
0.8342, 3368
0.8345, 3367
0.8348, 3366
0.8352, 3365
0.8355, 3364
0.8358, 3363
0.8361, 3362
0.8364, 3361
0.8368, 3360
0.8371, 3359
0.8374, 3358
0.8377, 3357
0.8381, 3356
0.8384, 3355
0.8387, 3354
0.8390, 3353
0.8394, 3352
0.8397, 3351
0.8400, 3350
0.8403, 3349
0.8406, 3348
0.8409, 3347
0.8412, 3346
0.8415, 3345
0.8419, 3344
0.8422, 3343
0.8425, 3342
0.8428, 3341
0.8431, 3340
0.8434, 3339
0.8437, 3338
0.8441, 3337
0.8444, 3336
0.8447, 3335
0.8450, 3334
0.8453, 3333
0.8456, 3332
0.8459, 3331
0.8462, 3330
0.8465, 3329
0.8468, 3328
0.8471, 3327
0.8474, 3326
0.8477, 3325
0.8480, 3324
0.8483, 3323
0.8486, 3322
0.8489, 3321
0.8492, 3320
0.8495, 3319
0.8498, 3318
0.8502, 3317
0.8505, 3316
0.8508, 3315
0.8511, 3314
0.8514, 3313
0.8517, 3312
0.8520, 3311
0.8523, 3310
0.8526, 3309
0.8530, 3308
0.8533, 3307
0.8536, 3306
0.8539, 3305
0.8542, 3304
0.8545, 3303
0.8548, 3302
0.8551, 3301
0.8555, 3300
0.8558, 3299
0.8561, 3298
0.8564, 3297
0.8567, 3296
0.8571, 3295
0.8575, 3294
0.8578, 3293
0.8581, 3292
0.8584, 3291
0.8587, 3290
0.8590, 3289
0.8593, 3288
0.8596, 3287
0.8599, 3286
0.8602, 3285
0.8606, 3284
0.8609, 3283
0.8613, 3282
0.8616, 3281
0.8619, 3280
0.8622, 3279
0.8625, 3278
0.8628, 3277
0.8631, 3276
0.8634, 3275
0.8638, 3274
0.8641, 3273
0.8644, 3272
0.8647, 3271
0.8650, 3270
0.8654, 3269
0.8657, 3268
0.8660, 3267
0.8663, 3266
0.8666, 3265
0.8669, 3264
0.8672, 3263
0.8675, 3262
0.8678, 3261
0.8682, 3260
0.8685, 3259
0.8688, 3258
0.8691, 3257
0.8694, 3256
0.8698, 3255
0.8701, 3254
0.8704, 3253
0.8707, 3252
0.8710, 3251
0.8714, 3250
0.8717, 3249
0.8720, 3248
0.8723, 3247
0.8726, 3246
0.8729, 3245
0.8732, 3244
0.8735, 3243
0.8738, 3242
0.8741, 3241
0.8745, 3240
0.8747, 3239
0.8750, 3238
0.8753, 3237
0.8756, 3236
0.8759, 3235
0.8762, 3234
0.8765, 3233
0.8769, 3232
0.8772, 3231
0.8775, 3230
0.8778, 3229
0.8781, 3228
0.8784, 3227
0.8788, 3226
0.8791, 3225
0.8794, 3224
0.8797, 3223
0.8799, 3222
0.8802, 3221
0.8805, 3220
0.8808, 3219
0.8811, 3218
0.8814, 3217
0.8817, 3216
0.8820, 3215
0.8823, 3214
0.8826, 3213
0.8829, 3212
0.8832, 3211
0.8835, 3210
0.8838, 3209
0.8842, 3208
0.8845, 3207
0.8848, 3206
0.8851, 3205
0.8855, 3204
0.8858, 3203
0.8861, 3202
0.8864, 3201
0.8867, 3200
0.8870, 3199
0.8873, 3198
0.8876, 3197
0.8879, 3196
0.8882, 3195
0.8885, 3194
0.8889, 3193
0.8892, 3192
0.8895, 3191
0.8902, 3190
0.8905, 3189
0.8909, 3188
0.8913, 3187
0.8919, 3186
0.8922, 3185
0.8926, 3184
0.8929, 3183
0.8931, 3182
0.8934, 3181
0.8937, 3180
0.8941, 3179
0.8944, 3178
0.8947, 3177
0.8950, 3176
0.8954, 3175
0.8958, 3174
0.8961, 3173
0.8973, 3172
0.8976, 3171
0.8979, 3170
0.8984, 3169
0.8987, 3168
0.8990, 3167
0.8993, 3166
0.8996, 3165
0.8999, 3164
0.9011, 3163
0.9014, 3162
0.9018, 3161
0.9024, 3160
0.9028, 3159
0.9031, 3158
0.9035, 3157
0.9038, 3156
0.9041, 3155
0.9044, 3154
0.9047, 3153
0.9051, 3152
0.9054, 3151
0.9057, 3150
0.9060, 3149
0.9063, 3148
0.9066, 3147
0.9070, 3146
0.9073, 3145
0.9077, 3144
0.9080, 3143
0.9083, 3142
0.9086, 3141
0.9090, 3140
0.9094, 3139
0.9097, 3138
0.9100, 3137
0.9103, 3136
0.9106, 3135
0.9110, 3134
0.9113, 3133
0.9116, 3132
0.9119, 3131
0.9123, 3130
0.9126, 3129
0.9129, 3128
0.9132, 3127
0.9135, 3126
0.9138, 3125
0.9142, 3124
0.9145, 3123
0.9148, 3122
0.9151, 3121
0.9154, 3120
0.9157, 3119
0.9160, 3118
0.9163, 3117
0.9166, 3116
0.9169, 3115
0.9172, 3114
0.9175, 3113
0.9178, 3112
0.9181, 3111
0.9184, 3110
0.9187, 3109
0.9190, 3108
0.9193, 3107
0.9196, 3106
0.9199, 3105
0.9202, 3104
0.9205, 3103
0.9208, 3102
0.9211, 3101
0.9214, 3100
0.9217, 3099
0.9220, 3098
0.9223, 3097
0.9226, 3096
0.9229, 3095
0.9233, 3094
0.9236, 3093
0.9239, 3092
0.9242, 3091
0.9244, 3090
0.9247, 3089
0.9251, 3088
0.9253, 3087
0.9256, 3086
0.9259, 3085
0.9262, 3084
0.9265, 3083
0.9268, 3082
0.9272, 3081
0.9275, 3080
0.9278, 3079
0.9281, 3078
0.9285, 3077
0.9288, 3076
0.9291, 3075
0.9294, 3074
0.9297, 3073
0.9300, 3072
0.9302, 3071
0.9306, 3070
0.9309, 3069
0.9312, 3068
0.9315, 3067
0.9318, 3066
0.9321, 3065
0.9324, 3064
0.9327, 3063
0.9329, 3062
0.9332, 3061
0.9335, 3060
0.9338, 3059
0.9341, 3058
0.9344, 3057
0.9347, 3056
0.9350, 3055
0.9353, 3054
0.9356, 3053
0.9359, 3052
0.9362, 3051
0.9366, 3050
0.9369, 3049
0.9372, 3048
0.9375, 3047
0.9378, 3046
0.9381, 3045
0.9384, 3044
0.9387, 3043
0.9390, 3042
0.9393, 3041
0.9396, 3040
0.9398, 3039
0.9401, 3038
0.9404, 3037
0.9407, 3036
0.9410, 3035
0.9413, 3034
0.9416, 3033
0.9419, 3032
0.9422, 3031
0.9425, 3030
0.9428, 3029
0.9431, 3028
0.9434, 3027
0.9437, 3026
0.9440, 3025
0.9443, 3024
0.9446, 3023
0.9449, 3022
0.9452, 3021
0.9455, 3020
0.9458, 3019
0.9460, 3018
0.9463, 3017
0.9466, 3016
0.9469, 3015
0.9472, 3014
0.9475, 3013
0.9478, 3012
0.9481, 3011
0.9484, 3010
0.9487, 3009
0.9490, 3008
0.9492, 3007
0.9495, 3006
0.9498, 3005
0.9501, 3004
0.9504, 3003
0.9507, 3002
0.9509, 3001
0.9512, 3000
0.9515, 2999
0.9518, 2998
0.9521, 2997
0.9523, 2996
0.9526, 2995
0.9529, 2994
0.9532, 2993
0.9534, 2992
0.9537, 2991
0.9540, 2990
0.9543, 2989
0.9545, 2988
0.9548, 2987
0.9551, 2986
0.9554, 2985
0.9557, 2984
0.9559, 2983
0.9562, 2982
0.9565, 2981
0.9568, 2980
0.9571, 2979
0.9574, 2978
0.9577, 2977
0.9579, 2976
0.9582, 2975
0.9585, 2974
0.9588, 2973
0.9591, 2972
0.9594, 2971
0.9597, 2970
0.9600, 2969
0.9603, 2968
0.9606, 2967
0.9609, 2966
0.9612, 2965
0.9615, 2964
0.9618, 2963
0.9620, 2962
0.9623, 2961
0.9626, 2960
0.9629, 2959
0.9632, 2958
0.9635, 2957
0.9638, 2956
0.9642, 2955
0.9645, 2954
0.9648, 2953
0.9651, 2952
0.9654, 2951
0.9657, 2950
0.9660, 2949
0.9663, 2948
0.9667, 2947
0.9669, 2946
0.9672, 2945
0.9675, 2944
0.9678, 2943
0.9681, 2942
0.9684, 2941
0.9687, 2940
0.9691, 2939
0.9694, 2938
0.9697, 2937
0.9700, 2936
0.9703, 2935
0.9706, 2934
0.9709, 2933
0.9712, 2932
0.9715, 2931
0.9718, 2930
0.9722, 2929
0.9725, 2928
0.9728, 2927
0.9731, 2926
0.9734, 2925
0.9738, 2924
0.9741, 2923
0.9743, 2922
0.9746, 2921
0.9749, 2920
0.9753, 2919
0.9756, 2918
0.9759, 2917
0.9763, 2916
0.9766, 2915
0.9769, 2914
0.9772, 2913
0.9775, 2912
0.9778, 2911
0.9782, 2910
0.9785, 2909
0.9788, 2908
0.9791, 2907
0.9794, 2906
0.9797, 2905
0.9800, 2904
0.9803, 2903
0.9806, 2902
0.9809, 2901
0.9811, 2900
0.9814, 2899
0.9817, 2898
0.9821, 2897
0.9823, 2896
0.9826, 2895
0.9829, 2894
0.9832, 2893
0.9835, 2892
0.9838, 2891
0.9841, 2890
0.9844, 2889
0.9847, 2888
0.9850, 2887
0.9853, 2886
0.9856, 2885
0.9859, 2884
0.9862, 2883
0.9864, 2882
0.9867, 2881
0.9870, 2880
0.9873, 2879
0.9876, 2878
0.9878, 2877
0.9881, 2876
0.9884, 2875
0.9886, 2874
0.9890, 2873
0.9892, 2872
0.9895, 2871
0.9898, 2870
0.9901, 2869
0.9903, 2868
0.9906, 2867
0.9909, 2866
0.9912, 2865
0.9915, 2864
0.9918, 2863
0.9920, 2862
0.9923, 2861
0.9926, 2860
0.9929, 2859
0.9931, 2858
0.9934, 2857
0.9937, 2856
0.9939, 2855
0.9942, 2854
0.9945, 2853
0.9947, 2852
0.9950, 2851
0.9953, 2850
0.9956, 2849
0.9958, 2848
0.9961, 2847
0.9964, 2846
0.9967, 2845
0.9970, 2844
0.9973, 2843
0.9975, 2842
0.9978, 2841
0.9981, 2840
0.9984, 2839
0.9987, 2838
0.9989, 2837
0.9992, 2836
0.9995, 2835
0.9998, 2834
1.0002, 2833
1.0004, 2832
1.0007, 2831
1.0010, 2830
1.0013, 2829
1.0016, 2828
1.0019, 2827
1.0021, 2826
1.0024, 2825
1.0027, 2824
1.0030, 2823
1.0032, 2822
1.0035, 2821
1.0038, 2820
1.0041, 2819
1.0044, 2818
1.0047, 2817
1.0050, 2816
1.0052, 2815
1.0055, 2814
1.0058, 2813
1.0061, 2812
1.0064, 2811
1.0066, 2810
1.0069, 2809
1.0072, 2808
1.0074, 2807
1.0077, 2806
1.0080, 2805
1.0083, 2804
1.0085, 2803
1.0088, 2802
1.0091, 2801
1.0094, 2800
1.0097, 2799
1.0099, 2798
1.0102, 2797
1.0105, 2796
1.0109, 2795
1.0111, 2794
1.0114, 2793
1.0117, 2792
1.0120, 2791
1.0122, 2790
1.0125, 2789
1.0128, 2788
1.0131, 2787
1.0134, 2786
1.0137, 2785
1.0140, 2784
1.0143, 2783
1.0145, 2782
1.0148, 2781
1.0151, 2780
1.0154, 2779
1.0156, 2778
1.0159, 2777
1.0162, 2776
1.0164, 2775
1.0167, 2774
1.0170, 2773
1.0173, 2772
1.0175, 2771
1.0178, 2770
1.0181, 2769
1.0183, 2768
1.0186, 2767
1.0188, 2766
1.0191, 2765
1.0194, 2764
1.0196, 2763
1.0199, 2762
1.0201, 2761
1.0204, 2760
1.0206, 2759
1.0209, 2758
1.0212, 2757
1.0214, 2756
1.0217, 2755
1.0220, 2754
1.0222, 2753
1.0225, 2752
1.0228, 2751
1.0231, 2750
1.0234, 2749
1.0236, 2748
1.0239, 2747
1.0242, 2746
1.0245, 2745
1.0248, 2744
1.0251, 2743
1.0253, 2742
1.0256, 2741
1.0259, 2740
1.0263, 2739
1.0266, 2738
1.0269, 2737
1.0272, 2736
1.0275, 2735
1.0278, 2734
1.0281, 2733
1.0284, 2732
1.0287, 2731
1.0290, 2730
1.0293, 2729
1.0296, 2728
1.0299, 2727
1.0302, 2726
1.0305, 2725
1.0308, 2724
1.0310, 2723
1.0313, 2722
1.0316, 2721
1.0319, 2720
1.0322, 2719
1.0324, 2718
1.0327, 2717
1.0330, 2716
1.0333, 2715
1.0336, 2714
1.0338, 2713
1.0341, 2712
1.0344, 2711
1.0347, 2710
1.0349, 2709
1.0352, 2708
1.0354, 2707
1.0357, 2706
1.0360, 2705
1.0363, 2704
1.0365, 2703
1.0368, 2702
1.0371, 2701
1.0373, 2700
1.0376, 2699
1.0379, 2698
1.0381, 2697
1.0384, 2696
1.0386, 2695
1.0389, 2694
1.0392, 2693
1.0394, 2692
1.0397, 2691
1.0400, 2690
1.0402, 2689
1.0405, 2688
1.0408, 2687
1.0411, 2686
1.0413, 2685
1.0416, 2684
1.0418, 2683
1.0421, 2682
1.0424, 2681
1.0426, 2680
1.0429, 2679
1.0432, 2678
1.0435, 2677
1.0437, 2676
1.0440, 2675
1.0442, 2674
1.0445, 2673
1.0449, 2672
1.0452, 2671
1.0455, 2670
1.0458, 2669
1.0461, 2668
1.0464, 2667
1.0467, 2666
1.0469, 2665
1.0472, 2664
1.0475, 2663
1.0477, 2662
1.0480, 2661
1.0483, 2660
1.0486, 2659
1.0489, 2658
1.0491, 2657
1.0494, 2656
1.0497, 2655
1.0499, 2654
1.0502, 2653
1.0505, 2652
1.0507, 2651
1.0510, 2650
1.0512, 2649
1.0515, 2648
1.0518, 2647
1.0520, 2646
1.0523, 2645
1.0525, 2644
1.0528, 2643
1.0531, 2642
1.0533, 2641
1.0536, 2640
1.0538, 2639
1.0541, 2638
1.0543, 2637
1.0546, 2636
1.0548, 2635
1.0551, 2634
1.0554, 2633
1.0556, 2632
1.0559, 2631
1.0562, 2630
1.0564, 2629
1.0567, 2628
1.0570, 2627
1.0572, 2626
1.0575, 2625
1.0578, 2624
1.0581, 2623
1.0584, 2622
1.0587, 2621
1.0590, 2620
1.0593, 2619
1.0595, 2618
1.0598, 2617
1.0600, 2616
1.0603, 2615
1.0606, 2614
1.0609, 2613
1.0611, 2612
1.0614, 2611
1.0617, 2610
1.0620, 2609
1.0622, 2608
1.0624, 2607
1.0627, 2606
1.0630, 2605
1.0633, 2604
1.0635, 2603
1.0638, 2602
1.0641, 2601
1.0643, 2600
1.0646, 2599
1.0648, 2598
1.0651, 2597
1.0654, 2596
1.0656, 2595
1.0659, 2594
1.0662, 2593
1.0664, 2592
1.0667, 2591
1.0669, 2590
1.0672, 2589
1.0675, 2588
1.0677, 2587
1.0680, 2586
1.0682, 2585
1.0685, 2584
1.0688, 2583
1.0690, 2582
1.0693, 2581
1.0695, 2580
1.0698, 2579
1.0700, 2578
1.0703, 2577
1.0705, 2576
1.0708, 2575
1.0711, 2574
1.0713, 2573
1.0716, 2572
1.0718, 2571
1.0721, 2570
1.0723, 2569
1.0726, 2568
1.0729, 2567
1.0731, 2566
1.0734, 2565
1.0736, 2564
1.0739, 2563
1.0742, 2562
1.0744, 2561
1.0874, 2560
1.0876, 2559
1.0982, 2558
1.0985, 2557
1.1090, 2556
1.1093, 2555
1.1136, 2554
1.1200, 2553
1.1350, 2552
1.1435, 2551
1.1791, 2550
1.1883, 2549
1.1886, 2548
1.2130, 2547
1.2177, 2546
1.2179, 2545
1.2182, 2544
1.2228, 2543
1.2380, 2542
1.2383, 2541
1.2385, 2540
1.2428, 2539
1.2533, 2538
1.2619, 2537
1.2686, 2536
1.2688, 2535
1.2711, 2534
1.2713, 2533
1.2716, 2532
1.2801, 2531
1.2804, 2530
1.2806, 2529
1.3015, 2528
1.3100, 2527
1.3189, 2526
1.3191, 2525
1.3331, 2524
1.3405, 2523
1.3473, 2522
1.3634, 2521
1.3746, 2520
1.3749, 2519
1.3772, 2518
1.3774, 2517
1.3865, 2516
1.3909, 2515
1.3911, 2514
1.3955, 2513
1.3958, 2512
1.4003, 2511
1.4067, 2510
1.4090, 2509
1.4114, 2508
1.4138, 2507
1.4205, 2506
1.4208, 2505
1.4272, 2504
1.4274, 2503
1.4277, 2502
1.4342, 2501
1.5125, 2500
1.5285, 2499
1.5287, 2498
1.5467, 2497
1.5731, 2496
1.5878, 2495
1.5880, 2494
1.6029, 2493
1.6218, 2492
1.6241, 2491
1.6483, 2490
1.6744, 2489
1.6829, 2488
1.6832, 2487
1.6855, 2486
1.6858, 2485
1.6901, 2484
1.7031, 2483
1.7033, 2482
1.7120, 2481
1.7164, 2480
1.7208, 2479
1.7210, 2478
1.7212, 2477
1.7214, 2476
1.7217, 2475
1.7303, 2474
1.7305, 2473
1.7307, 2472
1.7455, 2471
1.7457, 2470
1.7460, 2469
1.7649, 2468
1.7693, 2467
1.7800, 2466
1.7844, 2465
1.7888, 2464
1.7952, 2463
1.7998, 2462
1.8000, 2461
1.8002, 2460
1.8005, 2459
1.8195, 2458
1.8302, 2457
1.8367, 2456
1.8369, 2455
1.8371, 2454
1.8374, 2453
1.8541, 2452
1.8687, 2451
1.8794, 2450
1.8939, 2449
1.8942, 2448
1.9048, 2447
1.9050, 2446
1.9052, 2445
1.9096, 2444
1.9200, 2443
1.9203, 2442
1.9452, 2441
1.9475, 2440
1.9559, 2439
1.9583, 2438
1.9691, 2437
1.9798, 2436
2.0070, 2435
2.0114, 2434
2.0218, 2433
2.0263, 2432
2.0541, 2431
2.0740, 2430
2.0852, 2429
2.0855, 2428
2.1119, 2427
2.1165, 2426
2.1271, 2425
2.1337, 2424
2.1612, 2423
2.1680, 2422
2.1850, 2421
2.1914, 2420
2.1937, 2419
2.2272, 2418
2.2443, 2417
2.2614, 2416
2.2616, 2415
2.2618, 2414
2.2892, 2413
2.2978, 2412
2.2980, 2411
2.3066, 2410
2.3173, 2409
2.3513, 2408
2.3582, 2407
2.3739, 2406
2.3851, 2405
2.4046, 2404
2.4090, 2403
2.4197, 2402
2.4240, 2401
2.4242, 2400
2.4265, 2399
2.4267, 2398
2.4375, 2397
2.4378, 2396
2.4425, 2395
2.4427, 2394
2.4429, 2393
2.4516, 2392
2.4703, 2391
2.4768, 2390
2.4873, 2389
2.4875, 2388
2.4919, 2387
2.4921, 2386
2.4923, 2385
2.5049, 2384
2.5093, 2383
2.5096, 2382
2.5118, 2381
2.5121, 2380
2.5229, 2379
2.5418, 2378
2.5441, 2377
2.5485, 2376
2.5487, 2375
2.5550, 2374
2.5553, 2373
2.5678, 2372
2.5680, 2371
2.5682, 2370
2.5750, 2369
2.5752, 2368
2.5839, 2367
2.5887, 2366
2.5889, 2365
2.5936, 2364
2.5939, 2363
2.5941, 2362
2.6167, 2361
2.6169, 2360
2.6223, 2359
2.6270, 2358
2.6273, 2357
2.6275, 2356
2.6373, 2355
2.6375, 2354
2.6378, 2353
2.6380, 2352
2.6382, 2351
2.6384, 2350
2.6597, 2349
2.6599, 2348
2.6645, 2347
2.6647, 2346
2.6734, 2345
2.6736, 2344
2.6738, 2343
2.6740, 2342
2.6808, 2341
2.6810, 2340
2.6961, 2339
2.7025, 2338
2.7130, 2337
2.7175, 2336
2.7177, 2335
2.7344, 2334
2.7408, 2333
2.7574, 2332
2.7767, 2331
2.7769, 2330
2.7771, 2329
2.7982, 2328
2.7985, 2327
2.7987, 2326
2.8030, 2325
2.8198, 2324
2.8451, 2323
2.8453, 2322
2.8456, 2321
2.8520, 2320
2.8563, 2319
2.8565, 2318
2.8672, 2317
2.8674, 2316
2.9040, 2315
2.9042, 2314
3.0020, 2313
3.0043, 2312
3.0066, 2311
3.0110, 2310
3.0112, 2309
3.0134, 2308
3.0177, 2307
3.0179, 2306
3.0222, 2305
3.0369, 2304
3.0433, 2303
3.0436, 2302
3.0522, 2301
3.0524, 2300
3.0567, 2299
3.0569, 2298
3.0715, 2297
3.0717, 2296
3.0821, 2295
3.0823, 2294
3.0846, 2293
3.0934, 2292
3.0999, 2291
3.1002, 2290
3.1045, 2289
3.1088, 2288
3.1091, 2287
3.1113, 2286
3.1199, 2285
3.1242, 2284
3.1368, 2283
3.1451, 2282
3.1514, 2281
3.1516, 2280
3.1580, 2279
3.1643, 2278
3.1666, 2277
3.1668, 2276
3.1812, 2275
3.1895, 2274
3.2004, 2273
3.2274, 2272
3.2338, 2271
3.2402, 2270
3.2730, 2269
3.2819, 2268
3.2821, 2267
3.2824, 2266
3.2826, 2265
3.2828, 2264
3.2876, 2263
3.2878, 2262
3.2968, 2261
3.2993, 2260
3.2995, 2259
3.3099, 2258
3.3165, 2257
3.3271, 2256
3.3273, 2255
3.3342, 2254
3.3470, 2253
3.3472, 2252
3.3724, 2251
3.3726, 2250
3.3769, 2249
3.3812, 2248
3.3987, 2247
3.4202, 2246
3.4246, 2245
3.4290, 2244
3.4379, 2243
3.4445, 2242
3.4596, 2241
3.4598, 2240
3.4643, 2239
3.4731, 2238
3.4817, 2237
3.4860, 2236
3.4862, 2235
3.4994, 2234
3.5121, 2233
3.5287, 2232
3.5310, 2231
3.5476, 2230
3.5478, 2229
3.5684, 2228
3.5747, 2227
3.5749, 2226
3.6007, 2225
3.6516, 2224
3.7633, 2223
3.8020, 2222
3.8286, 2221
3.8391, 2220
3.8435, 2219
3.8599, 2218
3.9011, 2217
3.9791, 2216
4.0181, 2215
4.0431, 2214
