0.6534, 3931
0.6538, 3930
0.6541, 3929
0.6545, 3928
0.6548, 3927
0.6552, 3926
0.6555, 3925
0.6558, 3924
0.6562, 3923
0.6565, 3922
0.6568, 3921
0.6572, 3920
0.6575, 3919
0.6578, 3918
0.6581, 3917
0.6585, 3916
0.6588, 3915
0.6592, 3914
0.6595, 3913
0.6599, 3912
0.6602, 3911
0.6605, 3910
0.6608, 3909
0.6612, 3908
0.6615, 3907
0.6618, 3906
0.6621, 3905
0.6625, 3904
0.6628, 3903
0.6631, 3902
0.6635, 3901
0.6638, 3900
0.6641, 3899
0.6645, 3898
0.6648, 3897
0.6652, 3896
0.6655, 3895
0.6658, 3894
0.6662, 3893
0.6665, 3892
0.6668, 3891
0.6672, 3890
0.6675, 3889
0.6678, 3888
0.6682, 3887
0.6685, 3886
0.6688, 3885
0.6692, 3884
0.6695, 3883
0.6698, 3882
0.6702, 3881
0.6705, 3880
0.6708, 3879
0.6711, 3878
0.6715, 3877
0.6718, 3876
0.6721, 3875
0.6725, 3874
0.6728, 3873
0.6732, 3872
0.6735, 3871
0.6738, 3870
0.6741, 3869
0.6745, 3868
0.6748, 3867
0.6752, 3866
0.6755, 3865
0.6758, 3864
0.6761, 3863
0.6765, 3862
0.6768, 3861
0.6771, 3860
0.6774, 3859
0.6778, 3858
0.6781, 3857
0.6784, 3856
0.6787, 3855
0.6791, 3854
0.6794, 3853
0.6797, 3852
0.6801, 3851
0.6804, 3850
0.6807, 3849
0.6811, 3848
0.6814, 3847
0.6817, 3846
0.6821, 3845
0.6824, 3844
0.6827, 3843
0.6830, 3842
0.6834, 3841
0.6837, 3840
0.6840, 3839
0.6844, 3838
0.6847, 3837
0.6851, 3836
0.6854, 3835
0.6857, 3834
0.6861, 3833
0.6864, 3832
0.6867, 3831
0.6871, 3830
0.6874, 3829
0.6877, 3828
0.6880, 3827
0.6884, 3826
0.6887, 3825
0.6890, 3824
0.6893, 3823
0.6897, 3822
0.6900, 3821
0.6903, 3820
0.6907, 3819
0.6910, 3818
0.6913, 3817
0.6916, 3816
0.6920, 3815
0.6923, 3814
0.6926, 3813
0.6929, 3812
0.6933, 3811
0.6936, 3810
0.6939, 3809
0.6943, 3808
0.6946, 3807
0.6949, 3806
0.6953, 3805
0.6956, 3804
0.6960, 3803
0.6963, 3802
0.6966, 3801
0.6970, 3800
0.6973, 3799
0.6976, 3798
0.6979, 3797
0.6983, 3796
0.6986, 3795
0.6989, 3794
0.6993, 3793
0.6996, 3792
0.6999, 3791
0.7002, 3790
0.7006, 3789
0.7009, 3788
0.7012, 3787
0.7016, 3786
0.7019, 3785
0.7022, 3784
0.7026, 3783
0.7029, 3782
0.7032, 3781
0.7036, 3780
0.7039, 3779
0.7042, 3778
0.7045, 3777
0.7049, 3776
0.7052, 3775
0.7055, 3774
0.7058, 3773
0.7062, 3772
0.7065, 3771
0.7068, 3770
0.7072, 3769
0.7075, 3768
0.7078, 3767
0.7081, 3766
0.7085, 3765
0.7088, 3764
0.7091, 3763
0.7095, 3762
0.7098, 3761
0.7101, 3760
0.7104, 3759
0.7108, 3758
0.7111, 3757
0.7115, 3756
0.7118, 3755
0.7121, 3754
0.7125, 3753
0.7128, 3752
0.7131, 3751
0.7134, 3750
0.7138, 3749
0.7141, 3748
0.7144, 3747
0.7147, 3746
0.7151, 3745
0.7154, 3744
0.7157, 3743
0.7160, 3742
0.7163, 3741
0.7167, 3740
0.7170, 3739
0.7173, 3738
0.7176, 3737
0.7180, 3736
0.7183, 3735
0.7186, 3734
0.7189, 3733
0.7192, 3732
0.7195, 3731
0.7199, 3730
0.7202, 3729
0.7206, 3728
0.7209, 3727
0.7212, 3726
0.7215, 3725
0.7218, 3724
0.7222, 3723
0.7225, 3722
0.7228, 3721
0.7231, 3720
0.7235, 3719
0.7238, 3718
0.7241, 3717
0.7244, 3716
0.7248, 3715
0.7251, 3714
0.7254, 3713
0.7258, 3712
0.7261, 3711
0.7264, 3710
0.7267, 3709
0.7271, 3708
0.7274, 3707
0.7278, 3706
0.7281, 3705
0.7284, 3704
0.7287, 3703
0.7291, 3702
0.7294, 3701
0.7297, 3700
0.7300, 3699
0.7304, 3698
0.7307, 3697
0.7310, 3696
0.7313, 3695
0.7317, 3694
0.7320, 3693
0.7323, 3692
0.7326, 3691
0.7330, 3690
0.7333, 3689
0.7336, 3688
0.7339, 3687
0.7342, 3686
0.7346, 3685
0.7349, 3684
0.7352, 3683
0.7355, 3682
0.7358, 3681
0.7362, 3680
0.7365, 3679
0.7368, 3678
0.7372, 3677
0.7375, 3676
0.7378, 3675
0.7381, 3674
0.7385, 3673
0.7388, 3672
0.7391, 3671
0.7394, 3670
0.7397, 3669
0.7401, 3668
0.7404, 3667
0.7407, 3666
0.7410, 3665
0.7414, 3664
0.7417, 3663
0.7420, 3662
0.7424, 3661
0.7427, 3660
0.7430, 3659
0.7433, 3658
0.7437, 3657
0.7440, 3656
0.7443, 3655
0.7446, 3654
0.7449, 3653
0.7453, 3652
0.7456, 3651
0.7459, 3650
0.7463, 3649
0.7466, 3648
0.7469, 3647
0.7472, 3646
0.7475, 3645
0.7478, 3644
0.7482, 3643
0.7485, 3642
0.7488, 3641
0.7491, 3640
0.7494, 3639
0.7498, 3638
0.7501, 3637
0.7504, 3636
0.7507, 3635
0.7510, 3634
0.7514, 3633
0.7517, 3632
0.7520, 3631
0.7523, 3630
0.7526, 3629
0.7530, 3628
0.7533, 3627
0.7536, 3626
0.7539, 3625
0.7543, 3624
0.7546, 3623
0.7550, 3622
0.7553, 3621
0.7556, 3620
0.7559, 3619
0.7562, 3618
0.7566, 3617
0.7569, 3616
0.7572, 3615
0.7575, 3614
0.7579, 3613
0.7582, 3612
0.7585, 3611
0.7588, 3610
0.7592, 3609
0.7595, 3608
0.7598, 3607
0.7601, 3606
0.7604, 3605
0.7608, 3604
0.7611, 3603
0.7614, 3602
0.7617, 3601
0.7620, 3600
0.7623, 3599
0.7626, 3598
0.7630, 3597
0.7633, 3596
0.7636, 3595
0.7639, 3594
0.7642, 3593
0.7646, 3592
0.7649, 3591
0.7652, 3590
0.7656, 3589
0.7659, 3588
0.7662, 3587
0.7665, 3586
0.7668, 3585
0.7671, 3584
0.7675, 3583
0.7678, 3582
0.7681, 3581
0.7684, 3580
0.7687, 3579
0.7691, 3578
0.7694, 3577
0.7697, 3576
0.7701, 3575
0.7704, 3574
0.7707, 3573
0.7710, 3572
0.7713, 3571
0.7716, 3570
0.7720, 3569
0.7723, 3568
0.7726, 3567
0.7729, 3566
0.7732, 3565
0.7736, 3564
0.7739, 3563
0.7742, 3562
0.7745, 3561
0.7748, 3560
0.7752, 3559
0.7755, 3558
0.7758, 3557
0.7762, 3556
0.7765, 3555
0.7768, 3554
0.7772, 3553
0.7775, 3552
0.7778, 3551
0.7781, 3550
0.7784, 3549
0.7787, 3548
0.7790, 3547
0.7793, 3546
0.7796, 3545
0.7800, 3544
0.7803, 3543
0.7806, 3542
0.7809, 3541
0.7812, 3540
0.7815, 3539
0.7818, 3538
0.7822, 3537
0.7825, 3536
0.7828, 3535
0.7831, 3534
0.7834, 3533
0.7837, 3532
0.7840, 3531
0.7843, 3530
0.7847, 3529
0.7850, 3528
0.7853, 3527
0.7856, 3526
0.7859, 3525
0.7862, 3524
0.7865, 3523
0.7868, 3522
0.7871, 3521
0.7874, 3520
0.7877, 3519
0.7881, 3518
0.7884, 3517
0.7887, 3516
0.7890, 3515
0.7893, 3514
0.7896, 3513
0.7899, 3512
0.7902, 3511
0.7906, 3510
0.7909, 3509
0.7912, 3508
0.7915, 3507
0.7918, 3506
0.7921, 3505
0.7924, 3504
0.7927, 3503
0.7930, 3502
0.7933, 3501
0.7936, 3500
0.7939, 3499
0.7943, 3498
0.7946, 3497
0.7949, 3496
0.7952, 3495
0.7955, 3494
0.7958, 3493
0.7961, 3492
0.7964, 3491
0.7967, 3490
0.7971, 3489
0.7974, 3488
0.7977, 3487
0.7980, 3486
0.7983, 3485
0.7986, 3484
0.7989, 3483
0.7992, 3482
0.7996, 3481
0.7999, 3480
0.8002, 3479
0.8005, 3478
0.8008, 3477
0.8011, 3476
0.8014, 3475
0.8017, 3474
0.8021, 3473
0.8024, 3472
0.8027, 3471
0.8030, 3470
0.8033, 3469
0.8036, 3468
0.8039, 3467
0.8042, 3466
0.8045, 3465
0.8049, 3464
0.8052, 3463
0.8055, 3462
0.8058, 3461
0.8061, 3460
0.8064, 3459
0.8067, 3458
0.8070, 3457
0.8074, 3456
0.8077, 3455
0.8080, 3454
0.8083, 3453
0.8086, 3452
0.8089, 3451
0.8092, 3450
0.8095, 3449
0.8099, 3448
0.8102, 3447
0.8105, 3446
0.8108, 3445
0.8111, 3444
0.8114, 3443
0.8117, 3442
0.8120, 3441
0.8123, 3440
0.8126, 3439
0.8129, 3438
0.8132, 3437
0.8135, 3436
0.8138, 3435
0.8141, 3434
0.8144, 3433
0.8147, 3432
0.8150, 3431
0.8153, 3430
0.8157, 3429
0.8159, 3428
0.8162, 3427
0.8165, 3426
0.8169, 3425
0.8171, 3424
0.8174, 3423
0.8177, 3422
0.8181, 3421
0.8183, 3420
0.8186, 3419
0.8189, 3418
0.8192, 3417
0.8195, 3416
0.8198, 3415
0.8201, 3414
0.8204, 3413
0.8207, 3412
0.8210, 3411
0.8213, 3410
0.8216, 3409
0.8219, 3408
0.8222, 3407
0.8225, 3406
0.8228, 3405
0.8231, 3404
0.8235, 3403
0.8238, 3402
0.8241, 3401
0.8245, 3400
0.8248, 3399
0.8251, 3398
0.8254, 3397
0.8257, 3396
0.8260, 3395
0.8263, 3394
0.8267, 3393
0.8270, 3392
0.8273, 3391
0.8276, 3390
0.8279, 3389
0.8283, 3388
0.8286, 3387
0.8289, 3386
0.8292, 3385
0.8295, 3384
0.8299, 3383
0.8302, 3382
0.8305, 3381
0.8308, 3380
0.8311, 3379
0.8314, 3378
0.8317, 3377
0.8320, 3376
0.8323, 3375
0.8326, 3374
0.8329, 3373
0.8332, 3372
0.8335, 3371
0.8338, 3370
0.8341, 3369
0.8344, 3368
0.8347, 3367
0.8350, 3366
0.8353, 3365
0.8357, 3364
0.8360, 3363
0.8363, 3362
0.8366, 3361
0.8369, 3360
0.8372, 3359
0.8375, 3358
0.8378, 3357
0.8381, 3356
0.8384, 3355
0.8387, 3354
0.8390, 3353
0.8393, 3352
0.8396, 3351
0.8399, 3350
0.8402, 3349
0.8405, 3348
0.8408, 3347
0.8411, 3346
0.8414, 3345
0.8417, 3344
0.8420, 3343
0.8423, 3342
0.8426, 3341
0.8430, 3340
0.8433, 3339
0.8436, 3338
0.8439, 3337
0.8442, 3336
0.8445, 3335
0.8448, 3334
0.8451, 3333
0.8454, 3332
0.8457, 3331
0.8460, 3330
0.8463, 3329
0.8465, 3328
0.8468, 3327
0.8472, 3326
0.8475, 3325
0.8479, 3324
0.8482, 3323
0.8485, 3322
0.8488, 3321
0.8491, 3320
0.8494, 3319
0.8497, 3318
0.8500, 3317
0.8503, 3316
0.8506, 3315
0.8510, 3314
0.8513, 3313
0.8516, 3312
0.8519, 3311
0.8522, 3310
0.8525, 3309
0.8529, 3308
0.8532, 3307
0.8535, 3306
0.8538, 3305
0.8541, 3304
0.8544, 3303
0.8548, 3302
0.8551, 3301
0.8555, 3300
0.8558, 3299
0.8561, 3298
0.8564, 3297
0.8568, 3296
0.8571, 3295
0.8574, 3294
0.8577, 3293
0.8580, 3292
0.8584, 3291
0.8587, 3290
0.8590, 3289
0.8593, 3288
0.8597, 3287
0.8600, 3286
0.8603, 3285
0.8606, 3284
0.8609, 3283
0.8612, 3282
0.8616, 3281
0.8619, 3280
0.8622, 3279
0.8625, 3278
0.8629, 3277
0.8632, 3276
0.8635, 3275
0.8638, 3274
0.8641, 3273
0.8644, 3272
0.8647, 3271
0.8650, 3270
0.8653, 3269
0.8657, 3268
0.8660, 3267
0.8663, 3266
0.8666, 3265
0.8669, 3264
0.8672, 3263
0.8675, 3262
0.8678, 3261
0.8682, 3260
0.8685, 3259
0.8688, 3258
0.8691, 3257
0.8694, 3256
0.8697, 3255
0.8700, 3254
0.8703, 3253
0.8707, 3252
0.8710, 3251
0.8713, 3250
0.8716, 3249
0.8719, 3248
0.8722, 3247
0.8725, 3246
0.8728, 3245
0.8731, 3244
0.8735, 3243
0.8737, 3242
0.8741, 3241
0.8744, 3240
0.8747, 3239
0.8751, 3238
0.8754, 3237
0.8757, 3236
0.8760, 3235
0.8763, 3234
0.8767, 3233
0.8770, 3232
0.8773, 3231
0.8776, 3230
0.8779, 3229
0.8781, 3228
0.8785, 3227
0.8788, 3226
0.8791, 3225
0.8793, 3224
0.8796, 3223
0.8799, 3222
0.8802, 3221
0.8805, 3220
0.8808, 3219
0.8811, 3218
0.8814, 3217
0.8818, 3216
0.8821, 3215
0.8824, 3214
0.8828, 3213
0.8831, 3212
0.8834, 3211
0.8837, 3210
0.8840, 3209
0.8843, 3208
0.8846, 3207
0.8850, 3206
0.8852, 3205
0.8855, 3204
0.8858, 3203
0.8861, 3202
0.8864, 3201
0.8868, 3200
0.8870, 3199
0.8874, 3198
0.8877, 3197
0.8880, 3196
0.8883, 3195
0.8886, 3194
0.8889, 3193
0.8892, 3192
0.8895, 3191
0.8898, 3190
0.8901, 3189
0.8904, 3188
0.8907, 3187
0.8911, 3186
0.8914, 3185
0.8917, 3184
0.8920, 3183
0.8924, 3182
0.8927, 3181
0.8930, 3180
0.8933, 3179
0.8936, 3178
0.8940, 3177
0.8943, 3176
0.8946, 3175
0.8949, 3174
0.8952, 3173
0.8955, 3172
0.8958, 3171
0.8961, 3170
0.8964, 3169
0.8967, 3168
0.8970, 3167
0.8973, 3166
0.8976, 3165
0.8979, 3164
0.8982, 3163
0.8985, 3162
0.8988, 3161
0.8991, 3160
0.8994, 3159
0.8997, 3158
0.9000, 3157
0.9002, 3156
0.9005, 3155
0.9008, 3154
0.9012, 3153
0.9015, 3152
0.9018, 3151
0.9022, 3150
0.9025, 3149
0.9028, 3148
0.9033, 3147
0.9037, 3146
0.9040, 3145
0.9043, 3144
0.9046, 3143
0.9049, 3142
0.9053, 3141
0.9056, 3140
0.9060, 3139
0.9063, 3138
0.9067, 3137
0.9070, 3136
0.9074, 3135
0.9077, 3134
0.9080, 3133
0.9083, 3132
0.9086, 3131
0.9089, 3130
0.9092, 3129
0.9096, 3128
0.9099, 3127
0.9102, 3126
0.9105, 3125
0.9108, 3124
0.9111, 3123
0.9114, 3122
0.9117, 3121
0.9121, 3120
0.9124, 3119
0.9127, 3118
0.9130, 3117
0.9133, 3116
0.9136, 3115
0.9140, 3114
0.9144, 3113
0.9147, 3112
0.9150, 3111
0.9155, 3110
0.9162, 3109
0.9166, 3108
0.9172, 3107
0.9175, 3106
0.9178, 3105
0.9181, 3104
0.9184, 3103
0.9187, 3102
0.9190, 3101
0.9194, 3100
0.9197, 3099
0.9200, 3098
0.9203, 3097
0.9206, 3096
0.9209, 3095
0.9211, 3094
0.9214, 3093
0.9217, 3092
0.9220, 3091
0.9223, 3090
0.9226, 3089
0.9229, 3088
0.9232, 3087
0.9234, 3086
0.9237, 3085
0.9240, 3084
0.9244, 3083
0.9247, 3082
0.9250, 3081
0.9254, 3080
0.9257, 3079
0.9259, 3078
0.9262, 3077
0.9265, 3076
0.9268, 3075
0.9272, 3074
0.9275, 3073
0.9278, 3072
0.9281, 3071
0.9284, 3070
0.9287, 3069
0.9290, 3068
0.9293, 3067
0.9296, 3066
0.9299, 3065
0.9302, 3064
0.9305, 3063
0.9308, 3062
0.9311, 3061
0.9314, 3060
0.9317, 3059
0.9320, 3058
0.9323, 3057
0.9326, 3056
0.9329, 3055
0.9332, 3054
0.9335, 3053
0.9339, 3052
0.9342, 3051
0.9344, 3050
0.9347, 3049
0.9351, 3048
0.9353, 3047
0.9357, 3046
0.9360, 3045
0.9362, 3044
0.9365, 3043
0.9368, 3042
0.9371, 3041
0.9374, 3040
0.9377, 3039
0.9380, 3038
0.9384, 3037
0.9387, 3036
0.9390, 3035
0.9392, 3034
0.9395, 3033
0.9399, 3032
0.9401, 3031
0.9404, 3030
0.9407, 3029
0.9410, 3028
0.9414, 3027
0.9417, 3026
0.9419, 3025
0.9422, 3024
0.9425, 3023
0.9428, 3022
0.9430, 3021
0.9434, 3020
0.9437, 3019
0.9441, 3018
0.9443, 3017
0.9447, 3016
0.9450, 3015
0.9453, 3014
0.9456, 3013
0.9459, 3012
0.9462, 3011
0.9465, 3010
0.9468, 3009
0.9471, 3008
0.9474, 3007
0.9477, 3006
0.9481, 3005
0.9484, 3004
0.9487, 3003
0.9490, 3002
0.9493, 3001
0.9496, 3000
0.9499, 2999
0.9502, 2998
0.9505, 2997
0.9508, 2996
0.9510, 2995
0.9513, 2994
0.9516, 2993
0.9519, 2992
0.9522, 2991
0.9525, 2990
0.9528, 2989
0.9531, 2988
0.9534, 2987
0.9537, 2986
0.9539, 2985
0.9542, 2984
0.9545, 2983
0.9547, 2982
0.9550, 2981
0.9553, 2980
0.9556, 2979
0.9559, 2978
0.9562, 2977
0.9565, 2976
0.9568, 2975
0.9571, 2974
0.9574, 2973
0.9576, 2972
0.9579, 2971
0.9582, 2970
0.9584, 2969
0.9587, 2968
0.9590, 2967
0.9593, 2966
0.9596, 2965
0.9599, 2964
0.9602, 2963
0.9605, 2962
0.9608, 2961
0.9612, 2960
0.9615, 2959
0.9618, 2958
0.9621, 2957
0.9624, 2956
0.9627, 2955
0.9630, 2954
0.9633, 2953
0.9635, 2952
0.9638, 2951
0.9641, 2950
0.9643, 2949
0.9646, 2948
0.9650, 2947
0.9653, 2946
0.9656, 2945
0.9659, 2944
0.9662, 2943
0.9665, 2942
0.9668, 2941
0.9670, 2940
0.9673, 2939
0.9676, 2938
0.9679, 2937
0.9682, 2936
0.9685, 2935
0.9688, 2934
0.9691, 2933
0.9694, 2932
0.9697, 2931
0.9700, 2930
0.9703, 2929
0.9706, 2928
0.9709, 2927
0.9711, 2926
0.9715, 2925
0.9718, 2924
0.9721, 2923
0.9724, 2922
0.9727, 2921
0.9731, 2920
0.9734, 2919
0.9737, 2918
0.9740, 2917
0.9743, 2916
0.9746, 2915
0.9749, 2914
0.9752, 2913
0.9755, 2912
0.9758, 2911
0.9761, 2910
0.9764, 2909
0.9767, 2908
0.9770, 2907
0.9772, 2906
0.9775, 2905
0.9778, 2904
0.9781, 2903
0.9784, 2902
0.9786, 2901
0.9790, 2900
0.9792, 2899
0.9795, 2898
0.9798, 2897
0.9801, 2896
0.9804, 2895
0.9807, 2894
0.9815, 2893
0.9818, 2892
0.9822, 2891
0.9825, 2890
0.9828, 2889
0.9831, 2888
0.9835, 2887
0.9838, 2886
0.9841, 2885
0.9844, 2884
0.9847, 2883
0.9850, 2882
0.9853, 2881
0.9856, 2880
0.9859, 2879
0.9862, 2878
0.9865, 2877
0.9868, 2876
0.9871, 2875
0.9874, 2874
0.9877, 2873
0.9880, 2872
0.9883, 2871
0.9885, 2870
0.9888, 2869
0.9891, 2868
0.9893, 2867
0.9897, 2866
0.9900, 2865
0.9902, 2864
0.9905, 2863
0.9908, 2862
0.9910, 2861
0.9913, 2860
0.9916, 2859
0.9919, 2858
0.9921, 2857
0.9924, 2856
0.9927, 2855
0.9930, 2854
0.9932, 2853
0.9935, 2852
0.9938, 2851
0.9941, 2850
0.9944, 2849
0.9947, 2848
0.9949, 2847
0.9952, 2846
0.9955, 2845
0.9957, 2844
0.9960, 2843
0.9963, 2842
0.9966, 2841
0.9969, 2840
0.9971, 2839
0.9974, 2838
0.9977, 2837
0.9979, 2836
0.9982, 2835
0.9985, 2834
0.9987, 2833
0.9990, 2832
0.9993, 2831
0.9996, 2830
0.9998, 2829
1.0001, 2828
1.0004, 2827
1.0007, 2826
1.0010, 2825
1.0013, 2824
1.0016, 2823
1.0018, 2822
1.0021, 2821
1.0023, 2820
1.0026, 2819
1.0029, 2818
1.0032, 2817
1.0034, 2816
1.0037, 2815
1.0040, 2814
1.0043, 2813
1.0045, 2812
1.0048, 2811
1.0050, 2810
1.0053, 2809
1.0056, 2808
1.0059, 2807
1.0062, 2806
1.0064, 2805
1.0067, 2804
1.0070, 2803
1.0073, 2802
1.0076, 2801
1.0079, 2800
1.0082, 2799
1.0084, 2798
1.0087, 2797
1.0090, 2796
1.0093, 2795
1.0096, 2794
1.0099, 2793
1.0101, 2792
1.0104, 2791
1.0107, 2790
1.0110, 2789
1.0112, 2788
1.0115, 2787
1.0118, 2786
1.0120, 2785
1.0123, 2784
1.0126, 2783
1.0129, 2782
1.0131, 2781
1.0134, 2780
1.0137, 2779
1.0139, 2778
1.0142, 2777
1.0145, 2776
1.0147, 2775
1.0150, 2774
1.0153, 2773
1.0156, 2772
1.0158, 2771
1.0161, 2770
1.0164, 2769
1.0166, 2768
1.0169, 2767
1.0171, 2766
1.0174, 2765
1.0177, 2764
1.0180, 2763
1.0182, 2762
1.0185, 2761
1.0188, 2760
1.0190, 2759
1.0193, 2758
1.0196, 2757
1.0199, 2756
1.0202, 2755
1.0205, 2754
1.0207, 2753
1.0210, 2752
1.0213, 2751
1.0216, 2750
1.0218, 2749
1.0221, 2748
1.0224, 2747
1.0227, 2746
1.0231, 2745
1.0233, 2744
1.0236, 2743
1.0239, 2742
1.0242, 2741
1.0245, 2740
1.0248, 2739
1.0251, 2738
1.0254, 2737
1.0256, 2736
1.0259, 2735
1.0261, 2734
1.0265, 2733
1.0267, 2732
1.0270, 2731
1.0273, 2730
1.0275, 2729
1.0278, 2728
1.0281, 2727
1.0283, 2726
1.0286, 2725
1.0288, 2724
1.0291, 2723
1.0294, 2722
1.0297, 2721
1.0299, 2720
1.0302, 2719
1.0305, 2718
1.0308, 2717
1.0310, 2716
1.0313, 2715
1.0315, 2714
1.0318, 2713
1.0321, 2712
1.0323, 2711
1.0326, 2710
1.0329, 2709
1.0331, 2708
1.0334, 2707
1.0336, 2706
1.0339, 2705
1.0342, 2704
1.0344, 2703
1.0347, 2702
1.0350, 2701
1.0352, 2700
1.0355, 2699
1.0358, 2698
1.0360, 2697
1.0363, 2696
1.0366, 2695
1.0368, 2694
1.0371, 2693
1.0374, 2692
1.0377, 2691
1.0379, 2690
1.0382, 2689
1.0384, 2688
1.0388, 2687
1.0390, 2686
1.0393, 2685
1.0396, 2684
1.0398, 2683
1.0401, 2682
1.0403, 2681
1.0406, 2680
1.0409, 2679
1.0412, 2678
1.0415, 2677
1.0418, 2676
1.0420, 2675
1.0423, 2674
1.0425, 2673
1.0428, 2672
1.0430, 2671
1.0433, 2670
1.0436, 2669
1.0438, 2668
1.0441, 2667
1.0444, 2666
1.0447, 2665
1.0449, 2664
1.0452, 2663
1.0454, 2662
1.0457, 2661
1.0459, 2660
1.0462, 2659
1.0464, 2658
1.0467, 2657
1.0469, 2656
1.0472, 2655
1.0474, 2654
1.0477, 2653
1.0479, 2652
1.0482, 2651
1.0484, 2650
1.0487, 2649
1.0489, 2648
1.0492, 2647
1.0494, 2646
1.0497, 2645
1.0499, 2644
1.0502, 2643
1.0504, 2642
1.0507, 2641
1.0509, 2640
1.0512, 2639
1.0514, 2638
1.0517, 2637
1.0519, 2636
1.0522, 2635
1.0524, 2634
1.0527, 2633
1.0530, 2632
1.0533, 2631
1.0535, 2630
1.0538, 2629
1.0540, 2628
1.0543, 2627
1.0545, 2626
1.0548, 2625
1.0550, 2624
1.0553, 2623
1.0556, 2622
1.0558, 2621
1.0561, 2620
1.0564, 2619
1.0567, 2618
1.0569, 2617
1.0572, 2616
1.0574, 2615
1.0577, 2614
1.0579, 2613
1.0582, 2612
1.0584, 2611
1.0587, 2610
1.0589, 2609
1.0592, 2608
1.0595, 2607
1.0598, 2606
1.0600, 2605
1.0603, 2604
1.0605, 2603
1.0608, 2602
1.0610, 2601
1.0613, 2600
1.0616, 2599
1.0619, 2598
1.0622, 2597
1.0624, 2596
1.0627, 2595
1.0630, 2594
1.0632, 2593
1.0635, 2592
1.0637, 2591
1.0640, 2590
1.0642, 2589
1.0645, 2588
1.0648, 2587
1.0650, 2586
1.0653, 2585
1.0656, 2584
1.0659, 2583
1.0661, 2582
1.0664, 2581
1.0666, 2580
1.0669, 2579
1.0672, 2578
1.0674, 2577
1.0677, 2576
1.0680, 2575
1.0683, 2574
1.0686, 2573
1.0689, 2572
1.0691, 2571
1.0757, 2570
1.0800, 2569
1.0885, 2568
1.0972, 2567
1.0975, 2566
1.1059, 2565
1.1061, 2564
1.1251, 2563
1.1397, 2562
1.1441, 2561
1.1736, 2560
1.1739, 2559
1.1785, 2558
1.1896, 2557
1.1983, 2556
1.1985, 2555
1.2049, 2554
1.2134, 2553
1.2136, 2552
1.2138, 2551
1.2181, 2550
1.2369, 2549
1.2412, 2548
1.2434, 2547
1.2437, 2546
1.2439, 2545
1.2523, 2544
1.2525, 2543
1.2528, 2542
1.2758, 2541
1.2802, 2540
1.2865, 2539
1.2952, 2538
1.2954, 2537
1.3038, 2536
1.3205, 2535
1.3208, 2534
1.3442, 2533
1.3589, 2532
1.3591, 2531
1.3614, 2530
1.3617, 2529
1.3702, 2528
1.3704, 2527
1.3748, 2526
1.3750, 2525
1.3753, 2524
1.3795, 2523
1.3858, 2522
1.3903, 2521
1.3927, 2520
1.3951, 2519
1.4017, 2518
1.4019, 2517
1.4063, 2516
1.4148, 2515
1.4151, 2514
1.4153, 2513
1.4155, 2512
1.4240, 2511
1.4324, 2510
1.4899, 2509
1.5024, 2508
1.5027, 2507
1.5233, 2506
1.5422, 2505
1.5609, 2504
1.5611, 2503
1.5735, 2502
1.5860, 2501
1.5947, 2500
1.6176, 2499
1.6323, 2498
1.6408, 2497
1.6410, 2496
1.6434, 2495
1.6520, 2494
1.6584, 2493
1.6648, 2492
1.6733, 2491
1.6776, 2490
1.6840, 2489
1.6883, 2488
1.6885, 2487
1.6888, 2486
1.6890, 2485
1.6892, 2484
1.6978, 2483
1.6981, 2482
1.6983, 2481
1.7128, 2480
1.7130, 2479
1.7154, 2478
1.7362, 2477
1.7365, 2476
1.7531, 2475
1.7534, 2474
1.7577, 2473
1.7642, 2472
1.7686, 2471
1.7688, 2470
1.7690, 2469
1.7693, 2468
1.7879, 2467
1.8025, 2466
1.8027, 2465
1.8030, 2464
1.8053, 2463
1.8055, 2462
1.8200, 2461
1.8348, 2460
1.8413, 2459
1.8601, 2458
1.8603, 2457
1.8709, 2456
1.8711, 2455
1.8734, 2454
1.8842, 2453
1.8844, 2452
1.8847, 2451
1.9056, 2450
1.9161, 2449
1.9265, 2448
1.9268, 2447
1.9331, 2446
1.9540, 2445
1.9727, 2444
1.9791, 2443
1.9895, 2442
2.0042, 2441
2.0208, 2440
2.0395, 2439
2.0479, 2438
2.0522, 2437
2.0709, 2436
2.0793, 2435
2.0877, 2434
2.1064, 2433
2.1209, 2432
2.1274, 2431
2.1440, 2430
2.1544, 2429
2.1547, 2428
2.1958, 2427
2.1963, 2426
2.2357, 2425
2.2553, 2424
2.2556, 2423
2.2559, 2422
2.2907, 2421
2.2910, 2420
2.2993, 2419
2.3185, 2418
2.3315, 2417
2.3423, 2416
2.3601, 2415
2.3692, 2414
2.3838, 2413
2.3907, 2412
2.3977, 2411
2.4130, 2410
2.4132, 2409
2.4135, 2408
2.4158, 2407
2.4160, 2406
2.4334, 2405
2.4337, 2404
2.4339, 2403
2.4397, 2402
2.4400, 2401
2.4403, 2400
2.4633, 2399
2.4792, 2398
2.4844, 2397
2.4941, 2396
2.4944, 2395
2.4970, 2394
2.4972, 2393
2.5073, 2392
2.5146, 2391
2.5149, 2390
2.5194, 2389
2.5196, 2388
2.5263, 2387
2.5512, 2386
2.5540, 2385
2.5585, 2384
2.5587, 2383
2.5658, 2382
2.5661, 2381
2.5727, 2380
2.5729, 2379
2.5731, 2378
2.5775, 2377
2.5778, 2376
2.5871, 2375
2.5914, 2374
2.5916, 2373
2.5965, 2372
2.5968, 2371
2.5970, 2370
2.6210, 2369
2.6213, 2368
2.6215, 2367
2.6261, 2366
2.6263, 2365
2.6266, 2364
2.6361, 2363
2.6364, 2362
2.6366, 2361
2.6369, 2360
2.6371, 2359
2.6373, 2358
2.6596, 2357
2.6599, 2356
2.6647, 2355
2.6649, 2354
2.6715, 2353
2.6759, 2352
2.6762, 2351
2.6764, 2350
2.6766, 2349
2.6815, 2348
2.6973, 2347
2.7039, 2346
2.7104, 2345
2.7153, 2344
2.7198, 2343
2.7376, 2342
2.7443, 2341
2.7646, 2340
2.7818, 2339
2.7821, 2338
2.7823, 2337
2.7999, 2336
2.8042, 2335
2.8044, 2334
2.8068, 2333
2.8221, 2332
2.8453, 2331
2.8456, 2330
2.8458, 2329
2.8523, 2328
2.8609, 2327
2.8612, 2326
2.8679, 2325
2.8681, 2324
2.9118, 2323
2.9121, 2322
2.9548, 2321
3.0097, 2320
3.0119, 2319
3.0144, 2318
3.0188, 2317
3.0190, 2316
3.0215, 2315
3.0259, 2314
3.0261, 2313
3.0305, 2312
3.0492, 2311
3.0494, 2310
3.0537, 2309
3.0601, 2308
3.0603, 2307
3.0646, 2306
3.0648, 2305
3.0773, 2304
3.0815, 2303
3.0899, 2302
3.0901, 2301
3.0924, 2300
3.1027, 2299
3.1070, 2298
3.1073, 2297
3.1116, 2296
3.1159, 2295
3.1161, 2294
3.1184, 2293
3.1268, 2292
3.1311, 2291
3.1436, 2290
3.1521, 2289
3.1645, 2288
3.1647, 2287
3.1649, 2286
3.1713, 2285
3.1736, 2284
3.1738, 2283
3.1882, 2282
3.2046, 2281
3.2048, 2280
3.2315, 2279
3.2380, 2278
3.2423, 2277
3.2770, 2276
3.2813, 2275
3.2815, 2274
3.2817, 2273
3.2819, 2272
3.2821, 2271
3.2864, 2270
3.2866, 2269
3.2929, 2268
3.2993, 2267
3.2995, 2266
3.2997, 2265
3.3020, 2264
3.3022, 2263
3.3289, 2262
3.3373, 2261
3.3457, 2260
3.3664, 2259
3.3790, 2258
3.3793, 2257
3.3857, 2256
3.3859, 2255
3.3985, 2254
3.4049, 2253
3.4051, 2252
3.4053, 2251
3.4217, 2250
3.4261, 2249
3.4327, 2248
3.4370, 2247
3.4413, 2246
3.4622, 2245
3.4665, 2244
3.4790, 2243
3.4792, 2242
3.4834, 2241
3.5021, 2240
3.5105, 2239
3.5229, 2238
3.5231, 2237
3.5294, 2236
3.5296, 2235
3.5399, 2234
3.5401, 2233
3.5484, 2232
3.5486, 2231
3.5633, 2230
3.5697, 2229
3.5699, 2228
3.5932, 2227
3.6062, 2226
3.6064, 2225
3.6172, 2224
3.6259, 2223
3.6465, 2222
3.7729, 2221
3.7933, 2220
3.8183, 2219
3.8349, 2218
3.8351, 2217
3.8516, 2216
3.9089, 2215
4.0143, 2214
4.0435, 2213
4.0523, 2212
4.2639, 2211
4.7253, 2210
