0.6592, 3931
0.6595, 3930
0.6598, 3929
0.6602, 3928
0.6605, 3927
0.6608, 3926
0.6612, 3925
0.6615, 3924
0.6618, 3923
0.6622, 3922
0.6625, 3921
0.6628, 3920
0.6631, 3919
0.6635, 3918
0.6638, 3917
0.6641, 3916
0.6644, 3915
0.6648, 3914
0.6651, 3913
0.6654, 3912
0.6657, 3911
0.6661, 3910
0.6664, 3909
0.6667, 3908
0.6671, 3907
0.6674, 3906
0.6677, 3905
0.6680, 3904
0.6684, 3903
0.6687, 3902
0.6690, 3901
0.6693, 3900
0.6697, 3899
0.6700, 3898
0.6703, 3897
0.6707, 3896
0.6710, 3895
0.6713, 3894
0.6717, 3893
0.6720, 3892
0.6723, 3891
0.6727, 3890
0.6730, 3889
0.6733, 3888
0.6737, 3887
0.6740, 3886
0.6743, 3885
0.6747, 3884
0.6750, 3883
0.6754, 3882
0.6757, 3881
0.6761, 3880
0.6764, 3879
0.6767, 3878
0.6771, 3877
0.6774, 3876
0.6777, 3875
0.6781, 3874
0.6784, 3873
0.6787, 3872
0.6791, 3871
0.6794, 3870
0.6797, 3869
0.6800, 3868
0.6804, 3867
0.6807, 3866
0.6810, 3865
0.6814, 3864
0.6817, 3863
0.6820, 3862
0.6824, 3861
0.6827, 3860
0.6830, 3859
0.6833, 3858
0.6837, 3857
0.6840, 3856
0.6843, 3855
0.6847, 3854
0.6850, 3853
0.6854, 3852
0.6857, 3851
0.6860, 3850
0.6864, 3849
0.6867, 3848
0.6870, 3847
0.6874, 3846
0.6877, 3845
0.6880, 3844
0.6883, 3843
0.6887, 3842
0.6890, 3841
0.6893, 3840
0.6897, 3839
0.6900, 3838
0.6903, 3837
0.6907, 3836
0.6910, 3835
0.6913, 3834
0.6917, 3833
0.6920, 3832
0.6923, 3831
0.6926, 3830
0.6930, 3829
0.6933, 3828
0.6936, 3827
0.6940, 3826
0.6943, 3825
0.6946, 3824
0.6949, 3823
0.6953, 3822
0.6956, 3821
0.6959, 3820
0.6962, 3819
0.6966, 3818
0.6969, 3817
0.6972, 3816
0.6975, 3815
0.6979, 3814
0.6982, 3813
0.6985, 3812
0.6988, 3811
0.6992, 3810
0.6995, 3809
0.6998, 3808
0.7002, 3807
0.7005, 3806
0.7008, 3805
0.7011, 3804
0.7015, 3803
0.7018, 3802
0.7022, 3801
0.7025, 3800
0.7028, 3799
0.7032, 3798
0.7035, 3797
0.7038, 3796
0.7042, 3795
0.7045, 3794
0.7048, 3793
0.7051, 3792
0.7054, 3791
0.7058, 3790
0.7061, 3789
0.7064, 3788
0.7067, 3787
0.7071, 3786
0.7074, 3785
0.7077, 3784
0.7081, 3783
0.7084, 3782
0.7087, 3781
0.7090, 3780
0.7094, 3779
0.7097, 3778
0.7100, 3777
0.7103, 3776
0.7107, 3775
0.7110, 3774
0.7113, 3773
0.7116, 3772
0.7119, 3771
0.7123, 3770
0.7126, 3769
0.7129, 3768
0.7132, 3767
0.7136, 3766
0.7139, 3765
0.7142, 3764
0.7145, 3763
0.7149, 3762
0.7152, 3761
0.7155, 3760
0.7159, 3759
0.7162, 3758
0.7165, 3757
0.7168, 3756
0.7172, 3755
0.7175, 3754
0.7178, 3753
0.7182, 3752
0.7185, 3751
0.7188, 3750
0.7192, 3749
0.7195, 3748
0.7198, 3747
0.7201, 3746
0.7205, 3745
0.7208, 3744
0.7211, 3743
0.7214, 3742
0.7217, 3741
0.7221, 3740
0.7224, 3739
0.7227, 3738
0.7230, 3737
0.7233, 3736
0.7237, 3735
0.7240, 3734
0.7243, 3733
0.7246, 3732
0.7249, 3731
0.7253, 3730
0.7256, 3729
0.7259, 3728
0.7262, 3727
0.7266, 3726
0.7269, 3725
0.7272, 3724
0.7275, 3723
0.7279, 3722
0.7282, 3721
0.7285, 3720
0.7288, 3719
0.7291, 3718
0.7295, 3717
0.7298, 3716
0.7301, 3715
0.7304, 3714
0.7308, 3713
0.7311, 3712
0.7314, 3711
0.7317, 3710
0.7320, 3709
0.7324, 3708
0.7327, 3707
0.7330, 3706
0.7333, 3705
0.7336, 3704
0.7340, 3703
0.7343, 3702
0.7346, 3701
0.7349, 3700
0.7352, 3699
0.7355, 3698
0.7359, 3697
0.7362, 3696
0.7365, 3695
0.7368, 3694
0.7372, 3693
0.7376, 3692
0.7379, 3691
0.7382, 3690
0.7385, 3689
0.7389, 3688
0.7392, 3687
0.7395, 3686
0.7399, 3685
0.7402, 3684
0.7405, 3683
0.7408, 3682
0.7411, 3681
0.7415, 3680
0.7418, 3679
0.7421, 3678
0.7425, 3677
0.7428, 3676
0.7431, 3675
0.7434, 3674
0.7437, 3673
0.7441, 3672
0.7444, 3671
0.7447, 3670
0.7450, 3669
0.7454, 3668
0.7457, 3667
0.7460, 3666
0.7463, 3665
0.7466, 3664
0.7470, 3663
0.7473, 3662
0.7477, 3661
0.7480, 3660
0.7484, 3659
0.7487, 3658
0.7490, 3657
0.7493, 3656
0.7497, 3655
0.7500, 3654
0.7504, 3653
0.7507, 3652
0.7510, 3651
0.7513, 3650
0.7517, 3649
0.7520, 3648
0.7524, 3647
0.7527, 3646
0.7530, 3645
0.7533, 3644
0.7536, 3643
0.7539, 3642
0.7543, 3641
0.7546, 3640
0.7549, 3639
0.7552, 3638
0.7555, 3637
0.7559, 3636
0.7562, 3635
0.7565, 3634
0.7568, 3633
0.7571, 3632
0.7575, 3631
0.7579, 3630
0.7582, 3629
0.7585, 3628
0.7588, 3627
0.7592, 3626
0.7595, 3625
0.7598, 3624
0.7602, 3623
0.7605, 3622
0.7608, 3621
0.7611, 3620
0.7614, 3619
0.7618, 3618
0.7621, 3617
0.7624, 3616
0.7627, 3615
0.7631, 3614
0.7634, 3613
0.7637, 3612
0.7641, 3611
0.7644, 3610
0.7647, 3609
0.7650, 3608
0.7653, 3607
0.7657, 3606
0.7660, 3605
0.7663, 3604
0.7666, 3603
0.7669, 3602
0.7672, 3601
0.7676, 3600
0.7679, 3599
0.7682, 3598
0.7685, 3597
0.7689, 3596
0.7692, 3595
0.7695, 3594
0.7698, 3593
0.7701, 3592
0.7704, 3591
0.7707, 3590
0.7711, 3589
0.7714, 3588
0.7717, 3587
0.7720, 3586
0.7724, 3585
0.7727, 3584
0.7730, 3583
0.7733, 3582
0.7736, 3581
0.7739, 3580
0.7743, 3579
0.7746, 3578
0.7749, 3577
0.7752, 3576
0.7756, 3575
0.7759, 3574
0.7762, 3573
0.7765, 3572
0.7769, 3571
0.7772, 3570
0.7775, 3569
0.7778, 3568
0.7781, 3567
0.7784, 3566
0.7787, 3565
0.7791, 3564
0.7794, 3563
0.7797, 3562
0.7800, 3561
0.7803, 3560
0.7807, 3559
0.7810, 3558
0.7813, 3557
0.7817, 3556
0.7820, 3555
0.7823, 3554
0.7827, 3553
0.7830, 3552
0.7833, 3551
0.7837, 3550
0.7840, 3549
0.7843, 3548
0.7846, 3547
0.7849, 3546
0.7852, 3545
0.7855, 3544
0.7858, 3543
0.7862, 3542
0.7865, 3541
0.7868, 3540
0.7871, 3539
0.7874, 3538
0.7877, 3537
0.7880, 3536
0.7884, 3535
0.7887, 3534
0.7890, 3533
0.7893, 3532
0.7896, 3531
0.7899, 3530
0.7902, 3529
0.7905, 3528
0.7908, 3527
0.7911, 3526
0.7915, 3525
0.7918, 3524
0.7921, 3523
0.7924, 3522
0.7927, 3521
0.7930, 3520
0.7933, 3519
0.7936, 3518
0.7939, 3517
0.7942, 3516
0.7945, 3515
0.7949, 3514
0.7952, 3513
0.7955, 3512
0.7958, 3511
0.7961, 3510
0.7964, 3509
0.7967, 3508
0.7970, 3507
0.7973, 3506
0.7976, 3505
0.7979, 3504
0.7983, 3503
0.7986, 3502
0.7989, 3501
0.7992, 3500
0.7995, 3499
0.7998, 3498
0.8001, 3497
0.8004, 3496
0.8007, 3495
0.8010, 3494
0.8013, 3493
0.8017, 3492
0.8020, 3491
0.8023, 3490
0.8026, 3489
0.8029, 3488
0.8033, 3487
0.8036, 3486
0.8039, 3485
0.8042, 3484
0.8045, 3483
0.8048, 3482
0.8051, 3481
0.8054, 3480
0.8057, 3479
0.8060, 3478
0.8063, 3477
0.8066, 3476
0.8069, 3475
0.8072, 3474
0.8075, 3473
0.8078, 3472
0.8081, 3471
0.8084, 3470
0.8087, 3469
0.8091, 3468
0.8094, 3467
0.8097, 3466
0.8100, 3465
0.8103, 3464
0.8106, 3463
0.8109, 3462
0.8112, 3461
0.8115, 3460
0.8118, 3459
0.8121, 3458
0.8124, 3457
0.8127, 3456
0.8131, 3455
0.8134, 3454
0.8137, 3453
0.8140, 3452
0.8143, 3451
0.8146, 3450
0.8149, 3449
0.8152, 3448
0.8155, 3447
0.8158, 3446
0.8162, 3445
0.8165, 3444
0.8168, 3443
0.8171, 3442
0.8174, 3441
0.8177, 3440
0.8180, 3439
0.8183, 3438
0.8186, 3437
0.8189, 3436
0.8192, 3435
0.8195, 3434
0.8199, 3433
0.8202, 3432
0.8205, 3431
0.8208, 3430
0.8211, 3429
0.8214, 3428
0.8217, 3427
0.8220, 3426
0.8223, 3425
0.8226, 3424
0.8229, 3423
0.8232, 3422
0.8235, 3421
0.8238, 3420
0.8241, 3419
0.8244, 3418
0.8247, 3417
0.8250, 3416
0.8253, 3415
0.8256, 3414
0.8258, 3413
0.8261, 3412
0.8264, 3411
0.8267, 3410
0.8270, 3409
0.8273, 3408
0.8276, 3407
0.8279, 3406
0.8282, 3405
0.8285, 3404
0.8288, 3403
0.8291, 3402
0.8294, 3401
0.8297, 3400
0.8300, 3399
0.8303, 3398
0.8307, 3397
0.8310, 3396
0.8313, 3395
0.8315, 3394
0.8319, 3393
0.8322, 3392
0.8325, 3391
0.8328, 3390
0.8331, 3389
0.8334, 3388
0.8337, 3387
0.8340, 3386
0.8343, 3385
0.8347, 3384
0.8350, 3383
0.8353, 3382
0.8357, 3381
0.8360, 3380
0.8363, 3379
0.8366, 3378
0.8369, 3377
0.8372, 3376
0.8375, 3375
0.8379, 3374
0.8382, 3373
0.8385, 3372
0.8388, 3371
0.8391, 3370
0.8394, 3369
0.8397, 3368
0.8400, 3367
0.8403, 3366
0.8406, 3365
0.8410, 3364
0.8413, 3363
0.8416, 3362
0.8419, 3361
0.8422, 3360
0.8425, 3359
0.8429, 3358
0.8432, 3357
0.8435, 3356
0.8438, 3355
0.8441, 3354
0.8444, 3353
0.8447, 3352
0.8450, 3351
0.8453, 3350
0.8457, 3349
0.8460, 3348
0.8463, 3347
0.8466, 3346
0.8469, 3345
0.8472, 3344
0.8475, 3343
0.8478, 3342
0.8481, 3341
0.8484, 3340
0.8487, 3339
0.8490, 3338
0.8493, 3337
0.8496, 3336
0.8500, 3335
0.8503, 3334
0.8506, 3333
0.8509, 3332
0.8512, 3331
0.8515, 3330
0.8518, 3329
0.8521, 3328
0.8524, 3327
0.8527, 3326
0.8531, 3325
0.8534, 3324
0.8537, 3323
0.8540, 3322
0.8544, 3321
0.8547, 3320
0.8550, 3319
0.8553, 3318
0.8556, 3317
0.8559, 3316
0.8562, 3315
0.8565, 3314
0.8568, 3313
0.8572, 3312
0.8575, 3311
0.8578, 3310
0.8581, 3309
0.8584, 3308
0.8587, 3307
0.8590, 3306
0.8594, 3305
0.8597, 3304
0.8600, 3303
0.8602, 3302
0.8606, 3301
0.8609, 3300
0.8613, 3299
0.8616, 3298
0.8619, 3297
0.8622, 3296
0.8625, 3295
0.8628, 3294
0.8631, 3293
0.8634, 3292
0.8637, 3291
0.8640, 3290
0.8643, 3289
0.8647, 3288
0.8650, 3287
0.8653, 3286
0.8656, 3285
0.8659, 3284
0.8663, 3283
0.8666, 3282
0.8669, 3281
0.8672, 3280
0.8675, 3279
0.8679, 3278
0.8682, 3277
0.8686, 3276
0.8689, 3275
0.8692, 3274
0.8695, 3273
0.8698, 3272
0.8702, 3271
0.8705, 3270
0.8708, 3269
0.8711, 3268
0.8714, 3267
0.8717, 3266
0.8720, 3265
0.8723, 3264
0.8726, 3263
0.8729, 3262
0.8732, 3261
0.8735, 3260
0.8738, 3259
0.8742, 3258
0.8745, 3257
0.8748, 3256
0.8751, 3255
0.8754, 3254
0.8757, 3253
0.8760, 3252
0.8763, 3251
0.8766, 3250
0.8769, 3249
0.8772, 3248
0.8775, 3247
0.8778, 3246
0.8781, 3245
0.8785, 3244
0.8788, 3243
0.8790, 3242
0.8794, 3241
0.8797, 3240
0.8799, 3239
0.8802, 3238
0.8806, 3237
0.8809, 3236
0.8812, 3235
0.8815, 3234
0.8818, 3233
0.8821, 3232
0.8825, 3231
0.8828, 3230
0.8831, 3229
0.8834, 3228
0.8837, 3227
0.8840, 3226
0.8843, 3225
0.8846, 3224
0.8850, 3223
0.8853, 3222
0.8856, 3221
0.8859, 3220
0.8862, 3219
0.8864, 3218
0.8867, 3217
0.8870, 3216
0.8873, 3215
0.8877, 3214
0.8880, 3213
0.8884, 3212
0.8887, 3211
0.8890, 3210
0.8893, 3209
0.8897, 3208
0.8900, 3207
0.8903, 3206
0.8905, 3205
0.8908, 3204
0.8912, 3203
0.8915, 3202
0.8918, 3201
0.8921, 3200
0.8923, 3199
0.8927, 3198
0.8930, 3197
0.8933, 3196
0.8936, 3195
0.8939, 3194
0.8942, 3193
0.8945, 3192
0.8948, 3191
0.8952, 3190
0.8955, 3189
0.8958, 3188
0.8961, 3187
0.8964, 3186
0.8967, 3185
0.8970, 3184
0.8973, 3183
0.8976, 3182
0.8979, 3181
0.8982, 3180
0.8986, 3179
0.8989, 3178
0.8993, 3177
0.8995, 3176
0.8998, 3175
0.9001, 3174
0.9005, 3173
0.9008, 3172
0.9010, 3171
0.9014, 3170
0.9016, 3169
0.9019, 3168
0.9023, 3167
0.9025, 3166
0.9029, 3165
0.9032, 3164
0.9035, 3163
0.9038, 3162
0.9041, 3161
0.9044, 3160
0.9046, 3159
0.9049, 3158
0.9052, 3157
0.9055, 3156
0.9058, 3155
0.9061, 3154
0.9064, 3153
0.9067, 3152
0.9070, 3151
0.9074, 3150
0.9077, 3149
0.9080, 3148
0.9083, 3147
0.9086, 3146
0.9089, 3145
0.9093, 3144
0.9096, 3143
0.9099, 3142
0.9102, 3141
0.9105, 3140
0.9109, 3139
0.9112, 3138
0.9115, 3137
0.9118, 3136
0.9121, 3135
0.9124, 3134
0.9127, 3133
0.9130, 3132
0.9134, 3131
0.9136, 3130
0.9139, 3129
0.9142, 3128
0.9145, 3127
0.9148, 3126
0.9151, 3125
0.9154, 3124
0.9157, 3123
0.9160, 3122
0.9163, 3121
0.9166, 3120
0.9169, 3119
0.9172, 3118
0.9174, 3117
0.9177, 3116
0.9180, 3115
0.9183, 3114
0.9186, 3113
0.9189, 3112
0.9192, 3111
0.9195, 3110
0.9197, 3109
0.9201, 3108
0.9203, 3107
0.9206, 3106
0.9209, 3105
0.9212, 3104
0.9215, 3103
0.9217, 3102
0.9220, 3101
0.9223, 3100
0.9226, 3099
0.9229, 3098
0.9232, 3097
0.9235, 3096
0.9237, 3095
0.9240, 3094
0.9243, 3093
0.9246, 3092
0.9249, 3091
0.9251, 3090
0.9254, 3089
0.9257, 3088
0.9260, 3087
0.9263, 3086
0.9266, 3085
0.9269, 3084
0.9272, 3083
0.9275, 3082
0.9277, 3081
0.9281, 3080
0.9284, 3079
0.9287, 3078
0.9289, 3077
0.9292, 3076
0.9295, 3075
0.9298, 3074
0.9301, 3073
0.9304, 3072
0.9306, 3071
0.9309, 3070
0.9312, 3069
0.9315, 3068
0.9317, 3067
0.9320, 3066
0.9323, 3065
0.9326, 3064
0.9328, 3063
0.9331, 3062
0.9334, 3061
0.9337, 3060
0.9339, 3059
0.9342, 3058
0.9345, 3057
0.9348, 3056
0.9351, 3055
0.9354, 3054
0.9357, 3053
0.9360, 3052
0.9363, 3051
0.9366, 3050
0.9369, 3049
0.9372, 3048
0.9374, 3047
0.9377, 3046
0.9380, 3045
0.9382, 3044
0.9385, 3043
0.9388, 3042
0.9391, 3041
0.9394, 3040
0.9396, 3039
0.9399, 3038
0.9402, 3037
0.9404, 3036
0.9408, 3035
0.9410, 3034
0.9413, 3033
0.9416, 3032
0.9419, 3031
0.9423, 3030
0.9426, 3029
0.9429, 3028
0.9432, 3027
0.9435, 3026
0.9437, 3025
0.9440, 3024
0.9443, 3023
0.9446, 3022
0.9449, 3021
0.9452, 3020
0.9454, 3019
0.9457, 3018
0.9460, 3017
0.9463, 3016
0.9466, 3015
0.9469, 3014
0.9472, 3013
0.9475, 3012
0.9478, 3011
0.9481, 3010
0.9483, 3009
0.9486, 3008
0.9489, 3007
0.9492, 3006
0.9495, 3005
0.9497, 3004
0.9500, 3003
0.9503, 3002
0.9506, 3001
0.9508, 3000
0.9511, 2999
0.9514, 2998
0.9517, 2997
0.9519, 2996
0.9522, 2995
0.9525, 2994
0.9528, 2993
0.9530, 2992
0.9533, 2991
0.9536, 2990
0.9539, 2989
0.9541, 2988
0.9544, 2987
0.9547, 2986
0.9550, 2985
0.9552, 2984
0.9555, 2983
0.9558, 2982
0.9561, 2981
0.9563, 2980
0.9566, 2979
0.9569, 2978
0.9572, 2977
0.9574, 2976
0.9577, 2975
0.9580, 2974
0.9583, 2973
0.9586, 2972
0.9589, 2971
0.9592, 2970
0.9594, 2969
0.9597, 2968
0.9600, 2967
0.9602, 2966
0.9605, 2965
0.9608, 2964
0.9610, 2963
0.9613, 2962
0.9616, 2961
0.9619, 2960
0.9622, 2959
0.9625, 2958
0.9628, 2957
0.9631, 2956
0.9634, 2955
0.9637, 2954
0.9639, 2953
0.9642, 2952
0.9645, 2951
0.9648, 2950
0.9651, 2949
0.9653, 2948
0.9656, 2947
0.9659, 2946
0.9661, 2945
0.9664, 2944
0.9667, 2943
0.9670, 2942
0.9673, 2941
0.9676, 2940
0.9679, 2939
0.9682, 2938
0.9684, 2937
0.9687, 2936
0.9690, 2935
0.9693, 2934
0.9696, 2933
0.9700, 2932
0.9703, 2931
0.9706, 2930
0.9709, 2929
0.9712, 2928
0.9715, 2927
0.9718, 2926
0.9720, 2925
0.9723, 2924
0.9726, 2923
0.9729, 2922
0.9733, 2921
0.9736, 2920
0.9739, 2919
0.9742, 2918
0.9745, 2917
0.9748, 2916
0.9751, 2915
0.9753, 2914
0.9756, 2913
0.9759, 2912
0.9762, 2911
0.9765, 2910
0.9768, 2909
0.9771, 2908
0.9774, 2907
0.9776, 2906
0.9779, 2905
0.9782, 2904
0.9785, 2903
0.9788, 2902
0.9790, 2901
0.9793, 2900
0.9796, 2899
0.9799, 2898
0.9802, 2897
0.9805, 2896
0.9807, 2895
0.9811, 2894
0.9813, 2893
0.9816, 2892
0.9819, 2891
0.9822, 2890
0.9825, 2889
0.9828, 2888
0.9831, 2887
0.9834, 2886
0.9836, 2885
0.9840, 2884
0.9842, 2883
0.9845, 2882
0.9848, 2881
0.9851, 2880
0.9853, 2879
0.9856, 2878
0.9859, 2877
0.9862, 2876
0.9865, 2875
0.9868, 2874
0.9870, 2873
0.9873, 2872
0.9876, 2871
0.9879, 2870
0.9882, 2869
0.9884, 2868
0.9887, 2867
0.9889, 2866
0.9892, 2865
0.9895, 2864
0.9898, 2863
0.9900, 2862
0.9903, 2861
0.9906, 2860
0.9908, 2859
0.9911, 2858
0.9913, 2857
0.9916, 2856
0.9919, 2855
0.9922, 2854
0.9924, 2853
0.9927, 2852
0.9930, 2851
0.9932, 2850
0.9935, 2849
0.9938, 2848
0.9941, 2847
0.9944, 2846
0.9947, 2845
0.9950, 2844
0.9953, 2843
0.9955, 2842
0.9958, 2841
0.9961, 2840
0.9964, 2839
0.9967, 2838
0.9970, 2837
0.9973, 2836
0.9975, 2835
0.9978, 2834
0.9981, 2833
0.9984, 2832
0.9986, 2831
0.9989, 2830
0.9992, 2829
0.9994, 2828
0.9997, 2827
1.0000, 2826
1.0002, 2825
1.0005, 2824
1.0008, 2823
1.0011, 2822
1.0013, 2821
1.0016, 2820
1.0018, 2819
1.0021, 2818
1.0024, 2817
1.0026, 2816
1.0029, 2815
1.0032, 2814
1.0034, 2813
1.0037, 2812
1.0040, 2811
1.0042, 2810
1.0045, 2809
1.0048, 2808
1.0050, 2807
1.0053, 2806
1.0056, 2805
1.0058, 2804
1.0061, 2803
1.0064, 2802
1.0066, 2801
1.0069, 2800
1.0072, 2799
1.0075, 2798
1.0078, 2797
1.0080, 2796
1.0083, 2795
1.0086, 2794
1.0088, 2793
1.0091, 2792
1.0094, 2791
1.0097, 2790
1.0099, 2789
1.0102, 2788
1.0104, 2787
1.0107, 2786
1.0110, 2785
1.0113, 2784
1.0115, 2783
1.0118, 2782
1.0120, 2781
1.0123, 2780
1.0126, 2779
1.0128, 2778
1.0131, 2777
1.0133, 2776
1.0136, 2775
1.0139, 2774
1.0141, 2773
1.0144, 2772
1.0147, 2771
1.0149, 2770
1.0152, 2769
1.0154, 2768
1.0157, 2767
1.0160, 2766
1.0162, 2765
1.0165, 2764
1.0167, 2763
1.0170, 2762
1.0172, 2761
1.0175, 2760
1.0178, 2759
1.0180, 2758
1.0183, 2757
1.0186, 2756
1.0188, 2755
1.0191, 2754
1.0194, 2753
1.0197, 2752
1.0200, 2751
1.0202, 2750
1.0205, 2749
1.0208, 2748
1.0210, 2747
1.0213, 2746
1.0215, 2745
1.0218, 2744
1.0221, 2743
1.0225, 2742
1.0227, 2741
1.0230, 2740
1.0233, 2739
1.0236, 2738
1.0238, 2737
1.0241, 2736
1.0244, 2735
1.0247, 2734
1.0249, 2733
1.0252, 2732
1.0255, 2731
1.0258, 2730
1.0261, 2729
1.0263, 2728
1.0266, 2727
1.0269, 2726
1.0272, 2725
1.0274, 2724
1.0277, 2723
1.0280, 2722
1.0282, 2721
1.0285, 2720
1.0288, 2719
1.0291, 2718
1.0293, 2717
1.0296, 2716
1.0299, 2715
1.0302, 2714
1.0304, 2713
1.0307, 2712
1.0310, 2711
1.0312, 2710
1.0315, 2709
1.0318, 2708
1.0320, 2707
1.0323, 2706
1.0326, 2705
1.0328, 2704
1.0331, 2703
1.0334, 2702
1.0336, 2701
1.0339, 2700
1.0341, 2699
1.0344, 2698
1.0347, 2697
1.0349, 2696
1.0352, 2695
1.0355, 2694
1.0357, 2693
1.0360, 2692
1.0363, 2691
1.0365, 2690
1.0368, 2689
1.0371, 2688
1.0374, 2687
1.0376, 2686
1.0379, 2685
1.0382, 2684
1.0384, 2683
1.0387, 2682
1.0390, 2681
1.0392, 2680
1.0395, 2679
1.0397, 2678
1.0400, 2677
1.0402, 2676
1.0405, 2675
1.0408, 2674
1.0411, 2673
1.0413, 2672
1.0416, 2671
1.0419, 2670
1.0422, 2669
1.0424, 2668
1.0427, 2667
1.0429, 2666
1.0432, 2665
1.0435, 2664
1.0437, 2663
1.0440, 2662
1.0442, 2661
1.0445, 2660
1.0447, 2659
1.0450, 2658
1.0453, 2657
1.0455, 2656
1.0458, 2655
1.0460, 2654
1.0463, 2653
1.0465, 2652
1.0468, 2651
1.0470, 2650
1.0473, 2649
1.0475, 2648
1.0478, 2647
1.0480, 2646
1.0483, 2645
1.0485, 2644
1.0488, 2643
1.0490, 2642
1.0493, 2641
1.0495, 2640
1.0498, 2639
1.0500, 2638
1.0503, 2637
1.0505, 2636
1.0508, 2635
1.0510, 2634
1.0513, 2633
1.0515, 2632
1.0518, 2631
1.0520, 2630
1.0523, 2629
1.0525, 2628
1.0528, 2627
1.0530, 2626
1.0533, 2625
1.0535, 2624
1.0538, 2623
1.0541, 2622
1.0543, 2621
1.0546, 2620
1.0548, 2619
1.0551, 2618
1.0553, 2617
1.0556, 2616
1.0558, 2615
1.0561, 2614
1.0564, 2613
1.0566, 2612
1.0569, 2611
1.0571, 2610
1.0574, 2609
1.0577, 2608
1.0579, 2607
1.0581, 2606
1.0584, 2605
1.0586, 2604
1.0589, 2603
1.0591, 2602
1.0594, 2601
1.0597, 2600
1.0599, 2599
1.0602, 2598
1.0604, 2597
1.0607, 2596
1.0609, 2595
1.0612, 2594
1.0614, 2593
1.0617, 2592
1.0619, 2591
1.0622, 2590
1.0625, 2589
1.0627, 2588
1.0630, 2587
1.0632, 2586
1.0635, 2585
1.0638, 2584
1.0640, 2583
1.0643, 2582
1.0645, 2581
1.0647, 2580
1.0650, 2579
1.0652, 2578
1.0655, 2577
1.0657, 2576
1.0660, 2575
1.0663, 2574
1.0665, 2573
1.0668, 2572
1.0670, 2571
1.0673, 2570
1.0676, 2569
1.0678, 2568
1.0681, 2567
1.0683, 2566
1.0686, 2565
1.0688, 2564
1.0691, 2563
1.0694, 2562
1.0738, 2561
1.0780, 2560
1.0822, 2559
1.0966, 2558
1.0968, 2557
1.1051, 2556
1.1053, 2555
1.1238, 2554
1.1383, 2553
1.1469, 2552
1.1723, 2551
1.1726, 2550
1.1810, 2549
1.1915, 2548
1.1958, 2547
1.1960, 2546
1.2024, 2545
1.2107, 2544
1.2191, 2543
1.2356, 2542
1.2358, 2541
1.2402, 2540
1.2425, 2539
1.2428, 2538
1.2430, 2537
1.2473, 2536
1.2536, 2535
1.2538, 2534
1.2702, 2533
1.2785, 2532
1.2868, 2531
1.2871, 2530
1.2934, 2529
1.3078, 2528
1.3121, 2527
1.3409, 2526
1.3451, 2525
1.3454, 2524
1.3496, 2523
1.3499, 2522
1.3582, 2521
1.3625, 2520
1.3668, 2519
1.3670, 2518
1.3734, 2517
1.3737, 2516
1.3820, 2515
1.3823, 2514
1.3846, 2513
1.3869, 2512
1.3932, 2511
1.3935, 2510
1.3978, 2509
1.4042, 2508
1.4044, 2507
1.4047, 2506
1.4762, 2505
1.4886, 2504
1.4888, 2503
1.5114, 2502
1.5320, 2501
1.5363, 2500
1.5508, 2499
1.5510, 2498
1.5695, 2497
1.5839, 2496
1.5841, 2495
1.6071, 2494
1.6304, 2493
1.6433, 2492
1.6455, 2491
1.6479, 2490
1.6481, 2489
1.6524, 2488
1.6629, 2487
1.6673, 2486
1.6676, 2485
1.6761, 2484
1.6825, 2483
1.6827, 2482
1.6830, 2481
1.6832, 2480
1.6834, 2479
1.6899, 2478
1.6943, 2477
1.6945, 2476
1.7073, 2475
1.7075, 2474
1.7077, 2473
1.7286, 2472
1.7288, 2471
1.7413, 2470
1.7456, 2469
1.7541, 2468
1.7564, 2467
1.7607, 2466
1.7609, 2465
1.7612, 2464
1.7614, 2463
1.7801, 2462
1.7946, 2461
1.7948, 2460
1.7950, 2459
1.7973, 2458
1.7975, 2457
1.8120, 2456
1.8265, 2455
1.8390, 2454
1.8535, 2453
1.8537, 2452
1.8621, 2451
1.8623, 2450
1.8646, 2449
1.8749, 2448
1.8752, 2447
1.8754, 2446
1.8940, 2445
1.9044, 2444
1.9148, 2443
1.9171, 2442
1.9275, 2441
1.9441, 2440
1.9605, 2439
1.9710, 2438
1.9793, 2437
1.9836, 2436
2.0021, 2435
2.0289, 2434
2.0352, 2433
2.0395, 2432
2.0642, 2431
2.0685, 2430
2.0748, 2429
2.0833, 2428
2.1121, 2427
2.1165, 2426
2.1351, 2425
2.1414, 2424
2.1437, 2423
2.1769, 2422
2.1876, 2421
2.2049, 2420
2.2239, 2419
2.2241, 2418
2.2285, 2417
2.2534, 2416
2.2536, 2415
2.2702, 2414
2.2787, 2413
2.2953, 2412
2.2956, 2411
2.3162, 2410
2.3307, 2409
2.3309, 2408
2.3475, 2407
2.3477, 2406
2.3520, 2405
2.3604, 2404
2.3646, 2403
2.3649, 2402
2.3691, 2401
2.3694, 2400
2.3757, 2399
2.3760, 2398
2.3905, 2397
2.3907, 2396
2.3910, 2395
2.3912, 2394
2.4077, 2393
2.4202, 2392
2.4244, 2391
2.4307, 2390
2.4309, 2389
2.4312, 2388
2.4375, 2387
2.4460, 2386
2.4462, 2385
2.4505, 2384
2.4507, 2383
2.4592, 2382
2.4799, 2381
2.4822, 2380
2.4865, 2379
2.4867, 2378
2.4931, 2377
2.4933, 2376
2.5017, 2375
2.5019, 2374
2.5021, 2373
2.5085, 2372
2.5087, 2371
2.5089, 2370
2.5173, 2369
2.5175, 2368
2.5218, 2367
2.5221, 2366
2.5223, 2365
2.5449, 2364
2.5451, 2363
2.5453, 2362
2.5496, 2361
2.5499, 2360
2.5501, 2359
2.5585, 2358
2.5587, 2357
2.5590, 2356
2.5592, 2355
2.5594, 2354
2.5596, 2353
2.5824, 2352
2.5826, 2351
2.5848, 2350
2.5850, 2349
2.5955, 2348
2.5978, 2347
2.5980, 2346
2.5982, 2345
2.5984, 2344
2.6028, 2343
2.6151, 2342
2.6235, 2341
2.6297, 2340
2.6361, 2339
2.6383, 2338
2.6548, 2337
2.6632, 2336
2.6777, 2335
2.6961, 2334
2.6964, 2333
2.6966, 2332
2.7152, 2331
2.7175, 2330
2.7177, 2329
2.7200, 2328
2.7372, 2327
2.7620, 2326
2.7684, 2325
2.7686, 2324
2.7688, 2323
2.7731, 2322
2.7733, 2321
2.7797, 2320
2.7799, 2319
2.8213, 2318
2.8215, 2317
2.9077, 2316
2.9182, 2315
2.9205, 2314
2.9248, 2313
2.9250, 2312
2.9273, 2311
2.9315, 2310
2.9317, 2309
2.9360, 2308
2.9548, 2307
2.9612, 2306
2.9655, 2305
2.9657, 2304
2.9700, 2303
2.9702, 2302
2.9848, 2301
2.9850, 2300
2.9954, 2299
2.9956, 2298
2.9979, 2297
3.0083, 2296
3.0126, 2295
3.0128, 2294
3.0171, 2293
3.0214, 2292
3.0217, 2291
3.0239, 2290
3.0323, 2289
3.0365, 2288
3.0490, 2287
3.0573, 2286
3.0657, 2285
3.0659, 2284
3.0763, 2283
3.0765, 2282
3.0788, 2281
3.0790, 2280
3.0935, 2279
3.1020, 2278
3.1126, 2277
3.1356, 2276
3.1464, 2275
3.1548, 2274
3.1857, 2273
3.1941, 2272
3.1944, 2271
3.1946, 2270
3.1948, 2269
3.1950, 2268
3.1993, 2267
3.1995, 2266
3.2099, 2265
3.2102, 2264
3.2104, 2263
3.2207, 2262
3.2270, 2261
3.2355, 2260
3.2438, 2259
3.2543, 2258
3.2545, 2257
3.2547, 2256
3.2712, 2255
3.2836, 2254
3.2879, 2253
3.2881, 2252
3.2964, 2251
3.2966, 2250
3.3110, 2249
3.3235, 2248
3.3278, 2247
3.3320, 2246
3.3423, 2245
3.3466, 2244
3.3509, 2243
3.3678, 2242
3.3723, 2241
3.3833, 2240
3.3835, 2239
3.3920, 2238
3.4004, 2237
3.4107, 2236
3.4211, 2235
3.4314, 2234
3.4316, 2233
3.4419, 2232
3.4503, 2231
3.4705, 2230
3.4747, 2229
3.4789, 2228
3.5212, 2227
3.5214, 2226
3.5500, 2225
3.6676, 2224
3.7191, 2223
3.7295, 2222
3.7358, 2221
3.7401, 2220
3.7866, 2219
3.8434, 2218
3.9267, 2217
3.9453, 2216
4.0211, 2215
4.3038, 2214
