0.0323, 2281
0.1598, 2280
0.1791, 2279
0.1825, 2277
0.3163, 2276
0.3557, 2275
0.3770, 2274
0.3831, 2273
0.3894, 2272
0.4391, 2270
0.4453, 2269
0.4639, 2268
0.4948, 2265
0.5071, 2264
0.5528, 2263
0.5560, 2262
0.5835, 2261
0.6244, 2260
0.6523, 2259
0.6889, 2258
0.7011, 2257
0.7226, 2255
0.7501, 2254
0.7563, 2253
0.7748, 2252
0.7841, 2251
0.8149, 2250
0.9403, 2249
0.9726, 2248
1.0351, 2246
1.0445, 2245
1.0938, 2243
1.1032, 2240
1.1126, 2239
1.2639, 2238
1.2982, 2235
1.5299, 2234
1.5669, 2233
1.7407, 2231
1.7471, 2230
1.7904, 2229
1.7997, 2228
2.0672, 2227
2.3161, 2226
2.3504, 2225
2.9842, 2224
