0.0384, 2281
0.0740, 2280
0.1740, 2279
0.2060, 2278
0.2455, 2277
0.3152, 2274
0.3415, 2272
0.3870, 2271
0.3935, 2270
0.4121, 2269
0.4212, 2268
0.4459, 2267
0.4550, 2266
0.4945, 2264
0.5248, 2262
0.5309, 2261
0.5341, 2260
0.5555, 2259
0.5807, 2258
0.6272, 2257
0.7739, 2256
0.8074, 2255
0.8514, 2254
0.8702, 2253
0.8891, 2251
1.0004, 2250
1.0068, 2248
1.0628, 2247
1.0691, 2244
1.0815, 2243
1.0847, 2242
1.1299, 2240
1.1425, 2239
1.3208, 2238
1.3368, 2237
1.3554, 2236
1.4166, 2235
1.5744, 2234
1.6611, 2233
2.0456, 2231
2.0640, 2230
3.1855, 2229
3.2202, 2228
3.4335, 2227
