0.0260, 2281
0.1056, 2280
0.1278, 2279
0.1614, 2277
0.1807, 2276
0.2303, 2275
0.2335, 2274
0.4472, 2273
0.4503, 2272
0.4659, 2271
0.4969, 2268
0.5032, 2267
0.5217, 2266
0.5247, 2265
0.5984, 2263
0.6076, 2262
0.6168, 2261
0.8051, 2260
0.8206, 2259
0.8297, 2258
0.8664, 2257
0.8970, 2256
0.9549, 2255
0.9856, 2254
0.9948, 2252
1.0481, 2250
1.1185, 2248
1.1247, 2247
1.1370, 2246
1.1432, 2245
1.1676, 2244
1.3944, 2243
1.5172, 2241
1.5633, 2240
1.5727, 2239
1.6002, 2238
1.7934, 2237
1.7966, 2236
1.9010, 2235
1.9072, 2234
1.9286, 2233
1.9899, 2232
2.0328, 2231
2.0635, 2230
2.1433, 2229
2.3309, 2228
2.3433, 2227
2.4077, 2226
2.5818, 2225
3.0568, 2224
