0.0344, 2281
0.1524, 2279
0.2481, 2278
0.2572, 2277
0.2606, 2276
0.2728, 2275
0.2855, 2274
0.3222, 2273
0.3286, 2271
0.3650, 2270
0.3682, 2268
0.3714, 2266
0.3986, 2265
0.5228, 2264
0.5263, 2263
0.6139, 2261
0.6543, 2258
0.6730, 2257
0.6944, 2256
0.7532, 2254
0.8248, 2253
0.9110, 2252
0.9569, 2251
1.0192, 2250
1.1962, 2249
1.2469, 2248
1.3983, 2246
1.4135, 2245
1.4325, 2244
1.6244, 2243
1.7593, 2242
1.8653, 2241
1.8865, 2240
1.8896, 2239
1.8992, 2238
1.9518, 2237
1.9676, 2236
2.0784, 2235
2.2121, 2234
2.3021, 2233
2.3724, 2231
2.4248, 2228
2.4922, 2227
2.5422, 2226
2.6998, 2225
2.7573, 2224
2.8699, 2223
2.9095, 2222
3.1127, 2221
