0.6591, 3931
0.6595, 3930
0.6598, 3929
0.6602, 3928
0.6605, 3927
0.6608, 3926
0.6612, 3925
0.6615, 3924
0.6619, 3923
0.6622, 3922
0.6626, 3921
0.6629, 3920
0.6632, 3919
0.6636, 3918
0.6639, 3917
0.6642, 3916
0.6646, 3915
0.6649, 3914
0.6652, 3913
0.6656, 3912
0.6659, 3911
0.6662, 3910
0.6666, 3909
0.6669, 3908
0.6672, 3907
0.6676, 3906
0.6679, 3905
0.6682, 3904
0.6686, 3903
0.6689, 3902
0.6692, 3901
0.6696, 3900
0.6699, 3899
0.6702, 3898
0.6706, 3897
0.6709, 3896
0.6712, 3895
0.6716, 3894
0.6719, 3893
0.6722, 3892
0.6726, 3891
0.6729, 3890
0.6733, 3889
0.6736, 3888
0.6739, 3887
0.6743, 3886
0.6746, 3885
0.6749, 3884
0.6753, 3883
0.6756, 3882
0.6759, 3881
0.6763, 3880
0.6766, 3879
0.6769, 3878
0.6773, 3877
0.6776, 3876
0.6780, 3875
0.6783, 3874
0.6787, 3873
0.6790, 3872
0.6793, 3871
0.6797, 3870
0.6800, 3869
0.6803, 3868
0.6806, 3867
0.6810, 3866
0.6813, 3865
0.6816, 3864
0.6820, 3863
0.6823, 3862
0.6826, 3861
0.6830, 3860
0.6833, 3859
0.6836, 3858
0.6839, 3857
0.6843, 3856
0.6846, 3855
0.6849, 3854
0.6852, 3853
0.6856, 3852
0.6859, 3851
0.6862, 3850
0.6866, 3849
0.6869, 3848
0.6872, 3847
0.6875, 3846
0.6878, 3845
0.6882, 3844
0.6885, 3843
0.6889, 3842
0.6892, 3841
0.6895, 3840
0.6899, 3839
0.6902, 3838
0.6905, 3837
0.6909, 3836
0.6912, 3835
0.6915, 3834
0.6919, 3833
0.6922, 3832
0.6925, 3831
0.6929, 3830
0.6932, 3829
0.6936, 3828
0.6939, 3827
0.6942, 3826
0.6946, 3825
0.6949, 3824
0.6952, 3823
0.6956, 3822
0.6959, 3821
0.6963, 3820
0.6966, 3819
0.6969, 3818
0.6972, 3817
0.6976, 3816
0.6979, 3815
0.6982, 3814
0.6986, 3813
0.6989, 3812
0.6992, 3811
0.6996, 3810
0.6999, 3809
0.7002, 3808
0.7006, 3807
0.7009, 3806
0.7013, 3805
0.7016, 3804
0.7019, 3803
0.7023, 3802
0.7026, 3801
0.7029, 3800
0.7033, 3799
0.7037, 3798
0.7040, 3797
0.7043, 3796
0.7047, 3795
0.7050, 3794
0.7054, 3793
0.7057, 3792
0.7060, 3791
0.7064, 3790
0.7067, 3789
0.7070, 3788
0.7074, 3787
0.7077, 3786
0.7080, 3785
0.7084, 3784
0.7087, 3783
0.7090, 3782
0.7094, 3781
0.7097, 3780
0.7100, 3779
0.7104, 3778
0.7107, 3777
0.7110, 3776
0.7114, 3775
0.7118, 3774
0.7121, 3773
0.7124, 3772
0.7127, 3771
0.7131, 3770
0.7134, 3769
0.7137, 3768
0.7140, 3767
0.7144, 3766
0.7147, 3765
0.7150, 3764
0.7154, 3763
0.7157, 3762
0.7160, 3761
0.7163, 3760
0.7167, 3759
0.7170, 3758
0.7174, 3757
0.7177, 3756
0.7180, 3755
0.7183, 3754
0.7187, 3753
0.7190, 3752
0.7193, 3751
0.7197, 3750
0.7200, 3749
0.7203, 3748
0.7207, 3747
0.7210, 3746
0.7214, 3745
0.7217, 3744
0.7220, 3743
0.7224, 3742
0.7227, 3741
0.7230, 3740
0.7234, 3739
0.7237, 3738
0.7240, 3737
0.7244, 3736
0.7247, 3735
0.7250, 3734
0.7253, 3733
0.7257, 3732
0.7260, 3731
0.7263, 3730
0.7266, 3729
0.7270, 3728
0.7273, 3727
0.7276, 3726
0.7280, 3725
0.7283, 3724
0.7286, 3723
0.7289, 3722
0.7293, 3721
0.7296, 3720
0.7300, 3719
0.7304, 3718
0.7307, 3717
0.7310, 3716
0.7314, 3715
0.7317, 3714
0.7320, 3713
0.7324, 3712
0.7327, 3711
0.7330, 3710
0.7334, 3709
0.7337, 3708
0.7341, 3707
0.7344, 3706
0.7347, 3705
0.7351, 3704
0.7354, 3703
0.7357, 3702
0.7361, 3701
0.7364, 3700
0.7367, 3699
0.7370, 3698
0.7374, 3697
0.7377, 3696
0.7380, 3695
0.7383, 3694
0.7387, 3693
0.7390, 3692
0.7393, 3691
0.7396, 3690
0.7400, 3689
0.7403, 3688
0.7406, 3687
0.7410, 3686
0.7413, 3685
0.7416, 3684
0.7419, 3683
0.7423, 3682
0.7426, 3681
0.7429, 3680
0.7432, 3679
0.7436, 3678
0.7439, 3677
0.7442, 3676
0.7446, 3675
0.7449, 3674
0.7452, 3673
0.7455, 3672
0.7458, 3671
0.7462, 3670
0.7465, 3669
0.7468, 3668
0.7472, 3667
0.7475, 3666
0.7478, 3665
0.7481, 3664
0.7485, 3663
0.7488, 3662
0.7491, 3661
0.7494, 3660
0.7498, 3659
0.7501, 3658
0.7504, 3657
0.7507, 3656
0.7511, 3655
0.7514, 3654
0.7517, 3653
0.7521, 3652
0.7524, 3651
0.7527, 3650
0.7530, 3649
0.7533, 3648
0.7537, 3647
0.7540, 3646
0.7543, 3645
0.7546, 3644
0.7550, 3643
0.7553, 3642
0.7556, 3641
0.7560, 3640
0.7564, 3639
0.7567, 3638
0.7570, 3637
0.7574, 3636
0.7577, 3635
0.7580, 3634
0.7584, 3633
0.7587, 3632
0.7590, 3631
0.7593, 3630
0.7597, 3629
0.7600, 3628
0.7603, 3627
0.7606, 3626
0.7610, 3625
0.7613, 3624
0.7616, 3623
0.7619, 3622
0.7622, 3621
0.7626, 3620
0.7629, 3619
0.7632, 3618
0.7636, 3617
0.7640, 3616
0.7643, 3615
0.7646, 3614
0.7650, 3613
0.7653, 3612
0.7656, 3611
0.7659, 3610
0.7663, 3609
0.7666, 3608
0.7669, 3607
0.7672, 3606
0.7676, 3605
0.7679, 3604
0.7682, 3603
0.7686, 3602
0.7689, 3601
0.7692, 3600
0.7695, 3599
0.7698, 3598
0.7702, 3597
0.7705, 3596
0.7708, 3595
0.7711, 3594
0.7714, 3593
0.7717, 3592
0.7721, 3591
0.7724, 3590
0.7727, 3589
0.7730, 3588
0.7734, 3587
0.7737, 3586
0.7740, 3585
0.7743, 3584
0.7746, 3583
0.7750, 3582
0.7753, 3581
0.7756, 3580
0.7759, 3579
0.7763, 3578
0.7766, 3577
0.7769, 3576
0.7772, 3575
0.7775, 3574
0.7778, 3573
0.7782, 3572
0.7785, 3571
0.7789, 3570
0.7792, 3569
0.7795, 3568
0.7799, 3567
0.7802, 3566
0.7805, 3565
0.7809, 3564
0.7812, 3563
0.7816, 3562
0.7819, 3561
0.7822, 3560
0.7826, 3559
0.7829, 3558
0.7833, 3557
0.7836, 3556
0.7839, 3555
0.7842, 3554
0.7845, 3553
0.7849, 3552
0.7852, 3551
0.7855, 3550
0.7858, 3549
0.7861, 3548
0.7865, 3547
0.7868, 3546
0.7872, 3545
0.7875, 3544
0.7878, 3543
0.7881, 3542
0.7884, 3541
0.7888, 3540
0.7891, 3539
0.7894, 3538
0.7897, 3537
0.7900, 3536
0.7903, 3535
0.7907, 3534
0.7910, 3533
0.7913, 3532
0.7916, 3531
0.7919, 3530
0.7922, 3529
0.7926, 3528
0.7929, 3527
0.7932, 3526
0.7935, 3525
0.7938, 3524
0.7941, 3523
0.7945, 3522
0.7948, 3521
0.7951, 3520
0.7954, 3519
0.7957, 3518
0.7961, 3517
0.7964, 3516
0.7967, 3515
0.7970, 3514
0.7973, 3513
0.7977, 3512
0.7980, 3511
0.7983, 3510
0.7986, 3509
0.7989, 3508
0.7992, 3507
0.7996, 3506
0.7999, 3505
0.8002, 3504
0.8005, 3503
0.8008, 3502
0.8011, 3501
0.8014, 3500
0.8018, 3499
0.8021, 3498
0.8024, 3497
0.8027, 3496
0.8030, 3495
0.8033, 3494
0.8036, 3493
0.8040, 3492
0.8043, 3491
0.8046, 3490
0.8049, 3489
0.8052, 3488
0.8055, 3487
0.8059, 3486
0.8062, 3485
0.8065, 3484
0.8068, 3483
0.8071, 3482
0.8074, 3481
0.8078, 3480
0.8081, 3479
0.8084, 3478
0.8087, 3477
0.8090, 3476
0.8093, 3475
0.8096, 3474
0.8099, 3473
0.8102, 3472
0.8105, 3471
0.8109, 3470
0.8112, 3469
0.8115, 3468
0.8118, 3467
0.8121, 3466
0.8125, 3465
0.8128, 3464
0.8131, 3463
0.8134, 3462
0.8137, 3461
0.8140, 3460
0.8143, 3459
0.8146, 3458
0.8149, 3457
0.8152, 3456
0.8156, 3455
0.8159, 3454
0.8162, 3453
0.8165, 3452
0.8168, 3451
0.8171, 3450
0.8174, 3449
0.8177, 3448
0.8180, 3447
0.8183, 3446
0.8187, 3445
0.8190, 3444
0.8193, 3443
0.8196, 3442
0.8199, 3441
0.8202, 3440
0.8205, 3439
0.8208, 3438
0.8211, 3437
0.8214, 3436
0.8217, 3435
0.8220, 3434
0.8223, 3433
0.8226, 3432
0.8229, 3431
0.8233, 3430
0.8236, 3429
0.8239, 3428
0.8242, 3427
0.8245, 3426
0.8248, 3425
0.8251, 3424
0.8254, 3423
0.8257, 3422
0.8260, 3421
0.8263, 3420
0.8266, 3419
0.8270, 3418
0.8272, 3417
0.8275, 3416
0.8279, 3415
0.8282, 3414
0.8285, 3413
0.8288, 3412
0.8291, 3411
0.8294, 3410
0.8297, 3409
0.8300, 3408
0.8303, 3407
0.8306, 3406
0.8309, 3405
0.8312, 3404
0.8315, 3403
0.8318, 3402
0.8321, 3401
0.8323, 3400
0.8327, 3399
0.8330, 3398
0.8333, 3397
0.8336, 3396
0.8339, 3395
0.8342, 3394
0.8345, 3393
0.8348, 3392
0.8351, 3391
0.8354, 3390
0.8358, 3389
0.8361, 3388
0.8364, 3387
0.8367, 3386
0.8370, 3385
0.8373, 3384
0.8376, 3383
0.8379, 3382
0.8382, 3381
0.8385, 3380
0.8388, 3379
0.8392, 3378
0.8395, 3377
0.8398, 3376
0.8401, 3375
0.8404, 3374
0.8408, 3373
0.8411, 3372
0.8414, 3371
0.8417, 3370
0.8420, 3369
0.8423, 3368
0.8426, 3367
0.8429, 3366
0.8433, 3365
0.8436, 3364
0.8439, 3363
0.8443, 3362
0.8446, 3361
0.8449, 3360
0.8452, 3359
0.8455, 3358
0.8458, 3357
0.8461, 3356
0.8464, 3355
0.8467, 3354
0.8471, 3353
0.8474, 3352
0.8477, 3351
0.8480, 3350
0.8483, 3349
0.8486, 3348
0.8489, 3347
0.8492, 3346
0.8496, 3345
0.8499, 3344
0.8502, 3343
0.8505, 3342
0.8508, 3341
0.8511, 3340
0.8514, 3339
0.8517, 3338
0.8520, 3337
0.8523, 3336
0.8526, 3335
0.8529, 3334
0.8532, 3333
0.8535, 3332
0.8538, 3331
0.8541, 3330
0.8544, 3329
0.8547, 3328
0.8550, 3327
0.8553, 3326
0.8557, 3325
0.8560, 3324
0.8563, 3323
0.8566, 3322
0.8569, 3321
0.8572, 3320
0.8575, 3319
0.8578, 3318
0.8581, 3317
0.8584, 3316
0.8587, 3315
0.8590, 3314
0.8593, 3313
0.8596, 3312
0.8600, 3311
0.8603, 3310
0.8606, 3309
0.8609, 3308
0.8612, 3307
0.8615, 3306
0.8619, 3305
0.8622, 3304
0.8626, 3303
0.8629, 3302
0.8632, 3301
0.8636, 3300
0.8639, 3299
0.8642, 3298
0.8645, 3297
0.8648, 3296
0.8651, 3295
0.8654, 3294
0.8657, 3293
0.8661, 3292
0.8664, 3291
0.8667, 3290
0.8670, 3289
0.8673, 3288
0.8676, 3287
0.8679, 3286
0.8683, 3285
0.8686, 3284
0.8688, 3283
0.8692, 3282
0.8695, 3281
0.8699, 3280
0.8702, 3279
0.8705, 3278
0.8708, 3277
0.8712, 3276
0.8715, 3275
0.8718, 3274
0.8721, 3273
0.8724, 3272
0.8728, 3271
0.8731, 3270
0.8734, 3269
0.8737, 3268
0.8741, 3267
0.8744, 3266
0.8747, 3265
0.8750, 3264
0.8753, 3263
0.8756, 3262
0.8759, 3261
0.8762, 3260
0.8765, 3259
0.8768, 3258
0.8771, 3257
0.8775, 3256
0.8778, 3255
0.8781, 3254
0.8784, 3253
0.8787, 3252
0.8790, 3251
0.8794, 3250
0.8797, 3249
0.8800, 3248
0.8803, 3247
0.8806, 3246
0.8809, 3245
0.8812, 3244
0.8815, 3243
0.8818, 3242
0.8821, 3241
0.8824, 3240
0.8828, 3239
0.8831, 3238
0.8834, 3237
0.8837, 3236
0.8840, 3235
0.8843, 3234
0.8846, 3233
0.8849, 3232
0.8852, 3231
0.8855, 3230
0.8858, 3229
0.8861, 3228
0.8865, 3227
0.8868, 3226
0.8871, 3225
0.8874, 3224
0.8877, 3223
0.8880, 3222
0.8884, 3221
0.8887, 3220
0.8890, 3219
0.8893, 3218
0.8896, 3217
0.8898, 3216
0.8902, 3215
0.8905, 3214
0.8908, 3213
0.8911, 3212
0.8913, 3211
0.8916, 3210
0.8919, 3209
0.8922, 3208
0.8925, 3207
0.8928, 3206
0.8932, 3205
0.8935, 3204
0.8939, 3203
0.8942, 3202
0.8945, 3201
0.8948, 3200
0.8952, 3199
0.8955, 3198
0.8958, 3197
0.8962, 3196
0.8965, 3195
0.8969, 3194
0.8972, 3193
0.8975, 3192
0.8977, 3191
0.8981, 3190
0.8983, 3189
0.8987, 3188
0.8990, 3187
0.8993, 3186
0.8996, 3185
0.8999, 3184
0.9003, 3183
0.9006, 3182
0.9008, 3181
0.9011, 3180
0.9015, 3179
0.9018, 3178
0.9021, 3177
0.9024, 3176
0.9027, 3175
0.9030, 3174
0.9033, 3173
0.9036, 3172
0.9039, 3171
0.9042, 3170
0.9045, 3169
0.9048, 3168
0.9051, 3167
0.9054, 3166
0.9057, 3165
0.9060, 3164
0.9063, 3163
0.9066, 3162
0.9069, 3161
0.9072, 3160
0.9075, 3159
0.9078, 3158
0.9081, 3157
0.9084, 3156
0.9087, 3155
0.9090, 3154
0.9093, 3153
0.9095, 3152
0.9098, 3151
0.9102, 3150
0.9106, 3149
0.9109, 3148
0.9112, 3147
0.9115, 3146
0.9118, 3145
0.9122, 3144
0.9125, 3143
0.9128, 3142
0.9131, 3141
0.9134, 3140
0.9137, 3139
0.9140, 3138
0.9143, 3137
0.9146, 3136
0.9149, 3135
0.9152, 3134
0.9156, 3133
0.9159, 3132
0.9162, 3131
0.9165, 3130
0.9168, 3129
0.9170, 3128
0.9173, 3127
0.9177, 3126
0.9179, 3125
0.9182, 3124
0.9185, 3123
0.9188, 3122
0.9191, 3121
0.9194, 3120
0.9197, 3119
0.9199, 3118
0.9202, 3117
0.9205, 3116
0.9208, 3115
0.9211, 3114
0.9214, 3113
0.9217, 3112
0.9220, 3111
0.9223, 3110
0.9226, 3109
0.9229, 3108
0.9231, 3107
0.9234, 3106
0.9237, 3105
0.9240, 3104
0.9243, 3103
0.9246, 3102
0.9249, 3101
0.9252, 3100
0.9255, 3099
0.9258, 3098
0.9261, 3097
0.9264, 3096
0.9267, 3095
0.9270, 3094
0.9273, 3093
0.9275, 3092
0.9278, 3091
0.9281, 3090
0.9284, 3089
0.9287, 3088
0.9290, 3087
0.9293, 3086
0.9296, 3085
0.9299, 3084
0.9302, 3083
0.9305, 3082
0.9308, 3081
0.9311, 3080
0.9314, 3079
0.9317, 3078
0.9320, 3077
0.9323, 3076
0.9325, 3075
0.9328, 3074
0.9331, 3073
0.9334, 3072
0.9337, 3071
0.9340, 3070
0.9343, 3069
0.9346, 3068
0.9348, 3067
0.9351, 3066
0.9354, 3065
0.9357, 3064
0.9360, 3063
0.9362, 3062
0.9365, 3061
0.9368, 3060
0.9371, 3059
0.9374, 3058
0.9377, 3057
0.9380, 3056
0.9382, 3055
0.9385, 3054
0.9389, 3053
0.9392, 3052
0.9395, 3051
0.9398, 3050
0.9400, 3049
0.9403, 3048
0.9406, 3047
0.9409, 3046
0.9412, 3045
0.9415, 3044
0.9418, 3043
0.9420, 3042
0.9423, 3041
0.9426, 3040
0.9429, 3039
0.9432, 3038
0.9434, 3037
0.9437, 3036
0.9440, 3035
0.9443, 3034
0.9446, 3033
0.9449, 3032
0.9452, 3031
0.9455, 3030
0.9457, 3029
0.9460, 3028
0.9463, 3027
0.9466, 3026
0.9469, 3025
0.9471, 3024
0.9474, 3023
0.9477, 3022
0.9480, 3021
0.9483, 3020
0.9486, 3019
0.9489, 3018
0.9492, 3017
0.9494, 3016
0.9497, 3015
0.9500, 3014
0.9503, 3013
0.9505, 3012
0.9508, 3011
0.9511, 3010
0.9514, 3009
0.9516, 3008
0.9519, 3007
0.9522, 3006
0.9525, 3005
0.9528, 3004
0.9530, 3003
0.9533, 3002
0.9536, 3001
0.9538, 3000
0.9541, 2999
0.9544, 2998
0.9547, 2997
0.9550, 2996
0.9552, 2995
0.9555, 2994
0.9558, 2993
0.9561, 2992
0.9563, 2991
0.9566, 2990
0.9569, 2989
0.9572, 2988
0.9574, 2987
0.9578, 2986
0.9580, 2985
0.9583, 2984
0.9586, 2983
0.9588, 2982
0.9591, 2981
0.9594, 2980
0.9597, 2979
0.9600, 2978
0.9603, 2977
0.9606, 2976
0.9609, 2975
0.9612, 2974
0.9614, 2973
0.9617, 2972
0.9620, 2971
0.9623, 2970
0.9625, 2969
0.9628, 2968
0.9631, 2967
0.9633, 2966
0.9636, 2965
0.9639, 2964
0.9642, 2963
0.9645, 2962
0.9648, 2961
0.9651, 2960
0.9654, 2959
0.9657, 2958
0.9659, 2957
0.9663, 2956
0.9666, 2955
0.9668, 2954
0.9671, 2953
0.9674, 2952
0.9677, 2951
0.9680, 2950
0.9682, 2949
0.9685, 2948
0.9688, 2947
0.9691, 2946
0.9694, 2945
0.9696, 2944
0.9699, 2943
0.9702, 2942
0.9705, 2941
0.9709, 2940
0.9711, 2939
0.9714, 2938
0.9717, 2937
0.9720, 2936
0.9723, 2935
0.9726, 2934
0.9729, 2933
0.9732, 2932
0.9735, 2931
0.9738, 2930
0.9741, 2929
0.9745, 2928
0.9747, 2927
0.9750, 2926
0.9753, 2925
0.9756, 2924
0.9759, 2923
0.9762, 2922
0.9766, 2921
0.9769, 2920
0.9772, 2919
0.9775, 2918
0.9778, 2917
0.9781, 2916
0.9784, 2915
0.9787, 2914
0.9790, 2913
0.9793, 2912
0.9796, 2911
0.9799, 2910
0.9802, 2909
0.9805, 2908
0.9807, 2907
0.9810, 2906
0.9813, 2905
0.9816, 2904
0.9819, 2903
0.9821, 2902
0.9824, 2901
0.9827, 2900
0.9830, 2899
0.9833, 2898
0.9836, 2897
0.9839, 2896
0.9842, 2895
0.9845, 2894
0.9848, 2893
0.9851, 2892
0.9853, 2891
0.9856, 2890
0.9860, 2889
0.9863, 2888
0.9866, 2887
0.9868, 2886
0.9871, 2885
0.9874, 2884
0.9877, 2883
0.9880, 2882
0.9883, 2881
0.9885, 2880
0.9888, 2879
0.9891, 2878
0.9894, 2877
0.9897, 2876
0.9900, 2875
0.9902, 2874
0.9905, 2873
0.9908, 2872
0.9911, 2871
0.9914, 2870
0.9917, 2869
0.9919, 2868
0.9922, 2867
0.9925, 2866
0.9927, 2865
0.9930, 2864
0.9933, 2863
0.9936, 2862
0.9938, 2861
0.9941, 2860
0.9944, 2859
0.9947, 2858
0.9949, 2857
0.9952, 2856
0.9955, 2855
0.9958, 2854
0.9960, 2853
0.9964, 2852
0.9966, 2851
0.9970, 2850
0.9973, 2849
0.9976, 2848
0.9978, 2847
0.9981, 2846
0.9984, 2845
0.9987, 2844
0.9990, 2843
0.9993, 2842
0.9995, 2841
0.9998, 2840
1.0001, 2839
1.0004, 2838
1.0007, 2837
1.0010, 2836
1.0012, 2835
1.0015, 2834
1.0018, 2833
1.0021, 2832
1.0023, 2831
1.0026, 2830
1.0029, 2829
1.0032, 2828
1.0034, 2827
1.0037, 2826
1.0040, 2825
1.0043, 2824
1.0046, 2823
1.0048, 2822
1.0051, 2821
1.0054, 2820
1.0056, 2819
1.0059, 2818
1.0062, 2817
1.0064, 2816
1.0067, 2815
1.0070, 2814
1.0073, 2813
1.0075, 2812
1.0078, 2811
1.0081, 2810
1.0084, 2809
1.0086, 2808
1.0089, 2807
1.0092, 2806
1.0094, 2805
1.0097, 2804
1.0100, 2803
1.0103, 2802
1.0105, 2801
1.0108, 2800
1.0111, 2799
1.0114, 2798
1.0117, 2797
1.0120, 2796
1.0123, 2795
1.0125, 2794
1.0128, 2793
1.0131, 2792
1.0134, 2791
1.0137, 2790
1.0139, 2789
1.0142, 2788
1.0145, 2787
1.0147, 2786
1.0150, 2785
1.0153, 2784
1.0156, 2783
1.0158, 2782
1.0161, 2781
1.0164, 2780
1.0166, 2779
1.0169, 2778
1.0172, 2777
1.0174, 2776
1.0177, 2775
1.0180, 2774
1.0182, 2773
1.0185, 2772
1.0188, 2771
1.0190, 2770
1.0193, 2769
1.0196, 2768
1.0198, 2767
1.0201, 2766
1.0204, 2765
1.0206, 2764
1.0209, 2763
1.0211, 2762
1.0214, 2761
1.0217, 2760
1.0220, 2759
1.0222, 2758
1.0225, 2757
1.0228, 2756
1.0231, 2755
1.0233, 2754
1.0236, 2753
1.0239, 2752
1.0242, 2751
1.0245, 2750
1.0248, 2749
1.0251, 2748
1.0253, 2747
1.0256, 2746
1.0259, 2745
1.0262, 2744
1.0266, 2743
1.0268, 2742
1.0271, 2741
1.0274, 2740
1.0277, 2739
1.0280, 2738
1.0282, 2737
1.0285, 2736
1.0289, 2735
1.0291, 2734
1.0294, 2733
1.0297, 2732
1.0300, 2731
1.0303, 2730
1.0306, 2729
1.0309, 2728
1.0312, 2727
1.0315, 2726
1.0318, 2725
1.0321, 2724
1.0324, 2723
1.0326, 2722
1.0329, 2721
1.0332, 2720
1.0335, 2719
1.0337, 2718
1.0340, 2717
1.0343, 2716
1.0346, 2715
1.0348, 2714
1.0351, 2713
1.0354, 2712
1.0356, 2711
1.0359, 2710
1.0362, 2709
1.0365, 2708
1.0367, 2707
1.0370, 2706
1.0373, 2705
1.0376, 2704
1.0378, 2703
1.0381, 2702
1.0383, 2701
1.0386, 2700
1.0389, 2699
1.0391, 2698
1.0394, 2697
1.0397, 2696
1.0400, 2695
1.0403, 2694
1.0405, 2693
1.0408, 2692
1.0411, 2691
1.0414, 2690
1.0416, 2689
1.0419, 2688
1.0422, 2687
1.0424, 2686
1.0428, 2685
1.0431, 2684
1.0433, 2683
1.0436, 2682
1.0439, 2681
1.0441, 2680
1.0444, 2679
1.0446, 2678
1.0449, 2677
1.0453, 2676
1.0456, 2675
1.0459, 2674
1.0461, 2673
1.0464, 2672
1.0466, 2671
1.0469, 2670
1.0472, 2669
1.0475, 2668
1.0478, 2667
1.0480, 2666
1.0483, 2665
1.0486, 2664
1.0489, 2663
1.0492, 2662
1.0494, 2661
1.0497, 2660
1.0500, 2659
1.0503, 2658
1.0505, 2657
1.0508, 2656
1.0510, 2655
1.0513, 2654
1.0516, 2653
1.0518, 2652
1.0521, 2651
1.0523, 2650
1.0526, 2649
1.0528, 2648
1.0531, 2647
1.0533, 2646
1.0536, 2645
1.0538, 2644
1.0541, 2643
1.0543, 2642
1.0546, 2641
1.0549, 2640
1.0551, 2639
1.0554, 2638
1.0556, 2637
1.0559, 2636
1.0561, 2635
1.0564, 2634
1.0566, 2633
1.0569, 2632
1.0572, 2631
1.0574, 2630
1.0577, 2629
1.0579, 2628
1.0582, 2627
1.0585, 2626
1.0587, 2625
1.0590, 2624
1.0592, 2623
1.0595, 2622
1.0598, 2621
1.0600, 2620
1.0603, 2619
1.0606, 2618
1.0608, 2617
1.0611, 2616
1.0614, 2615
1.0616, 2614
1.0619, 2613
1.0622, 2612
1.0624, 2611
1.0627, 2610
1.0629, 2609
1.0632, 2608
1.0634, 2607
1.0637, 2606
1.0640, 2605
1.0643, 2604
1.0646, 2603
1.0648, 2602
1.0651, 2601
1.0654, 2600
1.0656, 2599
1.0659, 2598
1.0662, 2597
1.0664, 2596
1.0667, 2595
1.0669, 2594
1.0672, 2593
1.0675, 2592
1.0677, 2591
1.0680, 2590
1.0683, 2589
1.0686, 2588
1.0688, 2587
1.0691, 2586
1.0693, 2585
1.0696, 2584
1.0699, 2583
1.0701, 2582
1.0704, 2581
1.0706, 2580
1.0709, 2579
1.0712, 2578
1.0714, 2577
1.0717, 2576
1.0720, 2575
1.0722, 2574
1.0725, 2573
1.0728, 2572
1.0730, 2571
1.0733, 2570
1.0735, 2569
1.0738, 2568
1.0741, 2567
1.0786, 2566
1.0829, 2565
1.0831, 2564
1.0914, 2563
1.1024, 2562
1.1026, 2561
1.1110, 2560
1.1112, 2559
1.1282, 2558
1.1430, 2557
1.1556, 2556
1.1725, 2555
1.1811, 2554
1.1814, 2553
1.1963, 2552
1.2007, 2551
1.2010, 2550
1.2054, 2549
1.2201, 2548
1.2203, 2547
1.2393, 2546
1.2395, 2545
1.2439, 2544
1.2462, 2543
1.2464, 2542
1.2466, 2541
1.2551, 2540
1.2553, 2539
1.2556, 2538
1.2767, 2537
1.2852, 2536
1.2937, 2535
1.2940, 2534
1.3004, 2533
1.3152, 2532
1.3196, 2531
1.3471, 2530
1.3557, 2529
1.3559, 2528
1.3583, 2527
1.3585, 2526
1.3670, 2525
1.3714, 2524
1.3757, 2523
1.3802, 2522
1.3825, 2521
1.3849, 2520
1.3913, 2519
1.3915, 2518
1.3959, 2517
1.4003, 2516
1.4005, 2515
1.4007, 2514
1.4051, 2513
1.4137, 2512
1.4763, 2511
1.4869, 2510
1.4871, 2509
1.5059, 2508
1.5289, 2507
1.5353, 2506
1.5355, 2505
1.5542, 2504
1.5544, 2503
1.5672, 2502
1.5758, 2501
1.5866, 2500
1.6096, 2499
1.6310, 2498
1.6398, 2497
1.6400, 2496
1.6466, 2495
1.6468, 2494
1.6512, 2493
1.6576, 2492
1.6641, 2491
1.6684, 2490
1.6749, 2489
1.6793, 2488
1.6795, 2487
1.6797, 2486
1.6799, 2485
1.6823, 2484
1.6908, 2483
1.6910, 2482
1.6912, 2481
1.7060, 2480
1.7062, 2479
1.7065, 2478
1.7171, 2477
1.7318, 2476
1.7403, 2475
1.7448, 2474
1.7492, 2473
1.7556, 2472
1.7600, 2471
1.7602, 2470
1.7604, 2469
1.7607, 2468
1.7795, 2467
1.7922, 2466
1.7924, 2465
1.7968, 2464
1.7970, 2463
1.7972, 2462
1.8119, 2461
1.8245, 2460
1.8331, 2459
1.8540, 2458
1.8543, 2457
1.8628, 2456
1.8630, 2455
1.8654, 2454
1.8699, 2453
1.8784, 2452
1.8786, 2451
1.8979, 2450
1.9085, 2449
1.9191, 2448
1.9194, 2447
1.9321, 2446
1.9469, 2445
1.9635, 2444
1.9761, 2443
1.9825, 2442
1.9889, 2441
2.0141, 2440
2.0329, 2439
2.0413, 2438
2.0456, 2437
2.0664, 2436
2.0728, 2435
2.0793, 2434
2.0898, 2433
2.1169, 2432
2.1213, 2431
2.1342, 2430
2.1470, 2429
2.1520, 2428
2.1923, 2427
2.1926, 2426
2.2199, 2425
2.2201, 2424
2.2204, 2423
2.2436, 2422
2.2583, 2421
2.2586, 2420
2.2713, 2419
2.2841, 2418
2.3030, 2417
2.3074, 2416
2.3265, 2415
2.3330, 2414
2.3332, 2413
2.3522, 2412
2.3607, 2411
2.3671, 2410
2.3757, 2409
2.3759, 2408
2.3782, 2407
2.3784, 2406
2.3911, 2405
2.3934, 2404
2.3936, 2403
2.4003, 2402
2.4005, 2401
2.4007, 2400
2.4216, 2399
2.4301, 2398
2.4366, 2397
2.4410, 2396
2.4412, 2395
2.4415, 2394
2.4521, 2393
2.4607, 2392
2.4609, 2391
2.4611, 2390
2.4614, 2389
2.4679, 2388
2.4915, 2387
2.4962, 2386
2.4965, 2385
2.4967, 2384
2.4969, 2383
2.4972, 2382
2.4974, 2381
2.5048, 2380
2.5050, 2379
2.5146, 2378
2.5148, 2377
2.5150, 2376
2.5203, 2375
2.5205, 2374
2.5252, 2373
2.5299, 2372
2.5324, 2371
2.5371, 2370
2.5374, 2369
2.5376, 2368
2.5557, 2367
2.5559, 2366
2.5650, 2365
2.5697, 2364
2.5701, 2363
2.5705, 2362
2.5798, 2361
2.5801, 2360
2.5803, 2359
2.5806, 2358
2.5808, 2357
2.5810, 2356
2.6034, 2355
2.6036, 2354
2.6105, 2353
2.6107, 2352
2.6154, 2351
2.6205, 2350
2.6208, 2349
2.6210, 2348
2.6212, 2347
2.6261, 2346
2.6424, 2345
2.6492, 2344
2.6607, 2343
2.6644, 2342
2.6668, 2341
2.6968, 2340
2.6971, 2339
2.6973, 2338
2.7044, 2337
2.7046, 2336
2.7048, 2335
2.7095, 2334
2.7318, 2333
2.7320, 2332
2.7322, 2331
2.7504, 2330
2.7552, 2329
2.7554, 2328
2.7579, 2327
2.7759, 2326
2.8090, 2325
2.8092, 2324
2.8095, 2323
2.8119, 2322
2.8121, 2321
2.8212, 2320
2.8214, 2319
2.9627, 2318
2.9649, 2317
2.9672, 2316
2.9716, 2315
2.9718, 2314
2.9741, 2313
2.9784, 2312
2.9786, 2311
2.9829, 2310
3.0016, 2309
3.0060, 2308
3.0123, 2307
3.0125, 2306
3.0169, 2305
3.0171, 2304
3.0295, 2303
3.0360, 2302
3.0403, 2301
3.0405, 2300
3.0428, 2299
3.0534, 2298
3.0577, 2297
3.0580, 2296
3.0644, 2295
3.0646, 2294
3.0691, 2293
3.0693, 2292
3.0777, 2291
3.0820, 2290
3.0947, 2289
3.1010, 2288
3.1156, 2287
3.1158, 2286
3.1160, 2285
3.1224, 2284
3.1247, 2283
3.1250, 2282
3.1396, 2281
3.1501, 2280
3.1605, 2279
3.1857, 2278
3.1922, 2277
3.1967, 2276
3.2298, 2275
3.2385, 2274
3.2388, 2273
3.2390, 2272
3.2392, 2271
3.2437, 2270
3.2439, 2269
3.2548, 2268
3.2550, 2267
3.2573, 2266
3.2575, 2265
3.2686, 2264
3.2754, 2263
3.2882, 2262
3.2884, 2261
3.2953, 2260
3.3064, 2259
3.3066, 2258
3.3238, 2257
3.3376, 2256
3.3420, 2255
3.3548, 2254
3.3551, 2253
3.3678, 2252
3.3680, 2251
3.3744, 2250
3.3746, 2249
3.3748, 2248
3.3875, 2247
3.3877, 2246
3.3962, 2245
3.4046, 2244
3.4090, 2243
3.4277, 2242
3.4320, 2241
3.4426, 2240
3.4428, 2239
3.4616, 2238
3.4679, 2237
3.4764, 2236
3.4870, 2235
3.4873, 2234
3.4936, 2233
3.5103, 2232
3.5228, 2231
3.5291, 2230
3.5375, 2229
3.5604, 2228
3.5668, 2227
3.5795, 2226
3.6024, 2225
3.7476, 2224
3.7726, 2223
3.8039, 2222
3.8104, 2221
3.8293, 2220
3.8401, 2219
3.8403, 2218
3.8793, 2217
3.9908, 2216
4.0161, 2215
4.0287, 2214
4.1105, 2213
4.1342, 2212
4.2563, 2211
