0.6538, 3931
0.6542, 3930
0.6545, 3929
0.6548, 3928
0.6552, 3927
0.6555, 3926
0.6559, 3925
0.6562, 3924
0.6565, 3923
0.6569, 3922
0.6572, 3921
0.6576, 3920
0.6579, 3919
0.6583, 3918
0.6586, 3917
0.6589, 3916
0.6593, 3915
0.6596, 3914
0.6600, 3913
0.6603, 3912
0.6606, 3911
0.6610, 3910
0.6613, 3909
0.6616, 3908
0.6620, 3907
0.6623, 3906
0.6627, 3905
0.6630, 3904
0.6633, 3903
0.6637, 3902
0.6640, 3901
0.6643, 3900
0.6647, 3899
0.6650, 3898
0.6653, 3897
0.6657, 3896
0.6660, 3895
0.6664, 3894
0.6667, 3893
0.6670, 3892
0.6674, 3891
0.6677, 3890
0.6681, 3889
0.6684, 3888
0.6687, 3887
0.6691, 3886
0.6694, 3885
0.6698, 3884
0.6701, 3883
0.6704, 3882
0.6708, 3881
0.6711, 3880
0.6715, 3879
0.6718, 3878
0.6721, 3877
0.6725, 3876
0.6728, 3875
0.6731, 3874
0.6735, 3873
0.6738, 3872
0.6742, 3871
0.6745, 3870
0.6749, 3869
0.6752, 3868
0.6755, 3867
0.6759, 3866
0.6762, 3865
0.6766, 3864
0.6769, 3863
0.6773, 3862
0.6776, 3861
0.6779, 3860
0.6783, 3859
0.6786, 3858
0.6790, 3857
0.6793, 3856
0.6796, 3855
0.6800, 3854
0.6803, 3853
0.6806, 3852
0.6810, 3851
0.6813, 3850
0.6817, 3849
0.6820, 3848
0.6823, 3847
0.6827, 3846
0.6830, 3845
0.6834, 3844
0.6837, 3843
0.6840, 3842
0.6844, 3841
0.6847, 3840
0.6851, 3839
0.6854, 3838
0.6857, 3837
0.6861, 3836
0.6864, 3835
0.6868, 3834
0.6871, 3833
0.6874, 3832
0.6878, 3831
0.6881, 3830
0.6885, 3829
0.6888, 3828
0.6892, 3827
0.6895, 3826
0.6898, 3825
0.6902, 3824
0.6905, 3823
0.6909, 3822
0.6912, 3821
0.6915, 3820
0.6919, 3819
0.6922, 3818
0.6925, 3817
0.6929, 3816
0.6932, 3815
0.6936, 3814
0.6939, 3813
0.6942, 3812
0.6946, 3811
0.6949, 3810
0.6952, 3809
0.6956, 3808
0.6959, 3807
0.6962, 3806
0.6966, 3805
0.6969, 3804
0.6973, 3803
0.6976, 3802
0.6979, 3801
0.6983, 3800
0.6986, 3799
0.6990, 3798
0.6993, 3797
0.6996, 3796
0.7000, 3795
0.7004, 3794
0.7007, 3793
0.7010, 3792
0.7014, 3791
0.7017, 3790
0.7020, 3789
0.7024, 3788
0.7027, 3787
0.7030, 3786
0.7034, 3785
0.7037, 3784
0.7040, 3783
0.7044, 3782
0.7048, 3781
0.7051, 3780
0.7055, 3779
0.7058, 3778
0.7061, 3777
0.7065, 3776
0.7069, 3775
0.7072, 3774
0.7075, 3773
0.7079, 3772
0.7082, 3771
0.7085, 3770
0.7089, 3769
0.7092, 3768
0.7095, 3767
0.7099, 3766
0.7102, 3765
0.7105, 3764
0.7108, 3763
0.7112, 3762
0.7115, 3761
0.7118, 3760
0.7122, 3759
0.7125, 3758
0.7129, 3757
0.7132, 3756
0.7135, 3755
0.7139, 3754
0.7142, 3753
0.7146, 3752
0.7149, 3751
0.7152, 3750
0.7156, 3749
0.7160, 3748
0.7163, 3747
0.7166, 3746
0.7170, 3745
0.7173, 3744
0.7177, 3743
0.7180, 3742
0.7184, 3741
0.7187, 3740
0.7191, 3739
0.7194, 3738
0.7198, 3737
0.7201, 3736
0.7204, 3735
0.7208, 3734
0.7211, 3733
0.7214, 3732
0.7218, 3731
0.7221, 3730
0.7224, 3729
0.7228, 3728
0.7231, 3727
0.7234, 3726
0.7237, 3725
0.7241, 3724
0.7244, 3723
0.7247, 3722
0.7250, 3721
0.7254, 3720
0.7257, 3719
0.7261, 3718
0.7264, 3717
0.7267, 3716
0.7271, 3715
0.7274, 3714
0.7277, 3713
0.7281, 3712
0.7284, 3711
0.7287, 3710
0.7291, 3709
0.7294, 3708
0.7297, 3707
0.7301, 3706
0.7304, 3705
0.7308, 3704
0.7311, 3703
0.7315, 3702
0.7319, 3701
0.7322, 3700
0.7325, 3699
0.7328, 3698
0.7332, 3697
0.7335, 3696
0.7339, 3695
0.7342, 3694
0.7345, 3693
0.7349, 3692
0.7352, 3691
0.7355, 3690
0.7359, 3689
0.7362, 3688
0.7366, 3687
0.7369, 3686
0.7372, 3685
0.7376, 3684
0.7379, 3683
0.7382, 3682
0.7386, 3681
0.7389, 3680
0.7393, 3679
0.7396, 3678
0.7399, 3677
0.7403, 3676
0.7406, 3675
0.7409, 3674
0.7413, 3673
0.7416, 3672
0.7420, 3671
0.7423, 3670
0.7426, 3669
0.7430, 3668
0.7433, 3667
0.7436, 3666
0.7439, 3665
0.7443, 3664
0.7446, 3663
0.7449, 3662
0.7453, 3661
0.7456, 3660
0.7459, 3659
0.7463, 3658
0.7466, 3657
0.7469, 3656
0.7472, 3655
0.7476, 3654
0.7479, 3653
0.7482, 3652
0.7486, 3651
0.7489, 3650
0.7492, 3649
0.7495, 3648
0.7499, 3647
0.7502, 3646
0.7505, 3645
0.7509, 3644
0.7512, 3643
0.7515, 3642
0.7519, 3641
0.7522, 3640
0.7525, 3639
0.7529, 3638
0.7532, 3637
0.7535, 3636
0.7538, 3635
0.7542, 3634
0.7545, 3633
0.7548, 3632
0.7552, 3631
0.7555, 3630
0.7558, 3629
0.7561, 3628
0.7565, 3627
0.7568, 3626
0.7571, 3625
0.7574, 3624
0.7578, 3623
0.7581, 3622
0.7584, 3621
0.7587, 3620
0.7591, 3619
0.7594, 3618
0.7597, 3617
0.7601, 3616
0.7604, 3615
0.7607, 3614
0.7610, 3613
0.7613, 3612
0.7616, 3611
0.7620, 3610
0.7623, 3609
0.7626, 3608
0.7629, 3607
0.7633, 3606
0.7636, 3605
0.7639, 3604
0.7642, 3603
0.7646, 3602
0.7649, 3601
0.7652, 3600
0.7656, 3599
0.7662, 3598
0.7666, 3597
0.7669, 3596
0.7673, 3595
0.7676, 3594
0.7679, 3593
0.7683, 3592
0.7686, 3591
0.7689, 3590
0.7692, 3589
0.7696, 3588
0.7699, 3587
0.7702, 3586
0.7706, 3585
0.7709, 3584
0.7713, 3583
0.7716, 3582
0.7720, 3581
0.7723, 3580
0.7726, 3579
0.7730, 3578
0.7733, 3577
0.7737, 3576
0.7740, 3575
0.7744, 3574
0.7747, 3573
0.7750, 3572
0.7753, 3571
0.7757, 3570
0.7760, 3569
0.7764, 3568
0.7767, 3567
0.7770, 3566
0.7774, 3565
0.7777, 3564
0.7780, 3563
0.7783, 3562
0.7787, 3561
0.7790, 3560
0.7793, 3559
0.7796, 3558
0.7799, 3557
0.7803, 3556
0.7806, 3555
0.7809, 3554
0.7812, 3553
0.7816, 3552
0.7819, 3551
0.7822, 3550
0.7825, 3549
0.7829, 3548
0.7833, 3547
0.7836, 3546
0.7839, 3545
0.7843, 3544
0.7846, 3543
0.7850, 3542
0.7853, 3541
0.7856, 3540
0.7859, 3539
0.7862, 3538
0.7866, 3537
0.7869, 3536
0.7873, 3535
0.7876, 3534
0.7879, 3533
0.7883, 3532
0.7886, 3531
0.7890, 3530
0.7893, 3529
0.7896, 3528
0.7899, 3527
0.7903, 3526
0.7906, 3525
0.7909, 3524
0.7912, 3523
0.7916, 3522
0.7919, 3521
0.7923, 3520
0.7926, 3519
0.7929, 3518
0.7933, 3517
0.7936, 3516
0.7939, 3515
0.7943, 3514
0.7946, 3513
0.7949, 3512
0.7953, 3511
0.7956, 3510
0.7959, 3509
0.7963, 3508
0.7966, 3507
0.7970, 3506
0.7973, 3505
0.7976, 3504
0.7979, 3503
0.7983, 3502
0.7986, 3501
0.7989, 3500
0.7993, 3499
0.7996, 3498
0.7999, 3497
0.8002, 3496
0.8006, 3495
0.8009, 3494
0.8013, 3493
0.8016, 3492
0.8019, 3491
0.8023, 3490
0.8026, 3489
0.8030, 3488
0.8033, 3487
0.8036, 3486
0.8039, 3485
0.8043, 3484
0.8046, 3483
0.8049, 3482
0.8052, 3481
0.8056, 3480
0.8059, 3479
0.8062, 3478
0.8065, 3477
0.8068, 3476
0.8071, 3475
0.8075, 3474
0.8078, 3473
0.8081, 3472
0.8084, 3471
0.8087, 3470
0.8091, 3469
0.8094, 3468
0.8097, 3467
0.8100, 3466
0.8103, 3465
0.8106, 3464
0.8109, 3463
0.8112, 3462
0.8116, 3461
0.8119, 3460
0.8122, 3459
0.8125, 3458
0.8128, 3457
0.8131, 3456
0.8135, 3455
0.8138, 3454
0.8141, 3453
0.8144, 3452
0.8147, 3451
0.8150, 3450
0.8153, 3449
0.8157, 3448
0.8160, 3447
0.8163, 3446
0.8166, 3445
0.8169, 3444
0.8172, 3443
0.8175, 3442
0.8178, 3441
0.8181, 3440
0.8184, 3439
0.8188, 3438
0.8191, 3437
0.8194, 3436
0.8197, 3435
0.8200, 3434
0.8203, 3433
0.8206, 3432
0.8209, 3431
0.8212, 3430
0.8216, 3429
0.8219, 3428
0.8222, 3427
0.8225, 3426
0.8228, 3425
0.8231, 3424
0.8234, 3423
0.8237, 3422
0.8241, 3421
0.8244, 3420
0.8247, 3419
0.8250, 3418
0.8253, 3417
0.8256, 3416
0.8259, 3415
0.8262, 3414
0.8265, 3413
0.8268, 3412
0.8272, 3411
0.8275, 3410
0.8278, 3409
0.8281, 3408
0.8284, 3407
0.8287, 3406
0.8290, 3405
0.8293, 3404
0.8296, 3403
0.8299, 3402
0.8302, 3401
0.8306, 3400
0.8309, 3399
0.8312, 3398
0.8315, 3397
0.8319, 3396
0.8322, 3395
0.8325, 3394
0.8328, 3393
0.8332, 3392
0.8335, 3391
0.8339, 3390
0.8342, 3389
0.8345, 3388
0.8349, 3387
0.8352, 3386
0.8355, 3385
0.8358, 3384
0.8362, 3383
0.8365, 3382
0.8368, 3381
0.8371, 3380
0.8374, 3379
0.8378, 3378
0.8381, 3377
0.8384, 3376
0.8387, 3375
0.8391, 3374
0.8394, 3373
0.8397, 3372
0.8400, 3371
0.8404, 3370
0.8407, 3369
0.8410, 3368
0.8413, 3367
0.8416, 3366
0.8420, 3365
0.8423, 3364
0.8426, 3363
0.8430, 3362
0.8433, 3361
0.8436, 3360
0.8439, 3359
0.8442, 3358
0.8445, 3357
0.8449, 3356
0.8452, 3355
0.8456, 3354
0.8459, 3353
0.8462, 3352
0.8465, 3351
0.8469, 3350
0.8472, 3349
0.8475, 3348
0.8478, 3347
0.8482, 3346
0.8485, 3345
0.8488, 3344
0.8491, 3343
0.8494, 3342
0.8497, 3341
0.8500, 3340
0.8503, 3339
0.8506, 3338
0.8509, 3337
0.8513, 3336
0.8516, 3335
0.8519, 3334
0.8522, 3333
0.8525, 3332
0.8529, 3331
0.8532, 3330
0.8535, 3329
0.8538, 3328
0.8541, 3327
0.8544, 3326
0.8547, 3325
0.8550, 3324
0.8553, 3323
0.8556, 3322
0.8559, 3321
0.8562, 3320
0.8565, 3319
0.8568, 3318
0.8571, 3317
0.8575, 3316
0.8578, 3315
0.8582, 3314
0.8585, 3313
0.8588, 3312
0.8591, 3311
0.8594, 3310
0.8597, 3309
0.8601, 3308
0.8604, 3307
0.8607, 3306
0.8610, 3305
0.8613, 3304
0.8617, 3303
0.8620, 3302
0.8623, 3301
0.8627, 3300
0.8630, 3299
0.8633, 3298
0.8636, 3297
0.8639, 3296
0.8642, 3295
0.8645, 3294
0.8649, 3293
0.8653, 3292
0.8656, 3291
0.8659, 3290
0.8662, 3289
0.8665, 3288
0.8668, 3287
0.8671, 3286
0.8675, 3285
0.8677, 3284
0.8681, 3283
0.8684, 3282
0.8687, 3281
0.8691, 3280
0.8694, 3279
0.8698, 3278
0.8701, 3277
0.8704, 3276
0.8708, 3275
0.8711, 3274
0.8714, 3273
0.8717, 3272
0.8721, 3271
0.8724, 3270
0.8727, 3269
0.8730, 3268
0.8734, 3267
0.8737, 3266
0.8740, 3265
0.8743, 3264
0.8747, 3263
0.8750, 3262
0.8753, 3261
0.8756, 3260
0.8759, 3259
0.8762, 3258
0.8765, 3257
0.8768, 3256
0.8771, 3255
0.8774, 3254
0.8777, 3253
0.8780, 3252
0.8784, 3251
0.8787, 3250
0.8790, 3249
0.8793, 3248
0.8796, 3247
0.8799, 3246
0.8802, 3245
0.8805, 3244
0.8808, 3243
0.8812, 3242
0.8815, 3241
0.8818, 3240
0.8821, 3239
0.8824, 3238
0.8828, 3237
0.8831, 3236
0.8834, 3235
0.8837, 3234
0.8840, 3233
0.8843, 3232
0.8846, 3231
0.8849, 3230
0.8852, 3229
0.8856, 3228
0.8859, 3227
0.8862, 3226
0.8865, 3225
0.8868, 3224
0.8872, 3223
0.8875, 3222
0.8879, 3221
0.8882, 3220
0.8885, 3219
0.8888, 3218
0.8891, 3217
0.8895, 3216
0.8898, 3215
0.8901, 3214
0.8904, 3213
0.8907, 3212
0.8910, 3211
0.8913, 3210
0.8916, 3209
0.8919, 3208
0.8922, 3207
0.8926, 3206
0.8930, 3205
0.8933, 3204
0.8937, 3203
0.8940, 3202
0.8944, 3201
0.8948, 3200
0.8951, 3199
0.8954, 3198
0.8957, 3197
0.8960, 3196
0.8964, 3195
0.8967, 3194
0.8970, 3193
0.8973, 3192
0.8976, 3191
0.8980, 3190
0.8983, 3189
0.8986, 3188
0.8989, 3187
0.8992, 3186
0.8995, 3185
0.8998, 3184
0.9002, 3183
0.9005, 3182
0.9008, 3181
0.9011, 3180
0.9014, 3179
0.9017, 3178
0.9020, 3177
0.9023, 3176
0.9026, 3175
0.9029, 3174
0.9032, 3173
0.9037, 3172
0.9040, 3171
0.9043, 3170
0.9046, 3169
0.9049, 3168
0.9052, 3167
0.9055, 3166
0.9058, 3165
0.9061, 3164
0.9064, 3163
0.9067, 3162
0.9070, 3161
0.9073, 3160
0.9076, 3159
0.9080, 3158
0.9083, 3157
0.9086, 3156
0.9089, 3155
0.9092, 3154
0.9095, 3153
0.9098, 3152
0.9101, 3151
0.9104, 3150
0.9107, 3149
0.9110, 3148
0.9113, 3147
0.9116, 3146
0.9119, 3145
0.9122, 3144
0.9126, 3143
0.9129, 3142
0.9132, 3141
0.9135, 3140
0.9138, 3139
0.9141, 3138
0.9145, 3137
0.9148, 3136
0.9151, 3135
0.9155, 3134
0.9158, 3133
0.9161, 3132
0.9164, 3131
0.9168, 3130
0.9171, 3129
0.9174, 3128
0.9177, 3127
0.9181, 3126
0.9184, 3125
0.9188, 3124
0.9191, 3123
0.9194, 3122
0.9197, 3121
0.9200, 3120
0.9203, 3119
0.9206, 3118
0.9209, 3117
0.9212, 3116
0.9215, 3115
0.9218, 3114
0.9221, 3113
0.9223, 3112
0.9226, 3111
0.9229, 3110
0.9232, 3109
0.9235, 3108
0.9238, 3107
0.9241, 3106
0.9244, 3105
0.9247, 3104
0.9249, 3103
0.9252, 3102
0.9255, 3101
0.9258, 3100
0.9261, 3099
0.9264, 3098
0.9267, 3097
0.9270, 3096
0.9273, 3095
0.9276, 3094
0.9278, 3093
0.9281, 3092
0.9284, 3091
0.9287, 3090
0.9290, 3089
0.9293, 3088
0.9296, 3087
0.9299, 3086
0.9302, 3085
0.9305, 3084
0.9307, 3083
0.9310, 3082
0.9313, 3081
0.9316, 3080
0.9319, 3079
0.9322, 3078
0.9325, 3077
0.9328, 3076
0.9331, 3075
0.9335, 3074
0.9338, 3073
0.9341, 3072
0.9344, 3071
0.9346, 3070
0.9349, 3069
0.9352, 3068
0.9355, 3067
0.9358, 3066
0.9361, 3065
0.9364, 3064
0.9367, 3063
0.9370, 3062
0.9372, 3061
0.9375, 3060
0.9378, 3059
0.9381, 3058
0.9384, 3057
0.9386, 3056
0.9389, 3055
0.9392, 3054
0.9395, 3053
0.9398, 3052
0.9401, 3051
0.9404, 3050
0.9407, 3049
0.9410, 3048
0.9413, 3047
0.9416, 3046
0.9420, 3045
0.9423, 3044
0.9426, 3043
0.9429, 3042
0.9431, 3041
0.9434, 3040
0.9437, 3039
0.9440, 3038
0.9443, 3037
0.9446, 3036
0.9449, 3035
0.9452, 3034
0.9455, 3033
0.9457, 3032
0.9460, 3031
0.9463, 3030
0.9466, 3029
0.9468, 3028
0.9471, 3027
0.9474, 3026
0.9477, 3025
0.9480, 3024
0.9484, 3023
0.9487, 3022
0.9489, 3021
0.9492, 3020
0.9495, 3019
0.9498, 3018
0.9501, 3017
0.9503, 3016
0.9506, 3015
0.9509, 3014
0.9512, 3013
0.9514, 3012
0.9518, 3011
0.9521, 3010
0.9524, 3009
0.9526, 3008
0.9529, 3007
0.9532, 3006
0.9535, 3005
0.9538, 3004
0.9541, 3003
0.9543, 3002
0.9546, 3001
0.9549, 3000
0.9552, 2999
0.9554, 2998
0.9557, 2997
0.9560, 2996
0.9563, 2995
0.9566, 2994
0.9568, 2993
0.9571, 2992
0.9574, 2991
0.9577, 2990
0.9580, 2989
0.9582, 2988
0.9585, 2987
0.9588, 2986
0.9591, 2985
0.9593, 2984
0.9596, 2983
0.9599, 2982
0.9602, 2981
0.9605, 2980
0.9608, 2979
0.9611, 2978
0.9614, 2977
0.9617, 2976
0.9620, 2975
0.9622, 2974
0.9625, 2973
0.9628, 2972
0.9631, 2971
0.9634, 2970
0.9637, 2969
0.9640, 2968
0.9643, 2967
0.9646, 2966
0.9648, 2965
0.9651, 2964
0.9654, 2963
0.9657, 2962
0.9660, 2961
0.9662, 2960
0.9665, 2959
0.9668, 2958
0.9671, 2957
0.9674, 2956
0.9677, 2955
0.9681, 2954
0.9684, 2953
0.9687, 2952
0.9690, 2951
0.9692, 2950
0.9696, 2949
0.9699, 2948
0.9702, 2947
0.9705, 2946
0.9708, 2945
0.9711, 2944
0.9714, 2943
0.9717, 2942
0.9719, 2941
0.9722, 2940
0.9725, 2939
0.9728, 2938
0.9731, 2937
0.9734, 2936
0.9737, 2935
0.9740, 2934
0.9743, 2933
0.9746, 2932
0.9749, 2931
0.9752, 2930
0.9755, 2929
0.9758, 2928
0.9762, 2927
0.9765, 2926
0.9768, 2925
0.9771, 2924
0.9774, 2923
0.9777, 2922
0.9781, 2921
0.9784, 2920
0.9786, 2919
0.9789, 2918
0.9792, 2917
0.9795, 2916
0.9799, 2915
0.9802, 2914
0.9805, 2913
0.9808, 2912
0.9811, 2911
0.9814, 2910
0.9817, 2909
0.9820, 2908
0.9823, 2907
0.9826, 2906
0.9829, 2905
0.9832, 2904
0.9835, 2903
0.9838, 2902
0.9841, 2901
0.9843, 2900
0.9846, 2899
0.9849, 2898
0.9853, 2897
0.9856, 2896
0.9859, 2895
0.9862, 2894
0.9865, 2893
0.9868, 2892
0.9871, 2891
0.9874, 2890
0.9877, 2889
0.9880, 2888
0.9883, 2887
0.9886, 2886
0.9889, 2885
0.9892, 2884
0.9895, 2883
0.9898, 2882
0.9901, 2881
0.9904, 2880
0.9907, 2879
0.9910, 2878
0.9913, 2877
0.9916, 2876
0.9919, 2875
0.9922, 2874
0.9924, 2873
0.9927, 2872
0.9930, 2871
0.9934, 2870
0.9937, 2869
0.9939, 2868
0.9942, 2867
0.9946, 2866
0.9948, 2865
0.9951, 2864
0.9955, 2863
0.9958, 2862
0.9960, 2861
0.9963, 2860
0.9966, 2859
0.9969, 2858
0.9972, 2857
0.9975, 2856
0.9978, 2855
0.9981, 2854
0.9983, 2853
0.9986, 2852
0.9989, 2851
0.9991, 2850
0.9994, 2849
0.9997, 2848
1.0000, 2847
1.0002, 2846
1.0005, 2845
1.0008, 2844
1.0011, 2843
1.0014, 2842
1.0017, 2841
1.0020, 2840
1.0023, 2839
1.0026, 2838
1.0028, 2837
1.0031, 2836
1.0034, 2835
1.0036, 2834
1.0039, 2833
1.0042, 2832
1.0045, 2831
1.0048, 2830
1.0051, 2829
1.0054, 2828
1.0056, 2827
1.0059, 2826
1.0062, 2825
1.0065, 2824
1.0067, 2823
1.0070, 2822
1.0073, 2821
1.0076, 2820
1.0079, 2819
1.0081, 2818
1.0084, 2817
1.0087, 2816
1.0090, 2815
1.0093, 2814
1.0096, 2813
1.0098, 2812
1.0102, 2811
1.0104, 2810
1.0107, 2809
1.0110, 2808
1.0113, 2807
1.0115, 2806
1.0118, 2805
1.0121, 2804
1.0124, 2803
1.0127, 2802
1.0130, 2801
1.0133, 2800
1.0135, 2799
1.0138, 2798
1.0142, 2797
1.0145, 2796
1.0147, 2795
1.0150, 2794
1.0153, 2793
1.0156, 2792
1.0159, 2791
1.0162, 2790
1.0164, 2789
1.0167, 2788
1.0170, 2787
1.0173, 2786
1.0176, 2785
1.0179, 2784
1.0182, 2783
1.0185, 2782
1.0188, 2781
1.0190, 2780
1.0193, 2779
1.0196, 2778
1.0199, 2777
1.0202, 2776
1.0204, 2775
1.0207, 2774
1.0210, 2773
1.0212, 2772
1.0215, 2771
1.0218, 2770
1.0220, 2769
1.0223, 2768
1.0226, 2767
1.0228, 2766
1.0231, 2765
1.0234, 2764
1.0236, 2763
1.0239, 2762
1.0242, 2761
1.0245, 2760
1.0247, 2759
1.0250, 2758
1.0252, 2757
1.0255, 2756
1.0258, 2755
1.0260, 2754
1.0263, 2753
1.0266, 2752
1.0269, 2751
1.0271, 2750
1.0274, 2749
1.0277, 2748
1.0280, 2747
1.0283, 2746
1.0286, 2745
1.0289, 2744
1.0291, 2743
1.0294, 2742
1.0297, 2741
1.0299, 2740
1.0302, 2739
1.0305, 2738
1.0307, 2737
1.0311, 2736
1.0314, 2735
1.0317, 2734
1.0320, 2733
1.0323, 2732
1.0325, 2731
1.0328, 2730
1.0331, 2729
1.0334, 2728
1.0337, 2727
1.0340, 2726
1.0343, 2725
1.0346, 2724
1.0349, 2723
1.0352, 2722
1.0355, 2721
1.0358, 2720
1.0361, 2719
1.0364, 2718
1.0367, 2717
1.0369, 2716
1.0372, 2715
1.0375, 2714
1.0378, 2713
1.0381, 2712
1.0384, 2711
1.0387, 2710
1.0390, 2709
1.0393, 2708
1.0395, 2707
1.0398, 2706
1.0400, 2705
1.0403, 2704
1.0406, 2703
1.0409, 2702
1.0412, 2701
1.0415, 2700
1.0417, 2699
1.0420, 2698
1.0423, 2697
1.0426, 2696
1.0429, 2695
1.0431, 2694
1.0434, 2693
1.0437, 2692
1.0440, 2691
1.0442, 2690
1.0445, 2689
1.0448, 2688
1.0451, 2687
1.0453, 2686
1.0456, 2685
1.0459, 2684
1.0462, 2683
1.0464, 2682
1.0467, 2681
1.0470, 2680
1.0473, 2679
1.0475, 2678
1.0478, 2677
1.0481, 2676
1.0483, 2675
1.0486, 2674
1.0489, 2673
1.0491, 2672
1.0495, 2671
1.0498, 2670
1.0501, 2669
1.0504, 2668
1.0507, 2667
1.0510, 2666
1.0512, 2665
1.0515, 2664
1.0518, 2663
1.0520, 2662
1.0523, 2661
1.0525, 2660
1.0528, 2659
1.0531, 2658
1.0533, 2657
1.0536, 2656
1.0539, 2655
1.0541, 2654
1.0544, 2653
1.0547, 2652
1.0550, 2651
1.0553, 2650
1.0555, 2649
1.0558, 2648
1.0561, 2647
1.0564, 2646
1.0566, 2645
1.0569, 2644
1.0572, 2643
1.0575, 2642
1.0577, 2641
1.0580, 2640
1.0583, 2639
1.0585, 2638
1.0588, 2637
1.0591, 2636
1.0593, 2635
1.0596, 2634
1.0598, 2633
1.0601, 2632
1.0604, 2631
1.0606, 2630
1.0609, 2629
1.0612, 2628
1.0614, 2627
1.0617, 2626
1.0619, 2625
1.0622, 2624
1.0625, 2623
1.0628, 2622
1.0631, 2621
1.0633, 2620
1.0636, 2619
1.0639, 2618
1.0642, 2617
1.0644, 2616
1.0647, 2615
1.0650, 2614
1.0653, 2613
1.0655, 2612
1.0658, 2611
1.0661, 2610
1.0664, 2609
1.0667, 2608
1.0669, 2607
1.0672, 2606
1.0674, 2605
1.0677, 2604
1.0680, 2603
1.0682, 2602
1.0685, 2601
1.0688, 2600
1.0691, 2599
1.0694, 2598
1.0697, 2597
1.0699, 2596
1.0702, 2595
1.0705, 2594
1.0707, 2593
1.0710, 2592
1.0713, 2591
1.0716, 2590
1.0718, 2589
1.0721, 2588
1.0723, 2587
1.0726, 2586
1.0729, 2585
1.0731, 2584
1.0734, 2583
1.0737, 2582
1.0740, 2581
1.0742, 2580
1.0745, 2579
1.0747, 2578
1.0750, 2577
1.0753, 2576
1.0755, 2575
1.0758, 2574
1.0761, 2573
1.0764, 2572
1.0766, 2571
1.0769, 2570
1.0772, 2569
1.0775, 2568
1.0777, 2567
1.0780, 2566
1.0783, 2565
1.0785, 2564
1.0788, 2563
1.0790, 2562
1.0794, 2561
1.0797, 2560
1.0843, 2559
1.0907, 2558
1.0991, 2557
1.1077, 2556
1.1079, 2555
1.1163, 2554
1.1165, 2553
1.1353, 2552
1.1519, 2551
1.1521, 2550
1.1834, 2549
1.1836, 2548
1.1922, 2547
1.2069, 2546
1.2072, 2545
1.2074, 2544
1.2139, 2543
1.2306, 2542
1.2308, 2541
1.2433, 2540
1.2477, 2539
1.2500, 2538
1.2523, 2537
1.2526, 2536
1.2528, 2535
1.2572, 2534
1.2636, 2533
1.2638, 2532
1.2806, 2531
1.2890, 2530
1.2975, 2529
1.2977, 2528
1.3041, 2527
1.3085, 2526
1.3088, 2525
1.3152, 2524
1.3257, 2523
1.3466, 2522
1.3613, 2521
1.3636, 2520
1.3638, 2519
1.3744, 2518
1.3747, 2517
1.3749, 2516
1.3792, 2515
1.3836, 2514
1.3839, 2513
1.3862, 2512
1.3926, 2511
1.3928, 2510
1.3993, 2509
1.3995, 2508
1.3997, 2507
1.4082, 2506
1.4125, 2505
1.4169, 2504
1.4790, 2503
1.4916, 2502
1.4918, 2501
1.5067, 2500
1.5323, 2499
1.5533, 2498
1.5535, 2497
1.5661, 2496
1.5746, 2495
1.5874, 2494
1.6103, 2493
1.6291, 2492
1.6399, 2491
1.6401, 2490
1.6466, 2489
1.6468, 2488
1.6512, 2487
1.6618, 2486
1.6661, 2485
1.6664, 2484
1.6727, 2483
1.6813, 2482
1.6815, 2481
1.6817, 2480
1.6819, 2479
1.6822, 2478
1.6908, 2477
1.6910, 2476
1.6912, 2475
1.7059, 2474
1.7062, 2473
1.7064, 2472
1.7253, 2471
1.7297, 2470
1.7424, 2469
1.7426, 2468
1.7533, 2467
1.7556, 2466
1.7600, 2465
1.7602, 2464
1.7604, 2463
1.7606, 2462
1.7795, 2461
1.7921, 2460
1.7964, 2459
1.7966, 2458
1.7969, 2457
1.7971, 2456
1.8117, 2455
1.8326, 2454
1.8475, 2453
1.8518, 2452
1.8521, 2451
1.8627, 2450
1.8629, 2449
1.8652, 2448
1.8716, 2447
1.8844, 2446
1.8847, 2445
1.9078, 2444
1.9080, 2443
1.9167, 2442
1.9190, 2441
1.9255, 2440
1.9467, 2439
1.9676, 2438
1.9720, 2437
1.9826, 2436
1.9912, 2435
2.0080, 2434
2.0332, 2433
2.0418, 2432
2.0462, 2431
2.0679, 2430
2.0744, 2429
2.0894, 2428
2.1187, 2427
2.1190, 2426
2.1234, 2425
2.1383, 2424
2.1491, 2423
2.1514, 2422
2.1911, 2421
2.1913, 2420
2.2189, 2419
2.2298, 2418
2.2301, 2417
2.2388, 2416
2.2561, 2415
2.2563, 2414
2.2713, 2413
2.2779, 2412
2.2993, 2411
2.3079, 2410
2.3269, 2409
2.3333, 2408
2.3480, 2407
2.3586, 2406
2.3609, 2405
2.3756, 2404
2.3758, 2403
2.3760, 2402
2.3784, 2401
2.3786, 2400
2.3892, 2399
2.3894, 2398
2.3959, 2397
2.3961, 2396
2.3963, 2395
2.4028, 2394
2.4174, 2393
2.4197, 2392
2.4241, 2391
2.4368, 2390
2.4370, 2389
2.4414, 2388
2.4416, 2387
2.4419, 2386
2.4483, 2385
2.4569, 2384
2.4571, 2383
2.4678, 2382
2.4680, 2381
2.4682, 2380
2.4914, 2379
2.4937, 2378
2.4980, 2377
2.4983, 2376
2.5047, 2375
2.5049, 2374
2.5134, 2373
2.5136, 2372
2.5138, 2371
2.5182, 2370
2.5184, 2369
2.5228, 2368
2.5293, 2367
2.5295, 2366
2.5359, 2365
2.5362, 2364
2.5364, 2363
2.5511, 2362
2.5514, 2361
2.5558, 2360
2.5623, 2359
2.5625, 2358
2.5627, 2357
2.5713, 2356
2.5716, 2355
2.5718, 2354
2.5720, 2353
2.5723, 2352
2.5725, 2351
2.5936, 2350
2.5938, 2349
2.5981, 2348
2.5984, 2347
2.6092, 2346
2.6095, 2345
2.6097, 2344
2.6099, 2343
2.6101, 2342
2.6146, 2341
2.6294, 2340
2.6359, 2339
2.6445, 2338
2.6490, 2337
2.6513, 2336
2.6681, 2335
2.6789, 2334
2.6978, 2333
2.7105, 2332
2.7107, 2331
2.7109, 2330
2.7320, 2329
2.7322, 2328
2.7325, 2327
2.7368, 2326
2.7600, 2325
2.7812, 2324
2.7814, 2323
2.7816, 2322
2.7818, 2321
2.7903, 2320
2.7905, 2319
2.8074, 2318
2.8077, 2317
2.8371, 2316
2.8373, 2315
2.8731, 2314
2.9364, 2313
2.9388, 2312
2.9412, 2311
2.9456, 2310
2.9459, 2309
2.9482, 2308
2.9525, 2307
2.9527, 2306
2.9571, 2305
2.9777, 2304
2.9842, 2303
2.9887, 2302
2.9889, 2301
2.9934, 2300
2.9936, 2299
3.0064, 2298
3.0170, 2297
3.0172, 2296
3.0174, 2295
3.0198, 2294
3.0283, 2293
3.0349, 2292
3.0351, 2291
3.0395, 2290
3.0439, 2289
3.0441, 2288
3.0464, 2287
3.0550, 2286
3.0593, 2285
3.0720, 2284
3.0805, 2283
3.0911, 2282
3.0913, 2281
3.0956, 2280
3.1000, 2279
3.1023, 2278
3.1025, 2277
3.1173, 2276
3.1320, 2275
3.1407, 2274
3.1617, 2273
3.1661, 2272
3.1791, 2271
3.2083, 2270
3.2148, 2269
3.2150, 2268
3.2152, 2267
3.2155, 2266
3.2199, 2265
3.2201, 2264
3.2244, 2263
3.2329, 2262
3.2331, 2261
3.2333, 2260
3.2439, 2259
3.2523, 2258
3.2567, 2257
3.2611, 2256
3.2676, 2255
3.2803, 2254
3.2805, 2253
3.3077, 2252
3.3079, 2251
3.3123, 2250
3.3125, 2249
3.3168, 2248
3.3421, 2247
3.3551, 2246
3.3553, 2245
3.3622, 2244
3.3686, 2243
3.3689, 2242
3.3879, 2241
3.3923, 2240
3.4089, 2239
3.4255, 2238
3.4421, 2237
3.4445, 2236
3.4540, 2235
3.4542, 2234
3.4545, 2233
3.5062, 2232
3.5154, 2231
3.5157, 2230
3.5233, 2229
3.5236, 2228
3.5564, 2227
3.5711, 2226
3.5999, 2225
3.7927, 2224
3.8338, 2223
3.8579, 2222
3.8666, 2221
3.8784, 2220
3.9372, 2219
4.0858, 2218
4.0861, 2217
4.0947, 2216
4.3328, 2215
