0.6489, 3931
0.6493, 3930
0.6497, 3929
0.6500, 3928
0.6504, 3927
0.6507, 3926
0.6510, 3925
0.6514, 3924
0.6517, 3923
0.6520, 3922
0.6523, 3921
0.6527, 3920
0.6530, 3919
0.6533, 3918
0.6537, 3917
0.6540, 3916
0.6543, 3915
0.6546, 3914
0.6550, 3913
0.6553, 3912
0.6556, 3911
0.6559, 3910
0.6563, 3909
0.6566, 3908
0.6569, 3907
0.6573, 3906
0.6576, 3905
0.6579, 3904
0.6582, 3903
0.6586, 3902
0.6589, 3901
0.6592, 3900
0.6595, 3899
0.6599, 3898
0.6602, 3897
0.6605, 3896
0.6609, 3895
0.6612, 3894
0.6615, 3893
0.6619, 3892
0.6622, 3891
0.6626, 3890
0.6629, 3889
0.6633, 3888
0.6636, 3887
0.6640, 3886
0.6643, 3885
0.6646, 3884
0.6649, 3883
0.6653, 3882
0.6656, 3881
0.6659, 3880
0.6663, 3879
0.6666, 3878
0.6669, 3877
0.6672, 3876
0.6676, 3875
0.6679, 3874
0.6682, 3873
0.6685, 3872
0.6688, 3871
0.6692, 3870
0.6695, 3869
0.6698, 3868
0.6701, 3867
0.6705, 3866
0.6708, 3865
0.6711, 3864
0.6715, 3863
0.6718, 3862
0.6721, 3861
0.6724, 3860
0.6727, 3859
0.6731, 3858
0.6734, 3857
0.6737, 3856
0.6740, 3855
0.6744, 3854
0.6747, 3853
0.6750, 3852
0.6753, 3851
0.6757, 3850
0.6760, 3849
0.6763, 3848
0.6766, 3847
0.6770, 3846
0.6773, 3845
0.6776, 3844
0.6780, 3843
0.6783, 3842
0.6786, 3841
0.6790, 3840
0.6793, 3839
0.6796, 3838
0.6800, 3837
0.6803, 3836
0.6806, 3835
0.6810, 3834
0.6813, 3833
0.6816, 3832
0.6820, 3831
0.6823, 3830
0.6827, 3829
0.6830, 3828
0.6833, 3827
0.6836, 3826
0.6840, 3825
0.6843, 3824
0.6846, 3823
0.6849, 3822
0.6853, 3821
0.6856, 3820
0.6859, 3819
0.6863, 3818
0.6867, 3817
0.6870, 3816
0.6874, 3815
0.6877, 3814
0.6881, 3813
0.6884, 3812
0.6888, 3811
0.6891, 3810
0.6895, 3809
0.6898, 3808
0.6902, 3807
0.6905, 3806
0.6909, 3805
0.6912, 3804
0.6915, 3803
0.6919, 3802
0.6922, 3801
0.6926, 3800
0.6929, 3799
0.6933, 3798
0.6936, 3797
0.6939, 3796
0.6942, 3795
0.6946, 3794
0.6949, 3793
0.6953, 3792
0.6956, 3791
0.6959, 3790
0.6963, 3789
0.6966, 3788
0.6969, 3787
0.6973, 3786
0.6976, 3785
0.6979, 3784
0.6983, 3783
0.6986, 3782
0.6990, 3781
0.6993, 3780
0.6997, 3779
0.7000, 3778
0.7004, 3777
0.7007, 3776
0.7010, 3775
0.7014, 3774
0.7017, 3773
0.7020, 3772
0.7024, 3771
0.7027, 3770
0.7030, 3769
0.7034, 3768
0.7037, 3767
0.7040, 3766
0.7044, 3765
0.7047, 3764
0.7050, 3763
0.7054, 3762
0.7057, 3761
0.7060, 3760
0.7064, 3759
0.7067, 3758
0.7071, 3757
0.7074, 3756
0.7077, 3755
0.7081, 3754
0.7084, 3753
0.7088, 3752
0.7091, 3751
0.7094, 3750
0.7098, 3749
0.7101, 3748
0.7105, 3747
0.7108, 3746
0.7113, 3745
0.7116, 3744
0.7120, 3743
0.7124, 3742
0.7128, 3741
0.7131, 3740
0.7135, 3739
0.7138, 3738
0.7141, 3737
0.7145, 3736
0.7148, 3735
0.7152, 3734
0.7156, 3733
0.7159, 3732
0.7162, 3731
0.7166, 3730
0.7169, 3729
0.7172, 3728
0.7175, 3727
0.7178, 3726
0.7182, 3725
0.7185, 3724
0.7189, 3723
0.7192, 3722
0.7195, 3721
0.7199, 3720
0.7202, 3719
0.7206, 3718
0.7209, 3717
0.7213, 3716
0.7216, 3715
0.7220, 3714
0.7223, 3713
0.7227, 3712
0.7231, 3711
0.7234, 3710
0.7238, 3709
0.7241, 3708
0.7245, 3707
0.7248, 3706
0.7251, 3705
0.7255, 3704
0.7258, 3703
0.7261, 3702
0.7264, 3701
0.7268, 3700
0.7271, 3699
0.7274, 3698
0.7278, 3697
0.7281, 3696
0.7284, 3695
0.7287, 3694
0.7291, 3693
0.7295, 3692
0.7298, 3691
0.7301, 3690
0.7305, 3689
0.7309, 3688
0.7312, 3687
0.7315, 3686
0.7318, 3685
0.7322, 3684
0.7325, 3683
0.7329, 3682
0.7332, 3681
0.7335, 3680
0.7339, 3679
0.7342, 3678
0.7345, 3677
0.7348, 3676
0.7352, 3675
0.7355, 3674
0.7358, 3673
0.7361, 3672
0.7365, 3671
0.7368, 3670
0.7371, 3669
0.7374, 3668
0.7377, 3667
0.7380, 3666
0.7384, 3665
0.7387, 3664
0.7390, 3663
0.7394, 3662
0.7397, 3661
0.7400, 3660
0.7403, 3659
0.7407, 3658
0.7410, 3657
0.7413, 3656
0.7416, 3655
0.7419, 3654
0.7422, 3653
0.7426, 3652
0.7429, 3651
0.7432, 3650
0.7435, 3649
0.7439, 3648
0.7442, 3647
0.7446, 3646
0.7449, 3645
0.7452, 3644
0.7456, 3643
0.7459, 3642
0.7462, 3641
0.7466, 3640
0.7469, 3639
0.7472, 3638
0.7475, 3637
0.7479, 3636
0.7482, 3635
0.7486, 3634
0.7489, 3633
0.7493, 3632
0.7496, 3631
0.7499, 3630
0.7503, 3629
0.7507, 3628
0.7510, 3627
0.7513, 3626
0.7516, 3625
0.7520, 3624
0.7524, 3623
0.7527, 3622
0.7531, 3621
0.7534, 3620
0.7537, 3619
0.7541, 3618
0.7544, 3617
0.7547, 3616
0.7550, 3615
0.7553, 3614
0.7557, 3613
0.7560, 3612
0.7563, 3611
0.7567, 3610
0.7570, 3609
0.7573, 3608
0.7576, 3607
0.7580, 3606
0.7583, 3605
0.7586, 3604
0.7590, 3603
0.7593, 3602
0.7597, 3601
0.7600, 3600
0.7604, 3599
0.7607, 3598
0.7610, 3597
0.7614, 3596
0.7617, 3595
0.7620, 3594
0.7623, 3593
0.7627, 3592
0.7630, 3591
0.7633, 3590
0.7637, 3589
0.7640, 3588
0.7643, 3587
0.7646, 3586
0.7649, 3585
0.7652, 3584
0.7656, 3583
0.7659, 3582
0.7662, 3581
0.7665, 3580
0.7669, 3579
0.7672, 3578
0.7675, 3577
0.7678, 3576
0.7681, 3575
0.7684, 3574
0.7687, 3573
0.7691, 3572
0.7694, 3571
0.7697, 3570
0.7700, 3569
0.7703, 3568
0.7706, 3567
0.7709, 3566
0.7712, 3565
0.7716, 3564
0.7719, 3563
0.7722, 3562
0.7725, 3561
0.7728, 3560
0.7731, 3559
0.7735, 3558
0.7738, 3557
0.7741, 3556
0.7744, 3555
0.7748, 3554
0.7751, 3553
0.7754, 3552
0.7758, 3551
0.7761, 3550
0.7764, 3549
0.7768, 3548
0.7771, 3547
0.7774, 3546
0.7777, 3545
0.7780, 3544
0.7784, 3543
0.7787, 3542
0.7790, 3541
0.7794, 3540
0.7797, 3539
0.7800, 3538
0.7803, 3537
0.7806, 3536
0.7809, 3535
0.7812, 3534
0.7816, 3533
0.7819, 3532
0.7822, 3531
0.7825, 3530
0.7828, 3529
0.7831, 3528
0.7834, 3527
0.7838, 3526
0.7841, 3525
0.7844, 3524
0.7847, 3523
0.7850, 3522
0.7853, 3521
0.7857, 3520
0.7860, 3519
0.7863, 3518
0.7866, 3517
0.7869, 3516
0.7872, 3515
0.7875, 3514
0.7878, 3513
0.7881, 3512
0.7884, 3511
0.7888, 3510
0.7891, 3509
0.7894, 3508
0.7897, 3507
0.7900, 3506
0.7903, 3505
0.7906, 3504
0.7910, 3503
0.7913, 3502
0.7917, 3501
0.7920, 3500
0.7923, 3499
0.7926, 3498
0.7929, 3497
0.7933, 3496
0.7936, 3495
0.7939, 3494
0.7942, 3493
0.7946, 3492
0.7949, 3491
0.7953, 3490
0.7956, 3489
0.7959, 3488
0.7962, 3487
0.7965, 3486
0.7968, 3485
0.7971, 3484
0.7974, 3483
0.7977, 3482
0.7980, 3481
0.7983, 3480
0.7986, 3479
0.7989, 3478
0.7992, 3477
0.7996, 3476
0.7999, 3475
0.8002, 3474
0.8005, 3473
0.8009, 3472
0.8012, 3471
0.8015, 3470
0.8019, 3469
0.8022, 3468
0.8025, 3467
0.8028, 3466
0.8031, 3465
0.8035, 3464
0.8038, 3463
0.8041, 3462
0.8044, 3461
0.8047, 3460
0.8051, 3459
0.8054, 3458
0.8057, 3457
0.8060, 3456
0.8063, 3455
0.8066, 3454
0.8070, 3453
0.8073, 3452
0.8076, 3451
0.8079, 3450
0.8082, 3449
0.8085, 3448
0.8088, 3447
0.8091, 3446
0.8095, 3445
0.8098, 3444
0.8101, 3443
0.8104, 3442
0.8107, 3441
0.8110, 3440
0.8114, 3439
0.8117, 3438
0.8120, 3437
0.8123, 3436
0.8126, 3435
0.8129, 3434
0.8132, 3433
0.8135, 3432
0.8138, 3431
0.8141, 3430
0.8144, 3429
0.8147, 3428
0.8150, 3427
0.8153, 3426
0.8156, 3425
0.8159, 3424
0.8162, 3423
0.8165, 3422
0.8168, 3421
0.8171, 3420
0.8174, 3419
0.8177, 3418
0.8180, 3417
0.8183, 3416
0.8186, 3415
0.8189, 3414
0.8192, 3413
0.8195, 3412
0.8198, 3411
0.8201, 3410
0.8204, 3409
0.8207, 3408
0.8209, 3407
0.8212, 3406
0.8215, 3405
0.8218, 3404
0.8221, 3403
0.8224, 3402
0.8227, 3401
0.8230, 3400
0.8233, 3399
0.8236, 3398
0.8239, 3397
0.8242, 3396
0.8246, 3395
0.8249, 3394
0.8252, 3393
0.8255, 3392
0.8258, 3391
0.8262, 3390
0.8265, 3389
0.8268, 3388
0.8271, 3387
0.8274, 3386
0.8277, 3385
0.8280, 3384
0.8283, 3383
0.8287, 3382
0.8290, 3381
0.8293, 3380
0.8296, 3379
0.8299, 3378
0.8302, 3377
0.8305, 3376
0.8308, 3375
0.8311, 3374
0.8314, 3373
0.8317, 3372
0.8320, 3371
0.8323, 3370
0.8327, 3369
0.8330, 3368
0.8333, 3367
0.8336, 3366
0.8339, 3365
0.8342, 3364
0.8345, 3363
0.8348, 3362
0.8351, 3361
0.8355, 3360
0.8358, 3359
0.8361, 3358
0.8364, 3357
0.8367, 3356
0.8370, 3355
0.8374, 3354
0.8377, 3353
0.8380, 3352
0.8383, 3351
0.8387, 3350
0.8389, 3349
0.8393, 3348
0.8396, 3347
0.8399, 3346
0.8402, 3345
0.8405, 3344
0.8408, 3343
0.8411, 3342
0.8413, 3341
0.8416, 3340
0.8419, 3339
0.8423, 3338
0.8426, 3337
0.8429, 3336
0.8432, 3335
0.8435, 3334
0.8438, 3333
0.8441, 3332
0.8444, 3331
0.8447, 3330
0.8450, 3329
0.8453, 3328
0.8456, 3327
0.8459, 3326
0.8461, 3325
0.8464, 3324
0.8467, 3323
0.8470, 3322
0.8473, 3321
0.8476, 3320
0.8480, 3319
0.8483, 3318
0.8487, 3317
0.8490, 3316
0.8493, 3315
0.8496, 3314
0.8499, 3313
0.8502, 3312
0.8505, 3311
0.8508, 3310
0.8511, 3309
0.8514, 3308
0.8517, 3307
0.8521, 3306
0.8524, 3305
0.8527, 3304
0.8530, 3303
0.8533, 3302
0.8536, 3301
0.8540, 3300
0.8543, 3299
0.8546, 3298
0.8549, 3297
0.8552, 3296
0.8556, 3295
0.8559, 3294
0.8562, 3293
0.8565, 3292
0.8568, 3291
0.8571, 3290
0.8574, 3289
0.8577, 3288
0.8580, 3287
0.8583, 3286
0.8586, 3285
0.8589, 3284
0.8593, 3283
0.8596, 3282
0.8599, 3281
0.8602, 3280
0.8605, 3279
0.8608, 3278
0.8611, 3277
0.8614, 3276
0.8617, 3275
0.8621, 3274
0.8624, 3273
0.8627, 3272
0.8630, 3271
0.8633, 3270
0.8636, 3269
0.8640, 3268
0.8642, 3267
0.8646, 3266
0.8648, 3265
0.8651, 3264
0.8654, 3263
0.8657, 3262
0.8660, 3261
0.8663, 3260
0.8666, 3259
0.8669, 3258
0.8672, 3257
0.8675, 3256
0.8678, 3255
0.8681, 3254
0.8684, 3253
0.8687, 3252
0.8690, 3251
0.8693, 3250
0.8696, 3249
0.8699, 3248
0.8702, 3247
0.8706, 3246
0.8709, 3245
0.8712, 3244
0.8715, 3243
0.8718, 3242
0.8721, 3241
0.8725, 3240
0.8728, 3239
0.8731, 3238
0.8734, 3237
0.8737, 3236
0.8740, 3235
0.8743, 3234
0.8746, 3233
0.8749, 3232
0.8752, 3231
0.8755, 3230
0.8758, 3229
0.8761, 3228
0.8765, 3227
0.8768, 3226
0.8771, 3225
0.8774, 3224
0.8777, 3223
0.8780, 3222
0.8783, 3221
0.8786, 3220
0.8789, 3219
0.8792, 3218
0.8795, 3217
0.8798, 3216
0.8801, 3215
0.8803, 3214
0.8806, 3213
0.8809, 3212
0.8812, 3211
0.8815, 3210
0.8819, 3209
0.8823, 3208
0.8826, 3207
0.8829, 3206
0.8832, 3205
0.8835, 3204
0.8838, 3203
0.8841, 3202
0.8844, 3201
0.8847, 3200
0.8851, 3199
0.8854, 3198
0.8856, 3197
0.8859, 3196
0.8862, 3195
0.8865, 3194
0.8869, 3193
0.8871, 3192
0.8875, 3191
0.8878, 3190
0.8881, 3189
0.8884, 3188
0.8887, 3187
0.8890, 3186
0.8893, 3185
0.8896, 3184
0.8899, 3183
0.8902, 3182
0.8904, 3181
0.8907, 3180
0.8910, 3179
0.8914, 3178
0.8917, 3177
0.8920, 3176
0.8924, 3175
0.8927, 3174
0.8930, 3173
0.8933, 3172
0.8936, 3171
0.8940, 3170
0.8943, 3169
0.8946, 3168
0.8949, 3167
0.8952, 3166
0.8954, 3165
0.8957, 3164
0.8960, 3163
0.8963, 3162
0.8967, 3161
0.8969, 3160
0.8972, 3159
0.8975, 3158
0.8978, 3157
0.8981, 3156
0.8984, 3155
0.8987, 3154
0.8989, 3153
0.8992, 3152
0.8995, 3151
0.8998, 3150
0.9001, 3149
0.9004, 3148
0.9007, 3147
0.9011, 3146
0.9013, 3145
0.9016, 3144
0.9019, 3143
0.9022, 3142
0.9025, 3141
0.9029, 3140
0.9032, 3139
0.9035, 3138
0.9038, 3137
0.9041, 3136
0.9044, 3135
0.9047, 3134
0.9050, 3133
0.9053, 3132
0.9056, 3131
0.9059, 3130
0.9062, 3129
0.9065, 3128
0.9068, 3127
0.9071, 3126
0.9074, 3125
0.9077, 3124
0.9080, 3123
0.9083, 3122
0.9085, 3121
0.9088, 3120
0.9092, 3119
0.9094, 3118
0.9097, 3117
0.9100, 3116
0.9103, 3115
0.9106, 3114
0.9109, 3113
0.9111, 3112
0.9114, 3111
0.9117, 3110
0.9120, 3109
0.9123, 3108
0.9126, 3107
0.9128, 3106
0.9131, 3105
0.9134, 3104
0.9137, 3103
0.9140, 3102
0.9142, 3101
0.9145, 3100
0.9148, 3099
0.9151, 3098
0.9154, 3097
0.9157, 3096
0.9159, 3095
0.9162, 3094
0.9165, 3093
0.9168, 3092
0.9171, 3091
0.9174, 3090
0.9176, 3089
0.9179, 3088
0.9182, 3087
0.9185, 3086
0.9187, 3085
0.9190, 3084
0.9193, 3083
0.9196, 3082
0.9199, 3081
0.9202, 3080
0.9205, 3079
0.9208, 3078
0.9211, 3077
0.9214, 3076
0.9217, 3075
0.9220, 3074
0.9222, 3073
0.9225, 3072
0.9228, 3071
0.9231, 3070
0.9234, 3069
0.9237, 3068
0.9239, 3067
0.9242, 3066
0.9245, 3065
0.9248, 3064
0.9250, 3063
0.9253, 3062
0.9256, 3061
0.9259, 3060
0.9261, 3059
0.9264, 3058
0.9267, 3057
0.9270, 3056
0.9273, 3055
0.9275, 3054
0.9278, 3053
0.9281, 3052
0.9284, 3051
0.9287, 3050
0.9290, 3049
0.9294, 3048
0.9297, 3047
0.9300, 3046
0.9303, 3045
0.9305, 3044
0.9308, 3043
0.9311, 3042
0.9314, 3041
0.9317, 3040
0.9320, 3039
0.9322, 3038
0.9325, 3037
0.9328, 3036
0.9331, 3035
0.9333, 3034
0.9336, 3033
0.9339, 3032
0.9341, 3031
0.9344, 3030
0.9347, 3029
0.9350, 3028
0.9353, 3027
0.9356, 3026
0.9359, 3025
0.9361, 3024
0.9364, 3023
0.9367, 3022
0.9370, 3021
0.9372, 3020
0.9375, 3019
0.9378, 3018
0.9380, 3017
0.9383, 3016
0.9386, 3015
0.9389, 3014
0.9392, 3013
0.9395, 3012
0.9398, 3011
0.9400, 3010
0.9403, 3009
0.9406, 3008
0.9409, 3007
0.9411, 3006
0.9414, 3005
0.9417, 3004
0.9420, 3003
0.9423, 3002
0.9426, 3001
0.9429, 3000
0.9432, 2999
0.9435, 2998
0.9438, 2997
0.9441, 2996
0.9444, 2995
0.9446, 2994
0.9449, 2993
0.9452, 2992
0.9455, 2991
0.9458, 2990
0.9460, 2989
0.9463, 2988
0.9466, 2987
0.9469, 2986
0.9471, 2985
0.9474, 2984
0.9477, 2983
0.9479, 2982
0.9482, 2981
0.9485, 2980
0.9488, 2979
0.9491, 2978
0.9493, 2977
0.9496, 2976
0.9499, 2975
0.9501, 2974
0.9504, 2973
0.9508, 2972
0.9510, 2971
0.9513, 2970
0.9516, 2969
0.9519, 2968
0.9522, 2967
0.9525, 2966
0.9528, 2965
0.9531, 2964
0.9533, 2963
0.9536, 2962
0.9539, 2961
0.9542, 2960
0.9545, 2959
0.9548, 2958
0.9551, 2957
0.9554, 2956
0.9557, 2955
0.9560, 2954
0.9563, 2953
0.9567, 2952
0.9570, 2951
0.9573, 2950
0.9576, 2949
0.9579, 2948
0.9582, 2947
0.9585, 2946
0.9587, 2945
0.9590, 2944
0.9593, 2943
0.9596, 2942
0.9599, 2941
0.9602, 2940
0.9605, 2939
0.9608, 2938
0.9611, 2937
0.9614, 2936
0.9617, 2935
0.9620, 2934
0.9622, 2933
0.9625, 2932
0.9628, 2931
0.9631, 2930
0.9634, 2929
0.9637, 2928
0.9640, 2927
0.9643, 2926
0.9646, 2925
0.9650, 2924
0.9652, 2923
0.9655, 2922
0.9658, 2921
0.9660, 2920
0.9664, 2919
0.9667, 2918
0.9670, 2917
0.9673, 2916
0.9676, 2915
0.9680, 2914
0.9682, 2913
0.9685, 2912
0.9688, 2911
0.9692, 2910
0.9695, 2909
0.9697, 2908
0.9701, 2907
0.9703, 2906
0.9706, 2905
0.9709, 2904
0.9712, 2903
0.9715, 2902
0.9718, 2901
0.9721, 2900
0.9724, 2899
0.9726, 2898
0.9729, 2897
0.9732, 2896
0.9735, 2895
0.9738, 2894
0.9741, 2893
0.9744, 2892
0.9747, 2891
0.9750, 2890
0.9753, 2889
0.9756, 2888
0.9759, 2887
0.9762, 2886
0.9765, 2885
0.9768, 2884
0.9771, 2883
0.9774, 2882
0.9777, 2881
0.9780, 2880
0.9783, 2879
0.9786, 2878
0.9788, 2877
0.9791, 2876
0.9794, 2875
0.9796, 2874
0.9799, 2873
0.9802, 2872
0.9805, 2871
0.9808, 2870
0.9810, 2869
0.9813, 2868
0.9816, 2867
0.9819, 2866
0.9822, 2865
0.9824, 2864
0.9827, 2863
0.9829, 2862
0.9832, 2861
0.9835, 2860
0.9838, 2859
0.9840, 2858
0.9843, 2857
0.9846, 2856
0.9848, 2855
0.9851, 2854
0.9854, 2853
0.9856, 2852
0.9859, 2851
0.9862, 2850
0.9864, 2849
0.9867, 2848
0.9869, 2847
0.9872, 2846
0.9875, 2845
0.9878, 2844
0.9880, 2843
0.9883, 2842
0.9886, 2841
0.9889, 2840
0.9891, 2839
0.9894, 2838
0.9896, 2837
0.9899, 2836
0.9902, 2835
0.9905, 2834
0.9907, 2833
0.9910, 2832
0.9913, 2831
0.9916, 2830
0.9918, 2829
0.9921, 2828
0.9923, 2827
0.9926, 2826
0.9929, 2825
0.9931, 2824
0.9934, 2823
0.9937, 2822
0.9939, 2821
0.9942, 2820
0.9945, 2819
0.9948, 2818
0.9950, 2817
0.9953, 2816
0.9955, 2815
0.9958, 2814
0.9961, 2813
0.9963, 2812
0.9966, 2811
0.9969, 2810
0.9971, 2809
0.9974, 2808
0.9977, 2807
0.9979, 2806
0.9982, 2805
0.9985, 2804
0.9987, 2803
0.9990, 2802
0.9993, 2801
0.9995, 2800
0.9998, 2799
1.0001, 2798
1.0003, 2797
1.0006, 2796
1.0009, 2795
1.0012, 2794
1.0015, 2793
1.0017, 2792
1.0020, 2791
1.0022, 2790
1.0025, 2789
1.0028, 2788
1.0031, 2787
1.0033, 2786
1.0036, 2785
1.0039, 2784
1.0042, 2783
1.0044, 2782
1.0047, 2781
1.0050, 2780
1.0052, 2779
1.0055, 2778
1.0058, 2777
1.0061, 2776
1.0064, 2775
1.0066, 2774
1.0069, 2773
1.0072, 2772
1.0075, 2771
1.0077, 2770
1.0080, 2769
1.0083, 2768
1.0086, 2767
1.0089, 2766
1.0091, 2765
1.0094, 2764
1.0097, 2763
1.0100, 2762
1.0102, 2761
1.0105, 2760
1.0108, 2759
1.0111, 2758
1.0113, 2757
1.0116, 2756
1.0119, 2755
1.0122, 2754
1.0125, 2753
1.0128, 2752
1.0131, 2751
1.0134, 2750
1.0137, 2749
1.0140, 2748
1.0143, 2747
1.0145, 2746
1.0148, 2745
1.0151, 2744
1.0154, 2743
1.0157, 2742
1.0159, 2741
1.0162, 2740
1.0166, 2739
1.0169, 2738
1.0172, 2737
1.0175, 2736
1.0178, 2735
1.0181, 2734
1.0184, 2733
1.0187, 2732
1.0190, 2731
1.0193, 2730
1.0196, 2729
1.0198, 2728
1.0202, 2727
1.0204, 2726
1.0207, 2725
1.0210, 2724
1.0213, 2723
1.0216, 2722
1.0219, 2721
1.0222, 2720
1.0224, 2719
1.0227, 2718
1.0230, 2717
1.0232, 2716
1.0235, 2715
1.0238, 2714
1.0241, 2713
1.0244, 2712
1.0247, 2711
1.0249, 2710
1.0252, 2709
1.0255, 2708
1.0258, 2707
1.0261, 2706
1.0263, 2705
1.0266, 2704
1.0269, 2703
1.0271, 2702
1.0274, 2701
1.0277, 2700
1.0279, 2699
1.0282, 2698
1.0285, 2697
1.0287, 2696
1.0290, 2695
1.0293, 2694
1.0296, 2693
1.0299, 2692
1.0302, 2691
1.0304, 2690
1.0307, 2689
1.0310, 2688
1.0313, 2687
1.0316, 2686
1.0318, 2685
1.0321, 2684
1.0324, 2683
1.0327, 2682
1.0330, 2681
1.0333, 2680
1.0335, 2679
1.0338, 2678
1.0341, 2677
1.0343, 2676
1.0346, 2675
1.0349, 2674
1.0352, 2673
1.0355, 2672
1.0358, 2671
1.0361, 2670
1.0363, 2669
1.0366, 2668
1.0369, 2667
1.0372, 2666
1.0375, 2665
1.0377, 2664
1.0380, 2663
1.0383, 2662
1.0386, 2661
1.0388, 2660
1.0391, 2659
1.0394, 2658
1.0397, 2657
1.0400, 2656
1.0402, 2655
1.0405, 2654
1.0408, 2653
1.0410, 2652
1.0413, 2651
1.0416, 2650
1.0418, 2649
1.0421, 2648
1.0423, 2647
1.0426, 2646
1.0429, 2645
1.0432, 2644
1.0434, 2643
1.0437, 2642
1.0440, 2641
1.0442, 2640
1.0445, 2639
1.0447, 2638
1.0450, 2637
1.0453, 2636
1.0455, 2635
1.0458, 2634
1.0460, 2633
1.0463, 2632
1.0466, 2631
1.0469, 2630
1.0471, 2629
1.0474, 2628
1.0477, 2627
1.0479, 2626
1.0482, 2625
1.0485, 2624
1.0487, 2623
1.0490, 2622
1.0493, 2621
1.0495, 2620
1.0498, 2619
1.0500, 2618
1.0503, 2617
1.0505, 2616
1.0508, 2615
1.0511, 2614
1.0513, 2613
1.0516, 2612
1.0518, 2611
1.0521, 2610
1.0523, 2609
1.0526, 2608
1.0528, 2607
1.0531, 2606
1.0533, 2605
1.0536, 2604
1.0538, 2603
1.0541, 2602
1.0544, 2601
1.0546, 2600
1.0549, 2599
1.0551, 2598
1.0554, 2597
1.0556, 2596
1.0559, 2595
1.0561, 2594
1.0564, 2593
1.0566, 2592
1.0569, 2591
1.0572, 2590
1.0574, 2589
1.0577, 2588
1.0579, 2587
1.0582, 2586
1.0585, 2585
1.0587, 2584
1.0590, 2583
1.0592, 2582
1.0595, 2581
1.0597, 2580
1.0600, 2579
1.0602, 2578
1.0605, 2577
1.0607, 2576
1.0610, 2575
1.0613, 2574
1.0615, 2573
1.0618, 2572
1.0620, 2571
1.0623, 2570
1.0626, 2569
1.0629, 2568
1.0631, 2567
1.0634, 2566
1.0636, 2565
1.0639, 2564
1.0642, 2563
1.0644, 2562
1.0647, 2561
1.0650, 2560
1.0739, 2559
1.0741, 2558
1.0785, 2557
1.0931, 2556
1.0933, 2555
1.1019, 2554
1.1021, 2553
1.1210, 2552
1.1342, 2551
1.1385, 2550
1.1703, 2549
1.1705, 2548
1.1749, 2547
1.1858, 2546
1.1860, 2545
1.1905, 2544
1.2013, 2543
1.2098, 2542
1.2329, 2541
1.2353, 2540
1.2377, 2539
1.2379, 2538
1.2382, 2537
1.2446, 2536
1.2534, 2535
1.2537, 2534
1.2683, 2533
1.2727, 2532
1.2791, 2531
1.2876, 2530
1.2878, 2529
1.2962, 2528
1.3027, 2527
1.3070, 2526
1.3340, 2525
1.3485, 2524
1.3487, 2523
1.3510, 2522
1.3512, 2521
1.3617, 2520
1.3619, 2519
1.3621, 2518
1.3705, 2517
1.3707, 2516
1.3793, 2515
1.3816, 2514
1.3839, 2513
1.3862, 2512
1.3885, 2511
1.3949, 2510
1.3951, 2509
1.4015, 2508
1.4017, 2507
1.4019, 2506
1.4022, 2505
1.4126, 2504
1.4128, 2503
1.4829, 2502
1.4978, 2501
1.4980, 2500
1.5092, 2499
1.5378, 2498
1.5623, 2497
1.5626, 2496
1.5774, 2495
1.5839, 2494
1.5963, 2493
1.6191, 2492
1.6378, 2491
1.6483, 2490
1.6507, 2489
1.6530, 2488
1.6532, 2487
1.6575, 2486
1.6700, 2485
1.6702, 2484
1.6746, 2483
1.6789, 2482
1.6875, 2481
1.6878, 2480
1.6880, 2479
1.6883, 2478
1.6885, 2477
1.6972, 2476
1.6975, 2475
1.6978, 2474
1.7125, 2473
1.7128, 2472
1.7130, 2471
1.7322, 2470
1.7387, 2469
1.7474, 2468
1.7538, 2467
1.7622, 2466
1.7624, 2465
1.7667, 2464
1.7670, 2463
1.7672, 2462
1.7674, 2461
1.7861, 2460
1.7986, 2459
1.8029, 2458
1.8031, 2457
1.8033, 2456
1.8036, 2455
1.8222, 2454
1.8327, 2453
1.8412, 2452
1.8599, 2451
1.8602, 2450
1.8706, 2449
1.8709, 2448
1.8711, 2447
1.8754, 2446
1.8920, 2445
1.8922, 2444
1.8986, 2443
1.9132, 2442
1.9215, 2441
1.9238, 2440
1.9323, 2439
1.9509, 2438
1.9696, 2437
1.9761, 2436
1.9865, 2435
1.9908, 2434
2.0181, 2433
2.0374, 2432
2.0479, 2431
2.0481, 2430
2.0711, 2429
2.0775, 2428
2.0839, 2427
2.0965, 2426
2.1214, 2425
2.1380, 2424
2.1444, 2423
2.1527, 2422
2.1530, 2421
2.1900, 2420
2.1944, 2419
2.2194, 2418
2.2197, 2417
2.2339, 2416
2.2341, 2415
2.2665, 2414
2.2667, 2413
2.2778, 2412
2.2926, 2411
2.3073, 2410
2.3116, 2409
2.3305, 2408
2.3390, 2407
2.3537, 2406
2.3603, 2405
2.3712, 2404
2.3755, 2403
2.3757, 2402
2.3802, 2401
2.3804, 2400
2.3889, 2399
2.3891, 2398
2.3935, 2397
2.3937, 2396
2.3939, 2395
2.4045, 2394
2.4191, 2393
2.4214, 2392
2.4339, 2391
2.4382, 2390
2.4384, 2389
2.4406, 2388
2.4409, 2387
2.4533, 2386
2.4576, 2385
2.4578, 2384
2.4601, 2383
2.4603, 2382
2.4689, 2381
2.4898, 2380
2.4921, 2379
2.4965, 2378
2.4967, 2377
2.5031, 2376
2.5033, 2375
2.5118, 2374
2.5120, 2373
2.5123, 2372
2.5186, 2371
2.5188, 2370
2.5190, 2369
2.5234, 2368
2.5278, 2367
2.5384, 2366
2.5386, 2365
2.5388, 2364
2.5559, 2363
2.5561, 2362
2.5563, 2361
2.5628, 2360
2.5630, 2359
2.5632, 2358
2.5697, 2357
2.5700, 2356
2.5702, 2355
2.5704, 2354
2.5707, 2353
2.5709, 2352
2.5919, 2351
2.5921, 2350
2.5965, 2349
2.5968, 2348
2.6054, 2347
2.6056, 2346
2.6058, 2345
2.6060, 2344
2.6126, 2343
2.6128, 2342
2.6274, 2341
2.6338, 2340
2.6464, 2339
2.6466, 2338
2.6489, 2337
2.6654, 2336
2.6820, 2335
2.6883, 2334
2.7048, 2333
2.7071, 2332
2.7073, 2331
2.7239, 2330
2.7282, 2329
2.7284, 2328
2.7327, 2327
2.7515, 2326
2.7769, 2325
2.7772, 2324
2.7774, 2323
2.7776, 2322
2.7866, 2321
2.7868, 2320
2.7996, 2319
2.7999, 2318
2.8312, 2317
2.8314, 2316
2.9322, 2315
2.9345, 2314
2.9368, 2313
2.9412, 2312
2.9414, 2311
2.9458, 2310
2.9460, 2309
2.9483, 2308
2.9546, 2307
2.9548, 2306
2.9697, 2305
2.9741, 2304
2.9807, 2303
2.9809, 2302
2.9854, 2301
2.9856, 2300
3.0001, 2299
3.0003, 2298
3.0088, 2297
3.0090, 2296
3.0113, 2295
3.0217, 2294
3.0261, 2293
3.0264, 2292
3.0330, 2291
3.0333, 2290
3.0375, 2289
3.0377, 2288
3.0462, 2287
3.0505, 2286
3.0629, 2285
3.0714, 2284
3.0798, 2283
3.0800, 2282
3.0863, 2281
3.0905, 2280
3.0928, 2279
3.0930, 2278
3.1076, 2277
3.1222, 2276
3.1265, 2275
3.1492, 2274
3.1575, 2273
3.1618, 2272
3.1966, 2271
3.2050, 2270
3.2052, 2269
3.2054, 2268
3.2056, 2267
3.2058, 2266
3.2060, 2265
3.2104, 2264
3.2107, 2263
3.2210, 2262
3.2212, 2261
3.2214, 2260
3.2216, 2259
3.2218, 2258
3.2548, 2257
3.2550, 2256
3.2614, 2255
3.2843, 2254
3.2886, 2253
3.2990, 2252
3.2992, 2251
3.3076, 2250
3.3139, 2249
3.3142, 2248
3.3144, 2247
3.3309, 2246
3.3374, 2245
3.3459, 2244
3.3503, 2243
3.3692, 2242
3.3798, 2241
3.3863, 2240
3.3927, 2239
3.4015, 2238
3.4141, 2237
3.4308, 2236
3.4310, 2235
3.4392, 2234
3.4536, 2233
3.4579, 2232
3.4703, 2231
3.4785, 2230
3.4990, 2229
3.4992, 2228
3.5138, 2227
3.5344, 2226
3.7029, 2225
3.7234, 2224
3.7337, 2223
3.7380, 2222
3.7463, 2221
3.7992, 2220
3.8527, 2219
3.9277, 2218
3.9321, 2217
3.9918, 2216
4.1791, 2215
4.2766, 2214
