0.0208, 2281
0.1120, 2279
0.1276, 2278
0.1938, 2277
0.2088, 2275
0.2450, 2274
0.3209, 2271
0.4115, 2269
0.4264, 2268
0.4386, 2265
0.4483, 2264
0.4608, 2263
0.4979, 2262
0.5041, 2261
0.5133, 2260
0.5194, 2259
0.5497, 2258
0.5529, 2257
0.5590, 2256
0.5621, 2255
0.5985, 2254
0.6414, 2253
0.6567, 2252
0.6780, 2251
0.7746, 2249
0.8992, 2247
0.9083, 2246
1.0837, 2245
1.1173, 2244
1.1537, 2243
1.1659, 2242
1.1902, 2241
1.2661, 2240
1.3268, 2239
1.4823, 2238
1.5700, 2236
1.6458, 2235
1.6549, 2234
1.7313, 2233
1.8288, 2232
1.8410, 2231
1.9804, 2230
2.1051, 2229
2.2181, 2228
2.2879, 2227
