0.0326, 2281
0.0526, 2280
0.0690, 2277
0.0723, 2276
0.0941, 2275
0.1355, 2274
0.1548, 2273
0.1932, 2271
0.2357, 2270
0.2959, 2268
0.3319, 2267
0.4192, 2266
0.4316, 2265
0.4347, 2263
0.4594, 2261
0.4836, 2260
0.5168, 2259
0.6128, 2258
0.6520, 2257
0.6610, 2256
0.6701, 2255
0.6911, 2254
0.8182, 2253
0.8819, 2252
0.9248, 2251
0.9675, 2250
1.0856, 2248
1.1313, 2247
1.1644, 2246
1.3054, 2245
1.3177, 2244
1.3241, 2243
1.3428, 2240
1.4010, 2239
1.4572, 2237
1.5273, 2236
1.6900, 2235
1.7677, 2234
1.7912, 2233
1.9210, 2232
2.0639, 2231
2.1720, 2230
2.2097, 2229
2.2845, 2227
2.3762, 2226
2.4283, 2225
2.8925, 2224
3.1351, 2223
