0.1124, 4688
0.1419, 4687
0.2228, 4685
0.2730, 4684
0.3924, 4683
0.4125, 4681
0.4226, 4680
0.4429, 4677
0.4532, 4676
0.4732, 4675
0.5139, 4673
0.5345, 4669
0.5549, 4668
0.5754, 4667
0.6266, 4663
0.7176, 4659
0.7484, 4655
0.7794, 4650
0.8901, 4649
0.9102, 4648
0.9406, 4647
0.9509, 4646
0.9715, 4645
1.0223, 4644
1.0530, 4643
1.1744, 4642
1.2845, 4641
1.3151, 4640
1.3260, 4636
1.3364, 4635
1.4264, 4634
1.4569, 4633
1.4674, 4632
1.7198, 4631
1.7576, 4630
1.8615, 4629
1.8827, 4628
1.9033, 4627
1.9436, 4626
1.9741, 4622
1.9844, 4621
2.1261, 4620
2.1685, 4617
2.2996, 4616
2.3105, 4614
2.9132, 4612
2.9836, 4611
3.1069, 4610
3.1173, 4609
3.1279, 4608
3.1991, 4607
3.2198, 4606
3.3225, 4605
3.3426, 4604
3.4648, 4603
3.5459, 4602
3.6166, 4601
3.7279, 4600
3.7483, 4599
3.7964, 4598
3.9481, 4597
4.1897, 4596
4.2101, 4595
4.2406, 4594
4.3218, 4593
4.3426, 4592
4.4864, 4590
4.6999, 4589
4.9132, 4586
5.0250, 4585
5.0756, 4584
5.7548, 4583
5.8860, 4582
5.9063, 4581
5.9476, 4579
6.1189, 4576
6.1291, 4575
6.1396, 4574
6.7099, 4573
6.7304, 4572
6.8574, 4571
7.2880, 4570
7.3695, 4568
7.8092, 4567
7.8914, 4566
8.6191, 4565
