0.0000, 5900
0.0006, 5899
0.0013, 5898
0.0018, 5897
0.0028, 5896
0.0036, 5895
0.0043, 5894
0.0050, 5893
0.0059, 5892
0.0064, 5891
0.0073, 5890
0.0078, 5889
0.0084, 5888
0.0089, 5887
0.0099, 5886
0.0108, 5885
0.0115, 5884
0.0128, 5883
0.0134, 5882
0.0146, 5881
0.0152, 5880
0.0161, 5879
0.0170, 5878
0.0180, 5877
0.0185, 5876
0.0190, 5875
0.0195, 5874
0.0202, 5873
0.0213, 5872
0.0218, 5871
0.0224, 5870
0.0229, 5869
0.0236, 5868
0.0241, 5867
0.0246, 5866
0.0252, 5865
0.0261, 5864
0.0268, 5863
0.0275, 5862
0.0280, 5861
0.0286, 5860
0.0292, 5859
0.0298, 5858
0.0303, 5857
0.0309, 5856
0.0316, 5855
0.0321, 5854
0.0326, 5853
0.0332, 5852
0.0342, 5851
0.0351, 5850
0.0356, 5849
0.0362, 5848
0.0368, 5847
0.0375, 5846
0.0380, 5845
0.0388, 5844
0.0394, 5843
0.0399, 5842
0.0405, 5841
0.0412, 5840
0.0420, 5839
0.0425, 5838
0.0431, 5837
0.0438, 5836
0.0444, 5835
0.0451, 5834
0.0457, 5833
0.0464, 5832
0.0470, 5831
0.0475, 5830
0.0483, 5829
0.0488, 5828
0.0494, 5827
0.0500, 5826
0.0509, 5825
0.0514, 5824
0.0520, 5823
0.0528, 5822
0.0534, 5821
0.0539, 5820
0.0544, 5819
0.0550, 5818
0.0555, 5817
0.0565, 5816
0.0571, 5815
0.0581, 5814
0.0591, 5813
0.0598, 5812
0.0604, 5811
0.0614, 5810
0.0621, 5809
0.0627, 5808
0.0634, 5807
0.0639, 5806
0.0648, 5805
0.0653, 5804
0.0658, 5803
0.0664, 5802
0.0669, 5801
0.0674, 5800
0.0683, 5799
0.0689, 5798
0.0695, 5797
0.0701, 5796
0.0707, 5795
0.0713, 5794
0.0720, 5793
0.0726, 5792
0.0731, 5791
0.0737, 5790
0.0742, 5789
0.0748, 5788
0.0755, 5787
0.0760, 5786
0.0773, 5785
0.0783, 5784
0.0792, 5783
0.0797, 5782
0.0803, 5781
0.0809, 5780
0.0816, 5779
0.0824, 5778
0.0830, 5777
0.0838, 5776
0.0845, 5775
0.0851, 5774
0.0858, 5773
0.0869, 5772
0.0876, 5771
0.0887, 5770
0.0894, 5769
0.0899, 5768
0.0907, 5767
0.0912, 5766
0.0919, 5765
0.0927, 5764
0.0933, 5763
0.0938, 5762
0.0944, 5761
0.0950, 5760
0.0959, 5759
0.0965, 5758
0.0970, 5757
0.0976, 5756
0.0981, 5755
0.0987, 5754
0.0996, 5753
0.1003, 5752
0.1009, 5751
0.1015, 5750
0.1020, 5749
0.1028, 5748
0.1034, 5747
0.1039, 5746
0.1049, 5745
0.1060, 5744
0.1065, 5743
0.1071, 5742
0.1076, 5741
0.1087, 5740
0.1093, 5739
0.1099, 5738
0.1105, 5737
0.1111, 5736
0.1116, 5735
0.1122, 5734
0.1128, 5733
0.1135, 5732
0.1140, 5731
0.1146, 5730
0.1152, 5729
0.1157, 5728
0.1163, 5727
0.1169, 5726
0.1175, 5725
0.1183, 5724
0.1190, 5723
0.1200, 5722
0.1207, 5721
0.1213, 5720
0.1221, 5719
0.1229, 5718
0.1239, 5717
0.1248, 5716
0.1258, 5715
0.1268, 5714
0.1274, 5713
0.1281, 5712
0.1287, 5711
0.1293, 5710
0.1299, 5709
0.1308, 5708
0.1315, 5707
0.1322, 5706
0.1327, 5705
0.1333, 5704
0.1338, 5703
0.1344, 5702
0.1350, 5701
0.1356, 5700
0.1367, 5699
0.1372, 5698
0.1377, 5697
0.1383, 5696
0.1394, 5695
0.1402, 5694
0.1408, 5693
0.1414, 5692
0.1420, 5691
0.1426, 5690
0.1432, 5689
0.1439, 5688
0.1445, 5687
0.1451, 5686
0.1460, 5685
0.1467, 5684
0.1473, 5683
0.1480, 5682
0.1486, 5681
0.1492, 5680
0.1498, 5679
0.1504, 5678
0.1511, 5677
0.1516, 5676
0.1522, 5675
0.1528, 5674
0.1533, 5673
0.1539, 5672
0.1546, 5671
0.1551, 5670
0.1558, 5669
0.1563, 5668
0.1570, 5667
0.1575, 5666
0.1581, 5665
0.1587, 5664
0.1593, 5663
0.1599, 5662
0.1609, 5661
0.1615, 5660
0.1624, 5659
0.1630, 5658
0.1642, 5657
0.1652, 5656
0.1661, 5655
0.1668, 5654
0.1676, 5653
0.1682, 5652
0.1689, 5651
0.1694, 5650
0.1700, 5649
0.1706, 5648
0.1714, 5647
0.1720, 5646
0.1726, 5645
0.1734, 5644
0.1739, 5643
0.1745, 5642
0.1751, 5641
0.1758, 5640
0.1767, 5639
0.1776, 5638
0.1782, 5637
0.1788, 5636
0.1796, 5635
0.1807, 5634
0.1814, 5633
0.1824, 5632
0.1833, 5631
0.1839, 5630
0.1849, 5629
0.1858, 5628
0.1865, 5627
0.1876, 5626
0.1885, 5625
0.1891, 5624
0.1900, 5623
0.1906, 5622
0.1912, 5621
0.1919, 5620
0.1926, 5619
0.1936, 5618
0.1942, 5617
0.1948, 5616
0.1953, 5615
0.1960, 5614
0.1970, 5613
0.1976, 5612
0.1981, 5611
0.1988, 5610
0.1996, 5609
0.2002, 5608
0.2008, 5607
0.2014, 5606
0.2019, 5605
0.2026, 5604
0.2031, 5603
0.2037, 5602
0.2043, 5601
0.2049, 5600
0.2054, 5599
0.2060, 5598
0.2065, 5597
0.2071, 5596
0.2077, 5595
0.2086, 5594
0.2092, 5593
0.2102, 5592
0.2108, 5591
0.2117, 5590
0.2125, 5589
0.2135, 5588
0.2141, 5587
0.2148, 5586
0.2153, 5585
0.2161, 5584
0.2171, 5583
0.2178, 5582
0.2184, 5581
0.2191, 5580
0.2197, 5579
0.2205, 5578
0.2212, 5577
0.2222, 5576
0.2228, 5575
0.2234, 5574
0.2242, 5573
0.2248, 5572
0.2254, 5571
0.2262, 5570
0.2271, 5569
0.2277, 5568
0.2286, 5567
0.2293, 5566
0.2298, 5565
0.2305, 5564
0.2312, 5563
0.2324, 5562
0.2330, 5561
0.2336, 5560
0.2342, 5559
0.2348, 5558
0.2353, 5557
0.2363, 5556
0.2369, 5555
0.2375, 5554
0.2382, 5553
0.2390, 5552
0.2397, 5551
0.2403, 5550
0.2410, 5549
0.2416, 5548
0.2423, 5547
0.2429, 5546
0.2435, 5545
0.2441, 5544
0.2447, 5543
0.2452, 5542
0.2459, 5541
0.2466, 5540
0.2471, 5539
0.2477, 5538
0.2483, 5537
0.2489, 5536
0.2495, 5535
0.2502, 5534
0.2511, 5533
0.2516, 5532
0.2522, 5531
0.2528, 5530
0.2534, 5529
0.2540, 5528
0.2546, 5527
0.2552, 5526
0.2561, 5525
0.2567, 5524
0.2575, 5523
0.2584, 5522
0.2594, 5521
0.2603, 5520
0.2611, 5519
0.2618, 5518
0.2623, 5517
0.2630, 5516
0.2636, 5515
0.2644, 5514
0.2650, 5513
0.2656, 5512
0.2662, 5511
0.2668, 5510
0.2674, 5509
0.2680, 5508
0.2686, 5507
0.2693, 5506
0.2699, 5505
0.2705, 5504
0.2710, 5503
0.2720, 5502
0.2726, 5501
0.2732, 5500
0.2738, 5499
0.2748, 5498
0.2755, 5497
0.2761, 5496
0.2767, 5495
0.2774, 5494
0.2781, 5493
0.2787, 5492
0.2792, 5491
0.2802, 5490
0.2811, 5489
0.2817, 5488
0.2823, 5487
0.2829, 5486
0.2834, 5485
0.2844, 5484
0.2850, 5483
0.2856, 5482
0.2866, 5481
0.2872, 5480
0.2878, 5479
0.2883, 5478
0.2889, 5477
0.2895, 5476
0.2902, 5475
0.2907, 5474
0.2915, 5473
0.2922, 5472
0.2928, 5471
0.2934, 5470
0.2940, 5469
0.2947, 5468
0.2952, 5467
0.2958, 5466
0.2969, 5465
0.2975, 5464
0.2981, 5463
0.2986, 5462
0.2993, 5461
0.2998, 5460
0.3005, 5459
0.3011, 5458
0.3017, 5457
0.3023, 5456
0.3032, 5455
0.3039, 5454
0.3045, 5453
0.3052, 5452
0.3058, 5451
0.3066, 5450
0.3072, 5449
0.3079, 5448
0.3085, 5447
0.3091, 5446
0.3097, 5445
0.3103, 5444
0.3114, 5443
0.3121, 5442
0.3127, 5441
0.3133, 5440
0.3139, 5439
0.3146, 5438
0.3155, 5437
0.3163, 5436
0.3169, 5435
0.3176, 5434
0.3182, 5433
0.3189, 5432
0.3199, 5431
0.3205, 5430
0.3211, 5429
0.3217, 5428
0.3223, 5427
0.3230, 5426
0.3239, 5425
0.3245, 5424
0.3252, 5423
0.3259, 5422
0.3266, 5421
0.3273, 5420
0.3283, 5419
0.3289, 5418
0.3294, 5417
0.3305, 5416
0.3310, 5415
0.3317, 5414
0.3323, 5413
0.3329, 5412
0.3335, 5411
0.3341, 5410
0.3346, 5409
0.3352, 5408
0.3357, 5407
0.3364, 5406
0.3372, 5405
0.3381, 5404
0.3388, 5403
0.3397, 5402
0.3402, 5401
0.3408, 5400
0.3415, 5399
0.3424, 5398
0.3431, 5397
0.3438, 5396
0.3444, 5395
0.3452, 5394
0.3461, 5393
0.3467, 5392
0.3475, 5391
0.3480, 5390
0.3486, 5389
0.3492, 5388
0.3498, 5387
0.3504, 5386
0.3513, 5385
0.3518, 5384
0.3525, 5383
0.3532, 5382
0.3540, 5381
0.3546, 5380
0.3552, 5379
0.3557, 5378
0.3566, 5377
0.3572, 5376
0.3579, 5375
0.3586, 5374
0.3593, 5373
0.3599, 5372
0.3605, 5371
0.3613, 5370
0.3619, 5369
0.3627, 5368
0.3634, 5367
0.3640, 5366
0.3648, 5365
0.3654, 5364
0.3661, 5363
0.3672, 5362
0.3678, 5361
0.3685, 5360
0.3693, 5359
0.3699, 5358
0.3706, 5357
0.3717, 5356
0.3723, 5355
0.3729, 5354
0.3735, 5353
0.3742, 5352
0.3748, 5351
0.3757, 5350
0.3763, 5349
0.3769, 5348
0.3775, 5347
0.3782, 5346
0.3790, 5345
0.3799, 5344
0.3806, 5343
0.3813, 5342
0.3819, 5341
0.3825, 5340
0.3831, 5339
0.3837, 5338
0.3843, 5337
0.3850, 5336
0.3856, 5335
0.3862, 5334
0.3870, 5333
0.3878, 5332
0.3889, 5331
0.3894, 5330
0.3901, 5329
0.3906, 5328
0.3913, 5327
0.3919, 5326
0.3925, 5325
0.3931, 5324
0.3937, 5323
0.3948, 5322
0.3957, 5321
0.3967, 5320
0.3975, 5319
0.3981, 5318
0.3987, 5317
0.3992, 5316
0.4000, 5315
0.4008, 5314
0.4014, 5313
0.4020, 5312
0.4029, 5311
0.4036, 5310
0.4041, 5309
0.4048, 5308
0.4058, 5307
0.4065, 5306
0.4071, 5305
0.4077, 5304
0.4083, 5303
0.4090, 5302
0.4096, 5301
0.4102, 5300
0.4109, 5299
0.4115, 5298
0.4121, 5297
0.4127, 5296
0.4135, 5295
0.4143, 5294
0.4149, 5293
0.4155, 5292
0.4163, 5291
0.4171, 5290
0.4178, 5289
0.4186, 5288
0.4193, 5287
0.4199, 5286
0.4206, 5285
0.4212, 5284
0.4219, 5283
0.4225, 5282
0.4231, 5281
0.4237, 5280
0.4243, 5279
0.4249, 5278
0.4256, 5277
0.4262, 5276
0.4270, 5275
0.4277, 5274
0.4286, 5273
0.4292, 5272
0.4298, 5271
0.4304, 5270
0.4311, 5269
0.4318, 5268
0.4323, 5267
0.4329, 5266
0.4335, 5265
0.4343, 5264
0.4350, 5263
0.4356, 5262
0.4362, 5261
0.4368, 5260
0.4376, 5259
0.4382, 5258
0.4388, 5257
0.4395, 5256
0.4402, 5255
0.4409, 5254
0.4419, 5253
0.4427, 5252
0.4434, 5251
0.4445, 5250
0.4451, 5249
0.4456, 5248
0.4463, 5247
0.4470, 5246
0.4477, 5245
0.4483, 5244
0.4490, 5243
0.4495, 5242
0.4501, 5241
0.4508, 5240
0.4514, 5239
0.4520, 5238
0.4527, 5237
0.4536, 5236
0.4542, 5235
0.4548, 5234
0.4555, 5233
0.4561, 5232
0.4569, 5231
0.4575, 5230
0.4580, 5229
0.4586, 5228
0.4594, 5227
0.4602, 5226
0.4608, 5225
0.4614, 5224
0.4624, 5223
0.4633, 5222
0.4640, 5221
0.4648, 5220
0.4655, 5219
0.4661, 5218
0.4666, 5217
0.4673, 5216
0.4680, 5215
0.4687, 5214
0.4693, 5213
0.4701, 5212
0.4708, 5211
0.4716, 5210
0.4725, 5209
0.4731, 5208
0.4738, 5207
0.4746, 5206
0.4754, 5205
0.4760, 5204
0.4769, 5203
0.4775, 5202
0.4782, 5201
0.4789, 5200
0.4796, 5199
0.4803, 5198
0.4811, 5197
0.4818, 5196
0.4824, 5195
0.4832, 5194
0.4838, 5193
0.4844, 5192
0.4850, 5191
0.4856, 5190
0.4864, 5189
0.4869, 5188
0.4875, 5187
0.4881, 5186
0.4887, 5185
0.4894, 5184
0.4900, 5183
0.4908, 5182
0.4915, 5181
0.4923, 5180
0.4932, 5179
0.4938, 5178
0.4947, 5177
0.4954, 5176
0.4961, 5175
0.4969, 5174
0.4977, 5173
0.4985, 5172
0.4990, 5171
0.4997, 5170
0.5002, 5169
0.5010, 5168
0.5016, 5167
0.5022, 5166
0.5029, 5165
0.5037, 5164
0.5043, 5163
0.5050, 5162
0.5057, 5161
0.5067, 5160
0.5075, 5159
0.5082, 5158
0.5089, 5157
0.5095, 5156
0.5101, 5155
0.5108, 5154
0.5115, 5153
0.5124, 5152
0.5131, 5151
0.5136, 5150
0.5144, 5149
0.5151, 5148
0.5157, 5147
0.5163, 5146
0.5168, 5145
0.5173, 5144
0.5181, 5143
0.5187, 5142
0.5192, 5141
0.5198, 5140
0.5204, 5139
0.5211, 5138
0.5217, 5137
0.5225, 5136
0.5232, 5135
0.5239, 5134
0.5245, 5133
0.5251, 5132
0.5257, 5131
0.5264, 5130
0.5271, 5129
0.5278, 5128
0.5284, 5127
0.5292, 5126
0.5300, 5125
0.5306, 5124
0.5311, 5123
0.5318, 5122
0.5324, 5121
0.5332, 5120
0.5337, 5119
0.5343, 5118
0.5349, 5117
0.5354, 5116
0.5359, 5115
0.5365, 5114
0.5375, 5113
0.5381, 5112
0.5389, 5111
0.5398, 5110
0.5403, 5109
0.5409, 5108
0.5415, 5107
0.5420, 5106
0.5428, 5105
0.5434, 5104
0.5441, 5103
0.5449, 5102
0.5455, 5101
0.5464, 5100
0.5471, 5099
0.5479, 5098
0.5487, 5097
0.5492, 5096
0.5500, 5095
0.5506, 5094
0.5511, 5093
0.5519, 5092
0.5525, 5091
0.5532, 5090
0.5538, 5089
0.5545, 5088
0.5552, 5087
0.5562, 5086
0.5568, 5085
0.5574, 5084
0.5580, 5083
0.5588, 5082
0.5594, 5081
0.5600, 5080
0.5607, 5079
0.5613, 5078
0.5619, 5077
0.5626, 5076
0.5632, 5075
0.5640, 5074
0.5648, 5073
0.5655, 5072
0.5661, 5071
0.5666, 5070
0.5672, 5069
0.5680, 5068
0.5690, 5067
0.5696, 5066
0.5704, 5065
0.5711, 5064
0.5722, 5063
0.5728, 5062
0.5735, 5061
0.5740, 5060
0.5749, 5059
0.5755, 5058
0.5760, 5057
0.5766, 5056
0.5773, 5055
0.5780, 5054
0.5787, 5053
0.5794, 5052
0.5801, 5051
0.5806, 5050
0.5813, 5049
0.5819, 5048
0.5827, 5047
0.5833, 5046
0.5844, 5045
0.5850, 5044
0.5856, 5043
0.5863, 5042
0.5869, 5041
0.5879, 5040
0.5884, 5039
0.5891, 5038
0.5899, 5037
0.5905, 5036
0.5910, 5035
0.5918, 5034
0.5926, 5033
0.5932, 5032
0.5939, 5031
0.5948, 5030
0.5955, 5029
0.5964, 5028
0.5969, 5027
0.5977, 5026
0.5983, 5025
0.5989, 5024
0.5996, 5023
0.6001, 5022
0.6008, 5021
0.6016, 5020
0.6026, 5019
0.6036, 5018
0.6041, 5017
0.6046, 5016
0.6052, 5015
0.6062, 5014
0.6069, 5013
0.6076, 5012
0.6083, 5011
0.6090, 5010
0.6097, 5009
0.6103, 5008
0.6109, 5007
0.6115, 5006
0.6124, 5005
0.6129, 5004
0.6138, 5003
0.6145, 5002
0.6151, 5001
0.6160, 5000
0.6166, 4999
0.6175, 4998
0.6181, 4997
0.6187, 4996
0.6194, 4995
0.6199, 4994
0.6206, 4993
0.6213, 4992
0.6219, 4991
0.6227, 4990
0.6235, 4989
0.6245, 4988
0.6253, 4987
0.6260, 4986
0.6266, 4985
0.6273, 4984
0.6280, 4983
0.6287, 4982
0.6294, 4981
0.6303, 4980
0.6312, 4979
0.6317, 4978
0.6323, 4977
0.6330, 4976
0.6339, 4975
0.6349, 4974
0.6355, 4973
0.6360, 4972
0.6368, 4971
0.6375, 4970
0.6380, 4969
0.6388, 4968
0.6395, 4967
0.6402, 4966
0.6409, 4965
0.6415, 4964
0.6420, 4963
0.6426, 4962
0.6433, 4961
0.6441, 4960
0.6446, 4959
0.6451, 4958
0.6457, 4957
0.6463, 4956
0.6472, 4955
0.6477, 4954
0.6483, 4953
0.6489, 4952
0.6497, 4951
0.6507, 4950
0.6515, 4949
0.6526, 4948
0.6532, 4947
0.6538, 4946
0.6547, 4945
0.6552, 4944
0.6558, 4943
0.6564, 4942
0.6569, 4941
0.6575, 4940
0.6580, 4939
0.6587, 4938
0.6593, 4937
0.6599, 4936
0.6606, 4935
0.6615, 4934
0.6624, 4933
0.6629, 4932
0.6635, 4931
0.6652, 4930
0.6660, 4929
0.6667, 4928
0.6672, 4927
0.6680, 4926
0.6687, 4925
0.6694, 4924
0.6701, 4923
0.6710, 4922
0.6717, 4921
0.6723, 4920
0.6729, 4919
0.6738, 4918
0.6747, 4917
0.6753, 4916
0.6762, 4915
0.6767, 4914
0.6772, 4913
0.6778, 4912
0.6783, 4911
0.6789, 4910
0.6794, 4909
0.6803, 4908
0.6809, 4907
0.6815, 4906
0.6822, 4905
0.6827, 4904
0.6833, 4903
0.6838, 4902
0.6846, 4901
0.6851, 4900
0.6860, 4899
0.6868, 4898
0.6873, 4897
0.6879, 4896
0.6884, 4895
0.6891, 4894
0.6898, 4893
0.6903, 4892
0.6912, 4891
0.6920, 4890
0.6927, 4889
0.6933, 4888
0.6939, 4887
0.6944, 4886
0.6951, 4885
0.6956, 4884
0.6963, 4883
0.6969, 4882
0.6975, 4881
0.6981, 4880
0.6987, 4879
0.6996, 4878
0.7001, 4877
0.7006, 4876
0.7014, 4875
0.7020, 4874
0.7025, 4873
0.7031, 4872
0.7039, 4871
0.7046, 4870
0.7054, 4869
0.7062, 4868
0.7068, 4867
0.7073, 4866
0.7078, 4865
0.7088, 4864
0.7096, 4863
0.7102, 4862
0.7107, 4861
0.7115, 4860
0.7121, 4859
0.7129, 4858
0.7135, 4857
0.7142, 4856
0.7151, 4855
0.7157, 4854
0.7168, 4853
0.7174, 4852
0.7179, 4851
0.7185, 4850
0.7195, 4849
0.7202, 4848
0.7209, 4847
0.7215, 4846
0.7220, 4845
0.7228, 4844
0.7234, 4843
0.7239, 4842
0.7244, 4841
0.7251, 4840
0.7259, 4839
0.7269, 4838
0.7276, 4837
0.7283, 4836
0.7288, 4835
0.7294, 4834
0.7301, 4833
0.7307, 4832
0.7313, 4831
0.7322, 4830
0.7327, 4829
0.7333, 4828
0.7340, 4827
0.7349, 4826
0.7358, 4825
0.7363, 4824
0.7370, 4823
0.7376, 4822
0.7382, 4821
0.7388, 4820
0.7393, 4819
0.7400, 4818
0.7405, 4817
0.7411, 4816
0.7416, 4815
0.7422, 4814
0.7431, 4813
0.7440, 4812
0.7446, 4811
0.7451, 4810
0.7460, 4809
0.7465, 4808
0.7471, 4807
0.7476, 4806
0.7481, 4805
0.7490, 4804
0.7499, 4803
0.7504, 4802
0.7510, 4801
0.7517, 4800
0.7523, 4799
0.7529, 4798
0.7534, 4797
0.7540, 4796
0.7546, 4795
0.7553, 4794
0.7560, 4793
0.7565, 4792
0.7573, 4791
0.7578, 4790
0.7586, 4789
0.7591, 4788
0.7598, 4787
0.7603, 4786
0.7609, 4785
0.7615, 4784
0.7620, 4783
0.7627, 4782
0.7633, 4781
0.7642, 4780
0.7650, 4779
0.7655, 4778
0.7664, 4777
0.7669, 4776
0.7675, 4775
0.7680, 4774
0.7689, 4773
0.7695, 4772
0.7703, 4771
0.7708, 4770
0.7715, 4769
0.7724, 4768
0.7730, 4767
0.7735, 4766
0.7741, 4765
0.7751, 4764
0.7759, 4763
0.7766, 4762
0.7772, 4761
0.7777, 4760
0.7784, 4759
0.7795, 4758
0.7801, 4757
0.7807, 4756
0.7815, 4755
0.7820, 4754
0.7826, 4753
0.7831, 4752
0.7837, 4751
0.7845, 4750
0.7851, 4749
0.7857, 4748
0.7863, 4747
0.7872, 4746
0.7878, 4745
0.7886, 4744
0.7893, 4743
0.7902, 4742
0.7910, 4741
0.7916, 4740
0.7922, 4739
0.7928, 4738
0.7933, 4737
0.7940, 4736
0.7949, 4735
0.7954, 4734
0.7961, 4733
0.7967, 4732
0.7971, 4731
0.7980, 4730
0.7985, 4729
0.7990, 4728
0.7996, 4727
0.8004, 4726
0.8012, 4725
0.8020, 4724
0.8029, 4723
0.8034, 4722
0.8042, 4721
0.8050, 4720
0.8055, 4719
0.8061, 4718
0.8066, 4717
0.8074, 4716
0.8082, 4715
0.8089, 4714
0.8098, 4713
0.8103, 4712
0.8110, 4711
0.8118, 4710
0.8128, 4709
0.8135, 4708
0.8143, 4707
0.8149, 4706
0.8157, 4705
0.8164, 4704
0.8171, 4703
0.8181, 4702
0.8190, 4701
0.8198, 4700
0.8207, 4699
0.8215, 4698
0.8223, 4697
0.8231, 4696
0.8239, 4695
0.8247, 4694
0.8256, 4693
0.8265, 4692
0.8274, 4691
0.8283, 4690
1.0804, 4689
1.2543, 4688
1.2955, 4687
1.3578, 4686
1.7123, 4685
1.7335, 4684
1.7947, 4683
1.9198, 4682
2.0438, 4681
2.2750, 4680
2.3381, 4679
2.4824, 4678
2.5490, 4677
2.7150, 4676
3.0321, 4675
3.0330, 4674
3.1374, 4673
3.3472, 4672
3.3480, 4671
3.4317, 4670
3.5572, 4669
3.5581, 4668
3.6607, 4667
3.7845, 4666
3.8263, 4665
3.8271, 4664
3.8698, 4663
4.3902, 4662
4.4316, 4661
4.9135, 4660
4.9559, 4659
5.1457, 4658
5.1870, 4657
5.3532, 4656
5.6055, 4655
6.0562, 4654
6.2459, 4653
6.2465, 4652
6.7524, 4651
6.8851, 4650
7.0521, 4649
7.6942, 4648
7.8170, 4647
7.9241, 4646
8.2489, 4645
8.2496, 4644
8.3433, 4643
8.3440, 4642
8.3897, 4641
8.8890, 4640
9.0376, 4639
9.0813, 4638
9.4162, 4637
9.4167, 4636
9.8230, 4635
9.8851, 4634
9.9301, 4633
