0.1157, 4688
0.1462, 4686
0.3835, 4685
0.4440, 4683
0.5051, 4682
0.6634, 4681
0.6744, 4678
0.7075, 4677
0.7183, 4676
0.7389, 4674
0.8044, 4673
0.8590, 4672
0.8897, 4671
0.9210, 4670
1.0232, 4669
1.0341, 4666
1.1093, 4665
1.1209, 4661
1.1523, 4660
1.1831, 4659
1.2511, 4655
1.4006, 4654
1.4411, 4653
1.5131, 4652
1.5980, 4651
1.7355, 4650
1.8880, 4649
1.9801, 4646
2.0631, 4645
2.1851, 4644
2.2157, 4641
2.3372, 4640
2.3613, 4637
2.3942, 4634
2.4151, 4633
2.4359, 4631
2.4469, 4630
2.5617, 4629
2.5863, 4628
2.6900, 4625
2.9079, 4624
2.9592, 4623
3.1030, 4622
3.1443, 4621
3.2157, 4620
3.2775, 4619
3.5958, 4615
3.6472, 4614
3.7096, 4613
3.7713, 4611
3.8427, 4610
3.9248, 4609
3.9778, 4608
4.2034, 4607
4.2247, 4606
4.3799, 4604
4.7181, 4602
4.7700, 4600
4.7803, 4599
4.8008, 4598
4.9756, 4597
5.2539, 4596
5.3572, 4594
5.5499, 4593
5.6325, 4592
5.6633, 4591
5.8191, 4590
6.1170, 4589
6.4560, 4588
6.8141, 4587
7.0426, 4586
7.0683, 4585
7.1290, 4583
7.5898, 4582
7.6604, 4581
7.8459, 4580
8.1043, 4579
8.7749, 4578
9.0540, 4577
9.4037, 4576
9.4745, 4575
9.6691, 4574
9.7108, 4573
9.7829, 4571
10.0276, 4570
