0.1096, 4688
0.1389, 4687
0.1491, 4685
0.1696, 4684
0.1802, 4683
0.2407, 4680
0.2918, 4679
0.3636, 4678
0.3741, 4674
0.4256, 4673
0.4949, 4672
0.5351, 4670
0.5559, 4669
0.5865, 4668
0.6072, 4667
0.6391, 4661
0.6494, 4660
0.6597, 4657
0.7290, 4656
0.8186, 4655
0.8627, 4652
1.2872, 4650
1.2977, 4649
1.3278, 4648
1.5303, 4647
1.7532, 4646
1.8280, 4644
1.8925, 4643
2.0674, 4642
2.3316, 4635
2.3922, 4634
2.5462, 4633
2.6479, 4632
2.6579, 4631
2.8299, 4630
2.9405, 4629
3.1025, 4628
3.2044, 4627
3.2651, 4626
3.2758, 4625
3.2865, 4624
3.3274, 4623
3.6105, 4622
3.7328, 4621
3.7940, 4619
3.8146, 4617
3.8753, 4616
3.8966, 4615
3.9675, 4614
3.9779, 4613
4.0288, 4612
4.0700, 4611
4.1016, 4609
4.5602, 4608
4.6923, 4607
4.7947, 4605
4.8977, 4602
5.1278, 4599
5.4191, 4595
5.5113, 4594
5.5623, 4593
5.8313, 4592
5.8578, 4591
5.9247, 4590
6.1588, 4589
6.2403, 4588
6.3625, 4587
6.6484, 4586
6.8425, 4585
7.0159, 4584
7.5671, 4582
7.6194, 4581
7.8124, 4580
8.3544, 4579
8.4576, 4578
8.5552, 4576
8.8071, 4575
8.8578, 4574
8.9086, 4573
