0.0000, 5900
0.0005, 5899
0.0012, 5898
0.0018, 5897
0.0028, 5896
0.0036, 5895
0.0043, 5894
0.0049, 5893
0.0058, 5892
0.0063, 5891
0.0071, 5890
0.0076, 5889
0.0082, 5888
0.0087, 5887
0.0096, 5886
0.0106, 5885
0.0112, 5884
0.0124, 5883
0.0131, 5882
0.0142, 5881
0.0147, 5880
0.0157, 5879
0.0166, 5878
0.0176, 5877
0.0181, 5876
0.0186, 5875
0.0191, 5874
0.0197, 5873
0.0208, 5872
0.0213, 5871
0.0219, 5870
0.0224, 5869
0.0231, 5868
0.0236, 5867
0.0241, 5866
0.0246, 5865
0.0255, 5864
0.0262, 5863
0.0268, 5862
0.0273, 5861
0.0280, 5860
0.0286, 5859
0.0291, 5858
0.0296, 5857
0.0302, 5856
0.0309, 5855
0.0314, 5854
0.0319, 5853
0.0324, 5852
0.0335, 5851
0.0344, 5850
0.0349, 5849
0.0354, 5848
0.0361, 5847
0.0367, 5846
0.0372, 5845
0.0380, 5844
0.0385, 5843
0.0390, 5842
0.0395, 5841
0.0403, 5840
0.0410, 5839
0.0415, 5838
0.0420, 5837
0.0427, 5836
0.0433, 5835
0.0440, 5834
0.0445, 5833
0.0452, 5832
0.0457, 5831
0.0462, 5830
0.0470, 5829
0.0476, 5828
0.0481, 5827
0.0487, 5826
0.0496, 5825
0.0501, 5824
0.0507, 5823
0.0515, 5822
0.0520, 5821
0.0525, 5820
0.0531, 5819
0.0536, 5818
0.0541, 5817
0.0550, 5816
0.0556, 5815
0.0566, 5814
0.0575, 5813
0.0582, 5812
0.0588, 5811
0.0598, 5810
0.0604, 5809
0.0610, 5808
0.0616, 5807
0.0622, 5806
0.0630, 5805
0.0635, 5804
0.0640, 5803
0.0645, 5802
0.0651, 5801
0.0656, 5800
0.0665, 5799
0.0670, 5798
0.0676, 5797
0.0682, 5796
0.0689, 5795
0.0694, 5794
0.0702, 5793
0.0707, 5792
0.0712, 5791
0.0718, 5790
0.0723, 5789
0.0728, 5788
0.0734, 5787
0.0739, 5786
0.0752, 5785
0.0763, 5784
0.0771, 5783
0.0777, 5782
0.0782, 5781
0.0787, 5780
0.0794, 5779
0.0802, 5778
0.0808, 5777
0.0816, 5776
0.0822, 5775
0.0829, 5774
0.0836, 5773
0.0847, 5772
0.0853, 5771
0.0865, 5770
0.0871, 5769
0.0876, 5768
0.0884, 5767
0.0889, 5766
0.0896, 5765
0.0904, 5764
0.0910, 5763
0.0915, 5762
0.0921, 5761
0.0926, 5760
0.0936, 5759
0.0941, 5758
0.0946, 5757
0.0951, 5756
0.0956, 5755
0.0962, 5754
0.0970, 5753
0.0977, 5752
0.0983, 5751
0.0988, 5750
0.0993, 5749
0.1001, 5748
0.1007, 5747
0.1012, 5746
0.1021, 5745
0.1032, 5744
0.1038, 5743
0.1043, 5742
0.1049, 5741
0.1058, 5740
0.1064, 5739
0.1070, 5738
0.1076, 5737
0.1081, 5736
0.1087, 5735
0.1092, 5734
0.1098, 5733
0.1104, 5732
0.1109, 5731
0.1115, 5730
0.1120, 5729
0.1126, 5728
0.1131, 5727
0.1137, 5726
0.1143, 5725
0.1150, 5724
0.1156, 5723
0.1167, 5722
0.1174, 5721
0.1179, 5720
0.1186, 5719
0.1194, 5718
0.1204, 5717
0.1212, 5716
0.1221, 5715
0.1231, 5714
0.1236, 5713
0.1242, 5712
0.1248, 5711
0.1254, 5710
0.1259, 5709
0.1268, 5708
0.1275, 5707
0.1281, 5706
0.1287, 5705
0.1292, 5704
0.1298, 5703
0.1303, 5702
0.1309, 5701
0.1315, 5700
0.1325, 5699
0.1331, 5698
0.1336, 5697
0.1341, 5696
0.1352, 5695
0.1360, 5694
0.1366, 5693
0.1372, 5692
0.1377, 5691
0.1383, 5690
0.1388, 5689
0.1395, 5688
0.1401, 5687
0.1406, 5686
0.1415, 5685
0.1421, 5684
0.1427, 5683
0.1433, 5682
0.1439, 5681
0.1445, 5680
0.1451, 5679
0.1457, 5678
0.1464, 5677
0.1469, 5676
0.1475, 5675
0.1481, 5674
0.1486, 5673
0.1492, 5672
0.1498, 5671
0.1503, 5670
0.1510, 5669
0.1515, 5668
0.1521, 5667
0.1527, 5666
0.1533, 5665
0.1538, 5664
0.1544, 5663
0.1550, 5662
0.1560, 5661
0.1566, 5660
0.1575, 5659
0.1580, 5658
0.1592, 5657
0.1602, 5656
0.1611, 5655
0.1618, 5654
0.1625, 5653
0.1632, 5652
0.1638, 5651
0.1643, 5650
0.1649, 5649
0.1654, 5648
0.1662, 5647
0.1668, 5646
0.1673, 5645
0.1681, 5644
0.1686, 5643
0.1692, 5642
0.1698, 5641
0.1705, 5640
0.1713, 5639
0.1722, 5638
0.1727, 5637
0.1733, 5636
0.1740, 5635
0.1750, 5634
0.1757, 5633
0.1767, 5632
0.1776, 5631
0.1781, 5630
0.1791, 5629
0.1800, 5628
0.1806, 5627
0.1817, 5626
0.1825, 5625
0.1831, 5624
0.1840, 5623
0.1846, 5622
0.1852, 5621
0.1859, 5620
0.1865, 5619
0.1875, 5618
0.1881, 5617
0.1887, 5616
0.1892, 5615
0.1899, 5614
0.1908, 5613
0.1914, 5612
0.1919, 5611
0.1925, 5610
0.1933, 5609
0.1939, 5608
0.1945, 5607
0.1951, 5606
0.1956, 5605
0.1963, 5604
0.1969, 5603
0.1974, 5602
0.1980, 5601
0.1985, 5600
0.1990, 5599
0.1996, 5598
0.2001, 5597
0.2006, 5596
0.2012, 5595
0.2021, 5594
0.2027, 5593
0.2036, 5592
0.2042, 5591
0.2050, 5590
0.2058, 5589
0.2067, 5588
0.2073, 5587
0.2079, 5586
0.2085, 5585
0.2092, 5584
0.2102, 5583
0.2108, 5582
0.2115, 5581
0.2120, 5580
0.2127, 5579
0.2133, 5578
0.2140, 5577
0.2150, 5576
0.2156, 5575
0.2162, 5574
0.2169, 5573
0.2175, 5572
0.2181, 5571
0.2188, 5570
0.2197, 5569
0.2203, 5568
0.2212, 5567
0.2218, 5566
0.2223, 5565
0.2230, 5564
0.2237, 5563
0.2248, 5562
0.2255, 5561
0.2260, 5560
0.2266, 5559
0.2272, 5558
0.2277, 5557
0.2287, 5556
0.2293, 5555
0.2299, 5554
0.2305, 5553
0.2314, 5552
0.2320, 5551
0.2326, 5550
0.2333, 5549
0.2339, 5548
0.2346, 5547
0.2352, 5546
0.2358, 5545
0.2363, 5544
0.2369, 5543
0.2374, 5542
0.2381, 5541
0.2388, 5540
0.2393, 5539
0.2399, 5538
0.2404, 5537
0.2410, 5536
0.2416, 5535
0.2423, 5534
0.2431, 5533
0.2437, 5532
0.2443, 5531
0.2448, 5530
0.2455, 5529
0.2460, 5528
0.2466, 5527
0.2472, 5526
0.2479, 5525
0.2486, 5524
0.2493, 5523
0.2502, 5522
0.2512, 5521
0.2521, 5520
0.2528, 5519
0.2534, 5518
0.2540, 5517
0.2547, 5516
0.2553, 5515
0.2561, 5514
0.2567, 5513
0.2573, 5512
0.2579, 5511
0.2584, 5510
0.2590, 5509
0.2596, 5508
0.2602, 5507
0.2610, 5506
0.2615, 5505
0.2621, 5504
0.2626, 5503
0.2636, 5502
0.2641, 5501
0.2647, 5500
0.2653, 5499
0.2663, 5498
0.2670, 5497
0.2676, 5496
0.2682, 5495
0.2688, 5494
0.2695, 5493
0.2701, 5492
0.2706, 5491
0.2716, 5490
0.2724, 5489
0.2730, 5488
0.2736, 5487
0.2741, 5486
0.2746, 5485
0.2756, 5484
0.2762, 5483
0.2767, 5482
0.2777, 5481
0.2783, 5480
0.2788, 5479
0.2794, 5478
0.2799, 5477
0.2805, 5476
0.2812, 5475
0.2817, 5474
0.2825, 5473
0.2831, 5472
0.2837, 5471
0.2843, 5470
0.2849, 5469
0.2855, 5468
0.2860, 5467
0.2866, 5466
0.2876, 5465
0.2882, 5464
0.2888, 5463
0.2893, 5462
0.2899, 5461
0.2905, 5460
0.2911, 5459
0.2918, 5458
0.2923, 5457
0.2929, 5456
0.2938, 5455
0.2945, 5454
0.2950, 5453
0.2957, 5452
0.2962, 5451
0.2970, 5450
0.2975, 5449
0.2982, 5448
0.2989, 5447
0.2994, 5446
0.3000, 5445
0.3006, 5444
0.3016, 5443
0.3022, 5442
0.3028, 5441
0.3034, 5440
0.3040, 5439
0.3047, 5438
0.3056, 5437
0.3063, 5436
0.3070, 5435
0.3076, 5434
0.3082, 5433
0.3088, 5432
0.3097, 5431
0.3103, 5430
0.3109, 5429
0.3115, 5428
0.3121, 5427
0.3127, 5426
0.3137, 5425
0.3143, 5424
0.3149, 5423
0.3156, 5422
0.3163, 5421
0.3170, 5420
0.3180, 5419
0.3185, 5418
0.3191, 5417
0.3201, 5416
0.3207, 5415
0.3214, 5414
0.3219, 5413
0.3225, 5412
0.3231, 5411
0.3237, 5410
0.3242, 5409
0.3247, 5408
0.3253, 5407
0.3260, 5406
0.3268, 5405
0.3276, 5404
0.3284, 5403
0.3292, 5402
0.3297, 5401
0.3303, 5400
0.3310, 5399
0.3319, 5398
0.3326, 5397
0.3332, 5396
0.3339, 5395
0.3347, 5394
0.3355, 5393
0.3361, 5392
0.3369, 5391
0.3374, 5390
0.3379, 5389
0.3386, 5388
0.3392, 5387
0.3398, 5386
0.3407, 5385
0.3412, 5384
0.3419, 5383
0.3426, 5382
0.3433, 5381
0.3440, 5380
0.3445, 5379
0.3451, 5378
0.3459, 5377
0.3465, 5376
0.3471, 5375
0.3478, 5374
0.3484, 5373
0.3491, 5372
0.3496, 5371
0.3503, 5370
0.3510, 5369
0.3517, 5368
0.3525, 5367
0.3530, 5366
0.3538, 5365
0.3545, 5364
0.3552, 5363
0.3562, 5362
0.3568, 5361
0.3576, 5360
0.3583, 5359
0.3590, 5358
0.3596, 5357
0.3607, 5356
0.3613, 5355
0.3619, 5354
0.3625, 5353
0.3633, 5352
0.3638, 5351
0.3647, 5350
0.3653, 5349
0.3659, 5348
0.3665, 5347
0.3671, 5346
0.3680, 5345
0.3689, 5344
0.3694, 5343
0.3701, 5342
0.3708, 5341
0.3713, 5340
0.3719, 5339
0.3725, 5338
0.3731, 5337
0.3737, 5336
0.3743, 5335
0.3749, 5334
0.3756, 5333
0.3765, 5332
0.3775, 5331
0.3781, 5330
0.3787, 5329
0.3792, 5328
0.3799, 5327
0.3805, 5326
0.3811, 5325
0.3816, 5324
0.3823, 5323
0.3833, 5322
0.3842, 5321
0.3852, 5320
0.3860, 5319
0.3866, 5318
0.3872, 5317
0.3877, 5316
0.3885, 5315
0.3893, 5314
0.3899, 5313
0.3905, 5312
0.3914, 5311
0.3921, 5310
0.3926, 5309
0.3933, 5308
0.3942, 5307
0.3950, 5306
0.3956, 5305
0.3961, 5304
0.3968, 5303
0.3974, 5302
0.3980, 5301
0.3986, 5300
0.3992, 5299
0.3998, 5298
0.4004, 5297
0.4010, 5296
0.4017, 5295
0.4024, 5294
0.4029, 5293
0.4035, 5292
0.4043, 5291
0.4050, 5290
0.4057, 5289
0.4065, 5288
0.4072, 5287
0.4077, 5286
0.4084, 5285
0.4089, 5284
0.4096, 5283
0.4102, 5282
0.4108, 5281
0.4113, 5280
0.4119, 5279
0.4124, 5278
0.4130, 5277
0.4137, 5276
0.4144, 5275
0.4151, 5274
0.4159, 5273
0.4165, 5272
0.4170, 5271
0.4176, 5270
0.4183, 5269
0.4190, 5268
0.4195, 5267
0.4201, 5266
0.4207, 5265
0.4214, 5264
0.4221, 5263
0.4227, 5262
0.4234, 5261
0.4239, 5260
0.4247, 5259
0.4253, 5258
0.4259, 5257
0.4266, 5256
0.4273, 5255
0.4280, 5254
0.4289, 5253
0.4297, 5252
0.4304, 5251
0.4315, 5250
0.4321, 5249
0.4326, 5248
0.4333, 5247
0.4340, 5246
0.4346, 5245
0.4352, 5244
0.4358, 5243
0.4364, 5242
0.4369, 5241
0.4376, 5240
0.4382, 5239
0.4387, 5238
0.4393, 5237
0.4402, 5236
0.4407, 5235
0.4414, 5234
0.4420, 5233
0.4426, 5232
0.4433, 5231
0.4439, 5230
0.4444, 5229
0.4450, 5228
0.4457, 5227
0.4465, 5226
0.4471, 5225
0.4476, 5224
0.4486, 5223
0.4495, 5222
0.4501, 5221
0.4509, 5220
0.4516, 5219
0.4522, 5218
0.4527, 5217
0.4534, 5216
0.4542, 5215
0.4549, 5214
0.4554, 5213
0.4562, 5212
0.4569, 5211
0.4577, 5210
0.4586, 5209
0.4592, 5208
0.4599, 5207
0.4607, 5206
0.4615, 5205
0.4621, 5204
0.4630, 5203
0.4636, 5202
0.4643, 5201
0.4649, 5200
0.4657, 5199
0.4664, 5198
0.4671, 5197
0.4678, 5196
0.4684, 5195
0.4692, 5194
0.4698, 5193
0.4703, 5192
0.4709, 5191
0.4715, 5190
0.4723, 5189
0.4728, 5188
0.4733, 5187
0.4739, 5186
0.4745, 5185
0.4752, 5184
0.4757, 5183
0.4765, 5182
0.4772, 5181
0.4780, 5180
0.4790, 5179
0.4795, 5178
0.4804, 5177
0.4811, 5176
0.4817, 5175
0.4826, 5174
0.4833, 5173
0.4841, 5172
0.4846, 5171
0.4853, 5170
0.4858, 5169
0.4866, 5168
0.4872, 5167
0.4877, 5166
0.4884, 5165
0.4892, 5164
0.4898, 5163
0.4905, 5162
0.4912, 5161
0.4922, 5160
0.4929, 5159
0.4937, 5158
0.4944, 5157
0.4950, 5156
0.4955, 5155
0.4962, 5154
0.4969, 5153
0.4977, 5152
0.4984, 5151
0.4990, 5150
0.4997, 5149
0.5003, 5148
0.5010, 5147
0.5015, 5146
0.5020, 5145
0.5025, 5144
0.5032, 5143
0.5038, 5142
0.5044, 5141
0.5049, 5140
0.5055, 5139
0.5061, 5138
0.5068, 5137
0.5076, 5136
0.5082, 5135
0.5089, 5134
0.5095, 5133
0.5101, 5132
0.5107, 5131
0.5114, 5130
0.5121, 5129
0.5127, 5128
0.5134, 5127
0.5141, 5126
0.5149, 5125
0.5155, 5124
0.5160, 5123
0.5167, 5122
0.5172, 5121
0.5180, 5120
0.5185, 5119
0.5190, 5118
0.5196, 5117
0.5201, 5116
0.5206, 5115
0.5213, 5114
0.5221, 5113
0.5228, 5112
0.5236, 5111
0.5244, 5110
0.5250, 5109
0.5255, 5108
0.5260, 5107
0.5266, 5106
0.5273, 5105
0.5279, 5104
0.5285, 5103
0.5293, 5102
0.5299, 5101
0.5308, 5100
0.5315, 5099
0.5322, 5098
0.5330, 5097
0.5335, 5096
0.5342, 5095
0.5348, 5094
0.5354, 5093
0.5361, 5092
0.5367, 5091
0.5374, 5090
0.5379, 5089
0.5386, 5088
0.5393, 5087
0.5403, 5086
0.5409, 5085
0.5414, 5084
0.5420, 5083
0.5428, 5082
0.5434, 5081
0.5440, 5080
0.5447, 5079
0.5453, 5078
0.5458, 5077
0.5465, 5076
0.5470, 5075
0.5478, 5074
0.5485, 5073
0.5492, 5072
0.5498, 5071
0.5503, 5070
0.5508, 5069
0.5516, 5068
0.5526, 5067
0.5532, 5066
0.5539, 5065
0.5547, 5064
0.5557, 5063
0.5563, 5062
0.5570, 5061
0.5576, 5060
0.5584, 5059
0.5589, 5058
0.5595, 5057
0.5601, 5056
0.5606, 5055
0.5613, 5054
0.5620, 5053
0.5627, 5052
0.5633, 5051
0.5638, 5050
0.5644, 5049
0.5650, 5048
0.5658, 5047
0.5664, 5046
0.5674, 5045
0.5680, 5044
0.5686, 5043
0.5693, 5042
0.5698, 5041
0.5707, 5040
0.5712, 5039
0.5719, 5038
0.5727, 5037
0.5732, 5036
0.5737, 5035
0.5745, 5034
0.5753, 5033
0.5759, 5032
0.5765, 5031
0.5775, 5030
0.5781, 5029
0.5790, 5028
0.5795, 5027
0.5802, 5026
0.5808, 5025
0.5814, 5024
0.5820, 5023
0.5826, 5022
0.5832, 5021
0.5840, 5020
0.5850, 5019
0.5858, 5018
0.5864, 5017
0.5869, 5016
0.5874, 5015
0.5884, 5014
0.5891, 5013
0.5898, 5012
0.5905, 5011
0.5911, 5010
0.5918, 5009
0.5924, 5008
0.5930, 5007
0.5936, 5006
0.5945, 5005
0.5950, 5004
0.5958, 5003
0.5964, 5002
0.5969, 5001
0.5979, 5000
0.5984, 4999
0.5993, 4998
0.5999, 4997
0.6005, 4996
0.6011, 4995
0.6017, 4994
0.6023, 4993
0.6030, 4992
0.6035, 4991
0.6043, 4990
0.6050, 4989
0.6059, 4988
0.6067, 4987
0.6073, 4986
0.6079, 4985
0.6086, 4984
0.6093, 4983
0.6099, 4982
0.6106, 4981
0.6114, 4980
0.6123, 4979
0.6128, 4978
0.6134, 4977
0.6141, 4976
0.6151, 4975
0.6160, 4974
0.6166, 4973
0.6172, 4972
0.6179, 4971
0.6186, 4970
0.6191, 4969
0.6199, 4968
0.6206, 4967
0.6212, 4966
0.6220, 4965
0.6226, 4964
0.6231, 4963
0.6237, 4962
0.6244, 4961
0.6251, 4960
0.6256, 4959
0.6262, 4958
0.6267, 4957
0.6273, 4956
0.6281, 4955
0.6286, 4954
0.6292, 4953
0.6298, 4952
0.6305, 4951
0.6315, 4950
0.6323, 4949
0.6334, 4948
0.6340, 4947
0.6346, 4946
0.6355, 4945
0.6360, 4944
0.6366, 4943
0.6371, 4942
0.6376, 4941
0.6382, 4940
0.6387, 4939
0.6394, 4938
0.6399, 4937
0.6406, 4936
0.6412, 4935
0.6422, 4934
0.6430, 4933
0.6436, 4932
0.6441, 4931
0.6447, 4930
0.6454, 4929
0.6460, 4928
0.6466, 4927
0.6473, 4926
0.6480, 4925
0.6486, 4924
0.6492, 4923
0.6500, 4922
0.6506, 4921
0.6512, 4920
0.6518, 4919
0.6527, 4918
0.6535, 4917
0.6541, 4916
0.6550, 4915
0.6555, 4914
0.6560, 4913
0.6565, 4912
0.6570, 4911
0.6576, 4910
0.6581, 4909
0.6590, 4908
0.6595, 4907
0.6600, 4906
0.6607, 4905
0.6612, 4904
0.6617, 4903
0.6623, 4902
0.6630, 4901
0.6635, 4900
0.6644, 4899
0.6651, 4898
0.6657, 4897
0.6662, 4896
0.6667, 4895
0.6674, 4894
0.6680, 4893
0.6685, 4892
0.6694, 4891
0.6701, 4890
0.6709, 4889
0.6714, 4888
0.6720, 4887
0.6725, 4886
0.6731, 4885
0.6736, 4884
0.6743, 4883
0.6748, 4882
0.6754, 4881
0.6760, 4880
0.6766, 4879
0.6775, 4878
0.6780, 4877
0.6786, 4876
0.6793, 4875
0.6799, 4874
0.6804, 4873
0.6810, 4872
0.6818, 4871
0.6825, 4870
0.6833, 4869
0.6841, 4868
0.6846, 4867
0.6852, 4866
0.6857, 4865
0.6866, 4864
0.6874, 4863
0.6880, 4862
0.6885, 4861
0.6893, 4860
0.6899, 4859
0.6907, 4858
0.6913, 4857
0.6920, 4856
0.6929, 4855
0.6935, 4854
0.6946, 4853
0.6951, 4852
0.6957, 4851
0.6962, 4850
0.6971, 4849
0.6978, 4848
0.6985, 4847
0.6990, 4846
0.6995, 4845
0.7003, 4844
0.7008, 4843
0.7013, 4842
0.7018, 4841
0.7025, 4840
0.7032, 4839
0.7041, 4838
0.7049, 4837
0.7055, 4836
0.7060, 4835
0.7065, 4834
0.7072, 4833
0.7078, 4832
0.7083, 4831
0.7092, 4830
0.7098, 4829
0.7104, 4828
0.7110, 4827
0.7120, 4826
0.7128, 4825
0.7133, 4824
0.7140, 4823
0.7145, 4822
0.7151, 4821
0.7158, 4820
0.7163, 4819
0.7169, 4818
0.7174, 4817
0.7179, 4816
0.7185, 4815
0.7190, 4814
0.7199, 4813
0.7208, 4812
0.7214, 4811
0.7220, 4810
0.7228, 4809
0.7234, 4808
0.7239, 4807
0.7244, 4806
0.7249, 4805
0.7257, 4804
0.7266, 4803
0.7271, 4802
0.7277, 4801
0.7284, 4800
0.7290, 4799
0.7295, 4798
0.7300, 4797
0.7306, 4796
0.7312, 4795
0.7319, 4794
0.7326, 4793
0.7331, 4792
0.7338, 4791
0.7343, 4790
0.7351, 4789
0.7357, 4788
0.7364, 4787
0.7369, 4786
0.7374, 4785
0.7380, 4784
0.7385, 4783
0.7392, 4782
0.7398, 4781
0.7406, 4780
0.7415, 4779
0.7420, 4778
0.7428, 4777
0.7433, 4776
0.7439, 4775
0.7443, 4774
0.7453, 4773
0.7459, 4772
0.7466, 4771
0.7471, 4770
0.7477, 4769
0.7486, 4768
0.7493, 4767
0.7497, 4766
0.7502, 4765
0.7512, 4764
0.7520, 4763
0.7526, 4762
0.7532, 4761
0.7537, 4760
0.7543, 4759
0.7554, 4758
0.7560, 4757
0.7565, 4756
0.7573, 4755
0.7579, 4754
0.7584, 4753
0.7589, 4752
0.7594, 4751
0.7602, 4750
0.7608, 4749
0.7613, 4748
0.7619, 4747
0.7628, 4746
0.7633, 4745
0.7641, 4744
0.7648, 4743
0.7657, 4742
0.7664, 4741
0.7670, 4740
0.7675, 4739
0.7681, 4738
0.7686, 4737
0.7693, 4736
0.7701, 4735
0.7706, 4734
0.7712, 4733
0.7717, 4732
0.7722, 4731
0.7730, 4730
0.7735, 4729
0.7740, 4728
0.7746, 4727
0.7754, 4726
0.7761, 4725
0.7770, 4724
0.7779, 4723
0.7783, 4722
0.7791, 4721
0.7799, 4720
0.7804, 4719
0.7809, 4718
0.7815, 4717
0.7822, 4716
0.7831, 4715
0.7838, 4714
0.7846, 4713
0.7851, 4712
0.7858, 4711
0.7866, 4710
0.7875, 4709
0.7882, 4708
0.7890, 4707
0.7896, 4706
0.7905, 4705
0.7911, 4704
0.7918, 4703
0.7927, 4702
0.7936, 4701
0.7944, 4700
0.7953, 4699
0.7960, 4698
0.7968, 4697
0.7974, 4696
0.7982, 4695
0.7990, 4694
0.7999, 4693
0.8007, 4692
0.8016, 4691
0.8025, 4690
0.9825, 4689
1.1965, 4688
1.2553, 4687
1.2947, 4686
1.6252, 4685
1.6451, 4684
1.7038, 4683
1.8200, 4682
1.9372, 4681
2.1522, 4680
2.2102, 4679
2.3261, 4678
2.3655, 4677
2.5601, 4676
2.8331, 4675
2.8532, 4674
2.9701, 4673
3.1646, 4672
3.1653, 4671
3.2249, 4670
3.3032, 4669
3.3622, 4668
3.5171, 4667
3.5758, 4666
3.5766, 4665
3.5771, 4664
3.6351, 4663
4.0832, 4662
4.1612, 4661
4.6095, 4660
4.6491, 4659
4.7896, 4658
4.8531, 4657
5.0102, 4656
5.2047, 4655
5.6899, 4654
5.6907, 4653
5.6911, 4652
6.2558, 4651
6.3732, 4650
6.5107, 4649
7.1314, 4648
7.2890, 4647
7.3479, 4646
7.6022, 4645
7.6810, 4644
7.6816, 4643
7.6822, 4642
7.7208, 4641
8.2236, 4640
8.2823, 4639
8.3603, 4638
8.5550, 4637
8.6531, 4636
8.9246, 4635
9.0997, 4634
9.1397, 4633
9.5088, 4632
9.7033, 4631
9.8404, 4630
9.8995, 4629
9.9973, 4628
