0.1529, 4688
0.1837, 4687
0.2726, 4685
0.3089, 4684
0.3309, 4683
0.3414, 4681
0.4079, 4680
0.4183, 4679
0.4493, 4677
0.4805, 4673
0.4909, 4671
0.5522, 4670
0.5734, 4669
0.6044, 4664
0.6251, 4663
0.6456, 4662
0.6757, 4661
0.7161, 4659
0.7465, 4658
0.7766, 4657
0.7868, 4656
0.8174, 4655
1.0406, 4653
1.0614, 4648
1.0822, 4647
1.1039, 4639
1.1584, 4638
1.3040, 4637
1.3350, 4636
1.3457, 4634
1.3864, 4631
1.6296, 4630
1.7306, 4629
1.7410, 4628
1.7514, 4627
1.7820, 4626
1.8623, 4625
1.8933, 4623
1.9238, 4622
1.9680, 4621
2.0332, 4620
2.0839, 4618
2.1697, 4617
2.1847, 4616
2.2246, 4615
2.2756, 4614
2.3464, 4611
2.3867, 4610
2.5291, 4607
2.7924, 4606
2.8533, 4605
2.9145, 4604
3.1066, 4602
3.2368, 4601
3.3296, 4600
3.5407, 4599
3.8414, 4598
3.9947, 4597
4.0859, 4595
4.1166, 4593
4.1682, 4592
4.2299, 4591
4.2910, 4590
4.5247, 4589
4.7594, 4588
4.8015, 4587
4.9853, 4585
5.0969, 4584
5.3954, 4583
5.4661, 4582
5.4878, 4581
5.5186, 4580
5.7540, 4579
5.8561, 4578
5.8670, 4576
6.5630, 4575
6.8394, 4574
6.9722, 4573
8.0917, 4572
9.0852, 4571
9.1882, 4570
9.9425, 4569
10.2147, 4568
