0.0000, 5900
0.0006, 5899
0.0013, 5898
0.0019, 5897
0.0030, 5896
0.0038, 5895
0.0045, 5894
0.0052, 5893
0.0061, 5892
0.0079, 5891
0.0100, 5890
0.0106, 5889
0.0119, 5888
0.0128, 5887
0.0138, 5886
0.0148, 5885
0.0155, 5884
0.0167, 5883
0.0174, 5882
0.0186, 5881
0.0191, 5880
0.0283, 5879
0.0293, 5878
0.0303, 5877
0.0308, 5876
0.0314, 5875
0.0319, 5874
0.0326, 5873
0.0338, 5872
0.0343, 5871
0.0348, 5870
0.0354, 5869
0.0361, 5868
0.0367, 5867
0.0372, 5866
0.0377, 5865
0.0387, 5864
0.0395, 5863
0.0401, 5862
0.0407, 5861
0.0413, 5860
0.0420, 5859
0.0425, 5858
0.0431, 5857
0.0437, 5856
0.0444, 5855
0.0450, 5854
0.0455, 5853
0.0460, 5852
0.0471, 5851
0.0481, 5850
0.0486, 5849
0.0492, 5848
0.0501, 5847
0.0520, 5846
0.0526, 5845
0.0534, 5844
0.0540, 5843
0.0545, 5842
0.0551, 5841
0.0559, 5840
0.0566, 5839
0.0572, 5838
0.0577, 5837
0.0584, 5836
0.0590, 5835
0.0597, 5834
0.0603, 5833
0.0660, 5832
0.0666, 5831
0.0671, 5830
0.0680, 5829
0.0685, 5828
0.0691, 5827
0.0697, 5826
0.0707, 5825
0.0712, 5824
0.0718, 5823
0.0727, 5822
0.0733, 5821
0.0738, 5820
0.0744, 5819
0.0749, 5818
0.0755, 5817
0.0772, 5816
0.0787, 5815
0.0800, 5814
0.0810, 5813
0.0817, 5812
0.0824, 5811
0.0834, 5810
0.0841, 5809
0.0847, 5808
0.0854, 5807
0.0860, 5806
0.0868, 5805
0.0874, 5804
0.0879, 5803
0.0885, 5802
0.0891, 5801
0.0896, 5800
0.0905, 5799
0.0911, 5798
0.0918, 5797
0.0928, 5796
0.0946, 5795
0.0951, 5794
0.0972, 5793
0.0988, 5792
0.1002, 5791
0.1017, 5790
0.1029, 5789
0.1034, 5788
0.1041, 5787
0.1046, 5786
0.1060, 5785
0.1071, 5784
0.1079, 5783
0.1085, 5782
0.1091, 5781
0.1096, 5780
0.1104, 5779
0.1112, 5778
0.1118, 5777
0.1127, 5776
0.1134, 5775
0.1140, 5774
0.1147, 5773
0.1159, 5772
0.1165, 5771
0.1177, 5770
0.1184, 5769
0.1190, 5768
0.1198, 5767
0.1203, 5766
0.1210, 5765
0.1219, 5764
0.1225, 5763
0.1230, 5762
0.1236, 5761
0.1242, 5760
0.1252, 5759
0.1258, 5758
0.1263, 5757
0.1269, 5756
0.1274, 5755
0.1280, 5754
0.1289, 5753
0.1296, 5752
0.1301, 5751
0.1307, 5750
0.1313, 5749
0.1322, 5748
0.1327, 5747
0.1333, 5746
0.1343, 5745
0.1354, 5744
0.1360, 5743
0.1366, 5742
0.1371, 5741
0.1382, 5740
0.1388, 5739
0.1394, 5738
0.1400, 5737
0.1407, 5736
0.1413, 5735
0.1419, 5734
0.1425, 5733
0.1431, 5732
0.1436, 5731
0.1443, 5730
0.1448, 5729
0.1454, 5728
0.1460, 5727
0.1466, 5726
0.1472, 5725
0.1480, 5724
0.1487, 5723
0.1498, 5722
0.1505, 5721
0.1510, 5720
0.1518, 5719
0.1526, 5718
0.1536, 5717
0.1545, 5716
0.1554, 5715
0.1564, 5714
0.1570, 5713
0.1576, 5712
0.1582, 5711
0.1588, 5710
0.1593, 5709
0.1602, 5708
0.1609, 5707
0.1616, 5706
0.1621, 5705
0.1627, 5704
0.1632, 5703
0.1638, 5702
0.1644, 5701
0.1651, 5700
0.1661, 5699
0.1666, 5698
0.1672, 5697
0.1677, 5696
0.1688, 5695
0.1696, 5694
0.1702, 5693
0.1708, 5692
0.1715, 5691
0.1720, 5690
0.1726, 5689
0.1732, 5688
0.1738, 5687
0.1744, 5686
0.1754, 5685
0.1760, 5684
0.1766, 5683
0.1772, 5682
0.1778, 5681
0.1784, 5680
0.1791, 5679
0.1797, 5678
0.1803, 5677
0.1809, 5676
0.1815, 5675
0.1820, 5674
0.1826, 5673
0.1832, 5672
0.1838, 5671
0.1843, 5670
0.1850, 5669
0.1856, 5668
0.1862, 5667
0.1868, 5666
0.1874, 5665
0.1879, 5664
0.1886, 5663
0.1892, 5662
0.1902, 5661
0.1907, 5660
0.1916, 5659
0.1922, 5658
0.1934, 5657
0.1944, 5656
0.1953, 5655
0.1960, 5654
0.1968, 5653
0.1974, 5652
0.1980, 5651
0.1986, 5650
0.1991, 5649
0.1997, 5648
0.2004, 5647
0.2010, 5646
0.2016, 5645
0.2023, 5644
0.2029, 5643
0.2035, 5642
0.2040, 5641
0.2047, 5640
0.2055, 5639
0.2064, 5638
0.2070, 5637
0.2075, 5636
0.2082, 5635
0.2093, 5634
0.2099, 5633
0.2110, 5632
0.2118, 5631
0.2124, 5630
0.2134, 5629
0.2142, 5628
0.2148, 5627
0.2159, 5626
0.2168, 5625
0.2174, 5624
0.2183, 5623
0.2189, 5622
0.2195, 5621
0.2202, 5620
0.2208, 5619
0.2218, 5618
0.2224, 5617
0.2229, 5616
0.2235, 5615
0.2242, 5614
0.2251, 5613
0.2256, 5612
0.2262, 5611
0.2268, 5610
0.2276, 5609
0.2282, 5608
0.2287, 5607
0.2293, 5606
0.2299, 5605
0.2305, 5604
0.2311, 5603
0.2317, 5602
0.2322, 5601
0.2328, 5600
0.2333, 5599
0.2339, 5598
0.2344, 5597
0.2349, 5596
0.2355, 5595
0.2364, 5594
0.2370, 5593
0.2380, 5592
0.2386, 5591
0.2394, 5590
0.2402, 5589
0.2411, 5588
0.2417, 5587
0.2424, 5586
0.2429, 5585
0.2436, 5584
0.2447, 5583
0.2453, 5582
0.2460, 5581
0.2465, 5580
0.2472, 5579
0.2479, 5578
0.2485, 5577
0.2495, 5576
0.2502, 5575
0.2508, 5574
0.2515, 5573
0.2521, 5572
0.2527, 5571
0.2534, 5570
0.2543, 5569
0.2549, 5568
0.2558, 5567
0.2564, 5566
0.2570, 5565
0.2576, 5564
0.2583, 5563
0.2595, 5562
0.2602, 5561
0.2608, 5560
0.2614, 5559
0.2619, 5558
0.2625, 5557
0.2636, 5556
0.2642, 5555
0.2647, 5554
0.2654, 5553
0.2662, 5552
0.2669, 5551
0.2675, 5550
0.2681, 5549
0.2688, 5548
0.2694, 5547
0.2701, 5546
0.2707, 5545
0.2713, 5544
0.2719, 5543
0.2724, 5542
0.2731, 5541
0.2738, 5540
0.2743, 5539
0.2749, 5538
0.2755, 5537
0.2761, 5536
0.2766, 5535
0.2773, 5534
0.2782, 5533
0.2787, 5532
0.2793, 5531
0.2799, 5530
0.2805, 5529
0.2811, 5528
0.2817, 5527
0.2822, 5526
0.2830, 5525
0.2836, 5524
0.2844, 5523
0.2853, 5522
0.2863, 5521
0.2872, 5520
0.2880, 5519
0.2886, 5518
0.2892, 5517
0.2899, 5516
0.2904, 5515
0.2913, 5514
0.2919, 5513
0.2925, 5512
0.2931, 5511
0.2936, 5510
0.2942, 5509
0.2948, 5508
0.2954, 5507
0.2962, 5506
0.2967, 5505
0.2973, 5504
0.2979, 5503
0.2988, 5502
0.2994, 5501
0.3000, 5500
0.3006, 5499
0.3016, 5498
0.3023, 5497
0.3030, 5496
0.3036, 5495
0.3043, 5494
0.3050, 5493
0.3056, 5492
0.3062, 5491
0.3072, 5490
0.3080, 5489
0.3086, 5488
0.3092, 5487
0.3098, 5486
0.3103, 5485
0.3113, 5484
0.3119, 5483
0.3124, 5482
0.3134, 5481
0.3141, 5480
0.3146, 5479
0.3151, 5478
0.3158, 5477
0.3164, 5476
0.3170, 5475
0.3176, 5474
0.3185, 5473
0.3191, 5472
0.3197, 5471
0.3204, 5470
0.3210, 5469
0.3216, 5468
0.3222, 5467
0.3228, 5466
0.3239, 5465
0.3244, 5464
0.3250, 5463
0.3256, 5462
0.3262, 5461
0.3268, 5460
0.3275, 5459
0.3281, 5458
0.3287, 5457
0.3293, 5456
0.3301, 5455
0.3308, 5454
0.3314, 5453
0.3321, 5452
0.3326, 5451
0.3334, 5450
0.3340, 5449
0.3347, 5448
0.3354, 5447
0.3359, 5446
0.3365, 5445
0.3371, 5444
0.3382, 5443
0.3388, 5442
0.3394, 5441
0.3400, 5440
0.3407, 5439
0.3414, 5438
0.3424, 5437
0.3431, 5436
0.3438, 5435
0.3444, 5434
0.3450, 5433
0.3456, 5432
0.3466, 5431
0.3472, 5430
0.3478, 5429
0.3484, 5428
0.3490, 5427
0.3497, 5426
0.3507, 5425
0.3513, 5424
0.3520, 5423
0.3527, 5422
0.3534, 5421
0.3542, 5420
0.3552, 5419
0.3557, 5418
0.3563, 5417
0.3574, 5416
0.3580, 5415
0.3587, 5414
0.3593, 5413
0.3599, 5412
0.3605, 5411
0.3611, 5410
0.3616, 5409
0.3622, 5408
0.3627, 5407
0.3635, 5406
0.3643, 5405
0.3651, 5404
0.3659, 5403
0.3668, 5402
0.3673, 5401
0.3679, 5400
0.3686, 5399
0.3695, 5398
0.3703, 5397
0.3709, 5396
0.3716, 5395
0.3724, 5394
0.3732, 5393
0.3739, 5392
0.3746, 5391
0.3752, 5390
0.3757, 5389
0.3764, 5388
0.3770, 5387
0.3776, 5386
0.3785, 5385
0.3790, 5384
0.3797, 5383
0.3804, 5382
0.3812, 5381
0.3818, 5380
0.3824, 5379
0.3830, 5378
0.3838, 5377
0.3845, 5376
0.3851, 5375
0.3857, 5374
0.3864, 5373
0.3871, 5372
0.3876, 5371
0.3883, 5370
0.3890, 5369
0.3898, 5368
0.3905, 5367
0.3910, 5366
0.3918, 5365
0.3925, 5364
0.3932, 5363
0.3942, 5362
0.3949, 5361
0.3956, 5360
0.3963, 5359
0.3970, 5358
0.3977, 5357
0.3988, 5356
0.3994, 5355
0.4000, 5354
0.4007, 5353
0.4014, 5352
0.4019, 5351
0.4028, 5350
0.4034, 5349
0.4040, 5348
0.4046, 5347
0.4053, 5346
0.4062, 5345
0.4070, 5344
0.4076, 5343
0.4083, 5342
0.4090, 5341
0.4096, 5340
0.4102, 5339
0.4108, 5338
0.4114, 5337
0.4120, 5336
0.4126, 5335
0.4132, 5334
0.4140, 5333
0.4149, 5332
0.4159, 5331
0.4165, 5330
0.4171, 5329
0.4176, 5328
0.4183, 5327
0.4189, 5326
0.4195, 5325
0.4201, 5324
0.4207, 5323
0.4218, 5322
0.4227, 5321
0.4237, 5320
0.4245, 5319
0.4251, 5318
0.4257, 5317
0.4262, 5316
0.4270, 5315
0.4278, 5314
0.4284, 5313
0.4291, 5312
0.4299, 5311
0.4306, 5310
0.4312, 5309
0.4319, 5308
0.4328, 5307
0.4335, 5306
0.4342, 5305
0.4347, 5304
0.4354, 5303
0.4360, 5302
0.4366, 5301
0.4372, 5300
0.4378, 5299
0.4384, 5298
0.4390, 5297
0.4396, 5296
0.4404, 5295
0.4411, 5294
0.4416, 5293
0.4422, 5292
0.4430, 5291
0.4437, 5290
0.4444, 5289
0.4453, 5288
0.4459, 5287
0.4465, 5286
0.4471, 5285
0.4477, 5284
0.4484, 5283
0.4490, 5282
0.4495, 5281
0.4501, 5280
0.4507, 5279
0.4512, 5278
0.4518, 5277
0.4525, 5276
0.4532, 5275
0.4539, 5274
0.4548, 5273
0.4553, 5272
0.4559, 5271
0.4564, 5270
0.4571, 5269
0.4578, 5268
0.4583, 5267
0.4588, 5266
0.4595, 5265
0.4602, 5264
0.4608, 5263
0.4615, 5262
0.4621, 5261
0.4626, 5260
0.4634, 5259
0.4640, 5258
0.4646, 5257
0.4653, 5256
0.4661, 5255
0.4667, 5254
0.4677, 5253
0.4685, 5252
0.4692, 5251
0.4703, 5250
0.4709, 5249
0.4714, 5248
0.4721, 5247
0.4727, 5246
0.4734, 5245
0.4740, 5244
0.4747, 5243
0.4752, 5242
0.4758, 5241
0.4765, 5240
0.4771, 5239
0.4776, 5238
0.4782, 5237
0.4791, 5236
0.4797, 5235
0.4803, 5234
0.4809, 5233
0.4814, 5232
0.4822, 5231
0.4828, 5230
0.4834, 5229
0.4839, 5228
0.4846, 5227
0.4854, 5226
0.4860, 5225
0.4865, 5224
0.4875, 5223
0.4884, 5222
0.4891, 5221
0.4899, 5220
0.4906, 5219
0.4912, 5218
0.4917, 5217
0.4924, 5216
0.4931, 5215
0.4938, 5214
0.4944, 5213
0.4952, 5212
0.4960, 5211
0.4968, 5210
0.4977, 5209
0.4983, 5208
0.4990, 5207
0.4998, 5206
0.5006, 5205
0.5012, 5204
0.5021, 5203
0.5027, 5202
0.5034, 5201
0.5040, 5200
0.5048, 5199
0.5055, 5198
0.5062, 5197
0.5069, 5196
0.5076, 5195
0.5084, 5194
0.5090, 5193
0.5096, 5192
0.5102, 5191
0.5108, 5190
0.5115, 5189
0.5120, 5188
0.5126, 5187
0.5132, 5186
0.5139, 5185
0.5145, 5184
0.5151, 5183
0.5159, 5182
0.5166, 5181
0.5174, 5180
0.5184, 5179
0.5190, 5178
0.5199, 5177
0.5206, 5176
0.5212, 5175
0.5221, 5174
0.5228, 5173
0.5236, 5172
0.5242, 5171
0.5248, 5170
0.5253, 5169
0.5262, 5168
0.5268, 5167
0.5273, 5166
0.5280, 5165
0.5289, 5164
0.5295, 5163
0.5302, 5162
0.5309, 5161
0.5319, 5160
0.5327, 5159
0.5334, 5158
0.5341, 5157
0.5347, 5156
0.5353, 5155
0.5360, 5154
0.5367, 5153
0.5376, 5152
0.5383, 5151
0.5389, 5150
0.5396, 5149
0.5402, 5148
0.5409, 5147
0.5414, 5146
0.5419, 5145
0.5424, 5144
0.5432, 5143
0.5438, 5142
0.5443, 5141
0.5449, 5140
0.5455, 5139
0.5461, 5138
0.5468, 5137
0.5476, 5136
0.5482, 5135
0.5490, 5134
0.5496, 5133
0.5502, 5132
0.5507, 5131
0.5515, 5130
0.5522, 5129
0.5529, 5128
0.5535, 5127
0.5543, 5126
0.5551, 5125
0.5557, 5124
0.5563, 5123
0.5569, 5122
0.5574, 5121
0.5582, 5120
0.5587, 5119
0.5593, 5118
0.5598, 5117
0.5604, 5116
0.5609, 5115
0.5615, 5114
0.5624, 5113
0.5631, 5112
0.5639, 5111
0.5647, 5110
0.5653, 5109
0.5658, 5108
0.5664, 5107
0.5670, 5106
0.5677, 5105
0.5682, 5104
0.5690, 5103
0.5698, 5102
0.5704, 5101
0.5713, 5100
0.5720, 5099
0.5728, 5098
0.5736, 5097
0.5741, 5096
0.5749, 5095
0.5755, 5094
0.5761, 5093
0.5768, 5092
0.5775, 5091
0.5782, 5090
0.5787, 5089
0.5794, 5088
0.5802, 5087
0.5811, 5086
0.5817, 5085
0.5823, 5084
0.5829, 5083
0.5837, 5082
0.5844, 5081
0.5849, 5080
0.5856, 5079
0.5862, 5078
0.5868, 5077
0.5875, 5076
0.5881, 5075
0.5888, 5074
0.5896, 5073
0.5903, 5072
0.5909, 5071
0.5914, 5070
0.5919, 5069
0.5928, 5068
0.5937, 5067
0.5944, 5066
0.5951, 5065
0.5959, 5064
0.5969, 5063
0.5976, 5062
0.5983, 5061
0.5988, 5060
0.5996, 5059
0.6003, 5058
0.6008, 5057
0.6015, 5056
0.6020, 5055
0.6027, 5054
0.6034, 5053
0.6041, 5052
0.6047, 5051
0.6052, 5050
0.6059, 5049
0.6065, 5048
0.6073, 5047
0.6079, 5046
0.6090, 5045
0.6096, 5044
0.6103, 5043
0.6109, 5042
0.6115, 5041
0.6124, 5040
0.6129, 5039
0.6136, 5038
0.6144, 5037
0.6150, 5036
0.6155, 5035
0.6163, 5034
0.6171, 5033
0.6177, 5032
0.6184, 5031
0.6194, 5030
0.6200, 5029
0.6209, 5028
0.6214, 5027
0.6221, 5026
0.6228, 5025
0.6234, 5024
0.6241, 5023
0.6246, 5022
0.6253, 5021
0.6260, 5020
0.6271, 5019
0.6280, 5018
0.6285, 5017
0.6290, 5016
0.6296, 5015
0.6306, 5014
0.6312, 5013
0.6320, 5012
0.6327, 5011
0.6334, 5010
0.6341, 5009
0.6347, 5008
0.6352, 5007
0.6359, 5006
0.6368, 5005
0.6373, 5004
0.6382, 5003
0.6388, 5002
0.6394, 5001
0.6403, 5000
0.6409, 4999
0.6418, 4998
0.6425, 4997
0.6430, 4996
0.6437, 4995
0.6442, 4994
0.6449, 4993
0.6456, 4992
0.6462, 4991
0.6469, 4990
0.6477, 4989
0.6487, 4988
0.6494, 4987
0.6500, 4986
0.6506, 4985
0.6513, 4984
0.6520, 4983
0.6527, 4982
0.6534, 4981
0.6542, 4980
0.6551, 4979
0.6556, 4978
0.6562, 4977
0.6569, 4976
0.6579, 4975
0.6589, 4974
0.6595, 4973
0.6601, 4972
0.6608, 4971
0.6615, 4970
0.6621, 4969
0.6629, 4968
0.6636, 4967
0.6643, 4966
0.6650, 4965
0.6656, 4964
0.6661, 4963
0.6667, 4962
0.6674, 4961
0.6682, 4960
0.6687, 4959
0.6693, 4958
0.6698, 4957
0.6704, 4956
0.6712, 4955
0.6717, 4954
0.6723, 4953
0.6729, 4952
0.6737, 4951
0.6746, 4950
0.6755, 4949
0.6766, 4948
0.6772, 4947
0.6779, 4946
0.6787, 4945
0.6793, 4944
0.6799, 4943
0.6805, 4942
0.6810, 4941
0.6816, 4940
0.6821, 4939
0.6828, 4938
0.6833, 4937
0.6840, 4936
0.6847, 4935
0.6856, 4934
0.6865, 4933
0.6870, 4932
0.6876, 4931
0.6883, 4930
0.6889, 4929
0.6896, 4928
0.6901, 4927
0.6908, 4926
0.6916, 4925
0.6922, 4924
0.6928, 4923
0.6936, 4922
0.6942, 4921
0.6948, 4920
0.6955, 4919
0.6964, 4918
0.6973, 4917
0.6979, 4916
0.6987, 4915
0.6993, 4914
0.6998, 4913
0.7003, 4912
0.7008, 4911
0.7014, 4910
0.7019, 4909
0.7029, 4908
0.7034, 4907
0.7040, 4906
0.7046, 4905
0.7051, 4904
0.7057, 4903
0.7062, 4902
0.7070, 4901
0.7075, 4900
0.7085, 4899
0.7092, 4898
0.7098, 4897
0.7104, 4896
0.7109, 4895
0.7116, 4894
0.7123, 4893
0.7128, 4892
0.7137, 4891
0.7144, 4890
0.7152, 4889
0.7157, 4888
0.7163, 4887
0.7168, 4886
0.7174, 4885
0.7180, 4884
0.7186, 4883
0.7192, 4882
0.7198, 4881
0.7204, 4880
0.7210, 4879
0.7219, 4878
0.7225, 4877
0.7230, 4876
0.7238, 4875
0.7243, 4874
0.7248, 4873
0.7254, 4872
0.7262, 4871
0.7270, 4870
0.7278, 4869
0.7286, 4868
0.7292, 4867
0.7297, 4866
0.7303, 4865
0.7313, 4864
0.7321, 4863
0.7327, 4862
0.7333, 4861
0.7341, 4860
0.7348, 4859
0.7356, 4858
0.7361, 4857
0.7369, 4856
0.7378, 4855
0.7384, 4854
0.7395, 4853
0.7400, 4852
0.7406, 4851
0.7413, 4850
0.7422, 4849
0.7429, 4848
0.7436, 4847
0.7441, 4846
0.7447, 4845
0.7455, 4844
0.7460, 4843
0.7465, 4842
0.7470, 4841
0.7477, 4840
0.7484, 4839
0.7494, 4838
0.7502, 4837
0.7509, 4836
0.7514, 4835
0.7520, 4834
0.7527, 4833
0.7533, 4832
0.7539, 4831
0.7549, 4830
0.7554, 4829
0.7560, 4828
0.7567, 4827
0.7576, 4826
0.7585, 4825
0.7590, 4824
0.7598, 4823
0.7603, 4822
0.7610, 4821
0.7616, 4820
0.7621, 4819
0.7627, 4818
0.7633, 4817
0.7638, 4816
0.7644, 4815
0.7649, 4814
0.7658, 4813
0.7667, 4812
0.7674, 4811
0.7680, 4810
0.7689, 4809
0.7694, 4808
0.7699, 4807
0.7705, 4806
0.7710, 4805
0.7719, 4804
0.7728, 4803
0.7732, 4802
0.7738, 4801
0.7745, 4800
0.7751, 4799
0.7757, 4798
0.7762, 4797
0.7768, 4796
0.7774, 4795
0.7781, 4794
0.7789, 4793
0.7794, 4792
0.7802, 4791
0.7808, 4790
0.7816, 4789
0.7822, 4788
0.7828, 4787
0.7833, 4786
0.7839, 4785
0.7845, 4784
0.7850, 4783
0.7857, 4782
0.7863, 4781
0.7872, 4780
0.7881, 4779
0.7886, 4778
0.7894, 4777
0.7900, 4776
0.7906, 4775
0.7911, 4774
0.7921, 4773
0.7927, 4772
0.7934, 4771
0.7939, 4770
0.7945, 4769
0.7954, 4768
0.7960, 4767
0.7965, 4766
0.7971, 4765
0.7981, 4764
0.7989, 4763
0.7996, 4762
0.8002, 4761
0.8007, 4760
0.8014, 4759
0.8025, 4758
0.8031, 4757
0.8037, 4756
0.8045, 4755
0.8051, 4754
0.8056, 4753
0.8061, 4752
0.8067, 4751
0.8075, 4750
0.8081, 4749
0.8086, 4748
0.8092, 4747
0.8102, 4746
0.8108, 4745
0.8116, 4744
0.8124, 4743
0.8132, 4742
0.8140, 4741
0.8146, 4740
0.8152, 4739
0.8157, 4738
0.8162, 4737
0.8169, 4736
0.8178, 4735
0.8183, 4734
0.8190, 4733
0.8195, 4732
0.8200, 4731
0.8209, 4730
0.8215, 4729
0.8219, 4728
0.8225, 4727
0.8234, 4726
0.8241, 4725
0.8250, 4724
0.8259, 4723
0.8263, 4722
0.8272, 4721
0.8280, 4720
0.8285, 4719
0.8291, 4718
0.8296, 4717
0.8304, 4716
0.8313, 4715
0.8320, 4714
0.8329, 4713
0.8334, 4712
0.8341, 4711
0.8350, 4710
0.8359, 4709
0.8366, 4708
0.8375, 4707
0.8381, 4706
0.8390, 4705
0.8397, 4704
0.8404, 4703
0.8414, 4702
0.8423, 4701
0.8431, 4700
0.8440, 4699
0.8448, 4698
0.8456, 4697
0.8462, 4696
0.8471, 4695
0.8479, 4694
0.8488, 4693
0.8497, 4692
0.8507, 4691
0.8516, 4690
1.0584, 4689
1.3303, 4688
1.3309, 4687
1.5132, 4686
1.7739, 4685
1.8179, 4684
1.8856, 4683
2.0256, 4682
2.2048, 4681
2.4122, 4680
2.4785, 4679
2.6624, 4678
2.7089, 4677
2.8881, 4676
3.2070, 4675
3.2299, 4674
3.3234, 4673
3.5686, 4672
3.5694, 4671
3.6575, 4670
3.7704, 4669
3.8158, 4668
3.9279, 4667
4.0418, 4666
4.0879, 4665
4.0887, 4664
4.1346, 4663
4.6438, 4662
4.7257, 4661
5.2321, 4660
5.2788, 4659
5.4179, 4658
5.6364, 4657
5.6371, 4656
5.9277, 4655
6.4350, 4654
6.5056, 4653
6.5061, 4652
7.0880, 4651
7.2382, 4650
7.3523, 4649
8.1260, 4648
8.2169, 4647
8.3285, 4646
8.6256, 4645
8.6726, 4644
8.8577, 4643
8.8584, 4642
8.9032, 4641
9.2493, 4640
9.3948, 4639
9.4378, 4638
9.6832, 4637
9.8478, 4636
