0.1120, 4688
0.1424, 4687
0.1736, 4686
0.1955, 4680
0.2264, 4679
0.2370, 4675
0.2472, 4674
0.2584, 4668
0.2790, 4667
0.2995, 4666
0.3100, 4664
0.3907, 4663
0.4810, 4659
0.5224, 4658
0.5529, 4657
0.5948, 4656
0.7270, 4654
0.7381, 4653
0.9258, 4652
0.9883, 4650
1.0085, 4649
1.0393, 4648
1.1415, 4647
1.1615, 4646
1.2236, 4645
1.2539, 4644
1.3042, 4643
1.3248, 4642
1.6185, 4641
1.7090, 4640
1.7298, 4639
1.7599, 4638
1.8407, 4637
1.8926, 4636
1.9430, 4635
2.0140, 4633
2.0243, 4632
2.0760, 4630
2.0967, 4629
2.1275, 4627
2.1578, 4626
2.2284, 4625
2.2492, 4624
2.3304, 4623
2.3621, 4621
2.4937, 4619
2.7256, 4618
2.7964, 4616
2.9887, 4615
3.3725, 4613
3.4229, 4611
3.4741, 4610
3.7881, 4608
3.9897, 4607
4.0908, 4605
4.1720, 4604
4.3634, 4603
4.5578, 4602
4.6490, 4601
4.6593, 4600
4.8225, 4599
5.0477, 4597
5.0992, 4596
5.4200, 4595
5.7368, 4594
5.9820, 4593
6.0448, 4592
6.2889, 4590
6.3195, 4589
6.3610, 4587
6.8268, 4586
7.6140, 4585
7.7580, 4584
8.0293, 4582
8.7184, 4581
8.8817, 4580
8.9733, 4579
9.0143, 4578
9.2277, 4577
9.9658, 4576
10.2228, 4575
10.3044, 4574
