0.0000, 5900
0.0006, 5899
0.0013, 5898
0.0020, 5897
0.0030, 5896
0.0039, 5895
0.0046, 5894
0.0053, 5893
0.0063, 5892
0.0068, 5891
0.0077, 5890
0.0083, 5889
0.0088, 5888
0.0093, 5887
0.0103, 5886
0.0113, 5885
0.0120, 5884
0.0133, 5883
0.0140, 5882
0.0152, 5881
0.0158, 5880
0.0168, 5879
0.0177, 5878
0.0188, 5877
0.0193, 5876
0.0199, 5875
0.0205, 5874
0.0212, 5873
0.0224, 5872
0.0230, 5871
0.0235, 5870
0.0241, 5869
0.0248, 5868
0.0254, 5867
0.0260, 5866
0.0265, 5865
0.0275, 5864
0.0284, 5863
0.0290, 5862
0.0295, 5861
0.0302, 5860
0.0309, 5859
0.0314, 5858
0.0320, 5857
0.0326, 5856
0.0333, 5855
0.0339, 5854
0.0344, 5853
0.0350, 5852
0.0361, 5851
0.0371, 5850
0.0377, 5849
0.0382, 5848
0.0389, 5847
0.0395, 5846
0.0401, 5845
0.0409, 5844
0.0414, 5843
0.0420, 5842
0.0425, 5841
0.0433, 5840
0.0441, 5839
0.0447, 5838
0.0452, 5837
0.0460, 5836
0.0466, 5835
0.0473, 5834
0.0479, 5833
0.0487, 5832
0.0492, 5831
0.0498, 5830
0.0507, 5829
0.0512, 5828
0.0518, 5827
0.0525, 5826
0.0535, 5825
0.0540, 5824
0.0546, 5823
0.0555, 5822
0.0561, 5821
0.0567, 5820
0.0573, 5819
0.0579, 5818
0.0584, 5817
0.0594, 5816
0.0600, 5815
0.0611, 5814
0.0621, 5813
0.0629, 5812
0.0635, 5811
0.0645, 5810
0.0652, 5809
0.0659, 5808
0.0665, 5807
0.0671, 5806
0.0680, 5805
0.0686, 5804
0.0692, 5803
0.0697, 5802
0.0703, 5801
0.0709, 5800
0.0719, 5799
0.0724, 5798
0.0731, 5797
0.0738, 5796
0.0745, 5795
0.0750, 5794
0.0759, 5793
0.0764, 5792
0.0770, 5791
0.0776, 5790
0.0782, 5789
0.0788, 5788
0.0794, 5787
0.0800, 5786
0.0814, 5785
0.0825, 5784
0.0834, 5783
0.0840, 5782
0.0845, 5781
0.0851, 5780
0.0858, 5779
0.0867, 5778
0.0873, 5777
0.0882, 5776
0.0889, 5775
0.0896, 5774
0.0903, 5773
0.0915, 5772
0.0922, 5771
0.0934, 5770
0.0941, 5769
0.0947, 5768
0.0955, 5767
0.0960, 5766
0.0968, 5765
0.0976, 5764
0.0982, 5763
0.0988, 5762
0.0994, 5761
0.1000, 5760
0.1010, 5759
0.1016, 5758
0.1022, 5757
0.1028, 5756
0.1033, 5755
0.1039, 5754
0.1048, 5753
0.1056, 5752
0.1061, 5751
0.1067, 5750
0.1073, 5749
0.1082, 5748
0.1088, 5747
0.1094, 5746
0.1104, 5745
0.1116, 5744
0.1122, 5743
0.1128, 5742
0.1134, 5741
0.1145, 5740
0.1151, 5739
0.1158, 5738
0.1164, 5737
0.1170, 5736
0.1176, 5735
0.1182, 5734
0.1188, 5733
0.1195, 5732
0.1200, 5731
0.1206, 5730
0.1212, 5729
0.1218, 5728
0.1224, 5727
0.1230, 5726
0.1237, 5725
0.1244, 5724
0.1252, 5723
0.1263, 5722
0.1270, 5721
0.1276, 5720
0.1284, 5719
0.1292, 5718
0.1302, 5717
0.1311, 5716
0.1321, 5715
0.1332, 5714
0.1338, 5713
0.1344, 5712
0.1350, 5711
0.1356, 5710
0.1362, 5709
0.1371, 5708
0.1379, 5707
0.1385, 5706
0.1391, 5705
0.1397, 5704
0.1402, 5703
0.1408, 5702
0.1414, 5701
0.1421, 5700
0.1432, 5699
0.1438, 5698
0.1443, 5697
0.1449, 5696
0.1460, 5695
0.1468, 5694
0.1475, 5693
0.1481, 5692
0.1487, 5691
0.1492, 5690
0.1498, 5689
0.1505, 5688
0.1511, 5687
0.1517, 5686
0.1527, 5685
0.1533, 5684
0.1540, 5683
0.1547, 5682
0.1553, 5681
0.1559, 5680
0.1566, 5679
0.1573, 5678
0.1579, 5677
0.1585, 5676
0.1592, 5675
0.1598, 5674
0.1603, 5673
0.1609, 5672
0.1615, 5671
0.1621, 5670
0.1629, 5669
0.1635, 5668
0.1642, 5667
0.1648, 5666
0.1655, 5665
0.1661, 5664
0.1667, 5663
0.1674, 5662
0.1684, 5661
0.1690, 5660
0.1699, 5659
0.1705, 5658
0.1717, 5657
0.1727, 5656
0.1736, 5655
0.1743, 5654
0.1751, 5653
0.1757, 5652
0.1763, 5651
0.1769, 5650
0.1775, 5649
0.1781, 5648
0.1788, 5647
0.1794, 5646
0.1800, 5645
0.1808, 5644
0.1813, 5643
0.1819, 5642
0.1825, 5641
0.1832, 5640
0.1841, 5639
0.1850, 5638
0.1856, 5637
0.1861, 5636
0.1868, 5635
0.1880, 5634
0.1886, 5633
0.1897, 5632
0.1905, 5631
0.1911, 5630
0.1922, 5629
0.1931, 5628
0.1937, 5627
0.1948, 5626
0.1956, 5625
0.1963, 5624
0.1972, 5623
0.1978, 5622
0.1984, 5621
0.1991, 5620
0.1998, 5619
0.2008, 5618
0.2014, 5617
0.2020, 5616
0.2026, 5615
0.2033, 5614
0.2042, 5613
0.2048, 5612
0.2053, 5611
0.2060, 5610
0.2068, 5609
0.2074, 5608
0.2080, 5607
0.2086, 5606
0.2091, 5605
0.2098, 5604
0.2104, 5603
0.2109, 5602
0.2115, 5601
0.2121, 5600
0.2126, 5599
0.2132, 5598
0.2137, 5597
0.2142, 5596
0.2148, 5595
0.2157, 5594
0.2163, 5593
0.2173, 5592
0.2179, 5591
0.2187, 5590
0.2195, 5589
0.2204, 5588
0.2211, 5587
0.2217, 5586
0.2223, 5585
0.2230, 5584
0.2240, 5583
0.2247, 5582
0.2254, 5581
0.2259, 5580
0.2266, 5579
0.2273, 5578
0.2279, 5577
0.2290, 5576
0.2296, 5575
0.2302, 5574
0.2309, 5573
0.2315, 5572
0.2321, 5571
0.2329, 5570
0.2338, 5569
0.2344, 5568
0.2353, 5567
0.2359, 5566
0.2364, 5565
0.2371, 5564
0.2378, 5563
0.2390, 5562
0.2397, 5561
0.2402, 5560
0.2408, 5559
0.2414, 5558
0.2419, 5557
0.2430, 5556
0.2436, 5555
0.2441, 5554
0.2447, 5553
0.2456, 5552
0.2462, 5551
0.2468, 5550
0.2475, 5549
0.2481, 5548
0.2488, 5547
0.2494, 5546
0.2501, 5545
0.2506, 5544
0.2512, 5543
0.2517, 5542
0.2524, 5541
0.2531, 5540
0.2536, 5539
0.2542, 5538
0.2547, 5537
0.2553, 5536
0.2559, 5535
0.2566, 5534
0.2575, 5533
0.2580, 5532
0.2587, 5531
0.2592, 5530
0.2598, 5529
0.2604, 5528
0.2610, 5527
0.2615, 5526
0.2624, 5525
0.2630, 5524
0.2638, 5523
0.2647, 5522
0.2657, 5521
0.2666, 5520
0.2673, 5519
0.2680, 5518
0.2686, 5517
0.2693, 5516
0.2698, 5515
0.2707, 5514
0.2713, 5513
0.2719, 5512
0.2725, 5511
0.2730, 5510
0.2736, 5509
0.2742, 5508
0.2748, 5507
0.2756, 5506
0.2761, 5505
0.2767, 5504
0.2773, 5503
0.2782, 5502
0.2788, 5501
0.2794, 5500
0.2801, 5499
0.2810, 5498
0.2817, 5497
0.2824, 5496
0.2830, 5495
0.2837, 5494
0.2843, 5493
0.2849, 5492
0.2855, 5491
0.2865, 5490
0.2873, 5489
0.2879, 5488
0.2885, 5487
0.2890, 5486
0.2896, 5485
0.2906, 5484
0.2911, 5483
0.2917, 5482
0.2927, 5481
0.2934, 5480
0.2939, 5479
0.2945, 5478
0.2951, 5477
0.2957, 5476
0.2963, 5475
0.2969, 5474
0.2977, 5473
0.2983, 5472
0.2990, 5471
0.2996, 5470
0.3002, 5469
0.3008, 5468
0.3014, 5467
0.3020, 5466
0.3030, 5465
0.3036, 5464
0.3042, 5463
0.3047, 5462
0.3053, 5461
0.3059, 5460
0.3066, 5459
0.3072, 5458
0.3078, 5457
0.3084, 5456
0.3093, 5455
0.3100, 5454
0.3106, 5453
0.3113, 5452
0.3118, 5451
0.3126, 5450
0.3131, 5449
0.3139, 5448
0.3145, 5447
0.3151, 5446
0.3156, 5445
0.3162, 5444
0.3173, 5443
0.3179, 5442
0.3185, 5441
0.3191, 5440
0.3197, 5439
0.3204, 5438
0.3213, 5437
0.3221, 5436
0.3227, 5435
0.3234, 5434
0.3240, 5433
0.3246, 5432
0.3256, 5431
0.3262, 5430
0.3268, 5429
0.3274, 5428
0.3280, 5427
0.3287, 5426
0.3296, 5425
0.3303, 5424
0.3309, 5423
0.3316, 5422
0.3324, 5421
0.3330, 5420
0.3340, 5419
0.3346, 5418
0.3351, 5417
0.3362, 5416
0.3368, 5415
0.3375, 5414
0.3381, 5413
0.3386, 5412
0.3393, 5411
0.3398, 5410
0.3404, 5409
0.3409, 5408
0.3414, 5407
0.3421, 5406
0.3430, 5405
0.3438, 5404
0.3445, 5403
0.3454, 5402
0.3459, 5401
0.3465, 5400
0.3472, 5399
0.3481, 5398
0.3488, 5397
0.3494, 5396
0.3501, 5395
0.3509, 5394
0.3517, 5393
0.3524, 5392
0.3531, 5391
0.3537, 5390
0.3543, 5389
0.3549, 5388
0.3556, 5387
0.3562, 5386
0.3571, 5385
0.3577, 5384
0.3584, 5383
0.3590, 5382
0.3598, 5381
0.3605, 5380
0.3610, 5379
0.3616, 5378
0.3624, 5377
0.3631, 5376
0.3637, 5375
0.3643, 5374
0.3651, 5373
0.3657, 5372
0.3662, 5371
0.3670, 5370
0.3676, 5369
0.3684, 5368
0.3691, 5367
0.3697, 5366
0.3705, 5365
0.3712, 5364
0.3719, 5363
0.3729, 5362
0.3736, 5361
0.3743, 5360
0.3750, 5359
0.3757, 5358
0.3763, 5357
0.3774, 5356
0.3781, 5355
0.3787, 5354
0.3793, 5353
0.3801, 5352
0.3807, 5351
0.3815, 5350
0.3822, 5349
0.3828, 5348
0.3834, 5347
0.3841, 5346
0.3850, 5345
0.3859, 5344
0.3865, 5343
0.3872, 5342
0.3879, 5341
0.3885, 5340
0.3891, 5339
0.3897, 5338
0.3903, 5337
0.3909, 5336
0.3915, 5335
0.3922, 5334
0.3929, 5333
0.3939, 5332
0.3949, 5331
0.3955, 5330
0.3961, 5329
0.3966, 5328
0.3973, 5327
0.3979, 5326
0.3985, 5325
0.3991, 5324
0.3997, 5323
0.4008, 5322
0.4018, 5321
0.4028, 5320
0.4036, 5319
0.4042, 5318
0.4049, 5317
0.4054, 5316
0.4062, 5315
0.4070, 5314
0.4077, 5313
0.4083, 5312
0.4091, 5311
0.4099, 5310
0.4104, 5309
0.4111, 5308
0.4121, 5307
0.4128, 5306
0.4134, 5305
0.4140, 5304
0.4146, 5303
0.4153, 5302
0.4159, 5301
0.4164, 5300
0.4171, 5299
0.4177, 5298
0.4184, 5297
0.4190, 5296
0.4197, 5295
0.4205, 5294
0.4210, 5293
0.4216, 5292
0.4224, 5291
0.4231, 5290
0.4239, 5289
0.4247, 5288
0.4253, 5287
0.4259, 5286
0.4266, 5285
0.4272, 5284
0.4279, 5283
0.4285, 5282
0.4291, 5281
0.4296, 5280
0.4302, 5279
0.4308, 5278
0.4314, 5277
0.4320, 5276
0.4328, 5275
0.4335, 5274
0.4344, 5273
0.4350, 5272
0.4355, 5271
0.4361, 5270
0.4368, 5269
0.4375, 5268
0.4381, 5267
0.4386, 5266
0.4392, 5265
0.4400, 5264
0.4407, 5263
0.4413, 5262
0.4419, 5261
0.4425, 5260
0.4433, 5259
0.4439, 5258
0.4445, 5257
0.4452, 5256
0.4460, 5255
0.4467, 5254
0.4477, 5253
0.4485, 5252
0.4492, 5251
0.4503, 5250
0.4509, 5249
0.4515, 5248
0.4521, 5247
0.4529, 5246
0.4535, 5245
0.4542, 5244
0.4549, 5243
0.4554, 5242
0.4560, 5241
0.4567, 5240
0.4573, 5239
0.4578, 5238
0.4585, 5237
0.4594, 5236
0.4599, 5235
0.4606, 5234
0.4612, 5233
0.4617, 5232
0.4625, 5231
0.4631, 5230
0.4637, 5229
0.4643, 5228
0.4650, 5227
0.4659, 5226
0.4664, 5225
0.4670, 5224
0.4680, 5223
0.4689, 5222
0.4696, 5221
0.4704, 5220
0.4711, 5219
0.4717, 5218
0.4722, 5217
0.4729, 5216
0.4736, 5215
0.4744, 5214
0.4749, 5213
0.4758, 5212
0.4765, 5211
0.4773, 5210
0.4782, 5209
0.4788, 5208
0.4795, 5207
0.4803, 5206
0.4811, 5205
0.4818, 5204
0.4826, 5203
0.4833, 5202
0.4840, 5201
0.4846, 5200
0.4854, 5199
0.4861, 5198
0.4868, 5197
0.4875, 5196
0.4881, 5195
0.4890, 5194
0.4895, 5193
0.4901, 5192
0.4908, 5191
0.4914, 5190
0.4921, 5189
0.4926, 5188
0.4932, 5187
0.4938, 5186
0.4945, 5185
0.4951, 5184
0.4957, 5183
0.4965, 5182
0.4972, 5181
0.4981, 5180
0.4990, 5179
0.4996, 5178
0.5005, 5177
0.5011, 5176
0.5018, 5175
0.5027, 5174
0.5034, 5173
0.5042, 5172
0.5048, 5171
0.5054, 5170
0.5059, 5169
0.5068, 5168
0.5074, 5167
0.5080, 5166
0.5087, 5165
0.5095, 5164
0.5101, 5163
0.5109, 5162
0.5115, 5161
0.5126, 5160
0.5133, 5159
0.5141, 5158
0.5148, 5157
0.5154, 5156
0.5159, 5155
0.5166, 5154
0.5173, 5153
0.5182, 5152
0.5189, 5151
0.5195, 5150
0.5202, 5149
0.5209, 5148
0.5216, 5147
0.5221, 5146
0.5227, 5145
0.5232, 5144
0.5240, 5143
0.5246, 5142
0.5251, 5141
0.5257, 5140
0.5263, 5139
0.5270, 5138
0.5276, 5137
0.5284, 5136
0.5291, 5135
0.5298, 5134
0.5305, 5133
0.5310, 5132
0.5316, 5131
0.5323, 5130
0.5330, 5129
0.5337, 5128
0.5344, 5127
0.5351, 5126
0.5359, 5125
0.5366, 5124
0.5371, 5123
0.5378, 5122
0.5383, 5121
0.5391, 5120
0.5396, 5119
0.5402, 5118
0.5407, 5117
0.5413, 5116
0.5418, 5115
0.5424, 5114
0.5433, 5113
0.5440, 5112
0.5448, 5111
0.5457, 5110
0.5463, 5109
0.5468, 5108
0.5473, 5107
0.5479, 5106
0.5486, 5105
0.5492, 5104
0.5499, 5103
0.5507, 5102
0.5513, 5101
0.5522, 5100
0.5529, 5099
0.5536, 5098
0.5544, 5097
0.5550, 5096
0.5557, 5095
0.5563, 5094
0.5569, 5093
0.5576, 5092
0.5582, 5091
0.5589, 5090
0.5595, 5089
0.5602, 5088
0.5609, 5087
0.5619, 5086
0.5626, 5085
0.5632, 5084
0.5638, 5083
0.5646, 5082
0.5652, 5081
0.5657, 5080
0.5665, 5079
0.5671, 5078
0.5677, 5077
0.5683, 5076
0.5689, 5075
0.5697, 5074
0.5704, 5073
0.5711, 5072
0.5717, 5071
0.5722, 5070
0.5727, 5069
0.5736, 5068
0.5745, 5067
0.5752, 5066
0.5759, 5065
0.5767, 5064
0.5777, 5063
0.5783, 5062
0.5791, 5061
0.5796, 5060
0.5804, 5059
0.5811, 5058
0.5816, 5057
0.5823, 5056
0.5828, 5055
0.5835, 5054
0.5842, 5053
0.5849, 5052
0.5855, 5051
0.5861, 5050
0.5867, 5049
0.5873, 5048
0.5881, 5047
0.5888, 5046
0.5899, 5045
0.5905, 5044
0.5911, 5043
0.5918, 5042
0.5923, 5041
0.5933, 5040
0.5938, 5039
0.5945, 5038
0.5953, 5037
0.5959, 5036
0.5964, 5035
0.5972, 5034
0.5980, 5033
0.5986, 5032
0.5993, 5031
0.6002, 5030
0.6009, 5029
0.6018, 5028
0.6023, 5027
0.6030, 5026
0.6037, 5025
0.6043, 5024
0.6050, 5023
0.6055, 5022
0.6062, 5021
0.6069, 5020
0.6080, 5019
0.6089, 5018
0.6094, 5017
0.6099, 5016
0.6105, 5015
0.6115, 5014
0.6122, 5013
0.6129, 5012
0.6136, 5011
0.6143, 5010
0.6150, 5009
0.6156, 5008
0.6162, 5007
0.6168, 5006
0.6177, 5005
0.6182, 5004
0.6191, 5003
0.6197, 5002
0.6203, 5001
0.6212, 5000
0.6219, 4999
0.6227, 4998
0.6234, 4997
0.6239, 4996
0.6246, 4995
0.6251, 4994
0.6257, 4993
0.6265, 4992
0.6270, 4991
0.6278, 4990
0.6286, 4989
0.6296, 4988
0.6303, 4987
0.6309, 4986
0.6316, 4985
0.6322, 4984
0.6330, 4983
0.6336, 4982
0.6343, 4981
0.6351, 4980
0.6361, 4979
0.6366, 4978
0.6372, 4977
0.6379, 4976
0.6389, 4975
0.6398, 4974
0.6404, 4973
0.6410, 4972
0.6417, 4971
0.6424, 4970
0.6430, 4969
0.6438, 4968
0.6445, 4967
0.6452, 4966
0.6459, 4965
0.6465, 4964
0.6470, 4963
0.6476, 4962
0.6483, 4961
0.6491, 4960
0.6496, 4959
0.6502, 4958
0.6507, 4957
0.6513, 4956
0.6521, 4955
0.6527, 4954
0.6532, 4953
0.6539, 4952
0.6547, 4951
0.6557, 4950
0.6565, 4949
0.6577, 4948
0.6583, 4947
0.6590, 4946
0.6599, 4945
0.6604, 4944
0.6610, 4943
0.6615, 4942
0.6621, 4941
0.6627, 4940
0.6632, 4939
0.6639, 4938
0.6644, 4937
0.6651, 4936
0.6657, 4935
0.6667, 4934
0.6676, 4933
0.6681, 4932
0.6687, 4931
0.6693, 4930
0.6700, 4929
0.6707, 4928
0.6713, 4927
0.6720, 4926
0.6727, 4925
0.6733, 4924
0.6740, 4923
0.6748, 4922
0.6754, 4921
0.6760, 4920
0.6767, 4919
0.6776, 4918
0.6785, 4917
0.6791, 4916
0.6799, 4915
0.6805, 4914
0.6810, 4913
0.6815, 4912
0.6820, 4911
0.6826, 4910
0.6832, 4909
0.6841, 4908
0.6847, 4907
0.6852, 4906
0.6859, 4905
0.6864, 4904
0.6870, 4903
0.6876, 4902
0.6883, 4901
0.6888, 4900
0.6897, 4899
0.6905, 4898
0.6910, 4897
0.6916, 4896
0.6921, 4895
0.6928, 4894
0.6935, 4893
0.6940, 4892
0.6948, 4891
0.6956, 4890
0.6964, 4889
0.6969, 4888
0.6975, 4887
0.6981, 4886
0.6987, 4885
0.6992, 4884
0.6999, 4883
0.7005, 4882
0.7011, 4881
0.7017, 4880
0.7024, 4879
0.7033, 4878
0.7039, 4877
0.7044, 4876
0.7052, 4875
0.7058, 4874
0.7063, 4873
0.7069, 4872
0.7078, 4871
0.7085, 4870
0.7093, 4869
0.7102, 4868
0.7108, 4867
0.7113, 4866
0.7118, 4865
0.7128, 4864
0.7136, 4863
0.7142, 4862
0.7148, 4861
0.7155, 4860
0.7162, 4859
0.7171, 4858
0.7177, 4857
0.7184, 4856
0.7193, 4855
0.7200, 4854
0.7211, 4853
0.7217, 4852
0.7223, 4851
0.7229, 4850
0.7238, 4849
0.7245, 4848
0.7252, 4847
0.7259, 4846
0.7264, 4845
0.7271, 4844
0.7277, 4843
0.7282, 4842
0.7287, 4841
0.7295, 4840
0.7301, 4839
0.7311, 4838
0.7319, 4837
0.7326, 4836
0.7331, 4835
0.7336, 4834
0.7343, 4833
0.7349, 4832
0.7355, 4831
0.7365, 4830
0.7370, 4829
0.7377, 4828
0.7383, 4827
0.7393, 4826
0.7401, 4825
0.7407, 4824
0.7414, 4823
0.7419, 4822
0.7425, 4821
0.7432, 4820
0.7437, 4819
0.7443, 4818
0.7449, 4817
0.7454, 4816
0.7459, 4815
0.7465, 4814
0.7474, 4813
0.7483, 4812
0.7490, 4811
0.7496, 4810
0.7505, 4809
0.7510, 4808
0.7515, 4807
0.7520, 4806
0.7525, 4805
0.7534, 4804
0.7543, 4803
0.7548, 4802
0.7554, 4801
0.7561, 4800
0.7567, 4799
0.7573, 4798
0.7578, 4797
0.7584, 4796
0.7590, 4795
0.7597, 4794
0.7604, 4793
0.7610, 4792
0.7617, 4791
0.7623, 4790
0.7631, 4789
0.7637, 4788
0.7644, 4787
0.7649, 4786
0.7655, 4785
0.7661, 4784
0.7666, 4783
0.7673, 4782
0.7679, 4781
0.7688, 4780
0.7696, 4779
0.7701, 4778
0.7710, 4777
0.7715, 4776
0.7721, 4775
0.7726, 4774
0.7736, 4773
0.7742, 4772
0.7749, 4771
0.7754, 4770
0.7760, 4769
0.7769, 4768
0.7775, 4767
0.7780, 4766
0.7786, 4765
0.7796, 4764
0.7804, 4763
0.7811, 4762
0.7817, 4761
0.7822, 4760
0.7828, 4759
0.7839, 4758
0.7846, 4757
0.7851, 4756
0.7859, 4755
0.7865, 4754
0.7871, 4753
0.7876, 4752
0.7881, 4751
0.7890, 4750
0.7895, 4749
0.7900, 4748
0.7907, 4747
0.7916, 4746
0.7922, 4745
0.7930, 4744
0.7937, 4743
0.7946, 4742
0.7954, 4741
0.7960, 4740
0.7966, 4739
0.7971, 4738
0.7976, 4737
0.7983, 4736
0.7992, 4735
0.7997, 4734
0.8003, 4733
0.8008, 4732
0.8013, 4731
0.8021, 4730
0.8027, 4729
0.8032, 4728
0.8038, 4727
0.8047, 4726
0.8054, 4725
0.8063, 4724
0.8072, 4723
0.8076, 4722
0.8084, 4721
0.8093, 4720
0.8098, 4719
0.8103, 4718
0.8108, 4717
0.8116, 4716
0.8125, 4715
0.8132, 4714
0.8140, 4713
0.8145, 4712
0.8153, 4711
0.8161, 4710
0.8170, 4709
0.8177, 4708
0.8186, 4707
0.8192, 4706
0.8200, 4705
0.8207, 4704
0.8214, 4703
0.8223, 4702
0.8233, 4701
0.8241, 4700
0.8250, 4699
0.8258, 4698
0.8266, 4697
0.8273, 4696
0.8282, 4695
0.8289, 4694
0.8299, 4693
0.8307, 4692
0.8317, 4691
0.8326, 4690
1.0408, 4689
1.3236, 4688
1.3241, 4687
1.4467, 4686
1.7462, 4685
1.7468, 4684
1.8072, 4683
1.9273, 4682
2.0795, 4681
2.2806, 4680
2.3406, 4679
2.5122, 4678
2.5733, 4677
2.7138, 4676
3.0199, 4675
3.0204, 4674
3.1721, 4673
3.3660, 4672
3.3667, 4671
3.4338, 4670
3.5406, 4669
3.6708, 4668
3.6716, 4667
3.8022, 4666
3.8671, 4665
3.8681, 4664
3.9144, 4663
4.4071, 4662
4.4926, 4661
4.9881, 4660
5.0333, 4659
5.1897, 4658
5.2794, 4657
5.3899, 4656
5.6519, 4655
6.1779, 4654
6.1787, 4653
6.1791, 4652
6.8188, 4651
6.9553, 4650
7.0900, 4649
7.8116, 4648
7.9273, 4647
8.0635, 4646
8.3762, 4645
8.3768, 4644
8.4398, 4643
8.4405, 4642
8.5022, 4641
8.9624, 4640
9.0871, 4639
9.1287, 4638
9.3936, 4637
9.5566, 4636
9.8005, 4635
9.9444, 4634
