0.1106, 4688
0.1407, 4682
0.1514, 4681
0.1617, 4680
0.2020, 4679
0.2416, 4678
0.2922, 4677
0.3357, 4675
0.3479, 4674
0.4467, 4673
0.4769, 4670
0.4874, 4669
0.5929, 4668
0.6237, 4667
0.6741, 4665
0.7253, 4664
0.8156, 4662
0.9080, 4661
0.9284, 4660
0.9902, 4659
1.0007, 4658
1.0112, 4657
1.2467, 4656
1.2575, 4655
1.2978, 4654
1.3080, 4653
1.3284, 4652
1.4609, 4650
1.5056, 4646
1.5609, 4645
1.5813, 4641
1.6313, 4640
1.7307, 4639
1.8113, 4638
1.8216, 4637
1.9623, 4635
1.9725, 4634
2.0033, 4633
2.0652, 4632
2.1258, 4628
2.1754, 4627
2.2890, 4626
2.3501, 4625
2.3705, 4623
2.3810, 4621
2.5122, 4620
2.6237, 4618
2.6742, 4616
2.8053, 4615
2.8168, 4614
2.9408, 4612
2.9511, 4611
3.1131, 4610
3.1958, 4609
3.2169, 4608
3.2278, 4607
3.2881, 4606
3.2984, 4605
3.6812, 4604
4.0682, 4603
4.1399, 4602
4.2118, 4599
4.3335, 4596
4.3954, 4594
4.7308, 4592
4.7822, 4590
4.8630, 4589
5.3504, 4588
5.4960, 4586
5.5269, 4585
5.5580, 4583
6.0226, 4582
6.1601, 4580
6.3880, 4579
6.6573, 4578
6.9980, 4577
7.0187, 4575
7.0849, 4574
7.1410, 4573
7.2223, 4572
7.3244, 4571
7.5904, 4570
7.9858, 4569
