0.0000, 5900
0.0005, 5899
0.0012, 5898
0.0018, 5897
0.0028, 5896
0.0035, 5895
0.0042, 5894
0.0048, 5893
0.0057, 5892
0.0062, 5891
0.0070, 5890
0.0075, 5889
0.0080, 5888
0.0086, 5887
0.0095, 5886
0.0104, 5885
0.0110, 5884
0.0122, 5883
0.0129, 5882
0.0140, 5881
0.0145, 5880
0.0155, 5879
0.0164, 5878
0.0173, 5877
0.0179, 5876
0.0184, 5875
0.0189, 5874
0.0195, 5873
0.0206, 5872
0.0212, 5871
0.0217, 5870
0.0222, 5869
0.0229, 5868
0.0234, 5867
0.0239, 5866
0.0244, 5865
0.0254, 5864
0.0261, 5863
0.0267, 5862
0.0273, 5861
0.0279, 5860
0.0285, 5859
0.0291, 5858
0.0296, 5857
0.0302, 5856
0.0308, 5855
0.0314, 5854
0.0319, 5853
0.0324, 5852
0.0334, 5851
0.0344, 5850
0.0349, 5849
0.0354, 5848
0.0361, 5847
0.0366, 5846
0.0371, 5845
0.0379, 5844
0.0384, 5843
0.0389, 5842
0.0395, 5841
0.0402, 5840
0.0409, 5839
0.0414, 5838
0.0419, 5837
0.0426, 5836
0.0432, 5835
0.0439, 5834
0.0444, 5833
0.0451, 5832
0.0457, 5831
0.0462, 5830
0.0470, 5829
0.0475, 5828
0.0480, 5827
0.0486, 5826
0.0495, 5825
0.0500, 5824
0.0506, 5823
0.0514, 5822
0.0519, 5821
0.0524, 5820
0.0530, 5819
0.0535, 5818
0.0541, 5817
0.0549, 5816
0.0555, 5815
0.0565, 5814
0.0574, 5813
0.0581, 5812
0.0587, 5811
0.0596, 5810
0.0603, 5809
0.0609, 5808
0.0615, 5807
0.0620, 5806
0.0628, 5805
0.0634, 5804
0.0639, 5803
0.0644, 5802
0.0649, 5801
0.0655, 5800
0.0663, 5799
0.0669, 5798
0.0675, 5797
0.0681, 5796
0.0687, 5795
0.0693, 5794
0.0700, 5793
0.0705, 5792
0.0710, 5791
0.0716, 5790
0.0721, 5789
0.0726, 5788
0.0732, 5787
0.0737, 5786
0.0750, 5785
0.0761, 5784
0.0769, 5783
0.0775, 5782
0.0780, 5781
0.0785, 5780
0.0792, 5779
0.0800, 5778
0.0806, 5777
0.0814, 5776
0.0821, 5775
0.0827, 5774
0.0833, 5773
0.0844, 5772
0.0851, 5771
0.0862, 5770
0.0868, 5769
0.0874, 5768
0.0881, 5767
0.0887, 5766
0.0894, 5765
0.0901, 5764
0.0907, 5763
0.0912, 5762
0.0918, 5761
0.0923, 5760
0.0933, 5759
0.0938, 5758
0.0943, 5757
0.0948, 5756
0.0953, 5755
0.0958, 5754
0.0967, 5753
0.0974, 5752
0.0979, 5751
0.0984, 5750
0.0989, 5749
0.0998, 5748
0.1003, 5747
0.1009, 5746
0.1018, 5745
0.1029, 5744
0.1034, 5743
0.1040, 5742
0.1045, 5741
0.1055, 5740
0.1061, 5739
0.1067, 5738
0.1073, 5737
0.1079, 5736
0.1084, 5735
0.1090, 5734
0.1095, 5733
0.1101, 5732
0.1107, 5731
0.1113, 5730
0.1118, 5729
0.1124, 5728
0.1129, 5727
0.1134, 5726
0.1140, 5725
0.1148, 5724
0.1154, 5723
0.1165, 5722
0.1171, 5721
0.1177, 5720
0.1184, 5719
0.1192, 5718
0.1202, 5717
0.1210, 5716
0.1219, 5715
0.1229, 5714
0.1235, 5713
0.1241, 5712
0.1247, 5711
0.1253, 5710
0.1258, 5709
0.1267, 5708
0.1274, 5707
0.1280, 5706
0.1285, 5705
0.1291, 5704
0.1297, 5703
0.1302, 5702
0.1308, 5701
0.1314, 5700
0.1324, 5699
0.1330, 5698
0.1335, 5697
0.1340, 5696
0.1351, 5695
0.1359, 5694
0.1365, 5693
0.1371, 5692
0.1376, 5691
0.1382, 5690
0.1387, 5689
0.1394, 5688
0.1400, 5687
0.1406, 5686
0.1415, 5685
0.1421, 5684
0.1427, 5683
0.1433, 5682
0.1439, 5681
0.1445, 5680
0.1451, 5679
0.1457, 5678
0.1463, 5677
0.1469, 5676
0.1475, 5675
0.1481, 5674
0.1486, 5673
0.1492, 5672
0.1498, 5671
0.1503, 5670
0.1510, 5669
0.1515, 5668
0.1521, 5667
0.1527, 5666
0.1532, 5665
0.1538, 5664
0.1544, 5663
0.1549, 5662
0.1559, 5661
0.1565, 5660
0.1573, 5659
0.1579, 5658
0.1590, 5657
0.1600, 5656
0.1609, 5655
0.1616, 5654
0.1623, 5653
0.1629, 5652
0.1635, 5651
0.1640, 5650
0.1646, 5649
0.1652, 5648
0.1659, 5647
0.1665, 5646
0.1670, 5645
0.1677, 5644
0.1683, 5643
0.1689, 5642
0.1694, 5641
0.1701, 5640
0.1709, 5639
0.1718, 5638
0.1724, 5637
0.1729, 5636
0.1736, 5635
0.1746, 5634
0.1753, 5633
0.1763, 5632
0.1771, 5631
0.1777, 5630
0.1787, 5629
0.1795, 5628
0.1801, 5627
0.1812, 5626
0.1820, 5625
0.1827, 5624
0.1835, 5623
0.1841, 5622
0.1847, 5621
0.1854, 5620
0.1860, 5619
0.1869, 5618
0.1875, 5617
0.1881, 5616
0.1886, 5615
0.1893, 5614
0.1902, 5613
0.1908, 5612
0.1913, 5611
0.1919, 5610
0.1927, 5609
0.1933, 5608
0.1938, 5607
0.1944, 5606
0.1949, 5605
0.1956, 5604
0.1961, 5603
0.1966, 5602
0.1972, 5601
0.1977, 5600
0.1982, 5599
0.1988, 5598
0.1993, 5597
0.1998, 5596
0.2004, 5595
0.2012, 5594
0.2018, 5593
0.2027, 5592
0.2033, 5591
0.2041, 5590
0.2049, 5589
0.2058, 5588
0.2064, 5587
0.2070, 5586
0.2075, 5585
0.2082, 5584
0.2092, 5583
0.2098, 5582
0.2105, 5581
0.2110, 5580
0.2116, 5579
0.2123, 5578
0.2129, 5577
0.2139, 5576
0.2145, 5575
0.2151, 5574
0.2158, 5573
0.2164, 5572
0.2170, 5571
0.2177, 5570
0.2187, 5569
0.2192, 5568
0.2201, 5567
0.2207, 5566
0.2212, 5565
0.2219, 5564
0.2226, 5563
0.2237, 5562
0.2244, 5561
0.2249, 5560
0.2255, 5559
0.2261, 5558
0.2266, 5557
0.2276, 5556
0.2282, 5555
0.2288, 5554
0.2294, 5553
0.2303, 5552
0.2309, 5551
0.2315, 5550
0.2321, 5549
0.2327, 5548
0.2334, 5547
0.2340, 5546
0.2347, 5545
0.2352, 5544
0.2357, 5543
0.2363, 5542
0.2370, 5541
0.2376, 5540
0.2382, 5539
0.2387, 5538
0.2393, 5537
0.2398, 5536
0.2404, 5535
0.2411, 5534
0.2420, 5533
0.2425, 5532
0.2432, 5531
0.2437, 5530
0.2443, 5529
0.2449, 5528
0.2454, 5527
0.2460, 5526
0.2468, 5525
0.2474, 5524
0.2482, 5523
0.2490, 5522
0.2501, 5521
0.2510, 5520
0.2517, 5519
0.2523, 5518
0.2529, 5517
0.2536, 5516
0.2541, 5515
0.2549, 5514
0.2555, 5513
0.2561, 5512
0.2567, 5511
0.2572, 5510
0.2578, 5509
0.2584, 5508
0.2590, 5507
0.2598, 5506
0.2603, 5505
0.2609, 5504
0.2614, 5503
0.2624, 5502
0.2629, 5501
0.2635, 5500
0.2641, 5499
0.2651, 5498
0.2657, 5497
0.2664, 5496
0.2670, 5495
0.2677, 5494
0.2683, 5493
0.2689, 5492
0.2694, 5491
0.2704, 5490
0.2713, 5489
0.2718, 5488
0.2724, 5487
0.2729, 5486
0.2735, 5485
0.2744, 5484
0.2750, 5483
0.2755, 5482
0.2765, 5481
0.2771, 5480
0.2777, 5479
0.2782, 5478
0.2788, 5477
0.2794, 5476
0.2800, 5475
0.2806, 5474
0.2813, 5473
0.2820, 5472
0.2826, 5471
0.2832, 5470
0.2838, 5469
0.2844, 5468
0.2850, 5467
0.2856, 5466
0.2866, 5465
0.2871, 5464
0.2877, 5463
0.2882, 5462
0.2889, 5461
0.2894, 5460
0.2900, 5459
0.2907, 5458
0.2912, 5457
0.2918, 5456
0.2927, 5455
0.2934, 5454
0.2939, 5453
0.2946, 5452
0.2951, 5451
0.2959, 5450
0.2964, 5449
0.2971, 5448
0.2977, 5447
0.2983, 5446
0.2988, 5445
0.2994, 5444
0.3005, 5443
0.3011, 5442
0.3017, 5441
0.3022, 5440
0.3029, 5439
0.3035, 5438
0.3044, 5437
0.3052, 5436
0.3058, 5435
0.3064, 5434
0.3070, 5433
0.3076, 5432
0.3086, 5431
0.3092, 5430
0.3097, 5429
0.3103, 5428
0.3109, 5427
0.3116, 5426
0.3125, 5425
0.3131, 5424
0.3137, 5423
0.3144, 5422
0.3151, 5421
0.3158, 5420
0.3168, 5419
0.3173, 5418
0.3179, 5417
0.3189, 5416
0.3194, 5415
0.3201, 5414
0.3207, 5413
0.3212, 5412
0.3219, 5411
0.3224, 5410
0.3229, 5409
0.3235, 5408
0.3240, 5407
0.3247, 5406
0.3255, 5405
0.3263, 5404
0.3270, 5403
0.3278, 5402
0.3283, 5401
0.3289, 5400
0.3296, 5399
0.3305, 5398
0.3312, 5397
0.3318, 5396
0.3325, 5395
0.3333, 5394
0.3341, 5393
0.3348, 5392
0.3355, 5391
0.3360, 5390
0.3365, 5389
0.3371, 5388
0.3378, 5387
0.3383, 5386
0.3392, 5385
0.3397, 5384
0.3404, 5383
0.3411, 5382
0.3418, 5381
0.3425, 5380
0.3430, 5379
0.3436, 5378
0.3444, 5377
0.3450, 5376
0.3456, 5375
0.3463, 5374
0.3469, 5373
0.3476, 5372
0.3481, 5371
0.3488, 5370
0.3495, 5369
0.3502, 5368
0.3509, 5367
0.3515, 5366
0.3523, 5365
0.3529, 5364
0.3536, 5363
0.3546, 5362
0.3552, 5361
0.3560, 5360
0.3567, 5359
0.3574, 5358
0.3580, 5357
0.3591, 5356
0.3596, 5355
0.3603, 5354
0.3609, 5353
0.3616, 5352
0.3622, 5351
0.3630, 5350
0.3636, 5349
0.3642, 5348
0.3648, 5347
0.3654, 5346
0.3663, 5345
0.3672, 5344
0.3677, 5343
0.3684, 5342
0.3691, 5341
0.3696, 5340
0.3703, 5339
0.3708, 5338
0.3714, 5337
0.3720, 5336
0.3727, 5335
0.3733, 5334
0.3740, 5333
0.3749, 5332
0.3759, 5331
0.3764, 5330
0.3771, 5329
0.3776, 5328
0.3782, 5327
0.3789, 5326
0.3795, 5325
0.3800, 5324
0.3807, 5323
0.3817, 5322
0.3826, 5321
0.3836, 5320
0.3844, 5319
0.3850, 5318
0.3855, 5317
0.3861, 5316
0.3869, 5315
0.3876, 5314
0.3882, 5313
0.3889, 5312
0.3897, 5311
0.3904, 5310
0.3909, 5309
0.3916, 5308
0.3925, 5307
0.3932, 5306
0.3938, 5305
0.3944, 5304
0.3950, 5303
0.3956, 5302
0.3962, 5301
0.3968, 5300
0.3974, 5299
0.3980, 5298
0.3986, 5297
0.3992, 5296
0.4000, 5295
0.4007, 5294
0.4012, 5293
0.4018, 5292
0.4026, 5291
0.4033, 5290
0.4040, 5289
0.4048, 5288
0.4055, 5287
0.4060, 5286
0.4067, 5285
0.4072, 5284
0.4080, 5283
0.4085, 5282
0.4091, 5281
0.4096, 5280
0.4102, 5279
0.4108, 5278
0.4114, 5277
0.4120, 5276
0.4127, 5275
0.4134, 5274
0.4143, 5273
0.4148, 5272
0.4154, 5271
0.4159, 5270
0.4167, 5269
0.4173, 5268
0.4179, 5267
0.4184, 5266
0.4190, 5265
0.4198, 5264
0.4205, 5263
0.4211, 5262
0.4217, 5261
0.4223, 5260
0.4231, 5259
0.4237, 5258
0.4243, 5257
0.4250, 5256
0.4257, 5255
0.4264, 5254
0.4274, 5253
0.4282, 5252
0.4289, 5251
0.4299, 5250
0.4305, 5249
0.4310, 5248
0.4317, 5247
0.4324, 5246
0.4330, 5245
0.4337, 5244
0.4343, 5243
0.4349, 5242
0.4355, 5241
0.4361, 5240
0.4367, 5239
0.4372, 5238
0.4378, 5237
0.4387, 5236
0.4392, 5235
0.4398, 5234
0.4405, 5233
0.4410, 5232
0.4418, 5231
0.4423, 5230
0.4429, 5229
0.4435, 5228
0.4441, 5227
0.4450, 5226
0.4455, 5225
0.4461, 5224
0.4471, 5223
0.4479, 5222
0.4486, 5221
0.4494, 5220
0.4501, 5219
0.4508, 5218
0.4513, 5217
0.4519, 5216
0.4527, 5215
0.4534, 5214
0.4540, 5213
0.4547, 5212
0.4555, 5211
0.4562, 5210
0.4571, 5209
0.4577, 5208
0.4584, 5207
0.4592, 5206
0.4600, 5205
0.4606, 5204
0.4615, 5203
0.4621, 5202
0.4628, 5201
0.4635, 5200
0.4643, 5199
0.4649, 5198
0.4656, 5197
0.4663, 5196
0.4669, 5195
0.4678, 5194
0.4683, 5193
0.4689, 5192
0.4695, 5191
0.4701, 5190
0.4708, 5189
0.4714, 5188
0.4719, 5187
0.4725, 5186
0.4731, 5185
0.4737, 5184
0.4744, 5183
0.4752, 5182
0.4759, 5181
0.4767, 5180
0.4776, 5179
0.4782, 5178
0.4791, 5177
0.4797, 5176
0.4803, 5175
0.4812, 5174
0.4820, 5173
0.4828, 5172
0.4833, 5171
0.4839, 5170
0.4845, 5169
0.4853, 5168
0.4859, 5167
0.4864, 5166
0.4871, 5165
0.4880, 5164
0.4886, 5163
0.4893, 5162
0.4899, 5161
0.4909, 5160
0.4917, 5159
0.4924, 5158
0.4931, 5157
0.4937, 5156
0.4942, 5155
0.4949, 5154
0.4956, 5153
0.4964, 5152
0.4971, 5151
0.4977, 5150
0.4984, 5149
0.4991, 5148
0.4997, 5147
0.5003, 5146
0.5008, 5145
0.5013, 5144
0.5021, 5143
0.5026, 5142
0.5032, 5141
0.5037, 5140
0.5043, 5139
0.5049, 5138
0.5056, 5137
0.5064, 5136
0.5070, 5135
0.5077, 5134
0.5084, 5133
0.5089, 5132
0.5095, 5131
0.5102, 5130
0.5109, 5129
0.5115, 5128
0.5122, 5127
0.5129, 5126
0.5137, 5125
0.5143, 5124
0.5148, 5123
0.5154, 5122
0.5160, 5121
0.5168, 5120
0.5173, 5119
0.5179, 5118
0.5184, 5117
0.5189, 5116
0.5195, 5115
0.5201, 5114
0.5209, 5113
0.5216, 5112
0.5224, 5111
0.5232, 5110
0.5237, 5109
0.5243, 5108
0.5248, 5107
0.5254, 5106
0.5261, 5105
0.5266, 5104
0.5273, 5103
0.5281, 5102
0.5287, 5101
0.5297, 5100
0.5303, 5099
0.5310, 5098
0.5319, 5097
0.5324, 5096
0.5331, 5095
0.5337, 5094
0.5343, 5093
0.5350, 5092
0.5356, 5091
0.5363, 5090
0.5368, 5089
0.5375, 5088
0.5383, 5087
0.5392, 5086
0.5398, 5085
0.5404, 5084
0.5410, 5083
0.5417, 5082
0.5424, 5081
0.5429, 5080
0.5436, 5079
0.5442, 5078
0.5448, 5077
0.5454, 5076
0.5460, 5075
0.5467, 5074
0.5474, 5073
0.5482, 5072
0.5488, 5071
0.5493, 5070
0.5498, 5069
0.5506, 5068
0.5516, 5067
0.5522, 5066
0.5530, 5065
0.5537, 5064
0.5547, 5063
0.5553, 5062
0.5560, 5061
0.5565, 5060
0.5574, 5059
0.5580, 5058
0.5585, 5057
0.5591, 5056
0.5596, 5055
0.5603, 5054
0.5610, 5053
0.5616, 5052
0.5622, 5051
0.5627, 5050
0.5633, 5049
0.5639, 5048
0.5647, 5047
0.5653, 5046
0.5664, 5045
0.5670, 5044
0.5676, 5043
0.5682, 5042
0.5688, 5041
0.5697, 5040
0.5702, 5039
0.5708, 5038
0.5717, 5037
0.5722, 5036
0.5727, 5035
0.5735, 5034
0.5743, 5033
0.5749, 5032
0.5755, 5031
0.5765, 5030
0.5771, 5029
0.5780, 5028
0.5785, 5027
0.5792, 5026
0.5798, 5025
0.5804, 5024
0.5811, 5023
0.5817, 5022
0.5823, 5021
0.5830, 5020
0.5840, 5019
0.5849, 5018
0.5855, 5017
0.5860, 5016
0.5865, 5015
0.5875, 5014
0.5881, 5013
0.5888, 5012
0.5896, 5011
0.5902, 5010
0.5909, 5009
0.5915, 5008
0.5920, 5007
0.5926, 5006
0.5935, 5005
0.5940, 5004
0.5948, 5003
0.5954, 5002
0.5960, 5001
0.5969, 5000
0.5975, 4999
0.5984, 4998
0.5990, 4997
0.5995, 4996
0.6002, 4995
0.6007, 4994
0.6013, 4993
0.6020, 4992
0.6026, 4991
0.6033, 4990
0.6041, 4989
0.6050, 4988
0.6058, 4987
0.6064, 4986
0.6070, 4985
0.6077, 4984
0.6084, 4983
0.6090, 4982
0.6098, 4981
0.6105, 4980
0.6115, 4979
0.6120, 4978
0.6126, 4977
0.6132, 4976
0.6142, 4975
0.6151, 4974
0.6157, 4973
0.6163, 4972
0.6170, 4971
0.6177, 4970
0.6183, 4969
0.6190, 4968
0.6197, 4967
0.6204, 4966
0.6211, 4965
0.6217, 4964
0.6222, 4963
0.6227, 4962
0.6235, 4961
0.6242, 4960
0.6247, 4959
0.6253, 4958
0.6258, 4957
0.6264, 4956
0.6272, 4955
0.6277, 4954
0.6283, 4953
0.6289, 4952
0.6296, 4951
0.6306, 4950
0.6314, 4949
0.6325, 4948
0.6331, 4947
0.6337, 4946
0.6346, 4945
0.6351, 4944
0.6357, 4943
0.6362, 4942
0.6368, 4941
0.6374, 4940
0.6379, 4939
0.6385, 4938
0.6390, 4937
0.6397, 4936
0.6404, 4935
0.6413, 4934
0.6421, 4933
0.6427, 4932
0.6432, 4931
0.6438, 4930
0.6445, 4929
0.6451, 4928
0.6456, 4927
0.6463, 4926
0.6471, 4925
0.6477, 4924
0.6483, 4923
0.6490, 4922
0.6497, 4921
0.6503, 4920
0.6509, 4919
0.6518, 4918
0.6526, 4917
0.6532, 4916
0.6541, 4915
0.6546, 4914
0.6551, 4913
0.6557, 4912
0.6562, 4911
0.6567, 4910
0.6572, 4909
0.6582, 4908
0.6587, 4907
0.6592, 4906
0.6599, 4905
0.6604, 4904
0.6609, 4903
0.6615, 4902
0.6622, 4901
0.6627, 4900
0.6636, 4899
0.6643, 4898
0.6648, 4897
0.6654, 4896
0.6659, 4895
0.6666, 4894
0.6672, 4893
0.6677, 4892
0.6686, 4891
0.6693, 4890
0.6700, 4889
0.6705, 4888
0.6711, 4887
0.6716, 4886
0.6722, 4885
0.6727, 4884
0.6734, 4883
0.6739, 4882
0.6745, 4881
0.6751, 4880
0.6757, 4879
0.6766, 4878
0.6771, 4877
0.6777, 4876
0.6784, 4875
0.6790, 4874
0.6795, 4873
0.6801, 4872
0.6808, 4871
0.6816, 4870
0.6824, 4869
0.6832, 4868
0.6837, 4867
0.6843, 4866
0.6848, 4865
0.6857, 4864
0.6866, 4863
0.6872, 4862
0.6877, 4861
0.6885, 4860
0.6891, 4859
0.6899, 4858
0.6905, 4857
0.6912, 4856
0.6921, 4855
0.6926, 4854
0.6937, 4853
0.6943, 4852
0.6949, 4851
0.6955, 4850
0.6963, 4849
0.6970, 4848
0.6977, 4847
0.6982, 4846
0.6987, 4845
0.6995, 4844
0.7000, 4843
0.7005, 4842
0.7010, 4841
0.7018, 4840
0.7025, 4839
0.7034, 4838
0.7041, 4837
0.7048, 4836
0.7053, 4835
0.7058, 4834
0.7065, 4833
0.7071, 4832
0.7077, 4831
0.7086, 4830
0.7092, 4829
0.7098, 4828
0.7104, 4827
0.7113, 4826
0.7122, 4825
0.7127, 4824
0.7134, 4823
0.7139, 4822
0.7145, 4821
0.7151, 4820
0.7156, 4819
0.7163, 4818
0.7168, 4817
0.7173, 4816
0.7179, 4815
0.7184, 4814
0.7193, 4813
0.7202, 4812
0.7209, 4811
0.7214, 4810
0.7222, 4809
0.7227, 4808
0.7232, 4807
0.7237, 4806
0.7242, 4805
0.7251, 4804
0.7260, 4803
0.7265, 4802
0.7270, 4801
0.7277, 4800
0.7283, 4799
0.7289, 4798
0.7294, 4797
0.7300, 4796
0.7306, 4795
0.7312, 4794
0.7320, 4793
0.7325, 4792
0.7332, 4791
0.7337, 4790
0.7346, 4789
0.7351, 4788
0.7358, 4787
0.7363, 4786
0.7369, 4785
0.7374, 4784
0.7379, 4783
0.7387, 4782
0.7392, 4781
0.7401, 4780
0.7409, 4779
0.7414, 4778
0.7422, 4777
0.7427, 4776
0.7433, 4775
0.7438, 4774
0.7447, 4773
0.7453, 4772
0.7461, 4771
0.7466, 4770
0.7472, 4769
0.7481, 4768
0.7487, 4767
0.7492, 4766
0.7497, 4765
0.7506, 4764
0.7515, 4763
0.7521, 4762
0.7527, 4761
0.7532, 4760
0.7538, 4759
0.7549, 4758
0.7556, 4757
0.7561, 4756
0.7569, 4755
0.7574, 4754
0.7580, 4753
0.7585, 4752
0.7590, 4751
0.7598, 4750
0.7603, 4749
0.7608, 4748
0.7614, 4747
0.7623, 4746
0.7629, 4745
0.7637, 4744
0.7644, 4743
0.7653, 4742
0.7660, 4741
0.7666, 4740
0.7671, 4739
0.7677, 4738
0.7682, 4737
0.7689, 4736
0.7697, 4735
0.7702, 4734
0.7708, 4733
0.7714, 4732
0.7718, 4731
0.7726, 4730
0.7732, 4729
0.7737, 4728
0.7742, 4727
0.7751, 4726
0.7758, 4725
0.7766, 4724
0.7775, 4723
0.7780, 4722
0.7788, 4721
0.7796, 4720
0.7801, 4719
0.7806, 4718
0.7812, 4717
0.7819, 4716
0.7828, 4715
0.7835, 4714
0.7843, 4713
0.7848, 4712
0.7856, 4711
0.7863, 4710
0.7873, 4709
0.7880, 4708
0.7888, 4707
0.7894, 4706
0.7902, 4705
0.7909, 4704
0.7916, 4703
0.7925, 4702
0.7935, 4701
0.7942, 4700
0.7951, 4699
0.7958, 4698
0.7966, 4697
0.7972, 4696
0.7981, 4695
0.7989, 4694
0.7998, 4693
0.8006, 4692
0.8015, 4691
0.8024, 4690
0.9646, 4689
1.2201, 4688
1.2206, 4687
1.3967, 4686
1.5931, 4685
1.6515, 4684
1.7882, 4683
1.8271, 4682
1.9454, 4681
2.1606, 4680
2.2195, 4679
2.3369, 4678
2.4160, 4677
2.5724, 4676
2.8472, 4675
2.8672, 4674
2.9660, 4673
3.1616, 4672
3.1623, 4671
3.2420, 4670
3.3604, 4669
3.3611, 4668
3.4777, 4667
3.5752, 4666
3.5759, 4665
3.6151, 4664
3.6546, 4663
4.1044, 4662
4.1838, 4661
4.6315, 4660
4.6712, 4659
4.8085, 4658
4.8482, 4657
5.0061, 4656
5.2211, 4655
5.6496, 4654
5.8057, 4653
5.8062, 4652
6.2737, 4651
6.3914, 4650
6.5098, 4649
7.1518, 4648
7.2885, 4647
7.3663, 4646
7.6202, 4645
7.6795, 4644
7.7577, 4643
7.7583, 4642
7.7974, 4641
8.2838, 4640
8.3239, 4639
8.3637, 4638
8.6040, 4637
8.6835, 4636
9.0335, 4635
9.1322, 4634
9.1719, 4633
9.4848, 4632
9.6221, 4631
9.8965, 4630
9.9562, 4629
10.0160, 4628
10.2737, 4627
10.4134, 4626
10.4528, 4625
10.4534, 4624
10.8277, 4623
11.2689, 4622
11.3678, 4621
11.5061, 4620
11.5467, 4619
11.5866, 4618
11.6267, 4617
11.6874, 4616
12.4157, 4615
12.4163, 4614
12.6335, 4613
12.7133, 4612
12.9504, 4611
13.5605, 4610
13.6999, 4609
13.9966, 4608
14.3302, 4607
14.4491, 4606
14.4500, 4605
14.5501, 4604
14.6706, 4603
15.1625, 4602
16.3688, 4601
16.5671, 4600
16.8637, 4599
16.9239, 4598
17.0234, 4597
17.2019, 4596
17.4588, 4595
18.1008, 4594
18.7334, 4593
18.9117, 4592
18.9126, 4591
19.5219, 4590
19.9743, 4589
20.3312, 4588
20.4104, 4587
20.6869, 4586
21.2774, 4585
22.2611, 4584
22.5394, 4583
23.0953, 4582
23.0960, 4581
23.5322, 4580
23.7299, 4579
23.8102, 4578
24.0090, 4577
24.1079, 4576
24.4020, 4575
24.5596, 4574
24.6593, 4573
26.9131, 4572
27.5827, 4571
28.7959, 4570
29.0911, 4569
29.4092, 4568
29.6888, 4567
29.9469, 4566
