0.1091, 4688
0.1384, 4685
0.1881, 4684
0.1982, 4683
0.2383, 4682
0.2788, 4680
0.3095, 4679
0.4501, 4677
0.4706, 4675
0.4813, 4671
0.4925, 4665
0.6438, 4663
0.6940, 4659
0.8149, 4658
0.8457, 4656
0.8560, 4655
0.9364, 4653
0.9765, 4652
0.9969, 4651
1.0694, 4648
1.0799, 4647
1.1008, 4646
1.3622, 4645
1.3727, 4644
1.4397, 4643
1.6720, 4642
1.7226, 4641
1.8030, 4640
1.8438, 4639
1.8946, 4637
2.0563, 4636
2.0767, 4635
2.3492, 4634
2.3703, 4633
2.3911, 4632
2.4015, 4631
2.4427, 4629
2.6333, 4622
2.6840, 4621
2.7151, 4620
2.7707, 4617
2.8764, 4616
3.1290, 4615
3.2006, 4612
3.7593, 4611
3.9224, 4610
4.1252, 4609
4.1458, 4608
4.2104, 4603
4.2666, 4602
4.3890, 4601
4.7644, 4600
4.9778, 4599
5.0594, 4598
5.1501, 4597
5.2078, 4596
5.2302, 4595
5.4031, 4594
5.6969, 4593
5.8082, 4592
5.9611, 4591
6.2451, 4590
6.2972, 4586
6.5400, 4585
6.5504, 4584
6.6617, 4583
6.8355, 4582
7.2317, 4581
7.2422, 4580
7.2930, 4579
7.4644, 4578
7.5355, 4577
7.8923, 4576
8.0039, 4575
8.7581, 4574
8.9930, 4573
9.8458, 4572
10.5118, 4571
