0.1094, 4688
0.1386, 4687
0.1692, 4685
0.2896, 4684
0.3098, 4683
0.5004, 4681
0.6416, 4679
0.7021, 4677
0.8128, 4676
0.8429, 4675
0.8632, 4674
0.8993, 4672
0.9348, 4667
0.9952, 4666
1.0255, 4664
1.0460, 4659
1.1074, 4652
1.2791, 4650
1.5516, 4649
1.6017, 4648
1.6727, 4647
1.7831, 4646
1.8231, 4645
1.8342, 4643
1.9349, 4641
1.9860, 4639
1.9966, 4638
2.0882, 4637
2.1089, 4636
2.1496, 4635
2.1698, 4634
2.3818, 4633
2.4615, 4632
2.4825, 4630
2.4931, 4629
2.5441, 4628
2.5948, 4625
2.7157, 4624
2.7467, 4623
2.8880, 4622
2.9487, 4621
2.9800, 4620
3.0007, 4617
3.1017, 4616
3.4804, 4615
3.6066, 4613
3.8439, 4612
3.9264, 4611
4.0778, 4607
4.0980, 4606
4.5246, 4604
4.5648, 4603
4.6258, 4602
4.6565, 4601
4.7576, 4599
4.7686, 4598
4.7999, 4597
4.9307, 4596
4.9517, 4594
5.0438, 4593
5.3011, 4592
5.4331, 4591
5.4938, 4590
5.6056, 4589
5.7087, 4588
5.7294, 4587
6.0932, 4586
6.3533, 4585
6.7595, 4584
6.8825, 4583
6.9436, 4582
7.6655, 4581
7.6755, 4580
7.7769, 4579
7.9396, 4578
7.9903, 4577
8.2330, 4576
8.5558, 4575
8.5774, 4574
8.8314, 4573
9.3382, 4572
