0.1092, 4688
0.1397, 4684
0.1600, 4683
0.2531, 4680
0.2842, 4679
0.2954, 4678
0.4771, 4677
0.5378, 4676
0.6087, 4673
0.6594, 4672
0.6909, 4671
0.7322, 4670
0.7629, 4668
0.7734, 4664
0.8342, 4663
0.8450, 4659
0.8657, 4658
0.8762, 4655
0.9716, 4654
0.9827, 4653
1.0243, 4648
1.0750, 4647
1.1179, 4646
1.1612, 4642
1.2548, 4641
1.5116, 4640
1.8797, 4639
1.9105, 4638
1.9512, 4637
2.0856, 4636
2.2484, 4634
2.2591, 4633
2.3006, 4632
2.3115, 4631
2.3322, 4629
2.4463, 4628
2.4886, 4627
2.4994, 4626
2.5406, 4625
2.6233, 4624
2.6647, 4623
2.7377, 4622
2.7583, 4621
2.7789, 4620
2.9194, 4619
3.0426, 4618
3.3883, 4617
3.4589, 4616
3.4700, 4614
3.4804, 4613
3.7331, 4612
3.7435, 4611
3.7644, 4609
3.7749, 4608
3.7860, 4607
3.7998, 4606
3.8252, 4602
4.4210, 4601
4.4318, 4600
4.4424, 4598
4.4530, 4596
4.4737, 4595
4.5344, 4593
4.5449, 4592
4.6564, 4591
4.7022, 4590
4.8986, 4588
5.1728, 4587
5.6159, 4586
5.6474, 4584
5.8088, 4583
6.2604, 4579
6.8914, 4578
7.1776, 4577
7.5838, 4576
7.8567, 4575
7.8972, 4574
8.0484, 4573
8.0588, 4572
8.1094, 4571
8.2134, 4570
8.3559, 4569
8.5822, 4568
8.9387, 4567
9.2338, 4566
9.3556, 4565
9.3763, 4564
10.3514, 4563
