0.1081, 4688
0.1378, 4687
0.1790, 4686
0.1993, 4685
0.2397, 4684
0.2897, 4683
0.3901, 4682
0.4202, 4681
0.4305, 4679
0.4511, 4678
0.4821, 4677
0.4929, 4675
0.5135, 4672
0.6044, 4670
0.7046, 4668
0.7445, 4667
0.7549, 4666
0.7654, 4665
0.7759, 4662
0.9287, 4661
0.9401, 4660
0.9914, 4659
1.0028, 4657
1.0138, 4656
1.0251, 4655
1.2144, 4654
1.2548, 4652
1.2854, 4651
1.2961, 4650
1.3367, 4649
1.3779, 4646
1.4190, 4645
1.4495, 4644
1.4597, 4643
1.5005, 4642
1.5414, 4641
1.6722, 4640
1.9740, 4639
2.0352, 4636
2.0862, 4635
2.1065, 4634
2.1668, 4633
2.2485, 4630
2.3909, 4629
2.4210, 4627
2.5739, 4626
2.5859, 4625
2.6179, 4624
2.6947, 4622
2.9852, 4620
3.0501, 4619
3.0719, 4615
3.0822, 4613
3.1239, 4611
3.1648, 4607
3.2458, 4606
3.2706, 4605
3.4974, 4598
3.8115, 4597
3.8945, 4596
4.0238, 4593
4.1661, 4591
4.4937, 4589
5.5844, 4588
5.7072, 4587
5.7990, 4586
5.8593, 4585
5.8697, 4584
6.0013, 4583
6.0671, 4582
6.3160, 4581
6.3471, 4580
6.3679, 4579
6.4342, 4575
6.7139, 4574
7.0091, 4573
7.7428, 4572
8.0406, 4571
8.3475, 4570
8.4468, 4569
8.4902, 4568
8.7699, 4567
9.8545, 4566
10.3078, 4565
