0.1083, 4688
0.1377, 4687
0.2586, 4684
0.3997, 4683
0.4609, 4682
0.4920, 4679
0.6553, 4677
0.6658, 4676
0.6865, 4674
0.7582, 4673
0.7990, 4672
0.8194, 4670
1.1198, 4667
1.1409, 4665
1.2950, 4660
1.3359, 4658
1.3781, 4656
1.3986, 4653
1.5513, 4651
1.6021, 4650
1.6228, 4649
1.7050, 4648
1.8239, 4644
1.8649, 4643
1.9163, 4642
1.9473, 4641
2.0394, 4637
2.1431, 4635
2.2960, 4634
2.3989, 4631
2.4413, 4630
2.4856, 4629
2.5081, 4627
2.5932, 4626
2.6037, 4625
2.6868, 4624
2.6973, 4623
2.9217, 4622
3.0544, 4621
3.1981, 4620
3.3517, 4619
3.6686, 4618
3.8424, 4616
4.0574, 4615
4.1185, 4614
4.1493, 4612
4.5488, 4611
4.5907, 4608
4.6626, 4607
4.6832, 4606
4.7044, 4605
5.0493, 4604
5.1119, 4600
5.2251, 4598
5.3780, 4597
5.4291, 4596
5.5118, 4594
5.5835, 4593
5.7593, 4592
5.8114, 4591
5.8834, 4590
6.0883, 4587
6.1606, 4586
6.6941, 4585
7.2203, 4583
7.2728, 4582
7.3448, 4581
7.4315, 4580
7.5890, 4579
7.9810, 4578
8.1356, 4576
8.9784, 4575
8.9991, 4574
9.3275, 4572
9.6168, 4571
9.7480, 4570
9.7584, 4569
10.5949, 4568
