0.0000, 5900
0.0006, 5899
0.0013, 5898
0.0019, 5897
0.0028, 5896
0.0036, 5895
0.0043, 5894
0.0050, 5893
0.0058, 5892
0.0063, 5891
0.0072, 5890
0.0077, 5889
0.0082, 5888
0.0088, 5887
0.0098, 5886
0.0107, 5885
0.0113, 5884
0.0126, 5883
0.0133, 5882
0.0144, 5881
0.0149, 5880
0.0160, 5879
0.0168, 5878
0.0178, 5877
0.0183, 5876
0.0189, 5875
0.0194, 5874
0.0201, 5873
0.0212, 5872
0.0218, 5871
0.0223, 5870
0.0228, 5869
0.0235, 5868
0.0240, 5867
0.0246, 5866
0.0251, 5865
0.0260, 5864
0.0268, 5863
0.0274, 5862
0.0279, 5861
0.0285, 5860
0.0291, 5859
0.0297, 5858
0.0302, 5857
0.0308, 5856
0.0315, 5855
0.0320, 5854
0.0325, 5853
0.0331, 5852
0.0341, 5851
0.0351, 5850
0.0356, 5849
0.0362, 5848
0.0369, 5847
0.0375, 5846
0.0380, 5845
0.0388, 5844
0.0393, 5843
0.0399, 5842
0.0404, 5841
0.0412, 5840
0.0420, 5839
0.0425, 5838
0.0431, 5837
0.0438, 5836
0.0444, 5835
0.0451, 5834
0.0456, 5833
0.0464, 5832
0.0469, 5831
0.0475, 5830
0.0483, 5829
0.0488, 5828
0.0494, 5827
0.0500, 5826
0.0509, 5825
0.0514, 5824
0.0520, 5823
0.0528, 5822
0.0534, 5821
0.0539, 5820
0.0545, 5819
0.0550, 5818
0.0556, 5817
0.0565, 5816
0.0571, 5815
0.0581, 5814
0.0591, 5813
0.0598, 5812
0.0604, 5811
0.0614, 5810
0.0621, 5809
0.0627, 5808
0.0634, 5807
0.0639, 5806
0.0648, 5805
0.0653, 5804
0.0658, 5803
0.0664, 5802
0.0669, 5801
0.0675, 5800
0.0684, 5799
0.0689, 5798
0.0695, 5797
0.0701, 5796
0.0708, 5795
0.0713, 5794
0.0721, 5793
0.0726, 5792
0.0731, 5791
0.0737, 5790
0.0742, 5789
0.0747, 5788
0.0754, 5787
0.0759, 5786
0.0772, 5785
0.0782, 5784
0.0791, 5783
0.0796, 5782
0.0801, 5781
0.0806, 5780
0.0814, 5779
0.0822, 5778
0.0828, 5777
0.0836, 5776
0.0842, 5775
0.0849, 5774
0.0856, 5773
0.0867, 5772
0.0873, 5771
0.0885, 5770
0.0891, 5769
0.0897, 5768
0.0904, 5767
0.0910, 5766
0.0917, 5765
0.0925, 5764
0.0930, 5763
0.0936, 5762
0.0941, 5761
0.0947, 5760
0.0956, 5759
0.0962, 5758
0.0967, 5757
0.0973, 5756
0.0978, 5755
0.0983, 5754
0.0992, 5753
0.0999, 5752
0.1005, 5751
0.1011, 5750
0.1016, 5749
0.1025, 5748
0.1031, 5747
0.1037, 5746
0.1046, 5745
0.1057, 5744
0.1063, 5743
0.1069, 5742
0.1075, 5741
0.1085, 5740
0.1092, 5739
0.1098, 5738
0.1104, 5737
0.1109, 5736
0.1116, 5735
0.1122, 5734
0.1129, 5733
0.1135, 5732
0.1141, 5731
0.1147, 5730
0.1153, 5729
0.1160, 5728
0.1165, 5727
0.1171, 5726
0.1178, 5725
0.1185, 5724
0.1192, 5723
0.1202, 5722
0.1209, 5721
0.1215, 5720
0.1222, 5719
0.1230, 5718
0.1240, 5717
0.1248, 5716
0.1258, 5715
0.1268, 5714
0.1274, 5713
0.1280, 5712
0.1286, 5711
0.1292, 5710
0.1298, 5709
0.1306, 5708
0.1327, 5707
0.1335, 5706
0.1340, 5705
0.1346, 5704
0.1351, 5703
0.1357, 5702
0.1363, 5701
0.1369, 5700
0.1380, 5699
0.1385, 5698
0.1390, 5697
0.1396, 5696
0.1407, 5695
0.1415, 5694
0.1421, 5693
0.1427, 5692
0.1432, 5691
0.1438, 5690
0.1443, 5689
0.1450, 5688
0.1456, 5687
0.1462, 5686
0.1472, 5685
0.1478, 5684
0.1484, 5683
0.1490, 5682
0.1497, 5681
0.1503, 5680
0.1510, 5679
0.1516, 5678
0.1522, 5677
0.1528, 5676
0.1534, 5675
0.1540, 5674
0.1545, 5673
0.1551, 5672
0.1557, 5671
0.1563, 5670
0.1569, 5669
0.1575, 5668
0.1582, 5667
0.1587, 5666
0.1593, 5665
0.1599, 5664
0.1605, 5663
0.1611, 5662
0.1621, 5661
0.1627, 5660
0.1637, 5659
0.1643, 5658
0.1655, 5657
0.1665, 5656
0.1674, 5655
0.1681, 5654
0.1689, 5653
0.1695, 5652
0.1701, 5651
0.1707, 5650
0.1713, 5649
0.1718, 5648
0.1726, 5647
0.1732, 5646
0.1737, 5645
0.1745, 5644
0.1751, 5643
0.1757, 5642
0.1763, 5641
0.1770, 5640
0.1778, 5639
0.1787, 5638
0.1793, 5637
0.1799, 5636
0.1805, 5635
0.1816, 5634
0.1823, 5633
0.1833, 5632
0.1842, 5631
0.1848, 5630
0.1858, 5629
0.1867, 5628
0.1873, 5627
0.1884, 5626
0.1893, 5625
0.1900, 5624
0.1909, 5623
0.1915, 5622
0.1921, 5621
0.1928, 5620
0.1935, 5619
0.1945, 5618
0.1951, 5617
0.1957, 5616
0.1963, 5615
0.1970, 5614
0.1980, 5613
0.1986, 5612
0.1991, 5611
0.1998, 5610
0.2005, 5609
0.2012, 5608
0.2018, 5607
0.2023, 5606
0.2029, 5605
0.2035, 5604
0.2041, 5603
0.2047, 5602
0.2052, 5601
0.2058, 5600
0.2064, 5599
0.2069, 5598
0.2074, 5597
0.2080, 5596
0.2086, 5595
0.2094, 5594
0.2100, 5593
0.2110, 5592
0.2116, 5591
0.2124, 5590
0.2132, 5589
0.2141, 5588
0.2148, 5587
0.2154, 5586
0.2160, 5585
0.2167, 5584
0.2177, 5583
0.2183, 5582
0.2190, 5581
0.2196, 5580
0.2202, 5579
0.2210, 5578
0.2216, 5577
0.2227, 5576
0.2233, 5575
0.2239, 5574
0.2247, 5573
0.2253, 5572
0.2259, 5571
0.2267, 5570
0.2276, 5569
0.2282, 5568
0.2291, 5567
0.2297, 5566
0.2303, 5565
0.2310, 5564
0.2317, 5563
0.2328, 5562
0.2335, 5561
0.2341, 5560
0.2347, 5559
0.2352, 5558
0.2358, 5557
0.2368, 5556
0.2374, 5555
0.2380, 5554
0.2386, 5553
0.2395, 5552
0.2401, 5551
0.2407, 5550
0.2414, 5549
0.2420, 5548
0.2427, 5547
0.2433, 5546
0.2439, 5545
0.2445, 5544
0.2450, 5543
0.2456, 5542
0.2463, 5541
0.2470, 5540
0.2476, 5539
0.2481, 5538
0.2488, 5537
0.2494, 5536
0.2500, 5535
0.2507, 5534
0.2516, 5533
0.2521, 5532
0.2527, 5531
0.2533, 5530
0.2539, 5529
0.2544, 5528
0.2550, 5527
0.2556, 5526
0.2564, 5525
0.2570, 5524
0.2577, 5523
0.2586, 5522
0.2596, 5521
0.2605, 5520
0.2612, 5519
0.2618, 5518
0.2624, 5517
0.2631, 5516
0.2637, 5515
0.2645, 5514
0.2651, 5513
0.2658, 5512
0.2663, 5511
0.2669, 5510
0.2675, 5509
0.2681, 5508
0.2687, 5507
0.2694, 5506
0.2700, 5505
0.2705, 5504
0.2711, 5503
0.2720, 5502
0.2726, 5501
0.2732, 5500
0.2738, 5499
0.2747, 5498
0.2754, 5497
0.2761, 5496
0.2767, 5495
0.2773, 5494
0.2780, 5493
0.2786, 5492
0.2792, 5491
0.2802, 5490
0.2810, 5489
0.2816, 5488
0.2823, 5487
0.2828, 5486
0.2834, 5485
0.2844, 5484
0.2850, 5483
0.2855, 5482
0.2865, 5481
0.2872, 5480
0.2877, 5479
0.2882, 5478
0.2889, 5477
0.2894, 5476
0.2901, 5475
0.2906, 5474
0.2914, 5473
0.2921, 5472
0.2927, 5471
0.2933, 5470
0.2939, 5469
0.2945, 5468
0.2951, 5467
0.2957, 5466
0.2967, 5465
0.2973, 5464
0.2978, 5463
0.2985, 5462
0.2991, 5461
0.2997, 5460
0.3004, 5459
0.3010, 5458
0.3016, 5457
0.3022, 5456
0.3031, 5455
0.3038, 5454
0.3044, 5453
0.3051, 5452
0.3056, 5451
0.3064, 5450
0.3070, 5449
0.3077, 5448
0.3083, 5447
0.3089, 5446
0.3095, 5445
0.3101, 5444
0.3111, 5443
0.3118, 5442
0.3124, 5441
0.3129, 5440
0.3136, 5439
0.3143, 5438
0.3153, 5437
0.3160, 5436
0.3167, 5435
0.3173, 5434
0.3179, 5433
0.3185, 5432
0.3195, 5431
0.3201, 5430
0.3206, 5429
0.3212, 5428
0.3218, 5427
0.3225, 5426
0.3234, 5425
0.3240, 5424
0.3247, 5423
0.3255, 5422
0.3262, 5421
0.3269, 5420
0.3279, 5419
0.3285, 5418
0.3290, 5417
0.3301, 5416
0.3307, 5415
0.3314, 5414
0.3320, 5413
0.3326, 5412
0.3332, 5411
0.3337, 5410
0.3343, 5409
0.3348, 5408
0.3354, 5407
0.3361, 5406
0.3369, 5405
0.3377, 5404
0.3385, 5403
0.3393, 5402
0.3398, 5401
0.3404, 5400
0.3411, 5399
0.3420, 5398
0.3427, 5397
0.3434, 5396
0.3440, 5395
0.3449, 5394
0.3457, 5393
0.3463, 5392
0.3471, 5391
0.3476, 5390
0.3482, 5389
0.3489, 5388
0.3496, 5387
0.3501, 5386
0.3512, 5385
0.3518, 5384
0.3525, 5383
0.3533, 5382
0.3540, 5381
0.3547, 5380
0.3552, 5379
0.3558, 5378
0.3566, 5377
0.3572, 5376
0.3579, 5375
0.3585, 5374
0.3592, 5373
0.3599, 5372
0.3604, 5371
0.3611, 5370
0.3618, 5369
0.3625, 5368
0.3632, 5367
0.3638, 5366
0.3646, 5365
0.3652, 5364
0.3659, 5363
0.3669, 5362
0.3676, 5361
0.3683, 5360
0.3690, 5359
0.3697, 5358
0.3703, 5357
0.3714, 5356
0.3720, 5355
0.3727, 5354
0.3733, 5353
0.3740, 5352
0.3746, 5351
0.3754, 5350
0.3761, 5349
0.3767, 5348
0.3773, 5347
0.3779, 5346
0.3788, 5345
0.3797, 5344
0.3802, 5343
0.3810, 5342
0.3817, 5341
0.3822, 5340
0.3828, 5339
0.3834, 5338
0.3840, 5337
0.3846, 5336
0.3852, 5335
0.3859, 5334
0.3866, 5333
0.3875, 5332
0.3885, 5331
0.3891, 5330
0.3897, 5329
0.3902, 5328
0.3909, 5327
0.3915, 5326
0.3922, 5325
0.3927, 5324
0.3934, 5323
0.3944, 5322
0.3954, 5321
0.3964, 5320
0.3972, 5319
0.3978, 5318
0.3984, 5317
0.3990, 5316
0.3997, 5315
0.4005, 5314
0.4011, 5313
0.4017, 5312
0.4026, 5311
0.4033, 5310
0.4038, 5309
0.4045, 5308
0.4054, 5307
0.4061, 5306
0.4068, 5305
0.4073, 5304
0.4080, 5303
0.4086, 5302
0.4092, 5301
0.4098, 5300
0.4104, 5299
0.4110, 5298
0.4116, 5297
0.4123, 5296
0.4132, 5295
0.4139, 5294
0.4145, 5293
0.4151, 5292
0.4160, 5291
0.4167, 5290
0.4174, 5289
0.4183, 5288
0.4190, 5287
0.4196, 5286
0.4203, 5285
0.4209, 5284
0.4216, 5283
0.4223, 5282
0.4229, 5281
0.4235, 5280
0.4241, 5279
0.4247, 5278
0.4253, 5277
0.4261, 5276
0.4269, 5275
0.4275, 5274
0.4284, 5273
0.4290, 5272
0.4296, 5271
0.4302, 5270
0.4309, 5269
0.4316, 5268
0.4322, 5267
0.4328, 5266
0.4334, 5265
0.4342, 5264
0.4349, 5263
0.4356, 5262
0.4363, 5261
0.4369, 5260
0.4377, 5259
0.4383, 5258
0.4389, 5257
0.4396, 5256
0.4403, 5255
0.4410, 5254
0.4420, 5253
0.4429, 5252
0.4436, 5251
0.4447, 5250
0.4453, 5249
0.4458, 5248
0.4465, 5247
0.4472, 5246
0.4479, 5245
0.4485, 5244
0.4492, 5243
0.4497, 5242
0.4503, 5241
0.4510, 5240
0.4517, 5239
0.4522, 5238
0.4529, 5237
0.4538, 5236
0.4543, 5235
0.4550, 5234
0.4556, 5233
0.4562, 5232
0.4569, 5231
0.4575, 5230
0.4581, 5229
0.4587, 5228
0.4594, 5227
0.4603, 5226
0.4609, 5225
0.4615, 5224
0.4625, 5223
0.4633, 5222
0.4640, 5221
0.4649, 5220
0.4656, 5219
0.4662, 5218
0.4667, 5217
0.4674, 5216
0.4681, 5215
0.4688, 5214
0.4694, 5213
0.4702, 5212
0.4736, 5211
0.4744, 5210
0.4752, 5209
0.4758, 5208
0.4765, 5207
0.4774, 5206
0.4781, 5205
0.4788, 5204
0.4796, 5203
0.4803, 5202
0.4810, 5201
0.4816, 5200
0.4824, 5199
0.4832, 5198
0.4839, 5197
0.4846, 5196
0.4853, 5195
0.4861, 5194
0.4867, 5193
0.4873, 5192
0.4879, 5191
0.4885, 5190
0.4893, 5189
0.4898, 5188
0.4904, 5187
0.4910, 5186
0.4917, 5185
0.4924, 5184
0.4931, 5183
0.4939, 5182
0.4946, 5181
0.4954, 5180
0.4963, 5179
0.4969, 5178
0.4978, 5177
0.4985, 5176
0.4991, 5175
0.5000, 5174
0.5007, 5173
0.5015, 5172
0.5021, 5171
0.5027, 5170
0.5033, 5169
0.5041, 5168
0.5048, 5167
0.5054, 5166
0.5061, 5165
0.5070, 5164
0.5076, 5163
0.5084, 5162
0.5091, 5161
0.5103, 5160
0.5111, 5159
0.5118, 5158
0.5125, 5157
0.5131, 5156
0.5137, 5155
0.5144, 5154
0.5152, 5153
0.5160, 5152
0.5168, 5151
0.5174, 5150
0.5183, 5149
0.5191, 5148
0.5198, 5147
0.5203, 5146
0.5208, 5145
0.5214, 5144
0.5221, 5143
0.5227, 5142
0.5232, 5141
0.5238, 5140
0.5244, 5139
0.5251, 5138
0.5257, 5137
0.5265, 5136
0.5272, 5135
0.5280, 5134
0.5286, 5133
0.5291, 5132
0.5297, 5131
0.5304, 5130
0.5311, 5129
0.5319, 5128
0.5325, 5127
0.5333, 5126
0.5341, 5125
0.5348, 5124
0.5353, 5123
0.5359, 5122
0.5364, 5121
0.5372, 5120
0.5378, 5119
0.5383, 5118
0.5389, 5117
0.5394, 5116
0.5400, 5115
0.5406, 5114
0.5415, 5113
0.5422, 5112
0.5430, 5111
0.5438, 5110
0.5443, 5109
0.5449, 5108
0.5454, 5107
0.5460, 5106
0.5467, 5105
0.5473, 5104
0.5480, 5103
0.5488, 5102
0.5494, 5101
0.5503, 5100
0.5510, 5099
0.5519, 5098
0.5527, 5097
0.5533, 5096
0.5541, 5095
0.5547, 5094
0.5552, 5093
0.5560, 5092
0.5567, 5091
0.5574, 5090
0.5580, 5089
0.5587, 5088
0.5595, 5087
0.5604, 5086
0.5611, 5085
0.5616, 5084
0.5623, 5083
0.5631, 5082
0.5637, 5081
0.5643, 5080
0.5651, 5079
0.5657, 5078
0.5664, 5077
0.5671, 5076
0.5677, 5075
0.5684, 5074
0.5692, 5073
0.5699, 5072
0.5705, 5071
0.5710, 5070
0.5715, 5069
0.5723, 5068
0.5733, 5067
0.5739, 5066
0.5747, 5065
0.5754, 5064
0.5764, 5063
0.5770, 5062
0.5778, 5061
0.5783, 5060
0.5791, 5059
0.5797, 5058
0.5803, 5057
0.5809, 5056
0.5815, 5055
0.5822, 5054
0.5829, 5053
0.5836, 5052
0.5842, 5051
0.5847, 5050
0.5853, 5049
0.5859, 5048
0.5867, 5047
0.5874, 5046
0.5884, 5045
0.5891, 5044
0.5897, 5043
0.5903, 5042
0.5908, 5041
0.5918, 5040
0.5923, 5039
0.5930, 5038
0.5938, 5037
0.5944, 5036
0.5949, 5035
0.5956, 5034
0.5964, 5033
0.5971, 5032
0.5977, 5031
0.5987, 5030
0.5993, 5029
0.6002, 5028
0.6007, 5027
0.6014, 5026
0.6020, 5025
0.6027, 5024
0.6033, 5023
0.6039, 5022
0.6045, 5021
0.6053, 5020
0.6063, 5019
0.6072, 5018
0.6077, 5017
0.6083, 5016
0.6088, 5015
0.6098, 5014
0.6104, 5013
0.6112, 5012
0.6119, 5011
0.6125, 5010
0.6133, 5009
0.6139, 5008
0.6144, 5007
0.6151, 5006
0.6160, 5005
0.6165, 5004
0.6173, 5003
0.6179, 5002
0.6185, 5001
0.6195, 5000
0.6201, 4999
0.6210, 4998
0.6216, 4997
0.6222, 4996
0.6228, 4995
0.6234, 4994
0.6240, 4993
0.6247, 4992
0.6253, 4991
0.6260, 4990
0.6268, 4989
0.6278, 4988
0.6285, 4987
0.6292, 4986
0.6298, 4985
0.6305, 4984
0.6312, 4983
0.6318, 4982
0.6326, 4981
0.6334, 4980
0.6343, 4979
0.6348, 4978
0.6354, 4977
0.6361, 4976
0.6371, 4975
0.6380, 4974
0.6386, 4973
0.6392, 4972
0.6399, 4971
0.6406, 4970
0.6411, 4969
0.6419, 4968
0.6426, 4967
0.6433, 4966
0.6440, 4965
0.6446, 4964
0.6451, 4963
0.6457, 4962
0.6464, 4961
0.6472, 4960
0.6477, 4959
0.6483, 4958
0.6489, 4957
0.6495, 4956
0.6503, 4955
0.6508, 4954
0.6514, 4953
0.6520, 4952
0.6528, 4951
0.6538, 4950
0.6546, 4949
0.6557, 4948
0.6563, 4947
0.6569, 4946
0.6578, 4945
0.6583, 4944
0.6589, 4943
0.6594, 4942
0.6600, 4941
0.6606, 4940
0.6611, 4939
0.6618, 4938
0.6624, 4937
0.6630, 4936
0.6637, 4935
0.6647, 4934
0.6655, 4933
0.6661, 4932
0.6667, 4931
0.6673, 4930
0.6679, 4929
0.6686, 4928
0.6692, 4927
0.6699, 4926
0.6706, 4925
0.6712, 4924
0.6718, 4923
0.6726, 4922
0.6733, 4921
0.6739, 4920
0.6745, 4919
0.6755, 4918
0.6763, 4917
0.6769, 4916
0.6778, 4915
0.6783, 4914
0.6789, 4913
0.6794, 4912
0.6799, 4911
0.6805, 4910
0.6810, 4909
0.6820, 4908
0.6825, 4907
0.6830, 4906
0.6837, 4905
0.6842, 4904
0.6847, 4903
0.6853, 4902
0.6860, 4901
0.6865, 4900
0.6875, 4899
0.6882, 4898
0.6888, 4897
0.6893, 4896
0.6899, 4895
0.6906, 4894
0.6912, 4893
0.6917, 4892
0.6926, 4891
0.6934, 4890
0.6941, 4889
0.6947, 4888
0.6952, 4887
0.6958, 4886
0.6964, 4885
0.6969, 4884
0.6975, 4883
0.6981, 4882
0.6987, 4881
0.6993, 4880
0.6999, 4879
0.7008, 4878
0.7014, 4877
0.7019, 4876
0.7026, 4875
0.7032, 4874
0.7037, 4873
0.7043, 4872
0.7051, 4871
0.7059, 4870
0.7067, 4869
0.7075, 4868
0.7080, 4867
0.7086, 4866
0.7091, 4865
0.7101, 4864
0.7109, 4863
0.7114, 4862
0.7120, 4861
0.7127, 4860
0.7134, 4859
0.7142, 4858
0.7148, 4857
0.7155, 4856
0.7165, 4855
0.7171, 4854
0.7181, 4853
0.7187, 4852
0.7193, 4851
0.7199, 4850
0.7208, 4849
0.7214, 4848
0.7222, 4847
0.7227, 4846
0.7232, 4845
0.7240, 4844
0.7245, 4843
0.7251, 4842
0.7255, 4841
0.7263, 4840
0.7270, 4839
0.7280, 4838
0.7287, 4837
0.7294, 4836
0.7299, 4835
0.7304, 4834
0.7311, 4833
0.7317, 4832
0.7323, 4831
0.7332, 4830
0.7338, 4829
0.7344, 4828
0.7351, 4827
0.7360, 4826
0.7369, 4825
0.7374, 4824
0.7381, 4823
0.7386, 4822
0.7392, 4821
0.7398, 4820
0.7403, 4819
0.7410, 4818
0.7415, 4817
0.7420, 4816
0.7426, 4815
0.7432, 4814
0.7441, 4813
0.7450, 4812
0.7456, 4811
0.7462, 4810
0.7471, 4809
0.7476, 4808
0.7481, 4807
0.7486, 4806
0.7492, 4805
0.7501, 4804
0.7510, 4803
0.7516, 4802
0.7521, 4801
0.7529, 4800
0.7535, 4799
0.7541, 4798
0.7546, 4797
0.7551, 4796
0.7558, 4795
0.7564, 4794
0.7571, 4793
0.7577, 4792
0.7584, 4791
0.7590, 4790
0.7598, 4789
0.7604, 4788
0.7611, 4787
0.7616, 4786
0.7622, 4785
0.7627, 4784
0.7632, 4783
0.7640, 4782
0.7645, 4781
0.7654, 4780
0.7663, 4779
0.7669, 4778
0.7677, 4777
0.7683, 4776
0.7689, 4775
0.7694, 4774
0.7704, 4773
0.7710, 4772
0.7717, 4771
0.7723, 4770
0.7729, 4769
0.7737, 4768
0.7744, 4767
0.7749, 4766
0.7754, 4765
0.7764, 4764
0.7772, 4763
0.7778, 4762
0.7784, 4761
0.7789, 4760
0.7795, 4759
0.7806, 4758
0.7813, 4757
0.7818, 4756
0.7826, 4755
0.7832, 4754
0.7837, 4753
0.7842, 4752
0.7848, 4751
0.7856, 4750
0.7861, 4749
0.7867, 4748
0.7873, 4747
0.7882, 4746
0.7887, 4745
0.7895, 4744
0.7903, 4743
0.7912, 4742
0.7920, 4741
0.7925, 4740
0.7931, 4739
0.7936, 4738
0.7942, 4737
0.7948, 4736
0.7957, 4735
0.7962, 4734
0.7968, 4733
0.7973, 4732
0.7978, 4731
0.7987, 4730
0.7992, 4729
0.7997, 4728
0.8003, 4727
0.8011, 4726
0.8018, 4725
0.8027, 4724
0.8036, 4723
0.8041, 4722
0.8049, 4721
0.8057, 4720
0.8062, 4719
0.8067, 4718
0.8073, 4717
0.8080, 4716
0.8088, 4715
0.8096, 4714
0.8104, 4713
0.8109, 4712
0.8117, 4711
0.8124, 4710
0.8134, 4709
0.8141, 4708
0.8150, 4707
0.8156, 4706
0.8164, 4705
0.8171, 4704
0.8178, 4703
0.8187, 4702
0.8196, 4701
0.8204, 4700
0.8213, 4699
0.8221, 4698
0.8228, 4697
0.8235, 4696
0.8244, 4695
0.8251, 4694
0.8260, 4693
0.8268, 4692
0.8278, 4691
0.8287, 4690
1.0445, 4689
1.3205, 4688
1.3216, 4687
1.4322, 4686
1.8793, 4685
1.9201, 4684
1.9805, 4683
2.0999, 4682
2.2224, 4681
2.4446, 4680
2.5048, 4679
2.7094, 4678
2.7914, 4677
2.8724, 4676
3.1518, 4675
3.1723, 4674
3.2961, 4673
3.4959, 4672
3.4966, 4671
3.5571, 4670
3.6567, 4669
3.7789, 4668
3.7798, 4667
3.9197, 4666
3.9203, 4665
3.9210, 4664
3.9818, 4663
4.4869, 4662
4.5266, 4661
4.9852, 4660
5.0252, 4659
5.1494, 4658
5.3443, 4657
5.4455, 4656
5.6059, 4655
6.0882, 4654
6.1286, 4653
6.1291, 4652
6.7060, 4651
6.9110, 4650
6.9922, 4649
7.6340, 4648
7.7141, 4647
7.8355, 4646
8.1170, 4645
8.1176, 4644
8.1781, 4643
8.1787, 4642
8.2185, 4641
8.7187, 4640
8.8010, 4639
8.9015, 4638
9.0463, 4637
9.2473, 4636
9.5721, 4635
9.6533, 4634
9.7145, 4633
