0.0000, 5900
0.0006, 5899
0.0013, 5898
0.0018, 5897
0.0028, 5896
0.0036, 5895
0.0043, 5894
0.0049, 5893
0.0057, 5892
0.0062, 5891
0.0071, 5890
0.0076, 5889
0.0081, 5888
0.0086, 5887
0.0095, 5886
0.0104, 5885
0.0111, 5884
0.0123, 5883
0.0130, 5882
0.0142, 5881
0.0147, 5880
0.0156, 5879
0.0165, 5878
0.0175, 5877
0.0180, 5876
0.0186, 5875
0.0191, 5874
0.0197, 5873
0.0209, 5872
0.0214, 5871
0.0219, 5870
0.0224, 5869
0.0231, 5868
0.0236, 5867
0.0241, 5866
0.0246, 5865
0.0255, 5864
0.0263, 5863
0.0269, 5862
0.0274, 5861
0.0281, 5860
0.0287, 5859
0.0292, 5858
0.0297, 5857
0.0302, 5856
0.0309, 5855
0.0314, 5854
0.0319, 5853
0.0324, 5852
0.0335, 5851
0.0344, 5850
0.0349, 5849
0.0354, 5848
0.0361, 5847
0.0366, 5846
0.0371, 5845
0.0379, 5844
0.0384, 5843
0.0389, 5842
0.0394, 5841
0.0402, 5840
0.0409, 5839
0.0414, 5838
0.0419, 5837
0.0425, 5836
0.0431, 5835
0.0438, 5834
0.0443, 5833
0.0450, 5832
0.0455, 5831
0.0460, 5830
0.0468, 5829
0.0473, 5828
0.0478, 5827
0.0484, 5826
0.0493, 5825
0.0498, 5824
0.0503, 5823
0.0512, 5822
0.0517, 5821
0.0522, 5820
0.0527, 5819
0.0532, 5818
0.0537, 5817
0.0546, 5816
0.0551, 5815
0.0561, 5814
0.0570, 5813
0.0577, 5812
0.0583, 5811
0.0592, 5810
0.0599, 5809
0.0605, 5808
0.0611, 5807
0.0616, 5806
0.0624, 5805
0.0630, 5804
0.0635, 5803
0.0640, 5802
0.0645, 5801
0.0650, 5800
0.0659, 5799
0.0664, 5798
0.0671, 5797
0.0677, 5796
0.0684, 5795
0.0689, 5794
0.0697, 5793
0.0702, 5792
0.0707, 5791
0.0713, 5790
0.0718, 5789
0.0724, 5788
0.0730, 5787
0.0735, 5786
0.0748, 5785
0.0758, 5784
0.0767, 5783
0.0772, 5782
0.0777, 5781
0.0782, 5780
0.0789, 5779
0.0797, 5778
0.0803, 5777
0.0811, 5776
0.0817, 5775
0.0824, 5774
0.0830, 5773
0.0841, 5772
0.0847, 5771
0.0858, 5770
0.0864, 5769
0.0870, 5768
0.0877, 5767
0.0882, 5766
0.0889, 5765
0.0897, 5764
0.0902, 5763
0.0907, 5762
0.0913, 5761
0.0918, 5760
0.0927, 5759
0.0933, 5758
0.0938, 5757
0.0943, 5756
0.0948, 5755
0.0953, 5754
0.0961, 5753
0.0968, 5752
0.0973, 5751
0.0979, 5750
0.0984, 5749
0.0993, 5748
0.0998, 5747
0.1003, 5746
0.1012, 5745
0.1023, 5744
0.1028, 5743
0.1034, 5742
0.1040, 5741
0.1050, 5740
0.1055, 5739
0.1061, 5738
0.1067, 5737
0.1073, 5736
0.1078, 5735
0.1084, 5734
0.1089, 5733
0.1095, 5732
0.1100, 5731
0.1106, 5730
0.1112, 5729
0.1117, 5728
0.1123, 5727
0.1128, 5726
0.1134, 5725
0.1141, 5724
0.1147, 5723
0.1158, 5722
0.1164, 5721
0.1170, 5720
0.1177, 5719
0.1185, 5718
0.1195, 5717
0.1203, 5716
0.1212, 5715
0.1222, 5714
0.1228, 5713
0.1234, 5712
0.1240, 5711
0.1246, 5710
0.1251, 5709
0.1259, 5708
0.1267, 5707
0.1273, 5706
0.1278, 5705
0.1284, 5704
0.1289, 5703
0.1294, 5702
0.1300, 5701
0.1306, 5700
0.1316, 5699
0.1321, 5698
0.1326, 5697
0.1332, 5696
0.1342, 5695
0.1350, 5694
0.1356, 5693
0.1361, 5692
0.1367, 5691
0.1372, 5690
0.1377, 5689
0.1384, 5688
0.1389, 5687
0.1395, 5686
0.1404, 5685
0.1410, 5684
0.1416, 5683
0.1421, 5682
0.1427, 5681
0.1433, 5680
0.1439, 5679
0.1445, 5678
0.1451, 5677
0.1456, 5676
0.1462, 5675
0.1468, 5674
0.1472, 5673
0.1478, 5672
0.1484, 5671
0.1490, 5670
0.1496, 5669
0.1502, 5668
0.1508, 5667
0.1513, 5666
0.1519, 5665
0.1524, 5664
0.1530, 5663
0.1536, 5662
0.1546, 5661
0.1552, 5660
0.1561, 5659
0.1567, 5658
0.1579, 5657
0.1589, 5656
0.1598, 5655
0.1605, 5654
0.1613, 5653
0.1619, 5652
0.1626, 5651
0.1631, 5650
0.1637, 5649
0.1643, 5648
0.1651, 5647
0.1657, 5646
0.1663, 5645
0.1671, 5644
0.1676, 5643
0.1682, 5642
0.1688, 5641
0.1695, 5640
0.1703, 5639
0.1712, 5638
0.1718, 5637
0.1724, 5636
0.1731, 5635
0.1742, 5634
0.1749, 5633
0.1760, 5632
0.1769, 5631
0.1775, 5630
0.1785, 5629
0.1794, 5628
0.1801, 5627
0.1812, 5626
0.1820, 5625
0.1827, 5624
0.1835, 5623
0.1841, 5622
0.1847, 5621
0.1854, 5620
0.1860, 5619
0.1870, 5618
0.1876, 5617
0.1882, 5616
0.1887, 5615
0.1894, 5614
0.1904, 5613
0.1909, 5612
0.1915, 5611
0.1921, 5610
0.1928, 5609
0.1934, 5608
0.1940, 5607
0.1946, 5606
0.1952, 5605
0.1959, 5604
0.1964, 5603
0.1969, 5602
0.1975, 5601
0.1981, 5600
0.1986, 5599
0.1992, 5598
0.1997, 5597
0.2002, 5596
0.2008, 5595
0.2016, 5594
0.2022, 5593
0.2031, 5592
0.2037, 5591
0.2045, 5590
0.2053, 5589
0.2061, 5588
0.2068, 5587
0.2074, 5586
0.2080, 5585
0.2087, 5584
0.2098, 5583
0.2105, 5582
0.2112, 5581
0.2117, 5580
0.2124, 5579
0.2131, 5578
0.2137, 5577
0.2148, 5576
0.2154, 5575
0.2161, 5574
0.2169, 5573
0.2175, 5572
0.2181, 5571
0.2188, 5570
0.2197, 5569
0.2203, 5568
0.2211, 5567
0.2217, 5566
0.2223, 5565
0.2229, 5564
0.2236, 5563
0.2247, 5562
0.2254, 5561
0.2259, 5560
0.2265, 5559
0.2271, 5558
0.2276, 5557
0.2287, 5556
0.2293, 5555
0.2299, 5554
0.2305, 5553
0.2313, 5552
0.2319, 5551
0.2325, 5550
0.2333, 5549
0.2339, 5548
0.2346, 5547
0.2353, 5546
0.2359, 5545
0.2364, 5544
0.2369, 5543
0.2374, 5542
0.2381, 5541
0.2387, 5540
0.2393, 5539
0.2398, 5538
0.2403, 5537
0.2409, 5536
0.2414, 5535
0.2421, 5534
0.2430, 5533
0.2436, 5532
0.2442, 5531
0.2447, 5530
0.2454, 5529
0.2459, 5528
0.2464, 5527
0.2470, 5526
0.2478, 5525
0.2484, 5524
0.2491, 5523
0.2500, 5522
0.2510, 5521
0.2519, 5520
0.2526, 5519
0.2532, 5518
0.2537, 5517
0.2544, 5516
0.2550, 5515
0.2558, 5514
0.2564, 5513
0.2570, 5512
0.2576, 5511
0.2582, 5510
0.2588, 5509
0.2595, 5508
0.2600, 5507
0.2608, 5506
0.2613, 5505
0.2619, 5504
0.2624, 5503
0.2634, 5502
0.2639, 5501
0.2646, 5500
0.2653, 5499
0.2663, 5498
0.2670, 5497
0.2676, 5496
0.2682, 5495
0.2688, 5494
0.2695, 5493
0.2701, 5492
0.2706, 5491
0.2716, 5490
0.2725, 5489
0.2730, 5488
0.2736, 5487
0.2741, 5486
0.2747, 5485
0.2756, 5484
0.2762, 5483
0.2767, 5482
0.2777, 5481
0.2783, 5480
0.2789, 5479
0.2795, 5478
0.2801, 5477
0.2807, 5476
0.2813, 5475
0.2818, 5474
0.2826, 5473
0.2832, 5472
0.2839, 5471
0.2845, 5470
0.2850, 5469
0.2856, 5468
0.2862, 5467
0.2867, 5466
0.2878, 5465
0.2884, 5464
0.2889, 5463
0.2895, 5462
0.2901, 5461
0.2907, 5460
0.2913, 5459
0.2919, 5458
0.2924, 5457
0.2930, 5456
0.2938, 5455
0.2945, 5454
0.2951, 5453
0.2958, 5452
0.2964, 5451
0.2971, 5450
0.2976, 5449
0.2983, 5448
0.2989, 5447
0.2995, 5446
0.3001, 5445
0.3006, 5444
0.3017, 5443
0.3023, 5442
0.3029, 5441
0.3034, 5440
0.3041, 5439
0.3047, 5438
0.3057, 5437
0.3064, 5436
0.3070, 5435
0.3077, 5434
0.3082, 5433
0.3089, 5432
0.3099, 5431
0.3105, 5430
0.3111, 5429
0.3117, 5428
0.3122, 5427
0.3129, 5426
0.3138, 5425
0.3144, 5424
0.3150, 5423
0.3157, 5422
0.3164, 5421
0.3171, 5420
0.3181, 5419
0.3187, 5418
0.3192, 5417
0.3203, 5416
0.3209, 5415
0.3216, 5414
0.3221, 5413
0.3228, 5412
0.3234, 5411
0.3239, 5410
0.3245, 5409
0.3250, 5408
0.3255, 5407
0.3263, 5406
0.3271, 5405
0.3279, 5404
0.3286, 5403
0.3294, 5402
0.3299, 5401
0.3305, 5400
0.3312, 5399
0.3321, 5398
0.3328, 5397
0.3334, 5396
0.3340, 5395
0.3348, 5394
0.3356, 5393
0.3362, 5392
0.3370, 5391
0.3375, 5390
0.3380, 5389
0.3386, 5388
0.3392, 5387
0.3398, 5386
0.3407, 5385
0.3412, 5384
0.3419, 5383
0.3425, 5382
0.3432, 5381
0.3439, 5380
0.3444, 5379
0.3449, 5378
0.3457, 5377
0.3464, 5376
0.3470, 5375
0.3476, 5374
0.3483, 5373
0.3489, 5372
0.3494, 5371
0.3501, 5370
0.3509, 5369
0.3516, 5368
0.3523, 5367
0.3529, 5366
0.3537, 5365
0.3543, 5364
0.3550, 5363
0.3561, 5362
0.3567, 5361
0.3575, 5360
0.3582, 5359
0.3588, 5358
0.3595, 5357
0.3606, 5356
0.3612, 5355
0.3618, 5354
0.3624, 5353
0.3631, 5352
0.3636, 5351
0.3644, 5350
0.3651, 5349
0.3656, 5348
0.3662, 5347
0.3668, 5346
0.3677, 5345
0.3685, 5344
0.3691, 5343
0.3698, 5342
0.3704, 5341
0.3709, 5340
0.3715, 5339
0.3721, 5338
0.3727, 5337
0.3732, 5336
0.3739, 5335
0.3745, 5334
0.3752, 5333
0.3761, 5332
0.3771, 5331
0.3776, 5330
0.3783, 5329
0.3788, 5328
0.3794, 5327
0.3801, 5326
0.3808, 5325
0.3813, 5324
0.3820, 5323
0.3831, 5322
0.3840, 5321
0.3849, 5320
0.3857, 5319
0.3863, 5318
0.3869, 5317
0.3874, 5316
0.3882, 5315
0.3889, 5314
0.3895, 5313
0.3901, 5312
0.3909, 5311
0.3917, 5310
0.3922, 5309
0.3929, 5308
0.3938, 5307
0.3945, 5306
0.3951, 5305
0.3957, 5304
0.3963, 5303
0.3969, 5302
0.3975, 5301
0.3980, 5300
0.3987, 5299
0.3992, 5298
0.3998, 5297
0.4004, 5296
0.4011, 5295
0.4018, 5294
0.4023, 5293
0.4029, 5292
0.4037, 5291
0.4043, 5290
0.4050, 5289
0.4059, 5288
0.4065, 5287
0.4070, 5286
0.4077, 5285
0.4082, 5284
0.4089, 5283
0.4095, 5282
0.4101, 5281
0.4107, 5280
0.4114, 5279
0.4120, 5278
0.4126, 5277
0.4132, 5276
0.4139, 5275
0.4146, 5274
0.4155, 5273
0.4161, 5272
0.4166, 5271
0.4172, 5270
0.4179, 5269
0.4186, 5268
0.4191, 5267
0.4196, 5266
0.4203, 5265
0.4210, 5264
0.4216, 5263
0.4223, 5262
0.4229, 5261
0.4235, 5260
0.4243, 5259
0.4248, 5258
0.4255, 5257
0.4262, 5256
0.4269, 5255
0.4276, 5254
0.4285, 5253
0.4293, 5252
0.4300, 5251
0.4311, 5250
0.4316, 5249
0.4322, 5248
0.4328, 5247
0.4335, 5246
0.4341, 5245
0.4347, 5244
0.4354, 5243
0.4359, 5242
0.4364, 5241
0.4371, 5240
0.4377, 5239
0.4382, 5238
0.4388, 5237
0.4397, 5236
0.4402, 5235
0.4408, 5234
0.4415, 5233
0.4420, 5232
0.4428, 5231
0.4434, 5230
0.4439, 5229
0.4445, 5228
0.4452, 5227
0.4460, 5226
0.4465, 5225
0.4470, 5224
0.4480, 5223
0.4489, 5222
0.4495, 5221
0.4503, 5220
0.4510, 5219
0.4515, 5218
0.4521, 5217
0.4527, 5216
0.4534, 5215
0.4541, 5214
0.4546, 5213
0.4554, 5212
0.4561, 5211
0.4568, 5210
0.4577, 5209
0.4583, 5208
0.4589, 5207
0.4597, 5206
0.4605, 5205
0.4611, 5204
0.4619, 5203
0.4625, 5202
0.4632, 5201
0.4639, 5200
0.4646, 5199
0.4653, 5198
0.4660, 5197
0.4667, 5196
0.4673, 5195
0.4682, 5194
0.4687, 5193
0.4693, 5192
0.4699, 5191
0.4705, 5190
0.4712, 5189
0.4718, 5188
0.4723, 5187
0.4729, 5186
0.4735, 5185
0.4741, 5184
0.4747, 5183
0.4755, 5182
0.4762, 5181
0.4770, 5180
0.4779, 5179
0.4785, 5178
0.4793, 5177
0.4800, 5176
0.4806, 5175
0.4815, 5174
0.4821, 5173
0.4829, 5172
0.4834, 5171
0.4841, 5170
0.4846, 5169
0.4854, 5168
0.4860, 5167
0.4865, 5166
0.4872, 5165
0.4880, 5164
0.4885, 5163
0.4892, 5162
0.4899, 5161
0.4909, 5160
0.4916, 5159
0.4923, 5158
0.4930, 5157
0.4936, 5156
0.4941, 5155
0.4947, 5154
0.4954, 5153
0.4963, 5152
0.4971, 5151
0.4977, 5150
0.4984, 5149
0.4990, 5148
0.4997, 5147
0.5002, 5146
0.5007, 5145
0.5012, 5144
0.5020, 5143
0.5026, 5142
0.5031, 5141
0.5037, 5140
0.5043, 5139
0.5049, 5138
0.5056, 5137
0.5064, 5136
0.5070, 5135
0.5078, 5134
0.5084, 5133
0.5089, 5132
0.5095, 5131
0.5102, 5130
0.5109, 5129
0.5116, 5128
0.5122, 5127
0.5129, 5126
0.5137, 5125
0.5143, 5124
0.5148, 5123
0.5154, 5122
0.5159, 5121
0.5166, 5120
0.5172, 5119
0.5177, 5118
0.5182, 5117
0.5187, 5116
0.5192, 5115
0.5198, 5114
0.5207, 5113
0.5214, 5112
0.5221, 5111
0.5229, 5110
0.5234, 5109
0.5239, 5108
0.5245, 5107
0.5250, 5106
0.5258, 5105
0.5264, 5104
0.5271, 5103
0.5279, 5102
0.5285, 5101
0.5295, 5100
0.5301, 5099
0.5309, 5098
0.5318, 5097
0.5323, 5096
0.5331, 5095
0.5337, 5094
0.5342, 5093
0.5350, 5092
0.5356, 5091
0.5363, 5090
0.5368, 5089
0.5376, 5088
0.5383, 5087
0.5392, 5086
0.5399, 5085
0.5404, 5084
0.5410, 5083
0.5418, 5082
0.5424, 5081
0.5429, 5080
0.5437, 5079
0.5443, 5078
0.5449, 5077
0.5456, 5076
0.5461, 5075
0.5469, 5074
0.5477, 5073
0.5484, 5072
0.5490, 5071
0.5495, 5070
0.5501, 5069
0.5509, 5068
0.5519, 5067
0.5526, 5066
0.5534, 5065
0.5541, 5064
0.5552, 5063
0.5559, 5062
0.5566, 5061
0.5572, 5060
0.5581, 5059
0.5587, 5058
0.5593, 5057
0.5599, 5056
0.5605, 5055
0.5612, 5054
0.5619, 5053
0.5626, 5052
0.5632, 5051
0.5638, 5050
0.5644, 5049
0.5650, 5048
0.5659, 5047
0.5666, 5046
0.5676, 5045
0.5683, 5044
0.5689, 5043
0.5695, 5042
0.5701, 5041
0.5711, 5040
0.5716, 5039
0.5723, 5038
0.5732, 5037
0.5738, 5036
0.5743, 5035
0.5751, 5034
0.5759, 5033
0.5765, 5032
0.5772, 5031
0.5782, 5030
0.5788, 5029
0.5797, 5028
0.5803, 5027
0.5810, 5026
0.5817, 5025
0.5823, 5024
0.5830, 5023
0.5835, 5022
0.5842, 5021
0.5849, 5020
0.5859, 5019
0.5868, 5018
0.5873, 5017
0.5879, 5016
0.5884, 5015
0.5894, 5014
0.5900, 5013
0.5907, 5012
0.5914, 5011
0.5921, 5010
0.5928, 5009
0.5934, 5008
0.5940, 5007
0.5946, 5006
0.5955, 5005
0.5960, 5004
0.5968, 5003
0.5974, 5002
0.5980, 5001
0.5989, 5000
0.5995, 4999
0.6004, 4998
0.6010, 4997
0.6015, 4996
0.6022, 4995
0.6027, 4994
0.6033, 4993
0.6040, 4992
0.6045, 4991
0.6052, 4990
0.6060, 4989
0.6070, 4988
0.6078, 4987
0.6084, 4986
0.6091, 4985
0.6097, 4984
0.6105, 4983
0.6111, 4982
0.6119, 4981
0.6127, 4980
0.6137, 4979
0.6142, 4978
0.6148, 4977
0.6155, 4976
0.6165, 4975
0.6175, 4974
0.6180, 4973
0.6186, 4972
0.6193, 4971
0.6200, 4970
0.6205, 4969
0.6213, 4968
0.6220, 4967
0.6227, 4966
0.6234, 4965
0.6240, 4964
0.6245, 4963
0.6251, 4962
0.6258, 4961
0.6266, 4960
0.6271, 4959
0.6276, 4958
0.6281, 4957
0.6288, 4956
0.6295, 4955
0.6301, 4954
0.6306, 4953
0.6313, 4952
0.6321, 4951
0.6333, 4950
0.6341, 4949
0.6352, 4948
0.6358, 4947
0.6364, 4946
0.6373, 4945
0.6378, 4944
0.6384, 4943
0.6390, 4942
0.6395, 4941
0.6401, 4940
0.6406, 4939
0.6413, 4938
0.6418, 4937
0.6424, 4936
0.6431, 4935
0.6440, 4934
0.6449, 4933
0.6455, 4932
0.6460, 4931
0.6466, 4930
0.6473, 4929
0.6480, 4928
0.6485, 4927
0.6492, 4926
0.6499, 4925
0.6505, 4924
0.6511, 4923
0.6518, 4922
0.6525, 4921
0.6531, 4920
0.6537, 4919
0.6546, 4918
0.6555, 4917
0.6560, 4916
0.6568, 4915
0.6573, 4914
0.6579, 4913
0.6584, 4912
0.6589, 4911
0.6594, 4910
0.6599, 4909
0.6609, 4908
0.6614, 4907
0.6619, 4906
0.6625, 4905
0.6630, 4904
0.6635, 4903
0.6641, 4902
0.6648, 4901
0.6653, 4900
0.6662, 4899
0.6669, 4898
0.6674, 4897
0.6680, 4896
0.6685, 4895
0.6692, 4894
0.6698, 4893
0.6703, 4892
0.6712, 4891
0.6720, 4890
0.6727, 4889
0.6732, 4888
0.6738, 4887
0.6744, 4886
0.6749, 4885
0.6755, 4884
0.6761, 4883
0.6766, 4882
0.6772, 4881
0.6778, 4880
0.6784, 4879
0.6793, 4878
0.6798, 4877
0.6803, 4876
0.6811, 4875
0.6816, 4874
0.6822, 4873
0.6827, 4872
0.6835, 4871
0.6842, 4870
0.6850, 4869
0.6858, 4868
0.6863, 4867
0.6868, 4866
0.6873, 4865
0.6882, 4864
0.6890, 4863
0.6896, 4862
0.6902, 4861
0.6909, 4860
0.6915, 4859
0.6923, 4858
0.6928, 4857
0.6936, 4856
0.6944, 4855
0.6950, 4854
0.6960, 4853
0.6966, 4852
0.6972, 4851
0.6978, 4850
0.6987, 4849
0.6993, 4848
0.7000, 4847
0.7006, 4846
0.7011, 4845
0.7019, 4844
0.7024, 4843
0.7029, 4842
0.7034, 4841
0.7041, 4840
0.7048, 4839
0.7058, 4838
0.7065, 4837
0.7071, 4836
0.7076, 4835
0.7082, 4834
0.7089, 4833
0.7095, 4832
0.7101, 4831
0.7110, 4830
0.7116, 4829
0.7122, 4828
0.7128, 4827
0.7137, 4826
0.7145, 4825
0.7151, 4824
0.7158, 4823
0.7163, 4822
0.7169, 4821
0.7175, 4820
0.7180, 4819
0.7187, 4818
0.7193, 4817
0.7198, 4816
0.7205, 4815
0.7210, 4814
0.7219, 4813
0.7228, 4812
0.7234, 4811
0.7239, 4810
0.7248, 4809
0.7253, 4808
0.7258, 4807
0.7263, 4806
0.7268, 4805
0.7277, 4804
0.7286, 4803
0.7291, 4802
0.7297, 4801
0.7304, 4800
0.7310, 4799
0.7316, 4798
0.7320, 4797
0.7326, 4796
0.7332, 4795
0.7339, 4794
0.7346, 4793
0.7351, 4792
0.7358, 4791
0.7363, 4790
0.7371, 4789
0.7377, 4788
0.7383, 4787
0.7388, 4786
0.7393, 4785
0.7399, 4784
0.7404, 4783
0.7411, 4782
0.7417, 4781
0.7425, 4780
0.7433, 4779
0.7438, 4778
0.7446, 4777
0.7451, 4776
0.7457, 4775
0.7462, 4774
0.7472, 4773
0.7478, 4772
0.7486, 4771
0.7491, 4770
0.7497, 4769
0.7505, 4768
0.7512, 4767
0.7516, 4766
0.7522, 4765
0.7531, 4764
0.7540, 4763
0.7545, 4762
0.7552, 4761
0.7557, 4760
0.7563, 4759
0.7573, 4758
0.7580, 4757
0.7585, 4756
0.7593, 4755
0.7598, 4754
0.7604, 4753
0.7609, 4752
0.7614, 4751
0.7622, 4750
0.7628, 4749
0.7633, 4748
0.7639, 4747
0.7648, 4746
0.7654, 4745
0.7662, 4744
0.7669, 4743
0.7678, 4742
0.7685, 4741
0.7691, 4740
0.7696, 4739
0.7701, 4738
0.7706, 4737
0.7713, 4736
0.7721, 4735
0.7726, 4734
0.7732, 4733
0.7737, 4732
0.7742, 4731
0.7750, 4730
0.7756, 4729
0.7761, 4728
0.7766, 4727
0.7775, 4726
0.7783, 4725
0.7791, 4724
0.7800, 4723
0.7804, 4722
0.7813, 4721
0.7821, 4720
0.7826, 4719
0.7832, 4718
0.7837, 4717
0.7845, 4716
0.7853, 4715
0.7861, 4714
0.7870, 4713
0.7875, 4712
0.7883, 4711
0.7890, 4710
0.7900, 4709
0.7906, 4708
0.7915, 4707
0.7921, 4706
0.7929, 4705
0.7936, 4704
0.7943, 4703
0.7952, 4702
0.7961, 4701
0.7969, 4700
0.7978, 4699
0.7985, 4698
0.7992, 4697
0.7999, 4696
0.8007, 4695
0.8015, 4694
0.8024, 4693
0.8032, 4692
0.8041, 4691
0.8050, 4690
0.9712, 4689
1.2575, 4688
1.2580, 4687
1.3391, 4686
1.6903, 4685
1.6909, 4684
1.7712, 4683
1.8747, 4682
1.9764, 4681
2.2170, 4680
2.2761, 4679
2.3972, 4678
2.4381, 4677
2.6356, 4676
2.9405, 4675
2.9410, 4674
3.0839, 4673
3.2446, 4672
3.2453, 4671
3.3251, 4670
3.4266, 4669
3.4666, 4668
3.5456, 4667
3.6645, 4666
3.7047, 4665
3.7055, 4664
3.7457, 4663
4.1984, 4662
4.3046, 4661
4.7747, 4660
4.8158, 4659
4.9361, 4658
4.9965, 4657
5.1573, 4656
5.3790, 4655
5.8758, 4654
5.8765, 4653
5.8770, 4652
6.4787, 4651
6.6090, 4650
6.7922, 4649
7.4510, 4648
7.6525, 4647
7.6736, 4646
7.9621, 4645
7.9626, 4644
8.0240, 4643
8.0246, 4642
8.0889, 4641
8.6797, 4640
8.6802, 4639
8.7411, 4638
8.9896, 4637
9.0780, 4636
9.3665, 4635
9.5832, 4634
9.6274, 4633
9.9596, 4632
