0.0000, 5900
0.0005, 5899
0.0012, 5898
0.0018, 5897
0.0028, 5896
0.0035, 5895
0.0042, 5894
0.0048, 5893
0.0057, 5892
0.0062, 5891
0.0070, 5890
0.0075, 5889
0.0080, 5888
0.0085, 5887
0.0095, 5886
0.0104, 5885
0.0110, 5884
0.0122, 5883
0.0129, 5882
0.0140, 5881
0.0145, 5880
0.0154, 5879
0.0163, 5878
0.0172, 5877
0.0177, 5876
0.0182, 5875
0.0187, 5874
0.0194, 5873
0.0205, 5872
0.0210, 5871
0.0215, 5870
0.0220, 5869
0.0227, 5868
0.0231, 5867
0.0236, 5866
0.0242, 5865
0.0250, 5864
0.0258, 5863
0.0264, 5862
0.0269, 5861
0.0275, 5860
0.0281, 5859
0.0286, 5858
0.0291, 5857
0.0297, 5856
0.0303, 5855
0.0308, 5854
0.0313, 5853
0.0318, 5852
0.0328, 5851
0.0337, 5850
0.0342, 5849
0.0348, 5848
0.0354, 5847
0.0360, 5846
0.0365, 5845
0.0373, 5844
0.0378, 5843
0.0383, 5842
0.0388, 5841
0.0395, 5840
0.0402, 5839
0.0407, 5838
0.0413, 5837
0.0419, 5836
0.0425, 5835
0.0431, 5834
0.0436, 5833
0.0443, 5832
0.0448, 5831
0.0454, 5830
0.0462, 5829
0.0467, 5828
0.0472, 5827
0.0478, 5826
0.0487, 5825
0.0492, 5824
0.0497, 5823
0.0505, 5822
0.0511, 5821
0.0516, 5820
0.0521, 5819
0.0526, 5818
0.0531, 5817
0.0540, 5816
0.0545, 5815
0.0555, 5814
0.0564, 5813
0.0571, 5812
0.0577, 5811
0.0586, 5810
0.0593, 5809
0.0599, 5808
0.0605, 5807
0.0610, 5806
0.0618, 5805
0.0623, 5804
0.0629, 5803
0.0634, 5802
0.0639, 5801
0.0644, 5800
0.0653, 5799
0.0658, 5798
0.0664, 5797
0.0670, 5796
0.0677, 5795
0.0682, 5794
0.0689, 5793
0.0695, 5792
0.0700, 5791
0.0705, 5790
0.0710, 5789
0.0715, 5788
0.0721, 5787
0.0726, 5786
0.0739, 5785
0.0749, 5784
0.0758, 5783
0.0763, 5782
0.0768, 5781
0.0773, 5780
0.0780, 5779
0.0788, 5778
0.0794, 5777
0.0802, 5776
0.0809, 5775
0.0815, 5774
0.0822, 5773
0.0832, 5772
0.0838, 5771
0.0850, 5770
0.0856, 5769
0.0861, 5768
0.0869, 5767
0.0874, 5766
0.0881, 5765
0.0889, 5764
0.0894, 5763
0.0899, 5762
0.0905, 5761
0.0910, 5760
0.0919, 5759
0.0925, 5758
0.0930, 5757
0.0935, 5756
0.0940, 5755
0.0945, 5754
0.0953, 5753
0.0960, 5752
0.0965, 5751
0.0971, 5750
0.0976, 5749
0.0984, 5748
0.0989, 5747
0.0995, 5746
0.1004, 5745
0.1014, 5744
0.1020, 5743
0.1025, 5742
0.1030, 5741
0.1040, 5740
0.1046, 5739
0.1052, 5738
0.1057, 5737
0.1063, 5736
0.1068, 5735
0.1073, 5734
0.1079, 5733
0.1085, 5732
0.1090, 5731
0.1096, 5730
0.1101, 5729
0.1106, 5728
0.1112, 5727
0.1117, 5726
0.1123, 5725
0.1130, 5724
0.1136, 5723
0.1146, 5722
0.1153, 5721
0.1158, 5720
0.1165, 5719
0.1173, 5718
0.1183, 5717
0.1191, 5716
0.1200, 5715
0.1210, 5714
0.1215, 5713
0.1221, 5712
0.1227, 5711
0.1233, 5710
0.1238, 5709
0.1246, 5708
0.1253, 5707
0.1259, 5706
0.1265, 5705
0.1270, 5704
0.1275, 5703
0.1280, 5702
0.1286, 5701
0.1293, 5700
0.1303, 5699
0.1308, 5698
0.1313, 5697
0.1319, 5696
0.1329, 5695
0.1337, 5694
0.1343, 5693
0.1348, 5692
0.1354, 5691
0.1359, 5690
0.1364, 5689
0.1371, 5688
0.1376, 5687
0.1382, 5686
0.1391, 5685
0.1397, 5684
0.1403, 5683
0.1408, 5682
0.1414, 5681
0.1420, 5680
0.1426, 5679
0.1432, 5678
0.1438, 5677
0.1443, 5676
0.1449, 5675
0.1455, 5674
0.1460, 5673
0.1465, 5672
0.1471, 5671
0.1476, 5670
0.1483, 5669
0.1489, 5668
0.1495, 5667
0.1500, 5666
0.1506, 5665
0.1511, 5664
0.1518, 5663
0.1524, 5662
0.1534, 5661
0.1540, 5660
0.1549, 5659
0.1555, 5658
0.1567, 5657
0.1577, 5656
0.1586, 5655
0.1593, 5654
0.1600, 5653
0.1607, 5652
0.1613, 5651
0.1618, 5650
0.1624, 5649
0.1629, 5648
0.1637, 5647
0.1642, 5646
0.1648, 5645
0.1655, 5644
0.1660, 5643
0.1666, 5642
0.1672, 5641
0.1679, 5640
0.1687, 5639
0.1696, 5638
0.1701, 5637
0.1707, 5636
0.1714, 5635
0.1724, 5634
0.1730, 5633
0.1740, 5632
0.1749, 5631
0.1755, 5630
0.1764, 5629
0.1773, 5628
0.1779, 5627
0.1790, 5626
0.1798, 5625
0.1804, 5624
0.1813, 5623
0.1819, 5622
0.1825, 5621
0.1831, 5620
0.1838, 5619
0.1847, 5618
0.1853, 5617
0.1859, 5616
0.1865, 5615
0.1871, 5614
0.1880, 5613
0.1886, 5612
0.1891, 5611
0.1897, 5610
0.1905, 5609
0.1911, 5608
0.1917, 5607
0.1922, 5606
0.1928, 5605
0.1934, 5604
0.1939, 5603
0.1944, 5602
0.1950, 5601
0.1956, 5600
0.1961, 5599
0.1966, 5598
0.1971, 5597
0.1976, 5596
0.1982, 5595
0.1991, 5594
0.1996, 5593
0.2006, 5592
0.2011, 5591
0.2019, 5590
0.2027, 5589
0.2036, 5588
0.2042, 5587
0.2048, 5586
0.2054, 5585
0.2061, 5584
0.2070, 5583
0.2077, 5582
0.2083, 5581
0.2089, 5580
0.2095, 5579
0.2102, 5578
0.2108, 5577
0.2118, 5576
0.2124, 5575
0.2130, 5574
0.2137, 5573
0.2143, 5572
0.2148, 5571
0.2155, 5570
0.2164, 5569
0.2170, 5568
0.2179, 5567
0.2184, 5566
0.2190, 5565
0.2196, 5564
0.2202, 5563
0.2214, 5562
0.2220, 5561
0.2226, 5560
0.2231, 5559
0.2237, 5558
0.2242, 5557
0.2252, 5556
0.2258, 5555
0.2263, 5554
0.2269, 5553
0.2278, 5552
0.2284, 5551
0.2290, 5550
0.2296, 5549
0.2302, 5548
0.2309, 5547
0.2315, 5546
0.2321, 5545
0.2326, 5544
0.2332, 5543
0.2337, 5542
0.2344, 5541
0.2350, 5540
0.2355, 5539
0.2360, 5538
0.2366, 5537
0.2372, 5536
0.2377, 5535
0.2384, 5534
0.2392, 5533
0.2398, 5532
0.2404, 5531
0.2409, 5530
0.2415, 5529
0.2420, 5528
0.2426, 5527
0.2431, 5526
0.2439, 5525
0.2445, 5524
0.2452, 5523
0.2461, 5522
0.2471, 5521
0.2480, 5520
0.2486, 5519
0.2493, 5518
0.2498, 5517
0.2505, 5516
0.2511, 5515
0.2518, 5514
0.2524, 5513
0.2530, 5512
0.2536, 5511
0.2541, 5510
0.2546, 5509
0.2552, 5508
0.2558, 5507
0.2566, 5506
0.2571, 5505
0.2576, 5504
0.2582, 5503
0.2591, 5502
0.2596, 5501
0.2602, 5500
0.2608, 5499
0.2617, 5498
0.2624, 5497
0.2630, 5496
0.2636, 5495
0.2642, 5494
0.2649, 5493
0.2655, 5492
0.2660, 5491
0.2670, 5490
0.2678, 5489
0.2684, 5488
0.2689, 5487
0.2695, 5486
0.2700, 5485
0.2709, 5484
0.2715, 5483
0.2720, 5482
0.2730, 5481
0.2736, 5480
0.2741, 5479
0.2747, 5478
0.2753, 5477
0.2758, 5476
0.2765, 5475
0.2770, 5474
0.2778, 5473
0.2784, 5472
0.2790, 5471
0.2796, 5470
0.2802, 5469
0.2808, 5468
0.2814, 5467
0.2819, 5466
0.2830, 5465
0.2835, 5464
0.2840, 5463
0.2846, 5462
0.2852, 5461
0.2857, 5460
0.2864, 5459
0.2870, 5458
0.2875, 5457
0.2881, 5456
0.2889, 5455
0.2896, 5454
0.2902, 5453
0.2908, 5452
0.2913, 5451
0.2921, 5450
0.2926, 5449
0.2933, 5448
0.2939, 5447
0.2945, 5446
0.2950, 5445
0.2956, 5444
0.2966, 5443
0.2972, 5442
0.2978, 5441
0.2984, 5440
0.2990, 5439
0.2996, 5438
0.3005, 5437
0.3013, 5436
0.3019, 5435
0.3025, 5434
0.3031, 5433
0.3037, 5432
0.3046, 5431
0.3052, 5430
0.3058, 5429
0.3064, 5428
0.3069, 5427
0.3076, 5426
0.3085, 5425
0.3091, 5424
0.3097, 5423
0.3104, 5422
0.3111, 5421
0.3117, 5420
0.3127, 5419
0.3132, 5418
0.3137, 5417
0.3148, 5416
0.3153, 5415
0.3160, 5414
0.3165, 5413
0.3171, 5412
0.3177, 5411
0.3182, 5410
0.3188, 5409
0.3193, 5408
0.3198, 5407
0.3206, 5406
0.3213, 5405
0.3222, 5404
0.3229, 5403
0.3237, 5402
0.3242, 5401
0.3248, 5400
0.3255, 5399
0.3264, 5398
0.3271, 5397
0.3277, 5396
0.3283, 5395
0.3292, 5394
0.3299, 5393
0.3306, 5392
0.3313, 5391
0.3318, 5390
0.3323, 5389
0.3330, 5388
0.3336, 5387
0.3341, 5386
0.3350, 5385
0.3355, 5384
0.3362, 5383
0.3369, 5382
0.3376, 5381
0.3382, 5380
0.3387, 5379
0.3393, 5378
0.3401, 5377
0.3407, 5376
0.3413, 5375
0.3419, 5374
0.3426, 5373
0.3432, 5372
0.3437, 5371
0.3444, 5370
0.3451, 5369
0.3458, 5368
0.3465, 5367
0.3470, 5366
0.3478, 5365
0.3484, 5364
0.3491, 5363
0.3501, 5362
0.3508, 5361
0.3515, 5360
0.3522, 5359
0.3529, 5358
0.3535, 5357
0.3546, 5356
0.3551, 5355
0.3558, 5354
0.3564, 5353
0.3571, 5352
0.3576, 5351
0.3584, 5350
0.3591, 5349
0.3596, 5348
0.3602, 5347
0.3608, 5346
0.3617, 5345
0.3625, 5344
0.3631, 5343
0.3638, 5342
0.3644, 5341
0.3650, 5340
0.3656, 5339
0.3661, 5338
0.3667, 5337
0.3673, 5336
0.3679, 5335
0.3685, 5334
0.3692, 5333
0.3701, 5332
0.3711, 5331
0.3716, 5330
0.3722, 5329
0.3727, 5328
0.3734, 5327
0.3740, 5326
0.3746, 5325
0.3751, 5324
0.3757, 5323
0.3768, 5322
0.3777, 5321
0.3787, 5320
0.3795, 5319
0.3801, 5318
0.3807, 5317
0.3813, 5316
0.3820, 5315
0.3827, 5314
0.3834, 5313
0.3840, 5312
0.3848, 5311
0.3855, 5310
0.3860, 5309
0.3867, 5308
0.3876, 5307
0.3883, 5306
0.3889, 5305
0.3894, 5304
0.3901, 5303
0.3907, 5302
0.3913, 5301
0.3918, 5300
0.3925, 5299
0.3930, 5298
0.3936, 5297
0.3942, 5296
0.3949, 5295
0.3956, 5294
0.3961, 5293
0.3967, 5292
0.3975, 5291
0.3982, 5290
0.3989, 5289
0.3997, 5288
0.4003, 5287
0.4008, 5286
0.4015, 5285
0.4020, 5284
0.4028, 5283
0.4033, 5282
0.4039, 5281
0.4044, 5280
0.4050, 5279
0.4055, 5278
0.4061, 5277
0.4067, 5276
0.4074, 5275
0.4081, 5274
0.4089, 5273
0.4095, 5272
0.4101, 5271
0.4106, 5270
0.4113, 5269
0.4119, 5268
0.4125, 5267
0.4130, 5266
0.4136, 5265
0.4144, 5264
0.4150, 5263
0.4156, 5262
0.4162, 5261
0.4168, 5260
0.4176, 5259
0.4181, 5258
0.4187, 5257
0.4194, 5256
0.4201, 5255
0.4208, 5254
0.4217, 5253
0.4225, 5252
0.4232, 5251
0.4242, 5250
0.4248, 5249
0.4253, 5248
0.4260, 5247
0.4267, 5246
0.4273, 5245
0.4279, 5244
0.4286, 5243
0.4291, 5242
0.4296, 5241
0.4303, 5240
0.4309, 5239
0.4314, 5238
0.4320, 5237
0.4328, 5236
0.4334, 5235
0.4340, 5234
0.4346, 5233
0.4351, 5232
0.4358, 5231
0.4364, 5230
0.4370, 5229
0.4375, 5228
0.4382, 5227
0.4390, 5226
0.4396, 5225
0.4401, 5224
0.4411, 5223
0.4419, 5222
0.4426, 5221
0.4434, 5220
0.4441, 5219
0.4446, 5218
0.4452, 5217
0.4458, 5216
0.4465, 5215
0.4472, 5214
0.4478, 5213
0.4485, 5212
0.4492, 5211
0.4500, 5210
0.4508, 5209
0.4514, 5208
0.4521, 5207
0.4529, 5206
0.4536, 5205
0.4543, 5204
0.4551, 5203
0.4557, 5202
0.4564, 5201
0.4570, 5200
0.4577, 5199
0.4584, 5198
0.4591, 5197
0.4598, 5196
0.4604, 5195
0.4612, 5194
0.4617, 5193
0.4623, 5192
0.4629, 5191
0.4634, 5190
0.4642, 5189
0.4647, 5188
0.4652, 5187
0.4658, 5186
0.4664, 5185
0.4670, 5184
0.4676, 5183
0.4684, 5182
0.4691, 5181
0.4699, 5180
0.4708, 5179
0.4713, 5178
0.4722, 5177
0.4729, 5176
0.4735, 5175
0.4744, 5174
0.4751, 5173
0.4759, 5172
0.4764, 5171
0.4770, 5170
0.4775, 5169
0.4783, 5168
0.4789, 5167
0.4794, 5166
0.4801, 5165
0.4809, 5164
0.4815, 5163
0.4822, 5162
0.4829, 5161
0.4838, 5160
0.4846, 5159
0.4853, 5158
0.4860, 5157
0.4866, 5156
0.4871, 5155
0.4878, 5154
0.4885, 5153
0.4893, 5152
0.4900, 5151
0.4906, 5150
0.4913, 5149
0.4919, 5148
0.4926, 5147
0.4930, 5146
0.4935, 5145
0.4941, 5144
0.4948, 5143
0.4953, 5142
0.4958, 5141
0.4964, 5140
0.4970, 5139
0.4976, 5138
0.4983, 5137
0.4990, 5136
0.4996, 5135
0.5004, 5134
0.5009, 5133
0.5015, 5132
0.5021, 5131
0.5028, 5130
0.5034, 5129
0.5041, 5128
0.5047, 5127
0.5055, 5126
0.5062, 5125
0.5068, 5124
0.5073, 5123
0.5079, 5122
0.5084, 5121
0.5092, 5120
0.5097, 5119
0.5102, 5118
0.5108, 5117
0.5113, 5116
0.5118, 5115
0.5124, 5114
0.5133, 5113
0.5139, 5112
0.5147, 5111
0.5155, 5110
0.5160, 5109
0.5165, 5108
0.5171, 5107
0.5176, 5106
0.5183, 5105
0.5188, 5104
0.5195, 5103
0.5203, 5102
0.5209, 5101
0.5218, 5100
0.5224, 5099
0.5231, 5098
0.5239, 5097
0.5245, 5096
0.5252, 5095
0.5257, 5094
0.5263, 5093
0.5270, 5092
0.5276, 5091
0.5283, 5090
0.5288, 5089
0.5295, 5088
0.5302, 5087
0.5311, 5086
0.5317, 5085
0.5323, 5084
0.5329, 5083
0.5336, 5082
0.5343, 5081
0.5348, 5080
0.5355, 5079
0.5360, 5078
0.5366, 5077
0.5372, 5076
0.5378, 5075
0.5385, 5074
0.5392, 5073
0.5399, 5072
0.5405, 5071
0.5410, 5070
0.5415, 5069
0.5423, 5068
0.5432, 5067
0.5438, 5066
0.5445, 5065
0.5452, 5064
0.5463, 5063
0.5469, 5062
0.5476, 5061
0.5481, 5060
0.5489, 5059
0.5495, 5058
0.5500, 5057
0.5506, 5056
0.5511, 5055
0.5518, 5054
0.5524, 5053
0.5531, 5052
0.5537, 5051
0.5542, 5050
0.5548, 5049
0.5554, 5048
0.5562, 5047
0.5568, 5046
0.5578, 5045
0.5584, 5044
0.5590, 5043
0.5596, 5042
0.5601, 5041
0.5611, 5040
0.5616, 5039
0.5622, 5038
0.5630, 5037
0.5636, 5036
0.5641, 5035
0.5648, 5034
0.5656, 5033
0.5662, 5032
0.5668, 5031
0.5677, 5030
0.5683, 5029
0.5692, 5028
0.5697, 5027
0.5704, 5026
0.5710, 5025
0.5716, 5024
0.5722, 5023
0.5728, 5022
0.5734, 5021
0.5742, 5020
0.5752, 5019
0.5760, 5018
0.5765, 5017
0.5771, 5016
0.5776, 5015
0.5785, 5014
0.5792, 5013
0.5799, 5012
0.5806, 5011
0.5813, 5010
0.5820, 5009
0.5826, 5008
0.5831, 5007
0.5837, 5006
0.5846, 5005
0.5852, 5004
0.5860, 5003
0.5866, 5002
0.5871, 5001
0.5880, 5000
0.5886, 4999
0.5894, 4998
0.5901, 4997
0.5906, 4996
0.5912, 4995
0.5917, 4994
0.5924, 4993
0.5931, 4992
0.5936, 4991
0.5943, 4990
0.5951, 4989
0.5960, 4988
0.5967, 4987
0.5973, 4986
0.5980, 4985
0.5986, 4984
0.5993, 4983
0.5999, 4982
0.6006, 4981
0.6014, 4980
0.6023, 4979
0.6028, 4978
0.6034, 4977
0.6040, 4976
0.6050, 4975
0.6059, 4974
0.6064, 4973
0.6070, 4972
0.6077, 4971
0.6084, 4970
0.6089, 4969
0.6097, 4968
0.6104, 4967
0.6110, 4966
0.6117, 4965
0.6123, 4964
0.6128, 4963
0.6134, 4962
0.6141, 4961
0.6148, 4960
0.6153, 4959
0.6158, 4958
0.6163, 4957
0.6169, 4956
0.6177, 4955
0.6182, 4954
0.6188, 4953
0.6194, 4952
0.6201, 4951
0.6210, 4950
0.6218, 4949
0.6229, 4948
0.6235, 4947
0.6241, 4946
0.6249, 4945
0.6254, 4944
0.6260, 4943
0.6265, 4942
0.6271, 4941
0.6276, 4940
0.6281, 4939
0.6288, 4938
0.6293, 4937
0.6300, 4936
0.6306, 4935
0.6315, 4934
0.6323, 4933
0.6329, 4932
0.6334, 4931
0.6340, 4930
0.6347, 4929
0.6353, 4928
0.6358, 4927
0.6365, 4926
0.6372, 4925
0.6378, 4924
0.6384, 4923
0.6392, 4922
0.6398, 4921
0.6404, 4920
0.6410, 4919
0.6419, 4918
0.6428, 4917
0.6433, 4916
0.6441, 4915
0.6446, 4914
0.6452, 4913
0.6457, 4912
0.6462, 4911
0.6467, 4910
0.6472, 4909
0.6481, 4908
0.6486, 4907
0.6492, 4906
0.6498, 4905
0.6503, 4904
0.6508, 4903
0.6513, 4902
0.6520, 4901
0.6525, 4900
0.6535, 4899
0.6542, 4898
0.6547, 4897
0.6552, 4896
0.6557, 4895
0.6564, 4894
0.6570, 4893
0.6575, 4892
0.6583, 4891
0.6591, 4890
0.6598, 4889
0.6603, 4888
0.6609, 4887
0.6615, 4886
0.6621, 4885
0.6626, 4884
0.6633, 4883
0.6639, 4882
0.6645, 4881
0.6651, 4880
0.6657, 4879
0.6665, 4878
0.6670, 4877
0.6676, 4876
0.6683, 4875
0.6689, 4874
0.6694, 4873
0.6700, 4872
0.6708, 4871
0.6715, 4870
0.6722, 4869
0.6730, 4868
0.6736, 4867
0.6741, 4866
0.6746, 4865
0.6755, 4864
0.6763, 4863
0.6769, 4862
0.6774, 4861
0.6781, 4860
0.6788, 4859
0.6796, 4858
0.6801, 4857
0.6809, 4856
0.6817, 4855
0.6823, 4854
0.6833, 4853
0.6839, 4852
0.6844, 4851
0.6850, 4850
0.6858, 4849
0.6865, 4848
0.6872, 4847
0.6877, 4846
0.6882, 4845
0.6889, 4844
0.6894, 4843
0.6899, 4842
0.6904, 4841
0.6911, 4840
0.6918, 4839
0.6927, 4838
0.6935, 4837
0.6941, 4836
0.6946, 4835
0.6951, 4834
0.6957, 4833
0.6963, 4832
0.6969, 4831
0.6978, 4830
0.6983, 4829
0.6989, 4828
0.6996, 4827
0.7006, 4826
0.7014, 4825
0.7019, 4824
0.7026, 4823
0.7031, 4822
0.7037, 4821
0.7043, 4820
0.7048, 4819
0.7054, 4818
0.7059, 4817
0.7065, 4816
0.7070, 4815
0.7075, 4814
0.7084, 4813
0.7092, 4812
0.7099, 4811
0.7104, 4810
0.7113, 4809
0.7117, 4808
0.7122, 4807
0.7127, 4806
0.7132, 4805
0.7141, 4804
0.7149, 4803
0.7154, 4802
0.7159, 4801
0.7166, 4800
0.7172, 4799
0.7178, 4798
0.7183, 4797
0.7188, 4796
0.7194, 4795
0.7201, 4794
0.7208, 4793
0.7213, 4792
0.7220, 4791
0.7225, 4790
0.7233, 4789
0.7238, 4788
0.7245, 4787
0.7250, 4786
0.7255, 4785
0.7261, 4784
0.7266, 4783
0.7273, 4782
0.7279, 4781
0.7287, 4780
0.7295, 4779
0.7300, 4778
0.7308, 4777
0.7313, 4776
0.7319, 4775
0.7324, 4774
0.7333, 4773
0.7339, 4772
0.7346, 4771
0.7351, 4770
0.7356, 4769
0.7365, 4768
0.7371, 4767
0.7376, 4766
0.7381, 4765
0.7390, 4764
0.7398, 4763
0.7404, 4762
0.7410, 4761
0.7415, 4760
0.7421, 4759
0.7432, 4758
0.7438, 4757
0.7443, 4756
0.7451, 4755
0.7456, 4754
0.7461, 4753
0.7466, 4752
0.7471, 4751
0.7479, 4750
0.7484, 4749
0.7490, 4748
0.7495, 4747
0.7504, 4746
0.7509, 4745
0.7517, 4744
0.7524, 4743
0.7533, 4742
0.7541, 4741
0.7546, 4740
0.7551, 4739
0.7557, 4738
0.7562, 4737
0.7568, 4736
0.7577, 4735
0.7581, 4734
0.7587, 4733
0.7593, 4732
0.7598, 4731
0.7606, 4730
0.7611, 4729
0.7616, 4728
0.7621, 4727
0.7630, 4726
0.7637, 4725
0.7645, 4724
0.7654, 4723
0.7659, 4722
0.7666, 4721
0.7674, 4720
0.7679, 4719
0.7684, 4718
0.7689, 4717
0.7697, 4716
0.7705, 4715
0.7712, 4714
0.7720, 4713
0.7725, 4712
0.7732, 4711
0.7740, 4710
0.7749, 4709
0.7756, 4708
0.7764, 4707
0.7770, 4706
0.7778, 4705
0.7784, 4704
0.7791, 4703
0.7800, 4702
0.7809, 4701
0.7817, 4700
0.7826, 4699
0.7834, 4698
0.7842, 4697
0.7848, 4696
0.7857, 4695
0.7864, 4694
0.7873, 4693
0.7881, 4692
0.7890, 4691
0.7899, 4690
0.9761, 4689
1.2180, 4688
1.2185, 4687
1.3192, 4686
1.6201, 4685
1.6604, 4684
1.7620, 4683
1.8504, 4682
1.9864, 4681
2.2161, 4680
2.2759, 4679
2.4346, 4678
2.4951, 4677
2.6346, 4676
2.9134, 4675
2.9337, 4674
3.0494, 4673
3.2777, 4672
3.2784, 4671
3.3405, 4670
3.4616, 4669
3.4624, 4668
3.5653, 4667
3.7059, 4666
3.7067, 4665
3.7072, 4664
3.7663, 4663
4.2430, 4662
4.3029, 4661
4.7620, 4660
4.8026, 4659
4.9231, 4658
4.9927, 4657
5.1595, 4656
5.4046, 4655
5.8458, 4654
5.9666, 4653
5.9671, 4652
6.4899, 4651
6.6301, 4650
6.7302, 4649
7.4178, 4648
7.6418, 4647
7.6423, 4646
7.9547, 4645
8.0365, 4644
8.0920, 4643
8.0927, 4642
8.1875, 4641
8.6893, 4640
8.8474, 4639
8.8895, 4638
9.2165, 4637
9.2573, 4636
9.5177, 4635
9.7038, 4634
9.7488, 4633
