0.1441, 4688
0.1745, 4685
0.2055, 4682
0.2161, 4681
0.2375, 4679
0.3293, 4674
0.3595, 4673
0.3795, 4672
0.3897, 4671
0.4301, 4668
0.5355, 4667
0.5873, 4666
0.6081, 4665
0.6287, 4662
0.6593, 4659
0.6797, 4658
0.8247, 4657
0.8754, 4656
0.8860, 4655
0.9062, 4654
0.9273, 4651
0.9380, 4650
0.9691, 4649
1.0214, 4648
1.0745, 4647
1.2279, 4645
1.2381, 4644
1.3085, 4643
1.3399, 4641
1.5979, 4640
1.6494, 4639
1.7211, 4638
1.7519, 4636
1.7825, 4635
1.8428, 4633
1.9138, 4632
2.0952, 4631
2.1455, 4630
2.1861, 4629
2.2173, 4628
2.3385, 4627
2.4922, 4626
2.5937, 4625
2.7202, 4623
2.8302, 4622
2.9606, 4621
3.0214, 4620
3.1793, 4619
3.2555, 4618
3.2868, 4617
3.3586, 4616
3.3965, 4607
3.6148, 4606
4.2999, 4605
4.3508, 4604
4.4529, 4602
4.5761, 4601
4.7287, 4600
4.9239, 4599
5.0041, 4598
5.2065, 4596
5.2775, 4595
5.2983, 4594
5.6922, 4593
5.8033, 4592
5.9602, 4590
6.0256, 4589
6.0966, 4588
6.1987, 4587
6.4012, 4586
7.3345, 4585
7.3649, 4584
7.4561, 4583
7.5897, 4582
7.7005, 4581
7.7814, 4580
7.9737, 4579
8.0150, 4578
8.1488, 4577
9.8887, 4576
10.0422, 4575
10.0828, 4574
