0.1088, 4688
0.1381, 4687
0.1587, 4686
0.3323, 4685
0.3934, 4684
0.4648, 4683
0.5570, 4680
0.5776, 4677
0.6084, 4676
0.6799, 4675
0.6901, 4674
0.7105, 4673
0.7213, 4671
0.7626, 4669
0.7738, 4666
0.8455, 4665
0.8977, 4661
0.9289, 4659
0.9708, 4655
1.0320, 4654
1.0936, 4653
1.1755, 4652
1.1964, 4646
1.3410, 4645
1.3617, 4644
1.3727, 4643
1.4857, 4642
1.5063, 4640
1.5686, 4639
1.6500, 4638
1.7724, 4636
1.7832, 4632
1.7943, 4631
1.8678, 4630
1.8885, 4629
1.9092, 4628
2.1143, 4626
2.1659, 4625
2.2321, 4623
2.2782, 4622
2.2990, 4621
2.3107, 4619
2.5969, 4618
2.7606, 4617
2.9048, 4616
2.9363, 4615
3.0076, 4614
3.0187, 4613
3.0600, 4612
3.2575, 4611
3.7244, 4610
3.7554, 4609
3.7866, 4608
3.7971, 4607
3.8594, 4606
3.9769, 4605
4.0900, 4604
4.1008, 4603
4.2133, 4602
4.2958, 4601
4.5520, 4600
4.6034, 4599
5.1781, 4598
5.2819, 4596
5.4695, 4595
5.5311, 4594
5.6026, 4593
5.7366, 4592
5.7679, 4591
5.7886, 4590
6.2293, 4589
6.2815, 4588
6.5611, 4586
7.0354, 4585
7.1279, 4584
7.3345, 4583
7.5539, 4582
8.6350, 4581
8.6980, 4579
9.0034, 4577
9.0191, 4576
9.6990, 4575
10.6511, 4574
