0.1096, 4688
0.1394, 4685
0.1703, 4684
0.2202, 4683
0.2804, 4682
0.3427, 4681
0.4352, 4678
0.4899, 4674
0.5150, 4673
0.6651, 4672
0.6870, 4671
0.6987, 4670
0.7097, 4669
0.7529, 4668
0.8666, 4664
0.8996, 4663
0.9538, 4661
1.0076, 4660
1.0508, 4659
1.0837, 4658
1.2103, 4656
1.2208, 4655
1.2315, 4654
1.2423, 4652
1.3243, 4651
1.3756, 4648
1.3962, 4647
1.4067, 4646
1.4376, 4643
1.4679, 4642
1.4993, 4641
1.5706, 4640
1.5811, 4639
1.6526, 4635
1.6933, 4634
1.8567, 4633
1.8897, 4630
1.9007, 4628
1.9662, 4627
2.0432, 4626
2.2472, 4625
2.2907, 4624
2.3218, 4623
2.4170, 4621
2.5875, 4620
2.6200, 4619
2.6978, 4618
2.8705, 4617
2.8912, 4616
2.9228, 4615
2.9947, 4614
3.1268, 4613
3.3599, 4612
3.3753, 4611
3.7106, 4608
3.8847, 4606
4.0319, 4605
4.1853, 4604
4.2674, 4603
4.4310, 4602
4.5027, 4601
4.6047, 4594
4.6258, 4593
4.8469, 4592
4.8901, 4591
5.0393, 4589
5.3300, 4588
5.3720, 4587
5.6473, 4586
6.0561, 4585
6.4246, 4584
6.8319, 4582
6.9548, 4581
7.1599, 4580
7.3097, 4579
7.5767, 4578
7.6184, 4577
8.7647, 4576
9.3131, 4575
9.4137, 4574
10.0602, 4573
