0.0000, 5900
0.0006, 5899
0.0013, 5898
0.0018, 5897
0.0029, 5896
0.0037, 5895
0.0044, 5894
0.0050, 5893
0.0060, 5892
0.0065, 5891
0.0073, 5890
0.0079, 5889
0.0084, 5888
0.0089, 5887
0.0098, 5886
0.0108, 5885
0.0114, 5884
0.0127, 5883
0.0133, 5882
0.0144, 5881
0.0149, 5880
0.0159, 5879
0.0168, 5878
0.0178, 5877
0.0183, 5876
0.0188, 5875
0.0194, 5874
0.0200, 5873
0.0212, 5872
0.0218, 5871
0.0223, 5870
0.0228, 5869
0.0235, 5868
0.0240, 5867
0.0245, 5866
0.0250, 5865
0.0259, 5864
0.0267, 5863
0.0273, 5862
0.0278, 5861
0.0285, 5860
0.0291, 5859
0.0296, 5858
0.0301, 5857
0.0306, 5856
0.0313, 5855
0.0318, 5854
0.0323, 5853
0.0328, 5852
0.0338, 5851
0.0347, 5850
0.0353, 5849
0.0358, 5848
0.0365, 5847
0.0371, 5846
0.0376, 5845
0.0385, 5844
0.0390, 5843
0.0395, 5842
0.0400, 5841
0.0408, 5840
0.0415, 5839
0.0420, 5838
0.0425, 5837
0.0432, 5836
0.0438, 5835
0.0444, 5834
0.0449, 5833
0.0456, 5832
0.0462, 5831
0.0467, 5830
0.0475, 5829
0.0481, 5828
0.0486, 5827
0.0492, 5826
0.0501, 5825
0.0506, 5824
0.0512, 5823
0.0520, 5822
0.0526, 5821
0.0531, 5820
0.0536, 5819
0.0542, 5818
0.0547, 5817
0.0556, 5816
0.0561, 5815
0.0571, 5814
0.0580, 5813
0.0587, 5812
0.0592, 5811
0.0602, 5810
0.0608, 5809
0.0614, 5808
0.0620, 5807
0.0626, 5806
0.0634, 5805
0.0639, 5804
0.0644, 5803
0.0649, 5802
0.0655, 5801
0.0660, 5800
0.0670, 5799
0.0675, 5798
0.0681, 5797
0.0687, 5796
0.0693, 5795
0.0699, 5794
0.0706, 5793
0.0711, 5792
0.0716, 5791
0.0723, 5790
0.0728, 5789
0.0733, 5788
0.0739, 5787
0.0744, 5786
0.0757, 5785
0.0767, 5784
0.0776, 5783
0.0781, 5782
0.0786, 5781
0.0792, 5780
0.0799, 5779
0.0807, 5778
0.0813, 5777
0.0822, 5776
0.0828, 5775
0.0834, 5774
0.0841, 5773
0.0852, 5772
0.0858, 5771
0.0869, 5770
0.0875, 5769
0.0881, 5768
0.0888, 5767
0.0893, 5766
0.0900, 5765
0.0908, 5764
0.0913, 5763
0.0918, 5762
0.0924, 5761
0.0929, 5760
0.0938, 5759
0.0944, 5758
0.0949, 5757
0.0954, 5756
0.0959, 5755
0.0965, 5754
0.0973, 5753
0.0980, 5752
0.0985, 5751
0.0991, 5750
0.0996, 5749
0.1005, 5748
0.1010, 5747
0.1016, 5746
0.1025, 5745
0.1035, 5744
0.1041, 5743
0.1046, 5742
0.1051, 5741
0.1061, 5740
0.1067, 5739
0.1073, 5738
0.1078, 5737
0.1084, 5736
0.1089, 5735
0.1094, 5734
0.1100, 5733
0.1106, 5732
0.1111, 5731
0.1117, 5730
0.1122, 5729
0.1127, 5728
0.1133, 5727
0.1138, 5726
0.1144, 5725
0.1151, 5724
0.1157, 5723
0.1167, 5722
0.1174, 5721
0.1179, 5720
0.1186, 5719
0.1194, 5718
0.1204, 5717
0.1212, 5716
0.1221, 5715
0.1231, 5714
0.1237, 5713
0.1243, 5712
0.1249, 5711
0.1255, 5710
0.1260, 5709
0.1269, 5708
0.1276, 5707
0.1282, 5706
0.1288, 5705
0.1294, 5704
0.1299, 5703
0.1305, 5702
0.1310, 5701
0.1317, 5700
0.1327, 5699
0.1332, 5698
0.1337, 5697
0.1343, 5696
0.1354, 5695
0.1361, 5694
0.1367, 5693
0.1373, 5692
0.1378, 5691
0.1384, 5690
0.1389, 5689
0.1396, 5688
0.1401, 5687
0.1407, 5686
0.1416, 5685
0.1422, 5684
0.1427, 5683
0.1433, 5682
0.1439, 5681
0.1445, 5680
0.1451, 5679
0.1457, 5678
0.1463, 5677
0.1468, 5676
0.1474, 5675
0.1480, 5674
0.1485, 5673
0.1490, 5672
0.1496, 5671
0.1502, 5670
0.1508, 5669
0.1514, 5668
0.1520, 5667
0.1526, 5666
0.1532, 5665
0.1537, 5664
0.1543, 5663
0.1549, 5662
0.1558, 5661
0.1564, 5660
0.1573, 5659
0.1579, 5658
0.1590, 5657
0.1601, 5656
0.1609, 5655
0.1616, 5654
0.1624, 5653
0.1630, 5652
0.1637, 5651
0.1642, 5650
0.1648, 5649
0.1654, 5648
0.1662, 5647
0.1668, 5646
0.1673, 5645
0.1681, 5644
0.1686, 5643
0.1692, 5642
0.1698, 5641
0.1705, 5640
0.1713, 5639
0.1721, 5638
0.1727, 5637
0.1733, 5636
0.1739, 5635
0.1750, 5634
0.1756, 5633
0.1766, 5632
0.1774, 5631
0.1780, 5630
0.1790, 5629
0.1798, 5628
0.1804, 5627
0.1815, 5626
0.1823, 5625
0.1830, 5624
0.1838, 5623
0.1844, 5622
0.1850, 5621
0.1857, 5620
0.1863, 5619
0.1873, 5618
0.1879, 5617
0.1885, 5616
0.1891, 5615
0.1897, 5614
0.1907, 5613
0.1912, 5612
0.1918, 5611
0.1924, 5610
0.1932, 5609
0.1938, 5608
0.1944, 5607
0.1950, 5606
0.1955, 5605
0.1962, 5604
0.1967, 5603
0.1972, 5602
0.1978, 5601
0.1984, 5600
0.1989, 5599
0.1994, 5598
0.1999, 5597
0.2005, 5596
0.2011, 5595
0.2019, 5594
0.2025, 5593
0.2034, 5592
0.2040, 5591
0.2048, 5590
0.2056, 5589
0.2064, 5588
0.2070, 5587
0.2077, 5586
0.2082, 5585
0.2090, 5584
0.2099, 5583
0.2106, 5582
0.2112, 5581
0.2118, 5580
0.2124, 5579
0.2131, 5578
0.2137, 5577
0.2148, 5576
0.2154, 5575
0.2160, 5574
0.2167, 5573
0.2173, 5572
0.2178, 5571
0.2186, 5570
0.2194, 5569
0.2200, 5568
0.2209, 5567
0.2214, 5566
0.2220, 5565
0.2226, 5564
0.2233, 5563
0.2244, 5562
0.2250, 5561
0.2256, 5560
0.2262, 5559
0.2267, 5558
0.2273, 5557
0.2282, 5556
0.2288, 5555
0.2294, 5554
0.2300, 5553
0.2308, 5552
0.2314, 5551
0.2320, 5550
0.2327, 5549
0.2333, 5548
0.2339, 5547
0.2345, 5546
0.2351, 5545
0.2356, 5544
0.2362, 5543
0.2367, 5542
0.2374, 5541
0.2380, 5540
0.2386, 5539
0.2391, 5538
0.2396, 5537
0.2402, 5536
0.2407, 5535
0.2415, 5534
0.2423, 5533
0.2429, 5532
0.2435, 5531
0.2440, 5530
0.2447, 5529
0.2452, 5528
0.2458, 5527
0.2463, 5526
0.2471, 5525
0.2478, 5524
0.2485, 5523
0.2494, 5522
0.2504, 5521
0.2513, 5520
0.2520, 5519
0.2527, 5518
0.2532, 5517
0.2539, 5516
0.2544, 5515
0.2552, 5514
0.2558, 5513
0.2564, 5512
0.2569, 5511
0.2575, 5510
0.2580, 5509
0.2586, 5508
0.2592, 5507
0.2599, 5506
0.2604, 5505
0.2610, 5504
0.2615, 5503
0.2625, 5502
0.2630, 5501
0.2636, 5500
0.2642, 5499
0.2651, 5498
0.2658, 5497
0.2664, 5496
0.2670, 5495
0.2676, 5494
0.2683, 5493
0.2689, 5492
0.2694, 5491
0.2704, 5490
0.2712, 5489
0.2719, 5488
0.2724, 5487
0.2730, 5486
0.2735, 5485
0.2745, 5484
0.2751, 5483
0.2756, 5482
0.2766, 5481
0.2772, 5480
0.2778, 5479
0.2783, 5478
0.2789, 5477
0.2795, 5476
0.2801, 5475
0.2807, 5474
0.2814, 5473
0.2821, 5472
0.2827, 5471
0.2834, 5470
0.2839, 5469
0.2845, 5468
0.2851, 5467
0.2856, 5466
0.2866, 5465
0.2872, 5464
0.2877, 5463
0.2883, 5462
0.2889, 5461
0.2894, 5460
0.2900, 5459
0.2906, 5458
0.2912, 5457
0.2918, 5456
0.2926, 5455
0.2933, 5454
0.2938, 5453
0.2945, 5452
0.2950, 5451
0.2958, 5450
0.2964, 5449
0.2971, 5448
0.2977, 5447
0.2983, 5446
0.2988, 5445
0.2994, 5444
0.3005, 5443
0.3011, 5442
0.3017, 5441
0.3022, 5440
0.3028, 5439
0.3035, 5438
0.3044, 5437
0.3051, 5436
0.3057, 5435
0.3063, 5434
0.3069, 5433
0.3075, 5432
0.3085, 5431
0.3090, 5430
0.3096, 5429
0.3102, 5428
0.3107, 5427
0.3114, 5426
0.3123, 5425
0.3129, 5424
0.3135, 5423
0.3142, 5422
0.3149, 5421
0.3156, 5420
0.3165, 5419
0.3170, 5418
0.3176, 5417
0.3186, 5416
0.3191, 5415
0.3198, 5414
0.3204, 5413
0.3210, 5412
0.3216, 5411
0.3222, 5410
0.3227, 5409
0.3233, 5408
0.3239, 5407
0.3246, 5406
0.3254, 5405
0.3263, 5404
0.3270, 5403
0.3278, 5402
0.3284, 5401
0.3289, 5400
0.3297, 5399
0.3306, 5398
0.3313, 5397
0.3319, 5396
0.3325, 5395
0.3334, 5394
0.3342, 5393
0.3348, 5392
0.3356, 5391
0.3361, 5390
0.3366, 5389
0.3373, 5388
0.3379, 5387
0.3384, 5386
0.3393, 5385
0.3398, 5384
0.3405, 5383
0.3411, 5382
0.3419, 5381
0.3425, 5380
0.3430, 5379
0.3436, 5378
0.3443, 5377
0.3450, 5376
0.3456, 5375
0.3462, 5374
0.3469, 5373
0.3475, 5372
0.3480, 5371
0.3487, 5370
0.3494, 5369
0.3502, 5368
0.3509, 5367
0.3515, 5366
0.3523, 5365
0.3529, 5364
0.3536, 5363
0.3546, 5362
0.3552, 5361
0.3559, 5360
0.3566, 5359
0.3573, 5358
0.3579, 5357
0.3590, 5356
0.3595, 5355
0.3602, 5354
0.3608, 5353
0.3615, 5352
0.3621, 5351
0.3630, 5350
0.3636, 5349
0.3642, 5348
0.3648, 5347
0.3655, 5346
0.3663, 5345
0.3672, 5344
0.3678, 5343
0.3685, 5342
0.3691, 5341
0.3697, 5340
0.3703, 5339
0.3708, 5338
0.3714, 5337
0.3720, 5336
0.3726, 5335
0.3732, 5334
0.3739, 5333
0.3748, 5332
0.3758, 5331
0.3763, 5330
0.3769, 5329
0.3774, 5328
0.3780, 5327
0.3786, 5326
0.3792, 5325
0.3798, 5324
0.3804, 5323
0.3814, 5322
0.3823, 5321
0.3832, 5320
0.3840, 5319
0.3847, 5318
0.3852, 5317
0.3858, 5316
0.3866, 5315
0.3873, 5314
0.3879, 5313
0.3885, 5312
0.3894, 5311
0.3901, 5310
0.3906, 5309
0.3913, 5308
0.3922, 5307
0.3929, 5306
0.3935, 5305
0.3941, 5304
0.3948, 5303
0.3954, 5302
0.3960, 5301
0.3966, 5300
0.3973, 5299
0.3978, 5298
0.3984, 5297
0.3990, 5296
0.3997, 5295
0.4004, 5294
0.4009, 5293
0.4015, 5292
0.4024, 5291
0.4030, 5290
0.4037, 5289
0.4045, 5288
0.4051, 5287
0.4057, 5286
0.4063, 5285
0.4069, 5284
0.4076, 5283
0.4082, 5282
0.4088, 5281
0.4093, 5280
0.4099, 5279
0.4105, 5278
0.4111, 5277
0.4117, 5276
0.4125, 5275
0.4131, 5274
0.4140, 5273
0.4146, 5272
0.4151, 5271
0.4157, 5270
0.4164, 5269
0.4170, 5268
0.4176, 5267
0.4181, 5266
0.4187, 5265
0.4194, 5264
0.4201, 5263
0.4207, 5262
0.4213, 5261
0.4219, 5260
0.4227, 5259
0.4232, 5258
0.4238, 5257
0.4245, 5256
0.4252, 5255
0.4259, 5254
0.4268, 5253
0.4276, 5252
0.4283, 5251
0.4293, 5250
0.4299, 5249
0.4304, 5248
0.4311, 5247
0.4318, 5246
0.4324, 5245
0.4330, 5244
0.4337, 5243
0.4342, 5242
0.4347, 5241
0.4354, 5240
0.4360, 5239
0.4365, 5238
0.4371, 5237
0.4379, 5236
0.4385, 5235
0.4391, 5234
0.4398, 5233
0.4403, 5232
0.4411, 5231
0.4417, 5230
0.4422, 5229
0.4428, 5228
0.4435, 5227
0.4443, 5226
0.4449, 5225
0.4455, 5224
0.4464, 5223
0.4473, 5222
0.4479, 5221
0.4487, 5220
0.4495, 5219
0.4500, 5218
0.4506, 5217
0.4512, 5216
0.4519, 5215
0.4526, 5214
0.4532, 5213
0.4540, 5212
0.4547, 5211
0.4554, 5210
0.4563, 5209
0.4569, 5208
0.4575, 5207
0.4583, 5206
0.4591, 5205
0.4597, 5204
0.4605, 5203
0.4611, 5202
0.4618, 5201
0.4624, 5200
0.4632, 5199
0.4638, 5198
0.4645, 5197
0.4652, 5196
0.4658, 5195
0.4666, 5194
0.4672, 5193
0.4678, 5192
0.4684, 5191
0.4690, 5190
0.4698, 5189
0.4703, 5188
0.4708, 5187
0.4714, 5186
0.4720, 5185
0.4726, 5184
0.4732, 5183
0.4740, 5182
0.4746, 5181
0.4754, 5180
0.4763, 5179
0.4769, 5178
0.4777, 5177
0.4784, 5176
0.4790, 5175
0.4799, 5174
0.4806, 5173
0.4813, 5172
0.4819, 5171
0.4825, 5170
0.4830, 5169
0.4838, 5168
0.4844, 5167
0.4849, 5166
0.4856, 5165
0.4864, 5164
0.4870, 5163
0.4877, 5162
0.4884, 5161
0.4894, 5160
0.4901, 5159
0.4909, 5158
0.4916, 5157
0.4923, 5156
0.4928, 5155
0.4935, 5154
0.4942, 5153
0.4951, 5152
0.4958, 5151
0.4964, 5150
0.4971, 5149
0.4978, 5148
0.4985, 5147
0.4991, 5146
0.4996, 5145
0.5001, 5144
0.5009, 5143
0.5015, 5142
0.5021, 5141
0.5027, 5140
0.5033, 5139
0.5039, 5138
0.5046, 5137
0.5054, 5136
0.5061, 5135
0.5068, 5134
0.5075, 5133
0.5081, 5132
0.5087, 5131
0.5095, 5130
0.5102, 5129
0.5109, 5128
0.5116, 5127
0.5124, 5126
0.5136, 5125
0.5142, 5124
0.5148, 5123
0.5154, 5122
0.5160, 5121
0.5168, 5120
0.5173, 5119
0.5179, 5118
0.5184, 5117
0.5190, 5116
0.5195, 5115
0.5202, 5114
0.5211, 5113
0.5219, 5112
0.5227, 5111
0.5237, 5110
0.5242, 5109
0.5248, 5108
0.5253, 5107
0.5259, 5106
0.5265, 5105
0.5271, 5104
0.5278, 5103
0.5285, 5102
0.5291, 5101
0.5300, 5100
0.5307, 5099
0.5314, 5098
0.5322, 5097
0.5327, 5096
0.5334, 5095
0.5340, 5094
0.5346, 5093
0.5353, 5092
0.5360, 5091
0.5368, 5090
0.5373, 5089
0.5380, 5088
0.5388, 5087
0.5398, 5086
0.5404, 5085
0.5410, 5084
0.5417, 5083
0.5424, 5082
0.5431, 5081
0.5437, 5080
0.5444, 5079
0.5450, 5078
0.5456, 5077
0.5463, 5076
0.5469, 5075
0.5477, 5074
0.5484, 5073
0.5491, 5072
0.5497, 5071
0.5502, 5070
0.5507, 5069
0.5515, 5068
0.5526, 5067
0.5532, 5066
0.5540, 5065
0.5548, 5064
0.5558, 5063
0.5564, 5062
0.5572, 5061
0.5577, 5060
0.5585, 5059
0.5591, 5058
0.5596, 5057
0.5602, 5056
0.5608, 5055
0.5614, 5054
0.5621, 5053
0.5627, 5052
0.5633, 5051
0.5638, 5050
0.5644, 5049
0.5650, 5048
0.5658, 5047
0.5665, 5046
0.5675, 5045
0.5681, 5044
0.5687, 5043
0.5694, 5042
0.5699, 5041
0.5709, 5040
0.5715, 5039
0.5722, 5038
0.5730, 5037
0.5736, 5036
0.5740, 5035
0.5748, 5034
0.5755, 5033
0.5761, 5032
0.5768, 5031
0.5777, 5030
0.5783, 5029
0.5791, 5028
0.5797, 5027
0.5804, 5026
0.5809, 5025
0.5816, 5024
0.5822, 5023
0.5827, 5022
0.5834, 5021
0.5841, 5020
0.5851, 5019
0.5860, 5018
0.5866, 5017
0.5872, 5016
0.5878, 5015
0.5888, 5014
0.5895, 5013
0.5902, 5012
0.5910, 5011
0.5917, 5010
0.5924, 5009
0.5930, 5008
0.5936, 5007
0.5942, 5006
0.5951, 5005
0.5957, 5004
0.5965, 5003
0.5971, 5002
0.5977, 5001
0.5986, 5000
0.5992, 4999
0.6001, 4998
0.6008, 4997
0.6013, 4996
0.6020, 4995
0.6026, 4994
0.6033, 4993
0.6041, 4992
0.6046, 4991
0.6054, 4990
0.6062, 4989
0.6071, 4988
0.6079, 4987
0.6085, 4986
0.6091, 4985
0.6098, 4984
0.6105, 4983
0.6111, 4982
0.6118, 4981
0.6126, 4980
0.6135, 4979
0.6141, 4978
0.6147, 4977
0.6154, 4976
0.6163, 4975
0.6173, 4974
0.6178, 4973
0.6184, 4972
0.6192, 4971
0.6200, 4970
0.6205, 4969
0.6213, 4968
0.6220, 4967
0.6227, 4966
0.6234, 4965
0.6240, 4964
0.6245, 4963
0.6251, 4962
0.6258, 4961
0.6266, 4960
0.6271, 4959
0.6276, 4958
0.6281, 4957
0.6287, 4956
0.6294, 4955
0.6299, 4954
0.6305, 4953
0.6312, 4952
0.6319, 4951
0.6328, 4950
0.6336, 4949
0.6347, 4948
0.6353, 4947
0.6360, 4946
0.6369, 4945
0.6374, 4944
0.6381, 4943
0.6387, 4942
0.6393, 4941
0.6399, 4940
0.6404, 4939
0.6412, 4938
0.6417, 4937
0.6423, 4936
0.6430, 4935
0.6439, 4934
0.6447, 4933
0.6453, 4932
0.6458, 4931
0.6465, 4930
0.6471, 4929
0.6478, 4928
0.6483, 4927
0.6490, 4926
0.6497, 4925
0.6503, 4924
0.6509, 4923
0.6517, 4922
0.6524, 4921
0.6530, 4920
0.6536, 4919
0.6546, 4918
0.6556, 4917
0.6562, 4916
0.6571, 4915
0.6576, 4914
0.6582, 4913
0.6587, 4912
0.6592, 4911
0.6598, 4910
0.6603, 4909
0.6612, 4908
0.6617, 4907
0.6622, 4906
0.6629, 4905
0.6634, 4904
0.6639, 4903
0.6645, 4902
0.6653, 4901
0.6658, 4900
0.6668, 4899
0.6675, 4898
0.6680, 4897
0.6686, 4896
0.6691, 4895
0.6698, 4894
0.6705, 4893
0.6710, 4892
0.6719, 4891
0.6728, 4890
0.6735, 4889
0.6741, 4888
0.6746, 4887
0.6752, 4886
0.6758, 4885
0.6764, 4884
0.6770, 4883
0.6776, 4882
0.6782, 4881
0.6788, 4880
0.6794, 4879
0.6803, 4878
0.6808, 4877
0.6813, 4876
0.6821, 4875
0.6826, 4874
0.6831, 4873
0.6837, 4872
0.6845, 4871
0.6853, 4870
0.6860, 4869
0.6869, 4868
0.6875, 4867
0.6880, 4866
0.6885, 4865
0.6895, 4864
0.6903, 4863
0.6909, 4862
0.6915, 4861
0.6922, 4860
0.6929, 4859
0.6937, 4858
0.6943, 4857
0.6950, 4856
0.6959, 4855
0.6965, 4854
0.6976, 4853
0.6981, 4852
0.6986, 4851
0.6992, 4850
0.7001, 4849
0.7008, 4848
0.7015, 4847
0.7021, 4846
0.7026, 4845
0.7033, 4844
0.7039, 4843
0.7044, 4842
0.7048, 4841
0.7056, 4840
0.7063, 4839
0.7073, 4838
0.7081, 4837
0.7089, 4836
0.7094, 4835
0.7099, 4834
0.7106, 4833
0.7112, 4832
0.7119, 4831
0.7128, 4830
0.7134, 4829
0.7140, 4828
0.7147, 4827
0.7157, 4826
0.7166, 4825
0.7171, 4824
0.7178, 4823
0.7183, 4822
0.7189, 4821
0.7196, 4820
0.7201, 4819
0.7208, 4818
0.7214, 4817
0.7219, 4816
0.7225, 4815
0.7231, 4814
0.7239, 4813
0.7248, 4812
0.7255, 4811
0.7260, 4810
0.7269, 4809
0.7274, 4808
0.7279, 4807
0.7284, 4806
0.7289, 4805
0.7298, 4804
0.7306, 4803
0.7311, 4802
0.7317, 4801
0.7324, 4800
0.7330, 4799
0.7336, 4798
0.7340, 4797
0.7346, 4796
0.7352, 4795
0.7359, 4794
0.7366, 4793
0.7372, 4792
0.7380, 4791
0.7385, 4790
0.7394, 4789
0.7400, 4788
0.7407, 4787
0.7412, 4786
0.7417, 4785
0.7423, 4784
0.7429, 4783
0.7436, 4782
0.7441, 4781
0.7451, 4780
0.7459, 4779
0.7464, 4778
0.7472, 4777
0.7478, 4776
0.7484, 4775
0.7489, 4774
0.7499, 4773
0.7505, 4772
0.7512, 4771
0.7517, 4770
0.7524, 4769
0.7533, 4768
0.7540, 4767
0.7544, 4766
0.7550, 4765
0.7561, 4764
0.7570, 4763
0.7577, 4762
0.7585, 4761
0.7591, 4760
0.7598, 4759
0.7609, 4758
0.7615, 4757
0.7620, 4756
0.7628, 4755
0.7634, 4754
0.7640, 4753
0.7646, 4752
0.7653, 4751
0.7663, 4750
0.7669, 4749
0.7675, 4748
0.7681, 4747
0.7692, 4746
0.7698, 4745
0.7708, 4744
0.7716, 4743
0.7724, 4742
0.7733, 4741
0.7739, 4740
0.7745, 4739
0.7751, 4738
0.7757, 4737
0.7765, 4736
0.7775, 4735
0.7782, 4734
0.7790, 4733
0.7797, 4732
0.7804, 4731
0.7817, 4730
0.7824, 4729
0.7829, 4728
0.7836, 4727
0.7847, 4726
0.7857, 4725
0.7867, 4724
0.7878, 4723
0.7883, 4722
0.7892, 4721
0.7902, 4720
0.7907, 4719
0.7914, 4718
0.7920, 4717
0.7928, 4716
0.7939, 4715
0.7947, 4714
0.7957, 4713
0.7963, 4712
0.7973, 4711
0.7984, 4710
0.7996, 4709
0.8005, 4708
0.8016, 4707
0.8024, 4706
0.8034, 4705
0.8042, 4704
0.8051, 4703
0.8063, 4702
0.8074, 4701
0.8084, 4700
0.8096, 4699
0.8105, 4698
0.8114, 4697
0.8122, 4696
0.8132, 4695
0.8143, 4694
0.8154, 4693
0.8164, 4692
0.8177, 4691
0.8189, 4690
1.0310, 4689
1.3451, 4688
1.3458, 4687
1.4430, 4686
1.7315, 4685
1.7922, 4684
1.8840, 4683
1.9919, 4682
2.1458, 4681
2.4170, 4680
2.4834, 4679
2.6156, 4678
2.7470, 4677
2.8718, 4676
3.1917, 4675
3.1927, 4674
3.2978, 4673
3.5277, 4672
3.5478, 4671
3.5484, 4670
3.6688, 4669
3.7095, 4668
3.9256, 4667
3.9263, 4666
3.9271, 4665
3.9668, 4664
4.0061, 4663
4.5061, 4662
4.5453, 4661
5.0045, 4660
5.0467, 4659
5.1935, 4658
5.2731, 4657
5.3740, 4656
5.6218, 4655
6.0926, 4654
6.1522, 4653
6.1527, 4652
6.7234, 4651
6.9036, 4650
6.9631, 4649
7.6297, 4648
7.7294, 4647
7.8481, 4646
8.1239, 4645
8.1246, 4644
8.2241, 4643
8.2247, 4642
8.3431, 4641
8.6965, 4640
8.8500, 4639
8.8510, 4638
9.0949, 4637
9.2133, 4636
9.4705, 4635
9.6487, 4634
9.6891, 4633
