0.1321, 4688
0.1626, 4686
0.2349, 4683
0.2765, 4682
0.3777, 4678
0.4381, 4677
0.4883, 4676
0.4986, 4675
0.5187, 4673
0.5290, 4670
0.6830, 4669
0.7536, 4668
0.8350, 4660
0.8759, 4657
0.8863, 4656
0.9472, 4655
0.9777, 4654
1.0578, 4653
1.0980, 4652
1.1394, 4651
1.1597, 4650
1.1902, 4648
1.2205, 4647
1.2606, 4646
1.2906, 4645
1.3415, 4644
1.4728, 4643
1.6269, 4642
1.6786, 4641
1.7300, 4640
1.7912, 4639
1.8020, 4637
1.8721, 4636
1.8923, 4635
1.9126, 4634
1.9845, 4633
2.1869, 4632
2.2085, 4631
2.2293, 4626
2.2696, 4625
2.3202, 4622
2.3307, 4620
2.4322, 4619
2.4636, 4617
2.5498, 4616
2.8574, 4615
2.9801, 4613
3.0013, 4612
3.0931, 4611
3.2349, 4610
3.2561, 4609
3.2842, 4607
3.3006, 4606
3.4127, 4605
3.4232, 4604
3.6459, 4603
3.6763, 4602
3.6867, 4601
3.7282, 4600
3.7486, 4597
3.7790, 4596
3.7899, 4595
3.9642, 4592
4.3398, 4590
4.4212, 4589
4.5950, 4588
4.6360, 4587
4.9598, 4586
5.1638, 4583
5.5992, 4581
5.7923, 4580
5.8634, 4578
6.4124, 4577
6.9403, 4575
7.1622, 4574
7.5443, 4573
7.8385, 4572
7.9107, 4571
9.3472, 4570
9.4688, 4569
9.5401, 4568
9.5503, 4567
