0.0000, 5900
0.0005, 5899
0.0012, 5898
0.0018, 5897
0.0028, 5896
0.0035, 5895
0.0042, 5894
0.0048, 5893
0.0057, 5892
0.0062, 5891
0.0070, 5890
0.0075, 5889
0.0080, 5888
0.0085, 5887
0.0094, 5886
0.0104, 5885
0.0110, 5884
0.0122, 5883
0.0128, 5882
0.0139, 5881
0.0144, 5880
0.0154, 5879
0.0162, 5878
0.0172, 5877
0.0177, 5876
0.0182, 5875
0.0187, 5874
0.0193, 5873
0.0204, 5872
0.0209, 5871
0.0214, 5870
0.0219, 5869
0.0226, 5868
0.0231, 5867
0.0236, 5866
0.0241, 5865
0.0250, 5864
0.0257, 5863
0.0263, 5862
0.0268, 5861
0.0275, 5860
0.0281, 5859
0.0286, 5858
0.0291, 5857
0.0297, 5856
0.0304, 5855
0.0309, 5854
0.0314, 5853
0.0319, 5852
0.0329, 5851
0.0338, 5850
0.0343, 5849
0.0348, 5848
0.0354, 5847
0.0360, 5846
0.0365, 5845
0.0373, 5844
0.0378, 5843
0.0383, 5842
0.0388, 5841
0.0395, 5840
0.0402, 5839
0.0407, 5838
0.0412, 5837
0.0419, 5836
0.0425, 5835
0.0431, 5834
0.0436, 5833
0.0443, 5832
0.0448, 5831
0.0453, 5830
0.0461, 5829
0.0466, 5828
0.0471, 5827
0.0477, 5826
0.0486, 5825
0.0491, 5824
0.0497, 5823
0.0505, 5822
0.0510, 5821
0.0515, 5820
0.0520, 5819
0.0526, 5818
0.0531, 5817
0.0539, 5816
0.0545, 5815
0.0555, 5814
0.0564, 5813
0.0571, 5812
0.0577, 5811
0.0587, 5810
0.0594, 5809
0.0600, 5808
0.0607, 5807
0.0612, 5806
0.0621, 5805
0.0627, 5804
0.0632, 5803
0.0638, 5802
0.0643, 5801
0.0649, 5800
0.0682, 5799
0.0688, 5798
0.0695, 5797
0.0701, 5796
0.0708, 5795
0.0713, 5794
0.0721, 5793
0.0726, 5792
0.0732, 5791
0.0752, 5790
0.0758, 5789
0.0763, 5788
0.0770, 5787
0.0775, 5786
0.0788, 5785
0.0814, 5784
0.0850, 5783
0.0856, 5782
0.0862, 5781
0.0867, 5780
0.0875, 5779
0.0883, 5778
0.0890, 5777
0.0898, 5776
0.0905, 5775
0.0912, 5774
0.0919, 5773
0.0961, 5772
0.0968, 5771
0.0982, 5770
0.0990, 5769
0.0995, 5768
0.1003, 5767
0.1008, 5766
0.1015, 5765
0.1023, 5764
0.1028, 5763
0.1034, 5762
0.1039, 5761
0.1044, 5760
0.1054, 5759
0.1059, 5758
0.1065, 5757
0.1070, 5756
0.1075, 5755
0.1081, 5754
0.1089, 5753
0.1095, 5752
0.1101, 5751
0.1106, 5750
0.1111, 5749
0.1120, 5748
0.1126, 5747
0.1132, 5746
0.1141, 5745
0.1152, 5744
0.1158, 5743
0.1163, 5742
0.1169, 5741
0.1179, 5740
0.1184, 5739
0.1190, 5738
0.1196, 5737
0.1201, 5736
0.1206, 5735
0.1212, 5734
0.1217, 5733
0.1223, 5732
0.1228, 5731
0.1234, 5730
0.1240, 5729
0.1245, 5728
0.1250, 5727
0.1256, 5726
0.1262, 5725
0.1268, 5724
0.1275, 5723
0.1285, 5722
0.1292, 5721
0.1298, 5720
0.1305, 5719
0.1313, 5718
0.1323, 5717
0.1331, 5716
0.1340, 5715
0.1350, 5714
0.1356, 5713
0.1362, 5712
0.1367, 5711
0.1373, 5710
0.1378, 5709
0.1387, 5708
0.1394, 5707
0.1400, 5706
0.1405, 5705
0.1411, 5704
0.1416, 5703
0.1421, 5702
0.1427, 5701
0.1433, 5700
0.1443, 5699
0.1449, 5698
0.1454, 5697
0.1459, 5696
0.1476, 5695
0.1484, 5694
0.1490, 5693
0.1496, 5692
0.1501, 5691
0.1506, 5690
0.1511, 5689
0.1518, 5688
0.1524, 5687
0.1529, 5686
0.1539, 5685
0.1545, 5684
0.1550, 5683
0.1556, 5682
0.1562, 5681
0.1568, 5680
0.1574, 5679
0.1580, 5678
0.1586, 5677
0.1592, 5676
0.1597, 5675
0.1603, 5674
0.1608, 5673
0.1614, 5672
0.1619, 5671
0.1625, 5670
0.1632, 5669
0.1638, 5668
0.1644, 5667
0.1649, 5666
0.1655, 5665
0.1660, 5664
0.1667, 5663
0.1672, 5662
0.1682, 5661
0.1687, 5660
0.1696, 5659
0.1702, 5658
0.1713, 5657
0.1723, 5656
0.1731, 5655
0.1738, 5654
0.1746, 5653
0.1752, 5652
0.1757, 5651
0.1763, 5650
0.1768, 5649
0.1774, 5648
0.1782, 5647
0.1788, 5646
0.1793, 5645
0.1801, 5644
0.1807, 5643
0.1813, 5642
0.1819, 5641
0.1826, 5640
0.1833, 5639
0.1842, 5638
0.1848, 5637
0.1853, 5636
0.1860, 5635
0.1871, 5634
0.1877, 5633
0.1887, 5632
0.1895, 5631
0.1901, 5630
0.1911, 5629
0.1920, 5628
0.1925, 5627
0.1936, 5626
0.1944, 5625
0.1951, 5624
0.1960, 5623
0.1966, 5622
0.1972, 5621
0.1979, 5620
0.1985, 5619
0.1995, 5618
0.2001, 5617
0.2007, 5616
0.2012, 5615
0.2019, 5614
0.2028, 5613
0.2033, 5612
0.2039, 5611
0.2045, 5610
0.2052, 5609
0.2058, 5608
0.2064, 5607
0.2070, 5606
0.2075, 5605
0.2082, 5604
0.2087, 5603
0.2092, 5602
0.2098, 5601
0.2103, 5600
0.2108, 5599
0.2114, 5598
0.2119, 5597
0.2124, 5596
0.2130, 5595
0.2138, 5594
0.2144, 5593
0.2153, 5592
0.2159, 5591
0.2167, 5590
0.2175, 5589
0.2183, 5588
0.2189, 5587
0.2195, 5586
0.2201, 5585
0.2208, 5584
0.2218, 5583
0.2224, 5582
0.2230, 5581
0.2235, 5580
0.2242, 5579
0.2248, 5578
0.2255, 5577
0.2265, 5576
0.2271, 5575
0.2276, 5574
0.2284, 5573
0.2289, 5572
0.2295, 5571
0.2302, 5570
0.2311, 5569
0.2317, 5568
0.2325, 5567
0.2331, 5566
0.2336, 5565
0.2342, 5564
0.2349, 5563
0.2360, 5562
0.2367, 5561
0.2372, 5560
0.2378, 5559
0.2383, 5558
0.2389, 5557
0.2399, 5556
0.2404, 5555
0.2410, 5554
0.2416, 5553
0.2424, 5552
0.2430, 5551
0.2436, 5550
0.2443, 5549
0.2449, 5548
0.2455, 5547
0.2461, 5546
0.2467, 5545
0.2473, 5544
0.2478, 5543
0.2483, 5542
0.2490, 5541
0.2496, 5540
0.2501, 5539
0.2507, 5538
0.2512, 5537
0.2518, 5536
0.2523, 5535
0.2530, 5534
0.2538, 5533
0.2544, 5532
0.2550, 5531
0.2555, 5530
0.2561, 5529
0.2566, 5528
0.2572, 5527
0.2577, 5526
0.2585, 5525
0.2591, 5524
0.2598, 5523
0.2607, 5522
0.2617, 5521
0.2626, 5520
0.2632, 5519
0.2639, 5518
0.2644, 5517
0.2651, 5516
0.2656, 5515
0.2664, 5514
0.2670, 5513
0.2676, 5512
0.2681, 5511
0.2687, 5510
0.2692, 5509
0.2698, 5508
0.2704, 5507
0.2711, 5506
0.2716, 5505
0.2722, 5504
0.2727, 5503
0.2736, 5502
0.2742, 5501
0.2748, 5500
0.2754, 5499
0.2763, 5498
0.2769, 5497
0.2776, 5496
0.2782, 5495
0.2788, 5494
0.2794, 5493
0.2800, 5492
0.2806, 5491
0.2815, 5490
0.2823, 5489
0.2829, 5488
0.2834, 5487
0.2840, 5486
0.2845, 5485
0.2854, 5484
0.2860, 5483
0.2865, 5482
0.2875, 5481
0.2881, 5480
0.2886, 5479
0.2892, 5478
0.2897, 5477
0.2903, 5476
0.2909, 5475
0.2915, 5474
0.2922, 5473
0.2928, 5472
0.2934, 5471
0.2940, 5470
0.2946, 5469
0.2952, 5468
0.2958, 5467
0.2964, 5466
0.2974, 5465
0.2979, 5464
0.2985, 5463
0.2990, 5462
0.2996, 5461
0.3002, 5460
0.3008, 5459
0.3014, 5458
0.3020, 5457
0.3026, 5456
0.3034, 5455
0.3040, 5454
0.3046, 5453
0.3053, 5452
0.3058, 5451
0.3066, 5450
0.3071, 5449
0.3078, 5448
0.3084, 5447
0.3089, 5446
0.3095, 5445
0.3100, 5444
0.3110, 5443
0.3117, 5442
0.3122, 5441
0.3128, 5440
0.3135, 5439
0.3141, 5438
0.3150, 5437
0.3158, 5436
0.3164, 5435
0.3170, 5434
0.3176, 5433
0.3182, 5432
0.3192, 5431
0.3197, 5430
0.3203, 5429
0.3209, 5428
0.3214, 5427
0.3221, 5426
0.3230, 5425
0.3236, 5424
0.3243, 5423
0.3250, 5422
0.3256, 5421
0.3263, 5420
0.3272, 5419
0.3278, 5418
0.3283, 5417
0.3293, 5416
0.3299, 5415
0.3306, 5414
0.3311, 5413
0.3317, 5412
0.3323, 5411
0.3328, 5410
0.3333, 5409
0.3338, 5408
0.3344, 5407
0.3351, 5406
0.3358, 5405
0.3367, 5404
0.3374, 5403
0.3382, 5402
0.3387, 5401
0.3392, 5400
0.3400, 5399
0.3408, 5398
0.3415, 5397
0.3421, 5396
0.3428, 5395
0.3436, 5394
0.3444, 5393
0.3451, 5392
0.3458, 5391
0.3464, 5390
0.3470, 5389
0.3476, 5388
0.3483, 5387
0.3489, 5386
0.3498, 5385
0.3503, 5384
0.3510, 5383
0.3516, 5382
0.3523, 5381
0.3530, 5380
0.3535, 5379
0.3541, 5378
0.3549, 5377
0.3555, 5376
0.3561, 5375
0.3567, 5374
0.3574, 5373
0.3580, 5372
0.3585, 5371
0.3592, 5370
0.3599, 5369
0.3606, 5368
0.3613, 5367
0.3618, 5366
0.3626, 5365
0.3633, 5364
0.3639, 5363
0.3650, 5362
0.3656, 5361
0.3663, 5360
0.3670, 5359
0.3676, 5358
0.3683, 5357
0.3693, 5356
0.3699, 5355
0.3706, 5354
0.3712, 5353
0.3719, 5352
0.3725, 5351
0.3733, 5350
0.3739, 5349
0.3745, 5348
0.3751, 5347
0.3757, 5346
0.3766, 5345
0.3774, 5344
0.3780, 5343
0.3787, 5342
0.3794, 5341
0.3800, 5340
0.3806, 5339
0.3811, 5338
0.3817, 5337
0.3823, 5336
0.3829, 5335
0.3835, 5334
0.3842, 5333
0.3851, 5332
0.3861, 5331
0.3866, 5330
0.3873, 5329
0.3878, 5328
0.3884, 5327
0.3890, 5326
0.3896, 5325
0.3901, 5324
0.3907, 5323
0.3918, 5322
0.3927, 5321
0.3936, 5320
0.3944, 5319
0.3950, 5318
0.3956, 5317
0.3961, 5316
0.3969, 5315
0.3976, 5314
0.3983, 5313
0.3989, 5312
0.3997, 5311
0.4004, 5310
0.4009, 5309
0.4015, 5308
0.4025, 5307
0.4032, 5306
0.4038, 5305
0.4043, 5304
0.4050, 5303
0.4056, 5302
0.4061, 5301
0.4067, 5300
0.4073, 5299
0.4079, 5298
0.4085, 5297
0.4090, 5296
0.4098, 5295
0.4105, 5294
0.4110, 5293
0.4116, 5292
0.4124, 5291
0.4130, 5290
0.4137, 5289
0.4146, 5288
0.4152, 5287
0.4157, 5286
0.4163, 5285
0.4169, 5284
0.4176, 5283
0.4182, 5282
0.4187, 5281
0.4193, 5280
0.4198, 5279
0.4204, 5278
0.4210, 5277
0.4216, 5276
0.4223, 5275
0.4229, 5274
0.4238, 5273
0.4244, 5272
0.4249, 5271
0.4255, 5270
0.4262, 5269
0.4268, 5268
0.4273, 5267
0.4279, 5266
0.4285, 5265
0.4292, 5264
0.4299, 5263
0.4305, 5262
0.4311, 5261
0.4316, 5260
0.4324, 5259
0.4330, 5258
0.4336, 5257
0.4343, 5256
0.4350, 5255
0.4356, 5254
0.4366, 5253
0.4374, 5252
0.4380, 5251
0.4391, 5250
0.4397, 5249
0.4402, 5248
0.4409, 5247
0.4416, 5246
0.4422, 5245
0.4428, 5244
0.4434, 5243
0.4440, 5242
0.4445, 5241
0.4452, 5240
0.4457, 5239
0.4462, 5238
0.4469, 5237
0.4477, 5236
0.4483, 5235
0.4489, 5234
0.4495, 5233
0.4500, 5232
0.4508, 5231
0.4513, 5230
0.4519, 5229
0.4525, 5228
0.4531, 5227
0.4539, 5226
0.4545, 5225
0.4550, 5224
0.4560, 5223
0.4568, 5222
0.4575, 5221
0.4583, 5220
0.4590, 5219
0.4595, 5218
0.4601, 5217
0.4607, 5216
0.4614, 5215
0.4621, 5214
0.4627, 5213
0.4635, 5212
0.4642, 5211
0.4649, 5210
0.4658, 5209
0.4663, 5208
0.4670, 5207
0.4678, 5206
0.4686, 5205
0.4692, 5204
0.4700, 5203
0.4706, 5202
0.4713, 5201
0.4719, 5200
0.4727, 5199
0.4733, 5198
0.4740, 5197
0.4747, 5196
0.4753, 5195
0.4761, 5194
0.4767, 5193
0.4773, 5192
0.4779, 5191
0.4784, 5190
0.4792, 5189
0.4797, 5188
0.4803, 5187
0.4809, 5186
0.4815, 5185
0.4821, 5184
0.4827, 5183
0.4835, 5182
0.4841, 5181
0.4849, 5180
0.4858, 5179
0.4863, 5178
0.4872, 5177
0.4879, 5176
0.4885, 5175
0.4893, 5174
0.4900, 5173
0.4908, 5172
0.4914, 5171
0.4920, 5170
0.4925, 5169
0.4933, 5168
0.4939, 5167
0.4944, 5166
0.4951, 5165
0.4959, 5164
0.4965, 5163
0.4972, 5162
0.4979, 5161
0.4988, 5160
0.4996, 5159
0.5003, 5158
0.5009, 5157
0.5015, 5156
0.5020, 5155
0.5027, 5154
0.5034, 5153
0.5043, 5152
0.5050, 5151
0.5055, 5150
0.5062, 5149
0.5068, 5148
0.5075, 5147
0.5080, 5146
0.5085, 5145
0.5090, 5144
0.5097, 5143
0.5103, 5142
0.5108, 5141
0.5113, 5140
0.5119, 5139
0.5125, 5138
0.5132, 5137
0.5139, 5136
0.5146, 5135
0.5153, 5134
0.5159, 5133
0.5164, 5132
0.5170, 5131
0.5177, 5130
0.5183, 5129
0.5190, 5128
0.5196, 5127
0.5204, 5126
0.5211, 5125
0.5217, 5124
0.5223, 5123
0.5229, 5122
0.5234, 5121
0.5241, 5120
0.5247, 5119
0.5252, 5118
0.5257, 5117
0.5262, 5116
0.5267, 5115
0.5273, 5114
0.5282, 5113
0.5289, 5112
0.5296, 5111
0.5304, 5110
0.5310, 5109
0.5315, 5108
0.5320, 5107
0.5326, 5106
0.5332, 5105
0.5338, 5104
0.5345, 5103
0.5352, 5102
0.5358, 5101
0.5367, 5100
0.5374, 5099
0.5381, 5098
0.5389, 5097
0.5394, 5096
0.5402, 5095
0.5407, 5094
0.5413, 5093
0.5420, 5092
0.5426, 5091
0.5432, 5090
0.5437, 5089
0.5444, 5088
0.5452, 5087
0.5461, 5086
0.5467, 5085
0.5473, 5084
0.5479, 5083
0.5486, 5082
0.5493, 5081
0.5498, 5080
0.5505, 5079
0.5511, 5078
0.5516, 5077
0.5523, 5076
0.5528, 5075
0.5535, 5074
0.5542, 5073
0.5549, 5072
0.5555, 5071
0.5560, 5070
0.5565, 5069
0.5573, 5068
0.5582, 5067
0.5589, 5066
0.5596, 5065
0.5603, 5064
0.5613, 5063
0.5619, 5062
0.5626, 5061
0.5631, 5060
0.5639, 5059
0.5645, 5058
0.5651, 5057
0.5657, 5056
0.5662, 5055
0.5669, 5054
0.5675, 5053
0.5682, 5052
0.5688, 5051
0.5693, 5050
0.5699, 5049
0.5705, 5048
0.5712, 5047
0.5718, 5046
0.5729, 5045
0.5735, 5044
0.5740, 5043
0.5747, 5042
0.5752, 5041
0.5761, 5040
0.5766, 5039
0.5772, 5038
0.5780, 5037
0.5786, 5036
0.5791, 5035
0.5799, 5034
0.5806, 5033
0.5812, 5032
0.5819, 5031
0.5828, 5030
0.5834, 5029
0.5842, 5028
0.5848, 5027
0.5854, 5026
0.5860, 5025
0.5867, 5024
0.5873, 5023
0.5879, 5022
0.5885, 5021
0.5892, 5020
0.5902, 5019
0.5911, 5018
0.5916, 5017
0.5921, 5016
0.5926, 5015
0.5936, 5014
0.5942, 5013
0.5949, 5012
0.5956, 5011
0.5963, 5010
0.5970, 5009
0.5975, 5008
0.5981, 5007
0.5987, 5006
0.5996, 5005
0.6001, 5004
0.6009, 5003
0.6014, 5002
0.6020, 5001
0.6029, 5000
0.6035, 4999
0.6043, 4998
0.6049, 4997
0.6055, 4996
0.6061, 4995
0.6066, 4994
0.6072, 4993
0.6079, 4992
0.6085, 4991
0.6093, 4990
0.6100, 4989
0.6110, 4988
0.6117, 4987
0.6123, 4986
0.6129, 4985
0.6136, 4984
0.6143, 4983
0.6149, 4982
0.6156, 4981
0.6165, 4980
0.6174, 4979
0.6179, 4978
0.6185, 4977
0.6191, 4976
0.6201, 4975
0.6210, 4974
0.6216, 4973
0.6221, 4972
0.6228, 4971
0.6235, 4970
0.6240, 4969
0.6248, 4968
0.6255, 4967
0.6261, 4966
0.6268, 4965
0.6274, 4964
0.6279, 4963
0.6285, 4962
0.6292, 4961
0.6299, 4960
0.6305, 4959
0.6310, 4958
0.6315, 4957
0.6321, 4956
0.6329, 4955
0.6334, 4954
0.6340, 4953
0.6346, 4952
0.6353, 4951
0.6362, 4950
0.6371, 4949
0.6381, 4948
0.6387, 4947
0.6393, 4946
0.6402, 4945
0.6407, 4944
0.6413, 4943
0.6418, 4942
0.6424, 4941
0.6429, 4940
0.6434, 4939
0.6441, 4938
0.6446, 4937
0.6453, 4936
0.6459, 4935
0.6469, 4934
0.6478, 4933
0.6483, 4932
0.6489, 4931
0.6495, 4930
0.6501, 4929
0.6508, 4928
0.6513, 4927
0.6520, 4926
0.6527, 4925
0.6533, 4924
0.6539, 4923
0.6546, 4922
0.6553, 4921
0.6558, 4920
0.6564, 4919
0.6573, 4918
0.6582, 4917
0.6588, 4916
0.6596, 4915
0.6601, 4914
0.6606, 4913
0.6611, 4912
0.6616, 4911
0.6622, 4910
0.6627, 4909
0.6636, 4908
0.6641, 4907
0.6646, 4906
0.6652, 4905
0.6657, 4904
0.6663, 4903
0.6668, 4902
0.6675, 4901
0.6680, 4900
0.6689, 4899
0.6696, 4898
0.6701, 4897
0.6707, 4896
0.6712, 4895
0.6718, 4894
0.6725, 4893
0.6729, 4892
0.6738, 4891
0.6745, 4890
0.6753, 4889
0.6757, 4888
0.6763, 4887
0.6768, 4886
0.6774, 4885
0.6779, 4884
0.6785, 4883
0.6791, 4882
0.6797, 4881
0.6802, 4880
0.6808, 4879
0.6817, 4878
0.6823, 4877
0.6828, 4876
0.6835, 4875
0.6840, 4874
0.6846, 4873
0.6851, 4872
0.6859, 4871
0.6866, 4870
0.6874, 4869
0.6882, 4868
0.6887, 4867
0.6892, 4866
0.6897, 4865
0.6907, 4864
0.6915, 4863
0.6920, 4862
0.6926, 4861
0.6933, 4860
0.6939, 4859
0.6947, 4858
0.6953, 4857
0.6960, 4856
0.6969, 4855
0.6974, 4854
0.6985, 4853
0.6990, 4852
0.6995, 4851
0.7001, 4850
0.7010, 4849
0.7016, 4848
0.7023, 4847
0.7029, 4846
0.7033, 4845
0.7041, 4844
0.7046, 4843
0.7051, 4842
0.7056, 4841
0.7063, 4840
0.7070, 4839
0.7079, 4838
0.7086, 4837
0.7093, 4836
0.7097, 4835
0.7103, 4834
0.7109, 4833
0.7115, 4832
0.7121, 4831
0.7130, 4830
0.7136, 4829
0.7142, 4828
0.7149, 4827
0.7158, 4826
0.7166, 4825
0.7171, 4824
0.7178, 4823
0.7183, 4822
0.7189, 4821
0.7195, 4820
0.7200, 4819
0.7206, 4818
0.7211, 4817
0.7216, 4816
0.7222, 4815
0.7227, 4814
0.7235, 4813
0.7244, 4812
0.7251, 4811
0.7256, 4810
0.7265, 4809
0.7269, 4808
0.7274, 4807
0.7279, 4806
0.7284, 4805
0.7293, 4804
0.7301, 4803
0.7306, 4802
0.7312, 4801
0.7318, 4800
0.7324, 4799
0.7330, 4798
0.7335, 4797
0.7340, 4796
0.7346, 4795
0.7353, 4794
0.7360, 4793
0.7365, 4792
0.7372, 4791
0.7377, 4790
0.7385, 4789
0.7391, 4788
0.7397, 4787
0.7402, 4786
0.7408, 4785
0.7413, 4784
0.7418, 4783
0.7425, 4782
0.7431, 4781
0.7439, 4780
0.7447, 4779
0.7452, 4778
0.7460, 4777
0.7465, 4776
0.7471, 4775
0.7476, 4774
0.7485, 4773
0.7491, 4772
0.7498, 4771
0.7503, 4770
0.7509, 4769
0.7517, 4768
0.7523, 4767
0.7528, 4766
0.7533, 4765
0.7542, 4764
0.7550, 4763
0.7556, 4762
0.7563, 4761
0.7567, 4760
0.7573, 4759
0.7584, 4758
0.7590, 4757
0.7595, 4756
0.7603, 4755
0.7608, 4754
0.7614, 4753
0.7619, 4752
0.7624, 4751
0.7632, 4750
0.7637, 4749
0.7642, 4748
0.7648, 4747
0.7657, 4746
0.7662, 4745
0.7670, 4744
0.7677, 4743
0.7685, 4742
0.7693, 4741
0.7699, 4740
0.7704, 4739
0.7709, 4738
0.7714, 4737
0.7721, 4736
0.7729, 4735
0.7734, 4734
0.7739, 4733
0.7745, 4732
0.7749, 4731
0.7757, 4730
0.7763, 4729
0.7767, 4728
0.7773, 4727
0.7781, 4726
0.7788, 4725
0.7796, 4724
0.7805, 4723
0.7810, 4722
0.7817, 4721
0.7825, 4720
0.7830, 4719
0.7835, 4718
0.7841, 4717
0.7848, 4716
0.7856, 4715
0.7864, 4714
0.7872, 4713
0.7876, 4712
0.7884, 4711
0.7892, 4710
0.7901, 4709
0.7907, 4708
0.7916, 4707
0.7921, 4706
0.7929, 4705
0.7936, 4704
0.7943, 4703
0.7952, 4702
0.7961, 4701
0.7968, 4700
0.7977, 4699
0.7985, 4698
0.7992, 4697
0.7998, 4696
0.8007, 4695
0.8014, 4694
0.8023, 4693
0.8031, 4692
0.8040, 4691
0.8049, 4690
0.9916, 4689
1.2296, 4688
1.2301, 4687
1.3105, 4686
1.6659, 4685
1.6666, 4684
1.7653, 4683
1.8434, 4682
1.9846, 4681
2.1833, 4680
2.2435, 4679
2.3604, 4678
2.4193, 4677
2.5963, 4676
2.8727, 4675
2.8928, 4674
3.0153, 4673
3.1938, 4672
3.1945, 4671
3.2754, 4670
3.3932, 4669
3.3941, 4668
3.4923, 4667
3.6135, 4666
3.6142, 4665
3.6539, 4664
3.6933, 4663
4.1513, 4662
4.2298, 4661
4.6876, 4660
4.7277, 4659
4.8483, 4658
4.9275, 4657
5.0697, 4656
5.2941, 4655
5.7504, 4654
5.9279, 4653
5.9283, 4652
6.3673, 4651
6.4883, 4650
6.6491, 4649
7.3567, 4648
7.3575, 4647
7.4967, 4646
7.7750, 4645
7.7756, 4644
7.8561, 4643
7.8568, 4642
7.9157, 4641
8.3585, 4640
8.4585, 4639
8.5376, 4638
8.7871, 4637
8.8795, 4636
9.2019, 4635
9.3597, 4634
9.4258, 4633
9.7230, 4632
9.9081, 4631
