0.0000, 5900
0.0005, 5899
0.0012, 5898
0.0018, 5897
0.0028, 5896
0.0036, 5895
0.0043, 5894
0.0049, 5893
0.0058, 5892
0.0063, 5891
0.0071, 5890
0.0077, 5889
0.0082, 5888
0.0087, 5887
0.0097, 5886
0.0106, 5885
0.0113, 5884
0.0125, 5883
0.0132, 5882
0.0143, 5881
0.0148, 5880
0.0158, 5879
0.0167, 5878
0.0177, 5877
0.0182, 5876
0.0187, 5875
0.0193, 5874
0.0199, 5873
0.0211, 5872
0.0216, 5871
0.0221, 5870
0.0226, 5869
0.0233, 5868
0.0238, 5867
0.0243, 5866
0.0249, 5865
0.0258, 5864
0.0265, 5863
0.0271, 5862
0.0277, 5861
0.0283, 5860
0.0289, 5859
0.0294, 5858
0.0300, 5857
0.0305, 5856
0.0312, 5855
0.0317, 5854
0.0323, 5853
0.0328, 5852
0.0338, 5851
0.0347, 5850
0.0353, 5849
0.0358, 5848
0.0365, 5847
0.0371, 5846
0.0376, 5845
0.0384, 5844
0.0390, 5843
0.0395, 5842
0.0400, 5841
0.0408, 5840
0.0415, 5839
0.0421, 5838
0.0426, 5837
0.0433, 5836
0.0439, 5835
0.0446, 5834
0.0451, 5833
0.0458, 5832
0.0463, 5831
0.0469, 5830
0.0477, 5829
0.0482, 5828
0.0487, 5827
0.0493, 5826
0.0502, 5825
0.0508, 5824
0.0514, 5823
0.0522, 5822
0.0527, 5821
0.0533, 5820
0.0538, 5819
0.0544, 5818
0.0549, 5817
0.0558, 5816
0.0564, 5815
0.0574, 5814
0.0583, 5813
0.0590, 5812
0.0596, 5811
0.0606, 5810
0.0612, 5809
0.0619, 5808
0.0625, 5807
0.0630, 5806
0.0639, 5805
0.0644, 5804
0.0650, 5803
0.0655, 5802
0.0661, 5801
0.0666, 5800
0.0675, 5799
0.0680, 5798
0.0686, 5797
0.0692, 5796
0.0699, 5795
0.0704, 5794
0.0712, 5793
0.0717, 5792
0.0722, 5791
0.0728, 5790
0.0733, 5789
0.0739, 5788
0.0745, 5787
0.0750, 5786
0.0763, 5785
0.0773, 5784
0.0782, 5783
0.0787, 5782
0.0793, 5781
0.0798, 5780
0.0805, 5779
0.0814, 5778
0.0820, 5777
0.0828, 5776
0.0835, 5775
0.0841, 5774
0.0848, 5773
0.0859, 5772
0.0865, 5771
0.0876, 5770
0.0883, 5769
0.0888, 5768
0.0896, 5767
0.0902, 5766
0.0909, 5765
0.0916, 5764
0.0922, 5763
0.0928, 5762
0.0934, 5761
0.0939, 5760
0.0948, 5759
0.0954, 5758
0.0959, 5757
0.0965, 5756
0.0970, 5755
0.0976, 5754
0.0984, 5753
0.0991, 5752
0.0997, 5751
0.1002, 5750
0.1008, 5749
0.1016, 5748
0.1022, 5747
0.1027, 5746
0.1037, 5745
0.1048, 5744
0.1054, 5743
0.1059, 5742
0.1065, 5741
0.1075, 5740
0.1081, 5739
0.1087, 5738
0.1093, 5737
0.1099, 5736
0.1104, 5735
0.1110, 5734
0.1116, 5733
0.1122, 5732
0.1128, 5731
0.1134, 5730
0.1139, 5729
0.1145, 5728
0.1150, 5727
0.1155, 5726
0.1162, 5725
0.1169, 5724
0.1176, 5723
0.1186, 5722
0.1193, 5721
0.1198, 5720
0.1205, 5719
0.1213, 5718
0.1223, 5717
0.1231, 5716
0.1241, 5715
0.1251, 5714
0.1256, 5713
0.1262, 5712
0.1268, 5711
0.1274, 5710
0.1280, 5709
0.1288, 5708
0.1295, 5707
0.1302, 5706
0.1307, 5705
0.1313, 5704
0.1318, 5703
0.1324, 5702
0.1330, 5701
0.1336, 5700
0.1346, 5699
0.1352, 5698
0.1357, 5697
0.1363, 5696
0.1374, 5695
0.1382, 5694
0.1388, 5693
0.1394, 5692
0.1399, 5691
0.1405, 5690
0.1410, 5689
0.1417, 5688
0.1423, 5687
0.1429, 5686
0.1438, 5685
0.1444, 5684
0.1450, 5683
0.1456, 5682
0.1462, 5681
0.1468, 5680
0.1475, 5679
0.1480, 5678
0.1486, 5677
0.1492, 5676
0.1499, 5675
0.1504, 5674
0.1510, 5673
0.1516, 5672
0.1522, 5671
0.1527, 5670
0.1534, 5669
0.1540, 5668
0.1546, 5667
0.1552, 5666
0.1558, 5665
0.1563, 5664
0.1569, 5663
0.1575, 5662
0.1585, 5661
0.1591, 5660
0.1600, 5659
0.1606, 5658
0.1617, 5657
0.1627, 5656
0.1636, 5655
0.1643, 5654
0.1651, 5653
0.1657, 5652
0.1663, 5651
0.1669, 5650
0.1675, 5649
0.1681, 5648
0.1688, 5647
0.1694, 5646
0.1700, 5645
0.1707, 5644
0.1713, 5643
0.1719, 5642
0.1725, 5641
0.1732, 5640
0.1740, 5639
0.1749, 5638
0.1755, 5637
0.1761, 5636
0.1767, 5635
0.1778, 5634
0.1784, 5633
0.1795, 5632
0.1803, 5631
0.1809, 5630
0.1819, 5629
0.1828, 5628
0.1834, 5627
0.1845, 5626
0.1854, 5625
0.1860, 5624
0.1869, 5623
0.1875, 5622
0.1881, 5621
0.1888, 5620
0.1895, 5619
0.1904, 5618
0.1910, 5617
0.1916, 5616
0.1922, 5615
0.1929, 5614
0.1938, 5613
0.1944, 5612
0.1949, 5611
0.1955, 5610
0.1963, 5609
0.1969, 5608
0.1975, 5607
0.1980, 5606
0.1986, 5605
0.1992, 5604
0.1998, 5603
0.2003, 5602
0.2009, 5601
0.2015, 5600
0.2020, 5599
0.2025, 5598
0.2031, 5597
0.2036, 5596
0.2042, 5595
0.2050, 5594
0.2056, 5593
0.2066, 5592
0.2072, 5591
0.2079, 5590
0.2087, 5589
0.2096, 5588
0.2103, 5587
0.2110, 5586
0.2117, 5585
0.2124, 5584
0.2136, 5583
0.2143, 5582
0.2149, 5581
0.2155, 5580
0.2162, 5579
0.2168, 5578
0.2176, 5577
0.2187, 5576
0.2195, 5575
0.2201, 5574
0.2208, 5573
0.2214, 5572
0.2220, 5571
0.2227, 5570
0.2237, 5569
0.2243, 5568
0.2252, 5567
0.2258, 5566
0.2264, 5565
0.2271, 5564
0.2278, 5563
0.2291, 5562
0.2298, 5561
0.2304, 5560
0.2311, 5559
0.2317, 5558
0.2324, 5557
0.2335, 5556
0.2341, 5555
0.2348, 5554
0.2355, 5553
0.2363, 5552
0.2369, 5551
0.2376, 5550
0.2383, 5549
0.2389, 5548
0.2396, 5547
0.2402, 5546
0.2409, 5545
0.2414, 5544
0.2420, 5543
0.2426, 5542
0.2433, 5541
0.2440, 5540
0.2445, 5539
0.2451, 5538
0.2456, 5537
0.2462, 5536
0.2468, 5535
0.2475, 5534
0.2484, 5533
0.2490, 5532
0.2496, 5531
0.2502, 5530
0.2508, 5529
0.2514, 5528
0.2520, 5527
0.2526, 5526
0.2535, 5525
0.2542, 5524
0.2549, 5523
0.2558, 5522
0.2569, 5521
0.2579, 5520
0.2586, 5519
0.2592, 5518
0.2598, 5517
0.2605, 5516
0.2611, 5515
0.2620, 5514
0.2626, 5513
0.2632, 5512
0.2638, 5511
0.2644, 5510
0.2649, 5509
0.2656, 5508
0.2662, 5507
0.2669, 5506
0.2675, 5505
0.2680, 5504
0.2686, 5503
0.2695, 5502
0.2701, 5501
0.2707, 5500
0.2714, 5499
0.2724, 5498
0.2731, 5497
0.2738, 5496
0.2744, 5495
0.2751, 5494
0.2758, 5493
0.2764, 5492
0.2769, 5491
0.2779, 5490
0.2788, 5489
0.2794, 5488
0.2799, 5487
0.2805, 5486
0.2810, 5485
0.2821, 5484
0.2826, 5483
0.2832, 5482
0.2842, 5481
0.2848, 5480
0.2854, 5479
0.2859, 5478
0.2865, 5477
0.2871, 5476
0.2878, 5475
0.2883, 5474
0.2891, 5473
0.2898, 5472
0.2904, 5471
0.2910, 5470
0.2917, 5469
0.2922, 5468
0.2928, 5467
0.2934, 5466
0.2945, 5465
0.2950, 5464
0.2956, 5463
0.2962, 5462
0.2968, 5461
0.2974, 5460
0.2981, 5459
0.2987, 5458
0.2993, 5457
0.2999, 5456
0.3007, 5455
0.3014, 5454
0.3020, 5453
0.3027, 5452
0.3032, 5451
0.3040, 5450
0.3045, 5449
0.3053, 5448
0.3059, 5447
0.3065, 5446
0.3071, 5445
0.3077, 5444
0.3087, 5443
0.3094, 5442
0.3100, 5441
0.3106, 5440
0.3112, 5439
0.3119, 5438
0.3128, 5437
0.3136, 5436
0.3142, 5435
0.3148, 5434
0.3154, 5433
0.3161, 5432
0.3171, 5431
0.3176, 5430
0.3183, 5429
0.3189, 5428
0.3195, 5427
0.3202, 5426
0.3211, 5425
0.3217, 5424
0.3224, 5423
0.3231, 5422
0.3238, 5421
0.3245, 5420
0.3255, 5419
0.3261, 5418
0.3266, 5417
0.3277, 5416
0.3283, 5415
0.3290, 5414
0.3296, 5413
0.3302, 5412
0.3308, 5411
0.3313, 5410
0.3319, 5409
0.3324, 5408
0.3329, 5407
0.3337, 5406
0.3345, 5405
0.3354, 5404
0.3361, 5403
0.3369, 5402
0.3375, 5401
0.3380, 5400
0.3388, 5399
0.3397, 5398
0.3405, 5397
0.3411, 5396
0.3418, 5395
0.3426, 5394
0.3434, 5393
0.3441, 5392
0.3449, 5391
0.3455, 5390
0.3460, 5389
0.3467, 5388
0.3473, 5387
0.3479, 5386
0.3489, 5385
0.3494, 5384
0.3501, 5383
0.3508, 5382
0.3516, 5381
0.3522, 5380
0.3528, 5379
0.3533, 5378
0.3542, 5377
0.3548, 5376
0.3554, 5375
0.3560, 5374
0.3567, 5373
0.3574, 5372
0.3580, 5371
0.3587, 5370
0.3594, 5369
0.3601, 5368
0.3608, 5367
0.3614, 5366
0.3622, 5365
0.3628, 5364
0.3635, 5363
0.3645, 5362
0.3652, 5361
0.3659, 5360
0.3666, 5359
0.3673, 5358
0.3680, 5357
0.3691, 5356
0.3697, 5355
0.3704, 5354
0.3710, 5353
0.3717, 5352
0.3723, 5351
0.3732, 5350
0.3738, 5349
0.3744, 5348
0.3750, 5347
0.3756, 5346
0.3765, 5345
0.3774, 5344
0.3780, 5343
0.3787, 5342
0.3794, 5341
0.3799, 5340
0.3805, 5339
0.3811, 5338
0.3817, 5337
0.3823, 5336
0.3829, 5335
0.3836, 5334
0.3843, 5333
0.3852, 5332
0.3863, 5331
0.3869, 5330
0.3875, 5329
0.3880, 5328
0.3887, 5327
0.3893, 5326
0.3900, 5325
0.3905, 5324
0.3911, 5323
0.3922, 5322
0.3932, 5321
0.3941, 5320
0.3949, 5319
0.3955, 5318
0.3962, 5317
0.3967, 5316
0.3975, 5315
0.3982, 5314
0.3989, 5313
0.3995, 5312
0.4004, 5311
0.4011, 5310
0.4017, 5309
0.4023, 5308
0.4033, 5307
0.4040, 5306
0.4047, 5305
0.4052, 5304
0.4059, 5303
0.4065, 5302
0.4071, 5301
0.4077, 5300
0.4083, 5299
0.4089, 5298
0.4095, 5297
0.4101, 5296
0.4108, 5295
0.4116, 5294
0.4121, 5293
0.4127, 5292
0.4135, 5291
0.4142, 5290
0.4149, 5289
0.4157, 5288
0.4164, 5287
0.4170, 5286
0.4176, 5285
0.4182, 5284
0.4189, 5283
0.4195, 5282
0.4201, 5281
0.4206, 5280
0.4213, 5279
0.4218, 5278
0.4224, 5277
0.4231, 5276
0.4238, 5275
0.4245, 5274
0.4254, 5273
0.4260, 5272
0.4266, 5271
0.4272, 5270
0.4279, 5269
0.4285, 5268
0.4291, 5267
0.4296, 5266
0.4302, 5265
0.4310, 5264
0.4317, 5263
0.4323, 5262
0.4329, 5261
0.4335, 5260
0.4343, 5259
0.4349, 5258
0.4355, 5257
0.4362, 5256
0.4369, 5255
0.4376, 5254
0.4386, 5253
0.4394, 5252
0.4401, 5251
0.4412, 5250
0.4418, 5249
0.4423, 5248
0.4430, 5247
0.4438, 5246
0.4444, 5245
0.4450, 5244
0.4457, 5243
0.4463, 5242
0.4469, 5241
0.4475, 5240
0.4481, 5239
0.4487, 5238
0.4493, 5237
0.4502, 5236
0.4508, 5235
0.4514, 5234
0.4521, 5233
0.4527, 5232
0.4534, 5231
0.4540, 5230
0.4546, 5229
0.4552, 5228
0.4559, 5227
0.4567, 5226
0.4573, 5225
0.4578, 5224
0.4588, 5223
0.4597, 5222
0.4604, 5221
0.4612, 5220
0.4619, 5219
0.4625, 5218
0.4630, 5217
0.4637, 5216
0.4644, 5215
0.4651, 5214
0.4657, 5213
0.4665, 5212
0.4673, 5211
0.4680, 5210
0.4689, 5209
0.4695, 5208
0.4702, 5207
0.4710, 5206
0.4718, 5205
0.4724, 5204
0.4733, 5203
0.4739, 5202
0.4746, 5201
0.4753, 5200
0.4760, 5199
0.4767, 5198
0.4775, 5197
0.4782, 5196
0.4788, 5195
0.4797, 5194
0.4802, 5193
0.4808, 5192
0.4814, 5191
0.4820, 5190
0.4828, 5189
0.4833, 5188
0.4839, 5187
0.4845, 5186
0.4852, 5185
0.4858, 5184
0.4864, 5183
0.4872, 5182
0.4879, 5181
0.4887, 5180
0.4896, 5179
0.4902, 5178
0.4911, 5177
0.4918, 5176
0.4925, 5175
0.4933, 5174
0.4941, 5173
0.4949, 5172
0.4954, 5171
0.4961, 5170
0.4966, 5169
0.4975, 5168
0.4981, 5167
0.4986, 5166
0.4993, 5165
0.5001, 5164
0.5007, 5163
0.5015, 5162
0.5022, 5161
0.5032, 5160
0.5039, 5159
0.5047, 5158
0.5053, 5157
0.5059, 5156
0.5065, 5155
0.5072, 5154
0.5079, 5153
0.5088, 5152
0.5095, 5151
0.5101, 5150
0.5108, 5149
0.5114, 5148
0.5121, 5147
0.5126, 5146
0.5132, 5145
0.5137, 5144
0.5144, 5143
0.5150, 5142
0.5156, 5141
0.5161, 5140
0.5168, 5139
0.5174, 5138
0.5180, 5137
0.5188, 5136
0.5195, 5135
0.5202, 5134
0.5208, 5133
0.5214, 5132
0.5220, 5131
0.5227, 5130
0.5234, 5129
0.5241, 5128
0.5247, 5127
0.5255, 5126
0.5263, 5125
0.5269, 5124
0.5274, 5123
0.5281, 5122
0.5286, 5121
0.5294, 5120
0.5300, 5119
0.5305, 5118
0.5311, 5117
0.5316, 5116
0.5321, 5115
0.5328, 5114
0.5337, 5113
0.5344, 5112
0.5351, 5111
0.5360, 5110
0.5366, 5109
0.5372, 5108
0.5377, 5107
0.5383, 5106
0.5390, 5105
0.5396, 5104
0.5402, 5103
0.5410, 5102
0.5416, 5101
0.5425, 5100
0.5432, 5099
0.5439, 5098
0.5447, 5097
0.5453, 5096
0.5460, 5095
0.5466, 5094
0.5471, 5093
0.5479, 5092
0.5485, 5091
0.5492, 5090
0.5497, 5089
0.5505, 5088
0.5512, 5087
0.5521, 5086
0.5527, 5085
0.5533, 5084
0.5539, 5083
0.5547, 5082
0.5553, 5081
0.5559, 5080
0.5566, 5079
0.5572, 5078
0.5578, 5077
0.5584, 5076
0.5590, 5075
0.5597, 5074
0.5605, 5073
0.5612, 5072
0.5618, 5071
0.5623, 5070
0.5628, 5069
0.5637, 5068
0.5646, 5067
0.5652, 5066
0.5660, 5065
0.5667, 5064
0.5678, 5063
0.5684, 5062
0.5691, 5061
0.5697, 5060
0.5705, 5059
0.5711, 5058
0.5717, 5057
0.5723, 5056
0.5729, 5055
0.5736, 5054
0.5742, 5053
0.5749, 5052
0.5755, 5051
0.5760, 5050
0.5766, 5049
0.5773, 5048
0.5780, 5047
0.5787, 5046
0.5797, 5045
0.5803, 5044
0.5810, 5043
0.5816, 5042
0.5821, 5041
0.5831, 5040
0.5837, 5039
0.5843, 5038
0.5851, 5037
0.5857, 5036
0.5862, 5035
0.5870, 5034
0.5878, 5033
0.5884, 5032
0.5891, 5031
0.5900, 5030
0.5907, 5029
0.5915, 5028
0.5921, 5027
0.5928, 5026
0.5934, 5025
0.5940, 5024
0.5947, 5023
0.5953, 5022
0.5959, 5021
0.5967, 5020
0.5977, 5019
0.5986, 5018
0.5991, 5017
0.5997, 5016
0.6002, 5015
0.6012, 5014
0.6018, 5013
0.6026, 5012
0.6033, 5011
0.6040, 5010
0.6047, 5009
0.6053, 5008
0.6059, 5007
0.6065, 5006
0.6074, 5005
0.6079, 5004
0.6088, 5003
0.6094, 5002
0.6100, 5001
0.6109, 5000
0.6115, 4999
0.6124, 4998
0.6130, 4997
0.6136, 4996
0.6142, 4995
0.6148, 4994
0.6154, 4993
0.6161, 4992
0.6167, 4991
0.6174, 4990
0.6182, 4989
0.6191, 4988
0.6199, 4987
0.6205, 4986
0.6211, 4985
0.6218, 4984
0.6225, 4983
0.6232, 4982
0.6239, 4981
0.6247, 4980
0.6257, 4979
0.6262, 4978
0.6268, 4977
0.6275, 4976
0.6285, 4975
0.6294, 4974
0.6300, 4973
0.6306, 4972
0.6313, 4971
0.6320, 4970
0.6325, 4969
0.6333, 4968
0.6340, 4967
0.6347, 4966
0.6354, 4965
0.6361, 4964
0.6366, 4963
0.6372, 4962
0.6379, 4961
0.6387, 4960
0.6392, 4959
0.6398, 4958
0.6403, 4957
0.6409, 4956
0.6417, 4955
0.6422, 4954
0.6428, 4953
0.6434, 4952
0.6442, 4951
0.6451, 4950
0.6460, 4949
0.6471, 4948
0.6477, 4947
0.6484, 4946
0.6492, 4945
0.6497, 4944
0.6503, 4943
0.6509, 4942
0.6515, 4941
0.6520, 4940
0.6525, 4939
0.6532, 4938
0.6538, 4937
0.6544, 4936
0.6551, 4935
0.6561, 4934
0.6569, 4933
0.6575, 4932
0.6581, 4931
0.6587, 4930
0.6594, 4929
0.6601, 4928
0.6606, 4927
0.6613, 4926
0.6621, 4925
0.6627, 4924
0.6633, 4923
0.6641, 4922
0.6648, 4921
0.6653, 4920
0.6659, 4919
0.6669, 4918
0.6678, 4917
0.6683, 4916
0.6692, 4915
0.6697, 4914
0.6703, 4913
0.6708, 4912
0.6713, 4911
0.6719, 4910
0.6724, 4909
0.6734, 4908
0.6739, 4907
0.6744, 4906
0.6750, 4905
0.6756, 4904
0.6762, 4903
0.6767, 4902
0.6774, 4901
0.6780, 4900
0.6790, 4899
0.6797, 4898
0.6802, 4897
0.6808, 4896
0.6813, 4895
0.6820, 4894
0.6827, 4893
0.6832, 4892
0.6841, 4891
0.6848, 4890
0.6856, 4889
0.6861, 4888
0.6867, 4887
0.6873, 4886
0.6879, 4885
0.6884, 4884
0.6891, 4883
0.6896, 4882
0.6902, 4881
0.6908, 4880
0.6915, 4879
0.6924, 4878
0.6929, 4877
0.6935, 4876
0.6942, 4875
0.6948, 4874
0.6953, 4873
0.6959, 4872
0.6967, 4871
0.6975, 4870
0.6983, 4869
0.6991, 4868
0.6996, 4867
0.7002, 4866
0.7007, 4865
0.7016, 4864
0.7025, 4863
0.7030, 4862
0.7036, 4861
0.7043, 4860
0.7050, 4859
0.7058, 4858
0.7064, 4857
0.7071, 4856
0.7080, 4855
0.7086, 4854
0.7096, 4853
0.7102, 4852
0.7107, 4851
0.7114, 4850
0.7122, 4849
0.7129, 4848
0.7136, 4847
0.7141, 4846
0.7147, 4845
0.7154, 4844
0.7160, 4843
0.7165, 4842
0.7170, 4841
0.7177, 4840
0.7184, 4839
0.7194, 4838
0.7202, 4837
0.7208, 4836
0.7213, 4835
0.7219, 4834
0.7226, 4833
0.7232, 4832
0.7237, 4831
0.7247, 4830
0.7252, 4829
0.7258, 4828
0.7265, 4827
0.7274, 4826
0.7282, 4825
0.7288, 4824
0.7295, 4823
0.7300, 4822
0.7306, 4821
0.7312, 4820
0.7317, 4819
0.7323, 4818
0.7329, 4817
0.7334, 4816
0.7339, 4815
0.7345, 4814
0.7353, 4813
0.7362, 4812
0.7369, 4811
0.7374, 4810
0.7383, 4809
0.7388, 4808
0.7393, 4807
0.7398, 4806
0.7403, 4805
0.7412, 4804
0.7421, 4803
0.7426, 4802
0.7431, 4801
0.7438, 4800
0.7444, 4799
0.7450, 4798
0.7455, 4797
0.7461, 4796
0.7467, 4795
0.7474, 4794
0.7481, 4793
0.7486, 4792
0.7494, 4791
0.7499, 4790
0.7507, 4789
0.7513, 4788
0.7519, 4787
0.7525, 4786
0.7531, 4785
0.7536, 4784
0.7542, 4783
0.7549, 4782
0.7555, 4781
0.7563, 4780
0.7572, 4779
0.7577, 4778
0.7585, 4777
0.7591, 4776
0.7597, 4775
0.7602, 4774
0.7612, 4773
0.7618, 4772
0.7625, 4771
0.7630, 4770
0.7636, 4769
0.7645, 4768
0.7651, 4767
0.7656, 4766
0.7662, 4765
0.7671, 4764
0.7680, 4763
0.7686, 4762
0.7692, 4761
0.7697, 4760
0.7703, 4759
0.7714, 4758
0.7721, 4757
0.7726, 4756
0.7734, 4755
0.7740, 4754
0.7745, 4753
0.7751, 4752
0.7756, 4751
0.7764, 4750
0.7770, 4749
0.7775, 4748
0.7781, 4747
0.7790, 4746
0.7796, 4745
0.7804, 4744
0.7811, 4743
0.7820, 4742
0.7827, 4741
0.7833, 4740
0.7838, 4739
0.7844, 4738
0.7849, 4737
0.7856, 4736
0.7864, 4735
0.7869, 4734
0.7876, 4733
0.7881, 4732
0.7886, 4731
0.7894, 4730
0.7900, 4729
0.7905, 4728
0.7911, 4727
0.7919, 4726
0.7927, 4725
0.7935, 4724
0.7944, 4723
0.7949, 4722
0.7956, 4721
0.7965, 4720
0.7970, 4719
0.7976, 4718
0.7981, 4717
0.7989, 4716
0.7997, 4715
0.8004, 4714
0.8013, 4713
0.8018, 4712
0.8026, 4711
0.8033, 4710
0.8043, 4709
0.8050, 4708
0.8058, 4707
0.8064, 4706
0.8073, 4705
0.8079, 4704
0.8087, 4703
0.8096, 4702
0.8105, 4701
0.8112, 4700
0.8122, 4699
0.8129, 4698
0.8137, 4697
0.8144, 4696
0.8152, 4695
0.8160, 4694
0.8169, 4693
0.8178, 4692
0.8187, 4691
0.8196, 4690
1.0235, 4689
1.2219, 4688
1.2615, 4687
1.3210, 4686
1.6170, 4685
1.6758, 4684
1.7548, 4683
1.8529, 4682
2.0312, 4681
2.1893, 4680
2.2486, 4679
2.4065, 4678
2.4664, 4677
2.6049, 4676
2.8815, 4675
2.9018, 4674
3.0018, 4673
3.2194, 4672
3.2396, 4671
3.2403, 4670
3.3995, 4669
3.4004, 4668
3.5186, 4667
3.6364, 4666
3.6370, 4665
3.6378, 4664
3.6969, 4663
4.1408, 4662
4.2403, 4661
4.6967, 4660
4.7375, 4659
4.8591, 4658
4.9581, 4657
5.2371, 4656
5.3758, 4655
5.7693, 4654
5.7698, 4653
5.8103, 4652
6.3647, 4651
6.4844, 4650
6.6041, 4649
7.2769, 4648
7.4364, 4647
7.4767, 4646
7.7556, 4645
7.7562, 4644
7.8562, 4643
7.8569, 4642
7.8966, 4641
8.3511, 4640
8.4512, 4639
8.4521, 4638
8.7706, 4637
8.9307, 4636
9.1307, 4635
9.2924, 4634
9.3331, 4633
9.6899, 4632
9.8489, 4631
10.0505, 4630
10.1304, 4629
10.2513, 4628
10.4723, 4627
10.5533, 4626
10.6540, 4625
10.6547, 4624
11.0140, 4623
11.4137, 4622
11.5143, 4621
11.6945, 4620
11.7358, 4619
11.7764, 4618
11.8175, 4617
11.9177, 4616
12.5983, 4615
12.5989, 4614
12.8183, 4613
12.9381, 4612
13.1791, 4611
13.8177, 4610
13.9182, 4609
14.2401, 4608
14.5415, 4607
14.7030, 4606
14.7430, 4605
14.7437, 4604
14.9660, 4603
15.3470, 4602
16.6476, 4601
16.7873, 4600
17.1487, 4599
17.1494, 4598
17.3098, 4597
17.5311, 4596
17.6572, 4595
18.2712, 4594
18.9478, 4593
19.1678, 4592
19.2474, 4591
19.8112, 4590
20.2537, 4589
20.4965, 4588
20.7165, 4587
21.1274, 4586
21.6439, 4585
22.6942, 4584
23.0605, 4583
23.6378, 4582
23.6386, 4581
24.2144, 4580
24.4411, 4579
24.4617, 4578
24.6426, 4577
25.1007, 4576
25.4374, 4575
26.2750, 4574
27.0122, 4573
28.1277, 4572
28.1282, 4571
29.0412, 4570
29.1030, 4569
29.5057, 4568
29.6670, 4567
