0.1084, 4688
0.1373, 4687
0.1576, 4686
0.2179, 4685
0.2483, 4684
0.3396, 4683
0.3797, 4682
0.4109, 4681
0.4717, 4680
0.5128, 4679
0.5850, 4677
0.6363, 4676
0.6571, 4675
0.6880, 4674
0.6988, 4672
0.8388, 4668
0.8596, 4666
0.8701, 4663
0.8907, 4662
0.9931, 4657
1.0451, 4650
1.2810, 4649
1.3117, 4648
1.3224, 4647
1.3528, 4645
1.3740, 4644
1.3846, 4643
1.3949, 4642
1.4054, 4641
1.5609, 4640
1.6726, 4639
1.7588, 4638
1.8329, 4636
1.9960, 4633
2.3185, 4631
2.4012, 4630
2.4336, 4628
2.5052, 4627
2.6147, 4626
2.6252, 4625
2.7802, 4623
2.9134, 4621
2.9242, 4619
2.9554, 4618
3.1005, 4617
3.1112, 4615
3.1216, 4614
3.1425, 4611
3.2361, 4610
3.3552, 4609
3.4016, 4608
3.4436, 4607
3.4849, 4604
3.5282, 4603
3.5918, 4602
3.6128, 4601
3.8288, 4600
3.8608, 4599
3.9736, 4597
4.1588, 4596
4.1692, 4594
4.2326, 4593
4.3057, 4592
4.3473, 4590
4.4504, 4589
4.5936, 4588
4.6356, 4587
5.1043, 4586
5.1757, 4585
5.3193, 4583
5.4011, 4582
5.5344, 4581
5.6569, 4580
5.6991, 4579
5.7519, 4578
6.3826, 4577
7.1630, 4576
7.2611, 4575
7.6960, 4574
7.9877, 4573
8.7093, 4572
8.7602, 4571
9.7675, 4570
9.8102, 4568
10.7634, 4567
