0.1078, 4688
0.1370, 4687
0.1579, 4683
0.1687, 4682
0.2195, 4681
0.2610, 4679
0.2715, 4677
0.2921, 4674
0.3162, 4670
0.3317, 4665
0.3523, 4664
0.3725, 4663
0.5650, 4661
0.5857, 4659
0.7176, 4658
0.7791, 4656
0.8096, 4655
0.8301, 4652
0.8506, 4651
0.9212, 4650
0.9620, 4649
1.0036, 4647
1.0250, 4646
1.0858, 4645
1.1369, 4644
1.1676, 4643
1.2085, 4642
1.2292, 4641
1.2809, 4640
1.3339, 4639
1.3543, 4638
1.4864, 4635
1.5071, 4634
1.5590, 4633
1.6605, 4632
1.7821, 4630
2.0883, 4629
2.1094, 4628
2.2118, 4627
2.2977, 4626
2.3134, 4625
2.3503, 4624
2.3912, 4620
2.4017, 4619
2.5041, 4617
2.6886, 4616
2.7607, 4615
2.7911, 4614
2.8016, 4613
3.0156, 4610
3.0360, 4609
3.0724, 4606
3.3256, 4605
3.4607, 4604
3.5960, 4603
3.7592, 4602
3.9475, 4601
4.0086, 4600
4.0394, 4599
4.2641, 4598
4.4180, 4597
4.4283, 4596
4.4589, 4595
4.4692, 4593
4.7345, 4591
4.7855, 4590
4.8270, 4589
4.8375, 4588
4.8482, 4586
4.8584, 4585
4.8689, 4584
5.1746, 4583
5.2101, 4582
5.3380, 4581
5.4002, 4580
5.4648, 4579
5.6644, 4578
5.6749, 4577
5.7676, 4575
5.8499, 4574
6.0866, 4573
6.3056, 4572
6.3568, 4571
6.6239, 4570
6.8424, 4569
7.0478, 4568
8.0233, 4567
8.0540, 4566
8.2078, 4565
9.0440, 4564
9.9255, 4563
10.0482, 4562
