0.1128, 4688
0.1427, 4687
0.1631, 4686
0.1739, 4682
0.3605, 4680
0.3710, 4679
0.4112, 4678
0.4742, 4676
0.5665, 4675
0.5874, 4673
0.6281, 4671
0.6389, 4669
0.6494, 4668
0.7105, 4661
0.7818, 4660
0.8054, 4658
0.9298, 4657
0.9613, 4656
1.0950, 4655
1.3792, 4654
1.3897, 4653
1.4005, 4651
1.4719, 4649
1.5125, 4648
1.5532, 4647
1.6048, 4645
1.6461, 4643
1.6565, 4642
1.7486, 4640
1.9403, 4639
1.9910, 4638
2.0013, 4637
2.0933, 4636
2.1039, 4633
2.1447, 4632
2.1551, 4630
2.1758, 4629
2.2369, 4628
2.3078, 4627
2.3395, 4625
2.3908, 4623
2.4011, 4622
2.4519, 4621
2.6037, 4620
2.8973, 4619
2.9684, 4618
3.2741, 4617
3.3658, 4616
3.4767, 4615
3.5994, 4614
3.8339, 4611
3.8953, 4609
3.9974, 4606
4.0182, 4604
4.0284, 4603
4.1301, 4602
4.6595, 4601
4.8269, 4600
5.2052, 4599
5.2670, 4598
6.1564, 4596
6.3150, 4595
6.6686, 4594
7.1634, 4593
7.1943, 4592
7.3275, 4590
7.7764, 4589
7.8186, 4588
8.0532, 4587
8.2267, 4586
8.2374, 4585
8.2586, 4583
8.4941, 4582
8.5560, 4581
8.7389, 4580
9.1810, 4579
9.1919, 4578
9.2127, 4576
9.4836, 4575
9.5559, 4574
9.8437, 4573
9.9062, 4572
10.2769, 4571
