0.0000, 10096
0.0009, 10095
0.0018, 10094
0.0027, 10093
0.0036, 10092
0.0045, 10091
0.0054, 10090
0.0063, 10089
0.0072, 10088
0.0081, 10087
0.0090, 10086
0.0099, 10085
0.0109, 10084
0.0118, 10083
0.0127, 10082
0.0136, 10081
0.0145, 10080
0.0154, 10079
0.0163, 10078
0.0172, 10077
0.0181, 10076
0.0190, 10075
0.0199, 10074
0.0209, 10073
0.0218, 10072
0.0227, 10071
0.0236, 10070
0.0245, 10069
0.0254, 10068
0.0263, 10067
0.0272, 10066
0.0281, 10065
0.0290, 10064
0.0299, 10063
0.0308, 10062
0.0317, 10061
0.0326, 10060
0.0336, 10059
0.0345, 10058
0.0354, 10057
0.0363, 10056
0.0372, 10055
0.0381, 10054
0.0390, 10053
0.0399, 10052
0.0408, 10051
0.0418, 10050
0.0427, 10049
0.0436, 10048
0.0445, 10047
0.0455, 10046
0.0463, 10045
0.0472, 10044
0.0481, 10043
0.0490, 10042
0.0499, 10041
0.0508, 10040
0.0517, 10039
0.0526, 10038
0.0535, 10037
0.0544, 10036
0.0553, 10035
0.0562, 10034
0.0571, 10033
0.0580, 10032
0.0589, 10031
0.0599, 10030
0.0608, 10029
0.0617, 10028
0.0626, 10027
0.0635, 10026
0.0644, 10025
0.0653, 10024
0.0662, 10023
0.0671, 10022
0.0681, 10021
0.0690, 10020
0.0699, 10019
0.0708, 10018
0.0717, 10017
0.0726, 10016
0.0735, 10015
0.0744, 10014
0.0753, 10013
0.0762, 10012
0.0771, 10011
0.0780, 10010
0.0789, 10009
0.0798, 10008
0.0807, 10007
0.0817, 10006
0.0826, 10005
0.0835, 10004
0.0844, 10003
0.0853, 10002
0.0862, 10001
0.0871, 10000
0.0880, 9999
0.0890, 9998
0.0899, 9997
0.0907, 9996
0.0916, 9995
0.0925, 9994
0.0934, 9993
0.0943, 9992
0.0952, 9991
0.0961, 9990
0.0970, 9989
0.0979, 9988
0.0987, 9987
0.0996, 9986
0.1005, 9985
0.1014, 9984
0.1023, 9983
0.1032, 9982
0.1041, 9981
0.1050, 9980
0.1058, 9979
0.1067, 9978
0.1077, 9977
0.1086, 9976
0.1095, 9975
0.1104, 9974
0.1112, 9973
0.1121, 9972
0.1130, 9971
0.1139, 9970
0.1148, 9969
0.1157, 9968
0.1166, 9967
0.1174, 9966
0.1184, 9965
0.1193, 9964
0.1202, 9963
0.1211, 9962
0.1219, 9961
0.1228, 9960
0.1237, 9959
0.1246, 9958
0.1255, 9957
0.1264, 9956
0.1272, 9955
0.1281, 9954
0.1290, 9953
0.1299, 9952
0.1308, 9951
0.1317, 9950
0.1326, 9949
0.1335, 9948
0.1343, 9947
0.1353, 9946
0.1362, 9945
0.1371, 9944
0.1380, 9943
0.1389, 9942
0.1397, 9941
0.1406, 9940
0.1416, 9939
0.1424, 9938
0.1433, 9937
0.1442, 9936
0.1451, 9935
0.1460, 9934
0.1469, 9933
0.1478, 9932
0.1487, 9931
0.1495, 9930
0.1504, 9929
0.1513, 9928
0.1523, 9927
0.1531, 9926
0.1541, 9925
0.1549, 9924
0.1558, 9923
0.1567, 9922
0.1576, 9921
0.1584, 9920
0.1593, 9919
0.1602, 9918
0.1611, 9917
0.1620, 9916
0.1629, 9915
0.1638, 9914
0.1647, 9913
0.1656, 9912
0.1665, 9911
0.1673, 9910
0.1682, 9909
0.1691, 9908
0.1700, 9907
0.1709, 9906
0.1718, 9905
0.1727, 9904
0.1736, 9903
0.1745, 9902
0.1754, 9901
0.1763, 9900
0.1772, 9899
0.1781, 9898
0.1789, 9897
0.1798, 9896
0.1807, 9895
0.1816, 9894
0.1825, 9893
0.1834, 9892
0.1843, 9891
0.1852, 9890
0.1861, 9889
0.1869, 9888
0.1878, 9887
0.1887, 9886
0.1896, 9885
0.1905, 9884
0.1914, 9883
0.1923, 9882
0.1932, 9881
0.1941, 9880
0.1950, 9879
0.1959, 9878
0.1968, 9877
0.1977, 9876
0.1986, 9875
0.1995, 9874
0.2004, 9873
0.2012, 9872
0.2021, 9871
0.2030, 9870
0.2039, 9869
0.2047, 9868
0.2056, 9867
0.2065, 9866
0.2074, 9865
0.2082, 9864
0.2092, 9863
0.2100, 9862
0.2109, 9861
0.2118, 9860
0.2127, 9859
0.2136, 9858
0.2145, 9857
0.2154, 9856
0.2163, 9855
0.2172, 9854
0.2181, 9853
0.2190, 9852
0.2199, 9851
0.2208, 9850
0.2216, 9849
0.2226, 9848
0.2235, 9847
0.2243, 9846
0.2252, 9845
0.2261, 9844
0.2270, 9843
0.2279, 9842
0.2288, 9841
0.2297, 9840
0.2306, 9839
0.2315, 9838
0.2324, 9837
0.2333, 9836
0.2343, 9835
0.2352, 9834
0.2361, 9833
0.2370, 9832
0.2378, 9831
0.2387, 9830
0.2396, 9829
0.2405, 9828
0.2414, 9827
0.2423, 9826
0.2432, 9825
0.2441, 9824
0.2450, 9823
0.2459, 9822
0.2468, 9821
0.2476, 9820
0.2485, 9819
0.2494, 9818
0.2502, 9817
0.2511, 9816
0.2520, 9815
0.2528, 9814
0.2537, 9813
0.2546, 9812
0.2555, 9811
0.2564, 9810
0.2573, 9809
0.2581, 9808
0.2590, 9807
0.2599, 9806
0.2607, 9805
0.2616, 9804
0.2625, 9803
0.2634, 9802
0.2643, 9801
0.2652, 9800
0.2661, 9799
0.2669, 9798
0.2678, 9797
0.2687, 9796
0.2696, 9795
0.2705, 9794
0.2714, 9793
0.2723, 9792
0.2732, 9791
0.2740, 9790
0.2749, 9789
0.2758, 9788
0.2767, 9787
0.2776, 9786
0.2785, 9785
0.2794, 9784
0.2803, 9783
0.2811, 9782
0.2820, 9781
0.2829, 9780
0.2838, 9779
0.2846, 9778
0.2855, 9777
0.2863, 9776
0.2872, 9775
0.2881, 9774
0.2890, 9773
0.2898, 9772
0.2907, 9771
0.2916, 9770
0.2924, 9769
0.2934, 9768
0.2942, 9767
0.2951, 9766
0.2960, 9765
0.2968, 9764
0.2977, 9763
0.2986, 9762
0.2995, 9761
0.3003, 9760
0.3012, 9759
0.3021, 9758
0.3030, 9757
0.3039, 9756
0.3047, 9755
0.3056, 9754
0.3064, 9753
0.3073, 9752
0.3082, 9751
0.3090, 9750
0.3099, 9749
0.3108, 9748
0.3116, 9747
0.3125, 9746
0.3133, 9745
0.3142, 9744
0.3151, 9743
0.3160, 9742
0.3168, 9741
0.3177, 9740
0.3186, 9739
0.3194, 9738
0.3203, 9737
0.3212, 9736
0.3221, 9735
0.3230, 9734
0.3239, 9733
0.3248, 9732
0.3256, 9731
0.3265, 9730
0.3273, 9729
0.3282, 9728
0.3291, 9727
0.3300, 9726
0.3308, 9725
0.3317, 9724
0.3326, 9723
0.3335, 9722
0.3343, 9721
0.3352, 9720
0.3361, 9719
0.3369, 9718
0.3378, 9717
0.3387, 9716
0.3395, 9715
0.3404, 9714
0.3413, 9713
0.3421, 9712
0.3430, 9711
0.3439, 9710
0.3447, 9709
0.3456, 9708
0.3465, 9707
0.3474, 9706
0.3482, 9705
0.3491, 9704
0.3500, 9703
0.3508, 9702
0.3517, 9701
0.3526, 9700
0.3534, 9699
0.3543, 9698
0.3551, 9697
0.3560, 9696
0.3569, 9695
0.3577, 9694
0.3586, 9693
0.3595, 9692
0.3604, 9691
0.3612, 9690
0.3621, 9689
0.3630, 9688
0.3639, 9687
0.3648, 9686
0.3656, 9685
0.3665, 9684
0.3673, 9683
0.3682, 9682
0.3691, 9681
0.3700, 9680
0.3708, 9679
0.3717, 9678
0.3726, 9677
0.3735, 9676
0.3743, 9675
0.3752, 9674
0.3761, 9673
0.3770, 9672
0.3779, 9671
0.3788, 9670
0.3797, 9669
0.3805, 9668
0.3814, 9667
0.3823, 9666
0.3831, 9665
0.3840, 9664
0.3849, 9663
0.3858, 9662
0.3866, 9661
0.3875, 9660
0.3884, 9659
0.3893, 9658
0.3902, 9657
0.3910, 9656
0.3919, 9655
0.3927, 9654
0.3936, 9653
0.3945, 9652
0.3953, 9651
0.3962, 9650
0.3970, 9649
0.3979, 9648
0.3988, 9647
0.3996, 9646
0.4005, 9645
0.4014, 9644
0.4022, 9643
0.4031, 9642
0.4041, 9641
0.4050, 9640
0.4059, 9639
0.4068, 9638
0.4076, 9637
0.4085, 9636
0.4093, 9635
0.4102, 9634
0.4111, 9633
0.4119, 9632
0.4128, 9631
0.4137, 9630
0.4145, 9629
0.4154, 9628
0.4162, 9627
0.4171, 9626
0.4180, 9625
0.4188, 9624
0.4197, 9623
0.4205, 9622
0.4214, 9621
0.4223, 9620
0.4231, 9619
0.4240, 9618
0.4249, 9617
0.4257, 9616
0.4266, 9615
0.4275, 9614
0.4284, 9613
0.4293, 9612
0.4301, 9611
0.4310, 9610
0.4319, 9609
0.4327, 9608
0.4336, 9607
0.4345, 9606
0.4353, 9605
0.4362, 9604
0.4371, 9603
0.4379, 9602
0.4388, 9601
0.4396, 9600
0.4405, 9599
0.4413, 9598
0.4422, 9597
0.4431, 9596
0.4440, 9595
0.4448, 9594
0.4457, 9593
0.4466, 9592
0.4474, 9591
0.4483, 9590
0.4492, 9589
0.4501, 9588
0.4509, 9587
0.4518, 9586
0.4527, 9585
0.4535, 9584
0.4544, 9583
0.4553, 9582
0.4561, 9581
0.4570, 9580
0.4579, 9579
0.4587, 9578
0.4595, 9577
0.4604, 9576
0.4613, 9575
0.4621, 9574
0.4630, 9573
0.4639, 9572
0.4648, 9571
0.4656, 9570
0.4665, 9569
0.4674, 9568
0.4682, 9567
0.4691, 9566
0.4699, 9565
0.4708, 9564
0.4717, 9563
0.4726, 9562
0.4734, 9561
0.4742, 9560
0.4751, 9559
0.4760, 9558
0.4768, 9557
0.4777, 9556
0.4785, 9555
0.4794, 9554
0.4803, 9553
0.4811, 9552
0.4820, 9551
0.4828, 9550
0.4837, 9549
0.4845, 9548
0.4854, 9547
0.4862, 9546
0.4871, 9545
0.4880, 9544
0.4889, 9543
0.4897, 9542
0.4906, 9541
0.4915, 9540
0.4923, 9539
0.4932, 9538
0.4941, 9537
0.4949, 9536
0.4958, 9535
0.4967, 9534
0.4975, 9533
0.4984, 9532
0.4992, 9531
0.5001, 9530
0.5009, 9529
0.5018, 9528
0.5026, 9527
0.5035, 9526
0.5043, 9525
0.5052, 9524
0.5060, 9523
0.5069, 9522
0.5077, 9521
0.5086, 9520
0.5094, 9519
0.5102, 9518
0.5110, 9517
0.5119, 9516
0.5127, 9515
0.5135, 9514
0.5143, 9513
0.5151, 9512
0.5159, 9511
0.5168, 9510
0.5176, 9509
0.5184, 9508
0.5193, 9507
0.5201, 9506
0.5209, 9505
0.5218, 9504
0.5226, 9503
0.5235, 9502
0.5246, 9501
0.5256, 9500
0.5266, 9499
0.5276, 9498
0.5286, 9497
0.5296, 9496
0.5306, 9495
0.5316, 9494
0.5326, 9493
0.5337, 9492
0.5347, 9491
0.5356, 9490
0.5366, 9489
0.5376, 9488
0.5386, 9487
0.5396, 9486
0.5406, 9485
0.5416, 9484
0.5426, 9483
0.5437, 9482
0.5447, 9481
0.5457, 9480
0.5467, 9479
0.5477, 9478
0.5487, 9477
0.5497, 9476
0.5507, 9475
0.5518, 9474
0.5528, 9473
0.5538, 9472
0.5548, 9471
0.5558, 9470
0.5568, 9469
0.5578, 9468
0.5588, 9467
0.5599, 9466
0.5608, 9465
0.5618, 9464
0.5628, 9463
0.5639, 9462
0.5649, 9461
0.5658, 9460
0.5668, 9459
0.5679, 9458
0.5689, 9457
0.5699, 9456
0.5709, 9455
0.5719, 9454
0.5729, 9453
0.5739, 9452
0.5749, 9451
0.5758, 9450
0.5768, 9449
0.5778, 9448
0.5788, 9447
0.5798, 9446
0.5808, 9445
0.5818, 9444
0.5828, 9443
0.5837, 9442
0.5847, 9441
0.5857, 9440
0.5867, 9439
0.5877, 9438
0.5887, 9437
0.5897, 9436
0.5907, 9435
0.5917, 9434
0.5927, 9433
0.5937, 9432
0.5947, 9431
0.5958, 9430
0.5967, 9429
0.5978, 9428
0.5987, 9427
0.5997, 9426
0.6007, 9425
0.6016, 9424
0.6026, 9423
0.6037, 9422
0.6047, 9421
0.6057, 9420
0.6066, 9419
0.6076, 9418
0.6087, 9417
0.6097, 9416
0.6107, 9415
0.6117, 9414
0.6127, 9413
0.6137, 9412
0.6147, 9411
0.6157, 9410
0.6168, 9409
0.6178, 9408
0.6188, 9407
0.6198, 9406
0.6208, 9405
0.6218, 9404
0.6228, 9403
0.6238, 9402
0.6248, 9401
0.6258, 9400
0.6267, 9399
0.6277, 9398
0.6287, 9397
0.6297, 9396
0.6307, 9395
0.6317, 9394
0.6327, 9393
0.6337, 9392
0.6347, 9391
0.6357, 9390
0.6367, 9389
0.6377, 9388
0.6386, 9387
0.6396, 9386
0.6406, 9385
0.6416, 9384
0.6426, 9383
0.6435, 9382
0.6445, 9381
0.6455, 9380
0.6465, 9379
0.6474, 9378
0.6484, 9377
0.6494, 9376
0.6504, 9375
0.6514, 9374
0.6524, 9373
0.6534, 9372
0.6544, 9371
0.6554, 9370
0.6564, 9369
0.6574, 9368
0.6583, 9367
0.6593, 9366
0.6603, 9365
0.6613, 9364
0.6622, 9363
0.6632, 9362
0.6642, 9361
0.6652, 9360
0.6662, 9359
0.6671, 9358
0.6681, 9357
0.6691, 9356
0.6701, 9355
0.6711, 9354
0.6721, 9353
0.6731, 9352
0.6740, 9351
0.6750, 9350
0.6759, 9349
0.6769, 9348
0.6779, 9347
0.6789, 9346
0.6799, 9345
0.6808, 9344
0.6818, 9343
0.6828, 9342
0.6838, 9341
0.6848, 9340
0.6857, 9339
0.6867, 9338
0.6877, 9337
0.6886, 9336
0.6896, 9335
0.6906, 9334
0.6915, 9333
0.6925, 9332
0.6935, 9331
0.6945, 9330
0.6955, 9329
0.6965, 9328
0.6974, 9327
0.6984, 9326
0.6994, 9325
0.7004, 9324
0.7013, 9323
0.7023, 9322
0.7033, 9321
0.7043, 9320
0.7053, 9319
0.7063, 9318
0.7072, 9317
0.7082, 9316
0.7091, 9315
0.7101, 9314
0.7111, 9313
0.7121, 9312
0.7131, 9311
0.7141, 9310
0.7151, 9309
0.7160, 9308
0.7170, 9307
0.7180, 9306
0.7189, 9305
0.7199, 9304
0.7209, 9303
0.7218, 9302
0.7228, 9301
0.7237, 9300
0.7247, 9299
0.7256, 9298
0.7266, 9297
0.7276, 9296
0.7285, 9295
0.7295, 9294
0.7304, 9293
0.7314, 9292
0.7324, 9291
0.7333, 9290
0.7343, 9289
0.7353, 9288
0.7362, 9287
0.7372, 9286
0.7381, 9285
0.7391, 9284
0.7401, 9283
0.7410, 9282
0.7420, 9281
0.7430, 9280
0.7439, 9279
0.7449, 9278
0.7458, 9277
0.7468, 9276
0.7477, 9275
0.7487, 9274
0.7496, 9273
0.7506, 9272
0.7515, 9271
0.7525, 9270
0.7534, 9269
0.7543, 9268
0.7553, 9267
0.7562, 9266
0.7572, 9265
0.7581, 9264
0.7591, 9263
0.7600, 9262
0.7610, 9261
0.7619, 9260
0.7629, 9259
0.7638, 9258
0.7648, 9257
0.7657, 9256
0.7667, 9255
0.7677, 9254
0.7686, 9253
0.7696, 9252
0.7706, 9251
0.7715, 9250
0.7725, 9249
0.7734, 9248
0.7744, 9247
0.7753, 9246
0.7763, 9245
0.7772, 9244
0.7782, 9243
0.7791, 9242
0.7801, 9241
0.7810, 9240
0.7820, 9239
0.7829, 9238
0.7839, 9237
0.7848, 9236
0.7858, 9235
0.7867, 9234
0.7876, 9233
0.7886, 9232
0.7896, 9231
0.7905, 9230
0.7915, 9229
0.7925, 9228
0.7935, 9227
0.7944, 9226
0.7954, 9225
0.7964, 9224
0.7974, 9223
0.7983, 9222
0.7992, 9221
0.8002, 9220
0.8011, 9219
0.8021, 9218
0.8031, 9217
0.8040, 9216
0.8049, 9215
0.8059, 9214
0.8068, 9213
0.8077, 9212
0.8087, 9211
0.8096, 9210
0.8106, 9209
0.8115, 9208
0.8125, 9207
0.8134, 9206
0.8143, 9205
0.8153, 9204
0.8162, 9203
0.8172, 9202
0.8181, 9201
0.8191, 9200
0.8200, 9199
0.8209, 9198
0.8219, 9197
0.8228, 9196
0.8238, 9195
0.8247, 9194
0.8257, 9193
0.8266, 9192
0.8275, 9191
0.8284, 9190
0.8294, 9189
0.8303, 9188
0.8312, 9187
0.8322, 9186
0.8331, 9185
0.8341, 9184
0.8350, 9183
0.8359, 9182
0.8368, 9181
0.8377, 9180
0.8387, 9179
0.8396, 9178
0.8406, 9177
0.8415, 9176
0.8424, 9175
0.8433, 9174
0.8443, 9173
0.8452, 9172
0.8462, 9171
0.8471, 9170
0.8480, 9169
0.8489, 9168
0.8499, 9167
0.8508, 9166
0.8518, 9165
0.8527, 9164
0.8537, 9163
0.8546, 9162
0.8555, 9161
0.8564, 9160
0.8574, 9159
0.8583, 9158
0.8593, 9157
0.8602, 9156
0.8611, 9155
0.8620, 9154
0.8630, 9153
0.8639, 9152
0.8648, 9151
0.8658, 9150
0.8667, 9149
0.8676, 9148
0.8686, 9147
0.8695, 9146
0.8704, 9145
0.8713, 9144
0.8722, 9143
0.8732, 9142
0.8741, 9141
0.8750, 9140
0.8759, 9139
0.8769, 9138
0.8778, 9137
0.8787, 9136
0.8797, 9135
0.8806, 9134
0.8815, 9133
0.8824, 9132
0.8833, 9131
0.8843, 9130
0.8852, 9129
0.8861, 9128
0.8871, 9127
0.8880, 9126
0.8889, 9125
0.8898, 9124
0.8908, 9123
0.8917, 9122
0.8927, 9121
0.8936, 9120
0.8945, 9119
0.8955, 9118
0.8964, 9117
0.8973, 9116
0.8982, 9115
0.8991, 9114
0.9000, 9113
0.9009, 9112
0.9019, 9111
0.9028, 9110
0.9037, 9109
0.9047, 9108
0.9056, 9107
0.9065, 9106
0.9075, 9105
0.9084, 9104
0.9093, 9103
0.9102, 9102
0.9111, 9101
0.9121, 9100
0.9130, 9099
0.9139, 9098
0.9148, 9097
0.9157, 9096
0.9166, 9095
0.9175, 9094
0.9185, 9093
0.9194, 9092
0.9203, 9091
0.9212, 9090
0.9221, 9089
0.9230, 9088
0.9239, 9087
0.9249, 9086
0.9258, 9085
0.9267, 9084
0.9276, 9083
0.9285, 9082
0.9295, 9081
0.9304, 9080
0.9312, 9079
0.9321, 9078
0.9330, 9077
0.9340, 9076
0.9349, 9075
0.9358, 9074
0.9367, 9073
0.9376, 9072
0.9385, 9071
0.9394, 9070
0.9404, 9069
0.9413, 9068
0.9423, 9067
0.9432, 9066
0.9441, 9065
0.9450, 9064
0.9459, 9063
0.9468, 9062
0.9477, 9061
0.9486, 9060
0.9495, 9059
0.9504, 9058
0.9513, 9057
0.9522, 9056
0.9532, 9055
0.9541, 9054
0.9550, 9053
0.9560, 9052
0.9569, 9051
0.9578, 9050
0.9588, 9049
0.9597, 9048
0.9606, 9047
0.9615, 9046
0.9625, 9045
0.9634, 9044
0.9643, 9043
0.9652, 9042
0.9661, 9041
0.9671, 9040
0.9680, 9039
0.9689, 9038
0.9698, 9037
0.9707, 9036
0.9717, 9035
0.9726, 9034
0.9735, 9033
0.9744, 9032
0.9754, 9031
0.9763, 9030
0.9773, 9029
0.9782, 9028
0.9791, 9027
0.9800, 9026
0.9809, 9025
0.9818, 9024
0.9828, 9023
0.9837, 9022
0.9847, 9021
0.9856, 9020
0.9865, 9019
0.9874, 9018
0.9884, 9017
0.9893, 9016
0.9902, 9015
0.9912, 9014
0.9921, 9013
0.9930, 9012
0.9939, 9011
0.9948, 9010
0.9957, 9009
0.9967, 9008
0.9976, 9007
0.9985, 9006
0.9994, 9005
1.0003, 9004
1.0013, 9003
1.0022, 9002
1.0031, 9001
1.0040, 9000
1.0049, 8999
1.0058, 8998
1.0067, 8997
1.0076, 8996
1.0085, 8995
1.0095, 8994
1.0104, 8993
1.0113, 8992
1.0122, 8991
1.0131, 8990
1.0140, 8989
1.0150, 8988
1.0159, 8987
1.0168, 8986
1.0177, 8985
1.0186, 8984
1.0195, 8983
1.0204, 8982
1.0213, 8981
1.0222, 8980
1.0232, 8979
1.0241, 8978
1.0250, 8977
1.0259, 8976
1.0268, 8975
1.0278, 8974
1.0287, 8973
1.0296, 8972
1.0305, 8971
1.0314, 8970
1.0323, 8969
1.0332, 8968
1.0342, 8967
1.0351, 8966
1.0360, 8965
1.0369, 8964
1.0378, 8963
1.0387, 8962
1.0396, 8961
1.0405, 8960
1.0414, 8959
1.0423, 8958
1.0432, 8957
1.0442, 8956
1.0451, 8955
1.0460, 8954
1.0469, 8953
1.0478, 8952
1.0488, 8951
1.0497, 8950
1.0507, 8949
1.0515, 8948
1.0524, 8947
1.0534, 8946
1.0543, 8945
1.0552, 8944
1.0560, 8943
1.0570, 8942
1.0578, 8941
1.0588, 8940
1.0597, 8939
1.0606, 8938
1.0615, 8937
1.0625, 8936
1.0634, 8935
1.0643, 8934
1.0652, 8933
1.0661, 8932
1.0670, 8931
1.0679, 8930
1.0688, 8929
1.0696, 8928
1.0705, 8927
1.0715, 8926
1.0724, 8925
1.0733, 8924
1.0742, 8923
1.0751, 8922
1.0759, 8921
1.0768, 8920
1.0777, 8919
1.0787, 8918
1.0796, 8917
1.0805, 8916
1.0814, 8915
1.0823, 8914
1.0831, 8913
1.0840, 8912
1.0849, 8911
1.0858, 8910
1.0867, 8909
1.0876, 8908
1.0885, 8907
1.0894, 8906
1.0903, 8905
1.0912, 8904
1.0921, 8903
1.0930, 8902
1.0940, 8901
1.0949, 8900
1.0958, 8899
1.0967, 8898
1.0976, 8897
1.0985, 8896
1.0994, 8895
1.1003, 8894
1.1012, 8893
1.1022, 8892
1.1031, 8891
1.1039, 8890
1.1048, 8889
1.1057, 8888
1.1066, 8887
1.1075, 8886
1.1084, 8885
1.1094, 8884
1.1102, 8883
1.1112, 8882
1.1121, 8881
1.1130, 8880
1.1138, 8879
1.1147, 8878
1.1157, 8877
1.1165, 8876
1.1174, 8875
1.1184, 8874
1.1193, 8873
1.1202, 8872
1.1210, 8871
1.1219, 8870
1.1228, 8869
1.1237, 8868
1.1246, 8867
1.1255, 8866
1.1264, 8865
1.1273, 8864
1.1281, 8863
1.1290, 8862
1.1299, 8861
1.1307, 8860
1.1316, 8859
1.1325, 8858
1.1334, 8857
1.1343, 8856
1.1352, 8855
1.1360, 8854
1.1369, 8853
1.1378, 8852
1.1387, 8851
1.1396, 8850
1.1405, 8849
1.1414, 8848
1.1423, 8847
1.1432, 8846
1.1441, 8845
1.1450, 8844
1.1459, 8843
1.1468, 8842
1.1477, 8841
1.1485, 8840
1.1494, 8839
1.1503, 8838
1.1512, 8837
1.1521, 8836
1.1530, 8835
1.1539, 8834
1.1548, 8833
1.1557, 8832
1.1565, 8831
1.1574, 8830
1.1583, 8829
1.1591, 8828
1.1600, 8827
1.1609, 8826
1.1617, 8825
1.1626, 8824
1.1635, 8823
1.1644, 8822
1.1652, 8821
1.1661, 8820
1.1670, 8819
1.1679, 8818
1.1687, 8817
1.1696, 8816
1.1705, 8815
1.1714, 8814
1.1722, 8813
1.1731, 8812
1.1740, 8811
1.1748, 8810
1.1757, 8809
1.1766, 8808
1.1774, 8807
1.1783, 8806
1.1792, 8805
1.1801, 8804
1.1809, 8803
1.1818, 8802
1.1827, 8801
1.1836, 8800
1.1845, 8799
1.1854, 8798
1.1862, 8797
1.1871, 8796
1.1879, 8795
1.1888, 8794
1.1897, 8793
1.1906, 8792
1.1915, 8791
1.1924, 8790
1.1932, 8789
1.1941, 8788
1.1949, 8787
1.1958, 8786
1.1967, 8785
1.1976, 8784
1.1984, 8783
1.1993, 8782
1.2001, 8781
1.2010, 8780
1.2019, 8779
1.2028, 8778
1.2036, 8777
1.2045, 8776
1.2053, 8775
1.2062, 8774
1.2071, 8773
1.2080, 8772
1.2088, 8771
1.2097, 8770
1.2105, 8769
1.2114, 8768
1.2123, 8767
1.2131, 8766
1.2140, 8765
1.2148, 8764
1.2157, 8763
1.2166, 8762
1.2175, 8761
1.2183, 8760
1.2192, 8759
1.2200, 8758
1.2209, 8757
1.2218, 8756
1.2226, 8755
1.2235, 8754
1.2244, 8753
1.2252, 8752
1.2260, 8751
1.2269, 8750
1.2278, 8749
1.2286, 8748
1.2294, 8747
1.2303, 8746
1.2311, 8745
1.2320, 8744
1.2329, 8743
1.2337, 8742
1.2346, 8741
1.2355, 8740
1.2363, 8739
1.2372, 8738
1.2381, 8737
1.2389, 8736
1.2398, 8735
1.2407, 8734
1.2415, 8733
1.2424, 8732
1.2433, 8731
1.2441, 8730
1.2450, 8729
1.2458, 8728
1.2467, 8727
1.2475, 8726
1.2484, 8725
1.2492, 8724
1.2501, 8723
1.2509, 8722
1.2518, 8721
1.2526, 8720
1.2535, 8719
1.2543, 8718
1.2552, 8717
1.2560, 8716
1.2569, 8715
1.2577, 8714
1.2586, 8713
1.2594, 8712
1.2603, 8711
1.2612, 8710
1.2620, 8709
1.2629, 8708
1.2637, 8707
1.2646, 8706
1.2654, 8705
1.2663, 8704
1.2671, 8703
1.2680, 8702
1.2688, 8701
1.2697, 8700
1.2705, 8699
1.2714, 8698
1.2722, 8697
1.2731, 8696
1.2739, 8695
1.2748, 8694
1.2756, 8693
1.2765, 8692
1.2773, 8691
1.2781, 8690
1.2790, 8689
1.2798, 8688
1.2807, 8687
1.2815, 8686
1.2823, 8685
1.2832, 8684
1.2841, 8683
1.2849, 8682
1.2858, 8681
1.2866, 8680
1.2875, 8679
1.2883, 8678
1.2891, 8677
1.2900, 8676
1.2908, 8675
1.2917, 8674
1.2925, 8673
1.2934, 8672
1.2942, 8671
1.2950, 8670
1.2959, 8669
1.2967, 8668
1.2975, 8667
1.2984, 8666
1.2992, 8665
1.3001, 8664
1.3009, 8663
1.3018, 8662
1.3026, 8661
1.3034, 8660
1.3042, 8659
1.3051, 8658
1.3060, 8657
1.3068, 8656
1.3076, 8655
1.3084, 8654
1.3093, 8653
1.3101, 8652
1.3109, 8651
1.3118, 8650
1.3126, 8649
1.3135, 8648
1.3143, 8647
1.3151, 8646
1.3160, 8645
1.3168, 8644
1.3176, 8643
1.3185, 8642
1.3193, 8641
1.3201, 8640
1.3210, 8639
1.3218, 8638
1.3226, 8637
1.3235, 8636
1.3243, 8635
1.3252, 8634
1.3261, 8633
1.3269, 8632
1.3277, 8631
1.3286, 8630
1.3294, 8629
1.3302, 8628
1.3310, 8627
1.3319, 8626
1.3327, 8625
1.3336, 8624
1.3344, 8623
1.3352, 8622
1.3361, 8621
1.3369, 8620
1.3377, 8619
1.3386, 8618
1.3394, 8617
1.3402, 8616
1.3410, 8615
1.3419, 8614
1.3427, 8613
1.3435, 8612
1.3443, 8611
1.3452, 8610
1.3460, 8609
1.3468, 8608
1.3477, 8607
1.3485, 8606
1.3493, 8605
1.3502, 8604
1.3510, 8603
1.3517, 8602
1.3524, 8601
1.3532, 8600
1.3540, 8599
1.3547, 8598
1.3554, 8597
1.3562, 8596
1.3569, 8595
1.3576, 8594
1.3583, 8593
1.3590, 8592
1.3598, 8591
1.3605, 8590
1.3613, 8589
1.3620, 8588
1.3627, 8587
1.3635, 8586
1.3642, 8585
1.3651, 8584
1.3658, 8583
1.3665, 8582
1.3672, 8581
1.3679, 8580
1.3687, 8579
1.3694, 8578
1.3701, 8577
1.3709, 8576
1.3716, 8575
1.3724, 8574
1.3731, 8573
1.3738, 8572
1.3746, 8571
1.3753, 8570
1.3760, 8569
1.3768, 8568
1.3775, 8567
1.3783, 8566
1.3790, 8565
1.3797, 8564
1.3804, 8563
1.3812, 8562
1.3819, 8561
1.3826, 8560
1.3833, 8559
1.3841, 8558
1.3848, 8557
1.3856, 8556
1.3863, 8555
1.3870, 8554
1.3877, 8553
1.3885, 8552
1.3892, 8551
1.3899, 8550
1.3906, 8549
1.3914, 8548
1.3921, 8547
1.3928, 8546
1.3935, 8545
1.3943, 8544
1.3950, 8543
1.3957, 8542
1.3965, 8541
1.3972, 8540
1.3979, 8539
1.3986, 8538
1.3994, 8537
1.4001, 8536
1.4008, 8535
1.4016, 8534
1.4023, 8533
1.4030, 8532
1.4037, 8531
1.4044, 8530
1.4052, 8529
1.4059, 8528
1.4066, 8527
1.4074, 8526
1.4081, 8525
1.4088, 8524
1.4095, 8523
1.4103, 8522
1.4110, 8521
1.4118, 8520
1.4125, 8519
1.4132, 8518
1.4139, 8517
1.4146, 8516
1.4154, 8515
1.4161, 8514
1.4168, 8513
1.4176, 8512
1.4183, 8511
1.4190, 8510
1.4197, 8509
1.4204, 8508
1.4211, 8507
1.4219, 8506
1.4226, 8505
1.4233, 8504
1.4240, 8503
1.4248, 8502
1.4255, 8501
1.4262, 8500
1.4269, 8499
1.4277, 8498
1.4284, 8497
1.4291, 8496
1.4298, 8495
1.4306, 8494
1.4313, 8493
1.4320, 8492
1.4327, 8491
1.4335, 8490
1.4342, 8489
1.4349, 8488
1.4356, 8487
1.4364, 8486
1.4371, 8485
1.4378, 8484
1.4386, 8483
1.4393, 8482
1.4400, 8481
1.4407, 8480
1.4414, 8479
1.4421, 8478
1.4429, 8477
1.4436, 8476
1.4443, 8475
1.4451, 8474
1.4458, 8473
1.4465, 8472
1.4473, 8471
1.4480, 8470
1.4487, 8469
1.4495, 8468
1.4502, 8467
1.4509, 8466
1.4516, 8465
1.4524, 8464
1.4531, 8463
1.4538, 8462
1.4546, 8461
1.4553, 8460
1.4561, 8459
1.4568, 8458
1.4575, 8457
1.4583, 8456
1.4590, 8455
1.4597, 8454
1.4604, 8453
1.4612, 8452
1.4619, 8451
1.4626, 8450
1.4634, 8449
1.4642, 8448
1.4649, 8447
1.4656, 8446
1.4664, 8445
1.4671, 8444
1.4678, 8443
1.4685, 8442
1.4693, 8441
1.4700, 8440
1.4707, 8439
1.4714, 8438
1.4721, 8437
1.4729, 8436
1.4736, 8435
1.4743, 8434
1.4750, 8433
1.4757, 8432
1.4764, 8431
1.4772, 8430
1.4779, 8429
1.4786, 8428
1.4794, 8427
1.4801, 8426
1.4808, 8425
1.4815, 8424
1.4822, 8423
1.4830, 8422
1.4837, 8421
1.4844, 8420
1.4852, 8419
1.4859, 8418
1.4866, 8417
1.4873, 8416
1.4880, 8415
1.4888, 8414
1.4895, 8413
1.4902, 8412
1.4909, 8411
1.4917, 8410
1.4924, 8409
1.4932, 8408
1.4939, 8407
1.4946, 8406
1.4953, 8405
1.4961, 8404
1.4968, 8403
1.4975, 8402
1.4982, 8401
1.4990, 8400
1.4997, 8399
1.5004, 8398
1.5011, 8397
1.5018, 8396
1.5026, 8395
1.5033, 8394
1.5041, 8393
1.5048, 8392
1.5055, 8391
1.5062, 8390
1.5070, 8389
1.5077, 8388
1.5084, 8387
1.5091, 8386
1.5098, 8385
1.5105, 8384
1.5113, 8383
1.5120, 8382
1.5127, 8381
1.5134, 8380
1.5141, 8379
1.5149, 8378
1.5156, 8377
1.5163, 8376
1.5170, 8375
1.5177, 8374
1.5185, 8373
1.5192, 8372
1.5199, 8371
1.5206, 8370
1.5213, 8369
1.5221, 8368
1.5228, 8367
1.5235, 8366
1.5242, 8365
1.5249, 8364
1.5257, 8363
1.5264, 8362
1.5271, 8361
1.5278, 8360
1.5286, 8359
1.5293, 8358
1.5300, 8357
1.5307, 8356
1.5315, 8355
1.5322, 8354
1.5329, 8353
1.5336, 8352
1.5344, 8351
1.5351, 8350
1.5358, 8349
1.5365, 8348
1.5373, 8347
1.5380, 8346
1.5387, 8345
1.5394, 8344
1.5401, 8343
1.5409, 8342
1.5416, 8341
1.5423, 8340
1.5430, 8339
1.5437, 8338
1.5445, 8337
1.5452, 8336
1.5459, 8335
1.5466, 8334
1.5473, 8333
1.5480, 8332
1.5487, 8331
1.5494, 8330
1.5502, 8329
1.5509, 8328
1.5516, 8327
1.5523, 8326
1.5530, 8325
1.5537, 8324
1.5544, 8323
1.5551, 8322
1.5559, 8321
1.5566, 8320
1.5573, 8319
1.5580, 8318
1.5587, 8317
1.5594, 8316
1.5601, 8315
1.5609, 8314
1.5616, 8313
1.5623, 8312
1.5630, 8311
1.5638, 8310
1.5645, 8309
1.5652, 8308
1.5659, 8307
1.5666, 8306
1.5673, 8305
1.5681, 8304
1.5688, 8303
1.5695, 8302
1.5702, 8301
1.5709, 8300
1.5716, 8299
1.5723, 8298
1.5730, 8297
1.5737, 8296
1.5745, 8295
1.5752, 8294
1.5759, 8293
1.5766, 8292
1.5773, 8291
1.5780, 8290
1.5787, 8289
1.5795, 8288
1.5802, 8287
1.5809, 8286
1.5816, 8285
1.5823, 8284
1.5830, 8283
1.5838, 8282
1.5845, 8281
1.5852, 8280
1.5859, 8279
1.5866, 8278
1.5873, 8277
1.5880, 8276
1.5887, 8275
1.5895, 8274
1.5902, 8273
1.5909, 8272
1.5916, 8271
1.5924, 8270
1.5931, 8269
1.5938, 8268
1.5945, 8267
1.5952, 8266
1.5959, 8265
1.5967, 8264
1.5974, 8263
1.5981, 8262
1.5989, 8261
1.5996, 8260
1.6003, 8259
1.6010, 8258
1.6017, 8257
1.6024, 8256
1.6032, 8255
1.6039, 8254
1.6046, 8253
1.6053, 8252
1.6060, 8251
1.6067, 8250
1.6074, 8249
1.6081, 8248
1.6089, 8247
1.6096, 8246
1.6103, 8245
1.6110, 8244
1.6117, 8243
1.6124, 8242
1.6131, 8241
1.6138, 8240
1.6145, 8239
1.6152, 8238
1.6159, 8237
1.6166, 8236
1.6173, 8235
1.6180, 8234
1.6187, 8233
1.6194, 8232
1.6201, 8231
1.6209, 8230
1.6216, 8229
1.6223, 8228
1.6230, 8227
1.6237, 8226
1.6244, 8225
1.6251, 8224
1.6258, 8223
1.6265, 8222
1.6272, 8221
1.6279, 8220
1.6286, 8219
1.6293, 8218
1.6300, 8217
1.6307, 8216
1.6314, 8215
1.6321, 8214
1.6329, 8213
1.6335, 8212
1.6342, 8211
1.6349, 8210
1.6356, 8209
1.6364, 8208
1.6371, 8207
1.6377, 8206
1.6384, 8205
1.6392, 8204
1.6399, 8203
1.6406, 8202
1.6413, 8201
1.6419, 8200
1.6427, 8199
1.6434, 8198
1.6441, 8197
1.6448, 8196
1.6455, 8195
1.6461, 8194
1.6468, 8193
1.6476, 8192
1.6483, 8191
1.6490, 8190
1.6497, 8189
1.6504, 8188
1.6511, 8187
1.6518, 8186
1.6525, 8185
1.6532, 8184
1.6539, 8183
1.6546, 8182
1.6553, 8181
1.6560, 8180
1.6568, 8179
1.6575, 8178
1.6582, 8177
1.6589, 8176
1.6596, 8175
1.6603, 8174
1.6610, 8173
1.6617, 8172
1.6624, 8171
1.6631, 8170
1.6638, 8169
1.6645, 8168
1.6652, 8167
1.6659, 8166
1.6666, 8165
1.6673, 8164
1.6680, 8163
1.6687, 8162
1.6694, 8161
1.6701, 8160
1.6708, 8159
1.6716, 8158
1.6723, 8157
1.6730, 8156
1.6737, 8155
1.6744, 8154
1.6751, 8153
1.6759, 8152
1.6766, 8151
1.6774, 8150
1.6781, 8149
1.6788, 8148
1.6796, 8147
1.6803, 8146
1.6810, 8145
1.6818, 8144
1.6825, 8143
1.6832, 8142
1.6840, 8141
1.6847, 8140
1.6855, 8139
1.6862, 8138
1.6869, 8137
1.6877, 8136
1.6884, 8135
1.6891, 8134
1.6899, 8133
1.6906, 8132
1.6914, 8131
1.6922, 8130
1.6929, 8129
1.6937, 8128
1.6944, 8127
1.6952, 8126
1.6959, 8125
1.6967, 8124
1.6974, 8123
1.6981, 8122
1.6989, 8121
1.6996, 8120
1.7004, 8119
1.7011, 8118
1.7018, 8117
1.7026, 8116
1.7033, 8115
1.7041, 8114
1.7048, 8113
1.7055, 8112
1.7063, 8111
1.7070, 8110
1.7077, 8109
1.7085, 8108
1.7092, 8107
1.7099, 8106
1.7106, 8105
1.7113, 8104
1.7120, 8103
1.7128, 8102
1.7135, 8101
1.7142, 8100
1.7149, 8099
1.7156, 8098
1.7163, 8097
1.7170, 8096
1.7177, 8095
1.7185, 8094
1.7192, 8093
1.7199, 8092
1.7206, 8091
1.7213, 8090
1.7220, 8089
1.7227, 8088
1.7234, 8087
1.7241, 8086
1.7249, 8085
1.7256, 8084
1.7263, 8083
1.7270, 8082
1.7277, 8081
1.7284, 8080
1.7291, 8079
1.7298, 8078
1.7305, 8077
1.7312, 8076
1.7319, 8075
1.7326, 8074
1.7333, 8073
1.7340, 8072
1.7347, 8071
1.7354, 8070
1.7362, 8069
1.7369, 8068
1.7376, 8067
1.7383, 8066
1.7390, 8065
1.7397, 8064
1.7404, 8063
1.7411, 8062
1.7418, 8061
1.7425, 8060
1.7432, 8059
1.7439, 8058
1.7446, 8057
1.7453, 8056
1.7460, 8055
1.7467, 8054
1.7474, 8053
1.7481, 8052
1.7488, 8051
1.7495, 8050
1.7502, 8049
1.7509, 8048
1.7516, 8047
1.7523, 8046
1.7530, 8045
1.7537, 8044
1.7544, 8043
1.7551, 8042
1.7558, 8041
1.7565, 8040
1.7572, 8039
1.7579, 8038
1.7586, 8037
1.7594, 8036
1.7601, 8035
1.7608, 8034
1.7615, 8033
1.7622, 8032
1.7629, 8031
1.7636, 8030
1.7643, 8029
1.7650, 8028
1.7657, 8027
1.7664, 8026
1.7671, 8025
1.7678, 8024
1.7685, 8023
1.7692, 8022
1.7699, 8021
1.7706, 8020
1.7713, 8019
1.7720, 8018
1.7726, 8017
1.7733, 8016
1.7740, 8015
1.7747, 8014
1.7754, 8013
1.7761, 8012
1.7768, 8011
1.7775, 8010
1.7781, 8009
1.7788, 8008
1.7795, 8007
1.7802, 8006
1.7809, 8005
1.7816, 8004
1.7823, 8003
1.7829, 8002
1.7837, 8001
1.7844, 8000
1.7851, 7999
1.7858, 7998
1.7864, 7997
1.7871, 7996
1.7878, 7995
1.7885, 7994
1.7892, 7993
1.7899, 7992
1.7906, 7991
1.7912, 7990
1.7919, 7989
1.7926, 7988
1.7933, 7987
1.7940, 7986
1.7947, 7985
1.7954, 7984
1.7961, 7983
1.7968, 7982
1.7974, 7981
1.7981, 7980
1.7988, 7979
1.7995, 7978
1.8002, 7977
1.8009, 7976
1.8016, 7975
1.8023, 7974
1.8030, 7973
1.8037, 7972
1.8043, 7971
1.8050, 7970
1.8057, 7969
1.8064, 7968
1.8071, 7967
1.8078, 7966
1.8085, 7965
1.8092, 7964
1.8099, 7963
1.8106, 7962
1.8113, 7961
1.8120, 7960
1.8126, 7959
1.8133, 7958
1.8140, 7957
1.8147, 7956
1.8154, 7955
1.8161, 7954
1.8168, 7953
1.8175, 7952
1.8182, 7951
1.8189, 7950
1.8196, 7949
1.8202, 7948
1.8209, 7947
1.8216, 7946
1.8223, 7945
1.8230, 7944
1.8237, 7943
1.8244, 7942
1.8250, 7941
1.8257, 7940
1.8264, 7939
1.8271, 7938
1.8278, 7937
1.8285, 7936
1.8292, 7935
1.8299, 7934
1.8305, 7933
1.8312, 7932
1.8319, 7931
1.8326, 7930
1.8333, 7929
1.8339, 7928
1.8347, 7927
1.8353, 7926
1.8360, 7925
1.8367, 7924
1.8374, 7923
1.8380, 7922
1.8387, 7921
1.8394, 7920
1.8401, 7919
1.8408, 7918
1.8414, 7917
1.8421, 7916
1.8428, 7915
1.8435, 7914
1.8442, 7913
1.8448, 7912
1.8455, 7911
1.8462, 7910
1.8468, 7909
1.8476, 7908
1.8482, 7907
1.8489, 7906
1.8496, 7905
1.8503, 7904
1.8509, 7903
1.8516, 7902
1.8523, 7901
1.8530, 7900
1.8537, 7899
1.8544, 7898
1.8550, 7897
1.8557, 7896
1.8564, 7895
1.8571, 7894
1.8577, 7893
1.8584, 7892
1.8591, 7891
1.8597, 7890
1.8604, 7889
1.8611, 7888
1.8617, 7887
1.8624, 7886
1.8631, 7885
1.8638, 7884
1.8645, 7883
1.8651, 7882
1.8658, 7881
1.8665, 7880
1.8672, 7879
1.8678, 7878
1.8685, 7877
1.8692, 7876
1.8699, 7875
1.8705, 7874
1.8712, 7873
1.8719, 7872
1.8729, 7871
1.8739, 7870
1.8749, 7869
1.8760, 7868
1.8771, 7867
1.8783, 7866
1.8795, 7865
1.8807, 7864
1.8817, 7863
1.8827, 7862
1.8835, 7861
1.8846, 7860
1.8855, 7859
1.8865, 7858
1.8874, 7857
1.8883, 7856
1.8893, 7855
1.8906, 7854
1.8916, 7853
1.8929, 7852
1.8939, 7851
1.8948, 7850
1.8958, 7849
1.8971, 7848
1.8981, 7847
1.8990, 7846
1.9000, 7845
1.9011, 7844
1.9021, 7843
1.9031, 7842
1.9041, 7841
1.9049, 7840
1.9060, 7839
1.9072, 7838
1.9081, 7837
1.9092, 7836
1.9102, 7835
1.9110, 7834
1.9120, 7833
1.9133, 7832
1.9142, 7831
1.9152, 7830
1.9162, 7829
1.9171, 7828
1.9181, 7827
1.9191, 7826
1.9201, 7825
1.9210, 7824
1.9221, 7823
1.9230, 7822
1.9240, 7821
1.9250, 7820
1.9260, 7819
1.9270, 7818
1.9281, 7817
1.9290, 7816
1.9299, 7815
1.9310, 7814
1.9319, 7813
1.9330, 7812
1.9340, 7811
1.9350, 7810
1.9359, 7809
1.9369, 7808
1.9379, 7807
1.9389, 7806
1.9398, 7805
1.9408, 7804
1.9418, 7803
1.9428, 7802
1.9438, 7801
1.9449, 7800
1.9460, 7799
1.9470, 7798
1.9481, 7797
1.9491, 7796
1.9501, 7795
1.9512, 7794
1.9521, 7793
1.9532, 7792
1.9542, 7791
1.9553, 7790
1.9562, 7789
1.9573, 7788
1.9583, 7787
1.9593, 7786
1.9602, 7785
1.9612, 7784
1.9621, 7783
1.9630, 7782
1.9641, 7781
1.9651, 7780
1.9662, 7779
1.9673, 7778
1.9683, 7777
1.9693, 7776
1.9703, 7775
1.9713, 7774
1.9723, 7773
1.9734, 7772
1.9744, 7771
1.9754, 7770
1.9764, 7769
1.9775, 7768
1.9785, 7767
1.9796, 7766
1.9807, 7765
1.9817, 7764
1.9828, 7763
1.9838, 7762
1.9849, 7761
1.9860, 7760
1.9870, 7759
1.9881, 7758
1.9891, 7757
1.9902, 7756
1.9913, 7755
1.9923, 7754
1.9933, 7753
1.9944, 7752
1.9955, 7751
1.9965, 7750
1.9975, 7749
1.9985, 7748
1.9996, 7747
2.0006, 7746
2.0017, 7745
2.0027, 7744
2.0036, 7743
2.0045, 7742
2.0056, 7741
2.0066, 7740
2.0076, 7739
2.0087, 7738
2.0096, 7737
2.0106, 7736
2.0116, 7735
2.0126, 7734
2.0136, 7733
2.0145, 7732
2.0155, 7731
2.0165, 7730
2.0176, 7729
2.0185, 7728
2.0195, 7727
2.0205, 7726
2.0216, 7725
2.0226, 7724
2.0238, 7723
2.0246, 7722
2.0257, 7721
2.0268, 7720
2.0279, 7719
2.0290, 7718
2.0300, 7717
2.0310, 7716
2.0320, 7715
2.0331, 7714
2.0342, 7713
2.0354, 7712
2.0363, 7711
2.0373, 7710
2.0382, 7709
2.0391, 7708
2.0400, 7707
2.0410, 7706
2.0419, 7705
2.0430, 7704
2.0439, 7703
2.0448, 7702
2.0456, 7701
2.0465, 7700
2.0475, 7699
2.0484, 7698
2.0493, 7697
2.0502, 7696
2.0511, 7695
2.0520, 7694
2.0530, 7693
2.0539, 7692
2.0549, 7691
2.0558, 7690
2.0568, 7689
2.0577, 7688
2.0587, 7687
2.0596, 7686
2.0605, 7685
2.0614, 7684
2.0622, 7683
2.0631, 7682
2.0641, 7681
2.0650, 7680
2.0659, 7679
2.0669, 7678
2.0678, 7677
2.0686, 7676
2.0695, 7675
2.0703, 7674
2.0712, 7673
2.0721, 7672
2.0731, 7671
2.0741, 7670
2.0750, 7669
2.0759, 7668
2.0769, 7667
2.0778, 7666
2.0788, 7665
2.0798, 7664
2.0807, 7663
2.0817, 7662
2.0825, 7661
2.0835, 7660
2.0847, 7659
2.0858, 7658
2.0869, 7657
2.0879, 7656
2.0890, 7655
2.0901, 7654
2.0913, 7653
2.0923, 7652
2.0933, 7651
2.0945, 7650
2.0956, 7649
2.0965, 7648
2.0975, 7647
2.0984, 7646
2.0994, 7645
2.1005, 7644
2.1016, 7643
2.1027, 7642
2.1038, 7641
2.1049, 7640
2.1060, 7639
2.1069, 7638
2.1081, 7637
2.1094, 7636
2.1106, 7635
2.1117, 7634
2.1129, 7633
2.1142, 7632
2.1153, 7631
2.1165, 7630
2.1176, 7629
2.1188, 7628
2.1200, 7627
2.1212, 7626
2.1224, 7625
2.1236, 7624
2.1247, 7623
2.1260, 7622
2.1272, 7621
2.1283, 7620
2.1296, 7619
2.1308, 7618
2.1320, 7617
2.1331, 7616
2.1343, 7615
2.1354, 7614
2.1365, 7613
2.1375, 7612
2.1385, 7611
2.1395, 7610
2.1406, 7609
2.1418, 7608
2.1429, 7607
2.1440, 7606
2.1452, 7605
2.1464, 7604
2.1475, 7603
2.1487, 7602
2.1497, 7601
2.1509, 7600
2.1521, 7599
2.1533, 7598
2.1543, 7597
2.1555, 7596
2.1566, 7595
2.1577, 7594
2.1589, 7593
2.1600, 7592
2.1611, 7591
2.1623, 7590
2.1635, 7589
2.1647, 7588
2.1659, 7587
2.1671, 7586
2.1683, 7585
2.1695, 7584
2.1707, 7583
2.1720, 7582
2.1731, 7581
2.1743, 7580
2.1754, 7579
2.1766, 7578
2.1777, 7577
2.1788, 7576
2.1800, 7575
2.1812, 7574
2.1824, 7573
2.1834, 7572
2.1846, 7571
2.1859, 7570
2.1871, 7569
2.1881, 7568
2.1894, 7567
2.1905, 7566
2.1916, 7565
2.1925, 7564
2.1937, 7563
2.1949, 7562
2.1962, 7561
2.1972, 7560
2.1984, 7559
2.1994, 7558
2.2004, 7557
2.2015, 7556
2.2027, 7555
2.2037, 7554
2.2048, 7553
2.2059, 7552
2.2071, 7551
2.2081, 7550
2.2093, 7549
2.2105, 7548
2.2115, 7547
2.2128, 7546
2.2138, 7545
2.2149, 7544
2.2161, 7543
2.2171, 7542
2.2183, 7541
2.2193, 7540
2.2205, 7539
2.2215, 7538
2.2226, 7537
2.2238, 7536
2.2249, 7535
2.2261, 7534
2.2273, 7533
2.2286, 7532
2.2298, 7531
2.2310, 7530
2.2322, 7529
2.2334, 7528
2.2347, 7527
2.2358, 7526
2.2370, 7525
2.2380, 7524
2.2390, 7523
2.2399, 7522
2.2409, 7521
2.2420, 7520
2.2431, 7519
2.2439, 7518
2.2448, 7517
2.2456, 7516
2.2465, 7515
2.2475, 7514
2.2484, 7513
2.2493, 7512
2.2502, 7511
2.2512, 7510
2.2520, 7509
2.2530, 7508
2.2539, 7507
2.2549, 7506
2.2557, 7505
2.2566, 7504
2.2575, 7503
2.2585, 7502
2.2595, 7501
2.2603, 7500
2.2613, 7499
2.2622, 7498
2.2631, 7497
2.2640, 7496
2.2649, 7495
2.2659, 7494
2.2668, 7493
2.2678, 7492
2.2688, 7491
2.2697, 7490
2.2705, 7489
2.2713, 7488
2.2722, 7487
2.2731, 7486
2.2741, 7485
2.2751, 7484
2.2760, 7483
2.2769, 7482
2.2779, 7481
2.2789, 7480
2.2798, 7479
2.2806, 7478
2.2816, 7477
2.2826, 7476
2.2834, 7475
2.2843, 7474
2.2852, 7473
2.2861, 7472
2.2870, 7471
2.2880, 7470
2.2890, 7469
2.2898, 7468
3.1096, 7467
10.4643, 7466
11.2732, 7465
11.2739, 7464
12.7393, 7463
14.5382, 7462
14.8957, 7461
14.8966, 7460
15.1312, 7459
16.7431, 7458
20.7414, 7457
20.9028, 7456
21.0389, 7455
21.0890, 7454
21.4207, 7453
21.4462, 7452
21.7896, 7451
21.7905, 7450
21.7914, 7449
21.8538, 7448
21.9656, 7447
21.9794, 7446
21.9801, 7445
22.1029, 7444
22.1036, 7443
22.7961, 7442
22.9663, 7441
23.1638, 7440
23.1644, 7439
23.5549, 7438
23.5562, 7437
23.8307, 7436
23.8945, 7435
24.0207, 7434
24.0214, 7433
24.1710, 7432
24.1847, 7431
24.2974, 7430
24.2981, 7429
24.4479, 7428
24.4752, 7427
24.4759, 7426
24.6126, 7425
24.6133, 7424
24.7247, 7423
24.8251, 7422
25.0712, 7421
25.0967, 7420
25.2555, 7419
25.3658, 7418
25.6833, 7417
25.6840, 7416
25.9639, 7415
25.9646, 7414
26.1718, 7413
26.2093, 7412
26.2103, 7411
26.4014, 7410
26.4275, 7409
26.6229, 7408
26.6848, 7407
26.9517, 7406
26.9526, 7405
27.0267, 7404
27.0651, 7403
27.0788, 7402
27.0795, 7401
27.1049, 7400
27.1305, 7399
27.2671, 7398
27.2679, 7397
27.5405, 7396
27.5542, 7395
27.6294, 7394
27.6798, 7393
28.0514, 7392
28.0526, 7391
28.0906, 7390
28.0914, 7389
28.2779, 7388
28.3162, 7387
28.5035, 7386
28.5904, 7385
28.6041, 7384
28.7038, 7383
28.7558, 7382
28.7700, 7381
28.7707, 7380
29.0061, 7379
29.0320, 7378
29.2058, 7377
29.2810, 7376
29.5661, 7375
29.5673, 7374
29.7041, 7373
29.7305, 7372
29.8064, 7371
29.8071, 7370
