0.1088, 4688
0.1401, 4685
0.2008, 4681
0.2214, 4680
0.3815, 4679
0.4610, 4678
0.6130, 4674
0.6335, 4673
0.7439, 4671
0.7544, 4670
0.7754, 4669
0.7865, 4666
0.7974, 4664
0.8525, 4660
0.8878, 4659
0.9280, 4658
0.9881, 4657
1.0087, 4656
1.0491, 4655
1.0596, 4653
1.0707, 4651
1.0811, 4650
1.1625, 4648
1.3148, 4643
1.3771, 4642
1.4371, 4641
1.4978, 4640
1.5081, 4639
1.5584, 4638
1.5894, 4636
1.6195, 4634
1.6300, 4633
1.6502, 4631
1.7210, 4630
1.7517, 4629
1.7837, 4622
1.7946, 4621
1.8996, 4620
1.9206, 4619
1.9927, 4618
2.1458, 4617
2.2482, 4615
2.5633, 4614
2.5942, 4611
2.7873, 4610
2.9197, 4609
2.9714, 4608
3.2343, 4607
3.2446, 4606
3.2549, 4605
3.3465, 4604
3.4877, 4603
3.7563, 4602
3.9251, 4601
3.9357, 4600
4.3510, 4599
4.3614, 4598
4.5243, 4596
4.5552, 4595
4.6323, 4593
4.6984, 4592
4.7086, 4591
5.0230, 4590
5.0433, 4589
5.2265, 4588
5.6006, 4587
5.8862, 4586
6.0999, 4585
6.1309, 4583
6.2129, 4582
6.2648, 4581
6.4229, 4580
6.5345, 4579
6.6632, 4578
6.8506, 4577
7.0055, 4576
7.0367, 4575
7.0678, 4574
7.3179, 4573
8.1272, 4572
8.1989, 4571
8.6149, 4570
8.7065, 4569
10.1703, 4568
