0.1107, 4688
0.1404, 4687
0.1513, 4685
0.1926, 4684
0.2428, 4681
0.2742, 4680
0.3111, 4679
0.3467, 4678
0.3673, 4677
0.4276, 4676
0.4894, 4674
0.5410, 4673
0.6020, 4672
0.7231, 4671
0.8480, 4668
0.8791, 4667
0.9094, 4666
0.9712, 4665
0.9925, 4661
1.0849, 4660
1.1781, 4658
1.1986, 4657
1.2093, 4656
1.3099, 4655
1.3813, 4652
1.4319, 4650
1.4930, 4649
1.5034, 4648
1.5239, 4647
1.5443, 4645
1.5747, 4644
1.7668, 4643
1.8344, 4639
1.9290, 4638
2.0805, 4636
2.1416, 4634
2.1722, 4633
2.2933, 4630
2.3248, 4626
2.4252, 4625
2.5457, 4624
2.5961, 4623
2.6303, 4621
2.6648, 4620
2.7160, 4617
2.7265, 4615
2.9773, 4614
3.0276, 4613
3.2212, 4612
3.2719, 4611
3.3021, 4610
3.4130, 4609
3.5336, 4608
3.5539, 4607
3.6474, 4606
3.7662, 4605
3.8380, 4602
4.0053, 4601
4.0260, 4597
4.0875, 4596
4.2598, 4595
4.2700, 4594
4.3111, 4593
4.3928, 4592
4.4030, 4591
4.6745, 4590
4.8147, 4589
4.8556, 4588
4.9566, 4587
5.0593, 4586
5.1700, 4585
5.3119, 4584
5.3627, 4583
5.4135, 4582
5.9864, 4581
6.1080, 4579
6.1698, 4578
6.3525, 4577
6.3931, 4576
8.6980, 4574
8.9721, 4573
9.5173, 4572
9.6465, 4571
9.8588, 4570
10.4960, 4569
