0.1088, 4688
0.1386, 4687
0.1793, 4684
0.2036, 4681
0.3102, 4680
0.4013, 4679
0.5040, 4678
0.5143, 4677
0.5349, 4670
0.5454, 4669
0.5974, 4666
0.7006, 4665
0.7110, 4662
0.7419, 4661
0.9547, 4657
1.0499, 4655
1.0706, 4654
1.0815, 4653
1.2552, 4652
1.2658, 4651
1.3081, 4649
1.3188, 4648
1.3623, 4643
1.4710, 4642
1.5184, 4641
1.7234, 4640
1.7847, 4639
1.8153, 4638
1.8564, 4637
1.8882, 4635
1.9408, 4632
2.0971, 4631
2.1077, 4630
2.1183, 4629
2.1498, 4627
2.3126, 4626
2.3983, 4625
2.4612, 4622
2.5030, 4621
2.6839, 4618
2.8008, 4617
2.9231, 4615
3.0621, 4614
3.2081, 4613
3.3661, 4612
3.3764, 4611
3.5022, 4610
3.6386, 4609
3.7348, 4608
3.8374, 4607
3.8588, 4605
3.8693, 4604
3.9101, 4603
4.0245, 4602
4.4819, 4599
4.5370, 4598
4.6498, 4597
4.8639, 4596
4.9151, 4594
5.3959, 4593
5.4372, 4592
5.6612, 4591
6.2067, 4590
7.7136, 4589
7.7863, 4588
7.8786, 4587
7.9303, 4586
7.9718, 4584
7.9927, 4583
8.0235, 4582
8.0854, 4581
8.3048, 4580
8.4506, 4579
8.4830, 4577
8.8128, 4576
10.3049, 4575
