0.1094, 4688
0.1392, 4687
0.1910, 4684
0.2930, 4680
0.3035, 4679
0.3344, 4678
0.3451, 4674
0.3761, 4671
0.3872, 4669
0.4813, 4668
0.5021, 4667
0.5228, 4666
0.8704, 4665
0.9250, 4664
0.9674, 4663
0.9980, 4662
1.1100, 4661
1.2115, 4658
1.2934, 4657
1.3036, 4656
1.3350, 4654
1.3570, 4653
1.4223, 4652
1.5846, 4651
1.7107, 4645
1.8054, 4644
1.9436, 4642
2.0318, 4640
2.2334, 4637
2.2975, 4636
2.3743, 4635
2.4480, 4634
2.4696, 4632
2.5758, 4631
2.6382, 4630
2.7746, 4629
2.8266, 4626
2.8485, 4625
3.2147, 4624
3.2706, 4623
3.3115, 4622
3.3320, 4620
3.3424, 4619
3.3530, 4618
3.5077, 4616
3.5597, 4613
3.5808, 4612
3.6839, 4611
3.8713, 4609
4.5198, 4607
4.5511, 4606
4.5940, 4605
4.6933, 4604
4.7662, 4603
5.0932, 4602
5.1143, 4600
5.1558, 4599
5.8333, 4596
6.0623, 4595
6.2805, 4594
6.3117, 4593
6.3843, 4591
6.8078, 4590
6.8602, 4589
7.0072, 4587
7.4949, 4586
7.9364, 4585
8.1244, 4584
8.2283, 4582
8.2797, 4581
8.3693, 4580
8.3884, 4579
8.7479, 4577
9.1045, 4576
9.7026, 4575
9.8792, 4574
10.5529, 4573
