0.1083, 4688
0.1378, 4687
0.2092, 4686
0.2600, 4685
0.4336, 4684
0.4954, 4680
0.5263, 4679
0.5781, 4678
0.6297, 4676
0.6715, 4675
0.7744, 4674
0.9678, 4673
1.0287, 4667
1.1596, 4666
1.2110, 4664
1.2429, 4663
1.3237, 4662
1.3340, 4660
1.3545, 4659
1.5370, 4656
1.5675, 4648
1.6177, 4647
1.6778, 4646
1.7283, 4645
1.8401, 4643
1.9310, 4642
1.9414, 4641
1.9617, 4640
1.9756, 4638
2.0663, 4637
2.0971, 4636
2.1182, 4635
2.3200, 4634
2.3815, 4633
2.4513, 4632
2.4717, 4631
2.4926, 4630
2.5339, 4629
2.5652, 4628
2.7258, 4627
2.8264, 4626
3.0286, 4620
3.0391, 4619
3.0903, 4618
3.1108, 4617
3.3530, 4615
3.3634, 4614
3.4246, 4613
3.4552, 4612
3.4754, 4611
3.6509, 4609
3.6815, 4608
3.9081, 4606
4.1714, 4605
4.2125, 4604
4.2335, 4602
4.2840, 4600
4.3043, 4599
4.3146, 4598
4.3853, 4597
4.5079, 4596
4.5387, 4595
4.6093, 4594
4.6557, 4591
4.7927, 4590
4.9653, 4588
5.2202, 4587
5.3527, 4586
5.4959, 4585
5.5471, 4584
5.7498, 4583
6.1239, 4582
6.3776, 4581
6.5002, 4580
6.8355, 4579
6.9364, 4578
7.0595, 4577
7.4472, 4576
8.0306, 4575
8.0613, 4573
8.0928, 4572
8.1539, 4571
8.3882, 4570
8.4398, 4568
8.5310, 4567
8.7526, 4566
8.9779, 4565
9.1097, 4564
9.5910, 4563
10.3644, 4562
