0.0000, 5900
0.0005, 5899
0.0012, 5898
0.0018, 5897
0.0028, 5896
0.0035, 5895
0.0042, 5894
0.0048, 5893
0.0057, 5892
0.0062, 5891
0.0070, 5890
0.0075, 5889
0.0080, 5888
0.0085, 5887
0.0094, 5886
0.0104, 5885
0.0111, 5884
0.0123, 5883
0.0129, 5882
0.0140, 5881
0.0145, 5880
0.0155, 5879
0.0163, 5878
0.0172, 5877
0.0177, 5876
0.0182, 5875
0.0187, 5874
0.0194, 5873
0.0205, 5872
0.0210, 5871
0.0215, 5870
0.0220, 5869
0.0227, 5868
0.0232, 5867
0.0237, 5866
0.0241, 5865
0.0250, 5864
0.0258, 5863
0.0264, 5862
0.0269, 5861
0.0276, 5860
0.0282, 5859
0.0287, 5858
0.0293, 5857
0.0299, 5856
0.0305, 5855
0.0310, 5854
0.0315, 5853
0.0321, 5852
0.0331, 5851
0.0340, 5850
0.0345, 5849
0.0350, 5848
0.0357, 5847
0.0362, 5846
0.0367, 5845
0.0375, 5844
0.0380, 5843
0.0385, 5842
0.0390, 5841
0.0397, 5840
0.0404, 5839
0.0409, 5838
0.0415, 5837
0.0421, 5836
0.0427, 5835
0.0433, 5834
0.0438, 5833
0.0446, 5832
0.0451, 5831
0.0456, 5830
0.0464, 5829
0.0469, 5828
0.0474, 5827
0.0481, 5826
0.0490, 5825
0.0495, 5824
0.0501, 5823
0.0509, 5822
0.0515, 5821
0.0520, 5820
0.0525, 5819
0.0531, 5818
0.0536, 5817
0.0545, 5816
0.0551, 5815
0.0561, 5814
0.0570, 5813
0.0577, 5812
0.0584, 5811
0.0593, 5810
0.0600, 5809
0.0606, 5808
0.0613, 5807
0.0618, 5806
0.0626, 5805
0.0631, 5804
0.0636, 5803
0.0642, 5802
0.0647, 5801
0.0652, 5800
0.0662, 5799
0.0667, 5798
0.0673, 5797
0.0679, 5796
0.0685, 5795
0.0690, 5794
0.0697, 5793
0.0703, 5792
0.0708, 5791
0.0714, 5790
0.0719, 5789
0.0724, 5788
0.0730, 5787
0.0736, 5786
0.0749, 5785
0.0759, 5784
0.0768, 5783
0.0773, 5782
0.0778, 5781
0.0783, 5780
0.0790, 5779
0.0798, 5778
0.0804, 5777
0.0812, 5776
0.0818, 5775
0.0824, 5774
0.0831, 5773
0.0842, 5772
0.0848, 5771
0.0859, 5770
0.0865, 5769
0.0870, 5768
0.0878, 5767
0.0883, 5766
0.0890, 5765
0.0898, 5764
0.0903, 5763
0.0908, 5762
0.0914, 5761
0.0919, 5760
0.0928, 5759
0.0933, 5758
0.0939, 5757
0.0944, 5756
0.0949, 5755
0.0954, 5754
0.0962, 5753
0.0969, 5752
0.0974, 5751
0.0979, 5750
0.0985, 5749
0.0994, 5748
0.0999, 5747
0.1004, 5746
0.1013, 5745
0.1024, 5744
0.1030, 5743
0.1035, 5742
0.1041, 5741
0.1051, 5740
0.1057, 5739
0.1062, 5738
0.1068, 5737
0.1074, 5736
0.1079, 5735
0.1085, 5734
0.1090, 5733
0.1096, 5732
0.1101, 5731
0.1107, 5730
0.1113, 5729
0.1118, 5728
0.1123, 5727
0.1129, 5726
0.1135, 5725
0.1142, 5724
0.1148, 5723
0.1158, 5722
0.1165, 5721
0.1170, 5720
0.1177, 5719
0.1185, 5718
0.1195, 5717
0.1203, 5716
0.1212, 5715
0.1222, 5714
0.1227, 5713
0.1233, 5712
0.1239, 5711
0.1245, 5710
0.1250, 5709
0.1258, 5708
0.1265, 5707
0.1272, 5706
0.1277, 5705
0.1282, 5704
0.1288, 5703
0.1294, 5702
0.1299, 5701
0.1306, 5700
0.1316, 5699
0.1322, 5698
0.1327, 5697
0.1332, 5696
0.1343, 5695
0.1350, 5694
0.1356, 5693
0.1362, 5692
0.1367, 5691
0.1373, 5690
0.1378, 5689
0.1384, 5688
0.1390, 5687
0.1396, 5686
0.1405, 5685
0.1411, 5684
0.1416, 5683
0.1423, 5682
0.1429, 5681
0.1435, 5680
0.1442, 5679
0.1447, 5678
0.1453, 5677
0.1459, 5676
0.1465, 5675
0.1470, 5674
0.1475, 5673
0.1481, 5672
0.1487, 5671
0.1492, 5670
0.1498, 5669
0.1504, 5668
0.1510, 5667
0.1515, 5666
0.1521, 5665
0.1527, 5664
0.1533, 5663
0.1538, 5662
0.1548, 5661
0.1554, 5660
0.1562, 5659
0.1568, 5658
0.1580, 5657
0.1590, 5656
0.1599, 5655
0.1606, 5654
0.1614, 5653
0.1620, 5652
0.1626, 5651
0.1631, 5650
0.1637, 5649
0.1642, 5648
0.1650, 5647
0.1656, 5646
0.1661, 5645
0.1668, 5644
0.1674, 5643
0.1680, 5642
0.1686, 5641
0.1693, 5640
0.1701, 5639
0.1709, 5638
0.1715, 5637
0.1721, 5636
0.1727, 5635
0.1738, 5634
0.1744, 5633
0.1754, 5632
0.1763, 5631
0.1769, 5630
0.1779, 5629
0.1787, 5628
0.1793, 5627
0.1804, 5626
0.1812, 5625
0.1819, 5624
0.1827, 5623
0.1833, 5622
0.1839, 5621
0.1846, 5620
0.1852, 5619
0.1862, 5618
0.1867, 5617
0.1873, 5616
0.1879, 5615
0.1885, 5614
0.1894, 5613
0.1900, 5612
0.1905, 5611
0.1911, 5610
0.1919, 5609
0.1925, 5608
0.1931, 5607
0.1936, 5606
0.1941, 5605
0.1948, 5604
0.1953, 5603
0.1958, 5602
0.1964, 5601
0.1969, 5600
0.1975, 5599
0.1980, 5598
0.1985, 5597
0.1990, 5596
0.1996, 5595
0.2004, 5594
0.2010, 5593
0.2019, 5592
0.2025, 5591
0.2033, 5590
0.2041, 5589
0.2050, 5588
0.2056, 5587
0.2062, 5586
0.2068, 5585
0.2075, 5584
0.2085, 5583
0.2091, 5582
0.2098, 5581
0.2103, 5580
0.2110, 5579
0.2117, 5578
0.2123, 5577
0.2133, 5576
0.2139, 5575
0.2144, 5574
0.2152, 5573
0.2157, 5572
0.2163, 5571
0.2170, 5570
0.2179, 5569
0.2185, 5568
0.2193, 5567
0.2199, 5566
0.2204, 5565
0.2210, 5564
0.2217, 5563
0.2229, 5562
0.2235, 5561
0.2241, 5560
0.2246, 5559
0.2252, 5558
0.2257, 5557
0.2267, 5556
0.2273, 5555
0.2278, 5554
0.2285, 5553
0.2294, 5552
0.2300, 5551
0.2306, 5550
0.2313, 5549
0.2318, 5548
0.2325, 5547
0.2331, 5546
0.2337, 5545
0.2342, 5544
0.2348, 5543
0.2353, 5542
0.2360, 5541
0.2366, 5540
0.2371, 5539
0.2377, 5538
0.2382, 5537
0.2388, 5536
0.2393, 5535
0.2400, 5534
0.2409, 5533
0.2414, 5532
0.2420, 5531
0.2425, 5530
0.2432, 5529
0.2437, 5528
0.2443, 5527
0.2448, 5526
0.2456, 5525
0.2462, 5524
0.2469, 5523
0.2477, 5522
0.2488, 5521
0.2496, 5520
0.2503, 5519
0.2509, 5518
0.2515, 5517
0.2521, 5516
0.2527, 5515
0.2535, 5514
0.2541, 5513
0.2548, 5512
0.2553, 5511
0.2559, 5510
0.2564, 5509
0.2571, 5508
0.2577, 5507
0.2584, 5506
0.2589, 5505
0.2595, 5504
0.2601, 5503
0.2610, 5502
0.2616, 5501
0.2622, 5500
0.2628, 5499
0.2637, 5498
0.2643, 5497
0.2650, 5496
0.2656, 5495
0.2662, 5494
0.2669, 5493
0.2675, 5492
0.2681, 5491
0.2691, 5490
0.2699, 5489
0.2705, 5488
0.2710, 5487
0.2716, 5486
0.2721, 5485
0.2731, 5484
0.2737, 5483
0.2742, 5482
0.2752, 5481
0.2758, 5480
0.2763, 5479
0.2769, 5478
0.2775, 5477
0.2781, 5476
0.2787, 5475
0.2792, 5474
0.2800, 5473
0.2806, 5472
0.2812, 5471
0.2818, 5470
0.2824, 5469
0.2829, 5468
0.2835, 5467
0.2841, 5466
0.2851, 5465
0.2856, 5464
0.2862, 5463
0.2867, 5462
0.2873, 5461
0.2879, 5460
0.2885, 5459
0.2891, 5458
0.2896, 5457
0.2902, 5456
0.2910, 5455
0.2917, 5454
0.2923, 5453
0.2929, 5452
0.2935, 5451
0.2942, 5450
0.2948, 5449
0.2956, 5448
0.2962, 5447
0.2967, 5446
0.2973, 5445
0.2978, 5444
0.2989, 5443
0.2995, 5442
0.3001, 5441
0.3006, 5440
0.3013, 5439
0.3019, 5438
0.3029, 5437
0.3036, 5436
0.3042, 5435
0.3048, 5434
0.3054, 5433
0.3060, 5432
0.3070, 5431
0.3075, 5430
0.3081, 5429
0.3087, 5428
0.3092, 5427
0.3099, 5426
0.3108, 5425
0.3114, 5424
0.3120, 5423
0.3128, 5422
0.3135, 5421
0.3141, 5420
0.3151, 5419
0.3157, 5418
0.3162, 5417
0.3173, 5416
0.3178, 5415
0.3185, 5414
0.3191, 5413
0.3197, 5412
0.3203, 5411
0.3208, 5410
0.3214, 5409
0.3219, 5408
0.3225, 5407
0.3232, 5406
0.3239, 5405
0.3248, 5404
0.3255, 5403
0.3263, 5402
0.3269, 5401
0.3274, 5400
0.3282, 5399
0.3291, 5398
0.3298, 5397
0.3304, 5396
0.3311, 5395
0.3319, 5394
0.3327, 5393
0.3333, 5392
0.3340, 5391
0.3346, 5390
0.3351, 5389
0.3357, 5388
0.3363, 5387
0.3369, 5386
0.3377, 5385
0.3382, 5384
0.3389, 5383
0.3396, 5382
0.3403, 5381
0.3409, 5380
0.3415, 5379
0.3420, 5378
0.3428, 5377
0.3434, 5376
0.3440, 5375
0.3447, 5374
0.3454, 5373
0.3460, 5372
0.3465, 5371
0.3472, 5370
0.3478, 5369
0.3486, 5368
0.3492, 5367
0.3498, 5366
0.3506, 5365
0.3512, 5364
0.3519, 5363
0.3529, 5362
0.3536, 5361
0.3543, 5360
0.3550, 5359
0.3557, 5358
0.3564, 5357
0.3574, 5356
0.3580, 5355
0.3587, 5354
0.3593, 5353
0.3600, 5352
0.3606, 5351
0.3614, 5350
0.3620, 5349
0.3626, 5348
0.3632, 5347
0.3638, 5346
0.3646, 5345
0.3655, 5344
0.3660, 5343
0.3667, 5342
0.3674, 5341
0.3679, 5340
0.3685, 5339
0.3690, 5338
0.3696, 5337
0.3702, 5336
0.3708, 5335
0.3714, 5334
0.3721, 5333
0.3730, 5332
0.3740, 5331
0.3745, 5330
0.3751, 5329
0.3757, 5328
0.3763, 5327
0.3769, 5326
0.3775, 5325
0.3780, 5324
0.3786, 5323
0.3797, 5322
0.3806, 5321
0.3815, 5320
0.3823, 5319
0.3829, 5318
0.3834, 5317
0.3840, 5316
0.3847, 5315
0.3854, 5314
0.3861, 5313
0.3867, 5312
0.3875, 5311
0.3882, 5310
0.3888, 5309
0.3894, 5308
0.3903, 5307
0.3910, 5306
0.3916, 5305
0.3922, 5304
0.3928, 5303
0.3935, 5302
0.3941, 5301
0.3946, 5300
0.3952, 5299
0.3958, 5298
0.3964, 5297
0.3969, 5296
0.3977, 5295
0.3984, 5294
0.3989, 5293
0.3995, 5292
0.4003, 5291
0.4010, 5290
0.4017, 5289
0.4026, 5288
0.4032, 5287
0.4038, 5286
0.4044, 5285
0.4050, 5284
0.4057, 5283
0.4063, 5282
0.4068, 5281
0.4074, 5280
0.4079, 5279
0.4085, 5278
0.4091, 5277
0.4097, 5276
0.4105, 5275
0.4111, 5274
0.4120, 5273
0.4125, 5272
0.4131, 5271
0.4136, 5270
0.4143, 5269
0.4150, 5268
0.4155, 5267
0.4160, 5266
0.4166, 5265
0.4173, 5264
0.4180, 5263
0.4186, 5262
0.4192, 5261
0.4197, 5260
0.4205, 5259
0.4211, 5258
0.4217, 5257
0.4224, 5256
0.4231, 5255
0.4237, 5254
0.4247, 5253
0.4255, 5252
0.4261, 5251
0.4272, 5250
0.4278, 5249
0.4283, 5248
0.4289, 5247
0.4296, 5246
0.4303, 5245
0.4309, 5244
0.4316, 5243
0.4321, 5242
0.4327, 5241
0.4333, 5240
0.4339, 5239
0.4344, 5238
0.4350, 5237
0.4359, 5236
0.4365, 5235
0.4371, 5234
0.4377, 5233
0.4382, 5232
0.4390, 5231
0.4396, 5230
0.4401, 5229
0.4407, 5228
0.4414, 5227
0.4422, 5226
0.4427, 5225
0.4433, 5224
0.4443, 5223
0.4451, 5222
0.4458, 5221
0.4466, 5220
0.4473, 5219
0.4478, 5218
0.4483, 5217
0.4490, 5216
0.4497, 5215
0.4504, 5214
0.4510, 5213
0.4517, 5212
0.4524, 5211
0.4532, 5210
0.4540, 5209
0.4546, 5208
0.4553, 5207
0.4561, 5206
0.4568, 5205
0.4575, 5204
0.4583, 5203
0.4589, 5202
0.4596, 5201
0.4602, 5200
0.4609, 5199
0.4616, 5198
0.4623, 5197
0.4630, 5196
0.4636, 5195
0.4644, 5194
0.4649, 5193
0.4655, 5192
0.4661, 5191
0.4667, 5190
0.4674, 5189
0.4679, 5188
0.4685, 5187
0.4691, 5186
0.4697, 5185
0.4703, 5184
0.4709, 5183
0.4717, 5182
0.4724, 5181
0.4732, 5180
0.4741, 5179
0.4747, 5178
0.4756, 5177
0.4762, 5176
0.4769, 5175
0.4778, 5174
0.4785, 5173
0.4792, 5172
0.4798, 5171
0.4804, 5170
0.4809, 5169
0.4817, 5168
0.4823, 5167
0.4828, 5166
0.4835, 5165
0.4843, 5164
0.4849, 5163
0.4856, 5162
0.4862, 5161
0.4872, 5160
0.4879, 5159
0.4887, 5158
0.4893, 5157
0.4899, 5156
0.4904, 5155
0.4911, 5154
0.4918, 5153
0.4926, 5152
0.4933, 5151
0.4939, 5150
0.4945, 5149
0.4952, 5148
0.4958, 5147
0.4963, 5146
0.4968, 5145
0.4973, 5144
0.4980, 5143
0.4986, 5142
0.4991, 5141
0.4996, 5140
0.5002, 5139
0.5008, 5138
0.5015, 5137
0.5023, 5136
0.5029, 5135
0.5036, 5134
0.5042, 5133
0.5047, 5132
0.5053, 5131
0.5060, 5130
0.5067, 5129
0.5074, 5128
0.5080, 5127
0.5088, 5126
0.5096, 5125
0.5102, 5124
0.5107, 5123
0.5113, 5122
0.5118, 5121
0.5126, 5120
0.5131, 5119
0.5136, 5118
0.5141, 5117
0.5146, 5116
0.5152, 5115
0.5158, 5114
0.5166, 5113
0.5173, 5112
0.5180, 5111
0.5188, 5110
0.5194, 5109
0.5199, 5108
0.5204, 5107
0.5210, 5106
0.5216, 5105
0.5222, 5104
0.5229, 5103
0.5237, 5102
0.5243, 5101
0.5252, 5100
0.5258, 5099
0.5265, 5098
0.5273, 5097
0.5279, 5096
0.5286, 5095
0.5292, 5094
0.5298, 5093
0.5305, 5092
0.5311, 5091
0.5318, 5090
0.5323, 5089
0.5330, 5088
0.5337, 5087
0.5346, 5086
0.5352, 5085
0.5358, 5084
0.5364, 5083
0.5371, 5082
0.5378, 5081
0.5383, 5080
0.5390, 5079
0.5395, 5078
0.5401, 5077
0.5408, 5076
0.5413, 5075
0.5420, 5074
0.5427, 5073
0.5435, 5072
0.5441, 5071
0.5446, 5070
0.5451, 5069
0.5459, 5068
0.5469, 5067
0.5476, 5066
0.5483, 5065
0.5491, 5064
0.5502, 5063
0.5508, 5062
0.5515, 5061
0.5520, 5060
0.5528, 5059
0.5534, 5058
0.5539, 5057
0.5545, 5056
0.5550, 5055
0.5558, 5054
0.5564, 5053
0.5571, 5052
0.5577, 5051
0.5582, 5050
0.5588, 5049
0.5594, 5048
0.5602, 5047
0.5608, 5046
0.5619, 5045
0.5626, 5044
0.5631, 5043
0.5638, 5042
0.5643, 5041
0.5653, 5040
0.5658, 5039
0.5664, 5038
0.5672, 5037
0.5678, 5036
0.5682, 5035
0.5690, 5034
0.5697, 5033
0.5703, 5032
0.5710, 5031
0.5719, 5030
0.5725, 5029
0.5734, 5028
0.5739, 5027
0.5746, 5026
0.5751, 5025
0.5758, 5024
0.5764, 5023
0.5770, 5022
0.5776, 5021
0.5784, 5020
0.5794, 5019
0.5803, 5018
0.5808, 5017
0.5814, 5016
0.5819, 5015
0.5829, 5014
0.5835, 5013
0.5842, 5012
0.5850, 5011
0.5857, 5010
0.5863, 5009
0.5869, 5008
0.5875, 5007
0.5882, 5006
0.5891, 5005
0.5896, 5004
0.5905, 5003
0.5911, 5002
0.5917, 5001
0.5927, 5000
0.5933, 4999
0.5941, 4998
0.5948, 4997
0.5953, 4996
0.5960, 4995
0.5965, 4994
0.5971, 4993
0.5978, 4992
0.5984, 4991
0.5991, 4990
0.5998, 4989
0.6008, 4988
0.6016, 4987
0.6022, 4986
0.6028, 4985
0.6035, 4984
0.6042, 4983
0.6048, 4982
0.6056, 4981
0.6064, 4980
0.6073, 4979
0.6078, 4978
0.6084, 4977
0.6091, 4976
0.6101, 4975
0.6110, 4974
0.6116, 4973
0.6121, 4972
0.6128, 4971
0.6135, 4970
0.6140, 4969
0.6148, 4968
0.6155, 4967
0.6161, 4966
0.6168, 4965
0.6174, 4964
0.6179, 4963
0.6184, 4962
0.6191, 4961
0.6199, 4960
0.6204, 4959
0.6209, 4958
0.6214, 4957
0.6220, 4956
0.6228, 4955
0.6233, 4954
0.6238, 4953
0.6244, 4952
0.6252, 4951
0.6261, 4950
0.6269, 4949
0.6280, 4948
0.6286, 4947
0.6292, 4946
0.6300, 4945
0.6305, 4944
0.6311, 4943
0.6317, 4942
0.6322, 4941
0.6328, 4940
0.6333, 4939
0.6340, 4938
0.6345, 4937
0.6352, 4936
0.6359, 4935
0.6368, 4934
0.6377, 4933
0.6383, 4932
0.6389, 4931
0.6395, 4930
0.6401, 4929
0.6408, 4928
0.6413, 4927
0.6420, 4926
0.6427, 4925
0.6433, 4924
0.6439, 4923
0.6447, 4922
0.6454, 4921
0.6459, 4920
0.6465, 4919
0.6474, 4918
0.6483, 4917
0.6488, 4916
0.6497, 4915
0.6502, 4914
0.6507, 4913
0.6512, 4912
0.6517, 4911
0.6522, 4910
0.6527, 4909
0.6537, 4908
0.6542, 4907
0.6547, 4906
0.6553, 4905
0.6558, 4904
0.6564, 4903
0.6569, 4902
0.6576, 4901
0.6581, 4900
0.6590, 4899
0.6597, 4898
0.6602, 4897
0.6608, 4896
0.6613, 4895
0.6619, 4894
0.6626, 4893
0.6630, 4892
0.6639, 4891
0.6647, 4890
0.6654, 4889
0.6659, 4888
0.6665, 4887
0.6671, 4886
0.6677, 4885
0.6682, 4884
0.6689, 4883
0.6694, 4882
0.6700, 4881
0.6706, 4880
0.6712, 4879
0.6721, 4878
0.6726, 4877
0.6732, 4876
0.6739, 4875
0.6745, 4874
0.6750, 4873
0.6755, 4872
0.6763, 4871
0.6771, 4870
0.6779, 4869
0.6787, 4868
0.6792, 4867
0.6797, 4866
0.6803, 4865
0.6812, 4864
0.6820, 4863
0.6825, 4862
0.6831, 4861
0.6838, 4860
0.6844, 4859
0.6852, 4858
0.6858, 4857
0.6865, 4856
0.6873, 4855
0.6879, 4854
0.6889, 4853
0.6895, 4852
0.6900, 4851
0.6906, 4850
0.6914, 4849
0.6921, 4848
0.6928, 4847
0.6933, 4846
0.6938, 4845
0.6946, 4844
0.6951, 4843
0.6956, 4842
0.6960, 4841
0.6968, 4840
0.6974, 4839
0.6984, 4838
0.6991, 4837
0.6997, 4836
0.7002, 4835
0.7008, 4834
0.7014, 4833
0.7020, 4832
0.7026, 4831
0.7035, 4830
0.7041, 4829
0.7047, 4828
0.7053, 4827
0.7063, 4826
0.7071, 4825
0.7076, 4824
0.7084, 4823
0.7089, 4822
0.7095, 4821
0.7101, 4820
0.7106, 4819
0.7112, 4818
0.7118, 4817
0.7123, 4816
0.7128, 4815
0.7133, 4814
0.7142, 4813
0.7150, 4812
0.7157, 4811
0.7162, 4810
0.7171, 4809
0.7175, 4808
0.7180, 4807
0.7185, 4806
0.7190, 4805
0.7198, 4804
0.7207, 4803
0.7212, 4802
0.7217, 4801
0.7224, 4800
0.7230, 4799
0.7235, 4798
0.7240, 4797
0.7246, 4796
0.7252, 4795
0.7258, 4794
0.7265, 4793
0.7270, 4792
0.7278, 4791
0.7283, 4790
0.7290, 4789
0.7296, 4788
0.7302, 4787
0.7307, 4786
0.7313, 4785
0.7318, 4784
0.7323, 4783
0.7331, 4782
0.7336, 4781
0.7345, 4780
0.7353, 4779
0.7358, 4778
0.7367, 4777
0.7372, 4776
0.7378, 4775
0.7383, 4774
0.7392, 4773
0.7398, 4772
0.7406, 4771
0.7411, 4770
0.7417, 4769
0.7425, 4768
0.7432, 4767
0.7437, 4766
0.7442, 4765
0.7451, 4764
0.7459, 4763
0.7465, 4762
0.7471, 4761
0.7476, 4760
0.7482, 4759
0.7493, 4758
0.7499, 4757
0.7504, 4756
0.7512, 4755
0.7517, 4754
0.7522, 4753
0.7528, 4752
0.7533, 4751
0.7540, 4750
0.7546, 4749
0.7551, 4748
0.7557, 4747
0.7565, 4746
0.7571, 4745
0.7579, 4744
0.7586, 4743
0.7594, 4742
0.7602, 4741
0.7608, 4740
0.7613, 4739
0.7618, 4738
0.7623, 4737
0.7629, 4736
0.7637, 4735
0.7643, 4734
0.7649, 4733
0.7654, 4732
0.7659, 4731
0.7668, 4730
0.7673, 4729
0.7678, 4728
0.7683, 4727
0.7692, 4726
0.7699, 4725
0.7708, 4724
0.7717, 4723
0.7722, 4722
0.7729, 4721
0.7737, 4720
0.7743, 4719
0.7748, 4718
0.7753, 4717
0.7761, 4716
0.7769, 4715
0.7777, 4714
0.7785, 4713
0.7790, 4712
0.7798, 4711
0.7805, 4710
0.7814, 4709
0.7821, 4708
0.7829, 4707
0.7835, 4706
0.7843, 4705
0.7850, 4704
0.7857, 4703
0.7865, 4702
0.7875, 4701
0.7882, 4700
0.7891, 4699
0.7898, 4698
0.7906, 4697
0.7912, 4696
0.7921, 4695
0.7928, 4694
0.7937, 4693
0.7945, 4692
0.7955, 4691
0.7964, 4690
0.9623, 4689
1.2038, 4688
1.2444, 4687
1.4435, 4686
1.6239, 4685
1.6659, 4684
1.7258, 4683
1.8458, 4682
2.0057, 4681
2.1880, 4680
2.2485, 4679
2.3668, 4678
2.4075, 4677
2.6046, 4676
2.9075, 4675
2.9084, 4674
3.0111, 4673
3.2340, 4672
3.2544, 4671
3.2551, 4670
3.4164, 4669
3.4171, 4668
3.5162, 4667
3.6599, 4666
3.6608, 4665
3.6612, 4664
3.7211, 4663
4.1835, 4662
4.2639, 4661
4.7246, 4660
4.7662, 4659
4.9061, 4658
4.9469, 4657
5.1078, 4656
5.3538, 4655
5.8327, 4654
5.8334, 4653
5.8339, 4652
6.4138, 4651
6.5542, 4650
6.6952, 4649
7.3317, 4648
7.3923, 4647
7.5303, 4646
7.8092, 4645
7.8098, 4644
7.8710, 4643
7.8717, 4642
7.9142, 4641
8.3891, 4640
8.5101, 4639
8.5108, 4638
8.8502, 4637
8.9108, 4636
9.1717, 4635
9.3328, 4634
9.3733, 4633
9.7513, 4632
9.8910, 4631
