0.0000, 5900
0.0005, 5899
0.0012, 5898
0.0018, 5897
0.0028, 5896
0.0036, 5895
0.0043, 5894
0.0049, 5893
0.0058, 5892
0.0063, 5891
0.0072, 5890
0.0077, 5889
0.0082, 5888
0.0087, 5887
0.0097, 5886
0.0106, 5885
0.0113, 5884
0.0125, 5883
0.0131, 5882
0.0142, 5881
0.0147, 5880
0.0157, 5879
0.0165, 5878
0.0175, 5877
0.0180, 5876
0.0185, 5875
0.0190, 5874
0.0197, 5873
0.0208, 5872
0.0213, 5871
0.0218, 5870
0.0223, 5869
0.0230, 5868
0.0235, 5867
0.0241, 5866
0.0246, 5865
0.0255, 5864
0.0263, 5863
0.0269, 5862
0.0274, 5861
0.0281, 5860
0.0287, 5859
0.0292, 5858
0.0297, 5857
0.0303, 5856
0.0309, 5855
0.0314, 5854
0.0319, 5853
0.0324, 5852
0.0334, 5851
0.0343, 5850
0.0348, 5849
0.0353, 5848
0.0360, 5847
0.0365, 5846
0.0370, 5845
0.0378, 5844
0.0383, 5843
0.0388, 5842
0.0393, 5841
0.0401, 5840
0.0408, 5839
0.0413, 5838
0.0419, 5837
0.0425, 5836
0.0432, 5835
0.0438, 5834
0.0443, 5833
0.0451, 5832
0.0456, 5831
0.0461, 5830
0.0469, 5829
0.0474, 5828
0.0479, 5827
0.0484, 5826
0.0493, 5825
0.0499, 5824
0.0504, 5823
0.0512, 5822
0.0518, 5821
0.0523, 5820
0.0528, 5819
0.0534, 5818
0.0539, 5817
0.0548, 5816
0.0553, 5815
0.0563, 5814
0.0573, 5813
0.0579, 5812
0.0585, 5811
0.0595, 5810
0.0601, 5809
0.0607, 5808
0.0614, 5807
0.0619, 5806
0.0627, 5805
0.0632, 5804
0.0638, 5803
0.0643, 5802
0.0648, 5801
0.0653, 5800
0.0662, 5799
0.0667, 5798
0.0673, 5797
0.0679, 5796
0.0685, 5795
0.0690, 5794
0.0697, 5793
0.0702, 5792
0.0707, 5791
0.0713, 5790
0.0718, 5789
0.0723, 5788
0.0729, 5787
0.0734, 5786
0.0746, 5785
0.0757, 5784
0.0765, 5783
0.0770, 5782
0.0775, 5781
0.0780, 5780
0.0787, 5779
0.0795, 5778
0.0801, 5777
0.0808, 5776
0.0815, 5775
0.0821, 5774
0.0827, 5773
0.0838, 5772
0.0844, 5771
0.0855, 5770
0.0861, 5769
0.0867, 5768
0.0874, 5767
0.0880, 5766
0.0887, 5765
0.0895, 5764
0.0900, 5763
0.0905, 5762
0.0911, 5761
0.0916, 5760
0.0925, 5759
0.0931, 5758
0.0936, 5757
0.0942, 5756
0.0947, 5755
0.0952, 5754
0.0961, 5753
0.0967, 5752
0.0972, 5751
0.0978, 5750
0.0983, 5749
0.0991, 5748
0.0996, 5747
0.1001, 5746
0.1010, 5745
0.1021, 5744
0.1026, 5743
0.1031, 5742
0.1037, 5741
0.1047, 5740
0.1052, 5739
0.1058, 5738
0.1063, 5737
0.1069, 5736
0.1074, 5735
0.1080, 5734
0.1085, 5733
0.1091, 5732
0.1096, 5731
0.1102, 5730
0.1107, 5729
0.1112, 5728
0.1118, 5727
0.1123, 5726
0.1129, 5725
0.1136, 5724
0.1143, 5723
0.1153, 5722
0.1159, 5721
0.1165, 5720
0.1172, 5719
0.1180, 5718
0.1190, 5717
0.1197, 5716
0.1207, 5715
0.1217, 5714
0.1222, 5713
0.1228, 5712
0.1234, 5711
0.1239, 5710
0.1245, 5709
0.1253, 5708
0.1261, 5707
0.1267, 5706
0.1272, 5705
0.1277, 5704
0.1283, 5703
0.1288, 5702
0.1294, 5701
0.1300, 5700
0.1310, 5699
0.1315, 5698
0.1320, 5697
0.1325, 5696
0.1336, 5695
0.1344, 5694
0.1349, 5693
0.1355, 5692
0.1360, 5691
0.1366, 5690
0.1371, 5689
0.1377, 5688
0.1383, 5687
0.1388, 5686
0.1398, 5685
0.1403, 5684
0.1409, 5683
0.1415, 5682
0.1421, 5681
0.1426, 5680
0.1432, 5679
0.1438, 5678
0.1444, 5677
0.1450, 5676
0.1456, 5675
0.1462, 5674
0.1467, 5673
0.1472, 5672
0.1478, 5671
0.1484, 5670
0.1490, 5669
0.1496, 5668
0.1502, 5667
0.1508, 5666
0.1514, 5665
0.1519, 5664
0.1525, 5663
0.1531, 5662
0.1541, 5661
0.1547, 5660
0.1556, 5659
0.1562, 5658
0.1573, 5657
0.1583, 5656
0.1591, 5655
0.1598, 5654
0.1606, 5653
0.1612, 5652
0.1618, 5651
0.1624, 5650
0.1629, 5649
0.1634, 5648
0.1642, 5647
0.1647, 5646
0.1653, 5645
0.1660, 5644
0.1665, 5643
0.1671, 5642
0.1677, 5641
0.1684, 5640
0.1692, 5639
0.1700, 5638
0.1706, 5637
0.1712, 5636
0.1718, 5635
0.1729, 5634
0.1735, 5633
0.1745, 5632
0.1754, 5631
0.1760, 5630
0.1769, 5629
0.1778, 5628
0.1784, 5627
0.1794, 5626
0.1803, 5625
0.1809, 5624
0.1817, 5623
0.1823, 5622
0.1829, 5621
0.1836, 5620
0.1842, 5619
0.1851, 5618
0.1857, 5617
0.1863, 5616
0.1868, 5615
0.1875, 5614
0.1884, 5613
0.1889, 5612
0.1895, 5611
0.1900, 5610
0.1908, 5609
0.1914, 5608
0.1920, 5607
0.1925, 5606
0.1931, 5605
0.1937, 5604
0.1942, 5603
0.1947, 5602
0.1953, 5601
0.1958, 5600
0.1963, 5599
0.1969, 5598
0.1974, 5597
0.1979, 5596
0.1985, 5595
0.1993, 5594
0.1999, 5593
0.2008, 5592
0.2014, 5591
0.2022, 5590
0.2030, 5589
0.2039, 5588
0.2045, 5587
0.2051, 5586
0.2057, 5585
0.2064, 5584
0.2074, 5583
0.2080, 5582
0.2086, 5581
0.2092, 5580
0.2098, 5579
0.2105, 5578
0.2111, 5577
0.2121, 5576
0.2127, 5575
0.2133, 5574
0.2140, 5573
0.2146, 5572
0.2151, 5571
0.2158, 5570
0.2167, 5569
0.2173, 5568
0.2182, 5567
0.2187, 5566
0.2192, 5565
0.2199, 5564
0.2205, 5563
0.2216, 5562
0.2223, 5561
0.2228, 5560
0.2234, 5559
0.2239, 5558
0.2245, 5557
0.2255, 5556
0.2260, 5555
0.2266, 5554
0.2272, 5553
0.2280, 5552
0.2286, 5551
0.2292, 5550
0.2298, 5549
0.2304, 5548
0.2311, 5547
0.2317, 5546
0.2323, 5545
0.2328, 5544
0.2334, 5543
0.2339, 5542
0.2346, 5541
0.2352, 5540
0.2358, 5539
0.2363, 5538
0.2369, 5537
0.2374, 5536
0.2380, 5535
0.2387, 5534
0.2396, 5533
0.2401, 5532
0.2407, 5531
0.2412, 5530
0.2418, 5529
0.2423, 5528
0.2429, 5527
0.2434, 5526
0.2442, 5525
0.2448, 5524
0.2455, 5523
0.2464, 5522
0.2474, 5521
0.2483, 5520
0.2490, 5519
0.2496, 5518
0.2501, 5517
0.2508, 5516
0.2514, 5515
0.2522, 5514
0.2527, 5513
0.2533, 5512
0.2539, 5511
0.2545, 5510
0.2550, 5509
0.2556, 5508
0.2562, 5507
0.2569, 5506
0.2574, 5505
0.2580, 5504
0.2586, 5503
0.2595, 5502
0.2600, 5501
0.2606, 5500
0.2612, 5499
0.2621, 5498
0.2628, 5497
0.2635, 5496
0.2641, 5495
0.2647, 5494
0.2653, 5493
0.2659, 5492
0.2665, 5491
0.2674, 5490
0.2682, 5489
0.2688, 5488
0.2693, 5487
0.2699, 5486
0.2704, 5485
0.2713, 5484
0.2719, 5483
0.2724, 5482
0.2734, 5481
0.2740, 5480
0.2745, 5479
0.2750, 5478
0.2756, 5477
0.2762, 5476
0.2768, 5475
0.2773, 5474
0.2780, 5473
0.2787, 5472
0.2793, 5471
0.2799, 5470
0.2804, 5469
0.2810, 5468
0.2816, 5467
0.2821, 5466
0.2832, 5465
0.2837, 5464
0.2843, 5463
0.2848, 5462
0.2854, 5461
0.2860, 5460
0.2867, 5459
0.2873, 5458
0.2879, 5457
0.2884, 5456
0.2893, 5455
0.2900, 5454
0.2905, 5453
0.2912, 5452
0.2917, 5451
0.2924, 5450
0.2930, 5449
0.2937, 5448
0.2943, 5447
0.2948, 5446
0.2954, 5445
0.2960, 5444
0.2970, 5443
0.2976, 5442
0.2981, 5441
0.2987, 5440
0.2993, 5439
0.3000, 5438
0.3008, 5437
0.3016, 5436
0.3022, 5435
0.3028, 5434
0.3033, 5433
0.3039, 5432
0.3049, 5431
0.3055, 5430
0.3060, 5429
0.3066, 5428
0.3071, 5427
0.3078, 5426
0.3087, 5425
0.3093, 5424
0.3099, 5423
0.3107, 5422
0.3114, 5421
0.3121, 5420
0.3131, 5419
0.3137, 5418
0.3143, 5417
0.3154, 5416
0.3160, 5415
0.3167, 5414
0.3173, 5413
0.3179, 5412
0.3185, 5411
0.3191, 5410
0.3197, 5409
0.3203, 5408
0.3209, 5407
0.3217, 5406
0.3225, 5405
0.3234, 5404
0.3242, 5403
0.3250, 5402
0.3256, 5401
0.3261, 5400
0.3269, 5399
0.3278, 5398
0.3286, 5397
0.3292, 5396
0.3299, 5395
0.3308, 5394
0.3316, 5393
0.3323, 5392
0.3331, 5391
0.3337, 5390
0.3342, 5389
0.3349, 5388
0.3355, 5387
0.3361, 5386
0.3371, 5385
0.3376, 5384
0.3383, 5383
0.3390, 5382
0.3398, 5381
0.3405, 5380
0.3410, 5379
0.3416, 5378
0.3425, 5377
0.3431, 5376
0.3438, 5375
0.3444, 5374
0.3451, 5373
0.3457, 5372
0.3462, 5371
0.3469, 5370
0.3476, 5369
0.3484, 5368
0.3491, 5367
0.3497, 5366
0.3505, 5365
0.3511, 5364
0.3518, 5363
0.3528, 5362
0.3534, 5361
0.3542, 5360
0.3549, 5359
0.3555, 5358
0.3562, 5357
0.3572, 5356
0.3578, 5355
0.3585, 5354
0.3591, 5353
0.3598, 5352
0.3603, 5351
0.3612, 5350
0.3618, 5349
0.3624, 5348
0.3630, 5347
0.3637, 5346
0.3646, 5345
0.3654, 5344
0.3660, 5343
0.3667, 5342
0.3673, 5341
0.3679, 5340
0.3685, 5339
0.3690, 5338
0.3696, 5337
0.3702, 5336
0.3708, 5335
0.3715, 5334
0.3722, 5333
0.3730, 5332
0.3741, 5331
0.3746, 5330
0.3752, 5329
0.3758, 5328
0.3764, 5327
0.3770, 5326
0.3776, 5325
0.3781, 5324
0.3788, 5323
0.3799, 5322
0.3808, 5321
0.3818, 5320
0.3826, 5319
0.3832, 5318
0.3838, 5317
0.3843, 5316
0.3851, 5315
0.3858, 5314
0.3864, 5313
0.3870, 5312
0.3878, 5311
0.3885, 5310
0.3891, 5309
0.3897, 5308
0.3906, 5307
0.3913, 5306
0.3919, 5305
0.3925, 5304
0.3931, 5303
0.3937, 5302
0.3943, 5301
0.3948, 5300
0.3954, 5299
0.3960, 5298
0.3966, 5297
0.3972, 5296
0.3980, 5295
0.3987, 5294
0.3992, 5293
0.3998, 5292
0.4006, 5291
0.4013, 5290
0.4020, 5289
0.4028, 5288
0.4034, 5287
0.4039, 5286
0.4046, 5285
0.4051, 5284
0.4059, 5283
0.4065, 5282
0.4070, 5281
0.4076, 5280
0.4082, 5279
0.4088, 5278
0.4094, 5277
0.4101, 5276
0.4108, 5275
0.4114, 5274
0.4123, 5273
0.4129, 5272
0.4135, 5271
0.4140, 5270
0.4147, 5269
0.4154, 5268
0.4159, 5267
0.4164, 5266
0.4170, 5265
0.4177, 5264
0.4184, 5263
0.4190, 5262
0.4196, 5261
0.4201, 5260
0.4209, 5259
0.4215, 5258
0.4221, 5257
0.4228, 5256
0.4235, 5255
0.4241, 5254
0.4251, 5253
0.4259, 5252
0.4266, 5251
0.4276, 5250
0.4282, 5249
0.4287, 5248
0.4294, 5247
0.4301, 5246
0.4307, 5245
0.4314, 5244
0.4321, 5243
0.4327, 5242
0.4332, 5241
0.4339, 5240
0.4345, 5239
0.4350, 5238
0.4356, 5237
0.4365, 5236
0.4371, 5235
0.4376, 5234
0.4383, 5233
0.4388, 5232
0.4395, 5231
0.4401, 5230
0.4407, 5229
0.4413, 5228
0.4420, 5227
0.4428, 5226
0.4433, 5225
0.4439, 5224
0.4449, 5223
0.4457, 5222
0.4464, 5221
0.4472, 5220
0.4479, 5219
0.4484, 5218
0.4490, 5217
0.4496, 5216
0.4503, 5215
0.4511, 5214
0.4516, 5213
0.4524, 5212
0.4532, 5211
0.4540, 5210
0.4548, 5209
0.4555, 5208
0.4561, 5207
0.4570, 5206
0.4577, 5205
0.4584, 5204
0.4592, 5203
0.4598, 5202
0.4605, 5201
0.4612, 5200
0.4619, 5199
0.4626, 5198
0.4633, 5197
0.4640, 5196
0.4646, 5195
0.4654, 5194
0.4659, 5193
0.4665, 5192
0.4671, 5191
0.4677, 5190
0.4684, 5189
0.4689, 5188
0.4694, 5187
0.4700, 5186
0.4706, 5185
0.4712, 5184
0.4718, 5183
0.4726, 5182
0.4732, 5181
0.4740, 5180
0.4749, 5179
0.4755, 5178
0.4763, 5177
0.4770, 5176
0.4776, 5175
0.4785, 5174
0.4791, 5173
0.4799, 5172
0.4804, 5171
0.4811, 5170
0.4816, 5169
0.4824, 5168
0.4830, 5167
0.4835, 5166
0.4842, 5165
0.4850, 5164
0.4856, 5163
0.4863, 5162
0.4870, 5161
0.4880, 5160
0.4887, 5159
0.4895, 5158
0.4902, 5157
0.4908, 5156
0.4913, 5155
0.4920, 5154
0.4927, 5153
0.4935, 5152
0.4942, 5151
0.4948, 5150
0.4955, 5149
0.4962, 5148
0.4968, 5147
0.4973, 5146
0.4978, 5145
0.4983, 5144
0.4990, 5143
0.4996, 5142
0.5001, 5141
0.5006, 5140
0.5012, 5139
0.5018, 5138
0.5025, 5137
0.5032, 5136
0.5039, 5135
0.5046, 5134
0.5052, 5133
0.5057, 5132
0.5063, 5131
0.5069, 5130
0.5076, 5129
0.5083, 5128
0.5089, 5127
0.5096, 5126
0.5104, 5125
0.5110, 5124
0.5115, 5123
0.5121, 5122
0.5126, 5121
0.5134, 5120
0.5139, 5119
0.5144, 5118
0.5149, 5117
0.5155, 5116
0.5160, 5115
0.5166, 5114
0.5175, 5113
0.5182, 5112
0.5190, 5111
0.5198, 5110
0.5203, 5109
0.5209, 5108
0.5215, 5107
0.5220, 5106
0.5227, 5105
0.5233, 5104
0.5240, 5103
0.5247, 5102
0.5254, 5101
0.5263, 5100
0.5269, 5099
0.5277, 5098
0.5285, 5097
0.5290, 5096
0.5297, 5095
0.5303, 5094
0.5308, 5093
0.5315, 5092
0.5321, 5091
0.5328, 5090
0.5333, 5089
0.5340, 5088
0.5347, 5087
0.5356, 5086
0.5362, 5085
0.5367, 5084
0.5373, 5083
0.5380, 5082
0.5387, 5081
0.5392, 5080
0.5399, 5079
0.5404, 5078
0.5410, 5077
0.5416, 5076
0.5422, 5075
0.5429, 5074
0.5436, 5073
0.5443, 5072
0.5449, 5071
0.5454, 5070
0.5459, 5069
0.5466, 5068
0.5476, 5067
0.5483, 5066
0.5490, 5065
0.5497, 5064
0.5508, 5063
0.5514, 5062
0.5521, 5061
0.5526, 5060
0.5534, 5059
0.5540, 5058
0.5545, 5057
0.5551, 5056
0.5556, 5055
0.5563, 5054
0.5570, 5053
0.5577, 5052
0.5583, 5051
0.5588, 5050
0.5594, 5049
0.5600, 5048
0.5608, 5047
0.5614, 5046
0.5625, 5045
0.5631, 5044
0.5636, 5043
0.5643, 5042
0.5648, 5041
0.5657, 5040
0.5662, 5039
0.5668, 5038
0.5677, 5037
0.5682, 5036
0.5687, 5035
0.5695, 5034
0.5702, 5033
0.5708, 5032
0.5714, 5031
0.5723, 5030
0.5729, 5029
0.5738, 5028
0.5743, 5027
0.5750, 5026
0.5756, 5025
0.5762, 5024
0.5768, 5023
0.5774, 5022
0.5780, 5021
0.5787, 5020
0.5797, 5019
0.5806, 5018
0.5811, 5017
0.5816, 5016
0.5822, 5015
0.5831, 5014
0.5837, 5013
0.5845, 5012
0.5852, 5011
0.5858, 5010
0.5865, 5009
0.5871, 5008
0.5877, 5007
0.5883, 5006
0.5892, 5005
0.5897, 5004
0.5906, 5003
0.5911, 5002
0.5917, 5001
0.5926, 5000
0.5932, 4999
0.5940, 4998
0.5947, 4997
0.5953, 4996
0.5959, 4995
0.5964, 4994
0.5970, 4993
0.5977, 4992
0.5983, 4991
0.5990, 4990
0.5997, 4989
0.6007, 4988
0.6014, 4987
0.6021, 4986
0.6027, 4985
0.6034, 4984
0.6041, 4983
0.6047, 4982
0.6054, 4981
0.6062, 4980
0.6071, 4979
0.6077, 4978
0.6082, 4977
0.6090, 4976
0.6099, 4975
0.6109, 4974
0.6114, 4973
0.6120, 4972
0.6127, 4971
0.6134, 4970
0.6139, 4969
0.6147, 4968
0.6154, 4967
0.6160, 4966
0.6167, 4965
0.6173, 4964
0.6178, 4963
0.6183, 4962
0.6190, 4961
0.6198, 4960
0.6203, 4959
0.6208, 4958
0.6213, 4957
0.6219, 4956
0.6226, 4955
0.6231, 4954
0.6237, 4953
0.6243, 4952
0.6250, 4951
0.6259, 4950
0.6267, 4949
0.6278, 4948
0.6284, 4947
0.6290, 4946
0.6299, 4945
0.6304, 4944
0.6309, 4943
0.6315, 4942
0.6320, 4941
0.6326, 4940
0.6331, 4939
0.6337, 4938
0.6343, 4937
0.6349, 4936
0.6355, 4935
0.6365, 4934
0.6373, 4933
0.6379, 4932
0.6384, 4931
0.6390, 4930
0.6397, 4929
0.6403, 4928
0.6409, 4927
0.6416, 4926
0.6423, 4925
0.6429, 4924
0.6435, 4923
0.6443, 4922
0.6449, 4921
0.6455, 4920
0.6462, 4919
0.6471, 4918
0.6479, 4917
0.6484, 4916
0.6493, 4915
0.6498, 4914
0.6504, 4913
0.6509, 4912
0.6514, 4911
0.6519, 4910
0.6525, 4909
0.6534, 4908
0.6539, 4907
0.6545, 4906
0.6551, 4905
0.6556, 4904
0.6562, 4903
0.6567, 4902
0.6574, 4901
0.6579, 4900
0.6589, 4899
0.6596, 4898
0.6601, 4897
0.6607, 4896
0.6612, 4895
0.6619, 4894
0.6625, 4893
0.6630, 4892
0.6638, 4891
0.6646, 4890
0.6653, 4889
0.6658, 4888
0.6663, 4887
0.6669, 4886
0.6674, 4885
0.6680, 4884
0.6686, 4883
0.6691, 4882
0.6697, 4881
0.6703, 4880
0.6709, 4879
0.6717, 4878
0.6723, 4877
0.6728, 4876
0.6735, 4875
0.6741, 4874
0.6746, 4873
0.6751, 4872
0.6759, 4871
0.6766, 4870
0.6774, 4869
0.6782, 4868
0.6787, 4867
0.6792, 4866
0.6797, 4865
0.6806, 4864
0.6814, 4863
0.6820, 4862
0.6825, 4861
0.6833, 4860
0.6839, 4859
0.6847, 4858
0.6853, 4857
0.6861, 4856
0.6869, 4855
0.6875, 4854
0.6886, 4853
0.6892, 4852
0.6897, 4851
0.6904, 4850
0.6912, 4849
0.6919, 4848
0.6926, 4847
0.6932, 4846
0.6937, 4845
0.6944, 4844
0.6950, 4843
0.6955, 4842
0.6960, 4841
0.6967, 4840
0.6974, 4839
0.6983, 4838
0.6990, 4837
0.6997, 4836
0.7001, 4835
0.7007, 4834
0.7013, 4833
0.7019, 4832
0.7025, 4831
0.7034, 4830
0.7039, 4829
0.7045, 4828
0.7051, 4827
0.7060, 4826
0.7069, 4825
0.7074, 4824
0.7081, 4823
0.7086, 4822
0.7092, 4821
0.7098, 4820
0.7102, 4819
0.7109, 4818
0.7114, 4817
0.7119, 4816
0.7124, 4815
0.7129, 4814
0.7138, 4813
0.7147, 4812
0.7153, 4811
0.7159, 4810
0.7168, 4809
0.7173, 4808
0.7178, 4807
0.7183, 4806
0.7188, 4805
0.7197, 4804
0.7206, 4803
0.7210, 4802
0.7216, 4801
0.7223, 4800
0.7229, 4799
0.7234, 4798
0.7239, 4797
0.7245, 4796
0.7252, 4795
0.7258, 4794
0.7265, 4793
0.7271, 4792
0.7278, 4791
0.7283, 4790
0.7292, 4789
0.7297, 4788
0.7304, 4787
0.7309, 4786
0.7314, 4785
0.7319, 4784
0.7325, 4783
0.7332, 4782
0.7337, 4781
0.7346, 4780
0.7354, 4779
0.7358, 4778
0.7366, 4777
0.7371, 4776
0.7377, 4775
0.7382, 4774
0.7391, 4773
0.7397, 4772
0.7404, 4771
0.7409, 4770
0.7415, 4769
0.7423, 4768
0.7429, 4767
0.7434, 4766
0.7439, 4765
0.7449, 4764
0.7458, 4763
0.7464, 4762
0.7470, 4761
0.7475, 4760
0.7481, 4759
0.7491, 4758
0.7497, 4757
0.7503, 4756
0.7511, 4755
0.7517, 4754
0.7522, 4753
0.7528, 4752
0.7533, 4751
0.7541, 4750
0.7547, 4749
0.7552, 4748
0.7558, 4747
0.7567, 4746
0.7572, 4745
0.7580, 4744
0.7588, 4743
0.7596, 4742
0.7604, 4741
0.7610, 4740
0.7616, 4739
0.7621, 4738
0.7626, 4737
0.7633, 4736
0.7641, 4735
0.7646, 4734
0.7652, 4733
0.7657, 4732
0.7662, 4731
0.7670, 4730
0.7675, 4729
0.7680, 4728
0.7686, 4727
0.7695, 4726
0.7702, 4725
0.7711, 4724
0.7720, 4723
0.7725, 4722
0.7733, 4721
0.7742, 4720
0.7747, 4719
0.7752, 4718
0.7757, 4717
0.7765, 4716
0.7773, 4715
0.7781, 4714
0.7789, 4713
0.7794, 4712
0.7801, 4711
0.7809, 4710
0.7818, 4709
0.7825, 4708
0.7833, 4707
0.7839, 4706
0.7847, 4705
0.7853, 4704
0.7861, 4703
0.7869, 4702
0.7878, 4701
0.7886, 4700
0.7895, 4699
0.7902, 4698
0.7910, 4697
0.7916, 4696
0.7924, 4695
0.7932, 4694
0.7941, 4693
0.7949, 4692
0.7958, 4691
0.7967, 4690
0.9816, 4689
1.2208, 4688
1.2213, 4687
1.3013, 4686
1.6034, 4685
1.6642, 4684
1.7851, 4683
1.8480, 4682
1.9720, 4681
2.1955, 4680
2.2576, 4679
2.3784, 4678
2.4184, 4677
2.6185, 4676
2.9039, 4675
2.9257, 4674
3.0270, 4673
3.2489, 4672
3.2496, 4671
3.3141, 4670
3.3946, 4669
3.4355, 4668
3.5538, 4667
3.6561, 4666
3.7183, 4665
3.7191, 4664
3.7397, 4663
4.2038, 4662
4.2841, 4661
4.7441, 4660
4.7853, 4659
4.9276, 4658
4.9871, 4657
5.1461, 4656
5.4225, 4655
5.8174, 4654
5.8965, 4653
5.8970, 4652
6.4098, 4651
6.5493, 4650
6.6698, 4649
7.3398, 4648
7.4209, 4647
7.5443, 4646
7.8264, 4645
7.8269, 4644
7.9699, 4643
7.9706, 4642
8.0744, 4641
8.3990, 4640
8.5382, 4639
8.5388, 4638
8.8020, 4637
8.9245, 4636
9.2406, 4635
9.3865, 4634
9.4504, 4633
9.7625, 4632
9.9703, 4631
