0.0000, 5900
0.0006, 5899
0.0013, 5898
0.0019, 5897
0.0030, 5896
0.0039, 5895
0.0047, 5894
0.0053, 5893
0.0062, 5892
0.0067, 5891
0.0075, 5890
0.0080, 5889
0.0085, 5888
0.0091, 5887
0.0100, 5886
0.0109, 5885
0.0115, 5884
0.0127, 5883
0.0134, 5882
0.0145, 5881
0.0150, 5880
0.0159, 5879
0.0168, 5878
0.0178, 5877
0.0183, 5876
0.0188, 5875
0.0194, 5874
0.0201, 5873
0.0212, 5872
0.0217, 5871
0.0222, 5870
0.0227, 5869
0.0234, 5868
0.0239, 5867
0.0245, 5866
0.0250, 5865
0.0259, 5864
0.0266, 5863
0.0272, 5862
0.0277, 5861
0.0283, 5860
0.0289, 5859
0.0294, 5858
0.0299, 5857
0.0305, 5856
0.0311, 5855
0.0316, 5854
0.0321, 5853
0.0326, 5852
0.0337, 5851
0.0346, 5850
0.0351, 5849
0.0356, 5848
0.0362, 5847
0.0368, 5846
0.0373, 5845
0.0381, 5844
0.0386, 5843
0.0391, 5842
0.0396, 5841
0.0404, 5840
0.0411, 5839
0.0416, 5838
0.0422, 5837
0.0429, 5836
0.0434, 5835
0.0441, 5834
0.0446, 5833
0.0453, 5832
0.0458, 5831
0.0463, 5830
0.0471, 5829
0.0476, 5828
0.0481, 5827
0.0487, 5826
0.0496, 5825
0.0501, 5824
0.0507, 5823
0.0515, 5822
0.0520, 5821
0.0526, 5820
0.0531, 5819
0.0537, 5818
0.0542, 5817
0.0551, 5816
0.0556, 5815
0.0566, 5814
0.0575, 5813
0.0582, 5812
0.0588, 5811
0.0597, 5810
0.0604, 5809
0.0610, 5808
0.0616, 5807
0.0621, 5806
0.0629, 5805
0.0634, 5804
0.0639, 5803
0.0645, 5802
0.0650, 5801
0.0656, 5800
0.0665, 5799
0.0670, 5798
0.0676, 5797
0.0682, 5796
0.0689, 5795
0.0694, 5794
0.0701, 5793
0.0706, 5792
0.0711, 5791
0.0717, 5790
0.0722, 5789
0.0727, 5788
0.0734, 5787
0.0739, 5786
0.0753, 5785
0.0764, 5784
0.0773, 5783
0.0778, 5782
0.0784, 5781
0.0789, 5780
0.0799, 5779
0.0808, 5778
0.0815, 5777
0.0823, 5776
0.0830, 5775
0.0837, 5774
0.0845, 5773
0.0856, 5772
0.0863, 5771
0.0875, 5770
0.0881, 5769
0.0886, 5768
0.0894, 5767
0.0900, 5766
0.0906, 5765
0.0914, 5764
0.0920, 5763
0.0925, 5762
0.0931, 5761
0.0936, 5760
0.0946, 5759
0.0951, 5758
0.0956, 5757
0.0961, 5756
0.0967, 5755
0.0972, 5754
0.0981, 5753
0.0988, 5752
0.0994, 5751
0.0999, 5750
0.1005, 5749
0.1013, 5748
0.1019, 5747
0.1024, 5746
0.1033, 5745
0.1044, 5744
0.1050, 5743
0.1056, 5742
0.1062, 5741
0.1073, 5740
0.1079, 5739
0.1085, 5738
0.1090, 5737
0.1096, 5736
0.1101, 5735
0.1106, 5734
0.1112, 5733
0.1118, 5732
0.1123, 5731
0.1129, 5730
0.1134, 5729
0.1140, 5728
0.1145, 5727
0.1150, 5726
0.1156, 5725
0.1163, 5724
0.1170, 5723
0.1180, 5722
0.1187, 5721
0.1192, 5720
0.1199, 5719
0.1207, 5718
0.1216, 5717
0.1224, 5716
0.1234, 5715
0.1244, 5714
0.1250, 5713
0.1256, 5712
0.1261, 5711
0.1267, 5710
0.1272, 5709
0.1280, 5708
0.1288, 5707
0.1294, 5706
0.1299, 5705
0.1304, 5704
0.1309, 5703
0.1315, 5702
0.1320, 5701
0.1327, 5700
0.1337, 5699
0.1342, 5698
0.1348, 5697
0.1353, 5696
0.1364, 5695
0.1371, 5694
0.1377, 5693
0.1383, 5692
0.1388, 5691
0.1394, 5690
0.1399, 5689
0.1406, 5688
0.1412, 5687
0.1417, 5686
0.1426, 5685
0.1432, 5684
0.1438, 5683
0.1444, 5682
0.1450, 5681
0.1456, 5680
0.1462, 5679
0.1468, 5678
0.1474, 5677
0.1480, 5676
0.1486, 5675
0.1491, 5674
0.1496, 5673
0.1502, 5672
0.1508, 5671
0.1513, 5670
0.1520, 5669
0.1525, 5668
0.1531, 5667
0.1537, 5666
0.1543, 5665
0.1549, 5664
0.1555, 5663
0.1560, 5662
0.1570, 5661
0.1576, 5660
0.1584, 5659
0.1590, 5658
0.1602, 5657
0.1611, 5656
0.1620, 5655
0.1627, 5654
0.1634, 5653
0.1640, 5652
0.1646, 5651
0.1652, 5650
0.1657, 5649
0.1663, 5648
0.1670, 5647
0.1676, 5646
0.1681, 5645
0.1689, 5644
0.1694, 5643
0.1700, 5642
0.1706, 5641
0.1713, 5640
0.1721, 5639
0.1730, 5638
0.1735, 5637
0.1741, 5636
0.1747, 5635
0.1758, 5634
0.1764, 5633
0.1774, 5632
0.1783, 5631
0.1789, 5630
0.1799, 5629
0.1808, 5628
0.1814, 5627
0.1826, 5626
0.1834, 5625
0.1840, 5624
0.1849, 5623
0.1855, 5622
0.1861, 5621
0.1868, 5620
0.1874, 5619
0.1884, 5618
0.1890, 5617
0.1895, 5616
0.1901, 5615
0.1908, 5614
0.1917, 5613
0.1922, 5612
0.1928, 5611
0.1934, 5610
0.1941, 5609
0.1947, 5608
0.1953, 5607
0.1959, 5606
0.1964, 5605
0.1970, 5604
0.1976, 5603
0.1981, 5602
0.1986, 5601
0.1992, 5600
0.1997, 5599
0.2002, 5598
0.2008, 5597
0.2013, 5596
0.2019, 5595
0.2027, 5594
0.2033, 5593
0.2042, 5592
0.2048, 5591
0.2056, 5590
0.2064, 5589
0.2072, 5588
0.2079, 5587
0.2085, 5586
0.2090, 5585
0.2097, 5584
0.2107, 5583
0.2113, 5582
0.2120, 5581
0.2125, 5580
0.2131, 5579
0.2138, 5578
0.2144, 5577
0.2154, 5576
0.2160, 5575
0.2166, 5574
0.2173, 5573
0.2179, 5572
0.2184, 5571
0.2191, 5570
0.2200, 5569
0.2206, 5568
0.2214, 5567
0.2220, 5566
0.2226, 5565
0.2232, 5564
0.2239, 5563
0.2250, 5562
0.2256, 5561
0.2262, 5560
0.2267, 5559
0.2273, 5558
0.2278, 5557
0.2288, 5556
0.2294, 5555
0.2299, 5554
0.2306, 5553
0.2314, 5552
0.2320, 5551
0.2326, 5550
0.2332, 5549
0.2338, 5548
0.2345, 5547
0.2351, 5546
0.2357, 5545
0.2362, 5544
0.2368, 5543
0.2373, 5542
0.2380, 5541
0.2387, 5540
0.2394, 5539
0.2399, 5538
0.2405, 5537
0.2412, 5536
0.2418, 5535
0.2426, 5534
0.2436, 5533
0.2441, 5532
0.2448, 5531
0.2453, 5530
0.2460, 5529
0.2465, 5528
0.2471, 5527
0.2476, 5526
0.2485, 5525
0.2491, 5524
0.2498, 5523
0.2507, 5522
0.2518, 5521
0.2527, 5520
0.2534, 5519
0.2541, 5518
0.2546, 5517
0.2553, 5516
0.2558, 5515
0.2566, 5514
0.2572, 5513
0.2578, 5512
0.2584, 5511
0.2589, 5510
0.2595, 5509
0.2601, 5508
0.2606, 5507
0.2614, 5506
0.2619, 5505
0.2624, 5504
0.2630, 5503
0.2639, 5502
0.2644, 5501
0.2650, 5500
0.2656, 5499
0.2665, 5498
0.2672, 5497
0.2679, 5496
0.2684, 5495
0.2691, 5494
0.2698, 5493
0.2704, 5492
0.2709, 5491
0.2719, 5490
0.2727, 5489
0.2733, 5488
0.2738, 5487
0.2744, 5486
0.2749, 5485
0.2758, 5484
0.2764, 5483
0.2769, 5482
0.2779, 5481
0.2785, 5480
0.2790, 5479
0.2795, 5478
0.2801, 5477
0.2807, 5476
0.2813, 5475
0.2818, 5474
0.2826, 5473
0.2832, 5472
0.2838, 5471
0.2844, 5470
0.2850, 5469
0.2856, 5468
0.2861, 5467
0.2867, 5466
0.2877, 5465
0.2882, 5464
0.2888, 5463
0.2893, 5462
0.2899, 5461
0.2905, 5460
0.2911, 5459
0.2917, 5458
0.2923, 5457
0.2929, 5456
0.2937, 5455
0.2943, 5454
0.2949, 5453
0.2956, 5452
0.2961, 5451
0.2968, 5450
0.2974, 5449
0.2981, 5448
0.2987, 5447
0.2994, 5446
0.2999, 5445
0.3005, 5444
0.3015, 5443
0.3021, 5442
0.3027, 5441
0.3032, 5440
0.3039, 5439
0.3045, 5438
0.3054, 5437
0.3061, 5436
0.3068, 5435
0.3074, 5434
0.3079, 5433
0.3085, 5432
0.3095, 5431
0.3101, 5430
0.3106, 5429
0.3112, 5428
0.3118, 5427
0.3125, 5426
0.3134, 5425
0.3140, 5424
0.3146, 5423
0.3153, 5422
0.3160, 5421
0.3166, 5420
0.3176, 5419
0.3181, 5418
0.3186, 5417
0.3197, 5416
0.3202, 5415
0.3209, 5414
0.3214, 5413
0.3220, 5412
0.3226, 5411
0.3231, 5410
0.3237, 5409
0.3242, 5408
0.3247, 5407
0.3254, 5406
0.3262, 5405
0.3270, 5404
0.3278, 5403
0.3286, 5402
0.3291, 5401
0.3296, 5400
0.3303, 5399
0.3312, 5398
0.3319, 5397
0.3325, 5396
0.3332, 5395
0.3340, 5394
0.3348, 5393
0.3354, 5392
0.3362, 5391
0.3367, 5390
0.3372, 5389
0.3378, 5388
0.3384, 5387
0.3390, 5386
0.3399, 5385
0.3404, 5384
0.3411, 5383
0.3417, 5382
0.3424, 5381
0.3431, 5380
0.3436, 5379
0.3442, 5378
0.3449, 5377
0.3456, 5376
0.3461, 5375
0.3468, 5374
0.3474, 5373
0.3481, 5372
0.3486, 5371
0.3493, 5370
0.3499, 5369
0.3506, 5368
0.3513, 5367
0.3519, 5366
0.3526, 5365
0.3532, 5364
0.3539, 5363
0.3549, 5362
0.3555, 5361
0.3562, 5360
0.3569, 5359
0.3576, 5358
0.3582, 5357
0.3593, 5356
0.3599, 5355
0.3605, 5354
0.3611, 5353
0.3618, 5352
0.3624, 5351
0.3632, 5350
0.3638, 5349
0.3644, 5348
0.3650, 5347
0.3656, 5346
0.3664, 5345
0.3673, 5344
0.3679, 5343
0.3686, 5342
0.3692, 5341
0.3697, 5340
0.3703, 5339
0.3709, 5338
0.3715, 5337
0.3721, 5336
0.3727, 5335
0.3733, 5334
0.3740, 5333
0.3748, 5332
0.3758, 5331
0.3764, 5330
0.3770, 5329
0.3775, 5328
0.3781, 5327
0.3787, 5326
0.3793, 5325
0.3798, 5324
0.3804, 5323
0.3815, 5322
0.3824, 5321
0.3833, 5320
0.3841, 5319
0.3847, 5318
0.3853, 5317
0.3858, 5316
0.3866, 5315
0.3873, 5314
0.3880, 5313
0.3886, 5312
0.3895, 5311
0.3902, 5310
0.3907, 5309
0.3913, 5308
0.3923, 5307
0.3931, 5306
0.3937, 5305
0.3943, 5304
0.3950, 5303
0.3956, 5302
0.3962, 5301
0.3968, 5300
0.3975, 5299
0.3981, 5298
0.3987, 5297
0.3993, 5296
0.4001, 5295
0.4008, 5294
0.4014, 5293
0.4020, 5292
0.4028, 5291
0.4035, 5290
0.4043, 5289
0.4052, 5288
0.4058, 5287
0.4063, 5286
0.4070, 5285
0.4076, 5284
0.4083, 5283
0.4089, 5282
0.4094, 5281
0.4100, 5280
0.4106, 5279
0.4112, 5278
0.4118, 5277
0.4125, 5276
0.4133, 5275
0.4140, 5274
0.4148, 5273
0.4154, 5272
0.4160, 5271
0.4166, 5270
0.4174, 5269
0.4181, 5268
0.4186, 5267
0.4192, 5266
0.4198, 5265
0.4205, 5264
0.4212, 5263
0.4218, 5262
0.4224, 5261
0.4230, 5260
0.4238, 5259
0.4244, 5258
0.4250, 5257
0.4256, 5256
0.4264, 5255
0.4270, 5254
0.4280, 5253
0.4287, 5252
0.4294, 5251
0.4306, 5250
0.4311, 5249
0.4317, 5248
0.4324, 5247
0.4331, 5246
0.4337, 5245
0.4343, 5244
0.4351, 5243
0.4357, 5242
0.4362, 5241
0.4369, 5240
0.4375, 5239
0.4380, 5238
0.4387, 5237
0.4395, 5236
0.4401, 5235
0.4407, 5234
0.4413, 5233
0.4418, 5232
0.4425, 5231
0.4432, 5230
0.4437, 5229
0.4443, 5228
0.4450, 5227
0.4459, 5226
0.4465, 5225
0.4471, 5224
0.4481, 5223
0.4490, 5222
0.4497, 5221
0.4505, 5220
0.4512, 5219
0.4518, 5218
0.4524, 5217
0.4530, 5216
0.4538, 5215
0.4545, 5214
0.4551, 5213
0.4559, 5212
0.4566, 5211
0.4574, 5210
0.4583, 5209
0.4589, 5208
0.4596, 5207
0.4605, 5206
0.4613, 5205
0.4619, 5204
0.4628, 5203
0.4634, 5202
0.4641, 5201
0.4648, 5200
0.4656, 5199
0.4663, 5198
0.4671, 5197
0.4679, 5196
0.4685, 5195
0.4694, 5194
0.4699, 5193
0.4705, 5192
0.4711, 5191
0.4717, 5190
0.4725, 5189
0.4730, 5188
0.4735, 5187
0.4741, 5186
0.4747, 5185
0.4753, 5184
0.4759, 5183
0.4767, 5182
0.4774, 5181
0.4781, 5180
0.4791, 5179
0.4796, 5178
0.4805, 5177
0.4812, 5176
0.4818, 5175
0.4827, 5174
0.4834, 5173
0.4843, 5172
0.4848, 5171
0.4855, 5170
0.4860, 5169
0.4869, 5168
0.4875, 5167
0.4881, 5166
0.4888, 5165
0.4896, 5164
0.4903, 5163
0.4910, 5162
0.4916, 5161
0.4926, 5160
0.4933, 5159
0.4941, 5158
0.4947, 5157
0.4953, 5156
0.4958, 5155
0.4965, 5154
0.4972, 5153
0.4980, 5152
0.4987, 5151
0.4993, 5150
0.4999, 5149
0.5006, 5148
0.5012, 5147
0.5017, 5146
0.5023, 5145
0.5028, 5144
0.5035, 5143
0.5041, 5142
0.5047, 5141
0.5053, 5140
0.5060, 5139
0.5066, 5138
0.5072, 5137
0.5080, 5136
0.5086, 5135
0.5093, 5134
0.5099, 5133
0.5105, 5132
0.5110, 5131
0.5117, 5130
0.5124, 5129
0.5131, 5128
0.5137, 5127
0.5144, 5126
0.5152, 5125
0.5158, 5124
0.5163, 5123
0.5169, 5122
0.5174, 5121
0.5182, 5120
0.5188, 5119
0.5193, 5118
0.5198, 5117
0.5203, 5116
0.5208, 5115
0.5214, 5114
0.5224, 5113
0.5231, 5112
0.5238, 5111
0.5246, 5110
0.5252, 5109
0.5257, 5108
0.5262, 5107
0.5268, 5106
0.5274, 5105
0.5280, 5104
0.5287, 5103
0.5294, 5102
0.5300, 5101
0.5309, 5100
0.5316, 5099
0.5323, 5098
0.5331, 5097
0.5336, 5096
0.5343, 5095
0.5349, 5094
0.5355, 5093
0.5361, 5092
0.5367, 5091
0.5375, 5090
0.5380, 5089
0.5387, 5088
0.5394, 5087
0.5403, 5086
0.5410, 5085
0.5415, 5084
0.5421, 5083
0.5428, 5082
0.5435, 5081
0.5440, 5080
0.5447, 5079
0.5452, 5078
0.5458, 5077
0.5464, 5076
0.5470, 5075
0.5477, 5074
0.5484, 5073
0.5491, 5072
0.5497, 5071
0.5503, 5070
0.5508, 5069
0.5515, 5068
0.5525, 5067
0.5531, 5066
0.5538, 5065
0.5545, 5064
0.5556, 5063
0.5562, 5062
0.5569, 5061
0.5574, 5060
0.5582, 5059
0.5588, 5058
0.5593, 5057
0.5599, 5056
0.5604, 5055
0.5611, 5054
0.5618, 5053
0.5625, 5052
0.5631, 5051
0.5636, 5050
0.5642, 5049
0.5649, 5048
0.5656, 5047
0.5663, 5046
0.5673, 5045
0.5680, 5044
0.5686, 5043
0.5692, 5042
0.5698, 5041
0.5707, 5040
0.5712, 5039
0.5719, 5038
0.5728, 5037
0.5734, 5036
0.5739, 5035
0.5747, 5034
0.5755, 5033
0.5762, 5032
0.5768, 5031
0.5778, 5030
0.5785, 5029
0.5794, 5028
0.5799, 5027
0.5807, 5026
0.5813, 5025
0.5820, 5024
0.5828, 5023
0.5834, 5022
0.5842, 5021
0.5849, 5020
0.5860, 5019
0.5870, 5018
0.5876, 5017
0.5882, 5016
0.5888, 5015
0.5897, 5014
0.5904, 5013
0.5912, 5012
0.5920, 5011
0.5926, 5010
0.5933, 5009
0.5940, 5008
0.5945, 5007
0.5951, 5006
0.5960, 5005
0.5965, 5004
0.5973, 5003
0.5979, 5002
0.5985, 5001
0.5994, 5000
0.6000, 4999
0.6008, 4998
0.6015, 4997
0.6021, 4996
0.6028, 4995
0.6034, 4994
0.6040, 4993
0.6047, 4992
0.6053, 4991
0.6060, 4990
0.6068, 4989
0.6078, 4988
0.6085, 4987
0.6091, 4986
0.6097, 4985
0.6103, 4984
0.6110, 4983
0.6116, 4982
0.6123, 4981
0.6131, 4980
0.6140, 4979
0.6145, 4978
0.6150, 4977
0.6157, 4976
0.6166, 4975
0.6176, 4974
0.6181, 4973
0.6187, 4972
0.6194, 4971
0.6201, 4970
0.6206, 4969
0.6214, 4968
0.6221, 4967
0.6228, 4966
0.6235, 4965
0.6240, 4964
0.6246, 4963
0.6252, 4962
0.6260, 4961
0.6268, 4960
0.6274, 4959
0.6280, 4958
0.6286, 4957
0.6291, 4956
0.6300, 4955
0.6305, 4954
0.6311, 4953
0.6317, 4952
0.6324, 4951
0.6333, 4950
0.6341, 4949
0.6353, 4948
0.6359, 4947
0.6365, 4946
0.6373, 4945
0.6378, 4944
0.6384, 4943
0.6389, 4942
0.6395, 4941
0.6400, 4940
0.6405, 4939
0.6412, 4938
0.6417, 4937
0.6423, 4936
0.6430, 4935
0.6439, 4934
0.6447, 4933
0.6453, 4932
0.6458, 4931
0.6464, 4930
0.6471, 4929
0.6477, 4928
0.6482, 4927
0.6489, 4926
0.6497, 4925
0.6503, 4924
0.6509, 4923
0.6517, 4922
0.6523, 4921
0.6529, 4920
0.6535, 4919
0.6545, 4918
0.6554, 4917
0.6559, 4916
0.6568, 4915
0.6573, 4914
0.6578, 4913
0.6583, 4912
0.6588, 4911
0.6594, 4910
0.6599, 4909
0.6608, 4908
0.6613, 4907
0.6618, 4906
0.6624, 4905
0.6629, 4904
0.6635, 4903
0.6640, 4902
0.6648, 4901
0.6653, 4900
0.6664, 4899
0.6671, 4898
0.6677, 4897
0.6682, 4896
0.6687, 4895
0.6694, 4894
0.6702, 4893
0.6707, 4892
0.6716, 4891
0.6725, 4890
0.6732, 4889
0.6738, 4888
0.6744, 4887
0.6750, 4886
0.6756, 4885
0.6762, 4884
0.6768, 4883
0.6774, 4882
0.6780, 4881
0.6786, 4880
0.6792, 4879
0.6802, 4878
0.6807, 4877
0.6812, 4876
0.6820, 4875
0.6825, 4874
0.6830, 4873
0.6836, 4872
0.6844, 4871
0.6851, 4870
0.6859, 4869
0.6867, 4868
0.6873, 4867
0.6878, 4866
0.6883, 4865
0.6892, 4864
0.6900, 4863
0.6906, 4862
0.6912, 4861
0.6919, 4860
0.6925, 4859
0.6933, 4858
0.6939, 4857
0.6946, 4856
0.6954, 4855
0.6960, 4854
0.6970, 4853
0.6976, 4852
0.6981, 4851
0.6987, 4850
0.6996, 4849
0.7002, 4848
0.7010, 4847
0.7016, 4846
0.7020, 4845
0.7028, 4844
0.7033, 4843
0.7038, 4842
0.7043, 4841
0.7050, 4840
0.7057, 4839
0.7066, 4838
0.7073, 4837
0.7080, 4836
0.7084, 4835
0.7090, 4834
0.7096, 4833
0.7102, 4832
0.7108, 4831
0.7117, 4830
0.7122, 4829
0.7128, 4828
0.7134, 4827
0.7143, 4826
0.7152, 4825
0.7157, 4824
0.7164, 4823
0.7169, 4822
0.7175, 4821
0.7181, 4820
0.7186, 4819
0.7192, 4818
0.7197, 4817
0.7202, 4816
0.7208, 4815
0.7213, 4814
0.7221, 4813
0.7230, 4812
0.7237, 4811
0.7242, 4810
0.7251, 4809
0.7255, 4808
0.7260, 4807
0.7265, 4806
0.7270, 4805
0.7279, 4804
0.7287, 4803
0.7292, 4802
0.7298, 4801
0.7304, 4800
0.7310, 4799
0.7316, 4798
0.7321, 4797
0.7326, 4796
0.7332, 4795
0.7339, 4794
0.7346, 4793
0.7351, 4792
0.7359, 4791
0.7364, 4790
0.7372, 4789
0.7377, 4788
0.7384, 4787
0.7389, 4786
0.7395, 4785
0.7401, 4784
0.7406, 4783
0.7413, 4782
0.7418, 4781
0.7427, 4780
0.7435, 4779
0.7440, 4778
0.7448, 4777
0.7453, 4776
0.7458, 4775
0.7463, 4774
0.7473, 4773
0.7478, 4772
0.7485, 4771
0.7490, 4770
0.7496, 4769
0.7505, 4768
0.7511, 4767
0.7515, 4766
0.7521, 4765
0.7530, 4764
0.7538, 4763
0.7544, 4762
0.7550, 4761
0.7554, 4760
0.7560, 4759
0.7572, 4758
0.7579, 4757
0.7584, 4756
0.7593, 4755
0.7598, 4754
0.7603, 4753
0.7608, 4752
0.7613, 4751
0.7621, 4750
0.7626, 4749
0.7631, 4748
0.7637, 4747
0.7646, 4746
0.7651, 4745
0.7659, 4744
0.7666, 4743
0.7675, 4742
0.7683, 4741
0.7689, 4740
0.7694, 4739
0.7699, 4738
0.7705, 4737
0.7712, 4736
0.7720, 4735
0.7725, 4734
0.7731, 4733
0.7736, 4732
0.7741, 4731
0.7749, 4730
0.7754, 4729
0.7759, 4728
0.7764, 4727
0.7772, 4726
0.7780, 4725
0.7788, 4724
0.7797, 4723
0.7801, 4722
0.7809, 4721
0.7817, 4720
0.7822, 4719
0.7827, 4718
0.7832, 4717
0.7839, 4716
0.7847, 4715
0.7855, 4714
0.7863, 4713
0.7868, 4712
0.7875, 4711
0.7883, 4710
0.7892, 4709
0.7899, 4708
0.7907, 4707
0.7913, 4706
0.7921, 4705
0.7928, 4704
0.7935, 4703
0.7943, 4702
0.7953, 4701
0.7960, 4700
0.7969, 4699
0.7976, 4698
0.7984, 4697
0.7990, 4696
0.7998, 4695
0.8006, 4694
0.8015, 4693
0.8023, 4692
0.8032, 4691
0.8041, 4690
1.0328, 4689
1.2129, 4688
1.2534, 4687
1.3137, 4686
1.6556, 4685
1.6810, 4684
1.7796, 4683
1.8845, 4682
2.0308, 4681
2.2303, 4680
2.2902, 4679
2.4105, 4678
2.4508, 4677
2.6500, 4676
2.9561, 4675
2.9775, 4674
3.0819, 4673
3.3438, 4672
3.4686, 4671
3.4694, 4670
3.6501, 4669
3.6511, 4668
3.8436, 4667
3.9323, 4666
3.9749, 4665
3.9757, 4664
4.0170, 4663
4.5010, 4662
4.6079, 4661
5.1570, 4660
5.2012, 4659
5.3290, 4658
5.4287, 4657
5.5385, 4656
5.8633, 4655
6.2968, 4654
6.3618, 4653
6.3623, 4652
6.9381, 4651
7.0931, 4650
7.2039, 4649
7.9151, 4648
8.0729, 4647
8.1584, 4646
8.4568, 4645
8.4574, 4644
8.5178, 4643
8.5184, 4642
8.5582, 4641
9.0103, 4640
9.1829, 4639
9.1836, 4638
9.5098, 4637
9.5970, 4636
9.8957, 4635
