0.0000, 5900
0.0005, 5899
0.0012, 5898
0.0018, 5897
0.0028, 5896
0.0035, 5895
0.0042, 5894
0.0049, 5893
0.0057, 5892
0.0062, 5891
0.0071, 5890
0.0076, 5889
0.0081, 5888
0.0086, 5887
0.0095, 5886
0.0104, 5885
0.0111, 5884
0.0123, 5883
0.0129, 5882
0.0141, 5881
0.0146, 5880
0.0156, 5879
0.0164, 5878
0.0174, 5877
0.0179, 5876
0.0184, 5875
0.0189, 5874
0.0195, 5873
0.0206, 5872
0.0211, 5871
0.0217, 5870
0.0222, 5869
0.0229, 5868
0.0234, 5867
0.0239, 5866
0.0244, 5865
0.0253, 5864
0.0261, 5863
0.0267, 5862
0.0272, 5861
0.0279, 5860
0.0285, 5859
0.0290, 5858
0.0295, 5857
0.0301, 5856
0.0307, 5855
0.0313, 5854
0.0318, 5853
0.0323, 5852
0.0334, 5851
0.0343, 5850
0.0348, 5849
0.0353, 5848
0.0360, 5847
0.0366, 5846
0.0371, 5845
0.0378, 5844
0.0383, 5843
0.0389, 5842
0.0394, 5841
0.0402, 5840
0.0409, 5839
0.0414, 5838
0.0419, 5837
0.0426, 5836
0.0432, 5835
0.0438, 5834
0.0444, 5833
0.0451, 5832
0.0456, 5831
0.0461, 5830
0.0469, 5829
0.0475, 5828
0.0480, 5827
0.0486, 5826
0.0495, 5825
0.0501, 5824
0.0506, 5823
0.0514, 5822
0.0520, 5821
0.0525, 5820
0.0530, 5819
0.0536, 5818
0.0541, 5817
0.0550, 5816
0.0555, 5815
0.0566, 5814
0.0575, 5813
0.0582, 5812
0.0588, 5811
0.0597, 5810
0.0604, 5809
0.0610, 5808
0.0617, 5807
0.0622, 5806
0.0630, 5805
0.0636, 5804
0.0642, 5803
0.0647, 5802
0.0652, 5801
0.0657, 5800
0.0666, 5799
0.0671, 5798
0.0677, 5797
0.0684, 5796
0.0691, 5795
0.0696, 5794
0.0703, 5793
0.0709, 5792
0.0714, 5791
0.0720, 5790
0.0725, 5789
0.0730, 5788
0.0736, 5787
0.0742, 5786
0.0754, 5785
0.0765, 5784
0.0774, 5783
0.0779, 5782
0.0784, 5781
0.0789, 5780
0.0796, 5779
0.0805, 5778
0.0811, 5777
0.0819, 5776
0.0826, 5775
0.0832, 5774
0.0838, 5773
0.0849, 5772
0.0855, 5771
0.0867, 5770
0.0873, 5769
0.0878, 5768
0.0886, 5767
0.0891, 5766
0.0898, 5765
0.0905, 5764
0.0911, 5763
0.0916, 5762
0.0922, 5761
0.0927, 5760
0.0937, 5759
0.0942, 5758
0.0947, 5757
0.0953, 5756
0.0958, 5755
0.0964, 5754
0.0972, 5753
0.0979, 5752
0.0985, 5751
0.0990, 5750
0.0996, 5749
0.1004, 5748
0.1009, 5747
0.1015, 5746
0.1024, 5745
0.1035, 5744
0.1040, 5743
0.1046, 5742
0.1052, 5741
0.1062, 5740
0.1067, 5739
0.1073, 5738
0.1079, 5737
0.1084, 5736
0.1090, 5735
0.1095, 5734
0.1101, 5733
0.1107, 5732
0.1112, 5731
0.1118, 5730
0.1123, 5729
0.1128, 5728
0.1134, 5727
0.1139, 5726
0.1145, 5725
0.1152, 5724
0.1159, 5723
0.1169, 5722
0.1176, 5721
0.1182, 5720
0.1189, 5719
0.1196, 5718
0.1206, 5717
0.1214, 5716
0.1224, 5715
0.1234, 5714
0.1239, 5713
0.1245, 5712
0.1251, 5711
0.1257, 5710
0.1262, 5709
0.1270, 5708
0.1277, 5707
0.1284, 5706
0.1289, 5705
0.1295, 5704
0.1300, 5703
0.1306, 5702
0.1312, 5701
0.1318, 5700
0.1328, 5699
0.1334, 5698
0.1339, 5697
0.1345, 5696
0.1356, 5695
0.1363, 5694
0.1369, 5693
0.1375, 5692
0.1380, 5691
0.1386, 5690
0.1391, 5689
0.1397, 5688
0.1403, 5687
0.1409, 5686
0.1418, 5685
0.1424, 5684
0.1430, 5683
0.1435, 5682
0.1441, 5681
0.1447, 5680
0.1454, 5679
0.1459, 5678
0.1466, 5677
0.1471, 5676
0.1477, 5675
0.1483, 5674
0.1488, 5673
0.1493, 5672
0.1499, 5671
0.1505, 5670
0.1511, 5669
0.1517, 5668
0.1523, 5667
0.1528, 5666
0.1534, 5665
0.1540, 5664
0.1546, 5663
0.1552, 5662
0.1561, 5661
0.1567, 5660
0.1576, 5659
0.1582, 5658
0.1593, 5657
0.1603, 5656
0.1611, 5655
0.1618, 5654
0.1626, 5653
0.1632, 5652
0.1638, 5651
0.1644, 5650
0.1650, 5649
0.1655, 5648
0.1663, 5647
0.1669, 5646
0.1674, 5645
0.1682, 5644
0.1687, 5643
0.1693, 5642
0.1699, 5641
0.1706, 5640
0.1714, 5639
0.1723, 5638
0.1728, 5637
0.1734, 5636
0.1741, 5635
0.1752, 5634
0.1758, 5633
0.1768, 5632
0.1777, 5631
0.1783, 5630
0.1792, 5629
0.1801, 5628
0.1807, 5627
0.1818, 5626
0.1826, 5625
0.1833, 5624
0.1841, 5623
0.1847, 5622
0.1853, 5621
0.1860, 5620
0.1866, 5619
0.1876, 5618
0.1882, 5617
0.1888, 5616
0.1893, 5615
0.1900, 5614
0.1909, 5613
0.1915, 5612
0.1920, 5611
0.1926, 5610
0.1934, 5609
0.1940, 5608
0.1946, 5607
0.1951, 5606
0.1957, 5605
0.1963, 5604
0.1969, 5603
0.1974, 5602
0.1980, 5601
0.1985, 5600
0.1991, 5599
0.1996, 5598
0.2001, 5597
0.2006, 5596
0.2013, 5595
0.2021, 5594
0.2027, 5593
0.2037, 5592
0.2043, 5591
0.2051, 5590
0.2059, 5589
0.2068, 5588
0.2074, 5587
0.2080, 5586
0.2086, 5585
0.2093, 5584
0.2102, 5583
0.2109, 5582
0.2115, 5581
0.2121, 5580
0.2127, 5579
0.2134, 5578
0.2140, 5577
0.2150, 5576
0.2156, 5575
0.2162, 5574
0.2169, 5573
0.2175, 5572
0.2181, 5571
0.2188, 5570
0.2197, 5569
0.2203, 5568
0.2212, 5567
0.2218, 5566
0.2223, 5565
0.2229, 5564
0.2237, 5563
0.2248, 5562
0.2255, 5561
0.2260, 5560
0.2266, 5559
0.2271, 5558
0.2277, 5557
0.2287, 5556
0.2293, 5555
0.2299, 5554
0.2305, 5553
0.2314, 5552
0.2320, 5551
0.2326, 5550
0.2333, 5549
0.2339, 5548
0.2346, 5547
0.2352, 5546
0.2358, 5545
0.2363, 5544
0.2369, 5543
0.2374, 5542
0.2381, 5541
0.2388, 5540
0.2393, 5539
0.2399, 5538
0.2404, 5537
0.2410, 5536
0.2416, 5535
0.2423, 5534
0.2432, 5533
0.2437, 5532
0.2443, 5531
0.2448, 5530
0.2454, 5529
0.2460, 5528
0.2466, 5527
0.2471, 5526
0.2479, 5525
0.2485, 5524
0.2492, 5523
0.2501, 5522
0.2511, 5521
0.2520, 5520
0.2527, 5519
0.2534, 5518
0.2539, 5517
0.2546, 5516
0.2552, 5515
0.2560, 5514
0.2565, 5513
0.2571, 5512
0.2577, 5511
0.2583, 5510
0.2588, 5509
0.2594, 5508
0.2600, 5507
0.2607, 5506
0.2613, 5505
0.2618, 5504
0.2624, 5503
0.2633, 5502
0.2639, 5501
0.2645, 5500
0.2651, 5499
0.2660, 5498
0.2667, 5497
0.2674, 5496
0.2680, 5495
0.2686, 5494
0.2693, 5493
0.2699, 5492
0.2705, 5491
0.2715, 5490
0.2723, 5489
0.2729, 5488
0.2734, 5487
0.2740, 5486
0.2745, 5485
0.2755, 5484
0.2761, 5483
0.2766, 5482
0.2776, 5481
0.2782, 5480
0.2787, 5479
0.2793, 5478
0.2799, 5477
0.2805, 5476
0.2811, 5475
0.2816, 5474
0.2824, 5473
0.2830, 5472
0.2836, 5471
0.2842, 5470
0.2849, 5469
0.2854, 5468
0.2860, 5467
0.2866, 5466
0.2876, 5465
0.2882, 5464
0.2888, 5463
0.2893, 5462
0.2899, 5461
0.2905, 5460
0.2911, 5459
0.2917, 5458
0.2923, 5457
0.2929, 5456
0.2938, 5455
0.2945, 5454
0.2951, 5453
0.2958, 5452
0.2963, 5451
0.2970, 5450
0.2976, 5449
0.2983, 5448
0.2989, 5447
0.2995, 5446
0.3000, 5445
0.3006, 5444
0.3016, 5443
0.3023, 5442
0.3029, 5441
0.3034, 5440
0.3041, 5439
0.3047, 5438
0.3056, 5437
0.3064, 5436
0.3070, 5435
0.3076, 5434
0.3082, 5433
0.3088, 5432
0.3098, 5431
0.3104, 5430
0.3110, 5429
0.3115, 5428
0.3121, 5427
0.3128, 5426
0.3137, 5425
0.3143, 5424
0.3150, 5423
0.3157, 5422
0.3164, 5421
0.3171, 5420
0.3181, 5419
0.3186, 5418
0.3192, 5417
0.3203, 5416
0.3208, 5415
0.3215, 5414
0.3221, 5413
0.3227, 5412
0.3233, 5411
0.3238, 5410
0.3244, 5409
0.3249, 5408
0.3254, 5407
0.3261, 5406
0.3269, 5405
0.3277, 5404
0.3285, 5403
0.3293, 5402
0.3299, 5401
0.3304, 5400
0.3312, 5399
0.3320, 5398
0.3328, 5397
0.3334, 5396
0.3340, 5395
0.3349, 5394
0.3357, 5393
0.3363, 5392
0.3370, 5391
0.3376, 5390
0.3381, 5389
0.3387, 5388
0.3394, 5387
0.3399, 5386
0.3408, 5385
0.3414, 5384
0.3421, 5383
0.3427, 5382
0.3435, 5381
0.3442, 5380
0.3447, 5379
0.3453, 5378
0.3461, 5377
0.3467, 5376
0.3473, 5375
0.3480, 5374
0.3486, 5373
0.3493, 5372
0.3498, 5371
0.3505, 5370
0.3512, 5369
0.3520, 5368
0.3527, 5367
0.3532, 5366
0.3540, 5365
0.3546, 5364
0.3553, 5363
0.3563, 5362
0.3570, 5361
0.3577, 5360
0.3584, 5359
0.3591, 5358
0.3597, 5357
0.3608, 5356
0.3614, 5355
0.3620, 5354
0.3626, 5353
0.3634, 5352
0.3639, 5351
0.3648, 5350
0.3654, 5349
0.3660, 5348
0.3666, 5347
0.3672, 5346
0.3681, 5345
0.3689, 5344
0.3695, 5343
0.3702, 5342
0.3709, 5341
0.3714, 5340
0.3720, 5339
0.3725, 5338
0.3732, 5337
0.3738, 5336
0.3744, 5335
0.3750, 5334
0.3757, 5333
0.3766, 5332
0.3776, 5331
0.3781, 5330
0.3788, 5329
0.3793, 5328
0.3799, 5327
0.3806, 5326
0.3812, 5325
0.3817, 5324
0.3824, 5323
0.3834, 5322
0.3843, 5321
0.3853, 5320
0.3861, 5319
0.3867, 5318
0.3873, 5317
0.3878, 5316
0.3886, 5315
0.3893, 5314
0.3900, 5313
0.3906, 5312
0.3914, 5311
0.3922, 5310
0.3927, 5309
0.3933, 5308
0.3943, 5307
0.3950, 5306
0.3956, 5305
0.3962, 5304
0.3968, 5303
0.3974, 5302
0.3980, 5301
0.3985, 5300
0.3992, 5299
0.3998, 5298
0.4004, 5297
0.4009, 5296
0.4017, 5295
0.4024, 5294
0.4029, 5293
0.4035, 5292
0.4043, 5291
0.4050, 5290
0.4057, 5289
0.4066, 5288
0.4072, 5287
0.4077, 5286
0.4084, 5285
0.4090, 5284
0.4097, 5283
0.4102, 5282
0.4108, 5281
0.4114, 5280
0.4120, 5279
0.4125, 5278
0.4131, 5277
0.4138, 5276
0.4145, 5275
0.4152, 5274
0.4160, 5273
0.4166, 5272
0.4171, 5271
0.4177, 5270
0.4184, 5269
0.4190, 5268
0.4196, 5267
0.4201, 5266
0.4208, 5265
0.4215, 5264
0.4222, 5263
0.4228, 5262
0.4234, 5261
0.4240, 5260
0.4248, 5259
0.4253, 5258
0.4260, 5257
0.4267, 5256
0.4274, 5255
0.4280, 5254
0.4290, 5253
0.4298, 5252
0.4305, 5251
0.4316, 5250
0.4322, 5249
0.4327, 5248
0.4334, 5247
0.4341, 5246
0.4347, 5245
0.4353, 5244
0.4360, 5243
0.4365, 5242
0.4371, 5241
0.4377, 5240
0.4384, 5239
0.4389, 5238
0.4395, 5237
0.4404, 5236
0.4410, 5235
0.4416, 5234
0.4422, 5233
0.4428, 5232
0.4435, 5231
0.4441, 5230
0.4447, 5229
0.4452, 5228
0.4459, 5227
0.4467, 5226
0.4473, 5225
0.4479, 5224
0.4488, 5223
0.4497, 5222
0.4504, 5221
0.4512, 5220
0.4519, 5219
0.4524, 5218
0.4530, 5217
0.4536, 5216
0.4543, 5215
0.4550, 5214
0.4556, 5213
0.4564, 5212
0.4571, 5211
0.4578, 5210
0.4587, 5209
0.4593, 5208
0.4600, 5207
0.4608, 5206
0.4616, 5205
0.4622, 5204
0.4631, 5203
0.4637, 5202
0.4644, 5201
0.4650, 5200
0.4658, 5199
0.4665, 5198
0.4672, 5197
0.4679, 5196
0.4685, 5195
0.4694, 5194
0.4699, 5193
0.4705, 5192
0.4711, 5191
0.4716, 5190
0.4724, 5189
0.4729, 5188
0.4734, 5187
0.4740, 5186
0.4746, 5185
0.4752, 5184
0.4758, 5183
0.4766, 5182
0.4773, 5181
0.4780, 5180
0.4790, 5179
0.4795, 5178
0.4804, 5177
0.4810, 5176
0.4817, 5175
0.4825, 5174
0.4832, 5173
0.4840, 5172
0.4846, 5171
0.4852, 5170
0.4857, 5169
0.4866, 5168
0.4872, 5167
0.4878, 5166
0.4885, 5165
0.4894, 5164
0.4900, 5163
0.4908, 5162
0.4915, 5161
0.4926, 5160
0.4934, 5159
0.4942, 5158
0.4949, 5157
0.4956, 5156
0.4962, 5155
0.4969, 5154
0.4976, 5153
0.4985, 5152
0.4993, 5151
0.4999, 5150
0.5006, 5149
0.5013, 5148
0.5019, 5147
0.5025, 5146
0.5030, 5145
0.5035, 5144
0.5042, 5143
0.5048, 5142
0.5053, 5141
0.5058, 5140
0.5065, 5139
0.5071, 5138
0.5077, 5137
0.5085, 5136
0.5092, 5135
0.5099, 5134
0.5105, 5133
0.5111, 5132
0.5117, 5131
0.5124, 5130
0.5131, 5129
0.5137, 5128
0.5144, 5127
0.5152, 5126
0.5160, 5125
0.5166, 5124
0.5171, 5123
0.5177, 5122
0.5183, 5121
0.5191, 5120
0.5196, 5119
0.5202, 5118
0.5207, 5117
0.5212, 5116
0.5218, 5115
0.5225, 5114
0.5234, 5113
0.5241, 5112
0.5249, 5111
0.5257, 5110
0.5263, 5109
0.5269, 5108
0.5275, 5107
0.5280, 5106
0.5287, 5105
0.5293, 5104
0.5302, 5103
0.5311, 5102
0.5318, 5101
0.5328, 5100
0.5335, 5099
0.5343, 5098
0.5351, 5097
0.5356, 5096
0.5363, 5095
0.5369, 5094
0.5375, 5093
0.5382, 5092
0.5388, 5091
0.5395, 5090
0.5400, 5089
0.5407, 5088
0.5415, 5087
0.5424, 5086
0.5430, 5085
0.5436, 5084
0.5442, 5083
0.5449, 5082
0.5456, 5081
0.5461, 5080
0.5468, 5079
0.5474, 5078
0.5480, 5077
0.5486, 5076
0.5492, 5075
0.5499, 5074
0.5506, 5073
0.5514, 5072
0.5520, 5071
0.5525, 5070
0.5530, 5069
0.5538, 5068
0.5547, 5067
0.5554, 5066
0.5561, 5065
0.5568, 5064
0.5578, 5063
0.5585, 5062
0.5592, 5061
0.5597, 5060
0.5605, 5059
0.5611, 5058
0.5617, 5057
0.5623, 5056
0.5628, 5055
0.5635, 5054
0.5642, 5053
0.5649, 5052
0.5655, 5051
0.5660, 5050
0.5666, 5049
0.5672, 5048
0.5680, 5047
0.5686, 5046
0.5697, 5045
0.5703, 5044
0.5709, 5043
0.5716, 5042
0.5721, 5041
0.5730, 5040
0.5736, 5039
0.5742, 5038
0.5751, 5037
0.5757, 5036
0.5762, 5035
0.5770, 5034
0.5777, 5033
0.5784, 5032
0.5790, 5031
0.5800, 5030
0.5806, 5029
0.5815, 5028
0.5820, 5027
0.5827, 5026
0.5834, 5025
0.5841, 5024
0.5847, 5023
0.5853, 5022
0.5860, 5021
0.5867, 5020
0.5877, 5019
0.5887, 5018
0.5892, 5017
0.5897, 5016
0.5903, 5015
0.5912, 5014
0.5919, 5013
0.5926, 5012
0.5933, 5011
0.5940, 5010
0.5947, 5009
0.5953, 5008
0.5959, 5007
0.5965, 5006
0.5974, 5005
0.5979, 5004
0.5987, 5003
0.5993, 5002
0.5999, 5001
0.6008, 5000
0.6014, 4999
0.6023, 4998
0.6029, 4997
0.6035, 4996
0.6042, 4995
0.6047, 4994
0.6054, 4993
0.6061, 4992
0.6066, 4991
0.6074, 4990
0.6081, 4989
0.6091, 4988
0.6099, 4987
0.6105, 4986
0.6111, 4985
0.6118, 4984
0.6125, 4983
0.6132, 4982
0.6139, 4981
0.6147, 4980
0.6156, 4979
0.6162, 4978
0.6167, 4977
0.6174, 4976
0.6184, 4975
0.6194, 4974
0.6199, 4973
0.6205, 4972
0.6212, 4971
0.6219, 4970
0.6224, 4969
0.6232, 4968
0.6239, 4967
0.6246, 4966
0.6253, 4965
0.6259, 4964
0.6264, 4963
0.6270, 4962
0.6277, 4961
0.6284, 4960
0.6290, 4959
0.6295, 4958
0.6300, 4957
0.6306, 4956
0.6314, 4955
0.6319, 4954
0.6325, 4953
0.6331, 4952
0.6339, 4951
0.6349, 4950
0.6357, 4949
0.6368, 4948
0.6374, 4947
0.6381, 4946
0.6389, 4945
0.6395, 4944
0.6401, 4943
0.6406, 4942
0.6412, 4941
0.6418, 4940
0.6423, 4939
0.6430, 4938
0.6435, 4937
0.6442, 4936
0.6448, 4935
0.6458, 4934
0.6467, 4933
0.6472, 4932
0.6478, 4931
0.6484, 4930
0.6491, 4929
0.6497, 4928
0.6502, 4927
0.6509, 4926
0.6516, 4925
0.6523, 4924
0.6529, 4923
0.6537, 4922
0.6543, 4921
0.6549, 4920
0.6555, 4919
0.6565, 4918
0.6573, 4917
0.6579, 4916
0.6587, 4915
0.6593, 4914
0.6598, 4913
0.6603, 4912
0.6608, 4911
0.6614, 4910
0.6619, 4909
0.6629, 4908
0.6634, 4907
0.6640, 4906
0.6646, 4905
0.6651, 4904
0.6656, 4903
0.6662, 4902
0.6669, 4901
0.6674, 4900
0.6684, 4899
0.6691, 4898
0.6696, 4897
0.6701, 4896
0.6707, 4895
0.6714, 4894
0.6720, 4893
0.6725, 4892
0.6734, 4891
0.6741, 4890
0.6749, 4889
0.6754, 4888
0.6759, 4887
0.6765, 4886
0.6771, 4885
0.6776, 4884
0.6782, 4883
0.6788, 4882
0.6794, 4881
0.6800, 4880
0.6806, 4879
0.6815, 4878
0.6821, 4877
0.6826, 4876
0.6834, 4875
0.6839, 4874
0.6845, 4873
0.6851, 4872
0.6858, 4871
0.6866, 4870
0.6874, 4869
0.6882, 4868
0.6888, 4867
0.6893, 4866
0.6898, 4865
0.6907, 4864
0.6916, 4863
0.6922, 4862
0.6927, 4861
0.6935, 4860
0.6941, 4859
0.6949, 4858
0.6955, 4857
0.6962, 4856
0.6971, 4855
0.6977, 4854
0.6987, 4853
0.6993, 4852
0.6998, 4851
0.7004, 4850
0.7012, 4849
0.7019, 4848
0.7026, 4847
0.7031, 4846
0.7036, 4845
0.7044, 4844
0.7049, 4843
0.7054, 4842
0.7059, 4841
0.7066, 4840
0.7073, 4839
0.7082, 4838
0.7089, 4837
0.7096, 4836
0.7100, 4835
0.7106, 4834
0.7112, 4833
0.7118, 4832
0.7124, 4831
0.7133, 4830
0.7138, 4829
0.7144, 4828
0.7151, 4827
0.7160, 4826
0.7254, 4825
0.7259, 4824
0.7267, 4823
0.7272, 4822
0.7278, 4821
0.7285, 4820
0.7290, 4819
0.7297, 4818
0.7303, 4817
0.7308, 4816
0.7314, 4815
0.7319, 4814
0.7329, 4813
0.7338, 4812
0.7345, 4811
0.7350, 4810
0.7364, 4809
0.7369, 4808
0.7374, 4807
0.7379, 4806
0.7385, 4805
0.7394, 4804
0.7403, 4803
0.7408, 4802
0.7414, 4801
0.7421, 4800
0.7427, 4799
0.7433, 4798
0.7438, 4797
0.7445, 4796
0.7451, 4795
0.7458, 4794
0.7465, 4793
0.7471, 4792
0.7479, 4791
0.7484, 4790
0.7492, 4789
0.7498, 4788
0.7505, 4787
0.7511, 4786
0.7516, 4785
0.7522, 4784
0.7527, 4783
0.7536, 4782
0.7557, 4781
0.7628, 4780
0.7637, 4779
0.7704, 4778
0.7740, 4777
0.7754, 4776
0.7760, 4775
0.7781, 4774
0.7816, 4773
0.7825, 4772
0.7834, 4771
0.7863, 4770
0.7883, 4769
0.7895, 4768
0.7908, 4767
0.7913, 4766
0.7942, 4765
0.7956, 4764
0.7965, 4763
0.7973, 4762
0.7981, 4761
0.7986, 4760
0.7994, 4759
0.8008, 4758
0.8017, 4757
0.8024, 4756
0.8037, 4755
0.8045, 4754
0.8052, 4753
0.8060, 4752
0.8079, 4751
0.8092, 4750
0.8104, 4749
0.8124, 4748
0.8140, 4747
0.8169, 4746
0.8177, 4745
0.8188, 4744
0.8198, 4743
0.8209, 4742
0.8221, 4741
0.8229, 4740
0.8236, 4739
0.8245, 4738
0.8252, 4737
0.8270, 4736
0.8282, 4735
0.8296, 4734
0.8310, 4733
0.8316, 4732
0.8321, 4731
0.8329, 4730
0.8335, 4729
0.8340, 4728
0.8346, 4727
0.8354, 4726
0.8361, 4725
0.8370, 4724
0.8378, 4723
0.8383, 4722
0.8391, 4721
0.8399, 4720
0.8404, 4719
0.8409, 4718
0.8415, 4717
0.8422, 4716
0.8430, 4715
0.8438, 4714
0.8446, 4713
0.8451, 4712
0.8459, 4711
0.8467, 4710
0.8476, 4709
0.8483, 4708
0.8491, 4707
0.8497, 4706
0.8505, 4705
0.8512, 4704
0.8520, 4703
0.8530, 4702
0.8539, 4701
0.8546, 4700
0.8555, 4699
0.8563, 4698
0.8570, 4697
0.8577, 4696
0.8585, 4695
0.8593, 4694
0.8602, 4693
0.8610, 4692
0.8620, 4691
0.8629, 4690
1.0296, 4689
1.2867, 4688
1.2871, 4687
1.3664, 4686
1.7188, 4685
1.7193, 4684
1.7983, 4683
1.8960, 4682
2.0344, 4681
2.2308, 4680
2.2894, 4679
2.4276, 4678
2.4678, 4677
2.6546, 4676
2.9479, 4675
2.9681, 4674
3.0867, 4673
3.3028, 4672
3.3033, 4671
3.3040, 4670
3.4443, 4669
3.4850, 4668
3.5647, 4667
3.7011, 4666
3.7019, 4665
3.7024, 4664
3.7606, 4663
4.2906, 4662
4.2912, 4661
4.7756, 4660
4.8172, 4659
4.9565, 4658
5.0182, 4657
5.1774, 4656
5.4151, 4655
5.8495, 4654
6.0066, 4653
6.0071, 4652
6.4874, 4651
6.6095, 4650
6.7502, 4649
7.3759, 4648
7.4557, 4647
7.5921, 4646
7.8492, 4645
7.9301, 4644
7.9307, 4643
7.9313, 4642
7.9709, 4641
8.4591, 4640
8.5374, 4639
8.6368, 4638
8.8339, 4637
8.9919, 4636
9.1868, 4635
9.3636, 4634
9.4436, 4633
9.7441, 4632
9.9324, 4631
