0.1089, 4688
0.1387, 4687
0.2022, 4686
0.2865, 4684
0.3518, 4682
0.3918, 4681
0.4531, 4680
0.4736, 4678
0.4842, 4675
0.5145, 4674
0.5352, 4673
0.5458, 4672
0.5561, 4670
0.5663, 4669
0.5771, 4665
0.6713, 4663
0.7510, 4662
0.8718, 4661
0.8930, 4660
0.9242, 4659
0.9574, 4658
0.9685, 4655
1.0404, 4654
1.1119, 4653
1.1834, 4652
1.2037, 4651
1.2243, 4650
1.3257, 4647
1.5137, 4646
1.5346, 4645
1.5452, 4644
1.5866, 4643
1.6578, 4638
1.6789, 4634
1.7000, 4633
1.8047, 4632
1.8451, 4631
2.0073, 4630
2.1591, 4629
2.2511, 4628
2.2617, 4627
2.2722, 4626
2.3860, 4619
2.5332, 4618
2.5439, 4617
2.5891, 4616
2.6143, 4615
2.6250, 4614
2.7077, 4613
2.7705, 4609
3.0275, 4608
3.1297, 4607
3.2048, 4603
3.3230, 4602
3.3335, 4601
3.3441, 4600
3.4550, 4598
3.4956, 4597
3.7435, 4596
3.7749, 4594
3.8710, 4593
3.9348, 4591
4.1833, 4590
4.1942, 4589
4.3375, 4588
4.5228, 4587
4.6302, 4585
4.9509, 4584
5.0029, 4583
5.4253, 4582
6.8255, 4581
6.8468, 4580
6.8678, 4579
6.8983, 4578
7.4465, 4577
8.4244, 4576
8.5469, 4575
8.7932, 4574
10.1944, 4573
