0.0000, 10096
0.0009, 10095
0.0019, 10094
0.0028, 10093
0.0037, 10092
0.0046, 10091
0.0055, 10090
0.0064, 10089
0.0074, 10088
0.0083, 10087
0.0092, 10086
0.0101, 10085
0.0111, 10084
0.0120, 10083
0.0129, 10082
0.0139, 10081
0.0148, 10080
0.0157, 10079
0.0166, 10078
0.0175, 10077
0.0184, 10076
0.0194, 10075
0.0203, 10074
0.0212, 10073
0.0222, 10072
0.0231, 10071
0.0240, 10070
0.0250, 10069
0.0259, 10068
0.0268, 10067
0.0277, 10066
0.0286, 10065
0.0296, 10064
0.0305, 10063
0.0314, 10062
0.0323, 10061
0.0332, 10060
0.0342, 10059
0.0351, 10058
0.0360, 10057
0.0369, 10056
0.0379, 10055
0.0388, 10054
0.0397, 10053
0.0406, 10052
0.0415, 10051
0.0424, 10050
0.0433, 10049
0.0443, 10048
0.0452, 10047
0.0462, 10046
0.0471, 10045
0.0480, 10044
0.0489, 10043
0.0498, 10042
0.0507, 10041
0.0517, 10040
0.0526, 10039
0.0535, 10038
0.0544, 10037
0.0553, 10036
0.0562, 10035
0.0571, 10034
0.0580, 10033
0.0589, 10032
0.0598, 10031
0.0608, 10030
0.0618, 10029
0.0627, 10028
0.0636, 10027
0.0645, 10026
0.0654, 10025
0.0663, 10024
0.0673, 10023
0.0682, 10022
0.0692, 10021
0.0701, 10020
0.0710, 10019
0.0719, 10018
0.0729, 10017
0.0738, 10016
0.0748, 10015
0.0757, 10014
0.0766, 10013
0.0775, 10012
0.0784, 10011
0.0793, 10010
0.0802, 10009
0.0811, 10008
0.0820, 10007
0.0830, 10006
0.0839, 10005
0.0849, 10004
0.0858, 10003
0.0867, 10002
0.0876, 10001
0.0885, 10000
0.0894, 9999
0.0903, 9998
0.0913, 9997
0.0922, 9996
0.0931, 9995
0.0940, 9994
0.0949, 9993
0.0958, 9992
0.0967, 9991
0.0976, 9990
0.0985, 9989
0.0994, 9988
0.1003, 9987
0.1012, 9986
0.1021, 9985
0.1030, 9984
0.1039, 9983
0.1048, 9982
0.1057, 9981
0.1066, 9980
0.1075, 9979
0.1084, 9978
0.1094, 9977
0.1102, 9976
0.1112, 9975
0.1121, 9974
0.1130, 9973
0.1139, 9972
0.1148, 9971
0.1156, 9970
0.1165, 9969
0.1175, 9968
0.1184, 9967
0.1193, 9966
0.1202, 9965
0.1211, 9964
0.1220, 9963
0.1229, 9962
0.1238, 9961
0.1247, 9960
0.1256, 9959
0.1265, 9958
0.1274, 9957
0.1283, 9956
0.1292, 9955
0.1301, 9954
0.1310, 9953
0.1319, 9952
0.1328, 9951
0.1337, 9950
0.1346, 9949
0.1355, 9948
0.1364, 9947
0.1373, 9946
0.1382, 9945
0.1392, 9944
0.1400, 9943
0.1409, 9942
0.1418, 9941
0.1427, 9940
0.1437, 9939
0.1445, 9938
0.1455, 9937
0.1464, 9936
0.1473, 9935
0.1482, 9934
0.1491, 9933
0.1500, 9932
0.1509, 9931
0.1518, 9930
0.1527, 9929
0.1536, 9928
0.1546, 9927
0.1555, 9926
0.1564, 9925
0.1573, 9924
0.1582, 9923
0.1591, 9922
0.1600, 9921
0.1609, 9920
0.1618, 9919
0.1627, 9918
0.1636, 9917
0.1645, 9916
0.1654, 9915
0.1663, 9914
0.1672, 9913
0.1682, 9912
0.1691, 9911
0.1700, 9910
0.1709, 9909
0.1718, 9908
0.1727, 9907
0.1736, 9906
0.1745, 9905
0.1754, 9904
0.1763, 9903
0.1773, 9902
0.1782, 9901
0.1791, 9900
0.1800, 9899
0.1809, 9898
0.1818, 9897
0.1827, 9896
0.1836, 9895
0.1845, 9894
0.1854, 9893
0.1863, 9892
0.1872, 9891
0.1881, 9890
0.1890, 9889
0.1899, 9888
0.1908, 9887
0.1917, 9886
0.1926, 9885
0.1935, 9884
0.1944, 9883
0.1953, 9882
0.1963, 9881
0.1972, 9880
0.1981, 9879
0.1990, 9878
0.1999, 9877
0.2008, 9876
0.2017, 9875
0.2026, 9874
0.2035, 9873
0.2044, 9872
0.2053, 9871
0.2062, 9870
0.2071, 9869
0.2080, 9868
0.2089, 9867
0.2098, 9866
0.2107, 9865
0.2116, 9864
0.2125, 9863
0.2135, 9862
0.2143, 9861
0.2152, 9860
0.2161, 9859
0.2170, 9858
0.2180, 9857
0.2189, 9856
0.2198, 9855
0.2207, 9854
0.2217, 9853
0.2225, 9852
0.2234, 9851
0.2244, 9850
0.2252, 9849
0.2262, 9848
0.2271, 9847
0.2280, 9846
0.2289, 9845
0.2298, 9844
0.2307, 9843
0.2316, 9842
0.2325, 9841
0.2335, 9840
0.2344, 9839
0.2353, 9838
0.2362, 9837
0.2372, 9836
0.2381, 9835
0.2390, 9834
0.2400, 9833
0.2409, 9832
0.2418, 9831
0.2426, 9830
0.2435, 9829
0.2445, 9828
0.2454, 9827
0.2463, 9826
0.2472, 9825
0.2481, 9824
0.2490, 9823
0.2499, 9822
0.2508, 9821
0.2517, 9820
0.2525, 9819
0.2534, 9818
0.2543, 9817
0.2552, 9816
0.2561, 9815
0.2570, 9814
0.2579, 9813
0.2588, 9812
0.2597, 9811
0.2606, 9810
0.2615, 9809
0.2624, 9808
0.2633, 9807
0.2642, 9806
0.2651, 9805
0.2660, 9804
0.2669, 9803
0.2678, 9802
0.2687, 9801
0.2696, 9800
0.2705, 9799
0.2714, 9798
0.2723, 9797
0.2733, 9796
0.2742, 9795
0.2750, 9794
0.2759, 9793
0.2769, 9792
0.2777, 9791
0.2786, 9790
0.2795, 9789
0.2804, 9788
0.2814, 9787
0.2823, 9786
0.2832, 9785
0.2841, 9784
0.2850, 9783
0.2859, 9782
0.2868, 9781
0.2877, 9780
0.2886, 9779
0.2895, 9778
0.2904, 9777
0.2913, 9776
0.2922, 9775
0.2931, 9774
0.2939, 9773
0.2948, 9772
0.2957, 9771
0.2966, 9770
0.2975, 9769
0.2985, 9768
0.2994, 9767
0.3003, 9766
0.3011, 9765
0.3020, 9764
0.3030, 9763
0.3038, 9762
0.3047, 9761
0.3056, 9760
0.3065, 9759
0.3073, 9758
0.3082, 9757
0.3091, 9756
0.3100, 9755
0.3109, 9754
0.3118, 9753
0.3127, 9752
0.3135, 9751
0.3144, 9750
0.3153, 9749
0.3162, 9748
0.3171, 9747
0.3180, 9746
0.3188, 9745
0.3197, 9744
0.3206, 9743
0.3215, 9742
0.3224, 9741
0.3233, 9740
0.3242, 9739
0.3251, 9738
0.3259, 9737
0.3268, 9736
0.3278, 9735
0.3287, 9734
0.3295, 9733
0.3304, 9732
0.3313, 9731
0.3322, 9730
0.3331, 9729
0.3340, 9728
0.3348, 9727
0.3358, 9726
0.3367, 9725
0.3376, 9724
0.3384, 9723
0.3393, 9722
0.3402, 9721
0.3411, 9720
0.3420, 9719
0.3429, 9718
0.3437, 9717
0.3446, 9716
0.3455, 9715
0.3464, 9714
0.3473, 9713
0.3481, 9712
0.3490, 9711
0.3499, 9710
0.3508, 9709
0.3517, 9708
0.3525, 9707
0.3535, 9706
0.3544, 9705
0.3552, 9704
0.3562, 9703
0.3570, 9702
0.3579, 9701
0.3588, 9700
0.3596, 9699
0.3605, 9698
0.3614, 9697
0.3623, 9696
0.3632, 9695
0.3641, 9694
0.3650, 9693
0.3659, 9692
0.3667, 9691
0.3676, 9690
0.3685, 9689
0.3694, 9688
0.3703, 9687
0.3712, 9686
0.3721, 9685
0.3730, 9684
0.3739, 9683
0.3748, 9682
0.3757, 9681
0.3766, 9680
0.3775, 9679
0.3783, 9678
0.3792, 9677
0.3801, 9676
0.3810, 9675
0.3819, 9674
0.3828, 9673
0.3837, 9672
0.3846, 9671
0.3855, 9670
0.3864, 9669
0.3873, 9668
0.3882, 9667
0.3891, 9666
0.3900, 9665
0.3908, 9664
0.3917, 9663
0.3926, 9662
0.3935, 9661
0.3944, 9660
0.3953, 9659
0.3962, 9658
0.3971, 9657
0.3979, 9656
0.3988, 9655
0.3997, 9654
0.4006, 9653
0.4015, 9652
0.4023, 9651
0.4032, 9650
0.4041, 9649
0.4050, 9648
0.4058, 9647
0.4068, 9646
0.4076, 9645
0.4085, 9644
0.4094, 9643
0.4103, 9642
0.4112, 9641
0.4121, 9640
0.4131, 9639
0.4140, 9638
0.4149, 9637
0.4157, 9636
0.4166, 9635
0.4174, 9634
0.4183, 9633
0.4192, 9632
0.4201, 9631
0.4209, 9630
0.4218, 9629
0.4227, 9628
0.4236, 9627
0.4244, 9626
0.4253, 9625
0.4262, 9624
0.4271, 9623
0.4280, 9622
0.4288, 9621
0.4297, 9620
0.4306, 9619
0.4315, 9618
0.4324, 9617
0.4333, 9616
0.4342, 9615
0.4351, 9614
0.4360, 9613
0.4369, 9612
0.4377, 9611
0.4386, 9610
0.4396, 9609
0.4404, 9608
0.4413, 9607
0.4422, 9606
0.4431, 9605
0.4439, 9604
0.4448, 9603
0.4457, 9602
0.4466, 9601
0.4474, 9600
0.4484, 9599
0.4492, 9598
0.4501, 9597
0.4510, 9596
0.4518, 9595
0.4527, 9594
0.4536, 9593
0.4544, 9592
0.4553, 9591
0.4562, 9590
0.4571, 9589
0.4580, 9588
0.4589, 9587
0.4598, 9586
0.4606, 9585
0.4615, 9584
0.4624, 9583
0.4633, 9582
0.4642, 9581
0.4651, 9580
0.4660, 9579
0.4668, 9578
0.4677, 9577
0.4686, 9576
0.4695, 9575
0.4703, 9574
0.4713, 9573
0.4721, 9572
0.4730, 9571
0.4739, 9570
0.4748, 9569
0.4757, 9568
0.4765, 9567
0.4774, 9566
0.4783, 9565
0.4792, 9564
0.4800, 9563
0.4809, 9562
0.4818, 9561
0.4826, 9560
0.4835, 9559
0.4844, 9558
0.4853, 9557
0.4861, 9556
0.4870, 9555
0.4879, 9554
0.4888, 9553
0.4897, 9552
0.4905, 9551
0.4914, 9550
0.4923, 9549
0.4932, 9548
0.4940, 9547
0.4949, 9546
0.4958, 9545
0.4967, 9544
0.4975, 9543
0.4984, 9542
0.4992, 9541
0.5001, 9540
0.5010, 9539
0.5019, 9538
0.5028, 9537
0.5037, 9536
0.5046, 9535
0.5055, 9534
0.5063, 9533
0.5072, 9532
0.5081, 9531
0.5089, 9530
0.5098, 9529
0.5107, 9528
0.5115, 9527
0.5124, 9526
0.5133, 9525
0.5141, 9524
0.5150, 9523
0.5158, 9522
0.5167, 9521
0.5176, 9520
0.5184, 9519
0.5193, 9518
0.5201, 9517
0.5209, 9516
0.5217, 9515
0.5226, 9514
0.5234, 9513
0.5242, 9512
0.5251, 9511
0.5259, 9510
0.5268, 9509
0.5276, 9508
0.5284, 9507
0.5292, 9506
0.5301, 9505
0.5310, 9504
0.5318, 9503
0.5328, 9502
0.5338, 9501
0.5348, 9500
0.5359, 9499
0.5369, 9498
0.5379, 9497
0.5389, 9496
0.5399, 9495
0.5410, 9494
0.5420, 9493
0.5430, 9492
0.5440, 9491
0.5450, 9490
0.5460, 9489
0.5470, 9488
0.5481, 9487
0.5491, 9486
0.5501, 9485
0.5511, 9484
0.5521, 9483
0.5531, 9482
0.5542, 9481
0.5552, 9480
0.5562, 9479
0.5572, 9478
0.5582, 9477
0.5593, 9476
0.5603, 9475
0.5613, 9474
0.5624, 9473
0.5634, 9472
0.5644, 9471
0.5654, 9470
0.5664, 9469
0.5674, 9468
0.5684, 9467
0.5695, 9466
0.5705, 9465
0.5715, 9464
0.5725, 9463
0.5736, 9462
0.5746, 9461
0.5756, 9460
0.5766, 9459
0.5777, 9458
0.5787, 9457
0.5797, 9456
0.5807, 9455
0.5817, 9454
0.5828, 9453
0.5838, 9452
0.5848, 9451
0.5857, 9450
0.5867, 9449
0.5878, 9448
0.5888, 9447
0.5898, 9446
0.5909, 9445
0.5919, 9444
0.5929, 9443
0.5938, 9442
0.5949, 9441
0.5959, 9440
0.5969, 9439
0.5979, 9438
0.5989, 9437
0.5999, 9436
0.6009, 9435
0.6019, 9434
0.6029, 9433
0.6039, 9432
0.6050, 9431
0.6060, 9430
0.6070, 9429
0.6080, 9428
0.6090, 9427
0.6100, 9426
0.6110, 9425
0.6121, 9424
0.6131, 9423
0.6141, 9422
0.6152, 9421
0.6161, 9420
0.6171, 9419
0.6181, 9418
0.6192, 9417
0.6202, 9416
0.6212, 9415
0.6222, 9414
0.6232, 9413
0.6242, 9412
0.6253, 9411
0.6263, 9410
0.6274, 9409
0.6284, 9408
0.6294, 9407
0.6304, 9406
0.6314, 9405
0.6324, 9404
0.6334, 9403
0.6344, 9402
0.6354, 9401
0.6364, 9400
0.6374, 9399
0.6384, 9398
0.6394, 9397
0.6404, 9396
0.6414, 9395
0.6424, 9394
0.6434, 9393
0.6444, 9392
0.6454, 9391
0.6464, 9390
0.6474, 9389
0.6484, 9388
0.6494, 9387
0.6504, 9386
0.6514, 9385
0.6524, 9384
0.6534, 9383
0.6544, 9382
0.6554, 9381
0.6564, 9380
0.6574, 9379
0.6584, 9378
0.6594, 9377
0.6603, 9376
0.6614, 9375
0.6624, 9374
0.6634, 9373
0.6644, 9372
0.6654, 9371
0.6664, 9370
0.6675, 9369
0.6685, 9368
0.6694, 9367
0.6704, 9366
0.6714, 9365
0.6724, 9364
0.6734, 9363
0.6744, 9362
0.6754, 9361
0.6764, 9360
0.6774, 9359
0.6784, 9358
0.6793, 9357
0.6804, 9356
0.6814, 9355
0.6824, 9354
0.6834, 9353
0.6844, 9352
0.6854, 9351
0.6864, 9350
0.6873, 9349
0.6883, 9348
0.6893, 9347
0.6903, 9346
0.6913, 9345
0.6923, 9344
0.6933, 9343
0.6943, 9342
0.6953, 9341
0.6963, 9340
0.6972, 9339
0.6982, 9338
0.6992, 9337
0.7002, 9336
0.7011, 9335
0.7021, 9334
0.7031, 9333
0.7041, 9332
0.7051, 9331
0.7061, 9330
0.7071, 9329
0.7081, 9328
0.7090, 9327
0.7100, 9326
0.7110, 9325
0.7120, 9324
0.7130, 9323
0.7139, 9322
0.7149, 9321
0.7159, 9320
0.7169, 9319
0.7179, 9318
0.7189, 9317
0.7198, 9316
0.7208, 9315
0.7218, 9314
0.7227, 9313
0.7237, 9312
0.7247, 9311
0.7257, 9310
0.7267, 9309
0.7277, 9308
0.7286, 9307
0.7296, 9306
0.7306, 9305
0.7316, 9304
0.7326, 9303
0.7336, 9302
0.7346, 9301
0.7355, 9300
0.7365, 9299
0.7375, 9298
0.7385, 9297
0.7395, 9296
0.7404, 9295
0.7414, 9294
0.7424, 9293
0.7434, 9292
0.7443, 9291
0.7453, 9290
0.7463, 9289
0.7473, 9288
0.7483, 9287
0.7492, 9286
0.7502, 9285
0.7511, 9284
0.7521, 9283
0.7531, 9282
0.7541, 9281
0.7551, 9280
0.7560, 9279
0.7570, 9278
0.7579, 9277
0.7589, 9276
0.7599, 9275
0.7608, 9274
0.7618, 9273
0.7627, 9272
0.7638, 9271
0.7648, 9270
0.7657, 9269
0.7667, 9268
0.7677, 9267
0.7687, 9266
0.7696, 9265
0.7706, 9264
0.7717, 9263
0.7726, 9262
0.7736, 9261
0.7745, 9260
0.7755, 9259
0.7765, 9258
0.7774, 9257
0.7784, 9256
0.7794, 9255
0.7804, 9254
0.7814, 9253
0.7823, 9252
0.7834, 9251
0.7843, 9250
0.7852, 9249
0.7862, 9248
0.7873, 9247
0.7883, 9246
0.7892, 9245
0.7902, 9244
0.7911, 9243
0.7921, 9242
0.7931, 9241
0.7941, 9240
0.7951, 9239
0.7961, 9238
0.7971, 9237
0.7980, 9236
0.7990, 9235
0.7999, 9234
0.8009, 9233
0.8018, 9232
0.8029, 9231
0.8038, 9230
0.8048, 9229
0.8058, 9228
0.8068, 9227
0.8077, 9226
0.8088, 9225
0.8097, 9224
0.8108, 9223
0.8117, 9222
0.8127, 9221
0.8137, 9220
0.8147, 9219
0.8156, 9218
0.8167, 9217
0.8176, 9216
0.8186, 9215
0.8196, 9214
0.8205, 9213
0.8215, 9212
0.8224, 9211
0.8234, 9210
0.8243, 9209
0.8253, 9208
0.8263, 9207
0.8272, 9206
0.8281, 9205
0.8291, 9204
0.8300, 9203
0.8310, 9202
0.8320, 9201
0.8329, 9200
0.8338, 9199
0.8348, 9198
0.8357, 9197
0.8367, 9196
0.8377, 9195
0.8386, 9194
0.8396, 9193
0.8406, 9192
0.8415, 9191
0.8425, 9190
0.8435, 9189
0.8444, 9188
0.8454, 9187
0.8463, 9186
0.8473, 9185
0.8483, 9184
0.8492, 9183
0.8501, 9182
0.8511, 9181
0.8520, 9180
0.8530, 9179
0.8539, 9178
0.8549, 9177
0.8558, 9176
0.8568, 9175
0.8577, 9174
0.8587, 9173
0.8597, 9172
0.8606, 9171
0.8615, 9170
0.8625, 9169
0.8634, 9168
0.8644, 9167
0.8654, 9166
0.8663, 9165
0.8673, 9164
0.8682, 9163
0.8692, 9162
0.8701, 9161
0.8711, 9160
0.8720, 9159
0.8730, 9158
0.8740, 9157
0.8749, 9156
0.8758, 9155
0.8768, 9154
0.8777, 9153
0.8786, 9152
0.8796, 9151
0.8806, 9150
0.8815, 9149
0.8825, 9148
0.8834, 9147
0.8843, 9146
0.8852, 9145
0.8862, 9144
0.8871, 9143
0.8881, 9142
0.8890, 9141
0.8899, 9140
0.8908, 9139
0.8918, 9138
0.8928, 9137
0.8937, 9136
0.8947, 9135
0.8956, 9134
0.8965, 9133
0.8975, 9132
0.8984, 9131
0.8994, 9130
0.9003, 9129
0.9012, 9128
0.9022, 9127
0.9032, 9126
0.9041, 9125
0.9050, 9124
0.9060, 9123
0.9069, 9122
0.9079, 9121
0.9089, 9120
0.9098, 9119
0.9107, 9118
0.9117, 9117
0.9126, 9116
0.9135, 9115
0.9144, 9114
0.9153, 9113
0.9163, 9112
0.9172, 9111
0.9181, 9110
0.9190, 9109
0.9200, 9108
0.9209, 9107
0.9219, 9106
0.9228, 9105
0.9238, 9104
0.9247, 9103
0.9256, 9102
0.9265, 9101
0.9275, 9100
0.9284, 9099
0.9294, 9098
0.9303, 9097
0.9312, 9096
0.9322, 9095
0.9331, 9094
0.9340, 9093
0.9349, 9092
0.9359, 9091
0.9368, 9090
0.9378, 9089
0.9387, 9088
0.9396, 9087
0.9405, 9086
0.9415, 9085
0.9424, 9084
0.9433, 9083
0.9443, 9082
0.9452, 9081
0.9461, 9080
0.9470, 9079
0.9480, 9078
0.9489, 9077
0.9499, 9076
0.9508, 9075
0.9517, 9074
0.9526, 9073
0.9535, 9072
0.9544, 9071
0.9553, 9070
0.9563, 9069
0.9572, 9068
0.9581, 9067
0.9591, 9066
0.9600, 9065
0.9609, 9064
0.9618, 9063
0.9627, 9062
0.9637, 9061
0.9646, 9060
0.9655, 9059
0.9664, 9058
0.9674, 9057
0.9683, 9056
0.9692, 9055
0.9702, 9054
0.9711, 9053
0.9721, 9052
0.9730, 9051
0.9740, 9050
0.9749, 9049
0.9758, 9048
0.9768, 9047
0.9778, 9046
0.9787, 9045
0.9797, 9044
0.9806, 9043
0.9815, 9042
0.9824, 9041
0.9834, 9040
0.9843, 9039
0.9852, 9038
0.9861, 9037
0.9870, 9036
0.9880, 9035
0.9889, 9034
0.9898, 9033
0.9907, 9032
0.9917, 9031
0.9926, 9030
0.9936, 9029
0.9945, 9028
0.9954, 9027
0.9963, 9026
0.9973, 9025
0.9983, 9024
0.9993, 9023
1.0002, 9022
1.0012, 9021
1.0021, 9020
1.0030, 9019
1.0040, 9018
1.0049, 9017
1.0059, 9016
1.0069, 9015
1.0078, 9014
1.0087, 9013
1.0096, 9012
1.0105, 9011
1.0115, 9010
1.0124, 9009
1.0133, 9008
1.0142, 9007
1.0151, 9006
1.0161, 9005
1.0171, 9004
1.0181, 9003
1.0190, 9002
1.0199, 9001
1.0209, 9000
1.0218, 8999
1.0227, 8998
1.0236, 8997
1.0245, 8996
1.0255, 8995
1.0264, 8994
1.0273, 8993
1.0283, 8992
1.0292, 8991
1.0301, 8990
1.0310, 8989
1.0320, 8988
1.0329, 8987
1.0338, 8986
1.0348, 8985
1.0357, 8984
1.0367, 8983
1.0376, 8982
1.0385, 8981
1.0394, 8980
1.0404, 8979
1.0413, 8978
1.0423, 8977
1.0432, 8976
1.0441, 8975
1.0451, 8974
1.0460, 8973
1.0469, 8972
1.0478, 8971
1.0487, 8970
1.0496, 8969
1.0506, 8968
1.0515, 8967
1.0524, 8966
1.0533, 8965
1.0542, 8964
1.0552, 8963
1.0561, 8962
1.0571, 8961
1.0580, 8960
1.0589, 8959
1.0598, 8958
1.0607, 8957
1.0617, 8956
1.0626, 8955
1.0635, 8954
1.0645, 8953
1.0655, 8952
1.0664, 8951
1.0673, 8950
1.0683, 8949
1.0692, 8948
1.0701, 8947
1.0711, 8946
1.0720, 8945
1.0729, 8944
1.0738, 8943
1.0747, 8942
1.0756, 8941
1.0765, 8940
1.0775, 8939
1.0784, 8938
1.0793, 8937
1.0803, 8936
1.0812, 8935
1.0821, 8934
1.0830, 8933
1.0839, 8932
1.0848, 8931
1.0857, 8930
1.0866, 8929
1.0875, 8928
1.0884, 8927
1.0894, 8926
1.0903, 8925
1.0912, 8924
1.0921, 8923
1.0931, 8922
1.0940, 8921
1.0949, 8920
1.0958, 8919
1.0968, 8918
1.0977, 8917
1.0986, 8916
1.0995, 8915
1.1004, 8914
1.1013, 8913
1.1022, 8912
1.1031, 8911
1.1040, 8910
1.1049, 8909
1.1058, 8908
1.1067, 8907
1.1076, 8906
1.1085, 8905
1.1094, 8904
1.1103, 8903
1.1113, 8902
1.1123, 8901
1.1132, 8900
1.1141, 8899
1.1150, 8898
1.1160, 8897
1.1169, 8896
1.1178, 8895
1.1188, 8894
1.1197, 8893
1.1206, 8892
1.1215, 8891
1.1223, 8890
1.1233, 8889
1.1242, 8888
1.1251, 8887
1.1260, 8886
1.1269, 8885
1.1279, 8884
1.1288, 8883
1.1297, 8882
1.1306, 8881
1.1315, 8880
1.1325, 8879
1.1334, 8878
1.1343, 8877
1.1352, 8876
1.1361, 8875
1.1370, 8874
1.1379, 8873
1.1389, 8872
1.1398, 8871
1.1407, 8870
1.1416, 8869
1.1424, 8868
1.1433, 8867
1.1442, 8866
1.1451, 8865
1.1461, 8864
1.1470, 8863
1.1479, 8862
1.1487, 8861
1.1496, 8860
1.1505, 8859
1.1515, 8858
1.1524, 8857
1.1533, 8856
1.1542, 8855
1.1551, 8854
1.1560, 8853
1.1569, 8852
1.1578, 8851
1.1587, 8850
1.1596, 8849
1.1605, 8848
1.1614, 8847
1.1623, 8846
1.1632, 8845
1.1641, 8844
1.1650, 8843
1.1659, 8842
1.1668, 8841
1.1677, 8840
1.1686, 8839
1.1695, 8838
1.1704, 8837
1.1713, 8836
1.1722, 8835
1.1731, 8834
1.1741, 8833
1.1750, 8832
1.1759, 8831
1.1768, 8830
1.1777, 8829
1.1785, 8828
1.1794, 8827
1.1803, 8826
1.1812, 8825
1.1821, 8824
1.1830, 8823
1.1839, 8822
1.1847, 8821
1.1856, 8820
1.1865, 8819
1.1874, 8818
1.1883, 8817
1.1892, 8816
1.1901, 8815
1.1909, 8814
1.1918, 8813
1.1927, 8812
1.1936, 8811
1.1945, 8810
1.1954, 8809
1.1962, 8808
1.1971, 8807
1.1981, 8806
1.1990, 8805
1.1998, 8804
1.2007, 8803
1.2016, 8802
1.2025, 8801
1.2034, 8800
1.2043, 8799
1.2052, 8798
1.2061, 8797
1.2070, 8796
1.2078, 8795
1.2087, 8794
1.2096, 8793
1.2105, 8792
1.2114, 8791
1.2123, 8790
1.2132, 8789
1.2141, 8788
1.2150, 8787
1.2158, 8786
1.2167, 8785
1.2176, 8784
1.2185, 8783
1.2194, 8782
1.2202, 8781
1.2211, 8780
1.2220, 8779
1.2229, 8778
1.2238, 8777
1.2246, 8776
1.2255, 8775
1.2264, 8774
1.2273, 8773
1.2282, 8772
1.2290, 8771
1.2299, 8770
1.2308, 8769
1.2317, 8768
1.2326, 8767
1.2335, 8766
1.2344, 8765
1.2352, 8764
1.2361, 8763
1.2370, 8762
1.2379, 8761
1.2388, 8760
1.2396, 8759
1.2405, 8758
1.2414, 8757
1.2423, 8756
1.2432, 8755
1.2440, 8754
1.2449, 8753
1.2458, 8752
1.2466, 8751
1.2475, 8750
1.2484, 8749
1.2493, 8748
1.2502, 8747
1.2511, 8746
1.2519, 8745
1.2528, 8744
1.2537, 8743
1.2545, 8742
1.2554, 8741
1.2563, 8740
1.2572, 8739
1.2580, 8738
1.2589, 8737
1.2598, 8736
1.2607, 8735
1.2616, 8734
1.2625, 8733
1.2633, 8732
1.2642, 8731
1.2651, 8730
1.2659, 8729
1.2668, 8728
1.2677, 8727
1.2685, 8726
1.2694, 8725
1.2703, 8724
1.2712, 8723
1.2720, 8722
1.2729, 8721
1.2737, 8720
1.2746, 8719
1.2755, 8718
1.2764, 8717
1.2773, 8716
1.2781, 8715
1.2790, 8714
1.2798, 8713
1.2807, 8712
1.2815, 8711
1.2824, 8710
1.2833, 8709
1.2841, 8708
1.2850, 8707
1.2859, 8706
1.2868, 8705
1.2876, 8704
1.2885, 8703
1.2894, 8702
1.2902, 8701
1.2911, 8700
1.2920, 8699
1.2928, 8698
1.2937, 8697
1.2946, 8696
1.2955, 8695
1.2963, 8694
1.2972, 8693
1.2980, 8692
1.2989, 8691
1.2997, 8690
1.3006, 8689
1.3014, 8688
1.3023, 8687
1.3031, 8686
1.3040, 8685
1.3049, 8684
1.3058, 8683
1.3067, 8682
1.3075, 8681
1.3084, 8680
1.3092, 8679
1.3101, 8678
1.3110, 8677
1.3119, 8676
1.3127, 8675
1.3136, 8674
1.3144, 8673
1.3153, 8672
1.3162, 8671
1.3170, 8670
1.3179, 8669
1.3187, 8668
1.3196, 8667
1.3205, 8666
1.3213, 8665
1.3222, 8664
1.3230, 8663
1.3238, 8662
1.3247, 8661
1.3255, 8660
1.3264, 8659
1.3273, 8658
1.3281, 8657
1.3289, 8656
1.3298, 8655
1.3306, 8654
1.3315, 8653
1.3323, 8652
1.3332, 8651
1.3340, 8650
1.3349, 8649
1.3357, 8648
1.3366, 8647
1.3374, 8646
1.3383, 8645
1.3392, 8644
1.3400, 8643
1.3408, 8642
1.3417, 8641
1.3425, 8640
1.3434, 8639
1.3442, 8638
1.3451, 8637
1.3460, 8636
1.3468, 8635
1.3477, 8634
1.3485, 8633
1.3494, 8632
1.3502, 8631
1.3511, 8630
1.3520, 8629
1.3528, 8628
1.3536, 8627
1.3545, 8626
1.3554, 8625
1.3562, 8624
1.3570, 8623
1.3579, 8622
1.3588, 8621
1.3596, 8620
1.3604, 8619
1.3613, 8618
1.3621, 8617
1.3630, 8616
1.3638, 8615
1.3647, 8614
1.3655, 8613
1.3664, 8612
1.3673, 8611
1.3681, 8610
1.3689, 8609
1.3698, 8608
1.3706, 8607
1.3715, 8606
1.3724, 8605
1.3732, 8604
1.3740, 8603
1.3748, 8602
1.3755, 8601
1.3762, 8600
1.3770, 8599
1.3777, 8598
1.3785, 8597
1.3793, 8596
1.3800, 8595
1.3808, 8594
1.3815, 8593
1.3823, 8592
1.3830, 8591
1.3838, 8590
1.3845, 8589
1.3853, 8588
1.3860, 8587
1.3868, 8586
1.3875, 8585
1.3884, 8584
1.3891, 8583
1.3899, 8582
1.3906, 8581
1.3914, 8580
1.3921, 8579
1.3928, 8578
1.3936, 8577
1.3944, 8576
1.3951, 8575
1.3959, 8574
1.3967, 8573
1.3974, 8572
1.3981, 8571
1.3989, 8570
1.3996, 8569
1.4004, 8568
1.4011, 8567
1.4019, 8566
1.4026, 8565
1.4034, 8564
1.4041, 8563
1.4048, 8562
1.4056, 8561
1.4063, 8560
1.4070, 8559
1.4078, 8558
1.4086, 8557
1.4093, 8556
1.4101, 8555
1.4108, 8554
1.4115, 8553
1.4123, 8552
1.4130, 8551
1.4137, 8550
1.4145, 8549
1.4153, 8548
1.4160, 8547
1.4168, 8546
1.4175, 8545
1.4182, 8544
1.4190, 8543
1.4197, 8542
1.4205, 8541
1.4212, 8540
1.4219, 8539
1.4227, 8538
1.4234, 8537
1.4242, 8536
1.4249, 8535
1.4256, 8534
1.4264, 8533
1.4271, 8532
1.4279, 8531
1.4286, 8530
1.4294, 8529
1.4301, 8528
1.4309, 8527
1.4316, 8526
1.4324, 8525
1.4331, 8524
1.4339, 8523
1.4346, 8522
1.4354, 8521
1.4361, 8520
1.4369, 8519
1.4376, 8518
1.4383, 8517
1.4391, 8516
1.4398, 8515
1.4406, 8514
1.4413, 8513
1.4420, 8512
1.4428, 8511
1.4435, 8510
1.4443, 8509
1.4450, 8508
1.4458, 8507
1.4465, 8506
1.4472, 8505
1.4480, 8504
1.4487, 8503
1.4495, 8502
1.4502, 8501
1.4509, 8500
1.4517, 8499
1.4524, 8498
1.4531, 8497
1.4539, 8496
1.4546, 8495
1.4554, 8494
1.4561, 8493
1.4569, 8492
1.4576, 8491
1.4584, 8490
1.4591, 8489
1.4599, 8488
1.4606, 8487
1.4613, 8486
1.4621, 8485
1.4628, 8484
1.4636, 8483
1.4643, 8482
1.4650, 8481
1.4658, 8480
1.4665, 8479
1.4673, 8478
1.4680, 8477
1.4687, 8476
1.4695, 8475
1.4703, 8474
1.4710, 8473
1.4718, 8472
1.4725, 8471
1.4733, 8470
1.4740, 8469
1.4748, 8468
1.4755, 8467
1.4762, 8466
1.4770, 8465
1.4777, 8464
1.4785, 8463
1.4792, 8462
1.4800, 8461
1.4808, 8460
1.4815, 8459
1.4822, 8458
1.4830, 8457
1.4837, 8456
1.4845, 8455
1.4852, 8454
1.4859, 8453
1.4867, 8452
1.4874, 8451
1.4882, 8450
1.4889, 8449
1.4897, 8448
1.4904, 8447
1.4912, 8446
1.4919, 8445
1.4927, 8444
1.4934, 8443
1.4941, 8442
1.4949, 8441
1.4956, 8440
1.4964, 8439
1.4971, 8438
1.4978, 8437
1.4986, 8436
1.4993, 8435
1.5001, 8434
1.5008, 8433
1.5015, 8432
1.5023, 8431
1.5030, 8430
1.5038, 8429
1.5045, 8428
1.5053, 8427
1.5060, 8426
1.5067, 8425
1.5075, 8424
1.5082, 8423
1.5090, 8422
1.5097, 8421
1.5104, 8420
1.5112, 8419
1.5120, 8418
1.5127, 8417
1.5134, 8416
1.5142, 8415
1.5149, 8414
1.5156, 8413
1.5164, 8412
1.5171, 8411
1.5179, 8410
1.5186, 8409
1.5193, 8408
1.5200, 8407
1.5208, 8406
1.5215, 8405
1.5223, 8404
1.5230, 8403
1.5237, 8402
1.5245, 8401
1.5252, 8400
1.5259, 8399
1.5267, 8398
1.5274, 8397
1.5281, 8396
1.5289, 8395
1.5296, 8394
1.5304, 8393
1.5311, 8392
1.5318, 8391
1.5326, 8390
1.5333, 8389
1.5340, 8388
1.5348, 8387
1.5355, 8386
1.5362, 8385
1.5370, 8384
1.5377, 8383
1.5384, 8382
1.5392, 8381
1.5399, 8380
1.5407, 8379
1.5414, 8378
1.5421, 8377
1.5429, 8376
1.5436, 8375
1.5443, 8374
1.5451, 8373
1.5458, 8372
1.5465, 8371
1.5473, 8370
1.5480, 8369
1.5487, 8368
1.5495, 8367
1.5502, 8366
1.5509, 8365
1.5517, 8364
1.5524, 8363
1.5532, 8362
1.5539, 8361
1.5547, 8360
1.5554, 8359
1.5561, 8358
1.5569, 8357
1.5576, 8356
1.5583, 8355
1.5591, 8354
1.5598, 8353
1.5605, 8352
1.5613, 8351
1.5620, 8350
1.5628, 8349
1.5635, 8348
1.5642, 8347
1.5649, 8346
1.5656, 8345
1.5664, 8344
1.5671, 8343
1.5679, 8342
1.5686, 8341
1.5694, 8340
1.5701, 8339
1.5708, 8338
1.5715, 8337
1.5723, 8336
1.5730, 8335
1.5737, 8334
1.5745, 8333
1.5752, 8332
1.5759, 8331
1.5766, 8330
1.5774, 8329
1.5781, 8328
1.5788, 8327
1.5795, 8326
1.5803, 8325
1.5810, 8324
1.5817, 8323
1.5825, 8322
1.5832, 8321
1.5839, 8320
1.5846, 8319
1.5853, 8318
1.5861, 8317
1.5868, 8316
1.5875, 8315
1.5883, 8314
1.5890, 8313
1.5898, 8312
1.5905, 8311
1.5912, 8310
1.5919, 8309
1.5927, 8308
1.5934, 8307
1.5941, 8306
1.5949, 8305
1.5956, 8304
1.5964, 8303
1.5971, 8302
1.5978, 8301
1.5985, 8300
1.5993, 8299
1.6000, 8298
1.6007, 8297
1.6015, 8296
1.6022, 8295
1.6029, 8294
1.6036, 8293
1.6044, 8292
1.6051, 8291
1.6058, 8290
1.6066, 8289
1.6073, 8288
1.6081, 8287
1.6088, 8286
1.6095, 8285
1.6102, 8284
1.6110, 8283
1.6117, 8282
1.6124, 8281
1.6131, 8280
1.6139, 8279
1.6146, 8278
1.6153, 8277
1.6161, 8276
1.6168, 8275
1.6175, 8274
1.6182, 8273
1.6189, 8272
1.6197, 8271
1.6204, 8270
1.6211, 8269
1.6219, 8268
1.6226, 8267
1.6233, 8266
1.6241, 8265
1.6248, 8264
1.6255, 8263
1.6262, 8262
1.6270, 8261
1.6277, 8260
1.6285, 8259
1.6292, 8258
1.6299, 8257
1.6307, 8256
1.6314, 8255
1.6321, 8254
1.6328, 8253
1.6335, 8252
1.6342, 8251
1.6349, 8250
1.6357, 8249
1.6364, 8248
1.6372, 8247
1.6379, 8246
1.6386, 8245
1.6393, 8244
1.6400, 8243
1.6407, 8242
1.6415, 8241
1.6422, 8240
1.6429, 8239
1.6436, 8238
1.6443, 8237
1.6450, 8236
1.6457, 8235
1.6465, 8234
1.6472, 8233
1.6479, 8232
1.6486, 8231
1.6494, 8230
1.6501, 8229
1.6508, 8228
1.6515, 8227
1.6522, 8226
1.6529, 8225
1.6536, 8224
1.6543, 8223
1.6551, 8222
1.6558, 8221
1.6565, 8220
1.6573, 8219
1.6580, 8218
1.6587, 8217
1.6594, 8216
1.6601, 8215
1.6608, 8214
1.6616, 8213
1.6623, 8212
1.6630, 8211
1.6637, 8210
1.6644, 8209
1.6651, 8208
1.6659, 8207
1.6666, 8206
1.6673, 8205
1.6680, 8204
1.6687, 8203
1.6694, 8202
1.6702, 8201
1.6709, 8200
1.6716, 8199
1.6723, 8198
1.6730, 8197
1.6737, 8196
1.6744, 8195
1.6751, 8194
1.6759, 8193
1.6766, 8192
1.6773, 8191
1.6780, 8190
1.6787, 8189
1.6795, 8188
1.6802, 8187
1.6809, 8186
1.6816, 8185
1.6823, 8184
1.6831, 8183
1.6838, 8182
1.6845, 8181
1.6853, 8180
1.6860, 8179
1.6867, 8178
1.6874, 8177
1.6882, 8176
1.6889, 8175
1.6896, 8174
1.6903, 8173
1.6911, 8172
1.6918, 8171
1.6925, 8170
1.6932, 8169
1.6939, 8168
1.6946, 8167
1.6953, 8166
1.6960, 8165
1.6968, 8164
1.6975, 8163
1.6982, 8162
1.6989, 8161
1.6996, 8160
1.7003, 8159
1.7010, 8158
1.7017, 8157
1.7024, 8156
1.7032, 8155
1.7039, 8154
1.7046, 8153
1.7054, 8152
1.7061, 8151
1.7069, 8150
1.7076, 8149
1.7084, 8148
1.7092, 8147
1.7099, 8146
1.7106, 8145
1.7114, 8144
1.7122, 8143
1.7129, 8142
1.7136, 8141
1.7144, 8140
1.7151, 8139
1.7159, 8138
1.7166, 8137
1.7174, 8136
1.7181, 8135
1.7188, 8134
1.7196, 8133
1.7204, 8132
1.7211, 8131
1.7219, 8130
1.7227, 8129
1.7234, 8128
1.7242, 8127
1.7249, 8126
1.7257, 8125
1.7265, 8124
1.7272, 8123
1.7280, 8122
1.7287, 8121
1.7295, 8120
1.7302, 8119
1.7310, 8118
1.7317, 8117
1.7325, 8116
1.7332, 8115
1.7339, 8114
1.7347, 8113
1.7354, 8112
1.7362, 8111
1.7369, 8110
1.7377, 8109
1.7384, 8108
1.7392, 8107
1.7399, 8106
1.7406, 8105
1.7413, 8104
1.7420, 8103
1.7428, 8102
1.7435, 8101
1.7442, 8100
1.7449, 8099
1.7456, 8098
1.7463, 8097
1.7471, 8096
1.7478, 8095
1.7485, 8094
1.7492, 8093
1.7499, 8092
1.7506, 8091
1.7514, 8090
1.7521, 8089
1.7528, 8088
1.7535, 8087
1.7542, 8086
1.7550, 8085
1.7557, 8084
1.7564, 8083
1.7571, 8082
1.7578, 8081
1.7585, 8080
1.7592, 8079
1.7599, 8078
1.7606, 8077
1.7613, 8076
1.7620, 8075
1.7628, 8074
1.7635, 8073
1.7642, 8072
1.7650, 8071
1.7657, 8070
1.7664, 8069
1.7671, 8068
1.7679, 8067
1.7686, 8066
1.7693, 8065
1.7700, 8064
1.7707, 8063
1.7714, 8062
1.7722, 8061
1.7728, 8060
1.7736, 8059
1.7742, 8058
1.7750, 8057
1.7757, 8056
1.7764, 8055
1.7771, 8054
1.7779, 8053
1.7786, 8052
1.7793, 8051
1.7800, 8050
1.7807, 8049
1.7814, 8048
1.7821, 8047
1.7829, 8046
1.7836, 8045
1.7843, 8044
1.7850, 8043
1.7857, 8042
1.7864, 8041
1.7872, 8040
1.7879, 8039
1.7886, 8038
1.7893, 8037
1.7900, 8036
1.7907, 8035
1.7915, 8034
1.7922, 8033
1.7930, 8032
1.7937, 8031
1.7944, 8030
1.7951, 8029
1.7958, 8028
1.7965, 8027
1.7973, 8026
1.7979, 8025
1.7987, 8024
1.7994, 8023
1.8001, 8022
1.8008, 8021
1.8015, 8020
1.8022, 8019
1.8029, 8018
1.8036, 8017
1.8043, 8016
1.8050, 8015
1.8057, 8014
1.8064, 8013
1.8071, 8012
1.8078, 8011
1.8085, 8010
1.8092, 8009
1.8099, 8008
1.8106, 8007
1.8113, 8006
1.8120, 8005
1.8127, 8004
1.8134, 8003
1.8141, 8002
1.8148, 8001
1.8155, 8000
1.8162, 7999
1.8169, 7998
1.8176, 7997
1.8182, 7996
1.8189, 7995
1.8197, 7994
1.8204, 7993
1.8211, 7992
1.8218, 7991
1.8225, 7990
1.8232, 7989
1.8239, 7988
1.8246, 7987
1.8253, 7986
1.8260, 7985
1.8267, 7984
1.8274, 7983
1.8281, 7982
1.8288, 7981
1.8295, 7980
1.8302, 7979
1.8309, 7978
1.8316, 7977
1.8323, 7976
1.8330, 7975
1.8337, 7974
1.8344, 7973
1.8351, 7972
1.8358, 7971
1.8365, 7970
1.8372, 7969
1.8379, 7968
1.8386, 7967
1.8393, 7966
1.8400, 7965
1.8408, 7964
1.8415, 7963
1.8422, 7962
1.8428, 7961
1.8435, 7960
1.8442, 7959
1.8449, 7958
1.8456, 7957
1.8463, 7956
1.8470, 7955
1.8477, 7954
1.8484, 7953
1.8491, 7952
1.8498, 7951
1.8505, 7950
1.8512, 7949
1.8518, 7948
1.8525, 7947
1.8533, 7946
1.8540, 7945
1.8546, 7944
1.8553, 7943
1.8561, 7942
1.8568, 7941
1.8575, 7940
1.8582, 7939
1.8589, 7938
1.8596, 7937
1.8603, 7936
1.8610, 7935
1.8617, 7934
1.8624, 7933
1.8631, 7932
1.8638, 7931
1.8645, 7930
1.8652, 7929
1.8659, 7928
1.8666, 7927
1.8673, 7926
1.8680, 7925
1.8687, 7924
1.8694, 7923
1.8701, 7922
1.8708, 7921
1.8715, 7920
1.8722, 7919
1.8729, 7918
1.8735, 7917
1.8742, 7916
1.8749, 7915
1.8756, 7914
1.8763, 7913
1.8770, 7912
1.8777, 7911
1.8784, 7910
1.8790, 7909
1.8798, 7908
1.8805, 7907
1.8811, 7906
1.8818, 7905
1.8825, 7904
1.8832, 7903
1.8839, 7902
1.8846, 7901
1.8853, 7900
1.8860, 7899
1.8867, 7898
1.8874, 7897
1.8881, 7896
1.8888, 7895
1.8895, 7894
1.8901, 7893
1.8908, 7892
1.8915, 7891
1.8922, 7890
1.8929, 7889
1.8935, 7888
1.8942, 7887
1.8949, 7886
1.8956, 7885
1.8963, 7884
1.8970, 7883
1.8977, 7882
1.8984, 7881
1.8991, 7880
1.8998, 7879
1.9005, 7878
1.9012, 7877
1.9019, 7876
1.9026, 7875
1.9033, 7874
1.9040, 7873
1.9047, 7872
1.9056, 7871
1.9067, 7870
1.9078, 7869
1.9089, 7868
1.9100, 7867
1.9113, 7866
1.9125, 7865
1.9138, 7864
1.9148, 7863
1.9159, 7862
1.9167, 7861
1.9178, 7860
1.9187, 7859
1.9198, 7858
1.9207, 7857
1.9217, 7856
1.9228, 7855
1.9241, 7854
1.9251, 7853
1.9264, 7852
1.9275, 7851
1.9284, 7850
1.9294, 7849
1.9307, 7848
1.9317, 7847
1.9326, 7846
1.9337, 7845
1.9348, 7844
1.9358, 7843
1.9368, 7842
1.9378, 7841
1.9387, 7840
1.9398, 7839
1.9410, 7838
1.9420, 7837
1.9430, 7836
1.9441, 7835
1.9450, 7834
1.9459, 7833
1.9471, 7832
1.9481, 7831
1.9491, 7830
1.9501, 7829
1.9510, 7828
1.9521, 7827
1.9531, 7826
1.9541, 7825
1.9551, 7824
1.9561, 7823
1.9571, 7822
1.9581, 7821
1.9591, 7820
1.9601, 7819
1.9611, 7818
1.9622, 7817
1.9632, 7816
1.9642, 7815
1.9652, 7814
1.9662, 7813
1.9673, 7812
1.9683, 7811
1.9693, 7810
1.9702, 7809
1.9712, 7808
1.9722, 7807
1.9732, 7806
1.9742, 7805
1.9752, 7804
1.9762, 7803
1.9771, 7802
1.9782, 7801
1.9793, 7800
1.9803, 7799
1.9814, 7798
1.9825, 7797
1.9835, 7796
1.9845, 7795
1.9856, 7794
1.9866, 7793
1.9877, 7792
1.9887, 7791
1.9898, 7790
1.9908, 7789
1.9919, 7788
1.9929, 7787
1.9939, 7786
1.9949, 7785
1.9959, 7784
1.9968, 7783
1.9977, 7782
1.9988, 7781
1.9999, 7780
2.0009, 7779
2.0020, 7778
2.0031, 7777
2.0041, 7776
2.0051, 7775
2.0061, 7774
2.0071, 7773
2.0082, 7772
2.0092, 7771
2.0103, 7770
2.0113, 7769
2.0123, 7768
2.0134, 7767
2.0145, 7766
2.0155, 7765
2.0166, 7764
2.0177, 7763
2.0187, 7762
2.0198, 7761
2.0209, 7760
2.0220, 7759
2.0230, 7758
2.0241, 7757
2.0251, 7756
2.0262, 7755
2.0272, 7754
2.0283, 7753
2.0293, 7752
2.0304, 7751
2.0315, 7750
2.0325, 7749
2.0335, 7748
2.0347, 7747
2.0357, 7746
2.0368, 7745
2.0378, 7744
2.0387, 7743
2.0397, 7742
2.0408, 7741
2.0419, 7740
2.0429, 7739
2.0439, 7738
2.0449, 7737
2.0458, 7736
2.0469, 7735
2.0480, 7734
2.0490, 7733
2.0499, 7732
2.0509, 7731
2.0519, 7730
2.0530, 7729
2.0539, 7728
2.0550, 7727
2.0559, 7726
2.0571, 7725
2.0582, 7724
2.0593, 7723
2.0602, 7722
2.0613, 7721
2.0624, 7720
2.0635, 7719
2.0646, 7718
2.0657, 7717
2.0667, 7716
2.0678, 7715
2.0689, 7714
2.0700, 7713
2.0711, 7712
2.0721, 7711
2.0730, 7710
2.0740, 7709
2.0749, 7708
2.0758, 7707
2.0768, 7706
2.0777, 7705
2.0788, 7704
2.0797, 7703
2.0806, 7702
2.0815, 7701
2.0824, 7700
2.0834, 7699
2.0843, 7698
2.0852, 7697
2.0861, 7696
2.0871, 7695
2.0880, 7694
2.0889, 7693
2.0899, 7692
2.0909, 7691
2.0918, 7690
2.0928, 7689
2.0936, 7688
2.0946, 7687
2.0956, 7686
2.0965, 7685
2.0974, 7684
2.0983, 7683
2.0992, 7682
2.1002, 7681
2.1012, 7680
2.1021, 7679
2.1031, 7678
2.1040, 7677
2.1048, 7676
2.1057, 7675
2.1065, 7674
2.1074, 7673
2.1084, 7672
2.1094, 7671
2.1104, 7670
2.1114, 7669
2.1123, 7668
2.1132, 7667
2.1142, 7666
2.1151, 7665
2.1161, 7664
2.1171, 7663
2.1180, 7662
2.1189, 7661
2.1198, 7660
2.1210, 7659
2.1221, 7658
2.1232, 7657
2.1243, 7656
2.1253, 7655
2.1265, 7654
2.1277, 7653
2.1287, 7652
2.1297, 7651
2.1309, 7650
2.1320, 7649
2.1330, 7648
2.1339, 7647
2.1350, 7646
2.1360, 7645
2.1371, 7644
2.1381, 7643
2.1393, 7642
2.1404, 7641
2.1415, 7640
2.1426, 7639
2.1436, 7638
2.1448, 7637
2.1460, 7636
2.1473, 7635
2.1484, 7634
2.1496, 7633
2.1508, 7632
2.1520, 7631
2.1531, 7630
2.1542, 7629
2.1554, 7628
2.1566, 7627
2.1579, 7626
2.1591, 7625
2.1603, 7624
2.1614, 7623
2.1626, 7622
2.1639, 7621
2.1651, 7620
2.1663, 7619
2.1675, 7618
2.1687, 7617
2.1699, 7616
2.1710, 7615
2.1722, 7614
2.1732, 7613
2.1743, 7612
2.1753, 7611
2.1763, 7610
2.1774, 7609
2.1786, 7608
2.1798, 7607
2.1809, 7606
2.1821, 7605
2.1834, 7604
2.1845, 7603
2.1857, 7602
2.1867, 7601
2.1879, 7600
2.1891, 7599
2.1903, 7598
2.1913, 7597
2.1924, 7596
2.1936, 7595
2.1947, 7594
2.1959, 7593
2.1970, 7592
2.1982, 7591
2.1993, 7590
2.2005, 7589
2.2018, 7588
2.2029, 7587
2.2041, 7586
2.2053, 7585
2.2066, 7584
2.2078, 7583
2.2091, 7582
2.2103, 7581
2.2114, 7580
2.2126, 7579
2.2138, 7578
2.2149, 7577
2.2161, 7576
2.2172, 7575
2.2185, 7574
2.2197, 7573
2.2207, 7572
2.2219, 7571
2.2232, 7570
2.2245, 7569
2.2255, 7568
2.2268, 7567
2.2279, 7566
2.2289, 7565
2.2299, 7564
2.2311, 7563
2.2323, 7562
2.2336, 7561
2.2345, 7560
2.2358, 7559
2.2368, 7558
2.2378, 7557
2.2389, 7556
2.2402, 7555
2.2412, 7554
2.2423, 7553
2.2435, 7552
2.2446, 7551
2.2457, 7550
2.2469, 7549
2.2481, 7548
2.2491, 7547
2.2504, 7546
2.2514, 7545
2.2524, 7544
2.2537, 7543
2.2547, 7542
2.2560, 7541
2.2570, 7540
2.2582, 7539
2.2593, 7538
2.2604, 7537
2.2616, 7536
2.2627, 7535
2.2639, 7534
2.2651, 7533
2.2664, 7532
2.2677, 7531
2.2689, 7530
2.2701, 7529
2.2713, 7528
2.2725, 7527
2.2738, 7526
2.2750, 7525
2.2760, 7524
2.2770, 7523
2.2780, 7522
2.2789, 7521
2.2800, 7520
2.2812, 7519
2.2820, 7518
2.2828, 7517
2.2836, 7516
2.2846, 7515
2.2856, 7514
2.2865, 7513
2.2874, 7512
2.2884, 7511
2.2894, 7510
2.2901, 7509
2.2911, 7508
2.2920, 7507
2.2930, 7506
2.2938, 7505
2.2947, 7504
2.2956, 7503
2.2966, 7502
2.2976, 7501
2.2985, 7500
2.2995, 7499
2.3003, 7498
2.3013, 7497
2.3022, 7496
2.3031, 7495
2.3041, 7494
2.3051, 7493
2.3061, 7492
2.3071, 7491
2.3080, 7490
2.3090, 7489
2.3097, 7488
2.3106, 7487
2.3116, 7486
2.3126, 7485
2.3136, 7484
2.3145, 7483
2.3154, 7482
2.3164, 7481
2.3174, 7480
2.3182, 7479
2.3191, 7478
2.3200, 7477
2.3209, 7476
2.3218, 7475
2.3226, 7474
2.3235, 7473
2.3245, 7472
2.3254, 7471
2.3264, 7470
2.3274, 7469
2.3283, 7468
3.1685, 7467
10.5978, 7466
11.4526, 7465
11.4533, 7464
12.9140, 7463
14.7187, 7462
15.1016, 7461
15.1025, 7460
15.3016, 7459
16.9835, 7458
20.9626, 7457
21.0998, 7456
21.2245, 7455
21.2872, 7454
21.6085, 7453
21.6092, 7452
21.9922, 7451
22.0182, 7450
22.0190, 7449
22.0824, 7448
22.1462, 7447
22.1602, 7446
22.1609, 7445
22.2852, 7444
22.2859, 7443
23.0011, 7442
23.1739, 7441
23.3717, 7440
23.3729, 7439
23.7678, 7438
23.7691, 7437
23.9680, 7436
24.0449, 7435
24.1955, 7434
24.1968, 7433
24.3983, 7432
24.3990, 7431
24.5111, 7430
24.5118, 7429
24.6228, 7428
24.6502, 7427
24.6510, 7426
24.8259, 7425
24.8266, 7424
24.9513, 7423
25.0138, 7422
25.2727, 7421
25.3232, 7420
25.4716, 7419
25.5098, 7418
25.9312, 7417
25.9319, 7416
26.1779, 7415
26.1786, 7414
26.4231, 7413
26.5351, 7412
26.5361, 7411
26.5990, 7410
26.6243, 7409
26.9068, 7408
26.9325, 7407
27.1908, 7406
27.2181, 7405
27.2190, 7404
27.2197, 7403
27.2339, 7402
27.2346, 7401
27.3212, 7400
27.3469, 7399
27.4833, 7398
27.4842, 7397
27.7692, 7396
27.7699, 7395
27.8445, 7394
27.8946, 7393
28.2624, 7392
28.2636, 7391
28.3136, 7390
28.3144, 7389
28.4869, 7388
28.5126, 7387
28.7094, 7386
28.8092, 7385
28.8099, 7384
28.9444, 7383
28.9712, 7382
28.9852, 7381
28.9859, 7380
29.1214, 7379
29.1592, 7378
29.3843, 7377
29.4601, 7376
29.7668, 7375
29.7680, 7374
29.9044, 7373
29.9304, 7372
29.9931, 7371
29.9938, 7370
