0.1093, 4688
0.1392, 4685
0.1800, 4683
0.1907, 4682
0.2220, 4681
0.2325, 4680
0.2742, 4677
0.2954, 4676
0.3157, 4675
0.4870, 4674
0.5480, 4673
0.5891, 4671
0.6301, 4670
0.6707, 4669
0.6911, 4668
0.7221, 4667
0.7941, 4666
0.8846, 4665
0.9154, 4664
0.9659, 4662
1.0675, 4661
1.1085, 4660
1.1999, 4659
1.2504, 4656
1.2814, 4654
1.3238, 4653
1.3546, 4652
1.4152, 4651
1.4459, 4650
1.4663, 4649
1.5269, 4648
1.5474, 4647
1.5581, 4646
1.7193, 4645
1.7699, 4644
1.8920, 4642
1.9725, 4641
2.0232, 4640
2.1866, 4639
2.2524, 4636
2.2736, 4634
2.4128, 4633
2.4837, 4632
2.7370, 4628
2.8287, 4627
2.9208, 4620
2.9622, 4618
3.0929, 4617
3.2171, 4615
3.3909, 4614
3.6263, 4613
3.6574, 4612
3.6678, 4611
3.7494, 4610
3.8114, 4609
4.1463, 4607
4.1772, 4606
4.1977, 4605
4.2390, 4604
4.3528, 4603
5.1266, 4601
5.1572, 4597
5.1676, 4595
5.2601, 4594
5.2703, 4593
5.3323, 4592
5.5269, 4591
5.9031, 4590
5.9335, 4589
6.1876, 4588
6.2693, 4587
6.3716, 4586
6.3923, 4585
6.6201, 4584
6.8454, 4583
6.9570, 4582
8.4604, 4580
8.5268, 4579
8.5792, 4578
9.2208, 4577
9.3840, 4576
