0.0000, 5900
0.0006, 5899
0.0013, 5898
0.0018, 5897
0.0028, 5896
0.0035, 5895
0.0042, 5894
0.0048, 5893
0.0057, 5892
0.0062, 5891
0.0071, 5890
0.0076, 5889
0.0081, 5888
0.0086, 5887
0.0096, 5886
0.0105, 5885
0.0111, 5884
0.0123, 5883
0.0130, 5882
0.0141, 5881
0.0146, 5880
0.0155, 5879
0.0164, 5878
0.0173, 5877
0.0178, 5876
0.0183, 5875
0.0188, 5874
0.0194, 5873
0.0205, 5872
0.0210, 5871
0.0215, 5870
0.0220, 5869
0.0227, 5868
0.0232, 5867
0.0237, 5866
0.0243, 5865
0.0252, 5864
0.0260, 5863
0.0266, 5862
0.0272, 5861
0.0278, 5860
0.0284, 5859
0.0289, 5858
0.0294, 5857
0.0300, 5856
0.0306, 5855
0.0311, 5854
0.0316, 5853
0.0322, 5852
0.0332, 5851
0.0341, 5850
0.0347, 5849
0.0352, 5848
0.0359, 5847
0.0365, 5846
0.0370, 5845
0.0378, 5844
0.0383, 5843
0.0389, 5842
0.0394, 5841
0.0401, 5840
0.0408, 5839
0.0413, 5838
0.0419, 5837
0.0426, 5836
0.0432, 5835
0.0439, 5834
0.0444, 5833
0.0451, 5832
0.0456, 5831
0.0461, 5830
0.0469, 5829
0.0474, 5828
0.0479, 5827
0.0485, 5826
0.0495, 5825
0.0500, 5824
0.0506, 5823
0.0514, 5822
0.0520, 5821
0.0525, 5820
0.0531, 5819
0.0536, 5818
0.0541, 5817
0.0550, 5816
0.0556, 5815
0.0566, 5814
0.0575, 5813
0.0582, 5812
0.0589, 5811
0.0598, 5810
0.0605, 5809
0.0611, 5808
0.0617, 5807
0.0622, 5806
0.0630, 5805
0.0636, 5804
0.0641, 5803
0.0646, 5802
0.0651, 5801
0.0656, 5800
0.0665, 5799
0.0670, 5798
0.0676, 5797
0.0682, 5796
0.0688, 5795
0.0693, 5794
0.0701, 5793
0.0706, 5792
0.0711, 5791
0.0717, 5790
0.0722, 5789
0.0727, 5788
0.0733, 5787
0.0738, 5786
0.0751, 5785
0.0762, 5784
0.0771, 5783
0.0776, 5782
0.0781, 5781
0.0786, 5780
0.0793, 5779
0.0802, 5778
0.0808, 5777
0.0816, 5776
0.0822, 5775
0.0829, 5774
0.0835, 5773
0.0846, 5772
0.0853, 5771
0.0864, 5770
0.0871, 5769
0.0876, 5768
0.0884, 5767
0.0889, 5766
0.0896, 5765
0.0904, 5764
0.0909, 5763
0.0915, 5762
0.0920, 5761
0.0926, 5760
0.0936, 5759
0.0941, 5758
0.0947, 5757
0.0952, 5756
0.0957, 5755
0.0962, 5754
0.0971, 5753
0.0978, 5752
0.0983, 5751
0.0988, 5750
0.0994, 5749
0.1002, 5748
0.1008, 5747
0.1013, 5746
0.1022, 5745
0.1033, 5744
0.1039, 5743
0.1044, 5742
0.1050, 5741
0.1060, 5740
0.1066, 5739
0.1072, 5738
0.1078, 5737
0.1084, 5736
0.1089, 5735
0.1095, 5734
0.1101, 5733
0.1107, 5732
0.1112, 5731
0.1118, 5730
0.1123, 5729
0.1129, 5728
0.1134, 5727
0.1140, 5726
0.1146, 5725
0.1153, 5724
0.1160, 5723
0.1170, 5722
0.1177, 5721
0.1182, 5720
0.1190, 5719
0.1198, 5718
0.1208, 5717
0.1216, 5716
0.1225, 5715
0.1236, 5714
0.1241, 5713
0.1248, 5712
0.1253, 5711
0.1259, 5710
0.1264, 5709
0.1273, 5708
0.1281, 5707
0.1287, 5706
0.1292, 5705
0.1298, 5704
0.1303, 5703
0.1309, 5702
0.1314, 5701
0.1321, 5700
0.1331, 5699
0.1337, 5698
0.1342, 5697
0.1347, 5696
0.1359, 5695
0.1366, 5694
0.1372, 5693
0.1378, 5692
0.1384, 5691
0.1389, 5690
0.1395, 5689
0.1401, 5688
0.1407, 5687
0.1413, 5686
0.1423, 5685
0.1428, 5684
0.1434, 5683
0.1440, 5682
0.1446, 5681
0.1452, 5680
0.1459, 5679
0.1464, 5678
0.1471, 5677
0.1477, 5676
0.1482, 5675
0.1488, 5674
0.1493, 5673
0.1499, 5672
0.1505, 5671
0.1511, 5670
0.1517, 5669
0.1522, 5668
0.1529, 5667
0.1534, 5666
0.1540, 5665
0.1545, 5664
0.1551, 5663
0.1557, 5662
0.1566, 5661
0.1572, 5660
0.1581, 5659
0.1587, 5658
0.1598, 5657
0.1608, 5656
0.1617, 5655
0.1623, 5654
0.1631, 5653
0.1637, 5652
0.1643, 5651
0.1648, 5650
0.1654, 5649
0.1660, 5648
0.1668, 5647
0.1673, 5646
0.1679, 5645
0.1686, 5644
0.1692, 5643
0.1698, 5642
0.1704, 5641
0.1711, 5640
0.1719, 5639
0.1728, 5638
0.1734, 5637
0.1740, 5636
0.1746, 5635
0.1757, 5634
0.1764, 5633
0.1774, 5632
0.1782, 5631
0.1788, 5630
0.1798, 5629
0.1807, 5628
0.1813, 5627
0.1823, 5626
0.1832, 5625
0.1838, 5624
0.1847, 5623
0.1852, 5622
0.1858, 5621
0.1865, 5620
0.1871, 5619
0.1881, 5618
0.1887, 5617
0.1893, 5616
0.1899, 5615
0.1906, 5614
0.1916, 5613
0.1922, 5612
0.1928, 5611
0.1934, 5610
0.1942, 5609
0.1948, 5608
0.1954, 5607
0.1960, 5606
0.1965, 5605
0.1971, 5604
0.1977, 5603
0.1982, 5602
0.1988, 5601
0.1994, 5600
0.1999, 5599
0.2005, 5598
0.2010, 5597
0.2015, 5596
0.2021, 5595
0.2030, 5594
0.2036, 5593
0.2046, 5592
0.2052, 5591
0.2060, 5590
0.2068, 5589
0.2077, 5588
0.2083, 5587
0.2090, 5586
0.2095, 5585
0.2102, 5584
0.2112, 5583
0.2119, 5582
0.2125, 5581
0.2131, 5580
0.2137, 5579
0.2144, 5578
0.2151, 5577
0.2161, 5576
0.2167, 5575
0.2173, 5574
0.2180, 5573
0.2186, 5572
0.2192, 5571
0.2199, 5570
0.2208, 5569
0.2214, 5568
0.2223, 5567
0.2229, 5566
0.2234, 5565
0.2240, 5564
0.2247, 5563
0.2259, 5562
0.2265, 5561
0.2271, 5560
0.2277, 5559
0.2282, 5558
0.2288, 5557
0.2299, 5556
0.2305, 5555
0.2311, 5554
0.2317, 5553
0.2326, 5552
0.2332, 5551
0.2338, 5550
0.2345, 5549
0.2351, 5548
0.2358, 5547
0.2364, 5546
0.2370, 5545
0.2376, 5544
0.2381, 5543
0.2387, 5542
0.2394, 5541
0.2401, 5540
0.2406, 5539
0.2412, 5538
0.2418, 5537
0.2424, 5536
0.2429, 5535
0.2436, 5534
0.2445, 5533
0.2450, 5532
0.2456, 5531
0.2462, 5530
0.2468, 5529
0.2474, 5528
0.2479, 5527
0.2485, 5526
0.2493, 5525
0.2499, 5524
0.2507, 5523
0.2515, 5522
0.2526, 5521
0.2535, 5520
0.2542, 5519
0.2549, 5518
0.2554, 5517
0.2561, 5516
0.2567, 5515
0.2575, 5514
0.2581, 5513
0.2587, 5512
0.2593, 5511
0.2599, 5510
0.2604, 5509
0.2611, 5508
0.2616, 5507
0.2624, 5506
0.2629, 5505
0.2634, 5504
0.2640, 5503
0.2649, 5502
0.2655, 5501
0.2661, 5500
0.2667, 5499
0.2676, 5498
0.2683, 5497
0.2689, 5496
0.2695, 5495
0.2702, 5494
0.2708, 5493
0.2714, 5492
0.2720, 5491
0.2729, 5490
0.2737, 5489
0.2743, 5488
0.2749, 5487
0.2754, 5486
0.2759, 5485
0.2769, 5484
0.2775, 5483
0.2780, 5482
0.2790, 5481
0.2796, 5480
0.2801, 5479
0.2806, 5478
0.2812, 5477
0.2818, 5476
0.2825, 5475
0.2830, 5474
0.2838, 5473
0.2844, 5472
0.2851, 5471
0.2857, 5470
0.2863, 5469
0.2869, 5468
0.2875, 5467
0.2881, 5466
0.2891, 5465
0.2897, 5464
0.2902, 5463
0.2908, 5462
0.2914, 5461
0.2920, 5460
0.2926, 5459
0.2932, 5458
0.2939, 5457
0.2944, 5456
0.2953, 5455
0.2960, 5454
0.2965, 5453
0.2972, 5452
0.2977, 5451
0.2985, 5450
0.2990, 5449
0.2997, 5448
0.3003, 5447
0.3008, 5446
0.3014, 5445
0.3020, 5444
0.3030, 5443
0.3036, 5442
0.3042, 5441
0.3047, 5440
0.3054, 5439
0.3060, 5438
0.3069, 5437
0.3077, 5436
0.3083, 5435
0.3089, 5434
0.3095, 5433
0.3101, 5432
0.3110, 5431
0.3116, 5430
0.3122, 5429
0.3129, 5428
0.3135, 5427
0.3142, 5426
0.3151, 5425
0.3157, 5424
0.3163, 5423
0.3171, 5422
0.3178, 5421
0.3185, 5420
0.3194, 5419
0.3200, 5418
0.3206, 5417
0.3217, 5416
0.3222, 5415
0.3229, 5414
0.3235, 5413
0.3240, 5412
0.3247, 5411
0.3252, 5410
0.3257, 5409
0.3263, 5408
0.3268, 5407
0.3275, 5406
0.3283, 5405
0.3291, 5404
0.3299, 5403
0.3307, 5402
0.3312, 5401
0.3317, 5400
0.3325, 5399
0.3334, 5398
0.3341, 5397
0.3348, 5396
0.3354, 5395
0.3362, 5394
0.3370, 5393
0.3377, 5392
0.3384, 5391
0.3390, 5390
0.3395, 5389
0.3402, 5388
0.3408, 5387
0.3414, 5386
0.3423, 5385
0.3428, 5384
0.3435, 5383
0.3441, 5382
0.3449, 5381
0.3455, 5380
0.3460, 5379
0.3466, 5378
0.3473, 5377
0.3480, 5376
0.3486, 5375
0.3492, 5374
0.3499, 5373
0.3505, 5372
0.3510, 5371
0.3517, 5370
0.3523, 5369
0.3531, 5368
0.3537, 5367
0.3543, 5366
0.3551, 5365
0.3557, 5364
0.3564, 5363
0.3574, 5362
0.3580, 5361
0.3587, 5360
0.3594, 5359
0.3601, 5358
0.3607, 5357
0.3618, 5356
0.3623, 5355
0.3630, 5354
0.3636, 5353
0.3643, 5352
0.3648, 5351
0.3657, 5350
0.3663, 5349
0.3669, 5348
0.3675, 5347
0.3682, 5346
0.3690, 5345
0.3699, 5344
0.3704, 5343
0.3712, 5342
0.3718, 5341
0.3723, 5340
0.3729, 5339
0.3735, 5338
0.3741, 5337
0.3747, 5336
0.3753, 5335
0.3759, 5334
0.3767, 5333
0.3776, 5332
0.3786, 5331
0.3791, 5330
0.3797, 5329
0.3802, 5328
0.3808, 5327
0.3815, 5326
0.3821, 5325
0.3826, 5324
0.3832, 5323
0.3842, 5322
0.3851, 5321
0.3861, 5320
0.3868, 5319
0.3874, 5318
0.3880, 5317
0.3885, 5316
0.3893, 5315
0.3900, 5314
0.3906, 5313
0.3912, 5312
0.3920, 5311
0.3927, 5310
0.3933, 5309
0.3939, 5308
0.3949, 5307
0.3956, 5306
0.3962, 5305
0.3968, 5304
0.3974, 5303
0.3980, 5302
0.3986, 5301
0.3991, 5300
0.3998, 5299
0.4004, 5298
0.4010, 5297
0.4016, 5296
0.4024, 5295
0.4031, 5294
0.4037, 5293
0.4043, 5292
0.4051, 5291
0.4058, 5290
0.4065, 5289
0.4074, 5288
0.4080, 5287
0.4086, 5286
0.4093, 5285
0.4098, 5284
0.4106, 5283
0.4111, 5282
0.4117, 5281
0.4122, 5280
0.4128, 5279
0.4133, 5278
0.4139, 5277
0.4145, 5276
0.4152, 5275
0.4159, 5274
0.4167, 5273
0.4173, 5272
0.4178, 5271
0.4184, 5270
0.4191, 5269
0.4198, 5268
0.4203, 5267
0.4208, 5266
0.4214, 5265
0.4221, 5264
0.4228, 5263
0.4234, 5262
0.4240, 5261
0.4245, 5260
0.4253, 5259
0.4259, 5258
0.4266, 5257
0.4273, 5256
0.4281, 5255
0.4287, 5254
0.4297, 5253
0.4304, 5252
0.4311, 5251
0.4322, 5250
0.4328, 5249
0.4334, 5248
0.4341, 5247
0.4347, 5246
0.4354, 5245
0.4360, 5244
0.4367, 5243
0.4373, 5242
0.4379, 5241
0.4385, 5240
0.4391, 5239
0.4396, 5238
0.4403, 5237
0.4412, 5236
0.4417, 5235
0.4423, 5234
0.4430, 5233
0.4435, 5232
0.4442, 5231
0.4448, 5230
0.4453, 5229
0.4459, 5228
0.4466, 5227
0.4474, 5226
0.4479, 5225
0.4485, 5224
0.4495, 5223
0.4503, 5222
0.4510, 5221
0.4518, 5220
0.4525, 5219
0.4531, 5218
0.4537, 5217
0.4544, 5216
0.4551, 5215
0.4558, 5214
0.4564, 5213
0.4572, 5212
0.4579, 5211
0.4587, 5210
0.4595, 5209
0.4601, 5208
0.4608, 5207
0.4616, 5206
0.4623, 5205
0.4630, 5204
0.4638, 5203
0.4644, 5202
0.4651, 5201
0.4657, 5200
0.4664, 5199
0.4671, 5198
0.4678, 5197
0.4685, 5196
0.4691, 5195
0.4699, 5194
0.4704, 5193
0.4710, 5192
0.4716, 5191
0.4722, 5190
0.4729, 5189
0.4734, 5188
0.4739, 5187
0.4745, 5186
0.4751, 5185
0.4757, 5184
0.4763, 5183
0.4771, 5182
0.4778, 5181
0.4785, 5180
0.4794, 5179
0.4800, 5178
0.4809, 5177
0.4815, 5176
0.4822, 5175
0.4831, 5174
0.4838, 5173
0.4846, 5172
0.4851, 5171
0.4858, 5170
0.4863, 5169
0.4872, 5168
0.4878, 5167
0.4884, 5166
0.4891, 5165
0.4899, 5164
0.4905, 5163
0.4912, 5162
0.4919, 5161
0.4929, 5160
0.4937, 5159
0.4944, 5158
0.4951, 5157
0.4956, 5156
0.4962, 5155
0.4968, 5154
0.4975, 5153
0.4983, 5152
0.4990, 5151
0.4996, 5150
0.5003, 5149
0.5009, 5148
0.5015, 5147
0.5020, 5146
0.5025, 5145
0.5030, 5144
0.5037, 5143
0.5043, 5142
0.5048, 5141
0.5054, 5140
0.5060, 5139
0.5065, 5138
0.5072, 5137
0.5080, 5136
0.5086, 5135
0.5093, 5134
0.5099, 5133
0.5104, 5132
0.5110, 5131
0.5117, 5130
0.5124, 5129
0.5131, 5128
0.5137, 5127
0.5144, 5126
0.5152, 5125
0.5158, 5124
0.5164, 5123
0.5170, 5122
0.5175, 5121
0.5183, 5120
0.5188, 5119
0.5194, 5118
0.5199, 5117
0.5205, 5116
0.5210, 5115
0.5216, 5114
0.5225, 5113
0.5232, 5112
0.5240, 5111
0.5248, 5110
0.5254, 5109
0.5259, 5108
0.5265, 5107
0.5270, 5106
0.5277, 5105
0.5283, 5104
0.5289, 5103
0.5297, 5102
0.5303, 5101
0.5312, 5100
0.5318, 5099
0.5325, 5098
0.5333, 5097
0.5339, 5096
0.5347, 5095
0.5352, 5094
0.5357, 5093
0.5364, 5092
0.5371, 5091
0.5378, 5090
0.5383, 5089
0.5390, 5088
0.5398, 5087
0.5407, 5086
0.5413, 5085
0.5419, 5084
0.5425, 5083
0.5433, 5082
0.5439, 5081
0.5444, 5080
0.5451, 5079
0.5457, 5078
0.5462, 5077
0.5469, 5076
0.5474, 5075
0.5481, 5074
0.5488, 5073
0.5495, 5072
0.5501, 5071
0.5506, 5070
0.5511, 5069
0.5519, 5068
0.5528, 5067
0.5535, 5066
0.5542, 5065
0.5549, 5064
0.5559, 5063
0.5565, 5062
0.5572, 5061
0.5577, 5060
0.5585, 5059
0.5591, 5058
0.5596, 5057
0.5602, 5056
0.5607, 5055
0.5614, 5054
0.5621, 5053
0.5627, 5052
0.5633, 5051
0.5638, 5050
0.5644, 5049
0.5650, 5048
0.5658, 5047
0.5665, 5046
0.5675, 5045
0.5681, 5044
0.5687, 5043
0.5693, 5042
0.5699, 5041
0.5708, 5040
0.5713, 5039
0.5720, 5038
0.5728, 5037
0.5734, 5036
0.5739, 5035
0.5747, 5034
0.5755, 5033
0.5761, 5032
0.5768, 5031
0.5777, 5030
0.5783, 5029
0.5791, 5028
0.5797, 5027
0.5803, 5026
0.5809, 5025
0.5815, 5024
0.5822, 5023
0.5827, 5022
0.5834, 5021
0.5841, 5020
0.5851, 5019
0.5859, 5018
0.5864, 5017
0.5870, 5016
0.5875, 5015
0.5884, 5014
0.5891, 5013
0.5898, 5012
0.5905, 5011
0.5911, 5010
0.5918, 5009
0.5924, 5008
0.5929, 5007
0.5935, 5006
0.5944, 5005
0.5949, 5004
0.5958, 5003
0.5964, 5002
0.5969, 5001
0.5979, 5000
0.5985, 4999
0.5993, 4998
0.6000, 4997
0.6005, 4996
0.6012, 4995
0.6017, 4994
0.6023, 4993
0.6030, 4992
0.6036, 4991
0.6043, 4990
0.6051, 4989
0.6061, 4988
0.6068, 4987
0.6074, 4986
0.6080, 4985
0.6087, 4984
0.6094, 4983
0.6100, 4982
0.6108, 4981
0.6115, 4980
0.6124, 4979
0.6129, 4978
0.6135, 4977
0.6142, 4976
0.6151, 4975
0.6161, 4974
0.6166, 4973
0.6172, 4972
0.6179, 4971
0.6186, 4970
0.6191, 4969
0.6198, 4968
0.6205, 4967
0.6212, 4966
0.6219, 4965
0.6224, 4964
0.6230, 4963
0.6235, 4962
0.6243, 4961
0.6251, 4960
0.6256, 4959
0.6262, 4958
0.6267, 4957
0.6273, 4956
0.6281, 4955
0.6286, 4954
0.6292, 4953
0.6298, 4952
0.6305, 4951
0.6314, 4950
0.6323, 4949
0.6334, 4948
0.6340, 4947
0.6347, 4946
0.6355, 4945
0.6360, 4944
0.6366, 4943
0.6372, 4942
0.6377, 4941
0.6383, 4940
0.6388, 4939
0.6395, 4938
0.6400, 4937
0.6407, 4936
0.6413, 4935
0.6423, 4934
0.6431, 4933
0.6437, 4932
0.6442, 4931
0.6448, 4930
0.6455, 4929
0.6461, 4928
0.6466, 4927
0.6473, 4926
0.6480, 4925
0.6486, 4924
0.6492, 4923
0.6500, 4922
0.6507, 4921
0.6513, 4920
0.6519, 4919
0.6528, 4918
0.6537, 4917
0.6542, 4916
0.6551, 4915
0.6556, 4914
0.6562, 4913
0.6567, 4912
0.6572, 4911
0.6578, 4910
0.6583, 4909
0.6592, 4908
0.6598, 4907
0.6603, 4906
0.6609, 4905
0.6614, 4904
0.6620, 4903
0.6625, 4902
0.6632, 4901
0.6637, 4900
0.6646, 4899
0.6653, 4898
0.6658, 4897
0.6664, 4896
0.6669, 4895
0.6675, 4894
0.6681, 4893
0.6686, 4892
0.6695, 4891
0.6702, 4890
0.6709, 4889
0.6714, 4888
0.6720, 4887
0.6725, 4886
0.6731, 4885
0.6736, 4884
0.6742, 4883
0.6748, 4882
0.6753, 4881
0.6759, 4880
0.6765, 4879
0.6774, 4878
0.6779, 4877
0.6784, 4876
0.6792, 4875
0.6797, 4874
0.6802, 4873
0.6808, 4872
0.6816, 4871
0.6823, 4870
0.6830, 4869
0.6838, 4868
0.6844, 4867
0.6849, 4866
0.6855, 4865
0.6864, 4864
0.6872, 4863
0.6878, 4862
0.6884, 4861
0.6891, 4860
0.6898, 4859
0.6906, 4858
0.6912, 4857
0.6919, 4856
0.6928, 4855
0.6934, 4854
0.6944, 4853
0.6950, 4852
0.6955, 4851
0.6961, 4850
0.6969, 4849
0.6976, 4848
0.6983, 4847
0.6988, 4846
0.6993, 4845
0.7000, 4844
0.7005, 4843
0.7010, 4842
0.7015, 4841
0.7022, 4840
0.7029, 4839
0.7038, 4838
0.7046, 4837
0.7052, 4836
0.7057, 4835
0.7062, 4834
0.7068, 4833
0.7074, 4832
0.7080, 4831
0.7089, 4830
0.7094, 4829
0.7101, 4828
0.7108, 4827
0.7117, 4826
0.7125, 4825
0.7130, 4824
0.7137, 4823
0.7143, 4822
0.7149, 4821
0.7155, 4820
0.7160, 4819
0.7166, 4818
0.7172, 4817
0.7177, 4816
0.7182, 4815
0.7188, 4814
0.7197, 4813
0.7206, 4812
0.7212, 4811
0.7217, 4810
0.7226, 4809
0.7231, 4808
0.7236, 4807
0.7241, 4806
0.7246, 4805
0.7255, 4804
0.7264, 4803
0.7268, 4802
0.7274, 4801
0.7281, 4800
0.7287, 4799
0.7292, 4798
0.7297, 4797
0.7303, 4796
0.7308, 4795
0.7315, 4794
0.7322, 4793
0.7327, 4792
0.7335, 4791
0.7340, 4790
0.7348, 4789
0.7354, 4788
0.7360, 4787
0.7366, 4786
0.7371, 4785
0.7377, 4784
0.7382, 4783
0.7389, 4782
0.7395, 4781
0.7403, 4780
0.7412, 4779
0.7417, 4778
0.7425, 4777
0.7430, 4776
0.7436, 4775
0.7441, 4774
0.7450, 4773
0.7456, 4772
0.7463, 4771
0.7468, 4770
0.7473, 4769
0.7482, 4768
0.7488, 4767
0.7493, 4766
0.7498, 4765
0.7507, 4764
0.7515, 4763
0.7521, 4762
0.7527, 4761
0.7532, 4760
0.7538, 4759
0.7549, 4758
0.7555, 4757
0.7560, 4756
0.7568, 4755
0.7573, 4754
0.7578, 4753
0.7583, 4752
0.7588, 4751
0.7596, 4750
0.7601, 4749
0.7607, 4748
0.7612, 4747
0.7621, 4746
0.7626, 4745
0.7634, 4744
0.7641, 4743
0.7650, 4742
0.7658, 4741
0.7664, 4740
0.7669, 4739
0.7675, 4738
0.7680, 4737
0.7686, 4736
0.7695, 4735
0.7700, 4734
0.7706, 4733
0.7711, 4732
0.7716, 4731
0.7724, 4730
0.7730, 4729
0.7734, 4728
0.7740, 4727
0.7748, 4726
0.7756, 4725
0.7764, 4724
0.7773, 4723
0.7777, 4722
0.7785, 4721
0.7793, 4720
0.7798, 4719
0.7803, 4718
0.7808, 4717
0.7815, 4716
0.7823, 4715
0.7831, 4714
0.7839, 4713
0.7844, 4712
0.7851, 4711
0.7859, 4710
0.7868, 4709
0.7875, 4708
0.7883, 4707
0.7888, 4706
0.7897, 4705
0.7903, 4704
0.7910, 4703
0.7919, 4702
0.7928, 4701
0.7936, 4700
0.7946, 4699
0.7954, 4698
0.7961, 4697
0.7968, 4696
0.7976, 4695
0.7983, 4694
0.7992, 4693
0.8001, 4692
0.8010, 4691
0.8019, 4690
0.9777, 4689
1.2434, 4688
1.2872, 4687
1.4069, 4686
1.7048, 4685
1.7053, 4684
1.7656, 4683
1.8840, 4682
2.0037, 4681
2.2239, 4680
2.2837, 4679
2.4249, 4678
2.4856, 4677
2.6451, 4676
2.9249, 4675
2.9452, 4674
3.0651, 4673
3.2642, 4672
3.2649, 4671
3.3259, 4670
3.4457, 4669
3.4466, 4668
3.6053, 4667
3.6655, 4666
3.7448, 4665
3.7453, 4664
3.7461, 4663
4.2124, 4662
4.3268, 4661
4.8090, 4660
4.8503, 4659
4.9708, 4658
5.0918, 4657
5.1848, 4656
5.4919, 4655
5.8889, 4654
5.9680, 4653
5.9685, 4652
6.5545, 4651
6.6763, 4650
6.8578, 4649
7.4820, 4648
7.5631, 4647
7.6853, 4646
7.9419, 4645
8.0215, 4644
8.0220, 4643
8.0226, 4642
8.0824, 4641
8.5528, 4640
8.6526, 4639
8.6534, 4638
8.9120, 4637
9.0513, 4636
9.3461, 4635
9.4660, 4634
9.5061, 4633
9.8029, 4632
