0.0000, 5900
0.0005, 5899
0.0012, 5898
0.0018, 5897
0.0027, 5896
0.0035, 5895
0.0042, 5894
0.0049, 5893
0.0057, 5892
0.0063, 5891
0.0072, 5890
0.0077, 5889
0.0083, 5888
0.0088, 5887
0.0098, 5886
0.0108, 5885
0.0114, 5884
0.0126, 5883
0.0132, 5882
0.0143, 5881
0.0148, 5880
0.0158, 5879
0.0166, 5878
0.0176, 5877
0.0181, 5876
0.0186, 5875
0.0191, 5874
0.0198, 5873
0.0209, 5872
0.0215, 5871
0.0220, 5870
0.0225, 5869
0.0233, 5868
0.0238, 5867
0.0243, 5866
0.0248, 5865
0.0258, 5864
0.0265, 5863
0.0271, 5862
0.0276, 5861
0.0282, 5860
0.0288, 5859
0.0293, 5858
0.0298, 5857
0.0304, 5856
0.0310, 5855
0.0316, 5854
0.0321, 5853
0.0326, 5852
0.0336, 5851
0.0346, 5850
0.0351, 5849
0.0357, 5848
0.0363, 5847
0.0370, 5846
0.0375, 5845
0.0383, 5844
0.0388, 5843
0.0394, 5842
0.0399, 5841
0.0406, 5840
0.0413, 5839
0.0418, 5838
0.0423, 5837
0.0430, 5836
0.0436, 5835
0.0442, 5834
0.0447, 5833
0.0455, 5832
0.0460, 5831
0.0465, 5830
0.0474, 5829
0.0479, 5828
0.0484, 5827
0.0490, 5826
0.0500, 5825
0.0505, 5824
0.0510, 5823
0.0519, 5822
0.0524, 5821
0.0529, 5820
0.0535, 5819
0.0540, 5818
0.0546, 5817
0.0554, 5816
0.0560, 5815
0.0571, 5814
0.0580, 5813
0.0587, 5812
0.0593, 5811
0.0602, 5810
0.0609, 5809
0.0615, 5808
0.0621, 5807
0.0626, 5806
0.0634, 5805
0.0640, 5804
0.0645, 5803
0.0650, 5802
0.0656, 5801
0.0661, 5800
0.0670, 5799
0.0675, 5798
0.0681, 5797
0.0687, 5796
0.0694, 5795
0.0699, 5794
0.0706, 5793
0.0712, 5792
0.0717, 5791
0.0723, 5790
0.0728, 5789
0.0733, 5788
0.0740, 5787
0.0745, 5786
0.0758, 5785
0.0769, 5784
0.0778, 5783
0.0783, 5782
0.0788, 5781
0.0793, 5780
0.0800, 5779
0.0809, 5778
0.0815, 5777
0.0823, 5776
0.0829, 5775
0.0836, 5774
0.0842, 5773
0.0853, 5772
0.0860, 5771
0.0871, 5770
0.0877, 5769
0.0883, 5768
0.0891, 5767
0.0896, 5766
0.0903, 5765
0.0912, 5764
0.0917, 5763
0.0923, 5762
0.0929, 5761
0.0934, 5760
0.0944, 5759
0.0950, 5758
0.0955, 5757
0.0961, 5756
0.0966, 5755
0.0972, 5754
0.0980, 5753
0.0987, 5752
0.0993, 5751
0.0999, 5750
0.1004, 5749
0.1013, 5748
0.1018, 5747
0.1024, 5746
0.1033, 5745
0.1044, 5744
0.1050, 5743
0.1055, 5742
0.1061, 5741
0.1071, 5740
0.1077, 5739
0.1083, 5738
0.1088, 5737
0.1094, 5736
0.1100, 5735
0.1106, 5734
0.1111, 5733
0.1118, 5732
0.1123, 5731
0.1130, 5730
0.1135, 5729
0.1141, 5728
0.1146, 5727
0.1152, 5726
0.1158, 5725
0.1165, 5724
0.1172, 5723
0.1182, 5722
0.1189, 5721
0.1195, 5720
0.1202, 5719
0.1211, 5718
0.1221, 5717
0.1229, 5716
0.1239, 5715
0.1249, 5714
0.1254, 5713
0.1260, 5712
0.1266, 5711
0.1271, 5710
0.1277, 5709
0.1285, 5708
0.1293, 5707
0.1299, 5706
0.1305, 5705
0.1310, 5704
0.1316, 5703
0.1321, 5702
0.1327, 5701
0.1334, 5700
0.1344, 5699
0.1349, 5698
0.1354, 5697
0.1360, 5696
0.1370, 5695
0.1378, 5694
0.1384, 5693
0.1390, 5692
0.1396, 5691
0.1402, 5690
0.1407, 5689
0.1414, 5688
0.1421, 5687
0.1427, 5686
0.1437, 5685
0.1442, 5684
0.1448, 5683
0.1454, 5682
0.1460, 5681
0.1465, 5680
0.1472, 5679
0.1477, 5678
0.1483, 5677
0.1489, 5676
0.1496, 5675
0.1501, 5674
0.1507, 5673
0.1513, 5672
0.1519, 5671
0.1525, 5670
0.1531, 5669
0.1537, 5668
0.1543, 5667
0.1549, 5666
0.1554, 5665
0.1560, 5664
0.1566, 5663
0.1571, 5662
0.1581, 5661
0.1587, 5660
0.1596, 5659
0.1602, 5658
0.1614, 5657
0.1624, 5656
0.1633, 5655
0.1640, 5654
0.1648, 5653
0.1654, 5652
0.1659, 5651
0.1665, 5650
0.1670, 5649
0.1676, 5648
0.1683, 5647
0.1689, 5646
0.1695, 5645
0.1703, 5644
0.1708, 5643
0.1715, 5642
0.1721, 5641
0.1728, 5640
0.1737, 5639
0.1746, 5638
0.1752, 5637
0.1758, 5636
0.1764, 5635
0.1775, 5634
0.1781, 5633
0.1791, 5632
0.1800, 5631
0.1806, 5630
0.1816, 5629
0.1825, 5628
0.1831, 5627
0.1842, 5626
0.1850, 5625
0.1857, 5624
0.1866, 5623
0.1872, 5622
0.1878, 5621
0.1885, 5620
0.1891, 5619
0.1901, 5618
0.1907, 5617
0.1913, 5616
0.1919, 5615
0.1926, 5614
0.1935, 5613
0.1941, 5612
0.1946, 5611
0.1952, 5610
0.1959, 5609
0.1965, 5608
0.1971, 5607
0.1977, 5606
0.1982, 5605
0.1989, 5604
0.1994, 5603
0.2000, 5602
0.2006, 5601
0.2012, 5600
0.2017, 5599
0.2023, 5598
0.2028, 5597
0.2033, 5596
0.2039, 5595
0.2048, 5594
0.2054, 5593
0.2063, 5592
0.2069, 5591
0.2076, 5590
0.2084, 5589
0.2093, 5588
0.2100, 5587
0.2106, 5586
0.2112, 5585
0.2119, 5584
0.2130, 5583
0.2136, 5582
0.2143, 5581
0.2148, 5580
0.2154, 5579
0.2161, 5578
0.2167, 5577
0.2177, 5576
0.2183, 5575
0.2189, 5574
0.2197, 5573
0.2203, 5572
0.2209, 5571
0.2216, 5570
0.2226, 5569
0.2232, 5568
0.2241, 5567
0.2247, 5566
0.2252, 5565
0.2258, 5564
0.2265, 5563
0.2276, 5562
0.2283, 5561
0.2288, 5560
0.2294, 5559
0.2300, 5558
0.2305, 5557
0.2315, 5556
0.2321, 5555
0.2327, 5554
0.2333, 5553
0.2342, 5552
0.2348, 5551
0.2354, 5550
0.2360, 5549
0.2366, 5548
0.2373, 5547
0.2379, 5546
0.2385, 5545
0.2391, 5544
0.2396, 5543
0.2402, 5542
0.2408, 5541
0.2415, 5540
0.2420, 5539
0.2426, 5538
0.2431, 5537
0.2437, 5536
0.2443, 5535
0.2450, 5534
0.2458, 5533
0.2464, 5532
0.2470, 5531
0.2475, 5530
0.2481, 5529
0.2487, 5528
0.2492, 5527
0.2498, 5526
0.2506, 5525
0.2512, 5524
0.2519, 5523
0.2528, 5522
0.2539, 5521
0.2548, 5520
0.2555, 5519
0.2561, 5518
0.2567, 5517
0.2574, 5516
0.2580, 5515
0.2588, 5514
0.2593, 5513
0.2599, 5512
0.2605, 5511
0.2611, 5510
0.2616, 5509
0.2622, 5508
0.2628, 5507
0.2636, 5506
0.2641, 5505
0.2647, 5504
0.2652, 5503
0.2661, 5502
0.2667, 5501
0.2673, 5500
0.2680, 5499
0.2689, 5498
0.2696, 5497
0.2702, 5496
0.2708, 5495
0.2715, 5494
0.2721, 5493
0.2727, 5492
0.2733, 5491
0.2743, 5490
0.2751, 5489
0.2757, 5488
0.2763, 5487
0.2768, 5486
0.2773, 5485
0.2783, 5484
0.2789, 5483
0.2794, 5482
0.2804, 5481
0.2811, 5480
0.2816, 5479
0.2822, 5478
0.2828, 5477
0.2834, 5476
0.2841, 5475
0.2846, 5474
0.2854, 5473
0.2860, 5472
0.2866, 5471
0.2872, 5470
0.2878, 5469
0.2883, 5468
0.2889, 5467
0.2895, 5466
0.2906, 5465
0.2912, 5464
0.2917, 5463
0.2922, 5462
0.2929, 5461
0.2934, 5460
0.2941, 5459
0.2947, 5458
0.2953, 5457
0.2959, 5456
0.2968, 5455
0.2975, 5454
0.2980, 5453
0.2987, 5452
0.2992, 5451
0.3000, 5450
0.3005, 5449
0.3012, 5448
0.3018, 5447
0.3024, 5446
0.3030, 5445
0.3036, 5444
0.3046, 5443
0.3052, 5442
0.3058, 5441
0.3064, 5440
0.3070, 5439
0.3077, 5438
0.3087, 5437
0.3094, 5436
0.3101, 5435
0.3107, 5434
0.3113, 5433
0.3119, 5432
0.3129, 5431
0.3135, 5430
0.3140, 5429
0.3146, 5428
0.3152, 5427
0.3159, 5426
0.3168, 5425
0.3174, 5424
0.3181, 5423
0.3188, 5422
0.3195, 5421
0.3202, 5420
0.3211, 5419
0.3217, 5418
0.3222, 5417
0.3233, 5416
0.3239, 5415
0.3246, 5414
0.3252, 5413
0.3258, 5412
0.3265, 5411
0.3270, 5410
0.3276, 5409
0.3281, 5408
0.3287, 5407
0.3295, 5406
0.3304, 5405
0.3313, 5404
0.3321, 5403
0.3330, 5402
0.3335, 5401
0.3341, 5400
0.3349, 5399
0.3358, 5398
0.3365, 5397
0.3372, 5396
0.3379, 5395
0.3387, 5394
0.3395, 5393
0.3402, 5392
0.3409, 5391
0.3414, 5390
0.3419, 5389
0.3426, 5388
0.3432, 5387
0.3438, 5386
0.3446, 5385
0.3452, 5384
0.3459, 5383
0.3466, 5382
0.3473, 5381
0.3480, 5380
0.3485, 5379
0.3491, 5378
0.3500, 5377
0.3506, 5376
0.3513, 5375
0.3519, 5374
0.3527, 5373
0.3534, 5372
0.3539, 5371
0.3546, 5370
0.3553, 5369
0.3561, 5368
0.3568, 5367
0.3574, 5366
0.3582, 5365
0.3588, 5364
0.3595, 5363
0.3605, 5362
0.3612, 5361
0.3619, 5360
0.3626, 5359
0.3633, 5358
0.3639, 5357
0.3650, 5356
0.3656, 5355
0.3662, 5354
0.3668, 5353
0.3675, 5352
0.3681, 5351
0.3690, 5350
0.3697, 5349
0.3703, 5348
0.3709, 5347
0.3715, 5346
0.3724, 5345
0.3734, 5344
0.3740, 5343
0.3747, 5342
0.3754, 5341
0.3760, 5340
0.3767, 5339
0.3772, 5338
0.3779, 5337
0.3785, 5336
0.3791, 5335
0.3798, 5334
0.3806, 5333
0.3815, 5332
0.3826, 5331
0.3832, 5330
0.3838, 5329
0.3843, 5328
0.3849, 5327
0.3856, 5326
0.3862, 5325
0.3867, 5324
0.3873, 5323
0.3884, 5322
0.3893, 5321
0.3903, 5320
0.3911, 5319
0.3916, 5318
0.3922, 5317
0.3928, 5316
0.3936, 5315
0.3944, 5314
0.3950, 5313
0.3957, 5312
0.3965, 5311
0.3973, 5310
0.3978, 5309
0.3985, 5308
0.3995, 5307
0.4002, 5306
0.4009, 5305
0.4015, 5304
0.4021, 5303
0.4028, 5302
0.4033, 5301
0.4039, 5300
0.4046, 5299
0.4051, 5298
0.4057, 5297
0.4063, 5296
0.4071, 5295
0.4078, 5294
0.4083, 5293
0.4090, 5292
0.4098, 5291
0.4105, 5290
0.4112, 5289
0.4121, 5288
0.4128, 5287
0.4134, 5286
0.4140, 5285
0.4146, 5284
0.4154, 5283
0.4160, 5282
0.4165, 5281
0.4171, 5280
0.4177, 5279
0.4183, 5278
0.4189, 5277
0.4196, 5276
0.4203, 5275
0.4210, 5274
0.4219, 5273
0.4226, 5272
0.4231, 5271
0.4237, 5270
0.4244, 5269
0.4251, 5268
0.4256, 5267
0.4261, 5266
0.4268, 5265
0.4275, 5264
0.4282, 5263
0.4288, 5262
0.4294, 5261
0.4300, 5260
0.4308, 5259
0.4314, 5258
0.4320, 5257
0.4327, 5256
0.4337, 5255
0.4344, 5254
0.4354, 5253
0.4362, 5252
0.4369, 5251
0.4381, 5250
0.4387, 5249
0.4393, 5248
0.4400, 5247
0.4407, 5246
0.4414, 5245
0.4420, 5244
0.4427, 5243
0.4433, 5242
0.4438, 5241
0.4445, 5240
0.4451, 5239
0.4456, 5238
0.4463, 5237
0.4472, 5236
0.4477, 5235
0.4483, 5234
0.4490, 5233
0.4496, 5232
0.4503, 5231
0.4509, 5230
0.4515, 5229
0.4521, 5228
0.4528, 5227
0.4536, 5226
0.4542, 5225
0.4547, 5224
0.4557, 5223
0.4566, 5222
0.4573, 5221
0.4581, 5220
0.4588, 5219
0.4594, 5218
0.4599, 5217
0.4605, 5216
0.4613, 5215
0.4620, 5214
0.4626, 5213
0.4634, 5212
0.4642, 5211
0.4650, 5210
0.4659, 5209
0.4665, 5208
0.4672, 5207
0.4681, 5206
0.4689, 5205
0.4695, 5204
0.4709, 5203
0.4716, 5202
0.4723, 5201
0.4730, 5200
0.4738, 5199
0.4745, 5198
0.4752, 5197
0.4759, 5196
0.4766, 5195
0.4774, 5194
0.4780, 5193
0.4786, 5192
0.4792, 5191
0.4798, 5190
0.4805, 5189
0.4810, 5188
0.4816, 5187
0.4822, 5186
0.4828, 5185
0.4835, 5184
0.4841, 5183
0.4849, 5182
0.4856, 5181
0.4864, 5180
0.4873, 5179
0.4879, 5178
0.4888, 5177
0.4895, 5176
0.4901, 5175
0.4911, 5174
0.4919, 5173
0.4927, 5172
0.4932, 5171
0.4939, 5170
0.4944, 5169
0.4953, 5168
0.4959, 5167
0.4964, 5166
0.4971, 5165
0.4980, 5164
0.4986, 5163
0.4993, 5162
0.4999, 5161
0.5010, 5160
0.5017, 5159
0.5024, 5158
0.5031, 5157
0.5037, 5156
0.5042, 5155
0.5050, 5154
0.5057, 5153
0.5065, 5152
0.5073, 5151
0.5079, 5150
0.5086, 5149
0.5093, 5148
0.5100, 5147
0.5105, 5146
0.5110, 5145
0.5115, 5144
0.5123, 5143
0.5129, 5142
0.5134, 5141
0.5140, 5140
0.5146, 5139
0.5152, 5138
0.5159, 5137
0.5167, 5136
0.5173, 5135
0.5180, 5134
0.5186, 5133
0.5192, 5132
0.5198, 5131
0.5205, 5130
0.5212, 5129
0.5219, 5128
0.5225, 5127
0.5233, 5126
0.5241, 5125
0.5247, 5124
0.5253, 5123
0.5259, 5122
0.5264, 5121
0.5272, 5120
0.5277, 5119
0.5283, 5118
0.5288, 5117
0.5293, 5116
0.5298, 5115
0.5304, 5114
0.5314, 5113
0.5321, 5112
0.5328, 5111
0.5336, 5110
0.5342, 5109
0.5347, 5108
0.5353, 5107
0.5358, 5106
0.5365, 5105
0.5371, 5104
0.5378, 5103
0.5386, 5102
0.5392, 5101
0.5401, 5100
0.5408, 5099
0.5416, 5098
0.5424, 5097
0.5430, 5096
0.5437, 5095
0.5443, 5094
0.5448, 5093
0.5456, 5092
0.5462, 5091
0.5469, 5090
0.5474, 5089
0.5482, 5088
0.5489, 5087
0.5498, 5086
0.5505, 5085
0.5510, 5084
0.5516, 5083
0.5524, 5082
0.5531, 5081
0.5536, 5080
0.5543, 5079
0.5549, 5078
0.5555, 5077
0.5561, 5076
0.5567, 5075
0.5575, 5074
0.5582, 5073
0.5589, 5072
0.5595, 5071
0.5600, 5070
0.5605, 5069
0.5613, 5068
0.5623, 5067
0.5629, 5066
0.5636, 5065
0.5644, 5064
0.5654, 5063
0.5661, 5062
0.5668, 5061
0.5673, 5060
0.5681, 5059
0.5687, 5058
0.5693, 5057
0.5699, 5056
0.5705, 5055
0.5711, 5054
0.5718, 5053
0.5725, 5052
0.5731, 5051
0.5737, 5050
0.5743, 5049
0.5750, 5048
0.5757, 5047
0.5764, 5046
0.5774, 5045
0.5781, 5044
0.5787, 5043
0.5794, 5042
0.5799, 5041
0.5808, 5040
0.5813, 5039
0.5819, 5038
0.5827, 5037
0.5833, 5036
0.5838, 5035
0.5845, 5034
0.5853, 5033
0.5859, 5032
0.5865, 5031
0.5875, 5030
0.5881, 5029
0.5889, 5028
0.5895, 5027
0.5902, 5026
0.5909, 5025
0.5915, 5024
0.5922, 5023
0.5928, 5022
0.5934, 5021
0.5942, 5020
0.5952, 5019
0.5962, 5018
0.5967, 5017
0.5972, 5016
0.5978, 5015
0.5988, 5014
0.5994, 5013
0.6001, 5012
0.6008, 5011
0.6015, 5010
0.6022, 5009
0.6028, 5008
0.6033, 5007
0.6040, 5006
0.6049, 5005
0.6054, 5004
0.6062, 5003
0.6068, 5002
0.6074, 5001
0.6084, 5000
0.6090, 4999
0.6098, 4998
0.6105, 4997
0.6110, 4996
0.6117, 4995
0.6122, 4994
0.6128, 4993
0.6135, 4992
0.6141, 4991
0.6148, 4990
0.6156, 4989
0.6166, 4988
0.6173, 4987
0.6179, 4986
0.6185, 4985
0.6192, 4984
0.6199, 4983
0.6205, 4982
0.6213, 4981
0.6221, 4980
0.6230, 4979
0.6235, 4978
0.6241, 4977
0.6248, 4976
0.6257, 4975
0.6267, 4974
0.6272, 4973
0.6278, 4972
0.6285, 4971
0.6292, 4970
0.6297, 4969
0.6305, 4968
0.6312, 4967
0.6318, 4966
0.6325, 4965
0.6331, 4964
0.6336, 4963
0.6341, 4962
0.6349, 4961
0.6356, 4960
0.6362, 4959
0.6367, 4958
0.6372, 4957
0.6378, 4956
0.6386, 4955
0.6391, 4954
0.6397, 4953
0.6403, 4952
0.6411, 4951
0.6420, 4950
0.6429, 4949
0.6440, 4948
0.6446, 4947
0.6452, 4946
0.6461, 4945
0.6466, 4944
0.6472, 4943
0.6477, 4942
0.6483, 4941
0.6488, 4940
0.6494, 4939
0.6500, 4938
0.6506, 4937
0.6512, 4936
0.6519, 4935
0.6528, 4934
0.6537, 4933
0.6542, 4932
0.6548, 4931
0.6554, 4930
0.6561, 4929
0.6567, 4928
0.6572, 4927
0.6579, 4926
0.6586, 4925
0.6592, 4924
0.6598, 4923
0.6605, 4922
0.6612, 4921
0.6617, 4920
0.6623, 4919
0.6632, 4918
0.6641, 4917
0.6646, 4916
0.6655, 4915
0.6660, 4914
0.6665, 4913
0.6670, 4912
0.6675, 4911
0.6680, 4910
0.6685, 4909
0.6694, 4908
0.6700, 4907
0.6705, 4906
0.6711, 4905
0.6716, 4904
0.6722, 4903
0.6727, 4902
0.6734, 4901
0.6740, 4900
0.6750, 4899
0.6757, 4898
0.6762, 4897
0.6767, 4896
0.6772, 4895
0.6779, 4894
0.6785, 4893
0.6790, 4892
0.6799, 4891
0.6806, 4890
0.6813, 4889
0.6818, 4888
0.6824, 4887
0.6829, 4886
0.6835, 4885
0.6840, 4884
0.6846, 4883
0.6852, 4882
0.6858, 4881
0.6864, 4880
0.6870, 4879
0.6879, 4878
0.6884, 4877
0.6889, 4876
0.6897, 4875
0.6902, 4874
0.6908, 4873
0.6914, 4872
0.6922, 4871
0.6930, 4870
0.6937, 4869
0.6945, 4868
0.6950, 4867
0.6955, 4866
0.6960, 4865
0.6970, 4864
0.6978, 4863
0.6983, 4862
0.6989, 4861
0.6996, 4860
0.7002, 4859
0.7010, 4858
0.7016, 4857
0.7023, 4856
0.7031, 4855
0.7037, 4854
0.7047, 4853
0.7053, 4852
0.7058, 4851
0.7064, 4850
0.7073, 4849
0.7079, 4848
0.7086, 4847
0.7092, 4846
0.7096, 4845
0.7104, 4844
0.7109, 4843
0.7114, 4842
0.7119, 4841
0.7126, 4840
0.7133, 4839
0.7142, 4838
0.7150, 4837
0.7156, 4836
0.7161, 4835
0.7166, 4834
0.7173, 4833
0.7178, 4832
0.7184, 4831
0.7193, 4830
0.7198, 4829
0.7204, 4828
0.7211, 4827
0.7220, 4826
0.7228, 4825
0.7233, 4824
0.7241, 4823
0.7246, 4822
0.7252, 4821
0.7258, 4820
0.7263, 4819
0.7269, 4818
0.7275, 4817
0.7280, 4816
0.7285, 4815
0.7290, 4814
0.7299, 4813
0.7308, 4812
0.7314, 4811
0.7320, 4810
0.7329, 4809
0.7334, 4808
0.7339, 4807
0.7344, 4806
0.7349, 4805
0.7357, 4804
0.7366, 4803
0.7371, 4802
0.7377, 4801
0.7384, 4800
0.7390, 4799
0.7396, 4798
0.7401, 4797
0.7407, 4796
0.7413, 4795
0.7420, 4794
0.7428, 4793
0.7433, 4792
0.7440, 4791
0.7446, 4790
0.7454, 4789
0.7459, 4788
0.7466, 4787
0.7471, 4786
0.7477, 4785
0.7483, 4784
0.7488, 4783
0.7496, 4782
0.7501, 4781
0.7510, 4780
0.7518, 4779
0.7523, 4778
0.7532, 4777
0.7537, 4776
0.7542, 4775
0.7547, 4774
0.7557, 4773
0.7563, 4772
0.7571, 4771
0.7576, 4770
0.7582, 4769
0.7591, 4768
0.7597, 4767
0.7602, 4766
0.7608, 4765
0.7617, 4764
0.7625, 4763
0.7632, 4762
0.7638, 4761
0.7643, 4760
0.7649, 4759
0.7660, 4758
0.7666, 4757
0.7672, 4756
0.7680, 4755
0.7685, 4754
0.7691, 4753
0.7696, 4752
0.7701, 4751
0.7709, 4750
0.7715, 4749
0.7720, 4748
0.7726, 4747
0.7735, 4746
0.7741, 4745
0.7750, 4744
0.7757, 4743
0.7766, 4742
0.7773, 4741
0.7780, 4740
0.7785, 4739
0.7790, 4738
0.7795, 4737
0.7802, 4736
0.7811, 4735
0.7816, 4734
0.7822, 4733
0.7827, 4732
0.7832, 4731
0.7840, 4730
0.7846, 4729
0.7850, 4728
0.7856, 4727
0.7865, 4726
0.7872, 4725
0.7881, 4724
0.7890, 4723
0.7894, 4722
0.7902, 4721
0.7911, 4720
0.7916, 4719
0.7921, 4718
0.7926, 4717
0.7934, 4716
0.7942, 4715
0.7949, 4714
0.7958, 4713
0.7963, 4712
0.7971, 4711
0.7979, 4710
0.7988, 4709
0.7995, 4708
0.8003, 4707
0.8009, 4706
0.8018, 4705
0.8024, 4704
0.8031, 4703
0.8040, 4702
0.8050, 4701
0.8057, 4700
0.8066, 4699
0.8074, 4698
0.8082, 4697
0.8089, 4696
0.8097, 4695
0.8105, 4694
0.8114, 4693
0.8123, 4692
0.8132, 4691
0.8141, 4690
0.9803, 4689
1.2529, 4688
1.3181, 4687
1.3624, 4686
1.7012, 4685
1.7433, 4684
1.8744, 4683
1.9404, 4682
2.2218, 4681
2.3108, 4680
2.3745, 4679
2.5687, 4678
2.6578, 4677
2.7671, 4676
3.0494, 4675
3.0911, 4674
3.2251, 4673
3.4259, 4672
3.4267, 4671
3.5077, 4670
3.6098, 4669
3.6913, 4668
3.7539, 4667
3.8798, 4666
3.8804, 4665
3.8812, 4664
3.9477, 4663
4.4310, 4662
4.5422, 4661
5.0210, 4660
5.0623, 4659
5.2855, 4658
5.2860, 4657
5.4487, 4656
5.6894, 4655
6.1127, 4654
6.2290, 4653
6.2295, 4652
6.7990, 4651
6.9509, 4650
7.1358, 4649
7.7545, 4648
7.8584, 4647
7.9602, 4646
8.2470, 4645
8.2476, 4644
8.3294, 4643
8.3300, 4642
8.3706, 4641
8.8474, 4640
8.9684, 4639
8.9693, 4638
9.2323, 4637
9.4163, 4636
9.6177, 4635
9.8006, 4634
9.8418, 4633
