0.0000, 10096
0.0009, 10095
0.0018, 10094
0.0027, 10093
0.0036, 10092
0.0045, 10091
0.0054, 10090
0.0063, 10089
0.0072, 10088
0.0081, 10087
0.0091, 10086
0.0100, 10085
0.0109, 10084
0.0118, 10083
0.0127, 10082
0.0136, 10081
0.0145, 10080
0.0154, 10079
0.0163, 10078
0.0172, 10077
0.0181, 10076
0.0191, 10075
0.0200, 10074
0.0209, 10073
0.0219, 10072
0.0228, 10071
0.0237, 10070
0.0246, 10069
0.0255, 10068
0.0264, 10067
0.0273, 10066
0.0282, 10065
0.0291, 10064
0.0300, 10063
0.0309, 10062
0.0319, 10061
0.0328, 10060
0.0337, 10059
0.0346, 10058
0.0356, 10057
0.0364, 10056
0.0374, 10055
0.0383, 10054
0.0392, 10053
0.0401, 10052
0.0410, 10051
0.0418, 10050
0.0428, 10049
0.0437, 10048
0.0446, 10047
0.0456, 10046
0.0465, 10045
0.0474, 10044
0.0483, 10043
0.0492, 10042
0.0501, 10041
0.0510, 10040
0.0520, 10039
0.0529, 10038
0.0538, 10037
0.0547, 10036
0.0556, 10035
0.0565, 10034
0.0574, 10033
0.0583, 10032
0.0592, 10031
0.0602, 10030
0.0611, 10029
0.0620, 10028
0.0629, 10027
0.0638, 10026
0.0647, 10025
0.0656, 10024
0.0665, 10023
0.0674, 10022
0.0684, 10021
0.0693, 10020
0.0702, 10019
0.0711, 10018
0.0721, 10017
0.0730, 10016
0.0739, 10015
0.0748, 10014
0.0757, 10013
0.0767, 10012
0.0776, 10011
0.0785, 10010
0.0794, 10009
0.0803, 10008
0.0812, 10007
0.0822, 10006
0.0831, 10005
0.0841, 10004
0.0849, 10003
0.0858, 10002
0.0868, 10001
0.0877, 10000
0.0886, 9999
0.0895, 9998
0.0904, 9997
0.0913, 9996
0.0922, 9995
0.0932, 9994
0.0940, 9993
0.0950, 9992
0.0959, 9991
0.0967, 9990
0.0977, 9989
0.0986, 9988
0.0995, 9987
0.1004, 9986
0.1013, 9985
0.1022, 9984
0.1031, 9983
0.1040, 9982
0.1049, 9981
0.1058, 9980
0.1067, 9979
0.1076, 9978
0.1085, 9977
0.1094, 9976
0.1103, 9975
0.1112, 9974
0.1121, 9973
0.1130, 9972
0.1139, 9971
0.1148, 9970
0.1156, 9969
0.1166, 9968
0.1175, 9967
0.1184, 9966
0.1193, 9965
0.1202, 9964
0.1211, 9963
0.1220, 9962
0.1229, 9961
0.1237, 9960
0.1247, 9959
0.1256, 9958
0.1265, 9957
0.1274, 9956
0.1282, 9955
0.1291, 9954
0.1301, 9953
0.1310, 9952
0.1318, 9951
0.1327, 9950
0.1336, 9949
0.1345, 9948
0.1354, 9947
0.1363, 9946
0.1372, 9945
0.1381, 9944
0.1390, 9943
0.1399, 9942
0.1408, 9941
0.1417, 9940
0.1426, 9939
0.1434, 9938
0.1443, 9937
0.1452, 9936
0.1461, 9935
0.1470, 9934
0.1479, 9933
0.1488, 9932
0.1497, 9931
0.1506, 9930
0.1515, 9929
0.1524, 9928
0.1533, 9927
0.1542, 9926
0.1552, 9925
0.1561, 9924
0.1570, 9923
0.1578, 9922
0.1587, 9921
0.1596, 9920
0.1605, 9919
0.1614, 9918
0.1623, 9917
0.1632, 9916
0.1641, 9915
0.1651, 9914
0.1660, 9913
0.1668, 9912
0.1678, 9911
0.1686, 9910
0.1695, 9909
0.1705, 9908
0.1714, 9907
0.1723, 9906
0.1732, 9905
0.1741, 9904
0.1749, 9903
0.1759, 9902
0.1768, 9901
0.1777, 9900
0.1786, 9899
0.1795, 9898
0.1803, 9897
0.1812, 9896
0.1822, 9895
0.1830, 9894
0.1839, 9893
0.1849, 9892
0.1857, 9891
0.1866, 9890
0.1875, 9889
0.1884, 9888
0.1893, 9887
0.1902, 9886
0.1911, 9885
0.1920, 9884
0.1929, 9883
0.1938, 9882
0.1947, 9881
0.1956, 9880
0.1965, 9879
0.1974, 9878
0.1983, 9877
0.1992, 9876
0.2001, 9875
0.2010, 9874
0.2019, 9873
0.2028, 9872
0.2036, 9871
0.2045, 9870
0.2054, 9869
0.2063, 9868
0.2072, 9867
0.2081, 9866
0.2089, 9865
0.2098, 9864
0.2107, 9863
0.2116, 9862
0.2125, 9861
0.2134, 9860
0.2143, 9859
0.2152, 9858
0.2161, 9857
0.2170, 9856
0.2180, 9855
0.2189, 9854
0.2198, 9853
0.2206, 9852
0.2215, 9851
0.2225, 9850
0.2233, 9849
0.2243, 9848
0.2252, 9847
0.2261, 9846
0.2269, 9845
0.2278, 9844
0.2288, 9843
0.2297, 9842
0.2305, 9841
0.2315, 9840
0.2324, 9839
0.2333, 9838
0.2342, 9837
0.2351, 9836
0.2360, 9835
0.2369, 9834
0.2379, 9833
0.2388, 9832
0.2397, 9831
0.2405, 9830
0.2414, 9829
0.2424, 9828
0.2433, 9827
0.2442, 9826
0.2451, 9825
0.2460, 9824
0.2469, 9823
0.2477, 9822
0.2486, 9821
0.2495, 9820
0.2504, 9819
0.2513, 9818
0.2522, 9817
0.2530, 9816
0.2539, 9815
0.2548, 9814
0.2557, 9813
0.2566, 9812
0.2575, 9811
0.2584, 9810
0.2593, 9809
0.2601, 9808
0.2610, 9807
0.2619, 9806
0.2628, 9805
0.2637, 9804
0.2646, 9803
0.2655, 9802
0.2664, 9801
0.2673, 9800
0.2682, 9799
0.2690, 9798
0.2700, 9797
0.2709, 9796
0.2718, 9795
0.2727, 9794
0.2736, 9793
0.2745, 9792
0.2753, 9791
0.2762, 9790
0.2771, 9789
0.2780, 9788
0.2789, 9787
0.2798, 9786
0.2807, 9785
0.2816, 9784
0.2825, 9783
0.2834, 9782
0.2843, 9781
0.2851, 9780
0.2860, 9779
0.2869, 9778
0.2878, 9777
0.2886, 9776
0.2895, 9775
0.2904, 9774
0.2913, 9773
0.2921, 9772
0.2930, 9771
0.2939, 9770
0.2948, 9769
0.2957, 9768
0.2966, 9767
0.2975, 9766
0.2984, 9765
0.2992, 9764
0.3001, 9763
0.3010, 9762
0.3019, 9761
0.3027, 9760
0.3036, 9759
0.3045, 9758
0.3054, 9757
0.3063, 9756
0.3072, 9755
0.3081, 9754
0.3089, 9753
0.3098, 9752
0.3106, 9751
0.3115, 9750
0.3124, 9749
0.3133, 9748
0.3142, 9747
0.3150, 9746
0.3159, 9745
0.3167, 9744
0.3176, 9743
0.3185, 9742
0.3193, 9741
0.3202, 9740
0.3211, 9739
0.3220, 9738
0.3228, 9737
0.3237, 9736
0.3247, 9735
0.3255, 9734
0.3264, 9733
0.3273, 9732
0.3281, 9731
0.3290, 9730
0.3299, 9729
0.3307, 9728
0.3316, 9727
0.3325, 9726
0.3334, 9725
0.3343, 9724
0.3351, 9723
0.3360, 9722
0.3369, 9721
0.3377, 9720
0.3386, 9719
0.3395, 9718
0.3403, 9717
0.3412, 9716
0.3421, 9715
0.3429, 9714
0.3438, 9713
0.3447, 9712
0.3455, 9711
0.3464, 9710
0.3472, 9709
0.3481, 9708
0.3490, 9707
0.3499, 9706
0.3508, 9705
0.3516, 9704
0.3525, 9703
0.3534, 9702
0.3542, 9701
0.3551, 9700
0.3560, 9699
0.3568, 9698
0.3577, 9697
0.3586, 9696
0.3595, 9695
0.3603, 9694
0.3612, 9693
0.3621, 9692
0.3630, 9691
0.3638, 9690
0.3648, 9689
0.3657, 9688
0.3665, 9687
0.3674, 9686
0.3683, 9685
0.3692, 9684
0.3700, 9683
0.3709, 9682
0.3718, 9681
0.3727, 9680
0.3736, 9679
0.3744, 9678
0.3753, 9677
0.3762, 9676
0.3771, 9675
0.3780, 9674
0.3789, 9673
0.3798, 9672
0.3807, 9671
0.3816, 9670
0.3825, 9669
0.3833, 9668
0.3842, 9667
0.3851, 9666
0.3860, 9665
0.3869, 9664
0.3877, 9663
0.3886, 9662
0.3895, 9661
0.3904, 9660
0.3913, 9659
0.3922, 9658
0.3931, 9657
0.3940, 9656
0.3949, 9655
0.3957, 9654
0.3966, 9653
0.3975, 9652
0.3983, 9651
0.3992, 9650
0.4001, 9649
0.4009, 9648
0.4018, 9647
0.4027, 9646
0.4036, 9645
0.4044, 9644
0.4053, 9643
0.4062, 9642
0.4071, 9641
0.4080, 9640
0.4089, 9639
0.4098, 9638
0.4107, 9637
0.4115, 9636
0.4124, 9635
0.4133, 9634
0.4142, 9633
0.4150, 9632
0.4159, 9631
0.4168, 9630
0.4176, 9629
0.4185, 9628
0.4194, 9627
0.4203, 9626
0.4211, 9625
0.4220, 9624
0.4229, 9623
0.4237, 9622
0.4246, 9621
0.4255, 9620
0.4263, 9619
0.4272, 9618
0.4281, 9617
0.4289, 9616
0.4298, 9615
0.4307, 9614
0.4316, 9613
0.4325, 9612
0.4334, 9611
0.4342, 9610
0.4352, 9609
0.4360, 9608
0.4369, 9607
0.4378, 9606
0.4386, 9605
0.4395, 9604
0.4403, 9603
0.4412, 9602
0.4421, 9601
0.4430, 9600
0.4439, 9599
0.4447, 9598
0.4456, 9597
0.4465, 9596
0.4473, 9595
0.4482, 9594
0.4490, 9593
0.4499, 9592
0.4507, 9591
0.4516, 9590
0.4525, 9589
0.4534, 9588
0.4543, 9587
0.4552, 9586
0.4561, 9585
0.4569, 9584
0.4578, 9583
0.4587, 9582
0.4596, 9581
0.4604, 9580
0.4613, 9579
0.4621, 9578
0.4631, 9577
0.4639, 9576
0.4648, 9575
0.4657, 9574
0.4666, 9573
0.4674, 9572
0.4683, 9571
0.4691, 9570
0.4700, 9569
0.4709, 9568
0.4717, 9567
0.4726, 9566
0.4735, 9565
0.4744, 9564
0.4752, 9563
0.4761, 9562
0.4770, 9561
0.4778, 9560
0.4787, 9559
0.4796, 9558
0.4804, 9557
0.4813, 9556
0.4822, 9555
0.4831, 9554
0.4840, 9553
0.4848, 9552
0.4856, 9551
0.4865, 9550
0.4874, 9549
0.4882, 9548
0.4891, 9547
0.4900, 9546
0.4909, 9545
0.4917, 9544
0.4926, 9543
0.4935, 9542
0.4943, 9541
0.4952, 9540
0.4961, 9539
0.4969, 9538
0.4978, 9537
0.4987, 9536
0.4996, 9535
0.5004, 9534
0.5013, 9533
0.5022, 9532
0.5030, 9531
0.5039, 9530
0.5047, 9529
0.5056, 9528
0.5065, 9527
0.5073, 9526
0.5082, 9525
0.5091, 9524
0.5099, 9523
0.5107, 9522
0.5116, 9521
0.5125, 9520
0.5133, 9519
0.5142, 9518
0.5150, 9517
0.5158, 9516
0.5166, 9515
0.5174, 9514
0.5182, 9513
0.5191, 9512
0.5199, 9511
0.5207, 9510
0.5216, 9509
0.5224, 9508
0.5232, 9507
0.5240, 9506
0.5249, 9505
0.5258, 9504
0.5266, 9503
0.5275, 9502
0.5286, 9501
0.5296, 9500
0.5306, 9499
0.5316, 9498
0.5327, 9497
0.5337, 9496
0.5347, 9495
0.5357, 9494
0.5367, 9493
0.5377, 9492
0.5388, 9491
0.5398, 9490
0.5407, 9489
0.5417, 9488
0.5428, 9487
0.5438, 9486
0.5448, 9485
0.5458, 9484
0.5468, 9483
0.5478, 9482
0.5489, 9481
0.5499, 9480
0.5509, 9479
0.5519, 9478
0.5529, 9477
0.5539, 9476
0.5550, 9475
0.5560, 9474
0.5570, 9473
0.5581, 9472
0.5591, 9471
0.5601, 9470
0.5611, 9469
0.5621, 9468
0.5631, 9467
0.5642, 9466
0.5651, 9465
0.5662, 9464
0.5672, 9463
0.5682, 9462
0.5692, 9461
0.5702, 9460
0.5712, 9459
0.5723, 9458
0.5733, 9457
0.5743, 9456
0.5753, 9455
0.5763, 9454
0.5774, 9453
0.5784, 9452
0.5794, 9451
0.5803, 9450
0.5814, 9449
0.5824, 9448
0.5834, 9447
0.5844, 9446
0.5854, 9445
0.5864, 9444
0.5874, 9443
0.5884, 9442
0.5894, 9441
0.5904, 9440
0.5914, 9439
0.5924, 9438
0.5935, 9437
0.5945, 9436
0.5955, 9435
0.5965, 9434
0.5975, 9433
0.5985, 9432
0.5995, 9431
0.6005, 9430
0.6016, 9429
0.6026, 9428
0.6036, 9427
0.6046, 9426
0.6056, 9425
0.6066, 9424
0.6076, 9423
0.6086, 9422
0.6097, 9421
0.6107, 9420
0.6117, 9419
0.6127, 9418
0.6137, 9417
0.6147, 9416
0.6157, 9415
0.6167, 9414
0.6177, 9413
0.6187, 9412
0.6198, 9411
0.6208, 9410
0.6218, 9409
0.6228, 9408
0.6239, 9407
0.6248, 9406
0.6258, 9405
0.6268, 9404
0.6278, 9403
0.6288, 9402
0.6298, 9401
0.6308, 9400
0.6318, 9399
0.6328, 9398
0.6338, 9397
0.6348, 9396
0.6358, 9395
0.6368, 9394
0.6378, 9393
0.6388, 9392
0.6398, 9391
0.6408, 9390
0.6418, 9389
0.6428, 9388
0.6437, 9387
0.6447, 9386
0.6458, 9385
0.6468, 9384
0.6478, 9383
0.6488, 9382
0.6497, 9381
0.6507, 9380
0.6517, 9379
0.6526, 9378
0.6536, 9377
0.6546, 9376
0.6556, 9375
0.6566, 9374
0.6576, 9373
0.6586, 9372
0.6596, 9371
0.6606, 9370
0.6617, 9369
0.6627, 9368
0.6637, 9367
0.6646, 9366
0.6656, 9365
0.6666, 9364
0.6676, 9363
0.6686, 9362
0.6696, 9361
0.6706, 9360
0.6716, 9359
0.6725, 9358
0.6735, 9357
0.6745, 9356
0.6755, 9355
0.6765, 9354
0.6775, 9353
0.6785, 9352
0.6795, 9351
0.6804, 9350
0.6814, 9349
0.6824, 9348
0.6834, 9347
0.6844, 9346
0.6854, 9345
0.6864, 9344
0.6873, 9343
0.6883, 9342
0.6893, 9341
0.6902, 9340
0.6912, 9339
0.6922, 9338
0.6932, 9337
0.6941, 9336
0.6951, 9335
0.6961, 9334
0.6971, 9333
0.6981, 9332
0.6991, 9331
0.7001, 9330
0.7010, 9329
0.7020, 9328
0.7030, 9327
0.7040, 9326
0.7050, 9325
0.7060, 9324
0.7069, 9323
0.7079, 9322
0.7088, 9321
0.7098, 9320
0.7108, 9319
0.7118, 9318
0.7128, 9317
0.7137, 9316
0.7146, 9315
0.7156, 9314
0.7166, 9313
0.7176, 9312
0.7186, 9311
0.7196, 9310
0.7206, 9309
0.7215, 9308
0.7225, 9307
0.7235, 9306
0.7244, 9305
0.7254, 9304
0.7264, 9303
0.7274, 9302
0.7284, 9301
0.7293, 9300
0.7303, 9299
0.7313, 9298
0.7322, 9297
0.7332, 9296
0.7342, 9295
0.7352, 9294
0.7361, 9293
0.7371, 9292
0.7380, 9291
0.7390, 9290
0.7400, 9289
0.7409, 9288
0.7419, 9287
0.7428, 9286
0.7438, 9285
0.7448, 9284
0.7458, 9283
0.7467, 9282
0.7477, 9281
0.7487, 9280
0.7496, 9279
0.7506, 9278
0.7516, 9277
0.7525, 9276
0.7535, 9275
0.7545, 9274
0.7554, 9273
0.7564, 9272
0.7573, 9271
0.7583, 9270
0.7592, 9269
0.7602, 9268
0.7611, 9267
0.7621, 9266
0.7630, 9265
0.7640, 9264
0.7649, 9263
0.7659, 9262
0.7668, 9261
0.7678, 9260
0.7688, 9259
0.7697, 9258
0.7706, 9257
0.7716, 9256
0.7726, 9255
0.7735, 9254
0.7745, 9253
0.7754, 9252
0.7764, 9251
0.7774, 9250
0.7783, 9249
0.7792, 9248
0.7802, 9247
0.7812, 9246
0.7821, 9245
0.7831, 9244
0.7840, 9243
0.7850, 9242
0.7859, 9241
0.7869, 9240
0.7878, 9239
0.7888, 9238
0.7897, 9237
0.7907, 9236
0.7916, 9235
0.7926, 9234
0.7935, 9233
0.7945, 9232
0.7955, 9231
0.7964, 9230
0.7974, 9229
0.7984, 9228
0.7993, 9227
0.8003, 9226
0.8013, 9225
0.8023, 9224
0.8033, 9223
0.8042, 9222
0.8052, 9221
0.8062, 9220
0.8071, 9219
0.8081, 9218
0.8091, 9217
0.8100, 9216
0.8109, 9215
0.8119, 9214
0.8128, 9213
0.8138, 9212
0.8148, 9211
0.8157, 9210
0.8167, 9209
0.8176, 9208
0.8186, 9207
0.8195, 9206
0.8205, 9205
0.8214, 9204
0.8224, 9203
0.8234, 9202
0.8243, 9201
0.8253, 9200
0.8262, 9199
0.8272, 9198
0.8281, 9197
0.8291, 9196
0.8301, 9195
0.8310, 9194
0.8320, 9193
0.8329, 9192
0.8339, 9191
0.8348, 9190
0.8357, 9189
0.8367, 9188
0.8376, 9187
0.8386, 9186
0.8396, 9185
0.8405, 9184
0.8414, 9183
0.8424, 9182
0.8433, 9181
0.8442, 9180
0.8452, 9179
0.8461, 9178
0.8471, 9177
0.8480, 9176
0.8490, 9175
0.8499, 9174
0.8509, 9173
0.8518, 9172
0.8528, 9171
0.8538, 9170
0.8547, 9169
0.8556, 9168
0.8566, 9167
0.8575, 9166
0.8585, 9165
0.8594, 9164
0.8603, 9163
0.8613, 9162
0.8622, 9161
0.8631, 9160
0.8640, 9159
0.8650, 9158
0.8659, 9157
0.8668, 9156
0.8678, 9155
0.8687, 9154
0.8696, 9153
0.8705, 9152
0.8715, 9151
0.8724, 9150
0.8734, 9149
0.8743, 9148
0.8753, 9147
0.8762, 9146
0.8771, 9145
0.8780, 9144
0.8790, 9143
0.8799, 9142
0.8808, 9141
0.8818, 9140
0.8827, 9139
0.8836, 9138
0.8846, 9137
0.8855, 9136
0.8865, 9135
0.8874, 9134
0.8883, 9133
0.8892, 9132
0.8901, 9131
0.8911, 9130
0.8920, 9129
0.8930, 9128
0.8939, 9127
0.8949, 9126
0.8958, 9125
0.8967, 9124
0.8977, 9123
0.8986, 9122
0.8996, 9121
0.9005, 9120
0.9015, 9119
0.9024, 9118
0.9033, 9117
0.9042, 9116
0.9051, 9115
0.9061, 9114
0.9070, 9113
0.9079, 9112
0.9089, 9111
0.9098, 9110
0.9107, 9109
0.9116, 9108
0.9125, 9107
0.9135, 9106
0.9144, 9105
0.9154, 9104
0.9163, 9103
0.9172, 9102
0.9181, 9101
0.9191, 9100
0.9200, 9099
0.9209, 9098
0.9218, 9097
0.9227, 9096
0.9237, 9095
0.9246, 9094
0.9255, 9093
0.9264, 9092
0.9274, 9091
0.9283, 9090
0.9292, 9089
0.9301, 9088
0.9310, 9087
0.9319, 9086
0.9329, 9085
0.9338, 9084
0.9347, 9083
0.9356, 9082
0.9365, 9081
0.9375, 9080
0.9384, 9079
0.9393, 9078
0.9402, 9077
0.9411, 9076
0.9420, 9075
0.9430, 9074
0.9439, 9073
0.9448, 9072
0.9457, 9071
0.9466, 9070
0.9476, 9069
0.9485, 9068
0.9495, 9067
0.9504, 9066
0.9513, 9065
0.9522, 9064
0.9531, 9063
0.9540, 9062
0.9550, 9061
0.9559, 9060
0.9568, 9059
0.9577, 9058
0.9586, 9057
0.9595, 9056
0.9605, 9055
0.9614, 9054
0.9624, 9053
0.9633, 9052
0.9643, 9051
0.9652, 9050
0.9662, 9049
0.9671, 9048
0.9680, 9047
0.9690, 9046
0.9699, 9045
0.9709, 9044
0.9718, 9043
0.9727, 9042
0.9736, 9041
0.9745, 9040
0.9755, 9039
0.9764, 9038
0.9773, 9037
0.9782, 9036
0.9792, 9035
0.9801, 9034
0.9810, 9033
0.9820, 9032
0.9829, 9031
0.9839, 9030
0.9848, 9029
0.9858, 9028
0.9867, 9027
0.9876, 9026
0.9886, 9025
0.9895, 9024
0.9905, 9023
0.9914, 9022
0.9923, 9021
0.9932, 9020
0.9942, 9019
0.9952, 9018
0.9961, 9017
0.9971, 9016
0.9980, 9015
0.9989, 9014
0.9998, 9013
1.0007, 9012
1.0017, 9011
1.0026, 9010
1.0035, 9009
1.0044, 9008
1.0053, 9007
1.0062, 9006
1.0071, 9005
1.0081, 9004
1.0090, 9003
1.0099, 9002
1.0108, 9001
1.0117, 9000
1.0126, 8999
1.0135, 8998
1.0145, 8997
1.0154, 8996
1.0163, 8995
1.0173, 8994
1.0182, 8993
1.0191, 8992
1.0200, 8991
1.0210, 8990
1.0219, 8989
1.0229, 8988
1.0238, 8987
1.0247, 8986
1.0256, 8985
1.0265, 8984
1.0274, 8983
1.0283, 8982
1.0292, 8981
1.0302, 8980
1.0311, 8979
1.0320, 8978
1.0330, 8977
1.0339, 8976
1.0348, 8975
1.0357, 8974
1.0366, 8973
1.0375, 8972
1.0384, 8971
1.0393, 8970
1.0402, 8969
1.0412, 8968
1.0421, 8967
1.0430, 8966
1.0439, 8965
1.0448, 8964
1.0457, 8963
1.0466, 8962
1.0475, 8961
1.0485, 8960
1.0494, 8959
1.0503, 8958
1.0512, 8957
1.0521, 8956
1.0530, 8955
1.0539, 8954
1.0549, 8953
1.0558, 8952
1.0567, 8951
1.0576, 8950
1.0585, 8949
1.0595, 8948
1.0604, 8947
1.0613, 8946
1.0622, 8945
1.0631, 8944
1.0640, 8943
1.0649, 8942
1.0658, 8941
1.0667, 8940
1.0676, 8939
1.0686, 8938
1.0695, 8937
1.0704, 8936
1.0714, 8935
1.0723, 8934
1.0731, 8933
1.0740, 8932
1.0749, 8931
1.0758, 8930
1.0767, 8929
1.0776, 8928
1.0785, 8927
1.0795, 8926
1.0804, 8925
1.0813, 8924
1.0822, 8923
1.0830, 8922
1.0839, 8921
1.0848, 8920
1.0857, 8919
1.0867, 8918
1.0876, 8917
1.0885, 8916
1.0894, 8915
1.0903, 8914
1.0912, 8913
1.0921, 8912
1.0930, 8911
1.0939, 8910
1.0948, 8909
1.0957, 8908
1.0966, 8907
1.0976, 8906
1.0984, 8905
1.0993, 8904
1.1003, 8903
1.1012, 8902
1.1021, 8901
1.1030, 8900
1.1040, 8899
1.1049, 8898
1.1058, 8897
1.1067, 8896
1.1076, 8895
1.1085, 8894
1.1094, 8893
1.1103, 8892
1.1112, 8891
1.1121, 8890
1.1130, 8889
1.1139, 8888
1.1148, 8887
1.1157, 8886
1.1166, 8885
1.1176, 8884
1.1184, 8883
1.1194, 8882
1.1203, 8881
1.1212, 8880
1.1221, 8879
1.1230, 8878
1.1239, 8877
1.1248, 8876
1.1257, 8875
1.1266, 8874
1.1275, 8873
1.1284, 8872
1.1293, 8871
1.1302, 8870
1.1311, 8869
1.1320, 8868
1.1329, 8867
1.1338, 8866
1.1346, 8865
1.1356, 8864
1.1365, 8863
1.1374, 8862
1.1382, 8861
1.1391, 8860
1.1400, 8859
1.1409, 8858
1.1418, 8857
1.1427, 8856
1.1436, 8855
1.1445, 8854
1.1454, 8853
1.1463, 8852
1.1472, 8851
1.1481, 8850
1.1489, 8849
1.1498, 8848
1.1507, 8847
1.1516, 8846
1.1525, 8845
1.1534, 8844
1.1543, 8843
1.1552, 8842
1.1561, 8841
1.1570, 8840
1.1578, 8839
1.1587, 8838
1.1596, 8837
1.1605, 8836
1.1614, 8835
1.1623, 8834
1.1632, 8833
1.1641, 8832
1.1650, 8831
1.1659, 8830
1.1668, 8829
1.1677, 8828
1.1685, 8827
1.1694, 8826
1.1703, 8825
1.1712, 8824
1.1720, 8823
1.1729, 8822
1.1738, 8821
1.1747, 8820
1.1755, 8819
1.1764, 8818
1.1773, 8817
1.1782, 8816
1.1791, 8815
1.1800, 8814
1.1808, 8813
1.1817, 8812
1.1826, 8811
1.1834, 8810
1.1843, 8809
1.1852, 8808
1.1861, 8807
1.1870, 8806
1.1879, 8805
1.1888, 8804
1.1897, 8803
1.1906, 8802
1.1915, 8801
1.1924, 8800
1.1933, 8799
1.1941, 8798
1.1950, 8797
1.1959, 8796
1.1967, 8795
1.1976, 8794
1.1985, 8793
1.1994, 8792
1.2004, 8791
1.2012, 8790
1.2021, 8789
1.2029, 8788
1.2038, 8787
1.2047, 8786
1.2056, 8785
1.2065, 8784
1.2073, 8783
1.2082, 8782
1.2091, 8781
1.2099, 8780
1.2108, 8779
1.2117, 8778
1.2125, 8777
1.2134, 8776
1.2142, 8775
1.2151, 8774
1.2159, 8773
1.2168, 8772
1.2177, 8771
1.2186, 8770
1.2194, 8769
1.2203, 8768
1.2212, 8767
1.2220, 8766
1.2229, 8765
1.2238, 8764
1.2247, 8763
1.2255, 8762
1.2264, 8761
1.2273, 8760
1.2281, 8759
1.2290, 8758
1.2298, 8757
1.2307, 8756
1.2316, 8755
1.2325, 8754
1.2333, 8753
1.2342, 8752
1.2350, 8751
1.2359, 8750
1.2367, 8749
1.2376, 8748
1.2385, 8747
1.2393, 8746
1.2402, 8745
1.2410, 8744
1.2419, 8743
1.2428, 8742
1.2436, 8741
1.2445, 8740
1.2454, 8739
1.2462, 8738
1.2471, 8737
1.2480, 8736
1.2488, 8735
1.2497, 8734
1.2506, 8733
1.2514, 8732
1.2523, 8731
1.2532, 8730
1.2540, 8729
1.2549, 8728
1.2557, 8727
1.2566, 8726
1.2575, 8725
1.2583, 8724
1.2592, 8723
1.2601, 8722
1.2609, 8721
1.2617, 8720
1.2626, 8719
1.2635, 8718
1.2643, 8717
1.2652, 8716
1.2660, 8715
1.2669, 8714
1.2678, 8713
1.2686, 8712
1.2695, 8711
1.2703, 8710
1.2712, 8709
1.2720, 8708
1.2729, 8707
1.2737, 8706
1.2746, 8705
1.2754, 8704
1.2763, 8703
1.2771, 8702
1.2780, 8701
1.2788, 8700
1.2797, 8699
1.2805, 8698
1.2814, 8697
1.2822, 8696
1.2830, 8695
1.2839, 8694
1.2847, 8693
1.2856, 8692
1.2864, 8691
1.2872, 8690
1.2881, 8689
1.2890, 8688
1.2898, 8687
1.2906, 8686
1.2915, 8685
1.2924, 8684
1.2932, 8683
1.2941, 8682
1.2949, 8681
1.2958, 8680
1.2966, 8679
1.2975, 8678
1.2983, 8677
1.2991, 8676
1.3000, 8675
1.3008, 8674
1.3017, 8673
1.3025, 8672
1.3034, 8671
1.3042, 8670
1.3051, 8669
1.3059, 8668
1.3068, 8667
1.3077, 8666
1.3085, 8665
1.3094, 8664
1.3102, 8663
1.3110, 8662
1.3119, 8661
1.3127, 8660
1.3136, 8659
1.3144, 8658
1.3153, 8657
1.3161, 8656
1.3169, 8655
1.3178, 8654
1.3186, 8653
1.3195, 8652
1.3203, 8651
1.3211, 8650
1.3220, 8649
1.3228, 8648
1.3236, 8647
1.3245, 8646
1.3253, 8645
1.3262, 8644
1.3270, 8643
1.3278, 8642
1.3287, 8641
1.3295, 8640
1.3303, 8639
1.3312, 8638
1.3320, 8637
1.3329, 8636
1.3337, 8635
1.3346, 8634
1.3355, 8633
1.3363, 8632
1.3371, 8631
1.3380, 8630
1.3389, 8629
1.3397, 8628
1.3405, 8627
1.3414, 8626
1.3422, 8625
1.3430, 8624
1.3439, 8623
1.3447, 8622
1.3455, 8621
1.3463, 8620
1.3472, 8619
1.3480, 8618
1.3488, 8617
1.3497, 8616
1.3505, 8615
1.3513, 8614
1.3522, 8613
1.3530, 8612
1.3538, 8611
1.3546, 8610
1.3555, 8609
1.3563, 8608
1.3571, 8607
1.3580, 8606
1.3588, 8605
1.3597, 8604
1.3605, 8603
1.3612, 8602
1.3620, 8601
1.3627, 8600
1.3635, 8599
1.3642, 8598
1.3650, 8597
1.3657, 8596
1.3664, 8595
1.3672, 8594
1.3679, 8593
1.3686, 8592
1.3694, 8591
1.3701, 8590
1.3708, 8589
1.3716, 8588
1.3723, 8587
1.3730, 8586
1.3737, 8585
1.3746, 8584
1.3753, 8583
1.3760, 8582
1.3767, 8581
1.3774, 8580
1.3781, 8579
1.3789, 8578
1.3796, 8577
1.3803, 8576
1.3811, 8575
1.3818, 8574
1.3826, 8573
1.3833, 8572
1.3840, 8571
1.3848, 8570
1.3855, 8569
1.3862, 8568
1.3870, 8567
1.3877, 8566
1.3884, 8565
1.3891, 8564
1.3898, 8563
1.3906, 8562
1.3913, 8561
1.3920, 8560
1.3927, 8559
1.3935, 8558
1.3942, 8557
1.3950, 8556
1.3957, 8555
1.3964, 8554
1.3971, 8553
1.3979, 8552
1.3986, 8551
1.3993, 8550
1.4001, 8549
1.4008, 8548
1.4016, 8547
1.4023, 8546
1.4031, 8545
1.4038, 8544
1.4045, 8543
1.4052, 8542
1.4060, 8541
1.4067, 8540
1.4074, 8539
1.4082, 8538
1.4089, 8537
1.4096, 8536
1.4104, 8535
1.4111, 8534
1.4118, 8533
1.4125, 8532
1.4133, 8531
1.4140, 8530
1.4147, 8529
1.4155, 8528
1.4162, 8527
1.4169, 8526
1.4176, 8525
1.4184, 8524
1.4191, 8523
1.4198, 8522
1.4206, 8521
1.4213, 8520
1.4220, 8519
1.4227, 8518
1.4235, 8517
1.4242, 8516
1.4250, 8515
1.4257, 8514
1.4264, 8513
1.4272, 8512
1.4279, 8511
1.4286, 8510
1.4293, 8509
1.4301, 8508
1.4308, 8507
1.4315, 8506
1.4322, 8505
1.4330, 8504
1.4337, 8503
1.4344, 8502
1.4352, 8501
1.4359, 8500
1.4366, 8499
1.4374, 8498
1.4381, 8497
1.4388, 8496
1.4396, 8495
1.4403, 8494
1.4410, 8493
1.4418, 8492
1.4425, 8491
1.4433, 8490
1.4440, 8489
1.4447, 8488
1.4454, 8487
1.4462, 8486
1.4469, 8485
1.4476, 8484
1.4483, 8483
1.4491, 8482
1.4498, 8481
1.4505, 8480
1.4513, 8479
1.4520, 8478
1.4528, 8477
1.4535, 8476
1.4542, 8475
1.4550, 8474
1.4557, 8473
1.4565, 8472
1.4572, 8471
1.4580, 8470
1.4587, 8469
1.4594, 8468
1.4602, 8467
1.4609, 8466
1.4616, 8465
1.4624, 8464
1.4631, 8463
1.4638, 8462
1.4646, 8461
1.4653, 8460
1.4661, 8459
1.4668, 8458
1.4675, 8457
1.4682, 8456
1.4690, 8455
1.4697, 8454
1.4704, 8453
1.4712, 8452
1.4719, 8451
1.4726, 8450
1.4733, 8449
1.4741, 8448
1.4748, 8447
1.4756, 8446
1.4763, 8445
1.4770, 8444
1.4777, 8443
1.4785, 8442
1.4792, 8441
1.4799, 8440
1.4806, 8439
1.4814, 8438
1.4821, 8437
1.4828, 8436
1.4835, 8435
1.4843, 8434
1.4850, 8433
1.4857, 8432
1.4864, 8431
1.4872, 8430
1.4879, 8429
1.4886, 8428
1.4893, 8427
1.4901, 8426
1.4908, 8425
1.4915, 8424
1.4923, 8423
1.4930, 8422
1.4937, 8421
1.4944, 8420
1.4952, 8419
1.4959, 8418
1.4966, 8417
1.4973, 8416
1.4981, 8415
1.4988, 8414
1.4995, 8413
1.5003, 8412
1.5010, 8411
1.5017, 8410
1.5024, 8409
1.5032, 8408
1.5039, 8407
1.5046, 8406
1.5054, 8405
1.5061, 8404
1.5068, 8403
1.5076, 8402
1.5083, 8401
1.5090, 8400
1.5097, 8399
1.5104, 8398
1.5112, 8397
1.5119, 8396
1.5126, 8395
1.5133, 8394
1.5141, 8393
1.5148, 8392
1.5155, 8391
1.5162, 8390
1.5170, 8389
1.5177, 8388
1.5184, 8387
1.5191, 8386
1.5198, 8385
1.5206, 8384
1.5213, 8383
1.5220, 8382
1.5228, 8381
1.5235, 8380
1.5242, 8379
1.5249, 8378
1.5257, 8377
1.5264, 8376
1.5271, 8375
1.5278, 8374
1.5286, 8373
1.5293, 8372
1.5300, 8371
1.5307, 8370
1.5314, 8369
1.5322, 8368
1.5329, 8367
1.5336, 8366
1.5343, 8365
1.5351, 8364
1.5358, 8363
1.5365, 8362
1.5372, 8361
1.5379, 8360
1.5386, 8359
1.5393, 8358
1.5401, 8357
1.5408, 8356
1.5415, 8355
1.5423, 8354
1.5430, 8353
1.5437, 8352
1.5444, 8351
1.5452, 8350
1.5459, 8349
1.5466, 8348
1.5473, 8347
1.5480, 8346
1.5487, 8345
1.5495, 8344
1.5502, 8343
1.5510, 8342
1.5517, 8341
1.5524, 8340
1.5531, 8339
1.5538, 8338
1.5545, 8337
1.5552, 8336
1.5560, 8335
1.5567, 8334
1.5574, 8333
1.5581, 8332
1.5588, 8331
1.5596, 8330
1.5603, 8329
1.5610, 8328
1.5617, 8327
1.5624, 8326
1.5631, 8325
1.5638, 8324
1.5645, 8323
1.5653, 8322
1.5660, 8321
1.5667, 8320
1.5674, 8319
1.5681, 8318
1.5688, 8317
1.5696, 8316
1.5703, 8315
1.5710, 8314
1.5717, 8313
1.5725, 8312
1.5732, 8311
1.5739, 8310
1.5746, 8309
1.5753, 8308
1.5761, 8307
1.5768, 8306
1.5775, 8305
1.5783, 8304
1.5790, 8303
1.5797, 8302
1.5804, 8301
1.5811, 8300
1.5818, 8299
1.5825, 8298
1.5832, 8297
1.5840, 8296
1.5847, 8295
1.5854, 8294
1.5861, 8293
1.5868, 8292
1.5876, 8291
1.5883, 8290
1.5890, 8289
1.5897, 8288
1.5904, 8287
1.5911, 8286
1.5918, 8285
1.5926, 8284
1.5933, 8283
1.5940, 8282
1.5947, 8281
1.5954, 8280
1.5961, 8279
1.5968, 8278
1.5976, 8277
1.5983, 8276
1.5990, 8275
1.5997, 8274
1.6004, 8273
1.6011, 8272
1.6019, 8271
1.6027, 8270
1.6034, 8269
1.6041, 8268
1.6048, 8267
1.6055, 8266
1.6062, 8265
1.6069, 8264
1.6076, 8263
1.6084, 8262
1.6091, 8261
1.6098, 8260
1.6106, 8259
1.6113, 8258
1.6120, 8257
1.6128, 8256
1.6135, 8255
1.6142, 8254
1.6149, 8253
1.6156, 8252
1.6163, 8251
1.6170, 8250
1.6177, 8249
1.6185, 8248
1.6192, 8247
1.6199, 8246
1.6206, 8245
1.6213, 8244
1.6220, 8243
1.6227, 8242
1.6235, 8241
1.6242, 8240
1.6249, 8239
1.6256, 8238
1.6263, 8237
1.6270, 8236
1.6277, 8235
1.6284, 8234
1.6291, 8233
1.6298, 8232
1.6305, 8231
1.6312, 8230
1.6319, 8229
1.6326, 8228
1.6333, 8227
1.6340, 8226
1.6347, 8225
1.6354, 8224
1.6361, 8223
1.6368, 8222
1.6375, 8221
1.6382, 8220
1.6389, 8219
1.6396, 8218
1.6403, 8217
1.6411, 8216
1.6418, 8215
1.6425, 8214
1.6432, 8213
1.6439, 8212
1.6446, 8211
1.6453, 8210
1.6460, 8209
1.6467, 8208
1.6474, 8207
1.6481, 8206
1.6488, 8205
1.6495, 8204
1.6502, 8203
1.6509, 8202
1.6516, 8201
1.6523, 8200
1.6530, 8199
1.6537, 8198
1.6544, 8197
1.6552, 8196
1.6559, 8195
1.6565, 8194
1.6572, 8193
1.6580, 8192
1.6587, 8191
1.6594, 8190
1.6601, 8189
1.6608, 8188
1.6615, 8187
1.6622, 8186
1.6629, 8185
1.6636, 8184
1.6643, 8183
1.6650, 8182
1.6657, 8181
1.6664, 8180
1.6671, 8179
1.6679, 8178
1.6686, 8177
1.6693, 8176
1.6700, 8175
1.6707, 8174
1.6714, 8173
1.6721, 8172
1.6728, 8171
1.6735, 8170
1.6742, 8169
1.6749, 8168
1.6756, 8167
1.6763, 8166
1.6770, 8165
1.6777, 8164
1.6784, 8163
1.6791, 8162
1.6798, 8161
1.6805, 8160
1.6812, 8159
1.6819, 8158
1.6827, 8157
1.6834, 8156
1.6841, 8155
1.6848, 8154
1.6856, 8153
1.6863, 8152
1.6871, 8151
1.6878, 8150
1.6885, 8149
1.6893, 8148
1.6900, 8147
1.6907, 8146
1.6915, 8145
1.6922, 8144
1.6930, 8143
1.6937, 8142
1.6944, 8141
1.6952, 8140
1.6959, 8139
1.6967, 8138
1.6974, 8137
1.6981, 8136
1.6989, 8135
1.6996, 8134
1.7003, 8133
1.7010, 8132
1.7018, 8131
1.7026, 8130
1.7033, 8129
1.7041, 8128
1.7048, 8127
1.7055, 8126
1.7063, 8125
1.7071, 8124
1.7078, 8123
1.7085, 8122
1.7093, 8121
1.7100, 8120
1.7108, 8119
1.7115, 8118
1.7123, 8117
1.7131, 8116
1.7138, 8115
1.7145, 8114
1.7153, 8113
1.7160, 8112
1.7168, 8111
1.7175, 8110
1.7182, 8109
1.7190, 8108
1.7197, 8107
1.7204, 8106
1.7211, 8105
1.7219, 8104
1.7226, 8103
1.7233, 8102
1.7240, 8101
1.7247, 8100
1.7254, 8099
1.7261, 8098
1.7269, 8097
1.7276, 8096
1.7283, 8095
1.7290, 8094
1.7297, 8093
1.7304, 8092
1.7311, 8091
1.7319, 8090
1.7326, 8089
1.7333, 8088
1.7340, 8087
1.7347, 8086
1.7354, 8085
1.7361, 8084
1.7368, 8083
1.7375, 8082
1.7382, 8081
1.7389, 8080
1.7396, 8079
1.7403, 8078
1.7410, 8077
1.7418, 8076
1.7425, 8075
1.7432, 8074
1.7439, 8073
1.7446, 8072
1.7453, 8071
1.7461, 8070
1.7468, 8069
1.7475, 8068
1.7482, 8067
1.7489, 8066
1.7496, 8065
1.7503, 8064
1.7510, 8063
1.7517, 8062
1.7524, 8061
1.7531, 8060
1.7538, 8059
1.7545, 8058
1.7552, 8057
1.7559, 8056
1.7566, 8055
1.7573, 8054
1.7580, 8053
1.7587, 8052
1.7594, 8051
1.7601, 8050
1.7608, 8049
1.7615, 8048
1.7622, 8047
1.7630, 8046
1.7637, 8045
1.7644, 8044
1.7651, 8043
1.7658, 8042
1.7665, 8041
1.7672, 8040
1.7679, 8039
1.7686, 8038
1.7693, 8037
1.7700, 8036
1.7707, 8035
1.7714, 8034
1.7721, 8033
1.7729, 8032
1.7735, 8031
1.7743, 8030
1.7749, 8029
1.7756, 8028
1.7763, 8027
1.7770, 8026
1.7777, 8025
1.7784, 8024
1.7791, 8023
1.7798, 8022
1.7805, 8021
1.7812, 8020
1.7819, 8019
1.7826, 8018
1.7833, 8017
1.7840, 8016
1.7847, 8015
1.7853, 8014
1.7860, 8013
1.7867, 8012
1.7874, 8011
1.7881, 8010
1.7888, 8009
1.7895, 8008
1.7902, 8007
1.7908, 8006
1.7915, 8005
1.7922, 8004
1.7929, 8003
1.7936, 8002
1.7943, 8001
1.7950, 8000
1.7957, 7999
1.7964, 7998
1.7971, 7997
1.7978, 7996
1.7984, 7995
1.7991, 7994
1.7998, 7993
1.8005, 7992
1.8012, 7991
1.8019, 7990
1.8026, 7989
1.8033, 7988
1.8040, 7987
1.8046, 7986
1.8053, 7985
1.8060, 7984
1.8067, 7983
1.8074, 7982
1.8081, 7981
1.8087, 7980
1.8094, 7979
1.8101, 7978
1.8108, 7977
1.8115, 7976
1.8122, 7975
1.8129, 7974
1.8136, 7973
1.8142, 7972
1.8149, 7971
1.8156, 7970
1.8163, 7969
1.8170, 7968
1.8177, 7967
1.8184, 7966
1.8191, 7965
1.8198, 7964
1.8205, 7963
1.8212, 7962
1.8219, 7961
1.8225, 7960
1.8232, 7959
1.8239, 7958
1.8246, 7957
1.8253, 7956
1.8259, 7955
1.8266, 7954
1.8273, 7953
1.8280, 7952
1.8287, 7951
1.8294, 7950
1.8301, 7949
1.8308, 7948
1.8314, 7947
1.8321, 7946
1.8328, 7945
1.8335, 7944
1.8342, 7943
1.8349, 7942
1.8356, 7941
1.8363, 7940
1.8370, 7939
1.8377, 7938
1.8384, 7937
1.8391, 7936
1.8398, 7935
1.8405, 7934
1.8412, 7933
1.8419, 7932
1.8425, 7931
1.8432, 7930
1.8439, 7929
1.8446, 7928
1.8453, 7927
1.8459, 7926
1.8466, 7925
1.8473, 7924
1.8480, 7923
1.8486, 7922
1.8493, 7921
1.8500, 7920
1.8507, 7919
1.8513, 7918
1.8520, 7917
1.8527, 7916
1.8533, 7915
1.8540, 7914
1.8547, 7913
1.8554, 7912
1.8560, 7911
1.8567, 7910
1.8574, 7909
1.8581, 7908
1.8588, 7907
1.8594, 7906
1.8601, 7905
1.8608, 7904
1.8614, 7903
1.8621, 7902
1.8628, 7901
1.8635, 7900
1.8642, 7899
1.8649, 7898
1.8655, 7897
1.8662, 7896
1.8669, 7895
1.8676, 7894
1.8683, 7893
1.8689, 7892
1.8696, 7891
1.8703, 7890
1.8710, 7889
1.8716, 7888
1.8723, 7887
1.8730, 7886
1.8736, 7885
1.8743, 7884
1.8750, 7883
1.8756, 7882
1.8763, 7881
1.8770, 7880
1.8777, 7879
1.8784, 7878
1.8791, 7877
1.8797, 7876
1.8804, 7875
1.8811, 7874
1.8818, 7873
1.8825, 7872
1.8834, 7871
1.8845, 7870
1.8856, 7869
1.8867, 7868
1.8878, 7867
1.8891, 7866
1.8903, 7865
1.8915, 7864
1.8926, 7863
1.8936, 7862
1.8944, 7861
1.8955, 7860
1.8964, 7859
1.8975, 7858
1.8983, 7857
1.8993, 7856
1.9003, 7855
1.9016, 7854
1.9027, 7853
1.9040, 7852
1.9049, 7851
1.9059, 7850
1.9069, 7849
1.9081, 7848
1.9091, 7847
1.9100, 7846
1.9110, 7845
1.9121, 7844
1.9132, 7843
1.9142, 7842
1.9152, 7841
1.9160, 7840
1.9171, 7839
1.9183, 7838
1.9192, 7837
1.9203, 7836
1.9213, 7835
1.9222, 7834
1.9231, 7833
1.9243, 7832
1.9253, 7831
1.9263, 7830
1.9272, 7829
1.9281, 7828
1.9292, 7827
1.9302, 7826
1.9311, 7825
1.9321, 7824
1.9332, 7823
1.9341, 7822
1.9351, 7821
1.9361, 7820
1.9371, 7819
1.9381, 7818
1.9391, 7817
1.9402, 7816
1.9411, 7815
1.9421, 7814
1.9431, 7813
1.9441, 7812
1.9451, 7811
1.9461, 7810
1.9470, 7809
1.9479, 7808
1.9490, 7807
1.9500, 7806
1.9509, 7805
1.9519, 7804
1.9530, 7803
1.9539, 7802
1.9550, 7801
1.9560, 7800
1.9571, 7799
1.9582, 7798
1.9592, 7797
1.9602, 7796
1.9612, 7795
1.9623, 7794
1.9633, 7793
1.9644, 7792
1.9654, 7791
1.9665, 7790
1.9674, 7789
1.9685, 7788
1.9695, 7787
1.9705, 7786
1.9714, 7785
1.9724, 7784
1.9733, 7783
1.9742, 7782
1.9752, 7781
1.9763, 7780
1.9774, 7779
1.9784, 7778
1.9795, 7777
1.9805, 7776
1.9815, 7775
1.9825, 7774
1.9835, 7773
1.9845, 7772
1.9855, 7771
1.9866, 7770
1.9876, 7769
1.9887, 7768
1.9897, 7767
1.9908, 7766
1.9918, 7765
1.9929, 7764
1.9940, 7763
1.9950, 7762
1.9961, 7761
1.9971, 7760
1.9982, 7759
1.9992, 7758
2.0003, 7757
2.0013, 7756
2.0024, 7755
2.0034, 7754
2.0045, 7753
2.0055, 7752
2.0066, 7751
2.0077, 7750
2.0087, 7749
2.0097, 7748
2.0108, 7747
2.0118, 7746
2.0129, 7745
2.0140, 7744
2.0149, 7743
2.0158, 7742
2.0169, 7741
2.0180, 7740
2.0189, 7739
2.0200, 7738
2.0210, 7737
2.0219, 7736
2.0230, 7735
2.0240, 7734
2.0250, 7733
2.0260, 7732
2.0269, 7731
2.0280, 7730
2.0290, 7729
2.0300, 7728
2.0310, 7727
2.0320, 7726
2.0331, 7725
2.0342, 7724
2.0354, 7723
2.0362, 7722
2.0373, 7721
2.0384, 7720
2.0395, 7719
2.0406, 7718
2.0417, 7717
2.0427, 7716
2.0438, 7715
2.0449, 7714
2.0460, 7713
2.0471, 7712
2.0480, 7711
2.0490, 7710
2.0499, 7709
2.0508, 7708
2.0517, 7707
2.0527, 7706
2.0537, 7705
2.0548, 7704
2.0557, 7703
2.0565, 7702
2.0574, 7701
2.0583, 7700
2.0593, 7699
2.0602, 7698
2.0611, 7697
2.0621, 7696
2.0630, 7695
2.0639, 7694
2.0649, 7693
2.0658, 7692
2.0668, 7691
2.0678, 7690
2.0688, 7689
2.0696, 7688
2.0706, 7687
2.0716, 7686
2.0724, 7685
2.0734, 7684
2.0742, 7683
2.0751, 7682
2.0761, 7681
2.0770, 7680
2.0780, 7679
2.0789, 7678
2.0799, 7677
2.0807, 7676
2.0816, 7675
2.0824, 7674
2.0833, 7673
2.0843, 7672
2.0853, 7671
2.0862, 7670
2.0872, 7669
2.0881, 7668
2.0891, 7667
2.0900, 7666
2.0910, 7665
2.0920, 7664
2.0930, 7663
2.0939, 7662
2.0948, 7661
2.0958, 7660
2.0970, 7659
2.0981, 7658
2.0993, 7657
2.1003, 7656
2.1013, 7655
2.1025, 7654
2.1036, 7653
2.1046, 7652
2.1056, 7651
2.1069, 7650
2.1080, 7649
2.1089, 7648
2.1099, 7647
2.1109, 7646
2.1119, 7645
2.1130, 7644
2.1140, 7643
2.1152, 7642
2.1163, 7641
2.1173, 7640
2.1185, 7639
2.1194, 7638
2.1206, 7637
2.1218, 7636
2.1230, 7635
2.1242, 7634
2.1254, 7633
2.1266, 7632
2.1277, 7631
2.1289, 7630
2.1300, 7629
2.1312, 7628
2.1324, 7627
2.1337, 7626
2.1348, 7625
2.1360, 7624
2.1372, 7623
2.1384, 7622
2.1397, 7621
2.1408, 7620
2.1420, 7619
2.1433, 7618
2.1445, 7617
2.1456, 7616
2.1468, 7615
2.1479, 7614
2.1490, 7613
2.1500, 7612
2.1510, 7611
2.1520, 7610
2.1531, 7609
2.1544, 7608
2.1555, 7607
2.1566, 7606
2.1578, 7605
2.1591, 7604
2.1603, 7603
2.1615, 7602
2.1625, 7601
2.1636, 7600
2.1649, 7599
2.1661, 7598
2.1670, 7597
2.1682, 7596
2.1694, 7595
2.1705, 7594
2.1717, 7593
2.1728, 7592
2.1739, 7591
2.1751, 7590
2.1763, 7589
2.1775, 7588
2.1787, 7587
2.1799, 7586
2.1811, 7585
2.1823, 7584
2.1836, 7583
2.1848, 7582
2.1859, 7581
2.1871, 7580
2.1882, 7579
2.1893, 7578
2.1905, 7577
2.1916, 7576
2.1928, 7575
2.1940, 7574
2.1952, 7573
2.1962, 7572
2.1974, 7571
2.1987, 7570
2.1999, 7569
2.2009, 7568
2.2022, 7567
2.2033, 7566
2.2044, 7565
2.2053, 7564
2.2065, 7563
2.2077, 7562
2.2090, 7561
2.2099, 7560
2.2112, 7559
2.2121, 7558
2.2132, 7557
2.2142, 7556
2.2155, 7555
2.2165, 7554
2.2177, 7553
2.2188, 7552
2.2199, 7551
2.2210, 7550
2.2222, 7549
2.2234, 7548
2.2245, 7547
2.2257, 7546
2.2268, 7545
2.2278, 7544
2.2291, 7543
2.2302, 7542
2.2314, 7541
2.2325, 7540
2.2337, 7539
2.2347, 7538
2.2359, 7537
2.2370, 7536
2.2382, 7535
2.2394, 7534
2.2406, 7533
2.2419, 7532
2.2432, 7531
2.2444, 7530
2.2456, 7529
2.2469, 7528
2.2482, 7527
2.2494, 7526
2.2506, 7525
2.2516, 7524
2.2526, 7523
2.2536, 7522
2.2546, 7521
2.2557, 7520
2.2568, 7519
2.2576, 7518
2.2585, 7517
2.2593, 7516
2.2603, 7515
2.2613, 7514
2.2622, 7513
2.2631, 7512
2.2641, 7511
2.2651, 7510
2.2659, 7509
2.2669, 7508
2.2679, 7507
2.2688, 7506
2.2697, 7505
2.2705, 7504
2.2715, 7503
2.2725, 7502
2.2735, 7501
2.2743, 7500
2.2753, 7499
2.2762, 7498
2.2772, 7497
2.2780, 7496
2.2790, 7495
2.2800, 7494
2.2809, 7493
2.2819, 7492
2.2829, 7491
2.2839, 7490
2.2848, 7489
2.2855, 7488
2.2864, 7487
2.2874, 7486
2.2884, 7485
2.2894, 7484
2.2904, 7483
2.2912, 7482
2.2923, 7481
2.2933, 7480
2.2941, 7479
2.2950, 7478
2.2959, 7477
2.2969, 7476
2.2977, 7475
2.2985, 7474
2.2994, 7473
2.3004, 7472
2.3013, 7471
2.3022, 7470
2.3033, 7469
2.3042, 7468
3.1289, 7467
10.4276, 7466
11.1817, 7465
11.1824, 7464
12.6293, 7463
14.4099, 7462
14.8140, 7461
14.8149, 7460
14.9868, 7459
16.5887, 7458
20.5176, 7457
20.6766, 7456
20.8472, 7455
20.8728, 7454
21.2492, 7453
21.2742, 7452
21.6256, 7451
21.6751, 7450
21.6759, 7449
21.7272, 7448
21.7784, 7447
21.7923, 7446
21.7930, 7445
21.8665, 7444
21.8677, 7443
22.5777, 7442
22.7485, 7441
22.9296, 7440
22.9429, 7439
23.3350, 7438
23.3357, 7437
23.5797, 7436
23.6062, 7435
23.7801, 7434
23.7808, 7433
23.9425, 7432
23.9562, 7431
24.0429, 7430
24.0565, 7429
24.1779, 7428
24.2052, 7427
24.2059, 7426
24.3757, 7425
24.4007, 7424
24.4991, 7423
24.5486, 7422
24.8028, 7421
24.8767, 7420
25.0105, 7419
25.0721, 7418
25.4381, 7417
25.4388, 7416
25.6987, 7415
25.6999, 7414
25.9350, 7413
26.0353, 7412
26.0364, 7411
26.1122, 7410
26.1379, 7409
26.4103, 7408
26.4363, 7407
26.7216, 7406
26.7492, 7405
26.7501, 7404
26.7508, 7403
26.7649, 7402
26.7656, 7401
26.8628, 7400
26.8881, 7399
27.0591, 7398
27.0600, 7397
27.2903, 7396
27.3036, 7395
27.3769, 7394
27.4382, 7393
27.7753, 7392
27.7893, 7391
27.8874, 7390
27.8882, 7389
28.0120, 7388
28.0373, 7387
28.2336, 7386
28.3446, 7385
28.3453, 7384
28.4322, 7383
28.4594, 7382
28.4735, 7381
28.4742, 7380
28.6561, 7379
28.7056, 7378
28.9239, 7377
28.9499, 7376
29.2772, 7375
29.2779, 7374
29.3874, 7373
29.4134, 7372
29.6200, 7371
29.6207, 7370
