0.0000, 5900
0.0005, 5899
0.0013, 5898
0.0018, 5897
0.0028, 5896
0.0036, 5895
0.0043, 5894
0.0050, 5893
0.0059, 5892
0.0064, 5891
0.0073, 5890
0.0078, 5889
0.0083, 5888
0.0089, 5887
0.0098, 5886
0.0108, 5885
0.0114, 5884
0.0126, 5883
0.0133, 5882
0.0144, 5881
0.0150, 5880
0.0159, 5879
0.0168, 5878
0.0178, 5877
0.0183, 5876
0.0188, 5875
0.0193, 5874
0.0199, 5873
0.0211, 5872
0.0216, 5871
0.0221, 5870
0.0227, 5869
0.0233, 5868
0.0239, 5867
0.0244, 5866
0.0249, 5865
0.0258, 5864
0.0266, 5863
0.0272, 5862
0.0278, 5861
0.0284, 5860
0.0290, 5859
0.0296, 5858
0.0301, 5857
0.0307, 5856
0.0313, 5855
0.0319, 5854
0.0324, 5853
0.0329, 5852
0.0340, 5851
0.0349, 5850
0.0354, 5849
0.0360, 5848
0.0367, 5847
0.0373, 5846
0.0378, 5845
0.0386, 5844
0.0392, 5843
0.0397, 5842
0.0402, 5841
0.0410, 5840
0.0417, 5839
0.0422, 5838
0.0428, 5837
0.0434, 5836
0.0440, 5835
0.0447, 5834
0.0452, 5833
0.0460, 5832
0.0465, 5831
0.0471, 5830
0.0479, 5829
0.0484, 5828
0.0489, 5827
0.0495, 5826
0.0504, 5825
0.0510, 5824
0.0516, 5823
0.0524, 5822
0.0530, 5821
0.0535, 5820
0.0540, 5819
0.0546, 5818
0.0551, 5817
0.0560, 5816
0.0565, 5815
0.0576, 5814
0.0585, 5813
0.0592, 5812
0.0598, 5811
0.0607, 5810
0.0614, 5809
0.0620, 5808
0.0627, 5807
0.0632, 5806
0.0640, 5805
0.0646, 5804
0.0652, 5803
0.0657, 5802
0.0662, 5801
0.0668, 5800
0.0677, 5799
0.0682, 5798
0.0689, 5797
0.0695, 5796
0.0701, 5795
0.0707, 5794
0.0714, 5793
0.0720, 5792
0.0725, 5791
0.0731, 5790
0.0736, 5789
0.0742, 5788
0.0748, 5787
0.0753, 5786
0.0766, 5785
0.0777, 5784
0.0785, 5783
0.0790, 5782
0.0796, 5781
0.0801, 5780
0.0808, 5779
0.0816, 5778
0.0822, 5777
0.0830, 5776
0.0837, 5775
0.0844, 5774
0.0850, 5773
0.0861, 5772
0.0868, 5771
0.0879, 5770
0.0886, 5769
0.0891, 5768
0.0899, 5767
0.0905, 5766
0.0912, 5765
0.0919, 5764
0.0925, 5763
0.0931, 5762
0.0936, 5761
0.0942, 5760
0.0951, 5759
0.0957, 5758
0.0962, 5757
0.0967, 5756
0.0973, 5755
0.0978, 5754
0.0987, 5753
0.0994, 5752
0.0999, 5751
0.1005, 5750
0.1010, 5749
0.1019, 5748
0.1025, 5747
0.1030, 5746
0.1039, 5745
0.1050, 5744
0.1056, 5743
0.1061, 5742
0.1067, 5741
0.1077, 5740
0.1083, 5739
0.1089, 5738
0.1095, 5737
0.1100, 5736
0.1106, 5735
0.1112, 5734
0.1117, 5733
0.1123, 5732
0.1129, 5731
0.1135, 5730
0.1140, 5729
0.1146, 5728
0.1151, 5727
0.1157, 5726
0.1163, 5725
0.1170, 5724
0.1177, 5723
0.1187, 5722
0.1194, 5721
0.1200, 5720
0.1207, 5719
0.1215, 5718
0.1225, 5717
0.1233, 5716
0.1243, 5715
0.1253, 5714
0.1259, 5713
0.1265, 5712
0.1271, 5711
0.1276, 5710
0.1282, 5709
0.1290, 5708
0.1297, 5707
0.1304, 5706
0.1309, 5705
0.1315, 5704
0.1320, 5703
0.1326, 5702
0.1332, 5701
0.1339, 5700
0.1349, 5699
0.1354, 5698
0.1360, 5697
0.1365, 5696
0.1376, 5695
0.1384, 5694
0.1390, 5693
0.1396, 5692
0.1401, 5691
0.1407, 5690
0.1412, 5689
0.1419, 5688
0.1425, 5687
0.1431, 5686
0.1440, 5685
0.1446, 5684
0.1452, 5683
0.1458, 5682
0.1464, 5681
0.1470, 5680
0.1476, 5679
0.1482, 5678
0.1489, 5677
0.1495, 5676
0.1501, 5675
0.1507, 5674
0.1512, 5673
0.1518, 5672
0.1524, 5671
0.1530, 5670
0.1536, 5669
0.1542, 5668
0.1548, 5667
0.1554, 5666
0.1560, 5665
0.1566, 5664
0.1572, 5663
0.1578, 5662
0.1588, 5661
0.1594, 5660
0.1603, 5659
0.1609, 5658
0.1620, 5657
0.1630, 5656
0.1640, 5655
0.1647, 5654
0.1654, 5653
0.1661, 5652
0.1667, 5651
0.1672, 5650
0.1678, 5649
0.1684, 5648
0.1692, 5647
0.1698, 5646
0.1703, 5645
0.1711, 5644
0.1716, 5643
0.1723, 5642
0.1729, 5641
0.1736, 5640
0.1744, 5639
0.1753, 5638
0.1759, 5637
0.1765, 5636
0.1771, 5635
0.1782, 5634
0.1789, 5633
0.1799, 5632
0.1808, 5631
0.1814, 5630
0.1823, 5629
0.1832, 5628
0.1839, 5627
0.1850, 5626
0.1858, 5625
0.1865, 5624
0.1873, 5623
0.1879, 5622
0.1885, 5621
0.1893, 5620
0.1899, 5619
0.1909, 5618
0.1915, 5617
0.1921, 5616
0.1926, 5615
0.1933, 5614
0.1942, 5613
0.1948, 5612
0.1954, 5611
0.1960, 5610
0.1968, 5609
0.1974, 5608
0.1980, 5607
0.1985, 5606
0.1991, 5605
0.1998, 5604
0.2003, 5603
0.2008, 5602
0.2014, 5601
0.2020, 5600
0.2025, 5599
0.2031, 5598
0.2036, 5597
0.2042, 5596
0.2048, 5595
0.2056, 5594
0.2062, 5593
0.2071, 5592
0.2077, 5591
0.2085, 5590
0.2093, 5589
0.2102, 5588
0.2108, 5587
0.2114, 5586
0.2120, 5585
0.2127, 5584
0.2137, 5583
0.2144, 5582
0.2150, 5581
0.2156, 5580
0.2163, 5579
0.2170, 5578
0.2176, 5577
0.2186, 5576
0.2192, 5575
0.2198, 5574
0.2205, 5573
0.2211, 5572
0.2217, 5571
0.2224, 5570
0.2233, 5569
0.2239, 5568
0.2249, 5567
0.2255, 5566
0.2260, 5565
0.2266, 5564
0.2274, 5563
0.2285, 5562
0.2292, 5561
0.2297, 5560
0.2304, 5559
0.2309, 5558
0.2315, 5557
0.2325, 5556
0.2331, 5555
0.2337, 5554
0.2343, 5553
0.2352, 5552
0.2358, 5551
0.2364, 5550
0.2371, 5549
0.2377, 5548
0.2384, 5547
0.2391, 5546
0.2397, 5545
0.2402, 5544
0.2407, 5543
0.2413, 5542
0.2420, 5541
0.2427, 5540
0.2432, 5539
0.2438, 5538
0.2444, 5537
0.2450, 5536
0.2456, 5535
0.2463, 5534
0.2471, 5533
0.2477, 5532
0.2484, 5531
0.2489, 5530
0.2495, 5529
0.2501, 5528
0.2507, 5527
0.2512, 5526
0.2520, 5525
0.2526, 5524
0.2534, 5523
0.2543, 5522
0.2553, 5521
0.2562, 5520
0.2569, 5519
0.2576, 5518
0.2581, 5517
0.2588, 5516
0.2594, 5515
0.2602, 5514
0.2608, 5513
0.2614, 5512
0.2620, 5511
0.2626, 5510
0.2631, 5509
0.2637, 5508
0.2643, 5507
0.2651, 5506
0.2656, 5505
0.2662, 5504
0.2667, 5503
0.2677, 5502
0.2683, 5501
0.2689, 5500
0.2695, 5499
0.2705, 5498
0.2711, 5497
0.2718, 5496
0.2724, 5495
0.2731, 5494
0.2737, 5493
0.2743, 5492
0.2749, 5491
0.2759, 5490
0.2767, 5489
0.2773, 5488
0.2779, 5487
0.2784, 5486
0.2790, 5485
0.2800, 5484
0.2806, 5483
0.2811, 5482
0.2821, 5481
0.2827, 5480
0.2833, 5479
0.2838, 5478
0.2844, 5477
0.2851, 5476
0.2857, 5475
0.2862, 5474
0.2871, 5473
0.2877, 5472
0.2883, 5471
0.2889, 5470
0.2895, 5469
0.2901, 5468
0.2907, 5467
0.2913, 5466
0.2924, 5465
0.2929, 5464
0.2935, 5463
0.2940, 5462
0.2947, 5461
0.2952, 5460
0.2959, 5459
0.2965, 5458
0.2971, 5457
0.2977, 5456
0.2985, 5455
0.2992, 5454
0.2998, 5453
0.3005, 5452
0.3010, 5451
0.3018, 5450
0.3023, 5449
0.3030, 5448
0.3036, 5447
0.3042, 5446
0.3048, 5445
0.3053, 5444
0.3064, 5443
0.3070, 5442
0.3076, 5441
0.3081, 5440
0.3087, 5439
0.3094, 5438
0.3103, 5437
0.3110, 5436
0.3117, 5435
0.3123, 5434
0.3129, 5433
0.3135, 5432
0.3145, 5431
0.3151, 5430
0.3157, 5429
0.3163, 5428
0.3169, 5427
0.3176, 5426
0.3185, 5425
0.3191, 5424
0.3198, 5423
0.3205, 5422
0.3212, 5421
0.3219, 5420
0.3228, 5419
0.3234, 5418
0.3240, 5417
0.3250, 5416
0.3256, 5415
0.3263, 5414
0.3268, 5413
0.3274, 5412
0.3280, 5411
0.3286, 5410
0.3291, 5409
0.3297, 5408
0.3302, 5407
0.3309, 5406
0.3317, 5405
0.3326, 5404
0.3334, 5403
0.3342, 5402
0.3347, 5401
0.3353, 5400
0.3361, 5399
0.3369, 5398
0.3377, 5397
0.3383, 5396
0.3390, 5395
0.3398, 5394
0.3406, 5393
0.3413, 5392
0.3420, 5391
0.3426, 5390
0.3431, 5389
0.3438, 5388
0.3444, 5387
0.3450, 5386
0.3459, 5385
0.3465, 5384
0.3472, 5383
0.3479, 5382
0.3486, 5381
0.3492, 5380
0.3498, 5379
0.3504, 5378
0.3512, 5377
0.3518, 5376
0.3525, 5375
0.3531, 5374
0.3538, 5373
0.3544, 5372
0.3550, 5371
0.3557, 5370
0.3564, 5369
0.3571, 5368
0.3578, 5367
0.3584, 5366
0.3592, 5365
0.3599, 5364
0.3606, 5363
0.3616, 5362
0.3623, 5361
0.3630, 5360
0.3638, 5359
0.3644, 5358
0.3651, 5357
0.3662, 5356
0.3668, 5355
0.3675, 5354
0.3681, 5353
0.3688, 5352
0.3694, 5351
0.3702, 5350
0.3709, 5349
0.3715, 5348
0.3721, 5347
0.3727, 5346
0.3736, 5345
0.3745, 5344
0.3751, 5343
0.3758, 5342
0.3764, 5341
0.3770, 5340
0.3776, 5339
0.3782, 5338
0.3788, 5337
0.3794, 5336
0.3800, 5335
0.3806, 5334
0.3814, 5333
0.3822, 5332
0.3833, 5331
0.3838, 5330
0.3845, 5329
0.3850, 5328
0.3857, 5327
0.3863, 5326
0.3870, 5325
0.3875, 5324
0.3881, 5323
0.3892, 5322
0.3901, 5321
0.3911, 5320
0.3919, 5319
0.3925, 5318
0.3931, 5317
0.3937, 5316
0.3945, 5315
0.3952, 5314
0.3959, 5313
0.3965, 5312
0.3974, 5311
0.3981, 5310
0.3986, 5309
0.3993, 5308
0.4002, 5307
0.4009, 5306
0.4016, 5305
0.4021, 5304
0.4027, 5303
0.4034, 5302
0.4040, 5301
0.4045, 5300
0.4052, 5299
0.4057, 5298
0.4064, 5297
0.4069, 5296
0.4077, 5295
0.4085, 5294
0.4090, 5293
0.4096, 5292
0.4104, 5291
0.4111, 5290
0.4118, 5289
0.4127, 5288
0.4133, 5287
0.4139, 5286
0.4146, 5285
0.4151, 5284
0.4158, 5283
0.4164, 5282
0.4170, 5281
0.4175, 5280
0.4182, 5279
0.4187, 5278
0.4193, 5277
0.4199, 5276
0.4207, 5275
0.4213, 5274
0.4222, 5273
0.4228, 5272
0.4234, 5271
0.4240, 5270
0.4247, 5269
0.4253, 5268
0.4259, 5267
0.4264, 5266
0.4271, 5265
0.4278, 5264
0.4285, 5263
0.4291, 5262
0.4297, 5261
0.4303, 5260
0.4311, 5259
0.4317, 5258
0.4323, 5257
0.4330, 5256
0.4338, 5255
0.4345, 5254
0.4354, 5253
0.4362, 5252
0.4369, 5251
0.4380, 5250
0.4386, 5249
0.4391, 5248
0.4398, 5247
0.4405, 5246
0.4412, 5245
0.4418, 5244
0.4425, 5243
0.4430, 5242
0.4436, 5241
0.4442, 5240
0.4448, 5239
0.4453, 5238
0.4460, 5237
0.4469, 5236
0.4474, 5235
0.4481, 5234
0.4487, 5233
0.4493, 5232
0.4500, 5231
0.4506, 5230
0.4512, 5229
0.4518, 5228
0.4525, 5227
0.4533, 5226
0.4539, 5225
0.4545, 5224
0.4555, 5223
0.4563, 5222
0.4570, 5221
0.4578, 5220
0.4585, 5219
0.4591, 5218
0.4596, 5217
0.4603, 5216
0.4610, 5215
0.4618, 5214
0.4623, 5213
0.4631, 5212
0.4638, 5211
0.4646, 5210
0.4655, 5209
0.4661, 5208
0.4668, 5207
0.4676, 5206
0.4684, 5205
0.4691, 5204
0.4699, 5203
0.4706, 5202
0.4713, 5201
0.4719, 5200
0.4727, 5199
0.4734, 5198
0.4741, 5197
0.4748, 5196
0.4755, 5195
0.4763, 5194
0.4769, 5193
0.4775, 5192
0.4781, 5191
0.4786, 5190
0.4794, 5189
0.4799, 5188
0.4805, 5187
0.4811, 5186
0.4817, 5185
0.4823, 5184
0.4830, 5183
0.4838, 5182
0.4845, 5181
0.4853, 5180
0.4862, 5179
0.4868, 5178
0.4877, 5177
0.4884, 5176
0.4890, 5175
0.4899, 5174
0.4906, 5173
0.4914, 5172
0.4920, 5171
0.4926, 5170
0.4932, 5169
0.4940, 5168
0.4946, 5167
0.4952, 5166
0.4959, 5165
0.4967, 5164
0.4973, 5163
0.4980, 5162
0.4987, 5161
0.4997, 5160
0.5005, 5159
0.5012, 5158
0.5019, 5157
0.5025, 5156
0.5030, 5155
0.5037, 5154
0.5044, 5153
0.5053, 5152
0.5060, 5151
0.5066, 5150
0.5073, 5149
0.5080, 5148
0.5086, 5147
0.5091, 5146
0.5096, 5145
0.5102, 5144
0.5109, 5143
0.5115, 5142
0.5120, 5141
0.5126, 5140
0.5132, 5139
0.5138, 5138
0.5145, 5137
0.5153, 5136
0.5159, 5135
0.5167, 5134
0.5173, 5133
0.5178, 5132
0.5184, 5131
0.5191, 5130
0.5198, 5129
0.5205, 5128
0.5211, 5127
0.5219, 5126
0.5227, 5125
0.5233, 5124
0.5238, 5123
0.5244, 5122
0.5250, 5121
0.5258, 5120
0.5263, 5119
0.5269, 5118
0.5274, 5117
0.5279, 5116
0.5284, 5115
0.5291, 5114
0.5299, 5113
0.5306, 5112
0.5314, 5111
0.5322, 5110
0.5328, 5109
0.5333, 5108
0.5339, 5107
0.5344, 5106
0.5351, 5105
0.5357, 5104
0.5364, 5103
0.5372, 5102
0.5378, 5101
0.5387, 5100
0.5394, 5099
0.5401, 5098
0.5409, 5097
0.5415, 5096
0.5422, 5095
0.5428, 5094
0.5434, 5093
0.5441, 5092
0.5447, 5091
0.5454, 5090
0.5459, 5089
0.5466, 5088
0.5474, 5087
0.5483, 5086
0.5489, 5085
0.5495, 5084
0.5501, 5083
0.5509, 5082
0.5515, 5081
0.5521, 5080
0.5528, 5079
0.5534, 5078
0.5540, 5077
0.5547, 5076
0.5552, 5075
0.5560, 5074
0.5567, 5073
0.5574, 5072
0.5580, 5071
0.5586, 5070
0.5591, 5069
0.5599, 5068
0.5608, 5067
0.5615, 5066
0.5622, 5065
0.5630, 5064
0.5641, 5063
0.5647, 5062
0.5654, 5061
0.5659, 5060
0.5667, 5059
0.5674, 5058
0.5679, 5057
0.5685, 5056
0.5690, 5055
0.5698, 5054
0.5704, 5053
0.5711, 5052
0.5717, 5051
0.5723, 5050
0.5729, 5049
0.5735, 5048
0.5743, 5047
0.5749, 5046
0.5759, 5045
0.5766, 5044
0.5772, 5043
0.5778, 5042
0.5784, 5041
0.5793, 5040
0.5799, 5039
0.5805, 5038
0.5814, 5037
0.5820, 5036
0.5825, 5035
0.5833, 5034
0.5840, 5033
0.5846, 5032
0.5853, 5031
0.5863, 5030
0.5869, 5029
0.5878, 5028
0.5883, 5027
0.5890, 5026
0.5896, 5025
0.5903, 5024
0.5909, 5023
0.5915, 5022
0.5922, 5021
0.5929, 5020
0.5939, 5019
0.5948, 5018
0.5954, 5017
0.5959, 5016
0.5965, 5015
0.5974, 5014
0.5981, 5013
0.5988, 5012
0.5995, 5011
0.6002, 5010
0.6009, 5009
0.6015, 5008
0.6020, 5007
0.6027, 5006
0.6036, 5005
0.6041, 5004
0.6050, 5003
0.6056, 5002
0.6061, 5001
0.6071, 5000
0.6077, 4999
0.6085, 4998
0.6091, 4997
0.6097, 4996
0.6104, 4995
0.6109, 4994
0.6115, 4993
0.6123, 4992
0.6128, 4991
0.6135, 4990
0.6143, 4989
0.6152, 4988
0.6160, 4987
0.6166, 4986
0.6172, 4985
0.6179, 4984
0.6186, 4983
0.6192, 4982
0.6199, 4981
0.6207, 4980
0.6216, 4979
0.6222, 4978
0.6227, 4977
0.6234, 4976
0.6244, 4975
0.6254, 4974
0.6259, 4973
0.6265, 4972
0.6272, 4971
0.6280, 4970
0.6285, 4969
0.6293, 4968
0.6300, 4967
0.6307, 4966
0.6314, 4965
0.6319, 4964
0.6325, 4963
0.6330, 4962
0.6337, 4961
0.6345, 4960
0.6350, 4959
0.6356, 4958
0.6361, 4957
0.6367, 4956
0.6375, 4955
0.6380, 4954
0.6386, 4953
0.6392, 4952
0.6399, 4951
0.6408, 4950
0.6417, 4949
0.6428, 4948
0.6433, 4947
0.6440, 4946
0.6448, 4945
0.6453, 4944
0.6459, 4943
0.6465, 4942
0.6470, 4941
0.6476, 4940
0.6481, 4939
0.6487, 4938
0.6493, 4937
0.6499, 4936
0.6506, 4935
0.6515, 4934
0.6523, 4933
0.6529, 4932
0.6534, 4931
0.6540, 4930
0.6547, 4929
0.6553, 4928
0.6558, 4927
0.6565, 4926
0.6572, 4925
0.6578, 4924
0.6585, 4923
0.6593, 4922
0.6599, 4921
0.6605, 4920
0.6611, 4919
0.6620, 4918
0.6629, 4917
0.6635, 4916
0.6643, 4915
0.6649, 4914
0.6654, 4913
0.6659, 4912
0.6665, 4911
0.6670, 4910
0.6675, 4909
0.6684, 4908
0.6690, 4907
0.6695, 4906
0.6701, 4905
0.6707, 4904
0.6712, 4903
0.6718, 4902
0.6725, 4901
0.6731, 4900
0.6740, 4899
0.6748, 4898
0.6753, 4897
0.6758, 4896
0.6763, 4895
0.6770, 4894
0.6777, 4893
0.6782, 4892
0.6790, 4891
0.6798, 4890
0.6805, 4889
0.6811, 4888
0.6816, 4887
0.6822, 4886
0.6828, 4885
0.6833, 4884
0.6839, 4883
0.6845, 4882
0.6851, 4881
0.6857, 4880
0.6863, 4879
0.6872, 4878
0.6877, 4877
0.6883, 4876
0.6891, 4875
0.6896, 4874
0.6901, 4873
0.6907, 4872
0.6915, 4871
0.6923, 4870
0.6930, 4869
0.6939, 4868
0.6945, 4867
0.6950, 4866
0.6955, 4865
0.6965, 4864
0.6973, 4863
0.6979, 4862
0.6984, 4861
0.6992, 4860
0.6999, 4859
0.7007, 4858
0.7012, 4857
0.7020, 4856
0.7029, 4855
0.7035, 4854
0.7045, 4853
0.7051, 4852
0.7056, 4851
0.7062, 4850
0.7071, 4849
0.7078, 4848
0.7085, 4847
0.7090, 4846
0.7095, 4845
0.7103, 4844
0.7108, 4843
0.7113, 4842
0.7118, 4841
0.7126, 4840
0.7133, 4839
0.7143, 4838
0.7150, 4837
0.7157, 4836
0.7161, 4835
0.7167, 4834
0.7174, 4833
0.7180, 4832
0.7185, 4831
0.7195, 4830
0.7200, 4829
0.7207, 4828
0.7213, 4827
0.7222, 4826
0.7231, 4825
0.7236, 4824
0.7243, 4823
0.7249, 4822
0.7255, 4821
0.7261, 4820
0.7266, 4819
0.7273, 4818
0.7278, 4817
0.7284, 4816
0.7289, 4815
0.7294, 4814
0.7303, 4813
0.7313, 4812
0.7319, 4811
0.7325, 4810
0.7334, 4809
0.7339, 4808
0.7343, 4807
0.7348, 4806
0.7354, 4805
0.7362, 4804
0.7371, 4803
0.7376, 4802
0.7382, 4801
0.7389, 4800
0.7395, 4799
0.7400, 4798
0.7405, 4797
0.7412, 4796
0.7418, 4795
0.7424, 4794
0.7431, 4793
0.7437, 4792
0.7444, 4791
0.7449, 4790
0.7458, 4789
0.7464, 4788
0.7470, 4787
0.7476, 4786
0.7482, 4785
0.7487, 4784
0.7493, 4783
0.7500, 4782
0.7506, 4781
0.7514, 4780
0.7523, 4779
0.7528, 4778
0.7536, 4777
0.7541, 4776
0.7547, 4775
0.7552, 4774
0.7562, 4773
0.7567, 4772
0.7575, 4771
0.7580, 4770
0.7586, 4769
0.7594, 4768
0.7601, 4767
0.7605, 4766
0.7611, 4765
0.7621, 4764
0.7629, 4763
0.7635, 4762
0.7642, 4761
0.7647, 4760
0.7653, 4759
0.7664, 4758
0.7670, 4757
0.7676, 4756
0.7684, 4755
0.7689, 4754
0.7695, 4753
0.7700, 4752
0.7705, 4751
0.7713, 4750
0.7719, 4749
0.7724, 4748
0.7730, 4747
0.7739, 4746
0.7745, 4745
0.7753, 4744
0.7761, 4743
0.7769, 4742
0.7777, 4741
0.7783, 4740
0.7788, 4739
0.7794, 4738
0.7799, 4737
0.7806, 4736
0.7814, 4735
0.7819, 4734
0.7826, 4733
0.7831, 4732
0.7836, 4731
0.7844, 4730
0.7850, 4729
0.7855, 4728
0.7860, 4727
0.7869, 4726
0.7876, 4725
0.7885, 4724
0.7893, 4723
0.7898, 4722
0.7906, 4721
0.7914, 4720
0.7920, 4719
0.7925, 4718
0.7930, 4717
0.7938, 4716
0.7946, 4715
0.7954, 4714
0.7962, 4713
0.7967, 4712
0.7975, 4711
0.7983, 4710
0.7992, 4709
0.7999, 4708
0.8008, 4707
0.8014, 4706
0.8022, 4705
0.8029, 4704
0.8036, 4703
0.8045, 4702
0.8054, 4701
0.8062, 4700
0.8071, 4699
0.8079, 4698
0.8086, 4697
0.8093, 4696
0.8102, 4695
0.8109, 4694
0.8119, 4693
0.8127, 4692
0.8136, 4691
0.8146, 4690
0.9770, 4689
1.2140, 4688
1.2537, 4687
1.3523, 4686
1.6267, 4685
1.6659, 4684
1.7637, 4683
1.8415, 4682
1.9599, 4681
2.1770, 4680
2.2360, 4679
2.3537, 4678
2.4911, 4677
2.5892, 4676
2.8639, 4675
2.8840, 4674
2.9830, 4673
3.1596, 4672
3.1603, 4671
3.2596, 4670
3.3382, 4669
3.4176, 4668
3.4769, 4667
3.6367, 4666
3.6375, 4665
3.7249, 4664
3.7255, 4663
4.2170, 4662
4.2994, 4661
4.7585, 4660
4.7983, 4659
4.9166, 4658
4.9950, 4657
5.1734, 4656
5.3523, 4655
5.8067, 4654
5.9210, 4653
5.9217, 4652
6.4426, 4651
6.5811, 4650
6.7006, 4649
7.3297, 4648
7.5476, 4647
7.5484, 4646
7.8532, 4645
7.8539, 4644
7.9172, 4643
7.9178, 4642
7.9574, 4641
8.4716, 4640
8.5311, 4639
8.5709, 4638
8.7884, 4637
9.0631, 4636
9.2212, 4635
9.3779, 4634
9.4195, 4633
9.7155, 4632
9.9894, 4631
