0.0000, 5900
0.0005, 5899
0.0012, 5898
0.0018, 5897
0.0028, 5896
0.0036, 5895
0.0043, 5894
0.0050, 5893
0.0059, 5892
0.0065, 5891
0.0074, 5890
0.0079, 5889
0.0084, 5888
0.0090, 5887
0.0100, 5886
0.0110, 5885
0.0116, 5884
0.0130, 5883
0.0137, 5882
0.0148, 5881
0.0154, 5880
0.0185, 5879
0.0195, 5878
0.0205, 5877
0.0210, 5876
0.0216, 5875
0.0221, 5874
0.0228, 5873
0.0240, 5872
0.0245, 5871
0.0251, 5870
0.0256, 5869
0.0264, 5868
0.0269, 5867
0.0274, 5866
0.0280, 5865
0.0289, 5864
0.0297, 5863
0.0304, 5862
0.0309, 5861
0.0316, 5860
0.0323, 5859
0.0328, 5858
0.0333, 5857
0.0340, 5856
0.0346, 5855
0.0352, 5854
0.0357, 5853
0.0363, 5852
0.0374, 5851
0.0383, 5850
0.0389, 5849
0.0394, 5848
0.0401, 5847
0.0407, 5846
0.0412, 5845
0.0421, 5844
0.0426, 5843
0.0431, 5842
0.0437, 5841
0.0445, 5840
0.0452, 5839
0.0457, 5838
0.0462, 5837
0.0469, 5836
0.0475, 5835
0.0481, 5834
0.0486, 5833
0.0494, 5832
0.0499, 5831
0.0504, 5830
0.0512, 5829
0.0517, 5828
0.0522, 5827
0.0528, 5826
0.0537, 5825
0.0542, 5824
0.0548, 5823
0.0556, 5822
0.0561, 5821
0.0566, 5820
0.0572, 5819
0.0577, 5818
0.0583, 5817
0.0592, 5816
0.0597, 5815
0.0608, 5814
0.0618, 5813
0.0625, 5812
0.0631, 5811
0.0640, 5810
0.0647, 5809
0.0653, 5808
0.0659, 5807
0.0664, 5806
0.0673, 5805
0.0678, 5804
0.0683, 5803
0.0688, 5802
0.0693, 5801
0.0699, 5800
0.0707, 5799
0.0712, 5798
0.0718, 5797
0.0724, 5796
0.0731, 5795
0.0736, 5794
0.0744, 5793
0.0749, 5792
0.0755, 5791
0.0760, 5790
0.0766, 5789
0.0771, 5788
0.0778, 5787
0.0783, 5786
0.0795, 5785
0.0805, 5784
0.0814, 5783
0.0819, 5782
0.0824, 5781
0.0829, 5780
0.0836, 5779
0.0844, 5778
0.0850, 5777
0.0858, 5776
0.0864, 5775
0.0870, 5774
0.0877, 5773
0.0888, 5772
0.0894, 5771
0.0906, 5770
0.0912, 5769
0.0918, 5768
0.0926, 5767
0.0932, 5766
0.0939, 5765
0.0949, 5764
0.0955, 5763
0.0961, 5762
0.0966, 5761
0.0971, 5760
0.0981, 5759
0.0986, 5758
0.0991, 5757
0.0997, 5756
0.1002, 5755
0.1007, 5754
0.1015, 5753
0.1022, 5752
0.1027, 5751
0.1033, 5750
0.1038, 5749
0.1046, 5748
0.1052, 5747
0.1057, 5746
0.1066, 5745
0.1077, 5744
0.1083, 5743
0.1089, 5742
0.1095, 5741
0.1105, 5740
0.1110, 5739
0.1116, 5738
0.1122, 5737
0.1127, 5736
0.1132, 5735
0.1138, 5734
0.1143, 5733
0.1150, 5732
0.1155, 5731
0.1161, 5730
0.1166, 5729
0.1172, 5728
0.1177, 5727
0.1182, 5726
0.1188, 5725
0.1196, 5724
0.1202, 5723
0.1212, 5722
0.1219, 5721
0.1224, 5720
0.1231, 5719
0.1239, 5718
0.1249, 5717
0.1258, 5716
0.1267, 5715
0.1277, 5714
0.1283, 5713
0.1289, 5712
0.1295, 5711
0.1300, 5710
0.1306, 5709
0.1314, 5708
0.1321, 5707
0.1327, 5706
0.1332, 5705
0.1338, 5704
0.1343, 5703
0.1349, 5702
0.1354, 5701
0.1361, 5700
0.1371, 5699
0.1376, 5698
0.1381, 5697
0.1386, 5696
0.1398, 5695
0.1405, 5694
0.1411, 5693
0.1417, 5692
0.1423, 5691
0.1428, 5690
0.1434, 5689
0.1441, 5688
0.1446, 5687
0.1452, 5686
0.1461, 5685
0.1467, 5684
0.1474, 5683
0.1480, 5682
0.1486, 5681
0.1492, 5680
0.1499, 5679
0.1505, 5678
0.1511, 5677
0.1518, 5676
0.1524, 5675
0.1530, 5674
0.1535, 5673
0.1541, 5672
0.1547, 5671
0.1553, 5670
0.1560, 5669
0.1566, 5668
0.1572, 5667
0.1578, 5666
0.1584, 5665
0.1590, 5664
0.1596, 5663
0.1602, 5662
0.1613, 5661
0.1619, 5660
0.1628, 5659
0.1635, 5658
0.1647, 5657
0.1657, 5656
0.1667, 5655
0.1674, 5654
0.1682, 5653
0.1688, 5652
0.1695, 5651
0.1700, 5650
0.1706, 5649
0.1712, 5648
0.1720, 5647
0.1726, 5646
0.1732, 5645
0.1740, 5644
0.1746, 5643
0.2267, 5642
0.2274, 5641
0.2282, 5640
0.2290, 5639
0.2300, 5638
0.2306, 5637
0.2312, 5636
0.2319, 5635
0.2330, 5634
0.2337, 5633
0.2348, 5632
0.2357, 5631
0.2363, 5630
0.2374, 5629
0.2383, 5628
0.2390, 5627
0.2401, 5626
0.2410, 5625
0.2417, 5624
0.2426, 5623
0.2432, 5622
0.2439, 5621
0.2446, 5620
0.2453, 5619
0.2463, 5618
0.2499, 5617
0.2519, 5616
0.2536, 5615
0.2544, 5614
0.2559, 5613
0.2574, 5612
0.2600, 5611
0.2607, 5610
0.2615, 5609
0.2622, 5608
0.2628, 5607
0.2634, 5606
0.2641, 5605
0.2648, 5604
0.2653, 5603
0.2659, 5602
0.2665, 5601
0.2670, 5600
0.2676, 5599
0.2682, 5598
0.2687, 5597
0.2693, 5596
0.2699, 5595
0.2708, 5594
0.2713, 5593
0.2723, 5592
0.2729, 5591
0.2737, 5590
0.2745, 5589
0.2754, 5588
0.2761, 5587
0.2768, 5586
0.2773, 5585
0.2781, 5584
0.2791, 5583
0.2798, 5582
0.2804, 5581
0.2809, 5580
0.2816, 5579
0.2823, 5578
0.2829, 5577
0.2839, 5576
0.2845, 5575
0.2851, 5574
0.2859, 5573
0.2864, 5572
0.2870, 5571
0.2877, 5570
0.2886, 5569
0.2892, 5568
0.2901, 5567
0.2906, 5566
0.2912, 5565
0.2919, 5564
0.2926, 5563
0.2938, 5562
0.2945, 5561
0.2951, 5560
0.2957, 5559
0.2962, 5558
0.2968, 5557
0.2978, 5556
0.2984, 5555
0.2990, 5554
0.2997, 5553
0.3005, 5552
0.3011, 5551
0.3017, 5550
0.3024, 5549
0.3030, 5548
0.3036, 5547
0.3043, 5546
0.3049, 5545
0.3054, 5544
0.3060, 5543
0.3065, 5542
0.3072, 5541
0.3078, 5540
0.3084, 5539
0.3090, 5538
0.3096, 5537
0.3102, 5536
0.3107, 5535
0.3115, 5534
0.3123, 5533
0.3128, 5532
0.3134, 5531
0.3140, 5530
0.3146, 5529
0.3151, 5528
0.3157, 5527
0.3162, 5526
0.3170, 5525
0.3176, 5524
0.3183, 5523
0.3192, 5522
0.3202, 5521
0.3211, 5520
0.3218, 5519
0.3224, 5518
0.3230, 5517
0.3237, 5516
0.3243, 5515
0.3252, 5514
0.3258, 5513
0.3264, 5512
0.3271, 5511
0.3276, 5510
0.3282, 5509
0.3288, 5508
0.3294, 5507
0.3301, 5506
0.3306, 5505
0.3312, 5504
0.3318, 5503
0.3328, 5502
0.3333, 5501
0.3339, 5500
0.3345, 5499
0.3354, 5498
0.3361, 5497
0.3368, 5496
0.3373, 5495
0.3380, 5494
0.3387, 5493
0.3393, 5492
0.3398, 5491
0.3408, 5490
0.3417, 5489
0.3423, 5488
0.3429, 5487
0.3434, 5486
0.3440, 5485
0.3449, 5484
0.3455, 5483
0.3460, 5482
0.3470, 5481
0.3476, 5480
0.3482, 5479
0.3487, 5478
0.3493, 5477
0.3499, 5476
0.3505, 5475
0.3511, 5474
0.3518, 5473
0.3525, 5472
0.3531, 5471
0.3537, 5470
0.3543, 5469
0.3548, 5468
0.3554, 5467
0.3560, 5466
0.3570, 5465
0.3576, 5464
0.3581, 5463
0.3587, 5462
0.3593, 5461
0.3599, 5460
0.3605, 5459
0.3611, 5458
0.3617, 5457
0.3623, 5456
0.3632, 5455
0.3638, 5454
0.3644, 5453
0.3651, 5452
0.3656, 5451
0.3663, 5450
0.3669, 5449
0.3676, 5448
0.3682, 5447
0.3688, 5446
0.3693, 5445
0.3699, 5444
0.3709, 5443
0.3715, 5442
0.3721, 5441
0.3726, 5440
0.3733, 5439
0.3739, 5438
0.3748, 5437
0.3756, 5436
0.3762, 5435
0.3768, 5434
0.3774, 5433
0.3780, 5432
0.3790, 5431
0.3796, 5430
0.3801, 5429
0.3807, 5428
0.3813, 5427
0.3820, 5426
0.3829, 5425
0.3834, 5424
0.3841, 5423
0.3848, 5422
0.3855, 5421
0.3861, 5420
0.3871, 5419
0.3877, 5418
0.3882, 5417
0.3892, 5416
0.3898, 5415
0.3905, 5414
0.3911, 5413
0.3917, 5412
0.3923, 5411
0.3928, 5410
0.3933, 5409
0.3939, 5408
0.3944, 5407
0.3951, 5406
0.3959, 5405
0.3967, 5404
0.3975, 5403
0.3983, 5402
0.3988, 5401
0.3994, 5400
0.4001, 5399
0.4010, 5398
0.4017, 5397
0.4023, 5396
0.4030, 5395
0.4038, 5394
0.4046, 5393
0.4052, 5392
0.4059, 5391
0.4064, 5390
0.4070, 5389
0.4076, 5388
0.4082, 5387
0.4088, 5386
0.4096, 5385
0.4102, 5384
0.4109, 5383
0.4115, 5382
0.4123, 5381
0.4129, 5380
0.4134, 5379
0.4140, 5378
0.4148, 5377
0.4154, 5376
0.4160, 5375
0.4166, 5374
0.4173, 5373
0.4180, 5372
0.4185, 5371
0.4192, 5370
0.4199, 5369
0.4206, 5368
0.4213, 5367
0.4218, 5366
0.4226, 5365
0.4232, 5364
0.4239, 5363
0.4249, 5362
0.4255, 5361
0.4263, 5360
0.4270, 5359
0.4276, 5358
0.4283, 5357
0.4294, 5356
0.4299, 5355
0.4306, 5354
0.4312, 5353
0.4319, 5352
0.4325, 5351
0.4333, 5350
0.4339, 5349
0.4345, 5348
0.4351, 5347
0.4357, 5346
0.4366, 5345
0.4374, 5344
0.4380, 5343
0.4387, 5342
0.4393, 5341
0.4398, 5340
0.4404, 5339
0.4410, 5338
0.4416, 5337
0.4422, 5336
0.4428, 5335
0.4434, 5334
0.4441, 5333
0.4450, 5332
0.4460, 5331
0.4465, 5330
0.4471, 5329
0.4476, 5328
0.4483, 5327
0.4489, 5326
0.4495, 5325
0.4500, 5324
0.4506, 5323
0.4517, 5322
0.4526, 5321
0.4535, 5320
0.4543, 5319
0.4549, 5318
0.4555, 5317
0.4560, 5316
0.4568, 5315
0.4575, 5314
0.4581, 5313
0.4588, 5312
0.4596, 5311
0.4603, 5310
0.4608, 5309
0.4614, 5308
0.4624, 5307
0.4631, 5306
0.4637, 5305
0.4642, 5304
0.4648, 5303
0.4655, 5302
0.4660, 5301
0.4666, 5300
0.4672, 5299
0.4678, 5298
0.4684, 5297
0.4689, 5296
0.4697, 5295
0.4704, 5294
0.4709, 5293
0.4715, 5292
0.4723, 5291
0.4730, 5290
0.4736, 5289
0.4745, 5288
0.4751, 5287
0.4756, 5286
0.4763, 5285
0.4768, 5284
0.4775, 5283
0.4781, 5282
0.4786, 5281
0.4792, 5280
0.4798, 5279
0.4803, 5278
0.4809, 5277
0.4815, 5276
0.4822, 5275
0.4829, 5274
0.4838, 5273
0.4843, 5272
0.4849, 5271
0.4854, 5270
0.4861, 5269
0.4868, 5268
0.4873, 5267
0.4879, 5266
0.4885, 5265
0.4892, 5264
0.4899, 5263
0.4905, 5262
0.4911, 5261
0.4917, 5260
0.4925, 5259
0.4930, 5258
0.4936, 5257
0.4943, 5256
0.4950, 5255
0.4957, 5254
0.4967, 5253
0.4974, 5252
0.4982, 5251
0.4992, 5250
0.4998, 5249
0.5003, 5248
0.5010, 5247
0.5017, 5246
0.5023, 5245
0.5029, 5244
0.5036, 5243
0.5041, 5242
0.5046, 5241
0.5053, 5240
0.5059, 5239
0.5064, 5238
0.5070, 5237
0.5079, 5236
0.5084, 5235
0.5090, 5234
0.5096, 5233
0.5102, 5232
0.5109, 5231
0.5115, 5230
0.5120, 5229
0.5126, 5228
0.5133, 5227
0.5141, 5226
0.5146, 5225
0.5152, 5224
0.5161, 5223
0.5170, 5222
0.5176, 5221
0.5184, 5220
0.5191, 5219
0.5197, 5218
0.5202, 5217
0.5209, 5216
0.5216, 5215
0.5223, 5214
0.5228, 5213
0.5236, 5212
0.5243, 5211
0.5251, 5210
0.5259, 5209
0.5265, 5208
0.5272, 5207
0.5280, 5206
0.5287, 5205
0.5294, 5204
0.5302, 5203
0.5308, 5202
0.5315, 5201
0.5321, 5200
0.5329, 5199
0.5336, 5198
0.5343, 5197
0.5349, 5196
0.5355, 5195
0.5364, 5194
0.5369, 5193
0.5375, 5192
0.5381, 5191
0.5386, 5190
0.5394, 5189
0.5399, 5188
0.5404, 5187
0.5410, 5186
0.5416, 5185
0.5423, 5184
0.5429, 5183
0.5437, 5182
0.5444, 5181
0.5452, 5180
0.5461, 5179
0.5467, 5178
0.5476, 5177
0.5482, 5176
0.5488, 5175
0.5497, 5174
0.5504, 5173
0.5512, 5172
0.5517, 5171
0.5523, 5170
0.5529, 5169
0.5537, 5168
0.5543, 5167
0.5548, 5166
0.5555, 5165
0.5563, 5164
0.5569, 5163
0.5577, 5162
0.5584, 5161
0.5593, 5160
0.5601, 5159
0.5608, 5158
0.5615, 5157
0.5621, 5156
0.5626, 5155
0.5633, 5154
0.5640, 5153
0.5648, 5152
0.5655, 5151
0.5661, 5150
0.5667, 5149
0.5674, 5148
0.5680, 5147
0.5685, 5146
0.5690, 5145
0.5695, 5144
0.5702, 5143
0.5708, 5142
0.5714, 5141
0.5719, 5140
0.5725, 5139
0.5731, 5138
0.5738, 5137
0.5746, 5136
0.5753, 5135
0.5760, 5134
0.5766, 5133
0.5772, 5132
0.5778, 5131
0.5785, 5130
0.5791, 5129
0.5798, 5128
0.5804, 5127
0.5812, 5126
0.5819, 5125
0.5825, 5124
0.5831, 5123
0.5836, 5122
0.5842, 5121
0.5849, 5120
0.5854, 5119
0.5860, 5118
0.5865, 5117
0.5870, 5116
0.5876, 5115
0.5882, 5114
0.5890, 5113
0.5898, 5112
0.5905, 5111
0.5913, 5110
0.5919, 5109
0.5925, 5108
0.5931, 5107
0.5937, 5106
0.5944, 5105
0.5950, 5104
0.5957, 5103
0.5965, 5102
0.5972, 5101
0.5983, 5100
0.5990, 5099
0.5997, 5098
0.6005, 5097
0.6010, 5096
0.6018, 5095
0.6023, 5094
0.6029, 5093
0.6036, 5092
0.6042, 5091
0.6049, 5090
0.6054, 5089
0.6061, 5088
0.6068, 5087
0.6077, 5086
0.6083, 5085
0.6089, 5084
0.6095, 5083
0.6102, 5082
0.6109, 5081
0.6114, 5080
0.6121, 5079
0.6127, 5078
0.6133, 5077
0.6139, 5076
0.6145, 5075
0.6152, 5074
0.6159, 5073
0.6166, 5072
0.6172, 5071
0.6177, 5070
0.6182, 5069
0.6190, 5068
0.6200, 5067
0.6206, 5066
0.6213, 5065
0.6220, 5064
0.6231, 5063
0.6237, 5062
0.6244, 5061
0.6250, 5060
0.6258, 5059
0.6264, 5058
0.6269, 5057
0.6275, 5056
0.6280, 5055
0.6287, 5054
0.6294, 5053
0.6300, 5052
0.6306, 5051
0.6311, 5050
0.6317, 5049
0.6323, 5048
0.6331, 5047
0.6337, 5046
0.6347, 5045
0.6353, 5044
0.6359, 5043
0.6365, 5042
0.6371, 5041
0.6380, 5040
0.6385, 5039
0.6391, 5038
0.6399, 5037
0.6405, 5036
0.6410, 5035
0.6418, 5034
0.6425, 5033
0.6431, 5032
0.6437, 5031
0.6446, 5030
0.6453, 5029
0.6461, 5028
0.6466, 5027
0.6473, 5026
0.6479, 5025
0.6485, 5024
0.6492, 5023
0.6497, 5022
0.6504, 5021
0.6511, 5020
0.6521, 5019
0.6530, 5018
0.6535, 5017
0.6540, 5016
0.6546, 5015
0.6555, 5014
0.6561, 5013
0.6568, 5012
0.6576, 5011
0.6582, 5010
0.6589, 5009
0.6595, 5008
0.6600, 5007
0.6606, 5006
0.6615, 5005
0.6620, 5004
0.6628, 5003
0.6634, 5002
0.6640, 5001
0.6649, 5000
0.6655, 4999
0.6663, 4998
0.6669, 4997
0.6675, 4996
0.6681, 4995
0.6686, 4994
0.6692, 4993
0.6700, 4992
0.6705, 4991
0.6712, 4990
0.6720, 4989
0.6730, 4988
0.6737, 4987
0.6744, 4986
0.6750, 4985
0.6757, 4984
0.6764, 4983
0.6770, 4982
0.6778, 4981
0.6786, 4980
0.6796, 4979
0.6801, 4978
0.6806, 4977
0.6813, 4976
0.6823, 4975
0.6832, 4974
0.6837, 4973
0.6843, 4972
0.6850, 4971
0.6857, 4970
0.6862, 4969
0.6870, 4968
0.6877, 4967
0.6884, 4966
0.6891, 4965
0.6896, 4964
0.6902, 4963
0.6907, 4962
0.6915, 4961
0.6923, 4960
0.6928, 4959
0.6934, 4958
0.6939, 4957
0.6945, 4956
0.6953, 4955
0.6958, 4954
0.6963, 4953
0.6969, 4952
0.6977, 4951
0.6986, 4950
0.6994, 4949
0.7005, 4948
0.7011, 4947
0.7017, 4946
0.7026, 4945
0.7031, 4944
0.7037, 4943
0.7042, 4942
0.7047, 4941
0.7053, 4940
0.7058, 4939
0.7065, 4938
0.7070, 4937
0.7077, 4936
0.7083, 4935
0.7092, 4934
0.7101, 4933
0.7106, 4932
0.7112, 4931
0.7118, 4930
0.7124, 4929
0.7131, 4928
0.7136, 4927
0.7143, 4926
0.7150, 4925
0.7156, 4924
0.7162, 4923
0.7170, 4922
0.7176, 4921
0.7182, 4920
0.7188, 4919
0.7197, 4918
0.7206, 4917
0.7211, 4916
0.7220, 4915
0.7224, 4914
0.7230, 4913
0.7235, 4912
0.7240, 4911
0.7246, 4910
0.7251, 4909
0.7260, 4908
0.7265, 4907
0.7270, 4906
0.7277, 4905
0.7282, 4904
0.7287, 4903
0.7292, 4902
0.7299, 4901
0.7304, 4900
0.7314, 4899
0.7321, 4898
0.7326, 4897
0.7331, 4896
0.7336, 4895
0.7343, 4894
0.7349, 4893
0.7354, 4892
0.7363, 4891
0.7370, 4890
0.7377, 4889
0.7382, 4888
0.7388, 4887
0.7394, 4886
0.7399, 4885
0.7405, 4884
0.7411, 4883
0.7417, 4882
0.7423, 4881
0.7428, 4880
0.7435, 4879
0.7443, 4878
0.7448, 4877
0.7454, 4876
0.7461, 4875
0.7467, 4874
0.7472, 4873
0.7477, 4872
0.7485, 4871
0.7493, 4870
0.7500, 4869
0.7508, 4868
0.7514, 4867
0.7519, 4866
0.7524, 4865
0.7533, 4864
0.7541, 4863
0.7547, 4862
0.7553, 4861
0.7560, 4860
0.7567, 4859
0.7575, 4858
0.7580, 4857
0.7588, 4856
0.7596, 4855
0.7602, 4854
0.7613, 4853
0.7618, 4852
0.7623, 4851
0.7629, 4850
0.7638, 4849
0.7644, 4848
0.7651, 4847
0.7657, 4846
0.7662, 4845
0.7669, 4844
0.7674, 4843
0.7679, 4842
0.7684, 4841
0.7691, 4840
0.7698, 4839
0.7708, 4838
0.7715, 4837
0.7721, 4836
0.7726, 4835
0.7731, 4834
0.7738, 4833
0.7744, 4832
0.7749, 4831
0.7758, 4830
0.7764, 4829
0.7770, 4828
0.7776, 4827
0.7785, 4826
0.7794, 4825
0.7799, 4824
0.7806, 4823
0.7811, 4822
0.7817, 4821
0.7823, 4820
0.7828, 4819
0.7834, 4818
0.7840, 4817
0.7845, 4816
0.7850, 4815
0.7855, 4814
0.7864, 4813
0.7873, 4812
0.7879, 4811
0.7884, 4810
0.7893, 4809
0.7898, 4808
0.7903, 4807
0.7908, 4806
0.7913, 4805
0.7922, 4804
0.7930, 4803
0.7935, 4802
0.7941, 4801
0.7947, 4800
0.7953, 4799
0.7959, 4798
0.7964, 4797
0.7969, 4796
0.7975, 4795
0.7982, 4794
0.7989, 4793
0.7994, 4792
0.8002, 4791
0.8007, 4790
0.8015, 4789
0.8020, 4788
0.8027, 4787
0.8032, 4786
0.8037, 4785
0.8043, 4784
0.8048, 4783
0.8055, 4782
0.8060, 4781
0.8069, 4780
0.8077, 4779
0.8082, 4778
0.8090, 4777
0.8095, 4776
0.8101, 4775
0.8106, 4774
0.8115, 4773
0.8121, 4772
0.8128, 4771
0.8133, 4770
0.8139, 4769
0.8147, 4768
0.8154, 4767
0.8158, 4766
0.8164, 4765
0.8173, 4764
0.8181, 4763
0.8187, 4762
0.8193, 4761
0.8198, 4760
0.8204, 4759
0.8215, 4758
0.8221, 4757
0.8226, 4756
0.8234, 4755
0.8239, 4754
0.8245, 4753
0.8250, 4752
0.8255, 4751
0.8263, 4750
0.8268, 4749
0.8273, 4748
0.8279, 4747
0.8288, 4746
0.8294, 4745
0.8301, 4744
0.8309, 4743
0.8317, 4742
0.8325, 4741
0.8330, 4740
0.8335, 4739
0.8341, 4738
0.8346, 4737
0.8353, 4736
0.8361, 4735
0.8366, 4734
0.8372, 4733
0.8377, 4732
0.8382, 4731
0.8390, 4730
0.8395, 4729
0.8400, 4728
0.8405, 4727
0.8414, 4726
0.8422, 4725
0.8431, 4724
0.8440, 4723
0.8444, 4722
0.8452, 4721
0.8460, 4720
0.8465, 4719
0.8470, 4718
0.8475, 4717
0.8483, 4716
0.8491, 4715
0.8498, 4714
0.8507, 4713
0.8511, 4712
0.8519, 4711
0.8527, 4710
0.8537, 4709
0.8543, 4708
0.8552, 4707
0.8557, 4706
0.8566, 4705
0.8573, 4704
0.8580, 4703
0.8589, 4702
0.8598, 4701
0.8605, 4700
0.8614, 4699
0.8622, 4698
0.8629, 4697
0.8636, 4696
0.8644, 4695
0.8651, 4694
0.8660, 4693
0.8669, 4692
0.8679, 4691
0.8688, 4690
1.0548, 4689
1.3167, 4688
1.3172, 4687
1.4016, 4686
1.6979, 4685
1.7576, 4684
1.8368, 4683
1.9353, 4682
2.0573, 4681
2.2788, 4680
2.3384, 4679
2.5754, 4678
2.6152, 4677
2.6958, 4676
2.9792, 4675
2.9994, 4674
3.0991, 4673
3.3260, 4672
3.3267, 4671
3.3912, 4670
3.5134, 4669
3.5142, 4668
3.6127, 4667
3.7534, 4666
3.7540, 4665
3.7547, 4664
3.8151, 4663
4.3350, 4662
4.3547, 4661
4.8126, 4660
4.8526, 4659
4.9917, 4658
5.0714, 4657
5.1714, 4656
5.4507, 4655
5.8887, 4654
5.9679, 4653
5.9684, 4652
6.4842, 4651
6.6240, 4650
6.7259, 4649
7.4037, 4648
7.5818, 4647
7.6020, 4646
7.8846, 4645
7.8852, 4644
7.9657, 4643
7.9664, 4642
8.0255, 4641
8.4226, 4640
8.5812, 4639
8.5821, 4638
8.8798, 4637
9.0624, 4636
9.3639, 4635
9.4045, 4634
9.5078, 4633
9.7481, 4632
9.9731, 4631
