0.1095, 4688
0.1402, 4687
0.1710, 4686
0.1818, 4683
0.1921, 4682
0.2667, 4677
0.2818, 4673
0.3723, 4672
0.4334, 4671
0.4734, 4670
0.4840, 4669
0.5862, 4667
0.7078, 4666
0.7394, 4662
0.7803, 4661
0.7905, 4660
0.8114, 4655
0.8218, 4654
0.9131, 4653
0.9538, 4652
1.0153, 4651
1.0263, 4648
1.1287, 4647
1.2744, 4645
1.2853, 4642
1.3161, 4639
1.3570, 4638
1.4178, 4637
1.4684, 4636
1.4787, 4635
1.5094, 4634
1.5706, 4633
1.7230, 4632
1.8556, 4631
1.8762, 4630
2.1110, 4629
2.3761, 4627
2.4066, 4626
2.4382, 4625
2.4490, 4623
2.5827, 4619
2.6236, 4618
2.9513, 4617
2.9718, 4616
2.9823, 4615
3.0333, 4614
3.0436, 4613
3.0948, 4609
3.2276, 4608
3.2491, 4607
3.4179, 4606
3.4541, 4604
3.4745, 4603
3.5251, 4602
3.5855, 4601
3.6461, 4600
3.7391, 4599
3.7502, 4598
4.3245, 4597
4.3754, 4595
4.3863, 4594
4.4682, 4593
4.4786, 4592
4.5308, 4591
4.6021, 4590
4.6229, 4588
4.7555, 4587
4.8572, 4586
5.2673, 4585
5.2981, 4584
5.3289, 4583
5.5001, 4582
5.6860, 4580
6.0847, 4578
6.5230, 4577
6.6058, 4576
6.6464, 4575
6.7183, 4572
7.3938, 4571
7.4662, 4570
7.5581, 4569
7.6562, 4568
7.7742, 4567
8.6812, 4566
10.5808, 4565
