0.0000, 5900
0.0006, 5899
0.0013, 5898
0.0018, 5897
0.0028, 5896
0.0036, 5895
0.0043, 5894
0.0049, 5893
0.0058, 5892
0.0063, 5891
0.0071, 5890
0.0076, 5889
0.0081, 5888
0.0086, 5887
0.0096, 5886
0.0105, 5885
0.0112, 5884
0.0124, 5883
0.0130, 5882
0.0142, 5881
0.0147, 5880
0.0156, 5879
0.0165, 5878
0.0174, 5877
0.0179, 5876
0.0184, 5875
0.0190, 5874
0.0196, 5873
0.0207, 5872
0.0212, 5871
0.0217, 5870
0.0222, 5869
0.0229, 5868
0.0234, 5867
0.0239, 5866
0.0244, 5865
0.0253, 5864
0.0261, 5863
0.0267, 5862
0.0272, 5861
0.0278, 5860
0.0284, 5859
0.0289, 5858
0.0294, 5857
0.0300, 5856
0.0307, 5855
0.0312, 5854
0.0317, 5853
0.0322, 5852
0.0332, 5851
0.0341, 5850
0.0346, 5849
0.0351, 5848
0.0358, 5847
0.0364, 5846
0.0369, 5845
0.0376, 5844
0.0381, 5843
0.0386, 5842
0.0392, 5841
0.0399, 5840
0.0406, 5839
0.0411, 5838
0.0416, 5837
0.0423, 5836
0.0429, 5835
0.0435, 5834
0.0440, 5833
0.0447, 5832
0.0452, 5831
0.0457, 5830
0.0466, 5829
0.0471, 5828
0.0476, 5827
0.0482, 5826
0.0491, 5825
0.0496, 5824
0.0502, 5823
0.0511, 5822
0.0516, 5821
0.0521, 5820
0.0526, 5819
0.0532, 5818
0.0538, 5817
0.0546, 5816
0.0552, 5815
0.0562, 5814
0.0571, 5813
0.0578, 5812
0.0584, 5811
0.0593, 5810
0.0600, 5809
0.0605, 5808
0.0612, 5807
0.0617, 5806
0.0625, 5805
0.0631, 5804
0.0636, 5803
0.0642, 5802
0.0647, 5801
0.0652, 5800
0.0661, 5799
0.0666, 5798
0.0672, 5797
0.0678, 5796
0.0684, 5795
0.0690, 5794
0.0697, 5793
0.0703, 5792
0.0708, 5791
0.0714, 5790
0.0719, 5789
0.0724, 5788
0.0730, 5787
0.0735, 5786
0.0748, 5785
0.0758, 5784
0.0766, 5783
0.0771, 5782
0.0776, 5781
0.0781, 5780
0.0788, 5779
0.0797, 5778
0.0803, 5777
0.0810, 5776
0.0817, 5775
0.0823, 5774
0.0830, 5773
0.0840, 5772
0.0847, 5771
0.0858, 5770
0.0865, 5769
0.0870, 5768
0.0878, 5767
0.0883, 5766
0.0890, 5765
0.0897, 5764
0.0903, 5763
0.0908, 5762
0.0914, 5761
0.0919, 5760
0.0928, 5759
0.0934, 5758
0.0939, 5757
0.0944, 5756
0.0949, 5755
0.0954, 5754
0.0963, 5753
0.0969, 5752
0.0975, 5751
0.0980, 5750
0.0985, 5749
0.0993, 5748
0.0999, 5747
0.1004, 5746
0.1013, 5745
0.1024, 5744
0.1029, 5743
0.1034, 5742
0.1040, 5741
0.1050, 5740
0.1056, 5739
0.1061, 5738
0.1067, 5737
0.1072, 5736
0.1078, 5735
0.1083, 5734
0.1089, 5733
0.1095, 5732
0.1100, 5731
0.1106, 5730
0.1111, 5729
0.1117, 5728
0.1122, 5727
0.1127, 5726
0.1133, 5725
0.1141, 5724
0.1148, 5723
0.1158, 5722
0.1165, 5721
0.1170, 5720
0.1178, 5719
0.1185, 5718
0.1195, 5717
0.1203, 5716
0.1212, 5715
0.1223, 5714
0.1228, 5713
0.1234, 5712
0.1240, 5711
0.1246, 5710
0.1251, 5709
0.1259, 5708
0.1266, 5707
0.1273, 5706
0.1278, 5705
0.1284, 5704
0.1289, 5703
0.1295, 5702
0.1300, 5701
0.1307, 5700
0.1317, 5699
0.1322, 5698
0.1327, 5697
0.1332, 5696
0.1343, 5695
0.1351, 5694
0.1357, 5693
0.1362, 5692
0.1368, 5691
0.1373, 5690
0.1378, 5689
0.1385, 5688
0.1391, 5687
0.1396, 5686
0.1405, 5685
0.1411, 5684
0.1417, 5683
0.1423, 5682
0.1429, 5681
0.1435, 5680
0.1441, 5679
0.1446, 5678
0.1453, 5677
0.1458, 5676
0.1465, 5675
0.1471, 5674
0.1476, 5673
0.1481, 5672
0.1487, 5671
0.1493, 5670
0.1499, 5669
0.1505, 5668
0.1511, 5667
0.1516, 5666
0.1522, 5665
0.1527, 5664
0.1534, 5663
0.1539, 5662
0.1549, 5661
0.1555, 5660
0.1563, 5659
0.1569, 5658
0.1581, 5657
0.1590, 5656
0.1599, 5655
0.1606, 5654
0.1613, 5653
0.1619, 5652
0.1625, 5651
0.1631, 5650
0.1637, 5649
0.1642, 5648
0.1650, 5647
0.1655, 5646
0.1661, 5645
0.1668, 5644
0.1673, 5643
0.1679, 5642
0.1685, 5641
0.1692, 5640
0.1700, 5639
0.1709, 5638
0.1714, 5637
0.1720, 5636
0.1726, 5635
0.1737, 5634
0.1743, 5633
0.1753, 5632
0.1762, 5631
0.1768, 5630
0.1778, 5629
0.1786, 5628
0.1793, 5627
0.1805, 5626
0.1814, 5625
0.1820, 5624
0.1829, 5623
0.1835, 5622
0.1841, 5621
0.1848, 5620
0.1854, 5619
0.1864, 5618
0.1869, 5617
0.1875, 5616
0.1881, 5615
0.1887, 5614
0.1896, 5613
0.1902, 5612
0.1907, 5611
0.1913, 5610
0.1921, 5609
0.1927, 5608
0.1933, 5607
0.1939, 5606
0.1944, 5605
0.1950, 5604
0.1956, 5603
0.1961, 5602
0.1967, 5601
0.1973, 5600
0.1978, 5599
0.1984, 5598
0.1989, 5597
0.1994, 5596
0.2000, 5595
0.2009, 5594
0.2015, 5593
0.2024, 5592
0.2030, 5591
0.2038, 5590
0.2046, 5589
0.2055, 5588
0.2061, 5587
0.2067, 5586
0.2072, 5585
0.2079, 5584
0.2089, 5583
0.2095, 5582
0.2102, 5581
0.2107, 5580
0.2113, 5579
0.2120, 5578
0.2126, 5577
0.2137, 5576
0.2143, 5575
0.2149, 5574
0.2156, 5573
0.2162, 5572
0.2167, 5571
0.2174, 5570
0.2183, 5569
0.2189, 5568
0.2198, 5567
0.2203, 5566
0.2209, 5565
0.2215, 5564
0.2222, 5563
0.2233, 5562
0.2239, 5561
0.2245, 5560
0.2251, 5559
0.2256, 5558
0.2262, 5557
0.2272, 5556
0.2277, 5555
0.2283, 5554
0.2289, 5553
0.2298, 5552
0.2304, 5551
0.2310, 5550
0.2316, 5549
0.2322, 5548
0.2329, 5547
0.2335, 5546
0.2341, 5545
0.2346, 5544
0.2352, 5543
0.2357, 5542
0.2364, 5541
0.2370, 5540
0.2375, 5539
0.2381, 5538
0.2386, 5537
0.2392, 5536
0.2398, 5535
0.2404, 5534
0.2413, 5533
0.2418, 5532
0.2424, 5531
0.2429, 5530
0.2435, 5529
0.2441, 5528
0.2446, 5527
0.2451, 5526
0.2459, 5525
0.2466, 5524
0.2473, 5523
0.2482, 5522
0.2492, 5521
0.2501, 5520
0.2508, 5519
0.2515, 5518
0.2520, 5517
0.2527, 5516
0.2532, 5515
0.2540, 5514
0.2546, 5513
0.2552, 5512
0.2557, 5511
0.2563, 5510
0.2568, 5509
0.2574, 5508
0.2580, 5507
0.2588, 5506
0.2593, 5505
0.2598, 5504
0.2604, 5503
0.2613, 5502
0.2619, 5501
0.2624, 5500
0.2630, 5499
0.2640, 5498
0.2646, 5497
0.2653, 5496
0.2658, 5495
0.2665, 5494
0.2671, 5493
0.2677, 5492
0.2683, 5491
0.2692, 5490
0.2700, 5489
0.2706, 5488
0.2712, 5487
0.2717, 5486
0.2722, 5485
0.2732, 5484
0.2737, 5483
0.2743, 5482
0.2752, 5481
0.2758, 5480
0.2763, 5479
0.2769, 5478
0.2774, 5477
0.2780, 5476
0.2787, 5475
0.2792, 5474
0.2799, 5473
0.2806, 5472
0.2812, 5471
0.2819, 5470
0.2825, 5469
0.2830, 5468
0.2836, 5467
0.2841, 5466
0.2852, 5465
0.2857, 5464
0.2862, 5463
0.2868, 5462
0.2874, 5461
0.2880, 5460
0.2886, 5459
0.2892, 5458
0.2898, 5457
0.2904, 5456
0.2912, 5455
0.2919, 5454
0.2924, 5453
0.2931, 5452
0.2936, 5451
0.2944, 5450
0.2949, 5449
0.2956, 5448
0.2962, 5447
0.2968, 5446
0.2973, 5445
0.2979, 5444
0.2989, 5443
0.2995, 5442
0.3001, 5441
0.3006, 5440
0.3013, 5439
0.3019, 5438
0.3028, 5437
0.3035, 5436
0.3042, 5435
0.3048, 5434
0.3053, 5433
0.3059, 5432
0.3069, 5431
0.3075, 5430
0.3080, 5429
0.3086, 5428
0.3092, 5427
0.3099, 5426
0.3108, 5425
0.3113, 5424
0.3120, 5423
0.3127, 5422
0.3134, 5421
0.3141, 5420
0.3150, 5419
0.3156, 5418
0.3161, 5417
0.3171, 5416
0.3177, 5415
0.3184, 5414
0.3190, 5413
0.3195, 5412
0.3202, 5411
0.3208, 5410
0.3213, 5409
0.3219, 5408
0.3225, 5407
0.3232, 5406
0.3240, 5405
0.3249, 5404
0.3256, 5403
0.3264, 5402
0.3270, 5401
0.3276, 5400
0.3283, 5399
0.3292, 5398
0.3299, 5397
0.3306, 5396
0.3312, 5395
0.3321, 5394
0.3329, 5393
0.3336, 5392
0.3344, 5391
0.3350, 5390
0.3355, 5389
0.3362, 5388
0.3368, 5387
0.3374, 5386
0.3384, 5385
0.3389, 5384
0.3396, 5383
0.3403, 5382
0.3411, 5381
0.3418, 5380
0.3424, 5379
0.3429, 5378
0.3438, 5377
0.3444, 5376
0.3451, 5375
0.3457, 5374
0.3465, 5373
0.3471, 5372
0.3477, 5371
0.3484, 5370
0.3491, 5369
0.3499, 5368
0.3506, 5367
0.3512, 5366
0.3520, 5365
0.3527, 5364
0.3534, 5363
0.3545, 5362
0.3551, 5361
0.3559, 5360
0.3566, 5359
0.3573, 5358
0.3580, 5357
0.3591, 5356
0.3597, 5355
0.3604, 5354
0.3611, 5353
0.3618, 5352
0.3624, 5351
0.3632, 5350
0.3639, 5349
0.3645, 5348
0.3651, 5347
0.3658, 5346
0.3667, 5345
0.3676, 5344
0.3682, 5343
0.3689, 5342
0.3696, 5341
0.3702, 5340
0.3708, 5339
0.3714, 5338
0.3720, 5337
0.3727, 5336
0.3733, 5335
0.3740, 5334
0.3747, 5333
0.3756, 5332
0.3767, 5331
0.3773, 5330
0.3779, 5329
0.3785, 5328
0.3791, 5327
0.3798, 5326
0.3804, 5325
0.3810, 5324
0.3817, 5323
0.3828, 5322
0.3838, 5321
0.3848, 5320
0.3856, 5319
0.3862, 5318
0.3868, 5317
0.3874, 5316
0.3882, 5315
0.3890, 5314
0.3897, 5313
0.3903, 5312
0.3912, 5311
0.3919, 5310
0.3925, 5309
0.3932, 5308
0.3942, 5307
0.3949, 5306
0.3956, 5305
0.3961, 5304
0.3968, 5303
0.3975, 5302
0.3981, 5301
0.3986, 5300
0.3993, 5299
0.3999, 5298
0.4005, 5297
0.4011, 5296
0.4020, 5295
0.4027, 5294
0.4032, 5293
0.4038, 5292
0.4047, 5291
0.4054, 5290
0.4062, 5289
0.4071, 5288
0.4077, 5287
0.4083, 5286
0.4089, 5285
0.4095, 5284
0.4102, 5283
0.4108, 5282
0.4114, 5281
0.4119, 5280
0.4125, 5279
0.4131, 5278
0.4137, 5277
0.4143, 5276
0.4151, 5275
0.4158, 5274
0.4167, 5273
0.4173, 5272
0.4179, 5271
0.4185, 5270
0.4192, 5269
0.4199, 5268
0.4205, 5267
0.4211, 5266
0.4217, 5265
0.4225, 5264
0.4232, 5263
0.4239, 5262
0.4245, 5261
0.4251, 5260
0.4260, 5259
0.4266, 5258
0.4273, 5257
0.4280, 5256
0.4289, 5255
0.4296, 5254
0.4306, 5253
0.4315, 5252
0.4322, 5251
0.4334, 5250
0.4340, 5249
0.4346, 5248
0.4353, 5247
0.4360, 5246
0.4369, 5245
0.4399, 5244
0.4406, 5243
0.4412, 5242
0.4418, 5241
0.4425, 5240
0.4431, 5239
0.4436, 5238
0.4443, 5237
0.4452, 5236
0.4458, 5235
0.4464, 5234
0.4471, 5233
0.4476, 5232
0.4484, 5231
0.4490, 5230
0.4496, 5229
0.4502, 5228
0.4509, 5227
0.4518, 5226
0.4524, 5225
0.4530, 5224
0.4540, 5223
0.4549, 5222
0.4556, 5221
0.4565, 5220
0.4572, 5219
0.4578, 5218
0.4584, 5217
0.4591, 5216
0.4598, 5215
0.4606, 5214
0.4611, 5213
0.4620, 5212
0.4627, 5211
0.4635, 5210
0.4644, 5209
0.4651, 5208
0.4658, 5207
0.4666, 5206
0.4674, 5205
0.4681, 5204
0.4690, 5203
0.4696, 5202
0.4703, 5201
0.4710, 5200
0.4718, 5199
0.4725, 5198
0.4733, 5197
0.4740, 5196
0.4746, 5195
0.4755, 5194
0.4761, 5193
0.4767, 5192
0.4773, 5191
0.4779, 5190
0.4787, 5189
0.4792, 5188
0.4798, 5187
0.4804, 5186
0.4811, 5185
0.4817, 5184
0.4823, 5183
0.4832, 5182
0.4839, 5181
0.4847, 5180
0.4857, 5179
0.4863, 5178
0.4872, 5177
0.4879, 5176
0.4886, 5175
0.4895, 5174
0.4902, 5173
0.4910, 5172
0.4916, 5171
0.4923, 5170
0.4928, 5169
0.4937, 5168
0.4943, 5167
0.4949, 5166
0.4956, 5165
0.4965, 5164
0.4971, 5163
0.4978, 5162
0.4985, 5161
0.4996, 5160
0.5004, 5159
0.5011, 5158
0.5018, 5157
0.5025, 5156
0.5030, 5155
0.5037, 5154
0.5045, 5153
0.5053, 5152
0.5061, 5151
0.5067, 5150
0.5074, 5149
0.5081, 5148
0.5088, 5147
0.5093, 5146
0.5098, 5145
0.5104, 5144
0.5111, 5143
0.5117, 5142
0.5123, 5141
0.5129, 5140
0.5135, 5139
0.5141, 5138
0.5148, 5137
0.5157, 5136
0.5163, 5135
0.5171, 5134
0.5177, 5133
0.5183, 5132
0.5189, 5131
0.5196, 5130
0.5203, 5129
0.5210, 5128
0.5217, 5127
0.5225, 5126
0.5233, 5125
0.5239, 5124
0.5245, 5123
0.5251, 5122
0.5257, 5121
0.5265, 5120
0.5270, 5119
0.5276, 5118
0.5282, 5117
0.5287, 5116
0.5293, 5115
0.5300, 5114
0.5309, 5113
0.5316, 5112
0.5324, 5111
0.5333, 5110
0.5339, 5109
0.5344, 5108
0.5350, 5107
0.5356, 5106
0.5363, 5105
0.5369, 5104
0.5376, 5103
0.5385, 5102
0.5392, 5101
0.5402, 5100
0.5409, 5099
0.5416, 5098
0.5425, 5097
0.5430, 5096
0.5438, 5095
0.5444, 5094
0.5450, 5093
0.5458, 5092
0.5464, 5091
0.5471, 5090
0.5477, 5089
0.5484, 5088
0.5492, 5087
0.5501, 5086
0.5508, 5085
0.5514, 5084
0.5520, 5083
0.5528, 5082
0.5534, 5081
0.5540, 5080
0.5547, 5079
0.5553, 5078
0.5559, 5077
0.5566, 5076
0.5572, 5075
0.5580, 5074
0.5587, 5073
0.5595, 5072
0.5601, 5071
0.5606, 5070
0.5612, 5069
0.5620, 5068
0.5631, 5067
0.5637, 5066
0.5645, 5065
0.5653, 5064
0.5663, 5063
0.5670, 5062
0.5677, 5061
0.5683, 5060
0.5691, 5059
0.5698, 5058
0.5703, 5057
0.5709, 5056
0.5715, 5055
0.5722, 5054
0.5729, 5053
0.5736, 5052
0.5743, 5051
0.5748, 5050
0.5754, 5049
0.5761, 5048
0.5769, 5047
0.5775, 5046
0.5786, 5045
0.5793, 5044
0.5800, 5043
0.5806, 5042
0.5812, 5041
0.5821, 5040
0.5827, 5039
0.5834, 5038
0.5842, 5037
0.5848, 5036
0.5853, 5035
0.5861, 5034
0.5869, 5033
0.5875, 5032
0.5882, 5031
0.5892, 5030
0.5898, 5029
0.5908, 5028
0.5913, 5027
0.5920, 5026
0.5927, 5025
0.5933, 5024
0.5940, 5023
0.5946, 5022
0.5953, 5021
0.5960, 5020
0.5971, 5019
0.5980, 5018
0.5986, 5017
0.5991, 5016
0.5997, 5015
0.6007, 5014
0.6014, 5013
0.6021, 5012
0.6029, 5011
0.6036, 5010
0.6043, 5009
0.6049, 5008
0.6055, 5007
0.6061, 5006
0.6071, 5005
0.6076, 5004
0.6085, 5003
0.6091, 5002
0.6097, 5001
0.6106, 5000
0.6113, 4999
0.6121, 4998
0.6128, 4997
0.6134, 4996
0.6141, 4995
0.6146, 4994
0.6153, 4993
0.6160, 4992
0.6166, 4991
0.6174, 4990
0.6182, 4989
0.6192, 4988
0.6199, 4987
0.6206, 4986
0.6212, 4985
0.6219, 4984
0.6226, 4983
0.6233, 4982
0.6240, 4981
0.6249, 4980
0.6258, 4979
0.6264, 4978
0.6270, 4977
0.6277, 4976
0.6288, 4975
0.6298, 4974
0.6303, 4973
0.6309, 4972
0.6317, 4971
0.6324, 4970
0.6330, 4969
0.6338, 4968
0.6345, 4967
0.6352, 4966
0.6359, 4965
0.6365, 4964
0.6371, 4963
0.6376, 4962
0.6384, 4961
0.6392, 4960
0.6397, 4959
0.6403, 4958
0.6408, 4957
0.6424, 4956
0.6432, 4955
0.6437, 4954
0.6443, 4953
0.6450, 4952
0.6457, 4951
0.6467, 4950
0.6476, 4949
0.6488, 4948
0.6494, 4947
0.6501, 4946
0.6509, 4945
0.6515, 4944
0.6521, 4943
0.6527, 4942
0.6533, 4941
0.6539, 4940
0.6544, 4939
0.6551, 4938
0.6556, 4937
0.6563, 4936
0.6570, 4935
0.6580, 4934
0.6589, 4933
0.6595, 4932
0.6600, 4931
0.6607, 4930
0.6614, 4929
0.6621, 4928
0.6626, 4927
0.6633, 4926
0.6641, 4925
0.6647, 4924
0.6653, 4923
0.6662, 4922
0.6668, 4921
0.6674, 4920
0.6681, 4919
0.6690, 4918
0.6700, 4917
0.6705, 4916
0.6714, 4915
0.6719, 4914
0.6725, 4913
0.6730, 4912
0.6746, 4911
0.6752, 4910
0.6758, 4909
0.6767, 4908
0.6773, 4907
0.6778, 4906
0.6785, 4905
0.6790, 4904
0.6796, 4903
0.6802, 4902
0.6809, 4901
0.6814, 4900
0.6825, 4899
0.6832, 4898
0.6838, 4897
0.6844, 4896
0.6849, 4895
0.6856, 4894
0.6863, 4893
0.6868, 4892
0.6877, 4891
0.6885, 4890
0.6893, 4889
0.6898, 4888
0.6904, 4887
0.6910, 4886
0.6916, 4885
0.6921, 4884
0.6928, 4883
0.6934, 4882
0.6940, 4881
0.6946, 4880
0.6953, 4879
0.6962, 4878
0.6967, 4877
0.6973, 4876
0.6981, 4875
0.6987, 4874
0.6992, 4873
0.6998, 4872
0.7006, 4871
0.7014, 4870
0.7094, 4869
0.7103, 4868
0.7108, 4867
0.7113, 4866
0.7118, 4865
0.7127, 4864
0.7136, 4863
0.7141, 4862
0.7147, 4861
0.7155, 4860
0.7162, 4859
0.7170, 4858
0.7175, 4857
0.7183, 4856
0.7192, 4855
0.7198, 4854
0.7209, 4853
0.7214, 4852
0.7219, 4851
0.7225, 4850
0.7234, 4849
0.7241, 4848
0.7248, 4847
0.7253, 4846
0.7258, 4845
0.7266, 4844
0.7271, 4843
0.7276, 4842
0.7281, 4841
0.7288, 4840
0.7295, 4839
0.7305, 4838
0.7312, 4837
0.7318, 4836
0.7323, 4835
0.7328, 4834
0.7335, 4833
0.7341, 4832
0.7347, 4831
0.7356, 4830
0.7361, 4829
0.7367, 4828
0.7374, 4827
0.7383, 4826
0.7391, 4825
0.7396, 4824
0.7403, 4823
0.7409, 4822
0.7414, 4821
0.7421, 4820
0.7425, 4819
0.7432, 4818
0.7437, 4817
0.7442, 4816
0.7447, 4815
0.7453, 4814
0.7462, 4813
0.7470, 4812
0.7477, 4811
0.7482, 4810
0.7491, 4809
0.7495, 4808
0.7500, 4807
0.7506, 4806
0.7511, 4805
0.7519, 4804
0.7528, 4803
0.7532, 4802
0.7538, 4801
0.7545, 4800
0.7551, 4799
0.7557, 4798
0.7562, 4797
0.7568, 4796
0.7573, 4795
0.7580, 4794
0.7587, 4793
0.7592, 4792
0.7599, 4791
0.7604, 4790
0.7612, 4789
0.7618, 4788
0.7624, 4787
0.7629, 4786
0.7635, 4785
0.7640, 4784
0.7645, 4783
0.7652, 4782
0.7658, 4781
0.7666, 4780
0.7674, 4779
0.7679, 4778
0.7687, 4777
0.7692, 4776
0.7698, 4775
0.7703, 4774
0.7713, 4773
0.7718, 4772
0.7725, 4771
0.7730, 4770
0.7736, 4769
0.7745, 4768
0.7751, 4767
0.7756, 4766
0.7761, 4765
0.7771, 4764
0.7779, 4763
0.7785, 4762
0.7791, 4761
0.7796, 4760
0.7802, 4759
0.7814, 4758
0.7820, 4757
0.7825, 4756
0.7833, 4755
0.7839, 4754
0.7845, 4753
0.7850, 4752
0.7855, 4751
0.7863, 4750
0.7868, 4749
0.7874, 4748
0.7879, 4747
0.7888, 4746
0.7894, 4745
0.7902, 4744
0.7909, 4743
0.7918, 4742
0.7925, 4741
0.7931, 4740
0.7936, 4739
0.7941, 4738
0.7946, 4737
0.7953, 4736
0.7961, 4735
0.7966, 4734
0.7972, 4733
0.7978, 4732
0.7982, 4731
0.7990, 4730
0.7996, 4729
0.8000, 4728
0.8006, 4727
0.8015, 4726
0.8022, 4725
0.8031, 4724
0.8039, 4723
0.8044, 4722
0.8052, 4721
0.8060, 4720
0.8064, 4719
0.8071, 4718
0.8076, 4717
0.8084, 4716
0.8092, 4715
0.8099, 4714
0.8107, 4713
0.8112, 4712
0.8120, 4711
0.8128, 4710
0.8137, 4709
0.8145, 4708
0.8153, 4707
0.8159, 4706
0.8168, 4705
0.8174, 4704
0.8182, 4703
0.8191, 4702
0.8200, 4701
0.8207, 4700
0.8217, 4699
0.8224, 4698
0.8232, 4697
0.8238, 4696
0.8247, 4695
0.8254, 4694
0.8263, 4693
0.8271, 4692
0.8280, 4691
0.8289, 4690
1.0215, 4689
1.2949, 4688
1.2954, 4687
1.3793, 4686
1.7170, 4685
1.7378, 4684
1.8037, 4683
1.9265, 4682
2.0710, 4681
2.2737, 4680
2.3374, 4679
2.5348, 4678
2.5848, 4677
2.7417, 4676
3.1349, 4675
3.1568, 4674
3.2881, 4673
3.5047, 4672
3.5054, 4671
3.5674, 4670
3.6729, 4669
3.7169, 4668
3.8059, 4667
3.9332, 4666
4.0006, 4665
4.0015, 4664
4.0239, 4663
4.5195, 4662
4.6052, 4661
5.0894, 4660
5.1294, 4659
5.2899, 4658
5.3433, 4657
5.7269, 4656
5.8536, 4655
6.3454, 4654
6.4701, 4653
6.4706, 4652
7.0163, 4651
7.1395, 4650
7.2632, 4649
7.9690, 4648
8.0478, 4647
8.1474, 4646
8.4052, 4645
8.4644, 4644
8.5045, 4643
8.5051, 4642
8.5451, 4641
8.9852, 4640
9.1450, 4639
9.1459, 4638
9.4261, 4637
9.5051, 4636
9.7843, 4635
9.9519, 4634
