0.0000, 5900
0.0005, 5899
0.0013, 5898
0.0018, 5897
0.0028, 5896
0.0036, 5895
0.0043, 5894
0.0050, 5893
0.0058, 5892
0.0064, 5891
0.0073, 5890
0.0078, 5889
0.0083, 5888
0.0088, 5887
0.0098, 5886
0.0107, 5885
0.0113, 5884
0.0126, 5883
0.0132, 5882
0.0144, 5881
0.0149, 5880
0.0158, 5879
0.0167, 5878
0.0177, 5877
0.0182, 5876
0.0187, 5875
0.0193, 5874
0.0199, 5873
0.0210, 5872
0.0216, 5871
0.0221, 5870
0.0226, 5869
0.0233, 5868
0.0238, 5867
0.0243, 5866
0.0249, 5865
0.0258, 5864
0.0266, 5863
0.0272, 5862
0.0277, 5861
0.0284, 5860
0.0290, 5859
0.0295, 5858
0.0301, 5857
0.0306, 5856
0.0313, 5855
0.0318, 5854
0.0324, 5853
0.0329, 5852
0.0340, 5851
0.0349, 5850
0.0354, 5849
0.0359, 5848
0.0366, 5847
0.0372, 5846
0.0377, 5845
0.0385, 5844
0.0390, 5843
0.0395, 5842
0.0400, 5841
0.0408, 5840
0.0415, 5839
0.0421, 5838
0.0426, 5837
0.0433, 5836
0.0439, 5835
0.0445, 5834
0.0450, 5833
0.0458, 5832
0.0463, 5831
0.0468, 5830
0.0477, 5829
0.0482, 5828
0.0487, 5827
0.0493, 5826
0.0502, 5825
0.0508, 5824
0.0513, 5823
0.0521, 5822
0.0527, 5821
0.0532, 5820
0.0537, 5819
0.0543, 5818
0.0548, 5817
0.0557, 5816
0.0562, 5815
0.0573, 5814
0.0582, 5813
0.0589, 5812
0.0595, 5811
0.0605, 5810
0.0612, 5809
0.0618, 5808
0.0624, 5807
0.0629, 5806
0.0638, 5805
0.0643, 5804
0.0648, 5803
0.0653, 5802
0.0659, 5801
0.0664, 5800
0.0673, 5799
0.0679, 5798
0.0685, 5797
0.0691, 5796
0.0698, 5795
0.0703, 5794
0.0711, 5793
0.0716, 5792
0.0721, 5791
0.0727, 5790
0.0732, 5789
0.0738, 5788
0.0744, 5787
0.0749, 5786
0.0762, 5785
0.0773, 5784
0.0781, 5783
0.0786, 5782
0.0792, 5781
0.0797, 5780
0.0804, 5779
0.0812, 5778
0.0818, 5777
0.0826, 5776
0.0833, 5775
0.0839, 5774
0.0846, 5773
0.0857, 5772
0.0863, 5771
0.0875, 5770
0.0881, 5769
0.0887, 5768
0.0895, 5767
0.0900, 5766
0.0907, 5765
0.0915, 5764
0.0920, 5763
0.0926, 5762
0.0932, 5761
0.0937, 5760
0.0947, 5759
0.0952, 5758
0.0957, 5757
0.0963, 5756
0.0968, 5755
0.0973, 5754
0.0982, 5753
0.0988, 5752
0.0994, 5751
0.0999, 5750
0.1004, 5749
0.1013, 5748
0.1019, 5747
0.1024, 5746
0.1033, 5745
0.1044, 5744
0.1050, 5743
0.1055, 5742
0.1061, 5741
0.1071, 5740
0.1077, 5739
0.1083, 5738
0.1089, 5737
0.1094, 5736
0.1100, 5735
0.1105, 5734
0.1111, 5733
0.1117, 5732
0.1122, 5731
0.1129, 5730
0.1134, 5729
0.1140, 5728
0.1146, 5727
0.1152, 5726
0.1158, 5725
0.1165, 5724
0.1172, 5723
0.1183, 5722
0.1189, 5721
0.1195, 5720
0.1202, 5719
0.1210, 5718
0.1220, 5717
0.1229, 5716
0.1238, 5715
0.1248, 5714
0.1254, 5713
0.1260, 5712
0.1266, 5711
0.1272, 5710
0.1277, 5709
0.1286, 5708
0.1294, 5707
0.1300, 5706
0.1306, 5705
0.1311, 5704
0.1317, 5703
0.1322, 5702
0.1328, 5701
0.1334, 5700
0.1345, 5699
0.1350, 5698
0.1355, 5697
0.1361, 5696
0.1373, 5695
0.1380, 5694
0.1386, 5693
0.1392, 5692
0.1398, 5691
0.1403, 5690
0.1409, 5689
0.1415, 5688
0.1421, 5687
0.1427, 5686
0.1436, 5685
0.1442, 5684
0.1449, 5683
0.1455, 5682
0.1461, 5681
0.1467, 5680
0.1473, 5679
0.1479, 5678
0.1485, 5677
0.1491, 5676
0.1497, 5675
0.1503, 5674
0.1508, 5673
0.1514, 5672
0.1520, 5671
0.1525, 5670
0.1532, 5669
0.1538, 5668
0.1544, 5667
0.1550, 5666
0.1555, 5665
0.1561, 5664
0.1567, 5663
0.1573, 5662
0.1583, 5661
0.1589, 5660
0.1598, 5659
0.1604, 5658
0.1616, 5657
0.1626, 5656
0.1635, 5655
0.1642, 5654
0.1649, 5653
0.1655, 5652
0.1662, 5651
0.1667, 5650
0.1673, 5649
0.1679, 5648
0.1686, 5647
0.1692, 5646
0.1698, 5645
0.1706, 5644
0.1711, 5643
0.1717, 5642
0.1723, 5641
0.1730, 5640
0.1738, 5639
0.1747, 5638
0.1753, 5637
0.1759, 5636
0.1766, 5635
0.1777, 5634
0.1783, 5633
0.1794, 5632
0.1802, 5631
0.1808, 5630
0.1818, 5629
0.1827, 5628
0.1833, 5627
0.1844, 5626
0.1853, 5625
0.1860, 5624
0.1868, 5623
0.1874, 5622
0.1880, 5621
0.1887, 5620
0.1894, 5619
0.1904, 5618
0.1910, 5617
0.1916, 5616
0.1921, 5615
0.1929, 5614
0.1938, 5613
0.1944, 5612
0.1949, 5611
0.1956, 5610
0.1964, 5609
0.1970, 5608
0.1976, 5607
0.1981, 5606
0.1987, 5605
0.1994, 5604
0.1999, 5603
0.2005, 5602
0.2011, 5601
0.2017, 5600
0.2022, 5599
0.2027, 5598
0.2033, 5597
0.2038, 5596
0.2044, 5595
0.2053, 5594
0.2059, 5593
0.2068, 5592
0.2074, 5591
0.2082, 5590
0.2091, 5589
0.2100, 5588
0.2106, 5587
0.2113, 5586
0.2118, 5585
0.2125, 5584
0.2135, 5583
0.2142, 5582
0.2148, 5581
0.2154, 5580
0.2160, 5579
0.2167, 5578
0.2174, 5577
0.2184, 5576
0.2190, 5575
0.2196, 5574
0.2203, 5573
0.2209, 5572
0.2215, 5571
0.2222, 5570
0.2231, 5569
0.2237, 5568
0.2246, 5567
0.2252, 5566
0.2258, 5565
0.2264, 5564
0.2271, 5563
0.2283, 5562
0.2290, 5561
0.2296, 5560
0.2302, 5559
0.2307, 5558
0.2313, 5557
0.2324, 5556
0.2330, 5555
0.2336, 5554
0.2342, 5553
0.2351, 5552
0.2357, 5551
0.2363, 5550
0.2370, 5549
0.2376, 5548
0.2383, 5547
0.2389, 5546
0.2395, 5545
0.2401, 5544
0.2406, 5543
0.2412, 5542
0.2419, 5541
0.2426, 5540
0.2431, 5539
0.2437, 5538
0.2442, 5537
0.2448, 5536
0.2454, 5535
0.2461, 5534
0.2469, 5533
0.2475, 5532
0.2481, 5531
0.2486, 5530
0.2493, 5529
0.2498, 5528
0.2504, 5527
0.2509, 5526
0.2518, 5525
0.2524, 5524
0.2531, 5523
0.2540, 5522
0.2551, 5521
0.2560, 5520
0.2567, 5519
0.2573, 5518
0.2579, 5517
0.2586, 5516
0.2592, 5515
0.2600, 5514
0.2606, 5513
0.2612, 5512
0.2618, 5511
0.2623, 5510
0.2629, 5509
0.2635, 5508
0.2641, 5507
0.2648, 5506
0.2654, 5505
0.2659, 5504
0.2665, 5503
0.2674, 5502
0.2680, 5501
0.2686, 5500
0.2693, 5499
0.2702, 5498
0.2709, 5497
0.2716, 5496
0.2722, 5495
0.2729, 5494
0.2735, 5493
0.2741, 5492
0.2747, 5491
0.2757, 5490
0.2765, 5489
0.2771, 5488
0.2776, 5487
0.2782, 5486
0.2787, 5485
0.2797, 5484
0.2803, 5483
0.2808, 5482
0.2818, 5481
0.2825, 5480
0.2830, 5479
0.2836, 5478
0.2842, 5477
0.2848, 5476
0.2854, 5475
0.2860, 5474
0.2867, 5473
0.2874, 5472
0.2880, 5471
0.2886, 5470
0.2892, 5469
0.2898, 5468
0.2904, 5467
0.2910, 5466
0.2921, 5465
0.2926, 5464
0.2932, 5463
0.2937, 5462
0.2944, 5461
0.2950, 5460
0.2956, 5459
0.2962, 5458
0.2968, 5457
0.2974, 5456
0.2982, 5455
0.2989, 5454
0.2995, 5453
0.3002, 5452
0.3007, 5451
0.3015, 5450
0.3021, 5449
0.3028, 5448
0.3034, 5447
0.3040, 5446
0.3045, 5445
0.3051, 5444
0.3061, 5443
0.3068, 5442
0.3074, 5441
0.3080, 5440
0.3086, 5439
0.3093, 5438
0.3102, 5437
0.3110, 5436
0.3116, 5435
0.3123, 5434
0.3129, 5433
0.3135, 5432
0.3145, 5431
0.3151, 5430
0.3157, 5429
0.3163, 5428
0.3169, 5427
0.3176, 5426
0.3186, 5425
0.3192, 5424
0.3198, 5423
0.3205, 5422
0.3212, 5421
0.3219, 5420
0.3229, 5419
0.3235, 5418
0.3240, 5417
0.3251, 5416
0.3256, 5415
0.3263, 5414
0.3269, 5413
0.3275, 5412
0.3281, 5411
0.3287, 5410
0.3292, 5409
0.3298, 5408
0.3303, 5407
0.3310, 5406
0.3318, 5405
0.3327, 5404
0.3335, 5403
0.3343, 5402
0.3348, 5401
0.3354, 5400
0.3361, 5399
0.3370, 5398
0.3378, 5397
0.3384, 5396
0.3391, 5395
0.3399, 5394
0.3407, 5393
0.3414, 5392
0.3421, 5391
0.3427, 5390
0.3432, 5389
0.3439, 5388
0.3445, 5387
0.3451, 5386
0.3460, 5385
0.3465, 5384
0.3472, 5383
0.3479, 5382
0.3486, 5381
0.3493, 5380
0.3498, 5379
0.3504, 5378
0.3512, 5377
0.3519, 5376
0.3525, 5375
0.3531, 5374
0.3538, 5373
0.3545, 5372
0.3551, 5371
0.3558, 5370
0.3565, 5369
0.3572, 5368
0.3579, 5367
0.3585, 5366
0.3593, 5365
0.3599, 5364
0.3606, 5363
0.3616, 5362
0.3623, 5361
0.3630, 5360
0.3637, 5359
0.3644, 5358
0.3651, 5357
0.3662, 5356
0.3668, 5355
0.3675, 5354
0.3681, 5353
0.3688, 5352
0.3694, 5351
0.3702, 5350
0.3709, 5349
0.3715, 5348
0.3721, 5347
0.3728, 5346
0.3737, 5345
0.3746, 5344
0.3752, 5343
0.3759, 5342
0.3765, 5341
0.3771, 5340
0.3777, 5339
0.3783, 5338
0.3789, 5337
0.3795, 5336
0.3801, 5335
0.3808, 5334
0.3815, 5333
0.3824, 5332
0.3834, 5331
0.3840, 5330
0.3846, 5329
0.3852, 5328
0.3858, 5327
0.3864, 5326
0.3871, 5325
0.3876, 5324
0.3882, 5323
0.3893, 5322
0.3902, 5321
0.3912, 5320
0.3920, 5319
0.3926, 5318
0.3932, 5317
0.3938, 5316
0.3947, 5315
0.3955, 5314
0.3961, 5313
0.3968, 5312
0.3976, 5311
0.3983, 5310
0.3989, 5309
0.3996, 5308
0.4006, 5307
0.4013, 5306
0.4019, 5305
0.4024, 5304
0.4031, 5303
0.4037, 5302
0.4043, 5301
0.4049, 5300
0.4056, 5299
0.4061, 5298
0.4067, 5297
0.4073, 5296
0.4081, 5295
0.4088, 5294
0.4093, 5293
0.4099, 5292
0.4108, 5291
0.4115, 5290
0.4122, 5289
0.4131, 5288
0.4137, 5287
0.4143, 5286
0.4150, 5285
0.4155, 5284
0.4163, 5283
0.4168, 5282
0.4174, 5281
0.4179, 5280
0.4185, 5279
0.4191, 5278
0.4196, 5277
0.4203, 5276
0.4210, 5275
0.4216, 5274
0.4225, 5273
0.4231, 5272
0.4236, 5271
0.4242, 5270
0.4250, 5269
0.4256, 5268
0.4262, 5267
0.4268, 5266
0.4274, 5265
0.4282, 5264
0.4289, 5263
0.4295, 5262
0.4302, 5261
0.4307, 5260
0.4315, 5259
0.4321, 5258
0.4328, 5257
0.4335, 5256
0.4342, 5255
0.4349, 5254
0.4358, 5253
0.4366, 5252
0.4373, 5251
0.4384, 5250
0.4390, 5249
0.4395, 5248
0.4402, 5247
0.4409, 5246
0.4416, 5245
0.4422, 5244
0.4429, 5243
0.4435, 5242
0.4440, 5241
0.4447, 5240
0.4453, 5239
0.4458, 5238
0.4464, 5237
0.4473, 5236
0.4478, 5235
0.4484, 5234
0.4491, 5233
0.4496, 5232
0.4503, 5231
0.4509, 5230
0.4515, 5229
0.4521, 5228
0.4527, 5227
0.4536, 5226
0.4541, 5225
0.4547, 5224
0.4556, 5223
0.4565, 5222
0.4572, 5221
0.4579, 5220
0.4586, 5219
0.4593, 5218
0.4598, 5217
0.4605, 5216
0.4612, 5215
0.4619, 5214
0.4625, 5213
0.4633, 5212
0.4640, 5211
0.4648, 5210
0.4656, 5209
0.4662, 5208
0.4669, 5207
0.4678, 5206
0.4685, 5205
0.4692, 5204
0.4700, 5203
0.4707, 5202
0.4713, 5201
0.4720, 5200
0.4728, 5199
0.4735, 5198
0.4742, 5197
0.4749, 5196
0.4755, 5195
0.4764, 5194
0.4769, 5193
0.4775, 5192
0.4781, 5191
0.4787, 5190
0.4794, 5189
0.4799, 5188
0.4805, 5187
0.4810, 5186
0.4817, 5185
0.4823, 5184
0.4829, 5183
0.4837, 5182
0.4844, 5181
0.4852, 5180
0.4861, 5179
0.4866, 5178
0.4875, 5177
0.4882, 5176
0.4888, 5175
0.4896, 5174
0.4904, 5173
0.4912, 5172
0.4917, 5171
0.4924, 5170
0.4929, 5169
0.4937, 5168
0.4944, 5167
0.4949, 5166
0.4956, 5165
0.4964, 5164
0.4970, 5163
0.4977, 5162
0.4984, 5161
0.4994, 5160
0.5001, 5159
0.5009, 5158
0.5016, 5157
0.5022, 5156
0.5027, 5155
0.5034, 5154
0.5041, 5153
0.5050, 5152
0.5057, 5151
0.5062, 5150
0.5070, 5149
0.5076, 5148
0.5083, 5147
0.5088, 5146
0.5093, 5145
0.5098, 5144
0.5106, 5143
0.5112, 5142
0.5117, 5141
0.5122, 5140
0.5129, 5139
0.5135, 5138
0.5141, 5137
0.5150, 5136
0.5156, 5135
0.5164, 5134
0.5170, 5133
0.5175, 5132
0.5181, 5131
0.5188, 5130
0.5195, 5129
0.5202, 5128
0.5209, 5127
0.5216, 5126
0.5224, 5125
0.5231, 5124
0.5236, 5123
0.5242, 5122
0.5247, 5121
0.5255, 5120
0.5261, 5119
0.5266, 5118
0.5272, 5117
0.5277, 5116
0.5282, 5115
0.5289, 5114
0.5298, 5113
0.5305, 5112
0.5312, 5111
0.5321, 5110
0.5327, 5109
0.5332, 5108
0.5337, 5107
0.5343, 5106
0.5350, 5105
0.5355, 5104
0.5362, 5103
0.5370, 5102
0.5376, 5101
0.5385, 5100
0.5392, 5099
0.5400, 5098
0.5408, 5097
0.5413, 5096
0.5421, 5095
0.5426, 5094
0.5432, 5093
0.5439, 5092
0.5445, 5091
0.5452, 5090
0.5457, 5089
0.5465, 5088
0.5472, 5087
0.5481, 5086
0.5487, 5085
0.5493, 5084
0.5499, 5083
0.5507, 5082
0.5513, 5081
0.5519, 5080
0.5526, 5079
0.5532, 5078
0.5537, 5077
0.5544, 5076
0.5550, 5075
0.5557, 5074
0.5564, 5073
0.5572, 5072
0.5578, 5071
0.5583, 5070
0.5588, 5069
0.5596, 5068
0.5605, 5067
0.5612, 5066
0.5619, 5065
0.5627, 5064
0.5637, 5063
0.5643, 5062
0.5650, 5061
0.5656, 5060
0.5664, 5059
0.5671, 5058
0.5676, 5057
0.5682, 5056
0.5688, 5055
0.5695, 5054
0.5702, 5053
0.5709, 5052
0.5715, 5051
0.5720, 5050
0.5726, 5049
0.5733, 5048
0.5741, 5047
0.5747, 5046
0.5757, 5045
0.5764, 5044
0.5769, 5043
0.5776, 5042
0.5781, 5041
0.5791, 5040
0.5796, 5039
0.5802, 5038
0.5811, 5037
0.5816, 5036
0.5821, 5035
0.5829, 5034
0.5837, 5033
0.5843, 5032
0.5849, 5031
0.5859, 5030
0.5865, 5029
0.5874, 5028
0.5879, 5027
0.5887, 5026
0.5893, 5025
0.5899, 5024
0.5906, 5023
0.5912, 5022
0.5919, 5021
0.5926, 5020
0.5937, 5019
0.5947, 5018
0.5952, 5017
0.5957, 5016
0.5963, 5015
0.5972, 5014
0.5979, 5013
0.5986, 5012
0.5993, 5011
0.6000, 5010
0.6007, 5009
0.6013, 5008
0.6018, 5007
0.6025, 5006
0.6034, 5005
0.6039, 5004
0.6048, 5003
0.6054, 5002
0.6060, 5001
0.6069, 5000
0.6075, 4999
0.6084, 4998
0.6090, 4997
0.6095, 4996
0.6102, 4995
0.6107, 4994
0.6114, 4993
0.6121, 4992
0.6127, 4991
0.6134, 4990
0.6142, 4989
0.6151, 4988
0.6159, 4987
0.6165, 4986
0.6171, 4985
0.6178, 4984
0.6185, 4983
0.6191, 4982
0.6198, 4981
0.6206, 4980
0.6216, 4979
0.6221, 4978
0.6227, 4977
0.6234, 4976
0.6243, 4975
0.6253, 4974
0.6258, 4973
0.6264, 4972
0.6271, 4971
0.6278, 4970
0.6283, 4969
0.6292, 4968
0.6299, 4967
0.6306, 4966
0.6313, 4965
0.6319, 4964
0.6324, 4963
0.6330, 4962
0.6338, 4961
0.6345, 4960
0.6351, 4959
0.6356, 4958
0.6361, 4957
0.6367, 4956
0.6375, 4955
0.6380, 4954
0.6386, 4953
0.6392, 4952
0.6400, 4951
0.6409, 4950
0.6418, 4949
0.6429, 4948
0.6435, 4947
0.6441, 4946
0.6450, 4945
0.6455, 4944
0.6461, 4943
0.6466, 4942
0.6472, 4941
0.6478, 4940
0.6483, 4939
0.6489, 4938
0.6495, 4937
0.6501, 4936
0.6508, 4935
0.6517, 4934
0.6526, 4933
0.6532, 4932
0.6537, 4931
0.6544, 4930
0.6550, 4929
0.6557, 4928
0.6562, 4927
0.6569, 4926
0.6576, 4925
0.6582, 4924
0.6589, 4923
0.6596, 4922
0.6603, 4921
0.6609, 4920
0.6615, 4919
0.6624, 4918
0.6633, 4917
0.6638, 4916
0.6647, 4915
0.6652, 4914
0.6658, 4913
0.6663, 4912
0.6668, 4911
0.6673, 4910
0.6679, 4909
0.6688, 4908
0.6693, 4907
0.6698, 4906
0.6705, 4905
0.6710, 4904
0.6715, 4903
0.6721, 4902
0.6728, 4901
0.6733, 4900
0.6742, 4899
0.6749, 4898
0.6754, 4897
0.6760, 4896
0.6765, 4895
0.6772, 4894
0.6778, 4893
0.6783, 4892
0.6792, 4891
0.6799, 4890
0.6806, 4889
0.6811, 4888
0.6817, 4887
0.6822, 4886
0.6828, 4885
0.6833, 4884
0.6840, 4883
0.6846, 4882
0.6852, 4881
0.6858, 4880
0.6864, 4879
0.6873, 4878
0.6878, 4877
0.6884, 4876
0.6891, 4875
0.6896, 4874
0.6902, 4873
0.6907, 4872
0.6915, 4871
0.6923, 4870
0.6930, 4869
0.6939, 4868
0.6944, 4867
0.6949, 4866
0.6955, 4865
0.6964, 4864
0.6972, 4863
0.6977, 4862
0.6983, 4861
0.6990, 4860
0.6996, 4859
0.7004, 4858
0.7010, 4857
0.7018, 4856
0.7026, 4855
0.7032, 4854
0.7043, 4853
0.7049, 4852
0.7054, 4851
0.7061, 4850
0.7070, 4849
0.7077, 4848
0.7084, 4847
0.7090, 4846
0.7096, 4845
0.7104, 4844
0.7109, 4843
0.7114, 4842
0.7119, 4841
0.7126, 4840
0.7133, 4839
0.7143, 4838
0.7150, 4837
0.7157, 4836
0.7162, 4835
0.7168, 4834
0.7175, 4833
0.7181, 4832
0.7186, 4831
0.7196, 4830
0.7201, 4829
0.7208, 4828
0.7214, 4827
0.7224, 4826
0.7232, 4825
0.7237, 4824
0.7245, 4823
0.7250, 4822
0.7256, 4821
0.7262, 4820
0.7267, 4819
0.7274, 4818
0.7279, 4817
0.7284, 4816
0.7290, 4815
0.7295, 4814
0.7304, 4813
0.7313, 4812
0.7319, 4811
0.7325, 4810
0.7334, 4809
0.7339, 4808
0.7344, 4807
0.7349, 4806
0.7354, 4805
0.7363, 4804
0.7372, 4803
0.7376, 4802
0.7382, 4801
0.7389, 4800
0.7395, 4799
0.7401, 4798
0.7406, 4797
0.7412, 4796
0.7418, 4795
0.7425, 4794
0.7432, 4793
0.7437, 4792
0.7445, 4791
0.7450, 4790
0.7458, 4789
0.7464, 4788
0.7470, 4787
0.7476, 4786
0.7481, 4785
0.7487, 4784
0.7492, 4783
0.7499, 4782
0.7505, 4781
0.7513, 4780
0.7522, 4779
0.7527, 4778
0.7535, 4777
0.7541, 4776
0.7546, 4775
0.7551, 4774
0.7561, 4773
0.7567, 4772
0.7574, 4771
0.7580, 4770
0.7585, 4769
0.7594, 4768
0.7600, 4767
0.7605, 4766
0.7611, 4765
0.7620, 4764
0.7628, 4763
0.7634, 4762
0.7641, 4761
0.7645, 4760
0.7651, 4759
0.7663, 4758
0.7669, 4757
0.7674, 4756
0.7682, 4755
0.7688, 4754
0.7693, 4753
0.7698, 4752
0.7704, 4751
0.7712, 4750
0.7717, 4749
0.7722, 4748
0.7728, 4747
0.7738, 4746
0.7743, 4745
0.7751, 4744
0.7759, 4743
0.7767, 4742
0.7775, 4741
0.7781, 4740
0.7786, 4739
0.7792, 4738
0.7797, 4737
0.7803, 4736
0.7812, 4735
0.7817, 4734
0.7823, 4733
0.7828, 4732
0.7833, 4731
0.7841, 4730
0.7847, 4729
0.7852, 4728
0.7857, 4727
0.7866, 4726
0.7873, 4725
0.7882, 4724
0.7891, 4723
0.7895, 4722
0.7903, 4721
0.7911, 4720
0.7916, 4719
0.7921, 4718
0.7926, 4717
0.7934, 4716
0.7942, 4715
0.7949, 4714
0.7958, 4713
0.7963, 4712
0.7971, 4711
0.7979, 4710
0.7988, 4709
0.7995, 4708
0.8004, 4707
0.8010, 4706
0.8019, 4705
0.8026, 4704
0.8033, 4703
0.8042, 4702
0.8051, 4701
0.8058, 4700
0.8067, 4699
0.8075, 4698
0.8082, 4697
0.8089, 4696
0.8097, 4695
0.8105, 4694
0.8114, 4693
0.8122, 4692
0.8131, 4691
0.8140, 4690
0.9884, 4689
1.2664, 4688
1.2669, 4687
1.4369, 4686
1.7173, 4685
1.7399, 4684
1.8061, 4683
1.9268, 4682
2.0531, 4681
2.2792, 4680
2.3449, 4679
2.5077, 4678
2.5902, 4677
2.7108, 4676
3.0338, 4675
3.0348, 4674
3.1210, 4673
3.3812, 4672
3.3819, 4671
3.4472, 4670
3.5527, 4669
3.6171, 4668
3.7233, 4667
3.8289, 4666
3.8297, 4665
3.8303, 4664
3.8973, 4663
4.3928, 4662
4.4740, 4661
4.9396, 4660
4.9800, 4659
5.1608, 4658
5.2207, 4657
5.3407, 4656
5.6135, 4655
6.0549, 4654
6.1146, 4653
6.1152, 4652
6.7275, 4651
6.8850, 4650
7.0207, 4649
7.7737, 4648
7.8397, 4647
7.9707, 4646
8.2788, 4645
8.2794, 4644
8.3686, 4643
8.3737, 4642
8.4283, 4641
8.8812, 4640
9.0564, 4639
9.0574, 4638
9.4024, 4637
9.5359, 4636
9.7573, 4635
9.9538, 4634
