0.1092, 4688
0.1386, 4687
0.2586, 4686
0.3394, 4684
0.3501, 4683
0.3605, 4682
0.4314, 4679
0.4515, 4678
0.5116, 4677
0.5717, 4676
0.5820, 4675
0.6031, 4674
0.6638, 4672
0.7346, 4671
0.8250, 4670
0.8854, 4669
0.9655, 4668
1.1867, 4666
1.2678, 4659
1.2883, 4658
1.3185, 4657
1.3497, 4656
1.3704, 4655
1.4418, 4654
1.4806, 4651
1.5209, 4650
1.5312, 4649
1.5714, 4646
1.6020, 4644
1.6431, 4643
1.6777, 4642
1.7124, 4641
1.7330, 4639
1.7431, 4637
1.7632, 4636
1.8623, 4635
1.9631, 4634
1.9835, 4632
2.1061, 4629
2.2197, 4628
2.2605, 4627
2.2709, 4626
2.2812, 4625
2.3017, 4623
2.3838, 4622
2.4241, 4621
2.4793, 4620
2.5551, 4618
2.5758, 4617
2.7081, 4616
3.1322, 4614
3.1831, 4613
3.3072, 4612
3.4691, 4611
3.4997, 4609
3.6109, 4608
3.7691, 4607
3.8771, 4606
4.0281, 4605
4.0695, 4603
4.1312, 4602
4.2329, 4601
4.3450, 4600
4.4561, 4599
4.5573, 4596
4.7824, 4595
4.8539, 4594
4.8951, 4593
5.1479, 4592
5.1692, 4591
5.2914, 4590
6.0686, 4589
6.1205, 4588
6.2415, 4586
6.4539, 4585
6.8621, 4584
6.9947, 4583
7.3142, 4581
7.3247, 4580
7.6202, 4579
7.8254, 4578
10.1629, 4576
