0.1088, 4688
0.1383, 4687
0.1487, 4685
0.1688, 4684
0.2093, 4683
0.2198, 4682
0.2303, 4681
0.2708, 4680
0.3007, 4679
0.3253, 4675
0.3606, 4674
0.4801, 4672
0.4902, 4671
0.5009, 4667
0.7003, 4666
0.7814, 4665
0.8621, 4664
0.9023, 4663
0.9231, 4662
0.9433, 4661
1.3264, 4660
1.3367, 4659
1.4077, 4658
1.4285, 4657
1.4485, 4656
1.6488, 4655
1.7000, 4654
1.7208, 4652
1.7310, 4651
1.9309, 4650
1.9711, 4649
1.9822, 4647
1.9927, 4646
2.0032, 4645
2.0836, 4644
2.5279, 4641
2.6291, 4640
2.7799, 4639
2.8018, 4635
2.8622, 4634
2.9228, 4632
2.9631, 4631
3.0039, 4630
3.0352, 4629
3.0856, 4628
3.1063, 4627
3.1469, 4626
3.3537, 4625
3.3949, 4624
3.4155, 4623
3.5577, 4622
3.5946, 4621
3.6296, 4620
3.8723, 4619
3.9638, 4618
4.0746, 4617
4.1447, 4616
4.1653, 4615
4.3213, 4612
4.4868, 4611
4.9519, 4610
4.9930, 4607
5.1533, 4606
5.4690, 4604
5.4898, 4596
5.6015, 4594
5.6117, 4593
6.2865, 4588
6.3637, 4587
6.5656, 4586
6.6368, 4585
6.8606, 4584
7.1354, 4583
7.2066, 4582
7.5969, 4581
8.3563, 4580
8.3775, 4579
8.7593, 4578
