0.0000, 5900
0.0005, 5899
0.0012, 5898
0.0018, 5897
0.0028, 5896
0.0036, 5895
0.0042, 5894
0.0049, 5893
0.0057, 5892
0.0062, 5891
0.0071, 5890
0.0076, 5889
0.0081, 5888
0.0086, 5887
0.0095, 5886
0.0105, 5885
0.0111, 5884
0.0123, 5883
0.0130, 5882
0.0141, 5881
0.0146, 5880
0.0155, 5879
0.0164, 5878
0.0173, 5877
0.0179, 5876
0.0184, 5875
0.0189, 5874
0.0195, 5873
0.0206, 5872
0.0212, 5871
0.0217, 5870
0.0222, 5869
0.0229, 5868
0.0234, 5867
0.0239, 5866
0.0244, 5865
0.0253, 5864
0.0261, 5863
0.0267, 5862
0.0272, 5861
0.0279, 5860
0.0285, 5859
0.0290, 5858
0.0295, 5857
0.0301, 5856
0.0308, 5855
0.0313, 5854
0.0318, 5853
0.0323, 5852
0.0333, 5851
0.0343, 5850
0.0348, 5849
0.0353, 5848
0.0359, 5847
0.0365, 5846
0.0370, 5845
0.0378, 5844
0.0383, 5843
0.0388, 5842
0.0394, 5841
0.0401, 5840
0.0408, 5839
0.0413, 5838
0.0418, 5837
0.0425, 5836
0.0431, 5835
0.0438, 5834
0.0443, 5833
0.0450, 5832
0.0455, 5831
0.0460, 5830
0.0468, 5829
0.0474, 5828
0.0479, 5827
0.0485, 5826
0.0494, 5825
0.0499, 5824
0.0505, 5823
0.0513, 5822
0.0518, 5821
0.0523, 5820
0.0528, 5819
0.0534, 5818
0.0539, 5817
0.0548, 5816
0.0554, 5815
0.0564, 5814
0.0573, 5813
0.0580, 5812
0.0586, 5811
0.0595, 5810
0.0602, 5809
0.0608, 5808
0.0614, 5807
0.0620, 5806
0.0628, 5805
0.0633, 5804
0.0638, 5803
0.0644, 5802
0.0649, 5801
0.0654, 5800
0.0663, 5799
0.0668, 5798
0.0675, 5797
0.0681, 5796
0.0687, 5795
0.0693, 5794
0.0700, 5793
0.0705, 5792
0.0711, 5791
0.0716, 5790
0.0721, 5789
0.0727, 5788
0.0733, 5787
0.0738, 5786
0.0751, 5785
0.0761, 5784
0.0770, 5783
0.0775, 5782
0.0780, 5781
0.0785, 5780
0.0792, 5779
0.0800, 5778
0.0806, 5777
0.0814, 5776
0.0821, 5775
0.0827, 5774
0.0834, 5773
0.0845, 5772
0.0851, 5771
0.0862, 5770
0.0869, 5769
0.0874, 5768
0.0881, 5767
0.0887, 5766
0.0894, 5765
0.0902, 5764
0.0908, 5763
0.0913, 5762
0.0919, 5761
0.0924, 5760
0.0934, 5759
0.0939, 5758
0.0945, 5757
0.0950, 5756
0.0955, 5755
0.0960, 5754
0.0969, 5753
0.0975, 5752
0.0981, 5751
0.0986, 5750
0.0992, 5749
0.1000, 5748
0.1005, 5747
0.1011, 5746
0.1020, 5745
0.1031, 5744
0.1036, 5743
0.1042, 5742
0.1047, 5741
0.1057, 5740
0.1063, 5739
0.1069, 5738
0.1075, 5737
0.1080, 5736
0.1086, 5735
0.1092, 5734
0.1097, 5733
0.1103, 5732
0.1109, 5731
0.1115, 5730
0.1120, 5729
0.1126, 5728
0.1131, 5727
0.1137, 5726
0.1143, 5725
0.1150, 5724
0.1156, 5723
0.1166, 5722
0.1173, 5721
0.1179, 5720
0.1186, 5719
0.1194, 5718
0.1203, 5717
0.1212, 5716
0.1221, 5715
0.1231, 5714
0.1236, 5713
0.1242, 5712
0.1248, 5711
0.1254, 5710
0.1259, 5709
0.1267, 5708
0.1275, 5707
0.1281, 5706
0.1287, 5705
0.1293, 5704
0.1298, 5703
0.1303, 5702
0.1309, 5701
0.1315, 5700
0.1326, 5699
0.1331, 5698
0.1336, 5697
0.1342, 5696
0.1353, 5695
0.1360, 5694
0.1366, 5693
0.1372, 5692
0.1377, 5691
0.1383, 5690
0.1388, 5689
0.1395, 5688
0.1401, 5687
0.1406, 5686
0.1416, 5685
0.1422, 5684
0.1428, 5683
0.1434, 5682
0.1440, 5681
0.1446, 5680
0.1452, 5679
0.1458, 5678
0.1464, 5677
0.1470, 5676
0.1476, 5675
0.1481, 5674
0.1487, 5673
0.1492, 5672
0.1498, 5671
0.1504, 5670
0.1510, 5669
0.1516, 5668
0.1522, 5667
0.1528, 5666
0.1534, 5665
0.1539, 5664
0.1545, 5663
0.1551, 5662
0.1561, 5661
0.1567, 5660
0.1576, 5659
0.1582, 5658
0.1593, 5657
0.1603, 5656
0.1612, 5655
0.1618, 5654
0.1626, 5653
0.1632, 5652
0.1638, 5651
0.1644, 5650
0.1649, 5649
0.1655, 5648
0.1662, 5647
0.1668, 5646
0.1674, 5645
0.1681, 5644
0.1686, 5643
0.1693, 5642
0.1698, 5641
0.1705, 5640
0.1713, 5639
0.1722, 5638
0.1728, 5637
0.1733, 5636
0.1740, 5635
0.1751, 5634
0.1757, 5633
0.1767, 5632
0.1776, 5631
0.1782, 5630
0.1792, 5629
0.1800, 5628
0.1806, 5627
0.1817, 5626
0.1826, 5625
0.1832, 5624
0.1841, 5623
0.1847, 5622
0.1853, 5621
0.1860, 5620
0.1867, 5619
0.1876, 5618
0.1882, 5617
0.1888, 5616
0.1894, 5615
0.1900, 5614
0.1910, 5613
0.1915, 5612
0.1921, 5611
0.1927, 5610
0.1934, 5609
0.1940, 5608
0.1946, 5607
0.1952, 5606
0.1957, 5605
0.1964, 5604
0.1969, 5603
0.1975, 5602
0.1981, 5601
0.1986, 5600
0.1991, 5599
0.1997, 5598
0.2002, 5597
0.2007, 5596
0.2013, 5595
0.2022, 5594
0.2028, 5593
0.2037, 5592
0.2043, 5591
0.2051, 5590
0.2059, 5589
0.2068, 5588
0.2074, 5587
0.2080, 5586
0.2086, 5585
0.2093, 5584
0.2103, 5583
0.2110, 5582
0.2116, 5581
0.2122, 5580
0.2128, 5579
0.2135, 5578
0.2141, 5577
0.2151, 5576
0.2158, 5575
0.2163, 5574
0.2171, 5573
0.2177, 5572
0.2182, 5571
0.2189, 5570
0.2198, 5569
0.2204, 5568
0.2213, 5567
0.2219, 5566
0.2224, 5565
0.2231, 5564
0.2238, 5563
0.2249, 5562
0.2255, 5561
0.2261, 5560
0.2267, 5559
0.2272, 5558
0.2278, 5557
0.2288, 5556
0.2294, 5555
0.2299, 5554
0.2305, 5553
0.2314, 5552
0.2320, 5551
0.2326, 5550
0.2333, 5549
0.2339, 5548
0.2346, 5547
0.2352, 5546
0.2358, 5545
0.2364, 5544
0.2369, 5543
0.2375, 5542
0.2382, 5541
0.2388, 5540
0.2394, 5539
0.2399, 5538
0.2405, 5537
0.2411, 5536
0.2416, 5535
0.2423, 5534
0.2432, 5533
0.2437, 5532
0.2443, 5531
0.2448, 5530
0.2455, 5529
0.2460, 5528
0.2466, 5527
0.2471, 5526
0.2479, 5525
0.2485, 5524
0.2492, 5523
0.2501, 5522
0.2512, 5521
0.2520, 5520
0.2528, 5519
0.2534, 5518
0.2539, 5517
0.2546, 5516
0.2552, 5515
0.2560, 5514
0.2566, 5513
0.2572, 5512
0.2578, 5511
0.2583, 5510
0.2589, 5509
0.2595, 5508
0.2601, 5507
0.2609, 5506
0.2614, 5505
0.2619, 5504
0.2625, 5503
0.2634, 5502
0.2640, 5501
0.2646, 5500
0.2652, 5499
0.2662, 5498
0.2669, 5497
0.2675, 5496
0.2681, 5495
0.2688, 5494
0.2694, 5493
0.2700, 5492
0.2706, 5491
0.2715, 5490
0.2724, 5489
0.2729, 5488
0.2735, 5487
0.2740, 5486
0.2746, 5485
0.2755, 5484
0.2761, 5483
0.2767, 5482
0.2776, 5481
0.2783, 5480
0.2788, 5479
0.2793, 5478
0.2799, 5477
0.2805, 5476
0.2811, 5475
0.2817, 5474
0.2825, 5473
0.2831, 5472
0.2837, 5471
0.2843, 5470
0.2849, 5469
0.2855, 5468
0.2861, 5467
0.2866, 5466
0.2877, 5465
0.2882, 5464
0.2888, 5463
0.2893, 5462
0.2899, 5461
0.2905, 5460
0.2911, 5459
0.2917, 5458
0.2923, 5457
0.2929, 5456
0.2937, 5455
0.2945, 5454
0.2950, 5453
0.2957, 5452
0.2962, 5451
0.2970, 5450
0.2975, 5449
0.2982, 5448
0.2988, 5447
0.2994, 5446
0.3000, 5445
0.3005, 5444
0.3016, 5443
0.3022, 5442
0.3028, 5441
0.3033, 5440
0.3039, 5439
0.3046, 5438
0.3055, 5437
0.3063, 5436
0.3069, 5435
0.3075, 5434
0.3081, 5433
0.3087, 5432
0.3097, 5431
0.3103, 5430
0.3108, 5429
0.3114, 5428
0.3120, 5427
0.3127, 5426
0.3136, 5425
0.3142, 5424
0.3148, 5423
0.3155, 5422
0.3162, 5421
0.3169, 5420
0.3178, 5419
0.3184, 5418
0.3189, 5417
0.3199, 5416
0.3205, 5415
0.3212, 5414
0.3218, 5413
0.3224, 5412
0.3230, 5411
0.3235, 5410
0.3241, 5409
0.3246, 5408
0.3251, 5407
0.3258, 5406
0.3266, 5405
0.3275, 5404
0.3282, 5403
0.3290, 5402
0.3296, 5401
0.3302, 5400
0.3309, 5399
0.3318, 5398
0.3325, 5397
0.3331, 5396
0.3338, 5395
0.3346, 5394
0.3354, 5393
0.3361, 5392
0.3368, 5391
0.3373, 5390
0.3378, 5389
0.3385, 5388
0.3391, 5387
0.3397, 5386
0.3406, 5385
0.3411, 5384
0.3418, 5383
0.3425, 5382
0.3432, 5381
0.3439, 5380
0.3444, 5379
0.3450, 5378
0.3458, 5377
0.3464, 5376
0.3470, 5375
0.3477, 5374
0.3484, 5373
0.3490, 5372
0.3495, 5371
0.3503, 5370
0.3509, 5369
0.3517, 5368
0.3524, 5367
0.3529, 5366
0.3537, 5365
0.3544, 5364
0.3550, 5363
0.3560, 5362
0.3567, 5361
0.3574, 5360
0.3581, 5359
0.3587, 5358
0.3594, 5357
0.3605, 5356
0.3610, 5355
0.3617, 5354
0.3623, 5353
0.3630, 5352
0.3636, 5351
0.3644, 5350
0.3650, 5349
0.3656, 5348
0.3662, 5347
0.3668, 5346
0.3677, 5345
0.3686, 5344
0.3691, 5343
0.3698, 5342
0.3705, 5341
0.3710, 5340
0.3716, 5339
0.3722, 5338
0.3728, 5337
0.3734, 5336
0.3740, 5335
0.3746, 5334
0.3753, 5333
0.3762, 5332
0.3773, 5331
0.3778, 5330
0.3784, 5329
0.3789, 5328
0.3796, 5327
0.3802, 5326
0.3808, 5325
0.3814, 5324
0.3820, 5323
0.3831, 5322
0.3840, 5321
0.3850, 5320
0.3858, 5319
0.3864, 5318
0.3870, 5317
0.3875, 5316
0.3883, 5315
0.3890, 5314
0.3897, 5313
0.3903, 5312
0.3911, 5311
0.3918, 5310
0.3924, 5309
0.3931, 5308
0.3940, 5307
0.3947, 5306
0.3953, 5305
0.3959, 5304
0.3965, 5303
0.3971, 5302
0.3977, 5301
0.3983, 5300
0.3989, 5299
0.3995, 5298
0.4001, 5297
0.4007, 5296
0.4014, 5295
0.4021, 5294
0.4026, 5293
0.4032, 5292
0.4040, 5291
0.4047, 5290
0.4054, 5289
0.4062, 5288
0.4069, 5287
0.4074, 5286
0.4081, 5285
0.4086, 5284
0.4094, 5283
0.4099, 5282
0.4105, 5281
0.4111, 5280
0.4117, 5279
0.4122, 5278
0.4128, 5277
0.4134, 5276
0.4142, 5275
0.4148, 5274
0.4157, 5273
0.4163, 5272
0.4168, 5271
0.4174, 5270
0.4181, 5269
0.4188, 5268
0.4193, 5267
0.4198, 5266
0.4204, 5265
0.4212, 5264
0.4218, 5263
0.4225, 5262
0.4231, 5261
0.4236, 5260
0.4244, 5259
0.4250, 5258
0.4256, 5257
0.4263, 5256
0.4270, 5255
0.4277, 5254
0.4287, 5253
0.4294, 5252
0.4301, 5251
0.4312, 5250
0.4318, 5249
0.4323, 5248
0.4330, 5247
0.4337, 5246
0.4343, 5245
0.4349, 5244
0.4356, 5243
0.4361, 5242
0.4367, 5241
0.4374, 5240
0.4379, 5239
0.4384, 5238
0.4391, 5237
0.4400, 5236
0.4405, 5235
0.4411, 5234
0.4418, 5233
0.4423, 5232
0.4430, 5231
0.4436, 5230
0.4442, 5229
0.4448, 5228
0.4454, 5227
0.4463, 5226
0.4468, 5225
0.4474, 5224
0.4483, 5223
0.4492, 5222
0.4499, 5221
0.4507, 5220
0.4514, 5219
0.4520, 5218
0.4525, 5217
0.4531, 5216
0.4539, 5215
0.4546, 5214
0.4551, 5213
0.4559, 5212
0.4566, 5211
0.4574, 5210
0.4583, 5209
0.4589, 5208
0.4596, 5207
0.4604, 5206
0.4612, 5205
0.4618, 5204
0.4627, 5203
0.4633, 5202
0.4640, 5201
0.4646, 5200
0.4654, 5199
0.4660, 5198
0.4668, 5197
0.4675, 5196
0.4681, 5195
0.4689, 5194
0.4695, 5193
0.4700, 5192
0.4706, 5191
0.4712, 5190
0.4720, 5189
0.4725, 5188
0.4730, 5187
0.4736, 5186
0.4743, 5185
0.4749, 5184
0.4755, 5183
0.4763, 5182
0.4770, 5181
0.4777, 5180
0.4787, 5179
0.4792, 5178
0.4801, 5177
0.4808, 5176
0.4814, 5175
0.4823, 5174
0.4830, 5173
0.4838, 5172
0.4844, 5171
0.4850, 5170
0.4855, 5169
0.4863, 5168
0.4869, 5167
0.4875, 5166
0.4882, 5165
0.4890, 5164
0.4895, 5163
0.4903, 5162
0.4909, 5161
0.4919, 5160
0.4927, 5159
0.4934, 5158
0.4941, 5157
0.4947, 5156
0.4952, 5155
0.4959, 5154
0.4966, 5153
0.4975, 5152
0.4982, 5151
0.4987, 5150
0.4994, 5149
0.5001, 5148
0.5007, 5147
0.5013, 5146
0.5018, 5145
0.5023, 5144
0.5030, 5143
0.5036, 5142
0.5041, 5141
0.5047, 5140
0.5053, 5139
0.5059, 5138
0.5066, 5137
0.5074, 5136
0.5080, 5135
0.5087, 5134
0.5093, 5133
0.5099, 5132
0.5104, 5131
0.5112, 5130
0.5118, 5129
0.5125, 5128
0.5132, 5127
0.5139, 5126
0.5147, 5125
0.5153, 5124
0.5158, 5123
0.5164, 5122
0.5169, 5121
0.5177, 5120
0.5183, 5119
0.5188, 5118
0.5193, 5117
0.5198, 5116
0.5204, 5115
0.5210, 5114
0.5218, 5113
0.5225, 5112
0.5233, 5111
0.5241, 5110
0.5247, 5109
0.5252, 5108
0.5258, 5107
0.5263, 5106
0.5270, 5105
0.5276, 5104
0.5283, 5103
0.5290, 5102
0.5296, 5101
0.5306, 5100
0.5313, 5099
0.5320, 5098
0.5328, 5097
0.5333, 5096
0.5340, 5095
0.5346, 5094
0.5352, 5093
0.5359, 5092
0.5365, 5091
0.5372, 5090
0.5377, 5089
0.5384, 5088
0.5392, 5087
0.5401, 5086
0.5407, 5085
0.5413, 5084
0.5419, 5083
0.5426, 5082
0.5433, 5081
0.5438, 5080
0.5445, 5079
0.5451, 5078
0.5457, 5077
0.5464, 5076
0.5469, 5075
0.5476, 5074
0.5484, 5073
0.5491, 5072
0.5497, 5071
0.5502, 5070
0.5507, 5069
0.5515, 5068
0.5524, 5067
0.5531, 5066
0.5538, 5065
0.5545, 5064
0.5556, 5063
0.5562, 5062
0.5569, 5061
0.5574, 5060
0.5582, 5059
0.5588, 5058
0.5593, 5057
0.5599, 5056
0.5605, 5055
0.5612, 5054
0.5618, 5053
0.5625, 5052
0.5631, 5051
0.5636, 5050
0.5642, 5049
0.5648, 5048
0.5656, 5047
0.5662, 5046
0.5672, 5045
0.5679, 5044
0.5685, 5043
0.5691, 5042
0.5697, 5041
0.5706, 5040
0.5711, 5039
0.5718, 5038
0.5726, 5037
0.5731, 5036
0.5736, 5035
0.5744, 5034
0.5752, 5033
0.5758, 5032
0.5764, 5031
0.5774, 5030
0.5780, 5029
0.5789, 5028
0.5794, 5027
0.5801, 5026
0.5807, 5025
0.5813, 5024
0.5820, 5023
0.5826, 5022
0.5832, 5021
0.5840, 5020
0.5850, 5019
0.5858, 5018
0.5864, 5017
0.5869, 5016
0.5875, 5015
0.5884, 5014
0.5891, 5013
0.5898, 5012
0.5905, 5011
0.5911, 5010
0.5919, 5009
0.5924, 5008
0.5930, 5007
0.5936, 5006
0.5945, 5005
0.5950, 5004
0.5958, 5003
0.5964, 5002
0.5970, 5001
0.5979, 5000
0.5985, 4999
0.5993, 4998
0.5999, 4997
0.6005, 4996
0.6012, 4995
0.6017, 4994
0.6023, 4993
0.6030, 4992
0.6036, 4991
0.6043, 4990
0.6051, 4989
0.6060, 4988
0.6068, 4987
0.6074, 4986
0.6080, 4985
0.6086, 4984
0.6093, 4983
0.6099, 4982
0.6107, 4981
0.6115, 4980
0.6124, 4979
0.6129, 4978
0.6135, 4977
0.6141, 4976
0.6151, 4975
0.6160, 4974
0.6166, 4973
0.6171, 4972
0.6179, 4971
0.6186, 4970
0.6191, 4969
0.6199, 4968
0.6206, 4967
0.6212, 4966
0.6219, 4965
0.6225, 4964
0.6231, 4963
0.6236, 4962
0.6243, 4961
0.6251, 4960
0.6256, 4959
0.6261, 4958
0.6266, 4957
0.6272, 4956
0.6280, 4955
0.6285, 4954
0.6291, 4953
0.6297, 4952
0.6304, 4951
0.6314, 4950
0.6322, 4949
0.6333, 4948
0.6339, 4947
0.6345, 4946
0.6353, 4945
0.6358, 4944
0.6364, 4943
0.6370, 4942
0.6375, 4941
0.6381, 4940
0.6386, 4939
0.6392, 4938
0.6398, 4937
0.6404, 4936
0.6411, 4935
0.6420, 4934
0.6429, 4933
0.6434, 4932
0.6440, 4931
0.6446, 4930
0.6452, 4929
0.6459, 4928
0.6464, 4927
0.6471, 4926
0.6478, 4925
0.6484, 4924
0.6490, 4923
0.6498, 4922
0.6505, 4921
0.6510, 4920
0.6516, 4919
0.6526, 4918
0.6534, 4917
0.6540, 4916
0.6548, 4915
0.6553, 4914
0.6559, 4913
0.6564, 4912
0.6569, 4911
0.6574, 4910
0.6580, 4909
0.6589, 4908
0.6594, 4907
0.6600, 4906
0.6606, 4905
0.6611, 4904
0.6617, 4903
0.6622, 4902
0.6630, 4901
0.6635, 4900
0.6644, 4899
0.6651, 4898
0.6656, 4897
0.6662, 4896
0.6668, 4895
0.6674, 4894
0.6681, 4893
0.6686, 4892
0.6694, 4891
0.6702, 4890
0.6709, 4889
0.6714, 4888
0.6720, 4887
0.6725, 4886
0.6731, 4885
0.6736, 4884
0.6742, 4883
0.6748, 4882
0.6754, 4881
0.6760, 4880
0.6766, 4879
0.6774, 4878
0.6780, 4877
0.6785, 4876
0.6792, 4875
0.6798, 4874
0.6803, 4873
0.6809, 4872
0.6817, 4871
0.6824, 4870
0.6831, 4869
0.6840, 4868
0.6845, 4867
0.6850, 4866
0.6855, 4865
0.6865, 4864
0.6873, 4863
0.6879, 4862
0.6884, 4861
0.6891, 4860
0.6898, 4859
0.6906, 4858
0.6912, 4857
0.6919, 4856
0.6927, 4855
0.6933, 4854
0.6944, 4853
0.6949, 4852
0.6954, 4851
0.6960, 4850
0.6969, 4849
0.6976, 4848
0.6983, 4847
0.6988, 4846
0.6993, 4845
0.7001, 4844
0.7006, 4843
0.7011, 4842
0.7016, 4841
0.7023, 4840
0.7030, 4839
0.7040, 4838
0.7047, 4837
0.7054, 4836
0.7058, 4835
0.7064, 4834
0.7071, 4833
0.7076, 4832
0.7082, 4831
0.7091, 4830
0.7097, 4829
0.7103, 4828
0.7109, 4827
0.7119, 4826
0.7127, 4825
0.7132, 4824
0.7139, 4823
0.7145, 4822
0.7150, 4821
0.7157, 4820
0.7161, 4819
0.7168, 4818
0.7173, 4817
0.7179, 4816
0.7184, 4815
0.7189, 4814
0.7198, 4813
0.7207, 4812
0.7213, 4811
0.7218, 4810
0.7228, 4809
0.7233, 4808
0.7238, 4807
0.7243, 4806
0.7248, 4805
0.7256, 4804
0.7265, 4803
0.7270, 4802
0.7275, 4801
0.7282, 4800
0.7289, 4799
0.7294, 4798
0.7299, 4797
0.7305, 4796
0.7311, 4795
0.7318, 4794
0.7325, 4793
0.7330, 4792
0.7337, 4791
0.7342, 4790
0.7350, 4789
0.7356, 4788
0.7362, 4787
0.7367, 4786
0.7373, 4785
0.7379, 4784
0.7384, 4783
0.7391, 4782
0.7397, 4781
0.7405, 4780
0.7414, 4779
0.7419, 4778
0.7427, 4777
0.7432, 4776
0.7437, 4775
0.7442, 4774
0.7452, 4773
0.7457, 4772
0.7465, 4771
0.7470, 4770
0.7476, 4769
0.7484, 4768
0.7490, 4767
0.7495, 4766
0.7501, 4765
0.7510, 4764
0.7518, 4763
0.7524, 4762
0.7530, 4761
0.7535, 4760
0.7541, 4759
0.7552, 4758
0.7558, 4757
0.7564, 4756
0.7572, 4755
0.7577, 4754
0.7583, 4753
0.7588, 4752
0.7593, 4751
0.7601, 4750
0.7606, 4749
0.7612, 4748
0.7617, 4747
0.7626, 4746
0.7632, 4745
0.7640, 4744
0.7647, 4743
0.7655, 4742
0.7663, 4741
0.7669, 4740
0.7674, 4739
0.7679, 4738
0.7685, 4737
0.7691, 4736
0.7700, 4735
0.7705, 4734
0.7711, 4733
0.7716, 4732
0.7721, 4731
0.7729, 4730
0.7734, 4729
0.7739, 4728
0.7745, 4727
0.7753, 4726
0.7760, 4725
0.7769, 4724
0.7778, 4723
0.7782, 4722
0.7790, 4721
0.7798, 4720
0.7803, 4719
0.7808, 4718
0.7813, 4717
0.7821, 4716
0.7829, 4715
0.7836, 4714
0.7844, 4713
0.7849, 4712
0.7857, 4711
0.7865, 4710
0.7874, 4709
0.7881, 4708
0.7890, 4707
0.7895, 4706
0.7903, 4705
0.7910, 4704
0.7917, 4703
0.7926, 4702
0.7935, 4701
0.7943, 4700
0.7952, 4699
0.7960, 4698
0.7967, 4697
0.7974, 4696
0.7982, 4695
0.7989, 4694
0.7999, 4693
0.8007, 4692
0.8016, 4691
0.8025, 4690
1.1018, 4689
1.2197, 4688
1.2396, 4687
1.2990, 4686
1.6117, 4685
1.6512, 4684
1.7104, 4683
1.8279, 4682
1.9467, 4681
2.1627, 4680
2.2216, 4679
2.3978, 4678
2.4965, 4677
2.5753, 4676
2.8530, 4675
2.8783, 4674
2.9849, 4673
3.2012, 4672
3.2019, 4671
3.2620, 4670
3.3613, 4669
3.4012, 4668
3.4793, 4667
3.5966, 4666
3.6362, 4665
3.6369, 4664
3.6762, 4663
4.1091, 4662
4.2078, 4661
4.6606, 4660
4.7010, 4659
4.9180, 4658
4.9185, 4657
5.1168, 4656
5.4145, 4655
5.7692, 4654
5.8288, 4653
5.8293, 4652
6.3598, 4651
6.4776, 4650
6.5971, 4649
7.2857, 4648
7.4783, 4647
7.4793, 4646
7.7608, 4645
7.8007, 4644
7.8599, 4643
7.8606, 4642
7.9051, 4641
8.3192, 4640
8.4959, 4639
8.4965, 4638
8.7717, 4637
8.8313, 4636
9.1243, 4635
9.2816, 4634
9.3413, 4633
9.6356, 4632
9.7724, 4631
