0.1094, 4688
0.1391, 4686
0.2100, 4682
0.2601, 4681
0.3215, 4680
0.4515, 4679
0.4618, 4678
0.5620, 4675
0.5826, 4674
0.6128, 4673
0.6537, 4672
0.6643, 4671
0.8660, 4670
0.8967, 4669
0.9070, 4668
0.9471, 4667
0.9683, 4664
1.1089, 4663
1.1291, 4662
1.2097, 4661
1.2400, 4659
1.2504, 4658
1.2612, 4653
1.2715, 4651
1.3735, 4650
1.4578, 4649
1.4982, 4648
1.5487, 4647
1.5993, 4646
1.7009, 4645
1.7321, 4644
1.7625, 4643
1.8826, 4641
1.9635, 4640
2.1853, 4638
2.2461, 4637
2.3070, 4636
2.3737, 4635
2.4494, 4633
2.5299, 4632
2.6108, 4631
2.7827, 4630
2.8243, 4628
2.8354, 4627
2.8488, 4626
2.9218, 4624
2.9320, 4623
2.9936, 4620
3.0679, 4619
3.1129, 4617
3.2729, 4616
3.3044, 4614
3.3251, 4613
3.3455, 4612
3.4067, 4611
3.4475, 4610
3.5701, 4609
3.7915, 4608
4.0558, 4607
4.5642, 4606
4.6222, 4603
4.6581, 4602
4.6684, 4601
4.7995, 4600
4.8103, 4598
4.9538, 4597
5.0140, 4596
5.1578, 4595
5.1784, 4594
5.4831, 4593
5.7169, 4592
5.8482, 4591
5.8790, 4590
6.1629, 4589
6.1833, 4588
6.4859, 4587
6.9323, 4586
6.9429, 4585
7.3640, 4584
7.5100, 4582
7.5615, 4581
7.8953, 4580
8.0172, 4579
8.0998, 4578
8.1403, 4577
8.8229, 4576
8.9223, 4574
9.1239, 4573
9.1443, 4572
9.3778, 4571
9.8860, 4570
