0.1084, 4688
0.1374, 4687
0.2078, 4684
0.3187, 4683
0.4505, 4682
0.5012, 4680
0.5630, 4679
0.7051, 4677
0.7573, 4676
0.7676, 4675
0.8587, 4674
0.8899, 4672
0.9510, 4671
0.9712, 4670
0.9819, 4669
1.0597, 4668
1.0954, 4667
1.1058, 4666
1.1469, 4665
1.2182, 4663
1.2391, 4658
1.4211, 4657
1.4620, 4656
1.5520, 4655
1.6729, 4647
1.7428, 4646
1.8240, 4644
1.8955, 4640
1.9961, 4637
2.0064, 4636
2.0871, 4635
2.4709, 4634
2.4819, 4628
2.5159, 4627
2.6108, 4626
2.6723, 4624
2.7434, 4622
2.8134, 4621
2.9990, 4620
3.0094, 4619
3.0306, 4618
3.0610, 4617
3.0816, 4615
3.0920, 4614
3.1224, 4613
3.2134, 4612
3.2345, 4611
3.2754, 4610
3.3166, 4608
3.3774, 4605
3.4085, 4604
3.4998, 4603
3.5600, 4602
3.5866, 4601
3.7157, 4600
3.8277, 4599
3.8379, 4598
3.8698, 4597
3.9609, 4596
3.9817, 4595
4.0765, 4594
4.2485, 4593
4.3496, 4592
4.3598, 4591
4.4102, 4590
4.4304, 4589
4.4819, 4587
4.5175, 4586
4.6669, 4585
4.7279, 4584
5.1001, 4583
5.1209, 4582
5.4574, 4581
5.6402, 4580
5.7121, 4579
5.8047, 4578
6.1385, 4577
6.4606, 4576
6.6136, 4575
6.6857, 4573
6.7981, 4572
7.3908, 4571
9.1093, 4570
9.2420, 4569
9.9950, 4568
