0.1089, 4688
0.1381, 4687
0.1483, 4686
0.2091, 4685
0.2194, 4684
0.2397, 4683
0.2601, 4680
0.3625, 4679
0.3728, 4678
0.3831, 4675
0.4240, 4673
0.4342, 4672
0.5181, 4670
0.5789, 4669
0.7098, 4668
0.8104, 4665
0.8211, 4663
0.8517, 4661
0.8820, 4660
0.9320, 4659
0.9827, 4658
0.9933, 4657
1.0036, 4656
1.0341, 4655
1.0448, 4654
1.0662, 4653
1.0871, 4652
1.1583, 4651
1.1983, 4648
1.3090, 4647
1.3601, 4646
1.3809, 4644
1.4267, 4641
1.4917, 4640
1.6926, 4639
1.7433, 4638
1.7538, 4631
1.8148, 4630
1.9176, 4628
1.9381, 4627
1.9690, 4626
2.0302, 4625
2.1914, 4624
2.2540, 4622
2.6272, 4621
2.6985, 4620
2.7805, 4617
2.8568, 4613
2.8823, 4612
3.0248, 4611
3.1982, 4610
3.2401, 4609
3.4646, 4608
3.5570, 4607
3.8724, 4606
4.0262, 4605
4.0367, 4604
4.1078, 4603
4.1282, 4602
4.1592, 4601
4.3745, 4600
4.5264, 4599
4.7392, 4598
4.8021, 4596
4.9647, 4595
5.1383, 4594
5.1692, 4593
5.3324, 4592
5.6878, 4591
5.7290, 4590
5.7497, 4589
6.1051, 4587
6.1155, 4586
6.1259, 4585
6.3347, 4584
6.6890, 4583
6.8316, 4581
6.8740, 4580
7.0740, 4578
7.1048, 4576
8.1990, 4575
8.2196, 4574
8.2511, 4572
8.6021, 4571
8.6247, 4570
8.8405, 4568
9.3873, 4567
9.5626, 4566
9.6959, 4565
