0.0000, 4956
0.0005, 4955
0.0010, 4954
0.0014, 4953
0.0020, 4952
0.0024, 4951
0.0029, 4950
0.0034, 4949
0.0038, 4948
0.0043, 4947
0.0048, 4946
0.0052, 4945
0.0057, 4944
0.0062, 4943
0.0066, 4942
0.0071, 4941
0.0076, 4940
0.0081, 4939
0.0086, 4938
0.0091, 4937
0.0096, 4936
0.0100, 4935
0.0105, 4934
0.0110, 4933
0.0114, 4932
0.0119, 4931
0.0124, 4930
0.0128, 4929
0.0133, 4928
0.0138, 4927
0.0142, 4926
0.0147, 4925
0.0152, 4924
0.0156, 4923
0.0161, 4922
0.0166, 4921
0.0170, 4920
0.0175, 4919
0.0180, 4918
0.0184, 4917
0.0189, 4916
0.0194, 4915
0.0199, 4914
0.0203, 4913
0.0208, 4912
0.0213, 4911
0.0217, 4910
0.0222, 4909
0.0226, 4908
0.0231, 4907
0.0236, 4906
0.0241, 4905
0.0245, 4904
0.0250, 4903
0.0255, 4902
0.0259, 4901
0.0264, 4900
0.0269, 4899
0.0274, 4898
0.0278, 4897
0.0283, 4896
0.0288, 4895
0.0293, 4894
0.0298, 4893
0.0302, 4892
0.0307, 4891
0.0312, 4890
0.0317, 4889
0.0322, 4888
0.0326, 4887
0.0331, 4886
0.0336, 4885
0.0340, 4884
0.0345, 4883
0.0350, 4882
0.0354, 4881
0.0359, 4880
0.0363, 4879
0.0368, 4878
0.0373, 4877
0.0377, 4876
0.0382, 4875
0.0387, 4874
0.0391, 4873
0.0396, 4872
0.0401, 4871
0.0405, 4870
0.0410, 4869
0.0415, 4868
0.0419, 4867
0.0424, 4866
0.0429, 4865
0.0434, 4864
0.0439, 4863
0.0443, 4862
0.0448, 4861
0.0453, 4860
0.0457, 4859
0.0462, 4858
0.0467, 4857
0.0472, 4856
0.0476, 4855
0.0481, 4854
0.0485, 4853
0.0490, 4852
0.0495, 4851
0.0499, 4850
0.0504, 4849
0.0509, 4848
0.0514, 4847
0.0519, 4846
0.0523, 4845
0.0528, 4844
0.0533, 4843
0.0537, 4842
0.0542, 4841
0.0547, 4840
0.0551, 4839
0.0556, 4838
0.0560, 4837
0.0565, 4836
0.0570, 4835
0.0574, 4834
0.0579, 4833
0.0585, 4832
0.0589, 4831
0.0594, 4830
0.0599, 4829
0.0603, 4828
0.0608, 4827
0.0612, 4826
0.0617, 4825
0.0622, 4824
0.0626, 4823
0.0631, 4822
0.0636, 4821
0.0641, 4820
0.0646, 4819
0.0650, 4818
0.0655, 4817
0.0659, 4816
0.0664, 4815
0.0668, 4814
0.0673, 4813
0.0677, 4812
0.0682, 4811
0.0687, 4810
0.0691, 4809
0.0696, 4808
0.0700, 4807
0.0705, 4806
0.0709, 4805
0.0714, 4804
0.0718, 4803
0.0723, 4802
0.0728, 4801
0.0732, 4800
0.0737, 4799
0.0742, 4798
0.0746, 4797
0.0751, 4796
0.0755, 4795
0.0760, 4794
0.0764, 4793
0.0768, 4792
0.0773, 4791
0.0778, 4790
0.0782, 4789
0.0787, 4788
0.0792, 4787
0.0796, 4786
0.0801, 4785
0.0806, 4784
0.0811, 4783
0.0815, 4782
0.0820, 4781
0.0824, 4780
0.0829, 4779
0.0834, 4778
0.0839, 4777
0.0843, 4776
0.0848, 4775
0.0852, 4774
0.0858, 4773
0.0862, 4772
0.0867, 4771
0.0872, 4770
0.0877, 4769
0.0881, 4768
0.0886, 4767
0.0890, 4766
0.0895, 4765
0.0899, 4764
0.0904, 4763
0.0909, 4762
0.0914, 4761
0.0918, 4760
0.0923, 4759
0.0927, 4758
0.0932, 4757
0.0936, 4756
0.0941, 4755
0.0946, 4754
0.0950, 4753
0.0955, 4752
0.0959, 4751
0.0964, 4750
0.0968, 4749
0.0973, 4748
0.0977, 4747
0.0982, 4746
0.0986, 4745
0.0991, 4744
0.0996, 4743
0.1000, 4742
0.1005, 4741
0.1009, 4740
0.1014, 4739
0.1018, 4738
0.1023, 4737
0.1028, 4736
0.1033, 4735
0.1037, 4734
0.1042, 4733
0.1046, 4732
0.1051, 4731
0.1055, 4730
0.1060, 4729
0.1064, 4728
0.1069, 4727
0.1073, 4726
0.1078, 4725
0.1082, 4724
0.1087, 4723
0.1092, 4722
0.1096, 4721
0.1101, 4720
0.1106, 4719
0.1110, 4718
0.1115, 4717
0.1119, 4716
0.1124, 4715
0.1128, 4714
0.1133, 4713
0.1137, 4712
0.1142, 4711
0.1147, 4710
0.1151, 4709
0.1156, 4708
0.1160, 4707
0.1165, 4706
0.1169, 4705
0.1174, 4704
0.1178, 4703
0.1182, 4702
0.1187, 4701
0.1191, 4700
0.1196, 4699
0.1201, 4698
0.1205, 4697
0.1210, 4696
0.1214, 4695
0.1219, 4694
0.1224, 4693
0.1229, 4692
0.1234, 4691
0.1239, 4690
0.1243, 4689
0.1248, 4688
0.1252, 4687
0.1257, 4686
0.1262, 4685
0.1266, 4684
0.1271, 4683
0.1276, 4682
0.1280, 4681
0.1285, 4680
0.1289, 4679
0.1294, 4678
0.1298, 4677
0.1303, 4676
0.1308, 4675
0.1312, 4674
0.1317, 4673
0.1321, 4672
0.1325, 4671
0.1330, 4670
0.1334, 4669
0.1339, 4668
0.1344, 4667
0.1348, 4666
0.1353, 4665
0.1357, 4664
0.1362, 4663
0.1366, 4662
0.1371, 4661
0.1376, 4660
0.1380, 4659
0.1385, 4658
0.1390, 4657
0.1394, 4656
0.1399, 4655
0.1403, 4654
0.1407, 4653
0.1412, 4652
0.1416, 4651
0.1421, 4650
0.1426, 4649
0.1431, 4648
0.1435, 4647
0.1440, 4646
0.1444, 4645
0.1449, 4644
0.1454, 4643
0.1459, 4642
0.1463, 4641
0.1468, 4640
0.1473, 4639
0.1477, 4638
0.1482, 4637
0.1487, 4636
0.1491, 4635
0.1496, 4634
0.1501, 4633
0.1505, 4632
0.1510, 4631
0.1514, 4630
0.1519, 4629
0.1524, 4628
0.1529, 4627
0.1533, 4626
0.1538, 4625
0.1543, 4624
0.1547, 4623
0.1552, 4622
0.1556, 4621
0.1561, 4620
0.1565, 4619
0.1570, 4618
0.1575, 4617
0.1579, 4616
0.1584, 4615
0.1589, 4614
0.1594, 4613
0.1599, 4612
0.1603, 4611
0.1608, 4610
0.1612, 4609
0.1617, 4608
0.1622, 4607
0.1626, 4606
0.1631, 4605
0.1635, 4604
0.1640, 4603
0.1645, 4602
0.1649, 4601
0.1654, 4600
0.1658, 4599
0.1663, 4598
0.1668, 4597
0.1672, 4596
0.1677, 4595
0.1681, 4594
0.1686, 4593
0.1691, 4592
0.1695, 4591
0.1700, 4590
0.1704, 4589
0.1708, 4588
0.1713, 4587
0.1718, 4586
0.1723, 4585
0.1727, 4584
0.1732, 4583
0.1737, 4582
0.1741, 4581
0.1745, 4580
0.1750, 4579
0.1754, 4578
0.1759, 4577
0.1764, 4576
0.1768, 4575
0.1773, 4574
0.1777, 4573
0.1782, 4572
0.1786, 4571
0.1791, 4570
0.1796, 4569
0.1800, 4568
0.1805, 4567
0.1809, 4566
0.1814, 4565
0.1818, 4564
0.1823, 4563
0.1827, 4562
0.1832, 4561
0.1836, 4560
0.1841, 4559
0.1845, 4558
0.1849, 4557
0.1854, 4556
0.1858, 4555
0.1862, 4554
0.1867, 4553
0.1871, 4552
0.1876, 4551
0.1880, 4550
0.1885, 4549
0.1889, 4548
0.1894, 4547
0.1898, 4546
0.1903, 4545
0.1907, 4544
0.1912, 4543
0.1916, 4542
0.1920, 4541
0.1925, 4540
0.1929, 4539
0.1933, 4538
0.1938, 4537
0.1942, 4536
0.1947, 4535
0.1951, 4534
0.1956, 4533
0.1960, 4532
0.1965, 4531
0.1969, 4530
0.1974, 4529
0.1978, 4528
0.1982, 4527
0.1986, 4526
0.1991, 4525
0.1995, 4524
0.2000, 4523
0.2004, 4522
0.2008, 4521
0.2013, 4520
0.2017, 4519
0.2021, 4518
0.2026, 4517
0.2031, 4516
0.2036, 4515
0.2040, 4514
0.2044, 4513
0.2049, 4512
0.2053, 4511
0.2058, 4510
0.2062, 4509
0.2067, 4508
0.2072, 4507
0.2076, 4506
0.2080, 4505
0.2085, 4504
0.2089, 4503
0.2093, 4502
0.2098, 4501
0.2102, 4500
0.2107, 4499
0.2111, 4498
0.2115, 4497
0.2119, 4496
0.2124, 4495
0.2128, 4494
0.2133, 4493
0.2137, 4492
0.2142, 4491
0.2146, 4490
0.2151, 4489
0.2155, 4488
0.2160, 4487
0.2164, 4486
0.2169, 4485
0.2173, 4484
0.2178, 4483
0.2182, 4482
0.2187, 4481
0.2191, 4480
0.2196, 4479
0.2200, 4478
0.2205, 4477
0.2210, 4476
0.2214, 4475
0.2219, 4474
0.2224, 4473
0.2228, 4472
0.2232, 4471
0.2236, 4470
0.2241, 4469
0.2245, 4468
0.2250, 4467
0.2254, 4466
0.2258, 4465
0.2262, 4464
0.2267, 4463
0.2271, 4462
0.2276, 4461
0.2280, 4460
0.2285, 4459
0.2289, 4458
0.2293, 4457
0.2297, 4456
0.2301, 4455
0.2306, 4454
0.2311, 4453
0.2315, 4452
0.2320, 4451
0.2324, 4450
0.2329, 4449
0.2333, 4448
0.2337, 4447
0.2342, 4446
0.2346, 4445
0.2350, 4444
0.2355, 4443
0.2359, 4442
0.2363, 4441
0.2368, 4440
0.2372, 4439
0.2376, 4438
0.2381, 4437
0.2385, 4436
0.2389, 4435
0.2393, 4434
0.2397, 4433
0.2402, 4432
0.2406, 4431
0.2410, 4430
0.2415, 4429
0.2419, 4428
0.2423, 4427
0.2427, 4426
0.2431, 4425
0.2436, 4424
0.2440, 4423
0.2444, 4422
0.2449, 4421
0.2454, 4420
0.2459, 4419
0.2463, 4418
0.2467, 4417
0.2472, 4416
0.2476, 4415
0.2480, 4414
0.2485, 4413
0.2489, 4412
0.2494, 4411
0.2499, 4410
0.2503, 4409
0.2507, 4408
0.2511, 4407
0.2516, 4406
0.2520, 4405
0.2525, 4404
0.2529, 4403
0.2534, 4402
0.2538, 4401
0.2543, 4400
0.2547, 4399
0.2551, 4398
0.2556, 4397
0.2560, 4396
0.2564, 4395
0.2568, 4394
0.2573, 4393
0.2577, 4392
0.2582, 4391
0.2586, 4390
0.2591, 4389
0.2595, 4388
0.2600, 4387
0.2604, 4386
0.2608, 4385
0.2613, 4384
0.2617, 4383
0.2621, 4382
0.2626, 4381
0.2630, 4380
0.2634, 4379
0.2639, 4378
0.2643, 4377
0.2648, 4376
0.2652, 4375
0.2656, 4374
0.2660, 4373
0.2665, 4372
0.2670, 4371
0.2674, 4370
0.2679, 4369
0.2683, 4368
0.2688, 4367
0.2692, 4366
0.2696, 4365
0.2701, 4364
0.2705, 4363
0.2709, 4362
0.2714, 4361
0.2718, 4360
0.2723, 4359
0.2727, 4358
0.2732, 4357
0.2736, 4356
0.2740, 4355
0.2745, 4354
0.2749, 4353
0.2753, 4352
0.2758, 4351
0.2762, 4350
0.2766, 4349
0.2771, 4348
0.2776, 4347
0.2780, 4346
0.2785, 4345
0.2790, 4344
0.2794, 4343
0.2799, 4342
0.2804, 4341
0.2808, 4340
0.2812, 4339
0.2817, 4338
0.2821, 4337
0.2825, 4336
0.2829, 4335
0.2834, 4334
0.2839, 4333
0.2843, 4332
0.2847, 4331
0.2852, 4330
0.2856, 4329
0.2861, 4328
0.2865, 4327
0.2869, 4326
0.2874, 4325
0.2878, 4324
0.2883, 4323
0.2887, 4322
0.2891, 4321
0.2896, 4320
0.2900, 4319
0.2904, 4318
0.2908, 4317
0.2912, 4316
0.2916, 4315
0.2921, 4314
0.2925, 4313
0.2929, 4312
0.2934, 4311
0.2938, 4310
0.2943, 4309
0.2947, 4308
0.2952, 4307
0.2956, 4306
0.2961, 4305
0.2965, 4304
0.2969, 4303
0.2974, 4302
0.2978, 4301
0.2982, 4300
0.2986, 4299
0.2991, 4298
0.2995, 4297
0.2999, 4296
0.3004, 4295
0.3008, 4294
0.3012, 4293
0.3017, 4292
0.3021, 4291
0.3025, 4290
0.3030, 4289
0.3034, 4288
0.3038, 4287
0.3043, 4286
0.3047, 4285
0.3052, 4284
0.3057, 4283
0.3061, 4282
0.3065, 4281
0.3069, 4280
0.3074, 4279
0.3078, 4278
0.3082, 4277
0.3087, 4276
0.3091, 4275
0.3096, 4274
0.3100, 4273
0.3105, 4272
0.3109, 4271
0.3114, 4270
0.3118, 4269
0.3122, 4268
0.3126, 4267
0.3130, 4266
0.3134, 4265
0.3139, 4264
0.3143, 4263
0.3147, 4262
0.3152, 4261
0.3156, 4260
0.3160, 4259
0.3164, 4258
0.3169, 4257
0.3173, 4256
0.3177, 4255
0.3182, 4254
0.3186, 4253
0.3190, 4252
0.3194, 4251
0.3198, 4250
0.3202, 4249
0.3206, 4248
0.3211, 4247
0.3215, 4246
0.3220, 4245
0.3224, 4244
0.3228, 4243
0.3232, 4242
0.3236, 4241
0.3241, 4240
0.3245, 4239
0.3249, 4238
0.3253, 4237
0.3258, 4236
0.3262, 4235
0.3267, 4234
0.3271, 4233
0.3275, 4232
0.3279, 4231
0.3283, 4230
0.3287, 4229
0.3292, 4228
0.3296, 4227
0.3300, 4226
0.3304, 4225
0.3308, 4224
0.3312, 4223
0.3317, 4222
0.3321, 4221
0.3325, 4220
0.3329, 4219
0.3334, 4218
0.3338, 4217
0.3342, 4216
0.3347, 4215
0.3351, 4214
0.3355, 4213
0.3359, 4212
0.3363, 4211
0.3368, 4210
0.3372, 4209
0.3376, 4208
0.3380, 4207
0.3384, 4206
0.3388, 4205
0.3392, 4204
0.3396, 4203
0.3400, 4202
0.3404, 4201
0.3409, 4200
0.3413, 4199
0.3417, 4198
0.3421, 4197
0.3425, 4196
0.3429, 4195
0.3433, 4194
0.3437, 4193
0.3441, 4192
0.3445, 4191
0.3450, 4190
0.3454, 4189
0.3458, 4188
0.3462, 4187
0.3466, 4186
0.3471, 4185
0.3475, 4184
0.3479, 4183
0.3483, 4182
0.3487, 4181
0.3491, 4180
0.3495, 4179
0.3500, 4178
0.3504, 4177
0.3509, 4176
0.3513, 4175
0.3518, 4174
0.3522, 4173
0.3526, 4172
0.3531, 4171
0.3535, 4170
0.3539, 4169
0.3543, 4168
0.3547, 4167
0.3552, 4166
0.3556, 4165
0.3560, 4164
0.3564, 4163
0.3568, 4162
0.3573, 4161
0.3577, 4160
0.3581, 4159
0.3585, 4158
0.3590, 4157
0.3594, 4156
0.3598, 4155
0.3603, 4154
0.3607, 4153
0.3611, 4152
0.3615, 4151
0.3619, 4150
0.3623, 4149
0.3628, 4148
0.3631, 4147
0.3636, 4146
0.3640, 4145
0.3644, 4144
0.3648, 4143
0.3653, 4142
0.3657, 4141
0.3661, 4140
0.3665, 4139
0.3669, 4138
0.3674, 4137
0.3678, 4136
0.3682, 4135
0.3686, 4134
0.3690, 4133
0.3694, 4132
0.3699, 4131
0.3702, 4130
0.3706, 4129
0.3710, 4128
0.3715, 4127
0.3719, 4126
0.3723, 4125
0.3727, 4124
0.3731, 4123
0.3735, 4122
0.3739, 4121
0.3743, 4120
0.3747, 4119
0.3751, 4118
0.3756, 4117
0.3760, 4116
0.3764, 4115
0.3768, 4114
0.3772, 4113
0.3776, 4112
0.3781, 4111
0.3785, 4110
0.3789, 4109
0.3793, 4108
0.3798, 4107
0.3802, 4106
0.3807, 4105
0.3811, 4104
0.3815, 4103
0.3819, 4102
0.3823, 4101
0.3827, 4100
0.3831, 4099
0.3835, 4098
0.3839, 4097
0.3843, 4096
0.3847, 4095
0.3852, 4094
0.3856, 4093
0.3860, 4092
0.3864, 4091
0.3867, 4090
0.3872, 4089
0.3876, 4088
0.3880, 4087
0.3884, 4086
0.3888, 4085
0.3892, 4084
0.3896, 4083
0.3900, 4082
0.3904, 4081
0.3908, 4080
0.3912, 4079
0.3916, 4078
0.3920, 4077
0.3924, 4076
0.3928, 4075
0.3932, 4074
0.3936, 4073
0.3940, 4072
0.3944, 4071
0.3949, 4070
0.3953, 4069
0.3957, 4068
0.3961, 4067
0.3965, 4066
0.3968, 4065
0.3973, 4064
0.3976, 4063
0.3980, 4062
0.3985, 4061
0.3989, 4060
0.3993, 4059
0.3997, 4058
0.4001, 4057
0.4005, 4056
0.4009, 4055
0.4013, 4054
0.4017, 4053
0.4021, 4052
0.4025, 4051
0.4030, 4050
0.4035, 4049
0.4039, 4048
0.4043, 4047
0.4047, 4046
0.4051, 4045
0.4055, 4044
0.4059, 4043
0.4064, 4042
0.4067, 4041
0.4072, 4040
0.4076, 4039
0.4080, 4038
0.4083, 4037
0.4088, 4036
0.4092, 4035
0.4096, 4034
0.4100, 4033
0.4104, 4032
0.4108, 4031
0.4112, 4030
0.4116, 4029
0.4120, 4028
0.4124, 4027
0.4128, 4026
0.4132, 4025
0.4137, 4024
0.4141, 4023
0.4145, 4022
0.4148, 4021
0.4152, 4020
0.4156, 4019
0.4160, 4018
0.4164, 4017
0.4168, 4016
0.4172, 4015
0.4176, 4014
0.4180, 4013
0.4184, 4012
0.4188, 4011
0.4192, 4010
0.4196, 4009
0.4200, 4008
0.4204, 4007
0.4208, 4006
0.4212, 4005
0.4216, 4004
0.4220, 4003
0.4224, 4002
0.4228, 4001
0.4233, 4000
0.4237, 3999
0.4241, 3998
0.4245, 3997
0.4249, 3996
0.4253, 3995
0.4257, 3994
0.4261, 3993
0.4265, 3992
0.4269, 3991
0.4273, 3990
0.4277, 3989
0.4281, 3988
0.4285, 3987
0.4289, 3986
0.4294, 3985
0.4298, 3984
0.4302, 3983
0.4306, 3982
0.4310, 3981
0.4314, 3980
0.4318, 3979
0.4323, 3978
0.4326, 3977
0.4330, 3976
0.4334, 3975
0.4339, 3974
0.4343, 3973
0.4347, 3972
0.4351, 3971
0.4355, 3970
0.4360, 3969
0.4363, 3968
0.4368, 3967
0.4372, 3966
0.4376, 3965
0.4380, 3964
0.4384, 3963
0.4388, 3962
0.4392, 3961
0.4396, 3960
0.4400, 3959
0.4404, 3958
0.4408, 3957
0.4412, 3956
0.4416, 3955
0.4420, 3954
0.4425, 3953
0.4429, 3952
0.4433, 3951
0.4437, 3950
0.4441, 3949
0.4445, 3948
0.4449, 3947
0.4453, 3946
0.4457, 3945
0.4461, 3944
0.4466, 3943
0.4469, 3942
0.4473, 3941
0.4477, 3940
0.4481, 3939
0.4485, 3938
0.4490, 3937
0.4494, 3936
0.4497, 3935
0.4502, 3934
0.4505, 3933
0.4509, 3932
0.4513, 3931
0.4517, 3930
0.4521, 3929
0.4526, 3928
0.4530, 3927
0.4534, 3926
0.4539, 3925
0.4543, 3924
0.4548, 3923
0.4552, 3922
0.4556, 3921
0.4560, 3920
0.4564, 3919
0.4568, 3918
0.4572, 3917
0.4576, 3916
0.4580, 3915
0.4584, 3914
0.4589, 3913
0.4593, 3912
0.4597, 3911
0.4601, 3910
0.4605, 3909
0.4609, 3908
0.4613, 3907
0.4617, 3906
0.4621, 3905
0.4625, 3904
0.4629, 3903
0.4633, 3902
0.4637, 3901
0.4641, 3900
0.4645, 3899
0.4649, 3898
0.4654, 3897
0.4657, 3896
0.4662, 3895
0.4666, 3894
0.4669, 3893
0.4673, 3892
0.4677, 3891
0.4681, 3890
0.4686, 3889
0.4689, 3888
0.4693, 3887
0.4697, 3886
0.4702, 3885
0.4705, 3884
0.4709, 3883
0.4713, 3882
0.4717, 3881
0.4721, 3880
0.4725, 3879
0.4730, 3878
0.4733, 3877
0.4737, 3876
0.4741, 3875
0.4746, 3874
0.4750, 3873
0.4754, 3872
0.4758, 3871
0.4763, 3870
0.4767, 3869
0.4771, 3868
0.4775, 3867
0.4779, 3866
0.4783, 3865
0.4787, 3864
0.4791, 3863
0.4795, 3862
0.4799, 3861
0.4802, 3860
0.4807, 3859
0.4811, 3858
0.4815, 3857
0.4820, 3856
0.4825, 3855
0.4829, 3854
0.4833, 3853
0.4838, 3852
0.4841, 3851
0.4845, 3850
0.4850, 3849
0.4854, 3848
0.4857, 3847
0.4862, 3846
0.4866, 3845
0.4870, 3844
0.4874, 3843
0.4877, 3842
0.4881, 3841
0.4885, 3840
0.4889, 3839
0.4893, 3838
0.4896, 3837
0.4900, 3836
0.4905, 3835
0.4909, 3834
0.4913, 3833
0.4917, 3832
0.4921, 3831
0.4925, 3830
0.4929, 3829
0.4933, 3828
0.4937, 3827
0.4941, 3826
0.4945, 3825
0.4949, 3824
0.4953, 3823
0.4957, 3822
0.4961, 3821
0.4965, 3820
0.4969, 3819
0.4973, 3818
0.4977, 3817
0.4981, 3816
0.4986, 3815
0.4990, 3814
0.4994, 3813
0.4997, 3812
0.5001, 3811
0.5005, 3810
0.5009, 3809
0.5013, 3808
0.5017, 3807
0.5021, 3806
0.5025, 3805
0.5029, 3804
0.5033, 3803
0.5036, 3802
0.5040, 3801
0.5044, 3800
0.5049, 3799
0.5052, 3798
0.5057, 3797
0.5061, 3796
0.5064, 3795
0.5069, 3794
0.5073, 3793
0.5077, 3792
0.5081, 3791
0.5085, 3790
0.5089, 3789
0.5093, 3788
0.5097, 3787
0.5101, 3786
0.5105, 3785
0.5109, 3784
0.5113, 3783
0.5117, 3782
0.5121, 3781
0.5125, 3780
0.5129, 3779
0.5133, 3778
0.5138, 3777
0.5142, 3776
0.5146, 3775
0.5150, 3774
0.5153, 3773
0.5158, 3772
0.5162, 3771
0.5166, 3770
0.5170, 3769
0.5173, 3768
0.5177, 3767
0.5181, 3766
0.5185, 3765
0.5189, 3764
0.5193, 3763
0.5197, 3762
0.5201, 3761
0.5205, 3760
0.5209, 3759
0.5213, 3758
0.5217, 3757
0.5220, 3756
0.5225, 3755
0.5229, 3754
0.5233, 3753
0.5237, 3752
0.5241, 3751
0.5244, 3750
0.5248, 3749
0.5252, 3748
0.5256, 3747
0.5260, 3746
0.5264, 3745
0.5268, 3744
0.5272, 3743
0.5276, 3742
0.5280, 3741
0.5284, 3740
0.5287, 3739
0.5291, 3738
0.5296, 3737
0.5300, 3736
0.5304, 3735
0.5307, 3734
0.5311, 3733
0.5315, 3732
0.5319, 3731
0.5323, 3730
0.5328, 3729
0.5332, 3728
0.5336, 3727
0.5340, 3726
0.5344, 3725
0.5348, 3724
0.5352, 3723
0.5356, 3722
0.5360, 3721
0.5364, 3720
0.5368, 3719
0.5372, 3718
0.5376, 3717
0.5381, 3716
0.5384, 3715
0.5388, 3714
0.5392, 3713
0.5396, 3712
0.5400, 3711
0.5404, 3710
0.5408, 3709
0.5412, 3708
0.5416, 3707
0.5420, 3706
0.5424, 3705
0.5428, 3704
0.5432, 3703
0.5436, 3702
0.5440, 3701
0.5444, 3700
0.5448, 3699
0.5452, 3698
0.5456, 3697
0.5459, 3696
0.5464, 3695
0.5468, 3694
0.5472, 3693
0.5475, 3692
0.5479, 3691
0.5483, 3690
0.5487, 3689
0.5492, 3688
0.5495, 3687
0.5500, 3686
0.5504, 3685
0.5507, 3684
0.5511, 3683
0.5515, 3682
0.5519, 3681
0.5523, 3680
0.5527, 3679
0.5531, 3678
0.5535, 3677
0.5538, 3676
0.5542, 3675
0.5546, 3674
0.5550, 3673
0.5554, 3672
0.5558, 3671
0.5562, 3670
0.5566, 3669
0.5570, 3668
0.5574, 3667
0.5578, 3666
0.5582, 3665
0.5586, 3664
0.5590, 3663
0.5593, 3662
0.5597, 3661
0.5601, 3660
0.5605, 3659
0.5609, 3658
0.5613, 3657
0.5617, 3656
0.5621, 3655
0.5625, 3654
0.5629, 3653
0.5633, 3652
0.5636, 3651
0.5640, 3650
0.5644, 3649
0.5648, 3648
0.5652, 3647
0.5656, 3646
0.5660, 3645
0.5664, 3644
0.5668, 3643
0.5671, 3642
0.5675, 3641
0.5679, 3640
0.5683, 3639
0.5687, 3638
0.5690, 3637
0.5694, 3636
0.5698, 3635
0.5702, 3634
0.5705, 3633
0.5709, 3632
0.5713, 3631
0.5717, 3630
0.5720, 3629
0.5724, 3628
0.5728, 3627
0.5732, 3626
0.5735, 3625
0.5739, 3624
0.5743, 3623
0.5747, 3622
0.5751, 3621
0.5755, 3620
0.5759, 3619
0.5763, 3618
0.5767, 3617
0.5770, 3616
0.5774, 3615
0.5778, 3614
0.5781, 3613
0.5785, 3612
0.5789, 3611
0.5792, 3610
0.5796, 3609
0.5800, 3608
0.5804, 3607
0.5808, 3606
0.5812, 3605
0.5816, 3604
0.5820, 3603
0.5823, 3602
0.5827, 3601
0.5831, 3600
0.5835, 3599
0.5838, 3598
0.5842, 3597
0.5846, 3596
0.5850, 3595
0.5854, 3594
0.5857, 3593
0.5861, 3592
0.5865, 3591
0.5869, 3590
0.5872, 3589
0.5876, 3588
0.5880, 3587
0.5884, 3586
0.5888, 3585
0.5892, 3584
0.5895, 3583
0.5899, 3582
0.5903, 3581
0.5907, 3580
0.5911, 3579
0.5915, 3578
0.5918, 3577
0.5923, 3576
0.5926, 3575
0.5930, 3574
0.5934, 3573
0.5938, 3572
0.5941, 3571
0.5945, 3570
0.5948, 3569
0.5952, 3568
0.5956, 3567
0.5959, 3566
0.5963, 3565
0.5967, 3564
0.5971, 3563
0.5975, 3562
0.5978, 3561
0.5982, 3560
0.5985, 3559
0.5989, 3558
0.5994, 3557
0.5997, 3556
0.6001, 3555
0.6005, 3554
0.6008, 3553
0.6012, 3552
0.6015, 3551
0.6019, 3550
0.6023, 3549
0.6027, 3548
0.6030, 3547
0.6034, 3546
0.6037, 3545
0.6041, 3544
0.6045, 3543
0.6048, 3542
0.6051, 3541
0.6055, 3540
0.6059, 3539
0.6062, 3538
0.6066, 3537
0.6070, 3536
0.6074, 3535
0.6078, 3534
0.6081, 3533
0.6085, 3532
0.6089, 3531
0.6092, 3530
0.6095, 3529
0.6099, 3528
0.6103, 3527
0.6107, 3526
0.6110, 3525
0.6114, 3524
0.6118, 3523
0.6121, 3522
0.6125, 3521
0.6128, 3520
0.6132, 3519
0.6136, 3518
0.6139, 3517
0.6143, 3516
0.6146, 3515
0.6150, 3514
0.6153, 3513
0.6157, 3512
0.6161, 3511
0.6164, 3510
0.6168, 3509
0.6171, 3508
0.6175, 3507
0.6178, 3506
0.6182, 3505
0.6186, 3504
0.6189, 3503
0.6193, 3502
0.6197, 3501
0.6201, 3500
0.6205, 3499
0.6208, 3498
0.6212, 3497
0.6216, 3496
0.6220, 3495
0.6223, 3494
0.6227, 3493
0.6231, 3492
0.6234, 3491
0.6238, 3490
0.6241, 3489
0.6245, 3488
0.6249, 3487
0.6253, 3486
0.6256, 3485
0.6260, 3484
0.6264, 3483
0.6268, 3482
0.6272, 3481
0.6275, 3480
0.6279, 3479
0.6283, 3478
0.6287, 3477
0.6290, 3476
0.6293, 3475
0.6297, 3474
0.6301, 3473
0.6305, 3472
0.6309, 3471
0.6313, 3470
0.6317, 3469
0.6321, 3468
0.6324, 3467
0.6328, 3466
0.6332, 3465
0.6336, 3464
0.6339, 3463
0.6343, 3462
0.6347, 3461
0.6350, 3460
0.6354, 3459
0.6358, 3458
0.6362, 3457
0.6365, 3456
0.6369, 3455
0.6373, 3454
0.6377, 3453
0.6380, 3452
0.6384, 3451
0.6387, 3450
0.6391, 3449
0.6395, 3448
0.6399, 3447
0.6403, 3446
0.6406, 3445
0.6410, 3444
0.6414, 3443
0.6417, 3442
0.6421, 3441
0.6424, 3440
0.6428, 3439
0.6432, 3438
0.6435, 3437
0.6439, 3436
0.6443, 3435
0.6446, 3434
0.6450, 3433
0.6453, 3432
0.6457, 3431
0.6460, 3430
0.6464, 3429
0.6468, 3428
0.6471, 3427
0.6475, 3426
0.6478, 3425
0.6482, 3424
0.6485, 3423
0.6489, 3422
0.6492, 3421
0.6496, 3420
0.6500, 3419
0.6503, 3418
0.6507, 3417
0.6510, 3416
0.6514, 3415
0.6517, 3414
0.6521, 3413
0.6524, 3412
0.6528, 3411
0.6532, 3410
0.6535, 3409
0.6539, 3408
0.6543, 3407
0.6547, 3406
0.6550, 3405
0.6554, 3404
0.6558, 3403
0.6562, 3402
0.6565, 3401
0.6568, 3400
0.6572, 3399
0.6576, 3398
0.6580, 3397
0.6583, 3396
0.6587, 3395
0.6590, 3394
0.6594, 3393
0.6597, 3392
0.6601, 3391
0.6604, 3390
0.6608, 3389
0.6611, 3388
0.6615, 3387
0.6618, 3386
0.6622, 3385
0.6625, 3384
0.6628, 3383
0.6632, 3382
0.6636, 3381
0.6639, 3380
0.6642, 3379
0.6646, 3378
0.6649, 3377
0.6653, 3376
0.6656, 3375
0.6660, 3374
0.6663, 3373
0.6667, 3372
0.6670, 3371
0.6674, 3370
0.6677, 3369
0.6681, 3368
0.6685, 3367
0.6689, 3366
0.6692, 3365
0.6696, 3364
0.6699, 3363
0.6703, 3362
0.6706, 3361
0.6710, 3360
0.6714, 3359
0.6717, 3358
0.6721, 3357
0.6724, 3356
0.6728, 3355
0.6731, 3354
0.6734, 3353
0.6738, 3352
0.6741, 3351
0.7643, 3350
0.7647, 3349
1.3123, 3348
1.5759, 3347
2.4672, 3346
2.4898, 3345
2.5450, 3344
3.0722, 3343
3.1607, 3342
3.2596, 3341
3.4356, 3340
4.3693, 3339
4.5787, 3338
4.5791, 3337
4.5794, 3336
5.0183, 3335
5.1728, 3334
5.5790, 3333
5.6123, 3332
5.6673, 3331
6.2707, 3330
6.3808, 3329
6.4362, 3328
6.4695, 3327
6.4921, 3326
6.5362, 3325
6.5586, 3324
6.9644, 3323
7.0417, 3322
7.0750, 3321
7.1524, 3320
7.3343, 3319
7.3792, 3318
7.4346, 3317
7.4349, 3316
7.6998, 3315
7.7002, 3314
7.7773, 3313
7.7777, 3312
8.6096, 3311
9.0305, 3310
9.4240, 3309
9.6360, 3308
9.7030, 3307
