0.0000, 4956
0.0005, 4955
0.0009, 4954
0.0014, 4953
0.0020, 4952
0.0024, 4951
0.0029, 4950
0.0033, 4949
0.0038, 4948
0.0043, 4947
0.0048, 4946
0.0052, 4945
0.0057, 4944
0.0061, 4943
0.0066, 4942
0.0071, 4941
0.0075, 4940
0.0080, 4939
0.0085, 4938
0.0089, 4937
0.0094, 4936
0.0099, 4935
0.0103, 4934
0.0108, 4933
0.0113, 4932
0.0117, 4931
0.0122, 4930
0.0126, 4929
0.0131, 4928
0.0135, 4927
0.0140, 4926
0.0144, 4925
0.0148, 4924
0.0153, 4923
0.0157, 4922
0.0162, 4921
0.0166, 4920
0.0171, 4919
0.0175, 4918
0.0180, 4917
0.0185, 4916
0.0190, 4915
0.0194, 4914
0.0199, 4913
0.0203, 4912
0.0207, 4911
0.0212, 4910
0.0217, 4909
0.0221, 4908
0.0226, 4907
0.0230, 4906
0.0235, 4905
0.0239, 4904
0.0244, 4903
0.0249, 4902
0.0253, 4901
0.0257, 4900
0.0262, 4899
0.0266, 4898
0.0271, 4897
0.0275, 4896
0.0280, 4895
0.0285, 4894
0.0289, 4893
0.0294, 4892
0.0298, 4891
0.0303, 4890
0.0308, 4889
0.0312, 4888
0.0317, 4887
0.0321, 4886
0.0325, 4885
0.0330, 4884
0.0334, 4883
0.0339, 4882
0.0343, 4881
0.0348, 4880
0.0352, 4879
0.0356, 4878
0.0361, 4877
0.0365, 4876
0.0370, 4875
0.0375, 4874
0.0380, 4873
0.0384, 4872
0.0389, 4871
0.0393, 4870
0.0398, 4869
0.0403, 4868
0.0407, 4867
0.0411, 4866
0.0416, 4865
0.0421, 4864
0.0425, 4863
0.0430, 4862
0.0434, 4861
0.0438, 4860
0.0443, 4859
0.0447, 4858
0.0452, 4857
0.0456, 4856
0.0461, 4855
0.0465, 4854
0.0470, 4853
0.0474, 4852
0.0478, 4851
0.0483, 4850
0.0488, 4849
0.0492, 4848
0.0497, 4847
0.0501, 4846
0.0505, 4845
0.0510, 4844
0.0514, 4843
0.0518, 4842
0.0523, 4841
0.0527, 4840
0.0532, 4839
0.0536, 4838
0.0540, 4837
0.0545, 4836
0.0550, 4835
0.0554, 4834
0.0559, 4833
0.0564, 4832
0.0568, 4831
0.0573, 4830
0.0578, 4829
0.0582, 4828
0.0587, 4827
0.0591, 4826
0.0596, 4825
0.0601, 4824
0.0605, 4823
0.0610, 4822
0.0614, 4821
0.0619, 4820
0.0623, 4819
0.0628, 4818
0.0632, 4817
0.0636, 4816
0.0641, 4815
0.0645, 4814
0.0650, 4813
0.0655, 4812
0.0659, 4811
0.0664, 4810
0.0668, 4809
0.0673, 4808
0.0677, 4807
0.0682, 4806
0.0686, 4805
0.0691, 4804
0.0695, 4803
0.0699, 4802
0.0704, 4801
0.0709, 4800
0.0713, 4799
0.0718, 4798
0.0722, 4797
0.0727, 4796
0.0731, 4795
0.0736, 4794
0.0740, 4793
0.0744, 4792
0.0749, 4791
0.0753, 4790
0.0758, 4789
0.0762, 4788
0.0767, 4787
0.0771, 4786
0.0776, 4785
0.0780, 4784
0.0785, 4783
0.0789, 4782
0.0794, 4781
0.0798, 4780
0.0803, 4779
0.0808, 4778
0.0812, 4777
0.0817, 4776
0.0821, 4775
0.0826, 4774
0.0830, 4773
0.0835, 4772
0.0839, 4771
0.0844, 4770
0.0848, 4769
0.0852, 4768
0.0857, 4767
0.0861, 4766
0.0866, 4765
0.0871, 4764
0.0875, 4763
0.0880, 4762
0.0885, 4761
0.0889, 4760
0.0894, 4759
0.0898, 4758
0.0903, 4757
0.0907, 4756
0.0912, 4755
0.0916, 4754
0.0921, 4753
0.0925, 4752
0.0930, 4751
0.0934, 4750
0.0939, 4749
0.0943, 4748
0.0948, 4747
0.0952, 4746
0.0957, 4745
0.0961, 4744
0.0966, 4743
0.0970, 4742
0.0975, 4741
0.0979, 4740
0.0983, 4739
0.0988, 4738
0.0992, 4737
0.0997, 4736
0.1001, 4735
0.1006, 4734
0.1011, 4733
0.1015, 4732
0.1020, 4731
0.1024, 4730
0.1028, 4729
0.1033, 4728
0.1038, 4727
0.1042, 4726
0.1046, 4725
0.1051, 4724
0.1055, 4723
0.1059, 4722
0.1064, 4721
0.1068, 4720
0.1072, 4719
0.1077, 4718
0.1081, 4717
0.1086, 4716
0.1090, 4715
0.1095, 4714
0.1099, 4713
0.1104, 4712
0.1109, 4711
0.1113, 4710
0.1118, 4709
0.1123, 4708
0.1127, 4707
0.1132, 4706
0.1136, 4705
0.1141, 4704
0.1145, 4703
0.1149, 4702
0.1153, 4701
0.1158, 4700
0.1162, 4699
0.1166, 4698
0.1171, 4697
0.1175, 4696
0.1180, 4695
0.1184, 4694
0.1189, 4693
0.1193, 4692
0.1198, 4691
0.1202, 4690
0.1207, 4689
0.1211, 4688
0.1216, 4687
0.1220, 4686
0.1225, 4685
0.1229, 4684
0.1233, 4683
0.1238, 4682
0.1242, 4681
0.1247, 4680
0.1252, 4679
0.1256, 4678
0.1261, 4677
0.1265, 4676
0.1270, 4675
0.1275, 4674
0.1279, 4673
0.1283, 4672
0.1288, 4671
0.1292, 4670
0.1297, 4669
0.1301, 4668
0.1306, 4667
0.1310, 4666
0.1315, 4665
0.1319, 4664
0.1323, 4663
0.1328, 4662
0.1332, 4661
0.1337, 4660
0.1342, 4659
0.1347, 4658
0.1351, 4657
0.1356, 4656
0.1360, 4655
0.1365, 4654
0.1369, 4653
0.1374, 4652
0.1378, 4651
0.1382, 4650
0.1387, 4649
0.1392, 4648
0.1397, 4647
0.1401, 4646
0.1406, 4645
0.1411, 4644
0.1415, 4643
0.1420, 4642
0.1424, 4641
0.1429, 4640
0.1433, 4639
0.1438, 4638
0.1442, 4637
0.1447, 4636
0.1451, 4635
0.1456, 4634
0.1460, 4633
0.1465, 4632
0.1469, 4631
0.1474, 4630
0.1479, 4629
0.1483, 4628
0.1488, 4627
0.1492, 4626
0.1497, 4625
0.1502, 4624
0.1506, 4623
0.1511, 4622
0.1515, 4621
0.1520, 4620
0.1524, 4619
0.1529, 4618
0.1534, 4617
0.1538, 4616
0.1542, 4615
0.1547, 4614
0.1552, 4613
0.1556, 4612
0.1561, 4611
0.1565, 4610
0.1570, 4609
0.1574, 4608
0.1579, 4607
0.1583, 4606
0.1588, 4605
0.1593, 4604
0.1597, 4603
0.1602, 4602
0.1607, 4601
0.1611, 4600
0.1616, 4599
0.1620, 4598
0.1625, 4597
0.1629, 4596
0.1633, 4595
0.1638, 4594
0.1642, 4593
0.1647, 4592
0.1651, 4591
0.1655, 4590
0.1660, 4589
0.1664, 4588
0.1669, 4587
0.1673, 4586
0.1678, 4585
0.1683, 4584
0.1687, 4583
0.1692, 4582
0.1696, 4581
0.1701, 4580
0.1705, 4579
0.1709, 4578
0.1714, 4577
0.1719, 4576
0.1723, 4575
0.1728, 4574
0.1732, 4573
0.1736, 4572
0.1741, 4571
0.1745, 4570
0.1749, 4569
0.1754, 4568
0.1758, 4567
0.1762, 4566
0.1767, 4565
0.1771, 4564
0.1775, 4563
0.1780, 4562
0.1784, 4561
0.1789, 4560
0.1793, 4559
0.1797, 4558
0.1801, 4557
0.1806, 4556
0.1810, 4555
0.1814, 4554
0.1818, 4553
0.1823, 4552
0.1827, 4551
0.1832, 4550
0.1836, 4549
0.1841, 4548
0.1845, 4547
0.1850, 4546
0.1854, 4545
0.1858, 4544
0.1863, 4543
0.1867, 4542
0.1872, 4541
0.1876, 4540
0.1881, 4539
0.1885, 4538
0.1889, 4537
0.1893, 4536
0.1897, 4535
0.1902, 4534
0.1906, 4533
0.1910, 4532
0.1915, 4531
0.1919, 4530
0.1923, 4529
0.1927, 4528
0.1932, 4527
0.1936, 4526
0.1941, 4525
0.1945, 4524
0.1949, 4523
0.1953, 4522
0.1957, 4521
0.1961, 4520
0.1966, 4519
0.1970, 4518
0.1975, 4517
0.1979, 4516
0.1984, 4515
0.1988, 4514
0.1992, 4513
0.1997, 4512
0.2001, 4511
0.2005, 4510
0.2010, 4509
0.2014, 4508
0.2018, 4507
0.2023, 4506
0.2027, 4505
0.2032, 4504
0.2036, 4503
0.2040, 4502
0.2044, 4501
0.2049, 4500
0.2053, 4499
0.2058, 4498
0.2062, 4497
0.2066, 4496
0.2070, 4495
0.2075, 4494
0.2079, 4493
0.2083, 4492
0.2088, 4491
0.2092, 4490
0.2097, 4489
0.2101, 4488
0.2105, 4487
0.2110, 4486
0.2114, 4485
0.2119, 4484
0.2123, 4483
0.2128, 4482
0.2132, 4481
0.2137, 4480
0.2141, 4479
0.2145, 4478
0.2150, 4477
0.2154, 4476
0.2158, 4475
0.2163, 4474
0.2167, 4473
0.2172, 4472
0.2176, 4471
0.2180, 4470
0.2185, 4469
0.2189, 4468
0.2193, 4467
0.2197, 4466
0.2202, 4465
0.2206, 4464
0.2210, 4463
0.2215, 4462
0.2220, 4461
0.2224, 4460
0.2228, 4459
0.2232, 4458
0.2237, 4457
0.2241, 4456
0.2245, 4455
0.2250, 4454
0.2254, 4453
0.2259, 4452
0.2263, 4451
0.2267, 4450
0.2271, 4449
0.2276, 4448
0.2280, 4447
0.2284, 4446
0.2288, 4445
0.2292, 4444
0.2297, 4443
0.2300, 4442
0.2305, 4441
0.2309, 4440
0.2313, 4439
0.2317, 4438
0.2322, 4437
0.2326, 4436
0.2331, 4435
0.2335, 4434
0.2339, 4433
0.2343, 4432
0.2347, 4431
0.2352, 4430
0.2356, 4429
0.2360, 4428
0.2365, 4427
0.2369, 4426
0.2373, 4425
0.2377, 4424
0.2381, 4423
0.2386, 4422
0.2390, 4421
0.2395, 4420
0.2399, 4419
0.2404, 4418
0.2408, 4417
0.2413, 4416
0.2417, 4415
0.2421, 4414
0.2425, 4413
0.2429, 4412
0.2433, 4411
0.2438, 4410
0.2443, 4409
0.2447, 4408
0.2452, 4407
0.2456, 4406
0.2460, 4405
0.2465, 4404
0.2470, 4403
0.2474, 4402
0.2478, 4401
0.2482, 4400
0.2487, 4399
0.2491, 4398
0.2495, 4397
0.2499, 4396
0.2503, 4395
0.2508, 4394
0.2512, 4393
0.2516, 4392
0.2520, 4391
0.2525, 4390
0.2529, 4389
0.2533, 4388
0.2538, 4387
0.2542, 4386
0.2546, 4385
0.2551, 4384
0.2555, 4383
0.2559, 4382
0.2563, 4381
0.2567, 4380
0.2572, 4379
0.2576, 4378
0.2580, 4377
0.2584, 4376
0.2589, 4375
0.2593, 4374
0.2597, 4373
0.2601, 4372
0.2606, 4371
0.2610, 4370
0.2614, 4369
0.2618, 4368
0.2622, 4367
0.2627, 4366
0.2631, 4365
0.2636, 4364
0.2640, 4363
0.2645, 4362
0.2649, 4361
0.2653, 4360
0.2657, 4359
0.2661, 4358
0.2666, 4357
0.2671, 4356
0.2675, 4355
0.2679, 4354
0.2684, 4353
0.2688, 4352
0.2692, 4351
0.2696, 4350
0.2700, 4349
0.2705, 4348
0.2709, 4347
0.2714, 4346
0.2718, 4345
0.2722, 4344
0.2727, 4343
0.2732, 4342
0.2737, 4341
0.2741, 4340
0.2745, 4339
0.2750, 4338
0.2754, 4337
0.2758, 4336
0.2763, 4335
0.2767, 4334
0.2772, 4333
0.2776, 4332
0.2780, 4331
0.2784, 4330
0.2788, 4329
0.2793, 4328
0.2797, 4327
0.2801, 4326
0.2806, 4325
0.2810, 4324
0.2815, 4323
0.2819, 4322
0.2823, 4321
0.2827, 4320
0.2831, 4319
0.2836, 4318
0.2840, 4317
0.2844, 4316
0.2849, 4315
0.2853, 4314
0.2857, 4313
0.2861, 4312
0.2865, 4311
0.2870, 4310
0.2874, 4309
0.2878, 4308
0.2882, 4307
0.2887, 4306
0.2891, 4305
0.2895, 4304
0.2899, 4303
0.2904, 4302
0.2908, 4301
0.2912, 4300
0.2916, 4299
0.2921, 4298
0.2925, 4297
0.2929, 4296
0.2933, 4295
0.2937, 4294
0.2942, 4293
0.2946, 4292
0.2950, 4291
0.2955, 4290
0.2959, 4289
0.2964, 4288
0.2968, 4287
0.2972, 4286
0.2976, 4285
0.2981, 4284
0.2985, 4283
0.2989, 4282
0.2993, 4281
0.2998, 4280
0.3002, 4279
0.3006, 4278
0.3011, 4277
0.3015, 4276
0.3019, 4275
0.3023, 4274
0.3027, 4273
0.3032, 4272
0.3036, 4271
0.3040, 4270
0.3044, 4269
0.3049, 4268
0.3053, 4267
0.3057, 4266
0.3061, 4265
0.3065, 4264
0.3069, 4263
0.3073, 4262
0.3077, 4261
0.3081, 4260
0.3086, 4259
0.3089, 4258
0.3094, 4257
0.3098, 4256
0.3102, 4255
0.3106, 4254
0.3110, 4253
0.3115, 4252
0.3119, 4251
0.3123, 4250
0.3127, 4249
0.3131, 4248
0.3135, 4247
0.3139, 4246
0.3144, 4245
0.3148, 4244
0.3152, 4243
0.3156, 4242
0.3160, 4241
0.3164, 4240
0.3168, 4239
0.3173, 4238
0.3177, 4237
0.3181, 4236
0.3185, 4235
0.3189, 4234
0.3194, 4233
0.3197, 4232
0.3202, 4231
0.3205, 4230
0.3210, 4229
0.3214, 4228
0.3218, 4227
0.3222, 4226
0.3227, 4225
0.3231, 4224
0.3235, 4223
0.3239, 4222
0.3243, 4221
0.3247, 4220
0.3252, 4219
0.3256, 4218
0.3260, 4217
0.3264, 4216
0.3268, 4215
0.3272, 4214
0.3276, 4213
0.3280, 4212
0.3285, 4211
0.3289, 4210
0.3293, 4209
0.3297, 4208
0.3301, 4207
0.3305, 4206
0.3309, 4205
0.3313, 4204
0.3317, 4203
0.3321, 4202
0.3325, 4201
0.3329, 4200
0.3333, 4199
0.3337, 4198
0.3342, 4197
0.3345, 4196
0.3349, 4195
0.3354, 4194
0.3358, 4193
0.3362, 4192
0.3366, 4191
0.3370, 4190
0.3374, 4189
0.3378, 4188
0.3383, 4187
0.3387, 4186
0.3391, 4185
0.3396, 4184
0.3399, 4183
0.3404, 4182
0.3408, 4181
0.3412, 4180
0.3416, 4179
0.3420, 4178
0.3424, 4177
0.3429, 4176
0.3433, 4175
0.3437, 4174
0.3442, 4173
0.3446, 4172
0.3450, 4171
0.3454, 4170
0.3458, 4169
0.3462, 4168
0.3466, 4167
0.3471, 4166
0.3475, 4165
0.3479, 4164
0.3483, 4163
0.3488, 4162
0.3492, 4161
0.3496, 4160
0.3500, 4159
0.3505, 4158
0.3509, 4157
0.3513, 4156
0.3517, 4155
0.3521, 4154
0.3525, 4153
0.3529, 4152
0.3533, 4151
0.3537, 4150
0.3541, 4149
0.3545, 4148
0.3549, 4147
0.3553, 4146
0.3557, 4145
0.3561, 4144
0.3565, 4143
0.3569, 4142
0.3573, 4141
0.3577, 4140
0.3581, 4139
0.3585, 4138
0.3589, 4137
0.3593, 4136
0.3597, 4135
0.3602, 4134
0.3606, 4133
0.3610, 4132
0.3614, 4131
0.3618, 4130
0.3622, 4129
0.3626, 4128
0.3630, 4127
0.3634, 4126
0.3638, 4125
0.3642, 4124
0.3646, 4123
0.3650, 4122
0.3654, 4121
0.3658, 4120
0.3662, 4119
0.3666, 4118
0.3671, 4117
0.3674, 4116
0.3679, 4115
0.3683, 4114
0.3687, 4113
0.3691, 4112
0.3695, 4111
0.3699, 4110
0.3703, 4109
0.3707, 4108
0.3712, 4107
0.3716, 4106
0.3720, 4105
0.3724, 4104
0.3728, 4103
0.3732, 4102
0.3736, 4101
0.3740, 4100
0.3743, 4099
0.3747, 4098
0.3751, 4097
0.3755, 4096
0.3759, 4095
0.3763, 4094
0.3767, 4093
0.3771, 4092
0.3774, 4091
0.3778, 4090
0.3782, 4089
0.3786, 4088
0.3790, 4087
0.3793, 4086
0.3797, 4085
0.3801, 4084
0.3805, 4083
0.3809, 4082
0.3813, 4081
0.3817, 4080
0.3821, 4079
0.3824, 4078
0.3828, 4077
0.3832, 4076
0.3836, 4075
0.3840, 4074
0.3844, 4073
0.3848, 4072
0.3853, 4071
0.3857, 4070
0.3860, 4069
0.3864, 4068
0.3868, 4067
0.3872, 4066
0.3875, 4065
0.3879, 4064
0.3883, 4063
0.3887, 4062
0.3891, 4061
0.3895, 4060
0.3899, 4059
0.3903, 4058
0.3907, 4057
0.3911, 4056
0.3914, 4055
0.3918, 4054
0.3923, 4053
0.3927, 4052
0.3931, 4051
0.3935, 4050
0.3939, 4049
0.3943, 4048
0.3947, 4047
0.3952, 4046
0.3956, 4045
0.3960, 4044
0.3964, 4043
0.3968, 4042
0.3972, 4041
0.3976, 4040
0.3980, 4039
0.3984, 4038
0.3988, 4037
0.3992, 4036
0.3996, 4035
0.4000, 4034
0.4004, 4033
0.4008, 4032
0.4012, 4031
0.4016, 4030
0.4020, 4029
0.4024, 4028
0.4028, 4027
0.4032, 4026
0.4036, 4025
0.4040, 4024
0.4044, 4023
0.4048, 4022
0.4051, 4021
0.4055, 4020
0.4059, 4019
0.4063, 4018
0.4067, 4017
0.4070, 4016
0.4074, 4015
0.4078, 4014
0.4082, 4013
0.4085, 4012
0.4089, 4011
0.4093, 4010
0.4097, 4009
0.4101, 4008
0.4105, 4007
0.4109, 4006
0.4112, 4005
0.4116, 4004
0.4120, 4003
0.4124, 4002
0.4128, 4001
0.4132, 4000
0.4136, 3999
0.4140, 3998
0.4144, 3997
0.4148, 3996
0.4152, 3995
0.4156, 3994
0.4159, 3993
0.4163, 3992
0.4167, 3991
0.4172, 3990
0.4176, 3989
0.4180, 3988
0.4183, 3987
0.4187, 3986
0.4192, 3985
0.4195, 3984
0.4199, 3983
0.4203, 3982
0.4207, 3981
0.4211, 3980
0.4215, 3979
0.4219, 3978
0.4223, 3977
0.4227, 3976
0.4231, 3975
0.4235, 3974
0.4239, 3973
0.4243, 3972
0.4247, 3971
0.4250, 3970
0.4254, 3969
0.4258, 3968
0.4262, 3967
0.4266, 3966
0.4270, 3965
0.4274, 3964
0.4278, 3963
0.4281, 3962
0.4285, 3961
0.4289, 3960
0.4293, 3959
0.4296, 3958
0.4300, 3957
0.4304, 3956
0.4308, 3955
0.4312, 3954
0.4316, 3953
0.4320, 3952
0.4324, 3951
0.4328, 3950
0.4332, 3949
0.4336, 3948
0.4339, 3947
0.4343, 3946
0.4347, 3945
0.4351, 3944
0.4355, 3943
0.4359, 3942
0.4363, 3941
0.4367, 3940
0.4370, 3939
0.4374, 3938
0.4378, 3937
0.4382, 3936
0.4386, 3935
0.4389, 3934
0.4393, 3933
0.4397, 3932
0.4401, 3931
0.4404, 3930
0.4408, 3929
0.4413, 3928
0.4417, 3927
0.4421, 3926
0.4425, 3925
0.4429, 3924
0.4433, 3923
0.4437, 3922
0.4441, 3921
0.4445, 3920
0.4449, 3919
0.4453, 3918
0.4457, 3917
0.4461, 3916
0.4465, 3915
0.4469, 3914
0.4473, 3913
0.4477, 3912
0.4481, 3911
0.4485, 3910
0.4489, 3909
0.4493, 3908
0.4497, 3907
0.4501, 3906
0.4505, 3905
0.4509, 3904
0.4513, 3903
0.4516, 3902
0.4520, 3901
0.4524, 3900
0.4527, 3899
0.4532, 3898
0.4536, 3897
0.4540, 3896
0.4544, 3895
0.4548, 3894
0.4551, 3893
0.4555, 3892
0.4559, 3891
0.4563, 3890
0.4566, 3889
0.4570, 3888
0.4574, 3887
0.4578, 3886
0.4582, 3885
0.4585, 3884
0.4589, 3883
0.4593, 3882
0.4597, 3881
0.4600, 3880
0.4604, 3879
0.4608, 3878
0.4612, 3877
0.4615, 3876
0.4619, 3875
0.4623, 3874
0.4627, 3873
0.4631, 3872
0.4635, 3871
0.4639, 3870
0.4642, 3869
0.4646, 3868
0.4650, 3867
0.4654, 3866
0.4658, 3865
0.4662, 3864
0.4665, 3863
0.4669, 3862
0.4673, 3861
0.4676, 3860
0.4680, 3859
0.4684, 3858
0.4688, 3857
0.4692, 3856
0.4697, 3855
0.4701, 3854
0.4705, 3853
0.4709, 3852
0.4713, 3851
0.4716, 3850
0.4720, 3849
0.4724, 3848
0.4728, 3847
0.4732, 3846
0.4736, 3845
0.4739, 3844
0.4743, 3843
0.4747, 3842
0.4751, 3841
0.4754, 3840
0.4758, 3839
0.4762, 3838
0.4765, 3837
0.4769, 3836
0.4773, 3835
0.4777, 3834
0.4781, 3833
0.4785, 3832
0.4789, 3831
0.4793, 3830
0.4797, 3829
0.4801, 3828
0.4804, 3827
0.4808, 3826
0.4812, 3825
0.4816, 3824
0.4820, 3823
0.4824, 3822
0.4828, 3821
0.4832, 3820
0.4835, 3819
0.4839, 3818
0.4843, 3817
0.4847, 3816
0.4851, 3815
0.4855, 3814
0.4859, 3813
0.4863, 3812
0.4867, 3811
0.4870, 3810
0.4874, 3809
0.4878, 3808
0.4882, 3807
0.4885, 3806
0.4889, 3805
0.4893, 3804
0.4897, 3803
0.4900, 3802
0.4904, 3801
0.4908, 3800
0.4911, 3799
0.4915, 3798
0.4919, 3797
0.4923, 3796
0.4926, 3795
0.4930, 3794
0.4934, 3793
0.4938, 3792
0.4942, 3791
0.4945, 3790
0.4949, 3789
0.4953, 3788
0.4957, 3787
0.4961, 3786
0.4964, 3785
0.4968, 3784
0.4972, 3783
0.4975, 3782
0.4979, 3781
0.4983, 3780
0.4987, 3779
0.4991, 3778
0.4994, 3777
0.4999, 3776
0.5002, 3775
0.5006, 3774
0.5010, 3773
0.5014, 3772
0.5018, 3771
0.5022, 3770
0.5026, 3769
0.5030, 3768
0.5034, 3767
0.5038, 3766
0.5041, 3765
0.5045, 3764
0.5049, 3763
0.5053, 3762
0.5057, 3761
0.5060, 3760
0.5064, 3759
0.5068, 3758
0.5072, 3757
0.5076, 3756
0.5080, 3755
0.5084, 3754
0.5088, 3753
0.5092, 3752
0.5096, 3751
0.5100, 3750
0.5103, 3749
0.5107, 3748
0.5111, 3747
0.5115, 3746
0.5119, 3745
0.5123, 3744
0.5127, 3743
0.5131, 3742
0.5134, 3741
0.5138, 3740
0.5142, 3739
0.5146, 3738
0.5150, 3737
0.5154, 3736
0.5157, 3735
0.5161, 3734
0.5165, 3733
0.5169, 3732
0.5173, 3731
0.5177, 3730
0.5181, 3729
0.5185, 3728
0.5189, 3727
0.5193, 3726
0.5197, 3725
0.5201, 3724
0.5204, 3723
0.5208, 3722
0.5212, 3721
0.5216, 3720
0.5219, 3719
0.5223, 3718
0.5227, 3717
0.5231, 3716
0.5235, 3715
0.5239, 3714
0.5243, 3713
0.5246, 3712
0.5250, 3711
0.5254, 3710
0.5258, 3709
0.5262, 3708
0.5265, 3707
0.5269, 3706
0.5273, 3705
0.5277, 3704
0.5281, 3703
0.5284, 3702
0.5288, 3701
0.5292, 3700
0.5296, 3699
0.5299, 3698
0.5303, 3697
0.5307, 3696
0.5311, 3695
0.5315, 3694
0.5319, 3693
0.5322, 3692
0.5326, 3691
0.5330, 3690
0.5334, 3689
0.5338, 3688
0.5342, 3687
0.5346, 3686
0.5350, 3685
0.5354, 3684
0.5357, 3683
0.5361, 3682
0.5365, 3681
0.5369, 3680
0.5373, 3679
0.5376, 3678
0.5380, 3677
0.5384, 3676
0.5388, 3675
0.5391, 3674
0.5395, 3673
0.5398, 3672
0.5402, 3671
0.5406, 3670
0.5410, 3669
0.5414, 3668
0.5418, 3667
0.5422, 3666
0.5426, 3665
0.5430, 3664
0.5433, 3663
0.5437, 3662
0.5441, 3661
0.5445, 3660
0.5449, 3659
0.5452, 3658
0.5456, 3657
0.5460, 3656
0.5463, 3655
0.5467, 3654
0.5471, 3653
0.5475, 3652
0.5479, 3651
0.5483, 3650
0.5487, 3649
0.5490, 3648
0.5494, 3647
0.5498, 3646
0.5502, 3645
0.5506, 3644
0.5509, 3643
0.5513, 3642
0.5517, 3641
0.5521, 3640
0.5525, 3639
0.5529, 3638
0.5532, 3637
0.5536, 3636
0.5540, 3635
0.5543, 3634
0.5547, 3633
0.5551, 3632
0.5554, 3631
0.5558, 3630
0.5561, 3629
0.5565, 3628
0.5568, 3627
0.5572, 3626
0.5575, 3625
0.5579, 3624
0.5583, 3623
0.5587, 3622
0.5590, 3621
0.5594, 3620
0.5598, 3619
0.5601, 3618
0.5605, 3617
0.5609, 3616
0.5612, 3615
0.5616, 3614
0.5619, 3613
0.5623, 3612
0.5626, 3611
0.5630, 3610
0.5634, 3609
0.5638, 3608
0.5641, 3607
0.5645, 3606
0.5649, 3605
0.5653, 3604
0.5657, 3603
0.5660, 3602
0.5664, 3601
0.5668, 3600
0.5671, 3599
0.5675, 3598
0.5679, 3597
0.5682, 3596
0.5686, 3595
0.5689, 3594
0.5693, 3593
0.5696, 3592
0.5700, 3591
0.5704, 3590
0.5708, 3589
0.5711, 3588
0.5716, 3587
0.5719, 3586
0.5723, 3585
0.5727, 3584
0.5730, 3583
0.5734, 3582
0.5738, 3581
0.5741, 3580
0.5745, 3579
0.5749, 3578
0.5752, 3577
0.5756, 3576
0.5760, 3575
0.5763, 3574
0.5767, 3573
0.5771, 3572
0.5774, 3571
0.5778, 3570
0.5782, 3569
0.5785, 3568
0.5789, 3567
0.5793, 3566
0.5796, 3565
0.5799, 3564
0.5803, 3563
0.5806, 3562
0.5810, 3561
0.5813, 3560
0.5817, 3559
0.5820, 3558
0.5825, 3557
0.5828, 3556
0.5832, 3555
0.5836, 3554
0.5840, 3553
0.5843, 3552
0.5847, 3551
0.5851, 3550
0.5854, 3549
0.5858, 3548
0.5861, 3547
0.5865, 3546
0.5868, 3545
0.5872, 3544
0.5875, 3543
0.5878, 3542
0.5882, 3541
0.5885, 3540
0.5889, 3539
0.5892, 3538
0.5896, 3537
0.5900, 3536
0.5903, 3535
0.5907, 3534
0.5910, 3533
0.5914, 3532
0.5917, 3531
0.5920, 3530
0.5923, 3529
0.5927, 3528
0.5930, 3527
0.5934, 3526
0.5938, 3525
0.5941, 3524
0.5944, 3523
0.5948, 3522
0.5951, 3521
0.5955, 3520
0.5959, 3519
0.5962, 3518
0.5965, 3517
0.5969, 3516
0.5972, 3515
0.5975, 3514
0.5979, 3513
0.5982, 3512
0.5985, 3511
0.5989, 3510
0.5992, 3509
0.5996, 3508
0.5999, 3507
0.6002, 3506
0.6006, 3505
0.6009, 3504
0.6013, 3503
0.6017, 3502
0.6021, 3501
0.6025, 3500
0.6029, 3499
0.6032, 3498
0.6036, 3497
0.6040, 3496
0.6043, 3495
0.6046, 3494
0.6050, 3493
0.6054, 3492
0.6057, 3491
0.6060, 3490
0.6064, 3489
0.6068, 3488
0.6071, 3487
0.6075, 3486
0.6079, 3485
0.6082, 3484
0.6086, 3483
0.6089, 3482
0.6093, 3481
0.6096, 3480
0.6100, 3479
0.6104, 3478
0.6108, 3477
0.6111, 3476
0.6114, 3475
0.6118, 3474
0.6122, 3473
0.6126, 3472
0.6129, 3471
0.6133, 3470
0.6137, 3469
0.6141, 3468
0.6145, 3467
0.6148, 3466
0.6152, 3465
0.6156, 3464
0.6159, 3463
0.6163, 3462
0.6167, 3461
0.6170, 3460
0.6174, 3459
0.6177, 3458
0.6181, 3457
0.6185, 3456
0.6189, 3455
0.6192, 3454
0.6196, 3453
0.6200, 3452
0.6203, 3451
0.6207, 3450
0.6210, 3449
0.6214, 3448
0.6218, 3447
0.6222, 3446
0.6225, 3445
0.6229, 3444
0.6232, 3443
0.6235, 3442
0.6239, 3441
0.6242, 3440
0.6245, 3439
0.6249, 3438
0.6253, 3437
0.6256, 3436
0.6259, 3435
0.6263, 3434
0.6266, 3433
0.6270, 3432
0.6273, 3431
0.6277, 3430
0.6280, 3429
0.6284, 3428
0.6287, 3427
0.6291, 3426
0.6294, 3425
0.6297, 3424
0.6300, 3423
0.6304, 3422
0.6307, 3421
0.6311, 3420
0.6314, 3419
0.6318, 3418
0.6321, 3417
0.6325, 3416
0.6328, 3415
0.6332, 3414
0.6335, 3413
0.6339, 3412
0.6342, 3411
0.6346, 3410
0.6350, 3409
0.6353, 3408
0.6357, 3407
0.6361, 3406
0.6364, 3405
0.6368, 3404
0.6371, 3403
0.6375, 3402
0.6378, 3401
0.6382, 3400
0.6385, 3399
0.6389, 3398
0.6392, 3397
0.6395, 3396
0.6399, 3395
0.6402, 3394
0.6406, 3393
0.6410, 3392
0.6413, 3391
0.6417, 3390
0.6420, 3389
0.6423, 3388
0.6427, 3387
0.6430, 3386
0.6433, 3385
0.6437, 3384
0.6440, 3383
0.6443, 3382
0.6447, 3381
0.6450, 3380
0.6453, 3379
0.6457, 3378
0.6460, 3377
0.6463, 3376
0.6467, 3375
0.6470, 3374
0.6473, 3373
0.6477, 3372
0.6480, 3371
0.6484, 3370
0.6487, 3369
0.6491, 3368
0.6495, 3367
0.6499, 3366
0.6502, 3365
0.6505, 3364
0.6509, 3363
0.6512, 3362
0.6515, 3361
0.6519, 3360
0.6522, 3359
0.6526, 3358
0.6529, 3357
0.6533, 3356
0.6536, 3355
0.6539, 3354
0.6542, 3353
0.6546, 3352
0.6549, 3351
0.7337, 3350
0.7341, 3349
1.2907, 3348
1.5313, 3347
2.4526, 3346
2.4862, 3345
2.5312, 3344
3.0108, 3343
3.0985, 3342
3.1859, 3341
3.4041, 3340
4.2833, 3339
4.5329, 3338
4.5333, 3337
4.5336, 3336
4.9897, 3335
5.1207, 3334
5.5599, 3333
5.5830, 3332
5.6274, 3331
6.3820, 3330
6.4276, 3329
6.4835, 3328
6.5277, 3327
6.5498, 3326
6.5502, 3325
6.9662, 3324
7.0500, 3323
7.0851, 3322
7.1517, 3321
7.2509, 3320
7.3496, 3319
7.3499, 3318
7.4265, 3317
7.4269, 3316
7.7014, 3315
7.7017, 3314
7.7790, 3313
7.7793, 3312
8.6215, 3311
9.0500, 3310
9.4014, 3309
9.5986, 3308
9.6644, 3307
