0.0000, 728
0.0001, 727
0.0001, 726
0.0002, 725
0.0003, 724
0.0004, 723
0.0005, 722
0.0005, 721
0.0006, 720
0.0007, 719
0.0008, 718
0.0008, 717
0.0009, 716
0.0010, 715
0.0011, 714
0.0011, 713
0.0012, 712
0.0013, 711
0.0014, 710
0.0014, 709
0.0015, 708
0.0016, 707
0.0017, 706
0.0017, 705
0.0018, 704
0.0019, 703
0.0020, 702
0.0021, 701
0.0021, 700
0.0023, 699
0.0023, 698
0.0024, 697
0.0025, 696
0.0026, 695
0.0026, 694
0.0027, 693
0.0028, 692
0.0029, 691
0.0030, 690
0.0031, 689
0.0031, 688
0.0032, 687
0.0033, 686
0.0034, 685
0.0035, 684
0.0035, 683
0.0036, 682
0.0037, 681
0.0038, 680
0.0039, 679
0.0040, 678
0.0040, 677
0.0041, 676
0.0042, 675
0.0043, 674
0.0043, 673
0.0044, 672
0.0045, 671
0.0045, 670
0.0046, 669
0.0047, 668
0.0047, 667
0.0048, 666
0.0049, 665
0.0050, 664
0.0050, 663
0.0051, 662
0.0052, 661
0.0052, 660
0.0053, 659
0.0054, 658
0.0055, 657
0.0055, 656
0.0056, 655
0.0057, 654
0.0057, 653
0.0058, 652
0.0059, 651
0.0059, 650
0.0060, 649
0.0061, 648
0.0062, 647
0.0062, 646
0.0063, 645
0.0063, 644
0.0064, 643
0.0065, 642
0.0065, 641
0.0066, 640
0.0067, 639
0.0068, 638
0.0068, 637
0.0069, 636
0.0070, 635
0.0071, 634
0.0071, 633
0.0072, 632
0.0073, 631
0.0074, 630
0.0074, 629
0.0075, 628
0.0076, 627
0.0076, 626
0.0077, 625
0.0078, 624
0.0078, 623
0.0079, 622
0.0080, 621
0.0081, 620
0.0081, 619
0.0082, 618
0.0083, 617
0.0083, 616
0.0084, 615
0.0085, 614
0.0085, 613
0.0086, 612
0.0110, 611
0.0144, 610
0.0203, 609
0.0227, 608
0.0227, 607
0.0252, 606
0.0252, 605
0.0276, 604
0.0310, 603
0.0477, 602
0.0600, 601
0.0734, 600
0.0735, 599
0.0769, 598
0.1479, 597
0.1806, 596
4.1037, 595
