0.0000, 5200
0.0004, 5199
0.0009, 5198
0.0013, 5197
0.0018, 5196
0.0023, 5195
0.0027, 5194
0.0031, 5193
0.0037, 5192
0.0041, 5191
0.0046, 5190
0.0051, 5189
0.0055, 5188
0.0060, 5187
0.0065, 5186
0.0069, 5185
0.0074, 5184
0.0079, 5183
0.0083, 5182
0.0088, 5181
0.0093, 5180
0.0098, 5179
0.0102, 5178
0.0107, 5177
0.0112, 5176
0.0117, 5175
0.0122, 5174
0.0127, 5173
0.0133, 5172
0.0137, 5171
0.0142, 5170
0.0147, 5169
0.0152, 5168
0.0157, 5167
0.0161, 5166
0.0166, 5165
0.0170, 5164
0.0175, 5163
0.0179, 5162
0.0184, 5161
0.0188, 5160
0.0194, 5159
0.0199, 5158
0.0204, 5157
0.0208, 5156
0.0214, 5155
0.0218, 5154
0.0223, 5153
0.0228, 5152
0.0233, 5151
0.0238, 5150
0.0243, 5149
0.0247, 5148
0.0252, 5147
0.0256, 5146
0.0261, 5145
0.0265, 5144
0.0270, 5143
0.0275, 5142
0.0280, 5141
0.0285, 5140
0.0289, 5139
0.0294, 5138
0.0299, 5137
0.0303, 5136
0.0308, 5135
0.0313, 5134
0.0318, 5133
0.0323, 5132
0.0328, 5131
0.0333, 5130
0.0338, 5129
0.0342, 5128
0.0347, 5127
0.0351, 5126
0.0356, 5125
0.0360, 5124
0.0365, 5123
0.0370, 5122
0.0374, 5121
0.0379, 5120
0.0384, 5119
0.0388, 5118
0.0392, 5117
0.0397, 5116
0.0402, 5115
0.0407, 5114
0.0412, 5113
0.0416, 5112
0.0421, 5111
0.0426, 5110
0.0432, 5109
0.0437, 5108
0.0442, 5107
0.0447, 5106
0.0451, 5105
0.0456, 5104
0.0460, 5103
0.0464, 5102
0.0469, 5101
0.0474, 5100
0.0478, 5099
0.0483, 5098
0.0488, 5097
0.0492, 5096
0.0497, 5095
0.0501, 5094
0.0506, 5093
0.0511, 5092
0.0516, 5091
0.0520, 5090
0.0524, 5089
0.0529, 5088
0.0534, 5087
0.0539, 5086
0.0545, 5085
0.0549, 5084
0.0554, 5083
0.0558, 5082
0.0562, 5081
0.0567, 5080
0.0572, 5079
0.0576, 5078
0.0581, 5077
0.0586, 5076
0.0591, 5075
0.0596, 5074
0.0601, 5073
0.0605, 5072
0.0610, 5071
0.0614, 5070
0.0620, 5069
0.0624, 5068
0.0629, 5067
0.0634, 5066
0.0638, 5065
0.0643, 5064
0.0648, 5063
0.0652, 5062
0.0657, 5061
0.0662, 5060
0.0667, 5059
0.0671, 5058
0.0676, 5057
0.0681, 5056
0.0685, 5055
0.0690, 5054
0.0695, 5053
0.0700, 5052
0.0705, 5051
0.0709, 5050
0.0714, 5049
0.0719, 5048
0.0723, 5047
0.0728, 5046
0.0733, 5045
0.0737, 5044
0.0742, 5043
0.0748, 5042
0.0753, 5041
0.0758, 5040
0.0762, 5039
0.0767, 5038
0.0771, 5037
0.0776, 5036
0.0780, 5035
0.0785, 5034
0.0789, 5033
0.0794, 5032
0.0798, 5031
0.0803, 5030
0.0808, 5029
0.0813, 5028
0.0818, 5027
0.0822, 5026
0.0827, 5025
0.0831, 5024
0.0838, 5023
0.0842, 5022
0.0846, 5021
0.0851, 5020
0.0855, 5019
0.0860, 5018
0.0865, 5017
0.0870, 5016
0.0875, 5015
0.0879, 5014
0.0884, 5013
0.0889, 5012
0.0894, 5011
0.0898, 5010
0.0904, 5009
0.0908, 5008
0.0914, 5007
0.0919, 5006
0.0924, 5005
0.0928, 5004
0.0933, 5003
0.0938, 5002
0.0942, 5001
0.0947, 5000
0.0952, 4999
0.0956, 4998
0.0961, 4997
0.0966, 4996
0.0971, 4995
0.0976, 4994
0.0980, 4993
0.0985, 4992
0.0989, 4991
0.0994, 4990
0.0998, 4989
0.1003, 4988
0.1008, 4987
0.1013, 4986
0.1018, 4985
0.1022, 4984
0.1027, 4983
0.1031, 4982
0.1037, 4981
0.1042, 4980
0.1046, 4979
0.1051, 4978
0.1056, 4977
0.1061, 4976
0.1066, 4975
0.1071, 4974
0.1076, 4973
0.1081, 4972
0.1086, 4971
0.1091, 4970
0.1095, 4969
0.1100, 4968
0.1104, 4967
0.1109, 4966
0.1114, 4965
0.1119, 4964
0.1124, 4963
0.1129, 4962
0.1133, 4961
0.1138, 4960
0.1143, 4959
0.1148, 4958
0.1153, 4957
0.1158, 4956
0.1163, 4955
0.1167, 4954
0.1172, 4953
0.1177, 4952
0.1181, 4951
0.1186, 4950
0.1191, 4949
0.1196, 4948
0.1200, 4947
0.1205, 4946
0.1210, 4945
0.1214, 4944
0.1219, 4943
0.1224, 4942
0.1229, 4941
0.1233, 4940
0.1238, 4939
0.1242, 4938
0.1247, 4937
0.1252, 4936
0.1257, 4935
0.1261, 4934
0.1267, 4933
0.1271, 4932
0.1276, 4931
0.1281, 4930
0.1286, 4929
0.1291, 4928
0.1295, 4927
0.1300, 4926
0.1305, 4925
0.1309, 4924
0.1314, 4923
0.1320, 4922
0.1324, 4921
0.1329, 4920
0.1333, 4919
0.1338, 4918
0.1342, 4917
0.1347, 4916
0.1352, 4915
0.1356, 4914
0.1361, 4913
0.1366, 4912
0.1371, 4911
0.1375, 4910
0.1380, 4909
0.1385, 4908
0.1390, 4907
0.1395, 4906
0.1399, 4905
0.1404, 4904
0.1409, 4903
0.1414, 4902
0.1419, 4901
0.1423, 4900
0.1429, 4899
0.1433, 4898
0.1438, 4897
0.1443, 4896
0.1448, 4895
0.1453, 4894
0.1457, 4893
0.1462, 4892
0.1466, 4891
0.1471, 4890
0.1475, 4889
0.1480, 4888
0.1484, 4887
0.1489, 4886
0.1494, 4885
0.1498, 4884
0.1503, 4883
0.1508, 4882
0.1513, 4881
0.1517, 4880
0.1522, 4879
0.1527, 4878
0.1531, 4877
0.1536, 4876
0.1541, 4875
0.1545, 4874
0.1550, 4873
0.1554, 4872
0.1559, 4871
0.1563, 4870
0.1568, 4869
0.1573, 4868
0.1577, 4867
0.1582, 4866
0.1586, 4865
0.1591, 4864
0.1596, 4863
0.1601, 4862
0.1606, 4861
0.1610, 4860
0.1615, 4859
0.1619, 4858
0.1624, 4857
0.1628, 4856
0.1634, 4855
0.1638, 4854
0.1643, 4853
0.1647, 4852
0.1652, 4851
0.1656, 4850
0.1661, 4849
0.1666, 4848
0.1670, 4847
0.1675, 4846
0.1680, 4845
0.1684, 4844
0.1690, 4843
0.1694, 4842
0.1699, 4841
0.1704, 4840
0.1709, 4839
0.1713, 4838
0.1718, 4837
0.1724, 4836
0.1728, 4835
0.1732, 4834
0.1737, 4833
0.1741, 4832
0.1747, 4831
0.1751, 4830
0.1756, 4829
0.1760, 4828
0.1765, 4827
0.1769, 4826
0.1774, 4825
0.1779, 4824
0.1783, 4823
0.1788, 4822
0.1793, 4821
0.1797, 4820
0.1801, 4819
0.1806, 4818
0.1811, 4817
0.1816, 4816
0.1820, 4815
0.1825, 4814
0.1832, 4813
0.1836, 4812
0.1841, 4811
0.1847, 4810
0.1851, 4809
0.1856, 4808
0.1860, 4807
0.1865, 4806
0.1869, 4805
0.1874, 4804
0.1878, 4803
0.1882, 4802
0.1887, 4801
0.1892, 4800
0.1897, 4799
0.1901, 4798
0.1906, 4797
0.1911, 4796
0.1915, 4795
0.1920, 4794
0.1924, 4793
0.1929, 4792
0.1934, 4791
0.1938, 4790
0.1943, 4789
0.1947, 4788
0.1953, 4787
0.1957, 4786
0.1962, 4785
0.1966, 4784
0.1971, 4783
0.1975, 4782
0.1980, 4781
0.1985, 4780
0.1990, 4779
0.1995, 4778
0.2000, 4777
0.2004, 4776
0.2009, 4775
0.2013, 4774
0.2018, 4773
0.2023, 4772
0.2028, 4771
0.2033, 4770
0.2038, 4769
0.2042, 4768
0.2047, 4767
0.2051, 4766
0.2056, 4765
0.2060, 4764
0.2064, 4763
0.2069, 4762
0.2074, 4761
0.2079, 4760
0.2084, 4759
0.2089, 4758
0.2093, 4757
0.2098, 4756
0.2102, 4755
0.2107, 4754
0.2112, 4753
0.2117, 4752
0.2121, 4751
0.2126, 4750
0.2131, 4749
0.2136, 4748
0.2140, 4747
0.2145, 4746
0.2150, 4745
0.2155, 4744
0.2160, 4743
0.2164, 4742
0.2170, 4741
0.2175, 4740
0.2179, 4739
0.2184, 4738
0.2188, 4737
0.2193, 4736
0.2198, 4735
0.2202, 4734
0.2207, 4733
0.2211, 4732
0.2218, 4731
0.2223, 4730
0.2228, 4729
0.2232, 4728
0.2237, 4727
0.2242, 4726
0.2247, 4725
0.2251, 4724
0.2257, 4723
0.2262, 4722
0.2267, 4721
0.2272, 4720
0.2276, 4719
0.2281, 4718
0.2285, 4717
0.2290, 4716
0.2295, 4715
0.2299, 4714
0.2304, 4713
0.2309, 4712
0.2313, 4711
0.2318, 4710
0.2323, 4709
0.2327, 4708
0.2332, 4707
0.2337, 4706
0.2342, 4705
0.2346, 4704
0.2352, 4703
0.2356, 4702
0.2361, 4701
0.2366, 4700
0.2370, 4699
0.2374, 4698
0.2379, 4697
0.2384, 4696
0.2388, 4695
0.2393, 4694
0.2397, 4693
0.2402, 4692
0.2406, 4691
0.2411, 4690
0.2416, 4689
0.2420, 4688
0.2425, 4687
0.2429, 4686
0.2434, 4685
0.2439, 4684
0.2444, 4683
0.2448, 4682
0.2453, 4681
0.2458, 4680
0.2462, 4679
0.2466, 4678
0.2472, 4677
0.2476, 4676
0.2481, 4675
0.2486, 4674
0.2491, 4673
0.2495, 4672
0.2500, 4671
0.2504, 4670
0.2509, 4669
0.2514, 4668
0.2519, 4667
0.2523, 4666
0.2528, 4665
0.2533, 4664
0.2537, 4663
0.2542, 4662
0.2546, 4661
0.2551, 4660
0.2555, 4659
0.2560, 4658
0.2564, 4657
0.2569, 4656
0.2573, 4655
0.2578, 4654
0.2583, 4653
0.2588, 4652
0.2592, 4651
0.2597, 4650
0.2601, 4649
0.2606, 4648
0.2611, 4647
0.2615, 4646
0.2621, 4645
0.2626, 4644
0.2630, 4643
0.2635, 4642
0.2639, 4641
0.2643, 4640
0.2648, 4639
0.2653, 4638
0.2658, 4637
0.2663, 4636
0.2668, 4635
0.2673, 4634
0.2677, 4633
0.2682, 4632
0.2686, 4631
0.2691, 4630
0.2695, 4629
0.2700, 4628
0.2705, 4627
0.2710, 4626
0.2715, 4625
0.2720, 4624
0.2725, 4623
0.2729, 4622
0.2733, 4621
0.2738, 4620
0.2743, 4619
0.2747, 4618
0.2752, 4617
0.2757, 4616
0.2762, 4615
0.2767, 4614
0.2771, 4613
0.2776, 4612
0.2780, 4611
0.2785, 4610
0.2790, 4609
0.2794, 4608
0.2799, 4607
0.2804, 4606
0.2808, 4605
0.2813, 4604
0.2817, 4603
0.2822, 4602
0.2826, 4601
0.2831, 4600
0.2836, 4599
0.2841, 4598
0.2845, 4597
0.2851, 4596
0.2856, 4595
0.2860, 4594
0.2865, 4593
0.2869, 4592
0.2874, 4591
0.2878, 4590
0.2883, 4589
0.2888, 4588
0.2892, 4587
0.2897, 4586
0.2902, 4585
0.2908, 4584
0.2912, 4583
0.2916, 4582
0.2921, 4581
0.2926, 4580
0.2931, 4579
0.2936, 4578
0.2941, 4577
0.2945, 4576
0.2950, 4575
0.2954, 4574
0.2958, 4573
0.2963, 4572
0.2968, 4571
0.2972, 4570
0.2978, 4569
0.2983, 4568
0.2987, 4567
0.2992, 4566
0.2996, 4565
0.3001, 4564
0.3005, 4563
0.3010, 4562
0.3015, 4561
0.3019, 4560
0.3024, 4559
0.3028, 4558
0.3032, 4557
0.3037, 4556
0.3042, 4555
0.3047, 4554
0.3052, 4553
0.3056, 4552
0.3061, 4551
0.3066, 4550
0.3070, 4549
0.3075, 4548
0.3079, 4547
0.3084, 4546
0.3089, 4545
0.3093, 4544
0.3098, 4543
0.3102, 4542
0.3107, 4541
0.3111, 4540
0.3116, 4539
0.3120, 4538
0.3125, 4537
0.3129, 4536
0.3134, 4535
0.3138, 4534
0.3143, 4533
0.3148, 4532
0.3152, 4531
0.3157, 4530
0.3161, 4529
0.3166, 4528
0.3171, 4527
0.3175, 4526
0.3180, 4525
0.3185, 4524
0.3189, 4523
0.3193, 4522
0.3197, 4521
0.3202, 4520
0.3206, 4519
0.3210, 4518
0.3215, 4517
0.3219, 4516
0.3223, 4515
0.3228, 4514
0.3232, 4513
0.3237, 4512
0.3242, 4511
0.3246, 4510
0.3250, 4509
0.3255, 4508
0.3259, 4507
0.3264, 4506
0.3268, 4505
0.3273, 4504
0.3277, 4503
0.3281, 4502
0.3285, 4501
0.3290, 4500
0.3294, 4499
0.3299, 4498
0.3304, 4497
0.3308, 4496
0.3313, 4495
0.3317, 4494
0.3322, 4493
0.3327, 4492
0.3332, 4491
0.3337, 4490
0.3341, 4489
0.3346, 4488
0.3351, 4487
0.3355, 4486
0.3360, 4485
0.3364, 4484
0.3368, 4483
0.3373, 4482
0.3377, 4481
0.3382, 4480
0.3386, 4479
0.3391, 4478
0.3395, 4477
0.3400, 4476
0.3404, 4475
0.3408, 4474
0.3413, 4473
0.3417, 4472
0.3421, 4471
0.3426, 4470
0.3431, 4469
0.3435, 4468
0.3439, 4467
0.3444, 4466
0.3448, 4465
0.3453, 4464
0.3458, 4463
0.3462, 4462
0.3466, 4461
0.3470, 4460
0.3475, 4459
0.3479, 4458
0.3484, 4457
0.3488, 4456
0.3493, 4455
0.3497, 4454
0.3502, 4453
0.3507, 4452
0.3511, 4451
0.3516, 4450
0.3521, 4449
0.3525, 4448
0.3530, 4447
0.3534, 4446
0.3538, 4445
0.3542, 4444
0.3547, 4443
0.3552, 4442
0.3556, 4441
0.3560, 4440
0.3565, 4439
0.3570, 4438
0.3574, 4437
0.3578, 4436
0.3583, 4435
0.3587, 4434
0.3591, 4433
0.3595, 4432
0.3600, 4431
0.3604, 4430
0.3609, 4429
0.3613, 4428
0.3618, 4427
0.3622, 4426
0.3626, 4425
0.3631, 4424
0.3635, 4423
0.3640, 4422
0.3644, 4421
0.3649, 4420
0.3653, 4419
0.3658, 4418
0.3662, 4417
0.3666, 4416
0.3670, 4415
0.3676, 4414
0.3681, 4413
0.3685, 4412
0.3689, 4411
0.3694, 4410
0.3698, 4409
0.3703, 4408
0.3708, 4407
0.3713, 4406
0.3717, 4405
0.3722, 4404
0.3727, 4403
0.3731, 4402
0.3735, 4401
0.3740, 4400
0.3744, 4399
0.3749, 4398
0.3753, 4397
0.3758, 4396
0.3762, 4395
0.3767, 4394
0.3771, 4393
0.3776, 4392
0.3780, 4391
0.3785, 4390
0.3789, 4389
0.3793, 4388
0.3797, 4387
0.3802, 4386
0.3806, 4385
0.3811, 4384
0.3816, 4383
0.3821, 4382
0.3825, 4381
0.3830, 4380
0.3835, 4379
0.3840, 4378
0.3844, 4377
0.3848, 4376
0.3853, 4375
0.3857, 4374
0.3862, 4373
0.3866, 4372
0.3871, 4371
0.3875, 4370
0.3879, 4369
0.3884, 4368
0.3888, 4367
0.3892, 4366
0.3897, 4365
0.3902, 4364
0.3907, 4363
0.3911, 4362
0.3915, 4361
0.3920, 4360
0.3925, 4359
0.3929, 4358
0.3934, 4357
0.3938, 4356
0.3943, 4355
0.3948, 4354
0.3952, 4353
0.3956, 4352
0.3961, 4351
0.3965, 4350
0.3969, 4349
0.3974, 4348
0.3979, 4347
0.3983, 4346
0.3987, 4345
0.3992, 4344
0.3996, 4343
0.4001, 4342
0.4005, 4341
0.4009, 4340
0.4014, 4339
0.4020, 4338
0.4024, 4337
0.4028, 4336
0.4033, 4335
0.4038, 4334
0.4042, 4333
0.4046, 4332
0.4051, 4331
0.4055, 4330
0.4060, 4329
0.4064, 4328
0.4068, 4327
0.4072, 4326
0.4077, 4325
0.4081, 4324
0.4086, 4323
0.4090, 4322
0.4095, 4321
0.4099, 4320
0.4104, 4319
0.4108, 4318
0.4113, 4317
0.4117, 4316
0.4121, 4315
0.4125, 4314
0.4130, 4313
0.4134, 4312
0.4138, 4311
0.4143, 4310
0.4147, 4309
0.4152, 4308
0.4156, 4307
0.4161, 4306
0.4166, 4305
0.4171, 4304
0.4175, 4303
0.4179, 4302
0.4184, 4301
0.4188, 4300
0.4193, 4299
0.4197, 4298
0.4201, 4297
0.4207, 4296
0.4211, 4295
0.4215, 4294
0.4219, 4293
0.4223, 4292
0.4228, 4291
0.4232, 4290
0.4236, 4289
0.4241, 4288
0.4245, 4287
0.4250, 4286
0.4255, 4285
0.4259, 4284
0.4263, 4283
0.4267, 4282
0.4272, 4281
0.4277, 4280
0.4281, 4279
0.4285, 4278
0.4290, 4277
0.4294, 4276
0.4299, 4275
0.4303, 4274
0.4307, 4273
0.4312, 4272
0.4316, 4271
0.4321, 4270
0.4326, 4269
0.4331, 4268
0.4335, 4267
0.4339, 4266
0.4343, 4265
0.4348, 4264
0.4352, 4263
0.4356, 4262
0.4360, 4261
0.4365, 4260
0.4369, 4259
0.4373, 4258
0.4377, 4257
0.4381, 4256
0.4385, 4255
0.4390, 4254
0.4394, 4253
0.4398, 4252
0.4402, 4251
0.4406, 4250
0.4411, 4249
0.4415, 4248
0.4419, 4247
0.4424, 4246
0.4428, 4245
0.4432, 4244
0.4436, 4243
0.4441, 4242
0.4445, 4241
0.4449, 4240
0.4453, 4239
0.4458, 4238
0.4463, 4237
0.4468, 4236
0.4472, 4235
0.4476, 4234
0.4481, 4233
0.4485, 4232
0.4489, 4231
0.4494, 4230
0.4498, 4229
0.4502, 4228
0.4507, 4227
0.4511, 4226
0.4515, 4225
0.4520, 4224
0.4524, 4223
0.4529, 4222
0.4533, 4221
0.4538, 4220
0.4542, 4219
0.4547, 4218
0.4551, 4217
0.4555, 4216
0.4560, 4215
0.4564, 4214
0.4568, 4213
0.4572, 4212
0.4577, 4211
0.4581, 4210
0.4586, 4209
0.4590, 4208
0.4595, 4207
0.4599, 4206
0.4603, 4205
0.4607, 4204
0.4611, 4203
0.4616, 4202
0.4620, 4201
0.4625, 4200
0.4629, 4199
0.4633, 4198
0.4637, 4197
0.4642, 4196
0.4646, 4195
0.4650, 4194
0.4654, 4193
0.4658, 4192
0.4663, 4191
0.4667, 4190
0.4672, 4189
0.4676, 4188
0.4681, 4187
0.4685, 4186
0.4689, 4185
0.4694, 4184
0.4698, 4183
0.4702, 4182
0.4706, 4181
0.4710, 4180
0.4714, 4179
0.4719, 4178
0.4723, 4177
0.4727, 4176
0.4731, 4175
0.4735, 4174
0.4740, 4173
0.4744, 4172
0.4748, 4171
0.4752, 4170
0.4756, 4169
0.4760, 4168
0.4765, 4167
0.4769, 4166
0.4773, 4165
0.4778, 4164
0.4782, 4163
0.4786, 4162
0.4790, 4161
0.4796, 4160
0.4800, 4159
0.4805, 4158
0.4809, 4157
0.4813, 4156
0.4818, 4155
0.4822, 4154
0.4826, 4153
0.4830, 4152
0.4834, 4151
0.4839, 4150
0.4843, 4149
0.4847, 4148
0.4851, 4147
0.4855, 4146
0.4860, 4145
0.4864, 4144
0.4868, 4143
0.4872, 4142
0.4876, 4141
0.4881, 4140
0.4885, 4139
0.4890, 4138
0.4894, 4137
0.4899, 4136
0.4903, 4135
0.4907, 4134
0.4912, 4133
0.4917, 4132
0.4921, 4131
0.4925, 4130
0.4929, 4129
0.4933, 4128
0.4937, 4127
0.4942, 4126
0.4947, 4125
0.4951, 4124
0.4956, 4123
0.4960, 4122
0.4964, 4121
0.4969, 4120
0.4973, 4119
0.4977, 4118
0.4982, 4117
0.4985, 4116
0.4989, 4115
0.4994, 4114
0.4998, 4113
0.5002, 4112
0.5006, 4111
0.5010, 4110
0.5014, 4109
0.5018, 4108
0.5022, 4107
0.5026, 4106
0.5031, 4105
0.5035, 4104
0.5039, 4103
0.5043, 4102
0.5047, 4101
0.5051, 4100
0.5055, 4099
0.5059, 4098
0.5063, 4097
0.5067, 4096
0.5071, 4095
0.5076, 4094
0.5080, 4093
0.5084, 4092
0.5088, 4091
0.5092, 4090
0.5096, 4089
0.5100, 4088
0.5104, 4087
0.5108, 4086
0.5112, 4085
0.5116, 4084
0.5121, 4083
0.5125, 4082
0.5130, 4081
0.5134, 4080
0.5139, 4079
0.5143, 4078
0.5147, 4077
0.5151, 4076
0.5156, 4075
0.5160, 4074
0.5164, 4073
0.5168, 4072
0.5172, 4071
0.5176, 4070
0.5180, 4069
0.5184, 4068
0.5189, 4067
0.5193, 4066
0.5197, 4065
0.5201, 4064
0.5205, 4063
0.5209, 4062
0.5213, 4061
0.5218, 4060
0.5222, 4059
0.5226, 4058
0.5237, 4057
0.5241, 4056
0.5245, 4055
0.5250, 4054
0.5254, 4053
0.5258, 4052
0.5262, 4051
0.5266, 4050
0.5271, 4049
0.5275, 4048
0.5279, 4047
0.5283, 4046
0.5287, 4045
0.5292, 4044
0.5296, 4043
0.5300, 4042
0.5304, 4041
0.5308, 4040
0.5313, 4039
0.5317, 4038
0.5321, 4037
0.5325, 4036
0.5329, 4035
0.5333, 4034
0.5337, 4033
0.5341, 4032
0.5346, 4031
0.5350, 4030
0.5354, 4029
0.5358, 4028
0.5362, 4027
0.5366, 4026
0.5370, 4025
0.5374, 4024
0.5378, 4023
0.5382, 4022
0.5386, 4021
0.5390, 4020
0.5394, 4019
0.5398, 4018
0.5402, 4017
0.5406, 4016
0.5410, 4015
0.5414, 4014
0.5418, 4013
0.5422, 4012
0.5426, 4011
0.5431, 4010
0.5435, 4009
0.5439, 4008
0.5444, 4007
0.5448, 4006
0.5453, 4005
0.5457, 4004
0.5461, 4003
0.5465, 4002
0.5469, 4001
0.5473, 4000
0.5477, 3999
0.5481, 3998
0.5485, 3997
0.5489, 3996
0.5493, 3995
0.5497, 3994
0.5501, 3993
0.5505, 3992
0.5509, 3991
0.5514, 3990
0.5518, 3989
0.5522, 3988
0.5526, 3987
0.5530, 3986
0.5535, 3985
0.5539, 3984
0.5543, 3983
0.5547, 3982
0.5551, 3981
0.5555, 3980
0.5559, 3979
0.5563, 3978
0.5567, 3977
0.5572, 3976
0.5576, 3975
0.5580, 3974
0.5584, 3973
0.5589, 3972
0.5592, 3971
0.5596, 3970
0.5601, 3969
0.5604, 3968
0.5608, 3967
0.5612, 3966
0.5616, 3965
0.7654, 3964
0.7873, 3963
0.8219, 3962
0.9096, 3961
1.1492, 3960
1.2061, 3959
1.2920, 3958
1.5756, 3957
1.6070, 3956
1.6646, 3955
1.7871, 3954
1.9818, 3953
2.3221, 3952
2.3747, 3951
2.3838, 3950
2.5311, 3949
2.8611, 3948
2.9659, 3947
3.1483, 3946
3.2556, 3945
3.4260, 3944
3.4522, 3943
3.6859, 3942
3.6863, 3941
3.7169, 3940
3.8125, 3939
4.5849, 3938
5.3786, 3937
5.6945, 3936
5.8096, 3935
6.2043, 3934
6.3459, 3933
8.1253, 3932
8.3066, 3931
8.8108, 3930
9.9479, 3929
