0.0000, 5200
0.0005, 5199
0.0009, 5198
0.0013, 5197
0.0018, 5196
0.0022, 5195
0.0027, 5194
0.0031, 5193
0.0036, 5192
0.0041, 5191
0.0045, 5190
0.0050, 5189
0.0055, 5188
0.0060, 5187
0.0064, 5186
0.0069, 5185
0.0074, 5184
0.0078, 5183
0.0083, 5182
0.0088, 5181
0.0093, 5180
0.0098, 5179
0.0102, 5178
0.0107, 5177
0.0112, 5176
0.0117, 5175
0.0122, 5174
0.0126, 5173
0.0132, 5172
0.0136, 5171
0.0141, 5170
0.0145, 5169
0.0151, 5168
0.0156, 5167
0.0160, 5166
0.0165, 5165
0.0170, 5164
0.0174, 5163
0.0178, 5162
0.0183, 5161
0.0187, 5160
0.0193, 5159
0.0197, 5158
0.0203, 5157
0.0207, 5156
0.0213, 5155
0.0217, 5154
0.0222, 5153
0.0227, 5152
0.0232, 5151
0.0236, 5150
0.0242, 5149
0.0246, 5148
0.0251, 5147
0.0255, 5146
0.0260, 5145
0.0264, 5144
0.0269, 5143
0.0274, 5142
0.0279, 5141
0.0284, 5140
0.0288, 5139
0.0293, 5138
0.0298, 5137
0.0302, 5136
0.0307, 5135
0.0312, 5134
0.0317, 5133
0.0322, 5132
0.0327, 5131
0.0332, 5130
0.0336, 5129
0.0341, 5128
0.0346, 5127
0.0350, 5126
0.0355, 5125
0.0359, 5124
0.0365, 5123
0.0369, 5122
0.0374, 5121
0.0379, 5120
0.0383, 5119
0.0387, 5118
0.0392, 5117
0.0396, 5116
0.0401, 5115
0.0406, 5114
0.0411, 5113
0.0415, 5112
0.0420, 5111
0.0426, 5110
0.0431, 5109
0.0436, 5108
0.0440, 5107
0.0445, 5106
0.0450, 5105
0.0454, 5104
0.0459, 5103
0.0463, 5102
0.0467, 5101
0.0472, 5100
0.0477, 5099
0.0482, 5098
0.0486, 5097
0.0491, 5096
0.0495, 5095
0.0500, 5094
0.0505, 5093
0.0509, 5092
0.0513, 5091
0.0518, 5090
0.0522, 5089
0.0527, 5088
0.0532, 5087
0.0537, 5086
0.0542, 5085
0.0546, 5084
0.0551, 5083
0.0555, 5082
0.0559, 5081
0.0564, 5080
0.0569, 5079
0.0574, 5078
0.0578, 5077
0.0583, 5076
0.0588, 5075
0.0593, 5074
0.0598, 5073
0.0602, 5072
0.0607, 5071
0.0611, 5070
0.0616, 5069
0.0621, 5068
0.0626, 5067
0.0631, 5066
0.0635, 5065
0.0640, 5064
0.0645, 5063
0.0649, 5062
0.0654, 5061
0.0659, 5060
0.0664, 5059
0.0669, 5058
0.0673, 5057
0.0678, 5056
0.0682, 5055
0.0687, 5054
0.0692, 5053
0.0697, 5052
0.0702, 5051
0.0707, 5050
0.0712, 5049
0.0717, 5048
0.0721, 5047
0.0725, 5046
0.0731, 5045
0.0735, 5044
0.0740, 5043
0.0746, 5042
0.0750, 5041
0.0756, 5040
0.0760, 5039
0.0764, 5038
0.0769, 5037
0.0773, 5036
0.0778, 5035
0.0782, 5034
0.0786, 5033
0.0791, 5032
0.0795, 5031
0.0800, 5030
0.0805, 5029
0.0810, 5028
0.0815, 5027
0.0819, 5026
0.0824, 5025
0.0828, 5024
0.0834, 5023
0.0838, 5022
0.0843, 5021
0.0847, 5020
0.0852, 5019
0.0856, 5018
0.0861, 5017
0.0866, 5016
0.0871, 5015
0.0875, 5014
0.0880, 5013
0.0884, 5012
0.0889, 5011
0.0894, 5010
0.0899, 5009
0.0903, 5008
0.0909, 5007
0.0914, 5006
0.0919, 5005
0.0923, 5004
0.0928, 5003
0.0933, 5002
0.0938, 5001
0.0942, 5000
0.0947, 4999
0.0952, 4998
0.0956, 4997
0.0962, 4996
0.0967, 4995
0.0971, 4994
0.0976, 4993
0.0980, 4992
0.0985, 4991
0.0989, 4990
0.0994, 4989
0.0998, 4988
0.1003, 4987
0.1008, 4986
0.1012, 4985
0.1017, 4984
0.1022, 4983
0.1026, 4982
0.1032, 4981
0.1037, 4980
0.1041, 4979
0.1046, 4978
0.1051, 4977
0.1056, 4976
0.1061, 4975
0.1066, 4974
0.1072, 4973
0.1076, 4972
0.1081, 4971
0.1086, 4970
0.1090, 4969
0.1095, 4968
0.1100, 4967
0.1104, 4966
0.1109, 4965
0.1114, 4964
0.1119, 4963
0.1124, 4962
0.1128, 4961
0.1133, 4960
0.1138, 4959
0.1142, 4958
0.1147, 4957
0.1152, 4956
0.1157, 4955
0.1161, 4954
0.1166, 4953
0.1170, 4952
0.1175, 4951
0.1180, 4950
0.1185, 4949
0.1189, 4948
0.1194, 4947
0.1198, 4946
0.1203, 4945
0.1208, 4944
0.1212, 4943
0.1218, 4942
0.1222, 4941
0.1227, 4940
0.1232, 4939
0.1236, 4938
0.1241, 4937
0.1246, 4936
0.1250, 4935
0.1255, 4934
0.1260, 4933
0.1265, 4932
0.1270, 4931
0.1275, 4930
0.1279, 4929
0.1284, 4928
0.1289, 4927
0.1293, 4926
0.1298, 4925
0.1302, 4924
0.1307, 4923
0.1313, 4922
0.1317, 4921
0.1322, 4920
0.1326, 4919
0.1331, 4918
0.1335, 4917
0.1340, 4916
0.1345, 4915
0.1349, 4914
0.1354, 4913
0.1359, 4912
0.1364, 4911
0.1369, 4910
0.1373, 4909
0.1378, 4908
0.1384, 4907
0.1388, 4906
0.1392, 4905
0.1397, 4904
0.1403, 4903
0.1408, 4902
0.1412, 4901
0.1417, 4900
0.1422, 4899
0.1427, 4898
0.1431, 4897
0.1436, 4896
0.1441, 4895
0.1445, 4894
0.1450, 4893
0.1454, 4892
0.1459, 4891
0.1463, 4890
0.1468, 4889
0.1472, 4888
0.1477, 4887
0.1481, 4886
0.1486, 4885
0.1491, 4884
0.1495, 4883
0.1500, 4882
0.1504, 4881
0.1509, 4880
0.1514, 4879
0.1518, 4878
0.1522, 4877
0.1527, 4876
0.1532, 4875
0.1536, 4874
0.1541, 4873
0.1545, 4872
0.1550, 4871
0.1554, 4870
0.1559, 4869
0.1564, 4868
0.1568, 4867
0.1572, 4866
0.1577, 4865
0.1582, 4864
0.1587, 4863
0.1592, 4862
0.1597, 4861
0.1601, 4860
0.1606, 4859
0.1610, 4858
0.1614, 4857
0.1619, 4856
0.1624, 4855
0.1629, 4854
0.1634, 4853
0.1638, 4852
0.1643, 4851
0.1648, 4850
0.1653, 4849
0.1657, 4848
0.1662, 4847
0.1666, 4846
0.1672, 4845
0.1676, 4844
0.1681, 4843
0.1686, 4842
0.1691, 4841
0.1696, 4840
0.1701, 4839
0.1706, 4838
0.1710, 4837
0.1716, 4836
0.1720, 4835
0.1725, 4834
0.1729, 4833
0.1734, 4832
0.1739, 4831
0.1743, 4830
0.1748, 4829
0.1752, 4828
0.1757, 4827
0.1762, 4826
0.1767, 4825
0.1772, 4824
0.1776, 4823
0.1781, 4822
0.1785, 4821
0.1790, 4820
0.1794, 4819
0.1798, 4818
0.1803, 4817
0.1808, 4816
0.1812, 4815
0.1818, 4814
0.1824, 4813
0.1828, 4812
0.1833, 4811
0.1839, 4810
0.1843, 4809
0.1848, 4808
0.1853, 4807
0.1857, 4806
0.1861, 4805
0.1866, 4804
0.1870, 4803
0.1875, 4802
0.1879, 4801
0.1884, 4800
0.1889, 4799
0.1894, 4798
0.1898, 4797
0.1903, 4796
0.1907, 4795
0.1912, 4794
0.1916, 4793
0.1921, 4792
0.1926, 4791
0.1930, 4790
0.1935, 4789
0.1939, 4788
0.1945, 4787
0.1949, 4786
0.1954, 4785
0.1958, 4784
0.1963, 4783
0.1967, 4782
0.1972, 4781
0.1977, 4780
0.1982, 4779
0.1987, 4778
0.1992, 4777
0.1996, 4776
0.2001, 4775
0.2005, 4774
0.2010, 4773
0.2015, 4772
0.2021, 4771
0.2026, 4770
0.2031, 4769
0.2035, 4768
0.2039, 4767
0.2044, 4766
0.2048, 4765
0.2053, 4764
0.2057, 4763
0.2062, 4762
0.2067, 4761
0.2072, 4760
0.2077, 4759
0.2082, 4758
0.2087, 4757
0.2091, 4756
0.2096, 4755
0.2101, 4754
0.2106, 4753
0.2110, 4752
0.2115, 4751
0.2120, 4750
0.2124, 4749
0.2129, 4748
0.2133, 4747
0.2138, 4746
0.2143, 4745
0.2148, 4744
0.2153, 4743
0.2157, 4742
0.2163, 4741
0.2167, 4740
0.2172, 4739
0.2177, 4738
0.2181, 4737
0.2186, 4736
0.2191, 4735
0.2195, 4734
0.2200, 4733
0.2204, 4732
0.2211, 4731
0.2216, 4730
0.2220, 4729
0.2225, 4728
0.2230, 4727
0.2234, 4726
0.2239, 4725
0.2244, 4724
0.2250, 4723
0.2255, 4722
0.2260, 4721
0.2264, 4720
0.2269, 4719
0.2274, 4718
0.2278, 4717
0.2283, 4716
0.2288, 4715
0.2293, 4714
0.2297, 4713
0.2302, 4712
0.2306, 4711
0.2311, 4710
0.2316, 4709
0.2321, 4708
0.2326, 4707
0.2330, 4706
0.2335, 4705
0.2339, 4704
0.2344, 4703
0.2349, 4702
0.2353, 4701
0.2358, 4700
0.2362, 4699
0.2367, 4698
0.2372, 4697
0.2376, 4696
0.2381, 4695
0.2385, 4694
0.2390, 4693
0.2394, 4692
0.2399, 4691
0.2404, 4690
0.2408, 4689
0.2413, 4688
0.2417, 4687
0.2422, 4686
0.2426, 4685
0.2432, 4684
0.2436, 4683
0.2441, 4682
0.2445, 4681
0.2450, 4680
0.2454, 4679
0.2458, 4678
0.2463, 4677
0.2468, 4676
0.2472, 4675
0.2477, 4674
0.2482, 4673
0.2487, 4672
0.2491, 4671
0.2496, 4670
0.2500, 4669
0.2505, 4668
0.2510, 4667
0.2515, 4666
0.2519, 4665
0.2524, 4664
0.2528, 4663
0.2533, 4662
0.2537, 4661
0.2541, 4660
0.2546, 4659
0.2550, 4658
0.2555, 4657
0.2559, 4656
0.2564, 4655
0.2569, 4654
0.2573, 4653
0.2578, 4652
0.2583, 4651
0.2587, 4650
0.2592, 4649
0.2596, 4648
0.2601, 4647
0.2606, 4646
0.2611, 4645
0.2616, 4644
0.2620, 4643
0.2625, 4642
0.2629, 4641
0.2634, 4640
0.2638, 4639
0.2643, 4638
0.2648, 4637
0.2653, 4636
0.2657, 4635
0.2662, 4634
0.2667, 4633
0.2671, 4632
0.2676, 4631
0.2680, 4630
0.2685, 4629
0.2689, 4628
0.2694, 4627
0.2699, 4626
0.2705, 4625
0.2709, 4624
0.2715, 4623
0.2719, 4622
0.2724, 4621
0.2728, 4620
0.2733, 4619
0.2738, 4618
0.2742, 4617
0.2747, 4616
0.2753, 4615
0.2757, 4614
0.2762, 4613
0.2766, 4612
0.2771, 4611
0.2776, 4610
0.2780, 4609
0.2785, 4608
0.2789, 4607
0.2794, 4606
0.2798, 4605
0.2803, 4604
0.2807, 4603
0.2812, 4602
0.2816, 4601
0.2821, 4600
0.2827, 4599
0.2831, 4598
0.2835, 4597
0.2841, 4596
0.2845, 4595
0.2850, 4594
0.2854, 4593
0.2859, 4592
0.2863, 4591
0.2868, 4590
0.2873, 4589
0.2878, 4588
0.2882, 4587
0.2887, 4586
0.2892, 4585
0.2898, 4584
0.2902, 4583
0.2907, 4582
0.2912, 4581
0.2917, 4580
0.2921, 4579
0.2926, 4578
0.2931, 4577
0.2936, 4576
0.2940, 4575
0.2944, 4574
0.2949, 4573
0.2953, 4572
0.2958, 4571
0.2963, 4570
0.2968, 4569
0.2973, 4568
0.2978, 4567
0.2982, 4566
0.2986, 4565
0.2991, 4564
0.2995, 4563
0.3000, 4562
0.3004, 4561
0.3009, 4560
0.3013, 4559
0.3017, 4558
0.3022, 4557
0.3026, 4556
0.3031, 4555
0.3036, 4554
0.3041, 4553
0.3046, 4552
0.3050, 4551
0.3055, 4550
0.3060, 4549
0.3064, 4548
0.3069, 4547
0.3074, 4546
0.3078, 4545
0.3083, 4544
0.3087, 4543
0.3092, 4542
0.3097, 4541
0.3101, 4540
0.3106, 4539
0.3110, 4538
0.3114, 4537
0.3119, 4536
0.3123, 4535
0.3127, 4534
0.3132, 4533
0.3137, 4532
0.3141, 4531
0.3146, 4530
0.3151, 4529
0.3155, 4528
0.3160, 4527
0.3165, 4526
0.3170, 4525
0.3174, 4524
0.3179, 4523
0.3183, 4522
0.3187, 4521
0.3191, 4520
0.3196, 4519
0.3200, 4518
0.3204, 4517
0.3209, 4516
0.3213, 4515
0.3217, 4514
0.3221, 4513
0.3226, 4512
0.3231, 4511
0.3235, 4510
0.3240, 4509
0.3244, 4508
0.3249, 4507
0.3253, 4506
0.3258, 4505
0.3262, 4504
0.3266, 4503
0.3271, 4502
0.3275, 4501
0.3280, 4500
0.3284, 4499
0.3289, 4498
0.3294, 4497
0.3298, 4496
0.3302, 4495
0.3307, 4494
0.3312, 4493
0.3316, 4492
0.3321, 4491
0.3326, 4490
0.3330, 4489
0.3335, 4488
0.3340, 4487
0.3344, 4486
0.3348, 4485
0.3353, 4484
0.3357, 4483
0.3362, 4482
0.3366, 4481
0.3371, 4480
0.3375, 4479
0.3380, 4478
0.3385, 4477
0.3389, 4476
0.3393, 4475
0.3398, 4474
0.3402, 4473
0.3406, 4472
0.3411, 4471
0.3415, 4470
0.3420, 4469
0.3424, 4468
0.3428, 4467
0.3433, 4466
0.3438, 4465
0.3442, 4464
0.3447, 4463
0.3451, 4462
0.3455, 4461
0.3459, 4460
0.3464, 4459
0.3468, 4458
0.3472, 4457
0.3477, 4456
0.3482, 4455
0.3486, 4454
0.3491, 4453
0.3495, 4452
0.3500, 4451
0.3504, 4450
0.3508, 4449
0.3513, 4448
0.3518, 4447
0.3522, 4446
0.3526, 4445
0.3531, 4444
0.3536, 4443
0.3540, 4442
0.3545, 4441
0.3549, 4440
0.3553, 4439
0.3558, 4438
0.3562, 4437
0.3566, 4436
0.3570, 4435
0.3575, 4434
0.3579, 4433
0.3584, 4432
0.3588, 4431
0.3592, 4430
0.3597, 4429
0.3601, 4428
0.3605, 4427
0.3610, 4426
0.3614, 4425
0.3618, 4424
0.3623, 4423
0.3628, 4422
0.3632, 4421
0.3637, 4420
0.3641, 4419
0.3645, 4418
0.3650, 4417
0.3654, 4416
0.3658, 4415
0.3663, 4414
0.3668, 4413
0.3673, 4412
0.3677, 4411
0.3681, 4410
0.3686, 4409
0.3691, 4408
0.3695, 4407
0.3701, 4406
0.3705, 4405
0.3709, 4404
0.3715, 4403
0.3719, 4402
0.3723, 4401
0.3728, 4400
0.3732, 4399
0.3737, 4398
0.3742, 4397
0.3746, 4396
0.3750, 4395
0.3754, 4394
0.3759, 4393
0.3763, 4392
0.3767, 4391
0.3772, 4390
0.3776, 4389
0.3780, 4388
0.3785, 4387
0.3789, 4386
0.3794, 4385
0.3798, 4384
0.3803, 4383
0.3808, 4382
0.3812, 4381
0.3817, 4380
0.3822, 4379
0.3827, 4378
0.3831, 4377
0.3835, 4376
0.3840, 4375
0.3844, 4374
0.3849, 4373
0.3853, 4372
0.3857, 4371
0.3862, 4370
0.3866, 4369
0.3870, 4368
0.3875, 4367
0.3879, 4366
0.3883, 4365
0.3889, 4364
0.3893, 4363
0.3898, 4362
0.3902, 4361
0.3906, 4360
0.3911, 4359
0.3915, 4358
0.3920, 4357
0.3924, 4356
0.3929, 4355
0.3934, 4354
0.3939, 4353
0.3943, 4352
0.3947, 4351
0.3951, 4350
0.3955, 4349
0.3960, 4348
0.3965, 4347
0.3969, 4346
0.3973, 4345
0.3978, 4344
0.3982, 4343
0.3987, 4342
0.3991, 4341
0.3996, 4340
0.4001, 4339
0.4006, 4338
0.4011, 4337
0.4015, 4336
0.4020, 4335
0.4025, 4334
0.4029, 4333
0.4033, 4332
0.4038, 4331
0.4042, 4330
0.4047, 4329
0.4051, 4328
0.4055, 4327
0.4059, 4326
0.4064, 4325
0.4068, 4324
0.4073, 4323
0.4078, 4322
0.4082, 4321
0.4087, 4320
0.4091, 4319
0.4095, 4318
0.4100, 4317
0.4104, 4316
0.4109, 4315
0.4113, 4314
0.4117, 4313
0.4121, 4312
0.4126, 4311
0.4130, 4310
0.4134, 4309
0.4139, 4308
0.4144, 4307
0.4149, 4306
0.4153, 4305
0.4158, 4304
0.4162, 4303
0.4166, 4302
0.4171, 4301
0.4175, 4300
0.4180, 4299
0.4184, 4298
0.4189, 4297
0.4194, 4296
0.4198, 4295
0.4202, 4294
0.4206, 4293
0.4211, 4292
0.4215, 4291
0.4219, 4290
0.4224, 4289
0.4228, 4288
0.4232, 4287
0.4237, 4286
0.4241, 4285
0.4246, 4284
0.4250, 4283
0.4254, 4282
0.4259, 4281
0.4264, 4280
0.4268, 4279
0.4272, 4278
0.4276, 4277
0.4281, 4276
0.4285, 4275
0.4289, 4274
0.4293, 4273
0.4298, 4272
0.4302, 4271
0.4307, 4270
0.4312, 4269
0.4317, 4268
0.4321, 4267
0.4325, 4266
0.4330, 4265
0.4334, 4264
0.4338, 4263
0.4342, 4262
0.4346, 4261
0.4351, 4260
0.4355, 4259
0.4359, 4258
0.4363, 4257
0.4368, 4256
0.4372, 4255
0.4376, 4254
0.4381, 4253
0.4385, 4252
0.4389, 4251
0.4393, 4250
0.4398, 4249
0.4402, 4248
0.4406, 4247
0.4410, 4246
0.4415, 4245
0.4419, 4244
0.4423, 4243
0.4427, 4242
0.4431, 4241
0.4436, 4240
0.4440, 4239
0.4444, 4238
0.4449, 4237
0.4454, 4236
0.4458, 4235
0.4462, 4234
0.4466, 4233
0.4470, 4232
0.4475, 4231
0.4480, 4230
0.4484, 4229
0.4488, 4228
0.4492, 4227
0.4496, 4226
0.4501, 4225
0.4505, 4224
0.4509, 4223
0.4514, 4222
0.4519, 4221
0.4523, 4220
0.4527, 4219
0.4532, 4218
0.4536, 4217
0.4540, 4216
0.4545, 4215
0.4550, 4214
0.4554, 4213
0.4558, 4212
0.4562, 4211
0.4567, 4210
0.4571, 4209
0.4575, 4208
0.4580, 4207
0.4584, 4206
0.4588, 4205
0.4593, 4204
0.4597, 4203
0.4601, 4202
0.4605, 4201
0.4610, 4200
0.4614, 4199
0.4618, 4198
0.4622, 4197
0.4626, 4196
0.4630, 4195
0.4635, 4194
0.4639, 4193
0.4643, 4192
0.4647, 4191
0.4652, 4190
0.4656, 4189
0.4661, 4188
0.4665, 4187
0.4670, 4186
0.4674, 4185
0.4678, 4184
0.4682, 4183
0.4687, 4182
0.4691, 4181
0.4695, 4180
0.4699, 4179
0.4703, 4178
0.4707, 4177
0.4712, 4176
0.4716, 4175
0.4720, 4174
0.4725, 4173
0.4729, 4172
0.4733, 4171
0.4737, 4170
0.4742, 4169
0.4746, 4168
0.4750, 4167
0.4754, 4166
0.4758, 4165
0.4763, 4164
0.4767, 4163
0.4771, 4162
0.4775, 4161
0.4781, 4160
0.4785, 4159
0.4789, 4158
0.4793, 4157
0.4798, 4156
0.4802, 4155
0.4806, 4154
0.4810, 4153
0.4815, 4152
0.4819, 4151
0.4823, 4150
0.4827, 4149
0.4831, 4148
0.4835, 4147
0.4840, 4146
0.4844, 4145
0.4848, 4144
0.4853, 4143
0.4857, 4142
0.4861, 4141
0.4865, 4140
0.4869, 4139
0.4873, 4138
0.4878, 4137
0.4882, 4136
0.4887, 4135
0.4892, 4134
0.4896, 4133
0.4901, 4132
0.4905, 4131
0.4909, 4130
0.4913, 4129
0.4917, 4128
0.4921, 4127
0.4926, 4126
0.4930, 4125
0.4935, 4124
0.4939, 4123
0.4943, 4122
0.4948, 4121
0.4952, 4120
0.4957, 4119
0.4961, 4118
0.4965, 4117
0.4969, 4116
0.4973, 4115
0.4977, 4114
0.4982, 4113
0.4986, 4112
0.4990, 4111
0.4994, 4110
0.4998, 4109
0.5002, 4108
0.5006, 4107
0.5010, 4106
0.5014, 4105
0.5018, 4104
0.5022, 4103
0.5026, 4102
0.5030, 4101
0.5034, 4100
0.5038, 4099
0.5043, 4098
0.5047, 4097
0.5051, 4096
0.5055, 4095
0.5059, 4094
0.5063, 4093
0.5067, 4092
0.5071, 4091
0.5075, 4090
0.5079, 4089
0.5083, 4088
0.5087, 4087
0.5091, 4086
0.5095, 4085
0.5099, 4084
0.5104, 4083
0.5108, 4082
0.5113, 4081
0.5117, 4080
0.5121, 4079
0.5126, 4078
0.5130, 4077
0.5134, 4076
0.5138, 4075
0.5142, 4074
0.5146, 4073
0.5150, 4072
0.5154, 4071
0.5158, 4070
0.5163, 4069
0.5167, 4068
0.5171, 4067
0.5175, 4066
0.5179, 4065
0.5183, 4064
0.5187, 4063
0.5191, 4062
0.5195, 4061
0.5200, 4060
0.5204, 4059
0.5208, 4058
0.5219, 4057
0.5223, 4056
0.5227, 4055
0.5232, 4054
0.5236, 4053
0.5240, 4052
0.5244, 4051
0.5248, 4050
0.5252, 4049
0.5256, 4048
0.5260, 4047
0.5264, 4046
0.5268, 4045
0.5273, 4044
0.5277, 4043
0.5281, 4042
0.5285, 4041
0.5289, 4040
0.5293, 4039
0.5297, 4038
0.5301, 4037
0.5305, 4036
0.5309, 4035
0.5313, 4034
0.5318, 4033
0.5322, 4032
0.5326, 4031
0.5330, 4030
0.5334, 4029
0.5338, 4028
0.5342, 4027
0.5346, 4026
0.5350, 4025
0.5354, 4024
0.5358, 4023
0.5362, 4022
0.5366, 4021
0.5370, 4020
0.5375, 4019
0.5379, 4018
0.5383, 4017
0.5387, 4016
0.5391, 4015
0.5395, 4014
0.5399, 4013
0.5403, 4012
0.5407, 4011
0.5411, 4010
0.5416, 4009
0.5420, 4008
0.5424, 4007
0.5429, 4006
0.5433, 4005
0.5437, 4004
0.5441, 4003
0.5445, 4002
0.5449, 4001
0.5452, 4000
0.5456, 3999
0.5460, 3998
0.5464, 3997
0.5468, 3996
0.5472, 3995
0.5476, 3994
0.5480, 3993
0.5484, 3992
0.5488, 3991
0.5493, 3990
0.5497, 3989
0.5501, 3988
0.5505, 3987
0.5509, 3986
0.5514, 3985
0.5518, 3984
0.5522, 3983
0.5526, 3982
0.5530, 3981
0.5534, 3980
0.5538, 3979
0.5542, 3978
0.5546, 3977
0.5551, 3976
0.5555, 3975
0.5559, 3974
0.5563, 3973
0.5567, 3972
0.5571, 3971
0.5575, 3970
0.5579, 3969
0.5583, 3968
0.5587, 3967
0.5591, 3966
0.5595, 3965
0.7584, 3964
0.7801, 3963
0.8232, 3962
0.9005, 3961
1.1317, 3960
1.1960, 3959
1.2816, 3958
1.5387, 3957
1.5949, 3956
1.6551, 3955
1.7413, 3954
1.9561, 3953
2.3034, 3952
2.3557, 3951
2.3861, 3950
2.5156, 3949
2.8375, 3948
2.9455, 3947
3.1440, 3946
3.2414, 3945
3.4049, 3944
3.4224, 3943
3.6595, 3942
3.6599, 3941
3.6903, 3940
3.7858, 3939
4.5619, 3938
5.3777, 3937
5.7421, 3936
5.8414, 3935
6.2651, 3934
6.4055, 3933
8.2356, 3932
8.4196, 3931
8.9355, 3930
9.4663, 3929
