0.0000, 5200
0.0004, 5199
0.0009, 5198
0.0014, 5197
0.0018, 5196
0.0023, 5195
0.0027, 5194
0.0032, 5193
0.0037, 5192
0.0042, 5191
0.0046, 5190
0.0051, 5189
0.0056, 5188
0.0061, 5187
0.0066, 5186
0.0070, 5185
0.0075, 5184
0.0080, 5183
0.0084, 5182
0.0089, 5181
0.0094, 5180
0.0099, 5179
0.0104, 5178
0.0109, 5177
0.0114, 5176
0.0119, 5175
0.0124, 5174
0.0129, 5173
0.0134, 5172
0.0138, 5171
0.0143, 5170
0.0148, 5169
0.0153, 5168
0.0158, 5167
0.0162, 5166
0.0167, 5165
0.0171, 5164
0.0176, 5163
0.0180, 5162
0.0185, 5161
0.0189, 5160
0.0194, 5159
0.0199, 5158
0.0204, 5157
0.0209, 5156
0.0214, 5155
0.0219, 5154
0.0224, 5153
0.0229, 5152
0.0234, 5151
0.0238, 5150
0.0244, 5149
0.0248, 5148
0.0253, 5147
0.0257, 5146
0.0262, 5145
0.0266, 5144
0.0271, 5143
0.0276, 5142
0.0282, 5141
0.0286, 5140
0.0291, 5139
0.0295, 5138
0.0300, 5137
0.0305, 5136
0.0310, 5135
0.0315, 5134
0.0320, 5133
0.0325, 5132
0.0330, 5131
0.0336, 5130
0.0340, 5129
0.0345, 5128
0.0350, 5127
0.0354, 5126
0.0359, 5125
0.0364, 5124
0.0369, 5123
0.0374, 5122
0.0378, 5121
0.0383, 5120
0.0388, 5119
0.0392, 5118
0.0397, 5117
0.0401, 5116
0.0407, 5115
0.0411, 5114
0.0417, 5113
0.0421, 5112
0.0426, 5111
0.0431, 5110
0.0437, 5109
0.0442, 5108
0.0447, 5107
0.0452, 5106
0.0456, 5105
0.0461, 5104
0.0466, 5103
0.0470, 5102
0.0475, 5101
0.0480, 5100
0.0484, 5099
0.0489, 5098
0.0493, 5097
0.0498, 5096
0.0502, 5095
0.0507, 5094
0.0511, 5093
0.0516, 5092
0.0521, 5091
0.0525, 5090
0.0530, 5089
0.0535, 5088
0.0540, 5087
0.0545, 5086
0.0550, 5085
0.0555, 5084
0.0559, 5083
0.0564, 5082
0.0568, 5081
0.0573, 5080
0.0578, 5079
0.0583, 5078
0.0587, 5077
0.0592, 5076
0.0597, 5075
0.0602, 5074
0.0606, 5073
0.0611, 5072
0.0616, 5071
0.0620, 5070
0.0625, 5069
0.0630, 5068
0.0635, 5067
0.0640, 5066
0.0645, 5065
0.0649, 5064
0.0654, 5063
0.0659, 5062
0.0663, 5061
0.0668, 5060
0.0673, 5059
0.0678, 5058
0.0683, 5057
0.0687, 5056
0.0692, 5055
0.0697, 5054
0.0702, 5053
0.0707, 5052
0.0712, 5051
0.0716, 5050
0.0721, 5049
0.0726, 5048
0.0731, 5047
0.0735, 5046
0.0740, 5045
0.0745, 5044
0.0750, 5043
0.0756, 5042
0.0760, 5041
0.0765, 5040
0.0770, 5039
0.0775, 5038
0.0779, 5037
0.0784, 5036
0.0788, 5035
0.0792, 5034
0.0797, 5033
0.0801, 5032
0.0806, 5031
0.0811, 5030
0.0816, 5029
0.0821, 5028
0.0825, 5027
0.0830, 5026
0.0834, 5025
0.0839, 5024
0.0845, 5023
0.0849, 5022
0.0854, 5021
0.0859, 5020
0.0863, 5019
0.0868, 5018
0.0873, 5017
0.0878, 5016
0.0882, 5015
0.0887, 5014
0.0892, 5013
0.0897, 5012
0.0902, 5011
0.0906, 5010
0.0912, 5009
0.0916, 5008
0.0922, 5007
0.0927, 5006
0.0932, 5005
0.0936, 5004
0.0941, 5003
0.0946, 5002
0.0950, 5001
0.0955, 5000
0.0960, 4999
0.0965, 4998
0.0969, 4997
0.0975, 4996
0.0980, 4995
0.0984, 4994
0.0989, 4993
0.0994, 4992
0.0999, 4991
0.1003, 4990
0.1008, 4989
0.1012, 4988
0.1017, 4987
0.1022, 4986
0.1027, 4985
0.1031, 4984
0.1036, 4983
0.1040, 4982
0.1046, 4981
0.1051, 4980
0.1056, 4979
0.1060, 4978
0.1066, 4977
0.1071, 4976
0.1076, 4975
0.1081, 4974
0.1086, 4973
0.1091, 4972
0.1096, 4971
0.1101, 4970
0.1105, 4969
0.1110, 4968
0.1115, 4967
0.1119, 4966
0.1124, 4965
0.1129, 4964
0.1134, 4963
0.1139, 4962
0.1144, 4961
0.1149, 4960
0.1153, 4959
0.1158, 4958
0.1163, 4957
0.1168, 4956
0.1172, 4955
0.1177, 4954
0.1182, 4953
0.1186, 4952
0.1191, 4951
0.1196, 4950
0.1200, 4949
0.1205, 4948
0.1210, 4947
0.1214, 4946
0.1219, 4945
0.1224, 4944
0.1229, 4943
0.1234, 4942
0.1238, 4941
0.1243, 4940
0.1248, 4939
0.1253, 4938
0.1257, 4937
0.1262, 4936
0.1266, 4935
0.1271, 4934
0.1276, 4933
0.1281, 4932
0.1286, 4931
0.1290, 4930
0.1295, 4929
0.1300, 4928
0.1305, 4927
0.1309, 4926
0.1314, 4925
0.1319, 4924
0.1323, 4923
0.1329, 4922
0.1333, 4921
0.1338, 4920
0.1343, 4919
0.1348, 4918
0.1352, 4917
0.1357, 4916
0.1362, 4915
0.1366, 4914
0.1371, 4913
0.1377, 4912
0.1382, 4911
0.1386, 4910
0.1391, 4909
0.1396, 4908
0.1401, 4907
0.1406, 4906
0.1410, 4905
0.1415, 4904
0.1420, 4903
0.1425, 4902
0.1430, 4901
0.1434, 4900
0.1439, 4899
0.1444, 4898
0.1449, 4897
0.1454, 4896
0.1459, 4895
0.1463, 4894
0.1468, 4893
0.1473, 4892
0.1477, 4891
0.1482, 4890
0.1486, 4889
0.1491, 4888
0.1496, 4887
0.1500, 4886
0.1505, 4885
0.1509, 4884
0.1514, 4883
0.1518, 4882
0.1523, 4881
0.1528, 4880
0.1532, 4879
0.1537, 4878
0.1541, 4877
0.1546, 4876
0.1551, 4875
0.1555, 4874
0.1560, 4873
0.1565, 4872
0.1570, 4871
0.1574, 4870
0.1579, 4869
0.1584, 4868
0.1589, 4867
0.1593, 4866
0.1598, 4865
0.1602, 4864
0.1607, 4863
0.1613, 4862
0.1617, 4861
0.1622, 4860
0.1626, 4859
0.1631, 4858
0.1635, 4857
0.1640, 4856
0.1645, 4855
0.1650, 4854
0.1654, 4853
0.1659, 4852
0.1664, 4851
0.1668, 4850
0.1673, 4849
0.1678, 4848
0.1682, 4847
0.1687, 4846
0.1692, 4845
0.1697, 4844
0.1702, 4843
0.1706, 4842
0.1711, 4841
0.1716, 4840
0.1721, 4839
0.1726, 4838
0.1730, 4837
0.1736, 4836
0.1740, 4835
0.1745, 4834
0.1749, 4833
0.1754, 4832
0.1759, 4831
0.1763, 4830
0.1768, 4829
0.1773, 4828
0.1777, 4827
0.1782, 4826
0.1787, 4825
0.1792, 4824
0.1797, 4823
0.1801, 4822
0.1806, 4821
0.1810, 4820
0.1814, 4819
0.1819, 4818
0.1824, 4817
0.1828, 4816
0.1833, 4815
0.1838, 4814
0.1844, 4813
0.1849, 4812
0.1854, 4811
0.1859, 4810
0.1864, 4809
0.1869, 4808
0.1874, 4807
0.1878, 4806
0.1883, 4805
0.1887, 4804
0.1892, 4803
0.1896, 4802
0.1901, 4801
0.1906, 4800
0.1911, 4799
0.1915, 4798
0.1920, 4797
0.1925, 4796
0.1929, 4795
0.1934, 4794
0.1938, 4793
0.1943, 4792
0.1948, 4791
0.1953, 4790
0.1957, 4789
0.1962, 4788
0.1968, 4787
0.1972, 4786
0.1977, 4785
0.1981, 4784
0.1986, 4783
0.1991, 4782
0.1995, 4781
0.2000, 4780
0.2005, 4779
0.2010, 4778
0.2015, 4777
0.2019, 4776
0.2024, 4775
0.2029, 4774
0.2033, 4773
0.2038, 4772
0.2044, 4771
0.2049, 4770
0.2054, 4769
0.2058, 4768
0.2063, 4767
0.2067, 4766
0.2072, 4765
0.2076, 4764
0.2081, 4763
0.2085, 4762
0.2091, 4761
0.2095, 4760
0.2100, 4759
0.2106, 4758
0.2110, 4757
0.2114, 4756
0.2119, 4755
0.2124, 4754
0.2129, 4753
0.2134, 4752
0.2138, 4751
0.2143, 4750
0.2147, 4749
0.2153, 4748
0.2157, 4747
0.2162, 4746
0.2166, 4745
0.2172, 4744
0.2176, 4743
0.2181, 4742
0.2187, 4741
0.2191, 4740
0.2196, 4739
0.2200, 4738
0.2205, 4737
0.2210, 4736
0.2214, 4735
0.2219, 4734
0.2224, 4733
0.2228, 4732
0.2235, 4731
0.2240, 4730
0.2244, 4729
0.2249, 4728
0.2254, 4727
0.2259, 4726
0.2264, 4725
0.2268, 4724
0.2274, 4723
0.2279, 4722
0.2284, 4721
0.2289, 4720
0.2293, 4719
0.2298, 4718
0.2303, 4717
0.2307, 4716
0.2312, 4715
0.2317, 4714
0.2321, 4713
0.2326, 4712
0.2331, 4711
0.2335, 4710
0.2340, 4709
0.2345, 4708
0.2350, 4707
0.2355, 4706
0.2360, 4705
0.2365, 4704
0.2370, 4703
0.2374, 4702
0.2379, 4701
0.2384, 4700
0.2389, 4699
0.2393, 4698
0.2398, 4697
0.2403, 4696
0.2407, 4695
0.2412, 4694
0.2417, 4693
0.2422, 4692
0.2426, 4691
0.2431, 4690
0.2435, 4689
0.2440, 4688
0.2444, 4687
0.2449, 4686
0.2453, 4685
0.2459, 4684
0.2463, 4683
0.2468, 4682
0.2473, 4681
0.2477, 4680
0.2482, 4679
0.2486, 4678
0.2491, 4677
0.2496, 4676
0.2500, 4675
0.2506, 4674
0.2510, 4673
0.2515, 4672
0.2519, 4671
0.2524, 4670
0.2528, 4669
0.2533, 4668
0.2538, 4667
0.2543, 4666
0.2547, 4665
0.2552, 4664
0.2556, 4663
0.2561, 4662
0.2565, 4661
0.2570, 4660
0.2574, 4659
0.2579, 4658
0.2584, 4657
0.2589, 4656
0.2593, 4655
0.2598, 4654
0.2603, 4653
0.2608, 4652
0.2613, 4651
0.2617, 4650
0.2622, 4649
0.2627, 4648
0.2631, 4647
0.2636, 4646
0.2642, 4645
0.2647, 4644
0.2651, 4643
0.2656, 4642
0.2660, 4641
0.2665, 4640
0.2670, 4639
0.2674, 4638
0.2680, 4637
0.2685, 4636
0.2689, 4635
0.2695, 4634
0.2699, 4633
0.2704, 4632
0.2709, 4631
0.2713, 4630
0.2718, 4629
0.2723, 4628
0.2728, 4627
0.2733, 4626
0.2738, 4625
0.2743, 4624
0.2748, 4623
0.2752, 4622
0.2757, 4621
0.2761, 4620
0.2767, 4619
0.2771, 4618
0.2776, 4617
0.2780, 4616
0.2786, 4615
0.2791, 4614
0.2795, 4613
0.2800, 4612
0.2804, 4611
0.2809, 4610
0.2814, 4609
0.2818, 4608
0.2823, 4607
0.2828, 4606
0.2832, 4605
0.2837, 4604
0.2841, 4603
0.2845, 4602
0.2850, 4601
0.2854, 4600
0.2860, 4599
0.2864, 4598
0.2868, 4597
0.2874, 4596
0.2878, 4595
0.2883, 4594
0.2887, 4593
0.2892, 4592
0.2897, 4591
0.2902, 4590
0.2906, 4589
0.2911, 4588
0.2916, 4587
0.2921, 4586
0.2925, 4585
0.2931, 4584
0.2936, 4583
0.2940, 4582
0.2945, 4581
0.2950, 4580
0.2955, 4579
0.2960, 4578
0.2965, 4577
0.2970, 4576
0.2974, 4575
0.2978, 4574
0.2982, 4573
0.2987, 4572
0.2992, 4571
0.2997, 4570
0.3002, 4569
0.3007, 4568
0.3011, 4567
0.3016, 4566
0.3020, 4565
0.3025, 4564
0.3029, 4563
0.3034, 4562
0.3039, 4561
0.3044, 4560
0.3048, 4559
0.3052, 4558
0.3057, 4557
0.3062, 4556
0.3067, 4555
0.3072, 4554
0.3077, 4553
0.3082, 4552
0.3086, 4551
0.3091, 4550
0.3096, 4549
0.3100, 4548
0.3105, 4547
0.3110, 4546
0.3114, 4545
0.3119, 4544
0.3124, 4543
0.3129, 4542
0.3133, 4541
0.3138, 4540
0.3142, 4539
0.3147, 4538
0.3151, 4537
0.3156, 4536
0.3160, 4535
0.3164, 4534
0.3169, 4533
0.3174, 4532
0.3179, 4531
0.3183, 4530
0.3187, 4529
0.3192, 4528
0.3197, 4527
0.3201, 4526
0.3206, 4525
0.3211, 4524
0.3215, 4523
0.3219, 4522
0.3223, 4521
0.3228, 4520
0.3232, 4519
0.3236, 4518
0.3241, 4517
0.3245, 4516
0.3249, 4515
0.3254, 4514
0.3258, 4513
0.3263, 4512
0.3268, 4511
0.3272, 4510
0.3276, 4509
0.3281, 4508
0.3285, 4507
0.3290, 4506
0.3295, 4505
0.3299, 4504
0.3303, 4503
0.3308, 4502
0.3312, 4501
0.3316, 4500
0.3321, 4499
0.3326, 4498
0.3331, 4497
0.3335, 4496
0.3340, 4495
0.3344, 4494
0.3349, 4493
0.3354, 4492
0.3359, 4491
0.3364, 4490
0.3369, 4489
0.3373, 4488
0.3378, 4487
0.3383, 4486
0.3387, 4485
0.3392, 4484
0.3396, 4483
0.3401, 4482
0.3405, 4481
0.3410, 4480
0.3414, 4479
0.3420, 4478
0.3424, 4477
0.3429, 4476
0.3433, 4475
0.3437, 4474
0.3442, 4473
0.3446, 4472
0.3450, 4471
0.3455, 4470
0.3459, 4469
0.3464, 4468
0.3468, 4467
0.3473, 4466
0.3477, 4465
0.3482, 4464
0.3487, 4463
0.3491, 4462
0.3496, 4461
0.3500, 4460
0.3504, 4459
0.3508, 4458
0.3513, 4457
0.3517, 4456
0.3522, 4455
0.3527, 4454
0.3532, 4453
0.3536, 4452
0.3541, 4451
0.3546, 4450
0.3550, 4449
0.3555, 4448
0.3559, 4447
0.3564, 4446
0.3568, 4445
0.3572, 4444
0.3578, 4443
0.3582, 4442
0.3587, 4441
0.3591, 4440
0.3595, 4439
0.3600, 4438
0.3604, 4437
0.3608, 4436
0.3613, 4435
0.3617, 4434
0.3621, 4433
0.3626, 4432
0.3630, 4431
0.3634, 4430
0.3639, 4429
0.3644, 4428
0.3648, 4427
0.3653, 4426
0.3657, 4425
0.3661, 4424
0.3666, 4423
0.3670, 4422
0.3675, 4421
0.3679, 4420
0.3684, 4419
0.3688, 4418
0.3693, 4417
0.3697, 4416
0.3702, 4415
0.3707, 4414
0.3712, 4413
0.3717, 4412
0.3721, 4411
0.3726, 4410
0.3730, 4409
0.3735, 4408
0.3740, 4407
0.3745, 4406
0.3750, 4405
0.3755, 4404
0.3760, 4403
0.3764, 4402
0.3769, 4401
0.3773, 4400
0.3778, 4399
0.3783, 4398
0.3787, 4397
0.3792, 4396
0.3796, 4395
0.3800, 4394
0.3805, 4393
0.3809, 4392
0.3813, 4391
0.3818, 4390
0.3822, 4389
0.3826, 4388
0.3831, 4387
0.3835, 4386
0.3840, 4385
0.3844, 4384
0.3849, 4383
0.3854, 4382
0.3858, 4381
0.3863, 4380
0.3868, 4379
0.3873, 4378
0.3877, 4377
0.3881, 4376
0.3886, 4375
0.3890, 4374
0.3895, 4373
0.3899, 4372
0.3904, 4371
0.3909, 4370
0.3913, 4369
0.3917, 4368
0.3922, 4367
0.3926, 4366
0.3931, 4365
0.3936, 4364
0.3941, 4363
0.3945, 4362
0.3949, 4361
0.3954, 4360
0.3959, 4359
0.3963, 4358
0.3967, 4357
0.3972, 4356
0.3977, 4355
0.3982, 4354
0.3987, 4353
0.3991, 4352
0.3995, 4351
0.3999, 4350
0.4004, 4349
0.4009, 4348
0.4013, 4347
0.4017, 4346
0.4022, 4345
0.4027, 4344
0.4031, 4343
0.4036, 4342
0.4040, 4341
0.4044, 4340
0.4049, 4339
0.4054, 4338
0.4059, 4337
0.4063, 4336
0.4068, 4335
0.4073, 4334
0.4077, 4333
0.4081, 4332
0.4086, 4331
0.4090, 4330
0.4095, 4329
0.4099, 4328
0.4104, 4327
0.4108, 4326
0.4112, 4325
0.4117, 4324
0.4122, 4323
0.4126, 4322
0.4131, 4321
0.4135, 4320
0.4140, 4319
0.4144, 4318
0.4149, 4317
0.4153, 4316
0.4157, 4315
0.4162, 4314
0.4166, 4313
0.4170, 4312
0.4175, 4311
0.4179, 4310
0.4183, 4309
0.4188, 4308
0.4192, 4307
0.4198, 4306
0.4202, 4305
0.4207, 4304
0.4211, 4303
0.4216, 4302
0.4220, 4301
0.4225, 4300
0.4229, 4299
0.4234, 4298
0.4238, 4297
0.4243, 4296
0.4248, 4295
0.4251, 4294
0.4256, 4293
0.4260, 4292
0.4264, 4291
0.4269, 4290
0.4274, 4289
0.4278, 4288
0.4282, 4287
0.4287, 4286
0.4292, 4285
0.4296, 4284
0.4300, 4283
0.4304, 4282
0.4310, 4281
0.4314, 4280
0.4318, 4279
0.4323, 4278
0.4327, 4277
0.4332, 4276
0.4336, 4275
0.4340, 4274
0.4345, 4273
0.4349, 4272
0.4353, 4271
0.4358, 4270
0.4363, 4269
0.4368, 4268
0.4372, 4267
0.4376, 4266
0.4380, 4265
0.4385, 4264
0.4389, 4263
0.4393, 4262
0.4397, 4261
0.4402, 4260
0.4406, 4259
0.4410, 4258
0.4415, 4257
0.4419, 4256
0.4423, 4255
0.4428, 4254
0.4432, 4253
0.4436, 4252
0.4440, 4251
0.4444, 4250
0.4449, 4249
0.4453, 4248
0.4458, 4247
0.4462, 4246
0.4467, 4245
0.4471, 4244
0.4475, 4243
0.4480, 4242
0.4484, 4241
0.4488, 4240
0.4492, 4239
0.4497, 4238
0.4501, 4237
0.4506, 4236
0.4511, 4235
0.4515, 4234
0.4519, 4233
0.4524, 4232
0.4528, 4231
0.4533, 4230
0.4537, 4229
0.4541, 4228
0.4546, 4227
0.4550, 4226
0.4554, 4225
0.4559, 4224
0.4563, 4223
0.4568, 4222
0.4572, 4221
0.4577, 4220
0.4581, 4219
0.4586, 4218
0.4590, 4217
0.4594, 4216
0.4599, 4215
0.4603, 4214
0.4607, 4213
0.4612, 4212
0.4616, 4211
0.4621, 4210
0.4625, 4209
0.4629, 4208
0.4634, 4207
0.4638, 4206
0.4643, 4205
0.4647, 4204
0.4651, 4203
0.4656, 4202
0.4660, 4201
0.4664, 4200
0.4669, 4199
0.4673, 4198
0.4677, 4197
0.4681, 4196
0.4685, 4195
0.4689, 4194
0.4693, 4193
0.4698, 4192
0.4702, 4191
0.4706, 4190
0.4711, 4189
0.4716, 4188
0.4721, 4187
0.4725, 4186
0.4729, 4185
0.4734, 4184
0.4738, 4183
0.4742, 4182
0.4746, 4181
0.4750, 4180
0.4754, 4179
0.4759, 4178
0.4763, 4177
0.4768, 4176
0.4772, 4175
0.4776, 4174
0.4781, 4173
0.4785, 4172
0.4789, 4171
0.4793, 4170
0.4798, 4169
0.4802, 4168
0.4806, 4167
0.4810, 4166
0.4814, 4165
0.4819, 4164
0.4823, 4163
0.4827, 4162
0.4831, 4161
0.4836, 4160
0.4841, 4159
0.4845, 4158
0.4849, 4157
0.4854, 4156
0.4859, 4155
0.4863, 4154
0.4867, 4153
0.4871, 4152
0.4875, 4151
0.4880, 4150
0.4884, 4149
0.4888, 4148
0.4892, 4147
0.4896, 4146
0.4901, 4145
0.4905, 4144
0.4909, 4143
0.4913, 4142
0.4917, 4141
0.4922, 4140
0.4926, 4139
0.4930, 4138
0.4935, 4137
0.4939, 4136
0.4944, 4135
0.4948, 4134
0.4953, 4133
0.4958, 4132
0.4962, 4131
0.4966, 4130
0.4970, 4129
0.4974, 4128
0.4979, 4127
0.4983, 4126
0.4988, 4125
0.4992, 4124
0.4997, 4123
0.5001, 4122
0.5005, 4121
0.5010, 4120
0.5015, 4119
0.5019, 4118
0.5023, 4117
0.5027, 4116
0.5031, 4115
0.5035, 4114
0.5039, 4113
0.5044, 4112
0.5048, 4111
0.5052, 4110
0.5056, 4109
0.5060, 4108
0.5064, 4107
0.5068, 4106
0.5072, 4105
0.5076, 4104
0.5081, 4103
0.5085, 4102
0.5089, 4101
0.5093, 4100
0.5098, 4099
0.5102, 4098
0.5106, 4097
0.5110, 4096
0.5114, 4095
0.5118, 4094
0.5122, 4093
0.5127, 4092
0.5131, 4091
0.5135, 4090
0.5139, 4089
0.5143, 4088
0.5147, 4087
0.5151, 4086
0.5155, 4085
0.5159, 4084
0.5164, 4083
0.5168, 4082
0.5173, 4081
0.5177, 4080
0.5181, 4079
0.5186, 4078
0.5190, 4077
0.5194, 4076
0.5198, 4075
0.5203, 4074
0.5207, 4073
0.5211, 4072
0.5215, 4071
0.5219, 4070
0.5223, 4069
0.5227, 4068
0.5231, 4067
0.5235, 4066
0.5240, 4065
0.5244, 4064
0.5248, 4063
0.5252, 4062
0.5257, 4061
0.5261, 4060
0.5265, 4059
0.5269, 4058
0.5281, 4057
0.5285, 4056
0.5289, 4055
0.5294, 4054
0.5298, 4053
0.5302, 4052
0.5306, 4051
0.5310, 4050
0.5314, 4049
0.5318, 4048
0.5323, 4047
0.5327, 4046
0.5331, 4045
0.5336, 4044
0.5340, 4043
0.5344, 4042
0.5348, 4041
0.5353, 4040
0.5357, 4039
0.5361, 4038
0.5365, 4037
0.5369, 4036
0.5373, 4035
0.5377, 4034
0.5381, 4033
0.5385, 4032
0.5390, 4031
0.5394, 4030
0.5398, 4029
0.5402, 4028
0.5406, 4027
0.5410, 4026
0.5414, 4025
0.5419, 4024
0.5423, 4023
0.5427, 4022
0.5431, 4021
0.5435, 4020
0.5439, 4019
0.5443, 4018
0.5447, 4017
0.5451, 4016
0.5456, 4015
0.5460, 4014
0.5464, 4013
0.5468, 4012
0.5472, 4011
0.5476, 4010
0.5481, 4009
0.5485, 4008
0.5489, 4007
0.5494, 4006
0.5498, 4005
0.5502, 4004
0.5505, 4003
0.5509, 4002
0.5513, 4001
0.5517, 4000
0.5521, 3999
0.5526, 3998
0.5530, 3997
0.5534, 3996
0.5538, 3995
0.5542, 3994
0.5546, 3993
0.5550, 3992
0.5554, 3991
0.5558, 3990
0.5562, 3989
0.5566, 3988
0.5570, 3987
0.5574, 3986
0.5579, 3985
0.5583, 3984
0.5587, 3983
0.5591, 3982
0.5595, 3981
0.5598, 3980
0.5602, 3979
0.5606, 3978
0.5610, 3977
0.5616, 3976
0.5620, 3975
0.5624, 3974
0.5628, 3973
0.5632, 3972
0.5636, 3971
0.5640, 3970
0.5644, 3969
0.5648, 3968
0.5652, 3967
0.5656, 3966
0.5660, 3965
0.7657, 3964
0.7831, 3963
0.8347, 3962
0.9076, 3961
1.1389, 3960
1.2033, 3959
1.2889, 3958
1.5718, 3957
1.6066, 3956
1.6540, 3955
1.7490, 3954
1.9643, 3953
2.3127, 3952
2.3693, 3951
2.3953, 3950
2.5201, 3949
2.8472, 3948
2.9616, 3947
3.1484, 3946
3.2272, 3945
3.4270, 3944
3.4710, 3943
3.6817, 3942
3.6821, 3941
3.7123, 3940
3.8032, 3939
4.5855, 3938
5.4064, 3937
5.7336, 3936
5.8537, 3935
6.2761, 3934
6.4080, 3933
8.1984, 3932
8.3703, 3931
8.8782, 3930
