0.0000, 5200
0.0005, 5199
0.0009, 5198
0.0014, 5197
0.0018, 5196
0.0023, 5195
0.0027, 5194
0.0032, 5193
0.0037, 5192
0.0042, 5191
0.0046, 5190
0.0051, 5189
0.0056, 5188
0.0061, 5187
0.0066, 5186
0.0071, 5185
0.0076, 5184
0.0081, 5183
0.0085, 5182
0.0090, 5181
0.0096, 5180
0.0101, 5179
0.0105, 5178
0.0111, 5177
0.0116, 5176
0.0121, 5175
0.0126, 5174
0.0131, 5173
0.0136, 5172
0.0141, 5171
0.0146, 5170
0.0151, 5169
0.0156, 5168
0.0161, 5167
0.0166, 5166
0.0171, 5165
0.0176, 5164
0.0180, 5163
0.0185, 5162
0.0189, 5161
0.0194, 5160
0.0200, 5159
0.0205, 5158
0.0210, 5157
0.0215, 5156
0.0220, 5155
0.0224, 5154
0.0230, 5153
0.0235, 5152
0.0240, 5151
0.0244, 5150
0.0250, 5149
0.0255, 5148
0.0259, 5147
0.0264, 5146
0.0268, 5145
0.0273, 5144
0.0278, 5143
0.0283, 5142
0.0289, 5141
0.0293, 5140
0.0298, 5139
0.0303, 5138
0.0308, 5137
0.0313, 5136
0.0318, 5135
0.0323, 5134
0.0328, 5133
0.0333, 5132
0.0338, 5131
0.0343, 5130
0.0348, 5129
0.0353, 5128
0.0357, 5127
0.0362, 5126
0.0366, 5125
0.0371, 5124
0.0376, 5123
0.0381, 5122
0.0386, 5121
0.0391, 5120
0.0395, 5119
0.0400, 5118
0.0405, 5117
0.0409, 5116
0.0415, 5115
0.0420, 5114
0.0425, 5113
0.0430, 5112
0.0435, 5111
0.0440, 5110
0.0446, 5109
0.0451, 5108
0.0456, 5107
0.0461, 5106
0.0465, 5105
0.0470, 5104
0.0475, 5103
0.0479, 5102
0.0484, 5101
0.0489, 5100
0.0494, 5099
0.0499, 5098
0.0504, 5097
0.0508, 5096
0.0513, 5095
0.0518, 5094
0.0523, 5093
0.0527, 5092
0.0532, 5091
0.0537, 5090
0.0541, 5089
0.0546, 5088
0.0552, 5087
0.0557, 5086
0.0562, 5085
0.0567, 5084
0.0572, 5083
0.0576, 5082
0.0581, 5081
0.0585, 5080
0.0590, 5079
0.0595, 5078
0.0599, 5077
0.0604, 5076
0.0609, 5075
0.0614, 5074
0.0619, 5073
0.0623, 5072
0.0628, 5071
0.0632, 5070
0.0638, 5069
0.0642, 5068
0.0647, 5067
0.0652, 5066
0.0657, 5065
0.0662, 5064
0.0666, 5063
0.0671, 5062
0.0676, 5061
0.0681, 5060
0.0686, 5059
0.0690, 5058
0.0695, 5057
0.0700, 5056
0.0704, 5055
0.0709, 5054
0.0714, 5053
0.0719, 5052
0.0724, 5051
0.0729, 5050
0.0734, 5049
0.0739, 5048
0.0743, 5047
0.0748, 5046
0.0753, 5045
0.0758, 5044
0.0763, 5043
0.0769, 5042
0.0773, 5041
0.0779, 5040
0.0784, 5039
0.0788, 5038
0.0793, 5037
0.0797, 5036
0.0802, 5035
0.0806, 5034
0.0811, 5033
0.0816, 5032
0.0820, 5031
0.0825, 5030
0.0830, 5029
0.0835, 5028
0.0840, 5027
0.0844, 5026
0.0849, 5025
0.0854, 5024
0.0860, 5023
0.0864, 5022
0.0869, 5021
0.0873, 5020
0.0878, 5019
0.0882, 5018
0.0887, 5017
0.0893, 5016
0.0898, 5015
0.0903, 5014
0.0908, 5013
0.0912, 5012
0.0917, 5011
0.0922, 5010
0.0927, 5009
0.0932, 5008
0.0937, 5007
0.0943, 5006
0.0948, 5005
0.0952, 5004
0.0957, 5003
0.0962, 5002
0.0966, 5001
0.0971, 5000
0.0976, 4999
0.0981, 4998
0.0985, 4997
0.0991, 4996
0.0996, 4995
0.1000, 4994
0.1005, 4993
0.1010, 4992
0.1014, 4991
0.1019, 4990
0.1023, 4989
0.1028, 4988
0.1033, 4987
0.1038, 4986
0.1043, 4985
0.1047, 4984
0.1052, 4983
0.1056, 4982
0.1062, 4981
0.1067, 4980
0.1072, 4979
0.1076, 4978
0.1081, 4977
0.1086, 4976
0.1091, 4975
0.1096, 4974
0.1102, 4973
0.1106, 4972
0.1111, 4971
0.1116, 4970
0.1121, 4969
0.1125, 4968
0.1130, 4967
0.1134, 4966
0.1140, 4965
0.1144, 4964
0.1149, 4963
0.1155, 4962
0.1159, 4961
0.1164, 4960
0.1169, 4959
0.1174, 4958
0.1179, 4957
0.1185, 4956
0.1190, 4955
0.1194, 4954
0.1199, 4953
0.1204, 4952
0.1209, 4951
0.1214, 4950
0.1218, 4949
0.1223, 4948
0.1228, 4947
0.1233, 4946
0.1238, 4945
0.1242, 4944
0.1247, 4943
0.1252, 4942
0.1257, 4941
0.1262, 4940
0.1267, 4939
0.1271, 4938
0.1276, 4937
0.1281, 4936
0.1286, 4935
0.1291, 4934
0.1296, 4933
0.1301, 4932
0.1306, 4931
0.1311, 4930
0.1315, 4929
0.1320, 4928
0.1325, 4927
0.1329, 4926
0.1334, 4925
0.1339, 4924
0.1344, 4923
0.1350, 4922
0.1354, 4921
0.1359, 4920
0.1364, 4919
0.1368, 4918
0.1372, 4917
0.1377, 4916
0.1382, 4915
0.1387, 4914
0.1391, 4913
0.1397, 4912
0.1401, 4911
0.1406, 4910
0.1411, 4909
0.1415, 4908
0.1421, 4907
0.1425, 4906
0.1430, 4905
0.1435, 4904
0.1440, 4903
0.1445, 4902
0.1450, 4901
0.1454, 4900
0.1460, 4899
0.1465, 4898
0.1470, 4897
0.1475, 4896
0.1480, 4895
0.1485, 4894
0.1490, 4893
0.1494, 4892
0.1499, 4891
0.1504, 4890
0.1509, 4889
0.1514, 4888
0.1518, 4887
0.1523, 4886
0.1528, 4885
0.1533, 4884
0.1538, 4883
0.1542, 4882
0.1547, 4881
0.1552, 4880
0.1557, 4879
0.1562, 4878
0.1567, 4877
0.1571, 4876
0.1576, 4875
0.1581, 4874
0.1586, 4873
0.1590, 4872
0.1595, 4871
0.1600, 4870
0.1604, 4869
0.1609, 4868
0.1614, 4867
0.1619, 4866
0.1623, 4865
0.1628, 4864
0.1633, 4863
0.1639, 4862
0.1644, 4861
0.1648, 4860
0.1653, 4859
0.1657, 4858
0.1662, 4857
0.1666, 4856
0.1672, 4855
0.1676, 4854
0.1681, 4853
0.1686, 4852
0.1691, 4851
0.1695, 4850
0.1700, 4849
0.1705, 4848
0.1709, 4847
0.1714, 4846
0.1719, 4845
0.1725, 4844
0.1730, 4843
0.1735, 4842
0.1739, 4841
0.1744, 4840
0.1749, 4839
0.1754, 4838
0.1759, 4837
0.1764, 4836
0.1769, 4835
0.1774, 4834
0.1779, 4833
0.1783, 4832
0.1789, 4831
0.1794, 4830
0.1798, 4829
0.1803, 4828
0.1808, 4827
0.1813, 4826
0.1818, 4825
0.1823, 4824
0.1828, 4823
0.1833, 4822
0.1838, 4821
0.1842, 4820
0.1847, 4819
0.1851, 4818
0.1856, 4817
0.1861, 4816
0.1866, 4815
0.1871, 4814
0.1877, 4813
0.1882, 4812
0.1887, 4811
0.1892, 4810
0.1897, 4809
0.1902, 4808
0.1907, 4807
0.1911, 4806
0.1916, 4805
0.1920, 4804
0.1925, 4803
0.1930, 4802
0.1934, 4801
0.1939, 4800
0.1944, 4799
0.1949, 4798
0.1953, 4797
0.1958, 4796
0.1963, 4795
0.1968, 4794
0.1972, 4793
0.1977, 4792
0.1982, 4791
0.1987, 4790
0.1992, 4789
0.1997, 4788
0.2002, 4787
0.2007, 4786
0.2012, 4785
0.2017, 4784
0.2022, 4783
0.2026, 4782
0.2031, 4781
0.2036, 4780
0.2041, 4779
0.2046, 4778
0.2051, 4777
0.2055, 4776
0.2060, 4775
0.2065, 4774
0.2069, 4773
0.2075, 4772
0.2081, 4771
0.2086, 4770
0.2090, 4769
0.2095, 4768
0.2099, 4767
0.2104, 4766
0.2109, 4765
0.2113, 4764
0.2118, 4763
0.2123, 4762
0.2128, 4761
0.2133, 4760
0.2138, 4759
0.2143, 4758
0.2148, 4757
0.2153, 4756
0.2157, 4755
0.2162, 4754
0.2167, 4753
0.2172, 4752
0.2177, 4751
0.2182, 4750
0.2186, 4749
0.2191, 4748
0.2196, 4747
0.2201, 4746
0.2205, 4745
0.2211, 4744
0.2216, 4743
0.2220, 4742
0.2226, 4741
0.2231, 4740
0.2235, 4739
0.2240, 4738
0.2245, 4737
0.2250, 4736
0.2254, 4735
0.2259, 4734
0.2264, 4733
0.2269, 4732
0.2276, 4731
0.2281, 4730
0.2286, 4729
0.2290, 4728
0.2296, 4727
0.2300, 4726
0.2305, 4725
0.2310, 4724
0.2315, 4723
0.2321, 4722
0.2326, 4721
0.2331, 4720
0.2336, 4719
0.2340, 4718
0.2345, 4717
0.2350, 4716
0.2355, 4715
0.2359, 4714
0.2364, 4713
0.2368, 4712
0.2373, 4711
0.2377, 4710
0.2382, 4709
0.2387, 4708
0.2392, 4707
0.2397, 4706
0.2402, 4705
0.2407, 4704
0.2412, 4703
0.2417, 4702
0.2422, 4701
0.2427, 4700
0.2431, 4699
0.2436, 4698
0.2441, 4697
0.2446, 4696
0.2450, 4695
0.2455, 4694
0.2460, 4693
0.2465, 4692
0.2469, 4691
0.2474, 4690
0.2478, 4689
0.2483, 4688
0.2488, 4687
0.2492, 4686
0.2497, 4685
0.2502, 4684
0.2507, 4683
0.2512, 4682
0.2517, 4681
0.2522, 4680
0.2527, 4679
0.2531, 4678
0.2536, 4677
0.2541, 4676
0.2546, 4675
0.2551, 4674
0.2556, 4673
0.2561, 4672
0.2565, 4671
0.2570, 4670
0.2575, 4669
0.2580, 4668
0.2585, 4667
0.2590, 4666
0.2594, 4665
0.2599, 4664
0.2604, 4663
0.2608, 4662
0.2613, 4661
0.2617, 4660
0.2622, 4659
0.2627, 4658
0.2631, 4657
0.2636, 4656
0.2640, 4655
0.2645, 4654
0.2650, 4653
0.2655, 4652
0.2660, 4651
0.2664, 4650
0.2669, 4649
0.2673, 4648
0.2678, 4647
0.2683, 4646
0.2689, 4645
0.2693, 4644
0.2698, 4643
0.2703, 4642
0.2707, 4641
0.2711, 4640
0.2716, 4639
0.2721, 4638
0.2726, 4637
0.2731, 4636
0.2736, 4635
0.2741, 4634
0.2746, 4633
0.2751, 4632
0.2755, 4631
0.2760, 4630
0.2765, 4629
0.2770, 4628
0.2775, 4627
0.2780, 4626
0.2785, 4625
0.2790, 4624
0.2796, 4623
0.2800, 4622
0.2805, 4621
0.2809, 4620
0.2815, 4619
0.2819, 4618
0.2824, 4617
0.2829, 4616
0.2835, 4615
0.2840, 4614
0.2844, 4613
0.2849, 4612
0.2853, 4611
0.2858, 4610
0.2863, 4609
0.2868, 4608
0.2872, 4607
0.2877, 4606
0.2882, 4605
0.2887, 4604
0.2891, 4603
0.2896, 4602
0.2900, 4601
0.2905, 4600
0.2911, 4599
0.2915, 4598
0.2920, 4597
0.2925, 4596
0.2930, 4595
0.2935, 4594
0.2939, 4593
0.2944, 4592
0.2949, 4591
0.2954, 4590
0.2959, 4589
0.2964, 4588
0.2969, 4587
0.2973, 4586
0.2978, 4585
0.2984, 4584
0.2989, 4583
0.2993, 4582
0.2998, 4581
0.3003, 4580
0.3008, 4579
0.3013, 4578
0.3018, 4577
0.3023, 4576
0.3027, 4575
0.3031, 4574
0.3036, 4573
0.3040, 4572
0.3045, 4571
0.3050, 4570
0.3056, 4569
0.3061, 4568
0.3066, 4567
0.3070, 4566
0.3075, 4565
0.3080, 4564
0.3084, 4563
0.3090, 4562
0.3094, 4561
0.3099, 4560
0.3103, 4559
0.3108, 4558
0.3112, 4557
0.3117, 4556
0.3122, 4555
0.3127, 4554
0.3132, 4553
0.3137, 4552
0.3142, 4551
0.3147, 4550
0.3152, 4549
0.3156, 4548
0.3161, 4547
0.3166, 4546
0.3171, 4545
0.3175, 4544
0.3180, 4543
0.3185, 4542
0.3190, 4541
0.3194, 4540
0.3199, 4539
0.3203, 4538
0.3208, 4537
0.3213, 4536
0.3217, 4535
0.3222, 4534
0.3227, 4533
0.3232, 4532
0.3237, 4531
0.3241, 4530
0.3246, 4529
0.3250, 4528
0.3255, 4527
0.3260, 4526
0.3265, 4525
0.3270, 4524
0.3274, 4523
0.3278, 4522
0.3283, 4521
0.3287, 4520
0.3291, 4519
0.3296, 4518
0.3300, 4517
0.3304, 4516
0.3309, 4515
0.3314, 4514
0.3318, 4513
0.3323, 4512
0.3328, 4511
0.3332, 4510
0.3337, 4509
0.3341, 4508
0.3346, 4507
0.3350, 4506
0.3355, 4505
0.3359, 4504
0.3364, 4503
0.3368, 4502
0.3372, 4501
0.3377, 4500
0.3381, 4499
0.3386, 4498
0.3391, 4497
0.3395, 4496
0.3400, 4495
0.3404, 4494
0.3409, 4493
0.3414, 4492
0.3419, 4491
0.3424, 4490
0.3429, 4489
0.3433, 4488
0.3438, 4487
0.3443, 4486
0.3448, 4485
0.3452, 4484
0.3457, 4483
0.3461, 4482
0.3466, 4481
0.3471, 4480
0.3475, 4479
0.3480, 4478
0.3485, 4477
0.3489, 4476
0.3494, 4475
0.3498, 4474
0.3503, 4473
0.3507, 4472
0.3512, 4471
0.3516, 4470
0.3521, 4469
0.3525, 4468
0.3530, 4467
0.3535, 4466
0.3539, 4465
0.3544, 4464
0.3549, 4463
0.3553, 4462
0.3558, 4461
0.3562, 4460
0.3567, 4459
0.3571, 4458
0.3575, 4457
0.3580, 4456
0.3585, 4455
0.3589, 4454
0.3594, 4453
0.3599, 4452
0.3603, 4451
0.3608, 4450
0.3612, 4449
0.3617, 4448
0.3621, 4447
0.3626, 4446
0.3630, 4445
0.3635, 4444
0.3640, 4443
0.3644, 4442
0.3649, 4441
0.3654, 4440
0.3658, 4439
0.3663, 4438
0.3667, 4437
0.3672, 4436
0.3676, 4435
0.3681, 4434
0.3685, 4433
0.3690, 4432
0.3694, 4431
0.3698, 4430
0.3703, 4429
0.3707, 4428
0.3712, 4427
0.3716, 4426
0.3721, 4425
0.3725, 4424
0.3729, 4423
0.3734, 4422
0.3739, 4421
0.3743, 4420
0.3748, 4419
0.3752, 4418
0.3757, 4417
0.3761, 4416
0.3765, 4415
0.3771, 4414
0.3776, 4413
0.3781, 4412
0.3785, 4411
0.3790, 4410
0.3794, 4409
0.3800, 4408
0.3804, 4407
0.3810, 4406
0.3814, 4405
0.3819, 4404
0.3825, 4403
0.3829, 4402
0.3833, 4401
0.3838, 4400
0.3842, 4399
0.3848, 4398
0.3852, 4397
0.3856, 4396
0.3861, 4395
0.3865, 4394
0.3870, 4393
0.3875, 4392
0.3879, 4391
0.3884, 4390
0.3889, 4389
0.3893, 4388
0.3898, 4387
0.3902, 4386
0.3907, 4385
0.3912, 4384
0.3916, 4383
0.3921, 4382
0.3926, 4381
0.3930, 4380
0.3936, 4379
0.3940, 4378
0.3945, 4377
0.3949, 4376
0.3954, 4375
0.3958, 4374
0.3963, 4373
0.3967, 4372
0.3972, 4371
0.3977, 4370
0.3981, 4369
0.3985, 4368
0.3990, 4367
0.3994, 4366
0.3998, 4365
0.4004, 4364
0.4009, 4363
0.4013, 4362
0.4018, 4361
0.4022, 4360
0.4027, 4359
0.4032, 4358
0.4036, 4357
0.4040, 4356
0.4045, 4355
0.4050, 4354
0.4055, 4353
0.4060, 4352
0.4064, 4351
0.4068, 4350
0.4072, 4349
0.4078, 4348
0.4082, 4347
0.4086, 4346
0.4091, 4345
0.4095, 4344
0.4100, 4343
0.4104, 4342
0.4109, 4341
0.4114, 4340
0.4118, 4339
0.4124, 4338
0.4128, 4337
0.4133, 4336
0.4138, 4335
0.4143, 4334
0.4147, 4333
0.4152, 4332
0.4156, 4331
0.4161, 4330
0.4165, 4329
0.4170, 4328
0.4174, 4327
0.4179, 4326
0.4183, 4325
0.4188, 4324
0.4192, 4323
0.4197, 4322
0.4202, 4321
0.4206, 4320
0.4211, 4319
0.4215, 4318
0.4220, 4317
0.4224, 4316
0.4229, 4315
0.4234, 4314
0.4238, 4313
0.4242, 4312
0.4247, 4311
0.4251, 4310
0.4256, 4309
0.4260, 4308
0.4265, 4307
0.4270, 4306
0.4275, 4305
0.4280, 4304
0.4284, 4303
0.4288, 4302
0.4293, 4301
0.4298, 4300
0.4302, 4299
0.4307, 4298
0.4311, 4297
0.4317, 4296
0.4321, 4295
0.4325, 4294
0.4330, 4293
0.4334, 4292
0.4338, 4291
0.4343, 4290
0.4347, 4289
0.4352, 4288
0.4356, 4287
0.4361, 4286
0.4365, 4285
0.4370, 4284
0.4374, 4283
0.4378, 4282
0.4383, 4281
0.4388, 4280
0.4392, 4279
0.4397, 4278
0.4401, 4277
0.4406, 4276
0.4410, 4275
0.4414, 4274
0.4419, 4273
0.4423, 4272
0.4428, 4271
0.4433, 4270
0.4437, 4269
0.4442, 4268
0.4447, 4267
0.4451, 4266
0.4455, 4265
0.4459, 4264
0.4464, 4263
0.4468, 4262
0.4472, 4261
0.4477, 4260
0.4481, 4259
0.4486, 4258
0.4490, 4257
0.4494, 4256
0.4499, 4255
0.4503, 4254
0.4508, 4253
0.4512, 4252
0.4517, 4251
0.4521, 4250
0.4526, 4249
0.4530, 4248
0.4534, 4247
0.4538, 4246
0.4543, 4245
0.4547, 4244
0.4552, 4243
0.4556, 4242
0.4561, 4241
0.4565, 4240
0.4569, 4239
0.4574, 4238
0.4579, 4237
0.4583, 4236
0.4588, 4235
0.4593, 4234
0.4597, 4233
0.4601, 4232
0.4605, 4231
0.4610, 4230
0.4615, 4229
0.4619, 4228
0.4623, 4227
0.4628, 4226
0.4632, 4225
0.4636, 4224
0.4641, 4223
0.4646, 4222
0.4650, 4221
0.4655, 4220
0.4660, 4219
0.4664, 4218
0.4669, 4217
0.4673, 4216
0.4678, 4215
0.4682, 4214
0.4687, 4213
0.4691, 4212
0.4695, 4211
0.4700, 4210
0.4704, 4209
0.4708, 4208
0.4713, 4207
0.4717, 4206
0.4722, 4205
0.4726, 4204
0.4730, 4203
0.4735, 4202
0.4739, 4201
0.4743, 4200
0.4748, 4199
0.4752, 4198
0.4757, 4197
0.4761, 4196
0.4765, 4195
0.4770, 4194
0.4774, 4193
0.4779, 4192
0.4783, 4191
0.4787, 4190
0.4792, 4189
0.4797, 4188
0.4802, 4187
0.4806, 4186
0.4810, 4185
0.4815, 4184
0.4819, 4183
0.4823, 4182
0.4827, 4181
0.4832, 4180
0.4836, 4179
0.4841, 4178
0.4845, 4177
0.4849, 4176
0.4854, 4175
0.4858, 4174
0.4862, 4173
0.4866, 4172
0.4871, 4171
0.4875, 4170
0.4879, 4169
0.4884, 4168
0.4888, 4167
0.4892, 4166
0.4896, 4165
0.4901, 4164
0.4906, 4163
0.4910, 4162
0.4914, 4161
0.4920, 4160
0.4925, 4159
0.4929, 4158
0.4933, 4157
0.4938, 4156
0.4943, 4155
0.4947, 4154
0.4951, 4153
0.4956, 4152
0.4960, 4151
0.4964, 4150
0.4968, 4149
0.4973, 4148
0.4977, 4147
0.4981, 4146
0.4986, 4145
0.4990, 4144
0.4994, 4143
0.4998, 4142
0.5002, 4141
0.5007, 4140
0.5011, 4139
0.5016, 4138
0.5020, 4137
0.5024, 4136
0.5029, 4135
0.5033, 4134
0.5038, 4133
0.5043, 4132
0.5047, 4131
0.5051, 4130
0.5055, 4129
0.5059, 4128
0.5064, 4127
0.5069, 4126
0.5073, 4125
0.5077, 4124
0.5082, 4123
0.5086, 4122
0.5091, 4121
0.5096, 4120
0.5100, 4119
0.5104, 4118
0.5109, 4117
0.5113, 4116
0.5117, 4115
0.5122, 4114
0.5126, 4113
0.5130, 4112
0.5134, 4111
0.5138, 4110
0.5143, 4109
0.5147, 4108
0.5151, 4107
0.5155, 4106
0.5160, 4105
0.5164, 4104
0.5168, 4103
0.5172, 4102
0.5177, 4101
0.5181, 4100
0.5185, 4099
0.5189, 4098
0.5194, 4097
0.5198, 4096
0.5202, 4095
0.5206, 4094
0.5210, 4093
0.5215, 4092
0.5219, 4091
0.5223, 4090
0.5227, 4089
0.5231, 4088
0.5235, 4087
0.5239, 4086
0.5243, 4085
0.5247, 4084
0.5252, 4083
0.5256, 4082
0.5261, 4081
0.5265, 4080
0.5270, 4079
0.5274, 4078
0.5278, 4077
0.5283, 4076
0.5287, 4075
0.5292, 4074
0.5296, 4073
0.5300, 4072
0.5304, 4071
0.5308, 4070
0.5313, 4069
0.5317, 4068
0.5321, 4067
0.5325, 4066
0.5329, 4065
0.5334, 4064
0.5338, 4063
0.5342, 4062
0.5346, 4061
0.5351, 4060
0.5355, 4059
0.5359, 4058
0.5370, 4057
0.5374, 4056
0.5378, 4055
0.5383, 4054
0.5387, 4053
0.5391, 4052
0.5396, 4051
0.5400, 4050
0.5404, 4049
0.5408, 4048
0.5413, 4047
0.5417, 4046
0.5421, 4045
0.5426, 4044
0.5430, 4043
0.5434, 4042
0.5438, 4041
0.5443, 4040
0.5447, 4039
0.5451, 4038
0.5455, 4037
0.5459, 4036
0.5464, 4035
0.5468, 4034
0.5472, 4033
0.5476, 4032
0.5481, 4031
0.5485, 4030
0.5489, 4029
0.5493, 4028
0.5497, 4027
0.5501, 4026
0.5505, 4025
0.5509, 4024
0.5514, 4023
0.5518, 4022
0.5522, 4021
0.5526, 4020
0.5530, 4019
0.5534, 4018
0.5538, 4017
0.5542, 4016
0.5547, 4015
0.5551, 4014
0.5555, 4013
0.5560, 4012
0.5564, 4011
0.5568, 4010
0.5573, 4009
0.5577, 4008
0.5581, 4007
0.5586, 4006
0.5590, 4005
0.5594, 4004
0.5598, 4003
0.5603, 4002
0.5607, 4001
0.5611, 4000
0.5615, 3999
0.5619, 3998
0.5623, 3997
0.5627, 3996
0.5632, 3995
0.5636, 3994
0.5640, 3993
0.5644, 3992
0.5648, 3991
0.5652, 3990
0.5656, 3989
0.5661, 3988
0.5665, 3987
0.5669, 3986
0.5674, 3985
0.5678, 3984
0.5682, 3983
0.5686, 3982
0.5691, 3981
0.5695, 3980
0.5699, 3979
0.5703, 3978
0.5707, 3977
0.5712, 3976
0.5716, 3975
0.5720, 3974
0.5724, 3973
0.5728, 3972
0.5732, 3971
0.5736, 3970
0.5740, 3969
0.5744, 3968
0.5748, 3967
0.5752, 3966
0.5756, 3965
0.7796, 3964
0.8057, 3963
0.8359, 3962
0.9258, 3961
1.1359, 3960
1.2133, 3959
1.2988, 3958
1.5815, 3957
1.6146, 3956
1.6668, 3955
1.7657, 3954
1.9820, 3953
2.3430, 3952
2.3866, 3951
2.4042, 3950
2.5386, 3949
2.8722, 3948
2.9828, 3947
3.1764, 3946
3.2787, 3945
3.4389, 3944
3.4608, 3943
3.6994, 3942
3.6999, 3941
3.7303, 3940
3.8263, 3939
4.5857, 3938
5.3933, 3937
5.6938, 3936
5.8122, 3935
6.2083, 3934
6.3564, 3933
8.1851, 3932
8.3483, 3931
8.8596, 3930
