0.0357, 2281
0.1151, 2280
0.1759, 2279
0.1792, 2278
0.1919, 2277
0.2644, 2276
0.3051, 2275
0.3116, 2274
0.4851, 2272
0.5374, 2271
0.5471, 2270
0.5563, 2269
0.5624, 2266
0.5939, 2265
0.6032, 2264
0.7164, 2263
0.7863, 2262
0.8015, 2260
0.8289, 2258
0.8320, 2257
0.8901, 2255
0.8994, 2254
0.9085, 2253
0.9297, 2251
0.9521, 2249
1.1992, 2248
1.2119, 2247
1.3843, 2245
1.5068, 2244
1.5344, 2243
1.6274, 2242
1.6337, 2241
1.6368, 2240
1.6979, 2239
1.7040, 2238
1.7133, 2237
1.7725, 2235
1.8117, 2234
1.8981, 2233
1.9349, 2232
1.9811, 2231
1.9872, 2230
2.0058, 2229
2.0994, 2226
2.1090, 2225
2.2376, 2224
2.2650, 2223
2.3357, 2222
2.4787, 2221
