0.0000, 3112
0.0003, 3111
0.0006, 3110
0.0009, 3109
0.0011, 3108
0.0014, 3107
0.0017, 3106
0.0020, 3105
0.0022, 3104
0.0025, 3103
0.0028, 3102
0.0031, 3101
0.0033, 3100
0.0036, 3099
0.0039, 3098
0.0042, 3097
0.0044, 3096
0.0047, 3095
0.0050, 3094
0.0053, 3093
0.0055, 3092
0.0058, 3091
0.0061, 3090
0.0063, 3089
0.0066, 3088
0.0069, 3087
0.0072, 3086
0.0075, 3085
0.0077, 3084
0.0080, 3083
0.0083, 3082
0.0086, 3081
0.0089, 3080
0.0091, 3079
0.0094, 3078
0.0097, 3077
0.0099, 3076
0.0102, 3075
0.0105, 3074
0.0108, 3073
0.0110, 3072
0.0113, 3071
0.0116, 3070
0.0119, 3069
0.0121, 3068
0.0124, 3067
0.0126, 3066
0.0129, 3065
0.0132, 3064
0.0134, 3063
0.0137, 3062
0.0140, 3061
0.0143, 3060
0.0145, 3059
0.0148, 3058
0.0151, 3057
0.0153, 3056
0.0156, 3055
0.0159, 3054
0.0162, 3053
0.0164, 3052
0.0167, 3051
0.0170, 3050
0.0172, 3049
0.0175, 3048
0.0178, 3047
0.0181, 3046
0.0183, 3045
0.0186, 3044
0.0189, 3043
0.0191, 3042
0.0194, 3041
0.0197, 3040
0.0199, 3039
0.0202, 3038
0.0205, 3037
0.0208, 3036
0.0210, 3035
0.0213, 3034
0.0215, 3033
0.0218, 3032
0.0221, 3031
0.0223, 3030
0.0226, 3029
0.0229, 3028
0.0231, 3027
0.0235, 3026
0.0237, 3025
0.0240, 3024
0.0243, 3023
0.0246, 3022
0.0249, 3021
0.0252, 3020
0.0254, 3019
0.0257, 3018
0.0260, 3017
0.0262, 3016
0.0265, 3015
0.0268, 3014
0.0270, 3013
0.0273, 3012
0.0276, 3011
0.0279, 3010
0.0281, 3009
0.0284, 3008
0.0287, 3007
0.0289, 3006
0.0292, 3005
0.0295, 3004
0.0298, 3003
0.0301, 3002
0.0304, 3001
0.0307, 3000
0.0309, 2999
0.0312, 2998
0.0315, 2997
0.0317, 2996
0.0320, 2995
0.0323, 2994
0.0326, 2993
0.0328, 2992
0.0331, 2991
0.0334, 2990
0.0337, 2989
0.0339, 2988
0.0342, 2987
0.0344, 2986
0.0347, 2985
0.0350, 2984
0.0353, 2983
0.0355, 2982
0.0358, 2981
0.0361, 2980
0.0364, 2979
0.0366, 2978
0.0369, 2977
0.0372, 2976
0.0375, 2975
0.0378, 2974
0.0380, 2973
0.0383, 2972
0.0386, 2971
0.0388, 2970
0.0391, 2969
0.0394, 2968
0.0396, 2967
0.0399, 2966
0.0402, 2965
0.0405, 2964
0.0407, 2963
0.0410, 2962
0.0413, 2961
0.0416, 2960
0.0418, 2959
0.0421, 2958
0.0423, 2957
0.0426, 2956
0.0429, 2955
0.0432, 2954
0.0434, 2953
0.0437, 2952
0.0439, 2951
0.0442, 2950
0.0445, 2949
0.0448, 2948
0.0450, 2947
0.0453, 2946
0.0456, 2945
0.0458, 2944
0.0461, 2943
0.0463, 2942
0.0466, 2941
0.0468, 2940
0.0471, 2939
0.0474, 2938
0.0476, 2937
0.0479, 2936
0.0482, 2935
0.0484, 2934
0.0487, 2933
0.0490, 2932
0.0493, 2931
0.0495, 2930
0.0498, 2929
0.0501, 2928
0.0503, 2927
0.0506, 2926
0.0509, 2925
0.0511, 2924
0.0514, 2923
0.0517, 2922
0.0519, 2921
0.0522, 2920
0.0525, 2919
0.0527, 2918
0.0530, 2917
0.0532, 2916
0.0535, 2915
0.0538, 2914
0.0541, 2913
0.0544, 2912
0.0546, 2911
0.0549, 2910
0.0552, 2909
0.0554, 2908
0.0557, 2907
0.0560, 2906
0.0562, 2905
0.0565, 2904
0.0568, 2903
0.0570, 2902
0.0573, 2901
0.0576, 2900
0.0578, 2899
0.0581, 2898
0.0584, 2897
0.0586, 2896
0.0589, 2895
0.0592, 2894
0.0594, 2893
0.0597, 2892
0.0600, 2891
0.0602, 2890
0.0605, 2889
0.0608, 2888
0.0611, 2887
0.0613, 2886
0.0616, 2885
0.0618, 2884
0.0621, 2883
0.0624, 2882
0.0626, 2881
0.0629, 2880
0.0632, 2879
0.0634, 2878
0.0637, 2877
0.0639, 2876
0.0642, 2875
0.0645, 2874
0.0648, 2873
0.0650, 2872
0.0653, 2871
0.0656, 2870
0.0658, 2869
0.0661, 2868
0.0664, 2867
0.0666, 2866
0.0669, 2865
0.0672, 2864
0.0674, 2863
0.0677, 2862
0.0680, 2861
0.0683, 2860
0.0685, 2859
0.0688, 2858
0.0691, 2857
0.0693, 2856
0.0696, 2855
0.0699, 2854
0.0701, 2853
0.0704, 2852
0.0707, 2851
0.0709, 2850
0.0712, 2849
0.0715, 2848
0.0717, 2847
0.0720, 2846
0.0723, 2845
0.0726, 2844
0.0728, 2843
0.0731, 2842
0.0734, 2841
0.0736, 2840
0.0739, 2839
0.0741, 2838
0.0744, 2837
0.0747, 2836
0.0749, 2835
0.0752, 2834
0.0755, 2833
0.0757, 2832
0.0760, 2831
0.0763, 2830
0.0765, 2829
0.0768, 2828
0.0771, 2827
0.0773, 2826
0.0776, 2825
0.0778, 2824
0.0781, 2823
0.0784, 2822
0.0786, 2821
0.0789, 2820
0.0791, 2819
0.0794, 2818
0.0796, 2817
0.0799, 2816
0.0802, 2815
0.0804, 2814
0.0807, 2813
0.0810, 2812
0.0812, 2811
0.0815, 2810
0.0817, 2809
0.0820, 2808
0.0823, 2807
0.0825, 2806
0.0828, 2805
0.0830, 2804
0.0833, 2803
0.0836, 2802
0.0838, 2801
0.0841, 2800
0.0843, 2799
0.0846, 2798
0.0849, 2797
0.0852, 2796
0.0854, 2795
0.0857, 2794
0.0860, 2793
0.0862, 2792
0.0865, 2791
0.0867, 2790
0.0870, 2789
0.0873, 2788
0.0875, 2787
0.0878, 2786
0.0881, 2785
0.0884, 2784
0.0886, 2783
0.0889, 2782
0.0891, 2781
0.0894, 2780
0.0897, 2779
0.0899, 2778
0.0902, 2777
0.0904, 2776
0.0907, 2775
0.0910, 2774
0.0912, 2773
0.0915, 2772
0.0917, 2771
0.0920, 2770
0.0923, 2769
0.0925, 2768
0.0928, 2767
0.0931, 2766
0.0933, 2765
0.0936, 2764
0.0938, 2763
0.0941, 2762
0.0944, 2761
0.0946, 2760
0.0949, 2759
0.0952, 2758
0.0954, 2757
0.0957, 2756
0.0959, 2755
0.0962, 2754
0.0965, 2753
0.0967, 2752
0.0970, 2751
0.0972, 2750
0.0975, 2749
0.0978, 2748
0.0980, 2747
0.0983, 2746
0.0986, 2745
0.0988, 2744
0.0991, 2743
0.0994, 2742
0.0996, 2741
0.0999, 2740
0.1001, 2739
0.1004, 2738
0.1007, 2737
0.1009, 2736
0.1012, 2735
0.1014, 2734
0.1017, 2733
0.1019, 2732
0.1022, 2731
0.1024, 2730
0.1027, 2729
0.1029, 2728
0.1032, 2727
0.1034, 2726
0.1037, 2725
0.1040, 2724
0.1042, 2723
0.1045, 2722
0.1047, 2721
0.1050, 2720
0.1053, 2719
0.1055, 2718
0.1058, 2717
0.1061, 2716
0.1064, 2715
0.1066, 2714
0.1069, 2713
0.1071, 2712
0.1074, 2711
0.1077, 2710
0.1080, 2709
0.1082, 2708
0.1085, 2707
0.1088, 2706
0.1090, 2705
0.1093, 2704
0.1096, 2703
0.1098, 2702
0.1101, 2701
0.1103, 2700
0.1106, 2699
0.1109, 2698
0.1111, 2697
0.1114, 2696
0.1116, 2695
0.1119, 2694
0.1121, 2693
0.1124, 2692
0.1126, 2691
0.1129, 2690
0.1132, 2689
0.1134, 2688
0.1137, 2687
0.1140, 2686
0.1142, 2685
0.1145, 2684
0.1147, 2683
0.1150, 2682
0.1153, 2681
0.1155, 2680
0.1158, 2679
0.1161, 2678
0.1163, 2677
0.1166, 2676
0.1169, 2675
0.1172, 2674
0.1174, 2673
0.1177, 2672
0.1180, 2671
0.1182, 2670
0.1185, 2669
0.1188, 2668
0.1190, 2667
0.1193, 2666
0.1196, 2665
0.1199, 2664
0.1201, 2663
0.1204, 2662
0.1207, 2661
0.1210, 2660
0.1212, 2659
0.1215, 2658
0.1218, 2657
0.1220, 2656
0.1223, 2655
0.1226, 2654
0.1229, 2653
0.1231, 2652
0.1234, 2651
0.1236, 2650
0.1239, 2649
0.1242, 2648
0.1244, 2647
0.1248, 2646
0.1250, 2645
0.1253, 2644
0.1255, 2643
0.1258, 2642
0.1261, 2641
0.1263, 2640
0.1266, 2639
0.1268, 2638
0.1271, 2637
0.1274, 2636
0.1277, 2635
0.1279, 2634
0.1282, 2633
0.1285, 2632
0.1288, 2631
0.1290, 2630
0.1293, 2629
0.1296, 2628
0.1298, 2627
0.1301, 2626
0.1304, 2625
0.1306, 2624
0.1309, 2623
0.1312, 2622
0.1315, 2621
0.1317, 2620
0.1320, 2619
0.1322, 2618
0.1325, 2617
0.1327, 2616
0.1330, 2615
0.1333, 2614
0.1335, 2613
0.1338, 2612
0.1341, 2611
0.1343, 2610
0.1346, 2609
0.1349, 2608
0.1351, 2607
0.1354, 2606
0.1357, 2605
0.1359, 2604
0.1362, 2603
0.1365, 2602
0.1367, 2601
0.1370, 2600
0.1372, 2599
0.1375, 2598
0.1378, 2597
0.1381, 2596
0.1383, 2595
0.1386, 2594
0.1388, 2593
0.1391, 2592
0.1393, 2591
0.1396, 2590
0.1398, 2589
0.1401, 2588
0.1403, 2587
0.1406, 2586
0.1409, 2585
0.1411, 2584
0.1414, 2583
0.1416, 2582
0.1419, 2581
0.1421, 2580
0.1424, 2579
0.1426, 2578
0.1429, 2577
0.1431, 2576
0.1434, 2575
0.1436, 2574
0.1439, 2573
0.1441, 2572
0.1444, 2571
0.1447, 2570
0.1449, 2569
0.1452, 2568
0.1455, 2567
0.1457, 2566
0.1460, 2565
0.1462, 2564
0.1465, 2563
0.1467, 2562
0.1470, 2561
0.1472, 2560
0.1475, 2559
0.1477, 2558
0.1480, 2557
0.1482, 2556
0.1485, 2555
0.1487, 2554
0.1490, 2553
0.1492, 2552
0.1495, 2551
0.1497, 2550
0.1500, 2549
0.1503, 2548
0.1505, 2547
0.1508, 2546
0.1510, 2545
0.1513, 2544
0.1515, 2543
0.1518, 2542
0.1520, 2541
0.1523, 2540
0.1525, 2539
0.1528, 2538
0.1531, 2537
0.1533, 2536
0.1536, 2535
0.1539, 2534
0.1541, 2533
0.1544, 2532
0.1546, 2531
0.1549, 2530
0.1552, 2529
0.1555, 2528
0.1558, 2527
0.1560, 2526
0.1563, 2525
0.1565, 2524
0.1568, 2523
0.1571, 2522
0.1573, 2521
0.1576, 2520
0.1578, 2519
0.1581, 2518
0.1583, 2517
0.1586, 2516
0.1588, 2515
0.1591, 2514
0.1593, 2513
0.1596, 2512
0.1598, 2511
0.1601, 2510
0.1603, 2509
0.1606, 2508
0.1609, 2507
0.1611, 2506
0.1614, 2505
0.1616, 2504
0.1619, 2503
0.1621, 2502
0.1624, 2501
0.1626, 2500
0.1629, 2499
0.1631, 2498
0.1633, 2497
0.1636, 2496
0.1638, 2495
0.1641, 2494
0.1643, 2493
0.1646, 2492
0.1648, 2491
0.1650, 2490
0.1653, 2489
0.1656, 2488
0.1658, 2487
0.1661, 2486
0.1663, 2485
0.1666, 2484
0.1668, 2483
0.1671, 2482
0.1674, 2481
0.1676, 2480
0.1679, 2479
0.1682, 2478
0.1684, 2477
0.1687, 2476
0.1689, 2475
0.1692, 2474
0.1694, 2473
0.1697, 2472
0.1699, 2471
0.1702, 2470
0.1704, 2469
0.1707, 2468
0.1709, 2467
0.1712, 2466
0.1715, 2465
0.1717, 2464
0.1720, 2463
0.1722, 2462
0.1725, 2461
0.1727, 2460
0.1730, 2459
0.1733, 2458
0.1735, 2457
0.1738, 2456
0.1740, 2455
0.1743, 2454
0.1746, 2453
0.1748, 2452
0.1750, 2451
0.1753, 2450
0.1755, 2449
0.1758, 2448
0.1760, 2447
0.1763, 2446
0.1765, 2445
0.1768, 2444
0.1770, 2443
0.1773, 2442
0.1776, 2441
0.1778, 2440
0.1781, 2439
0.1783, 2438
0.1786, 2437
0.1788, 2436
0.1791, 2435
0.1793, 2434
0.1796, 2433
0.1799, 2432
0.1801, 2431
0.1803, 2430
0.1806, 2429
0.1808, 2428
0.1811, 2427
0.1814, 2426
0.1816, 2425
0.1819, 2424
0.1821, 2423
0.1824, 2422
0.1827, 2421
0.1829, 2420
0.1832, 2419
0.1835, 2418
0.1837, 2417
0.1839, 2416
0.1842, 2415
0.1845, 2414
0.1848, 2413
0.1851, 2412
0.1854, 2411
0.1857, 2410
0.1860, 2409
0.1862, 2408
0.1865, 2407
0.1867, 2406
0.1870, 2405
0.1872, 2404
0.1875, 2403
0.1877, 2402
0.1879, 2401
0.1882, 2400
0.1884, 2399
0.1887, 2398
0.1890, 2397
0.1892, 2396
0.1895, 2395
0.1897, 2394
0.1899, 2393
0.1902, 2392
0.1904, 2391
0.1906, 2390
0.1908, 2389
0.1911, 2388
0.1913, 2387
0.1915, 2386
0.1918, 2385
0.1920, 2384
0.1923, 2383
0.1926, 2382
0.1929, 2381
0.1932, 2380
0.1934, 2379
0.1937, 2378
0.1939, 2377
0.1942, 2376
0.1944, 2375
0.1947, 2374
0.1949, 2373
0.1951, 2372
0.1953, 2371
0.1957, 2370
0.1959, 2369
0.1962, 2368
0.1964, 2367
0.1966, 2366
0.1969, 2365
0.1971, 2364
0.1974, 2363
0.1976, 2362
0.1978, 2361
0.1981, 2360
0.1983, 2359
0.1986, 2358
0.1988, 2357
0.1991, 2356
0.1993, 2355
0.1996, 2354
0.1999, 2353
0.2001, 2352
0.2004, 2351
0.2006, 2350
0.2009, 2349
0.2011, 2348
0.2014, 2347
0.2016, 2346
0.2019, 2345
0.2021, 2344
0.2024, 2343
0.2026, 2342
0.2029, 2341
0.2031, 2340
0.2034, 2339
0.2036, 2338
0.2039, 2337
0.2041, 2336
0.2044, 2335
0.2046, 2334
0.2049, 2333
0.2051, 2332
0.2054, 2331
0.2057, 2330
0.2059, 2329
0.2062, 2328
0.2065, 2327
0.2067, 2326
0.2070, 2325
0.2072, 2324
0.2075, 2323
0.2077, 2322
0.2079, 2321
0.2081, 2320
0.2084, 2319
0.2086, 2318
0.2089, 2317
0.2091, 2316
0.2094, 2315
0.2096, 2314
0.2099, 2313
0.2101, 2312
0.2103, 2311
0.2106, 2310
0.2108, 2309
0.2111, 2308
0.2113, 2307
0.2116, 2306
0.2118, 2305
0.2121, 2304
0.2244, 2303
0.2779, 2302
0.2884, 2301
0.3335, 2300
0.3767, 2299
0.3953, 2298
0.4017, 2297
0.4142, 2296
0.4431, 2295
0.5435, 2294
0.5519, 2293
0.5602, 2292
0.5605, 2291
0.5892, 2290
0.5936, 2289
0.6287, 2288
0.6351, 2287
0.6354, 2286
0.6582, 2285
0.6584, 2284
0.6689, 2283
0.6856, 2282
0.6858, 2281
0.6942, 2280
0.7211, 2279
0.7296, 2278
0.7360, 2277
0.7485, 2276
0.7590, 2275
0.7592, 2274
0.7656, 2273
0.8028, 2272
0.8216, 2271
0.8713, 2270
0.8778, 2269
0.8780, 2268
0.8906, 2267
0.9216, 2266
0.9508, 2265
0.9716, 2264
0.9945, 2263
1.0295, 2262
1.0461, 2261
1.0933, 2260
1.0935, 2259
1.1939, 2258
1.2580, 2257
1.2623, 2256
1.2688, 2255
1.2977, 2254
1.3042, 2253
1.3271, 2252
1.3684, 2251
1.4077, 2250
1.4349, 2249
1.5013, 2248
1.5078, 2247
1.5388, 2246
1.6007, 2245
1.6276, 2244
1.6524, 2243
1.6732, 2242
1.7148, 2241
1.7357, 2240
1.7483, 2239
1.7485, 2238
1.7571, 2237
1.7924, 2236
1.8400, 2235
1.8464, 2234
1.8651, 2233
1.8880, 2232
1.8882, 2231
1.9008, 2230
1.9278, 2229
1.9280, 2228
1.9672, 2227
2.0024, 2226
2.0251, 2225
2.0963, 2224
2.2166, 2223
2.2413, 2222
2.2909, 2221
2.2912, 2220
2.2955, 2219
2.2998, 2218
2.3411, 2217
2.3413, 2216
2.3722, 2215
2.3969, 2214
2.5010, 2213
2.5521, 2212
2.6320, 2211
2.9320, 2210
