0.0300, 2281
0.0337, 2280
0.0581, 2279
0.0985, 2278
0.1116, 2276
0.1308, 2275
0.2062, 2274
0.2185, 2273
0.2309, 2272
0.2401, 2271
0.2675, 2270
0.2916, 2268
0.3125, 2267
0.3395, 2265
0.3666, 2264
0.3905, 2263
0.3938, 2262
0.4058, 2259
0.4396, 2258
0.4595, 2257
0.4695, 2256
0.4792, 2254
0.4858, 2253
0.5143, 2252
0.5361, 2251
0.5668, 2250
0.7744, 2248
0.9310, 2247
1.1598, 2246
1.2025, 2245
1.2056, 2244
1.2663, 2243
1.4498, 2242
1.5277, 2241
1.6014, 2240
1.7549, 2239
1.7885, 2238
1.8601, 2237
1.9217, 2236
2.1433, 2235
2.4466, 2234
2.5257, 2231
2.7346, 2230
2.7559, 2229
2.7772, 2228
2.8171, 2227
2.9974, 2226
