0.0271, 2281
0.0796, 2280
0.1505, 2279
0.2014, 2277
0.2377, 2274
0.2589, 2273
0.2744, 2272
0.2777, 2271
0.2902, 2270
0.3949, 2269
0.4042, 2268
0.4381, 2267
0.4832, 2265
0.5882, 2264
0.6033, 2263
0.6432, 2261
0.6524, 2260
0.6647, 2258
0.6679, 2257
0.7105, 2254
0.7593, 2253
0.7749, 2252
0.8308, 2251
0.8802, 2250
0.9018, 2249
1.0029, 2248
1.0152, 2247
1.0427, 2246
1.0824, 2245
1.1310, 2244
1.1772, 2243
1.2265, 2242
1.2511, 2241
1.4074, 2240
1.4352, 2239
1.4508, 2238
1.4944, 2237
1.5102, 2234
1.5226, 2233
1.5383, 2232
1.5628, 2231
1.5812, 2230
1.5935, 2229
1.6058, 2228
1.6948, 2227
1.7318, 2226
1.8480, 2225
1.8638, 2224
1.8945, 2223
2.3793, 2222
2.4347, 2221
2.4596, 2220
2.5367, 2219
2.5492, 2217
2.6200, 2216
2.7315, 2215
