0.1172, 4688
0.1476, 4687
0.3625, 4684
0.4343, 4683
0.4761, 4682
0.5254, 4681
0.5361, 4680
0.5465, 4679
0.6184, 4678
0.6393, 4674
0.6499, 4671
0.7217, 4670
0.7425, 4669
0.7837, 4668
0.8289, 4666
0.8444, 4665
0.8559, 4661
0.9389, 4660
1.0516, 4658
1.1148, 4657
1.1456, 4655
1.2085, 4651
1.2193, 4650
1.2300, 4649
1.2406, 4648
1.2727, 4647
1.3661, 4646
1.3874, 4644
1.4088, 4643
1.4299, 4642
1.5133, 4641
1.6794, 4638
1.6904, 4637
1.7589, 4631
1.7948, 4630
1.8977, 4629
1.9395, 4628
1.9605, 4625
2.0124, 4621
2.1159, 4620
2.1471, 4619
2.6283, 4618
2.6601, 4615
2.7434, 4614
2.8463, 4613
2.9856, 4612
3.0079, 4611
3.2615, 4610
3.3459, 4607
3.8341, 4604
3.8658, 4603
3.8977, 4602
3.9186, 4601
4.0958, 4600
4.1169, 4599
4.1625, 4598
4.2162, 4596
4.3322, 4595
4.5884, 4594
4.8391, 4593
4.9217, 4592
5.0993, 4591
5.1414, 4590
5.4332, 4589
5.6315, 4588
5.6836, 4587
5.8290, 4586
5.9956, 4585
6.3091, 4584
6.4138, 4583
6.4451, 4582
6.4765, 4581
6.5743, 4580
6.6788, 4579
6.7832, 4578
7.1659, 4577
7.5506, 4576
7.5822, 4575
7.8845, 4574
7.9474, 4573
8.2903, 4572
8.3837, 4571
8.4782, 4570
8.5203, 4568
8.6133, 4567
