0.0000, 5900
0.0005, 5899
0.0012, 5898
0.0018, 5897
0.0028, 5896
0.0035, 5895
0.0042, 5894
0.0049, 5893
0.0057, 5892
0.0062, 5891
0.0070, 5890
0.0075, 5889
0.0080, 5888
0.0085, 5887
0.0095, 5886
0.0104, 5885
0.0110, 5884
0.0122, 5883
0.0128, 5882
0.0139, 5881
0.0145, 5880
0.0154, 5879
0.0163, 5878
0.0172, 5877
0.0178, 5876
0.0183, 5875
0.0188, 5874
0.0194, 5873
0.0205, 5872
0.0211, 5871
0.0216, 5870
0.0221, 5869
0.0228, 5868
0.0233, 5867
0.0238, 5866
0.0243, 5865
0.0252, 5864
0.0259, 5863
0.0266, 5862
0.0271, 5861
0.0277, 5860
0.0283, 5859
0.0289, 5858
0.0294, 5857
0.0300, 5856
0.0306, 5855
0.0312, 5854
0.0317, 5853
0.0322, 5852
0.0333, 5851
0.0342, 5850
0.0347, 5849
0.0352, 5848
0.0359, 5847
0.0365, 5846
0.0370, 5845
0.0377, 5844
0.0382, 5843
0.0387, 5842
0.0392, 5841
0.0400, 5840
0.0407, 5839
0.0412, 5838
0.0417, 5837
0.0423, 5836
0.0429, 5835
0.0436, 5834
0.0441, 5833
0.0448, 5832
0.0453, 5831
0.0458, 5830
0.0466, 5829
0.0471, 5828
0.0476, 5827
0.0482, 5826
0.0491, 5825
0.0496, 5824
0.0501, 5823
0.0509, 5822
0.0514, 5821
0.0520, 5820
0.0525, 5819
0.0531, 5818
0.0536, 5817
0.0545, 5816
0.0551, 5815
0.0561, 5814
0.0570, 5813
0.0577, 5812
0.0583, 5811
0.0592, 5810
0.0599, 5809
0.0605, 5808
0.0611, 5807
0.0617, 5806
0.0625, 5805
0.0630, 5804
0.0635, 5803
0.0641, 5802
0.0646, 5801
0.0651, 5800
0.0660, 5799
0.0665, 5798
0.0672, 5797
0.0677, 5796
0.0684, 5795
0.0689, 5794
0.0697, 5793
0.0702, 5792
0.0707, 5791
0.0713, 5790
0.0718, 5789
0.0724, 5788
0.0730, 5787
0.0736, 5786
0.0749, 5785
0.0759, 5784
0.0768, 5783
0.0773, 5782
0.0778, 5781
0.0783, 5780
0.0790, 5779
0.0798, 5778
0.0804, 5777
0.0812, 5776
0.0819, 5775
0.0825, 5774
0.0832, 5773
0.0842, 5772
0.0848, 5771
0.0860, 5770
0.0866, 5769
0.0871, 5768
0.0879, 5767
0.0884, 5766
0.0892, 5765
0.0900, 5764
0.0905, 5763
0.0911, 5762
0.0916, 5761
0.0922, 5760
0.0931, 5759
0.0937, 5758
0.0942, 5757
0.0947, 5756
0.0952, 5755
0.0958, 5754
0.0966, 5753
0.0973, 5752
0.0978, 5751
0.0983, 5750
0.0989, 5749
0.0998, 5748
0.1003, 5747
0.1008, 5746
0.1017, 5745
0.1028, 5744
0.1033, 5743
0.1039, 5742
0.1044, 5741
0.1054, 5740
0.1060, 5739
0.1066, 5738
0.1072, 5737
0.1077, 5736
0.1083, 5735
0.1088, 5734
0.1094, 5733
0.1100, 5732
0.1105, 5731
0.1111, 5730
0.1117, 5729
0.1122, 5728
0.1128, 5727
0.1133, 5726
0.1140, 5725
0.1146, 5724
0.1153, 5723
0.1163, 5722
0.1170, 5721
0.1176, 5720
0.1183, 5719
0.1190, 5718
0.1200, 5717
0.1209, 5716
0.1218, 5715
0.1228, 5714
0.1234, 5713
0.1240, 5712
0.1246, 5711
0.1251, 5710
0.1257, 5709
0.1265, 5708
0.1273, 5707
0.1279, 5706
0.1285, 5705
0.1290, 5704
0.1295, 5703
0.1301, 5702
0.1307, 5701
0.1313, 5700
0.1323, 5699
0.1329, 5698
0.1334, 5697
0.1340, 5696
0.1351, 5695
0.1358, 5694
0.1364, 5693
0.1370, 5692
0.1375, 5691
0.1381, 5690
0.1386, 5689
0.1393, 5688
0.1398, 5687
0.1404, 5686
0.1413, 5685
0.1419, 5684
0.1425, 5683
0.1431, 5682
0.1437, 5681
0.1443, 5680
0.1450, 5679
0.1456, 5678
0.1462, 5677
0.1468, 5676
0.1474, 5675
0.1480, 5674
0.1485, 5673
0.1490, 5672
0.1496, 5671
0.1501, 5670
0.1508, 5669
0.1513, 5668
0.1519, 5667
0.1525, 5666
0.1530, 5665
0.1536, 5664
0.1542, 5663
0.1547, 5662
0.1557, 5661
0.1563, 5660
0.1571, 5659
0.1577, 5658
0.1589, 5657
0.1599, 5656
0.1608, 5655
0.1615, 5654
0.1622, 5653
0.1629, 5652
0.1635, 5651
0.1641, 5650
0.1646, 5649
0.1652, 5648
0.1659, 5647
0.1665, 5646
0.1671, 5645
0.1678, 5644
0.1684, 5643
0.1690, 5642
0.1696, 5641
0.1703, 5640
0.1711, 5639
0.1719, 5638
0.1725, 5637
0.1731, 5636
0.1737, 5635
0.1748, 5634
0.1754, 5633
0.1764, 5632
0.1772, 5631
0.1778, 5630
0.1788, 5629
0.1796, 5628
0.1802, 5627
0.1813, 5626
0.1821, 5625
0.1828, 5624
0.1836, 5623
0.1842, 5622
0.1848, 5621
0.1855, 5620
0.1861, 5619
0.1871, 5618
0.1877, 5617
0.1883, 5616
0.1888, 5615
0.1896, 5614
0.1905, 5613
0.1910, 5612
0.1916, 5611
0.1922, 5610
0.1930, 5609
0.1936, 5608
0.1942, 5607
0.1948, 5606
0.1954, 5605
0.1960, 5604
0.1966, 5603
0.1971, 5602
0.1977, 5601
0.1982, 5600
0.1988, 5599
0.1993, 5598
0.1998, 5597
0.2004, 5596
0.2010, 5595
0.2018, 5594
0.2024, 5593
0.2034, 5592
0.2040, 5591
0.2047, 5590
0.2055, 5589
0.2064, 5588
0.2070, 5587
0.2076, 5586
0.2082, 5585
0.2089, 5584
0.2098, 5583
0.2105, 5582
0.2111, 5581
0.2116, 5580
0.2123, 5579
0.2131, 5578
0.2138, 5577
0.2148, 5576
0.2154, 5575
0.2160, 5574
0.2167, 5573
0.2173, 5572
0.2179, 5571
0.2186, 5570
0.2195, 5569
0.2200, 5568
0.2209, 5567
0.2215, 5566
0.2220, 5565
0.2226, 5564
0.2233, 5563
0.2245, 5562
0.2251, 5561
0.2257, 5560
0.2263, 5559
0.2268, 5558
0.2274, 5557
0.2283, 5556
0.2289, 5555
0.2295, 5554
0.2301, 5553
0.2310, 5552
0.2316, 5551
0.2322, 5550
0.2329, 5549
0.2335, 5548
0.2341, 5547
0.2348, 5546
0.2354, 5545
0.2359, 5544
0.2364, 5543
0.2370, 5542
0.2377, 5541
0.2383, 5540
0.2388, 5539
0.2394, 5538
0.2399, 5537
0.2405, 5536
0.2410, 5535
0.2417, 5534
0.2425, 5533
0.2431, 5532
0.2437, 5531
0.2442, 5530
0.2449, 5529
0.2455, 5528
0.2461, 5527
0.2466, 5526
0.2474, 5525
0.2481, 5524
0.2488, 5523
0.2496, 5522
0.2507, 5521
0.2515, 5520
0.2522, 5519
0.2529, 5518
0.2534, 5517
0.2541, 5516
0.2547, 5515
0.2555, 5514
0.2561, 5513
0.2567, 5512
0.2572, 5511
0.2578, 5510
0.2583, 5509
0.2589, 5508
0.2595, 5507
0.2603, 5506
0.2608, 5505
0.2613, 5504
0.2619, 5503
0.2628, 5502
0.2634, 5501
0.2640, 5500
0.2646, 5499
0.2655, 5498
0.2662, 5497
0.2669, 5496
0.2674, 5495
0.2681, 5494
0.2687, 5493
0.2693, 5492
0.2699, 5491
0.2709, 5490
0.2717, 5489
0.2723, 5488
0.2728, 5487
0.2733, 5486
0.2739, 5485
0.2748, 5484
0.2754, 5483
0.2759, 5482
0.2769, 5481
0.2775, 5480
0.2780, 5479
0.2786, 5478
0.2791, 5477
0.2797, 5476
0.2804, 5475
0.2809, 5474
0.2816, 5473
0.2823, 5472
0.2829, 5471
0.2835, 5470
0.2841, 5469
0.2847, 5468
0.2853, 5467
0.2858, 5466
0.2868, 5465
0.2874, 5464
0.2880, 5463
0.2885, 5462
0.2891, 5461
0.2898, 5460
0.2904, 5459
0.2910, 5458
0.2916, 5457
0.2922, 5456
0.2931, 5455
0.2938, 5454
0.2943, 5453
0.2950, 5452
0.2956, 5451
0.2964, 5450
0.2969, 5449
0.2976, 5448
0.2983, 5447
0.2989, 5446
0.2994, 5445
0.3000, 5444
0.3011, 5443
0.3017, 5442
0.3023, 5441
0.3029, 5440
0.3035, 5439
0.3042, 5438
0.3051, 5437
0.3058, 5436
0.3064, 5435
0.3070, 5434
0.3077, 5433
0.3083, 5432
0.3093, 5431
0.3099, 5430
0.3104, 5429
0.3111, 5428
0.3117, 5427
0.3124, 5426
0.3133, 5425
0.3139, 5424
0.3145, 5423
0.3152, 5422
0.3159, 5421
0.3166, 5420
0.3176, 5419
0.3181, 5418
0.3186, 5417
0.3197, 5416
0.3202, 5415
0.3209, 5414
0.3215, 5413
0.3221, 5412
0.3227, 5411
0.3233, 5410
0.3238, 5409
0.3243, 5408
0.3249, 5407
0.3256, 5406
0.3264, 5405
0.3272, 5404
0.3280, 5403
0.3288, 5402
0.3293, 5401
0.3299, 5400
0.3306, 5399
0.3315, 5398
0.3322, 5397
0.3329, 5396
0.3336, 5395
0.3344, 5394
0.3352, 5393
0.3359, 5392
0.3366, 5391
0.3371, 5390
0.3376, 5389
0.3383, 5388
0.3389, 5387
0.3394, 5386
0.3403, 5385
0.3408, 5384
0.3415, 5383
0.3422, 5382
0.3429, 5381
0.3436, 5380
0.3441, 5379
0.3447, 5378
0.3455, 5377
0.3461, 5376
0.3468, 5375
0.3474, 5374
0.3481, 5373
0.3487, 5372
0.3492, 5371
0.3500, 5370
0.3506, 5369
0.3514, 5368
0.3521, 5367
0.3526, 5366
0.3534, 5365
0.3541, 5364
0.3548, 5363
0.3558, 5362
0.3564, 5361
0.3571, 5360
0.3578, 5359
0.3585, 5358
0.3591, 5357
0.3602, 5356
0.3608, 5355
0.3615, 5354
0.3621, 5353
0.3628, 5352
0.3634, 5351
0.3642, 5350
0.3648, 5349
0.3654, 5348
0.3660, 5347
0.3667, 5346
0.3676, 5345
0.3684, 5344
0.3690, 5343
0.3697, 5342
0.3703, 5341
0.3709, 5340
0.3715, 5339
0.3721, 5338
0.3727, 5337
0.3733, 5336
0.3739, 5335
0.3746, 5334
0.3753, 5333
0.3761, 5332
0.3772, 5331
0.3777, 5330
0.3783, 5329
0.3789, 5328
0.3796, 5327
0.3802, 5326
0.3808, 5325
0.3813, 5324
0.3820, 5323
0.3830, 5322
0.3839, 5321
0.3848, 5320
0.3856, 5319
0.3862, 5318
0.3868, 5317
0.3873, 5316
0.3881, 5315
0.3888, 5314
0.3895, 5313
0.3901, 5312
0.3910, 5311
0.3917, 5310
0.3922, 5309
0.3929, 5308
0.3938, 5307
0.3945, 5306
0.3952, 5305
0.3957, 5304
0.3964, 5303
0.3970, 5302
0.3976, 5301
0.3982, 5300
0.3988, 5299
0.3994, 5298
0.4000, 5297
0.4006, 5296
0.4014, 5295
0.4021, 5294
0.4026, 5293
0.4032, 5292
0.4040, 5291
0.4047, 5290
0.4054, 5289
0.4062, 5288
0.4068, 5287
0.4073, 5286
0.4080, 5285
0.4085, 5284
0.4093, 5283
0.4099, 5282
0.4104, 5281
0.4110, 5280
0.4116, 5279
0.4121, 5278
0.4127, 5277
0.4134, 5276
0.4141, 5275
0.4148, 5274
0.4156, 5273
0.4162, 5272
0.4167, 5271
0.4173, 5270
0.4180, 5269
0.4187, 5268
0.4192, 5267
0.4197, 5266
0.4204, 5265
0.4211, 5264
0.4218, 5263
0.4225, 5262
0.4231, 5261
0.4236, 5260
0.4245, 5259
0.4250, 5258
0.4256, 5257
0.4263, 5256
0.4271, 5255
0.4277, 5254
0.4287, 5253
0.4295, 5252
0.4301, 5251
0.4312, 5250
0.4318, 5249
0.4324, 5248
0.4330, 5247
0.4337, 5246
0.4343, 5245
0.4350, 5244
0.4357, 5243
0.4362, 5242
0.4368, 5241
0.4375, 5240
0.4381, 5239
0.4386, 5238
0.4392, 5237
0.4401, 5236
0.4406, 5235
0.4413, 5234
0.4419, 5233
0.4425, 5232
0.4432, 5231
0.4438, 5230
0.4443, 5229
0.4449, 5228
0.4456, 5227
0.4464, 5226
0.4470, 5225
0.4476, 5224
0.4485, 5223
0.4494, 5222
0.4500, 5221
0.4508, 5220
0.4515, 5219
0.4521, 5218
0.4527, 5217
0.4534, 5216
0.4541, 5215
0.4548, 5214
0.4553, 5213
0.4561, 5212
0.4568, 5211
0.4576, 5210
0.4585, 5209
0.4591, 5208
0.4598, 5207
0.4606, 5206
0.4614, 5205
0.4620, 5204
0.4629, 5203
0.4635, 5202
0.4642, 5201
0.4649, 5200
0.4657, 5199
0.4663, 5198
0.4670, 5197
0.4677, 5196
0.4684, 5195
0.4692, 5194
0.4697, 5193
0.4703, 5192
0.4709, 5191
0.4715, 5190
0.4722, 5189
0.4727, 5188
0.4733, 5187
0.4739, 5186
0.4745, 5185
0.4752, 5184
0.4757, 5183
0.4765, 5182
0.4772, 5181
0.4780, 5180
0.4789, 5179
0.4795, 5178
0.4804, 5177
0.4810, 5176
0.4817, 5175
0.4826, 5174
0.4833, 5173
0.4841, 5172
0.4846, 5171
0.4853, 5170
0.4858, 5169
0.4866, 5168
0.4872, 5167
0.4878, 5166
0.4885, 5165
0.4893, 5164
0.4899, 5163
0.4906, 5162
0.4913, 5161
0.4923, 5160
0.4931, 5159
0.4938, 5158
0.4945, 5157
0.4951, 5156
0.4956, 5155
0.4963, 5154
0.4970, 5153
0.4979, 5152
0.4986, 5151
0.4992, 5150
0.4999, 5149
0.5005, 5148
0.5012, 5147
0.5017, 5146
0.5022, 5145
0.5027, 5144
0.5034, 5143
0.5040, 5142
0.5045, 5141
0.5051, 5140
0.5057, 5139
0.5063, 5138
0.5070, 5137
0.5078, 5136
0.5084, 5135
0.5091, 5134
0.5097, 5133
0.5103, 5132
0.5108, 5131
0.5116, 5130
0.5123, 5129
0.5130, 5128
0.5136, 5127
0.5143, 5126
0.5151, 5125
0.5157, 5124
0.5162, 5123
0.5168, 5122
0.5174, 5121
0.5181, 5120
0.5187, 5119
0.5192, 5118
0.5198, 5117
0.5203, 5116
0.5208, 5115
0.5215, 5114
0.5223, 5113
0.5230, 5112
0.5238, 5111
0.5246, 5110
0.5251, 5109
0.5257, 5108
0.5262, 5107
0.5267, 5106
0.5274, 5105
0.5280, 5104
0.5287, 5103
0.5295, 5102
0.5301, 5101
0.5310, 5100
0.5316, 5099
0.5324, 5098
0.5331, 5097
0.5337, 5096
0.5344, 5095
0.5350, 5094
0.5356, 5093
0.5363, 5092
0.5369, 5091
0.5375, 5090
0.5380, 5089
0.5388, 5088
0.5395, 5087
0.5405, 5086
0.5411, 5085
0.5417, 5084
0.5423, 5083
0.5431, 5082
0.5437, 5081
0.5442, 5080
0.5449, 5079
0.5455, 5078
0.5460, 5077
0.5467, 5076
0.5472, 5075
0.5480, 5074
0.5487, 5073
0.5494, 5072
0.5501, 5071
0.5505, 5070
0.5511, 5069
0.5518, 5068
0.5528, 5067
0.5534, 5066
0.5542, 5065
0.5549, 5064
0.5559, 5063
0.5565, 5062
0.5573, 5061
0.5578, 5060
0.5586, 5059
0.5592, 5058
0.5598, 5057
0.5603, 5056
0.5609, 5055
0.5616, 5054
0.5622, 5053
0.5629, 5052
0.5636, 5051
0.5641, 5050
0.5647, 5049
0.5653, 5048
0.5661, 5047
0.5667, 5046
0.5678, 5045
0.5684, 5044
0.5690, 5043
0.5696, 5042
0.5702, 5041
0.5711, 5040
0.5717, 5039
0.5723, 5038
0.5731, 5037
0.5737, 5036
0.5742, 5035
0.5750, 5034
0.5758, 5033
0.5764, 5032
0.5770, 5031
0.5780, 5030
0.5786, 5029
0.5795, 5028
0.5800, 5027
0.5807, 5026
0.5813, 5025
0.5819, 5024
0.5826, 5023
0.5831, 5022
0.5838, 5021
0.5845, 5020
0.5855, 5019
0.5864, 5018
0.5869, 5017
0.5875, 5016
0.5880, 5015
0.5890, 5014
0.5896, 5013
0.5904, 5012
0.5911, 5011
0.5917, 5010
0.5924, 5009
0.5930, 5008
0.5936, 5007
0.5942, 5006
0.5951, 5005
0.5956, 5004
0.5965, 5003
0.5971, 5002
0.5976, 5001
0.5986, 5000
0.5992, 4999
0.6000, 4998
0.6006, 4997
0.6012, 4996
0.6019, 4995
0.6024, 4994
0.6030, 4993
0.6037, 4992
0.6043, 4991
0.6050, 4990
0.6058, 4989
0.6068, 4988
0.6075, 4987
0.6081, 4986
0.6088, 4985
0.6094, 4984
0.6101, 4983
0.6107, 4982
0.6115, 4981
0.6123, 4980
0.6132, 4979
0.6137, 4978
0.6142, 4977
0.6149, 4976
0.6159, 4975
0.6168, 4974
0.6173, 4973
0.6179, 4972
0.6186, 4971
0.6193, 4970
0.6199, 4969
0.6207, 4968
0.6213, 4967
0.6220, 4966
0.6227, 4965
0.6233, 4964
0.6238, 4963
0.6244, 4962
0.6251, 4961
0.6259, 4960
0.6264, 4959
0.6270, 4958
0.6275, 4957
0.6281, 4956
0.6289, 4955
0.6294, 4954
0.6300, 4953
0.6306, 4952
0.6314, 4951
0.6323, 4950
0.6331, 4949
0.6342, 4948
0.6348, 4947
0.6355, 4946
0.6364, 4945
0.6369, 4944
0.6375, 4943
0.6380, 4942
0.6386, 4941
0.6392, 4940
0.6396, 4939
0.6403, 4938
0.6408, 4937
0.6415, 4936
0.6421, 4935
0.6431, 4934
0.6440, 4933
0.6445, 4932
0.6451, 4931
0.6457, 4930
0.6464, 4929
0.6470, 4928
0.6476, 4927
0.6483, 4926
0.6490, 4925
0.6496, 4924
0.6502, 4923
0.6509, 4922
0.6516, 4921
0.6522, 4920
0.6528, 4919
0.6537, 4918
0.6546, 4917
0.6552, 4916
0.6561, 4915
0.6566, 4914
0.6572, 4913
0.6577, 4912
0.6582, 4911
0.6587, 4910
0.6593, 4909
0.6602, 4908
0.6607, 4907
0.6613, 4906
0.6619, 4905
0.6624, 4904
0.6630, 4903
0.6636, 4902
0.6643, 4901
0.6648, 4900
0.6657, 4899
0.6664, 4898
0.6669, 4897
0.6675, 4896
0.6680, 4895
0.6687, 4894
0.6693, 4893
0.6699, 4892
0.6707, 4891
0.6714, 4890
0.6722, 4889
0.6727, 4888
0.6733, 4887
0.6738, 4886
0.6744, 4885
0.6749, 4884
0.6756, 4883
0.6761, 4882
0.6767, 4881
0.6773, 4880
0.6780, 4879
0.6788, 4878
0.6794, 4877
0.6799, 4876
0.6807, 4875
0.6812, 4874
0.6818, 4873
0.6823, 4872
0.6832, 4871
0.6839, 4870
0.6847, 4869
0.6855, 4868
0.6860, 4867
0.6865, 4866
0.6871, 4865
0.6880, 4864
0.6888, 4863
0.6894, 4862
0.6900, 4861
0.6907, 4860
0.6914, 4859
0.6922, 4858
0.6928, 4857
0.6935, 4856
0.6944, 4855
0.6950, 4854
0.6960, 4853
0.6966, 4852
0.6971, 4851
0.6977, 4850
0.6986, 4849
0.6993, 4848
0.7000, 4847
0.7005, 4846
0.7010, 4845
0.7018, 4844
0.7023, 4843
0.7028, 4842
0.7033, 4841
0.7040, 4840
0.7047, 4839
0.7057, 4838
0.7064, 4837
0.7071, 4836
0.7076, 4835
0.7081, 4834
0.7088, 4833
0.7093, 4832
0.7099, 4831
0.7109, 4830
0.7114, 4829
0.7120, 4828
0.7126, 4827
0.7136, 4826
0.7144, 4825
0.7149, 4824
0.7157, 4823
0.7162, 4822
0.7168, 4821
0.7174, 4820
0.7179, 4819
0.7186, 4818
0.7191, 4817
0.7196, 4816
0.7201, 4815
0.7207, 4814
0.7215, 4813
0.7224, 4812
0.7230, 4811
0.7235, 4810
0.7244, 4809
0.7249, 4808
0.7254, 4807
0.7259, 4806
0.7265, 4805
0.7274, 4804
0.7282, 4803
0.7287, 4802
0.7293, 4801
0.7300, 4800
0.7306, 4799
0.7312, 4798
0.7317, 4797
0.7323, 4796
0.7329, 4795
0.7335, 4794
0.7342, 4793
0.7348, 4792
0.7355, 4791
0.7360, 4790
0.7369, 4789
0.7374, 4788
0.7381, 4787
0.7386, 4786
0.7391, 4785
0.7397, 4784
0.7402, 4783
0.7409, 4782
0.7414, 4781
0.7423, 4780
0.7431, 4779
0.7437, 4778
0.7445, 4777
0.7451, 4776
0.7456, 4775
0.7461, 4774
0.7471, 4773
0.7477, 4772
0.7484, 4771
0.7490, 4770
0.7496, 4769
0.7504, 4768
0.7511, 4767
0.7515, 4766
0.7521, 4765
0.7530, 4764
0.7538, 4763
0.7544, 4762
0.7551, 4761
0.7556, 4760
0.7562, 4759
0.7573, 4758
0.7579, 4757
0.7585, 4756
0.7593, 4755
0.7598, 4754
0.7604, 4753
0.7609, 4752
0.7614, 4751
0.7622, 4750
0.7628, 4749
0.7633, 4748
0.7639, 4747
0.7648, 4746
0.7654, 4745
0.7662, 4744
0.7669, 4743
0.7678, 4742
0.7686, 4741
0.7692, 4740
0.7697, 4739
0.7703, 4738
0.7708, 4737
0.7715, 4736
0.7723, 4735
0.7728, 4734
0.7734, 4733
0.7739, 4732
0.7744, 4731
0.7752, 4730
0.7757, 4729
0.7762, 4728
0.7767, 4727
0.7776, 4726
0.7783, 4725
0.7792, 4724
0.7800, 4723
0.7805, 4722
0.7813, 4721
0.7821, 4720
0.7826, 4719
0.7831, 4718
0.7836, 4717
0.7844, 4716
0.7852, 4715
0.7859, 4714
0.7868, 4713
0.7872, 4712
0.7880, 4711
0.7888, 4710
0.7898, 4709
0.7905, 4708
0.7913, 4707
0.7919, 4706
0.7927, 4705
0.7934, 4704
0.7941, 4703
0.7950, 4702
0.7959, 4701
0.7966, 4700
0.7976, 4699
0.7983, 4698
0.7990, 4697
0.7997, 4696
0.8005, 4695
0.8013, 4694
0.8022, 4693
0.8030, 4692
0.8039, 4691
0.8048, 4690
0.9706, 4689
1.2088, 4688
1.2490, 4687
1.3661, 4686
1.6205, 4685
1.6599, 4684
1.7774, 4683
1.8370, 4682
1.9775, 4681
2.1852, 4680
2.2442, 4679
2.4397, 4678
2.4796, 4677
2.5978, 4676
2.8719, 4675
2.8920, 4674
2.9905, 4673
3.1909, 4672
3.1916, 4671
3.2717, 4670
3.3711, 4669
3.4102, 4668
3.5080, 4667
3.6053, 4666
3.6445, 4665
3.6453, 4664
3.6843, 4663
4.1159, 4662
4.2149, 4661
4.6726, 4660
4.7130, 4659
4.8714, 4658
4.9311, 4657
5.0499, 4656
5.2667, 4655
5.7605, 4654
5.7613, 4653
5.7617, 4652
6.4599, 4651
6.5809, 4650
6.7218, 4649
7.3720, 4648
7.4508, 4647
7.5687, 4646
7.8262, 4645
7.8856, 4644
7.9256, 4643
7.9262, 4642
7.9660, 4641
8.4156, 4640
8.5153, 4639
8.5554, 4638
8.8307, 4637
8.9090, 4636
9.2805, 4635
9.3395, 4634
9.3796, 4633
9.6933, 4632
9.8696, 4631
10.1300, 4630
10.2285, 4629
10.2880, 4628
10.5049, 4627
10.6459, 4626
10.6856, 4625
10.6862, 4624
11.0792, 4623
11.4152, 4622
11.6127, 4621
11.7318, 4620
11.7324, 4619
11.8120, 4618
11.8718, 4617
11.9122, 4616
12.6065, 4615
12.6070, 4614
12.8050, 4613
12.9632, 4612
13.1609, 4611
13.8511, 4610
13.9109, 4609
14.2277, 4608
14.5234, 4607
14.6420, 4606
14.6428, 4605
14.9011, 4604
14.9018, 4603
15.2784, 4602
16.6000, 4601
16.7987, 4600
17.0747, 4599
17.1150, 4598
17.2342, 4597
17.4917, 4596
17.7505, 4595
18.1874, 4594
18.8789, 4593
19.0767, 4592
19.1551, 4591
19.7266, 4590
20.1585, 4589
20.4152, 4588
20.6332, 4587
20.8921, 4586
21.4414, 4585
22.4427, 4584
22.7973, 4583
23.3287, 4582
23.3295, 4581
23.8644, 4580
24.0041, 4579
24.0643, 4578
24.1639, 4577
24.2630, 4576
24.4200, 4575
24.5978, 4574
24.6574, 4573
26.0878, 4572
27.3073, 4571
28.1528, 4570
28.4274, 4569
28.9794, 4568
29.1173, 4567
29.6330, 4566
