0.1105, 4688
0.1401, 4687
0.1708, 4684
0.2122, 4682
0.2224, 4680
0.2429, 4678
0.3529, 4677
0.3632, 4676
0.3834, 4675
0.4047, 4674
0.4945, 4672
0.5156, 4670
0.7352, 4669
0.7553, 4668
0.8168, 4666
0.8368, 4665
0.8571, 4664
0.8878, 4655
0.9282, 4654
0.9587, 4652
1.0153, 4651
1.0593, 4650
1.2467, 4647
1.2890, 4643
1.3404, 4642
1.3915, 4641
1.7155, 4637
1.7563, 4636
1.8374, 4635
1.8982, 4632
2.0198, 4631
2.0406, 4630
2.0713, 4628
2.0917, 4627
2.1826, 4626
2.2430, 4625
2.2934, 4624
2.3038, 4623
2.3844, 4622
2.4149, 4621
2.4749, 4618
2.5557, 4617
2.6065, 4615
2.7065, 4614
2.7266, 4613
2.8176, 4611
2.8590, 4609
3.0012, 4608
3.2463, 4607
3.2693, 4606
3.4851, 4605
3.4952, 4604
3.6525, 4603
3.8292, 4600
3.8526, 4598
3.9281, 4596
3.9977, 4595
4.3437, 4594
4.6878, 4593
4.7184, 4592
5.1701, 4590
5.1806, 4589
5.4219, 4588
5.4732, 4587
5.5639, 4586
5.5941, 4585
6.1291, 4584
6.1496, 4583
6.4536, 4582
6.6981, 4581
6.9821, 4580
7.1132, 4579
7.6027, 4578
7.6136, 4576
7.6449, 4574
7.6854, 4573
8.1327, 4572
8.8471, 4571
9.2377, 4570
