0.0000, 10096
0.0009, 10095
0.0018, 10094
0.0027, 10093
0.0036, 10092
0.0045, 10091
0.0054, 10090
0.0063, 10089
0.0072, 10088
0.0081, 10087
0.0091, 10086
0.0100, 10085
0.0109, 10084
0.0118, 10083
0.0128, 10082
0.0137, 10081
0.0146, 10080
0.0155, 10079
0.0164, 10078
0.0173, 10077
0.0182, 10076
0.0192, 10075
0.0201, 10074
0.0210, 10073
0.0219, 10072
0.0228, 10071
0.0238, 10070
0.0246, 10069
0.0256, 10068
0.0265, 10067
0.0274, 10066
0.0283, 10065
0.0292, 10064
0.0301, 10063
0.0310, 10062
0.0319, 10061
0.0328, 10060
0.0338, 10059
0.0347, 10058
0.0356, 10057
0.0365, 10056
0.0374, 10055
0.0383, 10054
0.0392, 10053
0.0401, 10052
0.0410, 10051
0.0419, 10050
0.0428, 10049
0.0438, 10048
0.0447, 10047
0.0457, 10046
0.0466, 10045
0.0475, 10044
0.0484, 10043
0.0493, 10042
0.0502, 10041
0.0512, 10040
0.0521, 10039
0.0530, 10038
0.0539, 10037
0.0547, 10036
0.0557, 10035
0.0566, 10034
0.0575, 10033
0.0584, 10032
0.0593, 10031
0.0603, 10030
0.0612, 10029
0.0621, 10028
0.0630, 10027
0.0639, 10026
0.0648, 10025
0.0657, 10024
0.0666, 10023
0.0675, 10022
0.0685, 10021
0.0694, 10020
0.0703, 10019
0.0712, 10018
0.0722, 10017
0.0731, 10016
0.0740, 10015
0.0749, 10014
0.0758, 10013
0.0768, 10012
0.0777, 10011
0.0786, 10010
0.0795, 10009
0.0804, 10008
0.0813, 10007
0.0823, 10006
0.0832, 10005
0.0841, 10004
0.0850, 10003
0.0859, 10002
0.0868, 10001
0.0877, 10000
0.0886, 9999
0.0896, 9998
0.0905, 9997
0.0913, 9996
0.0922, 9995
0.0931, 9994
0.0941, 9993
0.0949, 9992
0.0958, 9991
0.0967, 9990
0.0976, 9989
0.0985, 9988
0.0995, 9987
0.1003, 9986
0.1012, 9985
0.1021, 9984
0.1030, 9983
0.1039, 9982
0.1048, 9981
0.1057, 9980
0.1066, 9979
0.1075, 9978
0.1084, 9977
0.1093, 9976
0.1102, 9975
0.1111, 9974
0.1120, 9973
0.1129, 9972
0.1138, 9971
0.1147, 9970
0.1156, 9969
0.1165, 9968
0.1174, 9967
0.1183, 9966
0.1192, 9965
0.1202, 9964
0.1210, 9963
0.1219, 9962
0.1228, 9961
0.1237, 9960
0.1246, 9959
0.1255, 9958
0.1264, 9957
0.1273, 9956
0.1282, 9955
0.1291, 9954
0.1300, 9953
0.1309, 9952
0.1318, 9951
0.1327, 9950
0.1336, 9949
0.1345, 9948
0.1354, 9947
0.1363, 9946
0.1372, 9945
0.1381, 9944
0.1390, 9943
0.1399, 9942
0.1408, 9941
0.1417, 9940
0.1426, 9939
0.1435, 9938
0.1444, 9937
0.1453, 9936
0.1462, 9935
0.1471, 9934
0.1480, 9933
0.1490, 9932
0.1499, 9931
0.1507, 9930
0.1516, 9929
0.1525, 9928
0.1535, 9927
0.1543, 9926
0.1553, 9925
0.1562, 9924
0.1571, 9923
0.1579, 9922
0.1588, 9921
0.1597, 9920
0.1606, 9919
0.1615, 9918
0.1624, 9917
0.1633, 9916
0.1642, 9915
0.1651, 9914
0.1660, 9913
0.1669, 9912
0.1678, 9911
0.1687, 9910
0.1696, 9909
0.1705, 9908
0.1714, 9907
0.1723, 9906
0.1732, 9905
0.1742, 9904
0.1750, 9903
0.1759, 9902
0.1768, 9901
0.1777, 9900
0.1786, 9899
0.1795, 9898
0.1804, 9897
0.1813, 9896
0.1822, 9895
0.1831, 9894
0.1840, 9893
0.1849, 9892
0.1858, 9891
0.1866, 9890
0.1875, 9889
0.1884, 9888
0.1893, 9887
0.1903, 9886
0.1912, 9885
0.1921, 9884
0.1930, 9883
0.1938, 9882
0.1947, 9881
0.1957, 9880
0.1966, 9879
0.1975, 9878
0.1984, 9877
0.1993, 9876
0.2002, 9875
0.2011, 9874
0.2020, 9873
0.2029, 9872
0.2037, 9871
0.2046, 9870
0.2055, 9869
0.2064, 9868
0.2073, 9867
0.2082, 9866
0.2090, 9865
0.2099, 9864
0.2108, 9863
0.2117, 9862
0.2126, 9861
0.2135, 9860
0.2144, 9859
0.2153, 9858
0.2162, 9857
0.2171, 9856
0.2181, 9855
0.2190, 9854
0.2198, 9853
0.2207, 9852
0.2216, 9851
0.2226, 9850
0.2234, 9849
0.2244, 9848
0.2253, 9847
0.2261, 9846
0.2270, 9845
0.2279, 9844
0.2289, 9843
0.2298, 9842
0.2307, 9841
0.2316, 9840
0.2325, 9839
0.2334, 9838
0.2343, 9837
0.2352, 9836
0.2361, 9835
0.2371, 9834
0.2380, 9833
0.2389, 9832
0.2398, 9831
0.2406, 9830
0.2416, 9829
0.2425, 9828
0.2434, 9827
0.2443, 9826
0.2452, 9825
0.2461, 9824
0.2470, 9823
0.2478, 9822
0.2487, 9821
0.2496, 9820
0.2505, 9819
0.2514, 9818
0.2523, 9817
0.2532, 9816
0.2540, 9815
0.2549, 9814
0.2558, 9813
0.2567, 9812
0.2575, 9811
0.2584, 9810
0.2593, 9809
0.2602, 9808
0.2611, 9807
0.2620, 9806
0.2628, 9805
0.2637, 9804
0.2646, 9803
0.2655, 9802
0.2664, 9801
0.2673, 9800
0.2682, 9799
0.2691, 9798
0.2700, 9797
0.2709, 9796
0.2718, 9795
0.2727, 9794
0.2736, 9793
0.2745, 9792
0.2754, 9791
0.2763, 9790
0.2771, 9789
0.2780, 9788
0.2789, 9787
0.2798, 9786
0.2808, 9785
0.2817, 9784
0.2825, 9783
0.2834, 9782
0.2843, 9781
0.2852, 9780
0.2860, 9779
0.2869, 9778
0.2878, 9777
0.2887, 9776
0.2895, 9775
0.2904, 9774
0.2913, 9773
0.2922, 9772
0.2931, 9771
0.2940, 9770
0.2949, 9769
0.2958, 9768
0.2967, 9767
0.2976, 9766
0.2985, 9765
0.2993, 9764
0.3003, 9763
0.3012, 9762
0.3020, 9761
0.3029, 9760
0.3037, 9759
0.3046, 9758
0.3055, 9757
0.3064, 9756
0.3072, 9755
0.3081, 9754
0.3090, 9753
0.3099, 9752
0.3107, 9751
0.3116, 9750
0.3125, 9749
0.3134, 9748
0.3142, 9747
0.3151, 9746
0.3160, 9745
0.3169, 9744
0.3178, 9743
0.3187, 9742
0.3195, 9741
0.3204, 9740
0.3213, 9739
0.3222, 9738
0.3230, 9737
0.3240, 9736
0.3249, 9735
0.3258, 9734
0.3266, 9733
0.3275, 9732
0.3284, 9731
0.3292, 9730
0.3301, 9729
0.3310, 9728
0.3319, 9727
0.3328, 9726
0.3337, 9725
0.3346, 9724
0.3354, 9723
0.3363, 9722
0.3372, 9721
0.3380, 9720
0.3389, 9719
0.3398, 9718
0.3407, 9717
0.3416, 9716
0.3424, 9715
0.3433, 9714
0.3441, 9713
0.3450, 9712
0.3459, 9711
0.3467, 9710
0.3476, 9709
0.3485, 9708
0.3494, 9707
0.3503, 9706
0.3511, 9705
0.3520, 9704
0.3529, 9703
0.3538, 9702
0.3546, 9701
0.3555, 9700
0.3563, 9699
0.3572, 9698
0.3581, 9697
0.3590, 9696
0.3599, 9695
0.3607, 9694
0.3616, 9693
0.3625, 9692
0.3634, 9691
0.3642, 9690
0.3652, 9689
0.3661, 9688
0.3669, 9687
0.3678, 9686
0.3687, 9685
0.3696, 9684
0.3705, 9683
0.3714, 9682
0.3723, 9681
0.3732, 9680
0.3740, 9679
0.3749, 9678
0.3758, 9677
0.3767, 9676
0.3775, 9675
0.3785, 9674
0.3794, 9673
0.3803, 9672
0.3812, 9671
0.3821, 9670
0.3829, 9669
0.3838, 9668
0.3846, 9667
0.3855, 9666
0.3864, 9665
0.3872, 9664
0.3881, 9663
0.3890, 9662
0.3899, 9661
0.3908, 9660
0.3917, 9659
0.3926, 9658
0.3935, 9657
0.3944, 9656
0.3952, 9655
0.3961, 9654
0.3970, 9653
0.3978, 9652
0.3987, 9651
0.3996, 9650
0.4005, 9649
0.4013, 9648
0.4022, 9647
0.4031, 9646
0.4040, 9645
0.4048, 9644
0.4057, 9643
0.4066, 9642
0.4076, 9641
0.4085, 9640
0.4094, 9639
0.4103, 9638
0.4112, 9637
0.4120, 9636
0.4129, 9635
0.4137, 9634
0.4146, 9633
0.4155, 9632
0.4163, 9631
0.4172, 9630
0.4181, 9629
0.4189, 9628
0.4198, 9627
0.4207, 9626
0.4215, 9625
0.4224, 9624
0.4233, 9623
0.4242, 9622
0.4250, 9621
0.4259, 9620
0.4268, 9619
0.4277, 9618
0.4285, 9617
0.4294, 9616
0.4303, 9615
0.4312, 9614
0.4321, 9613
0.4330, 9612
0.4338, 9611
0.4347, 9610
0.4356, 9609
0.4365, 9608
0.4374, 9607
0.4382, 9606
0.4391, 9605
0.4400, 9604
0.4408, 9603
0.4417, 9602
0.4425, 9601
0.4434, 9600
0.4443, 9599
0.4452, 9598
0.4460, 9597
0.4469, 9596
0.4478, 9595
0.4486, 9594
0.4495, 9593
0.4503, 9592
0.4512, 9591
0.4520, 9590
0.4530, 9589
0.4539, 9588
0.4547, 9587
0.4556, 9586
0.4564, 9585
0.4573, 9584
0.4582, 9583
0.4591, 9582
0.4600, 9581
0.4608, 9580
0.4617, 9579
0.4625, 9578
0.4634, 9577
0.4643, 9576
0.4651, 9575
0.4660, 9574
0.4669, 9573
0.4678, 9572
0.4686, 9571
0.4695, 9570
0.4704, 9569
0.4713, 9568
0.4721, 9567
0.4730, 9566
0.4738, 9565
0.4747, 9564
0.4756, 9563
0.4764, 9562
0.4773, 9561
0.4782, 9560
0.4791, 9559
0.4799, 9558
0.4808, 9557
0.4816, 9556
0.4825, 9555
0.4834, 9554
0.4843, 9553
0.4851, 9552
0.4860, 9551
0.4869, 9550
0.4877, 9549
0.4886, 9548
0.4894, 9547
0.4903, 9546
0.4912, 9545
0.4920, 9544
0.4929, 9543
0.4938, 9542
0.4946, 9541
0.4955, 9540
0.4964, 9539
0.4973, 9538
0.4982, 9537
0.4991, 9536
0.4999, 9535
0.5008, 9534
0.5017, 9533
0.5025, 9532
0.5034, 9531
0.5042, 9530
0.5051, 9529
0.5059, 9528
0.5068, 9527
0.5076, 9526
0.5085, 9525
0.5094, 9524
0.5102, 9523
0.5111, 9522
0.5119, 9521
0.5128, 9520
0.5136, 9519
0.5145, 9518
0.5153, 9517
0.5161, 9516
0.5169, 9515
0.5177, 9514
0.5185, 9513
0.5193, 9512
0.5202, 9511
0.5210, 9510
0.5219, 9509
0.5227, 9508
0.5235, 9507
0.5244, 9506
0.5252, 9505
0.5261, 9504
0.5269, 9503
0.5279, 9502
0.5289, 9501
0.5299, 9500
0.5309, 9499
0.5319, 9498
0.5330, 9497
0.5339, 9496
0.5350, 9495
0.5360, 9494
0.5370, 9493
0.5380, 9492
0.5390, 9491
0.5400, 9490
0.5410, 9489
0.5420, 9488
0.5430, 9487
0.5441, 9486
0.5450, 9485
0.5460, 9484
0.5470, 9483
0.5481, 9482
0.5491, 9481
0.5501, 9480
0.5511, 9479
0.5522, 9478
0.5532, 9477
0.5542, 9476
0.5552, 9475
0.5562, 9474
0.5573, 9473
0.5583, 9472
0.5593, 9471
0.5603, 9470
0.5613, 9469
0.5623, 9468
0.5633, 9467
0.5643, 9466
0.5653, 9465
0.5663, 9464
0.5673, 9463
0.5684, 9462
0.5694, 9461
0.5704, 9460
0.5714, 9459
0.5724, 9458
0.5734, 9457
0.5744, 9456
0.5754, 9455
0.5764, 9454
0.5775, 9453
0.5785, 9452
0.5795, 9451
0.5804, 9450
0.5815, 9449
0.5825, 9448
0.5835, 9447
0.5845, 9446
0.5855, 9445
0.5865, 9444
0.5875, 9443
0.5885, 9442
0.5895, 9441
0.5905, 9440
0.5915, 9439
0.5925, 9438
0.5935, 9437
0.5945, 9436
0.5955, 9435
0.5965, 9434
0.5975, 9433
0.5985, 9432
0.5995, 9431
0.6006, 9430
0.6016, 9429
0.6026, 9428
0.6036, 9427
0.6045, 9426
0.6055, 9425
0.6066, 9424
0.6075, 9423
0.6086, 9422
0.6096, 9421
0.6106, 9420
0.6116, 9419
0.6126, 9418
0.6136, 9417
0.6146, 9416
0.6156, 9415
0.6166, 9414
0.6176, 9413
0.6186, 9412
0.6196, 9411
0.6206, 9410
0.6217, 9409
0.6227, 9408
0.6237, 9407
0.6247, 9406
0.6257, 9405
0.6266, 9404
0.6276, 9403
0.6287, 9402
0.6297, 9401
0.6307, 9400
0.6317, 9399
0.6326, 9398
0.6336, 9397
0.6347, 9396
0.6357, 9395
0.6367, 9394
0.6377, 9393
0.6387, 9392
0.6396, 9391
0.6407, 9390
0.6417, 9389
0.6427, 9388
0.6436, 9387
0.6446, 9386
0.6456, 9385
0.6466, 9384
0.6476, 9383
0.6486, 9382
0.6496, 9381
0.6506, 9380
0.6516, 9379
0.6526, 9378
0.6536, 9377
0.6546, 9376
0.6556, 9375
0.6565, 9374
0.6575, 9373
0.6585, 9372
0.6595, 9371
0.6605, 9370
0.6615, 9369
0.6625, 9368
0.6635, 9367
0.6645, 9366
0.6654, 9365
0.6664, 9364
0.6674, 9363
0.6684, 9362
0.6694, 9361
0.6704, 9360
0.6714, 9359
0.6723, 9358
0.6733, 9357
0.6743, 9356
0.6753, 9355
0.6763, 9354
0.6773, 9353
0.6783, 9352
0.6793, 9351
0.6802, 9350
0.6812, 9349
0.6822, 9348
0.6832, 9347
0.6842, 9346
0.6852, 9345
0.6861, 9344
0.6871, 9343
0.6881, 9342
0.6891, 9341
0.6901, 9340
0.6911, 9339
0.6920, 9338
0.6930, 9337
0.6940, 9336
0.6949, 9335
0.6959, 9334
0.6969, 9333
0.6979, 9332
0.6989, 9331
0.6999, 9330
0.7008, 9329
0.7018, 9328
0.7028, 9327
0.7038, 9326
0.7048, 9325
0.7058, 9324
0.7067, 9323
0.7077, 9322
0.7087, 9321
0.7097, 9320
0.7106, 9319
0.7116, 9318
0.7126, 9317
0.7135, 9316
0.7145, 9315
0.7155, 9314
0.7164, 9313
0.7174, 9312
0.7184, 9311
0.7194, 9310
0.7204, 9309
0.7214, 9308
0.7223, 9307
0.7233, 9306
0.7243, 9305
0.7253, 9304
0.7262, 9303
0.7272, 9302
0.7282, 9301
0.7292, 9300
0.7301, 9299
0.7311, 9298
0.7321, 9297
0.7330, 9296
0.7340, 9295
0.7350, 9294
0.7359, 9293
0.7369, 9292
0.7379, 9291
0.7389, 9290
0.7399, 9289
0.7408, 9288
0.7418, 9287
0.7427, 9286
0.7437, 9285
0.7447, 9284
0.7457, 9283
0.7466, 9282
0.7476, 9281
0.7486, 9280
0.7495, 9279
0.7505, 9278
0.7514, 9277
0.7524, 9276
0.7534, 9275
0.7544, 9274
0.7553, 9273
0.7562, 9272
0.7572, 9271
0.7582, 9270
0.7592, 9269
0.7601, 9268
0.7611, 9267
0.7621, 9266
0.7630, 9265
0.7639, 9264
0.7649, 9263
0.7659, 9262
0.7668, 9261
0.7678, 9260
0.7688, 9259
0.7697, 9258
0.7707, 9257
0.7716, 9256
0.7726, 9255
0.7735, 9254
0.7745, 9253
0.7754, 9252
0.7764, 9251
0.7773, 9250
0.7783, 9249
0.7792, 9248
0.7802, 9247
0.7811, 9246
0.7821, 9245
0.7830, 9244
0.7840, 9243
0.7849, 9242
0.7859, 9241
0.7868, 9240
0.7878, 9239
0.7888, 9238
0.7897, 9237
0.7906, 9236
0.7916, 9235
0.7925, 9234
0.7935, 9233
0.7945, 9232
0.7955, 9231
0.7964, 9230
0.7974, 9229
0.7984, 9228
0.7994, 9227
0.8004, 9226
0.8014, 9225
0.8023, 9224
0.8033, 9223
0.8042, 9222
0.8051, 9221
0.8061, 9220
0.8071, 9219
0.8080, 9218
0.8090, 9217
0.8100, 9216
0.8109, 9215
0.8119, 9214
0.8128, 9213
0.8138, 9212
0.8147, 9211
0.8157, 9210
0.8166, 9209
0.8176, 9208
0.8185, 9207
0.8195, 9206
0.8204, 9205
0.8214, 9204
0.8224, 9203
0.8233, 9202
0.8243, 9201
0.8252, 9200
0.8262, 9199
0.8271, 9198
0.8280, 9197
0.8290, 9196
0.8300, 9195
0.8309, 9194
0.8319, 9193
0.8328, 9192
0.8337, 9191
0.8347, 9190
0.8356, 9189
0.8365, 9188
0.8375, 9187
0.8384, 9186
0.8394, 9185
0.8404, 9184
0.8413, 9183
0.8422, 9182
0.8431, 9181
0.8441, 9180
0.8450, 9179
0.8459, 9178
0.8469, 9177
0.8478, 9176
0.8488, 9175
0.8497, 9174
0.8507, 9173
0.8516, 9172
0.8525, 9171
0.8535, 9170
0.8544, 9169
0.8553, 9168
0.8563, 9167
0.8572, 9166
0.8581, 9165
0.8591, 9164
0.8600, 9163
0.8610, 9162
0.8619, 9161
0.8629, 9160
0.8638, 9159
0.8647, 9158
0.8657, 9157
0.8666, 9156
0.8675, 9155
0.8684, 9154
0.8693, 9153
0.8703, 9152
0.8712, 9151
0.8722, 9150
0.8731, 9149
0.8740, 9148
0.8750, 9147
0.8759, 9146
0.8768, 9145
0.8777, 9144
0.8786, 9143
0.8796, 9142
0.8805, 9141
0.8814, 9140
0.8823, 9139
0.8833, 9138
0.8842, 9137
0.8852, 9136
0.8861, 9135
0.8870, 9134
0.8880, 9133
0.8889, 9132
0.8898, 9131
0.8907, 9130
0.8917, 9129
0.8926, 9128
0.8936, 9127
0.8945, 9126
0.8955, 9125
0.8964, 9124
0.8973, 9123
0.8983, 9122
0.8992, 9121
0.9002, 9120
0.9011, 9119
0.9020, 9118
0.9030, 9117
0.9039, 9116
0.9048, 9115
0.9057, 9114
0.9067, 9113
0.9076, 9112
0.9085, 9111
0.9095, 9110
0.9104, 9109
0.9113, 9108
0.9122, 9107
0.9131, 9106
0.9140, 9105
0.9150, 9104
0.9159, 9103
0.9168, 9102
0.9177, 9101
0.9187, 9100
0.9196, 9099
0.9205, 9098
0.9215, 9097
0.9224, 9096
0.9233, 9095
0.9242, 9094
0.9251, 9093
0.9261, 9092
0.9270, 9091
0.9279, 9090
0.9288, 9089
0.9297, 9088
0.9306, 9087
0.9315, 9086
0.9325, 9085
0.9334, 9084
0.9344, 9083
0.9353, 9082
0.9362, 9081
0.9371, 9080
0.9380, 9079
0.9389, 9078
0.9399, 9077
0.9408, 9076
0.9417, 9075
0.9426, 9074
0.9435, 9073
0.9445, 9072
0.9454, 9071
0.9463, 9070
0.9473, 9069
0.9482, 9068
0.9492, 9067
0.9501, 9066
0.9510, 9065
0.9519, 9064
0.9528, 9063
0.9537, 9062
0.9547, 9061
0.9556, 9060
0.9565, 9059
0.9575, 9058
0.9584, 9057
0.9593, 9056
0.9602, 9055
0.9611, 9054
0.9621, 9053
0.9630, 9052
0.9640, 9051
0.9649, 9050
0.9658, 9049
0.9668, 9048
0.9677, 9047
0.9686, 9046
0.9696, 9045
0.9705, 9044
0.9715, 9043
0.9724, 9042
0.9733, 9041
0.9742, 9040
0.9752, 9039
0.9761, 9038
0.9770, 9037
0.9779, 9036
0.9788, 9035
0.9797, 9034
0.9807, 9033
0.9816, 9032
0.9826, 9031
0.9835, 9030
0.9844, 9029
0.9854, 9028
0.9863, 9027
0.9872, 9026
0.9882, 9025
0.9891, 9024
0.9901, 9023
0.9910, 9022
0.9919, 9021
0.9928, 9020
0.9938, 9019
0.9947, 9018
0.9957, 9017
0.9966, 9016
0.9976, 9015
0.9985, 9014
0.9994, 9013
1.0003, 9012
1.0013, 9011
1.0022, 9010
1.0031, 9009
1.0041, 9008
1.0050, 9007
1.0059, 9006
1.0068, 9005
1.0077, 9004
1.0086, 9003
1.0096, 9002
1.0105, 9001
1.0114, 9000
1.0123, 8999
1.0132, 8998
1.0141, 8997
1.0150, 8996
1.0159, 8995
1.0168, 8994
1.0178, 8993
1.0187, 8992
1.0196, 8991
1.0205, 8990
1.0214, 8989
1.0224, 8988
1.0233, 8987
1.0242, 8986
1.0251, 8985
1.0260, 8984
1.0270, 8983
1.0279, 8982
1.0288, 8981
1.0297, 8980
1.0306, 8979
1.0315, 8978
1.0325, 8977
1.0334, 8976
1.0343, 8975
1.0352, 8974
1.0361, 8973
1.0370, 8972
1.0379, 8971
1.0388, 8970
1.0398, 8969
1.0407, 8968
1.0416, 8967
1.0425, 8966
1.0434, 8965
1.0443, 8964
1.0452, 8963
1.0461, 8962
1.0471, 8961
1.0480, 8960
1.0489, 8959
1.0498, 8958
1.0507, 8957
1.0516, 8956
1.0526, 8955
1.0535, 8954
1.0544, 8953
1.0553, 8952
1.0562, 8951
1.0572, 8950
1.0581, 8949
1.0590, 8948
1.0599, 8947
1.0608, 8946
1.0618, 8945
1.0627, 8944
1.0635, 8943
1.0645, 8942
1.0654, 8941
1.0663, 8940
1.0672, 8939
1.0682, 8938
1.0691, 8937
1.0701, 8936
1.0710, 8935
1.0719, 8934
1.0728, 8933
1.0737, 8932
1.0746, 8931
1.0755, 8930
1.0764, 8929
1.0773, 8928
1.0782, 8927
1.0792, 8926
1.0801, 8925
1.0810, 8924
1.0819, 8923
1.0828, 8922
1.0837, 8921
1.0846, 8920
1.0855, 8919
1.0864, 8918
1.0873, 8917
1.0882, 8916
1.0891, 8915
1.0900, 8914
1.0909, 8913
1.0918, 8912
1.0927, 8911
1.0936, 8910
1.0945, 8909
1.0954, 8908
1.0963, 8907
1.0972, 8906
1.0981, 8905
1.0990, 8904
1.0999, 8903
1.1009, 8902
1.1018, 8901
1.1027, 8900
1.1036, 8899
1.1046, 8898
1.1055, 8897
1.1064, 8896
1.1073, 8895
1.1083, 8894
1.1092, 8893
1.1101, 8892
1.1110, 8891
1.1119, 8890
1.1128, 8889
1.1136, 8888
1.1145, 8887
1.1154, 8886
1.1164, 8885
1.1173, 8884
1.1182, 8883
1.1191, 8882
1.1200, 8881
1.1209, 8880
1.1218, 8879
1.1227, 8878
1.1236, 8877
1.1244, 8876
1.1253, 8875
1.1262, 8874
1.1271, 8873
1.1280, 8872
1.1289, 8871
1.1298, 8870
1.1306, 8869
1.1315, 8868
1.1324, 8867
1.1333, 8866
1.1342, 8865
1.1350, 8864
1.1359, 8863
1.1368, 8862
1.1377, 8861
1.1385, 8860
1.1394, 8859
1.1403, 8858
1.1412, 8857
1.1421, 8856
1.1430, 8855
1.1438, 8854
1.1447, 8853
1.1456, 8852
1.1465, 8851
1.1474, 8850
1.1483, 8849
1.1491, 8848
1.1500, 8847
1.1509, 8846
1.1518, 8845
1.1527, 8844
1.1536, 8843
1.1544, 8842
1.1553, 8841
1.1562, 8840
1.1571, 8839
1.1580, 8838
1.1588, 8837
1.1597, 8836
1.1606, 8835
1.1615, 8834
1.1624, 8833
1.1633, 8832
1.1641, 8831
1.1650, 8830
1.1659, 8829
1.1667, 8828
1.1676, 8827
1.1685, 8826
1.1694, 8825
1.1702, 8824
1.1711, 8823
1.1720, 8822
1.1728, 8821
1.1737, 8820
1.1746, 8819
1.1754, 8818
1.1763, 8817
1.1772, 8816
1.1781, 8815
1.1789, 8814
1.1798, 8813
1.1807, 8812
1.1815, 8811
1.1824, 8810
1.1833, 8809
1.1841, 8808
1.1850, 8807
1.1859, 8806
1.1867, 8805
1.1876, 8804
1.1884, 8803
1.1893, 8802
1.1902, 8801
1.1911, 8800
1.1920, 8799
1.1928, 8798
1.1937, 8797
1.1946, 8796
1.1954, 8795
1.1963, 8794
1.1972, 8793
1.1980, 8792
1.1990, 8791
1.1998, 8790
1.2007, 8789
1.2015, 8788
1.2024, 8787
1.2033, 8786
1.2041, 8785
1.2050, 8784
1.2059, 8783
1.2067, 8782
1.2076, 8781
1.2084, 8780
1.2093, 8779
1.2102, 8778
1.2110, 8777
1.2119, 8776
1.2127, 8775
1.2136, 8774
1.2144, 8773
1.2154, 8772
1.2162, 8771
1.2171, 8770
1.2180, 8769
1.2189, 8768
1.2197, 8767
1.2206, 8766
1.2214, 8765
1.2223, 8764
1.2231, 8763
1.2240, 8762
1.2249, 8761
1.2257, 8760
1.2266, 8759
1.2274, 8758
1.2283, 8757
1.2291, 8756
1.2300, 8755
1.2309, 8754
1.2317, 8753
1.2325, 8752
1.2334, 8751
1.2342, 8750
1.2351, 8749
1.2359, 8748
1.2368, 8747
1.2376, 8746
1.2385, 8745
1.2393, 8744
1.2402, 8743
1.2411, 8742
1.2419, 8741
1.2428, 8740
1.2437, 8739
1.2446, 8738
1.2454, 8737
1.2463, 8736
1.2471, 8735
1.2480, 8734
1.2489, 8733
1.2497, 8732
1.2506, 8731
1.2514, 8730
1.2522, 8729
1.2531, 8728
1.2539, 8727
1.2548, 8726
1.2556, 8725
1.2565, 8724
1.2573, 8723
1.2582, 8722
1.2590, 8721
1.2599, 8720
1.2607, 8719
1.2616, 8718
1.2624, 8717
1.2633, 8716
1.2641, 8715
1.2649, 8714
1.2658, 8713
1.2666, 8712
1.2675, 8711
1.2683, 8710
1.2692, 8709
1.2700, 8708
1.2709, 8707
1.2717, 8706
1.2726, 8705
1.2734, 8704
1.2742, 8703
1.2751, 8702
1.2759, 8701
1.2768, 8700
1.2776, 8699
1.2785, 8698
1.2793, 8697
1.2801, 8696
1.2810, 8695
1.2818, 8694
1.2826, 8693
1.2835, 8692
1.2843, 8691
1.2852, 8690
1.2860, 8689
1.2869, 8688
1.2877, 8687
1.2885, 8686
1.2894, 8685
1.2902, 8684
1.2911, 8683
1.2919, 8682
1.2928, 8681
1.2936, 8680
1.2944, 8679
1.2953, 8678
1.2961, 8677
1.2970, 8676
1.2978, 8675
1.2986, 8674
1.2995, 8673
1.3003, 8672
1.3012, 8671
1.3020, 8670
1.3028, 8669
1.3037, 8668
1.3045, 8667
1.3054, 8666
1.3062, 8665
1.3070, 8664
1.3079, 8663
1.3087, 8662
1.3095, 8661
1.3103, 8660
1.3112, 8659
1.3120, 8658
1.3128, 8657
1.3137, 8656
1.3145, 8655
1.3153, 8654
1.3161, 8653
1.3170, 8652
1.3178, 8651
1.3186, 8650
1.3195, 8649
1.3203, 8648
1.3211, 8647
1.3219, 8646
1.3228, 8645
1.3236, 8644
1.3244, 8643
1.3252, 8642
1.3261, 8641
1.3269, 8640
1.3278, 8639
1.3286, 8638
1.3294, 8637
1.3303, 8636
1.3311, 8635
1.3319, 8634
1.3328, 8633
1.3337, 8632
1.3345, 8631
1.3354, 8630
1.3362, 8629
1.3370, 8628
1.3378, 8627
1.3387, 8626
1.3395, 8625
1.3404, 8624
1.3412, 8623
1.3420, 8622
1.3429, 8621
1.3437, 8620
1.3445, 8619
1.3453, 8618
1.3462, 8617
1.3470, 8616
1.3478, 8615
1.3486, 8614
1.3495, 8613
1.3503, 8612
1.3511, 8611
1.3519, 8610
1.3528, 8609
1.3536, 8608
1.3544, 8607
1.3552, 8606
1.3561, 8605
1.3569, 8604
1.3577, 8603
1.3585, 8602
1.3592, 8601
1.3599, 8600
1.3606, 8599
1.3614, 8598
1.3621, 8597
1.3629, 8596
1.3636, 8595
1.3643, 8594
1.3650, 8593
1.3658, 8592
1.3665, 8591
1.3672, 8590
1.3680, 8589
1.3687, 8588
1.3694, 8587
1.3701, 8586
1.3709, 8585
1.3717, 8584
1.3724, 8583
1.3731, 8582
1.3739, 8581
1.3746, 8580
1.3753, 8579
1.3760, 8578
1.3767, 8577
1.3775, 8576
1.3782, 8575
1.3790, 8574
1.3797, 8573
1.3804, 8572
1.3812, 8571
1.3819, 8570
1.3826, 8569
1.3834, 8568
1.3841, 8567
1.3848, 8566
1.3856, 8565
1.3863, 8564
1.3870, 8563
1.3877, 8562
1.3884, 8561
1.3892, 8560
1.3899, 8559
1.3906, 8558
1.3914, 8557
1.3921, 8556
1.3928, 8555
1.3935, 8554
1.3943, 8553
1.3950, 8552
1.3957, 8551
1.3964, 8550
1.3972, 8549
1.3979, 8548
1.3986, 8547
1.3994, 8546
1.4001, 8545
1.4008, 8544
1.4015, 8543
1.4022, 8542
1.4030, 8541
1.4037, 8540
1.4044, 8539
1.4051, 8538
1.4059, 8537
1.4066, 8536
1.4073, 8535
1.4081, 8534
1.4088, 8533
1.4095, 8532
1.4102, 8531
1.4109, 8530
1.4117, 8529
1.4124, 8528
1.4131, 8527
1.4138, 8526
1.4145, 8525
1.4153, 8524
1.4160, 8523
1.4167, 8522
1.4174, 8521
1.4182, 8520
1.4189, 8519
1.4196, 8518
1.4203, 8517
1.4210, 8516
1.4218, 8515
1.4225, 8514
1.4232, 8513
1.4240, 8512
1.4247, 8511
1.4254, 8510
1.4261, 8509
1.4269, 8508
1.4276, 8507
1.4283, 8506
1.4290, 8505
1.4297, 8504
1.4305, 8503
1.4312, 8502
1.4319, 8501
1.4326, 8500
1.4334, 8499
1.4341, 8498
1.4348, 8497
1.4355, 8496
1.4362, 8495
1.4370, 8494
1.4377, 8493
1.4384, 8492
1.4392, 8491
1.4399, 8490
1.4406, 8489
1.4414, 8488
1.4421, 8487
1.4428, 8486
1.4435, 8485
1.4443, 8484
1.4450, 8483
1.4457, 8482
1.4464, 8481
1.4471, 8480
1.4478, 8479
1.4486, 8478
1.4493, 8477
1.4500, 8476
1.4507, 8475
1.4515, 8474
1.4522, 8473
1.4529, 8472
1.4537, 8471
1.4544, 8470
1.4551, 8469
1.4559, 8468
1.4566, 8467
1.4573, 8466
1.4580, 8465
1.4588, 8464
1.4595, 8463
1.4602, 8462
1.4610, 8461
1.4618, 8460
1.4625, 8459
1.4632, 8458
1.4639, 8457
1.4647, 8456
1.4654, 8455
1.4661, 8454
1.4668, 8453
1.4676, 8452
1.4683, 8451
1.4690, 8450
1.4698, 8449
1.4706, 8448
1.4713, 8447
1.4720, 8446
1.4728, 8445
1.4735, 8444
1.4742, 8443
1.4749, 8442
1.4757, 8441
1.4764, 8440
1.4771, 8439
1.4778, 8438
1.4785, 8437
1.4793, 8436
1.4800, 8435
1.4807, 8434
1.4814, 8433
1.4821, 8432
1.4829, 8431
1.4836, 8430
1.4843, 8429
1.4851, 8428
1.4858, 8427
1.4865, 8426
1.4873, 8425
1.4880, 8424
1.4887, 8423
1.4894, 8422
1.4902, 8421
1.4909, 8420
1.4916, 8419
1.4924, 8418
1.4931, 8417
1.4938, 8416
1.4945, 8415
1.4952, 8414
1.4960, 8413
1.4967, 8412
1.4974, 8411
1.4982, 8410
1.4989, 8409
1.4996, 8408
1.5003, 8407
1.5010, 8406
1.5018, 8405
1.5025, 8404
1.5032, 8403
1.5040, 8402
1.5047, 8401
1.5054, 8400
1.5061, 8399
1.5068, 8398
1.5076, 8397
1.5083, 8396
1.5090, 8395
1.5097, 8394
1.5105, 8393
1.5112, 8392
1.5119, 8391
1.5126, 8390
1.5134, 8389
1.5141, 8388
1.5148, 8387
1.5155, 8386
1.5163, 8385
1.5170, 8384
1.5177, 8383
1.5185, 8382
1.5192, 8381
1.5199, 8380
1.5206, 8379
1.5213, 8378
1.5220, 8377
1.5228, 8376
1.5235, 8375
1.5242, 8374
1.5250, 8373
1.5257, 8372
1.5264, 8371
1.5271, 8370
1.5278, 8369
1.5286, 8368
1.5293, 8367
1.5300, 8366
1.5307, 8365
1.5314, 8364
1.5322, 8363
1.5329, 8362
1.5336, 8361
1.5343, 8360
1.5350, 8359
1.5357, 8358
1.5365, 8357
1.5372, 8356
1.5379, 8355
1.5386, 8354
1.5394, 8353
1.5401, 8352
1.5408, 8351
1.5415, 8350
1.5423, 8349
1.5430, 8348
1.5437, 8347
1.5444, 8346
1.5451, 8345
1.5458, 8344
1.5465, 8343
1.5473, 8342
1.5480, 8341
1.5487, 8340
1.5494, 8339
1.5501, 8338
1.5509, 8337
1.5516, 8336
1.5523, 8335
1.5530, 8334
1.5537, 8333
1.5544, 8332
1.5551, 8331
1.5558, 8330
1.5565, 8329
1.5573, 8328
1.5580, 8327
1.5587, 8326
1.5594, 8325
1.5601, 8324
1.5608, 8323
1.5616, 8322
1.5623, 8321
1.5630, 8320
1.5637, 8319
1.5644, 8318
1.5651, 8317
1.5659, 8316
1.5666, 8315
1.5673, 8314
1.5680, 8313
1.5688, 8312
1.5695, 8311
1.5702, 8310
1.5709, 8309
1.5716, 8308
1.5724, 8307
1.5731, 8306
1.5739, 8305
1.5746, 8304
1.5753, 8303
1.5761, 8302
1.5768, 8301
1.5775, 8300
1.5782, 8299
1.5789, 8298
1.5796, 8297
1.5803, 8296
1.5810, 8295
1.5818, 8294
1.5825, 8293
1.5832, 8292
1.5839, 8291
1.5846, 8290
1.5853, 8289
1.5861, 8288
1.5868, 8287
1.5875, 8286
1.5882, 8285
1.5889, 8284
1.5896, 8283
1.5904, 8282
1.5911, 8281
1.5918, 8280
1.5925, 8279
1.5932, 8278
1.5939, 8277
1.5947, 8276
1.5954, 8275
1.5961, 8274
1.5968, 8273
1.5975, 8272
1.5982, 8271
1.5990, 8270
1.5997, 8269
1.6004, 8268
1.6011, 8267
1.6019, 8266
1.6026, 8265
1.6033, 8264
1.6040, 8263
1.6048, 8262
1.6055, 8261
1.6063, 8260
1.6070, 8259
1.6077, 8258
1.6084, 8257
1.6092, 8256
1.6099, 8255
1.6106, 8254
1.6113, 8253
1.6120, 8252
1.6127, 8251
1.6134, 8250
1.6141, 8249
1.6149, 8248
1.6156, 8247
1.6163, 8246
1.6170, 8245
1.6178, 8244
1.6185, 8243
1.6192, 8242
1.6199, 8241
1.6206, 8240
1.6213, 8239
1.6220, 8238
1.6227, 8237
1.6234, 8236
1.6241, 8235
1.6249, 8234
1.6255, 8233
1.6263, 8232
1.6270, 8231
1.6277, 8230
1.6284, 8229
1.6291, 8228
1.6298, 8227
1.6305, 8226
1.6312, 8225
1.6319, 8224
1.6326, 8223
1.6333, 8222
1.6340, 8221
1.6347, 8220
1.6354, 8219
1.6361, 8218
1.6369, 8217
1.6376, 8216
1.6383, 8215
1.6390, 8214
1.6397, 8213
1.6404, 8212
1.6411, 8211
1.6418, 8210
1.6425, 8209
1.6432, 8208
1.6439, 8207
1.6446, 8206
1.6453, 8205
1.6461, 8204
1.6468, 8203
1.6475, 8202
1.6482, 8201
1.6489, 8200
1.6496, 8199
1.6503, 8198
1.6510, 8197
1.6517, 8196
1.6524, 8195
1.6532, 8194
1.6539, 8193
1.6546, 8192
1.6553, 8191
1.6560, 8190
1.6567, 8189
1.6574, 8188
1.6581, 8187
1.6588, 8186
1.6595, 8185
1.6602, 8184
1.6610, 8183
1.6617, 8182
1.6624, 8181
1.6631, 8180
1.6638, 8179
1.6645, 8178
1.6652, 8177
1.6659, 8176
1.6666, 8175
1.6673, 8174
1.6680, 8173
1.6688, 8172
1.6695, 8171
1.6702, 8170
1.6709, 8169
1.6716, 8168
1.6723, 8167
1.6730, 8166
1.6737, 8165
1.6744, 8164
1.6751, 8163
1.6758, 8162
1.6765, 8161
1.6772, 8160
1.6779, 8159
1.6786, 8158
1.6793, 8157
1.6800, 8156
1.6807, 8155
1.6814, 8154
1.6822, 8153
1.6829, 8152
1.6836, 8151
1.6844, 8150
1.6851, 8149
1.6858, 8148
1.6866, 8147
1.6873, 8146
1.6881, 8145
1.6888, 8144
1.6896, 8143
1.6903, 8142
1.6911, 8141
1.6918, 8140
1.6925, 8139
1.6933, 8138
1.6940, 8137
1.6947, 8136
1.6955, 8135
1.6962, 8134
1.6969, 8133
1.6976, 8132
1.6984, 8131
1.6992, 8130
1.7000, 8129
1.7007, 8128
1.7014, 8127
1.7022, 8126
1.7029, 8125
1.7037, 8124
1.7044, 8123
1.7052, 8122
1.7059, 8121
1.7066, 8120
1.7074, 8119
1.7081, 8118
1.7089, 8117
1.7096, 8116
1.7104, 8115
1.7111, 8114
1.7118, 8113
1.7126, 8112
1.7134, 8111
1.7141, 8110
1.7148, 8109
1.7155, 8108
1.7163, 8107
1.7170, 8106
1.7177, 8105
1.7184, 8104
1.7191, 8103
1.7198, 8102
1.7205, 8101
1.7212, 8100
1.7219, 8099
1.7226, 8098
1.7234, 8097
1.7241, 8096
1.7248, 8095
1.7255, 8094
1.7262, 8093
1.7269, 8092
1.7277, 8091
1.7284, 8090
1.7291, 8089
1.7298, 8088
1.7305, 8087
1.7312, 8086
1.7319, 8085
1.7326, 8084
1.7333, 8083
1.7340, 8082
1.7347, 8081
1.7354, 8080
1.7361, 8079
1.7368, 8078
1.7376, 8077
1.7383, 8076
1.7390, 8075
1.7397, 8074
1.7404, 8073
1.7411, 8072
1.7418, 8071
1.7426, 8070
1.7433, 8069
1.7440, 8068
1.7447, 8067
1.7454, 8066
1.7461, 8065
1.7468, 8064
1.7475, 8063
1.7482, 8062
1.7489, 8061
1.7496, 8060
1.7503, 8059
1.7510, 8058
1.7517, 8057
1.7524, 8056
1.7531, 8055
1.7538, 8054
1.7545, 8053
1.7552, 8052
1.7559, 8051
1.7566, 8050
1.7574, 8049
1.7581, 8048
1.7588, 8047
1.7595, 8046
1.7602, 8045
1.7609, 8044
1.7616, 8043
1.7623, 8042
1.7630, 8041
1.7638, 8040
1.7645, 8039
1.7652, 8038
1.7659, 8037
1.7666, 8036
1.7673, 8035
1.7680, 8034
1.7688, 8033
1.7695, 8032
1.7702, 8031
1.7709, 8030
1.7716, 8029
1.7723, 8028
1.7730, 8027
1.7737, 8026
1.7744, 8025
1.7751, 8024
1.7758, 8023
1.7765, 8022
1.7772, 8021
1.7779, 8020
1.7786, 8019
1.7793, 8018
1.7800, 8017
1.7807, 8016
1.7814, 8015
1.7821, 8014
1.7828, 8013
1.7834, 8012
1.7841, 8011
1.7848, 8010
1.7855, 8009
1.7862, 8008
1.7869, 8007
1.7876, 8006
1.7883, 8005
1.7890, 8004
1.7896, 8003
1.7903, 8002
1.7911, 8001
1.7917, 8000
1.7924, 7999
1.7931, 7998
1.7938, 7997
1.7945, 7996
1.7952, 7995
1.7959, 7994
1.7966, 7993
1.7973, 7992
1.7980, 7991
1.7987, 7990
1.7994, 7989
1.8001, 7988
1.8008, 7987
1.8015, 7986
1.8021, 7985
1.8028, 7984
1.8035, 7983
1.8042, 7982
1.8049, 7981
1.8056, 7980
1.8063, 7979
1.8070, 7978
1.8077, 7977
1.8084, 7976
1.8091, 7975
1.8098, 7974
1.8104, 7973
1.8111, 7972
1.8118, 7971
1.8125, 7970
1.8132, 7969
1.8138, 7968
1.8146, 7967
1.8153, 7966
1.8160, 7965
1.8167, 7964
1.8174, 7963
1.8180, 7962
1.8187, 7961
1.8194, 7960
1.8201, 7959
1.8208, 7958
1.8215, 7957
1.8222, 7956
1.8229, 7955
1.8235, 7954
1.8242, 7953
1.8249, 7952
1.8256, 7951
1.8263, 7950
1.8270, 7949
1.8277, 7948
1.8284, 7947
1.8291, 7946
1.8297, 7945
1.8304, 7944
1.8311, 7943
1.8318, 7942
1.8325, 7941
1.8332, 7940
1.8339, 7939
1.8346, 7938
1.8353, 7937
1.8360, 7936
1.8367, 7935
1.8374, 7934
1.8381, 7933
1.8388, 7932
1.8394, 7931
1.8401, 7930
1.8408, 7929
1.8415, 7928
1.8422, 7927
1.8429, 7926
1.8436, 7925
1.8443, 7924
1.8450, 7923
1.8456, 7922
1.8463, 7921
1.8470, 7920
1.8477, 7919
1.8483, 7918
1.8490, 7917
1.8497, 7916
1.8504, 7915
1.8511, 7914
1.8517, 7913
1.8524, 7912
1.8531, 7911
1.8538, 7910
1.8545, 7909
1.8552, 7908
1.8558, 7907
1.8565, 7906
1.8572, 7905
1.8579, 7904
1.8586, 7903
1.8592, 7902
1.8599, 7901
1.8606, 7900
1.8613, 7899
1.8620, 7898
1.8627, 7897
1.8634, 7896
1.8641, 7895
1.8647, 7894
1.8654, 7893
1.8661, 7892
1.8667, 7891
1.8674, 7890
1.8681, 7889
1.8688, 7888
1.8695, 7887
1.8701, 7886
1.8708, 7885
1.8715, 7884
1.8722, 7883
1.8728, 7882
1.8735, 7881
1.8742, 7880
1.8749, 7879
1.8756, 7878
1.8763, 7877
1.8769, 7876
1.8776, 7875
1.8783, 7874
1.8790, 7873
1.8797, 7872
1.8807, 7871
1.8817, 7870
1.8828, 7869
1.8839, 7868
1.8849, 7867
1.8862, 7866
1.8874, 7865
1.8886, 7864
1.8897, 7863
1.8907, 7862
1.8915, 7861
1.8926, 7860
1.8935, 7859
1.8946, 7858
1.8954, 7857
1.8964, 7856
1.8974, 7855
1.8987, 7854
1.8998, 7853
1.9012, 7852
1.9021, 7851
1.9031, 7850
1.9041, 7849
1.9054, 7848
1.9065, 7847
1.9074, 7846
1.9084, 7845
1.9095, 7844
1.9105, 7843
1.9115, 7842
1.9125, 7841
1.9134, 7840
1.9144, 7839
1.9156, 7838
1.9165, 7837
1.9176, 7836
1.9186, 7835
1.9195, 7834
1.9204, 7833
1.9217, 7832
1.9227, 7831
1.9237, 7830
1.9246, 7829
1.9255, 7828
1.9266, 7827
1.9276, 7826
1.9286, 7825
1.9295, 7824
1.9306, 7823
1.9315, 7822
1.9325, 7821
1.9335, 7820
1.9346, 7819
1.9356, 7818
1.9367, 7817
1.9377, 7816
1.9386, 7815
1.9396, 7814
1.9407, 7813
1.9417, 7812
1.9427, 7811
1.9437, 7810
1.9446, 7809
1.9455, 7808
1.9465, 7807
1.9475, 7806
1.9485, 7805
1.9495, 7804
1.9505, 7803
1.9514, 7802
1.9525, 7801
1.9535, 7800
1.9546, 7799
1.9556, 7798
1.9567, 7797
1.9577, 7796
1.9588, 7795
1.9598, 7794
1.9608, 7793
1.9619, 7792
1.9629, 7791
1.9640, 7790
1.9649, 7789
1.9660, 7788
1.9670, 7787
1.9680, 7786
1.9690, 7785
1.9700, 7784
1.9709, 7783
1.9718, 7782
1.9729, 7781
1.9740, 7780
1.9750, 7779
1.9761, 7778
1.9771, 7777
1.9781, 7776
1.9791, 7775
1.9802, 7774
1.9812, 7773
1.9822, 7772
1.9832, 7771
1.9843, 7770
1.9853, 7769
1.9863, 7768
1.9874, 7767
1.9884, 7766
1.9895, 7765
1.9906, 7764
1.9917, 7763
1.9927, 7762
1.9938, 7761
1.9949, 7760
1.9959, 7759
1.9970, 7758
1.9980, 7757
1.9991, 7756
2.0001, 7755
2.0011, 7754
2.0022, 7753
2.0033, 7752
2.0043, 7751
2.0054, 7750
2.0064, 7749
2.0075, 7748
2.0086, 7747
2.0096, 7746
2.0107, 7745
2.0117, 7744
2.0127, 7743
2.0136, 7742
2.0147, 7741
2.0158, 7740
2.0168, 7739
2.0178, 7738
2.0188, 7737
2.0198, 7736
2.0208, 7735
2.0219, 7734
2.0228, 7733
2.0238, 7732
2.0248, 7731
2.0258, 7730
2.0269, 7729
2.0279, 7728
2.0289, 7727
2.0298, 7726
2.0310, 7725
2.0321, 7724
2.0332, 7723
2.0341, 7722
2.0352, 7721
2.0363, 7720
2.0374, 7719
2.0385, 7718
2.0395, 7717
2.0406, 7716
2.0416, 7715
2.0427, 7714
2.0438, 7713
2.0449, 7712
2.0458, 7711
2.0468, 7710
2.0478, 7709
2.0487, 7708
2.0496, 7707
2.0506, 7706
2.0515, 7705
2.0526, 7704
2.0535, 7703
2.0543, 7702
2.0552, 7701
2.0562, 7700
2.0571, 7699
2.0580, 7698
2.0589, 7697
2.0599, 7696
2.0609, 7695
2.0618, 7694
2.0628, 7693
2.0637, 7692
2.0647, 7691
2.0656, 7690
2.0666, 7689
2.0675, 7688
2.0684, 7687
2.0694, 7686
2.0703, 7685
2.0713, 7684
2.0721, 7683
2.0729, 7682
2.0739, 7681
2.0749, 7680
2.0758, 7679
2.0768, 7678
2.0777, 7677
2.0785, 7676
2.0793, 7675
2.0802, 7674
2.0811, 7673
2.0820, 7672
2.0830, 7671
2.0840, 7670
2.0849, 7669
2.0858, 7668
2.0868, 7667
2.0877, 7666
2.0887, 7665
2.0897, 7664
2.0907, 7663
2.0916, 7662
2.0925, 7661
2.0935, 7660
2.0946, 7659
2.0957, 7658
2.0969, 7657
2.0979, 7656
2.0990, 7655
2.1001, 7654
2.1013, 7653
2.1023, 7652
2.1034, 7651
2.1045, 7650
2.1057, 7649
2.1066, 7648
2.1075, 7647
2.1085, 7646
2.1096, 7645
2.1107, 7644
2.1118, 7643
2.1129, 7642
2.1140, 7641
2.1150, 7640
2.1161, 7639
2.1171, 7638
2.1183, 7637
2.1195, 7636
2.1207, 7635
2.1219, 7634
2.1231, 7633
2.1243, 7632
2.1255, 7631
2.1266, 7630
2.1277, 7629
2.1289, 7628
2.1301, 7627
2.1314, 7626
2.1326, 7625
2.1338, 7624
2.1350, 7623
2.1362, 7622
2.1374, 7621
2.1386, 7620
2.1399, 7619
2.1411, 7618
2.1423, 7617
2.1434, 7616
2.1446, 7615
2.1458, 7614
2.1468, 7613
2.1479, 7612
2.1489, 7611
2.1499, 7610
2.1510, 7609
2.1522, 7608
2.1534, 7607
2.1545, 7606
2.1557, 7605
2.1570, 7604
2.1581, 7603
2.1593, 7602
2.1604, 7601
2.1615, 7600
2.1627, 7599
2.1640, 7598
2.1649, 7597
2.1662, 7596
2.1673, 7595
2.1684, 7594
2.1697, 7593
2.1708, 7592
2.1719, 7591
2.1731, 7590
2.1743, 7589
2.1755, 7588
2.1767, 7587
2.1779, 7586
2.1791, 7585
2.1804, 7584
2.1816, 7583
2.1829, 7582
2.1840, 7581
2.1852, 7580
2.1863, 7579
2.1875, 7578
2.1887, 7577
2.1898, 7576
2.1910, 7575
2.1923, 7574
2.1935, 7573
2.1945, 7572
2.1957, 7571
2.1970, 7570
2.1982, 7569
2.1992, 7568
2.2005, 7567
2.2017, 7566
2.2027, 7565
2.2036, 7564
2.2048, 7563
2.2061, 7562
2.2073, 7561
2.2083, 7560
2.2095, 7559
2.2105, 7558
2.2116, 7557
2.2126, 7556
2.2139, 7555
2.2149, 7554
2.2161, 7553
2.2172, 7552
2.2184, 7551
2.2194, 7550
2.2207, 7549
2.2218, 7548
2.2229, 7547
2.2241, 7546
2.2252, 7545
2.2262, 7544
2.2274, 7543
2.2285, 7542
2.2298, 7541
2.2308, 7540
2.2320, 7539
2.2331, 7538
2.2342, 7537
2.2353, 7536
2.2365, 7535
2.2377, 7534
2.2389, 7533
2.2402, 7532
2.2414, 7531
2.2427, 7530
2.2439, 7529
2.2451, 7528
2.2463, 7527
2.2476, 7526
2.2488, 7525
2.2498, 7524
2.2508, 7523
2.2518, 7522
2.2528, 7521
2.2539, 7520
2.2550, 7519
2.2558, 7518
2.2567, 7517
2.2575, 7516
2.2585, 7515
2.2595, 7514
2.2604, 7513
2.2613, 7512
2.2623, 7511
2.2633, 7510
2.2641, 7509
2.2651, 7508
2.2660, 7507
2.2670, 7506
2.2678, 7505
2.2687, 7504
2.2696, 7503
2.2706, 7502
2.2716, 7501
2.2725, 7500
2.2735, 7499
2.2744, 7498
2.2753, 7497
2.2762, 7496
2.2772, 7495
2.2782, 7494
2.2791, 7493
2.2801, 7492
2.2812, 7491
2.2821, 7490
2.2830, 7489
2.2838, 7488
2.2847, 7487
2.2857, 7486
2.2866, 7485
2.2876, 7484
2.2886, 7483
2.2895, 7482
2.2905, 7481
2.2915, 7480
2.2923, 7479
2.2932, 7478
2.2941, 7477
2.2950, 7476
2.2959, 7475
2.2967, 7474
2.2976, 7473
2.2986, 7472
2.2995, 7471
2.3004, 7470
2.3015, 7469
2.3023, 7468
3.1310, 7467
10.4814, 7466
11.2648, 7465
11.2655, 7464
12.8046, 7463
14.5488, 7462
14.8759, 7461
14.8768, 7460
15.1232, 7459
16.7660, 7458
20.6680, 7457
20.8415, 7456
21.0153, 7455
21.0652, 7454
21.3594, 7453
21.3971, 7452
21.7018, 7451
21.7027, 7450
21.7416, 7449
21.7429, 7448
21.9042, 7447
21.9185, 7446
21.9192, 7445
22.0677, 7444
22.0684, 7443
22.8016, 7442
22.9242, 7441
23.1204, 7440
23.1216, 7439
23.5138, 7438
23.5278, 7437
23.6918, 7436
23.7681, 7435
23.9936, 7434
23.9943, 7433
24.1893, 7432
24.1900, 7431
24.2530, 7430
24.2543, 7429
24.4046, 7428
24.4320, 7427
24.4327, 7426
24.6155, 7425
24.6416, 7424
24.7034, 7423
24.8261, 7422
25.0349, 7421
25.0358, 7420
25.2286, 7419
25.2921, 7418
25.7126, 7417
25.7133, 7416
25.9257, 7415
25.9264, 7414
26.2576, 7413
26.2967, 7412
26.2977, 7411
26.3764, 7410
26.4147, 7409
26.6354, 7408
26.6613, 7407
26.9573, 7406
26.9582, 7405
26.9589, 7404
26.9855, 7403
26.9994, 7402
27.0001, 7401
27.0987, 7400
27.1243, 7399
27.3214, 7398
27.3223, 7397
27.5307, 7396
27.5442, 7395
27.6182, 7394
27.6805, 7393
28.0470, 7392
28.0477, 7391
28.1218, 7390
28.1226, 7389
28.2584, 7388
28.3323, 7387
28.4807, 7386
28.5671, 7385
28.5805, 7384
28.6913, 7383
28.7305, 7382
28.7447, 7381
28.7454, 7380
28.8807, 7379
28.9182, 7378
29.1868, 7377
29.2373, 7376
29.5071, 7375
29.5326, 7374
29.6431, 7373
29.6816, 7372
29.7563, 7371
29.7575, 7370
