0.0000, 10096
0.0009, 10095
0.0018, 10094
0.0027, 10093
0.0036, 10092
0.0045, 10091
0.0054, 10090
0.0063, 10089
0.0073, 10088
0.0082, 10087
0.0091, 10086
0.0100, 10085
0.0109, 10084
0.0118, 10083
0.0128, 10082
0.0136, 10081
0.0145, 10080
0.0155, 10079
0.0164, 10078
0.0173, 10077
0.0182, 10076
0.0191, 10075
0.0200, 10074
0.0209, 10073
0.0218, 10072
0.0227, 10071
0.0236, 10070
0.0246, 10069
0.0255, 10068
0.0264, 10067
0.0273, 10066
0.0282, 10065
0.0291, 10064
0.0300, 10063
0.0309, 10062
0.0318, 10061
0.0327, 10060
0.0337, 10059
0.0346, 10058
0.0355, 10057
0.0364, 10056
0.0373, 10055
0.0382, 10054
0.0391, 10053
0.0400, 10052
0.0409, 10051
0.0418, 10050
0.0427, 10049
0.0436, 10048
0.0445, 10047
0.0455, 10046
0.0464, 10045
0.0473, 10044
0.0482, 10043
0.0491, 10042
0.0500, 10041
0.0509, 10040
0.0518, 10039
0.0527, 10038
0.0536, 10037
0.0545, 10036
0.0554, 10035
0.0563, 10034
0.0572, 10033
0.0581, 10032
0.0590, 10031
0.0600, 10030
0.0609, 10029
0.0618, 10028
0.0627, 10027
0.0636, 10026
0.0645, 10025
0.0654, 10024
0.0664, 10023
0.0673, 10022
0.0682, 10021
0.0691, 10020
0.0701, 10019
0.0710, 10018
0.0719, 10017
0.0729, 10016
0.0738, 10015
0.0747, 10014
0.0756, 10013
0.0765, 10012
0.0774, 10011
0.0783, 10010
0.0792, 10009
0.0801, 10008
0.0810, 10007
0.0820, 10006
0.0829, 10005
0.0838, 10004
0.0847, 10003
0.0856, 10002
0.0865, 10001
0.0874, 10000
0.0883, 9999
0.0892, 9998
0.0902, 9997
0.0911, 9996
0.0920, 9995
0.0929, 9994
0.0938, 9993
0.0947, 9992
0.0956, 9991
0.0965, 9990
0.0974, 9989
0.0982, 9988
0.0991, 9987
0.1000, 9986
0.1009, 9985
0.1018, 9984
0.1027, 9983
0.1036, 9982
0.1045, 9981
0.1054, 9980
0.1063, 9979
0.1072, 9978
0.1081, 9977
0.1090, 9976
0.1099, 9975
0.1108, 9974
0.1116, 9973
0.1125, 9972
0.1134, 9971
0.1143, 9970
0.1152, 9969
0.1162, 9968
0.1170, 9967
0.1179, 9966
0.1188, 9965
0.1197, 9964
0.1206, 9963
0.1216, 9962
0.1224, 9961
0.1233, 9960
0.1243, 9959
0.1251, 9958
0.1260, 9957
0.1269, 9956
0.1278, 9955
0.1287, 9954
0.1296, 9953
0.1305, 9952
0.1314, 9951
0.1323, 9950
0.1332, 9949
0.1341, 9948
0.1349, 9947
0.1359, 9946
0.1367, 9945
0.1377, 9944
0.1386, 9943
0.1394, 9942
0.1403, 9941
0.1412, 9940
0.1422, 9939
0.1430, 9938
0.1439, 9937
0.1448, 9936
0.1457, 9935
0.1466, 9934
0.1475, 9933
0.1485, 9932
0.1494, 9931
0.1502, 9930
0.1511, 9929
0.1520, 9928
0.1530, 9927
0.1539, 9926
0.1548, 9925
0.1557, 9924
0.1566, 9923
0.1575, 9922
0.1583, 9921
0.1593, 9920
0.1602, 9919
0.1611, 9918
0.1619, 9917
0.1628, 9916
0.1637, 9915
0.1646, 9914
0.1655, 9913
0.1664, 9912
0.1673, 9911
0.1682, 9910
0.1691, 9909
0.1700, 9908
0.1710, 9907
0.1718, 9906
0.1727, 9905
0.1736, 9904
0.1745, 9903
0.1755, 9902
0.1764, 9901
0.1773, 9900
0.1781, 9899
0.1790, 9898
0.1799, 9897
0.1808, 9896
0.1817, 9895
0.1826, 9894
0.1835, 9893
0.1844, 9892
0.1853, 9891
0.1862, 9890
0.1870, 9889
0.1879, 9888
0.1888, 9887
0.1897, 9886
0.1906, 9885
0.1915, 9884
0.1924, 9883
0.1933, 9882
0.1942, 9881
0.1951, 9880
0.1960, 9879
0.1969, 9878
0.1978, 9877
0.1987, 9876
0.1996, 9875
0.2005, 9874
0.2014, 9873
0.2023, 9872
0.2032, 9871
0.2040, 9870
0.2049, 9869
0.2058, 9868
0.2067, 9867
0.2076, 9866
0.2085, 9865
0.2094, 9864
0.2103, 9863
0.2112, 9862
0.2121, 9861
0.2130, 9860
0.2139, 9859
0.2148, 9858
0.2157, 9857
0.2166, 9856
0.2175, 9855
0.2184, 9854
0.2193, 9853
0.2202, 9852
0.2211, 9851
0.2220, 9850
0.2229, 9849
0.2238, 9848
0.2247, 9847
0.2256, 9846
0.2265, 9845
0.2274, 9844
0.2283, 9843
0.2293, 9842
0.2301, 9841
0.2311, 9840
0.2320, 9839
0.2328, 9838
0.2337, 9837
0.2347, 9836
0.2356, 9835
0.2365, 9834
0.2374, 9833
0.2383, 9832
0.2392, 9831
0.2401, 9830
0.2410, 9829
0.2420, 9828
0.2429, 9827
0.2438, 9826
0.2447, 9825
0.2455, 9824
0.2464, 9823
0.2473, 9822
0.2482, 9821
0.2491, 9820
0.2500, 9819
0.2509, 9818
0.2517, 9817
0.2526, 9816
0.2535, 9815
0.2544, 9814
0.2553, 9813
0.2562, 9812
0.2570, 9811
0.2579, 9810
0.2588, 9809
0.2597, 9808
0.2605, 9807
0.2614, 9806
0.2623, 9805
0.2632, 9804
0.2641, 9803
0.2650, 9802
0.2659, 9801
0.2668, 9800
0.2677, 9799
0.2686, 9798
0.2695, 9797
0.2704, 9796
0.2713, 9795
0.2722, 9794
0.2731, 9793
0.2740, 9792
0.2749, 9791
0.2758, 9790
0.2767, 9789
0.2776, 9788
0.2785, 9787
0.2794, 9786
0.2803, 9785
0.2812, 9784
0.2821, 9783
0.2830, 9782
0.2838, 9781
0.2847, 9780
0.2856, 9779
0.2865, 9778
0.2874, 9777
0.2882, 9776
0.2891, 9775
0.2900, 9774
0.2909, 9773
0.2918, 9772
0.2926, 9771
0.2935, 9770
0.2944, 9769
0.2953, 9768
0.2962, 9767
0.2971, 9766
0.2980, 9765
0.2988, 9764
0.2998, 9763
0.3006, 9762
0.3015, 9761
0.3024, 9760
0.3033, 9759
0.3041, 9758
0.3050, 9757
0.3059, 9756
0.3068, 9755
0.3077, 9754
0.3086, 9753
0.3094, 9752
0.3103, 9751
0.3112, 9750
0.3120, 9749
0.3129, 9748
0.3138, 9747
0.3147, 9746
0.3155, 9745
0.3164, 9744
0.3173, 9743
0.3182, 9742
0.3191, 9741
0.3199, 9740
0.3208, 9739
0.3217, 9738
0.3226, 9737
0.3235, 9736
0.3244, 9735
0.3253, 9734
0.3262, 9733
0.3271, 9732
0.3280, 9731
0.3288, 9730
0.3297, 9729
0.3306, 9728
0.3314, 9727
0.3324, 9726
0.3333, 9725
0.3341, 9724
0.3350, 9723
0.3359, 9722
0.3368, 9721
0.3376, 9720
0.3385, 9719
0.3394, 9718
0.3403, 9717
0.3411, 9716
0.3420, 9715
0.3429, 9714
0.3438, 9713
0.3446, 9712
0.3455, 9711
0.3464, 9710
0.3472, 9709
0.3481, 9708
0.3490, 9707
0.3499, 9706
0.3507, 9705
0.3516, 9704
0.3525, 9703
0.3534, 9702
0.3542, 9701
0.3551, 9700
0.3560, 9699
0.3568, 9698
0.3577, 9697
0.3586, 9696
0.3595, 9695
0.3603, 9694
0.3612, 9693
0.3621, 9692
0.3630, 9691
0.3638, 9690
0.3647, 9689
0.3656, 9688
0.3665, 9687
0.3674, 9686
0.3683, 9685
0.3691, 9684
0.3700, 9683
0.3709, 9682
0.3718, 9681
0.3726, 9680
0.3735, 9679
0.3744, 9678
0.3752, 9677
0.3761, 9676
0.3770, 9675
0.3779, 9674
0.3788, 9673
0.3797, 9672
0.3806, 9671
0.3816, 9670
0.3824, 9669
0.3833, 9668
0.3841, 9667
0.3850, 9666
0.3859, 9665
0.3868, 9664
0.3877, 9663
0.3885, 9662
0.3894, 9661
0.3903, 9660
0.3911, 9659
0.3921, 9658
0.3930, 9657
0.3938, 9656
0.3947, 9655
0.3956, 9654
0.3965, 9653
0.3973, 9652
0.3982, 9651
0.3991, 9650
0.4000, 9649
0.4009, 9648
0.4017, 9647
0.4026, 9646
0.4035, 9645
0.4043, 9644
0.4052, 9643
0.4061, 9642
0.4070, 9641
0.4079, 9640
0.4089, 9639
0.4098, 9638
0.4107, 9637
0.4115, 9636
0.4124, 9635
0.4133, 9634
0.4142, 9633
0.4150, 9632
0.4159, 9631
0.4167, 9630
0.4176, 9629
0.4185, 9628
0.4194, 9627
0.4202, 9626
0.4211, 9625
0.4220, 9624
0.4228, 9623
0.4237, 9622
0.4246, 9621
0.4254, 9620
0.4263, 9619
0.4272, 9618
0.4281, 9617
0.4289, 9616
0.4298, 9615
0.4307, 9614
0.4316, 9613
0.4325, 9612
0.4333, 9611
0.4342, 9610
0.4351, 9609
0.4359, 9608
0.4368, 9607
0.4377, 9606
0.4385, 9605
0.4394, 9604
0.4403, 9603
0.4411, 9602
0.4420, 9601
0.4429, 9600
0.4438, 9599
0.4446, 9598
0.4455, 9597
0.4463, 9596
0.4472, 9595
0.4480, 9594
0.4489, 9593
0.4498, 9592
0.4506, 9591
0.4515, 9590
0.4524, 9589
0.4533, 9588
0.4541, 9587
0.4550, 9586
0.4559, 9585
0.4568, 9584
0.4576, 9583
0.4585, 9582
0.4594, 9581
0.4603, 9580
0.4611, 9579
0.4620, 9578
0.4629, 9577
0.4638, 9576
0.4646, 9575
0.4655, 9574
0.4664, 9573
0.4672, 9572
0.4681, 9571
0.4689, 9570
0.4698, 9569
0.4707, 9568
0.4716, 9567
0.4724, 9566
0.4733, 9565
0.4742, 9564
0.4750, 9563
0.4759, 9562
0.4768, 9561
0.4776, 9560
0.4785, 9559
0.4794, 9558
0.4803, 9557
0.4811, 9556
0.4820, 9555
0.4828, 9554
0.4837, 9553
0.4846, 9552
0.4854, 9551
0.4863, 9550
0.4872, 9549
0.4880, 9548
0.4889, 9547
0.4897, 9546
0.4906, 9545
0.4915, 9544
0.4924, 9543
0.4932, 9542
0.4941, 9541
0.4950, 9540
0.4958, 9539
0.4967, 9538
0.4976, 9537
0.4985, 9536
0.4994, 9535
0.5002, 9534
0.5011, 9533
0.5020, 9532
0.5028, 9531
0.5036, 9530
0.5045, 9529
0.5054, 9528
0.5062, 9527
0.5071, 9526
0.5080, 9525
0.5088, 9524
0.5097, 9523
0.5105, 9522
0.5114, 9521
0.5122, 9520
0.5131, 9519
0.5139, 9518
0.5147, 9517
0.5156, 9516
0.5164, 9515
0.5172, 9514
0.5180, 9513
0.5188, 9512
0.5197, 9511
0.5205, 9510
0.5214, 9509
0.5222, 9508
0.5230, 9507
0.5238, 9506
0.5247, 9505
0.5255, 9504
0.5263, 9503
0.5273, 9502
0.5284, 9501
0.5294, 9500
0.5304, 9499
0.5314, 9498
0.5324, 9497
0.5334, 9496
0.5344, 9495
0.5354, 9494
0.5364, 9493
0.5374, 9492
0.5385, 9491
0.5395, 9490
0.5405, 9489
0.5415, 9488
0.5425, 9487
0.5435, 9486
0.5445, 9485
0.5455, 9484
0.5465, 9483
0.5476, 9482
0.5486, 9481
0.5496, 9480
0.5506, 9479
0.5516, 9478
0.5526, 9477
0.5536, 9476
0.5546, 9475
0.5556, 9474
0.5567, 9473
0.5577, 9472
0.5587, 9471
0.5597, 9470
0.5607, 9469
0.5617, 9468
0.5628, 9467
0.5638, 9466
0.5648, 9465
0.5658, 9464
0.5668, 9463
0.5678, 9462
0.5688, 9461
0.5698, 9460
0.5709, 9459
0.5719, 9458
0.5729, 9457
0.5739, 9456
0.5749, 9455
0.5759, 9454
0.5769, 9453
0.5779, 9452
0.5789, 9451
0.5799, 9450
0.5809, 9449
0.5819, 9448
0.5829, 9447
0.5839, 9446
0.5849, 9445
0.5859, 9444
0.5869, 9443
0.5879, 9442
0.5889, 9441
0.5899, 9440
0.5909, 9439
0.5919, 9438
0.5929, 9437
0.5939, 9436
0.5949, 9435
0.5958, 9434
0.5968, 9433
0.5978, 9432
0.5989, 9431
0.5999, 9430
0.6009, 9429
0.6019, 9428
0.6029, 9427
0.6038, 9426
0.6048, 9425
0.6058, 9424
0.6068, 9423
0.6078, 9422
0.6089, 9421
0.6099, 9420
0.6109, 9419
0.6118, 9418
0.6129, 9417
0.6139, 9416
0.6149, 9415
0.6159, 9414
0.6169, 9413
0.6179, 9412
0.6190, 9411
0.6200, 9410
0.6210, 9409
0.6220, 9408
0.6230, 9407
0.6240, 9406
0.6250, 9405
0.6260, 9404
0.6270, 9403
0.6280, 9402
0.6290, 9401
0.6300, 9400
0.6310, 9399
0.6320, 9398
0.6330, 9397
0.6340, 9396
0.6350, 9395
0.6360, 9394
0.6371, 9393
0.6380, 9392
0.6390, 9391
0.6400, 9390
0.6410, 9389
0.6420, 9388
0.6430, 9387
0.6439, 9386
0.6449, 9385
0.6459, 9384
0.6469, 9383
0.6479, 9382
0.6489, 9381
0.6499, 9380
0.6509, 9379
0.6518, 9378
0.6528, 9377
0.6538, 9376
0.6548, 9375
0.6557, 9374
0.6567, 9373
0.6577, 9372
0.6587, 9371
0.6598, 9370
0.6608, 9369
0.6618, 9368
0.6628, 9367
0.6638, 9366
0.6647, 9365
0.6657, 9364
0.6667, 9363
0.6677, 9362
0.6687, 9361
0.6697, 9360
0.6707, 9359
0.6716, 9358
0.6726, 9357
0.6736, 9356
0.6747, 9355
0.6756, 9354
0.6766, 9353
0.6776, 9352
0.6786, 9351
0.6795, 9350
0.6805, 9349
0.6815, 9348
0.6825, 9347
0.6835, 9346
0.6845, 9345
0.6854, 9344
0.6864, 9343
0.6874, 9342
0.6884, 9341
0.6894, 9340
0.6903, 9339
0.6913, 9338
0.6923, 9337
0.6932, 9336
0.6942, 9335
0.6952, 9334
0.6961, 9333
0.6971, 9332
0.6981, 9331
0.6991, 9330
0.7001, 9329
0.7010, 9328
0.7020, 9327
0.7030, 9326
0.7040, 9325
0.7050, 9324
0.7059, 9323
0.7069, 9322
0.7079, 9321
0.7089, 9320
0.7098, 9319
0.7108, 9318
0.7118, 9317
0.7128, 9316
0.7137, 9315
0.7147, 9314
0.7156, 9313
0.7166, 9312
0.7176, 9311
0.7186, 9310
0.7196, 9309
0.7206, 9308
0.7215, 9307
0.7225, 9306
0.7235, 9305
0.7245, 9304
0.7254, 9303
0.7264, 9302
0.7274, 9301
0.7283, 9300
0.7293, 9299
0.7303, 9298
0.7312, 9297
0.7322, 9296
0.7332, 9295
0.7341, 9294
0.7351, 9293
0.7361, 9292
0.7370, 9291
0.7380, 9290
0.7390, 9289
0.7399, 9288
0.7409, 9287
0.7418, 9286
0.7428, 9285
0.7437, 9284
0.7448, 9283
0.7457, 9282
0.7467, 9281
0.7477, 9280
0.7486, 9279
0.7496, 9278
0.7506, 9277
0.7516, 9276
0.7525, 9275
0.7535, 9274
0.7544, 9273
0.7554, 9272
0.7564, 9271
0.7573, 9270
0.7583, 9269
0.7593, 9268
0.7602, 9267
0.7612, 9266
0.7621, 9265
0.7631, 9264
0.7640, 9263
0.7650, 9262
0.7660, 9261
0.7669, 9260
0.7679, 9259
0.7689, 9258
0.7698, 9257
0.7708, 9256
0.7718, 9255
0.7727, 9254
0.7737, 9253
0.7746, 9252
0.7756, 9251
0.7765, 9250
0.7775, 9249
0.7784, 9248
0.7794, 9247
0.7803, 9246
0.7813, 9245
0.7823, 9244
0.7832, 9243
0.7842, 9242
0.7851, 9241
0.7861, 9240
0.7870, 9239
0.7880, 9238
0.7890, 9237
0.7899, 9236
0.7908, 9235
0.7918, 9234
0.7928, 9233
0.7937, 9232
0.7947, 9231
0.7957, 9230
0.7967, 9229
0.7977, 9228
0.7986, 9227
0.7996, 9226
0.8006, 9225
0.8015, 9224
0.8025, 9223
0.8035, 9222
0.8044, 9221
0.8054, 9220
0.8064, 9219
0.8073, 9218
0.8083, 9217
0.8093, 9216
0.8103, 9215
0.8112, 9214
0.8122, 9213
0.8132, 9212
0.8141, 9211
0.8151, 9210
0.8161, 9209
0.8170, 9208
0.8180, 9207
0.8189, 9206
0.8199, 9205
0.8208, 9204
0.8218, 9203
0.8227, 9202
0.8237, 9201
0.8246, 9200
0.8255, 9199
0.8265, 9198
0.8274, 9197
0.8284, 9196
0.8294, 9195
0.8303, 9194
0.8312, 9193
0.8322, 9192
0.8331, 9191
0.8341, 9190
0.8350, 9189
0.8359, 9188
0.8369, 9187
0.8378, 9186
0.8388, 9185
0.8398, 9184
0.8407, 9183
0.8417, 9182
0.8426, 9181
0.8435, 9180
0.8445, 9179
0.8454, 9178
0.8464, 9177
0.8473, 9176
0.8483, 9175
0.8492, 9174
0.8501, 9173
0.8511, 9172
0.8520, 9171
0.8529, 9170
0.8538, 9169
0.8548, 9168
0.8557, 9167
0.8567, 9166
0.8576, 9165
0.8585, 9164
0.8595, 9163
0.8604, 9162
0.8613, 9161
0.8622, 9160
0.8632, 9159
0.8641, 9158
0.8651, 9157
0.8660, 9156
0.8669, 9155
0.8678, 9154
0.8687, 9153
0.8697, 9152
0.8706, 9151
0.8716, 9150
0.8725, 9149
0.8734, 9148
0.8744, 9147
0.8753, 9146
0.8762, 9145
0.8772, 9144
0.8781, 9143
0.8790, 9142
0.8800, 9141
0.8809, 9140
0.8818, 9139
0.8827, 9138
0.8837, 9137
0.8846, 9136
0.8856, 9135
0.8865, 9134
0.8874, 9133
0.8884, 9132
0.8893, 9131
0.8902, 9130
0.8912, 9129
0.8921, 9128
0.8931, 9127
0.8940, 9126
0.8950, 9125
0.8959, 9124
0.8968, 9123
0.8978, 9122
0.8987, 9121
0.8997, 9120
0.9006, 9119
0.9015, 9118
0.9024, 9117
0.9034, 9116
0.9043, 9115
0.9052, 9114
0.9061, 9113
0.9070, 9112
0.9080, 9111
0.9089, 9110
0.9098, 9109
0.9107, 9108
0.9117, 9107
0.9126, 9106
0.9136, 9105
0.9145, 9104
0.9154, 9103
0.9164, 9102
0.9173, 9101
0.9182, 9100
0.9192, 9099
0.9201, 9098
0.9210, 9097
0.9219, 9096
0.9229, 9095
0.9238, 9094
0.9247, 9093
0.9256, 9092
0.9265, 9091
0.9274, 9090
0.9284, 9089
0.9293, 9088
0.9302, 9087
0.9311, 9086
0.9321, 9085
0.9330, 9084
0.9339, 9083
0.9348, 9082
0.9357, 9081
0.9366, 9080
0.9375, 9079
0.9384, 9078
0.9394, 9077
0.9403, 9076
0.9412, 9075
0.9422, 9074
0.9431, 9073
0.9440, 9072
0.9449, 9071
0.9458, 9070
0.9468, 9069
0.9477, 9068
0.9486, 9067
0.9495, 9066
0.9504, 9065
0.9513, 9064
0.9522, 9063
0.9532, 9062
0.9541, 9061
0.9550, 9060
0.9559, 9059
0.9568, 9058
0.9577, 9057
0.9586, 9056
0.9596, 9055
0.9605, 9054
0.9615, 9053
0.9624, 9052
0.9634, 9051
0.9643, 9050
0.9653, 9049
0.9662, 9048
0.9671, 9047
0.9681, 9046
0.9690, 9045
0.9699, 9044
0.9709, 9043
0.9718, 9042
0.9727, 9041
0.9736, 9040
0.9745, 9039
0.9755, 9038
0.9764, 9037
0.9773, 9036
0.9782, 9035
0.9791, 9034
0.9800, 9033
0.9810, 9032
0.9819, 9031
0.9829, 9030
0.9838, 9029
0.9847, 9028
0.9857, 9027
0.9866, 9026
0.9875, 9025
0.9885, 9024
0.9894, 9023
0.9904, 9022
0.9913, 9021
0.9922, 9020
0.9932, 9019
0.9941, 9018
0.9950, 9017
0.9960, 9016
0.9969, 9015
0.9979, 9014
0.9988, 9013
0.9997, 9012
1.0006, 9011
1.0016, 9010
1.0025, 9009
1.0034, 9008
1.0043, 9007
1.0052, 9006
1.0061, 9005
1.0071, 9004
1.0080, 9003
1.0090, 9002
1.0099, 9001
1.0108, 9000
1.0117, 8999
1.0126, 8998
1.0135, 8997
1.0144, 8996
1.0153, 8995
1.0163, 8994
1.0172, 8993
1.0181, 8992
1.0190, 8991
1.0199, 8990
1.0208, 8989
1.0218, 8988
1.0227, 8987
1.0236, 8986
1.0245, 8985
1.0254, 8984
1.0263, 8983
1.0273, 8982
1.0282, 8981
1.0291, 8980
1.0301, 8979
1.0310, 8978
1.0319, 8977
1.0328, 8976
1.0337, 8975
1.0347, 8974
1.0356, 8973
1.0365, 8972
1.0374, 8971
1.0383, 8970
1.0392, 8969
1.0401, 8968
1.0410, 8967
1.0420, 8966
1.0428, 8965
1.0437, 8964
1.0447, 8963
1.0456, 8962
1.0465, 8961
1.0474, 8960
1.0483, 8959
1.0493, 8958
1.0502, 8957
1.0511, 8956
1.0520, 8955
1.0530, 8954
1.0539, 8953
1.0548, 8952
1.0557, 8951
1.0567, 8950
1.0576, 8949
1.0585, 8948
1.0594, 8947
1.0603, 8946
1.0612, 8945
1.0621, 8944
1.0630, 8943
1.0639, 8942
1.0648, 8941
1.0657, 8940
1.0666, 8939
1.0676, 8938
1.0684, 8937
1.0694, 8936
1.0703, 8935
1.0712, 8934
1.0721, 8933
1.0730, 8932
1.0739, 8931
1.0748, 8930
1.0757, 8929
1.0766, 8928
1.0775, 8927
1.0784, 8926
1.0794, 8925
1.0803, 8924
1.0812, 8923
1.0821, 8922
1.0829, 8921
1.0838, 8920
1.0847, 8919
1.0857, 8918
1.0865, 8917
1.0875, 8916
1.0883, 8915
1.0892, 8914
1.0901, 8913
1.0910, 8912
1.0919, 8911
1.0928, 8910
1.0937, 8909
1.0946, 8908
1.0955, 8907
1.0965, 8906
1.0973, 8905
1.0982, 8904
1.0992, 8903
1.1001, 8902
1.1011, 8901
1.1020, 8900
1.1029, 8899
1.1038, 8898
1.1048, 8897
1.1057, 8896
1.1066, 8895
1.1075, 8894
1.1084, 8893
1.1093, 8892
1.1102, 8891
1.1111, 8890
1.1120, 8889
1.1129, 8888
1.1138, 8887
1.1147, 8886
1.1156, 8885
1.1166, 8884
1.1175, 8883
1.1184, 8882
1.1193, 8881
1.1202, 8880
1.1211, 8879
1.1220, 8878
1.1229, 8877
1.1238, 8876
1.1247, 8875
1.1256, 8874
1.1265, 8873
1.1274, 8872
1.1283, 8871
1.1292, 8870
1.1301, 8869
1.1310, 8868
1.1318, 8867
1.1327, 8866
1.1336, 8865
1.1345, 8864
1.1354, 8863
1.1363, 8862
1.1372, 8861
1.1380, 8860
1.1389, 8859
1.1399, 8858
1.1407, 8857
1.1417, 8856
1.1426, 8855
1.1434, 8854
1.1443, 8853
1.1452, 8852
1.1461, 8851
1.1470, 8850
1.1479, 8849
1.1488, 8848
1.1496, 8847
1.1505, 8846
1.1514, 8845
1.1523, 8844
1.1532, 8843
1.1541, 8842
1.1550, 8841
1.1559, 8840
1.1568, 8839
1.1576, 8838
1.1585, 8837
1.1594, 8836
1.1603, 8835
1.1612, 8834
1.1621, 8833
1.1630, 8832
1.1639, 8831
1.1648, 8830
1.1656, 8829
1.1665, 8828
1.1674, 8827
1.1683, 8826
1.1692, 8825
1.1701, 8824
1.1709, 8823
1.1718, 8822
1.1727, 8821
1.1736, 8820
1.1745, 8819
1.1753, 8818
1.1762, 8817
1.1771, 8816
1.1780, 8815
1.1789, 8814
1.1797, 8813
1.1806, 8812
1.1815, 8811
1.1823, 8810
1.1832, 8809
1.1841, 8808
1.1850, 8807
1.1859, 8806
1.1867, 8805
1.1876, 8804
1.1884, 8803
1.1893, 8802
1.1902, 8801
1.1911, 8800
1.1920, 8799
1.1929, 8798
1.1937, 8797
1.1946, 8796
1.1954, 8795
1.1963, 8794
1.1972, 8793
1.1981, 8792
1.1990, 8791
1.1999, 8790
1.2007, 8789
1.2016, 8788
1.2025, 8787
1.2033, 8786
1.2042, 8785
1.2051, 8784
1.2060, 8783
1.2069, 8782
1.2077, 8781
1.2086, 8780
1.2095, 8779
1.2103, 8778
1.2112, 8777
1.2121, 8776
1.2129, 8775
1.2138, 8774
1.2146, 8773
1.2155, 8772
1.2164, 8771
1.2173, 8770
1.2181, 8769
1.2190, 8768
1.2199, 8767
1.2207, 8766
1.2216, 8765
1.2225, 8764
1.2234, 8763
1.2242, 8762
1.2251, 8761
1.2260, 8760
1.2268, 8759
1.2277, 8758
1.2285, 8757
1.2294, 8756
1.2303, 8755
1.2312, 8754
1.2320, 8753
1.2329, 8752
1.2337, 8751
1.2346, 8750
1.2354, 8749
1.2363, 8748
1.2372, 8747
1.2380, 8746
1.2389, 8745
1.2397, 8744
1.2406, 8743
1.2415, 8742
1.2424, 8741
1.2432, 8740
1.2441, 8739
1.2450, 8738
1.2458, 8737
1.2467, 8736
1.2476, 8735
1.2484, 8734
1.2493, 8733
1.2502, 8732
1.2510, 8731
1.2519, 8730
1.2527, 8729
1.2536, 8728
1.2544, 8727
1.2553, 8726
1.2562, 8725
1.2570, 8724
1.2579, 8723
1.2588, 8722
1.2596, 8721
1.2605, 8720
1.2613, 8719
1.2622, 8718
1.2630, 8717
1.2639, 8716
1.2648, 8715
1.2656, 8714
1.2665, 8713
1.2674, 8712
1.2682, 8711
1.2691, 8710
1.2699, 8709
1.2708, 8708
1.2716, 8707
1.2724, 8706
1.2733, 8705
1.2742, 8704
1.2750, 8703
1.2759, 8702
1.2767, 8701
1.2776, 8700
1.2784, 8699
1.2793, 8698
1.2801, 8697
1.2810, 8696
1.2819, 8695
1.2827, 8694
1.2836, 8693
1.2844, 8692
1.2853, 8691
1.2861, 8690
1.2870, 8689
1.2878, 8688
1.2887, 8687
1.2895, 8686
1.2903, 8685
1.2912, 8684
1.2921, 8683
1.2929, 8682
1.2938, 8681
1.2947, 8680
1.2955, 8679
1.2963, 8678
1.2972, 8677
1.2980, 8676
1.2989, 8675
1.2997, 8674
1.3006, 8673
1.3014, 8672
1.3023, 8671
1.3031, 8670
1.3039, 8669
1.3048, 8668
1.3056, 8667
1.3065, 8666
1.3073, 8665
1.3082, 8664
1.3090, 8663
1.3099, 8662
1.3107, 8661
1.3116, 8660
1.3124, 8659
1.3132, 8658
1.3141, 8657
1.3149, 8656
1.3158, 8655
1.3166, 8654
1.3174, 8653
1.3183, 8652
1.3191, 8651
1.3200, 8650
1.3208, 8649
1.3217, 8648
1.3225, 8647
1.3234, 8646
1.3242, 8645
1.3251, 8644
1.3259, 8643
1.3267, 8642
1.3276, 8641
1.3284, 8640
1.3293, 8639
1.3302, 8638
1.3310, 8637
1.3318, 8636
1.3327, 8635
1.3335, 8634
1.3344, 8633
1.3352, 8632
1.3361, 8631
1.3369, 8630
1.3378, 8629
1.3386, 8628
1.3395, 8627
1.3403, 8626
1.3412, 8625
1.3420, 8624
1.3429, 8623
1.3437, 8622
1.3446, 8621
1.3454, 8620
1.3462, 8619
1.3470, 8618
1.3479, 8617
1.3487, 8616
1.3496, 8615
1.3504, 8614
1.3512, 8613
1.3521, 8612
1.3529, 8611
1.3538, 8610
1.3546, 8609
1.3554, 8608
1.3562, 8607
1.3571, 8606
1.3579, 8605
1.3587, 8604
1.3596, 8603
1.3603, 8602
1.3610, 8601
1.3618, 8600
1.3625, 8599
1.3632, 8598
1.3640, 8597
1.3647, 8596
1.3655, 8595
1.3662, 8594
1.3669, 8593
1.3676, 8592
1.3684, 8591
1.3692, 8590
1.3699, 8589
1.3706, 8588
1.3714, 8587
1.3721, 8586
1.3728, 8585
1.3737, 8584
1.3744, 8583
1.3751, 8582
1.3758, 8581
1.3766, 8580
1.3773, 8579
1.3780, 8578
1.3788, 8577
1.3795, 8576
1.3803, 8575
1.3810, 8574
1.3818, 8573
1.3825, 8572
1.3832, 8571
1.3840, 8570
1.3847, 8569
1.3855, 8568
1.3862, 8567
1.3869, 8566
1.3877, 8565
1.3884, 8564
1.3891, 8563
1.3899, 8562
1.3906, 8561
1.3913, 8560
1.3920, 8559
1.3928, 8558
1.3936, 8557
1.3943, 8556
1.3951, 8555
1.3958, 8554
1.3965, 8553
1.3973, 8552
1.3980, 8551
1.3987, 8550
1.3994, 8549
1.4002, 8548
1.4009, 8547
1.4017, 8546
1.4024, 8545
1.4031, 8544
1.4038, 8543
1.4046, 8542
1.4053, 8541
1.4060, 8540
1.4068, 8539
1.4075, 8538
1.4083, 8537
1.4090, 8536
1.4097, 8535
1.4105, 8534
1.4112, 8533
1.4119, 8532
1.4126, 8531
1.4134, 8530
1.4141, 8529
1.4148, 8528
1.4156, 8527
1.4163, 8526
1.4171, 8525
1.4178, 8524
1.4186, 8523
1.4193, 8522
1.4200, 8521
1.4208, 8520
1.4215, 8519
1.4222, 8518
1.4230, 8517
1.4237, 8516
1.4245, 8515
1.4252, 8514
1.4260, 8513
1.4267, 8512
1.4274, 8511
1.4281, 8510
1.4288, 8509
1.4296, 8508
1.4303, 8507
1.4311, 8506
1.4318, 8505
1.4325, 8504
1.4333, 8503
1.4340, 8502
1.4347, 8501
1.4354, 8500
1.4362, 8499
1.4369, 8498
1.4376, 8497
1.4383, 8496
1.4391, 8495
1.4399, 8494
1.4406, 8493
1.4414, 8492
1.4421, 8491
1.4429, 8490
1.4436, 8489
1.4443, 8488
1.4450, 8487
1.4458, 8486
1.4465, 8485
1.4472, 8484
1.4479, 8483
1.4486, 8482
1.4494, 8481
1.4501, 8480
1.4509, 8479
1.4516, 8478
1.4523, 8477
1.4531, 8476
1.4538, 8475
1.4546, 8474
1.4553, 8473
1.4561, 8472
1.4568, 8471
1.4576, 8470
1.4583, 8469
1.4591, 8468
1.4598, 8467
1.4606, 8466
1.4613, 8465
1.4621, 8464
1.4628, 8463
1.4636, 8462
1.4643, 8461
1.4651, 8460
1.4658, 8459
1.4666, 8458
1.4673, 8457
1.4680, 8456
1.4688, 8455
1.4695, 8454
1.4702, 8453
1.4710, 8452
1.4717, 8451
1.4724, 8450
1.4732, 8449
1.4740, 8448
1.4747, 8447
1.4754, 8446
1.4762, 8445
1.4769, 8444
1.4776, 8443
1.4784, 8442
1.4791, 8441
1.4798, 8440
1.4806, 8439
1.4813, 8438
1.4820, 8437
1.4828, 8436
1.4835, 8435
1.4843, 8434
1.4850, 8433
1.4857, 8432
1.4864, 8431
1.4872, 8430
1.4879, 8429
1.4887, 8428
1.4894, 8427
1.4902, 8426
1.4909, 8425
1.4916, 8424
1.4924, 8423
1.4931, 8422
1.4939, 8421
1.4946, 8420
1.4953, 8419
1.4961, 8418
1.4968, 8417
1.4975, 8416
1.4982, 8415
1.4990, 8414
1.4997, 8413
1.5005, 8412
1.5012, 8411
1.5019, 8410
1.5027, 8409
1.5034, 8408
1.5041, 8407
1.5049, 8406
1.5056, 8405
1.5063, 8404
1.5071, 8403
1.5078, 8402
1.5085, 8401
1.5093, 8400
1.5100, 8399
1.5107, 8398
1.5114, 8397
1.5122, 8396
1.5129, 8395
1.5137, 8394
1.5144, 8393
1.5151, 8392
1.5158, 8391
1.5166, 8390
1.5173, 8389
1.5180, 8388
1.5188, 8387
1.5195, 8386
1.5202, 8385
1.5210, 8384
1.5217, 8383
1.5224, 8382
1.5232, 8381
1.5239, 8380
1.5246, 8379
1.5254, 8378
1.5261, 8377
1.5268, 8376
1.5275, 8375
1.5283, 8374
1.5290, 8373
1.5297, 8372
1.5304, 8371
1.5312, 8370
1.5319, 8369
1.5326, 8368
1.5333, 8367
1.5341, 8366
1.5348, 8365
1.5355, 8364
1.5362, 8363
1.5370, 8362
1.5377, 8361
1.5384, 8360
1.5391, 8359
1.5398, 8358
1.5406, 8357
1.5413, 8356
1.5420, 8355
1.5428, 8354
1.5435, 8353
1.5442, 8352
1.5449, 8351
1.5456, 8350
1.5464, 8349
1.5471, 8348
1.5478, 8347
1.5485, 8346
1.5493, 8345
1.5500, 8344
1.5507, 8343
1.5515, 8342
1.5522, 8341
1.5529, 8340
1.5536, 8339
1.5544, 8338
1.5551, 8337
1.5558, 8336
1.5565, 8335
1.5572, 8334
1.5580, 8333
1.5587, 8332
1.5594, 8331
1.5601, 8330
1.5609, 8329
1.5616, 8328
1.5623, 8327
1.5630, 8326
1.5637, 8325
1.5644, 8324
1.5651, 8323
1.5659, 8322
1.5666, 8321
1.5673, 8320
1.5680, 8319
1.5687, 8318
1.5694, 8317
1.5701, 8316
1.5708, 8315
1.5716, 8314
1.5723, 8313
1.5730, 8312
1.5737, 8311
1.5745, 8310
1.5752, 8309
1.5759, 8308
1.5767, 8307
1.5774, 8306
1.5781, 8305
1.5789, 8304
1.5796, 8303
1.5803, 8302
1.5810, 8301
1.5817, 8300
1.5824, 8299
1.5831, 8298
1.5838, 8297
1.5846, 8296
1.5853, 8295
1.5860, 8294
1.5868, 8293
1.5875, 8292
1.5882, 8291
1.5889, 8290
1.5896, 8289
1.5903, 8288
1.5911, 8287
1.5918, 8286
1.5925, 8285
1.5932, 8284
1.5939, 8283
1.5947, 8282
1.5954, 8281
1.5961, 8280
1.5968, 8279
1.5975, 8278
1.5982, 8277
1.5990, 8276
1.5997, 8275
1.6004, 8274
1.6011, 8273
1.6018, 8272
1.6026, 8271
1.6033, 8270
1.6040, 8269
1.6047, 8268
1.6054, 8267
1.6062, 8266
1.6069, 8265
1.6076, 8264
1.6083, 8263
1.6091, 8262
1.6098, 8261
1.6106, 8260
1.6113, 8259
1.6120, 8258
1.6127, 8257
1.6135, 8256
1.6142, 8255
1.6149, 8254
1.6156, 8253
1.6163, 8252
1.6170, 8251
1.6177, 8250
1.6184, 8249
1.6192, 8248
1.6199, 8247
1.6206, 8246
1.6213, 8245
1.6220, 8244
1.6228, 8243
1.6235, 8242
1.6242, 8241
1.6249, 8240
1.6256, 8239
1.6263, 8238
1.6270, 8237
1.6277, 8236
1.6284, 8235
1.6292, 8234
1.6299, 8233
1.6306, 8232
1.6313, 8231
1.6320, 8230
1.6327, 8229
1.6334, 8228
1.6341, 8227
1.6348, 8226
1.6355, 8225
1.6362, 8224
1.6369, 8223
1.6376, 8222
1.6384, 8221
1.6391, 8220
1.6398, 8219
1.6405, 8218
1.6412, 8217
1.6419, 8216
1.6426, 8215
1.6433, 8214
1.6440, 8213
1.6447, 8212
1.6454, 8211
1.6461, 8210
1.6468, 8209
1.6476, 8208
1.6483, 8207
1.6490, 8206
1.6497, 8205
1.6505, 8204
1.6512, 8203
1.6519, 8202
1.6525, 8201
1.6532, 8200
1.6540, 8199
1.6547, 8198
1.6554, 8197
1.6561, 8196
1.6568, 8195
1.6575, 8194
1.6582, 8193
1.6589, 8192
1.6597, 8191
1.6604, 8190
1.6611, 8189
1.6618, 8188
1.6625, 8187
1.6632, 8186
1.6639, 8185
1.6646, 8184
1.6653, 8183
1.6660, 8182
1.6668, 8181
1.6675, 8180
1.6682, 8179
1.6689, 8178
1.6696, 8177
1.6703, 8176
1.6710, 8175
1.6717, 8174
1.6724, 8173
1.6731, 8172
1.6738, 8171
1.6745, 8170
1.6752, 8169
1.6759, 8168
1.6766, 8167
1.6773, 8166
1.6779, 8165
1.6786, 8164
1.6793, 8163
1.6801, 8162
1.6808, 8161
1.6815, 8160
1.6822, 8159
1.6829, 8158
1.6836, 8157
1.6843, 8156
1.6850, 8155
1.6857, 8154
1.6865, 8153
1.6872, 8152
1.6879, 8151
1.6887, 8150
1.6894, 8149
1.6901, 8148
1.6909, 8147
1.6916, 8146
1.6923, 8145
1.6931, 8144
1.6938, 8143
1.6946, 8142
1.6953, 8141
1.6960, 8140
1.6968, 8139
1.6975, 8138
1.6983, 8137
1.6990, 8136
1.6997, 8135
1.7005, 8134
1.7012, 8133
1.7019, 8132
1.7027, 8131
1.7035, 8130
1.7043, 8129
1.7050, 8128
1.7057, 8127
1.7065, 8126
1.7072, 8125
1.7080, 8124
1.7087, 8123
1.7095, 8122
1.7102, 8121
1.7109, 8120
1.7117, 8119
1.7124, 8118
1.7131, 8117
1.7139, 8116
1.7146, 8115
1.7154, 8114
1.7161, 8113
1.7168, 8112
1.7176, 8111
1.7183, 8110
1.7191, 8109
1.7198, 8108
1.7205, 8107
1.7212, 8106
1.7219, 8105
1.7227, 8104
1.7234, 8103
1.7241, 8102
1.7248, 8101
1.7255, 8100
1.7262, 8099
1.7269, 8098
1.7276, 8097
1.7283, 8096
1.7291, 8095
1.7299, 8094
1.7306, 8093
1.7313, 8092
1.7320, 8091
1.7327, 8090
1.7334, 8089
1.7341, 8088
1.7348, 8087
1.7355, 8086
1.7362, 8085
1.7369, 8084
1.7376, 8083
1.7383, 8082
1.7391, 8081
1.7398, 8080
1.7405, 8079
1.7412, 8078
1.7419, 8077
1.7426, 8076
1.7433, 8075
1.7440, 8074
1.7448, 8073
1.7455, 8072
1.7462, 8071
1.7469, 8070
1.7476, 8069
1.7483, 8068
1.7490, 8067
1.7497, 8066
1.7505, 8065
1.7512, 8064
1.7519, 8063
1.7526, 8062
1.7533, 8061
1.7540, 8060
1.7547, 8059
1.7554, 8058
1.7561, 8057
1.7568, 8056
1.7575, 8055
1.7582, 8054
1.7589, 8053
1.7597, 8052
1.7604, 8051
1.7611, 8050
1.7618, 8049
1.7625, 8048
1.7633, 8047
1.7640, 8046
1.7647, 8045
1.7654, 8044
1.7661, 8043
1.7668, 8042
1.7675, 8041
1.7682, 8040
1.7689, 8039
1.7696, 8038
1.7703, 8037
1.7710, 8036
1.7717, 8035
1.7725, 8034
1.7732, 8033
1.7739, 8032
1.7746, 8031
1.7753, 8030
1.7760, 8029
1.7767, 8028
1.7774, 8027
1.7781, 8026
1.7788, 8025
1.7795, 8024
1.7802, 8023
1.7809, 8022
1.7816, 8021
1.7823, 8020
1.7830, 8019
1.7837, 8018
1.7844, 8017
1.7851, 8016
1.7858, 8015
1.7865, 8014
1.7872, 8013
1.7879, 8012
1.7885, 8011
1.7893, 8010
1.7899, 8009
1.7906, 8008
1.7913, 8007
1.7920, 8006
1.7927, 8005
1.7934, 8004
1.7941, 8003
1.7948, 8002
1.7955, 8001
1.7962, 8000
1.7969, 7999
1.7976, 7998
1.7982, 7997
1.7989, 7996
1.7996, 7995
1.8003, 7994
1.8010, 7993
1.8017, 7992
1.8024, 7991
1.8031, 7990
1.8038, 7989
1.8045, 7988
1.8051, 7987
1.8058, 7986
1.8065, 7985
1.8072, 7984
1.8079, 7983
1.8086, 7982
1.8093, 7981
1.8099, 7980
1.8106, 7979
1.8114, 7978
1.8121, 7977
1.8128, 7976
1.8135, 7975
1.8141, 7974
1.8148, 7973
1.8155, 7972
1.8162, 7971
1.8169, 7970
1.8175, 7969
1.8182, 7968
1.8190, 7967
1.8197, 7966
1.8204, 7965
1.8211, 7964
1.8218, 7963
1.8225, 7962
1.8231, 7961
1.8238, 7960
1.8245, 7959
1.8252, 7958
1.8259, 7957
1.8266, 7956
1.8273, 7955
1.8280, 7954
1.8287, 7953
1.8294, 7952
1.8301, 7951
1.8308, 7950
1.8315, 7949
1.8322, 7948
1.8329, 7947
1.8335, 7946
1.8342, 7945
1.8349, 7944
1.8356, 7943
1.8363, 7942
1.8370, 7941
1.8377, 7940
1.8384, 7939
1.8391, 7938
1.8398, 7937
1.8405, 7936
1.8412, 7935
1.8419, 7934
1.8426, 7933
1.8433, 7932
1.8440, 7931
1.8447, 7930
1.8453, 7929
1.8460, 7928
1.8467, 7927
1.8474, 7926
1.8481, 7925
1.8488, 7924
1.8495, 7923
1.8502, 7922
1.8508, 7921
1.8515, 7920
1.8522, 7919
1.8529, 7918
1.8536, 7917
1.8543, 7916
1.8549, 7915
1.8556, 7914
1.8563, 7913
1.8570, 7912
1.8576, 7911
1.8583, 7910
1.8590, 7909
1.8597, 7908
1.8604, 7907
1.8611, 7906
1.8617, 7905
1.8624, 7904
1.8631, 7903
1.8638, 7902
1.8645, 7901
1.8651, 7900
1.8658, 7899
1.8665, 7898
1.8672, 7897
1.8679, 7896
1.8686, 7895
1.8692, 7894
1.8699, 7893
1.8706, 7892
1.8712, 7891
1.8719, 7890
1.8726, 7889
1.8733, 7888
1.8740, 7887
1.8747, 7886
1.8753, 7885
1.8760, 7884
1.8767, 7883
1.8774, 7882
1.8781, 7881
1.8788, 7880
1.8794, 7879
1.8801, 7878
1.8808, 7877
1.8815, 7876
1.8821, 7875
1.8828, 7874
1.8835, 7873
1.8842, 7872
1.8852, 7871
1.8862, 7870
1.8873, 7869
1.8884, 7868
1.8894, 7867
1.8907, 7866
1.8920, 7865
1.8931, 7864
1.8942, 7863
1.8952, 7862
1.8960, 7861
1.8971, 7860
1.8980, 7859
1.8990, 7858
1.8999, 7857
1.9008, 7856
1.9019, 7855
1.9031, 7854
1.9042, 7853
1.9055, 7852
1.9065, 7851
1.9075, 7850
1.9084, 7849
1.9097, 7848
1.9107, 7847
1.9116, 7846
1.9126, 7845
1.9137, 7844
1.9147, 7843
1.9157, 7842
1.9167, 7841
1.9176, 7840
1.9186, 7839
1.9198, 7838
1.9208, 7837
1.9218, 7836
1.9228, 7835
1.9237, 7834
1.9246, 7833
1.9259, 7832
1.9268, 7831
1.9278, 7830
1.9287, 7829
1.9297, 7828
1.9307, 7827
1.9317, 7826
1.9327, 7825
1.9336, 7824
1.9347, 7823
1.9356, 7822
1.9366, 7821
1.9377, 7820
1.9387, 7819
1.9397, 7818
1.9407, 7817
1.9417, 7816
1.9427, 7815
1.9437, 7814
1.9447, 7813
1.9457, 7812
1.9467, 7811
1.9477, 7810
1.9487, 7809
1.9496, 7808
1.9506, 7807
1.9516, 7806
1.9525, 7805
1.9535, 7804
1.9545, 7803
1.9554, 7802
1.9565, 7801
1.9576, 7800
1.9586, 7799
1.9597, 7798
1.9608, 7797
1.9618, 7796
1.9628, 7795
1.9638, 7794
1.9648, 7793
1.9659, 7792
1.9669, 7791
1.9680, 7790
1.9690, 7789
1.9700, 7788
1.9710, 7787
1.9720, 7786
1.9730, 7785
1.9739, 7784
1.9749, 7783
1.9758, 7782
1.9768, 7781
1.9779, 7780
1.9789, 7779
1.9800, 7778
1.9810, 7777
1.9820, 7776
1.9830, 7775
1.9841, 7774
1.9850, 7773
1.9861, 7772
1.9871, 7771
1.9881, 7770
1.9892, 7769
1.9902, 7768
1.9913, 7767
1.9924, 7766
1.9934, 7765
1.9945, 7764
1.9955, 7763
1.9966, 7762
1.9976, 7761
1.9987, 7760
1.9998, 7759
2.0009, 7758
2.0019, 7757
2.0030, 7756
2.0040, 7755
2.0050, 7754
2.0060, 7753
2.0071, 7752
2.0082, 7751
2.0093, 7750
2.0102, 7749
2.0113, 7748
2.0124, 7747
2.0134, 7746
2.0145, 7745
2.0155, 7744
2.0164, 7743
2.0173, 7742
2.0183, 7741
2.0194, 7740
2.0204, 7739
2.0214, 7738
2.0224, 7737
2.0233, 7736
2.0244, 7735
2.0254, 7734
2.0263, 7733
2.0273, 7732
2.0283, 7731
2.0293, 7730
2.0304, 7729
2.0314, 7728
2.0323, 7727
2.0333, 7726
2.0344, 7725
2.0355, 7724
2.0366, 7723
2.0374, 7722
2.0385, 7721
2.0397, 7720
2.0408, 7719
2.0419, 7718
2.0429, 7717
2.0440, 7716
2.0450, 7715
2.0461, 7714
2.0472, 7713
2.0483, 7712
2.0493, 7711
2.0503, 7710
2.0512, 7709
2.0521, 7708
2.0530, 7707
2.0540, 7706
2.0549, 7705
2.0561, 7704
2.0569, 7703
2.0578, 7702
2.0586, 7701
2.0596, 7700
2.0605, 7699
2.0614, 7698
2.0623, 7697
2.0632, 7696
2.0642, 7695
2.0651, 7694
2.0660, 7693
2.0670, 7692
2.0679, 7691
2.0689, 7690
2.0698, 7689
2.0707, 7688
2.0717, 7687
2.0727, 7686
2.0736, 7685
2.0745, 7684
2.0753, 7683
2.0762, 7682
2.0772, 7681
2.0781, 7680
2.0791, 7679
2.0801, 7678
2.0810, 7677
2.0818, 7676
2.0826, 7675
2.0835, 7674
2.0844, 7673
2.0853, 7672
2.0863, 7671
2.0873, 7670
2.0883, 7669
2.0892, 7668
2.0902, 7667
2.0911, 7666
2.0921, 7665
2.0931, 7664
2.0941, 7663
2.0950, 7662
2.0959, 7661
2.0969, 7660
2.0980, 7659
2.0992, 7658
2.1003, 7657
2.1014, 7656
2.1024, 7655
2.1035, 7654
2.1047, 7653
2.1057, 7652
2.1067, 7651
2.1079, 7650
2.1090, 7649
2.1100, 7648
2.1109, 7647
2.1119, 7646
2.1129, 7645
2.1140, 7644
2.1151, 7643
2.1162, 7642
2.1173, 7641
2.1184, 7640
2.1195, 7639
2.1205, 7638
2.1217, 7637
2.1229, 7636
2.1241, 7635
2.1253, 7634
2.1265, 7633
2.1277, 7632
2.1288, 7631
2.1299, 7630
2.1311, 7629
2.1323, 7628
2.1335, 7627
2.1347, 7626
2.1359, 7625
2.1371, 7624
2.1383, 7623
2.1395, 7622
2.1408, 7621
2.1419, 7620
2.1432, 7619
2.1443, 7618
2.1456, 7617
2.1467, 7616
2.1478, 7615
2.1490, 7614
2.1501, 7613
2.1511, 7612
2.1521, 7611
2.1531, 7610
2.1542, 7609
2.1554, 7608
2.1566, 7607
2.1577, 7606
2.1589, 7605
2.1601, 7604
2.1613, 7603
2.1625, 7602
2.1635, 7601
2.1647, 7600
2.1659, 7599
2.1671, 7598
2.1681, 7597
2.1692, 7596
2.1704, 7595
2.1715, 7594
2.1727, 7593
2.1738, 7592
2.1749, 7591
2.1761, 7590
2.1773, 7589
2.1785, 7588
2.1797, 7587
2.1809, 7586
2.1821, 7585
2.1834, 7584
2.1846, 7583
2.1859, 7582
2.1870, 7581
2.1882, 7580
2.1893, 7579
2.1905, 7578
2.1916, 7577
2.1928, 7576
2.1940, 7575
2.1952, 7574
2.1964, 7573
2.1974, 7572
2.1986, 7571
2.1999, 7570
2.2011, 7569
2.2021, 7568
2.2034, 7567
2.2045, 7566
2.2056, 7565
2.2065, 7564
2.2077, 7563
2.2090, 7562
2.2102, 7561
2.2112, 7560
2.2124, 7559
2.2134, 7558
2.2144, 7557
2.2155, 7556
2.2167, 7555
2.2178, 7554
2.2189, 7553
2.2200, 7552
2.2212, 7551
2.2222, 7550
2.2235, 7549
2.2246, 7548
2.2257, 7547
2.2270, 7546
2.2281, 7545
2.2291, 7544
2.2303, 7543
2.2313, 7542
2.2326, 7541
2.2336, 7540
2.2347, 7539
2.2358, 7538
2.2369, 7537
2.2381, 7536
2.2392, 7535
2.2404, 7534
2.2416, 7533
2.2429, 7532
2.2441, 7531
2.2454, 7530
2.2466, 7529
2.2478, 7528
2.2490, 7527
2.2503, 7526
2.2515, 7525
2.2525, 7524
2.2535, 7523
2.2544, 7522
2.2554, 7521
2.2565, 7520
2.2577, 7519
2.2585, 7518
2.2593, 7517
2.2601, 7516
2.2611, 7515
2.2621, 7514
2.2630, 7513
2.2640, 7512
2.2650, 7511
2.2659, 7510
2.2667, 7509
2.2677, 7508
2.2686, 7507
2.2696, 7506
2.2704, 7505
2.2712, 7504
2.2722, 7503
2.2732, 7502
2.2741, 7501
2.2750, 7500
2.2760, 7499
2.2769, 7498
2.2778, 7497
2.2787, 7496
2.2797, 7495
2.2807, 7494
2.2816, 7493
2.2826, 7492
2.2836, 7491
2.2845, 7490
2.2854, 7489
2.2862, 7488
2.2871, 7487
2.2880, 7486
2.2890, 7485
2.2900, 7484
2.2910, 7483
2.2918, 7482
2.2929, 7481
2.2938, 7480
2.2947, 7479
2.2955, 7478
2.2965, 7477
2.2974, 7476
2.2983, 7475
2.2991, 7474
2.2999, 7473
2.3009, 7472
2.3018, 7471
2.3028, 7470
2.3038, 7469
2.3047, 7468
3.1476, 7467
10.4746, 7466
11.2546, 7465
11.3779, 7464
12.7254, 7463
14.5223, 7462
14.8756, 7461
14.8766, 7460
15.1220, 7459
16.7470, 7458
20.6845, 7457
20.8213, 7456
21.0186, 7455
21.0566, 7454
21.3887, 7453
21.4267, 7452
21.6979, 7451
21.6988, 7450
21.6995, 7449
21.7376, 7448
21.8620, 7447
21.8759, 7446
21.8766, 7445
22.0239, 7444
22.0252, 7443
22.7599, 7442
22.9074, 7441
23.1150, 7440
23.1157, 7439
23.4928, 7438
23.4935, 7437
23.6650, 7436
23.7641, 7435
23.9110, 7434
23.9123, 7433
24.1072, 7432
24.1085, 7431
24.2311, 7430
24.2318, 7429
24.3180, 7428
24.3454, 7427
24.3461, 7426
24.5296, 7425
24.5303, 7424
24.6535, 7423
24.7153, 7422
24.9704, 7421
25.0325, 7420
25.1681, 7419
25.2433, 7418
25.5906, 7417
25.6041, 7416
25.8525, 7415
25.8662, 7414
26.1025, 7413
26.1908, 7412
26.1918, 7411
26.3172, 7410
26.3430, 7409
26.5741, 7408
26.6252, 7407
26.9002, 7406
26.9011, 7405
26.9020, 7404
26.9417, 7403
26.9562, 7402
26.9569, 7401
27.0433, 7400
27.0688, 7399
27.2652, 7398
27.2661, 7397
27.4734, 7396
27.4870, 7395
27.5616, 7394
27.6486, 7393
27.9813, 7392
27.9946, 7391
28.0455, 7390
28.0463, 7389
28.2315, 7388
28.2322, 7387
28.4445, 7386
28.5323, 7385
28.5461, 7384
28.6334, 7383
28.6731, 7382
28.6873, 7381
28.6880, 7380
28.8499, 7379
28.8758, 7378
29.2094, 7377
29.2482, 7376
29.5143, 7375
29.5151, 7374
29.6003, 7373
29.6741, 7372
29.7243, 7371
29.7255, 7370
