0.0000, 5900
0.0005, 5899
0.0013, 5898
0.0018, 5897
0.0028, 5896
0.0036, 5895
0.0043, 5894
0.0049, 5893
0.0057, 5892
0.0062, 5891
0.0071, 5890
0.0076, 5889
0.0081, 5888
0.0086, 5887
0.0096, 5886
0.0105, 5885
0.0111, 5884
0.0124, 5883
0.0130, 5882
0.0141, 5881
0.0147, 5880
0.0156, 5879
0.0165, 5878
0.0175, 5877
0.0180, 5876
0.0185, 5875
0.0190, 5874
0.0196, 5873
0.0208, 5872
0.0213, 5871
0.0218, 5870
0.0223, 5869
0.0230, 5868
0.0235, 5867
0.0240, 5866
0.0246, 5865
0.0255, 5864
0.0262, 5863
0.0268, 5862
0.0274, 5861
0.0280, 5860
0.0287, 5859
0.0292, 5858
0.0297, 5857
0.0303, 5856
0.0310, 5855
0.0315, 5854
0.0320, 5853
0.0325, 5852
0.0336, 5851
0.0345, 5850
0.0350, 5849
0.0355, 5848
0.0362, 5847
0.0368, 5846
0.0373, 5845
0.0380, 5844
0.0385, 5843
0.0390, 5842
0.0395, 5841
0.0403, 5840
0.0410, 5839
0.0415, 5838
0.0420, 5837
0.0427, 5836
0.0433, 5835
0.0440, 5834
0.0445, 5833
0.0452, 5832
0.0457, 5831
0.0462, 5830
0.0471, 5829
0.0476, 5828
0.0481, 5827
0.0487, 5826
0.0496, 5825
0.0501, 5824
0.0507, 5823
0.0515, 5822
0.0520, 5821
0.0526, 5820
0.0531, 5819
0.0536, 5818
0.0541, 5817
0.0550, 5816
0.0555, 5815
0.0565, 5814
0.0574, 5813
0.0581, 5812
0.0587, 5811
0.0597, 5810
0.0603, 5809
0.0609, 5808
0.0616, 5807
0.0621, 5806
0.0629, 5805
0.0635, 5804
0.0640, 5803
0.0645, 5802
0.0650, 5801
0.0655, 5800
0.0664, 5799
0.0669, 5798
0.0676, 5797
0.0682, 5796
0.0688, 5795
0.0693, 5794
0.0700, 5793
0.0706, 5792
0.0711, 5791
0.0716, 5790
0.0721, 5789
0.0726, 5788
0.0733, 5787
0.0739, 5786
0.0753, 5785
0.0764, 5784
0.0772, 5783
0.0777, 5782
0.0782, 5781
0.0787, 5780
0.0794, 5779
0.0802, 5778
0.0808, 5777
0.0816, 5776
0.0823, 5775
0.0829, 5774
0.0836, 5773
0.0847, 5772
0.0853, 5771
0.0864, 5770
0.0870, 5769
0.0876, 5768
0.0883, 5767
0.0888, 5766
0.0895, 5765
0.0903, 5764
0.0908, 5763
0.0914, 5762
0.0919, 5761
0.0925, 5760
0.0934, 5759
0.0940, 5758
0.0945, 5757
0.0950, 5756
0.0955, 5755
0.0961, 5754
0.0969, 5753
0.0976, 5752
0.0982, 5751
0.0987, 5750
0.0992, 5749
0.1001, 5748
0.1006, 5747
0.1011, 5746
0.1021, 5745
0.1032, 5744
0.1037, 5743
0.1042, 5742
0.1048, 5741
0.1058, 5740
0.1064, 5739
0.1070, 5738
0.1076, 5737
0.1082, 5736
0.1087, 5735
0.1093, 5734
0.1098, 5733
0.1105, 5732
0.1110, 5731
0.1116, 5730
0.1121, 5729
0.1127, 5728
0.1132, 5727
0.1137, 5726
0.1144, 5725
0.1151, 5724
0.1157, 5723
0.1167, 5722
0.1174, 5721
0.1180, 5720
0.1187, 5719
0.1195, 5718
0.1205, 5717
0.1213, 5716
0.1223, 5715
0.1233, 5714
0.1239, 5713
0.1245, 5712
0.1251, 5711
0.1256, 5710
0.1262, 5709
0.1271, 5708
0.1278, 5707
0.1284, 5706
0.1290, 5705
0.1295, 5704
0.1301, 5703
0.1306, 5702
0.1312, 5701
0.1318, 5700
0.1328, 5699
0.1334, 5698
0.1339, 5697
0.1345, 5696
0.1356, 5695
0.1364, 5694
0.1370, 5693
0.1375, 5692
0.1381, 5691
0.1386, 5690
0.1392, 5689
0.1398, 5688
0.1404, 5687
0.1410, 5686
0.1420, 5685
0.1426, 5684
0.1431, 5683
0.1437, 5682
0.1443, 5681
0.1449, 5680
0.1456, 5679
0.1461, 5678
0.1468, 5677
0.1473, 5676
0.1480, 5675
0.1485, 5674
0.1490, 5673
0.1496, 5672
0.1502, 5671
0.1508, 5670
0.1514, 5669
0.1520, 5668
0.1526, 5667
0.1532, 5666
0.1538, 5665
0.1543, 5664
0.1549, 5663
0.1555, 5662
0.1565, 5661
0.1571, 5660
0.1580, 5659
0.1586, 5658
0.1597, 5657
0.1607, 5656
0.1616, 5655
0.1623, 5654
0.1631, 5653
0.1637, 5652
0.1643, 5651
0.1648, 5650
0.1654, 5649
0.1660, 5648
0.1667, 5647
0.1673, 5646
0.1679, 5645
0.1686, 5644
0.1692, 5643
0.1698, 5642
0.1703, 5641
0.1711, 5640
0.1719, 5639
0.1728, 5638
0.1733, 5637
0.1739, 5636
0.1746, 5635
0.1756, 5634
0.1763, 5633
0.1773, 5632
0.1781, 5631
0.1787, 5630
0.1797, 5629
0.1806, 5628
0.1811, 5627
0.1823, 5626
0.1831, 5625
0.1838, 5624
0.1846, 5623
0.1852, 5622
0.1858, 5621
0.1865, 5620
0.1871, 5619
0.1881, 5618
0.1887, 5617
0.1893, 5616
0.1898, 5615
0.1905, 5614
0.1914, 5613
0.1920, 5612
0.1925, 5611
0.1931, 5610
0.1940, 5609
0.1946, 5608
0.1952, 5607
0.1958, 5606
0.1963, 5605
0.1970, 5604
0.1976, 5603
0.1981, 5602
0.1987, 5601
0.1993, 5600
0.1998, 5599
0.2003, 5598
0.2008, 5597
0.2014, 5596
0.2020, 5595
0.2028, 5594
0.2034, 5593
0.2044, 5592
0.2049, 5591
0.2057, 5590
0.2066, 5589
0.2074, 5588
0.2081, 5587
0.2087, 5586
0.2093, 5585
0.2100, 5584
0.2110, 5583
0.2116, 5582
0.2123, 5581
0.2128, 5580
0.2135, 5579
0.2141, 5578
0.2148, 5577
0.2158, 5576
0.2164, 5575
0.2170, 5574
0.2177, 5573
0.2183, 5572
0.2189, 5571
0.2196, 5570
0.2205, 5569
0.2211, 5568
0.2219, 5567
0.2225, 5566
0.2230, 5565
0.2237, 5564
0.2244, 5563
0.2256, 5562
0.2262, 5561
0.2268, 5560
0.2274, 5559
0.2280, 5558
0.2285, 5557
0.2295, 5556
0.2301, 5555
0.2307, 5554
0.2313, 5553
0.2321, 5552
0.2328, 5551
0.2334, 5550
0.2340, 5549
0.2346, 5548
0.2353, 5547
0.2360, 5546
0.2366, 5545
0.2371, 5544
0.2377, 5543
0.2382, 5542
0.2389, 5541
0.2396, 5540
0.2401, 5539
0.2406, 5538
0.2412, 5537
0.2417, 5536
0.2423, 5535
0.2430, 5534
0.2438, 5533
0.2444, 5532
0.2450, 5531
0.2455, 5530
0.2462, 5529
0.2467, 5528
0.2473, 5527
0.2478, 5526
0.2486, 5525
0.2492, 5524
0.2500, 5523
0.2509, 5522
0.2519, 5521
0.2528, 5520
0.2535, 5519
0.2542, 5518
0.2547, 5517
0.2554, 5516
0.2560, 5515
0.2568, 5514
0.2574, 5513
0.2580, 5512
0.2586, 5511
0.2591, 5510
0.2597, 5509
0.2603, 5508
0.2609, 5507
0.2617, 5506
0.2622, 5505
0.2628, 5504
0.2633, 5503
0.2643, 5502
0.2648, 5501
0.2654, 5500
0.2660, 5499
0.2670, 5498
0.2677, 5497
0.2683, 5496
0.2689, 5495
0.2696, 5494
0.2702, 5493
0.2708, 5492
0.2714, 5491
0.2724, 5490
0.2732, 5489
0.2738, 5488
0.2743, 5487
0.2749, 5486
0.2754, 5485
0.2764, 5484
0.2769, 5483
0.2775, 5482
0.2785, 5481
0.2791, 5480
0.2796, 5479
0.2802, 5478
0.2808, 5477
0.2813, 5476
0.2820, 5475
0.2825, 5474
0.2832, 5473
0.2839, 5472
0.2845, 5471
0.2851, 5470
0.2857, 5469
0.2862, 5468
0.2868, 5467
0.2873, 5466
0.2883, 5465
0.2889, 5464
0.2894, 5463
0.2900, 5462
0.2906, 5461
0.2911, 5460
0.2917, 5459
0.2924, 5458
0.2929, 5457
0.2935, 5456
0.2943, 5455
0.2950, 5454
0.2955, 5453
0.2962, 5452
0.2968, 5451
0.2975, 5450
0.2980, 5449
0.2987, 5448
0.2994, 5447
0.3000, 5446
0.3005, 5445
0.3011, 5444
0.3021, 5443
0.3027, 5442
0.3033, 5441
0.3039, 5440
0.3045, 5439
0.3052, 5438
0.3061, 5437
0.3068, 5436
0.3074, 5435
0.3080, 5434
0.3086, 5433
0.3093, 5432
0.3103, 5431
0.3108, 5430
0.3114, 5429
0.3121, 5428
0.3126, 5427
0.3133, 5426
0.3142, 5425
0.3148, 5424
0.3155, 5423
0.3162, 5422
0.3169, 5421
0.3175, 5420
0.3185, 5419
0.3191, 5418
0.3196, 5417
0.3206, 5416
0.3212, 5415
0.3218, 5414
0.3224, 5413
0.3230, 5412
0.3236, 5411
0.3242, 5410
0.3247, 5409
0.3253, 5408
0.3258, 5407
0.3265, 5406
0.3273, 5405
0.3281, 5404
0.3288, 5403
0.3296, 5402
0.3302, 5401
0.3307, 5400
0.3315, 5399
0.3323, 5398
0.3331, 5397
0.3337, 5396
0.3344, 5395
0.3352, 5394
0.3359, 5393
0.3366, 5392
0.3373, 5391
0.3379, 5390
0.3384, 5389
0.3391, 5388
0.3397, 5387
0.3402, 5386
0.3411, 5385
0.3416, 5384
0.3424, 5383
0.3430, 5382
0.3437, 5381
0.3444, 5380
0.3449, 5379
0.3455, 5378
0.3463, 5377
0.3469, 5376
0.3476, 5375
0.3482, 5374
0.3489, 5373
0.3495, 5372
0.3500, 5371
0.3508, 5370
0.3514, 5369
0.3522, 5368
0.3529, 5367
0.3534, 5366
0.3542, 5365
0.3549, 5364
0.3556, 5363
0.3566, 5362
0.3572, 5361
0.3580, 5360
0.3587, 5359
0.3593, 5358
0.3600, 5357
0.3611, 5356
0.3617, 5355
0.3623, 5354
0.3629, 5353
0.3636, 5352
0.3642, 5351
0.3650, 5350
0.3657, 5349
0.3663, 5348
0.3668, 5347
0.3675, 5346
0.3684, 5345
0.3692, 5344
0.3698, 5343
0.3706, 5342
0.3712, 5341
0.3717, 5340
0.3724, 5339
0.3729, 5338
0.3735, 5337
0.3741, 5336
0.3748, 5335
0.3754, 5334
0.3761, 5333
0.3770, 5332
0.3780, 5331
0.3786, 5330
0.3792, 5329
0.3797, 5328
0.3803, 5327
0.3810, 5326
0.3816, 5325
0.3821, 5324
0.3827, 5323
0.3838, 5322
0.3847, 5321
0.3857, 5320
0.3864, 5319
0.3870, 5318
0.3876, 5317
0.3881, 5316
0.3889, 5315
0.3896, 5314
0.3903, 5313
0.3909, 5312
0.3917, 5311
0.3925, 5310
0.3930, 5309
0.3936, 5308
0.3946, 5307
0.3953, 5306
0.3959, 5305
0.3964, 5304
0.3971, 5303
0.3977, 5302
0.3983, 5301
0.3988, 5300
0.3995, 5299
0.4000, 5298
0.4006, 5297
0.4012, 5296
0.4019, 5295
0.4027, 5294
0.4032, 5293
0.4039, 5292
0.4047, 5291
0.4054, 5290
0.4061, 5289
0.4069, 5288
0.4076, 5287
0.4081, 5286
0.4088, 5285
0.4093, 5284
0.4101, 5283
0.4107, 5282
0.4112, 5281
0.4118, 5280
0.4124, 5279
0.4130, 5278
0.4136, 5277
0.4142, 5276
0.4150, 5275
0.4156, 5274
0.4166, 5273
0.4172, 5272
0.4178, 5271
0.4184, 5270
0.4191, 5269
0.4197, 5268
0.4203, 5267
0.4208, 5266
0.4214, 5265
0.4221, 5264
0.4228, 5263
0.4234, 5262
0.4240, 5261
0.4246, 5260
0.4253, 5259
0.4259, 5258
0.4265, 5257
0.4272, 5256
0.4279, 5255
0.4286, 5254
0.4296, 5253
0.4303, 5252
0.4310, 5251
0.4321, 5250
0.4327, 5249
0.4332, 5248
0.4339, 5247
0.4346, 5246
0.4352, 5245
0.4358, 5244
0.4365, 5243
0.4371, 5242
0.4376, 5241
0.4383, 5240
0.4388, 5239
0.4394, 5238
0.4400, 5237
0.4408, 5236
0.4414, 5235
0.4420, 5234
0.4426, 5233
0.4431, 5232
0.4439, 5231
0.4445, 5230
0.4450, 5229
0.4456, 5228
0.4463, 5227
0.4472, 5226
0.4477, 5225
0.4483, 5224
0.4492, 5223
0.4501, 5222
0.4508, 5221
0.4515, 5220
0.4522, 5219
0.4528, 5218
0.4534, 5217
0.4540, 5216
0.4547, 5215
0.4554, 5214
0.4560, 5213
0.4568, 5212
0.4575, 5211
0.4583, 5210
0.4591, 5209
0.4597, 5208
0.4604, 5207
0.4612, 5206
0.4620, 5205
0.4627, 5204
0.4635, 5203
0.4641, 5202
0.4648, 5201
0.4654, 5200
0.4662, 5199
0.4668, 5198
0.4676, 5197
0.4682, 5196
0.4689, 5195
0.4697, 5194
0.4702, 5193
0.4708, 5192
0.4714, 5191
0.4720, 5190
0.4727, 5189
0.4732, 5188
0.4737, 5187
0.4743, 5186
0.4750, 5185
0.4756, 5184
0.4762, 5183
0.4770, 5182
0.4777, 5181
0.4785, 5180
0.4794, 5179
0.4800, 5178
0.4809, 5177
0.4815, 5176
0.4822, 5175
0.4830, 5174
0.4837, 5173
0.4845, 5172
0.4851, 5171
0.4858, 5170
0.4863, 5169
0.4871, 5168
0.4877, 5167
0.4883, 5166
0.4889, 5165
0.4898, 5164
0.4904, 5163
0.4911, 5162
0.4918, 5161
0.4928, 5160
0.4935, 5159
0.4943, 5158
0.4949, 5157
0.4956, 5156
0.4961, 5155
0.4968, 5154
0.4975, 5153
0.4983, 5152
0.4990, 5151
0.4996, 5150
0.5003, 5149
0.5009, 5148
0.5016, 5147
0.5021, 5146
0.5026, 5145
0.5031, 5144
0.5038, 5143
0.5044, 5142
0.5049, 5141
0.5054, 5140
0.5060, 5139
0.5066, 5138
0.5073, 5137
0.5081, 5136
0.5087, 5135
0.5094, 5134
0.5100, 5133
0.5106, 5132
0.5112, 5131
0.5119, 5130
0.5125, 5129
0.5132, 5128
0.5138, 5127
0.5146, 5126
0.5153, 5125
0.5159, 5124
0.5165, 5123
0.5170, 5122
0.5176, 5121
0.5184, 5120
0.5189, 5119
0.5195, 5118
0.5200, 5117
0.5205, 5116
0.5211, 5115
0.5217, 5114
0.5226, 5113
0.5233, 5112
0.5241, 5111
0.5249, 5110
0.5255, 5109
0.5260, 5108
0.5266, 5107
0.5271, 5106
0.5278, 5105
0.5284, 5104
0.5291, 5103
0.5299, 5102
0.5305, 5101
0.5314, 5100
0.5320, 5099
0.5328, 5098
0.5336, 5097
0.5342, 5096
0.5349, 5095
0.5355, 5094
0.5361, 5093
0.5368, 5092
0.5374, 5091
0.5381, 5090
0.5386, 5089
0.5393, 5088
0.5400, 5087
0.5409, 5086
0.5415, 5085
0.5421, 5084
0.5427, 5083
0.5435, 5082
0.5441, 5081
0.5447, 5080
0.5454, 5079
0.5460, 5078
0.5465, 5077
0.5472, 5076
0.5478, 5075
0.5485, 5074
0.5492, 5073
0.5500, 5072
0.5506, 5071
0.5511, 5070
0.5516, 5069
0.5524, 5068
0.5533, 5067
0.5540, 5066
0.5547, 5065
0.5554, 5064
0.5565, 5063
0.5571, 5062
0.5578, 5061
0.5583, 5060
0.5592, 5059
0.5598, 5058
0.5604, 5057
0.5610, 5056
0.5615, 5055
0.5622, 5054
0.5629, 5053
0.5636, 5052
0.5642, 5051
0.5648, 5050
0.5654, 5049
0.5660, 5048
0.5668, 5047
0.5674, 5046
0.5685, 5045
0.5691, 5044
0.5697, 5043
0.5703, 5042
0.5709, 5041
0.5718, 5040
0.5723, 5039
0.5730, 5038
0.5738, 5037
0.5744, 5036
0.5749, 5035
0.5757, 5034
0.5764, 5033
0.5770, 5032
0.5777, 5031
0.5787, 5030
0.5793, 5029
0.5801, 5028
0.5807, 5027
0.5814, 5026
0.5820, 5025
0.5826, 5024
0.5832, 5023
0.5838, 5022
0.5845, 5021
0.5852, 5020
0.5862, 5019
0.5872, 5018
0.5877, 5017
0.5882, 5016
0.5887, 5015
0.5897, 5014
0.5903, 5013
0.5910, 5012
0.5917, 5011
0.5924, 5010
0.5931, 5009
0.5937, 5008
0.5943, 5007
0.5949, 5006
0.5958, 5005
0.5963, 5004
0.5971, 5003
0.5977, 5002
0.5983, 5001
0.5992, 5000
0.5998, 4999
0.6007, 4998
0.6013, 4997
0.6019, 4996
0.6026, 4995
0.6031, 4994
0.6037, 4993
0.6045, 4992
0.6050, 4991
0.6057, 4990
0.6065, 4989
0.6075, 4988
0.6082, 4987
0.6088, 4986
0.6094, 4985
0.6101, 4984
0.6108, 4983
0.6114, 4982
0.6122, 4981
0.6130, 4980
0.6139, 4979
0.6144, 4978
0.6150, 4977
0.6157, 4976
0.6167, 4975
0.6176, 4974
0.6182, 4973
0.6188, 4972
0.6195, 4971
0.6202, 4970
0.6207, 4969
0.6215, 4968
0.6222, 4967
0.6228, 4966
0.6235, 4965
0.6242, 4964
0.6247, 4963
0.6253, 4962
0.6260, 4961
0.6268, 4960
0.6273, 4959
0.6278, 4958
0.6283, 4957
0.6289, 4956
0.6297, 4955
0.6302, 4954
0.6308, 4953
0.6314, 4952
0.6322, 4951
0.6332, 4950
0.6340, 4949
0.6351, 4948
0.6357, 4947
0.6364, 4946
0.6372, 4945
0.6377, 4944
0.6383, 4943
0.6389, 4942
0.6394, 4941
0.6400, 4940
0.6404, 4939
0.6411, 4938
0.6416, 4937
0.6423, 4936
0.6429, 4935
0.6438, 4934
0.6447, 4933
0.6452, 4932
0.6457, 4931
0.6464, 4930
0.6470, 4929
0.6476, 4928
0.6481, 4927
0.6488, 4926
0.6495, 4925
0.6501, 4924
0.6507, 4923
0.6515, 4922
0.6521, 4921
0.6527, 4920
0.6533, 4919
0.6542, 4918
0.6550, 4917
0.6556, 4916
0.6564, 4915
0.6569, 4914
0.6575, 4913
0.6579, 4912
0.6585, 4911
0.6590, 4910
0.6595, 4909
0.6604, 4908
0.6609, 4907
0.6615, 4906
0.6621, 4905
0.6626, 4904
0.6631, 4903
0.6637, 4902
0.6643, 4901
0.6648, 4900
0.6658, 4899
0.6665, 4898
0.6670, 4897
0.6675, 4896
0.6680, 4895
0.6687, 4894
0.6693, 4893
0.6698, 4892
0.6706, 4891
0.6714, 4890
0.6721, 4889
0.6726, 4888
0.6732, 4887
0.6737, 4886
0.6743, 4885
0.6748, 4884
0.6755, 4883
0.6760, 4882
0.6766, 4881
0.6772, 4880
0.6778, 4879
0.6787, 4878
0.6792, 4877
0.6797, 4876
0.6805, 4875
0.6811, 4874
0.6816, 4873
0.6822, 4872
0.6830, 4871
0.6837, 4870
0.6845, 4869
0.6853, 4868
0.6858, 4867
0.6864, 4866
0.6869, 4865
0.6878, 4864
0.6886, 4863
0.6892, 4862
0.6898, 4861
0.6905, 4860
0.6912, 4859
0.6920, 4858
0.6925, 4857
0.6933, 4856
0.6941, 4855
0.6947, 4854
0.6958, 4853
0.6963, 4852
0.6969, 4851
0.6975, 4850
0.6984, 4849
0.6991, 4848
0.6998, 4847
0.7003, 4846
0.7008, 4845
0.7016, 4844
0.7022, 4843
0.7027, 4842
0.7032, 4841
0.7039, 4840
0.7046, 4839
0.7055, 4838
0.7063, 4837
0.7070, 4836
0.7074, 4835
0.7080, 4834
0.7086, 4833
0.7093, 4832
0.7098, 4831
0.7107, 4830
0.7113, 4829
0.7119, 4828
0.7125, 4827
0.7134, 4826
0.7143, 4825
0.7148, 4824
0.7155, 4823
0.7161, 4822
0.7167, 4821
0.7173, 4820
0.7178, 4819
0.7184, 4818
0.7189, 4817
0.7195, 4816
0.7200, 4815
0.7206, 4814
0.7215, 4813
0.7224, 4812
0.7230, 4811
0.7235, 4810
0.7244, 4809
0.7249, 4808
0.7254, 4807
0.7259, 4806
0.7264, 4805
0.7272, 4804
0.7281, 4803
0.7286, 4802
0.7292, 4801
0.7299, 4800
0.7305, 4799
0.7310, 4798
0.7315, 4797
0.7321, 4796
0.7327, 4795
0.7334, 4794
0.7341, 4793
0.7347, 4792
0.7354, 4791
0.7360, 4790
0.7368, 4789
0.7373, 4788
0.7380, 4787
0.7385, 4786
0.7390, 4785
0.7396, 4784
0.7401, 4783
0.7408, 4782
0.7414, 4781
0.7423, 4780
0.7431, 4779
0.7436, 4778
0.7444, 4777
0.7449, 4776
0.7454, 4775
0.7459, 4774
0.7469, 4773
0.7475, 4772
0.7482, 4771
0.7487, 4770
0.7493, 4769
0.7502, 4768
0.7508, 4767
0.7513, 4766
0.7518, 4765
0.7527, 4764
0.7536, 4763
0.7542, 4762
0.7549, 4761
0.7554, 4760
0.7559, 4759
0.7570, 4758
0.7577, 4757
0.7582, 4756
0.7591, 4755
0.7596, 4754
0.7602, 4753
0.7607, 4752
0.7612, 4751
0.7620, 4750
0.7626, 4749
0.7631, 4748
0.7637, 4747
0.7646, 4746
0.7651, 4745
0.7659, 4744
0.7667, 4743
0.7675, 4742
0.7683, 4741
0.7689, 4740
0.7694, 4739
0.7700, 4738
0.7705, 4737
0.7711, 4736
0.7720, 4735
0.7725, 4734
0.7731, 4733
0.7736, 4732
0.7741, 4731
0.7749, 4730
0.7755, 4729
0.7759, 4728
0.7765, 4727
0.7774, 4726
0.7781, 4725
0.7790, 4724
0.7798, 4723
0.7803, 4722
0.7811, 4721
0.7819, 4720
0.7824, 4719
0.7830, 4718
0.7835, 4717
0.7842, 4716
0.7850, 4715
0.7858, 4714
0.7867, 4713
0.7871, 4712
0.7879, 4711
0.7887, 4710
0.7897, 4709
0.7903, 4708
0.7912, 4707
0.7918, 4706
0.7926, 4705
0.7933, 4704
0.7940, 4703
0.7949, 4702
0.7958, 4701
0.7966, 4700
0.7975, 4699
0.7983, 4698
0.7990, 4697
0.7997, 4696
0.8005, 4695
0.8013, 4694
0.8022, 4693
0.8030, 4692
0.8039, 4691
0.8048, 4690
0.9676, 4689
1.2039, 4688
1.2435, 4687
1.3224, 4686
1.6158, 4685
1.6550, 4684
1.7338, 4683
1.8319, 4682
1.9709, 4681
2.1736, 4680
2.2329, 4679
2.4102, 4678
2.5532, 4677
2.5932, 4676
2.8905, 4675
2.8911, 4674
2.9705, 4673
3.1888, 4672
3.1895, 4671
3.2692, 4670
3.3880, 4669
3.3889, 4668
3.5071, 4667
3.6057, 4666
3.6453, 4665
3.6461, 4664
3.6856, 4663
4.1663, 4662
4.2671, 4661
4.7929, 4660
4.8327, 4659
4.9512, 4658
5.0100, 4657
5.1870, 4656
5.4033, 4655
5.8328, 4654
5.9117, 4653
5.9122, 4652
6.4406, 4651
6.5586, 4650
6.6762, 4649
7.3319, 4648
7.4703, 4647
7.5491, 4646
7.7852, 4645
7.8247, 4644
7.8848, 4643
7.8854, 4642
7.9248, 4641
8.3915, 4640
8.5303, 4639
8.5312, 4638
8.8241, 4637
8.9028, 4636
9.1783, 4635
9.3354, 4634
9.4152, 4633
9.6884, 4632
9.8840, 4631
10.0609, 4630
10.1007, 4629
10.4152, 4628
10.4356, 4627
10.5935, 4626
10.6918, 4625
10.6924, 4624
11.0062, 4623
11.3986, 4622
11.5166, 4621
11.6941, 4620
11.7339, 4619
11.7931, 4618
11.8327, 4617
11.9128, 4616
12.6009, 4615
12.6014, 4614
12.8556, 4613
12.9150, 4612
13.2501, 4611
13.8194, 4610
13.8785, 4609
14.1550, 4608
14.5083, 4607
14.6064, 4606
14.6070, 4605
14.7266, 4604
14.8855, 4603
15.2978, 4602
16.5149, 4601
16.7101, 4600
17.0249, 4599
17.0650, 4598
17.3006, 4597
17.3793, 4596
17.7149, 4595
18.1507, 4594
18.8299, 4593
19.0481, 4592
19.1080, 4591
19.6796, 4590
20.0923, 4589
20.3695, 4588
20.5880, 4587
20.9285, 4586
21.5213, 4585
22.3921, 4584
22.7105, 4583
23.2647, 4582
23.2655, 4581
23.7242, 4580
23.8689, 4579
24.0465, 4578
24.2826, 4577
24.7306, 4576
24.8686, 4575
25.0251, 4574
26.1560, 4573
26.6837, 4572
27.5395, 4571
28.6720, 4570
28.8102, 4569
29.1036, 4568
29.2420, 4567
29.4184, 4566
29.8094, 4565
