0.0256, 2281
0.0936, 2280
0.1530, 2279
0.1594, 2278
0.2390, 2277
0.3262, 2276
0.3324, 2274
0.4046, 2273
0.4077, 2272
0.4258, 2271
0.4480, 2270
0.4513, 2269
0.4675, 2268
0.5119, 2267
0.5787, 2266
0.6644, 2265
0.7981, 2264
0.8192, 2263
0.8284, 2260
1.0948, 2258
1.1068, 2256
1.1130, 2254
1.1617, 2252
1.1920, 2251
1.2497, 2250
1.2893, 2249
1.3167, 2247
1.3604, 2246
1.3636, 2245
1.3792, 2244
1.4007, 2243
1.5462, 2242
1.5797, 2241
1.6139, 2240
1.6295, 2238
1.6521, 2237
1.6556, 2236
1.9217, 2235
1.9707, 2234
2.0260, 2233
2.0505, 2232
2.0720, 2229
2.2753, 2228
2.2977, 2227
2.3229, 2226
2.3689, 2225
2.3843, 2224
2.3972, 2223
2.4870, 2222
2.5733, 2221
2.8159, 2220
2.8651, 2219
