0.6539, 3931
0.6543, 3930
0.6546, 3929
0.6549, 3928
0.6553, 3927
0.6556, 3926
0.6560, 3925
0.6563, 3924
0.6566, 3923
0.6570, 3922
0.6573, 3921
0.6577, 3920
0.6581, 3919
0.6584, 3918
0.6587, 3917
0.6591, 3916
0.6594, 3915
0.6598, 3914
0.6601, 3913
0.6604, 3912
0.6608, 3911
0.6611, 3910
0.6614, 3909
0.6618, 3908
0.6621, 3907
0.6624, 3906
0.6628, 3905
0.6631, 3904
0.6634, 3903
0.6638, 3902
0.6641, 3901
0.6645, 3900
0.6648, 3899
0.6651, 3898
0.6654, 3897
0.6658, 3896
0.6661, 3895
0.6664, 3894
0.6668, 3893
0.6671, 3892
0.6674, 3891
0.6678, 3890
0.6681, 3889
0.6684, 3888
0.6688, 3887
0.6691, 3886
0.6695, 3885
0.6698, 3884
0.6701, 3883
0.6705, 3882
0.6708, 3881
0.6711, 3880
0.6715, 3879
0.6718, 3878
0.6721, 3877
0.6725, 3876
0.6728, 3875
0.6731, 3874
0.6735, 3873
0.6738, 3872
0.6741, 3871
0.6745, 3870
0.6748, 3869
0.6751, 3868
0.6754, 3867
0.6758, 3866
0.6761, 3865
0.6764, 3864
0.6768, 3863
0.6771, 3862
0.6774, 3861
0.6777, 3860
0.6781, 3859
0.6784, 3858
0.6787, 3857
0.6791, 3856
0.6794, 3855
0.6797, 3854
0.6801, 3853
0.6804, 3852
0.6807, 3851
0.6810, 3850
0.6814, 3849
0.6817, 3848
0.6820, 3847
0.6823, 3846
0.6827, 3845
0.6830, 3844
0.6833, 3843
0.6837, 3842
0.6840, 3841
0.6844, 3840
0.6847, 3839
0.6851, 3838
0.6854, 3837
0.6857, 3836
0.6861, 3835
0.6864, 3834
0.6868, 3833
0.6871, 3832
0.6874, 3831
0.6878, 3830
0.6881, 3829
0.6885, 3828
0.6888, 3827
0.6892, 3826
0.6895, 3825
0.6898, 3824
0.6902, 3823
0.6905, 3822
0.6909, 3821
0.6912, 3820
0.6916, 3819
0.6919, 3818
0.6923, 3817
0.6926, 3816
0.6930, 3815
0.6933, 3814
0.6936, 3813
0.6940, 3812
0.6943, 3811
0.6947, 3810
0.6950, 3809
0.6953, 3808
0.6956, 3807
0.6960, 3806
0.6963, 3805
0.6967, 3804
0.6970, 3803
0.6973, 3802
0.6977, 3801
0.6980, 3800
0.6983, 3799
0.6987, 3798
0.6990, 3797
0.6993, 3796
0.6997, 3795
0.7000, 3794
0.7004, 3793
0.7007, 3792
0.7010, 3791
0.7014, 3790
0.7017, 3789
0.7020, 3788
0.7024, 3787
0.7027, 3786
0.7030, 3785
0.7033, 3784
0.7037, 3783
0.7040, 3782
0.7043, 3781
0.7046, 3780
0.7050, 3779
0.7053, 3778
0.7056, 3777
0.7060, 3776
0.7063, 3775
0.7067, 3774
0.7070, 3773
0.7074, 3772
0.7077, 3771
0.7080, 3770
0.7083, 3769
0.7087, 3768
0.7090, 3767
0.7093, 3766
0.7096, 3765
0.7100, 3764
0.7103, 3763
0.7106, 3762
0.7110, 3761
0.7113, 3760
0.7116, 3759
0.7120, 3758
0.7123, 3757
0.7126, 3756
0.7129, 3755
0.7133, 3754
0.7136, 3753
0.7140, 3752
0.7143, 3751
0.7147, 3750
0.7150, 3749
0.7153, 3748
0.7157, 3747
0.7160, 3746
0.7164, 3745
0.7167, 3744
0.7171, 3743
0.7174, 3742
0.7178, 3741
0.7181, 3740
0.7184, 3739
0.7188, 3738
0.7191, 3737
0.7195, 3736
0.7198, 3735
0.7201, 3734
0.7205, 3733
0.7208, 3732
0.7211, 3731
0.7215, 3730
0.7218, 3729
0.7222, 3728
0.7225, 3727
0.7229, 3726
0.7232, 3725
0.7235, 3724
0.7239, 3723
0.7242, 3722
0.7245, 3721
0.7248, 3720
0.7252, 3719
0.7256, 3718
0.7259, 3717
0.7262, 3716
0.7266, 3715
0.7269, 3714
0.7273, 3713
0.7276, 3712
0.7279, 3711
0.7283, 3710
0.7286, 3709
0.7289, 3708
0.7293, 3707
0.7296, 3706
0.7299, 3705
0.7303, 3704
0.7306, 3703
0.7309, 3702
0.7312, 3701
0.7316, 3700
0.7319, 3699
0.7322, 3698
0.7325, 3697
0.7329, 3696
0.7332, 3695
0.7335, 3694
0.7338, 3693
0.7342, 3692
0.7345, 3691
0.7348, 3690
0.7351, 3689
0.7354, 3688
0.7358, 3687
0.7361, 3686
0.7364, 3685
0.7367, 3684
0.7371, 3683
0.7374, 3682
0.7377, 3681
0.7381, 3680
0.7384, 3679
0.7387, 3678
0.7390, 3677
0.7394, 3676
0.7397, 3675
0.7400, 3674
0.7403, 3673
0.7407, 3672
0.7410, 3671
0.7413, 3670
0.7416, 3669
0.7420, 3668
0.7423, 3667
0.7426, 3666
0.7429, 3665
0.7433, 3664
0.7436, 3663
0.7439, 3662
0.7442, 3661
0.7445, 3660
0.7449, 3659
0.7452, 3658
0.7455, 3657
0.7459, 3656
0.7462, 3655
0.7465, 3654
0.7468, 3653
0.7472, 3652
0.7475, 3651
0.7478, 3650
0.7481, 3649
0.7484, 3648
0.7488, 3647
0.7491, 3646
0.7494, 3645
0.7498, 3644
0.7501, 3643
0.7504, 3642
0.7507, 3641
0.7511, 3640
0.7514, 3639
0.7517, 3638
0.7520, 3637
0.7524, 3636
0.7527, 3635
0.7530, 3634
0.7533, 3633
0.7537, 3632
0.7540, 3631
0.7543, 3630
0.7546, 3629
0.7550, 3628
0.7553, 3627
0.7556, 3626
0.7559, 3625
0.7562, 3624
0.7566, 3623
0.7569, 3622
0.7572, 3621
0.7575, 3620
0.7579, 3619
0.7582, 3618
0.7585, 3617
0.7588, 3616
0.7591, 3615
0.7595, 3614
0.7598, 3613
0.7601, 3612
0.7604, 3611
0.7607, 3610
0.7610, 3609
0.7614, 3608
0.7617, 3607
0.7620, 3606
0.7624, 3605
0.7627, 3604
0.7630, 3603
0.7633, 3602
0.7636, 3601
0.7640, 3600
0.7643, 3599
0.7646, 3598
0.7649, 3597
0.7652, 3596
0.7655, 3595
0.7659, 3594
0.7662, 3593
0.7665, 3592
0.7668, 3591
0.7671, 3590
0.7675, 3589
0.7678, 3588
0.7681, 3587
0.7684, 3586
0.7687, 3585
0.7690, 3584
0.7694, 3583
0.7697, 3582
0.7700, 3581
0.7703, 3580
0.7706, 3579
0.7710, 3578
0.7713, 3577
0.7716, 3576
0.7719, 3575
0.7722, 3574
0.7725, 3573
0.7729, 3572
0.7732, 3571
0.7735, 3570
0.7738, 3569
0.7741, 3568
0.7745, 3567
0.7748, 3566
0.7751, 3565
0.7754, 3564
0.7757, 3563
0.7761, 3562
0.7764, 3561
0.7767, 3560
0.7770, 3559
0.7773, 3558
0.7776, 3557
0.7779, 3556
0.7782, 3555
0.7786, 3554
0.7789, 3553
0.7792, 3552
0.7795, 3551
0.7798, 3550
0.7801, 3549
0.7805, 3548
0.7808, 3547
0.7812, 3546
0.7815, 3545
0.7818, 3544
0.7822, 3543
0.7825, 3542
0.7828, 3541
0.7831, 3540
0.7834, 3539
0.7837, 3538
0.7840, 3537
0.7844, 3536
0.7847, 3535
0.7850, 3534
0.7853, 3533
0.7857, 3532
0.7860, 3531
0.7863, 3530
0.7866, 3529
0.7870, 3528
0.7873, 3527
0.7876, 3526
0.7879, 3525
0.7882, 3524
0.7886, 3523
0.7889, 3522
0.7892, 3521
0.7895, 3520
0.7899, 3519
0.7902, 3518
0.7905, 3517
0.7908, 3516
0.7912, 3515
0.7915, 3514
0.7918, 3513
0.7921, 3512
0.7924, 3511
0.7927, 3510
0.7931, 3509
0.7934, 3508
0.7937, 3507
0.7940, 3506
0.7943, 3505
0.7947, 3504
0.7950, 3503
0.7953, 3502
0.7956, 3501
0.7960, 3500
0.7963, 3499
0.7966, 3498
0.7969, 3497
0.7972, 3496
0.7975, 3495
0.7978, 3494
0.7982, 3493
0.7985, 3492
0.7988, 3491
0.7991, 3490
0.7994, 3489
0.7997, 3488
0.8000, 3487
0.8004, 3486
0.8007, 3485
0.8010, 3484
0.8013, 3483
0.8016, 3482
0.8019, 3481
0.8022, 3480
0.8025, 3479
0.8028, 3478
0.8031, 3477
0.8034, 3476
0.8038, 3475
0.8041, 3474
0.8044, 3473
0.8047, 3472
0.8050, 3471
0.8053, 3470
0.8056, 3469
0.8059, 3468
0.8062, 3467
0.8066, 3466
0.8069, 3465
0.8072, 3464
0.8075, 3463
0.8078, 3462
0.8081, 3461
0.8084, 3460
0.8087, 3459
0.8090, 3458
0.8093, 3457
0.8097, 3456
0.8100, 3455
0.8103, 3454
0.8106, 3453
0.8109, 3452
0.8112, 3451
0.8115, 3450
0.8118, 3449
0.8121, 3448
0.8124, 3447
0.8128, 3446
0.8131, 3445
0.8134, 3444
0.8137, 3443
0.8140, 3442
0.8143, 3441
0.8146, 3440
0.8149, 3439
0.8152, 3438
0.8155, 3437
0.8158, 3436
0.8161, 3435
0.8164, 3434
0.8167, 3433
0.8171, 3432
0.8174, 3431
0.8177, 3430
0.8180, 3429
0.8183, 3428
0.8186, 3427
0.8189, 3426
0.8193, 3425
0.8196, 3424
0.8199, 3423
0.8202, 3422
0.8205, 3421
0.8209, 3420
0.8212, 3419
0.8215, 3418
0.8218, 3417
0.8221, 3416
0.8224, 3415
0.8228, 3414
0.8231, 3413
0.8234, 3412
0.8237, 3411
0.8241, 3410
0.8244, 3409
0.8247, 3408
0.8250, 3407
0.8253, 3406
0.8256, 3405
0.8259, 3404
0.8262, 3403
0.8265, 3402
0.8268, 3401
0.8271, 3400
0.8274, 3399
0.8277, 3398
0.8280, 3397
0.8284, 3396
0.8287, 3395
0.8290, 3394
0.8293, 3393
0.8296, 3392
0.8300, 3391
0.8303, 3390
0.8306, 3389
0.8309, 3388
0.8312, 3387
0.8315, 3386
0.8318, 3385
0.8321, 3384
0.8324, 3383
0.8327, 3382
0.8331, 3381
0.8334, 3380
0.8337, 3379
0.8340, 3378
0.8343, 3377
0.8346, 3376
0.8349, 3375
0.8352, 3374
0.8356, 3373
0.8359, 3372
0.8362, 3371
0.8365, 3370
0.8368, 3369
0.8371, 3368
0.8374, 3367
0.8377, 3366
0.8380, 3365
0.8383, 3364
0.8386, 3363
0.8389, 3362
0.8392, 3361
0.8395, 3360
0.8398, 3359
0.8401, 3358
0.8404, 3357
0.8407, 3356
0.8411, 3355
0.8414, 3354
0.8417, 3353
0.8420, 3352
0.8423, 3351
0.8426, 3350
0.8429, 3349
0.8432, 3348
0.8436, 3347
0.8439, 3346
0.8442, 3345
0.8445, 3344
0.8448, 3343
0.8451, 3342
0.8454, 3341
0.8457, 3340
0.8460, 3339
0.8463, 3338
0.8466, 3337
0.8469, 3336
0.8472, 3335
0.8475, 3334
0.8479, 3333
0.8482, 3332
0.8485, 3331
0.8488, 3330
0.8491, 3329
0.8494, 3328
0.8497, 3327
0.8500, 3326
0.8503, 3325
0.8506, 3324
0.8509, 3323
0.8512, 3322
0.8515, 3321
0.8518, 3320
0.8522, 3319
0.8525, 3318
0.8528, 3317
0.8531, 3316
0.8534, 3315
0.8538, 3314
0.8541, 3313
0.8544, 3312
0.8547, 3311
0.8550, 3310
0.8553, 3309
0.8557, 3308
0.8560, 3307
0.8563, 3306
0.8566, 3305
0.8570, 3304
0.8573, 3303
0.8576, 3302
0.8579, 3301
0.8583, 3300
0.8586, 3299
0.8590, 3298
0.8593, 3297
0.8596, 3296
0.8599, 3295
0.8602, 3294
0.8605, 3293
0.8609, 3292
0.8612, 3291
0.8615, 3290
0.8619, 3289
0.8622, 3288
0.8625, 3287
0.8628, 3286
0.8631, 3285
0.8634, 3284
0.8637, 3283
0.8640, 3282
0.8643, 3281
0.8647, 3280
0.8650, 3279
0.8653, 3278
0.8656, 3277
0.8659, 3276
0.8663, 3275
0.8666, 3274
0.8669, 3273
0.8672, 3272
0.8676, 3271
0.8679, 3270
0.8682, 3269
0.8685, 3268
0.8688, 3267
0.8691, 3266
0.8694, 3265
0.8697, 3264
0.8701, 3263
0.8703, 3262
0.8706, 3261
0.8710, 3260
0.8712, 3259
0.8716, 3258
0.8719, 3257
0.8722, 3256
0.8725, 3255
0.8728, 3254
0.8731, 3253
0.8734, 3252
0.8737, 3251
0.8740, 3250
0.8743, 3249
0.8746, 3248
0.8749, 3247
0.8752, 3246
0.8756, 3245
0.8758, 3244
0.8762, 3243
0.8765, 3242
0.8768, 3241
0.8771, 3240
0.8774, 3239
0.8778, 3238
0.8781, 3237
0.8784, 3236
0.8787, 3235
0.8790, 3234
0.8793, 3233
0.8796, 3232
0.8799, 3231
0.8803, 3230
0.8805, 3229
0.8809, 3228
0.8813, 3227
0.8816, 3226
0.8819, 3225
0.8822, 3224
0.8825, 3223
0.8829, 3222
0.8833, 3221
0.8836, 3220
0.8839, 3219
0.8842, 3218
0.8845, 3217
0.8848, 3216
0.8852, 3215
0.8855, 3214
0.8858, 3213
0.8861, 3212
0.8864, 3211
0.8866, 3210
0.8869, 3209
0.8872, 3208
0.8875, 3207
0.8878, 3206
0.8882, 3205
0.8885, 3204
0.8889, 3203
0.8893, 3202
0.8896, 3201
0.8899, 3200
0.8903, 3199
0.8906, 3198
0.8909, 3197
0.8913, 3196
0.8917, 3195
0.8920, 3194
0.8923, 3193
0.8926, 3192
0.8929, 3191
0.8932, 3190
0.8935, 3189
0.8938, 3188
0.8941, 3187
0.8945, 3186
0.8948, 3185
0.8951, 3184
0.8954, 3183
0.8957, 3182
0.8960, 3181
0.8963, 3180
0.8967, 3179
0.8971, 3178
0.8974, 3177
0.8977, 3176
0.8980, 3175
0.8983, 3174
0.8986, 3173
0.8989, 3172
0.8993, 3171
0.8996, 3170
0.8999, 3169
0.9002, 3168
0.9005, 3167
0.9008, 3166
0.9011, 3165
0.9014, 3164
0.9017, 3163
0.9020, 3162
0.9023, 3161
0.9026, 3160
0.9029, 3159
0.9032, 3158
0.9035, 3157
0.9038, 3156
0.9041, 3155
0.9044, 3154
0.9046, 3153
0.9049, 3152
0.9052, 3151
0.9056, 3150
0.9059, 3149
0.9062, 3148
0.9065, 3147
0.9068, 3146
0.9071, 3145
0.9075, 3144
0.9078, 3143
0.9081, 3142
0.9084, 3141
0.9087, 3140
0.9090, 3139
0.9093, 3138
0.9096, 3137
0.9099, 3136
0.9102, 3135
0.9106, 3134
0.9109, 3133
0.9112, 3132
0.9115, 3131
0.9118, 3130
0.9121, 3129
0.9124, 3128
0.9126, 3127
0.9130, 3126
0.9132, 3125
0.9135, 3124
0.9138, 3123
0.9141, 3122
0.9144, 3121
0.9147, 3120
0.9150, 3119
0.9153, 3118
0.9155, 3117
0.9158, 3116
0.9161, 3115
0.9164, 3114
0.9167, 3113
0.9170, 3112
0.9173, 3111
0.9176, 3110
0.9179, 3109
0.9182, 3108
0.9185, 3107
0.9188, 3106
0.9191, 3105
0.9194, 3104
0.9197, 3103
0.9200, 3102
0.9203, 3101
0.9206, 3100
0.9209, 3099
0.9212, 3098
0.9215, 3097
0.9218, 3096
0.9221, 3095
0.9224, 3094
0.9227, 3093
0.9229, 3092
0.9232, 3091
0.9235, 3090
0.9238, 3089
0.9241, 3088
0.9245, 3087
0.9248, 3086
0.9250, 3085
0.9254, 3084
0.9257, 3083
0.9260, 3082
0.9263, 3081
0.9266, 3080
0.9269, 3079
0.9272, 3078
0.9275, 3077
0.9278, 3076
0.9281, 3075
0.9284, 3074
0.9288, 3073
0.9290, 3072
0.9293, 3071
0.9296, 3070
0.9299, 3069
0.9302, 3068
0.9304, 3067
0.9307, 3066
0.9310, 3065
0.9313, 3064
0.9316, 3063
0.9318, 3062
0.9321, 3061
0.9324, 3060
0.9327, 3059
0.9330, 3058
0.9333, 3057
0.9336, 3056
0.9338, 3055
0.9342, 3054
0.9345, 3053
0.9348, 3052
0.9351, 3051
0.9354, 3050
0.9356, 3049
0.9359, 3048
0.9362, 3047
0.9365, 3046
0.9368, 3045
0.9371, 3044
0.9373, 3043
0.9376, 3042
0.9379, 3041
0.9382, 3040
0.9384, 3039
0.9387, 3038
0.9390, 3037
0.9393, 3036
0.9396, 3035
0.9399, 3034
0.9402, 3033
0.9405, 3032
0.9407, 3031
0.9410, 3030
0.9413, 3029
0.9416, 3028
0.9419, 3027
0.9421, 3026
0.9424, 3025
0.9427, 3024
0.9430, 3023
0.9433, 3022
0.9436, 3021
0.9439, 3020
0.9441, 3019
0.9444, 3018
0.9447, 3017
0.9450, 3016
0.9453, 3015
0.9455, 3014
0.9458, 3013
0.9461, 3012
0.9464, 3011
0.9466, 3010
0.9469, 3009
0.9472, 3008
0.9475, 3007
0.9477, 3006
0.9480, 3005
0.9483, 3004
0.9486, 3003
0.9488, 3002
0.9491, 3001
0.9494, 3000
0.9497, 2999
0.9500, 2998
0.9502, 2997
0.9505, 2996
0.9508, 2995
0.9511, 2994
0.9514, 2993
0.9517, 2992
0.9520, 2991
0.9523, 2990
0.9525, 2989
0.9528, 2988
0.9531, 2987
0.9534, 2986
0.9537, 2985
0.9540, 2984
0.9543, 2983
0.9546, 2982
0.9549, 2981
0.9552, 2980
0.9555, 2979
0.9558, 2978
0.9561, 2977
0.9564, 2976
0.9567, 2975
0.9570, 2974
0.9573, 2973
0.9575, 2972
0.9578, 2971
0.9581, 2970
0.9584, 2969
0.9586, 2968
0.9589, 2967
0.9592, 2966
0.9595, 2965
0.9598, 2964
0.9601, 2963
0.9604, 2962
0.9607, 2961
0.9610, 2960
0.9613, 2959
0.9616, 2958
0.9620, 2957
0.9623, 2956
0.9625, 2955
0.9628, 2954
0.9631, 2953
0.9634, 2952
0.9637, 2951
0.9640, 2950
0.9642, 2949
0.9645, 2948
0.9648, 2947
0.9651, 2946
0.9654, 2945
0.9657, 2944
0.9659, 2943
0.9663, 2942
0.9666, 2941
0.9668, 2940
0.9671, 2939
0.9674, 2938
0.9677, 2937
0.9680, 2936
0.9683, 2935
0.9686, 2934
0.9689, 2933
0.9692, 2932
0.9695, 2931
0.9698, 2930
0.9702, 2929
0.9704, 2928
0.9707, 2927
0.9710, 2926
0.9713, 2925
0.9716, 2924
0.9719, 2923
0.9722, 2922
0.9725, 2921
0.9728, 2920
0.9732, 2919
0.9735, 2918
0.9738, 2917
0.9740, 2916
0.9744, 2915
0.9747, 2914
0.9749, 2913
0.9752, 2912
0.9755, 2911
0.9758, 2910
0.9761, 2909
0.9764, 2908
0.9767, 2907
0.9769, 2906
0.9772, 2905
0.9775, 2904
0.9778, 2903
0.9781, 2902
0.9784, 2901
0.9786, 2900
0.9790, 2899
0.9792, 2898
0.9795, 2897
0.9799, 2896
0.9801, 2895
0.9804, 2894
0.9807, 2893
0.9810, 2892
0.9813, 2891
0.9816, 2890
0.9819, 2889
0.9822, 2888
0.9825, 2887
0.9828, 2886
0.9831, 2885
0.9833, 2884
0.9836, 2883
0.9839, 2882
0.9842, 2881
0.9845, 2880
0.9847, 2879
0.9850, 2878
0.9853, 2877
0.9856, 2876
0.9859, 2875
0.9862, 2874
0.9864, 2873
0.9867, 2872
0.9870, 2871
0.9873, 2870
0.9876, 2869
0.9878, 2868
0.9881, 2867
0.9884, 2866
0.9887, 2865
0.9890, 2864
0.9892, 2863
0.9895, 2862
0.9898, 2861
0.9900, 2860
0.9903, 2859
0.9906, 2858
0.9908, 2857
0.9911, 2856
0.9914, 2855
0.9916, 2854
0.9919, 2853
0.9922, 2852
0.9925, 2851
0.9928, 2850
0.9930, 2849
0.9933, 2848
0.9936, 2847
0.9939, 2846
0.9941, 2845
0.9944, 2844
0.9947, 2843
0.9949, 2842
0.9952, 2841
0.9955, 2840
0.9958, 2839
0.9961, 2838
0.9963, 2837
0.9966, 2836
0.9969, 2835
0.9972, 2834
0.9974, 2833
0.9977, 2832
0.9980, 2831
0.9983, 2830
0.9985, 2829
0.9988, 2828
0.9991, 2827
0.9993, 2826
0.9997, 2825
0.9999, 2824
1.0002, 2823
1.0005, 2822
1.0007, 2821
1.0010, 2820
1.0013, 2819
1.0015, 2818
1.0018, 2817
1.0021, 2816
1.0023, 2815
1.0026, 2814
1.0029, 2813
1.0032, 2812
1.0035, 2811
1.0037, 2810
1.0040, 2809
1.0043, 2808
1.0045, 2807
1.0048, 2806
1.0051, 2805
1.0054, 2804
1.0056, 2803
1.0059, 2802
1.0062, 2801
1.0065, 2800
1.0068, 2799
1.0070, 2798
1.0073, 2797
1.0076, 2796
1.0078, 2795
1.0081, 2794
1.0084, 2793
1.0087, 2792
1.0090, 2791
1.0092, 2790
1.0095, 2789
1.0098, 2788
1.0100, 2787
1.0103, 2786
1.0106, 2785
1.0108, 2784
1.0111, 2783
1.0114, 2782
1.0117, 2781
1.0119, 2780
1.0122, 2779
1.0124, 2778
1.0127, 2777
1.0130, 2776
1.0132, 2775
1.0135, 2774
1.0138, 2773
1.0140, 2772
1.0143, 2771
1.0146, 2770
1.0148, 2769
1.0151, 2768
1.0153, 2767
1.0156, 2766
1.0159, 2765
1.0161, 2764
1.0164, 2763
1.0167, 2762
1.0169, 2761
1.0172, 2760
1.0175, 2759
1.0178, 2758
1.0180, 2757
1.0183, 2756
1.0186, 2755
1.0189, 2754
1.0192, 2753
1.0195, 2752
1.0198, 2751
1.0201, 2750
1.0204, 2749
1.0206, 2748
1.0209, 2747
1.0212, 2746
1.0215, 2745
1.0219, 2744
1.0222, 2743
1.0225, 2742
1.0228, 2741
1.0230, 2740
1.0233, 2739
1.0236, 2738
1.0239, 2737
1.0242, 2736
1.0245, 2735
1.0248, 2734
1.0250, 2733
1.0254, 2732
1.0256, 2731
1.0259, 2730
1.0262, 2729
1.0265, 2728
1.0268, 2727
1.0270, 2726
1.0273, 2725
1.0276, 2724
1.0279, 2723
1.0282, 2722
1.0285, 2721
1.0287, 2720
1.0290, 2719
1.0293, 2718
1.0296, 2717
1.0299, 2716
1.0302, 2715
1.0304, 2714
1.0307, 2713
1.0309, 2712
1.0312, 2711
1.0315, 2710
1.0317, 2709
1.0320, 2708
1.0323, 2707
1.0325, 2706
1.0328, 2705
1.0331, 2704
1.0333, 2703
1.0336, 2702
1.0339, 2701
1.0341, 2700
1.0344, 2699
1.0347, 2698
1.0349, 2697
1.0352, 2696
1.0355, 2695
1.0357, 2694
1.0360, 2693
1.0363, 2692
1.0366, 2691
1.0368, 2690
1.0371, 2689
1.0374, 2688
1.0376, 2687
1.0379, 2686
1.0382, 2685
1.0384, 2684
1.0387, 2683
1.0390, 2682
1.0392, 2681
1.0395, 2680
1.0397, 2679
1.0401, 2678
1.0404, 2677
1.0407, 2676
1.0409, 2675
1.0412, 2674
1.0415, 2673
1.0417, 2672
1.0420, 2671
1.0423, 2670
1.0425, 2669
1.0428, 2668
1.0430, 2667
1.0433, 2666
1.0436, 2665
1.0439, 2664
1.0441, 2663
1.0444, 2662
1.0446, 2661
1.0449, 2660
1.0452, 2659
1.0454, 2658
1.0457, 2657
1.0459, 2656
1.0462, 2655
1.0464, 2654
1.0467, 2653
1.0469, 2652
1.0472, 2651
1.0475, 2650
1.0477, 2649
1.0480, 2648
1.0482, 2647
1.0485, 2646
1.0487, 2645
1.0490, 2644
1.0492, 2643
1.0495, 2642
1.0497, 2641
1.0500, 2640
1.0503, 2639
1.0505, 2638
1.0508, 2637
1.0510, 2636
1.0513, 2635
1.0515, 2634
1.0518, 2633
1.0521, 2632
1.0523, 2631
1.0526, 2630
1.0530, 2629
1.0532, 2628
1.0535, 2627
1.0538, 2626
1.0541, 2625
1.0543, 2624
1.0546, 2623
1.0548, 2622
1.0551, 2621
1.0554, 2620
1.0556, 2619
1.0559, 2618
1.0562, 2617
1.0565, 2616
1.0567, 2615
1.0571, 2614
1.0573, 2613
1.0576, 2612
1.0578, 2611
1.0581, 2610
1.0583, 2609
1.0586, 2608
1.0589, 2607
1.0592, 2606
1.0595, 2605
1.0598, 2604
1.0600, 2603
1.0603, 2602
1.0606, 2601
1.0608, 2600
1.0611, 2599
1.0614, 2598
1.0616, 2597
1.0619, 2596
1.0622, 2595
1.0625, 2594
1.0627, 2593
1.0630, 2592
1.0633, 2591
1.0635, 2590
1.0638, 2589
1.0641, 2588
1.0643, 2587
1.0646, 2586
1.0648, 2585
1.0651, 2584
1.0653, 2583
1.0656, 2582
1.0658, 2581
1.0661, 2580
1.0664, 2579
1.0667, 2578
1.0669, 2577
1.0672, 2576
1.0674, 2575
1.0677, 2574
1.0679, 2573
1.0682, 2572
1.0685, 2571
1.0687, 2570
1.0690, 2569
1.0795, 2568
1.0860, 2567
1.0946, 2566
1.0948, 2565
1.1032, 2564
1.1035, 2563
1.1077, 2562
1.1210, 2561
1.1318, 2560
1.1385, 2559
1.1679, 2558
1.1744, 2557
1.1912, 2556
1.2039, 2555
1.2123, 2554
1.2126, 2553
1.2128, 2552
1.2192, 2551
1.2276, 2550
1.2483, 2549
1.2527, 2548
1.2550, 2547
1.2552, 2546
1.2555, 2545
1.2639, 2544
1.2642, 2543
1.2644, 2542
1.2893, 2541
1.2895, 2540
1.2980, 2539
1.3064, 2538
1.3067, 2537
1.3130, 2536
1.3256, 2535
1.3320, 2534
1.3486, 2533
1.3674, 2532
1.3676, 2531
1.3699, 2530
1.3701, 2529
1.3786, 2528
1.3849, 2527
1.3893, 2526
1.3895, 2525
1.3959, 2524
1.4003, 2523
1.4026, 2522
1.4050, 2521
1.4114, 2520
1.4116, 2519
1.4159, 2518
1.4224, 2517
1.4226, 2516
1.4228, 2515
1.4231, 2514
1.4315, 2513
1.4973, 2512
1.5119, 2511
1.5121, 2510
1.5390, 2509
1.5516, 2508
1.5580, 2507
1.5706, 2506
1.5708, 2505
1.5832, 2504
1.5978, 2503
1.6062, 2502
1.6248, 2501
1.6585, 2500
1.6609, 2499
1.6656, 2498
1.6659, 2497
1.6662, 2496
1.6707, 2495
1.6814, 2494
1.6858, 2493
1.6860, 2492
1.6966, 2491
1.7009, 2490
1.7011, 2489
1.7014, 2488
1.7016, 2487
1.7018, 2486
1.7082, 2485
1.7085, 2484
1.7108, 2483
1.7234, 2482
1.7237, 2481
1.7239, 2480
1.7365, 2479
1.7512, 2478
1.7598, 2477
1.7642, 2476
1.7706, 2475
1.7749, 2474
1.7793, 2473
1.7795, 2472
1.7798, 2471
1.7800, 2470
1.7987, 2469
1.8133, 2468
1.8135, 2467
1.8138, 2466
1.8160, 2465
1.8163, 2464
1.8330, 2463
1.8476, 2462
1.8602, 2461
1.8728, 2460
1.8730, 2459
1.8814, 2458
1.8817, 2457
1.8840, 2456
1.8945, 2455
1.8947, 2454
1.8949, 2453
1.9116, 2452
1.9263, 2451
1.9368, 2450
1.9370, 2449
1.9434, 2448
1.9643, 2447
1.9809, 2446
1.9873, 2445
1.9998, 2444
2.0042, 2443
2.0312, 2442
2.0499, 2441
2.0583, 2440
2.0647, 2439
2.0834, 2438
2.0898, 2437
2.0962, 2436
2.1047, 2435
2.1338, 2434
2.1402, 2433
2.1569, 2432
2.1634, 2431
2.1657, 2430
2.1997, 2429
2.2124, 2428
2.2396, 2427
2.2461, 2426
2.2463, 2425
2.2548, 2424
2.2758, 2423
2.2760, 2422
2.2824, 2421
2.2889, 2420
2.3180, 2419
2.3183, 2418
2.3392, 2417
2.3476, 2416
2.3601, 2415
2.3726, 2414
2.3870, 2413
2.3873, 2412
2.3875, 2411
2.3897, 2410
2.3900, 2409
2.4045, 2408
2.4047, 2407
2.4049, 2406
2.4173, 2405
2.4176, 2404
2.4178, 2403
2.4303, 2402
2.4305, 2401
2.4430, 2400
2.4474, 2399
2.4476, 2398
2.4499, 2397
2.4501, 2396
2.4606, 2395
2.4670, 2394
2.4672, 2393
2.4695, 2392
2.4697, 2391
2.4762, 2390
2.4993, 2389
2.5036, 2388
2.5039, 2387
2.5041, 2386
2.5043, 2385
2.5045, 2384
2.5048, 2383
2.5112, 2382
2.5114, 2381
2.5198, 2380
2.5201, 2379
2.5203, 2378
2.5267, 2377
2.5269, 2376
2.5272, 2375
2.5336, 2374
2.5358, 2373
2.5422, 2372
2.5425, 2371
2.5427, 2370
2.5573, 2369
2.5575, 2368
2.5663, 2367
2.5733, 2366
2.5735, 2365
2.5738, 2364
2.5811, 2363
2.5813, 2362
2.5816, 2361
2.5818, 2360
2.5821, 2359
2.5823, 2358
2.6022, 2357
2.6068, 2356
2.6070, 2355
2.6094, 2354
2.6096, 2353
2.6234, 2352
2.6236, 2351
2.6238, 2350
2.6241, 2349
2.6243, 2348
2.6289, 2347
2.6501, 2346
2.6527, 2345
2.6596, 2344
2.6644, 2343
2.6692, 2342
2.6902, 2341
2.6904, 2340
2.6951, 2339
2.6998, 2338
2.7000, 2337
2.7002, 2336
2.7071, 2335
2.7261, 2334
2.7286, 2333
2.7289, 2332
2.7468, 2331
2.7515, 2330
2.7518, 2329
2.7564, 2328
2.7883, 2327
2.8038, 2326
2.8040, 2325
2.8043, 2324
2.8170, 2323
2.8173, 2322
2.8286, 2321
2.8288, 2320
2.9117, 2319
2.9759, 2318
2.9784, 2317
2.9808, 2316
2.9854, 2315
2.9856, 2314
2.9884, 2313
2.9930, 2312
2.9932, 2311
2.9982, 2310
3.0120, 2309
3.0189, 2308
3.0279, 2307
3.0305, 2306
3.0307, 2305
3.0353, 2304
3.0356, 2303
3.0511, 2302
3.0513, 2301
3.0625, 2300
3.0627, 2299
3.0651, 2298
3.0763, 2297
3.0808, 2296
3.0811, 2295
3.0856, 2294
3.0910, 2293
3.0912, 2292
3.0937, 2291
3.1027, 2290
3.1072, 2289
3.1205, 2288
3.1294, 2287
3.1427, 2286
3.1430, 2285
3.1432, 2284
3.1500, 2283
3.1525, 2282
3.1527, 2281
3.1760, 2280
3.2141, 2279
3.2247, 2278
3.2850, 2277
3.3114, 2276
3.3459, 2275
3.4093, 2274
3.4293, 2273
3.4296, 2272
3.4298, 2271
3.4300, 2270
3.4467, 2269
3.4485, 2268
3.4611, 2267
3.4780, 2266
3.4783, 2265
3.4785, 2264
3.4809, 2263
3.4812, 2262
3.5087, 2261
3.5267, 2260
3.5435, 2259
3.5438, 2258
3.5641, 2257
3.6088, 2256
3.6179, 2255
3.6181, 2254
3.6491, 2253
3.6494, 2252
3.6565, 2251
3.6943, 2250
3.7084, 2249
3.7091, 2248
3.7097, 2247
3.7576, 2246
3.7621, 2245
3.7768, 2244
3.7870, 2243
3.8201, 2242
3.8204, 2241
3.8250, 2240
3.8418, 2239
3.8486, 2238
3.8620, 2237
3.8631, 2236
3.9118, 2235
3.9252, 2234
3.9254, 2233
3.9487, 2232
3.9489, 2231
3.9570, 2230
3.9572, 2229
3.9869, 2228
4.0249, 2227
4.0251, 2226
4.0297, 2225
4.1646, 2224
4.3069, 2223
4.3824, 2222
4.4372, 2221
4.4569, 2220
4.4830, 2219
4.4936, 2218
4.5068, 2217
4.5621, 2216
4.7303, 2215
4.9005, 2214
4.9030, 2213
