0.0373, 2281
0.0410, 2280
0.0443, 2279
0.1344, 2278
0.1471, 2277
0.1567, 2275
0.1632, 2274
0.1664, 2273
0.2098, 2272
0.2130, 2271
0.2589, 2269
0.2652, 2268
0.3168, 2267
0.3412, 2266
0.3652, 2264
0.4140, 2263
0.4516, 2262
0.4549, 2261
0.4645, 2260
0.4951, 2259
0.5253, 2258
0.5496, 2257
0.5977, 2254
0.7351, 2253
0.9341, 2251
0.9646, 2250
0.9706, 2247
1.0039, 2246
1.1007, 2245
1.3700, 2244
1.4002, 2242
1.5455, 2241
1.6786, 2239
1.7030, 2237
1.7091, 2236
1.8380, 2233
1.8741, 2232
1.9666, 2231
1.9734, 2230
2.0078, 2229
2.0161, 2228
2.0641, 2227
2.1749, 2224
2.2797, 2223
2.6672, 2222
2.8224, 2221
3.0790, 2220
