0.6439, 3931
0.6442, 3930
0.6446, 3929
0.6449, 3928
0.6452, 3927
0.6456, 3926
0.6459, 3925
0.6462, 3924
0.6466, 3923
0.6469, 3922
0.6472, 3921
0.6476, 3920
0.6479, 3919
0.6482, 3918
0.6486, 3917
0.6489, 3916
0.6492, 3915
0.6496, 3914
0.6499, 3913
0.6502, 3912
0.6505, 3911
0.6509, 3910
0.6512, 3909
0.6515, 3908
0.6518, 3907
0.6522, 3906
0.6525, 3905
0.6529, 3904
0.6532, 3903
0.6535, 3902
0.6538, 3901
0.6542, 3900
0.6545, 3899
0.6548, 3898
0.6551, 3897
0.6555, 3896
0.6558, 3895
0.6561, 3894
0.6565, 3893
0.6568, 3892
0.6572, 3891
0.6575, 3890
0.6578, 3889
0.6582, 3888
0.6585, 3887
0.6588, 3886
0.6591, 3885
0.6595, 3884
0.6598, 3883
0.6601, 3882
0.6605, 3881
0.6608, 3880
0.6611, 3879
0.6615, 3878
0.6618, 3877
0.6621, 3876
0.6624, 3875
0.6628, 3874
0.6631, 3873
0.6634, 3872
0.6638, 3871
0.6641, 3870
0.6644, 3869
0.6647, 3868
0.6651, 3867
0.6654, 3866
0.6657, 3865
0.6660, 3864
0.6664, 3863
0.6667, 3862
0.6670, 3861
0.6673, 3860
0.6677, 3859
0.6680, 3858
0.6683, 3857
0.6686, 3856
0.6690, 3855
0.6693, 3854
0.6696, 3853
0.6699, 3852
0.6703, 3851
0.6706, 3850
0.6709, 3849
0.6712, 3848
0.6716, 3847
0.6719, 3846
0.6722, 3845
0.6725, 3844
0.6729, 3843
0.6732, 3842
0.6735, 3841
0.6739, 3840
0.6742, 3839
0.6745, 3838
0.6749, 3837
0.6752, 3836
0.6755, 3835
0.6758, 3834
0.6762, 3833
0.6765, 3832
0.6768, 3831
0.6772, 3830
0.6775, 3829
0.6778, 3828
0.6782, 3827
0.6785, 3826
0.6788, 3825
0.6792, 3824
0.6795, 3823
0.6798, 3822
0.6802, 3821
0.6805, 3820
0.6808, 3819
0.6812, 3818
0.6815, 3817
0.6818, 3816
0.6821, 3815
0.6825, 3814
0.6828, 3813
0.6831, 3812
0.6835, 3811
0.6838, 3810
0.6841, 3809
0.6844, 3808
0.6848, 3807
0.6851, 3806
0.6854, 3805
0.6858, 3804
0.6861, 3803
0.6864, 3802
0.6868, 3801
0.6871, 3800
0.6874, 3799
0.6878, 3798
0.6881, 3797
0.6885, 3796
0.6888, 3795
0.6891, 3794
0.6894, 3793
0.6898, 3792
0.6901, 3791
0.6904, 3790
0.6907, 3789
0.6911, 3788
0.6914, 3787
0.6917, 3786
0.6920, 3785
0.6923, 3784
0.6927, 3783
0.6930, 3782
0.6933, 3781
0.6937, 3780
0.6940, 3779
0.6944, 3778
0.6947, 3777
0.6950, 3776
0.6954, 3775
0.6957, 3774
0.6960, 3773
0.6963, 3772
0.6967, 3771
0.6970, 3770
0.6974, 3769
0.6977, 3768
0.6981, 3767
0.6984, 3766
0.6987, 3765
0.6991, 3764
0.6994, 3763
0.6997, 3762
0.7001, 3761
0.7004, 3760
0.7007, 3759
0.7011, 3758
0.7014, 3757
0.7017, 3756
0.7021, 3755
0.7024, 3754
0.7027, 3753
0.7031, 3752
0.7034, 3751
0.7037, 3750
0.7041, 3749
0.7044, 3748
0.7047, 3747
0.7051, 3746
0.7054, 3745
0.7057, 3744
0.7061, 3743
0.7064, 3742
0.7067, 3741
0.7070, 3740
0.7074, 3739
0.7077, 3738
0.7080, 3737
0.7084, 3736
0.7087, 3735
0.7090, 3734
0.7093, 3733
0.7097, 3732
0.7100, 3731
0.7103, 3730
0.7106, 3729
0.7109, 3728
0.7113, 3727
0.7116, 3726
0.7119, 3725
0.7122, 3724
0.7125, 3723
0.7129, 3722
0.7132, 3721
0.7136, 3720
0.7139, 3719
0.7142, 3718
0.7145, 3717
0.7149, 3716
0.7152, 3715
0.7155, 3714
0.7158, 3713
0.7162, 3712
0.7165, 3711
0.7168, 3710
0.7171, 3709
0.7175, 3708
0.7178, 3707
0.7181, 3706
0.7185, 3705
0.7188, 3704
0.7191, 3703
0.7195, 3702
0.7198, 3701
0.7201, 3700
0.7204, 3699
0.7208, 3698
0.7212, 3697
0.7215, 3696
0.7219, 3695
0.7222, 3694
0.7225, 3693
0.7229, 3692
0.7232, 3691
0.7236, 3690
0.7239, 3689
0.7243, 3688
0.7246, 3687
0.7249, 3686
0.7253, 3685
0.7256, 3684
0.7260, 3683
0.7263, 3682
0.7267, 3681
0.7270, 3680
0.7274, 3679
0.7277, 3678
0.7280, 3677
0.7284, 3676
0.7288, 3675
0.7292, 3674
0.7296, 3673
0.7300, 3672
0.7304, 3671
0.7307, 3670
0.7310, 3669
0.7313, 3668
0.7316, 3667
0.7320, 3666
0.7323, 3665
0.7327, 3664
0.7330, 3663
0.7333, 3662
0.7337, 3661
0.7340, 3660
0.7343, 3659
0.7347, 3658
0.7350, 3657
0.7353, 3656
0.7357, 3655
0.7360, 3654
0.7363, 3653
0.7367, 3652
0.7370, 3651
0.7374, 3650
0.7377, 3649
0.7382, 3648
0.7385, 3647
0.7390, 3646
0.7394, 3645
0.7397, 3644
0.7401, 3643
0.7404, 3642
0.7407, 3641
0.7411, 3640
0.7414, 3639
0.7417, 3638
0.7421, 3637
0.7424, 3636
0.7427, 3635
0.7430, 3634
0.7434, 3633
0.7437, 3632
0.7440, 3631
0.7443, 3630
0.7447, 3629
0.7450, 3628
0.7453, 3627
0.7456, 3626
0.7459, 3625
0.7463, 3624
0.7466, 3623
0.7470, 3622
0.7473, 3621
0.7477, 3620
0.7480, 3619
0.7483, 3618
0.7487, 3617
0.7490, 3616
0.7493, 3615
0.7497, 3614
0.7500, 3613
0.7504, 3612
0.7507, 3611
0.7511, 3610
0.7514, 3609
0.7518, 3608
0.7521, 3607
0.7524, 3606
0.7528, 3605
0.7531, 3604
0.7535, 3603
0.7538, 3602
0.7541, 3601
0.7545, 3600
0.7548, 3599
0.7551, 3598
0.7554, 3597
0.7558, 3596
0.7561, 3595
0.7565, 3594
0.7568, 3593
0.7572, 3592
0.7575, 3591
0.7578, 3590
0.7581, 3589
0.7584, 3588
0.7587, 3587
0.7591, 3586
0.7594, 3585
0.7597, 3584
0.7600, 3583
0.7604, 3582
0.7607, 3581
0.7610, 3580
0.7613, 3579
0.7616, 3578
0.7620, 3577
0.7623, 3576
0.7626, 3575
0.7630, 3574
0.7633, 3573
0.7636, 3572
0.7639, 3571
0.7643, 3570
0.7647, 3569
0.7650, 3568
0.7653, 3567
0.7657, 3566
0.7661, 3565
0.7664, 3564
0.7667, 3563
0.7670, 3562
0.7674, 3561
0.7677, 3560
0.7680, 3559
0.7683, 3558
0.7686, 3557
0.7689, 3556
0.7692, 3555
0.7696, 3554
0.7699, 3553
0.7702, 3552
0.7705, 3551
0.7708, 3550
0.7712, 3549
0.7715, 3548
0.7719, 3547
0.7722, 3546
0.7726, 3545
0.7729, 3544
0.7732, 3543
0.7735, 3542
0.7739, 3541
0.7742, 3540
0.7745, 3539
0.7749, 3538
0.7752, 3537
0.7755, 3536
0.7758, 3535
0.7761, 3534
0.7764, 3533
0.7768, 3532
0.7771, 3531
0.7774, 3530
0.7777, 3529
0.7780, 3528
0.7783, 3527
0.7787, 3526
0.7790, 3525
0.7793, 3524
0.7796, 3523
0.7800, 3522
0.7803, 3521
0.7806, 3520
0.7809, 3519
0.7812, 3518
0.7815, 3517
0.7819, 3516
0.7822, 3515
0.7825, 3514
0.7828, 3513
0.7831, 3512
0.7834, 3511
0.7837, 3510
0.7840, 3509
0.7844, 3508
0.7847, 3507
0.7851, 3506
0.7854, 3505
0.7857, 3504
0.7860, 3503
0.7863, 3502
0.7866, 3501
0.7869, 3500
0.7872, 3499
0.7875, 3498
0.7879, 3497
0.7882, 3496
0.7885, 3495
0.7889, 3494
0.7892, 3493
0.7896, 3492
0.7899, 3491
0.7902, 3490
0.7906, 3489
0.7909, 3488
0.7913, 3487
0.7916, 3486
0.7919, 3485
0.7922, 3484
0.7925, 3483
0.7929, 3482
0.7932, 3481
0.7935, 3480
0.7938, 3479
0.7941, 3478
0.7945, 3477
0.7948, 3476
0.7951, 3475
0.7954, 3474
0.7957, 3473
0.7960, 3472
0.7963, 3471
0.7967, 3470
0.7970, 3469
0.7973, 3468
0.7976, 3467
0.7979, 3466
0.7982, 3465
0.7985, 3464
0.7988, 3463
0.7991, 3462
0.7994, 3461
0.7998, 3460
0.8000, 3459
0.8004, 3458
0.8007, 3457
0.8010, 3456
0.8013, 3455
0.8016, 3454
0.8019, 3453
0.8022, 3452
0.8025, 3451
0.8028, 3450
0.8031, 3449
0.8035, 3448
0.8038, 3447
0.8041, 3446
0.8044, 3445
0.8047, 3444
0.8050, 3443
0.8053, 3442
0.8056, 3441
0.8060, 3440
0.8063, 3439
0.8066, 3438
0.8069, 3437
0.8072, 3436
0.8075, 3435
0.8078, 3434
0.8081, 3433
0.8084, 3432
0.8087, 3431
0.8090, 3430
0.8093, 3429
0.8096, 3428
0.8099, 3427
0.8102, 3426
0.8106, 3425
0.8109, 3424
0.8112, 3423
0.8115, 3422
0.8118, 3421
0.8121, 3420
0.8124, 3419
0.8127, 3418
0.8131, 3417
0.8134, 3416
0.8137, 3415
0.8140, 3414
0.8143, 3413
0.8146, 3412
0.8149, 3411
0.8152, 3410
0.8155, 3409
0.8158, 3408
0.8160, 3407
0.8163, 3406
0.8166, 3405
0.8169, 3404
0.8172, 3403
0.8175, 3402
0.8178, 3401
0.8181, 3400
0.8184, 3399
0.8187, 3398
0.8190, 3397
0.8193, 3396
0.8196, 3395
0.8199, 3394
0.8203, 3393
0.8206, 3392
0.8209, 3391
0.8212, 3390
0.8215, 3389
0.8218, 3388
0.8221, 3387
0.8224, 3386
0.8227, 3385
0.8230, 3384
0.8233, 3383
0.8236, 3382
0.8239, 3381
0.8242, 3380
0.8246, 3379
0.8250, 3378
0.8253, 3377
0.8256, 3376
0.8259, 3375
0.8263, 3374
0.8266, 3373
0.8269, 3372
0.8272, 3371
0.8275, 3370
0.8278, 3369
0.8281, 3368
0.8284, 3367
0.8287, 3366
0.8290, 3365
0.8293, 3364
0.8296, 3363
0.8300, 3362
0.8303, 3361
0.8306, 3360
0.8309, 3359
0.8313, 3358
0.8316, 3357
0.8319, 3356
0.8322, 3355
0.8325, 3354
0.8328, 3353
0.8331, 3352
0.8335, 3351
0.8338, 3350
0.8341, 3349
0.8344, 3348
0.8347, 3347
0.8350, 3346
0.8353, 3345
0.8356, 3344
0.8359, 3343
0.8362, 3342
0.8365, 3341
0.8368, 3340
0.8371, 3339
0.8374, 3338
0.8377, 3337
0.8380, 3336
0.8383, 3335
0.8386, 3334
0.8389, 3333
0.8392, 3332
0.8395, 3331
0.8398, 3330
0.8401, 3329
0.8404, 3328
0.8407, 3327
0.8410, 3326
0.8413, 3325
0.8416, 3324
0.8419, 3323
0.8422, 3322
0.8425, 3321
0.8428, 3320
0.8431, 3319
0.8435, 3318
0.8438, 3317
0.8442, 3316
0.8445, 3315
0.8448, 3314
0.8451, 3313
0.8454, 3312
0.8457, 3311
0.8460, 3310
0.8464, 3309
0.8467, 3308
0.8470, 3307
0.8473, 3306
0.8477, 3305
0.8480, 3304
0.8483, 3303
0.8486, 3302
0.8489, 3301
0.8493, 3300
0.8496, 3299
0.8499, 3298
0.8502, 3297
0.8505, 3296
0.8508, 3295
0.8512, 3294
0.8515, 3293
0.8518, 3292
0.8521, 3291
0.8524, 3290
0.8527, 3289
0.8530, 3288
0.8533, 3287
0.8536, 3286
0.8539, 3285
0.8542, 3284
0.8545, 3283
0.8549, 3282
0.8552, 3281
0.8555, 3280
0.8558, 3279
0.8562, 3278
0.8565, 3277
0.8568, 3276
0.8571, 3275
0.8574, 3274
0.8578, 3273
0.8581, 3272
0.8584, 3271
0.8587, 3270
0.8590, 3269
0.8593, 3268
0.8596, 3267
0.8599, 3266
0.8602, 3265
0.8605, 3264
0.8608, 3263
0.8611, 3262
0.8614, 3261
0.8618, 3260
0.8621, 3259
0.8623, 3258
0.8627, 3257
0.8630, 3256
0.8633, 3255
0.8636, 3254
0.8639, 3253
0.8642, 3252
0.8645, 3251
0.8648, 3250
0.8651, 3249
0.8654, 3248
0.8657, 3247
0.8660, 3246
0.8663, 3245
0.8666, 3244
0.8670, 3243
0.8673, 3242
0.8676, 3241
0.8679, 3240
0.8682, 3239
0.8685, 3238
0.8688, 3237
0.8691, 3236
0.8694, 3235
0.8697, 3234
0.8700, 3233
0.8703, 3232
0.8706, 3231
0.8710, 3230
0.8712, 3229
0.8715, 3228
0.8718, 3227
0.8722, 3226
0.8725, 3225
0.8728, 3224
0.8731, 3223
0.8734, 3222
0.8737, 3221
0.8740, 3220
0.8743, 3219
0.8746, 3218
0.8749, 3217
0.8752, 3216
0.8755, 3215
0.8758, 3214
0.8761, 3213
0.8763, 3212
0.8766, 3211
0.8769, 3210
0.8773, 3209
0.8777, 3208
0.8780, 3207
0.8784, 3206
0.8787, 3205
0.8790, 3204
0.8793, 3203
0.8796, 3202
0.8800, 3201
0.8803, 3200
0.8806, 3199
0.8809, 3198
0.8812, 3197
0.8815, 3196
0.8818, 3195
0.8821, 3194
0.8824, 3193
0.8827, 3192
0.8830, 3191
0.8833, 3190
0.8837, 3189
0.8839, 3188
0.8843, 3187
0.8846, 3186
0.8849, 3185
0.8852, 3184
0.8855, 3183
0.8858, 3182
0.8861, 3181
0.8864, 3180
0.8866, 3179
0.8870, 3178
0.8873, 3177
0.8876, 3176
0.8878, 3175
0.8882, 3174
0.8886, 3173
0.8888, 3172
0.8891, 3171
0.8894, 3170
0.8897, 3169
0.8900, 3168
0.8903, 3167
0.8906, 3166
0.8909, 3165
0.8912, 3164
0.8915, 3163
0.8918, 3162
0.8921, 3161
0.8924, 3160
0.8927, 3159
0.8930, 3158
0.8933, 3157
0.8936, 3156
0.8939, 3155
0.8942, 3154
0.8945, 3153
0.8947, 3152
0.8950, 3151
0.8953, 3150
0.8956, 3149
0.8959, 3148
0.8962, 3147
0.8965, 3146
0.8969, 3145
0.8972, 3144
0.8975, 3143
0.8978, 3142
0.8981, 3141
0.8984, 3140
0.8988, 3139
0.8991, 3138
0.8994, 3137
0.8997, 3136
0.9000, 3135
0.9003, 3134
0.9006, 3133
0.9009, 3132
0.9012, 3131
0.9015, 3130
0.9018, 3129
0.9021, 3128
0.9024, 3127
0.9027, 3126
0.9030, 3125
0.9033, 3124
0.9036, 3123
0.9038, 3122
0.9042, 3121
0.9044, 3120
0.9047, 3119
0.9050, 3118
0.9053, 3117
0.9056, 3116
0.9059, 3115
0.9061, 3114
0.9064, 3113
0.9067, 3112
0.9070, 3111
0.9073, 3110
0.9075, 3109
0.9078, 3108
0.9081, 3107
0.9084, 3106
0.9087, 3105
0.9090, 3104
0.9093, 3103
0.9095, 3102
0.9098, 3101
0.9101, 3100
0.9104, 3099
0.9107, 3098
0.9109, 3097
0.9112, 3096
0.9115, 3095
0.9118, 3094
0.9121, 3093
0.9124, 3092
0.9127, 3091
0.9130, 3090
0.9133, 3089
0.9136, 3088
0.9139, 3087
0.9141, 3086
0.9144, 3085
0.9147, 3084
0.9150, 3083
0.9153, 3082
0.9156, 3081
0.9159, 3080
0.9162, 3079
0.9164, 3078
0.9167, 3077
0.9171, 3076
0.9174, 3075
0.9177, 3074
0.9179, 3073
0.9182, 3072
0.9185, 3071
0.9188, 3070
0.9191, 3069
0.9194, 3068
0.9197, 3067
0.9199, 3066
0.9202, 3065
0.9205, 3064
0.9208, 3063
0.9211, 3062
0.9214, 3061
0.9216, 3060
0.9219, 3059
0.9222, 3058
0.9225, 3057
0.9227, 3056
0.9230, 3055
0.9233, 3054
0.9236, 3053
0.9239, 3052
0.9242, 3051
0.9244, 3050
0.9248, 3049
0.9251, 3048
0.9254, 3047
0.9257, 3046
0.9260, 3045
0.9263, 3044
0.9265, 3043
0.9268, 3042
0.9271, 3041
0.9273, 3040
0.9276, 3039
0.9279, 3038
0.9282, 3037
0.9285, 3036
0.9288, 3035
0.9290, 3034
0.9293, 3033
0.9296, 3032
0.9298, 3031
0.9301, 3030
0.9304, 3029
0.9307, 3028
0.9310, 3027
0.9312, 3026
0.9316, 3025
0.9318, 3024
0.9321, 3023
0.9324, 3022
0.9327, 3021
0.9329, 3020
0.9332, 3019
0.9335, 3018
0.9338, 3017
0.9341, 3016
0.9343, 3015
0.9346, 3014
0.9349, 3013
0.9352, 3012
0.9355, 3011
0.9358, 3010
0.9361, 3009
0.9363, 3008
0.9366, 3007
0.9369, 3006
0.9371, 3005
0.9374, 3004
0.9377, 3003
0.9380, 3002
0.9382, 3001
0.9385, 3000
0.9388, 2999
0.9390, 2998
0.9393, 2997
0.9396, 2996
0.9399, 2995
0.9401, 2994
0.9404, 2993
0.9407, 2992
0.9410, 2991
0.9412, 2990
0.9415, 2989
0.9418, 2988
0.9420, 2987
0.9423, 2986
0.9426, 2985
0.9429, 2984
0.9431, 2983
0.9434, 2982
0.9437, 2981
0.9440, 2980
0.9443, 2979
0.9445, 2978
0.9448, 2977
0.9451, 2976
0.9454, 2975
0.9457, 2974
0.9460, 2973
0.9463, 2972
0.9465, 2971
0.9468, 2970
0.9471, 2969
0.9474, 2968
0.9477, 2967
0.9480, 2966
0.9483, 2965
0.9485, 2964
0.9488, 2963
0.9491, 2962
0.9493, 2961
0.9496, 2960
0.9499, 2959
0.9502, 2958
0.9505, 2957
0.9507, 2956
0.9510, 2955
0.9513, 2954
0.9516, 2953
0.9519, 2952
0.9523, 2951
0.9525, 2950
0.9528, 2949
0.9531, 2948
0.9534, 2947
0.9537, 2946
0.9539, 2945
0.9542, 2944
0.9545, 2943
0.9547, 2942
0.9550, 2941
0.9553, 2940
0.9556, 2939
0.9559, 2938
0.9561, 2937
0.9565, 2936
0.9568, 2935
0.9570, 2934
0.9573, 2933
0.9576, 2932
0.9579, 2931
0.9582, 2930
0.9585, 2929
0.9589, 2928
0.9592, 2927
0.9595, 2926
0.9598, 2925
0.9601, 2924
0.9604, 2923
0.9607, 2922
0.9609, 2921
0.9612, 2920
0.9615, 2919
0.9618, 2918
0.9621, 2917
0.9624, 2916
0.9628, 2915
0.9630, 2914
0.9634, 2913
0.9637, 2912
0.9640, 2911
0.9643, 2910
0.9646, 2909
0.9649, 2908
0.9652, 2907
0.9655, 2906
0.9658, 2905
0.9661, 2904
0.9664, 2903
0.9667, 2902
0.9669, 2901
0.9672, 2900
0.9675, 2899
0.9678, 2898
0.9681, 2897
0.9684, 2896
0.9687, 2895
0.9690, 2894
0.9693, 2893
0.9696, 2892
0.9699, 2891
0.9702, 2890
0.9705, 2889
0.9708, 2888
0.9711, 2887
0.9713, 2886
0.9717, 2885
0.9720, 2884
0.9723, 2883
0.9726, 2882
0.9728, 2881
0.9731, 2880
0.9734, 2879
0.9737, 2878
0.9740, 2877
0.9742, 2876
0.9745, 2875
0.9748, 2874
0.9750, 2873
0.9754, 2872
0.9757, 2871
0.9759, 2870
0.9762, 2869
0.9765, 2868
0.9767, 2867
0.9770, 2866
0.9773, 2865
0.9776, 2864
0.9779, 2863
0.9782, 2862
0.9784, 2861
0.9787, 2860
0.9790, 2859
0.9793, 2858
0.9795, 2857
0.9798, 2856
0.9801, 2855
0.9804, 2854
0.9807, 2853
0.9810, 2852
0.9813, 2851
0.9815, 2850
0.9818, 2849
0.9821, 2848
0.9824, 2847
0.9827, 2846
0.9830, 2845
0.9847, 2844
0.9850, 2843
0.9853, 2842
0.9856, 2841
0.9859, 2840
0.9862, 2839
0.9865, 2838
0.9868, 2837
0.9870, 2836
0.9873, 2835
0.9876, 2834
0.9879, 2833
0.9881, 2832
0.9884, 2831
0.9887, 2830
0.9890, 2829
0.9892, 2828
0.9895, 2827
0.9898, 2826
0.9901, 2825
0.9903, 2824
0.9906, 2823
0.9909, 2822
0.9911, 2821
0.9914, 2820
0.9917, 2819
0.9920, 2818
0.9922, 2817
0.9925, 2816
0.9928, 2815
0.9930, 2814
0.9933, 2813
0.9936, 2812
0.9938, 2811
0.9941, 2810
0.9944, 2809
0.9947, 2808
0.9949, 2807
0.9952, 2806
0.9955, 2805
0.9958, 2804
0.9960, 2803
0.9963, 2802
0.9966, 2801
0.9969, 2800
0.9972, 2799
0.9975, 2798
0.9977, 2797
0.9981, 2796
0.9984, 2795
0.9986, 2794
0.9989, 2793
0.9992, 2792
0.9995, 2791
0.9997, 2790
1.0000, 2789
1.0003, 2788
1.0006, 2787
1.0009, 2786
1.0012, 2785
1.0014, 2784
1.0017, 2783
1.0020, 2782
1.0022, 2781
1.0025, 2780
1.0028, 2779
1.0030, 2778
1.0033, 2777
1.0036, 2776
1.0038, 2775
1.0041, 2774
1.0044, 2773
1.0046, 2772
1.0049, 2771
1.0052, 2770
1.0054, 2769
1.0057, 2768
1.0060, 2767
1.0062, 2766
1.0065, 2765
1.0068, 2764
1.0070, 2763
1.0073, 2762
1.0075, 2761
1.0078, 2760
1.0081, 2759
1.0084, 2758
1.0086, 2757
1.0089, 2756
1.0091, 2755
1.0094, 2754
1.0097, 2753
1.0100, 2752
1.0103, 2751
1.0105, 2750
1.0108, 2749
1.0111, 2748
1.0114, 2747
1.0116, 2746
1.0119, 2745
1.0122, 2744
1.0124, 2743
1.0127, 2742
1.0130, 2741
1.0133, 2740
1.0137, 2739
1.0139, 2738
1.0143, 2737
1.0145, 2736
1.0148, 2735
1.0151, 2734
1.0154, 2733
1.0156, 2732
1.0159, 2731
1.0162, 2730
1.0165, 2729
1.0167, 2728
1.0171, 2727
1.0173, 2726
1.0176, 2725
1.0179, 2724
1.0181, 2723
1.0184, 2722
1.0187, 2721
1.0190, 2720
1.0192, 2719
1.0195, 2718
1.0198, 2717
1.0200, 2716
1.0203, 2715
1.0206, 2714
1.0209, 2713
1.0212, 2712
1.0214, 2711
1.0217, 2710
1.0219, 2709
1.0222, 2708
1.0225, 2707
1.0228, 2706
1.0230, 2705
1.0233, 2704
1.0236, 2703
1.0238, 2702
1.0241, 2701
1.0244, 2700
1.0246, 2699
1.0249, 2698
1.0252, 2697
1.0254, 2696
1.0257, 2695
1.0260, 2694
1.0262, 2693
1.0265, 2692
1.0268, 2691
1.0270, 2690
1.0273, 2689
1.0276, 2688
1.0279, 2687
1.0282, 2686
1.0284, 2685
1.0287, 2684
1.0289, 2683
1.0293, 2682
1.0296, 2681
1.0299, 2680
1.0301, 2679
1.0304, 2678
1.0306, 2677
1.0309, 2676
1.0311, 2675
1.0314, 2674
1.0317, 2673
1.0320, 2672
1.0323, 2671
1.0326, 2670
1.0328, 2669
1.0331, 2668
1.0333, 2667
1.0336, 2666
1.0338, 2665
1.0341, 2664
1.0344, 2663
1.0346, 2662
1.0349, 2661
1.0351, 2660
1.0354, 2659
1.0356, 2658
1.0359, 2657
1.0362, 2656
1.0364, 2655
1.0367, 2654
1.0369, 2653
1.0372, 2652
1.0374, 2651
1.0377, 2650
1.0379, 2649
1.0382, 2648
1.0384, 2647
1.0387, 2646
1.0390, 2645
1.0392, 2644
1.0394, 2643
1.0397, 2642
1.0399, 2641
1.0402, 2640
1.0404, 2639
1.0407, 2638
1.0410, 2637
1.0412, 2636
1.0414, 2635
1.0417, 2634
1.0420, 2633
1.0422, 2632
1.0425, 2631
1.0427, 2630
1.0430, 2629
1.0432, 2628
1.0435, 2627
1.0437, 2626
1.0440, 2625
1.0443, 2624
1.0445, 2623
1.0448, 2622
1.0450, 2621
1.0453, 2620
1.0455, 2619
1.0458, 2618
1.0460, 2617
1.0463, 2616
1.0465, 2615
1.0468, 2614
1.0471, 2613
1.0473, 2612
1.0476, 2611
1.0478, 2610
1.0481, 2609
1.0483, 2608
1.0486, 2607
1.0488, 2606
1.0491, 2605
1.0494, 2604
1.0496, 2603
1.0499, 2602
1.0502, 2601
1.0504, 2600
1.0507, 2599
1.0509, 2598
1.0512, 2597
1.0514, 2596
1.0517, 2595
1.0519, 2594
1.0522, 2593
1.0525, 2592
1.0527, 2591
1.0530, 2590
1.0533, 2589
1.0536, 2588
1.0538, 2587
1.0541, 2586
1.0543, 2585
1.0546, 2584
1.0548, 2583
1.0551, 2582
1.0553, 2581
1.0556, 2580
1.0559, 2579
1.0561, 2578
1.0564, 2577
1.0567, 2576
1.0569, 2575
1.0571, 2574
1.0574, 2573
1.0577, 2572
1.0579, 2571
1.0582, 2570
1.0584, 2569
1.0587, 2568
1.0590, 2567
1.0593, 2566
1.0595, 2565
1.0599, 2564
1.0644, 2563
1.0789, 2562
1.0874, 2561
1.0876, 2560
1.0959, 2559
1.0961, 2558
1.1004, 2557
1.1107, 2556
1.1232, 2555
1.1378, 2554
1.1627, 2553
1.1671, 2552
1.1838, 2551
1.1881, 2550
1.1884, 2549
1.1947, 2548
1.2012, 2547
1.2179, 2546
1.2366, 2545
1.2389, 2544
1.2412, 2543
1.2414, 2542
1.2416, 2541
1.2501, 2540
1.2503, 2539
1.2505, 2538
1.2716, 2537
1.2718, 2536
1.2803, 2535
1.2889, 2534
1.2891, 2533
1.2955, 2532
1.3080, 2531
1.3124, 2530
1.3290, 2529
1.3497, 2528
1.3499, 2527
1.3522, 2526
1.3524, 2525
1.3588, 2524
1.3652, 2523
1.3717, 2522
1.3719, 2521
1.3783, 2520
1.3826, 2519
1.3849, 2518
1.3873, 2517
1.3937, 2516
1.3939, 2515
1.3982, 2514
1.4026, 2513
1.4028, 2512
1.4030, 2511
1.4073, 2510
1.4116, 2509
1.4775, 2508
1.4900, 2507
1.4902, 2506
1.5111, 2505
1.5325, 2504
1.5327, 2503
1.5533, 2502
1.5536, 2501
1.5661, 2500
1.5745, 2499
1.5849, 2498
1.6077, 2497
1.6284, 2496
1.6372, 2495
1.6374, 2494
1.6439, 2493
1.6441, 2492
1.6484, 2491
1.6548, 2490
1.6632, 2489
1.6635, 2488
1.6739, 2487
1.6782, 2486
1.6784, 2485
1.6787, 2484
1.6789, 2483
1.6791, 2482
1.6855, 2481
1.6899, 2480
1.6901, 2479
1.7027, 2478
1.7029, 2477
1.7031, 2476
1.7218, 2475
1.7261, 2474
1.7346, 2473
1.7431, 2472
1.7433, 2471
1.7517, 2470
1.7561, 2469
1.7563, 2468
1.7565, 2467
1.7568, 2466
1.7757, 2465
1.7861, 2464
1.7925, 2463
1.7928, 2462
1.7930, 2461
1.7932, 2460
1.8101, 2459
1.8228, 2458
1.8353, 2457
1.8500, 2456
1.8502, 2455
1.8607, 2454
1.8609, 2453
1.8611, 2452
1.8676, 2451
1.8760, 2450
1.8762, 2449
1.8929, 2448
1.9034, 2447
1.9118, 2446
1.9121, 2445
1.9184, 2444
1.9352, 2443
1.9537, 2442
1.9581, 2441
1.9685, 2440
1.9749, 2439
1.9978, 2438
2.0165, 2437
2.0248, 2436
2.0292, 2435
2.0504, 2434
2.0570, 2433
2.0614, 2432
2.0780, 2431
2.1008, 2430
2.1052, 2429
2.1198, 2428
2.1323, 2427
2.1325, 2426
2.1677, 2425
2.1784, 2424
2.2015, 2423
2.2141, 2422
2.2377, 2421
2.2379, 2420
2.2580, 2419
2.2627, 2418
2.2823, 2417
2.2826, 2416
2.3035, 2415
2.3120, 2414
2.3266, 2413
2.3351, 2412
2.3373, 2411
2.3457, 2410
2.3501, 2409
2.3503, 2408
2.3546, 2407
2.3548, 2406
2.3632, 2405
2.3635, 2404
2.3678, 2403
2.3680, 2402
2.3682, 2401
2.3788, 2400
2.3953, 2399
2.4079, 2398
2.4081, 2397
2.4165, 2396
2.4167, 2395
2.4190, 2394
2.4192, 2393
2.4295, 2392
2.4338, 2391
2.4341, 2390
2.4384, 2389
2.4386, 2388
2.4533, 2387
2.4678, 2386
2.4701, 2385
2.4744, 2384
2.4746, 2383
2.4809, 2382
2.4812, 2381
2.4895, 2380
2.4898, 2379
2.4900, 2378
2.4943, 2377
2.4945, 2376
2.5009, 2375
2.5052, 2374
2.5054, 2373
2.5180, 2372
2.5182, 2371
2.5184, 2370
2.5330, 2369
2.5332, 2368
2.5334, 2367
2.5399, 2366
2.5401, 2365
2.5403, 2364
2.5468, 2363
2.5470, 2362
2.5472, 2361
2.5475, 2360
2.5477, 2359
2.5479, 2358
2.5693, 2357
2.5695, 2356
2.5738, 2355
2.5740, 2354
2.5848, 2353
2.5850, 2352
2.5852, 2351
2.5855, 2350
2.5900, 2349
2.5923, 2348
2.6072, 2347
2.6136, 2346
2.6262, 2345
2.6264, 2344
2.6287, 2343
2.6454, 2342
2.6518, 2341
2.6725, 2340
2.6871, 2339
2.6873, 2338
2.6875, 2337
2.7085, 2336
2.7087, 2335
2.7089, 2334
2.7133, 2333
2.7280, 2332
2.7529, 2331
2.7532, 2330
2.7534, 2329
2.7577, 2328
2.7660, 2327
2.7662, 2326
2.7727, 2325
2.7729, 2324
2.8143, 2323
2.8145, 2322
2.9055, 2321
2.9118, 2320
2.9141, 2319
2.9184, 2318
2.9186, 2317
2.9209, 2316
2.9251, 2315
2.9253, 2314
2.9297, 2313
2.9483, 2312
2.9546, 2311
2.9589, 2310
2.9591, 2309
2.9634, 2308
2.9636, 2307
2.9783, 2306
2.9785, 2305
2.9869, 2304
2.9871, 2303
2.9894, 2302
2.9977, 2301
3.0040, 2300
3.0043, 2299
3.0086, 2298
3.0129, 2297
3.0131, 2296
3.0153, 2295
3.0237, 2294
3.0279, 2293
3.0404, 2292
3.0487, 2291
3.0550, 2290
3.0552, 2289
3.0636, 2288
3.0678, 2287
3.0701, 2286
3.0703, 2285
3.0847, 2284
3.0993, 2283
3.1058, 2282
3.1333, 2281
3.1397, 2280
3.1420, 2279
3.1585, 2278
3.1812, 2277
3.1896, 2276
3.1898, 2275
3.1900, 2274
3.1902, 2273
3.1904, 2272
3.1907, 2271
3.1950, 2270
3.1952, 2269
3.2056, 2268
3.2058, 2267
3.2060, 2266
3.2062, 2265
3.2064, 2264
3.2354, 2263
3.2479, 2262
3.2583, 2261
3.2667, 2260
3.2730, 2259
3.2833, 2258
3.2937, 2257
3.2939, 2256
3.3064, 2255
3.3107, 2254
3.3109, 2253
3.3111, 2252
3.3315, 2251
3.3358, 2250
3.3441, 2249
3.3486, 2248
3.3686, 2247
3.3734, 2246
3.3855, 2245
3.3901, 2244
3.4070, 2243
3.4114, 2242
3.4322, 2241
3.4324, 2240
3.4430, 2239
3.4555, 2238
3.4640, 2237
3.4768, 2236
3.4771, 2235
3.4834, 2234
3.4836, 2233
3.5086, 2232
3.5171, 2231
3.5234, 2230
3.5642, 2229
3.5928, 2228
3.6755, 2227
3.7042, 2226
3.7333, 2225
3.7541, 2224
3.7604, 2223
3.7770, 2222
3.8221, 2221
3.9394, 2220
3.9830, 2219
3.9854, 2218
4.2203, 2217
