0.0331, 2281
0.0502, 2279
0.0778, 2278
0.1138, 2277
0.1238, 2276
0.2720, 2275
0.2936, 2274
0.3271, 2273
0.3835, 2272
0.3897, 2271
0.3996, 2269
0.4092, 2267
0.4341, 2266
0.4469, 2265
0.4502, 2264
0.4726, 2263
0.5281, 2262
0.5502, 2261
0.5597, 2260
0.6345, 2259
0.6501, 2258
0.6905, 2256
0.7367, 2253
0.7677, 2252
0.8515, 2251
0.9136, 2250
1.0945, 2248
1.0978, 2245
1.2055, 2244
1.2117, 2243
1.2363, 2242
1.2643, 2241
1.2859, 2240
1.2984, 2238
1.4064, 2237
1.5763, 2236
1.6106, 2235
1.6602, 2234
1.6882, 2233
1.7348, 2232
1.7564, 2229
1.8030, 2228
2.8619, 2227
2.9160, 2226
3.0994, 2225
