0.0300, 2281
0.0452, 2280
0.0567, 2279
0.0878, 2277
0.1787, 2276
0.2622, 2273
0.2744, 2272
0.2990, 2271
0.3081, 2269
0.3330, 2268
0.3396, 2267
0.3703, 2266
0.3765, 2265
0.4438, 2264
0.4721, 2262
0.5333, 2261
0.5516, 2260
0.5730, 2259
0.5913, 2258
0.5947, 2257
0.6008, 2256
0.6131, 2255
0.6223, 2253
0.6842, 2252
0.6966, 2251
0.7121, 2250
0.7370, 2249
0.7463, 2248
0.8016, 2247
0.8355, 2246
0.8450, 2245
0.8726, 2244
0.8911, 2243
0.9496, 2242
0.9993, 2241
1.1012, 2238
1.1136, 2237
1.1661, 2236
1.3819, 2235
1.6482, 2234
1.6763, 2233
1.6886, 2232
1.7041, 2231
1.7968, 2230
1.9511, 2228
2.0190, 2227
2.0373, 2226
2.5405, 2225
2.5716, 2223
2.5809, 2222
2.6864, 2221
2.6958, 2220
3.0243, 2219
