0.6507, 3931
0.6511, 3930
0.6514, 3929
0.6518, 3928
0.6521, 3927
0.6525, 3926
0.6528, 3925
0.6531, 3924
0.6535, 3923
0.6538, 3922
0.6541, 3921
0.6544, 3920
0.6548, 3919
0.6551, 3918
0.6555, 3917
0.6558, 3916
0.6561, 3915
0.6565, 3914
0.6568, 3913
0.6571, 3912
0.6574, 3911
0.6578, 3910
0.6581, 3909
0.6584, 3908
0.6587, 3907
0.6591, 3906
0.6594, 3905
0.6597, 3904
0.6601, 3903
0.6604, 3902
0.6607, 3901
0.6610, 3900
0.6614, 3899
0.6617, 3898
0.6620, 3897
0.6624, 3896
0.6627, 3895
0.6630, 3894
0.6634, 3893
0.6637, 3892
0.6640, 3891
0.6644, 3890
0.6647, 3889
0.6650, 3888
0.6653, 3887
0.6657, 3886
0.6660, 3885
0.6663, 3884
0.6667, 3883
0.6670, 3882
0.6673, 3881
0.6677, 3880
0.6680, 3879
0.6684, 3878
0.6687, 3877
0.6690, 3876
0.6693, 3875
0.6697, 3874
0.6700, 3873
0.6703, 3872
0.6707, 3871
0.6710, 3870
0.6713, 3869
0.6716, 3868
0.6720, 3867
0.6723, 3866
0.6726, 3865
0.6730, 3864
0.6733, 3863
0.6736, 3862
0.6739, 3861
0.6743, 3860
0.6746, 3859
0.6749, 3858
0.6752, 3857
0.6755, 3856
0.6759, 3855
0.6762, 3854
0.6765, 3853
0.6768, 3852
0.6772, 3851
0.6775, 3850
0.6778, 3849
0.6781, 3848
0.6785, 3847
0.6788, 3846
0.6791, 3845
0.6794, 3844
0.6798, 3843
0.6801, 3842
0.6804, 3841
0.6808, 3840
0.6811, 3839
0.6814, 3838
0.6817, 3837
0.6821, 3836
0.6824, 3835
0.6827, 3834
0.6830, 3833
0.6834, 3832
0.6837, 3831
0.6841, 3830
0.6845, 3829
0.6848, 3828
0.6853, 3827
0.6858, 3826
0.6862, 3825
0.6865, 3824
0.6868, 3823
0.6872, 3822
0.6875, 3821
0.6878, 3820
0.6882, 3819
0.6885, 3818
0.6888, 3817
0.6892, 3816
0.6895, 3815
0.6899, 3814
0.6903, 3813
0.6906, 3812
0.6909, 3811
0.6913, 3810
0.6916, 3809
0.6919, 3808
0.6922, 3807
0.6926, 3806
0.6929, 3805
0.6932, 3804
0.6936, 3803
0.6939, 3802
0.6942, 3801
0.6945, 3800
0.6949, 3799
0.6952, 3798
0.6956, 3797
0.6959, 3796
0.6963, 3795
0.6966, 3794
0.6969, 3793
0.6973, 3792
0.6976, 3791
0.6979, 3790
0.6983, 3789
0.6986, 3788
0.6989, 3787
0.6992, 3786
0.6995, 3785
0.6999, 3784
0.7002, 3783
0.7005, 3782
0.7009, 3781
0.7012, 3780
0.7016, 3779
0.7019, 3778
0.7022, 3777
0.7026, 3776
0.7029, 3775
0.7033, 3774
0.7036, 3773
0.7039, 3772
0.7043, 3771
0.7046, 3770
0.7049, 3769
0.7053, 3768
0.7056, 3767
0.7059, 3766
0.7063, 3765
0.7066, 3764
0.7070, 3763
0.7074, 3762
0.7077, 3761
0.7080, 3760
0.7084, 3759
0.7087, 3758
0.7091, 3757
0.7094, 3756
0.7098, 3755
0.7101, 3754
0.7105, 3753
0.7108, 3752
0.7112, 3751
0.7116, 3750
0.7119, 3749
0.7123, 3748
0.7126, 3747
0.7130, 3746
0.7133, 3745
0.7137, 3744
0.7141, 3743
0.7144, 3742
0.7147, 3741
0.7151, 3740
0.7154, 3739
0.7157, 3738
0.7160, 3737
0.7164, 3736
0.7167, 3735
0.7170, 3734
0.7173, 3733
0.7176, 3732
0.7180, 3731
0.7183, 3730
0.7186, 3729
0.7189, 3728
0.7192, 3727
0.7196, 3726
0.7199, 3725
0.7202, 3724
0.7205, 3723
0.7209, 3722
0.7212, 3721
0.7215, 3720
0.7219, 3719
0.7222, 3718
0.7225, 3717
0.7229, 3716
0.7232, 3715
0.7235, 3714
0.7238, 3713
0.7242, 3712
0.7245, 3711
0.7248, 3710
0.7252, 3709
0.7255, 3708
0.7258, 3707
0.7261, 3706
0.7264, 3705
0.7268, 3704
0.7271, 3703
0.7274, 3702
0.7277, 3701
0.7280, 3700
0.7284, 3699
0.7287, 3698
0.7290, 3697
0.7293, 3696
0.7296, 3695
0.7299, 3694
0.7303, 3693
0.7306, 3692
0.7309, 3691
0.7312, 3690
0.7315, 3689
0.7319, 3688
0.7322, 3687
0.7325, 3686
0.7329, 3685
0.7332, 3684
0.7335, 3683
0.7338, 3682
0.7342, 3681
0.7345, 3680
0.7348, 3679
0.7351, 3678
0.7355, 3677
0.7358, 3676
0.7361, 3675
0.7364, 3674
0.7367, 3673
0.7371, 3672
0.7374, 3671
0.7378, 3670
0.7381, 3669
0.7384, 3668
0.7388, 3667
0.7391, 3666
0.7395, 3665
0.7398, 3664
0.7402, 3663
0.7405, 3662
0.7409, 3661
0.7412, 3660
0.7415, 3659
0.7418, 3658
0.7422, 3657
0.7425, 3656
0.7429, 3655
0.7432, 3654
0.7435, 3653
0.7438, 3652
0.7442, 3651
0.7445, 3650
0.7448, 3649
0.7451, 3648
0.7454, 3647
0.7458, 3646
0.7461, 3645
0.7464, 3644
0.7468, 3643
0.7471, 3642
0.7474, 3641
0.7477, 3640
0.7481, 3639
0.7484, 3638
0.7487, 3637
0.7490, 3636
0.7493, 3635
0.7496, 3634
0.7500, 3633
0.7503, 3632
0.7506, 3631
0.7509, 3630
0.7513, 3629
0.7516, 3628
0.7519, 3627
0.7522, 3626
0.7525, 3625
0.7529, 3624
0.7532, 3623
0.7535, 3622
0.7538, 3621
0.7542, 3620
0.7545, 3619
0.7548, 3618
0.7551, 3617
0.7554, 3616
0.7557, 3615
0.7560, 3614
0.7563, 3613
0.7567, 3612
0.7570, 3611
0.7573, 3610
0.7577, 3609
0.7580, 3608
0.7583, 3607
0.7587, 3606
0.7590, 3605
0.7593, 3604
0.7596, 3603
0.7599, 3602
0.7602, 3601
0.7605, 3600
0.7609, 3599
0.7612, 3598
0.7615, 3597
0.7618, 3596
0.7621, 3595
0.7624, 3594
0.7628, 3593
0.7631, 3592
0.7634, 3591
0.7637, 3590
0.7640, 3589
0.7643, 3588
0.7647, 3587
0.7650, 3586
0.7653, 3585
0.7656, 3584
0.7660, 3583
0.7663, 3582
0.7666, 3581
0.7669, 3580
0.7673, 3579
0.7676, 3578
0.7679, 3577
0.7683, 3576
0.7686, 3575
0.7689, 3574
0.7692, 3573
0.7695, 3572
0.7699, 3571
0.7702, 3570
0.7705, 3569
0.7708, 3568
0.7712, 3567
0.7715, 3566
0.7718, 3565
0.7721, 3564
0.7724, 3563
0.7727, 3562
0.7731, 3561
0.7734, 3560
0.7737, 3559
0.7740, 3558
0.7744, 3557
0.7747, 3556
0.7750, 3555
0.7754, 3554
0.7757, 3553
0.7760, 3552
0.7764, 3551
0.7767, 3550
0.7770, 3549
0.7774, 3548
0.7777, 3547
0.7780, 3546
0.7783, 3545
0.7786, 3544
0.7789, 3543
0.7792, 3542
0.7796, 3541
0.7799, 3540
0.7802, 3539
0.7806, 3538
0.7809, 3537
0.7812, 3536
0.7815, 3535
0.7818, 3534
0.7822, 3533
0.7825, 3532
0.7828, 3531
0.7831, 3530
0.7834, 3529
0.7837, 3528
0.7840, 3527
0.7843, 3526
0.7847, 3525
0.7850, 3524
0.7853, 3523
0.7856, 3522
0.7859, 3521
0.7862, 3520
0.7865, 3519
0.7868, 3518
0.7872, 3517
0.7875, 3516
0.7878, 3515
0.7881, 3514
0.7884, 3513
0.7887, 3512
0.7891, 3511
0.7894, 3510
0.7897, 3509
0.7901, 3508
0.7904, 3507
0.7907, 3506
0.7910, 3505
0.7914, 3504
0.7917, 3503
0.7920, 3502
0.7923, 3501
0.7926, 3500
0.7929, 3499
0.7933, 3498
0.7936, 3497
0.7939, 3496
0.7942, 3495
0.7945, 3494
0.7948, 3493
0.7952, 3492
0.7955, 3491
0.7958, 3490
0.7961, 3489
0.7965, 3488
0.7968, 3487
0.7971, 3486
0.7974, 3485
0.7977, 3484
0.7980, 3483
0.7984, 3482
0.7987, 3481
0.7990, 3480
0.7993, 3479
0.7996, 3478
0.8000, 3477
0.8003, 3476
0.8006, 3475
0.8010, 3474
0.8013, 3473
0.8016, 3472
0.8019, 3471
0.8023, 3470
0.8026, 3469
0.8029, 3468
0.8032, 3467
0.8035, 3466
0.8038, 3465
0.8042, 3464
0.8045, 3463
0.8048, 3462
0.8051, 3461
0.8054, 3460
0.8058, 3459
0.8061, 3458
0.8064, 3457
0.8068, 3456
0.8072, 3455
0.8075, 3454
0.8078, 3453
0.8082, 3452
0.8085, 3451
0.8088, 3450
0.8092, 3449
0.8095, 3448
0.8098, 3447
0.8101, 3446
0.8104, 3445
0.8108, 3444
0.8111, 3443
0.8114, 3442
0.8117, 3441
0.8121, 3440
0.8124, 3439
0.8127, 3438
0.8130, 3437
0.8134, 3436
0.8137, 3435
0.8140, 3434
0.8143, 3433
0.8146, 3432
0.8150, 3431
0.8153, 3430
0.8156, 3429
0.8160, 3428
0.8163, 3427
0.8167, 3426
0.8170, 3425
0.8173, 3424
0.8176, 3423
0.8180, 3422
0.8183, 3421
0.8186, 3420
0.8189, 3419
0.8192, 3418
0.8195, 3417
0.8198, 3416
0.8201, 3415
0.8204, 3414
0.8207, 3413
0.8210, 3412
0.8213, 3411
0.8216, 3410
0.8220, 3409
0.8223, 3408
0.8226, 3407
0.8229, 3406
0.8232, 3405
0.8235, 3404
0.8238, 3403
0.8242, 3402
0.8246, 3401
0.8249, 3400
0.8252, 3399
0.8255, 3398
0.8258, 3397
0.8262, 3396
0.8265, 3395
0.8269, 3394
0.8273, 3393
0.8276, 3392
0.8279, 3391
0.8282, 3390
0.8286, 3389
0.8289, 3388
0.8292, 3387
0.8295, 3386
0.8298, 3385
0.8301, 3384
0.8304, 3383
0.8307, 3382
0.8310, 3381
0.8313, 3380
0.8317, 3379
0.8320, 3378
0.8324, 3377
0.8327, 3376
0.8330, 3375
0.8333, 3374
0.8336, 3373
0.8339, 3372
0.8342, 3371
0.8345, 3370
0.8348, 3369
0.8351, 3368
0.8354, 3367
0.8357, 3366
0.8360, 3365
0.8363, 3364
0.8366, 3363
0.8369, 3362
0.8373, 3361
0.8376, 3360
0.8379, 3359
0.8382, 3358
0.8386, 3357
0.8389, 3356
0.8392, 3355
0.8395, 3354
0.8399, 3353
0.8402, 3352
0.8405, 3351
0.8408, 3350
0.8412, 3349
0.8415, 3348
0.8418, 3347
0.8421, 3346
0.8424, 3345
0.8427, 3344
0.8430, 3343
0.8433, 3342
0.8436, 3341
0.8439, 3340
0.8443, 3339
0.8446, 3338
0.8449, 3337
0.8452, 3336
0.8455, 3335
0.8458, 3334
0.8461, 3333
0.8464, 3332
0.8467, 3331
0.8470, 3330
0.8473, 3329
0.8476, 3328
0.8478, 3327
0.8482, 3326
0.8485, 3325
0.8487, 3324
0.8491, 3323
0.8494, 3322
0.8497, 3321
0.8500, 3320
0.8503, 3319
0.8507, 3318
0.8510, 3317
0.8514, 3316
0.8517, 3315
0.8520, 3314
0.8523, 3313
0.8527, 3312
0.8530, 3311
0.8533, 3310
0.8536, 3309
0.8539, 3308
0.8543, 3307
0.8546, 3306
0.8550, 3305
0.8553, 3304
0.8556, 3303
0.8560, 3302
0.8563, 3301
0.8567, 3300
0.8570, 3299
0.8573, 3298
0.8576, 3297
0.8579, 3296
0.8583, 3295
0.8586, 3294
0.8589, 3293
0.8592, 3292
0.8595, 3291
0.8598, 3290
0.8601, 3289
0.8604, 3288
0.8608, 3287
0.8611, 3286
0.8614, 3285
0.8617, 3284
0.8621, 3283
0.8624, 3282
0.8627, 3281
0.8631, 3280
0.8634, 3279
0.8637, 3278
0.8640, 3277
0.8643, 3276
0.8646, 3275
0.8650, 3274
0.8653, 3273
0.8656, 3272
0.8660, 3271
0.8662, 3270
0.8666, 3269
0.8669, 3268
0.8672, 3267
0.8675, 3266
0.8678, 3265
0.8681, 3264
0.8684, 3263
0.8687, 3262
0.8691, 3261
0.8694, 3260
0.8697, 3259
0.8700, 3258
0.8703, 3257
0.8706, 3256
0.8709, 3255
0.8712, 3254
0.8715, 3253
0.8719, 3252
0.8722, 3251
0.8725, 3250
0.8728, 3249
0.8731, 3248
0.8734, 3247
0.8737, 3246
0.8741, 3245
0.8744, 3244
0.8747, 3243
0.8750, 3242
0.8753, 3241
0.8756, 3240
0.8759, 3239
0.8762, 3238
0.8765, 3237
0.8768, 3236
0.8772, 3235
0.8774, 3234
0.8777, 3233
0.8781, 3232
0.8784, 3231
0.8787, 3230
0.8790, 3229
0.8793, 3228
0.8796, 3227
0.8800, 3226
0.8803, 3225
0.8806, 3224
0.8809, 3223
0.8812, 3222
0.8815, 3221
0.8818, 3220
0.8821, 3219
0.8824, 3218
0.8827, 3217
0.8830, 3216
0.8833, 3215
0.8836, 3214
0.8838, 3213
0.8841, 3212
0.8844, 3211
0.8847, 3210
0.8850, 3209
0.8854, 3208
0.8858, 3207
0.8861, 3206
0.8864, 3205
0.8867, 3204
0.8870, 3203
0.8873, 3202
0.8876, 3201
0.8879, 3200
0.8882, 3199
0.8886, 3198
0.8889, 3197
0.8892, 3196
0.8894, 3195
0.8897, 3194
0.8900, 3193
0.8904, 3192
0.8906, 3191
0.8910, 3190
0.8913, 3189
0.8916, 3188
0.8919, 3187
0.8923, 3186
0.8926, 3185
0.8929, 3184
0.8932, 3183
0.8935, 3182
0.8938, 3181
0.8941, 3180
0.8944, 3179
0.8947, 3178
0.8949, 3177
0.8952, 3176
0.8955, 3175
0.8959, 3174
0.8962, 3173
0.8965, 3172
0.8968, 3171
0.8971, 3170
0.8974, 3169
0.8977, 3168
0.8980, 3167
0.8982, 3166
0.8985, 3165
0.8988, 3164
0.8991, 3163
0.8994, 3162
0.8997, 3161
0.9000, 3160
0.9003, 3159
0.9006, 3158
0.9009, 3157
0.9012, 3156
0.9015, 3155
0.9018, 3154
0.9020, 3153
0.9023, 3152
0.9026, 3151
0.9029, 3150
0.9032, 3149
0.9035, 3148
0.9038, 3147
0.9041, 3146
0.9045, 3145
0.9048, 3144
0.9051, 3143
0.9054, 3142
0.9057, 3141
0.9060, 3140
0.9065, 3139
0.9068, 3138
0.9071, 3137
0.9074, 3136
0.9077, 3135
0.9080, 3134
0.9083, 3133
0.9086, 3132
0.9089, 3131
0.9092, 3130
0.9095, 3129
0.9099, 3128
0.9102, 3127
0.9105, 3126
0.9107, 3125
0.9110, 3124
0.9113, 3123
0.9116, 3122
0.9119, 3121
0.9122, 3120
0.9125, 3119
0.9128, 3118
0.9131, 3117
0.9133, 3116
0.9136, 3115
0.9139, 3114
0.9142, 3113
0.9145, 3112
0.9148, 3111
0.9151, 3110
0.9154, 3109
0.9156, 3108
0.9159, 3107
0.9162, 3106
0.9165, 3105
0.9168, 3104
0.9171, 3103
0.9174, 3102
0.9177, 3101
0.9180, 3100
0.9183, 3099
0.9186, 3098
0.9189, 3097
0.9192, 3096
0.9194, 3095
0.9197, 3094
0.9201, 3093
0.9204, 3092
0.9207, 3091
0.9209, 3090
0.9212, 3089
0.9215, 3088
0.9219, 3087
0.9221, 3086
0.9224, 3085
0.9227, 3084
0.9230, 3083
0.9233, 3082
0.9236, 3081
0.9240, 3080
0.9243, 3079
0.9246, 3078
0.9249, 3077
0.9252, 3076
0.9255, 3075
0.9259, 3074
0.9261, 3073
0.9265, 3072
0.9267, 3071
0.9270, 3070
0.9273, 3069
0.9276, 3068
0.9279, 3067
0.9282, 3066
0.9285, 3065
0.9288, 3064
0.9291, 3063
0.9293, 3062
0.9296, 3061
0.9299, 3060
0.9302, 3059
0.9305, 3058
0.9308, 3057
0.9310, 3056
0.9313, 3055
0.9316, 3054
0.9319, 3053
0.9322, 3052
0.9325, 3051
0.9328, 3050
0.9331, 3049
0.9334, 3048
0.9338, 3047
0.9341, 3046
0.9344, 3045
0.9347, 3044
0.9350, 3043
0.9353, 3042
0.9356, 3041
0.9358, 3040
0.9362, 3039
0.9365, 3038
0.9368, 3037
0.9370, 3036
0.9374, 3035
0.9376, 3034
0.9379, 3033
0.9382, 3032
0.9385, 3031
0.9388, 3030
0.9391, 3029
0.9394, 3028
0.9397, 3027
0.9400, 3026
0.9403, 3025
0.9406, 3024
0.9409, 3023
0.9412, 3022
0.9415, 3021
0.9418, 3020
0.9421, 3019
0.9424, 3018
0.9426, 3017
0.9429, 3016
0.9432, 3015
0.9435, 3014
0.9438, 3013
0.9442, 3012
0.9445, 3011
0.9448, 3010
0.9451, 3009
0.9453, 3008
0.9456, 3007
0.9459, 3006
0.9462, 3005
0.9465, 3004
0.9468, 3003
0.9471, 3002
0.9474, 3001
0.9477, 3000
0.9479, 2999
0.9482, 2998
0.9485, 2997
0.9488, 2996
0.9491, 2995
0.9494, 2994
0.9497, 2993
0.9500, 2992
0.9503, 2991
0.9506, 2990
0.9508, 2989
0.9511, 2988
0.9514, 2987
0.9517, 2986
0.9520, 2985
0.9523, 2984
0.9526, 2983
0.9529, 2982
0.9532, 2981
0.9535, 2980
0.9538, 2979
0.9541, 2978
0.9544, 2977
0.9547, 2976
0.9550, 2975
0.9553, 2974
0.9556, 2973
0.9559, 2972
0.9562, 2971
0.9565, 2970
0.9568, 2969
0.9571, 2968
0.9574, 2967
0.9577, 2966
0.9580, 2965
0.9583, 2964
0.9585, 2963
0.9588, 2962
0.9591, 2961
0.9594, 2960
0.9597, 2959
0.9600, 2958
0.9603, 2957
0.9606, 2956
0.9609, 2955
0.9612, 2954
0.9615, 2953
0.9618, 2952
0.9622, 2951
0.9625, 2950
0.9627, 2949
0.9630, 2948
0.9633, 2947
0.9636, 2946
0.9639, 2945
0.9642, 2944
0.9644, 2943
0.9647, 2942
0.9650, 2941
0.9653, 2940
0.9655, 2939
0.9658, 2938
0.9661, 2937
0.9664, 2936
0.9667, 2935
0.9670, 2934
0.9673, 2933
0.9675, 2932
0.9678, 2931
0.9681, 2930
0.9684, 2929
0.9688, 2928
0.9691, 2927
0.9694, 2926
0.9696, 2925
0.9699, 2924
0.9703, 2923
0.9705, 2922
0.9708, 2921
0.9711, 2920
0.9714, 2919
0.9717, 2918
0.9720, 2917
0.9723, 2916
0.9726, 2915
0.9729, 2914
0.9732, 2913
0.9735, 2912
0.9738, 2911
0.9741, 2910
0.9744, 2909
0.9747, 2908
0.9750, 2907
0.9754, 2906
0.9757, 2905
0.9760, 2904
0.9763, 2903
0.9766, 2902
0.9769, 2901
0.9771, 2900
0.9774, 2899
0.9777, 2898
0.9780, 2897
0.9783, 2896
0.9785, 2895
0.9788, 2894
0.9791, 2893
0.9794, 2892
0.9797, 2891
0.9800, 2890
0.9803, 2889
0.9806, 2888
0.9808, 2887
0.9811, 2886
0.9814, 2885
0.9817, 2884
0.9820, 2883
0.9823, 2882
0.9826, 2881
0.9829, 2880
0.9832, 2879
0.9835, 2878
0.9838, 2877
0.9840, 2876
0.9843, 2875
0.9846, 2874
0.9849, 2873
0.9852, 2872
0.9855, 2871
0.9857, 2870
0.9860, 2869
0.9863, 2868
0.9866, 2867
0.9869, 2866
0.9872, 2865
0.9875, 2864
0.9878, 2863
0.9880, 2862
0.9883, 2861
0.9886, 2860
0.9889, 2859
0.9892, 2858
0.9894, 2857
0.9897, 2856
0.9900, 2855
0.9903, 2854
0.9906, 2853
0.9909, 2852
0.9911, 2851
0.9914, 2850
0.9916, 2849
0.9919, 2848
0.9922, 2847
0.9924, 2846
0.9927, 2845
0.9930, 2844
0.9933, 2843
0.9935, 2842
0.9938, 2841
0.9941, 2840
0.9944, 2839
0.9947, 2838
0.9949, 2837
0.9952, 2836
0.9954, 2835
0.9957, 2834
0.9960, 2833
0.9963, 2832
0.9965, 2831
0.9968, 2830
0.9971, 2829
0.9974, 2828
0.9976, 2827
0.9979, 2826
0.9982, 2825
0.9984, 2824
0.9987, 2823
0.9990, 2822
0.9993, 2821
0.9996, 2820
0.9999, 2819
1.0002, 2818
1.0004, 2817
1.0007, 2816
1.0010, 2815
1.0013, 2814
1.0016, 2813
1.0018, 2812
1.0021, 2811
1.0024, 2810
1.0027, 2809
1.0029, 2808
1.0032, 2807
1.0035, 2806
1.0038, 2805
1.0041, 2804
1.0043, 2803
1.0046, 2802
1.0049, 2801
1.0052, 2800
1.0054, 2799
1.0057, 2798
1.0060, 2797
1.0063, 2796
1.0065, 2795
1.0068, 2794
1.0071, 2793
1.0075, 2792
1.0077, 2791
1.0080, 2790
1.0082, 2789
1.0085, 2788
1.0088, 2787
1.0091, 2786
1.0094, 2785
1.0096, 2784
1.0099, 2783
1.0102, 2782
1.0104, 2781
1.0107, 2780
1.0110, 2779
1.0112, 2778
1.0115, 2777
1.0118, 2776
1.0121, 2775
1.0123, 2774
1.0126, 2773
1.0129, 2772
1.0132, 2771
1.0134, 2770
1.0137, 2769
1.0140, 2768
1.0143, 2767
1.0145, 2766
1.0148, 2765
1.0150, 2764
1.0154, 2763
1.0156, 2762
1.0159, 2761
1.0162, 2760
1.0164, 2759
1.0167, 2758
1.0170, 2757
1.0173, 2756
1.0175, 2755
1.0178, 2754
1.0181, 2753
1.0184, 2752
1.0187, 2751
1.0189, 2750
1.0192, 2749
1.0195, 2748
1.0198, 2747
1.0201, 2746
1.0203, 2745
1.0206, 2744
1.0209, 2743
1.0211, 2742
1.0214, 2741
1.0216, 2740
1.0219, 2739
1.0223, 2738
1.0226, 2737
1.0229, 2736
1.0231, 2735
1.0234, 2734
1.0237, 2733
1.0240, 2732
1.0242, 2731
1.0246, 2730
1.0248, 2729
1.0251, 2728
1.0254, 2727
1.0257, 2726
1.0260, 2725
1.0263, 2724
1.0265, 2723
1.0268, 2722
1.0271, 2721
1.0275, 2720
1.0278, 2719
1.0281, 2718
1.0284, 2717
1.0287, 2716
1.0290, 2715
1.0293, 2714
1.0296, 2713
1.0298, 2712
1.0301, 2711
1.0304, 2710
1.0307, 2709
1.0309, 2708
1.0312, 2707
1.0315, 2706
1.0318, 2705
1.0320, 2704
1.0323, 2703
1.0326, 2702
1.0329, 2701
1.0332, 2700
1.0335, 2699
1.0338, 2698
1.0340, 2697
1.0343, 2696
1.0346, 2695
1.0349, 2694
1.0351, 2693
1.0354, 2692
1.0357, 2691
1.0360, 2690
1.0363, 2689
1.0365, 2688
1.0368, 2687
1.0371, 2686
1.0374, 2685
1.0377, 2684
1.0380, 2683
1.0382, 2682
1.0385, 2681
1.0388, 2680
1.0390, 2679
1.0393, 2678
1.0396, 2677
1.0398, 2676
1.0401, 2675
1.0404, 2674
1.0408, 2673
1.0411, 2672
1.0414, 2671
1.0417, 2670
1.0419, 2669
1.0422, 2668
1.0425, 2667
1.0427, 2666
1.0430, 2665
1.0432, 2664
1.0435, 2663
1.0438, 2662
1.0440, 2661
1.0443, 2660
1.0446, 2659
1.0448, 2658
1.0451, 2657
1.0454, 2656
1.0456, 2655
1.0459, 2654
1.0461, 2653
1.0464, 2652
1.0466, 2651
1.0469, 2650
1.0472, 2649
1.0474, 2648
1.0477, 2647
1.0479, 2646
1.0482, 2645
1.0484, 2644
1.0487, 2643
1.0489, 2642
1.0492, 2641
1.0494, 2640
1.0497, 2639
1.0499, 2638
1.0502, 2637
1.0504, 2636
1.0507, 2635
1.0509, 2634
1.0512, 2633
1.0514, 2632
1.0517, 2631
1.0519, 2630
1.0522, 2629
1.0524, 2628
1.0527, 2627
1.0529, 2626
1.0532, 2625
1.0534, 2624
1.0537, 2623
1.0540, 2622
1.0542, 2621
1.0545, 2620
1.0547, 2619
1.0550, 2618
1.0552, 2617
1.0555, 2616
1.0557, 2615
1.0560, 2614
1.0562, 2613
1.0565, 2612
1.0568, 2611
1.0570, 2610
1.0573, 2609
1.0576, 2608
1.0578, 2607
1.0581, 2606
1.0584, 2605
1.0586, 2604
1.0589, 2603
1.0592, 2602
1.0595, 2601
1.0598, 2600
1.0600, 2599
1.0603, 2598
1.0606, 2597
1.0608, 2596
1.0611, 2595
1.0614, 2594
1.0616, 2593
1.0619, 2592
1.0622, 2591
1.0625, 2590
1.0627, 2589
1.0630, 2588
1.0633, 2587
1.0636, 2586
1.0639, 2585
1.0641, 2584
1.0644, 2583
1.0646, 2582
1.0649, 2581
1.0652, 2580
1.0654, 2579
1.0657, 2578
1.0660, 2577
1.0662, 2576
1.0665, 2575
1.0668, 2574
1.0671, 2573
1.0673, 2572
1.0676, 2571
1.0679, 2570
1.0681, 2569
1.0684, 2568
1.0687, 2567
1.0690, 2566
1.0693, 2565
1.0695, 2564
1.0698, 2563
1.0786, 2562
1.0788, 2561
1.0790, 2560
1.0834, 2559
1.0961, 2558
1.0963, 2557
1.1070, 2556
1.1072, 2555
1.1243, 2554
1.1366, 2553
1.1409, 2552
1.1698, 2551
1.1700, 2550
1.1744, 2549
1.1828, 2548
1.1937, 2547
1.1939, 2546
1.1984, 2545
1.2171, 2544
1.2235, 2543
1.2363, 2542
1.2407, 2541
1.2431, 2540
1.2485, 2539
1.2487, 2538
1.2490, 2537
1.2535, 2536
1.2602, 2535
1.2604, 2534
1.2776, 2533
1.2860, 2532
1.2945, 2531
1.2947, 2530
1.3031, 2529
1.3096, 2528
1.3180, 2527
1.3183, 2526
1.3206, 2525
1.3310, 2524
1.3414, 2523
1.3416, 2522
1.3459, 2521
1.3461, 2520
1.3566, 2519
1.3588, 2518
1.3631, 2517
1.3675, 2516
1.3698, 2515
1.3721, 2514
1.3785, 2513
1.3787, 2512
1.3851, 2511
1.3853, 2510
1.3855, 2509
1.3959, 2508
1.3961, 2507
1.4638, 2506
1.4784, 2505
1.4786, 2504
1.4870, 2503
1.5183, 2502
1.5247, 2501
1.5250, 2500
1.5395, 2499
1.5397, 2498
1.5604, 2497
1.5667, 2496
1.5751, 2495
1.5978, 2494
1.6186, 2493
1.6272, 2492
1.6274, 2491
1.6317, 2490
1.6320, 2489
1.6384, 2488
1.6468, 2487
1.6551, 2486
1.6554, 2485
1.6597, 2484
1.6661, 2483
1.6664, 2482
1.6666, 2481
1.6668, 2480
1.6691, 2479
1.6776, 2478
1.6778, 2477
1.6780, 2476
1.6926, 2475
1.6929, 2474
1.6931, 2473
1.7118, 2472
1.7162, 2471
1.7266, 2470
1.7310, 2469
1.7374, 2468
1.7417, 2467
1.7460, 2466
1.7462, 2465
1.7465, 2464
1.7467, 2463
1.7634, 2462
1.7783, 2461
1.7826, 2460
1.7828, 2459
1.7830, 2458
1.7832, 2457
1.7999, 2456
1.8207, 2455
1.8271, 2454
1.8397, 2453
1.8400, 2452
1.8484, 2451
1.8486, 2450
1.8509, 2449
1.8572, 2448
1.8697, 2447
1.8699, 2446
1.8845, 2445
1.8929, 2444
1.9034, 2443
1.9037, 2442
1.9100, 2441
1.9308, 2440
1.9474, 2439
1.9538, 2438
1.9644, 2437
1.9730, 2436
1.9899, 2435
2.0170, 2434
2.0258, 2433
2.0302, 2432
2.0551, 2431
2.0574, 2430
2.0617, 2429
2.0743, 2428
2.0990, 2427
2.1081, 2426
2.1211, 2425
2.1341, 2424
2.1343, 2423
2.1721, 2422
2.1827, 2421
2.1998, 2420
2.2001, 2419
2.2066, 2418
2.2278, 2417
2.2471, 2416
2.2473, 2415
2.2557, 2414
2.2745, 2413
2.2870, 2412
2.2936, 2411
2.3105, 2410
2.3189, 2409
2.3376, 2408
2.3420, 2407
2.3443, 2406
2.3505, 2405
2.3568, 2404
2.3570, 2403
2.3613, 2402
2.3616, 2401
2.3750, 2400
2.3753, 2399
2.3821, 2398
2.3824, 2397
2.3826, 2396
2.3878, 2395
2.4094, 2394
2.4385, 2393
2.4490, 2392
2.4493, 2391
2.4548, 2390
2.4551, 2389
2.4678, 2388
2.4841, 2387
2.4843, 2386
2.4942, 2385
2.4945, 2384
2.5033, 2383
2.5181, 2382
2.5227, 2381
2.5272, 2380
2.5275, 2379
2.5338, 2378
2.5340, 2377
2.5457, 2376
2.5459, 2375
2.5462, 2374
2.5529, 2373
2.5531, 2372
2.5533, 2371
2.5600, 2370
2.5623, 2369
2.5792, 2368
2.5794, 2367
2.5796, 2366
2.5880, 2365
2.5882, 2364
2.5906, 2363
2.5970, 2362
2.5973, 2361
2.5975, 2360
2.6040, 2359
2.6042, 2358
2.6045, 2357
2.6047, 2356
2.6049, 2355
2.6051, 2354
2.6221, 2353
2.6285, 2352
2.6287, 2351
2.6330, 2350
2.6333, 2349
2.6419, 2348
2.6422, 2347
2.6424, 2346
2.6427, 2345
2.6491, 2344
2.6494, 2343
2.6643, 2342
2.6706, 2341
2.6791, 2340
2.6835, 2339
2.6857, 2338
2.7025, 2337
2.7089, 2336
2.7254, 2335
2.7420, 2334
2.7442, 2333
2.7445, 2332
2.7612, 2331
2.7657, 2330
2.7660, 2329
2.7706, 2328
2.7944, 2327
2.8113, 2326
2.8115, 2325
2.8117, 2324
2.8160, 2323
2.8248, 2322
2.8250, 2321
2.8377, 2320
2.8379, 2319
2.8711, 2318
2.8714, 2317
2.9681, 2316
2.9704, 2315
2.9728, 2314
2.9771, 2313
2.9773, 2312
2.9795, 2311
2.9838, 2310
2.9840, 2309
2.9883, 2308
3.0069, 2307
3.0112, 2306
3.0175, 2305
3.0177, 2304
3.0220, 2303
3.0222, 2302
3.0347, 2301
3.0430, 2300
3.0473, 2299
3.0475, 2298
3.0498, 2297
3.0604, 2296
3.0647, 2295
3.0649, 2294
3.0714, 2293
3.0716, 2292
3.0760, 2291
3.0763, 2290
3.0850, 2289
3.0892, 2288
3.1018, 2287
3.1103, 2286
3.1227, 2285
3.1229, 2284
3.1231, 2283
3.1315, 2282
3.1317, 2281
3.1319, 2280
3.1464, 2279
3.1631, 2278
3.1633, 2277
3.1928, 2276
3.1971, 2275
3.2035, 2274
3.2383, 2273
3.2426, 2272
3.2428, 2271
3.2430, 2270
3.2432, 2269
3.2496, 2268
3.2498, 2267
3.2584, 2266
3.2627, 2265
3.2629, 2264
3.2632, 2263
3.2738, 2262
3.2823, 2261
3.2909, 2260
3.2912, 2259
3.2977, 2258
3.3084, 2257
3.3086, 2256
3.3276, 2255
3.3340, 2254
3.3382, 2253
3.3449, 2252
3.3451, 2251
3.3637, 2250
3.3639, 2249
3.3642, 2248
3.3644, 2247
3.3808, 2246
3.3892, 2245
3.3914, 2244
3.3976, 2243
3.4019, 2242
3.4204, 2241
3.4247, 2240
3.4372, 2239
3.4434, 2238
3.4579, 2237
3.4662, 2236
3.4787, 2235
3.4810, 2234
3.4892, 2233
3.4996, 2232
3.5079, 2231
3.5243, 2230
3.5245, 2229
3.5287, 2228
3.5370, 2227
3.5617, 2226
3.5743, 2225
3.6157, 2224
3.7858, 2223
3.8002, 2222
3.8166, 2221
3.8229, 2220
3.8273, 2219
3.8765, 2218
3.9919, 2217
4.0197, 2216
4.0220, 2215
4.0284, 2214
4.0982, 2213
