0.6894, 3931
0.6898, 3930
0.6901, 3929
0.6905, 3928
0.6909, 3927
0.6915, 3926
0.6918, 3925
0.6922, 3924
0.6925, 3923
0.6931, 3922
0.6934, 3921
0.6938, 3920
0.6941, 3919
0.6945, 3918
0.6949, 3917
0.6952, 3916
0.6956, 3915
0.6964, 3914
0.6967, 3913
0.6971, 3912
0.6974, 3911
0.6978, 3910
0.6982, 3909
0.6985, 3908
0.6989, 3907
0.6993, 3906
0.6996, 3905
0.7000, 3904
0.7003, 3903
0.7007, 3902
0.7010, 3901
0.7014, 3900
0.7017, 3899
0.7021, 3898
0.7024, 3897
0.7028, 3896
0.7031, 3895
0.7035, 3894
0.7038, 3893
0.7042, 3892
0.7045, 3891
0.7049, 3890
0.7052, 3889
0.7056, 3888
0.7059, 3887
0.7063, 3886
0.7068, 3885
0.7076, 3884
0.7079, 3883
0.7083, 3882
0.7086, 3881
0.7090, 3880
0.7093, 3879
0.7097, 3878
0.7101, 3877
0.7104, 3876
0.7108, 3875
0.7111, 3874
0.7115, 3873
0.7599, 3872
0.7621, 3871
0.7624, 3870
0.7628, 3869
0.7632, 3868
0.7635, 3867
0.7639, 3866
0.7642, 3865
0.7646, 3864
0.7649, 3863
0.7653, 3862
0.7656, 3861
0.7659, 3860
0.7663, 3859
0.7666, 3858
0.7670, 3857
0.7676, 3856
0.7679, 3855
0.7682, 3854
0.7686, 3853
0.7689, 3852
0.7693, 3851
0.7696, 3850
0.7700, 3849
0.7703, 3848
0.7707, 3847
0.7710, 3846
0.7713, 3845
0.7717, 3844
0.7720, 3843
0.7724, 3842
0.7727, 3841
0.7731, 3840
0.7734, 3839
0.7738, 3838
0.7741, 3837
0.7745, 3836
0.7748, 3835
0.7752, 3834
0.7755, 3833
0.7759, 3832
0.7762, 3831
0.7766, 3830
0.7769, 3829
0.7773, 3828
0.7776, 3827
0.7780, 3826
0.7783, 3825
0.7787, 3824
0.7790, 3823
0.7794, 3822
0.7798, 3821
0.7801, 3820
0.7805, 3819
0.7808, 3818
0.7812, 3817
0.7815, 3816
0.7819, 3815
0.7822, 3814
0.7826, 3813
0.7829, 3812
0.7833, 3811
0.7836, 3810
0.7840, 3809
0.7862, 3808
0.7874, 3807
0.7883, 3806
0.7892, 3805
0.7901, 3804
0.7905, 3803
0.7908, 3802
0.7912, 3801
0.7915, 3800
0.7919, 3799
0.7922, 3798
0.7926, 3797
0.7929, 3796
0.7933, 3795
0.7936, 3794
0.7940, 3793
0.7943, 3792
0.7947, 3791
0.7951, 3790
0.7954, 3789
0.7958, 3788
0.7961, 3787
0.7965, 3786
0.7968, 3785
0.7972, 3784
0.7975, 3783
0.7979, 3782
0.7982, 3781
0.7985, 3780
0.7989, 3779
0.7992, 3778
0.7996, 3777
0.7999, 3776
0.8003, 3775
0.8006, 3774
0.8010, 3773
0.8013, 3772
0.8017, 3771
0.8021, 3770
0.8024, 3769
0.8027, 3768
0.8031, 3767
0.8034, 3766
0.8038, 3765
0.8047, 3764
0.8052, 3763
0.8056, 3762
0.8059, 3761
0.8063, 3760
0.8066, 3759
0.8070, 3758
0.8073, 3757
0.8077, 3756
0.8080, 3755
0.8084, 3754
0.8087, 3753
0.8091, 3752
0.8094, 3751
0.8098, 3750
0.8101, 3749
0.8105, 3748
0.8108, 3747
0.8112, 3746
0.8115, 3745
0.8118, 3744
0.8122, 3743
0.8126, 3742
0.8129, 3741
0.8133, 3740
0.8136, 3739
0.8140, 3738
0.8143, 3737
0.8147, 3736
0.8150, 3735
0.8154, 3734
0.8157, 3733
0.8161, 3732
0.8164, 3731
0.8168, 3730
0.8171, 3729
0.8175, 3728
0.8178, 3727
0.8181, 3726
0.8185, 3725
0.8188, 3724
0.8192, 3723
0.8195, 3722
0.8198, 3721
0.8202, 3720
0.8206, 3719
0.8209, 3718
0.8213, 3717
0.8216, 3716
0.8219, 3715
0.8223, 3714
0.8227, 3713
0.8230, 3712
0.8233, 3711
0.8237, 3710
0.8240, 3709
0.8244, 3708
0.8247, 3707
0.8251, 3706
0.8254, 3705
0.8258, 3704
0.8261, 3703
0.8264, 3702
0.8268, 3701
0.8271, 3700
0.8275, 3699
0.8278, 3698
0.8282, 3697
0.8285, 3696
0.8289, 3695
0.8292, 3694
0.8295, 3693
0.8299, 3692
0.8302, 3691
0.8306, 3690
0.8309, 3689
0.8312, 3688
0.8316, 3687
0.8324, 3686
0.8328, 3685
0.8331, 3684
0.8335, 3683
0.8338, 3682
0.8342, 3681
0.8345, 3680
0.8348, 3679
0.8352, 3678
0.8355, 3677
0.8359, 3676
0.8362, 3675
0.8366, 3674
0.8369, 3673
0.8373, 3672
0.8376, 3671
0.8379, 3670
0.8383, 3669
0.8386, 3668
0.8390, 3667
0.8393, 3666
0.8397, 3665
0.8400, 3664
0.8403, 3663
0.8407, 3662
0.8410, 3661
0.8414, 3660
0.8417, 3659
0.8421, 3658
0.8424, 3657
0.8427, 3656
0.8431, 3655
0.8434, 3654
0.8438, 3653
0.8441, 3652
0.8444, 3651
0.8448, 3650
0.8451, 3649
0.8455, 3648
0.8460, 3647
0.8467, 3646
0.8471, 3645
0.8474, 3644
0.8478, 3643
0.8481, 3642
0.8485, 3641
0.8488, 3640
0.8491, 3639
0.8495, 3638
0.8498, 3637
0.8502, 3636
0.8505, 3635
0.8509, 3634
0.8512, 3633
0.8515, 3632
0.8519, 3631
0.8522, 3630
0.8526, 3629
0.8529, 3628
0.8532, 3627
0.8536, 3626
0.8540, 3625
0.8544, 3624
0.8547, 3623
0.8551, 3622
0.8554, 3621
0.8557, 3620
0.8560, 3619
0.8564, 3618
0.8567, 3617
0.8571, 3616
0.8574, 3615
0.8577, 3614
0.8581, 3613
0.8584, 3612
0.8588, 3611
0.8591, 3610
0.8594, 3609
0.8598, 3608
0.8601, 3607
0.8604, 3606
0.8607, 3605
0.8611, 3604
0.8614, 3603
0.8618, 3602
0.8621, 3601
0.8625, 3600
0.8628, 3599
0.8631, 3598
0.8635, 3597
0.8638, 3596
0.8641, 3595
0.8645, 3594
0.8648, 3593
0.8651, 3592
0.8655, 3591
0.8658, 3590
0.8662, 3589
0.8665, 3588
0.8669, 3587
0.8673, 3586
0.8676, 3585
0.8680, 3584
0.8683, 3583
0.8686, 3582
0.8689, 3581
0.8693, 3580
0.8696, 3579
0.8700, 3578
0.8703, 3577
0.8706, 3576
0.8710, 3575
0.8721, 3574
0.8724, 3573
0.8727, 3572
0.8731, 3571
0.8734, 3570
0.8737, 3569
0.8741, 3568
0.8744, 3567
0.8747, 3566
0.8751, 3565
0.8754, 3564
0.8757, 3563
0.8761, 3562
0.8764, 3561
0.8767, 3560
0.8771, 3559
0.8774, 3558
0.8777, 3557
0.8781, 3556
0.8784, 3555
0.8787, 3554
0.8791, 3553
0.8794, 3552
0.8797, 3551
0.8801, 3550
0.8804, 3549
0.8807, 3548
0.8811, 3547
0.8814, 3546
0.8817, 3545
0.8821, 3544
0.8824, 3543
0.8828, 3542
0.8832, 3541
0.8836, 3540
0.8839, 3539
0.8843, 3538
0.8847, 3537
0.8850, 3536
0.8853, 3535
0.8857, 3534
0.8860, 3533
0.8864, 3532
0.8867, 3531
0.8871, 3530
0.8874, 3529
0.8877, 3528
0.8881, 3527
0.8884, 3526
0.8887, 3525
0.8891, 3524
0.8894, 3523
0.8898, 3522
0.8901, 3521
0.8904, 3520
0.8907, 3519
0.8911, 3518
0.8914, 3517
0.8917, 3516
0.8921, 3515
0.8924, 3514
0.8927, 3513
0.8931, 3512
0.8934, 3511
0.8937, 3510
0.8941, 3509
0.8944, 3508
0.8947, 3507
0.8951, 3506
0.8954, 3505
0.8957, 3504
0.8960, 3503
0.8964, 3502
0.8967, 3501
0.8970, 3500
0.8974, 3499
0.8977, 3498
0.8980, 3497
0.8984, 3496
0.8987, 3495
0.8990, 3494
0.8994, 3493
0.8997, 3492
0.9000, 3491
0.9004, 3490
0.9007, 3489
0.9010, 3488
0.9014, 3487
0.9017, 3486
0.9020, 3485
0.9023, 3484
0.9027, 3483
0.9030, 3482
0.9033, 3481
0.9037, 3480
0.9040, 3479
0.9043, 3478
0.9046, 3477
0.9050, 3476
0.9053, 3475
0.9056, 3474
0.9059, 3473
0.9063, 3472
0.9066, 3471
0.9069, 3470
0.9072, 3469
0.9076, 3468
0.9079, 3467
0.9082, 3466
0.9085, 3465
0.9089, 3464
0.9092, 3463
0.9095, 3462
0.9098, 3461
0.9102, 3460
0.9105, 3459
0.9108, 3458
0.9111, 3457
0.9115, 3456
0.9118, 3455
0.9121, 3454
0.9124, 3453
0.9128, 3452
0.9131, 3451
0.9134, 3450
0.9138, 3449
0.9141, 3448
0.9144, 3447
0.9147, 3446
0.9150, 3445
0.9154, 3444
0.9157, 3443
0.9160, 3442
0.9163, 3441
0.9167, 3440
0.9170, 3439
0.9173, 3438
0.9176, 3437
0.9179, 3436
0.9183, 3435
0.9186, 3434
0.9189, 3433
0.9193, 3432
0.9196, 3431
0.9199, 3430
0.9202, 3429
0.9205, 3428
0.9209, 3427
0.9212, 3426
0.9215, 3425
0.9218, 3424
0.9221, 3423
0.9225, 3422
0.9228, 3421
0.9231, 3420
0.9235, 3419
0.9238, 3418
0.9241, 3417
0.9244, 3416
0.9248, 3415
0.9251, 3414
0.9254, 3413
0.9257, 3412
0.9261, 3411
0.9264, 3410
0.9267, 3409
0.9270, 3408
0.9273, 3407
0.9277, 3406
0.9280, 3405
0.9283, 3404
0.9286, 3403
0.9289, 3402
0.9292, 3401
0.9295, 3400
0.9299, 3399
0.9302, 3398
0.9305, 3397
0.9308, 3396
0.9311, 3395
0.9314, 3394
0.9317, 3393
0.9321, 3392
0.9324, 3391
0.9327, 3390
0.9330, 3389
0.9334, 3388
0.9337, 3387
0.9350, 3386
0.9354, 3385
0.9358, 3384
0.9361, 3383
0.9365, 3382
0.9368, 3381
0.9371, 3380
0.9374, 3379
0.9378, 3378
0.9381, 3377
0.9386, 3376
0.9389, 3375
0.9392, 3374
0.9397, 3373
0.9401, 3372
0.9405, 3371
0.9408, 3370
0.9411, 3369
0.9415, 3368
0.9418, 3367
0.9421, 3366
0.9424, 3365
0.9427, 3364
0.9431, 3363
0.9434, 3362
0.9438, 3361
0.9441, 3360
0.9445, 3359
0.9448, 3358
0.9451, 3357
0.9454, 3356
0.9458, 3355
0.9461, 3354
0.9464, 3353
0.9467, 3352
0.9470, 3351
0.9474, 3350
0.9477, 3349
0.9480, 3348
0.9484, 3347
0.9487, 3346
0.9490, 3345
0.9494, 3344
0.9497, 3343
0.9500, 3342
0.9503, 3341
0.9507, 3340
0.9510, 3339
0.9513, 3338
0.9516, 3337
0.9520, 3336
0.9523, 3335
0.9526, 3334
0.9529, 3333
0.9532, 3332
0.9536, 3331
0.9539, 3330
0.9542, 3329
0.9545, 3328
0.9548, 3327
0.9552, 3326
0.9555, 3325
0.9559, 3324
0.9562, 3323
0.9565, 3322
0.9568, 3321
0.9571, 3320
0.9575, 3319
0.9578, 3318
0.9581, 3317
0.9584, 3316
0.9587, 3315
0.9590, 3314
0.9593, 3313
0.9597, 3312
0.9600, 3311
0.9603, 3310
0.9607, 3309
0.9610, 3308
0.9613, 3307
0.9616, 3306
0.9620, 3305
0.9623, 3304
0.9626, 3303
0.9630, 3302
0.9633, 3301
0.9637, 3300
0.9641, 3299
0.9644, 3298
0.9647, 3297
0.9650, 3296
0.9654, 3295
0.9657, 3294
0.9660, 3293
0.9663, 3292
0.9667, 3291
0.9670, 3290
0.9674, 3289
0.9677, 3288
0.9681, 3287
0.9684, 3286
0.9687, 3285
0.9690, 3284
0.9693, 3283
0.9697, 3282
0.9700, 3281
0.9703, 3280
0.9706, 3279
0.9710, 3278
0.9713, 3277
0.9717, 3276
0.9720, 3275
0.9723, 3274
0.9727, 3273
0.9730, 3272
0.9734, 3271
0.9737, 3270
0.9740, 3269
0.9744, 3268
0.9747, 3267
0.9750, 3266
0.9754, 3265
0.9757, 3264
0.9760, 3263
0.9764, 3262
0.9767, 3261
0.9770, 3260
0.9773, 3259
0.9776, 3258
0.9779, 3257
0.9783, 3256
0.9786, 3255
0.9789, 3254
0.9792, 3253
0.9795, 3252
0.9799, 3251
0.9802, 3250
0.9805, 3249
0.9808, 3248
0.9811, 3247
0.9815, 3246
0.9818, 3245
0.9821, 3244
0.9824, 3243
0.9828, 3242
0.9831, 3241
0.9834, 3240
0.9837, 3239
0.9841, 3238
0.9844, 3237
0.9847, 3236
0.9851, 3235
0.9854, 3234
0.9857, 3233
0.9861, 3232
0.9864, 3231
0.9867, 3230
0.9870, 3229
0.9874, 3228
0.9877, 3227
0.9880, 3226
0.9883, 3225
0.9887, 3224
0.9890, 3223
0.9893, 3222
0.9896, 3221
0.9899, 3220
0.9903, 3219
0.9907, 3218
0.9910, 3217
0.9913, 3216
0.9916, 3215
0.9919, 3214
0.9922, 3213
0.9926, 3212
0.9929, 3211
0.9932, 3210
0.9935, 3209
0.9938, 3208
0.9941, 3207
0.9944, 3206
0.9947, 3205
0.9950, 3204
0.9953, 3203
0.9957, 3202
0.9961, 3201
0.9965, 3200
0.9968, 3199
0.9972, 3198
0.9975, 3197
0.9978, 3196
0.9982, 3195
0.9985, 3194
0.9988, 3193
0.9992, 3192
0.9995, 3191
0.9998, 3190
1.0001, 3189
1.0004, 3188
1.0007, 3187
1.0010, 3186
1.0014, 3185
1.0017, 3184
1.0020, 3183
1.0024, 3182
1.0027, 3181
1.0030, 3180
1.0033, 3179
1.0036, 3178
1.0039, 3177
1.0044, 3176
1.0047, 3175
1.0050, 3174
1.0053, 3173
1.0056, 3172
1.0059, 3171
1.0063, 3170
1.0066, 3169
1.0069, 3168
1.0072, 3167
1.0075, 3166
1.0078, 3165
1.0081, 3164
1.0084, 3163
1.0088, 3162
1.0091, 3161
1.0094, 3160
1.0097, 3159
1.0100, 3158
1.0103, 3157
1.0106, 3156
1.0109, 3155
1.0112, 3154
1.0116, 3153
1.0119, 3152
1.0122, 3151
1.0125, 3150
1.0128, 3149
1.0131, 3148
1.0135, 3147
1.0138, 3146
1.0141, 3145
1.0144, 3144
1.0148, 3143
1.0151, 3142
1.0155, 3141
1.0158, 3140
1.0161, 3139
1.0165, 3138
1.0168, 3137
1.0171, 3136
1.0174, 3135
1.0177, 3134
1.0180, 3133
1.0184, 3132
1.0187, 3131
1.0191, 3130
1.0194, 3129
1.0197, 3128
1.0200, 3127
1.0203, 3126
1.0206, 3125
1.0209, 3124
1.0212, 3123
1.0215, 3122
1.0218, 3121
1.0222, 3120
1.0225, 3119
1.0228, 3118
1.0230, 3117
1.0233, 3116
1.0236, 3115
1.0239, 3114
1.0242, 3113
1.0245, 3112
1.0249, 3111
1.0252, 3110
1.0255, 3109
1.0258, 3108
1.0261, 3107
1.0264, 3106
1.0267, 3105
1.0270, 3104
1.0273, 3103
1.0276, 3102
1.0279, 3101
1.0282, 3100
1.0285, 3099
1.0288, 3098
1.0292, 3097
1.0295, 3096
1.0298, 3095
1.0301, 3094
1.0304, 3093
1.0307, 3092
1.0310, 3091
1.0313, 3090
1.0316, 3089
1.0319, 3088
1.0322, 3087
1.0325, 3086
1.0328, 3085
1.0331, 3084
1.0334, 3083
1.0337, 3082
1.0340, 3081
1.0343, 3080
1.0347, 3079
1.0350, 3078
1.0353, 3077
1.0356, 3076
1.0359, 3075
1.0362, 3074
1.0365, 3073
1.0368, 3072
1.0371, 3071
1.0374, 3070
1.0378, 3069
1.0380, 3068
1.0383, 3067
1.0386, 3066
1.0389, 3065
1.0392, 3064
1.0395, 3063
1.0398, 3062
1.0401, 3061
1.0404, 3060
1.0407, 3059
1.0410, 3058
1.0413, 3057
1.0415, 3056
1.0419, 3055
1.0422, 3054
1.0425, 3053
1.0428, 3052
1.0431, 3051
1.0434, 3050
1.0437, 3049
1.0440, 3048
1.0444, 3047
1.0447, 3046
1.0450, 3045
1.0453, 3044
1.0455, 3043
1.0458, 3042
1.0461, 3041
1.0464, 3040
1.0467, 3039
1.0470, 3038
1.0473, 3037
1.0476, 3036
1.0479, 3035
1.0482, 3034
1.0485, 3033
1.0488, 3032
1.0491, 3031
1.0494, 3030
1.0497, 3029
1.0500, 3028
1.0503, 3027
1.0506, 3026
1.0509, 3025
1.0512, 3024
1.0515, 3023
1.0518, 3022
1.0521, 3021
1.0523, 3020
1.0527, 3019
1.0530, 3018
1.0533, 3017
1.0536, 3016
1.0539, 3015
1.0542, 3014
1.0545, 3013
1.0548, 3012
1.0551, 3011
1.0553, 3010
1.0556, 3009
1.0559, 3008
1.0562, 3007
1.0565, 3006
1.0568, 3005
1.0571, 3004
1.0574, 3003
1.0577, 3002
1.0580, 3001
1.0583, 3000
1.0586, 2999
1.0588, 2998
1.0591, 2997
1.0594, 2996
1.0597, 2995
1.0600, 2994
1.0603, 2993
1.0606, 2992
1.0609, 2991
1.0612, 2990
1.0615, 2989
1.0617, 2988
1.0620, 2987
1.0623, 2986
1.0626, 2985
1.0629, 2984
1.0632, 2983
1.0635, 2982
1.0638, 2981
1.0641, 2980
1.0644, 2979
1.0647, 2978
1.0650, 2977
1.0653, 2976
1.0656, 2975
1.0659, 2974
1.0662, 2973
1.0666, 2972
1.0668, 2971
1.0672, 2970
1.0674, 2969
1.0677, 2968
1.0680, 2967
1.0683, 2966
1.0686, 2965
1.0689, 2964
1.0691, 2963
1.0694, 2962
1.0697, 2961
1.0700, 2960
1.0704, 2959
1.0707, 2958
1.0710, 2957
1.0713, 2956
1.0716, 2955
1.0719, 2954
1.0723, 2953
1.0725, 2952
1.0728, 2951
1.0731, 2950
1.0734, 2949
1.0737, 2948
1.0740, 2947
1.0743, 2946
1.0746, 2945
1.0749, 2944
1.0752, 2943
1.0755, 2942
1.0758, 2941
1.0761, 2940
1.0764, 2939
1.0767, 2938
1.0770, 2937
1.0773, 2936
1.0776, 2935
1.0779, 2934
1.0782, 2933
1.0785, 2932
1.0789, 2931
1.0792, 2930
1.0795, 2929
1.0798, 2928
1.0801, 2927
1.0805, 2926
1.0808, 2925
1.0811, 2924
1.0814, 2923
1.0817, 2922
1.0820, 2921
1.0823, 2920
1.0827, 2919
1.0830, 2918
1.0833, 2917
1.0836, 2916
1.0840, 2915
1.0843, 2914
1.0846, 2913
1.0849, 2912
1.0852, 2911
1.0855, 2910
1.0858, 2909
1.0862, 2908
1.0865, 2907
1.0868, 2906
1.0871, 2905
1.0873, 2904
1.0877, 2903
1.0879, 2902
1.0882, 2901
1.0885, 2900
1.0888, 2899
1.0891, 2898
1.0894, 2897
1.0897, 2896
1.0901, 2895
1.0904, 2894
1.0907, 2893
1.0910, 2892
1.0913, 2891
1.0916, 2890
1.0919, 2889
1.0922, 2888
1.0925, 2887
1.0929, 2886
1.0932, 2885
1.0935, 2884
1.0938, 2883
1.0941, 2882
1.0944, 2881
1.0947, 2880
1.0950, 2879
1.0953, 2878
1.0955, 2877
1.0958, 2876
1.0961, 2875
1.0965, 2874
1.0968, 2873
1.0970, 2872
1.0973, 2871
1.0976, 2870
1.0979, 2869
1.0982, 2868
1.0986, 2867
1.0988, 2866
1.0991, 2865
1.0994, 2864
1.0997, 2863
1.1000, 2862
1.1003, 2861
1.1006, 2860
1.1008, 2859
1.1011, 2858
1.1014, 2857
1.1017, 2856
1.1020, 2855
1.1023, 2854
1.1025, 2853
1.1028, 2852
1.1031, 2851
1.1034, 2850
1.1036, 2849
1.1039, 2848
1.1042, 2847
1.1045, 2846
1.1048, 2845
1.1051, 2844
1.1054, 2843
1.1057, 2842
1.1060, 2841
1.1063, 2840
1.1065, 2839
1.1068, 2838
1.1071, 2837
1.1074, 2836
1.1077, 2835
1.1080, 2834
1.1083, 2833
1.1086, 2832
1.1089, 2831
1.1091, 2830
1.1094, 2829
1.1097, 2828
1.1100, 2827
1.1103, 2826
1.1106, 2825
1.1109, 2824
1.1111, 2823
1.1114, 2822
1.1117, 2821
1.1120, 2820
1.1123, 2819
1.1126, 2818
1.1129, 2817
1.1132, 2816
1.1134, 2815
1.1137, 2814
1.1140, 2813
1.1143, 2812
1.1146, 2811
1.1149, 2810
1.1151, 2809
1.1154, 2808
1.1157, 2807
1.1160, 2806
1.1163, 2805
1.1165, 2804
1.1168, 2803
1.1171, 2802
1.1174, 2801
1.1177, 2800
1.1180, 2799
1.1183, 2798
1.1186, 2797
1.1189, 2796
1.1192, 2795
1.1195, 2794
1.1197, 2793
1.1200, 2792
1.1203, 2791
1.1207, 2790
1.1209, 2789
1.1212, 2788
1.1215, 2787
1.1218, 2786
1.1221, 2785
1.1223, 2784
1.1226, 2783
1.1229, 2782
1.1232, 2781
1.1235, 2780
1.1238, 2779
1.1240, 2778
1.1243, 2777
1.1246, 2776
1.1249, 2775
1.1251, 2774
1.1254, 2773
1.1257, 2772
1.1260, 2771
1.1263, 2770
1.1266, 2769
1.1268, 2768
1.1271, 2767
1.1274, 2766
1.1277, 2765
1.1279, 2764
1.1282, 2763
1.1285, 2762
1.1288, 2761
1.1290, 2760
1.1293, 2759
1.1296, 2758
1.1299, 2757
1.1302, 2756
1.1304, 2755
1.1307, 2754
1.1310, 2753
1.1313, 2752
1.1316, 2751
1.1319, 2750
1.1322, 2749
1.1325, 2748
1.1328, 2747
1.1331, 2746
1.1334, 2745
1.1336, 2744
1.1339, 2743
1.1342, 2742
1.1345, 2741
1.1349, 2740
1.1352, 2739
1.1355, 2738
1.1358, 2737
1.1361, 2736
1.1363, 2735
1.1366, 2734
1.1370, 2733
1.1373, 2732
1.1375, 2731
1.1378, 2730
1.1381, 2729
1.1384, 2728
1.1387, 2727
1.1390, 2726
1.1393, 2725
1.1396, 2724
1.1399, 2723
1.1401, 2722
1.1404, 2721
1.1407, 2720
1.1410, 2719
1.1413, 2718
1.1416, 2717
1.1419, 2716
1.1421, 2715
1.1424, 2714
1.1428, 2713
1.1431, 2712
1.1433, 2711
1.1436, 2710
1.1439, 2709
1.1441, 2708
1.1444, 2707
1.1447, 2706
1.1450, 2705
1.1453, 2704
1.1456, 2703
1.1459, 2702
1.1462, 2701
1.1464, 2700
1.1467, 2699
1.1470, 2698
1.1473, 2697
1.1475, 2696
1.1478, 2695
1.1481, 2694
1.1484, 2693
1.1487, 2692
1.1490, 2691
1.1493, 2690
1.1496, 2689
1.1499, 2688
1.1502, 2687
1.1504, 2686
1.1507, 2685
1.1510, 2684
1.1513, 2683
1.1516, 2682
1.1518, 2681
1.1521, 2680
1.1524, 2679
1.1527, 2678
1.1529, 2677
1.1532, 2676
1.1535, 2675
1.1538, 2674
1.1541, 2673
1.1544, 2672
1.1547, 2671
1.1550, 2670
1.1552, 2669
1.1555, 2668
1.1557, 2667
1.1560, 2666
1.1562, 2665
1.1565, 2664
1.1568, 2663
1.1570, 2662
1.1573, 2661
1.1575, 2660
1.1578, 2659
1.1581, 2658
1.1583, 2657
1.1586, 2656
1.1588, 2655
1.1591, 2654
1.1593, 2653
1.1596, 2652
1.1599, 2651
1.1601, 2650
1.1604, 2649
1.1606, 2648
1.1609, 2647
1.1611, 2646
1.1614, 2645
1.1616, 2644
1.1619, 2643
1.1621, 2642
1.1624, 2641
1.1626, 2640
1.1629, 2639
1.1631, 2638
1.1634, 2637
1.1636, 2636
1.1639, 2635
1.1641, 2634
1.1644, 2633
1.1646, 2632
1.1649, 2631
1.1651, 2630
1.1654, 2629
1.1657, 2628
1.1660, 2627
1.1662, 2626
1.1665, 2625
1.1667, 2624
1.1669, 2623
1.1672, 2622
1.1675, 2621
1.1678, 2620
1.1680, 2619
1.1683, 2618
1.1686, 2617
1.1688, 2616
1.1691, 2615
1.1694, 2614
1.1696, 2613
1.1699, 2612
1.1701, 2611
1.1704, 2610
1.1706, 2609
1.1709, 2608
1.1711, 2607
1.1714, 2606
1.1716, 2605
1.1719, 2604
1.1721, 2603
1.1724, 2602
1.1727, 2601
1.1729, 2600
1.1732, 2599
1.1734, 2598
1.1737, 2597
1.1739, 2596
1.1742, 2595
1.1744, 2594
1.1747, 2593
1.1750, 2592
1.1752, 2591
1.1755, 2590
1.1757, 2589
1.1760, 2588
1.1762, 2587
1.1765, 2586
1.1767, 2585
1.1770, 2584
1.1772, 2583
1.1775, 2582
1.1778, 2581
1.1780, 2580
1.1783, 2579
1.1785, 2578
1.1788, 2577
1.1791, 2576
1.1793, 2575
1.1796, 2574
1.1799, 2573
1.1801, 2572
1.1804, 2571
1.1868, 2570
1.1932, 2569
1.1934, 2568
1.2078, 2567
1.2081, 2566
1.2163, 2565
1.2166, 2564
1.2496, 2563
1.2498, 2562
1.2809, 2561
1.2811, 2560
1.2855, 2559
1.2961, 2558
1.3045, 2557
1.3048, 2556
1.3090, 2555
1.3219, 2554
1.3262, 2553
1.3412, 2552
1.3414, 2551
1.3457, 2550
1.3480, 2549
1.3482, 2548
1.3485, 2547
1.3530, 2546
1.3615, 2545
1.3617, 2544
1.3721, 2543
1.3826, 2542
1.3911, 2541
1.3913, 2540
1.3999, 2539
1.4064, 2538
1.4128, 2537
1.4420, 2536
1.4527, 2535
1.4550, 2534
1.4553, 2533
1.4618, 2532
1.4620, 2531
1.4685, 2530
1.4792, 2529
1.4795, 2528
1.4818, 2527
1.4885, 2526
1.4887, 2525
1.4931, 2524
1.4996, 2523
1.4999, 2522
1.5001, 2521
1.5003, 2520
1.5735, 2519
1.5883, 2518
1.5885, 2517
1.6011, 2516
1.6384, 2515
1.6489, 2514
1.6491, 2513
1.6681, 2512
1.6746, 2511
1.6830, 2510
1.7037, 2509
1.7308, 2508
1.7414, 2507
1.7416, 2506
1.7439, 2505
1.7442, 2504
1.7485, 2503
1.7550, 2502
1.7655, 2501
1.7658, 2500
1.7704, 2499
1.7771, 2498
1.7773, 2497
1.7775, 2496
1.7778, 2495
1.7801, 2494
1.7887, 2493
1.7889, 2492
1.7891, 2491
1.8038, 2490
1.8040, 2489
1.8043, 2488
1.8251, 2487
1.8253, 2486
1.8358, 2485
1.8422, 2484
1.8465, 2483
1.8531, 2482
1.8574, 2481
1.8576, 2480
1.8579, 2479
1.8581, 2478
1.8771, 2477
1.8876, 2476
1.8919, 2475
1.8921, 2474
1.8944, 2473
1.8946, 2472
1.9092, 2471
1.9282, 2470
1.9471, 2469
1.9515, 2468
1.9517, 2467
1.9601, 2466
1.9604, 2465
1.9627, 2464
1.9691, 2463
1.9734, 2462
1.9736, 2461
1.9967, 2460
2.0054, 2459
2.0118, 2458
2.0141, 2457
2.0207, 2456
2.0374, 2455
2.0543, 2454
2.0628, 2453
2.0734, 2452
2.0798, 2451
2.1018, 2450
2.1226, 2449
2.1318, 2448
2.1385, 2447
2.1596, 2446
2.1640, 2445
2.1683, 2444
2.1810, 2443
2.2082, 2442
2.2125, 2441
2.2313, 2440
2.2397, 2439
2.2399, 2438
2.2772, 2437
2.2877, 2436
2.3108, 2435
2.3194, 2434
2.3385, 2433
2.3388, 2432
2.3473, 2431
2.3579, 2430
2.3808, 2429
2.3914, 2428
2.4060, 2427
2.4227, 2426
2.4229, 2425
2.4375, 2424
2.4418, 2423
2.4544, 2422
2.4566, 2421
2.4568, 2420
2.4591, 2419
2.4593, 2418
2.4719, 2417
2.4742, 2416
2.4744, 2415
2.4808, 2414
2.4810, 2413
2.4812, 2412
2.4979, 2411
2.5002, 2410
2.5045, 2409
2.5171, 2408
2.5173, 2407
2.5216, 2406
2.5219, 2405
2.5221, 2404
2.5326, 2403
2.5369, 2402
2.5372, 2401
2.5415, 2400
2.5417, 2399
2.5566, 2398
2.5694, 2397
2.5763, 2396
2.5765, 2395
2.5767, 2394
2.5769, 2393
2.5772, 2392
2.5774, 2391
2.5838, 2390
2.5841, 2389
2.5925, 2388
2.5927, 2387
2.5930, 2386
2.5994, 2385
2.5996, 2384
2.5998, 2383
2.6063, 2382
2.6086, 2381
2.6129, 2380
2.6131, 2379
2.6133, 2378
2.6238, 2377
2.6241, 2376
2.6387, 2375
2.6451, 2374
2.6453, 2373
2.6456, 2372
2.6520, 2371
2.6522, 2370
2.6525, 2369
2.6527, 2368
2.6529, 2367
2.6531, 2366
2.6740, 2365
2.6742, 2364
2.6806, 2363
2.6808, 2362
2.6872, 2361
2.6896, 2360
2.6898, 2359
2.6900, 2358
2.6902, 2357
2.6946, 2356
2.7092, 2355
2.7155, 2354
2.7239, 2353
2.7283, 2352
2.7306, 2351
2.7492, 2350
2.7494, 2349
2.7558, 2348
2.7560, 2347
2.7562, 2346
2.7564, 2345
2.7608, 2344
2.7815, 2343
2.7837, 2342
2.7840, 2341
2.7986, 2340
2.8049, 2339
2.8051, 2338
2.8074, 2337
2.8281, 2336
2.8511, 2335
2.8513, 2334
2.8515, 2333
2.8579, 2332
2.8581, 2331
2.8666, 2330
2.8668, 2329
2.9958, 2328
3.0001, 2327
3.0065, 2326
3.0108, 2325
3.0110, 2324
3.0133, 2323
3.0175, 2322
3.0177, 2321
3.0220, 2320
3.0407, 2319
3.0450, 2318
3.0513, 2317
3.0515, 2316
3.0558, 2315
3.0560, 2314
3.0685, 2313
3.0748, 2312
3.0791, 2311
3.0793, 2310
3.0816, 2309
3.0921, 2308
3.0964, 2307
3.0967, 2306
3.1035, 2305
3.1038, 2304
3.1081, 2303
3.1083, 2302
3.1167, 2301
3.1211, 2300
3.1316, 2299
3.1420, 2298
3.1525, 2297
3.1527, 2296
3.1590, 2295
3.1633, 2294
3.1636, 2293
3.1638, 2292
3.1783, 2291
3.1928, 2290
3.1992, 2289
3.2199, 2288
3.2242, 2287
3.2328, 2286
3.2658, 2285
3.2742, 2284
3.2744, 2283
3.2747, 2282
3.2749, 2281
3.2751, 2280
3.2794, 2279
3.2796, 2278
3.2902, 2277
3.2904, 2276
3.2906, 2275
3.2908, 2274
3.2910, 2273
3.3035, 2272
3.3119, 2271
3.3224, 2270
3.3226, 2269
3.3291, 2268
3.3519, 2267
3.3562, 2266
3.3625, 2265
3.3689, 2264
3.3691, 2263
3.3734, 2262
3.3860, 2261
3.3924, 2260
3.3926, 2259
3.3928, 2258
3.4094, 2257
3.4178, 2256
3.4262, 2255
3.4346, 2254
3.4348, 2253
3.4350, 2252
3.4353, 2251
3.4355, 2250
3.4479, 2249
3.4521, 2248
3.4524, 2247
3.4567, 2246
3.4672, 2245
3.4715, 2244
3.4757, 2243
3.4881, 2242
3.4965, 2241
3.5028, 2240
3.5132, 2239
3.5216, 2238
3.5238, 2237
3.5281, 2236
3.5345, 2235
3.5530, 2234
3.5633, 2233
3.5635, 2232
3.5698, 2231
3.5741, 2230
3.5928, 2229
3.6219, 2228
3.7331, 2227
3.7437, 2226
3.7683, 2225
3.7930, 2224
3.8076, 2223
3.8140, 2222
3.8228, 2221
3.8737, 2220
3.9362, 2219
4.0543, 2218
4.0659, 2217
4.1258, 2216
4.3817, 2215
