0.0340, 2281
0.0534, 2279
0.1142, 2277
0.1550, 2276
0.1947, 2274
0.1978, 2271
0.2039, 2270
0.2916, 2269
0.3456, 2268
0.3672, 2266
0.3768, 2265
0.3921, 2264
0.4136, 2263
0.4409, 2262
0.4593, 2261
0.5358, 2260
0.5391, 2259
0.5422, 2258
0.5454, 2256
0.5579, 2255
0.6393, 2254
0.7186, 2253
0.7805, 2252
0.7929, 2250
0.8265, 2249
0.8478, 2247
0.8630, 2246
0.9060, 2245
1.0500, 2244
1.1324, 2243
1.1751, 2242
1.1843, 2241
1.1905, 2240
1.2149, 2239
1.2395, 2238
1.3467, 2237
1.4136, 2236
1.4836, 2235
1.6444, 2234
1.6537, 2233
1.6904, 2232
1.7575, 2231
2.0283, 2230
2.0345, 2228
2.1595, 2227
2.5334, 2226
2.6471, 2225
2.6688, 2224
2.7056, 2223
2.7428, 2222
2.8736, 2221
2.9873, 2220
3.1440, 2219
3.1810, 2218
