0.7115, 3931
0.7119, 3930
0.7123, 3929
0.7128, 3928
0.7132, 3927
0.7136, 3926
0.7140, 3925
0.7144, 3924
0.7149, 3923
0.7153, 3922
0.7157, 3921
0.7161, 3920
0.7165, 3919
0.7169, 3918
0.7173, 3917
0.7177, 3916
0.7181, 3915
0.7184, 3914
0.7188, 3913
0.7192, 3912
0.7195, 3911
0.7199, 3910
0.7202, 3909
0.7206, 3908
0.7210, 3907
0.7214, 3906
0.7218, 3905
0.7223, 3904
0.7227, 3903
0.7232, 3902
0.7236, 3901
0.7240, 3900
0.7243, 3899
0.7247, 3898
0.7251, 3897
0.7255, 3896
0.7260, 3895
0.7264, 3894
0.7269, 3893
0.7273, 3892
0.7277, 3891
0.7281, 3890
0.7285, 3889
0.7288, 3888
0.7293, 3887
0.7297, 3886
0.7302, 3885
0.7306, 3884
0.7311, 3883
0.7315, 3882
0.7318, 3881
0.7323, 3880
0.7327, 3879
0.7331, 3878
0.7335, 3877
0.7339, 3876
0.7343, 3875
0.7347, 3874
0.7351, 3873
0.7354, 3872
0.7358, 3871
0.7361, 3870
0.7365, 3869
0.7369, 3868
0.7372, 3867
0.7376, 3866
0.7379, 3865
0.7383, 3864
0.7387, 3863
0.7391, 3862
0.7395, 3861
0.7400, 3860
0.7404, 3859
0.7408, 3858
0.7411, 3857
0.7415, 3856
0.7419, 3855
0.7423, 3854
0.7428, 3853
0.7432, 3852
0.7436, 3851
0.7441, 3850
0.7445, 3849
0.7448, 3848
0.7452, 3847
0.7457, 3846
0.7461, 3845
0.7466, 3844
0.7470, 3843
0.7475, 3842
0.7479, 3841
0.7482, 3840
0.7486, 3839
0.7490, 3838
0.7494, 3837
0.7498, 3836
0.7502, 3835
0.7507, 3834
0.7511, 3833
0.7514, 3832
0.7518, 3831
0.7521, 3830
0.7525, 3829
0.7529, 3828
0.7533, 3827
0.7536, 3826
0.7540, 3825
0.7544, 3824
0.7549, 3823
0.7553, 3822
0.7557, 3821
0.7561, 3820
0.7564, 3819
0.7569, 3818
0.7573, 3817
0.7577, 3816
0.7582, 3815
0.7587, 3814
0.7591, 3813
0.7595, 3812
0.7599, 3811
0.7603, 3810
0.7607, 3809
0.7611, 3808
0.7614, 3807
0.7618, 3806
0.7621, 3805
0.7625, 3804
0.7628, 3803
0.7631, 3802
0.7634, 3801
0.7638, 3800
0.7642, 3799
0.7645, 3798
0.7649, 3797
0.7652, 3796
0.7655, 3795
0.7658, 3794
0.7662, 3793
0.7665, 3792
0.7669, 3791
0.7672, 3790
0.7676, 3789
0.7679, 3788
0.7682, 3787
0.7686, 3786
0.7690, 3785
0.7693, 3784
0.7697, 3783
0.7701, 3782
0.7730, 3781
0.7734, 3780
0.7738, 3779
0.7741, 3778
0.7744, 3777
0.7747, 3776
0.7751, 3775
0.7754, 3774
0.7758, 3773
0.7761, 3772
0.7765, 3771
0.7768, 3770
0.7771, 3769
0.7775, 3768
0.7778, 3767
0.7782, 3766
0.7786, 3765
0.7789, 3764
0.7793, 3763
0.7796, 3762
0.7799, 3761
0.7803, 3760
0.7806, 3759
0.7809, 3758
0.7813, 3757
0.7816, 3756
0.7820, 3755
0.7823, 3754
0.7826, 3753
0.7830, 3752
0.7834, 3751
0.7837, 3750
0.7841, 3749
0.7845, 3748
0.7848, 3747
0.7852, 3746
0.7855, 3745
0.7859, 3744
0.7863, 3743
0.7867, 3742
0.7870, 3741
0.7874, 3740
0.7877, 3739
0.7880, 3738
0.7883, 3737
0.7887, 3736
0.7890, 3735
0.7893, 3734
0.7896, 3733
0.7899, 3732
0.7903, 3731
0.7906, 3730
0.7910, 3729
0.7913, 3728
0.7916, 3727
0.7920, 3726
0.7923, 3725
0.7926, 3724
0.7930, 3723
0.7933, 3722
0.7936, 3721
0.7939, 3720
0.7943, 3719
0.7946, 3718
0.7949, 3717
0.7953, 3716
0.7956, 3715
0.7959, 3714
0.7963, 3713
0.7966, 3712
0.7969, 3711
0.7972, 3710
0.7976, 3709
0.7979, 3708
0.7982, 3707
0.7985, 3706
0.7989, 3705
0.7992, 3704
0.7996, 3703
0.7999, 3702
0.8002, 3701
0.8006, 3700
0.8009, 3699
0.8012, 3698
0.8016, 3697
0.8019, 3696
0.8023, 3695
0.8026, 3694
0.8030, 3693
0.8033, 3692
0.8037, 3691
0.8040, 3690
0.8043, 3689
0.8046, 3688
0.8050, 3687
0.8053, 3686
0.8056, 3685
0.8060, 3684
0.8063, 3683
0.8067, 3682
0.8070, 3681
0.8074, 3680
0.8077, 3679
0.8081, 3678
0.8084, 3677
0.8087, 3676
0.8091, 3675
0.8094, 3674
0.8098, 3673
0.8101, 3672
0.8105, 3671
0.8108, 3670
0.8112, 3669
0.8115, 3668
0.8118, 3667
0.8121, 3666
0.8125, 3665
0.8128, 3664
0.8131, 3663
0.8135, 3662
0.8138, 3661
0.8141, 3660
0.8144, 3659
0.8148, 3658
0.8151, 3657
0.8154, 3656
0.8158, 3655
0.8161, 3654
0.8164, 3653
0.8167, 3652
0.8171, 3651
0.8174, 3650
0.8178, 3649
0.8181, 3648
0.8184, 3647
0.8188, 3646
0.8192, 3645
0.8195, 3644
0.8199, 3643
0.8202, 3642
0.8205, 3641
0.8208, 3640
0.8211, 3639
0.8215, 3638
0.8218, 3637
0.8221, 3636
0.8224, 3635
0.8227, 3634
0.8231, 3633
0.8234, 3632
0.8237, 3631
0.8240, 3630
0.8243, 3629
0.8246, 3628
0.8250, 3627
0.8253, 3626
0.8256, 3625
0.8259, 3624
0.8263, 3623
0.8266, 3622
0.8269, 3621
0.8272, 3620
0.8276, 3619
0.8279, 3618
0.8282, 3617
0.8285, 3616
0.8288, 3615
0.8291, 3614
0.8295, 3613
0.8298, 3612
0.8301, 3611
0.8305, 3610
0.8308, 3609
0.8311, 3608
0.8314, 3607
0.8317, 3606
0.8321, 3605
0.8324, 3604
0.8327, 3603
0.8331, 3602
0.8334, 3601
0.8337, 3600
0.8340, 3599
0.8344, 3598
0.8347, 3597
0.8350, 3596
0.8354, 3595
0.8357, 3594
0.8361, 3593
0.8364, 3592
0.8368, 3591
0.8372, 3590
0.8376, 3589
0.8379, 3588
0.8383, 3587
0.8386, 3586
0.8389, 3585
0.8393, 3584
0.8396, 3583
0.8399, 3582
0.8402, 3581
0.8405, 3580
0.8409, 3579
0.8412, 3578
0.8415, 3577
0.8418, 3576
0.8421, 3575
0.8425, 3574
0.8428, 3573
0.8432, 3572
0.8435, 3571
0.8439, 3570
0.8442, 3569
0.8445, 3568
0.8449, 3567
0.8452, 3566
0.8455, 3565
0.8458, 3564
0.8461, 3563
0.8464, 3562
0.8467, 3561
0.8470, 3560
0.8474, 3559
0.8477, 3558
0.8480, 3557
0.8483, 3556
0.8486, 3555
0.8489, 3554
0.8493, 3553
0.8496, 3552
0.8499, 3551
0.8503, 3550
0.8508, 3549
0.8512, 3548
0.8515, 3547
0.8518, 3546
0.8522, 3545
0.8525, 3544
0.8529, 3543
0.8532, 3542
0.8535, 3541
0.8538, 3540
0.8542, 3539
0.8545, 3538
0.8549, 3537
0.8552, 3536
0.8555, 3535
0.8558, 3534
0.8561, 3533
0.8564, 3532
0.8567, 3531
0.8570, 3530
0.8574, 3529
0.8577, 3528
0.8580, 3527
0.8583, 3526
0.8586, 3525
0.8591, 3524
0.8594, 3523
0.8597, 3522
0.8601, 3521
0.8604, 3520
0.8607, 3519
0.8610, 3518
0.8613, 3517
0.8616, 3516
0.8620, 3515
0.8623, 3514
0.8626, 3513
0.8629, 3512
0.8632, 3511
0.8636, 3510
0.8639, 3509
0.8642, 3508
0.8645, 3507
0.8648, 3506
0.8651, 3505
0.8654, 3504
0.8657, 3503
0.8660, 3502
0.8664, 3501
0.8667, 3500
0.8671, 3499
0.8675, 3498
0.8678, 3497
0.8682, 3496
0.8685, 3495
0.8689, 3494
0.8692, 3493
0.8696, 3492
0.8700, 3491
0.8703, 3490
0.8706, 3489
0.8710, 3488
0.8713, 3487
0.8716, 3486
0.8719, 3485
0.8722, 3484
0.8725, 3483
0.8728, 3482
0.8732, 3481
0.8735, 3480
0.8738, 3479
0.8741, 3478
0.8744, 3477
0.8748, 3476
0.8751, 3475
0.8755, 3474
0.8758, 3473
0.8761, 3472
0.8765, 3471
0.8768, 3470
0.8771, 3469
0.8774, 3468
0.8777, 3467
0.8780, 3466
0.8783, 3465
0.8786, 3464
0.8789, 3463
0.8792, 3462
0.8795, 3461
0.8798, 3460
0.8802, 3459
0.8805, 3458
0.8808, 3457
0.8811, 3456
0.8814, 3455
0.8817, 3454
0.8821, 3453
0.8824, 3452
0.8827, 3451
0.8831, 3450
0.8834, 3449
0.8837, 3448
0.8841, 3447
0.8844, 3446
0.8848, 3445
0.8851, 3444
0.8855, 3443
0.8858, 3442
0.8862, 3441
0.8865, 3440
0.8868, 3439
0.8871, 3438
0.8875, 3437
0.8878, 3436
0.8881, 3435
0.8884, 3434
0.8887, 3433
0.8890, 3432
0.8893, 3431
0.8897, 3430
0.8900, 3429
0.8903, 3428
0.8906, 3427
0.8910, 3426
0.8914, 3425
0.8917, 3424
0.8920, 3423
0.8924, 3422
0.8927, 3421
0.8930, 3420
0.8933, 3419
0.8936, 3418
0.8939, 3417
0.8942, 3416
0.8945, 3415
0.8948, 3414
0.8951, 3413
0.8954, 3412
0.8957, 3411
0.8960, 3410
0.8963, 3409
0.8966, 3408
0.8969, 3407
0.8972, 3406
0.8975, 3405
0.8979, 3404
0.8982, 3403
0.8985, 3402
0.8989, 3401
0.8992, 3400
0.8996, 3399
0.8999, 3398
0.9002, 3397
0.9005, 3396
0.9009, 3395
0.9012, 3394
0.9015, 3393
0.9019, 3392
0.9022, 3391
0.9026, 3390
0.9029, 3389
0.9033, 3388
0.9036, 3387
0.9039, 3386
0.9042, 3385
0.9045, 3384
0.9048, 3383
0.9051, 3382
0.9054, 3381
0.9057, 3380
0.9061, 3379
0.9064, 3378
0.9067, 3377
0.9071, 3376
0.9074, 3375
0.9077, 3374
0.9081, 3373
0.9084, 3372
0.9087, 3371
0.9090, 3370
0.9093, 3369
0.9096, 3368
0.9099, 3367
0.9103, 3366
0.9106, 3365
0.9109, 3364
0.9112, 3363
0.9115, 3362
0.9118, 3361
0.9121, 3360
0.9124, 3359
0.9127, 3358
0.9131, 3357
0.9134, 3356
0.9137, 3355
0.9140, 3354
0.9144, 3353
0.9147, 3352
0.9151, 3351
0.9154, 3350
0.9157, 3349
0.9161, 3348
0.9164, 3347
0.9167, 3346
0.9171, 3345
0.9174, 3344
0.9177, 3343
0.9180, 3342
0.9184, 3341
0.9188, 3340
0.9191, 3339
0.9195, 3338
0.9198, 3337
0.9201, 3336
0.9205, 3335
0.9208, 3334
0.9211, 3333
0.9214, 3332
0.9217, 3331
0.9220, 3330
0.9224, 3329
0.9227, 3328
0.9232, 3327
0.9235, 3326
0.9238, 3325
0.9242, 3324
0.9245, 3323
0.9248, 3322
0.9251, 3321
0.9255, 3320
0.9258, 3319
0.9262, 3318
0.9266, 3317
0.9271, 3316
0.9274, 3315
0.9277, 3314
0.9281, 3313
0.9285, 3312
0.9288, 3311
0.9291, 3310
0.9294, 3309
0.9298, 3308
0.9301, 3307
0.9305, 3306
0.9309, 3305
0.9312, 3304
0.9316, 3303
0.9319, 3302
0.9323, 3301
0.9326, 3300
0.9329, 3299
0.9332, 3298
0.9335, 3297
0.9339, 3296
0.9377, 3295
0.9381, 3294
0.9385, 3293
0.9389, 3292
0.9394, 3291
0.9397, 3290
0.9400, 3289
0.9404, 3288
0.9408, 3287
0.9411, 3286
0.9414, 3285
0.9418, 3284
0.9422, 3283
0.9425, 3282
0.9429, 3281
0.9432, 3280
0.9435, 3279
0.9438, 3278
0.9441, 3277
0.9445, 3276
0.9447, 3275
0.9451, 3274
0.9454, 3273
0.9458, 3272
0.9461, 3271
0.9464, 3270
0.9467, 3269
0.9472, 3268
0.9475, 3267
0.9478, 3266
0.9482, 3265
0.9485, 3264
0.9488, 3263
0.9491, 3262
0.9494, 3261
0.9497, 3260
0.9500, 3259
0.9503, 3258
0.9506, 3257
0.9509, 3256
0.9512, 3255
0.9516, 3254
0.9519, 3253
0.9523, 3252
0.9526, 3251
0.9529, 3250
0.9533, 3249
0.9536, 3248
0.9540, 3247
0.9543, 3246
0.9547, 3245
0.9552, 3244
0.9556, 3243
0.9559, 3242
0.9562, 3241
0.9565, 3240
0.9569, 3239
0.9571, 3238
0.9574, 3237
0.9577, 3236
0.9581, 3235
0.9583, 3234
0.9586, 3233
0.9590, 3232
0.9593, 3231
0.9596, 3230
0.9599, 3229
0.9602, 3228
0.9605, 3227
0.9609, 3226
0.9612, 3225
0.9616, 3224
0.9619, 3223
0.9622, 3222
0.9626, 3221
0.9629, 3220
0.9633, 3219
0.9636, 3218
0.9639, 3217
0.9642, 3216
0.9645, 3215
0.9648, 3214
0.9651, 3213
0.9654, 3212
0.9657, 3211
0.9660, 3210
0.9664, 3209
0.9667, 3208
0.9671, 3207
0.9675, 3206
0.9679, 3205
0.9682, 3204
0.9686, 3203
0.9690, 3202
0.9693, 3201
0.9696, 3200
0.9700, 3199
0.9703, 3198
0.9707, 3197
0.9711, 3196
0.9714, 3195
0.9718, 3194
0.9721, 3193
0.9725, 3192
0.9728, 3191
0.9731, 3190
0.9735, 3189
0.9738, 3188
0.9741, 3187
0.9745, 3186
0.9748, 3185
0.9752, 3184
0.9755, 3183
0.9758, 3182
0.9761, 3181
0.9765, 3180
0.9768, 3179
0.9771, 3178
0.9774, 3177
0.9777, 3176
0.9780, 3175
0.9784, 3174
0.9788, 3173
0.9792, 3172
0.9794, 3171
0.9798, 3170
0.9801, 3169
0.9804, 3168
0.9807, 3167
0.9810, 3166
0.9813, 3165
0.9816, 3164
0.9819, 3163
0.9822, 3162
0.9825, 3161
0.9829, 3160
0.9832, 3159
0.9834, 3158
0.9837, 3157
0.9841, 3156
0.9844, 3155
0.9847, 3154
0.9850, 3153
0.9853, 3152
0.9857, 3151
0.9860, 3150
0.9864, 3149
0.9868, 3148
0.9871, 3147
0.9874, 3146
0.9878, 3145
0.9882, 3144
0.9885, 3143
0.9888, 3142
0.9892, 3141
0.9895, 3140
0.9899, 3139
0.9902, 3138
0.9905, 3137
0.9908, 3136
0.9911, 3135
0.9914, 3134
0.9917, 3133
0.9920, 3132
0.9924, 3131
0.9927, 3130
0.9931, 3129
0.9934, 3128
0.9938, 3127
0.9941, 3126
0.9944, 3125
0.9947, 3124
0.9950, 3123
0.9953, 3122
0.9956, 3121
0.9959, 3120
0.9962, 3119
0.9965, 3118
0.9968, 3117
0.9971, 3116
0.9974, 3115
0.9977, 3114
0.9980, 3113
0.9982, 3112
0.9985, 3111
0.9989, 3110
0.9992, 3109
0.9994, 3108
0.9998, 3107
1.0001, 3106
1.0004, 3105
1.0007, 3104
1.0011, 3103
1.0014, 3102
1.0017, 3101
1.0021, 3100
1.0025, 3099
1.0028, 3098
1.0031, 3097
1.0034, 3096
1.0037, 3095
1.0040, 3094
1.0044, 3093
1.0047, 3092
1.0050, 3091
1.0053, 3090
1.0055, 3089
1.0058, 3088
1.0061, 3087
1.0064, 3086
1.0067, 3085
1.0069, 3084
1.0072, 3083
1.0075, 3082
1.0078, 3081
1.0081, 3080
1.0084, 3079
1.0088, 3078
1.0092, 3077
1.0095, 3076
1.0100, 3075
1.0104, 3074
1.0107, 3073
1.0110, 3072
1.0113, 3071
1.0116, 3070
1.0119, 3069
1.0122, 3068
1.0126, 3067
1.0128, 3066
1.0131, 3065
1.0134, 3064
1.0137, 3063
1.0140, 3062
1.0143, 3061
1.0146, 3060
1.0149, 3059
1.0152, 3058
1.0154, 3057
1.0157, 3056
1.0160, 3055
1.0163, 3054
1.0167, 3053
1.0170, 3052
1.0173, 3051
1.0177, 3050
1.0180, 3049
1.0183, 3048
1.0186, 3047
1.0190, 3046
1.0193, 3045
1.0196, 3044
1.0199, 3043
1.0202, 3042
1.0206, 3041
1.0208, 3040
1.0211, 3039
1.0214, 3038
1.0217, 3037
1.0220, 3036
1.0223, 3035
1.0225, 3034
1.0228, 3033
1.0231, 3032
1.0233, 3031
1.0236, 3030
1.0239, 3029
1.0242, 3028
1.0245, 3027
1.0249, 3026
1.0252, 3025
1.0255, 3024
1.0259, 3023
1.0262, 3022
1.0265, 3021
1.0268, 3020
1.0270, 3019
1.0273, 3018
1.0276, 3017
1.0279, 3016
1.0281, 3015
1.0284, 3014
1.0287, 3013
1.0290, 3012
1.0293, 3011
1.0296, 3010
1.0300, 3009
1.0303, 3008
1.0306, 3007
1.0308, 3006
1.0311, 3005
1.0314, 3004
1.0317, 3003
1.0320, 3002
1.0323, 3001
1.0326, 3000
1.0329, 2999
1.0332, 2998
1.0335, 2997
1.0338, 2996
1.0341, 2995
1.0344, 2994
1.0347, 2993
1.0350, 2992
1.0353, 2991
1.0357, 2990
1.0359, 2989
1.0363, 2988
1.0365, 2987
1.0369, 2986
1.0371, 2985
1.0374, 2984
1.0377, 2983
1.0380, 2982
1.0383, 2981
1.0385, 2980
1.0388, 2979
1.0391, 2978
1.0394, 2977
1.0397, 2976
1.0399, 2975
1.0402, 2974
1.0405, 2973
1.0408, 2972
1.0411, 2971
1.0414, 2970
1.0417, 2969
1.0421, 2968
1.0424, 2967
1.0426, 2966
1.0429, 2965
1.0432, 2964
1.0435, 2963
1.0437, 2962
1.0440, 2961
1.0443, 2960
1.0445, 2959
1.0448, 2958
1.0452, 2957
1.0455, 2956
1.0458, 2955
1.0461, 2954
1.0465, 2953
1.0468, 2952
1.0470, 2951
1.0474, 2950
1.0477, 2949
1.0479, 2948
1.0482, 2947
1.0485, 2946
1.0489, 2945
1.0492, 2944
1.0495, 2943
1.0497, 2942
1.0500, 2941
1.0503, 2940
1.0506, 2939
1.0510, 2938
1.0513, 2937
1.0516, 2936
1.0519, 2935
1.0524, 2934
1.0527, 2933
1.0530, 2932
1.0533, 2931
1.0536, 2930
1.0539, 2929
1.0543, 2928
1.0547, 2927
1.0551, 2926
1.0554, 2925
1.0557, 2924
1.0560, 2923
1.0563, 2922
1.0566, 2921
1.0570, 2920
1.0573, 2919
1.0576, 2918
1.0580, 2917
1.0583, 2916
1.0586, 2915
1.0589, 2914
1.0592, 2913
1.0596, 2912
1.0599, 2911
1.0602, 2910
1.0604, 2909
1.0608, 2908
1.0611, 2907
1.0613, 2906
1.0616, 2905
1.0619, 2904
1.0623, 2903
1.0625, 2902
1.0628, 2901
1.0631, 2900
1.0634, 2899
1.0637, 2898
1.0640, 2897
1.0642, 2896
1.0645, 2895
1.0648, 2894
1.0651, 2893
1.0655, 2892
1.0657, 2891
1.0660, 2890
1.0664, 2889
1.0667, 2888
1.0669, 2887
1.0672, 2886
1.0675, 2885
1.0679, 2884
1.0682, 2883
1.0685, 2882
1.0688, 2881
1.0691, 2880
1.0694, 2879
1.0698, 2878
1.0701, 2877
1.0721, 2876
1.0724, 2875
1.0728, 2874
1.0732, 2873
1.0735, 2872
1.0738, 2871
1.0741, 2870
1.0744, 2869
1.0747, 2868
1.0750, 2867
1.0753, 2866
1.0756, 2865
1.0759, 2864
1.0761, 2863
1.0764, 2862
1.0767, 2861
1.0770, 2860
1.0772, 2859
1.0775, 2858
1.0778, 2857
1.0781, 2856
1.0783, 2855
1.0786, 2854
1.0789, 2853
1.0791, 2852
1.0794, 2851
1.0796, 2850
1.0799, 2849
1.0802, 2848
1.0804, 2847
1.0807, 2846
1.0810, 2845
1.0813, 2844
1.0816, 2843
1.0819, 2842
1.0822, 2841
1.0824, 2840
1.0827, 2839
1.0830, 2838
1.0833, 2837
1.0835, 2836
1.0838, 2835
1.0841, 2834
1.0844, 2833
1.0847, 2832
1.0850, 2831
1.0853, 2830
1.0856, 2829
1.0859, 2828
1.0862, 2827
1.0865, 2826
1.0867, 2825
1.0871, 2824
1.0874, 2823
1.0876, 2822
1.0879, 2821
1.0882, 2820
1.0885, 2819
1.0888, 2818
1.0891, 2817
1.0894, 2816
1.0897, 2815
1.0900, 2814
1.0902, 2813
1.0905, 2812
1.0908, 2811
1.0910, 2810
1.0913, 2809
1.0916, 2808
1.0919, 2807
1.0922, 2806
1.0925, 2805
1.0927, 2804
1.0930, 2803
1.0933, 2802
1.0936, 2801
1.0938, 2800
1.0941, 2799
1.0944, 2798
1.0947, 2797
1.0950, 2796
1.0953, 2795
1.0956, 2794
1.0959, 2793
1.0962, 2792
1.0964, 2791
1.0967, 2790
1.0970, 2789
1.0973, 2788
1.0976, 2787
1.0979, 2786
1.0982, 2785
1.0985, 2784
1.0987, 2783
1.0990, 2782
1.0993, 2781
1.0995, 2780
1.0998, 2779
1.1001, 2778
1.1004, 2777
1.1007, 2776
1.1009, 2775
1.1012, 2774
1.1015, 2773
1.1017, 2772
1.1020, 2771
1.1023, 2770
1.1026, 2769
1.1029, 2768
1.1032, 2767
1.1035, 2766
1.1037, 2765
1.1040, 2764
1.1043, 2763
1.1045, 2762
1.1048, 2761
1.1050, 2760
1.1053, 2759
1.1056, 2758
1.1058, 2757
1.1061, 2756
1.1063, 2755
1.1066, 2754
1.1069, 2753
1.1072, 2752
1.1075, 2751
1.1078, 2750
1.1081, 2749
1.1084, 2748
1.1087, 2747
1.1089, 2746
1.1092, 2745
1.1095, 2744
1.1097, 2743
1.1100, 2742
1.1103, 2741
1.1105, 2740
1.1108, 2739
1.1112, 2738
1.1115, 2737
1.1118, 2736
1.1120, 2735
1.1123, 2734
1.1126, 2733
1.1129, 2732
1.1132, 2731
1.1135, 2730
1.1137, 2729
1.1140, 2728
1.1143, 2727
1.1146, 2726
1.1149, 2725
1.1152, 2724
1.1155, 2723
1.1157, 2722
1.1160, 2721
1.1163, 2720
1.1165, 2719
1.1168, 2718
1.1171, 2717
1.1173, 2716
1.1176, 2715
1.1179, 2714
1.1182, 2713
1.1185, 2712
1.1188, 2711
1.1191, 2710
1.1194, 2709
1.1196, 2708
1.1199, 2707
1.1201, 2706
1.1204, 2705
1.1207, 2704
1.1210, 2703
1.1213, 2702
1.1215, 2701
1.1218, 2700
1.1221, 2699
1.1224, 2698
1.1227, 2697
1.1229, 2696
1.1232, 2695
1.1235, 2694
1.1237, 2693
1.1240, 2692
1.1243, 2691
1.1246, 2690
1.1249, 2689
1.1251, 2688
1.1254, 2687
1.1257, 2686
1.1260, 2685
1.1262, 2684
1.1265, 2683
1.1268, 2682
1.1271, 2681
1.1274, 2680
1.1276, 2679
1.1279, 2678
1.1282, 2677
1.1285, 2676
1.1287, 2675
1.1290, 2674
1.1293, 2673
1.1295, 2672
1.1299, 2671
1.1302, 2670
1.1305, 2669
1.1308, 2668
1.1311, 2667
1.1313, 2666
1.1316, 2665
1.1318, 2664
1.1321, 2663
1.1324, 2662
1.1327, 2661
1.1330, 2660
1.1333, 2659
1.1335, 2658
1.1338, 2657
1.1340, 2656
1.1343, 2655
1.1346, 2654
1.1349, 2653
1.1352, 2652
1.1354, 2651
1.1357, 2650
1.1359, 2649
1.1362, 2648
1.1365, 2647
1.1367, 2646
1.1370, 2645
1.1372, 2644
1.1375, 2643
1.1377, 2642
1.1380, 2641
1.1382, 2640
1.1385, 2639
1.1387, 2638
1.1390, 2637
1.1392, 2636
1.1395, 2635
1.1398, 2634
1.1401, 2633
1.1403, 2632
1.1406, 2631
1.1408, 2630
1.1411, 2629
1.1414, 2628
1.1416, 2627
1.1419, 2626
1.1421, 2625
1.1424, 2624
1.1427, 2623
1.1430, 2622
1.1433, 2621
1.1435, 2620
1.1438, 2619
1.1441, 2618
1.1443, 2617
1.1446, 2616
1.1448, 2615
1.1451, 2614
1.1454, 2613
1.1456, 2612
1.1459, 2611
1.1461, 2610
1.1464, 2609
1.1466, 2608
1.1469, 2607
1.1471, 2606
1.1474, 2605
1.1476, 2604
1.1479, 2603
1.1482, 2602
1.1484, 2601
1.1487, 2600
1.1490, 2599
1.1492, 2598
1.1495, 2597
1.1497, 2596
1.1500, 2595
1.1503, 2594
1.1506, 2593
1.1509, 2592
1.1511, 2591
1.1514, 2590
1.1517, 2589
1.1519, 2588
1.1522, 2587
1.1525, 2586
1.1528, 2585
1.1530, 2584
1.1533, 2583
1.1535, 2582
1.1538, 2581
1.1541, 2580
1.1543, 2579
1.1546, 2578
1.1548, 2577
1.1551, 2576
1.1554, 2575
1.1557, 2574
1.1560, 2573
1.1562, 2572
1.1565, 2571
1.1568, 2570
1.1571, 2569
1.1574, 2568
1.1576, 2567
1.1579, 2566
1.1582, 2565
1.1584, 2564
1.1587, 2563
1.1675, 2562
1.1678, 2561
1.1722, 2560
1.1872, 2559
1.1874, 2558
1.1959, 2557
1.1962, 2556
1.2151, 2555
1.2280, 2554
1.2344, 2553
1.2640, 2552
1.2643, 2551
1.2730, 2550
1.2836, 2549
1.2879, 2548
1.2881, 2547
1.2967, 2546
1.3054, 2545
1.3097, 2544
1.3225, 2543
1.3289, 2542
1.3291, 2541
1.3314, 2540
1.3316, 2539
1.3319, 2538
1.3364, 2537
1.3431, 2536
1.3433, 2535
1.3582, 2534
1.3668, 2533
1.3753, 2532
1.3755, 2531
1.3820, 2530
1.3969, 2529
1.4013, 2528
1.4248, 2527
1.4377, 2526
1.4380, 2525
1.4403, 2524
1.4405, 2523
1.4491, 2522
1.4493, 2521
1.4495, 2520
1.4498, 2519
1.4582, 2518
1.4585, 2517
1.4608, 2516
1.4651, 2515
1.4696, 2514
1.4719, 2513
1.4742, 2512
1.4810, 2511
1.4812, 2510
1.4859, 2509
1.4907, 2508
1.4909, 2507
1.4911, 2506
1.4978, 2505
1.4980, 2504
1.5674, 2503
1.5800, 2502
1.5802, 2501
1.6013, 2500
1.6206, 2499
1.6438, 2498
1.6440, 2497
1.6546, 2496
1.6631, 2495
1.6696, 2494
1.6973, 2493
1.7145, 2492
1.7191, 2491
1.7301, 2490
1.7304, 2489
1.7306, 2488
1.7393, 2487
1.7525, 2486
1.7528, 2485
1.7573, 2484
1.7618, 2483
1.7705, 2482
1.7707, 2481
1.7709, 2480
1.7712, 2479
1.7714, 2478
1.7779, 2477
1.7781, 2476
1.7805, 2475
1.7933, 2474
1.7935, 2473
1.7959, 2472
1.8147, 2471
1.8212, 2470
1.8298, 2469
1.8342, 2468
1.8427, 2467
1.8450, 2466
1.8493, 2465
1.8496, 2464
1.8498, 2463
1.8500, 2462
1.8689, 2461
1.8838, 2460
1.8840, 2459
1.8843, 2458
1.8866, 2457
1.8868, 2456
1.9015, 2455
1.9161, 2454
1.9246, 2453
1.9434, 2452
1.9437, 2451
1.9521, 2450
1.9524, 2449
1.9547, 2448
1.9591, 2447
1.9655, 2446
1.9657, 2445
1.9824, 2444
1.9974, 2443
2.0059, 2442
2.0061, 2441
2.0189, 2440
2.0295, 2439
2.0484, 2438
2.0569, 2437
2.0654, 2436
2.0698, 2435
2.0844, 2434
2.1115, 2433
2.1201, 2432
2.1224, 2431
2.1453, 2430
2.1517, 2429
2.1582, 2428
2.1751, 2427
2.1958, 2426
2.2064, 2425
2.2169, 2424
2.2253, 2423
2.2317, 2422
2.2652, 2421
2.2741, 2420
2.3034, 2419
2.3263, 2418
2.3329, 2417
2.3331, 2416
2.3477, 2415
2.3624, 2414
2.3750, 2413
2.3752, 2412
2.3961, 2411
2.4026, 2410
2.4212, 2409
2.4276, 2408
2.4401, 2407
2.4424, 2406
2.4426, 2405
2.4448, 2404
2.4451, 2403
2.4576, 2402
2.4578, 2401
2.4663, 2400
2.4665, 2399
2.4668, 2398
2.4670, 2397
2.4835, 2396
2.4858, 2395
2.4983, 2394
2.5027, 2393
2.5029, 2392
2.5052, 2391
2.5054, 2390
2.5138, 2389
2.5182, 2388
2.5184, 2387
2.5250, 2386
2.5252, 2385
2.5317, 2384
2.5548, 2383
2.5571, 2382
2.5615, 2381
2.5617, 2380
2.5681, 2379
2.5683, 2378
2.5767, 2377
2.5769, 2376
2.5772, 2375
2.5835, 2374
2.5837, 2373
2.5840, 2372
2.5924, 2371
2.5927, 2370
2.5970, 2369
2.5973, 2368
2.5975, 2367
2.6203, 2366
2.6205, 2365
2.6208, 2364
2.6272, 2363
2.6275, 2362
2.6277, 2361
2.6342, 2360
2.6344, 2359
2.6347, 2358
2.6349, 2357
2.6351, 2356
2.6353, 2355
2.6561, 2354
2.6563, 2353
2.6627, 2352
2.6629, 2351
2.6694, 2350
2.6717, 2349
2.6719, 2348
2.6721, 2347
2.6723, 2346
2.6767, 2345
2.6912, 2344
2.6976, 2343
2.7060, 2342
2.7103, 2341
2.7126, 2340
2.7292, 2339
2.7458, 2338
2.7522, 2337
2.7688, 2336
2.7711, 2335
2.7713, 2334
2.7901, 2333
2.7903, 2332
2.7947, 2331
2.7949, 2330
2.8102, 2329
2.8331, 2328
2.8333, 2327
2.8336, 2326
2.8399, 2325
2.8483, 2324
2.8485, 2323
2.8570, 2322
2.8572, 2321
2.8944, 2320
2.8946, 2319
2.9913, 2318
2.9936, 2317
2.9959, 2316
3.0002, 2315
3.0005, 2314
3.0027, 2313
3.0070, 2312
3.0072, 2311
3.0115, 2310
3.0259, 2309
3.0303, 2308
3.0346, 2307
3.0410, 2306
3.0412, 2305
3.0455, 2304
3.0457, 2303
3.0604, 2302
3.0606, 2301
3.0691, 2300
3.0693, 2299
3.0716, 2298
3.0820, 2297
3.0865, 2296
3.0867, 2295
3.0910, 2294
3.0954, 2293
3.0956, 2292
3.0978, 2291
3.1063, 2290
3.1105, 2289
3.1230, 2288
3.1313, 2287
3.1376, 2286
3.1379, 2285
3.1462, 2284
3.1505, 2283
3.1528, 2282
3.1530, 2281
3.1675, 2280
3.1779, 2279
3.1882, 2278
3.2151, 2277
3.2173, 2276
3.2239, 2275
3.2304, 2274
3.2631, 2273
3.2715, 2272
3.2717, 2271
3.2719, 2270
3.2721, 2269
3.2723, 2268
3.2827, 2267
3.2830, 2266
3.2873, 2265
3.2875, 2264
3.2877, 2263
3.2982, 2262
3.3210, 2261
3.3212, 2260
3.3277, 2259
3.3385, 2258
3.3387, 2257
3.3577, 2256
3.3621, 2255
3.3664, 2254
3.3708, 2253
3.3711, 2252
3.3774, 2251
3.3899, 2250
3.4085, 2249
3.4087, 2248
3.4149, 2247
3.4253, 2246
3.4318, 2245
3.4320, 2244
3.4465, 2243
3.4467, 2242
3.4510, 2241
3.4616, 2240
3.4680, 2239
3.4722, 2238
3.4826, 2237
3.4929, 2236
3.5114, 2235
3.5137, 2234
3.5200, 2233
3.5202, 2232
3.5406, 2231
3.5529, 2230
3.5572, 2229
3.5797, 2228
3.6210, 2227
3.7760, 2226
3.8212, 2225
3.8317, 2224
3.8402, 2223
3.8404, 2222
3.9051, 2221
3.9053, 2220
3.9136, 2219
3.9852, 2218
4.0858, 2217
4.1829, 2216
4.3967, 2215
