0.6544, 3931
0.6548, 3930
0.6551, 3929
0.6555, 3928
0.6558, 3927
0.6561, 3926
0.6564, 3925
0.6568, 3924
0.6571, 3923
0.6575, 3922
0.6578, 3921
0.6581, 3920
0.6584, 3919
0.6588, 3918
0.6591, 3917
0.6594, 3916
0.6597, 3915
0.6601, 3914
0.6604, 3913
0.6607, 3912
0.6611, 3911
0.6614, 3910
0.6617, 3909
0.6620, 3908
0.6624, 3907
0.6627, 3906
0.6630, 3905
0.6633, 3904
0.6637, 3903
0.6640, 3902
0.6643, 3901
0.6647, 3900
0.6650, 3899
0.6653, 3898
0.6656, 3897
0.6660, 3896
0.6663, 3895
0.6666, 3894
0.6670, 3893
0.6673, 3892
0.6676, 3891
0.6680, 3890
0.6683, 3889
0.6686, 3888
0.6689, 3887
0.6693, 3886
0.6696, 3885
0.6699, 3884
0.6703, 3883
0.6706, 3882
0.6709, 3881
0.6712, 3880
0.6716, 3879
0.6719, 3878
0.6722, 3877
0.6725, 3876
0.6729, 3875
0.6732, 3874
0.6735, 3873
0.6738, 3872
0.6742, 3871
0.6745, 3870
0.6748, 3869
0.6751, 3868
0.6755, 3867
0.6758, 3866
0.6761, 3865
0.6765, 3864
0.6768, 3863
0.6771, 3862
0.6774, 3861
0.6778, 3860
0.6781, 3859
0.6784, 3858
0.6787, 3857
0.6790, 3856
0.6794, 3855
0.6797, 3854
0.6800, 3853
0.6803, 3852
0.6807, 3851
0.6810, 3850
0.6813, 3849
0.6817, 3848
0.6820, 3847
0.6823, 3846
0.6827, 3845
0.6830, 3844
0.6834, 3843
0.6837, 3842
0.6840, 3841
0.6844, 3840
0.6847, 3839
0.6851, 3838
0.6854, 3837
0.6857, 3836
0.6860, 3835
0.6864, 3834
0.6867, 3833
0.6871, 3832
0.6874, 3831
0.6877, 3830
0.6881, 3829
0.6884, 3828
0.6887, 3827
0.6891, 3826
0.6894, 3825
0.6897, 3824
0.6900, 3823
0.6904, 3822
0.6907, 3821
0.6910, 3820
0.6914, 3819
0.6917, 3818
0.6921, 3817
0.6924, 3816
0.6927, 3815
0.6930, 3814
0.6934, 3813
0.6937, 3812
0.6940, 3811
0.6944, 3810
0.6947, 3809
0.6950, 3808
0.6954, 3807
0.6957, 3806
0.6960, 3805
0.6963, 3804
0.6967, 3803
0.6970, 3802
0.6974, 3801
0.6977, 3800
0.6980, 3799
0.6983, 3798
0.6987, 3797
0.6990, 3796
0.6993, 3795
0.6996, 3794
0.7000, 3793
0.7003, 3792
0.7006, 3791
0.7009, 3790
0.7012, 3789
0.7016, 3788
0.7019, 3787
0.7022, 3786
0.7026, 3785
0.7029, 3784
0.7033, 3783
0.7036, 3782
0.7039, 3781
0.7042, 3780
0.7046, 3779
0.7049, 3778
0.7052, 3777
0.7055, 3776
0.7058, 3775
0.7062, 3774
0.7065, 3773
0.7068, 3772
0.7071, 3771
0.7075, 3770
0.7078, 3769
0.7081, 3768
0.7085, 3767
0.7088, 3766
0.7091, 3765
0.7094, 3764
0.7098, 3763
0.7101, 3762
0.7104, 3761
0.7108, 3760
0.7111, 3759
0.7114, 3758
0.7117, 3757
0.7121, 3756
0.7124, 3755
0.7127, 3754
0.7131, 3753
0.7134, 3752
0.7137, 3751
0.7141, 3750
0.7144, 3749
0.7147, 3748
0.7150, 3747
0.7154, 3746
0.7157, 3745
0.7160, 3744
0.7163, 3743
0.7167, 3742
0.7170, 3741
0.7173, 3740
0.7176, 3739
0.7180, 3738
0.7183, 3737
0.7186, 3736
0.7189, 3735
0.7193, 3734
0.7196, 3733
0.7199, 3732
0.7203, 3731
0.7206, 3730
0.7209, 3729
0.7212, 3728
0.7216, 3727
0.7219, 3726
0.7222, 3725
0.7226, 3724
0.7229, 3723
0.7232, 3722
0.7235, 3721
0.7239, 3720
0.7242, 3719
0.7245, 3718
0.7248, 3717
0.7252, 3716
0.7255, 3715
0.7258, 3714
0.7261, 3713
0.7265, 3712
0.7268, 3711
0.7271, 3710
0.7274, 3709
0.7277, 3708
0.7281, 3707
0.7284, 3706
0.7287, 3705
0.7290, 3704
0.7293, 3703
0.7297, 3702
0.7300, 3701
0.7303, 3700
0.7306, 3699
0.7309, 3698
0.7312, 3697
0.7316, 3696
0.7319, 3695
0.7322, 3694
0.7325, 3693
0.7328, 3692
0.7332, 3691
0.7335, 3690
0.7338, 3689
0.7341, 3688
0.7345, 3687
0.7348, 3686
0.7351, 3685
0.7354, 3684
0.7357, 3683
0.7361, 3682
0.7364, 3681
0.7367, 3680
0.7370, 3679
0.7373, 3678
0.7376, 3677
0.7380, 3676
0.7383, 3675
0.7386, 3674
0.7389, 3673
0.7392, 3672
0.7396, 3671
0.7399, 3670
0.7402, 3669
0.7405, 3668
0.7408, 3667
0.7412, 3666
0.7415, 3665
0.7418, 3664
0.7421, 3663
0.7425, 3662
0.7428, 3661
0.7431, 3660
0.7434, 3659
0.7438, 3658
0.7442, 3657
0.7445, 3656
0.7448, 3655
0.7451, 3654
0.7455, 3653
0.7458, 3652
0.7461, 3651
0.7464, 3650
0.7467, 3649
0.7471, 3648
0.7475, 3647
0.7478, 3646
0.7481, 3645
0.7484, 3644
0.7487, 3643
0.7491, 3642
0.7494, 3641
0.7497, 3640
0.7500, 3639
0.7503, 3638
0.7507, 3637
0.7510, 3636
0.7513, 3635
0.7516, 3634
0.7519, 3633
0.7522, 3632
0.7526, 3631
0.7529, 3630
0.7532, 3629
0.7535, 3628
0.7538, 3627
0.7541, 3626
0.7545, 3625
0.7548, 3624
0.7551, 3623
0.7554, 3622
0.7557, 3621
0.7560, 3620
0.7563, 3619
0.7566, 3618
0.7570, 3617
0.7573, 3616
0.7576, 3615
0.7579, 3614
0.7582, 3613
0.7585, 3612
0.7588, 3611
0.7592, 3610
0.7595, 3609
0.7598, 3608
0.7601, 3607
0.7604, 3606
0.7607, 3605
0.7610, 3604
0.7614, 3603
0.7617, 3602
0.7620, 3601
0.7623, 3600
0.7626, 3599
0.7629, 3598
0.7632, 3597
0.7636, 3596
0.7639, 3595
0.7642, 3594
0.7645, 3593
0.7648, 3592
0.7651, 3591
0.7654, 3590
0.7658, 3589
0.7661, 3588
0.7664, 3587
0.7667, 3586
0.7670, 3585
0.7673, 3584
0.7676, 3583
0.7680, 3582
0.7683, 3581
0.7686, 3580
0.7689, 3579
0.7692, 3578
0.7695, 3577
0.7699, 3576
0.7702, 3575
0.7705, 3574
0.7708, 3573
0.7712, 3572
0.7715, 3571
0.7718, 3570
0.7721, 3569
0.7724, 3568
0.7727, 3567
0.7731, 3566
0.7734, 3565
0.7737, 3564
0.7741, 3563
0.7744, 3562
0.7747, 3561
0.7750, 3560
0.7753, 3559
0.7756, 3558
0.7760, 3557
0.7763, 3556
0.7766, 3555
0.7770, 3554
0.7773, 3553
0.7776, 3552
0.7779, 3551
0.7782, 3550
0.7785, 3549
0.7789, 3548
0.7792, 3547
0.7795, 3546
0.7798, 3545
0.7801, 3544
0.7804, 3543
0.7807, 3542
0.7810, 3541
0.7813, 3540
0.7816, 3539
0.7820, 3538
0.7823, 3537
0.7826, 3536
0.7829, 3535
0.7832, 3534
0.7835, 3533
0.7838, 3532
0.7841, 3531
0.7844, 3530
0.7848, 3529
0.7851, 3528
0.7854, 3527
0.7857, 3526
0.7860, 3525
0.7863, 3524
0.7866, 3523
0.7869, 3522
0.7872, 3521
0.7875, 3520
0.7879, 3519
0.7882, 3518
0.7885, 3517
0.7888, 3516
0.7891, 3515
0.7894, 3514
0.7897, 3513
0.7900, 3512
0.7903, 3511
0.7907, 3510
0.7910, 3509
0.7913, 3508
0.7916, 3507
0.7919, 3506
0.7922, 3505
0.7925, 3504
0.7928, 3503
0.7931, 3502
0.7934, 3501
0.7937, 3500
0.7940, 3499
0.7943, 3498
0.7947, 3497
0.7950, 3496
0.7953, 3495
0.7956, 3494
0.7959, 3493
0.7962, 3492
0.7965, 3491
0.7968, 3490
0.7971, 3489
0.7974, 3488
0.7977, 3487
0.7980, 3486
0.7983, 3485
0.7986, 3484
0.7989, 3483
0.7993, 3482
0.7996, 3481
0.7999, 3480
0.8002, 3479
0.8005, 3478
0.8008, 3477
0.8011, 3476
0.8014, 3475
0.8017, 3474
0.8020, 3473
0.8023, 3472
0.8026, 3471
0.8029, 3470
0.8032, 3469
0.8035, 3468
0.8038, 3467
0.8041, 3466
0.8044, 3465
0.8048, 3464
0.8051, 3463
0.8054, 3462
0.8057, 3461
0.8060, 3460
0.8063, 3459
0.8067, 3458
0.8070, 3457
0.8073, 3456
0.8076, 3455
0.8080, 3454
0.8083, 3453
0.8086, 3452
0.8089, 3451
0.8092, 3450
0.8095, 3449
0.8098, 3448
0.8102, 3447
0.8105, 3446
0.8108, 3445
0.8111, 3444
0.8114, 3443
0.8117, 3442
0.8120, 3441
0.8123, 3440
0.8126, 3439
0.8129, 3438
0.8133, 3437
0.8136, 3436
0.8139, 3435
0.8142, 3434
0.8145, 3433
0.8148, 3432
0.8151, 3431
0.8154, 3430
0.8157, 3429
0.8160, 3428
0.8164, 3427
0.8167, 3426
0.8170, 3425
0.8173, 3424
0.8176, 3423
0.8179, 3422
0.8182, 3421
0.8185, 3420
0.8189, 3419
0.8192, 3418
0.8195, 3417
0.8198, 3416
0.8201, 3415
0.8203, 3414
0.8207, 3413
0.8210, 3412
0.8213, 3411
0.8216, 3410
0.8219, 3409
0.8222, 3408
0.8225, 3407
0.8228, 3406
0.8231, 3405
0.8235, 3404
0.8238, 3403
0.8241, 3402
0.8244, 3401
0.8247, 3400
0.8251, 3399
0.8254, 3398
0.8257, 3397
0.8260, 3396
0.8263, 3395
0.8266, 3394
0.8269, 3393
0.8272, 3392
0.8275, 3391
0.8279, 3390
0.8282, 3389
0.8285, 3388
0.8288, 3387
0.8291, 3386
0.8294, 3385
0.8297, 3384
0.8300, 3383
0.8303, 3382
0.8307, 3381
0.8310, 3380
0.8312, 3379
0.8315, 3378
0.8318, 3377
0.8321, 3376
0.8325, 3375
0.8329, 3374
0.8332, 3373
0.8335, 3372
0.8338, 3371
0.8341, 3370
0.8344, 3369
0.8347, 3368
0.8350, 3367
0.8353, 3366
0.8356, 3365
0.8359, 3364
0.8362, 3363
0.8365, 3362
0.8368, 3361
0.8371, 3360
0.8374, 3359
0.8378, 3358
0.8381, 3357
0.8384, 3356
0.8387, 3355
0.8390, 3354
0.8393, 3353
0.8396, 3352
0.8399, 3351
0.8402, 3350
0.8405, 3349
0.8408, 3348
0.8411, 3347
0.8414, 3346
0.8417, 3345
0.8420, 3344
0.8423, 3343
0.8426, 3342
0.8429, 3341
0.8432, 3340
0.8435, 3339
0.8438, 3338
0.8441, 3337
0.8444, 3336
0.8447, 3335
0.8450, 3334
0.8453, 3333
0.8456, 3332
0.8459, 3331
0.8462, 3330
0.8465, 3329
0.8468, 3328
0.8471, 3327
0.8474, 3326
0.8477, 3325
0.8481, 3324
0.8484, 3323
0.8488, 3322
0.8491, 3321
0.8495, 3320
0.8499, 3319
0.8503, 3318
0.8506, 3317
0.8510, 3316
0.8513, 3315
0.8516, 3314
0.8519, 3313
0.8523, 3312
0.8526, 3311
0.8529, 3310
0.8532, 3309
0.8536, 3308
0.8539, 3307
0.8542, 3306
0.8545, 3305
0.8548, 3304
0.8551, 3303
0.8554, 3302
0.8558, 3301
0.8562, 3300
0.8566, 3299
0.8569, 3298
0.8572, 3297
0.8575, 3296
0.8578, 3295
0.8581, 3294
0.8584, 3293
0.8587, 3292
0.8590, 3291
0.8593, 3290
0.8597, 3289
0.8600, 3288
0.8603, 3287
0.8606, 3286
0.8609, 3285
0.8613, 3284
0.8616, 3283
0.8619, 3282
0.8622, 3281
0.8625, 3280
0.8629, 3279
0.8632, 3278
0.8635, 3277
0.8638, 3276
0.8641, 3275
0.8644, 3274
0.8647, 3273
0.8650, 3272
0.8654, 3271
0.8656, 3270
0.8659, 3269
0.8663, 3268
0.8665, 3267
0.8669, 3266
0.8672, 3265
0.8675, 3264
0.8678, 3263
0.8681, 3262
0.8684, 3261
0.8687, 3260
0.8690, 3259
0.8693, 3258
0.8696, 3257
0.8699, 3256
0.8702, 3255
0.8705, 3254
0.8708, 3253
0.8711, 3252
0.8714, 3251
0.8717, 3250
0.8720, 3249
0.8723, 3248
0.8726, 3247
0.8730, 3246
0.8733, 3245
0.8736, 3244
0.8739, 3243
0.8742, 3242
0.8745, 3241
0.8748, 3240
0.8750, 3239
0.8754, 3238
0.8757, 3237
0.8760, 3236
0.8763, 3235
0.8766, 3234
0.8769, 3233
0.8772, 3232
0.8776, 3231
0.8779, 3230
0.8782, 3229
0.8785, 3228
0.8788, 3227
0.8790, 3226
0.8794, 3225
0.8797, 3224
0.8800, 3223
0.8802, 3222
0.8805, 3221
0.8808, 3220
0.8811, 3219
0.8814, 3218
0.8817, 3217
0.8820, 3216
0.8823, 3215
0.8827, 3214
0.8830, 3213
0.8834, 3212
0.8837, 3211
0.8840, 3210
0.8843, 3209
0.8846, 3208
0.8849, 3207
0.8852, 3206
0.8855, 3205
0.8859, 3204
0.8862, 3203
0.8865, 3202
0.8867, 3201
0.8870, 3200
0.8873, 3199
0.8877, 3198
0.8880, 3197
0.8883, 3196
0.8886, 3195
0.8889, 3194
0.8892, 3193
0.8895, 3192
0.8898, 3191
0.8902, 3190
0.8905, 3189
0.8907, 3188
0.8910, 3187
0.8913, 3186
0.8916, 3185
0.8919, 3184
0.8922, 3183
0.8924, 3182
0.8927, 3181
0.8931, 3180
0.8934, 3179
0.8937, 3178
0.8940, 3177
0.8943, 3176
0.8946, 3175
0.8949, 3174
0.8952, 3173
0.8955, 3172
0.8958, 3171
0.8961, 3170
0.8964, 3169
0.8967, 3168
0.8969, 3167
0.8973, 3166
0.8976, 3165
0.8979, 3164
0.8981, 3163
0.8984, 3162
0.8987, 3161
0.8990, 3160
0.8993, 3159
0.8996, 3158
0.8999, 3157
0.9002, 3156
0.9005, 3155
0.9008, 3154
0.9010, 3153
0.9013, 3152
0.9017, 3151
0.9020, 3150
0.9023, 3149
0.9026, 3148
0.9029, 3147
0.9032, 3146
0.9036, 3145
0.9039, 3144
0.9042, 3143
0.9045, 3142
0.9048, 3141
0.9051, 3140
0.9054, 3139
0.9057, 3138
0.9060, 3137
0.9063, 3136
0.9066, 3135
0.9069, 3134
0.9072, 3133
0.9075, 3132
0.9078, 3131
0.9081, 3130
0.9084, 3129
0.9086, 3128
0.9090, 3127
0.9092, 3126
0.9095, 3125
0.9098, 3124
0.9101, 3123
0.9104, 3122
0.9107, 3121
0.9110, 3120
0.9113, 3119
0.9116, 3118
0.9119, 3117
0.9122, 3116
0.9124, 3115
0.9127, 3114
0.9130, 3113
0.9133, 3112
0.9136, 3111
0.9139, 3110
0.9142, 3109
0.9145, 3108
0.9147, 3107
0.9150, 3106
0.9153, 3105
0.9156, 3104
0.9159, 3103
0.9162, 3102
0.9165, 3101
0.9168, 3100
0.9171, 3099
0.9173, 3098
0.9176, 3097
0.9179, 3096
0.9182, 3095
0.9185, 3094
0.9188, 3093
0.9191, 3092
0.9193, 3091
0.9196, 3090
0.9199, 3089
0.9202, 3088
0.9205, 3087
0.9208, 3086
0.9212, 3085
0.9214, 3084
0.9217, 3083
0.9221, 3082
0.9224, 3081
0.9227, 3080
0.9230, 3079
0.9233, 3078
0.9236, 3077
0.9238, 3076
0.9241, 3075
0.9245, 3074
0.9247, 3073
0.9250, 3072
0.9253, 3071
0.9256, 3070
0.9259, 3069
0.9261, 3068
0.9264, 3067
0.9267, 3066
0.9270, 3065
0.9272, 3064
0.9275, 3063
0.9278, 3062
0.9281, 3061
0.9284, 3060
0.9286, 3059
0.9289, 3058
0.9292, 3057
0.9295, 3056
0.9298, 3055
0.9301, 3054
0.9304, 3053
0.9307, 3052
0.9310, 3051
0.9313, 3050
0.9316, 3049
0.9318, 3048
0.9321, 3047
0.9324, 3046
0.9327, 3045
0.9329, 3044
0.9332, 3043
0.9335, 3042
0.9338, 3041
0.9340, 3040
0.9343, 3039
0.9346, 3038
0.9348, 3037
0.9351, 3036
0.9354, 3035
0.9357, 3034
0.9360, 3033
0.9363, 3032
0.9366, 3031
0.9369, 3030
0.9372, 3029
0.9375, 3028
0.9378, 3027
0.9381, 3026
0.9383, 3025
0.9386, 3024
0.9389, 3023
0.9392, 3022
0.9395, 3021
0.9398, 3020
0.9401, 3019
0.9404, 3018
0.9407, 3017
0.9410, 3016
0.9413, 3015
0.9416, 3014
0.9418, 3013
0.9421, 3012
0.9424, 3011
0.9427, 3010
0.9429, 3009
0.9432, 3008
0.9435, 3007
0.9438, 3006
0.9440, 3005
0.9443, 3004
0.9446, 3003
0.9449, 3002
0.9452, 3001
0.9455, 3000
0.9458, 2999
0.9460, 2998
0.9463, 2997
0.9466, 2996
0.9469, 2995
0.9472, 2994
0.9474, 2993
0.9477, 2992
0.9480, 2991
0.9483, 2990
0.9486, 2989
0.9489, 2988
0.9491, 2987
0.9494, 2986
0.9497, 2985
0.9500, 2984
0.9503, 2983
0.9506, 2982
0.9508, 2981
0.9511, 2980
0.9514, 2979
0.9517, 2978
0.9520, 2977
0.9523, 2976
0.9526, 2975
0.9529, 2974
0.9532, 2973
0.9535, 2972
0.9537, 2971
0.9540, 2970
0.9543, 2969
0.9546, 2968
0.9548, 2967
0.9551, 2966
0.9554, 2965
0.9557, 2964
0.9560, 2963
0.9563, 2962
0.9566, 2961
0.9569, 2960
0.9572, 2959
0.9575, 2958
0.9579, 2957
0.9582, 2956
0.9584, 2955
0.9587, 2954
0.9590, 2953
0.9593, 2952
0.9595, 2951
0.9598, 2950
0.9601, 2949
0.9604, 2948
0.9606, 2947
0.9609, 2946
0.9612, 2945
0.9615, 2944
0.9618, 2943
0.9621, 2942
0.9624, 2941
0.9627, 2940
0.9629, 2939
0.9632, 2938
0.9635, 2937
0.9638, 2936
0.9641, 2935
0.9644, 2934
0.9647, 2933
0.9650, 2932
0.9653, 2931
0.9656, 2930
0.9659, 2929
0.9662, 2928
0.9665, 2927
0.9667, 2926
0.9670, 2925
0.9673, 2924
0.9677, 2923
0.9680, 2922
0.9683, 2921
0.9686, 2920
0.9689, 2919
0.9692, 2918
0.9695, 2917
0.9697, 2916
0.9701, 2915
0.9703, 2914
0.9706, 2913
0.9709, 2912
0.9712, 2911
0.9715, 2910
0.9718, 2909
0.9720, 2908
0.9723, 2907
0.9726, 2906
0.9729, 2905
0.9732, 2904
0.9734, 2903
0.9737, 2902
0.9740, 2901
0.9743, 2900
0.9746, 2899
0.9749, 2898
0.9752, 2897
0.9755, 2896
0.9759, 2895
0.9762, 2894
0.9764, 2893
0.9767, 2892
0.9770, 2891
0.9773, 2890
0.9776, 2889
0.9779, 2888
0.9782, 2887
0.9785, 2886
0.9788, 2885
0.9790, 2884
0.9793, 2883
0.9796, 2882
0.9799, 2881
0.9801, 2880
0.9804, 2879
0.9807, 2878
0.9810, 2877
0.9813, 2876
0.9815, 2875
0.9818, 2874
0.9821, 2873
0.9824, 2872
0.9827, 2871
0.9830, 2870
0.9833, 2869
0.9835, 2868
0.9838, 2867
0.9841, 2866
0.9844, 2865
0.9847, 2864
0.9850, 2863
0.9852, 2862
0.9856, 2861
0.9858, 2860
0.9861, 2859
0.9864, 2858
0.9867, 2857
0.9869, 2856
0.9872, 2855
0.9875, 2854
0.9878, 2853
0.9880, 2852
0.9883, 2851
0.9886, 2850
0.9889, 2849
0.9892, 2848
0.9895, 2847
0.9898, 2846
0.9901, 2845
0.9903, 2844
0.9906, 2843
0.9909, 2842
0.9912, 2841
0.9915, 2840
0.9918, 2839
0.9920, 2838
0.9923, 2837
0.9926, 2836
0.9929, 2835
0.9931, 2834
0.9934, 2833
0.9937, 2832
0.9939, 2831
0.9942, 2830
0.9945, 2829
0.9947, 2828
0.9950, 2827
0.9953, 2826
0.9956, 2825
0.9958, 2824
0.9961, 2823
0.9964, 2822
0.9966, 2821
0.9969, 2820
0.9971, 2819
0.9974, 2818
0.9977, 2817
0.9979, 2816
0.9982, 2815
0.9985, 2814
0.9987, 2813
0.9990, 2812
0.9993, 2811
0.9996, 2810
0.9998, 2809
1.0001, 2808
1.0003, 2807
1.0006, 2806
1.0009, 2805
1.0012, 2804
1.0014, 2803
1.0017, 2802
1.0020, 2801
1.0023, 2800
1.0025, 2799
1.0028, 2798
1.0031, 2797
1.0033, 2796
1.0036, 2795
1.0039, 2794
1.0042, 2793
1.0044, 2792
1.0047, 2791
1.0050, 2790
1.0052, 2789
1.0055, 2788
1.0058, 2787
1.0060, 2786
1.0063, 2785
1.0066, 2784
1.0068, 2783
1.0071, 2782
1.0074, 2781
1.0076, 2780
1.0079, 2779
1.0081, 2778
1.0084, 2777
1.0087, 2776
1.0090, 2775
1.0093, 2774
1.0096, 2773
1.0098, 2772
1.0101, 2771
1.0103, 2770
1.0106, 2769
1.0109, 2768
1.0111, 2767
1.0113, 2766
1.0116, 2765
1.0119, 2764
1.0121, 2763
1.0124, 2762
1.0126, 2761
1.0129, 2760
1.0132, 2759
1.0134, 2758
1.0137, 2757
1.0140, 2756
1.0143, 2755
1.0146, 2754
1.0149, 2753
1.0151, 2752
1.0154, 2751
1.0157, 2750
1.0159, 2749
1.0162, 2748
1.0165, 2747
1.0167, 2746
1.0170, 2745
1.0174, 2744
1.0177, 2743
1.0180, 2742
1.0183, 2741
1.0186, 2740
1.0189, 2739
1.0192, 2738
1.0195, 2737
1.0198, 2736
1.0201, 2735
1.0204, 2734
1.0207, 2733
1.0210, 2732
1.0212, 2731
1.0215, 2730
1.0218, 2729
1.0221, 2728
1.0223, 2727
1.0226, 2726
1.0229, 2725
1.0232, 2724
1.0234, 2723
1.0237, 2722
1.0240, 2721
1.0243, 2720
1.0246, 2719
1.0249, 2718
1.0251, 2717
1.0254, 2716
1.0257, 2715
1.0259, 2714
1.0262, 2713
1.0265, 2712
1.0267, 2711
1.0270, 2710
1.0273, 2709
1.0275, 2708
1.0278, 2707
1.0281, 2706
1.0283, 2705
1.0286, 2704
1.0289, 2703
1.0291, 2702
1.0294, 2701
1.0296, 2700
1.0299, 2699
1.0302, 2698
1.0304, 2697
1.0307, 2696
1.0310, 2695
1.0312, 2694
1.0315, 2693
1.0318, 2692
1.0321, 2691
1.0323, 2690
1.0326, 2689
1.0329, 2688
1.0332, 2687
1.0334, 2686
1.0337, 2685
1.0339, 2684
1.0342, 2683
1.0345, 2682
1.0347, 2681
1.0350, 2680
1.0352, 2679
1.0355, 2678
1.0358, 2677
1.0361, 2676
1.0364, 2675
1.0367, 2674
1.0369, 2673
1.0372, 2672
1.0374, 2671
1.0377, 2670
1.0379, 2669
1.0382, 2668
1.0385, 2667
1.0387, 2666
1.0390, 2665
1.0392, 2664
1.0395, 2663
1.0398, 2662
1.0400, 2661
1.0403, 2660
1.0405, 2659
1.0408, 2658
1.0410, 2657
1.0413, 2656
1.0415, 2655
1.0418, 2654
1.0420, 2653
1.0423, 2652
1.0425, 2651
1.0428, 2650
1.0430, 2649
1.0433, 2648
1.0435, 2647
1.0438, 2646
1.0440, 2645
1.0443, 2644
1.0445, 2643
1.0448, 2642
1.0450, 2641
1.0453, 2640
1.0455, 2639
1.0458, 2638
1.0460, 2637
1.0463, 2636
1.0465, 2635
1.0468, 2634
1.0470, 2633
1.0473, 2632
1.0475, 2631
1.0478, 2630
1.0481, 2629
1.0483, 2628
1.0486, 2627
1.0488, 2626
1.0490, 2625
1.0493, 2624
1.0495, 2623
1.0498, 2622
1.0501, 2621
1.0504, 2620
1.0506, 2619
1.0509, 2618
1.0512, 2617
1.0514, 2616
1.0517, 2615
1.0519, 2614
1.0521, 2613
1.0524, 2612
1.0526, 2611
1.0529, 2610
1.0532, 2609
1.0534, 2608
1.0537, 2607
1.0539, 2606
1.0542, 2605
1.0544, 2604
1.0547, 2603
1.0550, 2602
1.0552, 2601
1.0555, 2600
1.0557, 2599
1.0560, 2598
1.0563, 2597
1.0565, 2596
1.0568, 2595
1.0571, 2594
1.0574, 2593
1.0576, 2592
1.0579, 2591
1.0581, 2590
1.0584, 2589
1.0586, 2588
1.0589, 2587
1.0592, 2586
1.0594, 2585
1.0597, 2584
1.0600, 2583
1.0603, 2582
1.0605, 2581
1.0608, 2580
1.0610, 2579
1.0613, 2578
1.0615, 2577
1.0618, 2576
1.0621, 2575
1.0623, 2574
1.0626, 2573
1.0629, 2572
1.0631, 2571
1.0634, 2570
1.0637, 2569
1.0639, 2568
1.0704, 2567
1.0747, 2566
1.0749, 2565
1.0812, 2564
1.0897, 2563
1.0899, 2562
1.1003, 2561
1.1005, 2560
1.1107, 2559
1.1316, 2558
1.1359, 2557
1.1628, 2556
1.1692, 2555
1.1695, 2554
1.1801, 2553
1.1885, 2552
1.1887, 2551
1.1951, 2550
1.2096, 2549
1.2180, 2548
1.2223, 2547
1.2266, 2546
1.2289, 2545
1.2312, 2544
1.2314, 2543
1.2316, 2542
1.2401, 2541
1.2403, 2540
1.2405, 2539
1.2571, 2538
1.2655, 2537
1.2740, 2536
1.2742, 2535
1.2806, 2534
1.2891, 2533
1.2894, 2532
1.2916, 2531
1.2959, 2530
1.3249, 2529
1.3373, 2528
1.3375, 2527
1.3398, 2526
1.3400, 2525
1.3464, 2524
1.3528, 2523
1.3530, 2522
1.3573, 2521
1.3617, 2520
1.3640, 2519
1.3663, 2518
1.3727, 2517
1.3729, 2516
1.3794, 2515
1.3796, 2514
1.3798, 2513
1.3800, 2512
1.3885, 2511
1.3887, 2510
1.4565, 2509
1.4711, 2508
1.4713, 2507
1.4901, 2506
1.5110, 2505
1.5136, 2504
1.5201, 2503
1.5327, 2502
1.5329, 2501
1.5454, 2500
1.5538, 2499
1.5684, 2498
1.5912, 2497
1.6079, 2496
1.6123, 2495
1.6230, 2494
1.6232, 2493
1.6235, 2492
1.6319, 2491
1.6446, 2490
1.6448, 2489
1.6553, 2488
1.6575, 2487
1.6619, 2486
1.6621, 2485
1.6623, 2484
1.6625, 2483
1.6628, 2482
1.6692, 2481
1.6695, 2480
1.6718, 2479
1.6864, 2478
1.6867, 2477
1.6869, 2476
1.7057, 2475
1.7121, 2474
1.7185, 2473
1.7249, 2472
1.7354, 2471
1.7356, 2470
1.7400, 2469
1.7403, 2468
1.7405, 2467
1.7407, 2466
1.7594, 2465
1.7699, 2464
1.7742, 2463
1.7744, 2462
1.7767, 2461
1.7770, 2460
1.7915, 2459
1.8061, 2458
1.8269, 2457
1.8333, 2456
1.8335, 2455
1.8441, 2454
1.8443, 2453
1.8445, 2452
1.8549, 2451
1.8552, 2450
1.8554, 2449
1.8741, 2448
1.8845, 2447
1.8930, 2446
1.8953, 2445
1.9017, 2444
1.9164, 2443
1.9350, 2442
1.9435, 2441
1.9540, 2440
1.9583, 2439
1.9728, 2438
1.9998, 2437
2.0102, 2436
2.0105, 2435
2.0394, 2434
2.0396, 2433
2.0440, 2432
2.0524, 2431
2.0834, 2430
2.0878, 2429
2.1024, 2428
2.1150, 2427
2.1152, 2426
2.1504, 2425
2.1609, 2424
2.1920, 2423
2.2108, 2422
2.2173, 2421
2.2175, 2420
2.2321, 2419
2.2406, 2418
2.2614, 2417
2.2616, 2416
2.2803, 2415
2.2888, 2414
2.2890, 2413
2.3118, 2412
2.3162, 2411
2.3184, 2410
2.3289, 2409
2.3332, 2408
2.3334, 2407
2.3357, 2406
2.3359, 2405
2.3464, 2404
2.3466, 2403
2.3509, 2402
2.3512, 2401
2.3514, 2400
2.3599, 2399
2.3785, 2398
2.3932, 2397
2.3934, 2396
2.3980, 2395
2.3983, 2394
2.3985, 2393
2.4050, 2392
2.4177, 2391
2.4180, 2390
2.4182, 2389
2.4184, 2388
2.4270, 2387
2.4479, 2386
2.4502, 2385
2.4546, 2384
2.4548, 2383
2.4613, 2382
2.4615, 2381
2.4700, 2380
2.4702, 2379
2.4704, 2378
2.4748, 2377
2.4750, 2376
2.4794, 2375
2.4838, 2374
2.4861, 2373
2.4905, 2372
2.4907, 2371
2.4909, 2370
2.5097, 2369
2.5099, 2368
2.5143, 2367
2.5187, 2366
2.5189, 2365
2.5191, 2364
2.5277, 2363
2.5279, 2362
2.5282, 2361
2.5284, 2360
2.5286, 2359
2.5288, 2358
2.5498, 2357
2.5521, 2356
2.5523, 2355
2.5566, 2354
2.5568, 2353
2.5633, 2352
2.5677, 2351
2.5679, 2350
2.5681, 2349
2.5684, 2348
2.5728, 2347
2.5874, 2346
2.5938, 2345
2.6022, 2344
2.6066, 2343
2.6089, 2342
2.6235, 2341
2.6464, 2340
2.6466, 2339
2.6653, 2338
2.6676, 2337
2.6678, 2336
2.6886, 2335
2.6888, 2334
2.6890, 2333
2.6935, 2332
2.7115, 2331
2.7417, 2330
2.7419, 2329
2.7422, 2328
2.7493, 2327
2.7558, 2326
2.7561, 2325
2.7710, 2324
2.7712, 2323
2.8048, 2322
2.8050, 2321
2.9012, 2320
2.9036, 2319
2.9059, 2318
2.9103, 2317
2.9105, 2316
2.9128, 2315
2.9171, 2314
2.9173, 2313
2.9216, 2312
2.9363, 2311
2.9406, 2310
2.9450, 2309
2.9513, 2308
2.9515, 2307
2.9559, 2306
2.9561, 2305
2.9687, 2304
2.9730, 2303
2.9794, 2302
2.9796, 2301
2.9819, 2300
2.9928, 2299
2.9973, 2298
2.9975, 2297
3.0019, 2296
3.0062, 2295
3.0064, 2294
3.0087, 2293
3.0171, 2292
3.0214, 2291
3.0339, 2290
3.0403, 2289
3.0486, 2288
3.0488, 2287
3.0572, 2286
3.0614, 2285
3.0637, 2284
3.0639, 2283
3.0784, 2282
3.0907, 2281
3.1093, 2280
3.1095, 2279
3.1241, 2278
3.1366, 2277
3.1675, 2276
3.1779, 2275
3.1781, 2274
3.1783, 2273
3.1785, 2272
3.1788, 2271
3.1831, 2270
3.1833, 2269
3.1937, 2268
3.1939, 2267
3.1941, 2266
3.1943, 2265
3.1945, 2264
3.2071, 2263
3.2175, 2262
3.2218, 2261
3.2281, 2260
3.2346, 2259
3.2491, 2258
3.2554, 2257
3.2597, 2256
3.2640, 2255
3.2826, 2254
3.2828, 2253
3.2831, 2252
3.2833, 2251
3.3039, 2250
3.3082, 2249
3.3145, 2248
3.3188, 2247
3.3190, 2246
3.3234, 2245
3.3237, 2244
3.3382, 2243
3.3426, 2242
3.3510, 2241
3.3573, 2240
3.3615, 2239
3.3759, 2238
3.3863, 2237
3.3865, 2236
3.3948, 2235
3.4052, 2234
3.4075, 2233
3.4117, 2232
3.4160, 2231
3.4333, 2230
3.4542, 2229
3.4896, 2228
3.4983, 2227
3.5212, 2226
3.6262, 2225
3.6714, 2224
3.7023, 2223
3.7271, 2222
3.7314, 2221
3.7460, 2220
3.7915, 2219
3.8634, 2218
3.8990, 2217
3.9470, 2216
3.9640, 2215
4.0507, 2214
4.1945, 2213
4.4314, 2212
