0.6458, 3931
0.6462, 3930
0.6465, 3929
0.6468, 3928
0.6472, 3927
0.6475, 3926
0.6478, 3925
0.6481, 3924
0.6485, 3923
0.6488, 3922
0.6491, 3921
0.6495, 3920
0.6498, 3919
0.6501, 3918
0.6504, 3917
0.6508, 3916
0.6511, 3915
0.6514, 3914
0.6517, 3913
0.6521, 3912
0.6524, 3911
0.6527, 3910
0.6531, 3909
0.6534, 3908
0.6537, 3907
0.6541, 3906
0.6544, 3905
0.6547, 3904
0.6550, 3903
0.6554, 3902
0.6557, 3901
0.6560, 3900
0.6563, 3899
0.6567, 3898
0.6570, 3897
0.6573, 3896
0.6577, 3895
0.6580, 3894
0.6583, 3893
0.6587, 3892
0.6590, 3891
0.6593, 3890
0.6596, 3889
0.6600, 3888
0.6603, 3887
0.6606, 3886
0.6610, 3885
0.6613, 3884
0.6616, 3883
0.6620, 3882
0.6623, 3881
0.6626, 3880
0.6629, 3879
0.6633, 3878
0.6636, 3877
0.6639, 3876
0.6642, 3875
0.6646, 3874
0.6649, 3873
0.6652, 3872
0.6655, 3871
0.6659, 3870
0.6662, 3869
0.6665, 3868
0.6669, 3867
0.6672, 3866
0.6675, 3865
0.6679, 3864
0.6682, 3863
0.6685, 3862
0.6688, 3861
0.6692, 3860
0.6695, 3859
0.6698, 3858
0.6702, 3857
0.6705, 3856
0.6708, 3855
0.6711, 3854
0.6714, 3853
0.6718, 3852
0.6721, 3851
0.6724, 3850
0.6727, 3849
0.6731, 3848
0.6734, 3847
0.6738, 3846
0.6741, 3845
0.6744, 3844
0.6747, 3843
0.6751, 3842
0.6754, 3841
0.6757, 3840
0.6761, 3839
0.6764, 3838
0.6767, 3837
0.6771, 3836
0.6774, 3835
0.6777, 3834
0.6781, 3833
0.6784, 3832
0.6788, 3831
0.6791, 3830
0.6794, 3829
0.6798, 3828
0.6801, 3827
0.6804, 3826
0.6807, 3825
0.6811, 3824
0.6814, 3823
0.6817, 3822
0.6820, 3821
0.6824, 3820
0.6827, 3819
0.6830, 3818
0.6834, 3817
0.6837, 3816
0.6840, 3815
0.6843, 3814
0.6847, 3813
0.6850, 3812
0.6853, 3811
0.6856, 3810
0.6860, 3809
0.6863, 3808
0.6866, 3807
0.6870, 3806
0.6873, 3805
0.6876, 3804
0.6880, 3803
0.6883, 3802
0.6887, 3801
0.6890, 3800
0.6893, 3799
0.6896, 3798
0.6900, 3797
0.6903, 3796
0.6906, 3795
0.6909, 3794
0.6913, 3793
0.6916, 3792
0.6919, 3791
0.6922, 3790
0.6925, 3789
0.6929, 3788
0.6932, 3787
0.6935, 3786
0.6939, 3785
0.6942, 3784
0.6945, 3783
0.6949, 3782
0.6952, 3781
0.6955, 3780
0.6958, 3779
0.6962, 3778
0.6965, 3777
0.6968, 3776
0.6971, 3775
0.6975, 3774
0.6978, 3773
0.6981, 3772
0.6984, 3771
0.6988, 3770
0.6991, 3769
0.6994, 3768
0.6998, 3767
0.7001, 3766
0.7005, 3765
0.7008, 3764
0.7011, 3763
0.7014, 3762
0.7018, 3761
0.7021, 3760
0.7024, 3759
0.7028, 3758
0.7031, 3757
0.7034, 3756
0.7037, 3755
0.7041, 3754
0.7044, 3753
0.7047, 3752
0.7051, 3751
0.7054, 3750
0.7057, 3749
0.7061, 3748
0.7064, 3747
0.7067, 3746
0.7071, 3745
0.7074, 3744
0.7077, 3743
0.7080, 3742
0.7084, 3741
0.7087, 3740
0.7090, 3739
0.7094, 3738
0.7097, 3737
0.7100, 3736
0.7103, 3735
0.7106, 3734
0.7110, 3733
0.7113, 3732
0.7116, 3731
0.7119, 3730
0.7122, 3729
0.7126, 3728
0.7129, 3727
0.7132, 3726
0.7136, 3725
0.7139, 3724
0.7142, 3723
0.7145, 3722
0.7149, 3721
0.7152, 3720
0.7155, 3719
0.7158, 3718
0.7161, 3717
0.7165, 3716
0.7168, 3715
0.7171, 3714
0.7174, 3713
0.7178, 3712
0.7181, 3711
0.7184, 3710
0.7187, 3709
0.7191, 3708
0.7194, 3707
0.7197, 3706
0.7200, 3705
0.7203, 3704
0.7207, 3703
0.7210, 3702
0.7213, 3701
0.7216, 3700
0.7219, 3699
0.7222, 3698
0.7226, 3697
0.7229, 3696
0.7232, 3695
0.7235, 3694
0.7238, 3693
0.7242, 3692
0.7245, 3691
0.7248, 3690
0.7251, 3689
0.7254, 3688
0.7258, 3687
0.7261, 3686
0.7264, 3685
0.7267, 3684
0.7271, 3683
0.7274, 3682
0.7277, 3681
0.7280, 3680
0.7283, 3679
0.7286, 3678
0.7290, 3677
0.7293, 3676
0.7296, 3675
0.7299, 3674
0.7303, 3673
0.7306, 3672
0.7309, 3671
0.7312, 3670
0.7315, 3669
0.7319, 3668
0.7322, 3667
0.7325, 3666
0.7328, 3665
0.7331, 3664
0.7335, 3663
0.7338, 3662
0.7341, 3661
0.7344, 3660
0.7347, 3659
0.7351, 3658
0.7354, 3657
0.7357, 3656
0.7360, 3655
0.7364, 3654
0.7367, 3653
0.7370, 3652
0.7373, 3651
0.7376, 3650
0.7380, 3649
0.7383, 3648
0.7386, 3647
0.7390, 3646
0.7393, 3645
0.7396, 3644
0.7399, 3643
0.7403, 3642
0.7406, 3641
0.7409, 3640
0.7412, 3639
0.7415, 3638
0.7418, 3637
0.7422, 3636
0.7425, 3635
0.7428, 3634
0.7431, 3633
0.7434, 3632
0.7438, 3631
0.7441, 3630
0.7444, 3629
0.7447, 3628
0.7450, 3627
0.7454, 3626
0.7457, 3625
0.7460, 3624
0.7463, 3623
0.7466, 3622
0.7470, 3621
0.7473, 3620
0.7476, 3619
0.7479, 3618
0.7482, 3617
0.7485, 3616
0.7488, 3615
0.7491, 3614
0.7495, 3613
0.7498, 3612
0.7501, 3611
0.7504, 3610
0.7507, 3609
0.7510, 3608
0.7514, 3607
0.7517, 3606
0.7520, 3605
0.7523, 3604
0.7526, 3603
0.7529, 3602
0.7532, 3601
0.7535, 3600
0.7538, 3599
0.7542, 3598
0.7545, 3597
0.7548, 3596
0.7551, 3595
0.7554, 3594
0.7557, 3593
0.7560, 3592
0.7563, 3591
0.7567, 3590
0.7570, 3589
0.7573, 3588
0.7576, 3587
0.7580, 3586
0.7583, 3585
0.7586, 3584
0.7589, 3583
0.7592, 3582
0.7595, 3581
0.7598, 3580
0.7601, 3579
0.7605, 3578
0.7608, 3577
0.7611, 3576
0.7614, 3575
0.7617, 3574
0.7620, 3573
0.7623, 3572
0.7626, 3571
0.7630, 3570
0.7633, 3569
0.7636, 3568
0.7639, 3567
0.7642, 3566
0.7645, 3565
0.7648, 3564
0.7651, 3563
0.7654, 3562
0.7658, 3561
0.7661, 3560
0.7664, 3559
0.7667, 3558
0.7670, 3557
0.7673, 3556
0.7676, 3555
0.7680, 3554
0.7683, 3553
0.7686, 3552
0.7690, 3551
0.7693, 3550
0.7696, 3549
0.7699, 3548
0.7702, 3547
0.7705, 3546
0.7708, 3545
0.7712, 3544
0.7715, 3543
0.7718, 3542
0.7721, 3541
0.7724, 3540
0.7727, 3539
0.7730, 3538
0.7733, 3537
0.7736, 3536
0.7740, 3535
0.7743, 3534
0.7746, 3533
0.7749, 3532
0.7752, 3531
0.7755, 3530
0.7758, 3529
0.7761, 3528
0.7764, 3527
0.7768, 3526
0.7771, 3525
0.7774, 3524
0.7777, 3523
0.7780, 3522
0.7783, 3521
0.7786, 3520
0.7789, 3519
0.7792, 3518
0.7796, 3517
0.7799, 3516
0.7802, 3515
0.7805, 3514
0.7808, 3513
0.7811, 3512
0.7814, 3511
0.7817, 3510
0.7820, 3509
0.7824, 3508
0.7827, 3507
0.7830, 3506
0.7833, 3505
0.7836, 3504
0.7839, 3503
0.7842, 3502
0.7845, 3501
0.7848, 3500
0.7851, 3499
0.7854, 3498
0.7857, 3497
0.7860, 3496
0.7863, 3495
0.7867, 3494
0.7870, 3493
0.7873, 3492
0.7876, 3491
0.7879, 3490
0.7882, 3489
0.7885, 3488
0.7888, 3487
0.7891, 3486
0.7894, 3485
0.7897, 3484
0.7900, 3483
0.7903, 3482
0.7906, 3481
0.7909, 3480
0.7913, 3479
0.7916, 3478
0.7919, 3477
0.7923, 3476
0.7926, 3475
0.7929, 3474
0.7932, 3473
0.7935, 3472
0.7938, 3471
0.7941, 3470
0.7944, 3469
0.7947, 3468
0.7950, 3467
0.7953, 3466
0.7957, 3465
0.7960, 3464
0.7963, 3463
0.7966, 3462
0.7969, 3461
0.7973, 3460
0.7976, 3459
0.7979, 3458
0.7982, 3457
0.7985, 3456
0.7988, 3455
0.7991, 3454
0.7994, 3453
0.7997, 3452
0.8000, 3451
0.8003, 3450
0.8007, 3449
0.8009, 3448
0.8013, 3447
0.8016, 3446
0.8019, 3445
0.8022, 3444
0.8025, 3443
0.8028, 3442
0.8031, 3441
0.8034, 3440
0.8037, 3439
0.8040, 3438
0.8043, 3437
0.8046, 3436
0.8049, 3435
0.8052, 3434
0.8055, 3433
0.8058, 3432
0.8061, 3431
0.8064, 3430
0.8067, 3429
0.8070, 3428
0.8074, 3427
0.8077, 3426
0.8080, 3425
0.8083, 3424
0.8086, 3423
0.8089, 3422
0.8092, 3421
0.8095, 3420
0.8097, 3419
0.8101, 3418
0.8104, 3417
0.8107, 3416
0.8109, 3415
0.8112, 3414
0.8115, 3413
0.8118, 3412
0.8121, 3411
0.8124, 3410
0.8127, 3409
0.8131, 3408
0.8134, 3407
0.8137, 3406
0.8140, 3405
0.8143, 3404
0.8146, 3403
0.8149, 3402
0.8152, 3401
0.8155, 3400
0.8158, 3399
0.8161, 3398
0.8164, 3397
0.8168, 3396
0.8171, 3395
0.8174, 3394
0.8177, 3393
0.8180, 3392
0.8183, 3391
0.8187, 3390
0.8190, 3389
0.8193, 3388
0.8196, 3387
0.8200, 3386
0.8203, 3385
0.8206, 3384
0.8209, 3383
0.8213, 3382
0.8216, 3381
0.8219, 3380
0.8222, 3379
0.8225, 3378
0.8228, 3377
0.8231, 3376
0.8234, 3375
0.8238, 3374
0.8241, 3373
0.8244, 3372
0.8247, 3371
0.8250, 3370
0.8253, 3369
0.8256, 3368
0.8259, 3367
0.8262, 3366
0.8265, 3365
0.8268, 3364
0.8272, 3363
0.8275, 3362
0.8278, 3361
0.8281, 3360
0.8284, 3359
0.8287, 3358
0.8290, 3357
0.8294, 3356
0.8297, 3355
0.8300, 3354
0.8303, 3353
0.8306, 3352
0.8309, 3351
0.8312, 3350
0.8315, 3349
0.8318, 3348
0.8321, 3347
0.8324, 3346
0.8327, 3345
0.8330, 3344
0.8333, 3343
0.8336, 3342
0.8339, 3341
0.8343, 3340
0.8346, 3339
0.8349, 3338
0.8352, 3337
0.8355, 3336
0.8358, 3335
0.8361, 3334
0.8364, 3333
0.8367, 3332
0.8370, 3331
0.8374, 3330
0.8377, 3329
0.8380, 3328
0.8383, 3327
0.8386, 3326
0.8389, 3325
0.8392, 3324
0.8396, 3323
0.8398, 3322
0.8402, 3321
0.8406, 3320
0.8409, 3319
0.8412, 3318
0.8415, 3317
0.8419, 3316
0.8422, 3315
0.8425, 3314
0.8428, 3313
0.8431, 3312
0.8435, 3311
0.8438, 3310
0.8442, 3309
0.8445, 3308
0.8448, 3307
0.8451, 3306
0.8454, 3305
0.8457, 3304
0.8460, 3303
0.8463, 3302
0.8466, 3301
0.8470, 3300
0.8473, 3299
0.8476, 3298
0.8480, 3297
0.8483, 3296
0.8486, 3295
0.8489, 3294
0.8492, 3293
0.8495, 3292
0.8498, 3291
0.8501, 3290
0.8504, 3289
0.8507, 3288
0.8510, 3287
0.8514, 3286
0.8517, 3285
0.8520, 3284
0.8523, 3283
0.8527, 3282
0.8530, 3281
0.8533, 3280
0.8536, 3279
0.8539, 3278
0.8542, 3277
0.8546, 3276
0.8549, 3275
0.8552, 3274
0.8555, 3273
0.8558, 3272
0.8561, 3271
0.8564, 3270
0.8567, 3269
0.8571, 3268
0.8573, 3267
0.8576, 3266
0.8580, 3265
0.8582, 3264
0.8586, 3263
0.8589, 3262
0.8591, 3261
0.8595, 3260
0.8598, 3259
0.8601, 3258
0.8604, 3257
0.8607, 3256
0.8610, 3255
0.8614, 3254
0.8616, 3253
0.8620, 3252
0.8623, 3251
0.8626, 3250
0.8629, 3249
0.8632, 3248
0.8635, 3247
0.8638, 3246
0.8641, 3245
0.8644, 3244
0.8647, 3243
0.8650, 3242
0.8653, 3241
0.8656, 3240
0.8659, 3239
0.8663, 3238
0.8666, 3237
0.8668, 3236
0.8672, 3235
0.8675, 3234
0.8679, 3233
0.8682, 3232
0.8685, 3231
0.8688, 3230
0.8691, 3229
0.8695, 3228
0.8698, 3227
0.8701, 3226
0.8704, 3225
0.8707, 3224
0.8710, 3223
0.8713, 3222
0.8716, 3221
0.8719, 3220
0.8722, 3219
0.8725, 3218
0.8728, 3217
0.8731, 3216
0.8734, 3215
0.8737, 3214
0.8740, 3213
0.8743, 3212
0.8747, 3211
0.8751, 3210
0.8754, 3209
0.8757, 3208
0.8760, 3207
0.8764, 3206
0.8767, 3205
0.8770, 3204
0.8773, 3203
0.8776, 3202
0.8779, 3201
0.8782, 3200
0.8785, 3199
0.8788, 3198
0.8791, 3197
0.8795, 3196
0.8798, 3195
0.8801, 3194
0.8804, 3193
0.8807, 3192
0.8810, 3191
0.8813, 3190
0.8816, 3189
0.8819, 3188
0.8822, 3187
0.8826, 3186
0.8828, 3185
0.8831, 3184
0.8834, 3183
0.8837, 3182
0.8840, 3181
0.8843, 3180
0.8845, 3179
0.8848, 3178
0.8852, 3177
0.8855, 3176
0.8858, 3175
0.8861, 3174
0.8864, 3173
0.8867, 3172
0.8870, 3171
0.8873, 3170
0.8876, 3169
0.8879, 3168
0.8882, 3167
0.8885, 3166
0.8888, 3165
0.8890, 3164
0.8894, 3163
0.8897, 3162
0.8900, 3161
0.8902, 3160
0.8905, 3159
0.8908, 3158
0.8911, 3157
0.8914, 3156
0.8917, 3155
0.8920, 3154
0.8923, 3153
0.8926, 3152
0.8929, 3151
0.8932, 3150
0.8935, 3149
0.8939, 3148
0.8942, 3147
0.8945, 3146
0.8948, 3145
0.8951, 3144
0.8954, 3143
0.8958, 3142
0.8961, 3141
0.8964, 3140
0.8967, 3139
0.8970, 3138
0.8973, 3137
0.8976, 3136
0.8979, 3135
0.8982, 3134
0.8985, 3133
0.8988, 3132
0.8992, 3131
0.8995, 3130
0.8998, 3129
0.9001, 3128
0.9004, 3127
0.9007, 3126
0.9009, 3125
0.9013, 3124
0.9015, 3123
0.9018, 3122
0.9021, 3121
0.9024, 3120
0.9027, 3119
0.9030, 3118
0.9033, 3117
0.9036, 3116
0.9038, 3115
0.9041, 3114
0.9044, 3113
0.9047, 3112
0.9050, 3111
0.9053, 3110
0.9056, 3109
0.9059, 3108
0.9061, 3107
0.9065, 3106
0.9067, 3105
0.9070, 3104
0.9073, 3103
0.9076, 3102
0.9079, 3101
0.9082, 3100
0.9085, 3099
0.9088, 3098
0.9091, 3097
0.9094, 3096
0.9096, 3095
0.9099, 3094
0.9102, 3093
0.9105, 3092
0.9108, 3091
0.9111, 3090
0.9114, 3089
0.9116, 3088
0.9119, 3087
0.9122, 3086
0.9125, 3085
0.9128, 3084
0.9131, 3083
0.9134, 3082
0.9137, 3081
0.9140, 3080
0.9143, 3079
0.9146, 3078
0.9149, 3077
0.9152, 3076
0.9155, 3075
0.9158, 3074
0.9160, 3073
0.9163, 3072
0.9166, 3071
0.9169, 3070
0.9172, 3069
0.9175, 3068
0.9177, 3067
0.9180, 3066
0.9183, 3065
0.9186, 3064
0.9188, 3063
0.9191, 3062
0.9194, 3061
0.9197, 3060
0.9199, 3059
0.9202, 3058
0.9205, 3057
0.9208, 3056
0.9210, 3055
0.9213, 3054
0.9216, 3053
0.9219, 3052
0.9222, 3051
0.9225, 3050
0.9229, 3049
0.9232, 3048
0.9234, 3047
0.9237, 3046
0.9240, 3045
0.9242, 3044
0.9245, 3043
0.9248, 3042
0.9251, 3041
0.9254, 3040
0.9256, 3039
0.9259, 3038
0.9262, 3037
0.9264, 3036
0.9267, 3035
0.9270, 3034
0.9273, 3033
0.9275, 3032
0.9279, 3031
0.9281, 3030
0.9284, 3029
0.9287, 3028
0.9290, 3027
0.9293, 3026
0.9296, 3025
0.9299, 3024
0.9302, 3023
0.9304, 3022
0.9307, 3021
0.9310, 3020
0.9312, 3019
0.9315, 3018
0.9318, 3017
0.9321, 3016
0.9324, 3015
0.9327, 3014
0.9330, 3013
0.9332, 3012
0.9335, 3011
0.9338, 3010
0.9341, 3009
0.9344, 3008
0.9346, 3007
0.9349, 3006
0.9352, 3005
0.9355, 3004
0.9357, 3003
0.9360, 3002
0.9363, 3001
0.9366, 3000
0.9368, 2999
0.9371, 2998
0.9374, 2997
0.9377, 2996
0.9379, 2995
0.9382, 2994
0.9385, 2993
0.9388, 2992
0.9391, 2991
0.9393, 2990
0.9396, 2989
0.9399, 2988
0.9402, 2987
0.9404, 2986
0.9407, 2985
0.9410, 2984
0.9413, 2983
0.9416, 2982
0.9419, 2981
0.9421, 2980
0.9424, 2979
0.9427, 2978
0.9430, 2977
0.9433, 2976
0.9436, 2975
0.9439, 2974
0.9442, 2973
0.9445, 2972
0.9448, 2971
0.9451, 2970
0.9453, 2969
0.9456, 2968
0.9459, 2967
0.9462, 2966
0.9464, 2965
0.9467, 2964
0.9470, 2963
0.9472, 2962
0.9475, 2961
0.9478, 2960
0.9481, 2959
0.9484, 2958
0.9487, 2957
0.9490, 2956
0.9493, 2955
0.9495, 2954
0.9499, 2953
0.9501, 2952
0.9504, 2951
0.9507, 2950
0.9510, 2949
0.9513, 2948
0.9515, 2947
0.9518, 2946
0.9521, 2945
0.9523, 2944
0.9526, 2943
0.9529, 2942
0.9532, 2941
0.9535, 2940
0.9537, 2939
0.9541, 2938
0.9544, 2937
0.9546, 2936
0.9549, 2935
0.9552, 2934
0.9555, 2933
0.9557, 2932
0.9561, 2931
0.9564, 2930
0.9567, 2929
0.9570, 2928
0.9573, 2927
0.9576, 2926
0.9579, 2925
0.9582, 2924
0.9584, 2923
0.9587, 2922
0.9590, 2921
0.9593, 2920
0.9596, 2919
0.9599, 2918
0.9602, 2917
0.9605, 2916
0.9609, 2915
0.9611, 2914
0.9614, 2913
0.9617, 2912
0.9620, 2911
0.9623, 2910
0.9626, 2909
0.9629, 2908
0.9632, 2907
0.9634, 2906
0.9637, 2905
0.9640, 2904
0.9643, 2903
0.9645, 2902
0.9648, 2901
0.9651, 2900
0.9654, 2899
0.9656, 2898
0.9659, 2897
0.9662, 2896
0.9665, 2895
0.9668, 2894
0.9671, 2893
0.9674, 2892
0.9677, 2891
0.9680, 2890
0.9683, 2889
0.9686, 2888
0.9689, 2887
0.9692, 2886
0.9695, 2885
0.9698, 2884
0.9700, 2883
0.9703, 2882
0.9706, 2881
0.9709, 2880
0.9712, 2879
0.9714, 2878
0.9717, 2877
0.9720, 2876
0.9722, 2875
0.9725, 2874
0.9728, 2873
0.9731, 2872
0.9734, 2871
0.9736, 2870
0.9739, 2869
0.9742, 2868
0.9745, 2867
0.9748, 2866
0.9750, 2865
0.9753, 2864
0.9755, 2863
0.9758, 2862
0.9761, 2861
0.9764, 2860
0.9766, 2859
0.9769, 2858
0.9772, 2857
0.9774, 2856
0.9777, 2855
0.9780, 2854
0.9782, 2853
0.9785, 2852
0.9787, 2851
0.9790, 2850
0.9793, 2849
0.9795, 2848
0.9798, 2847
0.9801, 2846
0.9804, 2845
0.9806, 2844
0.9809, 2843
0.9812, 2842
0.9814, 2841
0.9817, 2840
0.9820, 2839
0.9822, 2838
0.9825, 2837
0.9828, 2836
0.9831, 2835
0.9833, 2834
0.9836, 2833
0.9839, 2832
0.9842, 2831
0.9844, 2830
0.9847, 2829
0.9850, 2828
0.9852, 2827
0.9855, 2826
0.9858, 2825
0.9861, 2824
0.9863, 2823
0.9866, 2822
0.9869, 2821
0.9872, 2820
0.9874, 2819
0.9877, 2818
0.9880, 2817
0.9882, 2816
0.9885, 2815
0.9887, 2814
0.9890, 2813
0.9893, 2812
0.9895, 2811
0.9898, 2810
0.9901, 2809
0.9904, 2808
0.9906, 2807
0.9909, 2806
0.9911, 2805
0.9914, 2804
0.9917, 2803
0.9919, 2802
0.9922, 2801
0.9925, 2800
0.9928, 2799
0.9930, 2798
0.9933, 2797
0.9936, 2796
0.9939, 2795
0.9942, 2794
0.9944, 2793
0.9947, 2792
0.9949, 2791
0.9952, 2790
0.9955, 2789
0.9958, 2788
0.9961, 2787
0.9963, 2786
0.9966, 2785
0.9968, 2784
0.9971, 2783
0.9974, 2782
0.9976, 2781
0.9979, 2780
0.9982, 2779
0.9984, 2778
0.9987, 2777
0.9990, 2776
0.9992, 2775
0.9995, 2774
0.9997, 2773
1.0000, 2772
1.0003, 2771
1.0005, 2770
1.0008, 2769
1.0011, 2768
1.0013, 2767
1.0016, 2766
1.0018, 2765
1.0021, 2764
1.0023, 2763
1.0026, 2762
1.0029, 2761
1.0031, 2760
1.0034, 2759
1.0036, 2758
1.0039, 2757
1.0042, 2756
1.0044, 2755
1.0047, 2754
1.0050, 2753
1.0053, 2752
1.0055, 2751
1.0058, 2750
1.0061, 2749
1.0064, 2748
1.0066, 2747
1.0069, 2746
1.0072, 2745
1.0074, 2744
1.0077, 2743
1.0079, 2742
1.0082, 2741
1.0086, 2740
1.0089, 2739
1.0092, 2738
1.0094, 2737
1.0097, 2736
1.0100, 2735
1.0102, 2734
1.0105, 2733
1.0108, 2732
1.0111, 2731
1.0113, 2730
1.0116, 2729
1.0119, 2728
1.0122, 2727
1.0125, 2726
1.0127, 2725
1.0130, 2724
1.0133, 2723
1.0135, 2722
1.0138, 2721
1.0141, 2720
1.0143, 2719
1.0146, 2718
1.0149, 2717
1.0152, 2716
1.0154, 2715
1.0157, 2714
1.0160, 2713
1.0163, 2712
1.0165, 2711
1.0168, 2710
1.0170, 2709
1.0173, 2708
1.0176, 2707
1.0178, 2706
1.0181, 2705
1.0184, 2704
1.0186, 2703
1.0189, 2702
1.0192, 2701
1.0194, 2700
1.0197, 2699
1.0199, 2698
1.0202, 2697
1.0205, 2696
1.0207, 2695
1.0210, 2694
1.0212, 2693
1.0215, 2692
1.0218, 2691
1.0221, 2690
1.0223, 2689
1.0226, 2688
1.0229, 2687
1.0231, 2686
1.0234, 2685
1.0237, 2684
1.0239, 2683
1.0243, 2682
1.0245, 2681
1.0248, 2680
1.0250, 2679
1.0253, 2678
1.0256, 2677
1.0258, 2676
1.0261, 2675
1.0264, 2674
1.0267, 2673
1.0269, 2672
1.0273, 2671
1.0275, 2670
1.0278, 2669
1.0281, 2668
1.0283, 2667
1.0286, 2666
1.0289, 2665
1.0291, 2664
1.0294, 2663
1.0296, 2662
1.0299, 2661
1.0302, 2660
1.0304, 2659
1.0307, 2658
1.0309, 2657
1.0312, 2656
1.0315, 2655
1.0317, 2654
1.0320, 2653
1.0323, 2652
1.0325, 2651
1.0328, 2650
1.0330, 2649
1.0333, 2648
1.0336, 2647
1.0338, 2646
1.0341, 2645
1.0343, 2644
1.0346, 2643
1.0348, 2642
1.0351, 2641
1.0353, 2640
1.0356, 2639
1.0359, 2638
1.0361, 2637
1.0364, 2636
1.0367, 2635
1.0369, 2634
1.0372, 2633
1.0374, 2632
1.0377, 2631
1.0379, 2630
1.0382, 2629
1.0384, 2628
1.0387, 2627
1.0390, 2626
1.0392, 2625
1.0395, 2624
1.0398, 2623
1.0401, 2622
1.0403, 2621
1.0406, 2620
1.0409, 2619
1.0411, 2618
1.0414, 2617
1.0417, 2616
1.0419, 2615
1.0422, 2614
1.0425, 2613
1.0428, 2612
1.0431, 2611
1.0433, 2610
1.0436, 2609
1.0439, 2608
1.0441, 2607
1.0444, 2606
1.0446, 2605
1.0449, 2604
1.0451, 2603
1.0454, 2602
1.0457, 2601
1.0459, 2600
1.0462, 2599
1.0465, 2598
1.0467, 2597
1.0470, 2596
1.0472, 2595
1.0475, 2594
1.0477, 2593
1.0480, 2592
1.0482, 2591
1.0485, 2590
1.0487, 2589
1.0490, 2588
1.0492, 2587
1.0495, 2586
1.0497, 2585
1.0500, 2584
1.0502, 2583
1.0505, 2582
1.0507, 2581
1.0510, 2580
1.0513, 2579
1.0515, 2578
1.0518, 2577
1.0521, 2576
1.0523, 2575
1.0526, 2574
1.0528, 2573
1.0531, 2572
1.0534, 2571
1.0536, 2570
1.0538, 2569
1.0542, 2568
1.0544, 2567
1.0547, 2566
1.0612, 2565
1.0656, 2564
1.0719, 2563
1.0822, 2562
1.0825, 2561
1.0907, 2560
1.0909, 2559
1.1096, 2558
1.1242, 2557
1.1410, 2556
1.1576, 2555
1.1579, 2554
1.1623, 2553
1.1708, 2552
1.1814, 2551
1.1816, 2550
1.1859, 2549
1.2027, 2548
1.2091, 2547
1.2176, 2546
1.2240, 2545
1.2242, 2544
1.2264, 2543
1.2266, 2542
1.2269, 2541
1.2355, 2540
1.2357, 2539
1.2359, 2538
1.2526, 2537
1.2631, 2536
1.2717, 2535
1.2719, 2534
1.2804, 2533
1.2868, 2532
1.2994, 2531
1.2997, 2530
1.2999, 2529
1.3208, 2528
1.3357, 2527
1.3359, 2526
1.3382, 2525
1.3384, 2524
1.3489, 2523
1.3492, 2522
1.3494, 2521
1.3558, 2520
1.3561, 2519
1.3605, 2518
1.3649, 2517
1.3693, 2516
1.3716, 2515
1.3740, 2514
1.3762, 2513
1.3827, 2512
1.3829, 2511
1.3872, 2510
1.3916, 2509
1.3918, 2508
1.3920, 2507
1.3984, 2506
1.3986, 2505
1.4693, 2504
1.4820, 2503
1.4822, 2502
1.4906, 2501
1.5239, 2500
1.5407, 2499
1.5409, 2498
1.5452, 2497
1.5598, 2496
1.5601, 2495
1.5830, 2494
1.6020, 2493
1.6106, 2492
1.6151, 2491
1.6153, 2490
1.6155, 2489
1.6220, 2488
1.6325, 2487
1.6411, 2486
1.6413, 2485
1.6478, 2484
1.6522, 2483
1.6524, 2482
1.6526, 2481
1.6528, 2480
1.6551, 2479
1.6636, 2478
1.6639, 2477
1.6641, 2476
1.6789, 2475
1.6792, 2474
1.6794, 2473
1.6983, 2472
1.7027, 2471
1.7113, 2470
1.7178, 2469
1.7242, 2468
1.7286, 2467
1.7330, 2466
1.7332, 2465
1.7334, 2464
1.7337, 2463
1.7525, 2462
1.7673, 2461
1.7675, 2460
1.7677, 2459
1.7700, 2458
1.7702, 2457
1.7849, 2456
1.8017, 2455
1.8103, 2454
1.8272, 2453
1.8274, 2452
1.8381, 2451
1.8383, 2450
1.8385, 2449
1.8429, 2448
1.8493, 2447
1.8495, 2446
1.8750, 2445
1.8814, 2444
1.8920, 2443
1.8922, 2442
1.8987, 2441
1.9155, 2440
1.9382, 2439
1.9427, 2438
1.9532, 2437
1.9596, 2436
1.9783, 2435
2.0052, 2434
2.0116, 2433
2.0159, 2432
2.0387, 2431
2.0451, 2430
2.0617, 2429
2.0619, 2428
2.0888, 2427
2.0932, 2426
2.1119, 2425
2.1203, 2424
2.1205, 2423
2.1578, 2422
2.1662, 2421
2.1891, 2420
2.2018, 2419
2.2020, 2418
2.2023, 2417
2.2210, 2416
2.2212, 2415
2.2276, 2414
2.2443, 2413
2.2652, 2412
2.2758, 2411
2.2925, 2410
2.3010, 2409
2.3136, 2408
2.3201, 2407
2.3280, 2406
2.3454, 2405
2.3456, 2404
2.3505, 2403
2.3507, 2402
2.3509, 2401
2.3600, 2400
2.3602, 2399
2.3649, 2398
2.3652, 2397
2.3654, 2396
2.3764, 2395
2.3966, 2394
2.4073, 2393
2.4117, 2392
2.4160, 2391
2.4162, 2390
2.4164, 2389
2.4290, 2388
2.4292, 2387
2.4337, 2386
2.4361, 2385
2.4363, 2384
2.4429, 2383
2.4616, 2382
2.4659, 2381
2.4724, 2380
2.4726, 2379
2.4790, 2378
2.4792, 2377
2.4876, 2376
2.4878, 2375
2.4880, 2374
2.4924, 2373
2.4926, 2372
2.4990, 2371
2.5033, 2370
2.5035, 2369
2.5182, 2368
2.5184, 2367
2.5186, 2366
2.5312, 2365
2.5315, 2364
2.5317, 2363
2.5382, 2362
2.5384, 2361
2.5386, 2360
2.5452, 2359
2.5454, 2358
2.5457, 2357
2.5459, 2356
2.5461, 2355
2.5463, 2354
2.5672, 2353
2.5675, 2352
2.5759, 2351
2.5762, 2350
2.5764, 2349
2.5829, 2348
2.5831, 2347
2.5834, 2346
2.5836, 2345
2.5879, 2344
2.6026, 2343
2.6091, 2342
2.6155, 2341
2.6198, 2340
2.6241, 2339
2.6387, 2338
2.6617, 2337
2.6620, 2336
2.6807, 2335
2.6830, 2334
2.6832, 2333
2.7020, 2332
2.7042, 2331
2.7045, 2330
2.7068, 2329
2.7276, 2328
2.7485, 2327
2.7488, 2326
2.7490, 2325
2.7533, 2324
2.7596, 2323
2.7598, 2322
2.7663, 2321
2.7665, 2320
2.8100, 2319
2.8103, 2318
2.9036, 2317
2.9059, 2316
2.9082, 2315
2.9125, 2314
2.9128, 2313
2.9150, 2312
2.9193, 2311
2.9195, 2310
2.9237, 2309
2.9428, 2308
2.9472, 2307
2.9536, 2306
2.9538, 2305
2.9581, 2304
2.9583, 2303
2.9709, 2302
2.9793, 2301
2.9836, 2300
2.9838, 2299
2.9861, 2298
2.9945, 2297
2.9988, 2296
3.0031, 2295
3.0034, 2294
3.0077, 2293
3.0120, 2292
3.0123, 2291
3.0206, 2290
3.0249, 2289
3.0374, 2288
3.0458, 2287
3.0542, 2286
3.0544, 2285
3.0587, 2284
3.0651, 2283
3.0673, 2282
3.0676, 2281
3.0821, 2280
3.0986, 2279
3.0988, 2278
3.1258, 2277
3.1301, 2276
3.1386, 2275
3.1715, 2274
3.1800, 2273
3.1802, 2272
3.1804, 2271
3.1806, 2270
3.1809, 2269
3.1852, 2268
3.1854, 2267
3.1939, 2266
3.1962, 2265
3.1964, 2264
3.2069, 2263
3.2132, 2262
3.2237, 2261
3.2239, 2260
3.2324, 2259
3.2407, 2258
3.2409, 2257
3.2639, 2256
3.2683, 2255
3.2727, 2254
3.2855, 2253
3.2857, 2252
3.2860, 2251
3.3156, 2250
3.3159, 2249
3.3289, 2248
3.3311, 2247
3.3374, 2246
3.3417, 2245
3.3582, 2244
3.3645, 2243
3.3811, 2242
3.3813, 2241
3.3856, 2240
3.3858, 2239
3.4064, 2238
3.4107, 2237
3.4293, 2236
3.4316, 2235
3.4379, 2234
3.4381, 2233
3.4485, 2232
3.4487, 2231
3.4611, 2230
3.4613, 2229
3.4760, 2228
3.4762, 2227
3.4805, 2226
3.4869, 2225
3.5156, 2224
3.5199, 2223
3.5523, 2222
3.7309, 2221
3.7353, 2220
3.7529, 2219
3.7531, 2218
3.7622, 2217
3.8393, 2216
3.9073, 2215
3.9510, 2214
3.9885, 2213
3.9992, 2212
4.0680, 2211
4.2359, 2210
