0.0453, 2281
0.1224, 2280
0.2012, 2279
0.2137, 2278
0.3087, 2277
0.3150, 2274
0.3544, 2273
0.3855, 2272
0.4379, 2271
0.4471, 2270
0.4935, 2269
0.4970, 2268
0.5231, 2267
0.5294, 2266
0.5326, 2263
0.5388, 2262
0.5535, 2261
0.6019, 2260
0.6273, 2258
0.6863, 2257
0.6959, 2256
0.8005, 2255
0.8279, 2254
0.8493, 2253
0.8617, 2252
0.8862, 2251
0.8894, 2249
0.9046, 2248
1.2081, 2247
1.2387, 2246
1.2482, 2244
1.2732, 2243
1.2764, 2242
1.2857, 2240
1.2890, 2238
1.3716, 2236
1.3932, 2235
1.4490, 2234
1.4925, 2233
1.9303, 2232
1.9613, 2231
2.5482, 2230
2.6536, 2229
2.6935, 2228
2.7522, 2227
2.8138, 2226
3.0165, 2224
