0.7719, 3931
0.7722, 3930
0.7726, 3929
0.7729, 3928
0.7733, 3927
0.7736, 3926
0.7739, 3925
0.7743, 3924
0.7746, 3923
0.7749, 3922
0.7753, 3921
0.7756, 3920
0.7760, 3919
0.7763, 3918
0.7767, 3917
0.7770, 3916
0.7773, 3915
0.7777, 3914
0.7780, 3913
0.7783, 3912
0.7787, 3911
0.7790, 3910
0.7794, 3909
0.7797, 3908
0.7800, 3907
0.7804, 3906
0.7807, 3905
0.7810, 3904
0.7814, 3903
0.7817, 3902
0.7821, 3901
0.7824, 3900
0.7827, 3899
0.7831, 3898
0.7834, 3897
0.7837, 3896
0.7841, 3895
0.7844, 3894
0.7848, 3893
0.7851, 3892
0.7854, 3891
0.7858, 3890
0.7861, 3889
0.7865, 3888
0.7868, 3887
0.7871, 3886
0.7875, 3885
0.7878, 3884
0.7882, 3883
0.7885, 3882
0.7889, 3881
0.7892, 3880
0.7895, 3879
0.7899, 3878
0.7902, 3877
0.7906, 3876
0.7909, 3875
0.7912, 3874
0.7916, 3873
0.7919, 3872
0.7923, 3871
0.7926, 3870
0.7929, 3869
0.7933, 3868
0.7936, 3867
0.7939, 3866
0.7943, 3865
0.7946, 3864
0.7950, 3863
0.7953, 3862
0.7956, 3861
0.7960, 3860
0.7963, 3859
0.7966, 3858
0.7970, 3857
0.7973, 3856
0.7976, 3855
0.7980, 3854
0.7983, 3853
0.7986, 3852
0.7989, 3851
0.7993, 3850
0.7996, 3849
0.7999, 3848
0.8003, 3847
0.8006, 3846
0.8009, 3845
0.8013, 3844
0.8016, 3843
0.8020, 3842
0.8023, 3841
0.8026, 3840
0.8030, 3839
0.8033, 3838
0.8037, 3837
0.8040, 3836
0.8044, 3835
0.8047, 3834
0.8050, 3833
0.8054, 3832
0.8057, 3831
0.8061, 3830
0.8064, 3829
0.8068, 3828
0.8071, 3827
0.8074, 3826
0.8078, 3825
0.8081, 3824
0.8085, 3823
0.8088, 3822
0.8092, 3821
0.8096, 3820
0.8099, 3819
0.8103, 3818
0.8106, 3817
0.8109, 3816
0.8113, 3815
0.8116, 3814
0.8120, 3813
0.8123, 3812
0.8127, 3811
0.8130, 3810
0.8134, 3809
0.8137, 3808
0.8140, 3807
0.8144, 3806
0.8147, 3805
0.8150, 3804
0.8154, 3803
0.8157, 3802
0.8160, 3801
0.8164, 3800
0.8167, 3799
0.8171, 3798
0.8174, 3797
0.8177, 3796
0.8181, 3795
0.8185, 3794
0.8188, 3793
0.8191, 3792
0.8195, 3791
0.8198, 3790
0.8201, 3789
0.8205, 3788
0.8208, 3787
0.8212, 3786
0.8215, 3785
0.8218, 3784
0.8222, 3783
0.8225, 3782
0.8228, 3781
0.8231, 3780
0.8235, 3779
0.8239, 3778
0.8242, 3777
0.8246, 3776
0.8249, 3775
0.8253, 3774
0.8256, 3773
0.8260, 3772
0.8263, 3771
0.8266, 3770
0.8270, 3769
0.8273, 3768
0.8276, 3767
0.8280, 3766
0.8283, 3765
0.8286, 3764
0.8290, 3763
0.8293, 3762
0.8296, 3761
0.8300, 3760
0.8303, 3759
0.8307, 3758
0.8310, 3757
0.8313, 3756
0.8317, 3755
0.8320, 3754
0.8323, 3753
0.8327, 3752
0.8330, 3751
0.8334, 3750
0.8337, 3749
0.8340, 3748
0.8344, 3747
0.8347, 3746
0.8351, 3745
0.8354, 3744
0.8358, 3743
0.8361, 3742
0.8365, 3741
0.8368, 3740
0.8372, 3739
0.8375, 3738
0.8378, 3737
0.8381, 3736
0.8385, 3735
0.8388, 3734
0.8391, 3733
0.8395, 3732
0.8398, 3731
0.8401, 3730
0.8405, 3729
0.8408, 3728
0.8411, 3727
0.8415, 3726
0.8418, 3725
0.8421, 3724
0.8425, 3723
0.8428, 3722
0.8431, 3721
0.8434, 3720
0.8438, 3719
0.8442, 3718
0.8445, 3717
0.8448, 3716
0.8451, 3715
0.8455, 3714
0.8458, 3713
0.8461, 3712
0.8465, 3711
0.8468, 3710
0.8471, 3709
0.8475, 3708
0.8478, 3707
0.8481, 3706
0.8485, 3705
0.8488, 3704
0.8491, 3703
0.8495, 3702
0.8498, 3701
0.8501, 3700
0.8505, 3699
0.8508, 3698
0.8511, 3697
0.8514, 3696
0.8518, 3695
0.8521, 3694
0.8524, 3693
0.8528, 3692
0.8531, 3691
0.8534, 3690
0.8537, 3689
0.8541, 3688
0.8544, 3687
0.8547, 3686
0.8551, 3685
0.8554, 3684
0.8557, 3683
0.8561, 3682
0.8564, 3681
0.8567, 3680
0.8571, 3679
0.8574, 3678
0.8577, 3677
0.8581, 3676
0.8584, 3675
0.8587, 3674
0.8591, 3673
0.8594, 3672
0.8597, 3671
0.8601, 3670
0.8604, 3669
0.8607, 3668
0.8611, 3667
0.8614, 3666
0.8617, 3665
0.8620, 3664
0.8624, 3663
0.8627, 3662
0.8630, 3661
0.8634, 3660
0.8637, 3659
0.8640, 3658
0.8644, 3657
0.8647, 3656
0.8650, 3655
0.8653, 3654
0.8657, 3653
0.8660, 3652
0.8663, 3651
0.8667, 3650
0.8670, 3649
0.8673, 3648
0.8676, 3647
0.8680, 3646
0.8683, 3645
0.8686, 3644
0.8690, 3643
0.8693, 3642
0.8696, 3641
0.8700, 3640
0.8703, 3639
0.8706, 3638
0.8710, 3637
0.8713, 3636
0.8716, 3635
0.8719, 3634
0.8723, 3633
0.8726, 3632
0.8730, 3631
0.8733, 3630
0.8736, 3629
0.8740, 3628
0.8743, 3627
0.8746, 3626
0.8750, 3625
0.8753, 3624
0.8756, 3623
0.8759, 3622
0.8763, 3621
0.8766, 3620
0.8769, 3619
0.8773, 3618
0.8776, 3617
0.8779, 3616
0.8783, 3615
0.8786, 3614
0.8789, 3613
0.8793, 3612
0.8796, 3611
0.8799, 3610
0.8802, 3609
0.8805, 3608
0.8809, 3607
0.8812, 3606
0.8815, 3605
0.8819, 3604
0.8822, 3603
0.8825, 3602
0.8828, 3601
0.8832, 3600
0.8835, 3599
0.8838, 3598
0.8841, 3597
0.8844, 3596
0.8848, 3595
0.8851, 3594
0.8854, 3593
0.8858, 3592
0.8861, 3591
0.8864, 3590
0.8867, 3589
0.8871, 3588
0.8874, 3587
0.8877, 3586
0.8880, 3585
0.8883, 3584
0.8887, 3583
0.8890, 3582
0.8893, 3581
0.8897, 3580
0.8900, 3579
0.8903, 3578
0.8906, 3577
0.8909, 3576
0.8913, 3575
0.8916, 3574
0.8919, 3573
0.8922, 3572
0.8926, 3571
0.8929, 3570
0.8933, 3569
0.8936, 3568
0.8939, 3567
0.8942, 3566
0.8946, 3565
0.8949, 3564
0.8952, 3563
0.8955, 3562
0.8959, 3561
0.8962, 3560
0.8965, 3559
0.8968, 3558
0.8971, 3557
0.8975, 3556
0.8978, 3555
0.8981, 3554
0.8984, 3553
0.8988, 3552
0.8991, 3551
0.8994, 3550
0.8997, 3549
0.9001, 3548
0.9004, 3547
0.9008, 3546
0.9011, 3545
0.9015, 3544
0.9018, 3543
0.9021, 3542
0.9025, 3541
0.9028, 3540
0.9031, 3539
0.9034, 3538
0.9037, 3537
0.9041, 3536
0.9044, 3535
0.9047, 3534
0.9050, 3533
0.9054, 3532
0.9057, 3531
0.9060, 3530
0.9063, 3529
0.9067, 3528
0.9070, 3527
0.9073, 3526
0.9076, 3525
0.9080, 3524
0.9083, 3523
0.9086, 3522
0.9089, 3521
0.9093, 3520
0.9096, 3519
0.9099, 3518
0.9103, 3517
0.9106, 3516
0.9109, 3515
0.9113, 3514
0.9116, 3513
0.9119, 3512
0.9122, 3511
0.9125, 3510
0.9128, 3509
0.9132, 3508
0.9135, 3507
0.9138, 3506
0.9141, 3505
0.9145, 3504
0.9148, 3503
0.9151, 3502
0.9154, 3501
0.9157, 3500
0.9160, 3499
0.9164, 3498
0.9167, 3497
0.9170, 3496
0.9173, 3495
0.9176, 3494
0.9180, 3493
0.9183, 3492
0.9186, 3491
0.9189, 3490
0.9192, 3489
0.9196, 3488
0.9199, 3487
0.9202, 3486
0.9205, 3485
0.9208, 3484
0.9212, 3483
0.9215, 3482
0.9218, 3481
0.9221, 3480
0.9224, 3479
0.9228, 3478
0.9231, 3477
0.9234, 3476
0.9237, 3475
0.9240, 3474
0.9244, 3473
0.9247, 3472
0.9250, 3471
0.9253, 3470
0.9256, 3469
0.9260, 3468
0.9263, 3467
0.9266, 3466
0.9269, 3465
0.9272, 3464
0.9275, 3463
0.9279, 3462
0.9282, 3461
0.9285, 3460
0.9288, 3459
0.9291, 3458
0.9294, 3457
0.9297, 3456
0.9301, 3455
0.9304, 3454
0.9307, 3453
0.9310, 3452
0.9313, 3451
0.9316, 3450
0.9320, 3449
0.9323, 3448
0.9326, 3447
0.9329, 3446
0.9332, 3445
0.9335, 3444
0.9338, 3443
0.9341, 3442
0.9344, 3441
0.9347, 3440
0.9350, 3439
0.9354, 3438
0.9357, 3437
0.9360, 3436
0.9363, 3435
0.9366, 3434
0.9370, 3433
0.9373, 3432
0.9376, 3431
0.9379, 3430
0.9382, 3429
0.9385, 3428
0.9388, 3427
0.9391, 3426
0.9394, 3425
0.9398, 3424
0.9401, 3423
0.9404, 3422
0.9407, 3421
0.9410, 3420
0.9413, 3419
0.9416, 3418
0.9419, 3417
0.9422, 3416
0.9426, 3415
0.9429, 3414
0.9432, 3413
0.9435, 3412
0.9438, 3411
0.9442, 3410
0.9445, 3409
0.9448, 3408
0.9451, 3407
0.9454, 3406
0.9457, 3405
0.9460, 3404
0.9463, 3403
0.9466, 3402
0.9469, 3401
0.9472, 3400
0.9475, 3399
0.9478, 3398
0.9481, 3397
0.9485, 3396
0.9488, 3395
0.9491, 3394
0.9494, 3393
0.9497, 3392
0.9500, 3391
0.9503, 3390
0.9507, 3389
0.9510, 3388
0.9513, 3387
0.9516, 3386
0.9519, 3385
0.9522, 3384
0.9525, 3383
0.9529, 3382
0.9532, 3381
0.9535, 3380
0.9538, 3379
0.9541, 3378
0.9544, 3377
0.9547, 3376
0.9551, 3375
0.9554, 3374
0.9558, 3373
0.9561, 3372
0.9564, 3371
0.9567, 3370
0.9570, 3369
0.9573, 3368
0.9576, 3367
0.9580, 3366
0.9583, 3365
0.9586, 3364
0.9590, 3363
0.9593, 3362
0.9596, 3361
0.9599, 3360
0.9602, 3359
0.9606, 3358
0.9609, 3357
0.9612, 3356
0.9615, 3355
0.9619, 3354
0.9622, 3353
0.9626, 3352
0.9629, 3351
0.9632, 3350
0.9635, 3349
0.9638, 3348
0.9641, 3347
0.9645, 3346
0.9648, 3345
0.9651, 3344
0.9654, 3343
0.9657, 3342
0.9660, 3341
0.9663, 3340
0.9666, 3339
0.9669, 3338
0.9673, 3337
0.9676, 3336
0.9679, 3335
0.9682, 3334
0.9685, 3333
0.9688, 3332
0.9691, 3331
0.9694, 3330
0.9698, 3329
0.9701, 3328
0.9704, 3327
0.9707, 3326
0.9710, 3325
0.9713, 3324
0.9716, 3323
0.9719, 3322
0.9722, 3321
0.9725, 3320
0.9728, 3319
0.9731, 3318
0.9735, 3317
0.9738, 3316
0.9741, 3315
0.9744, 3314
0.9748, 3313
0.9751, 3312
0.9754, 3311
0.9757, 3310
0.9760, 3309
0.9763, 3308
0.9767, 3307
0.9770, 3306
0.9773, 3305
0.9777, 3304
0.9780, 3303
0.9783, 3302
0.9786, 3301
0.9790, 3300
0.9793, 3299
0.9796, 3298
0.9799, 3297
0.9802, 3296
0.9805, 3295
0.9809, 3294
0.9813, 3293
0.9816, 3292
0.9820, 3291
0.9823, 3290
0.9826, 3289
0.9829, 3288
0.9832, 3287
0.9835, 3286
0.9838, 3285
0.9841, 3284
0.9844, 3283
0.9848, 3282
0.9851, 3281
0.9855, 3280
0.9858, 3279
0.9861, 3278
0.9864, 3277
0.9868, 3276
0.9871, 3275
0.9874, 3274
0.9877, 3273
0.9881, 3272
0.9884, 3271
0.9887, 3270
0.9890, 3269
0.9894, 3268
0.9897, 3267
0.9900, 3266
0.9904, 3265
0.9907, 3264
0.9910, 3263
0.9913, 3262
0.9916, 3261
0.9919, 3260
0.9923, 3259
0.9926, 3258
0.9929, 3257
0.9932, 3256
0.9935, 3255
0.9938, 3254
0.9941, 3253
0.9944, 3252
0.9947, 3251
0.9951, 3250
0.9954, 3249
0.9957, 3248
0.9960, 3247
0.9963, 3246
0.9966, 3245
0.9969, 3244
0.9972, 3243
0.9976, 3242
0.9979, 3241
0.9982, 3240
0.9985, 3239
0.9988, 3238
0.9992, 3237
0.9995, 3236
0.9998, 3235
1.0001, 3234
1.0004, 3233
1.0007, 3232
1.0010, 3231
1.0013, 3230
1.0017, 3229
1.0020, 3228
1.0023, 3227
1.0026, 3226
1.0029, 3225
1.0032, 3224
1.0036, 3223
1.0039, 3222
1.0042, 3221
1.0045, 3220
1.0048, 3219
1.0051, 3218
1.0054, 3217
1.0057, 3216
1.0061, 3215
1.0064, 3214
1.0067, 3213
1.0069, 3212
1.0072, 3211
1.0075, 3210
1.0078, 3209
1.0081, 3208
1.0084, 3207
1.0088, 3206
1.0091, 3205
1.0095, 3204
1.0099, 3203
1.0102, 3202
1.0105, 3201
1.0109, 3200
1.0112, 3199
1.0115, 3198
1.0118, 3197
1.0122, 3196
1.0125, 3195
1.0128, 3194
1.0131, 3193
1.0134, 3192
1.0137, 3191
1.0140, 3190
1.0143, 3189
1.0147, 3188
1.0150, 3187
1.0153, 3186
1.0157, 3185
1.0160, 3184
1.0163, 3183
1.0166, 3182
1.0169, 3181
1.0173, 3180
1.0176, 3179
1.0179, 3178
1.0182, 3177
1.0185, 3176
1.0188, 3175
1.0191, 3174
1.0194, 3173
1.0197, 3172
1.0200, 3171
1.0203, 3170
1.0206, 3169
1.0209, 3168
1.0212, 3167
1.0216, 3166
1.0219, 3165
1.0222, 3164
1.0225, 3163
1.0228, 3162
1.0231, 3161
1.0234, 3160
1.0237, 3159
1.0240, 3158
1.0243, 3157
1.0246, 3156
1.0249, 3155
1.0252, 3154
1.0255, 3153
1.0258, 3152
1.0262, 3151
1.0265, 3150
1.0268, 3149
1.0271, 3148
1.0274, 3147
1.0277, 3146
1.0281, 3145
1.0285, 3144
1.0288, 3143
1.0291, 3142
1.0294, 3141
1.0297, 3140
1.0300, 3139
1.0303, 3138
1.0306, 3137
1.0309, 3136
1.0312, 3135
1.0316, 3134
1.0319, 3133
1.0322, 3132
1.0325, 3131
1.0328, 3130
1.0331, 3129
1.0334, 3128
1.0337, 3127
1.0340, 3126
1.0342, 3125
1.0346, 3124
1.0349, 3123
1.0351, 3122
1.0354, 3121
1.0357, 3120
1.0360, 3119
1.0363, 3118
1.0366, 3117
1.0369, 3116
1.0372, 3115
1.0375, 3114
1.0378, 3113
1.0381, 3112
1.0384, 3111
1.0387, 3110
1.0390, 3109
1.0392, 3108
1.0396, 3107
1.0398, 3106
1.0402, 3105
1.0404, 3104
1.0407, 3103
1.0410, 3102
1.0413, 3101
1.0416, 3100
1.0419, 3099
1.0422, 3098
1.0425, 3097
1.0428, 3096
1.0431, 3095
1.0434, 3094
1.0437, 3093
1.0439, 3092
1.0442, 3091
1.0445, 3090
1.0448, 3089
1.0452, 3088
1.0454, 3087
1.0457, 3086
1.0460, 3085
1.0464, 3084
1.0467, 3083
1.0470, 3082
1.0473, 3081
1.0476, 3080
1.0479, 3079
1.0482, 3078
1.0485, 3077
1.0487, 3076
1.0490, 3075
1.0494, 3074
1.0496, 3073
1.0499, 3072
1.0502, 3071
1.0505, 3070
1.0508, 3069
1.0511, 3068
1.0514, 3067
1.0517, 3066
1.0519, 3065
1.0522, 3064
1.0525, 3063
1.0528, 3062
1.0531, 3061
1.0534, 3060
1.0537, 3059
1.0540, 3058
1.0543, 3057
1.0546, 3056
1.0549, 3055
1.0553, 3054
1.0556, 3053
1.0559, 3052
1.0562, 3051
1.0565, 3050
1.0567, 3049
1.0570, 3048
1.0573, 3047
1.0576, 3046
1.0579, 3045
1.0582, 3044
1.0584, 3043
1.0587, 3042
1.0590, 3041
1.0593, 3040
1.0596, 3039
1.0599, 3038
1.0602, 3037
1.0605, 3036
1.0608, 3035
1.0611, 3034
1.0614, 3033
1.0616, 3032
1.0619, 3031
1.0622, 3030
1.0625, 3029
1.0628, 3028
1.0631, 3027
1.0633, 3026
1.0636, 3025
1.0639, 3024
1.0642, 3023
1.0645, 3022
1.0648, 3021
1.0651, 3020
1.0654, 3019
1.0657, 3018
1.0659, 3017
1.0662, 3016
1.0665, 3015
1.0668, 3014
1.0671, 3013
1.0673, 3012
1.0676, 3011
1.0679, 3010
1.0682, 3009
1.0685, 3008
1.0688, 3007
1.0690, 3006
1.0693, 3005
1.0696, 3004
1.0699, 3003
1.0702, 3002
1.0705, 3001
1.0707, 3000
1.0710, 2999
1.0713, 2998
1.0716, 2997
1.0719, 2996
1.0721, 2995
1.0724, 2994
1.0727, 2993
1.0730, 2992
1.0733, 2991
1.0736, 2990
1.0738, 2989
1.0742, 2988
1.0744, 2987
1.0747, 2986
1.0750, 2985
1.0753, 2984
1.0756, 2983
1.0758, 2982
1.0761, 2981
1.0764, 2980
1.0768, 2979
1.0771, 2978
1.0774, 2977
1.0777, 2976
1.0780, 2975
1.0783, 2974
1.0786, 2973
1.0789, 2972
1.0792, 2971
1.0794, 2970
1.0797, 2969
1.0800, 2968
1.0803, 2967
1.0805, 2966
1.0808, 2965
1.0812, 2964
1.0815, 2963
1.0818, 2962
1.0821, 2961
1.0824, 2960
1.0827, 2959
1.0830, 2958
1.0833, 2957
1.0836, 2956
1.0838, 2955
1.0841, 2954
1.0845, 2953
1.0848, 2952
1.0850, 2951
1.0853, 2950
1.0856, 2949
1.0859, 2948
1.0862, 2947
1.0864, 2946
1.0868, 2945
1.0870, 2944
1.0874, 2943
1.0877, 2942
1.0880, 2941
1.0882, 2940
1.0885, 2939
1.0888, 2938
1.0891, 2937
1.0894, 2936
1.0898, 2935
1.0901, 2934
1.0904, 2933
1.0907, 2932
1.0910, 2931
1.0913, 2930
1.0916, 2929
1.0919, 2928
1.0922, 2927
1.0925, 2926
1.0928, 2925
1.0932, 2924
1.0935, 2923
1.0938, 2922
1.0941, 2921
1.0944, 2920
1.0947, 2919
1.0950, 2918
1.0953, 2917
1.0956, 2916
1.0960, 2915
1.0962, 2914
1.0965, 2913
1.0969, 2912
1.0971, 2911
1.0974, 2910
1.0977, 2909
1.0980, 2908
1.0983, 2907
1.0986, 2906
1.0989, 2905
1.0992, 2904
1.0995, 2903
1.0997, 2902
1.1000, 2901
1.1004, 2900
1.1006, 2899
1.1009, 2898
1.1013, 2897
1.1016, 2896
1.1018, 2895
1.1021, 2894
1.1024, 2893
1.1027, 2892
1.1031, 2891
1.1034, 2890
1.1037, 2889
1.1039, 2888
1.1042, 2887
1.1045, 2886
1.1048, 2885
1.1051, 2884
1.1054, 2883
1.1057, 2882
1.1060, 2881
1.1062, 2880
1.1066, 2879
1.1069, 2878
1.1072, 2877
1.1075, 2876
1.1077, 2875
1.1080, 2874
1.1083, 2873
1.1086, 2872
1.1089, 2871
1.1092, 2870
1.1094, 2869
1.1097, 2868
1.1100, 2867
1.1103, 2866
1.1106, 2865
1.1109, 2864
1.1112, 2863
1.1115, 2862
1.1117, 2861
1.1120, 2860
1.1123, 2859
1.1126, 2858
1.1129, 2857
1.1131, 2856
1.1134, 2855
1.1137, 2854
1.1140, 2853
1.1142, 2852
1.1145, 2851
1.1148, 2850
1.1151, 2849
1.1154, 2848
1.1157, 2847
1.1159, 2846
1.1162, 2845
1.1165, 2844
1.1167, 2843
1.1170, 2842
1.1173, 2841
1.1176, 2840
1.1179, 2839
1.1182, 2838
1.1184, 2837
1.1187, 2836
1.1190, 2835
1.1193, 2834
1.1196, 2833
1.1198, 2832
1.1201, 2831
1.1204, 2830
1.1207, 2829
1.1210, 2828
1.1212, 2827
1.1216, 2826
1.1218, 2825
1.1221, 2824
1.1224, 2823
1.1227, 2822
1.1229, 2821
1.1232, 2820
1.1235, 2819
1.1238, 2818
1.1240, 2817
1.1243, 2816
1.1246, 2815
1.1249, 2814
1.1251, 2813
1.1254, 2812
1.1257, 2811
1.1260, 2810
1.1263, 2809
1.1266, 2808
1.1269, 2807
1.1272, 2806
1.1274, 2805
1.1277, 2804
1.1280, 2803
1.1283, 2802
1.1286, 2801
1.1289, 2800
1.1292, 2799
1.1295, 2798
1.1298, 2797
1.1301, 2796
1.1304, 2795
1.1307, 2794
1.1310, 2793
1.1313, 2792
1.1316, 2791
1.1318, 2790
1.1321, 2789
1.1324, 2788
1.1327, 2787
1.1330, 2786
1.1333, 2785
1.1336, 2784
1.1338, 2783
1.1341, 2782
1.1344, 2781
1.1347, 2780
1.1349, 2779
1.1352, 2778
1.1355, 2777
1.1357, 2776
1.1361, 2775
1.1363, 2774
1.1366, 2773
1.1369, 2772
1.1371, 2771
1.1374, 2770
1.1377, 2769
1.1379, 2768
1.1382, 2767
1.1385, 2766
1.1387, 2765
1.1390, 2764
1.1393, 2763
1.1396, 2762
1.1399, 2761
1.1401, 2760
1.1404, 2759
1.1407, 2758
1.1410, 2757
1.1413, 2756
1.1416, 2755
1.1419, 2754
1.1421, 2753
1.1424, 2752
1.1427, 2751
1.1430, 2750
1.1433, 2749
1.1435, 2748
1.1438, 2747
1.1441, 2746
1.1445, 2745
1.1448, 2744
1.1451, 2743
1.1454, 2742
1.1457, 2741
1.1460, 2740
1.1462, 2739
1.1466, 2738
1.1469, 2737
1.1471, 2736
1.1474, 2735
1.1477, 2734
1.1480, 2733
1.1483, 2732
1.1486, 2731
1.1489, 2730
1.1491, 2729
1.1494, 2728
1.1497, 2727
1.1500, 2726
1.1503, 2725
1.1505, 2724
1.1508, 2723
1.1511, 2722
1.1514, 2721
1.1517, 2720
1.1520, 2719
1.1523, 2718
1.1526, 2717
1.1528, 2716
1.1531, 2715
1.1534, 2714
1.1536, 2713
1.1539, 2712
1.1542, 2711
1.1545, 2710
1.1548, 2709
1.1550, 2708
1.1553, 2707
1.1556, 2706
1.1559, 2705
1.1561, 2704
1.1564, 2703
1.1567, 2702
1.1569, 2701
1.1572, 2700
1.1575, 2699
1.1578, 2698
1.1581, 2697
1.1583, 2696
1.1586, 2695
1.1589, 2694
1.1592, 2693
1.1595, 2692
1.1597, 2691
1.1601, 2690
1.1604, 2689
1.1607, 2688
1.1609, 2687
1.1612, 2686
1.1615, 2685
1.1618, 2684
1.1620, 2683
1.1623, 2682
1.1625, 2681
1.1629, 2680
1.1632, 2679
1.1635, 2678
1.1638, 2677
1.1640, 2676
1.1644, 2675
1.1646, 2674
1.1649, 2673
1.1651, 2672
1.1654, 2671
1.1657, 2670
1.1660, 2669
1.1662, 2668
1.1665, 2667
1.1668, 2666
1.1670, 2665
1.1673, 2664
1.1676, 2663
1.1679, 2662
1.1681, 2661
1.1684, 2660
1.1687, 2659
1.1689, 2658
1.1692, 2657
1.1694, 2656
1.1697, 2655
1.1700, 2654
1.1702, 2653
1.1705, 2652
1.1707, 2651
1.1710, 2650
1.1712, 2649
1.1715, 2648
1.1718, 2647
1.1720, 2646
1.1723, 2645
1.1725, 2644
1.1728, 2643
1.1731, 2642
1.1733, 2641
1.1736, 2640
1.1738, 2639
1.1741, 2638
1.1744, 2637
1.1746, 2636
1.1749, 2635
1.1751, 2634
1.1754, 2633
1.1757, 2632
1.1759, 2631
1.1762, 2630
1.1765, 2629
1.1768, 2628
1.1770, 2627
1.1773, 2626
1.1775, 2625
1.1778, 2624
1.1780, 2623
1.1783, 2622
1.1786, 2621
1.1789, 2620
1.1791, 2619
1.1794, 2618
1.1797, 2617
1.1800, 2616
1.1802, 2615
1.1805, 2614
1.1808, 2613
1.1810, 2612
1.1813, 2611
1.1815, 2610
1.1818, 2609
1.1821, 2608
1.1823, 2607
1.1826, 2606
1.1828, 2605
1.1831, 2604
1.1834, 2603
1.1836, 2602
1.1839, 2601
1.1842, 2600
1.1845, 2599
1.1847, 2598
1.1850, 2597
1.1853, 2596
1.1855, 2595
1.1858, 2594
1.1861, 2593
1.1863, 2592
1.1866, 2591
1.1869, 2590
1.1872, 2589
1.1874, 2588
1.1877, 2587
1.1879, 2586
1.1882, 2585
1.1884, 2584
1.1887, 2583
1.1890, 2582
1.1892, 2581
1.1895, 2580
1.1898, 2579
1.1901, 2578
1.1903, 2577
1.1906, 2576
1.1909, 2575
1.1912, 2574
1.1914, 2573
1.1917, 2572
1.1919, 2571
1.1922, 2570
1.1925, 2569
1.1928, 2568
1.2015, 2567
1.2017, 2566
1.2060, 2565
1.2189, 2564
1.2191, 2563
1.2298, 2562
1.2300, 2561
1.2490, 2560
1.2639, 2559
1.2872, 2558
1.2957, 2557
1.2960, 2556
1.3046, 2555
1.3112, 2554
1.3198, 2553
1.3201, 2552
1.3287, 2551
1.3414, 2550
1.3480, 2549
1.3608, 2548
1.3611, 2547
1.3657, 2546
1.3680, 2545
1.3682, 2544
1.3685, 2543
1.3771, 2542
1.3773, 2541
1.3776, 2540
1.3966, 2539
1.4052, 2538
1.4139, 2537
1.4142, 2536
1.4207, 2535
1.4314, 2534
1.4317, 2533
1.4320, 2532
1.4427, 2531
1.4535, 2530
1.4642, 2529
1.4644, 2528
1.4667, 2527
1.4670, 2526
1.4758, 2525
1.4760, 2524
1.4827, 2523
1.4829, 2522
1.4875, 2521
1.4877, 2520
1.4965, 2519
1.4989, 2518
1.5013, 2517
1.5038, 2516
1.5062, 2515
1.5129, 2514
1.5131, 2513
1.5176, 2512
1.5220, 2511
1.5222, 2510
1.5267, 2509
1.5311, 2508
1.6004, 2507
1.6154, 2506
1.6157, 2505
1.6286, 2504
1.6541, 2503
1.6924, 2502
1.6926, 2501
1.6971, 2500
1.7036, 2499
1.7122, 2498
1.7334, 2497
1.7569, 2496
1.7678, 2495
1.7702, 2494
1.7726, 2493
1.7728, 2492
1.7773, 2491
1.7859, 2490
1.7946, 2489
1.7948, 2488
1.8013, 2487
1.8057, 2486
1.8060, 2485
1.8062, 2484
1.8064, 2483
1.8088, 2482
1.8175, 2481
1.8177, 2480
1.8179, 2479
1.8329, 2478
1.8332, 2477
1.8334, 2476
1.8525, 2475
1.8570, 2474
1.8698, 2473
1.8701, 2472
1.8766, 2471
1.8835, 2470
1.8880, 2469
1.8883, 2468
1.8885, 2467
1.8887, 2466
1.9092, 2465
1.9250, 2464
1.9252, 2463
1.9255, 2462
1.9279, 2461
1.9281, 2460
1.9432, 2459
1.9586, 2458
1.9682, 2457
1.9904, 2456
1.9906, 2455
2.0041, 2454
2.0043, 2453
2.0046, 2452
2.0115, 2451
2.0165, 2450
2.0168, 2449
2.0762, 2448
2.1107, 2447
2.1292, 2446
2.1317, 2445
2.1489, 2444
2.1852, 2443
2.2245, 2442
2.2473, 2441
2.2519, 2440
2.2796, 2439
2.2943, 2438
2.3229, 2437
2.3333, 2436
2.3335, 2435
2.3569, 2434
2.3633, 2433
2.3697, 2432
2.3805, 2431
2.4078, 2430
2.4143, 2429
2.4309, 2428
2.4393, 2427
2.4395, 2426
2.4731, 2425
2.4817, 2424
2.5047, 2423
2.5214, 2422
2.5257, 2421
2.5260, 2420
2.5447, 2419
2.5449, 2418
2.5534, 2417
2.5701, 2416
2.5910, 2415
2.5912, 2414
2.6120, 2413
2.6225, 2412
2.6227, 2411
2.6397, 2410
2.6485, 2409
2.6488, 2408
2.6629, 2407
2.6632, 2406
2.6678, 2405
2.6680, 2404
2.6683, 2403
2.6768, 2402
2.6771, 2401
2.6835, 2400
2.6837, 2399
2.6840, 2398
2.6904, 2397
2.7070, 2396
2.7093, 2395
2.7158, 2394
2.7243, 2393
2.7287, 2392
2.7290, 2391
2.7292, 2390
2.7418, 2389
2.7482, 2388
2.7485, 2387
2.7487, 2386
2.7489, 2385
2.7574, 2384
2.7782, 2383
2.7825, 2382
2.7827, 2381
2.7829, 2380
2.7832, 2379
2.7834, 2378
2.7836, 2377
2.7899, 2376
2.7902, 2375
2.7986, 2374
2.7988, 2373
2.7991, 2372
2.8034, 2371
2.8036, 2370
2.8080, 2369
2.8124, 2368
2.8147, 2367
2.8190, 2366
2.8192, 2365
2.8194, 2364
2.8341, 2363
2.8343, 2362
2.8448, 2361
2.8491, 2360
2.8493, 2359
2.8495, 2358
2.8581, 2357
2.8583, 2356
2.8585, 2355
2.8588, 2354
2.8590, 2353
2.8592, 2352
2.8800, 2351
2.8802, 2350
2.8845, 2349
2.8848, 2348
2.8934, 2347
2.8959, 2346
2.8961, 2345
2.8963, 2344
2.8965, 2343
2.9011, 2342
2.9168, 2341
2.9237, 2340
2.9337, 2339
2.9404, 2338
2.9427, 2337
2.9577, 2336
2.9579, 2335
2.9643, 2334
2.9707, 2333
2.9709, 2332
2.9711, 2331
2.9754, 2330
2.9951, 2329
2.9974, 2328
2.9976, 2327
3.0145, 2326
3.0190, 2325
3.0192, 2324
3.0236, 2323
3.0442, 2322
3.0609, 2321
3.0611, 2320
3.0613, 2319
3.0737, 2318
3.0739, 2317
3.0825, 2316
3.0827, 2315
3.2172, 2314
3.2195, 2313
3.2217, 2312
3.2261, 2311
3.2263, 2310
3.2286, 2309
3.2328, 2308
3.2331, 2307
3.2373, 2306
3.2560, 2305
3.2624, 2304
3.2666, 2303
3.2669, 2302
3.2711, 2301
3.2713, 2300
3.2858, 2299
3.2860, 2298
3.2964, 2297
3.2966, 2296
3.2989, 2295
3.3092, 2294
3.3135, 2293
3.3137, 2292
3.3180, 2291
3.3223, 2290
3.3226, 2289
3.3248, 2288
3.3331, 2287
3.3373, 2286
3.3497, 2285
3.3560, 2284
3.3663, 2283
3.3665, 2282
3.3708, 2281
3.3770, 2280
3.3793, 2279
3.3795, 2278
3.3939, 2277
3.4083, 2276
3.4126, 2275
3.4391, 2274
3.4434, 2273
3.4538, 2272
3.4846, 2271
3.4889, 2270
3.4891, 2269
3.4893, 2268
3.4895, 2267
3.4958, 2266
3.4960, 2265
3.5004, 2264
3.5072, 2263
3.5074, 2262
3.5077, 2261
3.5144, 2260
3.5146, 2259
3.5284, 2258
3.5373, 2257
3.5438, 2256
3.5524, 2255
3.5609, 2254
3.5775, 2253
3.5839, 2252
3.5882, 2251
3.5884, 2250
3.5947, 2249
3.5949, 2248
3.6198, 2247
3.6323, 2246
3.6345, 2245
3.6408, 2244
3.6471, 2243
3.6473, 2242
3.6617, 2241
3.6700, 2240
3.6743, 2239
3.6846, 2238
3.7029, 2237
3.7113, 2236
3.7196, 2235
3.7280, 2234
3.7282, 2233
3.7345, 2232
3.7488, 2231
3.7531, 2230
3.7694, 2229
3.7696, 2228
3.7740, 2227
3.7949, 2226
3.8075, 2225
3.8365, 2224
4.0178, 2223
4.0242, 2222
4.0451, 2221
4.0453, 2220
4.0538, 2219
4.0997, 2218
4.2186, 2217
4.2393, 2216
4.4712, 2215
4.4714, 2214
4.6022, 2213
4.8104, 2212
