0.0364, 2281
0.1142, 2280
0.1240, 2279
0.2863, 2278
0.2894, 2277
0.3048, 2274
0.3110, 2273
0.3141, 2272
0.3568, 2271
0.4715, 2269
0.4967, 2268
0.4999, 2266
0.5152, 2265
0.5245, 2264
0.5433, 2263
0.5465, 2262
0.5556, 2261
0.5747, 2259
0.6031, 2257
0.6247, 2256
0.6974, 2255
0.7006, 2254
0.7812, 2253
0.7905, 2252
0.8061, 2251
0.8093, 2250
0.8430, 2249
0.8870, 2248
1.0128, 2247
1.0403, 2246
1.1668, 2245
1.2158, 2244
1.2528, 2243
1.3019, 2242
1.3179, 2241
1.3973, 2240
1.4095, 2238
1.4977, 2237
1.5409, 2236
1.6699, 2235
1.7463, 2234
1.8333, 2233
1.8365, 2231
1.8553, 2230
1.8834, 2228
1.8866, 2227
1.9612, 2226
2.1185, 2225
2.2641, 2224
2.2795, 2223
2.7274, 2222
3.1051, 2221
