0.0269, 2281
0.1069, 2280
0.1490, 2279
0.1649, 2278
0.1683, 2276
0.1841, 2275
0.2189, 2273
0.2766, 2272
0.3437, 2271
0.4207, 2270
0.5251, 2269
0.6061, 2268
0.6286, 2266
0.6350, 2265
0.6902, 2264
0.6967, 2263
0.7167, 2262
0.7764, 2261
0.7955, 2260
0.8579, 2257
0.9476, 2256
0.9880, 2255
1.1624, 2252
1.3748, 2251
1.3937, 2250
1.3973, 2249
1.4379, 2248
1.4442, 2247
1.5139, 2246
1.5201, 2245
1.5324, 2244
1.7018, 2243
1.7387, 2242
1.8035, 2241
1.8066, 2240
1.9609, 2239
2.0315, 2238
2.0469, 2237
2.0681, 2236
2.2104, 2235
2.3033, 2234
2.3156, 2233
2.6278, 2232
2.8226, 2231
2.8480, 2230
2.8841, 2228
3.3697, 2227
