0.6465, 3931
0.6469, 3930
0.6472, 3929
0.6476, 3928
0.6479, 3927
0.6482, 3926
0.6485, 3925
0.6489, 3924
0.6492, 3923
0.6495, 3922
0.6499, 3921
0.6502, 3920
0.6505, 3919
0.6509, 3918
0.6512, 3917
0.6515, 3916
0.6518, 3915
0.6522, 3914
0.6525, 3913
0.6528, 3912
0.6532, 3911
0.6535, 3910
0.6538, 3909
0.6541, 3908
0.6545, 3907
0.6548, 3906
0.6551, 3905
0.6554, 3904
0.6558, 3903
0.6561, 3902
0.6564, 3901
0.6568, 3900
0.6571, 3899
0.6574, 3898
0.6577, 3897
0.6581, 3896
0.6584, 3895
0.6587, 3894
0.6590, 3893
0.6593, 3892
0.6597, 3891
0.6600, 3890
0.6603, 3889
0.6607, 3888
0.6610, 3887
0.6613, 3886
0.6617, 3885
0.6620, 3884
0.6623, 3883
0.6626, 3882
0.6630, 3881
0.6633, 3880
0.6636, 3879
0.6640, 3878
0.6643, 3877
0.6646, 3876
0.6649, 3875
0.6653, 3874
0.6656, 3873
0.6659, 3872
0.6663, 3871
0.6666, 3870
0.6669, 3869
0.6672, 3868
0.6675, 3867
0.6679, 3866
0.6682, 3865
0.6685, 3864
0.6688, 3863
0.6692, 3862
0.6695, 3861
0.6698, 3860
0.6701, 3859
0.6705, 3858
0.6708, 3857
0.6711, 3856
0.6714, 3855
0.6717, 3854
0.6721, 3853
0.6724, 3852
0.6727, 3851
0.6730, 3850
0.6733, 3849
0.6737, 3848
0.6740, 3847
0.6743, 3846
0.6746, 3845
0.6749, 3844
0.6753, 3843
0.6756, 3842
0.6759, 3841
0.6763, 3840
0.6766, 3839
0.6769, 3838
0.6773, 3837
0.6776, 3836
0.6779, 3835
0.6782, 3834
0.6786, 3833
0.6789, 3832
0.6792, 3831
0.6795, 3830
0.6799, 3829
0.6802, 3828
0.6806, 3827
0.6809, 3826
0.6812, 3825
0.6816, 3824
0.6819, 3823
0.6822, 3822
0.6826, 3821
0.6829, 3820
0.6833, 3819
0.6836, 3818
0.6839, 3817
0.6843, 3816
0.6846, 3815
0.6849, 3814
0.6853, 3813
0.6856, 3812
0.6859, 3811
0.6863, 3810
0.6866, 3809
0.6870, 3808
0.6873, 3807
0.6876, 3806
0.6880, 3805
0.6883, 3804
0.6886, 3803
0.6889, 3802
0.6893, 3801
0.6896, 3800
0.6899, 3799
0.6903, 3798
0.6906, 3797
0.6909, 3796
0.6912, 3795
0.6916, 3794
0.6919, 3793
0.6923, 3792
0.6926, 3791
0.6929, 3790
0.6933, 3789
0.6936, 3788
0.6939, 3787
0.6943, 3786
0.6946, 3785
0.6949, 3784
0.6952, 3783
0.6956, 3782
0.6959, 3781
0.6962, 3780
0.6965, 3779
0.6969, 3778
0.6972, 3777
0.6975, 3776
0.6979, 3775
0.6982, 3774
0.6986, 3773
0.6989, 3772
0.6992, 3771
0.6995, 3770
0.6998, 3769
0.7002, 3768
0.7005, 3767
0.7008, 3766
0.7011, 3765
0.7015, 3764
0.7018, 3763
0.7021, 3762
0.7024, 3761
0.7028, 3760
0.7031, 3759
0.7034, 3758
0.7038, 3757
0.7041, 3756
0.7044, 3755
0.7047, 3754
0.7051, 3753
0.7054, 3752
0.7057, 3751
0.7061, 3750
0.7064, 3749
0.7067, 3748
0.7070, 3747
0.7074, 3746
0.7077, 3745
0.7080, 3744
0.7084, 3743
0.7087, 3742
0.7090, 3741
0.7093, 3740
0.7097, 3739
0.7100, 3738
0.7103, 3737
0.7106, 3736
0.7110, 3735
0.7113, 3734
0.7116, 3733
0.7119, 3732
0.7123, 3731
0.7126, 3730
0.7129, 3729
0.7132, 3728
0.7135, 3727
0.7139, 3726
0.7142, 3725
0.7145, 3724
0.7148, 3723
0.7151, 3722
0.7154, 3721
0.7158, 3720
0.7161, 3719
0.7164, 3718
0.7168, 3717
0.7171, 3716
0.7174, 3715
0.7177, 3714
0.7180, 3713
0.7183, 3712
0.7187, 3711
0.7190, 3710
0.7193, 3709
0.7196, 3708
0.7200, 3707
0.7203, 3706
0.7206, 3705
0.7209, 3704
0.7213, 3703
0.7216, 3702
0.7219, 3701
0.7222, 3700
0.7225, 3699
0.7229, 3698
0.7232, 3697
0.7235, 3696
0.7238, 3695
0.7241, 3694
0.7245, 3693
0.7248, 3692
0.7251, 3691
0.7254, 3690
0.7257, 3689
0.7261, 3688
0.7264, 3687
0.7267, 3686
0.7270, 3685
0.7273, 3684
0.7277, 3683
0.7280, 3682
0.7283, 3681
0.7286, 3680
0.7289, 3679
0.7293, 3678
0.7296, 3677
0.7299, 3676
0.7302, 3675
0.7305, 3674
0.7309, 3673
0.7312, 3672
0.7315, 3671
0.7318, 3670
0.7321, 3669
0.7325, 3668
0.7328, 3667
0.7331, 3666
0.7334, 3665
0.7338, 3664
0.7341, 3663
0.7344, 3662
0.7347, 3661
0.7351, 3660
0.7354, 3659
0.7357, 3658
0.7360, 3657
0.7363, 3656
0.7367, 3655
0.7370, 3654
0.7373, 3653
0.7377, 3652
0.7380, 3651
0.7383, 3650
0.7386, 3649
0.7389, 3648
0.7392, 3647
0.7396, 3646
0.7399, 3645
0.7402, 3644
0.7405, 3643
0.7408, 3642
0.7411, 3641
0.7415, 3640
0.7418, 3639
0.7421, 3638
0.7425, 3637
0.7428, 3636
0.7431, 3635
0.7434, 3634
0.7437, 3633
0.7440, 3632
0.7444, 3631
0.7447, 3630
0.7450, 3629
0.7453, 3628
0.7456, 3627
0.7459, 3626
0.7462, 3625
0.7466, 3624
0.7469, 3623
0.7472, 3622
0.7475, 3621
0.7478, 3620
0.7481, 3619
0.7484, 3618
0.7488, 3617
0.7491, 3616
0.7494, 3615
0.7497, 3614
0.7501, 3613
0.7504, 3612
0.7507, 3611
0.7510, 3610
0.7513, 3609
0.7516, 3608
0.7519, 3607
0.7523, 3606
0.7526, 3605
0.7529, 3604
0.7532, 3603
0.7536, 3602
0.7539, 3601
0.7542, 3600
0.7545, 3599
0.7549, 3598
0.7552, 3597
0.7555, 3596
0.7558, 3595
0.7561, 3594
0.7565, 3593
0.7568, 3592
0.7571, 3591
0.7575, 3590
0.7578, 3589
0.7581, 3588
0.7585, 3587
0.7588, 3586
0.7591, 3585
0.7594, 3584
0.7597, 3583
0.7601, 3582
0.7604, 3581
0.7607, 3580
0.7610, 3579
0.7614, 3578
0.7617, 3577
0.7620, 3576
0.7623, 3575
0.7626, 3574
0.7629, 3573
0.7632, 3572
0.7635, 3571
0.7639, 3570
0.7642, 3569
0.7645, 3568
0.7648, 3567
0.7651, 3566
0.7654, 3565
0.7658, 3564
0.7661, 3563
0.7664, 3562
0.7667, 3561
0.7670, 3560
0.7673, 3559
0.7676, 3558
0.7679, 3557
0.7682, 3556
0.7685, 3555
0.7689, 3554
0.7692, 3553
0.7695, 3552
0.7698, 3551
0.7701, 3550
0.7704, 3549
0.7707, 3548
0.7711, 3547
0.7714, 3546
0.7717, 3545
0.7720, 3544
0.7724, 3543
0.7727, 3542
0.7730, 3541
0.7733, 3540
0.7736, 3539
0.7739, 3538
0.7743, 3537
0.7746, 3536
0.7749, 3535
0.7752, 3534
0.7755, 3533
0.7758, 3532
0.7761, 3531
0.7764, 3530
0.7767, 3529
0.7771, 3528
0.7774, 3527
0.7777, 3526
0.7780, 3525
0.7783, 3524
0.7786, 3523
0.7789, 3522
0.7792, 3521
0.7795, 3520
0.7799, 3519
0.7802, 3518
0.7805, 3517
0.7808, 3516
0.7811, 3515
0.7814, 3514
0.7818, 3513
0.7821, 3512
0.7824, 3511
0.7827, 3510
0.7830, 3509
0.7833, 3508
0.7836, 3507
0.7840, 3506
0.7843, 3505
0.7846, 3504
0.7849, 3503
0.7852, 3502
0.7856, 3501
0.7859, 3500
0.7862, 3499
0.7865, 3498
0.7868, 3497
0.7872, 3496
0.7875, 3495
0.7878, 3494
0.7881, 3493
0.7884, 3492
0.7887, 3491
0.7890, 3490
0.7893, 3489
0.7896, 3488
0.7899, 3487
0.7902, 3486
0.7905, 3485
0.7909, 3484
0.7912, 3483
0.7915, 3482
0.7918, 3481
0.7921, 3480
0.7924, 3479
0.7927, 3478
0.7930, 3477
0.7933, 3476
0.7936, 3475
0.7939, 3474
0.7942, 3473
0.7945, 3472
0.7948, 3471
0.7951, 3470
0.7954, 3469
0.7957, 3468
0.7960, 3467
0.7963, 3466
0.7967, 3465
0.7970, 3464
0.7973, 3463
0.7976, 3462
0.7979, 3461
0.7982, 3460
0.7985, 3459
0.7988, 3458
0.7991, 3457
0.7994, 3456
0.7997, 3455
0.8000, 3454
0.8004, 3453
0.8007, 3452
0.8010, 3451
0.8013, 3450
0.8016, 3449
0.8019, 3448
0.8023, 3447
0.8026, 3446
0.8029, 3445
0.8032, 3444
0.8035, 3443
0.8038, 3442
0.8041, 3441
0.8044, 3440
0.8047, 3439
0.8051, 3438
0.8054, 3437
0.8057, 3436
0.8060, 3435
0.8063, 3434
0.8066, 3433
0.8069, 3432
0.8072, 3431
0.8075, 3430
0.8078, 3429
0.8081, 3428
0.8084, 3427
0.8087, 3426
0.8090, 3425
0.8093, 3424
0.8096, 3423
0.8099, 3422
0.8102, 3421
0.8105, 3420
0.8108, 3419
0.8111, 3418
0.8114, 3417
0.8117, 3416
0.8120, 3415
0.8123, 3414
0.8126, 3413
0.8129, 3412
0.8132, 3411
0.8135, 3410
0.8138, 3409
0.8141, 3408
0.8144, 3407
0.8147, 3406
0.8150, 3405
0.8153, 3404
0.8156, 3403
0.8159, 3402
0.8162, 3401
0.8165, 3400
0.8168, 3399
0.8171, 3398
0.8174, 3397
0.8177, 3396
0.8181, 3395
0.8184, 3394
0.8187, 3393
0.8190, 3392
0.8193, 3391
0.8196, 3390
0.8199, 3389
0.8203, 3388
0.8206, 3387
0.8209, 3386
0.8212, 3385
0.8215, 3384
0.8218, 3383
0.8221, 3382
0.8225, 3381
0.8228, 3380
0.8231, 3379
0.8234, 3378
0.8237, 3377
0.8240, 3376
0.8243, 3375
0.8246, 3374
0.8249, 3373
0.8253, 3372
0.8256, 3371
0.8259, 3370
0.8262, 3369
0.8265, 3368
0.8268, 3367
0.8271, 3366
0.8274, 3365
0.8277, 3364
0.8280, 3363
0.8283, 3362
0.8286, 3361
0.8289, 3360
0.8292, 3359
0.8295, 3358
0.8298, 3357
0.8301, 3356
0.8304, 3355
0.8307, 3354
0.8310, 3353
0.8313, 3352
0.8316, 3351
0.8319, 3350
0.8322, 3349
0.8325, 3348
0.8328, 3347
0.8331, 3346
0.8335, 3345
0.8338, 3344
0.8341, 3343
0.8344, 3342
0.8347, 3341
0.8350, 3340
0.8353, 3339
0.8356, 3338
0.8359, 3337
0.8362, 3336
0.8365, 3335
0.8368, 3334
0.8371, 3333
0.8374, 3332
0.8378, 3331
0.8381, 3330
0.8384, 3329
0.8386, 3328
0.8390, 3327
0.8393, 3326
0.8395, 3325
0.8398, 3324
0.8402, 3323
0.8405, 3322
0.8408, 3321
0.8411, 3320
0.8413, 3319
0.8416, 3318
0.8419, 3317
0.8422, 3316
0.8425, 3315
0.8428, 3314
0.8431, 3313
0.8435, 3312
0.8438, 3311
0.8442, 3310
0.8445, 3309
0.8448, 3308
0.8451, 3307
0.8454, 3306
0.8457, 3305
0.8460, 3304
0.8463, 3303
0.8466, 3302
0.8470, 3301
0.8474, 3300
0.8477, 3299
0.8481, 3298
0.8484, 3297
0.8487, 3296
0.8490, 3295
0.8493, 3294
0.8496, 3293
0.8499, 3292
0.8502, 3291
0.8505, 3290
0.8509, 3289
0.8512, 3288
0.8516, 3287
0.8519, 3286
0.8522, 3285
0.8525, 3284
0.8528, 3283
0.8531, 3282
0.8534, 3281
0.8537, 3280
0.8540, 3279
0.8543, 3278
0.8546, 3277
0.8550, 3276
0.8553, 3275
0.8556, 3274
0.8560, 3273
0.8563, 3272
0.8566, 3271
0.8569, 3270
0.8572, 3269
0.8575, 3268
0.8579, 3267
0.8582, 3266
0.8585, 3265
0.8588, 3264
0.8591, 3263
0.8594, 3262
0.8598, 3261
0.8600, 3260
0.8604, 3259
0.8607, 3258
0.8610, 3257
0.8613, 3256
0.8616, 3255
0.8619, 3254
0.8622, 3253
0.8625, 3252
0.8628, 3251
0.8631, 3250
0.8634, 3249
0.8637, 3248
0.8640, 3247
0.8644, 3246
0.8647, 3245
0.8650, 3244
0.8653, 3243
0.8656, 3242
0.8659, 3241
0.8662, 3240
0.8665, 3239
0.8668, 3238
0.8671, 3237
0.8674, 3236
0.8677, 3235
0.8681, 3234
0.8684, 3233
0.8687, 3232
0.8690, 3231
0.8693, 3230
0.8696, 3229
0.8699, 3228
0.8702, 3227
0.8705, 3226
0.8709, 3225
0.8712, 3224
0.8715, 3223
0.8718, 3222
0.8721, 3221
0.8725, 3220
0.8728, 3219
0.8731, 3218
0.8734, 3217
0.8737, 3216
0.8740, 3215
0.8743, 3214
0.8746, 3213
0.8749, 3212
0.8752, 3211
0.8755, 3210
0.8757, 3209
0.8760, 3208
0.8763, 3207
0.8766, 3206
0.8769, 3205
0.8772, 3204
0.8775, 3203
0.8779, 3202
0.8782, 3201
0.8785, 3200
0.8789, 3199
0.8792, 3198
0.8795, 3197
0.8798, 3196
0.8801, 3195
0.8804, 3194
0.8807, 3193
0.8811, 3192
0.8813, 3191
0.8816, 3190
0.8819, 3189
0.8822, 3188
0.8825, 3187
0.8829, 3186
0.8831, 3185
0.8835, 3184
0.8838, 3183
0.8840, 3182
0.8844, 3181
0.8847, 3180
0.8850, 3179
0.8853, 3178
0.8856, 3177
0.8859, 3176
0.8861, 3175
0.8864, 3174
0.8867, 3173
0.8870, 3172
0.8873, 3171
0.8876, 3170
0.8879, 3169
0.8883, 3168
0.8886, 3167
0.8889, 3166
0.8891, 3165
0.8894, 3164
0.8897, 3163
0.8900, 3162
0.8903, 3161
0.8906, 3160
0.8909, 3159
0.8912, 3158
0.8915, 3157
0.8918, 3156
0.8921, 3155
0.8924, 3154
0.8927, 3153
0.8930, 3152
0.8932, 3151
0.8935, 3150
0.8938, 3149
0.8941, 3148
0.8944, 3147
0.8947, 3146
0.8950, 3145
0.8953, 3144
0.8956, 3143
0.8959, 3142
0.8961, 3141
0.8964, 3140
0.8968, 3139
0.8971, 3138
0.8974, 3137
0.8977, 3136
0.8980, 3135
0.8983, 3134
0.8987, 3133
0.8990, 3132
0.8993, 3131
0.8996, 3130
0.8998, 3129
0.9002, 3128
0.9005, 3127
0.9007, 3126
0.9010, 3125
0.9013, 3124
0.9017, 3123
0.9020, 3122
0.9023, 3121
0.9026, 3120
0.9029, 3119
0.9031, 3118
0.9034, 3117
0.9037, 3116
0.9040, 3115
0.9043, 3114
0.9046, 3113
0.9049, 3112
0.9051, 3111
0.9054, 3110
0.9057, 3109
0.9060, 3108
0.9063, 3107
0.9065, 3106
0.9068, 3105
0.9071, 3104
0.9074, 3103
0.9076, 3102
0.9079, 3101
0.9082, 3100
0.9085, 3099
0.9088, 3098
0.9091, 3097
0.9093, 3096
0.9096, 3095
0.9099, 3094
0.9102, 3093
0.9105, 3092
0.9107, 3091
0.9110, 3090
0.9113, 3089
0.9116, 3088
0.9119, 3087
0.9122, 3086
0.9125, 3085
0.9127, 3084
0.9130, 3083
0.9133, 3082
0.9136, 3081
0.9139, 3080
0.9141, 3079
0.9144, 3078
0.9147, 3077
0.9150, 3076
0.9153, 3075
0.9156, 3074
0.9159, 3073
0.9162, 3072
0.9164, 3071
0.9168, 3070
0.9171, 3069
0.9174, 3068
0.9176, 3067
0.9179, 3066
0.9182, 3065
0.9185, 3064
0.9188, 3063
0.9191, 3062
0.9193, 3061
0.9196, 3060
0.9199, 3059
0.9202, 3058
0.9204, 3057
0.9207, 3056
0.9210, 3055
0.9213, 3054
0.9215, 3053
0.9218, 3052
0.9221, 3051
0.9224, 3050
0.9226, 3049
0.9229, 3048
0.9232, 3047
0.9235, 3046
0.9238, 3045
0.9241, 3044
0.9244, 3043
0.9247, 3042
0.9250, 3041
0.9253, 3040
0.9256, 3039
0.9259, 3038
0.9261, 3037
0.9264, 3036
0.9267, 3035
0.9270, 3034
0.9273, 3033
0.9276, 3032
0.9279, 3031
0.9281, 3030
0.9284, 3029
0.9287, 3028
0.9290, 3027
0.9292, 3026
0.9295, 3025
0.9298, 3024
0.9301, 3023
0.9304, 3022
0.9307, 3021
0.9310, 3020
0.9313, 3019
0.9316, 3018
0.9318, 3017
0.9321, 3016
0.9324, 3015
0.9327, 3014
0.9330, 3013
0.9333, 3012
0.9335, 3011
0.9338, 3010
0.9341, 3009
0.9344, 3008
0.9347, 3007
0.9350, 3006
0.9353, 3005
0.9356, 3004
0.9358, 3003
0.9361, 3002
0.9364, 3001
0.9367, 3000
0.9370, 2999
0.9372, 2998
0.9375, 2997
0.9378, 2996
0.9381, 2995
0.9384, 2994
0.9386, 2993
0.9389, 2992
0.9392, 2991
0.9395, 2990
0.9397, 2989
0.9400, 2988
0.9403, 2987
0.9405, 2986
0.9408, 2985
0.9411, 2984
0.9413, 2983
0.9416, 2982
0.9419, 2981
0.9422, 2980
0.9424, 2979
0.9427, 2978
0.9430, 2977
0.9432, 2976
0.9435, 2975
0.9438, 2974
0.9441, 2973
0.9444, 2972
0.9446, 2971
0.9449, 2970
0.9452, 2969
0.9455, 2968
0.9457, 2967
0.9460, 2966
0.9463, 2965
0.9466, 2964
0.9469, 2963
0.9472, 2962
0.9475, 2961
0.9478, 2960
0.9480, 2959
0.9483, 2958
0.9486, 2957
0.9488, 2956
0.9491, 2955
0.9494, 2954
0.9496, 2953
0.9499, 2952
0.9502, 2951
0.9505, 2950
0.9508, 2949
0.9511, 2948
0.9514, 2947
0.9517, 2946
0.9520, 2945
0.9523, 2944
0.9525, 2943
0.9528, 2942
0.9531, 2941
0.9534, 2940
0.9537, 2939
0.9539, 2938
0.9542, 2937
0.9545, 2936
0.9547, 2935
0.9550, 2934
0.9553, 2933
0.9556, 2932
0.9559, 2931
0.9562, 2930
0.9565, 2929
0.9568, 2928
0.9570, 2927
0.9573, 2926
0.9576, 2925
0.9579, 2924
0.9582, 2923
0.9585, 2922
0.9588, 2921
0.9592, 2920
0.9594, 2919
0.9597, 2918
0.9601, 2917
0.9604, 2916
0.9606, 2915
0.9609, 2914
0.9612, 2913
0.9615, 2912
0.9619, 2911
0.9622, 2910
0.9625, 2909
0.9628, 2908
0.9631, 2907
0.9634, 2906
0.9637, 2905
0.9640, 2904
0.9643, 2903
0.9646, 2902
0.9649, 2901
0.9652, 2900
0.9655, 2899
0.9658, 2898
0.9661, 2897
0.9664, 2896
0.9666, 2895
0.9669, 2894
0.9672, 2893
0.9675, 2892
0.9678, 2891
0.9681, 2890
0.9684, 2889
0.9687, 2888
0.9690, 2887
0.9693, 2886
0.9696, 2885
0.9699, 2884
0.9702, 2883
0.9705, 2882
0.9708, 2881
0.9710, 2880
0.9713, 2879
0.9717, 2878
0.9720, 2877
0.9722, 2876
0.9725, 2875
0.9728, 2874
0.9731, 2873
0.9733, 2872
0.9736, 2871
0.9739, 2870
0.9742, 2869
0.9744, 2868
0.9747, 2867
0.9750, 2866
0.9753, 2865
0.9756, 2864
0.9758, 2863
0.9761, 2862
0.9764, 2861
0.9767, 2860
0.9770, 2859
0.9772, 2858
0.9775, 2857
0.9778, 2856
0.9780, 2855
0.9783, 2854
0.9786, 2853
0.9788, 2852
0.9791, 2851
0.9794, 2850
0.9796, 2849
0.9799, 2848
0.9802, 2847
0.9804, 2846
0.9807, 2845
0.9810, 2844
0.9812, 2843
0.9815, 2842
0.9817, 2841
0.9820, 2840
0.9823, 2839
0.9826, 2838
0.9828, 2837
0.9831, 2836
0.9834, 2835
0.9837, 2834
0.9839, 2833
0.9842, 2832
0.9844, 2831
0.9847, 2830
0.9850, 2829
0.9852, 2828
0.9855, 2827
0.9858, 2826
0.9861, 2825
0.9863, 2824
0.9866, 2823
0.9869, 2822
0.9871, 2821
0.9874, 2820
0.9877, 2819
0.9880, 2818
0.9882, 2817
0.9885, 2816
0.9888, 2815
0.9890, 2814
0.9893, 2813
0.9896, 2812
0.9898, 2811
0.9901, 2810
0.9904, 2809
0.9906, 2808
0.9909, 2807
0.9911, 2806
0.9914, 2805
0.9917, 2804
0.9920, 2803
0.9922, 2802
0.9925, 2801
0.9928, 2800
0.9930, 2799
0.9933, 2798
0.9936, 2797
0.9938, 2796
0.9941, 2795
0.9944, 2794
0.9947, 2793
0.9949, 2792
0.9952, 2791
0.9955, 2790
0.9958, 2789
0.9961, 2788
0.9964, 2787
0.9966, 2786
0.9969, 2785
0.9972, 2784
0.9974, 2783
0.9977, 2782
0.9980, 2781
0.9983, 2780
0.9986, 2779
0.9988, 2778
0.9991, 2777
0.9994, 2776
0.9997, 2775
0.9999, 2774
1.0002, 2773
1.0005, 2772
1.0007, 2771
1.0010, 2770
1.0013, 2769
1.0015, 2768
1.0018, 2767
1.0021, 2766
1.0023, 2765
1.0026, 2764
1.0029, 2763
1.0032, 2762
1.0034, 2761
1.0037, 2760
1.0039, 2759
1.0042, 2758
1.0045, 2757
1.0048, 2756
1.0050, 2755
1.0053, 2754
1.0055, 2753
1.0058, 2752
1.0060, 2751
1.0063, 2750
1.0066, 2749
1.0068, 2748
1.0071, 2747
1.0074, 2746
1.0076, 2745
1.0079, 2744
1.0082, 2743
1.0085, 2742
1.0087, 2741
1.0090, 2740
1.0093, 2739
1.0096, 2738
1.0098, 2737
1.0101, 2736
1.0103, 2735
1.0106, 2734
1.0109, 2733
1.0113, 2732
1.0115, 2731
1.0118, 2730
1.0121, 2729
1.0123, 2728
1.0126, 2727
1.0129, 2726
1.0132, 2725
1.0135, 2724
1.0137, 2723
1.0140, 2722
1.0143, 2721
1.0146, 2720
1.0148, 2719
1.0151, 2718
1.0154, 2717
1.0156, 2716
1.0159, 2715
1.0162, 2714
1.0165, 2713
1.0167, 2712
1.0170, 2711
1.0172, 2710
1.0175, 2709
1.0178, 2708
1.0181, 2707
1.0183, 2706
1.0186, 2705
1.0189, 2704
1.0191, 2703
1.0194, 2702
1.0196, 2701
1.0199, 2700
1.0202, 2699
1.0205, 2698
1.0207, 2697
1.0210, 2696
1.0213, 2695
1.0216, 2694
1.0218, 2693
1.0221, 2692
1.0224, 2691
1.0226, 2690
1.0229, 2689
1.0231, 2688
1.0234, 2687
1.0237, 2686
1.0239, 2685
1.0242, 2684
1.0245, 2683
1.0247, 2682
1.0250, 2681
1.0253, 2680
1.0255, 2679
1.0258, 2678
1.0261, 2677
1.0264, 2676
1.0266, 2675
1.0269, 2674
1.0271, 2673
1.0274, 2672
1.0277, 2671
1.0280, 2670
1.0282, 2669
1.0285, 2668
1.0288, 2667
1.0291, 2666
1.0294, 2665
1.0296, 2664
1.0299, 2663
1.0302, 2662
1.0304, 2661
1.0307, 2660
1.0309, 2659
1.0312, 2658
1.0314, 2657
1.0317, 2656
1.0320, 2655
1.0322, 2654
1.0325, 2653
1.0328, 2652
1.0330, 2651
1.0333, 2650
1.0336, 2649
1.0338, 2648
1.0341, 2647
1.0343, 2646
1.0346, 2645
1.0348, 2644
1.0351, 2643
1.0354, 2642
1.0356, 2641
1.0359, 2640
1.0361, 2639
1.0364, 2638
1.0366, 2637
1.0369, 2636
1.0371, 2635
1.0374, 2634
1.0377, 2633
1.0380, 2632
1.0382, 2631
1.0385, 2630
1.0387, 2629
1.0390, 2628
1.0392, 2627
1.0395, 2626
1.0397, 2625
1.0400, 2624
1.0402, 2623
1.0405, 2622
1.0407, 2621
1.0410, 2620
1.0412, 2619
1.0415, 2618
1.0417, 2617
1.0420, 2616
1.0422, 2615
1.0425, 2614
1.0427, 2613
1.0430, 2612
1.0432, 2611
1.0435, 2610
1.0438, 2609
1.0440, 2608
1.0443, 2607
1.0445, 2606
1.0448, 2605
1.0450, 2604
1.0453, 2603
1.0455, 2602
1.0458, 2601
1.0460, 2600
1.0463, 2599
1.0465, 2598
1.0468, 2597
1.0471, 2596
1.0473, 2595
1.0476, 2594
1.0478, 2593
1.0481, 2592
1.0483, 2591
1.0486, 2590
1.0488, 2589
1.0491, 2588
1.0493, 2587
1.0496, 2586
1.0499, 2585
1.0501, 2584
1.0504, 2583
1.0506, 2582
1.0509, 2581
1.0511, 2580
1.0514, 2579
1.0516, 2578
1.0519, 2577
1.0521, 2576
1.0523, 2575
1.0526, 2574
1.0529, 2573
1.0531, 2572
1.0534, 2571
1.0537, 2570
1.0539, 2569
1.0542, 2568
1.0544, 2567
1.0547, 2566
1.0550, 2565
1.0552, 2564
1.0555, 2563
1.0558, 2562
1.0560, 2561
1.0563, 2560
1.0566, 2559
1.0568, 2558
1.0571, 2557
1.0635, 2556
1.0699, 2555
1.0701, 2554
1.0847, 2553
1.0849, 2552
1.0934, 2551
1.0936, 2550
1.1122, 2549
1.1268, 2548
1.1312, 2547
1.1600, 2546
1.1602, 2545
1.1645, 2544
1.1730, 2543
1.1835, 2542
1.1837, 2541
1.1921, 2540
1.1985, 2539
1.2171, 2538
1.2215, 2537
1.2241, 2536
1.2243, 2535
1.2246, 2534
1.2292, 2533
1.2356, 2532
1.2358, 2531
1.2544, 2530
1.2608, 2529
1.2651, 2528
1.2736, 2527
1.2738, 2526
1.2821, 2525
1.2968, 2524
1.2990, 2523
1.3197, 2522
1.3361, 2521
1.3384, 2520
1.3386, 2519
1.3490, 2518
1.3493, 2517
1.3495, 2516
1.3620, 2515
1.3622, 2514
1.3645, 2513
1.3708, 2512
1.3710, 2511
1.3774, 2510
1.3776, 2509
1.3778, 2508
1.3841, 2507
1.3884, 2506
1.4556, 2505
1.4701, 2504
1.4703, 2503
1.4913, 2502
1.5126, 2501
1.5420, 2500
1.5422, 2499
1.5466, 2498
1.5552, 2497
1.5638, 2496
1.5828, 2495
1.6061, 2494
1.6085, 2493
1.6194, 2492
1.6239, 2491
1.6241, 2490
1.6286, 2489
1.6414, 2488
1.6416, 2487
1.6460, 2486
1.6504, 2485
1.6590, 2484
1.6592, 2483
1.6594, 2482
1.6597, 2481
1.6599, 2480
1.6685, 2479
1.6688, 2478
1.6690, 2477
1.6840, 2476
1.6842, 2475
1.6844, 2474
1.7052, 2473
1.7055, 2472
1.7180, 2471
1.7223, 2470
1.7266, 2469
1.7331, 2468
1.7374, 2467
1.7376, 2466
1.7378, 2465
1.7381, 2464
1.7567, 2463
1.7692, 2462
1.7735, 2461
1.7737, 2460
1.7739, 2459
1.7742, 2458
1.7888, 2457
1.8054, 2456
1.8159, 2455
1.8305, 2454
1.8307, 2453
1.8412, 2452
1.8414, 2451
1.8416, 2450
1.8459, 2449
1.8522, 2448
1.8525, 2447
1.8772, 2446
1.8836, 2445
1.8940, 2444
1.8942, 2443
1.9027, 2442
1.9214, 2441
1.9378, 2440
1.9463, 2439
1.9567, 2438
1.9672, 2437
1.9878, 2436
2.0063, 2435
2.0127, 2434
2.0169, 2433
2.0416, 2432
2.0459, 2431
2.0502, 2430
2.0628, 2429
2.0897, 2428
2.0941, 2427
2.1129, 2426
2.1212, 2425
2.1215, 2424
2.1566, 2423
2.1672, 2422
2.1920, 2421
2.2005, 2420
2.2007, 2419
2.2071, 2418
2.2257, 2417
2.2259, 2416
2.2364, 2415
2.2571, 2414
2.2716, 2413
2.2719, 2412
2.2925, 2411
2.3009, 2410
2.3154, 2409
2.3238, 2408
2.3342, 2407
2.3385, 2406
2.3388, 2405
2.3410, 2404
2.3412, 2403
2.3476, 2402
2.3478, 2401
2.3521, 2400
2.3523, 2399
2.3525, 2398
2.3630, 2397
2.3814, 2396
2.3980, 2395
2.3982, 2394
2.4026, 2393
2.4028, 2392
2.4030, 2391
2.4173, 2390
2.4176, 2389
2.4178, 2388
2.4221, 2387
2.4223, 2386
2.4287, 2385
2.4514, 2384
2.4537, 2383
2.4580, 2382
2.4582, 2381
2.4646, 2380
2.4648, 2379
2.4732, 2378
2.4734, 2377
2.4736, 2376
2.4800, 2375
2.4802, 2374
2.4804, 2373
2.4888, 2372
2.4890, 2371
2.4953, 2370
2.4955, 2369
2.4957, 2368
2.5143, 2367
2.5145, 2366
2.5168, 2365
2.5233, 2364
2.5235, 2363
2.5237, 2362
2.5301, 2361
2.5303, 2360
2.5306, 2359
2.5308, 2358
2.5310, 2357
2.5312, 2356
2.5539, 2355
2.5541, 2354
2.5543, 2353
2.5546, 2352
2.5609, 2351
2.5674, 2350
2.5676, 2349
2.5678, 2348
2.5680, 2347
2.5724, 2346
2.5868, 2345
2.5932, 2344
2.6056, 2343
2.6059, 2342
2.6081, 2341
2.6246, 2340
2.6330, 2339
2.6515, 2338
2.6639, 2337
2.6662, 2336
2.6664, 2335
2.6870, 2334
2.6872, 2333
2.6875, 2332
2.6918, 2331
2.7104, 2330
2.7290, 2329
2.7293, 2328
2.7295, 2327
2.7358, 2326
2.7441, 2325
2.7443, 2324
2.7527, 2323
2.7529, 2322
2.7899, 2321
2.7901, 2320
2.8859, 2319
2.8881, 2318
2.8904, 2317
2.8947, 2316
2.8949, 2315
2.8992, 2314
2.8994, 2313
2.9017, 2312
2.9060, 2311
2.9082, 2310
2.9226, 2309
2.9289, 2308
2.9332, 2307
2.9334, 2306
2.9377, 2305
2.9379, 2304
2.9523, 2303
2.9525, 2302
2.9609, 2301
2.9611, 2300
2.9634, 2299
2.9717, 2298
2.9760, 2297
2.9803, 2296
2.9805, 2295
2.9868, 2294
2.9870, 2293
2.9893, 2292
2.9976, 2291
3.0018, 2290
3.0142, 2289
3.0225, 2288
3.0308, 2287
3.0310, 2286
3.0373, 2285
3.0416, 2284
3.0438, 2283
3.0441, 2282
3.0584, 2281
3.0728, 2280
3.0771, 2279
3.1017, 2278
3.1060, 2277
3.1124, 2276
3.1471, 2275
3.1555, 2274
3.1557, 2273
3.1559, 2272
3.1561, 2271
3.1563, 2270
3.1566, 2269
3.1669, 2268
3.1671, 2267
3.1715, 2266
3.1717, 2265
3.1719, 2264
3.1986, 2263
3.2050, 2262
3.2154, 2261
3.2218, 2260
3.2220, 2259
3.2384, 2258
3.2447, 2257
3.2510, 2256
3.2512, 2255
3.2515, 2254
3.2720, 2253
3.2764, 2252
3.2766, 2251
3.2768, 2250
3.2916, 2249
3.2960, 2248
3.3024, 2247
3.3109, 2246
3.3152, 2245
3.3340, 2244
3.3384, 2243
3.3471, 2242
3.3574, 2241
3.3576, 2240
3.3700, 2239
3.3823, 2238
3.3987, 2237
3.4009, 2236
3.4092, 2235
3.4094, 2234
3.4096, 2233
3.4220, 2232
3.4282, 2231
3.4465, 2230
3.4670, 2229
3.4733, 2228
3.4776, 2227
3.4981, 2226
3.6273, 2225
3.6397, 2224
3.6721, 2223
3.6988, 2222
3.7153, 2221
3.7237, 2220
3.7279, 2219
3.7626, 2218
3.8403, 2217
3.8895, 2216
3.9245, 2215
3.9350, 2214
3.9843, 2213
