0.0327, 2281
0.1001, 2280
0.2287, 2279
0.2500, 2278
0.2923, 2277
0.3043, 2275
0.3229, 2274
0.3261, 2273
0.3571, 2272
0.3671, 2271
0.3973, 2270
0.4439, 2269
0.4975, 2268
0.6094, 2267
0.6278, 2266
0.6543, 2265
0.6587, 2264
0.6816, 2262
0.7203, 2260
0.7588, 2259
0.7621, 2258
0.7655, 2257
0.7688, 2256
0.8048, 2255
0.8452, 2254
0.9408, 2253
1.0560, 2252
1.0788, 2249
1.0821, 2247
1.1628, 2246
1.2042, 2245
1.2621, 2244
1.2684, 2243
1.3200, 2241
1.3232, 2238
1.3962, 2237
1.4176, 2236
1.4297, 2235
1.7785, 2233
1.9689, 2230
2.1582, 2229
2.3164, 2228
2.3429, 2227
2.3989, 2226
2.6040, 2225
3.1432, 2224
3.2778, 2223
