0.0408, 2281
0.0896, 2280
0.1655, 2278
0.1911, 2277
0.2183, 2276
0.2758, 2274
0.2848, 2273
0.3190, 2272
0.3252, 2271
0.3314, 2270
0.3439, 2269
0.3564, 2268
0.4603, 2267
0.5303, 2266
0.5490, 2265
0.6041, 2264
0.6169, 2263
0.6231, 2262
0.7121, 2261
0.7564, 2258
0.8544, 2257
1.1170, 2256
1.1269, 2253
1.1492, 2252
1.1650, 2251
1.2019, 2249
1.2679, 2248
1.4427, 2247
1.4642, 2245
1.5229, 2244
1.5320, 2243
1.5838, 2241
1.6607, 2240
1.7030, 2239
1.8666, 2238
1.9369, 2237
1.9522, 2236
2.0288, 2235
2.0898, 2232
2.3097, 2231
2.3132, 2230
2.4348, 2229
2.7179, 2227
2.7271, 2226
2.8898, 2225
3.0340, 2223
3.0564, 2221
