0.0297, 2281
0.0580, 2280
0.1312, 2278
0.2600, 2277
0.2631, 2276
0.3227, 2275
0.3347, 2274
0.3528, 2271
0.4160, 2270
0.4532, 2269
0.5079, 2268
0.5170, 2267
0.5478, 2265
0.5661, 2264
0.5785, 2262
0.5974, 2261
0.6408, 2260
0.6440, 2259
0.6749, 2258
0.8170, 2257
0.8387, 2256
0.8450, 2254
0.8483, 2252
0.8795, 2249
1.0784, 2248
1.1240, 2247
1.1271, 2246
1.1423, 2245
1.1515, 2244
1.1972, 2242
1.2516, 2241
1.4310, 2240
1.4463, 2239
1.4645, 2238
1.4767, 2237
1.5572, 2236
1.5725, 2235
1.6029, 2234
1.8117, 2233
2.0960, 2232
2.2655, 2231
2.5260, 2230
2.5502, 2229
2.5534, 2228
2.7053, 2227
2.7388, 2226
2.7877, 2225
2.7939, 2224
