0.0360, 2281
0.0526, 2280
0.0574, 2279
0.0716, 2278
0.0995, 2277
0.1060, 2276
0.2165, 2275
0.2474, 2274
0.3058, 2273
0.3118, 2272
0.3588, 2271
0.3715, 2270
0.3747, 2269
0.3992, 2268
0.4521, 2265
0.4555, 2264
0.4743, 2262
0.4960, 2259
0.6110, 2258
0.6143, 2257
0.6269, 2256
0.6300, 2255
0.6392, 2254
0.6644, 2253
0.7573, 2252
0.7604, 2251
0.7729, 2250
0.7761, 2249
0.8661, 2248
0.9649, 2247
1.0114, 2246
1.0485, 2245
1.1353, 2244
1.1415, 2242
1.2129, 2239
1.2816, 2238
1.3005, 2237
1.3227, 2236
1.4655, 2235
1.5025, 2234
1.7097, 2233
1.7253, 2232
1.8027, 2231
1.8185, 2230
1.8718, 2229
1.9890, 2228
2.1415, 2227
2.3892, 2226
2.4083, 2225
2.7274, 2224
3.1183, 2223
