0.0327, 2281
0.0364, 2280
0.0578, 2278
0.1123, 2277
0.1662, 2276
0.2067, 2274
0.2354, 2273
0.2416, 2272
0.2885, 2271
0.2946, 2269
0.3220, 2268
0.3283, 2267
0.3438, 2266
0.3716, 2264
0.4561, 2263
0.5106, 2260
0.5810, 2259
0.6689, 2258
0.7019, 2257
0.7082, 2255
0.7325, 2254
0.7763, 2253
0.7980, 2251
0.8167, 2249
0.8564, 2247
0.9231, 2244
1.0306, 2243
1.0949, 2242
1.1226, 2241
1.1445, 2240
1.1750, 2239
1.2240, 2237
1.2427, 2236
1.3719, 2235
1.4857, 2234
1.5160, 2233
1.6305, 2232
1.7362, 2231
1.7671, 2230
1.8719, 2229
1.9953, 2228
2.0047, 2227
2.0764, 2226
2.0888, 2225
2.2597, 2224
2.5264, 2223
2.6444, 2222
2.6968, 2221
2.8469, 2220
