0.0324, 2281
0.0868, 2280
0.1488, 2279
0.2333, 2278
0.3152, 2276
0.3183, 2275
0.3396, 2274
0.3524, 2273
0.3588, 2270
0.3711, 2268
0.3804, 2267
0.3835, 2266
0.3926, 2265
0.3987, 2264
0.4113, 2263
0.4146, 2261
0.4365, 2260
0.5010, 2259
0.5256, 2258
0.5964, 2257
0.6242, 2255
0.6274, 2254
0.6305, 2253
0.7174, 2252
0.7361, 2250
0.7582, 2249
0.8083, 2247
0.8609, 2246
0.9257, 2244
0.9629, 2243
0.9660, 2242
1.1052, 2241
1.1327, 2239
1.1451, 2238
1.2437, 2237
1.2717, 2236
1.2809, 2235
1.3216, 2234
1.3651, 2233
1.3743, 2232
1.3837, 2231
1.5113, 2230
1.5830, 2229
1.7250, 2228
2.0077, 2227
2.0325, 2224
2.0977, 2223
2.1101, 2221
2.5135, 2220
2.7657, 2219
2.8216, 2218
