0.0362, 2281
0.0574, 2280
0.1224, 2279
0.1548, 2278
0.1942, 2276
0.2072, 2275
0.2386, 2274
0.2417, 2273
0.3383, 2271
0.3507, 2270
0.4061, 2269
0.4888, 2268
0.4953, 2267
0.5302, 2266
0.5648, 2265
0.5810, 2264
0.6506, 2262
0.6572, 2261
0.6698, 2260
0.6793, 2259
0.7787, 2258
0.7820, 2257
0.7918, 2256
0.7950, 2255
0.9832, 2254
0.9866, 2253
0.9900, 2252
1.0751, 2251
1.1385, 2249
1.1608, 2248
1.2233, 2247
1.2550, 2246
1.2870, 2245
1.3202, 2244
1.3296, 2243
1.3361, 2242
1.4648, 2241
1.5021, 2240
1.5622, 2239
1.5655, 2238
1.6622, 2237
1.8618, 2235
2.0240, 2234
2.2388, 2233
2.5353, 2232
2.7340, 2231
2.8130, 2230
2.9959, 2229
3.0055, 2228
3.0971, 2227
3.1413, 2226
3.1697, 2225
