0.0315, 2281
0.0352, 2280
0.0609, 2279
0.0723, 2276
0.1135, 2274
0.1199, 2273
0.1701, 2272
0.1805, 2271
0.1838, 2270
0.1873, 2268
0.4758, 2267
0.4803, 2266
0.4839, 2265
0.5134, 2264
0.5804, 2263
0.6546, 2262
0.7478, 2261
0.7631, 2259
0.7788, 2257
0.8289, 2256
1.2005, 2255
1.2037, 2254
1.2224, 2253
1.3457, 2252
1.4050, 2251
1.4238, 2250
1.4618, 2249
1.5176, 2248
1.6098, 2247
1.7668, 2246
1.8127, 2245
1.8832, 2244
2.0611, 2242
2.0678, 2241
2.0922, 2238
2.1015, 2237
2.2117, 2235
2.2299, 2234
2.3004, 2233
2.5025, 2232
2.5117, 2231
2.5179, 2230
2.7310, 2229
2.7371, 2228
2.7924, 2227
3.3040, 2226
