0.0329, 2281
0.0799, 2279
0.0896, 2278
0.1023, 2276
0.1603, 2275
0.2258, 2272
0.2349, 2271
0.2439, 2270
0.2471, 2268
0.3679, 2267
0.3770, 2264
0.3803, 2263
0.3983, 2262
0.4109, 2261
0.4269, 2260
0.4551, 2259
0.5342, 2257
0.6255, 2256
0.6318, 2255
0.6379, 2254
0.6994, 2253
0.7086, 2252
0.7846, 2251
0.8580, 2250
0.8794, 2249
0.9191, 2247
0.9629, 2246
1.0181, 2245
1.1887, 2244
1.2777, 2243
1.3478, 2242
1.3852, 2241
1.4100, 2240
1.4195, 2239
1.4315, 2237
1.4678, 2236
1.6285, 2235
1.6742, 2234
1.6930, 2233
2.3343, 2232
2.4199, 2231
2.5816, 2230
2.5939, 2229
