0.6441, 3931
0.6445, 3930
0.6448, 3929
0.6452, 3928
0.6455, 3927
0.6458, 3926
0.6462, 3925
0.6465, 3924
0.6469, 3923
0.6472, 3922
0.6475, 3921
0.6479, 3920
0.6482, 3919
0.6485, 3918
0.6489, 3917
0.6492, 3916
0.6496, 3915
0.6499, 3914
0.6503, 3913
0.6506, 3912
0.6509, 3911
0.6513, 3910
0.6516, 3909
0.6519, 3908
0.6523, 3907
0.6526, 3906
0.6529, 3905
0.6532, 3904
0.6536, 3903
0.6539, 3902
0.6542, 3901
0.6545, 3900
0.6549, 3899
0.6552, 3898
0.6555, 3897
0.6559, 3896
0.6562, 3895
0.6565, 3894
0.6568, 3893
0.6572, 3892
0.6575, 3891
0.6578, 3890
0.6581, 3889
0.6585, 3888
0.6588, 3887
0.6591, 3886
0.6595, 3885
0.6598, 3884
0.6601, 3883
0.6604, 3882
0.6608, 3881
0.6611, 3880
0.6614, 3879
0.6618, 3878
0.6621, 3877
0.6624, 3876
0.6627, 3875
0.6631, 3874
0.6634, 3873
0.6637, 3872
0.6640, 3871
0.6644, 3870
0.6647, 3869
0.6650, 3868
0.6654, 3867
0.6657, 3866
0.6660, 3865
0.6663, 3864
0.6667, 3863
0.6670, 3862
0.6673, 3861
0.6676, 3860
0.6680, 3859
0.6683, 3858
0.6686, 3857
0.6689, 3856
0.6693, 3855
0.6696, 3854
0.6699, 3853
0.6702, 3852
0.6706, 3851
0.6709, 3850
0.6712, 3849
0.6715, 3848
0.6719, 3847
0.6722, 3846
0.6725, 3845
0.6728, 3844
0.6732, 3843
0.6735, 3842
0.6738, 3841
0.6741, 3840
0.6745, 3839
0.6748, 3838
0.6751, 3837
0.6754, 3836
0.6758, 3835
0.6761, 3834
0.6765, 3833
0.6768, 3832
0.6771, 3831
0.6774, 3830
0.6778, 3829
0.6781, 3828
0.6784, 3827
0.6788, 3826
0.6791, 3825
0.6794, 3824
0.6798, 3823
0.6801, 3822
0.6804, 3821
0.6808, 3820
0.6811, 3819
0.6815, 3818
0.6818, 3817
0.6821, 3816
0.6825, 3815
0.6828, 3814
0.6831, 3813
0.6835, 3812
0.6838, 3811
0.6841, 3810
0.6844, 3809
0.6848, 3808
0.6851, 3807
0.6854, 3806
0.6858, 3805
0.6861, 3804
0.6864, 3803
0.6868, 3802
0.6871, 3801
0.6874, 3800
0.6877, 3799
0.6880, 3798
0.6884, 3797
0.6887, 3796
0.6890, 3795
0.6893, 3794
0.6897, 3793
0.6900, 3792
0.6903, 3791
0.6907, 3790
0.6910, 3789
0.6914, 3788
0.6917, 3787
0.6920, 3786
0.6923, 3785
0.6927, 3784
0.6930, 3783
0.6933, 3782
0.6937, 3781
0.6940, 3780
0.6943, 3779
0.6946, 3778
0.6949, 3777
0.6952, 3776
0.6956, 3775
0.6959, 3774
0.6962, 3773
0.6966, 3772
0.6969, 3771
0.6972, 3770
0.6976, 3769
0.6979, 3768
0.6982, 3767
0.6985, 3766
0.6989, 3765
0.6992, 3764
0.6995, 3763
0.6998, 3762
0.7002, 3761
0.7005, 3760
0.7008, 3759
0.7011, 3758
0.7014, 3757
0.7018, 3756
0.7021, 3755
0.7024, 3754
0.7027, 3753
0.7031, 3752
0.7034, 3751
0.7037, 3750
0.7040, 3749
0.7044, 3748
0.7047, 3747
0.7050, 3746
0.7054, 3745
0.7057, 3744
0.7060, 3743
0.7064, 3742
0.7067, 3741
0.7070, 3740
0.7074, 3739
0.7077, 3738
0.7080, 3737
0.7083, 3736
0.7087, 3735
0.7090, 3734
0.7093, 3733
0.7097, 3732
0.7100, 3731
0.7103, 3730
0.7106, 3729
0.7110, 3728
0.7113, 3727
0.7116, 3726
0.7119, 3725
0.7122, 3724
0.7126, 3723
0.7129, 3722
0.7132, 3721
0.7136, 3720
0.7139, 3719
0.7142, 3718
0.7145, 3717
0.7149, 3716
0.7152, 3715
0.7155, 3714
0.7158, 3713
0.7162, 3712
0.7165, 3711
0.7168, 3710
0.7171, 3709
0.7175, 3708
0.7178, 3707
0.7181, 3706
0.7184, 3705
0.7187, 3704
0.7191, 3703
0.7194, 3702
0.7197, 3701
0.7200, 3700
0.7204, 3699
0.7207, 3698
0.7210, 3697
0.7213, 3696
0.7216, 3695
0.7220, 3694
0.7223, 3693
0.7226, 3692
0.7229, 3691
0.7232, 3690
0.7236, 3689
0.7239, 3688
0.7242, 3687
0.7245, 3686
0.7248, 3685
0.7251, 3684
0.7255, 3683
0.7258, 3682
0.7261, 3681
0.7264, 3680
0.7267, 3679
0.7270, 3678
0.7274, 3677
0.7277, 3676
0.7280, 3675
0.7283, 3674
0.7286, 3673
0.7290, 3672
0.7293, 3671
0.7296, 3670
0.7299, 3669
0.7302, 3668
0.7306, 3667
0.7309, 3666
0.7312, 3665
0.7315, 3664
0.7318, 3663
0.7321, 3662
0.7325, 3661
0.7328, 3660
0.7331, 3659
0.7334, 3658
0.7337, 3657
0.7341, 3656
0.7344, 3655
0.7347, 3654
0.7350, 3653
0.7353, 3652
0.7357, 3651
0.7360, 3650
0.7363, 3649
0.7366, 3648
0.7369, 3647
0.7373, 3646
0.7376, 3645
0.7379, 3644
0.7382, 3643
0.7385, 3642
0.7388, 3641
0.7392, 3640
0.7395, 3639
0.7398, 3638
0.7401, 3637
0.7404, 3636
0.7407, 3635
0.7411, 3634
0.7414, 3633
0.7417, 3632
0.7420, 3631
0.7423, 3630
0.7427, 3629
0.7430, 3628
0.7433, 3627
0.7436, 3626
0.7439, 3625
0.7443, 3624
0.7446, 3623
0.7449, 3622
0.7452, 3621
0.7455, 3620
0.7458, 3619
0.7461, 3618
0.7464, 3617
0.7468, 3616
0.7471, 3615
0.7474, 3614
0.7477, 3613
0.7480, 3612
0.7484, 3611
0.7487, 3610
0.7490, 3609
0.7493, 3608
0.7496, 3607
0.7499, 3606
0.7503, 3605
0.7506, 3604
0.7509, 3603
0.7512, 3602
0.7515, 3601
0.7519, 3600
0.7522, 3599
0.7525, 3598
0.7528, 3597
0.7531, 3596
0.7534, 3595
0.7538, 3594
0.7541, 3593
0.7544, 3592
0.7547, 3591
0.7550, 3590
0.7553, 3589
0.7556, 3588
0.7559, 3587
0.7562, 3586
0.7566, 3585
0.7569, 3584
0.7572, 3583
0.7575, 3582
0.7578, 3581
0.7581, 3580
0.7584, 3579
0.7587, 3578
0.7591, 3577
0.7594, 3576
0.7597, 3575
0.7600, 3574
0.7603, 3573
0.7606, 3572
0.7609, 3571
0.7612, 3570
0.7616, 3569
0.7619, 3568
0.7622, 3567
0.7625, 3566
0.7628, 3565
0.7631, 3564
0.7634, 3563
0.7637, 3562
0.7641, 3561
0.7644, 3560
0.7647, 3559
0.7650, 3558
0.7653, 3557
0.7656, 3556
0.7659, 3555
0.7662, 3554
0.7665, 3553
0.7669, 3552
0.7672, 3551
0.7675, 3550
0.7678, 3549
0.7681, 3548
0.7684, 3547
0.7687, 3546
0.7690, 3545
0.7693, 3544
0.7696, 3543
0.7700, 3542
0.7703, 3541
0.7706, 3540
0.7710, 3539
0.7713, 3538
0.7716, 3537
0.7719, 3536
0.7722, 3535
0.7725, 3534
0.7728, 3533
0.7731, 3532
0.7734, 3531
0.7738, 3530
0.7741, 3529
0.7744, 3528
0.7747, 3527
0.7750, 3526
0.7753, 3525
0.7756, 3524
0.7760, 3523
0.7763, 3522
0.7766, 3521
0.7769, 3520
0.7772, 3519
0.7776, 3518
0.7779, 3517
0.7782, 3516
0.7785, 3515
0.7788, 3514
0.7791, 3513
0.7795, 3512
0.7798, 3511
0.7801, 3510
0.7804, 3509
0.7807, 3508
0.7810, 3507
0.7813, 3506
0.7816, 3505
0.7820, 3504
0.7823, 3503
0.7826, 3502
0.7829, 3501
0.7832, 3500
0.7835, 3499
0.7838, 3498
0.7842, 3497
0.7845, 3496
0.7848, 3495
0.7851, 3494
0.7854, 3493
0.7857, 3492
0.7860, 3491
0.7863, 3490
0.7866, 3489
0.7869, 3488
0.7872, 3487
0.7876, 3486
0.7879, 3485
0.7882, 3484
0.7885, 3483
0.7888, 3482
0.7891, 3481
0.7894, 3480
0.7897, 3479
0.7900, 3478
0.7903, 3477
0.7906, 3476
0.7909, 3475
0.7912, 3474
0.7915, 3473
0.7918, 3472
0.7921, 3471
0.7924, 3470
0.7927, 3469
0.7930, 3468
0.7933, 3467
0.7937, 3466
0.7940, 3465
0.7943, 3464
0.7946, 3463
0.7949, 3462
0.7952, 3461
0.7955, 3460
0.7958, 3459
0.7961, 3458
0.7964, 3457
0.7967, 3456
0.7970, 3455
0.7973, 3454
0.7976, 3453
0.7979, 3452
0.7982, 3451
0.7985, 3450
0.7988, 3449
0.7991, 3448
0.7995, 3447
0.7998, 3446
0.8001, 3445
0.8004, 3444
0.8007, 3443
0.8010, 3442
0.8013, 3441
0.8016, 3440
0.8019, 3439
0.8023, 3438
0.8026, 3437
0.8029, 3436
0.8032, 3435
0.8035, 3434
0.8038, 3433
0.8041, 3432
0.8044, 3431
0.8047, 3430
0.8050, 3429
0.8053, 3428
0.8056, 3427
0.8059, 3426
0.8062, 3425
0.8065, 3424
0.8068, 3423
0.8071, 3422
0.8074, 3421
0.8077, 3420
0.8080, 3419
0.8083, 3418
0.8087, 3417
0.8090, 3416
0.8093, 3415
0.8096, 3414
0.8099, 3413
0.8102, 3412
0.8105, 3411
0.8108, 3410
0.8111, 3409
0.8114, 3408
0.8117, 3407
0.8120, 3406
0.8123, 3405
0.8127, 3404
0.8130, 3403
0.8134, 3402
0.8137, 3401
0.8140, 3400
0.8143, 3399
0.8146, 3398
0.8149, 3397
0.8152, 3396
0.8155, 3395
0.8158, 3394
0.8161, 3393
0.8164, 3392
0.8167, 3391
0.8170, 3390
0.8173, 3389
0.8176, 3388
0.8179, 3387
0.8182, 3386
0.8186, 3385
0.8189, 3384
0.8192, 3383
0.8195, 3382
0.8198, 3381
0.8201, 3380
0.8204, 3379
0.8207, 3378
0.8210, 3377
0.8213, 3376
0.8216, 3375
0.8219, 3374
0.8222, 3373
0.8225, 3372
0.8228, 3371
0.8231, 3370
0.8235, 3369
0.8238, 3368
0.8241, 3367
0.8244, 3366
0.8247, 3365
0.8250, 3364
0.8253, 3363
0.8256, 3362
0.8259, 3361
0.8263, 3360
0.8266, 3359
0.8269, 3358
0.8272, 3357
0.8275, 3356
0.8278, 3355
0.8281, 3354
0.8284, 3353
0.8287, 3352
0.8290, 3351
0.8293, 3350
0.8296, 3349
0.8299, 3348
0.8302, 3347
0.8305, 3346
0.8308, 3345
0.8311, 3344
0.8314, 3343
0.8318, 3342
0.8321, 3341
0.8324, 3340
0.8327, 3339
0.8330, 3338
0.8334, 3337
0.8337, 3336
0.8340, 3335
0.8343, 3334
0.8346, 3333
0.8349, 3332
0.8352, 3331
0.8355, 3330
0.8358, 3329
0.8361, 3328
0.8364, 3327
0.8367, 3326
0.8370, 3325
0.8373, 3324
0.8376, 3323
0.8379, 3322
0.8382, 3321
0.8385, 3320
0.8388, 3319
0.8391, 3318
0.8394, 3317
0.8397, 3316
0.8400, 3315
0.8403, 3314
0.8407, 3313
0.8410, 3312
0.8413, 3311
0.8416, 3310
0.8419, 3309
0.8422, 3308
0.8425, 3307
0.8428, 3306
0.8432, 3305
0.8435, 3304
0.8438, 3303
0.8441, 3302
0.8444, 3301
0.8448, 3300
0.8451, 3299
0.8454, 3298
0.8457, 3297
0.8460, 3296
0.8464, 3295
0.8467, 3294
0.8470, 3293
0.8473, 3292
0.8476, 3291
0.8479, 3290
0.8481, 3289
0.8485, 3288
0.8488, 3287
0.8492, 3286
0.8495, 3285
0.8498, 3284
0.8501, 3283
0.8503, 3282
0.8506, 3281
0.8509, 3280
0.8513, 3279
0.8515, 3278
0.8518, 3277
0.8522, 3276
0.8525, 3275
0.8528, 3274
0.8531, 3273
0.8535, 3272
0.8538, 3271
0.8541, 3270
0.8544, 3269
0.8547, 3268
0.8550, 3267
0.8553, 3266
0.8556, 3265
0.8560, 3264
0.8563, 3263
0.8566, 3262
0.8569, 3261
0.8572, 3260
0.8575, 3259
0.8578, 3258
0.8581, 3257
0.8584, 3256
0.8587, 3255
0.8590, 3254
0.8593, 3253
0.8596, 3252
0.8599, 3251
0.8602, 3250
0.8605, 3249
0.8608, 3248
0.8611, 3247
0.8614, 3246
0.8617, 3245
0.8620, 3244
0.8623, 3243
0.8626, 3242
0.8629, 3241
0.8632, 3240
0.8635, 3239
0.8638, 3238
0.8641, 3237
0.8644, 3236
0.8647, 3235
0.8650, 3234
0.8653, 3233
0.8656, 3232
0.8659, 3231
0.8662, 3230
0.8665, 3229
0.8668, 3228
0.8671, 3227
0.8675, 3226
0.8678, 3225
0.8681, 3224
0.8684, 3223
0.8687, 3222
0.8691, 3221
0.8694, 3220
0.8697, 3219
0.8700, 3218
0.8703, 3217
0.8707, 3216
0.8710, 3215
0.8713, 3214
0.8716, 3213
0.8719, 3212
0.8722, 3211
0.8726, 3210
0.8729, 3209
0.8733, 3208
0.8736, 3207
0.8739, 3206
0.8742, 3205
0.8745, 3204
0.8748, 3203
0.8750, 3202
0.8753, 3201
0.8756, 3200
0.8760, 3199
0.8764, 3198
0.8767, 3197
0.8771, 3196
0.8774, 3195
0.8777, 3194
0.8781, 3193
0.8784, 3192
0.8787, 3191
0.8790, 3190
0.8793, 3189
0.8796, 3188
0.8799, 3187
0.8802, 3186
0.8805, 3185
0.8808, 3184
0.8811, 3183
0.8814, 3182
0.8818, 3181
0.8821, 3180
0.8824, 3179
0.8827, 3178
0.8830, 3177
0.8833, 3176
0.8836, 3175
0.8839, 3174
0.8843, 3173
0.8846, 3172
0.8849, 3171
0.8852, 3170
0.8855, 3169
0.8859, 3168
0.8862, 3167
0.8865, 3166
0.8868, 3165
0.8871, 3164
0.8874, 3163
0.8877, 3162
0.8880, 3161
0.8883, 3160
0.8886, 3159
0.8890, 3158
0.8893, 3157
0.8896, 3156
0.8899, 3155
0.8902, 3154
0.8905, 3153
0.8908, 3152
0.8911, 3151
0.8914, 3150
0.8917, 3149
0.8920, 3148
0.8923, 3147
0.8926, 3146
0.8929, 3145
0.8933, 3144
0.8936, 3143
0.8939, 3142
0.8942, 3141
0.8945, 3140
0.8948, 3139
0.8952, 3138
0.8955, 3137
0.8958, 3136
0.8961, 3135
0.8964, 3134
0.8967, 3133
0.8970, 3132
0.8973, 3131
0.8976, 3130
0.8980, 3129
0.8983, 3128
0.8986, 3127
0.8990, 3126
0.8993, 3125
0.8996, 3124
0.8999, 3123
0.9002, 3122
0.9005, 3121
0.9008, 3120
0.9011, 3119
0.9013, 3118
0.9017, 3117
0.9020, 3116
0.9023, 3115
0.9026, 3114
0.9029, 3113
0.9032, 3112
0.9036, 3111
0.9039, 3110
0.9042, 3109
0.9046, 3108
0.9049, 3107
0.9052, 3106
0.9055, 3105
0.9058, 3104
0.9062, 3103
0.9065, 3102
0.9068, 3101
0.9071, 3100
0.9074, 3099
0.9077, 3098
0.9080, 3097
0.9083, 3096
0.9086, 3095
0.9089, 3094
0.9092, 3093
0.9095, 3092
0.9098, 3091
0.9100, 3090
0.9103, 3089
0.9106, 3088
0.9109, 3087
0.9112, 3086
0.9115, 3085
0.9118, 3084
0.9121, 3083
0.9124, 3082
0.9127, 3081
0.9130, 3080
0.9133, 3079
0.9136, 3078
0.9140, 3077
0.9143, 3076
0.9146, 3075
0.9149, 3074
0.9152, 3073
0.9155, 3072
0.9158, 3071
0.9161, 3070
0.9164, 3069
0.9167, 3068
0.9170, 3067
0.9173, 3066
0.9176, 3065
0.9178, 3064
0.9181, 3063
0.9184, 3062
0.9187, 3061
0.9190, 3060
0.9193, 3059
0.9196, 3058
0.9198, 3057
0.9201, 3056
0.9204, 3055
0.9207, 3054
0.9209, 3053
0.9212, 3052
0.9215, 3051
0.9218, 3050
0.9221, 3049
0.9224, 3048
0.9228, 3047
0.9231, 3046
0.9234, 3045
0.9237, 3044
0.9240, 3043
0.9242, 3042
0.9245, 3041
0.9248, 3040
0.9251, 3039
0.9253, 3038
0.9256, 3037
0.9259, 3036
0.9261, 3035
0.9264, 3034
0.9267, 3033
0.9270, 3032
0.9273, 3031
0.9275, 3030
0.9279, 3029
0.9281, 3028
0.9284, 3027
0.9287, 3026
0.9290, 3025
0.9292, 3024
0.9295, 3023
0.9298, 3022
0.9301, 3021
0.9303, 3020
0.9306, 3019
0.9309, 3018
0.9312, 3017
0.9315, 3016
0.9318, 3015
0.9320, 3014
0.9323, 3013
0.9326, 3012
0.9329, 3011
0.9331, 3010
0.9334, 3009
0.9337, 3008
0.9340, 3007
0.9342, 3006
0.9345, 3005
0.9348, 3004
0.9350, 3003
0.9353, 3002
0.9356, 3001
0.9359, 3000
0.9362, 2999
0.9364, 2998
0.9367, 2997
0.9370, 2996
0.9373, 2995
0.9375, 2994
0.9378, 2993
0.9381, 2992
0.9384, 2991
0.9386, 2990
0.9389, 2989
0.9392, 2988
0.9395, 2987
0.9397, 2986
0.9400, 2985
0.9403, 2984
0.9406, 2983
0.9409, 2982
0.9412, 2981
0.9415, 2980
0.9417, 2979
0.9420, 2978
0.9423, 2977
0.9426, 2976
0.9428, 2975
0.9431, 2974
0.9434, 2973
0.9437, 2972
0.9440, 2971
0.9443, 2970
0.9445, 2969
0.9448, 2968
0.9451, 2967
0.9454, 2966
0.9456, 2965
0.9459, 2964
0.9462, 2963
0.9464, 2962
0.9467, 2961
0.9470, 2960
0.9472, 2959
0.9475, 2958
0.9478, 2957
0.9481, 2956
0.9484, 2955
0.9487, 2954
0.9490, 2953
0.9493, 2952
0.9496, 2951
0.9499, 2950
0.9501, 2949
0.9504, 2948
0.9507, 2947
0.9510, 2946
0.9513, 2945
0.9515, 2944
0.9518, 2943
0.9521, 2942
0.9524, 2941
0.9527, 2940
0.9530, 2939
0.9532, 2938
0.9535, 2937
0.9538, 2936
0.9542, 2935
0.9544, 2934
0.9547, 2933
0.9550, 2932
0.9553, 2931
0.9556, 2930
0.9559, 2929
0.9562, 2928
0.9565, 2927
0.9568, 2926
0.9571, 2925
0.9574, 2924
0.9577, 2923
0.9580, 2922
0.9582, 2921
0.9585, 2920
0.9588, 2919
0.9592, 2918
0.9595, 2917
0.9598, 2916
0.9601, 2915
0.9604, 2914
0.9608, 2913
0.9611, 2912
0.9614, 2911
0.9617, 2910
0.9620, 2909
0.9623, 2908
0.9626, 2907
0.9629, 2906
0.9632, 2905
0.9635, 2904
0.9638, 2903
0.9641, 2902
0.9644, 2901
0.9647, 2900
0.9650, 2899
0.9653, 2898
0.9656, 2897
0.9659, 2896
0.9662, 2895
0.9665, 2894
0.9668, 2893
0.9670, 2892
0.9673, 2891
0.9677, 2890
0.9680, 2889
0.9683, 2888
0.9686, 2887
0.9688, 2886
0.9691, 2885
0.9695, 2884
0.9698, 2883
0.9700, 2882
0.9703, 2881
0.9706, 2880
0.9709, 2879
0.9711, 2878
0.9714, 2877
0.9717, 2876
0.9720, 2875
0.9723, 2874
0.9725, 2873
0.9729, 2872
0.9732, 2871
0.9734, 2870
0.9737, 2869
0.9740, 2868
0.9743, 2867
0.9746, 2866
0.9749, 2865
0.9752, 2864
0.9754, 2863
0.9757, 2862
0.9760, 2861
0.9763, 2860
0.9766, 2859
0.9769, 2858
0.9771, 2857
0.9774, 2856
0.9777, 2855
0.9780, 2854
0.9782, 2853
0.9785, 2852
0.9788, 2851
0.9791, 2850
0.9793, 2849
0.9796, 2848
0.9799, 2847
0.9801, 2846
0.9804, 2845
0.9807, 2844
0.9810, 2843
0.9813, 2842
0.9816, 2841
0.9819, 2840
0.9821, 2839
0.9824, 2838
0.9827, 2837
0.9829, 2836
0.9832, 2835
0.9835, 2834
0.9838, 2833
0.9840, 2832
0.9843, 2831
0.9846, 2830
0.9849, 2829
0.9852, 2828
0.9854, 2827
0.9857, 2826
0.9860, 2825
0.9863, 2824
0.9866, 2823
0.9869, 2822
0.9872, 2821
0.9875, 2820
0.9878, 2819
0.9881, 2818
0.9884, 2817
0.9886, 2816
0.9889, 2815
0.9892, 2814
0.9895, 2813
0.9897, 2812
0.9900, 2811
0.9903, 2810
0.9906, 2809
0.9909, 2808
0.9911, 2807
0.9914, 2806
0.9917, 2805
0.9920, 2804
0.9923, 2803
0.9925, 2802
0.9928, 2801
0.9931, 2800
0.9934, 2799
0.9937, 2798
0.9939, 2797
0.9942, 2796
0.9945, 2795
0.9948, 2794
0.9951, 2793
0.9954, 2792
0.9956, 2791
0.9959, 2790
0.9962, 2789
0.9965, 2788
0.9968, 2787
0.9971, 2786
0.9974, 2785
0.9976, 2784
0.9979, 2783
0.9982, 2782
0.9985, 2781
0.9987, 2780
0.9990, 2779
0.9993, 2778
0.9995, 2777
0.9998, 2776
1.0001, 2775
1.0004, 2774
1.0006, 2773
1.0009, 2772
1.0012, 2771
1.0014, 2770
1.0017, 2769
1.0020, 2768
1.0023, 2767
1.0025, 2766
1.0028, 2765
1.0030, 2764
1.0033, 2763
1.0036, 2762
1.0038, 2761
1.0041, 2760
1.0043, 2759
1.0046, 2758
1.0049, 2757
1.0051, 2756
1.0054, 2755
1.0057, 2754
1.0059, 2753
1.0062, 2752
1.0065, 2751
1.0068, 2750
1.0071, 2749
1.0074, 2748
1.0077, 2747
1.0079, 2746
1.0082, 2745
1.0085, 2744
1.0088, 2743
1.0090, 2742
1.0093, 2741
1.0095, 2740
1.0098, 2739
1.0102, 2738
1.0105, 2737
1.0108, 2736
1.0110, 2735
1.0113, 2734
1.0116, 2733
1.0118, 2732
1.0121, 2731
1.0124, 2730
1.0127, 2729
1.0129, 2728
1.0132, 2727
1.0135, 2726
1.0138, 2725
1.0141, 2724
1.0143, 2723
1.0146, 2722
1.0149, 2721
1.0151, 2720
1.0154, 2719
1.0157, 2718
1.0159, 2717
1.0162, 2716
1.0165, 2715
1.0167, 2714
1.0170, 2713
1.0173, 2712
1.0176, 2711
1.0179, 2710
1.0181, 2709
1.0185, 2708
1.0187, 2707
1.0190, 2706
1.0192, 2705
1.0195, 2704
1.0198, 2703
1.0201, 2702
1.0203, 2701
1.0206, 2700
1.0208, 2699
1.0211, 2698
1.0214, 2697
1.0216, 2696
1.0219, 2695
1.0222, 2694
1.0224, 2693
1.0227, 2692
1.0230, 2691
1.0232, 2690
1.0235, 2689
1.0238, 2688
1.0240, 2687
1.0243, 2686
1.0246, 2685
1.0249, 2684
1.0251, 2683
1.0254, 2682
1.0257, 2681
1.0260, 2680
1.0263, 2679
1.0266, 2678
1.0268, 2677
1.0271, 2676
1.0273, 2675
1.0276, 2674
1.0279, 2673
1.0281, 2672
1.0284, 2671
1.0287, 2670
1.0290, 2669
1.0293, 2668
1.0296, 2667
1.0299, 2666
1.0301, 2665
1.0304, 2664
1.0307, 2663
1.0309, 2662
1.0312, 2661
1.0314, 2660
1.0317, 2659
1.0320, 2658
1.0323, 2657
1.0325, 2656
1.0328, 2655
1.0331, 2654
1.0334, 2653
1.0336, 2652
1.0339, 2651
1.0342, 2650
1.0344, 2649
1.0347, 2648
1.0350, 2647
1.0353, 2646
1.0355, 2645
1.0358, 2644
1.0360, 2643
1.0363, 2642
1.0365, 2641
1.0368, 2640
1.0370, 2639
1.0373, 2638
1.0375, 2637
1.0378, 2636
1.0380, 2635
1.0383, 2634
1.0385, 2633
1.0388, 2632
1.0390, 2631
1.0393, 2630
1.0395, 2629
1.0398, 2628
1.0400, 2627
1.0403, 2626
1.0405, 2625
1.0408, 2624
1.0410, 2623
1.0413, 2622
1.0415, 2621
1.0418, 2620
1.0421, 2619
1.0423, 2618
1.0426, 2617
1.0428, 2616
1.0430, 2615
1.0433, 2614
1.0436, 2613
1.0438, 2612
1.0441, 2611
1.0443, 2610
1.0446, 2609
1.0449, 2608
1.0451, 2607
1.0454, 2606
1.0456, 2605
1.0459, 2604
1.0461, 2603
1.0464, 2602
1.0467, 2601
1.0469, 2600
1.0472, 2599
1.0475, 2598
1.0478, 2597
1.0480, 2596
1.0483, 2595
1.0485, 2594
1.0488, 2593
1.0491, 2592
1.0493, 2591
1.0496, 2590
1.0499, 2589
1.0501, 2588
1.0504, 2587
1.0507, 2586
1.0509, 2585
1.0512, 2584
1.0515, 2583
1.0518, 2582
1.0521, 2581
1.0523, 2580
1.0525, 2579
1.0528, 2578
1.0530, 2577
1.0533, 2576
1.0535, 2575
1.0538, 2574
1.0541, 2573
1.0543, 2572
1.0546, 2571
1.0549, 2570
1.0551, 2569
1.0553, 2568
1.0556, 2567
1.0559, 2566
1.0561, 2565
1.0564, 2564
1.0566, 2563
1.0569, 2562
1.0571, 2561
1.0678, 2560
1.0721, 2559
1.0826, 2558
1.0828, 2557
1.0911, 2556
1.0913, 2555
1.0955, 2554
1.0997, 2553
1.1187, 2552
1.1318, 2551
1.1570, 2550
1.1634, 2549
1.1699, 2548
1.1886, 2547
1.1971, 2546
1.1973, 2545
1.1976, 2544
1.2019, 2543
1.2206, 2542
1.2249, 2541
1.2415, 2540
1.2418, 2539
1.2461, 2538
1.2483, 2537
1.2486, 2536
1.2488, 2535
1.2532, 2534
1.2595, 2533
1.2598, 2532
1.2763, 2531
1.2848, 2530
1.2932, 2529
1.2934, 2528
1.2998, 2527
1.3123, 2526
1.3187, 2525
1.3292, 2524
1.3396, 2523
1.3419, 2522
1.3421, 2521
1.3527, 2520
1.3529, 2519
1.3531, 2518
1.3615, 2517
1.3658, 2516
1.3661, 2515
1.3725, 2514
1.3727, 2513
1.3771, 2512
1.3835, 2511
1.3838, 2510
1.3840, 2509
1.3842, 2508
1.3967, 2507
1.4585, 2506
1.4711, 2505
1.4713, 2504
1.4880, 2503
1.5128, 2502
1.5319, 2501
1.5321, 2500
1.5384, 2499
1.5468, 2498
1.5532, 2497
1.5719, 2496
1.6031, 2495
1.6097, 2494
1.6120, 2493
1.6143, 2492
1.6146, 2491
1.6190, 2490
1.6294, 2489
1.6338, 2488
1.6340, 2487
1.6446, 2486
1.6490, 2485
1.6492, 2484
1.6495, 2483
1.6497, 2482
1.6499, 2481
1.6567, 2480
1.6717, 2479
1.6719, 2478
1.6721, 2477
1.6724, 2476
1.6726, 2475
1.6935, 2474
1.7019, 2473
1.7063, 2472
1.7106, 2471
1.7171, 2470
1.7235, 2469
1.7278, 2468
1.7280, 2467
1.7283, 2466
1.7285, 2465
1.7472, 2464
1.7597, 2463
1.7599, 2462
1.7642, 2461
1.7644, 2460
1.7647, 2459
1.7815, 2458
1.7920, 2457
1.8025, 2456
1.8212, 2455
1.8215, 2454
1.8299, 2453
1.8301, 2452
1.8324, 2451
1.8367, 2450
1.8451, 2449
1.8453, 2448
1.8682, 2447
1.8725, 2446
1.8831, 2445
1.8854, 2444
1.8938, 2443
1.9127, 2442
1.9293, 2441
1.9378, 2440
1.9484, 2439
1.9528, 2438
1.9715, 2437
1.9986, 2436
2.0090, 2435
2.0092, 2434
2.0280, 2433
2.0386, 2432
2.0430, 2431
2.0515, 2430
2.0805, 2429
2.0870, 2428
2.1057, 2427
2.1120, 2426
2.1184, 2425
2.1515, 2424
2.1559, 2423
2.1830, 2422
2.1832, 2421
2.1879, 2420
2.2132, 2419
2.2175, 2418
2.2178, 2417
2.2242, 2416
2.2492, 2415
2.2617, 2414
2.2703, 2413
2.2870, 2412
2.2933, 2411
2.3099, 2410
2.3184, 2409
2.3309, 2408
2.3331, 2407
2.3334, 2406
2.3356, 2405
2.3359, 2404
2.3484, 2403
2.3486, 2402
2.3571, 2401
2.3573, 2400
2.3576, 2399
2.3578, 2398
2.3764, 2397
2.3766, 2396
2.3872, 2395
2.3875, 2394
2.3917, 2393
2.3961, 2392
2.3983, 2391
2.3985, 2390
2.4049, 2389
2.4113, 2388
2.4115, 2387
2.4159, 2386
2.4161, 2385
2.4266, 2384
2.4474, 2383
2.4518, 2382
2.4520, 2381
2.4522, 2380
2.4525, 2379
2.4527, 2378
2.4529, 2377
2.4592, 2376
2.4595, 2375
2.4679, 2374
2.4681, 2373
2.4684, 2372
2.4728, 2371
2.4730, 2370
2.4774, 2369
2.4839, 2368
2.4841, 2367
2.4885, 2366
2.4888, 2365
2.4890, 2364
2.5036, 2363
2.5038, 2362
2.5143, 2361
2.5186, 2360
2.5189, 2359
2.5191, 2358
2.5276, 2357
2.5278, 2356
2.5281, 2355
2.5283, 2354
2.5285, 2353
2.5287, 2352
2.5456, 2351
2.5540, 2350
2.5542, 2349
2.5544, 2348
2.5546, 2347
2.5672, 2346
2.5674, 2345
2.5676, 2344
2.5678, 2343
2.5680, 2342
2.5724, 2341
2.5911, 2340
2.5934, 2339
2.6059, 2338
2.6061, 2337
2.6084, 2336
2.6271, 2335
2.6273, 2334
2.6316, 2333
2.6360, 2332
2.6362, 2331
2.6364, 2330
2.6407, 2329
2.6614, 2328
2.6616, 2327
2.6618, 2326
2.6785, 2325
2.6827, 2324
2.6829, 2323
2.6873, 2322
2.7245, 2321
2.7247, 2320
2.7249, 2319
2.7252, 2318
2.7380, 2317
2.7382, 2316
2.7447, 2315
2.7449, 2314
2.8830, 2313
2.8853, 2312
2.8875, 2311
2.8918, 2310
2.8920, 2309
2.8963, 2308
2.8965, 2307
2.8988, 2306
2.9030, 2305
2.9053, 2304
2.9199, 2303
2.9302, 2302
2.9304, 2301
2.9307, 2300
2.9350, 2299
2.9352, 2298
2.9477, 2297
2.9520, 2296
2.9603, 2295
2.9605, 2294
2.9628, 2293
2.9732, 2292
2.9776, 2291
2.9778, 2290
2.9821, 2289
2.9864, 2288
2.9866, 2287
2.9888, 2286
2.9972, 2285
3.0015, 2284
3.0139, 2283
3.0224, 2282
3.0361, 2281
3.0363, 2280
3.0366, 2279
3.0431, 2278
3.0453, 2277
3.0455, 2276
3.0601, 2275
3.0705, 2274
3.0810, 2273
3.1017, 2272
3.1060, 2271
3.1146, 2270
3.1474, 2269
3.1558, 2268
3.1561, 2267
3.1563, 2266
3.1565, 2265
3.1567, 2264
3.1610, 2263
3.1612, 2262
3.1716, 2261
3.1718, 2260
3.1720, 2259
3.1722, 2258
3.1724, 2257
3.1852, 2256
3.1999, 2255
3.2002, 2254
3.2087, 2253
3.2214, 2252
3.2338, 2251
3.2463, 2250
3.2527, 2249
3.2590, 2248
3.2633, 2247
3.2635, 2246
3.2825, 2245
3.2958, 2244
3.3026, 2243
3.3070, 2242
3.3154, 2241
3.3217, 2240
3.3219, 2239
3.3408, 2238
3.3452, 2237
3.3556, 2236
3.3599, 2235
3.3702, 2234
3.3829, 2233
3.4039, 2232
3.4042, 2231
3.4149, 2230
3.4238, 2229
3.4325, 2228
3.4456, 2227
3.4501, 2226
3.4568, 2225
3.4761, 2224
3.5296, 2223
3.6354, 2222
3.6579, 2221
3.6957, 2220
3.7021, 2219
3.7190, 2218
3.7192, 2217
3.7255, 2216
3.7705, 2215
3.9452, 2214
3.9599, 2213
4.0161, 2212
4.1835, 2211
