0.0309, 2281
0.0491, 2280
0.0548, 2279
0.0613, 2278
0.1158, 2276
0.1320, 2273
0.1481, 2272
0.1893, 2271
0.1925, 2270
0.2171, 2269
0.2296, 2267
0.2543, 2266
0.2853, 2265
0.2885, 2264
0.3490, 2263
0.3740, 2261
0.3774, 2260
0.3931, 2259
0.4089, 2256
0.4514, 2255
0.5115, 2253
0.5147, 2252
0.7233, 2251
0.9357, 2250
0.9969, 2249
1.0000, 2247
1.1645, 2246
1.1982, 2245
1.2629, 2243
1.3567, 2242
1.4551, 2241
1.6195, 2240
1.6287, 2239
1.6642, 2238
1.7875, 2237
1.7999, 2236
1.8337, 2235
1.8460, 2234
1.8672, 2233
1.8919, 2232
2.0279, 2231
2.0589, 2230
2.1465, 2229
2.1625, 2228
2.3946, 2227
2.4375, 2226
2.4915, 2225
2.6033, 2224
2.6434, 2223
2.7195, 2222
2.7566, 2221
2.8158, 2220
2.9763, 2218
