0.0277, 2281
0.0345, 2280
0.0579, 2279
0.0856, 2278
0.1667, 2275
0.1860, 2274
0.1893, 2273
0.2050, 2272
0.2892, 2271
0.3135, 2270
0.3257, 2269
0.3379, 2268
0.4102, 2267
0.4354, 2266
0.4723, 2264
0.5398, 2263
0.5520, 2261
0.5552, 2260
0.5583, 2259
0.6040, 2258
0.6315, 2257
0.6778, 2256
0.7596, 2255
0.9260, 2254
0.9294, 2253
0.9612, 2252
1.2019, 2251
1.2270, 2248
1.2361, 2247
1.3062, 2244
1.3246, 2243
1.3403, 2241
1.3773, 2240
1.4021, 2238
1.4823, 2237
1.4949, 2236
1.5467, 2234
1.5499, 2233
1.6412, 2232
1.7326, 2231
1.7873, 2230
1.7965, 2229
1.8451, 2228
1.8484, 2227
1.9041, 2226
1.9165, 2225
1.9258, 2224
2.0166, 2223
2.0198, 2222
2.2266, 2221
2.3242, 2220
2.3780, 2219
2.4853, 2218
2.6114, 2217
