0.0295, 2281
0.0487, 2280
0.0999, 2279
0.1032, 2278
0.1816, 2277
0.1849, 2276
0.2225, 2273
0.2376, 2271
0.2618, 2270
0.2649, 2269
0.2891, 2268
0.3103, 2267
0.3194, 2266
0.3500, 2265
0.4369, 2264
0.4469, 2263
0.4665, 2262
0.5535, 2260
0.5822, 2258
0.6990, 2256
0.7354, 2255
0.8574, 2252
0.8817, 2251
1.0790, 2249
1.1064, 2248
1.1945, 2247
1.2130, 2245
1.2162, 2243
1.2253, 2242
1.2918, 2241
1.3191, 2240
1.3463, 2239
1.3920, 2238
1.4436, 2237
1.4743, 2236
1.5474, 2233
1.5628, 2232
1.7159, 2231
1.8745, 2230
2.1147, 2229
2.1581, 2228
2.3444, 2227
2.6112, 2226
2.6632, 2225
2.7605, 2224
2.7667, 2223
2.8369, 2222
