0.6726, 3931
0.6730, 3930
0.6733, 3929
0.6737, 3928
0.6740, 3927
0.6743, 3926
0.6747, 3925
0.6750, 3924
0.6754, 3923
0.6757, 3922
0.6761, 3921
0.6764, 3920
0.6767, 3919
0.6771, 3918
0.6774, 3917
0.6777, 3916
0.6781, 3915
0.6784, 3914
0.6788, 3913
0.6791, 3912
0.6794, 3911
0.6798, 3910
0.6801, 3909
0.6805, 3908
0.6808, 3907
0.6811, 3906
0.6815, 3905
0.6818, 3904
0.6821, 3903
0.6825, 3902
0.6828, 3901
0.6832, 3900
0.6835, 3899
0.6839, 3898
0.6842, 3897
0.6846, 3896
0.6850, 3895
0.6853, 3894
0.6857, 3893
0.6860, 3892
0.6864, 3891
0.6867, 3890
0.6871, 3889
0.6874, 3888
0.6878, 3887
0.6881, 3886
0.6885, 3885
0.6889, 3884
0.6892, 3883
0.6895, 3882
0.6899, 3881
0.6902, 3880
0.6906, 3879
0.6909, 3878
0.6912, 3877
0.6916, 3876
0.6919, 3875
0.6923, 3874
0.6926, 3873
0.6930, 3872
0.6933, 3871
0.6936, 3870
0.6940, 3869
0.6943, 3868
0.6946, 3867
0.6950, 3866
0.6953, 3865
0.6956, 3864
0.6960, 3863
0.6963, 3862
0.6966, 3861
0.6970, 3860
0.6973, 3859
0.6976, 3858
0.6980, 3857
0.6983, 3856
0.6986, 3855
0.6990, 3854
0.6993, 3853
0.6997, 3852
0.7000, 3851
0.7004, 3850
0.7007, 3849
0.7011, 3848
0.7014, 3847
0.7018, 3846
0.7021, 3845
0.7024, 3844
0.7028, 3843
0.7031, 3842
0.7035, 3841
0.7038, 3840
0.7042, 3839
0.7045, 3838
0.7048, 3837
0.7052, 3836
0.7056, 3835
0.7059, 3834
0.7063, 3833
0.7066, 3832
0.7070, 3831
0.7074, 3830
0.7077, 3829
0.7081, 3828
0.7084, 3827
0.7088, 3826
0.7091, 3825
0.7095, 3824
0.7098, 3823
0.7102, 3822
0.7105, 3821
0.7109, 3820
0.7113, 3819
0.7116, 3818
0.7120, 3817
0.7124, 3816
0.7127, 3815
0.7130, 3814
0.7134, 3813
0.7137, 3812
0.7141, 3811
0.7144, 3810
0.7147, 3809
0.7151, 3808
0.7154, 3807
0.7158, 3806
0.7161, 3805
0.7164, 3804
0.7168, 3803
0.7172, 3802
0.7175, 3801
0.7178, 3800
0.7182, 3799
0.7185, 3798
0.7189, 3797
0.7192, 3796
0.7195, 3795
0.7199, 3794
0.7202, 3793
0.7205, 3792
0.7209, 3791
0.7212, 3790
0.7215, 3789
0.7219, 3788
0.7223, 3787
0.7226, 3786
0.7230, 3785
0.7234, 3784
0.7237, 3783
0.7240, 3782
0.7244, 3781
0.7247, 3780
0.7251, 3779
0.7254, 3778
0.7257, 3777
0.7261, 3776
0.7264, 3775
0.7267, 3774
0.7271, 3773
0.7274, 3772
0.7278, 3771
0.7281, 3770
0.7284, 3769
0.7288, 3768
0.7291, 3767
0.7295, 3766
0.7298, 3765
0.7301, 3764
0.7305, 3763
0.7308, 3762
0.7312, 3761
0.7315, 3760
0.7318, 3759
0.7322, 3758
0.7325, 3757
0.7329, 3756
0.7332, 3755
0.7336, 3754
0.7339, 3753
0.7343, 3752
0.7346, 3751
0.7350, 3750
0.7353, 3749
0.7356, 3748
0.7360, 3747
0.7363, 3746
0.7366, 3745
0.7370, 3744
0.7373, 3743
0.7376, 3742
0.7380, 3741
0.7383, 3740
0.7387, 3739
0.7390, 3738
0.7393, 3737
0.7397, 3736
0.7400, 3735
0.7403, 3734
0.7407, 3733
0.7410, 3732
0.7413, 3731
0.7417, 3730
0.7420, 3729
0.7423, 3728
0.7427, 3727
0.7430, 3726
0.7434, 3725
0.7437, 3724
0.7440, 3723
0.7444, 3722
0.7447, 3721
0.7450, 3720
0.7454, 3719
0.7457, 3718
0.7461, 3717
0.7464, 3716
0.7467, 3715
0.7471, 3714
0.7474, 3713
0.7477, 3712
0.7481, 3711
0.7484, 3710
0.7488, 3709
0.7491, 3708
0.7494, 3707
0.7497, 3706
0.7501, 3705
0.7504, 3704
0.7507, 3703
0.7511, 3702
0.7514, 3701
0.7517, 3700
0.7520, 3699
0.7524, 3698
0.7527, 3697
0.7530, 3696
0.7534, 3695
0.7537, 3694
0.7540, 3693
0.7543, 3692
0.7547, 3691
0.7550, 3690
0.7554, 3689
0.7557, 3688
0.7560, 3687
0.7564, 3686
0.7567, 3685
0.7570, 3684
0.7574, 3683
0.7577, 3682
0.7580, 3681
0.7584, 3680
0.7587, 3679
0.7590, 3678
0.7594, 3677
0.7597, 3676
0.7600, 3675
0.7604, 3674
0.7607, 3673
0.7611, 3672
0.7614, 3671
0.7617, 3670
0.7620, 3669
0.7624, 3668
0.7627, 3667
0.7631, 3666
0.7634, 3665
0.7637, 3664
0.7641, 3663
0.7644, 3662
0.7647, 3661
0.7651, 3660
0.7654, 3659
0.7657, 3658
0.7661, 3657
0.7664, 3656
0.7667, 3655
0.7671, 3654
0.7674, 3653
0.7677, 3652
0.7681, 3651
0.7684, 3650
0.7687, 3649
0.7691, 3648
0.7694, 3647
0.7698, 3646
0.7701, 3645
0.7704, 3644
0.7708, 3643
0.7711, 3642
0.7714, 3641
0.7718, 3640
0.7721, 3639
0.7724, 3638
0.7728, 3637
0.7731, 3636
0.7734, 3635
0.7737, 3634
0.7740, 3633
0.7744, 3632
0.7747, 3631
0.7750, 3630
0.7754, 3629
0.7757, 3628
0.7760, 3627
0.7763, 3626
0.7767, 3625
0.7770, 3624
0.7773, 3623
0.7777, 3622
0.7780, 3621
0.7783, 3620
0.7786, 3619
0.7789, 3618
0.7793, 3617
0.7796, 3616
0.7799, 3615
0.7803, 3614
0.7806, 3613
0.7809, 3612
0.7812, 3611
0.7816, 3610
0.7819, 3609
0.7822, 3608
0.7826, 3607
0.7829, 3606
0.7832, 3605
0.7835, 3604
0.7838, 3603
0.7842, 3602
0.7845, 3601
0.7848, 3600
0.7852, 3599
0.7855, 3598
0.7858, 3597
0.7861, 3596
0.7865, 3595
0.7868, 3594
0.7871, 3593
0.7875, 3592
0.7878, 3591
0.7881, 3590
0.7885, 3589
0.7888, 3588
0.7891, 3587
0.7895, 3586
0.7898, 3585
0.7901, 3584
0.7904, 3583
0.7908, 3582
0.7911, 3581
0.7914, 3580
0.7918, 3579
0.7921, 3578
0.7924, 3577
0.7927, 3576
0.7931, 3575
0.7934, 3574
0.7937, 3573
0.7941, 3572
0.7944, 3571
0.7947, 3570
0.7950, 3569
0.7953, 3568
0.7957, 3567
0.7960, 3566
0.7963, 3565
0.7966, 3564
0.7970, 3563
0.7973, 3562
0.7976, 3561
0.7979, 3560
0.7983, 3559
0.7986, 3558
0.7989, 3557
0.7993, 3556
0.7996, 3555
0.8000, 3554
0.8003, 3553
0.8007, 3552
0.8010, 3551
0.8013, 3550
0.8016, 3549
0.8020, 3548
0.8023, 3547
0.8026, 3546
0.8029, 3545
0.8032, 3544
0.8036, 3543
0.8039, 3542
0.8042, 3541
0.8045, 3540
0.8049, 3539
0.8052, 3538
0.8056, 3537
0.8059, 3536
0.8062, 3535
0.8066, 3534
0.8069, 3533
0.8072, 3532
0.8075, 3531
0.8079, 3530
0.8082, 3529
0.8085, 3528
0.8089, 3527
0.8092, 3526
0.8095, 3525
0.8098, 3524
0.8101, 3523
0.8105, 3522
0.8108, 3521
0.8111, 3520
0.8114, 3519
0.8118, 3518
0.8121, 3517
0.8124, 3516
0.8127, 3515
0.8131, 3514
0.8134, 3513
0.8137, 3512
0.8140, 3511
0.8143, 3510
0.8147, 3509
0.8150, 3508
0.8153, 3507
0.8156, 3506
0.8160, 3505
0.8163, 3504
0.8166, 3503
0.8169, 3502
0.8172, 3501
0.8176, 3500
0.8179, 3499
0.8182, 3498
0.8185, 3497
0.8188, 3496
0.8192, 3495
0.8195, 3494
0.8198, 3493
0.8201, 3492
0.8205, 3491
0.8208, 3490
0.8211, 3489
0.8214, 3488
0.8217, 3487
0.8221, 3486
0.8224, 3485
0.8227, 3484
0.8230, 3483
0.8233, 3482
0.8237, 3481
0.8240, 3480
0.8243, 3479
0.8246, 3478
0.8250, 3477
0.8253, 3476
0.8256, 3475
0.8259, 3474
0.8262, 3473
0.8265, 3472
0.8269, 3471
0.8272, 3470
0.8275, 3469
0.8278, 3468
0.8281, 3467
0.8284, 3466
0.8288, 3465
0.8291, 3464
0.8294, 3463
0.8297, 3462
0.8300, 3461
0.8303, 3460
0.8307, 3459
0.8310, 3458
0.8313, 3457
0.8316, 3456
0.8319, 3455
0.8322, 3454
0.8325, 3453
0.8329, 3452
0.8332, 3451
0.8335, 3450
0.8338, 3449
0.8341, 3448
0.8344, 3447
0.8348, 3446
0.8351, 3445
0.8354, 3444
0.8357, 3443
0.8360, 3442
0.8363, 3441
0.8366, 3440
0.8370, 3439
0.8373, 3438
0.8376, 3437
0.8379, 3436
0.8382, 3435
0.8385, 3434
0.8388, 3433
0.8392, 3432
0.8395, 3431
0.8398, 3430
0.8401, 3429
0.8404, 3428
0.8408, 3427
0.8411, 3426
0.8414, 3425
0.8417, 3424
0.8420, 3423
0.8423, 3422
0.8426, 3421
0.8429, 3420
0.8432, 3419
0.8435, 3418
0.8438, 3417
0.8441, 3416
0.8444, 3415
0.8447, 3414
0.8450, 3413
0.8453, 3412
0.8457, 3411
0.8460, 3410
0.8463, 3409
0.8466, 3408
0.8469, 3407
0.8472, 3406
0.8475, 3405
0.8478, 3404
0.8481, 3403
0.8485, 3402
0.8488, 3401
0.8491, 3400
0.8494, 3399
0.8498, 3398
0.8501, 3397
0.8504, 3396
0.8507, 3395
0.8510, 3394
0.8514, 3393
0.8517, 3392
0.8520, 3391
0.8523, 3390
0.8526, 3389
0.8530, 3388
0.8533, 3387
0.8536, 3386
0.8539, 3385
0.8543, 3384
0.8546, 3383
0.8549, 3382
0.8553, 3381
0.8556, 3380
0.8559, 3379
0.8563, 3378
0.8566, 3377
0.8569, 3376
0.8573, 3375
0.8576, 3374
0.8579, 3373
0.8583, 3372
0.8586, 3371
0.8590, 3370
0.8593, 3369
0.8596, 3368
0.8599, 3367
0.8602, 3366
0.8605, 3365
0.8609, 3364
0.8612, 3363
0.8615, 3362
0.8618, 3361
0.8621, 3360
0.8625, 3359
0.8628, 3358
0.8631, 3357
0.8634, 3356
0.8637, 3355
0.8640, 3354
0.8644, 3353
0.8647, 3352
0.8650, 3351
0.8653, 3350
0.8656, 3349
0.8659, 3348
0.8662, 3347
0.8665, 3346
0.8668, 3345
0.8671, 3344
0.8675, 3343
0.8678, 3342
0.8681, 3341
0.8684, 3340
0.8687, 3339
0.8690, 3338
0.8693, 3337
0.8696, 3336
0.8700, 3335
0.8703, 3334
0.8706, 3333
0.8709, 3332
0.8712, 3331
0.8715, 3330
0.8718, 3329
0.8721, 3328
0.8724, 3327
0.8727, 3326
0.8731, 3325
0.8734, 3324
0.8738, 3323
0.8741, 3322
0.8744, 3321
0.8748, 3320
0.8751, 3319
0.8754, 3318
0.8757, 3317
0.8760, 3316
0.8763, 3315
0.8767, 3314
0.8770, 3313
0.8773, 3312
0.8777, 3311
0.8780, 3310
0.8783, 3309
0.8786, 3308
0.8790, 3307
0.8793, 3306
0.8796, 3305
0.8799, 3304
0.8802, 3303
0.8806, 3302
0.8810, 3301
0.8814, 3300
0.8817, 3299
0.8820, 3298
0.8823, 3297
0.8826, 3296
0.8829, 3295
0.8832, 3294
0.8835, 3293
0.8838, 3292
0.8842, 3291
0.8845, 3290
0.8849, 3289
0.8852, 3288
0.8855, 3287
0.8858, 3286
0.8862, 3285
0.8865, 3284
0.8868, 3283
0.8871, 3282
0.8874, 3281
0.8878, 3280
0.8882, 3279
0.8885, 3278
0.8888, 3277
0.8891, 3276
0.8894, 3275
0.8897, 3274
0.8901, 3273
0.8904, 3272
0.8907, 3271
0.8910, 3270
0.8913, 3269
0.8916, 3268
0.8919, 3267
0.8922, 3266
0.8925, 3265
0.8928, 3264
0.8932, 3263
0.8935, 3262
0.8938, 3261
0.8941, 3260
0.8944, 3259
0.8947, 3258
0.8950, 3257
0.8954, 3256
0.8957, 3255
0.8960, 3254
0.8963, 3253
0.8966, 3252
0.8970, 3251
0.8973, 3250
0.8976, 3249
0.8979, 3248
0.8982, 3247
0.8986, 3246
0.8989, 3245
0.8992, 3244
0.8995, 3243
0.8998, 3242
0.9001, 3241
0.9004, 3240
0.9008, 3239
0.9011, 3238
0.9014, 3237
0.9017, 3236
0.9020, 3235
0.9023, 3234
0.9027, 3233
0.9030, 3232
0.9034, 3231
0.9037, 3230
0.9040, 3229
0.9043, 3228
0.9046, 3227
0.9049, 3226
0.9052, 3225
0.9055, 3224
0.9058, 3223
0.9061, 3222
0.9064, 3221
0.9067, 3220
0.9070, 3219
0.9073, 3218
0.9076, 3217
0.9080, 3216
0.9083, 3215
0.9087, 3214
0.9090, 3213
0.9094, 3212
0.9097, 3211
0.9100, 3210
0.9103, 3209
0.9106, 3208
0.9109, 3207
0.9112, 3206
0.9116, 3205
0.9119, 3204
0.9122, 3203
0.9125, 3202
0.9128, 3201
0.9131, 3200
0.9135, 3199
0.9138, 3198
0.9141, 3197
0.9144, 3196
0.9147, 3195
0.9150, 3194
0.9154, 3193
0.9157, 3192
0.9160, 3191
0.9163, 3190
0.9166, 3189
0.9169, 3188
0.9172, 3187
0.9182, 3186
0.9185, 3185
0.9188, 3184
0.9191, 3183
0.9194, 3182
0.9198, 3181
0.9202, 3180
0.9205, 3179
0.9208, 3178
0.9211, 3177
0.9214, 3176
0.9217, 3175
0.9220, 3174
0.9223, 3173
0.9227, 3172
0.9230, 3171
0.9232, 3170
0.9236, 3169
0.9239, 3168
0.9242, 3167
0.9245, 3166
0.9248, 3165
0.9251, 3164
0.9254, 3163
0.9257, 3162
0.9260, 3161
0.9263, 3160
0.9266, 3159
0.9269, 3158
0.9272, 3157
0.9275, 3156
0.9278, 3155
0.9281, 3154
0.9284, 3153
0.9288, 3152
0.9291, 3151
0.9294, 3150
0.9297, 3149
0.9301, 3148
0.9304, 3147
0.9308, 3146
0.9311, 3145
0.9314, 3144
0.9317, 3143
0.9320, 3142
0.9323, 3141
0.9326, 3140
0.9329, 3139
0.9333, 3138
0.9336, 3137
0.9339, 3136
0.9342, 3135
0.9346, 3134
0.9349, 3133
0.9352, 3132
0.9354, 3131
0.9357, 3130
0.9360, 3129
0.9364, 3128
0.9366, 3127
0.9369, 3126
0.9373, 3125
0.9376, 3124
0.9378, 3123
0.9381, 3122
0.9384, 3121
0.9387, 3120
0.9390, 3119
0.9393, 3118
0.9396, 3117
0.9399, 3116
0.9402, 3115
0.9405, 3114
0.9408, 3113
0.9411, 3112
0.9414, 3111
0.9417, 3110
0.9420, 3109
0.9423, 3108
0.9426, 3107
0.9429, 3106
0.9432, 3105
0.9435, 3104
0.9438, 3103
0.9440, 3102
0.9444, 3101
0.9447, 3100
0.9450, 3099
0.9453, 3098
0.9455, 3097
0.9458, 3096
0.9461, 3095
0.9464, 3094
0.9467, 3093
0.9470, 3092
0.9473, 3091
0.9476, 3090
0.9479, 3089
0.9482, 3088
0.9485, 3087
0.9488, 3086
0.9491, 3085
0.9494, 3084
0.9498, 3083
0.9500, 3082
0.9504, 3081
0.9506, 3080
0.9509, 3079
0.9512, 3078
0.9515, 3077
0.9518, 3076
0.9521, 3075
0.9524, 3074
0.9527, 3073
0.9530, 3072
0.9533, 3071
0.9535, 3070
0.9538, 3069
0.9541, 3068
0.9544, 3067
0.9547, 3066
0.9550, 3065
0.9553, 3064
0.9556, 3063
0.9559, 3062
0.9562, 3061
0.9565, 3060
0.9568, 3059
0.9571, 3058
0.9574, 3057
0.9577, 3056
0.9580, 3055
0.9584, 3054
0.9587, 3053
0.9590, 3052
0.9593, 3051
0.9595, 3050
0.9598, 3049
0.9601, 3048
0.9604, 3047
0.9607, 3046
0.9610, 3045
0.9613, 3044
0.9615, 3043
0.9618, 3042
0.9621, 3041
0.9624, 3040
0.9626, 3039
0.9629, 3038
0.9632, 3037
0.9635, 3036
0.9638, 3035
0.9641, 3034
0.9644, 3033
0.9647, 3032
0.9650, 3031
0.9653, 3030
0.9656, 3029
0.9659, 3028
0.9662, 3027
0.9665, 3026
0.9668, 3025
0.9671, 3024
0.9673, 3023
0.9676, 3022
0.9679, 3021
0.9682, 3020
0.9685, 3019
0.9688, 3018
0.9691, 3017
0.9694, 3016
0.9697, 3015
0.9700, 3014
0.9702, 3013
0.9705, 3012
0.9708, 3011
0.9711, 3010
0.9714, 3009
0.9716, 3008
0.9719, 3007
0.9722, 3006
0.9725, 3005
0.9728, 3004
0.9731, 3003
0.9734, 3002
0.9736, 3001
0.9739, 3000
0.9742, 2999
0.9745, 2998
0.9748, 2997
0.9750, 2996
0.9753, 2995
0.9756, 2994
0.9759, 2993
0.9762, 2992
0.9764, 2991
0.9767, 2990
0.9770, 2989
0.9773, 2988
0.9776, 2987
0.9779, 2986
0.9782, 2985
0.9784, 2984
0.9787, 2983
0.9790, 2982
0.9793, 2981
0.9796, 2980
0.9799, 2979
0.9802, 2978
0.9805, 2977
0.9808, 2976
0.9811, 2975
0.9814, 2974
0.9817, 2973
0.9819, 2972
0.9822, 2971
0.9825, 2970
0.9828, 2969
0.9830, 2968
0.9833, 2967
0.9836, 2966
0.9839, 2965
0.9842, 2964
0.9845, 2963
0.9848, 2962
0.9851, 2961
0.9854, 2960
0.9857, 2959
0.9861, 2958
0.9864, 2957
0.9866, 2956
0.9869, 2955
0.9872, 2954
0.9875, 2953
0.9878, 2952
0.9881, 2951
0.9884, 2950
0.9887, 2949
0.9890, 2948
0.9893, 2947
0.9896, 2946
0.9899, 2945
0.9902, 2944
0.9905, 2943
0.9908, 2942
0.9911, 2941
0.9914, 2940
0.9917, 2939
0.9920, 2938
0.9923, 2937
0.9926, 2936
0.9929, 2935
0.9932, 2934
0.9935, 2933
0.9938, 2932
0.9942, 2931
0.9945, 2930
0.9948, 2929
0.9950, 2928
0.9953, 2927
0.9956, 2926
0.9960, 2925
0.9963, 2924
0.9966, 2923
0.9969, 2922
0.9972, 2921
0.9976, 2920
0.9979, 2919
0.9982, 2918
0.9985, 2917
0.9988, 2916
0.9991, 2915
0.9994, 2914
0.9997, 2913
1.0000, 2912
1.0003, 2911
1.0006, 2910
1.0008, 2909
1.0011, 2908
1.0014, 2907
1.0017, 2906
1.0020, 2905
1.0023, 2904
1.0026, 2903
1.0029, 2902
1.0032, 2901
1.0035, 2900
1.0038, 2899
1.0041, 2898
1.0044, 2897
1.0047, 2896
1.0050, 2895
1.0053, 2894
1.0056, 2893
1.0059, 2892
1.0062, 2891
1.0065, 2890
1.0068, 2889
1.0071, 2888
1.0074, 2887
1.0077, 2886
1.0080, 2885
1.0083, 2884
1.0085, 2883
1.0088, 2882
1.0091, 2881
1.0094, 2880
1.0097, 2879
1.0100, 2878
1.0103, 2877
1.0105, 2876
1.0108, 2875
1.0111, 2874
1.0114, 2873
1.0117, 2872
1.0120, 2871
1.0123, 2870
1.0125, 2869
1.0128, 2868
1.0131, 2867
1.0134, 2866
1.0137, 2865
1.0139, 2864
1.0142, 2863
1.0145, 2862
1.0147, 2861
1.0150, 2860
1.0153, 2859
1.0156, 2858
1.0159, 2857
1.0161, 2856
1.0164, 2855
1.0167, 2854
1.0169, 2853
1.0172, 2852
1.0175, 2851
1.0178, 2850
1.0181, 2849
1.0184, 2848
1.0187, 2847
1.0189, 2846
1.0192, 2845
1.0195, 2844
1.0198, 2843
1.0200, 2842
1.0203, 2841
1.0206, 2840
1.0209, 2839
1.0212, 2838
1.0215, 2837
1.0218, 2836
1.0221, 2835
1.0224, 2834
1.0227, 2833
1.0230, 2832
1.0232, 2831
1.0235, 2830
1.0238, 2829
1.0241, 2828
1.0244, 2827
1.0247, 2826
1.0250, 2825
1.0252, 2824
1.0255, 2823
1.0258, 2822
1.0261, 2821
1.0263, 2820
1.0266, 2819
1.0269, 2818
1.0272, 2817
1.0274, 2816
1.0277, 2815
1.0280, 2814
1.0283, 2813
1.0285, 2812
1.0288, 2811
1.0291, 2810
1.0294, 2809
1.0296, 2808
1.0299, 2807
1.0302, 2806
1.0305, 2805
1.0308, 2804
1.0310, 2803
1.0313, 2802
1.0316, 2801
1.0319, 2800
1.0322, 2799
1.0325, 2798
1.0327, 2797
1.0330, 2796
1.0333, 2795
1.0336, 2794
1.0339, 2793
1.0342, 2792
1.0345, 2791
1.0347, 2790
1.0350, 2789
1.0353, 2788
1.0356, 2787
1.0358, 2786
1.0361, 2785
1.0364, 2784
1.0366, 2783
1.0369, 2782
1.0372, 2781
1.0375, 2780
1.0377, 2779
1.0380, 2778
1.0383, 2777
1.0386, 2776
1.0389, 2775
1.0392, 2774
1.0394, 2773
1.0397, 2772
1.0400, 2771
1.0403, 2770
1.0406, 2769
1.0408, 2768
1.0411, 2767
1.0414, 2766
1.0417, 2765
1.0420, 2764
1.0422, 2763
1.0425, 2762
1.0428, 2761
1.0431, 2760
1.0434, 2759
1.0437, 2758
1.0440, 2757
1.0443, 2756
1.0446, 2755
1.0449, 2754
1.0452, 2753
1.0455, 2752
1.0458, 2751
1.0460, 2750
1.0463, 2749
1.0466, 2748
1.0468, 2747
1.0471, 2746
1.0475, 2745
1.0478, 2744
1.0481, 2743
1.0484, 2742
1.0487, 2741
1.0490, 2740
1.0492, 2739
1.0495, 2738
1.0498, 2737
1.0501, 2736
1.0504, 2735
1.0507, 2734
1.0510, 2733
1.0513, 2732
1.0516, 2731
1.0519, 2730
1.0521, 2729
1.0524, 2728
1.0527, 2727
1.0530, 2726
1.0532, 2725
1.0535, 2724
1.0538, 2723
1.0541, 2722
1.0543, 2721
1.0546, 2720
1.0549, 2719
1.0552, 2718
1.0555, 2717
1.0558, 2716
1.0560, 2715
1.0563, 2714
1.0566, 2713
1.0568, 2712
1.0571, 2711
1.0574, 2710
1.0577, 2709
1.0579, 2708
1.0582, 2707
1.0585, 2706
1.0588, 2705
1.0590, 2704
1.0593, 2703
1.0596, 2702
1.0598, 2701
1.0601, 2700
1.0604, 2699
1.0607, 2698
1.0610, 2697
1.0612, 2696
1.0616, 2695
1.0619, 2694
1.0621, 2693
1.0624, 2692
1.0627, 2691
1.0630, 2690
1.0633, 2689
1.0635, 2688
1.0638, 2687
1.0641, 2686
1.0644, 2685
1.0646, 2684
1.0649, 2683
1.0651, 2682
1.0655, 2681
1.0658, 2680
1.0661, 2679
1.0664, 2678
1.0666, 2677
1.0670, 2676
1.0672, 2675
1.0675, 2674
1.0678, 2673
1.0680, 2672
1.0683, 2671
1.0686, 2670
1.0689, 2669
1.0692, 2668
1.0695, 2667
1.0697, 2666
1.0700, 2665
1.0703, 2664
1.0706, 2663
1.0709, 2662
1.0711, 2661
1.0714, 2660
1.0717, 2659
1.0719, 2658
1.0722, 2657
1.0724, 2656
1.0727, 2655
1.0730, 2654
1.0732, 2653
1.0735, 2652
1.0737, 2651
1.0740, 2650
1.0743, 2649
1.0745, 2648
1.0748, 2647
1.0750, 2646
1.0753, 2645
1.0756, 2644
1.0758, 2643
1.0761, 2642
1.0763, 2641
1.0766, 2640
1.0769, 2639
1.0771, 2638
1.0774, 2637
1.0777, 2636
1.0779, 2635
1.0782, 2634
1.0785, 2633
1.0787, 2632
1.0790, 2631
1.0793, 2630
1.0795, 2629
1.0798, 2628
1.0801, 2627
1.0803, 2626
1.0806, 2625
1.0808, 2624
1.0811, 2623
1.0813, 2622
1.0816, 2621
1.0819, 2620
1.0822, 2619
1.0825, 2618
1.0828, 2617
1.0830, 2616
1.0833, 2615
1.0835, 2614
1.0838, 2613
1.0840, 2612
1.0843, 2611
1.0846, 2610
1.0848, 2609
1.0851, 2608
1.0854, 2607
1.0856, 2606
1.0859, 2605
1.0862, 2604
1.0864, 2603
1.0867, 2602
1.0869, 2601
1.0872, 2600
1.0875, 2599
1.0877, 2598
1.0880, 2597
1.0883, 2596
1.0885, 2595
1.0888, 2594
1.0891, 2593
1.0893, 2592
1.0896, 2591
1.0899, 2590
1.0901, 2589
1.0904, 2588
1.0907, 2587
1.0909, 2586
1.0912, 2585
1.0914, 2584
1.0917, 2583
1.0920, 2582
1.0923, 2581
1.0925, 2580
1.0928, 2579
1.0931, 2578
1.0933, 2577
1.0936, 2576
1.0939, 2575
1.0942, 2574
1.0944, 2573
1.0947, 2572
1.0950, 2571
1.0953, 2570
1.0956, 2569
1.0960, 2568
1.1049, 2567
1.1052, 2566
1.1054, 2565
1.1141, 2564
1.1249, 2563
1.1252, 2562
1.1339, 2561
1.1341, 2560
1.1513, 2559
1.1666, 2558
1.1775, 2557
1.1969, 2556
1.2015, 2555
1.2060, 2554
1.2211, 2553
1.2235, 2552
1.2237, 2551
1.2282, 2550
1.2431, 2549
1.2433, 2548
1.2435, 2547
1.2501, 2546
1.2546, 2545
1.2656, 2544
1.2721, 2543
1.2724, 2542
1.2748, 2541
1.2750, 2540
1.2752, 2539
1.2818, 2538
1.2863, 2537
1.2865, 2536
1.3016, 2535
1.3106, 2534
1.3195, 2533
1.3197, 2532
1.3266, 2531
1.3312, 2530
1.3314, 2529
1.3378, 2528
1.3463, 2527
1.3582, 2526
1.3724, 2525
1.3727, 2524
1.3754, 2523
1.3757, 2522
1.3827, 2521
1.3873, 2520
1.3941, 2519
1.3966, 2518
1.3991, 2517
1.4016, 2516
1.4041, 2515
1.4110, 2514
1.4112, 2513
1.4160, 2512
1.4216, 2511
1.4223, 2510
1.4333, 2509
1.6041, 2508
1.6346, 2507
1.6348, 2506
1.6590, 2505
1.7035, 2504
1.7198, 2503
1.7266, 2502
1.7378, 2501
1.7380, 2500
1.7549, 2499
1.7654, 2498
1.7746, 2497
1.7934, 2496
1.8122, 2495
1.8208, 2494
1.8297, 2493
1.8299, 2492
1.8302, 2491
1.8389, 2490
1.8453, 2489
1.8517, 2488
1.8562, 2487
1.8606, 2486
1.8692, 2485
1.8694, 2484
1.8696, 2483
1.8699, 2482
1.8701, 2481
1.8788, 2480
1.8791, 2479
1.8793, 2478
1.8943, 2477
1.8945, 2476
1.8947, 2475
1.9158, 2474
1.9160, 2473
1.9267, 2472
1.9333, 2471
1.9440, 2470
1.9442, 2469
1.9486, 2468
1.9488, 2467
1.9491, 2466
1.9493, 2465
1.9686, 2464
1.9813, 2463
1.9815, 2462
1.9859, 2461
1.9861, 2460
1.9863, 2459
2.0011, 2458
2.0306, 2457
2.0370, 2456
2.0414, 2455
2.0416, 2454
2.0522, 2453
2.0525, 2452
2.0549, 2451
2.0615, 2450
2.0658, 2449
2.0660, 2448
2.0857, 2447
2.0987, 2446
2.1073, 2445
2.1076, 2444
2.1204, 2443
2.1314, 2442
2.1504, 2441
2.1570, 2440
2.1677, 2439
2.1720, 2438
2.1887, 2437
2.2138, 2436
2.2222, 2435
2.2245, 2434
2.2496, 2433
2.2539, 2432
2.2583, 2431
2.2689, 2430
2.2981, 2429
2.3045, 2428
2.3212, 2427
2.3297, 2426
2.3300, 2425
2.3697, 2424
2.3700, 2423
2.4036, 2422
2.4165, 2421
2.4312, 2420
2.4315, 2419
2.4421, 2418
2.4610, 2417
2.4757, 2416
2.4801, 2415
2.4990, 2414
2.5178, 2413
2.5181, 2412
2.5245, 2411
2.5330, 2410
2.5353, 2409
2.5479, 2408
2.5501, 2407
2.5504, 2406
2.5527, 2405
2.5529, 2404
2.5613, 2403
2.5616, 2402
2.5742, 2401
2.5744, 2400
2.5746, 2399
2.5749, 2398
2.5936, 2397
2.6063, 2396
2.6065, 2395
2.6129, 2394
2.6172, 2393
2.6175, 2392
2.6177, 2391
2.6263, 2390
2.6307, 2389
2.6309, 2388
2.6373, 2387
2.6375, 2386
2.6444, 2385
2.6678, 2384
2.6701, 2383
2.6744, 2382
2.6746, 2381
2.6811, 2380
2.6813, 2379
2.6897, 2378
2.6900, 2377
2.6902, 2376
2.6966, 2375
2.6968, 2374
2.6970, 2373
2.7014, 2372
2.7058, 2371
2.7101, 2370
2.7104, 2369
2.7106, 2368
2.7335, 2367
2.7338, 2366
2.7340, 2365
2.7384, 2364
2.7386, 2363
2.7388, 2362
2.7474, 2361
2.7476, 2360
2.7479, 2359
2.7481, 2358
2.7483, 2357
2.7485, 2356
2.7695, 2355
2.7698, 2354
2.7782, 2353
2.7785, 2352
2.7787, 2351
2.7852, 2350
2.7854, 2349
2.7856, 2348
2.7858, 2347
2.7902, 2346
2.8090, 2345
2.8113, 2344
2.8239, 2343
2.8241, 2342
2.8264, 2341
2.8411, 2340
2.8642, 2339
2.8644, 2338
2.8854, 2337
2.8856, 2336
2.8858, 2335
2.9071, 2334
2.9074, 2333
2.9076, 2332
2.9119, 2331
2.9354, 2330
2.9564, 2329
2.9567, 2328
2.9569, 2327
2.9571, 2326
2.9655, 2325
2.9657, 2324
2.9722, 2323
2.9724, 2322
3.0119, 2321
3.0122, 2320
3.0436, 2319
3.1034, 2318
3.1077, 2317
3.1141, 2316
3.1184, 2315
3.1187, 2314
3.1209, 2313
3.1254, 2312
3.1256, 2311
3.1300, 2310
3.1446, 2309
3.1511, 2308
3.1513, 2307
3.1599, 2306
3.1601, 2305
3.1645, 2304
3.1647, 2303
3.1794, 2302
3.1796, 2301
3.1905, 2300
3.1908, 2299
3.1931, 2298
3.2037, 2297
3.2082, 2296
3.2084, 2295
3.2128, 2294
3.2171, 2293
3.2173, 2292
3.2197, 2291
3.2283, 2290
3.2327, 2289
3.2453, 2288
3.2537, 2287
3.2601, 2286
3.2603, 2285
3.2688, 2284
3.2731, 2283
3.2754, 2282
3.2757, 2281
3.2902, 2280
3.3047, 2279
3.3091, 2278
3.3360, 2277
3.3425, 2276
3.3530, 2275
3.3820, 2274
3.3864, 2273
3.3866, 2272
3.3868, 2271
3.3871, 2270
3.3873, 2269
3.3937, 2268
3.3939, 2267
3.3983, 2266
3.4048, 2265
3.4050, 2264
3.4052, 2263
3.4075, 2262
3.4077, 2261
3.4350, 2260
3.4415, 2259
3.4500, 2258
3.4775, 2257
3.4818, 2256
3.4820, 2255
3.4864, 2254
3.4907, 2253
3.4950, 2252
3.5137, 2251
3.5242, 2250
3.5327, 2249
3.5390, 2248
3.5433, 2247
3.5623, 2246
3.5666, 2245
3.5771, 2244
3.5855, 2243
3.6041, 2242
3.6085, 2241
3.6189, 2240
3.6191, 2239
3.6234, 2238
3.6298, 2237
3.6463, 2236
3.6589, 2235
3.6653, 2234
3.6655, 2233
3.6698, 2232
3.6971, 2231
3.7121, 2230
3.7124, 2229
3.7330, 2228
3.9217, 2227
3.9424, 2226
3.9508, 2225
3.9552, 2224
3.9720, 2223
4.0234, 2222
4.1385, 2221
4.1655, 2220
4.2336, 2219
4.4804, 2218
4.5283, 2217
4.5490, 2216
