0.6621, 3931
0.6624, 3930
0.6628, 3929
0.6631, 3928
0.6634, 3927
0.6638, 3926
0.6641, 3925
0.6645, 3924
0.6648, 3923
0.6651, 3922
0.6655, 3921
0.6658, 3920
0.6661, 3919
0.6665, 3918
0.6668, 3917
0.6672, 3916
0.6675, 3915
0.6678, 3914
0.6682, 3913
0.6685, 3912
0.6689, 3911
0.6692, 3910
0.6696, 3909
0.6699, 3908
0.6703, 3907
0.6706, 3906
0.6709, 3905
0.6713, 3904
0.6717, 3903
0.6720, 3902
0.6724, 3901
0.6727, 3900
0.6731, 3899
0.6734, 3898
0.6737, 3897
0.6741, 3896
0.6744, 3895
0.6748, 3894
0.6751, 3893
0.6755, 3892
0.6758, 3891
0.6762, 3890
0.6765, 3889
0.6768, 3888
0.6772, 3887
0.6775, 3886
0.6779, 3885
0.6782, 3884
0.6785, 3883
0.6789, 3882
0.6792, 3881
0.6796, 3880
0.6799, 3879
0.6803, 3878
0.6806, 3877
0.6810, 3876
0.6813, 3875
0.6817, 3874
0.6821, 3873
0.6824, 3872
0.6827, 3871
0.6831, 3870
0.6834, 3869
0.6838, 3868
0.6841, 3867
0.6845, 3866
0.6848, 3865
0.6851, 3864
0.6855, 3863
0.6858, 3862
0.6862, 3861
0.6865, 3860
0.6869, 3859
0.6872, 3858
0.6876, 3857
0.6879, 3856
0.6883, 3855
0.6886, 3854
0.6889, 3853
0.6893, 3852
0.6896, 3851
0.6899, 3850
0.6902, 3849
0.6906, 3848
0.6909, 3847
0.6912, 3846
0.6916, 3845
0.6919, 3844
0.6922, 3843
0.6925, 3842
0.6929, 3841
0.6932, 3840
0.6935, 3839
0.6939, 3838
0.6942, 3837
0.6945, 3836
0.6949, 3835
0.6952, 3834
0.6956, 3833
0.6959, 3832
0.6962, 3831
0.6966, 3830
0.6969, 3829
0.6972, 3828
0.6976, 3827
0.6979, 3826
0.6982, 3825
0.6986, 3824
0.6989, 3823
0.6992, 3822
0.6996, 3821
0.6999, 3820
0.7003, 3819
0.7006, 3818
0.7009, 3817
0.7013, 3816
0.7016, 3815
0.7020, 3814
0.7023, 3813
0.7026, 3812
0.7030, 3811
0.7033, 3810
0.7036, 3809
0.7040, 3808
0.7043, 3807
0.7046, 3806
0.7050, 3805
0.7053, 3804
0.7056, 3803
0.7060, 3802
0.7063, 3801
0.7066, 3800
0.7070, 3799
0.7073, 3798
0.7076, 3797
0.7080, 3796
0.7084, 3795
0.7087, 3794
0.7090, 3793
0.7094, 3792
0.7097, 3791
0.7101, 3790
0.7105, 3789
0.7108, 3788
0.7112, 3787
0.7115, 3786
0.7119, 3785
0.7122, 3784
0.7125, 3783
0.7129, 3782
0.7132, 3781
0.7135, 3780
0.7138, 3779
0.7142, 3778
0.7145, 3777
0.7148, 3776
0.7152, 3775
0.7155, 3774
0.7158, 3773
0.7162, 3772
0.7165, 3771
0.7169, 3770
0.7172, 3769
0.7176, 3768
0.7179, 3767
0.7182, 3766
0.7186, 3765
0.7190, 3764
0.7193, 3763
0.7196, 3762
0.7200, 3761
0.7203, 3760
0.7206, 3759
0.7210, 3758
0.7213, 3757
0.7216, 3756
0.7219, 3755
0.7223, 3754
0.7226, 3753
0.7230, 3752
0.7233, 3751
0.7236, 3750
0.7239, 3749
0.7243, 3748
0.7246, 3747
0.7249, 3746
0.7253, 3745
0.7256, 3744
0.7259, 3743
0.7263, 3742
0.7266, 3741
0.7270, 3740
0.7273, 3739
0.7276, 3738
0.7280, 3737
0.7283, 3736
0.7286, 3735
0.7290, 3734
0.7293, 3733
0.7296, 3732
0.7300, 3731
0.7303, 3730
0.7306, 3729
0.7309, 3728
0.7313, 3727
0.7317, 3726
0.7320, 3725
0.7324, 3724
0.7327, 3723
0.7331, 3722
0.7334, 3721
0.7337, 3720
0.7341, 3719
0.7344, 3718
0.7348, 3717
0.7351, 3716
0.7355, 3715
0.7359, 3714
0.7363, 3713
0.7366, 3712
0.7370, 3711
0.7373, 3710
0.7377, 3709
0.7381, 3708
0.7384, 3707
0.7388, 3706
0.7391, 3705
0.7395, 3704
0.7399, 3703
0.7403, 3702
0.7406, 3701
0.7410, 3700
0.7414, 3699
0.7418, 3698
0.7421, 3697
0.7425, 3696
0.7429, 3695
0.7432, 3694
0.7435, 3693
0.7438, 3692
0.7442, 3691
0.7446, 3690
0.7450, 3689
0.7453, 3688
0.7456, 3687
0.7459, 3686
0.7463, 3685
0.7466, 3684
0.7469, 3683
0.7473, 3682
0.7476, 3681
0.7480, 3680
0.7483, 3679
0.7486, 3678
0.7490, 3677
0.7494, 3676
0.7497, 3675
0.7501, 3674
0.7504, 3673
0.7508, 3672
0.7511, 3671
0.7514, 3670
0.7517, 3669
0.7521, 3668
0.7525, 3667
0.7528, 3666
0.7532, 3665
0.7535, 3664
0.7539, 3663
0.7542, 3662
0.7546, 3661
0.7549, 3660
0.7553, 3659
0.7556, 3658
0.7560, 3657
0.7563, 3656
0.7567, 3655
0.7571, 3654
0.7575, 3653
0.7578, 3652
0.7582, 3651
0.7585, 3650
0.7589, 3649
0.7593, 3648
0.7596, 3647
0.7600, 3646
0.7603, 3645
0.7607, 3644
0.7610, 3643
0.7614, 3642
0.7617, 3641
0.7621, 3640
0.7624, 3639
0.7627, 3638
0.7630, 3637
0.7634, 3636
0.7637, 3635
0.7640, 3634
0.7644, 3633
0.7647, 3632
0.7650, 3631
0.7653, 3630
0.7657, 3629
0.7661, 3628
0.7664, 3627
0.7667, 3626
0.7671, 3625
0.7674, 3624
0.7677, 3623
0.7681, 3622
0.7684, 3621
0.7687, 3620
0.7691, 3619
0.7694, 3618
0.7698, 3617
0.7701, 3616
0.7704, 3615
0.7707, 3614
0.7710, 3613
0.7714, 3612
0.7717, 3611
0.7720, 3610
0.7724, 3609
0.7727, 3608
0.7731, 3607
0.7734, 3606
0.7738, 3605
0.7741, 3604
0.7744, 3603
0.7748, 3602
0.7751, 3601
0.7754, 3600
0.7758, 3599
0.7761, 3598
0.7764, 3597
0.7768, 3596
0.7771, 3595
0.7774, 3594
0.7777, 3593
0.7781, 3592
0.7784, 3591
0.7787, 3590
0.7790, 3589
0.7794, 3588
0.7797, 3587
0.7801, 3586
0.7804, 3585
0.7807, 3584
0.7811, 3583
0.7814, 3582
0.7818, 3581
0.7821, 3580
0.7824, 3579
0.7828, 3578
0.7831, 3577
0.7835, 3576
0.7838, 3575
0.7841, 3574
0.7845, 3573
0.7848, 3572
0.7851, 3571
0.7855, 3570
0.7858, 3569
0.7861, 3568
0.7865, 3567
0.7868, 3566
0.7871, 3565
0.7874, 3564
0.7877, 3563
0.7881, 3562
0.7884, 3561
0.7887, 3560
0.7890, 3559
0.7894, 3558
0.7897, 3557
0.7900, 3556
0.7903, 3555
0.7906, 3554
0.7909, 3553
0.7912, 3552
0.7915, 3551
0.7919, 3550
0.7922, 3549
0.7925, 3548
0.7929, 3547
0.7932, 3546
0.7935, 3545
0.7938, 3544
0.7941, 3543
0.7945, 3542
0.7948, 3541
0.7951, 3540
0.7955, 3539
0.7958, 3538
0.7961, 3537
0.7964, 3536
0.7968, 3535
0.7971, 3534
0.7974, 3533
0.7977, 3532
0.7980, 3531
0.7983, 3530
0.7987, 3529
0.7990, 3528
0.7993, 3527
0.7997, 3526
0.8000, 3525
0.8003, 3524
0.8007, 3523
0.8010, 3522
0.8013, 3521
0.8017, 3520
0.8020, 3519
0.8023, 3518
0.8026, 3517
0.8030, 3516
0.8033, 3515
0.8036, 3514
0.8040, 3513
0.8043, 3512
0.8046, 3511
0.8049, 3510
0.8052, 3509
0.8055, 3508
0.8059, 3507
0.8062, 3506
0.8065, 3505
0.8068, 3504
0.8071, 3503
0.8074, 3502
0.8078, 3501
0.8081, 3500
0.8084, 3499
0.8087, 3498
0.8091, 3497
0.8094, 3496
0.8097, 3495
0.8100, 3494
0.8104, 3493
0.8107, 3492
0.8110, 3491
0.8114, 3490
0.8117, 3489
0.8120, 3488
0.8123, 3487
0.8126, 3486
0.8129, 3485
0.8133, 3484
0.8136, 3483
0.8139, 3482
0.8143, 3481
0.8146, 3480
0.8149, 3479
0.8152, 3478
0.8155, 3477
0.8158, 3476
0.8162, 3475
0.8165, 3474
0.8168, 3473
0.8171, 3472
0.8174, 3471
0.8177, 3470
0.8181, 3469
0.8184, 3468
0.8187, 3467
0.8190, 3466
0.8193, 3465
0.8196, 3464
0.8200, 3463
0.8203, 3462
0.8206, 3461
0.8209, 3460
0.8212, 3459
0.8215, 3458
0.8218, 3457
0.8221, 3456
0.8224, 3455
0.8228, 3454
0.8231, 3453
0.8234, 3452
0.8237, 3451
0.8240, 3450
0.8243, 3449
0.8246, 3448
0.8249, 3447
0.8252, 3446
0.8255, 3445
0.8259, 3444
0.8262, 3443
0.8265, 3442
0.8268, 3441
0.8271, 3440
0.8274, 3439
0.8277, 3438
0.8280, 3437
0.8283, 3436
0.8286, 3435
0.8289, 3434
0.8292, 3433
0.8296, 3432
0.8299, 3431
0.8302, 3430
0.8305, 3429
0.8308, 3428
0.8311, 3427
0.8314, 3426
0.8317, 3425
0.8321, 3424
0.8324, 3423
0.8327, 3422
0.8330, 3421
0.8334, 3420
0.8337, 3419
0.8341, 3418
0.8344, 3417
0.8348, 3416
0.8351, 3415
0.8354, 3414
0.8357, 3413
0.8360, 3412
0.8363, 3411
0.8367, 3410
0.8370, 3409
0.8373, 3408
0.8377, 3407
0.8380, 3406
0.8383, 3405
0.8386, 3404
0.8389, 3403
0.8393, 3402
0.8396, 3401
0.8399, 3400
0.8402, 3399
0.8405, 3398
0.8408, 3397
0.8412, 3396
0.8415, 3395
0.8418, 3394
0.8421, 3393
0.8424, 3392
0.8427, 3391
0.8430, 3390
0.8434, 3389
0.8437, 3388
0.8440, 3387
0.8443, 3386
0.8446, 3385
0.8450, 3384
0.8453, 3383
0.8456, 3382
0.8459, 3381
0.8462, 3380
0.8466, 3379
0.8469, 3378
0.8472, 3377
0.8475, 3376
0.8478, 3375
0.8482, 3374
0.8485, 3373
0.8488, 3372
0.8491, 3371
0.8495, 3370
0.8498, 3369
0.8501, 3368
0.8505, 3367
0.8508, 3366
0.8511, 3365
0.8514, 3364
0.8517, 3363
0.8521, 3362
0.8524, 3361
0.8528, 3360
0.8531, 3359
0.8534, 3358
0.8538, 3357
0.8541, 3356
0.8544, 3355
0.8547, 3354
0.8550, 3353
0.8554, 3352
0.8557, 3351
0.8561, 3350
0.8564, 3349
0.8567, 3348
0.8571, 3347
0.8574, 3346
0.8577, 3345
0.8580, 3344
0.8583, 3343
0.8586, 3342
0.8589, 3341
0.8593, 3340
0.8596, 3339
0.8599, 3338
0.8602, 3337
0.8606, 3336
0.8609, 3335
0.8612, 3334
0.8616, 3333
0.8619, 3332
0.8622, 3331
0.8625, 3330
0.8628, 3329
0.8631, 3328
0.8634, 3327
0.8638, 3326
0.8640, 3325
0.8643, 3324
0.8647, 3323
0.8650, 3322
0.8653, 3321
0.8656, 3320
0.8659, 3319
0.8662, 3318
0.8666, 3317
0.8669, 3316
0.8672, 3315
0.8675, 3314
0.8678, 3313
0.8682, 3312
0.8685, 3311
0.8688, 3310
0.8691, 3309
0.8695, 3308
0.8698, 3307
0.8701, 3306
0.8705, 3305
0.8708, 3304
0.8711, 3303
0.8714, 3302
0.8718, 3301
0.8721, 3300
0.8725, 3299
0.8728, 3298
0.8732, 3297
0.8736, 3296
0.8739, 3295
0.8742, 3294
0.8746, 3293
0.8749, 3292
0.8752, 3291
0.8755, 3290
0.8758, 3289
0.8761, 3288
0.8764, 3287
0.8769, 3286
0.8772, 3285
0.8775, 3284
0.8778, 3283
0.8781, 3282
0.8784, 3281
0.8787, 3280
0.8790, 3279
0.8793, 3278
0.8796, 3277
0.8799, 3276
0.8803, 3275
0.8806, 3274
0.8809, 3273
0.8812, 3272
0.8816, 3271
0.8819, 3270
0.8822, 3269
0.8825, 3268
0.8828, 3267
0.8831, 3266
0.8835, 3265
0.8838, 3264
0.8841, 3263
0.8844, 3262
0.8848, 3261
0.8851, 3260
0.8855, 3259
0.8858, 3258
0.8861, 3257
0.8864, 3256
0.8867, 3255
0.8871, 3254
0.8874, 3253
0.8877, 3252
0.8880, 3251
0.8884, 3250
0.8887, 3249
0.8891, 3248
0.8894, 3247
0.8897, 3246
0.8900, 3245
0.8903, 3244
0.8906, 3243
0.8909, 3242
0.8912, 3241
0.8915, 3240
0.8918, 3239
0.8922, 3238
0.8925, 3237
0.8928, 3236
0.8931, 3235
0.8935, 3234
0.8938, 3233
0.8941, 3232
0.8944, 3231
0.8947, 3230
0.8950, 3229
0.8953, 3228
0.8956, 3227
0.8959, 3226
0.8962, 3225
0.8965, 3224
0.8968, 3223
0.8971, 3222
0.8975, 3221
0.8978, 3220
0.8981, 3219
0.8984, 3218
0.8987, 3217
0.8991, 3216
0.8994, 3215
0.8997, 3214
0.9000, 3213
0.9003, 3212
0.9006, 3211
0.9009, 3210
0.9012, 3209
0.9015, 3208
0.9019, 3207
0.9022, 3206
0.9025, 3205
0.9028, 3204
0.9031, 3203
0.9034, 3202
0.9037, 3201
0.9040, 3200
0.9044, 3199
0.9047, 3198
0.9051, 3197
0.9054, 3196
0.9058, 3195
0.9061, 3194
0.9064, 3193
0.9067, 3192
0.9070, 3191
0.9073, 3190
0.9077, 3189
0.9080, 3188
0.9083, 3187
0.9086, 3186
0.9089, 3185
0.9092, 3184
0.9095, 3183
0.9098, 3182
0.9102, 3181
0.9105, 3180
0.9108, 3179
0.9112, 3178
0.9115, 3177
0.9118, 3176
0.9121, 3175
0.9124, 3174
0.9128, 3173
0.9131, 3172
0.9134, 3171
0.9138, 3170
0.9141, 3169
0.9144, 3168
0.9147, 3167
0.9150, 3166
0.9153, 3165
0.9157, 3164
0.9160, 3163
0.9163, 3162
0.9166, 3161
0.9169, 3160
0.9172, 3159
0.9175, 3158
0.9178, 3157
0.9181, 3156
0.9184, 3155
0.9188, 3154
0.9190, 3153
0.9193, 3152
0.9196, 3151
0.9199, 3150
0.9202, 3149
0.9206, 3148
0.9209, 3147
0.9212, 3146
0.9215, 3145
0.9219, 3144
0.9222, 3143
0.9225, 3142
0.9228, 3141
0.9231, 3140
0.9234, 3139
0.9238, 3138
0.9241, 3137
0.9245, 3136
0.9248, 3135
0.9251, 3134
0.9254, 3133
0.9257, 3132
0.9260, 3131
0.9263, 3130
0.9266, 3129
0.9270, 3128
0.9273, 3127
0.9276, 3126
0.9279, 3125
0.9282, 3124
0.9285, 3123
0.9288, 3122
0.9290, 3121
0.9294, 3120
0.9297, 3119
0.9299, 3118
0.9303, 3117
0.9305, 3116
0.9308, 3115
0.9311, 3114
0.9314, 3113
0.9317, 3112
0.9320, 3111
0.9322, 3110
0.9325, 3109
0.9329, 3108
0.9331, 3107
0.9334, 3106
0.9337, 3105
0.9340, 3104
0.9343, 3103
0.9346, 3102
0.9349, 3101
0.9352, 3100
0.9355, 3099
0.9359, 3098
0.9362, 3097
0.9365, 3096
0.9368, 3095
0.9371, 3094
0.9374, 3093
0.9377, 3092
0.9380, 3091
0.9383, 3090
0.9386, 3089
0.9389, 3088
0.9392, 3087
0.9395, 3086
0.9398, 3085
0.9401, 3084
0.9404, 3083
0.9407, 3082
0.9411, 3081
0.9414, 3080
0.9417, 3079
0.9420, 3078
0.9424, 3077
0.9427, 3076
0.9431, 3075
0.9434, 3074
0.9437, 3073
0.9440, 3072
0.9443, 3071
0.9446, 3070
0.9449, 3069
0.9452, 3068
0.9456, 3067
0.9459, 3066
0.9462, 3065
0.9465, 3064
0.9468, 3063
0.9471, 3062
0.9474, 3061
0.9477, 3060
0.9480, 3059
0.9483, 3058
0.9486, 3057
0.9489, 3056
0.9492, 3055
0.9495, 3054
0.9498, 3053
0.9501, 3052
0.9504, 3051
0.9507, 3050
0.9510, 3049
0.9514, 3048
0.9517, 3047
0.9520, 3046
0.9523, 3045
0.9526, 3044
0.9529, 3043
0.9532, 3042
0.9535, 3041
0.9538, 3040
0.9541, 3039
0.9544, 3038
0.9547, 3037
0.9550, 3036
0.9553, 3035
0.9556, 3034
0.9559, 3033
0.9562, 3032
0.9565, 3031
0.9568, 3030
0.9572, 3029
0.9575, 3028
0.9578, 3027
0.9581, 3026
0.9584, 3025
0.9587, 3024
0.9590, 3023
0.9593, 3022
0.9595, 3021
0.9598, 3020
0.9601, 3019
0.9604, 3018
0.9607, 3017
0.9610, 3016
0.9613, 3015
0.9615, 3014
0.9618, 3013
0.9621, 3012
0.9624, 3011
0.9627, 3010
0.9629, 3009
0.9632, 3008
0.9635, 3007
0.9638, 3006
0.9641, 3005
0.9643, 3004
0.9646, 3003
0.9649, 3002
0.9652, 3001
0.9655, 3000
0.9657, 2999
0.9660, 2998
0.9663, 2997
0.9666, 2996
0.9668, 2995
0.9671, 2994
0.9674, 2993
0.9677, 2992
0.9679, 2991
0.9682, 2990
0.9685, 2989
0.9688, 2988
0.9691, 2987
0.9694, 2986
0.9697, 2985
0.9700, 2984
0.9703, 2983
0.9706, 2982
0.9709, 2981
0.9712, 2980
0.9715, 2979
0.9718, 2978
0.9720, 2977
0.9723, 2976
0.9726, 2975
0.9729, 2974
0.9732, 2973
0.9735, 2972
0.9738, 2971
0.9741, 2970
0.9744, 2969
0.9747, 2968
0.9750, 2967
0.9753, 2966
0.9756, 2965
0.9758, 2964
0.9761, 2963
0.9764, 2962
0.9766, 2961
0.9769, 2960
0.9772, 2959
0.9775, 2958
0.9778, 2957
0.9781, 2956
0.9784, 2955
0.9787, 2954
0.9790, 2953
0.9793, 2952
0.9796, 2951
0.9799, 2950
0.9802, 2949
0.9804, 2948
0.9807, 2947
0.9810, 2946
0.9813, 2945
0.9816, 2944
0.9819, 2943
0.9822, 2942
0.9825, 2941
0.9828, 2940
0.9831, 2939
0.9834, 2938
0.9837, 2937
0.9840, 2936
0.9843, 2935
0.9847, 2934
0.9849, 2933
0.9852, 2932
0.9855, 2931
0.9858, 2930
0.9862, 2929
0.9865, 2928
0.9868, 2927
0.9872, 2926
0.9875, 2925
0.9878, 2924
0.9881, 2923
0.9884, 2922
0.9887, 2921
0.9890, 2920
0.9893, 2919
0.9896, 2918
0.9899, 2917
0.9902, 2916
0.9905, 2915
0.9908, 2914
0.9912, 2913
0.9915, 2912
0.9918, 2911
0.9921, 2910
0.9924, 2909
0.9927, 2908
0.9930, 2907
0.9933, 2906
0.9936, 2905
0.9939, 2904
0.9941, 2903
0.9944, 2902
0.9947, 2901
0.9950, 2900
0.9953, 2899
0.9955, 2898
0.9958, 2897
0.9961, 2896
0.9964, 2895
0.9967, 2894
0.9970, 2893
0.9973, 2892
0.9975, 2891
0.9979, 2890
0.9981, 2889
0.9984, 2888
0.9987, 2887
0.9990, 2886
0.9993, 2885
0.9996, 2884
1.0000, 2883
1.0003, 2882
1.0005, 2881
1.0009, 2880
1.0011, 2879
1.0014, 2878
1.0017, 2877
1.0020, 2876
1.0023, 2875
1.0026, 2874
1.0029, 2873
1.0032, 2872
1.0035, 2871
1.0038, 2870
1.0041, 2869
1.0044, 2868
1.0047, 2867
1.0050, 2866
1.0053, 2865
1.0056, 2864
1.0059, 2863
1.0061, 2862
1.0064, 2861
1.0067, 2860
1.0070, 2859
1.0072, 2858
1.0075, 2857
1.0078, 2856
1.0080, 2855
1.0083, 2854
1.0086, 2853
1.0089, 2852
1.0091, 2851
1.0094, 2850
1.0097, 2849
1.0099, 2848
1.0102, 2847
1.0105, 2846
1.0108, 2845
1.0112, 2844
1.0115, 2843
1.0118, 2842
1.0121, 2841
1.0124, 2840
1.0127, 2839
1.0130, 2838
1.0133, 2837
1.0136, 2836
1.0139, 2835
1.0143, 2834
1.0146, 2833
1.0149, 2832
1.0151, 2831
1.0154, 2830
1.0157, 2829
1.0160, 2828
1.0163, 2827
1.0166, 2826
1.0169, 2825
1.0173, 2824
1.0176, 2823
1.0178, 2822
1.0181, 2821
1.0184, 2820
1.0187, 2819
1.0190, 2818
1.0193, 2817
1.0196, 2816
1.0199, 2815
1.0202, 2814
1.0205, 2813
1.0207, 2812
1.0210, 2811
1.0213, 2810
1.0216, 2809
1.0219, 2808
1.0222, 2807
1.0225, 2806
1.0228, 2805
1.0231, 2804
1.0234, 2803
1.0237, 2802
1.0240, 2801
1.0244, 2800
1.0247, 2799
1.0249, 2798
1.0252, 2797
1.0255, 2796
1.0258, 2795
1.0261, 2794
1.0264, 2793
1.0267, 2792
1.0270, 2791
1.0272, 2790
1.0275, 2789
1.0278, 2788
1.0281, 2787
1.0284, 2786
1.0286, 2785
1.0289, 2784
1.0292, 2783
1.0295, 2782
1.0297, 2781
1.0300, 2780
1.0303, 2779
1.0305, 2778
1.0308, 2777
1.0311, 2776
1.0314, 2775
1.0317, 2774
1.0320, 2773
1.0322, 2772
1.0325, 2771
1.0328, 2770
1.0331, 2769
1.0334, 2768
1.0336, 2767
1.0339, 2766
1.0342, 2765
1.0344, 2764
1.0347, 2763
1.0350, 2762
1.0353, 2761
1.0355, 2760
1.0359, 2759
1.0361, 2758
1.0364, 2757
1.0367, 2756
1.0370, 2755
1.0373, 2754
1.0375, 2753
1.0378, 2752
1.0382, 2751
1.0385, 2750
1.0387, 2749
1.0390, 2748
1.0393, 2747
1.0396, 2746
1.0399, 2745
1.0403, 2744
1.0405, 2743
1.0408, 2742
1.0411, 2741
1.0413, 2740
1.0417, 2739
1.0420, 2738
1.0423, 2737
1.0426, 2736
1.0429, 2735
1.0432, 2734
1.0435, 2733
1.0438, 2732
1.0441, 2731
1.0443, 2730
1.0446, 2729
1.0449, 2728
1.0452, 2727
1.0455, 2726
1.0457, 2725
1.0460, 2724
1.0463, 2723
1.0465, 2722
1.0468, 2721
1.0471, 2720
1.0474, 2719
1.0477, 2718
1.0480, 2717
1.0483, 2716
1.0485, 2715
1.0489, 2714
1.0491, 2713
1.0494, 2712
1.0497, 2711
1.0500, 2710
1.0503, 2709
1.0506, 2708
1.0508, 2707
1.0511, 2706
1.0514, 2705
1.0517, 2704
1.0520, 2703
1.0522, 2702
1.0525, 2701
1.0528, 2700
1.0531, 2699
1.0534, 2698
1.0537, 2697
1.0540, 2696
1.0542, 2695
1.0545, 2694
1.0548, 2693
1.0551, 2692
1.0554, 2691
1.0557, 2690
1.0560, 2689
1.0563, 2688
1.0566, 2687
1.0569, 2686
1.0572, 2685
1.0575, 2684
1.0577, 2683
1.0581, 2682
1.0583, 2681
1.0586, 2680
1.0589, 2679
1.0591, 2678
1.0594, 2677
1.0596, 2676
1.0599, 2675
1.0602, 2674
1.0605, 2673
1.0608, 2672
1.0610, 2671
1.0613, 2670
1.0616, 2669
1.0619, 2668
1.0621, 2667
1.0624, 2666
1.0626, 2665
1.0629, 2664
1.0632, 2663
1.0634, 2662
1.0637, 2661
1.0640, 2660
1.0642, 2659
1.0645, 2658
1.0648, 2657
1.0650, 2656
1.0653, 2655
1.0655, 2654
1.0658, 2653
1.0660, 2652
1.0663, 2651
1.0666, 2650
1.0669, 2649
1.0671, 2648
1.0674, 2647
1.0676, 2646
1.0679, 2645
1.0682, 2644
1.0684, 2643
1.0687, 2642
1.0689, 2641
1.0692, 2640
1.0695, 2639
1.0698, 2638
1.0700, 2637
1.0703, 2636
1.0705, 2635
1.0708, 2634
1.0710, 2633
1.0713, 2632
1.0715, 2631
1.0718, 2630
1.0721, 2629
1.0723, 2628
1.0726, 2627
1.0729, 2626
1.0731, 2625
1.0734, 2624
1.0736, 2623
1.0739, 2622
1.0741, 2621
1.0744, 2620
1.0747, 2619
1.0750, 2618
1.0753, 2617
1.0755, 2616
1.0758, 2615
1.0761, 2614
1.0764, 2613
1.0767, 2612
1.0770, 2611
1.0773, 2610
1.0775, 2609
1.0778, 2608
1.0780, 2607
1.0783, 2606
1.0786, 2605
1.0789, 2604
1.0791, 2603
1.0794, 2602
1.0797, 2601
1.0799, 2600
1.0802, 2599
1.0805, 2598
1.0808, 2597
1.0810, 2596
1.0813, 2595
1.0816, 2594
1.0818, 2593
1.0821, 2592
1.0824, 2591
1.0827, 2590
1.0830, 2589
1.0833, 2588
1.0835, 2587
1.0838, 2586
1.0841, 2585
1.0843, 2584
1.0846, 2583
1.0849, 2582
1.0852, 2581
1.0854, 2580
1.0857, 2579
1.0860, 2578
1.0863, 2577
1.0866, 2576
1.0869, 2575
1.0872, 2574
1.0874, 2573
1.0877, 2572
1.0880, 2571
1.0882, 2570
1.0885, 2569
1.0887, 2568
1.0890, 2567
1.0893, 2566
1.0896, 2565
1.0942, 2564
1.1034, 2563
1.1036, 2562
1.1200, 2561
1.1203, 2560
1.1309, 2559
1.1313, 2558
1.1652, 2557
1.1945, 2556
1.2019, 2555
1.2410, 2554
1.2413, 2553
1.2477, 2552
1.2652, 2551
1.2654, 2550
1.2656, 2549
1.2747, 2548
1.2922, 2547
1.2986, 2546
1.3094, 2545
1.3180, 2544
1.3183, 2543
1.3229, 2542
1.3251, 2541
1.3254, 2540
1.3256, 2539
1.3303, 2538
1.3368, 2537
1.3371, 2536
1.3543, 2535
1.3628, 2534
1.3717, 2533
1.3719, 2532
1.3784, 2531
1.3871, 2530
1.3875, 2529
1.3899, 2528
1.3942, 2527
1.4110, 2526
1.4216, 2525
1.4239, 2524
1.4242, 2523
1.4327, 2522
1.4329, 2521
1.4415, 2520
1.4441, 2519
1.4464, 2518
1.4530, 2517
1.4532, 2516
1.4577, 2515
1.4641, 2514
1.4644, 2513
1.4646, 2512
1.4648, 2511
1.4712, 2510
1.5428, 2509
1.5557, 2508
1.5560, 2507
1.5818, 2506
1.5991, 2505
1.6015, 2504
1.6161, 2503
1.6163, 2502
1.6247, 2501
1.6353, 2500
1.6398, 2499
1.6628, 2498
1.6923, 2497
1.6988, 2496
1.6991, 2495
1.7014, 2494
1.7016, 2493
1.7060, 2492
1.7145, 2491
1.7230, 2490
1.7233, 2489
1.7276, 2488
1.7360, 2487
1.7363, 2486
1.7365, 2485
1.7367, 2484
1.7369, 2483
1.7434, 2482
1.7478, 2481
1.7481, 2480
1.7587, 2479
1.7589, 2478
1.7591, 2477
1.7760, 2476
1.7847, 2475
1.7957, 2474
1.8043, 2473
1.8045, 2472
1.8110, 2471
1.8154, 2470
1.8156, 2469
1.8159, 2468
1.8161, 2467
1.8349, 2466
1.8496, 2465
1.8499, 2464
1.8501, 2463
1.8524, 2462
1.8526, 2461
1.8693, 2460
1.8821, 2459
1.8930, 2458
1.9099, 2457
1.9101, 2456
1.9187, 2455
1.9189, 2454
1.9212, 2453
1.9276, 2452
1.9340, 2451
1.9342, 2450
1.9491, 2449
1.9638, 2448
1.9725, 2447
1.9748, 2446
1.9854, 2445
2.0022, 2444
2.0237, 2443
2.0302, 2442
2.0386, 2441
2.0450, 2440
2.0718, 2439
2.1011, 2438
2.1084, 2437
2.1132, 2436
2.1457, 2435
2.1483, 2434
2.1530, 2433
2.1727, 2432
2.1938, 2431
2.1982, 2430
2.2179, 2429
2.2251, 2428
2.2297, 2427
2.2680, 2426
2.2682, 2425
2.2918, 2424
2.2920, 2423
2.3027, 2422
2.3201, 2421
2.3395, 2420
2.3397, 2419
2.3465, 2418
2.3569, 2417
2.3868, 2416
2.3938, 2415
2.4092, 2414
2.4199, 2413
2.4347, 2412
2.4433, 2411
2.4538, 2410
2.4582, 2409
2.4585, 2408
2.4608, 2407
2.4610, 2406
2.4675, 2405
2.4678, 2404
2.4722, 2403
2.4724, 2402
2.4726, 2401
2.4832, 2400
2.4999, 2399
2.5147, 2398
2.5190, 2397
2.5234, 2396
2.5236, 2395
2.5239, 2394
2.5345, 2393
2.5410, 2392
2.5412, 2391
2.5435, 2390
2.5438, 2389
2.5502, 2388
2.5735, 2387
2.5779, 2386
2.5781, 2385
2.5783, 2384
2.5786, 2383
2.5788, 2382
2.5790, 2381
2.5854, 2380
2.5857, 2379
2.5943, 2378
2.5945, 2377
2.5947, 2376
2.5991, 2375
2.5994, 2374
2.6080, 2373
2.6083, 2372
2.6106, 2371
2.6170, 2370
2.6172, 2369
2.6175, 2368
2.6302, 2367
2.6304, 2366
2.6410, 2365
2.6474, 2364
2.6477, 2363
2.6479, 2362
2.6544, 2361
2.6546, 2360
2.6549, 2359
2.6551, 2358
2.6553, 2357
2.6555, 2356
2.6814, 2355
2.6817, 2354
2.6819, 2353
2.6821, 2352
2.6890, 2351
2.6959, 2350
2.6962, 2349
2.6964, 2348
2.6967, 2347
2.7014, 2346
2.7164, 2345
2.7229, 2344
2.7336, 2343
2.7359, 2342
2.7382, 2341
2.7571, 2340
2.7573, 2339
2.7617, 2338
2.7661, 2337
2.7663, 2336
2.7665, 2335
2.7772, 2334
2.7919, 2333
2.7921, 2332
2.7923, 2331
2.8092, 2330
2.8135, 2329
2.8138, 2328
2.8181, 2327
2.8331, 2326
2.8690, 2325
2.8692, 2324
2.8694, 2323
2.8696, 2322
2.8699, 2321
2.8763, 2320
2.8765, 2319
2.9560, 2318
3.0160, 2317
3.0182, 2316
3.0205, 2315
3.0248, 2314
3.0250, 2313
3.0273, 2312
3.0316, 2311
3.0318, 2310
3.0361, 2309
3.0506, 2308
3.0591, 2307
3.0655, 2306
3.0657, 2305
3.0700, 2304
3.0702, 2303
3.0827, 2302
3.0891, 2301
3.0954, 2300
3.0957, 2299
3.0980, 2298
3.1085, 2297
3.1128, 2296
3.1130, 2295
3.1195, 2294
3.1197, 2293
3.1243, 2292
3.1245, 2291
3.1330, 2290
3.1374, 2289
3.1501, 2288
3.1586, 2287
3.1650, 2286
3.1653, 2285
3.1778, 2284
3.1780, 2283
3.1803, 2282
3.1805, 2281
3.1951, 2280
3.2096, 2279
3.2222, 2278
3.2367, 2277
3.2410, 2276
3.2496, 2275
3.2825, 2274
3.2909, 2273
3.2912, 2272
3.2914, 2271
3.2916, 2270
3.2918, 2269
3.2920, 2268
3.2964, 2267
3.2966, 2266
3.3050, 2265
3.3052, 2264
3.3055, 2263
3.3077, 2262
3.3079, 2261
3.3369, 2260
3.3453, 2259
3.3518, 2258
3.3728, 2257
3.3773, 2256
3.3816, 2255
3.3880, 2254
3.3923, 2253
3.3926, 2252
3.4031, 2251
3.4033, 2250
3.4138, 2249
3.4140, 2248
3.4142, 2247
3.4144, 2246
3.4314, 2245
3.4361, 2244
3.4450, 2243
3.4515, 2242
3.4580, 2241
3.4583, 2240
3.4709, 2239
3.4834, 2238
3.4878, 2237
3.4921, 2236
3.4923, 2235
3.5130, 2234
3.5316, 2233
3.5339, 2232
3.5402, 2231
3.5488, 2230
3.5639, 2229
3.5684, 2228
3.5816, 2227
3.5819, 2226
3.5864, 2225
3.6135, 2224
3.6221, 2223
3.6409, 2222
3.7702, 2221
3.8239, 2220
3.8308, 2219
3.8505, 2218
3.8573, 2217
3.8575, 2216
3.9063, 2215
4.0099, 2214
4.0420, 2213
4.0443, 2212
4.4063, 2211
