0.0328, 2281
0.0728, 2280
0.1181, 2279
0.1246, 2276
0.1297, 2275
0.1530, 2274
0.1608, 2273
0.1641, 2272
0.1991, 2271
0.3181, 2270
0.3305, 2269
0.3879, 2268
0.5370, 2266
0.5715, 2265
0.7063, 2264
0.7158, 2263
0.7312, 2262
0.7707, 2261
0.8123, 2258
0.9037, 2257
0.9639, 2256
0.9882, 2255
1.0092, 2254
1.0153, 2253
1.0214, 2251
1.0678, 2249
1.2223, 2248
1.2830, 2247
1.2923, 2245
1.3557, 2244
1.4163, 2243
1.5004, 2242
1.5157, 2240
1.6369, 2239
1.6523, 2238
1.6615, 2237
1.7790, 2236
1.7822, 2235
1.9122, 2234
2.0709, 2233
2.1645, 2232
2.2009, 2231
2.3437, 2230
2.4041, 2229
2.4102, 2228
2.4499, 2227
2.5617, 2226
2.7982, 2225
3.0351, 2224
3.1051, 2223
