0.6754, 3931
0.6758, 3930
0.6762, 3929
0.6765, 3928
0.6769, 3927
0.6773, 3926
0.6776, 3925
0.6780, 3924
0.6784, 3923
0.6787, 3922
0.6791, 3921
0.6794, 3920
0.6798, 3919
0.6801, 3918
0.6805, 3917
0.6809, 3916
0.6812, 3915
0.6816, 3914
0.6819, 3913
0.6823, 3912
0.6826, 3911
0.6830, 3910
0.6834, 3909
0.6838, 3908
0.6841, 3907
0.6845, 3906
0.6849, 3905
0.6852, 3904
0.6856, 3903
0.6859, 3902
0.6863, 3901
0.6866, 3900
0.6870, 3899
0.6873, 3898
0.6877, 3897
0.6881, 3896
0.6884, 3895
0.6888, 3894
0.6891, 3893
0.6895, 3892
0.6899, 3891
0.6902, 3890
0.6906, 3889
0.6910, 3888
0.6913, 3887
0.6917, 3886
0.6920, 3885
0.6924, 3884
0.6928, 3883
0.6931, 3882
0.6935, 3881
0.6938, 3880
0.6942, 3879
0.6946, 3878
0.6949, 3877
0.6953, 3876
0.6956, 3875
0.6960, 3874
0.6964, 3873
0.6967, 3872
0.6971, 3871
0.6974, 3870
0.6978, 3869
0.6981, 3868
0.6985, 3867
0.6988, 3866
0.6992, 3865
0.6996, 3864
0.6999, 3863
0.7003, 3862
0.7007, 3861
0.7010, 3860
0.7014, 3859
0.7017, 3858
0.7021, 3857
0.7024, 3856
0.7028, 3855
0.7031, 3854
0.7035, 3853
0.7039, 3852
0.7042, 3851
0.7046, 3850
0.7049, 3849
0.7053, 3848
0.7057, 3847
0.7060, 3846
0.7064, 3845
0.7067, 3844
0.7071, 3843
0.7075, 3842
0.7078, 3841
0.7082, 3840
0.7086, 3839
0.7089, 3838
0.7093, 3837
0.7097, 3836
0.7100, 3835
0.7104, 3834
0.7108, 3833
0.7112, 3832
0.7115, 3831
0.7119, 3830
0.7123, 3829
0.7126, 3828
0.7130, 3827
0.7134, 3826
0.7138, 3825
0.7141, 3824
0.7145, 3823
0.7148, 3822
0.7152, 3821
0.7155, 3820
0.7159, 3819
0.7163, 3818
0.7166, 3817
0.7170, 3816
0.7174, 3815
0.7177, 3814
0.7181, 3813
0.7185, 3812
0.7189, 3811
0.7193, 3810
0.7196, 3809
0.7200, 3808
0.7203, 3807
0.7207, 3806
0.7211, 3805
0.7214, 3804
0.7218, 3803
0.7222, 3802
0.7225, 3801
0.7229, 3800
0.7233, 3799
0.7236, 3798
0.7240, 3797
0.7244, 3796
0.7247, 3795
0.7251, 3794
0.7255, 3793
0.7258, 3792
0.7262, 3791
0.7265, 3790
0.7269, 3789
0.7272, 3788
0.7276, 3787
0.7279, 3786
0.7283, 3785
0.7286, 3784
0.7290, 3783
0.7294, 3782
0.7297, 3781
0.7301, 3780
0.7305, 3779
0.7309, 3778
0.7312, 3777
0.7316, 3776
0.7320, 3775
0.7324, 3774
0.7327, 3773
0.7331, 3772
0.7334, 3771
0.7338, 3770
0.7342, 3769
0.7345, 3768
0.7349, 3767
0.7352, 3766
0.7356, 3765
0.7359, 3764
0.7363, 3763
0.7367, 3762
0.7371, 3761
0.7374, 3760
0.7378, 3759
0.7381, 3758
0.7385, 3757
0.7389, 3756
0.7392, 3755
0.7396, 3754
0.7399, 3753
0.7403, 3752
0.7407, 3751
0.7410, 3750
0.7414, 3749
0.7417, 3748
0.7421, 3747
0.7425, 3746
0.7429, 3745
0.7432, 3744
0.7436, 3743
0.7439, 3742
0.7443, 3741
0.7446, 3740
0.7450, 3739
0.7453, 3738
0.7457, 3737
0.7460, 3736
0.7464, 3735
0.7467, 3734
0.7471, 3733
0.7474, 3732
0.7478, 3731
0.7481, 3730
0.7485, 3729
0.7488, 3728
0.7492, 3727
0.7495, 3726
0.7499, 3725
0.7502, 3724
0.7506, 3723
0.7510, 3722
0.7513, 3721
0.7517, 3720
0.7520, 3719
0.7524, 3718
0.7527, 3717
0.7531, 3716
0.7534, 3715
0.7538, 3714
0.7541, 3713
0.7545, 3712
0.7548, 3711
0.7552, 3710
0.7556, 3709
0.7559, 3708
0.7563, 3707
0.7566, 3706
0.7570, 3705
0.7573, 3704
0.7577, 3703
0.7580, 3702
0.7584, 3701
0.7587, 3700
0.7591, 3699
0.7594, 3698
0.7598, 3697
0.7601, 3696
0.7605, 3695
0.7608, 3694
0.7611, 3693
0.7615, 3692
0.7618, 3691
0.7622, 3690
0.7625, 3689
0.7629, 3688
0.7632, 3687
0.7636, 3686
0.7639, 3685
0.7643, 3684
0.7646, 3683
0.7650, 3682
0.7653, 3681
0.7657, 3680
0.7660, 3679
0.7664, 3678
0.7667, 3677
0.7671, 3676
0.7675, 3675
0.7678, 3674
0.7682, 3673
0.7685, 3672
0.7689, 3671
0.7692, 3670
0.7696, 3669
0.7699, 3668
0.7703, 3667
0.7706, 3666
0.7710, 3665
0.7713, 3664
0.7717, 3663
0.7720, 3662
0.7724, 3661
0.7727, 3660
0.7731, 3659
0.7734, 3658
0.7738, 3657
0.7741, 3656
0.7745, 3655
0.7749, 3654
0.7753, 3653
0.7756, 3652
0.7760, 3651
0.7763, 3650
0.7767, 3649
0.7770, 3648
0.7774, 3647
0.7777, 3646
0.7781, 3645
0.7784, 3644
0.7788, 3643
0.7792, 3642
0.7795, 3641
0.7798, 3640
0.7802, 3639
0.7805, 3638
0.7809, 3637
0.7812, 3636
0.7816, 3635
0.7819, 3634
0.7823, 3633
0.7827, 3632
0.7830, 3631
0.7834, 3630
0.7837, 3629
0.7840, 3628
0.7844, 3627
0.7848, 3626
0.7851, 3625
0.7854, 3624
0.7858, 3623
0.7861, 3622
0.7865, 3621
0.7868, 3620
0.7872, 3619
0.7875, 3618
0.7879, 3617
0.7882, 3616
0.7886, 3615
0.7889, 3614
0.7892, 3613
0.7896, 3612
0.7899, 3611
0.7903, 3610
0.7906, 3609
0.7910, 3608
0.7914, 3607
0.7917, 3606
0.7921, 3605
0.7924, 3604
0.7928, 3603
0.7931, 3602
0.7935, 3601
0.7938, 3600
0.7942, 3599
0.7945, 3598
0.7949, 3597
0.7952, 3596
0.7955, 3595
0.7959, 3594
0.7962, 3593
0.7966, 3592
0.7969, 3591
0.7973, 3590
0.7976, 3589
0.7979, 3588
0.7983, 3587
0.7986, 3586
0.7990, 3585
0.7993, 3584
0.7998, 3583
0.8001, 3582
0.8004, 3581
0.8008, 3580
0.8011, 3579
0.8015, 3578
0.8018, 3577
0.8022, 3576
0.8025, 3575
0.8028, 3574
0.8032, 3573
0.8035, 3572
0.8039, 3571
0.8042, 3570
0.8046, 3569
0.8049, 3568
0.8053, 3567
0.8056, 3566
0.8059, 3565
0.8063, 3564
0.8067, 3563
0.8070, 3562
0.8073, 3561
0.8077, 3560
0.8080, 3559
0.8083, 3558
0.8087, 3557
0.8090, 3556
0.8094, 3555
0.8097, 3554
0.8101, 3553
0.8104, 3552
0.8108, 3551
0.8111, 3550
0.8115, 3549
0.8119, 3548
0.8122, 3547
0.8126, 3546
0.8129, 3545
0.8132, 3544
0.8136, 3543
0.8139, 3542
0.8143, 3541
0.8146, 3540
0.8150, 3539
0.8154, 3538
0.8157, 3537
0.8160, 3536
0.8163, 3535
0.8166, 3534
0.8170, 3533
0.8173, 3532
0.8176, 3531
0.8179, 3530
0.8182, 3529
0.8186, 3528
0.8189, 3527
0.8192, 3526
0.8195, 3525
0.8198, 3524
0.8202, 3523
0.8205, 3522
0.8208, 3521
0.8211, 3520
0.8214, 3519
0.8217, 3518
0.8221, 3517
0.8224, 3516
0.8228, 3515
0.8231, 3514
0.8234, 3513
0.8238, 3512
0.8241, 3511
0.8244, 3510
0.8248, 3509
0.8251, 3508
0.8254, 3507
0.8257, 3506
0.8260, 3505
0.8264, 3504
0.8267, 3503
0.8270, 3502
0.8273, 3501
0.8277, 3500
0.8280, 3499
0.8283, 3498
0.8287, 3497
0.8290, 3496
0.8293, 3495
0.8296, 3494
0.8299, 3493
0.8303, 3492
0.8306, 3491
0.8309, 3490
0.8312, 3489
0.8316, 3488
0.8319, 3487
0.8322, 3486
0.8325, 3485
0.8328, 3484
0.8332, 3483
0.8335, 3482
0.8338, 3481
0.8342, 3480
0.8345, 3479
0.8348, 3478
0.8352, 3477
0.8355, 3476
0.8358, 3475
0.8361, 3474
0.8365, 3473
0.8368, 3472
0.8371, 3471
0.8374, 3470
0.8377, 3469
0.8380, 3468
0.8383, 3467
0.8387, 3466
0.8390, 3465
0.8393, 3464
0.8396, 3463
0.8399, 3462
0.8403, 3461
0.8406, 3460
0.8409, 3459
0.8412, 3458
0.8415, 3457
0.8418, 3456
0.8421, 3455
0.8424, 3454
0.8428, 3453
0.8431, 3452
0.8434, 3451
0.8437, 3450
0.8440, 3449
0.8444, 3448
0.8447, 3447
0.8450, 3446
0.8453, 3445
0.8456, 3444
0.8459, 3443
0.8462, 3442
0.8466, 3441
0.8469, 3440
0.8472, 3439
0.8475, 3438
0.8478, 3437
0.8481, 3436
0.8485, 3435
0.8488, 3434
0.8491, 3433
0.8494, 3432
0.8497, 3431
0.8501, 3430
0.8504, 3429
0.8508, 3428
0.8511, 3427
0.8514, 3426
0.8517, 3425
0.8520, 3424
0.8524, 3423
0.8527, 3422
0.8530, 3421
0.8533, 3420
0.8537, 3419
0.8540, 3418
0.8543, 3417
0.8546, 3416
0.8549, 3415
0.8553, 3414
0.8556, 3413
0.8559, 3412
0.8562, 3411
0.8565, 3410
0.8568, 3409
0.8571, 3408
0.8575, 3407
0.8578, 3406
0.8581, 3405
0.8584, 3404
0.8587, 3403
0.8590, 3402
0.8593, 3401
0.8597, 3400
0.8600, 3399
0.8604, 3398
0.8607, 3397
0.8610, 3396
0.8613, 3395
0.8617, 3394
0.8620, 3393
0.8623, 3392
0.8626, 3391
0.8629, 3390
0.8633, 3389
0.8636, 3388
0.8639, 3387
0.8643, 3386
0.8646, 3385
0.8649, 3384
0.8652, 3383
0.8656, 3382
0.8659, 3381
0.8662, 3380
0.8666, 3379
0.8669, 3378
0.8672, 3377
0.8676, 3376
0.8679, 3375
0.8682, 3374
0.8686, 3373
0.8689, 3372
0.8692, 3371
0.8695, 3370
0.8699, 3369
0.8703, 3368
0.8706, 3367
0.8710, 3366
0.8713, 3365
0.8716, 3364
0.8719, 3363
0.8723, 3362
0.8726, 3361
0.8729, 3360
0.8732, 3359
0.8735, 3358
0.8739, 3357
0.8742, 3356
0.8745, 3355
0.8748, 3354
0.8752, 3353
0.8755, 3352
0.8758, 3351
0.8762, 3350
0.8765, 3349
0.8769, 3348
0.8772, 3347
0.8775, 3346
0.8778, 3345
0.8781, 3344
0.8784, 3343
0.8787, 3342
0.8790, 3341
0.8793, 3340
0.8796, 3339
0.8799, 3338
0.8803, 3337
0.8806, 3336
0.8809, 3335
0.8812, 3334
0.8815, 3333
0.8818, 3332
0.8821, 3331
0.8824, 3330
0.8827, 3329
0.8830, 3328
0.8834, 3327
0.8837, 3326
0.8840, 3325
0.8843, 3324
0.8846, 3323
0.8849, 3322
0.8852, 3321
0.8856, 3320
0.8859, 3319
0.8862, 3318
0.8866, 3317
0.8870, 3316
0.8873, 3315
0.8876, 3314
0.8879, 3313
0.8882, 3312
0.8885, 3311
0.8889, 3310
0.8892, 3309
0.8895, 3308
0.8898, 3307
0.8902, 3306
0.8905, 3305
0.8908, 3304
0.8911, 3303
0.8914, 3302
0.8917, 3301
0.8921, 3300
0.8925, 3299
0.8928, 3298
0.8931, 3297
0.8934, 3296
0.8937, 3295
0.8941, 3294
0.8944, 3293
0.8947, 3292
0.8950, 3291
0.8953, 3290
0.8956, 3289
0.8960, 3288
0.8963, 3287
0.8966, 3286
0.8969, 3285
0.8972, 3284
0.8975, 3283
0.8979, 3282
0.8983, 3281
0.8986, 3280
0.8989, 3279
0.8992, 3278
0.8996, 3277
0.8999, 3276
0.9002, 3275
0.9006, 3274
0.9010, 3273
0.9013, 3272
0.9017, 3271
0.9020, 3270
0.9023, 3269
0.9026, 3268
0.9030, 3267
0.9033, 3266
0.9036, 3265
0.9039, 3264
0.9042, 3263
0.9046, 3262
0.9049, 3261
0.9052, 3260
0.9055, 3259
0.9058, 3258
0.9062, 3257
0.9065, 3256
0.9068, 3255
0.9071, 3254
0.9075, 3253
0.9078, 3252
0.9081, 3251
0.9084, 3250
0.9088, 3249
0.9091, 3248
0.9094, 3247
0.9097, 3246
0.9101, 3245
0.9104, 3244
0.9108, 3243
0.9111, 3242
0.9114, 3241
0.9117, 3240
0.9120, 3239
0.9123, 3238
0.9126, 3237
0.9129, 3236
0.9132, 3235
0.9135, 3234
0.9138, 3233
0.9142, 3232
0.9145, 3231
0.9148, 3230
0.9151, 3229
0.9154, 3228
0.9157, 3227
0.9161, 3226
0.9164, 3225
0.9167, 3224
0.9170, 3223
0.9173, 3222
0.9177, 3221
0.9180, 3220
0.9183, 3219
0.9186, 3218
0.9189, 3217
0.9192, 3216
0.9195, 3215
0.9198, 3214
0.9201, 3213
0.9204, 3212
0.9207, 3211
0.9210, 3210
0.9213, 3209
0.9217, 3208
0.9220, 3207
0.9224, 3206
0.9227, 3205
0.9230, 3204
0.9233, 3203
0.9237, 3202
0.9240, 3201
0.9243, 3200
0.9246, 3199
0.9250, 3198
0.9253, 3197
0.9256, 3196
0.9260, 3195
0.9263, 3194
0.9266, 3193
0.9270, 3192
0.9273, 3191
0.9277, 3190
0.9280, 3189
0.9283, 3188
0.9286, 3187
0.9289, 3186
0.9292, 3185
0.9296, 3184
0.9299, 3183
0.9302, 3182
0.9305, 3181
0.9308, 3180
0.9311, 3179
0.9314, 3178
0.9317, 3177
0.9321, 3176
0.9324, 3175
0.9328, 3174
0.9331, 3173
0.9334, 3172
0.9337, 3171
0.9340, 3170
0.9343, 3169
0.9347, 3168
0.9349, 3167
0.9352, 3166
0.9355, 3165
0.9359, 3164
0.9361, 3163
0.9365, 3162
0.9367, 3161
0.9371, 3160
0.9374, 3159
0.9377, 3158
0.9380, 3157
0.9383, 3156
0.9386, 3155
0.9389, 3154
0.9392, 3153
0.9395, 3152
0.9398, 3151
0.9401, 3150
0.9404, 3149
0.9407, 3148
0.9410, 3147
0.9413, 3146
0.9417, 3145
0.9420, 3144
0.9424, 3143
0.9427, 3142
0.9430, 3141
0.9433, 3140
0.9437, 3139
0.9440, 3138
0.9444, 3137
0.9447, 3136
0.9450, 3135
0.9453, 3134
0.9457, 3133
0.9460, 3132
0.9463, 3131
0.9466, 3130
0.9470, 3129
0.9473, 3128
0.9477, 3127
0.9480, 3126
0.9483, 3125
0.9486, 3124
0.9489, 3123
0.9492, 3122
0.9495, 3121
0.9498, 3120
0.9501, 3119
0.9504, 3118
0.9507, 3117
0.9510, 3116
0.9513, 3115
0.9516, 3114
0.9519, 3113
0.9522, 3112
0.9525, 3111
0.9528, 3110
0.9531, 3109
0.9534, 3108
0.9537, 3107
0.9540, 3106
0.9543, 3105
0.9546, 3104
0.9549, 3103
0.9552, 3102
0.9555, 3101
0.9558, 3100
0.9561, 3099
0.9565, 3098
0.9568, 3097
0.9571, 3096
0.9574, 3095
0.9577, 3094
0.9580, 3093
0.9583, 3092
0.9587, 3091
0.9589, 3090
0.9592, 3089
0.9595, 3088
0.9598, 3087
0.9601, 3086
0.9604, 3085
0.9607, 3084
0.9610, 3083
0.9613, 3082
0.9616, 3081
0.9619, 3080
0.9622, 3079
0.9625, 3078
0.9628, 3077
0.9632, 3076
0.9635, 3075
0.9638, 3074
0.9641, 3073
0.9644, 3072
0.9647, 3071
0.9650, 3070
0.9653, 3069
0.9657, 3068
0.9660, 3067
0.9663, 3066
0.9665, 3065
0.9668, 3064
0.9671, 3063
0.9674, 3062
0.9677, 3061
0.9679, 3060
0.9682, 3059
0.9685, 3058
0.9688, 3057
0.9691, 3056
0.9693, 3055
0.9697, 3054
0.9699, 3053
0.9702, 3052
0.9705, 3051
0.9708, 3050
0.9711, 3049
0.9714, 3048
0.9718, 3047
0.9721, 3046
0.9724, 3045
0.9727, 3044
0.9730, 3043
0.9733, 3042
0.9735, 3041
0.9738, 3040
0.9741, 3039
0.9744, 3038
0.9747, 3037
0.9750, 3036
0.9753, 3035
0.9756, 3034
0.9758, 3033
0.9761, 3032
0.9764, 3031
0.9767, 3030
0.9770, 3029
0.9773, 3028
0.9776, 3027
0.9779, 3026
0.9782, 3025
0.9785, 3024
0.9788, 3023
0.9791, 3022
0.9793, 3021
0.9796, 3020
0.9799, 3019
0.9802, 3018
0.9805, 3017
0.9807, 3016
0.9810, 3015
0.9813, 3014
0.9816, 3013
0.9819, 3012
0.9822, 3011
0.9825, 3010
0.9828, 3009
0.9831, 3008
0.9834, 3007
0.9837, 3006
0.9839, 3005
0.9842, 3004
0.9845, 3003
0.9848, 3002
0.9851, 3001
0.9854, 3000
0.9857, 2999
0.9860, 2998
0.9863, 2997
0.9866, 2996
0.9869, 2995
0.9872, 2994
0.9875, 2993
0.9878, 2992
0.9881, 2991
0.9884, 2990
0.9887, 2989
0.9890, 2988
0.9893, 2987
0.9895, 2986
0.9898, 2985
0.9901, 2984
0.9904, 2983
0.9907, 2982
0.9910, 2981
0.9913, 2980
0.9916, 2979
0.9919, 2978
0.9922, 2977
0.9925, 2976
0.9928, 2975
0.9932, 2974
0.9934, 2973
0.9937, 2972
0.9941, 2971
0.9944, 2970
0.9947, 2969
0.9950, 2968
0.9953, 2967
0.9956, 2966
0.9959, 2965
0.9962, 2964
0.9965, 2963
0.9967, 2962
0.9970, 2961
0.9973, 2960
0.9976, 2959
0.9979, 2958
0.9982, 2957
0.9985, 2956
0.9988, 2955
0.9992, 2954
0.9995, 2953
0.9998, 2952
1.0001, 2951
1.0004, 2950
1.0007, 2949
1.0010, 2948
1.0013, 2947
1.0016, 2946
1.0018, 2945
1.0021, 2944
1.0024, 2943
1.0027, 2942
1.0030, 2941
1.0033, 2940
1.0036, 2939
1.0039, 2938
1.0042, 2937
1.0045, 2936
1.0048, 2935
1.0051, 2934
1.0053, 2933
1.0056, 2932
1.0060, 2931
1.0062, 2930
1.0066, 2929
1.0069, 2928
1.0072, 2927
1.0075, 2926
1.0078, 2925
1.0081, 2924
1.0084, 2923
1.0087, 2922
1.0090, 2921
1.0093, 2920
1.0095, 2919
1.0099, 2918
1.0102, 2917
1.0106, 2916
1.0109, 2915
1.0112, 2914
1.0115, 2913
1.0118, 2912
1.0121, 2911
1.0124, 2910
1.0127, 2909
1.0130, 2908
1.0133, 2907
1.0136, 2906
1.0139, 2905
1.0142, 2904
1.0145, 2903
1.0148, 2902
1.0151, 2901
1.0154, 2900
1.0157, 2899
1.0160, 2898
1.0163, 2897
1.0166, 2896
1.0169, 2895
1.0172, 2894
1.0175, 2893
1.0178, 2892
1.0181, 2891
1.0184, 2890
1.0187, 2889
1.0190, 2888
1.0193, 2887
1.0196, 2886
1.0199, 2885
1.0203, 2884
1.0206, 2883
1.0209, 2882
1.0211, 2881
1.0214, 2880
1.0217, 2879
1.0220, 2878
1.0223, 2877
1.0226, 2876
1.0229, 2875
1.0232, 2874
1.0235, 2873
1.0238, 2872
1.0241, 2871
1.0244, 2870
1.0247, 2869
1.0250, 2868
1.0253, 2867
1.0256, 2866
1.0259, 2865
1.0262, 2864
1.0265, 2863
1.0268, 2862
1.0271, 2861
1.0274, 2860
1.0277, 2859
1.0280, 2858
1.0282, 2857
1.0285, 2856
1.0288, 2855
1.0290, 2854
1.0293, 2853
1.0296, 2852
1.0299, 2851
1.0301, 2850
1.0304, 2849
1.0307, 2848
1.0309, 2847
1.0312, 2846
1.0315, 2845
1.0319, 2844
1.0321, 2843
1.0324, 2842
1.0327, 2841
1.0330, 2840
1.0333, 2839
1.0336, 2838
1.0338, 2837
1.0341, 2836
1.0344, 2835
1.0347, 2834
1.0350, 2833
1.0353, 2832
1.0356, 2831
1.0359, 2830
1.0362, 2829
1.0365, 2828
1.0368, 2827
1.0371, 2826
1.0374, 2825
1.0377, 2824
1.0380, 2823
1.0383, 2822
1.0385, 2821
1.0388, 2820
1.0391, 2819
1.0394, 2818
1.0397, 2817
1.0400, 2816
1.0402, 2815
1.0405, 2814
1.0408, 2813
1.0411, 2812
1.0414, 2811
1.0417, 2810
1.0419, 2809
1.0422, 2808
1.0425, 2807
1.0428, 2806
1.0431, 2805
1.0434, 2804
1.0437, 2803
1.0439, 2802
1.0442, 2801
1.0445, 2800
1.0448, 2799
1.0450, 2798
1.0453, 2797
1.0456, 2796
1.0459, 2795
1.0462, 2794
1.0465, 2793
1.0467, 2792
1.0470, 2791
1.0473, 2790
1.0476, 2789
1.0479, 2788
1.0481, 2787
1.0484, 2786
1.0487, 2785
1.0489, 2784
1.0492, 2783
1.0495, 2782
1.0498, 2781
1.0500, 2780
1.0503, 2779
1.0506, 2778
1.0509, 2777
1.0511, 2776
1.0514, 2775
1.0517, 2774
1.0520, 2773
1.0523, 2772
1.0526, 2771
1.0529, 2770
1.0532, 2769
1.0534, 2768
1.0537, 2767
1.0540, 2766
1.0542, 2765
1.0545, 2764
1.0548, 2763
1.0550, 2762
1.0553, 2761
1.0556, 2760
1.0558, 2759
1.0561, 2758
1.0564, 2757
1.0566, 2756
1.0569, 2755
1.0572, 2754
1.0574, 2753
1.0577, 2752
1.0580, 2751
1.0583, 2750
1.0586, 2749
1.0589, 2748
1.0591, 2747
1.0594, 2746
1.0597, 2745
1.0600, 2744
1.0602, 2743
1.0605, 2742
1.0608, 2741
1.0610, 2740
1.0613, 2739
1.0618, 2738
1.0621, 2737
1.0624, 2736
1.0626, 2735
1.0629, 2734
1.0632, 2733
1.0635, 2732
1.0638, 2731
1.0641, 2730
1.0643, 2729
1.0646, 2728
1.0649, 2727
1.0652, 2726
1.0655, 2725
1.0658, 2724
1.0660, 2723
1.0663, 2722
1.0666, 2721
1.0668, 2720
1.0671, 2719
1.0674, 2718
1.0676, 2717
1.0679, 2716
1.0682, 2715
1.0685, 2714
1.0688, 2713
1.0691, 2712
1.0693, 2711
1.0696, 2710
1.0699, 2709
1.0702, 2708
1.0704, 2707
1.0707, 2706
1.0710, 2705
1.0713, 2704
1.0715, 2703
1.0718, 2702
1.0721, 2701
1.0723, 2700
1.0726, 2699
1.0729, 2698
1.0732, 2697
1.0734, 2696
1.0737, 2695
1.0739, 2694
1.0742, 2693
1.0745, 2692
1.0748, 2691
1.0750, 2690
1.0753, 2689
1.0756, 2688
1.0759, 2687
1.0762, 2686
1.0765, 2685
1.0768, 2684
1.0771, 2683
1.0774, 2682
1.0777, 2681
1.0779, 2680
1.0782, 2679
1.0785, 2678
1.0787, 2677
1.0790, 2676
1.0793, 2675
1.0795, 2674
1.0798, 2673
1.0801, 2672
1.0804, 2671
1.0807, 2670
1.0810, 2669
1.0812, 2668
1.0815, 2667
1.0817, 2666
1.0820, 2665
1.0822, 2664
1.0825, 2663
1.0828, 2662
1.0830, 2661
1.0833, 2660
1.0835, 2659
1.0838, 2658
1.0841, 2657
1.0844, 2656
1.0846, 2655
1.0849, 2654
1.0852, 2653
1.0854, 2652
1.0857, 2651
1.0860, 2650
1.0862, 2649
1.0865, 2648
1.0868, 2647
1.0871, 2646
1.0873, 2645
1.0876, 2644
1.0879, 2643
1.0881, 2642
1.0884, 2641
1.0887, 2640
1.0890, 2639
1.0893, 2638
1.0895, 2637
1.0898, 2636
1.0901, 2635
1.0903, 2634
1.0906, 2633
1.0909, 2632
1.0911, 2631
1.0914, 2630
1.0916, 2629
1.0919, 2628
1.0922, 2627
1.0924, 2626
1.0928, 2625
1.0930, 2624
1.0933, 2623
1.0936, 2622
1.0939, 2621
1.0941, 2620
1.0944, 2619
1.0946, 2618
1.0949, 2617
1.0952, 2616
1.0955, 2615
1.0957, 2614
1.0960, 2613
1.0963, 2612
1.0965, 2611
1.0968, 2610
1.0970, 2609
1.0973, 2608
1.0976, 2607
1.0978, 2606
1.0981, 2605
1.0983, 2604
1.0986, 2603
1.0989, 2602
1.0991, 2601
1.0994, 2600
1.0996, 2599
1.0999, 2598
1.1001, 2597
1.1004, 2596
1.1007, 2595
1.1009, 2594
1.1012, 2593
1.1015, 2592
1.1017, 2591
1.1020, 2590
1.1022, 2589
1.1025, 2588
1.1028, 2587
1.1030, 2586
1.1033, 2585
1.1035, 2584
1.1038, 2583
1.1040, 2582
1.1043, 2581
1.1046, 2580
1.1048, 2579
1.1051, 2578
1.1054, 2577
1.1056, 2576
1.1059, 2575
1.1061, 2574
1.1064, 2573
1.1067, 2572
1.1070, 2571
1.1072, 2570
1.1075, 2569
1.1077, 2568
1.1080, 2567
1.1146, 2566
1.1232, 2565
1.1337, 2564
1.1339, 2563
1.1423, 2562
1.1426, 2561
1.1468, 2560
1.1511, 2559
1.1741, 2558
1.1827, 2557
1.2124, 2556
1.2190, 2555
1.2255, 2554
1.2427, 2553
1.2429, 2552
1.2431, 2551
1.2501, 2550
1.2691, 2549
1.2694, 2548
1.2738, 2547
1.2907, 2546
1.2951, 2545
1.2973, 2544
1.2997, 2543
1.2999, 2542
1.3002, 2541
1.3046, 2540
1.3111, 2539
1.3113, 2538
1.3282, 2537
1.3367, 2536
1.3452, 2535
1.3455, 2534
1.3540, 2533
1.3605, 2532
1.3669, 2531
1.3921, 2530
1.4069, 2529
1.4072, 2528
1.4095, 2527
1.4097, 2526
1.4183, 2525
1.4248, 2524
1.4250, 2523
1.4293, 2522
1.4296, 2521
1.4382, 2520
1.4406, 2519
1.4430, 2518
1.4453, 2517
1.4518, 2516
1.4520, 2515
1.4585, 2514
1.4588, 2513
1.4590, 2512
1.4675, 2511
1.5371, 2510
1.5518, 2509
1.5520, 2508
1.5772, 2507
1.5940, 2506
1.6171, 2505
1.6173, 2504
1.6217, 2503
1.6281, 2502
1.6409, 2501
1.6680, 2500
1.6891, 2499
1.6915, 2498
1.7023, 2497
1.7025, 2496
1.7028, 2495
1.7093, 2494
1.7199, 2493
1.7284, 2492
1.7286, 2491
1.7372, 2490
1.7416, 2489
1.7419, 2488
1.7421, 2487
1.7423, 2486
1.7426, 2485
1.7491, 2484
1.7493, 2483
1.7516, 2482
1.7666, 2481
1.7668, 2480
1.7671, 2479
1.7882, 2478
1.7884, 2477
1.8013, 2476
1.8058, 2475
1.8123, 2474
1.8167, 2473
1.8211, 2472
1.8214, 2471
1.8216, 2470
1.8218, 2469
1.8407, 2468
1.8534, 2467
1.8577, 2466
1.8580, 2465
1.8582, 2464
1.8584, 2463
1.8753, 2462
1.8900, 2461
1.8986, 2460
1.9155, 2459
1.9157, 2458
1.9263, 2457
1.9265, 2456
1.9267, 2455
1.9332, 2454
1.9397, 2453
1.9399, 2452
1.9568, 2451
1.9695, 2450
1.9781, 2449
1.9804, 2448
1.9868, 2447
2.0079, 2446
2.0267, 2445
2.0334, 2444
2.0441, 2443
2.0488, 2442
2.0764, 2441
2.0953, 2440
2.1038, 2439
2.1061, 2438
2.1291, 2437
2.1355, 2436
2.1420, 2435
2.1525, 2434
2.1799, 2433
2.1842, 2432
2.2033, 2431
2.2098, 2430
2.2121, 2429
2.2476, 2428
2.2541, 2427
2.2793, 2426
2.2796, 2425
2.2798, 2424
2.3074, 2423
2.3141, 2422
2.3144, 2421
2.3250, 2420
2.3378, 2419
2.3631, 2418
2.3696, 2417
2.3844, 2416
2.3950, 2415
2.3952, 2414
2.4100, 2413
2.4206, 2412
2.4292, 2411
2.4357, 2410
2.4359, 2409
2.4382, 2408
2.4384, 2407
2.4490, 2406
2.4492, 2405
2.4557, 2404
2.4559, 2403
2.4562, 2402
2.4626, 2401
2.4793, 2400
2.4795, 2399
2.4922, 2398
2.4986, 2397
2.4989, 2396
2.5012, 2395
2.5014, 2394
2.5119, 2393
2.5163, 2392
2.5165, 2391
2.5209, 2390
2.5211, 2389
2.5380, 2388
2.5486, 2387
2.5529, 2386
2.5573, 2385
2.5575, 2384
2.5642, 2383
2.5644, 2382
2.5730, 2381
2.5732, 2380
2.5734, 2379
2.5801, 2378
2.5804, 2377
2.5806, 2376
2.5894, 2375
2.5896, 2374
2.6004, 2373
2.6006, 2372
2.6009, 2371
2.6157, 2370
2.6159, 2369
2.6182, 2368
2.6226, 2367
2.6228, 2366
2.6231, 2365
2.6317, 2364
2.6319, 2363
2.6322, 2362
2.6324, 2361
2.6326, 2360
2.6329, 2359
2.6540, 2358
2.6542, 2357
2.6586, 2356
2.6588, 2355
2.6675, 2354
2.6677, 2353
2.6680, 2352
2.6682, 2351
2.6727, 2350
2.6750, 2349
2.6898, 2348
2.6963, 2347
2.7028, 2346
2.7072, 2345
2.7116, 2344
2.7263, 2343
2.7452, 2342
2.7516, 2341
2.7684, 2340
2.7707, 2339
2.7709, 2338
2.7898, 2337
2.7921, 2336
2.7924, 2335
2.7969, 2334
2.8221, 2333
2.8390, 2332
2.8392, 2331
2.8395, 2330
2.8459, 2329
2.8502, 2328
2.8504, 2327
2.8653, 2326
2.8656, 2325
2.9012, 2324
2.9014, 2323
2.9290, 2322
2.9957, 2321
2.9980, 2320
3.0003, 2319
3.0047, 2318
3.0049, 2317
3.0093, 2316
3.0095, 2315
3.0118, 2314
3.0161, 2313
3.0184, 2312
3.0331, 2311
3.0375, 2310
3.0439, 2309
3.0441, 2308
3.0485, 2307
3.0487, 2306
3.0633, 2305
3.0636, 2304
3.0720, 2303
3.0723, 2302
3.0746, 2301
3.0831, 2300
3.0895, 2299
3.0897, 2298
3.0962, 2297
3.0965, 2296
3.1008, 2295
3.1010, 2294
3.1095, 2293
3.1139, 2292
3.1265, 2291
3.1353, 2290
3.1459, 2289
3.1462, 2288
3.1547, 2287
3.1549, 2286
3.1572, 2285
3.1574, 2284
3.1722, 2283
3.1869, 2282
3.1935, 2281
3.2144, 2280
3.2187, 2279
3.2253, 2278
3.2608, 2277
3.2653, 2276
3.2655, 2275
3.2657, 2274
3.2659, 2273
3.2724, 2272
3.2727, 2271
3.2791, 2270
3.2855, 2269
3.2857, 2268
3.2860, 2267
3.2862, 2266
3.2864, 2265
3.2990, 2264
3.3074, 2263
3.3180, 2262
3.3183, 2261
3.3268, 2260
3.3478, 2259
3.3521, 2258
3.3585, 2257
3.3672, 2256
3.3674, 2255
3.3677, 2254
3.3866, 2253
3.3868, 2252
3.3870, 2251
3.3872, 2250
3.4041, 2249
3.4085, 2248
3.4129, 2247
3.4237, 2246
3.4281, 2245
3.4327, 2244
3.4455, 2243
3.4458, 2242
3.4502, 2241
3.4609, 2240
3.4674, 2239
3.4676, 2238
3.4827, 2237
3.4870, 2236
3.4997, 2235
3.5061, 2234
3.5207, 2233
3.5230, 2232
3.5294, 2231
3.5297, 2230
3.5484, 2229
3.5507, 2228
3.5550, 2227
3.5799, 2226
3.5924, 2225
3.5926, 2224
3.6053, 2223
3.6366, 2222
3.6989, 2221
3.7607, 2220
3.7878, 2219
3.7943, 2218
3.8131, 2217
3.8194, 2216
3.8279, 2215
3.8774, 2214
4.0047, 2213
4.0049, 2212
4.0135, 2211
