0.6520, 3931
0.6523, 3930
0.6527, 3929
0.6530, 3928
0.6534, 3927
0.6538, 3926
0.6541, 3925
0.6544, 3924
0.6548, 3923
0.6551, 3922
0.6554, 3921
0.6558, 3920
0.6561, 3919
0.6564, 3918
0.6567, 3917
0.6571, 3916
0.6574, 3915
0.6577, 3914
0.6580, 3913
0.6584, 3912
0.6587, 3911
0.6590, 3910
0.6594, 3909
0.6597, 3908
0.6600, 3907
0.6603, 3906
0.6607, 3905
0.6610, 3904
0.6613, 3903
0.6616, 3902
0.6620, 3901
0.6623, 3900
0.6626, 3899
0.6629, 3898
0.6633, 3897
0.6636, 3896
0.6639, 3895
0.6643, 3894
0.6646, 3893
0.6649, 3892
0.6653, 3891
0.6656, 3890
0.6659, 3889
0.6663, 3888
0.6666, 3887
0.6670, 3886
0.6673, 3885
0.6677, 3884
0.6680, 3883
0.6684, 3882
0.6687, 3881
0.6691, 3880
0.6694, 3879
0.6698, 3878
0.6701, 3877
0.6705, 3876
0.6708, 3875
0.6711, 3874
0.6715, 3873
0.6718, 3872
0.6721, 3871
0.6725, 3870
0.6728, 3869
0.6732, 3868
0.6735, 3867
0.6738, 3866
0.6742, 3865
0.6746, 3864
0.6749, 3863
0.6752, 3862
0.6756, 3861
0.6759, 3860
0.6762, 3859
0.6766, 3858
0.6769, 3857
0.6772, 3856
0.6776, 3855
0.6779, 3854
0.6782, 3853
0.6786, 3852
0.6789, 3851
0.6792, 3850
0.6796, 3849
0.6799, 3848
0.6803, 3847
0.6806, 3846
0.6809, 3845
0.6813, 3844
0.6816, 3843
0.6820, 3842
0.6823, 3841
0.6827, 3840
0.6830, 3839
0.6833, 3838
0.6837, 3837
0.6840, 3836
0.6844, 3835
0.6847, 3834
0.6851, 3833
0.6854, 3832
0.6858, 3831
0.6861, 3830
0.6864, 3829
0.6868, 3828
0.6871, 3827
0.6875, 3826
0.6878, 3825
0.6881, 3824
0.6884, 3823
0.6888, 3822
0.6891, 3821
0.6894, 3820
0.6898, 3819
0.6901, 3818
0.6904, 3817
0.6908, 3816
0.6911, 3815
0.6915, 3814
0.6918, 3813
0.6921, 3812
0.6925, 3811
0.6928, 3810
0.6931, 3809
0.6935, 3808
0.6938, 3807
0.6942, 3806
0.6946, 3805
0.6949, 3804
0.6953, 3803
0.6956, 3802
0.6960, 3801
0.6963, 3800
0.6967, 3799
0.6970, 3798
0.6974, 3797
0.6977, 3796
0.6980, 3795
0.6984, 3794
0.6987, 3793
0.6990, 3792
0.6994, 3791
0.6997, 3790
0.7001, 3789
0.7004, 3788
0.7007, 3787
0.7011, 3786
0.7014, 3785
0.7018, 3784
0.7021, 3783
0.7024, 3782
0.7028, 3781
0.7032, 3780
0.7035, 3779
0.7038, 3778
0.7041, 3777
0.7045, 3776
0.7048, 3775
0.7051, 3774
0.7054, 3773
0.7058, 3772
0.7061, 3771
0.7064, 3770
0.7067, 3769
0.7070, 3768
0.7074, 3767
0.7077, 3766
0.7080, 3765
0.7084, 3764
0.7088, 3763
0.7091, 3762
0.7095, 3761
0.7098, 3760
0.7102, 3759
0.7105, 3758
0.7109, 3757
0.7112, 3756
0.7115, 3755
0.7119, 3754
0.7122, 3753
0.7126, 3752
0.7129, 3751
0.7132, 3750
0.7136, 3749
0.7139, 3748
0.7142, 3747
0.7146, 3746
0.7149, 3745
0.7152, 3744
0.7156, 3743
0.7159, 3742
0.7162, 3741
0.7165, 3740
0.7168, 3739
0.7172, 3738
0.7175, 3737
0.7178, 3736
0.7181, 3735
0.7185, 3734
0.7188, 3733
0.7191, 3732
0.7194, 3731
0.7198, 3730
0.7201, 3729
0.7204, 3728
0.7208, 3727
0.7211, 3726
0.7214, 3725
0.7217, 3724
0.7221, 3723
0.7224, 3722
0.7227, 3721
0.7231, 3720
0.7234, 3719
0.7238, 3718
0.7241, 3717
0.7244, 3716
0.7247, 3715
0.7251, 3714
0.7254, 3713
0.7258, 3712
0.7261, 3711
0.7265, 3710
0.7268, 3709
0.7271, 3708
0.7274, 3707
0.7278, 3706
0.7281, 3705
0.7285, 3704
0.7288, 3703
0.7291, 3702
0.7295, 3701
0.7298, 3700
0.7301, 3699
0.7305, 3698
0.7308, 3697
0.7312, 3696
0.7315, 3695
0.7319, 3694
0.7322, 3693
0.7326, 3692
0.7329, 3691
0.7332, 3690
0.7336, 3689
0.7339, 3688
0.7342, 3687
0.7345, 3686
0.7349, 3685
0.7352, 3684
0.7356, 3683
0.7359, 3682
0.7363, 3681
0.7366, 3680
0.7369, 3679
0.7372, 3678
0.7376, 3677
0.7379, 3676
0.7382, 3675
0.7385, 3674
0.7388, 3673
0.7392, 3672
0.7395, 3671
0.7398, 3670
0.7401, 3669
0.7405, 3668
0.7408, 3667
0.7412, 3666
0.7415, 3665
0.7418, 3664
0.7422, 3663
0.7425, 3662
0.7428, 3661
0.7431, 3660
0.7434, 3659
0.7439, 3658
0.7442, 3657
0.7445, 3656
0.7448, 3655
0.7452, 3654
0.7455, 3653
0.7458, 3652
0.7462, 3651
0.7465, 3650
0.7468, 3649
0.7471, 3648
0.7474, 3647
0.7478, 3646
0.7481, 3645
0.7484, 3644
0.7488, 3643
0.7491, 3642
0.7494, 3641
0.7497, 3640
0.7500, 3639
0.7504, 3638
0.7507, 3637
0.7510, 3636
0.7513, 3635
0.7516, 3634
0.7520, 3633
0.7523, 3632
0.7527, 3631
0.7530, 3630
0.7533, 3629
0.7536, 3628
0.7540, 3627
0.7543, 3626
0.7546, 3625
0.7549, 3624
0.7553, 3623
0.7556, 3622
0.7559, 3621
0.7562, 3620
0.7566, 3619
0.7569, 3618
0.7572, 3617
0.7575, 3616
0.7578, 3615
0.7581, 3614
0.7585, 3613
0.7588, 3612
0.7591, 3611
0.7594, 3610
0.7598, 3609
0.7601, 3608
0.7604, 3607
0.7607, 3606
0.7610, 3605
0.7614, 3604
0.7617, 3603
0.7620, 3602
0.7623, 3601
0.7627, 3600
0.7630, 3599
0.7633, 3598
0.7637, 3597
0.7640, 3596
0.7643, 3595
0.7646, 3594
0.7650, 3593
0.7653, 3592
0.7656, 3591
0.7659, 3590
0.7662, 3589
0.7666, 3588
0.7669, 3587
0.7672, 3586
0.7675, 3585
0.7679, 3584
0.7682, 3583
0.7685, 3582
0.7688, 3581
0.7692, 3580
0.7695, 3579
0.7698, 3578
0.7701, 3577
0.7705, 3576
0.7708, 3575
0.7711, 3574
0.7714, 3573
0.7717, 3572
0.7720, 3571
0.7723, 3570
0.7727, 3569
0.7730, 3568
0.7733, 3567
0.7736, 3566
0.7739, 3565
0.7742, 3564
0.7745, 3563
0.7748, 3562
0.7752, 3561
0.7755, 3560
0.7758, 3559
0.7761, 3558
0.7764, 3557
0.7767, 3556
0.7770, 3555
0.7774, 3554
0.7777, 3553
0.7780, 3552
0.7783, 3551
0.7787, 3550
0.7790, 3549
0.7793, 3548
0.7797, 3547
0.7800, 3546
0.7803, 3545
0.7806, 3544
0.7809, 3543
0.7812, 3542
0.7816, 3541
0.7819, 3540
0.7823, 3539
0.7826, 3538
0.7829, 3537
0.7832, 3536
0.7835, 3535
0.7839, 3534
0.7842, 3533
0.7845, 3532
0.7849, 3531
0.7852, 3530
0.7855, 3529
0.7858, 3528
0.7861, 3527
0.7864, 3526
0.7868, 3525
0.7871, 3524
0.7874, 3523
0.7878, 3522
0.7881, 3521
0.7884, 3520
0.7887, 3519
0.7890, 3518
0.7893, 3517
0.7897, 3516
0.7900, 3515
0.7904, 3514
0.7908, 3513
0.7912, 3512
0.7915, 3511
0.7919, 3510
0.7922, 3509
0.7925, 3508
0.7928, 3507
0.7931, 3506
0.7934, 3505
0.7938, 3504
0.7941, 3503
0.7944, 3502
0.7947, 3501
0.7951, 3500
0.7954, 3499
0.7957, 3498
0.7960, 3497
0.7963, 3496
0.7966, 3495
0.7969, 3494
0.7973, 3493
0.7976, 3492
0.7979, 3491
0.7982, 3490
0.7985, 3489
0.7989, 3488
0.7992, 3487
0.7995, 3486
0.7998, 3485
0.8001, 3484
0.8004, 3483
0.8008, 3482
0.8011, 3481
0.8014, 3480
0.8017, 3479
0.8020, 3478
0.8023, 3477
0.8027, 3476
0.8030, 3475
0.8033, 3474
0.8036, 3473
0.8039, 3472
0.8042, 3471
0.8046, 3470
0.8049, 3469
0.8052, 3468
0.8055, 3467
0.8059, 3466
0.8062, 3465
0.8068, 3464
0.8071, 3463
0.8075, 3462
0.8078, 3461
0.8081, 3460
0.8084, 3459
0.8087, 3458
0.8091, 3457
0.8094, 3456
0.8097, 3455
0.8100, 3454
0.8103, 3453
0.8106, 3452
0.8109, 3451
0.8112, 3450
0.8115, 3449
0.8118, 3448
0.8121, 3447
0.8124, 3446
0.8128, 3445
0.8131, 3444
0.8134, 3443
0.8137, 3442
0.8141, 3441
0.8144, 3440
0.8147, 3439
0.8150, 3438
0.8153, 3437
0.8156, 3436
0.8160, 3435
0.8163, 3434
0.8166, 3433
0.8169, 3432
0.8172, 3431
0.8175, 3430
0.8179, 3429
0.8182, 3428
0.8185, 3427
0.8188, 3426
0.8191, 3425
0.8195, 3424
0.8198, 3423
0.8201, 3422
0.8204, 3421
0.8207, 3420
0.8211, 3419
0.8214, 3418
0.8217, 3417
0.8220, 3416
0.8223, 3415
0.8226, 3414
0.8229, 3413
0.8232, 3412
0.8236, 3411
0.8239, 3410
0.8242, 3409
0.8245, 3408
0.8248, 3407
0.8252, 3406
0.8255, 3405
0.8258, 3404
0.8261, 3403
0.8264, 3402
0.8268, 3401
0.8271, 3400
0.8274, 3399
0.8278, 3398
0.8281, 3397
0.8284, 3396
0.8287, 3395
0.8290, 3394
0.8293, 3393
0.8297, 3392
0.8300, 3391
0.8303, 3390
0.8306, 3389
0.8309, 3388
0.8313, 3387
0.8316, 3386
0.8319, 3385
0.8323, 3384
0.8326, 3383
0.8329, 3382
0.8332, 3381
0.8336, 3380
0.8339, 3379
0.8342, 3378
0.8346, 3377
0.8349, 3376
0.8352, 3375
0.8355, 3374
0.8358, 3373
0.8362, 3372
0.8365, 3371
0.8368, 3370
0.8371, 3369
0.8374, 3368
0.8378, 3367
0.8381, 3366
0.8384, 3365
0.8387, 3364
0.8391, 3363
0.8394, 3362
0.8397, 3361
0.8400, 3360
0.8404, 3359
0.8407, 3358
0.8410, 3357
0.8413, 3356
0.8416, 3355
0.8419, 3354
0.8422, 3353
0.8426, 3352
0.8429, 3351
0.8432, 3350
0.8435, 3349
0.8438, 3348
0.8441, 3347
0.8444, 3346
0.8447, 3345
0.8450, 3344
0.8453, 3343
0.8456, 3342
0.8459, 3341
0.8462, 3340
0.8465, 3339
0.8468, 3338
0.8471, 3337
0.8474, 3336
0.8477, 3335
0.8480, 3334
0.8483, 3333
0.8486, 3332
0.8489, 3331
0.8492, 3330
0.8495, 3329
0.8498, 3328
0.8501, 3327
0.8504, 3326
0.8507, 3325
0.8510, 3324
0.8513, 3323
0.8517, 3322
0.8520, 3321
0.8523, 3320
0.8526, 3319
0.8530, 3318
0.8534, 3317
0.8537, 3316
0.8540, 3315
0.8543, 3314
0.8546, 3313
0.8549, 3312
0.8553, 3311
0.8556, 3310
0.8559, 3309
0.8562, 3308
0.8566, 3307
0.8569, 3306
0.8573, 3305
0.8576, 3304
0.8579, 3303
0.8582, 3302
0.8585, 3301
0.8589, 3300
0.8592, 3299
0.8595, 3298
0.8598, 3297
0.8601, 3296
0.8605, 3295
0.8608, 3294
0.8611, 3293
0.8614, 3292
0.8617, 3291
0.8620, 3290
0.8623, 3289
0.8627, 3288
0.8630, 3287
0.8633, 3286
0.8636, 3285
0.8640, 3284
0.8643, 3283
0.8646, 3282
0.8650, 3281
0.8653, 3280
0.8656, 3279
0.8659, 3278
0.8663, 3277
0.8666, 3276
0.8669, 3275
0.8673, 3274
0.8676, 3273
0.8679, 3272
0.8682, 3271
0.8686, 3270
0.8689, 3269
0.8692, 3268
0.8696, 3267
0.8699, 3266
0.8702, 3265
0.8705, 3264
0.8708, 3263
0.8711, 3262
0.8714, 3261
0.8717, 3260
0.8720, 3259
0.8723, 3258
0.8727, 3257
0.8730, 3256
0.8733, 3255
0.8736, 3254
0.8739, 3253
0.8742, 3252
0.8745, 3251
0.8748, 3250
0.8751, 3249
0.8755, 3248
0.8757, 3247
0.8761, 3246
0.8764, 3245
0.8767, 3244
0.8770, 3243
0.8773, 3242
0.8776, 3241
0.8779, 3240
0.8782, 3239
0.8785, 3238
0.8788, 3237
0.8791, 3236
0.8794, 3235
0.8797, 3234
0.8800, 3233
0.8803, 3232
0.8807, 3231
0.8810, 3230
0.8812, 3229
0.8816, 3228
0.8819, 3227
0.8822, 3226
0.8826, 3225
0.8829, 3224
0.8831, 3223
0.8834, 3222
0.8837, 3221
0.8841, 3220
0.8844, 3219
0.8847, 3218
0.8850, 3217
0.8853, 3216
0.8856, 3215
0.8859, 3214
0.8862, 3213
0.8865, 3212
0.8868, 3211
0.8872, 3210
0.8876, 3209
0.8879, 3208
0.8883, 3207
0.8886, 3206
0.8889, 3205
0.8893, 3204
0.8896, 3203
0.8899, 3202
0.8902, 3201
0.8906, 3200
0.8909, 3199
0.8912, 3198
0.8915, 3197
0.8918, 3196
0.8921, 3195
0.8924, 3194
0.8927, 3193
0.8930, 3192
0.8933, 3191
0.8937, 3190
0.8939, 3189
0.8942, 3188
0.8946, 3187
0.8949, 3186
0.8952, 3185
0.8955, 3184
0.8958, 3183
0.8961, 3182
0.8963, 3181
0.8966, 3180
0.8969, 3179
0.8972, 3178
0.8975, 3177
0.8979, 3176
0.8984, 3175
0.8987, 3174
0.8990, 3173
0.8993, 3172
0.8996, 3171
0.8999, 3170
0.9002, 3169
0.9005, 3168
0.9008, 3167
0.9011, 3166
0.9014, 3165
0.9017, 3164
0.9020, 3163
0.9023, 3162
0.9026, 3161
0.9030, 3160
0.9033, 3159
0.9036, 3158
0.9039, 3157
0.9042, 3156
0.9045, 3155
0.9048, 3154
0.9051, 3153
0.9055, 3152
0.9058, 3151
0.9061, 3150
0.9064, 3149
0.9067, 3148
0.9070, 3147
0.9075, 3146
0.9077, 3145
0.9080, 3144
0.9083, 3143
0.9086, 3142
0.9089, 3141
0.9093, 3140
0.9097, 3139
0.9099, 3138
0.9103, 3137
0.9105, 3136
0.9109, 3135
0.9112, 3134
0.9115, 3133
0.9118, 3132
0.9121, 3131
0.9124, 3130
0.9128, 3129
0.9131, 3128
0.9134, 3127
0.9137, 3126
0.9140, 3125
0.9143, 3124
0.9146, 3123
0.9149, 3122
0.9152, 3121
0.9154, 3120
0.9158, 3119
0.9161, 3118
0.9163, 3117
0.9166, 3116
0.9169, 3115
0.9172, 3114
0.9175, 3113
0.9178, 3112
0.9181, 3111
0.9184, 3110
0.9187, 3109
0.9190, 3108
0.9193, 3107
0.9196, 3106
0.9199, 3105
0.9202, 3104
0.9205, 3103
0.9208, 3102
0.9211, 3101
0.9214, 3100
0.9217, 3099
0.9220, 3098
0.9223, 3097
0.9226, 3096
0.9229, 3095
0.9232, 3094
0.9235, 3093
0.9238, 3092
0.9240, 3091
0.9243, 3090
0.9246, 3089
0.9249, 3088
0.9252, 3087
0.9254, 3086
0.9257, 3085
0.9260, 3084
0.9263, 3083
0.9266, 3082
0.9269, 3081
0.9272, 3080
0.9275, 3079
0.9277, 3078
0.9281, 3077
0.9284, 3076
0.9287, 3075
0.9290, 3074
0.9292, 3073
0.9295, 3072
0.9298, 3071
0.9301, 3070
0.9304, 3069
0.9307, 3068
0.9310, 3067
0.9313, 3066
0.9317, 3065
0.9320, 3064
0.9323, 3063
0.9326, 3062
0.9329, 3061
0.9332, 3060
0.9335, 3059
0.9338, 3058
0.9340, 3057
0.9343, 3056
0.9346, 3055
0.9349, 3054
0.9352, 3053
0.9355, 3052
0.9358, 3051
0.9362, 3050
0.9365, 3049
0.9368, 3048
0.9371, 3047
0.9374, 3046
0.9377, 3045
0.9380, 3044
0.9383, 3043
0.9386, 3042
0.9389, 3041
0.9392, 3040
0.9395, 3039
0.9398, 3038
0.9401, 3037
0.9404, 3036
0.9407, 3035
0.9409, 3034
0.9412, 3033
0.9415, 3032
0.9418, 3031
0.9421, 3030
0.9424, 3029
0.9427, 3028
0.9430, 3027
0.9434, 3026
0.9437, 3025
0.9439, 3024
0.9442, 3023
0.9445, 3022
0.9448, 3021
0.9451, 3020
0.9454, 3019
0.9456, 3018
0.9459, 3017
0.9462, 3016
0.9465, 3015
0.9468, 3014
0.9471, 3013
0.9474, 3012
0.9477, 3011
0.9480, 3010
0.9483, 3009
0.9485, 3008
0.9488, 3007
0.9491, 3006
0.9494, 3005
0.9497, 3004
0.9500, 3003
0.9502, 3002
0.9505, 3001
0.9508, 3000
0.9511, 2999
0.9514, 2998
0.9517, 2997
0.9520, 2996
0.9523, 2995
0.9526, 2994
0.9529, 2993
0.9532, 2992
0.9535, 2991
0.9537, 2990
0.9540, 2989
0.9543, 2988
0.9546, 2987
0.9549, 2986
0.9552, 2985
0.9555, 2984
0.9559, 2983
0.9562, 2982
0.9565, 2981
0.9568, 2980
0.9571, 2979
0.9574, 2978
0.9577, 2977
0.9580, 2976
0.9583, 2975
0.9586, 2974
0.9589, 2973
0.9592, 2972
0.9595, 2971
0.9598, 2970
0.9601, 2969
0.9604, 2968
0.9607, 2967
0.9610, 2966
0.9613, 2965
0.9616, 2964
0.9619, 2963
0.9622, 2962
0.9625, 2961
0.9627, 2960
0.9631, 2959
0.9634, 2958
0.9637, 2957
0.9640, 2956
0.9643, 2955
0.9646, 2954
0.9649, 2953
0.9653, 2952
0.9656, 2951
0.9659, 2950
0.9662, 2949
0.9665, 2948
0.9668, 2947
0.9671, 2946
0.9674, 2945
0.9676, 2944
0.9679, 2943
0.9682, 2942
0.9685, 2941
0.9688, 2940
0.9691, 2939
0.9694, 2938
0.9698, 2937
0.9701, 2936
0.9704, 2935
0.9706, 2934
0.9709, 2933
0.9713, 2932
0.9716, 2931
0.9719, 2930
0.9722, 2929
0.9726, 2928
0.9729, 2927
0.9732, 2926
0.9735, 2925
0.9739, 2924
0.9742, 2923
0.9744, 2922
0.9747, 2921
0.9750, 2920
0.9754, 2919
0.9757, 2918
0.9761, 2917
0.9764, 2916
0.9767, 2915
0.9770, 2914
0.9774, 2913
0.9776, 2912
0.9780, 2911
0.9783, 2910
0.9786, 2909
0.9789, 2908
0.9792, 2907
0.9795, 2906
0.9798, 2905
0.9801, 2904
0.9804, 2903
0.9807, 2902
0.9810, 2901
0.9813, 2900
0.9816, 2899
0.9819, 2898
0.9822, 2897
0.9825, 2896
0.9828, 2895
0.9831, 2894
0.9834, 2893
0.9837, 2892
0.9840, 2891
0.9843, 2890
0.9846, 2889
0.9849, 2888
0.9852, 2887
0.9855, 2886
0.9859, 2885
0.9862, 2884
0.9865, 2883
0.9868, 2882
0.9871, 2881
0.9874, 2880
0.9877, 2879
0.9880, 2878
0.9883, 2877
0.9886, 2876
0.9889, 2875
0.9891, 2874
0.9895, 2873
0.9898, 2872
0.9901, 2871
0.9904, 2870
0.9907, 2869
0.9909, 2868
0.9912, 2867
0.9916, 2866
0.9919, 2865
0.9921, 2864
0.9924, 2863
0.9927, 2862
0.9930, 2861
0.9933, 2860
0.9936, 2859
0.9939, 2858
0.9941, 2857
0.9944, 2856
0.9947, 2855
0.9950, 2854
0.9953, 2853
0.9956, 2852
0.9959, 2851
0.9962, 2850
0.9965, 2849
0.9967, 2848
0.9970, 2847
0.9973, 2846
0.9976, 2845
0.9983, 2844
0.9987, 2843
0.9990, 2842
0.9993, 2841
0.9996, 2840
0.9999, 2839
1.0002, 2838
1.0004, 2837
1.0007, 2836
1.0010, 2835
1.0013, 2834
1.0016, 2833
1.0019, 2832
1.0022, 2831
1.0025, 2830
1.0028, 2829
1.0030, 2828
1.0033, 2827
1.0036, 2826
1.0039, 2825
1.0042, 2824
1.0045, 2823
1.0047, 2822
1.0050, 2821
1.0054, 2820
1.0057, 2819
1.0060, 2818
1.0063, 2817
1.0065, 2816
1.0068, 2815
1.0070, 2814
1.0073, 2813
1.0076, 2812
1.0079, 2811
1.0081, 2810
1.0084, 2809
1.0087, 2808
1.0090, 2807
1.0092, 2806
1.0095, 2805
1.0098, 2804
1.0100, 2803
1.0103, 2802
1.0106, 2801
1.0109, 2800
1.0111, 2799
1.0114, 2798
1.0117, 2797
1.0120, 2796
1.0123, 2795
1.0125, 2794
1.0128, 2793
1.0131, 2792
1.0133, 2791
1.0136, 2790
1.0139, 2789
1.0142, 2788
1.0144, 2787
1.0147, 2786
1.0150, 2785
1.0152, 2784
1.0155, 2783
1.0158, 2782
1.0160, 2781
1.0163, 2780
1.0166, 2779
1.0168, 2778
1.0171, 2777
1.0174, 2776
1.0176, 2775
1.0179, 2774
1.0181, 2773
1.0184, 2772
1.0187, 2771
1.0189, 2770
1.0192, 2769
1.0195, 2768
1.0198, 2767
1.0201, 2766
1.0203, 2765
1.0206, 2764
1.0209, 2763
1.0212, 2762
1.0214, 2761
1.0217, 2760
1.0219, 2759
1.0222, 2758
1.0226, 2757
1.0228, 2756
1.0231, 2755
1.0234, 2754
1.0237, 2753
1.0239, 2752
1.0242, 2751
1.0245, 2750
1.0248, 2749
1.0251, 2748
1.0253, 2747
1.0256, 2746
1.0259, 2745
1.0261, 2744
1.0264, 2743
1.0267, 2742
1.0270, 2741
1.0273, 2740
1.0277, 2739
1.0279, 2738
1.0282, 2737
1.0285, 2736
1.0288, 2735
1.0291, 2734
1.0294, 2733
1.0297, 2732
1.0300, 2731
1.0302, 2730
1.0305, 2729
1.0308, 2728
1.0311, 2727
1.0314, 2726
1.0317, 2725
1.0319, 2724
1.0322, 2723
1.0325, 2722
1.0328, 2721
1.0331, 2720
1.0334, 2719
1.0337, 2718
1.0340, 2717
1.0342, 2716
1.0345, 2715
1.0348, 2714
1.0351, 2713
1.0355, 2712
1.0357, 2711
1.0360, 2710
1.0363, 2709
1.0366, 2708
1.0368, 2707
1.0371, 2706
1.0374, 2705
1.0376, 2704
1.0379, 2703
1.0382, 2702
1.0384, 2701
1.0387, 2700
1.0390, 2699
1.0392, 2698
1.0395, 2697
1.0397, 2696
1.0400, 2695
1.0403, 2694
1.0405, 2693
1.0408, 2692
1.0411, 2691
1.0414, 2690
1.0417, 2689
1.0419, 2688
1.0422, 2687
1.0425, 2686
1.0428, 2685
1.0430, 2684
1.0433, 2683
1.0435, 2682
1.0439, 2681
1.0441, 2680
1.0444, 2679
1.0447, 2678
1.0449, 2677
1.0452, 2676
1.0454, 2675
1.0457, 2674
1.0460, 2673
1.0463, 2672
1.0466, 2671
1.0469, 2670
1.0472, 2669
1.0474, 2668
1.0477, 2667
1.0479, 2666
1.0482, 2665
1.0485, 2664
1.0487, 2663
1.0490, 2662
1.0492, 2661
1.0495, 2660
1.0497, 2659
1.0500, 2658
1.0503, 2657
1.0505, 2656
1.0508, 2655
1.0510, 2654
1.0513, 2653
1.0515, 2652
1.0518, 2651
1.0521, 2650
1.0523, 2649
1.0526, 2648
1.0529, 2647
1.0532, 2646
1.0534, 2645
1.0537, 2644
1.0539, 2643
1.0542, 2642
1.0544, 2641
1.0547, 2640
1.0549, 2639
1.0552, 2638
1.0555, 2637
1.0557, 2636
1.0560, 2635
1.0562, 2634
1.0565, 2633
1.0568, 2632
1.0570, 2631
1.0573, 2630
1.0575, 2629
1.0578, 2628
1.0580, 2627
1.0583, 2626
1.0586, 2625
1.0589, 2624
1.0591, 2623
1.0594, 2622
1.0597, 2621
1.0600, 2620
1.0602, 2619
1.0605, 2618
1.0608, 2617
1.0610, 2616
1.0613, 2615
1.0616, 2614
1.0619, 2613
1.0622, 2612
1.0625, 2611
1.0627, 2610
1.0630, 2609
1.0633, 2608
1.0635, 2607
1.0638, 2606
1.0641, 2605
1.0643, 2604
1.0646, 2603
1.0649, 2602
1.0652, 2601
1.0655, 2600
1.0657, 2599
1.0660, 2598
1.0662, 2597
1.0665, 2596
1.0668, 2595
1.0671, 2594
1.0674, 2593
1.0676, 2592
1.0679, 2591
1.0682, 2590
1.0685, 2589
1.0687, 2588
1.0690, 2587
1.0693, 2586
1.0696, 2585
1.0698, 2584
1.0701, 2583
1.0703, 2582
1.0706, 2581
1.0708, 2580
1.0711, 2579
1.0714, 2578
1.0716, 2577
1.0719, 2576
1.0722, 2575
1.0724, 2574
1.0727, 2573
1.0729, 2572
1.0732, 2571
1.0735, 2570
1.0738, 2569
1.0740, 2568
1.0743, 2567
1.0745, 2566
1.0748, 2565
1.0751, 2564
1.0753, 2563
1.0756, 2562
1.0822, 2561
1.0886, 2560
1.0888, 2559
1.1014, 2558
1.1016, 2557
1.1121, 2556
1.1123, 2555
1.1310, 2554
1.1479, 2553
1.1482, 2552
1.1758, 2551
1.1828, 2550
1.1831, 2549
1.1980, 2548
1.2024, 2547
1.2026, 2546
1.2070, 2545
1.2256, 2544
1.2342, 2543
1.2344, 2542
1.2491, 2541
1.2554, 2540
1.2557, 2539
1.2579, 2538
1.2582, 2537
1.2584, 2536
1.2649, 2535
1.2692, 2534
1.2694, 2533
1.2861, 2532
1.2945, 2531
1.3031, 2530
1.3033, 2529
1.3117, 2528
1.3181, 2527
1.3266, 2526
1.3269, 2525
1.3292, 2524
1.3417, 2523
1.3501, 2522
1.3504, 2521
1.3547, 2520
1.3549, 2519
1.3614, 2518
1.3616, 2517
1.3660, 2516
1.3724, 2515
1.3726, 2514
1.3749, 2513
1.3813, 2512
1.3836, 2511
1.3858, 2510
1.3882, 2509
1.3946, 2508
1.3948, 2507
1.3991, 2506
1.4055, 2505
1.4057, 2504
1.4060, 2503
1.4794, 2502
1.4942, 2501
1.4944, 2500
1.5132, 2499
1.5341, 2498
1.5405, 2497
1.5558, 2496
1.5560, 2495
1.5604, 2494
1.5668, 2493
1.5753, 2492
1.5984, 2491
1.6130, 2490
1.6216, 2489
1.6303, 2488
1.6305, 2487
1.6308, 2486
1.6393, 2485
1.6498, 2484
1.6541, 2483
1.6544, 2482
1.6649, 2481
1.6693, 2480
1.6695, 2479
1.6697, 2478
1.6699, 2477
1.6702, 2476
1.6787, 2475
1.6789, 2474
1.6791, 2473
1.6940, 2472
1.6942, 2471
1.6944, 2470
1.7154, 2469
1.7156, 2468
1.7303, 2467
1.7305, 2466
1.7370, 2465
1.7434, 2464
1.7477, 2463
1.7480, 2462
1.7482, 2461
1.7484, 2460
1.7672, 2459
1.7798, 2458
1.7841, 2457
1.7843, 2456
1.7846, 2455
1.7848, 2454
1.8056, 2453
1.8141, 2452
1.8329, 2451
1.8414, 2450
1.8416, 2449
1.8521, 2448
1.8523, 2447
1.8525, 2446
1.8589, 2445
1.8633, 2444
1.8635, 2443
1.8868, 2442
1.8954, 2441
1.9062, 2440
1.9064, 2439
1.9128, 2438
1.9297, 2437
1.9509, 2436
1.9596, 2435
1.9701, 2434
1.9767, 2433
1.9956, 2432
2.0207, 2431
2.0271, 2430
2.0315, 2429
2.0503, 2428
2.0608, 2427
2.0652, 2426
2.0737, 2425
2.1050, 2424
2.1114, 2423
2.1281, 2422
2.1366, 2421
2.1368, 2420
2.1764, 2419
2.1766, 2418
2.1976, 2417
2.2124, 2416
2.2188, 2415
2.2190, 2414
2.2421, 2413
2.2424, 2412
2.2532, 2411
2.2641, 2410
2.2872, 2409
2.2937, 2408
2.3104, 2407
2.3188, 2406
2.3354, 2405
2.3418, 2404
2.3502, 2403
2.3565, 2402
2.3567, 2401
2.3590, 2400
2.3592, 2399
2.3717, 2398
2.3719, 2397
2.3762, 2396
2.3765, 2395
2.3767, 2394
2.3831, 2393
2.4017, 2392
2.4060, 2391
2.4185, 2390
2.4187, 2389
2.4231, 2388
2.4233, 2387
2.4235, 2386
2.4360, 2385
2.4403, 2384
2.4405, 2383
2.4428, 2382
2.4430, 2381
2.4495, 2380
2.4729, 2379
2.4753, 2378
2.4797, 2377
2.4799, 2376
2.4863, 2375
2.4865, 2374
2.4930, 2373
2.4932, 2372
2.4934, 2371
2.4977, 2370
2.4980, 2369
2.5044, 2368
2.5087, 2367
2.5110, 2366
2.5153, 2365
2.5155, 2364
2.5157, 2363
2.5399, 2362
2.5401, 2361
2.5404, 2360
2.5452, 2359
2.5454, 2358
2.5457, 2357
2.5558, 2356
2.5561, 2355
2.5564, 2354
2.5566, 2353
2.5569, 2352
2.5572, 2351
2.5829, 2350
2.5832, 2349
2.5861, 2348
2.5863, 2347
2.5940, 2346
2.6023, 2345
2.6026, 2344
2.6029, 2343
2.6031, 2342
2.6081, 2341
2.6244, 2340
2.6308, 2339
2.6420, 2338
2.6463, 2337
2.6465, 2336
2.6633, 2335
2.6801, 2334
2.6930, 2333
2.7035, 2332
2.7058, 2331
2.7061, 2330
2.7248, 2329
2.7271, 2328
2.7273, 2327
2.7317, 2326
2.7517, 2325
2.7798, 2324
2.7801, 2323
2.7804, 2322
2.7881, 2321
2.7992, 2320
2.7995, 2319
2.8107, 2318
2.8110, 2317
2.8483, 2316
2.8485, 2315
2.9492, 2314
2.9514, 2313
2.9538, 2312
2.9584, 2311
2.9586, 2310
2.9609, 2309
2.9652, 2308
2.9654, 2307
2.9700, 2306
2.9891, 2305
2.9934, 2304
2.9998, 2303
3.0001, 2302
3.0045, 2301
3.0048, 2300
3.0182, 2299
3.0226, 2298
3.0310, 2297
3.0312, 2296
3.0335, 2295
3.0439, 2294
3.0483, 2293
3.0485, 2292
3.0548, 2291
3.0550, 2290
3.0594, 2289
3.0596, 2288
3.0680, 2287
3.0723, 2286
3.0829, 2285
3.0936, 2284
3.1022, 2283
3.1024, 2282
3.1089, 2281
3.1133, 2280
3.1157, 2279
3.1159, 2278
3.1308, 2277
3.1435, 2276
3.1627, 2275
3.1772, 2274
3.1816, 2273
3.1880, 2272
3.2229, 2271
3.2293, 2270
3.2295, 2269
3.2297, 2268
3.2299, 2267
3.2301, 2266
3.2344, 2265
3.2346, 2264
3.2389, 2263
3.2453, 2262
3.2475, 2261
3.2477, 2260
3.2683, 2259
3.2766, 2258
3.2851, 2257
3.2978, 2256
3.2980, 2255
3.3129, 2254
3.3238, 2253
3.3367, 2252
3.3369, 2251
3.3801, 2250
3.4210, 2249
3.4234, 2248
3.4307, 2247
3.4515, 2246
3.4904, 2245
3.5252, 2244
3.5385, 2243
3.5474, 2242
3.5819, 2241
3.5983, 2240
3.6154, 2239
3.6179, 2238
3.6249, 2237
3.6251, 2236
3.6590, 2235
3.6593, 2234
3.6638, 2233
3.6640, 2232
3.6685, 2231
3.6731, 2230
3.6991, 2229
3.6993, 2228
3.7126, 2227
3.7278, 2226
3.8851, 2225
3.9483, 2224
3.9485, 2223
3.9611, 2222
3.9695, 2221
3.9758, 2220
4.0247, 2219
4.1384, 2218
4.1634, 2217
4.2313, 2216
4.2561, 2215
4.4202, 2214
