0.6521, 3931
0.6525, 3930
0.6528, 3929
0.6531, 3928
0.6535, 3927
0.6538, 3926
0.6542, 3925
0.6545, 3924
0.6548, 3923
0.6552, 3922
0.6555, 3921
0.6558, 3920
0.6562, 3919
0.6565, 3918
0.6569, 3917
0.6572, 3916
0.6575, 3915
0.6579, 3914
0.6582, 3913
0.6585, 3912
0.6589, 3911
0.6592, 3910
0.6595, 3909
0.6599, 3908
0.6602, 3907
0.6605, 3906
0.6609, 3905
0.6612, 3904
0.6615, 3903
0.6618, 3902
0.6622, 3901
0.6625, 3900
0.6629, 3899
0.6632, 3898
0.6635, 3897
0.6639, 3896
0.6642, 3895
0.6645, 3894
0.6648, 3893
0.6652, 3892
0.6655, 3891
0.6658, 3890
0.6662, 3889
0.6665, 3888
0.6669, 3887
0.6672, 3886
0.6675, 3885
0.6679, 3884
0.6682, 3883
0.6685, 3882
0.6689, 3881
0.6692, 3880
0.6695, 3879
0.6699, 3878
0.6702, 3877
0.6705, 3876
0.6709, 3875
0.6712, 3874
0.6715, 3873
0.6719, 3872
0.6723, 3871
0.6726, 3870
0.6729, 3869
0.6733, 3868
0.6736, 3867
0.6740, 3866
0.6743, 3865
0.6746, 3864
0.6750, 3863
0.6753, 3862
0.6756, 3861
0.6760, 3860
0.6763, 3859
0.6766, 3858
0.6769, 3857
0.6773, 3856
0.6776, 3855
0.6779, 3854
0.6783, 3853
0.6786, 3852
0.6789, 3851
0.6792, 3850
0.6795, 3849
0.6799, 3848
0.6802, 3847
0.6806, 3846
0.6809, 3845
0.6812, 3844
0.6816, 3843
0.6819, 3842
0.6822, 3841
0.6826, 3840
0.6829, 3839
0.6833, 3838
0.6836, 3837
0.6840, 3836
0.6843, 3835
0.6846, 3834
0.6850, 3833
0.6853, 3832
0.6857, 3831
0.6860, 3830
0.6863, 3829
0.6867, 3828
0.6870, 3827
0.6874, 3826
0.6877, 3825
0.6881, 3824
0.6884, 3823
0.6887, 3822
0.6891, 3821
0.6894, 3820
0.6898, 3819
0.6901, 3818
0.6905, 3817
0.6908, 3816
0.6911, 3815
0.6914, 3814
0.6918, 3813
0.6921, 3812
0.6924, 3811
0.6928, 3810
0.6931, 3809
0.6934, 3808
0.6938, 3807
0.6941, 3806
0.6945, 3805
0.6948, 3804
0.6951, 3803
0.6954, 3802
0.6958, 3801
0.6961, 3800
0.6964, 3799
0.6967, 3798
0.6971, 3797
0.6974, 3796
0.6978, 3795
0.6981, 3794
0.6984, 3793
0.6988, 3792
0.6991, 3791
0.6995, 3790
0.6998, 3789
0.7001, 3788
0.7004, 3787
0.7008, 3786
0.7011, 3785
0.7014, 3784
0.7018, 3783
0.7021, 3782
0.7024, 3781
0.7027, 3780
0.7031, 3779
0.7034, 3778
0.7037, 3777
0.7040, 3776
0.7044, 3775
0.7047, 3774
0.7051, 3773
0.7054, 3772
0.7058, 3771
0.7061, 3770
0.7064, 3769
0.7068, 3768
0.7071, 3767
0.7074, 3766
0.7078, 3765
0.7081, 3764
0.7084, 3763
0.7087, 3762
0.7091, 3761
0.7094, 3760
0.7097, 3759
0.7100, 3758
0.7104, 3757
0.7107, 3756
0.7111, 3755
0.7114, 3754
0.7117, 3753
0.7120, 3752
0.7124, 3751
0.7127, 3750
0.7130, 3749
0.7134, 3748
0.7137, 3747
0.7140, 3746
0.7144, 3745
0.7147, 3744
0.7151, 3743
0.7154, 3742
0.7157, 3741
0.7161, 3740
0.7164, 3739
0.7167, 3738
0.7171, 3737
0.7174, 3736
0.7177, 3735
0.7181, 3734
0.7184, 3733
0.7187, 3732
0.7190, 3731
0.7193, 3730
0.7197, 3729
0.7200, 3728
0.7203, 3727
0.7206, 3726
0.7210, 3725
0.7213, 3724
0.7216, 3723
0.7220, 3722
0.7223, 3721
0.7226, 3720
0.7229, 3719
0.7232, 3718
0.7236, 3717
0.7239, 3716
0.7242, 3715
0.7246, 3714
0.7249, 3713
0.7252, 3712
0.7256, 3711
0.7259, 3710
0.7263, 3709
0.7266, 3708
0.7269, 3707
0.7273, 3706
0.7277, 3705
0.7280, 3704
0.7283, 3703
0.7287, 3702
0.7290, 3701
0.7293, 3700
0.7296, 3699
0.7300, 3698
0.7303, 3697
0.7306, 3696
0.7309, 3695
0.7313, 3694
0.7316, 3693
0.7319, 3692
0.7323, 3691
0.7326, 3690
0.7329, 3689
0.7333, 3688
0.7336, 3687
0.7339, 3686
0.7342, 3685
0.7346, 3684
0.7349, 3683
0.7352, 3682
0.7355, 3681
0.7359, 3680
0.7362, 3679
0.7365, 3678
0.7369, 3677
0.7372, 3676
0.7375, 3675
0.7378, 3674
0.7382, 3673
0.7385, 3672
0.7388, 3671
0.7391, 3670
0.7395, 3669
0.7398, 3668
0.7401, 3667
0.7405, 3666
0.7408, 3665
0.7411, 3664
0.7414, 3663
0.7418, 3662
0.7421, 3661
0.7424, 3660
0.7427, 3659
0.7431, 3658
0.7434, 3657
0.7437, 3656
0.7440, 3655
0.7444, 3654
0.7447, 3653
0.7450, 3652
0.7453, 3651
0.7457, 3650
0.7460, 3649
0.7463, 3648
0.7466, 3647
0.7470, 3646
0.7473, 3645
0.7476, 3644
0.7480, 3643
0.7483, 3642
0.7486, 3641
0.7490, 3640
0.7493, 3639
0.7496, 3638
0.7500, 3637
0.7503, 3636
0.7507, 3635
0.7510, 3634
0.7513, 3633
0.7517, 3632
0.7520, 3631
0.7523, 3630
0.7527, 3629
0.7530, 3628
0.7533, 3627
0.7536, 3626
0.7540, 3625
0.7543, 3624
0.7546, 3623
0.7550, 3622
0.7553, 3621
0.7556, 3620
0.7560, 3619
0.7563, 3618
0.7566, 3617
0.7570, 3616
0.7573, 3615
0.7576, 3614
0.7579, 3613
0.7582, 3612
0.7586, 3611
0.7589, 3610
0.7592, 3609
0.7595, 3608
0.7598, 3607
0.7601, 3606
0.7604, 3605
0.7608, 3604
0.7611, 3603
0.7614, 3602
0.7617, 3601
0.7620, 3600
0.7624, 3599
0.7627, 3598
0.7630, 3597
0.7633, 3596
0.7637, 3595
0.7640, 3594
0.7643, 3593
0.7646, 3592
0.7649, 3591
0.7652, 3590
0.7655, 3589
0.7659, 3588
0.7662, 3587
0.7665, 3586
0.7668, 3585
0.7671, 3584
0.7674, 3583
0.7677, 3582
0.7680, 3581
0.7684, 3580
0.7687, 3579
0.7690, 3578
0.7694, 3577
0.7697, 3576
0.7700, 3575
0.7704, 3574
0.7707, 3573
0.7710, 3572
0.7713, 3571
0.7716, 3570
0.7720, 3569
0.7723, 3568
0.7726, 3567
0.7729, 3566
0.7733, 3565
0.7736, 3564
0.7740, 3563
0.7743, 3562
0.7746, 3561
0.7750, 3560
0.7753, 3559
0.7756, 3558
0.7759, 3557
0.7763, 3556
0.7766, 3555
0.7769, 3554
0.7772, 3553
0.7776, 3552
0.7779, 3551
0.7782, 3550
0.7785, 3549
0.7788, 3548
0.7791, 3547
0.7795, 3546
0.7798, 3545
0.7801, 3544
0.7805, 3543
0.7808, 3542
0.7812, 3541
0.7815, 3540
0.7818, 3539
0.7821, 3538
0.7824, 3537
0.7827, 3536
0.7831, 3535
0.7834, 3534
0.7837, 3533
0.7840, 3532
0.7843, 3531
0.7847, 3530
0.7850, 3529
0.7853, 3528
0.7856, 3527
0.7859, 3526
0.7863, 3525
0.7866, 3524
0.7869, 3523
0.7873, 3522
0.7876, 3521
0.7879, 3520
0.7882, 3519
0.7885, 3518
0.7888, 3517
0.7892, 3516
0.7895, 3515
0.7898, 3514
0.7901, 3513
0.7904, 3512
0.7908, 3511
0.7911, 3510
0.7914, 3509
0.7918, 3508
0.7921, 3507
0.7924, 3506
0.7928, 3505
0.7931, 3504
0.7935, 3503
0.7938, 3502
0.7941, 3501
0.7945, 3500
0.7948, 3499
0.7951, 3498
0.7954, 3497
0.7957, 3496
0.7960, 3495
0.7963, 3494
0.7966, 3493
0.7969, 3492
0.7973, 3491
0.7976, 3490
0.7979, 3489
0.7982, 3488
0.7985, 3487
0.7988, 3486
0.7991, 3485
0.7994, 3484
0.7997, 3483
0.8001, 3482
0.8004, 3481
0.8007, 3480
0.8010, 3479
0.8013, 3478
0.8016, 3477
0.8019, 3476
0.8022, 3475
0.8025, 3474
0.8028, 3473
0.8031, 3472
0.8035, 3471
0.8038, 3470
0.8041, 3469
0.8044, 3468
0.8047, 3467
0.8050, 3466
0.8053, 3465
0.8056, 3464
0.8060, 3463
0.8063, 3462
0.8067, 3461
0.8070, 3460
0.8073, 3459
0.8076, 3458
0.8080, 3457
0.8083, 3456
0.8086, 3455
0.8089, 3454
0.8093, 3453
0.8096, 3452
0.8099, 3451
0.8103, 3450
0.8106, 3449
0.8109, 3448
0.8112, 3447
0.8115, 3446
0.8118, 3445
0.8121, 3444
0.8124, 3443
0.8127, 3442
0.8130, 3441
0.8133, 3440
0.8136, 3439
0.8139, 3438
0.8142, 3437
0.8145, 3436
0.8149, 3435
0.8152, 3434
0.8155, 3433
0.8159, 3432
0.8162, 3431
0.8165, 3430
0.8168, 3429
0.8171, 3428
0.8174, 3427
0.8178, 3426
0.8181, 3425
0.8184, 3424
0.8187, 3423
0.8190, 3422
0.8193, 3421
0.8197, 3420
0.8200, 3419
0.8203, 3418
0.8207, 3417
0.8210, 3416
0.8213, 3415
0.8216, 3414
0.8219, 3413
0.8222, 3412
0.8225, 3411
0.8229, 3410
0.8232, 3409
0.8235, 3408
0.8238, 3407
0.8241, 3406
0.8244, 3405
0.8247, 3404
0.8250, 3403
0.8253, 3402
0.8256, 3401
0.8259, 3400
0.8262, 3399
0.8265, 3398
0.8268, 3397
0.8271, 3396
0.8274, 3395
0.8277, 3394
0.8280, 3393
0.8283, 3392
0.8286, 3391
0.8289, 3390
0.8292, 3389
0.8295, 3388
0.8298, 3387
0.8301, 3386
0.8304, 3385
0.8307, 3384
0.8310, 3383
0.8313, 3382
0.8317, 3381
0.8320, 3380
0.8323, 3379
0.8326, 3378
0.8329, 3377
0.8332, 3376
0.8335, 3375
0.8338, 3374
0.8341, 3373
0.8345, 3372
0.8348, 3371
0.8351, 3370
0.8354, 3369
0.8357, 3368
0.8360, 3367
0.8363, 3366
0.8366, 3365
0.8369, 3364
0.8372, 3363
0.8375, 3362
0.8378, 3361
0.8382, 3360
0.8385, 3359
0.8388, 3358
0.8391, 3357
0.8394, 3356
0.8397, 3355
0.8400, 3354
0.8404, 3353
0.8407, 3352
0.8410, 3351
0.8413, 3350
0.8417, 3349
0.8420, 3348
0.8424, 3347
0.8427, 3346
0.8430, 3345
0.8433, 3344
0.8437, 3343
0.8440, 3342
0.8443, 3341
0.8446, 3340
0.8450, 3339
0.8453, 3338
0.8469, 3337
0.8473, 3336
0.8476, 3335
0.8488, 3334
0.8493, 3333
0.8497, 3332
0.8500, 3331
0.8504, 3330
0.8507, 3329
0.8511, 3328
0.8514, 3327
0.8518, 3326
0.8521, 3325
0.8524, 3324
0.8527, 3323
0.8530, 3322
0.8534, 3321
0.8537, 3320
0.8540, 3319
0.8543, 3318
0.8547, 3317
0.8550, 3316
0.8553, 3315
0.8556, 3314
0.8559, 3313
0.8562, 3312
0.8566, 3311
0.8569, 3310
0.8573, 3309
0.8576, 3308
0.8580, 3307
0.8583, 3306
0.8586, 3305
0.8589, 3304
0.8593, 3303
0.8596, 3302
0.8599, 3301
0.8604, 3300
0.8607, 3299
0.8611, 3298
0.8614, 3297
0.8617, 3296
0.8620, 3295
0.8623, 3294
0.8627, 3293
0.8630, 3292
0.8633, 3291
0.8636, 3290
0.8639, 3289
0.8643, 3288
0.8646, 3287
0.8649, 3286
0.8652, 3285
0.8655, 3284
0.8658, 3283
0.8661, 3282
0.8664, 3281
0.8667, 3280
0.8670, 3279
0.8673, 3278
0.8677, 3277
0.8680, 3276
0.8683, 3275
0.8687, 3274
0.8690, 3273
0.8693, 3272
0.8696, 3271
0.8699, 3270
0.8702, 3269
0.8705, 3268
0.8709, 3267
0.8712, 3266
0.8715, 3265
0.8718, 3264
0.8721, 3263
0.8724, 3262
0.8727, 3261
0.8730, 3260
0.8734, 3259
0.8737, 3258
0.8741, 3257
0.8744, 3256
0.8747, 3255
0.8751, 3254
0.8754, 3253
0.8757, 3252
0.8760, 3251
0.8763, 3250
0.8766, 3249
0.8769, 3248
0.8772, 3247
0.8776, 3246
0.8779, 3245
0.8782, 3244
0.8785, 3243
0.8788, 3242
0.8791, 3241
0.8794, 3240
0.8797, 3239
0.8800, 3238
0.8803, 3237
0.8807, 3236
0.8810, 3235
0.8813, 3234
0.8816, 3233
0.8819, 3232
0.8822, 3231
0.8825, 3230
0.8828, 3229
0.8831, 3228
0.8834, 3227
0.8837, 3226
0.8840, 3225
0.8843, 3224
0.8846, 3223
0.8850, 3222
0.8853, 3221
0.8856, 3220
0.8859, 3219
0.8863, 3218
0.8866, 3217
0.8869, 3216
0.8873, 3215
0.8876, 3214
0.8879, 3213
0.8882, 3212
0.8885, 3211
0.8888, 3210
0.8891, 3209
0.8894, 3208
0.8897, 3207
0.8900, 3206
0.8903, 3205
0.8906, 3204
0.8909, 3203
0.8913, 3202
0.8916, 3201
0.8920, 3200
0.8924, 3199
0.8927, 3198
0.8931, 3197
0.8934, 3196
0.8938, 3195
0.8941, 3194
0.8944, 3193
0.8947, 3192
0.8951, 3191
0.8954, 3190
0.8957, 3189
0.8960, 3188
0.8963, 3187
0.8966, 3186
0.8969, 3185
0.8972, 3184
0.8975, 3183
0.8979, 3182
0.8982, 3181
0.8985, 3180
0.8988, 3179
0.8991, 3178
0.8995, 3177
0.8998, 3176
0.9002, 3175
0.9005, 3174
0.9008, 3173
0.9012, 3172
0.9015, 3171
0.9018, 3170
0.9021, 3169
0.9024, 3168
0.9027, 3167
0.9030, 3166
0.9033, 3165
0.9036, 3164
0.9039, 3163
0.9042, 3162
0.9046, 3161
0.9049, 3160
0.9052, 3159
0.9055, 3158
0.9058, 3157
0.9061, 3156
0.9064, 3155
0.9067, 3154
0.9070, 3153
0.9073, 3152
0.9076, 3151
0.9079, 3150
0.9082, 3149
0.9085, 3148
0.9088, 3147
0.9092, 3146
0.9095, 3145
0.9098, 3144
0.9101, 3143
0.9104, 3142
0.9107, 3141
0.9111, 3140
0.9114, 3139
0.9117, 3138
0.9120, 3137
0.9123, 3136
0.9126, 3135
0.9129, 3134
0.9132, 3133
0.9135, 3132
0.9139, 3131
0.9142, 3130
0.9146, 3129
0.9149, 3128
0.9152, 3127
0.9155, 3126
0.9158, 3125
0.9161, 3124
0.9164, 3123
0.9167, 3122
0.9170, 3121
0.9173, 3120
0.9176, 3119
0.9179, 3118
0.9182, 3117
0.9185, 3116
0.9188, 3115
0.9191, 3114
0.9194, 3113
0.9196, 3112
0.9200, 3111
0.9203, 3110
0.9206, 3109
0.9209, 3108
0.9212, 3107
0.9215, 3106
0.9218, 3105
0.9221, 3104
0.9223, 3103
0.9227, 3102
0.9230, 3101
0.9233, 3100
0.9236, 3099
0.9238, 3098
0.9241, 3097
0.9244, 3096
0.9247, 3095
0.9250, 3094
0.9253, 3093
0.9256, 3092
0.9259, 3091
0.9262, 3090
0.9264, 3089
0.9267, 3088
0.9270, 3087
0.9273, 3086
0.9276, 3085
0.9279, 3084
0.9282, 3083
0.9285, 3082
0.9288, 3081
0.9291, 3080
0.9295, 3079
0.9298, 3078
0.9301, 3077
0.9304, 3076
0.9307, 3075
0.9310, 3074
0.9312, 3073
0.9315, 3072
0.9318, 3071
0.9321, 3070
0.9324, 3069
0.9327, 3068
0.9329, 3067
0.9332, 3066
0.9335, 3065
0.9338, 3064
0.9341, 3063
0.9343, 3062
0.9346, 3061
0.9349, 3060
0.9352, 3059
0.9354, 3058
0.9357, 3057
0.9360, 3056
0.9363, 3055
0.9366, 3054
0.9369, 3053
0.9372, 3052
0.9374, 3051
0.9378, 3050
0.9381, 3049
0.9383, 3048
0.9386, 3047
0.9389, 3046
0.9392, 3045
0.9395, 3044
0.9398, 3043
0.9401, 3042
0.9404, 3041
0.9406, 3040
0.9409, 3039
0.9412, 3038
0.9415, 3037
0.9417, 3036
0.9420, 3035
0.9423, 3034
0.9426, 3033
0.9429, 3032
0.9432, 3031
0.9435, 3030
0.9438, 3029
0.9441, 3028
0.9443, 3027
0.9446, 3026
0.9449, 3025
0.9452, 3024
0.9456, 3023
0.9458, 3022
0.9461, 3021
0.9464, 3020
0.9467, 3019
0.9470, 3018
0.9474, 3017
0.9476, 3016
0.9479, 3015
0.9482, 3014
0.9485, 3013
0.9488, 3012
0.9491, 3011
0.9494, 3010
0.9496, 3009
0.9499, 3008
0.9502, 3007
0.9505, 3006
0.9508, 3005
0.9510, 3004
0.9513, 3003
0.9516, 3002
0.9519, 3001
0.9522, 3000
0.9525, 2999
0.9528, 2998
0.9531, 2997
0.9534, 2996
0.9537, 2995
0.9539, 2994
0.9542, 2993
0.9545, 2992
0.9548, 2991
0.9551, 2990
0.9554, 2989
0.9557, 2988
0.9560, 2987
0.9563, 2986
0.9566, 2985
0.9568, 2984
0.9571, 2983
0.9574, 2982
0.9577, 2981
0.9579, 2980
0.9582, 2979
0.9585, 2978
0.9588, 2977
0.9591, 2976
0.9594, 2975
0.9596, 2974
0.9599, 2973
0.9602, 2972
0.9605, 2971
0.9608, 2970
0.9611, 2969
0.9614, 2968
0.9616, 2967
0.9619, 2966
0.9622, 2965
0.9625, 2964
0.9628, 2963
0.9631, 2962
0.9633, 2961
0.9636, 2960
0.9640, 2959
0.9642, 2958
0.9645, 2957
0.9648, 2956
0.9651, 2955
0.9654, 2954
0.9658, 2953
0.9660, 2952
0.9663, 2951
0.9666, 2950
0.9669, 2949
0.9672, 2948
0.9674, 2947
0.9677, 2946
0.9680, 2945
0.9682, 2944
0.9686, 2943
0.9689, 2942
0.9692, 2941
0.9695, 2940
0.9698, 2939
0.9701, 2938
0.9704, 2937
0.9707, 2936
0.9710, 2935
0.9713, 2934
0.9716, 2933
0.9719, 2932
0.9722, 2931
0.9726, 2930
0.9729, 2929
0.9732, 2928
0.9735, 2927
0.9738, 2926
0.9741, 2925
0.9744, 2924
0.9746, 2923
0.9749, 2922
0.9752, 2921
0.9756, 2920
0.9759, 2919
0.9763, 2918
0.9766, 2917
0.9769, 2916
0.9772, 2915
0.9775, 2914
0.9778, 2913
0.9781, 2912
0.9785, 2911
0.9788, 2910
0.9791, 2909
0.9794, 2908
0.9797, 2907
0.9800, 2906
0.9803, 2905
0.9806, 2904
0.9809, 2903
0.9812, 2902
0.9814, 2901
0.9817, 2900
0.9820, 2899
0.9823, 2898
0.9826, 2897
0.9829, 2896
0.9832, 2895
0.9835, 2894
0.9838, 2893
0.9842, 2892
0.9845, 2891
0.9848, 2890
0.9851, 2889
0.9854, 2888
0.9857, 2887
0.9860, 2886
0.9863, 2885
0.9866, 2884
0.9869, 2883
0.9872, 2882
0.9875, 2881
0.9877, 2880
0.9880, 2879
0.9883, 2878
0.9886, 2877
0.9889, 2876
0.9892, 2875
0.9895, 2874
0.9898, 2873
0.9900, 2872
0.9903, 2871
0.9906, 2870
0.9909, 2869
0.9911, 2868
0.9915, 2867
0.9917, 2866
0.9920, 2865
0.9923, 2864
0.9925, 2863
0.9928, 2862
0.9931, 2861
0.9934, 2860
0.9936, 2859
0.9939, 2858
0.9942, 2857
0.9944, 2856
0.9947, 2855
0.9950, 2854
0.9952, 2853
0.9955, 2852
0.9958, 2851
0.9960, 2850
0.9963, 2849
0.9965, 2848
0.9968, 2847
0.9971, 2846
0.9974, 2845
0.9977, 2844
0.9979, 2843
0.9982, 2842
0.9985, 2841
0.9987, 2840
0.9990, 2839
0.9993, 2838
0.9995, 2837
0.9998, 2836
1.0001, 2835
1.0004, 2834
1.0006, 2833
1.0009, 2832
1.0012, 2831
1.0015, 2830
1.0017, 2829
1.0020, 2828
1.0023, 2827
1.0026, 2826
1.0028, 2825
1.0031, 2824
1.0034, 2823
1.0037, 2822
1.0040, 2821
1.0043, 2820
1.0046, 2819
1.0049, 2818
1.0052, 2817
1.0054, 2816
1.0057, 2815
1.0060, 2814
1.0063, 2813
1.0066, 2812
1.0068, 2811
1.0071, 2810
1.0074, 2809
1.0077, 2808
1.0079, 2807
1.0082, 2806
1.0084, 2805
1.0087, 2804
1.0090, 2803
1.0093, 2802
1.0096, 2801
1.0098, 2800
1.0101, 2799
1.0104, 2798
1.0107, 2797
1.0110, 2796
1.0112, 2795
1.0115, 2794
1.0118, 2793
1.0120, 2792
1.0123, 2791
1.0126, 2790
1.0129, 2789
1.0132, 2788
1.0134, 2787
1.0137, 2786
1.0140, 2785
1.0142, 2784
1.0145, 2783
1.0148, 2782
1.0151, 2781
1.0154, 2780
1.0157, 2779
1.0160, 2778
1.0163, 2777
1.0166, 2776
1.0168, 2775
1.0171, 2774
1.0174, 2773
1.0177, 2772
1.0179, 2771
1.0182, 2770
1.0185, 2769
1.0187, 2768
1.0190, 2767
1.0193, 2766
1.0196, 2765
1.0198, 2764
1.0201, 2763
1.0204, 2762
1.0206, 2761
1.0209, 2760
1.0212, 2759
1.0215, 2758
1.0217, 2757
1.0220, 2756
1.0223, 2755
1.0226, 2754
1.0229, 2753
1.0232, 2752
1.0235, 2751
1.0238, 2750
1.0241, 2749
1.0243, 2748
1.0246, 2747
1.0249, 2746
1.0251, 2745
1.0254, 2744
1.0257, 2743
1.0259, 2742
1.0262, 2741
1.0266, 2740
1.0269, 2739
1.0272, 2738
1.0274, 2737
1.0277, 2736
1.0280, 2735
1.0283, 2734
1.0285, 2733
1.0288, 2732
1.0291, 2731
1.0294, 2730
1.0297, 2729
1.0300, 2728
1.0303, 2727
1.0306, 2726
1.0309, 2725
1.0312, 2724
1.0314, 2723
1.0317, 2722
1.0320, 2721
1.0323, 2720
1.0325, 2719
1.0328, 2718
1.0331, 2717
1.0334, 2716
1.0336, 2715
1.0339, 2714
1.0342, 2713
1.0345, 2712
1.0347, 2711
1.0350, 2710
1.0353, 2709
1.0355, 2708
1.0358, 2707
1.0361, 2706
1.0363, 2705
1.0366, 2704
1.0369, 2703
1.0372, 2702
1.0374, 2701
1.0377, 2700
1.0380, 2699
1.0382, 2698
1.0385, 2697
1.0388, 2696
1.0390, 2695
1.0393, 2694
1.0395, 2693
1.0398, 2692
1.0401, 2691
1.0404, 2690
1.0406, 2689
1.0409, 2688
1.0412, 2687
1.0415, 2686
1.0417, 2685
1.0420, 2684
1.0423, 2683
1.0425, 2682
1.0428, 2681
1.0431, 2680
1.0434, 2679
1.0437, 2678
1.0439, 2677
1.0442, 2676
1.0444, 2675
1.0448, 2674
1.0450, 2673
1.0453, 2672
1.0455, 2671
1.0459, 2670
1.0461, 2669
1.0464, 2668
1.0466, 2667
1.0469, 2666
1.0472, 2665
1.0475, 2664
1.0477, 2663
1.0480, 2662
1.0483, 2661
1.0486, 2660
1.0488, 2659
1.0491, 2658
1.0494, 2657
1.0497, 2656
1.0500, 2655
1.0503, 2654
1.0505, 2653
1.0508, 2652
1.0510, 2651
1.0513, 2650
1.0516, 2649
1.0518, 2648
1.0521, 2647
1.0523, 2646
1.0526, 2645
1.0529, 2644
1.0532, 2643
1.0534, 2642
1.0537, 2641
1.0539, 2640
1.0542, 2639
1.0545, 2638
1.0547, 2637
1.0550, 2636
1.0553, 2635
1.0556, 2634
1.0559, 2633
1.0561, 2632
1.0564, 2631
1.0566, 2630
1.0569, 2629
1.0572, 2628
1.0574, 2627
1.0577, 2626
1.0579, 2625
1.0582, 2624
1.0585, 2623
1.0587, 2622
1.0590, 2621
1.0592, 2620
1.0595, 2619
1.0597, 2618
1.0600, 2617
1.0603, 2616
1.0605, 2615
1.0608, 2614
1.0610, 2613
1.0613, 2612
1.0616, 2611
1.0618, 2610
1.0621, 2609
1.0623, 2608
1.0625, 2607
1.0628, 2606
1.0631, 2605
1.0633, 2604
1.0636, 2603
1.0639, 2602
1.0641, 2601
1.0644, 2600
1.0647, 2599
1.0649, 2598
1.0652, 2597
1.0655, 2596
1.0658, 2595
1.0660, 2594
1.0663, 2593
1.0666, 2592
1.0668, 2591
1.0671, 2590
1.0673, 2589
1.0676, 2588
1.0678, 2587
1.0681, 2586
1.0683, 2585
1.0686, 2584
1.0689, 2583
1.0692, 2582
1.0694, 2581
1.0697, 2580
1.0700, 2579
1.0703, 2578
1.0705, 2577
1.0708, 2576
1.0711, 2575
1.0714, 2574
1.0717, 2573
1.0719, 2572
1.0721, 2571
1.0725, 2570
1.0727, 2569
1.0730, 2568
1.0733, 2567
1.0819, 2566
1.0925, 2565
1.1038, 2564
1.1040, 2563
1.1130, 2562
1.1132, 2561
1.1179, 2560
1.1225, 2559
1.1319, 2558
1.1434, 2557
1.1501, 2556
1.1801, 2555
1.1910, 2554
1.1976, 2553
1.2084, 2552
1.2148, 2551
1.2151, 2550
1.2214, 2549
1.2362, 2548
1.2407, 2547
1.2534, 2546
1.2578, 2545
1.2601, 2544
1.2623, 2543
1.2626, 2542
1.2628, 2541
1.2692, 2540
1.2755, 2539
1.2757, 2538
1.2883, 2537
1.2967, 2536
1.3052, 2535
1.3054, 2534
1.3120, 2533
1.3164, 2532
1.3167, 2531
1.3231, 2530
1.3339, 2529
1.3443, 2528
1.3549, 2527
1.3551, 2526
1.3574, 2525
1.3576, 2524
1.3682, 2523
1.3706, 2522
1.3798, 2521
1.3800, 2520
1.3824, 2519
1.3847, 2518
1.3913, 2517
1.3915, 2516
1.3959, 2515
1.4023, 2514
1.4026, 2513
1.4028, 2512
1.4030, 2511
1.4767, 2510
1.4913, 2509
1.4916, 2508
1.5000, 2507
1.5289, 2506
1.5355, 2505
1.5421, 2504
1.5589, 2503
1.5592, 2502
1.5739, 2501
1.5845, 2500
1.5888, 2499
1.6098, 2498
1.6269, 2497
1.6333, 2496
1.6335, 2495
1.6379, 2494
1.6489, 2493
1.6491, 2492
1.6597, 2491
1.6723, 2490
1.6726, 2489
1.6792, 2488
1.6835, 2487
1.6838, 2486
1.6840, 2485
1.6842, 2484
1.6844, 2483
1.6932, 2482
1.6934, 2481
1.6937, 2480
1.7086, 2479
1.7088, 2478
1.7091, 2477
1.7301, 2476
1.7303, 2475
1.7471, 2474
1.7474, 2473
1.7518, 2472
1.7583, 2471
1.7626, 2470
1.7629, 2469
1.7631, 2468
1.7633, 2467
1.7822, 2466
1.7971, 2465
1.7973, 2464
1.7975, 2463
1.7998, 2462
1.8001, 2461
1.8147, 2460
1.8314, 2459
1.8403, 2458
1.8552, 2457
1.8555, 2456
1.8682, 2455
1.8684, 2454
1.8687, 2453
1.8730, 2452
1.8796, 2451
1.8798, 2450
1.8966, 2449
1.9114, 2448
1.9200, 2447
1.9202, 2446
1.9289, 2445
1.9436, 2444
1.9603, 2443
1.9687, 2442
1.9793, 2441
1.9859, 2440
1.9986, 2439
2.0256, 2438
2.0320, 2437
2.0363, 2436
2.0552, 2435
2.0659, 2434
2.0788, 2433
2.0832, 2432
2.1104, 2431
2.1148, 2430
2.1336, 2429
2.1422, 2428
2.1425, 2427
2.1804, 2426
2.1848, 2425
2.2059, 2424
2.2251, 2423
2.2483, 2422
2.2485, 2421
2.2591, 2420
2.2696, 2419
2.2895, 2418
2.2961, 2417
2.3130, 2416
2.3196, 2415
2.3386, 2414
2.3452, 2413
2.3578, 2412
2.3600, 2411
2.3603, 2410
2.3625, 2409
2.3628, 2408
2.3739, 2407
2.3742, 2406
2.3793, 2405
2.3796, 2404
2.3798, 2403
2.3865, 2402
2.4061, 2401
2.4063, 2400
2.4152, 2399
2.4238, 2398
2.4240, 2397
2.4263, 2396
2.4265, 2395
2.4329, 2394
2.4456, 2393
2.4458, 2392
2.4461, 2391
2.4463, 2390
2.4590, 2389
2.4761, 2388
2.4804, 2387
2.4807, 2386
2.4809, 2385
2.4811, 2384
2.4813, 2383
2.4815, 2382
2.4879, 2381
2.4881, 2380
2.4945, 2379
2.4948, 2378
2.4950, 2377
2.4994, 2376
2.4996, 2375
2.5081, 2374
2.5124, 2373
2.5126, 2372
2.5234, 2371
2.5236, 2370
2.5238, 2369
2.5282, 2368
2.5285, 2367
2.5430, 2366
2.5475, 2365
2.5477, 2364
2.5479, 2363
2.5566, 2362
2.5568, 2361
2.5571, 2360
2.5573, 2359
2.5575, 2358
2.5577, 2357
2.5807, 2356
2.5810, 2355
2.5812, 2354
2.5814, 2353
2.5920, 2352
2.5943, 2351
2.5946, 2350
2.5948, 2349
2.5950, 2348
2.5994, 2347
2.6163, 2346
2.6206, 2345
2.6335, 2344
2.6337, 2343
2.6360, 2342
2.6507, 2341
2.6509, 2340
2.6594, 2339
2.6637, 2338
2.6639, 2337
2.6641, 2336
2.6705, 2335
2.6890, 2334
2.6893, 2333
2.6895, 2332
2.7084, 2331
2.7107, 2330
2.7109, 2329
2.7153, 2328
2.7341, 2327
2.7531, 2326
2.7533, 2325
2.7535, 2324
2.7661, 2323
2.7663, 2322
2.7727, 2321
2.7729, 2320
2.9112, 2319
2.9135, 2318
2.9158, 2317
2.9202, 2316
2.9204, 2315
2.9227, 2314
2.9271, 2313
2.9273, 2312
2.9316, 2311
2.9463, 2310
2.9548, 2309
2.9612, 2308
2.9614, 2307
2.9657, 2306
2.9659, 2305
2.9805, 2304
2.9808, 2303
2.9912, 2302
2.9914, 2301
2.9937, 2300
3.0044, 2299
3.0089, 2298
3.0091, 2297
3.0158, 2296
3.0160, 2295
3.0203, 2294
3.0205, 2293
3.0289, 2292
3.0333, 2291
3.0458, 2290
3.0542, 2289
3.0626, 2288
3.0628, 2287
3.0691, 2286
3.0734, 2285
3.0756, 2284
3.0758, 2283
3.0903, 2282
3.0987, 2281
3.1175, 2280
3.1344, 2279
3.1388, 2278
3.1494, 2277
3.1807, 2276
3.1850, 2275
3.1852, 2274
3.1854, 2273
3.1856, 2272
3.1901, 2271
3.1903, 2270
3.1968, 2269
3.2031, 2268
3.2033, 2267
3.2036, 2266
3.2058, 2265
3.2060, 2264
3.2186, 2263
3.2272, 2262
3.2356, 2261
3.2420, 2260
3.2546, 2259
3.2670, 2258
3.2713, 2257
3.2764, 2256
3.2766, 2255
3.2839, 2254
3.2954, 2253
3.3027, 2252
3.3030, 2251
3.3033, 2250
3.3239, 2249
3.3366, 2248
3.3443, 2247
3.3553, 2246
3.3715, 2245
3.3763, 2244
3.3867, 2243
3.3920, 2242
3.3923, 2241
3.4049, 2240
3.4173, 2239
3.4215, 2238
3.4341, 2237
3.4343, 2236
3.4409, 2235
3.4412, 2234
3.4498, 2233
3.4501, 2232
3.4610, 2231
3.4654, 2230
3.4825, 2229
3.4827, 2228
3.4892, 2227
3.5053, 2226
3.5551, 2225
3.5800, 2224
3.6689, 2223
3.6945, 2222
3.6988, 2221
3.7157, 2220
3.7200, 2219
3.7304, 2218
3.7863, 2217
3.9114, 2216
3.9283, 2215
4.0393, 2214
