0.6659, 3931
0.6662, 3930
0.6666, 3929
0.6669, 3928
0.6673, 3927
0.6676, 3926
0.6679, 3925
0.6683, 3924
0.6686, 3923
0.6690, 3922
0.6693, 3921
0.6696, 3920
0.6700, 3919
0.6703, 3918
0.6707, 3917
0.6711, 3916
0.6714, 3915
0.6718, 3914
0.6721, 3913
0.6724, 3912
0.6728, 3911
0.6731, 3910
0.6735, 3909
0.6738, 3908
0.6741, 3907
0.6745, 3906
0.6748, 3905
0.6752, 3904
0.6755, 3903
0.6759, 3902
0.6762, 3901
0.6766, 3900
0.6769, 3899
0.6773, 3898
0.6776, 3897
0.6780, 3896
0.6783, 3895
0.6786, 3894
0.6790, 3893
0.6793, 3892
0.6797, 3891
0.6800, 3890
0.6803, 3889
0.6807, 3888
0.6810, 3887
0.6813, 3886
0.6817, 3885
0.6820, 3884
0.6824, 3883
0.6827, 3882
0.6831, 3881
0.6834, 3880
0.6837, 3879
0.6841, 3878
0.6844, 3877
0.6847, 3876
0.6851, 3875
0.6854, 3874
0.6858, 3873
0.6861, 3872
0.6864, 3871
0.6868, 3870
0.6871, 3869
0.6874, 3868
0.6878, 3867
0.6881, 3866
0.6885, 3865
0.6888, 3864
0.6891, 3863
0.6895, 3862
0.6898, 3861
0.6901, 3860
0.6905, 3859
0.6908, 3858
0.6911, 3857
0.6915, 3856
0.6918, 3855
0.6922, 3854
0.6925, 3853
0.6928, 3852
0.6932, 3851
0.6935, 3850
0.6938, 3849
0.6942, 3848
0.6945, 3847
0.6948, 3846
0.6951, 3845
0.6955, 3844
0.6958, 3843
0.6961, 3842
0.6965, 3841
0.6969, 3840
0.6973, 3839
0.6976, 3838
0.6980, 3837
0.6984, 3836
0.6987, 3835
0.6990, 3834
0.6994, 3833
0.6997, 3832
0.7001, 3831
0.7004, 3830
0.7008, 3829
0.7011, 3828
0.7015, 3827
0.7018, 3826
0.7021, 3825
0.7025, 3824
0.7029, 3823
0.7032, 3822
0.7036, 3821
0.7039, 3820
0.7043, 3819
0.7046, 3818
0.7050, 3817
0.7053, 3816
0.7056, 3815
0.7060, 3814
0.7063, 3813
0.7066, 3812
0.7070, 3811
0.7073, 3810
0.7076, 3809
0.7080, 3808
0.7083, 3807
0.7087, 3806
0.7090, 3805
0.7094, 3804
0.7097, 3803
0.7100, 3802
0.7104, 3801
0.7107, 3800
0.7110, 3799
0.7114, 3798
0.7117, 3797
0.7121, 3796
0.7124, 3795
0.7128, 3794
0.7131, 3793
0.7134, 3792
0.7138, 3791
0.7142, 3790
0.7145, 3789
0.7148, 3788
0.7152, 3787
0.7155, 3786
0.7158, 3785
0.7162, 3784
0.7165, 3783
0.7168, 3782
0.7172, 3781
0.7175, 3780
0.7178, 3779
0.7182, 3778
0.7185, 3777
0.7188, 3776
0.7192, 3775
0.7195, 3774
0.7199, 3773
0.7203, 3772
0.7206, 3771
0.7210, 3770
0.7213, 3769
0.7217, 3768
0.7220, 3767
0.7224, 3766
0.7227, 3765
0.7231, 3764
0.7234, 3763
0.7238, 3762
0.7241, 3761
0.7245, 3760
0.7248, 3759
0.7252, 3758
0.7256, 3757
0.7259, 3756
0.7264, 3755
0.7267, 3754
0.7271, 3753
0.7274, 3752
0.7278, 3751
0.7282, 3750
0.7285, 3749
0.7289, 3748
0.7293, 3747
0.7296, 3746
0.7300, 3745
0.7304, 3744
0.7307, 3743
0.7311, 3742
0.7315, 3741
0.7318, 3740
0.7322, 3739
0.7325, 3738
0.7329, 3737
0.7332, 3736
0.7336, 3735
0.7339, 3734
0.7343, 3733
0.7346, 3732
0.7350, 3731
0.7353, 3730
0.7357, 3729
0.7360, 3728
0.7364, 3727
0.7368, 3726
0.7371, 3725
0.7374, 3724
0.7378, 3723
0.7382, 3722
0.7385, 3721
0.7389, 3720
0.7393, 3719
0.7396, 3718
0.7400, 3717
0.7403, 3716
0.7407, 3715
0.7411, 3714
0.7414, 3713
0.7418, 3712
0.7421, 3711
0.7425, 3710
0.7429, 3709
0.7432, 3708
0.7436, 3707
0.7439, 3706
0.7443, 3705
0.7446, 3704
0.7450, 3703
0.7453, 3702
0.7457, 3701
0.7460, 3700
0.7464, 3699
0.7468, 3698
0.7471, 3697
0.7475, 3696
0.7478, 3695
0.7482, 3694
0.7486, 3693
0.7489, 3692
0.7493, 3691
0.7496, 3690
0.7500, 3689
0.7503, 3688
0.7507, 3687
0.7510, 3686
0.7514, 3685
0.7517, 3684
0.7522, 3683
0.7526, 3682
0.7529, 3681
0.7533, 3680
0.7537, 3679
0.7540, 3678
0.7544, 3677
0.7547, 3676
0.7551, 3675
0.7554, 3674
0.7558, 3673
0.7562, 3672
0.7565, 3671
0.7569, 3670
0.7572, 3669
0.7576, 3668
0.7579, 3667
0.7583, 3666
0.7586, 3665
0.7590, 3664
0.7593, 3663
0.7596, 3662
0.7600, 3661
0.7603, 3660
0.7606, 3659
0.7610, 3658
0.7613, 3657
0.7616, 3656
0.7619, 3655
0.7623, 3654
0.7626, 3653
0.7630, 3652
0.7634, 3651
0.7637, 3650
0.7641, 3649
0.7644, 3648
0.7647, 3647
0.7650, 3646
0.7654, 3645
0.7657, 3644
0.7660, 3643
0.7664, 3642
0.7667, 3641
0.7670, 3640
0.7674, 3639
0.7678, 3638
0.7681, 3637
0.7685, 3636
0.7688, 3635
0.7691, 3634
0.7694, 3633
0.7698, 3632
0.7701, 3631
0.7704, 3630
0.7708, 3629
0.7711, 3628
0.7714, 3627
0.7717, 3626
0.7721, 3625
0.7724, 3624
0.7727, 3623
0.7731, 3622
0.7734, 3621
0.7737, 3620
0.7740, 3619
0.7744, 3618
0.7747, 3617
0.7750, 3616
0.7753, 3615
0.7757, 3614
0.7760, 3613
0.7764, 3612
0.7767, 3611
0.7771, 3610
0.7774, 3609
0.7777, 3608
0.7781, 3607
0.7784, 3606
0.7788, 3605
0.7791, 3604
0.7795, 3603
0.7798, 3602
0.7802, 3601
0.7805, 3600
0.7809, 3599
0.7812, 3598
0.7815, 3597
0.7819, 3596
0.7822, 3595
0.7825, 3594
0.7828, 3593
0.7832, 3592
0.7835, 3591
0.7838, 3590
0.7842, 3589
0.7845, 3588
0.7848, 3587
0.7851, 3586
0.7855, 3585
0.7858, 3584
0.7862, 3583
0.7865, 3582
0.7868, 3581
0.7871, 3580
0.7875, 3579
0.7878, 3578
0.7881, 3577
0.7885, 3576
0.7888, 3575
0.7892, 3574
0.7895, 3573
0.7899, 3572
0.7902, 3571
0.7906, 3570
0.7910, 3569
0.7913, 3568
0.7916, 3567
0.7920, 3566
0.7923, 3565
0.7926, 3564
0.7930, 3563
0.7933, 3562
0.7936, 3561
0.7940, 3560
0.7944, 3559
0.7947, 3558
0.7950, 3557
0.7953, 3556
0.7957, 3555
0.7960, 3554
0.7963, 3553
0.7967, 3552
0.7970, 3551
0.7974, 3550
0.7977, 3549
0.7980, 3548
0.7983, 3547
0.7987, 3546
0.7990, 3545
0.7994, 3544
0.7997, 3543
0.8000, 3542
0.8004, 3541
0.8008, 3540
0.8011, 3539
0.8014, 3538
0.8017, 3537
0.8021, 3536
0.8024, 3535
0.8027, 3534
0.8030, 3533
0.8034, 3532
0.8037, 3531
0.8040, 3530
0.8044, 3529
0.8047, 3528
0.8050, 3527
0.8054, 3526
0.8058, 3525
0.8061, 3524
0.8064, 3523
0.8067, 3522
0.8071, 3521
0.8074, 3520
0.8077, 3519
0.8081, 3518
0.8085, 3517
0.8088, 3516
0.8092, 3515
0.8095, 3514
0.8099, 3513
0.8102, 3512
0.8105, 3511
0.8109, 3510
0.8112, 3509
0.8115, 3508
0.8119, 3507
0.8122, 3506
0.8125, 3505
0.8128, 3504
0.8132, 3503
0.8135, 3502
0.8138, 3501
0.8142, 3500
0.8145, 3499
0.8148, 3498
0.8152, 3497
0.8155, 3496
0.8158, 3495
0.8161, 3494
0.8165, 3493
0.8168, 3492
0.8171, 3491
0.8175, 3490
0.8178, 3489
0.8181, 3488
0.8184, 3487
0.8187, 3486
0.8191, 3485
0.8194, 3484
0.8198, 3483
0.8201, 3482
0.8204, 3481
0.8207, 3480
0.8211, 3479
0.8214, 3478
0.8217, 3477
0.8220, 3476
0.8223, 3475
0.8226, 3474
0.8229, 3473
0.8233, 3472
0.8236, 3471
0.8239, 3470
0.8242, 3469
0.8245, 3468
0.8248, 3467
0.8252, 3466
0.8255, 3465
0.8258, 3464
0.8261, 3463
0.8264, 3462
0.8267, 3461
0.8270, 3460
0.8273, 3459
0.8277, 3458
0.8280, 3457
0.8283, 3456
0.8287, 3455
0.8290, 3454
0.8293, 3453
0.8297, 3452
0.8300, 3451
0.8303, 3450
0.8307, 3449
0.8310, 3448
0.8313, 3447
0.8318, 3446
0.8321, 3445
0.8324, 3444
0.8328, 3443
0.8331, 3442
0.8334, 3441
0.8337, 3440
0.8341, 3439
0.8344, 3438
0.8347, 3437
0.8351, 3436
0.8354, 3435
0.8358, 3434
0.8361, 3433
0.8364, 3432
0.8367, 3431
0.8371, 3430
0.8374, 3429
0.8377, 3428
0.8380, 3427
0.8384, 3426
0.8387, 3425
0.8390, 3424
0.8393, 3423
0.8396, 3422
0.8400, 3421
0.8403, 3420
0.8407, 3419
0.8410, 3418
0.8413, 3417
0.8417, 3416
0.8420, 3415
0.8424, 3414
0.8427, 3413
0.8430, 3412
0.8434, 3411
0.8437, 3410
0.8440, 3409
0.8443, 3408
0.8447, 3407
0.8450, 3406
0.8453, 3405
0.8456, 3404
0.8459, 3403
0.8462, 3402
0.8465, 3401
0.8469, 3400
0.8472, 3399
0.8475, 3398
0.8478, 3397
0.8482, 3396
0.8485, 3395
0.8488, 3394
0.8491, 3393
0.8495, 3392
0.8498, 3391
0.8501, 3390
0.8504, 3389
0.8508, 3388
0.8511, 3387
0.8515, 3386
0.8518, 3385
0.8522, 3384
0.8525, 3383
0.8528, 3382
0.8532, 3381
0.8535, 3380
0.8538, 3379
0.8542, 3378
0.8545, 3377
0.8548, 3376
0.8551, 3375
0.8554, 3374
0.8558, 3373
0.8561, 3372
0.8565, 3371
0.8568, 3370
0.8571, 3369
0.8574, 3368
0.8577, 3367
0.8581, 3366
0.8584, 3365
0.8587, 3364
0.8591, 3363
0.8594, 3362
0.8597, 3361
0.8601, 3360
0.8604, 3359
0.8608, 3358
0.8611, 3357
0.8615, 3356
0.8619, 3355
0.8622, 3354
0.8626, 3353
0.8629, 3352
0.8632, 3351
0.8636, 3350
0.8639, 3349
0.8643, 3348
0.8646, 3347
0.8650, 3346
0.8653, 3345
0.8656, 3344
0.8659, 3343
0.8663, 3342
0.8666, 3341
0.8670, 3340
0.8673, 3339
0.8676, 3338
0.8680, 3337
0.8683, 3336
0.8686, 3335
0.8689, 3334
0.8692, 3333
0.8696, 3332
0.8699, 3331
0.8702, 3330
0.8705, 3329
0.8708, 3328
0.8711, 3327
0.8714, 3326
0.8717, 3325
0.8720, 3324
0.8723, 3323
0.8726, 3322
0.8730, 3321
0.8733, 3320
0.8736, 3319
0.8739, 3318
0.8742, 3317
0.8745, 3316
0.8748, 3315
0.8751, 3314
0.8755, 3313
0.8758, 3312
0.8762, 3311
0.8765, 3310
0.8768, 3309
0.8772, 3308
0.8775, 3307
0.8778, 3306
0.8781, 3305
0.8785, 3304
0.8788, 3303
0.8792, 3302
0.8795, 3301
0.8799, 3300
0.8802, 3299
0.8806, 3298
0.8809, 3297
0.8813, 3296
0.8816, 3295
0.8819, 3294
0.8822, 3293
0.8825, 3292
0.8829, 3291
0.8832, 3290
0.8836, 3289
0.8839, 3288
0.8842, 3287
0.8846, 3286
0.8849, 3285
0.8852, 3284
0.8856, 3283
0.8859, 3282
0.8862, 3281
0.8865, 3280
0.8869, 3279
0.8872, 3278
0.8875, 3277
0.8879, 3276
0.8882, 3275
0.8885, 3274
0.8889, 3273
0.8892, 3272
0.8895, 3271
0.8899, 3270
0.8902, 3269
0.8906, 3268
0.8909, 3267
0.8913, 3266
0.8916, 3265
0.8919, 3264
0.8923, 3263
0.8926, 3262
0.8929, 3261
0.8932, 3260
0.8935, 3259
0.8939, 3258
0.8942, 3257
0.8945, 3256
0.8949, 3255
0.8952, 3254
0.8955, 3253
0.8958, 3252
0.8962, 3251
0.8965, 3250
0.8968, 3249
0.8971, 3248
0.8975, 3247
0.8979, 3246
0.8982, 3245
0.8985, 3244
0.8989, 3243
0.8992, 3242
0.8995, 3241
0.8998, 3240
0.9002, 3239
0.9005, 3238
0.9008, 3237
0.9012, 3236
0.9015, 3235
0.9018, 3234
0.9022, 3233
0.9025, 3232
0.9029, 3231
0.9032, 3230
0.9035, 3229
0.9038, 3228
0.9041, 3227
0.9044, 3226
0.9047, 3225
0.9050, 3224
0.9054, 3223
0.9057, 3222
0.9060, 3221
0.9063, 3220
0.9066, 3219
0.9070, 3218
0.9074, 3217
0.9077, 3216
0.9080, 3215
0.9083, 3214
0.9086, 3213
0.9089, 3212
0.9092, 3211
0.9096, 3210
0.9099, 3209
0.9102, 3208
0.9105, 3207
0.9108, 3206
0.9111, 3205
0.9114, 3204
0.9117, 3203
0.9121, 3202
0.9124, 3201
0.9128, 3200
0.9131, 3199
0.9135, 3198
0.9138, 3197
0.9141, 3196
0.9145, 3195
0.9149, 3194
0.9152, 3193
0.9155, 3192
0.9158, 3191
0.9161, 3190
0.9164, 3189
0.9167, 3188
0.9170, 3187
0.9174, 3186
0.9177, 3185
0.9180, 3184
0.9184, 3183
0.9187, 3182
0.9190, 3181
0.9194, 3180
0.9197, 3179
0.9200, 3178
0.9204, 3177
0.9207, 3176
0.9211, 3175
0.9214, 3174
0.9218, 3173
0.9221, 3172
0.9224, 3171
0.9227, 3170
0.9230, 3169
0.9234, 3168
0.9236, 3167
0.9240, 3166
0.9243, 3165
0.9246, 3164
0.9249, 3163
0.9252, 3162
0.9256, 3161
0.9259, 3160
0.9262, 3159
0.9265, 3158
0.9268, 3157
0.9271, 3156
0.9274, 3155
0.9277, 3154
0.9280, 3153
0.9284, 3152
0.9287, 3151
0.9290, 3150
0.9293, 3149
0.9296, 3148
0.9299, 3147
0.9303, 3146
0.9306, 3145
0.9310, 3144
0.9313, 3143
0.9316, 3142
0.9319, 3141
0.9323, 3140
0.9327, 3139
0.9330, 3138
0.9333, 3137
0.9336, 3136
0.9339, 3135
0.9343, 3134
0.9346, 3133
0.9349, 3132
0.9353, 3131
0.9356, 3130
0.9359, 3129
0.9362, 3128
0.9366, 3127
0.9369, 3126
0.9372, 3125
0.9375, 3124
0.9378, 3123
0.9381, 3122
0.9384, 3121
0.9387, 3120
0.9390, 3119
0.9393, 3118
0.9396, 3117
0.9399, 3116
0.9402, 3115
0.9406, 3114
0.9409, 3113
0.9411, 3112
0.9414, 3111
0.9418, 3110
0.9421, 3109
0.9424, 3108
0.9427, 3107
0.9430, 3106
0.9433, 3105
0.9436, 3104
0.9439, 3103
0.9442, 3102
0.9445, 3101
0.9448, 3100
0.9452, 3099
0.9455, 3098
0.9458, 3097
0.9461, 3096
0.9464, 3095
0.9467, 3094
0.9470, 3093
0.9473, 3092
0.9476, 3091
0.9480, 3090
0.9483, 3089
0.9485, 3088
0.9488, 3087
0.9491, 3086
0.9494, 3085
0.9497, 3084
0.9501, 3083
0.9504, 3082
0.9507, 3081
0.9509, 3080
0.9513, 3079
0.9516, 3078
0.9519, 3077
0.9522, 3076
0.9525, 3075
0.9528, 3074
0.9531, 3073
0.9534, 3072
0.9536, 3071
0.9540, 3070
0.9543, 3069
0.9545, 3068
0.9548, 3067
0.9551, 3066
0.9554, 3065
0.9557, 3064
0.9560, 3063
0.9562, 3062
0.9565, 3061
0.9568, 3060
0.9571, 3059
0.9574, 3058
0.9577, 3057
0.9580, 3056
0.9583, 3055
0.9586, 3054
0.9589, 3053
0.9591, 3052
0.9595, 3051
0.9598, 3050
0.9601, 3049
0.9604, 3048
0.9607, 3047
0.9610, 3046
0.9613, 3045
0.9616, 3044
0.9619, 3043
0.9622, 3042
0.9625, 3041
0.9627, 3040
0.9630, 3039
0.9633, 3038
0.9636, 3037
0.9639, 3036
0.9642, 3035
0.9645, 3034
0.9648, 3033
0.9651, 3032
0.9654, 3031
0.9657, 3030
0.9660, 3029
0.9663, 3028
0.9666, 3027
0.9669, 3026
0.9672, 3025
0.9675, 3024
0.9677, 3023
0.9680, 3022
0.9683, 3021
0.9686, 3020
0.9689, 3019
0.9692, 3018
0.9695, 3017
0.9698, 3016
0.9701, 3015
0.9704, 3014
0.9707, 3013
0.9710, 3012
0.9713, 3011
0.9715, 3010
0.9718, 3009
0.9721, 3008
0.9724, 3007
0.9727, 3006
0.9729, 3005
0.9732, 3004
0.9735, 3003
0.9738, 3002
0.9741, 3001
0.9744, 3000
0.9746, 2999
0.9749, 2998
0.9752, 2997
0.9755, 2996
0.9758, 2995
0.9760, 2994
0.9763, 2993
0.9766, 2992
0.9769, 2991
0.9772, 2990
0.9775, 2989
0.9777, 2988
0.9780, 2987
0.9783, 2986
0.9786, 2985
0.9789, 2984
0.9792, 2983
0.9795, 2982
0.9797, 2981
0.9800, 2980
0.9803, 2979
0.9806, 2978
0.9809, 2977
0.9812, 2976
0.9815, 2975
0.9818, 2974
0.9821, 2973
0.9824, 2972
0.9827, 2971
0.9830, 2970
0.9833, 2969
0.9836, 2968
0.9838, 2967
0.9841, 2966
0.9844, 2965
0.9847, 2964
0.9850, 2963
0.9853, 2962
0.9856, 2961
0.9859, 2960
0.9862, 2959
0.9865, 2958
0.9868, 2957
0.9871, 2956
0.9874, 2955
0.9877, 2954
0.9881, 2953
0.9883, 2952
0.9886, 2951
0.9889, 2950
0.9892, 2949
0.9895, 2948
0.9898, 2947
0.9900, 2946
0.9903, 2945
0.9906, 2944
0.9909, 2943
0.9912, 2942
0.9914, 2941
0.9917, 2940
0.9920, 2939
0.9924, 2938
0.9927, 2937
0.9929, 2936
0.9932, 2935
0.9935, 2934
0.9938, 2933
0.9941, 2932
0.9944, 2931
0.9947, 2930
0.9950, 2929
0.9954, 2928
0.9956, 2927
0.9960, 2926
0.9963, 2925
0.9966, 2924
0.9969, 2923
0.9972, 2922
0.9976, 2921
0.9979, 2920
0.9982, 2919
0.9985, 2918
0.9988, 2917
0.9991, 2916
0.9995, 2915
0.9998, 2914
1.0001, 2913
1.0004, 2912
1.0007, 2911
1.0011, 2910
1.0014, 2909
1.0017, 2908
1.0020, 2907
1.0023, 2906
1.0026, 2905
1.0029, 2904
1.0032, 2903
1.0035, 2902
1.0038, 2901
1.0040, 2900
1.0044, 2899
1.0046, 2898
1.0050, 2897
1.0052, 2896
1.0056, 2895
1.0059, 2894
1.0062, 2893
1.0065, 2892
1.0069, 2891
1.0072, 2890
1.0075, 2889
1.0078, 2888
1.0081, 2887
1.0084, 2886
1.0087, 2885
1.0090, 2884
1.0093, 2883
1.0096, 2882
1.0099, 2881
1.0102, 2880
1.0105, 2879
1.0108, 2878
1.0110, 2877
1.0113, 2876
1.0116, 2875
1.0119, 2874
1.0122, 2873
1.0125, 2872
1.0128, 2871
1.0131, 2870
1.0134, 2869
1.0137, 2868
1.0140, 2867
1.0143, 2866
1.0146, 2865
1.0149, 2864
1.0152, 2863
1.0155, 2862
1.0158, 2861
1.0162, 2860
1.0165, 2859
1.0168, 2858
1.0171, 2857
1.0174, 2856
1.0177, 2855
1.0180, 2854
1.0183, 2853
1.0186, 2852
1.0189, 2851
1.0191, 2850
1.0194, 2849
1.0197, 2848
1.0200, 2847
1.0203, 2846
1.0205, 2845
1.0208, 2844
1.0211, 2843
1.0214, 2842
1.0217, 2841
1.0219, 2840
1.0222, 2839
1.0225, 2838
1.0228, 2837
1.0231, 2836
1.0234, 2835
1.0236, 2834
1.0239, 2833
1.0242, 2832
1.0245, 2831
1.0248, 2830
1.0250, 2829
1.0253, 2828
1.0256, 2827
1.0259, 2826
1.0261, 2825
1.0264, 2824
1.0267, 2823
1.0269, 2822
1.0273, 2821
1.0275, 2820
1.0278, 2819
1.0281, 2818
1.0284, 2817
1.0286, 2816
1.0289, 2815
1.0292, 2814
1.0294, 2813
1.0297, 2812
1.0300, 2811
1.0303, 2810
1.0305, 2809
1.0308, 2808
1.0311, 2807
1.0314, 2806
1.0316, 2805
1.0319, 2804
1.0322, 2803
1.0325, 2802
1.0327, 2801
1.0330, 2800
1.0333, 2799
1.0336, 2798
1.0339, 2797
1.0342, 2796
1.0345, 2795
1.0347, 2794
1.0350, 2793
1.0352, 2792
1.0356, 2791
1.0359, 2790
1.0361, 2789
1.0364, 2788
1.0367, 2787
1.0369, 2786
1.0372, 2785
1.0375, 2784
1.0378, 2783
1.0380, 2782
1.0383, 2781
1.0386, 2780
1.0389, 2779
1.0392, 2778
1.0394, 2777
1.0397, 2776
1.0400, 2775
1.0403, 2774
1.0406, 2773
1.0408, 2772
1.0411, 2771
1.0414, 2770
1.0416, 2769
1.0419, 2768
1.0422, 2767
1.0424, 2766
1.0427, 2765
1.0430, 2764
1.0432, 2763
1.0435, 2762
1.0438, 2761
1.0440, 2760
1.0443, 2759
1.0446, 2758
1.0448, 2757
1.0451, 2756
1.0454, 2755
1.0456, 2754
1.0459, 2753
1.0462, 2752
1.0465, 2751
1.0468, 2750
1.0471, 2749
1.0474, 2748
1.0477, 2747
1.0480, 2746
1.0482, 2745
1.0485, 2744
1.0488, 2743
1.0490, 2742
1.0493, 2741
1.0497, 2740
1.0500, 2739
1.0503, 2738
1.0506, 2737
1.0508, 2736
1.0511, 2735
1.0514, 2734
1.0517, 2733
1.0520, 2732
1.0523, 2731
1.0525, 2730
1.0528, 2729
1.0531, 2728
1.0534, 2727
1.0537, 2726
1.0540, 2725
1.0542, 2724
1.0545, 2723
1.0548, 2722
1.0551, 2721
1.0554, 2720
1.0556, 2719
1.0559, 2718
1.0562, 2717
1.0565, 2716
1.0567, 2715
1.0570, 2714
1.0573, 2713
1.0576, 2712
1.0579, 2711
1.0581, 2710
1.0584, 2709
1.0587, 2708
1.0589, 2707
1.0592, 2706
1.0595, 2705
1.0598, 2704
1.0601, 2703
1.0604, 2702
1.0606, 2701
1.0609, 2700
1.0612, 2699
1.0615, 2698
1.0617, 2697
1.0620, 2696
1.0623, 2695
1.0626, 2694
1.0628, 2693
1.0632, 2692
1.0634, 2691
1.0637, 2690
1.0640, 2689
1.0643, 2688
1.0646, 2687
1.0648, 2686
1.0651, 2685
1.0654, 2684
1.0657, 2683
1.0659, 2682
1.0662, 2681
1.0665, 2680
1.0668, 2679
1.0670, 2678
1.0673, 2677
1.0676, 2676
1.0678, 2675
1.0681, 2674
1.0684, 2673
1.0687, 2672
1.0690, 2671
1.0693, 2670
1.0696, 2669
1.0699, 2668
1.0701, 2667
1.0704, 2666
1.0707, 2665
1.0710, 2664
1.0712, 2663
1.0715, 2662
1.0718, 2661
1.0721, 2660
1.0723, 2659
1.0726, 2658
1.0729, 2657
1.0731, 2656
1.0734, 2655
1.0737, 2654
1.0739, 2653
1.0742, 2652
1.0745, 2651
1.0748, 2650
1.0750, 2649
1.0753, 2648
1.0756, 2647
1.0758, 2646
1.0761, 2645
1.0764, 2644
1.0766, 2643
1.0769, 2642
1.0772, 2641
1.0774, 2640
1.0777, 2639
1.0780, 2638
1.0782, 2637
1.0785, 2636
1.0788, 2635
1.0791, 2634
1.0793, 2633
1.0796, 2632
1.0799, 2631
1.0801, 2630
1.0804, 2629
1.0806, 2628
1.0809, 2627
1.0812, 2626
1.0814, 2625
1.0817, 2624
1.0819, 2623
1.0822, 2622
1.0824, 2621
1.0827, 2620
1.0830, 2619
1.0832, 2618
1.0835, 2617
1.0838, 2616
1.0840, 2615
1.0843, 2614
1.0846, 2613
1.0848, 2612
1.0851, 2611
1.0853, 2610
1.0856, 2609
1.0859, 2608
1.0861, 2607
1.0864, 2606
1.0866, 2605
1.0869, 2604
1.0872, 2603
1.0875, 2602
1.0877, 2601
1.0880, 2600
1.0883, 2599
1.0885, 2598
1.0888, 2597
1.0890, 2596
1.0893, 2595
1.0896, 2594
1.0898, 2593
1.0901, 2592
1.0904, 2591
1.0906, 2590
1.0909, 2589
1.0912, 2588
1.0914, 2587
1.0917, 2586
1.0919, 2585
1.0922, 2584
1.0925, 2583
1.0927, 2582
1.0930, 2581
1.0932, 2580
1.0935, 2579
1.0938, 2578
1.0941, 2577
1.0943, 2576
1.0946, 2575
1.0949, 2574
1.0951, 2573
1.0954, 2572
1.0957, 2571
1.0959, 2570
1.0962, 2569
1.0966, 2568
1.0968, 2567
1.1035, 2566
1.1099, 2565
1.1101, 2564
1.1249, 2563
1.1251, 2562
1.1336, 2561
1.1338, 2560
1.1526, 2559
1.1610, 2558
1.1698, 2557
1.1955, 2556
1.2023, 2555
1.2132, 2554
1.2177, 2553
1.2243, 2552
1.2246, 2551
1.2316, 2550
1.2468, 2549
1.2599, 2548
1.2666, 2547
1.2668, 2546
1.2712, 2545
1.2735, 2544
1.2738, 2543
1.2740, 2542
1.2785, 2541
1.2850, 2540
1.2853, 2539
1.3002, 2538
1.3089, 2537
1.3178, 2536
1.3181, 2535
1.3268, 2534
1.3336, 2533
1.3422, 2532
1.3549, 2531
1.3661, 2530
1.3684, 2529
1.3686, 2528
1.3753, 2527
1.3755, 2526
1.3840, 2525
1.3884, 2524
1.3929, 2523
1.3974, 2522
1.4018, 2521
1.4020, 2520
1.4065, 2519
1.4130, 2518
1.4132, 2517
1.4134, 2516
1.4137, 2515
1.4243, 2514
1.4918, 2513
1.5069, 2512
1.5071, 2511
1.5199, 2510
1.5473, 2509
1.5683, 2508
1.5685, 2507
1.5812, 2506
1.5877, 2505
1.6025, 2504
1.6256, 2503
1.6469, 2502
1.6599, 2501
1.6622, 2500
1.6646, 2499
1.6648, 2498
1.6693, 2497
1.6758, 2496
1.6864, 2495
1.6909, 2494
1.6953, 2493
1.6997, 2492
1.7000, 2491
1.7002, 2490
1.7004, 2489
1.7007, 2488
1.7093, 2487
1.7095, 2486
1.7098, 2485
1.7248, 2484
1.7250, 2483
1.7252, 2482
1.7473, 2481
1.7540, 2480
1.7675, 2479
1.7721, 2478
1.7809, 2477
1.7833, 2476
1.7879, 2475
1.7881, 2474
1.7883, 2473
1.7886, 2472
1.8079, 2471
1.8187, 2470
1.8253, 2469
1.8255, 2468
1.8258, 2467
1.8260, 2466
1.8412, 2465
1.8541, 2464
1.8629, 2463
1.8843, 2462
1.8846, 2461
1.8954, 2460
1.8956, 2459
1.8958, 2458
1.9005, 2457
1.9113, 2456
1.9116, 2455
1.9246, 2454
1.9375, 2453
1.9484, 2452
1.9486, 2451
1.9638, 2450
1.9727, 2449
1.9919, 2448
1.9964, 2447
2.0096, 2446
2.0162, 2445
2.0377, 2444
2.0571, 2443
2.0678, 2442
2.0680, 2441
2.0913, 2440
2.0980, 2439
2.1067, 2438
2.1153, 2437
2.1432, 2436
2.1477, 2435
2.1670, 2434
2.1735, 2433
2.1780, 2432
2.2123, 2431
2.2253, 2430
2.2424, 2429
2.2724, 2428
2.2791, 2427
2.2794, 2426
2.2930, 2425
2.3019, 2424
2.3236, 2423
2.3325, 2422
2.3510, 2421
2.3603, 2420
2.3741, 2419
2.3879, 2418
2.4008, 2417
2.4032, 2416
2.4034, 2415
2.4058, 2414
2.4060, 2413
2.4126, 2412
2.4128, 2411
2.4173, 2410
2.4175, 2409
2.4177, 2408
2.4305, 2407
2.4497, 2406
2.4584, 2405
2.4672, 2404
2.4674, 2403
2.4698, 2402
2.4700, 2401
2.4786, 2400
2.4833, 2399
2.4835, 2398
2.4903, 2397
2.4905, 2396
2.5106, 2395
2.5218, 2394
2.5264, 2393
2.5267, 2392
2.5269, 2391
2.5271, 2390
2.5273, 2389
2.5276, 2388
2.5341, 2387
2.5343, 2386
2.5430, 2385
2.5432, 2384
2.5434, 2383
2.5500, 2382
2.5502, 2381
2.5504, 2380
2.5572, 2379
2.5595, 2378
2.5661, 2377
2.5664, 2376
2.5666, 2375
2.5776, 2374
2.5778, 2373
2.5908, 2372
2.5952, 2371
2.5955, 2370
2.5957, 2369
2.6045, 2368
2.6047, 2367
2.6050, 2366
2.6052, 2365
2.6054, 2364
2.6057, 2363
2.6290, 2362
2.6292, 2361
2.6294, 2360
2.6296, 2359
2.6425, 2358
2.6428, 2357
2.6430, 2356
2.6432, 2355
2.6434, 2354
2.6479, 2353
2.6648, 2352
2.6693, 2351
2.6758, 2350
2.6825, 2349
2.6850, 2348
2.7021, 2347
2.7023, 2346
2.7110, 2345
2.7112, 2344
2.7114, 2343
2.7117, 2342
2.7162, 2341
2.7375, 2340
2.7399, 2339
2.7401, 2338
2.7553, 2337
2.7619, 2336
2.7621, 2335
2.7668, 2334
2.7884, 2333
2.8077, 2332
2.8079, 2331
2.8081, 2330
2.8211, 2329
2.8213, 2328
2.8279, 2327
2.8281, 2326
2.9107, 2325
2.9670, 2324
2.9693, 2323
2.9716, 2322
2.9761, 2321
2.9763, 2320
2.9807, 2319
2.9809, 2318
2.9832, 2317
2.9875, 2316
2.9898, 2315
3.0048, 2314
3.0092, 2313
3.0156, 2312
3.0158, 2311
3.0202, 2310
3.0204, 2309
3.0331, 2308
3.0374, 2307
3.0460, 2306
3.0462, 2305
3.0485, 2304
3.0591, 2303
3.0635, 2302
3.0637, 2301
3.0680, 2300
3.0725, 2299
3.0727, 2298
3.0750, 2297
3.0835, 2296
3.0879, 2295
3.1005, 2294
3.1090, 2293
3.1175, 2292
3.1177, 2291
3.1241, 2290
3.1285, 2289
3.1309, 2288
3.1311, 2287
3.1459, 2286
3.1606, 2285
3.1650, 2284
3.1883, 2283
3.1948, 2282
3.2034, 2281
3.2348, 2280
3.2393, 2279
3.2395, 2278
3.2398, 2277
3.2400, 2276
3.2444, 2275
3.2446, 2274
3.2510, 2273
3.2575, 2272
3.2598, 2271
3.2600, 2270
3.2707, 2269
3.2772, 2268
3.2836, 2267
3.2942, 2266
3.3009, 2265
3.3053, 2264
3.3055, 2263
3.3224, 2262
3.3267, 2261
3.3311, 2260
3.3375, 2259
3.3377, 2258
3.3546, 2257
3.3548, 2256
3.3550, 2255
3.3553, 2254
3.3824, 2253
3.3826, 2252
3.3890, 2251
3.3913, 2250
3.3957, 2249
3.4003, 2248
3.4047, 2247
3.4199, 2246
3.4349, 2245
3.4393, 2244
3.4395, 2243
3.4522, 2242
3.4647, 2241
3.4691, 2240
3.4734, 2239
3.4861, 2238
3.4863, 2237
3.4927, 2236
3.4929, 2235
3.5077, 2234
3.5120, 2233
3.5245, 2232
3.5288, 2231
3.5332, 2230
3.5603, 2229
3.5606, 2228
3.5874, 2227
3.7386, 2226
3.7678, 2225
3.7929, 2224
3.7932, 2223
3.7976, 2222
3.8455, 2221
3.9474, 2220
3.9778, 2219
3.9844, 2218
3.9993, 2217
4.0755, 2216
