0.0368, 2281
0.0437, 2280
0.0731, 2279
0.0921, 2278
0.1928, 2277
0.2422, 2276
0.2808, 2275
0.2904, 2274
0.3472, 2273
0.3595, 2272
0.4020, 2271
0.4720, 2270
0.5148, 2269
0.5548, 2268
0.5581, 2266
0.8215, 2265
0.8464, 2264
0.8684, 2263
0.9200, 2262
0.9260, 2261
0.9671, 2260
0.9931, 2259
1.0145, 2257
1.0514, 2256
1.1379, 2255
1.1903, 2253
1.2333, 2252
1.3185, 2251
1.3806, 2250
1.4328, 2249
1.4510, 2248
1.4723, 2247
1.5093, 2246
1.5523, 2245
1.5585, 2244
1.6781, 2243
1.7026, 2242
1.7305, 2241
1.8068, 2240
1.8283, 2239
1.8464, 2237
1.8587, 2236
1.8618, 2234
1.8742, 2233
2.0066, 2230
2.0492, 2229
2.2249, 2227
2.5658, 2224
2.5941, 2223
2.6185, 2222
2.6646, 2221
