0.6623, 3931
0.6627, 3930
0.6631, 3929
0.6636, 3928
0.6641, 3927
0.6646, 3926
0.6651, 3925
0.6656, 3924
0.6661, 3923
0.6665, 3922
0.6669, 3921
0.6673, 3920
0.6676, 3919
0.6681, 3918
0.6686, 3917
0.6691, 3916
0.6696, 3915
0.6701, 3914
0.6706, 3913
0.6710, 3912
0.6713, 3911
0.6718, 3910
0.6722, 3909
0.6726, 3908
0.6729, 3907
0.6733, 3906
0.6736, 3905
0.6740, 3904
0.6744, 3903
0.6748, 3902
0.6751, 3901
0.6755, 3900
0.6759, 3899
0.6764, 3898
0.6769, 3897
0.6773, 3896
0.6778, 3895
0.6782, 3894
0.6788, 3893
0.6792, 3892
0.6797, 3891
0.6802, 3890
0.6806, 3889
0.6810, 3888
0.6814, 3887
0.6818, 3886
0.6823, 3885
0.6829, 3884
0.6834, 3883
0.6842, 3882
0.6851, 3881
0.6855, 3880
0.6859, 3879
0.6863, 3878
0.6867, 3877
0.6872, 3876
0.6877, 3875
0.6882, 3874
0.6887, 3873
0.6891, 3872
0.6895, 3871
0.6898, 3870
0.6902, 3869
0.6906, 3868
0.6910, 3867
0.6914, 3866
0.6918, 3865
0.6921, 3864
0.6925, 3863
0.6929, 3862
0.6933, 3861
0.6937, 3860
0.6941, 3859
0.6944, 3858
0.6948, 3857
0.6952, 3856
0.6957, 3855
0.6961, 3854
0.6966, 3853
0.6971, 3852
0.6976, 3851
0.6983, 3850
0.6987, 3849
0.6991, 3848
0.6995, 3847
0.6998, 3846
0.7003, 3845
0.7010, 3844
0.7014, 3843
0.7019, 3842
0.7025, 3841
0.7030, 3840
0.7036, 3839
0.7041, 3838
0.7045, 3837
0.7050, 3836
0.7054, 3835
0.7058, 3834
0.7062, 3833
0.7065, 3832
0.7069, 3831
0.7073, 3830
0.7076, 3829
0.7081, 3828
0.7085, 3827
0.7089, 3826
0.7092, 3825
0.7097, 3824
0.7105, 3823
0.7119, 3822
0.7125, 3821
0.7129, 3820
0.7135, 3819
0.7139, 3818
0.7144, 3817
0.7149, 3816
0.7154, 3815
0.7164, 3814
0.7169, 3813
0.7177, 3812
0.7182, 3811
0.7194, 3810
0.7204, 3809
0.7209, 3808
0.7215, 3807
0.7224, 3806
0.7230, 3805
0.7243, 3804
0.7248, 3803
0.7252, 3802
0.7258, 3801
0.7262, 3800
0.7267, 3799
0.7271, 3798
0.7276, 3797
0.7281, 3796
0.7288, 3795
0.7291, 3794
0.7299, 3793
0.7305, 3792
0.7313, 3791
0.7320, 3790
0.7325, 3789
0.7346, 3788
0.7352, 3787
0.7355, 3786
0.7359, 3785
0.7362, 3784
0.7366, 3783
0.7369, 3782
0.7374, 3781
0.7377, 3780
0.7381, 3779
0.7385, 3778
0.7390, 3777
0.7393, 3776
0.7397, 3775
0.7412, 3774
0.7415, 3773
0.7425, 3772
0.7430, 3771
0.7433, 3770
0.7437, 3769
0.7440, 3768
0.7443, 3767
0.7447, 3766
0.7450, 3765
0.7454, 3764
0.7457, 3763
0.7461, 3762
0.7464, 3761
0.7468, 3760
0.7472, 3759
0.7475, 3758
0.7479, 3757
0.7482, 3756
0.7486, 3755
0.7489, 3754
0.7493, 3753
0.7496, 3752
0.7500, 3751
0.7503, 3750
0.7507, 3749
0.7511, 3748
0.7514, 3747
0.7517, 3746
0.7521, 3745
0.7525, 3744
0.7528, 3743
0.7532, 3742
0.7535, 3741
0.7539, 3740
0.7543, 3739
0.7546, 3738
0.7549, 3737
0.7554, 3736
0.7558, 3735
0.7561, 3734
0.7565, 3733
0.7572, 3732
0.7577, 3731
0.7580, 3730
0.7584, 3729
0.7587, 3728
0.7590, 3727
0.7594, 3726
0.7597, 3725
0.7600, 3724
0.7603, 3723
0.7606, 3722
0.7610, 3721
0.7613, 3720
0.7616, 3719
0.7619, 3718
0.7623, 3717
0.7626, 3716
0.7629, 3715
0.7633, 3714
0.7636, 3713
0.7639, 3712
0.7643, 3711
0.7646, 3710
0.7649, 3709
0.7652, 3708
0.7656, 3707
0.7659, 3706
0.7662, 3705
0.7665, 3704
0.7669, 3703
0.7672, 3702
0.7675, 3701
0.7678, 3700
0.7682, 3699
0.7685, 3698
0.7688, 3697
0.7691, 3696
0.7695, 3695
0.7698, 3694
0.7701, 3693
0.7704, 3692
0.7707, 3691
0.7711, 3690
0.7714, 3689
0.7717, 3688
0.7720, 3687
0.7724, 3686
0.7727, 3685
0.7731, 3684
0.7735, 3683
0.7739, 3682
0.7742, 3681
0.7745, 3680
0.7749, 3679
0.7752, 3678
0.7755, 3677
0.7758, 3676
0.7762, 3675
0.7765, 3674
0.7768, 3673
0.7771, 3672
0.7774, 3671
0.7778, 3670
0.7781, 3669
0.7784, 3668
0.7787, 3667
0.7791, 3666
0.7794, 3665
0.7797, 3664
0.7800, 3663
0.7804, 3662
0.7807, 3661
0.7810, 3660
0.7813, 3659
0.7817, 3658
0.7820, 3657
0.7823, 3656
0.7826, 3655
0.7830, 3654
0.7833, 3653
0.7836, 3652
0.7839, 3651
0.7843, 3650
0.7846, 3649
0.7849, 3648
0.7852, 3647
0.7856, 3646
0.7859, 3645
0.7862, 3644
0.7865, 3643
0.7869, 3642
0.7872, 3641
0.7875, 3640
0.7879, 3639
0.7882, 3638
0.7885, 3637
0.7889, 3636
0.7892, 3635
0.7896, 3634
0.7899, 3633
0.7903, 3632
0.7907, 3631
0.7910, 3630
0.7914, 3629
0.7917, 3628
0.7920, 3627
0.7924, 3626
0.7927, 3625
0.7930, 3624
0.7934, 3623
0.7937, 3622
0.7940, 3621
0.7943, 3620
0.7946, 3619
0.7950, 3618
0.7953, 3617
0.7956, 3616
0.7959, 3615
0.7962, 3614
0.7966, 3613
0.7969, 3612
0.7972, 3611
0.7975, 3610
0.7979, 3609
0.7982, 3608
0.7985, 3607
0.7988, 3606
0.7991, 3605
0.7994, 3604
0.7997, 3603
0.8001, 3602
0.8004, 3601
0.8007, 3600
0.8010, 3599
0.8013, 3598
0.8017, 3597
0.8020, 3596
0.8023, 3595
0.8026, 3594
0.8029, 3593
0.8032, 3592
0.8036, 3591
0.8039, 3590
0.8042, 3589
0.8045, 3588
0.8049, 3587
0.8052, 3586
0.8055, 3585
0.8059, 3584
0.8062, 3583
0.8066, 3582
0.8070, 3581
0.8074, 3580
0.8077, 3579
0.8081, 3578
0.8084, 3577
0.8088, 3576
0.8091, 3575
0.8094, 3574
0.8097, 3573
0.8100, 3572
0.8103, 3571
0.8107, 3570
0.8110, 3569
0.8113, 3568
0.8116, 3567
0.8119, 3566
0.8122, 3565
0.8126, 3564
0.8129, 3563
0.8132, 3562
0.8135, 3561
0.8139, 3560
0.8142, 3559
0.8145, 3558
0.8148, 3557
0.8151, 3556
0.8154, 3555
0.8157, 3554
0.8161, 3553
0.8164, 3552
0.8167, 3551
0.8170, 3550
0.8173, 3549
0.8176, 3548
0.8179, 3547
0.8183, 3546
0.8186, 3545
0.8189, 3544
0.8193, 3543
0.8196, 3542
0.8199, 3541
0.8203, 3540
0.8206, 3539
0.8209, 3538
0.8212, 3537
0.8215, 3536
0.8218, 3535
0.8222, 3534
0.8225, 3533
0.8228, 3532
0.8232, 3531
0.8236, 3530
0.8239, 3529
0.8242, 3528
0.8246, 3527
0.8249, 3526
0.8252, 3525
0.8256, 3524
0.8259, 3523
0.8262, 3522
0.8265, 3521
0.8268, 3520
0.8271, 3519
0.8274, 3518
0.8277, 3517
0.8281, 3516
0.8284, 3515
0.8287, 3514
0.8290, 3513
0.8293, 3512
0.8296, 3511
0.8299, 3510
0.8302, 3509
0.8306, 3508
0.8309, 3507
0.8312, 3506
0.8315, 3505
0.8318, 3504
0.8322, 3503
0.8325, 3502
0.8328, 3501
0.8331, 3500
0.8334, 3499
0.8337, 3498
0.8340, 3497
0.8344, 3496
0.8347, 3495
0.8350, 3494
0.8353, 3493
0.8356, 3492
0.8360, 3491
0.8363, 3490
0.8366, 3489
0.8369, 3488
0.8372, 3487
0.8375, 3486
0.8379, 3485
0.8382, 3484
0.8386, 3483
0.8389, 3482
0.8392, 3481
0.8396, 3480
0.8400, 3479
0.8403, 3478
0.8406, 3477
0.8409, 3476
0.8412, 3475
0.8415, 3474
0.8419, 3473
0.8422, 3472
0.8425, 3471
0.8428, 3470
0.8432, 3469
0.8435, 3468
0.8438, 3467
0.8441, 3466
0.8445, 3465
0.8448, 3464
0.8451, 3463
0.8454, 3462
0.8457, 3461
0.8461, 3460
0.8464, 3459
0.8467, 3458
0.8470, 3457
0.8473, 3456
0.8477, 3455
0.8480, 3454
0.8483, 3453
0.8486, 3452
0.8490, 3451
0.8493, 3450
0.8496, 3449
0.8499, 3448
0.8502, 3447
0.8505, 3446
0.8508, 3445
0.8511, 3444
0.8515, 3443
0.8518, 3442
0.8521, 3441
0.8524, 3440
0.8527, 3439
0.8531, 3438
0.8534, 3437
0.8537, 3436
0.8540, 3435
0.8543, 3434
0.8547, 3433
0.8550, 3432
0.8553, 3431
0.8557, 3430
0.8560, 3429
0.8564, 3428
0.8625, 3427
0.8628, 3426
0.8631, 3425
0.8635, 3424
0.8638, 3423
0.8641, 3422
0.8644, 3421
0.8647, 3420
0.8650, 3419
0.8653, 3418
0.8656, 3417
0.8659, 3416
0.8663, 3415
0.8665, 3414
0.8668, 3413
0.8672, 3412
0.8675, 3411
0.8678, 3410
0.8681, 3409
0.8684, 3408
0.8687, 3407
0.8690, 3406
0.8693, 3405
0.8696, 3404
0.8699, 3403
0.8702, 3402
0.8705, 3401
0.8708, 3400
0.8711, 3399
0.8714, 3398
0.8717, 3397
0.8720, 3396
0.8724, 3395
0.8727, 3394
0.8730, 3393
0.8735, 3392
0.8738, 3391
0.8742, 3390
0.8745, 3389
0.8748, 3388
0.8751, 3387
0.8755, 3386
0.8758, 3385
0.8761, 3384
0.8764, 3383
0.8767, 3382
0.8770, 3381
0.8773, 3380
0.8776, 3379
0.8779, 3378
0.8782, 3377
0.8785, 3376
0.8788, 3375
0.8791, 3374
0.8795, 3373
0.8798, 3372
0.8801, 3371
0.8805, 3370
0.8808, 3369
0.8811, 3368
0.8814, 3367
0.8817, 3366
0.8820, 3365
0.8823, 3364
0.8826, 3363
0.8830, 3362
0.8833, 3361
0.8836, 3360
0.8839, 3359
0.8843, 3358
0.8846, 3357
0.8849, 3356
0.8852, 3355
0.8855, 3354
0.8858, 3353
0.8862, 3352
0.8865, 3351
0.8868, 3350
0.8871, 3349
0.8875, 3348
0.8878, 3347
0.8881, 3346
0.8884, 3345
0.8888, 3344
0.8891, 3343
0.8894, 3342
0.8898, 3341
0.8901, 3340
0.8905, 3339
0.8908, 3338
0.8911, 3337
0.8914, 3336
0.8917, 3335
0.8920, 3334
0.8923, 3333
0.8926, 3332
0.8929, 3331
0.8932, 3330
0.8935, 3329
0.8938, 3328
0.8941, 3327
0.8944, 3326
0.8947, 3325
0.8950, 3324
0.8953, 3323
0.8956, 3322
0.8959, 3321
0.8962, 3320
0.8965, 3319
0.8968, 3318
0.8971, 3317
0.8974, 3316
0.8977, 3315
0.8980, 3314
0.8983, 3313
0.8986, 3312
0.8989, 3311
0.8993, 3310
0.8996, 3309
0.8999, 3308
0.9002, 3307
0.9005, 3306
0.9008, 3305
0.9012, 3304
0.9015, 3303
0.9018, 3302
0.9021, 3301
0.9025, 3300
0.9028, 3299
0.9031, 3298
0.9035, 3297
0.9038, 3296
0.9041, 3295
0.9044, 3294
0.9047, 3293
0.9050, 3292
0.9053, 3291
0.9056, 3290
0.9060, 3289
0.9065, 3288
0.9068, 3287
0.9071, 3286
0.9074, 3285
0.9077, 3284
0.9080, 3283
0.9083, 3282
0.9087, 3281
0.9090, 3280
0.9093, 3279
0.9096, 3278
0.9099, 3277
0.9103, 3276
0.9106, 3275
0.9109, 3274
0.9112, 3273
0.9116, 3272
0.9119, 3271
0.9122, 3270
0.9125, 3269
0.9128, 3268
0.9132, 3267
0.9135, 3266
0.9138, 3265
0.9142, 3264
0.9145, 3263
0.9149, 3262
0.9152, 3261
0.9155, 3260
0.9158, 3259
0.9161, 3258
0.9164, 3257
0.9168, 3256
0.9171, 3255
0.9174, 3254
0.9177, 3253
0.9180, 3252
0.9183, 3251
0.9187, 3250
0.9190, 3249
0.9193, 3248
0.9197, 3247
0.9200, 3246
0.9203, 3245
0.9206, 3244
0.9210, 3243
0.9213, 3242
0.9216, 3241
0.9219, 3240
0.9222, 3239
0.9225, 3238
0.9229, 3237
0.9233, 3236
0.9237, 3235
0.9240, 3234
0.9243, 3233
0.9246, 3232
0.9250, 3231
0.9252, 3230
0.9255, 3229
0.9259, 3228
0.9262, 3227
0.9264, 3226
0.9267, 3225
0.9271, 3224
0.9274, 3223
0.9277, 3222
0.9280, 3221
0.9283, 3220
0.9286, 3219
0.9290, 3218
0.9293, 3217
0.9296, 3216
0.9299, 3215
0.9302, 3214
0.9305, 3213
0.9308, 3212
0.9311, 3211
0.9314, 3210
0.9317, 3209
0.9320, 3208
0.9322, 3207
0.9325, 3206
0.9328, 3205
0.9331, 3204
0.9334, 3203
0.9337, 3202
0.9340, 3201
0.9344, 3200
0.9348, 3199
0.9351, 3198
0.9354, 3197
0.9358, 3196
0.9361, 3195
0.9365, 3194
0.9368, 3193
0.9371, 3192
0.9375, 3191
0.9378, 3190
0.9381, 3189
0.9384, 3188
0.9387, 3187
0.9390, 3186
0.9393, 3185
0.9397, 3184
0.9400, 3183
0.9403, 3182
0.9406, 3181
0.9409, 3180
0.9413, 3179
0.9415, 3178
0.9418, 3177
0.9422, 3176
0.9426, 3175
0.9429, 3174
0.9432, 3173
0.9435, 3172
0.9438, 3171
0.9441, 3170
0.9444, 3169
0.9447, 3168
0.9450, 3167
0.9453, 3166
0.9457, 3165
0.9460, 3164
0.9463, 3163
0.9466, 3162
0.9469, 3161
0.9472, 3160
0.9475, 3159
0.9478, 3158
0.9482, 3157
0.9485, 3156
0.9487, 3155
0.9490, 3154
0.9493, 3153
0.9497, 3152
0.9500, 3151
0.9503, 3150
0.9506, 3149
0.9509, 3148
0.9512, 3147
0.9516, 3146
0.9519, 3145
0.9523, 3144
0.9526, 3143
0.9529, 3142
0.9532, 3141
0.9537, 3140
0.9540, 3139
0.9543, 3138
0.9546, 3137
0.9549, 3136
0.9552, 3135
0.9555, 3134
0.9558, 3133
0.9561, 3132
0.9565, 3131
0.9568, 3130
0.9571, 3129
0.9574, 3128
0.9577, 3127
0.9580, 3126
0.9583, 3125
0.9586, 3124
0.9588, 3123
0.9592, 3122
0.9594, 3121
0.9597, 3120
0.9600, 3119
0.9603, 3118
0.9606, 3117
0.9609, 3116
0.9611, 3115
0.9614, 3114
0.9617, 3113
0.9620, 3112
0.9623, 3111
0.9626, 3110
0.9629, 3109
0.9632, 3108
0.9635, 3107
0.9637, 3106
0.9640, 3105
0.9643, 3104
0.9646, 3103
0.9649, 3102
0.9652, 3101
0.9655, 3100
0.9658, 3099
0.9661, 3098
0.9664, 3097
0.9667, 3096
0.9669, 3095
0.9672, 3094
0.9675, 3093
0.9678, 3092
0.9681, 3091
0.9684, 3090
0.9686, 3089
0.9689, 3088
0.9692, 3087
0.9695, 3086
0.9698, 3085
0.9701, 3084
0.9704, 3083
0.9707, 3082
0.9710, 3081
0.9713, 3080
0.9716, 3079
0.9719, 3078
0.9723, 3077
0.9725, 3076
0.9728, 3075
0.9731, 3074
0.9734, 3073
0.9736, 3072
0.9739, 3071
0.9742, 3070
0.9745, 3069
0.9748, 3068
0.9751, 3067
0.9754, 3066
0.9756, 3065
0.9759, 3064
0.9762, 3063
0.9765, 3062
0.9767, 3061
0.9770, 3060
0.9773, 3059
0.9776, 3058
0.9778, 3057
0.9781, 3056
0.9784, 3055
0.9787, 3054
0.9790, 3053
0.9793, 3052
0.9796, 3051
0.9799, 3050
0.9802, 3049
0.9805, 3048
0.9808, 3047
0.9811, 3046
0.9814, 3045
0.9817, 3044
0.9820, 3043
0.9823, 3042
0.9826, 3041
0.9829, 3040
0.9831, 3039
0.9834, 3038
0.9837, 3037
0.9840, 3036
0.9843, 3035
0.9846, 3034
0.9849, 3033
0.9852, 3032
0.9855, 3031
0.9858, 3030
0.9861, 3029
0.9864, 3028
0.9867, 3027
0.9870, 3026
0.9873, 3025
0.9876, 3024
0.9878, 3023
0.9881, 3022
0.9884, 3021
0.9887, 3020
0.9890, 3019
0.9893, 3018
0.9896, 3017
0.9899, 3016
0.9902, 3015
0.9904, 3014
0.9907, 3013
0.9910, 3012
0.9913, 3011
0.9915, 3010
0.9918, 3009
0.9921, 3008
0.9924, 3007
0.9926, 3006
0.9929, 3005
0.9932, 3004
0.9935, 3003
0.9938, 3002
0.9940, 3001
0.9943, 3000
0.9946, 2999
0.9948, 2998
0.9951, 2997
0.9954, 2996
0.9957, 2995
0.9960, 2994
0.9963, 2993
0.9966, 2992
0.9969, 2991
0.9972, 2990
0.9975, 2989
0.9978, 2988
0.9981, 2987
0.9984, 2986
0.9986, 2985
0.9989, 2984
0.9992, 2983
0.9995, 2982
0.9998, 2981
1.0000, 2980
1.0003, 2979
1.0006, 2978
1.0009, 2977
1.0011, 2976
1.0014, 2975
1.0017, 2974
1.0020, 2973
1.0023, 2972
1.0026, 2971
1.0029, 2970
1.0032, 2969
1.0035, 2968
1.0038, 2967
1.0041, 2966
1.0044, 2965
1.0047, 2964
1.0050, 2963
1.0053, 2962
1.0055, 2961
1.0058, 2960
1.0061, 2959
1.0064, 2958
1.0068, 2957
1.0071, 2956
1.0074, 2955
1.0077, 2954
1.0080, 2953
1.0083, 2952
1.0085, 2951
1.0088, 2950
1.0091, 2949
1.0094, 2948
1.0097, 2947
1.0099, 2946
1.0103, 2945
1.0106, 2944
1.0109, 2943
1.0112, 2942
1.0115, 2941
1.0118, 2940
1.0121, 2939
1.0124, 2938
1.0127, 2937
1.0130, 2936
1.0132, 2935
1.0135, 2934
1.0138, 2933
1.0141, 2932
1.0144, 2931
1.0147, 2930
1.0150, 2929
1.0153, 2928
1.0156, 2927
1.0159, 2926
1.0163, 2925
1.0165, 2924
1.0168, 2923
1.0171, 2922
1.0174, 2921
1.0177, 2920
1.0180, 2919
1.0183, 2918
1.0186, 2917
1.0189, 2916
1.0192, 2915
1.0195, 2914
1.0198, 2913
1.0201, 2912
1.0204, 2911
1.0207, 2910
1.0210, 2909
1.0213, 2908
1.0216, 2907
1.0219, 2906
1.0221, 2905
1.0224, 2904
1.0227, 2903
1.0230, 2902
1.0233, 2901
1.0236, 2900
1.0238, 2899
1.0241, 2898
1.0244, 2897
1.0247, 2896
1.0250, 2895
1.0253, 2894
1.0256, 2893
1.0259, 2892
1.0262, 2891
1.0265, 2890
1.0267, 2889
1.0270, 2888
1.0273, 2887
1.0276, 2886
1.0279, 2885
1.0282, 2884
1.0285, 2883
1.0288, 2882
1.0290, 2881
1.0293, 2880
1.0296, 2879
1.0299, 2878
1.0302, 2877
1.0304, 2876
1.0307, 2875
1.0310, 2874
1.0313, 2873
1.0316, 2872
1.0318, 2871
1.0321, 2870
1.0324, 2869
1.0327, 2868
1.0330, 2867
1.0332, 2866
1.0335, 2865
1.0338, 2864
1.0340, 2863
1.0343, 2862
1.0346, 2861
1.0349, 2860
1.0352, 2859
1.0354, 2858
1.0357, 2857
1.0360, 2856
1.0363, 2855
1.0366, 2854
1.0368, 2853
1.0371, 2852
1.0374, 2851
1.0377, 2850
1.0380, 2849
1.0382, 2848
1.0385, 2847
1.0388, 2846
1.0391, 2845
1.0394, 2844
1.0396, 2843
1.0399, 2842
1.0402, 2841
1.0404, 2840
1.0407, 2839
1.0410, 2838
1.0412, 2837
1.0415, 2836
1.0418, 2835
1.0421, 2834
1.0423, 2833
1.0426, 2832
1.0429, 2831
1.0432, 2830
1.0435, 2829
1.0437, 2828
1.0440, 2827
1.0443, 2826
1.0446, 2825
1.0449, 2824
1.0451, 2823
1.0454, 2822
1.0457, 2821
1.0460, 2820
1.0462, 2819
1.0465, 2818
1.0469, 2817
1.0471, 2816
1.0474, 2815
1.0476, 2814
1.0479, 2813
1.0482, 2812
1.0485, 2811
1.0487, 2810
1.0490, 2809
1.0493, 2808
1.0496, 2807
1.0498, 2806
1.0501, 2805
1.0504, 2804
1.0507, 2803
1.0509, 2802
1.0512, 2801
1.0515, 2800
1.0518, 2799
1.0521, 2798
1.0524, 2797
1.0527, 2796
1.0530, 2795
1.0532, 2794
1.0535, 2793
1.0537, 2792
1.0540, 2791
1.0543, 2790
1.0546, 2789
1.0549, 2788
1.0551, 2787
1.0554, 2786
1.0557, 2785
1.0559, 2784
1.0562, 2783
1.0565, 2782
1.0567, 2781
1.0570, 2780
1.0573, 2779
1.0575, 2778
1.0578, 2777
1.0581, 2776
1.0583, 2775
1.0586, 2774
1.0588, 2773
1.0591, 2772
1.0594, 2771
1.0597, 2770
1.0599, 2769
1.0602, 2768
1.0604, 2767
1.0607, 2766
1.0610, 2765
1.0612, 2764
1.0615, 2763
1.0617, 2762
1.0620, 2761
1.0623, 2760
1.0625, 2759
1.0628, 2758
1.0631, 2757
1.0633, 2756
1.0636, 2755
1.0639, 2754
1.0642, 2753
1.0644, 2752
1.0647, 2751
1.0650, 2750
1.0653, 2749
1.0655, 2748
1.0658, 2747
1.0661, 2746
1.0663, 2745
1.0666, 2744
1.0669, 2743
1.0671, 2742
1.0675, 2741
1.0678, 2740
1.0681, 2739
1.0684, 2738
1.0686, 2737
1.0689, 2736
1.0692, 2735
1.0695, 2734
1.0698, 2733
1.0701, 2732
1.0704, 2731
1.0707, 2730
1.0710, 2729
1.0713, 2728
1.0716, 2727
1.0719, 2726
1.0721, 2725
1.0725, 2724
1.0728, 2723
1.0731, 2722
1.0734, 2721
1.0736, 2720
1.0739, 2719
1.0742, 2718
1.0745, 2717
1.0748, 2716
1.0751, 2715
1.0754, 2714
1.0757, 2713
1.0760, 2712
1.0763, 2711
1.0765, 2710
1.0768, 2709
1.0770, 2708
1.0773, 2707
1.0776, 2706
1.0779, 2705
1.0781, 2704
1.0784, 2703
1.0787, 2702
1.0789, 2701
1.0792, 2700
1.0794, 2699
1.0797, 2698
1.0800, 2697
1.0802, 2696
1.0805, 2695
1.0808, 2694
1.0811, 2693
1.0813, 2692
1.0816, 2691
1.0819, 2690
1.0821, 2689
1.0824, 2688
1.0827, 2687
1.0830, 2686
1.0832, 2685
1.0835, 2684
1.0838, 2683
1.0841, 2682
1.0843, 2681
1.0847, 2680
1.0850, 2679
1.0852, 2678
1.0855, 2677
1.0858, 2676
1.0860, 2675
1.0864, 2674
1.0867, 2673
1.0870, 2672
1.0873, 2671
1.0876, 2670
1.0878, 2669
1.0881, 2668
1.0884, 2667
1.0886, 2666
1.0889, 2665
1.0892, 2664
1.0895, 2663
1.0898, 2662
1.0900, 2661
1.0903, 2660
1.0906, 2659
1.0908, 2658
1.0911, 2657
1.0914, 2656
1.0917, 2655
1.0919, 2654
1.0922, 2653
1.0924, 2652
1.0927, 2651
1.0930, 2650
1.0932, 2649
1.0935, 2648
1.0938, 2647
1.0941, 2646
1.0943, 2645
1.0946, 2644
1.0949, 2643
1.0951, 2642
1.0954, 2641
1.0957, 2640
1.0959, 2639
1.0962, 2638
1.0965, 2637
1.0968, 2636
1.0971, 2635
1.0973, 2634
1.0976, 2633
1.0979, 2632
1.0981, 2631
1.0984, 2630
1.0987, 2629
1.0989, 2628
1.0992, 2627
1.0995, 2626
1.0998, 2625
1.1001, 2624
1.1003, 2623
1.1006, 2622
1.1009, 2621
1.1011, 2620
1.1014, 2619
1.1017, 2618
1.1020, 2617
1.1022, 2616
1.1025, 2615
1.1029, 2614
1.1031, 2613
1.1034, 2612
1.1036, 2611
1.1039, 2610
1.1041, 2609
1.1044, 2608
1.1047, 2607
1.1050, 2606
1.1052, 2605
1.1055, 2604
1.1057, 2603
1.1060, 2602
1.1063, 2601
1.1065, 2600
1.1068, 2599
1.1070, 2598
1.1073, 2597
1.1076, 2596
1.1078, 2595
1.1081, 2594
1.1083, 2593
1.1086, 2592
1.1089, 2591
1.1092, 2590
1.1094, 2589
1.1097, 2588
1.1100, 2587
1.1102, 2586
1.1105, 2585
1.1107, 2584
1.1110, 2583
1.1113, 2582
1.1116, 2581
1.1119, 2580
1.1122, 2579
1.1125, 2578
1.1127, 2577
1.1130, 2576
1.1133, 2575
1.1135, 2574
1.1138, 2573
1.1141, 2572
1.1144, 2571
1.1147, 2570
1.1150, 2569
1.1152, 2568
1.1156, 2567
1.1159, 2566
1.1162, 2565
1.1249, 2564
1.1292, 2563
1.1419, 2562
1.1421, 2561
1.1505, 2560
1.1507, 2559
1.1551, 2558
1.1634, 2557
1.1677, 2556
1.1781, 2555
1.1844, 2554
1.2178, 2553
1.2222, 2552
1.2329, 2551
1.2417, 2550
1.2419, 2549
1.2487, 2548
1.2601, 2547
1.2789, 2546
1.2836, 2545
1.2861, 2544
1.2863, 2543
1.2866, 2542
1.2936, 2541
1.2983, 2540
1.2986, 2539
1.3186, 2538
1.3230, 2537
1.3297, 2536
1.3383, 2535
1.3386, 2534
1.3473, 2533
1.3539, 2532
1.3627, 2531
1.3630, 2530
1.3674, 2529
1.3843, 2528
1.4034, 2527
1.4036, 2526
1.4059, 2525
1.4061, 2524
1.4129, 2523
1.4193, 2522
1.4238, 2521
1.4283, 2520
1.4308, 2519
1.4332, 2518
1.4400, 2517
1.4402, 2516
1.4447, 2515
1.4493, 2514
1.4495, 2513
1.4561, 2512
1.5771, 2511
1.5921, 2510
1.5923, 2509
1.6114, 2508
1.6328, 2507
1.6372, 2506
1.6520, 2505
1.6523, 2504
1.6589, 2503
1.6653, 2502
1.6740, 2501
1.6973, 2500
1.7184, 2499
1.7208, 2498
1.7274, 2497
1.7277, 2496
1.7342, 2495
1.7345, 2494
1.7451, 2493
1.7557, 2492
1.7559, 2491
1.7602, 2490
1.7687, 2489
1.7689, 2488
1.7692, 2487
1.7694, 2486
1.7696, 2485
1.7781, 2484
1.7784, 2483
1.7786, 2482
1.7912, 2481
1.7915, 2480
1.7917, 2479
1.8159, 2478
1.8161, 2477
1.8275, 2476
1.8345, 2475
1.8391, 2474
1.8460, 2473
1.8506, 2472
1.8508, 2471
1.8511, 2470
1.8513, 2469
1.8689, 2468
1.8839, 2467
1.8884, 2466
1.8886, 2465
1.8888, 2464
1.8891, 2463
1.9039, 2462
1.9170, 2461
1.9329, 2460
1.9459, 2459
1.9461, 2458
1.9590, 2457
1.9592, 2456
1.9595, 2455
1.9640, 2454
1.9705, 2453
1.9707, 2452
1.9963, 2451
2.0006, 2450
2.0113, 2449
2.0137, 2448
2.0201, 2447
2.0372, 2446
2.0602, 2445
2.0646, 2444
2.0774, 2443
2.0817, 2442
2.1062, 2441
2.1316, 2440
2.1423, 2439
2.1425, 2438
2.1657, 2437
2.1722, 2436
2.1766, 2435
2.1893, 2434
2.2147, 2433
2.2214, 2432
2.2405, 2431
2.2474, 2430
2.2499, 2429
2.2854, 2428
2.2942, 2427
2.3155, 2426
2.3157, 2425
2.3290, 2424
2.3548, 2423
2.3635, 2422
2.3637, 2421
2.3703, 2420
2.3834, 2419
2.4047, 2418
2.4112, 2417
2.4282, 2416
2.4367, 2415
2.4557, 2414
2.4600, 2413
2.4706, 2412
2.4751, 2411
2.4754, 2410
2.4777, 2409
2.4779, 2408
2.4845, 2407
2.4847, 2406
2.4891, 2405
2.4893, 2404
2.4895, 2403
2.5001, 2402
2.5190, 2401
2.5193, 2400
2.5257, 2399
2.5363, 2398
2.5365, 2397
2.5389, 2396
2.5391, 2395
2.5476, 2394
2.5520, 2393
2.5522, 2392
2.5587, 2391
2.5589, 2390
2.5759, 2389
2.5886, 2388
2.5929, 2387
2.5932, 2386
2.5934, 2385
2.5936, 2384
2.5938, 2383
2.5941, 2382
2.6011, 2381
2.6014, 2380
2.6116, 2379
2.6119, 2378
2.6121, 2377
2.6165, 2376
2.6167, 2375
2.6212, 2374
2.6279, 2373
2.6281, 2372
2.6367, 2371
2.6369, 2370
2.6372, 2369
2.6438, 2368
2.6440, 2367
2.6589, 2366
2.6633, 2365
2.6635, 2364
2.6637, 2363
2.6723, 2362
2.6725, 2361
2.6728, 2360
2.6730, 2359
2.6732, 2358
2.6734, 2357
2.6945, 2356
2.6947, 2355
2.6991, 2354
2.6993, 2353
2.7080, 2352
2.7082, 2351
2.7084, 2350
2.7087, 2349
2.7152, 2348
2.7154, 2347
2.7302, 2346
2.7365, 2345
2.7430, 2344
2.7496, 2343
2.7518, 2342
2.7707, 2341
2.7709, 2340
2.7774, 2339
2.7776, 2338
2.7778, 2337
2.7780, 2336
2.7825, 2335
2.8033, 2334
2.8057, 2333
2.8059, 2332
2.8248, 2331
2.8250, 2330
2.8294, 2329
2.8317, 2328
2.8588, 2327
2.8780, 2326
2.8782, 2325
2.8785, 2324
2.8828, 2323
2.8831, 2322
2.8941, 2321
2.8943, 2320
3.0330, 2319
3.0353, 2318
3.0375, 2317
3.0419, 2316
3.0421, 2315
3.0444, 2314
3.0487, 2313
3.0489, 2312
3.0533, 2311
3.0660, 2310
3.0724, 2309
3.0808, 2308
3.0832, 2307
3.0834, 2306
3.0878, 2305
3.0880, 2304
3.1030, 2303
3.1032, 2302
3.1118, 2301
3.1121, 2300
3.1144, 2299
3.1229, 2298
3.1273, 2297
3.1316, 2296
3.1318, 2295
3.1382, 2294
3.1384, 2293
3.1408, 2292
3.1493, 2291
3.1537, 2290
3.1665, 2289
3.1749, 2288
3.1875, 2287
3.1877, 2286
3.1880, 2285
3.1964, 2284
3.1967, 2283
3.1969, 2282
3.2118, 2281
3.2265, 2280
3.2349, 2279
3.2582, 2278
3.2628, 2277
3.2674, 2276
3.2721, 2275
3.3094, 2274
3.3137, 2273
3.3139, 2272
3.3142, 2271
3.3144, 2270
3.3187, 2269
3.3189, 2268
3.3254, 2267
3.3339, 2266
3.3341, 2265
3.3343, 2264
3.3346, 2263
3.3348, 2262
3.3473, 2261
3.3580, 2260
3.3624, 2259
3.3711, 2258
3.3843, 2257
3.3934, 2256
3.4025, 2255
3.4112, 2254
3.4114, 2253
3.4116, 2252
3.4288, 2251
3.4290, 2250
3.4293, 2249
3.4343, 2248
3.4345, 2247
3.4347, 2246
3.4558, 2245
3.4560, 2244
3.4624, 2243
3.4668, 2242
3.4856, 2241
3.4981, 2240
3.5025, 2239
3.5068, 2238
3.5275, 2237
3.5277, 2236
3.5341, 2235
3.5466, 2234
3.5468, 2233
3.5531, 2232
3.5533, 2231
3.5768, 2230
3.5911, 2229
3.5968, 2228
3.6302, 2227
3.6623, 2226
3.6873, 2225
3.7739, 2224
3.7870, 2223
3.8067, 2222
3.8515, 2221
3.8625, 2220
3.8710, 2219
3.8776, 2218
3.9154, 2217
3.9702, 2216
4.0352, 2215
4.0396, 2214
4.0979, 2213
4.1234, 2212
