0.6524, 3931
0.6528, 3930
0.6531, 3929
0.6534, 3928
0.6538, 3927
0.6541, 3926
0.6544, 3925
0.6548, 3924
0.6551, 3923
0.6554, 3922
0.6558, 3921
0.6561, 3920
0.6564, 3919
0.6568, 3918
0.6571, 3917
0.6574, 3916
0.6578, 3915
0.6581, 3914
0.6584, 3913
0.6588, 3912
0.6591, 3911
0.6594, 3910
0.6597, 3909
0.6601, 3908
0.6604, 3907
0.6607, 3906
0.6610, 3905
0.6614, 3904
0.6617, 3903
0.6620, 3902
0.6624, 3901
0.6627, 3900
0.6630, 3899
0.6633, 3898
0.6637, 3897
0.6640, 3896
0.6643, 3895
0.6646, 3894
0.6650, 3893
0.6653, 3892
0.6657, 3891
0.6660, 3890
0.6663, 3889
0.6667, 3888
0.6670, 3887
0.6673, 3886
0.6677, 3885
0.6680, 3884
0.6684, 3883
0.6688, 3882
0.6691, 3881
0.6694, 3880
0.6698, 3879
0.6702, 3878
0.6705, 3877
0.6709, 3876
0.6712, 3875
0.6716, 3874
0.6719, 3873
0.6723, 3872
0.6726, 3871
0.6730, 3870
0.6736, 3869
0.6739, 3868
0.6743, 3867
0.6746, 3866
0.6749, 3865
0.6753, 3864
0.6756, 3863
0.6759, 3862
0.6763, 3861
0.6766, 3860
0.6769, 3859
0.6772, 3858
0.6776, 3857
0.6779, 3856
0.6782, 3855
0.6786, 3854
0.6789, 3853
0.6793, 3852
0.6796, 3851
0.6799, 3850
0.6802, 3849
0.6806, 3848
0.6809, 3847
0.6813, 3846
0.6816, 3845
0.6820, 3844
0.6823, 3843
0.6826, 3842
0.6829, 3841
0.6833, 3840
0.6836, 3839
0.6839, 3838
0.6843, 3837
0.6846, 3836
0.6849, 3835
0.6853, 3834
0.6856, 3833
0.6859, 3832
0.6863, 3831
0.6866, 3830
0.6869, 3829
0.6873, 3828
0.6877, 3827
0.6880, 3826
0.6884, 3825
0.6887, 3824
0.6891, 3823
0.6894, 3822
0.6898, 3821
0.6901, 3820
0.6904, 3819
0.6907, 3818
0.6911, 3817
0.6915, 3816
0.6918, 3815
0.6921, 3814
0.6924, 3813
0.6928, 3812
0.6931, 3811
0.6935, 3810
0.6938, 3809
0.6941, 3808
0.6944, 3807
0.6948, 3806
0.6951, 3805
0.6954, 3804
0.6958, 3803
0.6961, 3802
0.6964, 3801
0.6968, 3800
0.6971, 3799
0.6974, 3798
0.6978, 3797
0.6981, 3796
0.6984, 3795
0.6988, 3794
0.6991, 3793
0.6994, 3792
0.6998, 3791
0.7001, 3790
0.7004, 3789
0.7008, 3788
0.7011, 3787
0.7015, 3786
0.7018, 3785
0.7022, 3784
0.7025, 3783
0.7028, 3782
0.7032, 3781
0.7035, 3780
0.7039, 3779
0.7042, 3778
0.7046, 3777
0.7050, 3776
0.7053, 3775
0.7056, 3774
0.7060, 3773
0.7064, 3772
0.7067, 3771
0.7070, 3770
0.7073, 3769
0.7077, 3768
0.7080, 3767
0.7083, 3766
0.7086, 3765
0.7090, 3764
0.7093, 3763
0.7097, 3762
0.7100, 3761
0.7103, 3760
0.7107, 3759
0.7110, 3758
0.7113, 3757
0.7116, 3756
0.7120, 3755
0.7123, 3754
0.7126, 3753
0.7130, 3752
0.7133, 3751
0.7136, 3750
0.7139, 3749
0.7143, 3748
0.7146, 3747
0.7149, 3746
0.7153, 3745
0.7156, 3744
0.7159, 3743
0.7163, 3742
0.7166, 3741
0.7169, 3740
0.7173, 3739
0.7176, 3738
0.7179, 3737
0.7182, 3736
0.7185, 3735
0.7189, 3734
0.7192, 3733
0.7196, 3732
0.7199, 3731
0.7202, 3730
0.7206, 3729
0.7209, 3728
0.7212, 3727
0.7215, 3726
0.7218, 3725
0.7222, 3724
0.7225, 3723
0.7228, 3722
0.7231, 3721
0.7235, 3720
0.7238, 3719
0.7241, 3718
0.7245, 3717
0.7248, 3716
0.7251, 3715
0.7254, 3714
0.7258, 3713
0.7261, 3712
0.7264, 3711
0.7267, 3710
0.7271, 3709
0.7274, 3708
0.7277, 3707
0.7280, 3706
0.7284, 3705
0.7287, 3704
0.7290, 3703
0.7293, 3702
0.7297, 3701
0.7300, 3700
0.7303, 3699
0.7307, 3698
0.7310, 3697
0.7313, 3696
0.7316, 3695
0.7320, 3694
0.7323, 3693
0.7326, 3692
0.7329, 3691
0.7333, 3690
0.7336, 3689
0.7340, 3688
0.7343, 3687
0.7346, 3686
0.7350, 3685
0.7353, 3684
0.7356, 3683
0.7359, 3682
0.7363, 3681
0.7366, 3680
0.7370, 3679
0.7373, 3678
0.7376, 3677
0.7380, 3676
0.7383, 3675
0.7387, 3674
0.7390, 3673
0.7393, 3672
0.7396, 3671
0.7400, 3670
0.7403, 3669
0.7406, 3668
0.7409, 3667
0.7412, 3666
0.7416, 3665
0.7419, 3664
0.7422, 3663
0.7425, 3662
0.7428, 3661
0.7432, 3660
0.7435, 3659
0.7438, 3658
0.7441, 3657
0.7444, 3656
0.7448, 3655
0.7451, 3654
0.7454, 3653
0.7457, 3652
0.7461, 3651
0.7464, 3650
0.7467, 3649
0.7470, 3648
0.7473, 3647
0.7477, 3646
0.7480, 3645
0.7483, 3644
0.7486, 3643
0.7490, 3642
0.7493, 3641
0.7496, 3640
0.7499, 3639
0.7503, 3638
0.7506, 3637
0.7509, 3636
0.7512, 3635
0.7516, 3634
0.7519, 3633
0.7522, 3632
0.7526, 3631
0.7529, 3630
0.7532, 3629
0.7536, 3628
0.7539, 3627
0.7542, 3626
0.7545, 3625
0.7548, 3624
0.7552, 3623
0.7555, 3622
0.7558, 3621
0.7561, 3620
0.7564, 3619
0.7567, 3618
0.7571, 3617
0.7574, 3616
0.7577, 3615
0.7580, 3614
0.7583, 3613
0.7586, 3612
0.7589, 3611
0.7592, 3610
0.7596, 3609
0.7599, 3608
0.7602, 3607
0.7605, 3606
0.7608, 3605
0.7611, 3604
0.7614, 3603
0.7618, 3602
0.7621, 3601
0.7624, 3600
0.7627, 3599
0.7630, 3598
0.7633, 3597
0.7637, 3596
0.7640, 3595
0.7643, 3594
0.7646, 3593
0.7649, 3592
0.7652, 3591
0.7656, 3590
0.7659, 3589
0.7662, 3588
0.7665, 3587
0.7668, 3586
0.7671, 3585
0.7675, 3584
0.7678, 3583
0.7681, 3582
0.7684, 3581
0.7688, 3580
0.7691, 3579
0.7694, 3578
0.7697, 3577
0.7701, 3576
0.7704, 3575
0.7707, 3574
0.7711, 3573
0.7714, 3572
0.7717, 3571
0.7720, 3570
0.7724, 3569
0.7727, 3568
0.7730, 3567
0.7733, 3566
0.7737, 3565
0.7740, 3564
0.7743, 3563
0.7746, 3562
0.7749, 3561
0.7753, 3560
0.7756, 3559
0.7759, 3558
0.7762, 3557
0.7765, 3556
0.7769, 3555
0.7772, 3554
0.7775, 3553
0.7778, 3552
0.7781, 3551
0.7785, 3550
0.7788, 3549
0.7791, 3548
0.7795, 3547
0.7798, 3546
0.7801, 3545
0.7805, 3544
0.7808, 3543
0.7811, 3542
0.7814, 3541
0.7817, 3540
0.7820, 3539
0.7824, 3538
0.7827, 3537
0.7830, 3536
0.7833, 3535
0.7836, 3534
0.7839, 3533
0.7843, 3532
0.7846, 3531
0.7849, 3530
0.7852, 3529
0.7855, 3528
0.7858, 3527
0.7862, 3526
0.7865, 3525
0.7868, 3524
0.7871, 3523
0.7875, 3522
0.7878, 3521
0.7882, 3520
0.7885, 3519
0.7888, 3518
0.7891, 3517
0.7895, 3516
0.7898, 3515
0.7901, 3514
0.7904, 3513
0.7907, 3512
0.7911, 3511
0.7914, 3510
0.7917, 3509
0.7920, 3508
0.7924, 3507
0.7927, 3506
0.7930, 3505
0.7933, 3504
0.7936, 3503
0.7940, 3502
0.7943, 3501
0.7946, 3500
0.7949, 3499
0.7952, 3498
0.7955, 3497
0.7959, 3496
0.7962, 3495
0.7965, 3494
0.7968, 3493
0.7972, 3492
0.7975, 3491
0.7978, 3490
0.7981, 3489
0.7984, 3488
0.7988, 3487
0.7991, 3486
0.7994, 3485
0.7997, 3484
0.8000, 3483
0.8004, 3482
0.8007, 3481
0.8010, 3480
0.8013, 3479
0.8016, 3478
0.8019, 3477
0.8022, 3476
0.8026, 3475
0.8029, 3474
0.8032, 3473
0.8035, 3472
0.8038, 3471
0.8041, 3470
0.8045, 3469
0.8048, 3468
0.8051, 3467
0.8054, 3466
0.8057, 3465
0.8060, 3464
0.8063, 3463
0.8066, 3462
0.8069, 3461
0.8072, 3460
0.8075, 3459
0.8078, 3458
0.8081, 3457
0.8085, 3456
0.8088, 3455
0.8091, 3454
0.8094, 3453
0.8097, 3452
0.8100, 3451
0.8104, 3450
0.8107, 3449
0.8110, 3448
0.8113, 3447
0.8116, 3446
0.8119, 3445
0.8123, 3444
0.8126, 3443
0.8129, 3442
0.8132, 3441
0.8135, 3440
0.8138, 3439
0.8141, 3438
0.8144, 3437
0.8147, 3436
0.8151, 3435
0.8154, 3434
0.8157, 3433
0.8160, 3432
0.8163, 3431
0.8166, 3430
0.8169, 3429
0.8173, 3428
0.8176, 3427
0.8179, 3426
0.8182, 3425
0.8185, 3424
0.8188, 3423
0.8191, 3422
0.8195, 3421
0.8198, 3420
0.8201, 3419
0.8204, 3418
0.8207, 3417
0.8210, 3416
0.8213, 3415
0.8216, 3414
0.8219, 3413
0.8222, 3412
0.8225, 3411
0.8228, 3410
0.8231, 3409
0.8234, 3408
0.8237, 3407
0.8239, 3406
0.8242, 3405
0.8245, 3404
0.8248, 3403
0.8251, 3402
0.8254, 3401
0.8257, 3400
0.8260, 3399
0.8263, 3398
0.8266, 3397
0.8269, 3396
0.8272, 3395
0.8275, 3394
0.8278, 3393
0.8281, 3392
0.8284, 3391
0.8288, 3390
0.8291, 3389
0.8294, 3388
0.8297, 3387
0.8300, 3386
0.8303, 3385
0.8306, 3384
0.8309, 3383
0.8312, 3382
0.8315, 3381
0.8318, 3380
0.8321, 3379
0.8324, 3378
0.8327, 3377
0.8331, 3376
0.8334, 3375
0.8337, 3374
0.8340, 3373
0.8343, 3372
0.8346, 3371
0.8349, 3370
0.8352, 3369
0.8355, 3368
0.8359, 3367
0.8362, 3366
0.8365, 3365
0.8369, 3364
0.8372, 3363
0.8375, 3362
0.8378, 3361
0.8381, 3360
0.8384, 3359
0.8387, 3358
0.8390, 3357
0.8393, 3356
0.8396, 3355
0.8399, 3354
0.8403, 3353
0.8406, 3352
0.8409, 3351
0.8412, 3350
0.8415, 3349
0.8418, 3348
0.8421, 3347
0.8424, 3346
0.8428, 3345
0.8431, 3344
0.8434, 3343
0.8437, 3342
0.8440, 3341
0.8443, 3340
0.8446, 3339
0.8449, 3338
0.8452, 3337
0.8455, 3336
0.8458, 3335
0.8461, 3334
0.8464, 3333
0.8467, 3332
0.8470, 3331
0.8473, 3330
0.8476, 3329
0.8479, 3328
0.8482, 3327
0.8485, 3326
0.8488, 3325
0.8491, 3324
0.8494, 3323
0.8497, 3322
0.8500, 3321
0.8503, 3320
0.8506, 3319
0.8509, 3318
0.8512, 3317
0.8515, 3316
0.8518, 3315
0.8521, 3314
0.8524, 3313
0.8528, 3312
0.8531, 3311
0.8534, 3310
0.8537, 3309
0.8541, 3308
0.8544, 3307
0.8548, 3306
0.8551, 3305
0.8555, 3304
0.8558, 3303
0.8561, 3302
0.8565, 3301
0.8568, 3300
0.8571, 3299
0.8575, 3298
0.8578, 3297
0.8581, 3296
0.8584, 3295
0.8587, 3294
0.8590, 3293
0.8594, 3292
0.8597, 3291
0.8600, 3290
0.8603, 3289
0.8606, 3288
0.8609, 3287
0.8612, 3286
0.8615, 3285
0.8618, 3284
0.8621, 3283
0.8624, 3282
0.8628, 3281
0.8631, 3280
0.8635, 3279
0.8638, 3278
0.8641, 3277
0.8644, 3276
0.8648, 3275
0.8651, 3274
0.8654, 3273
0.8658, 3272
0.8661, 3271
0.8665, 3270
0.8668, 3269
0.8671, 3268
0.8674, 3267
0.8678, 3266
0.8681, 3265
0.8684, 3264
0.8688, 3263
0.8691, 3262
0.8694, 3261
0.8697, 3260
0.8700, 3259
0.8703, 3258
0.8706, 3257
0.8709, 3256
0.8712, 3255
0.8716, 3254
0.8718, 3253
0.8722, 3252
0.8725, 3251
0.8728, 3250
0.8731, 3249
0.8734, 3248
0.8737, 3247
0.8740, 3246
0.8743, 3245
0.8746, 3244
0.8749, 3243
0.8753, 3242
0.8756, 3241
0.8759, 3240
0.8763, 3239
0.8766, 3238
0.8769, 3237
0.8772, 3236
0.8775, 3235
0.8778, 3234
0.8781, 3233
0.8785, 3232
0.8788, 3231
0.8791, 3230
0.8794, 3229
0.8797, 3228
0.8801, 3227
0.8804, 3226
0.8807, 3225
0.8810, 3224
0.8813, 3223
0.8817, 3222
0.8820, 3221
0.8823, 3220
0.8827, 3219
0.8830, 3218
0.8833, 3217
0.8836, 3216
0.8839, 3215
0.8842, 3214
0.8845, 3213
0.8848, 3212
0.8851, 3211
0.8854, 3210
0.8857, 3209
0.8860, 3208
0.8863, 3207
0.8866, 3206
0.8869, 3205
0.8873, 3204
0.8876, 3203
0.8880, 3202
0.8883, 3201
0.8886, 3200
0.8889, 3199
0.8892, 3198
0.8895, 3197
0.8898, 3196
0.8902, 3195
0.8905, 3194
0.8908, 3193
0.8911, 3192
0.8913, 3191
0.8916, 3190
0.8919, 3189
0.8922, 3188
0.8925, 3187
0.8929, 3186
0.8932, 3185
0.8935, 3184
0.8938, 3183
0.8941, 3182
0.8944, 3181
0.8947, 3180
0.8951, 3179
0.8954, 3178
0.8957, 3177
0.8960, 3176
0.8962, 3175
0.8965, 3174
0.8969, 3173
0.8971, 3172
0.8974, 3171
0.8977, 3170
0.8980, 3169
0.8983, 3168
0.8986, 3167
0.8989, 3166
0.8992, 3165
0.8995, 3164
0.8998, 3163
0.9001, 3162
0.9004, 3161
0.9007, 3160
0.9010, 3159
0.9013, 3158
0.9015, 3157
0.9018, 3156
0.9021, 3155
0.9024, 3154
0.9027, 3153
0.9030, 3152
0.9033, 3151
0.9037, 3150
0.9040, 3149
0.9043, 3148
0.9046, 3147
0.9049, 3146
0.9052, 3145
0.9056, 3144
0.9059, 3143
0.9062, 3142
0.9065, 3141
0.9067, 3140
0.9071, 3139
0.9074, 3138
0.9077, 3137
0.9080, 3136
0.9083, 3135
0.9086, 3134
0.9089, 3133
0.9092, 3132
0.9095, 3131
0.9098, 3130
0.9101, 3129
0.9104, 3128
0.9106, 3127
0.9110, 3126
0.9112, 3125
0.9115, 3124
0.9118, 3123
0.9121, 3122
0.9124, 3121
0.9127, 3120
0.9129, 3119
0.9132, 3118
0.9135, 3117
0.9138, 3116
0.9140, 3115
0.9144, 3114
0.9147, 3113
0.9149, 3112
0.9152, 3111
0.9155, 3110
0.9158, 3109
0.9161, 3108
0.9164, 3107
0.9167, 3106
0.9170, 3105
0.9173, 3104
0.9176, 3103
0.9178, 3102
0.9181, 3101
0.9184, 3100
0.9187, 3099
0.9190, 3098
0.9193, 3097
0.9196, 3096
0.9198, 3095
0.9201, 3094
0.9204, 3093
0.9207, 3092
0.9210, 3091
0.9212, 3090
0.9215, 3089
0.9218, 3088
0.9221, 3087
0.9224, 3086
0.9227, 3085
0.9230, 3084
0.9233, 3083
0.9236, 3082
0.9239, 3081
0.9242, 3080
0.9245, 3079
0.9248, 3078
0.9250, 3077
0.9253, 3076
0.9256, 3075
0.9259, 3074
0.9262, 3073
0.9265, 3072
0.9267, 3071
0.9270, 3070
0.9273, 3069
0.9276, 3068
0.9279, 3067
0.9281, 3066
0.9284, 3065
0.9287, 3064
0.9290, 3063
0.9292, 3062
0.9295, 3061
0.9298, 3060
0.9301, 3059
0.9304, 3058
0.9306, 3057
0.9309, 3056
0.9312, 3055
0.9315, 3054
0.9318, 3053
0.9321, 3052
0.9324, 3051
0.9327, 3050
0.9330, 3049
0.9333, 3048
0.9335, 3047
0.9338, 3046
0.9341, 3045
0.9344, 3044
0.9347, 3043
0.9349, 3042
0.9352, 3041
0.9355, 3040
0.9357, 3039
0.9360, 3038
0.9363, 3037
0.9366, 3036
0.9369, 3035
0.9372, 3034
0.9375, 3033
0.9379, 3032
0.9382, 3031
0.9384, 3030
0.9387, 3029
0.9390, 3028
0.9393, 3027
0.9396, 3026
0.9398, 3025
0.9401, 3024
0.9404, 3023
0.9407, 3022
0.9410, 3021
0.9413, 3020
0.9416, 3019
0.9419, 3018
0.9422, 3017
0.9425, 3016
0.9427, 3015
0.9430, 3014
0.9433, 3013
0.9436, 3012
0.9438, 3011
0.9441, 3010
0.9444, 3009
0.9446, 3008
0.9449, 3007
0.9452, 3006
0.9455, 3005
0.9458, 3004
0.9460, 3003
0.9463, 3002
0.9466, 3001
0.9469, 3000
0.9471, 2999
0.9474, 2998
0.9477, 2997
0.9479, 2996
0.9482, 2995
0.9485, 2994
0.9488, 2993
0.9491, 2992
0.9493, 2991
0.9496, 2990
0.9499, 2989
0.9502, 2988
0.9505, 2987
0.9507, 2986
0.9510, 2985
0.9513, 2984
0.9516, 2983
0.9518, 2982
0.9521, 2981
0.9524, 2980
0.9527, 2979
0.9530, 2978
0.9533, 2977
0.9536, 2976
0.9539, 2975
0.9542, 2974
0.9545, 2973
0.9548, 2972
0.9551, 2971
0.9554, 2970
0.9556, 2969
0.9559, 2968
0.9562, 2967
0.9565, 2966
0.9568, 2965
0.9571, 2964
0.9574, 2963
0.9577, 2962
0.9580, 2961
0.9583, 2960
0.9586, 2959
0.9589, 2958
0.9592, 2957
0.9595, 2956
0.9598, 2955
0.9601, 2954
0.9604, 2953
0.9607, 2952
0.9610, 2951
0.9613, 2950
0.9615, 2949
0.9619, 2948
0.9622, 2947
0.9624, 2946
0.9627, 2945
0.9630, 2944
0.9633, 2943
0.9636, 2942
0.9640, 2941
0.9642, 2940
0.9645, 2939
0.9648, 2938
0.9651, 2937
0.9654, 2936
0.9657, 2935
0.9661, 2934
0.9664, 2933
0.9667, 2932
0.9670, 2931
0.9673, 2930
0.9677, 2929
0.9680, 2928
0.9682, 2927
0.9685, 2926
0.9688, 2925
0.9692, 2924
0.9695, 2923
0.9698, 2922
0.9702, 2921
0.9704, 2920
0.9708, 2919
0.9711, 2918
0.9714, 2917
0.9716, 2916
0.9720, 2915
0.9723, 2914
0.9725, 2913
0.9728, 2912
0.9732, 2911
0.9735, 2910
0.9737, 2909
0.9740, 2908
0.9743, 2907
0.9746, 2906
0.9749, 2905
0.9751, 2904
0.9754, 2903
0.9757, 2902
0.9760, 2901
0.9763, 2900
0.9766, 2899
0.9769, 2898
0.9772, 2897
0.9776, 2896
0.9778, 2895
0.9781, 2894
0.9784, 2893
0.9787, 2892
0.9790, 2891
0.9793, 2890
0.9796, 2889
0.9799, 2888
0.9802, 2887
0.9805, 2886
0.9808, 2885
0.9811, 2884
0.9814, 2883
0.9817, 2882
0.9819, 2881
0.9822, 2880
0.9825, 2879
0.9828, 2878
0.9831, 2877
0.9834, 2876
0.9836, 2875
0.9839, 2874
0.9842, 2873
0.9845, 2872
0.9848, 2871
0.9851, 2870
0.9854, 2869
0.9857, 2868
0.9860, 2867
0.9863, 2866
0.9866, 2865
0.9869, 2864
0.9871, 2863
0.9874, 2862
0.9877, 2861
0.9879, 2860
0.9882, 2859
0.9885, 2858
0.9887, 2857
0.9890, 2856
0.9893, 2855
0.9895, 2854
0.9898, 2853
0.9901, 2852
0.9903, 2851
0.9906, 2850
0.9909, 2849
0.9912, 2848
0.9915, 2847
0.9917, 2846
0.9920, 2845
0.9923, 2844
0.9925, 2843
0.9928, 2842
0.9931, 2841
0.9934, 2840
0.9937, 2839
0.9939, 2838
0.9942, 2837
0.9945, 2836
0.9948, 2835
0.9950, 2834
0.9953, 2833
0.9956, 2832
0.9959, 2831
0.9961, 2830
0.9964, 2829
0.9967, 2828
0.9969, 2827
0.9972, 2826
0.9975, 2825
0.9978, 2824
0.9980, 2823
0.9983, 2822
0.9986, 2821
0.9988, 2820
0.9991, 2819
0.9993, 2818
0.9996, 2817
0.9999, 2816
1.0002, 2815
1.0004, 2814
1.0007, 2813
1.0010, 2812
1.0013, 2811
1.0015, 2810
1.0018, 2809
1.0021, 2808
1.0024, 2807
1.0026, 2806
1.0029, 2805
1.0032, 2804
1.0035, 2803
1.0038, 2802
1.0041, 2801
1.0044, 2800
1.0047, 2799
1.0050, 2798
1.0053, 2797
1.0055, 2796
1.0058, 2795
1.0061, 2794
1.0064, 2793
1.0066, 2792
1.0069, 2791
1.0072, 2790
1.0074, 2789
1.0077, 2788
1.0080, 2787
1.0083, 2786
1.0086, 2785
1.0088, 2784
1.0091, 2783
1.0094, 2782
1.0097, 2781
1.0099, 2780
1.0106, 2779
1.0109, 2778
1.0112, 2777
1.0115, 2776
1.0121, 2775
1.0124, 2774
1.0127, 2773
1.0130, 2772
1.0133, 2771
1.0139, 2770
1.0142, 2769
1.0145, 2768
1.0148, 2767
1.0150, 2766
1.0153, 2765
1.0156, 2764
1.0159, 2763
1.0162, 2762
1.0165, 2761
1.0168, 2760
1.0171, 2759
1.0175, 2758
1.0178, 2757
1.0181, 2756
1.0184, 2755
1.0187, 2754
1.0190, 2753
1.0193, 2752
1.0196, 2751
1.0200, 2750
1.0202, 2749
1.0205, 2748
1.0208, 2747
1.0211, 2746
1.0214, 2745
1.0218, 2744
1.0221, 2743
1.0224, 2742
1.0227, 2741
1.0230, 2740
1.0233, 2739
1.0236, 2738
1.0239, 2737
1.0242, 2736
1.0245, 2735
1.0248, 2734
1.0251, 2733
1.0254, 2732
1.0257, 2731
1.0260, 2730
1.0263, 2729
1.0267, 2728
1.0270, 2727
1.0276, 2726
1.0280, 2725
1.0303, 2724
1.0306, 2723
1.0309, 2722
1.0312, 2721
1.0315, 2720
1.0318, 2719
1.0322, 2718
1.0325, 2717
1.0330, 2716
1.0332, 2715
1.0335, 2714
1.0338, 2713
1.0341, 2712
1.0345, 2711
1.0349, 2710
1.0354, 2709
1.0361, 2708
1.0369, 2707
1.0372, 2706
1.0375, 2705
1.0378, 2704
1.0381, 2703
1.0384, 2702
1.0390, 2701
1.0394, 2700
1.0399, 2699
1.0403, 2698
1.0406, 2697
1.0409, 2696
1.0412, 2695
1.0415, 2694
1.0418, 2693
1.0424, 2692
1.0428, 2691
1.0431, 2690
1.0436, 2689
1.0440, 2688
1.0444, 2687
1.0447, 2686
1.0450, 2685
1.0454, 2684
1.0457, 2683
1.0460, 2682
1.0464, 2681
1.0469, 2680
1.0473, 2679
1.0478, 2678
1.0482, 2677
1.0486, 2676
1.0491, 2675
1.0494, 2674
1.0497, 2673
1.0500, 2672
1.0503, 2671
1.0511, 2670
1.0514, 2669
1.0518, 2668
1.0520, 2667
1.0523, 2666
1.0526, 2665
1.0529, 2664
1.0534, 2663
1.0538, 2662
1.0540, 2661
1.0543, 2660
1.0546, 2659
1.0549, 2658
1.0576, 2657
1.0579, 2656
1.0582, 2655
1.0585, 2654
1.0588, 2653
1.0591, 2652
1.0594, 2651
1.0597, 2650
1.0599, 2649
1.0602, 2648
1.0605, 2647
1.0608, 2646
1.0610, 2645
1.0613, 2644
1.0669, 2643
1.0680, 2642
1.0684, 2641
1.0688, 2640
1.0691, 2639
1.0694, 2638
1.0697, 2637
1.0701, 2636
1.0705, 2635
1.0709, 2634
1.0712, 2633
1.0715, 2632
1.0718, 2631
1.0723, 2630
1.0728, 2629
1.0731, 2628
1.0735, 2627
1.0737, 2626
1.0740, 2625
1.0743, 2624
1.0746, 2623
1.0753, 2622
1.0757, 2621
1.0761, 2620
1.0765, 2619
1.0770, 2618
1.0775, 2617
1.0778, 2616
1.0782, 2615
1.0785, 2614
1.0788, 2613
1.0790, 2612
1.0793, 2611
1.0796, 2610
1.0800, 2609
1.0803, 2608
1.0806, 2607
1.0809, 2606
1.0812, 2605
1.0815, 2604
1.0818, 2603
1.0821, 2602
1.0824, 2601
1.0827, 2600
1.0830, 2599
1.0833, 2598
1.0836, 2597
1.0840, 2596
1.0842, 2595
1.0846, 2594
1.0849, 2593
1.0852, 2592
1.0855, 2591
1.0859, 2590
1.0862, 2589
1.0865, 2588
1.0869, 2587
1.0872, 2586
1.0875, 2585
1.0878, 2584
1.0881, 2583
1.0885, 2582
1.0888, 2581
1.0891, 2580
1.0894, 2579
1.0897, 2578
1.0900, 2577
1.0903, 2576
1.0905, 2575
1.0908, 2574
1.0911, 2573
1.0915, 2572
1.0918, 2571
1.0922, 2570
1.1056, 2569
1.1169, 2568
1.1303, 2567
1.1306, 2566
1.1409, 2565
1.1411, 2564
1.1456, 2563
1.1500, 2562
1.1738, 2561
1.1805, 2560
1.2238, 2559
1.2241, 2558
1.2338, 2557
1.2582, 2556
1.2586, 2555
1.2738, 2554
1.2741, 2553
1.3038, 2552
1.3251, 2551
1.3297, 2550
1.3322, 2549
1.3325, 2548
1.3328, 2547
1.3423, 2546
1.3426, 2545
1.3429, 2544
1.3653, 2543
1.3765, 2542
1.3768, 2541
1.3857, 2540
1.3859, 2539
1.3928, 2538
1.4036, 2537
1.4039, 2536
1.4042, 2535
1.4132, 2534
1.4398, 2533
1.4548, 2532
1.4550, 2531
1.4575, 2530
1.4578, 2529
1.4664, 2528
1.4708, 2527
1.4711, 2526
1.4758, 2525
1.4761, 2524
1.4807, 2523
1.4850, 2522
1.4900, 2521
1.4923, 2520
1.4947, 2519
1.5013, 2518
1.5016, 2517
1.5083, 2516
1.5086, 2515
1.5089, 2514
1.5092, 2513
1.5182, 2512
1.5273, 2511
1.5344, 2510
1.5941, 2509
1.6081, 2508
1.6083, 2507
1.6232, 2506
1.6531, 2505
1.6701, 2504
1.6703, 2503
1.6872, 2502
1.7049, 2501
1.7052, 2500
1.7272, 2499
1.7517, 2498
1.7612, 2497
1.7615, 2496
1.7662, 2495
1.7665, 2494
1.7749, 2493
1.7855, 2492
1.7947, 2491
1.8052, 2490
1.8055, 2489
1.8101, 2488
1.8104, 2487
1.8106, 2486
1.8108, 2485
1.8111, 2484
1.8191, 2483
1.8194, 2482
1.8219, 2481
1.8357, 2480
1.8359, 2479
1.8385, 2478
1.8579, 2477
1.8624, 2476
1.8711, 2475
1.8821, 2474
1.8824, 2473
1.8890, 2472
1.8935, 2471
1.8937, 2470
1.8939, 2469
1.8942, 2468
1.9136, 2467
1.9268, 2466
1.9271, 2465
1.9315, 2464
1.9317, 2463
1.9319, 2462
1.9473, 2461
1.9626, 2460
1.9756, 2459
1.9908, 2458
1.9911, 2457
2.0017, 2456
2.0019, 2455
2.0022, 2454
2.0068, 2453
2.0154, 2452
2.0157, 2451
2.0308, 2450
2.0436, 2449
2.0563, 2448
2.0566, 2447
2.0653, 2446
2.0846, 2445
2.1101, 2444
2.1166, 2443
2.1210, 2442
2.1254, 2441
2.1591, 2440
2.1781, 2439
2.1887, 2438
2.1890, 2437
2.2143, 2436
2.2187, 2435
2.2252, 2434
2.2359, 2433
2.2613, 2432
2.2657, 2431
2.2868, 2430
2.2953, 2429
2.2955, 2428
2.3312, 2427
2.3482, 2426
2.3672, 2425
2.3800, 2424
2.3802, 2423
2.3804, 2422
2.3975, 2421
2.3977, 2420
2.4041, 2419
2.4231, 2418
2.4439, 2417
2.4528, 2416
2.4707, 2415
2.4798, 2414
2.4987, 2413
2.5030, 2412
2.5137, 2411
2.5181, 2410
2.5183, 2409
2.5206, 2408
2.5208, 2407
2.5296, 2406
2.5298, 2405
2.5342, 2404
2.5344, 2403
2.5347, 2402
2.5456, 2401
2.5626, 2400
2.5754, 2399
2.5819, 2398
2.5821, 2397
2.5844, 2396
2.5846, 2395
2.5932, 2394
2.5977, 2393
2.5979, 2392
2.6044, 2391
2.6047, 2390
2.6113, 2389
2.6347, 2388
2.6392, 2387
2.6394, 2386
2.6396, 2385
2.6398, 2384
2.6401, 2383
2.6403, 2382
2.6467, 2381
2.6469, 2380
2.6555, 2379
2.6557, 2378
2.6559, 2377
2.6603, 2376
2.6605, 2375
2.6694, 2374
2.6697, 2373
2.6721, 2372
2.6786, 2371
2.6788, 2370
2.6791, 2369
2.6876, 2368
2.6878, 2367
2.7026, 2366
2.7070, 2365
2.7072, 2364
2.7074, 2363
2.7160, 2362
2.7162, 2361
2.7165, 2360
2.7167, 2359
2.7170, 2358
2.7172, 2357
2.7403, 2356
2.7405, 2355
2.7449, 2354
2.7451, 2353
2.7517, 2352
2.7561, 2351
2.7563, 2350
2.7566, 2349
2.7568, 2348
2.7613, 2347
2.7760, 2346
2.7824, 2345
2.7909, 2344
2.7952, 2343
2.7975, 2342
2.8142, 2341
2.8144, 2340
2.8188, 2339
2.8252, 2338
2.8254, 2337
2.8256, 2336
2.8300, 2335
2.8487, 2334
2.8510, 2333
2.8512, 2332
2.8679, 2331
2.8723, 2330
2.8725, 2329
2.8769, 2328
2.8997, 2327
2.9188, 2326
2.9190, 2325
2.9192, 2324
2.9276, 2323
2.9278, 2322
2.9384, 2321
2.9387, 2320
3.0730, 2319
3.0753, 2318
3.0776, 2317
3.0820, 2316
3.0823, 2315
3.0867, 2314
3.0869, 2313
3.0893, 2312
3.0960, 2311
3.0962, 2310
3.1118, 2309
3.1191, 2308
3.1315, 2307
3.1318, 2306
3.1361, 2305
3.1364, 2304
3.1490, 2303
3.1554, 2302
3.1618, 2301
3.1620, 2300
3.1643, 2299
3.1747, 2298
3.1790, 2297
3.1792, 2296
3.1836, 2295
3.1880, 2294
3.1882, 2293
3.1905, 2292
3.1988, 2291
3.2031, 2290
3.2158, 2289
3.2227, 2288
3.2372, 2287
3.2375, 2286
3.2377, 2285
3.2461, 2284
3.2463, 2283
3.2465, 2282
3.2610, 2281
3.2735, 2280
3.2860, 2279
3.3068, 2278
3.3133, 2277
3.3237, 2276
3.3507, 2275
3.3574, 2274
3.3576, 2273
3.3579, 2272
3.3581, 2271
3.3624, 2270
3.3626, 2269
3.3711, 2268
3.3755, 2267
3.3757, 2266
3.3759, 2265
3.3782, 2264
3.3784, 2263
3.3909, 2262
3.3992, 2261
3.4080, 2260
3.4123, 2259
3.4188, 2258
3.4398, 2257
3.4441, 2256
3.4526, 2255
3.4529, 2254
3.4531, 2253
3.4581, 2252
3.4707, 2251
3.4709, 2250
3.4752, 2249
3.4997, 2248
3.4999, 2247
3.5064, 2246
3.5107, 2245
3.5171, 2244
3.5297, 2243
3.5361, 2242
3.5485, 2241
3.5549, 2240
3.5591, 2239
3.5735, 2238
3.5859, 2237
3.6023, 2236
3.6025, 2235
3.6090, 2234
3.6214, 2233
3.6216, 2232
3.6341, 2231
3.6445, 2230
3.6528, 2229
3.6778, 2228
3.7008, 2227
3.7381, 2226
3.8675, 2225
3.9048, 2224
3.9256, 2223
3.9299, 2222
3.9408, 2221
3.9904, 2220
4.0526, 2219
4.1127, 2218
4.1441, 2217
4.1505, 2216
4.1674, 2215
4.2026, 2214
4.5288, 2213
4.5394, 2212
4.9418, 2211
