0.0484, 2281
0.1065, 2280
0.1256, 2279
0.1544, 2278
0.1633, 2277
0.2084, 2276
0.2295, 2275
0.3031, 2274
0.3124, 2273
0.3524, 2270
0.3588, 2268
0.5336, 2267
0.5461, 2266
0.5679, 2265
0.5834, 2264
0.6021, 2263
0.6577, 2262
0.6820, 2261
0.7154, 2260
0.7280, 2259
0.7404, 2258
0.7467, 2257
0.7619, 2256
0.9481, 2255
0.9727, 2254
0.9851, 2252
0.9974, 2251
1.0472, 2248
1.1413, 2247
1.2524, 2245
1.2808, 2244
1.3242, 2243
1.4183, 2242
1.4701, 2241
1.6984, 2240
1.8528, 2239
1.9920, 2238
2.0622, 2237
2.0746, 2235
2.0898, 2234
2.1229, 2233
2.1596, 2232
2.2141, 2230
2.3512, 2229
2.5241, 2228
2.5840, 2226
2.6442, 2225
2.6819, 2224
2.7071, 2222
2.9840, 2221
