0.6553, 3931
0.6556, 3930
0.6559, 3929
0.6562, 3928
0.6566, 3927
0.6569, 3926
0.6572, 3925
0.6576, 3924
0.6579, 3923
0.6582, 3922
0.6586, 3921
0.6589, 3920
0.6592, 3919
0.6595, 3918
0.6599, 3917
0.6602, 3916
0.6605, 3915
0.6608, 3914
0.6612, 3913
0.6615, 3912
0.6618, 3911
0.6621, 3910
0.6625, 3909
0.6628, 3908
0.6631, 3907
0.6634, 3906
0.6638, 3905
0.6641, 3904
0.6644, 3903
0.6648, 3902
0.6651, 3901
0.6654, 3900
0.6657, 3899
0.6661, 3898
0.6664, 3897
0.6667, 3896
0.6671, 3895
0.6674, 3894
0.6677, 3893
0.6681, 3892
0.6684, 3891
0.6687, 3890
0.6691, 3889
0.6694, 3888
0.6697, 3887
0.6700, 3886
0.6704, 3885
0.6707, 3884
0.6710, 3883
0.6714, 3882
0.6717, 3881
0.6720, 3880
0.6724, 3879
0.6727, 3878
0.6730, 3877
0.6734, 3876
0.6737, 3875
0.6740, 3874
0.6744, 3873
0.6747, 3872
0.6750, 3871
0.6753, 3870
0.6757, 3869
0.6760, 3868
0.6763, 3867
0.6766, 3866
0.6770, 3865
0.6773, 3864
0.6776, 3863
0.6779, 3862
0.6783, 3861
0.6786, 3860
0.6789, 3859
0.6792, 3858
0.6796, 3857
0.6799, 3856
0.6802, 3855
0.6805, 3854
0.6808, 3853
0.6812, 3852
0.6815, 3851
0.6818, 3850
0.6821, 3849
0.6824, 3848
0.6828, 3847
0.6831, 3846
0.6834, 3845
0.6837, 3844
0.6841, 3843
0.6844, 3842
0.6847, 3841
0.6851, 3840
0.6854, 3839
0.6857, 3838
0.6860, 3837
0.6864, 3836
0.6867, 3835
0.6870, 3834
0.6873, 3833
0.6877, 3832
0.6880, 3831
0.6883, 3830
0.6887, 3829
0.6890, 3828
0.6893, 3827
0.6897, 3826
0.6900, 3825
0.6903, 3824
0.6907, 3823
0.6910, 3822
0.6913, 3821
0.6916, 3820
0.6920, 3819
0.6923, 3818
0.6926, 3817
0.6929, 3816
0.6933, 3815
0.6936, 3814
0.6939, 3813
0.6943, 3812
0.6946, 3811
0.6949, 3810
0.6952, 3809
0.6956, 3808
0.6959, 3807
0.6962, 3806
0.6966, 3805
0.6969, 3804
0.6972, 3803
0.6976, 3802
0.6979, 3801
0.6982, 3800
0.6986, 3799
0.6989, 3798
0.6993, 3797
0.6996, 3796
0.6999, 3795
0.7003, 3794
0.7006, 3793
0.7009, 3792
0.7012, 3791
0.7016, 3790
0.7019, 3789
0.7022, 3788
0.7026, 3787
0.7029, 3786
0.7032, 3785
0.7036, 3784
0.7039, 3783
0.7042, 3782
0.7045, 3781
0.7049, 3780
0.7052, 3779
0.7056, 3778
0.7059, 3777
0.7062, 3776
0.7065, 3775
0.7069, 3774
0.7072, 3773
0.7075, 3772
0.7079, 3771
0.7082, 3770
0.7085, 3769
0.7088, 3768
0.7091, 3767
0.7095, 3766
0.7098, 3765
0.7101, 3764
0.7104, 3763
0.7108, 3762
0.7111, 3761
0.7114, 3760
0.7117, 3759
0.7121, 3758
0.7124, 3757
0.7127, 3756
0.7131, 3755
0.7134, 3754
0.7137, 3753
0.7140, 3752
0.7143, 3751
0.7147, 3750
0.7150, 3749
0.7153, 3748
0.7157, 3747
0.7160, 3746
0.7164, 3745
0.7167, 3744
0.7170, 3743
0.7173, 3742
0.7177, 3741
0.7180, 3740
0.7183, 3739
0.7186, 3738
0.7189, 3737
0.7193, 3736
0.7196, 3735
0.7199, 3734
0.7202, 3733
0.7205, 3732
0.7209, 3731
0.7212, 3730
0.7215, 3729
0.7218, 3728
0.7221, 3727
0.7225, 3726
0.7228, 3725
0.7231, 3724
0.7234, 3723
0.7238, 3722
0.7241, 3721
0.7245, 3720
0.7248, 3719
0.7251, 3718
0.7254, 3717
0.7258, 3716
0.7261, 3715
0.7264, 3714
0.7267, 3713
0.7271, 3712
0.7274, 3711
0.7277, 3710
0.7280, 3709
0.7283, 3708
0.7287, 3707
0.7290, 3706
0.7293, 3705
0.7296, 3704
0.7300, 3703
0.7303, 3702
0.7306, 3701
0.7309, 3700
0.7312, 3699
0.7315, 3698
0.7319, 3697
0.7322, 3696
0.7325, 3695
0.7328, 3694
0.7331, 3693
0.7334, 3692
0.7338, 3691
0.7341, 3690
0.7344, 3689
0.7347, 3688
0.7350, 3687
0.7354, 3686
0.7357, 3685
0.7360, 3684
0.7363, 3683
0.7366, 3682
0.7370, 3681
0.7373, 3680
0.7376, 3679
0.7379, 3678
0.7382, 3677
0.7386, 3676
0.7389, 3675
0.7392, 3674
0.7395, 3673
0.7398, 3672
0.7402, 3671
0.7405, 3670
0.7408, 3669
0.7411, 3668
0.7415, 3667
0.7418, 3666
0.7421, 3665
0.7424, 3664
0.7427, 3663
0.7431, 3662
0.7434, 3661
0.7437, 3660
0.7440, 3659
0.7443, 3658
0.7447, 3657
0.7450, 3656
0.7454, 3655
0.7457, 3654
0.7460, 3653
0.7464, 3652
0.7467, 3651
0.7470, 3650
0.7473, 3649
0.7476, 3648
0.7479, 3647
0.7483, 3646
0.7486, 3645
0.7489, 3644
0.7492, 3643
0.7496, 3642
0.7499, 3641
0.7502, 3640
0.7505, 3639
0.7508, 3638
0.7512, 3637
0.7515, 3636
0.7518, 3635
0.7521, 3634
0.7524, 3633
0.7527, 3632
0.7531, 3631
0.7534, 3630
0.7537, 3629
0.7540, 3628
0.7543, 3627
0.7546, 3626
0.7550, 3625
0.7553, 3624
0.7556, 3623
0.7559, 3622
0.7562, 3621
0.7565, 3620
0.7569, 3619
0.7572, 3618
0.7575, 3617
0.7578, 3616
0.7581, 3615
0.7584, 3614
0.7587, 3613
0.7590, 3612
0.7593, 3611
0.7597, 3610
0.7600, 3609
0.7603, 3608
0.7606, 3607
0.7609, 3606
0.7612, 3605
0.7615, 3604
0.7619, 3603
0.7622, 3602
0.7625, 3601
0.7628, 3600
0.7631, 3599
0.7634, 3598
0.7637, 3597
0.7641, 3596
0.7644, 3595
0.7647, 3594
0.7651, 3593
0.7654, 3592
0.7658, 3591
0.7661, 3590
0.7664, 3589
0.7668, 3588
0.7673, 3587
0.7676, 3586
0.7679, 3585
0.7683, 3584
0.7686, 3583
0.7690, 3582
0.7693, 3581
0.7696, 3580
0.7700, 3579
0.7704, 3578
0.7708, 3577
0.7711, 3576
0.7715, 3575
0.7718, 3574
0.7722, 3573
0.7725, 3572
0.7728, 3571
0.7732, 3570
0.7735, 3569
0.7738, 3568
0.7742, 3567
0.7746, 3566
0.7749, 3565
0.7753, 3564
0.7756, 3563
0.7759, 3562
0.7762, 3561
0.7765, 3560
0.7769, 3559
0.7772, 3558
0.7775, 3557
0.7778, 3556
0.7782, 3555
0.7785, 3554
0.7788, 3553
0.7792, 3552
0.7796, 3551
0.7800, 3550
0.7803, 3549
0.7807, 3548
0.7810, 3547
0.7814, 3546
0.7817, 3545
0.7821, 3544
0.7825, 3543
0.7828, 3542
0.7832, 3541
0.7835, 3540
0.7839, 3539
0.7842, 3538
0.7864, 3537
0.7867, 3536
0.7870, 3535
0.7874, 3534
0.7877, 3533
0.7880, 3532
0.7884, 3531
0.7887, 3530
0.7891, 3529
0.7894, 3528
0.7898, 3527
0.7902, 3526
0.7906, 3525
0.7910, 3524
0.7914, 3523
0.7917, 3522
0.7921, 3521
0.7926, 3520
0.7929, 3519
0.7932, 3518
0.7936, 3517
0.7941, 3516
0.7944, 3515
0.7948, 3514
0.7952, 3513
0.7956, 3512
0.7959, 3511
0.7963, 3510
0.7968, 3509
0.7973, 3508
0.7978, 3507
0.7983, 3506
0.7987, 3505
0.7992, 3504
0.7996, 3503
0.8000, 3502
0.8005, 3501
0.8010, 3500
0.8014, 3499
0.8019, 3498
0.8026, 3497
0.8030, 3496
0.8035, 3495
0.8038, 3494
0.8043, 3493
0.8047, 3492
0.8051, 3491
0.8055, 3490
0.8060, 3489
0.8064, 3488
0.8068, 3487
0.8072, 3486
0.8075, 3485
0.8078, 3484
0.8082, 3483
0.8085, 3482
0.8089, 3481
0.8093, 3480
0.8096, 3479
0.8100, 3478
0.8103, 3477
0.8107, 3476
0.8137, 3475
0.8141, 3474
0.8146, 3473
0.8151, 3472
0.8156, 3471
0.8161, 3470
0.8166, 3469
0.8170, 3468
0.8174, 3467
0.8182, 3466
0.8187, 3465
0.8192, 3464
0.8196, 3463
0.8201, 3462
0.8206, 3461
0.8210, 3460
0.8214, 3459
0.8218, 3458
0.8223, 3457
0.8227, 3456
0.8230, 3455
0.8234, 3454
0.8238, 3453
0.8242, 3452
0.8247, 3451
0.8251, 3450
0.8255, 3449
0.8259, 3448
0.8262, 3447
0.8265, 3446
0.8269, 3445
0.8272, 3444
0.8275, 3443
0.8279, 3442
0.8284, 3441
0.8290, 3440
0.8295, 3439
0.8300, 3438
0.8305, 3437
0.8311, 3436
0.8316, 3435
0.8321, 3434
0.8325, 3433
0.8330, 3432
0.8334, 3431
0.8338, 3430
0.8342, 3429
0.8346, 3428
0.8349, 3427
0.8354, 3426
0.8357, 3425
0.8361, 3424
0.8365, 3423
0.8370, 3422
0.8374, 3421
0.8378, 3420
0.8382, 3419
0.8385, 3418
0.8388, 3417
0.8391, 3416
0.8394, 3415
0.8397, 3414
0.8400, 3413
0.8403, 3412
0.8407, 3411
0.8409, 3410
0.8412, 3409
0.8415, 3408
0.8418, 3407
0.8421, 3406
0.8425, 3405
0.8428, 3404
0.8431, 3403
0.8434, 3402
0.8437, 3401
0.8441, 3400
0.8444, 3399
0.8448, 3398
0.8452, 3397
0.8455, 3396
0.8459, 3395
0.8462, 3394
0.8465, 3393
0.8469, 3392
0.8472, 3391
0.8475, 3390
0.8478, 3389
0.8481, 3388
0.8485, 3387
0.8488, 3386
0.8491, 3385
0.8494, 3384
0.8498, 3383
0.8501, 3382
0.8504, 3381
0.8507, 3380
0.8510, 3379
0.8514, 3378
0.8517, 3377
0.8520, 3376
0.8524, 3375
0.8527, 3374
0.8529, 3373
0.8532, 3372
0.8535, 3371
0.8539, 3370
0.8542, 3369
0.8545, 3368
0.8548, 3367
0.8551, 3366
0.8554, 3365
0.8557, 3364
0.8559, 3363
0.8562, 3362
0.8566, 3361
0.8569, 3360
0.8572, 3359
0.8575, 3358
0.8578, 3357
0.8582, 3356
0.8585, 3355
0.8589, 3354
0.8592, 3353
0.8595, 3352
0.8598, 3351
0.8602, 3350
0.8606, 3349
0.8610, 3348
0.8613, 3347
0.8617, 3346
0.8620, 3345
0.8623, 3344
0.8626, 3343
0.8629, 3342
0.8632, 3341
0.8635, 3340
0.8638, 3339
0.8641, 3338
0.8644, 3337
0.8647, 3336
0.8650, 3335
0.8653, 3334
0.8656, 3333
0.8659, 3332
0.8662, 3331
0.8665, 3330
0.8668, 3329
0.8672, 3328
0.8675, 3327
0.8678, 3326
0.8681, 3325
0.8684, 3324
0.8687, 3323
0.8690, 3322
0.8693, 3321
0.8696, 3320
0.8699, 3319
0.8702, 3318
0.8705, 3317
0.8709, 3316
0.8712, 3315
0.8715, 3314
0.8719, 3313
0.8722, 3312
0.8725, 3311
0.8729, 3310
0.8732, 3309
0.8735, 3308
0.8738, 3307
0.8741, 3306
0.8744, 3305
0.8747, 3304
0.8751, 3303
0.8754, 3302
0.8757, 3301
0.8761, 3300
0.8765, 3299
0.8768, 3298
0.8772, 3297
0.8776, 3296
0.8780, 3295
0.8784, 3294
0.8788, 3293
0.8791, 3292
0.8794, 3291
0.8797, 3290
0.8800, 3289
0.8803, 3288
0.8806, 3287
0.8809, 3286
0.8812, 3285
0.8815, 3284
0.8818, 3283
0.8821, 3282
0.8825, 3281
0.8828, 3280
0.8832, 3279
0.8835, 3278
0.8838, 3277
0.8841, 3276
0.8844, 3275
0.8847, 3274
0.8850, 3273
0.8854, 3272
0.8857, 3271
0.8860, 3270
0.8863, 3269
0.8867, 3268
0.8870, 3267
0.8873, 3266
0.8876, 3265
0.8879, 3264
0.8882, 3263
0.8885, 3262
0.8888, 3261
0.8891, 3260
0.8894, 3259
0.8897, 3258
0.8900, 3257
0.8903, 3256
0.8906, 3255
0.8909, 3254
0.8912, 3253
0.8915, 3252
0.8918, 3251
0.8922, 3250
0.8925, 3249
0.8928, 3248
0.8931, 3247
0.8935, 3246
0.8938, 3245
0.8942, 3244
0.8945, 3243
0.8949, 3242
0.8951, 3241
0.8954, 3240
0.8958, 3239
0.8961, 3238
0.8964, 3237
0.8967, 3236
0.8970, 3235
0.8973, 3234
0.8976, 3233
0.8979, 3232
0.8982, 3231
0.8985, 3230
0.8989, 3229
0.8991, 3228
0.8994, 3227
0.8997, 3226
0.9001, 3225
0.9004, 3224
0.9007, 3223
0.9010, 3222
0.9013, 3221
0.9016, 3220
0.9019, 3219
0.9023, 3218
0.9026, 3217
0.9029, 3216
0.9032, 3215
0.9035, 3214
0.9037, 3213
0.9040, 3212
0.9043, 3211
0.9046, 3210
0.9049, 3209
0.9052, 3208
0.9056, 3207
0.9060, 3206
0.9063, 3205
0.9066, 3204
0.9069, 3203
0.9072, 3202
0.9075, 3201
0.9079, 3200
0.9081, 3199
0.9085, 3198
0.9088, 3197
0.9091, 3196
0.9094, 3195
0.9098, 3194
0.9101, 3193
0.9105, 3192
0.9109, 3191
0.9112, 3190
0.9116, 3189
0.9119, 3188
0.9121, 3187
0.9125, 3186
0.9128, 3185
0.9131, 3184
0.9134, 3183
0.9137, 3182
0.9140, 3181
0.9143, 3180
0.9145, 3179
0.9148, 3178
0.9151, 3177
0.9154, 3176
0.9157, 3175
0.9160, 3174
0.9164, 3173
0.9167, 3172
0.9170, 3171
0.9173, 3170
0.9176, 3169
0.9179, 3168
0.9182, 3167
0.9184, 3166
0.9187, 3165
0.9190, 3164
0.9193, 3163
0.9196, 3162
0.9199, 3161
0.9202, 3160
0.9205, 3159
0.9208, 3158
0.9211, 3157
0.9214, 3156
0.9217, 3155
0.9220, 3154
0.9223, 3153
0.9226, 3152
0.9228, 3151
0.9232, 3150
0.9235, 3149
0.9238, 3148
0.9240, 3147
0.9243, 3146
0.9246, 3145
0.9250, 3144
0.9253, 3143
0.9256, 3142
0.9259, 3141
0.9263, 3140
0.9266, 3139
0.9270, 3138
0.9274, 3137
0.9277, 3136
0.9280, 3135
0.9283, 3134
0.9287, 3133
0.9290, 3132
0.9293, 3131
0.9296, 3130
0.9299, 3129
0.9302, 3128
0.9305, 3127
0.9308, 3126
0.9311, 3125
0.9314, 3124
0.9317, 3123
0.9320, 3122
0.9323, 3121
0.9326, 3120
0.9329, 3119
0.9331, 3118
0.9335, 3117
0.9337, 3116
0.9340, 3115
0.9343, 3114
0.9346, 3113
0.9349, 3112
0.9351, 3111
0.9354, 3110
0.9357, 3109
0.9360, 3108
0.9363, 3107
0.9365, 3106
0.9368, 3105
0.9371, 3104
0.9374, 3103
0.9377, 3102
0.9380, 3101
0.9382, 3100
0.9385, 3099
0.9388, 3098
0.9391, 3097
0.9394, 3096
0.9397, 3095
0.9400, 3094
0.9403, 3093
0.9405, 3092
0.9408, 3091
0.9411, 3090
0.9414, 3089
0.9417, 3088
0.9420, 3087
0.9423, 3086
0.9426, 3085
0.9429, 3084
0.9432, 3083
0.9435, 3082
0.9439, 3081
0.9442, 3080
0.9445, 3079
0.9449, 3078
0.9451, 3077
0.9454, 3076
0.9458, 3075
0.9460, 3074
0.9463, 3073
0.9466, 3072
0.9469, 3071
0.9472, 3070
0.9474, 3069
0.9477, 3068
0.9480, 3067
0.9483, 3066
0.9486, 3065
0.9489, 3064
0.9491, 3063
0.9494, 3062
0.9497, 3061
0.9500, 3060
0.9502, 3059
0.9505, 3058
0.9508, 3057
0.9511, 3056
0.9514, 3055
0.9516, 3054
0.9519, 3053
0.9522, 3052
0.9525, 3051
0.9528, 3050
0.9530, 3049
0.9534, 3048
0.9537, 3047
0.9540, 3046
0.9543, 3045
0.9546, 3044
0.9549, 3043
0.9551, 3042
0.9554, 3041
0.9557, 3040
0.9559, 3039
0.9562, 3038
0.9565, 3037
0.9568, 3036
0.9571, 3035
0.9573, 3034
0.9576, 3033
0.9579, 3032
0.9581, 3031
0.9584, 3030
0.9587, 3029
0.9590, 3028
0.9593, 3027
0.9596, 3026
0.9600, 3025
0.9603, 3024
0.9607, 3023
0.9609, 3022
0.9612, 3021
0.9615, 3020
0.9618, 3019
0.9621, 3018
0.9623, 3017
0.9626, 3016
0.9629, 3015
0.9632, 3014
0.9634, 3013
0.9638, 3012
0.9641, 3011
0.9643, 3010
0.9646, 3009
0.9649, 3008
0.9652, 3007
0.9655, 3006
0.9657, 3005
0.9660, 3004
0.9663, 3003
0.9665, 3002
0.9668, 3001
0.9671, 3000
0.9674, 2999
0.9676, 2998
0.9679, 2997
0.9682, 2996
0.9685, 2995
0.9687, 2994
0.9690, 2993
0.9693, 2992
0.9695, 2991
0.9698, 2990
0.9701, 2989
0.9704, 2988
0.9706, 2987
0.9709, 2986
0.9712, 2985
0.9715, 2984
0.9717, 2983
0.9720, 2982
0.9723, 2981
0.9726, 2980
0.9728, 2979
0.9731, 2978
0.9734, 2977
0.9737, 2976
0.9739, 2975
0.9742, 2974
0.9745, 2973
0.9748, 2972
0.9751, 2971
0.9754, 2970
0.9757, 2969
0.9760, 2968
0.9763, 2967
0.9766, 2966
0.9769, 2965
0.9771, 2964
0.9774, 2963
0.9777, 2962
0.9779, 2961
0.9782, 2960
0.9785, 2959
0.9787, 2958
0.9790, 2957
0.9793, 2956
0.9796, 2955
0.9799, 2954
0.9802, 2953
0.9805, 2952
0.9808, 2951
0.9811, 2950
0.9814, 2949
0.9817, 2948
0.9819, 2947
0.9822, 2946
0.9825, 2945
0.9828, 2944
0.9830, 2943
0.9833, 2942
0.9836, 2941
0.9839, 2940
0.9842, 2939
0.9845, 2938
0.9848, 2937
0.9850, 2936
0.9853, 2935
0.9857, 2934
0.9859, 2933
0.9862, 2932
0.9864, 2931
0.9868, 2930
0.9871, 2929
0.9874, 2928
0.9877, 2927
0.9880, 2926
0.9883, 2925
0.9886, 2924
0.9889, 2923
0.9892, 2922
0.9895, 2921
0.9898, 2920
0.9901, 2919
0.9904, 2918
0.9907, 2917
0.9910, 2916
0.9913, 2915
0.9916, 2914
0.9919, 2913
0.9923, 2912
0.9926, 2911
0.9929, 2910
0.9932, 2909
0.9935, 2908
0.9938, 2907
0.9941, 2906
0.9944, 2905
0.9947, 2904
0.9950, 2903
0.9952, 2902
0.9955, 2901
0.9958, 2900
0.9961, 2899
0.9964, 2898
0.9967, 2897
0.9970, 2896
0.9973, 2895
0.9975, 2894
0.9978, 2893
0.9981, 2892
0.9984, 2891
0.9987, 2890
0.9990, 2889
0.9993, 2888
0.9995, 2887
0.9998, 2886
1.0001, 2885
1.0004, 2884
1.0007, 2883
1.0011, 2882
1.0013, 2881
1.0016, 2880
1.0019, 2879
1.0022, 2878
1.0025, 2877
1.0027, 2876
1.0030, 2875
1.0033, 2874
1.0036, 2873
1.0038, 2872
1.0041, 2871
1.0044, 2870
1.0047, 2869
1.0050, 2868
1.0052, 2867
1.0055, 2866
1.0058, 2865
1.0061, 2864
1.0064, 2863
1.0066, 2862
1.0069, 2861
1.0072, 2860
1.0074, 2859
1.0077, 2858
1.0080, 2857
1.0083, 2856
1.0085, 2855
1.0088, 2854
1.0091, 2853
1.0093, 2852
1.0096, 2851
1.0099, 2850
1.0101, 2849
1.0104, 2848
1.0107, 2847
1.0109, 2846
1.0112, 2845
1.0115, 2844
1.0117, 2843
1.0120, 2842
1.0123, 2841
1.0126, 2840
1.0128, 2839
1.0131, 2838
1.0134, 2837
1.0136, 2836
1.0139, 2835
1.0142, 2834
1.0144, 2833
1.0147, 2832
1.0150, 2831
1.0153, 2830
1.0155, 2829
1.0158, 2828
1.0161, 2827
1.0164, 2826
1.0167, 2825
1.0170, 2824
1.0172, 2823
1.0175, 2822
1.0178, 2821
1.0180, 2820
1.0183, 2819
1.0186, 2818
1.0189, 2817
1.0191, 2816
1.0194, 2815
1.0197, 2814
1.0199, 2813
1.0202, 2812
1.0204, 2811
1.0207, 2810
1.0210, 2809
1.0212, 2808
1.0215, 2807
1.0218, 2806
1.0221, 2805
1.0223, 2804
1.0226, 2803
1.0228, 2802
1.0231, 2801
1.0234, 2800
1.0236, 2799
1.0239, 2798
1.0242, 2797
1.0245, 2796
1.0248, 2795
1.0251, 2794
1.0254, 2793
1.0256, 2792
1.0259, 2791
1.0262, 2790
1.0265, 2789
1.0267, 2788
1.0270, 2787
1.0273, 2786
1.0276, 2785
1.0278, 2784
1.0281, 2783
1.0284, 2782
1.0286, 2781
1.0289, 2780
1.0292, 2779
1.0294, 2778
1.0297, 2777
1.0299, 2776
1.0302, 2775
1.0305, 2774
1.0308, 2773
1.0310, 2772
1.0313, 2771
1.0316, 2770
1.0318, 2769
1.0321, 2768
1.0324, 2767
1.0327, 2766
1.0329, 2765
1.0332, 2764
1.0334, 2763
1.0337, 2762
1.0340, 2761
1.0342, 2760
1.0345, 2759
1.0347, 2758
1.0350, 2757
1.0353, 2756
1.0355, 2755
1.0358, 2754
1.0361, 2753
1.0363, 2752
1.0366, 2751
1.0369, 2750
1.0372, 2749
1.0374, 2748
1.0377, 2747
1.0380, 2746
1.0383, 2745
1.0385, 2744
1.0388, 2743
1.0391, 2742
1.0393, 2741
1.0396, 2740
1.0399, 2739
1.0401, 2738
1.0405, 2737
1.0408, 2736
1.0411, 2735
1.0414, 2734
1.0416, 2733
1.0419, 2732
1.0422, 2731
1.0425, 2730
1.0428, 2729
1.0430, 2728
1.0433, 2727
1.0436, 2726
1.0439, 2725
1.0442, 2724
1.0444, 2723
1.0447, 2722
1.0450, 2721
1.0452, 2720
1.0455, 2719
1.0458, 2718
1.0460, 2717
1.0463, 2716
1.0466, 2715
1.0468, 2714
1.0471, 2713
1.0474, 2712
1.0477, 2711
1.0479, 2710
1.0482, 2709
1.0485, 2708
1.0487, 2707
1.0490, 2706
1.0493, 2705
1.0496, 2704
1.0498, 2703
1.0501, 2702
1.0504, 2701
1.0506, 2700
1.0509, 2699
1.0511, 2698
1.0514, 2697
1.0517, 2696
1.0519, 2695
1.0522, 2694
1.0525, 2693
1.0527, 2692
1.0530, 2691
1.0533, 2690
1.0535, 2689
1.0538, 2688
1.0541, 2687
1.0543, 2686
1.0546, 2685
1.0549, 2684
1.0551, 2683
1.0554, 2682
1.0557, 2681
1.0559, 2680
1.0562, 2679
1.0565, 2678
1.0567, 2677
1.0570, 2676
1.0572, 2675
1.0575, 2674
1.0578, 2673
1.0580, 2672
1.0583, 2671
1.0586, 2670
1.0589, 2669
1.0592, 2668
1.0594, 2667
1.0597, 2666
1.0599, 2665
1.0602, 2664
1.0604, 2663
1.0607, 2662
1.0609, 2661
1.0612, 2660
1.0615, 2659
1.0617, 2658
1.0620, 2657
1.0622, 2656
1.0625, 2655
1.0627, 2654
1.0630, 2653
1.0633, 2652
1.0635, 2651
1.0638, 2650
1.0640, 2649
1.0643, 2648
1.0645, 2647
1.0648, 2646
1.0650, 2645
1.0653, 2644
1.0655, 2643
1.0658, 2642
1.0660, 2641
1.0663, 2640
1.0665, 2639
1.0668, 2638
1.0670, 2637
1.0673, 2636
1.0675, 2635
1.0678, 2634
1.0680, 2633
1.0683, 2632
1.0685, 2631
1.0688, 2630
1.0690, 2629
1.0693, 2628
1.0695, 2627
1.0698, 2626
1.0700, 2625
1.0703, 2624
1.0706, 2623
1.0708, 2622
1.0711, 2621
1.0714, 2620
1.0716, 2619
1.0719, 2618
1.0721, 2617
1.0723, 2616
1.0726, 2615
1.0729, 2614
1.0731, 2613
1.0734, 2612
1.0737, 2611
1.0739, 2610
1.0742, 2609
1.0744, 2608
1.0747, 2607
1.0749, 2606
1.0751, 2605
1.0754, 2604
1.0757, 2603
1.0759, 2602
1.0762, 2601
1.0765, 2600
1.0767, 2599
1.0770, 2598
1.0772, 2597
1.0775, 2596
1.0777, 2595
1.0780, 2594
1.0782, 2593
1.0785, 2592
1.0787, 2591
1.0790, 2590
1.0793, 2589
1.0795, 2588
1.0798, 2587
1.0800, 2586
1.0803, 2585
1.0805, 2584
1.0808, 2583
1.0810, 2582
1.0813, 2581
1.0815, 2580
1.0818, 2579
1.0821, 2578
1.0823, 2577
1.0826, 2576
1.0828, 2575
1.0831, 2574
1.0834, 2573
1.0836, 2572
1.0839, 2571
1.0841, 2570
1.0844, 2569
1.0847, 2568
1.0849, 2567
1.0852, 2566
1.0855, 2565
1.0899, 2564
1.0943, 2563
1.0986, 2562
1.1131, 2561
1.1133, 2560
1.1216, 2559
1.1218, 2558
1.1468, 2557
1.1573, 2556
1.1844, 2555
1.1909, 2554
1.1911, 2553
1.2038, 2552
1.2102, 2551
1.2105, 2550
1.2168, 2549
1.2274, 2548
1.2298, 2547
1.2300, 2546
1.2302, 2545
1.2345, 2544
1.2417, 2543
1.2632, 2542
1.2696, 2541
1.2729, 2540
1.2760, 2539
1.2763, 2538
1.2765, 2537
1.2869, 2536
1.2872, 2535
1.2875, 2534
1.3107, 2533
1.3207, 2532
1.3311, 2531
1.3314, 2530
1.3422, 2529
1.3499, 2528
1.3565, 2527
1.3924, 2526
1.4013, 2525
1.4036, 2524
1.4038, 2523
1.4128, 2522
1.4197, 2521
1.4286, 2520
1.4289, 2519
1.4312, 2518
1.4376, 2517
1.4378, 2516
1.4423, 2515
1.4471, 2514
1.4473, 2513
1.4538, 2512
1.4608, 2511
1.5389, 2510
1.5541, 2509
1.5543, 2508
1.5630, 2507
1.5983, 2506
1.6055, 2505
1.6318, 2504
1.6321, 2503
1.6374, 2502
1.6481, 2501
1.6621, 2500
1.6878, 2499
1.7093, 2498
1.7181, 2497
1.7225, 2496
1.7249, 2495
1.7251, 2494
1.7297, 2493
1.7402, 2492
1.7450, 2491
1.7452, 2490
1.7558, 2489
1.7603, 2488
1.7606, 2487
1.7608, 2486
1.7610, 2485
1.7613, 2484
1.7698, 2483
1.7701, 2482
1.7703, 2481
1.7832, 2480
1.7834, 2479
1.7836, 2478
1.8047, 2477
1.8155, 2476
1.8157, 2475
1.8241, 2474
1.8287, 2473
1.8353, 2472
1.8399, 2471
1.8401, 2470
1.8404, 2469
1.8406, 2468
1.8597, 2467
1.8744, 2466
1.8747, 2465
1.8749, 2464
1.8772, 2463
1.8774, 2462
1.8943, 2461
1.9090, 2460
1.9222, 2459
1.9350, 2458
1.9352, 2457
1.9458, 2456
1.9461, 2455
1.9463, 2454
1.9527, 2453
1.9591, 2452
1.9593, 2451
1.9762, 2450
1.9887, 2449
1.9975, 2448
1.9998, 2447
2.0083, 2446
2.0277, 2445
2.0443, 2444
2.0549, 2443
2.0634, 2442
2.0678, 2441
2.0867, 2440
2.1137, 2439
2.1221, 2438
2.1245, 2437
2.1495, 2436
2.1538, 2435
2.1603, 2434
2.1688, 2433
2.1960, 2432
2.2004, 2431
2.2214, 2430
2.2299, 2429
2.2301, 2428
2.2674, 2427
2.2739, 2426
2.2990, 2425
2.3137, 2424
2.3139, 2423
2.3141, 2422
2.3308, 2421
2.3311, 2420
2.3375, 2419
2.3543, 2418
2.3848, 2417
2.3914, 2416
2.4066, 2415
2.4175, 2414
2.4326, 2413
2.4432, 2412
2.4434, 2411
2.4512, 2410
2.4600, 2409
2.4602, 2408
2.4626, 2407
2.4629, 2406
2.4776, 2405
2.4779, 2404
2.4781, 2403
2.4865, 2402
2.4867, 2401
2.4869, 2400
2.5036, 2399
2.5038, 2398
2.5184, 2397
2.5186, 2396
2.5229, 2395
2.5231, 2394
2.5233, 2393
2.5359, 2392
2.5403, 2391
2.5405, 2390
2.5428, 2389
2.5430, 2388
2.5514, 2387
2.5722, 2386
2.5745, 2385
2.5788, 2384
2.5790, 2383
2.5854, 2382
2.5856, 2381
2.5940, 2380
2.5942, 2379
2.5944, 2378
2.5988, 2377
2.5990, 2376
2.6054, 2375
2.6097, 2374
2.6099, 2373
2.6183, 2372
2.6185, 2371
2.6188, 2370
2.6354, 2369
2.6356, 2368
2.6379, 2367
2.6423, 2366
2.6425, 2365
2.6427, 2364
2.6512, 2363
2.6514, 2362
2.6517, 2361
2.6519, 2360
2.6521, 2359
2.6523, 2358
2.6691, 2357
2.6775, 2356
2.6777, 2355
2.6779, 2354
2.6781, 2353
2.6907, 2352
2.6909, 2351
2.6911, 2350
2.6913, 2349
2.6916, 2348
2.6959, 2347
2.7125, 2346
2.7168, 2345
2.7231, 2344
2.7275, 2343
2.7319, 2342
2.7487, 2341
2.7652, 2340
2.7715, 2339
2.7880, 2338
2.7902, 2337
2.7905, 2336
2.8051, 2335
2.8115, 2334
2.8117, 2333
2.8160, 2332
2.8346, 2331
2.8534, 2330
2.8536, 2329
2.8539, 2328
2.8602, 2327
2.8686, 2326
2.8688, 2325
2.8875, 2324
2.8877, 2323
2.9145, 2322
2.9147, 2321
2.9499, 2320
3.0128, 2319
3.0150, 2318
3.0173, 2317
3.0216, 2316
3.0218, 2315
3.0241, 2314
3.0284, 2313
3.0286, 2312
3.0329, 2311
3.0516, 2310
3.0579, 2309
3.0623, 2308
3.0626, 2307
3.0669, 2306
3.0671, 2305
3.0816, 2304
3.0819, 2303
3.0903, 2302
3.0905, 2301
3.0928, 2300
3.1034, 2299
3.1077, 2298
3.1080, 2297
3.1144, 2296
3.1146, 2295
3.1189, 2294
3.1191, 2293
3.1275, 2292
3.1318, 2291
3.1445, 2290
3.1529, 2289
3.1613, 2288
3.1615, 2287
3.1660, 2286
3.1732, 2285
3.1758, 2284
3.1761, 2283
3.1960, 2282
3.2090, 2281
3.2245, 2280
3.2500, 2279
3.2587, 2278
3.2651, 2277
3.2979, 2276
3.3022, 2275
3.3025, 2274
3.3027, 2273
3.3029, 2272
3.3031, 2271
3.3074, 2270
3.3076, 2269
3.3179, 2268
3.3222, 2267
3.3224, 2266
3.3227, 2265
3.3508, 2264
3.3633, 2263
3.3635, 2262
3.3740, 2261
3.3804, 2260
3.3928, 2259
3.3991, 2258
3.3993, 2257
3.4036, 2256
3.4140, 2255
3.4203, 2254
3.4206, 2253
3.4208, 2252
3.4313, 2251
3.4458, 2250
3.4461, 2249
3.4523, 2248
3.4566, 2247
3.4610, 2246
3.4695, 2245
3.4778, 2244
3.4904, 2243
3.4967, 2242
3.4969, 2241
3.5133, 2240
3.5216, 2239
3.5360, 2238
3.5362, 2237
3.5405, 2236
3.5468, 2235
3.5470, 2234
3.5472, 2233
3.5616, 2232
3.5719, 2231
3.5802, 2230
3.5804, 2229
3.5906, 2228
3.5908, 2227
3.6198, 2226
3.6200, 2225
3.6244, 2224
3.6808, 2223
3.7257, 2222
3.8161, 2221
3.8245, 2220
3.8349, 2219
3.8392, 2218
3.8537, 2217
3.8906, 2216
3.9951, 2215
3.9995, 2214
4.0860, 2213
