0.6697, 3931
0.6700, 3930
0.6704, 3929
0.6707, 3928
0.6711, 3927
0.6715, 3926
0.6719, 3925
0.6723, 3924
0.6726, 3923
0.6730, 3922
0.6734, 3921
0.6737, 3920
0.6740, 3919
0.6744, 3918
0.6747, 3917
0.6751, 3916
0.6754, 3915
0.6758, 3914
0.6761, 3913
0.6764, 3912
0.6768, 3911
0.6771, 3910
0.6775, 3909
0.6778, 3908
0.6782, 3907
0.6785, 3906
0.6788, 3905
0.6792, 3904
0.6795, 3903
0.6798, 3902
0.6802, 3901
0.6805, 3900
0.6809, 3899
0.6812, 3898
0.6816, 3897
0.6819, 3896
0.6823, 3895
0.6826, 3894
0.6830, 3893
0.6833, 3892
0.6836, 3891
0.6840, 3890
0.6843, 3889
0.6847, 3888
0.6850, 3887
0.6854, 3886
0.6858, 3885
0.6861, 3884
0.6865, 3883
0.6868, 3882
0.6872, 3881
0.6875, 3880
0.6879, 3879
0.6882, 3878
0.6886, 3877
0.6889, 3876
0.6892, 3875
0.6895, 3874
0.6899, 3873
0.6902, 3872
0.6905, 3871
0.6909, 3870
0.6912, 3869
0.6915, 3868
0.6919, 3867
0.6922, 3866
0.6926, 3865
0.6929, 3864
0.6933, 3863
0.6936, 3862
0.6939, 3861
0.6943, 3860
0.6946, 3859
0.6950, 3858
0.6953, 3857
0.6956, 3856
0.6959, 3855
0.6963, 3854
0.6966, 3853
0.6969, 3852
0.6973, 3851
0.6976, 3850
0.6980, 3849
0.6983, 3848
0.6986, 3847
0.6989, 3846
0.6993, 3845
0.6996, 3844
0.6999, 3843
0.7003, 3842
0.7006, 3841
0.7009, 3840
0.7013, 3839
0.7016, 3838
0.7020, 3837
0.7023, 3836
0.7027, 3835
0.7030, 3834
0.7034, 3833
0.7037, 3832
0.7040, 3831
0.7044, 3830
0.7047, 3829
0.7050, 3828
0.7054, 3827
0.7057, 3826
0.7061, 3825
0.7065, 3824
0.7068, 3823
0.7071, 3822
0.7075, 3821
0.7078, 3820
0.7082, 3819
0.7085, 3818
0.7089, 3817
0.7092, 3816
0.7095, 3815
0.7099, 3814
0.7102, 3813
0.7105, 3812
0.7109, 3811
0.7112, 3810
0.7115, 3809
0.7119, 3808
0.7122, 3807
0.7125, 3806
0.7129, 3805
0.7132, 3804
0.7136, 3803
0.7139, 3802
0.7143, 3801
0.7146, 3800
0.7150, 3799
0.7153, 3798
0.7157, 3797
0.7160, 3796
0.7164, 3795
0.7167, 3794
0.7171, 3793
0.7174, 3792
0.7178, 3791
0.7182, 3790
0.7185, 3789
0.7189, 3788
0.7193, 3787
0.7196, 3786
0.7200, 3785
0.7203, 3784
0.7207, 3783
0.7210, 3782
0.7214, 3781
0.7217, 3780
0.7221, 3779
0.7224, 3778
0.7228, 3777
0.7231, 3776
0.7235, 3775
0.7238, 3774
0.7242, 3773
0.7245, 3772
0.7249, 3771
0.7253, 3770
0.7256, 3769
0.7260, 3768
0.7263, 3767
0.7266, 3766
0.7270, 3765
0.7273, 3764
0.7277, 3763
0.7280, 3762
0.7284, 3761
0.7287, 3760
0.7291, 3759
0.7294, 3758
0.7297, 3757
0.7301, 3756
0.7304, 3755
0.7308, 3754
0.7311, 3753
0.7314, 3752
0.7318, 3751
0.7321, 3750
0.7325, 3749
0.7328, 3748
0.7332, 3747
0.7335, 3746
0.7339, 3745
0.7342, 3744
0.7346, 3743
0.7350, 3742
0.7353, 3741
0.7357, 3740
0.7360, 3739
0.7364, 3738
0.7367, 3737
0.7371, 3736
0.7374, 3735
0.7378, 3734
0.7381, 3733
0.7384, 3732
0.7388, 3731
0.7392, 3730
0.7395, 3729
0.7398, 3728
0.7402, 3727
0.7405, 3726
0.7408, 3725
0.7411, 3724
0.7415, 3723
0.7418, 3722
0.7421, 3721
0.7425, 3720
0.7428, 3719
0.7431, 3718
0.7435, 3717
0.7439, 3716
0.7442, 3715
0.7445, 3714
0.7449, 3713
0.7452, 3712
0.7456, 3711
0.7459, 3710
0.7463, 3709
0.7466, 3708
0.7469, 3707
0.7473, 3706
0.7476, 3705
0.7479, 3704
0.7483, 3703
0.7486, 3702
0.7490, 3701
0.7493, 3700
0.7497, 3699
0.7500, 3698
0.7503, 3697
0.7507, 3696
0.7510, 3695
0.7514, 3694
0.7518, 3693
0.7521, 3692
0.7525, 3691
0.7528, 3690
0.7531, 3689
0.7535, 3688
0.7538, 3687
0.7541, 3686
0.7544, 3685
0.7548, 3684
0.7551, 3683
0.7555, 3682
0.7558, 3681
0.7561, 3680
0.7564, 3679
0.7568, 3678
0.7571, 3677
0.7574, 3676
0.7577, 3675
0.7581, 3674
0.7584, 3673
0.7587, 3672
0.7591, 3671
0.7594, 3670
0.7597, 3669
0.7600, 3668
0.7603, 3667
0.7607, 3666
0.7610, 3665
0.7613, 3664
0.7616, 3663
0.7620, 3662
0.7623, 3661
0.7626, 3660
0.7629, 3659
0.7633, 3658
0.7636, 3657
0.7639, 3656
0.7642, 3655
0.7646, 3654
0.7649, 3653
0.7652, 3652
0.7655, 3651
0.7658, 3650
0.7662, 3649
0.7665, 3648
0.7669, 3647
0.7672, 3646
0.7676, 3645
0.7679, 3644
0.7682, 3643
0.7686, 3642
0.7690, 3641
0.7693, 3640
0.7696, 3639
0.7700, 3638
0.7703, 3637
0.7707, 3636
0.7710, 3635
0.7714, 3634
0.7717, 3633
0.7721, 3632
0.7724, 3631
0.7728, 3630
0.7731, 3629
0.7734, 3628
0.7738, 3627
0.7741, 3626
0.7744, 3625
0.7747, 3624
0.7751, 3623
0.7754, 3622
0.7757, 3621
0.7760, 3620
0.7763, 3619
0.7767, 3618
0.7770, 3617
0.7773, 3616
0.7776, 3615
0.7780, 3614
0.7783, 3613
0.7786, 3612
0.7790, 3611
0.7793, 3610
0.7797, 3609
0.7800, 3608
0.7803, 3607
0.7806, 3606
0.7810, 3605
0.7813, 3604
0.7817, 3603
0.7820, 3602
0.7823, 3601
0.7827, 3600
0.7830, 3599
0.7833, 3598
0.7836, 3597
0.7840, 3596
0.7843, 3595
0.7847, 3594
0.7850, 3593
0.7854, 3592
0.7857, 3591
0.7860, 3590
0.7863, 3589
0.7867, 3588
0.7870, 3587
0.7873, 3586
0.7876, 3585
0.7879, 3584
0.7883, 3583
0.7886, 3582
0.7889, 3581
0.7892, 3580
0.7896, 3579
0.7899, 3578
0.7903, 3577
0.7906, 3576
0.7909, 3575
0.7913, 3574
0.7916, 3573
0.7919, 3572
0.7922, 3571
0.7926, 3570
0.7929, 3569
0.7932, 3568
0.7935, 3567
0.7939, 3566
0.7942, 3565
0.7945, 3564
0.7948, 3563
0.7951, 3562
0.7954, 3561
0.7958, 3560
0.7961, 3559
0.7965, 3558
0.7968, 3557
0.7971, 3556
0.7974, 3555
0.7977, 3554
0.7981, 3553
0.7984, 3552
0.7987, 3551
0.7990, 3550
0.7993, 3549
0.7997, 3548
0.8000, 3547
0.8003, 3546
0.8006, 3545
0.8009, 3544
0.8013, 3543
0.8016, 3542
0.8020, 3541
0.8024, 3540
0.8028, 3539
0.8032, 3538
0.8035, 3537
0.8038, 3536
0.8041, 3535
0.8045, 3534
0.8048, 3533
0.8051, 3532
0.8055, 3531
0.8058, 3530
0.8061, 3529
0.8064, 3528
0.8067, 3527
0.8071, 3526
0.8075, 3525
0.8078, 3524
0.8081, 3523
0.8085, 3522
0.8088, 3521
0.8091, 3520
0.8094, 3519
0.8098, 3518
0.8101, 3517
0.8104, 3516
0.8108, 3515
0.8111, 3514
0.8114, 3513
0.8118, 3512
0.8121, 3511
0.8124, 3510
0.8128, 3509
0.8131, 3508
0.8134, 3507
0.8137, 3506
0.8141, 3505
0.8144, 3504
0.8147, 3503
0.8150, 3502
0.8154, 3501
0.8157, 3500
0.8160, 3499
0.8163, 3498
0.8167, 3497
0.8170, 3496
0.8173, 3495
0.8176, 3494
0.8180, 3493
0.8183, 3492
0.8186, 3491
0.8190, 3490
0.8193, 3489
0.8196, 3488
0.8200, 3487
0.8203, 3486
0.8206, 3485
0.8209, 3484
0.8212, 3483
0.8215, 3482
0.8219, 3481
0.8222, 3480
0.8225, 3479
0.8228, 3478
0.8232, 3477
0.8235, 3476
0.8238, 3475
0.8241, 3474
0.8244, 3473
0.8247, 3472
0.8250, 3471
0.8254, 3470
0.8257, 3469
0.8260, 3468
0.8264, 3467
0.8267, 3466
0.8270, 3465
0.8273, 3464
0.8277, 3463
0.8280, 3462
0.8283, 3461
0.8286, 3460
0.8289, 3459
0.8292, 3458
0.8295, 3457
0.8298, 3456
0.8302, 3455
0.8305, 3454
0.8308, 3453
0.8311, 3452
0.8314, 3451
0.8317, 3450
0.8320, 3449
0.8324, 3448
0.8327, 3447
0.8330, 3446
0.8333, 3445
0.8337, 3444
0.8340, 3443
0.8343, 3442
0.8347, 3441
0.8350, 3440
0.8353, 3439
0.8356, 3438
0.8360, 3437
0.8363, 3436
0.8366, 3435
0.8369, 3434
0.8373, 3433
0.8376, 3432
0.8379, 3431
0.8382, 3430
0.8385, 3429
0.8388, 3428
0.8391, 3427
0.8395, 3426
0.8398, 3425
0.8401, 3424
0.8404, 3423
0.8407, 3422
0.8410, 3421
0.8414, 3420
0.8417, 3419
0.8420, 3418
0.8424, 3417
0.8427, 3416
0.8430, 3415
0.8434, 3414
0.8437, 3413
0.8440, 3412
0.8443, 3411
0.8446, 3410
0.8449, 3409
0.8452, 3408
0.8455, 3407
0.8458, 3406
0.8462, 3405
0.8465, 3404
0.8468, 3403
0.8471, 3402
0.8474, 3401
0.8477, 3400
0.8480, 3399
0.8483, 3398
0.8486, 3397
0.8490, 3396
0.8493, 3395
0.8496, 3394
0.8499, 3393
0.8502, 3392
0.8505, 3391
0.8508, 3390
0.8512, 3389
0.8515, 3388
0.8518, 3387
0.8521, 3386
0.8524, 3385
0.8527, 3384
0.8531, 3383
0.8534, 3382
0.8537, 3381
0.8540, 3380
0.8544, 3379
0.8547, 3378
0.8550, 3377
0.8554, 3376
0.8557, 3375
0.8560, 3374
0.8563, 3373
0.8566, 3372
0.8569, 3371
0.8572, 3370
0.8575, 3369
0.8579, 3368
0.8582, 3367
0.8585, 3366
0.8588, 3365
0.8591, 3364
0.8594, 3363
0.8597, 3362
0.8600, 3361
0.8603, 3360
0.8606, 3359
0.8609, 3358
0.8612, 3357
0.8615, 3356
0.8618, 3355
0.8621, 3354
0.8624, 3353
0.8627, 3352
0.8630, 3351
0.8633, 3350
0.8636, 3349
0.8640, 3348
0.8643, 3347
0.8646, 3346
0.8649, 3345
0.8653, 3344
0.8656, 3343
0.8659, 3342
0.8662, 3341
0.8666, 3340
0.8669, 3339
0.8672, 3338
0.8675, 3337
0.8679, 3336
0.8682, 3335
0.8685, 3334
0.8688, 3333
0.8691, 3332
0.8694, 3331
0.8697, 3330
0.8701, 3329
0.8704, 3328
0.8707, 3327
0.8710, 3326
0.8713, 3325
0.8717, 3324
0.8720, 3323
0.8723, 3322
0.8726, 3321
0.8729, 3320
0.8732, 3319
0.8736, 3318
0.8739, 3317
0.8742, 3316
0.8745, 3315
0.8748, 3314
0.8751, 3313
0.8754, 3312
0.8757, 3311
0.8760, 3310
0.8764, 3309
0.8767, 3308
0.8770, 3307
0.8773, 3306
0.8776, 3305
0.8779, 3304
0.8783, 3303
0.8786, 3302
0.8789, 3301
0.8793, 3300
0.8796, 3299
0.8799, 3298
0.8803, 3297
0.8806, 3296
0.8809, 3295
0.8812, 3294
0.8815, 3293
0.8818, 3292
0.8821, 3291
0.8824, 3290
0.8827, 3289
0.8830, 3288
0.8834, 3287
0.8837, 3286
0.8840, 3285
0.8844, 3284
0.8847, 3283
0.8865, 3282
0.8869, 3281
0.8872, 3280
0.8876, 3279
0.8879, 3278
0.8883, 3277
0.8886, 3276
0.8889, 3275
0.8893, 3274
0.8896, 3273
0.8899, 3272
0.8903, 3271
0.8906, 3270
0.8909, 3269
0.8912, 3268
0.8916, 3267
0.8919, 3266
0.8922, 3265
0.8926, 3264
0.8929, 3263
0.8932, 3262
0.8936, 3261
0.8939, 3260
0.8942, 3259
0.8946, 3258
0.8949, 3257
0.8952, 3256
0.8955, 3255
0.8958, 3254
0.8961, 3253
0.8964, 3252
0.8967, 3251
0.8971, 3250
0.8974, 3249
0.8977, 3248
0.8980, 3247
0.8983, 3246
0.8986, 3245
0.8989, 3244
0.8992, 3243
0.8995, 3242
0.8998, 3241
0.9002, 3240
0.9005, 3239
0.9008, 3238
0.9011, 3237
0.9014, 3236
0.9017, 3235
0.9021, 3234
0.9024, 3233
0.9028, 3232
0.9031, 3231
0.9034, 3230
0.9037, 3229
0.9040, 3228
0.9043, 3227
0.9046, 3226
0.9049, 3225
0.9052, 3224
0.9055, 3223
0.9059, 3222
0.9062, 3221
0.9065, 3220
0.9068, 3219
0.9071, 3218
0.9075, 3217
0.9078, 3216
0.9082, 3215
0.9085, 3214
0.9088, 3213
0.9090, 3212
0.9093, 3211
0.9097, 3210
0.9100, 3209
0.9103, 3208
0.9106, 3207
0.9109, 3206
0.9112, 3205
0.9115, 3204
0.9118, 3203
0.9121, 3202
0.9124, 3201
0.9128, 3200
0.9131, 3199
0.9135, 3198
0.9138, 3197
0.9142, 3196
0.9145, 3195
0.9148, 3194
0.9151, 3193
0.9154, 3192
0.9157, 3191
0.9161, 3190
0.9164, 3189
0.9166, 3188
0.9169, 3187
0.9172, 3186
0.9176, 3185
0.9179, 3184
0.9182, 3183
0.9186, 3182
0.9189, 3181
0.9192, 3180
0.9195, 3179
0.9199, 3178
0.9202, 3177
0.9205, 3176
0.9208, 3175
0.9213, 3174
0.9216, 3173
0.9219, 3172
0.9222, 3171
0.9225, 3170
0.9228, 3169
0.9232, 3168
0.9235, 3167
0.9238, 3166
0.9241, 3165
0.9244, 3164
0.9247, 3163
0.9250, 3162
0.9253, 3161
0.9256, 3160
0.9259, 3159
0.9262, 3158
0.9265, 3157
0.9268, 3156
0.9271, 3155
0.9274, 3154
0.9277, 3153
0.9280, 3152
0.9283, 3151
0.9286, 3150
0.9289, 3149
0.9291, 3148
0.9294, 3147
0.9297, 3146
0.9301, 3145
0.9304, 3144
0.9308, 3143
0.9310, 3142
0.9314, 3141
0.9317, 3140
0.9321, 3139
0.9324, 3138
0.9327, 3137
0.9330, 3136
0.9333, 3135
0.9336, 3134
0.9340, 3133
0.9343, 3132
0.9346, 3131
0.9349, 3130
0.9352, 3129
0.9356, 3128
0.9359, 3127
0.9362, 3126
0.9365, 3125
0.9368, 3124
0.9371, 3123
0.9374, 3122
0.9377, 3121
0.9380, 3120
0.9383, 3119
0.9386, 3118
0.9389, 3117
0.9392, 3116
0.9395, 3115
0.9398, 3114
0.9401, 3113
0.9404, 3112
0.9406, 3111
0.9409, 3110
0.9413, 3109
0.9416, 3108
0.9419, 3107
0.9422, 3106
0.9425, 3105
0.9428, 3104
0.9431, 3103
0.9434, 3102
0.9437, 3101
0.9440, 3100
0.9443, 3099
0.9445, 3098
0.9448, 3097
0.9451, 3096
0.9454, 3095
0.9457, 3094
0.9460, 3093
0.9463, 3092
0.9466, 3091
0.9469, 3090
0.9472, 3089
0.9475, 3088
0.9478, 3087
0.9480, 3086
0.9483, 3085
0.9486, 3084
0.9489, 3083
0.9492, 3082
0.9495, 3081
0.9498, 3080
0.9501, 3079
0.9505, 3078
0.9508, 3077
0.9511, 3076
0.9514, 3075
0.9517, 3074
0.9520, 3073
0.9523, 3072
0.9526, 3071
0.9529, 3070
0.9532, 3069
0.9535, 3068
0.9538, 3067
0.9540, 3066
0.9543, 3065
0.9546, 3064
0.9549, 3063
0.9552, 3062
0.9554, 3061
0.9557, 3060
0.9560, 3059
0.9563, 3058
0.9566, 3057
0.9569, 3056
0.9572, 3055
0.9575, 3054
0.9578, 3053
0.9581, 3052
0.9584, 3051
0.9586, 3050
0.9590, 3049
0.9593, 3048
0.9596, 3047
0.9599, 3046
0.9602, 3045
0.9604, 3044
0.9607, 3043
0.9610, 3042
0.9613, 3041
0.9616, 3040
0.9618, 3039
0.9621, 3038
0.9624, 3037
0.9627, 3036
0.9630, 3035
0.9633, 3034
0.9636, 3033
0.9639, 3032
0.9642, 3031
0.9645, 3030
0.9648, 3029
0.9650, 3028
0.9653, 3027
0.9656, 3026
0.9659, 3025
0.9662, 3024
0.9664, 3023
0.9667, 3022
0.9670, 3021
0.9673, 3020
0.9676, 3019
0.9679, 3018
0.9682, 3017
0.9685, 3016
0.9688, 3015
0.9691, 3014
0.9694, 3013
0.9697, 3012
0.9701, 3011
0.9704, 3010
0.9707, 3009
0.9709, 3008
0.9712, 3007
0.9715, 3006
0.9718, 3005
0.9721, 3004
0.9724, 3003
0.9727, 3002
0.9730, 3001
0.9732, 3000
0.9735, 2999
0.9738, 2998
0.9741, 2997
0.9743, 2996
0.9746, 2995
0.9749, 2994
0.9752, 2993
0.9754, 2992
0.9757, 2991
0.9760, 2990
0.9763, 2989
0.9765, 2988
0.9768, 2987
0.9771, 2986
0.9774, 2985
0.9777, 2984
0.9779, 2983
0.9782, 2982
0.9785, 2981
0.9788, 2980
0.9791, 2979
0.9794, 2978
0.9797, 2977
0.9800, 2976
0.9803, 2975
0.9806, 2974
0.9809, 2973
0.9812, 2972
0.9815, 2971
0.9818, 2970
0.9821, 2969
0.9824, 2968
0.9827, 2967
0.9829, 2966
0.9832, 2965
0.9835, 2964
0.9838, 2963
0.9841, 2962
0.9844, 2961
0.9847, 2960
0.9850, 2959
0.9854, 2958
0.9857, 2957
0.9859, 2956
0.9862, 2955
0.9866, 2954
0.9868, 2953
0.9872, 2952
0.9875, 2951
0.9878, 2950
0.9880, 2949
0.9884, 2948
0.9887, 2947
0.9889, 2946
0.9892, 2945
0.9895, 2944
0.9897, 2943
0.9900, 2942
0.9903, 2941
0.9906, 2940
0.9909, 2939
0.9912, 2938
0.9915, 2937
0.9918, 2936
0.9921, 2935
0.9923, 2934
0.9926, 2933
0.9929, 2932
0.9932, 2931
0.9935, 2930
0.9938, 2929
0.9942, 2928
0.9945, 2927
0.9948, 2926
0.9951, 2925
0.9954, 2924
0.9957, 2923
0.9960, 2922
0.9962, 2921
0.9965, 2920
0.9969, 2919
0.9972, 2918
0.9975, 2917
0.9979, 2916
0.9982, 2915
0.9985, 2914
0.9988, 2913
0.9991, 2912
0.9994, 2911
0.9997, 2910
1.0000, 2909
1.0003, 2908
1.0006, 2907
1.0009, 2906
1.0012, 2905
1.0015, 2904
1.0018, 2903
1.0021, 2902
1.0024, 2901
1.0027, 2900
1.0030, 2899
1.0033, 2898
1.0036, 2897
1.0039, 2896
1.0042, 2895
1.0045, 2894
1.0048, 2893
1.0051, 2892
1.0055, 2891
1.0058, 2890
1.0061, 2889
1.0064, 2888
1.0067, 2887
1.0070, 2886
1.0073, 2885
1.0076, 2884
1.0079, 2883
1.0082, 2882
1.0085, 2881
1.0088, 2880
1.0091, 2879
1.0094, 2878
1.0097, 2877
1.0100, 2876
1.0103, 2875
1.0105, 2874
1.0109, 2873
1.0112, 2872
1.0114, 2871
1.0117, 2870
1.0120, 2869
1.0123, 2868
1.0126, 2867
1.0129, 2866
1.0132, 2865
1.0135, 2864
1.0138, 2863
1.0140, 2862
1.0143, 2861
1.0146, 2860
1.0149, 2859
1.0152, 2858
1.0154, 2857
1.0157, 2856
1.0160, 2855
1.0162, 2854
1.0165, 2853
1.0168, 2852
1.0171, 2851
1.0173, 2850
1.0176, 2849
1.0179, 2848
1.0182, 2847
1.0185, 2846
1.0188, 2845
1.0227, 2844
1.0230, 2843
1.0233, 2842
1.0236, 2841
1.0239, 2840
1.0241, 2839
1.0244, 2838
1.0247, 2837
1.0250, 2836
1.0253, 2835
1.0256, 2834
1.0259, 2833
1.0262, 2832
1.0265, 2831
1.0268, 2830
1.0271, 2829
1.0274, 2828
1.0277, 2827
1.0280, 2826
1.0282, 2825
1.0285, 2824
1.0288, 2823
1.0290, 2822
1.0293, 2821
1.0296, 2820
1.0299, 2819
1.0302, 2818
1.0304, 2817
1.0307, 2816
1.0310, 2815
1.0313, 2814
1.0316, 2813
1.0319, 2812
1.0321, 2811
1.0324, 2810
1.0327, 2809
1.0330, 2808
1.0333, 2807
1.0336, 2806
1.0339, 2805
1.0341, 2804
1.0344, 2803
1.0347, 2802
1.0350, 2801
1.0353, 2800
1.0356, 2799
1.0359, 2798
1.0362, 2797
1.0365, 2796
1.0368, 2795
1.0372, 2794
1.0374, 2793
1.0377, 2792
1.0380, 2791
1.0382, 2790
1.0385, 2789
1.0388, 2788
1.0391, 2787
1.0394, 2786
1.0397, 2785
1.0399, 2784
1.0402, 2783
1.0405, 2782
1.0407, 2781
1.0410, 2780
1.0413, 2779
1.0415, 2778
1.0418, 2777
1.0421, 2776
1.0424, 2775
1.0426, 2774
1.0429, 2773
1.0432, 2772
1.0434, 2771
1.0437, 2770
1.0440, 2769
1.0443, 2768
1.0445, 2767
1.0448, 2766
1.0450, 2765
1.0454, 2764
1.0457, 2763
1.0459, 2762
1.0462, 2761
1.0465, 2760
1.0467, 2759
1.0470, 2758
1.0473, 2757
1.0476, 2756
1.0478, 2755
1.0481, 2754
1.0484, 2753
1.0487, 2752
1.0490, 2751
1.0492, 2750
1.0495, 2749
1.0498, 2748
1.0501, 2747
1.0503, 2746
1.0506, 2745
1.0509, 2744
1.0512, 2743
1.0514, 2742
1.0517, 2741
1.0520, 2740
1.0524, 2739
1.0527, 2738
1.0530, 2737
1.0533, 2736
1.0536, 2735
1.0539, 2734
1.0542, 2733
1.0545, 2732
1.0548, 2731
1.0551, 2730
1.0553, 2729
1.0556, 2728
1.0559, 2727
1.0562, 2726
1.0565, 2725
1.0568, 2724
1.0571, 2723
1.0574, 2722
1.0576, 2721
1.0579, 2720
1.0582, 2719
1.0585, 2718
1.0587, 2717
1.0590, 2716
1.0593, 2715
1.0596, 2714
1.0599, 2713
1.0601, 2712
1.0604, 2711
1.0607, 2710
1.0610, 2709
1.0612, 2708
1.0615, 2707
1.0617, 2706
1.0620, 2705
1.0623, 2704
1.0626, 2703
1.0628, 2702
1.0631, 2701
1.0634, 2700
1.0636, 2699
1.0639, 2698
1.0642, 2697
1.0644, 2696
1.0647, 2695
1.0650, 2694
1.0652, 2693
1.0655, 2692
1.0658, 2691
1.0661, 2690
1.0663, 2689
1.0666, 2688
1.0669, 2687
1.0672, 2686
1.0674, 2685
1.0677, 2684
1.0680, 2683
1.0682, 2682
1.0685, 2681
1.0688, 2680
1.0691, 2679
1.0694, 2678
1.0697, 2677
1.0699, 2676
1.0702, 2675
1.0705, 2674
1.0708, 2673
1.0711, 2672
1.0714, 2671
1.0717, 2670
1.0720, 2669
1.0724, 2668
1.0726, 2667
1.0729, 2666
1.0731, 2665
1.0734, 2664
1.0737, 2663
1.0740, 2662
1.0742, 2661
1.0745, 2660
1.0748, 2659
1.0750, 2658
1.0753, 2657
1.0756, 2656
1.0758, 2655
1.0761, 2654
1.0764, 2653
1.0767, 2652
1.0769, 2651
1.0772, 2650
1.0774, 2649
1.0777, 2648
1.0780, 2647
1.0782, 2646
1.0785, 2645
1.0787, 2644
1.0790, 2643
1.0792, 2642
1.0795, 2641
1.0797, 2640
1.0800, 2639
1.0802, 2638
1.0805, 2637
1.0807, 2636
1.0810, 2635
1.0812, 2634
1.0815, 2633
1.0817, 2632
1.0820, 2631
1.0822, 2630
1.0825, 2629
1.0827, 2628
1.0830, 2627
1.0833, 2626
1.0835, 2625
1.0838, 2624
1.0841, 2623
1.0844, 2622
1.0846, 2621
1.0849, 2620
1.0851, 2619
1.0854, 2618
1.0856, 2617
1.0859, 2616
1.0862, 2615
1.0865, 2614
1.0867, 2613
1.0870, 2612
1.0872, 2611
1.0875, 2610
1.0878, 2609
1.0881, 2608
1.0883, 2607
1.0886, 2606
1.0888, 2605
1.0891, 2604
1.0893, 2603
1.0896, 2602
1.0899, 2601
1.0902, 2600
1.0904, 2599
1.0907, 2598
1.0909, 2597
1.0912, 2596
1.0915, 2595
1.0917, 2594
1.0920, 2593
1.0922, 2592
1.0925, 2591
1.0928, 2590
1.0930, 2589
1.0933, 2588
1.0936, 2587
1.0939, 2586
1.0941, 2585
1.0944, 2584
1.0947, 2583
1.0949, 2582
1.0952, 2581
1.0954, 2580
1.0957, 2579
1.0959, 2578
1.0962, 2577
1.0965, 2576
1.0968, 2575
1.0971, 2574
1.0973, 2573
1.0976, 2572
1.0979, 2571
1.0981, 2570
1.0984, 2569
1.0987, 2568
1.0990, 2567
1.0992, 2566
1.0995, 2565
1.0998, 2564
1.1002, 2563
1.1004, 2562
1.1094, 2561
1.1096, 2560
1.1182, 2559
1.1290, 2558
1.1292, 2557
1.1379, 2556
1.1381, 2555
1.1573, 2554
1.1678, 2553
1.1742, 2552
1.2034, 2551
1.2036, 2550
1.2080, 2549
1.2187, 2548
1.2272, 2547
1.2274, 2546
1.2318, 2545
1.2507, 2544
1.2575, 2543
1.2680, 2542
1.2744, 2541
1.2746, 2540
1.2769, 2539
1.2771, 2538
1.2774, 2537
1.2838, 2536
1.2881, 2535
1.2884, 2534
1.3125, 2533
1.3213, 2532
1.3299, 2531
1.3302, 2530
1.3369, 2529
1.3498, 2528
1.3564, 2527
1.3671, 2526
1.3780, 2525
1.3804, 2524
1.3806, 2523
1.3874, 2522
1.3961, 2521
1.3963, 2520
1.4029, 2519
1.4074, 2518
1.4077, 2517
1.4142, 2516
1.4144, 2515
1.4212, 2514
1.4214, 2513
1.4216, 2512
1.4219, 2511
1.4284, 2510
1.4328, 2509
1.5052, 2508
1.5217, 2507
1.5219, 2506
1.5430, 2505
1.5619, 2504
1.5687, 2503
1.5835, 2502
1.5837, 2501
1.5965, 2500
1.6135, 2499
1.6179, 2498
1.6410, 2497
1.6579, 2496
1.6623, 2495
1.6774, 2494
1.6776, 2493
1.6778, 2492
1.6823, 2491
1.6947, 2490
1.6991, 2489
1.6993, 2488
1.7057, 2487
1.7122, 2486
1.7124, 2485
1.7126, 2484
1.7129, 2483
1.7152, 2482
1.7217, 2481
1.7219, 2480
1.7242, 2479
1.7368, 2478
1.7370, 2477
1.7394, 2476
1.7658, 2475
1.7751, 2474
1.7959, 2473
1.7963, 2472
1.8050, 2471
1.8108, 2470
1.8165, 2469
1.8167, 2468
1.8170, 2467
1.8173, 2466
1.8433, 2465
1.8569, 2464
1.8571, 2463
1.8618, 2462
1.8621, 2461
1.8623, 2460
1.8795, 2459
1.8966, 2458
1.9032, 2457
1.9203, 2456
1.9206, 2455
1.9313, 2454
1.9316, 2453
1.9318, 2452
1.9385, 2451
1.9429, 2450
1.9431, 2449
1.9665, 2448
1.9730, 2447
1.9858, 2446
1.9860, 2445
1.9987, 2444
2.0137, 2443
2.0306, 2442
2.0371, 2441
2.0498, 2440
2.0562, 2439
2.0813, 2438
2.1002, 2437
2.1109, 2436
2.1112, 2435
2.1346, 2434
2.1410, 2433
2.1516, 2432
2.1560, 2431
2.1852, 2430
2.1917, 2429
2.2087, 2428
2.2151, 2427
2.2175, 2426
2.2578, 2425
2.2581, 2424
2.2877, 2423
2.3005, 2422
2.3050, 2421
2.3052, 2420
2.3201, 2419
2.3203, 2418
2.3288, 2417
2.3565, 2416
2.3693, 2415
2.3758, 2414
2.3926, 2413
2.4012, 2412
2.4139, 2411
2.4224, 2410
2.4267, 2409
2.4415, 2408
2.4417, 2407
2.4419, 2406
2.4442, 2405
2.4444, 2404
2.4529, 2403
2.4532, 2402
2.4657, 2401
2.4660, 2400
2.4662, 2399
2.4664, 2398
2.4874, 2397
2.4959, 2396
2.5003, 2395
2.5068, 2394
2.5070, 2393
2.5072, 2392
2.5177, 2391
2.5221, 2390
2.5223, 2389
2.5266, 2388
2.5268, 2387
2.5357, 2386
2.5569, 2385
2.5613, 2384
2.5615, 2383
2.5617, 2382
2.5620, 2381
2.5622, 2380
2.5624, 2379
2.5688, 2378
2.5691, 2377
2.5776, 2376
2.5779, 2375
2.5781, 2374
2.5825, 2373
2.5827, 2372
2.5892, 2371
2.5935, 2370
2.5937, 2369
2.6086, 2368
2.6088, 2367
2.6090, 2366
2.6156, 2365
2.6158, 2364
2.6244, 2363
2.6289, 2362
2.6291, 2361
2.6293, 2360
2.6379, 2359
2.6382, 2358
2.6384, 2357
2.6386, 2356
2.6389, 2355
2.6391, 2354
2.6600, 2353
2.6603, 2352
2.6647, 2351
2.6649, 2350
2.6758, 2349
2.6761, 2348
2.6763, 2347
2.6765, 2346
2.6767, 2345
2.6811, 2344
2.7022, 2343
2.7024, 2342
2.7151, 2341
2.7153, 2340
2.7177, 2339
2.7344, 2338
2.7347, 2337
2.7412, 2336
2.7455, 2335
2.7457, 2334
2.7460, 2333
2.7586, 2332
2.7693, 2331
2.7716, 2330
2.7718, 2329
2.7911, 2328
2.7934, 2327
2.7937, 2326
2.7981, 2325
2.8195, 2324
2.8407, 2323
2.8409, 2322
2.8411, 2321
2.8496, 2320
2.8498, 2319
2.8667, 2318
2.8669, 2317
2.9345, 2316
2.9884, 2315
2.9991, 2314
3.0014, 2313
3.0057, 2312
3.0060, 2311
3.0103, 2310
3.0105, 2309
3.0128, 2308
3.0192, 2307
3.0194, 2306
3.0341, 2305
3.0385, 2304
3.0450, 2303
3.0452, 2302
3.0495, 2301
3.0498, 2300
3.0645, 2299
3.0647, 2298
3.0753, 2297
3.0756, 2296
3.0779, 2295
3.0885, 2294
3.0928, 2293
3.0930, 2292
3.0994, 2291
3.0996, 2290
3.1039, 2289
3.1042, 2288
3.1125, 2287
3.1168, 2286
3.1293, 2285
3.1378, 2284
3.1443, 2283
3.1445, 2282
3.1511, 2281
3.1577, 2280
3.1601, 2279
3.1603, 2278
3.1752, 2277
3.1880, 2276
3.1967, 2275
3.2224, 2274
3.2268, 2273
3.2333, 2272
3.2689, 2271
3.2754, 2270
3.2756, 2269
3.2758, 2268
3.2760, 2267
3.2804, 2266
3.2806, 2265
3.2871, 2264
3.2936, 2263
3.2938, 2262
3.2941, 2261
3.2943, 2260
3.2945, 2259
3.3071, 2258
3.3176, 2257
3.3240, 2256
3.3284, 2255
3.3370, 2254
3.3578, 2253
3.3643, 2252
3.3769, 2251
3.3772, 2250
3.3857, 2249
3.4066, 2248
3.4108, 2247
3.4172, 2246
3.4240, 2245
3.4243, 2244
3.4412, 2243
3.4475, 2242
3.4519, 2241
3.4625, 2240
3.4668, 2239
3.4833, 2238
3.4836, 2237
3.4920, 2236
3.5107, 2235
3.5130, 2234
3.5214, 2233
3.5216, 2232
3.5404, 2231
3.5570, 2230
3.5572, 2229
3.5635, 2228
3.5740, 2227
3.5990, 2226
3.6097, 2225
3.6364, 2224
3.7292, 2223
3.7707, 2222
3.7979, 2221
3.8148, 2220
3.8150, 2219
3.8255, 2218
3.8958, 2217
4.1697, 2216
4.2110, 2215
4.2134, 2214
4.3148, 2213
4.5075, 2212
4.7519, 2211
