0.0405, 2281
0.0796, 2280
0.1174, 2279
0.1463, 2277
0.1527, 2276
0.1561, 2273
0.1785, 2272
0.2066, 2270
0.2553, 2269
0.2866, 2268
0.2928, 2266
0.3207, 2265
0.3911, 2264
0.4903, 2263
0.5422, 2262
0.6188, 2261
0.6864, 2259
0.7507, 2257
0.7695, 2255
0.8005, 2252
0.8528, 2251
0.8559, 2250
0.9085, 2249
0.9146, 2248
1.0501, 2247
1.1681, 2246
1.1870, 2245
1.2485, 2244
1.3468, 2243
1.3590, 2242
1.3775, 2241
1.4147, 2240
1.6128, 2239
1.6836, 2238
1.7057, 2237
1.9656, 2236
1.9721, 2235
2.0218, 2232
2.0525, 2231
2.1113, 2230
2.2071, 2229
2.2287, 2228
2.3520, 2227
2.4388, 2226
2.4757, 2225
3.0699, 2224
3.1384, 2223
