0.1091, 4688
0.1383, 4687
0.1487, 4683
0.1797, 4679
0.2097, 4678
0.2202, 4676
0.2305, 4674
0.2610, 4673
0.4823, 4672
0.5233, 4667
0.5442, 4665
0.5747, 4664
0.6657, 4662
0.6765, 4658
0.6872, 4656
0.8387, 4654
0.8901, 4653
1.0321, 4652
1.0635, 4650
1.1937, 4649
1.2443, 4647
1.2549, 4646
1.4333, 4642
1.4693, 4641
1.4997, 4639
1.5502, 4638
1.5608, 4636
1.6014, 4635
1.6323, 4634
1.6427, 4633
1.6835, 4632
1.7042, 4631
1.7144, 4630
1.8770, 4629
2.0999, 4628
2.1306, 4625
2.1825, 4624
2.2240, 4623
2.3253, 4622
2.3763, 4621
2.5087, 4620
2.5193, 4618
2.5299, 4616
2.5711, 4615
2.6227, 4614
2.6330, 4613
2.6848, 4612
2.7456, 4611
2.8029, 4609
2.8292, 4608
3.0116, 4607
3.0224, 4606
3.0582, 4603
3.3279, 4602
3.7177, 4601
3.7492, 4600
4.1436, 4599
4.2392, 4598
4.5793, 4597
4.6712, 4596
4.8462, 4595
4.8872, 4594
5.0509, 4593
5.2747, 4592
5.5596, 4591
5.6409, 4590
5.6726, 4589
5.7132, 4587
5.7739, 4586
5.7844, 4584
5.8308, 4583
6.0091, 4582
6.1315, 4581
6.2124, 4580
6.2534, 4579
6.2946, 4578
6.4382, 4577
6.4925, 4576
6.7370, 4575
7.2392, 4574
7.3510, 4573
8.0061, 4572
8.1885, 4571
10.3271, 4570
