0.1687, 4688
0.2045, 4687
0.2169, 4686
0.2539, 4685
0.4378, 4683
0.5245, 4681
0.5621, 4680
0.5752, 4679
0.6005, 4675
0.6375, 4674
0.6694, 4672
0.7626, 4670
0.8121, 4669
0.8618, 4668
0.8745, 4666
0.9483, 4665
0.9738, 4659
1.0356, 4658
1.1457, 4657
1.2810, 4655
1.2941, 4654
1.3329, 4652
1.3582, 4651
1.4083, 4647
1.4702, 4646
1.5081, 4643
1.6435, 4642
1.9405, 4641
1.9781, 4640
2.0894, 4639
2.1022, 4638
2.3740, 4637
2.5361, 4634
2.5734, 4633
2.5860, 4632
2.6112, 4631
2.7475, 4630
2.7738, 4629
2.9347, 4628
3.0455, 4626
3.0709, 4625
3.2337, 4624
3.2585, 4623
3.3823, 4622
3.5187, 4620
3.5316, 4618
3.6563, 4617
3.6691, 4616
3.7312, 4615
3.8926, 4614
3.9183, 4613
4.0182, 4612
4.1234, 4610
4.1734, 4608
4.1989, 4603
4.2493, 4602
4.3118, 4601
4.6492, 4600
4.7490, 4599
4.7618, 4597
5.4015, 4595
5.6122, 4593
5.6255, 4592
5.6384, 4590
5.8745, 4589
5.9134, 4588
6.0808, 4586
6.0995, 4585
6.3116, 4584
6.6846, 4583
7.4654, 4582
7.6519, 4581
7.8088, 4579
8.0898, 4578
8.2393, 4577
8.4499, 4576
8.8590, 4574
8.9088, 4573
9.2682, 4572
9.6021, 4571
9.9990, 4570
10.1110, 4569
