0.0000, 5900
0.0006, 5899
0.0013, 5898
0.0019, 5897
0.0029, 5896
0.0036, 5895
0.0043, 5894
0.0050, 5893
0.0058, 5892
0.0063, 5891
0.0072, 5890
0.0077, 5889
0.0082, 5888
0.0087, 5887
0.0096, 5886
0.0105, 5885
0.0111, 5884
0.0123, 5883
0.0130, 5882
0.0142, 5881
0.0147, 5880
0.0156, 5879
0.0165, 5878
0.0174, 5877
0.0179, 5876
0.0184, 5875
0.0189, 5874
0.0195, 5873
0.0206, 5872
0.0211, 5871
0.0217, 5870
0.0222, 5869
0.0229, 5868
0.0234, 5867
0.0240, 5866
0.0245, 5865
0.0254, 5864
0.0261, 5863
0.0267, 5862
0.0272, 5861
0.0279, 5860
0.0285, 5859
0.0290, 5858
0.0296, 5857
0.0302, 5856
0.0308, 5855
0.0314, 5854
0.0319, 5853
0.0324, 5852
0.0335, 5851
0.0344, 5850
0.0349, 5849
0.0354, 5848
0.0361, 5847
0.0366, 5846
0.0372, 5845
0.0379, 5844
0.0384, 5843
0.0389, 5842
0.0394, 5841
0.0402, 5840
0.0409, 5839
0.0414, 5838
0.0419, 5837
0.0426, 5836
0.0431, 5835
0.0438, 5834
0.0443, 5833
0.0450, 5832
0.0455, 5831
0.0461, 5830
0.0469, 5829
0.0474, 5828
0.0479, 5827
0.0485, 5826
0.0494, 5825
0.0499, 5824
0.0504, 5823
0.0512, 5822
0.0518, 5821
0.0523, 5820
0.0528, 5819
0.0533, 5818
0.0539, 5817
0.0547, 5816
0.0553, 5815
0.0563, 5814
0.0572, 5813
0.0579, 5812
0.0585, 5811
0.0594, 5810
0.0601, 5809
0.0607, 5808
0.0613, 5807
0.0618, 5806
0.0626, 5805
0.0632, 5804
0.0637, 5803
0.0642, 5802
0.0647, 5801
0.0652, 5800
0.0661, 5799
0.0666, 5798
0.0672, 5797
0.0678, 5796
0.0685, 5795
0.0690, 5794
0.0698, 5793
0.0704, 5792
0.0709, 5791
0.0715, 5790
0.0721, 5789
0.0726, 5788
0.0733, 5787
0.0738, 5786
0.0751, 5785
0.0761, 5784
0.0770, 5783
0.0775, 5782
0.0780, 5781
0.0785, 5780
0.0793, 5779
0.0801, 5778
0.0807, 5777
0.0815, 5776
0.0822, 5775
0.0828, 5774
0.0835, 5773
0.0846, 5772
0.0852, 5771
0.0864, 5770
0.0870, 5769
0.0876, 5768
0.0883, 5767
0.0888, 5766
0.0895, 5765
0.0903, 5764
0.0908, 5763
0.0914, 5762
0.0919, 5761
0.0924, 5760
0.0934, 5759
0.0939, 5758
0.0944, 5757
0.0949, 5756
0.0954, 5755
0.0960, 5754
0.0968, 5753
0.0974, 5752
0.0980, 5751
0.0985, 5750
0.0990, 5749
0.0998, 5748
0.1004, 5747
0.1009, 5746
0.1018, 5745
0.1029, 5744
0.1034, 5743
0.1040, 5742
0.1045, 5741
0.1056, 5740
0.1062, 5739
0.1068, 5738
0.1074, 5737
0.1080, 5736
0.1085, 5735
0.1091, 5734
0.1096, 5733
0.1102, 5732
0.1107, 5731
0.1113, 5730
0.1119, 5729
0.1125, 5728
0.1130, 5727
0.1136, 5726
0.1142, 5725
0.1149, 5724
0.1155, 5723
0.1166, 5722
0.1173, 5721
0.1178, 5720
0.1186, 5719
0.1194, 5718
0.1203, 5717
0.1211, 5716
0.1221, 5715
0.1231, 5714
0.1236, 5713
0.1242, 5712
0.1248, 5711
0.1253, 5710
0.1258, 5709
0.1267, 5708
0.1274, 5707
0.1280, 5706
0.1285, 5705
0.1291, 5704
0.1296, 5703
0.1301, 5702
0.1307, 5701
0.1313, 5700
0.1323, 5699
0.1329, 5698
0.1334, 5697
0.1339, 5696
0.1350, 5695
0.1358, 5694
0.1364, 5693
0.1370, 5692
0.1376, 5691
0.1381, 5690
0.1387, 5689
0.1395, 5688
0.1401, 5687
0.1406, 5686
0.1416, 5685
0.1421, 5684
0.1427, 5683
0.1433, 5682
0.1439, 5681
0.1445, 5680
0.1451, 5679
0.1457, 5678
0.1463, 5677
0.1468, 5676
0.1474, 5675
0.1480, 5674
0.1485, 5673
0.1491, 5672
0.1497, 5671
0.1503, 5670
0.1509, 5669
0.1515, 5668
0.1521, 5667
0.1527, 5666
0.1533, 5665
0.1538, 5664
0.1544, 5663
0.1550, 5662
0.1560, 5661
0.1566, 5660
0.1574, 5659
0.1580, 5658
0.1592, 5657
0.1601, 5656
0.1610, 5655
0.1617, 5654
0.1624, 5653
0.1630, 5652
0.1636, 5651
0.1642, 5650
0.1647, 5649
0.1653, 5648
0.1660, 5647
0.1666, 5646
0.1671, 5645
0.1679, 5644
0.1685, 5643
0.1691, 5642
0.1697, 5641
0.1704, 5640
0.1712, 5639
0.1722, 5638
0.1728, 5637
0.1734, 5636
0.1740, 5635
0.1751, 5634
0.1757, 5633
0.1767, 5632
0.1776, 5631
0.1782, 5630
0.1792, 5629
0.1801, 5628
0.1807, 5627
0.1818, 5626
0.1826, 5625
0.1832, 5624
0.1841, 5623
0.1847, 5622
0.1853, 5621
0.1860, 5620
0.1866, 5619
0.1876, 5618
0.1882, 5617
0.1888, 5616
0.1893, 5615
0.1900, 5614
0.1910, 5613
0.1915, 5612
0.1921, 5611
0.1926, 5610
0.1934, 5609
0.1940, 5608
0.1946, 5607
0.1951, 5606
0.1957, 5605
0.1963, 5604
0.1969, 5603
0.1974, 5602
0.1979, 5601
0.1985, 5600
0.1990, 5599
0.1995, 5598
0.2000, 5597
0.2006, 5596
0.2012, 5595
0.2020, 5594
0.2026, 5593
0.2035, 5592
0.2041, 5591
0.2049, 5590
0.2057, 5589
0.2066, 5588
0.2072, 5587
0.2078, 5586
0.2084, 5585
0.2091, 5584
0.2100, 5583
0.2106, 5582
0.2113, 5581
0.2118, 5580
0.2125, 5579
0.2131, 5578
0.2137, 5577
0.2148, 5576
0.2154, 5575
0.2160, 5574
0.2167, 5573
0.2173, 5572
0.2178, 5571
0.2185, 5570
0.2194, 5569
0.2201, 5568
0.2210, 5567
0.2216, 5566
0.2222, 5565
0.2228, 5564
0.2235, 5563
0.2247, 5562
0.2253, 5561
0.2259, 5560
0.2265, 5559
0.2270, 5558
0.2275, 5557
0.2285, 5556
0.2291, 5555
0.2297, 5554
0.2303, 5553
0.2312, 5552
0.2318, 5551
0.2324, 5550
0.2331, 5549
0.2337, 5548
0.2343, 5547
0.2350, 5546
0.2356, 5545
0.2361, 5544
0.2367, 5543
0.2372, 5542
0.2379, 5541
0.2385, 5540
0.2391, 5539
0.2396, 5538
0.2401, 5537
0.2407, 5536
0.2413, 5535
0.2419, 5534
0.2428, 5533
0.2433, 5532
0.2439, 5531
0.2444, 5530
0.2450, 5529
0.2456, 5528
0.2461, 5527
0.2467, 5526
0.2475, 5525
0.2482, 5524
0.2489, 5523
0.2498, 5522
0.2509, 5521
0.2518, 5520
0.2525, 5519
0.2532, 5518
0.2537, 5517
0.2544, 5516
0.2550, 5515
0.2558, 5514
0.2564, 5513
0.2571, 5512
0.2577, 5511
0.2583, 5510
0.2588, 5509
0.2595, 5508
0.2601, 5507
0.2609, 5506
0.2616, 5505
0.2622, 5504
0.2629, 5503
0.2639, 5502
0.2646, 5501
0.2652, 5500
0.2658, 5499
0.2669, 5498
0.2676, 5497
0.2683, 5496
0.2689, 5495
0.2697, 5494
0.2703, 5493
0.2710, 5492
0.2715, 5491
0.2726, 5490
0.2735, 5489
0.2741, 5488
0.2747, 5487
0.2752, 5486
0.2758, 5485
0.2768, 5484
0.2774, 5483
0.2779, 5482
0.2789, 5481
0.2795, 5480
0.2801, 5479
0.2806, 5478
0.2812, 5477
0.2818, 5476
0.2825, 5475
0.2831, 5474
0.2839, 5473
0.2847, 5472
0.2854, 5471
0.2861, 5470
0.2868, 5469
0.2875, 5468
0.2882, 5467
0.2888, 5466
0.2898, 5465
0.2904, 5464
0.2909, 5463
0.2915, 5462
0.2922, 5461
0.2928, 5460
0.2934, 5459
0.2940, 5458
0.2946, 5457
0.2952, 5456
0.2961, 5455
0.2968, 5454
0.2973, 5453
0.2982, 5452
0.2987, 5451
0.2995, 5450
0.3001, 5449
0.3008, 5448
0.3015, 5447
0.3021, 5446
0.3027, 5445
0.3033, 5444
0.3043, 5443
0.3050, 5442
0.3056, 5441
0.3062, 5440
0.3068, 5439
0.3075, 5438
0.3084, 5437
0.3092, 5436
0.3098, 5435
0.3105, 5434
0.3112, 5433
0.3119, 5432
0.3130, 5431
0.3136, 5430
0.3141, 5429
0.3148, 5428
0.3153, 5427
0.3161, 5426
0.3170, 5425
0.3175, 5424
0.3182, 5423
0.3189, 5422
0.3196, 5421
0.3203, 5420
0.3213, 5419
0.3219, 5418
0.3224, 5417
0.3234, 5416
0.3240, 5415
0.3247, 5414
0.3253, 5413
0.3259, 5412
0.3265, 5411
0.3271, 5410
0.3276, 5409
0.3282, 5408
0.3287, 5407
0.3295, 5406
0.3303, 5405
0.3312, 5404
0.3319, 5403
0.3328, 5402
0.3333, 5401
0.3339, 5400
0.3347, 5399
0.3356, 5398
0.3363, 5397
0.3369, 5396
0.3376, 5395
0.3384, 5394
0.3393, 5393
0.3399, 5392
0.3407, 5391
0.3413, 5390
0.3418, 5389
0.3425, 5388
0.3431, 5387
0.3438, 5386
0.3448, 5385
0.3453, 5384
0.3461, 5383
0.3467, 5382
0.3475, 5381
0.3481, 5380
0.3487, 5379
0.3492, 5378
0.3500, 5377
0.3507, 5376
0.3513, 5375
0.3519, 5374
0.3526, 5373
0.3532, 5372
0.3537, 5371
0.3545, 5370
0.3551, 5369
0.3559, 5368
0.3565, 5367
0.3571, 5366
0.3579, 5365
0.3585, 5364
0.3592, 5363
0.3602, 5362
0.3608, 5361
0.3615, 5360
0.3622, 5359
0.3629, 5358
0.3635, 5357
0.3646, 5356
0.3651, 5355
0.3658, 5354
0.3664, 5353
0.3671, 5352
0.3677, 5351
0.3685, 5350
0.3691, 5349
0.3697, 5348
0.3703, 5347
0.3709, 5346
0.3718, 5345
0.3726, 5344
0.3732, 5343
0.3739, 5342
0.3746, 5341
0.3751, 5340
0.3757, 5339
0.3762, 5338
0.3768, 5337
0.3774, 5336
0.3780, 5335
0.3787, 5334
0.3794, 5333
0.3802, 5332
0.3812, 5331
0.3818, 5330
0.3824, 5329
0.3829, 5328
0.3835, 5327
0.3841, 5326
0.3847, 5325
0.3852, 5324
0.3858, 5323
0.3869, 5322
0.3878, 5321
0.3887, 5320
0.3896, 5319
0.3902, 5318
0.3908, 5317
0.3914, 5316
0.3922, 5315
0.3929, 5314
0.3935, 5313
0.3942, 5312
0.3950, 5311
0.3958, 5310
0.3963, 5309
0.3970, 5308
0.3979, 5307
0.3987, 5306
0.3993, 5305
0.3999, 5304
0.4005, 5303
0.4011, 5302
0.4017, 5301
0.4023, 5300
0.4029, 5299
0.4035, 5298
0.4041, 5297
0.4046, 5296
0.4054, 5295
0.4061, 5294
0.4066, 5293
0.4072, 5292
0.4080, 5291
0.4087, 5290
0.4094, 5289
0.4102, 5288
0.4109, 5287
0.4114, 5286
0.4120, 5285
0.4126, 5284
0.4133, 5283
0.4139, 5282
0.4144, 5281
0.4150, 5280
0.4156, 5279
0.4161, 5278
0.4167, 5277
0.4173, 5276
0.4180, 5275
0.4187, 5274
0.4195, 5273
0.4202, 5272
0.4207, 5271
0.4213, 5270
0.4221, 5269
0.4228, 5268
0.4234, 5267
0.4239, 5266
0.4245, 5265
0.4252, 5264
0.4259, 5263
0.4265, 5262
0.4271, 5261
0.4276, 5260
0.4284, 5259
0.4290, 5258
0.4296, 5257
0.4303, 5256
0.4310, 5255
0.4317, 5254
0.4326, 5253
0.4335, 5252
0.4341, 5251
0.4352, 5250
0.4358, 5249
0.4363, 5248
0.4370, 5247
0.4377, 5246
0.4384, 5245
0.4390, 5244
0.4397, 5243
0.4402, 5242
0.4408, 5241
0.4414, 5240
0.4420, 5239
0.4425, 5238
0.4431, 5237
0.4440, 5236
0.4445, 5235
0.4451, 5234
0.4457, 5233
0.4463, 5232
0.4470, 5231
0.4476, 5230
0.4482, 5229
0.4488, 5228
0.4494, 5227
0.4502, 5226
0.4508, 5225
0.4513, 5224
0.4523, 5223
0.4532, 5222
0.4538, 5221
0.4547, 5220
0.4554, 5219
0.4560, 5218
0.4565, 5217
0.4571, 5216
0.4579, 5215
0.4586, 5214
0.4591, 5213
0.4599, 5212
0.4606, 5211
0.4614, 5210
0.4622, 5209
0.4628, 5208
0.4635, 5207
0.4643, 5206
0.4650, 5205
0.4657, 5204
0.4665, 5203
0.4672, 5202
0.4679, 5201
0.4686, 5200
0.4693, 5199
0.4701, 5198
0.4708, 5197
0.4715, 5196
0.4722, 5195
0.4731, 5194
0.4736, 5193
0.4742, 5192
0.4748, 5191
0.4754, 5190
0.4761, 5189
0.4766, 5188
0.4772, 5187
0.4778, 5186
0.4784, 5185
0.4791, 5184
0.4797, 5183
0.4805, 5182
0.4812, 5181
0.4820, 5180
0.4829, 5179
0.4835, 5178
0.4844, 5177
0.4850, 5176
0.4857, 5175
0.4865, 5174
0.4872, 5173
0.4880, 5172
0.4886, 5171
0.4892, 5170
0.4897, 5169
0.4906, 5168
0.4912, 5167
0.4917, 5166
0.4924, 5165
0.4932, 5164
0.4938, 5163
0.4945, 5162
0.4951, 5161
0.4961, 5160
0.4969, 5159
0.4976, 5158
0.4983, 5157
0.4989, 5156
0.4994, 5155
0.5001, 5154
0.5008, 5153
0.5016, 5152
0.5023, 5151
0.5028, 5150
0.5036, 5149
0.5043, 5148
0.5050, 5147
0.5055, 5146
0.5061, 5145
0.5067, 5144
0.5074, 5143
0.5080, 5142
0.5085, 5141
0.5090, 5140
0.5097, 5139
0.5102, 5138
0.5109, 5137
0.5117, 5136
0.5123, 5135
0.5131, 5134
0.5137, 5133
0.5142, 5132
0.5148, 5131
0.5155, 5130
0.5162, 5129
0.5168, 5128
0.5175, 5127
0.5182, 5126
0.5190, 5125
0.5196, 5124
0.5202, 5123
0.5208, 5122
0.5213, 5121
0.5221, 5120
0.5226, 5119
0.5231, 5118
0.5237, 5117
0.5242, 5116
0.5248, 5115
0.5254, 5114
0.5262, 5113
0.5269, 5112
0.5277, 5111
0.5285, 5110
0.5290, 5109
0.5296, 5108
0.5301, 5107
0.5307, 5106
0.5313, 5105
0.5319, 5104
0.5326, 5103
0.5333, 5102
0.5339, 5101
0.5348, 5100
0.5355, 5099
0.5362, 5098
0.5370, 5097
0.5375, 5096
0.5383, 5095
0.5389, 5094
0.5394, 5093
0.5402, 5092
0.5408, 5091
0.5415, 5090
0.5420, 5089
0.5427, 5088
0.5435, 5087
0.5444, 5086
0.5450, 5085
0.5456, 5084
0.5463, 5083
0.5470, 5082
0.5477, 5081
0.5482, 5080
0.5489, 5079
0.5495, 5078
0.5501, 5077
0.5507, 5076
0.5513, 5075
0.5520, 5074
0.5528, 5073
0.5535, 5072
0.5541, 5071
0.5546, 5070
0.5551, 5069
0.5559, 5068
0.5568, 5067
0.5574, 5066
0.5582, 5065
0.5589, 5064
0.5599, 5063
0.5605, 5062
0.5612, 5061
0.5618, 5060
0.5626, 5059
0.5632, 5058
0.5637, 5057
0.5643, 5056
0.5648, 5055
0.5655, 5054
0.5662, 5053
0.5668, 5052
0.5674, 5051
0.5679, 5050
0.5685, 5049
0.5691, 5048
0.5699, 5047
0.5705, 5046
0.5716, 5045
0.5722, 5044
0.5727, 5043
0.5734, 5042
0.5739, 5041
0.5748, 5040
0.5754, 5039
0.5760, 5038
0.5768, 5037
0.5774, 5036
0.5778, 5035
0.5786, 5034
0.5793, 5033
0.5800, 5032
0.5806, 5031
0.5816, 5030
0.5822, 5029
0.5830, 5028
0.5835, 5027
0.5842, 5026
0.5848, 5025
0.5855, 5024
0.5861, 5023
0.5867, 5022
0.5874, 5021
0.5882, 5020
0.5893, 5019
0.5902, 5018
0.5907, 5017
0.5913, 5016
0.5918, 5015
0.5928, 5014
0.5934, 5013
0.5941, 5012
0.5948, 5011
0.5955, 5010
0.5962, 5009
0.5968, 5008
0.5973, 5007
0.5979, 5006
0.5989, 5005
0.5994, 5004
0.6002, 5003
0.6008, 5002
0.6014, 5001
0.6023, 5000
0.6030, 4999
0.6038, 4998
0.6044, 4997
0.6050, 4996
0.6056, 4995
0.6061, 4994
0.6067, 4993
0.6074, 4992
0.6080, 4991
0.6087, 4990
0.6095, 4989
0.6104, 4988
0.6111, 4987
0.6117, 4986
0.6123, 4985
0.6130, 4984
0.6137, 4983
0.6143, 4982
0.6150, 4981
0.6158, 4980
0.6168, 4979
0.6173, 4978
0.6179, 4977
0.6186, 4976
0.6196, 4975
0.6206, 4974
0.6212, 4973
0.6218, 4972
0.6226, 4971
0.6232, 4970
0.6238, 4969
0.6246, 4968
0.6253, 4967
0.6260, 4966
0.6267, 4965
0.6273, 4964
0.6278, 4963
0.6284, 4962
0.6292, 4961
0.6299, 4960
0.6304, 4959
0.6310, 4958
0.6315, 4957
0.6321, 4956
0.6329, 4955
0.6334, 4954
0.6340, 4953
0.6346, 4952
0.6353, 4951
0.6363, 4950
0.6371, 4949
0.6382, 4948
0.6388, 4947
0.6394, 4946
0.6403, 4945
0.6408, 4944
0.6414, 4943
0.6419, 4942
0.6425, 4941
0.6430, 4940
0.6435, 4939
0.6442, 4938
0.6447, 4937
0.6454, 4936
0.6460, 4935
0.6470, 4934
0.6478, 4933
0.6484, 4932
0.6489, 4931
0.6495, 4930
0.6502, 4929
0.6508, 4928
0.6513, 4927
0.6520, 4926
0.6527, 4925
0.6533, 4924
0.6539, 4923
0.6547, 4922
0.6553, 4921
0.6559, 4920
0.6565, 4919
0.6575, 4918
0.6583, 4917
0.6589, 4916
0.6597, 4915
0.6602, 4914
0.6608, 4913
0.6613, 4912
0.6618, 4911
0.6623, 4910
0.6628, 4909
0.6637, 4908
0.6643, 4907
0.6648, 4906
0.6654, 4905
0.6660, 4904
0.6665, 4903
0.6670, 4902
0.6677, 4901
0.6682, 4900
0.6692, 4899
0.6698, 4898
0.6704, 4897
0.6709, 4896
0.6714, 4895
0.6721, 4894
0.6727, 4893
0.6733, 4892
0.6742, 4891
0.6750, 4890
0.6757, 4889
0.6762, 4888
0.6767, 4887
0.6773, 4886
0.6779, 4885
0.6784, 4884
0.6791, 4883
0.6796, 4882
0.6802, 4881
0.6808, 4880
0.6814, 4879
0.6823, 4878
0.6829, 4877
0.6834, 4876
0.6842, 4875
0.6847, 4874
0.6852, 4873
0.6858, 4872
0.6866, 4871
0.6873, 4870
0.6881, 4869
0.6889, 4868
0.6895, 4867
0.6900, 4866
0.6905, 4865
0.6914, 4864
0.6922, 4863
0.6928, 4862
0.6934, 4861
0.6941, 4860
0.6947, 4859
0.6955, 4858
0.6961, 4857
0.6968, 4856
0.6977, 4855
0.6983, 4854
0.6993, 4853
0.6998, 4852
0.7004, 4851
0.7010, 4850
0.7018, 4849
0.7025, 4848
0.7032, 4847
0.7037, 4846
0.7042, 4845
0.7050, 4844
0.7056, 4843
0.7061, 4842
0.7066, 4841
0.7074, 4840
0.7081, 4839
0.7091, 4838
0.7098, 4837
0.7104, 4836
0.7109, 4835
0.7115, 4834
0.7122, 4833
0.7128, 4832
0.7134, 4831
0.7143, 4830
0.7149, 4829
0.7155, 4828
0.7161, 4827
0.7171, 4826
0.7179, 4825
0.7184, 4824
0.7191, 4823
0.7196, 4822
0.7203, 4821
0.7209, 4820
0.7214, 4819
0.7220, 4818
0.7225, 4817
0.7230, 4816
0.7236, 4815
0.7241, 4814
0.7250, 4813
0.7259, 4812
0.7265, 4811
0.7270, 4810
0.7279, 4809
0.7284, 4808
0.7289, 4807
0.7294, 4806
0.7299, 4805
0.7308, 4804
0.7316, 4803
0.7321, 4802
0.7327, 4801
0.7333, 4800
0.7339, 4799
0.7345, 4798
0.7350, 4797
0.7356, 4796
0.7362, 4795
0.7369, 4794
0.7377, 4793
0.7382, 4792
0.7390, 4791
0.7396, 4790
0.7404, 4789
0.7410, 4788
0.7416, 4787
0.7421, 4786
0.7427, 4785
0.7432, 4784
0.7437, 4783
0.7444, 4782
0.7450, 4781
0.7458, 4780
0.7467, 4779
0.7472, 4778
0.7480, 4777
0.7486, 4776
0.7491, 4775
0.7496, 4774
0.7506, 4773
0.7512, 4772
0.7519, 4771
0.7524, 4770
0.7530, 4769
0.7539, 4768
0.7545, 4767
0.7550, 4766
0.7555, 4765
0.7564, 4764
0.7573, 4763
0.7579, 4762
0.7585, 4761
0.7590, 4760
0.7596, 4759
0.7606, 4758
0.7613, 4757
0.7618, 4756
0.7626, 4755
0.7631, 4754
0.7637, 4753
0.7642, 4752
0.7647, 4751
0.7655, 4750
0.7660, 4749
0.7665, 4748
0.7671, 4747
0.7680, 4746
0.7686, 4745
0.7694, 4744
0.7701, 4743
0.7710, 4742
0.7718, 4741
0.7724, 4740
0.7729, 4739
0.7734, 4738
0.7739, 4737
0.7746, 4736
0.7754, 4735
0.7759, 4734
0.7765, 4733
0.7770, 4732
0.7775, 4731
0.7783, 4730
0.7788, 4729
0.7793, 4728
0.7799, 4727
0.7807, 4726
0.7814, 4725
0.7823, 4724
0.7832, 4723
0.7837, 4722
0.7845, 4721
0.7853, 4720
0.7859, 4719
0.7864, 4718
0.7870, 4717
0.7878, 4716
0.7887, 4715
0.7894, 4714
0.7902, 4713
0.7907, 4712
0.7915, 4711
0.7922, 4710
0.7931, 4709
0.7938, 4708
0.7947, 4707
0.7953, 4706
0.7962, 4705
0.7969, 4704
0.7976, 4703
0.7985, 4702
0.7994, 4701
0.8002, 4700
0.8011, 4699
0.8019, 4698
0.8027, 4697
0.8033, 4696
0.8041, 4695
0.8049, 4694
0.8058, 4693
0.8066, 4692
0.8075, 4691
0.8084, 4690
0.9821, 4689
1.2604, 4688
1.2609, 4687
1.3467, 4686
1.7067, 4685
1.7279, 4684
1.8129, 4683
1.9195, 4682
2.0473, 4681
2.2796, 4680
2.3428, 4679
2.4907, 4678
2.5336, 4677
2.7222, 4676
3.0383, 4675
3.0392, 4674
3.1456, 4673
3.3572, 4672
3.3579, 4671
3.4440, 4670
3.5729, 4669
3.5737, 4668
3.6787, 4667
3.8048, 4666
3.8897, 4665
3.8903, 4664
3.8910, 4663
4.3580, 4662
4.4640, 4661
4.9513, 4660
4.9940, 4659
5.1214, 4658
5.1847, 4657
5.3329, 4656
5.6051, 4655
6.0618, 4654
6.1430, 4653
6.1435, 4652
6.6802, 4651
6.7997, 4650
6.9406, 4649
7.5996, 4648
7.7199, 4647
7.7997, 4646
8.0770, 4645
8.0776, 4644
8.1376, 4643
8.1383, 4642
8.1778, 4641
8.6119, 4640
8.7603, 4639
8.8010, 4638
9.1440, 4637
9.1445, 4636
9.4765, 4635
9.6268, 4634
9.6913, 4633
9.9899, 4632
