0.1169, 4688
0.1510, 4687
0.1729, 4685
0.1936, 4681
0.2042, 4679
0.2245, 4678
0.2560, 4677
0.3081, 4676
0.3290, 4675
0.3703, 4674
0.3809, 4672
0.4203, 4668
0.4414, 4667
0.4633, 4666
0.5505, 4665
0.6253, 4664
0.6460, 4663
0.6672, 4662
0.7009, 4659
0.8150, 4656
0.8569, 4655
0.9296, 4653
0.9836, 4652
0.9948, 4650
1.1092, 4647
1.1853, 4645
1.3388, 4644
1.4523, 4643
1.6056, 4642
1.6463, 4641
1.7572, 4640
1.9502, 4639
2.0410, 4638
2.0815, 4634
2.2648, 4633
2.5174, 4631
2.5689, 4630
2.5993, 4629
2.6102, 4628
2.6213, 4627
2.7853, 4626
2.8933, 4624
2.9136, 4623
3.1034, 4622
3.1246, 4619
3.2280, 4618
3.3094, 4617
3.5117, 4616
3.5223, 4615
3.5329, 4614
3.6769, 4613
3.7582, 4612
3.7788, 4610
3.8504, 4609
3.9059, 4608
4.0122, 4607
4.1240, 4606
4.2371, 4605
4.7097, 4604
4.7917, 4601
4.8126, 4598
4.8330, 4597
4.8937, 4596
5.0621, 4593
5.2136, 4592
5.4693, 4591
5.5006, 4590
5.6333, 4589
5.7153, 4588
5.9185, 4587
6.0309, 4586
6.0412, 4585
6.5935, 4584
6.6239, 4583
7.0031, 4582
7.2393, 4581
7.2608, 4579
7.3741, 4578
7.4878, 4577
7.5091, 4576
7.5298, 4575
7.7823, 4574
8.9708, 4573
9.1754, 4572
9.2799, 4571
9.5066, 4570
9.9356, 4568
10.1267, 4567
