0.1079, 4688
0.1372, 4687
0.1788, 4686
0.2201, 4683
0.2713, 4679
0.3425, 4672
0.3627, 4671
0.4043, 4668
0.4150, 4667
0.4360, 4664
0.4463, 4663
0.4567, 4661
0.4772, 4660
0.5225, 4659
0.5376, 4658
0.5680, 4657
0.6087, 4656
0.6895, 4654
0.8630, 4653
0.9046, 4652
0.9259, 4648
0.9575, 4647
0.9983, 4646
1.0093, 4645
1.2389, 4643
1.2795, 4642
1.3103, 4640
1.3834, 4638
1.4250, 4637
1.4761, 4636
1.5593, 4635
1.5700, 4633
1.6038, 4632
1.6150, 4630
1.7712, 4627
1.8130, 4626
1.9482, 4625
2.0625, 4624
2.1594, 4623
2.1808, 4622
2.2123, 4621
2.2731, 4619
2.2834, 4618
2.2940, 4617
2.3146, 4616
2.3456, 4615
2.3558, 4614
2.3764, 4613
2.4382, 4612
2.5428, 4610
2.5846, 4609
2.6270, 4608
2.6690, 4607
2.7527, 4606
2.7634, 4605
2.8042, 4604
2.8649, 4603
2.9157, 4601
3.0596, 4600
3.0848, 4599
3.1612, 4596
3.2564, 4595
3.3085, 4593
3.3190, 4592
3.3597, 4591
3.6886, 4590
3.8111, 4589
3.8319, 4588
4.2395, 4587
4.3727, 4586
4.4563, 4585
4.7107, 4584
4.9772, 4583
5.4542, 4582
5.7672, 4581
5.8309, 4580
6.0410, 4579
6.2113, 4578
6.2426, 4577
6.4061, 4576
6.6800, 4575
6.8452, 4574
6.9484, 4573
7.0106, 4572
8.3074, 4571
8.7707, 4570
9.9304, 4569
10.1229, 4568
