0.0000, 5900
0.0006, 5899
0.0013, 5898
0.0018, 5897
0.0028, 5896
0.0036, 5895
0.0042, 5894
0.0049, 5893
0.0057, 5892
0.0062, 5891
0.0071, 5890
0.0076, 5889
0.0081, 5888
0.0086, 5887
0.0095, 5886
0.0105, 5885
0.0111, 5884
0.0123, 5883
0.0130, 5882
0.0142, 5881
0.0147, 5880
0.0156, 5879
0.0165, 5878
0.0174, 5877
0.0180, 5876
0.0185, 5875
0.0190, 5874
0.0196, 5873
0.0207, 5872
0.0212, 5871
0.0217, 5870
0.0222, 5869
0.0229, 5868
0.0234, 5867
0.0239, 5866
0.0244, 5865
0.0254, 5864
0.0262, 5863
0.0268, 5862
0.0273, 5861
0.0279, 5860
0.0285, 5859
0.0290, 5858
0.0295, 5857
0.0301, 5856
0.0307, 5855
0.0313, 5854
0.0318, 5853
0.0323, 5852
0.0333, 5851
0.0342, 5850
0.0347, 5849
0.0353, 5848
0.0359, 5847
0.0365, 5846
0.0371, 5845
0.0378, 5844
0.0384, 5843
0.0389, 5842
0.0394, 5841
0.0402, 5840
0.0409, 5839
0.0415, 5838
0.0420, 5837
0.0427, 5836
0.0433, 5835
0.0439, 5834
0.0444, 5833
0.0451, 5832
0.0457, 5831
0.0462, 5830
0.0470, 5829
0.0475, 5828
0.0480, 5827
0.0486, 5826
0.0495, 5825
0.0500, 5824
0.0506, 5823
0.0514, 5822
0.0519, 5821
0.0524, 5820
0.0530, 5819
0.0536, 5818
0.0541, 5817
0.0550, 5816
0.0555, 5815
0.0566, 5814
0.0575, 5813
0.0582, 5812
0.0588, 5811
0.0597, 5810
0.0604, 5809
0.0610, 5808
0.0617, 5807
0.0622, 5806
0.0630, 5805
0.0635, 5804
0.0640, 5803
0.0646, 5802
0.0651, 5801
0.0656, 5800
0.0665, 5799
0.0670, 5798
0.0676, 5797
0.0682, 5796
0.0688, 5795
0.0694, 5794
0.0701, 5793
0.0706, 5792
0.0711, 5791
0.0717, 5790
0.0722, 5789
0.0727, 5788
0.0733, 5787
0.0738, 5786
0.0751, 5785
0.0761, 5784
0.0770, 5783
0.0775, 5782
0.0780, 5781
0.0785, 5780
0.0792, 5779
0.0800, 5778
0.0806, 5777
0.0814, 5776
0.0820, 5775
0.0827, 5774
0.0834, 5773
0.0845, 5772
0.0851, 5771
0.0863, 5770
0.0869, 5769
0.0875, 5768
0.0882, 5767
0.0888, 5766
0.0895, 5765
0.0903, 5764
0.0908, 5763
0.0914, 5762
0.0920, 5761
0.0925, 5760
0.0935, 5759
0.0941, 5758
0.0946, 5757
0.0951, 5756
0.0956, 5755
0.0962, 5754
0.0970, 5753
0.0976, 5752
0.0982, 5751
0.0987, 5750
0.0992, 5749
0.1001, 5748
0.1006, 5747
0.1011, 5746
0.1020, 5745
0.1031, 5744
0.1036, 5743
0.1042, 5742
0.1047, 5741
0.1057, 5740
0.1063, 5739
0.1068, 5738
0.1074, 5737
0.1080, 5736
0.1085, 5735
0.1090, 5734
0.1096, 5733
0.1102, 5732
0.1107, 5731
0.1113, 5730
0.1119, 5729
0.1124, 5728
0.1130, 5727
0.1135, 5726
0.1141, 5725
0.1148, 5724
0.1155, 5723
0.1165, 5722
0.1172, 5721
0.1178, 5720
0.1185, 5719
0.1193, 5718
0.1203, 5717
0.1211, 5716
0.1221, 5715
0.1231, 5714
0.1237, 5713
0.1243, 5712
0.1249, 5711
0.1255, 5710
0.1260, 5709
0.1269, 5708
0.1276, 5707
0.1283, 5706
0.1288, 5705
0.1294, 5704
0.1299, 5703
0.1304, 5702
0.1310, 5701
0.1316, 5700
0.1326, 5699
0.1332, 5698
0.1337, 5697
0.1342, 5696
0.1353, 5695
0.1360, 5694
0.1366, 5693
0.1372, 5692
0.1377, 5691
0.1383, 5690
0.1388, 5689
0.1395, 5688
0.1400, 5687
0.1406, 5686
0.1415, 5685
0.1421, 5684
0.1427, 5683
0.1433, 5682
0.1439, 5681
0.1445, 5680
0.1451, 5679
0.1457, 5678
0.1463, 5677
0.1470, 5676
0.1475, 5675
0.1481, 5674
0.1487, 5673
0.1493, 5672
0.1499, 5671
0.1504, 5670
0.1511, 5669
0.1517, 5668
0.1523, 5667
0.1528, 5666
0.1534, 5665
0.1540, 5664
0.1546, 5663
0.1551, 5662
0.1562, 5661
0.1567, 5660
0.1577, 5659
0.1583, 5658
0.1594, 5657
0.1604, 5656
0.1613, 5655
0.1620, 5654
0.1627, 5653
0.1633, 5652
0.1639, 5651
0.1645, 5650
0.1650, 5649
0.1656, 5648
0.1663, 5647
0.1669, 5646
0.1675, 5645
0.1682, 5644
0.1687, 5643
0.1693, 5642
0.1699, 5641
0.1706, 5640
0.1714, 5639
0.1723, 5638
0.1729, 5637
0.1735, 5636
0.1741, 5635
0.1752, 5634
0.1758, 5633
0.1769, 5632
0.1777, 5631
0.1783, 5630
0.1794, 5629
0.1803, 5628
0.1809, 5627
0.1820, 5626
0.1828, 5625
0.1835, 5624
0.1843, 5623
0.1849, 5622
0.1855, 5621
0.1862, 5620
0.1868, 5619
0.1878, 5618
0.1884, 5617
0.1890, 5616
0.1895, 5615
0.1902, 5614
0.1911, 5613
0.1917, 5612
0.1922, 5611
0.1928, 5610
0.1936, 5609
0.1942, 5608
0.1947, 5607
0.1953, 5606
0.1959, 5605
0.1966, 5604
0.1972, 5603
0.1977, 5602
0.1983, 5601
0.1988, 5600
0.1994, 5599
0.1999, 5598
0.2005, 5597
0.2010, 5596
0.2016, 5595
0.2025, 5594
0.2031, 5593
0.2040, 5592
0.2046, 5591
0.2054, 5590
0.2063, 5589
0.2072, 5588
0.2078, 5587
0.2084, 5586
0.2090, 5585
0.2097, 5584
0.2107, 5583
0.2114, 5582
0.2120, 5581
0.2126, 5580
0.2133, 5579
0.2140, 5578
0.2146, 5577
0.2156, 5576
0.2163, 5575
0.2168, 5574
0.2176, 5573
0.2182, 5572
0.2187, 5571
0.2195, 5570
0.2204, 5569
0.2210, 5568
0.2219, 5567
0.2224, 5566
0.2230, 5565
0.2236, 5564
0.2243, 5563
0.2255, 5562
0.2262, 5561
0.2267, 5560
0.2274, 5559
0.2279, 5558
0.2285, 5557
0.2295, 5556
0.2300, 5555
0.2306, 5554
0.2312, 5553
0.2321, 5552
0.2327, 5551
0.2333, 5550
0.2339, 5549
0.2345, 5548
0.2352, 5547
0.2358, 5546
0.2364, 5545
0.2369, 5544
0.2375, 5543
0.2380, 5542
0.2387, 5541
0.2393, 5540
0.2399, 5539
0.2404, 5538
0.2410, 5537
0.2415, 5536
0.2421, 5535
0.2428, 5534
0.2436, 5533
0.2441, 5532
0.2447, 5531
0.2453, 5530
0.2459, 5529
0.2465, 5528
0.2471, 5527
0.2476, 5526
0.2484, 5525
0.2490, 5524
0.2498, 5523
0.2507, 5522
0.2517, 5521
0.2526, 5520
0.2533, 5519
0.2540, 5518
0.2545, 5517
0.2552, 5516
0.2558, 5515
0.2566, 5514
0.2572, 5513
0.2578, 5512
0.2584, 5511
0.2589, 5510
0.2595, 5509
0.2601, 5508
0.2607, 5507
0.2615, 5506
0.2620, 5505
0.2625, 5504
0.2631, 5503
0.2640, 5502
0.2646, 5501
0.2652, 5500
0.2658, 5499
0.2667, 5498
0.2674, 5497
0.2680, 5496
0.2686, 5495
0.2692, 5494
0.2699, 5493
0.2705, 5492
0.2710, 5491
0.2720, 5490
0.2728, 5489
0.2734, 5488
0.2739, 5487
0.2745, 5486
0.2750, 5485
0.2760, 5484
0.2765, 5483
0.2771, 5482
0.2780, 5481
0.2787, 5480
0.2792, 5479
0.2797, 5478
0.2803, 5477
0.2809, 5476
0.2816, 5475
0.2821, 5474
0.2829, 5473
0.2836, 5472
0.2842, 5471
0.2849, 5470
0.2855, 5469
0.2861, 5468
0.2867, 5467
0.2873, 5466
0.2883, 5465
0.2888, 5464
0.2894, 5463
0.2900, 5462
0.2906, 5461
0.2911, 5460
0.2918, 5459
0.2924, 5458
0.2930, 5457
0.2936, 5456
0.2944, 5455
0.2951, 5454
0.2957, 5453
0.2964, 5452
0.2969, 5451
0.2976, 5450
0.2982, 5449
0.2988, 5448
0.2995, 5447
0.3000, 5446
0.3006, 5445
0.3011, 5444
0.3022, 5443
0.3028, 5442
0.3034, 5441
0.3039, 5440
0.3045, 5439
0.3052, 5438
0.3061, 5437
0.3068, 5436
0.3075, 5435
0.3081, 5434
0.3086, 5433
0.3092, 5432
0.3102, 5431
0.3108, 5430
0.3114, 5429
0.3120, 5428
0.3126, 5427
0.3133, 5426
0.3142, 5425
0.3148, 5424
0.3155, 5423
0.3162, 5422
0.3168, 5421
0.3175, 5420
0.3185, 5419
0.3190, 5418
0.3196, 5417
0.3206, 5416
0.3211, 5415
0.3218, 5414
0.3224, 5413
0.3230, 5412
0.3236, 5411
0.3241, 5410
0.3246, 5409
0.3252, 5408
0.3257, 5407
0.3265, 5406
0.3273, 5405
0.3281, 5404
0.3288, 5403
0.3297, 5402
0.3302, 5401
0.3307, 5400
0.3315, 5399
0.3324, 5398
0.3331, 5397
0.3337, 5396
0.3344, 5395
0.3352, 5394
0.3361, 5393
0.3367, 5392
0.3374, 5391
0.3380, 5390
0.3385, 5389
0.3392, 5388
0.3398, 5387
0.3404, 5386
0.3413, 5385
0.3418, 5384
0.3426, 5383
0.3433, 5382
0.3440, 5381
0.3447, 5380
0.3452, 5379
0.3458, 5378
0.3465, 5377
0.3472, 5376
0.3478, 5375
0.3484, 5374
0.3491, 5373
0.3497, 5372
0.3503, 5371
0.3510, 5370
0.3517, 5369
0.3524, 5368
0.3531, 5367
0.3537, 5366
0.3545, 5365
0.3551, 5364
0.3559, 5363
0.3569, 5362
0.3575, 5361
0.3583, 5360
0.3590, 5359
0.3597, 5358
0.3603, 5357
0.3614, 5356
0.3620, 5355
0.3626, 5354
0.3633, 5353
0.3639, 5352
0.3645, 5351
0.3653, 5350
0.3660, 5349
0.3665, 5348
0.3671, 5347
0.3677, 5346
0.3686, 5345
0.3694, 5344
0.3700, 5343
0.3707, 5342
0.3713, 5341
0.3719, 5340
0.3725, 5339
0.3730, 5338
0.3736, 5337
0.3742, 5336
0.3748, 5335
0.3754, 5334
0.3762, 5333
0.3770, 5332
0.3780, 5331
0.3786, 5330
0.3792, 5329
0.3797, 5328
0.3803, 5327
0.3809, 5326
0.3815, 5325
0.3821, 5324
0.3827, 5323
0.3838, 5322
0.3847, 5321
0.3857, 5320
0.3865, 5319
0.3871, 5318
0.3877, 5317
0.3883, 5316
0.3891, 5315
0.3898, 5314
0.3905, 5313
0.3911, 5312
0.3919, 5311
0.3927, 5310
0.3932, 5309
0.3939, 5308
0.3949, 5307
0.3955, 5306
0.3962, 5305
0.3967, 5304
0.3973, 5303
0.3980, 5302
0.3985, 5301
0.3991, 5300
0.3997, 5299
0.4003, 5298
0.4009, 5297
0.4014, 5296
0.4022, 5295
0.4029, 5294
0.4034, 5293
0.4040, 5292
0.4048, 5291
0.4055, 5290
0.4062, 5289
0.4070, 5288
0.4076, 5287
0.4082, 5286
0.4088, 5285
0.4093, 5284
0.4101, 5283
0.4107, 5282
0.4113, 5281
0.4119, 5280
0.4125, 5279
0.4130, 5278
0.4136, 5277
0.4143, 5276
0.4150, 5275
0.4157, 5274
0.4165, 5273
0.4171, 5272
0.4177, 5271
0.4182, 5270
0.4189, 5269
0.4196, 5268
0.4201, 5267
0.4207, 5266
0.4213, 5265
0.4220, 5264
0.4227, 5263
0.4233, 5262
0.4239, 5261
0.4244, 5260
0.4253, 5259
0.4258, 5258
0.4264, 5257
0.4271, 5256
0.4279, 5255
0.4286, 5254
0.4296, 5253
0.4304, 5252
0.4312, 5251
0.4323, 5250
0.4329, 5249
0.4335, 5248
0.4342, 5247
0.4350, 5246
0.4356, 5245
0.4362, 5244
0.4369, 5243
0.4374, 5242
0.4380, 5241
0.4387, 5240
0.4392, 5239
0.4398, 5238
0.4404, 5237
0.4413, 5236
0.4418, 5235
0.4424, 5234
0.4431, 5233
0.4436, 5232
0.4443, 5231
0.4449, 5230
0.4455, 5229
0.4462, 5228
0.4469, 5227
0.4477, 5226
0.4483, 5225
0.4488, 5224
0.4498, 5223
0.4507, 5222
0.4514, 5221
0.4522, 5220
0.4529, 5219
0.4535, 5218
0.4540, 5217
0.4547, 5216
0.4554, 5215
0.4561, 5214
0.4567, 5213
0.4574, 5212
0.4582, 5211
0.4589, 5210
0.4598, 5209
0.4604, 5208
0.4611, 5207
0.4619, 5206
0.4627, 5205
0.4633, 5204
0.4641, 5203
0.4648, 5202
0.4654, 5201
0.4661, 5200
0.4668, 5199
0.4675, 5198
0.4682, 5197
0.4689, 5196
0.4695, 5195
0.4703, 5194
0.4709, 5193
0.4714, 5192
0.4720, 5191
0.4726, 5190
0.4733, 5189
0.4738, 5188
0.4744, 5187
0.4749, 5186
0.4756, 5185
0.4762, 5184
0.4768, 5183
0.4775, 5182
0.4782, 5181
0.4790, 5180
0.4799, 5179
0.4805, 5178
0.4813, 5177
0.4820, 5176
0.4827, 5175
0.4836, 5174
0.4843, 5173
0.4851, 5172
0.4856, 5171
0.4863, 5170
0.4868, 5169
0.4876, 5168
0.4882, 5167
0.4887, 5166
0.4895, 5165
0.4903, 5164
0.4909, 5163
0.4916, 5162
0.4923, 5161
0.4933, 5160
0.4940, 5159
0.4948, 5158
0.4954, 5157
0.4960, 5156
0.4965, 5155
0.4972, 5154
0.4979, 5153
0.4987, 5152
0.4994, 5151
0.5000, 5150
0.5007, 5149
0.5013, 5148
0.5020, 5147
0.5025, 5146
0.5030, 5145
0.5035, 5144
0.5042, 5143
0.5048, 5142
0.5053, 5141
0.5058, 5140
0.5064, 5139
0.5070, 5138
0.5077, 5137
0.5085, 5136
0.5091, 5135
0.5098, 5134
0.5104, 5133
0.5109, 5132
0.5115, 5131
0.5122, 5130
0.5129, 5129
0.5135, 5128
0.5142, 5127
0.5149, 5126
0.5157, 5125
0.5163, 5124
0.5168, 5123
0.5175, 5122
0.5180, 5121
0.5188, 5120
0.5194, 5119
0.5199, 5118
0.5204, 5117
0.5210, 5116
0.5215, 5115
0.5221, 5114
0.5230, 5113
0.5237, 5112
0.5245, 5111
0.5253, 5110
0.5259, 5109
0.5264, 5108
0.5270, 5107
0.5275, 5106
0.5282, 5105
0.5288, 5104
0.5295, 5103
0.5302, 5102
0.5308, 5101
0.5317, 5100
0.5324, 5099
0.5331, 5098
0.5339, 5097
0.5344, 5096
0.5351, 5095
0.5357, 5094
0.5362, 5093
0.5369, 5092
0.5375, 5091
0.5382, 5090
0.5387, 5089
0.5394, 5088
0.5402, 5087
0.5411, 5086
0.5417, 5085
0.5422, 5084
0.5428, 5083
0.5436, 5082
0.5442, 5081
0.5447, 5080
0.5454, 5079
0.5460, 5078
0.5466, 5077
0.5472, 5076
0.5477, 5075
0.5485, 5074
0.5492, 5073
0.5499, 5072
0.5505, 5071
0.5510, 5070
0.5515, 5069
0.5523, 5068
0.5533, 5067
0.5539, 5066
0.5547, 5065
0.5554, 5064
0.5565, 5063
0.5571, 5062
0.5579, 5061
0.5584, 5060
0.5592, 5059
0.5598, 5058
0.5604, 5057
0.5610, 5056
0.5616, 5055
0.5622, 5054
0.5629, 5053
0.5636, 5052
0.5642, 5051
0.5647, 5050
0.5653, 5049
0.5659, 5048
0.5666, 5047
0.5673, 5046
0.5683, 5045
0.5689, 5044
0.5695, 5043
0.5701, 5042
0.5706, 5041
0.5715, 5040
0.5721, 5039
0.5727, 5038
0.5736, 5037
0.5741, 5036
0.5746, 5035
0.5754, 5034
0.5761, 5033
0.5767, 5032
0.5773, 5031
0.5783, 5030
0.5789, 5029
0.5798, 5028
0.5804, 5027
0.5810, 5026
0.5816, 5025
0.5823, 5024
0.5829, 5023
0.5835, 5022
0.5841, 5021
0.5848, 5020
0.5858, 5019
0.5867, 5018
0.5872, 5017
0.5877, 5016
0.5883, 5015
0.5892, 5014
0.5898, 5013
0.5905, 5012
0.5913, 5011
0.5919, 5010
0.5926, 5009
0.5932, 5008
0.5937, 5007
0.5944, 5006
0.5952, 5005
0.5958, 5004
0.5966, 5003
0.5972, 5002
0.5977, 5001
0.5987, 5000
0.5992, 4999
0.6001, 4998
0.6007, 4997
0.6013, 4996
0.6019, 4995
0.6025, 4994
0.6031, 4993
0.6039, 4992
0.6044, 4991
0.6051, 4990
0.6059, 4989
0.6069, 4988
0.6077, 4987
0.6083, 4986
0.6089, 4985
0.6096, 4984
0.6103, 4983
0.6109, 4982
0.6117, 4981
0.6125, 4980
0.6134, 4979
0.6139, 4978
0.6145, 4977
0.6151, 4976
0.6161, 4975
0.6171, 4974
0.6176, 4973
0.6182, 4972
0.6190, 4971
0.6197, 4970
0.6202, 4969
0.6210, 4968
0.6217, 4967
0.6224, 4966
0.6231, 4965
0.6237, 4964
0.6242, 4963
0.6248, 4962
0.6256, 4961
0.6263, 4960
0.6269, 4959
0.6274, 4958
0.6280, 4957
0.6285, 4956
0.6293, 4955
0.6298, 4954
0.6304, 4953
0.6310, 4952
0.6317, 4951
0.6327, 4950
0.6335, 4949
0.6345, 4948
0.6351, 4947
0.6358, 4946
0.6366, 4945
0.6371, 4944
0.6377, 4943
0.6382, 4942
0.6388, 4941
0.6393, 4940
0.6398, 4939
0.6405, 4938
0.6410, 4937
0.6417, 4936
0.6423, 4935
0.6432, 4934
0.6441, 4933
0.6446, 4932
0.6451, 4931
0.6458, 4930
0.6464, 4929
0.6471, 4928
0.6476, 4927
0.6482, 4926
0.6490, 4925
0.6496, 4924
0.6502, 4923
0.6510, 4922
0.6517, 4921
0.6523, 4920
0.6529, 4919
0.6538, 4918
0.6547, 4917
0.6552, 4916
0.6561, 4915
0.6566, 4914
0.6572, 4913
0.6577, 4912
0.6582, 4911
0.6588, 4910
0.6593, 4909
0.6603, 4908
0.6608, 4907
0.6614, 4906
0.6620, 4905
0.6625, 4904
0.6630, 4903
0.6636, 4902
0.6643, 4901
0.6648, 4900
0.6657, 4899
0.6664, 4898
0.6669, 4897
0.6674, 4896
0.6679, 4895
0.6686, 4894
0.6692, 4893
0.6697, 4892
0.6706, 4891
0.6713, 4890
0.6721, 4889
0.6725, 4888
0.6731, 4887
0.6736, 4886
0.6742, 4885
0.6748, 4884
0.6754, 4883
0.6759, 4882
0.6765, 4881
0.6771, 4880
0.6777, 4879
0.6787, 4878
0.6793, 4877
0.6798, 4876
0.6806, 4875
0.6811, 4874
0.6817, 4873
0.6822, 4872
0.6830, 4871
0.6837, 4870
0.6845, 4869
0.6853, 4868
0.6858, 4867
0.6863, 4866
0.6869, 4865
0.6878, 4864
0.6886, 4863
0.6891, 4862
0.6897, 4861
0.6904, 4860
0.6911, 4859
0.6919, 4858
0.6924, 4857
0.6931, 4856
0.6940, 4855
0.6946, 4854
0.6956, 4853
0.6962, 4852
0.6967, 4851
0.6973, 4850
0.6982, 4849
0.6988, 4848
0.6995, 4847
0.7001, 4846
0.7006, 4845
0.7013, 4844
0.7018, 4843
0.7023, 4842
0.7028, 4841
0.7035, 4840
0.7042, 4839
0.7052, 4838
0.7059, 4837
0.7066, 4836
0.7071, 4835
0.7076, 4834
0.7083, 4833
0.7089, 4832
0.7094, 4831
0.7104, 4830
0.7109, 4829
0.7115, 4828
0.7122, 4827
0.7132, 4826
0.7140, 4825
0.7145, 4824
0.7152, 4823
0.7158, 4822
0.7164, 4821
0.7170, 4820
0.7175, 4819
0.7181, 4818
0.7187, 4817
0.7192, 4816
0.7198, 4815
0.7203, 4814
0.7212, 4813
0.7221, 4812
0.7228, 4811
0.7233, 4810
0.7242, 4809
0.7247, 4808
0.7252, 4807
0.7257, 4806
0.7263, 4805
0.7271, 4804
0.7280, 4803
0.7285, 4802
0.7291, 4801
0.7298, 4800
0.7304, 4799
0.7309, 4798
0.7314, 4797
0.7320, 4796
0.7326, 4795
0.7332, 4794
0.7339, 4793
0.7344, 4792
0.7352, 4791
0.7357, 4790
0.7365, 4789
0.7370, 4788
0.7377, 4787
0.7382, 4786
0.7387, 4785
0.7393, 4784
0.7398, 4783
0.7405, 4782
0.7410, 4781
0.7419, 4780
0.7427, 4779
0.7432, 4778
0.7440, 4777
0.7445, 4776
0.7450, 4775
0.7455, 4774
0.7465, 4773
0.7471, 4772
0.7478, 4771
0.7483, 4770
0.7489, 4769
0.7498, 4768
0.7504, 4767
0.7509, 4766
0.7515, 4765
0.7524, 4764
0.7532, 4763
0.7539, 4762
0.7545, 4761
0.7550, 4760
0.7556, 4759
0.7567, 4758
0.7573, 4757
0.7578, 4756
0.7586, 4755
0.7592, 4754
0.7598, 4753
0.7603, 4752
0.7608, 4751
0.7616, 4750
0.7621, 4749
0.7627, 4748
0.7632, 4747
0.7641, 4746
0.7647, 4745
0.7655, 4744
0.7662, 4743
0.7670, 4742
0.7678, 4741
0.7684, 4740
0.7689, 4739
0.7694, 4738
0.7699, 4737
0.7706, 4736
0.7714, 4735
0.7719, 4734
0.7725, 4733
0.7730, 4732
0.7735, 4731
0.7743, 4730
0.7748, 4729
0.7753, 4728
0.7758, 4727
0.7767, 4726
0.7774, 4725
0.7782, 4724
0.7791, 4723
0.7796, 4722
0.7803, 4721
0.7811, 4720
0.7816, 4719
0.7822, 4718
0.7828, 4717
0.7835, 4716
0.7843, 4715
0.7851, 4714
0.7859, 4713
0.7865, 4712
0.7873, 4711
0.7880, 4710
0.7890, 4709
0.7897, 4708
0.7905, 4707
0.7911, 4706
0.7920, 4705
0.7927, 4704
0.7934, 4703
0.7943, 4702
0.7952, 4701
0.7960, 4700
0.7969, 4699
0.7976, 4698
0.7984, 4697
0.7990, 4696
0.7999, 4695
0.8006, 4694
0.8015, 4693
0.8023, 4692
0.8032, 4691
0.8041, 4690
0.9707, 4689
1.2114, 4688
1.3126, 4687
1.3915, 4686
1.6741, 4685
1.6746, 4684
1.7341, 4683
1.8534, 4682
1.9724, 4681
2.1764, 4680
2.2563, 4679
2.3753, 4678
2.4156, 4677
2.6152, 4676
2.8956, 4675
2.9166, 4674
3.0160, 4673
3.2397, 4672
3.2601, 4671
3.2608, 4670
3.4209, 4669
3.4216, 4668
3.5221, 4667
3.6413, 4666
3.7035, 4665
3.7042, 4664
3.7248, 4663
4.1657, 4662
4.2704, 4661
4.7450, 4660
4.7871, 4659
4.9267, 4658
4.9665, 4657
5.1281, 4656
5.4091, 4655
5.7979, 4654
5.8982, 4653
5.8987, 4652
6.4412, 4651
6.5611, 4650
6.7836, 4649
7.3371, 4648
7.4369, 4647
7.5554, 4646
7.8353, 4645
7.8359, 4644
7.8977, 4643
7.8984, 4642
7.9609, 4641
8.4169, 4640
8.5392, 4639
8.5808, 4638
8.8799, 4637
8.9198, 4636
9.2845, 4635
9.3640, 4634
9.5039, 4633
9.7651, 4632
9.9067, 4631
