0.0000, 5900
0.0005, 5899
0.0012, 5898
0.0018, 5897
0.0028, 5896
0.0035, 5895
0.0042, 5894
0.0049, 5893
0.0057, 5892
0.0063, 5891
0.0071, 5890
0.0076, 5889
0.0082, 5888
0.0087, 5887
0.0096, 5886
0.0106, 5885
0.0112, 5884
0.0124, 5883
0.0131, 5882
0.0142, 5881
0.0147, 5880
0.0157, 5879
0.0165, 5878
0.0175, 5877
0.0180, 5876
0.0185, 5875
0.0191, 5874
0.0197, 5873
0.0208, 5872
0.0214, 5871
0.0219, 5870
0.0224, 5869
0.0231, 5868
0.0237, 5867
0.0242, 5866
0.0247, 5865
0.0256, 5864
0.0264, 5863
0.0270, 5862
0.0275, 5861
0.0281, 5860
0.0287, 5859
0.0293, 5858
0.0298, 5857
0.0304, 5856
0.0310, 5855
0.0315, 5854
0.0321, 5853
0.0326, 5852
0.0337, 5851
0.0346, 5850
0.0351, 5849
0.0356, 5848
0.0363, 5847
0.0368, 5846
0.0374, 5845
0.0382, 5844
0.0387, 5843
0.0392, 5842
0.0397, 5841
0.0405, 5840
0.0412, 5839
0.0417, 5838
0.0422, 5837
0.0429, 5836
0.0435, 5835
0.0441, 5834
0.0447, 5833
0.0454, 5832
0.0459, 5831
0.0464, 5830
0.0472, 5829
0.0477, 5828
0.0482, 5827
0.0488, 5826
0.0498, 5825
0.0503, 5824
0.0508, 5823
0.0516, 5822
0.0521, 5821
0.0527, 5820
0.0532, 5819
0.0537, 5818
0.0542, 5817
0.0551, 5816
0.0557, 5815
0.0567, 5814
0.0577, 5813
0.0584, 5812
0.0590, 5811
0.0599, 5810
0.0606, 5809
0.0612, 5808
0.0618, 5807
0.0623, 5806
0.0631, 5805
0.0637, 5804
0.0642, 5803
0.0647, 5802
0.0652, 5801
0.0658, 5800
0.0667, 5799
0.0672, 5798
0.0678, 5797
0.0684, 5796
0.0691, 5795
0.0696, 5794
0.0703, 5793
0.0709, 5792
0.0714, 5791
0.0720, 5790
0.0725, 5789
0.0730, 5788
0.0736, 5787
0.0741, 5786
0.0754, 5785
0.0765, 5784
0.0773, 5783
0.0778, 5782
0.0783, 5781
0.0789, 5780
0.0795, 5779
0.0804, 5778
0.0810, 5777
0.0818, 5776
0.0824, 5775
0.0831, 5774
0.0837, 5773
0.0848, 5772
0.0854, 5771
0.0866, 5770
0.0872, 5769
0.0878, 5768
0.0885, 5767
0.0891, 5766
0.0897, 5765
0.0905, 5764
0.0911, 5763
0.0916, 5762
0.0922, 5761
0.0927, 5760
0.0937, 5759
0.0942, 5758
0.0947, 5757
0.0952, 5756
0.0958, 5755
0.0963, 5754
0.0971, 5753
0.0978, 5752
0.0984, 5751
0.0989, 5750
0.0994, 5749
0.1003, 5748
0.1008, 5747
0.1013, 5746
0.1022, 5745
0.1033, 5744
0.1038, 5743
0.1044, 5742
0.1050, 5741
0.1060, 5740
0.1066, 5739
0.1071, 5738
0.1077, 5737
0.1082, 5736
0.1088, 5735
0.1094, 5734
0.1099, 5733
0.1105, 5732
0.1111, 5731
0.1117, 5730
0.1122, 5729
0.1128, 5728
0.1133, 5727
0.1139, 5726
0.1145, 5725
0.1152, 5724
0.1159, 5723
0.1169, 5722
0.1176, 5721
0.1181, 5720
0.1188, 5719
0.1196, 5718
0.1206, 5717
0.1214, 5716
0.1224, 5715
0.1234, 5714
0.1240, 5713
0.1246, 5712
0.1252, 5711
0.1257, 5710
0.1263, 5709
0.1271, 5708
0.1279, 5707
0.1285, 5706
0.1290, 5705
0.1296, 5704
0.1301, 5703
0.1307, 5702
0.1312, 5701
0.1319, 5700
0.1329, 5699
0.1334, 5698
0.1340, 5697
0.1345, 5696
0.1356, 5695
0.1363, 5694
0.1369, 5693
0.1375, 5692
0.1381, 5691
0.1386, 5690
0.1392, 5689
0.1399, 5688
0.1404, 5687
0.1410, 5686
0.1419, 5685
0.1425, 5684
0.1431, 5683
0.1437, 5682
0.1443, 5681
0.1449, 5680
0.1455, 5679
0.1461, 5678
0.1468, 5677
0.1474, 5676
0.1479, 5675
0.1485, 5674
0.1490, 5673
0.1496, 5672
0.1502, 5671
0.1507, 5670
0.1514, 5669
0.1519, 5668
0.1526, 5667
0.1531, 5666
0.1537, 5665
0.1543, 5664
0.1549, 5663
0.1554, 5662
0.1564, 5661
0.1570, 5660
0.1579, 5659
0.1585, 5658
0.1596, 5657
0.1606, 5656
0.1615, 5655
0.1622, 5654
0.1629, 5653
0.1636, 5652
0.1642, 5651
0.1647, 5650
0.1653, 5649
0.1658, 5648
0.1666, 5647
0.1672, 5646
0.1677, 5645
0.1685, 5644
0.1690, 5643
0.1697, 5642
0.1702, 5641
0.1709, 5640
0.1717, 5639
0.1726, 5638
0.1732, 5637
0.1737, 5636
0.1744, 5635
0.1755, 5634
0.1761, 5633
0.1772, 5632
0.1780, 5631
0.1786, 5630
0.1796, 5629
0.1805, 5628
0.1811, 5627
0.1822, 5626
0.1830, 5625
0.1837, 5624
0.1845, 5623
0.1851, 5622
0.1857, 5621
0.1864, 5620
0.1871, 5619
0.1880, 5618
0.1886, 5617
0.1892, 5616
0.1898, 5615
0.1905, 5614
0.1914, 5613
0.1919, 5612
0.1925, 5611
0.1931, 5610
0.1939, 5609
0.1945, 5608
0.1951, 5607
0.1956, 5606
0.1962, 5605
0.1969, 5604
0.1974, 5603
0.1980, 5602
0.1986, 5601
0.1991, 5600
0.1996, 5599
0.2002, 5598
0.2007, 5597
0.2013, 5596
0.2018, 5595
0.2027, 5594
0.2033, 5593
0.2042, 5592
0.2048, 5591
0.2056, 5590
0.2064, 5589
0.2073, 5588
0.2079, 5587
0.2085, 5586
0.2091, 5585
0.2098, 5584
0.2107, 5583
0.2114, 5582
0.2120, 5581
0.2126, 5580
0.2132, 5579
0.2139, 5578
0.2145, 5577
0.2155, 5576
0.2161, 5575
0.2167, 5574
0.2175, 5573
0.2181, 5572
0.2186, 5571
0.2194, 5570
0.2203, 5569
0.2209, 5568
0.2217, 5567
0.2223, 5566
0.2229, 5565
0.2235, 5564
0.2242, 5563
0.2253, 5562
0.2260, 5561
0.2266, 5560
0.2272, 5559
0.2277, 5558
0.2283, 5557
0.2293, 5556
0.2299, 5555
0.2304, 5554
0.2311, 5553
0.2319, 5552
0.2326, 5551
0.2332, 5550
0.2338, 5549
0.2344, 5548
0.2351, 5547
0.2357, 5546
0.2363, 5545
0.2369, 5544
0.2374, 5543
0.2380, 5542
0.2387, 5541
0.2393, 5540
0.2399, 5539
0.2404, 5538
0.2409, 5537
0.2415, 5536
0.2421, 5535
0.2428, 5534
0.2436, 5533
0.2442, 5532
0.2448, 5531
0.2453, 5530
0.2459, 5529
0.2465, 5528
0.2470, 5527
0.2475, 5526
0.2483, 5525
0.2489, 5524
0.2497, 5523
0.2506, 5522
0.2516, 5521
0.2525, 5520
0.2532, 5519
0.2538, 5518
0.2544, 5517
0.2550, 5516
0.2556, 5515
0.2564, 5514
0.2570, 5513
0.2576, 5512
0.2581, 5511
0.2587, 5510
0.2592, 5509
0.2598, 5508
0.2604, 5507
0.2611, 5506
0.2617, 5505
0.2622, 5504
0.2628, 5503
0.2637, 5502
0.2643, 5501
0.2649, 5500
0.2655, 5499
0.2664, 5498
0.2671, 5497
0.2678, 5496
0.2683, 5495
0.2690, 5494
0.2697, 5493
0.2703, 5492
0.2708, 5491
0.2718, 5490
0.2727, 5489
0.2732, 5488
0.2738, 5487
0.2743, 5486
0.2749, 5485
0.2758, 5484
0.2764, 5483
0.2769, 5482
0.2779, 5481
0.2785, 5480
0.2790, 5479
0.2796, 5478
0.2802, 5477
0.2808, 5476
0.2814, 5475
0.2819, 5474
0.2827, 5473
0.2833, 5472
0.2839, 5471
0.2845, 5470
0.2852, 5469
0.2857, 5468
0.2863, 5467
0.2869, 5466
0.2879, 5465
0.2885, 5464
0.2890, 5463
0.2895, 5462
0.2902, 5461
0.2908, 5460
0.2914, 5459
0.2920, 5458
0.2926, 5457
0.2932, 5456
0.2940, 5455
0.2947, 5454
0.2953, 5453
0.2960, 5452
0.2965, 5451
0.2973, 5450
0.2978, 5449
0.2986, 5448
0.2992, 5447
0.2998, 5446
0.3003, 5445
0.3009, 5444
0.3019, 5443
0.3025, 5442
0.3031, 5441
0.3037, 5440
0.3043, 5439
0.3050, 5438
0.3059, 5437
0.3066, 5436
0.3072, 5435
0.3079, 5434
0.3085, 5433
0.3091, 5432
0.3101, 5431
0.3106, 5430
0.3112, 5429
0.3118, 5428
0.3124, 5427
0.3131, 5426
0.3140, 5425
0.3146, 5424
0.3152, 5423
0.3160, 5422
0.3166, 5421
0.3173, 5420
0.3183, 5419
0.3189, 5418
0.3194, 5417
0.3204, 5416
0.3210, 5415
0.3217, 5414
0.3223, 5413
0.3228, 5412
0.3235, 5411
0.3240, 5410
0.3246, 5409
0.3251, 5408
0.3256, 5407
0.3264, 5406
0.3272, 5405
0.3280, 5404
0.3288, 5403
0.3296, 5402
0.3301, 5401
0.3307, 5400
0.3315, 5399
0.3323, 5398
0.3330, 5397
0.3337, 5396
0.3343, 5395
0.3351, 5394
0.3359, 5393
0.3365, 5392
0.3373, 5391
0.3378, 5390
0.3384, 5389
0.3390, 5388
0.3396, 5387
0.3402, 5386
0.3411, 5385
0.3416, 5384
0.3423, 5383
0.3429, 5382
0.3437, 5381
0.3443, 5380
0.3449, 5379
0.3454, 5378
0.3462, 5377
0.3469, 5376
0.3475, 5375
0.3481, 5374
0.3488, 5373
0.3494, 5372
0.3500, 5371
0.3507, 5370
0.3513, 5369
0.3521, 5368
0.3528, 5367
0.3533, 5366
0.3541, 5365
0.3548, 5364
0.3554, 5363
0.3565, 5362
0.3571, 5361
0.3578, 5360
0.3586, 5359
0.3592, 5358
0.3598, 5357
0.3609, 5356
0.3615, 5355
0.3621, 5354
0.3627, 5353
0.3634, 5352
0.3640, 5351
0.3649, 5350
0.3655, 5349
0.3661, 5348
0.3667, 5347
0.3673, 5346
0.3682, 5345
0.3690, 5344
0.3696, 5343
0.3703, 5342
0.3710, 5341
0.3715, 5340
0.3721, 5339
0.3727, 5338
0.3733, 5337
0.3739, 5336
0.3745, 5335
0.3751, 5334
0.3758, 5333
0.3767, 5332
0.3777, 5331
0.3783, 5330
0.3789, 5329
0.3794, 5328
0.3801, 5327
0.3807, 5326
0.3813, 5325
0.3818, 5324
0.3825, 5323
0.3835, 5322
0.3844, 5321
0.3854, 5320
0.3862, 5319
0.3868, 5318
0.3874, 5317
0.3879, 5316
0.3887, 5315
0.3894, 5314
0.3901, 5313
0.3907, 5312
0.3915, 5311
0.3923, 5310
0.3928, 5309
0.3935, 5308
0.3944, 5307
0.3951, 5306
0.3957, 5305
0.3963, 5304
0.3969, 5303
0.3976, 5302
0.3982, 5301
0.3987, 5300
0.3994, 5299
0.3999, 5298
0.4006, 5297
0.4011, 5296
0.4019, 5295
0.4026, 5294
0.4031, 5293
0.4037, 5292
0.4045, 5291
0.4052, 5290
0.4059, 5289
0.4067, 5288
0.4074, 5287
0.4079, 5286
0.4086, 5285
0.4091, 5284
0.4098, 5283
0.4104, 5282
0.4110, 5281
0.4115, 5280
0.4121, 5279
0.4127, 5278
0.4133, 5277
0.4139, 5276
0.4146, 5275
0.4153, 5274
0.4161, 5273
0.4167, 5272
0.4173, 5271
0.4179, 5270
0.4186, 5269
0.4192, 5268
0.4198, 5267
0.4203, 5266
0.4209, 5265
0.4217, 5264
0.4224, 5263
0.4230, 5262
0.4236, 5261
0.4241, 5260
0.4250, 5259
0.4255, 5258
0.4261, 5257
0.4268, 5256
0.4276, 5255
0.4282, 5254
0.4292, 5253
0.4300, 5252
0.4307, 5251
0.4318, 5250
0.4323, 5249
0.4329, 5248
0.4335, 5247
0.4342, 5246
0.4348, 5245
0.4354, 5244
0.4361, 5243
0.4366, 5242
0.4372, 5241
0.4378, 5240
0.4384, 5239
0.4389, 5238
0.4396, 5237
0.4404, 5236
0.4410, 5235
0.4416, 5234
0.4422, 5233
0.4427, 5232
0.4435, 5231
0.4441, 5230
0.4446, 5229
0.4452, 5228
0.4459, 5227
0.4467, 5226
0.4473, 5225
0.4478, 5224
0.4488, 5223
0.4497, 5222
0.4503, 5221
0.4511, 5220
0.4518, 5219
0.4524, 5218
0.4530, 5217
0.4536, 5216
0.4543, 5215
0.4551, 5214
0.4556, 5213
0.4564, 5212
0.4571, 5211
0.4579, 5210
0.4587, 5209
0.4593, 5208
0.4600, 5207
0.4608, 5206
0.4616, 5205
0.4622, 5204
0.4631, 5203
0.4637, 5202
0.4644, 5201
0.4650, 5200
0.4658, 5199
0.4665, 5198
0.4672, 5197
0.4679, 5196
0.4685, 5195
0.4693, 5194
0.4699, 5193
0.4704, 5192
0.4711, 5191
0.4716, 5190
0.4724, 5189
0.4729, 5188
0.4734, 5187
0.4740, 5186
0.4746, 5185
0.4752, 5184
0.4758, 5183
0.4766, 5182
0.4773, 5181
0.4781, 5180
0.4790, 5179
0.4796, 5178
0.4805, 5177
0.4812, 5176
0.4818, 5175
0.4827, 5174
0.4834, 5173
0.4842, 5172
0.4847, 5171
0.4854, 5170
0.4859, 5169
0.4867, 5168
0.4873, 5167
0.4879, 5166
0.4885, 5165
0.4894, 5164
0.4900, 5163
0.4907, 5162
0.4914, 5161
0.4924, 5160
0.4931, 5159
0.4938, 5158
0.4945, 5157
0.4951, 5156
0.4956, 5155
0.4963, 5154
0.4970, 5153
0.4978, 5152
0.4985, 5151
0.4991, 5150
0.4998, 5149
0.5004, 5148
0.5011, 5147
0.5016, 5146
0.5021, 5145
0.5026, 5144
0.5034, 5143
0.5039, 5142
0.5045, 5141
0.5050, 5140
0.5056, 5139
0.5062, 5138
0.5069, 5137
0.5077, 5136
0.5083, 5135
0.5091, 5134
0.5097, 5133
0.5102, 5132
0.5108, 5131
0.5115, 5130
0.5122, 5129
0.5129, 5128
0.5135, 5127
0.5143, 5126
0.5150, 5125
0.5156, 5124
0.5162, 5123
0.5168, 5122
0.5173, 5121
0.5181, 5120
0.5186, 5119
0.5192, 5118
0.5197, 5117
0.5202, 5116
0.5208, 5115
0.5214, 5114
0.5223, 5113
0.5230, 5112
0.5237, 5111
0.5245, 5110
0.5251, 5109
0.5257, 5108
0.5262, 5107
0.5268, 5106
0.5274, 5105
0.5280, 5104
0.5287, 5103
0.5295, 5102
0.5301, 5101
0.5310, 5100
0.5316, 5099
0.5324, 5098
0.5332, 5097
0.5337, 5096
0.5345, 5095
0.5350, 5094
0.5356, 5093
0.5363, 5092
0.5369, 5091
0.5376, 5090
0.5382, 5089
0.5389, 5088
0.5396, 5087
0.5405, 5086
0.5412, 5085
0.5417, 5084
0.5424, 5083
0.5431, 5082
0.5438, 5081
0.5443, 5080
0.5450, 5079
0.5456, 5078
0.5462, 5077
0.5468, 5076
0.5474, 5075
0.5481, 5074
0.5488, 5073
0.5495, 5072
0.5501, 5071
0.5506, 5070
0.5511, 5069
0.5519, 5068
0.5529, 5067
0.5535, 5066
0.5542, 5065
0.5550, 5064
0.5560, 5063
0.5566, 5062
0.5573, 5061
0.5578, 5060
0.5586, 5059
0.5592, 5058
0.5598, 5057
0.5604, 5056
0.5609, 5055
0.5616, 5054
0.5623, 5053
0.5630, 5052
0.5636, 5051
0.5641, 5050
0.5647, 5049
0.5653, 5048
0.5661, 5047
0.5667, 5046
0.5677, 5045
0.5683, 5044
0.5689, 5043
0.5695, 5042
0.5701, 5041
0.5710, 5040
0.5715, 5039
0.5722, 5038
0.5730, 5037
0.5736, 5036
0.5740, 5035
0.5748, 5034
0.5756, 5033
0.5762, 5032
0.5768, 5031
0.5777, 5030
0.5784, 5029
0.5792, 5028
0.5797, 5027
0.5804, 5026
0.5811, 5025
0.5817, 5024
0.5823, 5023
0.5829, 5022
0.5836, 5021
0.5843, 5020
0.5853, 5019
0.5862, 5018
0.5867, 5017
0.5872, 5016
0.5878, 5015
0.5888, 5014
0.5894, 5013
0.5901, 5012
0.5909, 5011
0.5915, 5010
0.5922, 5009
0.5928, 5008
0.5933, 5007
0.5939, 5006
0.5948, 5005
0.5953, 5004
0.5961, 5003
0.5967, 5002
0.5973, 5001
0.5982, 5000
0.5988, 4999
0.5997, 4998
0.6003, 4997
0.6009, 4996
0.6015, 4995
0.6020, 4994
0.6027, 4993
0.6034, 4992
0.6039, 4991
0.6047, 4990
0.6054, 4989
0.6064, 4988
0.6071, 4987
0.6077, 4986
0.6083, 4985
0.6090, 4984
0.6097, 4983
0.6103, 4982
0.6110, 4981
0.6118, 4980
0.6127, 4979
0.6132, 4978
0.6137, 4977
0.6144, 4976
0.6154, 4975
0.6164, 4974
0.6169, 4973
0.6175, 4972
0.6182, 4971
0.6189, 4970
0.6194, 4969
0.6202, 4968
0.6209, 4967
0.6215, 4966
0.6223, 4965
0.6229, 4964
0.6234, 4963
0.6239, 4962
0.6247, 4961
0.6254, 4960
0.6259, 4959
0.6265, 4958
0.6270, 4957
0.6276, 4956
0.6284, 4955
0.6289, 4954
0.6295, 4953
0.6301, 4952
0.6308, 4951
0.6318, 4950
0.6326, 4949
0.6337, 4948
0.6343, 4947
0.6349, 4946
0.6358, 4945
0.6363, 4944
0.6369, 4943
0.6374, 4942
0.6380, 4941
0.6385, 4940
0.6391, 4939
0.6397, 4938
0.6403, 4937
0.6409, 4936
0.6416, 4935
0.6425, 4934
0.6433, 4933
0.6439, 4932
0.6445, 4931
0.6451, 4930
0.6457, 4929
0.6463, 4928
0.6469, 4927
0.6475, 4926
0.6482, 4925
0.6489, 4924
0.6495, 4923
0.6502, 4922
0.6509, 4921
0.6514, 4920
0.6521, 4919
0.6530, 4918
0.6539, 4917
0.6544, 4916
0.6552, 4915
0.6557, 4914
0.6563, 4913
0.6568, 4912
0.6573, 4911
0.6579, 4910
0.6584, 4909
0.6593, 4908
0.6598, 4907
0.6604, 4906
0.6610, 4905
0.6615, 4904
0.6621, 4903
0.6626, 4902
0.6633, 4901
0.6639, 4900
0.6648, 4899
0.6655, 4898
0.6660, 4897
0.6666, 4896
0.6671, 4895
0.6678, 4894
0.6685, 4893
0.6690, 4892
0.6698, 4891
0.6706, 4890
0.6713, 4889
0.6718, 4888
0.6724, 4887
0.6730, 4886
0.6736, 4885
0.6741, 4884
0.6747, 4883
0.6753, 4882
0.6759, 4881
0.6765, 4880
0.6771, 4879
0.6780, 4878
0.6785, 4877
0.6790, 4876
0.6798, 4875
0.6804, 4874
0.6809, 4873
0.6815, 4872
0.6823, 4871
0.6830, 4870
0.6838, 4869
0.6846, 4868
0.6851, 4867
0.6856, 4866
0.6861, 4865
0.6871, 4864
0.6879, 4863
0.6885, 4862
0.6890, 4861
0.6898, 4860
0.6904, 4859
0.6912, 4858
0.6918, 4857
0.6925, 4856
0.6934, 4855
0.6939, 4854
0.6950, 4853
0.6956, 4852
0.6961, 4851
0.6967, 4850
0.6976, 4849
0.6982, 4848
0.6989, 4847
0.6995, 4846
0.7000, 4845
0.7007, 4844
0.7012, 4843
0.7017, 4842
0.7023, 4841
0.7030, 4840
0.7037, 4839
0.7046, 4838
0.7053, 4837
0.7060, 4836
0.7065, 4835
0.7070, 4834
0.7077, 4833
0.7083, 4832
0.7089, 4831
0.7098, 4830
0.7103, 4829
0.7109, 4828
0.7115, 4827
0.7125, 4826
0.7133, 4825
0.7138, 4824
0.7145, 4823
0.7150, 4822
0.7156, 4821
0.7162, 4820
0.7167, 4819
0.7174, 4818
0.7179, 4817
0.7184, 4816
0.7189, 4815
0.7195, 4814
0.7203, 4813
0.7212, 4812
0.7219, 4811
0.7224, 4810
0.7233, 4809
0.7238, 4808
0.7243, 4807
0.7248, 4806
0.7253, 4805
0.7262, 4804
0.7271, 4803
0.7276, 4802
0.7282, 4801
0.7288, 4800
0.7295, 4799
0.7300, 4798
0.7305, 4797
0.7311, 4796
0.7317, 4795
0.7324, 4794
0.7330, 4793
0.7336, 4792
0.7343, 4791
0.7348, 4790
0.7356, 4789
0.7362, 4788
0.7368, 4787
0.7373, 4786
0.7379, 4785
0.7384, 4784
0.7389, 4783
0.7397, 4782
0.7402, 4781
0.7411, 4780
0.7419, 4779
0.7424, 4778
0.7432, 4777
0.7437, 4776
0.7443, 4775
0.7448, 4774
0.7457, 4773
0.7463, 4772
0.7471, 4771
0.7476, 4770
0.7482, 4769
0.7490, 4768
0.7497, 4767
0.7502, 4766
0.7507, 4765
0.7516, 4764
0.7525, 4763
0.7531, 4762
0.7537, 4761
0.7542, 4760
0.7548, 4759
0.7559, 4758
0.7565, 4757
0.7571, 4756
0.7579, 4755
0.7584, 4754
0.7590, 4753
0.7595, 4752
0.7600, 4751
0.7608, 4750
0.7613, 4749
0.7618, 4748
0.7624, 4747
0.7633, 4746
0.7638, 4745
0.7647, 4744
0.7654, 4743
0.7662, 4742
0.7670, 4741
0.7676, 4740
0.7681, 4739
0.7686, 4738
0.7691, 4737
0.7698, 4736
0.7707, 4735
0.7712, 4734
0.7718, 4733
0.7723, 4732
0.7728, 4731
0.7736, 4730
0.7741, 4729
0.7746, 4728
0.7751, 4727
0.7760, 4726
0.7767, 4725
0.7776, 4724
0.7785, 4723
0.7790, 4722
0.7797, 4721
0.7805, 4720
0.7810, 4719
0.7816, 4718
0.7821, 4717
0.7829, 4716
0.7837, 4715
0.7844, 4714
0.7853, 4713
0.7858, 4712
0.7865, 4711
0.7873, 4710
0.7882, 4709
0.7889, 4708
0.7897, 4707
0.7903, 4706
0.7911, 4705
0.7918, 4704
0.7925, 4703
0.7934, 4702
0.7943, 4701
0.7951, 4700
0.7960, 4699
0.7968, 4698
0.7975, 4697
0.7982, 4696
0.7990, 4695
0.7997, 4694
0.8007, 4693
0.8015, 4692
0.8024, 4691
0.8033, 4690
0.9659, 4689
1.2027, 4688
1.2421, 4687
1.3011, 4686
1.6344, 4685
1.6541, 4684
1.7133, 4683
1.8304, 4682
1.9487, 4681
2.1639, 4680
2.2233, 4679
2.3603, 4678
2.4391, 4677
2.5764, 4676
2.8719, 4675
2.8723, 4674
2.9907, 4673
3.1682, 4672
3.1689, 4671
3.2485, 4670
3.3477, 4669
3.3882, 4668
3.4878, 4667
3.6042, 4666
3.6048, 4665
3.6055, 4664
3.6639, 4663
4.0960, 4662
4.1943, 4661
4.6455, 4660
4.6856, 4659
4.8235, 4658
4.8632, 4657
5.0013, 4656
5.2571, 4655
5.6879, 4654
5.7471, 4653
5.7476, 4652
6.2985, 4651
6.4382, 4650
6.5373, 4649
7.2023, 4648
7.3396, 4647
7.3989, 4646
7.6754, 4645
7.6760, 4644
7.7544, 4643
7.7550, 4642
7.8534, 4641
8.2248, 4640
8.3422, 4639
8.3822, 4638
8.6575, 4637
8.7759, 4636
8.9953, 4635
9.1717, 4634
9.2897, 4633
9.5245, 4632
9.7595, 4631
9.9177, 4630
9.9572, 4629
