0.1074, 4688
0.1374, 4687
0.3443, 4683
0.3902, 4682
0.4639, 4681
0.4789, 4680
0.5234, 4679
0.5689, 4678
0.6612, 4677
0.7126, 4675
0.7430, 4674
0.7535, 4671
0.9131, 4668
0.9438, 4666
1.0706, 4664
1.1245, 4663
1.1575, 4662
1.1678, 4661
1.2113, 4660
1.3196, 4659
1.3414, 4658
1.3522, 4657
1.4066, 4656
1.4485, 4654
1.5248, 4653
1.5655, 4651
1.5963, 4648
1.8017, 4647
2.1379, 4646
2.1587, 4645
2.1897, 4644
2.2305, 4641
2.2921, 4639
2.3332, 4638
2.5072, 4636
2.6198, 4635
2.6709, 4633
2.6921, 4630
2.8045, 4629
2.8150, 4628
2.8357, 4627
2.9071, 4626
2.9185, 4625
2.9289, 4624
2.9395, 4623
3.2091, 4622
3.3497, 4621
3.3804, 4620
3.4836, 4619
3.5148, 4617
3.5463, 4614
3.5979, 4613
3.6293, 4612
3.9811, 4611
4.0019, 4610
4.0801, 4609
4.2084, 4602
4.7402, 4599
4.8224, 4597
5.3516, 4596
5.4406, 4595
5.4728, 4594
5.6596, 4592
5.7118, 4591
5.7223, 4590
5.7845, 4589
6.0512, 4588
6.1331, 4587
6.2253, 4586
6.3034, 4584
6.3762, 4583
6.5322, 4582
6.9924, 4581
7.0968, 4579
7.2223, 4578
7.2740, 4577
7.4968, 4576
7.6134, 4575
7.6860, 4574
7.8201, 4573
7.8925, 4572
8.6558, 4571
9.2449, 4570
9.6629, 4569
