0.1108, 4688
0.1407, 4687
0.1717, 4686
0.2028, 4685
0.2232, 4684
0.2541, 4683
0.2845, 4682
0.3356, 4679
0.3767, 4678
0.4183, 4676
0.4290, 4675
0.4597, 4674
0.5510, 4673
0.8478, 4672
0.8999, 4671
1.1394, 4670
1.1600, 4667
1.1704, 4666
1.2319, 4664
1.3037, 4660
1.3867, 4658
1.4087, 4657
1.5126, 4656
1.5432, 4655
1.5947, 4654
1.6153, 4653
1.7599, 4647
1.7846, 4646
1.8414, 4644
1.9650, 4643
2.0369, 4642
2.3019, 4641
2.3128, 4639
2.3237, 4637
2.3752, 4636
2.5509, 4635
2.6438, 4632
2.7261, 4631
2.9704, 4630
3.2662, 4627
3.3592, 4626
3.6261, 4625
3.6973, 4624
3.8510, 4623
3.8923, 4622
3.9948, 4621
4.0256, 4620
4.0674, 4619
4.1011, 4617
4.2452, 4616
4.2867, 4615
4.2972, 4613
4.4110, 4612
4.8419, 4611
4.8932, 4610
4.9279, 4609
5.0597, 4608
5.2841, 4607
5.2956, 4606
5.3882, 4605
5.5249, 4602
5.5500, 4601
5.8815, 4600
5.9335, 4599
6.2001, 4598
6.2411, 4595
6.2934, 4593
6.5092, 4592
6.6222, 4591
6.7760, 4590
6.9302, 4589
7.1257, 4586
7.1980, 4585
7.3623, 4584
7.5789, 4583
7.8059, 4582
7.9492, 4581
7.9706, 4580
8.3910, 4579
8.4322, 4578
8.4637, 4577
8.5686, 4576
8.6918, 4575
8.7025, 4574
8.7341, 4573
9.2694, 4572
10.5367, 4571
