0.1089, 4688
0.1383, 4687
0.1485, 4686
0.1691, 4685
0.2795, 4684
0.3805, 4682
0.3910, 4680
0.4347, 4678
0.4662, 4677
0.4974, 4675
0.5682, 4674
0.6988, 4672
0.7545, 4671
0.7905, 4670
0.8805, 4668
0.9107, 4667
0.9314, 4665
0.9573, 4664
1.0037, 4661
1.0639, 4658
1.0842, 4657
1.1244, 4656
1.2255, 4655
1.2669, 4652
1.2975, 4651
1.5795, 4650
1.6001, 4646
1.6105, 4644
1.7111, 4643
1.7219, 4642
1.7632, 4641
1.9154, 4640
1.9260, 4639
2.0469, 4638
2.1002, 4637
2.1148, 4636
2.1351, 4635
2.1656, 4634
2.3563, 4633
2.3669, 4632
2.3979, 4631
2.4083, 4630
2.4187, 4629
2.4695, 4627
2.4999, 4625
2.6621, 4624
2.7522, 4621
2.9042, 4620
2.9348, 4619
3.1276, 4617
3.2188, 4616
3.3001, 4615
3.3210, 4608
3.4023, 4607
3.4633, 4606
3.8080, 4605
3.8889, 4604
3.9299, 4603
4.0115, 4602
4.1331, 4601
4.1437, 4600
4.3069, 4599
4.4088, 4598
4.6627, 4597
4.6730, 4596
4.7036, 4595
4.7239, 4593
5.1483, 4592
5.3050, 4591
5.3879, 4590
5.4086, 4589
5.6221, 4588
5.6533, 4587
6.2862, 4586
6.3683, 4585
6.9283, 4583
7.0805, 4582
7.0912, 4581
7.1223, 4580
7.1833, 4579
7.3755, 4578
7.5590, 4577
7.9349, 4576
8.1269, 4575
8.2082, 4574
8.2542, 4573
8.4209, 4572
10.0320, 4571
