0.1090, 4688
0.1383, 4687
0.1983, 4685
0.2391, 4682
0.3502, 4679
0.3608, 4678
0.4307, 4677
0.4915, 4675
0.5878, 4674
0.6088, 4673
0.6198, 4672
0.6406, 4668
0.6609, 4667
0.6818, 4664
0.7728, 4663
0.7932, 4662
0.8035, 4661
0.8341, 4660
0.8852, 4659
0.9256, 4656
0.9560, 4655
0.9765, 4653
1.0174, 4652
1.0593, 4651
1.1517, 4650
1.1933, 4649
1.2240, 4648
1.2763, 4647
1.3488, 4644
1.4615, 4643
1.4722, 4641
1.6678, 4640
1.7090, 4634
1.7193, 4633
1.8552, 4632
1.9076, 4631
1.9181, 4630
1.9286, 4629
1.9398, 4628
1.9502, 4627
1.9708, 4626
1.9921, 4625
2.0037, 4624
2.1776, 4623
2.2394, 4622
2.3519, 4621
2.3932, 4620
2.5443, 4619
2.5546, 4618
2.7063, 4617
2.7278, 4616
2.8819, 4613
2.8930, 4612
2.9437, 4610
3.2136, 4609
3.3070, 4608
3.4424, 4607
3.4845, 4606
3.5794, 4605
3.6937, 4603
3.8323, 4601
4.0444, 4600
4.4473, 4599
4.7706, 4598
4.9763, 4597
5.0494, 4596
5.3888, 4595
5.8102, 4594
5.8728, 4591
5.8838, 4590
5.9767, 4589
5.9979, 4587
6.2452, 4586
7.2235, 4585
7.2520, 4584
7.4617, 4583
7.4914, 4581
7.5501, 4580
7.6382, 4579
7.6494, 4578
7.8031, 4577
8.0186, 4576
8.0292, 4575
8.4491, 4573
8.6128, 4572
8.7570, 4571
9.2945, 4570
9.4722, 4569
