0.1093, 4688
0.1386, 4687
0.2184, 4686
0.2680, 4685
0.2984, 4683
0.3487, 4682
0.3993, 4680
0.4794, 4679
0.5399, 4676
0.5811, 4675
0.6823, 4670
0.6930, 4669
0.7732, 4667
0.8242, 4660
0.8346, 4658
0.8952, 4657
1.0466, 4656
1.0869, 4655
1.1479, 4652
1.1682, 4649
1.2285, 4648
1.2601, 4644
1.4016, 4643
1.4517, 4641
1.5527, 4635
1.5634, 4634
1.6050, 4633
1.6759, 4632
1.7366, 4631
1.8177, 4630
1.9077, 4629
1.9380, 4628
1.9787, 4627
2.3204, 4626
2.3613, 4625
2.3916, 4622
2.4422, 4619
2.4590, 4618
2.5094, 4616
2.5308, 4614
2.5784, 4613
2.6486, 4612
2.6795, 4610
2.8619, 4609
3.0775, 4607
3.0880, 4606
3.1384, 4605
3.2613, 4604
3.2921, 4603
3.3225, 4602
3.4446, 4601
3.5157, 4598
3.6256, 4597
3.8902, 4595
3.9504, 4594
4.0816, 4593
4.2830, 4592
4.3344, 4591
4.5480, 4590
4.6596, 4587
4.7506, 4586
4.7822, 4585
4.8227, 4584
4.8650, 4583
5.1590, 4582
5.3407, 4581
5.5847, 4580
5.9824, 4579
6.2690, 4578
6.5202, 4577
6.5305, 4576
6.5520, 4575
7.2609, 4574
7.9173, 4573
8.3908, 4572
8.5235, 4571
9.0275, 4570
9.2019, 4569
9.6170, 4568
9.6775, 4567
9.8618, 4566
10.0864, 4565
