0.1092, 4688
0.1387, 4687
0.1592, 4686
0.2651, 4683
0.2799, 4682
0.3101, 4681
0.4099, 4680
0.4608, 4679
0.4711, 4678
0.5319, 4675
0.5425, 4674
0.5831, 4673
0.5945, 4668
0.6050, 4667
0.6990, 4666
0.7299, 4665
0.8059, 4664
0.8433, 4662
0.9565, 4661
1.1623, 4659
1.3156, 4658
1.3766, 4656
1.4074, 4655
1.4787, 4651
1.5290, 4650
1.5500, 4649
1.6027, 4648
1.6532, 4646
1.6749, 4644
1.6854, 4642
1.7371, 4640
1.7476, 4639
1.8297, 4638
1.9420, 4636
1.9525, 4635
2.0435, 4634
2.0537, 4633
2.0842, 4632
2.2368, 4630
2.2682, 4629
2.3294, 4626
2.3398, 4625
2.4721, 4624
2.5133, 4623
2.5240, 4622
2.5655, 4620
2.7377, 4619
2.8090, 4618
3.0637, 4617
3.1875, 4616
3.4338, 4615
3.5672, 4613
3.6892, 4612
3.7615, 4609
4.0555, 4608
4.1762, 4607
4.2779, 4606
4.5559, 4603
4.6484, 4602
4.6897, 4601
4.7008, 4600
4.7219, 4599
4.7835, 4598
5.0287, 4596
5.0797, 4594
5.5760, 4593
5.7137, 4591
5.7694, 4590
6.3434, 4589
6.4289, 4588
6.4400, 4587
6.7222, 4586
6.7528, 4585
6.8880, 4584
7.0443, 4583
7.2095, 4582
7.3419, 4581
7.7570, 4579
7.9529, 4578
8.1375, 4577
8.2608, 4576
8.5562, 4575
8.5668, 4574
8.6715, 4572
8.7957, 4571
8.8998, 4570
9.6311, 4569
9.6721, 4568
10.4274, 4567
