0.1091, 4688
0.1385, 4687
0.1589, 4686
0.1690, 4685
0.2600, 4683
0.2908, 4681
0.5420, 4680
0.5524, 4679
0.5630, 4676
0.6343, 4675
0.6448, 4674
0.7517, 4669
0.7871, 4665
0.7973, 4664
0.8281, 4663
0.8786, 4661
0.8893, 4658
1.0008, 4657
1.0318, 4654
1.0822, 4653
1.2032, 4652
1.3145, 4651
1.3357, 4650
1.3464, 4648
1.3971, 4647
1.4177, 4646
1.4499, 4642
1.4611, 4641
1.7614, 4640
1.8243, 4638
2.0401, 4637
2.0605, 4636
2.1218, 4630
2.1544, 4629
2.2180, 4628
2.2697, 4627
2.2903, 4626
2.3011, 4624
2.3829, 4623
2.4032, 4621
2.4140, 4620
2.5577, 4619
2.7299, 4618
2.8518, 4617
2.8886, 4616
2.9646, 4615
3.0678, 4614
3.0986, 4613
3.1199, 4612
3.2119, 4611
3.2324, 4608
3.3341, 4607
3.3646, 4606
3.3950, 4605
3.4359, 4603
3.4871, 4601
3.6532, 4599
3.6638, 4598
3.6845, 4597
3.7257, 4596
4.0665, 4595
4.1489, 4593
4.4645, 4591
4.5265, 4590
4.7591, 4589
4.9021, 4587
5.4507, 4586
5.5230, 4585
5.5636, 4584
6.0907, 4583
6.1011, 4582
6.1630, 4581
6.2343, 4580
6.5316, 4579
6.6138, 4578
6.7270, 4577
6.8234, 4576
7.8701, 4574
8.4836, 4573
8.8567, 4572
8.9497, 4571
9.0623, 4570
9.2848, 4569
9.6324, 4568
9.8060, 4567
9.9501, 4566
10.4094, 4565
