0.1089, 4688
0.1384, 4687
0.1589, 4686
0.2302, 4685
0.2912, 4684
0.3015, 4682
0.4728, 4681
0.4935, 4679
0.5246, 4678
0.6053, 4677
0.6255, 4676
0.6465, 4674
0.6779, 4669
0.6886, 4668
0.6993, 4667
0.8030, 4666
0.8134, 4665
0.8240, 4663
0.8552, 4661
0.8964, 4660
0.9276, 4659
0.9384, 4658
0.9489, 4657
1.0306, 4656
1.0614, 4655
1.1232, 4654
1.2467, 4649
1.2573, 4648
1.3295, 4642
1.3601, 4641
1.3703, 4640
1.4522, 4633
1.4932, 4632
1.5137, 4631
1.5804, 4630
1.6365, 4629
1.8602, 4628
1.8918, 4627
1.9534, 4626
2.0647, 4625
2.1260, 4624
2.2070, 4623
2.2277, 4622
2.3090, 4619
2.3903, 4618
2.4422, 4615
2.5037, 4614
2.5446, 4612
2.6264, 4611
2.6473, 4610
2.7621, 4608
2.8952, 4607
2.9157, 4606
2.9664, 4605
3.0076, 4604
3.3046, 4603
3.3765, 4602
3.5805, 4600
3.7164, 4599
3.7523, 4597
4.1729, 4596
4.1938, 4595
4.5834, 4593
4.6045, 4592
4.6463, 4591
4.8212, 4590
4.9561, 4589
5.3162, 4588
5.3796, 4586
5.4829, 4585
5.6779, 4584
5.7695, 4583
5.7905, 4582
5.8520, 4581
5.9136, 4579
6.4031, 4578
6.4452, 4577
6.6502, 4576
6.7772, 4574
6.9767, 4572
9.2305, 4571
9.7719, 4570
10.2424, 4569
