0.1094, 4688
0.1387, 4687
0.1783, 4686
0.2281, 4685
0.2684, 4684
0.2993, 4683
0.3301, 4680
0.3906, 4679
0.4308, 4678
0.5665, 4676
0.5915, 4674
0.6356, 4673
0.6466, 4672
0.7245, 4671
0.7687, 4666
0.8451, 4665
0.8687, 4663
0.9329, 4661
0.9440, 4660
0.9763, 4658
1.0425, 4653
1.0535, 4652
1.1074, 4649
1.1291, 4648
1.1772, 4647
1.2748, 4646
1.2950, 4645
1.4475, 4644
1.4886, 4643
1.5401, 4641
1.5506, 4639
1.5713, 4638
1.6127, 4635
1.6639, 4633
1.8283, 4632
1.8586, 4631
1.9100, 4628
2.0602, 4625
2.1306, 4624
2.1512, 4623
2.1814, 4622
2.2629, 4621
2.2733, 4620
2.3041, 4618
2.3551, 4617
2.4641, 4615
2.6348, 4614
2.6748, 4613
2.6859, 4612
2.7782, 4611
2.8090, 4609
3.1188, 4608
3.1292, 4607
3.1903, 4605
3.2856, 4604
3.4425, 4603
4.0293, 4602
4.0898, 4601
4.2269, 4599
4.4458, 4598
4.5367, 4597
4.7092, 4596
4.7396, 4595
4.9084, 4594
4.9697, 4593
5.0912, 4592
5.1014, 4591
5.1224, 4590
5.2034, 4589
5.4102, 4588
5.6490, 4587
5.6794, 4585
5.7231, 4584
5.8688, 4583
6.0612, 4582
6.1793, 4580
6.3378, 4578
6.4779, 4577
6.5039, 4576
6.6313, 4575
7.0300, 4574
7.2716, 4573
7.2826, 4571
7.4531, 4570
7.5392, 4569
7.8009, 4568
8.6026, 4567
10.7842, 4566
