0.0000, 5900
0.0005, 5899
0.0013, 5898
0.0018, 5897
0.0028, 5896
0.0036, 5895
0.0043, 5894
0.0049, 5893
0.0058, 5892
0.0063, 5891
0.0072, 5890
0.0077, 5889
0.0082, 5888
0.0087, 5887
0.0096, 5886
0.0106, 5885
0.0112, 5884
0.0125, 5883
0.0131, 5882
0.0142, 5881
0.0148, 5880
0.0157, 5879
0.0166, 5878
0.0176, 5877
0.0180, 5876
0.0186, 5875
0.0191, 5874
0.0197, 5873
0.0209, 5872
0.0214, 5871
0.0219, 5870
0.0224, 5869
0.0231, 5868
0.0236, 5867
0.0241, 5866
0.0246, 5865
0.0255, 5864
0.0262, 5863
0.0269, 5862
0.0274, 5861
0.0280, 5860
0.0286, 5859
0.0291, 5858
0.0296, 5857
0.0302, 5856
0.0308, 5855
0.0313, 5854
0.0318, 5853
0.0323, 5852
0.0333, 5851
0.0342, 5850
0.0348, 5849
0.0353, 5848
0.0360, 5847
0.0366, 5846
0.0371, 5845
0.0379, 5844
0.0384, 5843
0.0389, 5842
0.0394, 5841
0.0402, 5840
0.0409, 5839
0.0414, 5838
0.0419, 5837
0.0426, 5836
0.0432, 5835
0.0438, 5834
0.0443, 5833
0.0450, 5832
0.0456, 5831
0.0461, 5830
0.0469, 5829
0.0474, 5828
0.0479, 5827
0.0485, 5826
0.0494, 5825
0.0499, 5824
0.0505, 5823
0.0513, 5822
0.0518, 5821
0.0524, 5820
0.0529, 5819
0.0535, 5818
0.0540, 5817
0.0549, 5816
0.0555, 5815
0.0565, 5814
0.0574, 5813
0.0581, 5812
0.0587, 5811
0.0596, 5810
0.0603, 5809
0.0609, 5808
0.0615, 5807
0.0620, 5806
0.0628, 5805
0.0633, 5804
0.0638, 5803
0.0643, 5802
0.0649, 5801
0.0654, 5800
0.0663, 5799
0.0668, 5798
0.0674, 5797
0.0680, 5796
0.0686, 5795
0.0691, 5794
0.0699, 5793
0.0704, 5792
0.0710, 5791
0.0715, 5790
0.0720, 5789
0.0725, 5788
0.0731, 5787
0.0737, 5786
0.0749, 5785
0.0760, 5784
0.0768, 5783
0.0773, 5782
0.0778, 5781
0.0783, 5780
0.0790, 5779
0.0798, 5778
0.0804, 5777
0.0812, 5776
0.0819, 5775
0.0825, 5774
0.0832, 5773
0.0843, 5772
0.0849, 5771
0.0860, 5770
0.0866, 5769
0.0872, 5768
0.0879, 5767
0.0884, 5766
0.0891, 5765
0.0899, 5764
0.0904, 5763
0.0910, 5762
0.0916, 5761
0.0921, 5760
0.0931, 5759
0.0936, 5758
0.0941, 5757
0.0946, 5756
0.0951, 5755
0.0957, 5754
0.0965, 5753
0.0971, 5752
0.0977, 5751
0.0982, 5750
0.0987, 5749
0.0995, 5748
0.1001, 5747
0.1006, 5746
0.1015, 5745
0.1026, 5744
0.1032, 5743
0.1037, 5742
0.1043, 5741
0.1053, 5740
0.1059, 5739
0.1065, 5738
0.1071, 5737
0.1076, 5736
0.1082, 5735
0.1087, 5734
0.1093, 5733
0.1099, 5732
0.1104, 5731
0.1110, 5730
0.1115, 5729
0.1121, 5728
0.1126, 5727
0.1132, 5726
0.1138, 5725
0.1145, 5724
0.1151, 5723
0.1162, 5722
0.1169, 5721
0.1174, 5720
0.1181, 5719
0.1189, 5718
0.1199, 5717
0.1206, 5716
0.1216, 5715
0.1226, 5714
0.1231, 5713
0.1237, 5712
0.1243, 5711
0.1249, 5710
0.1254, 5709
0.1262, 5708
0.1269, 5707
0.1275, 5706
0.1281, 5705
0.1286, 5704
0.1291, 5703
0.1297, 5702
0.1302, 5701
0.1309, 5700
0.1319, 5699
0.1324, 5698
0.1330, 5697
0.1335, 5696
0.1346, 5695
0.1353, 5694
0.1359, 5693
0.1365, 5692
0.1371, 5691
0.1376, 5690
0.1382, 5689
0.1389, 5688
0.1394, 5687
0.1400, 5686
0.1409, 5685
0.1415, 5684
0.1421, 5683
0.1427, 5682
0.1433, 5681
0.1439, 5680
0.1446, 5679
0.1451, 5678
0.1457, 5677
0.1464, 5676
0.1470, 5675
0.1475, 5674
0.1480, 5673
0.1486, 5672
0.1492, 5671
0.1498, 5670
0.1504, 5669
0.1510, 5668
0.1516, 5667
0.1522, 5666
0.1528, 5665
0.1533, 5664
0.1539, 5663
0.1545, 5662
0.1555, 5661
0.1561, 5660
0.1569, 5659
0.1575, 5658
0.1587, 5657
0.1597, 5656
0.1605, 5655
0.1612, 5654
0.1620, 5653
0.1626, 5652
0.1632, 5651
0.1638, 5650
0.1644, 5649
0.1649, 5648
0.1657, 5647
0.1663, 5646
0.1668, 5645
0.1676, 5644
0.1681, 5643
0.1688, 5642
0.1693, 5641
0.1700, 5640
0.1708, 5639
0.1717, 5638
0.1723, 5637
0.1728, 5636
0.1735, 5635
0.1746, 5634
0.1752, 5633
0.1762, 5632
0.1771, 5631
0.1777, 5630
0.1786, 5629
0.1795, 5628
0.1801, 5627
0.1812, 5626
0.1821, 5625
0.1827, 5624
0.1836, 5623
0.1842, 5622
0.1848, 5621
0.1855, 5620
0.1861, 5619
0.1871, 5618
0.1877, 5617
0.1883, 5616
0.1889, 5615
0.1895, 5614
0.1904, 5613
0.1910, 5612
0.1915, 5611
0.1921, 5610
0.1929, 5609
0.1935, 5608
0.1941, 5607
0.1947, 5606
0.1952, 5605
0.1958, 5604
0.1964, 5603
0.1969, 5602
0.1975, 5601
0.1980, 5600
0.1986, 5599
0.1991, 5598
0.1996, 5597
0.2002, 5596
0.2007, 5595
0.2016, 5594
0.2022, 5593
0.2031, 5592
0.2037, 5591
0.2045, 5590
0.2053, 5589
0.2062, 5588
0.2068, 5587
0.2074, 5586
0.2080, 5585
0.2087, 5584
0.2097, 5583
0.2104, 5582
0.2110, 5581
0.2115, 5580
0.2122, 5579
0.2128, 5578
0.2135, 5577
0.2145, 5576
0.2151, 5575
0.2157, 5574
0.2164, 5573
0.2170, 5572
0.2176, 5571
0.2183, 5570
0.2192, 5569
0.2198, 5568
0.2207, 5567
0.2213, 5566
0.2218, 5565
0.2225, 5564
0.2232, 5563
0.2243, 5562
0.2250, 5561
0.2255, 5560
0.2261, 5559
0.2267, 5558
0.2272, 5557
0.2282, 5556
0.2288, 5555
0.2294, 5554
0.2300, 5553
0.2308, 5552
0.2314, 5551
0.2320, 5550
0.2327, 5549
0.2333, 5548
0.2340, 5547
0.2346, 5546
0.2352, 5545
0.2358, 5544
0.2363, 5543
0.2369, 5542
0.2375, 5541
0.2382, 5540
0.2387, 5539
0.2393, 5538
0.2398, 5537
0.2404, 5536
0.2410, 5535
0.2417, 5534
0.2426, 5533
0.2431, 5532
0.2437, 5531
0.2443, 5530
0.2449, 5529
0.2455, 5528
0.2461, 5527
0.2466, 5526
0.2474, 5525
0.2481, 5524
0.2488, 5523
0.2497, 5522
0.2507, 5521
0.2516, 5520
0.2523, 5519
0.2530, 5518
0.2535, 5517
0.2542, 5516
0.2548, 5515
0.2556, 5514
0.2561, 5513
0.2568, 5512
0.2573, 5511
0.2579, 5510
0.2584, 5509
0.2591, 5508
0.2597, 5507
0.2604, 5506
0.2609, 5505
0.2615, 5504
0.2621, 5503
0.2630, 5502
0.2636, 5501
0.2641, 5500
0.2648, 5499
0.2657, 5498
0.2664, 5497
0.2670, 5496
0.2676, 5495
0.2683, 5494
0.2689, 5493
0.2695, 5492
0.2701, 5491
0.2711, 5490
0.2719, 5489
0.2725, 5488
0.2730, 5487
0.2736, 5486
0.2741, 5485
0.2751, 5484
0.2756, 5483
0.2762, 5482
0.2771, 5481
0.2778, 5480
0.2783, 5479
0.2789, 5478
0.2795, 5477
0.2800, 5476
0.2807, 5475
0.2812, 5474
0.2820, 5473
0.2826, 5472
0.2832, 5471
0.2838, 5470
0.2845, 5469
0.2850, 5468
0.2856, 5467
0.2862, 5466
0.2872, 5465
0.2878, 5464
0.2884, 5463
0.2889, 5462
0.2895, 5461
0.2901, 5460
0.2907, 5459
0.2913, 5458
0.2919, 5457
0.2925, 5456
0.2933, 5455
0.2940, 5454
0.2946, 5453
0.2953, 5452
0.2958, 5451
0.2966, 5450
0.2971, 5449
0.2978, 5448
0.2984, 5447
0.2990, 5446
0.2996, 5445
0.3001, 5444
0.3012, 5443
0.3018, 5442
0.3024, 5441
0.3029, 5440
0.3035, 5439
0.3042, 5438
0.3051, 5437
0.3059, 5436
0.3065, 5435
0.3071, 5434
0.3077, 5433
0.3083, 5432
0.3093, 5431
0.3099, 5430
0.3105, 5429
0.3111, 5428
0.3116, 5427
0.3123, 5426
0.3132, 5425
0.3138, 5424
0.3145, 5423
0.3152, 5422
0.3159, 5421
0.3166, 5420
0.3176, 5419
0.3181, 5418
0.3187, 5417
0.3198, 5416
0.3203, 5415
0.3210, 5414
0.3216, 5413
0.3221, 5412
0.3228, 5411
0.3233, 5410
0.3239, 5409
0.3244, 5408
0.3250, 5407
0.3257, 5406
0.3264, 5405
0.3273, 5404
0.3280, 5403
0.3289, 5402
0.3294, 5401
0.3300, 5400
0.3307, 5399
0.3316, 5398
0.3323, 5397
0.3330, 5396
0.3336, 5395
0.3344, 5394
0.3352, 5393
0.3359, 5392
0.3366, 5391
0.3371, 5390
0.3376, 5389
0.3383, 5388
0.3389, 5387
0.3395, 5386
0.3404, 5385
0.3409, 5384
0.3416, 5383
0.3423, 5382
0.3430, 5381
0.3437, 5380
0.3442, 5379
0.3448, 5378
0.3455, 5377
0.3462, 5376
0.3468, 5375
0.3474, 5374
0.3481, 5373
0.3488, 5372
0.3493, 5371
0.3500, 5370
0.3507, 5369
0.3514, 5368
0.3522, 5367
0.3527, 5366
0.3535, 5365
0.3541, 5364
0.3548, 5363
0.3558, 5362
0.3565, 5361
0.3572, 5360
0.3579, 5359
0.3586, 5358
0.3592, 5357
0.3603, 5356
0.3609, 5355
0.3615, 5354
0.3621, 5353
0.3628, 5352
0.3634, 5351
0.3642, 5350
0.3649, 5349
0.3655, 5348
0.3660, 5347
0.3667, 5346
0.3676, 5345
0.3684, 5344
0.3690, 5343
0.3698, 5342
0.3704, 5341
0.3710, 5340
0.3716, 5339
0.3722, 5338
0.3728, 5337
0.3734, 5336
0.3740, 5335
0.3746, 5334
0.3753, 5333
0.3762, 5332
0.3772, 5331
0.3778, 5330
0.3784, 5329
0.3789, 5328
0.3795, 5327
0.3802, 5326
0.3808, 5325
0.3813, 5324
0.3819, 5323
0.3830, 5322
0.3839, 5321
0.3848, 5320
0.3856, 5319
0.3862, 5318
0.3868, 5317
0.3873, 5316
0.3881, 5315
0.3889, 5314
0.3896, 5313
0.3902, 5312
0.3910, 5311
0.3917, 5310
0.3923, 5309
0.3929, 5308
0.3938, 5307
0.3946, 5306
0.3952, 5305
0.3957, 5304
0.3964, 5303
0.3970, 5302
0.3976, 5301
0.3981, 5300
0.3988, 5299
0.3993, 5298
0.3999, 5297
0.4005, 5296
0.4013, 5295
0.4020, 5294
0.4025, 5293
0.4031, 5292
0.4039, 5291
0.4046, 5290
0.4053, 5289
0.4062, 5288
0.4068, 5287
0.4073, 5286
0.4080, 5285
0.4085, 5284
0.4092, 5283
0.4098, 5282
0.4104, 5281
0.4110, 5280
0.4116, 5279
0.4121, 5278
0.4128, 5277
0.4134, 5276
0.4141, 5275
0.4148, 5274
0.4156, 5273
0.4162, 5272
0.4168, 5271
0.4174, 5270
0.4181, 5269
0.4187, 5268
0.4192, 5267
0.4198, 5266
0.4204, 5265
0.4211, 5264
0.4218, 5263
0.4224, 5262
0.4231, 5261
0.4236, 5260
0.4244, 5259
0.4250, 5258
0.4256, 5257
0.4263, 5256
0.4271, 5255
0.4277, 5254
0.4287, 5253
0.4294, 5252
0.4301, 5251
0.4312, 5250
0.4318, 5249
0.4323, 5248
0.4330, 5247
0.4337, 5246
0.4344, 5245
0.4350, 5244
0.4356, 5243
0.4362, 5242
0.4367, 5241
0.4374, 5240
0.4380, 5239
0.4385, 5238
0.4392, 5237
0.4401, 5236
0.4406, 5235
0.4412, 5234
0.4418, 5233
0.4424, 5232
0.4431, 5231
0.4437, 5230
0.4443, 5229
0.4448, 5228
0.4455, 5227
0.4464, 5226
0.4469, 5225
0.4475, 5224
0.4484, 5223
0.4493, 5222
0.4500, 5221
0.4508, 5220
0.4515, 5219
0.4521, 5218
0.4526, 5217
0.4533, 5216
0.4540, 5215
0.4547, 5214
0.4553, 5213
0.4561, 5212
0.4568, 5211
0.4576, 5210
0.4585, 5209
0.4591, 5208
0.4598, 5207
0.4606, 5206
0.4614, 5205
0.4620, 5204
0.4629, 5203
0.4635, 5202
0.4642, 5201
0.4648, 5200
0.4656, 5199
0.4662, 5198
0.4669, 5197
0.4676, 5196
0.4682, 5195
0.4691, 5194
0.4696, 5193
0.4702, 5192
0.4708, 5191
0.4714, 5190
0.4722, 5189
0.4727, 5188
0.4732, 5187
0.4738, 5186
0.4745, 5185
0.4751, 5184
0.4757, 5183
0.4765, 5182
0.4771, 5181
0.4779, 5180
0.4788, 5179
0.4794, 5178
0.4803, 5177
0.4810, 5176
0.4816, 5175
0.4826, 5174
0.4832, 5173
0.4840, 5172
0.4846, 5171
0.4853, 5170
0.4858, 5169
0.4866, 5168
0.4872, 5167
0.4877, 5166
0.4884, 5165
0.4893, 5164
0.4899, 5163
0.4906, 5162
0.4913, 5161
0.4923, 5160
0.4930, 5159
0.4938, 5158
0.4944, 5157
0.4950, 5156
0.4955, 5155
0.4962, 5154
0.4970, 5153
0.4978, 5152
0.4985, 5151
0.4990, 5150
0.4998, 5149
0.5004, 5148
0.5011, 5147
0.5016, 5146
0.5021, 5145
0.5026, 5144
0.5033, 5143
0.5039, 5142
0.5045, 5141
0.5050, 5140
0.5056, 5139
0.5062, 5138
0.5069, 5137
0.5076, 5136
0.5083, 5135
0.5090, 5134
0.5096, 5133
0.5101, 5132
0.5107, 5131
0.5114, 5130
0.5121, 5129
0.5128, 5128
0.5134, 5127
0.5142, 5126
0.5149, 5125
0.5155, 5124
0.5160, 5123
0.5166, 5122
0.5172, 5121
0.5179, 5120
0.5185, 5119
0.5190, 5118
0.5196, 5117
0.5201, 5116
0.5206, 5115
0.5212, 5114
0.5221, 5113
0.5228, 5112
0.5235, 5111
0.5244, 5110
0.5249, 5109
0.5254, 5108
0.5260, 5107
0.5265, 5106
0.5272, 5105
0.5277, 5104
0.5284, 5103
0.5292, 5102
0.5298, 5101
0.5307, 5100
0.5314, 5099
0.5321, 5098
0.5329, 5097
0.5334, 5096
0.5342, 5095
0.5348, 5094
0.5353, 5093
0.5360, 5092
0.5367, 5091
0.5374, 5090
0.5379, 5089
0.5386, 5088
0.5393, 5087
0.5402, 5086
0.5408, 5085
0.5414, 5084
0.5420, 5083
0.5428, 5082
0.5434, 5081
0.5439, 5080
0.5446, 5079
0.5452, 5078
0.5458, 5077
0.5465, 5076
0.5470, 5075
0.5477, 5074
0.5485, 5073
0.5492, 5072
0.5498, 5071
0.5503, 5070
0.5508, 5069
0.5516, 5068
0.5525, 5067
0.5532, 5066
0.5539, 5065
0.5547, 5064
0.5557, 5063
0.5563, 5062
0.5570, 5061
0.5575, 5060
0.5583, 5059
0.5589, 5058
0.5594, 5057
0.5600, 5056
0.5606, 5055
0.5613, 5054
0.5619, 5053
0.5626, 5052
0.5632, 5051
0.5637, 5050
0.5643, 5049
0.5650, 5048
0.5657, 5047
0.5663, 5046
0.5673, 5045
0.5680, 5044
0.5685, 5043
0.5692, 5042
0.5697, 5041
0.5706, 5040
0.5711, 5039
0.5718, 5038
0.5726, 5037
0.5732, 5036
0.5736, 5035
0.5744, 5034
0.5752, 5033
0.5758, 5032
0.5764, 5031
0.5774, 5030
0.5780, 5029
0.5789, 5028
0.5794, 5027
0.5801, 5026
0.5807, 5025
0.5814, 5024
0.5820, 5023
0.5826, 5022
0.5832, 5021
0.5840, 5020
0.5850, 5019
0.5859, 5018
0.5864, 5017
0.5869, 5016
0.5875, 5015
0.5884, 5014
0.5890, 5013
0.5898, 5012
0.5905, 5011
0.5911, 5010
0.5919, 5009
0.5925, 5008
0.5931, 5007
0.5937, 5006
0.5946, 5005
0.5951, 5004
0.5959, 5003
0.5965, 5002
0.5970, 5001
0.5980, 5000
0.5986, 4999
0.5995, 4998
0.6001, 4997
0.6007, 4996
0.6013, 4995
0.6018, 4994
0.6025, 4993
0.6032, 4992
0.6038, 4991
0.6046, 4990
0.6053, 4989
0.6063, 4988
0.6070, 4987
0.6076, 4986
0.6082, 4985
0.6089, 4984
0.6096, 4983
0.6102, 4982
0.6110, 4981
0.6118, 4980
0.6127, 4979
0.6132, 4978
0.6138, 4977
0.6144, 4976
0.6154, 4975
0.6163, 4974
0.6169, 4973
0.6174, 4972
0.6182, 4971
0.6189, 4970
0.6194, 4969
0.6202, 4968
0.6208, 4967
0.6215, 4966
0.6222, 4965
0.6228, 4964
0.6233, 4963
0.6238, 4962
0.6245, 4961
0.6253, 4960
0.6258, 4959
0.6264, 4958
0.6269, 4957
0.6275, 4956
0.6283, 4955
0.6288, 4954
0.6293, 4953
0.6300, 4952
0.6307, 4951
0.6316, 4950
0.6324, 4949
0.6335, 4948
0.6341, 4947
0.6348, 4946
0.6356, 4945
0.6361, 4944
0.6367, 4943
0.6372, 4942
0.6378, 4941
0.6384, 4940
0.6389, 4939
0.6395, 4938
0.6401, 4937
0.6407, 4936
0.6413, 4935
0.6423, 4934
0.6431, 4933
0.6436, 4932
0.6442, 4931
0.6448, 4930
0.6455, 4929
0.6462, 4928
0.6467, 4927
0.6474, 4926
0.6481, 4925
0.6487, 4924
0.6493, 4923
0.6501, 4922
0.6508, 4921
0.6513, 4920
0.6520, 4919
0.6529, 4918
0.6537, 4917
0.6543, 4916
0.6551, 4915
0.6556, 4914
0.6562, 4913
0.6567, 4912
0.6572, 4911
0.6578, 4910
0.6583, 4909
0.6592, 4908
0.6597, 4907
0.6603, 4906
0.6609, 4905
0.6614, 4904
0.6620, 4903
0.6625, 4902
0.6633, 4901
0.6638, 4900
0.6647, 4899
0.6654, 4898
0.6660, 4897
0.6665, 4896
0.6670, 4895
0.6677, 4894
0.6684, 4893
0.6689, 4892
0.6697, 4891
0.6705, 4890
0.6712, 4889
0.6717, 4888
0.6723, 4887
0.6728, 4886
0.6734, 4885
0.6739, 4884
0.6746, 4883
0.6751, 4882
0.6757, 4881
0.6763, 4880
0.6769, 4879
0.6778, 4878
0.6783, 4877
0.6789, 4876
0.6796, 4875
0.6802, 4874
0.6807, 4873
0.6813, 4872
0.6820, 4871
0.6828, 4870
0.6836, 4869
0.6844, 4868
0.6850, 4867
0.6855, 4866
0.6860, 4865
0.6869, 4864
0.6877, 4863
0.6883, 4862
0.6889, 4861
0.6896, 4860
0.6903, 4859
0.6910, 4858
0.6916, 4857
0.6923, 4856
0.6932, 4855
0.6938, 4854
0.6948, 4853
0.6954, 4852
0.6959, 4851
0.6965, 4850
0.6974, 4849
0.6980, 4848
0.6987, 4847
0.6993, 4846
0.6998, 4845
0.7005, 4844
0.7011, 4843
0.7016, 4842
0.7020, 4841
0.7028, 4840
0.7034, 4839
0.7044, 4838
0.7051, 4837
0.7058, 4836
0.7062, 4835
0.7068, 4834
0.7074, 4833
0.7080, 4832
0.7086, 4831
0.7095, 4830
0.7100, 4829
0.7106, 4828
0.7113, 4827
0.7122, 4826
0.7130, 4825
0.7135, 4824
0.7143, 4823
0.7148, 4822
0.7154, 4821
0.7161, 4820
0.7165, 4819
0.7172, 4818
0.7177, 4817
0.7183, 4816
0.7188, 4815
0.7193, 4814
0.7202, 4813
0.7210, 4812
0.7217, 4811
0.7222, 4810
0.7231, 4809
0.7236, 4808
0.7241, 4807
0.7246, 4806
0.7251, 4805
0.7260, 4804
0.7268, 4803
0.7273, 4802
0.7279, 4801
0.7285, 4800
0.7291, 4799
0.7297, 4798
0.7302, 4797
0.7308, 4796
0.7314, 4795
0.7320, 4794
0.7327, 4793
0.7333, 4792
0.7340, 4791
0.7345, 4790
0.7353, 4789
0.7359, 4788
0.7365, 4787
0.7370, 4786
0.7376, 4785
0.7381, 4784
0.7386, 4783
0.7394, 4782
0.7399, 4781
0.7408, 4780
0.7416, 4779
0.7421, 4778
0.7429, 4777
0.7434, 4776
0.7440, 4775
0.7445, 4774
0.7455, 4773
0.7461, 4772
0.7468, 4771
0.7473, 4770
0.7479, 4769
0.7488, 4768
0.7494, 4767
0.7499, 4766
0.7504, 4765
0.7513, 4764
0.7521, 4763
0.7527, 4762
0.7533, 4761
0.7539, 4760
0.7545, 4759
0.7556, 4758
0.7562, 4757
0.7567, 4756
0.7576, 4755
0.7581, 4754
0.7586, 4753
0.7591, 4752
0.7596, 4751
0.7604, 4750
0.7609, 4749
0.7615, 4748
0.7620, 4747
0.7629, 4746
0.7635, 4745
0.7643, 4744
0.7651, 4743
0.7659, 4742
0.7667, 4741
0.7673, 4740
0.7678, 4739
0.7683, 4738
0.7688, 4737
0.7694, 4736
0.7703, 4735
0.7708, 4734
0.7714, 4733
0.7719, 4732
0.7724, 4731
0.7733, 4730
0.7738, 4729
0.7743, 4728
0.7749, 4727
0.7757, 4726
0.7765, 4725
0.7773, 4724
0.7782, 4723
0.7787, 4722
0.7795, 4721
0.7803, 4720
0.7808, 4719
0.7814, 4718
0.7819, 4717
0.7826, 4716
0.7834, 4715
0.7842, 4714
0.7850, 4713
0.7855, 4712
0.7863, 4711
0.7870, 4710
0.7879, 4709
0.7886, 4708
0.7894, 4707
0.7900, 4706
0.7908, 4705
0.7915, 4704
0.7922, 4703
0.7931, 4702
0.7940, 4701
0.7947, 4700
0.7956, 4699
0.7964, 4698
0.7971, 4697
0.7978, 4696
0.7986, 4695
0.7994, 4694
0.8003, 4693
0.8011, 4692
0.8020, 4691
0.8029, 4690
0.9873, 4689
1.2234, 4688
1.2239, 4687
1.3033, 4686
1.5974, 4685
1.6557, 4684
1.7149, 4683
1.8314, 4682
1.9494, 4681
2.1664, 4680
2.2255, 4679
2.3467, 4678
2.4059, 4677
2.5823, 4676
2.8764, 4675
2.8773, 4674
3.0153, 4673
3.1721, 4672
3.1728, 4671
3.2516, 4670
3.3305, 4669
3.4677, 4668
3.4685, 4667
3.5852, 4666
3.5860, 4665
3.6248, 4664
3.6640, 4663
4.1351, 4662
4.1942, 4661
4.6435, 4660
4.6838, 4659
4.8426, 4658
4.9403, 4657
5.0946, 4656
5.2535, 4655
5.7048, 4654
5.8031, 4653
5.8037, 4652
6.3115, 4651
6.4883, 4650
6.5480, 4649
7.1966, 4648
7.2763, 4647
7.4133, 4646
7.6866, 4645
7.6872, 4644
7.7855, 4643
7.7861, 4642
7.8453, 4641
8.2555, 4640
8.3537, 4639
8.4334, 4638
8.6869, 4637
8.9403, 4636
9.0776, 4635
9.1757, 4634
9.2158, 4633
9.5269, 4632
9.6826, 4631
9.8997, 4630
9.9591, 4629
