0.0000, 5900
0.0006, 5899
0.0013, 5898
0.0019, 5897
0.0029, 5896
0.0036, 5895
0.0043, 5894
0.0050, 5893
0.0058, 5892
0.0063, 5891
0.0071, 5890
0.0077, 5889
0.0082, 5888
0.0087, 5887
0.0097, 5886
0.0106, 5885
0.0113, 5884
0.0125, 5883
0.0131, 5882
0.0143, 5881
0.0149, 5880
0.0159, 5879
0.0168, 5878
0.0178, 5877
0.0183, 5876
0.0188, 5875
0.0193, 5874
0.0199, 5873
0.0210, 5872
0.0216, 5871
0.0221, 5870
0.0226, 5869
0.0233, 5868
0.0238, 5867
0.0243, 5866
0.0248, 5865
0.0257, 5864
0.0264, 5863
0.0270, 5862
0.0275, 5861
0.0282, 5860
0.0288, 5859
0.0293, 5858
0.0298, 5857
0.0303, 5856
0.0310, 5855
0.0315, 5854
0.0320, 5853
0.0325, 5852
0.0335, 5851
0.0345, 5850
0.0350, 5849
0.0355, 5848
0.0361, 5847
0.0367, 5846
0.0372, 5845
0.0380, 5844
0.0385, 5843
0.0390, 5842
0.0395, 5841
0.0402, 5840
0.0410, 5839
0.0415, 5838
0.0420, 5837
0.0428, 5836
0.0433, 5835
0.0440, 5834
0.0445, 5833
0.0452, 5832
0.0457, 5831
0.0462, 5830
0.0470, 5829
0.0475, 5828
0.0480, 5827
0.0486, 5826
0.0495, 5825
0.0500, 5824
0.0506, 5823
0.0514, 5822
0.0519, 5821
0.0524, 5820
0.0530, 5819
0.0535, 5818
0.0540, 5817
0.0549, 5816
0.0554, 5815
0.0564, 5814
0.0573, 5813
0.0580, 5812
0.0586, 5811
0.0595, 5810
0.0602, 5809
0.0608, 5808
0.0614, 5807
0.0620, 5806
0.0628, 5805
0.0633, 5804
0.0638, 5803
0.0643, 5802
0.0649, 5801
0.0654, 5800
0.0663, 5799
0.0668, 5798
0.0674, 5797
0.0680, 5796
0.0686, 5795
0.0691, 5794
0.0698, 5793
0.0704, 5792
0.0709, 5791
0.0714, 5790
0.0720, 5789
0.0725, 5788
0.0731, 5787
0.0736, 5786
0.0751, 5785
0.0762, 5784
0.0771, 5783
0.0776, 5782
0.0781, 5781
0.0786, 5780
0.0793, 5779
0.0801, 5778
0.0807, 5777
0.0814, 5776
0.0821, 5775
0.0827, 5774
0.0834, 5773
0.0844, 5772
0.0850, 5771
0.0862, 5770
0.0868, 5769
0.0873, 5768
0.0881, 5767
0.0886, 5766
0.0893, 5765
0.0901, 5764
0.0906, 5763
0.0912, 5762
0.0917, 5761
0.0923, 5760
0.0932, 5759
0.0937, 5758
0.0942, 5757
0.0947, 5756
0.0953, 5755
0.0958, 5754
0.0966, 5753
0.0972, 5752
0.0978, 5751
0.0983, 5750
0.0988, 5749
0.0996, 5748
0.1002, 5747
0.1007, 5746
0.1016, 5745
0.1026, 5744
0.1032, 5743
0.1037, 5742
0.1043, 5741
0.1052, 5740
0.1058, 5739
0.1064, 5738
0.1069, 5737
0.1075, 5736
0.1080, 5735
0.1086, 5734
0.1091, 5733
0.1097, 5732
0.1102, 5731
0.1108, 5730
0.1113, 5729
0.1119, 5728
0.1124, 5727
0.1129, 5726
0.1135, 5725
0.1142, 5724
0.1149, 5723
0.1159, 5722
0.1165, 5721
0.1171, 5720
0.1178, 5719
0.1185, 5718
0.1195, 5717
0.1203, 5716
0.1212, 5715
0.1222, 5714
0.1228, 5713
0.1234, 5712
0.1240, 5711
0.1245, 5710
0.1250, 5709
0.1259, 5708
0.1266, 5707
0.1272, 5706
0.1277, 5705
0.1283, 5704
0.1288, 5703
0.1293, 5702
0.1299, 5701
0.1305, 5700
0.1315, 5699
0.1320, 5698
0.1326, 5697
0.1331, 5696
0.1342, 5695
0.1349, 5694
0.1355, 5693
0.1361, 5692
0.1366, 5691
0.1371, 5690
0.1377, 5689
0.1383, 5688
0.1389, 5687
0.1395, 5686
0.1404, 5685
0.1410, 5684
0.1415, 5683
0.1421, 5682
0.1427, 5681
0.1433, 5680
0.1439, 5679
0.1445, 5678
0.1451, 5677
0.1456, 5676
0.1462, 5675
0.1468, 5674
0.1473, 5673
0.1478, 5672
0.1484, 5671
0.1489, 5670
0.1496, 5669
0.1501, 5668
0.1507, 5667
0.1513, 5666
0.1518, 5665
0.1524, 5664
0.1530, 5663
0.1535, 5662
0.1545, 5661
0.1551, 5660
0.1560, 5659
0.1565, 5658
0.1577, 5657
0.1588, 5656
0.1597, 5655
0.1604, 5654
0.1612, 5653
0.1618, 5652
0.1624, 5651
0.1629, 5650
0.1635, 5649
0.1640, 5648
0.1648, 5647
0.1653, 5646
0.1659, 5645
0.1666, 5644
0.1672, 5643
0.1678, 5642
0.1684, 5641
0.1691, 5640
0.1698, 5639
0.1708, 5638
0.1713, 5637
0.1719, 5636
0.1725, 5635
0.1736, 5634
0.1742, 5633
0.1753, 5632
0.1762, 5631
0.1767, 5630
0.1778, 5629
0.1787, 5628
0.1793, 5627
0.1803, 5626
0.1811, 5625
0.1818, 5624
0.1827, 5623
0.1833, 5622
0.1840, 5621
0.1848, 5620
0.1854, 5619
0.1864, 5618
0.1869, 5617
0.1875, 5616
0.1881, 5615
0.1887, 5614
0.1897, 5613
0.1902, 5612
0.1908, 5611
0.1914, 5610
0.1922, 5609
0.1928, 5608
0.1934, 5607
0.1941, 5606
0.1947, 5605
0.1953, 5604
0.1960, 5603
0.1965, 5602
0.1971, 5601
0.1976, 5600
0.1982, 5599
0.1987, 5598
0.1992, 5597
0.1998, 5596
0.2004, 5595
0.2013, 5594
0.2018, 5593
0.2028, 5592
0.2034, 5591
0.2041, 5590
0.2050, 5589
0.2058, 5588
0.2064, 5587
0.2071, 5586
0.2076, 5585
0.2083, 5584
0.2093, 5583
0.2099, 5582
0.2105, 5581
0.2111, 5580
0.2117, 5579
0.2124, 5578
0.2130, 5577
0.2140, 5576
0.2146, 5575
0.2151, 5574
0.2159, 5573
0.2164, 5572
0.2170, 5571
0.2177, 5570
0.2186, 5569
0.2192, 5568
0.2201, 5567
0.2206, 5566
0.2212, 5565
0.2219, 5564
0.2226, 5563
0.2237, 5562
0.2244, 5561
0.2250, 5560
0.2256, 5559
0.2261, 5558
0.2267, 5557
0.2276, 5556
0.2282, 5555
0.2288, 5554
0.2294, 5553
0.2302, 5552
0.2308, 5551
0.2315, 5550
0.2321, 5549
0.2327, 5548
0.2334, 5547
0.2340, 5546
0.2346, 5545
0.2351, 5544
0.2356, 5543
0.2362, 5542
0.2369, 5541
0.2375, 5540
0.2380, 5539
0.2386, 5538
0.2391, 5537
0.2397, 5536
0.2402, 5535
0.2409, 5534
0.2418, 5533
0.2423, 5532
0.2429, 5531
0.2434, 5530
0.2440, 5529
0.2446, 5528
0.2451, 5527
0.2456, 5526
0.2464, 5525
0.2470, 5524
0.2477, 5523
0.2486, 5522
0.2496, 5521
0.2505, 5520
0.2512, 5519
0.2518, 5518
0.2523, 5517
0.2530, 5516
0.2536, 5515
0.2544, 5514
0.2549, 5513
0.2555, 5512
0.2561, 5511
0.2567, 5510
0.2572, 5509
0.2579, 5508
0.2585, 5507
0.2593, 5506
0.2598, 5505
0.2604, 5504
0.2610, 5503
0.2619, 5502
0.2625, 5501
0.2631, 5500
0.2637, 5499
0.2646, 5498
0.2652, 5497
0.2659, 5496
0.2665, 5495
0.2671, 5494
0.2678, 5493
0.2684, 5492
0.2690, 5491
0.2700, 5490
0.2708, 5489
0.2714, 5488
0.2719, 5487
0.2725, 5486
0.2730, 5485
0.2740, 5484
0.2745, 5483
0.2751, 5482
0.2760, 5481
0.2766, 5480
0.2771, 5479
0.2777, 5478
0.2782, 5477
0.2788, 5476
0.2794, 5475
0.2800, 5474
0.2807, 5473
0.2813, 5472
0.2819, 5471
0.2826, 5470
0.2832, 5469
0.2837, 5468
0.2843, 5467
0.2848, 5466
0.2859, 5465
0.2864, 5464
0.2870, 5463
0.2875, 5462
0.2881, 5461
0.2887, 5460
0.2893, 5459
0.2899, 5458
0.2905, 5457
0.2911, 5456
0.2919, 5455
0.2926, 5454
0.2931, 5453
0.2938, 5452
0.2943, 5451
0.2950, 5450
0.2956, 5449
0.2962, 5448
0.2969, 5447
0.2974, 5446
0.2980, 5445
0.2985, 5444
0.2995, 5443
0.3001, 5442
0.3007, 5441
0.3013, 5440
0.3019, 5439
0.3026, 5438
0.3035, 5437
0.3042, 5436
0.3048, 5435
0.3054, 5434
0.3060, 5433
0.3066, 5432
0.3075, 5431
0.3081, 5430
0.3087, 5429
0.3093, 5428
0.3098, 5427
0.3105, 5426
0.3114, 5425
0.3120, 5424
0.3126, 5423
0.3133, 5422
0.3140, 5421
0.3146, 5420
0.3156, 5419
0.3161, 5418
0.3167, 5417
0.3177, 5416
0.3182, 5415
0.3189, 5414
0.3195, 5413
0.3200, 5412
0.3206, 5411
0.3212, 5410
0.3217, 5409
0.3222, 5408
0.3227, 5407
0.3234, 5406
0.3242, 5405
0.3251, 5404
0.3258, 5403
0.3266, 5402
0.3271, 5401
0.3277, 5400
0.3284, 5399
0.3292, 5398
0.3300, 5397
0.3306, 5396
0.3312, 5395
0.3320, 5394
0.3328, 5393
0.3334, 5392
0.3342, 5391
0.3347, 5390
0.3352, 5389
0.3359, 5388
0.3365, 5387
0.3370, 5386
0.3379, 5385
0.3384, 5384
0.3391, 5383
0.3398, 5382
0.3405, 5381
0.3411, 5380
0.3416, 5379
0.3422, 5378
0.3430, 5377
0.3436, 5376
0.3442, 5375
0.3448, 5374
0.3455, 5373
0.3461, 5372
0.3466, 5371
0.3473, 5370
0.3480, 5369
0.3487, 5368
0.3494, 5367
0.3499, 5366
0.3507, 5365
0.3513, 5364
0.3520, 5363
0.3530, 5362
0.3536, 5361
0.3544, 5360
0.3551, 5359
0.3557, 5358
0.3563, 5357
0.3574, 5356
0.3580, 5355
0.3588, 5354
0.3594, 5353
0.3601, 5352
0.3606, 5351
0.3614, 5350
0.3621, 5349
0.3627, 5348
0.3633, 5347
0.3639, 5346
0.3647, 5345
0.3656, 5344
0.3661, 5343
0.3668, 5342
0.3675, 5341
0.3680, 5340
0.3686, 5339
0.3691, 5338
0.3697, 5337
0.3703, 5336
0.3709, 5335
0.3716, 5334
0.3723, 5333
0.3732, 5332
0.3742, 5331
0.3748, 5330
0.3755, 5329
0.3760, 5328
0.3767, 5327
0.3773, 5326
0.3779, 5325
0.3785, 5324
0.3791, 5323
0.3801, 5322
0.3810, 5321
0.3820, 5320
0.3828, 5319
0.3833, 5318
0.3839, 5317
0.3844, 5316
0.3852, 5315
0.3859, 5314
0.3866, 5313
0.3872, 5312
0.3880, 5311
0.3887, 5310
0.3892, 5309
0.3898, 5308
0.3908, 5307
0.3915, 5306
0.3921, 5305
0.3926, 5304
0.3932, 5303
0.3938, 5302
0.3944, 5301
0.3950, 5300
0.3956, 5299
0.3962, 5298
0.3968, 5297
0.3973, 5296
0.3981, 5295
0.3988, 5294
0.3993, 5293
0.3998, 5292
0.4006, 5291
0.4013, 5290
0.4020, 5289
0.4028, 5288
0.4035, 5287
0.4040, 5286
0.4047, 5285
0.4052, 5284
0.4059, 5283
0.4065, 5282
0.4070, 5281
0.4076, 5280
0.4082, 5279
0.4087, 5278
0.4093, 5277
0.4099, 5276
0.4106, 5275
0.4113, 5274
0.4121, 5273
0.4127, 5272
0.4132, 5271
0.4138, 5270
0.4145, 5269
0.4151, 5268
0.4156, 5267
0.4161, 5266
0.4168, 5265
0.4175, 5264
0.4181, 5263
0.4188, 5262
0.4193, 5261
0.4199, 5260
0.4207, 5259
0.4212, 5258
0.4218, 5257
0.4226, 5256
0.4234, 5255
0.4240, 5254
0.4251, 5253
0.4259, 5252
0.4266, 5251
0.4277, 5250
0.4282, 5249
0.4288, 5248
0.4295, 5247
0.4302, 5246
0.4308, 5245
0.4314, 5244
0.4321, 5243
0.4326, 5242
0.4331, 5241
0.4338, 5240
0.4344, 5239
0.4349, 5238
0.4355, 5237
0.4364, 5236
0.4369, 5235
0.4375, 5234
0.4381, 5233
0.4387, 5232
0.4394, 5231
0.4400, 5230
0.4405, 5229
0.4411, 5228
0.4418, 5227
0.4426, 5226
0.4432, 5225
0.4437, 5224
0.4447, 5223
0.4455, 5222
0.4462, 5221
0.4470, 5220
0.4477, 5219
0.4483, 5218
0.4488, 5217
0.4494, 5216
0.4501, 5215
0.4508, 5214
0.4514, 5213
0.4522, 5212
0.4529, 5211
0.4536, 5210
0.4545, 5209
0.4551, 5208
0.4557, 5207
0.4565, 5206
0.4573, 5205
0.4580, 5204
0.4588, 5203
0.4595, 5202
0.4602, 5201
0.4608, 5200
0.4616, 5199
0.4623, 5198
0.4630, 5197
0.4637, 5196
0.4643, 5195
0.4651, 5194
0.4656, 5193
0.4662, 5192
0.4668, 5191
0.4674, 5190
0.4681, 5189
0.4686, 5188
0.4691, 5187
0.4697, 5186
0.4703, 5185
0.4709, 5184
0.4715, 5183
0.4723, 5182
0.4730, 5181
0.4737, 5180
0.4746, 5179
0.4752, 5178
0.4761, 5177
0.4767, 5176
0.4774, 5175
0.4782, 5174
0.4789, 5173
0.4797, 5172
0.4802, 5171
0.4808, 5170
0.4814, 5169
0.4822, 5168
0.4828, 5167
0.4833, 5166
0.4840, 5165
0.4848, 5164
0.4853, 5163
0.4860, 5162
0.4867, 5161
0.4877, 5160
0.4884, 5159
0.4891, 5158
0.4898, 5157
0.4904, 5156
0.4909, 5155
0.4916, 5154
0.4923, 5153
0.4931, 5152
0.4938, 5151
0.4943, 5150
0.4950, 5149
0.4956, 5148
0.4963, 5147
0.4968, 5146
0.4973, 5145
0.4978, 5144
0.4985, 5143
0.4991, 5142
0.4996, 5141
0.5001, 5140
0.5007, 5139
0.5013, 5138
0.5020, 5137
0.5028, 5136
0.5034, 5135
0.5041, 5134
0.5047, 5133
0.5052, 5132
0.5058, 5131
0.5065, 5130
0.5072, 5129
0.5078, 5128
0.5085, 5127
0.5092, 5126
0.5099, 5125
0.5106, 5124
0.5111, 5123
0.5116, 5122
0.5122, 5121
0.5129, 5120
0.5134, 5119
0.5140, 5118
0.5145, 5117
0.5150, 5116
0.5155, 5115
0.5161, 5114
0.5170, 5113
0.5176, 5112
0.5184, 5111
0.5192, 5110
0.5197, 5109
0.5202, 5108
0.5208, 5107
0.5213, 5106
0.5220, 5105
0.5225, 5104
0.5232, 5103
0.5240, 5102
0.5246, 5101
0.5256, 5100
0.5262, 5099
0.5270, 5098
0.5278, 5097
0.5283, 5096
0.5291, 5095
0.5297, 5094
0.5302, 5093
0.5309, 5092
0.5315, 5091
0.5322, 5090
0.5327, 5089
0.5334, 5088
0.5341, 5087
0.5350, 5086
0.5356, 5085
0.5362, 5084
0.5368, 5083
0.5375, 5082
0.5381, 5081
0.5387, 5080
0.5394, 5079
0.5399, 5078
0.5405, 5077
0.5411, 5076
0.5417, 5075
0.5424, 5074
0.5431, 5073
0.5438, 5072
0.5444, 5071
0.5449, 5070
0.5454, 5069
0.5462, 5068
0.5471, 5067
0.5478, 5066
0.5485, 5065
0.5492, 5064
0.5502, 5063
0.5508, 5062
0.5515, 5061
0.5520, 5060
0.5528, 5059
0.5534, 5058
0.5540, 5057
0.5546, 5056
0.5551, 5055
0.5558, 5054
0.5564, 5053
0.5571, 5052
0.5577, 5051
0.5582, 5050
0.5588, 5049
0.5594, 5048
0.5602, 5047
0.5608, 5046
0.5618, 5045
0.5624, 5044
0.5630, 5043
0.5636, 5042
0.5641, 5041
0.5650, 5040
0.5655, 5039
0.5662, 5038
0.5670, 5037
0.5675, 5036
0.5680, 5035
0.5688, 5034
0.5695, 5033
0.5701, 5032
0.5707, 5031
0.5717, 5030
0.5723, 5029
0.5731, 5028
0.5736, 5027
0.5743, 5026
0.5749, 5025
0.5755, 5024
0.5762, 5023
0.5767, 5022
0.5774, 5021
0.5781, 5020
0.5790, 5019
0.5799, 5018
0.5804, 5017
0.5810, 5016
0.5815, 5015
0.5824, 5014
0.5831, 5013
0.5838, 5012
0.5845, 5011
0.5851, 5010
0.5858, 5009
0.5864, 5008
0.5869, 5007
0.5875, 5006
0.5884, 5005
0.5889, 5004
0.5897, 5003
0.5903, 5002
0.5908, 5001
0.5918, 5000
0.5924, 4999
0.5932, 4998
0.5938, 4997
0.5944, 4996
0.5950, 4995
0.5955, 4994
0.5961, 4993
0.5968, 4992
0.5974, 4991
0.5981, 4990
0.5988, 4989
0.5997, 4988
0.6005, 4987
0.6011, 4986
0.6017, 4985
0.6023, 4984
0.6030, 4983
0.6036, 4982
0.6043, 4981
0.6051, 4980
0.6060, 4979
0.6065, 4978
0.6071, 4977
0.6077, 4976
0.6087, 4975
0.6096, 4974
0.6101, 4973
0.6107, 4972
0.6114, 4971
0.6121, 4970
0.6126, 4969
0.6134, 4968
0.6141, 4967
0.6147, 4966
0.6154, 4965
0.6160, 4964
0.6165, 4963
0.6170, 4962
0.6177, 4961
0.6185, 4960
0.6190, 4959
0.6195, 4958
0.6200, 4957
0.6206, 4956
0.6214, 4955
0.6219, 4954
0.6225, 4953
0.6231, 4952
0.6238, 4951
0.6247, 4950
0.6255, 4949
0.6266, 4948
0.6272, 4947
0.6278, 4946
0.6286, 4945
0.6292, 4944
0.6297, 4943
0.6303, 4942
0.6308, 4941
0.6314, 4940
0.6319, 4939
0.6325, 4938
0.6330, 4937
0.6337, 4936
0.6343, 4935
0.6352, 4934
0.6361, 4933
0.6367, 4932
0.6373, 4931
0.6379, 4930
0.6386, 4929
0.6392, 4928
0.6397, 4927
0.6404, 4926
0.6411, 4925
0.6418, 4924
0.6424, 4923
0.6431, 4922
0.6438, 4921
0.6443, 4920
0.6450, 4919
0.6459, 4918
0.6467, 4917
0.6473, 4916
0.6482, 4915
0.6487, 4914
0.6492, 4913
0.6497, 4912
0.6502, 4911
0.6508, 4910
0.6513, 4909
0.6522, 4908
0.6527, 4907
0.6532, 4906
0.6539, 4905
0.6544, 4904
0.6549, 4903
0.6554, 4902
0.6561, 4901
0.6566, 4900
0.6576, 4899
0.6583, 4898
0.6588, 4897
0.6594, 4896
0.6599, 4895
0.6606, 4894
0.6612, 4893
0.6617, 4892
0.6626, 4891
0.6633, 4890
0.6641, 4889
0.6645, 4888
0.6651, 4887
0.6656, 4886
0.6662, 4885
0.6668, 4884
0.6674, 4883
0.6679, 4882
0.6685, 4881
0.6691, 4880
0.6697, 4879
0.6706, 4878
0.6711, 4877
0.6716, 4876
0.6724, 4875
0.6729, 4874
0.6734, 4873
0.6740, 4872
0.6748, 4871
0.6756, 4870
0.6763, 4869
0.6771, 4868
0.6776, 4867
0.6781, 4866
0.6787, 4865
0.6796, 4864
0.6804, 4863
0.6809, 4862
0.6815, 4861
0.6822, 4860
0.6828, 4859
0.6836, 4858
0.6842, 4857
0.6849, 4856
0.6857, 4855
0.6863, 4854
0.6874, 4853
0.6879, 4852
0.6884, 4851
0.6890, 4850
0.6899, 4849
0.6905, 4848
0.6912, 4847
0.6918, 4846
0.6922, 4845
0.6930, 4844
0.6935, 4843
0.6940, 4842
0.6945, 4841
0.6952, 4840
0.6959, 4839
0.6968, 4838
0.6975, 4837
0.6982, 4836
0.6986, 4835
0.6992, 4834
0.6998, 4833
0.7004, 4832
0.7010, 4831
0.7019, 4830
0.7024, 4829
0.7030, 4828
0.7036, 4827
0.7045, 4826
0.7054, 4825
0.7059, 4824
0.7066, 4823
0.7071, 4822
0.7077, 4821
0.7084, 4820
0.7089, 4819
0.7095, 4818
0.7100, 4817
0.7105, 4816
0.7111, 4815
0.7116, 4814
0.7125, 4813
0.7134, 4812
0.7141, 4811
0.7146, 4810
0.7155, 4809
0.7159, 4808
0.7164, 4807
0.7169, 4806
0.7174, 4805
0.7183, 4804
0.7191, 4803
0.7196, 4802
0.7202, 4801
0.7209, 4800
0.7215, 4799
0.7221, 4798
0.7226, 4797
0.7232, 4796
0.7239, 4795
0.7246, 4794
0.7254, 4793
0.7315, 4792
0.7324, 4791
0.7330, 4790
0.7339, 4789
0.7344, 4788
0.7351, 4787
0.7356, 4786
0.7361, 4785
0.7367, 4784
0.7373, 4783
0.7382, 4782
0.7388, 4781
0.7397, 4780
0.7406, 4779
0.7410, 4778
0.7423, 4777
0.7437, 4776
0.7446, 4775
0.7452, 4774
0.7463, 4773
0.7470, 4772
0.7478, 4771
0.7485, 4770
0.7492, 4769
0.7503, 4768
0.7510, 4767
0.7516, 4766
0.7523, 4765
0.7535, 4764
0.7545, 4763
0.7553, 4762
0.7562, 4761
0.7568, 4760
0.7576, 4759
0.7686, 4758
0.7698, 4757
0.7706, 4756
0.7715, 4755
0.7722, 4754
0.7729, 4753
0.7736, 4752
0.7741, 4751
0.7751, 4750
0.7758, 4749
0.7764, 4748
0.7772, 4747
0.7787, 4746
0.7795, 4745
0.7806, 4744
0.7816, 4743
0.7827, 4742
0.7837, 4741
0.7845, 4740
0.7852, 4739
0.7859, 4738
0.7865, 4737
0.7874, 4736
0.7885, 4735
0.7891, 4734
0.7898, 4733
0.7905, 4732
0.7912, 4731
0.7921, 4730
0.7927, 4729
0.7934, 4728
0.7941, 4727
0.7953, 4726
0.7963, 4725
0.7974, 4724
0.7983, 4723
0.7987, 4722
0.7995, 4721
0.8003, 4720
0.8009, 4719
0.8015, 4718
0.8021, 4717
0.8028, 4716
0.8036, 4715
0.8044, 4714
0.8052, 4713
0.8057, 4712
0.8065, 4711
0.8073, 4710
0.8082, 4709
0.8089, 4708
0.8100, 4707
0.8106, 4706
0.8115, 4705
0.8122, 4704
0.8129, 4703
0.8138, 4702
0.8147, 4701
0.8154, 4700
0.8163, 4699
0.8171, 4698
0.8178, 4697
0.8185, 4696
0.8193, 4695
0.8201, 4694
0.8210, 4693
0.8218, 4692
0.8227, 4691
0.8236, 4690
1.0020, 4689
1.2463, 4688
1.2862, 4687
1.3876, 4686
1.7052, 4685
1.7058, 4684
1.8061, 4683
1.8889, 4682
2.0109, 4681
2.2320, 4680
2.2927, 4679
2.4768, 4678
2.5174, 4677
2.6607, 4676
2.9645, 4675
2.9650, 4674
3.0856, 4673
3.2466, 4672
3.2473, 4671
3.3483, 4670
3.4283, 4669
3.4912, 4668
3.6156, 4667
3.6957, 4666
3.7357, 4665
3.7364, 4664
3.7775, 4663
4.2234, 4662
4.3060, 4661
4.8012, 4660
4.8438, 4659
4.9660, 4658
5.0686, 4657
5.1993, 4656
5.4547, 4655
5.9363, 4654
6.0057, 4653
6.0062, 4652
6.6050, 4651
6.7392, 4650
6.8969, 4649
7.5553, 4648
7.6587, 4647
7.7776, 4646
8.0955, 4645
8.0961, 4644
8.1599, 4643
8.1606, 4642
8.2035, 4641
8.6455, 4640
8.7855, 4639
8.8656, 4638
9.0902, 4637
9.1710, 4636
9.5333, 4635
9.6787, 4634
9.7204, 4633
