0.0000, 5900
0.0005, 5899
0.0012, 5898
0.0018, 5897
0.0028, 5896
0.0035, 5895
0.0042, 5894
0.0048, 5893
0.0057, 5892
0.0062, 5891
0.0070, 5890
0.0075, 5889
0.0080, 5888
0.0086, 5887
0.0095, 5886
0.0104, 5885
0.0111, 5884
0.0123, 5883
0.0129, 5882
0.0141, 5881
0.0146, 5880
0.0156, 5879
0.0165, 5878
0.0174, 5877
0.0179, 5876
0.0184, 5875
0.0190, 5874
0.0196, 5873
0.0207, 5872
0.0213, 5871
0.0218, 5870
0.0223, 5869
0.0230, 5868
0.0235, 5867
0.0240, 5866
0.0246, 5865
0.0255, 5864
0.0262, 5863
0.0268, 5862
0.0273, 5861
0.0279, 5860
0.0285, 5859
0.0290, 5858
0.0295, 5857
0.0301, 5856
0.0307, 5855
0.0312, 5854
0.0317, 5853
0.0322, 5852
0.0333, 5851
0.0341, 5850
0.0347, 5849
0.0352, 5848
0.0358, 5847
0.0364, 5846
0.0369, 5845
0.0376, 5844
0.0381, 5843
0.0386, 5842
0.0392, 5841
0.0399, 5840
0.0406, 5839
0.0411, 5838
0.0416, 5837
0.0423, 5836
0.0429, 5835
0.0436, 5834
0.0441, 5833
0.0448, 5832
0.0453, 5831
0.0458, 5830
0.0466, 5829
0.0471, 5828
0.0477, 5827
0.0483, 5826
0.0491, 5825
0.0497, 5824
0.0502, 5823
0.0511, 5822
0.0516, 5821
0.0521, 5820
0.0527, 5819
0.0532, 5818
0.0537, 5817
0.0546, 5816
0.0551, 5815
0.0562, 5814
0.0571, 5813
0.0578, 5812
0.0584, 5811
0.0593, 5810
0.0600, 5809
0.0606, 5808
0.0612, 5807
0.0617, 5806
0.0625, 5805
0.0631, 5804
0.0636, 5803
0.0641, 5802
0.0646, 5801
0.0651, 5800
0.0660, 5799
0.0665, 5798
0.0671, 5797
0.0677, 5796
0.0683, 5795
0.0688, 5794
0.0696, 5793
0.0701, 5792
0.0706, 5791
0.0712, 5790
0.0717, 5789
0.0722, 5788
0.0728, 5787
0.0733, 5786
0.0745, 5785
0.0756, 5784
0.0764, 5783
0.0769, 5782
0.0774, 5781
0.0779, 5780
0.0786, 5779
0.0794, 5778
0.0801, 5777
0.0809, 5776
0.0816, 5775
0.0822, 5774
0.0828, 5773
0.0839, 5772
0.0845, 5771
0.0856, 5770
0.0863, 5769
0.0868, 5768
0.0876, 5767
0.0881, 5766
0.0888, 5765
0.0896, 5764
0.0901, 5763
0.0907, 5762
0.0912, 5761
0.0918, 5760
0.0927, 5759
0.0932, 5758
0.0938, 5757
0.0943, 5756
0.0948, 5755
0.0953, 5754
0.0961, 5753
0.0968, 5752
0.0973, 5751
0.0978, 5750
0.0983, 5749
0.0992, 5748
0.0997, 5747
0.1002, 5746
0.1011, 5745
0.1022, 5744
0.1027, 5743
0.1032, 5742
0.1038, 5741
0.1048, 5740
0.1053, 5739
0.1059, 5738
0.1065, 5737
0.1070, 5736
0.1076, 5735
0.1082, 5734
0.1087, 5733
0.1093, 5732
0.1099, 5731
0.1105, 5730
0.1110, 5729
0.1115, 5728
0.1121, 5727
0.1126, 5726
0.1132, 5725
0.1140, 5724
0.1146, 5723
0.1156, 5722
0.1163, 5721
0.1169, 5720
0.1176, 5719
0.1184, 5718
0.1194, 5717
0.1202, 5716
0.1211, 5715
0.1221, 5714
0.1227, 5713
0.1233, 5712
0.1238, 5711
0.1244, 5710
0.1249, 5709
0.1257, 5708
0.1265, 5707
0.1271, 5706
0.1276, 5705
0.1281, 5704
0.1287, 5703
0.1292, 5702
0.1297, 5701
0.1304, 5700
0.1314, 5699
0.1319, 5698
0.1324, 5697
0.1329, 5696
0.1340, 5695
0.1347, 5694
0.1353, 5693
0.1359, 5692
0.1364, 5691
0.1370, 5690
0.1375, 5689
0.1381, 5688
0.1387, 5687
0.1393, 5686
0.1402, 5685
0.1408, 5684
0.1414, 5683
0.1420, 5682
0.1426, 5681
0.1432, 5680
0.1438, 5679
0.1443, 5678
0.1449, 5677
0.1455, 5676
0.1461, 5675
0.1467, 5674
0.1471, 5673
0.1477, 5672
0.1483, 5671
0.1488, 5670
0.1495, 5669
0.1500, 5668
0.1506, 5667
0.1512, 5666
0.1517, 5665
0.1523, 5664
0.1529, 5663
0.1535, 5662
0.1545, 5661
0.1550, 5660
0.1559, 5659
0.1565, 5658
0.1577, 5657
0.1587, 5656
0.1595, 5655
0.1602, 5654
0.1610, 5653
0.1616, 5652
0.1622, 5651
0.1627, 5650
0.1632, 5649
0.1638, 5648
0.1645, 5647
0.1651, 5646
0.1656, 5645
0.1664, 5644
0.1669, 5643
0.1675, 5642
0.1681, 5641
0.1688, 5640
0.1695, 5639
0.1705, 5638
0.1710, 5637
0.1716, 5636
0.1723, 5635
0.1734, 5634
0.1740, 5633
0.1750, 5632
0.1759, 5631
0.1765, 5630
0.1775, 5629
0.1784, 5628
0.1790, 5627
0.1800, 5626
0.1809, 5625
0.1815, 5624
0.1824, 5623
0.1830, 5622
0.1836, 5621
0.1844, 5620
0.1850, 5619
0.1860, 5618
0.1865, 5617
0.1871, 5616
0.1877, 5615
0.1884, 5614
0.1893, 5613
0.1899, 5612
0.1904, 5611
0.1910, 5610
0.1918, 5609
0.1924, 5608
0.1930, 5607
0.1935, 5606
0.1941, 5605
0.1947, 5604
0.1952, 5603
0.1957, 5602
0.1963, 5601
0.1969, 5600
0.1974, 5599
0.1979, 5598
0.1984, 5597
0.1989, 5596
0.1995, 5595
0.2003, 5594
0.2009, 5593
0.2018, 5592
0.2024, 5591
0.2032, 5590
0.2040, 5589
0.2048, 5588
0.2055, 5587
0.2061, 5586
0.2066, 5585
0.2073, 5584
0.2083, 5583
0.2089, 5582
0.2095, 5581
0.2101, 5580
0.2107, 5579
0.2113, 5578
0.2120, 5577
0.2130, 5576
0.2136, 5575
0.2142, 5574
0.2149, 5573
0.2155, 5572
0.2160, 5571
0.2167, 5570
0.2176, 5569
0.2182, 5568
0.2191, 5567
0.2197, 5566
0.2203, 5565
0.2209, 5564
0.2216, 5563
0.2227, 5562
0.2235, 5561
0.2240, 5560
0.2246, 5559
0.2251, 5558
0.2257, 5557
0.2267, 5556
0.2273, 5555
0.2278, 5554
0.2284, 5553
0.2293, 5552
0.2299, 5551
0.2305, 5550
0.2311, 5549
0.2317, 5548
0.2324, 5547
0.2330, 5546
0.2336, 5545
0.2341, 5544
0.2346, 5543
0.2352, 5542
0.2358, 5541
0.2365, 5540
0.2370, 5539
0.2375, 5538
0.2381, 5537
0.2386, 5536
0.2392, 5535
0.2399, 5534
0.2407, 5533
0.2412, 5532
0.2418, 5531
0.2424, 5530
0.2431, 5529
0.2436, 5528
0.2442, 5527
0.2447, 5526
0.2455, 5525
0.2461, 5524
0.2468, 5523
0.2477, 5522
0.2487, 5521
0.2496, 5520
0.2503, 5519
0.2510, 5518
0.2515, 5517
0.2522, 5516
0.2528, 5515
0.2536, 5514
0.2542, 5513
0.2548, 5512
0.2554, 5511
0.2559, 5510
0.2565, 5509
0.2571, 5508
0.2577, 5507
0.2584, 5506
0.2589, 5505
0.2595, 5504
0.2600, 5503
0.2610, 5502
0.2615, 5501
0.2621, 5500
0.2627, 5499
0.2636, 5498
0.2643, 5497
0.2649, 5496
0.2655, 5495
0.2661, 5494
0.2668, 5493
0.2674, 5492
0.2679, 5491
0.2689, 5490
0.2697, 5489
0.2703, 5488
0.2708, 5487
0.2713, 5486
0.2718, 5485
0.2728, 5484
0.2734, 5483
0.2739, 5482
0.2749, 5481
0.2754, 5480
0.2760, 5479
0.2766, 5478
0.2771, 5477
0.2777, 5476
0.2783, 5475
0.2789, 5474
0.2797, 5473
0.2803, 5472
0.2810, 5471
0.2816, 5470
0.2822, 5469
0.2827, 5468
0.2833, 5467
0.2839, 5466
0.2849, 5465
0.2855, 5464
0.2860, 5463
0.2866, 5462
0.2872, 5461
0.2877, 5460
0.2884, 5459
0.2890, 5458
0.2895, 5457
0.2901, 5456
0.2910, 5455
0.2917, 5454
0.2922, 5453
0.2929, 5452
0.2934, 5451
0.2942, 5450
0.2947, 5449
0.2954, 5448
0.2960, 5447
0.2966, 5446
0.2971, 5445
0.2977, 5444
0.2987, 5443
0.2993, 5442
0.2999, 5441
0.3004, 5440
0.3010, 5439
0.3017, 5438
0.3026, 5437
0.3033, 5436
0.3039, 5435
0.3045, 5434
0.3051, 5433
0.3057, 5432
0.3067, 5431
0.3072, 5430
0.3078, 5429
0.3084, 5428
0.3089, 5427
0.3097, 5426
0.3106, 5425
0.3111, 5424
0.3118, 5423
0.3125, 5422
0.3132, 5421
0.3139, 5420
0.3148, 5419
0.3154, 5418
0.3160, 5417
0.3171, 5416
0.3176, 5415
0.3183, 5414
0.3189, 5413
0.3195, 5412
0.3201, 5411
0.3206, 5410
0.3212, 5409
0.3217, 5408
0.3222, 5407
0.3230, 5406
0.3238, 5405
0.3246, 5404
0.3254, 5403
0.3262, 5402
0.3267, 5401
0.3272, 5400
0.3280, 5399
0.3288, 5398
0.3295, 5397
0.3301, 5396
0.3308, 5395
0.3316, 5394
0.3324, 5393
0.3330, 5392
0.3337, 5391
0.3343, 5390
0.3348, 5389
0.3354, 5388
0.3360, 5387
0.3366, 5386
0.3374, 5385
0.3379, 5384
0.3386, 5383
0.3393, 5382
0.3400, 5381
0.3406, 5380
0.3412, 5379
0.3417, 5378
0.3425, 5377
0.3431, 5376
0.3437, 5375
0.3443, 5374
0.3450, 5373
0.3457, 5372
0.3462, 5371
0.3469, 5370
0.3476, 5369
0.3483, 5368
0.3490, 5367
0.3496, 5366
0.3504, 5365
0.3510, 5364
0.3517, 5363
0.3527, 5362
0.3533, 5361
0.3541, 5360
0.3548, 5359
0.3555, 5358
0.3561, 5357
0.3572, 5356
0.3578, 5355
0.3584, 5354
0.3590, 5353
0.3597, 5352
0.3603, 5351
0.3611, 5350
0.3617, 5349
0.3623, 5348
0.3629, 5347
0.3635, 5346
0.3643, 5345
0.3652, 5344
0.3657, 5343
0.3664, 5342
0.3671, 5341
0.3676, 5340
0.3682, 5339
0.3688, 5338
0.3693, 5337
0.3699, 5336
0.3705, 5335
0.3712, 5334
0.3719, 5333
0.3727, 5332
0.3737, 5331
0.3743, 5330
0.3749, 5329
0.3754, 5328
0.3761, 5327
0.3767, 5326
0.3773, 5325
0.3778, 5324
0.3785, 5323
0.3795, 5322
0.3805, 5321
0.3814, 5320
0.3822, 5319
0.3828, 5318
0.3834, 5317
0.3839, 5316
0.3847, 5315
0.3854, 5314
0.3861, 5313
0.3867, 5312
0.3875, 5311
0.3883, 5310
0.3888, 5309
0.3894, 5308
0.3904, 5307
0.3911, 5306
0.3917, 5305
0.3923, 5304
0.3929, 5303
0.3935, 5302
0.3941, 5301
0.3946, 5300
0.3953, 5299
0.3958, 5298
0.3964, 5297
0.3970, 5296
0.3977, 5295
0.3984, 5294
0.3989, 5293
0.3995, 5292
0.4003, 5291
0.4010, 5290
0.4017, 5289
0.4025, 5288
0.4031, 5287
0.4037, 5286
0.4043, 5285
0.4049, 5284
0.4056, 5283
0.4061, 5282
0.4067, 5281
0.4072, 5280
0.4078, 5279
0.4084, 5278
0.4090, 5277
0.4096, 5276
0.4104, 5275
0.4110, 5274
0.4119, 5273
0.4124, 5272
0.4130, 5271
0.4136, 5270
0.4143, 5269
0.4150, 5268
0.4155, 5267
0.4160, 5266
0.4167, 5265
0.4174, 5264
0.4181, 5263
0.4187, 5262
0.4193, 5261
0.4199, 5260
0.4207, 5259
0.4213, 5258
0.4219, 5257
0.4227, 5256
0.4234, 5255
0.4241, 5254
0.4251, 5253
0.4259, 5252
0.4266, 5251
0.4276, 5250
0.4282, 5249
0.4287, 5248
0.4294, 5247
0.4301, 5246
0.4307, 5245
0.4313, 5244
0.4320, 5243
0.4325, 5242
0.4330, 5241
0.4337, 5240
0.4343, 5239
0.4348, 5238
0.4354, 5237
0.4363, 5236
0.4368, 5235
0.4374, 5234
0.4380, 5233
0.4385, 5232
0.4393, 5231
0.4398, 5230
0.4404, 5229
0.4410, 5228
0.4417, 5227
0.4425, 5226
0.4431, 5225
0.4437, 5224
0.4447, 5223
0.4455, 5222
0.4462, 5221
0.4471, 5220
0.4478, 5219
0.4484, 5218
0.4490, 5217
0.4496, 5216
0.4504, 5215
0.4511, 5214
0.4517, 5213
0.4524, 5212
0.4532, 5211
0.4539, 5210
0.4548, 5209
0.4554, 5208
0.4561, 5207
0.4570, 5206
0.4577, 5205
0.4584, 5204
0.4592, 5203
0.4598, 5202
0.4605, 5201
0.4612, 5200
0.4619, 5199
0.4626, 5198
0.4633, 5197
0.4640, 5196
0.4646, 5195
0.4654, 5194
0.4660, 5193
0.4665, 5192
0.4671, 5191
0.4677, 5190
0.4684, 5189
0.4689, 5188
0.4694, 5187
0.4700, 5186
0.4706, 5185
0.4712, 5184
0.4718, 5183
0.4726, 5182
0.4733, 5181
0.4741, 5180
0.4750, 5179
0.4755, 5178
0.4764, 5177
0.4770, 5176
0.4777, 5175
0.4785, 5174
0.4792, 5173
0.4800, 5172
0.4806, 5171
0.4813, 5170
0.4818, 5169
0.4826, 5168
0.4833, 5167
0.4838, 5166
0.4845, 5165
0.4853, 5164
0.4859, 5163
0.4867, 5162
0.4873, 5161
0.4883, 5160
0.4891, 5159
0.4898, 5158
0.4905, 5157
0.4911, 5156
0.4916, 5155
0.4923, 5154
0.4930, 5153
0.4938, 5152
0.4945, 5151
0.4950, 5150
0.4957, 5149
0.4963, 5148
0.4970, 5147
0.4975, 5146
0.4980, 5145
0.4985, 5144
0.4992, 5143
0.4998, 5142
0.5003, 5141
0.5008, 5140
0.5014, 5139
0.5020, 5138
0.5027, 5137
0.5034, 5136
0.5041, 5135
0.5048, 5134
0.5054, 5133
0.5059, 5132
0.5065, 5131
0.5072, 5130
0.5078, 5129
0.5085, 5128
0.5091, 5127
0.5099, 5126
0.5107, 5125
0.5113, 5124
0.5118, 5123
0.5124, 5122
0.5129, 5121
0.5137, 5120
0.5142, 5119
0.5147, 5118
0.5153, 5117
0.5158, 5116
0.5164, 5115
0.5170, 5114
0.5179, 5113
0.5186, 5112
0.5194, 5111
0.5202, 5110
0.5208, 5109
0.5213, 5108
0.5218, 5107
0.5224, 5106
0.5231, 5105
0.5237, 5104
0.5244, 5103
0.5252, 5102
0.5258, 5101
0.5267, 5100
0.5273, 5099
0.5280, 5098
0.5288, 5097
0.5294, 5096
0.5301, 5095
0.5306, 5094
0.5312, 5093
0.5319, 5092
0.5325, 5091
0.5331, 5090
0.5336, 5089
0.5343, 5088
0.5351, 5087
0.5360, 5086
0.5366, 5085
0.5371, 5084
0.5377, 5083
0.5384, 5082
0.5391, 5081
0.5396, 5080
0.5403, 5079
0.5409, 5078
0.5414, 5077
0.5421, 5076
0.5427, 5075
0.5434, 5074
0.5441, 5073
0.5448, 5072
0.5454, 5071
0.5459, 5070
0.5465, 5069
0.5473, 5068
0.5482, 5067
0.5488, 5066
0.5496, 5065
0.5503, 5064
0.5513, 5063
0.5520, 5062
0.5527, 5061
0.5532, 5060
0.5540, 5059
0.5546, 5058
0.5552, 5057
0.5558, 5056
0.5563, 5055
0.5570, 5054
0.5577, 5053
0.5584, 5052
0.5590, 5051
0.5595, 5050
0.5601, 5049
0.5607, 5048
0.5615, 5047
0.5621, 5046
0.5631, 5045
0.5637, 5044
0.5643, 5043
0.5649, 5042
0.5654, 5041
0.5663, 5040
0.5668, 5039
0.5675, 5038
0.5683, 5037
0.5688, 5036
0.5693, 5035
0.5701, 5034
0.5708, 5033
0.5714, 5032
0.5721, 5031
0.5730, 5030
0.5736, 5029
0.5745, 5028
0.5750, 5027
0.5757, 5026
0.5763, 5025
0.5769, 5024
0.5776, 5023
0.5781, 5022
0.5788, 5021
0.5795, 5020
0.5805, 5019
0.5813, 5018
0.5819, 5017
0.5824, 5016
0.5830, 5015
0.5839, 5014
0.5846, 5013
0.5853, 5012
0.5860, 5011
0.5867, 5010
0.5873, 5009
0.5879, 5008
0.5885, 5007
0.5891, 5006
0.5900, 5005
0.5905, 5004
0.5913, 5003
0.5919, 5002
0.5925, 5001
0.5934, 5000
0.5940, 4999
0.5948, 4998
0.5955, 4997
0.5960, 4996
0.5967, 4995
0.5972, 4994
0.5978, 4993
0.5985, 4992
0.5990, 4991
0.5997, 4990
0.6005, 4989
0.6014, 4988
0.6021, 4987
0.6027, 4986
0.6033, 4985
0.6040, 4984
0.6047, 4983
0.6053, 4982
0.6060, 4981
0.6067, 4980
0.6077, 4979
0.6082, 4978
0.6087, 4977
0.6094, 4976
0.6103, 4975
0.6113, 4974
0.6118, 4973
0.6124, 4972
0.6132, 4971
0.6139, 4970
0.6144, 4969
0.6152, 4968
0.6158, 4967
0.6165, 4966
0.6173, 4965
0.6179, 4964
0.6184, 4963
0.6190, 4962
0.6197, 4961
0.6205, 4960
0.6210, 4959
0.6215, 4958
0.6220, 4957
0.6227, 4956
0.6234, 4955
0.6240, 4954
0.6245, 4953
0.6251, 4952
0.6259, 4951
0.6268, 4950
0.6276, 4949
0.6287, 4948
0.6293, 4947
0.6299, 4946
0.6307, 4945
0.6312, 4944
0.6318, 4943
0.6323, 4942
0.6329, 4941
0.6334, 4940
0.6339, 4939
0.6346, 4938
0.6351, 4937
0.6358, 4936
0.6364, 4935
0.6373, 4934
0.6381, 4933
0.6387, 4932
0.6392, 4931
0.6398, 4930
0.6405, 4929
0.6411, 4928
0.6417, 4927
0.6423, 4926
0.6431, 4925
0.6437, 4924
0.6443, 4923
0.6451, 4922
0.6457, 4921
0.6463, 4920
0.6469, 4919
0.6478, 4918
0.6487, 4917
0.6492, 4916
0.6501, 4915
0.6506, 4914
0.6512, 4913
0.6516, 4912
0.6521, 4911
0.6527, 4910
0.6532, 4909
0.6542, 4908
0.6547, 4907
0.6553, 4906
0.6559, 4905
0.6564, 4904
0.6570, 4903
0.6576, 4902
0.6583, 4901
0.6588, 4900
0.6597, 4899
0.6604, 4898
0.6609, 4897
0.6615, 4896
0.6620, 4895
0.6626, 4894
0.6632, 4893
0.6637, 4892
0.6646, 4891
0.6653, 4890
0.6661, 4889
0.6665, 4888
0.6671, 4887
0.6676, 4886
0.6682, 4885
0.6687, 4884
0.6693, 4883
0.6699, 4882
0.6705, 4881
0.6710, 4880
0.6717, 4879
0.6725, 4878
0.6730, 4877
0.6735, 4876
0.6743, 4875
0.6749, 4874
0.6754, 4873
0.6760, 4872
0.6768, 4871
0.6775, 4870
0.6783, 4869
0.6791, 4868
0.6796, 4867
0.6802, 4866
0.6807, 4865
0.6816, 4864
0.6825, 4863
0.6830, 4862
0.6836, 4861
0.6843, 4860
0.6850, 4859
0.6858, 4858
0.6863, 4857
0.6871, 4856
0.6880, 4855
0.6885, 4854
0.6896, 4853
0.6902, 4852
0.6907, 4851
0.6913, 4850
0.6922, 4849
0.6929, 4848
0.6935, 4847
0.6941, 4846
0.6946, 4845
0.6953, 4844
0.6958, 4843
0.6963, 4842
0.6968, 4841
0.6975, 4840
0.6982, 4839
0.6991, 4838
0.6999, 4837
0.7005, 4836
0.7010, 4835
0.7015, 4834
0.7021, 4833
0.7028, 4832
0.7035, 4831
0.7044, 4830
0.7049, 4829
0.7056, 4828
0.7062, 4827
0.7071, 4826
0.7080, 4825
0.7085, 4824
0.7092, 4823
0.7097, 4822
0.7103, 4821
0.7109, 4820
0.7114, 4819
0.7120, 4818
0.7126, 4817
0.7131, 4816
0.7137, 4815
0.7142, 4814
0.7151, 4813
0.7160, 4812
0.7166, 4811
0.7171, 4810
0.7180, 4809
0.7185, 4808
0.7190, 4807
0.7196, 4806
0.7201, 4805
0.7210, 4804
0.7218, 4803
0.7223, 4802
0.7229, 4801
0.7236, 4800
0.7243, 4799
0.7248, 4798
0.7253, 4797
0.7259, 4796
0.7265, 4795
0.7272, 4794
0.7279, 4793
0.7284, 4792
0.7291, 4791
0.7296, 4790
0.7304, 4789
0.7309, 4788
0.7316, 4787
0.7321, 4786
0.7326, 4785
0.7332, 4784
0.7337, 4783
0.7344, 4782
0.7349, 4781
0.7358, 4780
0.7366, 4779
0.7370, 4778
0.7378, 4777
0.7384, 4776
0.7389, 4775
0.7394, 4774
0.7403, 4773
0.7409, 4772
0.7416, 4771
0.7421, 4770
0.7427, 4769
0.7435, 4768
0.7442, 4767
0.7446, 4766
0.7452, 4765
0.7461, 4764
0.7469, 4763
0.7475, 4762
0.7481, 4761
0.7487, 4760
0.7493, 4759
0.7504, 4758
0.7510, 4757
0.7515, 4756
0.7523, 4755
0.7528, 4754
0.7534, 4753
0.7540, 4752
0.7545, 4751
0.7553, 4750
0.7559, 4749
0.7565, 4748
0.7571, 4747
0.7579, 4746
0.7585, 4745
0.7593, 4744
0.7600, 4743
0.7609, 4742
0.7616, 4741
0.7622, 4740
0.7627, 4739
0.7633, 4738
0.7638, 4737
0.7644, 4736
0.7652, 4735
0.7657, 4734
0.7663, 4733
0.7668, 4732
0.7673, 4731
0.7681, 4730
0.7686, 4729
0.7691, 4728
0.7696, 4727
0.7705, 4726
0.7712, 4725
0.7720, 4724
0.7729, 4723
0.7734, 4722
0.7741, 4721
0.7749, 4720
0.7754, 4719
0.7760, 4718
0.7765, 4717
0.7773, 4716
0.7781, 4715
0.7788, 4714
0.7796, 4713
0.7801, 4712
0.7809, 4711
0.7817, 4710
0.7826, 4709
0.7833, 4708
0.7841, 4707
0.7848, 4706
0.7856, 4705
0.7862, 4704
0.7870, 4703
0.7879, 4702
0.7888, 4701
0.7895, 4700
0.7905, 4699
0.7912, 4698
0.7920, 4697
0.7926, 4696
0.7935, 4695
0.7942, 4694
0.7951, 4693
0.7959, 4692
0.7968, 4691
0.7977, 4690
1.1182, 4689
1.2403, 4688
1.2408, 4687
1.3622, 4686
1.6235, 4685
1.6839, 4684
1.8618, 4683
1.8623, 4682
1.9615, 4681
2.2023, 4680
2.2614, 4679
2.3818, 4678
2.4429, 4677
2.6253, 4676
2.9370, 4675
2.9586, 4674
3.1270, 4673
3.2915, 4672
3.2923, 4671
3.3561, 4670
3.4383, 4669
3.4790, 4668
3.6240, 4667
3.7255, 4666
3.7263, 4665
3.7268, 4664
3.7891, 4663
4.2721, 4662
4.3562, 4661
4.8339, 4660
4.8761, 4659
5.0367, 4658
5.0777, 4657
5.2450, 4656
5.4691, 4655
5.9420, 4654
6.0349, 4653
6.0356, 4652
6.6468, 4651
6.7892, 4650
6.8931, 4649
7.5517, 4648
7.7087, 4647
7.7680, 4646
8.0332, 4645
8.0734, 4644
8.1139, 4643
8.1145, 4642
8.1541, 4641
8.6571, 4640
8.7372, 4639
8.7790, 4638
9.1092, 4637
9.1502, 4636
9.5201, 4635
9.5996, 4634
9.6408, 4633
