0.1094, 4688
0.1390, 4686
0.1496, 4682
0.1820, 4678
0.2237, 4677
0.2545, 4676
0.2956, 4675
0.3063, 4672
0.3168, 4671
0.3589, 4670
0.4213, 4668
0.4426, 4664
0.6489, 4662
0.6759, 4661
0.7629, 4659
0.8342, 4656
0.8446, 4655
0.8556, 4651
0.9274, 4650
0.9481, 4648
1.0511, 4647
1.0925, 4645
1.1030, 4644
1.2483, 4643
1.2690, 4642
1.3314, 4640
1.4854, 4639
1.4962, 4637
1.5070, 4635
1.6004, 4634
1.9696, 4633
2.0627, 4631
2.3245, 4630
2.4374, 4627
2.5096, 4626
2.5512, 4625
2.6541, 4624
2.6786, 4623
2.7451, 4620
2.7687, 4619
2.9655, 4618
3.0373, 4617
3.0684, 4616
3.1354, 4615
3.4618, 4614
3.7419, 4613
3.9813, 4609
4.0132, 4608
4.0867, 4606
4.1076, 4605
4.1334, 4604
4.5527, 4603
4.6362, 4601
4.6783, 4600
4.6993, 4598
4.9276, 4597
5.0511, 4595
5.2067, 4594
5.2378, 4593
5.4435, 4592
5.4650, 4591
5.5477, 4590
5.6619, 4589
5.7346, 4588
5.8293, 4587
5.8508, 4586
5.9026, 4585
6.3185, 4583
6.5584, 4582
7.1085, 4581
7.1911, 4580
7.3140, 4579
7.3979, 4578
7.4909, 4577
7.9032, 4576
7.9554, 4575
8.3089, 4574
8.7974, 4573
8.8183, 4572
9.0299, 4571
9.5367, 4570
9.5475, 4569
10.0428, 4568
