0.0000, 5900
0.0005, 5899
0.0012, 5898
0.0018, 5897
0.0027, 5896
0.0035, 5895
0.0043, 5894
0.0049, 5893
0.0059, 5892
0.0064, 5891
0.0074, 5890
0.0079, 5889
0.0086, 5888
0.0092, 5887
0.0104, 5886
0.0114, 5885
0.0120, 5884
0.0133, 5883
0.0139, 5882
0.0151, 5881
0.0156, 5880
0.0166, 5879
0.0175, 5878
0.0184, 5877
0.0189, 5876
0.0194, 5875
0.0200, 5874
0.0206, 5873
0.0218, 5872
0.0224, 5871
0.0229, 5870
0.0234, 5869
0.0240, 5868
0.0245, 5867
0.0250, 5866
0.0255, 5865
0.0264, 5864
0.0272, 5863
0.0279, 5862
0.0284, 5861
0.0291, 5860
0.0297, 5859
0.0302, 5858
0.0307, 5857
0.0313, 5856
0.0320, 5855
0.0326, 5854
0.0331, 5853
0.0336, 5852
0.0346, 5851
0.0355, 5850
0.0360, 5849
0.0365, 5848
0.0372, 5847
0.0377, 5846
0.0382, 5845
0.0390, 5844
0.0395, 5843
0.0400, 5842
0.0405, 5841
0.0413, 5840
0.0421, 5839
0.0427, 5838
0.0432, 5837
0.0439, 5836
0.0445, 5835
0.0452, 5834
0.0457, 5833
0.0464, 5832
0.0469, 5831
0.0474, 5830
0.0483, 5829
0.0488, 5828
0.0493, 5827
0.0499, 5826
0.0508, 5825
0.0513, 5824
0.0519, 5823
0.0527, 5822
0.0532, 5821
0.0537, 5820
0.0543, 5819
0.0548, 5818
0.0553, 5817
0.0562, 5816
0.0567, 5815
0.0577, 5814
0.0586, 5813
0.0593, 5812
0.0599, 5811
0.0608, 5810
0.0615, 5809
0.0621, 5808
0.0627, 5807
0.0632, 5806
0.0640, 5805
0.0646, 5804
0.0651, 5803
0.0656, 5802
0.0662, 5801
0.0667, 5800
0.0676, 5799
0.0681, 5798
0.0688, 5797
0.0694, 5796
0.0700, 5795
0.0706, 5794
0.0713, 5793
0.0718, 5792
0.0723, 5791
0.0729, 5790
0.0734, 5789
0.0739, 5788
0.0745, 5787
0.0750, 5786
0.0763, 5785
0.0773, 5784
0.0781, 5783
0.0786, 5782
0.0792, 5781
0.0797, 5780
0.0804, 5779
0.0811, 5778
0.0817, 5777
0.0825, 5776
0.0832, 5775
0.0838, 5774
0.0844, 5773
0.0855, 5772
0.0861, 5771
0.0873, 5770
0.0879, 5769
0.0884, 5768
0.0891, 5767
0.0897, 5766
0.0904, 5765
0.0912, 5764
0.0918, 5763
0.0923, 5762
0.0929, 5761
0.0934, 5760
0.0943, 5759
0.0949, 5758
0.0954, 5757
0.0959, 5756
0.0964, 5755
0.0969, 5754
0.0978, 5753
0.0984, 5752
0.0989, 5751
0.0995, 5750
0.1000, 5749
0.1008, 5748
0.1013, 5747
0.1019, 5746
0.1028, 5745
0.1038, 5744
0.1044, 5743
0.1049, 5742
0.1055, 5741
0.1064, 5740
0.1070, 5739
0.1076, 5738
0.1081, 5737
0.1087, 5736
0.1092, 5735
0.1098, 5734
0.1103, 5733
0.1109, 5732
0.1114, 5731
0.1120, 5730
0.1125, 5729
0.1131, 5728
0.1136, 5727
0.1141, 5726
0.1147, 5725
0.1154, 5724
0.1161, 5723
0.1171, 5722
0.1178, 5721
0.1184, 5720
0.1191, 5719
0.1199, 5718
0.1209, 5717
0.1217, 5716
0.1226, 5715
0.1236, 5714
0.1242, 5713
0.1248, 5712
0.1254, 5711
0.1259, 5710
0.1264, 5709
0.1273, 5708
0.1280, 5707
0.1286, 5706
0.1292, 5705
0.1297, 5704
0.1302, 5703
0.1308, 5702
0.1313, 5701
0.1320, 5700
0.1330, 5699
0.1335, 5698
0.1340, 5697
0.1346, 5696
0.1357, 5695
0.1364, 5694
0.1370, 5693
0.1376, 5692
0.1382, 5691
0.1387, 5690
0.1392, 5689
0.1399, 5688
0.1404, 5687
0.1410, 5686
0.1419, 5685
0.1425, 5684
0.1431, 5683
0.1437, 5682
0.1443, 5681
0.1449, 5680
0.1455, 5679
0.1460, 5678
0.1466, 5677
0.1472, 5676
0.1478, 5675
0.1484, 5674
0.1489, 5673
0.1494, 5672
0.1500, 5671
0.1506, 5670
0.1512, 5669
0.1517, 5668
0.1524, 5667
0.1529, 5666
0.1535, 5665
0.1540, 5664
0.1546, 5663
0.1552, 5662
0.1562, 5661
0.1567, 5660
0.1576, 5659
0.1582, 5658
0.1593, 5657
0.1603, 5656
0.1611, 5655
0.1618, 5654
0.1626, 5653
0.1632, 5652
0.1638, 5651
0.1643, 5650
0.1649, 5649
0.1654, 5648
0.1661, 5647
0.1667, 5646
0.1672, 5645
0.1680, 5644
0.1685, 5643
0.1691, 5642
0.1697, 5641
0.1704, 5640
0.1711, 5639
0.1720, 5638
0.1726, 5637
0.1732, 5636
0.1738, 5635
0.1749, 5634
0.1755, 5633
0.1765, 5632
0.1774, 5631
0.1780, 5630
0.1789, 5629
0.1798, 5628
0.1804, 5627
0.1814, 5626
0.1823, 5625
0.1829, 5624
0.1838, 5623
0.1844, 5622
0.1850, 5621
0.1857, 5620
0.1863, 5619
0.1873, 5618
0.1879, 5617
0.1884, 5616
0.1890, 5615
0.1897, 5614
0.1906, 5613
0.1911, 5612
0.1917, 5611
0.1923, 5610
0.1930, 5609
0.1936, 5608
0.1942, 5607
0.1947, 5606
0.1953, 5605
0.1959, 5604
0.1965, 5603
0.1970, 5602
0.1975, 5601
0.1981, 5600
0.1986, 5599
0.1991, 5598
0.1996, 5597
0.2002, 5596
0.2008, 5595
0.2017, 5594
0.2023, 5593
0.2033, 5592
0.2039, 5591
0.2046, 5590
0.2054, 5589
0.2063, 5588
0.2069, 5587
0.2075, 5586
0.2081, 5585
0.2088, 5584
0.2097, 5583
0.2104, 5582
0.2110, 5581
0.2115, 5580
0.2121, 5579
0.2128, 5578
0.2134, 5577
0.2144, 5576
0.2150, 5575
0.2156, 5574
0.2163, 5573
0.2169, 5572
0.2174, 5571
0.2182, 5570
0.2190, 5569
0.2196, 5568
0.2205, 5567
0.2210, 5566
0.2216, 5565
0.2222, 5564
0.2229, 5563
0.2240, 5562
0.2247, 5561
0.2252, 5560
0.2258, 5559
0.2263, 5558
0.2269, 5557
0.2279, 5556
0.2284, 5555
0.2290, 5554
0.2296, 5553
0.2305, 5552
0.2311, 5551
0.2317, 5550
0.2323, 5549
0.2329, 5548
0.2335, 5547
0.2342, 5546
0.2348, 5545
0.2353, 5544
0.2359, 5543
0.2364, 5542
0.2371, 5541
0.2378, 5540
0.2384, 5539
0.2389, 5538
0.2394, 5537
0.2400, 5536
0.2406, 5535
0.2413, 5534
0.2421, 5533
0.2427, 5532
0.2433, 5531
0.2438, 5530
0.2444, 5529
0.2450, 5528
0.2455, 5527
0.2460, 5526
0.2468, 5525
0.2474, 5524
0.2482, 5523
0.2490, 5522
0.2501, 5521
0.2509, 5520
0.2516, 5519
0.2523, 5518
0.2528, 5517
0.2535, 5516
0.2541, 5515
0.2549, 5514
0.2554, 5513
0.2560, 5512
0.2566, 5511
0.2571, 5510
0.2577, 5509
0.2583, 5508
0.2588, 5507
0.2596, 5506
0.2601, 5505
0.2607, 5504
0.2612, 5503
0.2621, 5502
0.2627, 5501
0.2633, 5500
0.2639, 5499
0.2648, 5498
0.2655, 5497
0.2661, 5496
0.2667, 5495
0.2673, 5494
0.2680, 5493
0.2686, 5492
0.2691, 5491
0.2701, 5490
0.2709, 5489
0.2715, 5488
0.2720, 5487
0.2725, 5486
0.2730, 5485
0.2740, 5484
0.2746, 5483
0.2751, 5482
0.2761, 5481
0.2767, 5480
0.2772, 5479
0.2777, 5478
0.2783, 5477
0.2789, 5476
0.2795, 5475
0.2800, 5474
0.2808, 5473
0.2814, 5472
0.2820, 5471
0.2826, 5470
0.2832, 5469
0.2838, 5468
0.2843, 5467
0.2849, 5466
0.2859, 5465
0.2865, 5464
0.2870, 5463
0.2875, 5462
0.2882, 5461
0.2887, 5460
0.2893, 5459
0.2899, 5458
0.2905, 5457
0.2911, 5456
0.2920, 5455
0.2927, 5454
0.2933, 5453
0.2940, 5452
0.2945, 5451
0.2952, 5450
0.2958, 5449
0.2964, 5448
0.2971, 5447
0.2976, 5446
0.2982, 5445
0.2987, 5444
0.2998, 5443
0.3004, 5442
0.3009, 5441
0.3015, 5440
0.3021, 5439
0.3028, 5438
0.3037, 5437
0.3044, 5436
0.3050, 5435
0.3057, 5434
0.3062, 5433
0.3068, 5432
0.3078, 5431
0.3084, 5430
0.3089, 5429
0.3095, 5428
0.3101, 5427
0.3108, 5426
0.3117, 5425
0.3122, 5424
0.3129, 5423
0.3136, 5422
0.3143, 5421
0.3149, 5420
0.3159, 5419
0.3164, 5418
0.3169, 5417
0.3180, 5416
0.3185, 5415
0.3192, 5414
0.3198, 5413
0.3204, 5412
0.3211, 5411
0.3216, 5410
0.3222, 5409
0.3227, 5408
0.3232, 5407
0.3239, 5406
0.3247, 5405
0.3255, 5404
0.3263, 5403
0.3271, 5402
0.3276, 5401
0.3281, 5400
0.3289, 5399
0.3297, 5398
0.3304, 5397
0.3310, 5396
0.3317, 5395
0.3325, 5394
0.3333, 5393
0.3339, 5392
0.3347, 5391
0.3352, 5390
0.3357, 5389
0.3363, 5388
0.3370, 5387
0.3375, 5386
0.3384, 5385
0.3389, 5384
0.3396, 5383
0.3403, 5382
0.3410, 5381
0.3416, 5380
0.3422, 5379
0.3427, 5378
0.3435, 5377
0.3441, 5376
0.3447, 5375
0.3454, 5374
0.3461, 5373
0.3467, 5372
0.3472, 5371
0.3479, 5370
0.3485, 5369
0.3493, 5368
0.3500, 5367
0.3505, 5366
0.3513, 5365
0.3519, 5364
0.3526, 5363
0.3536, 5362
0.3542, 5361
0.3549, 5360
0.3556, 5359
0.3563, 5358
0.3569, 5357
0.3580, 5356
0.3585, 5355
0.3592, 5354
0.3598, 5353
0.3605, 5352
0.3610, 5351
0.3618, 5350
0.3625, 5349
0.3630, 5348
0.3636, 5347
0.3642, 5346
0.3651, 5345
0.3659, 5344
0.3665, 5343
0.3672, 5342
0.3678, 5341
0.3683, 5340
0.3689, 5339
0.3695, 5338
0.3701, 5337
0.3707, 5336
0.3713, 5335
0.3719, 5334
0.3726, 5333
0.3735, 5332
0.3745, 5331
0.3750, 5330
0.3756, 5329
0.3761, 5328
0.3768, 5327
0.3774, 5326
0.3780, 5325
0.3785, 5324
0.3791, 5323
0.3802, 5322
0.3811, 5321
0.3820, 5320
0.3828, 5319
0.3834, 5318
0.3840, 5317
0.3845, 5316
0.3853, 5315
0.3860, 5314
0.3866, 5313
0.3872, 5312
0.3880, 5311
0.3887, 5310
0.3893, 5309
0.3899, 5308
0.3908, 5307
0.3915, 5306
0.3921, 5305
0.3927, 5304
0.3933, 5303
0.3939, 5302
0.3945, 5301
0.3950, 5300
0.3957, 5299
0.3962, 5298
0.3968, 5297
0.3974, 5296
0.3981, 5295
0.3988, 5294
0.3993, 5293
0.3999, 5292
0.4007, 5291
0.4014, 5290
0.4020, 5289
0.4029, 5288
0.4035, 5287
0.4040, 5286
0.4047, 5285
0.4052, 5284
0.4060, 5283
0.4067, 5282
0.4072, 5281
0.4077, 5280
0.4083, 5279
0.4088, 5278
0.4094, 5277
0.4101, 5276
0.4108, 5275
0.4114, 5274
0.4123, 5273
0.4129, 5272
0.4134, 5271
0.4140, 5270
0.4146, 5269
0.4153, 5268
0.4158, 5267
0.4163, 5266
0.4170, 5265
0.4177, 5264
0.4183, 5263
0.4190, 5262
0.4196, 5261
0.4201, 5260
0.4209, 5259
0.4215, 5258
0.4221, 5257
0.4228, 5256
0.4235, 5255
0.4241, 5254
0.4251, 5253
0.4259, 5252
0.4266, 5251
0.4276, 5250
0.4282, 5249
0.4287, 5248
0.4294, 5247
0.4301, 5246
0.4307, 5245
0.4313, 5244
0.4320, 5243
0.4325, 5242
0.4331, 5241
0.4338, 5240
0.4344, 5239
0.4349, 5238
0.4356, 5237
0.4365, 5236
0.4371, 5235
0.4376, 5234
0.4383, 5233
0.4388, 5232
0.4395, 5231
0.4401, 5230
0.4407, 5229
0.4413, 5228
0.4420, 5227
0.4428, 5226
0.4433, 5225
0.4439, 5224
0.4448, 5223
0.4457, 5222
0.4464, 5221
0.4472, 5220
0.4479, 5219
0.4485, 5218
0.4490, 5217
0.4496, 5216
0.4503, 5215
0.4510, 5214
0.4516, 5213
0.4524, 5212
0.4531, 5211
0.4538, 5210
0.4547, 5209
0.4553, 5208
0.4560, 5207
0.4568, 5206
0.4575, 5205
0.4582, 5204
0.4590, 5203
0.4596, 5202
0.4603, 5201
0.4609, 5200
0.4617, 5199
0.4623, 5198
0.4630, 5197
0.4637, 5196
0.4643, 5195
0.4652, 5194
0.4657, 5193
0.4662, 5192
0.4668, 5191
0.4674, 5190
0.4681, 5189
0.4686, 5188
0.4692, 5187
0.4698, 5186
0.4704, 5185
0.4710, 5184
0.4716, 5183
0.4724, 5182
0.4731, 5181
0.4738, 5180
0.4747, 5179
0.4753, 5178
0.4762, 5177
0.4768, 5176
0.4775, 5175
0.4783, 5174
0.4790, 5173
0.4798, 5172
0.4803, 5171
0.4810, 5170
0.4815, 5169
0.4823, 5168
0.4829, 5167
0.4834, 5166
0.4841, 5165
0.4849, 5164
0.4854, 5163
0.4861, 5162
0.4868, 5161
0.4878, 5160
0.4885, 5159
0.4892, 5158
0.4899, 5157
0.4905, 5156
0.4910, 5155
0.4917, 5154
0.4924, 5153
0.4932, 5152
0.4939, 5151
0.4945, 5150
0.4952, 5149
0.4958, 5148
0.4965, 5147
0.4970, 5146
0.4975, 5145
0.4980, 5144
0.4987, 5143
0.4993, 5142
0.4998, 5141
0.5003, 5140
0.5009, 5139
0.5015, 5138
0.5022, 5137
0.5030, 5136
0.5036, 5135
0.5043, 5134
0.5049, 5133
0.5054, 5132
0.5060, 5131
0.5067, 5130
0.5074, 5129
0.5080, 5128
0.5087, 5127
0.5094, 5126
0.5102, 5125
0.5108, 5124
0.5113, 5123
0.5119, 5122
0.5124, 5121
0.5131, 5120
0.5137, 5119
0.5142, 5118
0.5147, 5117
0.5152, 5116
0.5158, 5115
0.5164, 5114
0.5173, 5113
0.5180, 5112
0.5188, 5111
0.5196, 5110
0.5203, 5109
0.5208, 5108
0.5213, 5107
0.5219, 5106
0.5225, 5105
0.5231, 5104
0.5238, 5103
0.5245, 5102
0.5251, 5101
0.5260, 5100
0.5267, 5099
0.5274, 5098
0.5282, 5097
0.5287, 5096
0.5294, 5095
0.5300, 5094
0.5305, 5093
0.5312, 5092
0.5318, 5091
0.5325, 5090
0.5330, 5089
0.5337, 5088
0.5345, 5087
0.5354, 5086
0.5360, 5085
0.5365, 5084
0.5372, 5083
0.5379, 5082
0.5385, 5081
0.5390, 5080
0.5397, 5079
0.5403, 5078
0.5408, 5077
0.5415, 5076
0.5420, 5075
0.5428, 5074
0.5435, 5073
0.5442, 5072
0.5448, 5071
0.5453, 5070
0.5458, 5069
0.5466, 5068
0.5475, 5067
0.5481, 5066
0.5488, 5065
0.5496, 5064
0.5506, 5063
0.5512, 5062
0.5519, 5061
0.5524, 5060
0.5532, 5059
0.5538, 5058
0.5543, 5057
0.5549, 5056
0.5555, 5055
0.5561, 5054
0.5568, 5053
0.5575, 5052
0.5581, 5051
0.5586, 5050
0.5592, 5049
0.5598, 5048
0.5606, 5047
0.5612, 5046
0.5622, 5045
0.5628, 5044
0.5634, 5043
0.5640, 5042
0.5645, 5041
0.5654, 5040
0.5659, 5039
0.5666, 5038
0.5674, 5037
0.5679, 5036
0.5684, 5035
0.5692, 5034
0.5699, 5033
0.5705, 5032
0.5711, 5031
0.5721, 5030
0.5727, 5029
0.5735, 5028
0.5740, 5027
0.5747, 5026
0.5753, 5025
0.5759, 5024
0.5766, 5023
0.5771, 5022
0.5778, 5021
0.5785, 5020
0.5795, 5019
0.5804, 5018
0.5810, 5017
0.5816, 5016
0.5821, 5015
0.5830, 5014
0.5837, 5013
0.5844, 5012
0.5851, 5011
0.5858, 5010
0.5865, 5009
0.5871, 5008
0.5877, 5007
0.5883, 5006
0.5892, 5005
0.5897, 5004
0.5906, 5003
0.5912, 5002
0.5917, 5001
0.5928, 5000
0.5934, 4999
0.5943, 4998
0.5950, 4997
0.5956, 4996
0.5963, 4995
0.5969, 4994
0.5975, 4993
0.5983, 4992
0.5989, 4991
0.5997, 4990
0.6005, 4989
0.6019, 4988
0.6026, 4987
0.6033, 4986
0.6039, 4985
0.6046, 4984
0.6056, 4983
0.6064, 4982
0.6081, 4981
0.6091, 4980
0.6101, 4979
0.6116, 4978
0.6128, 4977
0.6138, 4976
0.6166, 4975
0.6182, 4974
0.6188, 4973
0.6196, 4972
0.6206, 4971
0.6217, 4970
0.6222, 4969
0.6235, 4968
0.6245, 4967
0.6252, 4966
0.6276, 4965
0.6303, 4964
0.6315, 4963
0.6325, 4962
0.6337, 4961
0.6347, 4960
0.6354, 4959
0.6361, 4958
0.6369, 4957
0.6378, 4956
0.6386, 4955
0.6391, 4954
0.6398, 4953
0.6405, 4952
0.6417, 4951
0.6431, 4950
0.6442, 4949
0.6458, 4948
0.6466, 4947
0.6475, 4946
0.6485, 4945
0.6491, 4944
0.6498, 4943
0.6505, 4942
0.6513, 4941
0.6520, 4940
0.6525, 4939
0.6533, 4938
0.6540, 4937
0.6547, 4936
0.6554, 4935
0.6564, 4934
0.6575, 4933
0.6583, 4932
0.6592, 4931
0.6599, 4930
0.6609, 4929
0.6619, 4928
0.6627, 4927
0.6636, 4926
0.6644, 4925
0.6651, 4924
0.6658, 4923
0.6667, 4922
0.6675, 4921
0.6683, 4920
0.6690, 4919
0.6702, 4918
0.6712, 4917
0.6719, 4916
0.6728, 4915
0.6734, 4914
0.6741, 4913
0.6748, 4912
0.6757, 4911
0.6764, 4910
0.6773, 4909
0.6787, 4908
0.6795, 4907
0.6801, 4906
0.6809, 4905
0.6815, 4904
0.6822, 4903
0.6828, 4902
0.6837, 4901
0.6843, 4900
0.6854, 4899
0.6862, 4898
0.6869, 4897
0.6875, 4896
0.6881, 4895
0.6888, 4894
0.6896, 4893
0.6902, 4892
0.6915, 4891
0.6929, 4890
0.6939, 4889
0.6944, 4888
0.6950, 4887
0.6956, 4886
0.6962, 4885
0.6967, 4884
0.6973, 4883
0.6979, 4882
0.6985, 4881
0.6991, 4880
0.6997, 4879
0.7006, 4878
0.7011, 4877
0.7016, 4876
0.7024, 4875
0.7029, 4874
0.7035, 4873
0.7041, 4872
0.7050, 4871
0.7059, 4870
0.7068, 4869
0.7077, 4868
0.7082, 4867
0.7088, 4866
0.7093, 4865
0.7102, 4864
0.7111, 4863
0.7116, 4862
0.7122, 4861
0.7129, 4860
0.7136, 4859
0.7144, 4858
0.7150, 4857
0.7158, 4856
0.7167, 4855
0.7173, 4854
0.7184, 4853
0.7189, 4852
0.7195, 4851
0.7201, 4850
0.7210, 4849
0.7217, 4848
0.7224, 4847
0.7230, 4846
0.7235, 4845
0.7243, 4844
0.7248, 4843
0.7253, 4842
0.7258, 4841
0.7265, 4840
0.7272, 4839
0.7282, 4838
0.7290, 4837
0.7297, 4836
0.7301, 4835
0.7307, 4834
0.7314, 4833
0.7320, 4832
0.7326, 4831
0.7335, 4830
0.7340, 4829
0.7347, 4828
0.7353, 4827
0.7363, 4826
0.7371, 4825
0.7377, 4824
0.7385, 4823
0.7391, 4822
0.7398, 4821
0.7405, 4820
0.7409, 4819
0.7416, 4818
0.7422, 4817
0.7427, 4816
0.7433, 4815
0.7438, 4814
0.7447, 4813
0.7457, 4812
0.7463, 4811
0.7469, 4810
0.7478, 4809
0.7484, 4808
0.7489, 4807
0.7494, 4806
0.7499, 4805
0.7508, 4804
0.7518, 4803
0.7523, 4802
0.7529, 4801
0.7537, 4800
0.7543, 4799
0.7549, 4798
0.7560, 4797
0.7568, 4796
0.7575, 4795
0.7582, 4794
0.7589, 4793
0.7594, 4792
0.7602, 4791
0.7607, 4790
0.7616, 4789
0.7622, 4788
0.7629, 4787
0.7635, 4786
0.7640, 4785
0.7646, 4784
0.7651, 4783
0.7659, 4782
0.7665, 4781
0.7674, 4780
0.7683, 4779
0.7688, 4778
0.7696, 4777
0.7701, 4776
0.7707, 4775
0.7712, 4774
0.7722, 4773
0.7728, 4772
0.7736, 4771
0.7741, 4770
0.7747, 4769
0.7755, 4768
0.7761, 4767
0.7766, 4766
0.7771, 4765
0.7780, 4764
0.7788, 4763
0.7794, 4762
0.7801, 4761
0.7805, 4760
0.7811, 4759
0.7822, 4758
0.7828, 4757
0.7833, 4756
0.7841, 4755
0.7846, 4754
0.7852, 4753
0.7857, 4752
0.7862, 4751
0.7870, 4750
0.7875, 4749
0.7881, 4748
0.7888, 4747
0.7897, 4746
0.7903, 4745
0.7911, 4744
0.7918, 4743
0.7927, 4742
0.7934, 4741
0.7940, 4740
0.7945, 4739
0.7951, 4738
0.7956, 4737
0.7963, 4736
0.7971, 4735
0.7976, 4734
0.7982, 4733
0.7988, 4732
0.7993, 4731
0.8001, 4730
0.8007, 4729
0.8011, 4728
0.8017, 4727
0.8026, 4726
0.8033, 4725
0.8043, 4724
0.8053, 4723
0.8059, 4722
0.8067, 4721
0.8075, 4720
0.8080, 4719
0.8086, 4718
0.8091, 4717
0.8098, 4716
0.8106, 4715
0.8114, 4714
0.8122, 4713
0.8127, 4712
0.8135, 4711
0.8143, 4710
0.8155, 4709
0.8163, 4708
0.8173, 4707
0.8179, 4706
0.8190, 4705
0.8198, 4704
0.8207, 4703
0.8217, 4702
0.8227, 4701
0.8235, 4700
0.8246, 4699
0.8254, 4698
0.8264, 4697
0.8272, 4696
0.8283, 4695
0.8293, 4694
0.8305, 4693
0.8318, 4692
0.8330, 4691
0.8344, 4690
1.0570, 4689
1.2993, 4688
1.3409, 4687
1.4202, 4686
1.7268, 4685
1.7685, 4684
1.9126, 4683
1.9548, 4682
2.1164, 4681
2.2954, 4680
2.3572, 4679
2.5193, 4678
2.6245, 4677
2.7261, 4676
3.0297, 4675
3.0302, 4674
3.1679, 4673
3.3249, 4672
3.3256, 4671
3.4088, 4670
3.5303, 4669
3.5312, 4668
3.6287, 4667
3.7765, 4666
3.7773, 4665
3.8194, 4664
3.8608, 4663
4.3959, 4662
4.3966, 4661
4.8654, 4660
4.9059, 4659
5.0263, 4658
5.1047, 4657
5.2328, 4656
5.5028, 4655
5.9965, 4654
5.9973, 4653
5.9977, 4652
6.5675, 4651
6.7057, 4650
6.8244, 4649
7.5184, 4648
7.5592, 4647
7.6819, 4646
7.9427, 4645
7.9833, 4644
8.0235, 4643
8.0243, 4642
8.1057, 4641
8.5139, 4640
8.6533, 4639
8.7327, 4638
8.9897, 4637
9.0706, 4636
9.3095, 4635
9.4878, 4634
9.5519, 4633
9.8473, 4632
