0.1117, 4688
0.1418, 4687
0.2377, 4686
0.2628, 4685
0.2732, 4682
0.3238, 4681
0.3589, 4678
0.3886, 4676
0.4904, 4674
0.5117, 4673
0.5328, 4672
0.6474, 4671
0.7284, 4670
0.8142, 4669
0.8251, 4667
0.8561, 4666
0.8878, 4662
0.8990, 4661
0.9412, 4660
1.0254, 4659
1.1648, 4658
1.2208, 4657
1.2414, 4656
1.3335, 4654
1.3440, 4653
1.4164, 4652
1.4266, 4651
1.4880, 4650
1.5197, 4649
1.6562, 4648
1.6924, 4647
1.9147, 4646
1.9266, 4644
2.0022, 4643
2.0374, 4641
2.0952, 4640
2.1116, 4637
2.1853, 4633
2.2765, 4632
2.2978, 4631
2.3626, 4630
2.3737, 4628
2.4459, 4627
2.5266, 4625
2.7489, 4624
2.7702, 4623
2.9456, 4620
2.9560, 4615
2.9764, 4614
2.9870, 4613
3.1851, 4611
3.2095, 4610
3.4839, 4609
3.4944, 4608
3.5957, 4607
3.6595, 4605
3.7521, 4604
4.0798, 4603
4.0903, 4602
4.1514, 4600
4.3563, 4599
4.5053, 4598
4.5919, 4596
5.1196, 4595
5.1402, 4594
5.2642, 4593
5.2845, 4592
5.5898, 4591
5.6116, 4590
5.8276, 4589
6.7740, 4587
6.8872, 4586
7.3683, 4585
7.4914, 4584
7.5018, 4583
8.3859, 4582
8.8278, 4581
9.1879, 4580
9.5800, 4579
9.6616, 4578
9.9166, 4577
10.1207, 4576
