0.0000, 5900
0.0006, 5899
0.0013, 5898
0.0019, 5897
0.0029, 5896
0.0036, 5895
0.0043, 5894
0.0050, 5893
0.0059, 5892
0.0064, 5891
0.0073, 5890
0.0078, 5889
0.0083, 5888
0.0088, 5887
0.0098, 5886
0.0107, 5885
0.0114, 5884
0.0126, 5883
0.0132, 5882
0.0143, 5881
0.0148, 5880
0.0158, 5879
0.0167, 5878
0.0176, 5877
0.0181, 5876
0.0186, 5875
0.0191, 5874
0.0197, 5873
0.0208, 5872
0.0213, 5871
0.0218, 5870
0.0223, 5869
0.0231, 5868
0.0236, 5867
0.0241, 5866
0.0246, 5865
0.0255, 5864
0.0263, 5863
0.0269, 5862
0.0275, 5861
0.0281, 5860
0.0288, 5859
0.0293, 5858
0.0299, 5857
0.0305, 5856
0.0312, 5855
0.0317, 5854
0.0322, 5853
0.0328, 5852
0.0339, 5851
0.0348, 5850
0.0353, 5849
0.0358, 5848
0.0365, 5847
0.0371, 5846
0.0376, 5845
0.0384, 5844
0.0389, 5843
0.0394, 5842
0.0399, 5841
0.0407, 5840
0.0414, 5839
0.0419, 5838
0.0425, 5837
0.0431, 5836
0.0437, 5835
0.0444, 5834
0.0449, 5833
0.0456, 5832
0.0462, 5831
0.0467, 5830
0.0475, 5829
0.0481, 5828
0.0486, 5827
0.0493, 5826
0.0502, 5825
0.0507, 5824
0.0513, 5823
0.0521, 5822
0.0526, 5821
0.0532, 5820
0.0537, 5819
0.0543, 5818
0.0548, 5817
0.0557, 5816
0.0562, 5815
0.0572, 5814
0.0582, 5813
0.0589, 5812
0.0595, 5811
0.0604, 5810
0.0611, 5809
0.0617, 5808
0.0624, 5807
0.0629, 5806
0.0638, 5805
0.0643, 5804
0.0649, 5803
0.0654, 5802
0.0659, 5801
0.0665, 5800
0.0674, 5799
0.0679, 5798
0.0685, 5797
0.0691, 5796
0.0698, 5795
0.0703, 5794
0.0711, 5793
0.0716, 5792
0.0721, 5791
0.0727, 5790
0.0732, 5789
0.0737, 5788
0.0744, 5787
0.0749, 5786
0.0762, 5785
0.0773, 5784
0.0781, 5783
0.0787, 5782
0.0792, 5781
0.0797, 5780
0.0804, 5779
0.0812, 5778
0.0818, 5777
0.0827, 5776
0.0833, 5775
0.0839, 5774
0.0846, 5773
0.0857, 5772
0.0863, 5771
0.0875, 5770
0.0881, 5769
0.0887, 5768
0.0895, 5767
0.0900, 5766
0.0907, 5765
0.0915, 5764
0.0920, 5763
0.0926, 5762
0.0931, 5761
0.0937, 5760
0.0947, 5759
0.0952, 5758
0.0957, 5757
0.0963, 5756
0.0968, 5755
0.0973, 5754
0.0982, 5753
0.0989, 5752
0.0994, 5751
0.0999, 5750
0.1005, 5749
0.1013, 5748
0.1019, 5747
0.1024, 5746
0.1033, 5745
0.1044, 5744
0.1050, 5743
0.1055, 5742
0.1061, 5741
0.1071, 5740
0.1077, 5739
0.1083, 5738
0.1088, 5737
0.1094, 5736
0.1099, 5735
0.1105, 5734
0.1111, 5733
0.1117, 5732
0.1122, 5731
0.1128, 5730
0.1134, 5729
0.1140, 5728
0.1145, 5727
0.1150, 5726
0.1156, 5725
0.1164, 5724
0.1170, 5723
0.1181, 5722
0.1187, 5721
0.1193, 5720
0.1200, 5719
0.1208, 5718
0.1218, 5717
0.1226, 5716
0.1236, 5715
0.1246, 5714
0.1251, 5713
0.1257, 5712
0.1263, 5711
0.1269, 5710
0.1275, 5709
0.1283, 5708
0.1291, 5707
0.1297, 5706
0.1302, 5705
0.1308, 5704
0.1313, 5703
0.1319, 5702
0.1325, 5701
0.1331, 5700
0.1342, 5699
0.1347, 5698
0.1353, 5697
0.1358, 5696
0.1370, 5695
0.1377, 5694
0.1383, 5693
0.1389, 5692
0.1395, 5691
0.1400, 5690
0.1405, 5689
0.1412, 5688
0.1418, 5687
0.1423, 5686
0.1433, 5685
0.1439, 5684
0.1445, 5683
0.1451, 5682
0.1457, 5681
0.1463, 5680
0.1469, 5679
0.1475, 5678
0.1481, 5677
0.1487, 5676
0.1493, 5675
0.1499, 5674
0.1504, 5673
0.1510, 5672
0.1516, 5671
0.1521, 5670
0.1528, 5669
0.1533, 5668
0.1540, 5667
0.1545, 5666
0.1551, 5665
0.1557, 5664
0.1563, 5663
0.1569, 5662
0.1579, 5661
0.1584, 5660
0.1593, 5659
0.1599, 5658
0.1611, 5657
0.1621, 5656
0.1630, 5655
0.1637, 5654
0.1645, 5653
0.1651, 5652
0.1657, 5651
0.1662, 5650
0.1668, 5649
0.1674, 5648
0.1681, 5647
0.1687, 5646
0.1693, 5645
0.1701, 5644
0.1706, 5643
0.1712, 5642
0.1718, 5641
0.1725, 5640
0.1733, 5639
0.1742, 5638
0.1748, 5637
0.1754, 5636
0.1760, 5635
0.1771, 5634
0.1778, 5633
0.1788, 5632
0.1797, 5631
0.1803, 5630
0.1813, 5629
0.1821, 5628
0.1828, 5627
0.1839, 5626
0.1847, 5625
0.1854, 5624
0.1863, 5623
0.1868, 5622
0.1875, 5621
0.1882, 5620
0.1888, 5619
0.1898, 5618
0.1904, 5617
0.1910, 5616
0.1915, 5615
0.1923, 5614
0.1938, 5613
0.1944, 5612
0.1949, 5611
0.1955, 5610
0.1963, 5609
0.1969, 5608
0.1976, 5607
0.1982, 5606
0.1987, 5605
0.1994, 5604
0.2000, 5603
0.2005, 5602
0.2011, 5601
0.2017, 5600
0.2022, 5599
0.2028, 5598
0.2033, 5597
0.2039, 5596
0.2046, 5595
0.2055, 5594
0.2061, 5593
0.2070, 5592
0.2076, 5591
0.2085, 5590
0.2093, 5589
0.2102, 5588
0.2108, 5587
0.2114, 5586
0.2120, 5585
0.2127, 5584
0.2137, 5583
0.2144, 5582
0.2151, 5581
0.2156, 5580
0.2163, 5579
0.2170, 5578
0.2177, 5577
0.2187, 5576
0.2194, 5575
0.2199, 5574
0.2207, 5573
0.2213, 5572
0.2218, 5571
0.2226, 5570
0.2235, 5569
0.2241, 5568
0.2250, 5567
0.2256, 5566
0.2262, 5565
0.2268, 5564
0.2275, 5563
0.2287, 5562
0.2293, 5561
0.2299, 5560
0.2305, 5559
0.2311, 5558
0.2317, 5557
0.2327, 5556
0.2333, 5555
0.2339, 5554
0.2345, 5553
0.2354, 5552
0.2360, 5551
0.2366, 5550
0.2373, 5549
0.2379, 5548
0.2386, 5547
0.2392, 5546
0.2398, 5545
0.2404, 5544
0.2410, 5543
0.2415, 5542
0.2422, 5541
0.2428, 5540
0.2434, 5539
0.2439, 5538
0.2445, 5537
0.2451, 5536
0.2456, 5535
0.2463, 5534
0.2472, 5533
0.2477, 5532
0.2483, 5531
0.2488, 5530
0.2494, 5529
0.2500, 5528
0.2505, 5527
0.2511, 5526
0.2519, 5525
0.2525, 5524
0.2532, 5523
0.2541, 5522
0.2552, 5521
0.2561, 5520
0.2568, 5519
0.2574, 5518
0.2580, 5517
0.2587, 5516
0.2593, 5515
0.2601, 5514
0.2606, 5513
0.2612, 5512
0.2618, 5511
0.2624, 5510
0.2629, 5509
0.2635, 5508
0.2641, 5507
0.2649, 5506
0.2654, 5505
0.2660, 5504
0.2665, 5503
0.2675, 5502
0.2681, 5501
0.2687, 5500
0.2693, 5499
0.2702, 5498
0.2709, 5497
0.2716, 5496
0.2722, 5495
0.2729, 5494
0.2735, 5493
0.2741, 5492
0.2747, 5491
0.2757, 5490
0.2765, 5489
0.2771, 5488
0.2777, 5487
0.2782, 5486
0.2787, 5485
0.2797, 5484
0.2803, 5483
0.2808, 5482
0.2818, 5481
0.2824, 5480
0.2830, 5479
0.2835, 5478
0.2841, 5477
0.2847, 5476
0.2854, 5475
0.2859, 5474
0.2867, 5473
0.2873, 5472
0.2879, 5471
0.2886, 5470
0.2892, 5469
0.2898, 5468
0.2904, 5467
0.2910, 5466
0.2920, 5465
0.2926, 5464
0.2931, 5463
0.2937, 5462
0.2943, 5461
0.2949, 5460
0.2955, 5459
0.2962, 5458
0.2968, 5457
0.2974, 5456
0.2983, 5455
0.2990, 5454
0.2996, 5453
0.3003, 5452
0.3008, 5451
0.3017, 5450
0.3022, 5449
0.3029, 5448
0.3036, 5447
0.3042, 5446
0.3048, 5445
0.3054, 5444
0.3065, 5443
0.3071, 5442
0.3078, 5441
0.3083, 5440
0.3090, 5439
0.3097, 5438
0.3106, 5437
0.3113, 5436
0.3120, 5435
0.3126, 5434
0.3132, 5433
0.3138, 5432
0.3148, 5431
0.3155, 5430
0.3160, 5429
0.3167, 5428
0.3173, 5427
0.3180, 5426
0.3189, 5425
0.3195, 5424
0.3202, 5423
0.3209, 5422
0.3216, 5421
0.3223, 5420
0.3232, 5419
0.3238, 5418
0.3243, 5417
0.3254, 5416
0.3259, 5415
0.3266, 5414
0.3272, 5413
0.3277, 5412
0.3284, 5411
0.3289, 5410
0.3294, 5409
0.3299, 5408
0.3305, 5407
0.3312, 5406
0.3320, 5405
0.3328, 5404
0.3336, 5403
0.3344, 5402
0.3349, 5401
0.3354, 5400
0.3361, 5399
0.3371, 5398
0.3378, 5397
0.3384, 5396
0.3390, 5395
0.3399, 5394
0.3407, 5393
0.3413, 5392
0.3421, 5391
0.3426, 5390
0.3432, 5389
0.3438, 5388
0.3444, 5387
0.3450, 5386
0.3459, 5385
0.3465, 5384
0.3472, 5383
0.3478, 5382
0.3485, 5381
0.3492, 5380
0.3497, 5379
0.3502, 5378
0.3510, 5377
0.3516, 5376
0.3522, 5375
0.3529, 5374
0.3535, 5373
0.3542, 5372
0.3547, 5371
0.3554, 5370
0.3560, 5369
0.3567, 5368
0.3574, 5367
0.3580, 5366
0.3587, 5365
0.3593, 5364
0.3600, 5363
0.3610, 5362
0.3616, 5361
0.3624, 5360
0.3631, 5359
0.3637, 5358
0.3644, 5357
0.3654, 5356
0.3660, 5355
0.3667, 5354
0.3673, 5353
0.3680, 5352
0.3685, 5351
0.3693, 5350
0.3700, 5349
0.3706, 5348
0.3712, 5347
0.3719, 5346
0.3727, 5345
0.3736, 5344
0.3742, 5343
0.3749, 5342
0.3756, 5341
0.3762, 5340
0.3768, 5339
0.3774, 5338
0.3780, 5337
0.3786, 5336
0.3792, 5335
0.3798, 5334
0.3805, 5333
0.3814, 5332
0.3824, 5331
0.3829, 5330
0.3835, 5329
0.3841, 5328
0.3847, 5327
0.3853, 5326
0.3859, 5325
0.3864, 5324
0.3870, 5323
0.3880, 5322
0.3890, 5321
0.3899, 5320
0.3907, 5319
0.3913, 5318
0.3918, 5317
0.3924, 5316
0.3931, 5315
0.3938, 5314
0.3945, 5313
0.3951, 5312
0.3959, 5311
0.3966, 5310
0.3971, 5309
0.3978, 5308
0.3987, 5307
0.3994, 5306
0.4000, 5305
0.4005, 5304
0.4011, 5303
0.4018, 5302
0.4024, 5301
0.4030, 5300
0.4036, 5299
0.4042, 5298
0.4048, 5297
0.4054, 5296
0.4061, 5295
0.4069, 5294
0.4074, 5293
0.4080, 5292
0.4088, 5291
0.4095, 5290
0.4102, 5289
0.4110, 5288
0.4117, 5287
0.4122, 5286
0.4129, 5285
0.4135, 5284
0.4142, 5283
0.4147, 5282
0.4153, 5281
0.4158, 5280
0.4164, 5279
0.4169, 5278
0.4175, 5277
0.4181, 5276
0.4188, 5275
0.4195, 5274
0.4203, 5273
0.4209, 5272
0.4214, 5271
0.4220, 5270
0.4227, 5269
0.4233, 5268
0.4238, 5267
0.4244, 5266
0.4250, 5265
0.4257, 5264
0.4264, 5263
0.4270, 5262
0.4276, 5261
0.4282, 5260
0.4290, 5259
0.4296, 5258
0.4302, 5257
0.4310, 5256
0.4317, 5255
0.4324, 5254
0.4333, 5253
0.4341, 5252
0.4349, 5251
0.4359, 5250
0.4365, 5249
0.4370, 5248
0.4377, 5247
0.4384, 5246
0.4390, 5245
0.4396, 5244
0.4403, 5243
0.4408, 5242
0.4414, 5241
0.4420, 5240
0.4426, 5239
0.4431, 5238
0.4437, 5237
0.4446, 5236
0.4451, 5235
0.4457, 5234
0.4463, 5233
0.4469, 5232
0.4476, 5231
0.4483, 5230
0.4488, 5229
0.4495, 5228
0.4501, 5227
0.4509, 5226
0.4515, 5225
0.4520, 5224
0.4530, 5223
0.4538, 5222
0.4546, 5221
0.4554, 5220
0.4561, 5219
0.4567, 5218
0.4572, 5217
0.4578, 5216
0.4586, 5215
0.4593, 5214
0.4598, 5213
0.4606, 5212
0.4613, 5211
0.4621, 5210
0.4630, 5209
0.4636, 5208
0.4644, 5207
0.4652, 5206
0.4660, 5205
0.4666, 5204
0.4674, 5203
0.4681, 5202
0.4687, 5201
0.4694, 5200
0.4701, 5199
0.4708, 5198
0.4715, 5197
0.4723, 5196
0.4729, 5195
0.4737, 5194
0.4743, 5193
0.4749, 5192
0.4755, 5191
0.4761, 5190
0.4768, 5189
0.4773, 5188
0.4779, 5187
0.4785, 5186
0.4791, 5185
0.4798, 5184
0.4804, 5183
0.4811, 5182
0.4818, 5181
0.4826, 5180
0.4835, 5179
0.4840, 5178
0.4849, 5177
0.4856, 5176
0.4862, 5175
0.4870, 5174
0.4877, 5173
0.4885, 5172
0.4890, 5171
0.4897, 5170
0.4902, 5169
0.4910, 5168
0.4916, 5167
0.4922, 5166
0.4929, 5165
0.4938, 5164
0.4944, 5163
0.4951, 5162
0.4957, 5161
0.4967, 5160
0.4975, 5159
0.4983, 5158
0.4990, 5157
0.4996, 5156
0.5001, 5155
0.5008, 5154
0.5016, 5153
0.5024, 5152
0.5031, 5151
0.5037, 5150
0.5043, 5149
0.5050, 5148
0.5056, 5147
0.5061, 5146
0.5066, 5145
0.5071, 5144
0.5078, 5143
0.5084, 5142
0.5089, 5141
0.5094, 5140
0.5100, 5139
0.5106, 5138
0.5113, 5137
0.5121, 5136
0.5127, 5135
0.5134, 5134
0.5141, 5133
0.5146, 5132
0.5152, 5131
0.5159, 5130
0.5165, 5129
0.5172, 5128
0.5178, 5127
0.5186, 5126
0.5194, 5125
0.5200, 5124
0.5206, 5123
0.5212, 5122
0.5217, 5121
0.5225, 5120
0.5230, 5119
0.5236, 5118
0.5241, 5117
0.5246, 5116
0.5251, 5115
0.5257, 5114
0.5266, 5113
0.5274, 5112
0.5281, 5111
0.5289, 5110
0.5295, 5109
0.5301, 5108
0.5306, 5107
0.5312, 5106
0.5319, 5105
0.5325, 5104
0.5332, 5103
0.5340, 5102
0.5346, 5101
0.5355, 5100
0.5362, 5099
0.5369, 5098
0.5377, 5097
0.5382, 5096
0.5390, 5095
0.5396, 5094
0.5401, 5093
0.5409, 5092
0.5415, 5091
0.5423, 5090
0.5428, 5089
0.5435, 5088
0.5442, 5087
0.5451, 5086
0.5457, 5085
0.5463, 5084
0.5469, 5083
0.5477, 5082
0.5483, 5081
0.5488, 5080
0.5495, 5079
0.5501, 5078
0.5506, 5077
0.5513, 5076
0.5518, 5075
0.5525, 5074
0.5532, 5073
0.5539, 5072
0.5545, 5071
0.5550, 5070
0.5555, 5069
0.5563, 5068
0.5572, 5067
0.5579, 5066
0.5586, 5065
0.5593, 5064
0.5603, 5063
0.5609, 5062
0.5616, 5061
0.5621, 5060
0.5629, 5059
0.5635, 5058
0.5641, 5057
0.5647, 5056
0.5652, 5055
0.5659, 5054
0.5665, 5053
0.5672, 5052
0.5678, 5051
0.5683, 5050
0.5689, 5049
0.5696, 5048
0.5704, 5047
0.5710, 5046
0.5721, 5045
0.5727, 5044
0.5733, 5043
0.5740, 5042
0.5745, 5041
0.5755, 5040
0.5760, 5039
0.5767, 5038
0.5775, 5037
0.5781, 5036
0.5786, 5035
0.5793, 5034
0.5801, 5033
0.5807, 5032
0.5813, 5031
0.5822, 5030
0.5828, 5029
0.5837, 5028
0.5842, 5027
0.5849, 5026
0.5855, 5025
0.5861, 5024
0.5867, 5023
0.5873, 5022
0.5879, 5021
0.5886, 5020
0.5896, 5019
0.5905, 5018
0.5910, 5017
0.5915, 5016
0.5920, 5015
0.5930, 5014
0.5936, 5013
0.5943, 5012
0.5950, 5011
0.5956, 5010
0.5963, 5009
0.5969, 5008
0.5974, 5007
0.5981, 5006
0.5989, 5005
0.5994, 5004
0.6002, 5003
0.6008, 5002
0.6014, 5001
0.6023, 5000
0.6030, 4999
0.6038, 4998
0.6044, 4997
0.6050, 4996
0.6057, 4995
0.6062, 4994
0.6068, 4993
0.6076, 4992
0.6081, 4991
0.6089, 4990
0.6096, 4989
0.6106, 4988
0.6113, 4987
0.6119, 4986
0.6125, 4985
0.6132, 4984
0.6139, 4983
0.6145, 4982
0.6152, 4981
0.6160, 4980
0.6169, 4979
0.6174, 4978
0.6179, 4977
0.6186, 4976
0.6195, 4975
0.6205, 4974
0.6210, 4973
0.6216, 4972
0.6223, 4971
0.6230, 4970
0.6235, 4969
0.6242, 4968
0.6249, 4967
0.6256, 4966
0.6263, 4965
0.6268, 4964
0.6273, 4963
0.6279, 4962
0.6286, 4961
0.6293, 4960
0.6298, 4959
0.6304, 4958
0.6309, 4957
0.6314, 4956
0.6322, 4955
0.6327, 4954
0.6333, 4953
0.6339, 4952
0.6346, 4951
0.6355, 4950
0.6364, 4949
0.6375, 4948
0.6381, 4947
0.6387, 4946
0.6396, 4945
0.6401, 4944
0.6407, 4943
0.6413, 4942
0.6418, 4941
0.6424, 4940
0.6429, 4939
0.6436, 4938
0.6441, 4937
0.6448, 4936
0.6454, 4935
0.6464, 4934
0.6472, 4933
0.6478, 4932
0.6483, 4931
0.6489, 4930
0.6496, 4929
0.6502, 4928
0.6507, 4927
0.6514, 4926
0.6521, 4925
0.6527, 4924
0.6533, 4923
0.6540, 4922
0.6547, 4921
0.6552, 4920
0.6558, 4919
0.6567, 4918
0.6576, 4917
0.6581, 4916
0.6589, 4915
0.6594, 4914
0.6600, 4913
0.6605, 4912
0.6610, 4911
0.6615, 4910
0.6620, 4909
0.6630, 4908
0.6635, 4907
0.6640, 4906
0.6646, 4905
0.6651, 4904
0.6657, 4903
0.6662, 4902
0.6669, 4901
0.6674, 4900
0.6683, 4899
0.6690, 4898
0.6696, 4897
0.6701, 4896
0.6707, 4895
0.6714, 4894
0.6720, 4893
0.6725, 4892
0.6733, 4891
0.6741, 4890
0.6748, 4889
0.6753, 4888
0.6758, 4887
0.6764, 4886
0.6770, 4885
0.6775, 4884
0.6782, 4883
0.6788, 4882
0.6793, 4881
0.6799, 4880
0.6805, 4879
0.6814, 4878
0.6819, 4877
0.6824, 4876
0.6832, 4875
0.6837, 4874
0.6842, 4873
0.6848, 4872
0.6856, 4871
0.6863, 4870
0.6870, 4869
0.6878, 4868
0.6884, 4867
0.6889, 4866
0.6894, 4865
0.6903, 4864
0.6911, 4863
0.6916, 4862
0.6922, 4861
0.6929, 4860
0.6936, 4859
0.6944, 4858
0.6950, 4857
0.6957, 4856
0.6965, 4855
0.6972, 4854
0.6982, 4853
0.6988, 4852
0.6993, 4851
0.6999, 4850
0.7009, 4849
0.7015, 4848
0.7022, 4847
0.7027, 4846
0.7032, 4845
0.7040, 4844
0.7045, 4843
0.7050, 4842
0.7054, 4841
0.7062, 4840
0.7068, 4839
0.7078, 4838
0.7085, 4837
0.7092, 4836
0.7096, 4835
0.7101, 4834
0.7108, 4833
0.7113, 4832
0.7120, 4831
0.7129, 4830
0.7135, 4829
0.7141, 4828
0.7148, 4827
0.7157, 4826
0.7166, 4825
0.7171, 4824
0.7178, 4823
0.7184, 4822
0.7190, 4821
0.7196, 4820
0.7201, 4819
0.7208, 4818
0.7213, 4817
0.7218, 4816
0.7224, 4815
0.7229, 4814
0.7238, 4813
0.7247, 4812
0.7254, 4811
0.7259, 4810
0.7268, 4809
0.7273, 4808
0.7279, 4807
0.7284, 4806
0.7289, 4805
0.7298, 4804
0.7307, 4803
0.7312, 4802
0.7317, 4801
0.7324, 4800
0.7330, 4799
0.7336, 4798
0.7340, 4797
0.7346, 4796
0.7352, 4795
0.7359, 4794
0.7365, 4793
0.7371, 4792
0.7378, 4791
0.7384, 4790
0.7392, 4789
0.7398, 4788
0.7404, 4787
0.7410, 4786
0.7415, 4785
0.7421, 4784
0.7426, 4783
0.7433, 4782
0.7439, 4781
0.7448, 4780
0.7456, 4779
0.7461, 4778
0.7469, 4777
0.7474, 4776
0.7480, 4775
0.7485, 4774
0.7494, 4773
0.7500, 4772
0.7507, 4771
0.7512, 4770
0.7518, 4769
0.7526, 4768
0.7532, 4767
0.7537, 4766
0.7542, 4765
0.7551, 4764
0.7559, 4763
0.7565, 4762
0.7571, 4761
0.7576, 4760
0.7582, 4759
0.7593, 4758
0.7599, 4757
0.7605, 4756
0.7613, 4755
0.7618, 4754
0.7624, 4753
0.7630, 4752
0.7635, 4751
0.7644, 4750
0.7651, 4749
0.7657, 4748
0.7662, 4747
0.7671, 4746
0.7678, 4745
0.7686, 4744
0.7693, 4743
0.7701, 4742
0.7709, 4741
0.7715, 4740
0.7720, 4739
0.7725, 4738
0.7730, 4737
0.7736, 4736
0.7745, 4735
0.7750, 4734
0.7756, 4733
0.7761, 4732
0.7765, 4731
0.7774, 4730
0.7779, 4729
0.7784, 4728
0.7789, 4727
0.7798, 4726
0.7805, 4725
0.7814, 4724
0.7823, 4723
0.7827, 4722
0.7835, 4721
0.7843, 4720
0.7848, 4719
0.7854, 4718
0.7859, 4717
0.7867, 4716
0.7875, 4715
0.7883, 4714
0.7891, 4713
0.7896, 4712
0.7904, 4711
0.7911, 4710
0.7921, 4709
0.7928, 4708
0.7936, 4707
0.7942, 4706
0.7950, 4705
0.7957, 4704
0.7964, 4703
0.7974, 4702
0.7983, 4701
0.7991, 4700
0.8000, 4699
0.8008, 4698
0.8016, 4697
0.8022, 4696
0.8031, 4695
0.8038, 4694
0.8048, 4693
0.8056, 4692
0.8066, 4691
0.8075, 4690
0.9880, 4689
1.2564, 4688
1.2997, 4687
1.3838, 4686
1.7321, 4685
1.7552, 4684
1.8227, 4683
1.9533, 4682
2.1913, 4681
2.3196, 4680
2.3863, 4679
2.5619, 4678
2.6057, 4677
2.7694, 4676
3.0779, 4675
3.0784, 4674
3.1801, 4673
3.3869, 4672
3.4955, 4671
3.4963, 4670
3.6349, 4669
3.6358, 4668
3.7363, 4667
3.8771, 4666
3.8779, 4665
3.8784, 4664
3.9396, 4663
4.3871, 4662
4.4890, 4661
4.9466, 4660
4.9875, 4659
5.1063, 4658
5.1658, 4657
5.3710, 4656
5.5523, 4655
6.0348, 4654
6.0352, 4653
6.1175, 4652
6.6437, 4651
6.8236, 4650
6.9446, 4649
7.6393, 4648
7.7484, 4647
7.8150, 4646
8.1012, 4645
8.1021, 4644
8.1721, 4643
8.1729, 4642
8.2363, 4641
8.6999, 4640
8.8326, 4639
8.8784, 4638
9.1306, 4637
9.3136, 4636
9.6238, 4635
9.7093, 4634
9.8367, 4633
