0.1083, 4688
0.1377, 4687
0.1481, 4685
0.1684, 4683
0.1788, 4682
0.1890, 4681
0.2193, 4680
0.2395, 4679
0.2600, 4678
0.4303, 4677
0.4608, 4675
0.4909, 4674
0.6222, 4673
0.6325, 4672
0.6632, 4671
0.7244, 4669
0.8041, 4667
0.9285, 4665
0.9392, 4664
1.0323, 4663
1.1461, 4661
1.1568, 4660
1.2080, 4659
1.3091, 4658
1.3308, 4654
1.3741, 4652
1.3852, 4651
1.4172, 4650
1.4378, 4647
1.4478, 4646
1.5385, 4645
1.6797, 4643
1.7001, 4642
1.7104, 4641
1.7819, 4640
1.8229, 4639
2.0010, 4638
2.2039, 4637
2.3954, 4635
2.4465, 4634
2.4673, 4631
2.5802, 4629
2.6209, 4628
2.6709, 4627
2.7016, 4620
2.7527, 4619
2.9556, 4617
3.0473, 4616
3.2608, 4615
3.3324, 4614
3.4642, 4611
3.7174, 4610
3.7280, 4608
3.8691, 4607
4.1732, 4606
4.2347, 4605
4.3759, 4604
4.6280, 4603
4.6895, 4602
4.7734, 4601
4.7842, 4600
4.9315, 4598
4.9631, 4596
5.4018, 4595
5.7125, 4593
5.8240, 4591
6.0120, 4590
6.0330, 4589
6.1472, 4588
6.2622, 4587
6.2837, 4586
6.3881, 4585
6.6919, 4583
6.7944, 4582
6.8373, 4581
7.3114, 4580
7.8342, 4579
8.8199, 4578
9.2180, 4577
9.3704, 4576
9.4011, 4575
9.4123, 4574
9.5987, 4573
9.9133, 4572
10.5044, 4570
