0.1079, 4688
0.1399, 4687
0.2013, 4685
0.2422, 4684
0.2835, 4682
0.3039, 4681
0.3741, 4680
0.3945, 4677
0.5557, 4676
0.6262, 4672
0.6367, 4670
0.6873, 4668
0.7180, 4667
0.7579, 4666
0.8085, 4664
0.8186, 4663
0.8497, 4662
0.9006, 4660
0.9110, 4659
0.9849, 4658
1.0394, 4653
1.1481, 4652
1.2108, 4651
1.3387, 4650
1.3494, 4646
1.4613, 4641
1.5313, 4640
1.6017, 4637
1.6330, 4636
1.7746, 4635
1.8051, 4634
1.8160, 4631
1.8767, 4629
1.9448, 4628
2.0064, 4627
2.0169, 4626
2.0802, 4625
2.2221, 4624
2.2730, 4623
2.3342, 4622
2.4959, 4620
2.5425, 4619
2.5935, 4618
2.6145, 4617
2.6249, 4616
2.6458, 4615
2.6773, 4613
2.7904, 4612
2.8109, 4610
2.8417, 4609
2.8523, 4608
2.9546, 4607
2.9754, 4606
3.0368, 4605
3.1385, 4604
3.3703, 4603
3.4014, 4601
3.5132, 4600
3.5542, 4599
3.7228, 4598
3.7391, 4597
3.7598, 4596
3.8811, 4595
3.9216, 4594
3.9615, 4593
4.0838, 4592
4.1045, 4591
4.5678, 4590
4.8945, 4588
4.9653, 4587
5.1602, 4585
5.4085, 4584
5.4294, 4583
5.6032, 4582
6.4707, 4581
6.5396, 4580
6.7079, 4579
7.7305, 4578
8.9135, 4577
9.0557, 4576
9.2991, 4575
10.2227, 4574
