0.1094, 4688
0.1388, 4687
0.1697, 4686
0.1799, 4685
0.2000, 4684
0.2506, 4682
0.2607, 4681
0.2813, 4678
0.3561, 4677
0.3811, 4676
0.4513, 4675
0.5519, 4674
0.5730, 4673
0.5832, 4672
0.9039, 4671
1.0151, 4670
1.0671, 4667
1.1017, 4664
1.1445, 4659
1.1862, 4658
1.2923, 4657
1.3035, 4654
1.3388, 4653
1.3703, 4652
1.4412, 4651
1.4614, 4649
1.5421, 4646
1.6331, 4645
1.6636, 4644
1.6738, 4643
1.6841, 4642
1.7043, 4641
1.7347, 4640
1.7752, 4639
1.9559, 4638
2.0164, 4637
2.0273, 4635
2.1482, 4634
2.1689, 4633
2.1793, 4629
2.2102, 4627
2.2305, 4626
2.2616, 4622
2.3127, 4620
2.3731, 4619
2.3945, 4618
2.4758, 4616
2.5462, 4615
2.6670, 4613
2.8188, 4612
2.9909, 4610
3.0415, 4609
3.0520, 4608
3.0622, 4607
3.1523, 4606
3.1831, 4604
3.2749, 4602
3.3052, 4601
3.4681, 4599
3.5093, 4596
3.9153, 4595
3.9460, 4594
3.9969, 4593
4.1688, 4592
4.3247, 4591
4.4755, 4590
4.5894, 4589
4.6303, 4588
4.7215, 4587
5.3113, 4586
5.3620, 4585
6.1148, 4584
6.3920, 4582
6.4130, 4581
6.4643, 4580
6.9297, 4579
6.9700, 4578
7.0825, 4577
7.1535, 4576
7.3660, 4575
7.6492, 4574
7.7416, 4573
7.8626, 4572
8.1253, 4571
8.2272, 4570
8.6524, 4569
9.3715, 4568
9.7935, 4567
9.9407, 4566
