0.1088, 4688
0.1382, 4687
0.2329, 4686
0.2972, 4685
0.3422, 4682
0.4087, 4681
0.4293, 4679
0.5001, 4678
0.5111, 4676
0.6409, 4675
0.6713, 4674
0.7828, 4673
0.8336, 4671
0.8541, 4667
0.8744, 4666
1.0007, 4662
1.1871, 4661
1.2677, 4657
1.3092, 4656
1.3822, 4655
1.4135, 4653
1.4445, 4652
1.4771, 4650
1.4878, 4649
1.5477, 4648
1.6187, 4647
1.6389, 4645
2.1182, 4644
2.1287, 4642
2.1491, 4641
2.1795, 4640
2.2035, 4639
2.2680, 4638
2.2785, 4637
2.3102, 4636
2.3208, 4635
2.3618, 4634
2.4825, 4632
2.5230, 4631
2.6138, 4630
2.6452, 4628
2.8151, 4627
2.8255, 4625
2.8518, 4623
2.9832, 4622
3.0335, 4621
3.0840, 4620
3.1758, 4619
3.2068, 4618
3.3061, 4617
3.3914, 4616
3.4118, 4609
3.5996, 4607
3.7462, 4606
3.7683, 4605
3.8970, 4604
4.0191, 4603
4.0848, 4602
4.1224, 4601
4.1583, 4599
4.1802, 4598
4.2449, 4597
4.2886, 4596
4.7405, 4595
4.8313, 4594
4.8617, 4593
4.8818, 4592
5.0957, 4591
5.1381, 4590
5.4098, 4589
5.8547, 4588
6.0374, 4587
6.1447, 4586
6.1985, 4584
6.3939, 4583
6.7613, 4582
7.1455, 4581
7.2625, 4580
7.9674, 4579
8.2605, 4578
8.3232, 4577
8.5143, 4576
8.7553, 4575
8.8893, 4574
9.1552, 4573
9.6920, 4572
10.1785, 4571
