0.0000, 5900
0.0005, 5899
0.0012, 5898
0.0018, 5897
0.0027, 5896
0.0035, 5895
0.0042, 5894
0.0048, 5893
0.0057, 5892
0.0062, 5891
0.0071, 5890
0.0076, 5889
0.0081, 5888
0.0086, 5887
0.0096, 5886
0.0105, 5885
0.0111, 5884
0.0123, 5883
0.0130, 5882
0.0141, 5881
0.0146, 5880
0.0156, 5879
0.0164, 5878
0.0174, 5877
0.0179, 5876
0.0184, 5875
0.0189, 5874
0.0195, 5873
0.0207, 5872
0.0212, 5871
0.0217, 5870
0.0221, 5869
0.0228, 5868
0.0234, 5867
0.0239, 5866
0.0244, 5865
0.0253, 5864
0.0260, 5863
0.0267, 5862
0.0272, 5861
0.0278, 5860
0.0284, 5859
0.0289, 5858
0.0294, 5857
0.0300, 5856
0.0306, 5855
0.0312, 5854
0.0317, 5853
0.0322, 5852
0.0332, 5851
0.0341, 5850
0.0347, 5849
0.0352, 5848
0.0358, 5847
0.0364, 5846
0.0369, 5845
0.0377, 5844
0.0382, 5843
0.0387, 5842
0.0392, 5841
0.0400, 5840
0.0407, 5839
0.0412, 5838
0.0417, 5837
0.0424, 5836
0.0430, 5835
0.0436, 5834
0.0442, 5833
0.0449, 5832
0.0454, 5831
0.0459, 5830
0.0468, 5829
0.0473, 5828
0.0478, 5827
0.0484, 5826
0.0493, 5825
0.0499, 5824
0.0504, 5823
0.0512, 5822
0.0518, 5821
0.0523, 5820
0.0528, 5819
0.0534, 5818
0.0539, 5817
0.0548, 5816
0.0553, 5815
0.0563, 5814
0.0573, 5813
0.0580, 5812
0.0586, 5811
0.0595, 5810
0.0602, 5809
0.0607, 5808
0.0614, 5807
0.0619, 5806
0.0627, 5805
0.0633, 5804
0.0638, 5803
0.0643, 5802
0.0649, 5801
0.0654, 5800
0.0663, 5799
0.0668, 5798
0.0674, 5797
0.0680, 5796
0.0687, 5795
0.0692, 5794
0.0699, 5793
0.0705, 5792
0.0710, 5791
0.0716, 5790
0.0721, 5789
0.0726, 5788
0.0732, 5787
0.0737, 5786
0.0750, 5785
0.0761, 5784
0.0769, 5783
0.0774, 5782
0.0780, 5781
0.0785, 5780
0.0791, 5779
0.0800, 5778
0.0805, 5777
0.0813, 5776
0.0820, 5775
0.0826, 5774
0.0833, 5773
0.0844, 5772
0.0850, 5771
0.0861, 5770
0.0868, 5769
0.0873, 5768
0.0881, 5767
0.0886, 5766
0.0892, 5765
0.0900, 5764
0.0906, 5763
0.0911, 5762
0.0917, 5761
0.0922, 5760
0.0932, 5759
0.0937, 5758
0.0942, 5757
0.0948, 5756
0.0953, 5755
0.0958, 5754
0.0967, 5753
0.0973, 5752
0.0979, 5751
0.0984, 5750
0.0989, 5749
0.0998, 5748
0.1003, 5747
0.1008, 5746
0.1017, 5745
0.1028, 5744
0.1033, 5743
0.1039, 5742
0.1044, 5741
0.1054, 5740
0.1060, 5739
0.1066, 5738
0.1071, 5737
0.1077, 5736
0.1082, 5735
0.1088, 5734
0.1093, 5733
0.1099, 5732
0.1105, 5731
0.1111, 5730
0.1116, 5729
0.1122, 5728
0.1127, 5727
0.1132, 5726
0.1138, 5725
0.1145, 5724
0.1152, 5723
0.1162, 5722
0.1169, 5721
0.1174, 5720
0.1181, 5719
0.1189, 5718
0.1199, 5717
0.1207, 5716
0.1217, 5715
0.1227, 5714
0.1232, 5713
0.1238, 5712
0.1244, 5711
0.1250, 5710
0.1255, 5709
0.1263, 5708
0.1271, 5707
0.1277, 5706
0.1282, 5705
0.1288, 5704
0.1293, 5703
0.1298, 5702
0.1304, 5701
0.1310, 5700
0.1321, 5699
0.1326, 5698
0.1331, 5697
0.1337, 5696
0.1347, 5695
0.1355, 5694
0.1361, 5693
0.1367, 5692
0.1372, 5691
0.1377, 5690
0.1383, 5689
0.1389, 5688
0.1395, 5687
0.1401, 5686
0.1410, 5685
0.1416, 5684
0.1422, 5683
0.1428, 5682
0.1434, 5681
0.1440, 5680
0.1446, 5679
0.1452, 5678
0.1458, 5677
0.1463, 5676
0.1469, 5675
0.1475, 5674
0.1480, 5673
0.1486, 5672
0.1492, 5671
0.1497, 5670
0.1504, 5669
0.1509, 5668
0.1515, 5667
0.1521, 5666
0.1526, 5665
0.1532, 5664
0.1538, 5663
0.1543, 5662
0.1553, 5661
0.1559, 5660
0.1568, 5659
0.1574, 5658
0.1586, 5657
0.1595, 5656
0.1604, 5655
0.1611, 5654
0.1619, 5653
0.1625, 5652
0.1631, 5651
0.1636, 5650
0.1642, 5649
0.1647, 5648
0.1655, 5647
0.1660, 5646
0.1666, 5645
0.1673, 5644
0.1679, 5643
0.1685, 5642
0.1690, 5641
0.1697, 5640
0.1705, 5639
0.1714, 5638
0.1720, 5637
0.1726, 5636
0.1732, 5635
0.1743, 5634
0.1749, 5633
0.1760, 5632
0.1768, 5631
0.1774, 5630
0.1784, 5629
0.1792, 5628
0.1799, 5627
0.1810, 5626
0.1818, 5625
0.1825, 5624
0.1833, 5623
0.1839, 5622
0.1845, 5621
0.1852, 5620
0.1858, 5619
0.1868, 5618
0.1874, 5617
0.1880, 5616
0.1885, 5615
0.1892, 5614
0.1901, 5613
0.1906, 5612
0.1912, 5611
0.1918, 5610
0.1926, 5609
0.1932, 5608
0.1938, 5607
0.1943, 5606
0.1949, 5605
0.1955, 5604
0.1961, 5603
0.1966, 5602
0.1972, 5601
0.1977, 5600
0.1983, 5599
0.1988, 5598
0.1993, 5597
0.1998, 5596
0.2004, 5595
0.2012, 5594
0.2018, 5593
0.2028, 5592
0.2033, 5591
0.2041, 5590
0.2049, 5589
0.2058, 5588
0.2064, 5587
0.2071, 5586
0.2076, 5585
0.2083, 5584
0.2094, 5583
0.2100, 5582
0.2106, 5581
0.2112, 5580
0.2118, 5579
0.2125, 5578
0.2132, 5577
0.2142, 5576
0.2148, 5575
0.2154, 5574
0.2161, 5573
0.2167, 5572
0.2172, 5571
0.2180, 5570
0.2189, 5569
0.2195, 5568
0.2204, 5567
0.2209, 5566
0.2215, 5565
0.2221, 5564
0.2228, 5563
0.2240, 5562
0.2246, 5561
0.2252, 5560
0.2258, 5559
0.2263, 5558
0.2269, 5557
0.2279, 5556
0.2285, 5555
0.2290, 5554
0.2296, 5553
0.2305, 5552
0.2311, 5551
0.2318, 5550
0.2324, 5549
0.2330, 5548
0.2337, 5547
0.2343, 5546
0.2349, 5545
0.2354, 5544
0.2360, 5543
0.2365, 5542
0.2372, 5541
0.2379, 5540
0.2384, 5539
0.2390, 5538
0.2395, 5537
0.2401, 5536
0.2406, 5535
0.2413, 5534
0.2422, 5533
0.2428, 5532
0.2434, 5531
0.2439, 5530
0.2445, 5529
0.2451, 5528
0.2456, 5527
0.2462, 5526
0.2470, 5525
0.2476, 5524
0.2483, 5523
0.2492, 5522
0.2503, 5521
0.2511, 5520
0.2519, 5519
0.2525, 5518
0.2530, 5517
0.2537, 5516
0.2543, 5515
0.2551, 5514
0.2556, 5513
0.2562, 5512
0.2568, 5511
0.2574, 5510
0.2580, 5509
0.2586, 5508
0.2591, 5507
0.2599, 5506
0.2604, 5505
0.2610, 5504
0.2616, 5503
0.2625, 5502
0.2631, 5501
0.2636, 5500
0.2642, 5499
0.2652, 5498
0.2659, 5497
0.2665, 5496
0.2671, 5495
0.2677, 5494
0.2684, 5493
0.2690, 5492
0.2696, 5491
0.2706, 5490
0.2714, 5489
0.2719, 5488
0.2725, 5487
0.2730, 5486
0.2735, 5485
0.2745, 5484
0.2751, 5483
0.2756, 5482
0.2766, 5481
0.2772, 5480
0.2778, 5479
0.2783, 5478
0.2789, 5477
0.2795, 5476
0.2801, 5475
0.2807, 5474
0.2815, 5473
0.2821, 5472
0.2827, 5471
0.2833, 5470
0.2839, 5469
0.2845, 5468
0.2851, 5467
0.2857, 5466
0.2867, 5465
0.2872, 5464
0.2878, 5463
0.2884, 5462
0.2890, 5461
0.2896, 5460
0.2902, 5459
0.2908, 5458
0.2914, 5457
0.2920, 5456
0.2928, 5455
0.2935, 5454
0.2940, 5453
0.2947, 5452
0.2952, 5451
0.2960, 5450
0.2965, 5449
0.2972, 5448
0.2978, 5447
0.2984, 5446
0.2989, 5445
0.2995, 5444
0.3005, 5443
0.3011, 5442
0.3017, 5441
0.3023, 5440
0.3029, 5439
0.3036, 5438
0.3045, 5437
0.3053, 5436
0.3059, 5435
0.3065, 5434
0.3071, 5433
0.3077, 5432
0.3087, 5431
0.3092, 5430
0.3098, 5429
0.3104, 5428
0.3110, 5427
0.3117, 5426
0.3126, 5425
0.3132, 5424
0.3139, 5423
0.3146, 5422
0.3153, 5421
0.3159, 5420
0.3169, 5419
0.3175, 5418
0.3180, 5417
0.3191, 5416
0.3196, 5415
0.3203, 5414
0.3209, 5413
0.3214, 5412
0.3220, 5411
0.3226, 5410
0.3231, 5409
0.3236, 5408
0.3242, 5407
0.3249, 5406
0.3257, 5405
0.3265, 5404
0.3272, 5403
0.3281, 5402
0.3286, 5401
0.3291, 5400
0.3299, 5399
0.3307, 5398
0.3314, 5397
0.3320, 5396
0.3327, 5395
0.3335, 5394
0.3343, 5393
0.3349, 5392
0.3357, 5391
0.3362, 5390
0.3368, 5389
0.3374, 5388
0.3381, 5387
0.3386, 5386
0.3395, 5385
0.3400, 5384
0.3407, 5383
0.3414, 5382
0.3421, 5381
0.3427, 5380
0.3432, 5379
0.3438, 5378
0.3446, 5377
0.3453, 5376
0.3459, 5375
0.3465, 5374
0.3472, 5373
0.3478, 5372
0.3484, 5371
0.3491, 5370
0.3497, 5369
0.3505, 5368
0.3512, 5367
0.3517, 5366
0.3526, 5365
0.3533, 5364
0.3540, 5363
0.3550, 5362
0.3556, 5361
0.3564, 5360
0.3571, 5359
0.3577, 5358
0.3583, 5357
0.3594, 5356
0.3600, 5355
0.3606, 5354
0.3612, 5353
0.3619, 5352
0.3625, 5351
0.3633, 5350
0.3640, 5349
0.3645, 5348
0.3651, 5347
0.3657, 5346
0.3666, 5345
0.3675, 5344
0.3680, 5343
0.3687, 5342
0.3694, 5341
0.3699, 5340
0.3705, 5339
0.3711, 5338
0.3717, 5337
0.3723, 5336
0.3729, 5335
0.3735, 5334
0.3742, 5333
0.3751, 5332
0.3761, 5331
0.3767, 5330
0.3773, 5329
0.3778, 5328
0.3785, 5327
0.3791, 5326
0.3797, 5325
0.3802, 5324
0.3808, 5323
0.3819, 5322
0.3828, 5321
0.3838, 5320
0.3846, 5319
0.3852, 5318
0.3858, 5317
0.3863, 5316
0.3871, 5315
0.3878, 5314
0.3885, 5313
0.3891, 5312
0.3899, 5311
0.3906, 5310
0.3912, 5309
0.3918, 5308
0.3928, 5307
0.3935, 5306
0.3941, 5305
0.3946, 5304
0.3953, 5303
0.3959, 5302
0.3965, 5301
0.3970, 5300
0.3977, 5299
0.3982, 5298
0.3989, 5297
0.3994, 5296
0.4002, 5295
0.4009, 5294
0.4014, 5293
0.4020, 5292
0.4028, 5291
0.4035, 5290
0.4042, 5289
0.4050, 5288
0.4056, 5287
0.4062, 5286
0.4068, 5285
0.4074, 5284
0.4081, 5283
0.4087, 5282
0.4092, 5281
0.4098, 5280
0.4104, 5279
0.4109, 5278
0.4115, 5277
0.4122, 5276
0.4129, 5275
0.4136, 5274
0.4144, 5273
0.4150, 5272
0.4155, 5271
0.4161, 5270
0.4168, 5269
0.4174, 5268
0.4180, 5267
0.4185, 5266
0.4191, 5265
0.4198, 5264
0.4205, 5263
0.4211, 5262
0.4217, 5261
0.4223, 5260
0.4231, 5259
0.4236, 5258
0.4242, 5257
0.4249, 5256
0.4256, 5255
0.4263, 5254
0.4272, 5253
0.4280, 5252
0.4287, 5251
0.4298, 5250
0.4304, 5249
0.4309, 5248
0.4316, 5247
0.4323, 5246
0.4330, 5245
0.4336, 5244
0.4342, 5243
0.4348, 5242
0.4354, 5241
0.4361, 5240
0.4366, 5239
0.4372, 5238
0.4378, 5237
0.4387, 5236
0.4393, 5235
0.4399, 5234
0.4405, 5233
0.4411, 5232
0.4418, 5231
0.4424, 5230
0.4429, 5229
0.4435, 5228
0.4442, 5227
0.4450, 5226
0.4456, 5225
0.4462, 5224
0.4471, 5223
0.4480, 5222
0.4487, 5221
0.4495, 5220
0.4502, 5219
0.4508, 5218
0.4513, 5217
0.4520, 5216
0.4527, 5215
0.4534, 5214
0.4540, 5213
0.4548, 5212
0.4555, 5211
0.4562, 5210
0.4571, 5209
0.4577, 5208
0.4584, 5207
0.4592, 5206
0.4600, 5205
0.4607, 5204
0.4615, 5203
0.4621, 5202
0.4628, 5201
0.4635, 5200
0.4642, 5199
0.4649, 5198
0.4656, 5197
0.4663, 5196
0.4669, 5195
0.4677, 5194
0.4683, 5193
0.4689, 5192
0.4694, 5191
0.4700, 5190
0.4708, 5189
0.4713, 5188
0.4718, 5187
0.4724, 5186
0.4731, 5185
0.4737, 5184
0.4743, 5183
0.4751, 5182
0.4757, 5181
0.4765, 5180
0.4774, 5179
0.4780, 5178
0.4789, 5177
0.4795, 5176
0.4802, 5175
0.4810, 5174
0.4818, 5173
0.4825, 5172
0.4831, 5171
0.4837, 5170
0.4843, 5169
0.4852, 5168
0.4857, 5167
0.4863, 5166
0.4870, 5165
0.4878, 5164
0.4884, 5163
0.4891, 5162
0.4897, 5161
0.4907, 5160
0.4915, 5159
0.4922, 5158
0.4929, 5157
0.4935, 5156
0.4940, 5155
0.4947, 5154
0.4954, 5153
0.4962, 5152
0.4969, 5151
0.4975, 5150
0.4982, 5149
0.4988, 5148
0.4995, 5147
0.5000, 5146
0.5005, 5145
0.5010, 5144
0.5017, 5143
0.5023, 5142
0.5028, 5141
0.5033, 5140
0.5039, 5139
0.5045, 5138
0.5052, 5137
0.5060, 5136
0.5066, 5135
0.5073, 5134
0.5079, 5133
0.5085, 5132
0.5091, 5131
0.5098, 5130
0.5105, 5129
0.5111, 5128
0.5118, 5127
0.5125, 5126
0.5133, 5125
0.5139, 5124
0.5144, 5123
0.5150, 5122
0.5155, 5121
0.5163, 5120
0.5168, 5119
0.5174, 5118
0.5179, 5117
0.5184, 5116
0.5190, 5115
0.5196, 5114
0.5204, 5113
0.5211, 5112
0.5219, 5111
0.5227, 5110
0.5233, 5109
0.5238, 5108
0.5243, 5107
0.5249, 5106
0.5256, 5105
0.5262, 5104
0.5269, 5103
0.5276, 5102
0.5282, 5101
0.5291, 5100
0.5298, 5099
0.5305, 5098
0.5313, 5097
0.5318, 5096
0.5326, 5095
0.5332, 5094
0.5337, 5093
0.5344, 5092
0.5350, 5091
0.5357, 5090
0.5362, 5089
0.5369, 5088
0.5376, 5087
0.5386, 5086
0.5392, 5085
0.5398, 5084
0.5404, 5083
0.5411, 5082
0.5417, 5081
0.5423, 5080
0.5429, 5079
0.5435, 5078
0.5441, 5077
0.5447, 5076
0.5453, 5075
0.5460, 5074
0.5468, 5073
0.5475, 5072
0.5481, 5071
0.5486, 5070
0.5491, 5069
0.5499, 5068
0.5508, 5067
0.5515, 5066
0.5522, 5065
0.5529, 5064
0.5540, 5063
0.5546, 5062
0.5553, 5061
0.5558, 5060
0.5566, 5059
0.5572, 5058
0.5578, 5057
0.5584, 5056
0.5589, 5055
0.5596, 5054
0.5602, 5053
0.5609, 5052
0.5615, 5051
0.5620, 5050
0.5626, 5049
0.5632, 5048
0.5640, 5047
0.5647, 5046
0.5657, 5045
0.5663, 5044
0.5669, 5043
0.5675, 5042
0.5680, 5041
0.5690, 5040
0.5695, 5039
0.5702, 5038
0.5710, 5037
0.5715, 5036
0.5720, 5035
0.5728, 5034
0.5736, 5033
0.5742, 5032
0.5749, 5031
0.5758, 5030
0.5764, 5029
0.5773, 5028
0.5778, 5027
0.5785, 5026
0.5791, 5025
0.5797, 5024
0.5804, 5023
0.5810, 5022
0.5816, 5021
0.5824, 5020
0.5834, 5019
0.5842, 5018
0.5848, 5017
0.5853, 5016
0.5858, 5015
0.5868, 5014
0.5875, 5013
0.5882, 5012
0.5889, 5011
0.5895, 5010
0.5902, 5009
0.5908, 5008
0.5914, 5007
0.5920, 5006
0.5929, 5005
0.5934, 5004
0.5942, 5003
0.5948, 5002
0.5954, 5001
0.5963, 5000
0.5969, 4999
0.5977, 4998
0.5984, 4997
0.5989, 4996
0.5996, 4995
0.6001, 4994
0.6007, 4993
0.6014, 4992
0.6020, 4991
0.6027, 4990
0.6035, 4989
0.6045, 4988
0.6052, 4987
0.6058, 4986
0.6064, 4985
0.6071, 4984
0.6078, 4983
0.6084, 4982
0.6091, 4981
0.6099, 4980
0.6108, 4979
0.6114, 4978
0.6119, 4977
0.6127, 4976
0.6136, 4975
0.6145, 4974
0.6151, 4973
0.6156, 4972
0.6164, 4971
0.6171, 4970
0.6176, 4969
0.6184, 4968
0.6191, 4967
0.6197, 4966
0.6205, 4965
0.6210, 4964
0.6216, 4963
0.6221, 4962
0.6229, 4961
0.6236, 4960
0.6241, 4959
0.6246, 4958
0.6252, 4957
0.6257, 4956
0.6265, 4955
0.6271, 4954
0.6277, 4953
0.6283, 4952
0.6290, 4951
0.6300, 4950
0.6308, 4949
0.6318, 4948
0.6324, 4947
0.6331, 4946
0.6339, 4945
0.6344, 4944
0.6350, 4943
0.6355, 4942
0.6361, 4941
0.6366, 4940
0.6372, 4939
0.6378, 4938
0.6384, 4937
0.6390, 4936
0.6397, 4935
0.6407, 4934
0.6415, 4933
0.6421, 4932
0.6426, 4931
0.6433, 4930
0.6439, 4929
0.6446, 4928
0.6451, 4927
0.6458, 4926
0.6465, 4925
0.6471, 4924
0.6477, 4923
0.6484, 4922
0.6491, 4921
0.6496, 4920
0.6503, 4919
0.6512, 4918
0.6521, 4917
0.6526, 4916
0.6535, 4915
0.6540, 4914
0.6545, 4913
0.6550, 4912
0.6555, 4911
0.6561, 4910
0.6566, 4909
0.6575, 4908
0.6581, 4907
0.6586, 4906
0.6592, 4905
0.6598, 4904
0.6604, 4903
0.6609, 4902
0.6616, 4901
0.6621, 4900
0.6631, 4899
0.6638, 4898
0.6643, 4897
0.6648, 4896
0.6654, 4895
0.6660, 4894
0.6667, 4893
0.6672, 4892
0.6680, 4891
0.6688, 4890
0.6695, 4889
0.6700, 4888
0.6705, 4887
0.6711, 4886
0.6717, 4885
0.6722, 4884
0.6728, 4883
0.6734, 4882
0.6740, 4881
0.6745, 4880
0.6752, 4879
0.6760, 4878
0.6766, 4877
0.6771, 4876
0.6779, 4875
0.6784, 4874
0.6789, 4873
0.6795, 4872
0.6803, 4871
0.6811, 4870
0.6818, 4869
0.6827, 4868
0.6832, 4867
0.6837, 4866
0.6843, 4865
0.6852, 4864
0.6860, 4863
0.6866, 4862
0.6871, 4861
0.6879, 4860
0.6885, 4859
0.6893, 4858
0.6899, 4857
0.6906, 4856
0.6915, 4855
0.6920, 4854
0.6931, 4853
0.6936, 4852
0.6942, 4851
0.6948, 4850
0.6957, 4849
0.6963, 4848
0.6970, 4847
0.6976, 4846
0.6981, 4845
0.6988, 4844
0.6993, 4843
0.6998, 4842
0.7003, 4841
0.7010, 4840
0.7018, 4839
0.7027, 4838
0.7034, 4837
0.7041, 4836
0.7046, 4835
0.7051, 4834
0.7058, 4833
0.7063, 4832
0.7069, 4831
0.7078, 4830
0.7084, 4829
0.7090, 4828
0.7096, 4827
0.7105, 4826
0.7114, 4825
0.7119, 4824
0.7126, 4823
0.7132, 4822
0.7137, 4821
0.7144, 4820
0.7149, 4819
0.7155, 4818
0.7160, 4817
0.7165, 4816
0.7171, 4815
0.7176, 4814
0.7185, 4813
0.7194, 4812
0.7200, 4811
0.7206, 4810
0.7215, 4809
0.7219, 4808
0.7224, 4807
0.7229, 4806
0.7234, 4805
0.7243, 4804
0.7251, 4803
0.7256, 4802
0.7261, 4801
0.7268, 4800
0.7274, 4799
0.7280, 4798
0.7285, 4797
0.7291, 4796
0.7297, 4795
0.7303, 4794
0.7310, 4793
0.7315, 4792
0.7323, 4791
0.7328, 4790
0.7336, 4789
0.7341, 4788
0.7348, 4787
0.7353, 4786
0.7358, 4785
0.7364, 4784
0.7369, 4783
0.7376, 4782
0.7382, 4781
0.7390, 4780
0.7398, 4779
0.7403, 4778
0.7411, 4777
0.7417, 4776
0.7422, 4775
0.7427, 4774
0.7437, 4773
0.7443, 4772
0.7450, 4771
0.7455, 4770
0.7461, 4769
0.7469, 4768
0.7475, 4767
0.7480, 4766
0.7486, 4765
0.7495, 4764
0.7504, 4763
0.7510, 4762
0.7516, 4761
0.7521, 4760
0.7527, 4759
0.7538, 4758
0.7544, 4757
0.7549, 4756
0.7557, 4755
0.7563, 4754
0.7568, 4753
0.7573, 4752
0.7579, 4751
0.7586, 4750
0.7592, 4749
0.7597, 4748
0.7603, 4747
0.7611, 4746
0.7617, 4745
0.7625, 4744
0.7632, 4743
0.7641, 4742
0.7648, 4741
0.7654, 4740
0.7660, 4739
0.7665, 4738
0.7670, 4737
0.7676, 4736
0.7685, 4735
0.7689, 4734
0.7696, 4733
0.7701, 4732
0.7706, 4731
0.7714, 4730
0.7719, 4729
0.7724, 4728
0.7730, 4727
0.7738, 4726
0.7746, 4725
0.7754, 4724
0.7763, 4723
0.7768, 4722
0.7775, 4721
0.7783, 4720
0.7788, 4719
0.7794, 4718
0.7799, 4717
0.7806, 4716
0.7814, 4715
0.7822, 4714
0.7830, 4713
0.7835, 4712
0.7843, 4711
0.7851, 4710
0.7860, 4709
0.7866, 4708
0.7875, 4707
0.7881, 4706
0.7889, 4705
0.7896, 4704
0.7903, 4703
0.7911, 4702
0.7921, 4701
0.7928, 4700
0.7938, 4699
0.7945, 4698
0.7953, 4697
0.7959, 4696
0.7968, 4695
0.7975, 4694
0.7984, 4693
0.7992, 4692
0.8002, 4691
0.8011, 4690
1.0431, 4689
1.2195, 4688
1.2200, 4687
1.3184, 4686
1.6512, 4685
1.6518, 4684
1.7108, 4683
1.8279, 4682
1.9464, 4681
2.1608, 4680
2.2197, 4679
2.3372, 4678
2.3769, 4677
2.5720, 4676
2.8452, 4675
2.8653, 4674
2.9650, 4673
3.1616, 4672
3.1623, 4671
3.2416, 4670
3.3205, 4669
3.3806, 4668
3.4589, 4667
3.5760, 4666
3.6541, 4665
3.6547, 4664
3.6554, 4663
4.0882, 4662
4.1869, 4661
4.6387, 4660
4.6786, 4659
4.7780, 4658
4.8956, 4657
5.0145, 4656
5.2701, 4655
5.6818, 4654
5.7605, 4653
5.7610, 4652
6.2906, 4651
6.4488, 4650
6.5682, 4649
7.1930, 4648
7.2522, 4647
7.3885, 4646
7.6631, 4645
7.6637, 4644
7.7426, 4643
7.7432, 4642
7.7827, 4641
8.1940, 4640
8.3308, 4639
8.3706, 4638
8.6453, 4637
8.7051, 4636
9.0365, 4635
9.1341, 4634
9.1753, 4633
9.5459, 4632
9.6825, 4631
