0.0000, 5900
0.0006, 5899
0.0013, 5898
0.0019, 5897
0.0029, 5896
0.0036, 5895
0.0043, 5894
0.0050, 5893
0.0058, 5892
0.0063, 5891
0.0072, 5890
0.0077, 5889
0.0082, 5888
0.0087, 5887
0.0097, 5886
0.0106, 5885
0.0112, 5884
0.0125, 5883
0.0131, 5882
0.0143, 5881
0.0148, 5880
0.0157, 5879
0.0166, 5878
0.0175, 5877
0.0180, 5876
0.0186, 5875
0.0191, 5874
0.0197, 5873
0.0208, 5872
0.0213, 5871
0.0218, 5870
0.0224, 5869
0.0230, 5868
0.0236, 5867
0.0241, 5866
0.0246, 5865
0.0255, 5864
0.0263, 5863
0.0269, 5862
0.0274, 5861
0.0280, 5860
0.0286, 5859
0.0291, 5858
0.0297, 5857
0.0302, 5856
0.0309, 5855
0.0314, 5854
0.0319, 5853
0.0324, 5852
0.0335, 5851
0.0344, 5850
0.0349, 5849
0.0354, 5848
0.0361, 5847
0.0366, 5846
0.0371, 5845
0.0379, 5844
0.0384, 5843
0.0389, 5842
0.0394, 5841
0.0402, 5840
0.0409, 5839
0.0414, 5838
0.0419, 5837
0.0426, 5836
0.0432, 5835
0.0438, 5834
0.0444, 5833
0.0451, 5832
0.0456, 5831
0.0461, 5830
0.0469, 5829
0.0474, 5828
0.0479, 5827
0.0485, 5826
0.0494, 5825
0.0499, 5824
0.0505, 5823
0.0514, 5822
0.0519, 5821
0.0525, 5820
0.0530, 5819
0.0535, 5818
0.0540, 5817
0.0549, 5816
0.0555, 5815
0.0565, 5814
0.0574, 5813
0.0581, 5812
0.0587, 5811
0.0596, 5810
0.0603, 5809
0.0609, 5808
0.0616, 5807
0.0621, 5806
0.0629, 5805
0.0634, 5804
0.0640, 5803
0.0645, 5802
0.0650, 5801
0.0655, 5800
0.0664, 5799
0.0669, 5798
0.0676, 5797
0.0681, 5796
0.0688, 5795
0.0693, 5794
0.0700, 5793
0.0706, 5792
0.0711, 5791
0.0717, 5790
0.0722, 5789
0.0727, 5788
0.0733, 5787
0.0738, 5786
0.0752, 5785
0.0762, 5784
0.0771, 5783
0.0777, 5782
0.0782, 5781
0.0787, 5780
0.0795, 5779
0.0803, 5778
0.0809, 5777
0.0817, 5776
0.0823, 5775
0.0829, 5774
0.0836, 5773
0.0847, 5772
0.0853, 5771
0.0865, 5770
0.0871, 5769
0.0876, 5768
0.0884, 5767
0.0889, 5766
0.0896, 5765
0.0904, 5764
0.0910, 5763
0.0915, 5762
0.0920, 5761
0.0926, 5760
0.0935, 5759
0.0941, 5758
0.0946, 5757
0.0951, 5756
0.0957, 5755
0.0962, 5754
0.0970, 5753
0.0977, 5752
0.0982, 5751
0.0988, 5750
0.0993, 5749
0.1001, 5748
0.1007, 5747
0.1012, 5746
0.1021, 5745
0.1032, 5744
0.1037, 5743
0.1043, 5742
0.1048, 5741
0.1058, 5740
0.1064, 5739
0.1070, 5738
0.1075, 5737
0.1081, 5736
0.1086, 5735
0.1092, 5734
0.1097, 5733
0.1103, 5732
0.1108, 5731
0.1114, 5730
0.1120, 5729
0.1125, 5728
0.1131, 5727
0.1136, 5726
0.1143, 5725
0.1150, 5724
0.1157, 5723
0.1167, 5722
0.1174, 5721
0.1179, 5720
0.1186, 5719
0.1194, 5718
0.1204, 5717
0.1212, 5716
0.1221, 5715
0.1231, 5714
0.1237, 5713
0.1243, 5712
0.1249, 5711
0.1255, 5710
0.1260, 5709
0.1268, 5708
0.1276, 5707
0.1282, 5706
0.1287, 5705
0.1293, 5704
0.1298, 5703
0.1304, 5702
0.1309, 5701
0.1316, 5700
0.1326, 5699
0.1331, 5698
0.1336, 5697
0.1342, 5696
0.1353, 5695
0.1360, 5694
0.1366, 5693
0.1372, 5692
0.1377, 5691
0.1383, 5690
0.1388, 5689
0.1395, 5688
0.1400, 5687
0.1406, 5686
0.1415, 5685
0.1421, 5684
0.1427, 5683
0.1433, 5682
0.1439, 5681
0.1445, 5680
0.1451, 5679
0.1457, 5678
0.1463, 5677
0.1469, 5676
0.1475, 5675
0.1481, 5674
0.1486, 5673
0.1491, 5672
0.1497, 5671
0.1503, 5670
0.1509, 5669
0.1515, 5668
0.1521, 5667
0.1526, 5666
0.1532, 5665
0.1537, 5664
0.1544, 5663
0.1549, 5662
0.1559, 5661
0.1565, 5660
0.1573, 5659
0.1579, 5658
0.1591, 5657
0.1600, 5656
0.1609, 5655
0.1616, 5654
0.1623, 5653
0.1630, 5652
0.1636, 5651
0.1641, 5650
0.1647, 5649
0.1653, 5648
0.1661, 5647
0.1667, 5646
0.1672, 5645
0.1680, 5644
0.1685, 5643
0.1691, 5642
0.1697, 5641
0.1704, 5640
0.1712, 5639
0.1721, 5638
0.1727, 5637
0.1732, 5636
0.1739, 5635
0.1750, 5634
0.1756, 5633
0.1766, 5632
0.1775, 5631
0.1781, 5630
0.1790, 5629
0.1799, 5628
0.1805, 5627
0.1816, 5626
0.1824, 5625
0.1831, 5624
0.1839, 5623
0.1845, 5622
0.1851, 5621
0.1858, 5620
0.1864, 5619
0.1874, 5618
0.1880, 5617
0.1886, 5616
0.1891, 5615
0.1898, 5614
0.1907, 5613
0.1913, 5612
0.1918, 5611
0.1924, 5610
0.1933, 5609
0.1939, 5608
0.1945, 5607
0.1952, 5606
0.1957, 5605
0.1964, 5604
0.1969, 5603
0.1974, 5602
0.1980, 5601
0.1986, 5600
0.1992, 5599
0.1997, 5598
0.2002, 5597
0.2008, 5596
0.2014, 5595
0.2022, 5594
0.2028, 5593
0.2038, 5592
0.2044, 5591
0.2051, 5590
0.2059, 5589
0.2068, 5588
0.2074, 5587
0.2081, 5586
0.2086, 5585
0.2093, 5584
0.2103, 5583
0.2109, 5582
0.2116, 5581
0.2121, 5580
0.2128, 5579
0.2135, 5578
0.2141, 5577
0.2151, 5576
0.2157, 5575
0.2163, 5574
0.2170, 5573
0.2176, 5572
0.2182, 5571
0.2189, 5570
0.2198, 5569
0.2204, 5568
0.2213, 5567
0.2219, 5566
0.2224, 5565
0.2231, 5564
0.2237, 5563
0.2249, 5562
0.2255, 5561
0.2261, 5560
0.2267, 5559
0.2273, 5558
0.2278, 5557
0.2289, 5556
0.2294, 5555
0.2300, 5554
0.2306, 5553
0.2315, 5552
0.2321, 5551
0.2327, 5550
0.2333, 5549
0.2339, 5548
0.2346, 5547
0.2352, 5546
0.2359, 5545
0.2364, 5544
0.2369, 5543
0.2375, 5542
0.2381, 5541
0.2388, 5540
0.2393, 5539
0.2399, 5538
0.2404, 5537
0.2410, 5536
0.2415, 5535
0.2422, 5534
0.2431, 5533
0.2436, 5532
0.2442, 5531
0.2447, 5530
0.2453, 5529
0.2459, 5528
0.2465, 5527
0.2470, 5526
0.2478, 5525
0.2484, 5524
0.2491, 5523
0.2500, 5522
0.2510, 5521
0.2519, 5520
0.2526, 5519
0.2532, 5518
0.2538, 5517
0.2545, 5516
0.2551, 5515
0.2558, 5514
0.2564, 5513
0.2570, 5512
0.2576, 5511
0.2582, 5510
0.2587, 5509
0.2593, 5508
0.2599, 5507
0.2607, 5506
0.2612, 5505
0.2618, 5504
0.2623, 5503
0.2632, 5502
0.2638, 5501
0.2644, 5500
0.2650, 5499
0.2659, 5498
0.2666, 5497
0.2672, 5496
0.2678, 5495
0.2685, 5494
0.2691, 5493
0.2697, 5492
0.2703, 5491
0.2713, 5490
0.2721, 5489
0.2727, 5488
0.2732, 5487
0.2737, 5486
0.2743, 5485
0.2752, 5484
0.2759, 5483
0.2764, 5482
0.2775, 5481
0.2781, 5480
0.2787, 5479
0.2793, 5478
0.2799, 5477
0.2805, 5476
0.2811, 5475
0.2816, 5474
0.2824, 5473
0.2830, 5472
0.2836, 5471
0.2843, 5470
0.2849, 5469
0.2855, 5468
0.2860, 5467
0.2866, 5466
0.2876, 5465
0.2882, 5464
0.2887, 5463
0.2893, 5462
0.2899, 5461
0.2905, 5460
0.2911, 5459
0.2917, 5458
0.2923, 5457
0.2929, 5456
0.2937, 5455
0.2944, 5454
0.2950, 5453
0.2957, 5452
0.2962, 5451
0.2969, 5450
0.2975, 5449
0.2982, 5448
0.2988, 5447
0.2994, 5446
0.2999, 5445
0.3005, 5444
0.3015, 5443
0.3021, 5442
0.3027, 5441
0.3033, 5440
0.3039, 5439
0.3046, 5438
0.3055, 5437
0.3062, 5436
0.3068, 5435
0.3074, 5434
0.3080, 5433
0.3086, 5432
0.3096, 5431
0.3102, 5430
0.3107, 5429
0.3113, 5428
0.3119, 5427
0.3126, 5426
0.3135, 5425
0.3141, 5424
0.3148, 5423
0.3156, 5422
0.3163, 5421
0.3169, 5420
0.3179, 5419
0.3184, 5418
0.3190, 5417
0.3200, 5416
0.3206, 5415
0.3213, 5414
0.3218, 5413
0.3224, 5412
0.3230, 5411
0.3236, 5410
0.3241, 5409
0.3246, 5408
0.3252, 5407
0.3259, 5406
0.3267, 5405
0.3275, 5404
0.3282, 5403
0.3290, 5402
0.3296, 5401
0.3301, 5400
0.3309, 5399
0.3317, 5398
0.3324, 5397
0.3331, 5396
0.3337, 5395
0.3345, 5394
0.3353, 5393
0.3360, 5392
0.3367, 5391
0.3372, 5390
0.3378, 5389
0.3384, 5388
0.3390, 5387
0.3396, 5386
0.3405, 5385
0.3410, 5384
0.3417, 5383
0.3424, 5382
0.3431, 5381
0.3437, 5380
0.3443, 5379
0.3448, 5378
0.3456, 5377
0.3463, 5376
0.3469, 5375
0.3475, 5374
0.3482, 5373
0.3488, 5372
0.3493, 5371
0.3500, 5370
0.3507, 5369
0.3514, 5368
0.3521, 5367
0.3526, 5366
0.3534, 5365
0.3540, 5364
0.3547, 5363
0.3557, 5362
0.3564, 5361
0.3571, 5360
0.3578, 5359
0.3584, 5358
0.3591, 5357
0.3602, 5356
0.3607, 5355
0.3614, 5354
0.3620, 5353
0.3627, 5352
0.3632, 5351
0.3641, 5350
0.3647, 5349
0.3653, 5348
0.3659, 5347
0.3666, 5346
0.3675, 5345
0.3683, 5344
0.3689, 5343
0.3696, 5342
0.3702, 5341
0.3708, 5340
0.3714, 5339
0.3719, 5338
0.3725, 5337
0.3731, 5336
0.3738, 5335
0.3744, 5334
0.3751, 5333
0.3760, 5332
0.3770, 5331
0.3775, 5330
0.3781, 5329
0.3787, 5328
0.3793, 5327
0.3799, 5326
0.3805, 5325
0.3810, 5324
0.3817, 5323
0.3827, 5322
0.3836, 5321
0.3846, 5320
0.3854, 5319
0.3859, 5318
0.3865, 5317
0.3871, 5316
0.3878, 5315
0.3886, 5314
0.3892, 5313
0.3898, 5312
0.3906, 5311
0.3913, 5310
0.3919, 5309
0.3925, 5308
0.3935, 5307
0.3942, 5306
0.3949, 5305
0.3955, 5304
0.3961, 5303
0.3967, 5302
0.3973, 5301
0.3979, 5300
0.3985, 5299
0.3992, 5298
0.3998, 5297
0.4003, 5296
0.4011, 5295
0.4018, 5294
0.4023, 5293
0.4029, 5292
0.4037, 5291
0.4044, 5290
0.4051, 5289
0.4059, 5288
0.4065, 5287
0.4071, 5286
0.4077, 5285
0.4083, 5284
0.4090, 5283
0.4096, 5282
0.4101, 5281
0.4107, 5280
0.4113, 5279
0.4118, 5278
0.4124, 5277
0.4130, 5276
0.4138, 5275
0.4144, 5274
0.4153, 5273
0.4159, 5272
0.4164, 5271
0.4170, 5270
0.4177, 5269
0.4183, 5268
0.4188, 5267
0.4194, 5266
0.4200, 5265
0.4207, 5264
0.4214, 5263
0.4220, 5262
0.4226, 5261
0.4232, 5260
0.4240, 5259
0.4246, 5258
0.4252, 5257
0.4259, 5256
0.4266, 5255
0.4273, 5254
0.4282, 5253
0.4290, 5252
0.4297, 5251
0.4308, 5250
0.4313, 5249
0.4319, 5248
0.4325, 5247
0.4332, 5246
0.4339, 5245
0.4345, 5244
0.4351, 5243
0.4357, 5242
0.4362, 5241
0.4369, 5240
0.4375, 5239
0.4380, 5238
0.4386, 5237
0.4395, 5236
0.4400, 5235
0.4406, 5234
0.4412, 5233
0.4418, 5232
0.4425, 5231
0.4431, 5230
0.4436, 5229
0.4442, 5228
0.4449, 5227
0.4457, 5226
0.4463, 5225
0.4468, 5224
0.4478, 5223
0.4487, 5222
0.4494, 5221
0.4503, 5220
0.4510, 5219
0.4515, 5218
0.4521, 5217
0.4527, 5216
0.4534, 5215
0.4541, 5214
0.4547, 5213
0.4555, 5212
0.4562, 5211
0.4569, 5210
0.4578, 5209
0.4584, 5208
0.4591, 5207
0.4599, 5206
0.4607, 5205
0.4613, 5204
0.4622, 5203
0.4628, 5202
0.4635, 5201
0.4641, 5200
0.4649, 5199
0.4655, 5198
0.4662, 5197
0.4669, 5196
0.4675, 5195
0.4684, 5194
0.4689, 5193
0.4695, 5192
0.4701, 5191
0.4707, 5190
0.4714, 5189
0.4719, 5188
0.4725, 5187
0.4730, 5186
0.4737, 5185
0.4743, 5184
0.4749, 5183
0.4757, 5182
0.4764, 5181
0.4772, 5180
0.4782, 5179
0.4788, 5178
0.4797, 5177
0.4804, 5176
0.4810, 5175
0.4819, 5174
0.4826, 5173
0.4834, 5172
0.4839, 5171
0.4846, 5170
0.4851, 5169
0.4859, 5168
0.4865, 5167
0.4870, 5166
0.4877, 5165
0.4886, 5164
0.4891, 5163
0.4898, 5162
0.4905, 5161
0.4915, 5160
0.4923, 5159
0.4930, 5158
0.4937, 5157
0.4943, 5156
0.4948, 5155
0.4955, 5154
0.4962, 5153
0.4970, 5152
0.4977, 5151
0.4983, 5150
0.4990, 5149
0.4996, 5148
0.5003, 5147
0.5008, 5146
0.5013, 5145
0.5018, 5144
0.5025, 5143
0.5031, 5142
0.5036, 5141
0.5041, 5140
0.5048, 5139
0.5054, 5138
0.5060, 5137
0.5068, 5136
0.5074, 5135
0.5081, 5134
0.5087, 5133
0.5093, 5132
0.5099, 5131
0.5106, 5130
0.5112, 5129
0.5119, 5128
0.5126, 5127
0.5134, 5126
0.5142, 5125
0.5148, 5124
0.5153, 5123
0.5159, 5122
0.5164, 5121
0.5172, 5120
0.5178, 5119
0.5183, 5118
0.5188, 5117
0.5193, 5116
0.5199, 5115
0.5205, 5114
0.5214, 5113
0.5221, 5112
0.5228, 5111
0.5236, 5110
0.5242, 5109
0.5247, 5108
0.5252, 5107
0.5258, 5106
0.5265, 5105
0.5270, 5104
0.5277, 5103
0.5285, 5102
0.5291, 5101
0.5300, 5100
0.5307, 5099
0.5314, 5098
0.5322, 5097
0.5327, 5096
0.5335, 5095
0.5341, 5094
0.5346, 5093
0.5353, 5092
0.5359, 5091
0.5366, 5090
0.5371, 5089
0.5378, 5088
0.5386, 5087
0.5395, 5086
0.5401, 5085
0.5407, 5084
0.5413, 5083
0.5420, 5082
0.5426, 5081
0.5432, 5080
0.5439, 5079
0.5444, 5078
0.5450, 5077
0.5457, 5076
0.5462, 5075
0.5470, 5074
0.5477, 5073
0.5484, 5072
0.5490, 5071
0.5495, 5070
0.5500, 5069
0.5508, 5068
0.5517, 5067
0.5524, 5066
0.5531, 5065
0.5538, 5064
0.5548, 5063
0.5555, 5062
0.5562, 5061
0.5567, 5060
0.5575, 5059
0.5581, 5058
0.5586, 5057
0.5592, 5056
0.5597, 5055
0.5604, 5054
0.5611, 5053
0.5618, 5052
0.5624, 5051
0.5629, 5050
0.5635, 5049
0.5641, 5048
0.5648, 5047
0.5655, 5046
0.5665, 5045
0.5671, 5044
0.5677, 5043
0.5684, 5042
0.5689, 5041
0.5698, 5040
0.5703, 5039
0.5710, 5038
0.5718, 5037
0.5724, 5036
0.5728, 5035
0.5736, 5034
0.5744, 5033
0.5750, 5032
0.5756, 5031
0.5765, 5030
0.5772, 5029
0.5780, 5028
0.5786, 5027
0.5792, 5026
0.5798, 5025
0.5805, 5024
0.5811, 5023
0.5817, 5022
0.5823, 5021
0.5830, 5020
0.5840, 5019
0.5849, 5018
0.5854, 5017
0.5860, 5016
0.5865, 5015
0.5875, 5014
0.5881, 5013
0.5888, 5012
0.5895, 5011
0.5902, 5010
0.5908, 5009
0.5914, 5008
0.5920, 5007
0.5926, 5006
0.5935, 5005
0.5940, 5004
0.5948, 5003
0.5954, 5002
0.5960, 5001
0.5970, 5000
0.5976, 4999
0.5985, 4998
0.5992, 4997
0.5997, 4996
0.6004, 4995
0.6009, 4994
0.6015, 4993
0.6022, 4992
0.6028, 4991
0.6035, 4990
0.6043, 4989
0.6052, 4988
0.6059, 4987
0.6065, 4986
0.6072, 4985
0.6078, 4984
0.6085, 4983
0.6091, 4982
0.6098, 4981
0.6106, 4980
0.6116, 4979
0.6121, 4978
0.6127, 4977
0.6134, 4976
0.6143, 4975
0.6153, 4974
0.6158, 4973
0.6164, 4972
0.6171, 4971
0.6178, 4970
0.6183, 4969
0.6191, 4968
0.6198, 4967
0.6204, 4966
0.6211, 4965
0.6217, 4964
0.6222, 4963
0.6228, 4962
0.6235, 4961
0.6242, 4960
0.6248, 4959
0.6253, 4958
0.6258, 4957
0.6264, 4956
0.6272, 4955
0.6277, 4954
0.6283, 4953
0.6289, 4952
0.6297, 4951
0.6306, 4950
0.6314, 4949
0.6325, 4948
0.6331, 4947
0.6337, 4946
0.6346, 4945
0.6351, 4944
0.6357, 4943
0.6362, 4942
0.6367, 4941
0.6373, 4940
0.6378, 4939
0.6385, 4938
0.6390, 4937
0.6397, 4936
0.6403, 4935
0.6412, 4934
0.6421, 4933
0.6426, 4932
0.6432, 4931
0.6438, 4930
0.6444, 4929
0.6451, 4928
0.6456, 4927
0.6463, 4926
0.6470, 4925
0.6476, 4924
0.6482, 4923
0.6490, 4922
0.6496, 4921
0.6502, 4920
0.6508, 4919
0.6518, 4918
0.6527, 4917
0.6532, 4916
0.6541, 4915
0.6546, 4914
0.6551, 4913
0.6556, 4912
0.6561, 4911
0.6567, 4910
0.6572, 4909
0.6581, 4908
0.6587, 4907
0.6592, 4906
0.6598, 4905
0.6603, 4904
0.6609, 4903
0.6614, 4902
0.6621, 4901
0.6626, 4900
0.6636, 4899
0.6643, 4898
0.6648, 4897
0.6653, 4896
0.6659, 4895
0.6665, 4894
0.6672, 4893
0.6676, 4892
0.6685, 4891
0.6693, 4890
0.6700, 4889
0.6705, 4888
0.6710, 4887
0.6716, 4886
0.6722, 4885
0.6727, 4884
0.6733, 4883
0.6739, 4882
0.6745, 4881
0.6751, 4880
0.6758, 4879
0.6767, 4878
0.6773, 4877
0.6778, 4876
0.6787, 4875
0.6792, 4874
0.6797, 4873
0.6803, 4872
0.6811, 4871
0.6818, 4870
0.6826, 4869
0.6834, 4868
0.6839, 4867
0.6845, 4866
0.6850, 4865
0.6859, 4864
0.6867, 4863
0.6873, 4862
0.6878, 4861
0.6886, 4860
0.6892, 4859
0.6900, 4858
0.6906, 4857
0.6913, 4856
0.6922, 4855
0.6927, 4854
0.6938, 4853
0.6943, 4852
0.6949, 4851
0.6955, 4850
0.6964, 4849
0.6970, 4848
0.6977, 4847
0.6983, 4846
0.6988, 4845
0.6995, 4844
0.7000, 4843
0.7005, 4842
0.7010, 4841
0.7017, 4840
0.7024, 4839
0.7034, 4838
0.7041, 4837
0.7048, 4836
0.7052, 4835
0.7058, 4834
0.7064, 4833
0.7070, 4832
0.7076, 4831
0.7085, 4830
0.7090, 4829
0.7096, 4828
0.7103, 4827
0.7112, 4826
0.7120, 4825
0.7125, 4824
0.7132, 4823
0.7138, 4822
0.7144, 4821
0.7151, 4820
0.7156, 4819
0.7162, 4818
0.7167, 4817
0.7172, 4816
0.7178, 4815
0.7183, 4814
0.7192, 4813
0.7201, 4812
0.7207, 4811
0.7212, 4810
0.7221, 4809
0.7226, 4808
0.7231, 4807
0.7236, 4806
0.7241, 4805
0.7250, 4804
0.7258, 4803
0.7263, 4802
0.7269, 4801
0.7276, 4800
0.7282, 4799
0.7287, 4798
0.7292, 4797
0.7298, 4796
0.7304, 4795
0.7311, 4794
0.7318, 4793
0.7323, 4792
0.7330, 4791
0.7335, 4790
0.7343, 4789
0.7349, 4788
0.7355, 4787
0.7360, 4786
0.7366, 4785
0.7371, 4784
0.7376, 4783
0.7384, 4782
0.7389, 4781
0.7398, 4780
0.7406, 4779
0.7411, 4778
0.7419, 4777
0.7424, 4776
0.7430, 4775
0.7434, 4774
0.7444, 4773
0.7451, 4772
0.7458, 4771
0.7463, 4770
0.7469, 4769
0.7477, 4768
0.7483, 4767
0.7488, 4766
0.7493, 4765
0.7502, 4764
0.7511, 4763
0.7517, 4762
0.7523, 4761
0.7528, 4760
0.7534, 4759
0.7544, 4758
0.7551, 4757
0.7556, 4756
0.7564, 4755
0.7569, 4754
0.7575, 4753
0.7580, 4752
0.7585, 4751
0.7593, 4750
0.7598, 4749
0.7603, 4748
0.7609, 4747
0.7618, 4746
0.7623, 4745
0.7631, 4744
0.7639, 4743
0.7647, 4742
0.7655, 4741
0.7661, 4740
0.7667, 4739
0.7672, 4738
0.7677, 4737
0.7684, 4736
0.7692, 4735
0.7697, 4734
0.7703, 4733
0.7708, 4732
0.7713, 4731
0.7721, 4730
0.7727, 4729
0.7731, 4728
0.7737, 4727
0.7745, 4726
0.7753, 4725
0.7761, 4724
0.7770, 4723
0.7775, 4722
0.7782, 4721
0.7790, 4720
0.7795, 4719
0.7801, 4718
0.7806, 4717
0.7813, 4716
0.7821, 4715
0.7829, 4714
0.7837, 4713
0.7842, 4712
0.7849, 4711
0.7857, 4710
0.7866, 4709
0.7873, 4708
0.7881, 4707
0.7887, 4706
0.7895, 4705
0.7902, 4704
0.7909, 4703
0.7918, 4702
0.7927, 4701
0.7935, 4700
0.7945, 4699
0.7953, 4698
0.7961, 4697
0.7967, 4696
0.7976, 4695
0.7983, 4694
0.7993, 4693
0.8001, 4692
0.8010, 4691
0.8019, 4690
0.9674, 4689
1.2288, 4688
1.2293, 4687
1.3296, 4686
1.6094, 4685
1.6686, 4684
1.8083, 4683
1.8478, 4682
1.9680, 4681
2.1851, 4680
2.2451, 4679
2.4037, 4678
2.4836, 4677
2.6027, 4676
2.8815, 4675
2.9022, 4674
3.0238, 4673
3.2037, 4672
3.2044, 4671
3.2851, 4670
3.4057, 4669
3.4064, 4668
3.5456, 4667
3.6452, 4666
3.6460, 4665
3.6464, 4664
3.7062, 4663
4.1484, 4662
4.2284, 4661
4.7064, 4660
4.7469, 4659
4.8674, 4658
4.9275, 4657
5.1464, 4656
5.3260, 4655
5.7639, 4654
5.8240, 4653
5.8245, 4652
6.3804, 4651
6.5001, 4650
6.6199, 4649
7.2922, 4648
7.3519, 4647
7.4904, 4646
7.7683, 4645
7.7689, 4644
7.8483, 4643
7.8489, 4642
7.8891, 4641
8.3244, 4640
8.4625, 4639
8.5224, 4638
8.8212, 4637
8.8217, 4636
9.1377, 4635
9.2780, 4634
9.3187, 4633
9.6152, 4632
9.7918, 4631
