0.1112, 4688
0.1415, 4687
0.2820, 4686
0.3031, 4684
0.3447, 4683
0.3655, 4682
0.4479, 4681
0.4886, 4680
0.5191, 4676
0.6209, 4675
0.6414, 4674
0.6621, 4673
0.6724, 4672
0.6825, 4671
0.7432, 4670
0.8148, 4669
0.8953, 4668
0.9060, 4667
0.9264, 4666
0.9569, 4664
0.9672, 4663
1.0269, 4662
1.0572, 4661
1.1277, 4660
1.1482, 4659
1.3106, 4657
1.3214, 4655
1.3319, 4654
1.3825, 4653
1.4027, 4652
1.4328, 4650
1.4877, 4647
1.5579, 4645
1.5991, 4644
1.7155, 4643
1.7364, 4642
1.7787, 4641
2.0453, 4640
2.0557, 4639
2.2809, 4638
2.3121, 4634
2.3722, 4633
2.3828, 4630
2.4467, 4629
2.5185, 4624
2.6090, 4623
2.6897, 4621
2.7622, 4619
2.8732, 4617
3.1174, 4616
3.1279, 4615
3.1589, 4614
3.2696, 4613
3.2900, 4611
3.6244, 4610
3.6354, 4608
3.7368, 4607
3.7971, 4606
4.0927, 4604
4.1342, 4603
4.1646, 4602
4.2455, 4601
4.2764, 4600
5.3998, 4599
5.7443, 4598
5.8616, 4597
6.2111, 4596
6.2825, 4594
7.2738, 4593
7.4311, 4592
7.4538, 4590
7.4758, 4588
7.4981, 4587
7.7019, 4586
8.2338, 4585
8.3799, 4584
8.4731, 4583
8.5361, 4582
9.8395, 4581
9.9209, 4580
10.4089, 4579
