0.1083, 4688
0.1379, 4687
0.1579, 4686
0.2779, 4685
0.3686, 4682
0.4192, 4678
0.4393, 4677
0.4498, 4676
0.4709, 4669
0.4910, 4668
0.5319, 4666
0.5825, 4665
0.6031, 4663
0.7946, 4658
0.9299, 4657
0.9603, 4655
0.9805, 4654
1.0009, 4653
1.0613, 4652
1.0917, 4650
1.1123, 4649
1.1226, 4648
1.1434, 4643
1.1643, 4642
1.2050, 4641
1.2758, 4640
1.4363, 4639
1.4573, 4637
1.4976, 4636
1.5581, 4635
1.6082, 4634
1.6782, 4633
1.9109, 4632
2.1556, 4631
2.1659, 4629
2.1763, 4628
2.1965, 4627
2.3242, 4625
2.4741, 4623
2.4950, 4621
2.6467, 4618
2.6674, 4617
2.7487, 4616
2.9508, 4615
3.0937, 4614
3.1864, 4613
3.5112, 4611
3.5526, 4610
3.7156, 4608
3.8869, 4607
3.9895, 4606
4.1014, 4605
4.2132, 4604
4.2237, 4603
4.4676, 4602
4.5190, 4601
4.6508, 4600
4.7825, 4599
4.8055, 4598
4.9066, 4596
4.9268, 4595
4.9783, 4592
4.9886, 4591
5.2683, 4588
5.4254, 4587
5.5275, 4585
5.5784, 4584
5.6190, 4583
5.6908, 4581
6.3049, 4580
6.5397, 4579
6.7252, 4578
6.7764, 4577
7.1993, 4576
7.7335, 4575
8.0225, 4574
9.6063, 4573
10.0668, 4572
