0.0000, 5900
0.0005, 5899
0.0012, 5898
0.0018, 5897
0.0028, 5896
0.0035, 5895
0.0042, 5894
0.0049, 5893
0.0057, 5892
0.0062, 5891
0.0071, 5890
0.0076, 5889
0.0081, 5888
0.0086, 5887
0.0096, 5886
0.0105, 5885
0.0111, 5884
0.0123, 5883
0.0130, 5882
0.0141, 5881
0.0146, 5880
0.0156, 5879
0.0165, 5878
0.0174, 5877
0.0179, 5876
0.0184, 5875
0.0189, 5874
0.0195, 5873
0.0206, 5872
0.0212, 5871
0.0217, 5870
0.0222, 5869
0.0229, 5868
0.0234, 5867
0.0239, 5866
0.0244, 5865
0.0253, 5864
0.0261, 5863
0.0267, 5862
0.0272, 5861
0.0278, 5860
0.0284, 5859
0.0289, 5858
0.0294, 5857
0.0300, 5856
0.0306, 5855
0.0312, 5854
0.0317, 5853
0.0322, 5852
0.0332, 5851
0.0341, 5850
0.0346, 5849
0.0352, 5848
0.0358, 5847
0.0364, 5846
0.0369, 5845
0.0377, 5844
0.0382, 5843
0.0387, 5842
0.0393, 5841
0.0400, 5840
0.0407, 5839
0.0412, 5838
0.0418, 5837
0.0425, 5836
0.0431, 5835
0.0437, 5834
0.0443, 5833
0.0450, 5832
0.0455, 5831
0.0460, 5830
0.0468, 5829
0.0474, 5828
0.0479, 5827
0.0485, 5826
0.0494, 5825
0.0500, 5824
0.0505, 5823
0.0514, 5822
0.0519, 5821
0.0524, 5820
0.0529, 5819
0.0534, 5818
0.0539, 5817
0.0548, 5816
0.0553, 5815
0.0563, 5814
0.0573, 5813
0.0579, 5812
0.0586, 5811
0.0595, 5810
0.0602, 5809
0.0608, 5808
0.0614, 5807
0.0619, 5806
0.0628, 5805
0.0633, 5804
0.0638, 5803
0.0643, 5802
0.0649, 5801
0.0654, 5800
0.0663, 5799
0.0668, 5798
0.0674, 5797
0.0680, 5796
0.0686, 5795
0.0692, 5794
0.0699, 5793
0.0705, 5792
0.0710, 5791
0.0715, 5790
0.0720, 5789
0.0725, 5788
0.0732, 5787
0.0737, 5786
0.0749, 5785
0.0760, 5784
0.0768, 5783
0.0773, 5782
0.0778, 5781
0.0784, 5780
0.0791, 5779
0.0799, 5778
0.0805, 5777
0.0813, 5776
0.0819, 5775
0.0825, 5774
0.0832, 5773
0.0843, 5772
0.0849, 5771
0.0860, 5770
0.0867, 5769
0.0872, 5768
0.0879, 5767
0.0885, 5766
0.0892, 5765
0.0899, 5764
0.0905, 5763
0.0910, 5762
0.0916, 5761
0.0921, 5760
0.0931, 5759
0.0936, 5758
0.0942, 5757
0.0947, 5756
0.0952, 5755
0.0957, 5754
0.0965, 5753
0.0972, 5752
0.0977, 5751
0.0983, 5750
0.0988, 5749
0.0996, 5748
0.1002, 5747
0.1007, 5746
0.1016, 5745
0.1027, 5744
0.1032, 5743
0.1038, 5742
0.1043, 5741
0.1053, 5740
0.1059, 5739
0.1065, 5738
0.1070, 5737
0.1076, 5736
0.1082, 5735
0.1087, 5734
0.1093, 5733
0.1099, 5732
0.1104, 5731
0.1110, 5730
0.1115, 5729
0.1121, 5728
0.1126, 5727
0.1131, 5726
0.1137, 5725
0.1145, 5724
0.1151, 5723
0.1161, 5722
0.1168, 5721
0.1174, 5720
0.1181, 5719
0.1188, 5718
0.1198, 5717
0.1206, 5716
0.1215, 5715
0.1225, 5714
0.1231, 5713
0.1237, 5712
0.1243, 5711
0.1249, 5710
0.1254, 5709
0.1263, 5708
0.1270, 5707
0.1276, 5706
0.1281, 5705
0.1287, 5704
0.1292, 5703
0.1298, 5702
0.1304, 5701
0.1310, 5700
0.1321, 5699
0.1326, 5698
0.1331, 5697
0.1337, 5696
0.1348, 5695
0.1356, 5694
0.1362, 5693
0.1368, 5692
0.1373, 5691
0.1378, 5690
0.1383, 5689
0.1390, 5688
0.1396, 5687
0.1401, 5686
0.1411, 5685
0.1416, 5684
0.1422, 5683
0.1428, 5682
0.1434, 5681
0.1440, 5680
0.1446, 5679
0.1452, 5678
0.1458, 5677
0.1464, 5676
0.1470, 5675
0.1476, 5674
0.1481, 5673
0.1487, 5672
0.1493, 5671
0.1498, 5670
0.1504, 5669
0.1510, 5668
0.1516, 5667
0.1521, 5666
0.1527, 5665
0.1533, 5664
0.1539, 5663
0.1544, 5662
0.1554, 5661
0.1560, 5660
0.1569, 5659
0.1574, 5658
0.1586, 5657
0.1596, 5656
0.1604, 5655
0.1611, 5654
0.1618, 5653
0.1624, 5652
0.1631, 5651
0.1637, 5650
0.1642, 5649
0.1648, 5648
0.1655, 5647
0.1661, 5646
0.1667, 5645
0.1674, 5644
0.1680, 5643
0.1686, 5642
0.1691, 5641
0.1698, 5640
0.1706, 5639
0.1715, 5638
0.1721, 5637
0.1726, 5636
0.1733, 5635
0.1744, 5634
0.1750, 5633
0.1760, 5632
0.1769, 5631
0.1775, 5630
0.1785, 5629
0.1793, 5628
0.1800, 5627
0.1810, 5626
0.1819, 5625
0.1826, 5624
0.1834, 5623
0.1840, 5622
0.1846, 5621
0.1853, 5620
0.1860, 5619
0.1869, 5618
0.1875, 5617
0.1881, 5616
0.1886, 5615
0.1893, 5614
0.1902, 5613
0.1908, 5612
0.1913, 5611
0.1919, 5610
0.1927, 5609
0.1932, 5608
0.1938, 5607
0.1944, 5606
0.1949, 5605
0.1956, 5604
0.1961, 5603
0.1967, 5602
0.1972, 5601
0.1978, 5600
0.1983, 5599
0.1988, 5598
0.1993, 5597
0.1999, 5596
0.2005, 5595
0.2013, 5594
0.2019, 5593
0.2028, 5592
0.2034, 5591
0.2042, 5590
0.2050, 5589
0.2059, 5588
0.2065, 5587
0.2071, 5586
0.2077, 5585
0.2084, 5584
0.2094, 5583
0.2101, 5582
0.2107, 5581
0.2113, 5580
0.2120, 5579
0.2126, 5578
0.2133, 5577
0.2142, 5576
0.2149, 5575
0.2154, 5574
0.2162, 5573
0.2168, 5572
0.2173, 5571
0.2180, 5570
0.2189, 5569
0.2195, 5568
0.2204, 5567
0.2210, 5566
0.2215, 5565
0.2221, 5564
0.2228, 5563
0.2240, 5562
0.2246, 5561
0.2252, 5560
0.2258, 5559
0.2263, 5558
0.2269, 5557
0.2279, 5556
0.2285, 5555
0.2290, 5554
0.2297, 5553
0.2306, 5552
0.2312, 5551
0.2318, 5550
0.2324, 5549
0.2331, 5548
0.2337, 5547
0.2344, 5546
0.2350, 5545
0.2355, 5544
0.2361, 5543
0.2366, 5542
0.2373, 5541
0.2380, 5540
0.2385, 5539
0.2390, 5538
0.2396, 5537
0.2402, 5536
0.2408, 5535
0.2415, 5534
0.2423, 5533
0.2429, 5532
0.2435, 5531
0.2440, 5530
0.2447, 5529
0.2452, 5528
0.2458, 5527
0.2463, 5526
0.2472, 5525
0.2478, 5524
0.2485, 5523
0.2494, 5522
0.2504, 5521
0.2513, 5520
0.2519, 5519
0.2526, 5518
0.2531, 5517
0.2538, 5516
0.2544, 5515
0.2552, 5514
0.2558, 5513
0.2564, 5512
0.2570, 5511
0.2575, 5510
0.2581, 5509
0.2587, 5508
0.2593, 5507
0.2600, 5506
0.2605, 5505
0.2611, 5504
0.2617, 5503
0.2626, 5502
0.2632, 5501
0.2638, 5500
0.2644, 5499
0.2653, 5498
0.2660, 5497
0.2667, 5496
0.2672, 5495
0.2679, 5494
0.2685, 5493
0.2691, 5492
0.2697, 5491
0.2707, 5490
0.2715, 5489
0.2721, 5488
0.2727, 5487
0.2732, 5486
0.2737, 5485
0.2747, 5484
0.2752, 5483
0.2758, 5482
0.2768, 5481
0.2774, 5480
0.2779, 5479
0.2785, 5478
0.2790, 5477
0.2796, 5476
0.2803, 5475
0.2808, 5474
0.2816, 5473
0.2822, 5472
0.2828, 5471
0.2834, 5470
0.2840, 5469
0.2846, 5468
0.2852, 5467
0.2858, 5466
0.2868, 5465
0.2873, 5464
0.2879, 5463
0.2884, 5462
0.2891, 5461
0.2896, 5460
0.2902, 5459
0.2909, 5458
0.2914, 5457
0.2920, 5456
0.2928, 5455
0.2936, 5454
0.2941, 5453
0.2948, 5452
0.2953, 5451
0.2961, 5450
0.2966, 5449
0.2973, 5448
0.2979, 5447
0.2985, 5446
0.2991, 5445
0.2996, 5444
0.3007, 5443
0.3013, 5442
0.3019, 5441
0.3025, 5440
0.3031, 5439
0.3037, 5438
0.3046, 5437
0.3054, 5436
0.3060, 5435
0.3066, 5434
0.3072, 5433
0.3079, 5432
0.3089, 5431
0.3094, 5430
0.3100, 5429
0.3106, 5428
0.3112, 5427
0.3119, 5426
0.3128, 5425
0.3134, 5424
0.3140, 5423
0.3147, 5422
0.3154, 5421
0.3161, 5420
0.3171, 5419
0.3176, 5418
0.3182, 5417
0.3192, 5416
0.3198, 5415
0.3205, 5414
0.3210, 5413
0.3216, 5412
0.3222, 5411
0.3227, 5410
0.3233, 5409
0.3238, 5408
0.3244, 5407
0.3251, 5406
0.3259, 5405
0.3267, 5404
0.3275, 5403
0.3283, 5402
0.3288, 5401
0.3294, 5400
0.3301, 5399
0.3310, 5398
0.3317, 5397
0.3324, 5396
0.3330, 5395
0.3338, 5394
0.3346, 5393
0.3353, 5392
0.3360, 5391
0.3366, 5390
0.3371, 5389
0.3377, 5388
0.3383, 5387
0.3389, 5386
0.3398, 5385
0.3404, 5384
0.3411, 5383
0.3418, 5382
0.3425, 5381
0.3432, 5380
0.3437, 5379
0.3443, 5378
0.3451, 5377
0.3457, 5376
0.3463, 5375
0.3470, 5374
0.3477, 5373
0.3483, 5372
0.3488, 5371
0.3495, 5370
0.3502, 5369
0.3510, 5368
0.3517, 5367
0.3522, 5366
0.3530, 5365
0.3537, 5364
0.3543, 5363
0.3553, 5362
0.3560, 5361
0.3567, 5360
0.3574, 5359
0.3581, 5358
0.3587, 5357
0.3598, 5356
0.3604, 5355
0.3611, 5354
0.3617, 5353
0.3624, 5352
0.3630, 5351
0.3638, 5350
0.3644, 5349
0.3650, 5348
0.3655, 5347
0.3662, 5346
0.3670, 5345
0.3679, 5344
0.3685, 5343
0.3692, 5342
0.3698, 5341
0.3704, 5340
0.3710, 5339
0.3716, 5338
0.3722, 5337
0.3728, 5336
0.3734, 5335
0.3740, 5334
0.3748, 5333
0.3757, 5332
0.3767, 5331
0.3773, 5330
0.3779, 5329
0.3784, 5328
0.3790, 5327
0.3797, 5326
0.3803, 5325
0.3808, 5324
0.3815, 5323
0.3825, 5322
0.3834, 5321
0.3844, 5320
0.3852, 5319
0.3857, 5318
0.3863, 5317
0.3869, 5316
0.3877, 5315
0.3884, 5314
0.3891, 5313
0.3897, 5312
0.3905, 5311
0.3913, 5310
0.3918, 5309
0.3924, 5308
0.3934, 5307
0.3941, 5306
0.3947, 5305
0.3952, 5304
0.3959, 5303
0.3965, 5302
0.3971, 5301
0.3976, 5300
0.3983, 5299
0.3988, 5298
0.3994, 5297
0.4000, 5296
0.4008, 5295
0.4015, 5294
0.4020, 5293
0.4026, 5292
0.4034, 5291
0.4041, 5290
0.4048, 5289
0.4056, 5288
0.4062, 5287
0.4068, 5286
0.4075, 5285
0.4080, 5284
0.4087, 5283
0.4093, 5282
0.4099, 5281
0.4104, 5280
0.4110, 5279
0.4115, 5278
0.4121, 5277
0.4128, 5276
0.4135, 5275
0.4142, 5274
0.4150, 5273
0.4156, 5272
0.4162, 5271
0.4167, 5270
0.4174, 5269
0.4181, 5268
0.4186, 5267
0.4192, 5266
0.4198, 5265
0.4205, 5264
0.4212, 5263
0.4218, 5262
0.4224, 5261
0.4230, 5260
0.4238, 5259
0.4243, 5258
0.4249, 5257
0.4256, 5256
0.4264, 5255
0.4270, 5254
0.4280, 5253
0.4288, 5252
0.4294, 5251
0.4305, 5250
0.4311, 5249
0.4317, 5248
0.4323, 5247
0.4330, 5246
0.4337, 5245
0.4343, 5244
0.4349, 5243
0.4355, 5242
0.4360, 5241
0.4367, 5240
0.4373, 5239
0.4378, 5238
0.4384, 5237
0.4393, 5236
0.4399, 5235
0.4405, 5234
0.4411, 5233
0.4417, 5232
0.4424, 5231
0.4430, 5230
0.4436, 5229
0.4441, 5228
0.4448, 5227
0.4457, 5226
0.4462, 5225
0.4468, 5224
0.4477, 5223
0.4486, 5222
0.4492, 5221
0.4500, 5220
0.4507, 5219
0.4513, 5218
0.4519, 5217
0.4525, 5216
0.4532, 5215
0.4539, 5214
0.4545, 5213
0.4553, 5212
0.4560, 5211
0.4568, 5210
0.4576, 5209
0.4582, 5208
0.4589, 5207
0.4597, 5206
0.4605, 5205
0.4611, 5204
0.4620, 5203
0.4626, 5202
0.4633, 5201
0.4639, 5200
0.4647, 5199
0.4653, 5198
0.4660, 5197
0.4667, 5196
0.4673, 5195
0.4682, 5194
0.4687, 5193
0.4693, 5192
0.4699, 5191
0.4705, 5190
0.4712, 5189
0.4717, 5188
0.4722, 5187
0.4728, 5186
0.4735, 5185
0.4741, 5184
0.4747, 5183
0.4755, 5182
0.4762, 5181
0.4769, 5180
0.4779, 5179
0.4784, 5178
0.4793, 5177
0.4800, 5176
0.4806, 5175
0.4815, 5174
0.4822, 5173
0.4829, 5172
0.4835, 5171
0.4841, 5170
0.4847, 5169
0.4855, 5168
0.4861, 5167
0.4866, 5166
0.4873, 5165
0.4881, 5164
0.4887, 5163
0.4894, 5162
0.4900, 5161
0.4910, 5160
0.4918, 5159
0.4925, 5158
0.4932, 5157
0.4938, 5156
0.4943, 5155
0.4950, 5154
0.4957, 5153
0.4965, 5152
0.4972, 5151
0.4978, 5150
0.4985, 5149
0.4991, 5148
0.4998, 5147
0.5003, 5146
0.5008, 5145
0.5013, 5144
0.5021, 5143
0.5026, 5142
0.5032, 5141
0.5037, 5140
0.5043, 5139
0.5050, 5138
0.5056, 5137
0.5064, 5136
0.5070, 5135
0.5078, 5134
0.5084, 5133
0.5089, 5132
0.5095, 5131
0.5102, 5130
0.5109, 5129
0.5115, 5128
0.5122, 5127
0.5129, 5126
0.5137, 5125
0.5143, 5124
0.5148, 5123
0.5154, 5122
0.5159, 5121
0.5167, 5120
0.5172, 5119
0.5178, 5118
0.5183, 5117
0.5188, 5116
0.5194, 5115
0.5200, 5114
0.5208, 5113
0.5215, 5112
0.5223, 5111
0.5231, 5110
0.5237, 5109
0.5242, 5108
0.5248, 5107
0.5253, 5106
0.5260, 5105
0.5265, 5104
0.5272, 5103
0.5280, 5102
0.5286, 5101
0.5295, 5100
0.5302, 5099
0.5309, 5098
0.5317, 5097
0.5322, 5096
0.5329, 5095
0.5335, 5094
0.5340, 5093
0.5348, 5092
0.5354, 5091
0.5361, 5090
0.5366, 5089
0.5373, 5088
0.5380, 5087
0.5389, 5086
0.5395, 5085
0.5401, 5084
0.5407, 5083
0.5415, 5082
0.5421, 5081
0.5426, 5080
0.5433, 5079
0.5439, 5078
0.5444, 5077
0.5451, 5076
0.5456, 5075
0.5463, 5074
0.5470, 5073
0.5477, 5072
0.5483, 5071
0.5488, 5070
0.5493, 5069
0.5501, 5068
0.5511, 5067
0.5517, 5066
0.5524, 5065
0.5532, 5064
0.5542, 5063
0.5548, 5062
0.5555, 5061
0.5560, 5060
0.5568, 5059
0.5574, 5058
0.5579, 5057
0.5585, 5056
0.5591, 5055
0.5598, 5054
0.5604, 5053
0.5611, 5052
0.5617, 5051
0.5623, 5050
0.5629, 5049
0.5635, 5048
0.5642, 5047
0.5649, 5046
0.5659, 5045
0.5665, 5044
0.5671, 5043
0.5677, 5042
0.5683, 5041
0.5692, 5040
0.5697, 5039
0.5704, 5038
0.5712, 5037
0.5718, 5036
0.5723, 5035
0.5731, 5034
0.5738, 5033
0.5745, 5032
0.5751, 5031
0.5760, 5030
0.5767, 5029
0.5775, 5028
0.5781, 5027
0.5788, 5026
0.5794, 5025
0.5800, 5024
0.5806, 5023
0.5812, 5022
0.5818, 5021
0.5825, 5020
0.5835, 5019
0.5844, 5018
0.5849, 5017
0.5855, 5016
0.5860, 5015
0.5869, 5014
0.5876, 5013
0.5883, 5012
0.5890, 5011
0.5896, 5010
0.5903, 5009
0.5909, 5008
0.5914, 5007
0.5920, 5006
0.5929, 5005
0.5934, 5004
0.5942, 5003
0.5948, 5002
0.5954, 5001
0.5963, 5000
0.5969, 4999
0.5978, 4998
0.5984, 4997
0.5989, 4996
0.5996, 4995
0.6001, 4994
0.6007, 4993
0.6015, 4992
0.6020, 4991
0.6027, 4990
0.6035, 4989
0.6044, 4988
0.6052, 4987
0.6058, 4986
0.6064, 4985
0.6071, 4984
0.6078, 4983
0.6084, 4982
0.6091, 4981
0.6099, 4980
0.6108, 4979
0.6113, 4978
0.6119, 4977
0.6126, 4976
0.6135, 4975
0.6145, 4974
0.6150, 4973
0.6156, 4972
0.6163, 4971
0.6170, 4970
0.6175, 4969
0.6183, 4968
0.6190, 4967
0.6196, 4966
0.6203, 4965
0.6209, 4964
0.6214, 4963
0.6219, 4962
0.6227, 4961
0.6234, 4960
0.6239, 4959
0.6244, 4958
0.6250, 4957
0.6255, 4956
0.6263, 4955
0.6268, 4954
0.6274, 4953
0.6280, 4952
0.6288, 4951
0.6297, 4950
0.6305, 4949
0.6316, 4948
0.6322, 4947
0.6329, 4946
0.6337, 4945
0.6342, 4944
0.6349, 4943
0.6354, 4942
0.6359, 4941
0.6365, 4940
0.6370, 4939
0.6377, 4938
0.6382, 4937
0.6389, 4936
0.6395, 4935
0.6404, 4934
0.6413, 4933
0.6418, 4932
0.6423, 4931
0.6430, 4930
0.6436, 4929
0.6443, 4928
0.6448, 4927
0.6455, 4926
0.6462, 4925
0.6468, 4924
0.6474, 4923
0.6482, 4922
0.6488, 4921
0.6494, 4920
0.6500, 4919
0.6509, 4918
0.6518, 4917
0.6523, 4916
0.6532, 4915
0.6537, 4914
0.6542, 4913
0.6547, 4912
0.6552, 4911
0.6557, 4910
0.6562, 4909
0.6571, 4908
0.6577, 4907
0.6582, 4906
0.6588, 4905
0.6593, 4904
0.6598, 4903
0.6604, 4902
0.6611, 4901
0.6616, 4900
0.6625, 4899
0.6632, 4898
0.6637, 4897
0.6643, 4896
0.6648, 4895
0.6654, 4894
0.6661, 4893
0.6666, 4892
0.6674, 4891
0.6682, 4890
0.6689, 4889
0.6694, 4888
0.6700, 4887
0.6705, 4886
0.6711, 4885
0.6716, 4884
0.6722, 4883
0.6728, 4882
0.6734, 4881
0.6740, 4880
0.6746, 4879
0.6755, 4878
0.6760, 4877
0.6765, 4876
0.6773, 4875
0.6778, 4874
0.6784, 4873
0.6789, 4872
0.6797, 4871
0.6805, 4870
0.6812, 4869
0.6820, 4868
0.6826, 4867
0.6831, 4866
0.6836, 4865
0.6845, 4864
0.6853, 4863
0.6859, 4862
0.6864, 4861
0.6871, 4860
0.6878, 4859
0.6886, 4858
0.6891, 4857
0.6898, 4856
0.6907, 4855
0.6913, 4854
0.6924, 4853
0.6929, 4852
0.6935, 4851
0.6941, 4850
0.6949, 4849
0.6956, 4848
0.6963, 4847
0.6968, 4846
0.6973, 4845
0.6981, 4844
0.6986, 4843
0.6991, 4842
0.6996, 4841
0.7003, 4840
0.7010, 4839
0.7020, 4838
0.7027, 4837
0.7034, 4836
0.7039, 4835
0.7044, 4834
0.7051, 4833
0.7056, 4832
0.7062, 4831
0.7071, 4830
0.7077, 4829
0.7083, 4828
0.7089, 4827
0.7098, 4826
0.7107, 4825
0.7112, 4824
0.7119, 4823
0.7125, 4822
0.7130, 4821
0.7137, 4820
0.7141, 4819
0.7148, 4818
0.7153, 4817
0.7158, 4816
0.7163, 4815
0.7169, 4814
0.7178, 4813
0.7186, 4812
0.7193, 4811
0.7198, 4810
0.7206, 4809
0.7211, 4808
0.7216, 4807
0.7221, 4806
0.7226, 4805
0.7235, 4804
0.7244, 4803
0.7248, 4802
0.7254, 4801
0.7261, 4800
0.7267, 4799
0.7273, 4798
0.7278, 4797
0.7284, 4796
0.7290, 4795
0.7297, 4794
0.7303, 4793
0.7308, 4792
0.7316, 4791
0.7321, 4790
0.7329, 4789
0.7335, 4788
0.7341, 4787
0.7346, 4786
0.7352, 4785
0.7357, 4784
0.7363, 4783
0.7370, 4782
0.7376, 4781
0.7384, 4780
0.7392, 4779
0.7397, 4778
0.7405, 4777
0.7411, 4776
0.7417, 4775
0.7422, 4774
0.7431, 4773
0.7437, 4772
0.7444, 4771
0.7450, 4770
0.7455, 4769
0.7464, 4768
0.7470, 4767
0.7475, 4766
0.7480, 4765
0.7489, 4764
0.7498, 4763
0.7503, 4762
0.7510, 4761
0.7515, 4760
0.7521, 4759
0.7531, 4758
0.7537, 4757
0.7543, 4756
0.7551, 4755
0.7556, 4754
0.7561, 4753
0.7566, 4752
0.7571, 4751
0.7579, 4750
0.7584, 4749
0.7590, 4748
0.7595, 4747
0.7604, 4746
0.7610, 4745
0.7618, 4744
0.7625, 4743
0.7633, 4742
0.7641, 4741
0.7648, 4740
0.7653, 4739
0.7659, 4738
0.7664, 4737
0.7671, 4736
0.7679, 4735
0.7684, 4734
0.7690, 4733
0.7696, 4732
0.7701, 4731
0.7709, 4730
0.7715, 4729
0.7720, 4728
0.7725, 4727
0.7737, 4726
0.7745, 4725
0.7754, 4724
0.7763, 4723
0.7768, 4722
0.7776, 4721
0.7785, 4720
0.7791, 4719
0.7797, 4718
0.7802, 4717
0.7811, 4716
0.7821, 4715
0.7829, 4714
0.7837, 4713
0.7842, 4712
0.7849, 4711
0.7858, 4710
0.7867, 4709
0.7874, 4708
0.7882, 4707
0.7888, 4706
0.7897, 4705
0.7904, 4704
0.7912, 4703
0.7920, 4702
0.7930, 4701
0.7938, 4700
0.7947, 4699
0.7955, 4698
0.7962, 4697
0.7969, 4696
0.7978, 4695
0.7985, 4694
0.7994, 4693
0.8003, 4692
0.8013, 4691
0.8022, 4690
0.9876, 4689
1.2045, 4688
1.2638, 4687
1.3030, 4686
1.6551, 4685
1.6555, 4684
1.7150, 4683
1.8319, 4682
1.9891, 4681
2.1673, 4680
2.2260, 4679
2.4015, 4678
2.4412, 4677
2.5784, 4676
2.8354, 4675
2.8749, 4674
2.9939, 4673
3.1903, 4672
3.1910, 4671
3.2517, 4670
3.3326, 4669
3.3734, 4668
3.4798, 4667
3.6204, 4666
3.6215, 4665
3.6220, 4664
3.6845, 4663
4.1029, 4662
4.2204, 4661
4.6720, 4660
4.7123, 4659
4.8334, 4658
4.9418, 4657
5.1283, 4656
5.3667, 4655
5.7399, 4654
5.8372, 4653
5.8377, 4652
6.3457, 4651
6.5609, 4650
6.6601, 4649
7.2272, 4648
7.3068, 4647
7.4434, 4646
7.7159, 4645
7.7164, 4644
7.7755, 4643
7.7761, 4642
7.8155, 4641
8.3815, 4640
8.3820, 4639
8.4217, 4638
8.7531, 4637
8.7537, 4636
9.0259, 4635
9.2011, 4634
9.2602, 4633
9.5536, 4632
9.7869, 4631
9.9447, 4630
9.9845, 4629
