0.0000, 5900
0.0005, 5899
0.0012, 5898
0.0018, 5897
0.0028, 5896
0.0035, 5895
0.0042, 5894
0.0048, 5893
0.0057, 5892
0.0062, 5891
0.0070, 5890
0.0075, 5889
0.0080, 5888
0.0086, 5887
0.0095, 5886
0.0104, 5885
0.0110, 5884
0.0123, 5883
0.0129, 5882
0.0140, 5881
0.0145, 5880
0.0155, 5879
0.0163, 5878
0.0173, 5877
0.0178, 5876
0.0183, 5875
0.0188, 5874
0.0194, 5873
0.0205, 5872
0.0210, 5871
0.0215, 5870
0.0221, 5869
0.0228, 5868
0.0233, 5867
0.0238, 5866
0.0244, 5865
0.0253, 5864
0.0261, 5863
0.0267, 5862
0.0272, 5861
0.0278, 5860
0.0284, 5859
0.0289, 5858
0.0295, 5857
0.0300, 5856
0.0307, 5855
0.0312, 5854
0.0317, 5853
0.0322, 5852
0.0332, 5851
0.0341, 5850
0.0346, 5849
0.0351, 5848
0.0358, 5847
0.0364, 5846
0.0369, 5845
0.0376, 5844
0.0381, 5843
0.0386, 5842
0.0391, 5841
0.0399, 5840
0.0406, 5839
0.0411, 5838
0.0416, 5837
0.0423, 5836
0.0429, 5835
0.0435, 5834
0.0441, 5833
0.0449, 5832
0.0454, 5831
0.0459, 5830
0.0468, 5829
0.0473, 5828
0.0479, 5827
0.0485, 5826
0.0494, 5825
0.0499, 5824
0.0504, 5823
0.0513, 5822
0.0518, 5821
0.0523, 5820
0.0528, 5819
0.0534, 5818
0.0539, 5817
0.0548, 5816
0.0553, 5815
0.0564, 5814
0.0573, 5813
0.0580, 5812
0.0586, 5811
0.0596, 5810
0.0602, 5809
0.0609, 5808
0.0615, 5807
0.0621, 5806
0.0629, 5805
0.0635, 5804
0.0640, 5803
0.0645, 5802
0.0650, 5801
0.0656, 5800
0.0664, 5799
0.0669, 5798
0.0675, 5797
0.0681, 5796
0.0688, 5795
0.0693, 5794
0.0700, 5793
0.0706, 5792
0.0711, 5791
0.0717, 5790
0.0723, 5789
0.0728, 5788
0.0734, 5787
0.0739, 5786
0.0752, 5785
0.0763, 5784
0.0771, 5783
0.0776, 5782
0.0782, 5781
0.0787, 5780
0.0794, 5779
0.0802, 5778
0.0808, 5777
0.0816, 5776
0.0823, 5775
0.0829, 5774
0.0836, 5773
0.0847, 5772
0.0853, 5771
0.0864, 5770
0.0870, 5769
0.0875, 5768
0.0883, 5767
0.0888, 5766
0.0895, 5765
0.0903, 5764
0.0908, 5763
0.0914, 5762
0.0919, 5761
0.0924, 5760
0.0934, 5759
0.0939, 5758
0.0944, 5757
0.0949, 5756
0.0954, 5755
0.0960, 5754
0.0968, 5753
0.0974, 5752
0.0980, 5751
0.0985, 5750
0.0990, 5749
0.0999, 5748
0.1004, 5747
0.1009, 5746
0.1018, 5745
0.1029, 5744
0.1034, 5743
0.1040, 5742
0.1045, 5741
0.1055, 5740
0.1061, 5739
0.1067, 5738
0.1072, 5737
0.1078, 5736
0.1083, 5735
0.1089, 5734
0.1094, 5733
0.1101, 5732
0.1106, 5731
0.1112, 5730
0.1117, 5729
0.1123, 5728
0.1128, 5727
0.1133, 5726
0.1139, 5725
0.1146, 5724
0.1153, 5723
0.1163, 5722
0.1170, 5721
0.1175, 5720
0.1182, 5719
0.1190, 5718
0.1200, 5717
0.1208, 5716
0.1217, 5715
0.1227, 5714
0.1232, 5713
0.1238, 5712
0.1244, 5711
0.1250, 5710
0.1255, 5709
0.1263, 5708
0.1271, 5707
0.1277, 5706
0.1282, 5705
0.1287, 5704
0.1293, 5703
0.1298, 5702
0.1304, 5701
0.1311, 5700
0.1322, 5699
0.1327, 5698
0.1332, 5697
0.1338, 5696
0.1349, 5695
0.1356, 5694
0.1362, 5693
0.1368, 5692
0.1374, 5691
0.1379, 5690
0.1384, 5689
0.1391, 5688
0.1397, 5687
0.1402, 5686
0.1412, 5685
0.1418, 5684
0.1424, 5683
0.1430, 5682
0.1436, 5681
0.1442, 5680
0.1448, 5679
0.1454, 5678
0.1461, 5677
0.1467, 5676
0.1473, 5675
0.1478, 5674
0.1484, 5673
0.1489, 5672
0.1495, 5671
0.1501, 5670
0.1507, 5669
0.1512, 5668
0.1519, 5667
0.1524, 5666
0.1530, 5665
0.1535, 5664
0.1541, 5663
0.1547, 5662
0.1557, 5661
0.1562, 5660
0.1571, 5659
0.1577, 5658
0.1588, 5657
0.1598, 5656
0.1607, 5655
0.1614, 5654
0.1622, 5653
0.1628, 5652
0.1635, 5651
0.1641, 5650
0.1646, 5649
0.1652, 5648
0.1660, 5647
0.1666, 5646
0.1671, 5645
0.1678, 5644
0.1684, 5643
0.1690, 5642
0.1695, 5641
0.1702, 5640
0.1710, 5639
0.1719, 5638
0.1725, 5637
0.1731, 5636
0.1738, 5635
0.1749, 5634
0.1755, 5633
0.1766, 5632
0.1774, 5631
0.1780, 5630
0.1790, 5629
0.1799, 5628
0.1805, 5627
0.1816, 5626
0.1824, 5625
0.1831, 5624
0.1839, 5623
0.1845, 5622
0.1851, 5621
0.1858, 5620
0.1864, 5619
0.1874, 5618
0.1880, 5617
0.1885, 5616
0.1891, 5615
0.1898, 5614
0.1907, 5613
0.1912, 5612
0.1918, 5611
0.1924, 5610
0.1932, 5609
0.1938, 5608
0.1944, 5607
0.1950, 5606
0.1955, 5605
0.1962, 5604
0.1967, 5603
0.1973, 5602
0.1979, 5601
0.1984, 5600
0.1989, 5599
0.1995, 5598
0.2000, 5597
0.2005, 5596
0.2011, 5595
0.2019, 5594
0.2025, 5593
0.2034, 5592
0.2040, 5591
0.2048, 5590
0.2056, 5589
0.2065, 5588
0.2071, 5587
0.2077, 5586
0.2083, 5585
0.2090, 5584
0.2099, 5583
0.2106, 5582
0.2112, 5581
0.2117, 5580
0.2124, 5579
0.2130, 5578
0.2137, 5577
0.2147, 5576
0.2153, 5575
0.2158, 5574
0.2166, 5573
0.2171, 5572
0.2177, 5571
0.2184, 5570
0.2193, 5569
0.2199, 5568
0.2207, 5567
0.2213, 5566
0.2219, 5565
0.2225, 5564
0.2232, 5563
0.2244, 5562
0.2251, 5561
0.2256, 5560
0.2262, 5559
0.2267, 5558
0.2273, 5557
0.2283, 5556
0.2289, 5555
0.2295, 5554
0.2301, 5553
0.2309, 5552
0.2316, 5551
0.2322, 5550
0.2329, 5549
0.2334, 5548
0.2341, 5547
0.2347, 5546
0.2353, 5545
0.2359, 5544
0.2364, 5543
0.2369, 5542
0.2376, 5541
0.2383, 5540
0.2388, 5539
0.2393, 5538
0.2399, 5537
0.2404, 5536
0.2410, 5535
0.2417, 5534
0.2425, 5533
0.2431, 5532
0.2436, 5531
0.2442, 5530
0.2448, 5529
0.2454, 5528
0.2460, 5527
0.2466, 5526
0.2474, 5525
0.2481, 5524
0.2488, 5523
0.2497, 5522
0.2507, 5521
0.2517, 5520
0.2524, 5519
0.2530, 5518
0.2536, 5517
0.2542, 5516
0.2548, 5515
0.2556, 5514
0.2562, 5513
0.2568, 5512
0.2574, 5511
0.2580, 5510
0.2585, 5509
0.2591, 5508
0.2597, 5507
0.2605, 5506
0.2610, 5505
0.2616, 5504
0.2622, 5503
0.2631, 5502
0.2637, 5501
0.2643, 5500
0.2649, 5499
0.2658, 5498
0.2665, 5497
0.2672, 5496
0.2677, 5495
0.2684, 5494
0.2690, 5493
0.2696, 5492
0.2702, 5491
0.2712, 5490
0.2720, 5489
0.2726, 5488
0.2732, 5487
0.2737, 5486
0.2743, 5485
0.2752, 5484
0.2758, 5483
0.2764, 5482
0.2774, 5481
0.2780, 5480
0.2785, 5479
0.2790, 5478
0.2796, 5477
0.2802, 5476
0.2808, 5475
0.2814, 5474
0.2822, 5473
0.2828, 5472
0.2834, 5471
0.2840, 5470
0.2846, 5469
0.2852, 5468
0.2857, 5467
0.2863, 5466
0.2873, 5465
0.2878, 5464
0.2884, 5463
0.2889, 5462
0.2896, 5461
0.2901, 5460
0.2908, 5459
0.2914, 5458
0.2919, 5457
0.2925, 5456
0.2933, 5455
0.2940, 5454
0.2946, 5453
0.2953, 5452
0.2958, 5451
0.2965, 5450
0.2971, 5449
0.2977, 5448
0.2984, 5447
0.2989, 5446
0.2995, 5445
0.3000, 5444
0.3010, 5443
0.3017, 5442
0.3022, 5441
0.3028, 5440
0.3034, 5439
0.3041, 5438
0.3050, 5437
0.3058, 5436
0.3064, 5435
0.3070, 5434
0.3076, 5433
0.3082, 5432
0.3092, 5431
0.3098, 5430
0.3104, 5429
0.3110, 5428
0.3116, 5427
0.3123, 5426
0.3132, 5425
0.3138, 5424
0.3145, 5423
0.3152, 5422
0.3159, 5421
0.3165, 5420
0.3175, 5419
0.3180, 5418
0.3186, 5417
0.3196, 5416
0.3202, 5415
0.3208, 5414
0.3214, 5413
0.3220, 5412
0.3226, 5411
0.3231, 5410
0.3237, 5409
0.3242, 5408
0.3247, 5407
0.3254, 5406
0.3262, 5405
0.3270, 5404
0.3277, 5403
0.3286, 5402
0.3291, 5401
0.3296, 5400
0.3304, 5399
0.3312, 5398
0.3320, 5397
0.3326, 5396
0.3333, 5395
0.3341, 5394
0.3349, 5393
0.3355, 5392
0.3363, 5391
0.3368, 5390
0.3373, 5389
0.3380, 5388
0.3386, 5387
0.3391, 5386
0.3401, 5385
0.3406, 5384
0.3413, 5383
0.3420, 5382
0.3427, 5381
0.3434, 5380
0.3439, 5379
0.3445, 5378
0.3453, 5377
0.3460, 5376
0.3466, 5375
0.3473, 5374
0.3480, 5373
0.3486, 5372
0.3491, 5371
0.3498, 5370
0.3505, 5369
0.3512, 5368
0.3519, 5367
0.3524, 5366
0.3532, 5365
0.3538, 5364
0.3545, 5363
0.3555, 5362
0.3561, 5361
0.3568, 5360
0.3575, 5359
0.3582, 5358
0.3588, 5357
0.3599, 5356
0.3605, 5355
0.3611, 5354
0.3617, 5353
0.3624, 5352
0.3630, 5351
0.3639, 5350
0.3646, 5349
0.3652, 5348
0.3658, 5347
0.3664, 5346
0.3673, 5345
0.3681, 5344
0.3687, 5343
0.3694, 5342
0.3700, 5341
0.3705, 5340
0.3712, 5339
0.3717, 5338
0.3723, 5337
0.3729, 5336
0.3735, 5335
0.3742, 5334
0.3749, 5333
0.3758, 5332
0.3768, 5331
0.3774, 5330
0.3780, 5329
0.3785, 5328
0.3792, 5327
0.3798, 5326
0.3804, 5325
0.3810, 5324
0.3816, 5323
0.3827, 5322
0.3836, 5321
0.3845, 5320
0.3853, 5319
0.3859, 5318
0.3865, 5317
0.3870, 5316
0.3878, 5315
0.3885, 5314
0.3892, 5313
0.3898, 5312
0.3906, 5311
0.3913, 5310
0.3919, 5309
0.3925, 5308
0.3935, 5307
0.3942, 5306
0.3948, 5305
0.3953, 5304
0.3960, 5303
0.3966, 5302
0.3972, 5301
0.3977, 5300
0.3984, 5299
0.3990, 5298
0.3996, 5297
0.4001, 5296
0.4009, 5295
0.4016, 5294
0.4021, 5293
0.4027, 5292
0.4035, 5291
0.4041, 5290
0.4048, 5289
0.4057, 5288
0.4063, 5287
0.4068, 5286
0.4075, 5285
0.4080, 5284
0.4087, 5283
0.4093, 5282
0.4098, 5281
0.4104, 5280
0.4110, 5279
0.4115, 5278
0.4121, 5277
0.4127, 5276
0.4134, 5275
0.4141, 5274
0.4149, 5273
0.4155, 5272
0.4160, 5271
0.4166, 5270
0.4173, 5269
0.4180, 5268
0.4185, 5267
0.4190, 5266
0.4196, 5265
0.4204, 5264
0.4211, 5263
0.4218, 5262
0.4224, 5261
0.4229, 5260
0.4237, 5259
0.4243, 5258
0.4249, 5257
0.4257, 5256
0.4264, 5255
0.4271, 5254
0.4281, 5253
0.4289, 5252
0.4296, 5251
0.4307, 5250
0.4312, 5249
0.4318, 5248
0.4325, 5247
0.4332, 5246
0.4338, 5245
0.4344, 5244
0.4351, 5243
0.4356, 5242
0.4361, 5241
0.4368, 5240
0.4374, 5239
0.4379, 5238
0.4385, 5237
0.4394, 5236
0.4399, 5235
0.4405, 5234
0.4411, 5233
0.4416, 5232
0.4424, 5231
0.4430, 5230
0.4435, 5229
0.4441, 5228
0.4448, 5227
0.4456, 5226
0.4462, 5225
0.4468, 5224
0.4478, 5223
0.4487, 5222
0.4494, 5221
0.4502, 5220
0.4509, 5219
0.4514, 5218
0.4520, 5217
0.4526, 5216
0.4533, 5215
0.4540, 5214
0.4546, 5213
0.4554, 5212
0.4561, 5211
0.4569, 5210
0.4577, 5209
0.4583, 5208
0.4590, 5207
0.4599, 5206
0.4607, 5205
0.4613, 5204
0.4621, 5203
0.4628, 5202
0.4635, 5201
0.4641, 5200
0.4649, 5199
0.4656, 5198
0.4663, 5197
0.4670, 5196
0.4676, 5195
0.4684, 5194
0.4689, 5193
0.4695, 5192
0.4701, 5191
0.4707, 5190
0.4715, 5189
0.4720, 5188
0.4725, 5187
0.4731, 5186
0.4738, 5185
0.4744, 5184
0.4750, 5183
0.4758, 5182
0.4765, 5181
0.4773, 5180
0.4783, 5179
0.4789, 5178
0.4798, 5177
0.4805, 5176
0.4811, 5175
0.4820, 5174
0.4827, 5173
0.4835, 5172
0.4840, 5171
0.4847, 5170
0.4852, 5169
0.4860, 5168
0.4866, 5167
0.4871, 5166
0.4878, 5165
0.4886, 5164
0.4892, 5163
0.4899, 5162
0.4905, 5161
0.4915, 5160
0.4923, 5159
0.4930, 5158
0.4937, 5157
0.4943, 5156
0.4948, 5155
0.4955, 5154
0.4961, 5153
0.4970, 5152
0.4977, 5151
0.4982, 5150
0.4989, 5149
0.4996, 5148
0.5002, 5147
0.5007, 5146
0.5012, 5145
0.5017, 5144
0.5024, 5143
0.5030, 5142
0.5035, 5141
0.5041, 5140
0.5047, 5139
0.5053, 5138
0.5060, 5137
0.5068, 5136
0.5074, 5135
0.5082, 5134
0.5088, 5133
0.5094, 5132
0.5099, 5131
0.5106, 5130
0.5113, 5129
0.5120, 5128
0.5127, 5127
0.5134, 5126
0.5142, 5125
0.5148, 5124
0.5153, 5123
0.5159, 5122
0.5164, 5121
0.5172, 5120
0.5177, 5119
0.5183, 5118
0.5188, 5117
0.5193, 5116
0.5198, 5115
0.5204, 5114
0.5213, 5113
0.5220, 5112
0.5227, 5111
0.5235, 5110
0.5241, 5109
0.5246, 5108
0.5251, 5107
0.5257, 5106
0.5263, 5105
0.5269, 5104
0.5276, 5103
0.5283, 5102
0.5289, 5101
0.5298, 5100
0.5305, 5099
0.5312, 5098
0.5320, 5097
0.5325, 5096
0.5333, 5095
0.5339, 5094
0.5344, 5093
0.5351, 5092
0.5357, 5091
0.5364, 5090
0.5369, 5089
0.5376, 5088
0.5384, 5087
0.5393, 5086
0.5399, 5085
0.5405, 5084
0.5411, 5083
0.5419, 5082
0.5425, 5081
0.5430, 5080
0.5437, 5079
0.5443, 5078
0.5449, 5077
0.5456, 5076
0.5461, 5075
0.5469, 5074
0.5476, 5073
0.5483, 5072
0.5489, 5071
0.5494, 5070
0.5499, 5069
0.5507, 5068
0.5516, 5067
0.5522, 5066
0.5530, 5065
0.5537, 5064
0.5547, 5063
0.5553, 5062
0.5560, 5061
0.5565, 5060
0.5573, 5059
0.5579, 5058
0.5585, 5057
0.5590, 5056
0.5596, 5055
0.5603, 5054
0.5610, 5053
0.5617, 5052
0.5623, 5051
0.5629, 5050
0.5635, 5049
0.5642, 5048
0.5650, 5047
0.5656, 5046
0.5666, 5045
0.5672, 5044
0.5678, 5043
0.5684, 5042
0.5689, 5041
0.5699, 5040
0.5704, 5039
0.5711, 5038
0.5719, 5037
0.5725, 5036
0.5730, 5035
0.5738, 5034
0.5745, 5033
0.5751, 5032
0.5758, 5031
0.5767, 5030
0.5774, 5029
0.5782, 5028
0.5788, 5027
0.5795, 5026
0.5801, 5025
0.5807, 5024
0.5814, 5023
0.5819, 5022
0.5826, 5021
0.5833, 5020
0.5843, 5019
0.5852, 5018
0.5857, 5017
0.5862, 5016
0.5867, 5015
0.5877, 5014
0.5884, 5013
0.5891, 5012
0.5898, 5011
0.5905, 5010
0.5912, 5009
0.5918, 5008
0.5924, 5007
0.5930, 5006
0.5939, 5005
0.5944, 5004
0.5952, 5003
0.5958, 5002
0.5964, 5001
0.5973, 5000
0.5979, 4999
0.5988, 4998
0.5994, 4997
0.5999, 4996
0.6006, 4995
0.6011, 4994
0.6017, 4993
0.6024, 4992
0.6030, 4991
0.6037, 4990
0.6044, 4989
0.6054, 4988
0.6061, 4987
0.6067, 4986
0.6073, 4985
0.6079, 4984
0.6086, 4983
0.6092, 4982
0.6099, 4981
0.6107, 4980
0.6116, 4979
0.6121, 4978
0.6127, 4977
0.6134, 4976
0.6143, 4975
0.6153, 4974
0.6158, 4973
0.6164, 4972
0.6171, 4971
0.6178, 4970
0.6183, 4969
0.6191, 4968
0.6197, 4967
0.6204, 4966
0.6211, 4965
0.6217, 4964
0.6223, 4963
0.6228, 4962
0.6236, 4961
0.6243, 4960
0.6248, 4959
0.6254, 4958
0.6259, 4957
0.6265, 4956
0.6273, 4955
0.6278, 4954
0.6284, 4953
0.6290, 4952
0.6298, 4951
0.6307, 4950
0.6315, 4949
0.6326, 4948
0.6332, 4947
0.6338, 4946
0.6347, 4945
0.6352, 4944
0.6358, 4943
0.6363, 4942
0.6368, 4941
0.6374, 4940
0.6379, 4939
0.6386, 4938
0.6391, 4937
0.6397, 4936
0.6404, 4935
0.6413, 4934
0.6421, 4933
0.6427, 4932
0.6432, 4931
0.6438, 4930
0.6445, 4929
0.6451, 4928
0.6456, 4927
0.6463, 4926
0.6470, 4925
0.6476, 4924
0.6482, 4923
0.6490, 4922
0.6496, 4921
0.6502, 4920
0.6508, 4919
0.6518, 4918
0.6527, 4917
0.6532, 4916
0.6541, 4915
0.6546, 4914
0.6552, 4913
0.6557, 4912
0.6562, 4911
0.6568, 4910
0.6573, 4909
0.6582, 4908
0.6588, 4907
0.6593, 4906
0.6600, 4905
0.6605, 4904
0.6610, 4903
0.6616, 4902
0.6623, 4901
0.6628, 4900
0.6638, 4899
0.6645, 4898
0.6650, 4897
0.6656, 4896
0.6661, 4895
0.6667, 4894
0.6674, 4893
0.6679, 4892
0.6687, 4891
0.6695, 4890
0.6702, 4889
0.6707, 4888
0.6713, 4887
0.6718, 4886
0.6725, 4885
0.6730, 4884
0.6736, 4883
0.6742, 4882
0.6748, 4881
0.6753, 4880
0.6760, 4879
0.6768, 4878
0.6774, 4877
0.6779, 4876
0.6787, 4875
0.6792, 4874
0.6798, 4873
0.6804, 4872
0.6812, 4871
0.6820, 4870
0.6827, 4869
0.6835, 4868
0.6841, 4867
0.6846, 4866
0.6851, 4865
0.6860, 4864
0.6868, 4863
0.6874, 4862
0.6879, 4861
0.6887, 4860
0.6893, 4859
0.6901, 4858
0.6906, 4857
0.6914, 4856
0.6922, 4855
0.6928, 4854
0.6938, 4853
0.6944, 4852
0.6949, 4851
0.6955, 4850
0.6964, 4849
0.6970, 4848
0.6977, 4847
0.6982, 4846
0.6987, 4845
0.6995, 4844
0.7000, 4843
0.7005, 4842
0.7010, 4841
0.7017, 4840
0.7024, 4839
0.7034, 4838
0.7042, 4837
0.7049, 4836
0.7053, 4835
0.7059, 4834
0.7065, 4833
0.7071, 4832
0.7077, 4831
0.7086, 4830
0.7092, 4829
0.7098, 4828
0.7104, 4827
0.7114, 4826
0.7122, 4825
0.7127, 4824
0.7134, 4823
0.7140, 4822
0.7145, 4821
0.7152, 4820
0.7157, 4819
0.7163, 4818
0.7168, 4817
0.7173, 4816
0.7179, 4815
0.7184, 4814
0.7193, 4813
0.7202, 4812
0.7208, 4811
0.7213, 4810
0.7222, 4809
0.7227, 4808
0.7232, 4807
0.7237, 4806
0.7242, 4805
0.7250, 4804
0.7259, 4803
0.7263, 4802
0.7269, 4801
0.7276, 4800
0.7282, 4799
0.7287, 4798
0.7292, 4797
0.7298, 4796
0.7304, 4795
0.7311, 4794
0.7319, 4793
0.7324, 4792
0.7332, 4791
0.7337, 4790
0.7345, 4789
0.7350, 4788
0.7357, 4787
0.7362, 4786
0.7367, 4785
0.7373, 4784
0.7378, 4783
0.7385, 4782
0.7391, 4781
0.7399, 4780
0.7408, 4779
0.7413, 4778
0.7421, 4777
0.7427, 4776
0.7433, 4775
0.7438, 4774
0.7448, 4773
0.7454, 4772
0.7461, 4771
0.7466, 4770
0.7472, 4769
0.7481, 4768
0.7487, 4767
0.7492, 4766
0.7497, 4765
0.7506, 4764
0.7515, 4763
0.7520, 4762
0.7527, 4761
0.7531, 4760
0.7537, 4759
0.7548, 4758
0.7554, 4757
0.7560, 4756
0.7568, 4755
0.7573, 4754
0.7578, 4753
0.7583, 4752
0.7588, 4751
0.7596, 4750
0.7601, 4749
0.7607, 4748
0.7612, 4747
0.7622, 4746
0.7627, 4745
0.7636, 4744
0.7644, 4743
0.7653, 4742
0.7660, 4741
0.7666, 4740
0.7671, 4739
0.7677, 4738
0.7682, 4737
0.7688, 4736
0.7696, 4735
0.7701, 4734
0.7708, 4733
0.7713, 4732
0.7718, 4731
0.7727, 4730
0.7732, 4729
0.7737, 4728
0.7743, 4727
0.7751, 4726
0.7759, 4725
0.7767, 4724
0.7776, 4723
0.7781, 4722
0.7789, 4721
0.7797, 4720
0.7802, 4719
0.7807, 4718
0.7812, 4717
0.7820, 4716
0.7828, 4715
0.7835, 4714
0.7844, 4713
0.7848, 4712
0.7856, 4711
0.7864, 4710
0.7873, 4709
0.7880, 4708
0.7888, 4707
0.7894, 4706
0.7903, 4705
0.7909, 4704
0.7917, 4703
0.7926, 4702
0.7935, 4701
0.7943, 4700
0.7952, 4699
0.7960, 4698
0.7967, 4697
0.7974, 4696
0.7982, 4695
0.7990, 4694
0.7999, 4693
0.8007, 4692
0.8016, 4691
0.8025, 4690
0.9688, 4689
1.2311, 4688
1.2547, 4687
1.3518, 4686
1.7070, 4685
1.7076, 4684
1.7710, 4683
1.8965, 4682
2.0846, 4681
2.2488, 4680
2.3085, 4679
2.4879, 4678
2.5484, 4677
2.6687, 4676
2.9519, 4675
2.9768, 4674
3.1054, 4673
3.2883, 4672
3.2890, 4671
3.3709, 4670
3.4516, 4669
3.4924, 4668
3.6312, 4667
3.7134, 4666
3.7141, 4665
3.7741, 4664
3.7942, 4663
4.2483, 4662
4.3279, 4661
4.7976, 4660
4.8374, 4659
5.0013, 4658
5.0611, 4657
5.2012, 4656
5.5679, 4655
6.0192, 4654
6.0200, 4653
6.0205, 4652
6.6322, 4651
6.7522, 4650
6.8977, 4649
7.5545, 4648
7.6975, 4647
7.7827, 4646
8.0498, 4645
8.0900, 4644
8.1505, 4643
8.1511, 4642
8.1929, 4641
8.7533, 4640
8.8136, 4639
8.8145, 4638
9.1106, 4637
9.1922, 4636
9.4410, 4635
9.6753, 4634
9.7202, 4633
