0.0000, 5900
0.0005, 5899
0.0013, 5898
0.0018, 5897
0.0028, 5896
0.0036, 5895
0.0043, 5894
0.0049, 5893
0.0058, 5892
0.0063, 5891
0.0072, 5890
0.0077, 5889
0.0082, 5888
0.0087, 5887
0.0097, 5886
0.0106, 5885
0.0112, 5884
0.0125, 5883
0.0131, 5882
0.0142, 5881
0.0147, 5880
0.0157, 5879
0.0166, 5878
0.0175, 5877
0.0180, 5876
0.0186, 5875
0.0191, 5874
0.0197, 5873
0.0208, 5872
0.0213, 5871
0.0219, 5870
0.0224, 5869
0.0231, 5868
0.0236, 5867
0.0241, 5866
0.0247, 5865
0.0256, 5864
0.0263, 5863
0.0269, 5862
0.0275, 5861
0.0281, 5860
0.0287, 5859
0.0292, 5858
0.0298, 5857
0.0304, 5856
0.0310, 5855
0.0315, 5854
0.0321, 5853
0.0326, 5852
0.0336, 5851
0.0345, 5850
0.0351, 5849
0.0356, 5848
0.0363, 5847
0.0369, 5846
0.0374, 5845
0.0382, 5844
0.0387, 5843
0.0392, 5842
0.0397, 5841
0.0405, 5840
0.0412, 5839
0.0417, 5838
0.0422, 5837
0.0429, 5836
0.0435, 5835
0.0442, 5834
0.0447, 5833
0.0454, 5832
0.0460, 5831
0.0465, 5830
0.0473, 5829
0.0478, 5828
0.0484, 5827
0.0490, 5826
0.0499, 5825
0.0504, 5824
0.0510, 5823
0.0518, 5822
0.0523, 5821
0.0529, 5820
0.0534, 5819
0.0539, 5818
0.0545, 5817
0.0553, 5816
0.0559, 5815
0.0569, 5814
0.0578, 5813
0.0585, 5812
0.0591, 5811
0.0601, 5810
0.0607, 5809
0.0613, 5808
0.0620, 5807
0.0625, 5806
0.0633, 5805
0.0639, 5804
0.0644, 5803
0.0649, 5802
0.0655, 5801
0.0660, 5800
0.0669, 5799
0.0674, 5798
0.0681, 5797
0.0687, 5796
0.0693, 5795
0.0698, 5794
0.0706, 5793
0.0711, 5792
0.0717, 5791
0.0722, 5790
0.0728, 5789
0.0733, 5788
0.0739, 5787
0.0744, 5786
0.0757, 5785
0.0768, 5784
0.0776, 5783
0.0781, 5782
0.0786, 5781
0.0792, 5780
0.0799, 5779
0.0807, 5778
0.0813, 5777
0.0821, 5776
0.0828, 5775
0.0834, 5774
0.0841, 5773
0.0852, 5772
0.0858, 5771
0.0870, 5770
0.0876, 5769
0.0882, 5768
0.0889, 5767
0.0895, 5766
0.0902, 5765
0.0910, 5764
0.0915, 5763
0.0921, 5762
0.0926, 5761
0.0932, 5760
0.0941, 5759
0.0947, 5758
0.0953, 5757
0.0958, 5756
0.0963, 5755
0.0968, 5754
0.0977, 5753
0.0983, 5752
0.0989, 5751
0.0994, 5750
0.1000, 5749
0.1008, 5748
0.1014, 5747
0.1019, 5746
0.1028, 5745
0.1039, 5744
0.1044, 5743
0.1050, 5742
0.1056, 5741
0.1066, 5740
0.1071, 5739
0.1077, 5738
0.1083, 5737
0.1088, 5736
0.1093, 5735
0.1099, 5734
0.1104, 5733
0.1110, 5732
0.1116, 5731
0.1121, 5730
0.1127, 5729
0.1132, 5728
0.1138, 5727
0.1143, 5726
0.1149, 5725
0.1156, 5724
0.1163, 5723
0.1173, 5722
0.1180, 5721
0.1186, 5720
0.1193, 5719
0.1201, 5718
0.1211, 5717
0.1219, 5716
0.1228, 5715
0.1239, 5714
0.1244, 5713
0.1250, 5712
0.1256, 5711
0.1262, 5710
0.1267, 5709
0.1276, 5708
0.1283, 5707
0.1290, 5706
0.1295, 5705
0.1301, 5704
0.1306, 5703
0.1312, 5702
0.1317, 5701
0.1324, 5700
0.1334, 5699
0.1339, 5698
0.1345, 5697
0.1350, 5696
0.1361, 5695
0.1369, 5694
0.1375, 5693
0.1381, 5692
0.1386, 5691
0.1391, 5690
0.1397, 5689
0.1404, 5688
0.1410, 5687
0.1415, 5686
0.1425, 5685
0.1431, 5684
0.1437, 5683
0.1443, 5682
0.1449, 5681
0.1455, 5680
0.1461, 5679
0.1467, 5678
0.1473, 5677
0.1479, 5676
0.1485, 5675
0.1491, 5674
0.1496, 5673
0.1502, 5672
0.1508, 5671
0.1513, 5670
0.1520, 5669
0.1526, 5668
0.1532, 5667
0.1537, 5666
0.1543, 5665
0.1549, 5664
0.1555, 5663
0.1560, 5662
0.1570, 5661
0.1576, 5660
0.1585, 5659
0.1591, 5658
0.1603, 5657
0.1613, 5656
0.1621, 5655
0.1628, 5654
0.1636, 5653
0.1642, 5652
0.1649, 5651
0.1654, 5650
0.1660, 5649
0.1665, 5648
0.1673, 5647
0.1679, 5646
0.1685, 5645
0.1692, 5644
0.1698, 5643
0.1704, 5642
0.1709, 5641
0.1716, 5640
0.1725, 5639
0.1733, 5638
0.1739, 5637
0.1745, 5636
0.1752, 5635
0.1763, 5634
0.1769, 5633
0.1779, 5632
0.1788, 5631
0.1794, 5630
0.1804, 5629
0.1812, 5628
0.1819, 5627
0.1829, 5626
0.1838, 5625
0.1845, 5624
0.1853, 5623
0.1859, 5622
0.1865, 5621
0.1872, 5620
0.1879, 5619
0.1888, 5618
0.1894, 5617
0.1900, 5616
0.1906, 5615
0.1913, 5614
0.1922, 5613
0.1928, 5612
0.1933, 5611
0.1939, 5610
0.1947, 5609
0.1953, 5608
0.1959, 5607
0.1965, 5606
0.1970, 5605
0.1977, 5604
0.1982, 5603
0.1988, 5602
0.1993, 5601
0.1999, 5600
0.2004, 5599
0.2010, 5598
0.2015, 5597
0.2020, 5596
0.2026, 5595
0.2035, 5594
0.2041, 5593
0.2051, 5592
0.2057, 5591
0.2065, 5590
0.2073, 5589
0.2081, 5588
0.2088, 5587
0.2094, 5586
0.2099, 5585
0.2107, 5584
0.2116, 5583
0.2123, 5582
0.2129, 5581
0.2135, 5580
0.2141, 5579
0.2148, 5578
0.2155, 5577
0.2165, 5576
0.2171, 5575
0.2176, 5574
0.2184, 5573
0.2190, 5572
0.2195, 5571
0.2203, 5570
0.2212, 5569
0.2218, 5568
0.2227, 5567
0.2233, 5566
0.2238, 5565
0.2244, 5564
0.2252, 5563
0.2263, 5562
0.2270, 5561
0.2276, 5560
0.2282, 5559
0.2287, 5558
0.2292, 5557
0.2303, 5556
0.2309, 5555
0.2314, 5554
0.2320, 5553
0.2329, 5552
0.2335, 5551
0.2341, 5550
0.2348, 5549
0.2354, 5548
0.2360, 5547
0.2367, 5546
0.2373, 5545
0.2378, 5544
0.2384, 5543
0.2390, 5542
0.2397, 5541
0.2403, 5540
0.2409, 5539
0.2414, 5538
0.2420, 5537
0.2426, 5536
0.2431, 5535
0.2438, 5534
0.2447, 5533
0.2452, 5532
0.2458, 5531
0.2464, 5530
0.2470, 5529
0.2476, 5528
0.2481, 5527
0.2486, 5526
0.2494, 5525
0.2501, 5524
0.2508, 5523
0.2517, 5522
0.2527, 5521
0.2536, 5520
0.2543, 5519
0.2550, 5518
0.2555, 5517
0.2562, 5516
0.2568, 5515
0.2576, 5514
0.2581, 5513
0.2587, 5512
0.2593, 5511
0.2599, 5510
0.2604, 5509
0.2611, 5508
0.2617, 5507
0.2624, 5506
0.2629, 5505
0.2635, 5504
0.2641, 5503
0.2650, 5502
0.2656, 5501
0.2662, 5500
0.2668, 5499
0.2678, 5498
0.2685, 5497
0.2691, 5496
0.2697, 5495
0.2704, 5494
0.2711, 5493
0.2717, 5492
0.2723, 5491
0.2733, 5490
0.2741, 5489
0.2747, 5488
0.2753, 5487
0.2758, 5486
0.2764, 5485
0.2773, 5484
0.2779, 5483
0.2785, 5482
0.2795, 5481
0.2801, 5480
0.2806, 5479
0.2812, 5478
0.2818, 5477
0.2824, 5476
0.2831, 5475
0.2836, 5474
0.2844, 5473
0.2850, 5472
0.2856, 5471
0.2862, 5470
0.2868, 5469
0.2874, 5468
0.2880, 5467
0.2886, 5466
0.2896, 5465
0.2902, 5464
0.2907, 5463
0.2913, 5462
0.2919, 5461
0.2925, 5460
0.2931, 5459
0.2937, 5458
0.2943, 5457
0.2949, 5456
0.2957, 5455
0.2964, 5454
0.2970, 5453
0.2977, 5452
0.2982, 5451
0.2990, 5450
0.2996, 5449
0.3003, 5448
0.3009, 5447
0.3015, 5446
0.3020, 5445
0.3026, 5444
0.3036, 5443
0.3042, 5442
0.3048, 5441
0.3054, 5440
0.3060, 5439
0.3067, 5438
0.3076, 5437
0.3084, 5436
0.3090, 5435
0.3096, 5434
0.3102, 5433
0.3108, 5432
0.3119, 5431
0.3125, 5430
0.3130, 5429
0.3137, 5428
0.3142, 5427
0.3149, 5426
0.3159, 5425
0.3165, 5424
0.3171, 5423
0.3178, 5422
0.3185, 5421
0.3192, 5420
0.3202, 5419
0.3208, 5418
0.3214, 5417
0.3224, 5416
0.3230, 5415
0.3237, 5414
0.3243, 5413
0.3248, 5412
0.3255, 5411
0.3260, 5410
0.3266, 5409
0.3271, 5408
0.3277, 5407
0.3284, 5406
0.3291, 5405
0.3300, 5404
0.3308, 5403
0.3316, 5402
0.3321, 5401
0.3327, 5400
0.3335, 5399
0.3343, 5398
0.3351, 5397
0.3357, 5396
0.3364, 5395
0.3372, 5394
0.3380, 5393
0.3386, 5392
0.3394, 5391
0.3399, 5390
0.3405, 5389
0.3411, 5388
0.3418, 5387
0.3423, 5386
0.3432, 5385
0.3437, 5384
0.3445, 5383
0.3451, 5382
0.3459, 5381
0.3465, 5380
0.3471, 5379
0.3477, 5378
0.3485, 5377
0.3491, 5376
0.3497, 5375
0.3504, 5374
0.3510, 5373
0.3517, 5372
0.3522, 5371
0.3529, 5370
0.3536, 5369
0.3544, 5368
0.3551, 5367
0.3556, 5366
0.3564, 5365
0.3570, 5364
0.3577, 5363
0.3587, 5362
0.3594, 5361
0.3601, 5360
0.3608, 5359
0.3615, 5358
0.3621, 5357
0.3632, 5356
0.3638, 5355
0.3645, 5354
0.3651, 5353
0.3658, 5352
0.3664, 5351
0.3672, 5350
0.3678, 5349
0.3684, 5348
0.3690, 5347
0.3697, 5346
0.3705, 5345
0.3714, 5344
0.3720, 5343
0.3727, 5342
0.3733, 5341
0.3739, 5340
0.3745, 5339
0.3750, 5338
0.3757, 5337
0.3763, 5336
0.3769, 5335
0.3776, 5334
0.3783, 5333
0.3792, 5332
0.3802, 5331
0.3807, 5330
0.3814, 5329
0.3819, 5328
0.3825, 5327
0.3832, 5326
0.3838, 5325
0.3843, 5324
0.3849, 5323
0.3860, 5322
0.3869, 5321
0.3879, 5320
0.3887, 5319
0.3893, 5318
0.3899, 5317
0.3904, 5316
0.3912, 5315
0.3920, 5314
0.3926, 5313
0.3932, 5312
0.3940, 5311
0.3947, 5310
0.3953, 5309
0.3959, 5308
0.3969, 5307
0.3976, 5306
0.3982, 5305
0.3988, 5304
0.3994, 5303
0.4000, 5302
0.4006, 5301
0.4012, 5300
0.4018, 5299
0.4024, 5298
0.4030, 5297
0.4036, 5296
0.4043, 5295
0.4051, 5294
0.4056, 5293
0.4062, 5292
0.4070, 5291
0.4077, 5290
0.4084, 5289
0.4092, 5288
0.4099, 5287
0.4104, 5286
0.4111, 5285
0.4116, 5284
0.4124, 5283
0.4130, 5282
0.4135, 5281
0.4141, 5280
0.4146, 5279
0.4152, 5278
0.4158, 5277
0.4165, 5276
0.4172, 5275
0.4179, 5274
0.4188, 5273
0.4194, 5272
0.4199, 5271
0.4205, 5270
0.4212, 5269
0.4218, 5268
0.4224, 5267
0.4229, 5266
0.4236, 5265
0.4243, 5264
0.4250, 5263
0.4256, 5262
0.4262, 5261
0.4268, 5260
0.4276, 5259
0.4282, 5258
0.4288, 5257
0.4295, 5256
0.4302, 5255
0.4309, 5254
0.4318, 5253
0.4326, 5252
0.4334, 5251
0.4345, 5250
0.4350, 5249
0.4356, 5248
0.4362, 5247
0.4369, 5246
0.4376, 5245
0.4382, 5244
0.4389, 5243
0.4394, 5242
0.4400, 5241
0.4407, 5240
0.4413, 5239
0.4418, 5238
0.4424, 5237
0.4433, 5236
0.4439, 5235
0.4445, 5234
0.4451, 5233
0.4456, 5232
0.4464, 5231
0.4470, 5230
0.4475, 5229
0.4481, 5228
0.4488, 5227
0.4496, 5226
0.4502, 5225
0.4507, 5224
0.4517, 5223
0.4526, 5222
0.4533, 5221
0.4541, 5220
0.4548, 5219
0.4553, 5218
0.4559, 5217
0.4565, 5216
0.4572, 5215
0.4579, 5214
0.4585, 5213
0.4593, 5212
0.4600, 5211
0.4608, 5210
0.4616, 5209
0.4622, 5208
0.4629, 5207
0.4637, 5206
0.4645, 5205
0.4652, 5204
0.4660, 5203
0.4666, 5202
0.4673, 5201
0.4680, 5200
0.4687, 5199
0.4694, 5198
0.4701, 5197
0.4708, 5196
0.4714, 5195
0.4723, 5194
0.4729, 5193
0.4734, 5192
0.4740, 5191
0.4746, 5190
0.4754, 5189
0.4759, 5188
0.4765, 5187
0.4771, 5186
0.4777, 5185
0.4783, 5184
0.4789, 5183
0.4797, 5182
0.4804, 5181
0.4812, 5180
0.4822, 5179
0.4828, 5178
0.4837, 5177
0.4843, 5176
0.4850, 5175
0.4859, 5174
0.4866, 5173
0.4874, 5172
0.4879, 5171
0.4886, 5170
0.4891, 5169
0.4899, 5168
0.4905, 5167
0.4911, 5166
0.4918, 5165
0.4926, 5164
0.4932, 5163
0.4939, 5162
0.4945, 5161
0.4955, 5160
0.4963, 5159
0.4970, 5158
0.4977, 5157
0.4983, 5156
0.4988, 5155
0.4995, 5154
0.5002, 5153
0.5011, 5152
0.5018, 5151
0.5024, 5150
0.5031, 5149
0.5037, 5148
0.5044, 5147
0.5049, 5146
0.5054, 5145
0.5059, 5144
0.5066, 5143
0.5072, 5142
0.5077, 5141
0.5083, 5140
0.5089, 5139
0.5095, 5138
0.5102, 5137
0.5110, 5136
0.5116, 5135
0.5123, 5134
0.5129, 5133
0.5135, 5132
0.5141, 5131
0.5148, 5130
0.5155, 5129
0.5161, 5128
0.5168, 5127
0.5175, 5126
0.5183, 5125
0.5189, 5124
0.5194, 5123
0.5201, 5122
0.5206, 5121
0.5214, 5120
0.5219, 5119
0.5225, 5118
0.5230, 5117
0.5235, 5116
0.5240, 5115
0.5246, 5114
0.5255, 5113
0.5262, 5112
0.5270, 5111
0.5278, 5110
0.5284, 5109
0.5289, 5108
0.5295, 5107
0.5300, 5106
0.5307, 5105
0.5313, 5104
0.5320, 5103
0.5328, 5102
0.5334, 5101
0.5343, 5100
0.5349, 5099
0.5356, 5098
0.5364, 5097
0.5369, 5096
0.5377, 5095
0.5382, 5094
0.5388, 5093
0.5395, 5092
0.5401, 5091
0.5408, 5090
0.5413, 5089
0.5420, 5088
0.5428, 5087
0.5437, 5086
0.5443, 5085
0.5448, 5084
0.5455, 5083
0.5462, 5082
0.5468, 5081
0.5473, 5080
0.5480, 5079
0.5486, 5078
0.5492, 5077
0.5498, 5076
0.5504, 5075
0.5511, 5074
0.5518, 5073
0.5525, 5072
0.5531, 5071
0.5536, 5070
0.5541, 5069
0.5549, 5068
0.5558, 5067
0.5565, 5066
0.5572, 5065
0.5579, 5064
0.5590, 5063
0.5596, 5062
0.5603, 5061
0.5608, 5060
0.5616, 5059
0.5623, 5058
0.5628, 5057
0.5634, 5056
0.5639, 5055
0.5646, 5054
0.5653, 5053
0.5660, 5052
0.5666, 5051
0.5671, 5050
0.5677, 5049
0.5683, 5048
0.5691, 5047
0.5697, 5046
0.5708, 5045
0.5714, 5044
0.5720, 5043
0.5726, 5042
0.5732, 5041
0.5741, 5040
0.5747, 5039
0.5753, 5038
0.5761, 5037
0.5767, 5036
0.5772, 5035
0.5780, 5034
0.5787, 5033
0.5793, 5032
0.5800, 5031
0.5809, 5030
0.5815, 5029
0.5824, 5028
0.5830, 5027
0.5837, 5026
0.5843, 5025
0.5849, 5024
0.5856, 5023
0.5861, 5022
0.5868, 5021
0.5875, 5020
0.5885, 5019
0.5894, 5018
0.5899, 5017
0.5905, 5016
0.5910, 5015
0.5919, 5014
0.5926, 5013
0.5933, 5012
0.5940, 5011
0.5946, 5010
0.5953, 5009
0.5959, 5008
0.5964, 5007
0.5970, 5006
0.5979, 5005
0.5984, 5004
0.5992, 5003
0.5998, 5002
0.6004, 5001
0.6013, 5000
0.6019, 4999
0.6027, 4998
0.6033, 4997
0.6039, 4996
0.6045, 4995
0.6050, 4994
0.6056, 4993
0.6064, 4992
0.6069, 4991
0.6076, 4990
0.6084, 4989
0.6093, 4988
0.6100, 4987
0.6106, 4986
0.6112, 4985
0.6119, 4984
0.6126, 4983
0.6132, 4982
0.6139, 4981
0.6147, 4980
0.6156, 4979
0.6161, 4978
0.6166, 4977
0.6173, 4976
0.6183, 4975
0.6192, 4974
0.6197, 4973
0.6203, 4972
0.6210, 4971
0.6217, 4970
0.6222, 4969
0.6230, 4968
0.6237, 4967
0.6243, 4966
0.6250, 4965
0.6256, 4964
0.6261, 4963
0.6266, 4962
0.6274, 4961
0.6281, 4960
0.6286, 4959
0.6291, 4958
0.6297, 4957
0.6302, 4956
0.6310, 4955
0.6315, 4954
0.6321, 4953
0.6327, 4952
0.6334, 4951
0.6343, 4950
0.6352, 4949
0.6362, 4948
0.6368, 4947
0.6374, 4946
0.6383, 4945
0.6388, 4944
0.6394, 4943
0.6399, 4942
0.6404, 4941
0.6410, 4940
0.6415, 4939
0.6422, 4938
0.6427, 4937
0.6433, 4936
0.6440, 4935
0.6449, 4934
0.6457, 4933
0.6463, 4932
0.6468, 4931
0.6474, 4930
0.6481, 4929
0.6487, 4928
0.6492, 4927
0.6499, 4926
0.6506, 4925
0.6512, 4924
0.6518, 4923
0.6526, 4922
0.6532, 4921
0.6538, 4920
0.6544, 4919
0.6553, 4918
0.6561, 4917
0.6567, 4916
0.6575, 4915
0.6580, 4914
0.6586, 4913
0.6590, 4912
0.6595, 4911
0.6601, 4910
0.6606, 4909
0.6615, 4908
0.6620, 4907
0.6626, 4906
0.6632, 4905
0.6637, 4904
0.6642, 4903
0.6648, 4902
0.6655, 4901
0.6660, 4900
0.6669, 4899
0.6676, 4898
0.6681, 4897
0.6686, 4896
0.6691, 4895
0.6698, 4894
0.6704, 4893
0.6709, 4892
0.6718, 4891
0.6725, 4890
0.6732, 4889
0.6737, 4888
0.6743, 4887
0.6748, 4886
0.6754, 4885
0.6760, 4884
0.6766, 4883
0.6771, 4882
0.6777, 4881
0.6783, 4880
0.6789, 4879
0.6797, 4878
0.6803, 4877
0.6808, 4876
0.6815, 4875
0.6821, 4874
0.6826, 4873
0.6832, 4872
0.6839, 4871
0.6847, 4870
0.6854, 4869
0.6862, 4868
0.6868, 4867
0.6873, 4866
0.6878, 4865
0.6887, 4864
0.6895, 4863
0.6901, 4862
0.6906, 4861
0.6914, 4860
0.6920, 4859
0.6928, 4858
0.6933, 4857
0.6941, 4856
0.6949, 4855
0.6955, 4854
0.6965, 4853
0.6971, 4852
0.6976, 4851
0.6982, 4850
0.6991, 4849
0.6997, 4848
0.7004, 4847
0.7009, 4846
0.7014, 4845
0.7022, 4844
0.7027, 4843
0.7032, 4842
0.7037, 4841
0.7044, 4840
0.7051, 4839
0.7060, 4838
0.7067, 4837
0.7074, 4836
0.7079, 4835
0.7084, 4834
0.7090, 4833
0.7096, 4832
0.7102, 4831
0.7111, 4830
0.7116, 4829
0.7122, 4828
0.7129, 4827
0.7138, 4826
0.7146, 4825
0.7151, 4824
0.7158, 4823
0.7163, 4822
0.7169, 4821
0.7175, 4820
0.7180, 4819
0.7186, 4818
0.7192, 4817
0.7197, 4816
0.7202, 4815
0.7207, 4814
0.7216, 4813
0.7225, 4812
0.7231, 4811
0.7236, 4810
0.7245, 4809
0.7250, 4808
0.7255, 4807
0.7259, 4806
0.7264, 4805
0.7273, 4804
0.7282, 4803
0.7286, 4802
0.7292, 4801
0.7299, 4800
0.7305, 4799
0.7310, 4798
0.7315, 4797
0.7321, 4796
0.7327, 4795
0.7333, 4794
0.7340, 4793
0.7345, 4792
0.7353, 4791
0.7358, 4790
0.7366, 4789
0.7371, 4788
0.7378, 4787
0.7383, 4786
0.7388, 4785
0.7394, 4784
0.7399, 4783
0.7406, 4782
0.7411, 4781
0.7420, 4780
0.7428, 4779
0.7433, 4778
0.7441, 4777
0.7447, 4776
0.7452, 4775
0.7457, 4774
0.7467, 4773
0.7472, 4772
0.7480, 4771
0.7485, 4770
0.7491, 4769
0.7499, 4768
0.7505, 4767
0.7510, 4766
0.7515, 4765
0.7525, 4764
0.7533, 4763
0.7539, 4762
0.7545, 4761
0.7550, 4760
0.7556, 4759
0.7567, 4758
0.7574, 4757
0.7579, 4756
0.7587, 4755
0.7592, 4754
0.7598, 4753
0.7603, 4752
0.7608, 4751
0.7616, 4750
0.7622, 4749
0.7627, 4748
0.7633, 4747
0.7642, 4746
0.7648, 4745
0.7656, 4744
0.7663, 4743
0.7672, 4742
0.7680, 4741
0.7685, 4740
0.7691, 4739
0.7696, 4738
0.7701, 4737
0.7708, 4736
0.7716, 4735
0.7721, 4734
0.7727, 4733
0.7733, 4732
0.7738, 4731
0.7746, 4730
0.7751, 4729
0.7756, 4728
0.7762, 4727
0.7770, 4726
0.7778, 4725
0.7786, 4724
0.7795, 4723
0.7800, 4722
0.7808, 4721
0.7816, 4720
0.7821, 4719
0.7826, 4718
0.7831, 4717
0.7839, 4716
0.7847, 4715
0.7854, 4714
0.7862, 4713
0.7867, 4712
0.7875, 4711
0.7882, 4710
0.7892, 4709
0.7898, 4708
0.7907, 4707
0.7913, 4706
0.7921, 4705
0.7928, 4704
0.7935, 4703
0.7944, 4702
0.7953, 4701
0.7960, 4700
0.7970, 4699
0.7977, 4698
0.7984, 4697
0.7991, 4696
0.8000, 4695
0.8007, 4694
0.8016, 4693
0.8025, 4692
0.8034, 4691
0.8043, 4690
0.9670, 4689
1.2029, 4688
1.2621, 4687
1.3410, 4686
1.6523, 4685
1.6527, 4684
1.7314, 4683
1.8290, 4682
2.0050, 4681
2.1623, 4680
2.2216, 4679
2.3788, 4678
2.4186, 4677
2.5744, 4676
2.8682, 4675
2.8690, 4674
2.9677, 4673
3.1443, 4672
3.1450, 4671
3.2449, 4670
3.3438, 4669
3.3835, 4668
3.5007, 4667
3.5984, 4666
3.5992, 4665
3.5996, 4664
3.6581, 4663
4.1085, 4662
4.1878, 4661
4.6377, 4660
4.6772, 4659
4.8149, 4658
4.8934, 4657
4.9922, 4656
5.2864, 4655
5.6794, 4654
5.7579, 4653
5.7584, 4652
6.2880, 4651
6.4288, 4650
6.5872, 4649
7.2511, 4648
7.2519, 4647
7.3680, 4646
7.6413, 4645
7.6811, 4644
7.7401, 4643
7.7407, 4642
7.8181, 4641
8.2257, 4640
8.3239, 4639
8.3643, 4638
8.5981, 4637
8.6960, 4636
8.9692, 4635
9.1455, 4634
9.2444, 4633
9.4994, 4632
9.6735, 4631
9.8920, 4630
9.9318, 4629
