0.1682, 4688
0.2040, 4687
0.2166, 4685
0.3778, 4684
0.5808, 4682
0.5938, 4677
0.7163, 4676
0.7823, 4670
0.8495, 4669
0.8877, 4664
0.9880, 4661
1.0376, 4660
1.1846, 4659
1.2461, 4658
1.4430, 4657
1.6890, 4656
1.7015, 4655
1.7628, 4653
1.8613, 4652
1.8859, 4651
1.8985, 4650
1.9847, 4649
2.0582, 4648
2.0709, 4647
2.1573, 4646
2.1820, 4645
2.2432, 4644
2.3048, 4642
2.4536, 4641
2.4786, 4640
2.6263, 4638
2.7130, 4635
2.9100, 4633
2.9532, 4632
3.2541, 4630
3.4017, 4629
3.4771, 4626
3.5262, 4625
3.8582, 4624
4.2025, 4623
4.3508, 4622
4.5589, 4621
4.6817, 4619
4.9653, 4618
4.9777, 4617
5.0514, 4616
5.1987, 4615
5.2363, 4613
5.3238, 4612
5.5590, 4611
5.6038, 4610
5.8941, 4609
6.0539, 4607
6.0785, 4606
6.1770, 4605
6.4478, 4604
6.6227, 4603
6.7226, 4602
6.8471, 4601
7.0593, 4599
7.1717, 4598
7.5531, 4597
7.5780, 4596
7.6280, 4595
7.6657, 4594
7.7032, 4593
7.7160, 4592
7.8027, 4591
7.8887, 4590
8.0254, 4588
8.0566, 4587
8.0760, 4586
8.9520, 4585
9.1552, 4584
9.2972, 4583
9.4828, 4582
9.6565, 4581
9.6692, 4580
9.7210, 4579
9.8638, 4578
10.7060, 4577
10.9372, 4575
11.0056, 4574
11.0184, 4573
11.0918, 4572
11.2804, 4570
11.5554, 4569
12.0100, 4568
12.6911, 4567
