0.1077, 4688
0.1369, 4687
0.2089, 4686
0.2389, 4685
0.2790, 4684
0.2895, 4683
0.3000, 4682
0.3105, 4681
0.3511, 4678
0.4017, 4676
0.4329, 4675
0.4432, 4674
0.5750, 4671
0.6059, 4670
0.7163, 4669
0.8683, 4667
0.8991, 4666
0.9896, 4664
1.0099, 4660
1.0407, 4656
1.0617, 4654
1.0927, 4653
1.1130, 4652
1.1552, 4651
1.2055, 4650
1.2358, 4649
1.3409, 4648
1.3860, 4647
1.6796, 4646
1.7001, 4645
1.7906, 4644
1.8110, 4642
1.8313, 4640
1.8520, 4639
2.0421, 4638
2.0525, 4636
2.2751, 4635
2.3359, 4634
2.4304, 4633
2.5760, 4631
2.6501, 4630
2.6752, 4626
2.7767, 4625
2.7870, 4624
2.7971, 4623
2.8075, 4622
2.9479, 4621
2.9988, 4620
3.1181, 4619
3.3643, 4616
3.3856, 4615
3.4698, 4614
3.6224, 4612
3.6330, 4611
3.7147, 4610
3.7451, 4609
3.7658, 4608
3.8681, 4607
3.9195, 4606
4.0114, 4604
4.0728, 4603
4.0934, 4602
4.1241, 4600
4.1751, 4599
4.2263, 4598
4.2365, 4597
4.6104, 4596
4.7746, 4595
4.7857, 4594
4.9287, 4593
5.0123, 4589
5.0538, 4588
5.2371, 4586
5.2978, 4585
5.3285, 4584
5.4797, 4582
5.5004, 4581
5.6026, 4580
6.1726, 4579
6.2247, 4578
6.6468, 4577
6.8401, 4576
7.5429, 4575
7.6189, 4574
7.9260, 4572
8.7359, 4571
8.7774, 4570
9.1024, 4569
9.1229, 4568
9.3869, 4567
9.6609, 4566
