0.0000, 5900
0.0005, 5899
0.0012, 5898
0.0018, 5897
0.0028, 5896
0.0035, 5895
0.0042, 5894
0.0049, 5893
0.0057, 5892
0.0063, 5891
0.0071, 5890
0.0076, 5889
0.0081, 5888
0.0087, 5887
0.0096, 5886
0.0106, 5885
0.0112, 5884
0.0124, 5883
0.0131, 5882
0.0142, 5881
0.0147, 5880
0.0156, 5879
0.0165, 5878
0.0175, 5877
0.0180, 5876
0.0185, 5875
0.0190, 5874
0.0196, 5873
0.0207, 5872
0.0212, 5871
0.0218, 5870
0.0223, 5869
0.0229, 5868
0.0235, 5867
0.0240, 5866
0.0245, 5865
0.0254, 5864
0.0262, 5863
0.0267, 5862
0.0273, 5861
0.0279, 5860
0.0285, 5859
0.0290, 5858
0.0295, 5857
0.0301, 5856
0.0307, 5855
0.0313, 5854
0.0318, 5853
0.0323, 5852
0.0334, 5851
0.0343, 5850
0.0348, 5849
0.0353, 5848
0.0360, 5847
0.0366, 5846
0.0371, 5845
0.0378, 5844
0.0384, 5843
0.0389, 5842
0.0394, 5841
0.0401, 5840
0.0409, 5839
0.0414, 5838
0.0419, 5837
0.0426, 5836
0.0432, 5835
0.0438, 5834
0.0444, 5833
0.0451, 5832
0.0456, 5831
0.0461, 5830
0.0469, 5829
0.0474, 5828
0.0479, 5827
0.0486, 5826
0.0495, 5825
0.0500, 5824
0.0505, 5823
0.0513, 5822
0.0519, 5821
0.0524, 5820
0.0529, 5819
0.0535, 5818
0.0540, 5817
0.0549, 5816
0.0554, 5815
0.0564, 5814
0.0574, 5813
0.0581, 5812
0.0587, 5811
0.0596, 5810
0.0603, 5809
0.0609, 5808
0.0615, 5807
0.0620, 5806
0.0629, 5805
0.0634, 5804
0.0639, 5803
0.0644, 5802
0.0650, 5801
0.0655, 5800
0.0664, 5799
0.0669, 5798
0.0676, 5797
0.0682, 5796
0.0688, 5795
0.0694, 5794
0.0701, 5793
0.0706, 5792
0.0712, 5791
0.0718, 5790
0.0723, 5789
0.0728, 5788
0.0734, 5787
0.0739, 5786
0.0752, 5785
0.0762, 5784
0.0770, 5783
0.0776, 5782
0.0781, 5781
0.0786, 5780
0.0793, 5779
0.0801, 5778
0.0807, 5777
0.0815, 5776
0.0822, 5775
0.0828, 5774
0.0835, 5773
0.0846, 5772
0.0852, 5771
0.0864, 5770
0.0870, 5769
0.0876, 5768
0.0883, 5767
0.0889, 5766
0.0896, 5765
0.0904, 5764
0.0909, 5763
0.0914, 5762
0.0920, 5761
0.0926, 5760
0.0935, 5759
0.0941, 5758
0.0946, 5757
0.0951, 5756
0.0956, 5755
0.0961, 5754
0.0970, 5753
0.0977, 5752
0.0982, 5751
0.0987, 5750
0.0992, 5749
0.1001, 5748
0.1007, 5747
0.1012, 5746
0.1021, 5745
0.1032, 5744
0.1038, 5743
0.1043, 5742
0.1048, 5741
0.1058, 5740
0.1064, 5739
0.1070, 5738
0.1076, 5737
0.1081, 5736
0.1087, 5735
0.1092, 5734
0.1098, 5733
0.1104, 5732
0.1109, 5731
0.1115, 5730
0.1121, 5729
0.1126, 5728
0.1132, 5727
0.1137, 5726
0.1143, 5725
0.1150, 5724
0.1157, 5723
0.1167, 5722
0.1174, 5721
0.1179, 5720
0.1187, 5719
0.1195, 5718
0.1204, 5717
0.1212, 5716
0.1222, 5715
0.1232, 5714
0.1237, 5713
0.1243, 5712
0.1249, 5711
0.1255, 5710
0.1260, 5709
0.1269, 5708
0.1276, 5707
0.1282, 5706
0.1287, 5705
0.1293, 5704
0.1298, 5703
0.1304, 5702
0.1309, 5701
0.1316, 5700
0.1326, 5699
0.1331, 5698
0.1337, 5697
0.1342, 5696
0.1353, 5695
0.1361, 5694
0.1367, 5693
0.1373, 5692
0.1378, 5691
0.1384, 5690
0.1389, 5689
0.1396, 5688
0.1402, 5687
0.1407, 5686
0.1417, 5685
0.1422, 5684
0.1428, 5683
0.1434, 5682
0.1440, 5681
0.1446, 5680
0.1452, 5679
0.1458, 5678
0.1465, 5677
0.1471, 5676
0.1476, 5675
0.1482, 5674
0.1487, 5673
0.1493, 5672
0.1499, 5671
0.1505, 5670
0.1511, 5669
0.1517, 5668
0.1523, 5667
0.1529, 5666
0.1535, 5665
0.1540, 5664
0.1546, 5663
0.1552, 5662
0.1562, 5661
0.1568, 5660
0.1576, 5659
0.1582, 5658
0.1594, 5657
0.1604, 5656
0.1613, 5655
0.1619, 5654
0.1627, 5653
0.1633, 5652
0.1639, 5651
0.1645, 5650
0.1650, 5649
0.1656, 5648
0.1663, 5647
0.1669, 5646
0.1675, 5645
0.1682, 5644
0.1688, 5643
0.1694, 5642
0.1700, 5641
0.1707, 5640
0.1714, 5639
0.1723, 5638
0.1729, 5637
0.1735, 5636
0.1742, 5635
0.1752, 5634
0.1758, 5633
0.1769, 5632
0.1777, 5631
0.1783, 5630
0.1793, 5629
0.1802, 5628
0.1808, 5627
0.1819, 5626
0.1827, 5625
0.1833, 5624
0.1842, 5623
0.1848, 5622
0.1854, 5621
0.1861, 5620
0.1867, 5619
0.1877, 5618
0.1883, 5617
0.1889, 5616
0.1894, 5615
0.1901, 5614
0.1910, 5613
0.1916, 5612
0.1921, 5611
0.1927, 5610
0.1935, 5609
0.1941, 5608
0.1947, 5607
0.1953, 5606
0.1958, 5605
0.1965, 5604
0.1970, 5603
0.1976, 5602
0.1981, 5601
0.1987, 5600
0.1992, 5599
0.1998, 5598
0.2003, 5597
0.2008, 5596
0.2014, 5595
0.2023, 5594
0.2029, 5593
0.2038, 5592
0.2044, 5591
0.2052, 5590
0.2060, 5589
0.2068, 5588
0.2075, 5587
0.2081, 5586
0.2086, 5585
0.2093, 5584
0.2103, 5583
0.2110, 5582
0.2116, 5581
0.2122, 5580
0.2129, 5579
0.2135, 5578
0.2142, 5577
0.2152, 5576
0.2158, 5575
0.2164, 5574
0.2171, 5573
0.2177, 5572
0.2182, 5571
0.2190, 5570
0.2198, 5569
0.2204, 5568
0.2213, 5567
0.2219, 5566
0.2224, 5565
0.2231, 5564
0.2238, 5563
0.2249, 5562
0.2256, 5561
0.2261, 5560
0.2267, 5559
0.2272, 5558
0.2278, 5557
0.2288, 5556
0.2294, 5555
0.2300, 5554
0.2306, 5553
0.2315, 5552
0.2321, 5551
0.2327, 5550
0.2333, 5549
0.2339, 5548
0.2346, 5547
0.2352, 5546
0.2359, 5545
0.2364, 5544
0.2369, 5543
0.2375, 5542
0.2382, 5541
0.2388, 5540
0.2394, 5539
0.2399, 5538
0.2405, 5537
0.2410, 5536
0.2416, 5535
0.2423, 5534
0.2431, 5533
0.2437, 5532
0.2443, 5531
0.2448, 5530
0.2454, 5529
0.2460, 5528
0.2466, 5527
0.2471, 5526
0.2479, 5525
0.2485, 5524
0.2492, 5523
0.2501, 5522
0.2511, 5521
0.2520, 5520
0.2527, 5519
0.2533, 5518
0.2538, 5517
0.2545, 5516
0.2551, 5515
0.2559, 5514
0.2564, 5513
0.2570, 5512
0.2576, 5511
0.2582, 5510
0.2587, 5509
0.2594, 5508
0.2599, 5507
0.2607, 5506
0.2612, 5505
0.2618, 5504
0.2623, 5503
0.2633, 5502
0.2638, 5501
0.2644, 5500
0.2650, 5499
0.2660, 5498
0.2666, 5497
0.2673, 5496
0.2679, 5495
0.2685, 5494
0.2692, 5493
0.2698, 5492
0.2704, 5491
0.2714, 5490
0.2722, 5489
0.2727, 5488
0.2733, 5487
0.2738, 5486
0.2744, 5485
0.2753, 5484
0.2759, 5483
0.2765, 5482
0.2774, 5481
0.2781, 5480
0.2786, 5479
0.2792, 5478
0.2797, 5477
0.2804, 5476
0.2810, 5475
0.2816, 5474
0.2823, 5473
0.2830, 5472
0.2836, 5471
0.2842, 5470
0.2848, 5469
0.2854, 5468
0.2859, 5467
0.2865, 5466
0.2875, 5465
0.2881, 5464
0.2887, 5463
0.2892, 5462
0.2899, 5461
0.2904, 5460
0.2911, 5459
0.2917, 5458
0.2922, 5457
0.2928, 5456
0.2937, 5455
0.2943, 5454
0.2949, 5453
0.2956, 5452
0.2961, 5451
0.2968, 5450
0.2973, 5449
0.2980, 5448
0.2986, 5447
0.2992, 5446
0.2998, 5445
0.3004, 5444
0.3014, 5443
0.3020, 5442
0.3026, 5441
0.3031, 5440
0.3038, 5439
0.3044, 5438
0.3053, 5437
0.3061, 5436
0.3067, 5435
0.3073, 5434
0.3079, 5433
0.3085, 5432
0.3095, 5431
0.3100, 5430
0.3106, 5429
0.3113, 5428
0.3118, 5427
0.3125, 5426
0.3134, 5425
0.3140, 5424
0.3147, 5423
0.3154, 5422
0.3160, 5421
0.3167, 5420
0.3177, 5419
0.3182, 5418
0.3188, 5417
0.3198, 5416
0.3204, 5415
0.3210, 5414
0.3216, 5413
0.3222, 5412
0.3228, 5411
0.3233, 5410
0.3239, 5409
0.3244, 5408
0.3249, 5407
0.3256, 5406
0.3264, 5405
0.3272, 5404
0.3280, 5403
0.3288, 5402
0.3293, 5401
0.3299, 5400
0.3306, 5399
0.3315, 5398
0.3322, 5397
0.3328, 5396
0.3335, 5395
0.3343, 5394
0.3351, 5393
0.3357, 5392
0.3365, 5391
0.3370, 5390
0.3375, 5389
0.3381, 5388
0.3388, 5387
0.3393, 5386
0.3402, 5385
0.3408, 5384
0.3415, 5383
0.3421, 5382
0.3429, 5381
0.3436, 5380
0.3441, 5379
0.3447, 5378
0.3454, 5377
0.3461, 5376
0.3467, 5375
0.3473, 5374
0.3480, 5373
0.3486, 5372
0.3492, 5371
0.3499, 5370
0.3505, 5369
0.3513, 5368
0.3520, 5367
0.3525, 5366
0.3533, 5365
0.3539, 5364
0.3546, 5363
0.3556, 5362
0.3562, 5361
0.3570, 5360
0.3577, 5359
0.3583, 5358
0.3590, 5357
0.3601, 5356
0.3606, 5355
0.3613, 5354
0.3619, 5353
0.3626, 5352
0.3632, 5351
0.3640, 5350
0.3647, 5349
0.3653, 5348
0.3658, 5347
0.3665, 5346
0.3673, 5345
0.3682, 5344
0.3687, 5343
0.3695, 5342
0.3701, 5341
0.3706, 5340
0.3713, 5339
0.3718, 5338
0.3724, 5337
0.3730, 5336
0.3736, 5335
0.3742, 5334
0.3749, 5333
0.3758, 5332
0.3768, 5331
0.3774, 5330
0.3780, 5329
0.3785, 5328
0.3792, 5327
0.3798, 5326
0.3804, 5325
0.3809, 5324
0.3815, 5323
0.3826, 5322
0.3835, 5321
0.3845, 5320
0.3852, 5319
0.3858, 5318
0.3864, 5317
0.3869, 5316
0.3877, 5315
0.3884, 5314
0.3891, 5313
0.3897, 5312
0.3905, 5311
0.3912, 5310
0.3918, 5309
0.3924, 5308
0.3933, 5307
0.3941, 5306
0.3947, 5305
0.3952, 5304
0.3959, 5303
0.3965, 5302
0.3971, 5301
0.3976, 5300
0.3983, 5299
0.3988, 5298
0.3994, 5297
0.4000, 5296
0.4007, 5295
0.4015, 5294
0.4020, 5293
0.4026, 5292
0.4034, 5291
0.4041, 5290
0.4047, 5289
0.4056, 5288
0.4062, 5287
0.4067, 5286
0.4074, 5285
0.4079, 5284
0.4087, 5283
0.4092, 5282
0.4098, 5281
0.4104, 5280
0.4110, 5279
0.4115, 5278
0.4121, 5277
0.4128, 5276
0.4135, 5275
0.4142, 5274
0.4150, 5273
0.4156, 5272
0.4161, 5271
0.4167, 5270
0.4174, 5269
0.4180, 5268
0.4186, 5267
0.4191, 5266
0.4197, 5265
0.4205, 5264
0.4211, 5263
0.4218, 5262
0.4224, 5261
0.4230, 5260
0.4238, 5259
0.4243, 5258
0.4249, 5257
0.4256, 5256
0.4263, 5255
0.4270, 5254
0.4280, 5253
0.4288, 5252
0.4295, 5251
0.4306, 5250
0.4311, 5249
0.4317, 5248
0.4324, 5247
0.4330, 5246
0.4337, 5245
0.4343, 5244
0.4350, 5243
0.4355, 5242
0.4361, 5241
0.4368, 5240
0.4373, 5239
0.4379, 5238
0.4385, 5237
0.4394, 5236
0.4399, 5235
0.4405, 5234
0.4412, 5233
0.4417, 5232
0.4424, 5231
0.4430, 5230
0.4436, 5229
0.4442, 5228
0.4448, 5227
0.4457, 5226
0.4462, 5225
0.4468, 5224
0.4477, 5223
0.4486, 5222
0.4493, 5221
0.4501, 5220
0.4508, 5219
0.4514, 5218
0.4519, 5217
0.4526, 5216
0.4533, 5215
0.4540, 5214
0.4546, 5213
0.4553, 5212
0.4560, 5211
0.4568, 5210
0.4577, 5209
0.4583, 5208
0.4590, 5207
0.4598, 5206
0.4605, 5205
0.4612, 5204
0.4620, 5203
0.4626, 5202
0.4633, 5201
0.4640, 5200
0.4647, 5199
0.4654, 5198
0.4661, 5197
0.4668, 5196
0.4674, 5195
0.4683, 5194
0.4688, 5193
0.4694, 5192
0.4700, 5191
0.4706, 5190
0.4713, 5189
0.4719, 5188
0.4724, 5187
0.4730, 5186
0.4736, 5185
0.4742, 5184
0.4748, 5183
0.4756, 5182
0.4763, 5181
0.4771, 5180
0.4780, 5179
0.4786, 5178
0.4795, 5177
0.4801, 5176
0.4808, 5175
0.4817, 5174
0.4824, 5173
0.4832, 5172
0.4837, 5171
0.4844, 5170
0.4849, 5169
0.4857, 5168
0.4863, 5167
0.4869, 5166
0.4876, 5165
0.4884, 5164
0.4890, 5163
0.4897, 5162
0.4904, 5161
0.4914, 5160
0.4921, 5159
0.4928, 5158
0.4935, 5157
0.4941, 5156
0.4947, 5155
0.4954, 5154
0.4960, 5153
0.4969, 5152
0.4976, 5151
0.4982, 5150
0.4989, 5149
0.4995, 5148
0.5001, 5147
0.5007, 5146
0.5012, 5145
0.5017, 5144
0.5024, 5143
0.5030, 5142
0.5036, 5141
0.5041, 5140
0.5047, 5139
0.5053, 5138
0.5060, 5137
0.5068, 5136
0.5074, 5135
0.5082, 5134
0.5088, 5133
0.5093, 5132
0.5099, 5131
0.5106, 5130
0.5113, 5129
0.5120, 5128
0.5126, 5127
0.5134, 5126
0.5141, 5125
0.5147, 5124
0.5152, 5123
0.5158, 5122
0.5164, 5121
0.5171, 5120
0.5177, 5119
0.5182, 5118
0.5187, 5117
0.5193, 5116
0.5198, 5115
0.5204, 5114
0.5213, 5113
0.5220, 5112
0.5228, 5111
0.5236, 5110
0.5241, 5109
0.5247, 5108
0.5252, 5107
0.5257, 5106
0.5264, 5105
0.5270, 5104
0.5277, 5103
0.5285, 5102
0.5290, 5101
0.5300, 5100
0.5306, 5099
0.5313, 5098
0.5322, 5097
0.5327, 5096
0.5335, 5095
0.5340, 5094
0.5346, 5093
0.5353, 5092
0.5359, 5091
0.5366, 5090
0.5371, 5089
0.5378, 5088
0.5386, 5087
0.5395, 5086
0.5401, 5085
0.5407, 5084
0.5413, 5083
0.5421, 5082
0.5427, 5081
0.5432, 5080
0.5439, 5079
0.5445, 5078
0.5451, 5077
0.5457, 5076
0.5463, 5075
0.5470, 5074
0.5477, 5073
0.5484, 5072
0.5490, 5071
0.5495, 5070
0.5500, 5069
0.5508, 5068
0.5518, 5067
0.5524, 5066
0.5531, 5065
0.5539, 5064
0.5549, 5063
0.5555, 5062
0.5562, 5061
0.5567, 5060
0.5575, 5059
0.5581, 5058
0.5587, 5057
0.5593, 5056
0.5598, 5055
0.5605, 5054
0.5612, 5053
0.5619, 5052
0.5625, 5051
0.5630, 5050
0.5636, 5049
0.5642, 5048
0.5650, 5047
0.5656, 5046
0.5666, 5045
0.5673, 5044
0.5678, 5043
0.5685, 5042
0.5690, 5041
0.5699, 5040
0.5705, 5039
0.5711, 5038
0.5720, 5037
0.5725, 5036
0.5730, 5035
0.5738, 5034
0.5745, 5033
0.5752, 5032
0.5758, 5031
0.5767, 5030
0.5774, 5029
0.5782, 5028
0.5788, 5027
0.5795, 5026
0.5801, 5025
0.5807, 5024
0.5814, 5023
0.5819, 5022
0.5826, 5021
0.5833, 5020
0.5844, 5019
0.5853, 5018
0.5858, 5017
0.5863, 5016
0.5869, 5015
0.5878, 5014
0.5885, 5013
0.5892, 5012
0.5899, 5011
0.5906, 5010
0.5913, 5009
0.5918, 5008
0.5924, 5007
0.5930, 5006
0.5939, 5005
0.5944, 5004
0.5952, 5003
0.5958, 5002
0.5964, 5001
0.5974, 5000
0.5980, 4999
0.5988, 4998
0.5994, 4997
0.6000, 4996
0.6006, 4995
0.6012, 4994
0.6018, 4993
0.6025, 4992
0.6031, 4991
0.6039, 4990
0.6046, 4989
0.6056, 4988
0.6063, 4987
0.6069, 4986
0.6076, 4985
0.6082, 4984
0.6089, 4983
0.6096, 4982
0.6103, 4981
0.6111, 4980
0.6120, 4979
0.6125, 4978
0.6131, 4977
0.6138, 4976
0.6148, 4975
0.6157, 4974
0.6163, 4973
0.6168, 4972
0.6176, 4971
0.6182, 4970
0.6188, 4969
0.6196, 4968
0.6203, 4967
0.6209, 4966
0.6216, 4965
0.6222, 4964
0.6227, 4963
0.6233, 4962
0.6240, 4961
0.6248, 4960
0.6253, 4959
0.6258, 4958
0.6263, 4957
0.6269, 4956
0.6277, 4955
0.6282, 4954
0.6288, 4953
0.6294, 4952
0.6302, 4951
0.6311, 4950
0.6319, 4949
0.6330, 4948
0.6336, 4947
0.6342, 4946
0.6351, 4945
0.6356, 4944
0.6362, 4943
0.6367, 4942
0.6372, 4941
0.6378, 4940
0.6383, 4939
0.6390, 4938
0.6395, 4937
0.6401, 4936
0.6408, 4935
0.6417, 4934
0.6426, 4933
0.6431, 4932
0.6437, 4931
0.6443, 4930
0.6450, 4929
0.6457, 4928
0.6462, 4927
0.6469, 4926
0.6476, 4925
0.6482, 4924
0.6488, 4923
0.6496, 4922
0.6502, 4921
0.6508, 4920
0.6514, 4919
0.6523, 4918
0.6532, 4917
0.6537, 4916
0.6546, 4915
0.6551, 4914
0.6556, 4913
0.6561, 4912
0.6566, 4911
0.6572, 4910
0.6577, 4909
0.6586, 4908
0.6591, 4907
0.6597, 4906
0.6603, 4905
0.6608, 4904
0.6614, 4903
0.6619, 4902
0.6626, 4901
0.6632, 4900
0.6641, 4899
0.6648, 4898
0.6653, 4897
0.6659, 4896
0.6664, 4895
0.6671, 4894
0.6677, 4893
0.6682, 4892
0.6691, 4891
0.6699, 4890
0.6706, 4889
0.6711, 4888
0.6717, 4887
0.6723, 4886
0.6729, 4885
0.6734, 4884
0.6740, 4883
0.6745, 4882
0.6751, 4881
0.6757, 4880
0.6763, 4879
0.6772, 4878
0.6778, 4877
0.6783, 4876
0.6791, 4875
0.6796, 4874
0.6802, 4873
0.6807, 4872
0.6815, 4871
0.6823, 4870
0.6830, 4869
0.6838, 4868
0.6844, 4867
0.6849, 4866
0.6854, 4865
0.6864, 4864
0.6872, 4863
0.6878, 4862
0.6883, 4861
0.6891, 4860
0.6897, 4859
0.6905, 4858
0.6911, 4857
0.6918, 4856
0.6927, 4855
0.6932, 4854
0.6943, 4853
0.6948, 4852
0.6954, 4851
0.6960, 4850
0.6969, 4849
0.6975, 4848
0.6982, 4847
0.6988, 4846
0.6993, 4845
0.7001, 4844
0.7006, 4843
0.7011, 4842
0.7016, 4841
0.7023, 4840
0.7030, 4839
0.7040, 4838
0.7047, 4837
0.7054, 4836
0.7058, 4835
0.7064, 4834
0.7070, 4833
0.7076, 4832
0.7082, 4831
0.7091, 4830
0.7096, 4829
0.7102, 4828
0.7109, 4827
0.7118, 4826
0.7126, 4825
0.7131, 4824
0.7139, 4823
0.7144, 4822
0.7150, 4821
0.7156, 4820
0.7161, 4819
0.7167, 4818
0.7173, 4817
0.7178, 4816
0.7183, 4815
0.7188, 4814
0.7197, 4813
0.7206, 4812
0.7213, 4811
0.7218, 4810
0.7227, 4809
0.7231, 4808
0.7236, 4807
0.7241, 4806
0.7247, 4805
0.7255, 4804
0.7264, 4803
0.7269, 4802
0.7274, 4801
0.7281, 4800
0.7287, 4799
0.7293, 4798
0.7298, 4797
0.7304, 4796
0.7310, 4795
0.7316, 4794
0.7323, 4793
0.7329, 4792
0.7336, 4791
0.7341, 4790
0.7349, 4789
0.7355, 4788
0.7361, 4787
0.7367, 4786
0.7372, 4785
0.7378, 4784
0.7383, 4783
0.7390, 4782
0.7396, 4781
0.7404, 4780
0.7412, 4779
0.7417, 4778
0.7425, 4777
0.7431, 4776
0.7436, 4775
0.7441, 4774
0.7451, 4773
0.7457, 4772
0.7464, 4771
0.7469, 4770
0.7475, 4769
0.7484, 4768
0.7490, 4767
0.7495, 4766
0.7500, 4765
0.7510, 4764
0.7518, 4763
0.7524, 4762
0.7530, 4761
0.7535, 4760
0.7541, 4759
0.7552, 4758
0.7558, 4757
0.7564, 4756
0.7572, 4755
0.7577, 4754
0.7583, 4753
0.7588, 4752
0.7593, 4751
0.7601, 4750
0.7607, 4749
0.7612, 4748
0.7618, 4747
0.7627, 4746
0.7633, 4745
0.7641, 4744
0.7648, 4743
0.7657, 4742
0.7664, 4741
0.7670, 4740
0.7676, 4739
0.7681, 4738
0.7686, 4737
0.7693, 4736
0.7701, 4735
0.7706, 4734
0.7712, 4733
0.7717, 4732
0.7722, 4731
0.7731, 4730
0.7736, 4729
0.7741, 4728
0.7747, 4727
0.7755, 4726
0.7762, 4725
0.7771, 4724
0.7780, 4723
0.7784, 4722
0.7792, 4721
0.7801, 4720
0.7806, 4719
0.7811, 4718
0.7817, 4717
0.7824, 4716
0.7832, 4715
0.7840, 4714
0.7848, 4713
0.7853, 4712
0.7861, 4711
0.7869, 4710
0.7878, 4709
0.7885, 4708
0.7893, 4707
0.7899, 4706
0.7907, 4705
0.7914, 4704
0.7921, 4703
0.7930, 4702
0.7939, 4701
0.7946, 4700
0.7955, 4699
0.7963, 4698
0.7970, 4697
0.7977, 4696
0.7986, 4695
0.7993, 4694
0.8002, 4693
0.8010, 4692
0.8020, 4691
0.8029, 4690
0.9655, 4689
1.2229, 4688
1.2234, 4687
1.3025, 4686
1.6177, 4685
1.6571, 4684
1.7167, 4683
1.8350, 4682
1.9545, 4681
2.1721, 4680
2.2315, 4679
2.3494, 4678
2.3895, 4677
2.5877, 4676
2.8848, 4675
2.8853, 4674
2.9856, 4673
3.2029, 4672
3.2229, 4671
3.2236, 4670
3.3434, 4669
3.4036, 4668
3.4824, 4667
3.6000, 4666
3.6397, 4665
3.6405, 4664
3.6799, 4663
4.1377, 4662
4.2167, 4661
4.6701, 4660
4.7102, 4659
4.8300, 4658
4.8899, 4657
5.0890, 4656
5.2681, 4655
5.7228, 4654
5.8223, 4653
5.8227, 4652
6.3365, 4651
6.4761, 4650
6.7138, 4649
7.2255, 4648
7.3844, 4647
7.4439, 4646
7.7025, 4645
7.7820, 4644
7.7825, 4643
7.7832, 4642
7.8230, 4641
8.2751, 4640
8.4132, 4639
8.4141, 4638
8.6910, 4637
8.8104, 4636
9.0661, 4635
9.2249, 4634
9.2654, 4633
9.5819, 4632
9.6807, 4631
