0.0000, 5900
0.0006, 5899
0.0013, 5898
0.0019, 5897
0.0029, 5896
0.0037, 5895
0.0045, 5894
0.0051, 5893
0.0061, 5892
0.0066, 5891
0.0074, 5890
0.0079, 5889
0.0085, 5888
0.0090, 5887
0.0099, 5886
0.0109, 5885
0.0115, 5884
0.0127, 5883
0.0134, 5882
0.0145, 5881
0.0151, 5880
0.0161, 5879
0.0169, 5878
0.0179, 5877
0.0184, 5876
0.0189, 5875
0.0194, 5874
0.0200, 5873
0.0211, 5872
0.0216, 5871
0.0221, 5870
0.0226, 5869
0.0233, 5868
0.0238, 5867
0.0244, 5866
0.0249, 5865
0.0258, 5864
0.0266, 5863
0.0272, 5862
0.0277, 5861
0.0284, 5860
0.0290, 5859
0.0295, 5858
0.0300, 5857
0.0306, 5856
0.0313, 5855
0.0318, 5854
0.0324, 5853
0.0329, 5852
0.0340, 5851
0.0348, 5850
0.0354, 5849
0.0359, 5848
0.0365, 5847
0.0371, 5846
0.0376, 5845
0.0384, 5844
0.0389, 5843
0.0394, 5842
0.0399, 5841
0.0407, 5840
0.0414, 5839
0.0419, 5838
0.0425, 5837
0.0432, 5836
0.0438, 5835
0.0444, 5834
0.0450, 5833
0.0457, 5832
0.0462, 5831
0.0467, 5830
0.0475, 5829
0.0480, 5828
0.0486, 5827
0.0492, 5826
0.0501, 5825
0.0506, 5824
0.0511, 5823
0.0519, 5822
0.0525, 5821
0.0530, 5820
0.0536, 5819
0.0541, 5818
0.0546, 5817
0.0555, 5816
0.0561, 5815
0.0570, 5814
0.0581, 5813
0.0587, 5812
0.0593, 5811
0.0603, 5810
0.0610, 5809
0.0616, 5808
0.0622, 5807
0.0627, 5806
0.0635, 5805
0.0641, 5804
0.0646, 5803
0.0651, 5802
0.0656, 5801
0.0661, 5800
0.0670, 5799
0.0675, 5798
0.0681, 5797
0.0687, 5796
0.0694, 5795
0.0699, 5794
0.0706, 5793
0.0711, 5792
0.0716, 5791
0.0722, 5790
0.0727, 5789
0.0733, 5788
0.0739, 5787
0.0744, 5786
0.0757, 5785
0.0768, 5784
0.0777, 5783
0.0782, 5782
0.0787, 5781
0.0792, 5780
0.0799, 5779
0.0807, 5778
0.0813, 5777
0.0821, 5776
0.0828, 5775
0.0834, 5774
0.0840, 5773
0.0851, 5772
0.0857, 5771
0.0869, 5770
0.0875, 5769
0.0880, 5768
0.0888, 5767
0.0893, 5766
0.0900, 5765
0.0908, 5764
0.0914, 5763
0.0920, 5762
0.0925, 5761
0.0931, 5760
0.0940, 5759
0.0946, 5758
0.0951, 5757
0.0956, 5756
0.0961, 5755
0.0966, 5754
0.0975, 5753
0.0982, 5752
0.0987, 5751
0.0992, 5750
0.0997, 5749
0.1005, 5748
0.1011, 5747
0.1016, 5746
0.1025, 5745
0.1036, 5744
0.1041, 5743
0.1047, 5742
0.1053, 5741
0.1063, 5740
0.1069, 5739
0.1075, 5738
0.1081, 5737
0.1086, 5736
0.1092, 5735
0.1098, 5734
0.1103, 5733
0.1109, 5732
0.1114, 5731
0.1120, 5730
0.1126, 5729
0.1131, 5728
0.1137, 5727
0.1142, 5726
0.1148, 5725
0.1155, 5724
0.1162, 5723
0.1172, 5722
0.1179, 5721
0.1184, 5720
0.1191, 5719
0.1199, 5718
0.1209, 5717
0.1218, 5716
0.1228, 5715
0.1238, 5714
0.1244, 5713
0.1250, 5712
0.1256, 5711
0.1262, 5710
0.1268, 5709
0.1276, 5708
0.1283, 5707
0.1289, 5706
0.1294, 5705
0.1300, 5704
0.1305, 5703
0.1311, 5702
0.1316, 5701
0.1323, 5700
0.1333, 5699
0.1338, 5698
0.1343, 5697
0.1349, 5696
0.1360, 5695
0.1368, 5694
0.1374, 5693
0.1380, 5692
0.1386, 5691
0.1392, 5690
0.1397, 5689
0.1404, 5688
0.1410, 5687
0.1416, 5686
0.1425, 5685
0.1431, 5684
0.1437, 5683
0.1444, 5682
0.1449, 5681
0.1455, 5680
0.1462, 5679
0.1467, 5678
0.1473, 5677
0.1479, 5676
0.1485, 5675
0.1491, 5674
0.1496, 5673
0.1501, 5672
0.1507, 5671
0.1513, 5670
0.1519, 5669
0.1525, 5668
0.1531, 5667
0.1537, 5666
0.1542, 5665
0.1548, 5664
0.1554, 5663
0.1559, 5662
0.1570, 5661
0.1576, 5660
0.1585, 5659
0.1591, 5658
0.1602, 5657
0.1612, 5656
0.1622, 5655
0.1628, 5654
0.1636, 5653
0.1642, 5652
0.1649, 5651
0.1654, 5650
0.1660, 5649
0.1666, 5648
0.1674, 5647
0.1679, 5646
0.1685, 5645
0.1692, 5644
0.1698, 5643
0.1704, 5642
0.1709, 5641
0.1716, 5640
0.1725, 5639
0.1734, 5638
0.1740, 5637
0.1746, 5636
0.1753, 5635
0.1764, 5634
0.1770, 5633
0.1780, 5632
0.1789, 5631
0.1795, 5630
0.1804, 5629
0.1813, 5628
0.1819, 5627
0.1830, 5626
0.1838, 5625
0.1845, 5624
0.1853, 5623
0.1859, 5622
0.1865, 5621
0.1872, 5620
0.1879, 5619
0.1889, 5618
0.1895, 5617
0.1901, 5616
0.1906, 5615
0.1913, 5614
0.1923, 5613
0.1928, 5612
0.1933, 5611
0.1939, 5610
0.1947, 5609
0.1953, 5608
0.1960, 5607
0.1965, 5606
0.1971, 5605
0.1977, 5604
0.1983, 5603
0.1988, 5602
0.1994, 5601
0.2000, 5600
0.2006, 5599
0.2011, 5598
0.2016, 5597
0.2021, 5596
0.2027, 5595
0.2036, 5594
0.2042, 5593
0.2052, 5592
0.2058, 5591
0.2066, 5590
0.2074, 5589
0.2083, 5588
0.2089, 5587
0.2095, 5586
0.2101, 5585
0.2108, 5584
0.2118, 5583
0.2124, 5582
0.2130, 5581
0.2135, 5580
0.2142, 5579
0.2149, 5578
0.2155, 5577
0.2165, 5576
0.2171, 5575
0.2177, 5574
0.2184, 5573
0.2190, 5572
0.2196, 5571
0.2203, 5570
0.2211, 5569
0.2217, 5568
0.2226, 5567
0.2232, 5566
0.2237, 5565
0.2244, 5564
0.2250, 5563
0.2262, 5562
0.2268, 5561
0.2274, 5560
0.2279, 5559
0.2285, 5558
0.2290, 5557
0.2300, 5556
0.2306, 5555
0.2312, 5554
0.2318, 5553
0.2326, 5552
0.2333, 5551
0.2339, 5550
0.2345, 5549
0.2351, 5548
0.2358, 5547
0.2364, 5546
0.2370, 5545
0.2375, 5544
0.2381, 5543
0.2386, 5542
0.2393, 5541
0.2399, 5540
0.2405, 5539
0.2410, 5538
0.2415, 5537
0.2421, 5536
0.2427, 5535
0.2433, 5534
0.2442, 5533
0.2447, 5532
0.2453, 5531
0.2458, 5530
0.2464, 5529
0.2470, 5528
0.2476, 5527
0.2481, 5526
0.2489, 5525
0.2495, 5524
0.2502, 5523
0.2511, 5522
0.2521, 5521
0.2530, 5520
0.2537, 5519
0.2543, 5518
0.2549, 5517
0.2556, 5516
0.2562, 5515
0.2570, 5514
0.2575, 5513
0.2581, 5512
0.2587, 5511
0.2592, 5510
0.2598, 5509
0.2604, 5508
0.2610, 5507
0.2617, 5506
0.2622, 5505
0.2628, 5504
0.2633, 5503
0.2642, 5502
0.2648, 5501
0.2654, 5500
0.2660, 5499
0.2669, 5498
0.2676, 5497
0.2683, 5496
0.2688, 5495
0.2695, 5494
0.2701, 5493
0.2707, 5492
0.2713, 5491
0.2723, 5490
0.2731, 5489
0.2737, 5488
0.2742, 5487
0.2747, 5486
0.2752, 5485
0.2762, 5484
0.2768, 5483
0.2773, 5482
0.2783, 5481
0.2789, 5480
0.2794, 5479
0.2799, 5478
0.2805, 5477
0.2811, 5476
0.2817, 5475
0.2823, 5474
0.2830, 5473
0.2836, 5472
0.2843, 5471
0.2849, 5470
0.2855, 5469
0.2860, 5468
0.2866, 5467
0.2872, 5466
0.2882, 5465
0.2887, 5464
0.2893, 5463
0.2898, 5462
0.2905, 5461
0.2911, 5460
0.2917, 5459
0.2923, 5458
0.2929, 5457
0.2935, 5456
0.2943, 5455
0.2950, 5454
0.2955, 5453
0.2962, 5452
0.2967, 5451
0.2975, 5450
0.2981, 5449
0.2988, 5448
0.2994, 5447
0.3001, 5446
0.3006, 5445
0.3012, 5444
0.3022, 5443
0.3028, 5442
0.3034, 5441
0.3040, 5440
0.3046, 5439
0.3053, 5438
0.3062, 5437
0.3069, 5436
0.3075, 5435
0.3081, 5434
0.3087, 5433
0.3093, 5432
0.3103, 5431
0.3109, 5430
0.3115, 5429
0.3121, 5428
0.3126, 5427
0.3133, 5426
0.3142, 5425
0.3148, 5424
0.3155, 5423
0.3162, 5422
0.3169, 5421
0.3176, 5420
0.3185, 5419
0.3191, 5418
0.3196, 5417
0.3207, 5416
0.3212, 5415
0.3219, 5414
0.3224, 5413
0.3230, 5412
0.3236, 5411
0.3241, 5410
0.3247, 5409
0.3252, 5408
0.3257, 5407
0.3264, 5406
0.3272, 5405
0.3281, 5404
0.3288, 5403
0.3298, 5402
0.3304, 5401
0.3311, 5400
0.3318, 5399
0.3327, 5398
0.3334, 5397
0.3340, 5396
0.3346, 5395
0.3355, 5394
0.3363, 5393
0.3369, 5392
0.3377, 5391
0.3382, 5390
0.3387, 5389
0.3394, 5388
0.3400, 5387
0.3406, 5386
0.3415, 5385
0.3420, 5384
0.3427, 5383
0.3434, 5382
0.3441, 5381
0.3448, 5380
0.3453, 5379
0.3459, 5378
0.3466, 5377
0.3473, 5376
0.3479, 5375
0.3485, 5374
0.3492, 5373
0.3498, 5372
0.3503, 5371
0.3510, 5370
0.3517, 5369
0.3524, 5368
0.3531, 5367
0.3536, 5366
0.3544, 5365
0.3550, 5364
0.3557, 5363
0.3567, 5362
0.3573, 5361
0.3581, 5360
0.3587, 5359
0.3594, 5358
0.3601, 5357
0.3611, 5356
0.3617, 5355
0.3623, 5354
0.3629, 5353
0.3636, 5352
0.3642, 5351
0.3650, 5350
0.3656, 5349
0.3662, 5348
0.3668, 5347
0.3674, 5346
0.3683, 5345
0.3691, 5344
0.3697, 5343
0.3704, 5342
0.3710, 5341
0.3716, 5340
0.3722, 5339
0.3727, 5338
0.3733, 5337
0.3740, 5336
0.3746, 5335
0.3753, 5334
0.3760, 5333
0.3769, 5332
0.3779, 5331
0.3784, 5330
0.3790, 5329
0.3795, 5328
0.3802, 5327
0.3808, 5326
0.3814, 5325
0.3819, 5324
0.3825, 5323
0.3835, 5322
0.3845, 5321
0.3854, 5320
0.3862, 5319
0.3868, 5318
0.3874, 5317
0.3879, 5316
0.3887, 5315
0.3894, 5314
0.3900, 5313
0.3906, 5312
0.3915, 5311
0.3922, 5310
0.3927, 5309
0.3934, 5308
0.3943, 5307
0.3950, 5306
0.3956, 5305
0.3961, 5304
0.3968, 5303
0.3974, 5302
0.3980, 5301
0.3985, 5300
0.3992, 5299
0.3997, 5298
0.4003, 5297
0.4009, 5296
0.4016, 5295
0.4023, 5294
0.4028, 5293
0.4034, 5292
0.4042, 5291
0.4049, 5290
0.4056, 5289
0.4064, 5288
0.4071, 5287
0.4076, 5286
0.4083, 5285
0.4088, 5284
0.4095, 5283
0.4101, 5282
0.4106, 5281
0.4112, 5280
0.4118, 5279
0.4123, 5278
0.4129, 5277
0.4135, 5276
0.4142, 5275
0.4149, 5274
0.4157, 5273
0.4163, 5272
0.4168, 5271
0.4174, 5270
0.4181, 5269
0.4187, 5268
0.4192, 5267
0.4198, 5266
0.4204, 5265
0.4211, 5264
0.4218, 5263
0.4224, 5262
0.4230, 5261
0.4235, 5260
0.4244, 5259
0.4250, 5258
0.4256, 5257
0.4263, 5256
0.4270, 5255
0.4277, 5254
0.4288, 5253
0.4295, 5252
0.4302, 5251
0.4313, 5250
0.4319, 5249
0.4324, 5248
0.4332, 5247
0.4339, 5246
0.4345, 5245
0.4351, 5244
0.4358, 5243
0.4363, 5242
0.4369, 5241
0.4376, 5240
0.4382, 5239
0.4387, 5238
0.4394, 5237
0.4403, 5236
0.4408, 5235
0.4415, 5234
0.4421, 5233
0.4426, 5232
0.4434, 5231
0.4439, 5230
0.4445, 5229
0.4451, 5228
0.4458, 5227
0.4466, 5226
0.4471, 5225
0.4477, 5224
0.4486, 5223
0.4495, 5222
0.4502, 5221
0.4510, 5220
0.4517, 5219
0.4523, 5218
0.4528, 5217
0.4535, 5216
0.4542, 5215
0.4549, 5214
0.4555, 5213
0.4562, 5212
0.4570, 5211
0.4578, 5210
0.4586, 5209
0.4592, 5208
0.4599, 5207
0.4607, 5206
0.4615, 5205
0.4622, 5204
0.4630, 5203
0.4636, 5202
0.4643, 5201
0.4650, 5200
0.4658, 5199
0.4665, 5198
0.4672, 5197
0.4679, 5196
0.4685, 5195
0.4693, 5194
0.4699, 5193
0.4704, 5192
0.4710, 5191
0.4716, 5190
0.4723, 5189
0.4729, 5188
0.4734, 5187
0.4740, 5186
0.4746, 5185
0.4752, 5184
0.4758, 5183
0.4766, 5182
0.4773, 5181
0.4781, 5180
0.4790, 5179
0.4796, 5178
0.4804, 5177
0.4811, 5176
0.4817, 5175
0.4826, 5174
0.4833, 5173
0.4841, 5172
0.4846, 5171
0.4852, 5170
0.4858, 5169
0.4866, 5168
0.4872, 5167
0.4877, 5166
0.4884, 5165
0.4892, 5164
0.4898, 5163
0.4905, 5162
0.4912, 5161
0.4921, 5160
0.4929, 5159
0.4936, 5158
0.4943, 5157
0.4949, 5156
0.4954, 5155
0.4961, 5154
0.4968, 5153
0.4976, 5152
0.4983, 5151
0.4989, 5150
0.4996, 5149
0.5002, 5148
0.5008, 5147
0.5013, 5146
0.5018, 5145
0.5023, 5144
0.5031, 5143
0.5036, 5142
0.5042, 5141
0.5047, 5140
0.5053, 5139
0.5059, 5138
0.5066, 5137
0.5074, 5136
0.5080, 5135
0.5087, 5134
0.5093, 5133
0.5099, 5132
0.5105, 5131
0.5112, 5130
0.5119, 5129
0.5125, 5128
0.5131, 5127
0.5139, 5126
0.5146, 5125
0.5153, 5124
0.5158, 5123
0.5164, 5122
0.5169, 5121
0.5176, 5120
0.5182, 5119
0.5187, 5118
0.5193, 5117
0.5198, 5116
0.5203, 5115
0.5209, 5114
0.5218, 5113
0.5225, 5112
0.5232, 5111
0.5240, 5110
0.5246, 5109
0.5251, 5108
0.5256, 5107
0.5261, 5106
0.5268, 5105
0.5274, 5104
0.5281, 5103
0.5289, 5102
0.5294, 5101
0.5303, 5100
0.5310, 5099
0.5318, 5098
0.5325, 5097
0.5331, 5096
0.5338, 5095
0.5344, 5094
0.5349, 5093
0.5356, 5092
0.5362, 5091
0.5369, 5090
0.5374, 5089
0.5381, 5088
0.5389, 5087
0.5398, 5086
0.5404, 5085
0.5410, 5084
0.5416, 5083
0.5423, 5082
0.5430, 5081
0.5435, 5080
0.5442, 5079
0.5448, 5078
0.5453, 5077
0.5460, 5076
0.5465, 5075
0.5472, 5074
0.5479, 5073
0.5486, 5072
0.5493, 5071
0.5498, 5070
0.5503, 5069
0.5511, 5068
0.5520, 5067
0.5526, 5066
0.5534, 5065
0.5541, 5064
0.5551, 5063
0.5557, 5062
0.5564, 5061
0.5569, 5060
0.5577, 5059
0.5583, 5058
0.5589, 5057
0.5594, 5056
0.5600, 5055
0.5606, 5054
0.5613, 5053
0.5620, 5052
0.5626, 5051
0.5631, 5050
0.5637, 5049
0.5643, 5048
0.5651, 5047
0.5657, 5046
0.5668, 5045
0.5674, 5044
0.5680, 5043
0.5686, 5042
0.5692, 5041
0.5701, 5040
0.5706, 5039
0.5712, 5038
0.5720, 5037
0.5726, 5036
0.5731, 5035
0.5738, 5034
0.5746, 5033
0.5752, 5032
0.5758, 5031
0.5767, 5030
0.5774, 5029
0.5782, 5028
0.5787, 5027
0.5794, 5026
0.5800, 5025
0.5806, 5024
0.5813, 5023
0.5818, 5022
0.5825, 5021
0.5832, 5020
0.5842, 5019
0.5851, 5018
0.5856, 5017
0.5861, 5016
0.5867, 5015
0.5876, 5014
0.5882, 5013
0.5889, 5012
0.5897, 5011
0.5903, 5010
0.5910, 5009
0.5916, 5008
0.5921, 5007
0.5927, 5006
0.5936, 5005
0.5941, 5004
0.5950, 5003
0.5956, 5002
0.5962, 5001
0.5971, 5000
0.5977, 4999
0.5986, 4998
0.5992, 4997
0.5997, 4996
0.6004, 4995
0.6009, 4994
0.6016, 4993
0.6023, 4992
0.6028, 4991
0.6035, 4990
0.6043, 4989
0.6052, 4988
0.6059, 4987
0.6065, 4986
0.6071, 4985
0.6078, 4984
0.6085, 4983
0.6091, 4982
0.6098, 4981
0.6106, 4980
0.6116, 4979
0.6121, 4978
0.6126, 4977
0.6133, 4976
0.6142, 4975
0.6152, 4974
0.6157, 4973
0.6163, 4972
0.6170, 4971
0.6177, 4970
0.6182, 4969
0.6190, 4968
0.6197, 4967
0.6203, 4966
0.6210, 4965
0.6216, 4964
0.6221, 4963
0.6227, 4962
0.6234, 4961
0.6241, 4960
0.6246, 4959
0.6252, 4958
0.6257, 4957
0.6263, 4956
0.6271, 4955
0.6276, 4954
0.6282, 4953
0.6288, 4952
0.6295, 4951
0.6304, 4950
0.6312, 4949
0.6323, 4948
0.6329, 4947
0.6336, 4946
0.6344, 4945
0.6349, 4944
0.6355, 4943
0.6360, 4942
0.6366, 4941
0.6371, 4940
0.6376, 4939
0.6383, 4938
0.6388, 4937
0.6395, 4936
0.6401, 4935
0.6411, 4934
0.6419, 4933
0.6424, 4932
0.6430, 4931
0.6436, 4930
0.6442, 4929
0.6449, 4928
0.6454, 4927
0.6461, 4926
0.6468, 4925
0.6474, 4924
0.6480, 4923
0.6487, 4922
0.6494, 4921
0.6499, 4920
0.6506, 4919
0.6515, 4918
0.6523, 4917
0.6529, 4916
0.6537, 4915
0.6542, 4914
0.6547, 4913
0.6552, 4912
0.6557, 4911
0.6563, 4910
0.6568, 4909
0.6577, 4908
0.6582, 4907
0.6587, 4906
0.6593, 4905
0.6598, 4904
0.6604, 4903
0.6609, 4902
0.6616, 4901
0.6621, 4900
0.6630, 4899
0.6637, 4898
0.6642, 4897
0.6648, 4896
0.6653, 4895
0.6660, 4894
0.6666, 4893
0.6671, 4892
0.6679, 4891
0.6687, 4890
0.6694, 4889
0.6699, 4888
0.6704, 4887
0.6710, 4886
0.6715, 4885
0.6721, 4884
0.6727, 4883
0.6733, 4882
0.6738, 4881
0.6744, 4880
0.6751, 4879
0.6759, 4878
0.6764, 4877
0.6770, 4876
0.6777, 4875
0.6782, 4874
0.6788, 4873
0.6793, 4872
0.6801, 4871
0.6808, 4870
0.6816, 4869
0.6824, 4868
0.6829, 4867
0.6834, 4866
0.6839, 4865
0.6849, 4864
0.6857, 4863
0.6862, 4862
0.6868, 4861
0.6875, 4860
0.6881, 4859
0.6889, 4858
0.6895, 4857
0.6902, 4856
0.6910, 4855
0.6916, 4854
0.6927, 4853
0.6932, 4852
0.6937, 4851
0.6943, 4850
0.6952, 4849
0.6958, 4848
0.6965, 4847
0.6971, 4846
0.6975, 4845
0.6983, 4844
0.6988, 4843
0.6993, 4842
0.6998, 4841
0.7005, 4840
0.7012, 4839
0.7021, 4838
0.7029, 4837
0.7035, 4836
0.7040, 4835
0.7045, 4834
0.7052, 4833
0.7057, 4832
0.7063, 4831
0.7072, 4830
0.7077, 4829
0.7083, 4828
0.7090, 4827
0.7099, 4826
0.7107, 4825
0.7112, 4824
0.7119, 4823
0.7124, 4822
0.7130, 4821
0.7136, 4820
0.7141, 4819
0.7147, 4818
0.7153, 4817
0.7158, 4816
0.7163, 4815
0.7168, 4814
0.7177, 4813
0.7185, 4812
0.7192, 4811
0.7197, 4810
0.7206, 4809
0.7210, 4808
0.7215, 4807
0.7220, 4806
0.7225, 4805
0.7234, 4804
0.7242, 4803
0.7247, 4802
0.7252, 4801
0.7259, 4800
0.7265, 4799
0.7271, 4798
0.7276, 4797
0.7282, 4796
0.7287, 4795
0.7294, 4794
0.7301, 4793
0.7306, 4792
0.7314, 4791
0.7319, 4790
0.7326, 4789
0.7332, 4788
0.7338, 4787
0.7343, 4786
0.7349, 4785
0.7354, 4784
0.7359, 4783
0.7366, 4782
0.7372, 4781
0.7380, 4780
0.7388, 4779
0.7393, 4778
0.7401, 4777
0.7406, 4776
0.7412, 4775
0.7417, 4774
0.7427, 4773
0.7432, 4772
0.7439, 4771
0.7444, 4770
0.7450, 4769
0.7459, 4768
0.7465, 4767
0.7469, 4766
0.7475, 4765
0.7484, 4764
0.7492, 4763
0.7498, 4762
0.7504, 4761
0.7509, 4760
0.7515, 4759
0.7525, 4758
0.7531, 4757
0.7537, 4756
0.7545, 4755
0.7550, 4754
0.7555, 4753
0.7560, 4752
0.7565, 4751
0.7573, 4750
0.7579, 4749
0.7584, 4748
0.7590, 4747
0.7598, 4746
0.7604, 4745
0.7612, 4744
0.7619, 4743
0.7627, 4742
0.7635, 4741
0.7641, 4740
0.7646, 4739
0.7651, 4738
0.7656, 4737
0.7663, 4736
0.7671, 4735
0.7676, 4734
0.7682, 4733
0.7687, 4732
0.7691, 4731
0.7700, 4730
0.7705, 4729
0.7710, 4728
0.7715, 4727
0.7723, 4726
0.7730, 4725
0.7739, 4724
0.7748, 4723
0.7752, 4722
0.7760, 4721
0.7768, 4720
0.7773, 4719
0.7778, 4718
0.7783, 4717
0.7790, 4716
0.7798, 4715
0.7806, 4714
0.7814, 4713
0.7819, 4712
0.7826, 4711
0.7834, 4710
0.7843, 4709
0.7850, 4708
0.7858, 4707
0.7864, 4706
0.7872, 4705
0.7878, 4704
0.7885, 4703
0.7894, 4702
0.7903, 4701
0.7911, 4700
0.7920, 4699
0.7927, 4698
0.7935, 4697
0.7941, 4696
0.7950, 4695
0.7957, 4694
0.7966, 4693
0.7974, 4692
0.7983, 4691
0.7992, 4690
1.0426, 4689
1.3260, 4688
1.3265, 4687
1.4114, 4686
1.7013, 4685
1.7617, 4684
1.9025, 4683
1.9420, 4682
2.0650, 4681
2.3030, 4680
2.3671, 4679
2.4959, 4678
2.5375, 4677
2.7446, 4676
3.0697, 4675
3.0706, 4674
3.1749, 4673
3.3791, 4672
3.4577, 4671
3.4587, 4670
3.6203, 4669
3.6212, 4668
3.7234, 4667
3.8448, 4666
3.8872, 4665
3.8879, 4664
3.9300, 4663
4.4292, 4662
4.6078, 4661
5.1739, 4660
5.2174, 4659
5.3425, 4658
5.4272, 4657
5.6720, 4656
5.8614, 4655
6.3687, 4654
6.3695, 4653
6.3699, 4652
6.9932, 4651
7.1157, 4650
7.3597, 4649
7.9233, 4648
8.0663, 4647
8.1514, 4646
8.4184, 4645
8.4844, 4644
8.5267, 4643
8.5273, 4642
8.5685, 4641
9.0369, 4640
9.1472, 4639
9.1936, 4638
9.4438, 4637
9.5459, 4636
9.8724, 4635
