0.0000, 5900
0.0005, 5899
0.0012, 5898
0.0018, 5897
0.0028, 5896
0.0035, 5895
0.0042, 5894
0.0048, 5893
0.0057, 5892
0.0062, 5891
0.0070, 5890
0.0075, 5889
0.0080, 5888
0.0085, 5887
0.0095, 5886
0.0104, 5885
0.0110, 5884
0.0122, 5883
0.0128, 5882
0.0139, 5881
0.0144, 5880
0.0154, 5879
0.0162, 5878
0.0172, 5877
0.0177, 5876
0.0182, 5875
0.0187, 5874
0.0193, 5873
0.0204, 5872
0.0209, 5871
0.0214, 5870
0.0219, 5869
0.0226, 5868
0.0231, 5867
0.0236, 5866
0.0241, 5865
0.0250, 5864
0.0257, 5863
0.0263, 5862
0.0268, 5861
0.0275, 5860
0.0280, 5859
0.0285, 5858
0.0291, 5857
0.0296, 5856
0.0303, 5855
0.0308, 5854
0.0313, 5853
0.0318, 5852
0.0328, 5851
0.0337, 5850
0.0342, 5849
0.0347, 5848
0.0354, 5847
0.0360, 5846
0.0365, 5845
0.0373, 5844
0.0378, 5843
0.0383, 5842
0.0389, 5841
0.0396, 5840
0.0403, 5839
0.0408, 5838
0.0413, 5837
0.0420, 5836
0.0426, 5835
0.0432, 5834
0.0437, 5833
0.0444, 5832
0.0449, 5831
0.0455, 5830
0.0463, 5829
0.0468, 5828
0.0473, 5827
0.0479, 5826
0.0488, 5825
0.0493, 5824
0.0499, 5823
0.0507, 5822
0.0512, 5821
0.0517, 5820
0.0522, 5819
0.0528, 5818
0.0533, 5817
0.0542, 5816
0.0547, 5815
0.0557, 5814
0.0566, 5813
0.0573, 5812
0.0579, 5811
0.0588, 5810
0.0595, 5809
0.0601, 5808
0.0607, 5807
0.0612, 5806
0.0620, 5805
0.0625, 5804
0.0631, 5803
0.0636, 5802
0.0641, 5801
0.0646, 5800
0.0655, 5799
0.0661, 5798
0.0667, 5797
0.0673, 5796
0.0680, 5795
0.0685, 5794
0.0692, 5793
0.0698, 5792
0.0703, 5791
0.0709, 5790
0.0714, 5789
0.0719, 5788
0.0725, 5787
0.0730, 5786
0.0743, 5785
0.0753, 5784
0.0762, 5783
0.0767, 5782
0.0772, 5781
0.0777, 5780
0.0784, 5779
0.0792, 5778
0.0798, 5777
0.0806, 5776
0.0813, 5775
0.0819, 5774
0.0825, 5773
0.0836, 5772
0.0842, 5771
0.0853, 5770
0.0860, 5769
0.0866, 5768
0.0873, 5767
0.0879, 5766
0.0885, 5765
0.0893, 5764
0.0899, 5763
0.0905, 5762
0.0910, 5761
0.0915, 5760
0.0925, 5759
0.0930, 5758
0.0935, 5757
0.0941, 5756
0.0946, 5755
0.0951, 5754
0.0959, 5753
0.0966, 5752
0.0971, 5751
0.0976, 5750
0.0981, 5749
0.0990, 5748
0.0995, 5747
0.1000, 5746
0.1009, 5745
0.1020, 5744
0.1025, 5743
0.1031, 5742
0.1037, 5741
0.1047, 5740
0.1053, 5739
0.1058, 5738
0.1064, 5737
0.1070, 5736
0.1075, 5735
0.1080, 5734
0.1086, 5733
0.1092, 5732
0.1097, 5731
0.1103, 5730
0.1108, 5729
0.1114, 5728
0.1119, 5727
0.1125, 5726
0.1130, 5725
0.1137, 5724
0.1144, 5723
0.1154, 5722
0.1161, 5721
0.1166, 5720
0.1173, 5719
0.1181, 5718
0.1191, 5717
0.1199, 5716
0.1209, 5715
0.1218, 5714
0.1224, 5713
0.1230, 5712
0.1236, 5711
0.1241, 5710
0.1246, 5709
0.1255, 5708
0.1262, 5707
0.1268, 5706
0.1273, 5705
0.1279, 5704
0.1284, 5703
0.1289, 5702
0.1295, 5701
0.1301, 5700
0.1311, 5699
0.1316, 5698
0.1321, 5697
0.1327, 5696
0.1337, 5695
0.1345, 5694
0.1351, 5693
0.1357, 5692
0.1362, 5691
0.1367, 5690
0.1372, 5689
0.1379, 5688
0.1385, 5687
0.1390, 5686
0.1400, 5685
0.1405, 5684
0.1411, 5683
0.1417, 5682
0.1423, 5681
0.1429, 5680
0.1435, 5679
0.1441, 5678
0.1447, 5677
0.1452, 5676
0.1458, 5675
0.1464, 5674
0.1469, 5673
0.1474, 5672
0.1480, 5671
0.1486, 5670
0.1492, 5669
0.1497, 5668
0.1504, 5667
0.1509, 5666
0.1515, 5665
0.1520, 5664
0.1526, 5663
0.1532, 5662
0.1542, 5661
0.1547, 5660
0.1556, 5659
0.1562, 5658
0.1573, 5657
0.1583, 5656
0.1591, 5655
0.1598, 5654
0.1606, 5653
0.1612, 5652
0.1618, 5651
0.1623, 5650
0.1629, 5649
0.1634, 5648
0.1642, 5647
0.1647, 5646
0.1653, 5645
0.1660, 5644
0.1666, 5643
0.1672, 5642
0.1677, 5641
0.1684, 5640
0.1692, 5639
0.1701, 5638
0.1708, 5637
0.1713, 5636
0.1720, 5635
0.1731, 5634
0.1737, 5633
0.1747, 5632
0.1755, 5631
0.1761, 5630
0.1771, 5629
0.1780, 5628
0.1786, 5627
0.1796, 5626
0.1805, 5625
0.1811, 5624
0.1820, 5623
0.1825, 5622
0.1831, 5621
0.1838, 5620
0.1845, 5619
0.1854, 5618
0.1860, 5617
0.1866, 5616
0.1871, 5615
0.1878, 5614
0.1887, 5613
0.1893, 5612
0.1898, 5611
0.1904, 5610
0.1912, 5609
0.1918, 5608
0.1923, 5607
0.1929, 5606
0.1934, 5605
0.1941, 5604
0.1946, 5603
0.1951, 5602
0.1957, 5601
0.1962, 5600
0.1968, 5599
0.1973, 5598
0.1978, 5597
0.1983, 5596
0.1989, 5595
0.1997, 5594
0.2003, 5593
0.2012, 5592
0.2018, 5591
0.2026, 5590
0.2034, 5589
0.2042, 5588
0.2048, 5587
0.2055, 5586
0.2060, 5585
0.2067, 5584
0.2077, 5583
0.2083, 5582
0.2089, 5581
0.2095, 5580
0.2101, 5579
0.2108, 5578
0.2114, 5577
0.2124, 5576
0.2130, 5575
0.2136, 5574
0.2143, 5573
0.2149, 5572
0.2155, 5571
0.2162, 5570
0.2171, 5569
0.2176, 5568
0.2185, 5567
0.2191, 5566
0.2196, 5565
0.2203, 5564
0.2209, 5563
0.2220, 5562
0.2227, 5561
0.2233, 5560
0.2238, 5559
0.2244, 5558
0.2249, 5557
0.2259, 5556
0.2265, 5555
0.2270, 5554
0.2276, 5553
0.2285, 5552
0.2291, 5551
0.2297, 5550
0.2303, 5549
0.2309, 5548
0.2316, 5547
0.2322, 5546
0.2328, 5545
0.2333, 5544
0.2339, 5543
0.2344, 5542
0.2351, 5541
0.2358, 5540
0.2364, 5539
0.2369, 5538
0.2375, 5537
0.2380, 5536
0.2386, 5535
0.2393, 5534
0.2401, 5533
0.2406, 5532
0.2412, 5531
0.2418, 5530
0.2424, 5529
0.2429, 5528
0.2435, 5527
0.2440, 5526
0.2448, 5525
0.2454, 5524
0.2461, 5523
0.2470, 5522
0.2480, 5521
0.2489, 5520
0.2496, 5519
0.2502, 5518
0.2508, 5517
0.2515, 5516
0.2521, 5515
0.2530, 5514
0.2536, 5513
0.2542, 5512
0.2548, 5511
0.2554, 5510
0.2559, 5509
0.2566, 5508
0.2572, 5507
0.2579, 5506
0.2584, 5505
0.2590, 5504
0.2596, 5503
0.2605, 5502
0.2610, 5501
0.2616, 5500
0.2622, 5499
0.2631, 5498
0.2638, 5497
0.2644, 5496
0.2650, 5495
0.2656, 5494
0.2663, 5493
0.2669, 5492
0.2674, 5491
0.2684, 5490
0.2692, 5489
0.2698, 5488
0.2703, 5487
0.2709, 5486
0.2714, 5485
0.2723, 5484
0.2729, 5483
0.2734, 5482
0.2744, 5481
0.2750, 5480
0.2755, 5479
0.2760, 5478
0.2766, 5477
0.2772, 5476
0.2778, 5475
0.2783, 5474
0.2791, 5473
0.2797, 5472
0.2803, 5471
0.2809, 5470
0.2815, 5469
0.2821, 5468
0.2826, 5467
0.2832, 5466
0.2842, 5465
0.2848, 5464
0.2853, 5463
0.2858, 5462
0.2865, 5461
0.2870, 5460
0.2876, 5459
0.2882, 5458
0.2888, 5457
0.2894, 5456
0.2902, 5455
0.2909, 5454
0.2914, 5453
0.2921, 5452
0.2926, 5451
0.2934, 5450
0.2939, 5449
0.2946, 5448
0.2952, 5447
0.2957, 5446
0.2963, 5445
0.2968, 5444
0.2978, 5443
0.2985, 5442
0.2990, 5441
0.2996, 5440
0.3002, 5439
0.3008, 5438
0.3017, 5437
0.3025, 5436
0.3031, 5435
0.3037, 5434
0.3043, 5433
0.3048, 5432
0.3058, 5431
0.3064, 5430
0.3069, 5429
0.3075, 5428
0.3081, 5427
0.3088, 5426
0.3097, 5425
0.3103, 5424
0.3109, 5423
0.3116, 5422
0.3123, 5421
0.3130, 5420
0.3139, 5419
0.3144, 5418
0.3150, 5417
0.3160, 5416
0.3166, 5415
0.3173, 5414
0.3178, 5413
0.3184, 5412
0.3190, 5411
0.3195, 5410
0.3200, 5409
0.3206, 5408
0.3211, 5407
0.3218, 5406
0.3225, 5405
0.3234, 5404
0.3241, 5403
0.3249, 5402
0.3254, 5401
0.3260, 5400
0.3267, 5399
0.3275, 5398
0.3282, 5397
0.3288, 5396
0.3295, 5395
0.3303, 5394
0.3311, 5393
0.3317, 5392
0.3324, 5391
0.3329, 5390
0.3335, 5389
0.3341, 5388
0.3347, 5387
0.3352, 5386
0.3362, 5385
0.3367, 5384
0.3374, 5383
0.3381, 5382
0.3388, 5381
0.3394, 5380
0.3400, 5379
0.3405, 5378
0.3413, 5377
0.3419, 5376
0.3426, 5375
0.3432, 5374
0.3439, 5373
0.3445, 5372
0.3450, 5371
0.3457, 5370
0.3463, 5369
0.3471, 5368
0.3477, 5367
0.3483, 5366
0.3491, 5365
0.3497, 5364
0.3504, 5363
0.3514, 5362
0.3520, 5361
0.3527, 5360
0.3534, 5359
0.3540, 5358
0.3547, 5357
0.3557, 5356
0.3563, 5355
0.3569, 5354
0.3575, 5353
0.3582, 5352
0.3588, 5351
0.3596, 5350
0.3602, 5349
0.3608, 5348
0.3614, 5347
0.3620, 5346
0.3629, 5345
0.3637, 5344
0.3643, 5343
0.3650, 5342
0.3656, 5341
0.3661, 5340
0.3667, 5339
0.3673, 5338
0.3679, 5337
0.3685, 5336
0.3691, 5335
0.3697, 5334
0.3704, 5333
0.3712, 5332
0.3722, 5331
0.3728, 5330
0.3734, 5329
0.3739, 5328
0.3745, 5327
0.3751, 5326
0.3757, 5325
0.3762, 5324
0.3769, 5323
0.3779, 5322
0.3788, 5321
0.3797, 5320
0.3805, 5319
0.3811, 5318
0.3817, 5317
0.3822, 5316
0.3830, 5315
0.3837, 5314
0.3843, 5313
0.3850, 5312
0.3858, 5311
0.3865, 5310
0.3870, 5309
0.3876, 5308
0.3886, 5307
0.3892, 5306
0.3898, 5305
0.3904, 5304
0.3910, 5303
0.3916, 5302
0.3922, 5301
0.3927, 5300
0.3934, 5299
0.3939, 5298
0.3945, 5297
0.3951, 5296
0.3958, 5295
0.3965, 5294
0.3970, 5293
0.3976, 5292
0.3984, 5291
0.3991, 5290
0.3997, 5289
0.4006, 5288
0.4012, 5287
0.4017, 5286
0.4024, 5285
0.4029, 5284
0.4036, 5283
0.4042, 5282
0.4047, 5281
0.4052, 5280
0.4058, 5279
0.4064, 5278
0.4069, 5277
0.4076, 5276
0.4083, 5275
0.4089, 5274
0.4098, 5273
0.4103, 5272
0.4109, 5271
0.4114, 5270
0.4121, 5269
0.4128, 5268
0.4133, 5267
0.4138, 5266
0.4144, 5265
0.4151, 5264
0.4158, 5263
0.4164, 5262
0.4170, 5261
0.4176, 5260
0.4184, 5259
0.4189, 5258
0.4195, 5257
0.4202, 5256
0.4209, 5255
0.4215, 5254
0.4225, 5253
0.4233, 5252
0.4240, 5251
0.4250, 5250
0.4256, 5249
0.4261, 5248
0.4268, 5247
0.4275, 5246
0.4281, 5245
0.4287, 5244
0.4293, 5243
0.4299, 5242
0.4304, 5241
0.4311, 5240
0.4316, 5239
0.4321, 5238
0.4327, 5237
0.4337, 5236
0.4342, 5235
0.4348, 5234
0.4355, 5233
0.4361, 5232
0.4368, 5231
0.4374, 5230
0.4380, 5229
0.4385, 5228
0.4392, 5227
0.4400, 5226
0.4406, 5225
0.4411, 5224
0.4421, 5223
0.4429, 5222
0.4436, 5221
0.4444, 5220
0.4451, 5219
0.4457, 5218
0.4462, 5217
0.4469, 5216
0.4476, 5215
0.4483, 5214
0.4488, 5213
0.4496, 5212
0.4503, 5211
0.4511, 5210
0.4519, 5209
0.4526, 5208
0.4533, 5207
0.4542, 5206
0.4550, 5205
0.4557, 5204
0.4565, 5203
0.4572, 5202
0.4579, 5201
0.4586, 5200
0.4594, 5199
0.4601, 5198
0.4609, 5197
0.4616, 5196
0.4622, 5195
0.4631, 5194
0.4636, 5193
0.4642, 5192
0.4648, 5191
0.4654, 5190
0.4661, 5189
0.4666, 5188
0.4672, 5187
0.4678, 5186
0.4684, 5185
0.4690, 5184
0.4696, 5183
0.4704, 5182
0.4711, 5181
0.4719, 5180
0.4728, 5179
0.4734, 5178
0.4743, 5177
0.4749, 5176
0.4756, 5175
0.4764, 5174
0.4771, 5173
0.4779, 5172
0.4784, 5171
0.4791, 5170
0.4796, 5169
0.4804, 5168
0.4810, 5167
0.4815, 5166
0.4822, 5165
0.4830, 5164
0.4836, 5163
0.4843, 5162
0.4850, 5161
0.4860, 5160
0.4867, 5159
0.4874, 5158
0.4881, 5157
0.4887, 5156
0.4892, 5155
0.4899, 5154
0.4905, 5153
0.4914, 5152
0.4921, 5151
0.4926, 5150
0.4933, 5149
0.4939, 5148
0.4946, 5147
0.4951, 5146
0.4956, 5145
0.4961, 5144
0.4968, 5143
0.4973, 5142
0.4979, 5141
0.4984, 5140
0.4990, 5139
0.4996, 5138
0.5002, 5137
0.5010, 5136
0.5016, 5135
0.5023, 5134
0.5029, 5133
0.5035, 5132
0.5040, 5131
0.5047, 5130
0.5054, 5129
0.5061, 5128
0.5067, 5127
0.5074, 5126
0.5082, 5125
0.5088, 5124
0.5093, 5123
0.5099, 5122
0.5104, 5121
0.5112, 5120
0.5117, 5119
0.5123, 5118
0.5128, 5117
0.5133, 5116
0.5138, 5115
0.5144, 5114
0.5153, 5113
0.5160, 5112
0.5167, 5111
0.5175, 5110
0.5181, 5109
0.5186, 5108
0.5191, 5107
0.5197, 5106
0.5203, 5105
0.5209, 5104
0.5216, 5103
0.5223, 5102
0.5229, 5101
0.5238, 5100
0.5244, 5099
0.5252, 5098
0.5259, 5097
0.5265, 5096
0.5272, 5095
0.5278, 5094
0.5283, 5093
0.5290, 5092
0.5296, 5091
0.5303, 5090
0.5308, 5089
0.5315, 5088
0.5322, 5087
0.5331, 5086
0.5337, 5085
0.5343, 5084
0.5348, 5083
0.5356, 5082
0.5362, 5081
0.5368, 5080
0.5375, 5079
0.5381, 5078
0.5387, 5077
0.5393, 5076
0.5399, 5075
0.5406, 5074
0.5413, 5073
0.5420, 5072
0.5426, 5071
0.5431, 5070
0.5436, 5069
0.5444, 5068
0.5453, 5067
0.5459, 5066
0.5467, 5065
0.5474, 5064
0.5484, 5063
0.5490, 5062
0.5497, 5061
0.5502, 5060
0.5510, 5059
0.5516, 5058
0.5522, 5057
0.5528, 5056
0.5533, 5055
0.5540, 5054
0.5546, 5053
0.5553, 5052
0.5559, 5051
0.5564, 5050
0.5570, 5049
0.5576, 5048
0.5583, 5047
0.5590, 5046
0.5600, 5045
0.5606, 5044
0.5612, 5043
0.5618, 5042
0.5624, 5041
0.5633, 5040
0.5638, 5039
0.5644, 5038
0.5652, 5037
0.5658, 5036
0.5663, 5035
0.5670, 5034
0.5677, 5033
0.5683, 5032
0.5690, 5031
0.5701, 5030
0.5707, 5029
0.5716, 5028
0.5721, 5027
0.5728, 5026
0.5734, 5025
0.5740, 5024
0.5746, 5023
0.5752, 5022
0.5758, 5021
0.5765, 5020
0.5775, 5019
0.5784, 5018
0.5789, 5017
0.5794, 5016
0.5800, 5015
0.5810, 5014
0.5816, 5013
0.5823, 5012
0.5830, 5011
0.5837, 5010
0.5844, 5009
0.5849, 5008
0.5855, 5007
0.5861, 5006
0.5870, 5005
0.5875, 5004
0.5883, 5003
0.5888, 5002
0.5894, 5001
0.5903, 5000
0.5909, 4999
0.5917, 4998
0.5924, 4997
0.5929, 4996
0.5936, 4995
0.5941, 4994
0.5947, 4993
0.5954, 4992
0.5959, 4991
0.5966, 4990
0.5974, 4989
0.5983, 4988
0.5990, 4987
0.5996, 4986
0.6002, 4985
0.6009, 4984
0.6016, 4983
0.6022, 4982
0.6029, 4981
0.6037, 4980
0.6046, 4979
0.6051, 4978
0.6056, 4977
0.6063, 4976
0.6072, 4975
0.6082, 4974
0.6087, 4973
0.6093, 4972
0.6100, 4971
0.6107, 4970
0.6112, 4969
0.6120, 4968
0.6126, 4967
0.6133, 4966
0.6140, 4965
0.6146, 4964
0.6151, 4963
0.6156, 4962
0.6163, 4961
0.6171, 4960
0.6176, 4959
0.6181, 4958
0.6187, 4957
0.6193, 4956
0.6200, 4955
0.6205, 4954
0.6211, 4953
0.6217, 4952
0.6224, 4951
0.6233, 4950
0.6241, 4949
0.6252, 4948
0.6258, 4947
0.6264, 4946
0.6273, 4945
0.6278, 4944
0.6284, 4943
0.6289, 4942
0.6294, 4941
0.6300, 4940
0.6305, 4939
0.6311, 4938
0.6316, 4937
0.6323, 4936
0.6329, 4935
0.6338, 4934
0.6347, 4933
0.6352, 4932
0.6357, 4931
0.6364, 4930
0.6370, 4929
0.6376, 4928
0.6381, 4927
0.6388, 4926
0.6395, 4925
0.6401, 4924
0.6407, 4923
0.6415, 4922
0.6421, 4921
0.6427, 4920
0.6433, 4919
0.6442, 4918
0.6451, 4917
0.6457, 4916
0.6465, 4915
0.6470, 4914
0.6475, 4913
0.6480, 4912
0.6485, 4911
0.6491, 4910
0.6496, 4909
0.6505, 4908
0.6510, 4907
0.6516, 4906
0.6522, 4905
0.6527, 4904
0.6532, 4903
0.6538, 4902
0.6545, 4901
0.6550, 4900
0.6559, 4899
0.6566, 4898
0.6571, 4897
0.6576, 4896
0.6581, 4895
0.6588, 4894
0.6594, 4893
0.6599, 4892
0.6608, 4891
0.6615, 4890
0.6622, 4889
0.6627, 4888
0.6633, 4887
0.6638, 4886
0.6644, 4885
0.6649, 4884
0.6655, 4883
0.6661, 4882
0.6667, 4881
0.6672, 4880
0.6678, 4879
0.6687, 4878
0.6693, 4877
0.6698, 4876
0.6705, 4875
0.6711, 4874
0.6716, 4873
0.6722, 4872
0.6729, 4871
0.6737, 4870
0.6744, 4869
0.6752, 4868
0.6758, 4867
0.6763, 4866
0.6768, 4865
0.6777, 4864
0.6785, 4863
0.6791, 4862
0.6796, 4861
0.6803, 4860
0.6810, 4859
0.6818, 4858
0.6823, 4857
0.6830, 4856
0.6839, 4855
0.6844, 4854
0.6855, 4853
0.6860, 4852
0.6866, 4851
0.6872, 4850
0.6880, 4849
0.6887, 4848
0.6893, 4847
0.6899, 4846
0.6904, 4845
0.6911, 4844
0.6916, 4843
0.6921, 4842
0.6926, 4841
0.6933, 4840
0.6940, 4839
0.6950, 4838
0.6957, 4837
0.6963, 4836
0.6968, 4835
0.6973, 4834
0.6980, 4833
0.6985, 4832
0.6991, 4831
0.7000, 4830
0.7005, 4829
0.7011, 4828
0.7018, 4827
0.7027, 4826
0.7035, 4825
0.7040, 4824
0.7048, 4823
0.7053, 4822
0.7059, 4821
0.7065, 4820
0.7070, 4819
0.7076, 4818
0.7081, 4817
0.7086, 4816
0.7091, 4815
0.7097, 4814
0.7105, 4813
0.7114, 4812
0.7121, 4811
0.7126, 4810
0.7135, 4809
0.7140, 4808
0.7144, 4807
0.7149, 4806
0.7154, 4805
0.7163, 4804
0.7172, 4803
0.7176, 4802
0.7182, 4801
0.7189, 4800
0.7195, 4799
0.7200, 4798
0.7205, 4797
0.7211, 4796
0.7217, 4795
0.7223, 4794
0.7230, 4793
0.7235, 4792
0.7243, 4791
0.7248, 4790
0.7255, 4789
0.7261, 4788
0.7267, 4787
0.7272, 4786
0.7278, 4785
0.7283, 4784
0.7288, 4783
0.7295, 4782
0.7301, 4781
0.7309, 4780
0.7318, 4779
0.7322, 4778
0.7330, 4777
0.7336, 4776
0.7341, 4775
0.7346, 4774
0.7356, 4773
0.7362, 4772
0.7369, 4771
0.7374, 4770
0.7380, 4769
0.7389, 4768
0.7395, 4767
0.7400, 4766
0.7405, 4765
0.7414, 4764
0.7422, 4763
0.7428, 4762
0.7434, 4761
0.7439, 4760
0.7445, 4759
0.7456, 4758
0.7462, 4757
0.7467, 4756
0.7476, 4755
0.7481, 4754
0.7486, 4753
0.7491, 4752
0.7496, 4751
0.7504, 4750
0.7509, 4749
0.7515, 4748
0.7521, 4747
0.7530, 4746
0.7536, 4745
0.7544, 4744
0.7551, 4743
0.7560, 4742
0.7567, 4741
0.7573, 4740
0.7578, 4739
0.7584, 4738
0.7589, 4737
0.7595, 4736
0.7603, 4735
0.7608, 4734
0.7614, 4733
0.7619, 4732
0.7624, 4731
0.7632, 4730
0.7638, 4729
0.7642, 4728
0.7648, 4727
0.7656, 4726
0.7663, 4725
0.7671, 4724
0.7680, 4723
0.7685, 4722
0.7693, 4721
0.7701, 4720
0.7706, 4719
0.7712, 4718
0.7717, 4717
0.7724, 4716
0.7732, 4715
0.7740, 4714
0.7748, 4713
0.7752, 4712
0.7761, 4711
0.7768, 4710
0.7777, 4709
0.7784, 4708
0.7792, 4707
0.7798, 4706
0.7806, 4705
0.7813, 4704
0.7820, 4703
0.7828, 4702
0.7838, 4701
0.7845, 4700
0.7854, 4699
0.7862, 4698
0.7869, 4697
0.7876, 4696
0.7884, 4695
0.7891, 4694
0.7900, 4693
0.7908, 4692
0.7917, 4691
0.7926, 4690
0.9561, 4689
1.1988, 4688
1.2383, 4687
1.3583, 4686
1.6170, 4685
1.6566, 4684
1.7358, 4683
1.8338, 4682
1.9926, 4681
2.1705, 4680
2.2314, 4679
2.3519, 4678
2.3917, 4677
2.5899, 4676
2.8885, 4675
2.8894, 4674
3.0088, 4673
3.2283, 4672
3.2288, 4671
3.2295, 4670
3.3732, 4669
3.4129, 4668
3.5110, 4667
3.6100, 4666
3.6499, 4665
3.6506, 4664
3.6899, 4663
4.1310, 4662
4.2346, 4661
4.7082, 4660
4.7485, 4659
4.9114, 4658
4.9513, 4657
5.1116, 4656
5.3740, 4655
5.8115, 4654
5.8123, 4653
5.8128, 4652
6.3885, 4651
6.5308, 4650
6.6896, 4649
7.2896, 4648
7.3703, 4647
7.5126, 4646
7.7744, 4645
7.8349, 4644
7.9144, 4643
7.9151, 4642
7.9542, 4641
8.3324, 4640
8.5099, 4639
8.5108, 4638
8.7706, 4637
8.8699, 4636
9.1501, 4635
9.3151, 4634
9.3751, 4633
9.6940, 4632
9.8534, 4631
