0.0000, 5900
0.0006, 5899
0.0013, 5898
0.0020, 5897
0.0030, 5896
0.0038, 5895
0.0045, 5894
0.0052, 5893
0.0062, 5892
0.0067, 5891
0.0076, 5890
0.0081, 5889
0.0086, 5888
0.0093, 5887
0.0102, 5886
0.0112, 5885
0.0118, 5884
0.0130, 5883
0.0136, 5882
0.0148, 5881
0.0153, 5880
0.0162, 5879
0.0171, 5878
0.0181, 5877
0.0186, 5876
0.0191, 5875
0.0197, 5874
0.0205, 5873
0.0217, 5872
0.0223, 5871
0.0228, 5870
0.0233, 5869
0.0240, 5868
0.0245, 5867
0.0257, 5866
0.0263, 5865
0.0272, 5864
0.0280, 5863
0.0286, 5862
0.0290, 5861
0.0297, 5860
0.0303, 5859
0.0308, 5858
0.0313, 5857
0.0318, 5856
0.0325, 5855
0.0332, 5854
0.0337, 5853
0.0343, 5852
0.0355, 5851
0.0367, 5850
0.0372, 5849
0.0378, 5848
0.0384, 5847
0.0390, 5846
0.0395, 5845
0.0402, 5844
0.0407, 5843
0.0414, 5842
0.0419, 5841
0.0427, 5840
0.0435, 5839
0.0440, 5838
0.0445, 5837
0.0452, 5836
0.0458, 5835
0.0464, 5834
0.0469, 5833
0.0476, 5832
0.0481, 5831
0.0487, 5830
0.0495, 5829
0.0500, 5828
0.0505, 5827
0.0511, 5826
0.0520, 5825
0.0525, 5824
0.0532, 5823
0.0540, 5822
0.0545, 5821
0.0551, 5820
0.0556, 5819
0.0562, 5818
0.0567, 5817
0.0578, 5816
0.0584, 5815
0.0594, 5814
0.0603, 5813
0.0610, 5812
0.0616, 5811
0.0625, 5810
0.0632, 5809
0.0638, 5808
0.0644, 5807
0.0649, 5806
0.0657, 5805
0.0662, 5804
0.0667, 5803
0.0673, 5802
0.0678, 5801
0.0683, 5800
0.0692, 5799
0.0697, 5798
0.0704, 5797
0.0710, 5796
0.0717, 5795
0.0722, 5794
0.0729, 5793
0.0735, 5792
0.0740, 5791
0.0746, 5790
0.0751, 5789
0.0756, 5788
0.0762, 5787
0.0767, 5786
0.0780, 5785
0.0790, 5784
0.0799, 5783
0.0804, 5782
0.0810, 5781
0.0815, 5780
0.0822, 5779
0.0830, 5778
0.0836, 5777
0.0844, 5776
0.0851, 5775
0.0858, 5774
0.0865, 5773
0.0876, 5772
0.0883, 5771
0.0895, 5770
0.0902, 5769
0.0908, 5768
0.0916, 5767
0.0921, 5766
0.0928, 5765
0.0935, 5764
0.0941, 5763
0.0946, 5762
0.0951, 5761
0.0957, 5760
0.0966, 5759
0.0971, 5758
0.0977, 5757
0.0983, 5756
0.0988, 5755
0.0993, 5754
0.1002, 5753
0.1009, 5752
0.1015, 5751
0.1022, 5750
0.1027, 5749
0.1036, 5748
0.1041, 5747
0.1047, 5746
0.1055, 5745
0.1066, 5744
0.1072, 5743
0.1077, 5742
0.1082, 5741
0.1092, 5740
0.1098, 5739
0.1104, 5738
0.1109, 5737
0.1115, 5736
0.1120, 5735
0.1126, 5734
0.1131, 5733
0.1137, 5732
0.1143, 5731
0.1149, 5730
0.1154, 5729
0.1160, 5728
0.1165, 5727
0.1170, 5726
0.1176, 5725
0.1183, 5724
0.1190, 5723
0.1200, 5722
0.1207, 5721
0.1213, 5720
0.1220, 5719
0.1228, 5718
0.1238, 5717
0.1246, 5716
0.1255, 5715
0.1265, 5714
0.1271, 5713
0.1277, 5712
0.1283, 5711
0.1288, 5710
0.1294, 5709
0.1302, 5708
0.1310, 5707
0.1316, 5706
0.1321, 5705
0.1327, 5704
0.1332, 5703
0.1338, 5702
0.1344, 5701
0.1351, 5700
0.1362, 5699
0.1368, 5698
0.1373, 5697
0.1379, 5696
0.1391, 5695
0.1399, 5694
0.1405, 5693
0.1410, 5692
0.1416, 5691
0.1421, 5690
0.1426, 5689
0.1433, 5688
0.1439, 5687
0.1444, 5686
0.1454, 5685
0.1460, 5684
0.1465, 5683
0.1471, 5682
0.1477, 5681
0.1483, 5680
0.1489, 5679
0.1495, 5678
0.1501, 5677
0.1507, 5676
0.1513, 5675
0.1519, 5674
0.1525, 5673
0.1531, 5672
0.1538, 5671
0.1543, 5670
0.1550, 5669
0.1555, 5668
0.1562, 5667
0.1567, 5666
0.1573, 5665
0.1578, 5664
0.1585, 5663
0.1590, 5662
0.1600, 5661
0.1606, 5660
0.1614, 5659
0.1620, 5658
0.1631, 5657
0.1641, 5656
0.1650, 5655
0.1657, 5654
0.1665, 5653
0.1671, 5652
0.1677, 5651
0.1682, 5650
0.1688, 5649
0.1693, 5648
0.1701, 5647
0.1707, 5646
0.1712, 5645
0.1720, 5644
0.1725, 5643
0.1731, 5642
0.1737, 5641
0.1744, 5640
0.1752, 5639
0.1761, 5638
0.1767, 5637
0.1773, 5636
0.1779, 5635
0.1790, 5634
0.1796, 5633
0.1807, 5632
0.1816, 5631
0.1822, 5630
0.1832, 5629
0.1840, 5628
0.1846, 5627
0.1857, 5626
0.1866, 5625
0.1872, 5624
0.1880, 5623
0.1887, 5622
0.1892, 5621
0.1899, 5620
0.1906, 5619
0.1915, 5618
0.1921, 5617
0.1927, 5616
0.1932, 5615
0.1939, 5614
0.1948, 5613
0.1953, 5612
0.1959, 5611
0.1965, 5610
0.1972, 5609
0.1978, 5608
0.1984, 5607
0.1989, 5606
0.1995, 5605
0.2001, 5604
0.2006, 5603
0.2012, 5602
0.2017, 5601
0.2023, 5600
0.2028, 5599
0.2033, 5598
0.2038, 5597
0.2043, 5596
0.2049, 5595
0.2058, 5594
0.2064, 5593
0.2073, 5592
0.2079, 5591
0.2087, 5590
0.2095, 5589
0.2103, 5588
0.2110, 5587
0.2116, 5586
0.2121, 5585
0.2128, 5584
0.2138, 5583
0.2144, 5582
0.2150, 5581
0.2155, 5580
0.2162, 5579
0.2168, 5578
0.2175, 5577
0.2185, 5576
0.2191, 5575
0.2196, 5574
0.2203, 5573
0.2209, 5572
0.2215, 5571
0.2222, 5570
0.2231, 5569
0.2236, 5568
0.2245, 5567
0.2251, 5566
0.2256, 5565
0.2262, 5564
0.2269, 5563
0.2280, 5562
0.2287, 5561
0.2293, 5560
0.2299, 5559
0.2304, 5558
0.2310, 5557
0.2320, 5556
0.2326, 5555
0.2331, 5554
0.2338, 5553
0.2346, 5552
0.2352, 5551
0.2358, 5550
0.2364, 5549
0.2371, 5548
0.2377, 5547
0.2384, 5546
0.2390, 5545
0.2395, 5544
0.2401, 5543
0.2406, 5542
0.2413, 5541
0.2419, 5540
0.2424, 5539
0.2430, 5538
0.2435, 5537
0.2441, 5536
0.2446, 5535
0.2453, 5534
0.2462, 5533
0.2467, 5532
0.2473, 5531
0.2479, 5530
0.2485, 5529
0.2490, 5528
0.2496, 5527
0.2501, 5526
0.2509, 5525
0.2515, 5524
0.2522, 5523
0.2530, 5522
0.2540, 5521
0.2557, 5520
0.2565, 5519
0.2571, 5518
0.2576, 5517
0.2583, 5516
0.2589, 5515
0.2596, 5514
0.2602, 5513
0.2608, 5512
0.2614, 5511
0.2620, 5510
0.2625, 5509
0.2631, 5508
0.2637, 5507
0.2644, 5506
0.2650, 5505
0.2656, 5504
0.2662, 5503
0.2672, 5502
0.2678, 5501
0.2685, 5500
0.2692, 5499
0.2702, 5498
0.2709, 5497
0.2715, 5496
0.2721, 5495
0.2728, 5494
0.2734, 5493
0.2740, 5492
0.2746, 5491
0.2756, 5490
0.2764, 5489
0.2770, 5488
0.2775, 5487
0.2781, 5486
0.2786, 5485
0.2796, 5484
0.2802, 5483
0.2807, 5482
0.2817, 5481
0.2824, 5480
0.2829, 5479
0.2834, 5478
0.2840, 5477
0.2846, 5476
0.2852, 5475
0.2857, 5474
0.2865, 5473
0.2871, 5472
0.2877, 5471
0.2883, 5470
0.2890, 5469
0.2896, 5468
0.2902, 5467
0.2908, 5466
0.2919, 5465
0.2924, 5464
0.2930, 5463
0.2935, 5462
0.2941, 5461
0.2947, 5460
0.2953, 5459
0.2959, 5458
0.2964, 5457
0.2970, 5456
0.2979, 5455
0.2986, 5454
0.2991, 5453
0.2998, 5452
0.3003, 5451
0.3011, 5450
0.3017, 5449
0.3024, 5448
0.3030, 5447
0.3036, 5446
0.3041, 5445
0.3047, 5444
0.3057, 5443
0.3063, 5442
0.3069, 5441
0.3075, 5440
0.3081, 5439
0.3087, 5438
0.3096, 5437
0.3103, 5436
0.3110, 5435
0.3116, 5434
0.3121, 5433
0.3127, 5432
0.3137, 5431
0.3143, 5430
0.3148, 5429
0.3154, 5428
0.3160, 5427
0.3167, 5426
0.3176, 5425
0.3182, 5424
0.3188, 5423
0.3195, 5422
0.3202, 5421
0.3209, 5420
0.3219, 5419
0.3225, 5418
0.3230, 5417
0.3241, 5416
0.3247, 5415
0.3253, 5414
0.3259, 5413
0.3265, 5412
0.3271, 5411
0.3277, 5410
0.3282, 5409
0.3287, 5408
0.3293, 5407
0.3300, 5406
0.3308, 5405
0.3316, 5404
0.3324, 5403
0.3332, 5402
0.3337, 5401
0.3343, 5400
0.3350, 5399
0.3358, 5398
0.3366, 5397
0.3372, 5396
0.3378, 5395
0.3387, 5394
0.3395, 5393
0.3401, 5392
0.3409, 5391
0.3414, 5390
0.3420, 5389
0.3426, 5388
0.3432, 5387
0.3438, 5386
0.3447, 5385
0.3452, 5384
0.3459, 5383
0.3466, 5382
0.3473, 5381
0.3479, 5380
0.3485, 5379
0.3491, 5378
0.3499, 5377
0.3505, 5376
0.3511, 5375
0.3517, 5374
0.3524, 5373
0.3530, 5372
0.3535, 5371
0.3542, 5370
0.3549, 5369
0.3556, 5368
0.3563, 5367
0.3568, 5366
0.3576, 5365
0.3582, 5364
0.3589, 5363
0.3599, 5362
0.3605, 5361
0.3612, 5360
0.3619, 5359
0.3625, 5358
0.3632, 5357
0.3642, 5356
0.3648, 5355
0.3654, 5354
0.3660, 5353
0.3667, 5352
0.3673, 5351
0.3681, 5350
0.3687, 5349
0.3693, 5348
0.3699, 5347
0.3705, 5346
0.3713, 5345
0.3722, 5344
0.3727, 5343
0.3734, 5342
0.3741, 5341
0.3746, 5340
0.3752, 5339
0.3757, 5338
0.3763, 5337
0.3769, 5336
0.3775, 5335
0.3781, 5334
0.3788, 5333
0.3797, 5332
0.3807, 5331
0.3812, 5330
0.3818, 5329
0.3823, 5328
0.3830, 5327
0.3836, 5326
0.3842, 5325
0.3847, 5324
0.3853, 5323
0.3863, 5322
0.3872, 5321
0.3882, 5320
0.3889, 5319
0.3895, 5318
0.3901, 5317
0.3907, 5316
0.3915, 5315
0.3922, 5314
0.3929, 5313
0.3935, 5312
0.3944, 5311
0.3951, 5310
0.3956, 5309
0.3963, 5308
0.3972, 5307
0.3980, 5306
0.3986, 5305
0.3991, 5304
0.3998, 5303
0.4004, 5302
0.4010, 5301
0.4015, 5300
0.4022, 5299
0.4027, 5298
0.4033, 5297
0.4039, 5296
0.4046, 5295
0.4053, 5294
0.4058, 5293
0.4064, 5292
0.4072, 5291
0.4078, 5290
0.4085, 5289
0.4094, 5288
0.4100, 5287
0.4105, 5286
0.4112, 5285
0.4117, 5284
0.4124, 5283
0.4130, 5282
0.4135, 5281
0.4140, 5280
0.4146, 5279
0.4151, 5278
0.4157, 5277
0.4164, 5276
0.4171, 5275
0.4177, 5274
0.4186, 5273
0.4191, 5272
0.4196, 5271
0.4202, 5270
0.4209, 5269
0.4215, 5268
0.4221, 5267
0.4226, 5266
0.4232, 5265
0.4240, 5264
0.4246, 5263
0.4253, 5262
0.4259, 5261
0.4265, 5260
0.4273, 5259
0.4279, 5258
0.4285, 5257
0.4292, 5256
0.4300, 5255
0.4306, 5254
0.4316, 5253
0.4324, 5252
0.4331, 5251
0.4342, 5250
0.4347, 5249
0.4353, 5248
0.4359, 5247
0.4366, 5246
0.4372, 5245
0.4378, 5244
0.4385, 5243
0.4390, 5242
0.4396, 5241
0.4402, 5240
0.4408, 5239
0.4413, 5238
0.4419, 5237
0.4428, 5236
0.4433, 5235
0.4439, 5234
0.4445, 5233
0.4450, 5232
0.4458, 5231
0.4463, 5230
0.4469, 5229
0.4474, 5228
0.4481, 5227
0.4489, 5226
0.4495, 5225
0.4500, 5224
0.4510, 5223
0.4518, 5222
0.4525, 5221
0.4533, 5220
0.4540, 5219
0.4546, 5218
0.4551, 5217
0.4558, 5216
0.4565, 5215
0.4572, 5214
0.4578, 5213
0.4586, 5212
0.4593, 5211
0.4601, 5210
0.4610, 5209
0.4616, 5208
0.4622, 5207
0.4631, 5206
0.4638, 5205
0.4645, 5204
0.4653, 5203
0.4660, 5202
0.4667, 5201
0.4673, 5200
0.4681, 5199
0.4687, 5198
0.4694, 5197
0.4701, 5196
0.4707, 5195
0.4715, 5194
0.4720, 5193
0.4726, 5192
0.4732, 5191
0.4738, 5190
0.4745, 5189
0.4750, 5188
0.4755, 5187
0.4761, 5186
0.4768, 5185
0.4774, 5184
0.4780, 5183
0.4788, 5182
0.4795, 5181
0.4803, 5180
0.4812, 5179
0.4817, 5178
0.4826, 5177
0.4832, 5176
0.4839, 5175
0.4847, 5174
0.4854, 5173
0.4862, 5172
0.4867, 5171
0.4873, 5170
0.4878, 5169
0.4887, 5168
0.4892, 5167
0.4898, 5166
0.4904, 5165
0.4912, 5164
0.4918, 5163
0.4925, 5162
0.4932, 5161
0.4942, 5160
0.4949, 5159
0.4957, 5158
0.4963, 5157
0.4969, 5156
0.4974, 5155
0.4981, 5154
0.4988, 5153
0.4996, 5152
0.5003, 5151
0.5009, 5150
0.5016, 5149
0.5022, 5148
0.5029, 5147
0.5034, 5146
0.5039, 5145
0.5044, 5144
0.5051, 5143
0.5057, 5142
0.5062, 5141
0.5068, 5140
0.5074, 5139
0.5080, 5138
0.5087, 5137
0.5095, 5136
0.5101, 5135
0.5108, 5134
0.5114, 5133
0.5119, 5132
0.5125, 5131
0.5132, 5130
0.5139, 5129
0.5146, 5128
0.5152, 5127
0.5160, 5126
0.5168, 5125
0.5174, 5124
0.5180, 5123
0.5186, 5122
0.5192, 5121
0.5200, 5120
0.5205, 5119
0.5210, 5118
0.5215, 5117
0.5220, 5116
0.5226, 5115
0.5232, 5114
0.5241, 5113
0.5247, 5112
0.5255, 5111
0.5263, 5110
0.5268, 5109
0.5273, 5108
0.5279, 5107
0.5323, 5106
0.5335, 5105
0.5344, 5104
0.5358, 5103
0.5374, 5102
0.5412, 5101
0.5426, 5100
0.5433, 5099
0.5442, 5098
0.5451, 5097
0.5456, 5096
0.5464, 5095
0.5471, 5094
0.5477, 5093
0.5485, 5092
0.5491, 5091
0.5499, 5090
0.5506, 5089
0.5513, 5088
0.5546, 5087
0.5557, 5086
0.5565, 5085
0.5572, 5084
0.5580, 5083
0.5590, 5082
0.5599, 5081
0.5605, 5080
0.5614, 5079
0.5620, 5078
0.5627, 5077
0.5636, 5076
0.5644, 5075
0.5655, 5074
0.5666, 5073
0.5675, 5072
0.5681, 5071
0.5686, 5070
0.5692, 5069
0.5702, 5068
0.5719, 5067
0.5729, 5066
0.5739, 5065
0.5749, 5064
0.5763, 5063
0.5771, 5062
0.5780, 5061
0.5787, 5060
0.5797, 5059
0.5804, 5058
0.5812, 5057
0.5820, 5056
0.5827, 5055
0.5836, 5054
0.5843, 5053
0.5853, 5052
0.5860, 5051
0.5866, 5050
0.5874, 5049
0.5883, 5048
0.5893, 5047
0.5902, 5046
0.5915, 5045
0.5923, 5044
0.5931, 5043
0.5939, 5042
0.5945, 5041
0.5956, 5040
0.5963, 5039
0.5971, 5038
0.5982, 5037
0.5989, 5036
0.5994, 5035
0.6002, 5034
0.6010, 5033
0.6016, 5032
0.6023, 5031
0.6032, 5030
0.6038, 5029
0.6047, 5028
0.6052, 5027
0.6059, 5026
0.6065, 5025
0.6072, 5024
0.6078, 5023
0.6084, 5022
0.6091, 5021
0.6099, 5020
0.6108, 5019
0.6118, 5018
0.6123, 5017
0.6128, 5016
0.6134, 5015
0.6143, 5014
0.6150, 5013
0.6157, 5012
0.6164, 5011
0.6171, 5010
0.6178, 5009
0.6185, 5008
0.6191, 5007
0.6197, 5006
0.6205, 5005
0.6211, 5004
0.6219, 5003
0.6224, 5002
0.6230, 5001
0.6239, 5000
0.6245, 4999
0.6254, 4998
0.6260, 4997
0.6265, 4996
0.6272, 4995
0.6277, 4994
0.6283, 4993
0.6290, 4992
0.6295, 4991
0.6303, 4990
0.6310, 4989
0.6320, 4988
0.6327, 4987
0.6333, 4986
0.6339, 4985
0.6346, 4984
0.6353, 4983
0.6359, 4982
0.6366, 4981
0.6374, 4980
0.6384, 4979
0.6389, 4978
0.6394, 4977
0.6401, 4976
0.6411, 4975
0.6422, 4974
0.6428, 4973
0.6434, 4972
0.6441, 4971
0.6448, 4970
0.6453, 4969
0.6461, 4968
0.6468, 4967
0.6475, 4966
0.6482, 4965
0.6488, 4964
0.6493, 4963
0.6499, 4962
0.6507, 4961
0.6522, 4960
0.6528, 4959
0.6533, 4958
0.6538, 4957
0.6544, 4956
0.6552, 4955
0.6557, 4954
0.6562, 4953
0.6569, 4952
0.6576, 4951
0.6585, 4950
0.6593, 4949
0.6604, 4948
0.6610, 4947
0.6616, 4946
0.6625, 4945
0.6630, 4944
0.6636, 4943
0.6641, 4942
0.6647, 4941
0.6653, 4940
0.6658, 4939
0.6664, 4938
0.6669, 4937
0.6676, 4936
0.6683, 4935
0.6692, 4934
0.6701, 4933
0.6706, 4932
0.6712, 4931
0.6718, 4930
0.6724, 4929
0.6731, 4928
0.6736, 4927
0.6743, 4926
0.6751, 4925
0.6757, 4924
0.6763, 4923
0.6771, 4922
0.6777, 4921
0.6783, 4920
0.6789, 4919
0.6798, 4918
0.6807, 4917
0.6813, 4916
0.6821, 4915
0.6826, 4914
0.6832, 4913
0.6837, 4912
0.6842, 4911
0.6848, 4910
0.6854, 4909
0.6863, 4908
0.6868, 4907
0.6873, 4906
0.6879, 4905
0.6884, 4904
0.6890, 4903
0.6895, 4902
0.6902, 4901
0.6907, 4900
0.6916, 4899
0.6923, 4898
0.6928, 4897
0.6934, 4896
0.6939, 4895
0.6945, 4894
0.6952, 4893
0.6957, 4892
0.6965, 4891
0.6973, 4890
0.6980, 4889
0.6985, 4888
0.6991, 4887
0.6996, 4886
0.7002, 4885
0.7008, 4884
0.7014, 4883
0.7019, 4882
0.7026, 4881
0.7032, 4880
0.7038, 4879
0.7047, 4878
0.7052, 4877
0.7058, 4876
0.7065, 4875
0.7071, 4874
0.7076, 4873
0.7082, 4872
0.7090, 4871
0.7097, 4870
0.7105, 4869
0.7113, 4868
0.7118, 4867
0.7123, 4866
0.7129, 4865
0.7138, 4864
0.7146, 4863
0.7152, 4862
0.7157, 4861
0.7165, 4860
0.7171, 4859
0.7180, 4858
0.7186, 4857
0.7193, 4856
0.7202, 4855
0.7207, 4854
0.7218, 4853
0.7223, 4852
0.7228, 4851
0.7234, 4850
0.7243, 4849
0.7249, 4848
0.7256, 4847
0.7262, 4846
0.7266, 4845
0.7274, 4844
0.7279, 4843
0.7284, 4842
0.7289, 4841
0.7296, 4840
0.7303, 4839
0.7312, 4838
0.7319, 4837
0.7326, 4836
0.7331, 4835
0.7336, 4834
0.7342, 4833
0.7348, 4832
0.7354, 4831
0.7363, 4830
0.7368, 4829
0.7374, 4828
0.7380, 4827
0.7389, 4826
0.7398, 4825
0.7403, 4824
0.7410, 4823
0.7415, 4822
0.7420, 4821
0.7427, 4820
0.7431, 4819
0.7437, 4818
0.7443, 4817
0.7448, 4816
0.7453, 4815
0.7458, 4814
0.7467, 4813
0.7476, 4812
0.7483, 4811
0.7489, 4810
0.7498, 4809
0.7502, 4808
0.7507, 4807
0.7512, 4806
0.7517, 4805
0.7525, 4804
0.7534, 4803
0.7539, 4802
0.7544, 4801
0.7551, 4800
0.7557, 4799
0.7563, 4798
0.7568, 4797
0.7574, 4796
0.7580, 4795
0.7586, 4794
0.7593, 4793
0.7598, 4792
0.7606, 4791
0.7611, 4790
0.7619, 4789
0.7625, 4788
0.7631, 4787
0.7637, 4786
0.7642, 4785
0.7648, 4784
0.7653, 4783
0.7661, 4782
0.7666, 4781
0.7674, 4780
0.7682, 4779
0.7687, 4778
0.7695, 4777
0.7700, 4776
0.7706, 4775
0.7710, 4774
0.7720, 4773
0.7726, 4772
0.7733, 4771
0.7737, 4770
0.7743, 4769
0.7752, 4768
0.7758, 4767
0.7762, 4766
0.7768, 4765
0.7777, 4764
0.7785, 4763
0.7791, 4762
0.7797, 4761
0.7802, 4760
0.7807, 4759
0.7818, 4758
0.7824, 4757
0.7830, 4756
0.7838, 4755
0.7843, 4754
0.7848, 4753
0.7853, 4752
0.7858, 4751
0.7866, 4750
0.7871, 4749
0.7877, 4748
0.7882, 4747
0.7891, 4746
0.7896, 4745
0.7904, 4744
0.7911, 4743
0.7920, 4742
0.7927, 4741
0.7933, 4740
0.7939, 4739
0.7944, 4738
0.7949, 4737
0.7955, 4736
0.7964, 4735
0.7969, 4734
0.7975, 4733
0.7980, 4732
0.7985, 4731
0.7994, 4730
0.7999, 4729
0.8004, 4728
0.8009, 4727
0.8018, 4726
0.8025, 4725
0.8033, 4724
0.8042, 4723
0.8047, 4722
0.8054, 4721
0.8062, 4720
0.8067, 4719
0.8072, 4718
0.8077, 4717
0.8084, 4716
0.8092, 4715
0.8100, 4714
0.8108, 4713
0.8113, 4712
0.8120, 4711
0.8128, 4710
0.8137, 4709
0.8143, 4708
0.8152, 4707
0.8157, 4706
0.8166, 4705
0.8172, 4704
0.8179, 4703
0.8188, 4702
0.8197, 4701
0.8204, 4700
0.8213, 4699
0.8221, 4698
0.8228, 4697
0.8235, 4696
0.8243, 4695
0.8250, 4694
0.8259, 4693
0.8267, 4692
0.8276, 4691
0.8286, 4690
0.9933, 4689
1.2586, 4688
1.2793, 4687
1.3615, 4686
1.6937, 4685
1.7381, 4684
1.8051, 4683
1.9338, 4682
2.1415, 4681
2.3052, 4680
2.3649, 4679
2.5115, 4678
2.5545, 4677
2.7392, 4676
3.0420, 4675
3.0638, 4674
3.1500, 4673
3.4013, 4672
3.4218, 4671
3.4225, 4670
3.5646, 4669
3.6057, 4668
3.7065, 4667
3.8079, 4666
3.8087, 4665
3.8697, 4664
3.8903, 4663
4.3742, 4662
4.4538, 4661
4.9131, 4660
4.9539, 4659
5.1331, 4658
5.2953, 4657
5.2959, 4656
5.5766, 4655
6.0231, 4654
6.0846, 4653
6.0851, 4652
6.6252, 4651
6.7478, 4650
6.8701, 4649
7.5319, 4648
7.6418, 4647
7.7690, 4646
8.0315, 4645
8.0721, 4644
8.1330, 4643
8.1336, 4642
8.1741, 4641
8.6396, 4640
8.7415, 4639
8.7821, 4638
9.0235, 4637
9.1845, 4636
9.4469, 4635
9.5888, 4634
9.6298, 4633
9.9573, 4632
