0.1095, 4688
0.1390, 4686
0.1795, 4685
0.1901, 4683
0.2007, 4682
0.2505, 4681
0.2611, 4678
0.3675, 4676
0.3837, 4674
0.4834, 4673
0.5244, 4663
0.5351, 4661
0.5457, 4660
0.6681, 4659
0.8775, 4658
0.8881, 4657
0.8987, 4656
0.9445, 4653
1.0400, 4652
1.1002, 4650
1.1604, 4649
1.2116, 4648
1.2524, 4645
1.2733, 4644
1.3749, 4643
1.4458, 4640
1.4664, 4639
1.5072, 4637
1.5479, 4636
1.5883, 4635
1.6383, 4634
1.6686, 4633
1.7499, 4630
1.7910, 4628
1.8318, 4627
2.0024, 4626
2.0433, 4625
2.0736, 4624
2.0839, 4623
2.1048, 4616
2.1158, 4614
2.2465, 4613
2.3169, 4612
2.3473, 4611
2.3678, 4610
2.4483, 4609
2.4785, 4607
2.5103, 4606
2.6824, 4605
2.8092, 4603
2.9057, 4602
2.9787, 4601
3.1804, 4600
3.2938, 4599
3.3848, 4598
3.6063, 4597
3.7475, 4596
3.7976, 4594
3.8587, 4593
3.9489, 4592
4.0765, 4591
4.2838, 4590
4.3959, 4589
4.4667, 4588
4.5121, 4585
4.7796, 4584
4.9238, 4583
4.9442, 4582
5.0354, 4581
5.2530, 4579
5.3897, 4578
5.4564, 4576
5.5419, 4575
5.5621, 4574
5.5926, 4572
5.6446, 4570
6.4175, 4569
6.7212, 4568
6.8328, 4567
6.9452, 4566
7.3312, 4564
7.5454, 4563
8.0850, 4562
8.4100, 4561
9.2443, 4560
