0.0000, 5900
0.0006, 5899
0.0014, 5898
0.0019, 5897
0.0029, 5896
0.0037, 5895
0.0043, 5894
0.0050, 5893
0.0058, 5892
0.0064, 5891
0.0072, 5890
0.0077, 5889
0.0082, 5888
0.0088, 5887
0.0097, 5886
0.0106, 5885
0.0112, 5884
0.0125, 5883
0.0131, 5882
0.0142, 5881
0.0147, 5880
0.0157, 5879
0.0165, 5878
0.0174, 5877
0.0179, 5876
0.0184, 5875
0.0189, 5874
0.0196, 5873
0.0207, 5872
0.0212, 5871
0.0217, 5870
0.0222, 5869
0.0230, 5868
0.0235, 5867
0.0240, 5866
0.0246, 5865
0.0256, 5864
0.0264, 5863
0.0271, 5862
0.0276, 5861
0.0283, 5860
0.0289, 5859
0.0295, 5858
0.0568, 5857
0.0576, 5856
0.0584, 5855
0.0589, 5854
0.0594, 5853
0.0600, 5852
0.0611, 5851
0.0621, 5850
0.0626, 5849
0.0632, 5848
0.0639, 5847
0.0649, 5846
0.0666, 5845
0.0683, 5844
0.0689, 5843
0.0694, 5842
0.0699, 5841
0.0706, 5840
0.0713, 5839
0.0719, 5838
0.0724, 5837
0.0730, 5836
0.0736, 5835
0.0743, 5834
0.0748, 5833
0.0755, 5832
0.0760, 5831
0.0765, 5830
0.0773, 5829
0.0779, 5828
0.0784, 5827
0.0791, 5826
0.0800, 5825
0.0805, 5824
0.0810, 5823
0.0818, 5822
0.0824, 5821
0.0829, 5820
0.0834, 5819
0.0839, 5818
0.0845, 5817
0.0853, 5816
0.0859, 5815
0.0868, 5814
0.0878, 5813
0.0884, 5812
0.0890, 5811
0.0900, 5810
0.0906, 5809
0.0912, 5808
0.0918, 5807
0.0924, 5806
0.0932, 5805
0.0937, 5804
0.0942, 5803
0.0948, 5802
0.0954, 5801
0.0959, 5800
0.0968, 5799
0.0973, 5798
0.0979, 5797
0.0985, 5796
0.0991, 5795
0.0996, 5794
0.1004, 5793
0.1009, 5792
0.1014, 5791
0.1020, 5790
0.1025, 5789
0.1030, 5788
0.1036, 5787
0.1041, 5786
0.1054, 5785
0.1064, 5784
0.1073, 5783
0.1078, 5782
0.1083, 5781
0.1088, 5780
0.1095, 5779
0.1103, 5778
0.1109, 5777
0.1118, 5776
0.1125, 5775
0.1132, 5774
0.1138, 5773
0.1149, 5772
0.1155, 5771
0.1166, 5770
0.1173, 5769
0.1179, 5768
0.1187, 5767
0.1192, 5766
0.1199, 5765
0.1206, 5764
0.1212, 5763
0.1217, 5762
0.1222, 5761
0.1228, 5760
0.1237, 5759
0.1242, 5758
0.1248, 5757
0.1253, 5756
0.1258, 5755
0.1263, 5754
0.1272, 5753
0.1278, 5752
0.1284, 5751
0.1289, 5750
0.1295, 5749
0.1306, 5748
0.1311, 5747
0.1317, 5746
0.1326, 5745
0.1336, 5744
0.1342, 5743
0.1347, 5742
0.1353, 5741
0.1362, 5740
0.1368, 5739
0.1374, 5738
0.1379, 5737
0.1385, 5736
0.1390, 5735
0.1396, 5734
0.1401, 5733
0.1407, 5732
0.1412, 5731
0.1418, 5730
0.1424, 5729
0.1429, 5728
0.1435, 5727
0.1440, 5726
0.1447, 5725
0.1454, 5724
0.1461, 5723
0.1472, 5722
0.1478, 5721
0.1484, 5720
0.1491, 5719
0.1499, 5718
0.1508, 5717
0.1516, 5716
0.1526, 5715
0.1536, 5714
0.1541, 5713
0.1547, 5712
0.1553, 5711
0.1558, 5710
0.1563, 5709
0.1572, 5708
0.1579, 5707
0.1585, 5706
0.1590, 5705
0.1596, 5704
0.1601, 5703
0.1607, 5702
0.1612, 5701
0.1619, 5700
0.1630, 5699
0.1635, 5698
0.1640, 5697
0.1645, 5696
0.1656, 5695
0.1664, 5694
0.1670, 5693
0.1676, 5692
0.1681, 5691
0.1687, 5690
0.1692, 5689
0.1698, 5688
0.1704, 5687
0.1710, 5686
0.1719, 5685
0.1725, 5684
0.1731, 5683
0.1737, 5682
0.1743, 5681
0.1748, 5680
0.1755, 5679
0.1760, 5678
0.1766, 5677
0.1773, 5676
0.1779, 5675
0.1784, 5674
0.1789, 5673
0.1795, 5672
0.1801, 5671
0.1807, 5670
0.1813, 5669
0.1818, 5668
0.1824, 5667
0.1830, 5666
0.1835, 5665
0.1841, 5664
0.1847, 5663
0.1852, 5662
0.1862, 5661
0.1868, 5660
0.1876, 5659
0.1882, 5658
0.1894, 5657
0.1904, 5656
0.1912, 5655
0.1919, 5654
0.1927, 5653
0.1933, 5652
0.1939, 5651
0.1944, 5650
0.1950, 5649
0.1956, 5648
0.1964, 5647
0.1970, 5646
0.1975, 5645
0.1982, 5644
0.1988, 5643
0.1994, 5642
0.2000, 5641
0.2006, 5640
0.2014, 5639
0.2023, 5638
0.2029, 5637
0.2034, 5636
0.2041, 5635
0.2051, 5634
0.2058, 5633
0.2068, 5632
0.2077, 5631
0.2083, 5630
0.2093, 5629
0.2101, 5628
0.2108, 5627
0.2119, 5626
0.2128, 5625
0.2135, 5624
0.2144, 5623
0.2149, 5622
0.2155, 5621
0.2162, 5620
0.2169, 5619
0.2178, 5618
0.2184, 5617
0.2190, 5616
0.2195, 5615
0.2202, 5614
0.2211, 5613
0.2216, 5612
0.2222, 5611
0.2228, 5610
0.2235, 5609
0.2241, 5608
0.2247, 5607
0.2253, 5606
0.2258, 5605
0.2265, 5604
0.2270, 5603
0.2275, 5602
0.2281, 5601
0.2286, 5600
0.2292, 5599
0.2297, 5598
0.2302, 5597
0.2307, 5596
0.2313, 5595
0.2321, 5594
0.2327, 5593
0.2336, 5592
0.2342, 5591
0.2350, 5590
0.2358, 5589
0.2367, 5588
0.2373, 5587
0.2379, 5586
0.2384, 5585
0.2391, 5584
0.2401, 5583
0.2407, 5582
0.2414, 5581
0.2419, 5580
0.2425, 5579
0.2432, 5578
0.2439, 5577
0.2449, 5576
0.2455, 5575
0.2460, 5574
0.2468, 5573
0.2473, 5572
0.2479, 5571
0.2486, 5570
0.2496, 5569
0.2502, 5568
0.2511, 5567
0.2516, 5566
0.2522, 5565
0.2528, 5564
0.2534, 5563
0.2546, 5562
0.2552, 5561
0.2558, 5560
0.2564, 5559
0.2569, 5558
0.2575, 5557
0.2585, 5556
0.2590, 5555
0.2596, 5554
0.2602, 5553
0.2611, 5552
0.2617, 5551
0.2623, 5550
0.2629, 5549
0.2635, 5548
0.2642, 5547
0.2648, 5546
0.2654, 5545
0.2659, 5544
0.2665, 5543
0.2670, 5542
0.2677, 5541
0.2684, 5540
0.2689, 5539
0.2694, 5538
0.2700, 5537
0.2705, 5536
0.2711, 5535
0.2718, 5534
0.2726, 5533
0.2731, 5532
0.2737, 5531
0.2742, 5530
0.2748, 5529
0.2754, 5528
0.2759, 5527
0.2765, 5526
0.2773, 5525
0.2779, 5524
0.2786, 5523
0.2795, 5522
0.2805, 5521
0.2814, 5520
0.2821, 5519
0.2827, 5518
0.2832, 5517
0.2839, 5516
0.2845, 5515
0.2852, 5514
0.2858, 5513
0.2864, 5512
0.2870, 5511
0.2875, 5510
0.2880, 5509
0.2886, 5508
0.2892, 5507
0.2900, 5506
0.2906, 5505
0.2911, 5504
0.2917, 5503
0.2926, 5502
0.2932, 5501
0.2938, 5500
0.2944, 5499
0.2954, 5498
0.2961, 5497
0.2967, 5496
0.2973, 5495
0.2980, 5494
0.2987, 5493
0.2993, 5492
0.2998, 5491
0.3008, 5490
0.3016, 5489
0.3022, 5488
0.3027, 5487
0.3033, 5486
0.3038, 5485
0.3048, 5484
0.3053, 5483
0.3059, 5482
0.3068, 5481
0.3074, 5480
0.3080, 5479
0.3085, 5478
0.3091, 5477
0.3097, 5476
0.3104, 5475
0.3109, 5474
0.3117, 5473
0.3123, 5472
0.3129, 5471
0.3136, 5470
0.3142, 5469
0.3148, 5468
0.3154, 5467
0.3159, 5466
0.3170, 5465
0.3175, 5464
0.3180, 5463
0.3186, 5462
0.3192, 5461
0.3197, 5460
0.3204, 5459
0.3210, 5458
0.3215, 5457
0.3221, 5456
0.3230, 5455
0.3237, 5454
0.3242, 5453
0.3249, 5452
0.3254, 5451
0.3262, 5450
0.3267, 5449
0.3274, 5448
0.3280, 5447
0.3286, 5446
0.3291, 5445
0.3297, 5444
0.3307, 5443
0.3313, 5442
0.3319, 5441
0.3324, 5440
0.3331, 5439
0.3337, 5438
0.3347, 5437
0.3354, 5436
0.3360, 5435
0.3366, 5434
0.3372, 5433
0.3378, 5432
0.3388, 5431
0.3393, 5430
0.3399, 5429
0.3405, 5428
0.3410, 5427
0.3417, 5426
0.3426, 5425
0.3432, 5424
0.3439, 5423
0.3446, 5422
0.3452, 5421
0.3459, 5420
0.3469, 5419
0.3474, 5418
0.3479, 5417
0.3490, 5416
0.3495, 5415
0.3502, 5414
0.3507, 5413
0.3513, 5412
0.3519, 5411
0.3524, 5410
0.3530, 5409
0.3535, 5408
0.3540, 5407
0.3547, 5406
0.3555, 5405
0.3563, 5404
0.3570, 5403
0.3578, 5402
0.3583, 5401
0.3589, 5400
0.3597, 5399
0.3606, 5398
0.3614, 5397
0.3620, 5396
0.3626, 5395
0.3634, 5394
0.3642, 5393
0.3649, 5392
0.3657, 5391
0.3662, 5390
0.3667, 5389
0.3673, 5388
0.3679, 5387
0.3685, 5386
0.3694, 5385
0.3699, 5384
0.3706, 5383
0.3712, 5382
0.3719, 5381
0.3726, 5380
0.3731, 5379
0.3737, 5378
0.3744, 5377
0.3751, 5376
0.3757, 5375
0.3763, 5374
0.3770, 5373
0.3776, 5372
0.3782, 5371
0.3789, 5370
0.3796, 5369
0.3804, 5368
0.3811, 5367
0.3816, 5366
0.3824, 5365
0.3830, 5364
0.3837, 5363
0.3847, 5362
0.3854, 5361
0.3861, 5360
0.3868, 5359
0.3874, 5358
0.3881, 5357
0.3891, 5356
0.3897, 5355
0.3903, 5354
0.3910, 5353
0.3916, 5352
0.3922, 5351
0.3930, 5350
0.3937, 5349
0.3942, 5348
0.3948, 5347
0.3954, 5346
0.3963, 5345
0.3971, 5344
0.3977, 5343
0.3984, 5342
0.3990, 5341
0.3996, 5340
0.4002, 5339
0.4007, 5338
0.4013, 5337
0.4019, 5336
0.4025, 5335
0.4031, 5334
0.4038, 5333
0.4047, 5332
0.4057, 5331
0.4062, 5330
0.4068, 5329
0.4073, 5328
0.4079, 5327
0.4086, 5326
0.4092, 5325
0.4097, 5324
0.4104, 5323
0.4114, 5322
0.4123, 5321
0.4132, 5320
0.4140, 5319
0.4146, 5318
0.4152, 5317
0.4157, 5316
0.4165, 5315
0.4172, 5314
0.4178, 5313
0.4185, 5312
0.4193, 5311
0.4200, 5310
0.4205, 5309
0.4211, 5308
0.4220, 5307
0.4227, 5306
0.4233, 5305
0.4239, 5304
0.4245, 5303
0.4252, 5302
0.4257, 5301
0.4263, 5300
0.4270, 5299
0.4275, 5298
0.4281, 5297
0.4287, 5296
0.4294, 5295
0.4301, 5294
0.4306, 5293
0.4312, 5292
0.4320, 5291
0.4327, 5290
0.4334, 5289
0.4342, 5288
0.4349, 5287
0.4354, 5286
0.4361, 5285
0.4366, 5284
0.4373, 5283
0.4379, 5282
0.4384, 5281
0.4390, 5280
0.4395, 5279
0.4401, 5278
0.4407, 5277
0.4413, 5276
0.4420, 5275
0.4426, 5274
0.4435, 5273
0.4441, 5272
0.4446, 5271
0.4452, 5270
0.4460, 5269
0.4466, 5268
0.4471, 5267
0.4477, 5266
0.4483, 5265
0.4490, 5264
0.4496, 5263
0.4503, 5262
0.4509, 5261
0.4514, 5260
0.4522, 5259
0.4528, 5258
0.4534, 5257
0.4540, 5256
0.4548, 5255
0.4554, 5254
0.4564, 5253
0.4571, 5252
0.4578, 5251
0.4589, 5250
0.4594, 5249
0.4600, 5248
0.4606, 5247
0.4613, 5246
0.4619, 5245
0.4625, 5244
0.4632, 5243
0.4637, 5242
0.4643, 5241
0.4649, 5240
0.4655, 5239
0.4660, 5238
0.4666, 5237
0.4675, 5236
0.4680, 5235
0.4686, 5234
0.4692, 5233
0.4697, 5232
0.4705, 5231
0.4711, 5230
0.4716, 5229
0.4722, 5228
0.4728, 5227
0.4736, 5226
0.4742, 5225
0.4747, 5224
0.4757, 5223
0.4766, 5222
0.4772, 5221
0.4780, 5220
0.4787, 5219
0.4793, 5218
0.4798, 5217
0.4804, 5216
0.4811, 5215
0.4818, 5214
0.4824, 5213
0.4832, 5212
0.4839, 5211
0.4846, 5210
0.4855, 5209
0.4860, 5208
0.4867, 5207
0.4875, 5206
0.4882, 5205
0.4889, 5204
0.4898, 5203
0.4904, 5202
0.4911, 5201
0.4918, 5200
0.4925, 5199
0.4932, 5198
0.4939, 5197
0.4946, 5196
0.4952, 5195
0.4961, 5194
0.4967, 5193
0.4972, 5192
0.4978, 5191
0.4984, 5190
0.4992, 5189
0.4997, 5188
0.5002, 5187
0.5008, 5186
0.5014, 5185
0.5020, 5184
0.5026, 5183
0.5034, 5182
0.5041, 5181
0.5049, 5180
0.5058, 5179
0.5063, 5178
0.5072, 5177
0.5079, 5176
0.5085, 5175
0.5094, 5174
0.5101, 5173
0.5109, 5172
0.5114, 5171
0.5121, 5170
0.5127, 5169
0.5135, 5168
0.5142, 5167
0.5147, 5166
0.5154, 5165
0.5162, 5164
0.5168, 5163
0.5175, 5162
0.5182, 5161
0.5192, 5160
0.5200, 5159
0.5207, 5158
0.5213, 5157
0.5219, 5156
0.5224, 5155
0.5231, 5154
0.5238, 5153
0.5246, 5152
0.5253, 5151
0.5259, 5150
0.5266, 5149
0.5273, 5148
0.5280, 5147
0.5285, 5146
0.5290, 5145
0.5295, 5144
0.5303, 5143
0.5309, 5142
0.5314, 5141
0.5319, 5140
0.5325, 5139
0.5331, 5138
0.5338, 5137
0.5346, 5136
0.5352, 5135
0.5359, 5134
0.5365, 5133
0.5370, 5132
0.5376, 5131
0.5383, 5130
0.5390, 5129
0.5396, 5128
0.5403, 5127
0.5410, 5126
0.5418, 5125
0.5424, 5124
0.5429, 5123
0.5435, 5122
0.5440, 5121
0.5448, 5120
0.5453, 5119
0.5459, 5118
0.5464, 5117
0.5469, 5116
0.5474, 5115
0.5480, 5114
0.5489, 5113
0.5495, 5112
0.5503, 5111
0.5511, 5110
0.5516, 5109
0.5522, 5108
0.5527, 5107
0.5532, 5106
0.5539, 5105
0.5544, 5104
0.5551, 5103
0.5559, 5102
0.5565, 5101
0.5574, 5100
0.5580, 5099
0.5588, 5098
0.5597, 5097
0.5602, 5096
0.5610, 5095
0.5616, 5094
0.5622, 5093
0.5629, 5092
0.5636, 5091
0.5643, 5090
0.5648, 5089
0.5655, 5088
0.5662, 5087
0.5671, 5086
0.5677, 5085
0.5683, 5084
0.5689, 5083
0.5696, 5082
0.5702, 5081
0.5708, 5080
0.5714, 5079
0.5720, 5078
0.5726, 5077
0.5733, 5076
0.5738, 5075
0.5746, 5074
0.5752, 5073
0.5760, 5072
0.5766, 5071
0.5771, 5070
0.5776, 5069
0.5784, 5068
0.5794, 5067
0.5800, 5066
0.5807, 5065
0.5815, 5064
0.5825, 5063
0.5831, 5062
0.5838, 5061
0.5843, 5060
0.5851, 5059
0.5857, 5058
0.5862, 5057
0.5868, 5056
0.5874, 5055
0.5880, 5054
0.5887, 5053
0.5893, 5052
0.5899, 5051
0.5904, 5050
0.5910, 5049
0.5916, 5048
0.5924, 5047
0.5930, 5046
0.5941, 5045
0.5947, 5044
0.5953, 5043
0.5960, 5042
0.5966, 5041
0.5975, 5040
0.5980, 5039
0.5986, 5038
0.5995, 5037
0.6000, 5036
0.6005, 5035
0.6013, 5034
0.6020, 5033
0.6026, 5032
0.6033, 5031
0.6042, 5030
0.6048, 5029
0.6056, 5028
0.6062, 5027
0.6069, 5026
0.6075, 5025
0.6081, 5024
0.6087, 5023
0.6093, 5022
0.6099, 5021
0.6106, 5020
0.6116, 5019
0.6125, 5018
0.6130, 5017
0.6135, 5016
0.6141, 5015
0.6150, 5014
0.6156, 5013
0.6163, 5012
0.6170, 5011
0.6177, 5010
0.6184, 5009
0.6189, 5008
0.6195, 5007
0.6201, 5006
0.6210, 5005
0.6215, 5004
0.6223, 5003
0.6228, 5002
0.6234, 5001
0.6244, 5000
0.6249, 4999
0.6258, 4998
0.6264, 4997
0.6270, 4996
0.6277, 4995
0.6282, 4994
0.6288, 4993
0.6296, 4992
0.6301, 4991
0.6309, 4990
0.6316, 4989
0.6326, 4988
0.6333, 4987
0.6339, 4986
0.6345, 4985
0.6351, 4984
0.6358, 4983
0.6364, 4982
0.6371, 4981
0.6379, 4980
0.6388, 4979
0.6393, 4978
0.6399, 4977
0.6406, 4976
0.6415, 4975
0.6425, 4974
0.6430, 4973
0.6436, 4972
0.6443, 4971
0.6450, 4970
0.6455, 4969
0.6463, 4968
0.6470, 4967
0.6476, 4966
0.6483, 4965
0.6489, 4964
0.6494, 4963
0.6499, 4962
0.6506, 4961
0.6514, 4960
0.6519, 4959
0.6524, 4958
0.6529, 4957
0.6535, 4956
0.6543, 4955
0.6548, 4954
0.6553, 4953
0.6559, 4952
0.6566, 4951
0.6576, 4950
0.6584, 4949
0.6595, 4948
0.6601, 4947
0.6607, 4946
0.6615, 4945
0.6621, 4944
0.6627, 4943
0.6633, 4942
0.6639, 4941
0.6644, 4940
0.6649, 4939
0.6656, 4938
0.6661, 4937
0.6667, 4936
0.6673, 4935
0.6683, 4934
0.6691, 4933
0.6697, 4932
0.6702, 4931
0.6708, 4930
0.6715, 4929
0.6721, 4928
0.6726, 4927
0.6733, 4926
0.6740, 4925
0.6746, 4924
0.6752, 4923
0.6760, 4922
0.6766, 4921
0.6772, 4920
0.6778, 4919
0.6787, 4918
0.6796, 4917
0.6801, 4916
0.6809, 4915
0.6814, 4914
0.6820, 4913
0.6825, 4912
0.6830, 4911
0.6835, 4910
0.6840, 4909
0.6849, 4908
0.6854, 4907
0.6860, 4906
0.6866, 4905
0.6871, 4904
0.6876, 4903
0.6882, 4902
0.6888, 4901
0.6893, 4900
0.6903, 4899
0.6910, 4898
0.6915, 4897
0.6920, 4896
0.6925, 4895
0.6933, 4894
0.6939, 4893
0.6944, 4892
0.6953, 4891
0.6961, 4890
0.6968, 4889
0.6973, 4888
0.6978, 4887
0.6984, 4886
0.6990, 4885
0.6995, 4884
0.7001, 4883
0.7007, 4882
0.7012, 4881
0.7018, 4880
0.7024, 4879
0.7033, 4878
0.7038, 4877
0.7043, 4876
0.7050, 4875
0.7056, 4874
0.7061, 4873
0.7067, 4872
0.7074, 4871
0.7082, 4870
0.7089, 4869
0.7097, 4868
0.7103, 4867
0.7108, 4866
0.7113, 4865
0.7122, 4864
0.7130, 4863
0.7136, 4862
0.7141, 4861
0.7148, 4860
0.7155, 4859
0.7162, 4858
0.7168, 4857
0.7175, 4856
0.7183, 4855
0.7189, 4854
0.7200, 4853
0.7205, 4852
0.7210, 4851
0.7216, 4850
0.7225, 4849
0.7231, 4848
0.7238, 4847
0.7243, 4846
0.7248, 4845
0.7256, 4844
0.7261, 4843
0.7266, 4842
0.7271, 4841
0.7278, 4840
0.7285, 4839
0.7294, 4838
0.7301, 4837
0.7308, 4836
0.7312, 4835
0.7318, 4834
0.7324, 4833
0.7330, 4832
0.7335, 4831
0.7344, 4830
0.7350, 4829
0.7356, 4828
0.7362, 4827
0.7371, 4826
0.7379, 4825
0.7385, 4824
0.7392, 4823
0.7397, 4822
0.7402, 4821
0.7409, 4820
0.7413, 4819
0.7420, 4818
0.7425, 4817
0.7430, 4816
0.7435, 4815
0.7441, 4814
0.7449, 4813
0.7458, 4812
0.7464, 4811
0.7469, 4810
0.7478, 4809
0.7483, 4808
0.7488, 4807
0.7493, 4806
0.7498, 4805
0.7506, 4804
0.7515, 4803
0.7519, 4802
0.7525, 4801
0.7532, 4800
0.7538, 4799
0.7543, 4798
0.7548, 4797
0.7554, 4796
0.7560, 4795
0.7566, 4794
0.7573, 4793
0.7578, 4792
0.7585, 4791
0.7591, 4790
0.7599, 4789
0.7604, 4788
0.7611, 4787
0.7616, 4786
0.7621, 4785
0.7626, 4784
0.7631, 4783
0.7639, 4782
0.7644, 4781
0.7652, 4780
0.7660, 4779
0.7665, 4778
0.7673, 4777
0.7679, 4776
0.7684, 4775
0.7689, 4774
0.7698, 4773
0.7704, 4772
0.7711, 4771
0.7716, 4770
0.7722, 4769
0.7730, 4768
0.7736, 4767
0.7741, 4766
0.7746, 4765
0.7755, 4764
0.7763, 4763
0.7769, 4762
0.7775, 4761
0.7780, 4760
0.7786, 4759
0.7797, 4758
0.7803, 4757
0.7808, 4756
0.7816, 4755
0.7821, 4754
0.7826, 4753
0.7831, 4752
0.7836, 4751
0.7844, 4750
0.7850, 4749
0.7855, 4748
0.7860, 4747
0.7869, 4746
0.7875, 4745
0.7883, 4744
0.7891, 4743
0.7900, 4742
0.7908, 4741
0.7913, 4740
0.7919, 4739
0.7924, 4738
0.7929, 4737
0.7936, 4736
0.7945, 4735
0.7950, 4734
0.7956, 4733
0.7962, 4732
0.7967, 4731
0.7975, 4730
0.7980, 4729
0.7985, 4728
0.7991, 4727
0.7999, 4726
0.8007, 4725
0.8015, 4724
0.8024, 4723
0.8028, 4722
0.8036, 4721
0.8044, 4720
0.8049, 4719
0.8054, 4718
0.8059, 4717
0.8067, 4716
0.8075, 4715
0.8082, 4714
0.8090, 4713
0.8095, 4712
0.8103, 4711
0.8111, 4710
0.8121, 4709
0.8128, 4708
0.8137, 4707
0.8143, 4706
0.8151, 4705
0.8158, 4704
0.8165, 4703
0.8174, 4702
0.8183, 4701
0.8191, 4700
0.8199, 4699
0.8207, 4698
0.8214, 4697
0.8221, 4696
0.8229, 4695
0.8236, 4694
0.8245, 4693
0.8253, 4692
0.8263, 4691
0.8272, 4690
0.9939, 4689
1.2373, 4688
1.2789, 4687
1.3973, 4686
1.6459, 4685
1.7055, 4684
1.7871, 4683
1.8916, 4682
2.0337, 4681
2.2452, 4680
2.3087, 4679
2.4674, 4678
2.5935, 4677
2.7038, 4676
3.0586, 4675
3.0838, 4674
3.2825, 4673
3.4330, 4672
3.4338, 4671
3.5063, 4670
3.5923, 4669
3.6370, 4668
3.7855, 4667
3.8698, 4666
3.9311, 4665
3.9318, 4664
3.9554, 4663
4.4316, 4662
4.5111, 4661
4.9630, 4660
5.0234, 4659
5.2093, 4658
5.2784, 4657
5.4499, 4656
5.6374, 4655
6.1256, 4654
6.1884, 4653
6.1889, 4652
6.9045, 4651
7.1077, 4650
7.2115, 4649
7.9459, 4648
8.0514, 4647
8.1783, 4646
8.4691, 4645
8.5575, 4644
8.5581, 4643
8.5592, 4642
8.6104, 4641
9.1469, 4640
9.2500, 4639
9.3415, 4638
9.5742, 4637
9.7133, 4636
