0.1474, 4688
0.1791, 4687
0.1905, 4686
0.2418, 4685
0.2728, 4683
0.2830, 4682
0.3137, 4681
0.3246, 4678
0.4208, 4677
0.4312, 4676
0.4415, 4675
0.4520, 4674
0.4722, 4673
0.5128, 4672
0.5539, 4671
0.5944, 4670
0.6552, 4669
0.7261, 4668
0.7365, 4667
0.9166, 4666
0.9901, 4665
1.0426, 4664
1.0948, 4663
1.1052, 4662
1.1157, 4658
1.1674, 4657
1.2137, 4656
1.2792, 4655
1.3332, 4653
1.4556, 4652
1.4658, 4651
1.4761, 4650
1.5065, 4649
1.6081, 4648
1.7500, 4644
1.8814, 4643
1.8923, 4642
1.9228, 4641
2.0141, 4640
2.0455, 4639
2.0909, 4638
2.1658, 4635
2.2457, 4634
2.2659, 4632
2.3279, 4631
2.3384, 4630
2.4297, 4629
2.4500, 4628
2.5218, 4625
2.5521, 4624
2.6664, 4621
2.6870, 4620
2.8587, 4619
2.9195, 4618
2.9297, 4617
2.9814, 4611
3.0944, 4609
3.1557, 4608
3.2470, 4607
3.3586, 4606
3.3887, 4605
3.4618, 4602
3.5028, 4601
3.6860, 4599
3.7167, 4598
4.2206, 4597
4.3211, 4596
4.4528, 4594
4.4836, 4593
4.6657, 4592
4.9257, 4591
4.9510, 4590
5.3164, 4587
5.7998, 4586
6.0791, 4585
6.1913, 4584
6.3025, 4583
6.3237, 4582
6.5361, 4581
7.3897, 4580
7.5927, 4577
9.9854, 4575
9.9972, 4574
10.1013, 4573
10.1419, 4572
