0.0000, 5900
0.0005, 5899
0.0012, 5898
0.0018, 5897
0.0028, 5896
0.0036, 5895
0.0043, 5894
0.0049, 5893
0.0057, 5892
0.0062, 5891
0.0071, 5890
0.0076, 5889
0.0081, 5888
0.0086, 5887
0.0095, 5886
0.0104, 5885
0.0111, 5884
0.0123, 5883
0.0129, 5882
0.0140, 5881
0.0145, 5880
0.0154, 5879
0.0163, 5878
0.0172, 5877
0.0178, 5876
0.0183, 5875
0.0188, 5874
0.0194, 5873
0.0205, 5872
0.0210, 5871
0.0216, 5870
0.0221, 5869
0.0227, 5868
0.0232, 5867
0.0237, 5866
0.0242, 5865
0.0251, 5864
0.0259, 5863
0.0265, 5862
0.0270, 5861
0.0276, 5860
0.0282, 5859
0.0287, 5858
0.0292, 5857
0.0298, 5856
0.0304, 5855
0.0309, 5854
0.0315, 5853
0.0320, 5852
0.0331, 5851
0.0339, 5850
0.0345, 5849
0.0350, 5848
0.0356, 5847
0.0363, 5846
0.0368, 5845
0.0376, 5844
0.0381, 5843
0.0386, 5842
0.0391, 5841
0.0399, 5840
0.0406, 5839
0.0411, 5838
0.0416, 5837
0.0423, 5836
0.0428, 5835
0.0435, 5834
0.0440, 5833
0.0447, 5832
0.0452, 5831
0.0457, 5830
0.0465, 5829
0.0470, 5828
0.0475, 5827
0.0481, 5826
0.0490, 5825
0.0495, 5824
0.0501, 5823
0.0509, 5822
0.0514, 5821
0.0519, 5820
0.0525, 5819
0.0530, 5818
0.0535, 5817
0.0544, 5816
0.0549, 5815
0.0559, 5814
0.0569, 5813
0.0575, 5812
0.0581, 5811
0.0591, 5810
0.0597, 5809
0.0603, 5808
0.0610, 5807
0.0615, 5806
0.0623, 5805
0.0628, 5804
0.0633, 5803
0.0638, 5802
0.0644, 5801
0.0649, 5800
0.0658, 5799
0.0663, 5798
0.0669, 5797
0.0675, 5796
0.0681, 5795
0.0686, 5794
0.0694, 5793
0.0699, 5792
0.0705, 5791
0.0710, 5790
0.0716, 5789
0.0721, 5788
0.0727, 5787
0.0732, 5786
0.0745, 5785
0.0755, 5784
0.0763, 5783
0.0768, 5782
0.0774, 5781
0.0779, 5780
0.0786, 5779
0.0793, 5778
0.0799, 5777
0.0807, 5776
0.0814, 5775
0.0820, 5774
0.0826, 5773
0.0837, 5772
0.0843, 5771
0.0855, 5770
0.0861, 5769
0.0867, 5768
0.0874, 5767
0.0879, 5766
0.0886, 5765
0.0894, 5764
0.0899, 5763
0.0904, 5762
0.0910, 5761
0.0915, 5760
0.0925, 5759
0.0930, 5758
0.0935, 5757
0.0940, 5756
0.0945, 5755
0.0951, 5754
0.0959, 5753
0.0965, 5752
0.0971, 5751
0.0976, 5750
0.0981, 5749
0.0990, 5748
0.0995, 5747
0.1000, 5746
0.1009, 5745
0.1020, 5744
0.1025, 5743
0.1031, 5742
0.1036, 5741
0.1046, 5740
0.1052, 5739
0.1058, 5738
0.1063, 5737
0.1069, 5736
0.1074, 5735
0.1080, 5734
0.1085, 5733
0.1091, 5732
0.1096, 5731
0.1102, 5730
0.1108, 5729
0.1113, 5728
0.1119, 5727
0.1124, 5726
0.1130, 5725
0.1137, 5724
0.1143, 5723
0.1153, 5722
0.1160, 5721
0.1165, 5720
0.1173, 5719
0.1180, 5718
0.1190, 5717
0.1198, 5716
0.1207, 5715
0.1217, 5714
0.1222, 5713
0.1228, 5712
0.1234, 5711
0.1240, 5710
0.1245, 5709
0.1253, 5708
0.1260, 5707
0.1267, 5706
0.1272, 5705
0.1277, 5704
0.1282, 5703
0.1288, 5702
0.1293, 5701
0.1300, 5700
0.1310, 5699
0.1315, 5698
0.1320, 5697
0.1325, 5696
0.1336, 5695
0.1343, 5694
0.1350, 5693
0.1355, 5692
0.1361, 5691
0.1366, 5690
0.1372, 5689
0.1378, 5688
0.1384, 5687
0.1389, 5686
0.1399, 5685
0.1405, 5684
0.1410, 5683
0.1416, 5682
0.1422, 5681
0.1428, 5680
0.1434, 5679
0.1440, 5678
0.1446, 5677
0.1451, 5676
0.1457, 5675
0.1463, 5674
0.1468, 5673
0.1473, 5672
0.1479, 5671
0.1485, 5670
0.1491, 5669
0.1496, 5668
0.1502, 5667
0.1508, 5666
0.1513, 5665
0.1519, 5664
0.1525, 5663
0.1531, 5662
0.1540, 5661
0.1546, 5660
0.1555, 5659
0.1561, 5658
0.1572, 5657
0.1582, 5656
0.1590, 5655
0.1597, 5654
0.1604, 5653
0.1610, 5652
0.1616, 5651
0.1622, 5650
0.1627, 5649
0.1633, 5648
0.1640, 5647
0.1646, 5646
0.1651, 5645
0.1659, 5644
0.1664, 5643
0.1670, 5642
0.1676, 5641
0.1683, 5640
0.1691, 5639
0.1700, 5638
0.1705, 5637
0.1711, 5636
0.1717, 5635
0.1728, 5634
0.1734, 5633
0.1744, 5632
0.1753, 5631
0.1758, 5630
0.1768, 5629
0.1777, 5628
0.1783, 5627
0.1793, 5626
0.1801, 5625
0.1808, 5624
0.1816, 5623
0.1822, 5622
0.1828, 5621
0.1835, 5620
0.1841, 5619
0.1851, 5618
0.1856, 5617
0.1862, 5616
0.1868, 5615
0.1875, 5614
0.1884, 5613
0.1889, 5612
0.1895, 5611
0.1900, 5610
0.1908, 5609
0.1914, 5608
0.1920, 5607
0.1925, 5606
0.1931, 5605
0.1937, 5604
0.1943, 5603
0.1948, 5602
0.1953, 5601
0.1959, 5600
0.1964, 5599
0.1969, 5598
0.1975, 5597
0.1980, 5596
0.1986, 5595
0.1994, 5594
0.2000, 5593
0.2009, 5592
0.2015, 5591
0.2023, 5590
0.2031, 5589
0.2040, 5588
0.2046, 5587
0.2052, 5586
0.2058, 5585
0.2065, 5584
0.2075, 5583
0.2081, 5582
0.2087, 5581
0.2093, 5580
0.2099, 5579
0.2106, 5578
0.2112, 5577
0.2122, 5576
0.2128, 5575
0.2134, 5574
0.2141, 5573
0.2147, 5572
0.2152, 5571
0.2159, 5570
0.2168, 5569
0.2174, 5568
0.2183, 5567
0.2189, 5566
0.2194, 5565
0.2200, 5564
0.2207, 5563
0.2218, 5562
0.2225, 5561
0.2230, 5560
0.2236, 5559
0.2241, 5558
0.2247, 5557
0.2257, 5556
0.2262, 5555
0.2268, 5554
0.2274, 5553
0.2283, 5552
0.2289, 5551
0.2295, 5550
0.2301, 5549
0.2307, 5548
0.2314, 5547
0.2320, 5546
0.2326, 5545
0.2331, 5544
0.2336, 5543
0.2342, 5542
0.2348, 5541
0.2355, 5540
0.2360, 5539
0.2365, 5538
0.2371, 5537
0.2377, 5536
0.2382, 5535
0.2389, 5534
0.2397, 5533
0.2403, 5532
0.2408, 5531
0.2414, 5530
0.2420, 5529
0.2425, 5528
0.2431, 5527
0.2436, 5526
0.2444, 5525
0.2450, 5524
0.2457, 5523
0.2466, 5522
0.2476, 5521
0.2485, 5520
0.2492, 5519
0.2498, 5518
0.2503, 5517
0.2510, 5516
0.2516, 5515
0.2524, 5514
0.2530, 5513
0.2536, 5512
0.2541, 5511
0.2547, 5510
0.2552, 5509
0.2558, 5508
0.2564, 5507
0.2571, 5506
0.2576, 5505
0.2582, 5504
0.2587, 5503
0.2596, 5502
0.2602, 5501
0.2608, 5500
0.2614, 5499
0.2623, 5498
0.2630, 5497
0.2636, 5496
0.2642, 5495
0.2649, 5494
0.2655, 5493
0.2661, 5492
0.2666, 5491
0.2676, 5490
0.2684, 5489
0.2690, 5488
0.2696, 5487
0.2702, 5486
0.2707, 5485
0.2717, 5484
0.2722, 5483
0.2728, 5482
0.2738, 5481
0.2744, 5480
0.2749, 5479
0.2754, 5478
0.2760, 5477
0.2766, 5476
0.2772, 5475
0.2777, 5474
0.2785, 5473
0.2791, 5472
0.2797, 5471
0.2803, 5470
0.2809, 5469
0.2815, 5468
0.2820, 5467
0.2826, 5466
0.2836, 5465
0.2842, 5464
0.2847, 5463
0.2852, 5462
0.2859, 5461
0.2864, 5460
0.2870, 5459
0.2877, 5458
0.2882, 5457
0.2888, 5456
0.2896, 5455
0.2903, 5454
0.2908, 5453
0.2915, 5452
0.2920, 5451
0.2928, 5450
0.2933, 5449
0.2940, 5448
0.2946, 5447
0.2952, 5446
0.2957, 5445
0.2963, 5444
0.2973, 5443
0.2979, 5442
0.2985, 5441
0.2991, 5440
0.2997, 5439
0.3003, 5438
0.3013, 5437
0.3020, 5436
0.3026, 5435
0.3033, 5434
0.3039, 5433
0.3044, 5432
0.3054, 5431
0.3060, 5430
0.3066, 5429
0.3072, 5428
0.3077, 5427
0.3084, 5426
0.3093, 5425
0.3099, 5424
0.3105, 5423
0.3112, 5422
0.3119, 5421
0.3126, 5420
0.3135, 5419
0.3141, 5418
0.3146, 5417
0.3156, 5416
0.3162, 5415
0.3168, 5414
0.3174, 5413
0.3180, 5412
0.3186, 5411
0.3191, 5410
0.3197, 5409
0.3202, 5408
0.3207, 5407
0.3214, 5406
0.3222, 5405
0.3231, 5404
0.3238, 5403
0.3246, 5402
0.3251, 5401
0.3257, 5400
0.3264, 5399
0.3273, 5398
0.3280, 5397
0.3286, 5396
0.3292, 5395
0.3300, 5394
0.3308, 5393
0.3315, 5392
0.3322, 5391
0.3327, 5390
0.3332, 5389
0.3339, 5388
0.3345, 5387
0.3350, 5386
0.3359, 5385
0.3364, 5384
0.3372, 5383
0.3378, 5382
0.3385, 5381
0.3392, 5380
0.3397, 5379
0.3403, 5378
0.3411, 5377
0.3417, 5376
0.3423, 5375
0.3429, 5374
0.3436, 5373
0.3442, 5372
0.3447, 5371
0.3454, 5370
0.3461, 5369
0.3468, 5368
0.3475, 5367
0.3481, 5366
0.3488, 5365
0.3494, 5364
0.3501, 5363
0.3511, 5362
0.3517, 5361
0.3525, 5360
0.3532, 5359
0.3538, 5358
0.3545, 5357
0.3555, 5356
0.3561, 5355
0.3567, 5354
0.3573, 5353
0.3580, 5352
0.3586, 5351
0.3594, 5350
0.3600, 5349
0.3606, 5348
0.3612, 5347
0.3618, 5346
0.3627, 5345
0.3635, 5344
0.3640, 5343
0.3648, 5342
0.3654, 5341
0.3659, 5340
0.3665, 5339
0.3671, 5338
0.3677, 5337
0.3683, 5336
0.3689, 5335
0.3695, 5334
0.3702, 5333
0.3710, 5332
0.3720, 5331
0.3726, 5330
0.3732, 5329
0.3737, 5328
0.3743, 5327
0.3749, 5326
0.3755, 5325
0.3761, 5324
0.3767, 5323
0.3777, 5322
0.3787, 5321
0.3796, 5320
0.3804, 5319
0.3809, 5318
0.3815, 5317
0.3821, 5316
0.3828, 5315
0.3835, 5314
0.3842, 5313
0.3848, 5312
0.3856, 5311
0.3863, 5310
0.3869, 5309
0.3875, 5308
0.3884, 5307
0.3891, 5306
0.3897, 5305
0.3903, 5304
0.3909, 5303
0.3915, 5302
0.3921, 5301
0.3926, 5300
0.3933, 5299
0.3938, 5298
0.3944, 5297
0.3950, 5296
0.3958, 5295
0.3964, 5294
0.3969, 5293
0.3975, 5292
0.3983, 5291
0.3990, 5290
0.3997, 5289
0.4005, 5288
0.4011, 5287
0.4017, 5286
0.4023, 5285
0.4029, 5284
0.4036, 5283
0.4041, 5282
0.4047, 5281
0.4052, 5280
0.4058, 5279
0.4063, 5278
0.4069, 5277
0.4075, 5276
0.4082, 5275
0.4089, 5274
0.4098, 5273
0.4103, 5272
0.4109, 5271
0.4114, 5270
0.4121, 5269
0.4127, 5268
0.4133, 5267
0.4138, 5266
0.4144, 5265
0.4151, 5264
0.4158, 5263
0.4164, 5262
0.4170, 5261
0.4175, 5260
0.4184, 5259
0.4189, 5258
0.4195, 5257
0.4202, 5256
0.4209, 5255
0.4216, 5254
0.4225, 5253
0.4233, 5252
0.4240, 5251
0.4251, 5250
0.4256, 5249
0.4262, 5248
0.4268, 5247
0.4275, 5246
0.4281, 5245
0.4287, 5244
0.4294, 5243
0.4299, 5242
0.4305, 5241
0.4311, 5240
0.4317, 5239
0.4322, 5238
0.4328, 5237
0.4337, 5236
0.4342, 5235
0.4348, 5234
0.4355, 5233
0.4360, 5232
0.4368, 5231
0.4373, 5230
0.4379, 5229
0.4385, 5228
0.4391, 5227
0.4399, 5226
0.4405, 5225
0.4410, 5224
0.4420, 5223
0.4429, 5222
0.4435, 5221
0.4443, 5220
0.4450, 5219
0.4456, 5218
0.4461, 5217
0.4467, 5216
0.4475, 5215
0.4482, 5214
0.4487, 5213
0.4495, 5212
0.4502, 5211
0.4509, 5210
0.4518, 5209
0.4524, 5208
0.4530, 5207
0.4538, 5206
0.4546, 5205
0.4552, 5204
0.4560, 5203
0.4567, 5202
0.4573, 5201
0.4580, 5200
0.4587, 5199
0.4594, 5198
0.4601, 5197
0.4608, 5196
0.4614, 5195
0.4622, 5194
0.4628, 5193
0.4633, 5192
0.4639, 5191
0.4645, 5190
0.4652, 5189
0.4657, 5188
0.4662, 5187
0.4668, 5186
0.4674, 5185
0.4680, 5184
0.4686, 5183
0.4694, 5182
0.4701, 5181
0.4709, 5180
0.4718, 5179
0.4723, 5178
0.4732, 5177
0.4739, 5176
0.4745, 5175
0.4753, 5174
0.4760, 5173
0.4768, 5172
0.4773, 5171
0.4780, 5170
0.4785, 5169
0.4793, 5168
0.4799, 5167
0.4804, 5166
0.4811, 5165
0.4819, 5164
0.4825, 5163
0.4832, 5162
0.4839, 5161
0.4848, 5160
0.4856, 5159
0.4863, 5158
0.4870, 5157
0.4876, 5156
0.4881, 5155
0.4888, 5154
0.4894, 5153
0.4903, 5152
0.4910, 5151
0.4915, 5150
0.4922, 5149
0.4928, 5148
0.4935, 5147
0.4940, 5146
0.4945, 5145
0.4950, 5144
0.4957, 5143
0.4963, 5142
0.4968, 5141
0.4974, 5140
0.4980, 5139
0.4986, 5138
0.4992, 5137
0.5000, 5136
0.5006, 5135
0.5013, 5134
0.5019, 5133
0.5025, 5132
0.5031, 5131
0.5038, 5130
0.5045, 5129
0.5052, 5128
0.5058, 5127
0.5065, 5126
0.5073, 5125
0.5079, 5124
0.5084, 5123
0.5090, 5122
0.5095, 5121
0.5103, 5120
0.5108, 5119
0.5113, 5118
0.5118, 5117
0.5123, 5116
0.5129, 5115
0.5135, 5114
0.5143, 5113
0.5150, 5112
0.5158, 5111
0.5166, 5110
0.5171, 5109
0.5176, 5108
0.5182, 5107
0.5187, 5106
0.5194, 5105
0.5200, 5104
0.5207, 5103
0.5214, 5102
0.5220, 5101
0.5229, 5100
0.5235, 5099
0.5243, 5098
0.5250, 5097
0.5256, 5096
0.5263, 5095
0.5269, 5094
0.5274, 5093
0.5281, 5092
0.5287, 5091
0.5294, 5090
0.5299, 5089
0.5306, 5088
0.5313, 5087
0.5322, 5086
0.5328, 5085
0.5334, 5084
0.5340, 5083
0.5347, 5082
0.5354, 5081
0.5359, 5080
0.5367, 5079
0.5372, 5078
0.5378, 5077
0.5384, 5076
0.5390, 5075
0.5398, 5074
0.5405, 5073
0.5412, 5072
0.5418, 5071
0.5423, 5070
0.5428, 5069
0.5436, 5068
0.5445, 5067
0.5451, 5066
0.5458, 5065
0.5466, 5064
0.5476, 5063
0.5482, 5062
0.5489, 5061
0.5494, 5060
0.5502, 5059
0.5508, 5058
0.5513, 5057
0.5519, 5056
0.5525, 5055
0.5532, 5054
0.5538, 5053
0.5545, 5052
0.5551, 5051
0.5556, 5050
0.5562, 5049
0.5568, 5048
0.5575, 5047
0.5582, 5046
0.5592, 5045
0.5598, 5044
0.5603, 5043
0.5610, 5042
0.5615, 5041
0.5624, 5040
0.5629, 5039
0.5635, 5038
0.5644, 5037
0.5649, 5036
0.5654, 5035
0.5663, 5034
0.5670, 5033
0.5677, 5032
0.5684, 5031
0.5693, 5030
0.5700, 5029
0.5708, 5028
0.5713, 5027
0.5720, 5026
0.5726, 5025
0.5733, 5024
0.5739, 5023
0.5745, 5022
0.5751, 5021
0.5758, 5020
0.5768, 5019
0.5777, 5018
0.5782, 5017
0.5788, 5016
0.5793, 5015
0.5803, 5014
0.5809, 5013
0.5816, 5012
0.5823, 5011
0.5829, 5010
0.5836, 5009
0.5842, 5008
0.5847, 5007
0.5853, 5006
0.5863, 5005
0.5868, 5004
0.5876, 5003
0.5882, 5002
0.5887, 5001
0.5896, 5000
0.5902, 4999
0.5911, 4998
0.5917, 4997
0.5922, 4996
0.5929, 4995
0.5934, 4994
0.5940, 4993
0.5947, 4992
0.5952, 4991
0.5960, 4990
0.5967, 4989
0.5977, 4988
0.5984, 4987
0.5990, 4986
0.5996, 4985
0.6002, 4984
0.6009, 4983
0.6015, 4982
0.6023, 4981
0.6031, 4980
0.6040, 4979
0.6045, 4978
0.6050, 4977
0.6057, 4976
0.6066, 4975
0.6076, 4974
0.6081, 4973
0.6087, 4972
0.6094, 4971
0.6101, 4970
0.6106, 4969
0.6114, 4968
0.6120, 4967
0.6127, 4966
0.6134, 4965
0.6139, 4964
0.6145, 4963
0.6150, 4962
0.6157, 4961
0.6164, 4960
0.6170, 4959
0.6175, 4958
0.6180, 4957
0.6186, 4956
0.6194, 4955
0.6199, 4954
0.6204, 4953
0.6210, 4952
0.6218, 4951
0.6227, 4950
0.6235, 4949
0.6246, 4948
0.6252, 4947
0.6258, 4946
0.6266, 4945
0.6271, 4944
0.6277, 4943
0.6282, 4942
0.6288, 4941
0.6293, 4940
0.6298, 4939
0.6305, 4938
0.6310, 4937
0.6317, 4936
0.6323, 4935
0.6332, 4934
0.6341, 4933
0.6346, 4932
0.6351, 4931
0.6358, 4930
0.6364, 4929
0.6371, 4928
0.6376, 4927
0.6382, 4926
0.6389, 4925
0.6395, 4924
0.6401, 4923
0.6409, 4922
0.6415, 4921
0.6421, 4920
0.6427, 4919
0.6436, 4918
0.6445, 4917
0.6450, 4916
0.6458, 4915
0.6463, 4914
0.6469, 4913
0.6474, 4912
0.6479, 4911
0.6484, 4910
0.6489, 4909
0.6498, 4908
0.6503, 4907
0.6509, 4906
0.6515, 4905
0.6520, 4904
0.6525, 4903
0.6531, 4902
0.6538, 4901
0.6543, 4900
0.6552, 4899
0.6559, 4898
0.6564, 4897
0.6569, 4896
0.6574, 4895
0.6581, 4894
0.6587, 4893
0.6592, 4892
0.6601, 4891
0.6608, 4890
0.6615, 4889
0.6620, 4888
0.6626, 4887
0.6631, 4886
0.6637, 4885
0.6642, 4884
0.6649, 4883
0.6654, 4882
0.6660, 4881
0.6666, 4880
0.6672, 4879
0.6681, 4878
0.6686, 4877
0.6691, 4876
0.6699, 4875
0.6704, 4874
0.6709, 4873
0.6715, 4872
0.6722, 4871
0.6730, 4870
0.6737, 4869
0.6745, 4868
0.6751, 4867
0.6756, 4866
0.6761, 4865
0.6770, 4864
0.6778, 4863
0.6784, 4862
0.6789, 4861
0.6796, 4860
0.6803, 4859
0.6810, 4858
0.6816, 4857
0.6823, 4856
0.6832, 4855
0.6837, 4854
0.6848, 4853
0.6853, 4852
0.6858, 4851
0.6864, 4850
0.6873, 4849
0.6879, 4848
0.6886, 4847
0.6892, 4846
0.6897, 4845
0.6904, 4844
0.6909, 4843
0.6914, 4842
0.6919, 4841
0.6926, 4840
0.6933, 4839
0.6942, 4838
0.6949, 4837
0.6956, 4836
0.6961, 4835
0.6966, 4834
0.6973, 4833
0.6978, 4832
0.6984, 4831
0.6993, 4830
0.6998, 4829
0.7004, 4828
0.7011, 4827
0.7020, 4826
0.7028, 4825
0.7033, 4824
0.7040, 4823
0.7045, 4822
0.7051, 4821
0.7057, 4820
0.7062, 4819
0.7068, 4818
0.7074, 4817
0.7079, 4816
0.7084, 4815
0.7089, 4814
0.7098, 4813
0.7107, 4812
0.7113, 4811
0.7118, 4810
0.7127, 4809
0.7132, 4808
0.7137, 4807
0.7142, 4806
0.7146, 4805
0.7155, 4804
0.7164, 4803
0.7168, 4802
0.7174, 4801
0.7181, 4800
0.7187, 4799
0.7192, 4798
0.7197, 4797
0.7203, 4796
0.7209, 4795
0.7215, 4794
0.7222, 4793
0.7227, 4792
0.7235, 4791
0.7240, 4790
0.7248, 4789
0.7253, 4788
0.7259, 4787
0.7265, 4786
0.7270, 4785
0.7275, 4784
0.7280, 4783
0.7287, 4782
0.7293, 4781
0.7301, 4780
0.7309, 4779
0.7314, 4778
0.7322, 4777
0.7327, 4776
0.7333, 4775
0.7338, 4774
0.7347, 4773
0.7353, 4772
0.7360, 4771
0.7365, 4770
0.7371, 4769
0.7379, 4768
0.7385, 4767
0.7390, 4766
0.7395, 4765
0.7404, 4764
0.7412, 4763
0.7418, 4762
0.7425, 4761
0.7429, 4760
0.7435, 4759
0.7446, 4758
0.7452, 4757
0.7457, 4756
0.7465, 4755
0.7470, 4754
0.7476, 4753
0.7481, 4752
0.7486, 4751
0.7494, 4750
0.7500, 4749
0.7505, 4748
0.7511, 4747
0.7519, 4746
0.7525, 4745
0.7533, 4744
0.7540, 4743
0.7548, 4742
0.7556, 4741
0.7562, 4740
0.7567, 4739
0.7572, 4738
0.7577, 4737
0.7583, 4736
0.7592, 4735
0.7596, 4734
0.7603, 4733
0.7608, 4732
0.7613, 4731
0.7621, 4730
0.7626, 4729
0.7631, 4728
0.7636, 4727
0.7644, 4726
0.7652, 4725
0.7660, 4724
0.7669, 4723
0.7673, 4722
0.7681, 4721
0.7689, 4720
0.7694, 4719
0.7699, 4718
0.7704, 4717
0.7711, 4716
0.7719, 4715
0.7727, 4714
0.7735, 4713
0.7740, 4712
0.7747, 4711
0.7755, 4710
0.7764, 4709
0.7771, 4708
0.7779, 4707
0.7785, 4706
0.7793, 4705
0.7799, 4704
0.7806, 4703
0.7815, 4702
0.7824, 4701
0.7831, 4700
0.7840, 4699
0.7848, 4698
0.7855, 4697
0.7862, 4696
0.7870, 4695
0.7877, 4694
0.7886, 4693
0.7894, 4692
0.7904, 4691
0.7912, 4690
1.0221, 4689
1.2233, 4688
1.2433, 4687
1.4834, 4686
1.6236, 4685
1.6652, 4684
1.7448, 4683
1.8437, 4682
1.9858, 4681
2.1891, 4680
2.2501, 4679
2.3935, 4678
2.4547, 4677
2.6165, 4676
2.8973, 4675
2.9175, 4674
3.0186, 4673
3.2232, 4672
3.3428, 4671
3.3435, 4670
3.3442, 4669
3.4243, 4668
3.5232, 4667
3.6438, 4666
3.6446, 4665
3.6846, 4664
3.7246, 4663
4.1745, 4662
4.3209, 4661
4.8117, 4660
4.8747, 4659
5.0001, 4658
5.1043, 4657
5.2514, 4656
5.5111, 4655
5.9444, 4654
6.0806, 4653
6.0811, 4652
6.5989, 4651
6.7267, 4650
6.8515, 4649
7.5337, 4648
7.7040, 4647
7.7687, 4646
8.0364, 4645
8.0765, 4644
8.1267, 4643
8.1276, 4642
8.1837, 4641
8.7035, 4640
8.7851, 4639
8.8275, 4638
9.1533, 4637
9.2144, 4636
9.5943, 4635
9.8111, 4634
9.8973, 4633
