0.0000, 4956
0.0005, 4955
0.0010, 4954
0.0014, 4953
0.0019, 4952
0.0024, 4951
0.0028, 4950
0.0033, 4949
0.0037, 4948
0.0042, 4947
0.0047, 4946
0.0051, 4945
0.0056, 4944
0.0060, 4943
0.0065, 4942
0.0070, 4941
0.0074, 4940
0.0079, 4939
0.0083, 4938
0.0088, 4937
0.0093, 4936
0.0097, 4935
0.0102, 4934
0.0106, 4933
0.0110, 4932
0.0115, 4931
0.0120, 4930
0.0124, 4929
0.0128, 4928
0.0133, 4927
0.0138, 4926
0.0142, 4925
0.0146, 4924
0.0151, 4923
0.0156, 4922
0.0160, 4921
0.0165, 4920
0.0169, 4919
0.0174, 4918
0.0178, 4917
0.0183, 4916
0.0188, 4915
0.0192, 4914
0.0196, 4913
0.0201, 4912
0.0205, 4911
0.0210, 4910
0.0214, 4909
0.0219, 4908
0.0223, 4907
0.0228, 4906
0.0232, 4905
0.0237, 4904
0.0241, 4903
0.0245, 4902
0.0250, 4901
0.0254, 4900
0.0258, 4899
0.0263, 4898
0.0267, 4897
0.0271, 4896
0.0276, 4895
0.0280, 4894
0.0285, 4893
0.0289, 4892
0.0293, 4891
0.0298, 4890
0.0303, 4889
0.0307, 4888
0.0311, 4887
0.0316, 4886
0.0320, 4885
0.0324, 4884
0.0329, 4883
0.0333, 4882
0.0337, 4881
0.0341, 4880
0.0346, 4879
0.0350, 4878
0.0355, 4877
0.0359, 4876
0.0364, 4875
0.0368, 4874
0.0372, 4873
0.0377, 4872
0.0381, 4871
0.0385, 4870
0.0390, 4869
0.0394, 4868
0.0399, 4867
0.0403, 4866
0.0408, 4865
0.0413, 4864
0.0417, 4863
0.0422, 4862
0.0426, 4861
0.0431, 4860
0.0435, 4859
0.0439, 4858
0.0444, 4857
0.0448, 4856
0.0453, 4855
0.0457, 4854
0.0462, 4853
0.0466, 4852
0.0470, 4851
0.0475, 4850
0.0479, 4849
0.0484, 4848
0.0488, 4847
0.0492, 4846
0.0497, 4845
0.0502, 4844
0.0506, 4843
0.0510, 4842
0.0515, 4841
0.0519, 4840
0.0524, 4839
0.0528, 4838
0.0533, 4837
0.0537, 4836
0.0542, 4835
0.0546, 4834
0.0551, 4833
0.0556, 4832
0.0561, 4831
0.0565, 4830
0.0570, 4829
0.0574, 4828
0.0579, 4827
0.0583, 4826
0.0588, 4825
0.0592, 4824
0.0597, 4823
0.0601, 4822
0.0605, 4821
0.0610, 4820
0.0614, 4819
0.0619, 4818
0.0623, 4817
0.0627, 4816
0.0632, 4815
0.0636, 4814
0.0641, 4813
0.0646, 4812
0.0650, 4811
0.0655, 4810
0.0659, 4809
0.0664, 4808
0.0668, 4807
0.0672, 4806
0.0677, 4805
0.0681, 4804
0.0686, 4803
0.0690, 4802
0.0694, 4801
0.0699, 4800
0.0703, 4799
0.0707, 4798
0.0712, 4797
0.0716, 4796
0.0720, 4795
0.0725, 4794
0.0729, 4793
0.0733, 4792
0.0737, 4791
0.0742, 4790
0.0746, 4789
0.0750, 4788
0.0755, 4787
0.0760, 4786
0.0764, 4785
0.0769, 4784
0.0774, 4783
0.0778, 4782
0.0782, 4781
0.0786, 4780
0.0791, 4779
0.0796, 4778
0.0801, 4777
0.0805, 4776
0.0810, 4775
0.0814, 4774
0.0819, 4773
0.0823, 4772
0.0828, 4771
0.0833, 4770
0.0837, 4769
0.0841, 4768
0.0846, 4767
0.0850, 4766
0.0855, 4765
0.0859, 4764
0.0864, 4763
0.0868, 4762
0.0873, 4761
0.0877, 4760
0.0882, 4759
0.0886, 4758
0.0890, 4757
0.0895, 4756
0.0900, 4755
0.0904, 4754
0.0909, 4753
0.0913, 4752
0.0917, 4751
0.0921, 4750
0.0926, 4749
0.0930, 4748
0.0934, 4747
0.0939, 4746
0.0943, 4745
0.0947, 4744
0.0952, 4743
0.0956, 4742
0.0960, 4741
0.0964, 4740
0.0969, 4739
0.0973, 4738
0.0977, 4737
0.0982, 4736
0.0986, 4735
0.0991, 4734
0.0995, 4733
0.0999, 4732
0.1004, 4731
0.1008, 4730
0.1012, 4729
0.1017, 4728
0.1021, 4727
0.1026, 4726
0.1030, 4725
0.1035, 4724
0.1040, 4723
0.1044, 4722
0.1049, 4721
0.1053, 4720
0.1057, 4719
0.1061, 4718
0.1066, 4717
0.1070, 4716
0.1074, 4715
0.1079, 4714
0.1083, 4713
0.1087, 4712
0.1092, 4711
0.1096, 4710
0.1101, 4709
0.1105, 4708
0.1110, 4707
0.1114, 4706
0.1119, 4705
0.1123, 4704
0.1128, 4703
0.1132, 4702
0.1136, 4701
0.1141, 4700
0.1145, 4699
0.1149, 4698
0.1154, 4697
0.1158, 4696
0.1163, 4695
0.1167, 4694
0.1172, 4693
0.1176, 4692
0.1181, 4691
0.1186, 4690
0.1190, 4689
0.1195, 4688
0.1200, 4687
0.1204, 4686
0.1209, 4685
0.1213, 4684
0.1218, 4683
0.1223, 4682
0.1228, 4681
0.1232, 4680
0.1237, 4679
0.1241, 4678
0.1246, 4677
0.1250, 4676
0.1255, 4675
0.1259, 4674
0.1263, 4673
0.1267, 4672
0.1272, 4671
0.1276, 4670
0.1280, 4669
0.1285, 4668
0.1290, 4667
0.1294, 4666
0.1298, 4665
0.1303, 4664
0.1307, 4663
0.1312, 4662
0.1316, 4661
0.1321, 4660
0.1325, 4659
0.1330, 4658
0.1334, 4657
0.1339, 4656
0.1343, 4655
0.1348, 4654
0.1352, 4653
0.1357, 4652
0.1361, 4651
0.1365, 4650
0.1370, 4649
0.1374, 4648
0.1379, 4647
0.1383, 4646
0.1387, 4645
0.1392, 4644
0.1397, 4643
0.1401, 4642
0.1406, 4641
0.1411, 4640
0.1415, 4639
0.1420, 4638
0.1424, 4637
0.1428, 4636
0.1433, 4635
0.1438, 4634
0.1442, 4633
0.1446, 4632
0.1451, 4631
0.1456, 4630
0.1460, 4629
0.1465, 4628
0.1469, 4627
0.1473, 4626
0.1478, 4625
0.1482, 4624
0.1487, 4623
0.1491, 4622
0.1496, 4621
0.1500, 4620
0.1504, 4619
0.1509, 4618
0.1513, 4617
0.1518, 4616
0.1522, 4615
0.1527, 4614
0.1532, 4613
0.1537, 4612
0.1541, 4611
0.1545, 4610
0.1550, 4609
0.1554, 4608
0.1559, 4607
0.1563, 4606
0.1568, 4605
0.1572, 4604
0.1577, 4603
0.1581, 4602
0.1586, 4601
0.1590, 4600
0.1595, 4599
0.1600, 4598
0.1604, 4597
0.1609, 4596
0.1613, 4595
0.1618, 4594
0.1622, 4593
0.1627, 4592
0.1631, 4591
0.1636, 4590
0.1640, 4589
0.1644, 4588
0.1649, 4587
0.1654, 4586
0.1658, 4585
0.1663, 4584
0.1667, 4583
0.1672, 4582
0.1676, 4581
0.1680, 4580
0.1684, 4579
0.1689, 4578
0.1693, 4577
0.1698, 4576
0.1702, 4575
0.1706, 4574
0.1711, 4573
0.1715, 4572
0.1719, 4571
0.1724, 4570
0.1728, 4569
0.1732, 4568
0.1736, 4567
0.1740, 4566
0.1745, 4565
0.1749, 4564
0.1753, 4563
0.1757, 4562
0.1762, 4561
0.1766, 4560
0.1770, 4559
0.1774, 4558
0.1779, 4557
0.1783, 4556
0.1787, 4555
0.1791, 4554
0.1795, 4553
0.1799, 4552
0.1804, 4551
0.1808, 4550
0.1812, 4549
0.1816, 4548
0.1821, 4547
0.1825, 4546
0.1829, 4545
0.1834, 4544
0.1838, 4543
0.1843, 4542
0.1847, 4541
0.1852, 4540
0.1857, 4539
0.1861, 4538
0.1865, 4537
0.1870, 4536
0.1874, 4535
0.1878, 4534
0.1883, 4533
0.1888, 4532
0.1892, 4531
0.1897, 4530
0.1901, 4529
0.1905, 4528
0.1909, 4527
0.1914, 4526
0.1918, 4525
0.1922, 4524
0.1926, 4523
0.1930, 4522
0.1935, 4521
0.1939, 4520
0.1943, 4519
0.1947, 4518
0.1952, 4517
0.1956, 4516
0.1961, 4515
0.1965, 4514
0.1970, 4513
0.1974, 4512
0.1979, 4511
0.1983, 4510
0.1988, 4509
0.1992, 4508
0.1996, 4507
0.2001, 4506
0.2005, 4505
0.2009, 4504
0.2013, 4503
0.2017, 4502
0.2022, 4501
0.2026, 4500
0.2030, 4499
0.2034, 4498
0.2038, 4497
0.2042, 4496
0.2046, 4495
0.2050, 4494
0.2054, 4493
0.2059, 4492
0.2063, 4491
0.2067, 4490
0.2071, 4489
0.2075, 4488
0.2080, 4487
0.2084, 4486
0.2088, 4485
0.2093, 4484
0.2097, 4483
0.2101, 4482
0.2106, 4481
0.2110, 4480
0.2115, 4479
0.2119, 4478
0.2123, 4477
0.2128, 4476
0.2133, 4475
0.2137, 4474
0.2142, 4473
0.2146, 4472
0.2150, 4471
0.2154, 4470
0.2159, 4469
0.2163, 4468
0.2167, 4467
0.2171, 4466
0.2175, 4465
0.2179, 4464
0.2184, 4463
0.2188, 4462
0.2193, 4461
0.2197, 4460
0.2201, 4459
0.2205, 4458
0.2210, 4457
0.2214, 4456
0.2218, 4455
0.2222, 4454
0.2227, 4453
0.2232, 4452
0.2236, 4451
0.2240, 4450
0.2244, 4449
0.2249, 4448
0.2253, 4447
0.2257, 4446
0.2261, 4445
0.2265, 4444
0.2269, 4443
0.2273, 4442
0.2277, 4441
0.2282, 4440
0.2286, 4439
0.2290, 4438
0.2294, 4437
0.2298, 4436
0.2302, 4435
0.2306, 4434
0.2310, 4433
0.2314, 4432
0.2319, 4431
0.2323, 4430
0.2327, 4429
0.2331, 4428
0.2335, 4427
0.2339, 4426
0.2343, 4425
0.2347, 4424
0.2351, 4423
0.2356, 4422
0.2360, 4421
0.2364, 4420
0.2368, 4419
0.2373, 4418
0.2377, 4417
0.2381, 4416
0.2385, 4415
0.2389, 4414
0.2393, 4413
0.2397, 4412
0.2402, 4411
0.2406, 4410
0.2411, 4409
0.2415, 4408
0.2420, 4407
0.2424, 4406
0.2428, 4405
0.2433, 4404
0.2437, 4403
0.2442, 4402
0.2446, 4401
0.2450, 4400
0.2454, 4399
0.2459, 4398
0.2463, 4397
0.2467, 4396
0.2471, 4395
0.2476, 4394
0.2480, 4393
0.2485, 4392
0.2489, 4391
0.2493, 4390
0.2498, 4389
0.2502, 4388
0.2506, 4387
0.2510, 4386
0.2515, 4385
0.2519, 4384
0.2524, 4383
0.2528, 4382
0.2532, 4381
0.2536, 4380
0.2540, 4379
0.2545, 4378
0.2548, 4377
0.2553, 4376
0.2557, 4375
0.2561, 4374
0.2565, 4373
0.2569, 4372
0.2573, 4371
0.2577, 4370
0.2581, 4369
0.2586, 4368
0.2590, 4367
0.2595, 4366
0.2599, 4365
0.2604, 4364
0.2608, 4363
0.2612, 4362
0.2616, 4361
0.2621, 4360
0.2625, 4359
0.2629, 4358
0.2634, 4357
0.2638, 4356
0.2642, 4355
0.2647, 4354
0.2652, 4353
0.2656, 4352
0.2660, 4351
0.2664, 4350
0.2668, 4349
0.2673, 4348
0.2677, 4347
0.2682, 4346
0.2686, 4345
0.2690, 4344
0.2695, 4343
0.2700, 4342
0.2704, 4341
0.2709, 4340
0.2713, 4339
0.2717, 4338
0.2721, 4337
0.2725, 4336
0.2730, 4335
0.2734, 4334
0.2739, 4333
0.2743, 4332
0.2747, 4331
0.2751, 4330
0.2755, 4329
0.2760, 4328
0.2764, 4327
0.2768, 4326
0.2773, 4325
0.2777, 4324
0.2781, 4323
0.2786, 4322
0.2790, 4321
0.2794, 4320
0.2798, 4319
0.2802, 4318
0.2806, 4317
0.2810, 4316
0.2814, 4315
0.2818, 4314
0.2823, 4313
0.2827, 4312
0.2832, 4311
0.2836, 4310
0.2840, 4309
0.2844, 4308
0.2849, 4307
0.2853, 4306
0.2858, 4305
0.2862, 4304
0.2866, 4303
0.2871, 4302
0.2876, 4301
0.2880, 4300
0.2884, 4299
0.2888, 4298
0.2892, 4297
0.2896, 4296
0.2900, 4295
0.2904, 4294
0.2909, 4293
0.2913, 4292
0.2917, 4291
0.2922, 4290
0.2926, 4289
0.2930, 4288
0.2934, 4287
0.2939, 4286
0.2943, 4285
0.2948, 4284
0.2952, 4283
0.2956, 4282
0.2960, 4281
0.2965, 4280
0.2969, 4279
0.2973, 4278
0.2977, 4277
0.2981, 4276
0.2985, 4275
0.2990, 4274
0.2994, 4273
0.2998, 4272
0.3003, 4271
0.3007, 4270
0.3011, 4269
0.3015, 4268
0.3019, 4267
0.3023, 4266
0.3027, 4265
0.3031, 4264
0.3035, 4263
0.3039, 4262
0.3043, 4261
0.3048, 4260
0.3052, 4259
0.3056, 4258
0.3060, 4257
0.3064, 4256
0.3068, 4255
0.3072, 4254
0.3076, 4253
0.3080, 4252
0.3084, 4251
0.3088, 4250
0.3092, 4249
0.3096, 4248
0.3100, 4247
0.3104, 4246
0.3108, 4245
0.3112, 4244
0.3116, 4243
0.3120, 4242
0.3124, 4241
0.3128, 4240
0.3132, 4239
0.3136, 4238
0.3140, 4237
0.3144, 4236
0.3148, 4235
0.3152, 4234
0.3156, 4233
0.3160, 4232
0.3165, 4231
0.3168, 4230
0.3173, 4229
0.3177, 4228
0.3181, 4227
0.3185, 4226
0.3189, 4225
0.3193, 4224
0.3197, 4223
0.3201, 4222
0.3205, 4221
0.3209, 4220
0.3213, 4219
0.3218, 4218
0.3222, 4217
0.3226, 4216
0.3230, 4215
0.3234, 4214
0.3239, 4213
0.3243, 4212
0.3247, 4211
0.3251, 4210
0.3255, 4209
0.3259, 4208
0.3263, 4207
0.3267, 4206
0.3271, 4205
0.3275, 4204
0.3279, 4203
0.3283, 4202
0.3288, 4201
0.3292, 4200
0.3296, 4199
0.3300, 4198
0.3304, 4197
0.3308, 4196
0.3312, 4195
0.3316, 4194
0.3320, 4193
0.3324, 4192
0.3329, 4191
0.3333, 4190
0.3337, 4189
0.3341, 4188
0.3345, 4187
0.3349, 4186
0.3353, 4185
0.3357, 4184
0.3361, 4183
0.3365, 4182
0.3369, 4181
0.3373, 4180
0.3377, 4179
0.3381, 4178
0.3385, 4177
0.3389, 4176
0.3393, 4175
0.3398, 4174
0.3401, 4173
0.3406, 4172
0.3410, 4171
0.3415, 4170
0.3419, 4169
0.3423, 4168
0.3427, 4167
0.3431, 4166
0.3435, 4165
0.3440, 4164
0.3444, 4163
0.3448, 4162
0.3452, 4161
0.3457, 4160
0.3461, 4159
0.3466, 4158
0.3470, 4157
0.3474, 4156
0.3479, 4155
0.3483, 4154
0.3487, 4153
0.3491, 4152
0.3495, 4151
0.3499, 4150
0.3503, 4149
0.3507, 4148
0.3510, 4147
0.3515, 4146
0.3519, 4145
0.3523, 4144
0.3528, 4143
0.3532, 4142
0.3536, 4141
0.3540, 4140
0.3544, 4139
0.3548, 4138
0.3552, 4137
0.3556, 4136
0.3561, 4135
0.3565, 4134
0.3569, 4133
0.3573, 4132
0.3577, 4131
0.3581, 4130
0.3585, 4129
0.3589, 4128
0.3593, 4127
0.3597, 4126
0.3602, 4125
0.3605, 4124
0.3609, 4123
0.3614, 4122
0.3618, 4121
0.3622, 4120
0.3626, 4119
0.3630, 4118
0.3634, 4117
0.3638, 4116
0.3642, 4115
0.3645, 4114
0.3649, 4113
0.3653, 4112
0.3657, 4111
0.3662, 4110
0.3666, 4109
0.3670, 4108
0.3674, 4107
0.3678, 4106
0.3682, 4105
0.3686, 4104
0.3690, 4103
0.3694, 4102
0.3698, 4101
0.3702, 4100
0.3706, 4099
0.3710, 4098
0.3713, 4097
0.3717, 4096
0.3721, 4095
0.3725, 4094
0.3730, 4093
0.3734, 4092
0.3737, 4091
0.3741, 4090
0.3746, 4089
0.3750, 4088
0.3753, 4087
0.3757, 4086
0.3761, 4085
0.3765, 4084
0.3769, 4083
0.3773, 4082
0.3777, 4081
0.3781, 4080
0.3785, 4079
0.3789, 4078
0.3793, 4077
0.3796, 4076
0.3800, 4075
0.3805, 4074
0.3809, 4073
0.3813, 4072
0.3817, 4071
0.3821, 4070
0.3825, 4069
0.3829, 4068
0.3833, 4067
0.3837, 4066
0.3841, 4065
0.3845, 4064
0.3849, 4063
0.3853, 4062
0.3857, 4061
0.3861, 4060
0.3865, 4059
0.3869, 4058
0.3873, 4057
0.3877, 4056
0.3881, 4055
0.3885, 4054
0.3889, 4053
0.3893, 4052
0.3898, 4051
0.3902, 4050
0.3906, 4049
0.3910, 4048
0.3914, 4047
0.3918, 4046
0.3923, 4045
0.3927, 4044
0.3931, 4043
0.3935, 4042
0.3939, 4041
0.3943, 4040
0.3947, 4039
0.3951, 4038
0.3955, 4037
0.3959, 4036
0.3963, 4035
0.3967, 4034
0.3971, 4033
0.3975, 4032
0.3978, 4031
0.3982, 4030
0.3986, 4029
0.3990, 4028
0.3994, 4027
0.3998, 4026
0.4002, 4025
0.4007, 4024
0.4011, 4023
0.4015, 4022
0.4018, 4021
0.4022, 4020
0.4026, 4019
0.4030, 4018
0.4034, 4017
0.4038, 4016
0.4042, 4015
0.4046, 4014
0.4049, 4013
0.4053, 4012
0.4058, 4011
0.4061, 4010
0.4065, 4009
0.4069, 4008
0.4073, 4007
0.4077, 4006
0.4081, 4005
0.4085, 4004
0.4089, 4003
0.4093, 4002
0.4097, 4001
0.4101, 4000
0.4105, 3999
0.4109, 3998
0.4113, 3997
0.4117, 3996
0.4121, 3995
0.4125, 3994
0.4128, 3993
0.4132, 3992
0.4136, 3991
0.4140, 3990
0.4144, 3989
0.4148, 3988
0.4152, 3987
0.4156, 3986
0.4160, 3985
0.4164, 3984
0.4168, 3983
0.4172, 3982
0.4176, 3981
0.4180, 3980
0.4184, 3979
0.4188, 3978
0.4192, 3977
0.4196, 3976
0.4200, 3975
0.4203, 3974
0.4207, 3973
0.4211, 3972
0.4215, 3971
0.4219, 3970
0.4223, 3969
0.4227, 3968
0.4230, 3967
0.4234, 3966
0.4239, 3965
0.4242, 3964
0.4246, 3963
0.4250, 3962
0.4253, 3961
0.4257, 3960
0.4261, 3959
0.4265, 3958
0.4269, 3957
0.4273, 3956
0.4277, 3955
0.4281, 3954
0.4286, 3953
0.4289, 3952
0.4293, 3951
0.4298, 3950
0.4302, 3949
0.4306, 3948
0.4309, 3947
0.4313, 3946
0.4317, 3945
0.4322, 3944
0.4326, 3943
0.4330, 3942
0.4334, 3941
0.4338, 3940
0.4341, 3939
0.4346, 3938
0.4349, 3937
0.4353, 3936
0.4357, 3935
0.4360, 3934
0.4364, 3933
0.4368, 3932
0.4371, 3931
0.4375, 3930
0.4379, 3929
0.4383, 3928
0.4387, 3927
0.4391, 3926
0.4395, 3925
0.4399, 3924
0.4404, 3923
0.4407, 3922
0.4411, 3921
0.4415, 3920
0.4419, 3919
0.4423, 3918
0.4427, 3917
0.4431, 3916
0.4435, 3915
0.4439, 3914
0.4443, 3913
0.4447, 3912
0.4452, 3911
0.4456, 3910
0.4460, 3909
0.4463, 3908
0.4467, 3907
0.4471, 3906
0.4475, 3905
0.4480, 3904
0.4483, 3903
0.4487, 3902
0.4491, 3901
0.4495, 3900
0.4499, 3899
0.4503, 3898
0.4507, 3897
0.4510, 3896
0.4515, 3895
0.4519, 3894
0.4522, 3893
0.4526, 3892
0.4530, 3891
0.4534, 3890
0.4538, 3889
0.4542, 3888
0.4546, 3887
0.4550, 3886
0.4554, 3885
0.4558, 3884
0.4562, 3883
0.4567, 3882
0.4570, 3881
0.4574, 3880
0.4578, 3879
0.4582, 3878
0.4586, 3877
0.4590, 3876
0.4594, 3875
0.4598, 3874
0.4603, 3873
0.4606, 3872
0.4610, 3871
0.4614, 3870
0.4618, 3869
0.4622, 3868
0.4626, 3867
0.4630, 3866
0.4634, 3865
0.4638, 3864
0.4642, 3863
0.4646, 3862
0.4649, 3861
0.4653, 3860
0.4657, 3859
0.4661, 3858
0.4665, 3857
0.4669, 3856
0.4673, 3855
0.4677, 3854
0.4681, 3853
0.4685, 3852
0.4689, 3851
0.4692, 3850
0.4696, 3849
0.4700, 3848
0.4704, 3847
0.4708, 3846
0.4712, 3845
0.4716, 3844
0.4719, 3843
0.4723, 3842
0.4727, 3841
0.4730, 3840
0.4734, 3839
0.4738, 3838
0.4742, 3837
0.4746, 3836
0.4750, 3835
0.4754, 3834
0.4758, 3833
0.4761, 3832
0.4765, 3831
0.4769, 3830
0.4773, 3829
0.4776, 3828
0.4780, 3827
0.4784, 3826
0.4787, 3825
0.4791, 3824
0.4796, 3823
0.4800, 3822
0.4803, 3821
0.4807, 3820
0.4811, 3819
0.4815, 3818
0.4819, 3817
0.4823, 3816
0.4827, 3815
0.4831, 3814
0.4835, 3813
0.4839, 3812
0.4843, 3811
0.4847, 3810
0.4850, 3809
0.4854, 3808
0.4858, 3807
0.4862, 3806
0.4866, 3805
0.4870, 3804
0.4874, 3803
0.4877, 3802
0.4881, 3801
0.4885, 3800
0.4889, 3799
0.4893, 3798
0.4897, 3797
0.4901, 3796
0.4905, 3795
0.4909, 3794
0.4913, 3793
0.4917, 3792
0.4921, 3791
0.4924, 3790
0.4929, 3789
0.4933, 3788
0.4937, 3787
0.4941, 3786
0.4945, 3785
0.4948, 3784
0.4952, 3783
0.4956, 3782
0.4960, 3781
0.4964, 3780
0.4968, 3779
0.4972, 3778
0.4976, 3777
0.4980, 3776
0.4984, 3775
0.4988, 3774
0.4992, 3773
0.4996, 3772
0.5000, 3771
0.5004, 3770
0.5008, 3769
0.5012, 3768
0.5016, 3767
0.5020, 3766
0.5024, 3765
0.5027, 3764
0.5031, 3763
0.5035, 3762
0.5039, 3761
0.5042, 3760
0.5046, 3759
0.5050, 3758
0.5054, 3757
0.5057, 3756
0.5061, 3755
0.5065, 3754
0.5069, 3753
0.5073, 3752
0.5077, 3751
0.5081, 3750
0.5084, 3749
0.5088, 3748
0.5092, 3747
0.5096, 3746
0.5100, 3745
0.5104, 3744
0.5108, 3743
0.5111, 3742
0.5115, 3741
0.5119, 3740
0.5123, 3739
0.5127, 3738
0.5130, 3737
0.5134, 3736
0.5138, 3735
0.5142, 3734
0.5146, 3733
0.5150, 3732
0.5154, 3731
0.5158, 3730
0.5162, 3729
0.5166, 3728
0.5170, 3727
0.5173, 3726
0.5177, 3725
0.5181, 3724
0.5185, 3723
0.5189, 3722
0.5193, 3721
0.5196, 3720
0.5200, 3719
0.5204, 3718
0.5208, 3717
0.5213, 3716
0.5217, 3715
0.5220, 3714
0.5224, 3713
0.5229, 3712
0.5233, 3711
0.5237, 3710
0.5241, 3709
0.5244, 3708
0.5248, 3707
0.5252, 3706
0.5256, 3705
0.5260, 3704
0.5264, 3703
0.5267, 3702
0.5271, 3701
0.5275, 3700
0.5279, 3699
0.5282, 3698
0.5286, 3697
0.5290, 3696
0.5294, 3695
0.5298, 3694
0.5302, 3693
0.5305, 3692
0.5309, 3691
0.5313, 3690
0.5317, 3689
0.5321, 3688
0.5324, 3687
0.5328, 3686
0.5332, 3685
0.5336, 3684
0.5339, 3683
0.5343, 3682
0.5347, 3681
0.5351, 3680
0.5354, 3679
0.5358, 3678
0.5362, 3677
0.5366, 3676
0.5369, 3675
0.5373, 3674
0.5377, 3673
0.5380, 3672
0.5384, 3671
0.5388, 3670
0.5392, 3669
0.5396, 3668
0.5401, 3667
0.5405, 3666
0.5409, 3665
0.5413, 3664
0.5417, 3663
0.5421, 3662
0.5424, 3661
0.5428, 3660
0.5432, 3659
0.5436, 3658
0.5439, 3657
0.5443, 3656
0.5447, 3655
0.5451, 3654
0.5455, 3653
0.5459, 3652
0.5462, 3651
0.5466, 3650
0.5470, 3649
0.5474, 3648
0.5477, 3647
0.5481, 3646
0.5485, 3645
0.5489, 3644
0.5492, 3643
0.5496, 3642
0.5500, 3641
0.5504, 3640
0.5508, 3639
0.5511, 3638
0.5515, 3637
0.5519, 3636
0.5522, 3635
0.5526, 3634
0.5530, 3633
0.5533, 3632
0.5537, 3631
0.5541, 3630
0.5544, 3629
0.5548, 3628
0.5551, 3627
0.5555, 3626
0.5559, 3625
0.5563, 3624
0.5567, 3623
0.5571, 3622
0.5575, 3621
0.5579, 3620
0.5582, 3619
0.5586, 3618
0.5590, 3617
0.5594, 3616
0.5597, 3615
0.5601, 3614
0.5605, 3613
0.5608, 3612
0.5612, 3611
0.5615, 3610
0.5619, 3609
0.5623, 3608
0.5627, 3607
0.5631, 3606
0.5635, 3605
0.5638, 3604
0.5642, 3603
0.5646, 3602
0.5650, 3601
0.5653, 3600
0.5657, 3599
0.5660, 3598
0.5664, 3597
0.5668, 3596
0.5672, 3595
0.5675, 3594
0.5679, 3593
0.5682, 3592
0.5686, 3591
0.5689, 3590
0.5693, 3589
0.5697, 3588
0.5701, 3587
0.5704, 3586
0.5708, 3585
0.5712, 3584
0.5715, 3583
0.5719, 3582
0.5723, 3581
0.5726, 3580
0.5730, 3579
0.5733, 3578
0.5737, 3577
0.5740, 3576
0.5744, 3575
0.5748, 3574
0.5751, 3573
0.5755, 3572
0.5759, 3571
0.5763, 3570
0.5766, 3569
0.5769, 3568
0.5773, 3567
0.5777, 3566
0.5780, 3565
0.5784, 3564
0.5787, 3563
0.5791, 3562
0.5794, 3561
0.5798, 3560
0.5802, 3559
0.5806, 3558
0.5809, 3557
0.5813, 3556
0.5817, 3555
0.5821, 3554
0.5825, 3553
0.5828, 3552
0.5831, 3551
0.5835, 3550
0.5838, 3549
0.5842, 3548
0.5846, 3547
0.5849, 3546
0.5853, 3545
0.5857, 3544
0.5860, 3543
0.5864, 3542
0.5867, 3541
0.5871, 3540
0.5874, 3539
0.5878, 3538
0.5882, 3537
0.5886, 3536
0.5889, 3535
0.5893, 3534
0.5897, 3533
0.5900, 3532
0.5904, 3531
0.5908, 3530
0.5911, 3529
0.5914, 3528
0.5918, 3527
0.5922, 3526
0.5926, 3525
0.5930, 3524
0.5933, 3523
0.5936, 3522
0.5940, 3521
0.5943, 3520
0.5947, 3519
0.5951, 3518
0.5954, 3517
0.5958, 3516
0.5961, 3515
0.5965, 3514
0.5968, 3513
0.5972, 3512
0.5975, 3511
0.5979, 3510
0.5983, 3509
0.5986, 3508
0.5990, 3507
0.5993, 3506
0.5997, 3505
0.6000, 3504
0.6003, 3503
0.6007, 3502
0.6011, 3501
0.6015, 3500
0.6018, 3499
0.6022, 3498
0.6025, 3497
0.6029, 3496
0.6032, 3495
0.6036, 3494
0.6039, 3493
0.6043, 3492
0.6047, 3491
0.6050, 3490
0.6054, 3489
0.6058, 3488
0.6061, 3487
0.6065, 3486
0.6069, 3485
0.6072, 3484
0.6076, 3483
0.6080, 3482
0.6083, 3481
0.6087, 3480
0.6091, 3479
0.6094, 3478
0.6098, 3477
0.6101, 3476
0.6105, 3475
0.6109, 3474
0.6113, 3473
0.6116, 3472
0.6120, 3471
0.6124, 3470
0.6128, 3469
0.6132, 3468
0.6136, 3467
0.6140, 3466
0.6144, 3465
0.6147, 3464
0.6151, 3463
0.6155, 3462
0.6158, 3461
0.6162, 3460
0.6166, 3459
0.6169, 3458
0.6173, 3457
0.6177, 3456
0.6181, 3455
0.6184, 3454
0.6188, 3453
0.6191, 3452
0.6195, 3451
0.6199, 3450
0.6202, 3449
0.6206, 3448
0.6210, 3447
0.6214, 3446
0.6218, 3445
0.6222, 3444
0.6225, 3443
0.6228, 3442
0.6232, 3441
0.6236, 3440
0.6239, 3439
0.6243, 3438
0.6246, 3437
0.6250, 3436
0.6254, 3435
0.6257, 3434
0.6261, 3433
0.6264, 3432
0.6268, 3431
0.6271, 3430
0.6274, 3429
0.6278, 3428
0.6281, 3427
0.6284, 3426
0.6288, 3425
0.6291, 3424
0.6294, 3423
0.6297, 3422
0.6301, 3421
0.6304, 3420
0.6308, 3419
0.6311, 3418
0.6314, 3417
0.6318, 3416
0.6321, 3415
0.6325, 3414
0.6328, 3413
0.6331, 3412
0.6334, 3411
0.6338, 3410
0.6342, 3409
0.6345, 3408
0.6348, 3407
0.6352, 3406
0.6355, 3405
0.6359, 3404
0.6363, 3403
0.6366, 3402
0.6369, 3401
0.6373, 3400
0.6376, 3399
0.6379, 3398
0.6383, 3397
0.6386, 3396
0.6390, 3395
0.6393, 3394
0.6396, 3393
0.6400, 3392
0.6403, 3391
0.6406, 3390
0.6410, 3389
0.6413, 3388
0.6416, 3387
0.6419, 3386
0.6423, 3385
0.6426, 3384
0.6430, 3383
0.6433, 3382
0.6437, 3381
0.6440, 3380
0.6443, 3379
0.6447, 3378
0.6450, 3377
0.6454, 3376
0.6457, 3375
0.6461, 3374
0.6464, 3373
0.6467, 3372
0.6471, 3371
0.6475, 3370
0.6478, 3369
0.6482, 3368
0.6486, 3367
0.6490, 3366
0.6493, 3365
0.6496, 3364
0.6500, 3363
0.6503, 3362
0.6506, 3361
0.6510, 3360
0.6514, 3359
0.6517, 3358
0.6520, 3357
0.6524, 3356
0.6527, 3355
0.6530, 3354
0.6534, 3353
0.6537, 3352
0.6540, 3351
0.7450, 3350
0.7454, 3349
1.2964, 3348
1.5291, 3347
2.4672, 3346
2.5011, 3345
2.5344, 3344
3.0315, 3343
3.0983, 3342
3.2204, 3341
3.4798, 3340
4.3409, 3339
4.5977, 3338
4.5980, 3337
4.5984, 3336
5.0747, 3335
5.2182, 3334
5.6470, 3333
5.6913, 3332
5.7137, 3331
6.4424, 3330
6.5089, 3329
6.5313, 3328
6.5538, 3327
6.5989, 3326
6.6434, 3325
7.0288, 3324
7.0952, 3323
7.1506, 3322
7.1845, 3321
7.3061, 3320
7.4279, 3319
7.4283, 3318
7.4617, 3317
7.4620, 3316
7.7660, 3315
7.7663, 3314
7.8448, 3313
7.8451, 3312
8.6622, 3311
9.1244, 3310
9.4654, 3309
9.6743, 3308
9.7297, 3307
