0.0000, 4956
0.0005, 4955
0.0009, 4954
0.0014, 4953
0.0019, 4952
0.0024, 4951
0.0028, 4950
0.0033, 4949
0.0037, 4948
0.0042, 4947
0.0047, 4946
0.0051, 4945
0.0056, 4944
0.0060, 4943
0.0065, 4942
0.0069, 4941
0.0074, 4940
0.0079, 4939
0.0084, 4938
0.0088, 4937
0.0093, 4936
0.0097, 4935
0.0102, 4934
0.0106, 4933
0.0111, 4932
0.0115, 4931
0.0120, 4930
0.0124, 4929
0.0128, 4928
0.0133, 4927
0.0137, 4926
0.0142, 4925
0.0146, 4924
0.0151, 4923
0.0155, 4922
0.0160, 4921
0.0164, 4920
0.0169, 4919
0.0173, 4918
0.0178, 4917
0.0183, 4916
0.0187, 4915
0.0192, 4914
0.0196, 4913
0.0201, 4912
0.0206, 4911
0.0210, 4910
0.0215, 4909
0.0219, 4908
0.0224, 4907
0.0228, 4906
0.0232, 4905
0.0237, 4904
0.0241, 4903
0.0246, 4902
0.0251, 4901
0.0255, 4900
0.0260, 4899
0.0265, 4898
0.0269, 4897
0.0274, 4896
0.0278, 4895
0.0283, 4894
0.0288, 4893
0.0292, 4892
0.0297, 4891
0.0302, 4890
0.0306, 4889
0.0311, 4888
0.0315, 4887
0.0320, 4886
0.0324, 4885
0.0329, 4884
0.0333, 4883
0.0338, 4882
0.0342, 4881
0.0347, 4880
0.0351, 4879
0.0356, 4878
0.0360, 4877
0.0365, 4876
0.0369, 4875
0.0374, 4874
0.0378, 4873
0.0383, 4872
0.0388, 4871
0.0392, 4870
0.0397, 4869
0.0401, 4868
0.0405, 4867
0.0410, 4866
0.0415, 4865
0.0419, 4864
0.0424, 4863
0.0428, 4862
0.0433, 4861
0.0437, 4860
0.0442, 4859
0.0446, 4858
0.0450, 4857
0.0455, 4856
0.0459, 4855
0.0464, 4854
0.0468, 4853
0.0473, 4852
0.0477, 4851
0.0482, 4850
0.0486, 4849
0.0491, 4848
0.0496, 4847
0.0500, 4846
0.0505, 4845
0.0509, 4844
0.0514, 4843
0.0518, 4842
0.0523, 4841
0.0527, 4840
0.0532, 4839
0.0536, 4838
0.0541, 4837
0.0545, 4836
0.0550, 4835
0.0554, 4834
0.0559, 4833
0.0564, 4832
0.0568, 4831
0.0573, 4830
0.0578, 4829
0.0582, 4828
0.0587, 4827
0.0591, 4826
0.0596, 4825
0.0601, 4824
0.0605, 4823
0.0610, 4822
0.0614, 4821
0.0619, 4820
0.0623, 4819
0.0628, 4818
0.0632, 4817
0.0637, 4816
0.0641, 4815
0.0646, 4814
0.0651, 4813
0.0655, 4812
0.0659, 4811
0.0664, 4810
0.0668, 4809
0.0673, 4808
0.0677, 4807
0.0682, 4806
0.0686, 4805
0.0691, 4804
0.0695, 4803
0.0699, 4802
0.0704, 4801
0.0708, 4800
0.0713, 4799
0.0717, 4798
0.0721, 4797
0.0726, 4796
0.0731, 4795
0.0735, 4794
0.0739, 4793
0.0744, 4792
0.0748, 4791
0.0753, 4790
0.0757, 4789
0.0762, 4788
0.0766, 4787
0.0771, 4786
0.0775, 4785
0.0780, 4784
0.0784, 4783
0.0789, 4782
0.0793, 4781
0.0797, 4780
0.0802, 4779
0.0807, 4778
0.0811, 4777
0.0816, 4776
0.0820, 4775
0.0825, 4774
0.0829, 4773
0.0834, 4772
0.0838, 4771
0.0843, 4770
0.0847, 4769
0.0851, 4768
0.0856, 4767
0.0860, 4766
0.0865, 4765
0.0870, 4764
0.0874, 4763
0.0879, 4762
0.0883, 4761
0.0887, 4760
0.0892, 4759
0.0896, 4758
0.0901, 4757
0.0905, 4756
0.0910, 4755
0.0914, 4754
0.0919, 4753
0.0923, 4752
0.0928, 4751
0.0932, 4750
0.0936, 4749
0.0941, 4748
0.0945, 4747
0.0950, 4746
0.0954, 4745
0.0958, 4744
0.0963, 4743
0.0967, 4742
0.0971, 4741
0.0976, 4740
0.0980, 4739
0.0984, 4738
0.0989, 4737
0.0994, 4736
0.0998, 4735
0.1003, 4734
0.1007, 4733
0.1011, 4732
0.1016, 4731
0.1020, 4730
0.1024, 4729
0.1028, 4728
0.1033, 4727
0.1037, 4726
0.1041, 4725
0.1045, 4724
0.1050, 4723
0.1054, 4722
0.1058, 4721
0.1062, 4720
0.1067, 4719
0.1071, 4718
0.1075, 4717
0.1080, 4716
0.1084, 4715
0.1089, 4714
0.1094, 4713
0.1098, 4712
0.1103, 4711
0.1107, 4710
0.1112, 4709
0.1116, 4708
0.1120, 4707
0.1125, 4706
0.1129, 4705
0.1134, 4704
0.1138, 4703
0.1142, 4702
0.1147, 4701
0.1151, 4700
0.1155, 4699
0.1160, 4698
0.1164, 4697
0.1169, 4696
0.1173, 4695
0.1178, 4694
0.1183, 4693
0.1187, 4692
0.1192, 4691
0.1196, 4690
0.1201, 4689
0.1205, 4688
0.1210, 4687
0.1214, 4686
0.1218, 4685
0.1223, 4684
0.1227, 4683
0.1232, 4682
0.1236, 4681
0.1241, 4680
0.1246, 4679
0.1250, 4678
0.1255, 4677
0.1259, 4676
0.1264, 4675
0.1268, 4674
0.1272, 4673
0.1276, 4672
0.1281, 4671
0.1285, 4670
0.1289, 4669
0.1294, 4668
0.1298, 4667
0.1303, 4666
0.1307, 4665
0.1312, 4664
0.1316, 4663
0.1321, 4662
0.1325, 4661
0.1330, 4660
0.1334, 4659
0.1339, 4658
0.1344, 4657
0.1348, 4656
0.1353, 4655
0.1357, 4654
0.1361, 4653
0.1366, 4652
0.1370, 4651
0.1375, 4650
0.1380, 4649
0.1385, 4648
0.1389, 4647
0.1393, 4646
0.1398, 4645
0.1403, 4644
0.1408, 4643
0.1413, 4642
0.1417, 4641
0.1422, 4640
0.1426, 4639
0.1431, 4638
0.1435, 4637
0.1440, 4636
0.1445, 4635
0.1449, 4634
0.1454, 4633
0.1458, 4632
0.1462, 4631
0.1467, 4630
0.1471, 4629
0.1476, 4628
0.1480, 4627
0.1485, 4626
0.1489, 4625
0.1494, 4624
0.1499, 4623
0.1504, 4622
0.1508, 4621
0.1512, 4620
0.1517, 4619
0.1521, 4618
0.1526, 4617
0.1530, 4616
0.1535, 4615
0.1539, 4614
0.1544, 4613
0.1548, 4612
0.1553, 4611
0.1557, 4610
0.1561, 4609
0.1566, 4608
0.1571, 4607
0.1575, 4606
0.1579, 4605
0.1584, 4604
0.1589, 4603
0.1594, 4602
0.1599, 4601
0.1603, 4600
0.1608, 4599
0.1612, 4598
0.1617, 4597
0.1622, 4596
0.1626, 4595
0.1631, 4594
0.1635, 4593
0.1640, 4592
0.1644, 4591
0.1649, 4590
0.1653, 4589
0.1657, 4588
0.1662, 4587
0.1666, 4586
0.1671, 4585
0.1675, 4584
0.1680, 4583
0.1684, 4582
0.1688, 4581
0.1692, 4580
0.1696, 4579
0.1701, 4578
0.1705, 4577
0.1710, 4576
0.1714, 4575
0.1718, 4574
0.1723, 4573
0.1728, 4572
0.1732, 4571
0.1737, 4570
0.1741, 4569
0.1745, 4568
0.1750, 4567
0.1754, 4566
0.1758, 4565
0.1763, 4564
0.1767, 4563
0.1771, 4562
0.1776, 4561
0.1780, 4560
0.1785, 4559
0.1789, 4558
0.1793, 4557
0.1798, 4556
0.1802, 4555
0.1806, 4554
0.1811, 4553
0.1815, 4552
0.1819, 4551
0.1824, 4550
0.1828, 4549
0.1832, 4548
0.1837, 4547
0.1841, 4546
0.1845, 4545
0.1850, 4544
0.1854, 4543
0.1859, 4542
0.1863, 4541
0.1868, 4540
0.1872, 4539
0.1876, 4538
0.1880, 4537
0.1884, 4536
0.1889, 4535
0.1893, 4534
0.1897, 4533
0.1902, 4532
0.1906, 4531
0.1911, 4530
0.1915, 4529
0.1920, 4528
0.1924, 4527
0.1929, 4526
0.1933, 4525
0.1937, 4524
0.1941, 4523
0.1946, 4522
0.1950, 4521
0.1955, 4520
0.1959, 4519
0.1963, 4518
0.1968, 4517
0.1972, 4516
0.1977, 4515
0.1981, 4514
0.1986, 4513
0.1990, 4512
0.1994, 4511
0.1998, 4510
0.2003, 4509
0.2007, 4508
0.2011, 4507
0.2016, 4506
0.2020, 4505
0.2024, 4504
0.2029, 4503
0.2033, 4502
0.2038, 4501
0.2042, 4500
0.2046, 4499
0.2050, 4498
0.2055, 4497
0.2059, 4496
0.2063, 4495
0.2067, 4494
0.2071, 4493
0.2076, 4492
0.2080, 4491
0.2084, 4490
0.2089, 4489
0.2093, 4488
0.2097, 4487
0.2102, 4486
0.2106, 4485
0.2111, 4484
0.2115, 4483
0.2119, 4482
0.2124, 4481
0.2128, 4480
0.2133, 4479
0.2137, 4478
0.2141, 4477
0.2146, 4476
0.2150, 4475
0.2155, 4474
0.2159, 4473
0.2164, 4472
0.2168, 4471
0.2172, 4470
0.2176, 4469
0.2180, 4468
0.2184, 4467
0.2189, 4466
0.2193, 4465
0.2198, 4464
0.2202, 4463
0.2206, 4462
0.2211, 4461
0.2215, 4460
0.2220, 4459
0.2224, 4458
0.2228, 4457
0.2232, 4456
0.2237, 4455
0.2241, 4454
0.2245, 4453
0.2250, 4452
0.2254, 4451
0.2258, 4450
0.2263, 4449
0.2267, 4448
0.2271, 4447
0.2275, 4446
0.2279, 4445
0.2283, 4444
0.2288, 4443
0.2292, 4442
0.2296, 4441
0.2300, 4440
0.2304, 4439
0.2309, 4438
0.2313, 4437
0.2317, 4436
0.2322, 4435
0.2326, 4434
0.2330, 4433
0.2334, 4432
0.2338, 4431
0.2343, 4430
0.2347, 4429
0.2351, 4428
0.2355, 4427
0.2360, 4426
0.2364, 4425
0.2368, 4424
0.2372, 4423
0.2377, 4422
0.2381, 4421
0.2385, 4420
0.2390, 4419
0.2395, 4418
0.2399, 4417
0.2403, 4416
0.2407, 4415
0.2411, 4414
0.2415, 4413
0.2419, 4412
0.2424, 4411
0.2429, 4410
0.2433, 4409
0.2438, 4408
0.2442, 4407
0.2446, 4406
0.2451, 4405
0.2455, 4404
0.2459, 4403
0.2464, 4402
0.2468, 4401
0.2472, 4400
0.2477, 4399
0.2481, 4398
0.2485, 4397
0.2489, 4396
0.2493, 4395
0.2497, 4394
0.2501, 4393
0.2505, 4392
0.2510, 4391
0.2514, 4390
0.2519, 4389
0.2523, 4388
0.2527, 4387
0.2532, 4386
0.2536, 4385
0.2540, 4384
0.2545, 4383
0.2549, 4382
0.2553, 4381
0.2558, 4380
0.2562, 4379
0.2566, 4378
0.2570, 4377
0.2575, 4376
0.2579, 4375
0.2583, 4374
0.2587, 4373
0.2591, 4372
0.2596, 4371
0.2600, 4370
0.2604, 4369
0.2609, 4368
0.2613, 4367
0.2618, 4366
0.2622, 4365
0.2627, 4364
0.2631, 4363
0.2635, 4362
0.2639, 4361
0.2643, 4360
0.2648, 4359
0.2652, 4358
0.2657, 4357
0.2661, 4356
0.2665, 4355
0.2670, 4354
0.2674, 4353
0.2678, 4352
0.2683, 4351
0.2687, 4350
0.2691, 4349
0.2695, 4348
0.2700, 4347
0.2704, 4346
0.2709, 4345
0.2713, 4344
0.2718, 4343
0.2723, 4342
0.2728, 4341
0.2732, 4340
0.2736, 4339
0.2741, 4338
0.2745, 4337
0.2749, 4336
0.2753, 4335
0.2758, 4334
0.2762, 4333
0.2766, 4332
0.2770, 4331
0.2775, 4330
0.2779, 4329
0.2783, 4328
0.2787, 4327
0.2791, 4326
0.2796, 4325
0.2800, 4324
0.2805, 4323
0.2809, 4322
0.2813, 4321
0.2817, 4320
0.2821, 4319
0.2826, 4318
0.2829, 4317
0.2834, 4316
0.2838, 4315
0.2843, 4314
0.2847, 4313
0.2851, 4312
0.2856, 4311
0.2860, 4310
0.2864, 4309
0.2868, 4308
0.2872, 4307
0.2877, 4306
0.2882, 4305
0.2886, 4304
0.2890, 4303
0.2894, 4302
0.2898, 4301
0.2903, 4300
0.2907, 4299
0.2911, 4298
0.2915, 4297
0.2919, 4296
0.2923, 4295
0.2927, 4294
0.2932, 4293
0.2936, 4292
0.2940, 4291
0.2944, 4290
0.2948, 4289
0.2952, 4288
0.2957, 4287
0.2961, 4286
0.2965, 4285
0.2969, 4284
0.2974, 4283
0.2978, 4282
0.2982, 4281
0.2986, 4280
0.2990, 4279
0.2995, 4278
0.2999, 4277
0.3003, 4276
0.3007, 4275
0.3011, 4274
0.3016, 4273
0.3020, 4272
0.3024, 4271
0.3028, 4270
0.3032, 4269
0.3036, 4268
0.3041, 4267
0.3045, 4266
0.3049, 4265
0.3053, 4264
0.3057, 4263
0.3061, 4262
0.3065, 4261
0.3069, 4260
0.3073, 4259
0.3077, 4258
0.3081, 4257
0.3085, 4256
0.3089, 4255
0.3094, 4254
0.3098, 4253
0.3102, 4252
0.3106, 4251
0.3110, 4250
0.3114, 4249
0.3118, 4248
0.3122, 4247
0.3127, 4246
0.3131, 4245
0.3135, 4244
0.3139, 4243
0.3143, 4242
0.3147, 4241
0.3151, 4240
0.3155, 4239
0.3160, 4238
0.3164, 4237
0.3168, 4236
0.3172, 4235
0.3176, 4234
0.3180, 4233
0.3184, 4232
0.3188, 4231
0.3192, 4230
0.3196, 4229
0.3201, 4228
0.3204, 4227
0.3208, 4226
0.3212, 4225
0.3216, 4224
0.3220, 4223
0.3224, 4222
0.3228, 4221
0.3232, 4220
0.3237, 4219
0.3241, 4218
0.3245, 4217
0.3249, 4216
0.3253, 4215
0.3257, 4214
0.3261, 4213
0.3266, 4212
0.3270, 4211
0.3274, 4210
0.3278, 4209
0.3281, 4208
0.3285, 4207
0.3289, 4206
0.3293, 4205
0.3298, 4204
0.3302, 4203
0.3306, 4202
0.3310, 4201
0.3314, 4200
0.3318, 4199
0.3323, 4198
0.3327, 4197
0.3331, 4196
0.3335, 4195
0.3339, 4194
0.3343, 4193
0.3347, 4192
0.3351, 4191
0.3355, 4190
0.3359, 4189
0.3364, 4188
0.3368, 4187
0.3372, 4186
0.3376, 4185
0.3380, 4184
0.3384, 4183
0.3388, 4182
0.3392, 4181
0.3396, 4180
0.3400, 4179
0.3404, 4178
0.3408, 4177
0.3413, 4176
0.3417, 4175
0.3421, 4174
0.3425, 4173
0.3430, 4172
0.3434, 4171
0.3438, 4170
0.3442, 4169
0.3446, 4168
0.3450, 4167
0.3455, 4166
0.3459, 4165
0.3463, 4164
0.3467, 4163
0.3471, 4162
0.3475, 4161
0.3479, 4160
0.3484, 4159
0.3488, 4158
0.3492, 4157
0.3496, 4156
0.3500, 4155
0.3504, 4154
0.3508, 4153
0.3512, 4152
0.3516, 4151
0.3520, 4150
0.3524, 4149
0.3528, 4148
0.3532, 4147
0.3536, 4146
0.3540, 4145
0.3544, 4144
0.3548, 4143
0.3552, 4142
0.3556, 4141
0.3560, 4140
0.3564, 4139
0.3568, 4138
0.3573, 4137
0.3577, 4136
0.3581, 4135
0.3585, 4134
0.3589, 4133
0.3593, 4132
0.3597, 4131
0.3601, 4130
0.3606, 4129
0.3609, 4128
0.3614, 4127
0.3618, 4126
0.3622, 4125
0.3626, 4124
0.3630, 4123
0.3634, 4122
0.3638, 4121
0.3642, 4120
0.3646, 4119
0.3650, 4118
0.3654, 4117
0.3658, 4116
0.3662, 4115
0.3666, 4114
0.3670, 4113
0.3674, 4112
0.3678, 4111
0.3682, 4110
0.3686, 4109
0.3691, 4108
0.3695, 4107
0.3699, 4106
0.3704, 4105
0.3708, 4104
0.3712, 4103
0.3716, 4102
0.3720, 4101
0.3724, 4100
0.3727, 4099
0.3731, 4098
0.3735, 4097
0.3739, 4096
0.3743, 4095
0.3747, 4094
0.3752, 4093
0.3756, 4092
0.3760, 4091
0.3764, 4090
0.3768, 4089
0.3772, 4088
0.3776, 4087
0.3780, 4086
0.3784, 4085
0.3788, 4084
0.3792, 4083
0.3796, 4082
0.3800, 4081
0.3803, 4080
0.3807, 4079
0.3811, 4078
0.3815, 4077
0.3819, 4076
0.3823, 4075
0.3827, 4074
0.3831, 4073
0.3835, 4072
0.3840, 4071
0.3844, 4070
0.3847, 4069
0.3851, 4068
0.3855, 4067
0.3859, 4066
0.3863, 4065
0.3867, 4064
0.3871, 4063
0.3875, 4062
0.3879, 4061
0.3883, 4060
0.3887, 4059
0.3892, 4058
0.3896, 4057
0.3900, 4056
0.3903, 4055
0.3908, 4054
0.3912, 4053
0.3916, 4052
0.3920, 4051
0.3924, 4050
0.3929, 4049
0.3933, 4048
0.3937, 4047
0.3941, 4046
0.3945, 4045
0.3949, 4044
0.3954, 4043
0.3958, 4042
0.3962, 4041
0.3966, 4040
0.3970, 4039
0.3974, 4038
0.3978, 4037
0.3982, 4036
0.3986, 4035
0.3990, 4034
0.3994, 4033
0.3998, 4032
0.4002, 4031
0.4006, 4030
0.4009, 4029
0.4013, 4028
0.4018, 4027
0.4022, 4026
0.4026, 4025
0.4030, 4024
0.4034, 4023
0.4037, 4022
0.4041, 4021
0.4045, 4020
0.4049, 4019
0.4052, 4018
0.4056, 4017
0.4060, 4016
0.4064, 4015
0.4068, 4014
0.4072, 4013
0.4075, 4012
0.4079, 4011
0.4083, 4010
0.4087, 4009
0.4091, 4008
0.4095, 4007
0.4099, 4006
0.4102, 4005
0.4106, 4004
0.4111, 4003
0.4114, 4002
0.4118, 4001
0.4123, 4000
0.4127, 3999
0.4131, 3998
0.4135, 3997
0.4139, 3996
0.4142, 3995
0.4146, 3994
0.4150, 3993
0.4154, 3992
0.4158, 3991
0.4162, 3990
0.4166, 3989
0.4170, 3988
0.4175, 3987
0.4179, 3986
0.4183, 3985
0.4187, 3984
0.4190, 3983
0.4195, 3982
0.4199, 3981
0.4203, 3980
0.4207, 3979
0.4210, 3978
0.4214, 3977
0.4218, 3976
0.4222, 3975
0.4226, 3974
0.4230, 3973
0.4234, 3972
0.4238, 3971
0.4242, 3970
0.4246, 3969
0.4250, 3968
0.4253, 3967
0.4257, 3966
0.4261, 3965
0.4265, 3964
0.4269, 3963
0.4273, 3962
0.4276, 3961
0.4280, 3960
0.4284, 3959
0.4288, 3958
0.4292, 3957
0.4296, 3956
0.4300, 3955
0.4304, 3954
0.4308, 3953
0.4312, 3952
0.4315, 3951
0.4319, 3950
0.4323, 3949
0.4327, 3948
0.4331, 3947
0.4334, 3946
0.4338, 3945
0.4342, 3944
0.4346, 3943
0.4350, 3942
0.4354, 3941
0.4358, 3940
0.4361, 3939
0.4365, 3938
0.4369, 3937
0.4373, 3936
0.4376, 3935
0.4380, 3934
0.4384, 3933
0.4387, 3932
0.4391, 3931
0.4395, 3930
0.4399, 3929
0.4403, 3928
0.4407, 3927
0.4411, 3926
0.4415, 3925
0.4419, 3924
0.4423, 3923
0.4427, 3922
0.4430, 3921
0.4434, 3920
0.4438, 3919
0.4442, 3918
0.4446, 3917
0.4450, 3916
0.4454, 3915
0.4457, 3914
0.4461, 3913
0.4465, 3912
0.4469, 3911
0.4473, 3910
0.4477, 3909
0.4480, 3908
0.4484, 3907
0.4488, 3906
0.4492, 3905
0.4496, 3904
0.4499, 3903
0.4503, 3902
0.4507, 3901
0.4511, 3900
0.4514, 3899
0.4518, 3898
0.4522, 3897
0.4526, 3896
0.4529, 3895
0.4533, 3894
0.4537, 3893
0.4540, 3892
0.4544, 3891
0.4548, 3890
0.4552, 3889
0.4555, 3888
0.4559, 3887
0.4563, 3886
0.4567, 3885
0.4571, 3884
0.4575, 3883
0.4579, 3882
0.4582, 3881
0.4586, 3880
0.4590, 3879
0.4594, 3878
0.4597, 3877
0.4601, 3876
0.4605, 3875
0.4608, 3874
0.4612, 3873
0.4616, 3872
0.4620, 3871
0.4624, 3870
0.4628, 3869
0.4631, 3868
0.4635, 3867
0.4639, 3866
0.4643, 3865
0.4647, 3864
0.4650, 3863
0.4654, 3862
0.4658, 3861
0.4661, 3860
0.4665, 3859
0.4669, 3858
0.4673, 3857
0.4677, 3856
0.4681, 3855
0.4685, 3854
0.4689, 3853
0.4693, 3852
0.4697, 3851
0.4700, 3850
0.4704, 3849
0.4708, 3848
0.4712, 3847
0.4716, 3846
0.4720, 3845
0.4723, 3844
0.4727, 3843
0.4730, 3842
0.4734, 3841
0.4737, 3840
0.4741, 3839
0.4745, 3838
0.4749, 3837
0.4752, 3836
0.4756, 3835
0.4760, 3834
0.4764, 3833
0.4768, 3832
0.4772, 3831
0.4775, 3830
0.4779, 3829
0.4782, 3828
0.4786, 3827
0.4790, 3826
0.4794, 3825
0.4797, 3824
0.4801, 3823
0.4805, 3822
0.4808, 3821
0.4812, 3820
0.4816, 3819
0.4820, 3818
0.4823, 3817
0.4827, 3816
0.4831, 3815
0.4835, 3814
0.4838, 3813
0.4842, 3812
0.4846, 3811
0.4849, 3810
0.4853, 3809
0.4856, 3808
0.4861, 3807
0.4864, 3806
0.4868, 3805
0.4872, 3804
0.4876, 3803
0.4879, 3802
0.4883, 3801
0.4887, 3800
0.4891, 3799
0.4894, 3798
0.4898, 3797
0.4902, 3796
0.4905, 3795
0.4909, 3794
0.4913, 3793
0.4917, 3792
0.4921, 3791
0.4925, 3790
0.4928, 3789
0.4932, 3788
0.4936, 3787
0.4940, 3786
0.4944, 3785
0.4947, 3784
0.4951, 3783
0.4955, 3782
0.4958, 3781
0.4962, 3780
0.4966, 3779
0.4970, 3778
0.4974, 3777
0.4978, 3776
0.4982, 3775
0.4985, 3774
0.4989, 3773
0.4993, 3772
0.4997, 3771
0.5000, 3770
0.5004, 3769
0.5008, 3768
0.5012, 3767
0.5015, 3766
0.5019, 3765
0.5023, 3764
0.5027, 3763
0.5031, 3762
0.5034, 3761
0.5038, 3760
0.5042, 3759
0.5045, 3758
0.5049, 3757
0.5053, 3756
0.5057, 3755
0.5060, 3754
0.5064, 3753
0.5068, 3752
0.5072, 3751
0.5075, 3750
0.5079, 3749
0.5083, 3748
0.5087, 3747
0.5090, 3746
0.5094, 3745
0.5098, 3744
0.5102, 3743
0.5105, 3742
0.5109, 3741
0.5113, 3740
0.5116, 3739
0.5120, 3738
0.5124, 3737
0.5128, 3736
0.5131, 3735
0.5135, 3734
0.5139, 3733
0.5143, 3732
0.5146, 3731
0.5150, 3730
0.5154, 3729
0.5158, 3728
0.5162, 3727
0.5166, 3726
0.5169, 3725
0.5173, 3724
0.5177, 3723
0.5180, 3722
0.5184, 3721
0.5188, 3720
0.5192, 3719
0.5195, 3718
0.5199, 3717
0.5203, 3716
0.5207, 3715
0.5212, 3714
0.5215, 3713
0.5219, 3712
0.5223, 3711
0.5227, 3710
0.5231, 3709
0.5235, 3708
0.5239, 3707
0.5243, 3706
0.5247, 3705
0.5250, 3704
0.5254, 3703
0.5259, 3702
0.5262, 3701
0.5266, 3700
0.5270, 3699
0.5274, 3698
0.5278, 3697
0.5281, 3696
0.5286, 3695
0.5290, 3694
0.5294, 3693
0.5297, 3692
0.5301, 3691
0.5305, 3690
0.5309, 3689
0.5313, 3688
0.5317, 3687
0.5321, 3686
0.5325, 3685
0.5329, 3684
0.5332, 3683
0.5336, 3682
0.5340, 3681
0.5344, 3680
0.5347, 3679
0.5351, 3678
0.5355, 3677
0.5359, 3676
0.5362, 3675
0.5366, 3674
0.5369, 3673
0.5373, 3672
0.5377, 3671
0.5381, 3670
0.5385, 3669
0.5389, 3668
0.5393, 3667
0.5397, 3666
0.5400, 3665
0.5404, 3664
0.5408, 3663
0.5412, 3662
0.5416, 3661
0.5419, 3660
0.5423, 3659
0.5427, 3658
0.5430, 3657
0.5434, 3656
0.5438, 3655
0.5442, 3654
0.5446, 3653
0.5450, 3652
0.5454, 3651
0.5457, 3650
0.5461, 3649
0.5465, 3648
0.5469, 3647
0.5473, 3646
0.5476, 3645
0.5480, 3644
0.5484, 3643
0.5488, 3642
0.5491, 3641
0.5495, 3640
0.5499, 3639
0.5503, 3638
0.5506, 3637
0.5510, 3636
0.5514, 3635
0.5517, 3634
0.5521, 3633
0.5525, 3632
0.5529, 3631
0.5533, 3630
0.5536, 3629
0.5540, 3628
0.5543, 3627
0.5547, 3626
0.5551, 3625
0.5554, 3624
0.5558, 3623
0.5562, 3622
0.5565, 3621
0.5569, 3620
0.5573, 3619
0.5577, 3618
0.5580, 3617
0.5584, 3616
0.5588, 3615
0.5591, 3614
0.5595, 3613
0.5598, 3612
0.5602, 3611
0.5606, 3610
0.5609, 3609
0.5613, 3608
0.5617, 3607
0.5620, 3606
0.5624, 3605
0.5628, 3604
0.5632, 3603
0.5635, 3602
0.5639, 3601
0.5643, 3600
0.5646, 3599
0.5650, 3598
0.5654, 3597
0.5658, 3596
0.5661, 3595
0.5665, 3594
0.5668, 3593
0.5672, 3592
0.5676, 3591
0.5679, 3590
0.5683, 3589
0.5687, 3588
0.5691, 3587
0.5695, 3586
0.5699, 3585
0.5702, 3584
0.5706, 3583
0.5710, 3582
0.5713, 3581
0.5717, 3580
0.5721, 3579
0.5724, 3578
0.5728, 3577
0.5732, 3576
0.5735, 3575
0.5739, 3574
0.5743, 3573
0.5746, 3572
0.5750, 3571
0.5754, 3570
0.5757, 3569
0.5761, 3568
0.5765, 3567
0.5768, 3566
0.5772, 3565
0.5775, 3564
0.5779, 3563
0.5782, 3562
0.5786, 3561
0.5790, 3560
0.5793, 3559
0.5797, 3558
0.5801, 3557
0.5804, 3556
0.5808, 3555
0.5812, 3554
0.5815, 3553
0.5819, 3552
0.5822, 3551
0.5826, 3550
0.5829, 3549
0.5833, 3548
0.5836, 3547
0.5840, 3546
0.5843, 3545
0.5847, 3544
0.5850, 3543
0.5854, 3542
0.5857, 3541
0.5861, 3540
0.5864, 3539
0.5868, 3538
0.5872, 3537
0.5875, 3536
0.5879, 3535
0.5882, 3534
0.5886, 3533
0.5889, 3532
0.5893, 3531
0.5896, 3530
0.5899, 3529
0.5903, 3528
0.5907, 3527
0.5910, 3526
0.5914, 3525
0.5918, 3524
0.5921, 3523
0.5925, 3522
0.5928, 3521
0.5932, 3520
0.5936, 3519
0.5939, 3518
0.5942, 3517
0.5946, 3516
0.5949, 3515
0.5953, 3514
0.5956, 3513
0.5960, 3512
0.5963, 3511
0.5967, 3510
0.5970, 3509
0.5974, 3508
0.5977, 3507
0.5980, 3506
0.5984, 3505
0.5987, 3504
0.5991, 3503
0.5995, 3502
0.5998, 3501
0.6002, 3500
0.6006, 3499
0.6010, 3498
0.6013, 3497
0.6017, 3496
0.6020, 3495
0.6024, 3494
0.6028, 3493
0.6031, 3492
0.6035, 3491
0.6038, 3490
0.6042, 3489
0.6046, 3488
0.6049, 3487
0.6053, 3486
0.6056, 3485
0.6060, 3484
0.6064, 3483
0.6068, 3482
0.6072, 3481
0.6075, 3480
0.6079, 3479
0.6082, 3478
0.6086, 3477
0.6090, 3476
0.6093, 3475
0.6097, 3474
0.6100, 3473
0.6104, 3472
0.6107, 3471
0.6111, 3470
0.6115, 3469
0.6119, 3468
0.6123, 3467
0.6126, 3466
0.6130, 3465
0.6134, 3464
0.6137, 3463
0.6141, 3462
0.6145, 3461
0.6148, 3460
0.6152, 3459
0.6156, 3458
0.6159, 3457
0.6163, 3456
0.6167, 3455
0.6170, 3454
0.6174, 3453
0.6178, 3452
0.6181, 3451
0.6185, 3450
0.6189, 3449
0.6193, 3448
0.6197, 3447
0.6200, 3446
0.6204, 3445
0.6207, 3444
0.6211, 3443
0.6215, 3442
0.6218, 3441
0.6222, 3440
0.6225, 3439
0.6229, 3438
0.6232, 3437
0.6236, 3436
0.6240, 3435
0.6243, 3434
0.6246, 3433
0.6250, 3432
0.6254, 3431
0.6257, 3430
0.6261, 3429
0.6264, 3428
0.6268, 3427
0.6271, 3426
0.6274, 3425
0.6278, 3424
0.6281, 3423
0.6285, 3422
0.6288, 3421
0.6292, 3420
0.6295, 3419
0.6299, 3418
0.6302, 3417
0.6306, 3416
0.6309, 3415
0.6312, 3414
0.6316, 3413
0.6319, 3412
0.6323, 3411
0.6326, 3410
0.6330, 3409
0.6333, 3408
0.6337, 3407
0.6341, 3406
0.6344, 3405
0.6348, 3404
0.6352, 3403
0.6355, 3402
0.6358, 3401
0.6362, 3400
0.6366, 3399
0.6369, 3398
0.6373, 3397
0.6376, 3396
0.6380, 3395
0.6383, 3394
0.6386, 3393
0.6390, 3392
0.6393, 3391
0.6397, 3390
0.6400, 3389
0.6403, 3388
0.6407, 3387
0.6410, 3386
0.6413, 3385
0.6417, 3384
0.6420, 3383
0.6423, 3382
0.6427, 3381
0.6430, 3380
0.6433, 3379
0.6436, 3378
0.6440, 3377
0.6443, 3376
0.6447, 3375
0.6450, 3374
0.6454, 3373
0.6457, 3372
0.6461, 3371
0.6464, 3370
0.6468, 3369
0.6472, 3368
0.6475, 3367
0.6479, 3366
0.6482, 3365
0.6485, 3364
0.6489, 3363
0.6492, 3362
0.6495, 3361
0.6499, 3360
0.6503, 3359
0.6506, 3358
0.6510, 3357
0.6513, 3356
0.6516, 3355
0.6520, 3354
0.6523, 3353
0.6526, 3352
0.6530, 3351
0.7321, 3350
0.7324, 3349
1.3379, 3348
1.5380, 3347
2.4495, 3346
2.4718, 3345
2.5491, 3344
3.0528, 3343
3.0861, 3342
3.2072, 3341
3.4049, 3340
4.3136, 3339
4.5561, 3338
4.6557, 3337
4.6560, 3336
5.0306, 3335
5.1623, 3334
5.6225, 3333
5.6446, 3332
5.6450, 3331
6.2589, 3330
6.3686, 3329
6.4353, 3328
6.4574, 3327
6.4800, 3326
6.5240, 3325
6.6118, 3324
6.9519, 3323
7.0180, 3322
7.0624, 3321
7.1173, 3320
7.3035, 3319
7.3259, 3318
7.3808, 3317
7.3811, 3316
7.6671, 3315
7.6675, 3314
7.7779, 3313
7.7782, 3312
8.5568, 3311
8.9755, 3310
9.3597, 3309
9.5679, 3308
9.6451, 3307
