0.0000, 858
0.0001, 857
0.0002, 856
0.0002, 855
0.0003, 854
0.0004, 853
0.0005, 852
0.0006, 851
0.0006, 850
0.0007, 849
0.0008, 848
0.0009, 847
0.0010, 846
0.0010, 845
0.0011, 844
0.0012, 843
0.0013, 842
0.0014, 841
0.0014, 840
0.0015, 839
0.0016, 838
0.0017, 837
0.0018, 836
0.0018, 835
0.0019, 834
0.0020, 833
0.0021, 832
0.0022, 831
0.0022, 830
0.0023, 829
0.0024, 828
0.0025, 827
0.0026, 826
0.0027, 825
0.0027, 824
0.0028, 823
0.0029, 822
0.0030, 821
0.0031, 820
0.0032, 819
0.0033, 818
0.0033, 817
0.0034, 816
0.0035, 815
0.0036, 814
0.0037, 813
0.0038, 812
0.0038, 811
0.0039, 810
0.0040, 809
0.0041, 808
0.0042, 807
0.0043, 806
0.0044, 805
0.0044, 804
0.0045, 803
0.0046, 802
0.0047, 801
0.0048, 800
0.0049, 799
0.0050, 798
0.0051, 797
0.0051, 796
0.0052, 795
0.0053, 794
0.0054, 793
0.0055, 792
0.0056, 791
0.0057, 790
0.0057, 789
0.0058, 788
0.0059, 787
0.0060, 786
0.0061, 785
0.0062, 784
0.0063, 783
0.0064, 782
0.0064, 781
0.0065, 780
0.0066, 779
0.0067, 778
0.0068, 777
0.0069, 776
0.0070, 775
0.0071, 774
0.0071, 773
0.0072, 772
0.0073, 771
0.0074, 770
0.0075, 769
0.0076, 768
0.0077, 767
0.0077, 766
0.0078, 765
0.0079, 764
0.0080, 763
0.0081, 762
0.0082, 761
0.0083, 760
0.0084, 759
0.0085, 758
0.0085, 757
0.0086, 756
0.0087, 755
0.0088, 754
0.0089, 753
0.0090, 752
0.0091, 751
0.0092, 750
0.0093, 749
0.0093, 748
0.0094, 747
0.0095, 746
0.0096, 745
0.0097, 744
0.0098, 743
0.0099, 742
0.0100, 741
0.0101, 740
0.0102, 739
0.0117, 738
0.0125, 737
0.0140, 736
0.0170, 735
0.0200, 734
0.0201, 733
0.0376, 732
0.0377, 731
0.0399, 730
0.0415, 729
0.0430, 728
0.0468, 727
0.0514, 726
0.0515, 725
0.0554, 724
0.0584, 723
0.0621, 722
0.0781, 721
0.0892, 720
0.0967, 719
0.1101, 718
0.1175, 717
0.1234, 716
0.1256, 715
0.1419, 714
0.1552, 713
0.1560, 712
0.2274, 711
4.0754, 710
6.4453, 709
8.6566, 708
