0.0000, 858
0.0001, 857
0.0002, 856
0.0002, 855
0.0003, 854
0.0004, 853
0.0005, 852
0.0006, 851
0.0007, 850
0.0007, 849
0.0008, 848
0.0009, 847
0.0010, 846
0.0011, 845
0.0011, 844
0.0012, 843
0.0013, 842
0.0014, 841
0.0015, 840
0.0015, 839
0.0016, 838
0.0017, 837
0.0018, 836
0.0019, 835
0.0019, 834
0.0020, 833
0.0021, 832
0.0022, 831
0.0023, 830
0.0024, 829
0.0024, 828
0.0025, 827
0.0026, 826
0.0027, 825
0.0028, 824
0.0028, 823
0.0029, 822
0.0030, 821
0.0031, 820
0.0032, 819
0.0033, 818
0.0034, 817
0.0034, 816
0.0035, 815
0.0036, 814
0.0037, 813
0.0038, 812
0.0039, 811
0.0040, 810
0.0041, 809
0.0041, 808
0.0042, 807
0.0043, 806
0.0044, 805
0.0045, 804
0.0046, 803
0.0047, 802
0.0048, 801
0.0049, 800
0.0049, 799
0.0050, 798
0.0051, 797
0.0052, 796
0.0053, 795
0.0054, 794
0.0055, 793
0.0056, 792
0.0056, 791
0.0057, 790
0.0058, 789
0.0059, 788
0.0060, 787
0.0061, 786
0.0062, 785
0.0063, 784
0.0063, 783
0.0064, 782
0.0065, 781
0.0066, 780
0.0067, 779
0.0068, 778
0.0069, 777
0.0070, 776
0.0071, 775
0.0072, 774
0.0073, 773
0.0073, 772
0.0074, 771
0.0075, 770
0.0076, 769
0.0077, 768
0.0078, 767
0.0079, 766
0.0079, 765
0.0080, 764
0.0081, 763
0.0082, 762
0.0083, 761
0.0084, 760
0.0085, 759
0.0086, 758
0.0087, 757
0.0088, 756
0.0089, 755
0.0090, 754
0.0091, 753
0.0091, 752
0.0092, 751
0.0093, 750
0.0094, 749
0.0095, 748
0.0096, 747
0.0097, 746
0.0098, 745
0.0099, 744
0.0099, 743
0.0100, 742
0.0101, 741
0.0102, 740
0.0103, 739
0.0126, 738
0.0127, 737
0.0142, 736
0.0157, 735
0.0172, 734
0.0224, 733
0.0282, 732
0.0378, 731
0.0439, 730
0.0440, 729
0.0441, 728
0.0457, 727
0.0514, 726
0.0515, 725
0.0531, 724
0.0599, 723
0.0608, 722
0.0646, 721
0.0713, 720
0.0774, 719
0.0895, 718
0.1054, 717
0.1144, 716
0.1221, 715
0.1282, 714
0.1381, 713
0.1488, 712
0.1556, 711
0.2241, 710
4.2594, 709
4.9433, 708
5.7761, 707
5.7785, 706
9.5006, 705
