0.0000, 858
0.0001, 857
0.0002, 856
0.0002, 855
0.0003, 854
0.0004, 853
0.0005, 852
0.0006, 851
0.0006, 850
0.0007, 849
0.0008, 848
0.0009, 847
0.0010, 846
0.0011, 845
0.0011, 844
0.0012, 843
0.0013, 842
0.0014, 841
0.0015, 840
0.0016, 839
0.0016, 838
0.0017, 837
0.0018, 836
0.0019, 835
0.0020, 834
0.0021, 833
0.0021, 832
0.0022, 831
0.0023, 830
0.0024, 829
0.0025, 828
0.0026, 827
0.0027, 826
0.0027, 825
0.0028, 824
0.0029, 823
0.0030, 822
0.0031, 821
0.0032, 820
0.0033, 819
0.0034, 818
0.0035, 817
0.0036, 816
0.0037, 815
0.0037, 814
0.0038, 813
0.0039, 812
0.0040, 811
0.0041, 810
0.0042, 809
0.0043, 808
0.0044, 807
0.0045, 806
0.0046, 805
0.0047, 804
0.0048, 803
0.0049, 802
0.0050, 801
0.0050, 800
0.0051, 799
0.0052, 798
0.0053, 797
0.0054, 796
0.0055, 795
0.0056, 794
0.0057, 793
0.0058, 792
0.0059, 791
0.0060, 790
0.0061, 789
0.0062, 788
0.0063, 787
0.0064, 786
0.0065, 785
0.0065, 784
0.0066, 783
0.0067, 782
0.0068, 781
0.0069, 780
0.0070, 779
0.0071, 778
0.0072, 777
0.0073, 776
0.0074, 775
0.0075, 774
0.0076, 773
0.0077, 772
0.0078, 771
0.0079, 770
0.0080, 769
0.0081, 768
0.0082, 767
0.0083, 766
0.0084, 765
0.0085, 764
0.0086, 763
0.0087, 762
0.0087, 761
0.0088, 760
0.0089, 759
0.0090, 758
0.0091, 757
0.0092, 756
0.0093, 755
0.0094, 754
0.0095, 753
0.0096, 752
0.0097, 751
0.0098, 750
0.0099, 749
0.0100, 748
0.0101, 747
0.0102, 746
0.0103, 745
0.0104, 744
0.0105, 743
0.0106, 742
0.0107, 741
0.0108, 740
0.0109, 739
0.0125, 738
0.0133, 737
0.0148, 736
0.0179, 735
0.0201, 734
0.0225, 733
0.0270, 732
0.0381, 731
0.0419, 730
0.0419, 729
0.0450, 728
0.0466, 727
0.0519, 726
0.0520, 725
0.0535, 724
0.0558, 723
0.0588, 722
0.0648, 721
0.0834, 720
0.0930, 719
0.1081, 718
0.1171, 717
0.1232, 716
0.1277, 715
0.1389, 714
0.1555, 713
0.1571, 712
0.2701, 711
4.6420, 710
4.6886, 709
5.3066, 708
5.3461, 707
7.5484, 706
