0.0000, 728
0.0001, 727
0.0001, 726
0.0002, 725
0.0003, 724
0.0004, 723
0.0004, 722
0.0005, 721
0.0006, 720
0.0007, 719
0.0007, 718
0.0008, 717
0.0009, 716
0.0009, 715
0.0010, 714
0.0011, 713
0.0012, 712
0.0012, 711
0.0013, 710
0.0014, 709
0.0014, 708
0.0015, 707
0.0016, 706
0.0017, 705
0.0017, 704
0.0018, 703
0.0019, 702
0.0020, 701
0.0020, 700
0.0021, 699
0.0022, 698
0.0023, 697
0.0024, 696
0.0024, 695
0.0025, 694
0.0026, 693
0.0026, 692
0.0027, 691
0.0028, 690
0.0029, 689
0.0029, 688
0.0030, 687
0.0031, 686
0.0032, 685
0.0032, 684
0.0033, 683
0.0034, 682
0.0034, 681
0.0035, 680
0.0036, 679
0.0037, 678
0.0038, 677
0.0038, 676
0.0039, 675
0.0040, 674
0.0040, 673
0.0041, 672
0.0042, 671
0.0042, 670
0.0043, 669
0.0044, 668
0.0044, 667
0.0045, 666
0.0046, 665
0.0046, 664
0.0047, 663
0.0048, 662
0.0048, 661
0.0049, 660
0.0050, 659
0.0051, 658
0.0051, 657
0.0052, 656
0.0053, 655
0.0053, 654
0.0054, 653
0.0055, 652
0.0055, 651
0.0056, 650
0.0057, 649
0.0057, 648
0.0058, 647
0.0059, 646
0.0059, 645
0.0060, 644
0.0061, 643
0.0061, 642
0.0062, 641
0.0063, 640
0.0063, 639
0.0064, 638
0.0065, 637
0.0065, 636
0.0066, 635
0.0067, 634
0.0068, 633
0.0069, 632
0.0069, 631
0.0070, 630
0.0071, 629
0.0071, 628
0.0072, 627
0.0072, 626
0.0073, 625
0.0074, 624
0.0074, 623
0.0075, 622
0.0076, 621
0.0077, 620
0.0077, 619
0.0078, 618
0.0079, 617
0.0079, 616
0.0080, 615
0.0081, 614
0.0081, 613
0.0082, 612
0.0105, 611
0.0138, 610
0.0215, 609
0.0215, 608
0.0216, 607
0.0238, 606
0.0239, 605
0.0262, 604
0.0306, 603
0.0472, 602
0.0582, 601
0.0681, 600
0.0715, 599
0.0716, 598
0.1828, 597
4.5250, 596
4.5250, 595
8.4705, 594
