0.0000, 5200
0.0004, 5199
0.0009, 5198
0.0013, 5197
0.0018, 5196
0.0023, 5195
0.0027, 5194
0.0031, 5193
0.0037, 5192
0.0041, 5191
0.0046, 5190
0.0051, 5189
0.0055, 5188
0.0060, 5187
0.0065, 5186
0.0069, 5185
0.0074, 5184
0.0079, 5183
0.0083, 5182
0.0088, 5181
0.0093, 5180
0.0098, 5179
0.0102, 5178
0.0107, 5177
0.0112, 5176
0.0117, 5175
0.0122, 5174
0.0127, 5173
0.0132, 5172
0.0136, 5171
0.0141, 5170
0.0146, 5169
0.0151, 5168
0.0156, 5167
0.0161, 5166
0.0165, 5165
0.0170, 5164
0.0174, 5163
0.0179, 5162
0.0183, 5161
0.0188, 5160
0.0193, 5159
0.0198, 5158
0.0203, 5157
0.0208, 5156
0.0213, 5155
0.0217, 5154
0.0222, 5153
0.0227, 5152
0.0232, 5151
0.0236, 5150
0.0242, 5149
0.0246, 5148
0.0251, 5147
0.0255, 5146
0.0260, 5145
0.0264, 5144
0.0269, 5143
0.0274, 5142
0.0279, 5141
0.0283, 5140
0.0288, 5139
0.0292, 5138
0.0297, 5137
0.0302, 5136
0.0307, 5135
0.0312, 5134
0.0316, 5133
0.0321, 5132
0.0326, 5131
0.0331, 5130
0.0336, 5129
0.0341, 5128
0.0345, 5127
0.0350, 5126
0.0354, 5125
0.0359, 5124
0.0364, 5123
0.0368, 5122
0.0373, 5121
0.0378, 5120
0.0382, 5119
0.0387, 5118
0.0391, 5117
0.0396, 5116
0.0401, 5115
0.0406, 5114
0.0411, 5113
0.0415, 5112
0.0420, 5111
0.0426, 5110
0.0431, 5109
0.0436, 5108
0.0441, 5107
0.0446, 5106
0.0450, 5105
0.0454, 5104
0.0459, 5103
0.0463, 5102
0.0468, 5101
0.0473, 5100
0.0477, 5099
0.0482, 5098
0.0486, 5097
0.0491, 5096
0.0495, 5095
0.0500, 5094
0.0504, 5093
0.0509, 5092
0.0513, 5091
0.0518, 5090
0.0523, 5089
0.0527, 5088
0.0532, 5087
0.0537, 5086
0.0543, 5085
0.0547, 5084
0.0552, 5083
0.0556, 5082
0.0561, 5081
0.0565, 5080
0.0570, 5079
0.0575, 5078
0.0580, 5077
0.0585, 5076
0.0590, 5075
0.0594, 5074
0.0599, 5073
0.0604, 5072
0.0608, 5071
0.0613, 5070
0.0618, 5069
0.0623, 5068
0.0628, 5067
0.0632, 5066
0.0637, 5065
0.0641, 5064
0.0646, 5063
0.0650, 5062
0.0655, 5061
0.0660, 5060
0.0665, 5059
0.0669, 5058
0.0674, 5057
0.0679, 5056
0.0683, 5055
0.0688, 5054
0.0693, 5053
0.0698, 5052
0.0703, 5051
0.0708, 5050
0.0713, 5049
0.0718, 5048
0.0722, 5047
0.0727, 5046
0.0732, 5045
0.0737, 5044
0.0742, 5043
0.0747, 5042
0.0752, 5041
0.0757, 5040
0.0761, 5039
0.0766, 5038
0.0770, 5037
0.0775, 5036
0.0779, 5035
0.0783, 5034
0.0788, 5033
0.0792, 5032
0.0797, 5031
0.0801, 5030
0.0806, 5029
0.0811, 5028
0.0816, 5027
0.0821, 5026
0.0825, 5025
0.0830, 5024
0.0836, 5023
0.0840, 5022
0.0845, 5021
0.0850, 5020
0.0854, 5019
0.0859, 5018
0.0863, 5017
0.0868, 5016
0.0873, 5015
0.0878, 5014
0.0883, 5013
0.0887, 5012
0.0892, 5011
0.0897, 5010
0.0902, 5009
0.0906, 5008
0.0912, 5007
0.0918, 5006
0.0922, 5005
0.0927, 5004
0.0931, 5003
0.0936, 5002
0.0941, 5001
0.0945, 5000
0.0950, 4999
0.0955, 4998
0.0959, 4997
0.0965, 4996
0.0969, 4995
0.0974, 4994
0.0978, 4993
0.0983, 4992
0.0987, 4991
0.0992, 4990
0.0996, 4989
0.1001, 4988
0.1005, 4987
0.1010, 4986
0.1015, 4985
0.1019, 4984
0.1024, 4983
0.1028, 4982
0.1034, 4981
0.1038, 4980
0.1043, 4979
0.1047, 4978
0.1052, 4977
0.1057, 4976
0.1062, 4975
0.1067, 4974
0.1072, 4973
0.1077, 4972
0.1082, 4971
0.1086, 4970
0.1091, 4969
0.1095, 4968
0.1100, 4967
0.1104, 4966
0.1109, 4965
0.1114, 4964
0.1118, 4963
0.1123, 4962
0.1128, 4961
0.1133, 4960
0.1137, 4959
0.1142, 4958
0.1147, 4957
0.1152, 4956
0.1156, 4955
0.1161, 4954
0.1165, 4953
0.1170, 4952
0.1175, 4951
0.1179, 4950
0.1184, 4949
0.1189, 4948
0.1193, 4947
0.1198, 4946
0.1203, 4945
0.1207, 4944
0.1212, 4943
0.1217, 4942
0.1222, 4941
0.1227, 4940
0.1232, 4939
0.1236, 4938
0.1240, 4937
0.1245, 4936
0.1250, 4935
0.1255, 4934
0.1260, 4933
0.1265, 4932
0.1269, 4931
0.1274, 4930
0.1279, 4929
0.1283, 4928
0.1288, 4927
0.1293, 4926
0.1297, 4925
0.1302, 4924
0.1307, 4923
0.1312, 4922
0.1317, 4921
0.1321, 4920
0.1326, 4919
0.1330, 4918
0.1335, 4917
0.1340, 4916
0.1344, 4915
0.1349, 4914
0.1353, 4913
0.1359, 4912
0.1364, 4911
0.1368, 4910
0.1373, 4909
0.1378, 4908
0.1383, 4907
0.1388, 4906
0.1393, 4905
0.1398, 4904
0.1403, 4903
0.1407, 4902
0.1412, 4901
0.1417, 4900
0.1422, 4899
0.1426, 4898
0.1431, 4897
0.1436, 4896
0.1441, 4895
0.1446, 4894
0.1450, 4893
0.1455, 4892
0.1459, 4891
0.1464, 4890
0.1468, 4889
0.1473, 4888
0.1477, 4887
0.1482, 4886
0.1487, 4885
0.1491, 4884
0.1496, 4883
0.1500, 4882
0.1505, 4881
0.1510, 4880
0.1515, 4879
0.1519, 4878
0.1524, 4877
0.1528, 4876
0.1533, 4875
0.1538, 4874
0.1543, 4873
0.1547, 4872
0.1552, 4871
0.1556, 4870
0.1561, 4869
0.1566, 4868
0.1571, 4867
0.1576, 4866
0.1580, 4865
0.1585, 4864
0.1590, 4863
0.1595, 4862
0.1599, 4861
0.1604, 4860
0.1608, 4859
0.1613, 4858
0.1617, 4857
0.1622, 4856
0.1628, 4855
0.1632, 4854
0.1637, 4853
0.1641, 4852
0.1646, 4851
0.1651, 4850
0.1656, 4849
0.1660, 4848
0.1665, 4847
0.1669, 4846
0.1675, 4845
0.1679, 4844
0.1685, 4843
0.1689, 4842
0.1694, 4841
0.1699, 4840
0.1704, 4839
0.1709, 4838
0.1714, 4837
0.1719, 4836
0.1723, 4835
0.1728, 4834
0.1733, 4833
0.1737, 4832
0.1742, 4831
0.1747, 4830
0.1752, 4829
0.1756, 4828
0.1760, 4827
0.1765, 4826
0.1770, 4825
0.1775, 4824
0.1779, 4823
0.1784, 4822
0.1788, 4821
0.1792, 4820
0.1797, 4819
0.1801, 4818
0.1806, 4817
0.1811, 4816
0.1815, 4815
0.1820, 4814
0.1826, 4813
0.1831, 4812
0.1836, 4811
0.1841, 4810
0.1846, 4809
0.1851, 4808
0.1856, 4807
0.1860, 4806
0.1865, 4805
0.1869, 4804
0.1874, 4803
0.1879, 4802
0.1883, 4801
0.1888, 4800
0.1893, 4799
0.1898, 4798
0.1902, 4797
0.1907, 4796
0.1911, 4795
0.1916, 4794
0.1920, 4793
0.1925, 4792
0.1930, 4791
0.1935, 4790
0.1939, 4789
0.1944, 4788
0.1949, 4787
0.1954, 4786
0.1958, 4785
0.1963, 4784
0.1968, 4783
0.1972, 4782
0.1977, 4781
0.1982, 4780
0.1987, 4779
0.1992, 4778
0.1997, 4777
0.2001, 4776
0.2006, 4775
0.2011, 4774
0.2015, 4773
0.2020, 4772
0.2026, 4771
0.2031, 4770
0.2035, 4769
0.2040, 4768
0.2044, 4767
0.2048, 4766
0.2053, 4765
0.2058, 4764
0.2062, 4763
0.2067, 4762
0.2072, 4761
0.2077, 4760
0.2082, 4759
0.2087, 4758
0.2092, 4757
0.2096, 4756
0.2100, 4755
0.2106, 4754
0.2110, 4753
0.2115, 4752
0.2119, 4751
0.2124, 4750
0.2129, 4749
0.2134, 4748
0.2138, 4747
0.2143, 4746
0.2147, 4745
0.2153, 4744
0.2157, 4743
0.2162, 4742
0.2168, 4741
0.2172, 4740
0.2177, 4739
0.2181, 4738
0.2186, 4737
0.2191, 4736
0.2195, 4735
0.2200, 4734
0.2204, 4733
0.2209, 4732
0.2216, 4731
0.2221, 4730
0.2225, 4729
0.2230, 4728
0.2235, 4727
0.2240, 4726
0.2244, 4725
0.2249, 4724
0.2254, 4723
0.2260, 4722
0.2265, 4721
0.2269, 4720
0.2274, 4719
0.2278, 4718
0.2283, 4717
0.2288, 4716
0.2293, 4715
0.2297, 4714
0.2302, 4713
0.2307, 4712
0.2311, 4711
0.2316, 4710
0.2321, 4709
0.2326, 4708
0.2331, 4707
0.2335, 4706
0.2340, 4705
0.2345, 4704
0.2350, 4703
0.2354, 4702
0.2359, 4701
0.2364, 4700
0.2368, 4699
0.2372, 4698
0.2377, 4697
0.2382, 4696
0.2387, 4695
0.2392, 4694
0.2396, 4693
0.2401, 4692
0.2405, 4691
0.2410, 4690
0.2415, 4689
0.2419, 4688
0.2424, 4687
0.2428, 4686
0.2432, 4685
0.2438, 4684
0.2442, 4683
0.2447, 4682
0.2451, 4681
0.2456, 4680
0.2460, 4679
0.2464, 4678
0.2469, 4677
0.2474, 4676
0.2479, 4675
0.2484, 4674
0.2489, 4673
0.2493, 4672
0.2498, 4671
0.2502, 4670
0.2507, 4669
0.2512, 4668
0.2517, 4667
0.2522, 4666
0.2526, 4665
0.2531, 4664
0.2536, 4663
0.2540, 4662
0.2545, 4661
0.2549, 4660
0.2553, 4659
0.2558, 4658
0.2562, 4657
0.2567, 4656
0.2571, 4655
0.2576, 4654
0.2581, 4653
0.2586, 4652
0.2591, 4651
0.2595, 4650
0.2599, 4649
0.2604, 4648
0.2609, 4647
0.2614, 4646
0.2619, 4645
0.2624, 4644
0.2628, 4643
0.2633, 4642
0.2637, 4641
0.2642, 4640
0.2646, 4639
0.2651, 4638
0.2657, 4637
0.2661, 4636
0.2666, 4635
0.2671, 4634
0.2676, 4633
0.2680, 4632
0.2685, 4631
0.2689, 4630
0.2694, 4629
0.2699, 4628
0.2703, 4627
0.2709, 4626
0.2714, 4625
0.2719, 4624
0.2724, 4623
0.2728, 4622
0.2732, 4621
0.2737, 4620
0.2742, 4619
0.2746, 4618
0.2751, 4617
0.2756, 4616
0.2761, 4615
0.2766, 4614
0.2770, 4613
0.2775, 4612
0.2779, 4611
0.2784, 4610
0.2788, 4609
0.2793, 4608
0.2797, 4607
0.2802, 4606
0.2807, 4605
0.2811, 4604
0.2816, 4603
0.2820, 4602
0.2824, 4601
0.2829, 4600
0.2834, 4599
0.2839, 4598
0.2843, 4597
0.2849, 4596
0.2853, 4595
0.2858, 4594
0.2862, 4593
0.2867, 4592
0.2871, 4591
0.2876, 4590
0.2880, 4589
0.2885, 4588
0.2890, 4587
0.2894, 4586
0.2899, 4585
0.2905, 4584
0.2909, 4583
0.2914, 4582
0.2918, 4581
0.2923, 4580
0.2928, 4579
0.2933, 4578
0.2938, 4577
0.2943, 4576
0.2947, 4575
0.2952, 4574
0.2956, 4573
0.2961, 4572
0.2966, 4571
0.2970, 4570
0.2976, 4569
0.2981, 4568
0.2985, 4567
0.2990, 4566
0.2994, 4565
0.2999, 4564
0.3003, 4563
0.3008, 4562
0.3013, 4561
0.3017, 4560
0.3022, 4559
0.3026, 4558
0.3031, 4557
0.3036, 4556
0.3041, 4555
0.3046, 4554
0.3051, 4553
0.3055, 4552
0.3060, 4551
0.3065, 4550
0.3069, 4549
0.3074, 4548
0.3078, 4547
0.3083, 4546
0.3088, 4545
0.3093, 4544
0.3097, 4543
0.3102, 4542
0.3107, 4541
0.3111, 4540
0.3115, 4539
0.3120, 4538
0.3124, 4537
0.3128, 4536
0.3133, 4535
0.3137, 4534
0.3142, 4533
0.3147, 4532
0.3151, 4531
0.3156, 4530
0.3160, 4529
0.3165, 4528
0.3170, 4527
0.3175, 4526
0.3179, 4525
0.3184, 4524
0.3188, 4523
0.3193, 4522
0.3197, 4521
0.3202, 4520
0.3206, 4519
0.3210, 4518
0.3214, 4517
0.3219, 4516
0.3223, 4515
0.3228, 4514
0.3232, 4513
0.3237, 4512
0.3242, 4511
0.3246, 4510
0.3250, 4509
0.3255, 4508
0.3259, 4507
0.3264, 4506
0.3268, 4505
0.3272, 4504
0.3277, 4503
0.3281, 4502
0.3286, 4501
0.3290, 4500
0.3295, 4499
0.3300, 4498
0.3304, 4497
0.3309, 4496
0.3313, 4495
0.3318, 4494
0.3322, 4493
0.3327, 4492
0.3332, 4491
0.3337, 4490
0.3342, 4489
0.3346, 4488
0.3351, 4487
0.3356, 4486
0.3360, 4485
0.3364, 4484
0.3369, 4483
0.3373, 4482
0.3377, 4481
0.3382, 4480
0.3387, 4479
0.3392, 4478
0.3397, 4477
0.3401, 4476
0.3405, 4475
0.3409, 4474
0.3414, 4473
0.3418, 4472
0.3422, 4471
0.3427, 4470
0.3431, 4469
0.3436, 4468
0.3440, 4467
0.3445, 4466
0.3449, 4465
0.3454, 4464
0.3458, 4463
0.3462, 4462
0.3467, 4461
0.3471, 4460
0.3475, 4459
0.3479, 4458
0.3484, 4457
0.3489, 4456
0.3493, 4455
0.3498, 4454
0.3503, 4453
0.3507, 4452
0.3511, 4451
0.3516, 4450
0.3521, 4449
0.3525, 4448
0.3530, 4447
0.3534, 4446
0.3538, 4445
0.3543, 4444
0.3548, 4443
0.3552, 4442
0.3556, 4441
0.3561, 4440
0.3565, 4439
0.3570, 4438
0.3574, 4437
0.3579, 4436
0.3583, 4435
0.3587, 4434
0.3591, 4433
0.3596, 4432
0.3600, 4431
0.3604, 4430
0.3609, 4429
0.3614, 4428
0.3618, 4427
0.3623, 4426
0.3627, 4425
0.3631, 4424
0.3635, 4423
0.3640, 4422
0.3645, 4421
0.3649, 4420
0.3654, 4419
0.3658, 4418
0.3663, 4417
0.3667, 4416
0.3671, 4415
0.3677, 4414
0.3682, 4413
0.3686, 4412
0.3691, 4411
0.3696, 4410
0.3700, 4409
0.3705, 4408
0.3709, 4407
0.3715, 4406
0.3719, 4405
0.3723, 4404
0.3729, 4403
0.3733, 4402
0.3738, 4401
0.3742, 4400
0.3747, 4399
0.3751, 4398
0.3756, 4397
0.3760, 4396
0.3764, 4395
0.3768, 4394
0.3773, 4393
0.3777, 4392
0.3781, 4391
0.3786, 4390
0.3790, 4389
0.3794, 4388
0.3798, 4387
0.3803, 4386
0.3807, 4385
0.3812, 4384
0.3817, 4383
0.3822, 4382
0.3826, 4381
0.3830, 4380
0.3835, 4379
0.3840, 4378
0.3844, 4377
0.3848, 4376
0.3853, 4375
0.3857, 4374
0.3862, 4373
0.3866, 4372
0.3871, 4371
0.3876, 4370
0.3880, 4369
0.3884, 4368
0.3889, 4367
0.3893, 4366
0.3897, 4365
0.3903, 4364
0.3908, 4363
0.3912, 4362
0.3917, 4361
0.3921, 4360
0.3926, 4359
0.3931, 4358
0.3935, 4357
0.3940, 4356
0.3945, 4355
0.3950, 4354
0.3954, 4353
0.3959, 4352
0.3963, 4351
0.3967, 4350
0.3971, 4349
0.3976, 4348
0.3981, 4347
0.3985, 4346
0.3989, 4345
0.3994, 4344
0.3998, 4343
0.4003, 4342
0.4007, 4341
0.4012, 4340
0.4017, 4339
0.4022, 4338
0.4026, 4337
0.4031, 4336
0.4036, 4335
0.4041, 4334
0.4045, 4333
0.4049, 4332
0.4054, 4331
0.4059, 4330
0.4063, 4329
0.4067, 4328
0.4072, 4327
0.4076, 4326
0.4080, 4325
0.4084, 4324
0.4089, 4323
0.4094, 4322
0.4098, 4321
0.4102, 4320
0.4107, 4319
0.4111, 4318
0.4116, 4317
0.4120, 4316
0.4124, 4315
0.4128, 4314
0.4132, 4313
0.4137, 4312
0.4141, 4311
0.4145, 4310
0.4150, 4309
0.4154, 4308
0.4159, 4307
0.4164, 4306
0.4169, 4305
0.4174, 4304
0.4178, 4303
0.4182, 4302
0.4187, 4301
0.4191, 4300
0.4196, 4299
0.4200, 4298
0.4204, 4297
0.4210, 4296
0.4214, 4295
0.4218, 4294
0.4222, 4293
0.4226, 4292
0.4231, 4291
0.4235, 4290
0.4239, 4289
0.4244, 4288
0.4248, 4287
0.4252, 4286
0.4257, 4285
0.4261, 4284
0.4266, 4283
0.4270, 4282
0.4275, 4281
0.4279, 4280
0.4284, 4279
0.4288, 4278
0.4292, 4277
0.4297, 4276
0.4301, 4275
0.4305, 4274
0.4310, 4273
0.4314, 4272
0.4319, 4271
0.4324, 4270
0.4328, 4269
0.4333, 4268
0.4337, 4267
0.4342, 4266
0.4346, 4265
0.4350, 4264
0.4354, 4263
0.4359, 4262
0.4363, 4261
0.4367, 4260
0.4371, 4259
0.4376, 4258
0.4380, 4257
0.4384, 4256
0.4389, 4255
0.4393, 4254
0.4397, 4253
0.4402, 4252
0.4406, 4251
0.4410, 4250
0.4415, 4249
0.4419, 4248
0.4423, 4247
0.4427, 4246
0.4431, 4245
0.4436, 4244
0.4440, 4243
0.4444, 4242
0.4448, 4241
0.4453, 4240
0.4457, 4239
0.4461, 4238
0.4465, 4237
0.4470, 4236
0.4475, 4235
0.4479, 4234
0.4484, 4233
0.4488, 4232
0.4492, 4231
0.4497, 4230
0.4501, 4229
0.4506, 4228
0.4510, 4227
0.4514, 4226
0.4519, 4225
0.4523, 4224
0.4527, 4223
0.4532, 4222
0.4537, 4221
0.4542, 4220
0.4546, 4219
0.4550, 4218
0.4555, 4217
0.4559, 4216
0.4564, 4215
0.4568, 4214
0.4572, 4213
0.4576, 4212
0.4580, 4211
0.4585, 4210
0.4589, 4209
0.4593, 4208
0.4598, 4207
0.4603, 4206
0.4607, 4205
0.4611, 4204
0.4615, 4203
0.4620, 4202
0.4624, 4201
0.4628, 4200
0.4633, 4199
0.4637, 4198
0.4641, 4197
0.4645, 4196
0.4650, 4195
0.4654, 4194
0.4658, 4193
0.4662, 4192
0.4667, 4191
0.4671, 4190
0.4676, 4189
0.4680, 4188
0.4685, 4187
0.4690, 4186
0.4694, 4185
0.4698, 4184
0.4702, 4183
0.4706, 4182
0.4710, 4181
0.4715, 4180
0.4719, 4179
0.4723, 4178
0.4727, 4177
0.4731, 4176
0.4736, 4175
0.4740, 4174
0.4745, 4173
0.4749, 4172
0.4753, 4171
0.4757, 4170
0.4761, 4169
0.4765, 4168
0.4769, 4167
0.4773, 4166
0.4777, 4165
0.4782, 4164
0.4786, 4163
0.4790, 4162
0.4794, 4161
0.4799, 4160
0.4804, 4159
0.4808, 4158
0.4812, 4157
0.4817, 4156
0.4821, 4155
0.4826, 4154
0.4830, 4153
0.4834, 4152
0.4838, 4151
0.4842, 4150
0.4846, 4149
0.4851, 4148
0.4855, 4147
0.4859, 4146
0.4864, 4145
0.4868, 4144
0.4872, 4143
0.4876, 4142
0.4880, 4141
0.4885, 4140
0.4889, 4139
0.4893, 4138
0.4898, 4137
0.4902, 4136
0.4906, 4135
0.4911, 4134
0.4916, 4133
0.4921, 4132
0.4925, 4131
0.4929, 4130
0.4933, 4129
0.4937, 4128
0.4942, 4127
0.4946, 4126
0.4951, 4125
0.4955, 4124
0.4960, 4123
0.4964, 4122
0.4968, 4121
0.4973, 4120
0.4977, 4119
0.4981, 4118
0.4986, 4117
0.4990, 4116
0.4994, 4115
0.4998, 4114
0.5002, 4113
0.5006, 4112
0.5010, 4111
0.5014, 4110
0.5018, 4109
0.5022, 4108
0.5026, 4107
0.5030, 4106
0.5035, 4105
0.5039, 4104
0.5043, 4103
0.5047, 4102
0.5051, 4101
0.5055, 4100
0.5059, 4099
0.5063, 4098
0.5067, 4097
0.5071, 4096
0.5075, 4095
0.5080, 4094
0.5084, 4093
0.5088, 4092
0.5092, 4091
0.5096, 4090
0.5100, 4089
0.5104, 4088
0.5108, 4087
0.5112, 4086
0.5116, 4085
0.5120, 4084
0.5124, 4083
0.5128, 4082
0.5133, 4081
0.5137, 4080
0.5141, 4079
0.5146, 4078
0.5151, 4077
0.5155, 4076
0.5160, 4075
0.5164, 4074
0.5168, 4073
0.5173, 4072
0.5177, 4071
0.5182, 4070
0.5186, 4069
0.5191, 4068
0.5195, 4067
0.5199, 4066
0.5204, 4065
0.5208, 4064
0.5212, 4063
0.5216, 4062
0.5221, 4061
0.5226, 4060
0.5230, 4059
0.5234, 4058
0.5246, 4057
0.5251, 4056
0.5255, 4055
0.5260, 4054
0.5264, 4053
0.5269, 4052
0.5273, 4051
0.5277, 4050
0.5282, 4049
0.5286, 4048
0.5291, 4047
0.5295, 4046
0.5299, 4045
0.5304, 4044
0.5308, 4043
0.5313, 4042
0.5317, 4041
0.5322, 4040
0.5326, 4039
0.5330, 4038
0.5335, 4037
0.5339, 4036
0.5344, 4035
0.5348, 4034
0.5352, 4033
0.5357, 4032
0.5361, 4031
0.5366, 4030
0.5370, 4029
0.5374, 4028
0.5379, 4027
0.5383, 4026
0.5388, 4025
0.5392, 4024
0.5396, 4023
0.5401, 4022
0.5405, 4021
0.5409, 4020
0.5413, 4019
0.5417, 4018
0.5421, 4017
0.5425, 4016
0.5429, 4015
0.5433, 4014
0.5437, 4013
0.5441, 4012
0.5445, 4011
0.5449, 4010
0.5453, 4009
0.5457, 4008
0.5461, 4007
0.5466, 4006
0.5470, 4005
0.5474, 4004
0.5478, 4003
0.5482, 4002
0.5486, 4001
0.5490, 4000
0.5494, 3999
0.5498, 3998
0.5502, 3997
0.5506, 3996
0.5510, 3995
0.5513, 3994
0.5517, 3993
0.5521, 3992
0.5525, 3991
0.5529, 3990
0.5533, 3989
0.5538, 3988
0.5542, 3987
0.5546, 3986
0.5550, 3985
0.5554, 3984
0.5558, 3983
0.5562, 3982
0.5567, 3981
0.5570, 3980
0.5574, 3979
0.5578, 3978
0.5582, 3977
0.5588, 3976
0.5592, 3975
0.5596, 3974
0.5599, 3973
0.5603, 3972
0.5607, 3971
0.5611, 3970
0.5615, 3969
0.5619, 3968
0.5623, 3967
0.5627, 3966
0.5631, 3965
0.7648, 3964
0.7948, 3963
0.8205, 3962
0.9011, 3961
1.1172, 3960
1.1935, 3959
1.2782, 3958
1.5530, 3957
1.5928, 3956
1.6610, 3955
1.7294, 3954
1.9483, 3953
2.2947, 3952
2.3552, 3951
2.3641, 3950
2.5006, 3949
2.8226, 3948
2.9385, 3947
3.1111, 3946
3.2072, 3945
3.4003, 3944
3.4007, 3943
3.6364, 3942
3.6368, 3941
3.6669, 3940
3.7572, 3939
4.5152, 3938
5.3186, 3937
5.6302, 3936
5.7183, 3935
6.1331, 3934
6.2765, 3933
8.0532, 3932
8.2245, 3931
8.7321, 3930
