0.0000, 5200
0.0004, 5199
0.0009, 5198
0.0013, 5197
0.0018, 5196
0.0023, 5195
0.0027, 5194
0.0032, 5193
0.0037, 5192
0.0042, 5191
0.0046, 5190
0.0051, 5189
0.0056, 5188
0.0061, 5187
0.0066, 5186
0.0070, 5185
0.0075, 5184
0.0080, 5183
0.0084, 5182
0.0089, 5181
0.0095, 5180
0.0099, 5179
0.0104, 5178
0.0109, 5177
0.0114, 5176
0.0119, 5175
0.0125, 5174
0.0129, 5173
0.0134, 5172
0.0139, 5171
0.0144, 5170
0.0148, 5169
0.0153, 5168
0.0158, 5167
0.0163, 5166
0.0168, 5165
0.0172, 5164
0.0177, 5163
0.0181, 5162
0.0185, 5161
0.0190, 5160
0.0195, 5159
0.0200, 5158
0.0205, 5157
0.0209, 5156
0.0215, 5155
0.0219, 5154
0.0224, 5153
0.0229, 5152
0.0234, 5151
0.0239, 5150
0.0244, 5149
0.0248, 5148
0.0253, 5147
0.0257, 5146
0.0262, 5145
0.0266, 5144
0.0271, 5143
0.0276, 5142
0.0281, 5141
0.0286, 5140
0.0290, 5139
0.0295, 5138
0.0300, 5137
0.0305, 5136
0.0309, 5135
0.0314, 5134
0.0320, 5133
0.0325, 5132
0.0330, 5131
0.0335, 5130
0.0340, 5129
0.0345, 5128
0.0349, 5127
0.0354, 5126
0.0358, 5125
0.0363, 5124
0.0368, 5123
0.0372, 5122
0.0377, 5121
0.0381, 5120
0.0386, 5119
0.0390, 5118
0.0395, 5117
0.0400, 5116
0.0405, 5115
0.0409, 5114
0.0414, 5113
0.0419, 5112
0.0423, 5111
0.0429, 5110
0.0434, 5109
0.0439, 5108
0.0444, 5107
0.0449, 5106
0.0453, 5105
0.0458, 5104
0.0463, 5103
0.0467, 5102
0.0472, 5101
0.0477, 5100
0.0482, 5099
0.0486, 5098
0.0491, 5097
0.0495, 5096
0.0500, 5095
0.0504, 5094
0.0509, 5093
0.0513, 5092
0.0518, 5091
0.0522, 5090
0.0526, 5089
0.0531, 5088
0.0536, 5087
0.0541, 5086
0.0546, 5085
0.0551, 5084
0.0555, 5083
0.0560, 5082
0.0564, 5081
0.0569, 5080
0.0574, 5079
0.0578, 5078
0.0583, 5077
0.0588, 5076
0.0593, 5075
0.0598, 5074
0.0602, 5073
0.0607, 5072
0.0612, 5071
0.0616, 5070
0.0621, 5069
0.0626, 5068
0.0631, 5067
0.0636, 5066
0.0640, 5065
0.0645, 5064
0.0650, 5063
0.0654, 5062
0.0659, 5061
0.0664, 5060
0.0668, 5059
0.0673, 5058
0.0678, 5057
0.0682, 5056
0.0687, 5055
0.0692, 5054
0.0697, 5053
0.0702, 5052
0.0707, 5051
0.0712, 5050
0.0717, 5049
0.0722, 5048
0.0726, 5047
0.0731, 5046
0.0736, 5045
0.0741, 5044
0.0746, 5043
0.0751, 5042
0.0756, 5041
0.0761, 5040
0.0766, 5039
0.0770, 5038
0.0775, 5037
0.0779, 5036
0.0784, 5035
0.0789, 5034
0.0793, 5033
0.0798, 5032
0.0802, 5031
0.0807, 5030
0.0812, 5029
0.0817, 5028
0.0822, 5027
0.0826, 5026
0.0831, 5025
0.0835, 5024
0.0841, 5023
0.0846, 5022
0.0850, 5021
0.0855, 5020
0.0859, 5019
0.0864, 5018
0.0869, 5017
0.0874, 5016
0.0878, 5015
0.0883, 5014
0.0888, 5013
0.0892, 5012
0.0897, 5011
0.0902, 5010
0.0907, 5009
0.0912, 5008
0.0917, 5007
0.0923, 5006
0.0928, 5005
0.0932, 5004
0.0937, 5003
0.0941, 5002
0.0946, 5001
0.0950, 5000
0.0955, 4999
0.0960, 4998
0.0964, 4997
0.0969, 4996
0.0974, 4995
0.0979, 4994
0.0984, 4993
0.0989, 4992
0.0994, 4991
0.0999, 4990
0.1003, 4989
0.1008, 4988
0.1012, 4987
0.1017, 4986
0.1022, 4985
0.1026, 4984
0.1031, 4983
0.1036, 4982
0.1041, 4981
0.1046, 4980
0.1050, 4979
0.1055, 4978
0.1060, 4977
0.1065, 4976
0.1069, 4975
0.1074, 4974
0.1080, 4973
0.1085, 4972
0.1090, 4971
0.1095, 4970
0.1099, 4969
0.1103, 4968
0.1109, 4967
0.1113, 4966
0.1118, 4965
0.1123, 4964
0.1128, 4963
0.1133, 4962
0.1138, 4961
0.1143, 4960
0.1148, 4959
0.1152, 4958
0.1157, 4957
0.1163, 4956
0.1167, 4955
0.1172, 4954
0.1176, 4953
0.1181, 4952
0.1185, 4951
0.1190, 4950
0.1195, 4949
0.1199, 4948
0.1204, 4947
0.1208, 4946
0.1213, 4945
0.1217, 4944
0.1222, 4943
0.1227, 4942
0.1231, 4941
0.1236, 4940
0.1241, 4939
0.1245, 4938
0.1250, 4937
0.1254, 4936
0.1259, 4935
0.1264, 4934
0.1269, 4933
0.1274, 4932
0.1279, 4931
0.1284, 4930
0.1288, 4929
0.1293, 4928
0.1298, 4927
0.1302, 4926
0.1307, 4925
0.1312, 4924
0.1317, 4923
0.1322, 4922
0.1327, 4921
0.1332, 4920
0.1336, 4919
0.1341, 4918
0.1345, 4917
0.1350, 4916
0.1355, 4915
0.1360, 4914
0.1364, 4913
0.1369, 4912
0.1374, 4911
0.1379, 4910
0.1384, 4909
0.1388, 4908
0.1394, 4907
0.1399, 4906
0.1403, 4905
0.1408, 4904
0.1414, 4903
0.1419, 4902
0.1423, 4901
0.1428, 4900
0.1433, 4899
0.1438, 4898
0.1443, 4897
0.1448, 4896
0.1452, 4895
0.1457, 4894
0.1461, 4893
0.1466, 4892
0.1471, 4891
0.1476, 4890
0.1480, 4889
0.1485, 4888
0.1489, 4887
0.1494, 4886
0.1498, 4885
0.1503, 4884
0.1507, 4883
0.1512, 4882
0.1516, 4881
0.1521, 4880
0.1526, 4879
0.1530, 4878
0.1535, 4877
0.1539, 4876
0.1544, 4875
0.1549, 4874
0.1554, 4873
0.1558, 4872
0.1563, 4871
0.1567, 4870
0.1572, 4869
0.1577, 4868
0.1582, 4867
0.1586, 4866
0.1591, 4865
0.1596, 4864
0.1601, 4863
0.1606, 4862
0.1611, 4861
0.1616, 4860
0.1620, 4859
0.1625, 4858
0.1630, 4857
0.1635, 4856
0.1640, 4855
0.1645, 4854
0.1649, 4853
0.1654, 4852
0.1659, 4851
0.1663, 4850
0.1668, 4849
0.1673, 4848
0.1677, 4847
0.1682, 4846
0.1687, 4845
0.1692, 4844
0.1697, 4843
0.1702, 4842
0.1707, 4841
0.1712, 4840
0.1717, 4839
0.1721, 4838
0.1726, 4837
0.1731, 4836
0.1736, 4835
0.1740, 4834
0.1745, 4833
0.1749, 4832
0.1755, 4831
0.1759, 4830
0.1764, 4829
0.1768, 4828
0.1773, 4827
0.1778, 4826
0.1783, 4825
0.1788, 4824
0.1792, 4823
0.1797, 4822
0.1801, 4821
0.1806, 4820
0.1811, 4819
0.1815, 4818
0.1820, 4817
0.1824, 4816
0.1829, 4815
0.1834, 4814
0.1840, 4813
0.1844, 4812
0.1850, 4811
0.1855, 4810
0.1859, 4809
0.1864, 4808
0.1868, 4807
0.1873, 4806
0.1877, 4805
0.1882, 4804
0.1886, 4803
0.1890, 4802
0.1895, 4801
0.1900, 4800
0.1905, 4799
0.1910, 4798
0.1915, 4797
0.1920, 4796
0.1924, 4795
0.1929, 4794
0.1933, 4793
0.1938, 4792
0.1943, 4791
0.1948, 4790
0.1953, 4789
0.1958, 4788
0.1963, 4787
0.1968, 4786
0.1972, 4785
0.1977, 4784
0.1982, 4783
0.1986, 4782
0.1990, 4781
0.1995, 4780
0.2001, 4779
0.2006, 4778
0.2010, 4777
0.2015, 4776
0.2020, 4775
0.2024, 4774
0.2029, 4773
0.2034, 4772
0.2040, 4771
0.2045, 4770
0.2049, 4769
0.2053, 4768
0.2058, 4767
0.2062, 4766
0.2067, 4765
0.2071, 4764
0.2076, 4763
0.2081, 4762
0.2086, 4761
0.2090, 4760
0.2095, 4759
0.2100, 4758
0.2105, 4757
0.2109, 4756
0.2114, 4755
0.2119, 4754
0.2124, 4753
0.2129, 4752
0.2133, 4751
0.2138, 4750
0.2142, 4749
0.2147, 4748
0.2152, 4747
0.2156, 4746
0.2161, 4745
0.2167, 4744
0.2171, 4743
0.2176, 4742
0.2181, 4741
0.2186, 4740
0.2190, 4739
0.2195, 4738
0.2199, 4737
0.2204, 4736
0.2208, 4735
0.2213, 4734
0.2217, 4733
0.2222, 4732
0.2229, 4731
0.2234, 4730
0.2238, 4729
0.2243, 4728
0.2248, 4727
0.2253, 4726
0.2257, 4725
0.2262, 4724
0.2267, 4723
0.2272, 4722
0.2277, 4721
0.2282, 4720
0.2287, 4719
0.2292, 4718
0.2296, 4717
0.2301, 4716
0.2306, 4715
0.2310, 4714
0.2315, 4713
0.2320, 4712
0.2324, 4711
0.2329, 4710
0.2334, 4709
0.2339, 4708
0.2344, 4707
0.2349, 4706
0.2353, 4705
0.2358, 4704
0.2364, 4703
0.2368, 4702
0.2373, 4701
0.2378, 4700
0.2383, 4699
0.2387, 4698
0.2392, 4697
0.2397, 4696
0.2402, 4695
0.2406, 4694
0.2411, 4693
0.2416, 4692
0.2420, 4691
0.2425, 4690
0.2430, 4689
0.2434, 4688
0.2439, 4687
0.2443, 4686
0.2448, 4685
0.2453, 4684
0.2458, 4683
0.2463, 4682
0.2467, 4681
0.2472, 4680
0.2477, 4679
0.2481, 4678
0.2486, 4677
0.2491, 4676
0.2496, 4675
0.2501, 4674
0.2506, 4673
0.2510, 4672
0.2514, 4671
0.2518, 4670
0.2523, 4669
0.2528, 4668
0.2533, 4667
0.2537, 4666
0.2542, 4665
0.2546, 4664
0.2551, 4663
0.2556, 4662
0.2560, 4661
0.2564, 4660
0.2569, 4659
0.2574, 4658
0.2578, 4657
0.2583, 4656
0.2587, 4655
0.2592, 4654
0.2597, 4653
0.2602, 4652
0.2607, 4651
0.2611, 4650
0.2616, 4649
0.2621, 4648
0.2626, 4647
0.2631, 4646
0.2637, 4645
0.2641, 4644
0.2645, 4643
0.2650, 4642
0.2655, 4641
0.2659, 4640
0.2664, 4639
0.2669, 4638
0.2674, 4637
0.2679, 4636
0.2684, 4635
0.2689, 4634
0.2693, 4633
0.2698, 4632
0.2702, 4631
0.2707, 4630
0.2712, 4629
0.2716, 4628
0.2721, 4627
0.2726, 4626
0.2731, 4625
0.2736, 4624
0.2741, 4623
0.2745, 4622
0.2750, 4621
0.2754, 4620
0.2759, 4619
0.2764, 4618
0.2768, 4617
0.2774, 4616
0.2779, 4615
0.2784, 4614
0.2788, 4613
0.2793, 4612
0.2797, 4611
0.2802, 4610
0.2806, 4609
0.2811, 4608
0.2816, 4607
0.2821, 4606
0.2825, 4605
0.2830, 4604
0.2834, 4603
0.2839, 4602
0.2843, 4601
0.2848, 4600
0.2854, 4599
0.2858, 4598
0.2862, 4597
0.2868, 4596
0.2872, 4595
0.2877, 4594
0.2881, 4593
0.2886, 4592
0.2890, 4591
0.2895, 4590
0.2900, 4589
0.2905, 4588
0.2909, 4587
0.2914, 4586
0.2919, 4585
0.2925, 4584
0.2929, 4583
0.2934, 4582
0.2938, 4581
0.2943, 4580
0.2948, 4579
0.2953, 4578
0.2958, 4577
0.2962, 4576
0.2967, 4575
0.2971, 4574
0.2976, 4573
0.2980, 4572
0.2985, 4571
0.2990, 4570
0.2995, 4569
0.3000, 4568
0.3004, 4567
0.3009, 4566
0.3013, 4565
0.3018, 4564
0.3022, 4563
0.3028, 4562
0.3032, 4561
0.3037, 4560
0.3041, 4559
0.3046, 4558
0.3050, 4557
0.3055, 4556
0.3061, 4555
0.3065, 4554
0.3071, 4553
0.3075, 4552
0.3079, 4551
0.3085, 4550
0.3089, 4549
0.3094, 4548
0.3098, 4547
0.3103, 4546
0.3108, 4545
0.3113, 4544
0.3118, 4543
0.3123, 4542
0.3128, 4541
0.3132, 4540
0.3137, 4539
0.3142, 4538
0.3146, 4537
0.3151, 4536
0.3155, 4535
0.3159, 4534
0.3164, 4533
0.3169, 4532
0.3173, 4531
0.3178, 4530
0.3182, 4529
0.3186, 4528
0.3191, 4527
0.3196, 4526
0.3200, 4525
0.3205, 4524
0.3209, 4523
0.3213, 4522
0.3218, 4521
0.3222, 4520
0.3226, 4519
0.3231, 4518
0.3235, 4517
0.3240, 4516
0.3244, 4515
0.3248, 4514
0.3253, 4513
0.3258, 4512
0.3263, 4511
0.3267, 4510
0.3272, 4509
0.3276, 4508
0.3281, 4507
0.3285, 4506
0.3290, 4505
0.3294, 4504
0.3299, 4503
0.3303, 4502
0.3307, 4501
0.3312, 4500
0.3316, 4499
0.3321, 4498
0.3326, 4497
0.3330, 4496
0.3334, 4495
0.3339, 4494
0.3344, 4493
0.3348, 4492
0.3353, 4491
0.3358, 4490
0.3363, 4489
0.3367, 4488
0.3372, 4487
0.3377, 4486
0.3382, 4485
0.3386, 4484
0.3390, 4483
0.3395, 4482
0.3400, 4481
0.3405, 4480
0.3409, 4479
0.3414, 4478
0.3419, 4477
0.3424, 4476
0.3428, 4475
0.3432, 4474
0.3437, 4473
0.3441, 4472
0.3446, 4471
0.3450, 4470
0.3455, 4469
0.3459, 4468
0.3464, 4467
0.3469, 4466
0.3473, 4465
0.3478, 4464
0.3482, 4463
0.3487, 4462
0.3491, 4461
0.3495, 4460
0.3499, 4459
0.3503, 4458
0.3508, 4457
0.3512, 4456
0.3517, 4455
0.3521, 4454
0.3526, 4453
0.3530, 4452
0.3534, 4451
0.3539, 4450
0.3543, 4449
0.3548, 4448
0.3553, 4447
0.3557, 4446
0.3561, 4445
0.3566, 4444
0.3571, 4443
0.3575, 4442
0.3579, 4441
0.3584, 4440
0.3588, 4439
0.3592, 4438
0.3597, 4437
0.3601, 4436
0.3606, 4435
0.3610, 4434
0.3614, 4433
0.3619, 4432
0.3623, 4431
0.3628, 4430
0.3633, 4429
0.3637, 4428
0.3641, 4427
0.3645, 4426
0.3650, 4425
0.3654, 4424
0.3659, 4423
0.3663, 4422
0.3668, 4421
0.3673, 4420
0.3677, 4419
0.3681, 4418
0.3686, 4417
0.3690, 4416
0.3694, 4415
0.3700, 4414
0.3705, 4413
0.3710, 4412
0.3714, 4411
0.3719, 4410
0.3723, 4409
0.3728, 4408
0.3733, 4407
0.3738, 4406
0.3742, 4405
0.3747, 4404
0.3752, 4403
0.3756, 4402
0.3761, 4401
0.3765, 4400
0.3770, 4399
0.3775, 4398
0.3779, 4397
0.3783, 4396
0.3788, 4395
0.3792, 4394
0.3797, 4393
0.3801, 4392
0.3805, 4391
0.3810, 4390
0.3814, 4389
0.3819, 4388
0.3823, 4387
0.3827, 4386
0.3832, 4385
0.3836, 4384
0.3841, 4383
0.3846, 4382
0.3850, 4381
0.3854, 4380
0.3859, 4379
0.3864, 4378
0.3868, 4377
0.3872, 4376
0.3877, 4375
0.3881, 4374
0.3886, 4373
0.3890, 4372
0.3895, 4371
0.3899, 4370
0.3903, 4369
0.3908, 4368
0.3912, 4367
0.3916, 4366
0.3920, 4365
0.3926, 4364
0.3931, 4363
0.3935, 4362
0.3940, 4361
0.3944, 4360
0.3949, 4359
0.3953, 4358
0.3958, 4357
0.3962, 4356
0.3967, 4355
0.3972, 4354
0.3977, 4353
0.3981, 4352
0.3986, 4351
0.3990, 4350
0.3994, 4349
0.3999, 4348
0.4004, 4347
0.4008, 4346
0.4012, 4345
0.4017, 4344
0.4021, 4343
0.4025, 4342
0.4030, 4341
0.4034, 4340
0.4039, 4339
0.4045, 4338
0.4049, 4337
0.4054, 4336
0.4058, 4335
0.4063, 4334
0.4068, 4333
0.4072, 4332
0.4076, 4331
0.4081, 4330
0.4086, 4329
0.4090, 4328
0.4094, 4327
0.4099, 4326
0.4103, 4325
0.4107, 4324
0.4112, 4323
0.4117, 4322
0.4121, 4321
0.4125, 4320
0.4129, 4319
0.4134, 4318
0.4139, 4317
0.4143, 4316
0.4147, 4315
0.4151, 4314
0.4156, 4313
0.4160, 4312
0.4164, 4311
0.4169, 4310
0.4173, 4309
0.4177, 4308
0.4182, 4307
0.4187, 4306
0.4191, 4305
0.4196, 4304
0.4200, 4303
0.4204, 4302
0.4209, 4301
0.4213, 4300
0.4218, 4299
0.4222, 4298
0.4226, 4297
0.4232, 4296
0.4236, 4295
0.4240, 4294
0.4244, 4293
0.4249, 4292
0.4253, 4291
0.4257, 4290
0.4262, 4289
0.4266, 4288
0.4271, 4287
0.4275, 4286
0.4280, 4285
0.4284, 4284
0.4289, 4283
0.4293, 4282
0.4298, 4281
0.4302, 4280
0.4307, 4279
0.4311, 4278
0.4315, 4277
0.4320, 4276
0.4324, 4275
0.4328, 4274
0.4333, 4273
0.4337, 4272
0.4342, 4271
0.4347, 4270
0.4351, 4269
0.4356, 4268
0.4360, 4267
0.4365, 4266
0.4368, 4265
0.4373, 4264
0.4377, 4263
0.4382, 4262
0.4386, 4261
0.4390, 4260
0.4395, 4259
0.4399, 4258
0.4403, 4257
0.4407, 4256
0.4411, 4255
0.4416, 4254
0.4420, 4253
0.4425, 4252
0.4429, 4251
0.4433, 4250
0.4438, 4249
0.4442, 4248
0.4446, 4247
0.4451, 4246
0.4455, 4245
0.4459, 4244
0.4463, 4243
0.4468, 4242
0.4472, 4241
0.4476, 4240
0.4481, 4239
0.4485, 4238
0.4490, 4237
0.4495, 4236
0.4499, 4235
0.4504, 4234
0.4508, 4233
0.4512, 4232
0.4516, 4231
0.4521, 4230
0.4525, 4229
0.4529, 4228
0.4533, 4227
0.4537, 4226
0.4542, 4225
0.4546, 4224
0.4550, 4223
0.4555, 4222
0.4560, 4221
0.4564, 4220
0.4568, 4219
0.4573, 4218
0.4578, 4217
0.4582, 4216
0.4587, 4215
0.4591, 4214
0.4595, 4213
0.4599, 4212
0.4603, 4211
0.4608, 4210
0.4612, 4209
0.4616, 4208
0.4621, 4207
0.4625, 4206
0.4629, 4205
0.4634, 4204
0.4638, 4203
0.4642, 4202
0.4646, 4201
0.4651, 4200
0.4655, 4199
0.4659, 4198
0.4663, 4197
0.4667, 4196
0.4672, 4195
0.4676, 4194
0.4680, 4193
0.4684, 4192
0.4689, 4191
0.4693, 4190
0.4698, 4189
0.4703, 4188
0.4707, 4187
0.4712, 4186
0.4716, 4185
0.4720, 4184
0.4724, 4183
0.4728, 4182
0.4732, 4181
0.4736, 4180
0.4741, 4179
0.4745, 4178
0.4749, 4177
0.4754, 4176
0.4758, 4175
0.4762, 4174
0.4766, 4173
0.4771, 4172
0.4775, 4171
0.4779, 4170
0.4783, 4169
0.4787, 4168
0.4792, 4167
0.4796, 4166
0.4800, 4165
0.4804, 4164
0.4809, 4163
0.4813, 4162
0.4817, 4161
0.4822, 4160
0.4827, 4159
0.4831, 4158
0.4835, 4157
0.4840, 4156
0.4844, 4155
0.4848, 4154
0.4852, 4153
0.4856, 4152
0.4860, 4151
0.4864, 4150
0.4868, 4149
0.4873, 4148
0.4877, 4147
0.4881, 4146
0.4885, 4145
0.4890, 4144
0.4894, 4143
0.4898, 4142
0.4902, 4141
0.4906, 4140
0.4911, 4139
0.4915, 4138
0.4919, 4137
0.4924, 4136
0.4928, 4135
0.4933, 4134
0.4938, 4133
0.4942, 4132
0.4947, 4131
0.4951, 4130
0.4955, 4129
0.4959, 4128
0.4963, 4127
0.4968, 4126
0.4972, 4125
0.4976, 4124
0.4981, 4123
0.4985, 4122
0.4989, 4121
0.4994, 4120
0.4998, 4119
0.5002, 4118
0.5006, 4117
0.5011, 4116
0.5015, 4115
0.5019, 4114
0.5023, 4113
0.5027, 4112
0.5032, 4111
0.5036, 4110
0.5040, 4109
0.5044, 4108
0.5048, 4107
0.5052, 4106
0.5056, 4105
0.5060, 4104
0.5065, 4103
0.5069, 4102
0.5073, 4101
0.5077, 4100
0.5081, 4099
0.5085, 4098
0.5089, 4097
0.5093, 4096
0.5097, 4095
0.5101, 4094
0.5106, 4093
0.5110, 4092
0.5114, 4091
0.5118, 4090
0.5122, 4089
0.5126, 4088
0.5130, 4087
0.5134, 4086
0.5138, 4085
0.5142, 4084
0.5147, 4083
0.5151, 4082
0.5156, 4081
0.5160, 4080
0.5164, 4079
0.5169, 4078
0.5173, 4077
0.5177, 4076
0.5181, 4075
0.5185, 4074
0.5189, 4073
0.5193, 4072
0.5197, 4071
0.5201, 4070
0.5205, 4069
0.5209, 4068
0.5213, 4067
0.5217, 4066
0.5222, 4065
0.5226, 4064
0.5230, 4063
0.5234, 4062
0.5238, 4061
0.5243, 4060
0.5247, 4059
0.5251, 4058
0.5262, 4057
0.5266, 4056
0.5270, 4055
0.5275, 4054
0.5279, 4053
0.5283, 4052
0.5287, 4051
0.5291, 4050
0.5295, 4049
0.5300, 4048
0.5304, 4047
0.5308, 4046
0.5312, 4045
0.5317, 4044
0.5321, 4043
0.5325, 4042
0.5329, 4041
0.5333, 4040
0.5337, 4039
0.5341, 4038
0.5345, 4037
0.5349, 4036
0.5354, 4035
0.5358, 4034
0.5362, 4033
0.5365, 4032
0.5370, 4031
0.5374, 4030
0.5378, 4029
0.5382, 4028
0.5386, 4027
0.5390, 4026
0.5394, 4025
0.5398, 4024
0.5402, 4023
0.5406, 4022
0.5411, 4021
0.5415, 4020
0.5419, 4019
0.5423, 4018
0.5427, 4017
0.5431, 4016
0.5435, 4015
0.5440, 4014
0.5444, 4013
0.5448, 4012
0.5452, 4011
0.5456, 4010
0.5461, 4009
0.5465, 4008
0.5469, 4007
0.5474, 4006
0.5478, 4005
0.5482, 4004
0.5486, 4003
0.5490, 4002
0.5494, 4001
0.5498, 4000
0.5502, 3999
0.5506, 3998
0.5510, 3997
0.5514, 3996
0.5518, 3995
0.5522, 3994
0.5526, 3993
0.5530, 3992
0.5535, 3991
0.5539, 3990
0.5543, 3989
0.5547, 3988
0.5551, 3987
0.5555, 3986
0.5560, 3985
0.5564, 3984
0.5568, 3983
0.5572, 3982
0.5576, 3981
0.5581, 3980
0.5584, 3979
0.5589, 3978
0.5593, 3977
0.5598, 3976
0.5602, 3975
0.5606, 3974
0.5610, 3973
0.5614, 3972
0.5618, 3971
0.5622, 3970
0.5626, 3969
0.5630, 3968
0.5635, 3967
0.5638, 3966
0.5642, 3965
0.7692, 3964
0.7995, 3963
0.8298, 3962
0.9112, 3961
1.1469, 3960
1.2027, 3959
1.2883, 3958
1.5657, 3957
1.6014, 3956
1.6529, 3955
1.7478, 3954
1.9624, 3953
2.3088, 3952
2.3694, 3951
2.3784, 3950
2.5158, 3949
2.8374, 3948
2.9496, 3947
3.1395, 3946
3.2136, 3945
3.4216, 3944
3.4220, 3943
3.6587, 3942
3.6591, 3941
3.6894, 3940
3.7890, 3939
4.5574, 3938
5.3548, 3937
5.6671, 3936
5.7654, 3935
6.1847, 3934
6.3218, 3933
8.1434, 3932
8.2942, 3931
8.8066, 3930
9.3888, 3929
9.9892, 3928
