0.0000, 1144
0.0001, 1143
0.0002, 1142
0.0003, 1141
0.0005, 1140
0.0006, 1139
0.0007, 1138
0.0008, 1137
0.0009, 1136
0.0010, 1135
0.0011, 1134
0.0012, 1133
0.0013, 1132
0.0014, 1131
0.0015, 1130
0.0016, 1129
0.0017, 1128
0.0018, 1127
0.0019, 1126
0.0020, 1125
0.0021, 1124
0.0022, 1123
0.0023, 1122
0.0024, 1121
0.0025, 1120
0.0026, 1119
0.0027, 1118
0.0028, 1117
0.0029, 1116
0.0030, 1115
0.0031, 1114
0.0032, 1113
0.0033, 1112
0.0034, 1111
0.0035, 1110
0.0036, 1109
0.0037, 1108
0.0038, 1107
0.0039, 1106
0.0041, 1105
0.0041, 1104
0.0043, 1103
0.0044, 1102
0.0045, 1101
0.0046, 1100
0.0047, 1099
0.0048, 1098
0.0049, 1097
0.0050, 1096
0.0051, 1095
0.0052, 1094
0.0053, 1093
0.0054, 1092
0.0055, 1091
0.0056, 1090
0.0057, 1089
0.0058, 1088
0.0059, 1087
0.0060, 1086
0.0061, 1085
0.0062, 1084
0.0063, 1083
0.0064, 1082
0.0065, 1081
0.0066, 1080
0.0067, 1079
0.0068, 1078
0.0069, 1077
0.0070, 1076
0.0071, 1075
0.0072, 1074
0.0073, 1073
0.0074, 1072
0.0075, 1071
0.0076, 1070
0.0077, 1069
0.0078, 1068
0.0079, 1067
0.0080, 1066
0.0081, 1065
0.0082, 1064
0.0083, 1063
0.0085, 1062
0.0086, 1061
0.0087, 1060
0.0088, 1059
0.0089, 1058
0.0090, 1057
0.0091, 1056
0.0092, 1055
0.0093, 1054
0.0094, 1053
0.0095, 1052
0.0096, 1051
0.0097, 1050
0.0098, 1049
0.0099, 1048
0.0100, 1047
0.0101, 1046
0.0102, 1045
0.0103, 1044
0.0104, 1043
0.0105, 1042
0.0106, 1041
0.0107, 1040
0.0108, 1039
0.0109, 1038
0.0110, 1037
0.0111, 1036
0.0112, 1035
0.0113, 1034
0.0114, 1033
0.0115, 1032
0.0116, 1031
0.0117, 1030
0.0118, 1029
0.0119, 1028
0.0120, 1027
0.0121, 1026
0.0122, 1025
0.0123, 1024
0.0124, 1023
0.0125, 1022
0.0126, 1021
0.0127, 1020
0.0128, 1019
0.0129, 1018
0.0130, 1017
0.0130, 1016
0.0131, 1015
0.0132, 1014
0.0133, 1013
0.0134, 1012
0.0135, 1011
0.0136, 1010
0.0137, 1009
0.0138, 1008
0.0139, 1007
0.0140, 1006
0.0142, 1005
0.0142, 1004
0.0143, 1003
0.0145, 1002
0.0145, 1001
0.0146, 1000
0.0147, 999
0.0148, 998
0.0149, 997
0.0151, 996
0.0152, 995
0.0153, 994
0.0153, 993
0.0154, 992
0.0155, 991
0.0156, 990
0.0157, 989
0.0158, 988
0.0159, 987
0.0160, 986
0.0161, 985
0.0162, 984
0.0163, 983
0.0164, 982
0.0166, 981
0.0166, 980
0.0168, 979
0.0168, 978
0.0170, 977
0.0170, 976
0.0171, 975
0.0172, 974
0.0173, 973
0.0175, 972
0.0176, 971
0.0177, 970
0.0178, 969
0.0179, 968
0.0180, 967
0.0181, 966
0.0182, 965
0.0183, 964
0.0184, 963
0.0185, 962
0.0186, 961
0.0187, 960
0.0188, 959
0.0189, 958
0.0189, 957
0.0191, 956
0.0192, 955
0.0192, 954
0.0193, 953
0.0194, 952
0.0195, 951
0.0197, 950
0.0198, 949
0.0199, 948
0.0200, 947
0.0200, 946
0.0201, 945
0.0202, 944
0.0203, 943
0.0204, 942
0.0205, 941
0.0206, 940
0.0207, 939
0.0208, 938
0.0209, 937
0.0210, 936
0.0211, 935
0.0212, 934
0.0213, 933
0.0214, 932
0.0214, 931
0.0215, 930
0.0217, 929
0.0218, 928
0.0218, 927
0.0219, 926
0.0220, 925
0.0221, 924
0.0222, 923
0.0223, 922
0.0224, 921
0.0225, 920
0.0226, 919
0.0227, 918
0.0228, 917
0.0229, 916
0.0230, 915
0.0231, 914
0.0232, 913
0.0233, 912
0.0233, 911
0.0235, 910
0.0236, 909
0.0237, 908
0.0238, 907
0.0238, 906
0.0240, 905
0.0240, 904
0.0242, 903
0.0242, 902
0.0243, 901
0.0244, 900
0.3126, 899
