0.0000, 3112
0.0003, 3111
0.0006, 3110
0.0009, 3109
0.0011, 3108
0.0014, 3107
0.0017, 3106
0.0019, 3105
0.0022, 3104
0.0025, 3103
0.0028, 3102
0.0030, 3101
0.0033, 3100
0.0036, 3099
0.0038, 3098
0.0041, 3097
0.0044, 3096
0.0046, 3095
0.0049, 3094
0.0052, 3093
0.0055, 3092
0.0057, 3091
0.0060, 3090
0.0063, 3089
0.0066, 3088
0.0068, 3087
0.0071, 3086
0.0074, 3085
0.0076, 3084
0.0079, 3083
0.0082, 3082
0.0084, 3081
0.0087, 3080
0.0090, 3079
0.0093, 3078
0.0095, 3077
0.0098, 3076
0.0101, 3075
0.0104, 3074
0.0106, 3073
0.0109, 3072
0.0111, 3071
0.0114, 3070
0.0117, 3069
0.0120, 3068
0.0122, 3067
0.0125, 3066
0.0128, 3065
0.0130, 3064
0.0133, 3063
0.0136, 3062
0.0138, 3061
0.0141, 3060
0.0143, 3059
0.0146, 3058
0.0149, 3057
0.0151, 3056
0.0154, 3055
0.0157, 3054
0.0159, 3053
0.0162, 3052
0.0165, 3051
0.0168, 3050
0.0170, 3049
0.0173, 3048
0.0176, 3047
0.0178, 3046
0.0181, 3045
0.0184, 3044
0.0186, 3043
0.0189, 3042
0.0192, 3041
0.0194, 3040
0.0197, 3039
0.0200, 3038
0.0202, 3037
0.0205, 3036
0.0208, 3035
0.0210, 3034
0.0213, 3033
0.0215, 3032
0.0218, 3031
0.0221, 3030
0.0224, 3029
0.0226, 3028
0.0229, 3027
0.0232, 3026
0.0235, 3025
0.0237, 3024
0.0240, 3023
0.0243, 3022
0.0246, 3021
0.0248, 3020
0.0251, 3019
0.0254, 3018
0.0257, 3017
0.0259, 3016
0.0262, 3015
0.0265, 3014
0.0267, 3013
0.0270, 3012
0.0273, 3011
0.0275, 3010
0.0278, 3009
0.0280, 3008
0.0283, 3007
0.0286, 3006
0.0289, 3005
0.0292, 3004
0.0294, 3003
0.0297, 3002
0.0300, 3001
0.0303, 3000
0.0305, 2999
0.0308, 2998
0.0311, 2997
0.0313, 2996
0.0316, 2995
0.0319, 2994
0.0321, 2993
0.0324, 2992
0.0327, 2991
0.0330, 2990
0.0332, 2989
0.0335, 2988
0.0338, 2987
0.0341, 2986
0.0343, 2985
0.0346, 2984
0.0349, 2983
0.0351, 2982
0.0354, 2981
0.0357, 2980
0.0360, 2979
0.0362, 2978
0.0365, 2977
0.0368, 2976
0.0370, 2975
0.0373, 2974
0.0376, 2973
0.0378, 2972
0.0381, 2971
0.0384, 2970
0.0387, 2969
0.0389, 2968
0.0392, 2967
0.0394, 2966
0.0397, 2965
0.0400, 2964
0.0402, 2963
0.0405, 2962
0.0408, 2961
0.0411, 2960
0.0413, 2959
0.0416, 2958
0.0418, 2957
0.0421, 2956
0.0424, 2955
0.0427, 2954
0.0429, 2953
0.0432, 2952
0.0434, 2951
0.0437, 2950
0.0440, 2949
0.0442, 2948
0.0445, 2947
0.0447, 2946
0.0450, 2945
0.0453, 2944
0.0455, 2943
0.0458, 2942
0.0461, 2941
0.0463, 2940
0.0466, 2939
0.0469, 2938
0.0471, 2937
0.0474, 2936
0.0477, 2935
0.0479, 2934
0.0482, 2933
0.0485, 2932
0.0487, 2931
0.0490, 2930
0.0492, 2929
0.0495, 2928
0.0498, 2927
0.0500, 2926
0.0503, 2925
0.0506, 2924
0.0508, 2923
0.0511, 2922
0.0513, 2921
0.0516, 2920
0.0518, 2919
0.0521, 2918
0.0524, 2917
0.0526, 2916
0.0529, 2915
0.0531, 2914
0.0534, 2913
0.0537, 2912
0.0540, 2911
0.0542, 2910
0.0545, 2909
0.0547, 2908
0.0550, 2907
0.0553, 2906
0.0555, 2905
0.0558, 2904
0.0561, 2903
0.0563, 2902
0.0566, 2901
0.0568, 2900
0.0571, 2899
0.0574, 2898
0.0576, 2897
0.0579, 2896
0.0582, 2895
0.0584, 2894
0.0587, 2893
0.0589, 2892
0.0592, 2891
0.0595, 2890
0.0597, 2889
0.0600, 2888
0.0603, 2887
0.0605, 2886
0.0608, 2885
0.0611, 2884
0.0613, 2883
0.0616, 2882
0.0618, 2881
0.0621, 2880
0.0624, 2879
0.0626, 2878
0.0629, 2877
0.0631, 2876
0.0634, 2875
0.0637, 2874
0.0640, 2873
0.0642, 2872
0.0645, 2871
0.0648, 2870
0.0650, 2869
0.0653, 2868
0.0656, 2867
0.0659, 2866
0.0661, 2865
0.0664, 2864
0.0666, 2863
0.0669, 2862
0.0672, 2861
0.0674, 2860
0.0677, 2859
0.0679, 2858
0.0682, 2857
0.0685, 2856
0.0687, 2855
0.0690, 2854
0.0693, 2853
0.0695, 2852
0.0698, 2851
0.0701, 2850
0.0703, 2849
0.0706, 2848
0.0708, 2847
0.0711, 2846
0.0714, 2845
0.0716, 2844
0.0719, 2843
0.0722, 2842
0.0724, 2841
0.0727, 2840
0.0730, 2839
0.0732, 2838
0.0735, 2837
0.0738, 2836
0.0740, 2835
0.0743, 2834
0.0746, 2833
0.0748, 2832
0.0751, 2831
0.0753, 2830
0.0756, 2829
0.0759, 2828
0.0761, 2827
0.0764, 2826
0.0766, 2825
0.0769, 2824
0.0772, 2823
0.0774, 2822
0.0777, 2821
0.0779, 2820
0.0782, 2819
0.0784, 2818
0.0787, 2817
0.0790, 2816
0.0792, 2815
0.0795, 2814
0.0797, 2813
0.0800, 2812
0.0802, 2811
0.0805, 2810
0.0807, 2809
0.0810, 2808
0.0812, 2807
0.0815, 2806
0.0818, 2805
0.0820, 2804
0.0823, 2803
0.0826, 2802
0.0828, 2801
0.0831, 2800
0.0833, 2799
0.0836, 2798
0.0838, 2797
0.0841, 2796
0.0844, 2795
0.0846, 2794
0.0849, 2793
0.0851, 2792
0.0854, 2791
0.0856, 2790
0.0859, 2789
0.0862, 2788
0.0864, 2787
0.0867, 2786
0.0870, 2785
0.0872, 2784
0.0875, 2783
0.0877, 2782
0.0880, 2781
0.0883, 2780
0.0885, 2779
0.0888, 2778
0.0890, 2777
0.0893, 2776
0.0895, 2775
0.0898, 2774
0.0900, 2773
0.0903, 2772
0.0906, 2771
0.0908, 2770
0.0911, 2769
0.0913, 2768
0.0916, 2767
0.0918, 2766
0.0921, 2765
0.0923, 2764
0.0926, 2763
0.0928, 2762
0.0931, 2761
0.0934, 2760
0.0936, 2759
0.0939, 2758
0.0941, 2757
0.0944, 2756
0.0946, 2755
0.0949, 2754
0.0951, 2753
0.0954, 2752
0.0956, 2751
0.0959, 2750
0.0961, 2749
0.0964, 2748
0.0966, 2747
0.0969, 2746
0.0971, 2745
0.0974, 2744
0.0976, 2743
0.0979, 2742
0.0981, 2741
0.0984, 2740
0.0986, 2739
0.0989, 2738
0.0991, 2737
0.0994, 2736
0.0996, 2735
0.0999, 2734
0.1001, 2733
0.1004, 2732
0.1006, 2731
0.1009, 2730
0.1011, 2729
0.1014, 2728
0.1016, 2727
0.1019, 2726
0.1021, 2725
0.1024, 2724
0.1026, 2723
0.1029, 2722
0.1031, 2721
0.1034, 2720
0.1036, 2719
0.1039, 2718
0.1041, 2717
0.1044, 2716
0.1046, 2715
0.1049, 2714
0.1051, 2713
0.1054, 2712
0.1057, 2711
0.1059, 2710
0.1062, 2709
0.1064, 2708
0.1067, 2707
0.1069, 2706
0.1072, 2705
0.1074, 2704
0.1077, 2703
0.1079, 2702
0.1082, 2701
0.1084, 2700
0.1087, 2699
0.1089, 2698
0.1092, 2697
0.1094, 2696
0.1097, 2695
0.1099, 2694
0.1102, 2693
0.1105, 2692
0.1107, 2691
0.1109, 2690
0.1112, 2689
0.1115, 2688
0.1118, 2687
0.1120, 2686
0.1122, 2685
0.1125, 2684
0.1128, 2683
0.1130, 2682
0.1133, 2681
0.1135, 2680
0.1138, 2679
0.1141, 2678
0.1143, 2677
0.1146, 2676
0.1148, 2675
0.1151, 2674
0.1154, 2673
0.1156, 2672
0.1159, 2671
0.1161, 2670
0.1164, 2669
0.1167, 2668
0.1169, 2667
0.1172, 2666
0.1175, 2665
0.1178, 2664
0.1180, 2663
0.1183, 2662
0.1185, 2661
0.1188, 2660
0.1191, 2659
0.1193, 2658
0.1196, 2657
0.1198, 2656
0.1201, 2655
0.1203, 2654
0.1206, 2653
0.1209, 2652
0.1211, 2651
0.1214, 2650
0.1216, 2649
0.1219, 2648
0.1221, 2647
0.1224, 2646
0.1227, 2645
0.1230, 2644
0.1232, 2643
0.1234, 2642
0.1237, 2641
0.1239, 2640
0.1242, 2639
0.1244, 2638
0.1247, 2637
0.1250, 2636
0.1253, 2635
0.1256, 2634
0.1258, 2633
0.1261, 2632
0.1264, 2631
0.1266, 2630
0.1269, 2629
0.1272, 2628
0.1274, 2627
0.1277, 2626
0.1280, 2625
0.1282, 2624
0.1285, 2623
0.1288, 2622
0.1290, 2621
0.1293, 2620
0.1295, 2619
0.1298, 2618
0.1300, 2617
0.1303, 2616
0.1306, 2615
0.1308, 2614
0.1311, 2613
0.1314, 2612
0.1316, 2611
0.1319, 2610
0.1322, 2609
0.1324, 2608
0.1327, 2607
0.1329, 2606
0.1332, 2605
0.1335, 2604
0.1338, 2603
0.1340, 2602
0.1343, 2601
0.1345, 2600
0.1348, 2599
0.1350, 2598
0.1353, 2597
0.1356, 2596
0.1358, 2595
0.1361, 2594
0.1363, 2593
0.1366, 2592
0.1368, 2591
0.1371, 2590
0.1373, 2589
0.1376, 2588
0.1378, 2587
0.1381, 2586
0.1384, 2585
0.1386, 2584
0.1389, 2583
0.1391, 2582
0.1394, 2581
0.1396, 2580
0.1399, 2579
0.1401, 2578
0.1404, 2577
0.1406, 2576
0.1409, 2575
0.1411, 2574
0.1413, 2573
0.1416, 2572
0.1418, 2571
0.1421, 2570
0.1424, 2569
0.1427, 2568
0.1429, 2567
0.1432, 2566
0.1434, 2565
0.1437, 2564
0.1439, 2563
0.1442, 2562
0.1444, 2561
0.1447, 2560
0.1449, 2559
0.1452, 2558
0.1454, 2557
0.1457, 2556
0.1459, 2555
0.1462, 2554
0.1464, 2553
0.1467, 2552
0.1469, 2551
0.1472, 2550
0.1474, 2549
0.1477, 2548
0.1479, 2547
0.1481, 2546
0.1484, 2545
0.1486, 2544
0.1489, 2543
0.1492, 2542
0.1494, 2541
0.1497, 2540
0.1499, 2539
0.1502, 2538
0.1505, 2537
0.1507, 2536
0.1510, 2535
0.1512, 2534
0.1515, 2533
0.1518, 2532
0.1520, 2531
0.1523, 2530
0.1525, 2529
0.1528, 2528
0.1531, 2527
0.1534, 2526
0.1536, 2525
0.1539, 2524
0.1541, 2523
0.1544, 2522
0.1546, 2521
0.1549, 2520
0.1551, 2519
0.1554, 2518
0.1557, 2517
0.1559, 2516
0.1562, 2515
0.1564, 2514
0.1567, 2513
0.1569, 2512
0.1572, 2511
0.1574, 2510
0.1577, 2509
0.1579, 2508
0.1582, 2507
0.1585, 2506
0.1587, 2505
0.1589, 2504
0.1592, 2503
0.1594, 2502
0.1597, 2501
0.1599, 2500
0.1602, 2499
0.1604, 2498
0.1606, 2497
0.1609, 2496
0.1611, 2495
0.1614, 2494
0.1616, 2493
0.1619, 2492
0.1621, 2491
0.1624, 2490
0.1626, 2489
0.1629, 2488
0.1631, 2487
0.1634, 2486
0.1636, 2485
0.1639, 2484
0.1641, 2483
0.1644, 2482
0.1647, 2481
0.1649, 2480
0.1652, 2479
0.1655, 2478
0.1657, 2477
0.1660, 2476
0.1662, 2475
0.1664, 2474
0.1667, 2473
0.1669, 2472
0.1672, 2471
0.1674, 2470
0.1677, 2469
0.1679, 2468
0.1682, 2467
0.1684, 2466
0.1687, 2465
0.1689, 2464
0.1691, 2463
0.1694, 2462
0.1697, 2461
0.1699, 2460
0.1702, 2459
0.1705, 2458
0.1707, 2457
0.1710, 2456
0.1712, 2455
0.1715, 2454
0.1717, 2453
0.1720, 2452
0.1722, 2451
0.1725, 2450
0.1727, 2449
0.1730, 2448
0.1732, 2447
0.1735, 2446
0.1737, 2445
0.1740, 2444
0.1742, 2443
0.1745, 2442
0.1747, 2441
0.1750, 2440
0.1752, 2439
0.1755, 2438
0.1758, 2437
0.1760, 2436
0.1763, 2435
0.1765, 2434
0.1768, 2433
0.1771, 2432
0.1773, 2431
0.1775, 2430
0.1778, 2429
0.1780, 2428
0.1783, 2427
0.1786, 2426
0.1788, 2425
0.1791, 2424
0.1793, 2423
0.1796, 2422
0.1798, 2421
0.1801, 2420
0.1803, 2419
0.1806, 2418
0.1809, 2417
0.1811, 2416
0.1814, 2415
0.1816, 2414
0.1820, 2413
0.1822, 2412
0.1825, 2411
0.1828, 2410
0.1831, 2409
0.1833, 2408
0.1836, 2407
0.1838, 2406
0.1841, 2405
0.1843, 2404
0.1846, 2403
0.1848, 2402
0.1850, 2401
0.1853, 2400
0.1856, 2399
0.1858, 2398
0.1861, 2397
0.1864, 2396
0.1866, 2395
0.1869, 2394
0.1872, 2393
0.1874, 2392
0.1876, 2391
0.1879, 2390
0.1881, 2389
0.1883, 2388
0.1886, 2387
0.1888, 2386
0.1890, 2385
0.1893, 2384
0.1895, 2383
0.1899, 2382
0.1902, 2381
0.1905, 2380
0.1907, 2379
0.1910, 2378
0.1912, 2377
0.1915, 2376
0.1918, 2375
0.1920, 2374
0.1922, 2373
0.1925, 2372
0.1927, 2371
0.1930, 2370
0.1933, 2369
0.1935, 2368
0.1938, 2367
0.1940, 2366
0.1943, 2365
0.1945, 2364
0.1948, 2363
0.1950, 2362
0.1953, 2361
0.1955, 2360
0.1958, 2359
0.1960, 2358
0.1963, 2357
0.1965, 2356
0.1968, 2355
0.1970, 2354
0.1973, 2353
0.1976, 2352
0.1979, 2351
0.1981, 2350
0.1983, 2349
0.1986, 2348
0.1988, 2347
0.1991, 2346
0.1993, 2345
0.1995, 2344
0.1998, 2343
0.2001, 2342
0.2003, 2341
0.2005, 2340
0.2008, 2339
0.2010, 2338
0.2013, 2337
0.2016, 2336
0.2018, 2335
0.2020, 2334
0.2023, 2333
0.2025, 2332
0.2028, 2331
0.2030, 2330
0.2033, 2329
0.2035, 2328
0.2038, 2327
0.2040, 2326
0.2043, 2325
0.2046, 2324
0.2048, 2323
0.2051, 2322
0.2053, 2321
0.2055, 2320
0.2058, 2319
0.2060, 2318
0.2062, 2317
0.2065, 2316
0.2067, 2315
0.2070, 2314
0.2072, 2313
0.2075, 2312
0.2077, 2311
0.2079, 2310
0.2082, 2309
0.2084, 2308
0.2087, 2307
0.2090, 2306
0.2093, 2305
0.2095, 2304
0.2261, 2303
0.2324, 2302
0.2673, 2301
0.2717, 2300
0.3272, 2299
0.3667, 2298
0.3898, 2297
0.3900, 2296
0.4025, 2295
0.4356, 2294
0.5427, 2293
0.5512, 2292
0.5514, 2291
0.5537, 2290
0.5867, 2289
0.5869, 2288
0.6244, 2287
0.6288, 2286
0.6290, 2285
0.6523, 2284
0.6525, 2283
0.6671, 2282
0.6797, 2281
0.6799, 2280
0.6905, 2279
0.7175, 2278
0.7303, 2277
0.7305, 2276
0.7369, 2275
0.7538, 2274
0.7540, 2273
0.7604, 2272
0.8019, 2271
0.8187, 2270
0.8538, 2269
0.8601, 2268
0.8665, 2267
0.8728, 2266
0.9040, 2265
0.9392, 2264
0.9558, 2263
0.9683, 2262
1.0118, 2261
1.0187, 2260
1.0729, 2259
1.0814, 2258
1.1704, 2257
1.1748, 2256
1.2413, 2255
1.2499, 2254
1.2543, 2253
1.2813, 2252
1.2939, 2251
1.3086, 2250
1.3604, 2249
1.3792, 2248
1.4209, 2247
1.4873, 2246
1.4938, 2245
1.5291, 2244
1.5872, 2243
1.6164, 2242
1.6371, 2241
1.6539, 2240
1.6956, 2239
1.7206, 2238
1.7333, 2237
1.7356, 2236
1.7503, 2235
1.7712, 2234
1.8316, 2233
1.8318, 2232
1.8526, 2231
1.8777, 2230
1.8779, 2229
1.8946, 2228
1.9176, 2227
1.9178, 2226
1.9573, 2225
1.9865, 2224
2.0156, 2223
2.0467, 2222
2.1827, 2221
2.2117, 2220
2.2119, 2219
2.2203, 2218
2.2698, 2217
2.3787, 2216
2.4096, 2215
2.4651, 2214
2.5475, 2213
