0.0297, 2281
0.0484, 2280
0.0765, 2279
0.0886, 2278
0.1142, 2277
0.1545, 2276
0.1899, 2275
0.2024, 2273
0.2087, 2272
0.2209, 2269
0.2360, 2268
0.2482, 2267
0.3513, 2266
0.3575, 2264
0.3761, 2261
0.4011, 2260
0.4485, 2259
0.4844, 2257
0.5262, 2256
0.5388, 2255
0.5450, 2253
0.6075, 2252
0.6108, 2251
0.6263, 2250
0.6661, 2249
0.7178, 2248
0.9174, 2246
0.9871, 2245
0.9903, 2243
1.1294, 2242
1.2085, 2241
1.2116, 2240
1.2209, 2239
1.2666, 2238
1.4149, 2237
2.0687, 2236
2.2067, 2235
2.3539, 2233
2.4830, 2230
2.6413, 2229
2.6824, 2227
2.7472, 2226
2.7598, 2225
