0.0000, 3112
0.0003, 3111
0.0006, 3110
0.0008, 3109
0.0011, 3108
0.0014, 3107
0.0016, 3106
0.0019, 3105
0.0022, 3104
0.0024, 3103
0.0027, 3102
0.0029, 3101
0.0032, 3100
0.0035, 3099
0.0037, 3098
0.0040, 3097
0.0042, 3096
0.0045, 3095
0.0048, 3094
0.0050, 3093
0.0053, 3092
0.0056, 3091
0.0058, 3090
0.0061, 3089
0.0064, 3088
0.0066, 3087
0.0069, 3086
0.0072, 3085
0.0074, 3084
0.0077, 3083
0.0080, 3082
0.0082, 3081
0.0085, 3080
0.0088, 3079
0.0090, 3078
0.0093, 3077
0.0096, 3076
0.0099, 3075
0.0101, 3074
0.0104, 3073
0.0107, 3072
0.0109, 3071
0.0112, 3070
0.0115, 3069
0.0117, 3068
0.0120, 3067
0.0123, 3066
0.0125, 3065
0.0128, 3064
0.0131, 3063
0.0134, 3062
0.0136, 3061
0.0139, 3060
0.0142, 3059
0.0144, 3058
0.0147, 3057
0.0150, 3056
0.0152, 3055
0.0155, 3054
0.0157, 3053
0.0160, 3052
0.0162, 3051
0.0165, 3050
0.0168, 3049
0.0171, 3048
0.0173, 3047
0.0176, 3046
0.0179, 3045
0.0181, 3044
0.0184, 3043
0.0186, 3042
0.0189, 3041
0.0192, 3040
0.0194, 3039
0.0197, 3038
0.0200, 3037
0.0202, 3036
0.0205, 3035
0.0207, 3034
0.0210, 3033
0.0213, 3032
0.0215, 3031
0.0218, 3030
0.0221, 3029
0.0223, 3028
0.0226, 3027
0.0229, 3026
0.0232, 3025
0.0234, 3024
0.0237, 3023
0.0240, 3022
0.0243, 3021
0.0245, 3020
0.0248, 3019
0.0251, 3018
0.0253, 3017
0.0256, 3016
0.0259, 3015
0.0261, 3014
0.0264, 3013
0.0267, 3012
0.0269, 3011
0.0272, 3010
0.0274, 3009
0.0277, 3008
0.0280, 3007
0.0282, 3006
0.0285, 3005
0.0288, 3004
0.0291, 3003
0.0294, 3002
0.0296, 3001
0.0299, 3000
0.0302, 2999
0.0305, 2998
0.0307, 2997
0.0310, 2996
0.0312, 2995
0.0315, 2994
0.0317, 2993
0.0320, 2992
0.0323, 2991
0.0325, 2990
0.0328, 2989
0.0331, 2988
0.0333, 2987
0.0336, 2986
0.0338, 2985
0.0341, 2984
0.0344, 2983
0.0347, 2982
0.0349, 2981
0.0352, 2980
0.0354, 2979
0.0357, 2978
0.0359, 2977
0.0362, 2976
0.0365, 2975
0.0367, 2974
0.0370, 2973
0.0372, 2972
0.0375, 2971
0.0377, 2970
0.0380, 2969
0.0383, 2968
0.0385, 2967
0.0388, 2966
0.0390, 2965
0.0393, 2964
0.0396, 2963
0.0398, 2962
0.0401, 2961
0.0403, 2960
0.0406, 2959
0.0408, 2958
0.0411, 2957
0.0414, 2956
0.0417, 2955
0.0420, 2954
0.0422, 2953
0.0425, 2952
0.0427, 2951
0.0430, 2950
0.0433, 2949
0.0435, 2948
0.0438, 2947
0.0441, 2946
0.0443, 2945
0.0446, 2944
0.0449, 2943
0.0451, 2942
0.0454, 2941
0.0457, 2940
0.0459, 2939
0.0462, 2938
0.0465, 2937
0.0467, 2936
0.0470, 2935
0.0472, 2934
0.0475, 2933
0.0478, 2932
0.0480, 2931
0.0483, 2930
0.0486, 2929
0.0488, 2928
0.0491, 2927
0.0493, 2926
0.0496, 2925
0.0499, 2924
0.0502, 2923
0.0504, 2922
0.0507, 2921
0.0509, 2920
0.0512, 2919
0.0515, 2918
0.0517, 2917
0.0520, 2916
0.0523, 2915
0.0525, 2914
0.0528, 2913
0.0531, 2912
0.0533, 2911
0.0536, 2910
0.0539, 2909
0.0541, 2908
0.0544, 2907
0.0546, 2906
0.0549, 2905
0.0552, 2904
0.0554, 2903
0.0557, 2902
0.0559, 2901
0.0562, 2900
0.0564, 2899
0.0567, 2898
0.0570, 2897
0.0572, 2896
0.0575, 2895
0.0578, 2894
0.0580, 2893
0.0583, 2892
0.0585, 2891
0.0588, 2890
0.0591, 2889
0.0593, 2888
0.0596, 2887
0.0598, 2886
0.0601, 2885
0.0604, 2884
0.0606, 2883
0.0609, 2882
0.0612, 2881
0.0614, 2880
0.0617, 2879
0.0619, 2878
0.0622, 2877
0.0624, 2876
0.0627, 2875
0.0630, 2874
0.0632, 2873
0.0635, 2872
0.0638, 2871
0.0641, 2870
0.0643, 2869
0.0646, 2868
0.0648, 2867
0.0651, 2866
0.0654, 2865
0.0656, 2864
0.0659, 2863
0.0661, 2862
0.0664, 2861
0.0666, 2860
0.0669, 2859
0.0671, 2858
0.0674, 2857
0.0677, 2856
0.0679, 2855
0.0682, 2854
0.0684, 2853
0.0687, 2852
0.0690, 2851
0.0692, 2850
0.0695, 2849
0.0697, 2848
0.0700, 2847
0.0702, 2846
0.0705, 2845
0.0707, 2844
0.0710, 2843
0.0712, 2842
0.0715, 2841
0.0718, 2840
0.0720, 2839
0.0723, 2838
0.0725, 2837
0.0728, 2836
0.0730, 2835
0.0733, 2834
0.0736, 2833
0.0738, 2832
0.0741, 2831
0.0743, 2830
0.0746, 2829
0.0749, 2828
0.0751, 2827
0.0754, 2826
0.0756, 2825
0.0759, 2824
0.0761, 2823
0.0764, 2822
0.0767, 2821
0.0769, 2820
0.0772, 2819
0.0774, 2818
0.0777, 2817
0.0779, 2816
0.0782, 2815
0.0785, 2814
0.0787, 2813
0.0790, 2812
0.0793, 2811
0.0795, 2810
0.0798, 2809
0.0800, 2808
0.0803, 2807
0.0805, 2806
0.0808, 2805
0.0810, 2804
0.0813, 2803
0.0815, 2802
0.0818, 2801
0.0820, 2800
0.0823, 2799
0.0825, 2798
0.0828, 2797
0.0830, 2796
0.0833, 2795
0.0835, 2794
0.0838, 2793
0.0840, 2792
0.0843, 2791
0.0845, 2790
0.0848, 2789
0.0851, 2788
0.0853, 2787
0.0856, 2786
0.0859, 2785
0.0861, 2784
0.0864, 2783
0.0866, 2782
0.0869, 2781
0.0872, 2780
0.0874, 2779
0.0877, 2778
0.0879, 2777
0.0882, 2776
0.0884, 2775
0.0887, 2774
0.0889, 2773
0.0892, 2772
0.0894, 2771
0.0897, 2770
0.0899, 2769
0.0902, 2768
0.0904, 2767
0.0907, 2766
0.0909, 2765
0.0912, 2764
0.0914, 2763
0.0917, 2762
0.0919, 2761
0.0922, 2760
0.0925, 2759
0.0927, 2758
0.0930, 2757
0.0932, 2756
0.0935, 2755
0.0937, 2754
0.0940, 2753
0.0943, 2752
0.0945, 2751
0.0948, 2750
0.0950, 2749
0.0953, 2748
0.0955, 2747
0.0958, 2746
0.0960, 2745
0.0963, 2744
0.0965, 2743
0.0968, 2742
0.0970, 2741
0.0973, 2740
0.0975, 2739
0.0978, 2738
0.0980, 2737
0.0983, 2736
0.0985, 2735
0.0988, 2734
0.0990, 2733
0.0993, 2732
0.0996, 2731
0.0998, 2730
0.1001, 2729
0.1003, 2728
0.1005, 2727
0.1008, 2726
0.1010, 2725
0.1013, 2724
0.1015, 2723
0.1018, 2722
0.1020, 2721
0.1023, 2720
0.1025, 2719
0.1028, 2718
0.1030, 2717
0.1033, 2716
0.1035, 2715
0.1038, 2714
0.1041, 2713
0.1043, 2712
0.1046, 2711
0.1048, 2710
0.1051, 2709
0.1053, 2708
0.1056, 2707
0.1058, 2706
0.1061, 2705
0.1063, 2704
0.1066, 2703
0.1069, 2702
0.1071, 2701
0.1074, 2700
0.1076, 2699
0.1079, 2698
0.1081, 2697
0.1084, 2696
0.1086, 2695
0.1089, 2694
0.1091, 2693
0.1094, 2692
0.1096, 2691
0.1099, 2690
0.1102, 2689
0.1105, 2688
0.1107, 2687
0.1110, 2686
0.1112, 2685
0.1115, 2684
0.1117, 2683
0.1120, 2682
0.1123, 2681
0.1125, 2680
0.1128, 2679
0.1131, 2678
0.1133, 2677
0.1136, 2676
0.1138, 2675
0.1141, 2674
0.1144, 2673
0.1146, 2672
0.1149, 2671
0.1152, 2670
0.1154, 2669
0.1157, 2668
0.1160, 2667
0.1163, 2666
0.1165, 2665
0.1168, 2664
0.1170, 2663
0.1173, 2662
0.1176, 2661
0.1178, 2660
0.1181, 2659
0.1184, 2658
0.1186, 2657
0.1189, 2656
0.1192, 2655
0.1194, 2654
0.1197, 2653
0.1199, 2652
0.1202, 2651
0.1205, 2650
0.1207, 2649
0.1210, 2648
0.1212, 2647
0.1215, 2646
0.1218, 2645
0.1221, 2644
0.1223, 2643
0.1225, 2642
0.1228, 2641
0.1230, 2640
0.1233, 2639
0.1235, 2638
0.1238, 2637
0.1241, 2636
0.1244, 2635
0.1247, 2634
0.1249, 2633
0.1252, 2632
0.1255, 2631
0.1257, 2630
0.1260, 2629
0.1262, 2628
0.1265, 2627
0.1268, 2626
0.1270, 2625
0.1273, 2624
0.1276, 2623
0.1278, 2622
0.1281, 2621
0.1284, 2620
0.1286, 2619
0.1288, 2618
0.1291, 2617
0.1293, 2616
0.1296, 2615
0.1299, 2614
0.1301, 2613
0.1304, 2612
0.1307, 2611
0.1309, 2610
0.1312, 2609
0.1314, 2608
0.1317, 2607
0.1320, 2606
0.1322, 2605
0.1325, 2604
0.1328, 2603
0.1330, 2602
0.1332, 2601
0.1335, 2600
0.1337, 2599
0.1340, 2598
0.1343, 2597
0.1345, 2596
0.1348, 2595
0.1350, 2594
0.1353, 2593
0.1355, 2592
0.1357, 2591
0.1360, 2590
0.1362, 2589
0.1365, 2588
0.1367, 2587
0.1370, 2586
0.1373, 2585
0.1375, 2584
0.1378, 2583
0.1380, 2582
0.1382, 2581
0.1385, 2580
0.1387, 2579
0.1390, 2578
0.1392, 2577
0.1394, 2576
0.1397, 2575
0.1399, 2574
0.1402, 2573
0.1404, 2572
0.1407, 2571
0.1409, 2570
0.1412, 2569
0.1415, 2568
0.1417, 2567
0.1420, 2566
0.1422, 2565
0.1425, 2564
0.1427, 2563
0.1430, 2562
0.1432, 2561
0.1435, 2560
0.1437, 2559
0.1440, 2558
0.1443, 2557
0.1445, 2556
0.1447, 2555
0.1450, 2554
0.1452, 2553
0.1455, 2552
0.1457, 2551
0.1460, 2550
0.1462, 2549
0.1464, 2548
0.1467, 2547
0.1469, 2546
0.1472, 2545
0.1474, 2544
0.1477, 2543
0.1479, 2542
0.1482, 2541
0.1484, 2540
0.1487, 2539
0.1490, 2538
0.1492, 2537
0.1495, 2536
0.1498, 2535
0.1500, 2534
0.1503, 2533
0.1505, 2532
0.1508, 2531
0.1510, 2530
0.1513, 2529
0.1516, 2528
0.1518, 2527
0.1521, 2526
0.1524, 2525
0.1526, 2524
0.1528, 2523
0.1531, 2522
0.1533, 2521
0.1536, 2520
0.1538, 2519
0.1541, 2518
0.1543, 2517
0.1546, 2516
0.1548, 2515
0.1551, 2514
0.1554, 2513
0.1556, 2512
0.1558, 2511
0.1561, 2510
0.1564, 2509
0.1566, 2508
0.1569, 2507
0.1571, 2506
0.1574, 2505
0.1576, 2504
0.1578, 2503
0.1581, 2502
0.1583, 2501
0.1586, 2500
0.1588, 2499
0.1590, 2498
0.1593, 2497
0.1596, 2496
0.1598, 2495
0.1601, 2494
0.1603, 2493
0.1605, 2492
0.1608, 2491
0.1610, 2490
0.1613, 2489
0.1615, 2488
0.1618, 2487
0.1620, 2486
0.1622, 2485
0.1625, 2484
0.1627, 2483
0.1630, 2482
0.1633, 2481
0.1635, 2480
0.1638, 2479
0.1640, 2478
0.1643, 2477
0.1645, 2476
0.1648, 2475
0.1650, 2474
0.1652, 2473
0.1655, 2472
0.1657, 2471
0.1659, 2470
0.1662, 2469
0.1664, 2468
0.1667, 2467
0.1669, 2466
0.1672, 2465
0.1674, 2464
0.1677, 2463
0.1679, 2462
0.1682, 2461
0.1684, 2460
0.1687, 2459
0.1689, 2458
0.1692, 2457
0.1694, 2456
0.1697, 2455
0.1699, 2454
0.1702, 2453
0.1704, 2452
0.1707, 2451
0.1709, 2450
0.1711, 2449
0.1714, 2448
0.1716, 2447
0.1719, 2446
0.1721, 2445
0.1724, 2444
0.1726, 2443
0.1729, 2442
0.1731, 2441
0.1734, 2440
0.1736, 2439
0.1739, 2438
0.1741, 2437
0.1744, 2436
0.1747, 2435
0.1749, 2434
0.1752, 2433
0.1754, 2432
0.1757, 2431
0.1759, 2430
0.1762, 2429
0.1764, 2428
0.1767, 2427
0.1769, 2426
0.1772, 2425
0.1774, 2424
0.1777, 2423
0.1779, 2422
0.1782, 2421
0.1785, 2420
0.1787, 2419
0.1789, 2418
0.1792, 2417
0.1794, 2416
0.1797, 2415
0.1800, 2414
0.1803, 2413
0.1806, 2412
0.1808, 2411
0.1811, 2410
0.1814, 2409
0.1816, 2408
0.1819, 2407
0.1821, 2406
0.1824, 2405
0.1826, 2404
0.1829, 2403
0.1831, 2402
0.1833, 2401
0.1836, 2400
0.1839, 2399
0.1841, 2398
0.1844, 2397
0.1846, 2396
0.1849, 2395
0.1851, 2394
0.1854, 2393
0.1856, 2392
0.1858, 2391
0.1860, 2390
0.1863, 2389
0.1865, 2388
0.1867, 2387
0.1870, 2386
0.1872, 2385
0.1874, 2384
0.1877, 2383
0.1880, 2382
0.1884, 2381
0.1886, 2380
0.1889, 2379
0.1891, 2378
0.1894, 2377
0.1897, 2376
0.1899, 2375
0.1901, 2374
0.1904, 2373
0.1906, 2372
0.1909, 2371
0.1912, 2370
0.1914, 2369
0.1917, 2368
0.1919, 2367
0.1922, 2366
0.1924, 2365
0.1927, 2364
0.1929, 2363
0.1932, 2362
0.1934, 2361
0.1936, 2360
0.1939, 2359
0.1941, 2358
0.1944, 2357
0.1946, 2356
0.1949, 2355
0.1951, 2354
0.1954, 2353
0.1957, 2352
0.1959, 2351
0.1962, 2350
0.1964, 2349
0.1967, 2348
0.1969, 2347
0.1971, 2346
0.1974, 2345
0.1976, 2344
0.1979, 2343
0.1981, 2342
0.1984, 2341
0.1986, 2340
0.1989, 2339
0.1991, 2338
0.1993, 2337
0.1996, 2336
0.1998, 2335
0.2000, 2334
0.2003, 2333
0.2005, 2332
0.2007, 2331
0.2010, 2330
0.2012, 2329
0.2015, 2328
0.2018, 2327
0.2020, 2326
0.2023, 2325
0.2025, 2324
0.2027, 2323
0.2030, 2322
0.2032, 2321
0.2034, 2320
0.2037, 2319
0.2039, 2318
0.2041, 2317
0.2043, 2316
0.2046, 2315
0.2048, 2314
0.2050, 2313
0.2053, 2312
0.2055, 2311
0.2057, 2310
0.2060, 2309
0.2062, 2308
0.2065, 2307
0.2067, 2306
0.2070, 2305
0.2072, 2304
0.2321, 2303
0.2324, 2302
0.2676, 2301
0.3231, 2300
0.3641, 2299
0.3847, 2298
0.3850, 2297
0.4018, 2296
0.4311, 2295
0.5478, 2294
0.5522, 2293
0.5524, 2292
0.5587, 2291
0.5814, 2290
0.5919, 2289
0.6251, 2288
0.6294, 2287
0.6317, 2286
0.6525, 2285
0.6610, 2284
0.6612, 2283
0.6820, 2282
0.6822, 2281
0.6927, 2280
0.7260, 2279
0.7262, 2278
0.7371, 2277
0.7462, 2276
0.7575, 2275
0.7577, 2274
0.7644, 2273
0.8076, 2272
0.8248, 2271
0.8645, 2270
0.8688, 2269
0.8690, 2268
0.8816, 2267
0.9128, 2266
0.9255, 2265
0.9443, 2264
0.9631, 2263
0.9819, 2262
1.0069, 2261
1.0216, 2260
1.0695, 2259
1.0862, 2258
1.1879, 2257
1.2546, 2256
1.2590, 2255
1.2696, 2254
1.2926, 2253
1.3032, 2252
1.3180, 2251
1.3659, 2250
1.3890, 2249
1.4308, 2248
1.4974, 2247
1.5018, 2246
1.5352, 2245
1.5976, 2244
1.6286, 2243
1.6494, 2242
1.6661, 2241
1.7035, 2240
1.7305, 2239
1.7370, 2238
1.7413, 2237
1.7788, 2236
1.8285, 2235
1.8329, 2234
1.8579, 2233
1.8786, 2232
1.8789, 2231
1.8914, 2230
1.9185, 2229
1.9187, 2228
1.9582, 2227
1.9935, 2226
2.0163, 2225
2.0287, 2224
2.2397, 2223
2.2728, 2222
2.2772, 2221
2.2774, 2220
2.2859, 2219
2.3231, 2218
2.3927, 2217
2.4647, 2216
2.5347, 2215
2.7810, 2214
