0.0000, 3112
0.0003, 3111
0.0006, 3110
0.0008, 3109
0.0011, 3108
0.0014, 3107
0.0017, 3106
0.0019, 3105
0.0022, 3104
0.0025, 3103
0.0028, 3102
0.0030, 3101
0.0033, 3100
0.0036, 3099
0.0039, 3098
0.0041, 3097
0.0044, 3096
0.0047, 3095
0.0050, 3094
0.0053, 3093
0.0056, 3092
0.0059, 3091
0.0061, 3090
0.0064, 3089
0.0067, 3088
0.0069, 3087
0.0072, 3086
0.0075, 3085
0.0078, 3084
0.0081, 3083
0.0083, 3082
0.0086, 3081
0.0089, 3080
0.0092, 3079
0.0094, 3078
0.0097, 3077
0.0100, 3076
0.0103, 3075
0.0105, 3074
0.0108, 3073
0.0111, 3072
0.0114, 3071
0.0117, 3070
0.0120, 3069
0.0123, 3068
0.0125, 3067
0.0128, 3066
0.0131, 3065
0.0134, 3064
0.0136, 3063
0.0139, 3062
0.0142, 3061
0.0144, 3060
0.0147, 3059
0.0150, 3058
0.0153, 3057
0.0156, 3056
0.0158, 3055
0.0161, 3054
0.0164, 3053
0.0167, 3052
0.0170, 3051
0.0172, 3050
0.0175, 3049
0.0178, 3048
0.0180, 3047
0.0183, 3046
0.0186, 3045
0.0189, 3044
0.0191, 3043
0.0194, 3042
0.0197, 3041
0.0200, 3040
0.0203, 3039
0.0206, 3038
0.0208, 3037
0.0211, 3036
0.0213, 3035
0.0216, 3034
0.0219, 3033
0.0221, 3032
0.0224, 3031
0.0227, 3030
0.0229, 3029
0.0232, 3028
0.0235, 3027
0.0238, 3026
0.0241, 3025
0.0244, 3024
0.0247, 3023
0.0250, 3022
0.0252, 3021
0.0255, 3020
0.0258, 3019
0.0260, 3018
0.0263, 3017
0.0266, 3016
0.0268, 3015
0.0271, 3014
0.0274, 3013
0.0277, 3012
0.0279, 3011
0.0282, 3010
0.0285, 3009
0.0287, 3008
0.0290, 3007
0.0293, 3006
0.0296, 3005
0.0298, 3004
0.0301, 3003
0.0304, 3002
0.0307, 3001
0.0310, 3000
0.0312, 2999
0.0315, 2998
0.0317, 2997
0.0320, 2996
0.0323, 2995
0.0326, 2994
0.0328, 2993
0.0331, 2992
0.0334, 2991
0.0336, 2990
0.0339, 2989
0.0342, 2988
0.0344, 2987
0.0347, 2986
0.0349, 2985
0.0352, 2984
0.0355, 2983
0.0358, 2982
0.0360, 2981
0.0363, 2980
0.0366, 2979
0.0368, 2978
0.0371, 2977
0.0374, 2976
0.0376, 2975
0.0379, 2974
0.0382, 2973
0.0384, 2972
0.0387, 2971
0.0389, 2970
0.0392, 2969
0.0395, 2968
0.0397, 2967
0.0400, 2966
0.0403, 2965
0.0406, 2964
0.0408, 2963
0.0411, 2962
0.0414, 2961
0.0416, 2960
0.0419, 2959
0.0422, 2958
0.0424, 2957
0.0427, 2956
0.0430, 2955
0.0433, 2954
0.0435, 2953
0.0438, 2952
0.0441, 2951
0.0443, 2950
0.0446, 2949
0.0449, 2948
0.0452, 2947
0.0454, 2946
0.0457, 2945
0.0460, 2944
0.0462, 2943
0.0465, 2942
0.0468, 2941
0.0470, 2940
0.0473, 2939
0.0476, 2938
0.0478, 2937
0.0481, 2936
0.0484, 2935
0.0486, 2934
0.0489, 2933
0.0492, 2932
0.0494, 2931
0.0497, 2930
0.0499, 2929
0.0502, 2928
0.0505, 2927
0.0507, 2926
0.0510, 2925
0.0513, 2924
0.0515, 2923
0.0518, 2922
0.0520, 2921
0.0523, 2920
0.0526, 2919
0.0528, 2918
0.0531, 2917
0.0533, 2916
0.0536, 2915
0.0539, 2914
0.0542, 2913
0.0545, 2912
0.0547, 2911
0.0550, 2910
0.0553, 2909
0.0555, 2908
0.0558, 2907
0.0561, 2906
0.0563, 2905
0.0566, 2904
0.0569, 2903
0.0572, 2902
0.0574, 2901
0.0577, 2900
0.0580, 2899
0.0582, 2898
0.0585, 2897
0.0588, 2896
0.0591, 2895
0.0593, 2894
0.0596, 2893
0.0598, 2892
0.0601, 2891
0.0604, 2890
0.0606, 2889
0.0609, 2888
0.0612, 2887
0.0615, 2886
0.0617, 2885
0.0620, 2884
0.0622, 2883
0.0625, 2882
0.0628, 2881
0.0630, 2880
0.0633, 2879
0.0636, 2878
0.0638, 2877
0.0641, 2876
0.0644, 2875
0.0647, 2874
0.0649, 2873
0.0652, 2872
0.0655, 2871
0.0657, 2870
0.0660, 2869
0.0663, 2868
0.0665, 2867
0.0668, 2866
0.0671, 2865
0.0673, 2864
0.0676, 2863
0.0679, 2862
0.0681, 2861
0.0684, 2860
0.0687, 2859
0.0689, 2858
0.0692, 2857
0.0694, 2856
0.0697, 2855
0.0700, 2854
0.0702, 2853
0.0705, 2852
0.0708, 2851
0.0711, 2850
0.0713, 2849
0.0716, 2848
0.0719, 2847
0.0721, 2846
0.0724, 2845
0.0727, 2844
0.0730, 2843
0.0732, 2842
0.0735, 2841
0.0738, 2840
0.0741, 2839
0.0743, 2838
0.0746, 2837
0.0748, 2836
0.0751, 2835
0.0754, 2834
0.0757, 2833
0.0759, 2832
0.0762, 2831
0.0765, 2830
0.0768, 2829
0.0770, 2828
0.0773, 2827
0.0776, 2826
0.0779, 2825
0.0781, 2824
0.0784, 2823
0.0787, 2822
0.0789, 2821
0.0792, 2820
0.0795, 2819
0.0797, 2818
0.0800, 2817
0.0803, 2816
0.0805, 2815
0.0808, 2814
0.0811, 2813
0.0813, 2812
0.0816, 2811
0.0819, 2810
0.0821, 2809
0.0824, 2808
0.0826, 2807
0.0829, 2806
0.0832, 2805
0.0834, 2804
0.0837, 2803
0.0839, 2802
0.0842, 2801
0.0845, 2800
0.0847, 2799
0.0850, 2798
0.0853, 2797
0.0855, 2796
0.0858, 2795
0.0860, 2794
0.0863, 2793
0.0866, 2792
0.0868, 2791
0.0871, 2790
0.0874, 2789
0.0876, 2788
0.0879, 2787
0.0882, 2786
0.0884, 2785
0.0887, 2784
0.0890, 2783
0.0893, 2782
0.0895, 2781
0.0898, 2780
0.0900, 2779
0.0903, 2778
0.0906, 2777
0.0908, 2776
0.0911, 2775
0.0913, 2774
0.0916, 2773
0.0918, 2772
0.0921, 2771
0.0924, 2770
0.0926, 2769
0.0929, 2768
0.0931, 2767
0.0934, 2766
0.0936, 2765
0.0939, 2764
0.0942, 2763
0.0944, 2762
0.0947, 2761
0.0950, 2760
0.0952, 2759
0.0955, 2758
0.0958, 2757
0.0960, 2756
0.0963, 2755
0.0966, 2754
0.0968, 2753
0.0971, 2752
0.0974, 2751
0.0976, 2750
0.0979, 2749
0.0982, 2748
0.0984, 2747
0.0987, 2746
0.0989, 2745
0.0992, 2744
0.0995, 2743
0.0997, 2742
0.1000, 2741
0.1003, 2740
0.1005, 2739
0.1008, 2738
0.1010, 2737
0.1013, 2736
0.1015, 2735
0.1018, 2734
0.1020, 2733
0.1023, 2732
0.1026, 2731
0.1028, 2730
0.1031, 2729
0.1034, 2728
0.1036, 2727
0.1039, 2726
0.1041, 2725
0.1044, 2724
0.1047, 2723
0.1049, 2722
0.1052, 2721
0.1054, 2720
0.1057, 2719
0.1060, 2718
0.1062, 2717
0.1065, 2716
0.1068, 2715
0.1070, 2714
0.1073, 2713
0.1076, 2712
0.1079, 2711
0.1081, 2710
0.1084, 2709
0.1087, 2708
0.1089, 2707
0.1092, 2706
0.1094, 2705
0.1097, 2704
0.1099, 2703
0.1102, 2702
0.1105, 2701
0.1107, 2700
0.1110, 2699
0.1112, 2698
0.1115, 2697
0.1118, 2696
0.1120, 2695
0.1123, 2694
0.1125, 2693
0.1128, 2692
0.1131, 2691
0.1133, 2690
0.1137, 2689
0.1139, 2688
0.1142, 2687
0.1144, 2686
0.1147, 2685
0.1150, 2684
0.1152, 2683
0.1155, 2682
0.1158, 2681
0.1161, 2680
0.1163, 2679
0.1166, 2678
0.1169, 2677
0.1172, 2676
0.1174, 2675
0.1177, 2674
0.1180, 2673
0.1183, 2672
0.1185, 2671
0.1188, 2670
0.1190, 2669
0.1193, 2668
0.1196, 2667
0.1199, 2666
0.1202, 2665
0.1204, 2664
0.1207, 2663
0.1209, 2662
0.1212, 2661
0.1215, 2660
0.1218, 2659
0.1220, 2658
0.1223, 2657
0.1226, 2656
0.1228, 2655
0.1231, 2654
0.1234, 2653
0.1236, 2652
0.1239, 2651
0.1241, 2650
0.1244, 2649
0.1247, 2648
0.1250, 2647
0.1253, 2646
0.1256, 2645
0.1258, 2644
0.1261, 2643
0.1263, 2642
0.1265, 2641
0.1268, 2640
0.1270, 2639
0.1273, 2638
0.1276, 2637
0.1279, 2636
0.1282, 2635
0.1284, 2634
0.1287, 2633
0.1289, 2632
0.1292, 2631
0.1295, 2630
0.1298, 2629
0.1300, 2628
0.1303, 2627
0.1306, 2626
0.1309, 2625
0.1311, 2624
0.1314, 2623
0.1317, 2622
0.1319, 2621
0.1322, 2620
0.1325, 2619
0.1327, 2618
0.1330, 2617
0.1332, 2616
0.1335, 2615
0.1337, 2614
0.1340, 2613
0.1343, 2612
0.1345, 2611
0.1348, 2610
0.1350, 2609
0.1353, 2608
0.1356, 2607
0.1358, 2606
0.1361, 2605
0.1363, 2604
0.1366, 2603
0.1369, 2602
0.1371, 2601
0.1374, 2600
0.1376, 2599
0.1379, 2598
0.1382, 2597
0.1385, 2596
0.1387, 2595
0.1390, 2594
0.1392, 2593
0.1395, 2592
0.1397, 2591
0.1400, 2590
0.1402, 2589
0.1405, 2588
0.1408, 2587
0.1410, 2586
0.1413, 2585
0.1416, 2584
0.1418, 2583
0.1421, 2582
0.1423, 2581
0.1426, 2580
0.1428, 2579
0.1430, 2578
0.1433, 2577
0.1436, 2576
0.1438, 2575
0.1441, 2574
0.1443, 2573
0.1446, 2572
0.1448, 2571
0.1451, 2570
0.1454, 2569
0.1457, 2568
0.1459, 2567
0.1462, 2566
0.1465, 2565
0.1467, 2564
0.1470, 2563
0.1472, 2562
0.1475, 2561
0.1478, 2560
0.1480, 2559
0.1483, 2558
0.1485, 2557
0.1488, 2556
0.1491, 2555
0.1493, 2554
0.1496, 2553
0.1498, 2552
0.1501, 2551
0.1503, 2550
0.1506, 2549
0.1508, 2548
0.1510, 2547
0.1513, 2546
0.1515, 2545
0.1518, 2544
0.1520, 2543
0.1523, 2542
0.1526, 2541
0.1528, 2540
0.1531, 2539
0.1534, 2538
0.1536, 2537
0.1539, 2536
0.1542, 2535
0.1544, 2534
0.1547, 2533
0.1549, 2532
0.1552, 2531
0.1555, 2530
0.1557, 2529
0.1560, 2528
0.1563, 2527
0.1565, 2526
0.1568, 2525
0.1570, 2524
0.1573, 2523
0.1576, 2522
0.1578, 2521
0.1581, 2520
0.1583, 2519
0.1586, 2518
0.1588, 2517
0.1591, 2516
0.1594, 2515
0.1596, 2514
0.1599, 2513
0.1601, 2512
0.1604, 2511
0.1606, 2510
0.1609, 2509
0.1611, 2508
0.1614, 2507
0.1616, 2506
0.1619, 2505
0.1622, 2504
0.1624, 2503
0.1627, 2502
0.1629, 2501
0.1632, 2500
0.1634, 2499
0.1637, 2498
0.1639, 2497
0.1642, 2496
0.1644, 2495
0.1647, 2494
0.1649, 2493
0.1652, 2492
0.1654, 2491
0.1657, 2490
0.1659, 2489
0.1662, 2488
0.1665, 2487
0.1667, 2486
0.1669, 2485
0.1672, 2484
0.1674, 2483
0.1677, 2482
0.1680, 2481
0.1682, 2480
0.1685, 2479
0.1687, 2478
0.1690, 2477
0.1692, 2476
0.1695, 2475
0.1697, 2474
0.1700, 2473
0.1702, 2472
0.1704, 2471
0.1707, 2470
0.1710, 2469
0.1712, 2468
0.1715, 2467
0.1717, 2466
0.1720, 2465
0.1723, 2464
0.1725, 2463
0.1727, 2462
0.1730, 2461
0.1733, 2460
0.1736, 2459
0.1738, 2458
0.1741, 2457
0.1744, 2456
0.1746, 2455
0.1749, 2454
0.1751, 2453
0.1754, 2452
0.1756, 2451
0.1759, 2450
0.1761, 2449
0.1764, 2448
0.1766, 2447
0.1769, 2446
0.1772, 2445
0.1774, 2444
0.1777, 2443
0.1780, 2442
0.1782, 2441
0.1785, 2440
0.1787, 2439
0.1790, 2438
0.1792, 2437
0.1795, 2436
0.1798, 2435
0.1800, 2434
0.1803, 2433
0.1806, 2432
0.1808, 2431
0.1811, 2430
0.1813, 2429
0.1816, 2428
0.1818, 2427
0.1821, 2426
0.1824, 2425
0.1826, 2424
0.1829, 2423
0.1831, 2422
0.1834, 2421
0.1836, 2420
0.1839, 2419
0.1841, 2418
0.1844, 2417
0.1846, 2416
0.1849, 2415
0.1852, 2414
0.1855, 2413
0.1858, 2412
0.1861, 2411
0.1864, 2410
0.1866, 2409
0.1869, 2408
0.1872, 2407
0.1874, 2406
0.1877, 2405
0.1879, 2404
0.1882, 2403
0.1884, 2402
0.1887, 2401
0.1889, 2400
0.1892, 2399
0.1894, 2398
0.1897, 2397
0.1900, 2396
0.1902, 2395
0.1904, 2394
0.1907, 2393
0.1909, 2392
0.1912, 2391
0.1914, 2390
0.1916, 2389
0.1919, 2388
0.1921, 2387
0.1924, 2386
0.1926, 2385
0.1928, 2384
0.1931, 2383
0.1935, 2382
0.1938, 2381
0.1941, 2380
0.1943, 2379
0.1946, 2378
0.1948, 2377
0.1951, 2376
0.1954, 2375
0.1956, 2374
0.1958, 2373
0.1961, 2372
0.1963, 2371
0.1967, 2370
0.1969, 2369
0.1972, 2368
0.1974, 2367
0.1977, 2366
0.1979, 2365
0.1982, 2364
0.1984, 2363
0.1986, 2362
0.1989, 2361
0.1991, 2360
0.1994, 2359
0.1996, 2358
0.1999, 2357
0.2001, 2356
0.2004, 2355
0.2006, 2354
0.2009, 2353
0.2011, 2352
0.2014, 2351
0.2016, 2350
0.2019, 2349
0.2021, 2348
0.2024, 2347
0.2026, 2346
0.2029, 2345
0.2031, 2344
0.2034, 2343
0.2036, 2342
0.2039, 2341
0.2041, 2340
0.2044, 2339
0.2046, 2338
0.2049, 2337
0.2051, 2336
0.2054, 2335
0.2056, 2334
0.2059, 2333
0.2061, 2332
0.2064, 2331
0.2066, 2330
0.2069, 2329
0.2071, 2328
0.2074, 2327
0.2076, 2326
0.2079, 2325
0.2082, 2324
0.2084, 2323
0.2087, 2322
0.2089, 2321
0.2091, 2320
0.2094, 2319
0.2096, 2318
0.2099, 2317
0.2101, 2316
0.2104, 2315
0.2106, 2314
0.2109, 2313
0.2111, 2312
0.2113, 2311
0.2116, 2310
0.2118, 2309
0.2121, 2308
0.2123, 2307
0.2126, 2306
0.2128, 2305
0.2131, 2304
0.2300, 2303
0.2738, 2302
0.2803, 2301
0.2868, 2300
0.3347, 2299
0.3764, 2298
0.3994, 2297
0.3996, 2296
0.4144, 2295
0.4458, 2294
0.5644, 2293
0.5688, 2292
0.5732, 2291
0.5734, 2290
0.6068, 2289
0.6070, 2288
0.6469, 2287
0.6471, 2286
0.6495, 2285
0.6727, 2284
0.6729, 2283
0.6794, 2282
0.7005, 2281
0.7008, 2280
0.7156, 2279
0.7409, 2278
0.7453, 2277
0.7518, 2276
0.7582, 2275
0.7751, 2274
0.7753, 2273
0.7818, 2272
0.8237, 2271
0.8519, 2270
0.8833, 2269
0.8835, 2268
0.8879, 2267
0.8964, 2266
0.9341, 2265
0.9593, 2264
0.9595, 2263
0.9805, 2262
0.9953, 2261
1.0267, 2260
1.0456, 2259
1.0959, 2258
1.1106, 2257
1.2066, 2256
1.2756, 2255
1.2758, 2254
1.2845, 2253
1.3139, 2252
1.3225, 2251
1.3456, 2250
1.3812, 2249
1.4148, 2248
1.4511, 2247
1.5181, 2246
1.5226, 2245
1.5583, 2244
1.6191, 2243
1.6465, 2242
1.6717, 2241
1.6908, 2240
1.7225, 2239
1.7498, 2238
1.7585, 2237
1.7629, 2236
1.7798, 2235
1.7968, 2234
1.8577, 2233
1.8642, 2232
1.8895, 2231
1.9043, 2230
1.9045, 2229
1.9235, 2228
1.9468, 2227
1.9470, 2226
1.9868, 2225
2.0226, 2224
2.0457, 2223
2.1307, 2222
2.1765, 2221
2.2574, 2220
2.2849, 2219
2.2913, 2218
2.3020, 2217
2.3272, 2216
2.4248, 2215
2.4250, 2214
2.4480, 2213
2.5023, 2212
2.5088, 2211
2.5276, 2210
2.5787, 2209
3.0435, 2208
