0.0000, 3112
0.0003, 3111
0.0006, 3110
0.0009, 3109
0.0011, 3108
0.0014, 3107
0.0017, 3106
0.0019, 3105
0.0022, 3104
0.0025, 3103
0.0028, 3102
0.0030, 3101
0.0033, 3100
0.0036, 3099
0.0038, 3098
0.0041, 3097
0.0044, 3096
0.0047, 3095
0.0049, 3094
0.0052, 3093
0.0055, 3092
0.0058, 3091
0.0060, 3090
0.0063, 3089
0.0066, 3088
0.0069, 3087
0.0072, 3086
0.0074, 3085
0.0077, 3084
0.0080, 3083
0.0083, 3082
0.0085, 3081
0.0088, 3080
0.0091, 3079
0.0094, 3078
0.0096, 3077
0.0099, 3076
0.0102, 3075
0.0105, 3074
0.0108, 3073
0.0110, 3072
0.0113, 3071
0.0116, 3070
0.0119, 3069
0.0122, 3068
0.0124, 3067
0.0127, 3066
0.0130, 3065
0.0133, 3064
0.0135, 3063
0.0138, 3062
0.0141, 3061
0.0143, 3060
0.0146, 3059
0.0149, 3058
0.0152, 3057
0.0154, 3056
0.0157, 3055
0.0160, 3054
0.0163, 3053
0.0165, 3052
0.0168, 3051
0.0171, 3050
0.0174, 3049
0.0176, 3048
0.0179, 3047
0.0182, 3046
0.0184, 3045
0.0187, 3044
0.0190, 3043
0.0192, 3042
0.0195, 3041
0.0197, 3040
0.0200, 3039
0.0203, 3038
0.0205, 3037
0.0208, 3036
0.0211, 3035
0.0213, 3034
0.0216, 3033
0.0218, 3032
0.0221, 3031
0.0224, 3030
0.0227, 3029
0.0229, 3028
0.0232, 3027
0.0235, 3026
0.0238, 3025
0.0241, 3024
0.0244, 3023
0.0246, 3022
0.0249, 3021
0.0252, 3020
0.0255, 3019
0.0257, 3018
0.0260, 3017
0.0263, 3016
0.0265, 3015
0.0268, 3014
0.0271, 3013
0.0274, 3012
0.0276, 3011
0.0279, 3010
0.0281, 3009
0.0284, 3008
0.0287, 3007
0.0289, 3006
0.0292, 3005
0.0295, 3004
0.0298, 3003
0.0301, 3002
0.0303, 3001
0.0306, 3000
0.0309, 2999
0.0311, 2998
0.0314, 2997
0.0317, 2996
0.0319, 2995
0.0322, 2994
0.0325, 2993
0.0327, 2992
0.0330, 2991
0.0333, 2990
0.0335, 2989
0.0338, 2988
0.0341, 2987
0.0343, 2986
0.0346, 2985
0.0349, 2984
0.0352, 2983
0.0355, 2982
0.0357, 2981
0.0360, 2980
0.0363, 2979
0.0365, 2978
0.0368, 2977
0.0371, 2976
0.0374, 2975
0.0376, 2974
0.0379, 2973
0.0382, 2972
0.0385, 2971
0.0387, 2970
0.0390, 2969
0.0392, 2968
0.0395, 2967
0.0398, 2966
0.0401, 2965
0.0403, 2964
0.0406, 2963
0.0409, 2962
0.0411, 2961
0.0414, 2960
0.0417, 2959
0.0419, 2958
0.0422, 2957
0.0425, 2956
0.0427, 2955
0.0431, 2954
0.0433, 2953
0.0436, 2952
0.0438, 2951
0.0441, 2950
0.0444, 2949
0.0446, 2948
0.0449, 2947
0.0452, 2946
0.0455, 2945
0.0457, 2944
0.0460, 2943
0.0463, 2942
0.0466, 2941
0.0468, 2940
0.0471, 2939
0.0473, 2938
0.0476, 2937
0.0479, 2936
0.0482, 2935
0.0484, 2934
0.0487, 2933
0.0490, 2932
0.0492, 2931
0.0495, 2930
0.0498, 2929
0.0500, 2928
0.0503, 2927
0.0506, 2926
0.0508, 2925
0.0511, 2924
0.0514, 2923
0.0516, 2922
0.0519, 2921
0.0522, 2920
0.0524, 2919
0.0527, 2918
0.0530, 2917
0.0532, 2916
0.0535, 2915
0.0538, 2914
0.0540, 2913
0.0543, 2912
0.0546, 2911
0.0548, 2910
0.0551, 2909
0.0554, 2908
0.0556, 2907
0.0559, 2906
0.0561, 2905
0.0564, 2904
0.0567, 2903
0.0569, 2902
0.0572, 2901
0.0575, 2900
0.0577, 2899
0.0580, 2898
0.0583, 2897
0.0586, 2896
0.0588, 2895
0.0591, 2894
0.0594, 2893
0.0596, 2892
0.0599, 2891
0.0602, 2890
0.0604, 2889
0.0607, 2888
0.0610, 2887
0.0612, 2886
0.0615, 2885
0.0618, 2884
0.0620, 2883
0.0623, 2882
0.0626, 2881
0.0628, 2880
0.0631, 2879
0.0633, 2878
0.0636, 2877
0.0639, 2876
0.0642, 2875
0.0645, 2874
0.0647, 2873
0.0650, 2872
0.0653, 2871
0.0656, 2870
0.0658, 2869
0.0661, 2868
0.0664, 2867
0.0667, 2866
0.0669, 2865
0.0672, 2864
0.0675, 2863
0.0678, 2862
0.0680, 2861
0.0683, 2860
0.0686, 2859
0.0688, 2858
0.0691, 2857
0.0694, 2856
0.0696, 2855
0.0699, 2854
0.0702, 2853
0.0704, 2852
0.0707, 2851
0.0710, 2850
0.0713, 2849
0.0715, 2848
0.0718, 2847
0.0720, 2846
0.0723, 2845
0.0726, 2844
0.0728, 2843
0.0731, 2842
0.0734, 2841
0.0736, 2840
0.0739, 2839
0.0742, 2838
0.0744, 2837
0.0747, 2836
0.0750, 2835
0.0752, 2834
0.0755, 2833
0.0758, 2832
0.0761, 2831
0.0763, 2830
0.0766, 2829
0.0769, 2828
0.0771, 2827
0.0774, 2826
0.0777, 2825
0.0779, 2824
0.0782, 2823
0.0785, 2822
0.0788, 2821
0.0790, 2820
0.0793, 2819
0.0796, 2818
0.0798, 2817
0.0801, 2816
0.0804, 2815
0.0806, 2814
0.0809, 2813
0.0812, 2812
0.0814, 2811
0.0817, 2810
0.0819, 2809
0.0822, 2808
0.0825, 2807
0.0827, 2806
0.0830, 2805
0.0832, 2804
0.0835, 2803
0.0838, 2802
0.0841, 2801
0.0843, 2800
0.0846, 2799
0.0849, 2798
0.0851, 2797
0.0854, 2796
0.0856, 2795
0.0859, 2794
0.0861, 2793
0.0864, 2792
0.0867, 2791
0.0869, 2790
0.0872, 2789
0.0874, 2788
0.0877, 2787
0.0880, 2786
0.0882, 2785
0.0885, 2784
0.0888, 2783
0.0890, 2782
0.0893, 2781
0.0895, 2780
0.0898, 2779
0.0900, 2778
0.0903, 2777
0.0905, 2776
0.0908, 2775
0.0911, 2774
0.0913, 2773
0.0916, 2772
0.0919, 2771
0.0921, 2770
0.0924, 2769
0.0926, 2768
0.0929, 2767
0.0932, 2766
0.0934, 2765
0.0937, 2764
0.0940, 2763
0.0942, 2762
0.0945, 2761
0.0947, 2760
0.0950, 2759
0.0953, 2758
0.0955, 2757
0.0958, 2756
0.0960, 2755
0.0963, 2754
0.0966, 2753
0.0968, 2752
0.0971, 2751
0.0974, 2750
0.0976, 2749
0.0979, 2748
0.0981, 2747
0.0984, 2746
0.0987, 2745
0.0989, 2744
0.0992, 2743
0.0995, 2742
0.0997, 2741
0.1000, 2740
0.1002, 2739
0.1005, 2738
0.1007, 2737
0.1010, 2736
0.1012, 2735
0.1015, 2734
0.1017, 2733
0.1020, 2732
0.1023, 2731
0.1025, 2730
0.1028, 2729
0.1030, 2728
0.1033, 2727
0.1035, 2726
0.1038, 2725
0.1041, 2724
0.1043, 2723
0.1046, 2722
0.1048, 2721
0.1051, 2720
0.1054, 2719
0.1056, 2718
0.1059, 2717
0.1062, 2716
0.1064, 2715
0.1067, 2714
0.1070, 2713
0.1073, 2712
0.1075, 2711
0.1078, 2710
0.1081, 2709
0.1084, 2708
0.1086, 2707
0.1089, 2706
0.1091, 2705
0.1094, 2704
0.1096, 2703
0.1099, 2702
0.1102, 2701
0.1104, 2700
0.1107, 2699
0.1109, 2698
0.1112, 2697
0.1115, 2696
0.1117, 2695
0.1120, 2694
0.1122, 2693
0.1125, 2692
0.1128, 2691
0.1130, 2690
0.1133, 2689
0.1136, 2688
0.1138, 2687
0.1141, 2686
0.1144, 2685
0.1146, 2684
0.1149, 2683
0.1151, 2682
0.1154, 2681
0.1157, 2680
0.1159, 2679
0.1162, 2678
0.1165, 2677
0.1168, 2676
0.1170, 2675
0.1173, 2674
0.1176, 2673
0.1178, 2672
0.1181, 2671
0.1184, 2670
0.1186, 2669
0.1189, 2668
0.1192, 2667
0.1195, 2666
0.1198, 2665
0.1200, 2664
0.1203, 2663
0.1205, 2662
0.1208, 2661
0.1211, 2660
0.1213, 2659
0.1216, 2658
0.1219, 2657
0.1221, 2656
0.1224, 2655
0.1226, 2654
0.1229, 2653
0.1232, 2652
0.1234, 2651
0.1237, 2650
0.1239, 2649
0.1242, 2648
0.1245, 2647
0.1248, 2646
0.1251, 2645
0.1253, 2644
0.1256, 2643
0.1258, 2642
0.1261, 2641
0.1264, 2640
0.1266, 2639
0.1269, 2638
0.1272, 2637
0.1275, 2636
0.1277, 2635
0.1280, 2634
0.1283, 2633
0.1286, 2632
0.1288, 2631
0.1291, 2630
0.1294, 2629
0.1296, 2628
0.1299, 2627
0.1302, 2626
0.1304, 2625
0.1307, 2624
0.1310, 2623
0.1313, 2622
0.1315, 2621
0.1318, 2620
0.1321, 2619
0.1323, 2618
0.1326, 2617
0.1328, 2616
0.1331, 2615
0.1333, 2614
0.1336, 2613
0.1339, 2612
0.1341, 2611
0.1344, 2610
0.1347, 2609
0.1350, 2608
0.1352, 2607
0.1355, 2606
0.1358, 2605
0.1360, 2604
0.1363, 2603
0.1366, 2602
0.1368, 2601
0.1371, 2600
0.1373, 2599
0.1376, 2598
0.1379, 2597
0.1381, 2596
0.1384, 2595
0.1386, 2594
0.1389, 2593
0.1391, 2592
0.1394, 2591
0.1396, 2590
0.1399, 2589
0.1402, 2588
0.1404, 2587
0.1407, 2586
0.1410, 2585
0.1412, 2584
0.1414, 2583
0.1417, 2582
0.1419, 2581
0.1422, 2580
0.1425, 2579
0.1427, 2578
0.1430, 2577
0.1432, 2576
0.1434, 2575
0.1437, 2574
0.1439, 2573
0.1442, 2572
0.1445, 2571
0.1447, 2570
0.1450, 2569
0.1453, 2568
0.1455, 2567
0.1458, 2566
0.1460, 2565
0.1463, 2564
0.1466, 2563
0.1468, 2562
0.1471, 2561
0.1473, 2560
0.1476, 2559
0.1478, 2558
0.1481, 2557
0.1484, 2556
0.1486, 2555
0.1489, 2554
0.1491, 2553
0.1494, 2552
0.1496, 2551
0.1499, 2550
0.1501, 2549
0.1504, 2548
0.1506, 2547
0.1509, 2546
0.1511, 2545
0.1514, 2544
0.1516, 2543
0.1519, 2542
0.1522, 2541
0.1524, 2540
0.1527, 2539
0.1530, 2538
0.1532, 2537
0.1535, 2536
0.1538, 2535
0.1540, 2534
0.1543, 2533
0.1545, 2532
0.1548, 2531
0.1551, 2530
0.1553, 2529
0.1556, 2528
0.1559, 2527
0.1562, 2526
0.1564, 2525
0.1567, 2524
0.1569, 2523
0.1572, 2522
0.1575, 2521
0.1577, 2520
0.1580, 2519
0.1583, 2518
0.1585, 2517
0.1588, 2516
0.1590, 2515
0.1593, 2514
0.1596, 2513
0.1598, 2512
0.1601, 2511
0.1603, 2510
0.1606, 2509
0.1608, 2508
0.1611, 2507
0.1613, 2506
0.1616, 2505
0.1619, 2504
0.1621, 2503
0.1624, 2502
0.1626, 2501
0.1628, 2500
0.1631, 2499
0.1633, 2498
0.1636, 2497
0.1638, 2496
0.1641, 2495
0.1643, 2494
0.1646, 2493
0.1648, 2492
0.1651, 2491
0.1653, 2490
0.1656, 2489
0.1658, 2488
0.1661, 2487
0.1663, 2486
0.1666, 2485
0.1669, 2484
0.1671, 2483
0.1674, 2482
0.1677, 2481
0.1679, 2480
0.1682, 2479
0.1684, 2478
0.1687, 2477
0.1689, 2476
0.1692, 2475
0.1694, 2474
0.1697, 2473
0.1699, 2472
0.1701, 2471
0.1704, 2470
0.1706, 2469
0.1709, 2468
0.1712, 2467
0.1714, 2466
0.1717, 2465
0.1719, 2464
0.1722, 2463
0.1724, 2462
0.1727, 2461
0.1730, 2460
0.1732, 2459
0.1735, 2458
0.1738, 2457
0.1740, 2456
0.1743, 2455
0.1745, 2454
0.1748, 2453
0.1750, 2452
0.1753, 2451
0.1756, 2450
0.1758, 2449
0.1761, 2448
0.1763, 2447
0.1766, 2446
0.1768, 2445
0.1771, 2444
0.1773, 2443
0.1776, 2442
0.1779, 2441
0.1781, 2440
0.1784, 2439
0.1786, 2438
0.1789, 2437
0.1792, 2436
0.1794, 2435
0.1797, 2434
0.1800, 2433
0.1802, 2432
0.1805, 2431
0.1807, 2430
0.1810, 2429
0.1812, 2428
0.1815, 2427
0.1818, 2426
0.1820, 2425
0.1823, 2424
0.1825, 2423
0.1828, 2422
0.1831, 2421
0.1834, 2420
0.1836, 2419
0.1839, 2418
0.1841, 2417
0.1844, 2416
0.1846, 2415
0.1849, 2414
0.1852, 2413
0.1855, 2412
0.1858, 2411
0.1861, 2410
0.1863, 2409
0.1866, 2408
0.1868, 2407
0.1871, 2406
0.1873, 2405
0.1876, 2404
0.1878, 2403
0.1881, 2402
0.1883, 2401
0.1885, 2400
0.1888, 2399
0.1890, 2398
0.1893, 2397
0.1896, 2396
0.1898, 2395
0.1901, 2394
0.1903, 2393
0.1906, 2392
0.1908, 2391
0.1910, 2390
0.1913, 2389
0.1915, 2388
0.1917, 2387
0.1920, 2386
0.1922, 2385
0.1924, 2384
0.1927, 2383
0.1931, 2382
0.1934, 2381
0.1936, 2380
0.1939, 2379
0.1942, 2378
0.1944, 2377
0.1947, 2376
0.1950, 2375
0.1952, 2374
0.1955, 2373
0.1957, 2372
0.1959, 2371
0.1963, 2370
0.1965, 2369
0.1968, 2368
0.1970, 2367
0.1973, 2366
0.1976, 2365
0.1978, 2364
0.1981, 2363
0.1983, 2362
0.1986, 2361
0.1988, 2360
0.1991, 2359
0.1994, 2358
0.1996, 2357
0.1999, 2356
0.2001, 2355
0.2004, 2354
0.2007, 2353
0.2009, 2352
0.2012, 2351
0.2014, 2350
0.2017, 2349
0.2019, 2348
0.2022, 2347
0.2024, 2346
0.2027, 2345
0.2029, 2344
0.2032, 2343
0.2034, 2342
0.2037, 2341
0.2039, 2340
0.2042, 2339
0.2044, 2338
0.2047, 2337
0.2049, 2336
0.2052, 2335
0.2054, 2334
0.2056, 2333
0.2059, 2332
0.2062, 2331
0.2064, 2330
0.2067, 2329
0.2069, 2328
0.2072, 2327
0.2075, 2326
0.2077, 2325
0.2080, 2324
0.2082, 2323
0.2085, 2322
0.2087, 2321
0.2089, 2320
0.2092, 2319
0.2094, 2318
0.2097, 2317
0.2099, 2316
0.2102, 2315
0.2104, 2314
0.2107, 2313
0.2109, 2312
0.2111, 2311
0.2114, 2310
0.2116, 2309
0.2119, 2308
0.2121, 2307
0.2124, 2306
0.2127, 2305
0.2129, 2304
0.2338, 2303
0.2422, 2302
0.2754, 2301
0.3333, 2300
0.3789, 2299
0.3935, 2298
0.3979, 2297
0.4125, 2296
0.4416, 2295
0.5427, 2294
0.5533, 2293
0.5597, 2292
0.5599, 2291
0.5910, 2290
0.5933, 2289
0.6308, 2288
0.6351, 2287
0.6353, 2286
0.6583, 2285
0.6585, 2284
0.6670, 2283
0.6859, 2282
0.6861, 2281
0.6987, 2280
0.7218, 2279
0.7282, 2278
0.7367, 2277
0.7431, 2276
0.7599, 2275
0.7601, 2274
0.7687, 2273
0.8083, 2272
0.8294, 2271
0.8669, 2270
0.8671, 2269
0.8715, 2268
0.8800, 2267
0.9134, 2266
0.9427, 2265
0.9636, 2264
0.9805, 2263
1.0097, 2262
1.0287, 2261
1.0726, 2260
1.0893, 2259
1.1787, 2258
1.1872, 2257
1.2520, 2256
1.2627, 2255
1.2629, 2254
1.2963, 2253
1.2966, 2252
1.3218, 2251
1.3759, 2250
1.3929, 2249
1.4307, 2248
1.4975, 2247
1.5040, 2246
1.5375, 2245
1.5980, 2244
1.6252, 2243
1.6503, 2242
1.6777, 2241
1.7176, 2240
1.7386, 2239
1.7389, 2238
1.7475, 2237
1.7665, 2236
1.7855, 2235
1.8379, 2234
1.8465, 2233
1.8655, 2232
1.8886, 2231
1.8888, 2230
1.9057, 2229
1.9309, 2228
1.9312, 2227
1.9710, 2226
2.0108, 2225
2.0297, 2224
2.0547, 2223
2.0756, 2222
2.1851, 2221
2.2040, 2220
2.2209, 2219
2.2211, 2218
2.2255, 2217
2.2319, 2216
2.2652, 2215
2.2967, 2214
2.3260, 2213
2.4223, 2212
2.4681, 2211
2.5035, 2210
2.5599, 2209
