0.0328, 2281
0.0505, 2280
0.0622, 2279
0.1353, 2278
0.1569, 2277
0.1762, 2276
0.1954, 2274
0.2509, 2273
0.2783, 2271
0.3970, 2270
0.4123, 2269
0.4214, 2268
0.4949, 2267
0.5486, 2266
0.6078, 2265
0.6324, 2264
0.6995, 2262
0.7027, 2260
0.7119, 2259
0.8025, 2258
0.8508, 2257
0.8723, 2256
0.9449, 2255
0.9842, 2254
1.0508, 2253
1.1145, 2252
1.2326, 2251
1.2757, 2249
1.3064, 2248
1.3096, 2247
1.3247, 2245
1.4343, 2244
1.4588, 2243
1.4981, 2240
1.6072, 2239
1.6254, 2238
1.6765, 2235
1.6887, 2233
1.6949, 2232
1.7589, 2231
1.7834, 2230
2.0679, 2229
2.0740, 2228
2.0987, 2227
2.1375, 2226
2.1531, 2225
2.9477, 2224
2.9904, 2223
3.0117, 2222
3.1037, 2221
