0.0257, 2281
0.0394, 2280
0.0429, 2279
0.0526, 2278
0.0816, 2277
0.1407, 2276
0.1440, 2275
0.1663, 2274
0.1920, 2272
0.1953, 2271
0.2114, 2270
0.2327, 2269
0.2390, 2267
0.2454, 2266
0.2486, 2265
0.2611, 2264
0.4005, 2262
0.4700, 2261
0.4799, 2260
0.5109, 2259
0.5322, 2258
0.5814, 2257
0.6423, 2256
0.6608, 2254
0.7404, 2253
0.8260, 2252
0.8938, 2251
0.9000, 2250
1.0414, 2248
1.1956, 2247
1.2385, 2246
1.2910, 2245
1.5650, 2244
1.6077, 2243
1.6322, 2241
1.6628, 2240
1.8354, 2239
1.8843, 2238
1.9334, 2237
1.9610, 2236
1.9979, 2235
2.1476, 2232
2.1719, 2231
2.1904, 2230
2.2027, 2229
2.6070, 2228
2.6594, 2227
