0.0000, 10096
0.0009, 10095
0.0018, 10094
0.0027, 10093
0.0036, 10092
0.0045, 10091
0.0054, 10090
0.0063, 10089
0.0072, 10088
0.0081, 10087
0.0091, 10086
0.0100, 10085
0.0109, 10084
0.0118, 10083
0.0127, 10082
0.0136, 10081
0.0145, 10080
0.0154, 10079
0.0163, 10078
0.0172, 10077
0.0181, 10076
0.0190, 10075
0.0199, 10074
0.0209, 10073
0.0218, 10072
0.0227, 10071
0.0236, 10070
0.0245, 10069
0.0254, 10068
0.0263, 10067
0.0272, 10066
0.0281, 10065
0.0290, 10064
0.0299, 10063
0.0308, 10062
0.0317, 10061
0.0326, 10060
0.0335, 10059
0.0344, 10058
0.0353, 10057
0.0362, 10056
0.0371, 10055
0.0380, 10054
0.0389, 10053
0.0398, 10052
0.0407, 10051
0.0416, 10050
0.0425, 10049
0.0435, 10048
0.0443, 10047
0.0453, 10046
0.0462, 10045
0.0471, 10044
0.0480, 10043
0.0489, 10042
0.0498, 10041
0.0507, 10040
0.0516, 10039
0.0525, 10038
0.0534, 10037
0.0543, 10036
0.0552, 10035
0.0561, 10034
0.0570, 10033
0.0580, 10032
0.0589, 10031
0.0598, 10030
0.0607, 10029
0.0616, 10028
0.0625, 10027
0.0634, 10026
0.0644, 10025
0.0653, 10024
0.0662, 10023
0.0671, 10022
0.0681, 10021
0.0690, 10020
0.0699, 10019
0.0708, 10018
0.0717, 10017
0.0727, 10016
0.0736, 10015
0.0745, 10014
0.0754, 10013
0.0763, 10012
0.0772, 10011
0.0781, 10010
0.0790, 10009
0.0799, 10008
0.0808, 10007
0.0818, 10006
0.0826, 10005
0.0836, 10004
0.0845, 10003
0.0853, 10002
0.0863, 10001
0.0872, 10000
0.0880, 9999
0.0890, 9998
0.0898, 9997
0.0907, 9996
0.0916, 9995
0.0925, 9994
0.0934, 9993
0.0943, 9992
0.0952, 9991
0.0961, 9990
0.0970, 9989
0.0979, 9988
0.0988, 9987
0.0997, 9986
0.1006, 9985
0.1014, 9984
0.1023, 9983
0.1032, 9982
0.1041, 9981
0.1050, 9980
0.1059, 9979
0.1068, 9978
0.1077, 9977
0.1086, 9976
0.1095, 9975
0.1104, 9974
0.1113, 9973
0.1121, 9972
0.1130, 9971
0.1139, 9970
0.1148, 9969
0.1157, 9968
0.1166, 9967
0.1175, 9966
0.1184, 9965
0.1193, 9964
0.1202, 9963
0.1211, 9962
0.1220, 9961
0.1229, 9960
0.1238, 9959
0.1247, 9958
0.1255, 9957
0.1264, 9956
0.1273, 9955
0.1282, 9954
0.1291, 9953
0.1300, 9952
0.1309, 9951
0.1318, 9950
0.1327, 9949
0.1336, 9948
0.1344, 9947
0.1354, 9946
0.1363, 9945
0.1372, 9944
0.1381, 9943
0.1390, 9942
0.1398, 9941
0.1408, 9940
0.1417, 9939
0.1426, 9938
0.1435, 9937
0.1444, 9936
0.1452, 9935
0.1461, 9934
0.1470, 9933
0.1479, 9932
0.1488, 9931
0.1497, 9930
0.1506, 9929
0.1515, 9928
0.1524, 9927
0.1533, 9926
0.1542, 9925
0.1551, 9924
0.1560, 9923
0.1569, 9922
0.1577, 9921
0.1586, 9920
0.1595, 9919
0.1604, 9918
0.1613, 9917
0.1622, 9916
0.1631, 9915
0.1640, 9914
0.1649, 9913
0.1658, 9912
0.1667, 9911
0.1676, 9910
0.1685, 9909
0.1694, 9908
0.1703, 9907
0.1712, 9906
0.1721, 9905
0.1730, 9904
0.1739, 9903
0.1748, 9902
0.1757, 9901
0.1766, 9900
0.1775, 9899
0.1784, 9898
0.1793, 9897
0.1801, 9896
0.1811, 9895
0.1819, 9894
0.1828, 9893
0.1837, 9892
0.1846, 9891
0.1855, 9890
0.1864, 9889
0.1873, 9888
0.1881, 9887
0.1891, 9886
0.1900, 9885
0.1908, 9884
0.1918, 9883
0.1927, 9882
0.1935, 9881
0.1944, 9880
0.1953, 9879
0.1962, 9878
0.1972, 9877
0.1981, 9876
0.1989, 9875
0.1998, 9874
0.2007, 9873
0.2016, 9872
0.2025, 9871
0.2034, 9870
0.2042, 9869
0.2051, 9868
0.2060, 9867
0.2069, 9866
0.2078, 9865
0.2086, 9864
0.2096, 9863
0.2105, 9862
0.2113, 9861
0.2122, 9860
0.2131, 9859
0.2140, 9858
0.2149, 9857
0.2158, 9856
0.2167, 9855
0.2176, 9854
0.2185, 9853
0.2194, 9852
0.2202, 9851
0.2211, 9850
0.2220, 9849
0.2229, 9848
0.2239, 9847
0.2247, 9846
0.2256, 9845
0.2265, 9844
0.2274, 9843
0.2283, 9842
0.2292, 9841
0.2301, 9840
0.2310, 9839
0.2319, 9838
0.2328, 9837
0.2337, 9836
0.2346, 9835
0.2355, 9834
0.2364, 9833
0.2373, 9832
0.2382, 9831
0.2391, 9830
0.2399, 9829
0.2409, 9828
0.2418, 9827
0.2427, 9826
0.2436, 9825
0.2444, 9824
0.2453, 9823
0.2462, 9822
0.2471, 9821
0.2480, 9820
0.2488, 9819
0.2497, 9818
0.2506, 9817
0.2515, 9816
0.2524, 9815
0.2533, 9814
0.2541, 9813
0.2550, 9812
0.2559, 9811
0.2568, 9810
0.2577, 9809
0.2585, 9808
0.2595, 9807
0.2604, 9806
0.2613, 9805
0.2622, 9804
0.2631, 9803
0.2640, 9802
0.2649, 9801
0.2658, 9800
0.2667, 9799
0.2676, 9798
0.2685, 9797
0.2694, 9796
0.2703, 9795
0.2712, 9794
0.2721, 9793
0.2730, 9792
0.2738, 9791
0.2747, 9790
0.2757, 9789
0.2766, 9788
0.2775, 9787
0.2784, 9786
0.2793, 9785
0.2802, 9784
0.2811, 9783
0.2820, 9782
0.2829, 9781
0.2839, 9780
0.2847, 9779
0.2856, 9778
0.2865, 9777
0.2874, 9776
0.2882, 9775
0.2891, 9774
0.2900, 9773
0.2908, 9772
0.2919, 9771
0.2927, 9770
0.2936, 9769
0.2945, 9768
0.2954, 9767
0.2963, 9766
0.2972, 9765
0.2980, 9764
0.2989, 9763
0.2998, 9762
0.3007, 9761
0.3015, 9760
0.3024, 9759
0.3033, 9758
0.3042, 9757
0.3050, 9756
0.3059, 9755
0.3068, 9754
0.3076, 9753
0.3085, 9752
0.3094, 9751
0.3103, 9750
0.3111, 9749
0.3120, 9748
0.3129, 9747
0.3138, 9746
0.3146, 9745
0.3155, 9744
0.3164, 9743
0.3172, 9742
0.3181, 9741
0.3190, 9740
0.3199, 9739
0.3207, 9738
0.3216, 9737
0.3225, 9736
0.3234, 9735
0.3243, 9734
0.3252, 9733
0.3261, 9732
0.3269, 9731
0.3278, 9730
0.3286, 9729
0.3295, 9728
0.3304, 9727
0.3313, 9726
0.3321, 9725
0.3330, 9724
0.3339, 9723
0.3347, 9722
0.3356, 9721
0.3365, 9720
0.3374, 9719
0.3383, 9718
0.3391, 9717
0.3400, 9716
0.3409, 9715
0.3418, 9714
0.3426, 9713
0.3435, 9712
0.3444, 9711
0.3452, 9710
0.3461, 9709
0.3470, 9708
0.3479, 9707
0.3488, 9706
0.3496, 9705
0.3505, 9704
0.3514, 9703
0.3522, 9702
0.3531, 9701
0.3540, 9700
0.3548, 9699
0.3557, 9698
0.3565, 9697
0.3574, 9696
0.3583, 9695
0.3592, 9694
0.3600, 9693
0.3609, 9692
0.3618, 9691
0.3627, 9690
0.3636, 9689
0.3645, 9688
0.3654, 9687
0.3662, 9686
0.3671, 9685
0.3680, 9684
0.3688, 9683
0.3697, 9682
0.3706, 9681
0.3715, 9680
0.3723, 9679
0.3732, 9678
0.3741, 9677
0.3750, 9676
0.3759, 9675
0.3768, 9674
0.3777, 9673
0.3785, 9672
0.3794, 9671
0.3803, 9670
0.3812, 9669
0.3821, 9668
0.3829, 9667
0.3838, 9666
0.3847, 9665
0.3856, 9664
0.3864, 9663
0.3873, 9662
0.3882, 9661
0.3891, 9660
0.3899, 9659
0.3908, 9658
0.3917, 9657
0.3926, 9656
0.3935, 9655
0.3943, 9654
0.3952, 9653
0.3961, 9652
0.3969, 9651
0.3978, 9650
0.3987, 9649
0.3995, 9648
0.4004, 9647
0.4013, 9646
0.4021, 9645
0.4030, 9644
0.4039, 9643
0.4048, 9642
0.4057, 9641
0.4066, 9640
0.4075, 9639
0.4084, 9638
0.4093, 9637
0.4102, 9636
0.4110, 9635
0.4119, 9634
0.4128, 9633
0.4136, 9632
0.4145, 9631
0.4153, 9630
0.4162, 9629
0.4171, 9628
0.4179, 9627
0.4188, 9626
0.4197, 9625
0.4205, 9624
0.4214, 9623
0.4222, 9622
0.4231, 9621
0.4240, 9620
0.4248, 9619
0.4257, 9618
0.4266, 9617
0.4274, 9616
0.4283, 9615
0.4292, 9614
0.4301, 9613
0.4310, 9612
0.4318, 9611
0.4327, 9610
0.4336, 9609
0.4344, 9608
0.4353, 9607
0.4362, 9606
0.4370, 9605
0.4379, 9604
0.4387, 9603
0.4396, 9602
0.4404, 9601
0.4413, 9600
0.4422, 9599
0.4430, 9598
0.4439, 9597
0.4448, 9596
0.4456, 9595
0.4465, 9594
0.4474, 9593
0.4482, 9592
0.4491, 9591
0.4499, 9590
0.4508, 9589
0.4517, 9588
0.4526, 9587
0.4534, 9586
0.4543, 9585
0.4552, 9584
0.4560, 9583
0.4569, 9582
0.4578, 9581
0.4586, 9580
0.4595, 9579
0.4603, 9578
0.4612, 9577
0.4621, 9576
0.4629, 9575
0.4638, 9574
0.4647, 9573
0.4656, 9572
0.4665, 9571
0.4673, 9570
0.4682, 9569
0.4691, 9568
0.4699, 9567
0.4708, 9566
0.4716, 9565
0.4725, 9564
0.4733, 9563
0.4742, 9562
0.4750, 9561
0.4759, 9560
0.4768, 9559
0.4776, 9558
0.4785, 9557
0.4793, 9556
0.4802, 9555
0.4811, 9554
0.4820, 9553
0.4828, 9552
0.4837, 9551
0.4845, 9550
0.4854, 9549
0.4863, 9548
0.4871, 9547
0.4879, 9546
0.4888, 9545
0.4897, 9544
0.4906, 9543
0.4914, 9542
0.4922, 9541
0.4932, 9540
0.4940, 9539
0.4949, 9538
0.4958, 9537
0.4967, 9536
0.4975, 9535
0.4984, 9534
0.4992, 9533
0.5001, 9532
0.5009, 9531
0.5018, 9530
0.5026, 9529
0.5035, 9528
0.5043, 9527
0.5052, 9526
0.5061, 9525
0.5069, 9524
0.5078, 9523
0.5086, 9522
0.5095, 9521
0.5103, 9520
0.5112, 9519
0.5120, 9518
0.5128, 9517
0.5136, 9516
0.5144, 9515
0.5153, 9514
0.5161, 9513
0.5169, 9512
0.5177, 9511
0.5185, 9510
0.5194, 9509
0.5202, 9508
0.5211, 9507
0.5219, 9506
0.5227, 9505
0.5236, 9504
0.5244, 9503
0.5254, 9502
0.5264, 9501
0.5274, 9500
0.5284, 9499
0.5294, 9498
0.5305, 9497
0.5316, 9496
0.5326, 9495
0.5337, 9494
0.5347, 9493
0.5358, 9492
0.5369, 9491
0.5379, 9490
0.5390, 9489
0.5400, 9488
0.5411, 9487
0.5422, 9486
0.5433, 9485
0.5444, 9484
0.5454, 9483
0.5465, 9482
0.5476, 9481
0.5487, 9480
0.5497, 9479
0.5508, 9478
0.5519, 9477
0.5530, 9476
0.5541, 9475
0.5552, 9474
0.5562, 9473
0.5572, 9472
0.5582, 9471
0.5592, 9470
0.5602, 9469
0.5612, 9468
0.5622, 9467
0.5632, 9466
0.5642, 9465
0.5652, 9464
0.5662, 9463
0.5672, 9462
0.5682, 9461
0.5692, 9460
0.5702, 9459
0.5712, 9458
0.5722, 9457
0.5732, 9456
0.5742, 9455
0.5752, 9454
0.5762, 9453
0.5773, 9452
0.5783, 9451
0.5792, 9450
0.5802, 9449
0.5812, 9448
0.5822, 9447
0.5832, 9446
0.5842, 9445
0.5852, 9444
0.5863, 9443
0.5872, 9442
0.5882, 9441
0.5892, 9440
0.5902, 9439
0.5912, 9438
0.5922, 9437
0.5932, 9436
0.5941, 9435
0.5951, 9434
0.5961, 9433
0.5971, 9432
0.5982, 9431
0.5992, 9430
0.6002, 9429
0.6012, 9428
0.6022, 9427
0.6031, 9426
0.6041, 9425
0.6051, 9424
0.6061, 9423
0.6071, 9422
0.6081, 9421
0.6091, 9420
0.6100, 9419
0.6110, 9418
0.6120, 9417
0.6130, 9416
0.6140, 9415
0.6150, 9414
0.6160, 9413
0.6170, 9412
0.6180, 9411
0.6190, 9410
0.6201, 9409
0.6210, 9408
0.6221, 9407
0.6230, 9406
0.6240, 9405
0.6250, 9404
0.6260, 9403
0.6270, 9402
0.6280, 9401
0.6290, 9400
0.6300, 9399
0.6310, 9398
0.6321, 9397
0.6331, 9396
0.6341, 9395
0.6351, 9394
0.6361, 9393
0.6371, 9392
0.6380, 9391
0.6390, 9390
0.6400, 9389
0.6410, 9388
0.6420, 9387
0.6430, 9386
0.6439, 9385
0.6449, 9384
0.6459, 9383
0.6469, 9382
0.6479, 9381
0.6489, 9380
0.6498, 9379
0.6508, 9378
0.6518, 9377
0.6528, 9376
0.6538, 9375
0.6548, 9374
0.6558, 9373
0.6568, 9372
0.6578, 9371
0.6588, 9370
0.6599, 9369
0.6609, 9368
0.6618, 9367
0.6628, 9366
0.6637, 9365
0.6647, 9364
0.6657, 9363
0.6667, 9362
0.6677, 9361
0.6687, 9360
0.6696, 9359
0.6706, 9358
0.6716, 9357
0.6726, 9356
0.6736, 9355
0.6746, 9354
0.6756, 9353
0.6766, 9352
0.6776, 9351
0.6785, 9350
0.6795, 9349
0.6805, 9348
0.6815, 9347
0.6824, 9346
0.6834, 9345
0.6843, 9344
0.6853, 9343
0.6863, 9342
0.6873, 9341
0.6882, 9340
0.6892, 9339
0.6902, 9338
0.6912, 9337
0.6921, 9336
0.6930, 9335
0.6940, 9334
0.6950, 9333
0.6960, 9332
0.6970, 9331
0.6979, 9330
0.6989, 9329
0.6999, 9328
0.7009, 9327
0.7018, 9326
0.7028, 9325
0.7038, 9324
0.7047, 9323
0.7057, 9322
0.7067, 9321
0.7076, 9320
0.7086, 9319
0.7096, 9318
0.7106, 9317
0.7115, 9316
0.7124, 9315
0.7134, 9314
0.7144, 9313
0.7153, 9312
0.7164, 9311
0.7174, 9310
0.7183, 9309
0.7193, 9308
0.7202, 9307
0.7212, 9306
0.7221, 9305
0.7231, 9304
0.7240, 9303
0.7250, 9302
0.7260, 9301
0.7269, 9300
0.7279, 9299
0.7289, 9298
0.7299, 9297
0.7308, 9296
0.7318, 9295
0.7328, 9294
0.7338, 9293
0.7347, 9292
0.7358, 9291
0.7367, 9290
0.7377, 9289
0.7387, 9288
0.7396, 9287
0.7405, 9286
0.7415, 9285
0.7425, 9284
0.7435, 9283
0.7444, 9282
0.7454, 9281
0.7464, 9280
0.7473, 9279
0.7483, 9278
0.7493, 9277
0.7502, 9276
0.7512, 9275
0.7522, 9274
0.7531, 9273
0.7540, 9272
0.7550, 9271
0.7559, 9270
0.7569, 9269
0.7579, 9268
0.7589, 9267
0.7598, 9266
0.7608, 9265
0.7617, 9264
0.7627, 9263
0.7636, 9262
0.7646, 9261
0.7655, 9260
0.7665, 9259
0.7675, 9258
0.7684, 9257
0.7694, 9256
0.7703, 9255
0.7713, 9254
0.7722, 9253
0.7732, 9252
0.7742, 9251
0.7751, 9250
0.7760, 9249
0.7770, 9248
0.7779, 9247
0.7789, 9246
0.7798, 9245
0.7808, 9244
0.7817, 9243
0.7826, 9242
0.7836, 9241
0.7845, 9240
0.7855, 9239
0.7864, 9238
0.7874, 9237
0.7883, 9236
0.7892, 9235
0.7902, 9234
0.7911, 9233
0.7920, 9232
0.7930, 9231
0.7940, 9230
0.7949, 9229
0.7960, 9228
0.7969, 9227
0.7979, 9226
0.7988, 9225
0.7998, 9224
0.8008, 9223
0.8017, 9222
0.8026, 9221
0.8036, 9220
0.8046, 9219
0.8055, 9218
0.8065, 9217
0.8074, 9216
0.8084, 9215
0.8093, 9214
0.8102, 9213
0.8112, 9212
0.8122, 9211
0.8131, 9210
0.8141, 9209
0.8151, 9208
0.8160, 9207
0.8169, 9206
0.8179, 9205
0.8188, 9204
0.8198, 9203
0.8207, 9202
0.8217, 9201
0.8226, 9200
0.8235, 9199
0.8245, 9198
0.8254, 9197
0.8263, 9196
0.8273, 9195
0.8283, 9194
0.8292, 9193
0.8301, 9192
0.8310, 9191
0.8319, 9190
0.8329, 9189
0.8338, 9188
0.8348, 9187
0.8357, 9186
0.8367, 9185
0.8376, 9184
0.8385, 9183
0.8395, 9182
0.8404, 9181
0.8414, 9180
0.8423, 9179
0.8432, 9178
0.8441, 9177
0.8451, 9176
0.8460, 9175
0.8469, 9174
0.8479, 9173
0.8488, 9172
0.8498, 9171
0.8507, 9170
0.8516, 9169
0.8526, 9168
0.8535, 9167
0.8545, 9166
0.8554, 9165
0.8563, 9164
0.8573, 9163
0.8582, 9162
0.8591, 9161
0.8600, 9160
0.8609, 9159
0.8618, 9158
0.8628, 9157
0.8637, 9156
0.8646, 9155
0.8655, 9154
0.8664, 9153
0.8674, 9152
0.8683, 9151
0.8692, 9150
0.8702, 9149
0.8711, 9148
0.8721, 9147
0.8730, 9146
0.8739, 9145
0.8748, 9144
0.8757, 9143
0.8766, 9142
0.8776, 9141
0.8785, 9140
0.8794, 9139
0.8803, 9138
0.8813, 9137
0.8822, 9136
0.8832, 9135
0.8841, 9134
0.8850, 9133
0.8859, 9132
0.8868, 9131
0.8878, 9130
0.8887, 9129
0.8896, 9128
0.8906, 9127
0.8915, 9126
0.8924, 9125
0.8933, 9124
0.8943, 9123
0.8952, 9122
0.8961, 9121
0.8971, 9120
0.8980, 9119
0.8989, 9118
0.8998, 9117
0.9007, 9116
0.9016, 9115
0.9025, 9114
0.9034, 9113
0.9043, 9112
0.9052, 9111
0.9062, 9110
0.9071, 9109
0.9080, 9108
0.9089, 9107
0.9098, 9106
0.9107, 9105
0.9117, 9104
0.9127, 9103
0.9136, 9102
0.9145, 9101
0.9154, 9100
0.9164, 9099
0.9173, 9098
0.9182, 9097
0.9191, 9096
0.9200, 9095
0.9209, 9094
0.9218, 9093
0.9227, 9092
0.9237, 9091
0.9246, 9090
0.9255, 9089
0.9264, 9088
0.9273, 9087
0.9282, 9086
0.9292, 9085
0.9301, 9084
0.9310, 9083
0.9319, 9082
0.9328, 9081
0.9337, 9080
0.9346, 9079
0.9355, 9078
0.9365, 9077
0.9374, 9076
0.9383, 9075
0.9392, 9074
0.9402, 9073
0.9411, 9072
0.9420, 9071
0.9429, 9070
0.9438, 9069
0.9447, 9068
0.9457, 9067
0.9466, 9066
0.9475, 9065
0.9484, 9064
0.9493, 9063
0.9502, 9062
0.9511, 9061
0.9521, 9060
0.9530, 9059
0.9539, 9058
0.9548, 9057
0.9557, 9056
0.9566, 9055
0.9576, 9054
0.9585, 9053
0.9594, 9052
0.9604, 9051
0.9613, 9050
0.9623, 9049
0.9632, 9048
0.9641, 9047
0.9650, 9046
0.9659, 9045
0.9669, 9044
0.9678, 9043
0.9687, 9042
0.9696, 9041
0.9705, 9040
0.9715, 9039
0.9724, 9038
0.9733, 9037
0.9742, 9036
0.9751, 9035
0.9760, 9034
0.9769, 9033
0.9779, 9032
0.9789, 9031
0.9798, 9030
0.9807, 9029
0.9816, 9028
0.9825, 9027
0.9835, 9026
0.9844, 9025
0.9853, 9024
0.9863, 9023
0.9872, 9022
0.9881, 9021
0.9890, 9020
0.9899, 9019
0.9909, 9018
0.9918, 9017
0.9928, 9016
0.9937, 9015
0.9946, 9014
0.9955, 9013
0.9964, 9012
0.9973, 9011
0.9982, 9010
0.9991, 9009
1.0000, 9008
1.0009, 9007
1.0018, 9006
1.0028, 9005
1.0037, 9004
1.0046, 9003
1.0055, 9002
1.0065, 9001
1.0073, 9000
1.0082, 8999
1.0092, 8998
1.0101, 8997
1.0110, 8996
1.0119, 8995
1.0128, 8994
1.0137, 8993
1.0146, 8992
1.0155, 8991
1.0164, 8990
1.0174, 8989
1.0183, 8988
1.0192, 8987
1.0201, 8986
1.0210, 8985
1.0219, 8984
1.0228, 8983
1.0237, 8982
1.0246, 8981
1.0256, 8980
1.0265, 8979
1.0274, 8978
1.0283, 8977
1.0292, 8976
1.0301, 8975
1.0311, 8974
1.0319, 8973
1.0328, 8972
1.0337, 8971
1.0346, 8970
1.0355, 8969
1.0364, 8968
1.0373, 8967
1.0382, 8966
1.0391, 8965
1.0400, 8964
1.0409, 8963
1.0418, 8962
1.0427, 8961
1.0436, 8960
1.0445, 8959
1.0454, 8958
1.0463, 8957
1.0472, 8956
1.0482, 8955
1.0491, 8954
1.0500, 8953
1.0509, 8952
1.0518, 8951
1.0528, 8950
1.0537, 8949
1.0546, 8948
1.0555, 8947
1.0564, 8946
1.0573, 8945
1.0582, 8944
1.0591, 8943
1.0600, 8942
1.0609, 8941
1.0618, 8940
1.0627, 8939
1.0637, 8938
1.0646, 8937
1.0655, 8936
1.0664, 8935
1.0673, 8934
1.0682, 8933
1.0691, 8932
1.0700, 8931
1.0709, 8930
1.0718, 8929
1.0727, 8928
1.0736, 8927
1.0745, 8926
1.0754, 8925
1.0763, 8924
1.0772, 8923
1.0780, 8922
1.0789, 8921
1.0798, 8920
1.0808, 8919
1.0817, 8918
1.0826, 8917
1.0835, 8916
1.0844, 8915
1.0853, 8914
1.0862, 8913
1.0871, 8912
1.0879, 8911
1.0888, 8910
1.0898, 8909
1.0907, 8908
1.0916, 8907
1.0925, 8906
1.0934, 8905
1.0942, 8904
1.0951, 8903
1.0961, 8902
1.0970, 8901
1.0979, 8900
1.0989, 8899
1.0998, 8898
1.1007, 8897
1.1016, 8896
1.1025, 8895
1.1034, 8894
1.1043, 8893
1.1052, 8892
1.1061, 8891
1.1070, 8890
1.1079, 8889
1.1088, 8888
1.1097, 8887
1.1106, 8886
1.1115, 8885
1.1125, 8884
1.1134, 8883
1.1143, 8882
1.1152, 8881
1.1161, 8880
1.1170, 8879
1.1179, 8878
1.1188, 8877
1.1197, 8876
1.1206, 8875
1.1215, 8874
1.1224, 8873
1.1233, 8872
1.1242, 8871
1.1251, 8870
1.1259, 8869
1.1268, 8868
1.1277, 8867
1.1286, 8866
1.1295, 8865
1.1304, 8864
1.1313, 8863
1.1322, 8862
1.1330, 8861
1.1339, 8860
1.1348, 8859
1.1357, 8858
1.1366, 8857
1.1375, 8856
1.1384, 8855
1.1392, 8854
1.1401, 8853
1.1410, 8852
1.1419, 8851
1.1428, 8850
1.1437, 8849
1.1445, 8848
1.1454, 8847
1.1463, 8846
1.1472, 8845
1.1481, 8844
1.1490, 8843
1.1499, 8842
1.1508, 8841
1.1517, 8840
1.1525, 8839
1.1534, 8838
1.1543, 8837
1.1552, 8836
1.1561, 8835
1.1570, 8834
1.1579, 8833
1.1588, 8832
1.1596, 8831
1.1605, 8830
1.1614, 8829
1.1622, 8828
1.1631, 8827
1.1640, 8826
1.1648, 8825
1.1657, 8824
1.1665, 8823
1.1674, 8822
1.1683, 8821
1.1691, 8820
1.1700, 8819
1.1709, 8818
1.1717, 8817
1.1726, 8816
1.1735, 8815
1.1744, 8814
1.1752, 8813
1.1761, 8812
1.1770, 8811
1.1778, 8810
1.1787, 8809
1.1796, 8808
1.1805, 8807
1.1814, 8806
1.1822, 8805
1.1831, 8804
1.1839, 8803
1.1849, 8802
1.1858, 8801
1.1866, 8800
1.1875, 8799
1.1884, 8798
1.1892, 8797
1.1901, 8796
1.1909, 8795
1.1919, 8794
1.1927, 8793
1.1936, 8792
1.1945, 8791
1.1954, 8790
1.1962, 8789
1.1971, 8788
1.1979, 8787
1.1988, 8786
1.1997, 8785
1.2006, 8784
1.2015, 8783
1.2023, 8782
1.2032, 8781
1.2041, 8780
1.2049, 8779
1.2058, 8778
1.2066, 8777
1.2075, 8776
1.2083, 8775
1.2092, 8774
1.2100, 8773
1.2109, 8772
1.2118, 8771
1.2126, 8770
1.2135, 8769
1.2144, 8768
1.2152, 8767
1.2161, 8766
1.2169, 8765
1.2178, 8764
1.2187, 8763
1.2196, 8762
1.2204, 8761
1.2213, 8760
1.2222, 8759
1.2230, 8758
1.2239, 8757
1.2247, 8756
1.2256, 8755
1.2264, 8754
1.2273, 8753
1.2281, 8752
1.2290, 8751
1.2298, 8750
1.2307, 8749
1.2315, 8748
1.2324, 8747
1.2332, 8746
1.2341, 8745
1.2349, 8744
1.2358, 8743
1.2367, 8742
1.2375, 8741
1.2384, 8740
1.2392, 8739
1.2401, 8738
1.2410, 8737
1.2418, 8736
1.2427, 8735
1.2435, 8734
1.2444, 8733
1.2453, 8732
1.2461, 8731
1.2470, 8730
1.2478, 8729
1.2487, 8728
1.2495, 8727
1.2504, 8726
1.2512, 8725
1.2521, 8724
1.2530, 8723
1.2538, 8722
1.2546, 8721
1.2555, 8720
1.2563, 8719
1.2572, 8718
1.2580, 8717
1.2589, 8716
1.2598, 8715
1.2606, 8714
1.2614, 8713
1.2623, 8712
1.2631, 8711
1.2640, 8710
1.2648, 8709
1.2657, 8708
1.2665, 8707
1.2674, 8706
1.2682, 8705
1.2691, 8704
1.2699, 8703
1.2708, 8702
1.2716, 8701
1.2725, 8700
1.2733, 8699
1.2742, 8698
1.2750, 8697
1.2759, 8696
1.2767, 8695
1.2775, 8694
1.2784, 8693
1.2792, 8692
1.2801, 8691
1.2810, 8690
1.2818, 8689
1.2827, 8688
1.2835, 8687
1.2843, 8686
1.2852, 8685
1.2860, 8684
1.2869, 8683
1.2878, 8682
1.2886, 8681
1.2895, 8680
1.2903, 8679
1.2911, 8678
1.2919, 8677
1.2928, 8676
1.2936, 8675
1.2945, 8674
1.2953, 8673
1.2962, 8672
1.2970, 8671
1.2978, 8670
1.2986, 8669
1.2995, 8668
1.3003, 8667
1.3012, 8666
1.3020, 8665
1.3028, 8664
1.3037, 8663
1.3045, 8662
1.3053, 8661
1.3061, 8660
1.3070, 8659
1.3078, 8658
1.3087, 8657
1.3095, 8656
1.3103, 8655
1.3112, 8654
1.3120, 8653
1.3128, 8652
1.3137, 8651
1.3145, 8650
1.3153, 8649
1.3162, 8648
1.3170, 8647
1.3178, 8646
1.3186, 8645
1.3195, 8644
1.3203, 8643
1.3212, 8642
1.3220, 8641
1.3228, 8640
1.3237, 8639
1.3245, 8638
1.3253, 8637
1.3262, 8636
1.3270, 8635
1.3278, 8634
1.3287, 8633
1.3295, 8632
1.3304, 8631
1.3312, 8630
1.3320, 8629
1.3329, 8628
1.3337, 8627
1.3345, 8626
1.3353, 8625
1.3362, 8624
1.3370, 8623
1.3378, 8622
1.3387, 8621
1.3395, 8620
1.3403, 8619
1.3412, 8618
1.3420, 8617
1.3428, 8616
1.3437, 8615
1.3445, 8614
1.3453, 8613
1.3462, 8612
1.3470, 8611
1.3478, 8610
1.3486, 8609
1.3495, 8608
1.3503, 8607
1.3511, 8606
1.3520, 8605
1.3528, 8604
1.3536, 8603
1.3544, 8602
1.3551, 8601
1.3558, 8600
1.3565, 8599
1.3573, 8598
1.3580, 8597
1.3588, 8596
1.3596, 8595
1.3603, 8594
1.3610, 8593
1.3617, 8592
1.3624, 8591
1.3632, 8590
1.3639, 8589
1.3646, 8588
1.3653, 8587
1.3661, 8586
1.3668, 8585
1.3677, 8584
1.3684, 8583
1.3691, 8582
1.3698, 8581
1.3705, 8580
1.3713, 8579
1.3720, 8578
1.3727, 8577
1.3734, 8576
1.3742, 8575
1.3749, 8574
1.3757, 8573
1.3764, 8572
1.3771, 8571
1.3779, 8570
1.3786, 8569
1.3793, 8568
1.3801, 8567
1.3808, 8566
1.3815, 8565
1.3822, 8564
1.3830, 8563
1.3837, 8562
1.3844, 8561
1.3851, 8560
1.3859, 8559
1.3866, 8558
1.3874, 8557
1.3881, 8556
1.3888, 8555
1.3896, 8554
1.3903, 8553
1.3910, 8552
1.3917, 8551
1.3925, 8550
1.3932, 8549
1.3939, 8548
1.3947, 8547
1.3954, 8546
1.3962, 8545
1.3969, 8544
1.3976, 8543
1.3983, 8542
1.3991, 8541
1.3998, 8540
1.4005, 8539
1.4013, 8538
1.4020, 8537
1.4027, 8536
1.4034, 8535
1.4042, 8534
1.4049, 8533
1.4056, 8532
1.4063, 8531
1.4070, 8530
1.4078, 8529
1.4085, 8528
1.4092, 8527
1.4100, 8526
1.4107, 8525
1.4114, 8524
1.4121, 8523
1.4129, 8522
1.4136, 8521
1.4144, 8520
1.4151, 8519
1.4158, 8518
1.4165, 8517
1.4172, 8516
1.4180, 8515
1.4187, 8514
1.4194, 8513
1.4202, 8512
1.4209, 8511
1.4216, 8510
1.4223, 8509
1.4231, 8508
1.4238, 8507
1.4245, 8506
1.4252, 8505
1.4260, 8504
1.4267, 8503
1.4274, 8502
1.4281, 8501
1.4289, 8500
1.4296, 8499
1.4303, 8498
1.4310, 8497
1.4318, 8496
1.4325, 8495
1.4333, 8494
1.4340, 8493
1.4347, 8492
1.4354, 8491
1.4362, 8490
1.4369, 8489
1.4377, 8488
1.4384, 8487
1.4391, 8486
1.4398, 8485
1.4406, 8484
1.4413, 8483
1.4420, 8482
1.4427, 8481
1.4434, 8480
1.4441, 8479
1.4448, 8478
1.4455, 8477
1.4463, 8476
1.4470, 8475
1.4477, 8474
1.4485, 8473
1.4492, 8472
1.4500, 8471
1.4507, 8470
1.4514, 8469
1.4521, 8468
1.4529, 8467
1.4536, 8466
1.4543, 8465
1.4551, 8464
1.4558, 8463
1.4565, 8462
1.4573, 8461
1.4580, 8460
1.4587, 8459
1.4595, 8458
1.4602, 8457
1.4609, 8456
1.4617, 8455
1.4624, 8454
1.4631, 8453
1.4639, 8452
1.4646, 8451
1.4653, 8450
1.4660, 8449
1.4668, 8448
1.4675, 8447
1.4683, 8446
1.4690, 8445
1.4697, 8444
1.4705, 8443
1.4712, 8442
1.4719, 8441
1.4726, 8440
1.4734, 8439
1.4741, 8438
1.4748, 8437
1.4755, 8436
1.4763, 8435
1.4770, 8434
1.4777, 8433
1.4784, 8432
1.4791, 8431
1.4799, 8430
1.4806, 8429
1.4814, 8428
1.4821, 8427
1.4828, 8426
1.4835, 8425
1.4842, 8424
1.4850, 8423
1.4857, 8422
1.4864, 8421
1.4872, 8420
1.4879, 8419
1.4887, 8418
1.4894, 8417
1.4901, 8416
1.4908, 8415
1.4915, 8414
1.4923, 8413
1.4930, 8412
1.4938, 8411
1.4945, 8410
1.4952, 8409
1.4959, 8408
1.4967, 8407
1.4974, 8406
1.4981, 8405
1.4988, 8404
1.4995, 8403
1.5003, 8402
1.5010, 8401
1.5017, 8400
1.5024, 8399
1.5032, 8398
1.5039, 8397
1.5046, 8396
1.5054, 8395
1.5061, 8394
1.5068, 8393
1.5075, 8392
1.5083, 8391
1.5090, 8390
1.5097, 8389
1.5104, 8388
1.5112, 8387
1.5119, 8386
1.5126, 8385
1.5133, 8384
1.5141, 8383
1.5148, 8382
1.5155, 8381
1.5162, 8380
1.5170, 8379
1.5177, 8378
1.5184, 8377
1.5191, 8376
1.5198, 8375
1.5205, 8374
1.5213, 8373
1.5220, 8372
1.5227, 8371
1.5234, 8370
1.5241, 8369
1.5249, 8368
1.5256, 8367
1.5263, 8366
1.5271, 8365
1.5278, 8364
1.5285, 8363
1.5293, 8362
1.5300, 8361
1.5307, 8360
1.5314, 8359
1.5321, 8358
1.5329, 8357
1.5336, 8356
1.5343, 8355
1.5350, 8354
1.5358, 8353
1.5365, 8352
1.5372, 8351
1.5379, 8350
1.5387, 8349
1.5394, 8348
1.5401, 8347
1.5408, 8346
1.5415, 8345
1.5422, 8344
1.5430, 8343
1.5437, 8342
1.5445, 8341
1.5452, 8340
1.5459, 8339
1.5466, 8338
1.5473, 8337
1.5480, 8336
1.5487, 8335
1.5494, 8334
1.5502, 8333
1.5509, 8332
1.5516, 8331
1.5523, 8330
1.5530, 8329
1.5538, 8328
1.5545, 8327
1.5552, 8326
1.5559, 8325
1.5567, 8324
1.5574, 8323
1.5581, 8322
1.5588, 8321
1.5595, 8320
1.5602, 8319
1.5609, 8318
1.5616, 8317
1.5624, 8316
1.5631, 8315
1.5638, 8314
1.5645, 8313
1.5653, 8312
1.5660, 8311
1.5667, 8310
1.5674, 8309
1.5681, 8308
1.5689, 8307
1.5696, 8306
1.5703, 8305
1.5711, 8304
1.5718, 8303
1.5725, 8302
1.5732, 8301
1.5739, 8300
1.5746, 8299
1.5753, 8298
1.5760, 8297
1.5767, 8296
1.5774, 8295
1.5782, 8294
1.5789, 8293
1.5796, 8292
1.5803, 8291
1.5810, 8290
1.5817, 8289
1.5824, 8288
1.5832, 8287
1.5839, 8286
1.5846, 8285
1.5853, 8284
1.5860, 8283
1.5868, 8282
1.5875, 8281
1.5882, 8280
1.5889, 8279
1.5896, 8278
1.5903, 8277
1.5911, 8276
1.5918, 8275
1.5925, 8274
1.5932, 8273
1.5939, 8272
1.5946, 8271
1.5954, 8270
1.5961, 8269
1.5968, 8268
1.5975, 8267
1.5982, 8266
1.5989, 8265
1.5997, 8264
1.6004, 8263
1.6011, 8262
1.6018, 8261
1.6026, 8260
1.6033, 8259
1.6040, 8258
1.6047, 8257
1.6055, 8256
1.6062, 8255
1.6069, 8254
1.6076, 8253
1.6083, 8252
1.6090, 8251
1.6097, 8250
1.6105, 8249
1.6112, 8248
1.6119, 8247
1.6126, 8246
1.6133, 8245
1.6140, 8244
1.6147, 8243
1.6154, 8242
1.6162, 8241
1.6169, 8240
1.6176, 8239
1.6183, 8238
1.6190, 8237
1.6197, 8236
1.6204, 8235
1.6211, 8234
1.6218, 8233
1.6225, 8232
1.6232, 8231
1.6240, 8230
1.6247, 8229
1.6254, 8228
1.6261, 8227
1.6268, 8226
1.6275, 8225
1.6282, 8224
1.6289, 8223
1.6296, 8222
1.6303, 8221
1.6310, 8220
1.6317, 8219
1.6324, 8218
1.6331, 8217
1.6338, 8216
1.6345, 8215
1.6352, 8214
1.6360, 8213
1.6367, 8212
1.6374, 8211
1.6381, 8210
1.6388, 8209
1.6395, 8208
1.6402, 8207
1.6409, 8206
1.6416, 8205
1.6423, 8204
1.6430, 8203
1.6437, 8202
1.6444, 8201
1.6451, 8200
1.6458, 8199
1.6465, 8198
1.6472, 8197
1.6479, 8196
1.6486, 8195
1.6493, 8194
1.6500, 8193
1.6507, 8192
1.6515, 8191
1.6522, 8190
1.6529, 8189
1.6536, 8188
1.6543, 8187
1.6550, 8186
1.6557, 8185
1.6564, 8184
1.6572, 8183
1.6579, 8182
1.6586, 8181
1.6593, 8180
1.6600, 8179
1.6608, 8178
1.6615, 8177
1.6622, 8176
1.6629, 8175
1.6636, 8174
1.6643, 8173
1.6650, 8172
1.6657, 8171
1.6664, 8170
1.6671, 8169
1.6678, 8168
1.6685, 8167
1.6692, 8166
1.6699, 8165
1.6706, 8164
1.6713, 8163
1.6720, 8162
1.6727, 8161
1.6734, 8160
1.6741, 8159
1.6748, 8158
1.6755, 8157
1.6762, 8156
1.6769, 8155
1.6776, 8154
1.6783, 8153
1.6791, 8152
1.6798, 8151
1.6806, 8150
1.6813, 8149
1.6820, 8148
1.6828, 8147
1.6835, 8146
1.6843, 8145
1.6850, 8144
1.6858, 8143
1.6865, 8142
1.6872, 8141
1.6879, 8140
1.6887, 8139
1.6894, 8138
1.6901, 8137
1.6908, 8136
1.6916, 8135
1.6923, 8134
1.6930, 8133
1.6938, 8132
1.6945, 8131
1.6953, 8130
1.6961, 8129
1.6968, 8128
1.6976, 8127
1.6983, 8126
1.6991, 8125
1.6998, 8124
1.7005, 8123
1.7013, 8122
1.7020, 8121
1.7027, 8120
1.7035, 8119
1.7042, 8118
1.7050, 8117
1.7057, 8116
1.7064, 8115
1.7072, 8114
1.7079, 8113
1.7086, 8112
1.7094, 8111
1.7101, 8110
1.7108, 8109
1.7116, 8108
1.7123, 8107
1.7130, 8106
1.7137, 8105
1.7144, 8104
1.7151, 8103
1.7158, 8102
1.7165, 8101
1.7173, 8100
1.7180, 8099
1.7187, 8098
1.7194, 8097
1.7201, 8096
1.7208, 8095
1.7215, 8094
1.7222, 8093
1.7229, 8092
1.7236, 8091
1.7243, 8090
1.7251, 8089
1.7257, 8088
1.7264, 8087
1.7272, 8086
1.7279, 8085
1.7286, 8084
1.7293, 8083
1.7300, 8082
1.7307, 8081
1.7314, 8080
1.7321, 8079
1.7328, 8078
1.7335, 8077
1.7342, 8076
1.7349, 8075
1.7356, 8074
1.7363, 8073
1.7371, 8072
1.7378, 8071
1.7385, 8070
1.7392, 8069
1.7399, 8068
1.7406, 8067
1.7413, 8066
1.7420, 8065
1.7427, 8064
1.7434, 8063
1.7441, 8062
1.7448, 8061
1.7455, 8060
1.7462, 8059
1.7469, 8058
1.7476, 8057
1.7483, 8056
1.7490, 8055
1.7497, 8054
1.7504, 8053
1.7511, 8052
1.7518, 8051
1.7525, 8050
1.7532, 8049
1.7539, 8048
1.7546, 8047
1.7553, 8046
1.7560, 8045
1.7567, 8044
1.7574, 8043
1.7581, 8042
1.7588, 8041
1.7595, 8040
1.7602, 8039
1.7609, 8038
1.7616, 8037
1.7623, 8036
1.7630, 8035
1.7637, 8034
1.7645, 8033
1.7652, 8032
1.7659, 8031
1.7666, 8030
1.7672, 8029
1.7679, 8028
1.7686, 8027
1.7694, 8026
1.7701, 8025
1.7707, 8024
1.7715, 8023
1.7722, 8022
1.7729, 8021
1.7736, 8020
1.7743, 8019
1.7750, 8018
1.7757, 8017
1.7764, 8016
1.7771, 8015
1.7778, 8014
1.7785, 8013
1.7791, 8012
1.7798, 8011
1.7805, 8010
1.7812, 8009
1.7819, 8008
1.7826, 8007
1.7833, 8006
1.7840, 8005
1.7847, 8004
1.7853, 8003
1.7860, 8002
1.7868, 8001
1.7875, 8000
1.7882, 7999
1.7888, 7998
1.7895, 7997
1.7902, 7996
1.7909, 7995
1.7916, 7994
1.7923, 7993
1.7930, 7992
1.7937, 7991
1.7944, 7990
1.7950, 7989
1.7958, 7988
1.7964, 7987
1.7971, 7986
1.7978, 7985
1.7985, 7984
1.7992, 7983
1.7999, 7982
1.8006, 7981
1.8012, 7980
1.8019, 7979
1.8027, 7978
1.8034, 7977
1.8041, 7976
1.8048, 7975
1.8054, 7974
1.8061, 7973
1.8068, 7972
1.8075, 7971
1.8082, 7970
1.8088, 7969
1.8095, 7968
1.8103, 7967
1.8110, 7966
1.8117, 7965
1.8124, 7964
1.8131, 7963
1.8137, 7962
1.8144, 7961
1.8151, 7960
1.8158, 7959
1.8165, 7958
1.8172, 7957
1.8179, 7956
1.8186, 7955
1.8192, 7954
1.8199, 7953
1.8206, 7952
1.8213, 7951
1.8220, 7950
1.8227, 7949
1.8233, 7948
1.8240, 7947
1.8248, 7946
1.8254, 7945
1.8261, 7944
1.8268, 7943
1.8275, 7942
1.8282, 7941
1.8289, 7940
1.8296, 7939
1.8303, 7938
1.8310, 7937
1.8317, 7936
1.8324, 7935
1.8330, 7934
1.8337, 7933
1.8344, 7932
1.8351, 7931
1.8357, 7930
1.8364, 7929
1.8371, 7928
1.8378, 7927
1.8385, 7926
1.8392, 7925
1.8398, 7924
1.8405, 7923
1.8412, 7922
1.8419, 7921
1.8425, 7920
1.8432, 7919
1.8439, 7918
1.8446, 7917
1.8453, 7916
1.8459, 7915
1.8466, 7914
1.8473, 7913
1.8480, 7912
1.8486, 7911
1.8493, 7910
1.8500, 7909
1.8507, 7908
1.8514, 7907
1.8521, 7906
1.8527, 7905
1.8534, 7904
1.8541, 7903
1.8548, 7902
1.8555, 7901
1.8561, 7900
1.8568, 7899
1.8575, 7898
1.8582, 7897
1.8589, 7896
1.8596, 7895
1.8603, 7894
1.8609, 7893
1.8616, 7892
1.8623, 7891
1.8629, 7890
1.8636, 7889
1.8643, 7888
1.8650, 7887
1.8656, 7886
1.8663, 7885
1.8670, 7884
1.8677, 7883
1.8684, 7882
1.8691, 7881
1.8698, 7880
1.8705, 7879
1.8712, 7878
1.8718, 7877
1.8725, 7876
1.8732, 7875
1.8738, 7874
1.8745, 7873
1.8752, 7872
1.8762, 7871
1.8772, 7870
1.8783, 7869
1.8794, 7868
1.8804, 7867
1.8817, 7866
1.8828, 7865
1.8841, 7864
1.8851, 7863
1.8861, 7862
1.8869, 7861
1.8880, 7860
1.8889, 7859
1.8899, 7858
1.8908, 7857
1.8918, 7856
1.8929, 7855
1.8941, 7854
1.8952, 7853
1.8965, 7852
1.8975, 7851
1.8984, 7850
1.8994, 7849
1.9007, 7848
1.9017, 7847
1.9026, 7846
1.9036, 7845
1.9047, 7844
1.9057, 7843
1.9066, 7842
1.9076, 7841
1.9085, 7840
1.9096, 7839
1.9107, 7838
1.9117, 7837
1.9127, 7836
1.9137, 7835
1.9146, 7834
1.9155, 7833
1.9168, 7832
1.9177, 7831
1.9187, 7830
1.9196, 7829
1.9205, 7828
1.9216, 7827
1.9226, 7826
1.9236, 7825
1.9245, 7824
1.9256, 7823
1.9265, 7822
1.9275, 7821
1.9285, 7820
1.9295, 7819
1.9305, 7818
1.9315, 7817
1.9325, 7816
1.9334, 7815
1.9345, 7814
1.9355, 7813
1.9365, 7812
1.9374, 7811
1.9385, 7810
1.9394, 7809
1.9404, 7808
1.9414, 7807
1.9424, 7806
1.9433, 7805
1.9443, 7804
1.9453, 7803
1.9462, 7802
1.9473, 7801
1.9483, 7800
1.9494, 7799
1.9504, 7798
1.9515, 7797
1.9526, 7796
1.9536, 7795
1.9546, 7794
1.9556, 7793
1.9566, 7792
1.9577, 7791
1.9587, 7790
1.9598, 7789
1.9608, 7788
1.9618, 7787
1.9628, 7786
1.9637, 7785
1.9647, 7784
1.9656, 7783
1.9665, 7782
1.9675, 7781
1.9686, 7780
1.9696, 7779
1.9707, 7778
1.9717, 7777
1.9728, 7776
1.9738, 7775
1.9748, 7774
1.9758, 7773
1.9768, 7772
1.9778, 7771
1.9788, 7770
1.9798, 7769
1.9809, 7768
1.9820, 7767
1.9831, 7766
1.9842, 7765
1.9852, 7764
1.9863, 7763
1.9873, 7762
1.9883, 7761
1.9894, 7760
1.9905, 7759
1.9915, 7758
1.9926, 7757
1.9936, 7756
1.9947, 7755
1.9956, 7754
1.9967, 7753
1.9977, 7752
1.9988, 7751
1.9999, 7750
2.0008, 7749
2.0019, 7748
2.0029, 7747
2.0040, 7746
2.0050, 7745
2.0061, 7744
2.0070, 7743
2.0080, 7742
2.0090, 7741
2.0101, 7740
2.0111, 7739
2.0121, 7738
2.0131, 7737
2.0141, 7736
2.0151, 7735
2.0162, 7734
2.0171, 7733
2.0181, 7732
2.0191, 7731
2.0201, 7730
2.0211, 7729
2.0222, 7728
2.0231, 7727
2.0241, 7726
2.0252, 7725
2.0263, 7724
2.0274, 7723
2.0282, 7722
2.0293, 7721
2.0304, 7720
2.0315, 7719
2.0326, 7718
2.0337, 7717
2.0347, 7716
2.0357, 7715
2.0368, 7714
2.0379, 7713
2.0390, 7712
2.0400, 7711
2.0409, 7710
2.0419, 7709
2.0428, 7708
2.0436, 7707
2.0446, 7706
2.0456, 7705
2.0467, 7704
2.0476, 7703
2.0484, 7702
2.0493, 7701
2.0502, 7700
2.0512, 7699
2.0521, 7698
2.0530, 7697
2.0539, 7696
2.0548, 7695
2.0558, 7694
2.0567, 7693
2.0576, 7692
2.0586, 7691
2.0595, 7690
2.0605, 7689
2.0613, 7688
2.0623, 7687
2.0633, 7686
2.0641, 7685
2.0650, 7684
2.0659, 7683
2.0667, 7682
2.0677, 7681
2.0687, 7680
2.0696, 7679
2.0706, 7678
2.0715, 7677
2.0723, 7676
2.0732, 7675
2.0741, 7674
2.0750, 7673
2.0759, 7672
2.0769, 7671
2.0778, 7670
2.0788, 7669
2.0797, 7668
2.0807, 7667
2.0816, 7666
2.0825, 7665
2.0835, 7664
2.0844, 7663
2.0854, 7662
2.0863, 7661
2.0873, 7660
2.0884, 7659
2.0896, 7658
2.0907, 7657
2.0918, 7656
2.0928, 7655
2.0939, 7654
2.0951, 7653
2.0961, 7652
2.0972, 7651
2.0983, 7650
2.0994, 7649
2.1004, 7648
2.1013, 7647
2.1024, 7646
2.1033, 7645
2.1045, 7644
2.1055, 7643
2.1067, 7642
2.1078, 7641
2.1088, 7640
2.1100, 7639
2.1110, 7638
2.1122, 7637
2.1134, 7636
2.1146, 7635
2.1158, 7634
2.1170, 7633
2.1182, 7632
2.1194, 7631
2.1205, 7630
2.1216, 7629
2.1228, 7628
2.1240, 7627
2.1252, 7626
2.1264, 7625
2.1276, 7624
2.1288, 7623
2.1300, 7622
2.1312, 7621
2.1324, 7620
2.1336, 7619
2.1348, 7618
2.1360, 7617
2.1372, 7616
2.1383, 7615
2.1395, 7614
2.1405, 7613
2.1416, 7612
2.1426, 7611
2.1435, 7610
2.1446, 7609
2.1458, 7608
2.1470, 7607
2.1481, 7606
2.1493, 7605
2.1505, 7604
2.1516, 7603
2.1528, 7602
2.1538, 7601
2.1550, 7600
2.1562, 7599
2.1574, 7598
2.1584, 7597
2.1596, 7596
2.1607, 7595
2.1618, 7594
2.1631, 7593
2.1641, 7592
2.1653, 7591
2.1665, 7590
2.1676, 7589
2.1688, 7588
2.1700, 7587
2.1712, 7586
2.1724, 7585
2.1737, 7584
2.1749, 7583
2.1761, 7582
2.1772, 7581
2.1784, 7580
2.1795, 7579
2.1807, 7578
2.1819, 7577
2.1830, 7576
2.1842, 7575
2.1854, 7574
2.1866, 7573
2.1876, 7572
2.1888, 7571
2.1901, 7570
2.1913, 7569
2.1923, 7568
2.1936, 7567
2.1947, 7566
2.1957, 7565
2.1966, 7564
2.1979, 7563
2.1991, 7562
2.2003, 7561
2.2013, 7560
2.2025, 7559
2.2035, 7558
2.2045, 7557
2.2056, 7556
2.2068, 7555
2.2079, 7554
2.2090, 7553
2.2101, 7552
2.2113, 7551
2.2123, 7550
2.2136, 7549
2.2147, 7548
2.2157, 7547
2.2170, 7546
2.2181, 7545
2.2191, 7544
2.2203, 7543
2.2214, 7542
2.2226, 7541
2.2237, 7540
2.2248, 7539
2.2259, 7538
2.2270, 7537
2.2282, 7536
2.2293, 7535
2.2305, 7534
2.2317, 7533
2.2330, 7532
2.2342, 7531
2.2354, 7530
2.2366, 7529
2.2379, 7528
2.2391, 7527
2.2403, 7526
2.2415, 7525
2.2425, 7524
2.2435, 7523
2.2444, 7522
2.2454, 7521
2.2465, 7520
2.2476, 7519
2.2484, 7518
2.2493, 7517
2.2501, 7516
2.2511, 7515
2.2521, 7514
2.2529, 7513
2.2539, 7512
2.2549, 7511
2.2559, 7510
2.2567, 7509
2.2577, 7508
2.2585, 7507
2.2595, 7506
2.2603, 7505
2.2612, 7504
2.2622, 7503
2.2632, 7502
2.2642, 7501
2.2650, 7500
2.2660, 7499
2.2668, 7498
2.2678, 7497
2.2687, 7496
2.2696, 7495
2.2706, 7494
2.2715, 7493
2.2725, 7492
2.2735, 7491
2.2744, 7490
2.2753, 7489
2.2761, 7488
2.2770, 7487
2.2780, 7486
2.2790, 7485
2.2800, 7484
2.2809, 7483
2.2818, 7482
2.2829, 7481
2.2839, 7480
2.2847, 7479
2.2855, 7478
2.2865, 7477
2.2874, 7476
2.2882, 7475
2.2890, 7474
2.2899, 7473
2.2909, 7472
2.2918, 7471
2.2927, 7470
2.2938, 7469
2.2947, 7468
3.1344, 7467
10.3899, 7466
11.1809, 7465
11.2541, 7464
12.6450, 7463
14.4506, 7462
14.7815, 7461
14.7824, 7460
15.0159, 7459
16.6227, 7458
20.5821, 7457
20.7440, 7456
20.9294, 7455
20.9550, 7454
21.2757, 7453
21.2767, 7452
21.6330, 7451
21.6587, 7450
21.6595, 7449
21.7220, 7448
21.8220, 7447
21.8359, 7446
21.8366, 7445
21.9474, 7444
21.9487, 7443
22.6713, 7442
22.8342, 7441
23.0343, 7440
23.0355, 7439
23.4265, 7438
23.4403, 7437
23.7151, 7436
23.7418, 7435
23.8542, 7434
23.8679, 7433
24.0805, 7432
24.0812, 7431
24.1690, 7430
24.1702, 7429
24.3080, 7428
24.3357, 7427
24.3364, 7426
24.4985, 7425
24.4992, 7424
24.6235, 7423
24.6983, 7422
24.9435, 7421
24.9693, 7420
25.1399, 7419
25.2498, 7418
25.5647, 7417
25.5654, 7416
25.8219, 7415
25.8226, 7414
26.1335, 7413
26.2196, 7412
26.2206, 7411
26.2823, 7410
26.3195, 7409
26.5146, 7408
26.5901, 7407
26.9071, 7406
26.9356, 7405
26.9365, 7404
26.9372, 7403
26.9518, 7402
26.9525, 7401
26.9911, 7400
27.0174, 7399
27.1643, 7398
27.1652, 7397
27.4340, 7396
27.4352, 7395
27.5089, 7394
27.5594, 7393
27.9338, 7392
27.9350, 7391
27.9858, 7390
27.9866, 7389
28.1617, 7388
28.1880, 7387
28.3884, 7386
28.5140, 7385
28.5147, 7384
28.6272, 7383
28.6791, 7382
28.6933, 7381
28.6941, 7380
28.7945, 7379
28.8204, 7378
29.0814, 7377
29.1080, 7376
29.4550, 7375
29.4563, 7374
29.5557, 7373
29.6440, 7372
29.6828, 7371
29.6835, 7370
