0.1135, 4688
0.1433, 4687
0.2187, 4683
0.2541, 4682
0.2649, 4680
0.2960, 4678
0.3261, 4677
0.3760, 4675
0.4366, 4674
0.4972, 4667
0.5278, 4664
0.5382, 4663
0.5684, 4662
0.5786, 4661
0.6486, 4658
0.6786, 4657
0.6886, 4656
0.8416, 4655
0.8920, 4654
0.9433, 4651
1.0673, 4650
1.1688, 4648
1.2196, 4647
1.3316, 4646
1.3619, 4645
1.3723, 4644
1.4228, 4642
1.5237, 4640
1.5650, 4639
1.5853, 4637
1.6971, 4636
1.7271, 4635
1.7576, 4630
1.7885, 4629
1.9389, 4628
1.9595, 4627
2.0101, 4625
2.0303, 4624
2.0506, 4623
2.1615, 4622
2.2226, 4621
2.3542, 4619
2.5546, 4618
2.6855, 4616
2.8851, 4615
2.9668, 4614
2.9869, 4613
3.3289, 4612
3.3818, 4611
3.4130, 4610
3.4437, 4609
3.6555, 4608
3.7871, 4607
3.7974, 4605
3.8085, 4603
3.8399, 4602
4.2028, 4600
4.3447, 4599
4.3857, 4597
4.4171, 4596
4.6244, 4595
4.7758, 4594
4.9906, 4593
5.0815, 4592
5.1924, 4591
5.9216, 4590
6.1242, 4589
6.1548, 4588
6.4170, 4587
6.4277, 4586
6.5911, 4584
7.0336, 4583
7.1150, 4582
7.4488, 4581
7.5104, 4579
7.6127, 4578
7.6835, 4577
8.0577, 4576
8.3571, 4575
8.4205, 4574
8.6413, 4573
10.3186, 4572
10.3895, 4571
