0.0000, 5900
0.0005, 5899
0.0012, 5898
0.0018, 5897
0.0027, 5896
0.0035, 5895
0.0042, 5894
0.0049, 5893
0.0057, 5892
0.0062, 5891
0.0071, 5890
0.0076, 5889
0.0081, 5888
0.0086, 5887
0.0095, 5886
0.0105, 5885
0.0111, 5884
0.0123, 5883
0.0130, 5882
0.0141, 5881
0.0146, 5880
0.0155, 5879
0.0164, 5878
0.0173, 5877
0.0178, 5876
0.0184, 5875
0.0189, 5874
0.0195, 5873
0.0206, 5872
0.0211, 5871
0.0216, 5870
0.0221, 5869
0.0228, 5868
0.0233, 5867
0.0238, 5866
0.0243, 5865
0.0252, 5864
0.0260, 5863
0.0266, 5862
0.0271, 5861
0.0277, 5860
0.0283, 5859
0.0288, 5858
0.0293, 5857
0.0299, 5856
0.0306, 5855
0.0311, 5854
0.0316, 5853
0.0321, 5852
0.0331, 5851
0.0340, 5850
0.0345, 5849
0.0351, 5848
0.0357, 5847
0.0363, 5846
0.0368, 5845
0.0376, 5844
0.0381, 5843
0.0386, 5842
0.0391, 5841
0.0398, 5840
0.0405, 5839
0.0410, 5838
0.0416, 5837
0.0422, 5836
0.0428, 5835
0.0435, 5834
0.0440, 5833
0.0447, 5832
0.0452, 5831
0.0457, 5830
0.0465, 5829
0.0470, 5828
0.0475, 5827
0.0481, 5826
0.0490, 5825
0.0495, 5824
0.0501, 5823
0.0509, 5822
0.0514, 5821
0.0520, 5820
0.0525, 5819
0.0530, 5818
0.0535, 5817
0.0544, 5816
0.0550, 5815
0.0560, 5814
0.0569, 5813
0.0576, 5812
0.0582, 5811
0.0591, 5810
0.0598, 5809
0.0604, 5808
0.0610, 5807
0.0616, 5806
0.0624, 5805
0.0629, 5804
0.0634, 5803
0.0639, 5802
0.0645, 5801
0.0650, 5800
0.0658, 5799
0.0663, 5798
0.0670, 5797
0.0676, 5796
0.0682, 5795
0.0688, 5794
0.0695, 5793
0.0700, 5792
0.0706, 5791
0.0711, 5790
0.0716, 5789
0.0722, 5788
0.0728, 5787
0.0733, 5786
0.0746, 5785
0.0756, 5784
0.0764, 5783
0.0769, 5782
0.0774, 5781
0.0779, 5780
0.0786, 5779
0.0794, 5778
0.0800, 5777
0.0808, 5776
0.0815, 5775
0.0821, 5774
0.0828, 5773
0.0839, 5772
0.0845, 5771
0.0857, 5770
0.0863, 5769
0.0868, 5768
0.0876, 5767
0.0881, 5766
0.0887, 5765
0.0895, 5764
0.0901, 5763
0.0906, 5762
0.0912, 5761
0.0917, 5760
0.0926, 5759
0.0932, 5758
0.0937, 5757
0.0942, 5756
0.0948, 5755
0.0953, 5754
0.0961, 5753
0.0967, 5752
0.0973, 5751
0.0978, 5750
0.0983, 5749
0.0992, 5748
0.0997, 5747
0.1002, 5746
0.1011, 5745
0.1022, 5744
0.1027, 5743
0.1033, 5742
0.1038, 5741
0.1048, 5740
0.1054, 5739
0.1060, 5738
0.1066, 5737
0.1071, 5736
0.1076, 5735
0.1082, 5734
0.1087, 5733
0.1094, 5732
0.1099, 5731
0.1105, 5730
0.1110, 5729
0.1116, 5728
0.1121, 5727
0.1127, 5726
0.1133, 5725
0.1139, 5724
0.1146, 5723
0.1156, 5722
0.1163, 5721
0.1168, 5720
0.1175, 5719
0.1183, 5718
0.1193, 5717
0.1201, 5716
0.1210, 5715
0.1220, 5714
0.1225, 5713
0.1232, 5712
0.1237, 5711
0.1243, 5710
0.1248, 5709
0.1257, 5708
0.1264, 5707
0.1270, 5706
0.1275, 5705
0.1281, 5704
0.1286, 5703
0.1292, 5702
0.1297, 5701
0.1304, 5700
0.1314, 5699
0.1319, 5698
0.1324, 5697
0.1330, 5696
0.1341, 5695
0.1348, 5694
0.1354, 5693
0.1360, 5692
0.1365, 5691
0.1370, 5690
0.1376, 5689
0.1382, 5688
0.1388, 5687
0.1393, 5686
0.1403, 5685
0.1409, 5684
0.1415, 5683
0.1420, 5682
0.1426, 5681
0.1432, 5680
0.1438, 5679
0.1444, 5678
0.1450, 5677
0.1455, 5676
0.1461, 5675
0.1467, 5674
0.1472, 5673
0.1478, 5672
0.1484, 5671
0.1489, 5670
0.1496, 5669
0.1501, 5668
0.1507, 5667
0.1513, 5666
0.1518, 5665
0.1524, 5664
0.1530, 5663
0.1535, 5662
0.1545, 5661
0.1551, 5660
0.1560, 5659
0.1566, 5658
0.1577, 5657
0.1587, 5656
0.1596, 5655
0.1602, 5654
0.1610, 5653
0.1616, 5652
0.1622, 5651
0.1628, 5650
0.1634, 5649
0.1640, 5648
0.1647, 5647
0.1653, 5646
0.1658, 5645
0.1666, 5644
0.1671, 5643
0.1677, 5642
0.1683, 5641
0.1690, 5640
0.1697, 5639
0.1706, 5638
0.1712, 5637
0.1718, 5636
0.1724, 5635
0.1735, 5634
0.1741, 5633
0.1751, 5632
0.1760, 5631
0.1765, 5630
0.1775, 5629
0.1784, 5628
0.1790, 5627
0.1801, 5626
0.1809, 5625
0.1815, 5624
0.1824, 5623
0.1830, 5622
0.1836, 5621
0.1842, 5620
0.1849, 5619
0.1858, 5618
0.1864, 5617
0.1870, 5616
0.1876, 5615
0.1882, 5614
0.1891, 5613
0.1897, 5612
0.1902, 5611
0.1908, 5610
0.1916, 5609
0.1922, 5608
0.1928, 5607
0.1933, 5606
0.1939, 5605
0.1945, 5604
0.1951, 5603
0.1956, 5602
0.1961, 5601
0.1967, 5600
0.1972, 5599
0.1978, 5598
0.1983, 5597
0.1988, 5596
0.1994, 5595
0.2002, 5594
0.2008, 5593
0.2017, 5592
0.2023, 5591
0.2030, 5590
0.2038, 5589
0.2047, 5588
0.2053, 5587
0.2059, 5586
0.2065, 5585
0.2073, 5584
0.2083, 5583
0.2089, 5582
0.2095, 5581
0.2101, 5580
0.2107, 5579
0.2114, 5578
0.2120, 5577
0.2130, 5576
0.2136, 5575
0.2142, 5574
0.2150, 5573
0.2156, 5572
0.2162, 5571
0.2169, 5570
0.2177, 5569
0.2183, 5568
0.2192, 5567
0.2198, 5566
0.2203, 5565
0.2209, 5564
0.2216, 5563
0.2227, 5562
0.2234, 5561
0.2239, 5560
0.2245, 5559
0.2251, 5558
0.2256, 5557
0.2266, 5556
0.2272, 5555
0.2278, 5554
0.2284, 5553
0.2293, 5552
0.2299, 5551
0.2305, 5550
0.2311, 5549
0.2317, 5548
0.2324, 5547
0.2330, 5546
0.2336, 5545
0.2341, 5544
0.2347, 5543
0.2352, 5542
0.2359, 5541
0.2366, 5540
0.2371, 5539
0.2376, 5538
0.2382, 5537
0.2387, 5536
0.2393, 5535
0.2400, 5534
0.2409, 5533
0.2414, 5532
0.2420, 5531
0.2425, 5530
0.2431, 5529
0.2437, 5528
0.2443, 5527
0.2448, 5526
0.2456, 5525
0.2462, 5524
0.2469, 5523
0.2478, 5522
0.2488, 5521
0.2497, 5520
0.2504, 5519
0.2510, 5518
0.2515, 5517
0.2522, 5516
0.2528, 5515
0.2536, 5514
0.2541, 5513
0.2547, 5512
0.2553, 5511
0.2558, 5510
0.2564, 5509
0.2570, 5508
0.2575, 5507
0.2583, 5506
0.2588, 5505
0.2594, 5504
0.2599, 5503
0.2608, 5502
0.2614, 5501
0.2620, 5500
0.2626, 5499
0.2636, 5498
0.2642, 5497
0.2649, 5496
0.2654, 5495
0.2661, 5494
0.2667, 5493
0.2673, 5492
0.2678, 5491
0.2688, 5490
0.2696, 5489
0.2702, 5488
0.2707, 5487
0.2713, 5486
0.2718, 5485
0.2728, 5484
0.2733, 5483
0.2739, 5482
0.2748, 5481
0.2754, 5480
0.2759, 5479
0.2765, 5478
0.2771, 5477
0.2777, 5476
0.2783, 5475
0.2788, 5474
0.2796, 5473
0.2802, 5472
0.2808, 5471
0.2814, 5470
0.2820, 5469
0.2826, 5468
0.2831, 5467
0.2837, 5466
0.2847, 5465
0.2853, 5464
0.2858, 5463
0.2864, 5462
0.2870, 5461
0.2876, 5460
0.2882, 5459
0.2888, 5458
0.2893, 5457
0.2899, 5456
0.2907, 5455
0.2914, 5454
0.2920, 5453
0.2927, 5452
0.2932, 5451
0.2940, 5450
0.2945, 5449
0.2952, 5448
0.2958, 5447
0.2964, 5446
0.2969, 5445
0.2975, 5444
0.2985, 5443
0.2991, 5442
0.2997, 5441
0.3002, 5440
0.3008, 5439
0.3015, 5438
0.3024, 5437
0.3031, 5436
0.3037, 5435
0.3043, 5434
0.3049, 5433
0.3055, 5432
0.3065, 5431
0.3070, 5430
0.3076, 5429
0.3082, 5428
0.3088, 5427
0.3095, 5426
0.3104, 5425
0.3110, 5424
0.3116, 5423
0.3123, 5422
0.3130, 5421
0.3136, 5420
0.3146, 5419
0.3151, 5418
0.3157, 5417
0.3167, 5416
0.3173, 5415
0.3180, 5414
0.3185, 5413
0.3191, 5412
0.3197, 5411
0.3203, 5410
0.3208, 5409
0.3213, 5408
0.3219, 5407
0.3225, 5406
0.3233, 5405
0.3242, 5404
0.3249, 5403
0.3257, 5402
0.3263, 5401
0.3268, 5400
0.3276, 5399
0.3285, 5398
0.3292, 5397
0.3298, 5396
0.3304, 5395
0.3313, 5394
0.3320, 5393
0.3327, 5392
0.3334, 5391
0.3339, 5390
0.3344, 5389
0.3351, 5388
0.3357, 5387
0.3362, 5386
0.3371, 5385
0.3376, 5384
0.3383, 5383
0.3390, 5382
0.3397, 5381
0.3403, 5380
0.3409, 5379
0.3414, 5378
0.3422, 5377
0.3429, 5376
0.3435, 5375
0.3441, 5374
0.3448, 5373
0.3454, 5372
0.3459, 5371
0.3466, 5370
0.3473, 5369
0.3480, 5368
0.3487, 5367
0.3493, 5366
0.3500, 5365
0.3507, 5364
0.3513, 5363
0.3523, 5362
0.3529, 5361
0.3537, 5360
0.3544, 5359
0.3550, 5358
0.3557, 5357
0.3567, 5356
0.3573, 5355
0.3580, 5354
0.3586, 5353
0.3593, 5352
0.3599, 5351
0.3607, 5350
0.3613, 5349
0.3619, 5348
0.3624, 5347
0.3631, 5346
0.3639, 5345
0.3648, 5344
0.3653, 5343
0.3660, 5342
0.3666, 5341
0.3672, 5340
0.3678, 5339
0.3683, 5338
0.3689, 5337
0.3695, 5336
0.3701, 5335
0.3707, 5334
0.3714, 5333
0.3723, 5332
0.3733, 5331
0.3739, 5330
0.3745, 5329
0.3750, 5328
0.3757, 5327
0.3763, 5326
0.3769, 5325
0.3774, 5324
0.3780, 5323
0.3790, 5322
0.3800, 5321
0.3809, 5320
0.3817, 5319
0.3823, 5318
0.3829, 5317
0.3834, 5316
0.3842, 5315
0.3849, 5314
0.3856, 5313
0.3862, 5312
0.3870, 5311
0.3877, 5310
0.3882, 5309
0.3889, 5308
0.3898, 5307
0.3905, 5306
0.3911, 5305
0.3917, 5304
0.3923, 5303
0.3929, 5302
0.3935, 5301
0.3940, 5300
0.3947, 5299
0.3952, 5298
0.3958, 5297
0.3964, 5296
0.3972, 5295
0.3979, 5294
0.3984, 5293
0.3989, 5292
0.3997, 5291
0.4004, 5290
0.4011, 5289
0.4019, 5288
0.4025, 5287
0.4030, 5286
0.4037, 5285
0.4042, 5284
0.4049, 5283
0.4055, 5282
0.4060, 5281
0.4066, 5280
0.4072, 5279
0.4077, 5278
0.4083, 5277
0.4089, 5276
0.4096, 5275
0.4103, 5274
0.4112, 5273
0.4118, 5272
0.4123, 5271
0.4129, 5270
0.4136, 5269
0.4142, 5268
0.4148, 5267
0.4153, 5266
0.4159, 5265
0.4166, 5264
0.4173, 5263
0.4179, 5262
0.4185, 5261
0.4191, 5260
0.4199, 5259
0.4204, 5258
0.4210, 5257
0.4217, 5256
0.4224, 5255
0.4231, 5254
0.4241, 5253
0.4248, 5252
0.4255, 5251
0.4266, 5250
0.4272, 5249
0.4277, 5248
0.4284, 5247
0.4291, 5246
0.4297, 5245
0.4303, 5244
0.4310, 5243
0.4315, 5242
0.4321, 5241
0.4328, 5240
0.4333, 5239
0.4338, 5238
0.4345, 5237
0.4353, 5236
0.4359, 5235
0.4365, 5234
0.4371, 5233
0.4377, 5232
0.4384, 5231
0.4390, 5230
0.4395, 5229
0.4401, 5228
0.4407, 5227
0.4416, 5226
0.4421, 5225
0.4427, 5224
0.4436, 5223
0.4445, 5222
0.4452, 5221
0.4459, 5220
0.4467, 5219
0.4473, 5218
0.4478, 5217
0.4484, 5216
0.4491, 5215
0.4498, 5214
0.4504, 5213
0.4512, 5212
0.4519, 5211
0.4527, 5210
0.4536, 5209
0.4542, 5208
0.4549, 5207
0.4557, 5206
0.4564, 5205
0.4571, 5204
0.4579, 5203
0.4585, 5202
0.4592, 5201
0.4598, 5200
0.4606, 5199
0.4613, 5198
0.4620, 5197
0.4627, 5196
0.4633, 5195
0.4641, 5194
0.4647, 5193
0.4652, 5192
0.4658, 5191
0.4664, 5190
0.4671, 5189
0.4676, 5188
0.4682, 5187
0.4688, 5186
0.4694, 5185
0.4700, 5184
0.4706, 5183
0.4714, 5182
0.4721, 5181
0.4729, 5180
0.4738, 5179
0.4743, 5178
0.4752, 5177
0.4759, 5176
0.4765, 5175
0.4774, 5174
0.4781, 5173
0.4789, 5172
0.4794, 5171
0.4800, 5170
0.4806, 5169
0.4814, 5168
0.4820, 5167
0.4825, 5166
0.4832, 5165
0.4840, 5164
0.4845, 5163
0.4852, 5162
0.4859, 5161
0.4869, 5160
0.4876, 5159
0.4884, 5158
0.4890, 5157
0.4896, 5156
0.4902, 5155
0.4909, 5154
0.4916, 5153
0.4924, 5152
0.4931, 5151
0.4936, 5150
0.4943, 5149
0.4950, 5148
0.4956, 5147
0.4961, 5146
0.4966, 5145
0.4971, 5144
0.4979, 5143
0.4984, 5142
0.4990, 5141
0.4995, 5140
0.5001, 5139
0.5007, 5138
0.5013, 5137
0.5021, 5136
0.5027, 5135
0.5034, 5134
0.5040, 5133
0.5046, 5132
0.5051, 5131
0.5058, 5130
0.5065, 5129
0.5072, 5128
0.5078, 5127
0.5085, 5126
0.5093, 5125
0.5099, 5124
0.5105, 5123
0.5111, 5122
0.5116, 5121
0.5123, 5120
0.5129, 5119
0.5134, 5118
0.5139, 5117
0.5144, 5116
0.5149, 5115
0.5156, 5114
0.5164, 5113
0.5171, 5112
0.5179, 5111
0.5187, 5110
0.5192, 5109
0.5198, 5108
0.5203, 5107
0.5209, 5106
0.5216, 5105
0.5221, 5104
0.5229, 5103
0.5236, 5102
0.5242, 5101
0.5251, 5100
0.5258, 5099
0.5265, 5098
0.5273, 5097
0.5278, 5096
0.5285, 5095
0.5291, 5094
0.5297, 5093
0.5304, 5092
0.5310, 5091
0.5317, 5090
0.5322, 5089
0.5329, 5088
0.5336, 5087
0.5345, 5086
0.5351, 5085
0.5356, 5084
0.5362, 5083
0.5370, 5082
0.5376, 5081
0.5381, 5080
0.5388, 5079
0.5394, 5078
0.5400, 5077
0.5406, 5076
0.5411, 5075
0.5419, 5074
0.5426, 5073
0.5433, 5072
0.5439, 5071
0.5444, 5070
0.5449, 5069
0.5457, 5068
0.5467, 5067
0.5473, 5066
0.5480, 5065
0.5487, 5064
0.5498, 5063
0.5504, 5062
0.5511, 5061
0.5516, 5060
0.5524, 5059
0.5531, 5058
0.5536, 5057
0.5542, 5056
0.5548, 5055
0.5554, 5054
0.5561, 5053
0.5568, 5052
0.5574, 5051
0.5579, 5050
0.5585, 5049
0.5591, 5048
0.5599, 5047
0.5605, 5046
0.5615, 5045
0.5621, 5044
0.5627, 5043
0.5633, 5042
0.5638, 5041
0.5647, 5040
0.5652, 5039
0.5659, 5038
0.5667, 5037
0.5672, 5036
0.5677, 5035
0.5684, 5034
0.5692, 5033
0.5698, 5032
0.5704, 5031
0.5713, 5030
0.5719, 5029
0.5728, 5028
0.5733, 5027
0.5740, 5026
0.5745, 5025
0.5751, 5024
0.5758, 5023
0.5763, 5022
0.5769, 5021
0.5777, 5020
0.5786, 5019
0.5795, 5018
0.5800, 5017
0.5806, 5016
0.5811, 5015
0.5820, 5014
0.5827, 5013
0.5833, 5012
0.5841, 5011
0.5847, 5010
0.5854, 5009
0.5860, 5008
0.5865, 5007
0.5871, 5006
0.5880, 5005
0.5885, 5004
0.5893, 5003
0.5899, 5002
0.5905, 5001
0.5914, 5000
0.5920, 4999
0.5928, 4998
0.5935, 4997
0.5940, 4996
0.5946, 4995
0.5951, 4994
0.5957, 4993
0.5964, 4992
0.5970, 4991
0.5978, 4990
0.5985, 4989
0.5995, 4988
0.6003, 4987
0.6010, 4986
0.6016, 4985
0.6022, 4984
0.6029, 4983
0.6035, 4982
0.6042, 4981
0.6050, 4980
0.6059, 4979
0.6064, 4978
0.6070, 4977
0.6077, 4976
0.6086, 4975
0.6095, 4974
0.6101, 4973
0.6106, 4972
0.6113, 4971
0.6120, 4970
0.6126, 4969
0.6133, 4968
0.6140, 4967
0.6146, 4966
0.6153, 4965
0.6159, 4964
0.6165, 4963
0.6170, 4962
0.6177, 4961
0.6185, 4960
0.6190, 4959
0.6195, 4958
0.6200, 4957
0.6206, 4956
0.6214, 4955
0.6219, 4954
0.6225, 4953
0.6231, 4952
0.6238, 4951
0.6247, 4950
0.6255, 4949
0.6266, 4948
0.6272, 4947
0.6278, 4946
0.6287, 4945
0.6292, 4944
0.6298, 4943
0.6303, 4942
0.6308, 4941
0.6314, 4940
0.6319, 4939
0.6326, 4938
0.6331, 4937
0.6337, 4936
0.6344, 4935
0.6353, 4934
0.6361, 4933
0.6366, 4932
0.6372, 4931
0.6378, 4930
0.6384, 4929
0.6390, 4928
0.6396, 4927
0.6403, 4926
0.6410, 4925
0.6416, 4924
0.6422, 4923
0.6430, 4922
0.6436, 4921
0.6442, 4920
0.6448, 4919
0.6457, 4918
0.6466, 4917
0.6472, 4916
0.6480, 4915
0.6486, 4914
0.6492, 4913
0.6497, 4912
0.6502, 4911
0.6507, 4910
0.6512, 4909
0.6521, 4908
0.6527, 4907
0.6532, 4906
0.6538, 4905
0.6543, 4904
0.6549, 4903
0.6554, 4902
0.6562, 4901
0.6567, 4900
0.6576, 4899
0.6583, 4898
0.6588, 4897
0.6594, 4896
0.6599, 4895
0.6605, 4894
0.6612, 4893
0.6617, 4892
0.6625, 4891
0.6633, 4890
0.6641, 4889
0.6646, 4888
0.6651, 4887
0.6656, 4886
0.6662, 4885
0.6668, 4884
0.6674, 4883
0.6679, 4882
0.6685, 4881
0.6690, 4880
0.6697, 4879
0.6705, 4878
0.6710, 4877
0.6715, 4876
0.6723, 4875
0.6728, 4874
0.6733, 4873
0.6739, 4872
0.6747, 4871
0.6754, 4870
0.6761, 4869
0.6769, 4868
0.6775, 4867
0.6780, 4866
0.6785, 4865
0.6794, 4864
0.6802, 4863
0.6808, 4862
0.6813, 4861
0.6820, 4860
0.6827, 4859
0.6835, 4858
0.6840, 4857
0.6847, 4856
0.6856, 4855
0.6862, 4854
0.6872, 4853
0.6877, 4852
0.6883, 4851
0.6889, 4850
0.6897, 4849
0.6904, 4848
0.6911, 4847
0.6917, 4846
0.6922, 4845
0.6929, 4844
0.6934, 4843
0.6939, 4842
0.6944, 4841
0.6951, 4840
0.6958, 4839
0.6968, 4838
0.6975, 4837
0.6982, 4836
0.6987, 4835
0.6993, 4834
0.6999, 4833
0.7005, 4832
0.7011, 4831
0.7020, 4830
0.7026, 4829
0.7032, 4828
0.7038, 4827
0.7047, 4826
0.7056, 4825
0.7061, 4824
0.7068, 4823
0.7073, 4822
0.7079, 4821
0.7086, 4820
0.7090, 4819
0.7097, 4818
0.7102, 4817
0.7108, 4816
0.7113, 4815
0.7119, 4814
0.7127, 4813
0.7136, 4812
0.7143, 4811
0.7148, 4810
0.7157, 4809
0.7162, 4808
0.7167, 4807
0.7172, 4806
0.7177, 4805
0.7185, 4804
0.7194, 4803
0.7199, 4802
0.7205, 4801
0.7212, 4800
0.7218, 4799
0.7224, 4798
0.7229, 4797
0.7235, 4796
0.7241, 4795
0.7247, 4794
0.7254, 4793
0.7259, 4792
0.7267, 4791
0.7272, 4790
0.7280, 4789
0.7285, 4788
0.7292, 4787
0.7297, 4786
0.7303, 4785
0.7308, 4784
0.7314, 4783
0.7321, 4782
0.7327, 4781
0.7335, 4780
0.7343, 4779
0.7348, 4778
0.7356, 4777
0.7361, 4776
0.7367, 4775
0.7371, 4774
0.7381, 4773
0.7387, 4772
0.7395, 4771
0.7400, 4770
0.7405, 4769
0.7414, 4768
0.7420, 4767
0.7425, 4766
0.7430, 4765
0.7439, 4764
0.7448, 4763
0.7454, 4762
0.7460, 4761
0.7465, 4760
0.7471, 4759
0.7482, 4758
0.7488, 4757
0.7494, 4756
0.7502, 4755
0.7507, 4754
0.7513, 4753
0.7518, 4752
0.7523, 4751
0.7531, 4750
0.7536, 4749
0.7541, 4748
0.7547, 4747
0.7556, 4746
0.7561, 4745
0.7569, 4744
0.7576, 4743
0.7585, 4742
0.7593, 4741
0.7599, 4740
0.7604, 4739
0.7610, 4738
0.7615, 4737
0.7622, 4736
0.7630, 4735
0.7635, 4734
0.7641, 4733
0.7647, 4732
0.7652, 4731
0.7660, 4730
0.7665, 4729
0.7670, 4728
0.7676, 4727
0.7684, 4726
0.7691, 4725
0.7699, 4724
0.7708, 4723
0.7712, 4722
0.7720, 4721
0.7728, 4720
0.7733, 4719
0.7738, 4718
0.7743, 4717
0.7750, 4716
0.7759, 4715
0.7766, 4714
0.7774, 4713
0.7780, 4712
0.7787, 4711
0.7795, 4710
0.7804, 4709
0.7811, 4708
0.7819, 4707
0.7825, 4706
0.7833, 4705
0.7840, 4704
0.7847, 4703
0.7856, 4702
0.7865, 4701
0.7873, 4700
0.7882, 4699
0.7889, 4698
0.7897, 4697
0.7903, 4696
0.7912, 4695
0.7919, 4694
0.7928, 4693
0.7937, 4692
0.7946, 4691
0.7955, 4690
0.9975, 4689
1.1957, 4688
1.2357, 4687
1.3152, 4686
1.6302, 4685
1.6502, 4684
1.7292, 4683
1.8282, 4682
1.9669, 4681
2.1655, 4680
2.2245, 4679
2.3421, 4678
2.4416, 4677
2.5791, 4676
2.8532, 4675
2.8733, 4674
3.0120, 4673
3.1499, 4672
3.1506, 4671
3.2524, 4670
3.3710, 4669
3.3718, 4668
3.4695, 4667
3.5863, 4666
3.6259, 4665
3.6267, 4664
3.6658, 4663
4.1039, 4662
4.2049, 4661
4.6611, 4660
4.7009, 4659
4.8193, 4658
4.8782, 4657
5.1335, 4656
5.2720, 4655
5.7451, 4654
5.7459, 4653
5.7463, 4652
6.3323, 4651
6.4727, 4650
6.5718, 4649
7.2819, 4648
7.3607, 4647
7.4401, 4646
7.6967, 4645
7.7364, 4644
7.8351, 4643
7.8357, 4642
7.8751, 4641
8.2530, 4640
8.4089, 4639
8.4482, 4638
8.6446, 4637
8.7816, 4636
9.1792, 4635
9.2189, 4634
9.2590, 4633
9.5732, 4632
9.7102, 4631
9.9497, 4630
9.9897, 4629
10.1288, 4628
10.3886, 4627
10.4697, 4626
10.5706, 4625
10.5712, 4624
10.9296, 4623
11.2885, 4622
11.4475, 4621
11.6302, 4620
11.6308, 4619
11.6920, 4618
11.7723, 4617
11.8529, 4616
12.5138, 4615
12.5143, 4614
12.6921, 4613
12.8826, 4612
13.0823, 4611
13.6929, 4610
13.8515, 4609
14.1312, 4608
14.5707, 4607
14.5713, 4606
14.6107, 4605
14.7103, 4604
14.8872, 4603
15.2605, 4602
16.4868, 4601
16.7043, 4600
17.0407, 4599
17.0413, 4598
17.2027, 4597
17.4803, 4596
17.5998, 4595
18.1369, 4594
18.8530, 4593
18.9730, 4592
19.1116, 4591
19.6918, 4590
20.1255, 4589
20.3837, 4588
20.5614, 4587
20.8582, 4586
21.3975, 4585
22.4066, 4584
22.7648, 4583
23.2609, 4582
23.3021, 4581
23.6623, 4580
23.8634, 4579
24.0022, 4578
24.1801, 4577
24.2399, 4576
24.6954, 4575
24.9506, 4574
25.0897, 4573
26.7263, 4572
27.8377, 4571
28.6288, 4570
28.7876, 4569
28.8476, 4568
29.1054, 4567
29.2847, 4566
29.9137, 4565
