0.0000, 5900
0.0005, 5899
0.0013, 5898
0.0018, 5897
0.0028, 5896
0.0036, 5895
0.0043, 5894
0.0049, 5893
0.0058, 5892
0.0063, 5891
0.0071, 5890
0.0076, 5889
0.0081, 5888
0.0086, 5887
0.0096, 5886
0.0105, 5885
0.0111, 5884
0.0123, 5883
0.0130, 5882
0.0141, 5881
0.0146, 5880
0.0155, 5879
0.0164, 5878
0.0173, 5877
0.0178, 5876
0.0183, 5875
0.0188, 5874
0.0194, 5873
0.0206, 5872
0.0211, 5871
0.0216, 5870
0.0221, 5869
0.0228, 5868
0.0233, 5867
0.0238, 5866
0.0243, 5865
0.0252, 5864
0.0260, 5863
0.0266, 5862
0.0271, 5861
0.0278, 5860
0.0284, 5859
0.0289, 5858
0.0295, 5857
0.0300, 5856
0.0307, 5855
0.0312, 5854
0.0317, 5853
0.0322, 5852
0.0333, 5851
0.0342, 5850
0.0347, 5849
0.0352, 5848
0.0358, 5847
0.0364, 5846
0.0369, 5845
0.0377, 5844
0.0382, 5843
0.0387, 5842
0.0392, 5841
0.0399, 5840
0.0406, 5839
0.0411, 5838
0.0416, 5837
0.0423, 5836
0.0429, 5835
0.0435, 5834
0.0440, 5833
0.0447, 5832
0.0452, 5831
0.0458, 5830
0.0466, 5829
0.0471, 5828
0.0476, 5827
0.0482, 5826
0.0491, 5825
0.0496, 5824
0.0501, 5823
0.0509, 5822
0.0515, 5821
0.0520, 5820
0.0526, 5819
0.0531, 5818
0.0536, 5817
0.0545, 5816
0.0550, 5815
0.0561, 5814
0.0570, 5813
0.0577, 5812
0.0583, 5811
0.0592, 5810
0.0599, 5809
0.0605, 5808
0.0611, 5807
0.0616, 5806
0.0625, 5805
0.0630, 5804
0.0635, 5803
0.0640, 5802
0.0645, 5801
0.0651, 5800
0.0659, 5799
0.0664, 5798
0.0671, 5797
0.0677, 5796
0.0683, 5795
0.0688, 5794
0.0696, 5793
0.0701, 5792
0.0706, 5791
0.0712, 5790
0.0717, 5789
0.0722, 5788
0.0728, 5787
0.0733, 5786
0.0747, 5785
0.0757, 5784
0.0765, 5783
0.0770, 5782
0.0775, 5781
0.0781, 5780
0.0787, 5779
0.0795, 5778
0.0801, 5777
0.0809, 5776
0.0816, 5775
0.0822, 5774
0.0828, 5773
0.0839, 5772
0.0845, 5771
0.0856, 5770
0.0863, 5769
0.0868, 5768
0.0876, 5767
0.0881, 5766
0.0888, 5765
0.0896, 5764
0.0901, 5763
0.0907, 5762
0.0912, 5761
0.0917, 5760
0.0927, 5759
0.0933, 5758
0.0938, 5757
0.0944, 5756
0.0949, 5755
0.0955, 5754
0.0963, 5753
0.0969, 5752
0.0975, 5751
0.0980, 5750
0.0985, 5749
0.0994, 5748
0.0999, 5747
0.1004, 5746
0.1014, 5745
0.1024, 5744
0.1030, 5743
0.1035, 5742
0.1041, 5741
0.1051, 5740
0.1057, 5739
0.1062, 5738
0.1068, 5737
0.1074, 5736
0.1079, 5735
0.1085, 5734
0.1090, 5733
0.1096, 5732
0.1101, 5731
0.1107, 5730
0.1112, 5729
0.1118, 5728
0.1123, 5727
0.1128, 5726
0.1134, 5725
0.1141, 5724
0.1148, 5723
0.1158, 5722
0.1164, 5721
0.1170, 5720
0.1177, 5719
0.1185, 5718
0.1195, 5717
0.1203, 5716
0.1212, 5715
0.1222, 5714
0.1227, 5713
0.1234, 5712
0.1239, 5711
0.1245, 5710
0.1251, 5709
0.1259, 5708
0.1266, 5707
0.1272, 5706
0.1278, 5705
0.1283, 5704
0.1289, 5703
0.1294, 5702
0.1300, 5701
0.1306, 5700
0.1316, 5699
0.1321, 5698
0.1327, 5697
0.1332, 5696
0.1343, 5695
0.1350, 5694
0.1356, 5693
0.1362, 5692
0.1367, 5691
0.1372, 5690
0.1378, 5689
0.1385, 5688
0.1392, 5687
0.1398, 5686
0.1407, 5685
0.1414, 5684
0.1420, 5683
0.1426, 5682
0.1433, 5681
0.1439, 5680
0.1446, 5679
0.1452, 5678
0.1459, 5677
0.1465, 5676
0.1471, 5675
0.1477, 5674
0.1483, 5673
0.1489, 5672
0.1495, 5671
0.1501, 5670
0.1507, 5669
0.1513, 5668
0.1519, 5667
0.1525, 5666
0.1530, 5665
0.1536, 5664
0.1542, 5663
0.1548, 5662
0.1558, 5661
0.1563, 5660
0.1573, 5659
0.1578, 5658
0.1590, 5657
0.1600, 5656
0.1609, 5655
0.1616, 5654
0.1624, 5653
0.1630, 5652
0.1636, 5651
0.1641, 5650
0.1647, 5649
0.1653, 5648
0.1661, 5647
0.1667, 5646
0.1672, 5645
0.1680, 5644
0.1686, 5643
0.1692, 5642
0.1698, 5641
0.1705, 5640
0.1713, 5639
0.1722, 5638
0.1728, 5637
0.1734, 5636
0.1741, 5635
0.1752, 5634
0.1759, 5633
0.1769, 5632
0.1778, 5631
0.1784, 5630
0.1794, 5629
0.1802, 5628
0.1808, 5627
0.1819, 5626
0.1827, 5625
0.1834, 5624
0.1842, 5623
0.1848, 5622
0.1854, 5621
0.1861, 5620
0.1868, 5619
0.1877, 5618
0.1883, 5617
0.1889, 5616
0.1895, 5615
0.1901, 5614
0.1911, 5613
0.1916, 5612
0.1922, 5611
0.1928, 5610
0.1936, 5609
0.1941, 5608
0.1947, 5607
0.1953, 5606
0.1958, 5605
0.1965, 5604
0.1970, 5603
0.1976, 5602
0.1981, 5601
0.1987, 5600
0.1992, 5599
0.1998, 5598
0.2003, 5597
0.2008, 5596
0.2014, 5595
0.2023, 5594
0.2029, 5593
0.2039, 5592
0.2045, 5591
0.2053, 5590
0.2062, 5589
0.2071, 5588
0.2077, 5587
0.2083, 5586
0.2089, 5585
0.2097, 5584
0.2108, 5583
0.2115, 5582
0.2122, 5581
0.2128, 5580
0.2134, 5579
0.2142, 5578
0.2149, 5577
0.2159, 5576
0.2166, 5575
0.2172, 5574
0.2180, 5573
0.2186, 5572
0.2192, 5571
0.2199, 5570
0.2208, 5569
0.2214, 5568
0.2223, 5567
0.2229, 5566
0.2234, 5565
0.2240, 5564
0.2247, 5563
0.2259, 5562
0.2265, 5561
0.2271, 5560
0.2277, 5559
0.2283, 5558
0.2289, 5557
0.2299, 5556
0.2304, 5555
0.2310, 5554
0.2316, 5553
0.2325, 5552
0.2331, 5551
0.2337, 5550
0.2343, 5549
0.2350, 5548
0.2356, 5547
0.2363, 5546
0.2369, 5545
0.2374, 5544
0.2380, 5543
0.2386, 5542
0.2393, 5541
0.2399, 5540
0.2404, 5539
0.2410, 5538
0.2415, 5537
0.2421, 5536
0.2427, 5535
0.2434, 5534
0.2442, 5533
0.2447, 5532
0.2453, 5531
0.2459, 5530
0.2465, 5529
0.2471, 5528
0.2476, 5527
0.2481, 5526
0.2490, 5525
0.2496, 5524
0.2504, 5523
0.2513, 5522
0.2523, 5521
0.2532, 5520
0.2539, 5519
0.2545, 5518
0.2551, 5517
0.2557, 5516
0.2563, 5515
0.2571, 5514
0.2577, 5513
0.2583, 5512
0.2589, 5511
0.2595, 5510
0.2600, 5509
0.2607, 5508
0.2613, 5507
0.2620, 5506
0.2626, 5505
0.2631, 5504
0.2637, 5503
0.2646, 5502
0.2652, 5501
0.2658, 5500
0.2664, 5499
0.2674, 5498
0.2680, 5497
0.2687, 5496
0.2693, 5495
0.2700, 5494
0.2706, 5493
0.2712, 5492
0.2718, 5491
0.2728, 5490
0.2736, 5489
0.2742, 5488
0.2747, 5487
0.2753, 5486
0.2758, 5485
0.2768, 5484
0.2774, 5483
0.2779, 5482
0.2789, 5481
0.2795, 5480
0.2800, 5479
0.2806, 5478
0.2812, 5477
0.2817, 5476
0.2824, 5475
0.2829, 5474
0.2837, 5473
0.2843, 5472
0.2850, 5471
0.2856, 5470
0.2862, 5469
0.2868, 5468
0.2874, 5467
0.2880, 5466
0.2890, 5465
0.2895, 5464
0.2901, 5463
0.2906, 5462
0.2913, 5461
0.2918, 5460
0.2924, 5459
0.2931, 5458
0.2936, 5457
0.2942, 5456
0.2950, 5455
0.2957, 5454
0.2963, 5453
0.2970, 5452
0.2975, 5451
0.2984, 5450
0.2989, 5449
0.2996, 5448
0.3002, 5447
0.3008, 5446
0.3013, 5445
0.3019, 5444
0.3029, 5443
0.3035, 5442
0.3041, 5441
0.3047, 5440
0.3053, 5439
0.3059, 5438
0.3068, 5437
0.3076, 5436
0.3082, 5435
0.3088, 5434
0.3094, 5433
0.3100, 5432
0.3110, 5431
0.3116, 5430
0.3122, 5429
0.3128, 5428
0.3134, 5427
0.3141, 5426
0.3150, 5425
0.3156, 5424
0.3162, 5423
0.3170, 5422
0.3176, 5421
0.3183, 5420
0.3193, 5419
0.3199, 5418
0.3204, 5417
0.3215, 5416
0.3221, 5415
0.3228, 5414
0.3234, 5413
0.3239, 5412
0.3246, 5411
0.3251, 5410
0.3256, 5409
0.3262, 5408
0.3267, 5407
0.3274, 5406
0.3282, 5405
0.3291, 5404
0.3298, 5403
0.3307, 5402
0.3312, 5401
0.3317, 5400
0.3325, 5399
0.3334, 5398
0.3341, 5397
0.3347, 5396
0.3353, 5395
0.3361, 5394
0.3369, 5393
0.3376, 5392
0.3383, 5391
0.3388, 5390
0.3393, 5389
0.3399, 5388
0.3406, 5387
0.3411, 5386
0.3420, 5385
0.3425, 5384
0.3432, 5383
0.3438, 5382
0.3446, 5381
0.3452, 5380
0.3457, 5379
0.3463, 5378
0.3471, 5377
0.3477, 5376
0.3483, 5375
0.3489, 5374
0.3496, 5373
0.3503, 5372
0.3508, 5371
0.3515, 5370
0.3522, 5369
0.3529, 5368
0.3537, 5367
0.3543, 5366
0.3551, 5365
0.3558, 5364
0.3565, 5363
0.3576, 5362
0.3583, 5361
0.3591, 5360
0.3599, 5359
0.3606, 5358
0.3613, 5357
0.3624, 5356
0.3630, 5355
0.3637, 5354
0.3643, 5353
0.3650, 5352
0.3656, 5351
0.3664, 5350
0.3670, 5349
0.3676, 5348
0.3682, 5347
0.3688, 5346
0.3697, 5345
0.3706, 5344
0.3712, 5343
0.3719, 5342
0.3726, 5341
0.3731, 5340
0.3737, 5339
0.3743, 5338
0.3749, 5337
0.3755, 5336
0.3761, 5335
0.3768, 5334
0.3775, 5333
0.3784, 5332
0.3794, 5331
0.3799, 5330
0.3805, 5329
0.3811, 5328
0.3817, 5327
0.3824, 5326
0.3830, 5325
0.3835, 5324
0.3842, 5323
0.3852, 5322
0.3862, 5321
0.3872, 5320
0.3879, 5319
0.3885, 5318
0.3891, 5317
0.3897, 5316
0.3905, 5315
0.3912, 5314
0.3919, 5313
0.3925, 5312
0.3934, 5311
0.3941, 5310
0.3946, 5309
0.3953, 5308
0.3962, 5307
0.3969, 5306
0.3975, 5305
0.3981, 5304
0.3987, 5303
0.3994, 5302
0.4000, 5301
0.4005, 5300
0.4012, 5299
0.4018, 5298
0.4024, 5297
0.4030, 5296
0.4038, 5295
0.4045, 5294
0.4050, 5293
0.4056, 5292
0.4064, 5291
0.4071, 5290
0.4078, 5289
0.4086, 5288
0.4092, 5287
0.4098, 5286
0.4105, 5285
0.4110, 5284
0.4118, 5283
0.4123, 5282
0.4129, 5281
0.4135, 5280
0.4141, 5279
0.4146, 5278
0.4152, 5277
0.4158, 5276
0.4166, 5275
0.4173, 5274
0.4181, 5273
0.4188, 5272
0.4193, 5271
0.4199, 5270
0.4206, 5269
0.4213, 5268
0.4218, 5267
0.4223, 5266
0.4230, 5265
0.4237, 5264
0.4243, 5263
0.4250, 5262
0.4256, 5261
0.4262, 5260
0.4270, 5259
0.4275, 5258
0.4282, 5257
0.4288, 5256
0.4296, 5255
0.4302, 5254
0.4312, 5253
0.4320, 5252
0.4326, 5251
0.4337, 5250
0.4343, 5249
0.4348, 5248
0.4355, 5247
0.4362, 5246
0.4368, 5245
0.4374, 5244
0.4381, 5243
0.4386, 5242
0.4391, 5241
0.4398, 5240
0.4404, 5239
0.4410, 5238
0.4417, 5237
0.4426, 5236
0.4432, 5235
0.4438, 5234
0.4444, 5233
0.4450, 5232
0.4457, 5231
0.4464, 5230
0.4470, 5229
0.4476, 5228
0.4483, 5227
0.4492, 5226
0.4498, 5225
0.4504, 5224
0.4515, 5223
0.4524, 5222
0.4531, 5221
0.4540, 5220
0.4547, 5219
0.4553, 5218
0.4558, 5217
0.4565, 5216
0.4572, 5215
0.4579, 5214
0.4585, 5213
0.4592, 5212
0.4599, 5211
0.4607, 5210
0.4616, 5209
0.4622, 5208
0.4628, 5207
0.4636, 5206
0.4644, 5205
0.4651, 5204
0.4659, 5203
0.4665, 5202
0.4672, 5201
0.4679, 5200
0.4686, 5199
0.4693, 5198
0.4700, 5197
0.4708, 5196
0.4714, 5195
0.4722, 5194
0.4728, 5193
0.4734, 5192
0.4740, 5191
0.4745, 5190
0.4753, 5189
0.4758, 5188
0.4763, 5187
0.4770, 5186
0.4776, 5185
0.4782, 5184
0.4788, 5183
0.4796, 5182
0.4803, 5181
0.4811, 5180
0.4820, 5179
0.4826, 5178
0.4835, 5177
0.4841, 5176
0.4848, 5175
0.4856, 5174
0.4863, 5173
0.4871, 5172
0.4877, 5171
0.4883, 5170
0.4888, 5169
0.4897, 5168
0.4903, 5167
0.4908, 5166
0.4915, 5165
0.4923, 5164
0.4929, 5163
0.4936, 5162
0.4942, 5161
0.4952, 5160
0.4960, 5159
0.4967, 5158
0.4974, 5157
0.4980, 5156
0.4985, 5155
0.4992, 5154
0.4999, 5153
0.5007, 5152
0.5014, 5151
0.5020, 5150
0.5027, 5149
0.5033, 5148
0.5040, 5147
0.5045, 5146
0.5050, 5145
0.5056, 5144
0.5063, 5143
0.5069, 5142
0.5074, 5141
0.5080, 5140
0.5086, 5139
0.5092, 5138
0.5099, 5137
0.5107, 5136
0.5113, 5135
0.5121, 5134
0.5127, 5133
0.5132, 5132
0.5138, 5131
0.5145, 5130
0.5152, 5129
0.5159, 5128
0.5165, 5127
0.5172, 5126
0.5180, 5125
0.5187, 5124
0.5192, 5123
0.5198, 5122
0.5203, 5121
0.5211, 5120
0.5216, 5119
0.5222, 5118
0.5227, 5117
0.5232, 5116
0.5237, 5115
0.5244, 5114
0.5252, 5113
0.5259, 5112
0.5267, 5111
0.5275, 5110
0.5280, 5109
0.5285, 5108
0.5291, 5107
0.5297, 5106
0.5304, 5105
0.5310, 5104
0.5316, 5103
0.5324, 5102
0.5330, 5101
0.5339, 5100
0.5346, 5099
0.5353, 5098
0.5361, 5097
0.5366, 5096
0.5373, 5095
0.5379, 5094
0.5385, 5093
0.5392, 5092
0.5398, 5091
0.5405, 5090
0.5410, 5089
0.5418, 5088
0.5425, 5087
0.5434, 5086
0.5440, 5085
0.5446, 5084
0.5452, 5083
0.5459, 5082
0.5466, 5081
0.5471, 5080
0.5478, 5079
0.5484, 5078
0.5490, 5077
0.5496, 5076
0.5502, 5075
0.5509, 5074
0.5516, 5073
0.5524, 5072
0.5530, 5071
0.5535, 5070
0.5540, 5069
0.5548, 5068
0.5558, 5067
0.5564, 5066
0.5571, 5065
0.5579, 5064
0.5589, 5063
0.5595, 5062
0.5603, 5061
0.5608, 5060
0.5616, 5059
0.5622, 5058
0.5627, 5057
0.5634, 5056
0.5639, 5055
0.5646, 5054
0.5652, 5053
0.5659, 5052
0.5665, 5051
0.5671, 5050
0.5677, 5049
0.5683, 5048
0.5691, 5047
0.5697, 5046
0.5707, 5045
0.5713, 5044
0.5719, 5043
0.5725, 5042
0.5731, 5041
0.5740, 5040
0.5745, 5039
0.5752, 5038
0.5760, 5037
0.5766, 5036
0.5770, 5035
0.5778, 5034
0.5786, 5033
0.5792, 5032
0.5798, 5031
0.5808, 5030
0.5814, 5029
0.5823, 5028
0.5829, 5027
0.5836, 5026
0.5842, 5025
0.5848, 5024
0.5854, 5023
0.5860, 5022
0.5867, 5021
0.5874, 5020
0.5884, 5019
0.5894, 5018
0.5899, 5017
0.5904, 5016
0.5909, 5015
0.5919, 5014
0.5925, 5013
0.5933, 5012
0.5940, 5011
0.5947, 5010
0.5954, 5009
0.5960, 5008
0.5965, 5007
0.5972, 5006
0.5981, 5005
0.5986, 5004
0.5994, 5003
0.6000, 5002
0.6006, 5001
0.6016, 5000
0.6022, 4999
0.6031, 4998
0.6037, 4997
0.6043, 4996
0.6049, 4995
0.6054, 4994
0.6061, 4993
0.6068, 4992
0.6073, 4991
0.6081, 4990
0.6088, 4989
0.6098, 4988
0.6106, 4987
0.6112, 4986
0.6118, 4985
0.6125, 4984
0.6132, 4983
0.6138, 4982
0.6146, 4981
0.6154, 4980
0.6163, 4979
0.6169, 4978
0.6175, 4977
0.6181, 4976
0.6191, 4975
0.6201, 4974
0.6206, 4973
0.6212, 4972
0.6219, 4971
0.6226, 4970
0.6231, 4969
0.6239, 4968
0.6246, 4967
0.6253, 4966
0.6260, 4965
0.6266, 4964
0.6271, 4963
0.6277, 4962
0.6284, 4961
0.6292, 4960
0.6297, 4959
0.6303, 4958
0.6308, 4957
0.6314, 4956
0.6322, 4955
0.6327, 4954
0.6332, 4953
0.6338, 4952
0.6346, 4951
0.6355, 4950
0.6363, 4949
0.6375, 4948
0.6380, 4947
0.6387, 4946
0.6395, 4945
0.6401, 4944
0.6407, 4943
0.6412, 4942
0.6417, 4941
0.6423, 4940
0.6428, 4939
0.6435, 4938
0.6440, 4937
0.6446, 4936
0.6453, 4935
0.6462, 4934
0.6470, 4933
0.6476, 4932
0.6481, 4931
0.6487, 4930
0.6494, 4929
0.6500, 4928
0.6505, 4927
0.6512, 4926
0.6519, 4925
0.6525, 4924
0.6531, 4923
0.6539, 4922
0.6545, 4921
0.6551, 4920
0.6557, 4919
0.6566, 4918
0.6575, 4917
0.6581, 4916
0.6589, 4915
0.6594, 4914
0.6600, 4913
0.6605, 4912
0.6610, 4911
0.6616, 4910
0.6622, 4909
0.6631, 4908
0.6636, 4907
0.6642, 4906
0.6648, 4905
0.6653, 4904
0.6658, 4903
0.6664, 4902
0.6671, 4901
0.6676, 4900
0.6685, 4899
0.6693, 4898
0.6698, 4897
0.6703, 4896
0.6708, 4895
0.6715, 4894
0.6721, 4893
0.6726, 4892
0.6734, 4891
0.6742, 4890
0.6749, 4889
0.6754, 4888
0.6759, 4887
0.6765, 4886
0.6771, 4885
0.6777, 4884
0.6783, 4883
0.6789, 4882
0.6794, 4881
0.6801, 4880
0.6807, 4879
0.6816, 4878
0.6822, 4877
0.6828, 4876
0.6836, 4875
0.6842, 4874
0.6848, 4873
0.6854, 4872
0.6862, 4871
0.6870, 4870
0.6878, 4869
0.6887, 4868
0.6893, 4867
0.6898, 4866
0.6903, 4865
0.6913, 4864
0.6921, 4863
0.6927, 4862
0.6932, 4861
0.6939, 4860
0.6946, 4859
0.6954, 4858
0.6960, 4857
0.6967, 4856
0.6976, 4855
0.6981, 4854
0.6992, 4853
0.6997, 4852
0.7003, 4851
0.7009, 4850
0.7017, 4849
0.7024, 4848
0.7032, 4847
0.7037, 4846
0.7042, 4845
0.7050, 4844
0.7055, 4843
0.7061, 4842
0.7065, 4841
0.7073, 4840
0.7080, 4839
0.7089, 4838
0.7096, 4837
0.7103, 4836
0.7108, 4835
0.7113, 4834
0.7120, 4833
0.7126, 4832
0.7131, 4831
0.7140, 4830
0.7146, 4829
0.7152, 4828
0.7159, 4827
0.7168, 4826
0.7176, 4825
0.7181, 4824
0.7189, 4823
0.7194, 4822
0.7200, 4821
0.7206, 4820
0.7211, 4819
0.7218, 4818
0.7223, 4817
0.7228, 4816
0.7233, 4815
0.7239, 4814
0.7248, 4813
0.7257, 4812
0.7263, 4811
0.7268, 4810
0.7277, 4809
0.7282, 4808
0.7287, 4807
0.7292, 4806
0.7298, 4805
0.7306, 4804
0.7315, 4803
0.7320, 4802
0.7326, 4801
0.7333, 4800
0.7339, 4799
0.7344, 4798
0.7349, 4797
0.7355, 4796
0.7361, 4795
0.7368, 4794
0.7375, 4793
0.7380, 4792
0.7387, 4791
0.7392, 4790
0.7400, 4789
0.7406, 4788
0.7413, 4787
0.7418, 4786
0.7424, 4785
0.7429, 4784
0.7434, 4783
0.7442, 4782
0.7447, 4781
0.7456, 4780
0.7464, 4779
0.7469, 4778
0.7477, 4777
0.7483, 4776
0.7489, 4775
0.7493, 4774
0.7503, 4773
0.7509, 4772
0.7516, 4771
0.7521, 4770
0.7527, 4769
0.7536, 4768
0.7542, 4767
0.7547, 4766
0.7552, 4765
0.7562, 4764
0.7570, 4763
0.7576, 4762
0.7582, 4761
0.7587, 4760
0.7593, 4759
0.7604, 4758
0.7610, 4757
0.7616, 4756
0.7624, 4755
0.7629, 4754
0.7635, 4753
0.7640, 4752
0.7645, 4751
0.7653, 4750
0.7659, 4749
0.7664, 4748
0.7670, 4747
0.7679, 4746
0.7685, 4745
0.7693, 4744
0.7700, 4743
0.7708, 4742
0.7716, 4741
0.7722, 4740
0.7728, 4739
0.7733, 4738
0.7738, 4737
0.7745, 4736
0.7753, 4735
0.7758, 4734
0.7765, 4733
0.7770, 4732
0.7775, 4731
0.7783, 4730
0.7789, 4729
0.7794, 4728
0.7799, 4727
0.7807, 4726
0.7815, 4725
0.7823, 4724
0.7832, 4723
0.7837, 4722
0.7845, 4721
0.7853, 4720
0.7858, 4719
0.7864, 4718
0.7869, 4717
0.7876, 4716
0.7884, 4715
0.7892, 4714
0.7900, 4713
0.7905, 4712
0.7913, 4711
0.7921, 4710
0.7930, 4709
0.7937, 4708
0.7946, 4707
0.7952, 4706
0.7960, 4705
0.7967, 4704
0.7974, 4703
0.7983, 4702
0.7993, 4701
0.8000, 4700
0.8009, 4699
0.8017, 4698
0.8024, 4697
0.8031, 4696
0.8040, 4695
0.8047, 4694
0.8056, 4693
0.8064, 4692
0.8073, 4691
0.8082, 4690
0.9928, 4689
1.2120, 4688
1.2511, 4687
1.4071, 4686
1.6406, 4685
1.6604, 4684
1.7385, 4683
1.8364, 4682
1.9536, 4681
2.1673, 4680
2.2259, 4679
2.3428, 4678
2.3824, 4677
2.5793, 4676
2.8715, 4675
2.8720, 4674
2.9715, 4673
3.1867, 4672
3.1874, 4671
3.2482, 4670
3.3677, 4669
3.3686, 4668
3.4858, 4667
3.5831, 4666
3.6222, 4665
3.6230, 4664
3.6619, 4663
4.0955, 4662
4.1938, 4661
4.6260, 4660
4.6854, 4659
4.9033, 4658
4.9038, 4657
5.1015, 4656
5.3188, 4655
5.7502, 4654
5.7904, 4653
5.7909, 4652
6.3400, 4651
6.4776, 4650
6.5770, 4649
7.2618, 4648
7.3403, 4647
7.4388, 4646
7.6932, 4645
7.7333, 4644
7.8120, 4643
7.8127, 4642
7.8521, 4641
8.2455, 4640
8.3829, 4639
8.4235, 4638
8.7215, 4637
8.8206, 4636
9.1332, 4635
9.2127, 4634
9.2523, 4633
9.6242, 4632
9.7224, 4631
10.0147, 4630
10.1121, 4629
10.1521, 4628
10.3877, 4627
10.4476, 4626
10.5451, 4625
10.5457, 4624
10.9580, 4623
11.2913, 4622
11.4091, 4621
11.5852, 4620
11.5858, 4619
11.6477, 4618
11.6878, 4617
11.7506, 4616
12.4595, 4615
12.4600, 4614
12.6978, 4613
12.7973, 4612
12.9945, 4611
13.6824, 4610
13.7608, 4609
14.0946, 4608
14.3711, 4607
14.4718, 4606
14.5319, 4605
14.7380, 4604
14.7783, 4603
15.2113, 4602
16.4415, 4601
16.6002, 4600
16.9380, 4599
17.0370, 4598
17.2149, 4597
17.3530, 4596
17.5307, 4595
18.0774, 4594
18.7670, 4593
18.9440, 4592
18.9841, 4591
19.5735, 4590
19.9656, 4589
20.3015, 4588
20.4387, 4587
20.7510, 4586
21.2801, 4585
22.3616, 4584
22.5774, 4583
23.1289, 4582
23.1296, 4581
23.5244, 4580
23.7816, 4579
23.9002, 4578
24.0981, 4577
24.2161, 4576
24.5102, 4575
26.2112, 4574
27.0114, 4573
27.3472, 4572
28.2470, 4571
28.3863, 4570
28.6832, 4569
28.9590, 4568
29.9427, 4567
