0.0000, 10096
0.0010, 10095
0.0019, 10094
0.0029, 10093
0.0038, 10092
0.0048, 10091
0.0057, 10090
0.0066, 10089
0.0076, 10088
0.0085, 10087
0.0095, 10086
0.0104, 10085
0.0114, 10084
0.0123, 10083
0.0133, 10082
0.0143, 10081
0.0152, 10080
0.0161, 10079
0.0171, 10078
0.0180, 10077
0.0190, 10076
0.0199, 10075
0.0209, 10074
0.0218, 10073
0.0228, 10072
0.0237, 10071
0.0247, 10070
0.0256, 10069
0.0265, 10068
0.0275, 10067
0.0284, 10066
0.0294, 10065
0.0303, 10064
0.0312, 10063
0.0322, 10062
0.0331, 10061
0.0340, 10060
0.0350, 10059
0.0359, 10058
0.0368, 10057
0.0378, 10056
0.0387, 10055
0.0397, 10054
0.0406, 10053
0.0416, 10052
0.0425, 10051
0.0434, 10050
0.0444, 10049
0.0454, 10048
0.0463, 10047
0.0473, 10046
0.0483, 10045
0.0492, 10044
0.0501, 10043
0.0511, 10042
0.0520, 10041
0.0530, 10040
0.0539, 10039
0.0548, 10038
0.0557, 10037
0.0567, 10036
0.0576, 10035
0.0586, 10034
0.0595, 10033
0.0605, 10032
0.0614, 10031
0.0624, 10030
0.0633, 10029
0.0643, 10028
0.0652, 10027
0.0662, 10026
0.0672, 10025
0.0681, 10024
0.0691, 10023
0.0700, 10022
0.0710, 10021
0.0720, 10020
0.0729, 10019
0.0738, 10018
0.0748, 10017
0.0758, 10016
0.0767, 10015
0.0777, 10014
0.0786, 10013
0.0795, 10012
0.0805, 10011
0.0814, 10010
0.0823, 10009
0.0833, 10008
0.0842, 10007
0.0852, 10006
0.0861, 10005
0.0870, 10004
0.0880, 10003
0.0889, 10002
0.0898, 10001
0.0908, 10000
0.0917, 9999
0.0926, 9998
0.0936, 9997
0.0945, 9996
0.0954, 9995
0.0963, 9994
0.0972, 9993
0.0982, 9992
0.0991, 9991
0.1000, 9990
0.1010, 9989
0.1019, 9988
0.1028, 9987
0.1037, 9986
0.1046, 9985
0.1056, 9984
0.1065, 9983
0.1074, 9982
0.1083, 9981
0.1092, 9980
0.1101, 9979
0.1111, 9978
0.1121, 9977
0.1130, 9976
0.1139, 9975
0.1148, 9974
0.1158, 9973
0.1167, 9972
0.1176, 9971
0.1185, 9970
0.1194, 9969
0.1204, 9968
0.1213, 9967
0.1223, 9966
0.1232, 9965
0.1242, 9964
0.1251, 9963
0.1261, 9962
0.1270, 9961
0.1279, 9960
0.1288, 9959
0.1297, 9958
0.1306, 9957
0.1316, 9956
0.1325, 9955
0.1334, 9954
0.1344, 9953
0.1353, 9952
0.1362, 9951
0.1372, 9950
0.1381, 9949
0.1390, 9948
0.1399, 9947
0.1410, 9946
0.1419, 9945
0.1428, 9944
0.1438, 9943
0.1447, 9942
0.1456, 9941
0.1466, 9940
0.1475, 9939
0.1484, 9938
0.1494, 9937
0.1503, 9936
0.1512, 9935
0.1521, 9934
0.1530, 9933
0.1540, 9932
0.1549, 9931
0.1558, 9930
0.1568, 9929
0.1577, 9928
0.1587, 9927
0.1596, 9926
0.1606, 9925
0.1615, 9924
0.1625, 9923
0.1634, 9922
0.1643, 9921
0.1652, 9920
0.1662, 9919
0.1671, 9918
0.1680, 9917
0.1689, 9916
0.1699, 9915
0.1708, 9914
0.1717, 9913
0.1727, 9912
0.1736, 9911
0.1745, 9910
0.1754, 9909
0.1764, 9908
0.1773, 9907
0.1782, 9906
0.1792, 9905
0.1801, 9904
0.1810, 9903
0.1820, 9902
0.1829, 9901
0.1838, 9900
0.1848, 9899
0.1857, 9898
0.1866, 9897
0.1875, 9896
0.1885, 9895
0.1894, 9894
0.1903, 9893
0.1913, 9892
0.1922, 9891
0.1931, 9890
0.1940, 9889
0.1949, 9888
0.1958, 9887
0.1968, 9886
0.1978, 9885
0.1987, 9884
0.1996, 9883
0.2005, 9882
0.2015, 9881
0.2024, 9880
0.2033, 9879
0.2043, 9878
0.2052, 9877
0.2062, 9876
0.2071, 9875
0.2080, 9874
0.2089, 9873
0.2099, 9872
0.2108, 9871
0.2117, 9870
0.2126, 9869
0.2135, 9868
0.2144, 9867
0.2154, 9866
0.2163, 9865
0.2172, 9864
0.2181, 9863
0.2191, 9862
0.2200, 9861
0.2209, 9860
0.2218, 9859
0.2227, 9858
0.2237, 9857
0.2246, 9856
0.2255, 9855
0.2265, 9854
0.2274, 9853
0.2283, 9852
0.2292, 9851
0.2302, 9850
0.2311, 9849
0.2321, 9848
0.2330, 9847
0.2339, 9846
0.2348, 9845
0.2357, 9844
0.2368, 9843
0.2377, 9842
0.2386, 9841
0.2396, 9840
0.2405, 9839
0.2415, 9838
0.2424, 9837
0.2434, 9836
0.2443, 9835
0.2453, 9834
0.2463, 9833
0.2472, 9832
0.2481, 9831
0.2490, 9830
0.2499, 9829
0.2509, 9828
0.2518, 9827
0.2527, 9826
0.2537, 9825
0.2546, 9824
0.2555, 9823
0.2564, 9822
0.2573, 9821
0.2583, 9820
0.2592, 9819
0.2601, 9818
0.2610, 9817
0.2620, 9816
0.2629, 9815
0.2638, 9814
0.2647, 9813
0.2656, 9812
0.2665, 9811
0.2674, 9810
0.2683, 9809
0.2692, 9808
0.2702, 9807
0.2711, 9806
0.2720, 9805
0.2729, 9804
0.2739, 9803
0.2748, 9802
0.2757, 9801
0.2767, 9800
0.2776, 9799
0.2785, 9798
0.2795, 9797
0.2804, 9796
0.2813, 9795
0.2822, 9794
0.2832, 9793
0.2841, 9792
0.2850, 9791
0.2859, 9790
0.2869, 9789
0.2878, 9788
0.2887, 9787
0.2897, 9786
0.2906, 9785
0.2916, 9784
0.2925, 9783
0.2934, 9782
0.2943, 9781
0.2952, 9780
0.2961, 9779
0.2970, 9778
0.2979, 9777
0.2988, 9776
0.2997, 9775
0.3007, 9774
0.3016, 9773
0.3025, 9772
0.3034, 9771
0.3043, 9770
0.3053, 9769
0.3062, 9768
0.3072, 9767
0.3081, 9766
0.3090, 9765
0.3099, 9764
0.3109, 9763
0.3118, 9762
0.3127, 9761
0.3136, 9760
0.3145, 9759
0.3154, 9758
0.3163, 9757
0.3172, 9756
0.3181, 9755
0.3190, 9754
0.3200, 9753
0.3208, 9752
0.3217, 9751
0.3226, 9750
0.3236, 9749
0.3245, 9748
0.3254, 9747
0.3263, 9746
0.3272, 9745
0.3281, 9744
0.3290, 9743
0.3299, 9742
0.3308, 9741
0.3317, 9740
0.3327, 9739
0.3336, 9738
0.3345, 9737
0.3354, 9736
0.3363, 9735
0.3373, 9734
0.3382, 9733
0.3391, 9732
0.3400, 9731
0.3409, 9730
0.3418, 9729
0.3427, 9728
0.3436, 9727
0.3446, 9726
0.3455, 9725
0.3464, 9724
0.3473, 9723
0.3481, 9722
0.3490, 9721
0.3499, 9720
0.3509, 9719
0.3518, 9718
0.3527, 9717
0.3536, 9716
0.3545, 9715
0.3554, 9714
0.3563, 9713
0.3572, 9712
0.3581, 9711
0.3590, 9710
0.3599, 9709
0.3608, 9708
0.3617, 9707
0.3626, 9706
0.3635, 9705
0.3644, 9704
0.3654, 9703
0.3662, 9702
0.3671, 9701
0.3680, 9700
0.3689, 9699
0.3698, 9698
0.3707, 9697
0.3716, 9696
0.3725, 9695
0.3734, 9694
0.3743, 9693
0.3753, 9692
0.3762, 9691
0.3771, 9690
0.3780, 9689
0.3790, 9688
0.3799, 9687
0.3808, 9686
0.3817, 9685
0.3826, 9684
0.3835, 9683
0.3844, 9682
0.3853, 9681
0.3862, 9680
0.3871, 9679
0.3880, 9678
0.3889, 9677
0.3898, 9676
0.3907, 9675
0.3917, 9674
0.3926, 9673
0.3935, 9672
0.3945, 9671
0.3954, 9670
0.3963, 9669
0.3972, 9668
0.3981, 9667
0.3990, 9666
0.3999, 9665
0.4008, 9664
0.4017, 9663
0.4026, 9662
0.4035, 9661
0.4044, 9660
0.4053, 9659
0.4063, 9658
0.4072, 9657
0.4081, 9656
0.4090, 9655
0.4099, 9654
0.4108, 9653
0.4117, 9652
0.4126, 9651
0.4135, 9650
0.4144, 9649
0.4153, 9648
0.4162, 9647
0.4171, 9646
0.4180, 9645
0.4189, 9644
0.4198, 9643
0.4207, 9642
0.4217, 9641
0.4226, 9640
0.4235, 9639
0.4245, 9638
0.4254, 9637
0.4263, 9636
0.4271, 9635
0.4280, 9634
0.4289, 9633
0.4298, 9632
0.4307, 9631
0.4316, 9630
0.4324, 9629
0.4333, 9628
0.4342, 9627
0.4351, 9626
0.4361, 9625
0.4370, 9624
0.4380, 9623
0.4390, 9622
0.4399, 9621
0.4408, 9620
0.4417, 9619
0.4426, 9618
0.4435, 9617
0.4444, 9616
0.4453, 9615
0.4462, 9614
0.4471, 9613
0.4480, 9612
0.4489, 9611
0.4498, 9610
0.4507, 9609
0.4516, 9608
0.4525, 9607
0.4534, 9606
0.4543, 9605
0.4552, 9604
0.4562, 9603
0.4572, 9602
0.4581, 9601
0.4590, 9600
0.4599, 9599
0.4608, 9598
0.4617, 9597
0.4626, 9596
0.4634, 9595
0.4643, 9594
0.4652, 9593
0.4661, 9592
0.4670, 9591
0.4679, 9590
0.4688, 9589
0.4697, 9588
0.4706, 9587
0.4715, 9586
0.4724, 9585
0.4733, 9584
0.4742, 9583
0.4752, 9582
0.4761, 9581
0.4770, 9580
0.4779, 9579
0.4787, 9578
0.4796, 9577
0.4805, 9576
0.4814, 9575
0.4823, 9574
0.4833, 9573
0.4842, 9572
0.4851, 9571
0.4860, 9570
0.4869, 9569
0.4878, 9568
0.4887, 9567
0.4896, 9566
0.4905, 9565
0.4914, 9564
0.4923, 9563
0.4931, 9562
0.4940, 9561
0.4949, 9560
0.4959, 9559
0.4968, 9558
0.4977, 9557
0.4986, 9556
0.4995, 9555
0.5004, 9554
0.5013, 9553
0.5022, 9552
0.5030, 9551
0.5040, 9550
0.5048, 9549
0.5057, 9548
0.5066, 9547
0.5075, 9546
0.5084, 9545
0.5094, 9544
0.5102, 9543
0.5111, 9542
0.5120, 9541
0.5129, 9540
0.5138, 9539
0.5147, 9538
0.5156, 9537
0.5165, 9536
0.5174, 9535
0.5183, 9534
0.5192, 9533
0.5201, 9532
0.5210, 9531
0.5218, 9530
0.5227, 9529
0.5236, 9528
0.5245, 9527
0.5255, 9526
0.5265, 9525
0.5274, 9524
0.5283, 9523
0.5292, 9522
0.5301, 9521
0.5310, 9520
0.5319, 9519
0.5327, 9518
0.5335, 9517
0.5344, 9516
0.5352, 9515
0.5361, 9514
0.5369, 9513
0.5377, 9512
0.5386, 9511
0.5395, 9510
0.5404, 9509
0.5412, 9508
0.5421, 9507
0.5429, 9506
0.5438, 9505
0.5447, 9504
0.5456, 9503
0.5466, 9502
0.5476, 9501
0.5487, 9500
0.5497, 9499
0.5508, 9498
0.5518, 9497
0.5528, 9496
0.5539, 9495
0.5549, 9494
0.5560, 9493
0.5570, 9492
0.5580, 9491
0.5590, 9490
0.5600, 9489
0.5611, 9488
0.5622, 9487
0.5632, 9486
0.5642, 9485
0.5653, 9484
0.5664, 9483
0.5674, 9482
0.5685, 9481
0.5695, 9480
0.5706, 9479
0.5716, 9478
0.5727, 9477
0.5737, 9476
0.5748, 9475
0.5758, 9474
0.5769, 9473
0.5780, 9472
0.5790, 9471
0.5800, 9470
0.5810, 9469
0.5821, 9468
0.5831, 9467
0.5842, 9466
0.5852, 9465
0.5862, 9464
0.5873, 9463
0.5883, 9462
0.5894, 9461
0.5904, 9460
0.5915, 9459
0.5926, 9458
0.5936, 9457
0.5946, 9456
0.5957, 9455
0.5967, 9454
0.5978, 9453
0.5988, 9452
0.5999, 9451
0.6009, 9450
0.6019, 9449
0.6029, 9448
0.6040, 9447
0.6050, 9446
0.6061, 9445
0.6071, 9444
0.6081, 9443
0.6092, 9442
0.6102, 9441
0.6112, 9440
0.6123, 9439
0.6133, 9438
0.6143, 9437
0.6153, 9436
0.6164, 9435
0.6174, 9434
0.6184, 9433
0.6194, 9432
0.6204, 9431
0.6215, 9430
0.6225, 9429
0.6235, 9428
0.6245, 9427
0.6255, 9426
0.6265, 9425
0.6276, 9424
0.6287, 9423
0.6299, 9422
0.6311, 9421
0.6322, 9420
0.6334, 9419
0.6345, 9418
0.6356, 9417
0.6366, 9416
0.6376, 9415
0.6387, 9414
0.6397, 9413
0.6407, 9412
0.6417, 9411
0.6428, 9410
0.6438, 9409
0.6449, 9408
0.6459, 9407
0.6469, 9406
0.6479, 9405
0.6489, 9404
0.6500, 9403
0.6510, 9402
0.6520, 9401
0.6531, 9400
0.6541, 9399
0.6551, 9398
0.6561, 9397
0.6573, 9396
0.6583, 9395
0.6593, 9394
0.6604, 9393
0.6613, 9392
0.6623, 9391
0.6634, 9390
0.6644, 9389
0.6654, 9388
0.6664, 9387
0.6675, 9386
0.6685, 9385
0.6695, 9384
0.6705, 9383
0.6716, 9382
0.6726, 9381
0.6735, 9380
0.6746, 9379
0.6756, 9378
0.6766, 9377
0.6776, 9376
0.6786, 9375
0.6797, 9374
0.6806, 9373
0.6817, 9372
0.6827, 9371
0.6838, 9370
0.6848, 9369
0.6859, 9368
0.6869, 9367
0.6879, 9366
0.6889, 9365
0.6899, 9364
0.6909, 9363
0.6920, 9362
0.6930, 9361
0.6940, 9360
0.6950, 9359
0.6960, 9358
0.6970, 9357
0.6981, 9356
0.6991, 9355
0.7002, 9354
0.7012, 9353
0.7022, 9352
0.7032, 9351
0.7043, 9350
0.7053, 9349
0.7063, 9348
0.7073, 9347
0.7083, 9346
0.7093, 9345
0.7103, 9344
0.7113, 9343
0.7123, 9342
0.7134, 9341
0.7144, 9340
0.7154, 9339
0.7164, 9338
0.7174, 9337
0.7184, 9336
0.7194, 9335
0.7204, 9334
0.7215, 9333
0.7225, 9332
0.7235, 9331
0.7246, 9330
0.7256, 9329
0.7266, 9328
0.7276, 9327
0.7286, 9326
0.7297, 9325
0.7307, 9324
0.7317, 9323
0.7326, 9322
0.7336, 9321
0.7346, 9320
0.7356, 9319
0.7366, 9318
0.7376, 9317
0.7386, 9316
0.7396, 9315
0.7406, 9314
0.7416, 9313
0.7425, 9312
0.7436, 9311
0.7446, 9310
0.7456, 9309
0.7466, 9308
0.7476, 9307
0.7486, 9306
0.7497, 9305
0.7507, 9304
0.7517, 9303
0.7527, 9302
0.7537, 9301
0.7546, 9300
0.7556, 9299
0.7566, 9298
0.7576, 9297
0.7585, 9296
0.7595, 9295
0.7605, 9294
0.7615, 9293
0.7625, 9292
0.7635, 9291
0.7645, 9290
0.7655, 9289
0.7665, 9288
0.7675, 9287
0.7684, 9286
0.7694, 9285
0.7704, 9284
0.7715, 9283
0.7725, 9282
0.7735, 9281
0.7745, 9280
0.7755, 9279
0.7765, 9278
0.7774, 9277
0.7784, 9276
0.7794, 9275
0.7804, 9274
0.7814, 9273
0.7824, 9272
0.7833, 9271
0.7843, 9270
0.7853, 9269
0.7863, 9268
0.7873, 9267
0.7883, 9266
0.7892, 9265
0.7902, 9264
0.7912, 9263
0.7922, 9262
0.7931, 9261
0.7941, 9260
0.7951, 9259
0.7961, 9258
0.7970, 9257
0.7980, 9256
0.7990, 9255
0.8000, 9254
0.8010, 9253
0.8020, 9252
0.8030, 9251
0.8039, 9250
0.8049, 9249
0.8059, 9248
0.8069, 9247
0.8079, 9246
0.8088, 9245
0.8098, 9244
0.8108, 9243
0.8118, 9242
0.8128, 9241
0.8138, 9240
0.8148, 9239
0.8157, 9238
0.8167, 9237
0.8177, 9236
0.8186, 9235
0.8196, 9234
0.8206, 9233
0.8216, 9232
0.8226, 9231
0.8235, 9230
0.8245, 9229
0.8256, 9228
0.8265, 9227
0.8275, 9226
0.8285, 9225
0.8295, 9224
0.8305, 9223
0.8315, 9222
0.8324, 9221
0.8335, 9220
0.8344, 9219
0.8354, 9218
0.8364, 9217
0.8374, 9216
0.8384, 9215
0.8394, 9214
0.8403, 9213
0.8413, 9212
0.8423, 9211
0.8433, 9210
0.8442, 9209
0.8452, 9208
0.8462, 9207
0.8471, 9206
0.8481, 9205
0.8491, 9204
0.8501, 9203
0.8511, 9202
0.8521, 9201
0.8530, 9200
0.8540, 9199
0.8549, 9198
0.8559, 9197
0.8569, 9196
0.8579, 9195
0.8588, 9194
0.8598, 9193
0.8607, 9192
0.8617, 9191
0.8626, 9190
0.8636, 9189
0.8645, 9188
0.8655, 9187
0.8665, 9186
0.8675, 9185
0.8684, 9184
0.8694, 9183
0.8703, 9182
0.8713, 9181
0.8722, 9180
0.8732, 9179
0.8742, 9178
0.8752, 9177
0.8762, 9176
0.8771, 9175
0.8781, 9174
0.8790, 9173
0.8800, 9172
0.8810, 9171
0.8819, 9170
0.8829, 9169
0.8839, 9168
0.8848, 9167
0.8858, 9166
0.8867, 9165
0.8877, 9164
0.8887, 9163
0.8896, 9162
0.8905, 9161
0.8915, 9160
0.8924, 9159
0.8934, 9158
0.8944, 9157
0.8953, 9156
0.8963, 9155
0.8972, 9154
0.8981, 9153
0.8991, 9152
0.9000, 9151
0.9010, 9150
0.9019, 9149
0.9029, 9148
0.9039, 9147
0.9048, 9146
0.9058, 9145
0.9068, 9144
0.9077, 9143
0.9087, 9142
0.9097, 9141
0.9107, 9140
0.9116, 9139
0.9126, 9138
0.9136, 9137
0.9146, 9136
0.9156, 9135
0.9167, 9134
0.9177, 9133
0.9187, 9132
0.9198, 9131
0.9209, 9130
0.9220, 9129
0.9231, 9128
0.9241, 9127
0.9251, 9126
0.9261, 9125
0.9270, 9124
0.9280, 9123
0.9289, 9122
0.9299, 9121
0.9309, 9120
0.9318, 9119
0.9328, 9118
0.9337, 9117
0.9347, 9116
0.9356, 9115
0.9366, 9114
0.9375, 9113
0.9385, 9112
0.9394, 9111
0.9404, 9110
0.9414, 9109
0.9424, 9108
0.9433, 9107
0.9443, 9106
0.9453, 9105
0.9462, 9104
0.9472, 9103
0.9481, 9102
0.9490, 9101
0.9500, 9100
0.9509, 9099
0.9519, 9098
0.9529, 9097
0.9539, 9096
0.9548, 9095
0.9558, 9094
0.9567, 9093
0.9577, 9092
0.9586, 9091
0.9596, 9090
0.9606, 9089
0.9615, 9088
0.9624, 9087
0.9634, 9086
0.9644, 9085
0.9653, 9084
0.9662, 9083
0.9672, 9082
0.9681, 9081
0.9690, 9080
0.9700, 9079
0.9709, 9078
0.9719, 9077
0.9728, 9076
0.9738, 9075
0.9747, 9074
0.9757, 9073
0.9766, 9072
0.9775, 9071
0.9785, 9070
0.9794, 9069
0.9804, 9068
0.9814, 9067
0.9823, 9066
0.9832, 9065
0.9841, 9064
0.9851, 9063
0.9861, 9062
0.9870, 9061
0.9879, 9060
0.9889, 9059
0.9898, 9058
0.9907, 9057
0.9917, 9056
0.9927, 9055
0.9936, 9054
0.9946, 9053
0.9957, 9052
0.9967, 9051
0.9977, 9050
0.9987, 9049
0.9997, 9048
1.0007, 9047
1.0016, 9046
1.0026, 9045
1.0035, 9044
1.0045, 9043
1.0054, 9042
1.0064, 9041
1.0073, 9040
1.0082, 9039
1.0092, 9038
1.0101, 9037
1.0111, 9036
1.0120, 9035
1.0130, 9034
1.0139, 9033
1.0148, 9032
1.0158, 9031
1.0168, 9030
1.0178, 9029
1.0187, 9028
1.0197, 9027
1.0206, 9026
1.0216, 9025
1.0225, 9024
1.0236, 9023
1.0246, 9022
1.0256, 9021
1.0265, 9020
1.0276, 9019
1.0286, 9018
1.0297, 9017
1.0307, 9016
1.0318, 9015
1.0328, 9014
1.0338, 9013
1.0348, 9012
1.0358, 9011
1.0367, 9010
1.0377, 9009
1.0386, 9008
1.0395, 9007
1.0404, 9006
1.0414, 9005
1.0423, 9004
1.0433, 9003
1.0442, 9002
1.0452, 9001
1.0462, 9000
1.0471, 8999
1.0481, 8998
1.0491, 8997
1.0501, 8996
1.0510, 8995
1.0520, 8994
1.0529, 8993
1.0539, 8992
1.0549, 8991
1.0559, 8990
1.0569, 8989
1.0578, 8988
1.0588, 8987
1.0597, 8986
1.0606, 8985
1.0615, 8984
1.0625, 8983
1.0634, 8982
1.0644, 8981
1.0653, 8980
1.0663, 8979
1.0672, 8978
1.0681, 8977
1.0691, 8976
1.0700, 8975
1.0710, 8974
1.0719, 8973
1.0728, 8972
1.0737, 8971
1.0747, 8970
1.0756, 8969
1.0766, 8968
1.0776, 8967
1.0785, 8966
1.0794, 8965
1.0803, 8964
1.0813, 8963
1.0822, 8962
1.0832, 8961
1.0841, 8960
1.0850, 8959
1.0860, 8958
1.0869, 8957
1.0879, 8956
1.0888, 8955
1.0898, 8954
1.0908, 8953
1.0918, 8952
1.0927, 8951
1.0937, 8950
1.0946, 8949
1.0955, 8948
1.0965, 8947
1.0974, 8946
1.0983, 8945
1.0993, 8944
1.1002, 8943
1.1012, 8942
1.1021, 8941
1.1031, 8940
1.1040, 8939
1.1050, 8938
1.1059, 8937
1.1069, 8936
1.1078, 8935
1.1088, 8934
1.1097, 8933
1.1106, 8932
1.1116, 8931
1.1125, 8930
1.1134, 8929
1.1144, 8928
1.1153, 8927
1.1163, 8926
1.1172, 8925
1.1182, 8924
1.1191, 8923
1.1200, 8922
1.1209, 8921
1.1218, 8920
1.1228, 8919
1.1237, 8918
1.1246, 8917
1.1255, 8916
1.1265, 8915
1.1274, 8914
1.1283, 8913
1.1292, 8912
1.1301, 8911
1.1311, 8910
1.1320, 8909
1.1329, 8908
1.1338, 8907
1.1347, 8906
1.1357, 8905
1.1366, 8904
1.1375, 8903
1.1385, 8902
1.1394, 8901
1.1404, 8900
1.1413, 8899
1.1422, 8898
1.1432, 8897
1.1441, 8896
1.1451, 8895
1.1460, 8894
1.1469, 8893
1.1478, 8892
1.1487, 8891
1.1497, 8890
1.1506, 8889
1.1515, 8888
1.1524, 8887
1.1534, 8886
1.1543, 8885
1.1553, 8884
1.1562, 8883
1.1571, 8882
1.1581, 8881
1.1590, 8880
1.1599, 8879
1.1608, 8878
1.1617, 8877
1.1626, 8876
1.1635, 8875
1.1645, 8874
1.1655, 8873
1.1664, 8872
1.1673, 8871
1.1682, 8870
1.1691, 8869
1.1700, 8868
1.1709, 8867
1.1719, 8866
1.1728, 8865
1.1738, 8864
1.1747, 8863
1.1756, 8862
1.1765, 8861
1.1774, 8860
1.1783, 8859
1.1792, 8858
1.1802, 8857
1.1811, 8856
1.1820, 8855
1.1829, 8854
1.1838, 8853
1.1847, 8852
1.1856, 8851
1.1865, 8850
1.1874, 8849
1.1883, 8848
1.1892, 8847
1.1901, 8846
1.1911, 8845
1.1920, 8844
1.1929, 8843
1.1938, 8842
1.1947, 8841
1.1956, 8840
1.1965, 8839
1.1974, 8838
1.1983, 8837
1.1993, 8836
1.2002, 8835
1.2011, 8834
1.2021, 8833
1.2030, 8832
1.2039, 8831
1.2048, 8830
1.2057, 8829
1.2066, 8828
1.2075, 8827
1.2085, 8826
1.2094, 8825
1.2103, 8824
1.2112, 8823
1.2121, 8822
1.2130, 8821
1.2139, 8820
1.2148, 8819
1.2158, 8818
1.2167, 8817
1.2176, 8816
1.2185, 8815
1.2194, 8814
1.2203, 8813
1.2212, 8812
1.2221, 8811
1.2230, 8810
1.2239, 8809
1.2248, 8808
1.2257, 8807
1.2267, 8806
1.2276, 8805
1.2285, 8804
1.2294, 8803
1.2303, 8802
1.2313, 8801
1.2322, 8800
1.2331, 8799
1.2340, 8798
1.2349, 8797
1.2357, 8796
1.2367, 8795
1.2376, 8794
1.2385, 8793
1.2394, 8792
1.2403, 8791
1.2412, 8790
1.2421, 8789
1.2430, 8788
1.2439, 8787
1.2448, 8786
1.2458, 8785
1.2467, 8784
1.2476, 8783
1.2485, 8782
1.2494, 8781
1.2503, 8780
1.2512, 8779
1.2521, 8778
1.2530, 8777
1.2538, 8776
1.2547, 8775
1.2556, 8774
1.2565, 8773
1.2574, 8772
1.2583, 8771
1.2592, 8770
1.2601, 8769
1.2611, 8768
1.2620, 8767
1.2628, 8766
1.2637, 8765
1.2647, 8764
1.2656, 8763
1.2665, 8762
1.2674, 8761
1.2683, 8760
1.2692, 8759
1.2701, 8758
1.2710, 8757
1.2718, 8756
1.2728, 8755
1.2737, 8754
1.2746, 8753
1.2754, 8752
1.2763, 8751
1.2772, 8750
1.2781, 8749
1.2790, 8748
1.2799, 8747
1.2807, 8746
1.2816, 8745
1.2825, 8744
1.2834, 8743
1.2843, 8742
1.2852, 8741
1.2861, 8740
1.2870, 8739
1.2878, 8738
1.2887, 8737
1.2896, 8736
1.2905, 8735
1.2914, 8734
1.2923, 8733
1.2932, 8732
1.2940, 8731
1.2949, 8730
1.2958, 8729
1.2966, 8728
1.2975, 8727
1.2984, 8726
1.2993, 8725
1.3001, 8724
1.3010, 8723
1.3019, 8722
1.3028, 8721
1.3037, 8720
1.3046, 8719
1.3054, 8718
1.3064, 8717
1.3073, 8716
1.3082, 8715
1.3090, 8714
1.3099, 8713
1.3108, 8712
1.3117, 8711
1.3126, 8710
1.3135, 8709
1.3143, 8708
1.3153, 8707
1.3161, 8706
1.3170, 8705
1.3179, 8704
1.3188, 8703
1.3197, 8702
1.3205, 8701
1.3214, 8700
1.3223, 8699
1.3232, 8698
1.3240, 8697
1.3249, 8696
1.3258, 8695
1.3266, 8694
1.3275, 8693
1.3283, 8692
1.3292, 8691
1.3301, 8690
1.3310, 8689
1.3318, 8688
1.3327, 8687
1.3335, 8686
1.3344, 8685
1.3353, 8684
1.3362, 8683
1.3371, 8682
1.3380, 8681
1.3389, 8680
1.3398, 8679
1.3406, 8678
1.3415, 8677
1.3424, 8676
1.3432, 8675
1.3441, 8674
1.3450, 8673
1.3458, 8672
1.3467, 8671
1.3475, 8670
1.3484, 8669
1.3493, 8668
1.3501, 8667
1.3510, 8666
1.3519, 8665
1.3528, 8664
1.3536, 8663
1.3545, 8662
1.3553, 8661
1.3562, 8660
1.3570, 8659
1.3579, 8658
1.3588, 8657
1.3596, 8656
1.3605, 8655
1.3614, 8654
1.3622, 8653
1.3631, 8652
1.3640, 8651
1.3649, 8650
1.3657, 8649
1.3666, 8648
1.3674, 8647
1.3683, 8646
1.3692, 8645
1.3700, 8644
1.3709, 8643
1.3718, 8642
1.3726, 8641
1.3735, 8640
1.3744, 8639
1.3753, 8638
1.3761, 8637
1.3770, 8636
1.3779, 8635
1.3787, 8634
1.3796, 8633
1.3805, 8632
1.3813, 8631
1.3822, 8630
1.3831, 8629
1.3840, 8628
1.3848, 8627
1.3857, 8626
1.3865, 8625
1.3874, 8624
1.3883, 8623
1.3891, 8622
1.3900, 8621
1.3908, 8620
1.3917, 8619
1.3925, 8618
1.3934, 8617
1.3942, 8616
1.3951, 8615
1.3960, 8614
1.3968, 8613
1.3977, 8612
1.3985, 8611
1.3994, 8610
1.4002, 8609
1.4011, 8608
1.4020, 8607
1.4028, 8606
1.4037, 8605
1.4046, 8604
1.4054, 8603
1.4062, 8602
1.4070, 8601
1.4077, 8600
1.4085, 8599
1.4093, 8598
1.4100, 8597
1.4108, 8596
1.4116, 8595
1.4123, 8594
1.4131, 8593
1.4139, 8592
1.4147, 8591
1.4154, 8590
1.4162, 8589
1.4170, 8588
1.4177, 8587
1.4185, 8586
1.4193, 8585
1.4201, 8584
1.4209, 8583
1.4216, 8582
1.4224, 8581
1.4231, 8580
1.4238, 8579
1.4246, 8578
1.4253, 8577
1.4261, 8576
1.4269, 8575
1.4276, 8574
1.4284, 8573
1.4292, 8572
1.4299, 8571
1.4307, 8570
1.4315, 8569
1.4322, 8568
1.4330, 8567
1.4338, 8566
1.4345, 8565
1.4353, 8564
1.4361, 8563
1.4368, 8562
1.4376, 8561
1.4383, 8560
1.4391, 8559
1.4399, 8558
1.4406, 8557
1.4414, 8556
1.4421, 8555
1.4429, 8554
1.4436, 8553
1.4444, 8552
1.4452, 8551
1.4459, 8550
1.4467, 8549
1.4474, 8548
1.4482, 8547
1.4490, 8546
1.4498, 8545
1.4505, 8544
1.4513, 8543
1.4521, 8542
1.4528, 8541
1.4536, 8540
1.4543, 8539
1.4551, 8538
1.4559, 8537
1.4566, 8536
1.4574, 8535
1.4582, 8534
1.4589, 8533
1.4597, 8532
1.4604, 8531
1.4612, 8530
1.4619, 8529
1.4627, 8528
1.4635, 8527
1.4643, 8526
1.4650, 8525
1.4658, 8524
1.4665, 8523
1.4673, 8522
1.4680, 8521
1.4688, 8520
1.4696, 8519
1.4703, 8518
1.4711, 8517
1.4718, 8516
1.4726, 8515
1.4733, 8514
1.4741, 8513
1.4749, 8512
1.4756, 8511
1.4764, 8510
1.4771, 8509
1.4779, 8508
1.4786, 8507
1.4793, 8506
1.4801, 8505
1.4809, 8504
1.4816, 8503
1.4824, 8502
1.4831, 8501
1.4839, 8500
1.4846, 8499
1.4854, 8498
1.4861, 8497
1.4869, 8496
1.4876, 8495
1.4884, 8494
1.4891, 8493
1.4899, 8492
1.4907, 8491
1.4914, 8490
1.4922, 8489
1.4929, 8488
1.4937, 8487
1.4944, 8486
1.4952, 8485
1.4959, 8484
1.4967, 8483
1.4974, 8482
1.4982, 8481
1.4989, 8480
1.4996, 8479
1.5004, 8478
1.5011, 8477
1.5019, 8476
1.5026, 8475
1.5034, 8474
1.5042, 8473
1.5049, 8472
1.5058, 8471
1.5066, 8470
1.5074, 8469
1.5083, 8468
1.5091, 8467
1.5099, 8466
1.5106, 8465
1.5114, 8464
1.5122, 8463
1.5129, 8462
1.5137, 8461
1.5145, 8460
1.5152, 8459
1.5160, 8458
1.5167, 8457
1.5175, 8456
1.5183, 8455
1.5190, 8454
1.5198, 8453
1.5206, 8452
1.5214, 8451
1.5221, 8450
1.5229, 8449
1.5238, 8448
1.5245, 8447
1.5253, 8446
1.5260, 8445
1.5268, 8444
1.5275, 8443
1.5283, 8442
1.5290, 8441
1.5298, 8440
1.5305, 8439
1.5313, 8438
1.5321, 8437
1.5328, 8436
1.5336, 8435
1.5343, 8434
1.5351, 8433
1.5359, 8432
1.5366, 8431
1.5374, 8430
1.5382, 8429
1.5390, 8428
1.5397, 8427
1.5405, 8426
1.5413, 8425
1.5420, 8424
1.5428, 8423
1.5435, 8422
1.5443, 8421
1.5450, 8420
1.5458, 8419
1.5466, 8418
1.5474, 8417
1.5481, 8416
1.5489, 8415
1.5496, 8414
1.5503, 8413
1.5511, 8412
1.5519, 8411
1.5527, 8410
1.5534, 8409
1.5542, 8408
1.5549, 8407
1.5556, 8406
1.5564, 8405
1.5572, 8404
1.5579, 8403
1.5587, 8402
1.5595, 8401
1.5602, 8400
1.5610, 8399
1.5617, 8398
1.5625, 8397
1.5632, 8396
1.5640, 8395
1.5648, 8394
1.5655, 8393
1.5663, 8392
1.5671, 8391
1.5679, 8390
1.5687, 8389
1.5694, 8388
1.5701, 8387
1.5709, 8386
1.5717, 8385
1.5724, 8384
1.5732, 8383
1.5739, 8382
1.5747, 8381
1.5754, 8380
1.5762, 8379
1.5769, 8378
1.5777, 8377
1.5785, 8376
1.5793, 8375
1.5800, 8374
1.5808, 8373
1.5815, 8372
1.5823, 8371
1.5831, 8370
1.5838, 8369
1.5846, 8368
1.5853, 8367
1.5861, 8366
1.5868, 8365
1.5876, 8364
1.5883, 8363
1.5891, 8362
1.5898, 8361
1.5906, 8360
1.5913, 8359
1.5921, 8358
1.5928, 8357
1.5936, 8356
1.5944, 8355
1.5951, 8354
1.5959, 8353
1.5966, 8352
1.5974, 8351
1.5981, 8350
1.5989, 8349
1.5996, 8348
1.6004, 8347
1.6012, 8346
1.6019, 8345
1.6026, 8344
1.6034, 8343
1.6042, 8342
1.6050, 8341
1.6057, 8340
1.6065, 8339
1.6072, 8338
1.6079, 8337
1.6087, 8336
1.6095, 8335
1.6102, 8334
1.6109, 8333
1.6117, 8332
1.6124, 8331
1.6132, 8330
1.6139, 8329
1.6147, 8328
1.6154, 8327
1.6162, 8326
1.6169, 8325
1.6177, 8324
1.6184, 8323
1.6192, 8322
1.6199, 8321
1.6206, 8320
1.6214, 8319
1.6221, 8318
1.6229, 8317
1.6236, 8316
1.6244, 8315
1.6251, 8314
1.6259, 8313
1.6267, 8312
1.6274, 8311
1.6282, 8310
1.6289, 8309
1.6296, 8308
1.6304, 8307
1.6311, 8306
1.6319, 8305
1.6327, 8304
1.6334, 8303
1.6342, 8302
1.6349, 8301
1.6357, 8300
1.6364, 8299
1.6371, 8298
1.6379, 8297
1.6386, 8296
1.6393, 8295
1.6401, 8294
1.6409, 8293
1.6416, 8292
1.6424, 8291
1.6431, 8290
1.6439, 8289
1.6446, 8288
1.6454, 8287
1.6461, 8286
1.6468, 8285
1.6476, 8284
1.6483, 8283
1.6491, 8282
1.6498, 8281
1.6505, 8280
1.6513, 8279
1.6520, 8278
1.6528, 8277
1.6535, 8276
1.6543, 8275
1.6550, 8274
1.6557, 8273
1.6565, 8272
1.6572, 8271
1.6580, 8270
1.6587, 8269
1.6595, 8268
1.6602, 8267
1.6610, 8266
1.6617, 8265
1.6625, 8264
1.6632, 8263
1.6639, 8262
1.6647, 8261
1.6655, 8260
1.6662, 8259
1.6670, 8258
1.6678, 8257
1.6685, 8256
1.6692, 8255
1.6700, 8254
1.6707, 8253
1.6714, 8252
1.6722, 8251
1.6730, 8250
1.6737, 8249
1.6745, 8248
1.6752, 8247
1.6760, 8246
1.6767, 8245
1.6775, 8244
1.6782, 8243
1.6789, 8242
1.6797, 8241
1.6804, 8240
1.6812, 8239
1.6819, 8238
1.6826, 8237
1.6833, 8236
1.6841, 8235
1.6848, 8234
1.6855, 8233
1.6863, 8232
1.6870, 8231
1.6877, 8230
1.6885, 8229
1.6892, 8228
1.6900, 8227
1.6907, 8226
1.6914, 8225
1.6922, 8224
1.6929, 8223
1.6936, 8222
1.6944, 8221
1.6951, 8220
1.6959, 8219
1.6966, 8218
1.6974, 8217
1.6981, 8216
1.6989, 8215
1.6996, 8214
1.7004, 8213
1.7011, 8212
1.7019, 8211
1.7026, 8210
1.7033, 8209
1.7041, 8208
1.7048, 8207
1.7056, 8206
1.7063, 8205
1.7071, 8204
1.7078, 8203
1.7085, 8202
1.7093, 8201
1.7100, 8200
1.7107, 8199
1.7115, 8198
1.7122, 8197
1.7129, 8196
1.7136, 8195
1.7144, 8194
1.7151, 8193
1.7158, 8192
1.7166, 8191
1.7173, 8190
1.7180, 8189
1.7187, 8188
1.7195, 8187
1.7202, 8186
1.7209, 8185
1.7216, 8184
1.7224, 8183
1.7232, 8182
1.7239, 8181
1.7247, 8180
1.7254, 8179
1.7262, 8178
1.7269, 8177
1.7276, 8176
1.7284, 8175
1.7291, 8174
1.7298, 8173
1.7306, 8172
1.7313, 8171
1.7320, 8170
1.7327, 8169
1.7335, 8168
1.7342, 8167
1.7349, 8166
1.7357, 8165
1.7364, 8164
1.7371, 8163
1.7378, 8162
1.7385, 8161
1.7393, 8160
1.7400, 8159
1.7407, 8158
1.7415, 8157
1.7422, 8156
1.7430, 8155
1.7437, 8154
1.7445, 8153
1.7453, 8152
1.7461, 8151
1.7468, 8150
1.7476, 8149
1.7484, 8148
1.7491, 8147
1.7499, 8146
1.7507, 8145
1.7514, 8144
1.7523, 8143
1.7530, 8142
1.7538, 8141
1.7545, 8140
1.7553, 8139
1.7561, 8138
1.7568, 8137
1.7576, 8136
1.7584, 8135
1.7591, 8134
1.7599, 8133
1.7606, 8132
1.7614, 8131
1.7622, 8130
1.7630, 8129
1.7638, 8128
1.7645, 8127
1.7653, 8126
1.7661, 8125
1.7669, 8124
1.7676, 8123
1.7684, 8122
1.7692, 8121
1.7699, 8120
1.7707, 8119
1.7715, 8118
1.7723, 8117
1.7730, 8116
1.7738, 8115
1.7745, 8114
1.7753, 8113
1.7761, 8112
1.7769, 8111
1.7777, 8110
1.7785, 8109
1.7792, 8108
1.7800, 8107
1.7807, 8106
1.7814, 8105
1.7822, 8104
1.7829, 8103
1.7837, 8102
1.7844, 8101
1.7851, 8100
1.7859, 8099
1.7866, 8098
1.7874, 8097
1.7881, 8096
1.7888, 8095
1.7896, 8094
1.7904, 8093
1.7911, 8092
1.7918, 8091
1.7926, 8090
1.7933, 8089
1.7940, 8088
1.7948, 8087
1.7955, 8086
1.7962, 8085
1.7970, 8084
1.7977, 8083
1.7984, 8082
1.7992, 8081
1.7999, 8080
1.8006, 8079
1.8014, 8078
1.8021, 8077
1.8028, 8076
1.8036, 8075
1.8043, 8074
1.8050, 8073
1.8058, 8072
1.8065, 8071
1.8073, 8070
1.8080, 8069
1.8087, 8068
1.8095, 8067
1.8102, 8066
1.8109, 8065
1.8116, 8064
1.8123, 8063
1.8131, 8062
1.8138, 8061
1.8145, 8060
1.8153, 8059
1.8160, 8058
1.8167, 8057
1.8175, 8056
1.8182, 8055
1.8189, 8054
1.8197, 8053
1.8204, 8052
1.8212, 8051
1.8219, 8050
1.8226, 8049
1.8233, 8048
1.8241, 8047
1.8248, 8046
1.8256, 8045
1.8263, 8044
1.8270, 8043
1.8278, 8042
1.8285, 8041
1.8292, 8040
1.8300, 8039
1.8307, 8038
1.8314, 8037
1.8322, 8036
1.8329, 8035
1.8337, 8034
1.8344, 8033
1.8352, 8032
1.8359, 8031
1.8366, 8030
1.8373, 8029
1.8381, 8028
1.8388, 8027
1.8395, 8026
1.8402, 8025
1.8409, 8024
1.8417, 8023
1.8424, 8022
1.8431, 8021
1.8439, 8020
1.8446, 8019
1.8453, 8018
1.8461, 8017
1.8468, 8016
1.8475, 8015
1.8482, 8014
1.8489, 8013
1.8496, 8012
1.8503, 8011
1.8510, 8010
1.8518, 8009
1.8525, 8008
1.8532, 8007
1.8539, 8006
1.8546, 8005
1.8553, 8004
1.8560, 8003
1.8568, 8002
1.8575, 8001
1.8582, 8000
1.8590, 7999
1.8597, 7998
1.8604, 7997
1.8611, 7996
1.8618, 7995
1.8626, 7994
1.8633, 7993
1.8640, 7992
1.8647, 7991
1.8654, 7990
1.8662, 7989
1.8668, 7988
1.8676, 7987
1.8683, 7986
1.8690, 7985
1.8697, 7984
1.8704, 7983
1.8712, 7982
1.8719, 7981
1.8726, 7980
1.8733, 7979
1.8740, 7978
1.8748, 7977
1.8755, 7976
1.8762, 7975
1.8769, 7974
1.8776, 7973
1.8783, 7972
1.8791, 7971
1.8798, 7970
1.8805, 7969
1.8812, 7968
1.8819, 7967
1.8827, 7966
1.8834, 7965
1.8841, 7964
1.8848, 7963
1.8855, 7962
1.8863, 7961
1.8870, 7960
1.8877, 7959
1.8884, 7958
1.8891, 7957
1.8898, 7956
1.8905, 7955
1.8912, 7954
1.8919, 7953
1.8927, 7952
1.8934, 7951
1.8941, 7950
1.8948, 7949
1.8955, 7948
1.8962, 7947
1.8970, 7946
1.8977, 7945
1.8984, 7944
1.8991, 7943
1.8999, 7942
1.9006, 7941
1.9013, 7940
1.9020, 7939
1.9027, 7938
1.9035, 7937
1.9042, 7936
1.9049, 7935
1.9056, 7934
1.9063, 7933
1.9070, 7932
1.9077, 7931
1.9084, 7930
1.9092, 7929
1.9099, 7928
1.9106, 7927
1.9113, 7926
1.9120, 7925
1.9127, 7924
1.9134, 7923
1.9141, 7922
1.9148, 7921
1.9155, 7920
1.9163, 7919
1.9170, 7918
1.9177, 7917
1.9184, 7916
1.9191, 7915
1.9198, 7914
1.9205, 7913
1.9212, 7912
1.9219, 7911
1.9226, 7910
1.9233, 7909
1.9240, 7908
1.9247, 7907
1.9254, 7906
1.9261, 7905
1.9268, 7904
1.9275, 7903
1.9283, 7902
1.9290, 7901
1.9297, 7900
1.9304, 7899
1.9311, 7898
1.9318, 7897
1.9325, 7896
1.9332, 7895
1.9339, 7894
1.9346, 7893
1.9353, 7892
1.9360, 7891
1.9367, 7890
1.9374, 7889
1.9381, 7888
1.9388, 7887
1.9395, 7886
1.9402, 7885
1.9409, 7884
1.9416, 7883
1.9423, 7882
1.9430, 7881
1.9438, 7880
1.9445, 7879
1.9452, 7878
1.9459, 7877
1.9466, 7876
1.9473, 7875
1.9480, 7874
1.9487, 7873
1.9494, 7872
1.9504, 7871
1.9514, 7870
1.9525, 7869
1.9536, 7868
1.9547, 7867
1.9560, 7866
1.9573, 7865
1.9585, 7864
1.9596, 7863
1.9606, 7862
1.9615, 7861
1.9626, 7860
1.9635, 7859
1.9646, 7858
1.9655, 7857
1.9665, 7856
1.9676, 7855
1.9689, 7854
1.9700, 7853
1.9713, 7852
1.9723, 7851
1.9733, 7850
1.9742, 7849
1.9755, 7848
1.9766, 7847
1.9775, 7846
1.9785, 7845
1.9797, 7844
1.9808, 7843
1.9818, 7842
1.9828, 7841
1.9837, 7840
1.9848, 7839
1.9860, 7838
1.9870, 7837
1.9881, 7836
1.9891, 7835
1.9900, 7834
1.9909, 7833
1.9922, 7832
1.9932, 7831
1.9943, 7830
1.9952, 7829
1.9961, 7828
1.9972, 7827
1.9983, 7826
1.9993, 7825
2.0002, 7824
2.0013, 7823
2.0022, 7822
2.0033, 7821
2.0043, 7820
2.0054, 7819
2.0064, 7818
2.0075, 7817
2.0085, 7816
2.0094, 7815
2.0105, 7814
2.0115, 7813
2.0126, 7812
2.0136, 7811
2.0147, 7810
2.0156, 7809
2.0166, 7808
2.0176, 7807
2.0186, 7806
2.0196, 7805
2.0206, 7804
2.0217, 7803
2.0227, 7802
2.0238, 7801
2.0248, 7800
2.0259, 7799
2.0270, 7798
2.0281, 7797
2.0292, 7796
2.0303, 7795
2.0313, 7794
2.0324, 7793
2.0334, 7792
2.0345, 7791
2.0356, 7790
2.0366, 7789
2.0377, 7788
2.0387, 7787
2.0397, 7786
2.0407, 7785
2.0417, 7784
2.0427, 7783
2.0436, 7782
2.0447, 7781
2.0458, 7780
2.0468, 7779
2.0479, 7778
2.0490, 7777
2.0500, 7776
2.0511, 7775
2.0521, 7774
2.0531, 7773
2.0542, 7772
2.0552, 7771
2.0563, 7770
2.0573, 7769
2.0584, 7768
2.0595, 7767
2.0606, 7766
2.0617, 7765
2.0628, 7764
2.0638, 7763
2.0649, 7762
2.0659, 7761
2.0671, 7760
2.0682, 7759
2.0692, 7758
2.0703, 7757
2.0714, 7756
2.0725, 7755
2.0735, 7754
2.0746, 7753
2.0757, 7752
2.0768, 7751
2.0779, 7750
2.0789, 7749
2.0799, 7748
2.0810, 7747
2.0821, 7746
2.0832, 7745
2.0843, 7744
2.0852, 7743
2.0862, 7742
2.0872, 7741
2.0883, 7740
2.0893, 7739
2.0904, 7738
2.0914, 7737
2.0924, 7736
2.0934, 7735
2.0945, 7734
2.0955, 7733
2.0966, 7732
2.0976, 7731
2.0986, 7730
2.0997, 7729
2.1007, 7728
2.1018, 7727
2.1028, 7726
2.1039, 7725
2.1050, 7724
2.1062, 7723
2.1070, 7722
2.1082, 7721
2.1093, 7720
2.1105, 7719
2.1116, 7718
2.1127, 7717
2.1137, 7716
2.1148, 7715
2.1159, 7714
2.1171, 7713
2.1183, 7712
2.1192, 7711
2.1202, 7710
2.1212, 7709
2.1222, 7708
2.1231, 7707
2.1241, 7706
2.1251, 7705
2.1262, 7704
2.1271, 7703
2.1280, 7702
2.1289, 7701
2.1299, 7700
2.1309, 7699
2.1318, 7698
2.1327, 7697
2.1337, 7696
2.1346, 7695
2.1356, 7694
2.1366, 7693
2.1376, 7692
2.1385, 7691
2.1395, 7690
2.1405, 7689
2.1413, 7688
2.1423, 7687
2.1433, 7686
2.1442, 7685
2.1452, 7684
2.1460, 7683
2.1469, 7682
2.1479, 7681
2.1489, 7680
2.1499, 7679
2.1509, 7678
2.1518, 7677
2.1526, 7676
2.1535, 7675
2.1545, 7674
2.1554, 7673
2.1564, 7672
2.1574, 7671
2.1584, 7670
2.1594, 7669
2.1603, 7668
2.1614, 7667
2.1623, 7666
2.1634, 7665
2.1644, 7664
2.1654, 7663
2.1664, 7662
2.1673, 7661
2.1683, 7660
2.1695, 7659
2.1706, 7658
2.1718, 7657
2.1729, 7656
2.1739, 7655
2.1751, 7654
2.1763, 7653
2.1773, 7652
2.1784, 7651
2.1796, 7650
2.1808, 7649
2.1817, 7648
2.1827, 7647
2.1837, 7646
2.1847, 7645
2.1858, 7644
2.1869, 7643
2.1881, 7642
2.1892, 7641
2.1903, 7640
2.1915, 7639
2.1924, 7638
2.1936, 7637
2.1949, 7636
2.1961, 7635
2.1973, 7634
2.1986, 7633
2.1998, 7632
2.2010, 7631
2.2021, 7630
2.2033, 7629
2.2045, 7628
2.2058, 7627
2.2070, 7626
2.2082, 7625
2.2094, 7624
2.2106, 7623
2.2119, 7622
2.2131, 7621
2.2143, 7620
2.2156, 7619
2.2168, 7618
2.2180, 7617
2.2192, 7616
2.2203, 7615
2.2215, 7614
2.2226, 7613
2.2236, 7612
2.2246, 7611
2.2256, 7610
2.2267, 7609
2.2279, 7608
2.2291, 7607
2.2302, 7606
2.2314, 7605
2.2327, 7604
2.2339, 7603
2.2351, 7602
2.2362, 7601
2.2373, 7600
2.2386, 7599
2.2398, 7598
2.2408, 7597
2.2420, 7596
2.2431, 7595
2.2443, 7594
2.2455, 7593
2.2466, 7592
2.2478, 7591
2.2490, 7590
2.2502, 7589
2.2514, 7588
2.2527, 7587
2.2539, 7586
2.2550, 7585
2.2563, 7584
2.2576, 7583
2.2588, 7582
2.2600, 7581
2.2612, 7580
2.2624, 7579
2.2636, 7578
2.2647, 7577
2.2659, 7576
2.2671, 7575
2.2683, 7574
2.2695, 7573
2.2705, 7572
2.2718, 7571
2.2731, 7570
2.2743, 7569
2.2753, 7568
2.2766, 7567
2.2777, 7566
2.2788, 7565
2.2797, 7564
2.2809, 7563
2.2822, 7562
2.2834, 7561
2.2844, 7560
2.2857, 7559
2.2867, 7558
2.2877, 7557
2.2888, 7556
2.2900, 7555
2.2911, 7554
2.2923, 7553
2.2935, 7552
2.2946, 7551
2.2957, 7550
2.2970, 7549
2.2981, 7548
2.2992, 7547
2.3005, 7546
2.3016, 7545
2.3026, 7544
2.3038, 7543
2.3049, 7542
2.3062, 7541
2.3072, 7540
2.3084, 7539
2.3095, 7538
2.3107, 7537
2.3119, 7536
2.3130, 7535
2.3142, 7534
2.3154, 7533
2.3167, 7532
2.3180, 7531
2.3193, 7530
2.3205, 7529
2.3217, 7528
2.3230, 7527
2.3242, 7526
2.3254, 7525
2.3265, 7524
2.3274, 7523
2.3284, 7522
2.3294, 7521
2.3305, 7520
2.3317, 7519
2.3325, 7518
2.3334, 7517
2.3343, 7516
2.3353, 7515
2.3363, 7514
2.3372, 7513
2.3381, 7512
2.3391, 7511
2.3401, 7510
2.3409, 7509
2.3419, 7508
2.3428, 7507
2.3438, 7506
2.3446, 7505
2.3455, 7504
2.3465, 7503
2.3475, 7502
2.3485, 7501
2.3494, 7500
2.3504, 7499
2.3512, 7498
2.3522, 7497
2.3531, 7496
2.3541, 7495
2.3550, 7494
2.3560, 7493
2.3570, 7492
2.3580, 7491
2.3590, 7490
2.3599, 7489
2.3606, 7488
2.3615, 7487
2.3625, 7486
2.3635, 7485
2.3645, 7484
2.3655, 7483
2.3664, 7482
2.3674, 7481
2.3684, 7480
2.3692, 7479
2.3701, 7478
2.3711, 7477
2.3720, 7476
2.3728, 7475
2.3736, 7474
2.3745, 7473
2.3755, 7472
2.3764, 7471
2.3774, 7470
2.3784, 7469
2.3793, 7468
3.2158, 7467
10.7015, 7466
11.4975, 7465
11.5232, 7464
13.0116, 7463
14.8356, 7462
15.1956, 7461
15.1966, 7460
15.4218, 7459
17.0526, 7458
21.1295, 7457
21.3116, 7456
21.4495, 7455
21.5008, 7454
21.8624, 7453
21.8631, 7452
22.1734, 7451
22.1743, 7450
22.2004, 7449
22.2148, 7448
22.3535, 7447
22.3676, 7446
22.3684, 7445
22.5311, 7444
22.5318, 7443
23.2373, 7442
23.4145, 7441
23.6146, 7440
23.6158, 7439
24.0280, 7438
24.0288, 7437
24.2203, 7436
24.2475, 7435
24.4378, 7434
24.4518, 7433
24.6560, 7432
24.6567, 7431
24.7843, 7430
24.7851, 7429
24.8743, 7428
24.9025, 7427
24.9032, 7426
25.1311, 7425
25.1583, 7424
25.2225, 7423
25.3346, 7422
25.5327, 7421
25.5958, 7420
25.7471, 7419
25.8353, 7418
26.1857, 7417
26.1870, 7416
26.4586, 7415
26.4594, 7414
26.7066, 7413
26.7462, 7412
26.7472, 7411
26.9005, 7410
26.9014, 7409
27.2423, 7408
27.2689, 7407
27.5342, 7406
27.5624, 7405
27.5633, 7404
27.5640, 7403
27.5784, 7402
27.5791, 7401
27.6541, 7400
27.6803, 7399
27.8547, 7398
27.8556, 7397
28.0900, 7396
28.1035, 7395
28.1783, 7394
28.2287, 7393
28.5979, 7392
28.5986, 7391
28.6369, 7390
28.6377, 7389
28.8258, 7388
28.8524, 7387
29.0557, 7386
29.1581, 7385
29.1588, 7384
29.2729, 7383
29.3005, 7382
29.3149, 7381
29.3156, 7380
29.4919, 7379
29.5297, 7378
29.7407, 7377
29.7797, 7376
