0.0000, 5900
0.0006, 5899
0.0013, 5898
0.0019, 5897
0.0028, 5896
0.0036, 5895
0.0043, 5894
0.0049, 5893
0.0058, 5892
0.0063, 5891
0.0072, 5890
0.0077, 5889
0.0082, 5888
0.0087, 5887
0.0097, 5886
0.0106, 5885
0.0113, 5884
0.0125, 5883
0.0132, 5882
0.0143, 5881
0.0148, 5880
0.0158, 5879
0.0167, 5878
0.0177, 5877
0.0182, 5876
0.0187, 5875
0.0193, 5874
0.0199, 5873
0.0211, 5872
0.0216, 5871
0.0221, 5870
0.0227, 5869
0.0234, 5868
0.0239, 5867
0.0244, 5866
0.0249, 5865
0.0258, 5864
0.0266, 5863
0.0272, 5862
0.0277, 5861
0.0284, 5860
0.0290, 5859
0.0295, 5858
0.0300, 5857
0.0306, 5856
0.0312, 5855
0.0318, 5854
0.0323, 5853
0.0328, 5852
0.0338, 5851
0.0347, 5850
0.0353, 5849
0.0358, 5848
0.0365, 5847
0.0370, 5846
0.0376, 5845
0.0384, 5844
0.0389, 5843
0.0394, 5842
0.0399, 5841
0.0407, 5840
0.0414, 5839
0.0419, 5838
0.0425, 5837
0.0431, 5836
0.0437, 5835
0.0444, 5834
0.0449, 5833
0.0456, 5832
0.0462, 5831
0.0467, 5830
0.0475, 5829
0.0480, 5828
0.0486, 5827
0.0492, 5826
0.0501, 5825
0.0506, 5824
0.0512, 5823
0.0520, 5822
0.0526, 5821
0.0531, 5820
0.0536, 5819
0.0542, 5818
0.0547, 5817
0.0556, 5816
0.0562, 5815
0.0572, 5814
0.0581, 5813
0.0588, 5812
0.0594, 5811
0.0603, 5810
0.0610, 5809
0.0617, 5808
0.0623, 5807
0.0629, 5806
0.0637, 5805
0.0642, 5804
0.0647, 5803
0.0652, 5802
0.0658, 5801
0.0663, 5800
0.0672, 5799
0.0678, 5798
0.0684, 5797
0.0690, 5796
0.0696, 5795
0.0702, 5794
0.0710, 5793
0.0715, 5792
0.0720, 5791
0.0726, 5790
0.0731, 5789
0.0737, 5788
0.0743, 5787
0.0748, 5786
0.0761, 5785
0.0771, 5784
0.0779, 5783
0.0785, 5782
0.0790, 5781
0.0795, 5780
0.0802, 5779
0.0811, 5778
0.0817, 5777
0.0825, 5776
0.0832, 5775
0.0838, 5774
0.0846, 5773
0.0856, 5772
0.0863, 5771
0.0875, 5770
0.0881, 5769
0.0886, 5768
0.0894, 5767
0.0899, 5766
0.0906, 5765
0.0914, 5764
0.0920, 5763
0.0925, 5762
0.0931, 5761
0.0936, 5760
0.0946, 5759
0.0952, 5758
0.0957, 5757
0.0962, 5756
0.0968, 5755
0.0973, 5754
0.0981, 5753
0.0988, 5752
0.0993, 5751
0.0999, 5750
0.1005, 5749
0.1013, 5748
0.1018, 5747
0.1024, 5746
0.1033, 5745
0.1044, 5744
0.1049, 5743
0.1055, 5742
0.1061, 5741
0.1071, 5740
0.1077, 5739
0.1083, 5738
0.1089, 5737
0.1095, 5736
0.1100, 5735
0.1106, 5734
0.1111, 5733
0.1118, 5732
0.1123, 5731
0.1129, 5730
0.1134, 5729
0.1140, 5728
0.1146, 5727
0.1151, 5726
0.1157, 5725
0.1164, 5724
0.1171, 5723
0.1181, 5722
0.1188, 5721
0.1193, 5720
0.1201, 5719
0.1208, 5718
0.1218, 5717
0.1227, 5716
0.1236, 5715
0.1247, 5714
0.1252, 5713
0.1258, 5712
0.1264, 5711
0.1270, 5710
0.1276, 5709
0.1284, 5708
0.1292, 5707
0.1298, 5706
0.1303, 5705
0.1309, 5704
0.1314, 5703
0.1320, 5702
0.1325, 5701
0.1332, 5700
0.1342, 5699
0.1347, 5698
0.1352, 5697
0.1358, 5696
0.1369, 5695
0.1376, 5694
0.1383, 5693
0.1389, 5692
0.1395, 5691
0.1400, 5690
0.1405, 5689
0.1412, 5688
0.1418, 5687
0.1424, 5686
0.1433, 5685
0.1439, 5684
0.1445, 5683
0.1451, 5682
0.1457, 5681
0.1463, 5680
0.1470, 5679
0.1475, 5678
0.1481, 5677
0.1487, 5676
0.1494, 5675
0.1499, 5674
0.1504, 5673
0.1510, 5672
0.1516, 5671
0.1522, 5670
0.1528, 5669
0.1534, 5668
0.1540, 5667
0.1545, 5666
0.1551, 5665
0.1557, 5664
0.1563, 5663
0.1569, 5662
0.1579, 5661
0.1584, 5660
0.1593, 5659
0.1599, 5658
0.1611, 5657
0.1621, 5656
0.1630, 5655
0.1637, 5654
0.1645, 5653
0.1651, 5652
0.1657, 5651
0.1663, 5650
0.1669, 5649
0.1675, 5648
0.1682, 5647
0.1688, 5646
0.1694, 5645
0.1701, 5644
0.1707, 5643
0.1713, 5642
0.1719, 5641
0.1726, 5640
0.1734, 5639
0.1743, 5638
0.1749, 5637
0.1755, 5636
0.1761, 5635
0.1772, 5634
0.1778, 5633
0.1788, 5632
0.1797, 5631
0.1803, 5630
0.1813, 5629
0.1822, 5628
0.1828, 5627
0.1839, 5626
0.1848, 5625
0.1854, 5624
0.1863, 5623
0.1869, 5622
0.1875, 5621
0.1882, 5620
0.1888, 5619
0.1898, 5618
0.1904, 5617
0.1910, 5616
0.1916, 5615
0.1922, 5614
0.1932, 5613
0.1938, 5612
0.1943, 5611
0.1949, 5610
0.1957, 5609
0.1963, 5608
0.1969, 5607
0.1975, 5606
0.1980, 5605
0.1987, 5604
0.1992, 5603
0.1998, 5602
0.2003, 5601
0.2009, 5600
0.2014, 5599
0.2020, 5598
0.2025, 5597
0.2030, 5596
0.2036, 5595
0.2045, 5594
0.2051, 5593
0.2060, 5592
0.2067, 5591
0.2074, 5590
0.2083, 5589
0.2092, 5588
0.2098, 5587
0.2104, 5586
0.2110, 5585
0.2117, 5584
0.2127, 5583
0.2134, 5582
0.2140, 5581
0.2146, 5580
0.2152, 5579
0.2159, 5578
0.2165, 5577
0.2175, 5576
0.2182, 5575
0.2188, 5574
0.2195, 5573
0.2201, 5572
0.2206, 5571
0.2214, 5570
0.2223, 5569
0.2229, 5568
0.2238, 5567
0.2244, 5566
0.2249, 5565
0.2256, 5564
0.2263, 5563
0.2274, 5562
0.2281, 5561
0.2286, 5560
0.2292, 5559
0.2298, 5558
0.2304, 5557
0.2314, 5556
0.2320, 5555
0.2325, 5554
0.2332, 5553
0.2340, 5552
0.2347, 5551
0.2353, 5550
0.2359, 5549
0.2365, 5548
0.2372, 5547
0.2379, 5546
0.2385, 5545
0.2390, 5544
0.2396, 5543
0.2401, 5542
0.2408, 5541
0.2414, 5540
0.2420, 5539
0.2425, 5538
0.2431, 5537
0.2437, 5536
0.2442, 5535
0.2449, 5534
0.2458, 5533
0.2464, 5532
0.2469, 5531
0.2475, 5530
0.2481, 5529
0.2487, 5528
0.2493, 5527
0.2498, 5526
0.2506, 5525
0.2513, 5524
0.2520, 5523
0.2529, 5522
0.2539, 5521
0.2548, 5520
0.2555, 5519
0.2561, 5518
0.2566, 5517
0.2573, 5516
0.2579, 5515
0.2587, 5514
0.2593, 5513
0.2599, 5512
0.2605, 5511
0.2610, 5510
0.2615, 5509
0.2622, 5508
0.2627, 5507
0.2635, 5506
0.2640, 5505
0.2646, 5504
0.2651, 5503
0.2660, 5502
0.2666, 5501
0.2672, 5500
0.2678, 5499
0.2687, 5498
0.2694, 5497
0.2700, 5496
0.2706, 5495
0.2712, 5494
0.2719, 5493
0.2725, 5492
0.2730, 5491
0.2740, 5490
0.2748, 5489
0.2754, 5488
0.2759, 5487
0.2764, 5486
0.2770, 5485
0.2779, 5484
0.2785, 5483
0.2790, 5482
0.2800, 5481
0.2806, 5480
0.2811, 5479
0.2816, 5478
0.2822, 5477
0.2828, 5476
0.2834, 5475
0.2839, 5474
0.2847, 5473
0.2853, 5472
0.2859, 5471
0.2865, 5470
0.2871, 5469
0.2877, 5468
0.2883, 5467
0.2888, 5466
0.2898, 5465
0.2904, 5464
0.2909, 5463
0.2915, 5462
0.2921, 5461
0.2927, 5460
0.2933, 5459
0.2939, 5458
0.2945, 5457
0.2951, 5456
0.2959, 5455
0.2966, 5454
0.2972, 5453
0.2979, 5452
0.2984, 5451
0.2992, 5450
0.2997, 5449
0.3004, 5448
0.3011, 5447
0.3016, 5446
0.3022, 5445
0.3028, 5444
0.3039, 5443
0.3045, 5442
0.3050, 5441
0.3056, 5440
0.3062, 5439
0.3069, 5438
0.3078, 5437
0.3085, 5436
0.3092, 5435
0.3098, 5434
0.3104, 5433
0.3111, 5432
0.3121, 5431
0.3126, 5430
0.3132, 5429
0.3138, 5428
0.3144, 5427
0.3151, 5426
0.3160, 5425
0.3166, 5424
0.3172, 5423
0.3180, 5422
0.3186, 5421
0.3193, 5420
0.3203, 5419
0.3209, 5418
0.3214, 5417
0.3225, 5416
0.3230, 5415
0.3237, 5414
0.3243, 5413
0.3249, 5412
0.3255, 5411
0.3260, 5410
0.3266, 5409
0.3271, 5408
0.3277, 5407
0.3284, 5406
0.3292, 5405
0.3300, 5404
0.3308, 5403
0.3316, 5402
0.3321, 5401
0.3327, 5400
0.3334, 5399
0.3343, 5398
0.3350, 5397
0.3356, 5396
0.3363, 5395
0.3371, 5394
0.3379, 5393
0.3386, 5392
0.3394, 5391
0.3399, 5390
0.3404, 5389
0.3411, 5388
0.3417, 5387
0.3423, 5386
0.3432, 5385
0.3437, 5384
0.3444, 5383
0.3451, 5382
0.3458, 5381
0.3465, 5380
0.3470, 5379
0.3476, 5378
0.3484, 5377
0.3490, 5376
0.3497, 5375
0.3503, 5374
0.3510, 5373
0.3516, 5372
0.3522, 5371
0.3529, 5370
0.3535, 5369
0.3543, 5368
0.3550, 5367
0.3555, 5366
0.3563, 5365
0.3569, 5364
0.3576, 5363
0.3587, 5362
0.3593, 5361
0.3601, 5360
0.3608, 5359
0.3614, 5358
0.3621, 5357
0.3632, 5356
0.3638, 5355
0.3644, 5354
0.3651, 5353
0.3658, 5352
0.3663, 5351
0.3671, 5350
0.3678, 5349
0.3684, 5348
0.3690, 5347
0.3696, 5346
0.3705, 5345
0.3713, 5344
0.3719, 5343
0.3726, 5342
0.3732, 5341
0.3738, 5340
0.3744, 5339
0.3749, 5338
0.3755, 5337
0.3761, 5336
0.3767, 5335
0.3774, 5334
0.3781, 5333
0.3789, 5332
0.3800, 5331
0.3805, 5330
0.3812, 5329
0.3817, 5328
0.3823, 5327
0.3830, 5326
0.3836, 5325
0.3841, 5324
0.3848, 5323
0.3858, 5322
0.3868, 5321
0.3877, 5320
0.3885, 5319
0.3890, 5318
0.3896, 5317
0.3902, 5316
0.3909, 5315
0.3917, 5314
0.3924, 5313
0.3930, 5312
0.3938, 5311
0.3945, 5310
0.3951, 5309
0.3957, 5308
0.3967, 5307
0.3974, 5306
0.3980, 5305
0.3985, 5304
0.3992, 5303
0.3998, 5302
0.4004, 5301
0.4009, 5300
0.4016, 5299
0.4022, 5298
0.4028, 5297
0.4034, 5296
0.4041, 5295
0.4049, 5294
0.4054, 5293
0.4060, 5292
0.4068, 5291
0.4075, 5290
0.4082, 5289
0.4091, 5288
0.4097, 5287
0.4103, 5286
0.4110, 5285
0.4115, 5284
0.4122, 5283
0.4128, 5282
0.4134, 5281
0.4139, 5280
0.4145, 5279
0.4151, 5278
0.4157, 5277
0.4163, 5276
0.4171, 5275
0.4177, 5274
0.4186, 5273
0.4192, 5272
0.4198, 5271
0.4203, 5270
0.4210, 5269
0.4217, 5268
0.4222, 5267
0.4228, 5266
0.4234, 5265
0.4242, 5264
0.4248, 5263
0.4255, 5262
0.4261, 5261
0.4266, 5260
0.4275, 5259
0.4280, 5258
0.4287, 5257
0.4294, 5256
0.4301, 5255
0.4308, 5254
0.4317, 5253
0.4325, 5252
0.4332, 5251
0.4343, 5250
0.4348, 5249
0.4354, 5248
0.4361, 5247
0.4368, 5246
0.4374, 5245
0.4380, 5244
0.4387, 5243
0.4393, 5242
0.4398, 5241
0.4405, 5240
0.4410, 5239
0.4415, 5238
0.4422, 5237
0.4431, 5236
0.4436, 5235
0.4443, 5234
0.4449, 5233
0.4454, 5232
0.4462, 5231
0.4468, 5230
0.4473, 5229
0.4479, 5228
0.4486, 5227
0.4494, 5226
0.4500, 5225
0.4505, 5224
0.4515, 5223
0.4524, 5222
0.4530, 5221
0.4539, 5220
0.4546, 5219
0.4552, 5218
0.4557, 5217
0.4564, 5216
0.4571, 5215
0.4578, 5214
0.4583, 5213
0.4591, 5212
0.4598, 5211
0.4606, 5210
0.4615, 5209
0.4621, 5208
0.4627, 5207
0.4636, 5206
0.4644, 5205
0.4650, 5204
0.4658, 5203
0.4665, 5202
0.4672, 5201
0.4678, 5200
0.4686, 5199
0.4692, 5198
0.4699, 5197
0.4706, 5196
0.4712, 5195
0.4720, 5194
0.4726, 5193
0.4731, 5192
0.4737, 5191
0.4743, 5190
0.4750, 5189
0.4755, 5188
0.4761, 5187
0.4767, 5186
0.4773, 5185
0.4779, 5184
0.4785, 5183
0.4792, 5182
0.4799, 5181
0.4807, 5180
0.4816, 5179
0.4822, 5178
0.4830, 5177
0.4837, 5176
0.4843, 5175
0.4852, 5174
0.4859, 5173
0.4866, 5172
0.4872, 5171
0.4878, 5170
0.4883, 5169
0.4891, 5168
0.4897, 5167
0.4902, 5166
0.4909, 5165
0.4917, 5164
0.4923, 5163
0.4930, 5162
0.4937, 5161
0.4947, 5160
0.4954, 5159
0.4961, 5158
0.4968, 5157
0.4974, 5156
0.4979, 5155
0.4986, 5154
0.4993, 5153
0.5001, 5152
0.5008, 5151
0.5013, 5150
0.5020, 5149
0.5027, 5148
0.5034, 5147
0.5039, 5146
0.5045, 5145
0.5050, 5144
0.5058, 5143
0.5063, 5142
0.5069, 5141
0.5074, 5140
0.5080, 5139
0.5086, 5138
0.5093, 5137
0.5101, 5136
0.5107, 5135
0.5114, 5134
0.5120, 5133
0.5126, 5132
0.5132, 5131
0.5139, 5130
0.5145, 5129
0.5152, 5128
0.5158, 5127
0.5166, 5126
0.5174, 5125
0.5180, 5124
0.5185, 5123
0.5191, 5122
0.5196, 5121
0.5204, 5120
0.5209, 5119
0.5214, 5118
0.5220, 5117
0.5225, 5116
0.5230, 5115
0.5237, 5114
0.5246, 5113
0.5253, 5112
0.5261, 5111
0.5269, 5110
0.5275, 5109
0.5280, 5108
0.5285, 5107
0.5291, 5106
0.5297, 5105
0.5303, 5104
0.5310, 5103
0.5318, 5102
0.5323, 5101
0.5333, 5100
0.5339, 5099
0.5346, 5098
0.5354, 5097
0.5360, 5096
0.5367, 5095
0.5373, 5094
0.5378, 5093
0.5385, 5092
0.5391, 5091
0.5398, 5090
0.5403, 5089
0.5410, 5088
0.5418, 5087
0.5427, 5086
0.5433, 5085
0.5438, 5084
0.5444, 5083
0.5452, 5082
0.5458, 5081
0.5463, 5080
0.5470, 5079
0.5476, 5078
0.5482, 5077
0.5488, 5076
0.5494, 5075
0.5501, 5074
0.5508, 5073
0.5515, 5072
0.5521, 5071
0.5526, 5070
0.5531, 5069
0.5539, 5068
0.5548, 5067
0.5554, 5066
0.5562, 5065
0.5569, 5064
0.5579, 5063
0.5585, 5062
0.5592, 5061
0.5598, 5060
0.5606, 5059
0.5612, 5058
0.5617, 5057
0.5623, 5056
0.5628, 5055
0.5635, 5054
0.5642, 5053
0.5649, 5052
0.5655, 5051
0.5660, 5050
0.5666, 5049
0.5672, 5048
0.5680, 5047
0.5686, 5046
0.5696, 5045
0.5702, 5044
0.5708, 5043
0.5714, 5042
0.5720, 5041
0.5729, 5040
0.5734, 5039
0.5740, 5038
0.5749, 5037
0.5754, 5036
0.5759, 5035
0.5767, 5034
0.5774, 5033
0.5780, 5032
0.5787, 5031
0.5796, 5030
0.5802, 5029
0.5811, 5028
0.5816, 5027
0.5823, 5026
0.5829, 5025
0.5835, 5024
0.5841, 5023
0.5847, 5022
0.5853, 5021
0.5861, 5020
0.5870, 5019
0.5879, 5018
0.5884, 5017
0.5890, 5016
0.5895, 5015
0.5905, 5014
0.5911, 5013
0.5918, 5012
0.5925, 5011
0.5931, 5010
0.5938, 5009
0.5944, 5008
0.5949, 5007
0.5955, 5006
0.5964, 5005
0.5969, 5004
0.5977, 5003
0.5983, 5002
0.5989, 5001
0.5998, 5000
0.6004, 4999
0.6012, 4998
0.6019, 4997
0.6024, 4996
0.6031, 4995
0.6036, 4994
0.6042, 4993
0.6050, 4992
0.6056, 4991
0.6063, 4990
0.6071, 4989
0.6080, 4988
0.6087, 4987
0.6094, 4986
0.6100, 4985
0.6106, 4984
0.6114, 4983
0.6120, 4982
0.6127, 4981
0.6135, 4980
0.6144, 4979
0.6149, 4978
0.6155, 4977
0.6161, 4976
0.6170, 4975
0.6180, 4974
0.6186, 4973
0.6191, 4972
0.6199, 4971
0.6205, 4970
0.6210, 4969
0.6218, 4968
0.6225, 4967
0.6231, 4966
0.6239, 4965
0.6244, 4964
0.6249, 4963
0.6255, 4962
0.6263, 4961
0.6270, 4960
0.6275, 4959
0.6281, 4958
0.6286, 4957
0.6292, 4956
0.6300, 4955
0.6305, 4954
0.6310, 4953
0.6316, 4952
0.6324, 4951
0.6333, 4950
0.6341, 4949
0.6352, 4948
0.6358, 4947
0.6364, 4946
0.6372, 4945
0.6377, 4944
0.6383, 4943
0.6389, 4942
0.6394, 4941
0.6400, 4940
0.6405, 4939
0.6411, 4938
0.6417, 4937
0.6423, 4936
0.6430, 4935
0.6439, 4934
0.6448, 4933
0.6453, 4932
0.6459, 4931
0.6465, 4930
0.6472, 4929
0.6478, 4928
0.6483, 4927
0.6490, 4926
0.6497, 4925
0.6503, 4924
0.6509, 4923
0.6517, 4922
0.6523, 4921
0.6529, 4920
0.6535, 4919
0.6544, 4918
0.6553, 4917
0.6558, 4916
0.6567, 4915
0.6572, 4914
0.6577, 4913
0.6582, 4912
0.6587, 4911
0.6593, 4910
0.6598, 4909
0.6607, 4908
0.6612, 4907
0.6618, 4906
0.6624, 4905
0.6629, 4904
0.6635, 4903
0.6640, 4902
0.6647, 4901
0.6652, 4900
0.6662, 4899
0.6668, 4898
0.6674, 4897
0.6679, 4896
0.6684, 4895
0.6691, 4894
0.6697, 4893
0.6702, 4892
0.6711, 4891
0.6718, 4890
0.6725, 4889
0.6730, 4888
0.6736, 4887
0.6741, 4886
0.6747, 4885
0.6752, 4884
0.6758, 4883
0.6764, 4882
0.6770, 4881
0.6776, 4880
0.6782, 4879
0.6790, 4878
0.6795, 4877
0.6801, 4876
0.6809, 4875
0.6814, 4874
0.6819, 4873
0.6825, 4872
0.6833, 4871
0.6840, 4870
0.6848, 4869
0.6856, 4868
0.6861, 4867
0.6866, 4866
0.6872, 4865
0.6881, 4864
0.6889, 4863
0.6895, 4862
0.6900, 4861
0.6907, 4860
0.6914, 4859
0.6922, 4858
0.6927, 4857
0.6935, 4856
0.6943, 4855
0.6949, 4854
0.6959, 4853
0.6965, 4852
0.6970, 4851
0.6976, 4850
0.6985, 4849
0.6991, 4848
0.6998, 4847
0.7004, 4846
0.7009, 4845
0.7016, 4844
0.7021, 4843
0.7026, 4842
0.7031, 4841
0.7038, 4840
0.7045, 4839
0.7054, 4838
0.7061, 4837
0.7068, 4836
0.7073, 4835
0.7078, 4834
0.7085, 4833
0.7090, 4832
0.7096, 4831
0.7105, 4830
0.7110, 4829
0.7116, 4828
0.7123, 4827
0.7132, 4826
0.7140, 4825
0.7145, 4824
0.7152, 4823
0.7157, 4822
0.7163, 4821
0.7169, 4820
0.7174, 4819
0.7180, 4818
0.7185, 4817
0.7190, 4816
0.7195, 4815
0.7201, 4814
0.7209, 4813
0.7218, 4812
0.7224, 4811
0.7229, 4810
0.7238, 4809
0.7243, 4808
0.7248, 4807
0.7253, 4806
0.7258, 4805
0.7266, 4804
0.7275, 4803
0.7279, 4802
0.7285, 4801
0.7292, 4800
0.7298, 4799
0.7303, 4798
0.7308, 4797
0.7314, 4796
0.7320, 4795
0.7326, 4794
0.7333, 4793
0.7338, 4792
0.7346, 4791
0.7351, 4790
0.7359, 4789
0.7364, 4788
0.7371, 4787
0.7376, 4786
0.7381, 4785
0.7386, 4784
0.7392, 4783
0.7399, 4782
0.7404, 4781
0.7413, 4780
0.7421, 4779
0.7426, 4778
0.7434, 4777
0.7440, 4776
0.7445, 4775
0.7450, 4774
0.7460, 4773
0.7466, 4772
0.7473, 4771
0.7477, 4770
0.7483, 4769
0.7492, 4768
0.7498, 4767
0.7503, 4766
0.7508, 4765
0.7517, 4764
0.7526, 4763
0.7532, 4762
0.7538, 4761
0.7543, 4760
0.7549, 4759
0.7560, 4758
0.7566, 4757
0.7572, 4756
0.7580, 4755
0.7586, 4754
0.7591, 4753
0.7596, 4752
0.7601, 4751
0.7609, 4750
0.7615, 4749
0.7620, 4748
0.7626, 4747
0.7634, 4746
0.7640, 4745
0.7648, 4744
0.7655, 4743
0.7664, 4742
0.7672, 4741
0.7678, 4740
0.7683, 4739
0.7689, 4738
0.7694, 4737
0.7700, 4736
0.7709, 4735
0.7714, 4734
0.7720, 4733
0.7725, 4732
0.7730, 4731
0.7738, 4730
0.7743, 4729
0.7748, 4728
0.7754, 4727
0.7763, 4726
0.7770, 4725
0.7779, 4724
0.7788, 4723
0.7793, 4722
0.7800, 4721
0.7809, 4720
0.7814, 4719
0.7819, 4718
0.7825, 4717
0.7832, 4716
0.7840, 4715
0.7848, 4714
0.7856, 4713
0.7861, 4712
0.7868, 4711
0.7876, 4710
0.7885, 4709
0.7892, 4708
0.7900, 4707
0.7906, 4706
0.7915, 4705
0.7922, 4704
0.7929, 4703
0.7938, 4702
0.7947, 4701
0.7955, 4700
0.7964, 4699
0.7972, 4698
0.7979, 4697
0.7986, 4696
0.7994, 4695
0.8001, 4694
0.8011, 4693
0.8019, 4692
0.8028, 4691
0.8037, 4690
0.9864, 4689
1.2230, 4688
1.2433, 4687
1.3414, 4686
1.6530, 4685
1.6534, 4684
1.7124, 4683
1.8290, 4682
1.9293, 4681
2.1636, 4680
2.2252, 4679
2.3438, 4678
2.3840, 4677
2.5800, 4676
2.8544, 4675
2.8744, 4674
2.9932, 4673
3.1501, 4672
3.1508, 4671
3.2522, 4670
3.3720, 4669
3.3729, 4668
3.4719, 4667
3.6111, 4666
3.6119, 4665
3.6124, 4664
3.6717, 4663
4.1273, 4662
4.2060, 4661
4.6595, 4660
4.6995, 4659
4.8572, 4658
4.8967, 4657
5.0549, 4656
5.3028, 4655
5.7370, 4654
5.7958, 4653
5.7963, 4652
6.3431, 4651
6.5625, 4650
6.6225, 4649
7.2690, 4648
7.3475, 4647
7.4452, 4646
7.7182, 4645
7.7188, 4644
7.7978, 4643
7.7984, 4642
7.8380, 4641
8.3129, 4640
8.3921, 4639
8.4911, 4638
8.6874, 4637
8.7863, 4636
9.0999, 4635
9.2229, 4634
9.2636, 4633
9.5622, 4632
9.7192, 4631
10.0749, 4630
10.1167, 4629
10.1569, 4628
10.3475, 4627
10.4887, 4626
10.5677, 4625
10.5683, 4624
10.9067, 4623
11.3456, 4622
11.4444, 4621
11.6214, 4620
11.6621, 4619
11.7212, 4618
11.7804, 4617
11.8201, 4616
12.5644, 4615
12.5649, 4614
12.8019, 4613
12.8419, 4612
13.0817, 4611
13.6979, 4610
13.8360, 4609
14.1356, 4608
14.4710, 4607
14.6094, 4606
14.6683, 4605
14.6691, 4604
14.8865, 4603
15.2425, 4602
16.5212, 4601
16.6807, 4600
17.0205, 4599
17.0609, 4598
17.1807, 4597
17.4015, 4596
17.6202, 4595
18.1595, 4594
18.9592, 4593
19.0982, 4592
19.1783, 4591
19.7909, 4590
20.2444, 4589
20.5011, 4588
20.6601, 4587
20.9785, 4586
21.5691, 4585
22.5768, 4584
22.7947, 4583
23.3533, 4582
23.3937, 4581
23.8010, 4580
24.0775, 4579
24.0977, 4578
24.2358, 4577
24.6893, 4576
24.8657, 4575
25.9467, 4574
26.2658, 4573
26.8771, 4572
27.7510, 4571
28.9144, 4570
29.1121, 4569
29.4861, 4568
29.5856, 4567
29.9603, 4566
