0.1127, 4688
0.1546, 4687
0.2005, 4684
0.2713, 4683
0.2822, 4676
0.2928, 4673
0.6143, 4671
0.6344, 4670
0.6748, 4669
0.6858, 4668
0.6966, 4666
0.7281, 4664
0.7887, 4663
0.8304, 4662
0.8407, 4661
0.9543, 4657
0.9755, 4654
1.0066, 4651
1.1081, 4650
1.1593, 4649
1.2437, 4648
1.2847, 4647
1.3252, 4646
1.4270, 4645
1.6388, 4644
1.6587, 4643
1.6692, 4642
1.7299, 4640
1.7404, 4638
1.8207, 4637
2.1608, 4636
2.2718, 4635
2.3118, 4633
2.3221, 4632
2.4740, 4629
2.5649, 4627
2.5752, 4626
2.5957, 4625
2.6580, 4623
2.6780, 4622
2.7888, 4621
2.8458, 4618
3.1255, 4617
3.3459, 4616
3.4045, 4615
3.4391, 4614
3.4714, 4613
3.4951, 4611
3.5374, 4608
3.6743, 4607
3.7453, 4606
3.8471, 4605
3.9132, 4604
3.9786, 4603
4.1004, 4602
4.2508, 4601
4.2710, 4600
4.5652, 4599
4.8808, 4598
5.0816, 4596
5.2941, 4595
5.3350, 4594
5.3560, 4593
5.5180, 4592
5.6594, 4591
5.7407, 4590
5.8628, 4589
6.0000, 4588
6.0597, 4587
6.0907, 4586
6.3138, 4584
6.5667, 4583
6.6581, 4582
6.7010, 4581
6.8978, 4580
7.2622, 4578
7.6061, 4577
7.6466, 4576
7.6779, 4575
7.6884, 4574
7.7294, 4573
7.9652, 4572
8.0073, 4570
8.6027, 4569
8.8571, 4568
8.9590, 4567
9.1214, 4566
9.1935, 4565
9.2348, 4564
9.3981, 4563
9.4093, 4562
