0.0000, 10096
0.0009, 10095
0.0019, 10094
0.0028, 10093
0.0037, 10092
0.0047, 10091
0.0056, 10090
0.0065, 10089
0.0074, 10088
0.0083, 10087
0.0093, 10086
0.0102, 10085
0.0112, 10084
0.0121, 10083
0.0130, 10082
0.0140, 10081
0.0149, 10080
0.0158, 10079
0.0167, 10078
0.0177, 10077
0.0186, 10076
0.0195, 10075
0.0205, 10074
0.0214, 10073
0.0223, 10072
0.0233, 10071
0.0242, 10070
0.0251, 10069
0.0260, 10068
0.0269, 10067
0.0279, 10066
0.0288, 10065
0.0297, 10064
0.0306, 10063
0.0315, 10062
0.0325, 10061
0.0334, 10060
0.0343, 10059
0.0352, 10058
0.0362, 10057
0.0371, 10056
0.0380, 10055
0.0389, 10054
0.0398, 10053
0.0407, 10052
0.0417, 10051
0.0426, 10050
0.0435, 10049
0.0444, 10048
0.0454, 10047
0.0464, 10046
0.0473, 10045
0.0482, 10044
0.0492, 10043
0.0501, 10042
0.0510, 10041
0.0520, 10040
0.0529, 10039
0.0538, 10038
0.0547, 10037
0.0556, 10036
0.0566, 10035
0.0575, 10034
0.0584, 10033
0.0593, 10032
0.0602, 10031
0.0612, 10030
0.0621, 10029
0.0630, 10028
0.0640, 10027
0.0649, 10026
0.0658, 10025
0.0667, 10024
0.0677, 10023
0.0686, 10022
0.0696, 10021
0.0705, 10020
0.0714, 10019
0.0723, 10018
0.0733, 10017
0.0742, 10016
0.0752, 10015
0.0761, 10014
0.0770, 10013
0.0780, 10012
0.0789, 10011
0.0798, 10010
0.0808, 10009
0.0817, 10008
0.0826, 10007
0.0836, 10006
0.0845, 10005
0.0854, 10004
0.0864, 10003
0.0873, 10002
0.0883, 10001
0.0892, 10000
0.0901, 9999
0.0910, 9998
0.0919, 9997
0.0928, 9996
0.0938, 9995
0.0947, 9994
0.0956, 9993
0.0965, 9992
0.0974, 9991
0.0983, 9990
0.0992, 9989
0.1001, 9988
0.1010, 9987
0.1020, 9986
0.1029, 9985
0.1038, 9984
0.1047, 9983
0.1056, 9982
0.1065, 9981
0.1074, 9980
0.1083, 9979
0.1093, 9978
0.1102, 9977
0.1111, 9976
0.1120, 9975
0.1129, 9974
0.1138, 9973
0.1147, 9972
0.1156, 9971
0.1165, 9970
0.1174, 9969
0.1184, 9968
0.1193, 9967
0.1202, 9966
0.1211, 9965
0.1221, 9964
0.1230, 9963
0.1239, 9962
0.1248, 9961
0.1257, 9960
0.1266, 9959
0.1275, 9958
0.1284, 9957
0.1293, 9956
0.1302, 9955
0.1311, 9954
0.1320, 9953
0.1329, 9952
0.1338, 9951
0.1347, 9950
0.1357, 9949
0.1365, 9948
0.1374, 9947
0.1384, 9946
0.1393, 9945
0.1402, 9944
0.1411, 9943
0.1421, 9942
0.1430, 9941
0.1439, 9940
0.1448, 9939
0.1457, 9938
0.1466, 9937
0.1476, 9936
0.1485, 9935
0.1494, 9934
0.1503, 9933
0.1513, 9932
0.1522, 9931
0.1531, 9930
0.1540, 9929
0.1549, 9928
0.1559, 9927
0.1568, 9926
0.1577, 9925
0.1586, 9924
0.1595, 9923
0.1604, 9922
0.1613, 9921
0.1622, 9920
0.1631, 9919
0.1641, 9918
0.1650, 9917
0.1659, 9916
0.1668, 9915
0.1677, 9914
0.1686, 9913
0.1695, 9912
0.1704, 9911
0.1713, 9910
0.1723, 9909
0.1732, 9908
0.1741, 9907
0.1750, 9906
0.1760, 9905
0.1769, 9904
0.1778, 9903
0.1787, 9902
0.1796, 9901
0.1805, 9900
0.1814, 9899
0.1823, 9898
0.1832, 9897
0.1841, 9896
0.1851, 9895
0.1860, 9894
0.1869, 9893
0.1878, 9892
0.1887, 9891
0.1896, 9890
0.1905, 9889
0.1914, 9888
0.1923, 9887
0.1932, 9886
0.1942, 9885
0.1951, 9884
0.1960, 9883
0.1969, 9882
0.1978, 9881
0.1987, 9880
0.1997, 9879
0.2006, 9878
0.2015, 9877
0.2024, 9876
0.2033, 9875
0.2042, 9874
0.2051, 9873
0.2060, 9872
0.2069, 9871
0.2078, 9870
0.2087, 9869
0.2096, 9868
0.2105, 9867
0.2114, 9866
0.2123, 9865
0.2132, 9864
0.2142, 9863
0.2151, 9862
0.2160, 9861
0.2169, 9860
0.2178, 9859
0.2187, 9858
0.2196, 9857
0.2206, 9856
0.2215, 9855
0.2224, 9854
0.2233, 9853
0.2242, 9852
0.2251, 9851
0.2260, 9850
0.2269, 9849
0.2279, 9848
0.2288, 9847
0.2297, 9846
0.2306, 9845
0.2315, 9844
0.2325, 9843
0.2334, 9842
0.2343, 9841
0.2352, 9840
0.2361, 9839
0.2370, 9838
0.2380, 9837
0.2389, 9836
0.2399, 9835
0.2408, 9834
0.2418, 9833
0.2427, 9832
0.2436, 9831
0.2445, 9830
0.2454, 9829
0.2464, 9828
0.2473, 9827
0.2481, 9826
0.2491, 9825
0.2500, 9824
0.2509, 9823
0.2517, 9822
0.2527, 9821
0.2536, 9820
0.2545, 9819
0.2553, 9818
0.2563, 9817
0.2572, 9816
0.2580, 9815
0.2589, 9814
0.2598, 9813
0.2607, 9812
0.2616, 9811
0.2625, 9810
0.2634, 9809
0.2643, 9808
0.2652, 9807
0.2661, 9806
0.2670, 9805
0.2679, 9804
0.2688, 9803
0.2697, 9802
0.2707, 9801
0.2716, 9800
0.2725, 9799
0.2734, 9798
0.2743, 9797
0.2752, 9796
0.2761, 9795
0.2770, 9794
0.2780, 9793
0.2789, 9792
0.2798, 9791
0.2807, 9790
0.2816, 9789
0.2825, 9788
0.2834, 9787
0.2843, 9786
0.2852, 9785
0.2862, 9784
0.2871, 9783
0.2880, 9782
0.2889, 9781
0.2898, 9780
0.2907, 9779
0.2916, 9778
0.2925, 9777
0.2934, 9776
0.2942, 9775
0.2951, 9774
0.2960, 9773
0.2969, 9772
0.2978, 9771
0.2987, 9770
0.2996, 9769
0.3005, 9768
0.3014, 9767
0.3023, 9766
0.3032, 9765
0.3041, 9764
0.3050, 9763
0.3059, 9762
0.3068, 9761
0.3077, 9760
0.3086, 9759
0.3094, 9758
0.3103, 9757
0.3113, 9756
0.3121, 9755
0.3130, 9754
0.3139, 9753
0.3148, 9752
0.3157, 9751
0.3166, 9750
0.3175, 9749
0.3184, 9748
0.3193, 9747
0.3201, 9746
0.3210, 9745
0.3219, 9744
0.3228, 9743
0.3237, 9742
0.3246, 9741
0.3255, 9740
0.3264, 9739
0.3273, 9738
0.3282, 9737
0.3291, 9736
0.3300, 9735
0.3309, 9734
0.3318, 9733
0.3327, 9732
0.3336, 9731
0.3345, 9730
0.3354, 9729
0.3363, 9728
0.3372, 9727
0.3381, 9726
0.3390, 9725
0.3400, 9724
0.3409, 9723
0.3417, 9722
0.3426, 9721
0.3435, 9720
0.3444, 9719
0.3453, 9718
0.3462, 9717
0.3471, 9716
0.3480, 9715
0.3489, 9714
0.3497, 9713
0.3506, 9712
0.3515, 9711
0.3524, 9710
0.3533, 9709
0.3542, 9708
0.3551, 9707
0.3560, 9706
0.3569, 9705
0.3577, 9704
0.3587, 9703
0.3595, 9702
0.3604, 9701
0.3613, 9700
0.3622, 9699
0.3631, 9698
0.3640, 9697
0.3649, 9696
0.3658, 9695
0.3666, 9694
0.3675, 9693
0.3685, 9692
0.3694, 9691
0.3702, 9690
0.3712, 9689
0.3721, 9688
0.3730, 9687
0.3739, 9686
0.3748, 9685
0.3757, 9684
0.3765, 9683
0.3775, 9682
0.3784, 9681
0.3792, 9680
0.3801, 9679
0.3810, 9678
0.3819, 9677
0.3828, 9676
0.3837, 9675
0.3847, 9674
0.3856, 9673
0.3865, 9672
0.3874, 9671
0.3883, 9670
0.3892, 9669
0.3901, 9668
0.3909, 9667
0.3918, 9666
0.3927, 9665
0.3936, 9664
0.3945, 9663
0.3954, 9662
0.3963, 9661
0.3972, 9660
0.3981, 9659
0.3990, 9658
0.3999, 9657
0.4008, 9656
0.4017, 9655
0.4026, 9654
0.4034, 9653
0.4043, 9652
0.4052, 9651
0.4061, 9650
0.4070, 9649
0.4079, 9648
0.4088, 9647
0.4097, 9646
0.4106, 9645
0.4114, 9644
0.4123, 9643
0.4133, 9642
0.4142, 9641
0.4151, 9640
0.4160, 9639
0.4170, 9638
0.4179, 9637
0.4187, 9636
0.4196, 9635
0.4205, 9634
0.4214, 9633
0.4222, 9632
0.4231, 9631
0.4240, 9630
0.4249, 9629
0.4258, 9628
0.4266, 9627
0.4275, 9626
0.4284, 9625
0.4293, 9624
0.4302, 9623
0.4311, 9622
0.4320, 9621
0.4329, 9620
0.4337, 9619
0.4346, 9618
0.4355, 9617
0.4364, 9616
0.4373, 9615
0.4382, 9614
0.4391, 9613
0.4400, 9612
0.4409, 9611
0.4418, 9610
0.4427, 9609
0.4436, 9608
0.4444, 9607
0.4453, 9606
0.4462, 9605
0.4471, 9604
0.4480, 9603
0.4488, 9602
0.4497, 9601
0.4506, 9600
0.4515, 9599
0.4524, 9598
0.4533, 9597
0.4542, 9596
0.4550, 9595
0.4559, 9594
0.4568, 9593
0.4577, 9592
0.4585, 9591
0.4594, 9590
0.4604, 9589
0.4613, 9588
0.4621, 9587
0.4630, 9586
0.4639, 9585
0.4648, 9584
0.4657, 9583
0.4666, 9582
0.4675, 9581
0.4684, 9580
0.4692, 9579
0.4701, 9578
0.4710, 9577
0.4719, 9576
0.4727, 9575
0.4736, 9574
0.4745, 9573
0.4754, 9572
0.4763, 9571
0.4772, 9570
0.4781, 9569
0.4790, 9568
0.4799, 9567
0.4808, 9566
0.4816, 9565
0.4825, 9564
0.4834, 9563
0.4843, 9562
0.4852, 9561
0.4861, 9560
0.4870, 9559
0.4879, 9558
0.4888, 9557
0.4896, 9556
0.4905, 9555
0.4914, 9554
0.4923, 9553
0.4932, 9552
0.4940, 9551
0.4949, 9550
0.4957, 9549
0.4966, 9548
0.4975, 9547
0.4984, 9546
0.4993, 9545
0.5002, 9544
0.5011, 9543
0.5019, 9542
0.5028, 9541
0.5037, 9540
0.5046, 9539
0.5055, 9538
0.5064, 9537
0.5073, 9536
0.5082, 9535
0.5091, 9534
0.5100, 9533
0.5108, 9532
0.5117, 9531
0.5125, 9530
0.5134, 9529
0.5143, 9528
0.5152, 9527
0.5161, 9526
0.5170, 9525
0.5179, 9524
0.5187, 9523
0.5196, 9522
0.5205, 9521
0.5213, 9520
0.5222, 9519
0.5230, 9518
0.5238, 9517
0.5247, 9516
0.5255, 9515
0.5263, 9514
0.5272, 9513
0.5280, 9512
0.5289, 9511
0.5297, 9510
0.5305, 9509
0.5314, 9508
0.5323, 9507
0.5331, 9506
0.5339, 9505
0.5348, 9504
0.5356, 9503
0.5366, 9502
0.5377, 9501
0.5387, 9500
0.5397, 9499
0.5408, 9498
0.5418, 9497
0.5428, 9496
0.5438, 9495
0.5448, 9494
0.5459, 9493
0.5469, 9492
0.5479, 9491
0.5489, 9490
0.5499, 9489
0.5510, 9488
0.5520, 9487
0.5530, 9486
0.5540, 9485
0.5551, 9484
0.5561, 9483
0.5571, 9482
0.5582, 9481
0.5592, 9480
0.5602, 9479
0.5612, 9478
0.5622, 9477
0.5632, 9476
0.5642, 9475
0.5653, 9474
0.5672, 9473
0.5682, 9472
0.5692, 9471
0.5701, 9470
0.5712, 9469
0.5722, 9468
0.5733, 9467
0.5743, 9466
0.5755, 9465
0.5766, 9464
0.5776, 9463
0.5787, 9462
0.5797, 9461
0.5808, 9460
0.5819, 9459
0.5830, 9458
0.5840, 9457
0.5851, 9456
0.5862, 9455
0.5873, 9454
0.5884, 9453
0.5896, 9452
0.5908, 9451
0.5921, 9450
0.5931, 9449
0.5941, 9448
0.5952, 9447
0.5962, 9446
0.5972, 9445
0.5983, 9444
0.5993, 9443
0.6003, 9442
0.6014, 9441
0.6025, 9440
0.6035, 9439
0.6046, 9438
0.6056, 9437
0.6067, 9436
0.6077, 9435
0.6087, 9434
0.6097, 9433
0.6108, 9432
0.6118, 9431
0.6129, 9430
0.6140, 9429
0.6151, 9428
0.6160, 9427
0.6171, 9426
0.6181, 9425
0.6191, 9424
0.6202, 9423
0.6213, 9422
0.6225, 9421
0.6236, 9420
0.6246, 9419
0.6257, 9418
0.6268, 9417
0.6278, 9416
0.6288, 9415
0.6299, 9414
0.6309, 9413
0.6319, 9412
0.6330, 9411
0.6340, 9410
0.6351, 9409
0.6361, 9408
0.6371, 9407
0.6382, 9406
0.6392, 9405
0.6402, 9404
0.6412, 9403
0.6422, 9402
0.6432, 9401
0.6443, 9400
0.6454, 9399
0.6464, 9398
0.6476, 9397
0.6487, 9396
0.6497, 9395
0.6508, 9394
0.6518, 9393
0.6528, 9392
0.6539, 9391
0.6549, 9390
0.6559, 9389
0.6570, 9388
0.6580, 9387
0.6591, 9386
0.6601, 9385
0.6611, 9384
0.6621, 9383
0.6632, 9382
0.6642, 9381
0.6652, 9380
0.6662, 9379
0.6672, 9378
0.6682, 9377
0.6692, 9376
0.6702, 9375
0.6713, 9374
0.6722, 9373
0.6733, 9372
0.6742, 9371
0.6753, 9370
0.6763, 9369
0.6773, 9368
0.6783, 9367
0.6793, 9366
0.6803, 9365
0.6813, 9364
0.6823, 9363
0.6833, 9362
0.6843, 9361
0.6853, 9360
0.6863, 9359
0.6873, 9358
0.6883, 9357
0.6893, 9356
0.6904, 9355
0.6914, 9354
0.6924, 9353
0.6934, 9352
0.6944, 9351
0.6954, 9350
0.6963, 9349
0.6973, 9348
0.6983, 9347
0.6993, 9346
0.7004, 9345
0.7013, 9344
0.7023, 9343
0.7034, 9342
0.7044, 9341
0.7054, 9340
0.7064, 9339
0.7073, 9338
0.7083, 9337
0.7093, 9336
0.7102, 9335
0.7112, 9334
0.7122, 9333
0.7132, 9332
0.7142, 9331
0.7152, 9330
0.7162, 9329
0.7172, 9328
0.7182, 9327
0.7191, 9326
0.7202, 9325
0.7212, 9324
0.7221, 9323
0.7231, 9322
0.7241, 9321
0.7251, 9320
0.7261, 9319
0.7271, 9318
0.7281, 9317
0.7291, 9316
0.7301, 9315
0.7311, 9314
0.7320, 9313
0.7330, 9312
0.7340, 9311
0.7350, 9310
0.7360, 9309
0.7370, 9308
0.7380, 9307
0.7390, 9306
0.7400, 9305
0.7410, 9304
0.7420, 9303
0.7430, 9302
0.7439, 9301
0.7449, 9300
0.7459, 9299
0.7468, 9298
0.7478, 9297
0.7488, 9296
0.7498, 9295
0.7508, 9294
0.7518, 9293
0.7528, 9292
0.7537, 9291
0.7547, 9290
0.7557, 9289
0.7567, 9288
0.7578, 9287
0.7587, 9286
0.7597, 9285
0.7607, 9284
0.7617, 9283
0.7627, 9282
0.7637, 9281
0.7646, 9280
0.7656, 9279
0.7666, 9278
0.7676, 9277
0.7686, 9276
0.7696, 9275
0.7706, 9274
0.7716, 9273
0.7725, 9272
0.7735, 9271
0.7744, 9270
0.7754, 9269
0.7764, 9268
0.7774, 9267
0.7784, 9266
0.7793, 9265
0.7803, 9264
0.7813, 9263
0.7823, 9262
0.7832, 9261
0.7842, 9260
0.7852, 9259
0.7862, 9258
0.7871, 9257
0.7881, 9256
0.7891, 9255
0.7901, 9254
0.7911, 9253
0.7921, 9252
0.7930, 9251
0.7940, 9250
0.7950, 9249
0.7959, 9248
0.7969, 9247
0.7979, 9246
0.7988, 9245
0.7998, 9244
0.8008, 9243
0.8018, 9242
0.8028, 9241
0.8037, 9240
0.8047, 9239
0.8057, 9238
0.8067, 9237
0.8076, 9236
0.8086, 9235
0.8096, 9234
0.8106, 9233
0.8115, 9232
0.8125, 9231
0.8135, 9230
0.8145, 9229
0.8155, 9228
0.8165, 9227
0.8175, 9226
0.8185, 9225
0.8194, 9224
0.8205, 9223
0.8214, 9222
0.8224, 9221
0.8234, 9220
0.8243, 9219
0.8253, 9218
0.8263, 9217
0.8273, 9216
0.8282, 9215
0.8292, 9214
0.8302, 9213
0.8311, 9212
0.8321, 9211
0.8331, 9210
0.8340, 9209
0.8350, 9208
0.8360, 9207
0.8369, 9206
0.8379, 9205
0.8389, 9204
0.8398, 9203
0.8408, 9202
0.8418, 9201
0.8428, 9200
0.8438, 9199
0.8447, 9198
0.8457, 9197
0.8467, 9196
0.8477, 9195
0.8486, 9194
0.8496, 9193
0.8505, 9192
0.8515, 9191
0.8524, 9190
0.8534, 9189
0.8543, 9188
0.8553, 9187
0.8562, 9186
0.8572, 9185
0.8582, 9184
0.8592, 9183
0.8601, 9182
0.8610, 9181
0.8620, 9180
0.8629, 9179
0.8639, 9178
0.8648, 9177
0.8658, 9176
0.8667, 9175
0.8677, 9174
0.8687, 9173
0.8696, 9172
0.8706, 9171
0.8715, 9170
0.8724, 9169
0.8734, 9168
0.8744, 9167
0.8753, 9166
0.8763, 9165
0.8772, 9164
0.8782, 9163
0.8791, 9162
0.8800, 9161
0.8810, 9160
0.8819, 9159
0.8829, 9158
0.8838, 9157
0.8848, 9156
0.8857, 9155
0.8867, 9154
0.8876, 9153
0.8885, 9152
0.8895, 9151
0.8905, 9150
0.8914, 9149
0.8924, 9148
0.8934, 9147
0.8943, 9146
0.8952, 9145
0.8962, 9144
0.8972, 9143
0.8981, 9142
0.8991, 9141
0.9000, 9140
0.9010, 9139
0.9019, 9138
0.9029, 9137
0.9038, 9136
0.9048, 9135
0.9057, 9134
0.9066, 9133
0.9076, 9132
0.9085, 9131
0.9094, 9130
0.9104, 9129
0.9114, 9128
0.9123, 9127
0.9133, 9126
0.9142, 9125
0.9152, 9124
0.9162, 9123
0.9171, 9122
0.9181, 9121
0.9190, 9120
0.9200, 9119
0.9209, 9118
0.9219, 9117
0.9228, 9116
0.9237, 9115
0.9246, 9114
0.9256, 9113
0.9266, 9112
0.9275, 9111
0.9285, 9110
0.9294, 9109
0.9303, 9108
0.9313, 9107
0.9322, 9106
0.9332, 9105
0.9342, 9104
0.9351, 9103
0.9361, 9102
0.9370, 9101
0.9380, 9100
0.9389, 9099
0.9399, 9098
0.9408, 9097
0.9418, 9096
0.9427, 9095
0.9436, 9094
0.9446, 9093
0.9455, 9092
0.9464, 9091
0.9474, 9090
0.9483, 9089
0.9492, 9088
0.9501, 9087
0.9511, 9086
0.9520, 9085
0.9529, 9084
0.9539, 9083
0.9548, 9082
0.9558, 9081
0.9567, 9080
0.9576, 9079
0.9585, 9078
0.9595, 9077
0.9604, 9076
0.9614, 9075
0.9623, 9074
0.9632, 9073
0.9641, 9072
0.9650, 9071
0.9660, 9070
0.9669, 9069
0.9678, 9068
0.9688, 9067
0.9697, 9066
0.9706, 9065
0.9715, 9064
0.9724, 9063
0.9734, 9062
0.9743, 9061
0.9752, 9060
0.9762, 9059
0.9771, 9058
0.9780, 9057
0.9789, 9056
0.9799, 9055
0.9809, 9054
0.9818, 9053
0.9828, 9052
0.9837, 9051
0.9847, 9050
0.9856, 9049
0.9866, 9048
0.9875, 9047
0.9884, 9046
0.9894, 9045
0.9904, 9044
0.9913, 9043
0.9923, 9042
0.9932, 9041
0.9942, 9040
0.9951, 9039
0.9961, 9038
0.9970, 9037
0.9979, 9036
0.9989, 9035
0.9998, 9034
1.0008, 9033
1.0017, 9032
1.0027, 9031
1.0037, 9030
1.0046, 9029
1.0056, 9028
1.0065, 9027
1.0075, 9026
1.0084, 9025
1.0094, 9024
1.0103, 9023
1.0113, 9022
1.0123, 9021
1.0132, 9020
1.0141, 9019
1.0151, 9018
1.0161, 9017
1.0171, 9016
1.0180, 9015
1.0190, 9014
1.0199, 9013
1.0208, 9012
1.0218, 9011
1.0227, 9010
1.0237, 9009
1.0246, 9008
1.0255, 9007
1.0264, 9006
1.0274, 9005
1.0283, 9004
1.0292, 9003
1.0302, 9002
1.0311, 9001
1.0320, 9000
1.0329, 8999
1.0339, 8998
1.0348, 8997
1.0357, 8996
1.0367, 8995
1.0377, 8994
1.0386, 8993
1.0395, 8992
1.0404, 8991
1.0414, 8990
1.0423, 8989
1.0433, 8988
1.0442, 8987
1.0451, 8986
1.0460, 8985
1.0470, 8984
1.0480, 8983
1.0489, 8982
1.0498, 8981
1.0508, 8980
1.0517, 8979
1.0526, 8978
1.0536, 8977
1.0545, 8976
1.0555, 8975
1.0564, 8974
1.0573, 8973
1.0583, 8972
1.0592, 8971
1.0601, 8970
1.0611, 8969
1.0620, 8968
1.0629, 8967
1.0639, 8966
1.0648, 8965
1.0657, 8964
1.0666, 8963
1.0676, 8962
1.0685, 8961
1.0695, 8960
1.0704, 8959
1.0713, 8958
1.0722, 8957
1.0732, 8956
1.0741, 8955
1.0750, 8954
1.0760, 8953
1.0769, 8952
1.0779, 8951
1.0788, 8950
1.0798, 8949
1.0807, 8948
1.0816, 8947
1.0825, 8946
1.0835, 8945
1.0844, 8944
1.0853, 8943
1.0862, 8942
1.0871, 8941
1.0881, 8940
1.0890, 8939
1.0900, 8938
1.0909, 8937
1.0919, 8936
1.0928, 8935
1.0938, 8934
1.0947, 8933
1.0956, 8932
1.0965, 8931
1.0974, 8930
1.0983, 8929
1.0992, 8928
1.1001, 8927
1.1011, 8926
1.1020, 8925
1.1029, 8924
1.1038, 8923
1.1046, 8922
1.1055, 8921
1.1064, 8920
1.1073, 8919
1.1083, 8918
1.1092, 8917
1.1101, 8916
1.1110, 8915
1.1119, 8914
1.1128, 8913
1.1137, 8912
1.1146, 8911
1.1155, 8910
1.1165, 8909
1.1174, 8908
1.1183, 8907
1.1192, 8906
1.1201, 8905
1.1210, 8904
1.1219, 8903
1.1229, 8902
1.1238, 8901
1.1247, 8900
1.1257, 8899
1.1266, 8898
1.1275, 8897
1.1285, 8896
1.1294, 8895
1.1303, 8894
1.1312, 8893
1.1322, 8892
1.1331, 8891
1.1340, 8890
1.1349, 8889
1.1358, 8888
1.1367, 8887
1.1377, 8886
1.1386, 8885
1.1395, 8884
1.1404, 8883
1.1414, 8882
1.1423, 8881
1.1432, 8880
1.1441, 8879
1.1451, 8878
1.1460, 8877
1.1469, 8876
1.1478, 8875
1.1488, 8874
1.1497, 8873
1.1506, 8872
1.1515, 8871
1.1524, 8870
1.1533, 8869
1.1541, 8868
1.1550, 8867
1.1559, 8866
1.1568, 8865
1.1577, 8864
1.1586, 8863
1.1595, 8862
1.1604, 8861
1.1612, 8860
1.1621, 8859
1.1630, 8858
1.1639, 8857
1.1649, 8856
1.1658, 8855
1.1666, 8854
1.1675, 8853
1.1685, 8852
1.1694, 8851
1.1703, 8850
1.1712, 8849
1.1721, 8848
1.1730, 8847
1.1739, 8846
1.1748, 8845
1.1757, 8844
1.1766, 8843
1.1775, 8842
1.1784, 8841
1.1793, 8840
1.1802, 8839
1.1812, 8838
1.1821, 8837
1.1829, 8836
1.1839, 8835
1.1848, 8834
1.1857, 8833
1.1866, 8832
1.1875, 8831
1.1883, 8830
1.1892, 8829
1.1901, 8828
1.1910, 8827
1.1919, 8826
1.1928, 8825
1.1936, 8824
1.1945, 8823
1.1954, 8822
1.1963, 8821
1.1972, 8820
1.1981, 8819
1.1990, 8818
1.1999, 8817
1.2008, 8816
1.2017, 8815
1.2026, 8814
1.2034, 8813
1.2043, 8812
1.2052, 8811
1.2061, 8810
1.2069, 8809
1.2078, 8808
1.2087, 8807
1.2096, 8806
1.2105, 8805
1.2113, 8804
1.2122, 8803
1.2131, 8802
1.2141, 8801
1.2150, 8800
1.2158, 8799
1.2167, 8798
1.2176, 8797
1.2185, 8796
1.2193, 8795
1.2202, 8794
1.2211, 8793
1.2220, 8792
1.2229, 8791
1.2238, 8790
1.2246, 8789
1.2255, 8788
1.2264, 8787
1.2273, 8786
1.2281, 8785
1.2290, 8784
1.2299, 8783
1.2308, 8782
1.2317, 8781
1.2326, 8780
1.2335, 8779
1.2343, 8778
1.2352, 8777
1.2361, 8776
1.2370, 8775
1.2379, 8774
1.2388, 8773
1.2397, 8772
1.2406, 8771
1.2414, 8770
1.2423, 8769
1.2432, 8768
1.2441, 8767
1.2450, 8766
1.2459, 8765
1.2468, 8764
1.2477, 8763
1.2485, 8762
1.2494, 8761
1.2503, 8760
1.2512, 8759
1.2521, 8758
1.2530, 8757
1.2538, 8756
1.2547, 8755
1.2556, 8754
1.2565, 8753
1.2573, 8752
1.2582, 8751
1.2590, 8750
1.2599, 8749
1.2608, 8748
1.2617, 8747
1.2625, 8746
1.2634, 8745
1.2642, 8744
1.2651, 8743
1.2660, 8742
1.2669, 8741
1.2677, 8740
1.2686, 8739
1.2695, 8738
1.2704, 8737
1.2713, 8736
1.2721, 8735
1.2730, 8734
1.2739, 8733
1.2748, 8732
1.2757, 8731
1.2765, 8730
1.2774, 8729
1.2783, 8728
1.2791, 8727
1.2800, 8726
1.2809, 8725
1.2817, 8724
1.2826, 8723
1.2835, 8722
1.2844, 8721
1.2852, 8720
1.2861, 8719
1.2870, 8718
1.2879, 8717
1.2887, 8716
1.2896, 8715
1.2904, 8714
1.2913, 8713
1.2921, 8712
1.2930, 8711
1.2939, 8710
1.2947, 8709
1.2956, 8708
1.2964, 8707
1.2973, 8706
1.2981, 8705
1.2990, 8704
1.2998, 8703
1.3007, 8702
1.3015, 8701
1.3024, 8700
1.3033, 8699
1.3042, 8698
1.3050, 8697
1.3059, 8696
1.3067, 8695
1.3076, 8694
1.3085, 8693
1.3093, 8692
1.3102, 8691
1.3110, 8690
1.3119, 8689
1.3128, 8688
1.3136, 8687
1.3145, 8686
1.3153, 8685
1.3162, 8684
1.3171, 8683
1.3180, 8682
1.3188, 8681
1.3197, 8680
1.3205, 8679
1.3214, 8678
1.3222, 8677
1.3231, 8676
1.3239, 8675
1.3248, 8674
1.3257, 8673
1.3265, 8672
1.3274, 8671
1.3282, 8670
1.3291, 8669
1.3299, 8668
1.3308, 8667
1.3317, 8666
1.3325, 8665
1.3334, 8664
1.3342, 8663
1.3351, 8662
1.3360, 8661
1.3368, 8660
1.3377, 8659
1.3385, 8658
1.3394, 8657
1.3402, 8656
1.3410, 8655
1.3419, 8654
1.3428, 8653
1.3436, 8652
1.3444, 8651
1.3453, 8650
1.3461, 8649
1.3470, 8648
1.3478, 8647
1.3487, 8646
1.3495, 8645
1.3504, 8644
1.3513, 8643
1.3521, 8642
1.3530, 8641
1.3539, 8640
1.3547, 8639
1.3555, 8638
1.3564, 8637
1.3573, 8636
1.3581, 8635
1.3590, 8634
1.3599, 8633
1.3607, 8632
1.3616, 8631
1.3625, 8630
1.3633, 8629
1.3642, 8628
1.3650, 8627
1.3659, 8626
1.3667, 8625
1.3676, 8624
1.3685, 8623
1.3693, 8622
1.3701, 8621
1.3710, 8620
1.3718, 8619
1.3726, 8618
1.3735, 8617
1.3743, 8616
1.3751, 8615
1.3760, 8614
1.3768, 8613
1.3777, 8612
1.3785, 8611
1.3794, 8610
1.3802, 8609
1.3810, 8608
1.3819, 8607
1.3827, 8606
1.3836, 8605
1.3844, 8604
1.3853, 8603
1.3860, 8602
1.3868, 8601
1.3875, 8600
1.3883, 8599
1.3890, 8598
1.3898, 8597
1.3905, 8596
1.3912, 8595
1.3920, 8594
1.3927, 8593
1.3934, 8592
1.3942, 8591
1.3950, 8590
1.3957, 8589
1.3965, 8588
1.3972, 8587
1.3980, 8586
1.3988, 8585
1.3996, 8584
1.4003, 8583
1.4011, 8582
1.4018, 8581
1.4026, 8580
1.4033, 8579
1.4041, 8578
1.4048, 8577
1.4056, 8576
1.4064, 8575
1.4071, 8574
1.4079, 8573
1.4086, 8572
1.4094, 8571
1.4102, 8570
1.4109, 8569
1.4116, 8568
1.4124, 8567
1.4131, 8566
1.4139, 8565
1.4146, 8564
1.4154, 8563
1.4161, 8562
1.4169, 8561
1.4176, 8560
1.4183, 8559
1.4191, 8558
1.4199, 8557
1.4206, 8556
1.4214, 8555
1.4221, 8554
1.4228, 8553
1.4236, 8552
1.4243, 8551
1.4250, 8550
1.4258, 8549
1.4266, 8548
1.4273, 8547
1.4281, 8546
1.4288, 8545
1.4295, 8544
1.4303, 8543
1.4310, 8542
1.4318, 8541
1.4325, 8540
1.4333, 8539
1.4340, 8538
1.4348, 8537
1.4355, 8536
1.4362, 8535
1.4370, 8534
1.4377, 8533
1.4385, 8532
1.4392, 8531
1.4400, 8530
1.4407, 8529
1.4414, 8528
1.4422, 8527
1.4430, 8526
1.4437, 8525
1.4445, 8524
1.4452, 8523
1.4460, 8522
1.4467, 8521
1.4475, 8520
1.4482, 8519
1.4490, 8518
1.4497, 8517
1.4504, 8516
1.4512, 8515
1.4519, 8514
1.4527, 8513
1.4534, 8512
1.4541, 8511
1.4549, 8510
1.4556, 8509
1.4564, 8508
1.4571, 8507
1.4578, 8506
1.4586, 8505
1.4593, 8504
1.4601, 8503
1.4608, 8502
1.4616, 8501
1.4623, 8500
1.4631, 8499
1.4638, 8498
1.4645, 8497
1.4652, 8496
1.4660, 8495
1.4668, 8494
1.4675, 8493
1.4683, 8492
1.4691, 8491
1.4698, 8490
1.4706, 8489
1.4713, 8488
1.4720, 8487
1.4728, 8486
1.4735, 8485
1.4743, 8484
1.4750, 8483
1.4757, 8482
1.4764, 8481
1.4772, 8480
1.4779, 8479
1.4787, 8478
1.4794, 8477
1.4801, 8476
1.4809, 8475
1.4817, 8474
1.4825, 8473
1.4832, 8472
1.4840, 8471
1.4847, 8470
1.4855, 8469
1.4862, 8468
1.4870, 8467
1.4877, 8466
1.4884, 8465
1.4892, 8464
1.4899, 8463
1.4907, 8462
1.4915, 8461
1.4922, 8460
1.4930, 8459
1.4937, 8458
1.4945, 8457
1.4952, 8456
1.4960, 8455
1.4967, 8454
1.4975, 8453
1.4982, 8452
1.4990, 8451
1.4997, 8450
1.5005, 8449
1.5012, 8448
1.5020, 8447
1.5027, 8446
1.5035, 8445
1.5042, 8444
1.5049, 8443
1.5057, 8442
1.5064, 8441
1.5071, 8440
1.5079, 8439
1.5086, 8438
1.5094, 8437
1.5101, 8436
1.5109, 8435
1.5116, 8434
1.5123, 8433
1.5131, 8432
1.5138, 8431
1.5146, 8430
1.5153, 8429
1.5161, 8428
1.5168, 8427
1.5176, 8426
1.5183, 8425
1.5190, 8424
1.5198, 8423
1.5205, 8422
1.5213, 8421
1.5220, 8420
1.5228, 8419
1.5235, 8418
1.5242, 8417
1.5250, 8416
1.5257, 8415
1.5265, 8414
1.5272, 8413
1.5280, 8412
1.5287, 8411
1.5295, 8410
1.5302, 8409
1.5310, 8408
1.5317, 8407
1.5324, 8406
1.5332, 8405
1.5339, 8404
1.5347, 8403
1.5354, 8402
1.5361, 8401
1.5369, 8400
1.5376, 8399
1.5384, 8398
1.5391, 8397
1.5398, 8396
1.5406, 8395
1.5413, 8394
1.5421, 8393
1.5428, 8392
1.5436, 8391
1.5443, 8390
1.5450, 8389
1.5458, 8388
1.5465, 8387
1.5473, 8386
1.5480, 8385
1.5487, 8384
1.5495, 8383
1.5502, 8382
1.5510, 8381
1.5517, 8380
1.5524, 8379
1.5532, 8378
1.5539, 8377
1.5547, 8376
1.5554, 8375
1.5561, 8374
1.5569, 8373
1.5576, 8372
1.5584, 8371
1.5591, 8370
1.5598, 8369
1.5606, 8368
1.5613, 8367
1.5620, 8366
1.5628, 8365
1.5635, 8364
1.5643, 8363
1.5650, 8362
1.5657, 8361
1.5665, 8360
1.5672, 8359
1.5679, 8358
1.5687, 8357
1.5694, 8356
1.5702, 8355
1.5709, 8354
1.5717, 8353
1.5724, 8352
1.5731, 8351
1.5738, 8350
1.5746, 8349
1.5753, 8348
1.5761, 8347
1.5768, 8346
1.5775, 8345
1.5782, 8344
1.5790, 8343
1.5798, 8342
1.5805, 8341
1.5812, 8340
1.5819, 8339
1.5827, 8338
1.5834, 8337
1.5841, 8336
1.5848, 8335
1.5856, 8334
1.5863, 8333
1.5871, 8332
1.5878, 8331
1.5885, 8330
1.5893, 8329
1.5900, 8328
1.5907, 8327
1.5914, 8326
1.5922, 8325
1.5929, 8324
1.5936, 8323
1.5944, 8322
1.5951, 8321
1.5958, 8320
1.5965, 8319
1.5972, 8318
1.5979, 8317
1.5987, 8316
1.5994, 8315
1.6002, 8314
1.6009, 8313
1.6017, 8312
1.6024, 8311
1.6032, 8310
1.6039, 8309
1.6046, 8308
1.6054, 8307
1.6061, 8306
1.6069, 8305
1.6076, 8304
1.6083, 8303
1.6091, 8302
1.6098, 8301
1.6105, 8300
1.6112, 8299
1.6120, 8298
1.6127, 8297
1.6134, 8296
1.6142, 8295
1.6149, 8294
1.6157, 8293
1.6164, 8292
1.6171, 8291
1.6178, 8290
1.6186, 8289
1.6193, 8288
1.6200, 8287
1.6207, 8286
1.6214, 8285
1.6222, 8284
1.6229, 8283
1.6236, 8282
1.6244, 8281
1.6251, 8280
1.6258, 8279
1.6265, 8278
1.6273, 8277
1.6280, 8276
1.6287, 8275
1.6295, 8274
1.6302, 8273
1.6309, 8272
1.6316, 8271
1.6324, 8270
1.6331, 8269
1.6338, 8268
1.6345, 8267
1.6353, 8266
1.6360, 8265
1.6368, 8264
1.6375, 8263
1.6383, 8262
1.6390, 8261
1.6398, 8260
1.6405, 8259
1.6412, 8258
1.6420, 8257
1.6427, 8256
1.6435, 8255
1.6442, 8254
1.6449, 8253
1.6456, 8252
1.6463, 8251
1.6471, 8250
1.6478, 8249
1.6486, 8248
1.6493, 8247
1.6501, 8246
1.6508, 8245
1.6515, 8244
1.6522, 8243
1.6530, 8242
1.6537, 8241
1.6544, 8240
1.6552, 8239
1.6559, 8238
1.6566, 8237
1.6573, 8236
1.6580, 8235
1.6587, 8234
1.6595, 8233
1.6602, 8232
1.6609, 8231
1.6616, 8230
1.6623, 8229
1.6631, 8228
1.6638, 8227
1.6645, 8226
1.6652, 8225
1.6659, 8224
1.6666, 8223
1.6674, 8222
1.6681, 8221
1.6688, 8220
1.6695, 8219
1.6702, 8218
1.6710, 8217
1.6717, 8216
1.6724, 8215
1.6731, 8214
1.6739, 8213
1.6746, 8212
1.6753, 8211
1.6760, 8210
1.6768, 8209
1.6775, 8208
1.6782, 8207
1.6789, 8206
1.6797, 8205
1.6804, 8204
1.6811, 8203
1.6818, 8202
1.6825, 8201
1.6832, 8200
1.6840, 8199
1.6847, 8198
1.6854, 8197
1.6861, 8196
1.6868, 8195
1.6875, 8194
1.6883, 8193
1.6890, 8192
1.6898, 8191
1.6905, 8190
1.6912, 8189
1.6919, 8188
1.6926, 8187
1.6933, 8186
1.6941, 8185
1.6948, 8184
1.6955, 8183
1.6962, 8182
1.6970, 8181
1.6977, 8180
1.6984, 8179
1.6992, 8178
1.6999, 8177
1.7006, 8176
1.7014, 8175
1.7021, 8174
1.7028, 8173
1.7035, 8172
1.7042, 8171
1.7049, 8170
1.7056, 8169
1.7064, 8168
1.7071, 8167
1.7078, 8166
1.7085, 8165
1.7093, 8164
1.7100, 8163
1.7107, 8162
1.7114, 8161
1.7121, 8160
1.7128, 8159
1.7135, 8158
1.7143, 8157
1.7150, 8156
1.7157, 8155
1.7165, 8154
1.7172, 8153
1.7179, 8152
1.7187, 8151
1.7195, 8150
1.7202, 8149
1.7210, 8148
1.7217, 8147
1.7224, 8146
1.7232, 8145
1.7239, 8144
1.7247, 8143
1.7254, 8142
1.7262, 8141
1.7269, 8140
1.7277, 8139
1.7284, 8138
1.7292, 8137
1.7299, 8136
1.7307, 8135
1.7314, 8134
1.7322, 8133
1.7329, 8132
1.7337, 8131
1.7345, 8130
1.7353, 8129
1.7360, 8128
1.7368, 8127
1.7375, 8126
1.7383, 8125
1.7391, 8124
1.7398, 8123
1.7406, 8122
1.7413, 8121
1.7421, 8120
1.7429, 8119
1.7436, 8118
1.7443, 8117
1.7451, 8116
1.7458, 8115
1.7466, 8114
1.7473, 8113
1.7481, 8112
1.7489, 8111
1.7496, 8110
1.7503, 8109
1.7511, 8108
1.7518, 8107
1.7526, 8106
1.7533, 8105
1.7540, 8104
1.7547, 8103
1.7555, 8102
1.7562, 8101
1.7569, 8100
1.7576, 8099
1.7584, 8098
1.7591, 8097
1.7598, 8096
1.7606, 8095
1.7613, 8094
1.7620, 8093
1.7627, 8092
1.7635, 8091
1.7642, 8090
1.7649, 8089
1.7656, 8088
1.7663, 8087
1.7671, 8086
1.7678, 8085
1.7685, 8084
1.7692, 8083
1.7699, 8082
1.7707, 8081
1.7714, 8080
1.7721, 8079
1.7728, 8078
1.7735, 8077
1.7742, 8076
1.7750, 8075
1.7757, 8074
1.7764, 8073
1.7772, 8072
1.7779, 8071
1.7786, 8070
1.7794, 8069
1.7801, 8068
1.7808, 8067
1.7815, 8066
1.7822, 8065
1.7830, 8064
1.7837, 8063
1.7844, 8062
1.7851, 8061
1.7858, 8060
1.7866, 8059
1.7873, 8058
1.7880, 8057
1.7887, 8056
1.7895, 8055
1.7902, 8054
1.7909, 8053
1.7916, 8052
1.7923, 8051
1.7930, 8050
1.7937, 8049
1.7945, 8048
1.7952, 8047
1.7959, 8046
1.7967, 8045
1.7974, 8044
1.7981, 8043
1.7988, 8042
1.7995, 8041
1.8002, 8040
1.8010, 8039
1.8017, 8038
1.8024, 8037
1.8031, 8036
1.8039, 8035
1.8046, 8034
1.8053, 8033
1.8060, 8032
1.8067, 8031
1.8074, 8030
1.8081, 8029
1.8089, 8028
1.8096, 8027
1.8103, 8026
1.8110, 8025
1.8117, 8024
1.8125, 8023
1.8132, 8022
1.8139, 8021
1.8146, 8020
1.8153, 8019
1.8160, 8018
1.8167, 8017
1.8174, 8016
1.8181, 8015
1.8188, 8014
1.8195, 8013
1.8202, 8012
1.8209, 8011
1.8216, 8010
1.8223, 8009
1.8230, 8008
1.8237, 8007
1.8245, 8006
1.8252, 8005
1.8259, 8004
1.8266, 8003
1.8273, 8002
1.8280, 8001
1.8287, 8000
1.8294, 7999
1.8301, 7998
1.8308, 7997
1.8315, 7996
1.8322, 7995
1.8329, 7994
1.8336, 7993
1.8343, 7992
1.8350, 7991
1.8357, 7990
1.8364, 7989
1.8371, 7988
1.8378, 7987
1.8385, 7986
1.8392, 7985
1.8399, 7984
1.8406, 7983
1.8413, 7982
1.8420, 7981
1.8427, 7980
1.8434, 7979
1.8441, 7978
1.8448, 7977
1.8455, 7976
1.8462, 7975
1.8469, 7974
1.8476, 7973
1.8482, 7972
1.8489, 7971
1.8496, 7970
1.8503, 7969
1.8510, 7968
1.8517, 7967
1.8524, 7966
1.8531, 7965
1.8539, 7964
1.8545, 7963
1.8552, 7962
1.8560, 7961
1.8567, 7960
1.8573, 7959
1.8581, 7958
1.8587, 7957
1.8595, 7956
1.8601, 7955
1.8608, 7954
1.8615, 7953
1.8622, 7952
1.8630, 7951
1.8636, 7950
1.8643, 7949
1.8650, 7948
1.8657, 7947
1.8664, 7946
1.8671, 7945
1.8678, 7944
1.8685, 7943
1.8692, 7942
1.8699, 7941
1.8706, 7940
1.8714, 7939
1.8721, 7938
1.8728, 7937
1.8735, 7936
1.8742, 7935
1.8749, 7934
1.8756, 7933
1.8763, 7932
1.8770, 7931
1.8777, 7930
1.8784, 7929
1.8791, 7928
1.8798, 7927
1.8805, 7926
1.8812, 7925
1.8819, 7924
1.8826, 7923
1.8833, 7922
1.8840, 7921
1.8847, 7920
1.8853, 7919
1.8860, 7918
1.8867, 7917
1.8874, 7916
1.8881, 7915
1.8888, 7914
1.8895, 7913
1.8902, 7912
1.8908, 7911
1.8915, 7910
1.8922, 7909
1.8929, 7908
1.8936, 7907
1.8943, 7906
1.8950, 7905
1.8957, 7904
1.8963, 7903
1.8970, 7902
1.8978, 7901
1.8984, 7900
1.8992, 7899
1.8999, 7898
1.9005, 7897
1.9012, 7896
1.9019, 7895
1.9026, 7894
1.9033, 7893
1.9040, 7892
1.9046, 7891
1.9053, 7890
1.9060, 7889
1.9067, 7888
1.9074, 7887
1.9081, 7886
1.9088, 7885
1.9095, 7884
1.9102, 7883
1.9108, 7882
1.9116, 7881
1.9123, 7880
1.9130, 7879
1.9137, 7878
1.9144, 7877
1.9150, 7876
1.9157, 7875
1.9164, 7874
1.9171, 7873
1.9178, 7872
1.9188, 7871
1.9198, 7870
1.9209, 7869
1.9220, 7868
1.9230, 7867
1.9243, 7866
1.9255, 7865
1.9267, 7864
1.9278, 7863
1.9288, 7862
1.9297, 7861
1.9307, 7860
1.9317, 7859
1.9327, 7858
1.9335, 7857
1.9345, 7856
1.9355, 7855
1.9368, 7854
1.9379, 7853
1.9392, 7852
1.9402, 7851
1.9411, 7850
1.9421, 7849
1.9434, 7848
1.9445, 7847
1.9454, 7846
1.9464, 7845
1.9475, 7844
1.9485, 7843
1.9495, 7842
1.9506, 7841
1.9515, 7840
1.9525, 7839
1.9537, 7838
1.9547, 7837
1.9557, 7836
1.9568, 7835
1.9576, 7834
1.9585, 7833
1.9598, 7832
1.9607, 7831
1.9618, 7830
1.9627, 7829
1.9636, 7828
1.9647, 7827
1.9657, 7826
1.9667, 7825
1.9676, 7824
1.9687, 7823
1.9696, 7822
1.9707, 7821
1.9717, 7820
1.9728, 7819
1.9738, 7818
1.9748, 7817
1.9758, 7816
1.9768, 7815
1.9779, 7814
1.9789, 7813
1.9799, 7812
1.9809, 7811
1.9819, 7810
1.9829, 7809
1.9838, 7808
1.9849, 7807
1.9859, 7806
1.9868, 7805
1.9878, 7804
1.9888, 7803
1.9898, 7802
1.9909, 7801
1.9919, 7800
1.9930, 7799
1.9941, 7798
1.9951, 7797
1.9962, 7796
1.9972, 7795
1.9983, 7794
1.9993, 7793
2.0004, 7792
2.0014, 7791
2.0025, 7790
2.0035, 7789
2.0045, 7788
2.0055, 7787
2.0066, 7786
2.0075, 7785
2.0085, 7784
2.0095, 7783
2.0104, 7782
2.0115, 7781
2.0126, 7780
2.0136, 7779
2.0147, 7778
2.0158, 7777
2.0168, 7776
2.0178, 7775
2.0189, 7774
2.0199, 7773
2.0209, 7772
2.0219, 7771
2.0230, 7770
2.0240, 7769
2.0250, 7768
2.0261, 7767
2.0272, 7766
2.0283, 7765
2.0294, 7764
2.0304, 7763
2.0315, 7762
2.0326, 7761
2.0336, 7760
2.0347, 7759
2.0358, 7758
2.0369, 7757
2.0379, 7756
2.0390, 7755
2.0400, 7754
2.0410, 7753
2.0421, 7752
2.0431, 7751
2.0443, 7750
2.0453, 7749
2.0463, 7748
2.0475, 7747
2.0485, 7746
2.0497, 7745
2.0507, 7744
2.0516, 7743
2.0525, 7742
2.0536, 7741
2.0547, 7740
2.0557, 7739
2.0567, 7738
2.0577, 7737
2.0586, 7736
2.0597, 7735
2.0608, 7734
2.0618, 7733
2.0627, 7732
2.0637, 7731
2.0648, 7730
2.0659, 7729
2.0669, 7728
2.0679, 7727
2.0689, 7726
2.0700, 7725
2.0711, 7724
2.0722, 7723
2.0731, 7722
2.0742, 7721
2.0753, 7720
2.0765, 7719
2.0776, 7718
2.0786, 7717
2.0797, 7716
2.0808, 7715
2.0819, 7714
2.0830, 7713
2.0841, 7712
2.0851, 7711
2.0861, 7710
2.0871, 7709
2.0880, 7708
2.0889, 7707
2.0899, 7706
2.0909, 7705
2.0920, 7704
2.0929, 7703
2.0938, 7702
2.0947, 7701
2.0956, 7700
2.0966, 7699
2.0975, 7698
2.0984, 7697
2.0994, 7696
2.1003, 7695
2.1012, 7694
2.1022, 7693
2.1031, 7692
2.1041, 7691
2.1050, 7690
2.1060, 7689
2.1068, 7688
2.1078, 7687
2.1088, 7686
2.1097, 7685
2.1106, 7684
2.1114, 7683
2.1123, 7682
2.1134, 7681
2.1143, 7680
2.1153, 7679
2.1163, 7678
2.1173, 7677
2.1181, 7676
2.1189, 7675
2.1198, 7674
2.1207, 7673
2.1217, 7672
2.1227, 7671
2.1236, 7670
2.1246, 7669
2.1255, 7668
2.1265, 7667
2.1274, 7666
2.1284, 7665
2.1294, 7664
2.1304, 7663
2.1314, 7662
2.1322, 7661
2.1332, 7660
2.1344, 7659
2.1355, 7658
2.1367, 7657
2.1377, 7656
2.1388, 7655
2.1400, 7654
2.1411, 7653
2.1421, 7652
2.1432, 7651
2.1444, 7650
2.1456, 7649
2.1465, 7648
2.1474, 7647
2.1484, 7646
2.1495, 7645
2.1506, 7644
2.1517, 7643
2.1528, 7642
2.1540, 7641
2.1550, 7640
2.1561, 7639
2.1571, 7638
2.1584, 7637
2.1596, 7636
2.1608, 7635
2.1620, 7634
2.1632, 7633
2.1644, 7632
2.1656, 7631
2.1667, 7630
2.1679, 7629
2.1691, 7628
2.1703, 7627
2.1715, 7626
2.1727, 7625
2.1740, 7624
2.1751, 7623
2.1764, 7622
2.1777, 7621
2.1788, 7620
2.1801, 7619
2.1813, 7618
2.1825, 7617
2.1837, 7616
2.1848, 7615
2.1860, 7614
2.1871, 7613
2.1882, 7612
2.1892, 7611
2.1901, 7610
2.1913, 7609
2.1925, 7608
2.1937, 7607
2.1948, 7606
2.1960, 7605
2.1973, 7604
2.1985, 7603
2.1997, 7602
2.2007, 7601
2.2019, 7600
2.2031, 7599
2.2043, 7598
2.2053, 7597
2.2065, 7596
2.2077, 7595
2.2088, 7594
2.2100, 7593
2.2111, 7592
2.2123, 7591
2.2135, 7590
2.2147, 7589
2.2159, 7588
2.2171, 7587
2.2183, 7586
2.2195, 7585
2.2208, 7584
2.2220, 7583
2.2233, 7582
2.2245, 7581
2.2257, 7580
2.2268, 7579
2.2280, 7578
2.2292, 7577
2.2303, 7576
2.2315, 7575
2.2327, 7574
2.2339, 7573
2.2349, 7572
2.2362, 7571
2.2375, 7570
2.2387, 7569
2.2397, 7568
2.2410, 7567
2.2421, 7566
2.2432, 7565
2.2441, 7564
2.2453, 7563
2.2465, 7562
2.2478, 7561
2.2488, 7560
2.2500, 7559
2.2510, 7558
2.2521, 7557
2.2531, 7556
2.2544, 7555
2.2555, 7554
2.2566, 7553
2.2578, 7552
2.2589, 7551
2.2600, 7550
2.2613, 7549
2.2625, 7548
2.2635, 7547
2.2648, 7546
2.2659, 7545
2.2669, 7544
2.2682, 7543
2.2692, 7542
2.2705, 7541
2.2715, 7540
2.2726, 7539
2.2738, 7538
2.2749, 7537
2.2761, 7536
2.2773, 7535
2.2785, 7534
2.2797, 7533
2.2810, 7532
2.2823, 7531
2.2836, 7530
2.2848, 7529
2.2860, 7528
2.2873, 7527
2.2885, 7526
2.2897, 7525
2.2907, 7524
2.2917, 7523
2.2927, 7522
2.2937, 7521
2.2948, 7520
2.2959, 7519
2.2967, 7518
2.2976, 7517
2.2984, 7516
2.2994, 7515
2.3004, 7514
2.3013, 7513
2.3023, 7512
2.3033, 7511
2.3043, 7510
2.3051, 7509
2.3062, 7508
2.3071, 7507
2.3081, 7506
2.3089, 7505
2.3098, 7504
2.3107, 7503
2.3117, 7502
2.3127, 7501
2.3136, 7500
2.3146, 7499
2.3154, 7498
2.3164, 7497
2.3173, 7496
2.3183, 7495
2.3193, 7494
2.3202, 7493
2.3212, 7492
2.3222, 7491
2.3232, 7490
2.3241, 7489
2.3249, 7488
2.3258, 7487
2.3268, 7486
2.3278, 7485
2.3288, 7484
2.3298, 7483
2.3307, 7482
2.3317, 7481
2.3327, 7480
2.3336, 7479
2.3344, 7478
2.3354, 7477
2.3363, 7476
2.3372, 7475
2.3381, 7474
2.3390, 7473
2.3400, 7472
2.3409, 7471
2.3419, 7470
2.3429, 7469
2.3438, 7468
3.1694, 7467
10.5470, 7466
11.3458, 7465
11.3833, 7464
12.8151, 7463
14.6141, 7462
14.9845, 7461
14.9854, 7460
15.1964, 7459
16.8375, 7458
20.8102, 7457
20.9724, 7456
21.1589, 7455
21.2354, 7454
21.4956, 7453
21.4966, 7452
21.8662, 7451
21.8670, 7450
21.8678, 7449
21.9191, 7448
21.9951, 7447
22.0091, 7446
22.0098, 7445
22.1709, 7444
22.1716, 7443
22.9097, 7442
23.0582, 7441
23.2545, 7440
23.2557, 7439
23.6375, 7438
23.6514, 7437
23.8149, 7436
23.8411, 7435
24.0664, 7434
24.0803, 7433
24.2941, 7432
24.2948, 7431
24.3704, 7430
24.3840, 7429
24.5098, 7428
24.5375, 7427
24.5382, 7426
24.7016, 7425
24.7404, 7424
24.8419, 7423
24.9043, 7422
25.1503, 7421
25.2143, 7420
25.3683, 7419
25.4447, 7418
25.8087, 7417
25.8100, 7416
26.0750, 7415
26.0757, 7414
26.4399, 7413
26.4793, 7412
26.4803, 7411
26.5450, 7410
26.5458, 7409
26.7716, 7408
26.8230, 7407
27.1365, 7406
27.1640, 7405
27.1649, 7404
27.1656, 7403
27.1796, 7402
27.1803, 7401
27.2550, 7400
27.2809, 7399
27.4170, 7398
27.4179, 7397
27.7041, 7396
27.7053, 7395
27.7807, 7394
27.8560, 7393
28.2037, 7392
28.2049, 7391
28.2931, 7390
28.2939, 7389
28.4325, 7388
28.4590, 7387
28.6732, 7386
28.7489, 7385
28.7625, 7384
28.9626, 7383
28.9899, 7382
29.0039, 7381
29.0046, 7380
29.0808, 7379
29.1068, 7378
29.3569, 7377
29.3834, 7376
29.7590, 7375
29.7597, 7374
29.9106, 7373
29.9373, 7372
29.9381, 7371
29.9642, 7370
